<?xml version="1.0" encoding="UTF-8"?>
<testsuite xmlns:xsi="http://www.w3.org/2001/XMLSchema-instance" xsi:noNamespaceSchemaLocation="https://maven.apache.org/surefire/maven-surefire-plugin/xsd/surefire-test-report.xsd" name="org.apache.hadoop.ozone.client.rpc.TestBlockOutputStreamWithFailures" time="778.058" tests="8" errors="0" skipped="0" failures="1">
  <properties>
    <property name="awt.toolkit" value="sun.awt.X11.XToolkit"/>
    <property name="file.encoding.pkg" value="sun.io"/>
    <property name="java.specification.version" value="1.8"/>
    <property name="sun.cpu.isalist" value=""/>
    <property name="sun.jnu.encoding" value="UTF-8"/>
    <property name="java.class.path" value="/workdir/hadoop-ozone/integration-test/target/test-classes:/workdir/hadoop-ozone/integration-test/target/classes:/home/user/.m2/repository/org/apache/hadoop/hadoop-ozone-common/0.5.0-SNAPSHOT/hadoop-ozone-common-0.5.0-SNAPSHOT.jar:/home/user/.m2/repository/org/apache/commons/commons-compress/1.4.1/commons-compress-1.4.1.jar:/home/user/.m2/repository/org/tukaani/xz/1.0/xz-1.0.jar:/home/user/.m2/repository/org/apache/hadoop/hadoop-common/3.2.0/hadoop-common-3.2.0.jar:/home/user/.m2/repository/org/apache/hadoop/hadoop-hdfs/3.2.0/hadoop-hdfs-3.2.0.jar:/home/user/.m2/repository/org/apache/hadoop/hadoop-hdfs-client/3.2.0/hadoop-hdfs-client-3.2.0.jar:/home/user/.m2/repository/com/fasterxml/jackson/core/jackson-annotations/2.9.5/jackson-annotations-2.9.5.jar:/home/user/.m2/repository/org/apache/hadoop/hadoop-hdds-common/0.5.0-SNAPSHOT/hadoop-hdds-common-0.5.0-SNAPSHOT.jar:/home/user/.m2/repository/javax/annotation/javax.annotation-api/1.2/javax.annotation-api-1.2.jar:/home/user/.m2/repository/org/apache/ratis/ratis-server/0.4.0-2337318-SNAPSHOT/ratis-server-0.4.0-2337318-SNAPSHOT.jar:/home/user/.m2/repository/org/apache/ratis/ratis-thirdparty-misc/0.2.0/ratis-thirdparty-misc-0.2.0.jar:/home/user/.m2/repository/org/apache/ratis/ratis-proto/0.4.0-2337318-SNAPSHOT/ratis-proto-0.4.0-2337318-SNAPSHOT.jar:/home/user/.m2/repository/org/apache/ratis/ratis-common/0.4.0-2337318-SNAPSHOT/ratis-common-0.4.0-2337318-SNAPSHOT.jar:/home/user/.m2/repository/org/apache/ratis/ratis-client/0.4.0-2337318-SNAPSHOT/ratis-client-0.4.0-2337318-SNAPSHOT.jar:/home/user/.m2/repository/org/apache/ratis/ratis-metrics/0.4.0-2337318-SNAPSHOT/ratis-metrics-0.4.0-2337318-SNAPSHOT.jar:/home/user/.m2/repository/org/apache/ratis/ratis-netty/0.4.0-2337318-SNAPSHOT/ratis-netty-0.4.0-2337318-SNAPSHOT.jar:/home/user/.m2/repository/org/apache/ratis/ratis-grpc/0.4.0-2337318-SNAPSHOT/ratis-grpc-0.4.0-2337318-SNAPSHOT.jar:/home/user/.m2/repository/org/rocksdb/rocksdbjni/6.0.1/rocksdbjni-6.0.1.jar:/home/user/.m2/repository/org/apache/logging/log4j/log4j-api/2.11.0/log4j-api-2.11.0.jar:/home/user/.m2/repository/org/apache/logging/log4j/log4j-core/2.11.0/log4j-core-2.11.0.jar:/home/user/.m2/repository/com/lmax/disruptor/3.4.2/disruptor-3.4.2.jar:/home/user/.m2/repository/org/apache/commons/commons-pool2/2.6.0/commons-pool2-2.6.0.jar:/home/user/.m2/repository/org/bouncycastle/bcpkix-jdk15on/1.60/bcpkix-jdk15on-1.60.jar:/home/user/.m2/repository/commons-validator/commons-validator/1.6/commons-validator-1.6.jar:/home/user/.m2/repository/commons-digester/commons-digester/1.8.1/commons-digester-1.8.1.jar:/home/user/.m2/repository/io/jaegertracing/jaeger-client/0.33.1/jaeger-client-0.33.1.jar:/home/user/.m2/repository/io/jaegertracing/jaeger-thrift/0.33.1/jaeger-thrift-0.33.1.jar:/home/user/.m2/repository/org/apache/thrift/libthrift/0.11.0/libthrift-0.11.0.jar:/home/user/.m2/repository/com/squareup/okhttp3/okhttp/3.9.0/okhttp-3.9.0.jar:/home/user/.m2/repository/com/squareup/okio/okio/1.13.0/okio-1.13.0.jar:/home/user/.m2/repository/io/jaegertracing/jaeger-core/0.33.1/jaeger-core-0.33.1.jar:/home/user/.m2/repository/io/jaegertracing/jaeger-tracerresolver/0.33.1/jaeger-tracerresolver-0.33.1.jar:/home/user/.m2/repository/io/opentracing/contrib/opentracing-tracerresolver/0.1.5/opentracing-tracerresolver-0.1.5.jar:/home/user/.m2/repository/io/opentracing/opentracing-util/0.31.0/opentracing-util-0.31.0.jar:/home/user/.m2/repository/io/opentracing/opentracing-api/0.31.0/opentracing-api-0.31.0.jar:/home/user/.m2/repository/io/opentracing/opentracing-noop/0.31.0/opentracing-noop-0.31.0.jar:/home/user/.m2/repository/org/apache/hadoop/hadoop-hdds-server-framework/0.5.0-SNAPSHOT/hadoop-hdds-server-framework-0.5.0-SNAPSHOT.jar:/home/user/.m2/repository/org/apache/hadoop/hadoop-hdds-container-service/0.5.0-SNAPSHOT/hadoop-hdds-container-service-0.5.0-SNAPSHOT.jar:/home/user/.m2/repository/org/apache/hadoop/hadoop-hdds-client/0.5.0-SNAPSHOT/hadoop-hdds-client-0.5.0-SNAPSHOT.jar:/home/user/.m2/repository/org/apache/hadoop/hadoop-hdds-tools/0.5.0-SNAPSHOT/hadoop-hdds-tools-0.5.0-SNAPSHOT.jar:/home/user/.m2/repository/org/apache/hadoop/hadoop-hdds-server-scm/0.5.0-SNAPSHOT/hadoop-hdds-server-scm-0.5.0-SNAPSHOT.jar:/home/user/.m2/repository/org/apache/hadoop/hadoop-hdds-docs/0.5.0-SNAPSHOT/hadoop-hdds-docs-0.5.0-SNAPSHOT.jar:/home/user/.m2/repository/io/dropwizard/metrics/metrics-core/3.2.4/metrics-core-3.2.4.jar:/home/user/.m2/repository/org/hamcrest/hamcrest-all/1.3/hamcrest-all-1.3.jar:/home/user/.m2/repository/org/bouncycastle/bcprov-jdk15on/1.60/bcprov-jdk15on-1.60.jar:/home/user/.m2/repository/info/picocli/picocli/3.9.6/picocli-3.9.6.jar:/home/user/.m2/repository/com/google/protobuf/protobuf-java/2.5.0/protobuf-java-2.5.0.jar:/home/user/.m2/repository/com/google/guava/guava/11.0.2/guava-11.0.2.jar:/home/user/.m2/repository/org/apache/hadoop/hadoop-ozone-ozone-manager/0.5.0-SNAPSHOT/hadoop-ozone-ozone-manager-0.5.0-SNAPSHOT.jar:/home/user/.m2/repository/org/apache/hadoop/hadoop-minikdc/3.2.0/hadoop-minikdc-3.2.0.jar:/home/user/.m2/repository/commons-io/commons-io/2.5/commons-io-2.5.jar:/home/user/.m2/repository/org/apache/kerby/kerb-simplekdc/1.0.1/kerb-simplekdc-1.0.1.jar:/home/user/.m2/repository/org/apache/kerby/kerb-client/1.0.1/kerb-client-1.0.1.jar:/home/user/.m2/repository/org/apache/kerby/kerby-config/1.0.1/kerby-config-1.0.1.jar:/home/user/.m2/repository/org/apache/kerby/kerb-core/1.0.1/kerb-core-1.0.1.jar:/home/user/.m2/repository/org/apache/kerby/kerby-pkix/1.0.1/kerby-pkix-1.0.1.jar:/home/user/.m2/repository/org/apache/kerby/kerby-asn1/1.0.1/kerby-asn1-1.0.1.jar:/home/user/.m2/repository/org/apache/kerby/kerby-util/1.0.1/kerby-util-1.0.1.jar:/home/user/.m2/repository/org/apache/kerby/kerb-common/1.0.1/kerb-common-1.0.1.jar:/home/user/.m2/repository/org/apache/kerby/kerb-crypto/1.0.1/kerb-crypto-1.0.1.jar:/home/user/.m2/repository/org/apache/kerby/kerb-util/1.0.1/kerb-util-1.0.1.jar:/home/user/.m2/repository/org/apache/kerby/token-provider/1.0.1/token-provider-1.0.1.jar:/home/user/.m2/repository/org/apache/kerby/kerb-admin/1.0.1/kerb-admin-1.0.1.jar:/home/user/.m2/repository/org/apache/kerby/kerb-server/1.0.1/kerb-server-1.0.1.jar:/home/user/.m2/repository/org/apache/kerby/kerb-identity/1.0.1/kerb-identity-1.0.1.jar:/home/user/.m2/repository/org/apache/kerby/kerby-xdr/1.0.1/kerby-xdr-1.0.1.jar:/home/user/.m2/repository/org/slf4j/slf4j-log4j12/1.7.25/slf4j-log4j12-1.7.25.jar:/home/user/.m2/repository/org/apache/hadoop/hadoop-ozone-objectstore-service/0.5.0-SNAPSHOT/hadoop-ozone-objectstore-service-0.5.0-SNAPSHOT.jar:/home/user/.m2/repository/org/apache/hadoop/hadoop-ozone-s3gateway/0.5.0-SNAPSHOT/hadoop-ozone-s3gateway-0.5.0-SNAPSHOT.jar:/home/user/.m2/repository/org/jboss/weld/servlet/weld-servlet/2.4.7.Final/weld-servlet-2.4.7.Final.jar:/home/user/.m2/repository/org/glassfish/jersey/containers/jersey-container-servlet-core/2.27/jersey-container-servlet-core-2.27.jar:/home/user/.m2/repository/org/glassfish/hk2/external/javax.inject/2.5.0-b42/javax.inject-2.5.0-b42.jar:/home/user/.m2/repository/org/glassfish/jersey/core/jersey-common/2.27/jersey-common-2.27.jar:/home/user/.m2/repository/org/glassfish/hk2/osgi-resource-locator/1.0.1/osgi-resource-locator-1.0.1.jar:/home/user/.m2/repository/javax/ws/rs/javax.ws.rs-api/2.1/javax.ws.rs-api-2.1.jar:/home/user/.m2/repository/org/glassfish/jersey/ext/cdi/jersey-cdi1x/2.27/jersey-cdi1x-2.27.jar:/home/user/.m2/repository/org/glassfish/jersey/inject/jersey-hk2/2.27/jersey-hk2-2.27.jar:/home/user/.m2/repository/org/glassfish/hk2/hk2-locator/2.5.0-b42/hk2-locator-2.5.0-b42.jar:/home/user/.m2/repository/org/javassist/javassist/3.22.0-CR2/javassist-3.22.0-CR2.jar:/home/user/.m2/repository/org/glassfish/hk2/hk2-api/2.5.0/hk2-api-2.5.0.jar:/home/user/.m2/repository/org/glassfish/hk2/external/jakarta.inject/2.5.0/jakarta.inject-2.5.0.jar:/home/user/.m2/repository/org/glassfish/hk2/hk2-utils/2.5.0/hk2-utils-2.5.0.jar:/home/user/.m2/repository/jakarta/annotation/jakarta.annotation-api/1.3.4/jakarta.annotation-api-1.3.4.jar:/home/user/.m2/repository/org/glassfish/hk2/external/aopalliance-repackaged/2.5.0/aopalliance-repackaged-2.5.0.jar:/home/user/.m2/repository/com/fasterxml/jackson/dataformat/jackson-dataformat-xml/2.9.0/jackson-dataformat-xml-2.9.0.jar:/home/user/.m2/repository/com/fasterxml/jackson/core/jackson-core/2.9.5/jackson-core-2.9.5.jar:/home/user/.m2/repository/com/fasterxml/jackson/module/jackson-module-jaxb-annotations/2.9.5/jackson-module-jaxb-annotations-2.9.5.jar:/home/user/.m2/repository/javax/enterprise/cdi-api/1.2/cdi-api-1.2.jar:/home/user/.m2/repository/javax/el/javax.el-api/3.0.0/javax.el-api-3.0.0.jar:/home/user/.m2/repository/javax/interceptor/javax.interceptor-api/1.2/javax.interceptor-api-1.2.jar:/home/user/.m2/repository/javax/inject/javax.inject/1/javax.inject-1.jar:/home/user/.m2/repository/com/sun/xml/bind/jaxb-impl/2.3.0.1/jaxb-impl-2.3.0.1.jar:/home/user/.m2/repository/com/sun/xml/bind/jaxb-core/2.3.0.1/jaxb-core-2.3.0.1.jar:/home/user/.m2/repository/javax/xml/bind/jaxb-api/2.3.0/jaxb-api-2.3.0.jar:/home/user/.m2/repository/javax/activation/activation/1.1.1/activation-1.1.1.jar:/home/user/.m2/repository/org/apache/hadoop/hadoop-ozone-csi/0.5.0-SNAPSHOT/hadoop-ozone-csi-0.5.0-SNAPSHOT.jar:/home/user/.m2/repository/com/google/protobuf/protobuf-java-util/3.5.1/protobuf-java-util-3.5.1.jar:/home/user/.m2/repository/org/apache/hadoop/hadoop-hdds-config/0.5.0-SNAPSHOT/hadoop-hdds-config-0.5.0-SNAPSHOT.jar:/home/user/.m2/repository/io/grpc/grpc-netty/1.17.1/grpc-netty-1.17.1.jar:/home/user/.m2/repository/io/grpc/grpc-core/1.17.1/grpc-core-1.17.1.jar:/home/user/.m2/repository/io/grpc/grpc-context/1.17.1/grpc-context-1.17.1.jar:/home/user/.m2/repository/com/google/errorprone/error_prone_annotations/2.2.0/error_prone_annotations-2.2.0.jar:/home/user/.m2/repository/org/codehaus/mojo/animal-sniffer-annotations/1.17/animal-sniffer-annotations-1.17.jar:/home/user/.m2/repository/io/opencensus/opencensus-api/0.17.0/opencensus-api-0.17.0.jar:/home/user/.m2/repository/io/opencensus/opencensus-contrib-grpc-metrics/0.17.0/opencensus-contrib-grpc-metrics-0.17.0.jar:/home/user/.m2/repository/io/netty/netty-codec-http2/4.1.30.Final/netty-codec-http2-4.1.30.Final.jar:/home/user/.m2/repository/io/netty/netty-codec-http/4.1.30.Final/netty-codec-http-4.1.30.Final.jar:/home/user/.m2/repository/io/netty/netty-codec/4.1.30.Final/netty-codec-4.1.30.Final.jar:/home/user/.m2/repository/io/netty/netty-handler/4.1.30.Final/netty-handler-4.1.30.Final.jar:/home/user/.m2/repository/io/netty/netty-handler-proxy/4.1.30.Final/netty-handler-proxy-4.1.30.Final.jar:/home/user/.m2/repository/io/netty/netty-codec-socks/4.1.30.Final/netty-codec-socks-4.1.30.Final.jar:/home/user/.m2/repository/io/netty/netty-transport-native-epoll/4.1.30.Final/netty-transport-native-epoll-4.1.30.Final.jar:/home/user/.m2/repository/io/netty/netty-common/4.1.30.Final/netty-common-4.1.30.Final.jar:/home/user/.m2/repository/io/netty/netty-buffer/4.1.30.Final/netty-buffer-4.1.30.Final.jar:/home/user/.m2/repository/io/netty/netty-transport/4.1.30.Final/netty-transport-4.1.30.Final.jar:/home/user/.m2/repository/io/netty/netty-resolver/4.1.30.Final/netty-resolver-4.1.30.Final.jar:/home/user/.m2/repository/io/netty/netty-transport-native-unix-common/4.1.30.Final/netty-transport-native-unix-common-4.1.30.Final.jar:/home/user/.m2/repository/io/grpc/grpc-protobuf/1.17.1/grpc-protobuf-1.17.1.jar:/home/user/.m2/repository/com/google/api/grpc/proto-google-common-protos/1.0.0/proto-google-common-protos-1.0.0.jar:/home/user/.m2/repository/io/grpc/grpc-protobuf-lite/1.17.1/grpc-protobuf-lite-1.17.1.jar:/home/user/.m2/repository/io/grpc/grpc-stub/1.17.1/grpc-stub-1.17.1.jar:/home/user/.m2/repository/org/apache/hadoop/hadoop-ozone-recon/0.5.0-SNAPSHOT/hadoop-ozone-recon-0.5.0-SNAPSHOT.jar:/home/user/.m2/repository/org/apache/hadoop/hadoop-ozone-reconcodegen/0.5.0-SNAPSHOT/hadoop-ozone-reconcodegen-0.5.0-SNAPSHOT.jar:/home/user/.m2/repository/com/google/inject/extensions/guice-multibindings/4.0/guice-multibindings-4.0.jar:/home/user/.m2/repository/com/google/inject/guice/4.0/guice-4.0.jar:/home/user/.m2/repository/aopalliance/aopalliance/1.0/aopalliance-1.0.jar:/home/user/.m2/repository/com/google/inject/extensions/guice-servlet/4.0/guice-servlet-4.0.jar:/home/user/.m2/repository/org/glassfish/jersey/containers/jersey-container-servlet/2.27/jersey-container-servlet-2.27.jar:/home/user/.m2/repository/org/glassfish/hk2/guice-bridge/2.5.0/guice-bridge-2.5.0.jar:/home/user/.m2/repository/org/glassfish/jersey/core/jersey-server/2.27/jersey-server-2.27.jar:/home/user/.m2/repository/org/glassfish/jersey/core/jersey-client/2.27/jersey-client-2.27.jar:/home/user/.m2/repository/org/glassfish/jersey/media/jersey-media-jaxb/2.27/jersey-media-jaxb-2.27.jar:/home/user/.m2/repository/javax/validation/validation-api/1.1.0.Final/validation-api-1.1.0.Final.jar:/home/user/.m2/repository/org/glassfish/jersey/media/jersey-media-json-jackson/2.27/jersey-media-json-jackson-2.27.jar:/home/user/.m2/repository/org/glassfish/jersey/ext/jersey-entity-filtering/2.27/jersey-entity-filtering-2.27.jar:/home/user/.m2/repository/com/google/inject/extensions/guice-assistedinject/4.0/guice-assistedinject-4.0.jar:/home/user/.m2/repository/org/jooq/jooq/3.11.10/jooq-3.11.10.jar:/home/user/.m2/repository/org/jooq/jooq-meta/3.11.10/jooq-meta-3.11.10.jar:/home/user/.m2/repository/org/jooq/jooq-codegen/3.11.10/jooq-codegen-3.11.10.jar:/home/user/.m2/repository/com/jolbox/bonecp/0.8.0.RELEASE/bonecp-0.8.0.RELEASE.jar:/home/user/.m2/repository/org/xerial/sqlite-jdbc/3.25.2/sqlite-jdbc-3.25.2.jar:/home/user/.m2/repository/org/springframework/spring-jdbc/5.1.3.RELEASE/spring-jdbc-5.1.3.RELEASE.jar:/home/user/.m2/repository/org/springframework/spring-beans/5.1.3.RELEASE/spring-beans-5.1.3.RELEASE.jar:/home/user/.m2/repository/org/springframework/spring-core/5.1.3.RELEASE/spring-core-5.1.3.RELEASE.jar:/home/user/.m2/repository/org/springframework/spring-jcl/5.1.3.RELEASE/spring-jcl-5.1.3.RELEASE.jar:/home/user/.m2/repository/org/springframework/spring-tx/5.1.3.RELEASE/spring-tx-5.1.3.RELEASE.jar:/home/user/.m2/repository/org/apache/hadoop/hadoop-ozone-client/0.5.0-SNAPSHOT/hadoop-ozone-client-0.5.0-SNAPSHOT.jar:/home/user/.m2/repository/commons-lang/commons-lang/2.6/commons-lang-2.6.jar:/home/user/.m2/repository/org/apache/hadoop/hadoop-ozone-ozone-manager/0.5.0-SNAPSHOT/hadoop-ozone-ozone-manager-0.5.0-SNAPSHOT-tests.jar:/home/user/.m2/repository/junit/junit/4.11/junit-4.11.jar:/home/user/.m2/repository/org/hamcrest/hamcrest-core/1.3/hamcrest-core-1.3.jar:/home/user/.m2/repository/org/openjdk/jmh/jmh-core/1.19/jmh-core-1.19.jar:/home/user/.m2/repository/net/sf/jopt-simple/jopt-simple/4.6/jopt-simple-4.6.jar:/home/user/.m2/repository/org/apache/commons/commons-math3/3.1.1/commons-math3-3.1.1.jar:/home/user/.m2/repository/org/openjdk/jmh/jmh-generator-annprocess/1.19/jmh-generator-annprocess-1.19.jar:/home/user/.m2/repository/org/mockito/mockito-all/1.8.5/mockito-all-1.8.5.jar:/home/user/.m2/repository/org/apache/hadoop/hadoop-kms/3.2.0/hadoop-kms-3.2.0.jar:/home/user/.m2/repository/org/apache/hadoop/hadoop-auth/3.2.0/hadoop-auth-3.2.0.jar:/home/user/.m2/repository/com/nimbusds/nimbus-jose-jwt/4.41.1/nimbus-jose-jwt-4.41.1.jar:/home/user/.m2/repository/com/github/stephenc/jcip/jcip-annotations/1.0-1/jcip-annotations-1.0-1.jar:/home/user/.m2/repository/net/minidev/json-smart/2.3/json-smart-2.3.jar:/home/user/.m2/repository/net/minidev/accessors-smart/1.2/accessors-smart-1.2.jar:/home/user/.m2/repository/org/ow2/asm/asm/5.0.4/asm-5.0.4.jar:/home/user/.m2/repository/org/apache/curator/curator-framework/2.12.0/curator-framework-2.12.0.jar:/home/user/.m2/repository/com/sun/jersey/jersey-core/1.19/jersey-core-1.19.jar:/home/user/.m2/repository/javax/ws/rs/jsr311-api/1.1.1/jsr311-api-1.1.1.jar:/home/user/.m2/repository/com/sun/jersey/jersey-server/1.19/jersey-server-1.19.jar:/home/user/.m2/repository/javax/servlet/javax.servlet-api/3.1.0/javax.servlet-api-3.1.0.jar:/home/user/.m2/repository/org/eclipse/jetty/jetty-server/9.3.24.v20180605/jetty-server-9.3.24.v20180605.jar:/home/user/.m2/repository/org/eclipse/jetty/jetty-http/9.3.24.v20180605/jetty-http-9.3.24.v20180605.jar:/home/user/.m2/repository/org/eclipse/jetty/jetty-io/9.3.24.v20180605/jetty-io-9.3.24.v20180605.jar:/home/user/.m2/repository/org/eclipse/jetty/jetty-webapp/9.3.24.v20180605/jetty-webapp-9.3.24.v20180605.jar:/home/user/.m2/repository/org/eclipse/jetty/jetty-xml/9.3.24.v20180605/jetty-xml-9.3.24.v20180605.jar:/home/user/.m2/repository/log4j/log4j/1.2.17/log4j-1.2.17.jar:/home/user/.m2/repository/org/slf4j/slf4j-api/1.7.25/slf4j-api-1.7.25.jar:/home/user/.m2/repository/org/slf4j/jul-to-slf4j/1.7.25/jul-to-slf4j-1.7.25.jar:/home/user/.m2/repository/org/eclipse/jetty/jetty-util/9.3.24.v20180605/jetty-util-9.3.24.v20180605.jar:/home/user/.m2/repository/com/fasterxml/jackson/core/jackson-databind/2.9.5/jackson-databind-2.9.5.jar:/home/user/.m2/repository/org/apache/hadoop/hadoop-kms/3.2.0/hadoop-kms-3.2.0-tests.jar:/home/user/.m2/repository/org/apache/hadoop/hadoop-hdds-server-scm/0.5.0-SNAPSHOT/hadoop-hdds-server-scm-0.5.0-SNAPSHOT-tests.jar:/home/user/.m2/repository/org/apache/hadoop/hadoop-hdds-container-service/0.5.0-SNAPSHOT/hadoop-hdds-container-service-0.5.0-SNAPSHOT-tests.jar:/home/user/.m2/repository/org/yaml/snakeyaml/1.16/snakeyaml-1.16.jar:/home/user/.m2/repository/org/apache/hadoop/hadoop-common/3.2.0/hadoop-common-3.2.0-tests.jar:/home/user/.m2/repository/org/apache/hadoop/hadoop-annotations/3.2.0/hadoop-annotations-3.2.0.jar:/usr/lib/jvm/java-1.8-openjdk/jre/../lib/tools.jar:/home/user/.m2/repository/commons-cli/commons-cli/1.2/commons-cli-1.2.jar:/home/user/.m2/repository/org/apache/httpcomponents/httpclient/4.5.2/httpclient-4.5.2.jar:/home/user/.m2/repository/org/apache/httpcomponents/httpcore/4.4.4/httpcore-4.4.4.jar:/home/user/.m2/repository/commons-codec/commons-codec/1.11/commons-codec-1.11.jar:/home/user/.m2/repository/commons-net/commons-net/3.6/commons-net-3.6.jar:/home/user/.m2/repository/commons-collections/commons-collections/3.2.2/commons-collections-3.2.2.jar:/home/user/.m2/repository/org/eclipse/jetty/jetty-servlet/9.3.24.v20180605/jetty-servlet-9.3.24.v20180605.jar:/home/user/.m2/repository/org/eclipse/jetty/jetty-security/9.3.24.v20180605/jetty-security-9.3.24.v20180605.jar:/home/user/.m2/repository/javax/servlet/jsp/jsp-api/2.1/jsp-api-2.1.jar:/home/user/.m2/repository/com/sun/jersey/jersey-servlet/1.19/jersey-servlet-1.19.jar:/home/user/.m2/repository/com/sun/jersey/jersey-json/1.19/jersey-json-1.19.jar:/home/user/.m2/repository/org/codehaus/jettison/jettison/1.1/jettison-1.1.jar:/home/user/.m2/repository/org/codehaus/jackson/jackson-core-asl/1.9.13/jackson-core-asl-1.9.13.jar:/home/user/.m2/repository/org/codehaus/jackson/jackson-mapper-asl/1.9.13/jackson-mapper-asl-1.9.13.jar:/home/user/.m2/repository/org/codehaus/jackson/jackson-jaxrs/1.9.13/jackson-jaxrs-1.9.13.jar:/home/user/.m2/repository/org/codehaus/jackson/jackson-xc/1.9.13/jackson-xc-1.9.13.jar:/home/user/.m2/repository/commons-logging/commons-logging/1.1.3/commons-logging-1.1.3.jar:/home/user/.m2/repository/commons-beanutils/commons-beanutils/1.9.3/commons-beanutils-1.9.3.jar:/home/user/.m2/repository/org/apache/commons/commons-configuration2/2.1.1/commons-configuration2-2.1.1.jar:/home/user/.m2/repository/org/apache/commons/commons-lang3/3.7/commons-lang3-3.7.jar:/home/user/.m2/repository/org/apache/commons/commons-text/1.4/commons-text-1.4.jar:/home/user/.m2/repository/org/apache/avro/avro/1.7.7/avro-1.7.7.jar:/home/user/.m2/repository/com/thoughtworks/paranamer/paranamer/2.3/paranamer-2.3.jar:/home/user/.m2/repository/org/xerial/snappy/snappy-java/1.0.5/snappy-java-1.0.5.jar:/home/user/.m2/repository/com/google/re2j/re2j/1.1/re2j-1.1.jar:/home/user/.m2/repository/com/google/code/gson/gson/2.2.4/gson-2.2.4.jar:/home/user/.m2/repository/com/jcraft/jsch/0.1.54/jsch-0.1.54.jar:/home/user/.m2/repository/org/apache/curator/curator-client/2.12.0/curator-client-2.12.0.jar:/home/user/.m2/repository/org/apache/curator/curator-recipes/2.12.0/curator-recipes-2.12.0.jar:/home/user/.m2/repository/com/google/code/findbugs/jsr305/3.0.0/jsr305-3.0.0.jar:/home/user/.m2/repository/org/apache/htrace/htrace-core4/4.1.0-incubating/htrace-core4-4.1.0-incubating.jar:/home/user/.m2/repository/org/apache/zookeeper/zookeeper/3.4.13/zookeeper-3.4.13.jar:/home/user/.m2/repository/org/apache/yetus/audience-annotations/0.5.0/audience-annotations-0.5.0.jar:/home/user/.m2/repository/org/codehaus/woodstox/stax2-api/3.1.4/stax2-api-3.1.4.jar:/home/user/.m2/repository/com/fasterxml/woodstox/woodstox-core/5.0.3/woodstox-core-5.0.3.jar:/home/user/.m2/repository/dnsjava/dnsjava/2.1.7/dnsjava-2.1.7.jar:/home/user/.m2/repository/org/apache/hadoop/hadoop-hdfs/3.2.0/hadoop-hdfs-3.2.0-tests.jar:/home/user/.m2/repository/org/eclipse/jetty/jetty-util-ajax/9.3.24.v20180605/jetty-util-ajax-9.3.24.v20180605.jar:/home/user/.m2/repository/commons-daemon/commons-daemon/1.0.13/commons-daemon-1.0.13.jar:/home/user/.m2/repository/io/netty/netty/3.10.5.Final/netty-3.10.5.Final.jar:/home/user/.m2/repository/io/netty/netty-all/4.0.52.Final/netty-all-4.0.52.Final.jar:/home/user/.m2/repository/org/fusesource/leveldbjni/leveldbjni-all/1.8/leveldbjni-all-1.8.jar:"/>
    <property name="java.vm.vendor" value="IcedTea"/>
    <property name="sun.arch.data.model" value="64"/>
    <property name="test.build.dir" value="/workdir/hadoop-ozone/integration-test/target/test-dir"/>
    <property name="test.cache.data" value=""/>
    <property name="java.vendor.url" value="https://icedtea.classpath.org"/>
    <property name="user.timezone" value=""/>
    <property name="java.vm.specification.version" value="1.8"/>
    <property name="os.name" value="Linux"/>
    <property name="test.build.data" value="/workdir/hadoop-ozone/integration-test/target/test-dir"/>
    <property name="user.country" value="US"/>
    <property name="sun.java.launcher" value="SUN_STANDARD"/>
    <property name="sun.boot.library.path" value="/usr/lib/jvm/java-1.8-openjdk/jre/lib/amd64"/>
    <property name="sun.java.command" value="/workdir/hadoop-ozone/integration-test/target/surefire/surefirebooter1518179024940408386.jar /workdir/hadoop-ozone/integration-test/target/surefire 2019-08-27T22-11-44_172-jvmRun1 surefire5318270313242897843tmp surefire_168909704951921339367tmp"/>
    <property name="test" value="!TestMiniChaosOzoneCluster"/>
    <property name="surefire.test.class.path" value="/workdir/hadoop-ozone/integration-test/target/test-classes:/workdir/hadoop-ozone/integration-test/target/classes:/home/user/.m2/repository/org/apache/hadoop/hadoop-ozone-common/0.5.0-SNAPSHOT/hadoop-ozone-common-0.5.0-SNAPSHOT.jar:/home/user/.m2/repository/org/apache/commons/commons-compress/1.4.1/commons-compress-1.4.1.jar:/home/user/.m2/repository/org/tukaani/xz/1.0/xz-1.0.jar:/home/user/.m2/repository/org/apache/hadoop/hadoop-common/3.2.0/hadoop-common-3.2.0.jar:/home/user/.m2/repository/org/apache/hadoop/hadoop-hdfs/3.2.0/hadoop-hdfs-3.2.0.jar:/home/user/.m2/repository/org/apache/hadoop/hadoop-hdfs-client/3.2.0/hadoop-hdfs-client-3.2.0.jar:/home/user/.m2/repository/com/fasterxml/jackson/core/jackson-annotations/2.9.5/jackson-annotations-2.9.5.jar:/home/user/.m2/repository/org/apache/hadoop/hadoop-hdds-common/0.5.0-SNAPSHOT/hadoop-hdds-common-0.5.0-SNAPSHOT.jar:/home/user/.m2/repository/javax/annotation/javax.annotation-api/1.2/javax.annotation-api-1.2.jar:/home/user/.m2/repository/org/apache/ratis/ratis-server/0.4.0-2337318-SNAPSHOT/ratis-server-0.4.0-2337318-SNAPSHOT.jar:/home/user/.m2/repository/org/apache/ratis/ratis-thirdparty-misc/0.2.0/ratis-thirdparty-misc-0.2.0.jar:/home/user/.m2/repository/org/apache/ratis/ratis-proto/0.4.0-2337318-SNAPSHOT/ratis-proto-0.4.0-2337318-SNAPSHOT.jar:/home/user/.m2/repository/org/apache/ratis/ratis-common/0.4.0-2337318-SNAPSHOT/ratis-common-0.4.0-2337318-SNAPSHOT.jar:/home/user/.m2/repository/org/apache/ratis/ratis-client/0.4.0-2337318-SNAPSHOT/ratis-client-0.4.0-2337318-SNAPSHOT.jar:/home/user/.m2/repository/org/apache/ratis/ratis-metrics/0.4.0-2337318-SNAPSHOT/ratis-metrics-0.4.0-2337318-SNAPSHOT.jar:/home/user/.m2/repository/org/apache/ratis/ratis-netty/0.4.0-2337318-SNAPSHOT/ratis-netty-0.4.0-2337318-SNAPSHOT.jar:/home/user/.m2/repository/org/apache/ratis/ratis-grpc/0.4.0-2337318-SNAPSHOT/ratis-grpc-0.4.0-2337318-SNAPSHOT.jar:/home/user/.m2/repository/org/rocksdb/rocksdbjni/6.0.1/rocksdbjni-6.0.1.jar:/home/user/.m2/repository/org/apache/logging/log4j/log4j-api/2.11.0/log4j-api-2.11.0.jar:/home/user/.m2/repository/org/apache/logging/log4j/log4j-core/2.11.0/log4j-core-2.11.0.jar:/home/user/.m2/repository/com/lmax/disruptor/3.4.2/disruptor-3.4.2.jar:/home/user/.m2/repository/org/apache/commons/commons-pool2/2.6.0/commons-pool2-2.6.0.jar:/home/user/.m2/repository/org/bouncycastle/bcpkix-jdk15on/1.60/bcpkix-jdk15on-1.60.jar:/home/user/.m2/repository/commons-validator/commons-validator/1.6/commons-validator-1.6.jar:/home/user/.m2/repository/commons-digester/commons-digester/1.8.1/commons-digester-1.8.1.jar:/home/user/.m2/repository/io/jaegertracing/jaeger-client/0.33.1/jaeger-client-0.33.1.jar:/home/user/.m2/repository/io/jaegertracing/jaeger-thrift/0.33.1/jaeger-thrift-0.33.1.jar:/home/user/.m2/repository/org/apache/thrift/libthrift/0.11.0/libthrift-0.11.0.jar:/home/user/.m2/repository/com/squareup/okhttp3/okhttp/3.9.0/okhttp-3.9.0.jar:/home/user/.m2/repository/com/squareup/okio/okio/1.13.0/okio-1.13.0.jar:/home/user/.m2/repository/io/jaegertracing/jaeger-core/0.33.1/jaeger-core-0.33.1.jar:/home/user/.m2/repository/io/jaegertracing/jaeger-tracerresolver/0.33.1/jaeger-tracerresolver-0.33.1.jar:/home/user/.m2/repository/io/opentracing/contrib/opentracing-tracerresolver/0.1.5/opentracing-tracerresolver-0.1.5.jar:/home/user/.m2/repository/io/opentracing/opentracing-util/0.31.0/opentracing-util-0.31.0.jar:/home/user/.m2/repository/io/opentracing/opentracing-api/0.31.0/opentracing-api-0.31.0.jar:/home/user/.m2/repository/io/opentracing/opentracing-noop/0.31.0/opentracing-noop-0.31.0.jar:/home/user/.m2/repository/org/apache/hadoop/hadoop-hdds-server-framework/0.5.0-SNAPSHOT/hadoop-hdds-server-framework-0.5.0-SNAPSHOT.jar:/home/user/.m2/repository/org/apache/hadoop/hadoop-hdds-container-service/0.5.0-SNAPSHOT/hadoop-hdds-container-service-0.5.0-SNAPSHOT.jar:/home/user/.m2/repository/org/apache/hadoop/hadoop-hdds-client/0.5.0-SNAPSHOT/hadoop-hdds-client-0.5.0-SNAPSHOT.jar:/home/user/.m2/repository/org/apache/hadoop/hadoop-hdds-tools/0.5.0-SNAPSHOT/hadoop-hdds-tools-0.5.0-SNAPSHOT.jar:/home/user/.m2/repository/org/apache/hadoop/hadoop-hdds-server-scm/0.5.0-SNAPSHOT/hadoop-hdds-server-scm-0.5.0-SNAPSHOT.jar:/home/user/.m2/repository/org/apache/hadoop/hadoop-hdds-docs/0.5.0-SNAPSHOT/hadoop-hdds-docs-0.5.0-SNAPSHOT.jar:/home/user/.m2/repository/io/dropwizard/metrics/metrics-core/3.2.4/metrics-core-3.2.4.jar:/home/user/.m2/repository/org/hamcrest/hamcrest-all/1.3/hamcrest-all-1.3.jar:/home/user/.m2/repository/org/bouncycastle/bcprov-jdk15on/1.60/bcprov-jdk15on-1.60.jar:/home/user/.m2/repository/info/picocli/picocli/3.9.6/picocli-3.9.6.jar:/home/user/.m2/repository/com/google/protobuf/protobuf-java/2.5.0/protobuf-java-2.5.0.jar:/home/user/.m2/repository/com/google/guava/guava/11.0.2/guava-11.0.2.jar:/home/user/.m2/repository/org/apache/hadoop/hadoop-ozone-ozone-manager/0.5.0-SNAPSHOT/hadoop-ozone-ozone-manager-0.5.0-SNAPSHOT.jar:/home/user/.m2/repository/org/apache/hadoop/hadoop-minikdc/3.2.0/hadoop-minikdc-3.2.0.jar:/home/user/.m2/repository/commons-io/commons-io/2.5/commons-io-2.5.jar:/home/user/.m2/repository/org/apache/kerby/kerb-simplekdc/1.0.1/kerb-simplekdc-1.0.1.jar:/home/user/.m2/repository/org/apache/kerby/kerb-client/1.0.1/kerb-client-1.0.1.jar:/home/user/.m2/repository/org/apache/kerby/kerby-config/1.0.1/kerby-config-1.0.1.jar:/home/user/.m2/repository/org/apache/kerby/kerb-core/1.0.1/kerb-core-1.0.1.jar:/home/user/.m2/repository/org/apache/kerby/kerby-pkix/1.0.1/kerby-pkix-1.0.1.jar:/home/user/.m2/repository/org/apache/kerby/kerby-asn1/1.0.1/kerby-asn1-1.0.1.jar:/home/user/.m2/repository/org/apache/kerby/kerby-util/1.0.1/kerby-util-1.0.1.jar:/home/user/.m2/repository/org/apache/kerby/kerb-common/1.0.1/kerb-common-1.0.1.jar:/home/user/.m2/repository/org/apache/kerby/kerb-crypto/1.0.1/kerb-crypto-1.0.1.jar:/home/user/.m2/repository/org/apache/kerby/kerb-util/1.0.1/kerb-util-1.0.1.jar:/home/user/.m2/repository/org/apache/kerby/token-provider/1.0.1/token-provider-1.0.1.jar:/home/user/.m2/repository/org/apache/kerby/kerb-admin/1.0.1/kerb-admin-1.0.1.jar:/home/user/.m2/repository/org/apache/kerby/kerb-server/1.0.1/kerb-server-1.0.1.jar:/home/user/.m2/repository/org/apache/kerby/kerb-identity/1.0.1/kerb-identity-1.0.1.jar:/home/user/.m2/repository/org/apache/kerby/kerby-xdr/1.0.1/kerby-xdr-1.0.1.jar:/home/user/.m2/repository/org/slf4j/slf4j-log4j12/1.7.25/slf4j-log4j12-1.7.25.jar:/home/user/.m2/repository/org/apache/hadoop/hadoop-ozone-objectstore-service/0.5.0-SNAPSHOT/hadoop-ozone-objectstore-service-0.5.0-SNAPSHOT.jar:/home/user/.m2/repository/org/apache/hadoop/hadoop-ozone-s3gateway/0.5.0-SNAPSHOT/hadoop-ozone-s3gateway-0.5.0-SNAPSHOT.jar:/home/user/.m2/repository/org/jboss/weld/servlet/weld-servlet/2.4.7.Final/weld-servlet-2.4.7.Final.jar:/home/user/.m2/repository/org/glassfish/jersey/containers/jersey-container-servlet-core/2.27/jersey-container-servlet-core-2.27.jar:/home/user/.m2/repository/org/glassfish/hk2/external/javax.inject/2.5.0-b42/javax.inject-2.5.0-b42.jar:/home/user/.m2/repository/org/glassfish/jersey/core/jersey-common/2.27/jersey-common-2.27.jar:/home/user/.m2/repository/org/glassfish/hk2/osgi-resource-locator/1.0.1/osgi-resource-locator-1.0.1.jar:/home/user/.m2/repository/javax/ws/rs/javax.ws.rs-api/2.1/javax.ws.rs-api-2.1.jar:/home/user/.m2/repository/org/glassfish/jersey/ext/cdi/jersey-cdi1x/2.27/jersey-cdi1x-2.27.jar:/home/user/.m2/repository/org/glassfish/jersey/inject/jersey-hk2/2.27/jersey-hk2-2.27.jar:/home/user/.m2/repository/org/glassfish/hk2/hk2-locator/2.5.0-b42/hk2-locator-2.5.0-b42.jar:/home/user/.m2/repository/org/javassist/javassist/3.22.0-CR2/javassist-3.22.0-CR2.jar:/home/user/.m2/repository/org/glassfish/hk2/hk2-api/2.5.0/hk2-api-2.5.0.jar:/home/user/.m2/repository/org/glassfish/hk2/external/jakarta.inject/2.5.0/jakarta.inject-2.5.0.jar:/home/user/.m2/repository/org/glassfish/hk2/hk2-utils/2.5.0/hk2-utils-2.5.0.jar:/home/user/.m2/repository/jakarta/annotation/jakarta.annotation-api/1.3.4/jakarta.annotation-api-1.3.4.jar:/home/user/.m2/repository/org/glassfish/hk2/external/aopalliance-repackaged/2.5.0/aopalliance-repackaged-2.5.0.jar:/home/user/.m2/repository/com/fasterxml/jackson/dataformat/jackson-dataformat-xml/2.9.0/jackson-dataformat-xml-2.9.0.jar:/home/user/.m2/repository/com/fasterxml/jackson/core/jackson-core/2.9.5/jackson-core-2.9.5.jar:/home/user/.m2/repository/com/fasterxml/jackson/module/jackson-module-jaxb-annotations/2.9.5/jackson-module-jaxb-annotations-2.9.5.jar:/home/user/.m2/repository/javax/enterprise/cdi-api/1.2/cdi-api-1.2.jar:/home/user/.m2/repository/javax/el/javax.el-api/3.0.0/javax.el-api-3.0.0.jar:/home/user/.m2/repository/javax/interceptor/javax.interceptor-api/1.2/javax.interceptor-api-1.2.jar:/home/user/.m2/repository/javax/inject/javax.inject/1/javax.inject-1.jar:/home/user/.m2/repository/com/sun/xml/bind/jaxb-impl/2.3.0.1/jaxb-impl-2.3.0.1.jar:/home/user/.m2/repository/com/sun/xml/bind/jaxb-core/2.3.0.1/jaxb-core-2.3.0.1.jar:/home/user/.m2/repository/javax/xml/bind/jaxb-api/2.3.0/jaxb-api-2.3.0.jar:/home/user/.m2/repository/javax/activation/activation/1.1.1/activation-1.1.1.jar:/home/user/.m2/repository/org/apache/hadoop/hadoop-ozone-csi/0.5.0-SNAPSHOT/hadoop-ozone-csi-0.5.0-SNAPSHOT.jar:/home/user/.m2/repository/com/google/protobuf/protobuf-java-util/3.5.1/protobuf-java-util-3.5.1.jar:/home/user/.m2/repository/org/apache/hadoop/hadoop-hdds-config/0.5.0-SNAPSHOT/hadoop-hdds-config-0.5.0-SNAPSHOT.jar:/home/user/.m2/repository/io/grpc/grpc-netty/1.17.1/grpc-netty-1.17.1.jar:/home/user/.m2/repository/io/grpc/grpc-core/1.17.1/grpc-core-1.17.1.jar:/home/user/.m2/repository/io/grpc/grpc-context/1.17.1/grpc-context-1.17.1.jar:/home/user/.m2/repository/com/google/errorprone/error_prone_annotations/2.2.0/error_prone_annotations-2.2.0.jar:/home/user/.m2/repository/org/codehaus/mojo/animal-sniffer-annotations/1.17/animal-sniffer-annotations-1.17.jar:/home/user/.m2/repository/io/opencensus/opencensus-api/0.17.0/opencensus-api-0.17.0.jar:/home/user/.m2/repository/io/opencensus/opencensus-contrib-grpc-metrics/0.17.0/opencensus-contrib-grpc-metrics-0.17.0.jar:/home/user/.m2/repository/io/netty/netty-codec-http2/4.1.30.Final/netty-codec-http2-4.1.30.Final.jar:/home/user/.m2/repository/io/netty/netty-codec-http/4.1.30.Final/netty-codec-http-4.1.30.Final.jar:/home/user/.m2/repository/io/netty/netty-codec/4.1.30.Final/netty-codec-4.1.30.Final.jar:/home/user/.m2/repository/io/netty/netty-handler/4.1.30.Final/netty-handler-4.1.30.Final.jar:/home/user/.m2/repository/io/netty/netty-handler-proxy/4.1.30.Final/netty-handler-proxy-4.1.30.Final.jar:/home/user/.m2/repository/io/netty/netty-codec-socks/4.1.30.Final/netty-codec-socks-4.1.30.Final.jar:/home/user/.m2/repository/io/netty/netty-transport-native-epoll/4.1.30.Final/netty-transport-native-epoll-4.1.30.Final.jar:/home/user/.m2/repository/io/netty/netty-common/4.1.30.Final/netty-common-4.1.30.Final.jar:/home/user/.m2/repository/io/netty/netty-buffer/4.1.30.Final/netty-buffer-4.1.30.Final.jar:/home/user/.m2/repository/io/netty/netty-transport/4.1.30.Final/netty-transport-4.1.30.Final.jar:/home/user/.m2/repository/io/netty/netty-resolver/4.1.30.Final/netty-resolver-4.1.30.Final.jar:/home/user/.m2/repository/io/netty/netty-transport-native-unix-common/4.1.30.Final/netty-transport-native-unix-common-4.1.30.Final.jar:/home/user/.m2/repository/io/grpc/grpc-protobuf/1.17.1/grpc-protobuf-1.17.1.jar:/home/user/.m2/repository/com/google/api/grpc/proto-google-common-protos/1.0.0/proto-google-common-protos-1.0.0.jar:/home/user/.m2/repository/io/grpc/grpc-protobuf-lite/1.17.1/grpc-protobuf-lite-1.17.1.jar:/home/user/.m2/repository/io/grpc/grpc-stub/1.17.1/grpc-stub-1.17.1.jar:/home/user/.m2/repository/org/apache/hadoop/hadoop-ozone-recon/0.5.0-SNAPSHOT/hadoop-ozone-recon-0.5.0-SNAPSHOT.jar:/home/user/.m2/repository/org/apache/hadoop/hadoop-ozone-reconcodegen/0.5.0-SNAPSHOT/hadoop-ozone-reconcodegen-0.5.0-SNAPSHOT.jar:/home/user/.m2/repository/com/google/inject/extensions/guice-multibindings/4.0/guice-multibindings-4.0.jar:/home/user/.m2/repository/com/google/inject/guice/4.0/guice-4.0.jar:/home/user/.m2/repository/aopalliance/aopalliance/1.0/aopalliance-1.0.jar:/home/user/.m2/repository/com/google/inject/extensions/guice-servlet/4.0/guice-servlet-4.0.jar:/home/user/.m2/repository/org/glassfish/jersey/containers/jersey-container-servlet/2.27/jersey-container-servlet-2.27.jar:/home/user/.m2/repository/org/glassfish/hk2/guice-bridge/2.5.0/guice-bridge-2.5.0.jar:/home/user/.m2/repository/org/glassfish/jersey/core/jersey-server/2.27/jersey-server-2.27.jar:/home/user/.m2/repository/org/glassfish/jersey/core/jersey-client/2.27/jersey-client-2.27.jar:/home/user/.m2/repository/org/glassfish/jersey/media/jersey-media-jaxb/2.27/jersey-media-jaxb-2.27.jar:/home/user/.m2/repository/javax/validation/validation-api/1.1.0.Final/validation-api-1.1.0.Final.jar:/home/user/.m2/repository/org/glassfish/jersey/media/jersey-media-json-jackson/2.27/jersey-media-json-jackson-2.27.jar:/home/user/.m2/repository/org/glassfish/jersey/ext/jersey-entity-filtering/2.27/jersey-entity-filtering-2.27.jar:/home/user/.m2/repository/com/google/inject/extensions/guice-assistedinject/4.0/guice-assistedinject-4.0.jar:/home/user/.m2/repository/org/jooq/jooq/3.11.10/jooq-3.11.10.jar:/home/user/.m2/repository/org/jooq/jooq-meta/3.11.10/jooq-meta-3.11.10.jar:/home/user/.m2/repository/org/jooq/jooq-codegen/3.11.10/jooq-codegen-3.11.10.jar:/home/user/.m2/repository/com/jolbox/bonecp/0.8.0.RELEASE/bonecp-0.8.0.RELEASE.jar:/home/user/.m2/repository/org/xerial/sqlite-jdbc/3.25.2/sqlite-jdbc-3.25.2.jar:/home/user/.m2/repository/org/springframework/spring-jdbc/5.1.3.RELEASE/spring-jdbc-5.1.3.RELEASE.jar:/home/user/.m2/repository/org/springframework/spring-beans/5.1.3.RELEASE/spring-beans-5.1.3.RELEASE.jar:/home/user/.m2/repository/org/springframework/spring-core/5.1.3.RELEASE/spring-core-5.1.3.RELEASE.jar:/home/user/.m2/repository/org/springframework/spring-jcl/5.1.3.RELEASE/spring-jcl-5.1.3.RELEASE.jar:/home/user/.m2/repository/org/springframework/spring-tx/5.1.3.RELEASE/spring-tx-5.1.3.RELEASE.jar:/home/user/.m2/repository/org/apache/hadoop/hadoop-ozone-client/0.5.0-SNAPSHOT/hadoop-ozone-client-0.5.0-SNAPSHOT.jar:/home/user/.m2/repository/commons-lang/commons-lang/2.6/commons-lang-2.6.jar:/home/user/.m2/repository/org/apache/hadoop/hadoop-ozone-ozone-manager/0.5.0-SNAPSHOT/hadoop-ozone-ozone-manager-0.5.0-SNAPSHOT-tests.jar:/home/user/.m2/repository/junit/junit/4.11/junit-4.11.jar:/home/user/.m2/repository/org/hamcrest/hamcrest-core/1.3/hamcrest-core-1.3.jar:/home/user/.m2/repository/org/openjdk/jmh/jmh-core/1.19/jmh-core-1.19.jar:/home/user/.m2/repository/net/sf/jopt-simple/jopt-simple/4.6/jopt-simple-4.6.jar:/home/user/.m2/repository/org/apache/commons/commons-math3/3.1.1/commons-math3-3.1.1.jar:/home/user/.m2/repository/org/openjdk/jmh/jmh-generator-annprocess/1.19/jmh-generator-annprocess-1.19.jar:/home/user/.m2/repository/org/mockito/mockito-all/1.8.5/mockito-all-1.8.5.jar:/home/user/.m2/repository/org/apache/hadoop/hadoop-kms/3.2.0/hadoop-kms-3.2.0.jar:/home/user/.m2/repository/org/apache/hadoop/hadoop-auth/3.2.0/hadoop-auth-3.2.0.jar:/home/user/.m2/repository/com/nimbusds/nimbus-jose-jwt/4.41.1/nimbus-jose-jwt-4.41.1.jar:/home/user/.m2/repository/com/github/stephenc/jcip/jcip-annotations/1.0-1/jcip-annotations-1.0-1.jar:/home/user/.m2/repository/net/minidev/json-smart/2.3/json-smart-2.3.jar:/home/user/.m2/repository/net/minidev/accessors-smart/1.2/accessors-smart-1.2.jar:/home/user/.m2/repository/org/ow2/asm/asm/5.0.4/asm-5.0.4.jar:/home/user/.m2/repository/org/apache/curator/curator-framework/2.12.0/curator-framework-2.12.0.jar:/home/user/.m2/repository/com/sun/jersey/jersey-core/1.19/jersey-core-1.19.jar:/home/user/.m2/repository/javax/ws/rs/jsr311-api/1.1.1/jsr311-api-1.1.1.jar:/home/user/.m2/repository/com/sun/jersey/jersey-server/1.19/jersey-server-1.19.jar:/home/user/.m2/repository/javax/servlet/javax.servlet-api/3.1.0/javax.servlet-api-3.1.0.jar:/home/user/.m2/repository/org/eclipse/jetty/jetty-server/9.3.24.v20180605/jetty-server-9.3.24.v20180605.jar:/home/user/.m2/repository/org/eclipse/jetty/jetty-http/9.3.24.v20180605/jetty-http-9.3.24.v20180605.jar:/home/user/.m2/repository/org/eclipse/jetty/jetty-io/9.3.24.v20180605/jetty-io-9.3.24.v20180605.jar:/home/user/.m2/repository/org/eclipse/jetty/jetty-webapp/9.3.24.v20180605/jetty-webapp-9.3.24.v20180605.jar:/home/user/.m2/repository/org/eclipse/jetty/jetty-xml/9.3.24.v20180605/jetty-xml-9.3.24.v20180605.jar:/home/user/.m2/repository/log4j/log4j/1.2.17/log4j-1.2.17.jar:/home/user/.m2/repository/org/slf4j/slf4j-api/1.7.25/slf4j-api-1.7.25.jar:/home/user/.m2/repository/org/slf4j/jul-to-slf4j/1.7.25/jul-to-slf4j-1.7.25.jar:/home/user/.m2/repository/org/eclipse/jetty/jetty-util/9.3.24.v20180605/jetty-util-9.3.24.v20180605.jar:/home/user/.m2/repository/com/fasterxml/jackson/core/jackson-databind/2.9.5/jackson-databind-2.9.5.jar:/home/user/.m2/repository/org/apache/hadoop/hadoop-kms/3.2.0/hadoop-kms-3.2.0-tests.jar:/home/user/.m2/repository/org/apache/hadoop/hadoop-hdds-server-scm/0.5.0-SNAPSHOT/hadoop-hdds-server-scm-0.5.0-SNAPSHOT-tests.jar:/home/user/.m2/repository/org/apache/hadoop/hadoop-hdds-container-service/0.5.0-SNAPSHOT/hadoop-hdds-container-service-0.5.0-SNAPSHOT-tests.jar:/home/user/.m2/repository/org/yaml/snakeyaml/1.16/snakeyaml-1.16.jar:/home/user/.m2/repository/org/apache/hadoop/hadoop-common/3.2.0/hadoop-common-3.2.0-tests.jar:/home/user/.m2/repository/org/apache/hadoop/hadoop-annotations/3.2.0/hadoop-annotations-3.2.0.jar:/usr/lib/jvm/java-1.8-openjdk/jre/../lib/tools.jar:/home/user/.m2/repository/commons-cli/commons-cli/1.2/commons-cli-1.2.jar:/home/user/.m2/repository/org/apache/httpcomponents/httpclient/4.5.2/httpclient-4.5.2.jar:/home/user/.m2/repository/org/apache/httpcomponents/httpcore/4.4.4/httpcore-4.4.4.jar:/home/user/.m2/repository/commons-codec/commons-codec/1.11/commons-codec-1.11.jar:/home/user/.m2/repository/commons-net/commons-net/3.6/commons-net-3.6.jar:/home/user/.m2/repository/commons-collections/commons-collections/3.2.2/commons-collections-3.2.2.jar:/home/user/.m2/repository/org/eclipse/jetty/jetty-servlet/9.3.24.v20180605/jetty-servlet-9.3.24.v20180605.jar:/home/user/.m2/repository/org/eclipse/jetty/jetty-security/9.3.24.v20180605/jetty-security-9.3.24.v20180605.jar:/home/user/.m2/repository/javax/servlet/jsp/jsp-api/2.1/jsp-api-2.1.jar:/home/user/.m2/repository/com/sun/jersey/jersey-servlet/1.19/jersey-servlet-1.19.jar:/home/user/.m2/repository/com/sun/jersey/jersey-json/1.19/jersey-json-1.19.jar:/home/user/.m2/repository/org/codehaus/jettison/jettison/1.1/jettison-1.1.jar:/home/user/.m2/repository/org/codehaus/jackson/jackson-core-asl/1.9.13/jackson-core-asl-1.9.13.jar:/home/user/.m2/repository/org/codehaus/jackson/jackson-mapper-asl/1.9.13/jackson-mapper-asl-1.9.13.jar:/home/user/.m2/repository/org/codehaus/jackson/jackson-jaxrs/1.9.13/jackson-jaxrs-1.9.13.jar:/home/user/.m2/repository/org/codehaus/jackson/jackson-xc/1.9.13/jackson-xc-1.9.13.jar:/home/user/.m2/repository/commons-logging/commons-logging/1.1.3/commons-logging-1.1.3.jar:/home/user/.m2/repository/commons-beanutils/commons-beanutils/1.9.3/commons-beanutils-1.9.3.jar:/home/user/.m2/repository/org/apache/commons/commons-configuration2/2.1.1/commons-configuration2-2.1.1.jar:/home/user/.m2/repository/org/apache/commons/commons-lang3/3.7/commons-lang3-3.7.jar:/home/user/.m2/repository/org/apache/commons/commons-text/1.4/commons-text-1.4.jar:/home/user/.m2/repository/org/apache/avro/avro/1.7.7/avro-1.7.7.jar:/home/user/.m2/repository/com/thoughtworks/paranamer/paranamer/2.3/paranamer-2.3.jar:/home/user/.m2/repository/org/xerial/snappy/snappy-java/1.0.5/snappy-java-1.0.5.jar:/home/user/.m2/repository/com/google/re2j/re2j/1.1/re2j-1.1.jar:/home/user/.m2/repository/com/google/code/gson/gson/2.2.4/gson-2.2.4.jar:/home/user/.m2/repository/com/jcraft/jsch/0.1.54/jsch-0.1.54.jar:/home/user/.m2/repository/org/apache/curator/curator-client/2.12.0/curator-client-2.12.0.jar:/home/user/.m2/repository/org/apache/curator/curator-recipes/2.12.0/curator-recipes-2.12.0.jar:/home/user/.m2/repository/com/google/code/findbugs/jsr305/3.0.0/jsr305-3.0.0.jar:/home/user/.m2/repository/org/apache/htrace/htrace-core4/4.1.0-incubating/htrace-core4-4.1.0-incubating.jar:/home/user/.m2/repository/org/apache/zookeeper/zookeeper/3.4.13/zookeeper-3.4.13.jar:/home/user/.m2/repository/org/apache/yetus/audience-annotations/0.5.0/audience-annotations-0.5.0.jar:/home/user/.m2/repository/org/codehaus/woodstox/stax2-api/3.1.4/stax2-api-3.1.4.jar:/home/user/.m2/repository/com/fasterxml/woodstox/woodstox-core/5.0.3/woodstox-core-5.0.3.jar:/home/user/.m2/repository/dnsjava/dnsjava/2.1.7/dnsjava-2.1.7.jar:/home/user/.m2/repository/org/apache/hadoop/hadoop-hdfs/3.2.0/hadoop-hdfs-3.2.0-tests.jar:/home/user/.m2/repository/org/eclipse/jetty/jetty-util-ajax/9.3.24.v20180605/jetty-util-ajax-9.3.24.v20180605.jar:/home/user/.m2/repository/commons-daemon/commons-daemon/1.0.13/commons-daemon-1.0.13.jar:/home/user/.m2/repository/io/netty/netty/3.10.5.Final/netty-3.10.5.Final.jar:/home/user/.m2/repository/io/netty/netty-all/4.0.52.Final/netty-all-4.0.52.Final.jar:/home/user/.m2/repository/org/fusesource/leveldbjni/leveldbjni-all/1.8/leveldbjni-all-1.8.jar:"/>
    <property name="sun.cpu.endian" value="little"/>
    <property name="user.home" value="/home/user"/>
    <property name="user.language" value="en"/>
    <property name="java.specification.vendor" value="Oracle Corporation"/>
    <property name="java.home" value="/usr/lib/jvm/java-1.8-openjdk/jre"/>
    <property name="java.security.krb5.conf" value="/workdir/hadoop-ozone/integration-test/target/test-classes/krb5.conf"/>
    <property name="basedir" value="/workdir/hadoop-ozone/integration-test"/>
    <property name="file.separator" value="/"/>
    <property name="line.separator" value="&#10;"/>
    <property name="java.vm.specification.vendor" value="Oracle Corporation"/>
    <property name="java.specification.name" value="Java Platform API Specification"/>
    <property name="java.awt.graphicsenv" value="sun.awt.X11GraphicsEnvironment"/>
    <property name="surefire.real.class.path" value="/workdir/hadoop-ozone/integration-test/target/surefire/surefirebooter1518179024940408386.jar"/>
    <property name="hadoop.log.dir" value="/workdir/hadoop-ozone/integration-test/target/log"/>
    <property name="sun.boot.class.path" value="/usr/lib/jvm/java-1.8-openjdk/jre/lib/resources.jar:/usr/lib/jvm/java-1.8-openjdk/jre/lib/rt.jar:/usr/lib/jvm/java-1.8-openjdk/jre/lib/sunrsasign.jar:/usr/lib/jvm/java-1.8-openjdk/jre/lib/jsse.jar:/usr/lib/jvm/java-1.8-openjdk/jre/lib/jce.jar:/usr/lib/jvm/java-1.8-openjdk/jre/lib/charsets.jar:/usr/lib/jvm/java-1.8-openjdk/jre/lib/jfr.jar:/usr/lib/jvm/java-1.8-openjdk/jre/classes"/>
    <property name="sun.management.compiler" value="HotSpot 64-Bit Tiered Compilers"/>
    <property name="java.runtime.version" value="1.8.0_212-b04"/>
    <property name="java.net.preferIPv4Stack" value="true"/>
    <property name="user.name" value="jenkins1000"/>
    <property name="path.separator" value=":"/>
    <property name="java.security.egd" value="file:///dev/urandom"/>
    <property name="os.version" value="3.10.0-957.12.2.el7.x86_64"/>
    <property name="java.endorsed.dirs" value="/usr/lib/jvm/java-1.8-openjdk/jre/lib/endorsed"/>
    <property name="java.runtime.name" value="OpenJDK Runtime Environment"/>
    <property name="file.encoding" value="UTF-8"/>
    <property name="java.vm.name" value="OpenJDK 64-Bit Server VM"/>
    <property name="test.build.webapps" value=""/>
    <property name="localRepository" value="/home/user/.m2/repository"/>
    <property name="java.vendor.url.bug" value="https://icedtea.classpath.org/bugzilla"/>
    <property name="java.io.tmpdir" value="/tmp"/>
    <property name="require.test.libhadoop" value=""/>
    <property name="java.version" value="1.8.0_212"/>
    <property name="user.dir" value="/workdir/hadoop-ozone/integration-test"/>
    <property name="os.arch" value="amd64"/>
    <property name="java.vm.specification.name" value="Java Virtual Machine Specification"/>
    <property name="test.build.classes" value="/workdir/hadoop-ozone/integration-test/target/test-classes"/>
    <property name="java.awt.printerjob" value="sun.print.PSPrinterJob"/>
    <property name="sun.os.patch.level" value="unknown"/>
    <property name="hadoop.tmp.dir" value="/workdir/hadoop-ozone/integration-test/target/tmp"/>
    <property name="java.library.path" value="/usr/lib/jvm/java-1.8-openjdk/jre/lib/amd64/server:/usr/lib/jvm/java-1.8-openjdk/jre/lib/amd64:/usr/lib/jvm/java-1.8-openjdk/jre/../lib/amd64:/workdir/hadoop-ozone/integration-test/target/native/target/usr/local/lib:/workdir/hadoop-ozone/integration-test/../../hadoop-common-project/hadoop-common/target/native/target/usr/local/lib:/usr/java/packages/lib/amd64:/usr/lib64:/lib64:/lib:/usr/lib"/>
    <property name="java.vm.info" value="mixed mode"/>
    <property name="java.vendor" value="IcedTea"/>
    <property name="java.vm.version" value="25.212-b04"/>
    <property name="java.ext.dirs" value="/usr/lib/jvm/java-1.8-openjdk/jre/lib/ext:/usr/java/packages/lib/ext"/>
    <property name="sun.io.unicode.encoding" value="UnicodeLittle"/>
    <property name="java.class.version" value="52.0"/>
  </properties>
  <testcase name="test2DatanodesFailure" classname="org.apache.hadoop.ozone.client.rpc.TestBlockOutputStreamWithFailures" time="120.219"/>
  <testcase name="testDatanodeFailureWithPreAllocation" classname="org.apache.hadoop.ozone.client.rpc.TestBlockOutputStreamWithFailures" time="226.074"/>
  <testcase name="testDatanodeFailureWithSingleNodeRatis" classname="org.apache.hadoop.ozone.client.rpc.TestBlockOutputStreamWithFailures" time="232.154"/>
  <testcase name="testWatchForCommitWithSingleNodeRatis" classname="org.apache.hadoop.ozone.client.rpc.TestBlockOutputStreamWithFailures" time="43.553"/>
  <testcase name="testWatchForCommitDatanodeFailure" classname="org.apache.hadoop.ozone.client.rpc.TestBlockOutputStreamWithFailures" time="42.818">
    <failure message="expected:&lt;2&gt; but was:&lt;3&gt;" type="java.lang.AssertionError"><![CDATA[java.lang.AssertionError: expected:<2> but was:<3>
	at org.junit.Assert.fail(Assert.java:88)
	at org.junit.Assert.failNotEquals(Assert.java:743)
	at org.junit.Assert.assertEquals(Assert.java:118)
	at org.junit.Assert.assertEquals(Assert.java:555)
	at org.junit.Assert.assertEquals(Assert.java:542)
	at org.apache.hadoop.ozone.client.rpc.TestBlockOutputStreamWithFailures.testWatchForCommitDatanodeFailure(TestBlockOutputStreamWithFailures.java:366)
	at sun.reflect.NativeMethodAccessorImpl.invoke0(Native Method)
	at sun.reflect.NativeMethodAccessorImpl.invoke(NativeMethodAccessorImpl.java:62)
	at sun.reflect.DelegatingMethodAccessorImpl.invoke(DelegatingMethodAccessorImpl.java:43)
	at java.lang.reflect.Method.invoke(Method.java:498)
	at org.junit.runners.model.FrameworkMethod$1.runReflectiveCall(FrameworkMethod.java:47)
	at org.junit.internal.runners.model.ReflectiveCallable.run(ReflectiveCallable.java:12)
	at org.junit.runners.model.FrameworkMethod.invokeExplosively(FrameworkMethod.java:44)
	at org.junit.internal.runners.statements.InvokeMethod.evaluate(InvokeMethod.java:17)
	at org.junit.internal.runners.statements.RunBefores.evaluate(RunBefores.java:26)
	at org.junit.internal.runners.statements.RunAfters.evaluate(RunAfters.java:27)
	at org.junit.runners.ParentRunner.runLeaf(ParentRunner.java:271)
	at org.junit.runners.BlockJUnit4ClassRunner.runChild(BlockJUnit4ClassRunner.java:70)
	at org.junit.runners.BlockJUnit4ClassRunner.runChild(BlockJUnit4ClassRunner.java:50)
	at org.junit.runners.ParentRunner$3.run(ParentRunner.java:238)
	at org.junit.runners.ParentRunner$1.schedule(ParentRunner.java:63)
	at org.junit.runners.ParentRunner.runChildren(ParentRunner.java:236)
	at org.junit.runners.ParentRunner.access$000(ParentRunner.java:53)
	at org.junit.runners.ParentRunner$2.evaluate(ParentRunner.java:229)
	at org.junit.runners.ParentRunner.run(ParentRunner.java:309)
	at org.apache.maven.surefire.junit4.JUnit4Provider.execute(JUnit4Provider.java:365)
	at org.apache.maven.surefire.junit4.JUnit4Provider.executeWithRerun(JUnit4Provider.java:273)
	at org.apache.maven.surefire.junit4.JUnit4Provider.executeTestSet(JUnit4Provider.java:238)
	at org.apache.maven.surefire.junit4.JUnit4Provider.invoke(JUnit4Provider.java:159)
	at org.apache.maven.surefire.booter.ForkedBooter.invokeProviderInSameClassLoader(ForkedBooter.java:384)
	at org.apache.maven.surefire.booter.ForkedBooter.runSuitesInProcess(ForkedBooter.java:345)
	at org.apache.maven.surefire.booter.ForkedBooter.execute(ForkedBooter.java:126)
	at org.apache.maven.surefire.booter.ForkedBooter.main(ForkedBooter.java:418)
]]></failure>
    <system-out><![CDATA[2019-08-27 22:34:15,823 [main] WARN  server.ServerUtils (ServerUtils.java:getScmDbDir(145)) - ozone.scm.db.dirs is not configured. We recommend adding this setting. Falling back to ozone.metadata.dirs instead.
2019-08-27 22:34:15,838 [main] WARN  server.ServerUtils (ServerUtils.java:getScmDbDir(145)) - ozone.scm.db.dirs is not configured. We recommend adding this setting. Falling back to ozone.metadata.dirs instead.
2019-08-27 22:34:15,838 [main] WARN  server.ServerUtils (ServerUtils.java:getScmDbDir(145)) - ozone.scm.db.dirs is not configured. We recommend adding this setting. Falling back to ozone.metadata.dirs instead.
2019-08-27 22:34:15,839 [main] INFO  db.DBStoreBuilder (DBStoreBuilder.java:addTable(110)) - using custom profile for table: deletedBlocks
2019-08-27 22:34:15,839 [main] INFO  db.DBStoreBuilder (DBStoreBuilder.java:processTables(161)) - Using default column profile:DBProfile.DISK for Table:deletedBlocks
2019-08-27 22:34:15,839 [main] INFO  db.DBStoreBuilder (DBStoreBuilder.java:addTable(110)) - using custom profile for table: validCerts
2019-08-27 22:34:15,839 [main] INFO  db.DBStoreBuilder (DBStoreBuilder.java:processTables(161)) - Using default column profile:DBProfile.DISK for Table:validCerts
2019-08-27 22:34:15,839 [main] INFO  db.DBStoreBuilder (DBStoreBuilder.java:addTable(110)) - using custom profile for table: revokedCerts
2019-08-27 22:34:15,840 [main] INFO  db.DBStoreBuilder (DBStoreBuilder.java:processTables(161)) - Using default column profile:DBProfile.DISK for Table:revokedCerts
2019-08-27 22:34:15,840 [main] INFO  db.DBStoreBuilder (DBStoreBuilder.java:addTable(110)) - using custom profile for table: default
2019-08-27 22:34:15,840 [main] INFO  db.DBStoreBuilder (DBStoreBuilder.java:processTables(167)) - Using default column profile:DBProfile.DISK for Table:default
2019-08-27 22:34:15,840 [main] INFO  db.DBStoreBuilder (DBStoreBuilder.java:getDbProfile(198)) - Using default options. DBProfile.DISK
2019-08-27 22:34:15,953 [main] INFO  net.NodeSchemaLoader (NodeSchemaLoader.java:loadSchemaFromFile(125)) - Loading file from sun.misc.CompoundEnumeration@721f3526
2019-08-27 22:34:15,954 [main] INFO  net.NodeSchemaLoader (NodeSchemaLoader.java:loadSchema(171)) - Loading network topology layer schema file
2019-08-27 22:34:15,960 [main] INFO  node.SCMNodeManager (SCMNodeManager.java:<init>(114)) - Entering startup safe mode.
2019-08-27 22:34:15,961 [main] INFO  algorithms.ContainerPlacementPolicyFactory (ContainerPlacementPolicyFactory.java:getPolicy(55)) - Create container placement policy of type org.apache.hadoop.hdds.scm.container.placement.algorithms.SCMContainerPlacementRandom
2019-08-27 22:34:15,961 [main] WARN  server.ServerUtils (ServerUtils.java:getScmDbDir(145)) - ozone.scm.db.dirs is not configured. We recommend adding this setting. Falling back to ozone.metadata.dirs instead.
2019-08-27 22:34:16,010 [main] INFO  pipeline.SCMPipelineManager (SCMPipelineManager.java:initializePipelineState(126)) - No pipeline exists in current db
2019-08-27 22:34:16,010 [main] WARN  server.ServerUtils (ServerUtils.java:getScmDbDir(145)) - ozone.scm.db.dirs is not configured. We recommend adding this setting. Falling back to ozone.metadata.dirs instead.
2019-08-27 22:34:16,061 [main] WARN  events.EventQueue (EventQueue.java:fireEvent(183)) - No event handler registered for event TypedEvent{payloadType=SafeModeStatus, name='SafeModeStatus'}
2019-08-27 22:34:16,062 [main] INFO  ipc.CallQueueManager (CallQueueManager.java:<init>(84)) - Using callQueue: class java.util.concurrent.LinkedBlockingQueue, queueCapacity: 2000, scheduler: class org.apache.hadoop.ipc.DefaultRpcScheduler, ipcBackoff: false.
2019-08-27 22:34:16,063 [Socket Reader #1 for port 33406] INFO  ipc.Server (Server.java:run(1074)) - Starting Socket Reader #1 for port 33406
2019-08-27 22:34:16,065 [main] INFO  ipc.CallQueueManager (CallQueueManager.java:<init>(84)) - Using callQueue: class java.util.concurrent.LinkedBlockingQueue, queueCapacity: 2000, scheduler: class org.apache.hadoop.ipc.DefaultRpcScheduler, ipcBackoff: false.
2019-08-27 22:34:16,065 [Socket Reader #1 for port 36132] INFO  ipc.Server (Server.java:run(1074)) - Starting Socket Reader #1 for port 36132
2019-08-27 22:34:16,066 [main] INFO  ipc.CallQueueManager (CallQueueManager.java:<init>(84)) - Using callQueue: class java.util.concurrent.LinkedBlockingQueue, queueCapacity: 2000, scheduler: class org.apache.hadoop.ipc.DefaultRpcScheduler, ipcBackoff: false.
2019-08-27 22:34:16,067 [Socket Reader #1 for port 40703] INFO  ipc.Server (Server.java:run(1074)) - Starting Socket Reader #1 for port 40703
2019-08-27 22:34:16,069 [main] INFO  hdfs.DFSUtil (DFSUtil.java:httpServerTemplateForNNAndJN(1641)) - Starting Web-server for scm at: http://0.0.0.0:0
2019-08-27 22:34:16,071 [main] INFO  server.AuthenticationFilter (AuthenticationFilter.java:constructSecretProvider(240)) - Unable to initialize FileSignerSecretProvider, falling back to use random secrets.
2019-08-27 22:34:16,072 [main] WARN  http.HttpRequestLog (HttpRequestLog.java:getRequestLog(97)) - Jetty request log can only be enabled using Log4j
2019-08-27 22:34:16,074 [main] INFO  http.HttpServer2 (HttpServer2.java:addGlobalFilter(975)) - Added global filter 'safety' (class=org.apache.hadoop.http.HttpServer2$QuotingInputFilter)
2019-08-27 22:34:16,074 [main] INFO  http.HttpServer2 (HttpServer2.java:addFilter(948)) - Added filter static_user_filter (class=org.apache.hadoop.http.lib.StaticUserWebFilter$StaticUserFilter) to context scm
2019-08-27 22:34:16,075 [main] INFO  http.HttpServer2 (HttpServer2.java:addFilter(958)) - Added filter static_user_filter (class=org.apache.hadoop.http.lib.StaticUserWebFilter$StaticUserFilter) to context logs
2019-08-27 22:34:16,075 [main] INFO  http.HttpServer2 (HttpServer2.java:addFilter(958)) - Added filter static_user_filter (class=org.apache.hadoop.http.lib.StaticUserWebFilter$StaticUserFilter) to context static
2019-08-27 22:34:16,077 [main] INFO  server.StorageContainerManager (StorageContainerManager.java:start(759)) - StorageContainerLocationProtocol RPC server is listening at /0.0.0.0:40703
2019-08-27 22:34:16,079 [main] WARN  impl.MetricsConfig (MetricsConfig.java:loadFirst(134)) - Cannot locate configuration: tried hadoop-metrics2-storagecontainermanager.properties,hadoop-metrics2.properties
2019-08-27 22:34:16,080 [main] INFO  impl.MetricsSystemImpl (MetricsSystemImpl.java:startTimer(374)) - Scheduled Metric snapshot period at 10 second(s).
2019-08-27 22:34:16,081 [main] INFO  impl.MetricsSystemImpl (MetricsSystemImpl.java:start(191)) - StorageContainerManager metrics system started
2019-08-27 22:34:16,117 [main] WARN  impl.MetricsSystemImpl (MetricsSystemImpl.java:register(276)) - Sink prometheus already exists!
2019-08-27 22:34:16,151 [main] INFO  server.SCMClientProtocolServer (SCMClientProtocolServer.java:start(151)) - RPC server for Client  is listening at /0.0.0.0:40703
2019-08-27 22:34:16,151 [IPC Server Responder] INFO  ipc.Server (Server.java:run(1314)) - IPC Server Responder: starting
2019-08-27 22:34:16,151 [IPC Server listener on 40703] INFO  ipc.Server (Server.java:run(1153)) - IPC Server listener on 40703: starting
2019-08-27 22:34:16,154 [main] INFO  server.StorageContainerManager (StorageContainerManager.java:start(769)) - ScmBlockLocationProtocol RPC server is listening at /0.0.0.0:36132
2019-08-27 22:34:16,154 [main] INFO  server.SCMBlockProtocolServer (SCMBlockProtocolServer.java:start(146)) - RPC server for Block Protocol is listening at /0.0.0.0:36132
2019-08-27 22:34:16,155 [IPC Server Responder] INFO  ipc.Server (Server.java:run(1314)) - IPC Server Responder: starting
2019-08-27 22:34:16,155 [IPC Server listener on 36132] INFO  ipc.Server (Server.java:run(1153)) - IPC Server listener on 36132: starting
2019-08-27 22:34:16,157 [main] INFO  server.StorageContainerManager (StorageContainerManager.java:start(773)) - ScmDatanodeProtocl RPC server is listening at /0.0.0.0:33406
2019-08-27 22:34:16,157 [main] INFO  server.SCMDatanodeProtocolServer (SCMDatanodeProtocolServer.java:start(191)) - RPC server for DataNodes is listening at /0.0.0.0:33406
2019-08-27 22:34:16,157 [IPC Server listener on 33406] INFO  ipc.Server (Server.java:run(1153)) - IPC Server listener on 33406: starting
2019-08-27 22:34:16,157 [IPC Server Responder] INFO  ipc.Server (Server.java:run(1314)) - IPC Server Responder: starting
2019-08-27 22:34:16,160 [main] INFO  http.HttpServer2 (HttpServer2.java:bindListener(1191)) - Jetty bound to port 43305
2019-08-27 22:34:16,160 [main] INFO  server.Server (Server.java:doStart(351)) - jetty-9.3.24.v20180605, build timestamp: 2018-06-05T17:11:56Z, git hash: 84205aa28f11a4f31f2a3b86d1bba2cc8ab69827
2019-08-27 22:34:16,161 [main] INFO  handler.ContextHandler (ContextHandler.java:doStart(781)) - Started o.e.j.s.ServletContextHandler@7a4c1a6c{/logs,file:///workdir/hadoop-ozone/integration-test/target/log,AVAILABLE}
2019-08-27 22:34:16,162 [main] INFO  handler.ContextHandler (ContextHandler.java:doStart(781)) - Started o.e.j.s.ServletContextHandler@51179fad{/static,file:///workdir/hadoop-ozone/integration-test/target/test-classes/webapps/static,AVAILABLE}
2019-08-27 22:34:16,165 [main] INFO  handler.ContextHandler (ContextHandler.java:doStart(781)) - Started o.e.j.w.WebAppContext@1a1d7832{/,file:///workdir/hadoop-ozone/integration-test/target/test-classes/webapps/scm/,AVAILABLE}{/scm}
2019-08-27 22:34:16,165 [main] INFO  server.AbstractConnector (AbstractConnector.java:doStart(278)) - Started ServerConnector@639c5ab4{HTTP/1.1,[http/1.1]}{0.0.0.0:43305}
2019-08-27 22:34:16,166 [main] INFO  server.Server (Server.java:doStart(419)) - Started @622943ms
2019-08-27 22:34:16,166 [main] WARN  impl.MetricsSystemImpl (MetricsSystemImpl.java:register(276)) - Sink prometheus already exists!
2019-08-27 22:34:16,167 [main] INFO  server.BaseHttpServer (BaseHttpServer.java:updateConnectorAddress(215)) - HTTP server of SCM is listening at http://0.0.0.0:43305
2019-08-27 22:34:16,167 [main] WARN  server.ServerUtils (ServerUtils.java:getDBPath(222)) - ozone.om.db.dirs is not configured. We recommend adding this setting. Falling back to ozone.metadata.dirs instead.
2019-08-27 22:34:16,167 [org.apache.hadoop.util.JvmPauseMonitor$Monitor@12e8ea81] INFO  util.JvmPauseMonitor (JvmPauseMonitor.java:run(188)) - Starting JVM pause monitor
2019-08-27 22:34:16,180 [main] WARN  server.ServerUtils (ServerUtils.java:getDBPath(222)) - ozone.om.db.dirs is not configured. We recommend adding this setting. Falling back to ozone.metadata.dirs instead.
2019-08-27 22:34:16,181 [main] WARN  server.ServerUtils (ServerUtils.java:getDBPath(222)) - ozone.om.db.dirs is not configured. We recommend adding this setting. Falling back to ozone.metadata.dirs instead.
2019-08-27 22:34:16,181 [main] INFO  om.OzoneManager (OzoneManager.java:setOMNodeDetails(652)) - OM Service ID is not set. Setting it to the default ID: omServiceIdDefault
2019-08-27 22:34:16,181 [main] INFO  om.OzoneManager (OzoneManager.java:setOMNodeDetails(658)) - OM Node ID is not set. Setting it to the OmStorage's OmID: a1e9ae55-b663-4a02-a3cc-f874a97f7ccf
2019-08-27 22:34:16,182 [main] INFO  om.OzoneManager (OzoneManager.java:loadOMHAConfigs(609)) - Found matching OM address with OMServiceId: null, OMNodeId: null, RPC Address: localhost:0 and Ratis port: 9872
2019-08-27 22:34:16,185 | INFO  | SCMAudit | user=jenkins1000 | ip=192.168.36.82 | op=GET_SCM_INFO null | ret=SUCCESS |  
2019-08-27 22:34:16,187 [main] WARN  server.ServerUtils (ServerUtils.java:getDBPath(222)) - ozone.om.db.dirs is not configured. We recommend adding this setting. Falling back to ozone.metadata.dirs instead.
2019-08-27 22:34:16,188 [main] INFO  db.DBStoreBuilder (DBStoreBuilder.java:addTable(110)) - using custom profile for table: userTable
2019-08-27 22:34:16,188 [main] INFO  db.DBStoreBuilder (DBStoreBuilder.java:processTables(161)) - Using default column profile:DBProfile.DISK for Table:userTable
2019-08-27 22:34:16,188 [main] INFO  db.DBStoreBuilder (DBStoreBuilder.java:addTable(110)) - using custom profile for table: volumeTable
2019-08-27 22:34:16,188 [main] INFO  db.DBStoreBuilder (DBStoreBuilder.java:processTables(161)) - Using default column profile:DBProfile.DISK for Table:volumeTable
2019-08-27 22:34:16,189 [main] INFO  db.DBStoreBuilder (DBStoreBuilder.java:addTable(110)) - using custom profile for table: bucketTable
2019-08-27 22:34:16,189 [main] INFO  db.DBStoreBuilder (DBStoreBuilder.java:processTables(161)) - Using default column profile:DBProfile.DISK for Table:bucketTable
2019-08-27 22:34:16,189 [main] INFO  db.DBStoreBuilder (DBStoreBuilder.java:addTable(110)) - using custom profile for table: keyTable
2019-08-27 22:34:16,189 [main] INFO  db.DBStoreBuilder (DBStoreBuilder.java:processTables(161)) - Using default column profile:DBProfile.DISK for Table:keyTable
2019-08-27 22:34:16,190 [main] INFO  db.DBStoreBuilder (DBStoreBuilder.java:addTable(110)) - using custom profile for table: deletedTable
2019-08-27 22:34:16,190 [main] INFO  db.DBStoreBuilder (DBStoreBuilder.java:processTables(161)) - Using default column profile:DBProfile.DISK for Table:deletedTable
2019-08-27 22:34:16,190 [main] INFO  db.DBStoreBuilder (DBStoreBuilder.java:addTable(110)) - using custom profile for table: openKeyTable
2019-08-27 22:34:16,190 [main] INFO  db.DBStoreBuilder (DBStoreBuilder.java:processTables(161)) - Using default column profile:DBProfile.DISK for Table:openKeyTable
2019-08-27 22:34:16,191 [main] INFO  db.DBStoreBuilder (DBStoreBuilder.java:addTable(110)) - using custom profile for table: s3Table
2019-08-27 22:34:16,191 [main] INFO  db.DBStoreBuilder (DBStoreBuilder.java:processTables(161)) - Using default column profile:DBProfile.DISK for Table:s3Table
2019-08-27 22:34:16,191 [main] INFO  db.DBStoreBuilder (DBStoreBuilder.java:addTable(110)) - using custom profile for table: multipartInfoTable
2019-08-27 22:34:16,191 [main] INFO  db.DBStoreBuilder (DBStoreBuilder.java:processTables(161)) - Using default column profile:DBProfile.DISK for Table:multipartInfoTable
2019-08-27 22:34:16,192 [main] INFO  db.DBStoreBuilder (DBStoreBuilder.java:addTable(110)) - using custom profile for table: dTokenTable
2019-08-27 22:34:16,192 [main] INFO  db.DBStoreBuilder (DBStoreBuilder.java:processTables(161)) - Using default column profile:DBProfile.DISK for Table:dTokenTable
2019-08-27 22:34:16,192 [main] INFO  db.DBStoreBuilder (DBStoreBuilder.java:addTable(110)) - using custom profile for table: s3SecretTable
2019-08-27 22:34:16,192 [main] INFO  db.DBStoreBuilder (DBStoreBuilder.java:processTables(161)) - Using default column profile:DBProfile.DISK for Table:s3SecretTable
2019-08-27 22:34:16,193 [main] INFO  db.DBStoreBuilder (DBStoreBuilder.java:addTable(110)) - using custom profile for table: prefixTable
2019-08-27 22:34:16,193 [main] INFO  db.DBStoreBuilder (DBStoreBuilder.java:processTables(161)) - Using default column profile:DBProfile.DISK for Table:prefixTable
2019-08-27 22:34:16,193 [main] INFO  db.DBStoreBuilder (DBStoreBuilder.java:addTable(110)) - using custom profile for table: default
2019-08-27 22:34:16,193 [main] INFO  db.DBStoreBuilder (DBStoreBuilder.java:processTables(167)) - Using default column profile:DBProfile.DISK for Table:default
2019-08-27 22:34:16,193 [main] INFO  db.DBStoreBuilder (DBStoreBuilder.java:getDbProfile(198)) - Using default options. DBProfile.DISK
2019-08-27 22:34:16,710 [main] INFO  ipc.CallQueueManager (CallQueueManager.java:<init>(84)) - Using callQueue: class java.util.concurrent.LinkedBlockingQueue, queueCapacity: 2000, scheduler: class org.apache.hadoop.ipc.DefaultRpcScheduler, ipcBackoff: false.
2019-08-27 22:34:16,711 [Socket Reader #1 for port 43524] INFO  ipc.Server (Server.java:run(1074)) - Starting Socket Reader #1 for port 43524
2019-08-27 22:34:16,728 [main] INFO  om.OzoneManager (OzoneManager.java:start(1266)) - OzoneManager RPC server is listening at localhost/127.0.0.1:43524
2019-08-27 22:34:16,729 [main] INFO  impl.MetricsSystemImpl (MetricsSystemImpl.java:init(158)) - OzoneManager metrics system started (again)
2019-08-27 22:34:16,729 [IPC Server Responder] INFO  ipc.Server (Server.java:run(1314)) - IPC Server Responder: starting
2019-08-27 22:34:16,729 [IPC Server listener on 43524] INFO  ipc.Server (Server.java:run(1153)) - IPC Server listener on 43524: starting
2019-08-27 22:34:16,733 [main] INFO  hdfs.DFSUtil (DFSUtil.java:httpServerTemplateForNNAndJN(1641)) - Starting Web-server for ozoneManager at: http://0.0.0.0:0
2019-08-27 22:34:16,734 [main] INFO  server.AuthenticationFilter (AuthenticationFilter.java:constructSecretProvider(240)) - Unable to initialize FileSignerSecretProvider, falling back to use random secrets.
2019-08-27 22:34:16,735 [main] WARN  http.HttpRequestLog (HttpRequestLog.java:getRequestLog(97)) - Jetty request log can only be enabled using Log4j
2019-08-27 22:34:16,736 [main] INFO  http.HttpServer2 (HttpServer2.java:addGlobalFilter(975)) - Added global filter 'safety' (class=org.apache.hadoop.http.HttpServer2$QuotingInputFilter)
2019-08-27 22:34:16,737 [main] INFO  http.HttpServer2 (HttpServer2.java:addFilter(948)) - Added filter static_user_filter (class=org.apache.hadoop.http.lib.StaticUserWebFilter$StaticUserFilter) to context ozoneManager
2019-08-27 22:34:16,737 [main] INFO  http.HttpServer2 (HttpServer2.java:addFilter(958)) - Added filter static_user_filter (class=org.apache.hadoop.http.lib.StaticUserWebFilter$StaticUserFilter) to context logs
2019-08-27 22:34:16,737 [main] INFO  http.HttpServer2 (HttpServer2.java:addFilter(958)) - Added filter static_user_filter (class=org.apache.hadoop.http.lib.StaticUserWebFilter$StaticUserFilter) to context static
2019-08-27 22:34:16,738 [main] INFO  http.HttpServer2 (HttpServer2.java:bindListener(1191)) - Jetty bound to port 36151
2019-08-27 22:34:16,738 [main] INFO  server.Server (Server.java:doStart(351)) - jetty-9.3.24.v20180605, build timestamp: 2018-06-05T17:11:56Z, git hash: 84205aa28f11a4f31f2a3b86d1bba2cc8ab69827
2019-08-27 22:34:16,739 [main] INFO  handler.ContextHandler (ContextHandler.java:doStart(781)) - Started o.e.j.s.ServletContextHandler@48e1e18a{/logs,file:///workdir/hadoop-ozone/integration-test/target/log,AVAILABLE}
2019-08-27 22:34:16,739 [main] INFO  handler.ContextHandler (ContextHandler.java:doStart(781)) - Started o.e.j.s.ServletContextHandler@7a6078d{/static,file:///workdir/hadoop-ozone/integration-test/target/test-classes/webapps/static,AVAILABLE}
2019-08-27 22:34:16,743 [main] INFO  handler.ContextHandler (ContextHandler.java:doStart(781)) - Started o.e.j.w.WebAppContext@18f8c76d{/,file:///workdir/hadoop-ozone/integration-test/target/test-classes/webapps/ozoneManager/,AVAILABLE}{/ozoneManager}
2019-08-27 22:34:16,743 [main] INFO  server.AbstractConnector (AbstractConnector.java:doStart(278)) - Started ServerConnector@383d2e2d{HTTP/1.1,[http/1.1]}{0.0.0.0:36151}
2019-08-27 22:34:16,744 [main] INFO  server.Server (Server.java:doStart(419)) - Started @623521ms
2019-08-27 22:34:16,744 [main] WARN  impl.MetricsSystemImpl (MetricsSystemImpl.java:register(276)) - Sink prometheus already exists!
2019-08-27 22:34:16,745 [main] INFO  server.BaseHttpServer (BaseHttpServer.java:updateConnectorAddress(215)) - HTTP server of OZONEMANAGER is listening at http://0.0.0.0:36151
2019-08-27 22:34:16,757 [main] INFO  impl.MetricsSystemImpl (MetricsSystemImpl.java:init(158)) - HddsDatanode metrics system started (again)
2019-08-27 22:34:16,759 [main] INFO  ozone.HddsDatanodeService (HddsDatanodeService.java:start(184)) - HddsDatanodeService host:pr-hdds-1935-gfhxc-3829810507 ip:192.168.36.82
2019-08-27 22:34:16,766 [main] INFO  volume.HddsVolume (HddsVolume.java:<init>(176)) - Creating Volume: /workdir/hadoop-ozone/integration-test/target/test-dir/MiniOzoneClusterImpl-4bfb73da-a5a9-4fb9-9b48-1b3bedb326df/datanode-0/data/containers/hdds of  storage type : DISK and capacity : 1482555576320
2019-08-27 22:34:16,767 [main] INFO  volume.VolumeSet (VolumeSet.java:initializeVolumeSet(170)) - Added Volume : /workdir/hadoop-ozone/integration-test/target/test-dir/MiniOzoneClusterImpl-4bfb73da-a5a9-4fb9-9b48-1b3bedb326df/datanode-0/data/containers/hdds to VolumeSet
2019-08-27 22:34:16,767 [main] INFO  volume.ThrottledAsyncChecker (ThrottledAsyncChecker.java:schedule(140)) - Scheduling a check for org.apache.hadoop.ozone.container.common.volume.HddsVolume@3fe1b278
2019-08-27 22:34:16,767 [main] INFO  volume.HddsVolumeChecker (HddsVolumeChecker.java:checkAllVolumes(203)) - Scheduled health check for volume org.apache.hadoop.ozone.container.common.volume.HddsVolume@3fe1b278
2019-08-27 22:34:16,780 [main] INFO  impl.RaftServerProxy (ConfUtils.java:logGet(43)) - raft.rpc.type = GRPC (default)
2019-08-27 22:34:16,780 [main] INFO  grpc.GrpcFactory (GrpcFactory.java:checkPooledByteBufAllocatorUseCacheForAllThreads(45)) - PERFORMANCE WARNING: useCacheForAllThreads is true that may cause Netty to create a lot garbage objects and, as a result, trigger GC.
	It is recommended to disable useCacheForAllThreads by setting -Dorg.apache.ratis.thirdparty.io.netty.allocator.useCacheForAllThreads=false in command line.
2019-08-27 22:34:16,780 [main] INFO  grpc.GrpcConfigKeys$Server (ConfUtils.java:logGet(43)) - raft.grpc.server.port = 0 (default)
2019-08-27 22:34:16,780 [main] INFO  server.GrpcService (ConfUtils.java:logGet(43)) - raft.grpc.message.size.max = 33570816 (custom)
2019-08-27 22:34:16,780 [main] INFO  server.RaftServerConfigKeys (ConfUtils.java:logGet(43)) - raft.server.log.appender.buffer.byte-limit = 33554432 (custom)
2019-08-27 22:34:16,781 [main] INFO  server.GrpcService (ConfUtils.java:logGet(43)) - raft.grpc.flow.control.window = 1MB (=1048576) (default)
2019-08-27 22:34:16,781 [main] INFO  server.RaftServerConfigKeys (ConfUtils.java:logGet(43)) - raft.server.rpc.request.timeout = 3000ms (default)
2019-08-27 22:34:16,781 [main] INFO  server.RaftServerConfigKeys (ConfUtils.java:logGet(43)) - raft.server.storage.dir = [/workdir/hadoop-ozone/integration-test/target/test-dir/MiniOzoneClusterImpl-4bfb73da-a5a9-4fb9-9b48-1b3bedb326df/datanode-0/data/ratis] (custom)
2019-08-27 22:34:16,781 [main] INFO  replication.SimpleContainerDownloader (SimpleContainerDownloader.java:<init>(72)) - Starting container downloader service to copy containers to replicate.
2019-08-27 22:34:16,782 [main] INFO  hdfs.DFSUtil (DFSUtil.java:httpServerTemplateForNNAndJN(1641)) - Starting Web-server for hddsDatanode at: http://0.0.0.0:0
2019-08-27 22:34:16,783 [main] INFO  server.AuthenticationFilter (AuthenticationFilter.java:constructSecretProvider(240)) - Unable to initialize FileSignerSecretProvider, falling back to use random secrets.
2019-08-27 22:34:16,784 [main] WARN  http.HttpRequestLog (HttpRequestLog.java:getRequestLog(97)) - Jetty request log can only be enabled using Log4j
2019-08-27 22:34:16,785 [main] INFO  http.HttpServer2 (HttpServer2.java:addGlobalFilter(975)) - Added global filter 'safety' (class=org.apache.hadoop.http.HttpServer2$QuotingInputFilter)
2019-08-27 22:34:16,785 [main] INFO  http.HttpServer2 (HttpServer2.java:addFilter(948)) - Added filter static_user_filter (class=org.apache.hadoop.http.lib.StaticUserWebFilter$StaticUserFilter) to context hddsDatanode
2019-08-27 22:34:16,785 [main] INFO  http.HttpServer2 (HttpServer2.java:addFilter(958)) - Added filter static_user_filter (class=org.apache.hadoop.http.lib.StaticUserWebFilter$StaticUserFilter) to context static
2019-08-27 22:34:16,785 [main] INFO  http.HttpServer2 (HttpServer2.java:addFilter(958)) - Added filter static_user_filter (class=org.apache.hadoop.http.lib.StaticUserWebFilter$StaticUserFilter) to context logs
2019-08-27 22:34:16,786 [main] INFO  http.HttpServer2 (HttpServer2.java:bindListener(1191)) - Jetty bound to port 39248
2019-08-27 22:34:16,786 [main] INFO  server.Server (Server.java:doStart(351)) - jetty-9.3.24.v20180605, build timestamp: 2018-06-05T17:11:56Z, git hash: 84205aa28f11a4f31f2a3b86d1bba2cc8ab69827
2019-08-27 22:34:16,787 [main] INFO  handler.ContextHandler (ContextHandler.java:doStart(781)) - Started o.e.j.s.ServletContextHandler@2f4bc3ff{/logs,file:///workdir/hadoop-ozone/integration-test/target/log,AVAILABLE}
2019-08-27 22:34:16,788 [main] INFO  handler.ContextHandler (ContextHandler.java:doStart(781)) - Started o.e.j.s.ServletContextHandler@154fcedd{/static,jar:file:/home/user/.m2/repository/org/apache/hadoop/hadoop-hdds-container-service/0.5.0-SNAPSHOT/hadoop-hdds-container-service-0.5.0-SNAPSHOT.jar!/webapps/static,AVAILABLE}
2019-08-27 22:34:16,814 [main] INFO  handler.ContextHandler (ContextHandler.java:doStart(781)) - Started o.e.j.w.WebAppContext@4d62bb8b{/,file:///tmp/jetty-0.0.0.0-39248-hddsDatanode-_-any-4874144345910622530.dir/webapp/,AVAILABLE}{/hddsDatanode}
2019-08-27 22:34:16,814 [main] INFO  server.AbstractConnector (AbstractConnector.java:doStart(278)) - Started ServerConnector@70f37190{HTTP/1.1,[http/1.1]}{0.0.0.0:39248}
2019-08-27 22:34:16,815 [main] INFO  server.Server (Server.java:doStart(419)) - Started @623592ms
2019-08-27 22:34:16,816 [main] WARN  impl.MetricsSystemImpl (MetricsSystemImpl.java:register(276)) - Sink prometheus already exists!
2019-08-27 22:34:16,816 [main] INFO  server.BaseHttpServer (BaseHttpServer.java:updateConnectorAddress(215)) - HTTP server of HDDSDATANODE is listening at http://0.0.0.0:39248
2019-08-27 22:34:16,943 | INFO  | ObjectStoreRestHttpServer | Listening HDDS REST traffic on /0.0.0.0:39451 |  
2019-08-27 22:34:16,943 [main] INFO  ozone.HddsDatanodeService (HddsDatanodeService.java:startPlugins(395)) - Started plug-in org.apache.hadoop.ozone.web.OzoneHddsDatanodeService@760f4310
2019-08-27 22:34:16,944 [main] INFO  impl.MetricsSystemImpl (MetricsSystemImpl.java:init(158)) - HddsDatanode metrics system started (again)
2019-08-27 22:34:16,945 [org.apache.hadoop.util.JvmPauseMonitor$Monitor@43f59eb6] INFO  util.JvmPauseMonitor (JvmPauseMonitor.java:run(188)) - Starting JVM pause monitor
2019-08-27 22:34:16,946 [main] INFO  ozone.HddsDatanodeService (HddsDatanodeService.java:start(184)) - HddsDatanodeService host:pr-hdds-1935-gfhxc-3829810507 ip:192.168.36.82
2019-08-27 22:34:16,947 [Datanode State Machine Thread - 0] INFO  datanode.InitDatanodeState (InitDatanodeState.java:persistContainerDatanodeDetails(140)) - DatanodeDetails is persisted to /workdir/hadoop-ozone/integration-test/target/test-dir/MiniOzoneClusterImpl-4bfb73da-a5a9-4fb9-9b48-1b3bedb326df/datanode-0/meta/datanode.id
2019-08-27 22:34:16,953 [main] INFO  volume.HddsVolume (HddsVolume.java:<init>(176)) - Creating Volume: /workdir/hadoop-ozone/integration-test/target/test-dir/MiniOzoneClusterImpl-4bfb73da-a5a9-4fb9-9b48-1b3bedb326df/datanode-1/data/containers/hdds of  storage type : DISK and capacity : 1482555576320
2019-08-27 22:34:16,953 [main] INFO  volume.VolumeSet (VolumeSet.java:initializeVolumeSet(170)) - Added Volume : /workdir/hadoop-ozone/integration-test/target/test-dir/MiniOzoneClusterImpl-4bfb73da-a5a9-4fb9-9b48-1b3bedb326df/datanode-1/data/containers/hdds to VolumeSet
2019-08-27 22:34:16,953 [main] INFO  volume.ThrottledAsyncChecker (ThrottledAsyncChecker.java:schedule(140)) - Scheduling a check for org.apache.hadoop.ozone.container.common.volume.HddsVolume@5b04224a
2019-08-27 22:34:16,954 [main] INFO  volume.HddsVolumeChecker (HddsVolumeChecker.java:checkAllVolumes(203)) - Scheduled health check for volume org.apache.hadoop.ozone.container.common.volume.HddsVolume@5b04224a
2019-08-27 22:34:16,966 [main] INFO  impl.RaftServerProxy (ConfUtils.java:logGet(43)) - raft.rpc.type = GRPC (default)
2019-08-27 22:34:16,967 [main] INFO  grpc.GrpcFactory (GrpcFactory.java:checkPooledByteBufAllocatorUseCacheForAllThreads(45)) - PERFORMANCE WARNING: useCacheForAllThreads is true that may cause Netty to create a lot garbage objects and, as a result, trigger GC.
	It is recommended to disable useCacheForAllThreads by setting -Dorg.apache.ratis.thirdparty.io.netty.allocator.useCacheForAllThreads=false in command line.
2019-08-27 22:34:16,967 [main] INFO  grpc.GrpcConfigKeys$Server (ConfUtils.java:logGet(43)) - raft.grpc.server.port = 0 (default)
2019-08-27 22:34:16,967 [main] INFO  server.GrpcService (ConfUtils.java:logGet(43)) - raft.grpc.message.size.max = 33570816 (custom)
2019-08-27 22:34:16,967 [main] INFO  server.RaftServerConfigKeys (ConfUtils.java:logGet(43)) - raft.server.log.appender.buffer.byte-limit = 33554432 (custom)
2019-08-27 22:34:16,967 [main] INFO  server.GrpcService (ConfUtils.java:logGet(43)) - raft.grpc.flow.control.window = 1MB (=1048576) (default)
2019-08-27 22:34:16,967 [main] INFO  server.RaftServerConfigKeys (ConfUtils.java:logGet(43)) - raft.server.rpc.request.timeout = 3000ms (default)
2019-08-27 22:34:16,968 [main] INFO  server.RaftServerConfigKeys (ConfUtils.java:logGet(43)) - raft.server.storage.dir = [/workdir/hadoop-ozone/integration-test/target/test-dir/MiniOzoneClusterImpl-4bfb73da-a5a9-4fb9-9b48-1b3bedb326df/datanode-1/data/ratis] (custom)
2019-08-27 22:34:16,968 [main] INFO  replication.SimpleContainerDownloader (SimpleContainerDownloader.java:<init>(72)) - Starting container downloader service to copy containers to replicate.
2019-08-27 22:34:16,969 [main] INFO  hdfs.DFSUtil (DFSUtil.java:httpServerTemplateForNNAndJN(1641)) - Starting Web-server for hddsDatanode at: http://0.0.0.0:0
2019-08-27 22:34:16,971 [main] INFO  server.AuthenticationFilter (AuthenticationFilter.java:constructSecretProvider(240)) - Unable to initialize FileSignerSecretProvider, falling back to use random secrets.
2019-08-27 22:34:16,971 [main] WARN  http.HttpRequestLog (HttpRequestLog.java:getRequestLog(97)) - Jetty request log can only be enabled using Log4j
2019-08-27 22:34:16,972 [main] INFO  http.HttpServer2 (HttpServer2.java:addGlobalFilter(975)) - Added global filter 'safety' (class=org.apache.hadoop.http.HttpServer2$QuotingInputFilter)
2019-08-27 22:34:16,973 [main] INFO  http.HttpServer2 (HttpServer2.java:addFilter(948)) - Added filter static_user_filter (class=org.apache.hadoop.http.lib.StaticUserWebFilter$StaticUserFilter) to context hddsDatanode
2019-08-27 22:34:16,973 [main] INFO  http.HttpServer2 (HttpServer2.java:addFilter(958)) - Added filter static_user_filter (class=org.apache.hadoop.http.lib.StaticUserWebFilter$StaticUserFilter) to context static
2019-08-27 22:34:16,973 [main] INFO  http.HttpServer2 (HttpServer2.java:addFilter(958)) - Added filter static_user_filter (class=org.apache.hadoop.http.lib.StaticUserWebFilter$StaticUserFilter) to context logs
2019-08-27 22:34:16,973 [main] INFO  http.HttpServer2 (HttpServer2.java:bindListener(1191)) - Jetty bound to port 45766
2019-08-27 22:34:16,974 [main] INFO  server.Server (Server.java:doStart(351)) - jetty-9.3.24.v20180605, build timestamp: 2018-06-05T17:11:56Z, git hash: 84205aa28f11a4f31f2a3b86d1bba2cc8ab69827
2019-08-27 22:34:16,975 [main] INFO  handler.ContextHandler (ContextHandler.java:doStart(781)) - Started o.e.j.s.ServletContextHandler@ef1080d{/logs,file:///workdir/hadoop-ozone/integration-test/target/log,AVAILABLE}
2019-08-27 22:34:16,975 [main] INFO  handler.ContextHandler (ContextHandler.java:doStart(781)) - Started o.e.j.s.ServletContextHandler@12128849{/static,jar:file:/home/user/.m2/repository/org/apache/hadoop/hadoop-hdds-container-service/0.5.0-SNAPSHOT/hadoop-hdds-container-service-0.5.0-SNAPSHOT.jar!/webapps/static,AVAILABLE}
2019-08-27 22:34:17,001 [main] INFO  handler.ContextHandler (ContextHandler.java:doStart(781)) - Started o.e.j.w.WebAppContext@921dbcf{/,file:///tmp/jetty-0.0.0.0-45766-hddsDatanode-_-any-9145610633522099671.dir/webapp/,AVAILABLE}{/hddsDatanode}
2019-08-27 22:34:17,001 [main] INFO  server.AbstractConnector (AbstractConnector.java:doStart(278)) - Started ServerConnector@163b8acc{HTTP/1.1,[http/1.1]}{0.0.0.0:45766}
2019-08-27 22:34:17,002 [main] INFO  server.Server (Server.java:doStart(419)) - Started @623779ms
2019-08-27 22:34:17,002 [main] WARN  impl.MetricsSystemImpl (MetricsSystemImpl.java:register(276)) - Sink prometheus already exists!
2019-08-27 22:34:17,003 [main] INFO  server.BaseHttpServer (BaseHttpServer.java:updateConnectorAddress(215)) - HTTP server of HDDSDATANODE is listening at http://0.0.0.0:45766
2019-08-27 22:34:17,117 | INFO  | ObjectStoreRestHttpServer | Listening HDDS REST traffic on /0.0.0.0:35478 |  
2019-08-27 22:34:17,117 [main] INFO  ozone.HddsDatanodeService (HddsDatanodeService.java:startPlugins(395)) - Started plug-in org.apache.hadoop.ozone.web.OzoneHddsDatanodeService@73864c16
2019-08-27 22:34:17,117 [main] INFO  impl.MetricsSystemImpl (MetricsSystemImpl.java:init(158)) - HddsDatanode metrics system started (again)
2019-08-27 22:34:17,119 [org.apache.hadoop.util.JvmPauseMonitor$Monitor@51ae47dd] INFO  util.JvmPauseMonitor (JvmPauseMonitor.java:run(188)) - Starting JVM pause monitor
2019-08-27 22:34:17,120 [main] INFO  ozone.HddsDatanodeService (HddsDatanodeService.java:start(184)) - HddsDatanodeService host:pr-hdds-1935-gfhxc-3829810507 ip:192.168.36.82
2019-08-27 22:34:17,120 [Datanode State Machine Thread - 0] INFO  datanode.InitDatanodeState (InitDatanodeState.java:persistContainerDatanodeDetails(140)) - DatanodeDetails is persisted to /workdir/hadoop-ozone/integration-test/target/test-dir/MiniOzoneClusterImpl-4bfb73da-a5a9-4fb9-9b48-1b3bedb326df/datanode-1/meta/datanode.id
2019-08-27 22:34:17,127 [main] INFO  volume.HddsVolume (HddsVolume.java:<init>(176)) - Creating Volume: /workdir/hadoop-ozone/integration-test/target/test-dir/MiniOzoneClusterImpl-4bfb73da-a5a9-4fb9-9b48-1b3bedb326df/datanode-2/data/containers/hdds of  storage type : DISK and capacity : 1482555576320
2019-08-27 22:34:17,127 [main] INFO  volume.VolumeSet (VolumeSet.java:initializeVolumeSet(170)) - Added Volume : /workdir/hadoop-ozone/integration-test/target/test-dir/MiniOzoneClusterImpl-4bfb73da-a5a9-4fb9-9b48-1b3bedb326df/datanode-2/data/containers/hdds to VolumeSet
2019-08-27 22:34:17,128 [main] INFO  volume.ThrottledAsyncChecker (ThrottledAsyncChecker.java:schedule(140)) - Scheduling a check for org.apache.hadoop.ozone.container.common.volume.HddsVolume@4dfe5727
2019-08-27 22:34:17,128 [main] INFO  volume.HddsVolumeChecker (HddsVolumeChecker.java:checkAllVolumes(203)) - Scheduled health check for volume org.apache.hadoop.ozone.container.common.volume.HddsVolume@4dfe5727
2019-08-27 22:34:17,141 [main] INFO  impl.RaftServerProxy (ConfUtils.java:logGet(43)) - raft.rpc.type = GRPC (default)
2019-08-27 22:34:17,142 [main] INFO  grpc.GrpcFactory (GrpcFactory.java:checkPooledByteBufAllocatorUseCacheForAllThreads(45)) - PERFORMANCE WARNING: useCacheForAllThreads is true that may cause Netty to create a lot garbage objects and, as a result, trigger GC.
	It is recommended to disable useCacheForAllThreads by setting -Dorg.apache.ratis.thirdparty.io.netty.allocator.useCacheForAllThreads=false in command line.
2019-08-27 22:34:17,142 [main] INFO  grpc.GrpcConfigKeys$Server (ConfUtils.java:logGet(43)) - raft.grpc.server.port = 0 (default)
2019-08-27 22:34:17,142 [main] INFO  server.GrpcService (ConfUtils.java:logGet(43)) - raft.grpc.message.size.max = 33570816 (custom)
2019-08-27 22:34:17,142 [main] INFO  server.RaftServerConfigKeys (ConfUtils.java:logGet(43)) - raft.server.log.appender.buffer.byte-limit = 33554432 (custom)
2019-08-27 22:34:17,142 [main] INFO  server.GrpcService (ConfUtils.java:logGet(43)) - raft.grpc.flow.control.window = 1MB (=1048576) (default)
2019-08-27 22:34:17,142 [main] INFO  server.RaftServerConfigKeys (ConfUtils.java:logGet(43)) - raft.server.rpc.request.timeout = 3000ms (default)
2019-08-27 22:34:17,143 [main] INFO  server.RaftServerConfigKeys (ConfUtils.java:logGet(43)) - raft.server.storage.dir = [/workdir/hadoop-ozone/integration-test/target/test-dir/MiniOzoneClusterImpl-4bfb73da-a5a9-4fb9-9b48-1b3bedb326df/datanode-2/data/ratis] (custom)
2019-08-27 22:34:17,143 [main] INFO  replication.SimpleContainerDownloader (SimpleContainerDownloader.java:<init>(72)) - Starting container downloader service to copy containers to replicate.
2019-08-27 22:34:17,144 [main] INFO  hdfs.DFSUtil (DFSUtil.java:httpServerTemplateForNNAndJN(1641)) - Starting Web-server for hddsDatanode at: http://0.0.0.0:0
2019-08-27 22:34:17,146 [main] INFO  server.AuthenticationFilter (AuthenticationFilter.java:constructSecretProvider(240)) - Unable to initialize FileSignerSecretProvider, falling back to use random secrets.
2019-08-27 22:34:17,146 [main] WARN  http.HttpRequestLog (HttpRequestLog.java:getRequestLog(97)) - Jetty request log can only be enabled using Log4j
2019-08-27 22:34:17,148 [main] INFO  http.HttpServer2 (HttpServer2.java:addGlobalFilter(975)) - Added global filter 'safety' (class=org.apache.hadoop.http.HttpServer2$QuotingInputFilter)
2019-08-27 22:34:17,148 [main] INFO  http.HttpServer2 (HttpServer2.java:addFilter(948)) - Added filter static_user_filter (class=org.apache.hadoop.http.lib.StaticUserWebFilter$StaticUserFilter) to context hddsDatanode
2019-08-27 22:34:17,149 [main] INFO  http.HttpServer2 (HttpServer2.java:addFilter(958)) - Added filter static_user_filter (class=org.apache.hadoop.http.lib.StaticUserWebFilter$StaticUserFilter) to context static
2019-08-27 22:34:17,149 [main] INFO  http.HttpServer2 (HttpServer2.java:addFilter(958)) - Added filter static_user_filter (class=org.apache.hadoop.http.lib.StaticUserWebFilter$StaticUserFilter) to context logs
2019-08-27 22:34:17,150 [main] INFO  http.HttpServer2 (HttpServer2.java:bindListener(1191)) - Jetty bound to port 45170
2019-08-27 22:34:17,150 [main] INFO  server.Server (Server.java:doStart(351)) - jetty-9.3.24.v20180605, build timestamp: 2018-06-05T17:11:56Z, git hash: 84205aa28f11a4f31f2a3b86d1bba2cc8ab69827
2019-08-27 22:34:17,151 [main] INFO  handler.ContextHandler (ContextHandler.java:doStart(781)) - Started o.e.j.s.ServletContextHandler@672ba9cc{/logs,file:///workdir/hadoop-ozone/integration-test/target/log,AVAILABLE}
2019-08-27 22:34:17,152 [main] INFO  handler.ContextHandler (ContextHandler.java:doStart(781)) - Started o.e.j.s.ServletContextHandler@564e0a6c{/static,jar:file:/home/user/.m2/repository/org/apache/hadoop/hadoop-hdds-container-service/0.5.0-SNAPSHOT/hadoop-hdds-container-service-0.5.0-SNAPSHOT.jar!/webapps/static,AVAILABLE}
2019-08-27 22:34:17,183 [main] INFO  handler.ContextHandler (ContextHandler.java:doStart(781)) - Started o.e.j.w.WebAppContext@ab5954d{/,file:///tmp/jetty-0.0.0.0-45170-hddsDatanode-_-any-2887293861285045524.dir/webapp/,AVAILABLE}{/hddsDatanode}
2019-08-27 22:34:17,183 [main] INFO  server.AbstractConnector (AbstractConnector.java:doStart(278)) - Started ServerConnector@466f7259{HTTP/1.1,[http/1.1]}{0.0.0.0:45170}
2019-08-27 22:34:17,184 [main] INFO  server.Server (Server.java:doStart(419)) - Started @623961ms
2019-08-27 22:34:17,185 [main] WARN  impl.MetricsSystemImpl (MetricsSystemImpl.java:register(276)) - Sink prometheus already exists!
2019-08-27 22:34:17,185 [main] INFO  server.BaseHttpServer (BaseHttpServer.java:updateConnectorAddress(215)) - HTTP server of HDDSDATANODE is listening at http://0.0.0.0:45170
2019-08-27 22:34:17,300 | INFO  | ObjectStoreRestHttpServer | Listening HDDS REST traffic on /0.0.0.0:37634 |  
2019-08-27 22:34:17,300 [main] INFO  ozone.HddsDatanodeService (HddsDatanodeService.java:startPlugins(395)) - Started plug-in org.apache.hadoop.ozone.web.OzoneHddsDatanodeService@4c954b79
2019-08-27 22:34:17,301 [main] INFO  impl.MetricsSystemImpl (MetricsSystemImpl.java:init(158)) - HddsDatanode metrics system started (again)
2019-08-27 22:34:17,303 [org.apache.hadoop.util.JvmPauseMonitor$Monitor@7d512904] INFO  util.JvmPauseMonitor (JvmPauseMonitor.java:run(188)) - Starting JVM pause monitor
2019-08-27 22:34:17,304 [main] INFO  ozone.HddsDatanodeService (HddsDatanodeService.java:start(184)) - HddsDatanodeService host:pr-hdds-1935-gfhxc-3829810507 ip:192.168.36.82
2019-08-27 22:34:17,304 [Datanode State Machine Thread - 0] INFO  datanode.InitDatanodeState (InitDatanodeState.java:persistContainerDatanodeDetails(140)) - DatanodeDetails is persisted to /workdir/hadoop-ozone/integration-test/target/test-dir/MiniOzoneClusterImpl-4bfb73da-a5a9-4fb9-9b48-1b3bedb326df/datanode-2/meta/datanode.id
2019-08-27 22:34:17,311 [main] INFO  volume.HddsVolume (HddsVolume.java:<init>(176)) - Creating Volume: /workdir/hadoop-ozone/integration-test/target/test-dir/MiniOzoneClusterImpl-4bfb73da-a5a9-4fb9-9b48-1b3bedb326df/datanode-3/data/containers/hdds of  storage type : DISK and capacity : 1482555576320
2019-08-27 22:34:17,312 [main] INFO  volume.VolumeSet (VolumeSet.java:initializeVolumeSet(170)) - Added Volume : /workdir/hadoop-ozone/integration-test/target/test-dir/MiniOzoneClusterImpl-4bfb73da-a5a9-4fb9-9b48-1b3bedb326df/datanode-3/data/containers/hdds to VolumeSet
2019-08-27 22:34:17,312 [main] INFO  volume.ThrottledAsyncChecker (ThrottledAsyncChecker.java:schedule(140)) - Scheduling a check for org.apache.hadoop.ozone.container.common.volume.HddsVolume@5e81b406
2019-08-27 22:34:17,312 [main] INFO  volume.HddsVolumeChecker (HddsVolumeChecker.java:checkAllVolumes(203)) - Scheduled health check for volume org.apache.hadoop.ozone.container.common.volume.HddsVolume@5e81b406
2019-08-27 22:34:17,328 [main] INFO  impl.RaftServerProxy (ConfUtils.java:logGet(43)) - raft.rpc.type = GRPC (default)
2019-08-27 22:34:17,328 [main] INFO  grpc.GrpcFactory (GrpcFactory.java:checkPooledByteBufAllocatorUseCacheForAllThreads(45)) - PERFORMANCE WARNING: useCacheForAllThreads is true that may cause Netty to create a lot garbage objects and, as a result, trigger GC.
	It is recommended to disable useCacheForAllThreads by setting -Dorg.apache.ratis.thirdparty.io.netty.allocator.useCacheForAllThreads=false in command line.
2019-08-27 22:34:17,328 [main] INFO  grpc.GrpcConfigKeys$Server (ConfUtils.java:logGet(43)) - raft.grpc.server.port = 0 (default)
2019-08-27 22:34:17,328 [main] INFO  server.GrpcService (ConfUtils.java:logGet(43)) - raft.grpc.message.size.max = 33570816 (custom)
2019-08-27 22:34:17,328 [main] INFO  server.RaftServerConfigKeys (ConfUtils.java:logGet(43)) - raft.server.log.appender.buffer.byte-limit = 33554432 (custom)
2019-08-27 22:34:17,329 [main] INFO  server.GrpcService (ConfUtils.java:logGet(43)) - raft.grpc.flow.control.window = 1MB (=1048576) (default)
2019-08-27 22:34:17,329 [main] INFO  server.RaftServerConfigKeys (ConfUtils.java:logGet(43)) - raft.server.rpc.request.timeout = 3000ms (default)
2019-08-27 22:34:17,329 [main] INFO  server.RaftServerConfigKeys (ConfUtils.java:logGet(43)) - raft.server.storage.dir = [/workdir/hadoop-ozone/integration-test/target/test-dir/MiniOzoneClusterImpl-4bfb73da-a5a9-4fb9-9b48-1b3bedb326df/datanode-3/data/ratis] (custom)
2019-08-27 22:34:17,330 [main] INFO  replication.SimpleContainerDownloader (SimpleContainerDownloader.java:<init>(72)) - Starting container downloader service to copy containers to replicate.
2019-08-27 22:34:17,330 [main] INFO  hdfs.DFSUtil (DFSUtil.java:httpServerTemplateForNNAndJN(1641)) - Starting Web-server for hddsDatanode at: http://0.0.0.0:0
2019-08-27 22:34:17,332 [main] INFO  server.AuthenticationFilter (AuthenticationFilter.java:constructSecretProvider(240)) - Unable to initialize FileSignerSecretProvider, falling back to use random secrets.
2019-08-27 22:34:17,332 [main] WARN  http.HttpRequestLog (HttpRequestLog.java:getRequestLog(97)) - Jetty request log can only be enabled using Log4j
2019-08-27 22:34:17,333 [main] INFO  http.HttpServer2 (HttpServer2.java:addGlobalFilter(975)) - Added global filter 'safety' (class=org.apache.hadoop.http.HttpServer2$QuotingInputFilter)
2019-08-27 22:34:17,334 [main] INFO  http.HttpServer2 (HttpServer2.java:addFilter(948)) - Added filter static_user_filter (class=org.apache.hadoop.http.lib.StaticUserWebFilter$StaticUserFilter) to context hddsDatanode
2019-08-27 22:34:17,334 [main] INFO  http.HttpServer2 (HttpServer2.java:addFilter(958)) - Added filter static_user_filter (class=org.apache.hadoop.http.lib.StaticUserWebFilter$StaticUserFilter) to context logs
2019-08-27 22:34:17,334 [main] INFO  http.HttpServer2 (HttpServer2.java:addFilter(958)) - Added filter static_user_filter (class=org.apache.hadoop.http.lib.StaticUserWebFilter$StaticUserFilter) to context static
2019-08-27 22:34:17,335 [main] INFO  http.HttpServer2 (HttpServer2.java:bindListener(1191)) - Jetty bound to port 43694
2019-08-27 22:34:17,335 [main] INFO  server.Server (Server.java:doStart(351)) - jetty-9.3.24.v20180605, build timestamp: 2018-06-05T17:11:56Z, git hash: 84205aa28f11a4f31f2a3b86d1bba2cc8ab69827
2019-08-27 22:34:17,336 [main] INFO  handler.ContextHandler (ContextHandler.java:doStart(781)) - Started o.e.j.s.ServletContextHandler@108b2321{/logs,file:///workdir/hadoop-ozone/integration-test/target/log,AVAILABLE}
2019-08-27 22:34:17,337 [main] INFO  handler.ContextHandler (ContextHandler.java:doStart(781)) - Started o.e.j.s.ServletContextHandler@61a369cf{/static,jar:file:/home/user/.m2/repository/org/apache/hadoop/hadoop-hdds-container-service/0.5.0-SNAPSHOT/hadoop-hdds-container-service-0.5.0-SNAPSHOT.jar!/webapps/static,AVAILABLE}
2019-08-27 22:34:17,365 [main] INFO  handler.ContextHandler (ContextHandler.java:doStart(781)) - Started o.e.j.w.WebAppContext@a49cdd6{/,file:///tmp/jetty-0.0.0.0-43694-hddsDatanode-_-any-8728344654815742745.dir/webapp/,AVAILABLE}{/hddsDatanode}
2019-08-27 22:34:17,365 [main] INFO  server.AbstractConnector (AbstractConnector.java:doStart(278)) - Started ServerConnector@109a462e{HTTP/1.1,[http/1.1]}{0.0.0.0:43694}
2019-08-27 22:34:17,365 [main] INFO  server.Server (Server.java:doStart(419)) - Started @624142ms
2019-08-27 22:34:17,367 [main] WARN  impl.MetricsSystemImpl (MetricsSystemImpl.java:register(276)) - Sink prometheus already exists!
2019-08-27 22:34:17,367 [main] INFO  server.BaseHttpServer (BaseHttpServer.java:updateConnectorAddress(215)) - HTTP server of HDDSDATANODE is listening at http://0.0.0.0:43694
2019-08-27 22:34:17,506 | INFO  | ObjectStoreRestHttpServer | Listening HDDS REST traffic on /0.0.0.0:35847 |  
2019-08-27 22:34:17,506 [main] INFO  ozone.HddsDatanodeService (HddsDatanodeService.java:startPlugins(395)) - Started plug-in org.apache.hadoop.ozone.web.OzoneHddsDatanodeService@34e4a136
2019-08-27 22:34:17,506 [main] INFO  impl.MetricsSystemImpl (MetricsSystemImpl.java:init(158)) - HddsDatanode metrics system started (again)
2019-08-27 22:34:17,508 [org.apache.hadoop.util.JvmPauseMonitor$Monitor@4c9ca892] INFO  util.JvmPauseMonitor (JvmPauseMonitor.java:run(188)) - Starting JVM pause monitor
2019-08-27 22:34:17,509 [main] INFO  ozone.HddsDatanodeService (HddsDatanodeService.java:start(184)) - HddsDatanodeService host:pr-hdds-1935-gfhxc-3829810507 ip:192.168.36.82
2019-08-27 22:34:17,509 [Datanode State Machine Thread - 0] INFO  datanode.InitDatanodeState (InitDatanodeState.java:persistContainerDatanodeDetails(140)) - DatanodeDetails is persisted to /workdir/hadoop-ozone/integration-test/target/test-dir/MiniOzoneClusterImpl-4bfb73da-a5a9-4fb9-9b48-1b3bedb326df/datanode-3/meta/datanode.id
2019-08-27 22:34:17,516 [main] INFO  volume.HddsVolume (HddsVolume.java:<init>(176)) - Creating Volume: /workdir/hadoop-ozone/integration-test/target/test-dir/MiniOzoneClusterImpl-4bfb73da-a5a9-4fb9-9b48-1b3bedb326df/datanode-4/data/containers/hdds of  storage type : DISK and capacity : 1482555576320
2019-08-27 22:34:17,516 [main] INFO  volume.VolumeSet (VolumeSet.java:initializeVolumeSet(170)) - Added Volume : /workdir/hadoop-ozone/integration-test/target/test-dir/MiniOzoneClusterImpl-4bfb73da-a5a9-4fb9-9b48-1b3bedb326df/datanode-4/data/containers/hdds to VolumeSet
2019-08-27 22:34:17,516 [main] INFO  volume.ThrottledAsyncChecker (ThrottledAsyncChecker.java:schedule(140)) - Scheduling a check for org.apache.hadoop.ozone.container.common.volume.HddsVolume@f3cc2e0
2019-08-27 22:34:17,517 [main] INFO  volume.HddsVolumeChecker (HddsVolumeChecker.java:checkAllVolumes(203)) - Scheduled health check for volume org.apache.hadoop.ozone.container.common.volume.HddsVolume@f3cc2e0
2019-08-27 22:34:17,533 [main] INFO  impl.RaftServerProxy (ConfUtils.java:logGet(43)) - raft.rpc.type = GRPC (default)
2019-08-27 22:34:17,534 [main] INFO  grpc.GrpcFactory (GrpcFactory.java:checkPooledByteBufAllocatorUseCacheForAllThreads(45)) - PERFORMANCE WARNING: useCacheForAllThreads is true that may cause Netty to create a lot garbage objects and, as a result, trigger GC.
	It is recommended to disable useCacheForAllThreads by setting -Dorg.apache.ratis.thirdparty.io.netty.allocator.useCacheForAllThreads=false in command line.
2019-08-27 22:34:17,534 [main] INFO  grpc.GrpcConfigKeys$Server (ConfUtils.java:logGet(43)) - raft.grpc.server.port = 0 (default)
2019-08-27 22:34:17,534 [main] INFO  server.GrpcService (ConfUtils.java:logGet(43)) - raft.grpc.message.size.max = 33570816 (custom)
2019-08-27 22:34:17,534 [main] INFO  server.RaftServerConfigKeys (ConfUtils.java:logGet(43)) - raft.server.log.appender.buffer.byte-limit = 33554432 (custom)
2019-08-27 22:34:17,534 [main] INFO  server.GrpcService (ConfUtils.java:logGet(43)) - raft.grpc.flow.control.window = 1MB (=1048576) (default)
2019-08-27 22:34:17,535 [main] INFO  server.RaftServerConfigKeys (ConfUtils.java:logGet(43)) - raft.server.rpc.request.timeout = 3000ms (default)
2019-08-27 22:34:17,535 [main] INFO  server.RaftServerConfigKeys (ConfUtils.java:logGet(43)) - raft.server.storage.dir = [/workdir/hadoop-ozone/integration-test/target/test-dir/MiniOzoneClusterImpl-4bfb73da-a5a9-4fb9-9b48-1b3bedb326df/datanode-4/data/ratis] (custom)
2019-08-27 22:34:17,535 [main] INFO  replication.SimpleContainerDownloader (SimpleContainerDownloader.java:<init>(72)) - Starting container downloader service to copy containers to replicate.
2019-08-27 22:34:17,536 [main] INFO  hdfs.DFSUtil (DFSUtil.java:httpServerTemplateForNNAndJN(1641)) - Starting Web-server for hddsDatanode at: http://0.0.0.0:0
2019-08-27 22:34:17,538 [main] INFO  server.AuthenticationFilter (AuthenticationFilter.java:constructSecretProvider(240)) - Unable to initialize FileSignerSecretProvider, falling back to use random secrets.
2019-08-27 22:34:17,538 [main] WARN  http.HttpRequestLog (HttpRequestLog.java:getRequestLog(97)) - Jetty request log can only be enabled using Log4j
2019-08-27 22:34:17,539 [main] INFO  http.HttpServer2 (HttpServer2.java:addGlobalFilter(975)) - Added global filter 'safety' (class=org.apache.hadoop.http.HttpServer2$QuotingInputFilter)
2019-08-27 22:34:17,540 [main] INFO  http.HttpServer2 (HttpServer2.java:addFilter(948)) - Added filter static_user_filter (class=org.apache.hadoop.http.lib.StaticUserWebFilter$StaticUserFilter) to context hddsDatanode
2019-08-27 22:34:17,540 [main] INFO  http.HttpServer2 (HttpServer2.java:addFilter(958)) - Added filter static_user_filter (class=org.apache.hadoop.http.lib.StaticUserWebFilter$StaticUserFilter) to context static
2019-08-27 22:34:17,540 [main] INFO  http.HttpServer2 (HttpServer2.java:addFilter(958)) - Added filter static_user_filter (class=org.apache.hadoop.http.lib.StaticUserWebFilter$StaticUserFilter) to context logs
2019-08-27 22:34:17,541 [main] INFO  http.HttpServer2 (HttpServer2.java:bindListener(1191)) - Jetty bound to port 46861
2019-08-27 22:34:17,541 [main] INFO  server.Server (Server.java:doStart(351)) - jetty-9.3.24.v20180605, build timestamp: 2018-06-05T17:11:56Z, git hash: 84205aa28f11a4f31f2a3b86d1bba2cc8ab69827
2019-08-27 22:34:17,542 [main] INFO  handler.ContextHandler (ContextHandler.java:doStart(781)) - Started o.e.j.s.ServletContextHandler@66b9f727{/logs,file:///workdir/hadoop-ozone/integration-test/target/log,AVAILABLE}
2019-08-27 22:34:17,543 [main] INFO  handler.ContextHandler (ContextHandler.java:doStart(781)) - Started o.e.j.s.ServletContextHandler@2d33aa31{/static,jar:file:/home/user/.m2/repository/org/apache/hadoop/hadoop-hdds-container-service/0.5.0-SNAPSHOT/hadoop-hdds-container-service-0.5.0-SNAPSHOT.jar!/webapps/static,AVAILABLE}
2019-08-27 22:34:17,570 [main] INFO  handler.ContextHandler (ContextHandler.java:doStart(781)) - Started o.e.j.w.WebAppContext@674b2703{/,file:///tmp/jetty-0.0.0.0-46861-hddsDatanode-_-any-9131743062608430183.dir/webapp/,AVAILABLE}{/hddsDatanode}
2019-08-27 22:34:17,570 [main] INFO  server.AbstractConnector (AbstractConnector.java:doStart(278)) - Started ServerConnector@67441705{HTTP/1.1,[http/1.1]}{0.0.0.0:46861}
2019-08-27 22:34:17,571 [main] INFO  server.Server (Server.java:doStart(419)) - Started @624348ms
2019-08-27 22:34:17,572 [main] WARN  impl.MetricsSystemImpl (MetricsSystemImpl.java:register(276)) - Sink prometheus already exists!
2019-08-27 22:34:17,572 [main] INFO  server.BaseHttpServer (BaseHttpServer.java:updateConnectorAddress(215)) - HTTP server of HDDSDATANODE is listening at http://0.0.0.0:46861
2019-08-27 22:34:17,689 | INFO  | ObjectStoreRestHttpServer | Listening HDDS REST traffic on /0.0.0.0:36621 |  
2019-08-27 22:34:17,689 [main] INFO  ozone.HddsDatanodeService (HddsDatanodeService.java:startPlugins(395)) - Started plug-in org.apache.hadoop.ozone.web.OzoneHddsDatanodeService@4d71476c
2019-08-27 22:34:17,689 [main] INFO  impl.MetricsSystemImpl (MetricsSystemImpl.java:init(158)) - HddsDatanode metrics system started (again)
2019-08-27 22:34:17,692 [org.apache.hadoop.util.JvmPauseMonitor$Monitor@10203a8a] INFO  util.JvmPauseMonitor (JvmPauseMonitor.java:run(188)) - Starting JVM pause monitor
2019-08-27 22:34:17,692 [main] INFO  ozone.HddsDatanodeService (HddsDatanodeService.java:start(184)) - HddsDatanodeService host:pr-hdds-1935-gfhxc-3829810507 ip:192.168.36.82
2019-08-27 22:34:17,693 [Datanode State Machine Thread - 0] INFO  datanode.InitDatanodeState (InitDatanodeState.java:persistContainerDatanodeDetails(140)) - DatanodeDetails is persisted to /workdir/hadoop-ozone/integration-test/target/test-dir/MiniOzoneClusterImpl-4bfb73da-a5a9-4fb9-9b48-1b3bedb326df/datanode-4/meta/datanode.id
2019-08-27 22:34:17,700 [main] INFO  volume.HddsVolume (HddsVolume.java:<init>(176)) - Creating Volume: /workdir/hadoop-ozone/integration-test/target/test-dir/MiniOzoneClusterImpl-4bfb73da-a5a9-4fb9-9b48-1b3bedb326df/datanode-5/data/containers/hdds of  storage type : DISK and capacity : 1482555576320
2019-08-27 22:34:17,700 [main] INFO  volume.VolumeSet (VolumeSet.java:initializeVolumeSet(170)) - Added Volume : /workdir/hadoop-ozone/integration-test/target/test-dir/MiniOzoneClusterImpl-4bfb73da-a5a9-4fb9-9b48-1b3bedb326df/datanode-5/data/containers/hdds to VolumeSet
2019-08-27 22:34:17,701 [main] INFO  volume.ThrottledAsyncChecker (ThrottledAsyncChecker.java:schedule(140)) - Scheduling a check for org.apache.hadoop.ozone.container.common.volume.HddsVolume@1fc51af7
2019-08-27 22:34:17,701 [main] INFO  volume.HddsVolumeChecker (HddsVolumeChecker.java:checkAllVolumes(203)) - Scheduled health check for volume org.apache.hadoop.ozone.container.common.volume.HddsVolume@1fc51af7
2019-08-27 22:34:17,720 [main] INFO  impl.RaftServerProxy (ConfUtils.java:logGet(43)) - raft.rpc.type = GRPC (default)
2019-08-27 22:34:17,720 [main] INFO  grpc.GrpcFactory (GrpcFactory.java:checkPooledByteBufAllocatorUseCacheForAllThreads(45)) - PERFORMANCE WARNING: useCacheForAllThreads is true that may cause Netty to create a lot garbage objects and, as a result, trigger GC.
	It is recommended to disable useCacheForAllThreads by setting -Dorg.apache.ratis.thirdparty.io.netty.allocator.useCacheForAllThreads=false in command line.
2019-08-27 22:34:17,720 [main] INFO  grpc.GrpcConfigKeys$Server (ConfUtils.java:logGet(43)) - raft.grpc.server.port = 0 (default)
2019-08-27 22:34:17,720 [main] INFO  server.GrpcService (ConfUtils.java:logGet(43)) - raft.grpc.message.size.max = 33570816 (custom)
2019-08-27 22:34:17,720 [main] INFO  server.RaftServerConfigKeys (ConfUtils.java:logGet(43)) - raft.server.log.appender.buffer.byte-limit = 33554432 (custom)
2019-08-27 22:34:17,721 [main] INFO  server.GrpcService (ConfUtils.java:logGet(43)) - raft.grpc.flow.control.window = 1MB (=1048576) (default)
2019-08-27 22:34:17,721 [main] INFO  server.RaftServerConfigKeys (ConfUtils.java:logGet(43)) - raft.server.rpc.request.timeout = 3000ms (default)
2019-08-27 22:34:17,721 [main] INFO  server.RaftServerConfigKeys (ConfUtils.java:logGet(43)) - raft.server.storage.dir = [/workdir/hadoop-ozone/integration-test/target/test-dir/MiniOzoneClusterImpl-4bfb73da-a5a9-4fb9-9b48-1b3bedb326df/datanode-5/data/ratis] (custom)
2019-08-27 22:34:17,722 [main] INFO  replication.SimpleContainerDownloader (SimpleContainerDownloader.java:<init>(72)) - Starting container downloader service to copy containers to replicate.
2019-08-27 22:34:17,722 [main] INFO  hdfs.DFSUtil (DFSUtil.java:httpServerTemplateForNNAndJN(1641)) - Starting Web-server for hddsDatanode at: http://0.0.0.0:0
2019-08-27 22:34:17,725 [main] INFO  server.AuthenticationFilter (AuthenticationFilter.java:constructSecretProvider(240)) - Unable to initialize FileSignerSecretProvider, falling back to use random secrets.
2019-08-27 22:34:17,725 [main] WARN  http.HttpRequestLog (HttpRequestLog.java:getRequestLog(97)) - Jetty request log can only be enabled using Log4j
2019-08-27 22:34:17,727 [main] INFO  http.HttpServer2 (HttpServer2.java:addGlobalFilter(975)) - Added global filter 'safety' (class=org.apache.hadoop.http.HttpServer2$QuotingInputFilter)
2019-08-27 22:34:17,727 [main] INFO  http.HttpServer2 (HttpServer2.java:addFilter(948)) - Added filter static_user_filter (class=org.apache.hadoop.http.lib.StaticUserWebFilter$StaticUserFilter) to context hddsDatanode
2019-08-27 22:34:17,727 [main] INFO  http.HttpServer2 (HttpServer2.java:addFilter(958)) - Added filter static_user_filter (class=org.apache.hadoop.http.lib.StaticUserWebFilter$StaticUserFilter) to context logs
2019-08-27 22:34:17,728 [main] INFO  http.HttpServer2 (HttpServer2.java:addFilter(958)) - Added filter static_user_filter (class=org.apache.hadoop.http.lib.StaticUserWebFilter$StaticUserFilter) to context static
2019-08-27 22:34:17,729 [main] INFO  http.HttpServer2 (HttpServer2.java:bindListener(1191)) - Jetty bound to port 36198
2019-08-27 22:34:17,729 [main] INFO  server.Server (Server.java:doStart(351)) - jetty-9.3.24.v20180605, build timestamp: 2018-06-05T17:11:56Z, git hash: 84205aa28f11a4f31f2a3b86d1bba2cc8ab69827
2019-08-27 22:34:17,730 [main] INFO  handler.ContextHandler (ContextHandler.java:doStart(781)) - Started o.e.j.s.ServletContextHandler@7a273fd7{/logs,file:///workdir/hadoop-ozone/integration-test/target/log,AVAILABLE}
2019-08-27 22:34:17,731 [main] INFO  handler.ContextHandler (ContextHandler.java:doStart(781)) - Started o.e.j.s.ServletContextHandler@3bf31f3e{/static,jar:file:/home/user/.m2/repository/org/apache/hadoop/hadoop-hdds-container-service/0.5.0-SNAPSHOT/hadoop-hdds-container-service-0.5.0-SNAPSHOT.jar!/webapps/static,AVAILABLE}
2019-08-27 22:34:17,766 [main] INFO  handler.ContextHandler (ContextHandler.java:doStart(781)) - Started o.e.j.w.WebAppContext@3503e68e{/,file:///tmp/jetty-0.0.0.0-36198-hddsDatanode-_-any-8554998170974923002.dir/webapp/,AVAILABLE}{/hddsDatanode}
2019-08-27 22:34:17,766 [main] INFO  server.AbstractConnector (AbstractConnector.java:doStart(278)) - Started ServerConnector@7c2d4398{HTTP/1.1,[http/1.1]}{0.0.0.0:36198}
2019-08-27 22:34:17,767 [main] INFO  server.Server (Server.java:doStart(419)) - Started @624544ms
2019-08-27 22:34:17,768 [main] WARN  impl.MetricsSystemImpl (MetricsSystemImpl.java:register(276)) - Sink prometheus already exists!
2019-08-27 22:34:17,768 [main] INFO  server.BaseHttpServer (BaseHttpServer.java:updateConnectorAddress(215)) - HTTP server of HDDSDATANODE is listening at http://0.0.0.0:36198
2019-08-27 22:34:17,901 | INFO  | ObjectStoreRestHttpServer | Listening HDDS REST traffic on /0.0.0.0:36035 |  
2019-08-27 22:34:17,901 [main] INFO  ozone.HddsDatanodeService (HddsDatanodeService.java:startPlugins(395)) - Started plug-in org.apache.hadoop.ozone.web.OzoneHddsDatanodeService@3ac2772d
2019-08-27 22:34:17,901 [main] INFO  impl.MetricsSystemImpl (MetricsSystemImpl.java:init(158)) - HddsDatanode metrics system started (again)
2019-08-27 22:34:17,905 [org.apache.hadoop.util.JvmPauseMonitor$Monitor@3ab199ea] INFO  util.JvmPauseMonitor (JvmPauseMonitor.java:run(188)) - Starting JVM pause monitor
2019-08-27 22:34:17,906 [main] INFO  ozone.HddsDatanodeService (HddsDatanodeService.java:start(184)) - HddsDatanodeService host:pr-hdds-1935-gfhxc-3829810507 ip:192.168.36.82
2019-08-27 22:34:17,906 [Datanode State Machine Thread - 0] INFO  datanode.InitDatanodeState (InitDatanodeState.java:persistContainerDatanodeDetails(140)) - DatanodeDetails is persisted to /workdir/hadoop-ozone/integration-test/target/test-dir/MiniOzoneClusterImpl-4bfb73da-a5a9-4fb9-9b48-1b3bedb326df/datanode-5/meta/datanode.id
2019-08-27 22:34:17,916 [main] INFO  volume.HddsVolume (HddsVolume.java:<init>(176)) - Creating Volume: /workdir/hadoop-ozone/integration-test/target/test-dir/MiniOzoneClusterImpl-4bfb73da-a5a9-4fb9-9b48-1b3bedb326df/datanode-6/data/containers/hdds of  storage type : DISK and capacity : 1482555576320
2019-08-27 22:34:17,916 [main] INFO  volume.VolumeSet (VolumeSet.java:initializeVolumeSet(170)) - Added Volume : /workdir/hadoop-ozone/integration-test/target/test-dir/MiniOzoneClusterImpl-4bfb73da-a5a9-4fb9-9b48-1b3bedb326df/datanode-6/data/containers/hdds to VolumeSet
2019-08-27 22:34:17,917 [main] INFO  volume.ThrottledAsyncChecker (ThrottledAsyncChecker.java:schedule(140)) - Scheduling a check for org.apache.hadoop.ozone.container.common.volume.HddsVolume@2c9616bb
2019-08-27 22:34:17,917 [main] INFO  volume.HddsVolumeChecker (HddsVolumeChecker.java:checkAllVolumes(203)) - Scheduled health check for volume org.apache.hadoop.ozone.container.common.volume.HddsVolume@2c9616bb
2019-08-27 22:34:17,932 [main] INFO  impl.RaftServerProxy (ConfUtils.java:logGet(43)) - raft.rpc.type = GRPC (default)
2019-08-27 22:34:17,933 [main] INFO  grpc.GrpcFactory (GrpcFactory.java:checkPooledByteBufAllocatorUseCacheForAllThreads(45)) - PERFORMANCE WARNING: useCacheForAllThreads is true that may cause Netty to create a lot garbage objects and, as a result, trigger GC.
	It is recommended to disable useCacheForAllThreads by setting -Dorg.apache.ratis.thirdparty.io.netty.allocator.useCacheForAllThreads=false in command line.
2019-08-27 22:34:17,933 [main] INFO  grpc.GrpcConfigKeys$Server (ConfUtils.java:logGet(43)) - raft.grpc.server.port = 0 (default)
2019-08-27 22:34:17,933 [main] INFO  server.GrpcService (ConfUtils.java:logGet(43)) - raft.grpc.message.size.max = 33570816 (custom)
2019-08-27 22:34:17,933 [main] INFO  server.RaftServerConfigKeys (ConfUtils.java:logGet(43)) - raft.server.log.appender.buffer.byte-limit = 33554432 (custom)
2019-08-27 22:34:17,933 [main] INFO  server.GrpcService (ConfUtils.java:logGet(43)) - raft.grpc.flow.control.window = 1MB (=1048576) (default)
2019-08-27 22:34:17,934 [main] INFO  server.RaftServerConfigKeys (ConfUtils.java:logGet(43)) - raft.server.rpc.request.timeout = 3000ms (default)
2019-08-27 22:34:17,934 [main] INFO  server.RaftServerConfigKeys (ConfUtils.java:logGet(43)) - raft.server.storage.dir = [/workdir/hadoop-ozone/integration-test/target/test-dir/MiniOzoneClusterImpl-4bfb73da-a5a9-4fb9-9b48-1b3bedb326df/datanode-6/data/ratis] (custom)
2019-08-27 22:34:17,934 [main] INFO  replication.SimpleContainerDownloader (SimpleContainerDownloader.java:<init>(72)) - Starting container downloader service to copy containers to replicate.
2019-08-27 22:34:17,935 [main] INFO  hdfs.DFSUtil (DFSUtil.java:httpServerTemplateForNNAndJN(1641)) - Starting Web-server for hddsDatanode at: http://0.0.0.0:0
2019-08-27 22:34:17,937 [main] INFO  server.AuthenticationFilter (AuthenticationFilter.java:constructSecretProvider(240)) - Unable to initialize FileSignerSecretProvider, falling back to use random secrets.
2019-08-27 22:34:17,937 [main] WARN  http.HttpRequestLog (HttpRequestLog.java:getRequestLog(97)) - Jetty request log can only be enabled using Log4j
2019-08-27 22:34:17,938 [main] INFO  http.HttpServer2 (HttpServer2.java:addGlobalFilter(975)) - Added global filter 'safety' (class=org.apache.hadoop.http.HttpServer2$QuotingInputFilter)
2019-08-27 22:34:17,939 [main] INFO  http.HttpServer2 (HttpServer2.java:addFilter(948)) - Added filter static_user_filter (class=org.apache.hadoop.http.lib.StaticUserWebFilter$StaticUserFilter) to context hddsDatanode
2019-08-27 22:34:17,939 [main] INFO  http.HttpServer2 (HttpServer2.java:addFilter(958)) - Added filter static_user_filter (class=org.apache.hadoop.http.lib.StaticUserWebFilter$StaticUserFilter) to context static
2019-08-27 22:34:17,939 [main] INFO  http.HttpServer2 (HttpServer2.java:addFilter(958)) - Added filter static_user_filter (class=org.apache.hadoop.http.lib.StaticUserWebFilter$StaticUserFilter) to context logs
2019-08-27 22:34:17,940 [main] INFO  http.HttpServer2 (HttpServer2.java:bindListener(1191)) - Jetty bound to port 44476
2019-08-27 22:34:17,940 [main] INFO  server.Server (Server.java:doStart(351)) - jetty-9.3.24.v20180605, build timestamp: 2018-06-05T17:11:56Z, git hash: 84205aa28f11a4f31f2a3b86d1bba2cc8ab69827
2019-08-27 22:34:17,941 [main] INFO  handler.ContextHandler (ContextHandler.java:doStart(781)) - Started o.e.j.s.ServletContextHandler@74c919b2{/logs,file:///workdir/hadoop-ozone/integration-test/target/log,AVAILABLE}
2019-08-27 22:34:17,942 [main] INFO  handler.ContextHandler (ContextHandler.java:doStart(781)) - Started o.e.j.s.ServletContextHandler@35307365{/static,jar:file:/home/user/.m2/repository/org/apache/hadoop/hadoop-hdds-container-service/0.5.0-SNAPSHOT/hadoop-hdds-container-service-0.5.0-SNAPSHOT.jar!/webapps/static,AVAILABLE}
2019-08-27 22:34:17,969 [main] INFO  handler.ContextHandler (ContextHandler.java:doStart(781)) - Started o.e.j.w.WebAppContext@452aea78{/,file:///tmp/jetty-0.0.0.0-44476-hddsDatanode-_-any-4950057606869201118.dir/webapp/,AVAILABLE}{/hddsDatanode}
2019-08-27 22:34:17,969 [main] INFO  server.AbstractConnector (AbstractConnector.java:doStart(278)) - Started ServerConnector@2ca9e25a{HTTP/1.1,[http/1.1]}{0.0.0.0:44476}
2019-08-27 22:34:17,974 [main] INFO  server.Server (Server.java:doStart(419)) - Started @624751ms
2019-08-27 22:34:17,974 [main] WARN  impl.MetricsSystemImpl (MetricsSystemImpl.java:register(276)) - Sink prometheus already exists!
2019-08-27 22:34:17,975 [main] INFO  server.BaseHttpServer (BaseHttpServer.java:updateConnectorAddress(215)) - HTTP server of HDDSDATANODE is listening at http://0.0.0.0:44476
2019-08-27 22:34:18,091 | INFO  | ObjectStoreRestHttpServer | Listening HDDS REST traffic on /0.0.0.0:43480 |  
2019-08-27 22:34:18,091 [main] INFO  ozone.HddsDatanodeService (HddsDatanodeService.java:startPlugins(395)) - Started plug-in org.apache.hadoop.ozone.web.OzoneHddsDatanodeService@2aef651
2019-08-27 22:34:18,092 [main] INFO  ozone.MiniOzoneClusterImpl (MiniOzoneClusterImpl.java:lambda$waitForClusterToBeReady$0(142)) - Waiting for cluster to be ready. Got 0 of 7 DN Heartbeats.
2019-08-27 22:34:18,093 [org.apache.hadoop.util.JvmPauseMonitor$Monitor@133c4602] INFO  util.JvmPauseMonitor (JvmPauseMonitor.java:run(188)) - Starting JVM pause monitor
2019-08-27 22:34:18,094 [Datanode State Machine Thread - 0] INFO  datanode.InitDatanodeState (InitDatanodeState.java:persistContainerDatanodeDetails(140)) - DatanodeDetails is persisted to /workdir/hadoop-ozone/integration-test/target/test-dir/MiniOzoneClusterImpl-4bfb73da-a5a9-4fb9-9b48-1b3bedb326df/datanode-6/meta/datanode.id
2019-08-27 22:34:18,950 | INFO  | SCMAudit | user=jenkins1000 | ip=192.168.36.82 | op=GET_VERSION null | ret=SUCCESS |  
2019-08-27 22:34:18,991 [Datanode State Machine Thread - 0] INFO  ozoneimpl.OzoneContainer (OzoneContainer.java:start(186)) - Attempting to start container services.
2019-08-27 22:34:18,991 [Datanode State Machine Thread - 0] INFO  ozoneimpl.OzoneContainer (OzoneContainer.java:startContainerScrub(160)) - Background container scrubber has been disabled by hdds.containerscrub.enabled
2019-08-27 22:34:18,991 [Datanode State Machine Thread - 0] INFO  ratis.XceiverServerRatis (XceiverServerRatis.java:start(404)) - Starting XceiverServerRatis 9cd9b32c-8455-4cb6-9cfb-b7cb8243d3b0 at port 0
2019-08-27 22:34:18,996 [Datanode State Machine Thread - 0] INFO  impl.RaftServerProxy (RaftServerProxy.java:lambda$start$3(299)) - 9cd9b32c-8455-4cb6-9cfb-b7cb8243d3b0: start RPC server
2019-08-27 22:34:18,997 [Datanode State Machine Thread - 0] INFO  server.GrpcService (GrpcService.java:startImpl(149)) - 9cd9b32c-8455-4cb6-9cfb-b7cb8243d3b0: GrpcService started, listening on 0.0.0.0/0.0.0.0:44234
2019-08-27 22:34:18,997 [Datanode State Machine Thread - 0] INFO  ratis.XceiverServerRatis (XceiverServerRatis.java:start(414)) - XceiverServerRatis 9cd9b32c-8455-4cb6-9cfb-b7cb8243d3b0 is started using port 44234
2019-08-27 22:34:18,998 [Datanode State Machine Thread - 0] INFO  server.XceiverServerGrpc (XceiverServerGrpc.java:start(161)) - XceiverServerGrpc 9cd9b32c-8455-4cb6-9cfb-b7cb8243d3b0 is started using port 33683
2019-08-27 22:34:19,092 [main] INFO  ozone.MiniOzoneClusterImpl (MiniOzoneClusterImpl.java:lambda$waitForClusterToBeReady$0(142)) - Waiting for cluster to be ready. Got 0 of 7 DN Heartbeats.
2019-08-27 22:34:19,119 | INFO  | SCMAudit | user=jenkins1000 | ip=192.168.36.82 | op=GET_VERSION null | ret=SUCCESS |  
2019-08-27 22:34:19,134 [Datanode State Machine Thread - 0] INFO  ozoneimpl.OzoneContainer (OzoneContainer.java:start(186)) - Attempting to start container services.
2019-08-27 22:34:19,134 [Datanode State Machine Thread - 0] INFO  ozoneimpl.OzoneContainer (OzoneContainer.java:startContainerScrub(160)) - Background container scrubber has been disabled by hdds.containerscrub.enabled
2019-08-27 22:34:19,134 [Datanode State Machine Thread - 0] INFO  ratis.XceiverServerRatis (XceiverServerRatis.java:start(404)) - Starting XceiverServerRatis a81afeb8-02c0-499f-ae14-dff73637c02f at port 0
2019-08-27 22:34:19,139 [Datanode State Machine Thread - 0] INFO  impl.RaftServerProxy (RaftServerProxy.java:lambda$start$3(299)) - a81afeb8-02c0-499f-ae14-dff73637c02f: start RPC server
2019-08-27 22:34:19,140 [Datanode State Machine Thread - 0] INFO  server.GrpcService (GrpcService.java:startImpl(149)) - a81afeb8-02c0-499f-ae14-dff73637c02f: GrpcService started, listening on 0.0.0.0/0.0.0.0:38974
2019-08-27 22:34:19,140 [Datanode State Machine Thread - 0] INFO  ratis.XceiverServerRatis (XceiverServerRatis.java:start(414)) - XceiverServerRatis a81afeb8-02c0-499f-ae14-dff73637c02f is started using port 38974
2019-08-27 22:34:19,140 [Datanode State Machine Thread - 0] INFO  server.XceiverServerGrpc (XceiverServerGrpc.java:start(161)) - XceiverServerGrpc a81afeb8-02c0-499f-ae14-dff73637c02f is started using port 40245
2019-08-27 22:34:19,303 | INFO  | SCMAudit | user=jenkins1000 | ip=192.168.36.82 | op=GET_VERSION null | ret=SUCCESS |  
2019-08-27 22:34:19,318 [Datanode State Machine Thread - 0] INFO  ozoneimpl.OzoneContainer (OzoneContainer.java:start(186)) - Attempting to start container services.
2019-08-27 22:34:19,319 [Datanode State Machine Thread - 0] INFO  ozoneimpl.OzoneContainer (OzoneContainer.java:startContainerScrub(160)) - Background container scrubber has been disabled by hdds.containerscrub.enabled
2019-08-27 22:34:19,319 [Datanode State Machine Thread - 0] INFO  ratis.XceiverServerRatis (XceiverServerRatis.java:start(404)) - Starting XceiverServerRatis 548722b6-cbc9-4ce8-a377-29ae8acd3811 at port 0
2019-08-27 22:34:19,323 [Datanode State Machine Thread - 0] INFO  impl.RaftServerProxy (RaftServerProxy.java:lambda$start$3(299)) - 548722b6-cbc9-4ce8-a377-29ae8acd3811: start RPC server
2019-08-27 22:34:19,324 [Datanode State Machine Thread - 0] INFO  server.GrpcService (GrpcService.java:startImpl(149)) - 548722b6-cbc9-4ce8-a377-29ae8acd3811: GrpcService started, listening on 0.0.0.0/0.0.0.0:36160
2019-08-27 22:34:19,324 [Datanode State Machine Thread - 0] INFO  ratis.XceiverServerRatis (XceiverServerRatis.java:start(414)) - XceiverServerRatis 548722b6-cbc9-4ce8-a377-29ae8acd3811 is started using port 36160
2019-08-27 22:34:19,324 [Datanode State Machine Thread - 0] INFO  server.XceiverServerGrpc (XceiverServerGrpc.java:start(161)) - XceiverServerGrpc 548722b6-cbc9-4ce8-a377-29ae8acd3811 is started using port 40973
2019-08-27 22:34:19,508 | INFO  | SCMAudit | user=jenkins1000 | ip=192.168.36.82 | op=GET_VERSION null | ret=SUCCESS |  
2019-08-27 22:34:19,521 [Datanode State Machine Thread - 0] INFO  ozoneimpl.OzoneContainer (OzoneContainer.java:start(186)) - Attempting to start container services.
2019-08-27 22:34:19,521 [Datanode State Machine Thread - 0] INFO  ozoneimpl.OzoneContainer (OzoneContainer.java:startContainerScrub(160)) - Background container scrubber has been disabled by hdds.containerscrub.enabled
2019-08-27 22:34:19,521 [Datanode State Machine Thread - 0] INFO  ratis.XceiverServerRatis (XceiverServerRatis.java:start(404)) - Starting XceiverServerRatis 5c93a3d6-ac2f-433c-ae21-a0594b3a4eb9 at port 0
2019-08-27 22:34:19,526 [Datanode State Machine Thread - 0] INFO  impl.RaftServerProxy (RaftServerProxy.java:lambda$start$3(299)) - 5c93a3d6-ac2f-433c-ae21-a0594b3a4eb9: start RPC server
2019-08-27 22:34:19,529 [Datanode State Machine Thread - 0] INFO  server.GrpcService (GrpcService.java:startImpl(149)) - 5c93a3d6-ac2f-433c-ae21-a0594b3a4eb9: GrpcService started, listening on 0.0.0.0/0.0.0.0:44528
2019-08-27 22:34:19,529 [Datanode State Machine Thread - 0] INFO  ratis.XceiverServerRatis (XceiverServerRatis.java:start(414)) - XceiverServerRatis 5c93a3d6-ac2f-433c-ae21-a0594b3a4eb9 is started using port 44528
2019-08-27 22:34:19,529 [Datanode State Machine Thread - 0] INFO  server.XceiverServerGrpc (XceiverServerGrpc.java:start(161)) - XceiverServerGrpc 5c93a3d6-ac2f-433c-ae21-a0594b3a4eb9 is started using port 46741
2019-08-27 22:34:19,692 | INFO  | SCMAudit | user=jenkins1000 | ip=192.168.36.82 | op=GET_VERSION null | ret=SUCCESS |  
2019-08-27 22:34:19,705 [Datanode State Machine Thread - 0] INFO  ozoneimpl.OzoneContainer (OzoneContainer.java:start(186)) - Attempting to start container services.
2019-08-27 22:34:19,705 [Datanode State Machine Thread - 0] INFO  ozoneimpl.OzoneContainer (OzoneContainer.java:startContainerScrub(160)) - Background container scrubber has been disabled by hdds.containerscrub.enabled
2019-08-27 22:34:19,705 [Datanode State Machine Thread - 0] INFO  ratis.XceiverServerRatis (XceiverServerRatis.java:start(404)) - Starting XceiverServerRatis 89f59389-d833-4deb-a03d-413db5a1260e at port 0
2019-08-27 22:34:19,709 [Datanode State Machine Thread - 0] INFO  impl.RaftServerProxy (RaftServerProxy.java:lambda$start$3(299)) - 89f59389-d833-4deb-a03d-413db5a1260e: start RPC server
2019-08-27 22:34:19,710 [Datanode State Machine Thread - 0] INFO  server.GrpcService (GrpcService.java:startImpl(149)) - 89f59389-d833-4deb-a03d-413db5a1260e: GrpcService started, listening on 0.0.0.0/0.0.0.0:43095
2019-08-27 22:34:19,710 [Datanode State Machine Thread - 0] INFO  ratis.XceiverServerRatis (XceiverServerRatis.java:start(414)) - XceiverServerRatis 89f59389-d833-4deb-a03d-413db5a1260e is started using port 43095
2019-08-27 22:34:19,710 [Datanode State Machine Thread - 0] INFO  server.XceiverServerGrpc (XceiverServerGrpc.java:start(161)) - XceiverServerGrpc 89f59389-d833-4deb-a03d-413db5a1260e is started using port 40092
2019-08-27 22:34:19,905 | INFO  | SCMAudit | user=jenkins1000 | ip=192.168.36.82 | op=GET_VERSION null | ret=SUCCESS |  
2019-08-27 22:34:19,919 [Datanode State Machine Thread - 0] INFO  ozoneimpl.OzoneContainer (OzoneContainer.java:start(186)) - Attempting to start container services.
2019-08-27 22:34:19,919 [Datanode State Machine Thread - 0] INFO  ozoneimpl.OzoneContainer (OzoneContainer.java:startContainerScrub(160)) - Background container scrubber has been disabled by hdds.containerscrub.enabled
2019-08-27 22:34:19,919 [Datanode State Machine Thread - 0] INFO  ratis.XceiverServerRatis (XceiverServerRatis.java:start(404)) - Starting XceiverServerRatis 506fee67-9f81-4cae-aaf5-08e8c0b305e7 at port 0
2019-08-27 22:34:19,925 [Datanode State Machine Thread - 0] INFO  impl.RaftServerProxy (RaftServerProxy.java:lambda$start$3(299)) - 506fee67-9f81-4cae-aaf5-08e8c0b305e7: start RPC server
2019-08-27 22:34:19,926 [Datanode State Machine Thread - 0] INFO  server.GrpcService (GrpcService.java:startImpl(149)) - 506fee67-9f81-4cae-aaf5-08e8c0b305e7: GrpcService started, listening on 0.0.0.0/0.0.0.0:44257
2019-08-27 22:34:19,926 [Datanode State Machine Thread - 0] INFO  ratis.XceiverServerRatis (XceiverServerRatis.java:start(414)) - XceiverServerRatis 506fee67-9f81-4cae-aaf5-08e8c0b305e7 is started using port 44257
2019-08-27 22:34:19,929 [Datanode State Machine Thread - 0] INFO  server.XceiverServerGrpc (XceiverServerGrpc.java:start(161)) - XceiverServerGrpc 506fee67-9f81-4cae-aaf5-08e8c0b305e7 is started using port 45481
2019-08-27 22:34:20,093 [main] INFO  ozone.MiniOzoneClusterImpl (MiniOzoneClusterImpl.java:lambda$waitForClusterToBeReady$0(142)) - Waiting for cluster to be ready. Got 0 of 7 DN Heartbeats.
2019-08-27 22:34:20,093 | INFO  | SCMAudit | user=jenkins1000 | ip=192.168.36.82 | op=GET_VERSION null | ret=SUCCESS |  
2019-08-27 22:34:20,119 [Datanode State Machine Thread - 0] INFO  ozoneimpl.OzoneContainer (OzoneContainer.java:start(186)) - Attempting to start container services.
2019-08-27 22:34:20,119 [Datanode State Machine Thread - 0] INFO  ozoneimpl.OzoneContainer (OzoneContainer.java:startContainerScrub(160)) - Background container scrubber has been disabled by hdds.containerscrub.enabled
2019-08-27 22:34:20,120 [Datanode State Machine Thread - 0] INFO  ratis.XceiverServerRatis (XceiverServerRatis.java:start(404)) - Starting XceiverServerRatis 3684abad-3f62-4e52-8505-9bc5f15bfb14 at port 0
2019-08-27 22:34:20,126 [Datanode State Machine Thread - 0] INFO  impl.RaftServerProxy (RaftServerProxy.java:lambda$start$3(299)) - 3684abad-3f62-4e52-8505-9bc5f15bfb14: start RPC server
2019-08-27 22:34:20,129 [Datanode State Machine Thread - 0] INFO  server.GrpcService (GrpcService.java:startImpl(149)) - 3684abad-3f62-4e52-8505-9bc5f15bfb14: GrpcService started, listening on 0.0.0.0/0.0.0.0:44569
2019-08-27 22:34:20,130 [Datanode State Machine Thread - 0] INFO  ratis.XceiverServerRatis (XceiverServerRatis.java:start(414)) - XceiverServerRatis 3684abad-3f62-4e52-8505-9bc5f15bfb14 is started using port 44569
2019-08-27 22:34:20,133 [Datanode State Machine Thread - 0] INFO  server.XceiverServerGrpc (XceiverServerGrpc.java:start(161)) - XceiverServerGrpc 3684abad-3f62-4e52-8505-9bc5f15bfb14 is started using port 34424
2019-08-27 22:34:20,949 [IPC Server handler 4 on 33406] INFO  net.NetworkTopology (NetworkTopologyImpl.java:add(110)) - Added a new node: /default-rack/9cd9b32c-8455-4cb6-9cfb-b7cb8243d3b0
2019-08-27 22:34:20,951 [IPC Server handler 4 on 33406] INFO  node.SCMNodeManager (SCMNodeManager.java:register(266)) - Registered Data node : 9cd9b32c-8455-4cb6-9cfb-b7cb8243d3b0{ip: 192.168.36.82, host: pr-hdds-1935-gfhxc-3829810507, networkLocation: /default-rack, certSerialId: null}
2019-08-27 22:34:20,952 | INFO  | SCMAudit | user=jenkins1000 | ip=192.168.36.82 | op=REGISTER {datanodeDetails=9cd9b32c-8455-4cb6-9cfb-b7cb8243d3b0{ip: 192.168.36.82, host: pr-hdds-1935-gfhxc-3829810507, networkLocation: /default-rack, certSerialId: null}} | ret=SUCCESS |  
2019-08-27 22:34:20,952 [EventQueue-NodeRegistrationContainerReportForDataNodeSafeModeRule] INFO  safemode.SCMSafeModeManager (DataNodeSafeModeRule.java:process(71)) - SCM in safe mode. 1 DataNodes registered, 1 required.
2019-08-27 22:34:20,953 [EventQueue-NodeRegistrationContainerReportForDataNodeSafeModeRule] INFO  safemode.SCMSafeModeManager (SCMSafeModeManager.java:validateSafeModeExitRules(177)) - ScmSafeModeManager, all rules are successfully validated
2019-08-27 22:34:20,953 [EventQueue-NodeRegistrationContainerReportForDataNodeSafeModeRule] INFO  safemode.SCMSafeModeManager (SCMSafeModeManager.java:exitSafeMode(193)) - SCM exiting safe mode.
2019-08-27 22:34:20,960 [grpc-default-executor-15] INFO  impl.RaftServerProxy (RaftServerProxy.java:addNew(89)) - 9cd9b32c-8455-4cb6-9cfb-b7cb8243d3b0: addNew group-D90C4949D057:[9cd9b32c-8455-4cb6-9cfb-b7cb8243d3b0:192.168.36.82:44234] returns group-D90C4949D057:java.util.concurrent.CompletableFuture@923533d[Not completed]
2019-08-27 22:34:20,961 [pool-439-thread-1] INFO  impl.RaftServerImpl (RaftServerImpl.java:<init>(93)) - 9cd9b32c-8455-4cb6-9cfb-b7cb8243d3b0: new RaftServerImpl for group-D90C4949D057:[9cd9b32c-8455-4cb6-9cfb-b7cb8243d3b0:192.168.36.82:44234] with ContainerStateMachine:uninitialized
2019-08-27 22:34:20,961 [pool-439-thread-1] INFO  server.RaftServerConfigKeys (ConfUtils.java:logGet(43)) - raft.server.rpc.timeout.min = 5s (custom)
2019-08-27 22:34:20,962 [pool-439-thread-1] INFO  server.RaftServerConfigKeys (ConfUtils.java:logGet(43)) - raft.server.rpc.timeout.max = 5200ms (custom)
2019-08-27 22:34:20,962 [pool-439-thread-1] INFO  server.RaftServerConfigKeys (ConfUtils.java:logGet(43)) - raft.server.rpcslowness.timeout = 120s (custom)
2019-08-27 22:34:20,962 [pool-439-thread-1] INFO  server.RaftServerConfigKeys (ConfUtils.java:logGet(43)) - raft.server.sleep.deviation.threshold = 300 (default)
2019-08-27 22:34:20,962 [pool-439-thread-1] INFO  server.RaftServerConfigKeys (ConfUtils.java:logGet(43)) - raft.server.log.appender.install.snapshot.enabled = false (custom)
2019-08-27 22:34:20,962 [pool-439-thread-1] INFO  impl.RaftServerImpl (ServerState.java:<init>(105)) - 9cd9b32c-8455-4cb6-9cfb-b7cb8243d3b0:group-D90C4949D057 ConfigurationManager, init=-1: [9cd9b32c-8455-4cb6-9cfb-b7cb8243d3b0:192.168.36.82:44234], old=null, confs=<EMPTY_MAP>
2019-08-27 22:34:20,962 [pool-439-thread-1] INFO  server.RaftServerConfigKeys (ConfUtils.java:logGet(43)) - raft.server.storage.dir = [/workdir/hadoop-ozone/integration-test/target/test-dir/MiniOzoneClusterImpl-4bfb73da-a5a9-4fb9-9b48-1b3bedb326df/datanode-0/data/ratis] (custom)
2019-08-27 22:34:20,963 [pool-439-thread-1] INFO  storage.RaftStorageDirectory (RaftStorageDirectory.java:analyzeStorage(246)) - The storage directory /workdir/hadoop-ozone/integration-test/target/test-dir/MiniOzoneClusterImpl-4bfb73da-a5a9-4fb9-9b48-1b3bedb326df/datanode-0/data/ratis/e067b274-0bf1-4342-9628-d90c4949d057 does not exist. Creating ...
2019-08-27 22:34:21,023 [pool-439-thread-1] INFO  storage.RaftStorageDirectory (RaftStorageDirectory.java:tryLock(328)) - Lock on /workdir/hadoop-ozone/integration-test/target/test-dir/MiniOzoneClusterImpl-4bfb73da-a5a9-4fb9-9b48-1b3bedb326df/datanode-0/data/ratis/e067b274-0bf1-4342-9628-d90c4949d057/in_use.lock acquired by nodename 23339@pr-hdds-1935-gfhxc-3829810507
2019-08-27 22:34:21,088 [pool-439-thread-1] INFO  storage.RaftStorage (RaftStorage.java:format(72)) - Storage directory /workdir/hadoop-ozone/integration-test/target/test-dir/MiniOzoneClusterImpl-4bfb73da-a5a9-4fb9-9b48-1b3bedb326df/datanode-0/data/ratis/e067b274-0bf1-4342-9628-d90c4949d057 has been successfully formatted.
2019-08-27 22:34:21,088 [pool-439-thread-1] INFO  ratis.ContainerStateMachine (ContainerStateMachine.java:loadSnapshot(226)) - group-D90C4949D057: The snapshot info is null. Setting the last applied indexto:(t:0, i:~)
2019-08-27 22:34:21,088 [pool-439-thread-1] INFO  server.RaftServerConfigKeys (ConfUtils.java:logGet(43)) - raft.server.leader.election.timeout = 120s (custom)
2019-08-27 22:34:21,088 [pool-439-thread-1] INFO  server.RaftServerConfigKeys (ConfUtils.java:logGet(43)) - raft.server.log.use.memory = false (default)
2019-08-27 22:34:21,089 [pool-439-thread-1] INFO  server.RaftServerConfigKeys (ConfUtils.java:logGet(43)) - raft.server.log.purge.gap = 1000000 (custom)
2019-08-27 22:34:21,089 [pool-439-thread-1] INFO  server.RaftServerConfigKeys (ConfUtils.java:logGet(43)) - raft.server.log.appender.buffer.byte-limit = 33554432 (custom)
2019-08-27 22:34:21,089 [pool-439-thread-1] INFO  server.RaftServerConfigKeys (ConfUtils.java:logGet(43)) - raft.server.log.segment.size.max = 1048576 (custom)
2019-08-27 22:34:21,089 [pool-439-thread-1] INFO  server.RaftServerConfigKeys (ConfUtils.java:logGet(43)) - raft.server.log.segment.cache.num.max = 2 (custom)
2019-08-27 22:34:21,089 [pool-439-thread-1] INFO  segmented.SegmentedRaftLogWorker (SegmentedRaftLogWorker.java:<init>(172)) - new 9cd9b32c-8455-4cb6-9cfb-b7cb8243d3b0-SegmentedRaftLogWorker:Storage Directory /workdir/hadoop-ozone/integration-test/target/test-dir/MiniOzoneClusterImpl-4bfb73da-a5a9-4fb9-9b48-1b3bedb326df/datanode-0/data/ratis/e067b274-0bf1-4342-9628-d90c4949d057 for RaftStorage:Storage Directory /workdir/hadoop-ozone/integration-test/target/test-dir/MiniOzoneClusterImpl-4bfb73da-a5a9-4fb9-9b48-1b3bedb326df/datanode-0/data/ratis/e067b274-0bf1-4342-9628-d90c4949d057
2019-08-27 22:34:21,089 [pool-439-thread-1] INFO  server.RaftServerConfigKeys (ConfUtils.java:logGet(43)) - raft.server.log.queue.byte-limit = 2147483647 (custom)
2019-08-27 22:34:21,089 [pool-439-thread-1] INFO  server.RaftServerConfigKeys (ConfUtils.java:logGet(43)) - raft.server.log.queue.element-limit = 1024 (custom)
2019-08-27 22:34:21,090 [pool-439-thread-1] INFO  server.RaftServerConfigKeys (ConfUtils.java:logGet(43)) - raft.server.log.segment.size.max = 1048576 (custom)
2019-08-27 22:34:21,090 [pool-439-thread-1] INFO  server.RaftServerConfigKeys (ConfUtils.java:logGet(43)) - raft.server.log.preallocated.size = 16384 (custom)
2019-08-27 22:34:21,090 [pool-439-thread-1] INFO  server.RaftServerConfigKeys (ConfUtils.java:logGet(43)) - raft.server.log.write.buffer.size = 33554432 (custom)
2019-08-27 22:34:21,090 [pool-439-thread-1] INFO  server.RaftServerConfigKeys (ConfUtils.java:logGet(43)) - raft.server.log.force.sync.num = 128 (default)
2019-08-27 22:34:21,090 [pool-439-thread-1] INFO  server.RaftServerConfigKeys (ConfUtils.java:logGet(43)) - raft.server.log.statemachine.data.sync = true (default)
2019-08-27 22:34:21,090 [pool-439-thread-1] INFO  server.RaftServerConfigKeys (ConfUtils.java:logGet(43)) - raft.server.log.statemachine.data.sync.timeout = 10s (default)
2019-08-27 22:34:21,091 [pool-439-thread-1] INFO  server.RaftServerConfigKeys (ConfUtils.java:logGet(43)) - raft.server.log.statemachine.data.sync.timeout.retry = -1 (default)
2019-08-27 22:34:21,091 [pool-439-thread-1] INFO  server.RaftServerConfigKeys (ConfUtils.java:logGet(43)) - raft.server.log.statemachine.data.caching.enabled = true (custom)
2019-08-27 22:34:21,091 [pool-439-thread-1] INFO  segmented.SegmentedRaftLogWorker (SegmentedRaftLogWorker.java:lambda$new$0(132)) - 9cd9b32c-8455-4cb6-9cfb-b7cb8243d3b0-SegmentedRaftLogWorker:Storage Directory /workdir/hadoop-ozone/integration-test/target/test-dir/MiniOzoneClusterImpl-4bfb73da-a5a9-4fb9-9b48-1b3bedb326df/datanode-0/data/ratis/e067b274-0bf1-4342-9628-d90c4949d057: flushIndex: setUnconditionally 0 -> -1
2019-08-27 22:34:21,092 [pool-439-thread-1] INFO  server.RaftServerConfigKeys (ConfUtils.java:logGet(43)) - raft.server.snapshot.auto.trigger.enabled = true (custom)
2019-08-27 22:34:21,092 [pool-439-thread-1] INFO  server.RaftServerConfigKeys (ConfUtils.java:logGet(43)) - raft.server.snapshot.auto.trigger.threshold = 10000 (custom)
2019-08-27 22:34:21,092 [pool-439-thread-1] INFO  server.RaftServerConfigKeys (ConfUtils.java:logGet(43)) - raft.server.retrycache.expirytime = 600000ms (custom)
2019-08-27 22:34:21,092 [pool-439-thread-1] INFO  impl.RaftServerImpl (RaftServerImpl.java:start(180)) - 9cd9b32c-8455-4cb6-9cfb-b7cb8243d3b0: start group-D90C4949D057
2019-08-27 22:34:21,092 [pool-439-thread-1] INFO  impl.RaftServerImpl (RaftServerImpl.java:setRole(171)) - 9cd9b32c-8455-4cb6-9cfb-b7cb8243d3b0:group-D90C4949D057 changes role from null to FOLLOWER at term 0 for startAsFollower
2019-08-27 22:34:21,092 [pool-439-thread-1] INFO  impl.RoleInfo (RoleInfo.java:updateAndGet(143)) - 9cd9b32c-8455-4cb6-9cfb-b7cb8243d3b0: start FollowerState
2019-08-27 22:34:21,101 [pool-439-thread-1] INFO  util.JmxRegister (JmxRegister.java:tryRegister(44)) - Successfully registered JMX Bean with object name Ratis:service=RaftServer,group=group-D90C4949D057,id=9cd9b32c-8455-4cb6-9cfb-b7cb8243d3b0
2019-08-27 22:34:21,101 [main] INFO  ozone.MiniOzoneClusterImpl (MiniOzoneClusterImpl.java:lambda$waitForClusterToBeReady$0(142)) - Waiting for cluster to be ready. Got 1 of 7 DN Heartbeats.
2019-08-27 22:34:21,120 [IPC Server handler 5 on 33406] INFO  net.NetworkTopology (NetworkTopologyImpl.java:add(110)) - Added a new node: /default-rack/a81afeb8-02c0-499f-ae14-dff73637c02f
2019-08-27 22:34:21,120 [IPC Server handler 5 on 33406] INFO  node.SCMNodeManager (SCMNodeManager.java:register(266)) - Registered Data node : a81afeb8-02c0-499f-ae14-dff73637c02f{ip: 192.168.36.82, host: pr-hdds-1935-gfhxc-3829810507, networkLocation: /default-rack, certSerialId: null}
2019-08-27 22:34:21,120 | INFO  | SCMAudit | user=jenkins1000 | ip=192.168.36.82 | op=REGISTER {datanodeDetails=a81afeb8-02c0-499f-ae14-dff73637c02f{ip: 192.168.36.82, host: pr-hdds-1935-gfhxc-3829810507, networkLocation: /default-rack, certSerialId: null}} | ret=SUCCESS |  
2019-08-27 22:34:21,121 [RatisPipelineUtilsThread] INFO  pipeline.PipelineStateManager (PipelineStateManager.java:addPipeline(56)) - Created pipeline Pipeline[ Id: e067b274-0bf1-4342-9628-d90c4949d057, Nodes: 9cd9b32c-8455-4cb6-9cfb-b7cb8243d3b0{ip: 192.168.36.82, host: pr-hdds-1935-gfhxc-3829810507, networkLocation: /default-rack, certSerialId: null}, Type:RATIS, Factor:ONE, State:OPEN]
2019-08-27 22:34:21,126 [grpc-default-executor-15] INFO  impl.RaftServerProxy (RaftServerProxy.java:addNew(89)) - a81afeb8-02c0-499f-ae14-dff73637c02f: addNew group-4D151D13F66F:[a81afeb8-02c0-499f-ae14-dff73637c02f:192.168.36.82:38974] returns group-4D151D13F66F:java.util.concurrent.CompletableFuture@3f9fb31[Not completed]
2019-08-27 22:34:21,127 [pool-450-thread-1] INFO  impl.RaftServerImpl (RaftServerImpl.java:<init>(93)) - a81afeb8-02c0-499f-ae14-dff73637c02f: new RaftServerImpl for group-4D151D13F66F:[a81afeb8-02c0-499f-ae14-dff73637c02f:192.168.36.82:38974] with ContainerStateMachine:uninitialized
2019-08-27 22:34:21,128 [pool-450-thread-1] INFO  server.RaftServerConfigKeys (ConfUtils.java:logGet(43)) - raft.server.rpc.timeout.min = 5s (custom)
2019-08-27 22:34:21,128 [pool-450-thread-1] INFO  server.RaftServerConfigKeys (ConfUtils.java:logGet(43)) - raft.server.rpc.timeout.max = 5200ms (custom)
2019-08-27 22:34:21,128 [pool-450-thread-1] INFO  server.RaftServerConfigKeys (ConfUtils.java:logGet(43)) - raft.server.rpcslowness.timeout = 120s (custom)
2019-08-27 22:34:21,128 [pool-450-thread-1] INFO  server.RaftServerConfigKeys (ConfUtils.java:logGet(43)) - raft.server.sleep.deviation.threshold = 300 (default)
2019-08-27 22:34:21,128 [pool-450-thread-1] INFO  server.RaftServerConfigKeys (ConfUtils.java:logGet(43)) - raft.server.log.appender.install.snapshot.enabled = false (custom)
2019-08-27 22:34:21,128 [pool-450-thread-1] INFO  impl.RaftServerImpl (ServerState.java:<init>(105)) - a81afeb8-02c0-499f-ae14-dff73637c02f:group-4D151D13F66F ConfigurationManager, init=-1: [a81afeb8-02c0-499f-ae14-dff73637c02f:192.168.36.82:38974], old=null, confs=<EMPTY_MAP>
2019-08-27 22:34:21,128 [pool-450-thread-1] INFO  server.RaftServerConfigKeys (ConfUtils.java:logGet(43)) - raft.server.storage.dir = [/workdir/hadoop-ozone/integration-test/target/test-dir/MiniOzoneClusterImpl-4bfb73da-a5a9-4fb9-9b48-1b3bedb326df/datanode-1/data/ratis] (custom)
2019-08-27 22:34:21,129 [pool-450-thread-1] INFO  storage.RaftStorageDirectory (RaftStorageDirectory.java:analyzeStorage(246)) - The storage directory /workdir/hadoop-ozone/integration-test/target/test-dir/MiniOzoneClusterImpl-4bfb73da-a5a9-4fb9-9b48-1b3bedb326df/datanode-1/data/ratis/547e009f-df43-464a-af81-4d151d13f66f does not exist. Creating ...
2019-08-27 22:34:21,186 [pool-450-thread-1] INFO  storage.RaftStorageDirectory (RaftStorageDirectory.java:tryLock(328)) - Lock on /workdir/hadoop-ozone/integration-test/target/test-dir/MiniOzoneClusterImpl-4bfb73da-a5a9-4fb9-9b48-1b3bedb326df/datanode-1/data/ratis/547e009f-df43-464a-af81-4d151d13f66f/in_use.lock acquired by nodename 23339@pr-hdds-1935-gfhxc-3829810507
2019-08-27 22:34:21,232 [pool-450-thread-1] INFO  storage.RaftStorage (RaftStorage.java:format(72)) - Storage directory /workdir/hadoop-ozone/integration-test/target/test-dir/MiniOzoneClusterImpl-4bfb73da-a5a9-4fb9-9b48-1b3bedb326df/datanode-1/data/ratis/547e009f-df43-464a-af81-4d151d13f66f has been successfully formatted.
2019-08-27 22:34:21,232 [pool-450-thread-1] INFO  ratis.ContainerStateMachine (ContainerStateMachine.java:loadSnapshot(226)) - group-4D151D13F66F: The snapshot info is null. Setting the last applied indexto:(t:0, i:~)
2019-08-27 22:34:21,232 [pool-450-thread-1] INFO  server.RaftServerConfigKeys (ConfUtils.java:logGet(43)) - raft.server.leader.election.timeout = 120s (custom)
2019-08-27 22:34:21,232 [pool-450-thread-1] INFO  server.RaftServerConfigKeys (ConfUtils.java:logGet(43)) - raft.server.log.use.memory = false (default)
2019-08-27 22:34:21,232 [pool-450-thread-1] INFO  server.RaftServerConfigKeys (ConfUtils.java:logGet(43)) - raft.server.log.purge.gap = 1000000 (custom)
2019-08-27 22:34:21,232 [pool-450-thread-1] INFO  server.RaftServerConfigKeys (ConfUtils.java:logGet(43)) - raft.server.log.appender.buffer.byte-limit = 33554432 (custom)
2019-08-27 22:34:21,232 [pool-450-thread-1] INFO  server.RaftServerConfigKeys (ConfUtils.java:logGet(43)) - raft.server.log.segment.size.max = 1048576 (custom)
2019-08-27 22:34:21,232 [pool-450-thread-1] INFO  server.RaftServerConfigKeys (ConfUtils.java:logGet(43)) - raft.server.log.segment.cache.num.max = 2 (custom)
2019-08-27 22:34:21,233 [pool-450-thread-1] INFO  segmented.SegmentedRaftLogWorker (SegmentedRaftLogWorker.java:<init>(172)) - new a81afeb8-02c0-499f-ae14-dff73637c02f-SegmentedRaftLogWorker:Storage Directory /workdir/hadoop-ozone/integration-test/target/test-dir/MiniOzoneClusterImpl-4bfb73da-a5a9-4fb9-9b48-1b3bedb326df/datanode-1/data/ratis/547e009f-df43-464a-af81-4d151d13f66f for RaftStorage:Storage Directory /workdir/hadoop-ozone/integration-test/target/test-dir/MiniOzoneClusterImpl-4bfb73da-a5a9-4fb9-9b48-1b3bedb326df/datanode-1/data/ratis/547e009f-df43-464a-af81-4d151d13f66f
2019-08-27 22:34:21,233 [pool-450-thread-1] INFO  server.RaftServerConfigKeys (ConfUtils.java:logGet(43)) - raft.server.log.queue.byte-limit = 2147483647 (custom)
2019-08-27 22:34:21,233 [pool-450-thread-1] INFO  server.RaftServerConfigKeys (ConfUtils.java:logGet(43)) - raft.server.log.queue.element-limit = 1024 (custom)
2019-08-27 22:34:21,233 [pool-450-thread-1] INFO  server.RaftServerConfigKeys (ConfUtils.java:logGet(43)) - raft.server.log.segment.size.max = 1048576 (custom)
2019-08-27 22:34:21,233 [pool-450-thread-1] INFO  server.RaftServerConfigKeys (ConfUtils.java:logGet(43)) - raft.server.log.preallocated.size = 16384 (custom)
2019-08-27 22:34:21,233 [pool-450-thread-1] INFO  server.RaftServerConfigKeys (ConfUtils.java:logGet(43)) - raft.server.log.write.buffer.size = 33554432 (custom)
2019-08-27 22:34:21,233 [pool-450-thread-1] INFO  server.RaftServerConfigKeys (ConfUtils.java:logGet(43)) - raft.server.log.force.sync.num = 128 (default)
2019-08-27 22:34:21,233 [pool-450-thread-1] INFO  server.RaftServerConfigKeys (ConfUtils.java:logGet(43)) - raft.server.log.statemachine.data.sync = true (default)
2019-08-27 22:34:21,233 [pool-450-thread-1] INFO  server.RaftServerConfigKeys (ConfUtils.java:logGet(43)) - raft.server.log.statemachine.data.sync.timeout = 10s (default)
2019-08-27 22:34:21,233 [pool-450-thread-1] INFO  server.RaftServerConfigKeys (ConfUtils.java:logGet(43)) - raft.server.log.statemachine.data.sync.timeout.retry = -1 (default)
2019-08-27 22:34:21,234 [pool-450-thread-1] INFO  server.RaftServerConfigKeys (ConfUtils.java:logGet(43)) - raft.server.log.statemachine.data.caching.enabled = true (custom)
2019-08-27 22:34:21,234 [pool-450-thread-1] INFO  segmented.SegmentedRaftLogWorker (SegmentedRaftLogWorker.java:lambda$new$0(132)) - a81afeb8-02c0-499f-ae14-dff73637c02f-SegmentedRaftLogWorker:Storage Directory /workdir/hadoop-ozone/integration-test/target/test-dir/MiniOzoneClusterImpl-4bfb73da-a5a9-4fb9-9b48-1b3bedb326df/datanode-1/data/ratis/547e009f-df43-464a-af81-4d151d13f66f: flushIndex: setUnconditionally 0 -> -1
2019-08-27 22:34:21,234 [pool-450-thread-1] INFO  server.RaftServerConfigKeys (ConfUtils.java:logGet(43)) - raft.server.snapshot.auto.trigger.enabled = true (custom)
2019-08-27 22:34:21,234 [pool-450-thread-1] INFO  server.RaftServerConfigKeys (ConfUtils.java:logGet(43)) - raft.server.snapshot.auto.trigger.threshold = 10000 (custom)
2019-08-27 22:34:21,234 [pool-450-thread-1] INFO  server.RaftServerConfigKeys (ConfUtils.java:logGet(43)) - raft.server.retrycache.expirytime = 600000ms (custom)
2019-08-27 22:34:21,234 [pool-450-thread-1] INFO  impl.RaftServerImpl (RaftServerImpl.java:start(180)) - a81afeb8-02c0-499f-ae14-dff73637c02f: start group-4D151D13F66F
2019-08-27 22:34:21,235 [pool-450-thread-1] INFO  impl.RaftServerImpl (RaftServerImpl.java:setRole(171)) - a81afeb8-02c0-499f-ae14-dff73637c02f:group-4D151D13F66F changes role from null to FOLLOWER at term 0 for startAsFollower
2019-08-27 22:34:21,235 [pool-450-thread-1] INFO  impl.RoleInfo (RoleInfo.java:updateAndGet(143)) - a81afeb8-02c0-499f-ae14-dff73637c02f: start FollowerState
2019-08-27 22:34:21,235 [pool-450-thread-1] INFO  util.JmxRegister (JmxRegister.java:tryRegister(44)) - Successfully registered JMX Bean with object name Ratis:service=RaftServer,group=group-4D151D13F66F,id=a81afeb8-02c0-499f-ae14-dff73637c02f
2019-08-27 22:34:21,237 [RatisPipelineUtilsThread] INFO  pipeline.PipelineStateManager (PipelineStateManager.java:addPipeline(56)) - Created pipeline Pipeline[ Id: 547e009f-df43-464a-af81-4d151d13f66f, Nodes: a81afeb8-02c0-499f-ae14-dff73637c02f{ip: 192.168.36.82, host: pr-hdds-1935-gfhxc-3829810507, networkLocation: /default-rack, certSerialId: null}, Type:RATIS, Factor:ONE, State:OPEN]
2019-08-27 22:34:21,303 [IPC Server handler 0 on 33406] INFO  net.NetworkTopology (NetworkTopologyImpl.java:add(110)) - Added a new node: /default-rack/548722b6-cbc9-4ce8-a377-29ae8acd3811
2019-08-27 22:34:21,303 [IPC Server handler 0 on 33406] INFO  node.SCMNodeManager (SCMNodeManager.java:register(266)) - Registered Data node : 548722b6-cbc9-4ce8-a377-29ae8acd3811{ip: 192.168.36.82, host: pr-hdds-1935-gfhxc-3829810507, networkLocation: /default-rack, certSerialId: null}
2019-08-27 22:34:21,306 | INFO  | SCMAudit | user=jenkins1000 | ip=192.168.36.82 | op=REGISTER {datanodeDetails=548722b6-cbc9-4ce8-a377-29ae8acd3811{ip: 192.168.36.82, host: pr-hdds-1935-gfhxc-3829810507, networkLocation: /default-rack, certSerialId: null}} | ret=SUCCESS |  
2019-08-27 22:34:21,311 [grpc-default-executor-15] INFO  impl.RaftServerProxy (RaftServerProxy.java:addNew(89)) - 548722b6-cbc9-4ce8-a377-29ae8acd3811: addNew group-AC25BFCBCF3F:[548722b6-cbc9-4ce8-a377-29ae8acd3811:192.168.36.82:36160] returns group-AC25BFCBCF3F:java.util.concurrent.CompletableFuture@37bdf239[Not completed]
2019-08-27 22:34:21,313 [pool-461-thread-1] INFO  impl.RaftServerImpl (RaftServerImpl.java:<init>(93)) - 548722b6-cbc9-4ce8-a377-29ae8acd3811: new RaftServerImpl for group-AC25BFCBCF3F:[548722b6-cbc9-4ce8-a377-29ae8acd3811:192.168.36.82:36160] with ContainerStateMachine:uninitialized
2019-08-27 22:34:21,313 [pool-461-thread-1] INFO  server.RaftServerConfigKeys (ConfUtils.java:logGet(43)) - raft.server.rpc.timeout.min = 5s (custom)
2019-08-27 22:34:21,313 [pool-461-thread-1] INFO  server.RaftServerConfigKeys (ConfUtils.java:logGet(43)) - raft.server.rpc.timeout.max = 5200ms (custom)
2019-08-27 22:34:21,313 [pool-461-thread-1] INFO  server.RaftServerConfigKeys (ConfUtils.java:logGet(43)) - raft.server.rpcslowness.timeout = 120s (custom)
2019-08-27 22:34:21,313 [pool-461-thread-1] INFO  server.RaftServerConfigKeys (ConfUtils.java:logGet(43)) - raft.server.sleep.deviation.threshold = 300 (default)
2019-08-27 22:34:21,313 [pool-461-thread-1] INFO  server.RaftServerConfigKeys (ConfUtils.java:logGet(43)) - raft.server.log.appender.install.snapshot.enabled = false (custom)
2019-08-27 22:34:21,313 [pool-461-thread-1] INFO  impl.RaftServerImpl (ServerState.java:<init>(105)) - 548722b6-cbc9-4ce8-a377-29ae8acd3811:group-AC25BFCBCF3F ConfigurationManager, init=-1: [548722b6-cbc9-4ce8-a377-29ae8acd3811:192.168.36.82:36160], old=null, confs=<EMPTY_MAP>
2019-08-27 22:34:21,313 [pool-461-thread-1] INFO  server.RaftServerConfigKeys (ConfUtils.java:logGet(43)) - raft.server.storage.dir = [/workdir/hadoop-ozone/integration-test/target/test-dir/MiniOzoneClusterImpl-4bfb73da-a5a9-4fb9-9b48-1b3bedb326df/datanode-2/data/ratis] (custom)
2019-08-27 22:34:21,314 [pool-461-thread-1] INFO  storage.RaftStorageDirectory (RaftStorageDirectory.java:analyzeStorage(246)) - The storage directory /workdir/hadoop-ozone/integration-test/target/test-dir/MiniOzoneClusterImpl-4bfb73da-a5a9-4fb9-9b48-1b3bedb326df/datanode-2/data/ratis/0f7aed0d-a267-4cfc-bcbf-ac25bfcbcf3f does not exist. Creating ...
2019-08-27 22:34:21,372 [pool-461-thread-1] INFO  storage.RaftStorageDirectory (RaftStorageDirectory.java:tryLock(328)) - Lock on /workdir/hadoop-ozone/integration-test/target/test-dir/MiniOzoneClusterImpl-4bfb73da-a5a9-4fb9-9b48-1b3bedb326df/datanode-2/data/ratis/0f7aed0d-a267-4cfc-bcbf-ac25bfcbcf3f/in_use.lock acquired by nodename 23339@pr-hdds-1935-gfhxc-3829810507
2019-08-27 22:34:21,418 [pool-461-thread-1] INFO  storage.RaftStorage (RaftStorage.java:format(72)) - Storage directory /workdir/hadoop-ozone/integration-test/target/test-dir/MiniOzoneClusterImpl-4bfb73da-a5a9-4fb9-9b48-1b3bedb326df/datanode-2/data/ratis/0f7aed0d-a267-4cfc-bcbf-ac25bfcbcf3f has been successfully formatted.
2019-08-27 22:34:21,418 [pool-461-thread-1] INFO  ratis.ContainerStateMachine (ContainerStateMachine.java:loadSnapshot(226)) - group-AC25BFCBCF3F: The snapshot info is null. Setting the last applied indexto:(t:0, i:~)
2019-08-27 22:34:21,418 [pool-461-thread-1] INFO  server.RaftServerConfigKeys (ConfUtils.java:logGet(43)) - raft.server.leader.election.timeout = 120s (custom)
2019-08-27 22:34:21,419 [pool-461-thread-1] INFO  server.RaftServerConfigKeys (ConfUtils.java:logGet(43)) - raft.server.log.use.memory = false (default)
2019-08-27 22:34:21,419 [pool-461-thread-1] INFO  server.RaftServerConfigKeys (ConfUtils.java:logGet(43)) - raft.server.log.purge.gap = 1000000 (custom)
2019-08-27 22:34:21,419 [pool-461-thread-1] INFO  server.RaftServerConfigKeys (ConfUtils.java:logGet(43)) - raft.server.log.appender.buffer.byte-limit = 33554432 (custom)
2019-08-27 22:34:21,419 [pool-461-thread-1] INFO  server.RaftServerConfigKeys (ConfUtils.java:logGet(43)) - raft.server.log.segment.size.max = 1048576 (custom)
2019-08-27 22:34:21,419 [pool-461-thread-1] INFO  server.RaftServerConfigKeys (ConfUtils.java:logGet(43)) - raft.server.log.segment.cache.num.max = 2 (custom)
2019-08-27 22:34:21,419 [pool-461-thread-1] INFO  segmented.SegmentedRaftLogWorker (SegmentedRaftLogWorker.java:<init>(172)) - new 548722b6-cbc9-4ce8-a377-29ae8acd3811-SegmentedRaftLogWorker:Storage Directory /workdir/hadoop-ozone/integration-test/target/test-dir/MiniOzoneClusterImpl-4bfb73da-a5a9-4fb9-9b48-1b3bedb326df/datanode-2/data/ratis/0f7aed0d-a267-4cfc-bcbf-ac25bfcbcf3f for RaftStorage:Storage Directory /workdir/hadoop-ozone/integration-test/target/test-dir/MiniOzoneClusterImpl-4bfb73da-a5a9-4fb9-9b48-1b3bedb326df/datanode-2/data/ratis/0f7aed0d-a267-4cfc-bcbf-ac25bfcbcf3f
2019-08-27 22:34:21,419 [pool-461-thread-1] INFO  server.RaftServerConfigKeys (ConfUtils.java:logGet(43)) - raft.server.log.queue.byte-limit = 2147483647 (custom)
2019-08-27 22:34:21,419 [pool-461-thread-1] INFO  server.RaftServerConfigKeys (ConfUtils.java:logGet(43)) - raft.server.log.queue.element-limit = 1024 (custom)
2019-08-27 22:34:21,419 [pool-461-thread-1] INFO  server.RaftServerConfigKeys (ConfUtils.java:logGet(43)) - raft.server.log.segment.size.max = 1048576 (custom)
2019-08-27 22:34:21,419 [pool-461-thread-1] INFO  server.RaftServerConfigKeys (ConfUtils.java:logGet(43)) - raft.server.log.preallocated.size = 16384 (custom)
2019-08-27 22:34:21,420 [pool-461-thread-1] INFO  server.RaftServerConfigKeys (ConfUtils.java:logGet(43)) - raft.server.log.write.buffer.size = 33554432 (custom)
2019-08-27 22:34:21,420 [pool-461-thread-1] INFO  server.RaftServerConfigKeys (ConfUtils.java:logGet(43)) - raft.server.log.force.sync.num = 128 (default)
2019-08-27 22:34:21,420 [pool-461-thread-1] INFO  server.RaftServerConfigKeys (ConfUtils.java:logGet(43)) - raft.server.log.statemachine.data.sync = true (default)
2019-08-27 22:34:21,420 [pool-461-thread-1] INFO  server.RaftServerConfigKeys (ConfUtils.java:logGet(43)) - raft.server.log.statemachine.data.sync.timeout = 10s (default)
2019-08-27 22:34:21,420 [pool-461-thread-1] INFO  server.RaftServerConfigKeys (ConfUtils.java:logGet(43)) - raft.server.log.statemachine.data.sync.timeout.retry = -1 (default)
2019-08-27 22:34:21,420 [pool-461-thread-1] INFO  server.RaftServerConfigKeys (ConfUtils.java:logGet(43)) - raft.server.log.statemachine.data.caching.enabled = true (custom)
2019-08-27 22:34:21,420 [pool-461-thread-1] INFO  segmented.SegmentedRaftLogWorker (SegmentedRaftLogWorker.java:lambda$new$0(132)) - 548722b6-cbc9-4ce8-a377-29ae8acd3811-SegmentedRaftLogWorker:Storage Directory /workdir/hadoop-ozone/integration-test/target/test-dir/MiniOzoneClusterImpl-4bfb73da-a5a9-4fb9-9b48-1b3bedb326df/datanode-2/data/ratis/0f7aed0d-a267-4cfc-bcbf-ac25bfcbcf3f: flushIndex: setUnconditionally 0 -> -1
2019-08-27 22:34:21,420 [pool-461-thread-1] INFO  server.RaftServerConfigKeys (ConfUtils.java:logGet(43)) - raft.server.snapshot.auto.trigger.enabled = true (custom)
2019-08-27 22:34:21,421 [pool-461-thread-1] INFO  server.RaftServerConfigKeys (ConfUtils.java:logGet(43)) - raft.server.snapshot.auto.trigger.threshold = 10000 (custom)
2019-08-27 22:34:21,421 [pool-461-thread-1] INFO  server.RaftServerConfigKeys (ConfUtils.java:logGet(43)) - raft.server.retrycache.expirytime = 600000ms (custom)
2019-08-27 22:34:21,421 [pool-461-thread-1] INFO  impl.RaftServerImpl (RaftServerImpl.java:start(180)) - 548722b6-cbc9-4ce8-a377-29ae8acd3811: start group-AC25BFCBCF3F
2019-08-27 22:34:21,421 [pool-461-thread-1] INFO  impl.RaftServerImpl (RaftServerImpl.java:setRole(171)) - 548722b6-cbc9-4ce8-a377-29ae8acd3811:group-AC25BFCBCF3F changes role from null to FOLLOWER at term 0 for startAsFollower
2019-08-27 22:34:21,421 [pool-461-thread-1] INFO  impl.RoleInfo (RoleInfo.java:updateAndGet(143)) - 548722b6-cbc9-4ce8-a377-29ae8acd3811: start FollowerState
2019-08-27 22:34:21,421 [pool-461-thread-1] INFO  util.JmxRegister (JmxRegister.java:tryRegister(44)) - Successfully registered JMX Bean with object name Ratis:service=RaftServer,group=group-AC25BFCBCF3F,id=548722b6-cbc9-4ce8-a377-29ae8acd3811
2019-08-27 22:34:21,423 [RatisPipelineUtilsThread] INFO  pipeline.PipelineStateManager (PipelineStateManager.java:addPipeline(56)) - Created pipeline Pipeline[ Id: 0f7aed0d-a267-4cfc-bcbf-ac25bfcbcf3f, Nodes: 548722b6-cbc9-4ce8-a377-29ae8acd3811{ip: 192.168.36.82, host: pr-hdds-1935-gfhxc-3829810507, networkLocation: /default-rack, certSerialId: null}, Type:RATIS, Factor:ONE, State:OPEN]
2019-08-27 22:34:21,432 [grpc-default-executor-14] INFO  impl.RaftServerProxy (RaftServerProxy.java:addNew(89)) - 9cd9b32c-8455-4cb6-9cfb-b7cb8243d3b0: addNew group-5B423AC2C46D:[a81afeb8-02c0-499f-ae14-dff73637c02f:192.168.36.82:38974, 548722b6-cbc9-4ce8-a377-29ae8acd3811:192.168.36.82:36160, 9cd9b32c-8455-4cb6-9cfb-b7cb8243d3b0:192.168.36.82:44234] returns group-5B423AC2C46D:java.util.concurrent.CompletableFuture@651cff90[Not completed]
2019-08-27 22:34:21,433 [grpc-default-executor-15] INFO  impl.RaftServerProxy (RaftServerProxy.java:addNew(89)) - a81afeb8-02c0-499f-ae14-dff73637c02f: addNew group-5B423AC2C46D:[a81afeb8-02c0-499f-ae14-dff73637c02f:192.168.36.82:38974, 548722b6-cbc9-4ce8-a377-29ae8acd3811:192.168.36.82:36160, 9cd9b32c-8455-4cb6-9cfb-b7cb8243d3b0:192.168.36.82:44234] returns group-5B423AC2C46D:java.util.concurrent.CompletableFuture@6c400494[Not completed]
2019-08-27 22:34:21,433 [grpc-default-executor-8] INFO  impl.RaftServerProxy (RaftServerProxy.java:addNew(89)) - 548722b6-cbc9-4ce8-a377-29ae8acd3811: addNew group-5B423AC2C46D:[a81afeb8-02c0-499f-ae14-dff73637c02f:192.168.36.82:38974, 548722b6-cbc9-4ce8-a377-29ae8acd3811:192.168.36.82:36160, 9cd9b32c-8455-4cb6-9cfb-b7cb8243d3b0:192.168.36.82:44234] returns group-5B423AC2C46D:java.util.concurrent.CompletableFuture@ea192df[Not completed]
2019-08-27 22:34:21,433 [pool-439-thread-1] INFO  impl.RaftServerImpl (RaftServerImpl.java:<init>(93)) - 9cd9b32c-8455-4cb6-9cfb-b7cb8243d3b0: new RaftServerImpl for group-5B423AC2C46D:[a81afeb8-02c0-499f-ae14-dff73637c02f:192.168.36.82:38974, 548722b6-cbc9-4ce8-a377-29ae8acd3811:192.168.36.82:36160, 9cd9b32c-8455-4cb6-9cfb-b7cb8243d3b0:192.168.36.82:44234] with ContainerStateMachine:uninitialized
2019-08-27 22:34:21,434 [pool-439-thread-1] INFO  server.RaftServerConfigKeys (ConfUtils.java:logGet(43)) - raft.server.rpc.timeout.min = 5s (custom)
2019-08-27 22:34:21,434 [pool-461-thread-1] INFO  impl.RaftServerImpl (RaftServerImpl.java:<init>(93)) - 548722b6-cbc9-4ce8-a377-29ae8acd3811: new RaftServerImpl for group-5B423AC2C46D:[a81afeb8-02c0-499f-ae14-dff73637c02f:192.168.36.82:38974, 548722b6-cbc9-4ce8-a377-29ae8acd3811:192.168.36.82:36160, 9cd9b32c-8455-4cb6-9cfb-b7cb8243d3b0:192.168.36.82:44234] with ContainerStateMachine:uninitialized
2019-08-27 22:34:21,434 [pool-439-thread-1] INFO  server.RaftServerConfigKeys (ConfUtils.java:logGet(43)) - raft.server.rpc.timeout.max = 5200ms (custom)
2019-08-27 22:34:21,434 [pool-461-thread-1] INFO  server.RaftServerConfigKeys (ConfUtils.java:logGet(43)) - raft.server.rpc.timeout.min = 5s (custom)
2019-08-27 22:34:21,434 [pool-439-thread-1] INFO  server.RaftServerConfigKeys (ConfUtils.java:logGet(43)) - raft.server.rpcslowness.timeout = 120s (custom)
2019-08-27 22:34:21,434 [pool-450-thread-1] INFO  impl.RaftServerImpl (RaftServerImpl.java:<init>(93)) - a81afeb8-02c0-499f-ae14-dff73637c02f: new RaftServerImpl for group-5B423AC2C46D:[a81afeb8-02c0-499f-ae14-dff73637c02f:192.168.36.82:38974, 548722b6-cbc9-4ce8-a377-29ae8acd3811:192.168.36.82:36160, 9cd9b32c-8455-4cb6-9cfb-b7cb8243d3b0:192.168.36.82:44234] with ContainerStateMachine:uninitialized
2019-08-27 22:34:21,434 [pool-461-thread-1] INFO  server.RaftServerConfigKeys (ConfUtils.java:logGet(43)) - raft.server.rpc.timeout.max = 5200ms (custom)
2019-08-27 22:34:21,434 [pool-450-thread-1] INFO  server.RaftServerConfigKeys (ConfUtils.java:logGet(43)) - raft.server.rpc.timeout.min = 5s (custom)
2019-08-27 22:34:21,434 [pool-439-thread-1] INFO  server.RaftServerConfigKeys (ConfUtils.java:logGet(43)) - raft.server.sleep.deviation.threshold = 300 (default)
2019-08-27 22:34:21,434 [pool-450-thread-1] INFO  server.RaftServerConfigKeys (ConfUtils.java:logGet(43)) - raft.server.rpc.timeout.max = 5200ms (custom)
2019-08-27 22:34:21,434 [pool-461-thread-1] INFO  server.RaftServerConfigKeys (ConfUtils.java:logGet(43)) - raft.server.rpcslowness.timeout = 120s (custom)
2019-08-27 22:34:21,435 [pool-450-thread-1] INFO  server.RaftServerConfigKeys (ConfUtils.java:logGet(43)) - raft.server.rpcslowness.timeout = 120s (custom)
2019-08-27 22:34:21,435 [pool-439-thread-1] INFO  server.RaftServerConfigKeys (ConfUtils.java:logGet(43)) - raft.server.log.appender.install.snapshot.enabled = false (custom)
2019-08-27 22:34:21,435 [pool-450-thread-1] INFO  server.RaftServerConfigKeys (ConfUtils.java:logGet(43)) - raft.server.sleep.deviation.threshold = 300 (default)
2019-08-27 22:34:21,435 [pool-461-thread-1] INFO  server.RaftServerConfigKeys (ConfUtils.java:logGet(43)) - raft.server.sleep.deviation.threshold = 300 (default)
2019-08-27 22:34:21,435 [pool-450-thread-1] INFO  server.RaftServerConfigKeys (ConfUtils.java:logGet(43)) - raft.server.log.appender.install.snapshot.enabled = false (custom)
2019-08-27 22:34:21,435 [pool-439-thread-1] INFO  impl.RaftServerImpl (ServerState.java:<init>(105)) - 9cd9b32c-8455-4cb6-9cfb-b7cb8243d3b0:group-5B423AC2C46D ConfigurationManager, init=-1: [a81afeb8-02c0-499f-ae14-dff73637c02f:192.168.36.82:38974, 548722b6-cbc9-4ce8-a377-29ae8acd3811:192.168.36.82:36160, 9cd9b32c-8455-4cb6-9cfb-b7cb8243d3b0:192.168.36.82:44234], old=null, confs=<EMPTY_MAP>
2019-08-27 22:34:21,435 [pool-450-thread-1] INFO  impl.RaftServerImpl (ServerState.java:<init>(105)) - a81afeb8-02c0-499f-ae14-dff73637c02f:group-5B423AC2C46D ConfigurationManager, init=-1: [a81afeb8-02c0-499f-ae14-dff73637c02f:192.168.36.82:38974, 548722b6-cbc9-4ce8-a377-29ae8acd3811:192.168.36.82:36160, 9cd9b32c-8455-4cb6-9cfb-b7cb8243d3b0:192.168.36.82:44234], old=null, confs=<EMPTY_MAP>
2019-08-27 22:34:21,435 [pool-461-thread-1] INFO  server.RaftServerConfigKeys (ConfUtils.java:logGet(43)) - raft.server.log.appender.install.snapshot.enabled = false (custom)
2019-08-27 22:34:21,436 [pool-450-thread-1] INFO  server.RaftServerConfigKeys (ConfUtils.java:logGet(43)) - raft.server.storage.dir = [/workdir/hadoop-ozone/integration-test/target/test-dir/MiniOzoneClusterImpl-4bfb73da-a5a9-4fb9-9b48-1b3bedb326df/datanode-1/data/ratis] (custom)
2019-08-27 22:34:21,435 [pool-439-thread-1] INFO  server.RaftServerConfigKeys (ConfUtils.java:logGet(43)) - raft.server.storage.dir = [/workdir/hadoop-ozone/integration-test/target/test-dir/MiniOzoneClusterImpl-4bfb73da-a5a9-4fb9-9b48-1b3bedb326df/datanode-0/data/ratis] (custom)
2019-08-27 22:34:21,436 [pool-461-thread-1] INFO  impl.RaftServerImpl (ServerState.java:<init>(105)) - 548722b6-cbc9-4ce8-a377-29ae8acd3811:group-5B423AC2C46D ConfigurationManager, init=-1: [a81afeb8-02c0-499f-ae14-dff73637c02f:192.168.36.82:38974, 548722b6-cbc9-4ce8-a377-29ae8acd3811:192.168.36.82:36160, 9cd9b32c-8455-4cb6-9cfb-b7cb8243d3b0:192.168.36.82:44234], old=null, confs=<EMPTY_MAP>
2019-08-27 22:34:21,436 [pool-450-thread-1] INFO  storage.RaftStorageDirectory (RaftStorageDirectory.java:analyzeStorage(246)) - The storage directory /workdir/hadoop-ozone/integration-test/target/test-dir/MiniOzoneClusterImpl-4bfb73da-a5a9-4fb9-9b48-1b3bedb326df/datanode-1/data/ratis/8d33e630-643b-41c0-b665-5b423ac2c46d does not exist. Creating ...
2019-08-27 22:34:21,436 [pool-461-thread-1] INFO  server.RaftServerConfigKeys (ConfUtils.java:logGet(43)) - raft.server.storage.dir = [/workdir/hadoop-ozone/integration-test/target/test-dir/MiniOzoneClusterImpl-4bfb73da-a5a9-4fb9-9b48-1b3bedb326df/datanode-2/data/ratis] (custom)
2019-08-27 22:34:21,436 [pool-439-thread-1] INFO  storage.RaftStorageDirectory (RaftStorageDirectory.java:analyzeStorage(246)) - The storage directory /workdir/hadoop-ozone/integration-test/target/test-dir/MiniOzoneClusterImpl-4bfb73da-a5a9-4fb9-9b48-1b3bedb326df/datanode-0/data/ratis/8d33e630-643b-41c0-b665-5b423ac2c46d does not exist. Creating ...
2019-08-27 22:34:21,436 [pool-461-thread-1] INFO  storage.RaftStorageDirectory (RaftStorageDirectory.java:analyzeStorage(246)) - The storage directory /workdir/hadoop-ozone/integration-test/target/test-dir/MiniOzoneClusterImpl-4bfb73da-a5a9-4fb9-9b48-1b3bedb326df/datanode-2/data/ratis/8d33e630-643b-41c0-b665-5b423ac2c46d does not exist. Creating ...
2019-08-27 22:34:21,470 [pool-461-thread-1] INFO  storage.RaftStorageDirectory (RaftStorageDirectory.java:tryLock(328)) - Lock on /workdir/hadoop-ozone/integration-test/target/test-dir/MiniOzoneClusterImpl-4bfb73da-a5a9-4fb9-9b48-1b3bedb326df/datanode-2/data/ratis/8d33e630-643b-41c0-b665-5b423ac2c46d/in_use.lock acquired by nodename 23339@pr-hdds-1935-gfhxc-3829810507
2019-08-27 22:34:21,470 [pool-450-thread-1] INFO  storage.RaftStorageDirectory (RaftStorageDirectory.java:tryLock(328)) - Lock on /workdir/hadoop-ozone/integration-test/target/test-dir/MiniOzoneClusterImpl-4bfb73da-a5a9-4fb9-9b48-1b3bedb326df/datanode-1/data/ratis/8d33e630-643b-41c0-b665-5b423ac2c46d/in_use.lock acquired by nodename 23339@pr-hdds-1935-gfhxc-3829810507
2019-08-27 22:34:21,470 [pool-439-thread-1] INFO  storage.RaftStorageDirectory (RaftStorageDirectory.java:tryLock(328)) - Lock on /workdir/hadoop-ozone/integration-test/target/test-dir/MiniOzoneClusterImpl-4bfb73da-a5a9-4fb9-9b48-1b3bedb326df/datanode-0/data/ratis/8d33e630-643b-41c0-b665-5b423ac2c46d/in_use.lock acquired by nodename 23339@pr-hdds-1935-gfhxc-3829810507
2019-08-27 22:34:21,486 [pool-450-thread-1] INFO  storage.RaftStorage (RaftStorage.java:format(72)) - Storage directory /workdir/hadoop-ozone/integration-test/target/test-dir/MiniOzoneClusterImpl-4bfb73da-a5a9-4fb9-9b48-1b3bedb326df/datanode-1/data/ratis/8d33e630-643b-41c0-b665-5b423ac2c46d has been successfully formatted.
2019-08-27 22:34:21,486 [pool-439-thread-1] INFO  storage.RaftStorage (RaftStorage.java:format(72)) - Storage directory /workdir/hadoop-ozone/integration-test/target/test-dir/MiniOzoneClusterImpl-4bfb73da-a5a9-4fb9-9b48-1b3bedb326df/datanode-0/data/ratis/8d33e630-643b-41c0-b665-5b423ac2c46d has been successfully formatted.
2019-08-27 22:34:21,486 [pool-450-thread-1] INFO  ratis.ContainerStateMachine (ContainerStateMachine.java:loadSnapshot(226)) - group-5B423AC2C46D: The snapshot info is null. Setting the last applied indexto:(t:0, i:~)
2019-08-27 22:34:21,486 [pool-461-thread-1] INFO  storage.RaftStorage (RaftStorage.java:format(72)) - Storage directory /workdir/hadoop-ozone/integration-test/target/test-dir/MiniOzoneClusterImpl-4bfb73da-a5a9-4fb9-9b48-1b3bedb326df/datanode-2/data/ratis/8d33e630-643b-41c0-b665-5b423ac2c46d has been successfully formatted.
2019-08-27 22:34:21,486 [pool-450-thread-1] INFO  server.RaftServerConfigKeys (ConfUtils.java:logGet(43)) - raft.server.leader.election.timeout = 120s (custom)
2019-08-27 22:34:21,486 [pool-461-thread-1] INFO  ratis.ContainerStateMachine (ContainerStateMachine.java:loadSnapshot(226)) - group-5B423AC2C46D: The snapshot info is null. Setting the last applied indexto:(t:0, i:~)
2019-08-27 22:34:21,486 [pool-439-thread-1] INFO  ratis.ContainerStateMachine (ContainerStateMachine.java:loadSnapshot(226)) - group-5B423AC2C46D: The snapshot info is null. Setting the last applied indexto:(t:0, i:~)
2019-08-27 22:34:21,487 [pool-461-thread-1] INFO  server.RaftServerConfigKeys (ConfUtils.java:logGet(43)) - raft.server.leader.election.timeout = 120s (custom)
2019-08-27 22:34:21,486 [pool-450-thread-1] INFO  server.RaftServerConfigKeys (ConfUtils.java:logGet(43)) - raft.server.log.use.memory = false (default)
2019-08-27 22:34:21,487 [pool-461-thread-1] INFO  server.RaftServerConfigKeys (ConfUtils.java:logGet(43)) - raft.server.log.use.memory = false (default)
2019-08-27 22:34:21,487 [pool-439-thread-1] INFO  server.RaftServerConfigKeys (ConfUtils.java:logGet(43)) - raft.server.leader.election.timeout = 120s (custom)
2019-08-27 22:34:21,487 [pool-461-thread-1] INFO  server.RaftServerConfigKeys (ConfUtils.java:logGet(43)) - raft.server.log.purge.gap = 1000000 (custom)
2019-08-27 22:34:21,487 [pool-450-thread-1] INFO  server.RaftServerConfigKeys (ConfUtils.java:logGet(43)) - raft.server.log.purge.gap = 1000000 (custom)
2019-08-27 22:34:21,487 [pool-461-thread-1] INFO  server.RaftServerConfigKeys (ConfUtils.java:logGet(43)) - raft.server.log.appender.buffer.byte-limit = 33554432 (custom)
2019-08-27 22:34:21,487 [pool-439-thread-1] INFO  server.RaftServerConfigKeys (ConfUtils.java:logGet(43)) - raft.server.log.use.memory = false (default)
2019-08-27 22:34:21,487 [pool-461-thread-1] INFO  server.RaftServerConfigKeys (ConfUtils.java:logGet(43)) - raft.server.log.segment.size.max = 1048576 (custom)
2019-08-27 22:34:21,487 [pool-450-thread-1] INFO  server.RaftServerConfigKeys (ConfUtils.java:logGet(43)) - raft.server.log.appender.buffer.byte-limit = 33554432 (custom)
2019-08-27 22:34:21,487 [pool-461-thread-1] INFO  server.RaftServerConfigKeys (ConfUtils.java:logGet(43)) - raft.server.log.segment.cache.num.max = 2 (custom)
2019-08-27 22:34:21,487 [pool-439-thread-1] INFO  server.RaftServerConfigKeys (ConfUtils.java:logGet(43)) - raft.server.log.purge.gap = 1000000 (custom)
2019-08-27 22:34:21,488 [pool-461-thread-1] INFO  segmented.SegmentedRaftLogWorker (SegmentedRaftLogWorker.java:<init>(172)) - new 548722b6-cbc9-4ce8-a377-29ae8acd3811-SegmentedRaftLogWorker:Storage Directory /workdir/hadoop-ozone/integration-test/target/test-dir/MiniOzoneClusterImpl-4bfb73da-a5a9-4fb9-9b48-1b3bedb326df/datanode-2/data/ratis/8d33e630-643b-41c0-b665-5b423ac2c46d for RaftStorage:Storage Directory /workdir/hadoop-ozone/integration-test/target/test-dir/MiniOzoneClusterImpl-4bfb73da-a5a9-4fb9-9b48-1b3bedb326df/datanode-2/data/ratis/8d33e630-643b-41c0-b665-5b423ac2c46d
2019-08-27 22:34:21,488 [pool-450-thread-1] INFO  server.RaftServerConfigKeys (ConfUtils.java:logGet(43)) - raft.server.log.segment.size.max = 1048576 (custom)
2019-08-27 22:34:21,488 [pool-461-thread-1] INFO  server.RaftServerConfigKeys (ConfUtils.java:logGet(43)) - raft.server.log.queue.byte-limit = 2147483647 (custom)
2019-08-27 22:34:21,488 [pool-439-thread-1] INFO  server.RaftServerConfigKeys (ConfUtils.java:logGet(43)) - raft.server.log.appender.buffer.byte-limit = 33554432 (custom)
2019-08-27 22:34:21,488 [pool-461-thread-1] INFO  server.RaftServerConfigKeys (ConfUtils.java:logGet(43)) - raft.server.log.queue.element-limit = 1024 (custom)
2019-08-27 22:34:21,488 [pool-450-thread-1] INFO  server.RaftServerConfigKeys (ConfUtils.java:logGet(43)) - raft.server.log.segment.cache.num.max = 2 (custom)
2019-08-27 22:34:21,488 [pool-461-thread-1] INFO  server.RaftServerConfigKeys (ConfUtils.java:logGet(43)) - raft.server.log.segment.size.max = 1048576 (custom)
2019-08-27 22:34:21,488 [pool-439-thread-1] INFO  server.RaftServerConfigKeys (ConfUtils.java:logGet(43)) - raft.server.log.segment.size.max = 1048576 (custom)
2019-08-27 22:34:21,488 [pool-461-thread-1] INFO  server.RaftServerConfigKeys (ConfUtils.java:logGet(43)) - raft.server.log.preallocated.size = 16384 (custom)
2019-08-27 22:34:21,488 [pool-450-thread-1] INFO  segmented.SegmentedRaftLogWorker (SegmentedRaftLogWorker.java:<init>(172)) - new a81afeb8-02c0-499f-ae14-dff73637c02f-SegmentedRaftLogWorker:Storage Directory /workdir/hadoop-ozone/integration-test/target/test-dir/MiniOzoneClusterImpl-4bfb73da-a5a9-4fb9-9b48-1b3bedb326df/datanode-1/data/ratis/8d33e630-643b-41c0-b665-5b423ac2c46d for RaftStorage:Storage Directory /workdir/hadoop-ozone/integration-test/target/test-dir/MiniOzoneClusterImpl-4bfb73da-a5a9-4fb9-9b48-1b3bedb326df/datanode-1/data/ratis/8d33e630-643b-41c0-b665-5b423ac2c46d
2019-08-27 22:34:21,489 [pool-461-thread-1] INFO  server.RaftServerConfigKeys (ConfUtils.java:logGet(43)) - raft.server.log.write.buffer.size = 33554432 (custom)
2019-08-27 22:34:21,489 [pool-439-thread-1] INFO  server.RaftServerConfigKeys (ConfUtils.java:logGet(43)) - raft.server.log.segment.cache.num.max = 2 (custom)
2019-08-27 22:34:21,489 [pool-461-thread-1] INFO  server.RaftServerConfigKeys (ConfUtils.java:logGet(43)) - raft.server.log.force.sync.num = 128 (default)
2019-08-27 22:34:21,489 [pool-450-thread-1] INFO  server.RaftServerConfigKeys (ConfUtils.java:logGet(43)) - raft.server.log.queue.byte-limit = 2147483647 (custom)
2019-08-27 22:34:21,489 [pool-461-thread-1] INFO  server.RaftServerConfigKeys (ConfUtils.java:logGet(43)) - raft.server.log.statemachine.data.sync = true (default)
2019-08-27 22:34:21,489 [pool-439-thread-1] INFO  segmented.SegmentedRaftLogWorker (SegmentedRaftLogWorker.java:<init>(172)) - new 9cd9b32c-8455-4cb6-9cfb-b7cb8243d3b0-SegmentedRaftLogWorker:Storage Directory /workdir/hadoop-ozone/integration-test/target/test-dir/MiniOzoneClusterImpl-4bfb73da-a5a9-4fb9-9b48-1b3bedb326df/datanode-0/data/ratis/8d33e630-643b-41c0-b665-5b423ac2c46d for RaftStorage:Storage Directory /workdir/hadoop-ozone/integration-test/target/test-dir/MiniOzoneClusterImpl-4bfb73da-a5a9-4fb9-9b48-1b3bedb326df/datanode-0/data/ratis/8d33e630-643b-41c0-b665-5b423ac2c46d
2019-08-27 22:34:21,489 [pool-461-thread-1] INFO  server.RaftServerConfigKeys (ConfUtils.java:logGet(43)) - raft.server.log.statemachine.data.sync.timeout = 10s (default)
2019-08-27 22:34:21,489 [pool-450-thread-1] INFO  server.RaftServerConfigKeys (ConfUtils.java:logGet(43)) - raft.server.log.queue.element-limit = 1024 (custom)
2019-08-27 22:34:21,489 [pool-461-thread-1] INFO  server.RaftServerConfigKeys (ConfUtils.java:logGet(43)) - raft.server.log.statemachine.data.sync.timeout.retry = -1 (default)
2019-08-27 22:34:21,489 [pool-439-thread-1] INFO  server.RaftServerConfigKeys (ConfUtils.java:logGet(43)) - raft.server.log.queue.byte-limit = 2147483647 (custom)
2019-08-27 22:34:21,490 [pool-461-thread-1] INFO  server.RaftServerConfigKeys (ConfUtils.java:logGet(43)) - raft.server.log.statemachine.data.caching.enabled = true (custom)
2019-08-27 22:34:21,490 [pool-450-thread-1] INFO  server.RaftServerConfigKeys (ConfUtils.java:logGet(43)) - raft.server.log.segment.size.max = 1048576 (custom)
2019-08-27 22:34:21,490 [pool-439-thread-1] INFO  server.RaftServerConfigKeys (ConfUtils.java:logGet(43)) - raft.server.log.queue.element-limit = 1024 (custom)
2019-08-27 22:34:21,490 [pool-461-thread-1] INFO  segmented.SegmentedRaftLogWorker (SegmentedRaftLogWorker.java:lambda$new$0(132)) - 548722b6-cbc9-4ce8-a377-29ae8acd3811-SegmentedRaftLogWorker:Storage Directory /workdir/hadoop-ozone/integration-test/target/test-dir/MiniOzoneClusterImpl-4bfb73da-a5a9-4fb9-9b48-1b3bedb326df/datanode-2/data/ratis/8d33e630-643b-41c0-b665-5b423ac2c46d: flushIndex: setUnconditionally 0 -> -1
2019-08-27 22:34:21,490 [pool-450-thread-1] INFO  server.RaftServerConfigKeys (ConfUtils.java:logGet(43)) - raft.server.log.preallocated.size = 16384 (custom)
2019-08-27 22:34:21,490 [pool-439-thread-1] INFO  server.RaftServerConfigKeys (ConfUtils.java:logGet(43)) - raft.server.log.segment.size.max = 1048576 (custom)
2019-08-27 22:34:21,490 [pool-461-thread-1] INFO  server.RaftServerConfigKeys (ConfUtils.java:logGet(43)) - raft.server.snapshot.auto.trigger.enabled = true (custom)
2019-08-27 22:34:21,490 [pool-450-thread-1] INFO  server.RaftServerConfigKeys (ConfUtils.java:logGet(43)) - raft.server.log.write.buffer.size = 33554432 (custom)
2019-08-27 22:34:21,490 [pool-461-thread-1] INFO  server.RaftServerConfigKeys (ConfUtils.java:logGet(43)) - raft.server.snapshot.auto.trigger.threshold = 10000 (custom)
2019-08-27 22:34:21,490 [pool-439-thread-1] INFO  server.RaftServerConfigKeys (ConfUtils.java:logGet(43)) - raft.server.log.preallocated.size = 16384 (custom)
2019-08-27 22:34:21,491 [pool-461-thread-1] INFO  server.RaftServerConfigKeys (ConfUtils.java:logGet(43)) - raft.server.retrycache.expirytime = 600000ms (custom)
2019-08-27 22:34:21,490 [pool-450-thread-1] INFO  server.RaftServerConfigKeys (ConfUtils.java:logGet(43)) - raft.server.log.force.sync.num = 128 (default)
2019-08-27 22:34:21,491 [pool-461-thread-1] INFO  impl.RaftServerImpl (RaftServerImpl.java:start(180)) - 548722b6-cbc9-4ce8-a377-29ae8acd3811: start group-5B423AC2C46D
2019-08-27 22:34:21,491 [pool-439-thread-1] INFO  server.RaftServerConfigKeys (ConfUtils.java:logGet(43)) - raft.server.log.write.buffer.size = 33554432 (custom)
2019-08-27 22:34:21,491 [pool-461-thread-1] INFO  impl.RaftServerImpl (RaftServerImpl.java:setRole(171)) - 548722b6-cbc9-4ce8-a377-29ae8acd3811:group-5B423AC2C46D changes role from null to FOLLOWER at term 0 for startAsFollower
2019-08-27 22:34:21,491 [pool-450-thread-1] INFO  server.RaftServerConfigKeys (ConfUtils.java:logGet(43)) - raft.server.log.statemachine.data.sync = true (default)
2019-08-27 22:34:21,491 [pool-461-thread-1] INFO  impl.RoleInfo (RoleInfo.java:updateAndGet(143)) - 548722b6-cbc9-4ce8-a377-29ae8acd3811: start FollowerState
2019-08-27 22:34:21,491 [pool-439-thread-1] INFO  server.RaftServerConfigKeys (ConfUtils.java:logGet(43)) - raft.server.log.force.sync.num = 128 (default)
2019-08-27 22:34:21,491 [pool-450-thread-1] INFO  server.RaftServerConfigKeys (ConfUtils.java:logGet(43)) - raft.server.log.statemachine.data.sync.timeout = 10s (default)
2019-08-27 22:34:21,491 [pool-461-thread-1] INFO  util.JmxRegister (JmxRegister.java:tryRegister(44)) - Successfully registered JMX Bean with object name Ratis:service=RaftServer,group=group-5B423AC2C46D,id=548722b6-cbc9-4ce8-a377-29ae8acd3811
2019-08-27 22:34:21,491 [pool-439-thread-1] INFO  server.RaftServerConfigKeys (ConfUtils.java:logGet(43)) - raft.server.log.statemachine.data.sync = true (default)
2019-08-27 22:34:21,491 [pool-450-thread-1] INFO  server.RaftServerConfigKeys (ConfUtils.java:logGet(43)) - raft.server.log.statemachine.data.sync.timeout.retry = -1 (default)
2019-08-27 22:34:21,492 [pool-439-thread-1] INFO  server.RaftServerConfigKeys (ConfUtils.java:logGet(43)) - raft.server.log.statemachine.data.sync.timeout = 10s (default)
2019-08-27 22:34:21,492 [pool-450-thread-1] INFO  server.RaftServerConfigKeys (ConfUtils.java:logGet(43)) - raft.server.log.statemachine.data.caching.enabled = true (custom)
2019-08-27 22:34:21,492 [pool-439-thread-1] INFO  server.RaftServerConfigKeys (ConfUtils.java:logGet(43)) - raft.server.log.statemachine.data.sync.timeout.retry = -1 (default)
2019-08-27 22:34:21,492 [pool-439-thread-1] INFO  server.RaftServerConfigKeys (ConfUtils.java:logGet(43)) - raft.server.log.statemachine.data.caching.enabled = true (custom)
2019-08-27 22:34:21,492 [pool-450-thread-1] INFO  segmented.SegmentedRaftLogWorker (SegmentedRaftLogWorker.java:lambda$new$0(132)) - a81afeb8-02c0-499f-ae14-dff73637c02f-SegmentedRaftLogWorker:Storage Directory /workdir/hadoop-ozone/integration-test/target/test-dir/MiniOzoneClusterImpl-4bfb73da-a5a9-4fb9-9b48-1b3bedb326df/datanode-1/data/ratis/8d33e630-643b-41c0-b665-5b423ac2c46d: flushIndex: setUnconditionally 0 -> -1
2019-08-27 22:34:21,492 [pool-439-thread-1] INFO  segmented.SegmentedRaftLogWorker (SegmentedRaftLogWorker.java:lambda$new$0(132)) - 9cd9b32c-8455-4cb6-9cfb-b7cb8243d3b0-SegmentedRaftLogWorker:Storage Directory /workdir/hadoop-ozone/integration-test/target/test-dir/MiniOzoneClusterImpl-4bfb73da-a5a9-4fb9-9b48-1b3bedb326df/datanode-0/data/ratis/8d33e630-643b-41c0-b665-5b423ac2c46d: flushIndex: setUnconditionally 0 -> -1
2019-08-27 22:34:21,492 [pool-450-thread-1] INFO  server.RaftServerConfigKeys (ConfUtils.java:logGet(43)) - raft.server.snapshot.auto.trigger.enabled = true (custom)
2019-08-27 22:34:21,492 [pool-439-thread-1] INFO  server.RaftServerConfigKeys (ConfUtils.java:logGet(43)) - raft.server.snapshot.auto.trigger.enabled = true (custom)
2019-08-27 22:34:21,492 [pool-450-thread-1] INFO  server.RaftServerConfigKeys (ConfUtils.java:logGet(43)) - raft.server.snapshot.auto.trigger.threshold = 10000 (custom)
2019-08-27 22:34:21,492 [pool-439-thread-1] INFO  server.RaftServerConfigKeys (ConfUtils.java:logGet(43)) - raft.server.snapshot.auto.trigger.threshold = 10000 (custom)
2019-08-27 22:34:21,493 [pool-450-thread-1] INFO  server.RaftServerConfigKeys (ConfUtils.java:logGet(43)) - raft.server.retrycache.expirytime = 600000ms (custom)
2019-08-27 22:34:21,493 [pool-439-thread-1] INFO  server.RaftServerConfigKeys (ConfUtils.java:logGet(43)) - raft.server.retrycache.expirytime = 600000ms (custom)
2019-08-27 22:34:21,493 [pool-450-thread-1] INFO  impl.RaftServerImpl (RaftServerImpl.java:start(180)) - a81afeb8-02c0-499f-ae14-dff73637c02f: start group-5B423AC2C46D
2019-08-27 22:34:21,493 [pool-439-thread-1] INFO  impl.RaftServerImpl (RaftServerImpl.java:start(180)) - 9cd9b32c-8455-4cb6-9cfb-b7cb8243d3b0: start group-5B423AC2C46D
2019-08-27 22:34:21,493 [pool-439-thread-1] INFO  impl.RaftServerImpl (RaftServerImpl.java:setRole(171)) - 9cd9b32c-8455-4cb6-9cfb-b7cb8243d3b0:group-5B423AC2C46D changes role from null to FOLLOWER at term 0 for startAsFollower
2019-08-27 22:34:21,493 [pool-450-thread-1] INFO  impl.RaftServerImpl (RaftServerImpl.java:setRole(171)) - a81afeb8-02c0-499f-ae14-dff73637c02f:group-5B423AC2C46D changes role from null to FOLLOWER at term 0 for startAsFollower
2019-08-27 22:34:21,493 [pool-439-thread-1] INFO  impl.RoleInfo (RoleInfo.java:updateAndGet(143)) - 9cd9b32c-8455-4cb6-9cfb-b7cb8243d3b0: start FollowerState
2019-08-27 22:34:21,493 [pool-450-thread-1] INFO  impl.RoleInfo (RoleInfo.java:updateAndGet(143)) - a81afeb8-02c0-499f-ae14-dff73637c02f: start FollowerState
2019-08-27 22:34:21,493 [pool-439-thread-1] INFO  util.JmxRegister (JmxRegister.java:tryRegister(44)) - Successfully registered JMX Bean with object name Ratis:service=RaftServer,group=group-5B423AC2C46D,id=9cd9b32c-8455-4cb6-9cfb-b7cb8243d3b0
2019-08-27 22:34:21,493 [pool-450-thread-1] INFO  util.JmxRegister (JmxRegister.java:tryRegister(44)) - Successfully registered JMX Bean with object name Ratis:service=RaftServer,group=group-5B423AC2C46D,id=a81afeb8-02c0-499f-ae14-dff73637c02f
2019-08-27 22:34:21,495 [RatisPipelineUtilsThread] INFO  pipeline.PipelineStateManager (PipelineStateManager.java:addPipeline(56)) - Created pipeline Pipeline[ Id: 8d33e630-643b-41c0-b665-5b423ac2c46d, Nodes: 9cd9b32c-8455-4cb6-9cfb-b7cb8243d3b0{ip: 192.168.36.82, host: pr-hdds-1935-gfhxc-3829810507, networkLocation: /default-rack, certSerialId: null}548722b6-cbc9-4ce8-a377-29ae8acd3811{ip: 192.168.36.82, host: pr-hdds-1935-gfhxc-3829810507, networkLocation: /default-rack, certSerialId: null}a81afeb8-02c0-499f-ae14-dff73637c02f{ip: 192.168.36.82, host: pr-hdds-1935-gfhxc-3829810507, networkLocation: /default-rack, certSerialId: null}, Type:RATIS, Factor:THREE, State:OPEN]
2019-08-27 22:34:21,508 [IPC Server handler 1 on 33406] INFO  net.NetworkTopology (NetworkTopologyImpl.java:add(110)) - Added a new node: /default-rack/5c93a3d6-ac2f-433c-ae21-a0594b3a4eb9
2019-08-27 22:34:21,509 [IPC Server handler 1 on 33406] INFO  node.SCMNodeManager (SCMNodeManager.java:register(266)) - Registered Data node : 5c93a3d6-ac2f-433c-ae21-a0594b3a4eb9{ip: 192.168.36.82, host: pr-hdds-1935-gfhxc-3829810507, networkLocation: /default-rack, certSerialId: null}
2019-08-27 22:34:21,509 | INFO  | SCMAudit | user=jenkins1000 | ip=192.168.36.82 | op=REGISTER {datanodeDetails=5c93a3d6-ac2f-433c-ae21-a0594b3a4eb9{ip: 192.168.36.82, host: pr-hdds-1935-gfhxc-3829810507, networkLocation: /default-rack, certSerialId: null}} | ret=SUCCESS |  
2019-08-27 22:34:21,514 [grpc-default-executor-8] INFO  impl.RaftServerProxy (RaftServerProxy.java:addNew(89)) - 5c93a3d6-ac2f-433c-ae21-a0594b3a4eb9: addNew group-83669D46BC52:[5c93a3d6-ac2f-433c-ae21-a0594b3a4eb9:192.168.36.82:44528] returns group-83669D46BC52:java.util.concurrent.CompletableFuture@7e314f0f[Not completed]
2019-08-27 22:34:21,515 [pool-472-thread-1] INFO  impl.RaftServerImpl (RaftServerImpl.java:<init>(93)) - 5c93a3d6-ac2f-433c-ae21-a0594b3a4eb9: new RaftServerImpl for group-83669D46BC52:[5c93a3d6-ac2f-433c-ae21-a0594b3a4eb9:192.168.36.82:44528] with ContainerStateMachine:uninitialized
2019-08-27 22:34:21,515 [pool-472-thread-1] INFO  server.RaftServerConfigKeys (ConfUtils.java:logGet(43)) - raft.server.rpc.timeout.min = 5s (custom)
2019-08-27 22:34:21,515 [pool-472-thread-1] INFO  server.RaftServerConfigKeys (ConfUtils.java:logGet(43)) - raft.server.rpc.timeout.max = 5200ms (custom)
2019-08-27 22:34:21,515 [pool-472-thread-1] INFO  server.RaftServerConfigKeys (ConfUtils.java:logGet(43)) - raft.server.rpcslowness.timeout = 120s (custom)
2019-08-27 22:34:21,515 [pool-472-thread-1] INFO  server.RaftServerConfigKeys (ConfUtils.java:logGet(43)) - raft.server.sleep.deviation.threshold = 300 (default)
2019-08-27 22:34:21,515 [pool-472-thread-1] INFO  server.RaftServerConfigKeys (ConfUtils.java:logGet(43)) - raft.server.log.appender.install.snapshot.enabled = false (custom)
2019-08-27 22:34:21,515 [pool-472-thread-1] INFO  impl.RaftServerImpl (ServerState.java:<init>(105)) - 5c93a3d6-ac2f-433c-ae21-a0594b3a4eb9:group-83669D46BC52 ConfigurationManager, init=-1: [5c93a3d6-ac2f-433c-ae21-a0594b3a4eb9:192.168.36.82:44528], old=null, confs=<EMPTY_MAP>
2019-08-27 22:34:21,516 [pool-472-thread-1] INFO  server.RaftServerConfigKeys (ConfUtils.java:logGet(43)) - raft.server.storage.dir = [/workdir/hadoop-ozone/integration-test/target/test-dir/MiniOzoneClusterImpl-4bfb73da-a5a9-4fb9-9b48-1b3bedb326df/datanode-3/data/ratis] (custom)
2019-08-27 22:34:21,516 [pool-472-thread-1] INFO  storage.RaftStorageDirectory (RaftStorageDirectory.java:analyzeStorage(246)) - The storage directory /workdir/hadoop-ozone/integration-test/target/test-dir/MiniOzoneClusterImpl-4bfb73da-a5a9-4fb9-9b48-1b3bedb326df/datanode-3/data/ratis/a3153706-d8e8-472b-9e61-83669d46bc52 does not exist. Creating ...
2019-08-27 22:34:21,579 [pool-472-thread-1] INFO  storage.RaftStorageDirectory (RaftStorageDirectory.java:tryLock(328)) - Lock on /workdir/hadoop-ozone/integration-test/target/test-dir/MiniOzoneClusterImpl-4bfb73da-a5a9-4fb9-9b48-1b3bedb326df/datanode-3/data/ratis/a3153706-d8e8-472b-9e61-83669d46bc52/in_use.lock acquired by nodename 23339@pr-hdds-1935-gfhxc-3829810507
2019-08-27 22:34:21,640 [pool-472-thread-1] INFO  storage.RaftStorage (RaftStorage.java:format(72)) - Storage directory /workdir/hadoop-ozone/integration-test/target/test-dir/MiniOzoneClusterImpl-4bfb73da-a5a9-4fb9-9b48-1b3bedb326df/datanode-3/data/ratis/a3153706-d8e8-472b-9e61-83669d46bc52 has been successfully formatted.
2019-08-27 22:34:21,640 [pool-472-thread-1] INFO  ratis.ContainerStateMachine (ContainerStateMachine.java:loadSnapshot(226)) - group-83669D46BC52: The snapshot info is null. Setting the last applied indexto:(t:0, i:~)
2019-08-27 22:34:21,640 [pool-472-thread-1] INFO  server.RaftServerConfigKeys (ConfUtils.java:logGet(43)) - raft.server.leader.election.timeout = 120s (custom)
2019-08-27 22:34:21,640 [pool-472-thread-1] INFO  server.RaftServerConfigKeys (ConfUtils.java:logGet(43)) - raft.server.log.use.memory = false (default)
2019-08-27 22:34:21,640 [pool-472-thread-1] INFO  server.RaftServerConfigKeys (ConfUtils.java:logGet(43)) - raft.server.log.purge.gap = 1000000 (custom)
2019-08-27 22:34:21,641 [pool-472-thread-1] INFO  server.RaftServerConfigKeys (ConfUtils.java:logGet(43)) - raft.server.log.appender.buffer.byte-limit = 33554432 (custom)
2019-08-27 22:34:21,641 [pool-472-thread-1] INFO  server.RaftServerConfigKeys (ConfUtils.java:logGet(43)) - raft.server.log.segment.size.max = 1048576 (custom)
2019-08-27 22:34:21,641 [pool-472-thread-1] INFO  server.RaftServerConfigKeys (ConfUtils.java:logGet(43)) - raft.server.log.segment.cache.num.max = 2 (custom)
2019-08-27 22:34:21,641 [pool-472-thread-1] INFO  segmented.SegmentedRaftLogWorker (SegmentedRaftLogWorker.java:<init>(172)) - new 5c93a3d6-ac2f-433c-ae21-a0594b3a4eb9-SegmentedRaftLogWorker:Storage Directory /workdir/hadoop-ozone/integration-test/target/test-dir/MiniOzoneClusterImpl-4bfb73da-a5a9-4fb9-9b48-1b3bedb326df/datanode-3/data/ratis/a3153706-d8e8-472b-9e61-83669d46bc52 for RaftStorage:Storage Directory /workdir/hadoop-ozone/integration-test/target/test-dir/MiniOzoneClusterImpl-4bfb73da-a5a9-4fb9-9b48-1b3bedb326df/datanode-3/data/ratis/a3153706-d8e8-472b-9e61-83669d46bc52
2019-08-27 22:34:21,641 [pool-472-thread-1] INFO  server.RaftServerConfigKeys (ConfUtils.java:logGet(43)) - raft.server.log.queue.byte-limit = 2147483647 (custom)
2019-08-27 22:34:21,641 [pool-472-thread-1] INFO  server.RaftServerConfigKeys (ConfUtils.java:logGet(43)) - raft.server.log.queue.element-limit = 1024 (custom)
2019-08-27 22:34:21,641 [pool-472-thread-1] INFO  server.RaftServerConfigKeys (ConfUtils.java:logGet(43)) - raft.server.log.segment.size.max = 1048576 (custom)
2019-08-27 22:34:21,642 [pool-472-thread-1] INFO  server.RaftServerConfigKeys (ConfUtils.java:logGet(43)) - raft.server.log.preallocated.size = 16384 (custom)
2019-08-27 22:34:21,642 [pool-472-thread-1] INFO  server.RaftServerConfigKeys (ConfUtils.java:logGet(43)) - raft.server.log.write.buffer.size = 33554432 (custom)
2019-08-27 22:34:21,642 [pool-472-thread-1] INFO  server.RaftServerConfigKeys (ConfUtils.java:logGet(43)) - raft.server.log.force.sync.num = 128 (default)
2019-08-27 22:34:21,642 [pool-472-thread-1] INFO  server.RaftServerConfigKeys (ConfUtils.java:logGet(43)) - raft.server.log.statemachine.data.sync = true (default)
2019-08-27 22:34:21,642 [pool-472-thread-1] INFO  server.RaftServerConfigKeys (ConfUtils.java:logGet(43)) - raft.server.log.statemachine.data.sync.timeout = 10s (default)
2019-08-27 22:34:21,642 [pool-472-thread-1] INFO  server.RaftServerConfigKeys (ConfUtils.java:logGet(43)) - raft.server.log.statemachine.data.sync.timeout.retry = -1 (default)
2019-08-27 22:34:21,642 [pool-472-thread-1] INFO  server.RaftServerConfigKeys (ConfUtils.java:logGet(43)) - raft.server.log.statemachine.data.caching.enabled = true (custom)
2019-08-27 22:34:21,643 [pool-472-thread-1] INFO  segmented.SegmentedRaftLogWorker (SegmentedRaftLogWorker.java:lambda$new$0(132)) - 5c93a3d6-ac2f-433c-ae21-a0594b3a4eb9-SegmentedRaftLogWorker:Storage Directory /workdir/hadoop-ozone/integration-test/target/test-dir/MiniOzoneClusterImpl-4bfb73da-a5a9-4fb9-9b48-1b3bedb326df/datanode-3/data/ratis/a3153706-d8e8-472b-9e61-83669d46bc52: flushIndex: setUnconditionally 0 -> -1
2019-08-27 22:34:21,643 [pool-472-thread-1] INFO  server.RaftServerConfigKeys (ConfUtils.java:logGet(43)) - raft.server.snapshot.auto.trigger.enabled = true (custom)
2019-08-27 22:34:21,643 [pool-472-thread-1] INFO  server.RaftServerConfigKeys (ConfUtils.java:logGet(43)) - raft.server.snapshot.auto.trigger.threshold = 10000 (custom)
2019-08-27 22:34:21,643 [pool-472-thread-1] INFO  server.RaftServerConfigKeys (ConfUtils.java:logGet(43)) - raft.server.retrycache.expirytime = 600000ms (custom)
2019-08-27 22:34:21,643 [pool-472-thread-1] INFO  impl.RaftServerImpl (RaftServerImpl.java:start(180)) - 5c93a3d6-ac2f-433c-ae21-a0594b3a4eb9: start group-83669D46BC52
2019-08-27 22:34:21,644 [pool-472-thread-1] INFO  impl.RaftServerImpl (RaftServerImpl.java:setRole(171)) - 5c93a3d6-ac2f-433c-ae21-a0594b3a4eb9:group-83669D46BC52 changes role from null to FOLLOWER at term 0 for startAsFollower
2019-08-27 22:34:21,644 [pool-472-thread-1] INFO  impl.RoleInfo (RoleInfo.java:updateAndGet(143)) - 5c93a3d6-ac2f-433c-ae21-a0594b3a4eb9: start FollowerState
2019-08-27 22:34:21,644 [pool-472-thread-1] INFO  util.JmxRegister (JmxRegister.java:tryRegister(44)) - Successfully registered JMX Bean with object name Ratis:service=RaftServer,group=group-83669D46BC52,id=5c93a3d6-ac2f-433c-ae21-a0594b3a4eb9
2019-08-27 22:34:21,646 [RatisPipelineUtilsThread] INFO  pipeline.PipelineStateManager (PipelineStateManager.java:addPipeline(56)) - Created pipeline Pipeline[ Id: a3153706-d8e8-472b-9e61-83669d46bc52, Nodes: 5c93a3d6-ac2f-433c-ae21-a0594b3a4eb9{ip: 192.168.36.82, host: pr-hdds-1935-gfhxc-3829810507, networkLocation: /default-rack, certSerialId: null}, Type:RATIS, Factor:ONE, State:OPEN]
2019-08-27 22:34:21,692 [IPC Server handler 3 on 33406] INFO  net.NetworkTopology (NetworkTopologyImpl.java:add(110)) - Added a new node: /default-rack/89f59389-d833-4deb-a03d-413db5a1260e
2019-08-27 22:34:21,693 [IPC Server handler 3 on 33406] INFO  node.SCMNodeManager (SCMNodeManager.java:register(266)) - Registered Data node : 89f59389-d833-4deb-a03d-413db5a1260e{ip: 192.168.36.82, host: pr-hdds-1935-gfhxc-3829810507, networkLocation: /default-rack, certSerialId: null}
2019-08-27 22:34:21,695 | INFO  | SCMAudit | user=jenkins1000 | ip=192.168.36.82 | op=REGISTER {datanodeDetails=89f59389-d833-4deb-a03d-413db5a1260e{ip: 192.168.36.82, host: pr-hdds-1935-gfhxc-3829810507, networkLocation: /default-rack, certSerialId: null}} | ret=SUCCESS |  
2019-08-27 22:34:21,700 [grpc-default-executor-8] INFO  impl.RaftServerProxy (RaftServerProxy.java:addNew(89)) - 89f59389-d833-4deb-a03d-413db5a1260e: addNew group-788D8C191A80:[89f59389-d833-4deb-a03d-413db5a1260e:192.168.36.82:43095] returns group-788D8C191A80:java.util.concurrent.CompletableFuture@411fc1fe[Not completed]
2019-08-27 22:34:21,701 [pool-483-thread-1] INFO  impl.RaftServerImpl (RaftServerImpl.java:<init>(93)) - 89f59389-d833-4deb-a03d-413db5a1260e: new RaftServerImpl for group-788D8C191A80:[89f59389-d833-4deb-a03d-413db5a1260e:192.168.36.82:43095] with ContainerStateMachine:uninitialized
2019-08-27 22:34:21,701 [pool-483-thread-1] INFO  server.RaftServerConfigKeys (ConfUtils.java:logGet(43)) - raft.server.rpc.timeout.min = 5s (custom)
2019-08-27 22:34:21,701 [pool-483-thread-1] INFO  server.RaftServerConfigKeys (ConfUtils.java:logGet(43)) - raft.server.rpc.timeout.max = 5200ms (custom)
2019-08-27 22:34:21,701 [pool-483-thread-1] INFO  server.RaftServerConfigKeys (ConfUtils.java:logGet(43)) - raft.server.rpcslowness.timeout = 120s (custom)
2019-08-27 22:34:21,701 [pool-483-thread-1] INFO  server.RaftServerConfigKeys (ConfUtils.java:logGet(43)) - raft.server.sleep.deviation.threshold = 300 (default)
2019-08-27 22:34:21,701 [pool-483-thread-1] INFO  server.RaftServerConfigKeys (ConfUtils.java:logGet(43)) - raft.server.log.appender.install.snapshot.enabled = false (custom)
2019-08-27 22:34:21,702 [pool-483-thread-1] INFO  impl.RaftServerImpl (ServerState.java:<init>(105)) - 89f59389-d833-4deb-a03d-413db5a1260e:group-788D8C191A80 ConfigurationManager, init=-1: [89f59389-d833-4deb-a03d-413db5a1260e:192.168.36.82:43095], old=null, confs=<EMPTY_MAP>
2019-08-27 22:34:21,702 [pool-483-thread-1] INFO  server.RaftServerConfigKeys (ConfUtils.java:logGet(43)) - raft.server.storage.dir = [/workdir/hadoop-ozone/integration-test/target/test-dir/MiniOzoneClusterImpl-4bfb73da-a5a9-4fb9-9b48-1b3bedb326df/datanode-4/data/ratis] (custom)
2019-08-27 22:34:21,702 [pool-483-thread-1] INFO  storage.RaftStorageDirectory (RaftStorageDirectory.java:analyzeStorage(246)) - The storage directory /workdir/hadoop-ozone/integration-test/target/test-dir/MiniOzoneClusterImpl-4bfb73da-a5a9-4fb9-9b48-1b3bedb326df/datanode-4/data/ratis/0b5591de-b67f-4b15-9f6e-788d8c191a80 does not exist. Creating ...
2019-08-27 22:34:21,753 [pool-483-thread-1] INFO  storage.RaftStorageDirectory (RaftStorageDirectory.java:tryLock(328)) - Lock on /workdir/hadoop-ozone/integration-test/target/test-dir/MiniOzoneClusterImpl-4bfb73da-a5a9-4fb9-9b48-1b3bedb326df/datanode-4/data/ratis/0b5591de-b67f-4b15-9f6e-788d8c191a80/in_use.lock acquired by nodename 23339@pr-hdds-1935-gfhxc-3829810507
2019-08-27 22:34:21,842 [pool-483-thread-1] INFO  storage.RaftStorage (RaftStorage.java:format(72)) - Storage directory /workdir/hadoop-ozone/integration-test/target/test-dir/MiniOzoneClusterImpl-4bfb73da-a5a9-4fb9-9b48-1b3bedb326df/datanode-4/data/ratis/0b5591de-b67f-4b15-9f6e-788d8c191a80 has been successfully formatted.
2019-08-27 22:34:21,842 [pool-483-thread-1] INFO  ratis.ContainerStateMachine (ContainerStateMachine.java:loadSnapshot(226)) - group-788D8C191A80: The snapshot info is null. Setting the last applied indexto:(t:0, i:~)
2019-08-27 22:34:21,842 [pool-483-thread-1] INFO  server.RaftServerConfigKeys (ConfUtils.java:logGet(43)) - raft.server.leader.election.timeout = 120s (custom)
2019-08-27 22:34:21,843 [pool-483-thread-1] INFO  server.RaftServerConfigKeys (ConfUtils.java:logGet(43)) - raft.server.log.use.memory = false (default)
2019-08-27 22:34:21,843 [pool-483-thread-1] INFO  server.RaftServerConfigKeys (ConfUtils.java:logGet(43)) - raft.server.log.purge.gap = 1000000 (custom)
2019-08-27 22:34:21,843 [pool-483-thread-1] INFO  server.RaftServerConfigKeys (ConfUtils.java:logGet(43)) - raft.server.log.appender.buffer.byte-limit = 33554432 (custom)
2019-08-27 22:34:21,843 [pool-483-thread-1] INFO  server.RaftServerConfigKeys (ConfUtils.java:logGet(43)) - raft.server.log.segment.size.max = 1048576 (custom)
2019-08-27 22:34:21,843 [pool-483-thread-1] INFO  server.RaftServerConfigKeys (ConfUtils.java:logGet(43)) - raft.server.log.segment.cache.num.max = 2 (custom)
2019-08-27 22:34:21,843 [pool-483-thread-1] INFO  segmented.SegmentedRaftLogWorker (SegmentedRaftLogWorker.java:<init>(172)) - new 89f59389-d833-4deb-a03d-413db5a1260e-SegmentedRaftLogWorker:Storage Directory /workdir/hadoop-ozone/integration-test/target/test-dir/MiniOzoneClusterImpl-4bfb73da-a5a9-4fb9-9b48-1b3bedb326df/datanode-4/data/ratis/0b5591de-b67f-4b15-9f6e-788d8c191a80 for RaftStorage:Storage Directory /workdir/hadoop-ozone/integration-test/target/test-dir/MiniOzoneClusterImpl-4bfb73da-a5a9-4fb9-9b48-1b3bedb326df/datanode-4/data/ratis/0b5591de-b67f-4b15-9f6e-788d8c191a80
2019-08-27 22:34:21,843 [pool-483-thread-1] INFO  server.RaftServerConfigKeys (ConfUtils.java:logGet(43)) - raft.server.log.queue.byte-limit = 2147483647 (custom)
2019-08-27 22:34:21,843 [pool-483-thread-1] INFO  server.RaftServerConfigKeys (ConfUtils.java:logGet(43)) - raft.server.log.queue.element-limit = 1024 (custom)
2019-08-27 22:34:21,843 [pool-483-thread-1] INFO  server.RaftServerConfigKeys (ConfUtils.java:logGet(43)) - raft.server.log.segment.size.max = 1048576 (custom)
2019-08-27 22:34:21,844 [pool-483-thread-1] INFO  server.RaftServerConfigKeys (ConfUtils.java:logGet(43)) - raft.server.log.preallocated.size = 16384 (custom)
2019-08-27 22:34:21,844 [pool-483-thread-1] INFO  server.RaftServerConfigKeys (ConfUtils.java:logGet(43)) - raft.server.log.write.buffer.size = 33554432 (custom)
2019-08-27 22:34:21,844 [pool-483-thread-1] INFO  server.RaftServerConfigKeys (ConfUtils.java:logGet(43)) - raft.server.log.force.sync.num = 128 (default)
2019-08-27 22:34:21,844 [pool-483-thread-1] INFO  server.RaftServerConfigKeys (ConfUtils.java:logGet(43)) - raft.server.log.statemachine.data.sync = true (default)
2019-08-27 22:34:21,844 [pool-483-thread-1] INFO  server.RaftServerConfigKeys (ConfUtils.java:logGet(43)) - raft.server.log.statemachine.data.sync.timeout = 10s (default)
2019-08-27 22:34:21,844 [pool-483-thread-1] INFO  server.RaftServerConfigKeys (ConfUtils.java:logGet(43)) - raft.server.log.statemachine.data.sync.timeout.retry = -1 (default)
2019-08-27 22:34:21,844 [pool-483-thread-1] INFO  server.RaftServerConfigKeys (ConfUtils.java:logGet(43)) - raft.server.log.statemachine.data.caching.enabled = true (custom)
2019-08-27 22:34:21,844 [pool-483-thread-1] INFO  segmented.SegmentedRaftLogWorker (SegmentedRaftLogWorker.java:lambda$new$0(132)) - 89f59389-d833-4deb-a03d-413db5a1260e-SegmentedRaftLogWorker:Storage Directory /workdir/hadoop-ozone/integration-test/target/test-dir/MiniOzoneClusterImpl-4bfb73da-a5a9-4fb9-9b48-1b3bedb326df/datanode-4/data/ratis/0b5591de-b67f-4b15-9f6e-788d8c191a80: flushIndex: setUnconditionally 0 -> -1
2019-08-27 22:34:21,845 [pool-483-thread-1] INFO  server.RaftServerConfigKeys (ConfUtils.java:logGet(43)) - raft.server.snapshot.auto.trigger.enabled = true (custom)
2019-08-27 22:34:21,845 [pool-483-thread-1] INFO  server.RaftServerConfigKeys (ConfUtils.java:logGet(43)) - raft.server.snapshot.auto.trigger.threshold = 10000 (custom)
2019-08-27 22:34:21,845 [pool-483-thread-1] INFO  server.RaftServerConfigKeys (ConfUtils.java:logGet(43)) - raft.server.retrycache.expirytime = 600000ms (custom)
2019-08-27 22:34:21,845 [pool-483-thread-1] INFO  impl.RaftServerImpl (RaftServerImpl.java:start(180)) - 89f59389-d833-4deb-a03d-413db5a1260e: start group-788D8C191A80
2019-08-27 22:34:21,845 [pool-483-thread-1] INFO  impl.RaftServerImpl (RaftServerImpl.java:setRole(171)) - 89f59389-d833-4deb-a03d-413db5a1260e:group-788D8C191A80 changes role from null to FOLLOWER at term 0 for startAsFollower
2019-08-27 22:34:21,845 [pool-483-thread-1] INFO  impl.RoleInfo (RoleInfo.java:updateAndGet(143)) - 89f59389-d833-4deb-a03d-413db5a1260e: start FollowerState
2019-08-27 22:34:21,846 [pool-483-thread-1] INFO  util.JmxRegister (JmxRegister.java:tryRegister(44)) - Successfully registered JMX Bean with object name Ratis:service=RaftServer,group=group-788D8C191A80,id=89f59389-d833-4deb-a03d-413db5a1260e
2019-08-27 22:34:21,847 [RatisPipelineUtilsThread] INFO  pipeline.PipelineStateManager (PipelineStateManager.java:addPipeline(56)) - Created pipeline Pipeline[ Id: 0b5591de-b67f-4b15-9f6e-788d8c191a80, Nodes: 89f59389-d833-4deb-a03d-413db5a1260e{ip: 192.168.36.82, host: pr-hdds-1935-gfhxc-3829810507, networkLocation: /default-rack, certSerialId: null}, Type:RATIS, Factor:ONE, State:OPEN]
2019-08-27 22:34:21,906 [IPC Server handler 2 on 33406] INFO  net.NetworkTopology (NetworkTopologyImpl.java:add(110)) - Added a new node: /default-rack/506fee67-9f81-4cae-aaf5-08e8c0b305e7
2019-08-27 22:34:21,906 [IPC Server handler 2 on 33406] INFO  node.SCMNodeManager (SCMNodeManager.java:register(266)) - Registered Data node : 506fee67-9f81-4cae-aaf5-08e8c0b305e7{ip: 192.168.36.82, host: pr-hdds-1935-gfhxc-3829810507, networkLocation: /default-rack, certSerialId: null}
2019-08-27 22:34:21,906 | INFO  | SCMAudit | user=jenkins1000 | ip=192.168.36.82 | op=REGISTER {datanodeDetails=506fee67-9f81-4cae-aaf5-08e8c0b305e7{ip: 192.168.36.82, host: pr-hdds-1935-gfhxc-3829810507, networkLocation: /default-rack, certSerialId: null}} | ret=SUCCESS |  
2019-08-27 22:34:21,911 [grpc-default-executor-8] INFO  impl.RaftServerProxy (RaftServerProxy.java:addNew(89)) - 506fee67-9f81-4cae-aaf5-08e8c0b305e7: addNew group-F247081C4F6E:[506fee67-9f81-4cae-aaf5-08e8c0b305e7:192.168.36.82:44257] returns group-F247081C4F6E:java.util.concurrent.CompletableFuture@35280916[Not completed]
2019-08-27 22:34:21,912 [pool-494-thread-1] INFO  impl.RaftServerImpl (RaftServerImpl.java:<init>(93)) - 506fee67-9f81-4cae-aaf5-08e8c0b305e7: new RaftServerImpl for group-F247081C4F6E:[506fee67-9f81-4cae-aaf5-08e8c0b305e7:192.168.36.82:44257] with ContainerStateMachine:uninitialized
2019-08-27 22:34:21,913 [pool-494-thread-1] INFO  server.RaftServerConfigKeys (ConfUtils.java:logGet(43)) - raft.server.rpc.timeout.min = 5s (custom)
2019-08-27 22:34:21,913 [pool-494-thread-1] INFO  server.RaftServerConfigKeys (ConfUtils.java:logGet(43)) - raft.server.rpc.timeout.max = 5200ms (custom)
2019-08-27 22:34:21,913 [pool-494-thread-1] INFO  server.RaftServerConfigKeys (ConfUtils.java:logGet(43)) - raft.server.rpcslowness.timeout = 120s (custom)
2019-08-27 22:34:21,913 [pool-494-thread-1] INFO  server.RaftServerConfigKeys (ConfUtils.java:logGet(43)) - raft.server.sleep.deviation.threshold = 300 (default)
2019-08-27 22:34:21,913 [pool-494-thread-1] INFO  server.RaftServerConfigKeys (ConfUtils.java:logGet(43)) - raft.server.log.appender.install.snapshot.enabled = false (custom)
2019-08-27 22:34:21,913 [pool-494-thread-1] INFO  impl.RaftServerImpl (ServerState.java:<init>(105)) - 506fee67-9f81-4cae-aaf5-08e8c0b305e7:group-F247081C4F6E ConfigurationManager, init=-1: [506fee67-9f81-4cae-aaf5-08e8c0b305e7:192.168.36.82:44257], old=null, confs=<EMPTY_MAP>
2019-08-27 22:34:21,913 [pool-494-thread-1] INFO  server.RaftServerConfigKeys (ConfUtils.java:logGet(43)) - raft.server.storage.dir = [/workdir/hadoop-ozone/integration-test/target/test-dir/MiniOzoneClusterImpl-4bfb73da-a5a9-4fb9-9b48-1b3bedb326df/datanode-5/data/ratis] (custom)
2019-08-27 22:34:21,913 [pool-494-thread-1] INFO  storage.RaftStorageDirectory (RaftStorageDirectory.java:analyzeStorage(246)) - The storage directory /workdir/hadoop-ozone/integration-test/target/test-dir/MiniOzoneClusterImpl-4bfb73da-a5a9-4fb9-9b48-1b3bedb326df/datanode-5/data/ratis/ae5a08a7-ba40-4d07-b9e8-f247081c4f6e does not exist. Creating ...
2019-08-27 22:34:21,967 [pool-494-thread-1] INFO  storage.RaftStorageDirectory (RaftStorageDirectory.java:tryLock(328)) - Lock on /workdir/hadoop-ozone/integration-test/target/test-dir/MiniOzoneClusterImpl-4bfb73da-a5a9-4fb9-9b48-1b3bedb326df/datanode-5/data/ratis/ae5a08a7-ba40-4d07-b9e8-f247081c4f6e/in_use.lock acquired by nodename 23339@pr-hdds-1935-gfhxc-3829810507
2019-08-27 22:34:22,005 [pool-494-thread-1] INFO  storage.RaftStorage (RaftStorage.java:format(72)) - Storage directory /workdir/hadoop-ozone/integration-test/target/test-dir/MiniOzoneClusterImpl-4bfb73da-a5a9-4fb9-9b48-1b3bedb326df/datanode-5/data/ratis/ae5a08a7-ba40-4d07-b9e8-f247081c4f6e has been successfully formatted.
2019-08-27 22:34:22,005 [pool-494-thread-1] INFO  ratis.ContainerStateMachine (ContainerStateMachine.java:loadSnapshot(226)) - group-F247081C4F6E: The snapshot info is null. Setting the last applied indexto:(t:0, i:~)
2019-08-27 22:34:22,005 [pool-494-thread-1] INFO  server.RaftServerConfigKeys (ConfUtils.java:logGet(43)) - raft.server.leader.election.timeout = 120s (custom)
2019-08-27 22:34:22,005 [pool-494-thread-1] INFO  server.RaftServerConfigKeys (ConfUtils.java:logGet(43)) - raft.server.log.use.memory = false (default)
2019-08-27 22:34:22,006 [pool-494-thread-1] INFO  server.RaftServerConfigKeys (ConfUtils.java:logGet(43)) - raft.server.log.purge.gap = 1000000 (custom)
2019-08-27 22:34:22,006 [pool-494-thread-1] INFO  server.RaftServerConfigKeys (ConfUtils.java:logGet(43)) - raft.server.log.appender.buffer.byte-limit = 33554432 (custom)
2019-08-27 22:34:22,006 [pool-494-thread-1] INFO  server.RaftServerConfigKeys (ConfUtils.java:logGet(43)) - raft.server.log.segment.size.max = 1048576 (custom)
2019-08-27 22:34:22,006 [pool-494-thread-1] INFO  server.RaftServerConfigKeys (ConfUtils.java:logGet(43)) - raft.server.log.segment.cache.num.max = 2 (custom)
2019-08-27 22:34:22,006 [pool-494-thread-1] INFO  segmented.SegmentedRaftLogWorker (SegmentedRaftLogWorker.java:<init>(172)) - new 506fee67-9f81-4cae-aaf5-08e8c0b305e7-SegmentedRaftLogWorker:Storage Directory /workdir/hadoop-ozone/integration-test/target/test-dir/MiniOzoneClusterImpl-4bfb73da-a5a9-4fb9-9b48-1b3bedb326df/datanode-5/data/ratis/ae5a08a7-ba40-4d07-b9e8-f247081c4f6e for RaftStorage:Storage Directory /workdir/hadoop-ozone/integration-test/target/test-dir/MiniOzoneClusterImpl-4bfb73da-a5a9-4fb9-9b48-1b3bedb326df/datanode-5/data/ratis/ae5a08a7-ba40-4d07-b9e8-f247081c4f6e
2019-08-27 22:34:22,006 [pool-494-thread-1] INFO  server.RaftServerConfigKeys (ConfUtils.java:logGet(43)) - raft.server.log.queue.byte-limit = 2147483647 (custom)
2019-08-27 22:34:22,006 [pool-494-thread-1] INFO  server.RaftServerConfigKeys (ConfUtils.java:logGet(43)) - raft.server.log.queue.element-limit = 1024 (custom)
2019-08-27 22:34:22,007 [pool-494-thread-1] INFO  server.RaftServerConfigKeys (ConfUtils.java:logGet(43)) - raft.server.log.segment.size.max = 1048576 (custom)
2019-08-27 22:34:22,007 [pool-494-thread-1] INFO  server.RaftServerConfigKeys (ConfUtils.java:logGet(43)) - raft.server.log.preallocated.size = 16384 (custom)
2019-08-27 22:34:22,007 [pool-494-thread-1] INFO  server.RaftServerConfigKeys (ConfUtils.java:logGet(43)) - raft.server.log.write.buffer.size = 33554432 (custom)
2019-08-27 22:34:22,007 [pool-494-thread-1] INFO  server.RaftServerConfigKeys (ConfUtils.java:logGet(43)) - raft.server.log.force.sync.num = 128 (default)
2019-08-27 22:34:22,007 [pool-494-thread-1] INFO  server.RaftServerConfigKeys (ConfUtils.java:logGet(43)) - raft.server.log.statemachine.data.sync = true (default)
2019-08-27 22:34:22,007 [pool-494-thread-1] INFO  server.RaftServerConfigKeys (ConfUtils.java:logGet(43)) - raft.server.log.statemachine.data.sync.timeout = 10s (default)
2019-08-27 22:34:22,007 [pool-494-thread-1] INFO  server.RaftServerConfigKeys (ConfUtils.java:logGet(43)) - raft.server.log.statemachine.data.sync.timeout.retry = -1 (default)
2019-08-27 22:34:22,008 [pool-494-thread-1] INFO  server.RaftServerConfigKeys (ConfUtils.java:logGet(43)) - raft.server.log.statemachine.data.caching.enabled = true (custom)
2019-08-27 22:34:22,008 [pool-494-thread-1] INFO  segmented.SegmentedRaftLogWorker (SegmentedRaftLogWorker.java:lambda$new$0(132)) - 506fee67-9f81-4cae-aaf5-08e8c0b305e7-SegmentedRaftLogWorker:Storage Directory /workdir/hadoop-ozone/integration-test/target/test-dir/MiniOzoneClusterImpl-4bfb73da-a5a9-4fb9-9b48-1b3bedb326df/datanode-5/data/ratis/ae5a08a7-ba40-4d07-b9e8-f247081c4f6e: flushIndex: setUnconditionally 0 -> -1
2019-08-27 22:34:22,008 [pool-494-thread-1] INFO  server.RaftServerConfigKeys (ConfUtils.java:logGet(43)) - raft.server.snapshot.auto.trigger.enabled = true (custom)
2019-08-27 22:34:22,008 [pool-494-thread-1] INFO  server.RaftServerConfigKeys (ConfUtils.java:logGet(43)) - raft.server.snapshot.auto.trigger.threshold = 10000 (custom)
2019-08-27 22:34:22,009 [pool-494-thread-1] INFO  server.RaftServerConfigKeys (ConfUtils.java:logGet(43)) - raft.server.retrycache.expirytime = 600000ms (custom)
2019-08-27 22:34:22,009 [pool-494-thread-1] INFO  impl.RaftServerImpl (RaftServerImpl.java:start(180)) - 506fee67-9f81-4cae-aaf5-08e8c0b305e7: start group-F247081C4F6E
2019-08-27 22:34:22,009 [pool-494-thread-1] INFO  impl.RaftServerImpl (RaftServerImpl.java:setRole(171)) - 506fee67-9f81-4cae-aaf5-08e8c0b305e7:group-F247081C4F6E changes role from null to FOLLOWER at term 0 for startAsFollower
2019-08-27 22:34:22,009 [pool-494-thread-1] INFO  impl.RoleInfo (RoleInfo.java:updateAndGet(143)) - 506fee67-9f81-4cae-aaf5-08e8c0b305e7: start FollowerState
2019-08-27 22:34:22,009 [pool-494-thread-1] INFO  util.JmxRegister (JmxRegister.java:tryRegister(44)) - Successfully registered JMX Bean with object name Ratis:service=RaftServer,group=group-F247081C4F6E,id=506fee67-9f81-4cae-aaf5-08e8c0b305e7
2019-08-27 22:34:22,011 [RatisPipelineUtilsThread] INFO  pipeline.PipelineStateManager (PipelineStateManager.java:addPipeline(56)) - Created pipeline Pipeline[ Id: ae5a08a7-ba40-4d07-b9e8-f247081c4f6e, Nodes: 506fee67-9f81-4cae-aaf5-08e8c0b305e7{ip: 192.168.36.82, host: pr-hdds-1935-gfhxc-3829810507, networkLocation: /default-rack, certSerialId: null}, Type:RATIS, Factor:ONE, State:OPEN]
2019-08-27 22:34:22,021 [grpc-default-executor-15] INFO  impl.RaftServerProxy (RaftServerProxy.java:addNew(89)) - 506fee67-9f81-4cae-aaf5-08e8c0b305e7: addNew group-C47B472BB423:[506fee67-9f81-4cae-aaf5-08e8c0b305e7:192.168.36.82:44257, 5c93a3d6-ac2f-433c-ae21-a0594b3a4eb9:192.168.36.82:44528, 89f59389-d833-4deb-a03d-413db5a1260e:192.168.36.82:43095] returns group-C47B472BB423:java.util.concurrent.CompletableFuture@b7ae189[Not completed]
2019-08-27 22:34:22,021 [grpc-default-executor-8] INFO  impl.RaftServerProxy (RaftServerProxy.java:addNew(89)) - 5c93a3d6-ac2f-433c-ae21-a0594b3a4eb9: addNew group-C47B472BB423:[506fee67-9f81-4cae-aaf5-08e8c0b305e7:192.168.36.82:44257, 5c93a3d6-ac2f-433c-ae21-a0594b3a4eb9:192.168.36.82:44528, 89f59389-d833-4deb-a03d-413db5a1260e:192.168.36.82:43095] returns group-C47B472BB423:java.util.concurrent.CompletableFuture@2ababd56[Not completed]
2019-08-27 22:34:22,021 [grpc-default-executor-14] INFO  impl.RaftServerProxy (RaftServerProxy.java:addNew(89)) - 89f59389-d833-4deb-a03d-413db5a1260e: addNew group-C47B472BB423:[506fee67-9f81-4cae-aaf5-08e8c0b305e7:192.168.36.82:44257, 5c93a3d6-ac2f-433c-ae21-a0594b3a4eb9:192.168.36.82:44528, 89f59389-d833-4deb-a03d-413db5a1260e:192.168.36.82:43095] returns group-C47B472BB423:java.util.concurrent.CompletableFuture@54b37976[Not completed]
2019-08-27 22:34:22,022 [pool-494-thread-1] INFO  impl.RaftServerImpl (RaftServerImpl.java:<init>(93)) - 506fee67-9f81-4cae-aaf5-08e8c0b305e7: new RaftServerImpl for group-C47B472BB423:[506fee67-9f81-4cae-aaf5-08e8c0b305e7:192.168.36.82:44257, 5c93a3d6-ac2f-433c-ae21-a0594b3a4eb9:192.168.36.82:44528, 89f59389-d833-4deb-a03d-413db5a1260e:192.168.36.82:43095] with ContainerStateMachine:uninitialized
2019-08-27 22:34:22,022 [pool-494-thread-1] INFO  server.RaftServerConfigKeys (ConfUtils.java:logGet(43)) - raft.server.rpc.timeout.min = 5s (custom)
2019-08-27 22:34:22,022 [pool-494-thread-1] INFO  server.RaftServerConfigKeys (ConfUtils.java:logGet(43)) - raft.server.rpc.timeout.max = 5200ms (custom)
2019-08-27 22:34:22,022 [pool-483-thread-1] INFO  impl.RaftServerImpl (RaftServerImpl.java:<init>(93)) - 89f59389-d833-4deb-a03d-413db5a1260e: new RaftServerImpl for group-C47B472BB423:[506fee67-9f81-4cae-aaf5-08e8c0b305e7:192.168.36.82:44257, 5c93a3d6-ac2f-433c-ae21-a0594b3a4eb9:192.168.36.82:44528, 89f59389-d833-4deb-a03d-413db5a1260e:192.168.36.82:43095] with ContainerStateMachine:uninitialized
2019-08-27 22:34:22,023 [pool-494-thread-1] INFO  server.RaftServerConfigKeys (ConfUtils.java:logGet(43)) - raft.server.rpcslowness.timeout = 120s (custom)
2019-08-27 22:34:22,023 [pool-483-thread-1] INFO  server.RaftServerConfigKeys (ConfUtils.java:logGet(43)) - raft.server.rpc.timeout.min = 5s (custom)
2019-08-27 22:34:22,023 [pool-494-thread-1] INFO  server.RaftServerConfigKeys (ConfUtils.java:logGet(43)) - raft.server.sleep.deviation.threshold = 300 (default)
2019-08-27 22:34:22,023 [pool-483-thread-1] INFO  server.RaftServerConfigKeys (ConfUtils.java:logGet(43)) - raft.server.rpc.timeout.max = 5200ms (custom)
2019-08-27 22:34:22,023 [pool-494-thread-1] INFO  server.RaftServerConfigKeys (ConfUtils.java:logGet(43)) - raft.server.log.appender.install.snapshot.enabled = false (custom)
2019-08-27 22:34:22,023 [pool-472-thread-1] INFO  impl.RaftServerImpl (RaftServerImpl.java:<init>(93)) - 5c93a3d6-ac2f-433c-ae21-a0594b3a4eb9: new RaftServerImpl for group-C47B472BB423:[506fee67-9f81-4cae-aaf5-08e8c0b305e7:192.168.36.82:44257, 5c93a3d6-ac2f-433c-ae21-a0594b3a4eb9:192.168.36.82:44528, 89f59389-d833-4deb-a03d-413db5a1260e:192.168.36.82:43095] with ContainerStateMachine:uninitialized
2019-08-27 22:34:22,023 [pool-483-thread-1] INFO  server.RaftServerConfigKeys (ConfUtils.java:logGet(43)) - raft.server.rpcslowness.timeout = 120s (custom)
2019-08-27 22:34:22,023 [pool-472-thread-1] INFO  server.RaftServerConfigKeys (ConfUtils.java:logGet(43)) - raft.server.rpc.timeout.min = 5s (custom)
2019-08-27 22:34:22,023 [pool-494-thread-1] INFO  impl.RaftServerImpl (ServerState.java:<init>(105)) - 506fee67-9f81-4cae-aaf5-08e8c0b305e7:group-C47B472BB423 ConfigurationManager, init=-1: [506fee67-9f81-4cae-aaf5-08e8c0b305e7:192.168.36.82:44257, 5c93a3d6-ac2f-433c-ae21-a0594b3a4eb9:192.168.36.82:44528, 89f59389-d833-4deb-a03d-413db5a1260e:192.168.36.82:43095], old=null, confs=<EMPTY_MAP>
2019-08-27 22:34:22,023 [pool-472-thread-1] INFO  server.RaftServerConfigKeys (ConfUtils.java:logGet(43)) - raft.server.rpc.timeout.max = 5200ms (custom)
2019-08-27 22:34:22,024 [pool-494-thread-1] INFO  server.RaftServerConfigKeys (ConfUtils.java:logGet(43)) - raft.server.storage.dir = [/workdir/hadoop-ozone/integration-test/target/test-dir/MiniOzoneClusterImpl-4bfb73da-a5a9-4fb9-9b48-1b3bedb326df/datanode-5/data/ratis] (custom)
2019-08-27 22:34:22,023 [pool-483-thread-1] INFO  server.RaftServerConfigKeys (ConfUtils.java:logGet(43)) - raft.server.sleep.deviation.threshold = 300 (default)
2019-08-27 22:34:22,024 [pool-472-thread-1] INFO  server.RaftServerConfigKeys (ConfUtils.java:logGet(43)) - raft.server.rpcslowness.timeout = 120s (custom)
2019-08-27 22:34:22,024 [pool-483-thread-1] INFO  server.RaftServerConfigKeys (ConfUtils.java:logGet(43)) - raft.server.log.appender.install.snapshot.enabled = false (custom)
2019-08-27 22:34:22,024 [pool-494-thread-1] INFO  storage.RaftStorageDirectory (RaftStorageDirectory.java:analyzeStorage(246)) - The storage directory /workdir/hadoop-ozone/integration-test/target/test-dir/MiniOzoneClusterImpl-4bfb73da-a5a9-4fb9-9b48-1b3bedb326df/datanode-5/data/ratis/4ee5b5a7-5761-4a08-92ed-c47b472bb423 does not exist. Creating ...
2019-08-27 22:34:22,024 [pool-472-thread-1] INFO  server.RaftServerConfigKeys (ConfUtils.java:logGet(43)) - raft.server.sleep.deviation.threshold = 300 (default)
2019-08-27 22:34:22,024 [pool-483-thread-1] INFO  impl.RaftServerImpl (ServerState.java:<init>(105)) - 89f59389-d833-4deb-a03d-413db5a1260e:group-C47B472BB423 ConfigurationManager, init=-1: [506fee67-9f81-4cae-aaf5-08e8c0b305e7:192.168.36.82:44257, 5c93a3d6-ac2f-433c-ae21-a0594b3a4eb9:192.168.36.82:44528, 89f59389-d833-4deb-a03d-413db5a1260e:192.168.36.82:43095], old=null, confs=<EMPTY_MAP>
2019-08-27 22:34:22,024 [pool-472-thread-1] INFO  server.RaftServerConfigKeys (ConfUtils.java:logGet(43)) - raft.server.log.appender.install.snapshot.enabled = false (custom)
2019-08-27 22:34:22,024 [pool-483-thread-1] INFO  server.RaftServerConfigKeys (ConfUtils.java:logGet(43)) - raft.server.storage.dir = [/workdir/hadoop-ozone/integration-test/target/test-dir/MiniOzoneClusterImpl-4bfb73da-a5a9-4fb9-9b48-1b3bedb326df/datanode-4/data/ratis] (custom)
2019-08-27 22:34:22,024 [pool-472-thread-1] INFO  impl.RaftServerImpl (ServerState.java:<init>(105)) - 5c93a3d6-ac2f-433c-ae21-a0594b3a4eb9:group-C47B472BB423 ConfigurationManager, init=-1: [506fee67-9f81-4cae-aaf5-08e8c0b305e7:192.168.36.82:44257, 5c93a3d6-ac2f-433c-ae21-a0594b3a4eb9:192.168.36.82:44528, 89f59389-d833-4deb-a03d-413db5a1260e:192.168.36.82:43095], old=null, confs=<EMPTY_MAP>
2019-08-27 22:34:22,024 [pool-472-thread-1] INFO  server.RaftServerConfigKeys (ConfUtils.java:logGet(43)) - raft.server.storage.dir = [/workdir/hadoop-ozone/integration-test/target/test-dir/MiniOzoneClusterImpl-4bfb73da-a5a9-4fb9-9b48-1b3bedb326df/datanode-3/data/ratis] (custom)
2019-08-27 22:34:22,024 [pool-483-thread-1] INFO  storage.RaftStorageDirectory (RaftStorageDirectory.java:analyzeStorage(246)) - The storage directory /workdir/hadoop-ozone/integration-test/target/test-dir/MiniOzoneClusterImpl-4bfb73da-a5a9-4fb9-9b48-1b3bedb326df/datanode-4/data/ratis/4ee5b5a7-5761-4a08-92ed-c47b472bb423 does not exist. Creating ...
2019-08-27 22:34:22,025 [pool-472-thread-1] INFO  storage.RaftStorageDirectory (RaftStorageDirectory.java:analyzeStorage(246)) - The storage directory /workdir/hadoop-ozone/integration-test/target/test-dir/MiniOzoneClusterImpl-4bfb73da-a5a9-4fb9-9b48-1b3bedb326df/datanode-3/data/ratis/4ee5b5a7-5761-4a08-92ed-c47b472bb423 does not exist. Creating ...
2019-08-27 22:34:22,065 [pool-483-thread-1] INFO  storage.RaftStorageDirectory (RaftStorageDirectory.java:tryLock(328)) - Lock on /workdir/hadoop-ozone/integration-test/target/test-dir/MiniOzoneClusterImpl-4bfb73da-a5a9-4fb9-9b48-1b3bedb326df/datanode-4/data/ratis/4ee5b5a7-5761-4a08-92ed-c47b472bb423/in_use.lock acquired by nodename 23339@pr-hdds-1935-gfhxc-3829810507
2019-08-27 22:34:22,065 [pool-472-thread-1] INFO  storage.RaftStorageDirectory (RaftStorageDirectory.java:tryLock(328)) - Lock on /workdir/hadoop-ozone/integration-test/target/test-dir/MiniOzoneClusterImpl-4bfb73da-a5a9-4fb9-9b48-1b3bedb326df/datanode-3/data/ratis/4ee5b5a7-5761-4a08-92ed-c47b472bb423/in_use.lock acquired by nodename 23339@pr-hdds-1935-gfhxc-3829810507
2019-08-27 22:34:22,065 [pool-494-thread-1] INFO  storage.RaftStorageDirectory (RaftStorageDirectory.java:tryLock(328)) - Lock on /workdir/hadoop-ozone/integration-test/target/test-dir/MiniOzoneClusterImpl-4bfb73da-a5a9-4fb9-9b48-1b3bedb326df/datanode-5/data/ratis/4ee5b5a7-5761-4a08-92ed-c47b472bb423/in_use.lock acquired by nodename 23339@pr-hdds-1935-gfhxc-3829810507
2019-08-27 22:34:22,094 [IPC Server handler 5 on 33406] INFO  net.NetworkTopology (NetworkTopologyImpl.java:add(110)) - Added a new node: /default-rack/3684abad-3f62-4e52-8505-9bc5f15bfb14
2019-08-27 22:34:22,094 [IPC Server handler 5 on 33406] INFO  node.SCMNodeManager (SCMNodeManager.java:register(266)) - Registered Data node : 3684abad-3f62-4e52-8505-9bc5f15bfb14{ip: 192.168.36.82, host: pr-hdds-1935-gfhxc-3829810507, networkLocation: /default-rack, certSerialId: null}
2019-08-27 22:34:22,094 | INFO  | SCMAudit | user=jenkins1000 | ip=192.168.36.82 | op=REGISTER {datanodeDetails=3684abad-3f62-4e52-8505-9bc5f15bfb14{ip: 192.168.36.82, host: pr-hdds-1935-gfhxc-3829810507, networkLocation: /default-rack, certSerialId: null}} | ret=SUCCESS |  
2019-08-27 22:34:22,099 [pool-472-thread-1] INFO  storage.RaftStorage (RaftStorage.java:format(72)) - Storage directory /workdir/hadoop-ozone/integration-test/target/test-dir/MiniOzoneClusterImpl-4bfb73da-a5a9-4fb9-9b48-1b3bedb326df/datanode-3/data/ratis/4ee5b5a7-5761-4a08-92ed-c47b472bb423 has been successfully formatted.
2019-08-27 22:34:22,099 [pool-494-thread-1] INFO  storage.RaftStorage (RaftStorage.java:format(72)) - Storage directory /workdir/hadoop-ozone/integration-test/target/test-dir/MiniOzoneClusterImpl-4bfb73da-a5a9-4fb9-9b48-1b3bedb326df/datanode-5/data/ratis/4ee5b5a7-5761-4a08-92ed-c47b472bb423 has been successfully formatted.
2019-08-27 22:34:22,099 [pool-483-thread-1] INFO  storage.RaftStorage (RaftStorage.java:format(72)) - Storage directory /workdir/hadoop-ozone/integration-test/target/test-dir/MiniOzoneClusterImpl-4bfb73da-a5a9-4fb9-9b48-1b3bedb326df/datanode-4/data/ratis/4ee5b5a7-5761-4a08-92ed-c47b472bb423 has been successfully formatted.
2019-08-27 22:34:22,100 [pool-472-thread-1] INFO  ratis.ContainerStateMachine (ContainerStateMachine.java:loadSnapshot(226)) - group-C47B472BB423: The snapshot info is null. Setting the last applied indexto:(t:0, i:~)
2019-08-27 22:34:22,100 [pool-483-thread-1] INFO  ratis.ContainerStateMachine (ContainerStateMachine.java:loadSnapshot(226)) - group-C47B472BB423: The snapshot info is null. Setting the last applied indexto:(t:0, i:~)
2019-08-27 22:34:22,100 [pool-494-thread-1] INFO  ratis.ContainerStateMachine (ContainerStateMachine.java:loadSnapshot(226)) - group-C47B472BB423: The snapshot info is null. Setting the last applied indexto:(t:0, i:~)
2019-08-27 22:34:22,100 [pool-483-thread-1] INFO  server.RaftServerConfigKeys (ConfUtils.java:logGet(43)) - raft.server.leader.election.timeout = 120s (custom)
2019-08-27 22:34:22,100 [pool-472-thread-1] INFO  server.RaftServerConfigKeys (ConfUtils.java:logGet(43)) - raft.server.leader.election.timeout = 120s (custom)
2019-08-27 22:34:22,101 [pool-483-thread-1] INFO  server.RaftServerConfigKeys (ConfUtils.java:logGet(43)) - raft.server.log.use.memory = false (default)
2019-08-27 22:34:22,101 [pool-494-thread-1] INFO  server.RaftServerConfigKeys (ConfUtils.java:logGet(43)) - raft.server.leader.election.timeout = 120s (custom)
2019-08-27 22:34:22,101 [pool-483-thread-1] INFO  server.RaftServerConfigKeys (ConfUtils.java:logGet(43)) - raft.server.log.purge.gap = 1000000 (custom)
2019-08-27 22:34:22,101 [pool-472-thread-1] INFO  server.RaftServerConfigKeys (ConfUtils.java:logGet(43)) - raft.server.log.use.memory = false (default)
2019-08-27 22:34:22,101 [pool-483-thread-1] INFO  server.RaftServerConfigKeys (ConfUtils.java:logGet(43)) - raft.server.log.appender.buffer.byte-limit = 33554432 (custom)
2019-08-27 22:34:22,101 [pool-494-thread-1] INFO  server.RaftServerConfigKeys (ConfUtils.java:logGet(43)) - raft.server.log.use.memory = false (default)
2019-08-27 22:34:22,101 [pool-483-thread-1] INFO  server.RaftServerConfigKeys (ConfUtils.java:logGet(43)) - raft.server.log.segment.size.max = 1048576 (custom)
2019-08-27 22:34:22,101 [pool-472-thread-1] INFO  server.RaftServerConfigKeys (ConfUtils.java:logGet(43)) - raft.server.log.purge.gap = 1000000 (custom)
2019-08-27 22:34:22,101 [pool-483-thread-1] INFO  server.RaftServerConfigKeys (ConfUtils.java:logGet(43)) - raft.server.log.segment.cache.num.max = 2 (custom)
2019-08-27 22:34:22,101 [pool-494-thread-1] INFO  server.RaftServerConfigKeys (ConfUtils.java:logGet(43)) - raft.server.log.purge.gap = 1000000 (custom)
2019-08-27 22:34:22,102 [pool-483-thread-1] INFO  segmented.SegmentedRaftLogWorker (SegmentedRaftLogWorker.java:<init>(172)) - new 89f59389-d833-4deb-a03d-413db5a1260e-SegmentedRaftLogWorker:Storage Directory /workdir/hadoop-ozone/integration-test/target/test-dir/MiniOzoneClusterImpl-4bfb73da-a5a9-4fb9-9b48-1b3bedb326df/datanode-4/data/ratis/4ee5b5a7-5761-4a08-92ed-c47b472bb423 for RaftStorage:Storage Directory /workdir/hadoop-ozone/integration-test/target/test-dir/MiniOzoneClusterImpl-4bfb73da-a5a9-4fb9-9b48-1b3bedb326df/datanode-4/data/ratis/4ee5b5a7-5761-4a08-92ed-c47b472bb423
2019-08-27 22:34:22,102 [pool-472-thread-1] INFO  server.RaftServerConfigKeys (ConfUtils.java:logGet(43)) - raft.server.log.appender.buffer.byte-limit = 33554432 (custom)
2019-08-27 22:34:22,102 [pool-483-thread-1] INFO  server.RaftServerConfigKeys (ConfUtils.java:logGet(43)) - raft.server.log.queue.byte-limit = 2147483647 (custom)
2019-08-27 22:34:22,102 [main] INFO  ozone.MiniOzoneClusterImpl (MiniOzoneClusterImpl.java:lambda$waitForClusterToBeReady$0(142)) - Cluster is ready. Got 7 of 7 DN Heartbeats.
2019-08-27 22:34:22,102 [pool-494-thread-1] INFO  server.RaftServerConfigKeys (ConfUtils.java:logGet(43)) - raft.server.log.appender.buffer.byte-limit = 33554432 (custom)
2019-08-27 22:34:22,102 [pool-483-thread-1] INFO  server.RaftServerConfigKeys (ConfUtils.java:logGet(43)) - raft.server.log.queue.element-limit = 1024 (custom)
2019-08-27 22:34:22,102 [pool-472-thread-1] INFO  server.RaftServerConfigKeys (ConfUtils.java:logGet(43)) - raft.server.log.segment.size.max = 1048576 (custom)
2019-08-27 22:34:22,103 [pool-483-thread-1] INFO  server.RaftServerConfigKeys (ConfUtils.java:logGet(43)) - raft.server.log.segment.size.max = 1048576 (custom)
2019-08-27 22:34:22,103 [pool-483-thread-1] INFO  server.RaftServerConfigKeys (ConfUtils.java:logGet(43)) - raft.server.log.preallocated.size = 16384 (custom)
2019-08-27 22:34:22,102 [pool-494-thread-1] INFO  server.RaftServerConfigKeys (ConfUtils.java:logGet(43)) - raft.server.log.segment.size.max = 1048576 (custom)
2019-08-27 22:34:22,103 [pool-483-thread-1] INFO  server.RaftServerConfigKeys (ConfUtils.java:logGet(43)) - raft.server.log.write.buffer.size = 33554432 (custom)
2019-08-27 22:34:22,103 [pool-472-thread-1] INFO  server.RaftServerConfigKeys (ConfUtils.java:logGet(43)) - raft.server.log.segment.cache.num.max = 2 (custom)
2019-08-27 22:34:22,103 [pool-483-thread-1] INFO  server.RaftServerConfigKeys (ConfUtils.java:logGet(43)) - raft.server.log.force.sync.num = 128 (default)
2019-08-27 22:34:22,103 [pool-483-thread-1] INFO  server.RaftServerConfigKeys (ConfUtils.java:logGet(43)) - raft.server.log.statemachine.data.sync = true (default)
2019-08-27 22:34:22,103 [pool-494-thread-1] INFO  server.RaftServerConfigKeys (ConfUtils.java:logGet(43)) - raft.server.log.segment.cache.num.max = 2 (custom)
2019-08-27 22:34:22,103 [pool-483-thread-1] INFO  server.RaftServerConfigKeys (ConfUtils.java:logGet(43)) - raft.server.log.statemachine.data.sync.timeout = 10s (default)
2019-08-27 22:34:22,103 [pool-472-thread-1] INFO  segmented.SegmentedRaftLogWorker (SegmentedRaftLogWorker.java:<init>(172)) - new 5c93a3d6-ac2f-433c-ae21-a0594b3a4eb9-SegmentedRaftLogWorker:Storage Directory /workdir/hadoop-ozone/integration-test/target/test-dir/MiniOzoneClusterImpl-4bfb73da-a5a9-4fb9-9b48-1b3bedb326df/datanode-3/data/ratis/4ee5b5a7-5761-4a08-92ed-c47b472bb423 for RaftStorage:Storage Directory /workdir/hadoop-ozone/integration-test/target/test-dir/MiniOzoneClusterImpl-4bfb73da-a5a9-4fb9-9b48-1b3bedb326df/datanode-3/data/ratis/4ee5b5a7-5761-4a08-92ed-c47b472bb423
2019-08-27 22:34:22,104 [pool-483-thread-1] INFO  server.RaftServerConfigKeys (ConfUtils.java:logGet(43)) - raft.server.log.statemachine.data.sync.timeout.retry = -1 (default)
2019-08-27 22:34:22,103 [pool-494-thread-1] INFO  segmented.SegmentedRaftLogWorker (SegmentedRaftLogWorker.java:<init>(172)) - new 506fee67-9f81-4cae-aaf5-08e8c0b305e7-SegmentedRaftLogWorker:Storage Directory /workdir/hadoop-ozone/integration-test/target/test-dir/MiniOzoneClusterImpl-4bfb73da-a5a9-4fb9-9b48-1b3bedb326df/datanode-5/data/ratis/4ee5b5a7-5761-4a08-92ed-c47b472bb423 for RaftStorage:Storage Directory /workdir/hadoop-ozone/integration-test/target/test-dir/MiniOzoneClusterImpl-4bfb73da-a5a9-4fb9-9b48-1b3bedb326df/datanode-5/data/ratis/4ee5b5a7-5761-4a08-92ed-c47b472bb423
2019-08-27 22:34:22,104 [pool-483-thread-1] INFO  server.RaftServerConfigKeys (ConfUtils.java:logGet(43)) - raft.server.log.statemachine.data.caching.enabled = true (custom)
2019-08-27 22:34:22,104 [pool-472-thread-1] INFO  server.RaftServerConfigKeys (ConfUtils.java:logGet(43)) - raft.server.log.queue.byte-limit = 2147483647 (custom)
2019-08-27 22:34:22,104 [pool-494-thread-1] INFO  server.RaftServerConfigKeys (ConfUtils.java:logGet(43)) - raft.server.log.queue.byte-limit = 2147483647 (custom)
2019-08-27 22:34:22,104 [pool-483-thread-1] INFO  segmented.SegmentedRaftLogWorker (SegmentedRaftLogWorker.java:lambda$new$0(132)) - 89f59389-d833-4deb-a03d-413db5a1260e-SegmentedRaftLogWorker:Storage Directory /workdir/hadoop-ozone/integration-test/target/test-dir/MiniOzoneClusterImpl-4bfb73da-a5a9-4fb9-9b48-1b3bedb326df/datanode-4/data/ratis/4ee5b5a7-5761-4a08-92ed-c47b472bb423: flushIndex: setUnconditionally 0 -> -1
2019-08-27 22:34:22,104 [pool-472-thread-1] INFO  server.RaftServerConfigKeys (ConfUtils.java:logGet(43)) - raft.server.log.queue.element-limit = 1024 (custom)
2019-08-27 22:34:22,104 [pool-494-thread-1] INFO  server.RaftServerConfigKeys (ConfUtils.java:logGet(43)) - raft.server.log.queue.element-limit = 1024 (custom)
2019-08-27 22:34:22,108 [pool-483-thread-1] INFO  server.RaftServerConfigKeys (ConfUtils.java:logGet(43)) - raft.server.snapshot.auto.trigger.enabled = true (custom)
2019-08-27 22:34:22,108 [pool-472-thread-1] INFO  server.RaftServerConfigKeys (ConfUtils.java:logGet(43)) - raft.server.log.segment.size.max = 1048576 (custom)
2019-08-27 22:34:22,108 [pool-483-thread-1] INFO  server.RaftServerConfigKeys (ConfUtils.java:logGet(43)) - raft.server.snapshot.auto.trigger.threshold = 10000 (custom)
2019-08-27 22:34:22,108 [pool-494-thread-1] INFO  server.RaftServerConfigKeys (ConfUtils.java:logGet(43)) - raft.server.log.segment.size.max = 1048576 (custom)
2019-08-27 22:34:22,108 [pool-483-thread-1] INFO  server.RaftServerConfigKeys (ConfUtils.java:logGet(43)) - raft.server.retrycache.expirytime = 600000ms (custom)
2019-08-27 22:34:22,108 [pool-472-thread-1] INFO  server.RaftServerConfigKeys (ConfUtils.java:logGet(43)) - raft.server.log.preallocated.size = 16384 (custom)
2019-08-27 22:34:22,108 [pool-483-thread-1] INFO  impl.RaftServerImpl (RaftServerImpl.java:start(180)) - 89f59389-d833-4deb-a03d-413db5a1260e: start group-C47B472BB423
2019-08-27 22:34:22,109 [pool-483-thread-1] INFO  impl.RaftServerImpl (RaftServerImpl.java:setRole(171)) - 89f59389-d833-4deb-a03d-413db5a1260e:group-C47B472BB423 changes role from null to FOLLOWER at term 0 for startAsFollower
2019-08-27 22:34:22,108 [pool-494-thread-1] INFO  server.RaftServerConfigKeys (ConfUtils.java:logGet(43)) - raft.server.log.preallocated.size = 16384 (custom)
2019-08-27 22:34:22,109 [pool-483-thread-1] INFO  impl.RoleInfo (RoleInfo.java:updateAndGet(143)) - 89f59389-d833-4deb-a03d-413db5a1260e: start FollowerState
2019-08-27 22:34:22,108 [pool-472-thread-1] INFO  server.RaftServerConfigKeys (ConfUtils.java:logGet(43)) - raft.server.log.write.buffer.size = 33554432 (custom)
2019-08-27 22:34:22,109 [pool-494-thread-1] INFO  server.RaftServerConfigKeys (ConfUtils.java:logGet(43)) - raft.server.log.write.buffer.size = 33554432 (custom)
2019-08-27 22:34:22,109 [pool-472-thread-1] INFO  server.RaftServerConfigKeys (ConfUtils.java:logGet(43)) - raft.server.log.force.sync.num = 128 (default)
2019-08-27 22:34:22,109 [pool-483-thread-1] INFO  util.JmxRegister (JmxRegister.java:tryRegister(44)) - Successfully registered JMX Bean with object name Ratis:service=RaftServer,group=group-C47B472BB423,id=89f59389-d833-4deb-a03d-413db5a1260e
2019-08-27 22:34:22,109 [pool-494-thread-1] INFO  server.RaftServerConfigKeys (ConfUtils.java:logGet(43)) - raft.server.log.force.sync.num = 128 (default)
2019-08-27 22:34:22,111 [pool-494-thread-1] INFO  server.RaftServerConfigKeys (ConfUtils.java:logGet(43)) - raft.server.log.statemachine.data.sync = true (default)
2019-08-27 22:34:22,109 [pool-472-thread-1] INFO  server.RaftServerConfigKeys (ConfUtils.java:logGet(43)) - raft.server.log.statemachine.data.sync = true (default)
2019-08-27 22:34:22,111 [pool-494-thread-1] INFO  server.RaftServerConfigKeys (ConfUtils.java:logGet(43)) - raft.server.log.statemachine.data.sync.timeout = 10s (default)
2019-08-27 22:34:22,111 [pool-472-thread-1] INFO  server.RaftServerConfigKeys (ConfUtils.java:logGet(43)) - raft.server.log.statemachine.data.sync.timeout = 10s (default)
2019-08-27 22:34:22,111 [pool-494-thread-1] INFO  server.RaftServerConfigKeys (ConfUtils.java:logGet(43)) - raft.server.log.statemachine.data.sync.timeout.retry = -1 (default)
2019-08-27 22:34:22,111 [pool-472-thread-1] INFO  server.RaftServerConfigKeys (ConfUtils.java:logGet(43)) - raft.server.log.statemachine.data.sync.timeout.retry = -1 (default)
2019-08-27 22:34:22,111 [pool-494-thread-1] INFO  server.RaftServerConfigKeys (ConfUtils.java:logGet(43)) - raft.server.log.statemachine.data.caching.enabled = true (custom)
2019-08-27 22:34:22,115 [pool-472-thread-1] INFO  server.RaftServerConfigKeys (ConfUtils.java:logGet(43)) - raft.server.log.statemachine.data.caching.enabled = true (custom)
2019-08-27 22:34:22,120 [pool-494-thread-1] INFO  segmented.SegmentedRaftLogWorker (SegmentedRaftLogWorker.java:lambda$new$0(132)) - 506fee67-9f81-4cae-aaf5-08e8c0b305e7-SegmentedRaftLogWorker:Storage Directory /workdir/hadoop-ozone/integration-test/target/test-dir/MiniOzoneClusterImpl-4bfb73da-a5a9-4fb9-9b48-1b3bedb326df/datanode-5/data/ratis/4ee5b5a7-5761-4a08-92ed-c47b472bb423: flushIndex: setUnconditionally 0 -> -1
2019-08-27 22:34:22,120 [pool-472-thread-1] INFO  segmented.SegmentedRaftLogWorker (SegmentedRaftLogWorker.java:lambda$new$0(132)) - 5c93a3d6-ac2f-433c-ae21-a0594b3a4eb9-SegmentedRaftLogWorker:Storage Directory /workdir/hadoop-ozone/integration-test/target/test-dir/MiniOzoneClusterImpl-4bfb73da-a5a9-4fb9-9b48-1b3bedb326df/datanode-3/data/ratis/4ee5b5a7-5761-4a08-92ed-c47b472bb423: flushIndex: setUnconditionally 0 -> -1
2019-08-27 22:34:22,120 [pool-494-thread-1] INFO  server.RaftServerConfigKeys (ConfUtils.java:logGet(43)) - raft.server.snapshot.auto.trigger.enabled = true (custom)
2019-08-27 22:34:22,120 [pool-472-thread-1] INFO  server.RaftServerConfigKeys (ConfUtils.java:logGet(43)) - raft.server.snapshot.auto.trigger.enabled = true (custom)
2019-08-27 22:34:22,120 [pool-494-thread-1] INFO  server.RaftServerConfigKeys (ConfUtils.java:logGet(43)) - raft.server.snapshot.auto.trigger.threshold = 10000 (custom)
2019-08-27 22:34:22,121 [pool-472-thread-1] INFO  server.RaftServerConfigKeys (ConfUtils.java:logGet(43)) - raft.server.snapshot.auto.trigger.threshold = 10000 (custom)
2019-08-27 22:34:22,121 [pool-494-thread-1] INFO  server.RaftServerConfigKeys (ConfUtils.java:logGet(43)) - raft.server.retrycache.expirytime = 600000ms (custom)
2019-08-27 22:34:22,121 [pool-472-thread-1] INFO  server.RaftServerConfigKeys (ConfUtils.java:logGet(43)) - raft.server.retrycache.expirytime = 600000ms (custom)
2019-08-27 22:34:22,121 [pool-494-thread-1] INFO  impl.RaftServerImpl (RaftServerImpl.java:start(180)) - 506fee67-9f81-4cae-aaf5-08e8c0b305e7: start group-C47B472BB423
2019-08-27 22:34:22,121 [pool-472-thread-1] INFO  impl.RaftServerImpl (RaftServerImpl.java:start(180)) - 5c93a3d6-ac2f-433c-ae21-a0594b3a4eb9: start group-C47B472BB423
2019-08-27 22:34:22,121 [pool-494-thread-1] INFO  impl.RaftServerImpl (RaftServerImpl.java:setRole(171)) - 506fee67-9f81-4cae-aaf5-08e8c0b305e7:group-C47B472BB423 changes role from null to FOLLOWER at term 0 for startAsFollower
2019-08-27 22:34:22,121 [pool-472-thread-1] INFO  impl.RaftServerImpl (RaftServerImpl.java:setRole(171)) - 5c93a3d6-ac2f-433c-ae21-a0594b3a4eb9:group-C47B472BB423 changes role from null to FOLLOWER at term 0 for startAsFollower
2019-08-27 22:34:22,121 [pool-494-thread-1] INFO  impl.RoleInfo (RoleInfo.java:updateAndGet(143)) - 506fee67-9f81-4cae-aaf5-08e8c0b305e7: start FollowerState
2019-08-27 22:34:22,121 [pool-472-thread-1] INFO  impl.RoleInfo (RoleInfo.java:updateAndGet(143)) - 5c93a3d6-ac2f-433c-ae21-a0594b3a4eb9: start FollowerState
2019-08-27 22:34:22,123 [pool-494-thread-1] INFO  util.JmxRegister (JmxRegister.java:tryRegister(44)) - Successfully registered JMX Bean with object name Ratis:service=RaftServer,group=group-C47B472BB423,id=506fee67-9f81-4cae-aaf5-08e8c0b305e7
2019-08-27 22:34:22,123 [pool-472-thread-1] INFO  util.JmxRegister (JmxRegister.java:tryRegister(44)) - Successfully registered JMX Bean with object name Ratis:service=RaftServer,group=group-C47B472BB423,id=5c93a3d6-ac2f-433c-ae21-a0594b3a4eb9
2019-08-27 22:34:22,124 [main] INFO  rpc.RpcClient (RpcClient.java:createVolume(293)) - Creating Volume: testblockoutputstream, with jenkins1000 as owner.
2019-08-27 22:34:22,125 [RatisPipelineUtilsThread] INFO  pipeline.PipelineStateManager (PipelineStateManager.java:addPipeline(56)) - Created pipeline Pipeline[ Id: 4ee5b5a7-5761-4a08-92ed-c47b472bb423, Nodes: 89f59389-d833-4deb-a03d-413db5a1260e{ip: 192.168.36.82, host: pr-hdds-1935-gfhxc-3829810507, networkLocation: /default-rack, certSerialId: null}5c93a3d6-ac2f-433c-ae21-a0594b3a4eb9{ip: 192.168.36.82, host: pr-hdds-1935-gfhxc-3829810507, networkLocation: /default-rack, certSerialId: null}506fee67-9f81-4cae-aaf5-08e8c0b305e7{ip: 192.168.36.82, host: pr-hdds-1935-gfhxc-3829810507, networkLocation: /default-rack, certSerialId: null}, Type:RATIS, Factor:THREE, State:OPEN]
2019-08-27 22:34:22,128 | INFO  | OMAudit | user=jenkins1000 | ip=127.0.0.1 | op=CREATE_VOLUME {admin=jenkins1000, owner=jenkins1000, volume=testblockoutputstream, creationTime=1566945262125, quotaInBytes=1152921504606846976} | ret=SUCCESS |  
2019-08-27 22:34:22,135 | INFO  | OMAudit | user=jenkins1000 | ip=127.0.0.1 | op=READ_VOLUME {volume=testblockoutputstream} | ret=SUCCESS |  
2019-08-27 22:34:22,135 [main] INFO  rpc.RpcClient (RpcClient.java:createBucket(432)) - Creating Bucket: testblockoutputstream/testblockoutputstream, with Versioning false and Storage Type set to DISK and Encryption set to false 
2019-08-27 22:34:22,138 | INFO  | OMAudit | user=jenkins1000 | ip=127.0.0.1 | op=CREATE_BUCKET {volume=testblockoutputstream, bucket=testblockoutputstream, acls=[user:jenkins1000:a[ACCESS], group:default:a[ACCESS]], isVersionEnabled=false, storageType=DISK, creationTime=0} | ret=SUCCESS |  
2019-08-27 22:34:22,139 | INFO  | OMAudit | user=jenkins1000 | ip=127.0.0.1 | op=READ_VOLUME {volume=testblockoutputstream} | ret=SUCCESS |  
2019-08-27 22:34:22,140 | INFO  | OMAudit | user=jenkins1000 | ip=127.0.0.1 | op=READ_BUCKET {volume=testblockoutputstream, bucket=testblockoutputstream} | ret=SUCCESS |  
2019-08-27 22:34:22,143 | INFO  | SCMAudit | user=jenkins1000 | ip=192.168.36.82 | op=ALLOCATE_BLOCK {owner=a1e9ae55-b663-4a02-a3cc-f874a97f7ccf, size=800, type=RATIS, factor=THREE} | ret=SUCCESS |  
2019-08-27 22:34:22,145 | INFO  | OMAudit | user=jenkins1000 | ip=127.0.0.1 | op=ALLOCATE_KEY {volume=testblockoutputstream, bucket=testblockoutputstream, key=de95e301-884e-442d-91cf-a28932d2633f, dataSize=0, replicationType=RATIS, replicationFactor=THREE, keyLocationInfo=null} | ret=SUCCESS |  
2019-08-27 22:34:22,160 [grpc-default-executor-8] INFO  client.GrpcClientProtocolClient (GrpcClientProtocolClient.java:onNext(255)) - client-9A2C6BAC1252->89f59389-d833-4deb-a03d-413db5a1260e: receive RaftClientReply:client-9A2C6BAC1252->89f59389-d833-4deb-a03d-413db5a1260e@group-C47B472BB423, cid=196, FAILED org.apache.ratis.protocol.NotLeaderException: Server 89f59389-d833-4deb-a03d-413db5a1260e is not the leader (null). Request must be sent to leader., logIndex=0, commits[89f59389-d833-4deb-a03d-413db5a1260e:c-1]
2019-08-27 22:34:22,946 | INFO  | SCMAudit | user=jenkins1000 | ip=192.168.36.82 | op=SEND_HEARTBEAT {datanodeUUID=9cd9b32c-8455-4cb6-9cfb-b7cb8243d3b0, command=[]} | ret=SUCCESS |  
2019-08-27 22:34:23,121 | INFO  | SCMAudit | user=jenkins1000 | ip=192.168.36.82 | op=SEND_HEARTBEAT {datanodeUUID=a81afeb8-02c0-499f-ae14-dff73637c02f, command=[]} | ret=SUCCESS |  
2019-08-27 22:34:23,170 [grpc-default-executor-8] INFO  client.GrpcClientProtocolClient (GrpcClientProtocolClient.java:onNext(255)) - client-9A2C6BAC1252->506fee67-9f81-4cae-aaf5-08e8c0b305e7: receive RaftClientReply:client-9A2C6BAC1252->506fee67-9f81-4cae-aaf5-08e8c0b305e7@group-C47B472BB423, cid=196, FAILED org.apache.ratis.protocol.NotLeaderException: Server 506fee67-9f81-4cae-aaf5-08e8c0b305e7 is not the leader (null). Request must be sent to leader., logIndex=0, commits[506fee67-9f81-4cae-aaf5-08e8c0b305e7:c-1]
2019-08-27 22:34:23,304 | INFO  | SCMAudit | user=jenkins1000 | ip=192.168.36.82 | op=SEND_HEARTBEAT {datanodeUUID=548722b6-cbc9-4ce8-a377-29ae8acd3811, command=[]} | ret=SUCCESS |  
2019-08-27 22:34:23,509 | INFO  | SCMAudit | user=jenkins1000 | ip=192.168.36.82 | op=SEND_HEARTBEAT {datanodeUUID=5c93a3d6-ac2f-433c-ae21-a0594b3a4eb9, command=[]} | ret=SUCCESS |  
2019-08-27 22:34:23,693 | INFO  | SCMAudit | user=jenkins1000 | ip=192.168.36.82 | op=SEND_HEARTBEAT {datanodeUUID=89f59389-d833-4deb-a03d-413db5a1260e, command=[]} | ret=SUCCESS |  
2019-08-27 22:34:23,905 | INFO  | SCMAudit | user=jenkins1000 | ip=192.168.36.82 | op=SEND_HEARTBEAT {datanodeUUID=506fee67-9f81-4cae-aaf5-08e8c0b305e7, command=[]} | ret=SUCCESS |  
2019-08-27 22:34:23,946 | INFO  | SCMAudit | user=jenkins1000 | ip=192.168.36.82 | op=SEND_HEARTBEAT {datanodeUUID=9cd9b32c-8455-4cb6-9cfb-b7cb8243d3b0, command=[]} | ret=SUCCESS |  
2019-08-27 22:34:23,955 [Thread-3716] INFO  container.ReplicationManager (ReplicationManager.java:start(162)) - Starting Replication Monitor Thread.
2019-08-27 22:34:23,957 [ReplicationMonitor] INFO  container.ReplicationManager (ReplicationManager.java:run(225)) - Replication Monitor Thread took 0 milliseconds for processing 1 containers.
2019-08-27 22:34:24,093 | INFO  | SCMAudit | user=jenkins1000 | ip=192.168.36.82 | op=SEND_HEARTBEAT {datanodeUUID=3684abad-3f62-4e52-8505-9bc5f15bfb14, command=[]} | ret=SUCCESS |  
2019-08-27 22:34:24,121 | INFO  | SCMAudit | user=jenkins1000 | ip=192.168.36.82 | op=SEND_HEARTBEAT {datanodeUUID=a81afeb8-02c0-499f-ae14-dff73637c02f, command=[]} | ret=SUCCESS |  
2019-08-27 22:34:24,177 [grpc-default-executor-8] INFO  client.GrpcClientProtocolClient (GrpcClientProtocolClient.java:onNext(255)) - client-9A2C6BAC1252->89f59389-d833-4deb-a03d-413db5a1260e: receive RaftClientReply:client-9A2C6BAC1252->89f59389-d833-4deb-a03d-413db5a1260e@group-C47B472BB423, cid=196, FAILED org.apache.ratis.protocol.NotLeaderException: Server 89f59389-d833-4deb-a03d-413db5a1260e is not the leader (null). Request must be sent to leader., logIndex=0, commits[89f59389-d833-4deb-a03d-413db5a1260e:c-1]
2019-08-27 22:34:24,303 | INFO  | SCMAudit | user=jenkins1000 | ip=192.168.36.82 | op=SEND_HEARTBEAT {datanodeUUID=548722b6-cbc9-4ce8-a377-29ae8acd3811, command=[]} | ret=SUCCESS |  
2019-08-27 22:34:24,509 | INFO  | SCMAudit | user=jenkins1000 | ip=192.168.36.82 | op=SEND_HEARTBEAT {datanodeUUID=5c93a3d6-ac2f-433c-ae21-a0594b3a4eb9, command=[]} | ret=SUCCESS |  
2019-08-27 22:34:24,694 | INFO  | SCMAudit | user=jenkins1000 | ip=192.168.36.82 | op=SEND_HEARTBEAT {datanodeUUID=89f59389-d833-4deb-a03d-413db5a1260e, command=[]} | ret=SUCCESS |  
2019-08-27 22:34:24,905 | INFO  | SCMAudit | user=jenkins1000 | ip=192.168.36.82 | op=SEND_HEARTBEAT {datanodeUUID=506fee67-9f81-4cae-aaf5-08e8c0b305e7, command=[]} | ret=SUCCESS |  
2019-08-27 22:34:24,946 | INFO  | SCMAudit | user=jenkins1000 | ip=192.168.36.82 | op=SEND_HEARTBEAT {datanodeUUID=9cd9b32c-8455-4cb6-9cfb-b7cb8243d3b0, command=[]} | ret=SUCCESS |  
2019-08-27 22:34:25,093 | INFO  | SCMAudit | user=jenkins1000 | ip=192.168.36.82 | op=SEND_HEARTBEAT {datanodeUUID=3684abad-3f62-4e52-8505-9bc5f15bfb14, command=[]} | ret=SUCCESS |  
2019-08-27 22:34:25,121 | INFO  | SCMAudit | user=jenkins1000 | ip=192.168.36.82 | op=SEND_HEARTBEAT {datanodeUUID=a81afeb8-02c0-499f-ae14-dff73637c02f, command=[]} | ret=SUCCESS |  
2019-08-27 22:34:25,186 [grpc-default-executor-14] INFO  client.GrpcClientProtocolClient (GrpcClientProtocolClient.java:onNext(255)) - client-9A2C6BAC1252->5c93a3d6-ac2f-433c-ae21-a0594b3a4eb9: receive RaftClientReply:client-9A2C6BAC1252->5c93a3d6-ac2f-433c-ae21-a0594b3a4eb9@group-C47B472BB423, cid=196, FAILED org.apache.ratis.protocol.NotLeaderException: Server 5c93a3d6-ac2f-433c-ae21-a0594b3a4eb9 is not the leader (null). Request must be sent to leader., logIndex=0, commits[5c93a3d6-ac2f-433c-ae21-a0594b3a4eb9:c-1]
2019-08-27 22:34:25,304 | INFO  | SCMAudit | user=jenkins1000 | ip=192.168.36.82 | op=SEND_HEARTBEAT {datanodeUUID=548722b6-cbc9-4ce8-a377-29ae8acd3811, command=[]} | ret=SUCCESS |  
2019-08-27 22:34:25,510 | INFO  | SCMAudit | user=jenkins1000 | ip=192.168.36.82 | op=SEND_HEARTBEAT {datanodeUUID=5c93a3d6-ac2f-433c-ae21-a0594b3a4eb9, command=[]} | ret=SUCCESS |  
2019-08-27 22:34:25,694 | INFO  | SCMAudit | user=jenkins1000 | ip=192.168.36.82 | op=SEND_HEARTBEAT {datanodeUUID=89f59389-d833-4deb-a03d-413db5a1260e, command=[]} | ret=SUCCESS |  
2019-08-27 22:34:25,906 | INFO  | SCMAudit | user=jenkins1000 | ip=192.168.36.82 | op=SEND_HEARTBEAT {datanodeUUID=506fee67-9f81-4cae-aaf5-08e8c0b305e7, command=[]} | ret=SUCCESS |  
2019-08-27 22:34:25,946 | INFO  | SCMAudit | user=jenkins1000 | ip=192.168.36.82 | op=SEND_HEARTBEAT {datanodeUUID=9cd9b32c-8455-4cb6-9cfb-b7cb8243d3b0, command=[]} | ret=SUCCESS |  
2019-08-27 22:34:26,093 | INFO  | SCMAudit | user=jenkins1000 | ip=192.168.36.82 | op=SEND_HEARTBEAT {datanodeUUID=3684abad-3f62-4e52-8505-9bc5f15bfb14, command=[]} | ret=SUCCESS |  
2019-08-27 22:34:26,121 | INFO  | SCMAudit | user=jenkins1000 | ip=192.168.36.82 | op=SEND_HEARTBEAT {datanodeUUID=a81afeb8-02c0-499f-ae14-dff73637c02f, command=[]} | ret=SUCCESS |  
2019-08-27 22:34:26,193 [grpc-default-executor-8] INFO  client.GrpcClientProtocolClient (GrpcClientProtocolClient.java:onNext(255)) - client-9A2C6BAC1252->89f59389-d833-4deb-a03d-413db5a1260e: receive RaftClientReply:client-9A2C6BAC1252->89f59389-d833-4deb-a03d-413db5a1260e@group-C47B472BB423, cid=196, FAILED org.apache.ratis.protocol.NotLeaderException: Server 89f59389-d833-4deb-a03d-413db5a1260e is not the leader (null). Request must be sent to leader., logIndex=0, commits[89f59389-d833-4deb-a03d-413db5a1260e:c-1]
2019-08-27 22:34:26,211 [Thread-3718] INFO  impl.FollowerState (FollowerState.java:run(106)) - 9cd9b32c-8455-4cb6-9cfb-b7cb8243d3b0:group-D90C4949D057 changes to CANDIDATE, lastRpcTime:5118, electionTimeout:5118ms
2019-08-27 22:34:26,211 [Thread-3718] INFO  impl.RoleInfo (RoleInfo.java:shutdownFollowerState(121)) - 9cd9b32c-8455-4cb6-9cfb-b7cb8243d3b0: shutdown FollowerState
2019-08-27 22:34:26,211 [Thread-3718] INFO  impl.RaftServerImpl (RaftServerImpl.java:setRole(171)) - 9cd9b32c-8455-4cb6-9cfb-b7cb8243d3b0:group-D90C4949D057 changes role from FOLLOWER to CANDIDATE at term 0 for changeToCandidate
2019-08-27 22:34:26,211 [Thread-3718] INFO  impl.RoleInfo (RoleInfo.java:updateAndGet(143)) - 9cd9b32c-8455-4cb6-9cfb-b7cb8243d3b0: start LeaderElection
2019-08-27 22:34:26,304 | INFO  | SCMAudit | user=jenkins1000 | ip=192.168.36.82 | op=SEND_HEARTBEAT {datanodeUUID=548722b6-cbc9-4ce8-a377-29ae8acd3811, command=[]} | ret=SUCCESS |  
2019-08-27 22:34:26,353 [Thread-3721] INFO  impl.FollowerState (FollowerState.java:run(106)) - a81afeb8-02c0-499f-ae14-dff73637c02f:group-4D151D13F66F changes to CANDIDATE, lastRpcTime:5118, electionTimeout:5118ms
2019-08-27 22:34:26,353 [Thread-3721] INFO  impl.RoleInfo (RoleInfo.java:shutdownFollowerState(121)) - a81afeb8-02c0-499f-ae14-dff73637c02f: shutdown FollowerState
2019-08-27 22:34:26,353 [Thread-3721] INFO  impl.RaftServerImpl (RaftServerImpl.java:setRole(171)) - a81afeb8-02c0-499f-ae14-dff73637c02f:group-4D151D13F66F changes role from FOLLOWER to CANDIDATE at term 0 for changeToCandidate
2019-08-27 22:34:26,354 [Thread-3721] INFO  impl.RoleInfo (RoleInfo.java:updateAndGet(143)) - a81afeb8-02c0-499f-ae14-dff73637c02f: start LeaderElection
2019-08-27 22:34:26,455 [Thread-3724] INFO  impl.FollowerState (FollowerState.java:run(106)) - 548722b6-cbc9-4ce8-a377-29ae8acd3811:group-AC25BFCBCF3F changes to CANDIDATE, lastRpcTime:5034, electionTimeout:5034ms
2019-08-27 22:34:26,456 [Thread-3724] INFO  impl.RoleInfo (RoleInfo.java:shutdownFollowerState(121)) - 548722b6-cbc9-4ce8-a377-29ae8acd3811: shutdown FollowerState
2019-08-27 22:34:26,456 [Thread-3724] INFO  impl.RaftServerImpl (RaftServerImpl.java:setRole(171)) - 548722b6-cbc9-4ce8-a377-29ae8acd3811:group-AC25BFCBCF3F changes role from FOLLOWER to CANDIDATE at term 0 for changeToCandidate
2019-08-27 22:34:26,456 [Thread-3724] INFO  impl.RoleInfo (RoleInfo.java:updateAndGet(143)) - 548722b6-cbc9-4ce8-a377-29ae8acd3811: start LeaderElection
2019-08-27 22:34:26,474 [9cd9b32c-8455-4cb6-9cfb-b7cb8243d3b0:group-D90C4949D057:LeaderElection91] INFO  impl.LeaderElection (LeaderElection.java:askForVotes(181)) - 9cd9b32c-8455-4cb6-9cfb-b7cb8243d3b0:group-D90C4949D057:LeaderElection91: begin an election at term 1 for -1: [9cd9b32c-8455-4cb6-9cfb-b7cb8243d3b0:192.168.36.82:44234], old=null
2019-08-27 22:34:26,474 [a81afeb8-02c0-499f-ae14-dff73637c02f:group-4D151D13F66F:LeaderElection92] INFO  impl.LeaderElection (LeaderElection.java:askForVotes(181)) - a81afeb8-02c0-499f-ae14-dff73637c02f:group-4D151D13F66F:LeaderElection92: begin an election at term 1 for -1: [a81afeb8-02c0-499f-ae14-dff73637c02f:192.168.36.82:38974], old=null
2019-08-27 22:34:26,474 [9cd9b32c-8455-4cb6-9cfb-b7cb8243d3b0:group-D90C4949D057:LeaderElection91] INFO  impl.RoleInfo (RoleInfo.java:shutdownLeaderElection(134)) - 9cd9b32c-8455-4cb6-9cfb-b7cb8243d3b0: shutdown LeaderElection
2019-08-27 22:34:26,474 [a81afeb8-02c0-499f-ae14-dff73637c02f:group-4D151D13F66F:LeaderElection92] INFO  impl.RoleInfo (RoleInfo.java:shutdownLeaderElection(134)) - a81afeb8-02c0-499f-ae14-dff73637c02f: shutdown LeaderElection
2019-08-27 22:34:26,475 [9cd9b32c-8455-4cb6-9cfb-b7cb8243d3b0:group-D90C4949D057:LeaderElection91] INFO  impl.RaftServerImpl (RaftServerImpl.java:setRole(171)) - 9cd9b32c-8455-4cb6-9cfb-b7cb8243d3b0:group-D90C4949D057 changes role from CANDIDATE to LEADER at term 1 for changeToLeader
2019-08-27 22:34:26,475 [a81afeb8-02c0-499f-ae14-dff73637c02f:group-4D151D13F66F:LeaderElection92] INFO  impl.RaftServerImpl (RaftServerImpl.java:setRole(171)) - a81afeb8-02c0-499f-ae14-dff73637c02f:group-4D151D13F66F changes role from CANDIDATE to LEADER at term 1 for changeToLeader
2019-08-27 22:34:26,475 [9cd9b32c-8455-4cb6-9cfb-b7cb8243d3b0:group-D90C4949D057:LeaderElection91] INFO  impl.RaftServerImpl (ServerState.java:setLeader(263)) - 9cd9b32c-8455-4cb6-9cfb-b7cb8243d3b0:group-D90C4949D057 change Leader from null to 9cd9b32c-8455-4cb6-9cfb-b7cb8243d3b0 at term 1 for becomeLeader, leader elected after 5386ms
2019-08-27 22:34:26,475 [a81afeb8-02c0-499f-ae14-dff73637c02f:group-4D151D13F66F:LeaderElection92] INFO  impl.RaftServerImpl (ServerState.java:setLeader(263)) - a81afeb8-02c0-499f-ae14-dff73637c02f:group-4D151D13F66F change Leader from null to a81afeb8-02c0-499f-ae14-dff73637c02f at term 1 for becomeLeader, leader elected after 5243ms
2019-08-27 22:34:26,475 [9cd9b32c-8455-4cb6-9cfb-b7cb8243d3b0:group-D90C4949D057:LeaderElection91] INFO  server.RaftServerConfigKeys (ConfUtils.java:logGet(43)) - raft.server.staging.catchup.gap = 1000 (default)
2019-08-27 22:34:26,475 [a81afeb8-02c0-499f-ae14-dff73637c02f:group-4D151D13F66F:LeaderElection92] INFO  server.RaftServerConfigKeys (ConfUtils.java:logGet(43)) - raft.server.staging.catchup.gap = 1000 (default)
2019-08-27 22:34:26,475 [9cd9b32c-8455-4cb6-9cfb-b7cb8243d3b0:group-D90C4949D057:LeaderElection91] INFO  server.RaftServerConfigKeys (ConfUtils.java:logGet(43)) - raft.server.rpc.sleep.time = 25ms (default)
2019-08-27 22:34:26,475 [a81afeb8-02c0-499f-ae14-dff73637c02f:group-4D151D13F66F:LeaderElection92] INFO  server.RaftServerConfigKeys (ConfUtils.java:logGet(43)) - raft.server.rpc.sleep.time = 25ms (default)
2019-08-27 22:34:26,476 [9cd9b32c-8455-4cb6-9cfb-b7cb8243d3b0:group-D90C4949D057:LeaderElection91] INFO  server.RaftServerConfigKeys (ConfUtils.java:logGet(43)) - raft.server.write.element-limit = 4096 (default)
2019-08-27 22:34:26,476 [a81afeb8-02c0-499f-ae14-dff73637c02f:group-4D151D13F66F:LeaderElection92] INFO  server.RaftServerConfigKeys (ConfUtils.java:logGet(43)) - raft.server.write.element-limit = 4096 (default)
2019-08-27 22:34:26,476 [9cd9b32c-8455-4cb6-9cfb-b7cb8243d3b0:group-D90C4949D057:LeaderElection91] INFO  server.RaftServerConfigKeys (ConfUtils.java:logGet(43)) - raft.server.watch.timeout = 10s (default)
2019-08-27 22:34:26,476 [a81afeb8-02c0-499f-ae14-dff73637c02f:group-4D151D13F66F:LeaderElection92] INFO  server.RaftServerConfigKeys (ConfUtils.java:logGet(43)) - raft.server.watch.timeout = 10s (default)
2019-08-27 22:34:26,476 [9cd9b32c-8455-4cb6-9cfb-b7cb8243d3b0:group-D90C4949D057:LeaderElection91] INFO  server.RaftServerConfigKeys (ConfUtils.java:logGet(43)) - raft.server.watch.timeout.denomination = 1s (default)
2019-08-27 22:34:26,477 [a81afeb8-02c0-499f-ae14-dff73637c02f:group-4D151D13F66F:LeaderElection92] INFO  server.RaftServerConfigKeys (ConfUtils.java:logGet(43)) - raft.server.watch.timeout.denomination = 1s (default)
2019-08-27 22:34:26,477 [9cd9b32c-8455-4cb6-9cfb-b7cb8243d3b0:group-D90C4949D057:LeaderElection91] INFO  server.RaftServerConfigKeys (ConfUtils.java:logGet(43)) - raft.server.watch.element-limit = 65536 (default)
2019-08-27 22:34:26,477 [a81afeb8-02c0-499f-ae14-dff73637c02f:group-4D151D13F66F:LeaderElection92] INFO  server.RaftServerConfigKeys (ConfUtils.java:logGet(43)) - raft.server.watch.element-limit = 65536 (default)
2019-08-27 22:34:26,477 [9cd9b32c-8455-4cb6-9cfb-b7cb8243d3b0:group-D90C4949D057:LeaderElection91] INFO  impl.RoleInfo (RoleInfo.java:updateAndGet(143)) - 9cd9b32c-8455-4cb6-9cfb-b7cb8243d3b0: start LeaderState
2019-08-27 22:34:26,477 [a81afeb8-02c0-499f-ae14-dff73637c02f:group-4D151D13F66F:LeaderElection92] INFO  impl.RoleInfo (RoleInfo.java:updateAndGet(143)) - a81afeb8-02c0-499f-ae14-dff73637c02f: start LeaderState
2019-08-27 22:34:26,478 [a81afeb8-02c0-499f-ae14-dff73637c02f:group-4D151D13F66F:LeaderElection92] INFO  segmented.SegmentedRaftLogWorker (SegmentedRaftLogWorker.java:startLogSegment(380)) - a81afeb8-02c0-499f-ae14-dff73637c02f-SegmentedRaftLogWorker:Storage Directory /workdir/hadoop-ozone/integration-test/target/test-dir/MiniOzoneClusterImpl-4bfb73da-a5a9-4fb9-9b48-1b3bedb326df/datanode-1/data/ratis/547e009f-df43-464a-af81-4d151d13f66f: Starting segment from index:0
2019-08-27 22:34:26,478 [9cd9b32c-8455-4cb6-9cfb-b7cb8243d3b0:group-D90C4949D057:LeaderElection91] INFO  segmented.SegmentedRaftLogWorker (SegmentedRaftLogWorker.java:startLogSegment(380)) - 9cd9b32c-8455-4cb6-9cfb-b7cb8243d3b0-SegmentedRaftLogWorker:Storage Directory /workdir/hadoop-ozone/integration-test/target/test-dir/MiniOzoneClusterImpl-4bfb73da-a5a9-4fb9-9b48-1b3bedb326df/datanode-0/data/ratis/e067b274-0bf1-4342-9628-d90c4949d057: Starting segment from index:0
2019-08-27 22:34:26,478 [a81afeb8-02c0-499f-ae14-dff73637c02f:group-4D151D13F66F:LeaderElection92] INFO  impl.RaftServerImpl (ServerState.java:setRaftConf(361)) - a81afeb8-02c0-499f-ae14-dff73637c02f:group-4D151D13F66F set configuration 0: [a81afeb8-02c0-499f-ae14-dff73637c02f:192.168.36.82:38974], old=null at 0
2019-08-27 22:34:26,519 [Thread-3732] INFO  impl.FollowerState (FollowerState.java:run(106)) - a81afeb8-02c0-499f-ae14-dff73637c02f:group-5B423AC2C46D changes to CANDIDATE, lastRpcTime:5025, electionTimeout:5000ms
2019-08-27 22:34:26,519 [Thread-3732] INFO  impl.RoleInfo (RoleInfo.java:shutdownFollowerState(121)) - a81afeb8-02c0-499f-ae14-dff73637c02f: shutdown FollowerState
2019-08-27 22:34:26,519 [9cd9b32c-8455-4cb6-9cfb-b7cb8243d3b0:group-D90C4949D057:LeaderElection91] INFO  impl.RaftServerImpl (ServerState.java:setRaftConf(361)) - 9cd9b32c-8455-4cb6-9cfb-b7cb8243d3b0:group-D90C4949D057 set configuration 0: [9cd9b32c-8455-4cb6-9cfb-b7cb8243d3b0:192.168.36.82:44234], old=null at 0
2019-08-27 22:34:26,519 [Thread-3732] INFO  impl.RaftServerImpl (RaftServerImpl.java:setRole(171)) - a81afeb8-02c0-499f-ae14-dff73637c02f:group-5B423AC2C46D changes role from FOLLOWER to CANDIDATE at term 0 for changeToCandidate
2019-08-27 22:34:26,555 | INFO  | SCMAudit | user=jenkins1000 | ip=192.168.36.82 | op=SEND_HEARTBEAT {datanodeUUID=5c93a3d6-ac2f-433c-ae21-a0594b3a4eb9, command=[]} | ret=SUCCESS |  
2019-08-27 22:34:26,555 [Thread-3727] INFO  impl.FollowerState (FollowerState.java:run(106)) - 548722b6-cbc9-4ce8-a377-29ae8acd3811:group-5B423AC2C46D changes to CANDIDATE, lastRpcTime:5063, electionTimeout:5057ms
2019-08-27 22:34:26,555 [Thread-3732] INFO  impl.RoleInfo (RoleInfo.java:updateAndGet(143)) - a81afeb8-02c0-499f-ae14-dff73637c02f: start LeaderElection
2019-08-27 22:34:26,555 [548722b6-cbc9-4ce8-a377-29ae8acd3811:group-AC25BFCBCF3F:LeaderElection93] INFO  impl.LeaderElection (LeaderElection.java:askForVotes(181)) - 548722b6-cbc9-4ce8-a377-29ae8acd3811:group-AC25BFCBCF3F:LeaderElection93: begin an election at term 1 for -1: [548722b6-cbc9-4ce8-a377-29ae8acd3811:192.168.36.82:36160], old=null
2019-08-27 22:34:26,555 [Thread-3727] INFO  impl.RoleInfo (RoleInfo.java:shutdownFollowerState(121)) - 548722b6-cbc9-4ce8-a377-29ae8acd3811: shutdown FollowerState
2019-08-27 22:34:26,558 [Thread-3727] INFO  impl.RaftServerImpl (RaftServerImpl.java:setRole(171)) - 548722b6-cbc9-4ce8-a377-29ae8acd3811:group-5B423AC2C46D changes role from FOLLOWER to CANDIDATE at term 0 for changeToCandidate
2019-08-27 22:34:26,555 [548722b6-cbc9-4ce8-a377-29ae8acd3811:group-AC25BFCBCF3F:LeaderElection93] INFO  impl.RoleInfo (RoleInfo.java:shutdownLeaderElection(134)) - 548722b6-cbc9-4ce8-a377-29ae8acd3811: shutdown LeaderElection
2019-08-27 22:34:26,560 [Thread-3727] INFO  impl.RoleInfo (RoleInfo.java:updateAndGet(143)) - 548722b6-cbc9-4ce8-a377-29ae8acd3811: start LeaderElection
2019-08-27 22:34:26,560 [548722b6-cbc9-4ce8-a377-29ae8acd3811:group-AC25BFCBCF3F:LeaderElection93] INFO  impl.RaftServerImpl (RaftServerImpl.java:setRole(171)) - 548722b6-cbc9-4ce8-a377-29ae8acd3811:group-AC25BFCBCF3F changes role from CANDIDATE to LEADER at term 1 for changeToLeader
2019-08-27 22:34:26,560 [548722b6-cbc9-4ce8-a377-29ae8acd3811:group-AC25BFCBCF3F:LeaderElection93] INFO  impl.RaftServerImpl (ServerState.java:setLeader(263)) - 548722b6-cbc9-4ce8-a377-29ae8acd3811:group-AC25BFCBCF3F change Leader from null to 548722b6-cbc9-4ce8-a377-29ae8acd3811 at term 1 for becomeLeader, leader elected after 5141ms
2019-08-27 22:34:26,562 [a81afeb8-02c0-499f-ae14-dff73637c02f-SegmentedRaftLogWorker:Storage Directory /workdir/hadoop-ozone/integration-test/target/test-dir/MiniOzoneClusterImpl-4bfb73da-a5a9-4fb9-9b48-1b3bedb326df/datanode-1/data/ratis/547e009f-df43-464a-af81-4d151d13f66f] INFO  segmented.SegmentedRaftLogWorker (SegmentedRaftLogWorker.java:execute(569)) - a81afeb8-02c0-499f-ae14-dff73637c02f-SegmentedRaftLogWorker:Storage Directory /workdir/hadoop-ozone/integration-test/target/test-dir/MiniOzoneClusterImpl-4bfb73da-a5a9-4fb9-9b48-1b3bedb326df/datanode-1/data/ratis/547e009f-df43-464a-af81-4d151d13f66f: created new log segment /workdir/hadoop-ozone/integration-test/target/test-dir/MiniOzoneClusterImpl-4bfb73da-a5a9-4fb9-9b48-1b3bedb326df/datanode-1/data/ratis/547e009f-df43-464a-af81-4d151d13f66f/current/log_inprogress_0
2019-08-27 22:34:26,564 [548722b6-cbc9-4ce8-a377-29ae8acd3811:group-AC25BFCBCF3F:LeaderElection93] INFO  server.RaftServerConfigKeys (ConfUtils.java:logGet(43)) - raft.server.staging.catchup.gap = 1000 (default)
2019-08-27 22:34:26,565 [548722b6-cbc9-4ce8-a377-29ae8acd3811:group-AC25BFCBCF3F:LeaderElection93] INFO  server.RaftServerConfigKeys (ConfUtils.java:logGet(43)) - raft.server.rpc.sleep.time = 25ms (default)
2019-08-27 22:34:26,564 [9cd9b32c-8455-4cb6-9cfb-b7cb8243d3b0-SegmentedRaftLogWorker:Storage Directory /workdir/hadoop-ozone/integration-test/target/test-dir/MiniOzoneClusterImpl-4bfb73da-a5a9-4fb9-9b48-1b3bedb326df/datanode-0/data/ratis/e067b274-0bf1-4342-9628-d90c4949d057] INFO  segmented.SegmentedRaftLogWorker (SegmentedRaftLogWorker.java:execute(569)) - 9cd9b32c-8455-4cb6-9cfb-b7cb8243d3b0-SegmentedRaftLogWorker:Storage Directory /workdir/hadoop-ozone/integration-test/target/test-dir/MiniOzoneClusterImpl-4bfb73da-a5a9-4fb9-9b48-1b3bedb326df/datanode-0/data/ratis/e067b274-0bf1-4342-9628-d90c4949d057: created new log segment /workdir/hadoop-ozone/integration-test/target/test-dir/MiniOzoneClusterImpl-4bfb73da-a5a9-4fb9-9b48-1b3bedb326df/datanode-0/data/ratis/e067b274-0bf1-4342-9628-d90c4949d057/current/log_inprogress_0
2019-08-27 22:34:26,565 [548722b6-cbc9-4ce8-a377-29ae8acd3811:group-AC25BFCBCF3F:LeaderElection93] INFO  server.RaftServerConfigKeys (ConfUtils.java:logGet(43)) - raft.server.write.element-limit = 4096 (default)
2019-08-27 22:34:26,565 [548722b6-cbc9-4ce8-a377-29ae8acd3811:group-AC25BFCBCF3F:LeaderElection93] INFO  server.RaftServerConfigKeys (ConfUtils.java:logGet(43)) - raft.server.watch.timeout = 10s (default)
2019-08-27 22:34:26,565 [548722b6-cbc9-4ce8-a377-29ae8acd3811:group-AC25BFCBCF3F:LeaderElection93] INFO  server.RaftServerConfigKeys (ConfUtils.java:logGet(43)) - raft.server.watch.timeout.denomination = 1s (default)
2019-08-27 22:34:26,565 [548722b6-cbc9-4ce8-a377-29ae8acd3811:group-AC25BFCBCF3F:LeaderElection93] INFO  server.RaftServerConfigKeys (ConfUtils.java:logGet(43)) - raft.server.watch.element-limit = 65536 (default)
2019-08-27 22:34:26,566 [548722b6-cbc9-4ce8-a377-29ae8acd3811:group-AC25BFCBCF3F:LeaderElection93] INFO  impl.RoleInfo (RoleInfo.java:updateAndGet(143)) - 548722b6-cbc9-4ce8-a377-29ae8acd3811: start LeaderState
2019-08-27 22:34:26,566 [548722b6-cbc9-4ce8-a377-29ae8acd3811:group-AC25BFCBCF3F:LeaderElection93] INFO  segmented.SegmentedRaftLogWorker (SegmentedRaftLogWorker.java:startLogSegment(380)) - 548722b6-cbc9-4ce8-a377-29ae8acd3811-SegmentedRaftLogWorker:Storage Directory /workdir/hadoop-ozone/integration-test/target/test-dir/MiniOzoneClusterImpl-4bfb73da-a5a9-4fb9-9b48-1b3bedb326df/datanode-2/data/ratis/0f7aed0d-a267-4cfc-bcbf-ac25bfcbcf3f: Starting segment from index:0
2019-08-27 22:34:26,567 [548722b6-cbc9-4ce8-a377-29ae8acd3811:group-AC25BFCBCF3F:LeaderElection93] INFO  impl.RaftServerImpl (ServerState.java:setRaftConf(361)) - 548722b6-cbc9-4ce8-a377-29ae8acd3811:group-AC25BFCBCF3F set configuration 0: [548722b6-cbc9-4ce8-a377-29ae8acd3811:192.168.36.82:36160], old=null at 0
2019-08-27 22:34:26,606 [Thread-3731] INFO  impl.FollowerState (FollowerState.java:run(106)) - 9cd9b32c-8455-4cb6-9cfb-b7cb8243d3b0:group-5B423AC2C46D changes to CANDIDATE, lastRpcTime:5112, electionTimeout:5103ms
2019-08-27 22:34:26,608 [548722b6-cbc9-4ce8-a377-29ae8acd3811:group-5B423AC2C46D:LeaderElection95] INFO  impl.LeaderElection (LeaderElection.java:askForVotes(181)) - 548722b6-cbc9-4ce8-a377-29ae8acd3811:group-5B423AC2C46D:LeaderElection95: begin an election at term 1 for -1: [a81afeb8-02c0-499f-ae14-dff73637c02f:192.168.36.82:38974, 548722b6-cbc9-4ce8-a377-29ae8acd3811:192.168.36.82:36160, 9cd9b32c-8455-4cb6-9cfb-b7cb8243d3b0:192.168.36.82:44234], old=null
2019-08-27 22:34:26,608 [Thread-3731] INFO  impl.RoleInfo (RoleInfo.java:shutdownFollowerState(121)) - 9cd9b32c-8455-4cb6-9cfb-b7cb8243d3b0: shutdown FollowerState
2019-08-27 22:34:26,608 [a81afeb8-02c0-499f-ae14-dff73637c02f:group-5B423AC2C46D:LeaderElection94] INFO  impl.LeaderElection (LeaderElection.java:askForVotes(181)) - a81afeb8-02c0-499f-ae14-dff73637c02f:group-5B423AC2C46D:LeaderElection94: begin an election at term 1 for -1: [a81afeb8-02c0-499f-ae14-dff73637c02f:192.168.36.82:38974, 548722b6-cbc9-4ce8-a377-29ae8acd3811:192.168.36.82:36160, 9cd9b32c-8455-4cb6-9cfb-b7cb8243d3b0:192.168.36.82:44234], old=null
2019-08-27 22:34:26,609 [Thread-3731] INFO  impl.RaftServerImpl (RaftServerImpl.java:setRole(171)) - 9cd9b32c-8455-4cb6-9cfb-b7cb8243d3b0:group-5B423AC2C46D changes role from FOLLOWER to CANDIDATE at term 0 for changeToCandidate
2019-08-27 22:34:26,609 [Thread-3731] INFO  impl.RoleInfo (RoleInfo.java:updateAndGet(143)) - 9cd9b32c-8455-4cb6-9cfb-b7cb8243d3b0: start LeaderElection
2019-08-27 22:34:26,646 [Thread-3736] INFO  impl.FollowerState (FollowerState.java:run(106)) - 5c93a3d6-ac2f-433c-ae21-a0594b3a4eb9:group-83669D46BC52 changes to CANDIDATE, lastRpcTime:5002, electionTimeout:5002ms
2019-08-27 22:34:26,646 [Thread-3736] INFO  impl.RoleInfo (RoleInfo.java:shutdownFollowerState(121)) - 5c93a3d6-ac2f-433c-ae21-a0594b3a4eb9: shutdown FollowerState
2019-08-27 22:34:26,647 [Thread-3736] INFO  impl.RaftServerImpl (RaftServerImpl.java:setRole(171)) - 5c93a3d6-ac2f-433c-ae21-a0594b3a4eb9:group-83669D46BC52 changes role from FOLLOWER to CANDIDATE at term 0 for changeToCandidate
2019-08-27 22:34:26,647 [Thread-3736] INFO  impl.RoleInfo (RoleInfo.java:updateAndGet(143)) - 5c93a3d6-ac2f-433c-ae21-a0594b3a4eb9: start LeaderElection
2019-08-27 22:34:26,649 [548722b6-cbc9-4ce8-a377-29ae8acd3811-SegmentedRaftLogWorker:Storage Directory /workdir/hadoop-ozone/integration-test/target/test-dir/MiniOzoneClusterImpl-4bfb73da-a5a9-4fb9-9b48-1b3bedb326df/datanode-2/data/ratis/0f7aed0d-a267-4cfc-bcbf-ac25bfcbcf3f] INFO  segmented.SegmentedRaftLogWorker (SegmentedRaftLogWorker.java:execute(569)) - 548722b6-cbc9-4ce8-a377-29ae8acd3811-SegmentedRaftLogWorker:Storage Directory /workdir/hadoop-ozone/integration-test/target/test-dir/MiniOzoneClusterImpl-4bfb73da-a5a9-4fb9-9b48-1b3bedb326df/datanode-2/data/ratis/0f7aed0d-a267-4cfc-bcbf-ac25bfcbcf3f: created new log segment /workdir/hadoop-ozone/integration-test/target/test-dir/MiniOzoneClusterImpl-4bfb73da-a5a9-4fb9-9b48-1b3bedb326df/datanode-2/data/ratis/0f7aed0d-a267-4cfc-bcbf-ac25bfcbcf3f/current/log_inprogress_0
2019-08-27 22:34:26,652 [9cd9b32c-8455-4cb6-9cfb-b7cb8243d3b0:group-5B423AC2C46D:LeaderElection96] INFO  impl.LeaderElection (LeaderElection.java:askForVotes(181)) - 9cd9b32c-8455-4cb6-9cfb-b7cb8243d3b0:group-5B423AC2C46D:LeaderElection96: begin an election at term 1 for -1: [a81afeb8-02c0-499f-ae14-dff73637c02f:192.168.36.82:38974, 548722b6-cbc9-4ce8-a377-29ae8acd3811:192.168.36.82:36160, 9cd9b32c-8455-4cb6-9cfb-b7cb8243d3b0:192.168.36.82:44234], old=null
2019-08-27 22:34:26,655 [a81afeb8-02c0-499f-ae14-dff73637c02f:group-5B423AC2C46D:LeaderElection94] INFO  impl.LeaderElection (LeaderElection.java:logAndReturn(56)) - a81afeb8-02c0-499f-ae14-dff73637c02f:group-5B423AC2C46D:LeaderElection94: Election REJECTED; received 2 response(s) [a81afeb8-02c0-499f-ae14-dff73637c02f<-548722b6-cbc9-4ce8-a377-29ae8acd3811#0:FAIL-t1, a81afeb8-02c0-499f-ae14-dff73637c02f<-9cd9b32c-8455-4cb6-9cfb-b7cb8243d3b0#0:FAIL-t1] and 0 exception(s); a81afeb8-02c0-499f-ae14-dff73637c02f:t1, leader=null, voted=a81afeb8-02c0-499f-ae14-dff73637c02f, raftlog=a81afeb8-02c0-499f-ae14-dff73637c02f-SegmentedRaftLog:OPENED:c-1,f-1,i0, conf=-1: [a81afeb8-02c0-499f-ae14-dff73637c02f:192.168.36.82:38974, 548722b6-cbc9-4ce8-a377-29ae8acd3811:192.168.36.82:36160, 9cd9b32c-8455-4cb6-9cfb-b7cb8243d3b0:192.168.36.82:44234], old=null
2019-08-27 22:34:26,655 [548722b6-cbc9-4ce8-a377-29ae8acd3811:group-5B423AC2C46D:LeaderElection95] INFO  impl.LeaderElection (LeaderElection.java:logAndReturn(56)) - 548722b6-cbc9-4ce8-a377-29ae8acd3811:group-5B423AC2C46D:LeaderElection95: Election REJECTED; received 2 response(s) [548722b6-cbc9-4ce8-a377-29ae8acd3811<-a81afeb8-02c0-499f-ae14-dff73637c02f#0:FAIL-t1, 548722b6-cbc9-4ce8-a377-29ae8acd3811<-9cd9b32c-8455-4cb6-9cfb-b7cb8243d3b0#0:FAIL-t1] and 0 exception(s); 548722b6-cbc9-4ce8-a377-29ae8acd3811:t1, leader=null, voted=548722b6-cbc9-4ce8-a377-29ae8acd3811, raftlog=548722b6-cbc9-4ce8-a377-29ae8acd3811-SegmentedRaftLog:OPENED:c-1,f-1,i0, conf=-1: [a81afeb8-02c0-499f-ae14-dff73637c02f:192.168.36.82:38974, 548722b6-cbc9-4ce8-a377-29ae8acd3811:192.168.36.82:36160, 9cd9b32c-8455-4cb6-9cfb-b7cb8243d3b0:192.168.36.82:44234], old=null
2019-08-27 22:34:26,655 [a81afeb8-02c0-499f-ae14-dff73637c02f:group-5B423AC2C46D:LeaderElection94] INFO  impl.RaftServerImpl (RaftServerImpl.java:setRole(171)) - a81afeb8-02c0-499f-ae14-dff73637c02f:group-5B423AC2C46D changes role from CANDIDATE to FOLLOWER at term 1 for DISCOVERED_A_NEW_TERM
2019-08-27 22:34:26,655 [548722b6-cbc9-4ce8-a377-29ae8acd3811:group-5B423AC2C46D:LeaderElection95] INFO  impl.RaftServerImpl (RaftServerImpl.java:setRole(171)) - 548722b6-cbc9-4ce8-a377-29ae8acd3811:group-5B423AC2C46D changes role from CANDIDATE to FOLLOWER at term 1 for DISCOVERED_A_NEW_TERM
2019-08-27 22:34:26,655 [a81afeb8-02c0-499f-ae14-dff73637c02f:group-5B423AC2C46D:LeaderElection94] INFO  impl.RoleInfo (RoleInfo.java:shutdownLeaderElection(134)) - a81afeb8-02c0-499f-ae14-dff73637c02f: shutdown LeaderElection
2019-08-27 22:34:26,656 [548722b6-cbc9-4ce8-a377-29ae8acd3811:group-5B423AC2C46D:LeaderElection95] INFO  impl.RoleInfo (RoleInfo.java:shutdownLeaderElection(134)) - 548722b6-cbc9-4ce8-a377-29ae8acd3811: shutdown LeaderElection
2019-08-27 22:34:26,656 [a81afeb8-02c0-499f-ae14-dff73637c02f:group-5B423AC2C46D:LeaderElection94] INFO  impl.RoleInfo (RoleInfo.java:updateAndGet(143)) - a81afeb8-02c0-499f-ae14-dff73637c02f: start FollowerState
2019-08-27 22:34:26,656 [548722b6-cbc9-4ce8-a377-29ae8acd3811:group-5B423AC2C46D:LeaderElection95] INFO  impl.RoleInfo (RoleInfo.java:updateAndGet(143)) - 548722b6-cbc9-4ce8-a377-29ae8acd3811: start FollowerState
2019-08-27 22:34:26,659 [9cd9b32c-8455-4cb6-9cfb-b7cb8243d3b0:group-5B423AC2C46D:LeaderElection96] INFO  impl.LeaderElection (LeaderElection.java:logAndReturn(56)) - 9cd9b32c-8455-4cb6-9cfb-b7cb8243d3b0:group-5B423AC2C46D:LeaderElection96: Election REJECTED; received 2 response(s) [9cd9b32c-8455-4cb6-9cfb-b7cb8243d3b0<-a81afeb8-02c0-499f-ae14-dff73637c02f#0:FAIL-t1, 9cd9b32c-8455-4cb6-9cfb-b7cb8243d3b0<-548722b6-cbc9-4ce8-a377-29ae8acd3811#0:FAIL-t1] and 0 exception(s); 9cd9b32c-8455-4cb6-9cfb-b7cb8243d3b0:t1, leader=null, voted=9cd9b32c-8455-4cb6-9cfb-b7cb8243d3b0, raftlog=9cd9b32c-8455-4cb6-9cfb-b7cb8243d3b0-SegmentedRaftLog:OPENED:c-1,f-1,i0, conf=-1: [a81afeb8-02c0-499f-ae14-dff73637c02f:192.168.36.82:38974, 548722b6-cbc9-4ce8-a377-29ae8acd3811:192.168.36.82:36160, 9cd9b32c-8455-4cb6-9cfb-b7cb8243d3b0:192.168.36.82:44234], old=null
2019-08-27 22:34:26,660 [9cd9b32c-8455-4cb6-9cfb-b7cb8243d3b0:group-5B423AC2C46D:LeaderElection96] INFO  impl.RaftServerImpl (RaftServerImpl.java:setRole(171)) - 9cd9b32c-8455-4cb6-9cfb-b7cb8243d3b0:group-5B423AC2C46D changes role from CANDIDATE to FOLLOWER at term 1 for DISCOVERED_A_NEW_TERM
2019-08-27 22:34:26,660 [9cd9b32c-8455-4cb6-9cfb-b7cb8243d3b0:group-5B423AC2C46D:LeaderElection96] INFO  impl.RoleInfo (RoleInfo.java:shutdownLeaderElection(134)) - 9cd9b32c-8455-4cb6-9cfb-b7cb8243d3b0: shutdown LeaderElection
2019-08-27 22:34:26,660 [9cd9b32c-8455-4cb6-9cfb-b7cb8243d3b0:group-5B423AC2C46D:LeaderElection96] INFO  impl.RoleInfo (RoleInfo.java:updateAndGet(143)) - 9cd9b32c-8455-4cb6-9cfb-b7cb8243d3b0: start FollowerState
2019-08-27 22:34:26,675 [5c93a3d6-ac2f-433c-ae21-a0594b3a4eb9:group-83669D46BC52:LeaderElection97] INFO  impl.LeaderElection (LeaderElection.java:askForVotes(181)) - 5c93a3d6-ac2f-433c-ae21-a0594b3a4eb9:group-83669D46BC52:LeaderElection97: begin an election at term 1 for -1: [5c93a3d6-ac2f-433c-ae21-a0594b3a4eb9:192.168.36.82:44528], old=null
2019-08-27 22:34:26,675 [5c93a3d6-ac2f-433c-ae21-a0594b3a4eb9:group-83669D46BC52:LeaderElection97] INFO  impl.RoleInfo (RoleInfo.java:shutdownLeaderElection(134)) - 5c93a3d6-ac2f-433c-ae21-a0594b3a4eb9: shutdown LeaderElection
2019-08-27 22:34:26,675 [5c93a3d6-ac2f-433c-ae21-a0594b3a4eb9:group-83669D46BC52:LeaderElection97] INFO  impl.RaftServerImpl (RaftServerImpl.java:setRole(171)) - 5c93a3d6-ac2f-433c-ae21-a0594b3a4eb9:group-83669D46BC52 changes role from CANDIDATE to LEADER at term 1 for changeToLeader
2019-08-27 22:34:26,675 [5c93a3d6-ac2f-433c-ae21-a0594b3a4eb9:group-83669D46BC52:LeaderElection97] INFO  impl.RaftServerImpl (ServerState.java:setLeader(263)) - 5c93a3d6-ac2f-433c-ae21-a0594b3a4eb9:group-83669D46BC52 change Leader from null to 5c93a3d6-ac2f-433c-ae21-a0594b3a4eb9 at term 1 for becomeLeader, leader elected after 5035ms
2019-08-27 22:34:26,676 [5c93a3d6-ac2f-433c-ae21-a0594b3a4eb9:group-83669D46BC52:LeaderElection97] INFO  server.RaftServerConfigKeys (ConfUtils.java:logGet(43)) - raft.server.staging.catchup.gap = 1000 (default)
2019-08-27 22:34:26,676 [5c93a3d6-ac2f-433c-ae21-a0594b3a4eb9:group-83669D46BC52:LeaderElection97] INFO  server.RaftServerConfigKeys (ConfUtils.java:logGet(43)) - raft.server.rpc.sleep.time = 25ms (default)
2019-08-27 22:34:26,676 [5c93a3d6-ac2f-433c-ae21-a0594b3a4eb9:group-83669D46BC52:LeaderElection97] INFO  server.RaftServerConfigKeys (ConfUtils.java:logGet(43)) - raft.server.write.element-limit = 4096 (default)
2019-08-27 22:34:26,676 [5c93a3d6-ac2f-433c-ae21-a0594b3a4eb9:group-83669D46BC52:LeaderElection97] INFO  server.RaftServerConfigKeys (ConfUtils.java:logGet(43)) - raft.server.watch.timeout = 10s (default)
2019-08-27 22:34:26,676 [5c93a3d6-ac2f-433c-ae21-a0594b3a4eb9:group-83669D46BC52:LeaderElection97] INFO  server.RaftServerConfigKeys (ConfUtils.java:logGet(43)) - raft.server.watch.timeout.denomination = 1s (default)
2019-08-27 22:34:26,676 [5c93a3d6-ac2f-433c-ae21-a0594b3a4eb9:group-83669D46BC52:LeaderElection97] INFO  server.RaftServerConfigKeys (ConfUtils.java:logGet(43)) - raft.server.watch.element-limit = 65536 (default)
2019-08-27 22:34:26,676 [5c93a3d6-ac2f-433c-ae21-a0594b3a4eb9:group-83669D46BC52:LeaderElection97] INFO  impl.RoleInfo (RoleInfo.java:updateAndGet(143)) - 5c93a3d6-ac2f-433c-ae21-a0594b3a4eb9: start LeaderState
2019-08-27 22:34:26,677 [5c93a3d6-ac2f-433c-ae21-a0594b3a4eb9:group-83669D46BC52:LeaderElection97] INFO  segmented.SegmentedRaftLogWorker (SegmentedRaftLogWorker.java:startLogSegment(380)) - 5c93a3d6-ac2f-433c-ae21-a0594b3a4eb9-SegmentedRaftLogWorker:Storage Directory /workdir/hadoop-ozone/integration-test/target/test-dir/MiniOzoneClusterImpl-4bfb73da-a5a9-4fb9-9b48-1b3bedb326df/datanode-3/data/ratis/a3153706-d8e8-472b-9e61-83669d46bc52: Starting segment from index:0
2019-08-27 22:34:26,677 [5c93a3d6-ac2f-433c-ae21-a0594b3a4eb9:group-83669D46BC52:LeaderElection97] INFO  impl.RaftServerImpl (ServerState.java:setRaftConf(361)) - 5c93a3d6-ac2f-433c-ae21-a0594b3a4eb9:group-83669D46BC52 set configuration 0: [5c93a3d6-ac2f-433c-ae21-a0594b3a4eb9:192.168.36.82:44528], old=null at 0
2019-08-27 22:34:26,715 | INFO  | SCMAudit | user=jenkins1000 | ip=192.168.36.82 | op=SEND_HEARTBEAT {datanodeUUID=89f59389-d833-4deb-a03d-413db5a1260e, command=[]} | ret=SUCCESS |  
2019-08-27 22:34:26,766 [5c93a3d6-ac2f-433c-ae21-a0594b3a4eb9-SegmentedRaftLogWorker:Storage Directory /workdir/hadoop-ozone/integration-test/target/test-dir/MiniOzoneClusterImpl-4bfb73da-a5a9-4fb9-9b48-1b3bedb326df/datanode-3/data/ratis/a3153706-d8e8-472b-9e61-83669d46bc52] INFO  segmented.SegmentedRaftLogWorker (SegmentedRaftLogWorker.java:execute(569)) - 5c93a3d6-ac2f-433c-ae21-a0594b3a4eb9-SegmentedRaftLogWorker:Storage Directory /workdir/hadoop-ozone/integration-test/target/test-dir/MiniOzoneClusterImpl-4bfb73da-a5a9-4fb9-9b48-1b3bedb326df/datanode-3/data/ratis/a3153706-d8e8-472b-9e61-83669d46bc52: created new log segment /workdir/hadoop-ozone/integration-test/target/test-dir/MiniOzoneClusterImpl-4bfb73da-a5a9-4fb9-9b48-1b3bedb326df/datanode-3/data/ratis/a3153706-d8e8-472b-9e61-83669d46bc52/current/log_inprogress_0
2019-08-27 22:34:26,906 | INFO  | SCMAudit | user=jenkins1000 | ip=192.168.36.82 | op=SEND_HEARTBEAT {datanodeUUID=506fee67-9f81-4cae-aaf5-08e8c0b305e7, command=[]} | ret=SUCCESS |  
2019-08-27 22:34:26,947 | INFO  | SCMAudit | user=jenkins1000 | ip=192.168.36.82 | op=SEND_HEARTBEAT {datanodeUUID=9cd9b32c-8455-4cb6-9cfb-b7cb8243d3b0, command=[]} | ret=SUCCESS |  
2019-08-27 22:34:26,987 [Thread-3739] INFO  impl.FollowerState (FollowerState.java:run(106)) - 89f59389-d833-4deb-a03d-413db5a1260e:group-788D8C191A80 changes to CANDIDATE, lastRpcTime:5141, electionTimeout:5141ms
2019-08-27 22:34:26,987 [Thread-3739] INFO  impl.RoleInfo (RoleInfo.java:shutdownFollowerState(121)) - 89f59389-d833-4deb-a03d-413db5a1260e: shutdown FollowerState
2019-08-27 22:34:26,987 [Thread-3739] INFO  impl.RaftServerImpl (RaftServerImpl.java:setRole(171)) - 89f59389-d833-4deb-a03d-413db5a1260e:group-788D8C191A80 changes role from FOLLOWER to CANDIDATE at term 0 for changeToCandidate
2019-08-27 22:34:26,987 [Thread-3739] INFO  impl.RoleInfo (RoleInfo.java:updateAndGet(143)) - 89f59389-d833-4deb-a03d-413db5a1260e: start LeaderElection
2019-08-27 22:34:27,091 [89f59389-d833-4deb-a03d-413db5a1260e:group-788D8C191A80:LeaderElection98] INFO  impl.LeaderElection (LeaderElection.java:askForVotes(181)) - 89f59389-d833-4deb-a03d-413db5a1260e:group-788D8C191A80:LeaderElection98: begin an election at term 1 for -1: [89f59389-d833-4deb-a03d-413db5a1260e:192.168.36.82:43095], old=null
2019-08-27 22:34:27,091 [89f59389-d833-4deb-a03d-413db5a1260e:group-788D8C191A80:LeaderElection98] INFO  impl.RoleInfo (RoleInfo.java:shutdownLeaderElection(134)) - 89f59389-d833-4deb-a03d-413db5a1260e: shutdown LeaderElection
2019-08-27 22:34:27,091 [89f59389-d833-4deb-a03d-413db5a1260e:group-788D8C191A80:LeaderElection98] INFO  impl.RaftServerImpl (RaftServerImpl.java:setRole(171)) - 89f59389-d833-4deb-a03d-413db5a1260e:group-788D8C191A80 changes role from CANDIDATE to LEADER at term 1 for changeToLeader
2019-08-27 22:34:27,091 [89f59389-d833-4deb-a03d-413db5a1260e:group-788D8C191A80:LeaderElection98] INFO  impl.RaftServerImpl (ServerState.java:setLeader(263)) - 89f59389-d833-4deb-a03d-413db5a1260e:group-788D8C191A80 change Leader from null to 89f59389-d833-4deb-a03d-413db5a1260e at term 1 for becomeLeader, leader elected after 5248ms
2019-08-27 22:34:27,091 [89f59389-d833-4deb-a03d-413db5a1260e:group-788D8C191A80:LeaderElection98] INFO  server.RaftServerConfigKeys (ConfUtils.java:logGet(43)) - raft.server.staging.catchup.gap = 1000 (default)
2019-08-27 22:34:27,092 [89f59389-d833-4deb-a03d-413db5a1260e:group-788D8C191A80:LeaderElection98] INFO  server.RaftServerConfigKeys (ConfUtils.java:logGet(43)) - raft.server.rpc.sleep.time = 25ms (default)
2019-08-27 22:34:27,092 [89f59389-d833-4deb-a03d-413db5a1260e:group-788D8C191A80:LeaderElection98] INFO  server.RaftServerConfigKeys (ConfUtils.java:logGet(43)) - raft.server.write.element-limit = 4096 (default)
2019-08-27 22:34:27,092 [89f59389-d833-4deb-a03d-413db5a1260e:group-788D8C191A80:LeaderElection98] INFO  server.RaftServerConfigKeys (ConfUtils.java:logGet(43)) - raft.server.watch.timeout = 10s (default)
2019-08-27 22:34:27,092 [89f59389-d833-4deb-a03d-413db5a1260e:group-788D8C191A80:LeaderElection98] INFO  server.RaftServerConfigKeys (ConfUtils.java:logGet(43)) - raft.server.watch.timeout.denomination = 1s (default)
2019-08-27 22:34:27,092 [89f59389-d833-4deb-a03d-413db5a1260e:group-788D8C191A80:LeaderElection98] INFO  server.RaftServerConfigKeys (ConfUtils.java:logGet(43)) - raft.server.watch.element-limit = 65536 (default)
2019-08-27 22:34:27,093 [89f59389-d833-4deb-a03d-413db5a1260e:group-788D8C191A80:LeaderElection98] INFO  impl.RoleInfo (RoleInfo.java:updateAndGet(143)) - 89f59389-d833-4deb-a03d-413db5a1260e: start LeaderState
2019-08-27 22:34:27,093 [89f59389-d833-4deb-a03d-413db5a1260e:group-788D8C191A80:LeaderElection98] INFO  segmented.SegmentedRaftLogWorker (SegmentedRaftLogWorker.java:startLogSegment(380)) - 89f59389-d833-4deb-a03d-413db5a1260e-SegmentedRaftLogWorker:Storage Directory /workdir/hadoop-ozone/integration-test/target/test-dir/MiniOzoneClusterImpl-4bfb73da-a5a9-4fb9-9b48-1b3bedb326df/datanode-4/data/ratis/0b5591de-b67f-4b15-9f6e-788d8c191a80: Starting segment from index:0
2019-08-27 22:34:27,093 | INFO  | SCMAudit | user=jenkins1000 | ip=192.168.36.82 | op=SEND_HEARTBEAT {datanodeUUID=3684abad-3f62-4e52-8505-9bc5f15bfb14, command=[]} | ret=SUCCESS |  
2019-08-27 22:34:27,094 [89f59389-d833-4deb-a03d-413db5a1260e:group-788D8C191A80:LeaderElection98] INFO  impl.RaftServerImpl (ServerState.java:setRaftConf(361)) - 89f59389-d833-4deb-a03d-413db5a1260e:group-788D8C191A80 set configuration 0: [89f59389-d833-4deb-a03d-413db5a1260e:192.168.36.82:43095], old=null at 0
2019-08-27 22:34:27,123 | INFO  | SCMAudit | user=jenkins1000 | ip=192.168.36.82 | op=SEND_HEARTBEAT {datanodeUUID=a81afeb8-02c0-499f-ae14-dff73637c02f, command=[]} | ret=SUCCESS |  
2019-08-27 22:34:27,162 [89f59389-d833-4deb-a03d-413db5a1260e-SegmentedRaftLogWorker:Storage Directory /workdir/hadoop-ozone/integration-test/target/test-dir/MiniOzoneClusterImpl-4bfb73da-a5a9-4fb9-9b48-1b3bedb326df/datanode-4/data/ratis/0b5591de-b67f-4b15-9f6e-788d8c191a80] INFO  segmented.SegmentedRaftLogWorker (SegmentedRaftLogWorker.java:execute(569)) - 89f59389-d833-4deb-a03d-413db5a1260e-SegmentedRaftLogWorker:Storage Directory /workdir/hadoop-ozone/integration-test/target/test-dir/MiniOzoneClusterImpl-4bfb73da-a5a9-4fb9-9b48-1b3bedb326df/datanode-4/data/ratis/0b5591de-b67f-4b15-9f6e-788d8c191a80: created new log segment /workdir/hadoop-ozone/integration-test/target/test-dir/MiniOzoneClusterImpl-4bfb73da-a5a9-4fb9-9b48-1b3bedb326df/datanode-4/data/ratis/0b5591de-b67f-4b15-9f6e-788d8c191a80/current/log_inprogress_0
2019-08-27 22:34:27,194 [Thread-3742] INFO  impl.FollowerState (FollowerState.java:run(106)) - 506fee67-9f81-4cae-aaf5-08e8c0b305e7:group-F247081C4F6E changes to CANDIDATE, lastRpcTime:5185, electionTimeout:5185ms
2019-08-27 22:34:27,195 [Thread-3742] INFO  impl.RoleInfo (RoleInfo.java:shutdownFollowerState(121)) - 506fee67-9f81-4cae-aaf5-08e8c0b305e7: shutdown FollowerState
2019-08-27 22:34:27,195 [Thread-3742] INFO  impl.RaftServerImpl (RaftServerImpl.java:setRole(171)) - 506fee67-9f81-4cae-aaf5-08e8c0b305e7:group-F247081C4F6E changes role from FOLLOWER to CANDIDATE at term 0 for changeToCandidate
2019-08-27 22:34:27,195 [Thread-3742] INFO  impl.RoleInfo (RoleInfo.java:updateAndGet(143)) - 506fee67-9f81-4cae-aaf5-08e8c0b305e7: start LeaderElection
2019-08-27 22:34:27,205 [grpc-default-executor-8] INFO  client.GrpcClientProtocolClient (GrpcClientProtocolClient.java:onNext(255)) - client-9A2C6BAC1252->506fee67-9f81-4cae-aaf5-08e8c0b305e7: receive RaftClientReply:client-9A2C6BAC1252->506fee67-9f81-4cae-aaf5-08e8c0b305e7@group-C47B472BB423, cid=196, FAILED org.apache.ratis.protocol.NotLeaderException: Server 506fee67-9f81-4cae-aaf5-08e8c0b305e7 is not the leader (null). Request must be sent to leader., logIndex=0, commits[506fee67-9f81-4cae-aaf5-08e8c0b305e7:c-1]
2019-08-27 22:34:27,235 [Thread-3746] INFO  impl.FollowerState (FollowerState.java:run(106)) - 89f59389-d833-4deb-a03d-413db5a1260e:group-C47B472BB423 changes to CANDIDATE, lastRpcTime:5126, electionTimeout:5126ms
2019-08-27 22:34:27,235 [Thread-3746] INFO  impl.RoleInfo (RoleInfo.java:shutdownFollowerState(121)) - 89f59389-d833-4deb-a03d-413db5a1260e: shutdown FollowerState
2019-08-27 22:34:27,236 [Thread-3746] INFO  impl.RaftServerImpl (RaftServerImpl.java:setRole(171)) - 89f59389-d833-4deb-a03d-413db5a1260e:group-C47B472BB423 changes role from FOLLOWER to CANDIDATE at term 0 for changeToCandidate
2019-08-27 22:34:27,236 [Thread-3746] INFO  impl.RoleInfo (RoleInfo.java:updateAndGet(143)) - 89f59389-d833-4deb-a03d-413db5a1260e: start LeaderElection
2019-08-27 22:34:27,270 [Thread-3752] INFO  impl.FollowerState (FollowerState.java:run(106)) - 5c93a3d6-ac2f-433c-ae21-a0594b3a4eb9:group-C47B472BB423 changes to CANDIDATE, lastRpcTime:5148, electionTimeout:5147ms
2019-08-27 22:34:27,270 [Thread-3752] INFO  impl.RoleInfo (RoleInfo.java:shutdownFollowerState(121)) - 5c93a3d6-ac2f-433c-ae21-a0594b3a4eb9: shutdown FollowerState
2019-08-27 22:34:27,270 [Thread-3752] INFO  impl.RaftServerImpl (RaftServerImpl.java:setRole(171)) - 5c93a3d6-ac2f-433c-ae21-a0594b3a4eb9:group-C47B472BB423 changes role from FOLLOWER to CANDIDATE at term 0 for changeToCandidate
2019-08-27 22:34:27,270 [Thread-3752] INFO  impl.RoleInfo (RoleInfo.java:updateAndGet(143)) - 5c93a3d6-ac2f-433c-ae21-a0594b3a4eb9: start LeaderElection
2019-08-27 22:34:27,282 [506fee67-9f81-4cae-aaf5-08e8c0b305e7:group-F247081C4F6E:LeaderElection99] INFO  impl.LeaderElection (LeaderElection.java:askForVotes(181)) - 506fee67-9f81-4cae-aaf5-08e8c0b305e7:group-F247081C4F6E:LeaderElection99: begin an election at term 1 for -1: [506fee67-9f81-4cae-aaf5-08e8c0b305e7:192.168.36.82:44257], old=null
2019-08-27 22:34:27,282 [506fee67-9f81-4cae-aaf5-08e8c0b305e7:group-F247081C4F6E:LeaderElection99] INFO  impl.RoleInfo (RoleInfo.java:shutdownLeaderElection(134)) - 506fee67-9f81-4cae-aaf5-08e8c0b305e7: shutdown LeaderElection
2019-08-27 22:34:27,283 [506fee67-9f81-4cae-aaf5-08e8c0b305e7:group-F247081C4F6E:LeaderElection99] INFO  impl.RaftServerImpl (RaftServerImpl.java:setRole(171)) - 506fee67-9f81-4cae-aaf5-08e8c0b305e7:group-F247081C4F6E changes role from CANDIDATE to LEADER at term 1 for changeToLeader
2019-08-27 22:34:27,283 [506fee67-9f81-4cae-aaf5-08e8c0b305e7:group-F247081C4F6E:LeaderElection99] INFO  impl.RaftServerImpl (ServerState.java:setLeader(263)) - 506fee67-9f81-4cae-aaf5-08e8c0b305e7:group-F247081C4F6E change Leader from null to 506fee67-9f81-4cae-aaf5-08e8c0b305e7 at term 1 for becomeLeader, leader elected after 5277ms
2019-08-27 22:34:27,283 [506fee67-9f81-4cae-aaf5-08e8c0b305e7:group-F247081C4F6E:LeaderElection99] INFO  server.RaftServerConfigKeys (ConfUtils.java:logGet(43)) - raft.server.staging.catchup.gap = 1000 (default)
2019-08-27 22:34:27,283 [506fee67-9f81-4cae-aaf5-08e8c0b305e7:group-F247081C4F6E:LeaderElection99] INFO  server.RaftServerConfigKeys (ConfUtils.java:logGet(43)) - raft.server.rpc.sleep.time = 25ms (default)
2019-08-27 22:34:27,283 [89f59389-d833-4deb-a03d-413db5a1260e:group-C47B472BB423:LeaderElection100] INFO  impl.LeaderElection (LeaderElection.java:askForVotes(181)) - 89f59389-d833-4deb-a03d-413db5a1260e:group-C47B472BB423:LeaderElection100: begin an election at term 1 for -1: [506fee67-9f81-4cae-aaf5-08e8c0b305e7:192.168.36.82:44257, 5c93a3d6-ac2f-433c-ae21-a0594b3a4eb9:192.168.36.82:44528, 89f59389-d833-4deb-a03d-413db5a1260e:192.168.36.82:43095], old=null
2019-08-27 22:34:27,283 [506fee67-9f81-4cae-aaf5-08e8c0b305e7:group-F247081C4F6E:LeaderElection99] INFO  server.RaftServerConfigKeys (ConfUtils.java:logGet(43)) - raft.server.write.element-limit = 4096 (default)
2019-08-27 22:34:27,284 [506fee67-9f81-4cae-aaf5-08e8c0b305e7:group-F247081C4F6E:LeaderElection99] INFO  server.RaftServerConfigKeys (ConfUtils.java:logGet(43)) - raft.server.watch.timeout = 10s (default)
2019-08-27 22:34:27,284 [506fee67-9f81-4cae-aaf5-08e8c0b305e7:group-F247081C4F6E:LeaderElection99] INFO  server.RaftServerConfigKeys (ConfUtils.java:logGet(43)) - raft.server.watch.timeout.denomination = 1s (default)
2019-08-27 22:34:27,284 [506fee67-9f81-4cae-aaf5-08e8c0b305e7:group-F247081C4F6E:LeaderElection99] INFO  server.RaftServerConfigKeys (ConfUtils.java:logGet(43)) - raft.server.watch.element-limit = 65536 (default)
2019-08-27 22:34:27,284 [506fee67-9f81-4cae-aaf5-08e8c0b305e7:group-F247081C4F6E:LeaderElection99] INFO  impl.RoleInfo (RoleInfo.java:updateAndGet(143)) - 506fee67-9f81-4cae-aaf5-08e8c0b305e7: start LeaderState
2019-08-27 22:34:27,284 [506fee67-9f81-4cae-aaf5-08e8c0b305e7:group-F247081C4F6E:LeaderElection99] INFO  segmented.SegmentedRaftLogWorker (SegmentedRaftLogWorker.java:startLogSegment(380)) - 506fee67-9f81-4cae-aaf5-08e8c0b305e7-SegmentedRaftLogWorker:Storage Directory /workdir/hadoop-ozone/integration-test/target/test-dir/MiniOzoneClusterImpl-4bfb73da-a5a9-4fb9-9b48-1b3bedb326df/datanode-5/data/ratis/ae5a08a7-ba40-4d07-b9e8-f247081c4f6e: Starting segment from index:0
2019-08-27 22:34:27,285 [506fee67-9f81-4cae-aaf5-08e8c0b305e7:group-F247081C4F6E:LeaderElection99] INFO  impl.RaftServerImpl (ServerState.java:setRaftConf(361)) - 506fee67-9f81-4cae-aaf5-08e8c0b305e7:group-F247081C4F6E set configuration 0: [506fee67-9f81-4cae-aaf5-08e8c0b305e7:192.168.36.82:44257], old=null at 0
2019-08-27 22:34:27,289 [grpc-default-executor-8] INFO  impl.RaftServerImpl (RaftServerImpl.java:setRole(171)) - 506fee67-9f81-4cae-aaf5-08e8c0b305e7:group-C47B472BB423 changes role from FOLLOWER to FOLLOWER at term 1 for recognizeCandidate:89f59389-d833-4deb-a03d-413db5a1260e
2019-08-27 22:34:27,289 [grpc-default-executor-8] INFO  impl.RoleInfo (RoleInfo.java:shutdownFollowerState(121)) - 506fee67-9f81-4cae-aaf5-08e8c0b305e7: shutdown FollowerState
2019-08-27 22:34:27,289 [grpc-default-executor-8] INFO  impl.RoleInfo (RoleInfo.java:updateAndGet(143)) - 506fee67-9f81-4cae-aaf5-08e8c0b305e7: start FollowerState
2019-08-27 22:34:27,289 [Thread-3751] INFO  impl.FollowerState (FollowerState.java:run(114)) - 506fee67-9f81-4cae-aaf5-08e8c0b305e7: FollowerState was interrupted: java.lang.InterruptedException: sleep interrupted
2019-08-27 22:34:27,297 [5c93a3d6-ac2f-433c-ae21-a0594b3a4eb9:group-C47B472BB423:LeaderElection101] INFO  impl.LeaderElection (LeaderElection.java:askForVotes(181)) - 5c93a3d6-ac2f-433c-ae21-a0594b3a4eb9:group-C47B472BB423:LeaderElection101: begin an election at term 1 for -1: [506fee67-9f81-4cae-aaf5-08e8c0b305e7:192.168.36.82:44257, 5c93a3d6-ac2f-433c-ae21-a0594b3a4eb9:192.168.36.82:44528, 89f59389-d833-4deb-a03d-413db5a1260e:192.168.36.82:43095], old=null
2019-08-27 22:34:27,301 [89f59389-d833-4deb-a03d-413db5a1260e:group-C47B472BB423:LeaderElection100] INFO  impl.LeaderElection (LeaderElection.java:logAndReturn(56)) - 89f59389-d833-4deb-a03d-413db5a1260e:group-C47B472BB423:LeaderElection100: Election PASSED; received 2 response(s) [89f59389-d833-4deb-a03d-413db5a1260e<-506fee67-9f81-4cae-aaf5-08e8c0b305e7#0:OK-t1, 89f59389-d833-4deb-a03d-413db5a1260e<-5c93a3d6-ac2f-433c-ae21-a0594b3a4eb9#0:FAIL-t1] and 0 exception(s); 89f59389-d833-4deb-a03d-413db5a1260e:t1, leader=null, voted=89f59389-d833-4deb-a03d-413db5a1260e, raftlog=89f59389-d833-4deb-a03d-413db5a1260e-SegmentedRaftLog:OPENED:c-1,f-1,i0, conf=-1: [506fee67-9f81-4cae-aaf5-08e8c0b305e7:192.168.36.82:44257, 5c93a3d6-ac2f-433c-ae21-a0594b3a4eb9:192.168.36.82:44528, 89f59389-d833-4deb-a03d-413db5a1260e:192.168.36.82:43095], old=null
2019-08-27 22:34:27,301 [89f59389-d833-4deb-a03d-413db5a1260e:group-C47B472BB423:LeaderElection100] INFO  impl.RoleInfo (RoleInfo.java:shutdownLeaderElection(134)) - 89f59389-d833-4deb-a03d-413db5a1260e: shutdown LeaderElection
2019-08-27 22:34:27,302 [89f59389-d833-4deb-a03d-413db5a1260e:group-C47B472BB423:LeaderElection100] INFO  impl.RaftServerImpl (RaftServerImpl.java:setRole(171)) - 89f59389-d833-4deb-a03d-413db5a1260e:group-C47B472BB423 changes role from CANDIDATE to LEADER at term 1 for changeToLeader
2019-08-27 22:34:27,302 [89f59389-d833-4deb-a03d-413db5a1260e:group-C47B472BB423:LeaderElection100] INFO  impl.RaftServerImpl (ServerState.java:setLeader(263)) - 89f59389-d833-4deb-a03d-413db5a1260e:group-C47B472BB423 change Leader from null to 89f59389-d833-4deb-a03d-413db5a1260e at term 1 for becomeLeader, leader elected after 5201ms
2019-08-27 22:34:27,302 [89f59389-d833-4deb-a03d-413db5a1260e:group-C47B472BB423:LeaderElection100] INFO  server.RaftServerConfigKeys (ConfUtils.java:logGet(43)) - raft.server.staging.catchup.gap = 1000 (default)
2019-08-27 22:34:27,302 [5c93a3d6-ac2f-433c-ae21-a0594b3a4eb9:group-C47B472BB423:LeaderElection101] INFO  impl.LeaderElection (LeaderElection.java:logAndReturn(56)) - 5c93a3d6-ac2f-433c-ae21-a0594b3a4eb9:group-C47B472BB423:LeaderElection101: Election REJECTED; received 2 response(s) [5c93a3d6-ac2f-433c-ae21-a0594b3a4eb9<-506fee67-9f81-4cae-aaf5-08e8c0b305e7#0:FAIL-t1, 5c93a3d6-ac2f-433c-ae21-a0594b3a4eb9<-89f59389-d833-4deb-a03d-413db5a1260e#0:FAIL-t1] and 0 exception(s); 5c93a3d6-ac2f-433c-ae21-a0594b3a4eb9:t1, leader=null, voted=5c93a3d6-ac2f-433c-ae21-a0594b3a4eb9, raftlog=5c93a3d6-ac2f-433c-ae21-a0594b3a4eb9-SegmentedRaftLog:OPENED:c-1,f-1,i0, conf=-1: [506fee67-9f81-4cae-aaf5-08e8c0b305e7:192.168.36.82:44257, 5c93a3d6-ac2f-433c-ae21-a0594b3a4eb9:192.168.36.82:44528, 89f59389-d833-4deb-a03d-413db5a1260e:192.168.36.82:43095], old=null
2019-08-27 22:34:27,302 [89f59389-d833-4deb-a03d-413db5a1260e:group-C47B472BB423:LeaderElection100] INFO  server.RaftServerConfigKeys (ConfUtils.java:logGet(43)) - raft.server.rpc.sleep.time = 25ms (default)
2019-08-27 22:34:27,302 [5c93a3d6-ac2f-433c-ae21-a0594b3a4eb9:group-C47B472BB423:LeaderElection101] INFO  impl.RaftServerImpl (RaftServerImpl.java:setRole(171)) - 5c93a3d6-ac2f-433c-ae21-a0594b3a4eb9:group-C47B472BB423 changes role from CANDIDATE to FOLLOWER at term 1 for DISCOVERED_A_NEW_TERM
2019-08-27 22:34:27,302 [89f59389-d833-4deb-a03d-413db5a1260e:group-C47B472BB423:LeaderElection100] INFO  server.RaftServerConfigKeys (ConfUtils.java:logGet(43)) - raft.server.write.element-limit = 4096 (default)
2019-08-27 22:34:27,302 [5c93a3d6-ac2f-433c-ae21-a0594b3a4eb9:group-C47B472BB423:LeaderElection101] INFO  impl.RoleInfo (RoleInfo.java:shutdownLeaderElection(134)) - 5c93a3d6-ac2f-433c-ae21-a0594b3a4eb9: shutdown LeaderElection
2019-08-27 22:34:27,303 [89f59389-d833-4deb-a03d-413db5a1260e:group-C47B472BB423:LeaderElection100] INFO  server.RaftServerConfigKeys (ConfUtils.java:logGet(43)) - raft.server.watch.timeout = 10s (default)
2019-08-27 22:34:27,303 [5c93a3d6-ac2f-433c-ae21-a0594b3a4eb9:group-C47B472BB423:LeaderElection101] INFO  impl.RoleInfo (RoleInfo.java:updateAndGet(143)) - 5c93a3d6-ac2f-433c-ae21-a0594b3a4eb9: start FollowerState
2019-08-27 22:34:27,303 [89f59389-d833-4deb-a03d-413db5a1260e:group-C47B472BB423:LeaderElection100] INFO  server.RaftServerConfigKeys (ConfUtils.java:logGet(43)) - raft.server.watch.timeout.denomination = 1s (default)
2019-08-27 22:34:27,303 [89f59389-d833-4deb-a03d-413db5a1260e:group-C47B472BB423:LeaderElection100] INFO  server.RaftServerConfigKeys (ConfUtils.java:logGet(43)) - raft.server.watch.element-limit = 65536 (default)
2019-08-27 22:34:27,303 | INFO  | SCMAudit | user=jenkins1000 | ip=192.168.36.82 | op=SEND_HEARTBEAT {datanodeUUID=548722b6-cbc9-4ce8-a377-29ae8acd3811, command=[]} | ret=SUCCESS |  
2019-08-27 22:34:27,303 [89f59389-d833-4deb-a03d-413db5a1260e:group-C47B472BB423:LeaderElection100] INFO  server.RaftServerConfigKeys (ConfUtils.java:logGet(43)) - raft.server.log.appender.snapshot.chunk.size.max = 16MB (=16777216) (default)
2019-08-27 22:34:27,304 [89f59389-d833-4deb-a03d-413db5a1260e:group-C47B472BB423:LeaderElection100] INFO  server.RaftServerConfigKeys (ConfUtils.java:logGet(43)) - raft.server.log.appender.buffer.byte-limit = 33554432 (custom)
2019-08-27 22:34:27,304 [89f59389-d833-4deb-a03d-413db5a1260e:group-C47B472BB423:LeaderElection100] INFO  server.RaftServerConfigKeys (ConfUtils.java:logGet(43)) - raft.server.log.appender.buffer.element-limit = 1 (custom)
2019-08-27 22:34:27,304 [89f59389-d833-4deb-a03d-413db5a1260e:group-C47B472BB423:LeaderElection100] INFO  grpc.GrpcConfigKeys$Server (ConfUtils.java:logGet(43)) - raft.grpc.server.leader.outstanding.appends.max = 128 (default)
2019-08-27 22:34:27,304 [89f59389-d833-4deb-a03d-413db5a1260e:group-C47B472BB423:LeaderElection100] INFO  server.RaftServerConfigKeys (ConfUtils.java:logGet(43)) - raft.server.rpc.request.timeout = 3000ms (default)
2019-08-27 22:34:27,304 [89f59389-d833-4deb-a03d-413db5a1260e:group-C47B472BB423:LeaderElection100] INFO  server.RaftServerConfigKeys (ConfUtils.java:logGet(43)) - raft.server.log.appender.install.snapshot.enabled = false (custom)
2019-08-27 22:34:27,304 [89f59389-d833-4deb-a03d-413db5a1260e:group-C47B472BB423:LeaderElection100] INFO  server.RaftServerConfigKeys (ConfUtils.java:logGet(43)) - raft.server.log.appender.snapshot.chunk.size.max = 16MB (=16777216) (default)
2019-08-27 22:34:27,305 [89f59389-d833-4deb-a03d-413db5a1260e:group-C47B472BB423:LeaderElection100] INFO  server.RaftServerConfigKeys (ConfUtils.java:logGet(43)) - raft.server.log.appender.buffer.byte-limit = 33554432 (custom)
2019-08-27 22:34:27,305 [89f59389-d833-4deb-a03d-413db5a1260e:group-C47B472BB423:LeaderElection100] INFO  server.RaftServerConfigKeys (ConfUtils.java:logGet(43)) - raft.server.log.appender.buffer.element-limit = 1 (custom)
2019-08-27 22:34:27,305 [89f59389-d833-4deb-a03d-413db5a1260e:group-C47B472BB423:LeaderElection100] INFO  grpc.GrpcConfigKeys$Server (ConfUtils.java:logGet(43)) - raft.grpc.server.leader.outstanding.appends.max = 128 (default)
2019-08-27 22:34:27,305 [89f59389-d833-4deb-a03d-413db5a1260e:group-C47B472BB423:LeaderElection100] INFO  server.RaftServerConfigKeys (ConfUtils.java:logGet(43)) - raft.server.rpc.request.timeout = 3000ms (default)
2019-08-27 22:34:27,305 [89f59389-d833-4deb-a03d-413db5a1260e:group-C47B472BB423:LeaderElection100] INFO  server.RaftServerConfigKeys (ConfUtils.java:logGet(43)) - raft.server.log.appender.install.snapshot.enabled = false (custom)
2019-08-27 22:34:27,305 [89f59389-d833-4deb-a03d-413db5a1260e:group-C47B472BB423:LeaderElection100] INFO  impl.RoleInfo (RoleInfo.java:updateAndGet(143)) - 89f59389-d833-4deb-a03d-413db5a1260e: start LeaderState
2019-08-27 22:34:27,305 [89f59389-d833-4deb-a03d-413db5a1260e:group-C47B472BB423:LeaderElection100] INFO  segmented.SegmentedRaftLogWorker (SegmentedRaftLogWorker.java:startLogSegment(380)) - 89f59389-d833-4deb-a03d-413db5a1260e-SegmentedRaftLogWorker:Storage Directory /workdir/hadoop-ozone/integration-test/target/test-dir/MiniOzoneClusterImpl-4bfb73da-a5a9-4fb9-9b48-1b3bedb326df/datanode-4/data/ratis/4ee5b5a7-5761-4a08-92ed-c47b472bb423: Starting segment from index:0
2019-08-27 22:34:27,306 [89f59389-d833-4deb-a03d-413db5a1260e:group-C47B472BB423:LeaderElection100] INFO  impl.RaftServerImpl (ServerState.java:setRaftConf(361)) - 89f59389-d833-4deb-a03d-413db5a1260e:group-C47B472BB423 set configuration 0: [506fee67-9f81-4cae-aaf5-08e8c0b305e7:192.168.36.82:44257, 5c93a3d6-ac2f-433c-ae21-a0594b3a4eb9:192.168.36.82:44528, 89f59389-d833-4deb-a03d-413db5a1260e:192.168.36.82:43095], old=null at 0
2019-08-27 22:34:27,333 [grpc-default-executor-15] INFO  impl.RaftServerImpl (ServerState.java:setLeader(263)) - 506fee67-9f81-4cae-aaf5-08e8c0b305e7:group-C47B472BB423 change Leader from null to 89f59389-d833-4deb-a03d-413db5a1260e at term 1 for appendEntries, leader elected after 5232ms
2019-08-27 22:34:27,334 [grpc-default-executor-8] INFO  impl.RaftServerImpl (ServerState.java:setLeader(263)) - 5c93a3d6-ac2f-433c-ae21-a0594b3a4eb9:group-C47B472BB423 change Leader from null to 89f59389-d833-4deb-a03d-413db5a1260e at term 1 for appendEntries, leader elected after 5233ms
2019-08-27 22:34:27,336 [grpc-default-executor-8] INFO  impl.RaftServerImpl (ServerState.java:setRaftConf(361)) - 506fee67-9f81-4cae-aaf5-08e8c0b305e7:group-C47B472BB423 set configuration 0: [506fee67-9f81-4cae-aaf5-08e8c0b305e7:192.168.36.82:44257, 5c93a3d6-ac2f-433c-ae21-a0594b3a4eb9:192.168.36.82:44528, 89f59389-d833-4deb-a03d-413db5a1260e:192.168.36.82:43095], old=null at 0
2019-08-27 22:34:27,336 [grpc-default-executor-8] INFO  segmented.SegmentedRaftLogWorker (SegmentedRaftLogWorker.java:startLogSegment(380)) - 506fee67-9f81-4cae-aaf5-08e8c0b305e7-SegmentedRaftLogWorker:Storage Directory /workdir/hadoop-ozone/integration-test/target/test-dir/MiniOzoneClusterImpl-4bfb73da-a5a9-4fb9-9b48-1b3bedb326df/datanode-5/data/ratis/4ee5b5a7-5761-4a08-92ed-c47b472bb423: Starting segment from index:0
2019-08-27 22:34:27,336 [grpc-default-executor-15] INFO  impl.RaftServerImpl (ServerState.java:setRaftConf(361)) - 5c93a3d6-ac2f-433c-ae21-a0594b3a4eb9:group-C47B472BB423 set configuration 0: [506fee67-9f81-4cae-aaf5-08e8c0b305e7:192.168.36.82:44257, 5c93a3d6-ac2f-433c-ae21-a0594b3a4eb9:192.168.36.82:44528, 89f59389-d833-4deb-a03d-413db5a1260e:192.168.36.82:43095], old=null at 0
2019-08-27 22:34:27,336 [grpc-default-executor-15] INFO  segmented.SegmentedRaftLogWorker (SegmentedRaftLogWorker.java:startLogSegment(380)) - 5c93a3d6-ac2f-433c-ae21-a0594b3a4eb9-SegmentedRaftLogWorker:Storage Directory /workdir/hadoop-ozone/integration-test/target/test-dir/MiniOzoneClusterImpl-4bfb73da-a5a9-4fb9-9b48-1b3bedb326df/datanode-3/data/ratis/4ee5b5a7-5761-4a08-92ed-c47b472bb423: Starting segment from index:0
2019-08-27 22:34:27,404 [89f59389-d833-4deb-a03d-413db5a1260e-SegmentedRaftLogWorker:Storage Directory /workdir/hadoop-ozone/integration-test/target/test-dir/MiniOzoneClusterImpl-4bfb73da-a5a9-4fb9-9b48-1b3bedb326df/datanode-4/data/ratis/4ee5b5a7-5761-4a08-92ed-c47b472bb423] INFO  segmented.SegmentedRaftLogWorker (SegmentedRaftLogWorker.java:execute(569)) - 89f59389-d833-4deb-a03d-413db5a1260e-SegmentedRaftLogWorker:Storage Directory /workdir/hadoop-ozone/integration-test/target/test-dir/MiniOzoneClusterImpl-4bfb73da-a5a9-4fb9-9b48-1b3bedb326df/datanode-4/data/ratis/4ee5b5a7-5761-4a08-92ed-c47b472bb423: created new log segment /workdir/hadoop-ozone/integration-test/target/test-dir/MiniOzoneClusterImpl-4bfb73da-a5a9-4fb9-9b48-1b3bedb326df/datanode-4/data/ratis/4ee5b5a7-5761-4a08-92ed-c47b472bb423/current/log_inprogress_0
2019-08-27 22:34:27,404 [506fee67-9f81-4cae-aaf5-08e8c0b305e7-SegmentedRaftLogWorker:Storage Directory /workdir/hadoop-ozone/integration-test/target/test-dir/MiniOzoneClusterImpl-4bfb73da-a5a9-4fb9-9b48-1b3bedb326df/datanode-5/data/ratis/ae5a08a7-ba40-4d07-b9e8-f247081c4f6e] INFO  segmented.SegmentedRaftLogWorker (SegmentedRaftLogWorker.java:execute(569)) - 506fee67-9f81-4cae-aaf5-08e8c0b305e7-SegmentedRaftLogWorker:Storage Directory /workdir/hadoop-ozone/integration-test/target/test-dir/MiniOzoneClusterImpl-4bfb73da-a5a9-4fb9-9b48-1b3bedb326df/datanode-5/data/ratis/ae5a08a7-ba40-4d07-b9e8-f247081c4f6e: created new log segment /workdir/hadoop-ozone/integration-test/target/test-dir/MiniOzoneClusterImpl-4bfb73da-a5a9-4fb9-9b48-1b3bedb326df/datanode-5/data/ratis/ae5a08a7-ba40-4d07-b9e8-f247081c4f6e/current/log_inprogress_0
2019-08-27 22:34:27,457 [506fee67-9f81-4cae-aaf5-08e8c0b305e7-SegmentedRaftLogWorker:Storage Directory /workdir/hadoop-ozone/integration-test/target/test-dir/MiniOzoneClusterImpl-4bfb73da-a5a9-4fb9-9b48-1b3bedb326df/datanode-5/data/ratis/4ee5b5a7-5761-4a08-92ed-c47b472bb423] INFO  segmented.SegmentedRaftLogWorker (SegmentedRaftLogWorker.java:execute(569)) - 506fee67-9f81-4cae-aaf5-08e8c0b305e7-SegmentedRaftLogWorker:Storage Directory /workdir/hadoop-ozone/integration-test/target/test-dir/MiniOzoneClusterImpl-4bfb73da-a5a9-4fb9-9b48-1b3bedb326df/datanode-5/data/ratis/4ee5b5a7-5761-4a08-92ed-c47b472bb423: created new log segment /workdir/hadoop-ozone/integration-test/target/test-dir/MiniOzoneClusterImpl-4bfb73da-a5a9-4fb9-9b48-1b3bedb326df/datanode-5/data/ratis/4ee5b5a7-5761-4a08-92ed-c47b472bb423/current/log_inprogress_0
2019-08-27 22:34:27,457 [5c93a3d6-ac2f-433c-ae21-a0594b3a4eb9-SegmentedRaftLogWorker:Storage Directory /workdir/hadoop-ozone/integration-test/target/test-dir/MiniOzoneClusterImpl-4bfb73da-a5a9-4fb9-9b48-1b3bedb326df/datanode-3/data/ratis/4ee5b5a7-5761-4a08-92ed-c47b472bb423] INFO  segmented.SegmentedRaftLogWorker (SegmentedRaftLogWorker.java:execute(569)) - 5c93a3d6-ac2f-433c-ae21-a0594b3a4eb9-SegmentedRaftLogWorker:Storage Directory /workdir/hadoop-ozone/integration-test/target/test-dir/MiniOzoneClusterImpl-4bfb73da-a5a9-4fb9-9b48-1b3bedb326df/datanode-3/data/ratis/4ee5b5a7-5761-4a08-92ed-c47b472bb423: created new log segment /workdir/hadoop-ozone/integration-test/target/test-dir/MiniOzoneClusterImpl-4bfb73da-a5a9-4fb9-9b48-1b3bedb326df/datanode-3/data/ratis/4ee5b5a7-5761-4a08-92ed-c47b472bb423/current/log_inprogress_0
2019-08-27 22:34:27,519 | INFO  | SCMAudit | user=jenkins1000 | ip=192.168.36.82 | op=SEND_HEARTBEAT {datanodeUUID=5c93a3d6-ac2f-433c-ae21-a0594b3a4eb9, command=[]} | ret=SUCCESS |  
2019-08-27 22:34:27,714 | INFO  | SCMAudit | user=jenkins1000 | ip=192.168.36.82 | op=SEND_HEARTBEAT {datanodeUUID=89f59389-d833-4deb-a03d-413db5a1260e, command=[]} | ret=SUCCESS |  
2019-08-27 22:34:27,905 | INFO  | SCMAudit | user=jenkins1000 | ip=192.168.36.82 | op=SEND_HEARTBEAT {datanodeUUID=506fee67-9f81-4cae-aaf5-08e8c0b305e7, command=[]} | ret=SUCCESS |  
2019-08-27 22:34:27,948 | INFO  | SCMAudit | user=jenkins1000 | ip=192.168.36.82 | op=SEND_HEARTBEAT {datanodeUUID=9cd9b32c-8455-4cb6-9cfb-b7cb8243d3b0, command=[]} | ret=SUCCESS |  
2019-08-27 22:34:28,094 | INFO  | SCMAudit | user=jenkins1000 | ip=192.168.36.82 | op=SEND_HEARTBEAT {datanodeUUID=3684abad-3f62-4e52-8505-9bc5f15bfb14, command=[]} | ret=SUCCESS |  
2019-08-27 22:34:28,123 | INFO  | SCMAudit | user=jenkins1000 | ip=192.168.36.82 | op=SEND_HEARTBEAT {datanodeUUID=a81afeb8-02c0-499f-ae14-dff73637c02f, command=[]} | ret=SUCCESS |  
2019-08-27 22:34:28,305 | INFO  | SCMAudit | user=jenkins1000 | ip=192.168.36.82 | op=SEND_HEARTBEAT {datanodeUUID=548722b6-cbc9-4ce8-a377-29ae8acd3811, command=[]} | ret=SUCCESS |  
2019-08-27 22:34:28,424 | INFO  | DNAudit | user=null | ip=null | op=WRITE_CHUNK {blockData=conID: 1 locID: 102691324699738126 bcsId: 0} | ret=SUCCESS |  
2019-08-27 22:34:28,424 | INFO  | DNAudit | user=null | ip=null | op=WRITE_CHUNK {blockData=conID: 1 locID: 102691324699738126 bcsId: 0} | ret=SUCCESS |  
2019-08-27 22:34:28,424 | INFO  | DNAudit | user=null | ip=null | op=WRITE_CHUNK {blockData=conID: 1 locID: 102691324699738126 bcsId: 0} | ret=SUCCESS |  
2019-08-27 22:34:28,425 | INFO  | SCMAudit | user=jenkins1000 | ip=192.168.36.82 | op=SEND_HEARTBEAT {datanodeUUID=89f59389-d833-4deb-a03d-413db5a1260e, command=[]} | ret=SUCCESS |  
2019-08-27 22:34:28,425 | INFO  | SCMAudit | user=jenkins1000 | ip=192.168.36.82 | op=SEND_HEARTBEAT {datanodeUUID=5c93a3d6-ac2f-433c-ae21-a0594b3a4eb9, command=[]} | ret=SUCCESS |  
2019-08-27 22:34:28,425 | INFO  | SCMAudit | user=jenkins1000 | ip=192.168.36.82 | op=SEND_HEARTBEAT {datanodeUUID=506fee67-9f81-4cae-aaf5-08e8c0b305e7, command=[]} | ret=SUCCESS |  
2019-08-27 22:34:28,435 | INFO  | DNAudit | user=null | ip=null | op=WRITE_CHUNK {blockData=conID: 1 locID: 102691324699738126 bcsId: 0} | ret=SUCCESS |  
2019-08-27 22:34:28,439 [grpc-default-executor-15] INFO  client.GrpcClientProtocolClient (GrpcClientProtocolClient.java:onNext(255)) - client-9A2C6BAC1252->89f59389-d833-4deb-a03d-413db5a1260e: receive RaftClientReply:client-9A2C6BAC1252->89f59389-d833-4deb-a03d-413db5a1260e@group-C47B472BB423, cid=196, SUCCESS, logIndex=1, commits[89f59389-d833-4deb-a03d-413db5a1260e:c1, 506fee67-9f81-4cae-aaf5-08e8c0b305e7:c0, 5c93a3d6-ac2f-433c-ae21-a0594b3a4eb9:c0]
2019-08-27 22:34:28,442 | INFO  | DNAudit | user=null | ip=null | op=WRITE_CHUNK {blockData=conID: 1 locID: 102691324699738126 bcsId: 0} | ret=SUCCESS |  
2019-08-27 22:34:28,445 | INFO  | DNAudit | user=null | ip=null | op=WRITE_CHUNK {blockData=conID: 1 locID: 102691324699738126 bcsId: 0} | ret=SUCCESS |  
2019-08-27 22:34:28,445 | INFO  | DNAudit | user=null | ip=null | op=WRITE_CHUNK {blockData=conID: 1 locID: 102691324699738126 bcsId: 0} | ret=SUCCESS |  
2019-08-27 22:34:28,446 | INFO  | DNAudit | user=null | ip=null | op=WRITE_CHUNK {blockData=conID: 1 locID: 102691324699738126 bcsId: 0} | ret=SUCCESS |  
2019-08-27 22:34:28,446 | INFO  | DNAudit | user=null | ip=null | op=WRITE_CHUNK {blockData=conID: 1 locID: 102691324699738126 bcsId: 0} | ret=SUCCESS |  
2019-08-27 22:34:28,447 | INFO  | DNAudit | user=null | ip=null | op=WRITE_CHUNK {blockData=conID: 1 locID: 102691324699738126 bcsId: 0} | ret=SUCCESS |  
2019-08-27 22:34:28,447 | INFO  | DNAudit | user=null | ip=null | op=WRITE_CHUNK {blockData=conID: 1 locID: 102691324699738126 bcsId: 0} | ret=SUCCESS |  
2019-08-27 22:34:28,447 | INFO  | DNAudit | user=null | ip=null | op=WRITE_CHUNK {blockData=conID: 1 locID: 102691324699738126 bcsId: 0} | ret=SUCCESS |  
2019-08-27 22:34:28,448 | INFO  | DNAudit | user=null | ip=null | op=WRITE_CHUNK {blockData=conID: 1 locID: 102691324699738126 bcsId: 0} | ret=SUCCESS |  
2019-08-27 22:34:28,448 | INFO  | DNAudit | user=null | ip=null | op=WRITE_CHUNK {blockData=conID: 1 locID: 102691324699738126 bcsId: 0} | ret=SUCCESS |  
2019-08-27 22:34:28,448 | INFO  | DNAudit | user=null | ip=null | op=WRITE_CHUNK {blockData=conID: 1 locID: 102691324699738126 bcsId: 0} | ret=SUCCESS |  
2019-08-27 22:34:28,451 | INFO  | DNAudit | user=null | ip=null | op=WRITE_CHUNK {blockData=conID: 1 locID: 102691324699738126 bcsId: 0} | ret=SUCCESS |  
2019-08-27 22:34:28,454 [grpc-default-executor-16] INFO  client.GrpcClientProtocolClient (GrpcClientProtocolClient.java:onNext(255)) - client-9A2C6BAC1252->89f59389-d833-4deb-a03d-413db5a1260e: receive RaftClientReply:client-9A2C6BAC1252->89f59389-d833-4deb-a03d-413db5a1260e@group-C47B472BB423, cid=197, SUCCESS, logIndex=3, commits[89f59389-d833-4deb-a03d-413db5a1260e:c3, 506fee67-9f81-4cae-aaf5-08e8c0b305e7:c1, 5c93a3d6-ac2f-433c-ae21-a0594b3a4eb9:c1]
2019-08-27 22:34:28,456 | INFO  | DNAudit | user=null | ip=null | op=WRITE_CHUNK {blockData=conID: 1 locID: 102691324699738126 bcsId: 0} | ret=SUCCESS |  
2019-08-27 22:34:28,486 | INFO  | DNAudit | user=null | ip=null | op=WRITE_CHUNK {blockData=conID: 1 locID: 102691324699738126 bcsId: 0} | ret=SUCCESS |  
2019-08-27 22:34:28,538 | INFO  | DNAudit | user=null | ip=null | op=PUT_BLOCK {blockData=[blockId=conID: 1 locID: 102691324699738126 bcsId: 0,size=200]} | ret=SUCCESS |  
2019-08-27 22:34:28,538 | INFO  | DNAudit | user=null | ip=null | op=WRITE_CHUNK {blockData=conID: 1 locID: 102691324699738126 bcsId: 0} | ret=SUCCESS |  
2019-08-27 22:34:28,539 | INFO  | DNAudit | user=null | ip=null | op=WRITE_CHUNK {blockData=conID: 1 locID: 102691324699738126 bcsId: 0} | ret=SUCCESS |  
2019-08-27 22:34:28,547 [grpc-default-executor-15] INFO  client.GrpcClientProtocolClient (GrpcClientProtocolClient.java:onNext(255)) - client-9A2C6BAC1252->89f59389-d833-4deb-a03d-413db5a1260e: receive RaftClientReply:client-9A2C6BAC1252->89f59389-d833-4deb-a03d-413db5a1260e@group-C47B472BB423, cid=198, SUCCESS, logIndex=4, commits[89f59389-d833-4deb-a03d-413db5a1260e:c12, 506fee67-9f81-4cae-aaf5-08e8c0b305e7:c7, 5c93a3d6-ac2f-433c-ae21-a0594b3a4eb9:c7]
2019-08-27 22:34:28,548 [grpc-default-executor-15] INFO  client.GrpcClientProtocolClient (GrpcClientProtocolClient.java:onNext(255)) - client-9A2C6BAC1252->89f59389-d833-4deb-a03d-413db5a1260e: receive RaftClientReply:client-9A2C6BAC1252->89f59389-d833-4deb-a03d-413db5a1260e@group-C47B472BB423, cid=199, SUCCESS, logIndex=5, commits[89f59389-d833-4deb-a03d-413db5a1260e:c12, 506fee67-9f81-4cae-aaf5-08e8c0b305e7:c7, 5c93a3d6-ac2f-433c-ae21-a0594b3a4eb9:c7]
2019-08-27 22:34:28,548 [grpc-default-executor-15] INFO  client.GrpcClientProtocolClient (GrpcClientProtocolClient.java:onNext(255)) - client-9A2C6BAC1252->89f59389-d833-4deb-a03d-413db5a1260e: receive RaftClientReply:client-9A2C6BAC1252->89f59389-d833-4deb-a03d-413db5a1260e@group-C47B472BB423, cid=200, SUCCESS, logIndex=6, commits[89f59389-d833-4deb-a03d-413db5a1260e:c12, 506fee67-9f81-4cae-aaf5-08e8c0b305e7:c7, 5c93a3d6-ac2f-433c-ae21-a0594b3a4eb9:c7]
2019-08-27 22:34:28,569 | INFO  | DNAudit | user=null | ip=null | op=PUT_BLOCK {blockData=[blockId=conID: 1 locID: 102691324699738126 bcsId: 0,size=200]} | ret=SUCCESS |  
2019-08-27 22:34:28,570 | INFO  | DNAudit | user=null | ip=null | op=WRITE_CHUNK {blockData=conID: 1 locID: 102691324699738126 bcsId: 0} | ret=SUCCESS |  
2019-08-27 22:34:28,570 | INFO  | DNAudit | user=null | ip=null | op=WRITE_CHUNK {blockData=conID: 1 locID: 102691324699738126 bcsId: 0} | ret=SUCCESS |  
2019-08-27 22:34:28,592 | INFO  | DNAudit | user=null | ip=null | op=PUT_BLOCK {blockData=[blockId=conID: 1 locID: 102691324699738126 bcsId: 0,size=400]} | ret=SUCCESS |  
2019-08-27 22:34:28,592 | INFO  | DNAudit | user=null | ip=null | op=PUT_BLOCK {blockData=[blockId=conID: 1 locID: 102691324699738126 bcsId: 0,size=400]} | ret=SUCCESS |  
2019-08-27 22:34:28,593 [grpc-default-executor-15] INFO  client.GrpcClientProtocolClient (GrpcClientProtocolClient.java:onNext(255)) - client-9A2C6BAC1252->89f59389-d833-4deb-a03d-413db5a1260e: receive RaftClientReply:client-9A2C6BAC1252->89f59389-d833-4deb-a03d-413db5a1260e@group-C47B472BB423, cid=201, SUCCESS, logIndex=7, commits[89f59389-d833-4deb-a03d-413db5a1260e:c12, 506fee67-9f81-4cae-aaf5-08e8c0b305e7:c7, 5c93a3d6-ac2f-433c-ae21-a0594b3a4eb9:c7]
2019-08-27 22:34:28,596 | INFO  | DNAudit | user=null | ip=null | op=WRITE_CHUNK {blockData=conID: 1 locID: 102691324699738126 bcsId: 7} | ret=SUCCESS |  
2019-08-27 22:34:28,598 | INFO  | DNAudit | user=null | ip=null | op=WRITE_CHUNK {blockData=conID: 1 locID: 102691324699738126 bcsId: 7} | ret=SUCCESS |  
2019-08-27 22:34:28,598 | INFO  | DNAudit | user=null | ip=null | op=WRITE_CHUNK {blockData=conID: 1 locID: 102691324699738126 bcsId: 7} | ret=SUCCESS |  
2019-08-27 22:34:28,604 | INFO  | DNAudit | user=null | ip=null | op=PUT_BLOCK {blockData=[blockId=conID: 1 locID: 102691324699738126 bcsId: 0,size=200]} | ret=SUCCESS |  
2019-08-27 22:34:28,605 | INFO  | DNAudit | user=null | ip=null | op=WRITE_CHUNK {blockData=conID: 1 locID: 102691324699738126 bcsId: 0} | ret=SUCCESS |  
2019-08-27 22:34:28,605 | INFO  | DNAudit | user=null | ip=null | op=WRITE_CHUNK {blockData=conID: 1 locID: 102691324699738126 bcsId: 0} | ret=SUCCESS |  
2019-08-27 22:34:28,605 | INFO  | DNAudit | user=null | ip=null | op=PUT_BLOCK {blockData=[blockId=conID: 1 locID: 102691324699738126 bcsId: 0,size=400]} | ret=SUCCESS |  
2019-08-27 22:34:28,617 | INFO  | DNAudit | user=null | ip=null | op=WRITE_CHUNK {blockData=conID: 1 locID: 102691324699738126 bcsId: 7} | ret=SUCCESS |  
2019-08-27 22:34:28,622 | INFO  | DNAudit | user=null | ip=null | op=PUT_BLOCK {blockData=[blockId=conID: 1 locID: 102691324699738126 bcsId: 0,size=450]} | ret=SUCCESS |  
2019-08-27 22:34:28,623 [grpc-default-executor-12] INFO  client.GrpcClientProtocolClient (GrpcClientProtocolClient.java:onNext(255)) - client-9A2C6BAC1252->89f59389-d833-4deb-a03d-413db5a1260e: receive RaftClientReply:client-9A2C6BAC1252->89f59389-d833-4deb-a03d-413db5a1260e@group-C47B472BB423, cid=202, SUCCESS, logIndex=13, commits[89f59389-d833-4deb-a03d-413db5a1260e:c14, 506fee67-9f81-4cae-aaf5-08e8c0b305e7:c12, 5c93a3d6-ac2f-433c-ae21-a0594b3a4eb9:c12]
2019-08-27 22:34:28,623 [grpc-default-executor-12] INFO  client.GrpcClientProtocolClient (GrpcClientProtocolClient.java:onNext(255)) - client-9A2C6BAC1252->89f59389-d833-4deb-a03d-413db5a1260e: receive RaftClientReply:client-9A2C6BAC1252->89f59389-d833-4deb-a03d-413db5a1260e@group-C47B472BB423, cid=203, SUCCESS, logIndex=14, commits[89f59389-d833-4deb-a03d-413db5a1260e:c14, 506fee67-9f81-4cae-aaf5-08e8c0b305e7:c12, 5c93a3d6-ac2f-433c-ae21-a0594b3a4eb9:c12]
2019-08-27 22:34:28,632 | INFO  | DNAudit | user=null | ip=null | op=WRITE_CHUNK {blockData=conID: 1 locID: 102691324699738126 bcsId: 7} | ret=SUCCESS |  
2019-08-27 22:34:28,635 | INFO  | DNAudit | user=null | ip=null | op=WRITE_CHUNK {blockData=conID: 1 locID: 102691324699738126 bcsId: 7} | ret=SUCCESS |  
2019-08-27 22:34:28,637 | INFO  | DNAudit | user=null | ip=null | op=PUT_BLOCK {blockData=[blockId=conID: 1 locID: 102691324699738126 bcsId: 0,size=450]} | ret=SUCCESS |  
2019-08-27 22:34:28,640 | INFO  | DNAudit | user=null | ip=null | op=PUT_BLOCK {blockData=[blockId=conID: 1 locID: 102691324699738126 bcsId: 0,size=450]} | ret=SUCCESS |  
2019-08-27 22:34:28,640 [grpc-default-executor-12] INFO  client.GrpcClientProtocolClient (GrpcClientProtocolClient.java:onNext(255)) - client-9A2C6BAC1252->89f59389-d833-4deb-a03d-413db5a1260e: receive RaftClientReply:client-9A2C6BAC1252->89f59389-d833-4deb-a03d-413db5a1260e@group-C47B472BB423, cid=204, SUCCESS, logIndex=0, commits[89f59389-d833-4deb-a03d-413db5a1260e:c15, 506fee67-9f81-4cae-aaf5-08e8c0b305e7:c14, 5c93a3d6-ac2f-433c-ae21-a0594b3a4eb9:c14]
2019-08-27 22:34:28,641 [main] INFO  datanode.ObjectStoreHandler (ObjectStoreHandler.java:close(155)) - Closing ObjectStoreHandler.
2019-08-27 22:34:28,641 [main] INFO  ozone.HddsDatanodeService (HddsDatanodeService.java:stop(451)) - Stopped plug-in org.apache.hadoop.ozone.web.OzoneHddsDatanodeService@4d71476c
2019-08-27 22:34:28,949 | INFO  | SCMAudit | user=jenkins1000 | ip=192.168.36.82 | op=SEND_HEARTBEAT {datanodeUUID=9cd9b32c-8455-4cb6-9cfb-b7cb8243d3b0, command=[]} | ret=SUCCESS |  
2019-08-27 22:34:29,094 | INFO  | SCMAudit | user=jenkins1000 | ip=192.168.36.82 | op=SEND_HEARTBEAT {datanodeUUID=3684abad-3f62-4e52-8505-9bc5f15bfb14, command=[]} | ret=SUCCESS |  
2019-08-27 22:34:29,123 | INFO  | SCMAudit | user=jenkins1000 | ip=192.168.36.82 | op=SEND_HEARTBEAT {datanodeUUID=a81afeb8-02c0-499f-ae14-dff73637c02f, command=[]} | ret=SUCCESS |  
2019-08-27 22:34:29,303 | INFO  | SCMAudit | user=jenkins1000 | ip=192.168.36.82 | op=SEND_HEARTBEAT {datanodeUUID=548722b6-cbc9-4ce8-a377-29ae8acd3811, command=[]} | ret=SUCCESS |  
2019-08-27 22:34:29,424 | INFO  | SCMAudit | user=jenkins1000 | ip=192.168.36.82 | op=SEND_HEARTBEAT {datanodeUUID=506fee67-9f81-4cae-aaf5-08e8c0b305e7, command=[]} | ret=SUCCESS |  
2019-08-27 22:34:29,424 [Datanode State Machine Thread - 0] INFO  statemachine.DatanodeStateMachine (DatanodeStateMachine.java:lambda$startDaemon$0(350)) - Ozone container server started.
2019-08-27 22:34:29,425 | INFO  | SCMAudit | user=jenkins1000 | ip=192.168.36.82 | op=SEND_HEARTBEAT {datanodeUUID=5c93a3d6-ac2f-433c-ae21-a0594b3a4eb9, command=[]} | ret=SUCCESS |  
2019-08-27 22:34:29,949 | INFO  | SCMAudit | user=jenkins1000 | ip=192.168.36.82 | op=SEND_HEARTBEAT {datanodeUUID=9cd9b32c-8455-4cb6-9cfb-b7cb8243d3b0, command=[]} | ret=SUCCESS |  
2019-08-27 22:34:30,094 | INFO  | SCMAudit | user=jenkins1000 | ip=192.168.36.82 | op=SEND_HEARTBEAT {datanodeUUID=3684abad-3f62-4e52-8505-9bc5f15bfb14, command=[]} | ret=SUCCESS |  
2019-08-27 22:34:30,124 | INFO  | SCMAudit | user=jenkins1000 | ip=192.168.36.82 | op=SEND_HEARTBEAT {datanodeUUID=a81afeb8-02c0-499f-ae14-dff73637c02f, command=[]} | ret=SUCCESS |  
2019-08-27 22:34:30,303 | INFO  | SCMAudit | user=jenkins1000 | ip=192.168.36.82 | op=SEND_HEARTBEAT {datanodeUUID=548722b6-cbc9-4ce8-a377-29ae8acd3811, command=[]} | ret=SUCCESS |  
2019-08-27 22:34:30,424 | INFO  | SCMAudit | user=jenkins1000 | ip=192.168.36.82 | op=SEND_HEARTBEAT {datanodeUUID=506fee67-9f81-4cae-aaf5-08e8c0b305e7, command=[]} | ret=SUCCESS |  
2019-08-27 22:34:30,426 | INFO  | SCMAudit | user=jenkins1000 | ip=192.168.36.82 | op=SEND_HEARTBEAT {datanodeUUID=5c93a3d6-ac2f-433c-ae21-a0594b3a4eb9, command=[]} | ret=SUCCESS |  
2019-08-27 22:34:30,949 | INFO  | SCMAudit | user=jenkins1000 | ip=192.168.36.82 | op=SEND_HEARTBEAT {datanodeUUID=9cd9b32c-8455-4cb6-9cfb-b7cb8243d3b0, command=[]} | ret=SUCCESS |  
2019-08-27 22:34:31,094 | INFO  | SCMAudit | user=jenkins1000 | ip=192.168.36.82 | op=SEND_HEARTBEAT {datanodeUUID=3684abad-3f62-4e52-8505-9bc5f15bfb14, command=[]} | ret=SUCCESS |  
2019-08-27 22:34:31,124 | INFO  | SCMAudit | user=jenkins1000 | ip=192.168.36.82 | op=SEND_HEARTBEAT {datanodeUUID=a81afeb8-02c0-499f-ae14-dff73637c02f, command=[]} | ret=SUCCESS |  
2019-08-27 22:34:31,304 | INFO  | SCMAudit | user=jenkins1000 | ip=192.168.36.82 | op=SEND_HEARTBEAT {datanodeUUID=548722b6-cbc9-4ce8-a377-29ae8acd3811, command=[]} | ret=SUCCESS |  
2019-08-27 22:34:31,425 | INFO  | SCMAudit | user=jenkins1000 | ip=192.168.36.82 | op=SEND_HEARTBEAT {datanodeUUID=506fee67-9f81-4cae-aaf5-08e8c0b305e7, command=[]} | ret=SUCCESS |  
2019-08-27 22:34:31,426 | INFO  | SCMAudit | user=jenkins1000 | ip=192.168.36.82 | op=SEND_HEARTBEAT {datanodeUUID=5c93a3d6-ac2f-433c-ae21-a0594b3a4eb9, command=[]} | ret=SUCCESS |  
2019-08-27 22:34:31,763 [Thread-3788] INFO  impl.FollowerState (FollowerState.java:run(106)) - 548722b6-cbc9-4ce8-a377-29ae8acd3811:group-5B423AC2C46D changes to CANDIDATE, lastRpcTime:5106, electionTimeout:5106ms
2019-08-27 22:34:31,763 [Thread-3788] INFO  impl.RoleInfo (RoleInfo.java:shutdownFollowerState(121)) - 548722b6-cbc9-4ce8-a377-29ae8acd3811: shutdown FollowerState
2019-08-27 22:34:31,763 [Thread-3788] INFO  impl.RaftServerImpl (RaftServerImpl.java:setRole(171)) - 548722b6-cbc9-4ce8-a377-29ae8acd3811:group-5B423AC2C46D changes role from FOLLOWER to CANDIDATE at term 1 for changeToCandidate
2019-08-27 22:34:31,763 [Thread-3788] INFO  impl.RoleInfo (RoleInfo.java:updateAndGet(143)) - 548722b6-cbc9-4ce8-a377-29ae8acd3811: start LeaderElection
2019-08-27 22:34:31,767 [Thread-3789] INFO  impl.FollowerState (FollowerState.java:run(106)) - 9cd9b32c-8455-4cb6-9cfb-b7cb8243d3b0:group-5B423AC2C46D changes to CANDIDATE, lastRpcTime:5107, electionTimeout:5107ms
2019-08-27 22:34:31,768 [Thread-3789] INFO  impl.RoleInfo (RoleInfo.java:shutdownFollowerState(121)) - 9cd9b32c-8455-4cb6-9cfb-b7cb8243d3b0: shutdown FollowerState
2019-08-27 22:34:31,768 [Thread-3789] INFO  impl.RaftServerImpl (RaftServerImpl.java:setRole(171)) - 9cd9b32c-8455-4cb6-9cfb-b7cb8243d3b0:group-5B423AC2C46D changes role from FOLLOWER to CANDIDATE at term 1 for changeToCandidate
2019-08-27 22:34:31,768 [Thread-3789] INFO  impl.RoleInfo (RoleInfo.java:updateAndGet(143)) - 9cd9b32c-8455-4cb6-9cfb-b7cb8243d3b0: start LeaderElection
2019-08-27 22:34:31,781 [548722b6-cbc9-4ce8-a377-29ae8acd3811:group-5B423AC2C46D:LeaderElection102] INFO  impl.LeaderElection (LeaderElection.java:askForVotes(181)) - 548722b6-cbc9-4ce8-a377-29ae8acd3811:group-5B423AC2C46D:LeaderElection102: begin an election at term 2 for -1: [a81afeb8-02c0-499f-ae14-dff73637c02f:192.168.36.82:38974, 548722b6-cbc9-4ce8-a377-29ae8acd3811:192.168.36.82:36160, 9cd9b32c-8455-4cb6-9cfb-b7cb8243d3b0:192.168.36.82:44234], old=null
2019-08-27 22:34:31,781 [9cd9b32c-8455-4cb6-9cfb-b7cb8243d3b0:group-5B423AC2C46D:LeaderElection103] INFO  impl.LeaderElection (LeaderElection.java:askForVotes(181)) - 9cd9b32c-8455-4cb6-9cfb-b7cb8243d3b0:group-5B423AC2C46D:LeaderElection103: begin an election at term 2 for -1: [a81afeb8-02c0-499f-ae14-dff73637c02f:192.168.36.82:38974, 548722b6-cbc9-4ce8-a377-29ae8acd3811:192.168.36.82:36160, 9cd9b32c-8455-4cb6-9cfb-b7cb8243d3b0:192.168.36.82:44234], old=null
2019-08-27 22:34:31,784 [grpc-default-executor-15] INFO  impl.RaftServerImpl (RaftServerImpl.java:setRole(171)) - a81afeb8-02c0-499f-ae14-dff73637c02f:group-5B423AC2C46D changes role from FOLLOWER to FOLLOWER at term 2 for recognizeCandidate:548722b6-cbc9-4ce8-a377-29ae8acd3811
2019-08-27 22:34:31,784 [grpc-default-executor-15] INFO  impl.RoleInfo (RoleInfo.java:shutdownFollowerState(121)) - a81afeb8-02c0-499f-ae14-dff73637c02f: shutdown FollowerState
2019-08-27 22:34:31,784 [grpc-default-executor-15] INFO  impl.RoleInfo (RoleInfo.java:updateAndGet(143)) - a81afeb8-02c0-499f-ae14-dff73637c02f: start FollowerState
2019-08-27 22:34:31,784 [Thread-3787] INFO  impl.FollowerState (FollowerState.java:run(114)) - a81afeb8-02c0-499f-ae14-dff73637c02f: FollowerState was interrupted: java.lang.InterruptedException: sleep interrupted
2019-08-27 22:34:31,797 [548722b6-cbc9-4ce8-a377-29ae8acd3811:group-5B423AC2C46D:LeaderElection102] INFO  impl.LeaderElection (LeaderElection.java:logAndReturn(56)) - 548722b6-cbc9-4ce8-a377-29ae8acd3811:group-5B423AC2C46D:LeaderElection102: Election PASSED; received 2 response(s) [548722b6-cbc9-4ce8-a377-29ae8acd3811<-a81afeb8-02c0-499f-ae14-dff73637c02f#0:OK-t2, 548722b6-cbc9-4ce8-a377-29ae8acd3811<-9cd9b32c-8455-4cb6-9cfb-b7cb8243d3b0#0:FAIL-t2] and 0 exception(s); 548722b6-cbc9-4ce8-a377-29ae8acd3811:t2, leader=null, voted=548722b6-cbc9-4ce8-a377-29ae8acd3811, raftlog=548722b6-cbc9-4ce8-a377-29ae8acd3811-SegmentedRaftLog:OPENED:c-1,f-1,i0, conf=-1: [a81afeb8-02c0-499f-ae14-dff73637c02f:192.168.36.82:38974, 548722b6-cbc9-4ce8-a377-29ae8acd3811:192.168.36.82:36160, 9cd9b32c-8455-4cb6-9cfb-b7cb8243d3b0:192.168.36.82:44234], old=null
2019-08-27 22:34:31,798 [9cd9b32c-8455-4cb6-9cfb-b7cb8243d3b0:group-5B423AC2C46D:LeaderElection103] INFO  impl.LeaderElection (LeaderElection.java:logAndReturn(56)) - 9cd9b32c-8455-4cb6-9cfb-b7cb8243d3b0:group-5B423AC2C46D:LeaderElection103: Election REJECTED; received 2 response(s) [9cd9b32c-8455-4cb6-9cfb-b7cb8243d3b0<-a81afeb8-02c0-499f-ae14-dff73637c02f#0:FAIL-t2, 9cd9b32c-8455-4cb6-9cfb-b7cb8243d3b0<-548722b6-cbc9-4ce8-a377-29ae8acd3811#0:FAIL-t2] and 0 exception(s); 9cd9b32c-8455-4cb6-9cfb-b7cb8243d3b0:t2, leader=null, voted=9cd9b32c-8455-4cb6-9cfb-b7cb8243d3b0, raftlog=9cd9b32c-8455-4cb6-9cfb-b7cb8243d3b0-SegmentedRaftLog:OPENED:c-1,f-1,i0, conf=-1: [a81afeb8-02c0-499f-ae14-dff73637c02f:192.168.36.82:38974, 548722b6-cbc9-4ce8-a377-29ae8acd3811:192.168.36.82:36160, 9cd9b32c-8455-4cb6-9cfb-b7cb8243d3b0:192.168.36.82:44234], old=null
2019-08-27 22:34:31,798 [548722b6-cbc9-4ce8-a377-29ae8acd3811:group-5B423AC2C46D:LeaderElection102] INFO  impl.RoleInfo (RoleInfo.java:shutdownLeaderElection(134)) - 548722b6-cbc9-4ce8-a377-29ae8acd3811: shutdown LeaderElection
2019-08-27 22:34:31,798 [9cd9b32c-8455-4cb6-9cfb-b7cb8243d3b0:group-5B423AC2C46D:LeaderElection103] INFO  impl.RaftServerImpl (RaftServerImpl.java:setRole(171)) - 9cd9b32c-8455-4cb6-9cfb-b7cb8243d3b0:group-5B423AC2C46D changes role from CANDIDATE to FOLLOWER at term 2 for DISCOVERED_A_NEW_TERM
2019-08-27 22:34:31,798 [548722b6-cbc9-4ce8-a377-29ae8acd3811:group-5B423AC2C46D:LeaderElection102] INFO  impl.RaftServerImpl (RaftServerImpl.java:setRole(171)) - 548722b6-cbc9-4ce8-a377-29ae8acd3811:group-5B423AC2C46D changes role from CANDIDATE to LEADER at term 2 for changeToLeader
2019-08-27 22:34:31,798 [9cd9b32c-8455-4cb6-9cfb-b7cb8243d3b0:group-5B423AC2C46D:LeaderElection103] INFO  impl.RoleInfo (RoleInfo.java:shutdownLeaderElection(134)) - 9cd9b32c-8455-4cb6-9cfb-b7cb8243d3b0: shutdown LeaderElection
2019-08-27 22:34:31,798 [548722b6-cbc9-4ce8-a377-29ae8acd3811:group-5B423AC2C46D:LeaderElection102] INFO  impl.RaftServerImpl (ServerState.java:setLeader(263)) - 548722b6-cbc9-4ce8-a377-29ae8acd3811:group-5B423AC2C46D change Leader from null to 548722b6-cbc9-4ce8-a377-29ae8acd3811 at term 2 for becomeLeader, leader elected after 10311ms
2019-08-27 22:34:31,798 [9cd9b32c-8455-4cb6-9cfb-b7cb8243d3b0:group-5B423AC2C46D:LeaderElection103] INFO  impl.RoleInfo (RoleInfo.java:updateAndGet(143)) - 9cd9b32c-8455-4cb6-9cfb-b7cb8243d3b0: start FollowerState
2019-08-27 22:34:31,799 [548722b6-cbc9-4ce8-a377-29ae8acd3811:group-5B423AC2C46D:LeaderElection102] INFO  server.RaftServerConfigKeys (ConfUtils.java:logGet(43)) - raft.server.staging.catchup.gap = 1000 (default)
2019-08-27 22:34:31,799 [548722b6-cbc9-4ce8-a377-29ae8acd3811:group-5B423AC2C46D:LeaderElection102] INFO  server.RaftServerConfigKeys (ConfUtils.java:logGet(43)) - raft.server.rpc.sleep.time = 25ms (default)
2019-08-27 22:34:31,799 [548722b6-cbc9-4ce8-a377-29ae8acd3811:group-5B423AC2C46D:LeaderElection102] INFO  server.RaftServerConfigKeys (ConfUtils.java:logGet(43)) - raft.server.write.element-limit = 4096 (default)
2019-08-27 22:34:31,799 [548722b6-cbc9-4ce8-a377-29ae8acd3811:group-5B423AC2C46D:LeaderElection102] INFO  server.RaftServerConfigKeys (ConfUtils.java:logGet(43)) - raft.server.watch.timeout = 10s (default)
2019-08-27 22:34:31,799 [548722b6-cbc9-4ce8-a377-29ae8acd3811:group-5B423AC2C46D:LeaderElection102] INFO  server.RaftServerConfigKeys (ConfUtils.java:logGet(43)) - raft.server.watch.timeout.denomination = 1s (default)
2019-08-27 22:34:31,799 [548722b6-cbc9-4ce8-a377-29ae8acd3811:group-5B423AC2C46D:LeaderElection102] INFO  server.RaftServerConfigKeys (ConfUtils.java:logGet(43)) - raft.server.watch.element-limit = 65536 (default)
2019-08-27 22:34:31,800 [548722b6-cbc9-4ce8-a377-29ae8acd3811:group-5B423AC2C46D:LeaderElection102] INFO  server.RaftServerConfigKeys (ConfUtils.java:logGet(43)) - raft.server.log.appender.snapshot.chunk.size.max = 16MB (=16777216) (default)
2019-08-27 22:34:31,800 [548722b6-cbc9-4ce8-a377-29ae8acd3811:group-5B423AC2C46D:LeaderElection102] INFO  server.RaftServerConfigKeys (ConfUtils.java:logGet(43)) - raft.server.log.appender.buffer.byte-limit = 33554432 (custom)
2019-08-27 22:34:31,800 [548722b6-cbc9-4ce8-a377-29ae8acd3811:group-5B423AC2C46D:LeaderElection102] INFO  server.RaftServerConfigKeys (ConfUtils.java:logGet(43)) - raft.server.log.appender.buffer.element-limit = 1 (custom)
2019-08-27 22:34:31,800 [548722b6-cbc9-4ce8-a377-29ae8acd3811:group-5B423AC2C46D:LeaderElection102] INFO  grpc.GrpcConfigKeys$Server (ConfUtils.java:logGet(43)) - raft.grpc.server.leader.outstanding.appends.max = 128 (default)
2019-08-27 22:34:31,800 [548722b6-cbc9-4ce8-a377-29ae8acd3811:group-5B423AC2C46D:LeaderElection102] INFO  server.RaftServerConfigKeys (ConfUtils.java:logGet(43)) - raft.server.rpc.request.timeout = 3000ms (default)
2019-08-27 22:34:31,801 [548722b6-cbc9-4ce8-a377-29ae8acd3811:group-5B423AC2C46D:LeaderElection102] INFO  server.RaftServerConfigKeys (ConfUtils.java:logGet(43)) - raft.server.log.appender.install.snapshot.enabled = false (custom)
2019-08-27 22:34:31,801 [548722b6-cbc9-4ce8-a377-29ae8acd3811:group-5B423AC2C46D:LeaderElection102] INFO  server.RaftServerConfigKeys (ConfUtils.java:logGet(43)) - raft.server.log.appender.snapshot.chunk.size.max = 16MB (=16777216) (default)
2019-08-27 22:34:31,801 [548722b6-cbc9-4ce8-a377-29ae8acd3811:group-5B423AC2C46D:LeaderElection102] INFO  server.RaftServerConfigKeys (ConfUtils.java:logGet(43)) - raft.server.log.appender.buffer.byte-limit = 33554432 (custom)
2019-08-27 22:34:31,801 [548722b6-cbc9-4ce8-a377-29ae8acd3811:group-5B423AC2C46D:LeaderElection102] INFO  server.RaftServerConfigKeys (ConfUtils.java:logGet(43)) - raft.server.log.appender.buffer.element-limit = 1 (custom)
2019-08-27 22:34:31,801 [548722b6-cbc9-4ce8-a377-29ae8acd3811:group-5B423AC2C46D:LeaderElection102] INFO  grpc.GrpcConfigKeys$Server (ConfUtils.java:logGet(43)) - raft.grpc.server.leader.outstanding.appends.max = 128 (default)
2019-08-27 22:34:31,801 [548722b6-cbc9-4ce8-a377-29ae8acd3811:group-5B423AC2C46D:LeaderElection102] INFO  server.RaftServerConfigKeys (ConfUtils.java:logGet(43)) - raft.server.rpc.request.timeout = 3000ms (default)
2019-08-27 22:34:31,802 [548722b6-cbc9-4ce8-a377-29ae8acd3811:group-5B423AC2C46D:LeaderElection102] INFO  server.RaftServerConfigKeys (ConfUtils.java:logGet(43)) - raft.server.log.appender.install.snapshot.enabled = false (custom)
2019-08-27 22:34:31,802 [548722b6-cbc9-4ce8-a377-29ae8acd3811:group-5B423AC2C46D:LeaderElection102] INFO  impl.RoleInfo (RoleInfo.java:updateAndGet(143)) - 548722b6-cbc9-4ce8-a377-29ae8acd3811: start LeaderState
2019-08-27 22:34:31,802 [548722b6-cbc9-4ce8-a377-29ae8acd3811:group-5B423AC2C46D:LeaderElection102] INFO  segmented.SegmentedRaftLogWorker (SegmentedRaftLogWorker.java:startLogSegment(380)) - 548722b6-cbc9-4ce8-a377-29ae8acd3811-SegmentedRaftLogWorker:Storage Directory /workdir/hadoop-ozone/integration-test/target/test-dir/MiniOzoneClusterImpl-4bfb73da-a5a9-4fb9-9b48-1b3bedb326df/datanode-2/data/ratis/8d33e630-643b-41c0-b665-5b423ac2c46d: Starting segment from index:0
2019-08-27 22:34:31,803 [548722b6-cbc9-4ce8-a377-29ae8acd3811:group-5B423AC2C46D:LeaderElection102] INFO  impl.RaftServerImpl (ServerState.java:setRaftConf(361)) - 548722b6-cbc9-4ce8-a377-29ae8acd3811:group-5B423AC2C46D set configuration 0: [a81afeb8-02c0-499f-ae14-dff73637c02f:192.168.36.82:38974, 548722b6-cbc9-4ce8-a377-29ae8acd3811:192.168.36.82:36160, 9cd9b32c-8455-4cb6-9cfb-b7cb8243d3b0:192.168.36.82:44234], old=null at 0
2019-08-27 22:34:31,803 [grpc-default-executor-16] INFO  impl.RaftServerImpl (ServerState.java:setLeader(263)) - a81afeb8-02c0-499f-ae14-dff73637c02f:group-5B423AC2C46D change Leader from null to 548722b6-cbc9-4ce8-a377-29ae8acd3811 at term 2 for appendEntries, leader elected after 10317ms
2019-08-27 22:34:31,804 [grpc-default-executor-15] INFO  impl.RaftServerImpl (ServerState.java:setLeader(263)) - 9cd9b32c-8455-4cb6-9cfb-b7cb8243d3b0:group-5B423AC2C46D change Leader from null to 548722b6-cbc9-4ce8-a377-29ae8acd3811 at term 2 for appendEntries, leader elected after 10317ms
2019-08-27 22:34:31,805 [grpc-default-executor-15] INFO  impl.RaftServerImpl (ServerState.java:setRaftConf(361)) - a81afeb8-02c0-499f-ae14-dff73637c02f:group-5B423AC2C46D set configuration 0: [a81afeb8-02c0-499f-ae14-dff73637c02f:192.168.36.82:38974, 548722b6-cbc9-4ce8-a377-29ae8acd3811:192.168.36.82:36160, 9cd9b32c-8455-4cb6-9cfb-b7cb8243d3b0:192.168.36.82:44234], old=null at 0
2019-08-27 22:34:31,806 [grpc-default-executor-15] INFO  segmented.SegmentedRaftLogWorker (SegmentedRaftLogWorker.java:startLogSegment(380)) - a81afeb8-02c0-499f-ae14-dff73637c02f-SegmentedRaftLogWorker:Storage Directory /workdir/hadoop-ozone/integration-test/target/test-dir/MiniOzoneClusterImpl-4bfb73da-a5a9-4fb9-9b48-1b3bedb326df/datanode-1/data/ratis/8d33e630-643b-41c0-b665-5b423ac2c46d: Starting segment from index:0
2019-08-27 22:34:31,806 [grpc-default-executor-16] INFO  impl.RaftServerImpl (ServerState.java:setRaftConf(361)) - 9cd9b32c-8455-4cb6-9cfb-b7cb8243d3b0:group-5B423AC2C46D set configuration 0: [a81afeb8-02c0-499f-ae14-dff73637c02f:192.168.36.82:38974, 548722b6-cbc9-4ce8-a377-29ae8acd3811:192.168.36.82:36160, 9cd9b32c-8455-4cb6-9cfb-b7cb8243d3b0:192.168.36.82:44234], old=null at 0
2019-08-27 22:34:31,806 [grpc-default-executor-16] INFO  segmented.SegmentedRaftLogWorker (SegmentedRaftLogWorker.java:startLogSegment(380)) - 9cd9b32c-8455-4cb6-9cfb-b7cb8243d3b0-SegmentedRaftLogWorker:Storage Directory /workdir/hadoop-ozone/integration-test/target/test-dir/MiniOzoneClusterImpl-4bfb73da-a5a9-4fb9-9b48-1b3bedb326df/datanode-0/data/ratis/8d33e630-643b-41c0-b665-5b423ac2c46d: Starting segment from index:0
2019-08-27 22:34:31,858 [548722b6-cbc9-4ce8-a377-29ae8acd3811-SegmentedRaftLogWorker:Storage Directory /workdir/hadoop-ozone/integration-test/target/test-dir/MiniOzoneClusterImpl-4bfb73da-a5a9-4fb9-9b48-1b3bedb326df/datanode-2/data/ratis/8d33e630-643b-41c0-b665-5b423ac2c46d] INFO  segmented.SegmentedRaftLogWorker (SegmentedRaftLogWorker.java:execute(569)) - 548722b6-cbc9-4ce8-a377-29ae8acd3811-SegmentedRaftLogWorker:Storage Directory /workdir/hadoop-ozone/integration-test/target/test-dir/MiniOzoneClusterImpl-4bfb73da-a5a9-4fb9-9b48-1b3bedb326df/datanode-2/data/ratis/8d33e630-643b-41c0-b665-5b423ac2c46d: created new log segment /workdir/hadoop-ozone/integration-test/target/test-dir/MiniOzoneClusterImpl-4bfb73da-a5a9-4fb9-9b48-1b3bedb326df/datanode-2/data/ratis/8d33e630-643b-41c0-b665-5b423ac2c46d/current/log_inprogress_0
2019-08-27 22:34:31,858 [9cd9b32c-8455-4cb6-9cfb-b7cb8243d3b0-SegmentedRaftLogWorker:Storage Directory /workdir/hadoop-ozone/integration-test/target/test-dir/MiniOzoneClusterImpl-4bfb73da-a5a9-4fb9-9b48-1b3bedb326df/datanode-0/data/ratis/8d33e630-643b-41c0-b665-5b423ac2c46d] INFO  segmented.SegmentedRaftLogWorker (SegmentedRaftLogWorker.java:execute(569)) - 9cd9b32c-8455-4cb6-9cfb-b7cb8243d3b0-SegmentedRaftLogWorker:Storage Directory /workdir/hadoop-ozone/integration-test/target/test-dir/MiniOzoneClusterImpl-4bfb73da-a5a9-4fb9-9b48-1b3bedb326df/datanode-0/data/ratis/8d33e630-643b-41c0-b665-5b423ac2c46d: created new log segment /workdir/hadoop-ozone/integration-test/target/test-dir/MiniOzoneClusterImpl-4bfb73da-a5a9-4fb9-9b48-1b3bedb326df/datanode-0/data/ratis/8d33e630-643b-41c0-b665-5b423ac2c46d/current/log_inprogress_0
2019-08-27 22:34:31,858 [a81afeb8-02c0-499f-ae14-dff73637c02f-SegmentedRaftLogWorker:Storage Directory /workdir/hadoop-ozone/integration-test/target/test-dir/MiniOzoneClusterImpl-4bfb73da-a5a9-4fb9-9b48-1b3bedb326df/datanode-1/data/ratis/8d33e630-643b-41c0-b665-5b423ac2c46d] INFO  segmented.SegmentedRaftLogWorker (SegmentedRaftLogWorker.java:execute(569)) - a81afeb8-02c0-499f-ae14-dff73637c02f-SegmentedRaftLogWorker:Storage Directory /workdir/hadoop-ozone/integration-test/target/test-dir/MiniOzoneClusterImpl-4bfb73da-a5a9-4fb9-9b48-1b3bedb326df/datanode-1/data/ratis/8d33e630-643b-41c0-b665-5b423ac2c46d: created new log segment /workdir/hadoop-ozone/integration-test/target/test-dir/MiniOzoneClusterImpl-4bfb73da-a5a9-4fb9-9b48-1b3bedb326df/datanode-1/data/ratis/8d33e630-643b-41c0-b665-5b423ac2c46d/current/log_inprogress_0
2019-08-27 22:34:31,949 | INFO  | SCMAudit | user=jenkins1000 | ip=192.168.36.82 | op=SEND_HEARTBEAT {datanodeUUID=9cd9b32c-8455-4cb6-9cfb-b7cb8243d3b0, command=[]} | ret=SUCCESS |  
2019-08-27 22:34:32,094 | INFO  | SCMAudit | user=jenkins1000 | ip=192.168.36.82 | op=SEND_HEARTBEAT {datanodeUUID=3684abad-3f62-4e52-8505-9bc5f15bfb14, command=[]} | ret=SUCCESS |  
2019-08-27 22:34:32,124 | INFO  | SCMAudit | user=jenkins1000 | ip=192.168.36.82 | op=SEND_HEARTBEAT {datanodeUUID=a81afeb8-02c0-499f-ae14-dff73637c02f, command=[]} | ret=SUCCESS |  
2019-08-27 22:34:32,304 | INFO  | SCMAudit | user=jenkins1000 | ip=192.168.36.82 | op=SEND_HEARTBEAT {datanodeUUID=548722b6-cbc9-4ce8-a377-29ae8acd3811, command=[]} | ret=SUCCESS |  
2019-08-27 22:34:32,425 | INFO  | SCMAudit | user=jenkins1000 | ip=192.168.36.82 | op=SEND_HEARTBEAT {datanodeUUID=506fee67-9f81-4cae-aaf5-08e8c0b305e7, command=[]} | ret=SUCCESS |  
2019-08-27 22:34:32,426 | INFO  | SCMAudit | user=jenkins1000 | ip=192.168.36.82 | op=SEND_HEARTBEAT {datanodeUUID=5c93a3d6-ac2f-433c-ae21-a0594b3a4eb9, command=[]} | ret=SUCCESS |  
2019-08-27 22:34:32,949 | INFO  | SCMAudit | user=jenkins1000 | ip=192.168.36.82 | op=SEND_HEARTBEAT {datanodeUUID=9cd9b32c-8455-4cb6-9cfb-b7cb8243d3b0, command=[]} | ret=SUCCESS |  
2019-08-27 22:34:33,094 | INFO  | SCMAudit | user=jenkins1000 | ip=192.168.36.82 | op=SEND_HEARTBEAT {datanodeUUID=3684abad-3f62-4e52-8505-9bc5f15bfb14, command=[]} | ret=SUCCESS |  
2019-08-27 22:34:33,123 | INFO  | SCMAudit | user=jenkins1000 | ip=192.168.36.82 | op=SEND_HEARTBEAT {datanodeUUID=a81afeb8-02c0-499f-ae14-dff73637c02f, command=[]} | ret=SUCCESS |  
2019-08-27 22:34:33,304 | INFO  | SCMAudit | user=jenkins1000 | ip=192.168.36.82 | op=SEND_HEARTBEAT {datanodeUUID=548722b6-cbc9-4ce8-a377-29ae8acd3811, command=[]} | ret=SUCCESS |  
2019-08-27 22:34:33,424 | INFO  | SCMAudit | user=jenkins1000 | ip=192.168.36.82 | op=SEND_HEARTBEAT {datanodeUUID=506fee67-9f81-4cae-aaf5-08e8c0b305e7, command=[]} | ret=SUCCESS |  
2019-08-27 22:34:33,426 | INFO  | SCMAudit | user=jenkins1000 | ip=192.168.36.82 | op=SEND_HEARTBEAT {datanodeUUID=5c93a3d6-ac2f-433c-ae21-a0594b3a4eb9, command=[]} | ret=SUCCESS |  
2019-08-27 22:34:33,441 [EventQueue-StaleNodeForStaleNodeHandler] INFO  node.StaleNodeHandler (StaleNodeHandler.java:onMessage(58)) - Datanode 89f59389-d833-4deb-a03d-413db5a1260e{ip: 192.168.36.82, host: pr-hdds-1935-gfhxc-3829810507, networkLocation: /default-rack, certSerialId: null} moved to stale state. Finalizing its pipelines [PipelineID=4ee5b5a7-5761-4a08-92ed-c47b472bb423, PipelineID=0b5591de-b67f-4b15-9f6e-788d8c191a80]
2019-08-27 22:34:33,441 [EventQueue-StaleNodeForStaleNodeHandler] INFO  pipeline.SCMPipelineManager (SCMPipelineManager.java:finalizeAndDestroyPipeline(309)) - destroying pipeline:Pipeline[ Id: 4ee5b5a7-5761-4a08-92ed-c47b472bb423, Nodes: 89f59389-d833-4deb-a03d-413db5a1260e{ip: 192.168.36.82, host: pr-hdds-1935-gfhxc-3829810507, networkLocation: /default-rack, certSerialId: null}5c93a3d6-ac2f-433c-ae21-a0594b3a4eb9{ip: 192.168.36.82, host: pr-hdds-1935-gfhxc-3829810507, networkLocation: /default-rack, certSerialId: null}506fee67-9f81-4cae-aaf5-08e8c0b305e7{ip: 192.168.36.82, host: pr-hdds-1935-gfhxc-3829810507, networkLocation: /default-rack, certSerialId: null}, Type:RATIS, Factor:THREE, State:OPEN]
2019-08-27 22:34:33,442 [EventQueue-StaleNodeForStaleNodeHandler] INFO  pipeline.PipelineStateManager (PipelineStateManager.java:finalizePipeline(123)) - Pipeline Pipeline[ Id: 4ee5b5a7-5761-4a08-92ed-c47b472bb423, Nodes: 89f59389-d833-4deb-a03d-413db5a1260e{ip: 192.168.36.82, host: pr-hdds-1935-gfhxc-3829810507, networkLocation: /default-rack, certSerialId: null}5c93a3d6-ac2f-433c-ae21-a0594b3a4eb9{ip: 192.168.36.82, host: pr-hdds-1935-gfhxc-3829810507, networkLocation: /default-rack, certSerialId: null}506fee67-9f81-4cae-aaf5-08e8c0b305e7{ip: 192.168.36.82, host: pr-hdds-1935-gfhxc-3829810507, networkLocation: /default-rack, certSerialId: null}, Type:RATIS, Factor:THREE, State:CLOSED] moved to CLOSED state
2019-08-27 22:34:33,442 [EventQueue-StaleNodeForStaleNodeHandler] INFO  pipeline.SCMPipelineManager (SCMPipelineManager.java:finalizeAndDestroyPipeline(309)) - destroying pipeline:Pipeline[ Id: 0b5591de-b67f-4b15-9f6e-788d8c191a80, Nodes: 89f59389-d833-4deb-a03d-413db5a1260e{ip: 192.168.36.82, host: pr-hdds-1935-gfhxc-3829810507, networkLocation: /default-rack, certSerialId: null}, Type:RATIS, Factor:ONE, State:OPEN]
2019-08-27 22:34:33,442 [EventQueue-CloseContainerForCloseContainerEventHandler] INFO  container.CloseContainerEventHandler (CloseContainerEventHandler.java:onMessage(61)) - Close container Event triggered for container : #1
2019-08-27 22:34:33,442 [EventQueue-StaleNodeForStaleNodeHandler] INFO  pipeline.PipelineStateManager (PipelineStateManager.java:finalizePipeline(123)) - Pipeline Pipeline[ Id: 0b5591de-b67f-4b15-9f6e-788d8c191a80, Nodes: 89f59389-d833-4deb-a03d-413db5a1260e{ip: 192.168.36.82, host: pr-hdds-1935-gfhxc-3829810507, networkLocation: /default-rack, certSerialId: null}, Type:RATIS, Factor:ONE, State:CLOSED] moved to CLOSED state
2019-08-27 22:34:33,642 [main] INFO  ozoneimpl.OzoneContainer (OzoneContainer.java:stop(199)) - Attempting to stop container services.
2019-08-27 22:34:33,642 [main] INFO  impl.RaftServerProxy (RaftServerProxy.java:lambda$close$4(314)) - 89f59389-d833-4deb-a03d-413db5a1260e: close
2019-08-27 22:34:33,643 [main] INFO  impl.RaftServerImpl (RaftServerImpl.java:lambda$shutdown$3(245)) - 89f59389-d833-4deb-a03d-413db5a1260e: shutdown group-C47B472BB423
2019-08-27 22:34:33,643 [ForkJoinPool.commonPool-worker-1] INFO  impl.RaftServerImpl (RaftServerImpl.java:lambda$shutdown$3(245)) - 89f59389-d833-4deb-a03d-413db5a1260e: shutdown group-788D8C191A80
2019-08-27 22:34:33,644 [main] INFO  util.JmxRegister (JmxRegister.java:unregister(73)) - Successfully un-registered JMX Bean with object name Ratis:service=RaftServer,group=group-C47B472BB423,id=89f59389-d833-4deb-a03d-413db5a1260e
2019-08-27 22:34:33,644 [ForkJoinPool.commonPool-worker-1] INFO  util.JmxRegister (JmxRegister.java:unregister(73)) - Successfully un-registered JMX Bean with object name Ratis:service=RaftServer,group=group-788D8C191A80,id=89f59389-d833-4deb-a03d-413db5a1260e
2019-08-27 22:34:33,644 [main] INFO  impl.RoleInfo (RoleInfo.java:shutdownLeaderState(104)) - 89f59389-d833-4deb-a03d-413db5a1260e: shutdown LeaderState
2019-08-27 22:34:33,644 [ForkJoinPool.commonPool-worker-1] INFO  impl.RoleInfo (RoleInfo.java:shutdownLeaderState(104)) - 89f59389-d833-4deb-a03d-413db5a1260e: shutdown LeaderState
2019-08-27 22:34:33,650 [org.apache.ratis.server.impl.LogAppender$AppenderDaemon$$Lambda$477/836828760@567920e3] WARN  server.GrpcLogAppender (GrpcLogAppender.java:mayWait(143)) - GrpcLogAppender(89f59389-d833-4deb-a03d-413db5a1260e->506fee67-9f81-4cae-aaf5-08e8c0b305e7): Wait interrupted by java.lang.InterruptedException
2019-08-27 22:34:33,650 [main] INFO  impl.PendingRequests (PendingRequests.java:sendNotLeaderResponses(202)) - 89f59389-d833-4deb-a03d-413db5a1260e-PendingRequests: sendNotLeaderResponses
2019-08-27 22:34:33,650 [grpc-default-executor-15] INFO  server.GrpcServerProtocolService (GrpcServerProtocolService.java:onCompleted(104)) - 506fee67-9f81-4cae-aaf5-08e8c0b305e7: appendEntries completed
2019-08-27 22:34:33,650 [ForkJoinPool.commonPool-worker-1] INFO  impl.PendingRequests (PendingRequests.java:sendNotLeaderResponses(202)) - 89f59389-d833-4deb-a03d-413db5a1260e-PendingRequests: sendNotLeaderResponses
2019-08-27 22:34:33,655 [StateMachineUpdater:89f59389-d833-4deb-a03d-413db5a1260e:group-C47B472BB423] INFO  ratis.ContainerStateMachine (ContainerStateMachine.java:takeSnapshot(283)) - group-C47B472BB423: Taking a snapshot at:(t:1, i:14) file /workdir/hadoop-ozone/integration-test/target/test-dir/MiniOzoneClusterImpl-4bfb73da-a5a9-4fb9-9b48-1b3bedb326df/datanode-4/data/ratis/4ee5b5a7-5761-4a08-92ed-c47b472bb423/sm/snapshot.1_14
2019-08-27 22:34:33,650 [org.apache.ratis.server.impl.LogAppender$AppenderDaemon$$Lambda$477/836828760@137ba448] WARN  server.GrpcLogAppender (GrpcLogAppender.java:mayWait(143)) - GrpcLogAppender(89f59389-d833-4deb-a03d-413db5a1260e->5c93a3d6-ac2f-433c-ae21-a0594b3a4eb9): Wait interrupted by java.lang.InterruptedException
2019-08-27 22:34:33,655 [ForkJoinPool.commonPool-worker-1] INFO  impl.StateMachineUpdater (StateMachineUpdater.java:stopAndJoin(115)) - StateMachineUpdater:89f59389-d833-4deb-a03d-413db5a1260e:group-788D8C191A80: set stopIndex = 0
2019-08-27 22:34:33,655 [grpc-default-executor-15] INFO  server.GrpcLogAppender (GrpcLogAppender.java:onCompleted(292)) - 89f59389-d833-4deb-a03d-413db5a1260e->506fee67-9f81-4cae-aaf5-08e8c0b305e7: follower responses appendEntries COMPLETED
2019-08-27 22:34:33,655 [main] INFO  impl.StateMachineUpdater (StateMachineUpdater.java:stopAndJoin(115)) - StateMachineUpdater:89f59389-d833-4deb-a03d-413db5a1260e:group-C47B472BB423: set stopIndex = 16
2019-08-27 22:34:33,656 [grpc-default-executor-15] INFO  impl.FollowerInfo (FollowerInfo.java:lambda$new$0(50)) - 89f59389-d833-4deb-a03d-413db5a1260e->506fee67-9f81-4cae-aaf5-08e8c0b305e7: nextIndex: updateUnconditionally 17 -> 16
2019-08-27 22:34:33,656 [ForkJoinPool.commonPool-worker-1] INFO  impl.RaftServerImpl (ServerState.java:close(394)) - 89f59389-d833-4deb-a03d-413db5a1260e:group-788D8C191A80 closes. The last applied log index is 0
2019-08-27 22:34:33,656 [grpc-default-executor-16] INFO  server.GrpcServerProtocolService (GrpcServerProtocolService.java:onCompleted(104)) - 5c93a3d6-ac2f-433c-ae21-a0594b3a4eb9: appendEntries completed
2019-08-27 22:34:33,657 [89f59389-d833-4deb-a03d-413db5a1260e-SegmentedRaftLogWorker:Storage Directory /workdir/hadoop-ozone/integration-test/target/test-dir/MiniOzoneClusterImpl-4bfb73da-a5a9-4fb9-9b48-1b3bedb326df/datanode-4/data/ratis/0b5591de-b67f-4b15-9f6e-788d8c191a80] INFO  segmented.SegmentedRaftLogWorker (SegmentedRaftLogWorker.java:run(313)) - 89f59389-d833-4deb-a03d-413db5a1260e-SegmentedRaftLogWorker:Storage Directory /workdir/hadoop-ozone/integration-test/target/test-dir/MiniOzoneClusterImpl-4bfb73da-a5a9-4fb9-9b48-1b3bedb326df/datanode-4/data/ratis/0b5591de-b67f-4b15-9f6e-788d8c191a80 was interrupted, exiting. There are 0 tasks remaining in the queue.
2019-08-27 22:34:33,657 [grpc-default-executor-16] INFO  server.GrpcLogAppender (GrpcLogAppender.java:onCompleted(292)) - 89f59389-d833-4deb-a03d-413db5a1260e->5c93a3d6-ac2f-433c-ae21-a0594b3a4eb9: follower responses appendEntries COMPLETED
2019-08-27 22:34:33,659 [ForkJoinPool.commonPool-worker-1] INFO  segmented.SegmentedRaftLogWorker (SegmentedRaftLogWorker.java:close(228)) - 89f59389-d833-4deb-a03d-413db5a1260e-SegmentedRaftLogWorker:Storage Directory /workdir/hadoop-ozone/integration-test/target/test-dir/MiniOzoneClusterImpl-4bfb73da-a5a9-4fb9-9b48-1b3bedb326df/datanode-4/data/ratis/0b5591de-b67f-4b15-9f6e-788d8c191a80 close()
2019-08-27 22:34:33,659 [grpc-default-executor-16] INFO  impl.FollowerInfo (FollowerInfo.java:lambda$new$0(50)) - 89f59389-d833-4deb-a03d-413db5a1260e->5c93a3d6-ac2f-433c-ae21-a0594b3a4eb9: nextIndex: updateUnconditionally 17 -> 16
2019-08-27 22:34:33,668 [StateMachineUpdater:89f59389-d833-4deb-a03d-413db5a1260e:group-C47B472BB423] INFO  ratis.ContainerStateMachine (ContainerStateMachine.java:takeSnapshot(294)) - group-C47B472BB423: Finished taking a snapshot at:(t:1, i:14) file:/workdir/hadoop-ozone/integration-test/target/test-dir/MiniOzoneClusterImpl-4bfb73da-a5a9-4fb9-9b48-1b3bedb326df/datanode-4/data/ratis/4ee5b5a7-5761-4a08-92ed-c47b472bb423/sm/snapshot.1_14 time:13
2019-08-27 22:34:33,668 [StateMachineUpdater:89f59389-d833-4deb-a03d-413db5a1260e:group-C47B472BB423] INFO  impl.StateMachineUpdater (StateMachineUpdater.java:takeSnapshot(242)) - StateMachineUpdater:89f59389-d833-4deb-a03d-413db5a1260e:group-C47B472BB423: Took a snapshot at index 14
2019-08-27 22:34:33,668 [StateMachineUpdater:89f59389-d833-4deb-a03d-413db5a1260e:group-C47B472BB423] INFO  impl.StateMachineUpdater (StateMachineUpdater.java:lambda$new$0(80)) - StateMachineUpdater:89f59389-d833-4deb-a03d-413db5a1260e:group-C47B472BB423: snapshotIndex: updateIncreasingly -1 -> 14
2019-08-27 22:34:33,669 [main] INFO  impl.RaftServerImpl (ServerState.java:close(394)) - 89f59389-d833-4deb-a03d-413db5a1260e:group-C47B472BB423 closes. The last applied log index is 16
2019-08-27 22:34:33,669 [89f59389-d833-4deb-a03d-413db5a1260e-SegmentedRaftLogWorker:Storage Directory /workdir/hadoop-ozone/integration-test/target/test-dir/MiniOzoneClusterImpl-4bfb73da-a5a9-4fb9-9b48-1b3bedb326df/datanode-4/data/ratis/4ee5b5a7-5761-4a08-92ed-c47b472bb423] INFO  segmented.SegmentedRaftLogWorker (SegmentedRaftLogWorker.java:run(313)) - 89f59389-d833-4deb-a03d-413db5a1260e-SegmentedRaftLogWorker:Storage Directory /workdir/hadoop-ozone/integration-test/target/test-dir/MiniOzoneClusterImpl-4bfb73da-a5a9-4fb9-9b48-1b3bedb326df/datanode-4/data/ratis/4ee5b5a7-5761-4a08-92ed-c47b472bb423 was interrupted, exiting. There are 0 tasks remaining in the queue.
2019-08-27 22:34:33,672 [main] INFO  segmented.SegmentedRaftLogWorker (SegmentedRaftLogWorker.java:close(228)) - 89f59389-d833-4deb-a03d-413db5a1260e-SegmentedRaftLogWorker:Storage Directory /workdir/hadoop-ozone/integration-test/target/test-dir/MiniOzoneClusterImpl-4bfb73da-a5a9-4fb9-9b48-1b3bedb326df/datanode-4/data/ratis/4ee5b5a7-5761-4a08-92ed-c47b472bb423 close()
2019-08-27 22:34:33,676 [main] INFO  server.GrpcService (GrpcService.java:closeImpl(155)) - 89f59389-d833-4deb-a03d-413db5a1260e: shutdown server with port 43095 now
2019-08-27 22:34:33,677 [grpc-default-executor-15] WARN  client.GrpcClientProtocolService (LogUtils.java:warn(134)) - 4-UnorderedRequestStreamObserver4: onError: org.apache.ratis.thirdparty.io.grpc.StatusRuntimeException: CANCELLED: cancelled before receiving half close
2019-08-27 22:34:33,679 [main] INFO  server.GrpcService (GrpcService.java:closeImpl(163)) - 89f59389-d833-4deb-a03d-413db5a1260e: shutdown server with port 43095 successfully
2019-08-27 22:34:33,680 [main] INFO  utils.BackgroundService (BackgroundService.java:shutdown(148)) - Shutting down service BlockDeletingService
2019-08-27 22:34:33,683 [refreshUsed-/workdir/hadoop-ozone/integration-test/target/test-dir/MiniOzoneClusterImpl-4bfb73da-a5a9-4fb9-9b48-1b3bedb326df/datanode-4/data/containers] WARN  fs.CachingGetSpaceUsed (CachingGetSpaceUsed.java:run(183)) - Thread Interrupted waiting to refresh disk information: sleep interrupted
2019-08-27 22:34:33,702 [main] INFO  statemachine.DatanodeStateMachine (DatanodeStateMachine.java:stopDaemon(395)) - Ozone container server stopped.
2019-08-27 22:34:33,704 [main] INFO  handler.ContextHandler (ContextHandler.java:doStop(910)) - Stopped o.e.j.w.WebAppContext@674b2703{/,null,UNAVAILABLE}{/hddsDatanode}
2019-08-27 22:34:33,704 [main] INFO  server.AbstractConnector (AbstractConnector.java:doStop(318)) - Stopped ServerConnector@67441705{HTTP/1.1,[http/1.1]}{0.0.0.0:0}
2019-08-27 22:34:33,705 [main] INFO  handler.ContextHandler (ContextHandler.java:doStop(910)) - Stopped o.e.j.s.ServletContextHandler@2d33aa31{/static,jar:file:/home/user/.m2/repository/org/apache/hadoop/hadoop-hdds-container-service/0.5.0-SNAPSHOT/hadoop-hdds-container-service-0.5.0-SNAPSHOT.jar!/webapps/static,UNAVAILABLE}
2019-08-27 22:34:33,705 [main] INFO  handler.ContextHandler (ContextHandler.java:doStop(910)) - Stopped o.e.j.s.ServletContextHandler@66b9f727{/logs,file:///workdir/hadoop-ozone/integration-test/target/log,UNAVAILABLE}
2019-08-27 22:34:33,949 | INFO  | SCMAudit | user=jenkins1000 | ip=192.168.36.82 | op=SEND_HEARTBEAT {datanodeUUID=9cd9b32c-8455-4cb6-9cfb-b7cb8243d3b0, command=[]} | ret=SUCCESS |  
2019-08-27 22:34:34,094 | INFO  | SCMAudit | user=jenkins1000 | ip=192.168.36.82 | op=SEND_HEARTBEAT {datanodeUUID=3684abad-3f62-4e52-8505-9bc5f15bfb14, command=[]} | ret=SUCCESS |  
2019-08-27 22:34:34,124 | INFO  | SCMAudit | user=jenkins1000 | ip=192.168.36.82 | op=SEND_HEARTBEAT {datanodeUUID=a81afeb8-02c0-499f-ae14-dff73637c02f, command=[]} | ret=SUCCESS |  
2019-08-27 22:34:34,305 | INFO  | SCMAudit | user=jenkins1000 | ip=192.168.36.82 | op=SEND_HEARTBEAT {datanodeUUID=548722b6-cbc9-4ce8-a377-29ae8acd3811, command=[]} | ret=SUCCESS |  
2019-08-27 22:34:34,425 | INFO  | SCMAudit | user=jenkins1000 | ip=192.168.36.82 | op=SEND_HEARTBEAT {datanodeUUID=506fee67-9f81-4cae-aaf5-08e8c0b305e7, command=[commandType: closeContainerCommand closeContainerCommandProto { containerID: 1 pipelineID { id: "4ee5b5a7-5761-4a08-92ed-c47b472bb423" } cmdId: 1 force: false } ]} | ret=SUCCESS |  
2019-08-27 22:34:34,426 | INFO  | SCMAudit | user=jenkins1000 | ip=192.168.36.82 | op=SEND_HEARTBEAT {datanodeUUID=5c93a3d6-ac2f-433c-ae21-a0594b3a4eb9, command=[commandType: closeContainerCommand closeContainerCommandProto { containerID: 1 pipelineID { id: "4ee5b5a7-5761-4a08-92ed-c47b472bb423" } cmdId: 1 force: false } ]} | ret=SUCCESS |  
2019-08-27 22:34:34,949 | INFO  | SCMAudit | user=jenkins1000 | ip=192.168.36.82 | op=SEND_HEARTBEAT {datanodeUUID=9cd9b32c-8455-4cb6-9cfb-b7cb8243d3b0, command=[]} | ret=SUCCESS |  
2019-08-27 22:34:35,094 | INFO  | SCMAudit | user=jenkins1000 | ip=192.168.36.82 | op=SEND_HEARTBEAT {datanodeUUID=3684abad-3f62-4e52-8505-9bc5f15bfb14, command=[]} | ret=SUCCESS |  
2019-08-27 22:34:35,123 | INFO  | SCMAudit | user=jenkins1000 | ip=192.168.36.82 | op=SEND_HEARTBEAT {datanodeUUID=a81afeb8-02c0-499f-ae14-dff73637c02f, command=[]} | ret=SUCCESS |  
2019-08-27 22:34:35,305 | INFO  | SCMAudit | user=jenkins1000 | ip=192.168.36.82 | op=SEND_HEARTBEAT {datanodeUUID=548722b6-cbc9-4ce8-a377-29ae8acd3811, command=[]} | ret=SUCCESS |  
2019-08-27 22:34:35,425 | INFO  | SCMAudit | user=jenkins1000 | ip=192.168.36.82 | op=SEND_HEARTBEAT {datanodeUUID=506fee67-9f81-4cae-aaf5-08e8c0b305e7, command=[]} | ret=SUCCESS |  
2019-08-27 22:34:35,426 | INFO  | SCMAudit | user=jenkins1000 | ip=192.168.36.82 | op=SEND_HEARTBEAT {datanodeUUID=5c93a3d6-ac2f-433c-ae21-a0594b3a4eb9, command=[]} | ret=SUCCESS |  
2019-08-27 22:34:35,432 | INFO  | SCMAudit | user=jenkins1000 | ip=192.168.36.82 | op=SEND_HEARTBEAT {datanodeUUID=5c93a3d6-ac2f-433c-ae21-a0594b3a4eb9, command=[]} | ret=SUCCESS |  
2019-08-27 22:34:35,716 [grpc-default-executor-12] INFO  client.GrpcClientProtocolClient (GrpcClientProtocolClient.java:onNext(255)) - client-9A2C6BAC1252->506fee67-9f81-4cae-aaf5-08e8c0b305e7: receive RaftClientReply:client-9A2C6BAC1252->506fee67-9f81-4cae-aaf5-08e8c0b305e7@group-C47B472BB423, cid=205, FAILED org.apache.ratis.protocol.NotLeaderException: Server 506fee67-9f81-4cae-aaf5-08e8c0b305e7 is not the leader (89f59389-d833-4deb-a03d-413db5a1260e:192.168.36.82:43095). Request must be sent to leader., logIndex=0, commits[506fee67-9f81-4cae-aaf5-08e8c0b305e7:c16, 5c93a3d6-ac2f-433c-ae21-a0594b3a4eb9:c16, 89f59389-d833-4deb-a03d-413db5a1260e:c16]
2019-08-27 22:34:35,949 | INFO  | SCMAudit | user=jenkins1000 | ip=192.168.36.82 | op=SEND_HEARTBEAT {datanodeUUID=9cd9b32c-8455-4cb6-9cfb-b7cb8243d3b0, command=[]} | ret=SUCCESS |  
2019-08-27 22:34:36,094 | INFO  | SCMAudit | user=jenkins1000 | ip=192.168.36.82 | op=SEND_HEARTBEAT {datanodeUUID=3684abad-3f62-4e52-8505-9bc5f15bfb14, command=[]} | ret=SUCCESS |  
2019-08-27 22:34:36,123 | INFO  | SCMAudit | user=jenkins1000 | ip=192.168.36.82 | op=SEND_HEARTBEAT {datanodeUUID=a81afeb8-02c0-499f-ae14-dff73637c02f, command=[]} | ret=SUCCESS |  
2019-08-27 22:34:36,305 | INFO  | SCMAudit | user=jenkins1000 | ip=192.168.36.82 | op=SEND_HEARTBEAT {datanodeUUID=548722b6-cbc9-4ce8-a377-29ae8acd3811, command=[]} | ret=SUCCESS |  
2019-08-27 22:34:36,425 | INFO  | SCMAudit | user=jenkins1000 | ip=192.168.36.82 | op=SEND_HEARTBEAT {datanodeUUID=506fee67-9f81-4cae-aaf5-08e8c0b305e7, command=[]} | ret=SUCCESS |  
2019-08-27 22:34:36,433 | INFO  | SCMAudit | user=jenkins1000 | ip=192.168.36.82 | op=SEND_HEARTBEAT {datanodeUUID=5c93a3d6-ac2f-433c-ae21-a0594b3a4eb9, command=[]} | ret=SUCCESS |  
2019-08-27 22:34:36,443 | INFO  | SCMAudit | user=jenkins1000 | ip=192.168.36.82 | op=SEND_HEARTBEAT {datanodeUUID=506fee67-9f81-4cae-aaf5-08e8c0b305e7, command=[]} | ret=SUCCESS |  
2019-08-27 22:34:36,730 [grpc-default-executor-16] INFO  client.GrpcClientProtocolClient (GrpcClientProtocolClient.java:onNext(255)) - client-9A2C6BAC1252->506fee67-9f81-4cae-aaf5-08e8c0b305e7: receive RaftClientReply:client-9A2C6BAC1252->506fee67-9f81-4cae-aaf5-08e8c0b305e7@group-C47B472BB423, cid=205, FAILED org.apache.ratis.protocol.NotLeaderException: Server 506fee67-9f81-4cae-aaf5-08e8c0b305e7 is not the leader (89f59389-d833-4deb-a03d-413db5a1260e:192.168.36.82:43095). Request must be sent to leader., logIndex=0, commits[506fee67-9f81-4cae-aaf5-08e8c0b305e7:c16, 5c93a3d6-ac2f-433c-ae21-a0594b3a4eb9:c16, 89f59389-d833-4deb-a03d-413db5a1260e:c16]
2019-08-27 22:34:36,950 | INFO  | SCMAudit | user=jenkins1000 | ip=192.168.36.82 | op=SEND_HEARTBEAT {datanodeUUID=9cd9b32c-8455-4cb6-9cfb-b7cb8243d3b0, command=[]} | ret=SUCCESS |  
2019-08-27 22:34:37,095 | INFO  | SCMAudit | user=jenkins1000 | ip=192.168.36.82 | op=SEND_HEARTBEAT {datanodeUUID=3684abad-3f62-4e52-8505-9bc5f15bfb14, command=[]} | ret=SUCCESS |  
2019-08-27 22:34:37,123 | INFO  | SCMAudit | user=jenkins1000 | ip=192.168.36.82 | op=SEND_HEARTBEAT {datanodeUUID=a81afeb8-02c0-499f-ae14-dff73637c02f, command=[]} | ret=SUCCESS |  
2019-08-27 22:34:37,305 | INFO  | SCMAudit | user=jenkins1000 | ip=192.168.36.82 | op=SEND_HEARTBEAT {datanodeUUID=548722b6-cbc9-4ce8-a377-29ae8acd3811, command=[]} | ret=SUCCESS |  
2019-08-27 22:34:37,433 | INFO  | SCMAudit | user=jenkins1000 | ip=192.168.36.82 | op=SEND_HEARTBEAT {datanodeUUID=5c93a3d6-ac2f-433c-ae21-a0594b3a4eb9, command=[]} | ret=SUCCESS |  
2019-08-27 22:34:37,442 | INFO  | SCMAudit | user=jenkins1000 | ip=192.168.36.82 | op=SEND_HEARTBEAT {datanodeUUID=506fee67-9f81-4cae-aaf5-08e8c0b305e7, command=[]} | ret=SUCCESS |  
2019-08-27 22:34:37,744 [grpc-default-executor-16] INFO  client.GrpcClientProtocolClient (GrpcClientProtocolClient.java:onNext(255)) - client-9A2C6BAC1252->506fee67-9f81-4cae-aaf5-08e8c0b305e7: receive RaftClientReply:client-9A2C6BAC1252->506fee67-9f81-4cae-aaf5-08e8c0b305e7@group-C47B472BB423, cid=205, FAILED org.apache.ratis.protocol.NotLeaderException: Server 506fee67-9f81-4cae-aaf5-08e8c0b305e7 is not the leader (89f59389-d833-4deb-a03d-413db5a1260e:192.168.36.82:43095). Request must be sent to leader., logIndex=0, commits[506fee67-9f81-4cae-aaf5-08e8c0b305e7:c16, 5c93a3d6-ac2f-433c-ae21-a0594b3a4eb9:c16, 89f59389-d833-4deb-a03d-413db5a1260e:c16]
2019-08-27 22:34:37,950 | INFO  | SCMAudit | user=jenkins1000 | ip=192.168.36.82 | op=SEND_HEARTBEAT {datanodeUUID=9cd9b32c-8455-4cb6-9cfb-b7cb8243d3b0, command=[]} | ret=SUCCESS |  
2019-08-27 22:34:38,095 | INFO  | SCMAudit | user=jenkins1000 | ip=192.168.36.82 | op=SEND_HEARTBEAT {datanodeUUID=3684abad-3f62-4e52-8505-9bc5f15bfb14, command=[]} | ret=SUCCESS |  
2019-08-27 22:34:38,123 | INFO  | SCMAudit | user=jenkins1000 | ip=192.168.36.82 | op=SEND_HEARTBEAT {datanodeUUID=a81afeb8-02c0-499f-ae14-dff73637c02f, command=[]} | ret=SUCCESS |  
2019-08-27 22:34:38,305 | INFO  | SCMAudit | user=jenkins1000 | ip=192.168.36.82 | op=SEND_HEARTBEAT {datanodeUUID=548722b6-cbc9-4ce8-a377-29ae8acd3811, command=[]} | ret=SUCCESS |  
2019-08-27 22:34:38,436 | INFO  | SCMAudit | user=jenkins1000 | ip=192.168.36.82 | op=SEND_HEARTBEAT {datanodeUUID=5c93a3d6-ac2f-433c-ae21-a0594b3a4eb9, command=[]} | ret=SUCCESS |  
2019-08-27 22:34:38,442 | INFO  | SCMAudit | user=jenkins1000 | ip=192.168.36.82 | op=SEND_HEARTBEAT {datanodeUUID=506fee67-9f81-4cae-aaf5-08e8c0b305e7, command=[]} | ret=SUCCESS |  
2019-08-27 22:34:38,756 [grpc-default-executor-12] INFO  client.GrpcClientProtocolClient (GrpcClientProtocolClient.java:onNext(255)) - client-9A2C6BAC1252->506fee67-9f81-4cae-aaf5-08e8c0b305e7: receive RaftClientReply:client-9A2C6BAC1252->506fee67-9f81-4cae-aaf5-08e8c0b305e7@group-C47B472BB423, cid=205, FAILED org.apache.ratis.protocol.NotLeaderException: Server 506fee67-9f81-4cae-aaf5-08e8c0b305e7 is not the leader (89f59389-d833-4deb-a03d-413db5a1260e:192.168.36.82:43095). Request must be sent to leader., logIndex=0, commits[506fee67-9f81-4cae-aaf5-08e8c0b305e7:c16, 5c93a3d6-ac2f-433c-ae21-a0594b3a4eb9:c16, 89f59389-d833-4deb-a03d-413db5a1260e:c16]
2019-08-27 22:34:38,949 | INFO  | SCMAudit | user=jenkins1000 | ip=192.168.36.82 | op=SEND_HEARTBEAT {datanodeUUID=9cd9b32c-8455-4cb6-9cfb-b7cb8243d3b0, command=[]} | ret=SUCCESS |  
2019-08-27 22:34:39,095 | INFO  | SCMAudit | user=jenkins1000 | ip=192.168.36.82 | op=SEND_HEARTBEAT {datanodeUUID=3684abad-3f62-4e52-8505-9bc5f15bfb14, command=[]} | ret=SUCCESS |  
2019-08-27 22:34:39,123 | INFO  | SCMAudit | user=jenkins1000 | ip=192.168.36.82 | op=SEND_HEARTBEAT {datanodeUUID=a81afeb8-02c0-499f-ae14-dff73637c02f, command=[]} | ret=SUCCESS |  
2019-08-27 22:34:39,305 | INFO  | SCMAudit | user=jenkins1000 | ip=192.168.36.82 | op=SEND_HEARTBEAT {datanodeUUID=548722b6-cbc9-4ce8-a377-29ae8acd3811, command=[]} | ret=SUCCESS |  
2019-08-27 22:34:39,433 | INFO  | SCMAudit | user=jenkins1000 | ip=192.168.36.82 | op=SEND_HEARTBEAT {datanodeUUID=5c93a3d6-ac2f-433c-ae21-a0594b3a4eb9, command=[]} | ret=SUCCESS |  
2019-08-27 22:34:39,442 | INFO  | SCMAudit | user=jenkins1000 | ip=192.168.36.82 | op=SEND_HEARTBEAT {datanodeUUID=506fee67-9f81-4cae-aaf5-08e8c0b305e7, command=[]} | ret=SUCCESS |  
2019-08-27 22:34:39,768 [grpc-default-executor-15] INFO  client.GrpcClientProtocolClient (GrpcClientProtocolClient.java:onNext(255)) - client-9A2C6BAC1252->506fee67-9f81-4cae-aaf5-08e8c0b305e7: receive RaftClientReply:client-9A2C6BAC1252->506fee67-9f81-4cae-aaf5-08e8c0b305e7@group-C47B472BB423, cid=205, FAILED org.apache.ratis.protocol.NotLeaderException: Server 506fee67-9f81-4cae-aaf5-08e8c0b305e7 is not the leader (89f59389-d833-4deb-a03d-413db5a1260e:192.168.36.82:43095). Request must be sent to leader., logIndex=0, commits[506fee67-9f81-4cae-aaf5-08e8c0b305e7:c16, 5c93a3d6-ac2f-433c-ae21-a0594b3a4eb9:c16, 89f59389-d833-4deb-a03d-413db5a1260e:c16]
2019-08-27 22:34:39,949 | INFO  | SCMAudit | user=jenkins1000 | ip=192.168.36.82 | op=SEND_HEARTBEAT {datanodeUUID=9cd9b32c-8455-4cb6-9cfb-b7cb8243d3b0, command=[]} | ret=SUCCESS |  
2019-08-27 22:34:40,095 | INFO  | SCMAudit | user=jenkins1000 | ip=192.168.36.82 | op=SEND_HEARTBEAT {datanodeUUID=3684abad-3f62-4e52-8505-9bc5f15bfb14, command=[]} | ret=SUCCESS |  
2019-08-27 22:34:40,123 | INFO  | SCMAudit | user=jenkins1000 | ip=192.168.36.82 | op=SEND_HEARTBEAT {datanodeUUID=a81afeb8-02c0-499f-ae14-dff73637c02f, command=[]} | ret=SUCCESS |  
2019-08-27 22:34:40,305 | INFO  | SCMAudit | user=jenkins1000 | ip=192.168.36.82 | op=SEND_HEARTBEAT {datanodeUUID=548722b6-cbc9-4ce8-a377-29ae8acd3811, command=[]} | ret=SUCCESS |  
2019-08-27 22:34:40,433 | INFO  | SCMAudit | user=jenkins1000 | ip=192.168.36.82 | op=SEND_HEARTBEAT {datanodeUUID=5c93a3d6-ac2f-433c-ae21-a0594b3a4eb9, command=[]} | ret=SUCCESS |  
2019-08-27 22:34:40,443 | INFO  | SCMAudit | user=jenkins1000 | ip=192.168.36.82 | op=SEND_HEARTBEAT {datanodeUUID=506fee67-9f81-4cae-aaf5-08e8c0b305e7, command=[]} | ret=SUCCESS |  
2019-08-27 22:34:40,780 [grpc-default-executor-12] INFO  client.GrpcClientProtocolClient (GrpcClientProtocolClient.java:onNext(255)) - client-9A2C6BAC1252->506fee67-9f81-4cae-aaf5-08e8c0b305e7: receive RaftClientReply:client-9A2C6BAC1252->506fee67-9f81-4cae-aaf5-08e8c0b305e7@group-C47B472BB423, cid=205, FAILED org.apache.ratis.protocol.NotLeaderException: Server 506fee67-9f81-4cae-aaf5-08e8c0b305e7 is not the leader (89f59389-d833-4deb-a03d-413db5a1260e:192.168.36.82:43095). Request must be sent to leader., logIndex=0, commits[506fee67-9f81-4cae-aaf5-08e8c0b305e7:c16, 5c93a3d6-ac2f-433c-ae21-a0594b3a4eb9:c16, 89f59389-d833-4deb-a03d-413db5a1260e:c16]
2019-08-27 22:34:40,950 | INFO  | SCMAudit | user=jenkins1000 | ip=192.168.36.82 | op=SEND_HEARTBEAT {datanodeUUID=9cd9b32c-8455-4cb6-9cfb-b7cb8243d3b0, command=[]} | ret=SUCCESS |  
2019-08-27 22:34:41,095 | INFO  | SCMAudit | user=jenkins1000 | ip=192.168.36.82 | op=SEND_HEARTBEAT {datanodeUUID=3684abad-3f62-4e52-8505-9bc5f15bfb14, command=[]} | ret=SUCCESS |  
2019-08-27 22:34:41,123 | INFO  | SCMAudit | user=jenkins1000 | ip=192.168.36.82 | op=SEND_HEARTBEAT {datanodeUUID=a81afeb8-02c0-499f-ae14-dff73637c02f, command=[]} | ret=SUCCESS |  
2019-08-27 22:34:41,306 | INFO  | SCMAudit | user=jenkins1000 | ip=192.168.36.82 | op=SEND_HEARTBEAT {datanodeUUID=548722b6-cbc9-4ce8-a377-29ae8acd3811, command=[]} | ret=SUCCESS |  
2019-08-27 22:34:41,433 | INFO  | SCMAudit | user=jenkins1000 | ip=192.168.36.82 | op=SEND_HEARTBEAT {datanodeUUID=5c93a3d6-ac2f-433c-ae21-a0594b3a4eb9, command=[]} | ret=SUCCESS |  
2019-08-27 22:34:41,443 | INFO  | SCMAudit | user=jenkins1000 | ip=192.168.36.82 | op=SEND_HEARTBEAT {datanodeUUID=506fee67-9f81-4cae-aaf5-08e8c0b305e7, command=[]} | ret=SUCCESS |  
2019-08-27 22:34:41,793 [grpc-default-executor-15] INFO  client.GrpcClientProtocolClient (GrpcClientProtocolClient.java:onNext(255)) - client-9A2C6BAC1252->5c93a3d6-ac2f-433c-ae21-a0594b3a4eb9: receive RaftClientReply:client-9A2C6BAC1252->5c93a3d6-ac2f-433c-ae21-a0594b3a4eb9@group-C47B472BB423, cid=205, FAILED org.apache.ratis.protocol.NotLeaderException: Server 5c93a3d6-ac2f-433c-ae21-a0594b3a4eb9 is not the leader (89f59389-d833-4deb-a03d-413db5a1260e:192.168.36.82:43095). Request must be sent to leader., logIndex=0, commits[5c93a3d6-ac2f-433c-ae21-a0594b3a4eb9:c16, 506fee67-9f81-4cae-aaf5-08e8c0b305e7:c16, 89f59389-d833-4deb-a03d-413db5a1260e:c16]
2019-08-27 22:34:41,950 | INFO  | SCMAudit | user=jenkins1000 | ip=192.168.36.82 | op=SEND_HEARTBEAT {datanodeUUID=9cd9b32c-8455-4cb6-9cfb-b7cb8243d3b0, command=[]} | ret=SUCCESS |  
2019-08-27 22:34:42,095 | INFO  | SCMAudit | user=jenkins1000 | ip=192.168.36.82 | op=SEND_HEARTBEAT {datanodeUUID=3684abad-3f62-4e52-8505-9bc5f15bfb14, command=[]} | ret=SUCCESS |  
2019-08-27 22:34:42,124 | INFO  | SCMAudit | user=jenkins1000 | ip=192.168.36.82 | op=SEND_HEARTBEAT {datanodeUUID=a81afeb8-02c0-499f-ae14-dff73637c02f, command=[]} | ret=SUCCESS |  
2019-08-27 22:34:42,306 | INFO  | SCMAudit | user=jenkins1000 | ip=192.168.36.82 | op=SEND_HEARTBEAT {datanodeUUID=548722b6-cbc9-4ce8-a377-29ae8acd3811, command=[]} | ret=SUCCESS |  
2019-08-27 22:34:42,433 | INFO  | SCMAudit | user=jenkins1000 | ip=192.168.36.82 | op=SEND_HEARTBEAT {datanodeUUID=5c93a3d6-ac2f-433c-ae21-a0594b3a4eb9, command=[]} | ret=SUCCESS |  
2019-08-27 22:34:42,444 | INFO  | SCMAudit | user=jenkins1000 | ip=192.168.36.82 | op=SEND_HEARTBEAT {datanodeUUID=506fee67-9f81-4cae-aaf5-08e8c0b305e7, command=[]} | ret=SUCCESS |  
2019-08-27 22:34:42,569 [Thread-3806] INFO  impl.FollowerState (FollowerState.java:run(106)) - 5c93a3d6-ac2f-433c-ae21-a0594b3a4eb9:group-C47B472BB423 changes to CANDIDATE, lastRpcTime:8926, electionTimeout:5151ms
2019-08-27 22:34:42,570 [Thread-3806] INFO  impl.RoleInfo (RoleInfo.java:shutdownFollowerState(121)) - 5c93a3d6-ac2f-433c-ae21-a0594b3a4eb9: shutdown FollowerState
2019-08-27 22:34:42,570 [Thread-3806] INFO  impl.RaftServerImpl (RaftServerImpl.java:setRole(171)) - 5c93a3d6-ac2f-433c-ae21-a0594b3a4eb9:group-C47B472BB423 changes role from FOLLOWER to CANDIDATE at term 1 for changeToCandidate
2019-08-27 22:34:42,570 [Thread-3806] INFO  impl.RoleInfo (RoleInfo.java:updateAndGet(143)) - 5c93a3d6-ac2f-433c-ae21-a0594b3a4eb9: start LeaderElection
2019-08-27 22:34:42,573 [5c93a3d6-ac2f-433c-ae21-a0594b3a4eb9:group-C47B472BB423:LeaderElection104] INFO  impl.RaftServerImpl (ServerState.java:setLeader(263)) - 5c93a3d6-ac2f-433c-ae21-a0594b3a4eb9:group-C47B472BB423 change Leader from 89f59389-d833-4deb-a03d-413db5a1260e to null at term 1 for initElection
2019-08-27 22:34:42,587 [5c93a3d6-ac2f-433c-ae21-a0594b3a4eb9:group-C47B472BB423:LeaderElection104] INFO  impl.LeaderElection (LeaderElection.java:askForVotes(181)) - 5c93a3d6-ac2f-433c-ae21-a0594b3a4eb9:group-C47B472BB423:LeaderElection104: begin an election at term 2 for 0: [506fee67-9f81-4cae-aaf5-08e8c0b305e7:192.168.36.82:44257, 5c93a3d6-ac2f-433c-ae21-a0594b3a4eb9:192.168.36.82:44528, 89f59389-d833-4deb-a03d-413db5a1260e:192.168.36.82:43095], old=null
2019-08-27 22:34:42,589 [5c93a3d6-ac2f-433c-ae21-a0594b3a4eb9:group-C47B472BB423:LeaderElection104] INFO  impl.LeaderElection (LogUtils.java:infoOrTrace(149)) - 5c93a3d6-ac2f-433c-ae21-a0594b3a4eb9:group-C47B472BB423:LeaderElection104 got exception when requesting votes: {}
java.util.concurrent.ExecutionException: org.apache.ratis.thirdparty.io.grpc.StatusRuntimeException: UNAVAILABLE: io exception
	at java.util.concurrent.FutureTask.report(FutureTask.java:122)
	at java.util.concurrent.FutureTask.get(FutureTask.java:192)
	at org.apache.ratis.server.impl.LeaderElection.waitForResults(LeaderElection.java:262)
	at org.apache.ratis.server.impl.LeaderElection.askForVotes(LeaderElection.java:200)
	at org.apache.ratis.server.impl.LeaderElection.run(LeaderElection.java:130)
	at java.lang.Thread.run(Thread.java:748)
Caused by: org.apache.ratis.thirdparty.io.grpc.StatusRuntimeException: UNAVAILABLE: io exception
	at org.apache.ratis.thirdparty.io.grpc.stub.ClientCalls.toStatusRuntimeException(ClientCalls.java:233)
	at org.apache.ratis.thirdparty.io.grpc.stub.ClientCalls.getUnchecked(ClientCalls.java:214)
	at org.apache.ratis.thirdparty.io.grpc.stub.ClientCalls.blockingUnaryCall(ClientCalls.java:139)
	at org.apache.ratis.proto.grpc.RaftServerProtocolServiceGrpc$RaftServerProtocolServiceBlockingStub.requestVote(RaftServerProtocolServiceGrpc.java:265)
	at org.apache.ratis.grpc.server.GrpcServerProtocolClient.requestVote(GrpcServerProtocolClient.java:83)
	at org.apache.ratis.grpc.server.GrpcService.requestVote(GrpcService.java:195)
	at org.apache.ratis.server.impl.LeaderElection.lambda$submitRequests$1(LeaderElection.java:237)
	at java.util.concurrent.FutureTask.run(FutureTask.java:266)
	at java.util.concurrent.Executors$RunnableAdapter.call(Executors.java:511)
	at java.util.concurrent.FutureTask.run(FutureTask.java:266)
	at java.util.concurrent.ThreadPoolExecutor.runWorker(ThreadPoolExecutor.java:1149)
	at java.util.concurrent.ThreadPoolExecutor$Worker.run(ThreadPoolExecutor.java:624)
	... 1 more
Caused by: org.apache.ratis.thirdparty.io.netty.channel.AbstractChannel$AnnotatedConnectException: Connection refused: /192.168.36.82:43095
	at sun.nio.ch.SocketChannelImpl.checkConnect(Native Method)
	at sun.nio.ch.SocketChannelImpl.finishConnect(SocketChannelImpl.java:717)
	at org.apache.ratis.thirdparty.io.netty.channel.socket.nio.NioSocketChannel.doFinishConnect(NioSocketChannel.java:327)
	at org.apache.ratis.thirdparty.io.netty.channel.nio.AbstractNioChannel$AbstractNioUnsafe.finishConnect(AbstractNioChannel.java:340)
	at org.apache.ratis.thirdparty.io.netty.channel.nio.NioEventLoop.processSelectedKey(NioEventLoop.java:632)
	at org.apache.ratis.thirdparty.io.netty.channel.nio.NioEventLoop.processSelectedKeysOptimized(NioEventLoop.java:579)
	at org.apache.ratis.thirdparty.io.netty.channel.nio.NioEventLoop.processSelectedKeys(NioEventLoop.java:496)
	at org.apache.ratis.thirdparty.io.netty.channel.nio.NioEventLoop.run(NioEventLoop.java:458)
	at org.apache.ratis.thirdparty.io.netty.util.concurrent.SingleThreadEventExecutor$5.run(SingleThreadEventExecutor.java:897)
	at org.apache.ratis.thirdparty.io.netty.util.concurrent.FastThreadLocalRunnable.run(FastThreadLocalRunnable.java:30)
	... 1 more
Caused by: java.net.ConnectException: Connection refused
	... 11 more
2019-08-27 22:34:42,590 [grpc-default-executor-15] INFO  impl.RaftServerImpl (ServerState.java:setLeader(263)) - 506fee67-9f81-4cae-aaf5-08e8c0b305e7:group-C47B472BB423 change Leader from 89f59389-d833-4deb-a03d-413db5a1260e to null at term 2 for updateCurrentTerm
2019-08-27 22:34:42,593 [grpc-default-executor-15] INFO  impl.RaftServerImpl (RaftServerImpl.java:setRole(171)) - 506fee67-9f81-4cae-aaf5-08e8c0b305e7:group-C47B472BB423 changes role from FOLLOWER to FOLLOWER at term 2 for recognizeCandidate:5c93a3d6-ac2f-433c-ae21-a0594b3a4eb9
2019-08-27 22:34:42,593 [grpc-default-executor-15] INFO  impl.RoleInfo (RoleInfo.java:shutdownFollowerState(121)) - 506fee67-9f81-4cae-aaf5-08e8c0b305e7: shutdown FollowerState
2019-08-27 22:34:42,593 [grpc-default-executor-15] INFO  impl.RoleInfo (RoleInfo.java:updateAndGet(143)) - 506fee67-9f81-4cae-aaf5-08e8c0b305e7: start FollowerState
2019-08-27 22:34:42,593 [Thread-3802] INFO  impl.FollowerState (FollowerState.java:run(114)) - 506fee67-9f81-4cae-aaf5-08e8c0b305e7: FollowerState was interrupted: java.lang.InterruptedException: sleep interrupted
2019-08-27 22:34:42,610 [5c93a3d6-ac2f-433c-ae21-a0594b3a4eb9:group-C47B472BB423:LeaderElection104] INFO  impl.LeaderElection (LeaderElection.java:logAndReturn(56)) - 5c93a3d6-ac2f-433c-ae21-a0594b3a4eb9:group-C47B472BB423:LeaderElection104: Election PASSED; received 1 response(s) [5c93a3d6-ac2f-433c-ae21-a0594b3a4eb9<-506fee67-9f81-4cae-aaf5-08e8c0b305e7#0:OK-t2] and 1 exception(s); 5c93a3d6-ac2f-433c-ae21-a0594b3a4eb9:t2, leader=null, voted=5c93a3d6-ac2f-433c-ae21-a0594b3a4eb9, raftlog=5c93a3d6-ac2f-433c-ae21-a0594b3a4eb9-SegmentedRaftLog:OPENED:c16,f16,i16, conf=0: [506fee67-9f81-4cae-aaf5-08e8c0b305e7:192.168.36.82:44257, 5c93a3d6-ac2f-433c-ae21-a0594b3a4eb9:192.168.36.82:44528, 89f59389-d833-4deb-a03d-413db5a1260e:192.168.36.82:43095], old=null
2019-08-27 22:34:42,610 [5c93a3d6-ac2f-433c-ae21-a0594b3a4eb9:group-C47B472BB423:LeaderElection104] INFO  impl.LeaderElection (LogUtils.java:infoOrTrace(149)) -   Exception 0: {}
java.util.concurrent.ExecutionException: org.apache.ratis.thirdparty.io.grpc.StatusRuntimeException: UNAVAILABLE: io exception
	at java.util.concurrent.FutureTask.report(FutureTask.java:122)
	at java.util.concurrent.FutureTask.get(FutureTask.java:192)
	at org.apache.ratis.server.impl.LeaderElection.waitForResults(LeaderElection.java:262)
	at org.apache.ratis.server.impl.LeaderElection.askForVotes(LeaderElection.java:200)
	at org.apache.ratis.server.impl.LeaderElection.run(LeaderElection.java:130)
	at java.lang.Thread.run(Thread.java:748)
Caused by: org.apache.ratis.thirdparty.io.grpc.StatusRuntimeException: UNAVAILABLE: io exception
	at org.apache.ratis.thirdparty.io.grpc.stub.ClientCalls.toStatusRuntimeException(ClientCalls.java:233)
	at org.apache.ratis.thirdparty.io.grpc.stub.ClientCalls.getUnchecked(ClientCalls.java:214)
	at org.apache.ratis.thirdparty.io.grpc.stub.ClientCalls.blockingUnaryCall(ClientCalls.java:139)
	at org.apache.ratis.proto.grpc.RaftServerProtocolServiceGrpc$RaftServerProtocolServiceBlockingStub.requestVote(RaftServerProtocolServiceGrpc.java:265)
	at org.apache.ratis.grpc.server.GrpcServerProtocolClient.requestVote(GrpcServerProtocolClient.java:83)
	at org.apache.ratis.grpc.server.GrpcService.requestVote(GrpcService.java:195)
	at org.apache.ratis.server.impl.LeaderElection.lambda$submitRequests$1(LeaderElection.java:237)
	at java.util.concurrent.FutureTask.run(FutureTask.java:266)
	at java.util.concurrent.Executors$RunnableAdapter.call(Executors.java:511)
	at java.util.concurrent.FutureTask.run(FutureTask.java:266)
	at java.util.concurrent.ThreadPoolExecutor.runWorker(ThreadPoolExecutor.java:1149)
	at java.util.concurrent.ThreadPoolExecutor$Worker.run(ThreadPoolExecutor.java:624)
	... 1 more
Caused by: org.apache.ratis.thirdparty.io.netty.channel.AbstractChannel$AnnotatedConnectException: Connection refused: /192.168.36.82:43095
	at sun.nio.ch.SocketChannelImpl.checkConnect(Native Method)
	at sun.nio.ch.SocketChannelImpl.finishConnect(SocketChannelImpl.java:717)
	at org.apache.ratis.thirdparty.io.netty.channel.socket.nio.NioSocketChannel.doFinishConnect(NioSocketChannel.java:327)
	at org.apache.ratis.thirdparty.io.netty.channel.nio.AbstractNioChannel$AbstractNioUnsafe.finishConnect(AbstractNioChannel.java:340)
	at org.apache.ratis.thirdparty.io.netty.channel.nio.NioEventLoop.processSelectedKey(NioEventLoop.java:632)
	at org.apache.ratis.thirdparty.io.netty.channel.nio.NioEventLoop.processSelectedKeysOptimized(NioEventLoop.java:579)
	at org.apache.ratis.thirdparty.io.netty.channel.nio.NioEventLoop.processSelectedKeys(NioEventLoop.java:496)
	at org.apache.ratis.thirdparty.io.netty.channel.nio.NioEventLoop.run(NioEventLoop.java:458)
	at org.apache.ratis.thirdparty.io.netty.util.concurrent.SingleThreadEventExecutor$5.run(SingleThreadEventExecutor.java:897)
	at org.apache.ratis.thirdparty.io.netty.util.concurrent.FastThreadLocalRunnable.run(FastThreadLocalRunnable.java:30)
	... 1 more
Caused by: java.net.ConnectException: Connection refused
	... 11 more
2019-08-27 22:34:42,610 [5c93a3d6-ac2f-433c-ae21-a0594b3a4eb9:group-C47B472BB423:LeaderElection104] INFO  impl.RoleInfo (RoleInfo.java:shutdownLeaderElection(134)) - 5c93a3d6-ac2f-433c-ae21-a0594b3a4eb9: shutdown LeaderElection
2019-08-27 22:34:42,611 [5c93a3d6-ac2f-433c-ae21-a0594b3a4eb9:group-C47B472BB423:LeaderElection104] INFO  impl.RaftServerImpl (RaftServerImpl.java:setRole(171)) - 5c93a3d6-ac2f-433c-ae21-a0594b3a4eb9:group-C47B472BB423 changes role from CANDIDATE to LEADER at term 2 for changeToLeader
2019-08-27 22:34:42,611 [5c93a3d6-ac2f-433c-ae21-a0594b3a4eb9:group-C47B472BB423:LeaderElection104] INFO  impl.RaftServerImpl (ServerState.java:setLeader(263)) - 5c93a3d6-ac2f-433c-ae21-a0594b3a4eb9:group-C47B472BB423 change Leader from null to 5c93a3d6-ac2f-433c-ae21-a0594b3a4eb9 at term 2 for becomeLeader, leader elected after 37ms
2019-08-27 22:34:42,611 [5c93a3d6-ac2f-433c-ae21-a0594b3a4eb9:group-C47B472BB423:LeaderElection104] INFO  server.RaftServerConfigKeys (ConfUtils.java:logGet(43)) - raft.server.staging.catchup.gap = 1000 (default)
2019-08-27 22:34:42,611 [5c93a3d6-ac2f-433c-ae21-a0594b3a4eb9:group-C47B472BB423:LeaderElection104] INFO  server.RaftServerConfigKeys (ConfUtils.java:logGet(43)) - raft.server.rpc.sleep.time = 25ms (default)
2019-08-27 22:34:42,611 [5c93a3d6-ac2f-433c-ae21-a0594b3a4eb9:group-C47B472BB423:LeaderElection104] INFO  server.RaftServerConfigKeys (ConfUtils.java:logGet(43)) - raft.server.write.element-limit = 4096 (default)
2019-08-27 22:34:42,611 [5c93a3d6-ac2f-433c-ae21-a0594b3a4eb9:group-C47B472BB423:LeaderElection104] INFO  server.RaftServerConfigKeys (ConfUtils.java:logGet(43)) - raft.server.watch.timeout = 10s (default)
2019-08-27 22:34:42,612 [5c93a3d6-ac2f-433c-ae21-a0594b3a4eb9:group-C47B472BB423:LeaderElection104] INFO  server.RaftServerConfigKeys (ConfUtils.java:logGet(43)) - raft.server.watch.timeout.denomination = 1s (default)
2019-08-27 22:34:42,612 [5c93a3d6-ac2f-433c-ae21-a0594b3a4eb9:group-C47B472BB423:LeaderElection104] INFO  server.RaftServerConfigKeys (ConfUtils.java:logGet(43)) - raft.server.watch.element-limit = 65536 (default)
2019-08-27 22:34:42,612 [5c93a3d6-ac2f-433c-ae21-a0594b3a4eb9:group-C47B472BB423:LeaderElection104] INFO  server.RaftServerConfigKeys (ConfUtils.java:logGet(43)) - raft.server.log.appender.snapshot.chunk.size.max = 16MB (=16777216) (default)
2019-08-27 22:34:42,612 [5c93a3d6-ac2f-433c-ae21-a0594b3a4eb9:group-C47B472BB423:LeaderElection104] INFO  server.RaftServerConfigKeys (ConfUtils.java:logGet(43)) - raft.server.log.appender.buffer.byte-limit = 33554432 (custom)
2019-08-27 22:34:42,612 [5c93a3d6-ac2f-433c-ae21-a0594b3a4eb9:group-C47B472BB423:LeaderElection104] INFO  server.RaftServerConfigKeys (ConfUtils.java:logGet(43)) - raft.server.log.appender.buffer.element-limit = 1 (custom)
2019-08-27 22:34:42,613 [5c93a3d6-ac2f-433c-ae21-a0594b3a4eb9:group-C47B472BB423:LeaderElection104] INFO  grpc.GrpcConfigKeys$Server (ConfUtils.java:logGet(43)) - raft.grpc.server.leader.outstanding.appends.max = 128 (default)
2019-08-27 22:34:42,613 [5c93a3d6-ac2f-433c-ae21-a0594b3a4eb9:group-C47B472BB423:LeaderElection104] INFO  server.RaftServerConfigKeys (ConfUtils.java:logGet(43)) - raft.server.rpc.request.timeout = 3000ms (default)
2019-08-27 22:34:42,613 [5c93a3d6-ac2f-433c-ae21-a0594b3a4eb9:group-C47B472BB423:LeaderElection104] INFO  server.RaftServerConfigKeys (ConfUtils.java:logGet(43)) - raft.server.log.appender.install.snapshot.enabled = false (custom)
2019-08-27 22:34:42,613 [5c93a3d6-ac2f-433c-ae21-a0594b3a4eb9:group-C47B472BB423:LeaderElection104] INFO  server.RaftServerConfigKeys (ConfUtils.java:logGet(43)) - raft.server.log.appender.snapshot.chunk.size.max = 16MB (=16777216) (default)
2019-08-27 22:34:42,613 [5c93a3d6-ac2f-433c-ae21-a0594b3a4eb9:group-C47B472BB423:LeaderElection104] INFO  server.RaftServerConfigKeys (ConfUtils.java:logGet(43)) - raft.server.log.appender.buffer.byte-limit = 33554432 (custom)
2019-08-27 22:34:42,614 [5c93a3d6-ac2f-433c-ae21-a0594b3a4eb9:group-C47B472BB423:LeaderElection104] INFO  server.RaftServerConfigKeys (ConfUtils.java:logGet(43)) - raft.server.log.appender.buffer.element-limit = 1 (custom)
2019-08-27 22:34:42,614 [5c93a3d6-ac2f-433c-ae21-a0594b3a4eb9:group-C47B472BB423:LeaderElection104] INFO  grpc.GrpcConfigKeys$Server (ConfUtils.java:logGet(43)) - raft.grpc.server.leader.outstanding.appends.max = 128 (default)
2019-08-27 22:34:42,614 [5c93a3d6-ac2f-433c-ae21-a0594b3a4eb9:group-C47B472BB423:LeaderElection104] INFO  server.RaftServerConfigKeys (ConfUtils.java:logGet(43)) - raft.server.rpc.request.timeout = 3000ms (default)
2019-08-27 22:34:42,614 [5c93a3d6-ac2f-433c-ae21-a0594b3a4eb9:group-C47B472BB423:LeaderElection104] INFO  server.RaftServerConfigKeys (ConfUtils.java:logGet(43)) - raft.server.log.appender.install.snapshot.enabled = false (custom)
2019-08-27 22:34:42,614 [5c93a3d6-ac2f-433c-ae21-a0594b3a4eb9:group-C47B472BB423:LeaderElection104] INFO  impl.RoleInfo (RoleInfo.java:updateAndGet(143)) - 5c93a3d6-ac2f-433c-ae21-a0594b3a4eb9: start LeaderState
2019-08-27 22:34:42,615 [5c93a3d6-ac2f-433c-ae21-a0594b3a4eb9:group-C47B472BB423:LeaderElection104] INFO  segmented.SegmentedRaftLogWorker (SegmentedRaftLogWorker.java:rollLogSegment(385)) - 5c93a3d6-ac2f-433c-ae21-a0594b3a4eb9-SegmentedRaftLogWorker:Storage Directory /workdir/hadoop-ozone/integration-test/target/test-dir/MiniOzoneClusterImpl-4bfb73da-a5a9-4fb9-9b48-1b3bedb326df/datanode-3/data/ratis/4ee5b5a7-5761-4a08-92ed-c47b472bb423: Rolling segment log-0_16 to index:16
2019-08-27 22:34:42,616 [5c93a3d6-ac2f-433c-ae21-a0594b3a4eb9-SegmentedRaftLogWorker:Storage Directory /workdir/hadoop-ozone/integration-test/target/test-dir/MiniOzoneClusterImpl-4bfb73da-a5a9-4fb9-9b48-1b3bedb326df/datanode-3/data/ratis/4ee5b5a7-5761-4a08-92ed-c47b472bb423] INFO  segmented.SegmentedRaftLogWorker (SegmentedRaftLogWorker.java:execute(526)) - 5c93a3d6-ac2f-433c-ae21-a0594b3a4eb9-SegmentedRaftLogWorker:Storage Directory /workdir/hadoop-ozone/integration-test/target/test-dir/MiniOzoneClusterImpl-4bfb73da-a5a9-4fb9-9b48-1b3bedb326df/datanode-3/data/ratis/4ee5b5a7-5761-4a08-92ed-c47b472bb423: Rolled log segment from /workdir/hadoop-ozone/integration-test/target/test-dir/MiniOzoneClusterImpl-4bfb73da-a5a9-4fb9-9b48-1b3bedb326df/datanode-3/data/ratis/4ee5b5a7-5761-4a08-92ed-c47b472bb423/current/log_inprogress_0 to /workdir/hadoop-ozone/integration-test/target/test-dir/MiniOzoneClusterImpl-4bfb73da-a5a9-4fb9-9b48-1b3bedb326df/datanode-3/data/ratis/4ee5b5a7-5761-4a08-92ed-c47b472bb423/current/log_0-16
2019-08-27 22:34:42,616 [5c93a3d6-ac2f-433c-ae21-a0594b3a4eb9:group-C47B472BB423:LeaderElection104] INFO  impl.RaftServerImpl (ServerState.java:setRaftConf(361)) - 5c93a3d6-ac2f-433c-ae21-a0594b3a4eb9:group-C47B472BB423 set configuration 17: [506fee67-9f81-4cae-aaf5-08e8c0b305e7:192.168.36.82:44257, 5c93a3d6-ac2f-433c-ae21-a0594b3a4eb9:192.168.36.82:44528, 89f59389-d833-4deb-a03d-413db5a1260e:192.168.36.82:43095], old=null at 17
2019-08-27 22:34:42,616 [grpc-default-executor-15] WARN  server.GrpcLogAppender (LogUtils.java:warn(134)) - 5c93a3d6-ac2f-433c-ae21-a0594b3a4eb9->89f59389-d833-4deb-a03d-413db5a1260e: Failed appendEntries: org.apache.ratis.thirdparty.io.grpc.StatusRuntimeException: UNAVAILABLE: io exception
2019-08-27 22:34:42,616 [grpc-default-executor-15] INFO  impl.FollowerInfo (FollowerInfo.java:lambda$new$0(50)) - 5c93a3d6-ac2f-433c-ae21-a0594b3a4eb9->89f59389-d833-4deb-a03d-413db5a1260e: nextIndex: updateUnconditionally 17 -> 1
2019-08-27 22:34:42,617 [grpc-default-executor-15] INFO  impl.RaftServerImpl (ServerState.java:setLeader(263)) - 506fee67-9f81-4cae-aaf5-08e8c0b305e7:group-C47B472BB423 change Leader from null to 5c93a3d6-ac2f-433c-ae21-a0594b3a4eb9 at term 2 for appendEntries, leader elected after 27ms
2019-08-27 22:34:42,619 [grpc-default-executor-15] INFO  impl.RaftServerImpl (ServerState.java:setRaftConf(361)) - 506fee67-9f81-4cae-aaf5-08e8c0b305e7:group-C47B472BB423 set configuration 17: [506fee67-9f81-4cae-aaf5-08e8c0b305e7:192.168.36.82:44257, 5c93a3d6-ac2f-433c-ae21-a0594b3a4eb9:192.168.36.82:44528, 89f59389-d833-4deb-a03d-413db5a1260e:192.168.36.82:43095], old=null at 17
2019-08-27 22:34:42,619 [grpc-default-executor-15] INFO  segmented.SegmentedRaftLogWorker (SegmentedRaftLogWorker.java:rollLogSegment(385)) - 506fee67-9f81-4cae-aaf5-08e8c0b305e7-SegmentedRaftLogWorker:Storage Directory /workdir/hadoop-ozone/integration-test/target/test-dir/MiniOzoneClusterImpl-4bfb73da-a5a9-4fb9-9b48-1b3bedb326df/datanode-5/data/ratis/4ee5b5a7-5761-4a08-92ed-c47b472bb423: Rolling segment log-0_16 to index:16
2019-08-27 22:34:42,619 [506fee67-9f81-4cae-aaf5-08e8c0b305e7-SegmentedRaftLogWorker:Storage Directory /workdir/hadoop-ozone/integration-test/target/test-dir/MiniOzoneClusterImpl-4bfb73da-a5a9-4fb9-9b48-1b3bedb326df/datanode-5/data/ratis/4ee5b5a7-5761-4a08-92ed-c47b472bb423] INFO  segmented.SegmentedRaftLogWorker (SegmentedRaftLogWorker.java:execute(526)) - 506fee67-9f81-4cae-aaf5-08e8c0b305e7-SegmentedRaftLogWorker:Storage Directory /workdir/hadoop-ozone/integration-test/target/test-dir/MiniOzoneClusterImpl-4bfb73da-a5a9-4fb9-9b48-1b3bedb326df/datanode-5/data/ratis/4ee5b5a7-5761-4a08-92ed-c47b472bb423: Rolled log segment from /workdir/hadoop-ozone/integration-test/target/test-dir/MiniOzoneClusterImpl-4bfb73da-a5a9-4fb9-9b48-1b3bedb326df/datanode-5/data/ratis/4ee5b5a7-5761-4a08-92ed-c47b472bb423/current/log_inprogress_0 to /workdir/hadoop-ozone/integration-test/target/test-dir/MiniOzoneClusterImpl-4bfb73da-a5a9-4fb9-9b48-1b3bedb326df/datanode-5/data/ratis/4ee5b5a7-5761-4a08-92ed-c47b472bb423/current/log_0-16
2019-08-27 22:34:42,667 [506fee67-9f81-4cae-aaf5-08e8c0b305e7-SegmentedRaftLogWorker:Storage Directory /workdir/hadoop-ozone/integration-test/target/test-dir/MiniOzoneClusterImpl-4bfb73da-a5a9-4fb9-9b48-1b3bedb326df/datanode-5/data/ratis/4ee5b5a7-5761-4a08-92ed-c47b472bb423] INFO  segmented.SegmentedRaftLogWorker (SegmentedRaftLogWorker.java:execute(569)) - 506fee67-9f81-4cae-aaf5-08e8c0b305e7-SegmentedRaftLogWorker:Storage Directory /workdir/hadoop-ozone/integration-test/target/test-dir/MiniOzoneClusterImpl-4bfb73da-a5a9-4fb9-9b48-1b3bedb326df/datanode-5/data/ratis/4ee5b5a7-5761-4a08-92ed-c47b472bb423: created new log segment /workdir/hadoop-ozone/integration-test/target/test-dir/MiniOzoneClusterImpl-4bfb73da-a5a9-4fb9-9b48-1b3bedb326df/datanode-5/data/ratis/4ee5b5a7-5761-4a08-92ed-c47b472bb423/current/log_inprogress_17
2019-08-27 22:34:42,667 [5c93a3d6-ac2f-433c-ae21-a0594b3a4eb9-SegmentedRaftLogWorker:Storage Directory /workdir/hadoop-ozone/integration-test/target/test-dir/MiniOzoneClusterImpl-4bfb73da-a5a9-4fb9-9b48-1b3bedb326df/datanode-3/data/ratis/4ee5b5a7-5761-4a08-92ed-c47b472bb423] INFO  segmented.SegmentedRaftLogWorker (SegmentedRaftLogWorker.java:execute(569)) - 5c93a3d6-ac2f-433c-ae21-a0594b3a4eb9-SegmentedRaftLogWorker:Storage Directory /workdir/hadoop-ozone/integration-test/target/test-dir/MiniOzoneClusterImpl-4bfb73da-a5a9-4fb9-9b48-1b3bedb326df/datanode-3/data/ratis/4ee5b5a7-5761-4a08-92ed-c47b472bb423: created new log segment /workdir/hadoop-ozone/integration-test/target/test-dir/MiniOzoneClusterImpl-4bfb73da-a5a9-4fb9-9b48-1b3bedb326df/datanode-3/data/ratis/4ee5b5a7-5761-4a08-92ed-c47b472bb423/current/log_inprogress_17
2019-08-27 22:34:42,699 | INFO  | DNAudit | user=null | ip=null | op=READ_CHUNK {blockData=conID: 1 locID: 102691324699738126 bcsId: 0} | ret=SUCCESS |  
2019-08-27 22:34:42,702 [grpc-default-executor-12] WARN  server.GrpcLogAppender (LogUtils.java:warn(134)) - 5c93a3d6-ac2f-433c-ae21-a0594b3a4eb9->89f59389-d833-4deb-a03d-413db5a1260e: Failed appendEntries: org.apache.ratis.thirdparty.io.grpc.StatusRuntimeException: UNAVAILABLE: io exception
2019-08-27 22:34:42,702 [grpc-default-executor-12] INFO  impl.FollowerInfo (FollowerInfo.java:lambda$new$0(50)) - 5c93a3d6-ac2f-433c-ae21-a0594b3a4eb9->89f59389-d833-4deb-a03d-413db5a1260e: nextIndex: updateUnconditionally 2 -> 1
2019-08-27 22:34:42,801 | ERROR | DNAudit | user=null | ip=null | op=WRITE_CHUNK {blockData=conID: 1 locID: 102691324699738126 bcsId: 14} | ret=FAILURE | org.apache.hadoop.hdds.scm.container.common.helpers.ContainerNotOpenException: Container 1 in CLOSING state
	at org.apache.hadoop.ozone.container.common.impl.HddsDispatcher.validateContainerCommand(HddsDispatcher.java:408)
	at org.apache.hadoop.ozone.container.common.transport.server.ratis.ContainerStateMachine.startTransaction(ContainerStateMachine.java:309) 
2019-08-27 22:34:42,810 [grpc-default-executor-12] INFO  client.GrpcClientProtocolClient (GrpcClientProtocolClient.java:onNext(255)) - client-9A2C6BAC1252->5c93a3d6-ac2f-433c-ae21-a0594b3a4eb9: receive RaftClientReply:client-9A2C6BAC1252->5c93a3d6-ac2f-433c-ae21-a0594b3a4eb9@group-C47B472BB423, cid=205, FAILED org.apache.ratis.protocol.StateMachineException: org.apache.hadoop.hdds.scm.container.common.helpers.ContainerNotOpenException from Server 5c93a3d6-ac2f-433c-ae21-a0594b3a4eb9: Container 1 in CLOSING state, logIndex=0, commits[5c93a3d6-ac2f-433c-ae21-a0594b3a4eb9:c18, 506fee67-9f81-4cae-aaf5-08e8c0b305e7:c17, 89f59389-d833-4deb-a03d-413db5a1260e:c16]
2019-08-27 22:34:42,811 | ERROR | DNAudit | user=null | ip=null | op=WRITE_CHUNK {blockData=conID: 1 locID: 102691324699738126 bcsId: 14} | ret=FAILURE | org.apache.hadoop.hdds.scm.container.common.helpers.ContainerNotOpenException: Container 1 in CLOSING state
	at org.apache.hadoop.ozone.container.common.impl.HddsDispatcher.validateContainerCommand(HddsDispatcher.java:408)
	at org.apache.hadoop.ozone.container.common.transport.server.ratis.ContainerStateMachine.startTransaction(ContainerStateMachine.java:309) 
2019-08-27 22:34:42,813 | ERROR | DNAudit | user=null | ip=null | op=PUT_BLOCK {blockData=[blockId=conID: 1 locID: 102691324699738126 bcsId: 0,size=650]} | ret=FAILURE | org.apache.hadoop.hdds.scm.container.common.helpers.ContainerNotOpenException: Container 1 in CLOSING state
	at org.apache.hadoop.ozone.container.common.impl.HddsDispatcher.validateContainerCommand(HddsDispatcher.java:408)
	at org.apache.hadoop.ozone.container.common.transport.server.ratis.ContainerStateMachine.startTransaction(ContainerStateMachine.java:309) 
2019-08-27 22:34:42,818 | ERROR | DNAudit | user=null | ip=null | op=WRITE_CHUNK {blockData=conID: 1 locID: 102691324699738126 bcsId: 14} | ret=FAILURE | org.apache.hadoop.hdds.scm.container.common.helpers.ContainerNotOpenException: Container 1 in CLOSING state
	at org.apache.hadoop.ozone.container.common.impl.HddsDispatcher.validateContainerCommand(HddsDispatcher.java:408)
	at org.apache.hadoop.ozone.container.common.transport.server.ratis.ContainerStateMachine.startTransaction(ContainerStateMachine.java:309) 
2019-08-27 22:34:42,821 [grpc-default-executor-12] INFO  client.GrpcClientProtocolClient (GrpcClientProtocolClient.java:onNext(255)) - client-9A2C6BAC1252->5c93a3d6-ac2f-433c-ae21-a0594b3a4eb9: receive RaftClientReply:client-9A2C6BAC1252->5c93a3d6-ac2f-433c-ae21-a0594b3a4eb9@group-C47B472BB423, cid=206, FAILED org.apache.ratis.protocol.StateMachineException: org.apache.hadoop.hdds.scm.container.common.helpers.ContainerNotOpenException from Server 5c93a3d6-ac2f-433c-ae21-a0594b3a4eb9: Container 1 in CLOSING state, logIndex=0, commits[5c93a3d6-ac2f-433c-ae21-a0594b3a4eb9:c18, 506fee67-9f81-4cae-aaf5-08e8c0b305e7:c17, 89f59389-d833-4deb-a03d-413db5a1260e:c16]
2019-08-27 22:34:42,824 [grpc-default-executor-12] INFO  client.GrpcClientProtocolClient (GrpcClientProtocolClient.java:onNext(255)) - client-9A2C6BAC1252->5c93a3d6-ac2f-433c-ae21-a0594b3a4eb9: receive RaftClientReply:client-9A2C6BAC1252->5c93a3d6-ac2f-433c-ae21-a0594b3a4eb9@group-C47B472BB423, cid=207, FAILED org.apache.ratis.protocol.StateMachineException: org.apache.hadoop.hdds.scm.container.common.helpers.ContainerNotOpenException from Server 5c93a3d6-ac2f-433c-ae21-a0594b3a4eb9: Container 1 in CLOSING state, logIndex=0, commits[5c93a3d6-ac2f-433c-ae21-a0594b3a4eb9:c18, 506fee67-9f81-4cae-aaf5-08e8c0b305e7:c17, 89f59389-d833-4deb-a03d-413db5a1260e:c16]
2019-08-27 22:34:42,824 | ERROR | DNAudit | user=null | ip=null | op=WRITE_CHUNK {blockData=conID: 1 locID: 102691324699738126 bcsId: 14} | ret=FAILURE | org.apache.hadoop.hdds.scm.container.common.helpers.ContainerNotOpenException: Container 1 in CLOSING state
	at org.apache.hadoop.ozone.container.common.impl.HddsDispatcher.validateContainerCommand(HddsDispatcher.java:408)
	at org.apache.hadoop.ozone.container.common.transport.server.ratis.ContainerStateMachine.startTransaction(ContainerStateMachine.java:309) 
2019-08-27 22:34:42,827 [grpc-default-executor-12] INFO  client.GrpcClientProtocolClient (GrpcClientProtocolClient.java:onNext(255)) - client-9A2C6BAC1252->5c93a3d6-ac2f-433c-ae21-a0594b3a4eb9: receive RaftClientReply:client-9A2C6BAC1252->5c93a3d6-ac2f-433c-ae21-a0594b3a4eb9@group-C47B472BB423, cid=208, FAILED org.apache.ratis.protocol.StateMachineException: org.apache.hadoop.hdds.scm.container.common.helpers.ContainerNotOpenException from Server 5c93a3d6-ac2f-433c-ae21-a0594b3a4eb9: Container 1 in CLOSING state, logIndex=0, commits[5c93a3d6-ac2f-433c-ae21-a0594b3a4eb9:c18, 506fee67-9f81-4cae-aaf5-08e8c0b305e7:c17, 89f59389-d833-4deb-a03d-413db5a1260e:c16]
2019-08-27 22:34:42,835 | ERROR | DNAudit | user=null | ip=null | op=PUT_BLOCK {blockData=[blockId=conID: 1 locID: 102691324699738126 bcsId: 0,size=800]} | ret=FAILURE | org.apache.hadoop.hdds.scm.container.common.helpers.ContainerNotOpenException: Container 1 in CLOSING state
	at org.apache.hadoop.ozone.container.common.impl.HddsDispatcher.validateContainerCommand(HddsDispatcher.java:408)
	at org.apache.hadoop.ozone.container.common.transport.server.ratis.ContainerStateMachine.startTransaction(ContainerStateMachine.java:309) 
2019-08-27 22:34:42,836 [grpc-default-executor-12] INFO  client.GrpcClientProtocolClient (GrpcClientProtocolClient.java:onNext(255)) - client-9A2C6BAC1252->5c93a3d6-ac2f-433c-ae21-a0594b3a4eb9: receive RaftClientReply:client-9A2C6BAC1252->5c93a3d6-ac2f-433c-ae21-a0594b3a4eb9@group-C47B472BB423, cid=209, FAILED org.apache.ratis.protocol.StateMachineException: org.apache.hadoop.hdds.scm.container.common.helpers.ContainerNotOpenException from Server 5c93a3d6-ac2f-433c-ae21-a0594b3a4eb9: Container 1 in CLOSING state, logIndex=0, commits[5c93a3d6-ac2f-433c-ae21-a0594b3a4eb9:c18, 506fee67-9f81-4cae-aaf5-08e8c0b305e7:c17, 89f59389-d833-4deb-a03d-413db5a1260e:c16]
2019-08-27 22:34:42,840 [grpc-default-executor-12] INFO  client.GrpcClientProtocolClient (GrpcClientProtocolClient.java:onNext(255)) - client-9A2C6BAC1252->5c93a3d6-ac2f-433c-ae21-a0594b3a4eb9: receive RaftClientReply:client-9A2C6BAC1252->5c93a3d6-ac2f-433c-ae21-a0594b3a4eb9@group-C47B472BB423, cid=210, FAILED org.apache.ratis.protocol.StateMachineException: org.apache.hadoop.hdds.scm.container.common.helpers.ContainerNotOpenException from Server 5c93a3d6-ac2f-433c-ae21-a0594b3a4eb9: Container 1 in CLOSING state, logIndex=0, commits[5c93a3d6-ac2f-433c-ae21-a0594b3a4eb9:c18, 506fee67-9f81-4cae-aaf5-08e8c0b305e7:c17, 89f59389-d833-4deb-a03d-413db5a1260e:c16]
2019-08-27 22:34:42,869 | INFO  | SCMAudit | user=jenkins1000 | ip=192.168.36.82 | op=ALLOCATE_BLOCK {owner=a1e9ae55-b663-4a02-a3cc-f874a97f7ccf, size=800, type=RATIS, factor=THREE} | ret=SUCCESS |  
2019-08-27 22:34:42,870 | INFO  | OMAudit | user=jenkins1000 | ip=127.0.0.1 | op=ALLOCATE_BLOCK {volume=testblockoutputstream, bucket=testblockoutputstream, key=de95e301-884e-442d-91cf-a28932d2633f, dataSize=0, replicationType=null, replicationFactor=null, keyLocationInfo=null, clientID=102691324699672589} | ret=SUCCESS |  
2019-08-27 22:34:42,878 [grpc-default-executor-15] INFO  client.GrpcClientProtocolClient (GrpcClientProtocolClient.java:onNext(255)) - client-8B14E494EC56->9cd9b32c-8455-4cb6-9cfb-b7cb8243d3b0: receive RaftClientReply:client-8B14E494EC56->9cd9b32c-8455-4cb6-9cfb-b7cb8243d3b0@group-5B423AC2C46D, cid=211, FAILED org.apache.ratis.protocol.NotLeaderException: Server 9cd9b32c-8455-4cb6-9cfb-b7cb8243d3b0 is not the leader (548722b6-cbc9-4ce8-a377-29ae8acd3811:192.168.36.82:36160). Request must be sent to leader., logIndex=0, commits[9cd9b32c-8455-4cb6-9cfb-b7cb8243d3b0:c0, a81afeb8-02c0-499f-ae14-dff73637c02f:c0, 548722b6-cbc9-4ce8-a377-29ae8acd3811:c0]
2019-08-27 22:34:42,950 | INFO  | SCMAudit | user=jenkins1000 | ip=192.168.36.82 | op=SEND_HEARTBEAT {datanodeUUID=9cd9b32c-8455-4cb6-9cfb-b7cb8243d3b0, command=[]} | ret=SUCCESS |  
2019-08-27 22:34:42,977 | INFO  | DNAudit | user=null | ip=null | op=WRITE_CHUNK {blockData=conID: 2 locID: 102691326058102799 bcsId: 0} | ret=SUCCESS |  
2019-08-27 22:34:42,977 | INFO  | DNAudit | user=null | ip=null | op=WRITE_CHUNK {blockData=conID: 2 locID: 102691326058102799 bcsId: 0} | ret=SUCCESS |  
2019-08-27 22:34:42,977 | INFO  | DNAudit | user=null | ip=null | op=WRITE_CHUNK {blockData=conID: 2 locID: 102691326058102799 bcsId: 0} | ret=SUCCESS |  
2019-08-27 22:34:42,977 | INFO  | SCMAudit | user=jenkins1000 | ip=192.168.36.82 | op=SEND_HEARTBEAT {datanodeUUID=9cd9b32c-8455-4cb6-9cfb-b7cb8243d3b0, command=[]} | ret=SUCCESS |  
2019-08-27 22:34:42,977 | INFO  | SCMAudit | user=jenkins1000 | ip=192.168.36.82 | op=SEND_HEARTBEAT {datanodeUUID=548722b6-cbc9-4ce8-a377-29ae8acd3811, command=[]} | ret=SUCCESS |  
2019-08-27 22:34:42,978 | INFO  | SCMAudit | user=jenkins1000 | ip=192.168.36.82 | op=SEND_HEARTBEAT {datanodeUUID=a81afeb8-02c0-499f-ae14-dff73637c02f, command=[]} | ret=SUCCESS |  
2019-08-27 22:34:42,985 | INFO  | DNAudit | user=null | ip=null | op=WRITE_CHUNK {blockData=conID: 2 locID: 102691326058102799 bcsId: 0} | ret=SUCCESS |  
2019-08-27 22:34:42,993 [grpc-default-executor-16] INFO  client.GrpcClientProtocolClient (GrpcClientProtocolClient.java:onNext(255)) - client-8B14E494EC56->548722b6-cbc9-4ce8-a377-29ae8acd3811: receive RaftClientReply:client-8B14E494EC56->548722b6-cbc9-4ce8-a377-29ae8acd3811@group-5B423AC2C46D, cid=211, SUCCESS, logIndex=1, commits[548722b6-cbc9-4ce8-a377-29ae8acd3811:c1, a81afeb8-02c0-499f-ae14-dff73637c02f:c0, 9cd9b32c-8455-4cb6-9cfb-b7cb8243d3b0:c0]
2019-08-27 22:34:42,994 | INFO  | DNAudit | user=null | ip=null | op=WRITE_CHUNK {blockData=conID: 2 locID: 102691326058102799 bcsId: 0} | ret=SUCCESS |  
2019-08-27 22:34:42,994 | INFO  | DNAudit | user=null | ip=null | op=WRITE_CHUNK {blockData=conID: 2 locID: 102691326058102799 bcsId: 0} | ret=SUCCESS |  
2019-08-27 22:34:42,997 | INFO  | DNAudit | user=null | ip=null | op=WRITE_CHUNK {blockData=conID: 2 locID: 102691326058102799 bcsId: 0} | ret=SUCCESS |  
2019-08-27 22:34:43,000 | INFO  | DNAudit | user=null | ip=null | op=WRITE_CHUNK {blockData=conID: 2 locID: 102691326058102799 bcsId: 0} | ret=SUCCESS |  
2019-08-27 22:34:43,000 | INFO  | DNAudit | user=null | ip=null | op=WRITE_CHUNK {blockData=conID: 2 locID: 102691326058102799 bcsId: 0} | ret=SUCCESS |  
2019-08-27 22:34:43,000 | INFO  | DNAudit | user=null | ip=null | op=WRITE_CHUNK {blockData=conID: 2 locID: 102691326058102799 bcsId: 0} | ret=SUCCESS |  
2019-08-27 22:34:43,001 | INFO  | DNAudit | user=null | ip=null | op=WRITE_CHUNK {blockData=conID: 2 locID: 102691326058102799 bcsId: 0} | ret=SUCCESS |  
2019-08-27 22:34:43,002 | INFO  | DNAudit | user=null | ip=null | op=WRITE_CHUNK {blockData=conID: 2 locID: 102691326058102799 bcsId: 0} | ret=SUCCESS |  
2019-08-27 22:34:43,002 | INFO  | DNAudit | user=null | ip=null | op=WRITE_CHUNK {blockData=conID: 2 locID: 102691326058102799 bcsId: 0} | ret=SUCCESS |  
2019-08-27 22:34:43,002 | INFO  | DNAudit | user=null | ip=null | op=WRITE_CHUNK {blockData=conID: 2 locID: 102691326058102799 bcsId: 0} | ret=SUCCESS |  
2019-08-27 22:34:43,002 | INFO  | DNAudit | user=null | ip=null | op=WRITE_CHUNK {blockData=conID: 2 locID: 102691326058102799 bcsId: 0} | ret=SUCCESS |  
2019-08-27 22:34:43,008 | INFO  | DNAudit | user=null | ip=null | op=WRITE_CHUNK {blockData=conID: 2 locID: 102691326058102799 bcsId: 0} | ret=SUCCESS |  
2019-08-27 22:34:43,016 [grpc-default-executor-16] INFO  client.GrpcClientProtocolClient (GrpcClientProtocolClient.java:onNext(255)) - client-8B14E494EC56->548722b6-cbc9-4ce8-a377-29ae8acd3811: receive RaftClientReply:client-8B14E494EC56->548722b6-cbc9-4ce8-a377-29ae8acd3811@group-5B423AC2C46D, cid=212, SUCCESS, logIndex=3, commits[548722b6-cbc9-4ce8-a377-29ae8acd3811:c4, a81afeb8-02c0-499f-ae14-dff73637c02f:c2, 9cd9b32c-8455-4cb6-9cfb-b7cb8243d3b0:c2]
2019-08-27 22:34:43,017 | INFO  | DNAudit | user=null | ip=null | op=WRITE_CHUNK {blockData=conID: 2 locID: 102691326058102799 bcsId: 0} | ret=SUCCESS |  
2019-08-27 22:34:43,018 | INFO  | DNAudit | user=null | ip=null | op=WRITE_CHUNK {blockData=conID: 2 locID: 102691326058102799 bcsId: 0} | ret=SUCCESS |  
2019-08-27 22:34:43,088 | INFO  | DNAudit | user=null | ip=null | op=PUT_BLOCK {blockData=[blockId=conID: 2 locID: 102691326058102799 bcsId: 0,size=200]} | ret=SUCCESS |  
2019-08-27 22:34:43,091 | INFO  | DNAudit | user=null | ip=null | op=WRITE_CHUNK {blockData=conID: 2 locID: 102691326058102799 bcsId: 0} | ret=SUCCESS |  
2019-08-27 22:34:43,091 | INFO  | DNAudit | user=null | ip=null | op=WRITE_CHUNK {blockData=conID: 2 locID: 102691326058102799 bcsId: 0} | ret=SUCCESS |  
2019-08-27 22:34:43,091 [grpc-default-executor-12] INFO  client.GrpcClientProtocolClient (GrpcClientProtocolClient.java:onNext(255)) - client-8B14E494EC56->548722b6-cbc9-4ce8-a377-29ae8acd3811: receive RaftClientReply:client-8B14E494EC56->548722b6-cbc9-4ce8-a377-29ae8acd3811@group-5B423AC2C46D, cid=213, SUCCESS, logIndex=4, commits[548722b6-cbc9-4ce8-a377-29ae8acd3811:c12, a81afeb8-02c0-499f-ae14-dff73637c02f:c7, 9cd9b32c-8455-4cb6-9cfb-b7cb8243d3b0:c7]
2019-08-27 22:34:43,092 [grpc-default-executor-12] INFO  client.GrpcClientProtocolClient (GrpcClientProtocolClient.java:onNext(255)) - client-8B14E494EC56->548722b6-cbc9-4ce8-a377-29ae8acd3811: receive RaftClientReply:client-8B14E494EC56->548722b6-cbc9-4ce8-a377-29ae8acd3811@group-5B423AC2C46D, cid=214, SUCCESS, logIndex=5, commits[548722b6-cbc9-4ce8-a377-29ae8acd3811:c12, a81afeb8-02c0-499f-ae14-dff73637c02f:c7, 9cd9b32c-8455-4cb6-9cfb-b7cb8243d3b0:c7]
2019-08-27 22:34:43,092 [grpc-default-executor-12] INFO  client.GrpcClientProtocolClient (GrpcClientProtocolClient.java:onNext(255)) - client-8B14E494EC56->548722b6-cbc9-4ce8-a377-29ae8acd3811: receive RaftClientReply:client-8B14E494EC56->548722b6-cbc9-4ce8-a377-29ae8acd3811@group-5B423AC2C46D, cid=215, SUCCESS, logIndex=6, commits[548722b6-cbc9-4ce8-a377-29ae8acd3811:c12, a81afeb8-02c0-499f-ae14-dff73637c02f:c7, 9cd9b32c-8455-4cb6-9cfb-b7cb8243d3b0:c7]
2019-08-27 22:34:43,095 | INFO  | SCMAudit | user=jenkins1000 | ip=192.168.36.82 | op=SEND_HEARTBEAT {datanodeUUID=3684abad-3f62-4e52-8505-9bc5f15bfb14, command=[]} | ret=SUCCESS |  
2019-08-27 22:34:43,148 | INFO  | DNAudit | user=null | ip=null | op=PUT_BLOCK {blockData=[blockId=conID: 2 locID: 102691326058102799 bcsId: 0,size=200]} | ret=SUCCESS |  
2019-08-27 22:34:43,149 | INFO  | DNAudit | user=null | ip=null | op=WRITE_CHUNK {blockData=conID: 2 locID: 102691326058102799 bcsId: 0} | ret=SUCCESS |  
2019-08-27 22:34:43,149 | INFO  | DNAudit | user=null | ip=null | op=WRITE_CHUNK {blockData=conID: 2 locID: 102691326058102799 bcsId: 0} | ret=SUCCESS |  
2019-08-27 22:34:43,196 | INFO  | DNAudit | user=null | ip=null | op=PUT_BLOCK {blockData=[blockId=conID: 2 locID: 102691326058102799 bcsId: 0,size=400]} | ret=SUCCESS |  
2019-08-27 22:34:43,196 | INFO  | DNAudit | user=null | ip=null | op=PUT_BLOCK {blockData=[blockId=conID: 2 locID: 102691326058102799 bcsId: 0,size=400]} | ret=SUCCESS |  
2019-08-27 22:34:43,198 [grpc-default-executor-12] INFO  client.GrpcClientProtocolClient (GrpcClientProtocolClient.java:onNext(255)) - client-8B14E494EC56->548722b6-cbc9-4ce8-a377-29ae8acd3811: receive RaftClientReply:client-8B14E494EC56->548722b6-cbc9-4ce8-a377-29ae8acd3811@group-5B423AC2C46D, cid=216, SUCCESS, logIndex=7, commits[548722b6-cbc9-4ce8-a377-29ae8acd3811:c12, a81afeb8-02c0-499f-ae14-dff73637c02f:c7, 9cd9b32c-8455-4cb6-9cfb-b7cb8243d3b0:c7]
2019-08-27 22:34:43,201 | INFO  | DNAudit | user=null | ip=null | op=WRITE_CHUNK {blockData=conID: 2 locID: 102691326058102799 bcsId: 7} | ret=SUCCESS |  
2019-08-27 22:34:43,203 | INFO  | DNAudit | user=null | ip=null | op=WRITE_CHUNK {blockData=conID: 2 locID: 102691326058102799 bcsId: 7} | ret=SUCCESS |  
2019-08-27 22:34:43,203 | INFO  | DNAudit | user=null | ip=null | op=WRITE_CHUNK {blockData=conID: 2 locID: 102691326058102799 bcsId: 7} | ret=SUCCESS |  
2019-08-27 22:34:43,219 | INFO  | DNAudit | user=null | ip=null | op=PUT_BLOCK {blockData=[blockId=conID: 2 locID: 102691326058102799 bcsId: 0,size=200]} | ret=SUCCESS |  
2019-08-27 22:34:43,220 | INFO  | DNAudit | user=null | ip=null | op=WRITE_CHUNK {blockData=conID: 2 locID: 102691326058102799 bcsId: 0} | ret=SUCCESS |  
2019-08-27 22:34:43,221 | INFO  | DNAudit | user=null | ip=null | op=WRITE_CHUNK {blockData=conID: 2 locID: 102691326058102799 bcsId: 0} | ret=SUCCESS |  
2019-08-27 22:34:43,221 | INFO  | DNAudit | user=null | ip=null | op=PUT_BLOCK {blockData=[blockId=conID: 2 locID: 102691326058102799 bcsId: 0,size=400]} | ret=SUCCESS |  
2019-08-27 22:34:43,233 | INFO  | DNAudit | user=null | ip=null | op=WRITE_CHUNK {blockData=conID: 2 locID: 102691326058102799 bcsId: 7} | ret=SUCCESS |  
2019-08-27 22:34:43,234 | INFO  | DNAudit | user=null | ip=null | op=PUT_BLOCK {blockData=[blockId=conID: 2 locID: 102691326058102799 bcsId: 0,size=450]} | ret=SUCCESS |  
2019-08-27 22:34:43,234 [grpc-default-executor-15] INFO  client.GrpcClientProtocolClient (GrpcClientProtocolClient.java:onNext(255)) - client-8B14E494EC56->548722b6-cbc9-4ce8-a377-29ae8acd3811: receive RaftClientReply:client-8B14E494EC56->548722b6-cbc9-4ce8-a377-29ae8acd3811@group-5B423AC2C46D, cid=217, SUCCESS, logIndex=13, commits[548722b6-cbc9-4ce8-a377-29ae8acd3811:c14, a81afeb8-02c0-499f-ae14-dff73637c02f:c12, 9cd9b32c-8455-4cb6-9cfb-b7cb8243d3b0:c12]
2019-08-27 22:34:43,235 [grpc-default-executor-15] INFO  client.GrpcClientProtocolClient (GrpcClientProtocolClient.java:onNext(255)) - client-8B14E494EC56->548722b6-cbc9-4ce8-a377-29ae8acd3811: receive RaftClientReply:client-8B14E494EC56->548722b6-cbc9-4ce8-a377-29ae8acd3811@group-5B423AC2C46D, cid=218, SUCCESS, logIndex=14, commits[548722b6-cbc9-4ce8-a377-29ae8acd3811:c14, a81afeb8-02c0-499f-ae14-dff73637c02f:c12, 9cd9b32c-8455-4cb6-9cfb-b7cb8243d3b0:c12]
2019-08-27 22:34:43,245 | INFO  | DNAudit | user=null | ip=null | op=WRITE_CHUNK {blockData=conID: 2 locID: 102691326058102799 bcsId: 7} | ret=SUCCESS |  
2019-08-27 22:34:43,245 | INFO  | DNAudit | user=null | ip=null | op=WRITE_CHUNK {blockData=conID: 2 locID: 102691326058102799 bcsId: 7} | ret=SUCCESS |  
2019-08-27 22:34:43,246 | INFO  | DNAudit | user=null | ip=null | op=PUT_BLOCK {blockData=[blockId=conID: 2 locID: 102691326058102799 bcsId: 0,size=450]} | ret=SUCCESS |  
2019-08-27 22:34:43,246 | INFO  | DNAudit | user=null | ip=null | op=PUT_BLOCK {blockData=[blockId=conID: 2 locID: 102691326058102799 bcsId: 0,size=450]} | ret=SUCCESS |  
2019-08-27 22:34:43,250 [grpc-default-executor-15] INFO  client.GrpcClientProtocolClient (GrpcClientProtocolClient.java:onNext(255)) - client-8B14E494EC56->548722b6-cbc9-4ce8-a377-29ae8acd3811: receive RaftClientReply:client-8B14E494EC56->548722b6-cbc9-4ce8-a377-29ae8acd3811@group-5B423AC2C46D, cid=219, SUCCESS, logIndex=0, commits[548722b6-cbc9-4ce8-a377-29ae8acd3811:c15, a81afeb8-02c0-499f-ae14-dff73637c02f:c14, 9cd9b32c-8455-4cb6-9cfb-b7cb8243d3b0:c14]
2019-08-27 22:34:43,252 [main] INFO  ozone.MiniOzoneClusterImpl (MiniOzoneClusterImpl.java:shutdown(321)) - Shutting down the Mini Ozone Cluster
2019-08-27 22:34:43,252 | INFO  | SCMAudit | user=null | ip=null | op=GET_SCM_INFO null | ret=SUCCESS |  
2019-08-27 22:34:43,252 [main] INFO  ozone.MiniOzoneClusterImpl (MiniOzoneClusterImpl.java:stop(336)) - Stopping the Mini Ozone Cluster
2019-08-27 22:34:43,252 [main] INFO  ozone.MiniOzoneClusterImpl (MiniOzoneClusterImpl.java:stop(338)) - Stopping the OzoneManager
2019-08-27 22:34:43,252 [main] INFO  ipc.Server (Server.java:stop(3082)) - Stopping server on 43524
2019-08-27 22:34:43,266 [IPC Server listener on 43524] INFO  ipc.Server (Server.java:run(1185)) - Stopping IPC Server listener on 43524
2019-08-27 22:34:43,268 [main] INFO  ratis.OzoneManagerDoubleBuffer (OzoneManagerDoubleBuffer.java:stop(248)) - Stopping OMDoubleBuffer flush thread
2019-08-27 22:34:43,270 [IPC Server Responder] INFO  ipc.Server (Server.java:run(1319)) - Stopping IPC Server Responder
2019-08-27 22:34:43,279 [OMDoubleBufferFlushThread] INFO  ratis.OzoneManagerDoubleBuffer (OzoneManagerDoubleBuffer.java:flushTransactions(191)) - OMDoubleBuffer flush thread OMDoubleBufferFlushThread is interrupted and will exit. OMDoubleBufferFlushThread
2019-08-27 22:34:43,288 [main] INFO  utils.BackgroundService (BackgroundService.java:shutdown(148)) - Shutting down service KeyDeletingService
2019-08-27 22:34:43,297 [main] INFO  handler.ContextHandler (ContextHandler.java:doStop(910)) - Stopped o.e.j.w.WebAppContext@18f8c76d{/,null,UNAVAILABLE}{/ozoneManager}
2019-08-27 22:34:43,298 [main] INFO  server.AbstractConnector (AbstractConnector.java:doStop(318)) - Stopped ServerConnector@383d2e2d{HTTP/1.1,[http/1.1]}{0.0.0.0:0}
2019-08-27 22:34:43,299 [main] INFO  handler.ContextHandler (ContextHandler.java:doStop(910)) - Stopped o.e.j.s.ServletContextHandler@7a6078d{/static,file:///workdir/hadoop-ozone/integration-test/target/test-classes/webapps/static,UNAVAILABLE}
2019-08-27 22:34:43,299 [main] INFO  handler.ContextHandler (ContextHandler.java:doStop(910)) - Stopped o.e.j.s.ServletContextHandler@48e1e18a{/logs,file:///workdir/hadoop-ozone/integration-test/target/log,UNAVAILABLE}
2019-08-27 22:34:43,302 [main] INFO  ozone.MiniOzoneClusterImpl (MiniOzoneClusterImpl.java:stop(344)) - Shutting the HddsDatanodes
2019-08-27 22:34:43,302 [main] INFO  datanode.ObjectStoreHandler (ObjectStoreHandler.java:close(155)) - Closing ObjectStoreHandler.
2019-08-27 22:34:43,302 [ForkJoinPool.commonPool-worker-0] INFO  datanode.ObjectStoreHandler (ObjectStoreHandler.java:close(155)) - Closing ObjectStoreHandler.
2019-08-27 22:34:43,303 [main] INFO  ozone.HddsDatanodeService (HddsDatanodeService.java:stop(451)) - Stopped plug-in org.apache.hadoop.ozone.web.OzoneHddsDatanodeService@34e4a136
2019-08-27 22:34:43,303 [ForkJoinPool.commonPool-worker-0] INFO  ozone.HddsDatanodeService (HddsDatanodeService.java:stop(451)) - Stopped plug-in org.apache.hadoop.ozone.web.OzoneHddsDatanodeService@73864c16
2019-08-27 22:34:43,433 [Datanode State Machine Thread - 0] INFO  statemachine.DatanodeStateMachine (DatanodeStateMachine.java:lambda$startDaemon$0(350)) - Ozone container server started.
2019-08-27 22:34:43,444 | INFO  | SCMAudit | user=jenkins1000 | ip=192.168.36.82 | op=SEND_HEARTBEAT {datanodeUUID=506fee67-9f81-4cae-aaf5-08e8c0b305e7, command=[]} | ret=SUCCESS |  
2019-08-27 22:34:43,977 [Datanode State Machine Thread - 0] INFO  statemachine.DatanodeStateMachine (DatanodeStateMachine.java:lambda$startDaemon$0(350)) - Ozone container server started.
2019-08-27 22:34:43,978 | INFO  | SCMAudit | user=jenkins1000 | ip=192.168.36.82 | op=SEND_HEARTBEAT {datanodeUUID=548722b6-cbc9-4ce8-a377-29ae8acd3811, command=[]} | ret=SUCCESS |  
2019-08-27 22:34:43,978 | INFO  | SCMAudit | user=jenkins1000 | ip=192.168.36.82 | op=SEND_HEARTBEAT {datanodeUUID=9cd9b32c-8455-4cb6-9cfb-b7cb8243d3b0, command=[]} | ret=SUCCESS |  
2019-08-27 22:34:44,095 | INFO  | SCMAudit | user=jenkins1000 | ip=192.168.36.82 | op=SEND_HEARTBEAT {datanodeUUID=3684abad-3f62-4e52-8505-9bc5f15bfb14, command=[]} | ret=SUCCESS |  
2019-08-27 22:34:44,443 | INFO  | SCMAudit | user=jenkins1000 | ip=192.168.36.82 | op=SEND_HEARTBEAT {datanodeUUID=506fee67-9f81-4cae-aaf5-08e8c0b305e7, command=[]} | ret=SUCCESS |  
2019-08-27 22:34:44,978 | INFO  | SCMAudit | user=jenkins1000 | ip=192.168.36.82 | op=SEND_HEARTBEAT {datanodeUUID=548722b6-cbc9-4ce8-a377-29ae8acd3811, command=[]} | ret=SUCCESS |  
2019-08-27 22:34:44,978 | INFO  | SCMAudit | user=jenkins1000 | ip=192.168.36.82 | op=SEND_HEARTBEAT {datanodeUUID=9cd9b32c-8455-4cb6-9cfb-b7cb8243d3b0, command=[]} | ret=SUCCESS |  
2019-08-27 22:34:45,095 | INFO  | SCMAudit | user=jenkins1000 | ip=192.168.36.82 | op=SEND_HEARTBEAT {datanodeUUID=3684abad-3f62-4e52-8505-9bc5f15bfb14, command=[]} | ret=SUCCESS |  
2019-08-27 22:34:45,205 [grpc-default-executor-16] WARN  server.GrpcLogAppender (LogUtils.java:warn(134)) - 5c93a3d6-ac2f-433c-ae21-a0594b3a4eb9->89f59389-d833-4deb-a03d-413db5a1260e: Failed appendEntries: org.apache.ratis.thirdparty.io.grpc.StatusRuntimeException: UNAVAILABLE: io exception
2019-08-27 22:34:45,205 [grpc-default-executor-16] INFO  impl.FollowerInfo (FollowerInfo.java:lambda$new$0(50)) - 5c93a3d6-ac2f-433c-ae21-a0594b3a4eb9->89f59389-d833-4deb-a03d-413db5a1260e: nextIndex: updateUnconditionally 1 -> 0
2019-08-27 22:34:45,443 | INFO  | SCMAudit | user=jenkins1000 | ip=192.168.36.82 | op=SEND_HEARTBEAT {datanodeUUID=506fee67-9f81-4cae-aaf5-08e8c0b305e7, command=[]} | ret=SUCCESS |  
2019-08-27 22:34:45,978 | INFO  | SCMAudit | user=jenkins1000 | ip=192.168.36.82 | op=SEND_HEARTBEAT {datanodeUUID=9cd9b32c-8455-4cb6-9cfb-b7cb8243d3b0, command=[]} | ret=SUCCESS |  
2019-08-27 22:34:45,978 | INFO  | SCMAudit | user=jenkins1000 | ip=192.168.36.82 | op=SEND_HEARTBEAT {datanodeUUID=548722b6-cbc9-4ce8-a377-29ae8acd3811, command=[]} | ret=SUCCESS |  
2019-08-27 22:34:46,096 | INFO  | SCMAudit | user=jenkins1000 | ip=192.168.36.82 | op=SEND_HEARTBEAT {datanodeUUID=3684abad-3f62-4e52-8505-9bc5f15bfb14, command=[]} | ret=SUCCESS |  
2019-08-27 22:34:46,444 | INFO  | SCMAudit | user=jenkins1000 | ip=192.168.36.82 | op=SEND_HEARTBEAT {datanodeUUID=506fee67-9f81-4cae-aaf5-08e8c0b305e7, command=[]} | ret=SUCCESS |  
2019-08-27 22:34:46,979 | INFO  | SCMAudit | user=jenkins1000 | ip=192.168.36.82 | op=SEND_HEARTBEAT {datanodeUUID=548722b6-cbc9-4ce8-a377-29ae8acd3811, command=[]} | ret=SUCCESS |  
2019-08-27 22:34:46,979 | INFO  | SCMAudit | user=jenkins1000 | ip=192.168.36.82 | op=SEND_HEARTBEAT {datanodeUUID=9cd9b32c-8455-4cb6-9cfb-b7cb8243d3b0, command=[]} | ret=SUCCESS |  
2019-08-27 22:34:47,096 | INFO  | SCMAudit | user=jenkins1000 | ip=192.168.36.82 | op=SEND_HEARTBEAT {datanodeUUID=3684abad-3f62-4e52-8505-9bc5f15bfb14, command=[]} | ret=SUCCESS |  
2019-08-27 22:34:47,443 | INFO  | SCMAudit | user=jenkins1000 | ip=192.168.36.82 | op=SEND_HEARTBEAT {datanodeUUID=506fee67-9f81-4cae-aaf5-08e8c0b305e7, command=[]} | ret=SUCCESS |  
2019-08-27 22:34:47,462 [EventQueue-StaleNodeForStaleNodeHandler] INFO  node.StaleNodeHandler (StaleNodeHandler.java:onMessage(58)) - Datanode 5c93a3d6-ac2f-433c-ae21-a0594b3a4eb9{ip: 192.168.36.82, host: pr-hdds-1935-gfhxc-3829810507, networkLocation: /default-rack, certSerialId: null} moved to stale state. Finalizing its pipelines [PipelineID=a3153706-d8e8-472b-9e61-83669d46bc52, PipelineID=4ee5b5a7-5761-4a08-92ed-c47b472bb423]
2019-08-27 22:34:47,463 [EventQueue-StaleNodeForStaleNodeHandler] INFO  pipeline.SCMPipelineManager (SCMPipelineManager.java:finalizeAndDestroyPipeline(309)) - destroying pipeline:Pipeline[ Id: a3153706-d8e8-472b-9e61-83669d46bc52, Nodes: 5c93a3d6-ac2f-433c-ae21-a0594b3a4eb9{ip: 192.168.36.82, host: pr-hdds-1935-gfhxc-3829810507, networkLocation: /default-rack, certSerialId: null}, Type:RATIS, Factor:ONE, State:OPEN]
2019-08-27 22:34:47,463 [EventQueue-StaleNodeForStaleNodeHandler] INFO  pipeline.PipelineStateManager (PipelineStateManager.java:finalizePipeline(123)) - Pipeline Pipeline[ Id: a3153706-d8e8-472b-9e61-83669d46bc52, Nodes: 5c93a3d6-ac2f-433c-ae21-a0594b3a4eb9{ip: 192.168.36.82, host: pr-hdds-1935-gfhxc-3829810507, networkLocation: /default-rack, certSerialId: null}, Type:RATIS, Factor:ONE, State:CLOSED] moved to CLOSED state
2019-08-27 22:34:47,463 [EventQueue-StaleNodeForStaleNodeHandler] INFO  pipeline.SCMPipelineManager (SCMPipelineManager.java:finalizeAndDestroyPipeline(309)) - destroying pipeline:Pipeline[ Id: 4ee5b5a7-5761-4a08-92ed-c47b472bb423, Nodes: 89f59389-d833-4deb-a03d-413db5a1260e{ip: 192.168.36.82, host: pr-hdds-1935-gfhxc-3829810507, networkLocation: /default-rack, certSerialId: null}5c93a3d6-ac2f-433c-ae21-a0594b3a4eb9{ip: 192.168.36.82, host: pr-hdds-1935-gfhxc-3829810507, networkLocation: /default-rack, certSerialId: null}506fee67-9f81-4cae-aaf5-08e8c0b305e7{ip: 192.168.36.82, host: pr-hdds-1935-gfhxc-3829810507, networkLocation: /default-rack, certSerialId: null}, Type:RATIS, Factor:THREE, State:CLOSED]
2019-08-27 22:34:47,703 [grpc-default-executor-14] WARN  server.GrpcLogAppender (LogUtils.java:warn(134)) - 5c93a3d6-ac2f-433c-ae21-a0594b3a4eb9->89f59389-d833-4deb-a03d-413db5a1260e: Failed appendEntries: org.apache.ratis.thirdparty.io.grpc.StatusRuntimeException: UNAVAILABLE: io exception
2019-08-27 22:34:47,704 [grpc-default-executor-14] INFO  impl.FollowerInfo (FollowerInfo.java:lambda$new$0(50)) - 5c93a3d6-ac2f-433c-ae21-a0594b3a4eb9->89f59389-d833-4deb-a03d-413db5a1260e: nextIndex: updateUnconditionally 0 -> 0
2019-08-27 22:34:47,979 | INFO  | SCMAudit | user=jenkins1000 | ip=192.168.36.82 | op=SEND_HEARTBEAT {datanodeUUID=548722b6-cbc9-4ce8-a377-29ae8acd3811, command=[]} | ret=SUCCESS |  
2019-08-27 22:34:47,979 | INFO  | SCMAudit | user=jenkins1000 | ip=192.168.36.82 | op=SEND_HEARTBEAT {datanodeUUID=9cd9b32c-8455-4cb6-9cfb-b7cb8243d3b0, command=[]} | ret=SUCCESS |  
2019-08-27 22:34:48,063 [EventQueue-StaleNodeForStaleNodeHandler] INFO  node.StaleNodeHandler (StaleNodeHandler.java:onMessage(58)) - Datanode a81afeb8-02c0-499f-ae14-dff73637c02f{ip: 192.168.36.82, host: pr-hdds-1935-gfhxc-3829810507, networkLocation: /default-rack, certSerialId: null} moved to stale state. Finalizing its pipelines [PipelineID=547e009f-df43-464a-af81-4d151d13f66f, PipelineID=8d33e630-643b-41c0-b665-5b423ac2c46d]
2019-08-27 22:34:48,063 [EventQueue-StaleNodeForStaleNodeHandler] INFO  pipeline.SCMPipelineManager (SCMPipelineManager.java:finalizeAndDestroyPipeline(309)) - destroying pipeline:Pipeline[ Id: 547e009f-df43-464a-af81-4d151d13f66f, Nodes: a81afeb8-02c0-499f-ae14-dff73637c02f{ip: 192.168.36.82, host: pr-hdds-1935-gfhxc-3829810507, networkLocation: /default-rack, certSerialId: null}, Type:RATIS, Factor:ONE, State:OPEN]
2019-08-27 22:34:48,064 [EventQueue-StaleNodeForStaleNodeHandler] INFO  pipeline.PipelineStateManager (PipelineStateManager.java:finalizePipeline(123)) - Pipeline Pipeline[ Id: 547e009f-df43-464a-af81-4d151d13f66f, Nodes: a81afeb8-02c0-499f-ae14-dff73637c02f{ip: 192.168.36.82, host: pr-hdds-1935-gfhxc-3829810507, networkLocation: /default-rack, certSerialId: null}, Type:RATIS, Factor:ONE, State:CLOSED] moved to CLOSED state
2019-08-27 22:34:48,064 [EventQueue-StaleNodeForStaleNodeHandler] INFO  pipeline.SCMPipelineManager (SCMPipelineManager.java:finalizeAndDestroyPipeline(309)) - destroying pipeline:Pipeline[ Id: 8d33e630-643b-41c0-b665-5b423ac2c46d, Nodes: 9cd9b32c-8455-4cb6-9cfb-b7cb8243d3b0{ip: 192.168.36.82, host: pr-hdds-1935-gfhxc-3829810507, networkLocation: /default-rack, certSerialId: null}548722b6-cbc9-4ce8-a377-29ae8acd3811{ip: 192.168.36.82, host: pr-hdds-1935-gfhxc-3829810507, networkLocation: /default-rack, certSerialId: null}a81afeb8-02c0-499f-ae14-dff73637c02f{ip: 192.168.36.82, host: pr-hdds-1935-gfhxc-3829810507, networkLocation: /default-rack, certSerialId: null}, Type:RATIS, Factor:THREE, State:OPEN]
2019-08-27 22:34:48,064 [EventQueue-StaleNodeForStaleNodeHandler] INFO  pipeline.PipelineStateManager (PipelineStateManager.java:finalizePipeline(123)) - Pipeline Pipeline[ Id: 8d33e630-643b-41c0-b665-5b423ac2c46d, Nodes: 9cd9b32c-8455-4cb6-9cfb-b7cb8243d3b0{ip: 192.168.36.82, host: pr-hdds-1935-gfhxc-3829810507, networkLocation: /default-rack, certSerialId: null}548722b6-cbc9-4ce8-a377-29ae8acd3811{ip: 192.168.36.82, host: pr-hdds-1935-gfhxc-3829810507, networkLocation: /default-rack, certSerialId: null}a81afeb8-02c0-499f-ae14-dff73637c02f{ip: 192.168.36.82, host: pr-hdds-1935-gfhxc-3829810507, networkLocation: /default-rack, certSerialId: null}, Type:RATIS, Factor:THREE, State:CLOSED] moved to CLOSED state
2019-08-27 22:34:48,065 [EventQueue-CloseContainerForCloseContainerEventHandler] INFO  container.CloseContainerEventHandler (CloseContainerEventHandler.java:onMessage(61)) - Close container Event triggered for container : #2
2019-08-27 22:34:48,096 | INFO  | SCMAudit | user=jenkins1000 | ip=192.168.36.82 | op=SEND_HEARTBEAT {datanodeUUID=3684abad-3f62-4e52-8505-9bc5f15bfb14, command=[]} | ret=SUCCESS |  
2019-08-27 22:34:48,304 [main] INFO  ozoneimpl.OzoneContainer (OzoneContainer.java:stop(199)) - Attempting to stop container services.
2019-08-27 22:34:48,304 [ForkJoinPool.commonPool-worker-0] INFO  ozoneimpl.OzoneContainer (OzoneContainer.java:stop(199)) - Attempting to stop container services.
2019-08-27 22:34:48,304 [ForkJoinPool.commonPool-worker-0] INFO  impl.RaftServerProxy (RaftServerProxy.java:lambda$close$4(314)) - a81afeb8-02c0-499f-ae14-dff73637c02f: close
2019-08-27 22:34:48,304 [main] INFO  impl.RaftServerProxy (RaftServerProxy.java:lambda$close$4(314)) - 5c93a3d6-ac2f-433c-ae21-a0594b3a4eb9: close
2019-08-27 22:34:48,309 [ForkJoinPool.commonPool-worker-0] INFO  impl.RaftServerImpl (RaftServerImpl.java:lambda$shutdown$3(245)) - a81afeb8-02c0-499f-ae14-dff73637c02f: shutdown group-4D151D13F66F
2019-08-27 22:34:48,309 [main] INFO  impl.RaftServerImpl (RaftServerImpl.java:lambda$shutdown$3(245)) - 5c93a3d6-ac2f-433c-ae21-a0594b3a4eb9: shutdown group-83669D46BC52
2019-08-27 22:34:48,309 [ForkJoinPool.commonPool-worker-0] INFO  util.JmxRegister (JmxRegister.java:unregister(73)) - Successfully un-registered JMX Bean with object name Ratis:service=RaftServer,group=group-4D151D13F66F,id=a81afeb8-02c0-499f-ae14-dff73637c02f
2019-08-27 22:34:48,309 [main] INFO  util.JmxRegister (JmxRegister.java:unregister(73)) - Successfully un-registered JMX Bean with object name Ratis:service=RaftServer,group=group-83669D46BC52,id=5c93a3d6-ac2f-433c-ae21-a0594b3a4eb9
2019-08-27 22:34:48,310 [main] INFO  impl.RoleInfo (RoleInfo.java:shutdownLeaderState(104)) - 5c93a3d6-ac2f-433c-ae21-a0594b3a4eb9: shutdown LeaderState
2019-08-27 22:34:48,310 [ForkJoinPool.commonPool-worker-0] INFO  impl.RoleInfo (RoleInfo.java:shutdownLeaderState(104)) - a81afeb8-02c0-499f-ae14-dff73637c02f: shutdown LeaderState
2019-08-27 22:34:48,310 [main] INFO  impl.PendingRequests (PendingRequests.java:sendNotLeaderResponses(202)) - 5c93a3d6-ac2f-433c-ae21-a0594b3a4eb9-PendingRequests: sendNotLeaderResponses
2019-08-27 22:34:48,310 [ForkJoinPool.commonPool-worker-0] INFO  impl.PendingRequests (PendingRequests.java:sendNotLeaderResponses(202)) - a81afeb8-02c0-499f-ae14-dff73637c02f-PendingRequests: sendNotLeaderResponses
2019-08-27 22:34:48,311 [main] INFO  impl.StateMachineUpdater (StateMachineUpdater.java:stopAndJoin(115)) - StateMachineUpdater:5c93a3d6-ac2f-433c-ae21-a0594b3a4eb9:group-83669D46BC52: set stopIndex = 0
2019-08-27 22:34:48,311 [ForkJoinPool.commonPool-worker-0] INFO  impl.StateMachineUpdater (StateMachineUpdater.java:stopAndJoin(115)) - StateMachineUpdater:a81afeb8-02c0-499f-ae14-dff73637c02f:group-4D151D13F66F: set stopIndex = 0
2019-08-27 22:34:48,311 [main] INFO  impl.RaftServerImpl (ServerState.java:close(394)) - 5c93a3d6-ac2f-433c-ae21-a0594b3a4eb9:group-83669D46BC52 closes. The last applied log index is 0
2019-08-27 22:34:48,311 [ForkJoinPool.commonPool-worker-0] INFO  impl.RaftServerImpl (ServerState.java:close(394)) - a81afeb8-02c0-499f-ae14-dff73637c02f:group-4D151D13F66F closes. The last applied log index is 0
2019-08-27 22:34:48,312 [5c93a3d6-ac2f-433c-ae21-a0594b3a4eb9-SegmentedRaftLogWorker:Storage Directory /workdir/hadoop-ozone/integration-test/target/test-dir/MiniOzoneClusterImpl-4bfb73da-a5a9-4fb9-9b48-1b3bedb326df/datanode-3/data/ratis/a3153706-d8e8-472b-9e61-83669d46bc52] INFO  segmented.SegmentedRaftLogWorker (SegmentedRaftLogWorker.java:run(313)) - 5c93a3d6-ac2f-433c-ae21-a0594b3a4eb9-SegmentedRaftLogWorker:Storage Directory /workdir/hadoop-ozone/integration-test/target/test-dir/MiniOzoneClusterImpl-4bfb73da-a5a9-4fb9-9b48-1b3bedb326df/datanode-3/data/ratis/a3153706-d8e8-472b-9e61-83669d46bc52 was interrupted, exiting. There are 0 tasks remaining in the queue.
2019-08-27 22:34:48,312 [a81afeb8-02c0-499f-ae14-dff73637c02f-SegmentedRaftLogWorker:Storage Directory /workdir/hadoop-ozone/integration-test/target/test-dir/MiniOzoneClusterImpl-4bfb73da-a5a9-4fb9-9b48-1b3bedb326df/datanode-1/data/ratis/547e009f-df43-464a-af81-4d151d13f66f] INFO  segmented.SegmentedRaftLogWorker (SegmentedRaftLogWorker.java:run(313)) - a81afeb8-02c0-499f-ae14-dff73637c02f-SegmentedRaftLogWorker:Storage Directory /workdir/hadoop-ozone/integration-test/target/test-dir/MiniOzoneClusterImpl-4bfb73da-a5a9-4fb9-9b48-1b3bedb326df/datanode-1/data/ratis/547e009f-df43-464a-af81-4d151d13f66f was interrupted, exiting. There are 0 tasks remaining in the queue.
2019-08-27 22:34:48,315 [main] INFO  segmented.SegmentedRaftLogWorker (SegmentedRaftLogWorker.java:close(228)) - 5c93a3d6-ac2f-433c-ae21-a0594b3a4eb9-SegmentedRaftLogWorker:Storage Directory /workdir/hadoop-ozone/integration-test/target/test-dir/MiniOzoneClusterImpl-4bfb73da-a5a9-4fb9-9b48-1b3bedb326df/datanode-3/data/ratis/a3153706-d8e8-472b-9e61-83669d46bc52 close()
2019-08-27 22:34:48,316 [ForkJoinPool.commonPool-worker-0] INFO  segmented.SegmentedRaftLogWorker (SegmentedRaftLogWorker.java:close(228)) - a81afeb8-02c0-499f-ae14-dff73637c02f-SegmentedRaftLogWorker:Storage Directory /workdir/hadoop-ozone/integration-test/target/test-dir/MiniOzoneClusterImpl-4bfb73da-a5a9-4fb9-9b48-1b3bedb326df/datanode-1/data/ratis/547e009f-df43-464a-af81-4d151d13f66f close()
2019-08-27 22:34:48,319 [main] INFO  impl.RaftServerImpl (RaftServerImpl.java:lambda$shutdown$3(245)) - 5c93a3d6-ac2f-433c-ae21-a0594b3a4eb9: shutdown group-C47B472BB423
2019-08-27 22:34:48,322 [ForkJoinPool.commonPool-worker-0] INFO  impl.RaftServerImpl (RaftServerImpl.java:lambda$shutdown$3(245)) - a81afeb8-02c0-499f-ae14-dff73637c02f: shutdown group-5B423AC2C46D
2019-08-27 22:34:48,323 [main] INFO  util.JmxRegister (JmxRegister.java:unregister(73)) - Successfully un-registered JMX Bean with object name Ratis:service=RaftServer,group=group-C47B472BB423,id=5c93a3d6-ac2f-433c-ae21-a0594b3a4eb9
2019-08-27 22:34:48,323 [ForkJoinPool.commonPool-worker-0] INFO  util.JmxRegister (JmxRegister.java:unregister(73)) - Successfully un-registered JMX Bean with object name Ratis:service=RaftServer,group=group-5B423AC2C46D,id=a81afeb8-02c0-499f-ae14-dff73637c02f
2019-08-27 22:34:48,323 [main] INFO  impl.RoleInfo (RoleInfo.java:shutdownLeaderState(104)) - 5c93a3d6-ac2f-433c-ae21-a0594b3a4eb9: shutdown LeaderState
2019-08-27 22:34:48,323 [ForkJoinPool.commonPool-worker-0] INFO  impl.RoleInfo (RoleInfo.java:shutdownFollowerState(121)) - a81afeb8-02c0-499f-ae14-dff73637c02f: shutdown FollowerState
2019-08-27 22:34:48,327 [org.apache.ratis.server.impl.LogAppender$AppenderDaemon$$Lambda$477/836828760@c088266] WARN  server.GrpcLogAppender (GrpcLogAppender.java:mayWait(143)) - GrpcLogAppender(5c93a3d6-ac2f-433c-ae21-a0594b3a4eb9->89f59389-d833-4deb-a03d-413db5a1260e): Wait interrupted by java.lang.InterruptedException
2019-08-27 22:34:48,327 [org.apache.ratis.server.impl.LogAppender$AppenderDaemon$$Lambda$477/836828760@658fddf9] WARN  server.GrpcLogAppender (GrpcLogAppender.java:mayWait(143)) - GrpcLogAppender(5c93a3d6-ac2f-433c-ae21-a0594b3a4eb9->506fee67-9f81-4cae-aaf5-08e8c0b305e7): Wait interrupted by java.lang.InterruptedException
2019-08-27 22:34:48,327 [main] INFO  impl.PendingRequests (PendingRequests.java:sendNotLeaderResponses(202)) - 5c93a3d6-ac2f-433c-ae21-a0594b3a4eb9-PendingRequests: sendNotLeaderResponses
2019-08-27 22:34:48,327 [StateMachineUpdater:a81afeb8-02c0-499f-ae14-dff73637c02f:group-5B423AC2C46D] INFO  ratis.ContainerStateMachine (ContainerStateMachine.java:takeSnapshot(283)) - group-5B423AC2C46D: Taking a snapshot at:(t:2, i:14) file /workdir/hadoop-ozone/integration-test/target/test-dir/MiniOzoneClusterImpl-4bfb73da-a5a9-4fb9-9b48-1b3bedb326df/datanode-1/data/ratis/8d33e630-643b-41c0-b665-5b423ac2c46d/sm/snapshot.2_14
2019-08-27 22:34:48,327 [Thread-3876] INFO  impl.FollowerState (FollowerState.java:run(114)) - a81afeb8-02c0-499f-ae14-dff73637c02f: FollowerState was interrupted: java.lang.InterruptedException: sleep interrupted
2019-08-27 22:34:48,327 [ForkJoinPool.commonPool-worker-0] INFO  impl.StateMachineUpdater (StateMachineUpdater.java:stopAndJoin(115)) - StateMachineUpdater:a81afeb8-02c0-499f-ae14-dff73637c02f:group-5B423AC2C46D: set stopIndex = 16
2019-08-27 22:34:48,329 [StateMachineUpdater:5c93a3d6-ac2f-433c-ae21-a0594b3a4eb9:group-C47B472BB423] INFO  ratis.ContainerStateMachine (ContainerStateMachine.java:takeSnapshot(283)) - group-C47B472BB423: Taking a snapshot at:(t:1, i:14) file /workdir/hadoop-ozone/integration-test/target/test-dir/MiniOzoneClusterImpl-4bfb73da-a5a9-4fb9-9b48-1b3bedb326df/datanode-3/data/ratis/4ee5b5a7-5761-4a08-92ed-c47b472bb423/sm/snapshot.1_14
2019-08-27 22:34:48,329 [grpc-default-executor-14] INFO  server.GrpcServerProtocolService (GrpcServerProtocolService.java:onCompleted(104)) - 506fee67-9f81-4cae-aaf5-08e8c0b305e7: appendEntries completed
2019-08-27 22:34:48,328 [main] INFO  impl.StateMachineUpdater (StateMachineUpdater.java:stopAndJoin(115)) - StateMachineUpdater:5c93a3d6-ac2f-433c-ae21-a0594b3a4eb9:group-C47B472BB423: set stopIndex = 18
2019-08-27 22:34:48,331 [grpc-default-executor-14] INFO  server.GrpcLogAppender (GrpcLogAppender.java:onCompleted(292)) - 5c93a3d6-ac2f-433c-ae21-a0594b3a4eb9->506fee67-9f81-4cae-aaf5-08e8c0b305e7: follower responses appendEntries COMPLETED
2019-08-27 22:34:48,331 [grpc-default-executor-14] INFO  impl.FollowerInfo (FollowerInfo.java:lambda$new$0(50)) - 5c93a3d6-ac2f-433c-ae21-a0594b3a4eb9->506fee67-9f81-4cae-aaf5-08e8c0b305e7: nextIndex: updateUnconditionally 19 -> 18
2019-08-27 22:34:48,343 [StateMachineUpdater:5c93a3d6-ac2f-433c-ae21-a0594b3a4eb9:group-C47B472BB423] INFO  ratis.ContainerStateMachine (ContainerStateMachine.java:takeSnapshot(294)) - group-C47B472BB423: Finished taking a snapshot at:(t:1, i:14) file:/workdir/hadoop-ozone/integration-test/target/test-dir/MiniOzoneClusterImpl-4bfb73da-a5a9-4fb9-9b48-1b3bedb326df/datanode-3/data/ratis/4ee5b5a7-5761-4a08-92ed-c47b472bb423/sm/snapshot.1_14 time:14
2019-08-27 22:34:48,343 [StateMachineUpdater:5c93a3d6-ac2f-433c-ae21-a0594b3a4eb9:group-C47B472BB423] INFO  impl.StateMachineUpdater (StateMachineUpdater.java:takeSnapshot(242)) - StateMachineUpdater:5c93a3d6-ac2f-433c-ae21-a0594b3a4eb9:group-C47B472BB423: Took a snapshot at index 14
2019-08-27 22:34:48,343 [StateMachineUpdater:a81afeb8-02c0-499f-ae14-dff73637c02f:group-5B423AC2C46D] INFO  ratis.ContainerStateMachine (ContainerStateMachine.java:takeSnapshot(294)) - group-5B423AC2C46D: Finished taking a snapshot at:(t:2, i:14) file:/workdir/hadoop-ozone/integration-test/target/test-dir/MiniOzoneClusterImpl-4bfb73da-a5a9-4fb9-9b48-1b3bedb326df/datanode-1/data/ratis/8d33e630-643b-41c0-b665-5b423ac2c46d/sm/snapshot.2_14 time:16
2019-08-27 22:34:48,343 [StateMachineUpdater:a81afeb8-02c0-499f-ae14-dff73637c02f:group-5B423AC2C46D] INFO  impl.StateMachineUpdater (StateMachineUpdater.java:takeSnapshot(242)) - StateMachineUpdater:a81afeb8-02c0-499f-ae14-dff73637c02f:group-5B423AC2C46D: Took a snapshot at index 14
2019-08-27 22:34:48,343 [StateMachineUpdater:5c93a3d6-ac2f-433c-ae21-a0594b3a4eb9:group-C47B472BB423] INFO  impl.StateMachineUpdater (StateMachineUpdater.java:lambda$new$0(80)) - StateMachineUpdater:5c93a3d6-ac2f-433c-ae21-a0594b3a4eb9:group-C47B472BB423: snapshotIndex: updateIncreasingly -1 -> 14
2019-08-27 22:34:48,343 [StateMachineUpdater:a81afeb8-02c0-499f-ae14-dff73637c02f:group-5B423AC2C46D] INFO  impl.StateMachineUpdater (StateMachineUpdater.java:lambda$new$0(80)) - StateMachineUpdater:a81afeb8-02c0-499f-ae14-dff73637c02f:group-5B423AC2C46D: snapshotIndex: updateIncreasingly -1 -> 14
2019-08-27 22:34:48,344 [main] INFO  impl.RaftServerImpl (ServerState.java:close(394)) - 5c93a3d6-ac2f-433c-ae21-a0594b3a4eb9:group-C47B472BB423 closes. The last applied log index is 18
2019-08-27 22:34:48,344 [ForkJoinPool.commonPool-worker-0] INFO  impl.RaftServerImpl (ServerState.java:close(394)) - a81afeb8-02c0-499f-ae14-dff73637c02f:group-5B423AC2C46D closes. The last applied log index is 16
2019-08-27 22:34:48,344 [5c93a3d6-ac2f-433c-ae21-a0594b3a4eb9-SegmentedRaftLogWorker:Storage Directory /workdir/hadoop-ozone/integration-test/target/test-dir/MiniOzoneClusterImpl-4bfb73da-a5a9-4fb9-9b48-1b3bedb326df/datanode-3/data/ratis/4ee5b5a7-5761-4a08-92ed-c47b472bb423] INFO  segmented.SegmentedRaftLogWorker (SegmentedRaftLogWorker.java:run(313)) - 5c93a3d6-ac2f-433c-ae21-a0594b3a4eb9-SegmentedRaftLogWorker:Storage Directory /workdir/hadoop-ozone/integration-test/target/test-dir/MiniOzoneClusterImpl-4bfb73da-a5a9-4fb9-9b48-1b3bedb326df/datanode-3/data/ratis/4ee5b5a7-5761-4a08-92ed-c47b472bb423 was interrupted, exiting. There are 0 tasks remaining in the queue.
2019-08-27 22:34:48,346 [a81afeb8-02c0-499f-ae14-dff73637c02f-SegmentedRaftLogWorker:Storage Directory /workdir/hadoop-ozone/integration-test/target/test-dir/MiniOzoneClusterImpl-4bfb73da-a5a9-4fb9-9b48-1b3bedb326df/datanode-1/data/ratis/8d33e630-643b-41c0-b665-5b423ac2c46d] INFO  segmented.SegmentedRaftLogWorker (SegmentedRaftLogWorker.java:run(313)) - a81afeb8-02c0-499f-ae14-dff73637c02f-SegmentedRaftLogWorker:Storage Directory /workdir/hadoop-ozone/integration-test/target/test-dir/MiniOzoneClusterImpl-4bfb73da-a5a9-4fb9-9b48-1b3bedb326df/datanode-1/data/ratis/8d33e630-643b-41c0-b665-5b423ac2c46d was interrupted, exiting. There are 0 tasks remaining in the queue.
2019-08-27 22:34:48,346 [main] INFO  segmented.SegmentedRaftLogWorker (SegmentedRaftLogWorker.java:close(228)) - 5c93a3d6-ac2f-433c-ae21-a0594b3a4eb9-SegmentedRaftLogWorker:Storage Directory /workdir/hadoop-ozone/integration-test/target/test-dir/MiniOzoneClusterImpl-4bfb73da-a5a9-4fb9-9b48-1b3bedb326df/datanode-3/data/ratis/4ee5b5a7-5761-4a08-92ed-c47b472bb423 close()
2019-08-27 22:34:48,348 [ForkJoinPool.commonPool-worker-0] INFO  segmented.SegmentedRaftLogWorker (SegmentedRaftLogWorker.java:close(228)) - a81afeb8-02c0-499f-ae14-dff73637c02f-SegmentedRaftLogWorker:Storage Directory /workdir/hadoop-ozone/integration-test/target/test-dir/MiniOzoneClusterImpl-4bfb73da-a5a9-4fb9-9b48-1b3bedb326df/datanode-1/data/ratis/8d33e630-643b-41c0-b665-5b423ac2c46d close()
2019-08-27 22:34:48,350 [main] INFO  server.GrpcService (GrpcService.java:closeImpl(155)) - 5c93a3d6-ac2f-433c-ae21-a0594b3a4eb9: shutdown server with port 44528 now
2019-08-27 22:34:48,353 [ForkJoinPool.commonPool-worker-0] INFO  server.GrpcService (GrpcService.java:closeImpl(155)) - a81afeb8-02c0-499f-ae14-dff73637c02f: shutdown server with port 38974 now
2019-08-27 22:34:48,354 [main] INFO  server.GrpcService (GrpcService.java:closeImpl(163)) - 5c93a3d6-ac2f-433c-ae21-a0594b3a4eb9: shutdown server with port 44528 successfully
2019-08-27 22:34:48,354 [grpc-default-executor-16] WARN  server.GrpcServerProtocolService (LogUtils.java:warn(134)) - a81afeb8-02c0-499f-ae14-dff73637c02f: appendEntries onError: org.apache.ratis.thirdparty.io.grpc.StatusRuntimeException: CANCELLED: cancelled before receiving half close
2019-08-27 22:34:48,354 [ForkJoinPool.commonPool-worker-0] INFO  server.GrpcService (GrpcService.java:closeImpl(163)) - a81afeb8-02c0-499f-ae14-dff73637c02f: shutdown server with port 38974 successfully
2019-08-27 22:34:48,354 [grpc-default-executor-14] WARN  server.GrpcLogAppender (LogUtils.java:warn(134)) - 548722b6-cbc9-4ce8-a377-29ae8acd3811->a81afeb8-02c0-499f-ae14-dff73637c02f: Failed appendEntries: org.apache.ratis.thirdparty.io.grpc.StatusRuntimeException: CANCELLED: HTTP/2 error code: CANCEL
Received Rst Stream
2019-08-27 22:34:48,355 [grpc-default-executor-14] INFO  impl.FollowerInfo (FollowerInfo.java:lambda$new$0(50)) - 548722b6-cbc9-4ce8-a377-29ae8acd3811->a81afeb8-02c0-499f-ae14-dff73637c02f: nextIndex: updateUnconditionally 17 -> 16
2019-08-27 22:34:48,355 [main] INFO  utils.BackgroundService (BackgroundService.java:shutdown(148)) - Shutting down service BlockDeletingService
2019-08-27 22:34:48,356 [ForkJoinPool.commonPool-worker-0] INFO  utils.BackgroundService (BackgroundService.java:shutdown(148)) - Shutting down service BlockDeletingService
2019-08-27 22:34:48,358 [refreshUsed-/workdir/hadoop-ozone/integration-test/target/test-dir/MiniOzoneClusterImpl-4bfb73da-a5a9-4fb9-9b48-1b3bedb326df/datanode-3/data/containers] WARN  fs.CachingGetSpaceUsed (CachingGetSpaceUsed.java:run(183)) - Thread Interrupted waiting to refresh disk information: sleep interrupted
2019-08-27 22:34:48,360 [refreshUsed-/workdir/hadoop-ozone/integration-test/target/test-dir/MiniOzoneClusterImpl-4bfb73da-a5a9-4fb9-9b48-1b3bedb326df/datanode-1/data/containers] WARN  fs.CachingGetSpaceUsed (CachingGetSpaceUsed.java:run(183)) - Thread Interrupted waiting to refresh disk information: sleep interrupted
2019-08-27 22:34:48,375 [main] INFO  statemachine.DatanodeStateMachine (DatanodeStateMachine.java:stopDaemon(395)) - Ozone container server stopped.
2019-08-27 22:34:48,376 [main] INFO  handler.ContextHandler (ContextHandler.java:doStop(910)) - Stopped o.e.j.w.WebAppContext@a49cdd6{/,null,UNAVAILABLE}{/hddsDatanode}
2019-08-27 22:34:48,376 [main] INFO  server.AbstractConnector (AbstractConnector.java:doStop(318)) - Stopped ServerConnector@109a462e{HTTP/1.1,[http/1.1]}{0.0.0.0:0}
2019-08-27 22:34:48,376 [main] INFO  handler.ContextHandler (ContextHandler.java:doStop(910)) - Stopped o.e.j.s.ServletContextHandler@61a369cf{/static,jar:file:/home/user/.m2/repository/org/apache/hadoop/hadoop-hdds-container-service/0.5.0-SNAPSHOT/hadoop-hdds-container-service-0.5.0-SNAPSHOT.jar!/webapps/static,UNAVAILABLE}
2019-08-27 22:34:48,377 [main] INFO  handler.ContextHandler (ContextHandler.java:doStop(910)) - Stopped o.e.j.s.ServletContextHandler@108b2321{/logs,file:///workdir/hadoop-ozone/integration-test/target/log,UNAVAILABLE}
2019-08-27 22:34:48,377 [main] INFO  datanode.ObjectStoreHandler (ObjectStoreHandler.java:close(155)) - Closing ObjectStoreHandler.
2019-08-27 22:34:48,378 [main] INFO  ozone.HddsDatanodeService (HddsDatanodeService.java:stop(451)) - Stopped plug-in org.apache.hadoop.ozone.web.OzoneHddsDatanodeService@2aef651
2019-08-27 22:34:48,382 [ForkJoinPool.commonPool-worker-0] INFO  statemachine.DatanodeStateMachine (DatanodeStateMachine.java:stopDaemon(395)) - Ozone container server stopped.
2019-08-27 22:34:48,392 [ForkJoinPool.commonPool-worker-0] INFO  handler.ContextHandler (ContextHandler.java:doStop(910)) - Stopped o.e.j.w.WebAppContext@921dbcf{/,null,UNAVAILABLE}{/hddsDatanode}
2019-08-27 22:34:48,393 [ForkJoinPool.commonPool-worker-0] INFO  server.AbstractConnector (AbstractConnector.java:doStop(318)) - Stopped ServerConnector@163b8acc{HTTP/1.1,[http/1.1]}{0.0.0.0:0}
2019-08-27 22:34:48,394 [ForkJoinPool.commonPool-worker-0] INFO  handler.ContextHandler (ContextHandler.java:doStop(910)) - Stopped o.e.j.s.ServletContextHandler@12128849{/static,jar:file:/home/user/.m2/repository/org/apache/hadoop/hadoop-hdds-container-service/0.5.0-SNAPSHOT/hadoop-hdds-container-service-0.5.0-SNAPSHOT.jar!/webapps/static,UNAVAILABLE}
2019-08-27 22:34:48,396 [ForkJoinPool.commonPool-worker-0] INFO  handler.ContextHandler (ContextHandler.java:doStop(910)) - Stopped o.e.j.s.ServletContextHandler@ef1080d{/logs,file:///workdir/hadoop-ozone/integration-test/target/log,UNAVAILABLE}
2019-08-27 22:34:48,397 [ForkJoinPool.commonPool-worker-0] INFO  datanode.ObjectStoreHandler (ObjectStoreHandler.java:close(155)) - Closing ObjectStoreHandler.
2019-08-27 22:34:48,397 [ForkJoinPool.commonPool-worker-0] INFO  ozone.HddsDatanodeService (HddsDatanodeService.java:stop(451)) - Stopped plug-in org.apache.hadoop.ozone.web.OzoneHddsDatanodeService@4c954b79
2019-08-27 22:34:48,443 | INFO  | SCMAudit | user=jenkins1000 | ip=192.168.36.82 | op=SEND_HEARTBEAT {datanodeUUID=506fee67-9f81-4cae-aaf5-08e8c0b305e7, command=[]} | ret=SUCCESS |  
2019-08-27 22:34:48,979 [Datanode State Machine Thread - 0] INFO  statemachine.DatanodeStateMachine (DatanodeStateMachine.java:lambda$startDaemon$0(350)) - Ozone container server started.
2019-08-27 22:34:48,980 | INFO  | SCMAudit | user=jenkins1000 | ip=192.168.36.82 | op=SEND_HEARTBEAT {datanodeUUID=9cd9b32c-8455-4cb6-9cfb-b7cb8243d3b0, command=[commandType: closeContainerCommand closeContainerCommandProto { containerID: 2 pipelineID { id: "8d33e630-643b-41c0-b665-5b423ac2c46d" } cmdId: 2 force: false } ]} | ret=SUCCESS |  
2019-08-27 22:34:49,095 [Datanode State Machine Thread - 0] INFO  statemachine.DatanodeStateMachine (DatanodeStateMachine.java:lambda$startDaemon$0(350)) - Ozone container server started.
2019-08-27 22:34:49,443 | INFO  | SCMAudit | user=jenkins1000 | ip=192.168.36.82 | op=SEND_HEARTBEAT {datanodeUUID=506fee67-9f81-4cae-aaf5-08e8c0b305e7, command=[]} | ret=SUCCESS |  
2019-08-27 22:34:49,979 | INFO  | SCMAudit | user=jenkins1000 | ip=192.168.36.82 | op=SEND_HEARTBEAT {datanodeUUID=9cd9b32c-8455-4cb6-9cfb-b7cb8243d3b0, command=[]} | ret=SUCCESS |  
2019-08-27 22:34:50,444 | INFO  | SCMAudit | user=jenkins1000 | ip=192.168.36.82 | op=SEND_HEARTBEAT {datanodeUUID=506fee67-9f81-4cae-aaf5-08e8c0b305e7, command=[]} | ret=SUCCESS |  
2019-08-27 22:34:50,752 [grpc-default-executor-14] WARN  server.GrpcLogAppender (LogUtils.java:warn(134)) - 548722b6-cbc9-4ce8-a377-29ae8acd3811->a81afeb8-02c0-499f-ae14-dff73637c02f: Failed appendEntries: org.apache.ratis.thirdparty.io.grpc.StatusRuntimeException: UNAVAILABLE: io exception
2019-08-27 22:34:50,752 [grpc-default-executor-14] INFO  impl.FollowerInfo (FollowerInfo.java:lambda$new$0(50)) - 548722b6-cbc9-4ce8-a377-29ae8acd3811->a81afeb8-02c0-499f-ae14-dff73637c02f: nextIndex: updateUnconditionally 16 -> 15
2019-08-27 22:34:50,981 | INFO  | SCMAudit | user=jenkins1000 | ip=192.168.36.82 | op=SEND_HEARTBEAT {datanodeUUID=9cd9b32c-8455-4cb6-9cfb-b7cb8243d3b0, command=[]} | ret=SUCCESS |  
2019-08-27 22:34:50,998 | INFO  | SCMAudit | user=jenkins1000 | ip=192.168.36.82 | op=SEND_HEARTBEAT {datanodeUUID=9cd9b32c-8455-4cb6-9cfb-b7cb8243d3b0, command=[]} | ret=SUCCESS |  
2019-08-27 22:34:51,444 | INFO  | SCMAudit | user=jenkins1000 | ip=192.168.36.82 | op=SEND_HEARTBEAT {datanodeUUID=506fee67-9f81-4cae-aaf5-08e8c0b305e7, command=[]} | ret=SUCCESS |  
2019-08-27 22:34:51,996 | INFO  | SCMAudit | user=jenkins1000 | ip=192.168.36.82 | op=SEND_HEARTBEAT {datanodeUUID=9cd9b32c-8455-4cb6-9cfb-b7cb8243d3b0, command=[]} | ret=SUCCESS |  
2019-08-27 22:34:52,443 | INFO  | SCMAudit | user=jenkins1000 | ip=192.168.36.82 | op=SEND_HEARTBEAT {datanodeUUID=506fee67-9f81-4cae-aaf5-08e8c0b305e7, command=[]} | ret=SUCCESS |  
2019-08-27 22:34:52,996 | INFO  | SCMAudit | user=jenkins1000 | ip=192.168.36.82 | op=SEND_HEARTBEAT {datanodeUUID=9cd9b32c-8455-4cb6-9cfb-b7cb8243d3b0, command=[]} | ret=SUCCESS |  
2019-08-27 22:34:53,069 [EventQueue-StaleNodeForStaleNodeHandler] INFO  node.StaleNodeHandler (StaleNodeHandler.java:onMessage(58)) - Datanode 548722b6-cbc9-4ce8-a377-29ae8acd3811{ip: 192.168.36.82, host: pr-hdds-1935-gfhxc-3829810507, networkLocation: /default-rack, certSerialId: null} moved to stale state. Finalizing its pipelines [PipelineID=8d33e630-643b-41c0-b665-5b423ac2c46d, PipelineID=0f7aed0d-a267-4cfc-bcbf-ac25bfcbcf3f]
2019-08-27 22:34:53,069 [EventQueue-StaleNodeForStaleNodeHandler] INFO  pipeline.SCMPipelineManager (SCMPipelineManager.java:finalizeAndDestroyPipeline(309)) - destroying pipeline:Pipeline[ Id: 8d33e630-643b-41c0-b665-5b423ac2c46d, Nodes: 9cd9b32c-8455-4cb6-9cfb-b7cb8243d3b0{ip: 192.168.36.82, host: pr-hdds-1935-gfhxc-3829810507, networkLocation: /default-rack, certSerialId: null}548722b6-cbc9-4ce8-a377-29ae8acd3811{ip: 192.168.36.82, host: pr-hdds-1935-gfhxc-3829810507, networkLocation: /default-rack, certSerialId: null}a81afeb8-02c0-499f-ae14-dff73637c02f{ip: 192.168.36.82, host: pr-hdds-1935-gfhxc-3829810507, networkLocation: /default-rack, certSerialId: null}, Type:RATIS, Factor:THREE, State:CLOSED]
2019-08-27 22:34:53,070 [EventQueue-StaleNodeForStaleNodeHandler] INFO  pipeline.SCMPipelineManager (SCMPipelineManager.java:finalizeAndDestroyPipeline(309)) - destroying pipeline:Pipeline[ Id: 0f7aed0d-a267-4cfc-bcbf-ac25bfcbcf3f, Nodes: 548722b6-cbc9-4ce8-a377-29ae8acd3811{ip: 192.168.36.82, host: pr-hdds-1935-gfhxc-3829810507, networkLocation: /default-rack, certSerialId: null}, Type:RATIS, Factor:ONE, State:OPEN]
2019-08-27 22:34:53,070 [EventQueue-StaleNodeForStaleNodeHandler] INFO  pipeline.PipelineStateManager (PipelineStateManager.java:finalizePipeline(123)) - Pipeline Pipeline[ Id: 0f7aed0d-a267-4cfc-bcbf-ac25bfcbcf3f, Nodes: 548722b6-cbc9-4ce8-a377-29ae8acd3811{ip: 192.168.36.82, host: pr-hdds-1935-gfhxc-3829810507, networkLocation: /default-rack, certSerialId: null}, Type:RATIS, Factor:ONE, State:CLOSED] moved to CLOSED state
2019-08-27 22:34:53,169 [EventQueue-StaleNodeForStaleNodeHandler] INFO  node.StaleNodeHandler (StaleNodeHandler.java:onMessage(58)) - Datanode 3684abad-3f62-4e52-8505-9bc5f15bfb14{ip: 192.168.36.82, host: pr-hdds-1935-gfhxc-3829810507, networkLocation: /default-rack, certSerialId: null} moved to stale state. Finalizing its pipelines []
2019-08-27 22:34:53,252 [grpc-default-executor-16] WARN  server.GrpcLogAppender (LogUtils.java:warn(134)) - 548722b6-cbc9-4ce8-a377-29ae8acd3811->a81afeb8-02c0-499f-ae14-dff73637c02f: Failed appendEntries: org.apache.ratis.thirdparty.io.grpc.StatusRuntimeException: UNAVAILABLE: io exception
2019-08-27 22:34:53,253 [grpc-default-executor-16] INFO  impl.FollowerInfo (FollowerInfo.java:lambda$new$0(50)) - 548722b6-cbc9-4ce8-a377-29ae8acd3811->a81afeb8-02c0-499f-ae14-dff73637c02f: nextIndex: updateUnconditionally 15 -> 14
2019-08-27 22:34:53,378 [main] INFO  ozoneimpl.OzoneContainer (OzoneContainer.java:stop(199)) - Attempting to stop container services.
2019-08-27 22:34:53,379 [main] INFO  impl.RaftServerProxy (RaftServerProxy.java:lambda$close$4(314)) - 3684abad-3f62-4e52-8505-9bc5f15bfb14: close
2019-08-27 22:34:53,382 [main] INFO  server.GrpcService (GrpcService.java:closeImpl(155)) - 3684abad-3f62-4e52-8505-9bc5f15bfb14: shutdown server with port 44569 now
2019-08-27 22:34:53,382 [main] INFO  server.GrpcService (GrpcService.java:closeImpl(163)) - 3684abad-3f62-4e52-8505-9bc5f15bfb14: shutdown server with port 44569 successfully
2019-08-27 22:34:53,384 [main] INFO  utils.BackgroundService (BackgroundService.java:shutdown(148)) - Shutting down service BlockDeletingService
2019-08-27 22:34:53,386 [refreshUsed-/workdir/hadoop-ozone/integration-test/target/test-dir/MiniOzoneClusterImpl-4bfb73da-a5a9-4fb9-9b48-1b3bedb326df/datanode-6/data/containers] WARN  fs.CachingGetSpaceUsed (CachingGetSpaceUsed.java:run(183)) - Thread Interrupted waiting to refresh disk information: sleep interrupted
2019-08-27 22:34:53,402 [main] INFO  statemachine.DatanodeStateMachine (DatanodeStateMachine.java:stopDaemon(395)) - Ozone container server stopped.
2019-08-27 22:34:53,402 [ForkJoinPool.commonPool-worker-0] INFO  ozoneimpl.OzoneContainer (OzoneContainer.java:stop(199)) - Attempting to stop container services.
2019-08-27 22:34:53,402 [ForkJoinPool.commonPool-worker-0] INFO  impl.RaftServerProxy (RaftServerProxy.java:lambda$close$4(314)) - 548722b6-cbc9-4ce8-a377-29ae8acd3811: close
2019-08-27 22:34:53,403 [ForkJoinPool.commonPool-worker-0] INFO  impl.RaftServerImpl (RaftServerImpl.java:lambda$shutdown$3(245)) - 548722b6-cbc9-4ce8-a377-29ae8acd3811: shutdown group-5B423AC2C46D
2019-08-27 22:34:53,403 [main] INFO  handler.ContextHandler (ContextHandler.java:doStop(910)) - Stopped o.e.j.w.WebAppContext@452aea78{/,null,UNAVAILABLE}{/hddsDatanode}
2019-08-27 22:34:53,403 [ForkJoinPool.commonPool-worker-0] INFO  util.JmxRegister (JmxRegister.java:unregister(73)) - Successfully un-registered JMX Bean with object name Ratis:service=RaftServer,group=group-5B423AC2C46D,id=548722b6-cbc9-4ce8-a377-29ae8acd3811
2019-08-27 22:34:53,403 [ForkJoinPool.commonPool-worker-0] INFO  impl.RoleInfo (RoleInfo.java:shutdownLeaderState(104)) - 548722b6-cbc9-4ce8-a377-29ae8acd3811: shutdown LeaderState
2019-08-27 22:34:53,405 [main] INFO  server.AbstractConnector (AbstractConnector.java:doStop(318)) - Stopped ServerConnector@2ca9e25a{HTTP/1.1,[http/1.1]}{0.0.0.0:0}
2019-08-27 22:34:53,408 [ForkJoinPool.commonPool-worker-0] INFO  impl.PendingRequests (PendingRequests.java:sendNotLeaderResponses(202)) - 548722b6-cbc9-4ce8-a377-29ae8acd3811-PendingRequests: sendNotLeaderResponses
2019-08-27 22:34:53,408 [main] INFO  handler.ContextHandler (ContextHandler.java:doStop(910)) - Stopped o.e.j.s.ServletContextHandler@35307365{/static,jar:file:/home/user/.m2/repository/org/apache/hadoop/hadoop-hdds-container-service/0.5.0-SNAPSHOT/hadoop-hdds-container-service-0.5.0-SNAPSHOT.jar!/webapps/static,UNAVAILABLE}
2019-08-27 22:34:53,408 [org.apache.ratis.server.impl.LogAppender$AppenderDaemon$$Lambda$477/836828760@36dd9e4f] WARN  server.GrpcLogAppender (GrpcLogAppender.java:mayWait(143)) - GrpcLogAppender(548722b6-cbc9-4ce8-a377-29ae8acd3811->9cd9b32c-8455-4cb6-9cfb-b7cb8243d3b0): Wait interrupted by java.lang.InterruptedException
2019-08-27 22:34:53,408 [org.apache.ratis.server.impl.LogAppender$AppenderDaemon$$Lambda$477/836828760@73df1e50] WARN  server.GrpcLogAppender (GrpcLogAppender.java:mayWait(143)) - GrpcLogAppender(548722b6-cbc9-4ce8-a377-29ae8acd3811->a81afeb8-02c0-499f-ae14-dff73637c02f): Wait interrupted by java.lang.InterruptedException
2019-08-27 22:34:53,411 [StateMachineUpdater:548722b6-cbc9-4ce8-a377-29ae8acd3811:group-5B423AC2C46D] INFO  ratis.ContainerStateMachine (ContainerStateMachine.java:takeSnapshot(283)) - group-5B423AC2C46D: Taking a snapshot at:(t:2, i:14) file /workdir/hadoop-ozone/integration-test/target/test-dir/MiniOzoneClusterImpl-4bfb73da-a5a9-4fb9-9b48-1b3bedb326df/datanode-2/data/ratis/8d33e630-643b-41c0-b665-5b423ac2c46d/sm/snapshot.2_14
2019-08-27 22:34:53,411 [ForkJoinPool.commonPool-worker-0] INFO  impl.StateMachineUpdater (StateMachineUpdater.java:stopAndJoin(115)) - StateMachineUpdater:548722b6-cbc9-4ce8-a377-29ae8acd3811:group-5B423AC2C46D: set stopIndex = 16
2019-08-27 22:34:53,411 [main] INFO  handler.ContextHandler (ContextHandler.java:doStop(910)) - Stopped o.e.j.s.ServletContextHandler@74c919b2{/logs,file:///workdir/hadoop-ozone/integration-test/target/log,UNAVAILABLE}
2019-08-27 22:34:53,412 [grpc-default-executor-12] INFO  server.GrpcServerProtocolService (GrpcServerProtocolService.java:onCompleted(104)) - 9cd9b32c-8455-4cb6-9cfb-b7cb8243d3b0: appendEntries completed
2019-08-27 22:34:53,413 [grpc-default-executor-16] INFO  server.GrpcLogAppender (GrpcLogAppender.java:onCompleted(292)) - 548722b6-cbc9-4ce8-a377-29ae8acd3811->9cd9b32c-8455-4cb6-9cfb-b7cb8243d3b0: follower responses appendEntries COMPLETED
2019-08-27 22:34:53,413 [main] INFO  datanode.ObjectStoreHandler (ObjectStoreHandler.java:close(155)) - Closing ObjectStoreHandler.
2019-08-27 22:34:53,413 [grpc-default-executor-16] INFO  impl.FollowerInfo (FollowerInfo.java:lambda$new$0(50)) - 548722b6-cbc9-4ce8-a377-29ae8acd3811->9cd9b32c-8455-4cb6-9cfb-b7cb8243d3b0: nextIndex: updateUnconditionally 17 -> 16
2019-08-27 22:34:53,413 [main] INFO  ozone.HddsDatanodeService (HddsDatanodeService.java:stop(451)) - Stopped plug-in org.apache.hadoop.ozone.web.OzoneHddsDatanodeService@3ac2772d
2019-08-27 22:34:53,433 [StateMachineUpdater:548722b6-cbc9-4ce8-a377-29ae8acd3811:group-5B423AC2C46D] INFO  ratis.ContainerStateMachine (ContainerStateMachine.java:takeSnapshot(294)) - group-5B423AC2C46D: Finished taking a snapshot at:(t:2, i:14) file:/workdir/hadoop-ozone/integration-test/target/test-dir/MiniOzoneClusterImpl-4bfb73da-a5a9-4fb9-9b48-1b3bedb326df/datanode-2/data/ratis/8d33e630-643b-41c0-b665-5b423ac2c46d/sm/snapshot.2_14 time:21
2019-08-27 22:34:53,433 [StateMachineUpdater:548722b6-cbc9-4ce8-a377-29ae8acd3811:group-5B423AC2C46D] INFO  impl.StateMachineUpdater (StateMachineUpdater.java:takeSnapshot(242)) - StateMachineUpdater:548722b6-cbc9-4ce8-a377-29ae8acd3811:group-5B423AC2C46D: Took a snapshot at index 14
2019-08-27 22:34:53,433 [StateMachineUpdater:548722b6-cbc9-4ce8-a377-29ae8acd3811:group-5B423AC2C46D] INFO  impl.StateMachineUpdater (StateMachineUpdater.java:lambda$new$0(80)) - StateMachineUpdater:548722b6-cbc9-4ce8-a377-29ae8acd3811:group-5B423AC2C46D: snapshotIndex: updateIncreasingly -1 -> 14
2019-08-27 22:34:53,433 [ForkJoinPool.commonPool-worker-0] INFO  impl.RaftServerImpl (ServerState.java:close(394)) - 548722b6-cbc9-4ce8-a377-29ae8acd3811:group-5B423AC2C46D closes. The last applied log index is 16
2019-08-27 22:34:53,434 [548722b6-cbc9-4ce8-a377-29ae8acd3811-SegmentedRaftLogWorker:Storage Directory /workdir/hadoop-ozone/integration-test/target/test-dir/MiniOzoneClusterImpl-4bfb73da-a5a9-4fb9-9b48-1b3bedb326df/datanode-2/data/ratis/8d33e630-643b-41c0-b665-5b423ac2c46d] INFO  segmented.SegmentedRaftLogWorker (SegmentedRaftLogWorker.java:run(313)) - 548722b6-cbc9-4ce8-a377-29ae8acd3811-SegmentedRaftLogWorker:Storage Directory /workdir/hadoop-ozone/integration-test/target/test-dir/MiniOzoneClusterImpl-4bfb73da-a5a9-4fb9-9b48-1b3bedb326df/datanode-2/data/ratis/8d33e630-643b-41c0-b665-5b423ac2c46d was interrupted, exiting. There are 0 tasks remaining in the queue.
2019-08-27 22:34:53,435 [ForkJoinPool.commonPool-worker-0] INFO  segmented.SegmentedRaftLogWorker (SegmentedRaftLogWorker.java:close(228)) - 548722b6-cbc9-4ce8-a377-29ae8acd3811-SegmentedRaftLogWorker:Storage Directory /workdir/hadoop-ozone/integration-test/target/test-dir/MiniOzoneClusterImpl-4bfb73da-a5a9-4fb9-9b48-1b3bedb326df/datanode-2/data/ratis/8d33e630-643b-41c0-b665-5b423ac2c46d close()
2019-08-27 22:34:53,442 [ForkJoinPool.commonPool-worker-0] INFO  impl.RaftServerImpl (RaftServerImpl.java:lambda$shutdown$3(245)) - 548722b6-cbc9-4ce8-a377-29ae8acd3811: shutdown group-AC25BFCBCF3F
2019-08-27 22:34:53,443 [ForkJoinPool.commonPool-worker-0] INFO  util.JmxRegister (JmxRegister.java:unregister(73)) - Successfully un-registered JMX Bean with object name Ratis:service=RaftServer,group=group-AC25BFCBCF3F,id=548722b6-cbc9-4ce8-a377-29ae8acd3811
2019-08-27 22:34:53,443 [Datanode State Machine Thread - 0] INFO  statemachine.DatanodeStateMachine (DatanodeStateMachine.java:lambda$startDaemon$0(350)) - Ozone container server started.
2019-08-27 22:34:53,443 [ForkJoinPool.commonPool-worker-0] INFO  impl.RoleInfo (RoleInfo.java:shutdownLeaderState(104)) - 548722b6-cbc9-4ce8-a377-29ae8acd3811: shutdown LeaderState
2019-08-27 22:34:53,443 [ForkJoinPool.commonPool-worker-0] INFO  impl.PendingRequests (PendingRequests.java:sendNotLeaderResponses(202)) - 548722b6-cbc9-4ce8-a377-29ae8acd3811-PendingRequests: sendNotLeaderResponses
2019-08-27 22:34:53,444 [ForkJoinPool.commonPool-worker-0] INFO  impl.StateMachineUpdater (StateMachineUpdater.java:stopAndJoin(115)) - StateMachineUpdater:548722b6-cbc9-4ce8-a377-29ae8acd3811:group-AC25BFCBCF3F: set stopIndex = 0
2019-08-27 22:34:53,444 [ForkJoinPool.commonPool-worker-0] INFO  impl.RaftServerImpl (ServerState.java:close(394)) - 548722b6-cbc9-4ce8-a377-29ae8acd3811:group-AC25BFCBCF3F closes. The last applied log index is 0
2019-08-27 22:34:53,444 [548722b6-cbc9-4ce8-a377-29ae8acd3811-SegmentedRaftLogWorker:Storage Directory /workdir/hadoop-ozone/integration-test/target/test-dir/MiniOzoneClusterImpl-4bfb73da-a5a9-4fb9-9b48-1b3bedb326df/datanode-2/data/ratis/0f7aed0d-a267-4cfc-bcbf-ac25bfcbcf3f] INFO  segmented.SegmentedRaftLogWorker (SegmentedRaftLogWorker.java:run(313)) - 548722b6-cbc9-4ce8-a377-29ae8acd3811-SegmentedRaftLogWorker:Storage Directory /workdir/hadoop-ozone/integration-test/target/test-dir/MiniOzoneClusterImpl-4bfb73da-a5a9-4fb9-9b48-1b3bedb326df/datanode-2/data/ratis/0f7aed0d-a267-4cfc-bcbf-ac25bfcbcf3f was interrupted, exiting. There are 0 tasks remaining in the queue.
2019-08-27 22:34:53,446 [ForkJoinPool.commonPool-worker-0] INFO  segmented.SegmentedRaftLogWorker (SegmentedRaftLogWorker.java:close(228)) - 548722b6-cbc9-4ce8-a377-29ae8acd3811-SegmentedRaftLogWorker:Storage Directory /workdir/hadoop-ozone/integration-test/target/test-dir/MiniOzoneClusterImpl-4bfb73da-a5a9-4fb9-9b48-1b3bedb326df/datanode-2/data/ratis/0f7aed0d-a267-4cfc-bcbf-ac25bfcbcf3f close()
2019-08-27 22:34:53,448 [ForkJoinPool.commonPool-worker-0] INFO  server.GrpcService (GrpcService.java:closeImpl(155)) - 548722b6-cbc9-4ce8-a377-29ae8acd3811: shutdown server with port 36160 now
2019-08-27 22:34:53,449 [grpc-default-executor-12] WARN  client.GrpcClientProtocolService (LogUtils.java:warn(134)) - 1-UnorderedRequestStreamObserver1: onError: org.apache.ratis.thirdparty.io.grpc.StatusRuntimeException: CANCELLED: cancelled before receiving half close
2019-08-27 22:34:53,449 [ForkJoinPool.commonPool-worker-0] INFO  server.GrpcService (GrpcService.java:closeImpl(163)) - 548722b6-cbc9-4ce8-a377-29ae8acd3811: shutdown server with port 36160 successfully
2019-08-27 22:34:53,450 [ForkJoinPool.commonPool-worker-0] INFO  utils.BackgroundService (BackgroundService.java:shutdown(148)) - Shutting down service BlockDeletingService
2019-08-27 22:34:53,452 [refreshUsed-/workdir/hadoop-ozone/integration-test/target/test-dir/MiniOzoneClusterImpl-4bfb73da-a5a9-4fb9-9b48-1b3bedb326df/datanode-2/data/containers] WARN  fs.CachingGetSpaceUsed (CachingGetSpaceUsed.java:run(183)) - Thread Interrupted waiting to refresh disk information: sleep interrupted
2019-08-27 22:34:53,469 [ForkJoinPool.commonPool-worker-0] INFO  statemachine.DatanodeStateMachine (DatanodeStateMachine.java:stopDaemon(395)) - Ozone container server stopped.
2019-08-27 22:34:53,473 [ForkJoinPool.commonPool-worker-0] INFO  handler.ContextHandler (ContextHandler.java:doStop(910)) - Stopped o.e.j.w.WebAppContext@ab5954d{/,null,UNAVAILABLE}{/hddsDatanode}
2019-08-27 22:34:53,474 [ForkJoinPool.commonPool-worker-0] INFO  server.AbstractConnector (AbstractConnector.java:doStop(318)) - Stopped ServerConnector@466f7259{HTTP/1.1,[http/1.1]}{0.0.0.0:0}
2019-08-27 22:34:53,475 [ForkJoinPool.commonPool-worker-0] INFO  handler.ContextHandler (ContextHandler.java:doStop(910)) - Stopped o.e.j.s.ServletContextHandler@564e0a6c{/static,jar:file:/home/user/.m2/repository/org/apache/hadoop/hadoop-hdds-container-service/0.5.0-SNAPSHOT/hadoop-hdds-container-service-0.5.0-SNAPSHOT.jar!/webapps/static,UNAVAILABLE}
2019-08-27 22:34:53,476 [ForkJoinPool.commonPool-worker-0] INFO  handler.ContextHandler (ContextHandler.java:doStop(910)) - Stopped o.e.j.s.ServletContextHandler@672ba9cc{/logs,file:///workdir/hadoop-ozone/integration-test/target/log,UNAVAILABLE}
2019-08-27 22:34:53,477 [ForkJoinPool.commonPool-worker-0] INFO  datanode.ObjectStoreHandler (ObjectStoreHandler.java:close(155)) - Closing ObjectStoreHandler.
2019-08-27 22:34:53,477 [ForkJoinPool.commonPool-worker-0] INFO  ozone.HddsDatanodeService (HddsDatanodeService.java:stop(451)) - Stopped plug-in org.apache.hadoop.ozone.web.OzoneHddsDatanodeService@760f4310
2019-08-27 22:34:53,994 [Datanode State Machine Thread - 0] INFO  statemachine.DatanodeStateMachine (DatanodeStateMachine.java:lambda$startDaemon$0(350)) - Ozone container server started.
2019-08-27 22:34:57,476 [EventQueue-StaleNodeForStaleNodeHandler] INFO  node.StaleNodeHandler (StaleNodeHandler.java:onMessage(58)) - Datanode 506fee67-9f81-4cae-aaf5-08e8c0b305e7{ip: 192.168.36.82, host: pr-hdds-1935-gfhxc-3829810507, networkLocation: /default-rack, certSerialId: null} moved to stale state. Finalizing its pipelines [PipelineID=4ee5b5a7-5761-4a08-92ed-c47b472bb423, PipelineID=ae5a08a7-ba40-4d07-b9e8-f247081c4f6e]
2019-08-27 22:34:57,477 [EventQueue-StaleNodeForStaleNodeHandler] INFO  pipeline.SCMPipelineManager (SCMPipelineManager.java:finalizeAndDestroyPipeline(309)) - destroying pipeline:Pipeline[ Id: 4ee5b5a7-5761-4a08-92ed-c47b472bb423, Nodes: 89f59389-d833-4deb-a03d-413db5a1260e{ip: 192.168.36.82, host: pr-hdds-1935-gfhxc-3829810507, networkLocation: /default-rack, certSerialId: null}5c93a3d6-ac2f-433c-ae21-a0594b3a4eb9{ip: 192.168.36.82, host: pr-hdds-1935-gfhxc-3829810507, networkLocation: /default-rack, certSerialId: null}506fee67-9f81-4cae-aaf5-08e8c0b305e7{ip: 192.168.36.82, host: pr-hdds-1935-gfhxc-3829810507, networkLocation: /default-rack, certSerialId: null}, Type:RATIS, Factor:THREE, State:CLOSED]
2019-08-27 22:34:57,477 [EventQueue-StaleNodeForStaleNodeHandler] INFO  pipeline.SCMPipelineManager (SCMPipelineManager.java:finalizeAndDestroyPipeline(309)) - destroying pipeline:Pipeline[ Id: ae5a08a7-ba40-4d07-b9e8-f247081c4f6e, Nodes: 506fee67-9f81-4cae-aaf5-08e8c0b305e7{ip: 192.168.36.82, host: pr-hdds-1935-gfhxc-3829810507, networkLocation: /default-rack, certSerialId: null}, Type:RATIS, Factor:ONE, State:OPEN]
2019-08-27 22:34:57,477 [EventQueue-StaleNodeForStaleNodeHandler] INFO  pipeline.PipelineStateManager (PipelineStateManager.java:finalizePipeline(123)) - Pipeline Pipeline[ Id: ae5a08a7-ba40-4d07-b9e8-f247081c4f6e, Nodes: 506fee67-9f81-4cae-aaf5-08e8c0b305e7{ip: 192.168.36.82, host: pr-hdds-1935-gfhxc-3829810507, networkLocation: /default-rack, certSerialId: null}, Type:RATIS, Factor:ONE, State:CLOSED] moved to CLOSED state
2019-08-27 22:34:57,809 [Thread-3935] INFO  impl.FollowerState (FollowerState.java:run(106)) - 506fee67-9f81-4cae-aaf5-08e8c0b305e7:group-C47B472BB423 changes to CANDIDATE, lastRpcTime:10105, electionTimeout:5135ms
2019-08-27 22:34:57,809 [Thread-3935] INFO  impl.RoleInfo (RoleInfo.java:shutdownFollowerState(121)) - 506fee67-9f81-4cae-aaf5-08e8c0b305e7: shutdown FollowerState
2019-08-27 22:34:57,809 [Thread-3935] INFO  impl.RaftServerImpl (RaftServerImpl.java:setRole(171)) - 506fee67-9f81-4cae-aaf5-08e8c0b305e7:group-C47B472BB423 changes role from FOLLOWER to CANDIDATE at term 2 for changeToCandidate
2019-08-27 22:34:57,810 [Thread-3935] INFO  impl.RoleInfo (RoleInfo.java:updateAndGet(143)) - 506fee67-9f81-4cae-aaf5-08e8c0b305e7: start LeaderElection
2019-08-27 22:34:57,812 [506fee67-9f81-4cae-aaf5-08e8c0b305e7:group-C47B472BB423:LeaderElection105] INFO  impl.RaftServerImpl (ServerState.java:setLeader(263)) - 506fee67-9f81-4cae-aaf5-08e8c0b305e7:group-C47B472BB423 change Leader from 5c93a3d6-ac2f-433c-ae21-a0594b3a4eb9 to null at term 2 for initElection
2019-08-27 22:34:57,827 [506fee67-9f81-4cae-aaf5-08e8c0b305e7:group-C47B472BB423:LeaderElection105] INFO  impl.LeaderElection (LeaderElection.java:askForVotes(181)) - 506fee67-9f81-4cae-aaf5-08e8c0b305e7:group-C47B472BB423:LeaderElection105: begin an election at term 3 for 17: [506fee67-9f81-4cae-aaf5-08e8c0b305e7:192.168.36.82:44257, 5c93a3d6-ac2f-433c-ae21-a0594b3a4eb9:192.168.36.82:44528, 89f59389-d833-4deb-a03d-413db5a1260e:192.168.36.82:43095], old=null
2019-08-27 22:34:57,830 [506fee67-9f81-4cae-aaf5-08e8c0b305e7:group-C47B472BB423:LeaderElection105] INFO  impl.LeaderElection (LogUtils.java:infoOrTrace(149)) - 506fee67-9f81-4cae-aaf5-08e8c0b305e7:group-C47B472BB423:LeaderElection105 got exception when requesting votes: {}
java.util.concurrent.ExecutionException: org.apache.ratis.thirdparty.io.grpc.StatusRuntimeException: UNAVAILABLE: io exception
	at java.util.concurrent.FutureTask.report(FutureTask.java:122)
	at java.util.concurrent.FutureTask.get(FutureTask.java:192)
	at org.apache.ratis.server.impl.LeaderElection.waitForResults(LeaderElection.java:262)
	at org.apache.ratis.server.impl.LeaderElection.askForVotes(LeaderElection.java:200)
	at org.apache.ratis.server.impl.LeaderElection.run(LeaderElection.java:130)
	at java.lang.Thread.run(Thread.java:748)
Caused by: org.apache.ratis.thirdparty.io.grpc.StatusRuntimeException: UNAVAILABLE: io exception
	at org.apache.ratis.thirdparty.io.grpc.stub.ClientCalls.toStatusRuntimeException(ClientCalls.java:233)
	at org.apache.ratis.thirdparty.io.grpc.stub.ClientCalls.getUnchecked(ClientCalls.java:214)
	at org.apache.ratis.thirdparty.io.grpc.stub.ClientCalls.blockingUnaryCall(ClientCalls.java:139)
	at org.apache.ratis.proto.grpc.RaftServerProtocolServiceGrpc$RaftServerProtocolServiceBlockingStub.requestVote(RaftServerProtocolServiceGrpc.java:265)
	at org.apache.ratis.grpc.server.GrpcServerProtocolClient.requestVote(GrpcServerProtocolClient.java:83)
	at org.apache.ratis.grpc.server.GrpcService.requestVote(GrpcService.java:195)
	at org.apache.ratis.server.impl.LeaderElection.lambda$submitRequests$1(LeaderElection.java:237)
	at java.util.concurrent.FutureTask.run(FutureTask.java:266)
	at java.util.concurrent.Executors$RunnableAdapter.call(Executors.java:511)
	at java.util.concurrent.FutureTask.run(FutureTask.java:266)
	at java.util.concurrent.ThreadPoolExecutor.runWorker(ThreadPoolExecutor.java:1149)
	at java.util.concurrent.ThreadPoolExecutor$Worker.run(ThreadPoolExecutor.java:624)
	... 1 more
Caused by: org.apache.ratis.thirdparty.io.netty.channel.AbstractChannel$AnnotatedConnectException: Connection refused: /192.168.36.82:44528
	at sun.nio.ch.SocketChannelImpl.checkConnect(Native Method)
	at sun.nio.ch.SocketChannelImpl.finishConnect(SocketChannelImpl.java:717)
	at org.apache.ratis.thirdparty.io.netty.channel.socket.nio.NioSocketChannel.doFinishConnect(NioSocketChannel.java:327)
	at org.apache.ratis.thirdparty.io.netty.channel.nio.AbstractNioChannel$AbstractNioUnsafe.finishConnect(AbstractNioChannel.java:340)
	at org.apache.ratis.thirdparty.io.netty.channel.nio.NioEventLoop.processSelectedKey(NioEventLoop.java:632)
	at org.apache.ratis.thirdparty.io.netty.channel.nio.NioEventLoop.processSelectedKeysOptimized(NioEventLoop.java:579)
	at org.apache.ratis.thirdparty.io.netty.channel.nio.NioEventLoop.processSelectedKeys(NioEventLoop.java:496)
	at org.apache.ratis.thirdparty.io.netty.channel.nio.NioEventLoop.run(NioEventLoop.java:458)
	at org.apache.ratis.thirdparty.io.netty.util.concurrent.SingleThreadEventExecutor$5.run(SingleThreadEventExecutor.java:897)
	at org.apache.ratis.thirdparty.io.netty.util.concurrent.FastThreadLocalRunnable.run(FastThreadLocalRunnable.java:30)
	... 1 more
Caused by: java.net.ConnectException: Connection refused
	... 11 more
2019-08-27 22:34:57,831 [506fee67-9f81-4cae-aaf5-08e8c0b305e7:group-C47B472BB423:LeaderElection105] INFO  impl.LeaderElection (LogUtils.java:infoOrTrace(149)) - 506fee67-9f81-4cae-aaf5-08e8c0b305e7:group-C47B472BB423:LeaderElection105 got exception when requesting votes: {}
java.util.concurrent.ExecutionException: org.apache.ratis.thirdparty.io.grpc.StatusRuntimeException: UNAVAILABLE: io exception
	at java.util.concurrent.FutureTask.report(FutureTask.java:122)
	at java.util.concurrent.FutureTask.get(FutureTask.java:192)
	at org.apache.ratis.server.impl.LeaderElection.waitForResults(LeaderElection.java:262)
	at org.apache.ratis.server.impl.LeaderElection.askForVotes(LeaderElection.java:200)
	at org.apache.ratis.server.impl.LeaderElection.run(LeaderElection.java:130)
	at java.lang.Thread.run(Thread.java:748)
Caused by: org.apache.ratis.thirdparty.io.grpc.StatusRuntimeException: UNAVAILABLE: io exception
	at org.apache.ratis.thirdparty.io.grpc.stub.ClientCalls.toStatusRuntimeException(ClientCalls.java:233)
	at org.apache.ratis.thirdparty.io.grpc.stub.ClientCalls.getUnchecked(ClientCalls.java:214)
	at org.apache.ratis.thirdparty.io.grpc.stub.ClientCalls.blockingUnaryCall(ClientCalls.java:139)
	at org.apache.ratis.proto.grpc.RaftServerProtocolServiceGrpc$RaftServerProtocolServiceBlockingStub.requestVote(RaftServerProtocolServiceGrpc.java:265)
	at org.apache.ratis.grpc.server.GrpcServerProtocolClient.requestVote(GrpcServerProtocolClient.java:83)
	at org.apache.ratis.grpc.server.GrpcService.requestVote(GrpcService.java:195)
	at org.apache.ratis.server.impl.LeaderElection.lambda$submitRequests$1(LeaderElection.java:237)
	at java.util.concurrent.FutureTask.run(FutureTask.java:266)
	at java.util.concurrent.Executors$RunnableAdapter.call(Executors.java:511)
	at java.util.concurrent.FutureTask.run(FutureTask.java:266)
	at java.util.concurrent.ThreadPoolExecutor.runWorker(ThreadPoolExecutor.java:1149)
	at java.util.concurrent.ThreadPoolExecutor$Worker.run(ThreadPoolExecutor.java:624)
	... 1 more
Caused by: org.apache.ratis.thirdparty.io.netty.channel.AbstractChannel$AnnotatedConnectException: Connection refused: /192.168.36.82:43095
	at sun.nio.ch.SocketChannelImpl.checkConnect(Native Method)
	at sun.nio.ch.SocketChannelImpl.finishConnect(SocketChannelImpl.java:717)
	at org.apache.ratis.thirdparty.io.netty.channel.socket.nio.NioSocketChannel.doFinishConnect(NioSocketChannel.java:327)
	at org.apache.ratis.thirdparty.io.netty.channel.nio.AbstractNioChannel$AbstractNioUnsafe.finishConnect(AbstractNioChannel.java:340)
	at org.apache.ratis.thirdparty.io.netty.channel.nio.NioEventLoop.processSelectedKey(NioEventLoop.java:632)
	at org.apache.ratis.thirdparty.io.netty.channel.nio.NioEventLoop.processSelectedKeysOptimized(NioEventLoop.java:579)
	at org.apache.ratis.thirdparty.io.netty.channel.nio.NioEventLoop.processSelectedKeys(NioEventLoop.java:496)
	at org.apache.ratis.thirdparty.io.netty.channel.nio.NioEventLoop.run(NioEventLoop.java:458)
	at org.apache.ratis.thirdparty.io.netty.util.concurrent.SingleThreadEventExecutor$5.run(SingleThreadEventExecutor.java:897)
	at org.apache.ratis.thirdparty.io.netty.util.concurrent.FastThreadLocalRunnable.run(FastThreadLocalRunnable.java:30)
	... 1 more
Caused by: java.net.ConnectException: Connection refused
	... 11 more
2019-08-27 22:34:57,833 [506fee67-9f81-4cae-aaf5-08e8c0b305e7:group-C47B472BB423:LeaderElection105] INFO  impl.LeaderElection (LeaderElection.java:logAndReturn(56)) - 506fee67-9f81-4cae-aaf5-08e8c0b305e7:group-C47B472BB423:LeaderElection105: Election REJECTED; received 0 response(s) [] and 2 exception(s); 506fee67-9f81-4cae-aaf5-08e8c0b305e7:t3, leader=null, voted=506fee67-9f81-4cae-aaf5-08e8c0b305e7, raftlog=506fee67-9f81-4cae-aaf5-08e8c0b305e7-SegmentedRaftLog:OPENED:c18,f18,i18, conf=17: [506fee67-9f81-4cae-aaf5-08e8c0b305e7:192.168.36.82:44257, 5c93a3d6-ac2f-433c-ae21-a0594b3a4eb9:192.168.36.82:44528, 89f59389-d833-4deb-a03d-413db5a1260e:192.168.36.82:43095], old=null
2019-08-27 22:34:57,833 [506fee67-9f81-4cae-aaf5-08e8c0b305e7:group-C47B472BB423:LeaderElection105] INFO  impl.LeaderElection (LogUtils.java:infoOrTrace(149)) -   Exception 0: {}
java.util.concurrent.ExecutionException: org.apache.ratis.thirdparty.io.grpc.StatusRuntimeException: UNAVAILABLE: io exception
	at java.util.concurrent.FutureTask.report(FutureTask.java:122)
	at java.util.concurrent.FutureTask.get(FutureTask.java:192)
	at org.apache.ratis.server.impl.LeaderElection.waitForResults(LeaderElection.java:262)
	at org.apache.ratis.server.impl.LeaderElection.askForVotes(LeaderElection.java:200)
	at org.apache.ratis.server.impl.LeaderElection.run(LeaderElection.java:130)
	at java.lang.Thread.run(Thread.java:748)
Caused by: org.apache.ratis.thirdparty.io.grpc.StatusRuntimeException: UNAVAILABLE: io exception
	at org.apache.ratis.thirdparty.io.grpc.stub.ClientCalls.toStatusRuntimeException(ClientCalls.java:233)
	at org.apache.ratis.thirdparty.io.grpc.stub.ClientCalls.getUnchecked(ClientCalls.java:214)
	at org.apache.ratis.thirdparty.io.grpc.stub.ClientCalls.blockingUnaryCall(ClientCalls.java:139)
	at org.apache.ratis.proto.grpc.RaftServerProtocolServiceGrpc$RaftServerProtocolServiceBlockingStub.requestVote(RaftServerProtocolServiceGrpc.java:265)
	at org.apache.ratis.grpc.server.GrpcServerProtocolClient.requestVote(GrpcServerProtocolClient.java:83)
	at org.apache.ratis.grpc.server.GrpcService.requestVote(GrpcService.java:195)
	at org.apache.ratis.server.impl.LeaderElection.lambda$submitRequests$1(LeaderElection.java:237)
	at java.util.concurrent.FutureTask.run(FutureTask.java:266)
	at java.util.concurrent.Executors$RunnableAdapter.call(Executors.java:511)
	at java.util.concurrent.FutureTask.run(FutureTask.java:266)
	at java.util.concurrent.ThreadPoolExecutor.runWorker(ThreadPoolExecutor.java:1149)
	at java.util.concurrent.ThreadPoolExecutor$Worker.run(ThreadPoolExecutor.java:624)
	... 1 more
Caused by: org.apache.ratis.thirdparty.io.netty.channel.AbstractChannel$AnnotatedConnectException: Connection refused: /192.168.36.82:44528
	at sun.nio.ch.SocketChannelImpl.checkConnect(Native Method)
	at sun.nio.ch.SocketChannelImpl.finishConnect(SocketChannelImpl.java:717)
	at org.apache.ratis.thirdparty.io.netty.channel.socket.nio.NioSocketChannel.doFinishConnect(NioSocketChannel.java:327)
	at org.apache.ratis.thirdparty.io.netty.channel.nio.AbstractNioChannel$AbstractNioUnsafe.finishConnect(AbstractNioChannel.java:340)
	at org.apache.ratis.thirdparty.io.netty.channel.nio.NioEventLoop.processSelectedKey(NioEventLoop.java:632)
	at org.apache.ratis.thirdparty.io.netty.channel.nio.NioEventLoop.processSelectedKeysOptimized(NioEventLoop.java:579)
	at org.apache.ratis.thirdparty.io.netty.channel.nio.NioEventLoop.processSelectedKeys(NioEventLoop.java:496)
	at org.apache.ratis.thirdparty.io.netty.channel.nio.NioEventLoop.run(NioEventLoop.java:458)
	at org.apache.ratis.thirdparty.io.netty.util.concurrent.SingleThreadEventExecutor$5.run(SingleThreadEventExecutor.java:897)
	at org.apache.ratis.thirdparty.io.netty.util.concurrent.FastThreadLocalRunnable.run(FastThreadLocalRunnable.java:30)
	... 1 more
Caused by: java.net.ConnectException: Connection refused
	... 11 more
2019-08-27 22:34:57,834 [506fee67-9f81-4cae-aaf5-08e8c0b305e7:group-C47B472BB423:LeaderElection105] INFO  impl.LeaderElection (LogUtils.java:infoOrTrace(149)) -   Exception 1: {}
java.util.concurrent.ExecutionException: org.apache.ratis.thirdparty.io.grpc.StatusRuntimeException: UNAVAILABLE: io exception
	at java.util.concurrent.FutureTask.report(FutureTask.java:122)
	at java.util.concurrent.FutureTask.get(FutureTask.java:192)
	at org.apache.ratis.server.impl.LeaderElection.waitForResults(LeaderElection.java:262)
	at org.apache.ratis.server.impl.LeaderElection.askForVotes(LeaderElection.java:200)
	at org.apache.ratis.server.impl.LeaderElection.run(LeaderElection.java:130)
	at java.lang.Thread.run(Thread.java:748)
Caused by: org.apache.ratis.thirdparty.io.grpc.StatusRuntimeException: UNAVAILABLE: io exception
	at org.apache.ratis.thirdparty.io.grpc.stub.ClientCalls.toStatusRuntimeException(ClientCalls.java:233)
	at org.apache.ratis.thirdparty.io.grpc.stub.ClientCalls.getUnchecked(ClientCalls.java:214)
	at org.apache.ratis.thirdparty.io.grpc.stub.ClientCalls.blockingUnaryCall(ClientCalls.java:139)
	at org.apache.ratis.proto.grpc.RaftServerProtocolServiceGrpc$RaftServerProtocolServiceBlockingStub.requestVote(RaftServerProtocolServiceGrpc.java:265)
	at org.apache.ratis.grpc.server.GrpcServerProtocolClient.requestVote(GrpcServerProtocolClient.java:83)
	at org.apache.ratis.grpc.server.GrpcService.requestVote(GrpcService.java:195)
	at org.apache.ratis.server.impl.LeaderElection.lambda$submitRequests$1(LeaderElection.java:237)
	at java.util.concurrent.FutureTask.run(FutureTask.java:266)
	at java.util.concurrent.Executors$RunnableAdapter.call(Executors.java:511)
	at java.util.concurrent.FutureTask.run(FutureTask.java:266)
	at java.util.concurrent.ThreadPoolExecutor.runWorker(ThreadPoolExecutor.java:1149)
	at java.util.concurrent.ThreadPoolExecutor$Worker.run(ThreadPoolExecutor.java:624)
	... 1 more
Caused by: org.apache.ratis.thirdparty.io.netty.channel.AbstractChannel$AnnotatedConnectException: Connection refused: /192.168.36.82:43095
	at sun.nio.ch.SocketChannelImpl.checkConnect(Native Method)
	at sun.nio.ch.SocketChannelImpl.finishConnect(SocketChannelImpl.java:717)
	at org.apache.ratis.thirdparty.io.netty.channel.socket.nio.NioSocketChannel.doFinishConnect(NioSocketChannel.java:327)
	at org.apache.ratis.thirdparty.io.netty.channel.nio.AbstractNioChannel$AbstractNioUnsafe.finishConnect(AbstractNioChannel.java:340)
	at org.apache.ratis.thirdparty.io.netty.channel.nio.NioEventLoop.processSelectedKey(NioEventLoop.java:632)
	at org.apache.ratis.thirdparty.io.netty.channel.nio.NioEventLoop.processSelectedKeysOptimized(NioEventLoop.java:579)
	at org.apache.ratis.thirdparty.io.netty.channel.nio.NioEventLoop.processSelectedKeys(NioEventLoop.java:496)
	at org.apache.ratis.thirdparty.io.netty.channel.nio.NioEventLoop.run(NioEventLoop.java:458)
	at org.apache.ratis.thirdparty.io.netty.util.concurrent.SingleThreadEventExecutor$5.run(SingleThreadEventExecutor.java:897)
	at org.apache.ratis.thirdparty.io.netty.util.concurrent.FastThreadLocalRunnable.run(FastThreadLocalRunnable.java:30)
	... 1 more
Caused by: java.net.ConnectException: Connection refused
	... 11 more
2019-08-27 22:34:57,834 [506fee67-9f81-4cae-aaf5-08e8c0b305e7:group-C47B472BB423:LeaderElection105] INFO  impl.RaftServerImpl (RaftServerImpl.java:setRole(171)) - 506fee67-9f81-4cae-aaf5-08e8c0b305e7:group-C47B472BB423 changes role from CANDIDATE to FOLLOWER at term 3 for DISCOVERED_A_NEW_TERM
2019-08-27 22:34:57,834 [506fee67-9f81-4cae-aaf5-08e8c0b305e7:group-C47B472BB423:LeaderElection105] INFO  impl.RoleInfo (RoleInfo.java:shutdownLeaderElection(134)) - 506fee67-9f81-4cae-aaf5-08e8c0b305e7: shutdown LeaderElection
2019-08-27 22:34:57,834 [506fee67-9f81-4cae-aaf5-08e8c0b305e7:group-C47B472BB423:LeaderElection105] INFO  impl.RoleInfo (RoleInfo.java:updateAndGet(143)) - 506fee67-9f81-4cae-aaf5-08e8c0b305e7: start FollowerState
2019-08-27 22:34:58,077 [EventQueue-StaleNodeForStaleNodeHandler] INFO  node.StaleNodeHandler (StaleNodeHandler.java:onMessage(58)) - Datanode 9cd9b32c-8455-4cb6-9cfb-b7cb8243d3b0{ip: 192.168.36.82, host: pr-hdds-1935-gfhxc-3829810507, networkLocation: /default-rack, certSerialId: null} moved to stale state. Finalizing its pipelines [PipelineID=8d33e630-643b-41c0-b665-5b423ac2c46d, PipelineID=e067b274-0bf1-4342-9628-d90c4949d057]
2019-08-27 22:34:58,078 [EventQueue-StaleNodeForStaleNodeHandler] INFO  pipeline.SCMPipelineManager (SCMPipelineManager.java:finalizeAndDestroyPipeline(309)) - destroying pipeline:Pipeline[ Id: 8d33e630-643b-41c0-b665-5b423ac2c46d, Nodes: 9cd9b32c-8455-4cb6-9cfb-b7cb8243d3b0{ip: 192.168.36.82, host: pr-hdds-1935-gfhxc-3829810507, networkLocation: /default-rack, certSerialId: null}548722b6-cbc9-4ce8-a377-29ae8acd3811{ip: 192.168.36.82, host: pr-hdds-1935-gfhxc-3829810507, networkLocation: /default-rack, certSerialId: null}a81afeb8-02c0-499f-ae14-dff73637c02f{ip: 192.168.36.82, host: pr-hdds-1935-gfhxc-3829810507, networkLocation: /default-rack, certSerialId: null}, Type:RATIS, Factor:THREE, State:CLOSED]
2019-08-27 22:34:58,078 [EventQueue-StaleNodeForStaleNodeHandler] INFO  pipeline.SCMPipelineManager (SCMPipelineManager.java:finalizeAndDestroyPipeline(309)) - destroying pipeline:Pipeline[ Id: e067b274-0bf1-4342-9628-d90c4949d057, Nodes: 9cd9b32c-8455-4cb6-9cfb-b7cb8243d3b0{ip: 192.168.36.82, host: pr-hdds-1935-gfhxc-3829810507, networkLocation: /default-rack, certSerialId: null}, Type:RATIS, Factor:ONE, State:OPEN]
2019-08-27 22:34:58,078 [EventQueue-StaleNodeForStaleNodeHandler] INFO  pipeline.PipelineStateManager (PipelineStateManager.java:finalizePipeline(123)) - Pipeline Pipeline[ Id: e067b274-0bf1-4342-9628-d90c4949d057, Nodes: 9cd9b32c-8455-4cb6-9cfb-b7cb8243d3b0{ip: 192.168.36.82, host: pr-hdds-1935-gfhxc-3829810507, networkLocation: /default-rack, certSerialId: null}, Type:RATIS, Factor:ONE, State:CLOSED] moved to CLOSED state
2019-08-27 22:34:58,414 [main] INFO  ozoneimpl.OzoneContainer (OzoneContainer.java:stop(199)) - Attempting to stop container services.
2019-08-27 22:34:58,415 [main] INFO  impl.RaftServerProxy (RaftServerProxy.java:lambda$close$4(314)) - 506fee67-9f81-4cae-aaf5-08e8c0b305e7: close
2019-08-27 22:34:58,415 [main] INFO  impl.RaftServerImpl (RaftServerImpl.java:lambda$shutdown$3(245)) - 506fee67-9f81-4cae-aaf5-08e8c0b305e7: shutdown group-C47B472BB423
2019-08-27 22:34:58,416 [main] INFO  util.JmxRegister (JmxRegister.java:unregister(73)) - Successfully un-registered JMX Bean with object name Ratis:service=RaftServer,group=group-C47B472BB423,id=506fee67-9f81-4cae-aaf5-08e8c0b305e7
2019-08-27 22:34:58,416 [main] INFO  impl.RoleInfo (RoleInfo.java:shutdownFollowerState(121)) - 506fee67-9f81-4cae-aaf5-08e8c0b305e7: shutdown FollowerState
2019-08-27 22:34:58,417 [main] INFO  impl.StateMachineUpdater (StateMachineUpdater.java:stopAndJoin(115)) - StateMachineUpdater:506fee67-9f81-4cae-aaf5-08e8c0b305e7:group-C47B472BB423: set stopIndex = 18
2019-08-27 22:34:58,417 [StateMachineUpdater:506fee67-9f81-4cae-aaf5-08e8c0b305e7:group-C47B472BB423] INFO  ratis.ContainerStateMachine (ContainerStateMachine.java:takeSnapshot(283)) - group-C47B472BB423: Taking a snapshot at:(t:1, i:14) file /workdir/hadoop-ozone/integration-test/target/test-dir/MiniOzoneClusterImpl-4bfb73da-a5a9-4fb9-9b48-1b3bedb326df/datanode-5/data/ratis/4ee5b5a7-5761-4a08-92ed-c47b472bb423/sm/snapshot.1_14
2019-08-27 22:34:58,417 [Thread-4027] INFO  impl.FollowerState (FollowerState.java:run(114)) - 506fee67-9f81-4cae-aaf5-08e8c0b305e7: FollowerState was interrupted: java.lang.InterruptedException: sleep interrupted
2019-08-27 22:34:58,435 [StateMachineUpdater:506fee67-9f81-4cae-aaf5-08e8c0b305e7:group-C47B472BB423] INFO  ratis.ContainerStateMachine (ContainerStateMachine.java:takeSnapshot(294)) - group-C47B472BB423: Finished taking a snapshot at:(t:1, i:14) file:/workdir/hadoop-ozone/integration-test/target/test-dir/MiniOzoneClusterImpl-4bfb73da-a5a9-4fb9-9b48-1b3bedb326df/datanode-5/data/ratis/4ee5b5a7-5761-4a08-92ed-c47b472bb423/sm/snapshot.1_14 time:19
2019-08-27 22:34:58,436 [StateMachineUpdater:506fee67-9f81-4cae-aaf5-08e8c0b305e7:group-C47B472BB423] INFO  impl.StateMachineUpdater (StateMachineUpdater.java:takeSnapshot(242)) - StateMachineUpdater:506fee67-9f81-4cae-aaf5-08e8c0b305e7:group-C47B472BB423: Took a snapshot at index 14
2019-08-27 22:34:58,436 [StateMachineUpdater:506fee67-9f81-4cae-aaf5-08e8c0b305e7:group-C47B472BB423] INFO  impl.StateMachineUpdater (StateMachineUpdater.java:lambda$new$0(80)) - StateMachineUpdater:506fee67-9f81-4cae-aaf5-08e8c0b305e7:group-C47B472BB423: snapshotIndex: updateIncreasingly -1 -> 14
2019-08-27 22:34:58,436 [main] INFO  impl.RaftServerImpl (ServerState.java:close(394)) - 506fee67-9f81-4cae-aaf5-08e8c0b305e7:group-C47B472BB423 closes. The last applied log index is 18
2019-08-27 22:34:58,437 [506fee67-9f81-4cae-aaf5-08e8c0b305e7-SegmentedRaftLogWorker:Storage Directory /workdir/hadoop-ozone/integration-test/target/test-dir/MiniOzoneClusterImpl-4bfb73da-a5a9-4fb9-9b48-1b3bedb326df/datanode-5/data/ratis/4ee5b5a7-5761-4a08-92ed-c47b472bb423] INFO  segmented.SegmentedRaftLogWorker (SegmentedRaftLogWorker.java:run(313)) - 506fee67-9f81-4cae-aaf5-08e8c0b305e7-SegmentedRaftLogWorker:Storage Directory /workdir/hadoop-ozone/integration-test/target/test-dir/MiniOzoneClusterImpl-4bfb73da-a5a9-4fb9-9b48-1b3bedb326df/datanode-5/data/ratis/4ee5b5a7-5761-4a08-92ed-c47b472bb423 was interrupted, exiting. There are 0 tasks remaining in the queue.
2019-08-27 22:34:58,439 [main] INFO  segmented.SegmentedRaftLogWorker (SegmentedRaftLogWorker.java:close(228)) - 506fee67-9f81-4cae-aaf5-08e8c0b305e7-SegmentedRaftLogWorker:Storage Directory /workdir/hadoop-ozone/integration-test/target/test-dir/MiniOzoneClusterImpl-4bfb73da-a5a9-4fb9-9b48-1b3bedb326df/datanode-5/data/ratis/4ee5b5a7-5761-4a08-92ed-c47b472bb423 close()
2019-08-27 22:34:58,440 [main] INFO  impl.RaftServerImpl (RaftServerImpl.java:lambda$shutdown$3(245)) - 506fee67-9f81-4cae-aaf5-08e8c0b305e7: shutdown group-F247081C4F6E
2019-08-27 22:34:58,440 [main] INFO  util.JmxRegister (JmxRegister.java:unregister(73)) - Successfully un-registered JMX Bean with object name Ratis:service=RaftServer,group=group-F247081C4F6E,id=506fee67-9f81-4cae-aaf5-08e8c0b305e7
2019-08-27 22:34:58,441 [main] INFO  impl.RoleInfo (RoleInfo.java:shutdownLeaderState(104)) - 506fee67-9f81-4cae-aaf5-08e8c0b305e7: shutdown LeaderState
2019-08-27 22:34:58,441 [main] INFO  impl.PendingRequests (PendingRequests.java:sendNotLeaderResponses(202)) - 506fee67-9f81-4cae-aaf5-08e8c0b305e7-PendingRequests: sendNotLeaderResponses
2019-08-27 22:34:58,441 [main] INFO  impl.StateMachineUpdater (StateMachineUpdater.java:stopAndJoin(115)) - StateMachineUpdater:506fee67-9f81-4cae-aaf5-08e8c0b305e7:group-F247081C4F6E: set stopIndex = 0
2019-08-27 22:34:58,442 [main] INFO  impl.RaftServerImpl (ServerState.java:close(394)) - 506fee67-9f81-4cae-aaf5-08e8c0b305e7:group-F247081C4F6E closes. The last applied log index is 0
2019-08-27 22:34:58,442 [506fee67-9f81-4cae-aaf5-08e8c0b305e7-SegmentedRaftLogWorker:Storage Directory /workdir/hadoop-ozone/integration-test/target/test-dir/MiniOzoneClusterImpl-4bfb73da-a5a9-4fb9-9b48-1b3bedb326df/datanode-5/data/ratis/ae5a08a7-ba40-4d07-b9e8-f247081c4f6e] INFO  segmented.SegmentedRaftLogWorker (SegmentedRaftLogWorker.java:run(313)) - 506fee67-9f81-4cae-aaf5-08e8c0b305e7-SegmentedRaftLogWorker:Storage Directory /workdir/hadoop-ozone/integration-test/target/test-dir/MiniOzoneClusterImpl-4bfb73da-a5a9-4fb9-9b48-1b3bedb326df/datanode-5/data/ratis/ae5a08a7-ba40-4d07-b9e8-f247081c4f6e was interrupted, exiting. There are 0 tasks remaining in the queue.
2019-08-27 22:34:58,447 [main] INFO  segmented.SegmentedRaftLogWorker (SegmentedRaftLogWorker.java:close(228)) - 506fee67-9f81-4cae-aaf5-08e8c0b305e7-SegmentedRaftLogWorker:Storage Directory /workdir/hadoop-ozone/integration-test/target/test-dir/MiniOzoneClusterImpl-4bfb73da-a5a9-4fb9-9b48-1b3bedb326df/datanode-5/data/ratis/ae5a08a7-ba40-4d07-b9e8-f247081c4f6e close()
2019-08-27 22:34:58,447 [main] INFO  server.GrpcService (GrpcService.java:closeImpl(155)) - 506fee67-9f81-4cae-aaf5-08e8c0b305e7: shutdown server with port 44257 now
2019-08-27 22:34:58,447 [main] INFO  server.GrpcService (GrpcService.java:closeImpl(163)) - 506fee67-9f81-4cae-aaf5-08e8c0b305e7: shutdown server with port 44257 successfully
2019-08-27 22:34:58,448 [main] INFO  utils.BackgroundService (BackgroundService.java:shutdown(148)) - Shutting down service BlockDeletingService
2019-08-27 22:34:58,451 [refreshUsed-/workdir/hadoop-ozone/integration-test/target/test-dir/MiniOzoneClusterImpl-4bfb73da-a5a9-4fb9-9b48-1b3bedb326df/datanode-5/data/containers] WARN  fs.CachingGetSpaceUsed (CachingGetSpaceUsed.java:run(183)) - Thread Interrupted waiting to refresh disk information: sleep interrupted
2019-08-27 22:34:58,465 [main] INFO  statemachine.DatanodeStateMachine (DatanodeStateMachine.java:stopDaemon(395)) - Ozone container server stopped.
2019-08-27 22:34:58,466 [main] INFO  handler.ContextHandler (ContextHandler.java:doStop(910)) - Stopped o.e.j.w.WebAppContext@3503e68e{/,null,UNAVAILABLE}{/hddsDatanode}
2019-08-27 22:34:58,466 [main] INFO  server.AbstractConnector (AbstractConnector.java:doStop(318)) - Stopped ServerConnector@7c2d4398{HTTP/1.1,[http/1.1]}{0.0.0.0:0}
2019-08-27 22:34:58,466 [main] INFO  handler.ContextHandler (ContextHandler.java:doStop(910)) - Stopped o.e.j.s.ServletContextHandler@3bf31f3e{/static,jar:file:/home/user/.m2/repository/org/apache/hadoop/hadoop-hdds-container-service/0.5.0-SNAPSHOT/hadoop-hdds-container-service-0.5.0-SNAPSHOT.jar!/webapps/static,UNAVAILABLE}
2019-08-27 22:34:58,467 [main] INFO  handler.ContextHandler (ContextHandler.java:doStop(910)) - Stopped o.e.j.s.ServletContextHandler@7a273fd7{/logs,file:///workdir/hadoop-ozone/integration-test/target/log,UNAVAILABLE}
2019-08-27 22:34:58,478 [ForkJoinPool.commonPool-worker-0] INFO  ozoneimpl.OzoneContainer (OzoneContainer.java:stop(199)) - Attempting to stop container services.
2019-08-27 22:34:58,478 [ForkJoinPool.commonPool-worker-0] INFO  impl.RaftServerProxy (RaftServerProxy.java:lambda$close$4(314)) - 9cd9b32c-8455-4cb6-9cfb-b7cb8243d3b0: close
2019-08-27 22:34:58,478 [ForkJoinPool.commonPool-worker-0] INFO  impl.RaftServerImpl (RaftServerImpl.java:lambda$shutdown$3(245)) - 9cd9b32c-8455-4cb6-9cfb-b7cb8243d3b0: shutdown group-5B423AC2C46D
2019-08-27 22:34:58,479 [ForkJoinPool.commonPool-worker-0] INFO  util.JmxRegister (JmxRegister.java:unregister(73)) - Successfully un-registered JMX Bean with object name Ratis:service=RaftServer,group=group-5B423AC2C46D,id=9cd9b32c-8455-4cb6-9cfb-b7cb8243d3b0
2019-08-27 22:34:58,479 [ForkJoinPool.commonPool-worker-0] INFO  impl.RoleInfo (RoleInfo.java:shutdownFollowerState(121)) - 9cd9b32c-8455-4cb6-9cfb-b7cb8243d3b0: shutdown FollowerState
2019-08-27 22:34:58,479 [ForkJoinPool.commonPool-worker-0] INFO  impl.StateMachineUpdater (StateMachineUpdater.java:stopAndJoin(115)) - StateMachineUpdater:9cd9b32c-8455-4cb6-9cfb-b7cb8243d3b0:group-5B423AC2C46D: set stopIndex = 16
2019-08-27 22:34:58,479 [StateMachineUpdater:9cd9b32c-8455-4cb6-9cfb-b7cb8243d3b0:group-5B423AC2C46D] INFO  ratis.ContainerStateMachine (ContainerStateMachine.java:takeSnapshot(283)) - group-5B423AC2C46D: Taking a snapshot at:(t:2, i:14) file /workdir/hadoop-ozone/integration-test/target/test-dir/MiniOzoneClusterImpl-4bfb73da-a5a9-4fb9-9b48-1b3bedb326df/datanode-0/data/ratis/8d33e630-643b-41c0-b665-5b423ac2c46d/sm/snapshot.2_14
2019-08-27 22:34:58,479 [Thread-3877] INFO  impl.FollowerState (FollowerState.java:run(114)) - 9cd9b32c-8455-4cb6-9cfb-b7cb8243d3b0: FollowerState was interrupted: java.lang.InterruptedException: sleep interrupted
2019-08-27 22:34:58,492 [StateMachineUpdater:9cd9b32c-8455-4cb6-9cfb-b7cb8243d3b0:group-5B423AC2C46D] INFO  ratis.ContainerStateMachine (ContainerStateMachine.java:takeSnapshot(294)) - group-5B423AC2C46D: Finished taking a snapshot at:(t:2, i:14) file:/workdir/hadoop-ozone/integration-test/target/test-dir/MiniOzoneClusterImpl-4bfb73da-a5a9-4fb9-9b48-1b3bedb326df/datanode-0/data/ratis/8d33e630-643b-41c0-b665-5b423ac2c46d/sm/snapshot.2_14 time:13
2019-08-27 22:34:58,492 [StateMachineUpdater:9cd9b32c-8455-4cb6-9cfb-b7cb8243d3b0:group-5B423AC2C46D] INFO  impl.StateMachineUpdater (StateMachineUpdater.java:takeSnapshot(242)) - StateMachineUpdater:9cd9b32c-8455-4cb6-9cfb-b7cb8243d3b0:group-5B423AC2C46D: Took a snapshot at index 14
2019-08-27 22:34:58,492 [StateMachineUpdater:9cd9b32c-8455-4cb6-9cfb-b7cb8243d3b0:group-5B423AC2C46D] INFO  impl.StateMachineUpdater (StateMachineUpdater.java:lambda$new$0(80)) - StateMachineUpdater:9cd9b32c-8455-4cb6-9cfb-b7cb8243d3b0:group-5B423AC2C46D: snapshotIndex: updateIncreasingly -1 -> 14
2019-08-27 22:34:58,493 [ForkJoinPool.commonPool-worker-0] INFO  impl.RaftServerImpl (ServerState.java:close(394)) - 9cd9b32c-8455-4cb6-9cfb-b7cb8243d3b0:group-5B423AC2C46D closes. The last applied log index is 16
2019-08-27 22:34:58,493 [9cd9b32c-8455-4cb6-9cfb-b7cb8243d3b0-SegmentedRaftLogWorker:Storage Directory /workdir/hadoop-ozone/integration-test/target/test-dir/MiniOzoneClusterImpl-4bfb73da-a5a9-4fb9-9b48-1b3bedb326df/datanode-0/data/ratis/8d33e630-643b-41c0-b665-5b423ac2c46d] INFO  segmented.SegmentedRaftLogWorker (SegmentedRaftLogWorker.java:run(313)) - 9cd9b32c-8455-4cb6-9cfb-b7cb8243d3b0-SegmentedRaftLogWorker:Storage Directory /workdir/hadoop-ozone/integration-test/target/test-dir/MiniOzoneClusterImpl-4bfb73da-a5a9-4fb9-9b48-1b3bedb326df/datanode-0/data/ratis/8d33e630-643b-41c0-b665-5b423ac2c46d was interrupted, exiting. There are 0 tasks remaining in the queue.
2019-08-27 22:34:58,494 [ForkJoinPool.commonPool-worker-0] INFO  segmented.SegmentedRaftLogWorker (SegmentedRaftLogWorker.java:close(228)) - 9cd9b32c-8455-4cb6-9cfb-b7cb8243d3b0-SegmentedRaftLogWorker:Storage Directory /workdir/hadoop-ozone/integration-test/target/test-dir/MiniOzoneClusterImpl-4bfb73da-a5a9-4fb9-9b48-1b3bedb326df/datanode-0/data/ratis/8d33e630-643b-41c0-b665-5b423ac2c46d close()
2019-08-27 22:34:58,494 [ForkJoinPool.commonPool-worker-0] INFO  impl.RaftServerImpl (RaftServerImpl.java:lambda$shutdown$3(245)) - 9cd9b32c-8455-4cb6-9cfb-b7cb8243d3b0: shutdown group-D90C4949D057
2019-08-27 22:34:58,494 [ForkJoinPool.commonPool-worker-0] INFO  util.JmxRegister (JmxRegister.java:unregister(73)) - Successfully un-registered JMX Bean with object name Ratis:service=RaftServer,group=group-D90C4949D057,id=9cd9b32c-8455-4cb6-9cfb-b7cb8243d3b0
2019-08-27 22:34:58,494 [ForkJoinPool.commonPool-worker-0] INFO  impl.RoleInfo (RoleInfo.java:shutdownLeaderState(104)) - 9cd9b32c-8455-4cb6-9cfb-b7cb8243d3b0: shutdown LeaderState
2019-08-27 22:34:58,495 [ForkJoinPool.commonPool-worker-0] INFO  impl.PendingRequests (PendingRequests.java:sendNotLeaderResponses(202)) - 9cd9b32c-8455-4cb6-9cfb-b7cb8243d3b0-PendingRequests: sendNotLeaderResponses
2019-08-27 22:34:58,495 [ForkJoinPool.commonPool-worker-0] INFO  impl.StateMachineUpdater (StateMachineUpdater.java:stopAndJoin(115)) - StateMachineUpdater:9cd9b32c-8455-4cb6-9cfb-b7cb8243d3b0:group-D90C4949D057: set stopIndex = 0
2019-08-27 22:34:58,495 [ForkJoinPool.commonPool-worker-0] INFO  impl.RaftServerImpl (ServerState.java:close(394)) - 9cd9b32c-8455-4cb6-9cfb-b7cb8243d3b0:group-D90C4949D057 closes. The last applied log index is 0
2019-08-27 22:34:58,495 [9cd9b32c-8455-4cb6-9cfb-b7cb8243d3b0-SegmentedRaftLogWorker:Storage Directory /workdir/hadoop-ozone/integration-test/target/test-dir/MiniOzoneClusterImpl-4bfb73da-a5a9-4fb9-9b48-1b3bedb326df/datanode-0/data/ratis/e067b274-0bf1-4342-9628-d90c4949d057] INFO  segmented.SegmentedRaftLogWorker (SegmentedRaftLogWorker.java:run(313)) - 9cd9b32c-8455-4cb6-9cfb-b7cb8243d3b0-SegmentedRaftLogWorker:Storage Directory /workdir/hadoop-ozone/integration-test/target/test-dir/MiniOzoneClusterImpl-4bfb73da-a5a9-4fb9-9b48-1b3bedb326df/datanode-0/data/ratis/e067b274-0bf1-4342-9628-d90c4949d057 was interrupted, exiting. There are 0 tasks remaining in the queue.
2019-08-27 22:34:58,496 [ForkJoinPool.commonPool-worker-0] INFO  segmented.SegmentedRaftLogWorker (SegmentedRaftLogWorker.java:close(228)) - 9cd9b32c-8455-4cb6-9cfb-b7cb8243d3b0-SegmentedRaftLogWorker:Storage Directory /workdir/hadoop-ozone/integration-test/target/test-dir/MiniOzoneClusterImpl-4bfb73da-a5a9-4fb9-9b48-1b3bedb326df/datanode-0/data/ratis/e067b274-0bf1-4342-9628-d90c4949d057 close()
2019-08-27 22:34:58,496 [ForkJoinPool.commonPool-worker-0] INFO  server.GrpcService (GrpcService.java:closeImpl(155)) - 9cd9b32c-8455-4cb6-9cfb-b7cb8243d3b0: shutdown server with port 44234 now
2019-08-27 22:34:58,496 [ForkJoinPool.commonPool-worker-0] INFO  server.GrpcService (GrpcService.java:closeImpl(163)) - 9cd9b32c-8455-4cb6-9cfb-b7cb8243d3b0: shutdown server with port 44234 successfully
2019-08-27 22:34:58,497 [ForkJoinPool.commonPool-worker-0] INFO  utils.BackgroundService (BackgroundService.java:shutdown(148)) - Shutting down service BlockDeletingService
2019-08-27 22:34:58,499 [refreshUsed-/workdir/hadoop-ozone/integration-test/target/test-dir/MiniOzoneClusterImpl-4bfb73da-a5a9-4fb9-9b48-1b3bedb326df/datanode-0/data/containers] WARN  fs.CachingGetSpaceUsed (CachingGetSpaceUsed.java:run(183)) - Thread Interrupted waiting to refresh disk information: sleep interrupted
2019-08-27 22:34:58,512 [ForkJoinPool.commonPool-worker-0] INFO  statemachine.DatanodeStateMachine (DatanodeStateMachine.java:stopDaemon(395)) - Ozone container server stopped.
2019-08-27 22:34:58,514 [ForkJoinPool.commonPool-worker-0] INFO  handler.ContextHandler (ContextHandler.java:doStop(910)) - Stopped o.e.j.w.WebAppContext@4d62bb8b{/,null,UNAVAILABLE}{/hddsDatanode}
2019-08-27 22:34:58,515 [ForkJoinPool.commonPool-worker-0] INFO  server.AbstractConnector (AbstractConnector.java:doStop(318)) - Stopped ServerConnector@70f37190{HTTP/1.1,[http/1.1]}{0.0.0.0:0}
2019-08-27 22:34:58,518 [ForkJoinPool.commonPool-worker-0] INFO  handler.ContextHandler (ContextHandler.java:doStop(910)) - Stopped o.e.j.s.ServletContextHandler@154fcedd{/static,jar:file:/home/user/.m2/repository/org/apache/hadoop/hadoop-hdds-container-service/0.5.0-SNAPSHOT/hadoop-hdds-container-service-0.5.0-SNAPSHOT.jar!/webapps/static,UNAVAILABLE}
2019-08-27 22:34:58,518 [ForkJoinPool.commonPool-worker-0] INFO  handler.ContextHandler (ContextHandler.java:doStop(910)) - Stopped o.e.j.s.ServletContextHandler@2f4bc3ff{/logs,file:///workdir/hadoop-ozone/integration-test/target/log,UNAVAILABLE}
2019-08-27 22:34:58,519 [main] INFO  ozone.MiniOzoneClusterImpl (MiniOzoneClusterImpl.java:stop(353)) - Stopping the StorageContainerManager
2019-08-27 22:34:58,519 [main] INFO  server.StorageContainerManager (StorageContainerManager.java:stop(797)) - Stopping Replication Manager Service.
2019-08-27 22:34:58,519 [main] INFO  container.ReplicationManager (ReplicationManager.java:stop(203)) - Stopping Replication Monitor Thread.
2019-08-27 22:34:58,519 [main] INFO  server.StorageContainerManager (StorageContainerManager.java:stop(804)) - Stopping Lease Manager of the command watchers
2019-08-27 22:34:58,519 [main] INFO  server.StorageContainerManager (StorageContainerManager.java:stop(811)) - Stopping datanode service RPC server
2019-08-27 22:34:58,520 [main] INFO  server.SCMDatanodeProtocolServer (SCMDatanodeProtocolServer.java:stop(367)) - Stopping the RPC server for DataNodes
2019-08-27 22:34:58,520 [main] INFO  ipc.Server (Server.java:stop(3082)) - Stopping server on 33406
2019-08-27 22:34:58,521 [IPC Server listener on 33406] INFO  ipc.Server (Server.java:run(1185)) - Stopping IPC Server listener on 33406
2019-08-27 22:34:58,522 [IPC Server Responder] INFO  ipc.Server (Server.java:run(1319)) - Stopping IPC Server Responder
2019-08-27 22:34:58,578 [SCM Heartbeat Processing Thread - 0] WARN  node.NodeStateManager (NodeStateManager.java:scheduleNextHealthCheck(646)) - Current Thread is interrupted, shutting down HB processing thread for Node Manager.
2019-08-27 22:34:58,578 [main] INFO  server.StorageContainerManager (StorageContainerManager.java:stop(819)) - Stopping block service RPC server
2019-08-27 22:34:58,579 [main] INFO  server.SCMBlockProtocolServer (SCMBlockProtocolServer.java:stop(155)) - Stopping the RPC server for Block Protocol
2019-08-27 22:34:58,579 [main] INFO  ipc.Server (Server.java:stop(3082)) - Stopping server on 36132
2019-08-27 22:34:58,581 [IPC Server listener on 36132] INFO  ipc.Server (Server.java:run(1185)) - Stopping IPC Server listener on 36132
2019-08-27 22:34:58,581 [main] INFO  server.StorageContainerManager (StorageContainerManager.java:stop(826)) - Stopping the StorageContainerLocationProtocol RPC server
2019-08-27 22:34:58,581 [IPC Server Responder] INFO  ipc.Server (Server.java:run(1319)) - Stopping IPC Server Responder
2019-08-27 22:34:58,582 [main] INFO  server.SCMClientProtocolServer (SCMClientProtocolServer.java:stop(159)) - Stopping the RPC server for Client Protocol
2019-08-27 22:34:58,582 [main] INFO  ipc.Server (Server.java:stop(3082)) - Stopping server on 40703
2019-08-27 22:34:58,583 [main] INFO  server.StorageContainerManager (StorageContainerManager.java:stop(833)) - Stopping Storage Container Manager HTTP server.
2019-08-27 22:34:58,584 [IPC Server Responder] INFO  ipc.Server (Server.java:run(1319)) - Stopping IPC Server Responder
2019-08-27 22:34:58,584 [IPC Server listener on 40703] INFO  ipc.Server (Server.java:run(1185)) - Stopping IPC Server listener on 40703
2019-08-27 22:34:58,585 [main] INFO  handler.ContextHandler (ContextHandler.java:doStop(910)) - Stopped o.e.j.w.WebAppContext@1a1d7832{/,null,UNAVAILABLE}{/scm}
2019-08-27 22:34:58,585 [main] INFO  server.AbstractConnector (AbstractConnector.java:doStop(318)) - Stopped ServerConnector@639c5ab4{HTTP/1.1,[http/1.1]}{0.0.0.0:0}
2019-08-27 22:34:58,586 [main] INFO  handler.ContextHandler (ContextHandler.java:doStop(910)) - Stopped o.e.j.s.ServletContextHandler@51179fad{/static,file:///workdir/hadoop-ozone/integration-test/target/test-classes/webapps/static,UNAVAILABLE}
2019-08-27 22:34:58,586 [main] INFO  handler.ContextHandler (ContextHandler.java:doStop(910)) - Stopped o.e.j.s.ServletContextHandler@7a4c1a6c{/logs,file:///workdir/hadoop-ozone/integration-test/target/log,UNAVAILABLE}
2019-08-27 22:34:58,586 [main] INFO  server.StorageContainerManager (StorageContainerManager.java:stop(844)) - Stopping Block Manager Service.
2019-08-27 22:34:58,587 [main] INFO  utils.BackgroundService (BackgroundService.java:shutdown(148)) - Shutting down service SCMBlockDeletingService
2019-08-27 22:34:58,587 [main] INFO  utils.BackgroundService (BackgroundService.java:shutdown(148)) - Shutting down service SCMBlockDeletingService
2019-08-27 22:34:58,587 [main] INFO  server.StorageContainerManager (StorageContainerManager.java:stop(866)) - Stopping SCM Event Queue.
2019-08-27 22:34:58,590 [main] INFO  impl.MetricsSystemImpl (MetricsSystemImpl.java:stop(210)) - Stopping HddsDatanode metrics system...
2019-08-27 22:34:58,597 [main] INFO  impl.MetricsSystemImpl (MetricsSystemImpl.java:stop(216)) - HddsDatanode metrics system stopped.
]]></system-out>
    <system-err><![CDATA[Aug 27, 2019 10:34:16 PM com.sun.jersey.server.impl.application.WebApplicationImpl _initiate
INFO: Initiating Jersey application, version 'Jersey: 1.19 02/11/2015 03:25 AM'
Aug 27, 2019 10:34:17 PM com.sun.jersey.server.impl.application.WebApplicationImpl _initiate
INFO: Initiating Jersey application, version 'Jersey: 1.19 02/11/2015 03:25 AM'
Aug 27, 2019 10:34:17 PM com.sun.jersey.server.impl.application.WebApplicationImpl _initiate
INFO: Initiating Jersey application, version 'Jersey: 1.19 02/11/2015 03:25 AM'
Aug 27, 2019 10:34:17 PM com.sun.jersey.server.impl.application.WebApplicationImpl _initiate
INFO: Initiating Jersey application, version 'Jersey: 1.19 02/11/2015 03:25 AM'
Aug 27, 2019 10:34:17 PM com.sun.jersey.server.impl.application.WebApplicationImpl _initiate
INFO: Initiating Jersey application, version 'Jersey: 1.19 02/11/2015 03:25 AM'
Aug 27, 2019 10:34:17 PM com.sun.jersey.server.impl.application.WebApplicationImpl _initiate
INFO: Initiating Jersey application, version 'Jersey: 1.19 02/11/2015 03:25 AM'
Aug 27, 2019 10:34:17 PM com.sun.jersey.server.impl.application.WebApplicationImpl _initiate
INFO: Initiating Jersey application, version 'Jersey: 1.19 02/11/2015 03:25 AM'
]]></system-err>
  </testcase>
  <testcase name="testFailureWithPrimeSizedData" classname="org.apache.hadoop.ozone.client.rpc.TestBlockOutputStreamWithFailures" time="34.566"/>
  <testcase name="testWatchForCommitWithCloseContainerException" classname="org.apache.hadoop.ozone.client.rpc.TestBlockOutputStreamWithFailures" time="38.418"/>
  <testcase name="testExceptionDuringClose" classname="org.apache.hadoop.ozone.client.rpc.TestBlockOutputStreamWithFailures" time="40.016"/>
</testsuite>