<?xml version="1.0" encoding="UTF-8"?>
<testsuite xmlns:xsi="http://www.w3.org/2001/XMLSchema-instance" xsi:noNamespaceSchemaLocation="https://maven.apache.org/surefire/maven-surefire-plugin/xsd/surefire-test-report.xsd" name="org.apache.hadoop.ozone.client.rpc.Test2WayCommitInRatis" time="37.816" tests="1" errors="1" skipped="0" failures="0">
  <properties>
    <property name="awt.toolkit" value="sun.awt.X11.XToolkit"/>
    <property name="file.encoding.pkg" value="sun.io"/>
    <property name="java.specification.version" value="1.8"/>
    <property name="sun.cpu.isalist" value=""/>
    <property name="sun.jnu.encoding" value="UTF-8"/>
    <property name="java.class.path" value="/workdir/hadoop-ozone/integration-test/target/test-classes:/workdir/hadoop-ozone/integration-test/target/classes:/home/user/.m2/repository/org/apache/hadoop/hadoop-ozone-common/0.5.0-SNAPSHOT/hadoop-ozone-common-0.5.0-SNAPSHOT.jar:/home/user/.m2/repository/org/apache/commons/commons-compress/1.4.1/commons-compress-1.4.1.jar:/home/user/.m2/repository/org/tukaani/xz/1.0/xz-1.0.jar:/home/user/.m2/repository/org/apache/hadoop/hadoop-common/3.2.0/hadoop-common-3.2.0.jar:/home/user/.m2/repository/org/apache/hadoop/hadoop-hdfs/3.2.0/hadoop-hdfs-3.2.0.jar:/home/user/.m2/repository/org/apache/hadoop/hadoop-hdfs-client/3.2.0/hadoop-hdfs-client-3.2.0.jar:/home/user/.m2/repository/com/fasterxml/jackson/core/jackson-annotations/2.9.5/jackson-annotations-2.9.5.jar:/home/user/.m2/repository/org/apache/hadoop/hadoop-hdds-common/0.5.0-SNAPSHOT/hadoop-hdds-common-0.5.0-SNAPSHOT.jar:/home/user/.m2/repository/javax/annotation/javax.annotation-api/1.2/javax.annotation-api-1.2.jar:/home/user/.m2/repository/org/apache/ratis/ratis-server/0.4.0-2337318-SNAPSHOT/ratis-server-0.4.0-2337318-SNAPSHOT.jar:/home/user/.m2/repository/org/apache/ratis/ratis-thirdparty-misc/0.2.0/ratis-thirdparty-misc-0.2.0.jar:/home/user/.m2/repository/org/apache/ratis/ratis-proto/0.4.0-2337318-SNAPSHOT/ratis-proto-0.4.0-2337318-SNAPSHOT.jar:/home/user/.m2/repository/org/apache/ratis/ratis-common/0.4.0-2337318-SNAPSHOT/ratis-common-0.4.0-2337318-SNAPSHOT.jar:/home/user/.m2/repository/org/apache/ratis/ratis-client/0.4.0-2337318-SNAPSHOT/ratis-client-0.4.0-2337318-SNAPSHOT.jar:/home/user/.m2/repository/org/apache/ratis/ratis-metrics/0.4.0-2337318-SNAPSHOT/ratis-metrics-0.4.0-2337318-SNAPSHOT.jar:/home/user/.m2/repository/org/apache/ratis/ratis-netty/0.4.0-2337318-SNAPSHOT/ratis-netty-0.4.0-2337318-SNAPSHOT.jar:/home/user/.m2/repository/org/apache/ratis/ratis-grpc/0.4.0-2337318-SNAPSHOT/ratis-grpc-0.4.0-2337318-SNAPSHOT.jar:/home/user/.m2/repository/org/rocksdb/rocksdbjni/6.0.1/rocksdbjni-6.0.1.jar:/home/user/.m2/repository/org/apache/logging/log4j/log4j-api/2.11.0/log4j-api-2.11.0.jar:/home/user/.m2/repository/org/apache/logging/log4j/log4j-core/2.11.0/log4j-core-2.11.0.jar:/home/user/.m2/repository/com/lmax/disruptor/3.4.2/disruptor-3.4.2.jar:/home/user/.m2/repository/org/apache/commons/commons-pool2/2.6.0/commons-pool2-2.6.0.jar:/home/user/.m2/repository/org/bouncycastle/bcpkix-jdk15on/1.60/bcpkix-jdk15on-1.60.jar:/home/user/.m2/repository/commons-validator/commons-validator/1.6/commons-validator-1.6.jar:/home/user/.m2/repository/commons-digester/commons-digester/1.8.1/commons-digester-1.8.1.jar:/home/user/.m2/repository/io/jaegertracing/jaeger-client/0.33.1/jaeger-client-0.33.1.jar:/home/user/.m2/repository/io/jaegertracing/jaeger-thrift/0.33.1/jaeger-thrift-0.33.1.jar:/home/user/.m2/repository/org/apache/thrift/libthrift/0.11.0/libthrift-0.11.0.jar:/home/user/.m2/repository/com/squareup/okhttp3/okhttp/3.9.0/okhttp-3.9.0.jar:/home/user/.m2/repository/com/squareup/okio/okio/1.13.0/okio-1.13.0.jar:/home/user/.m2/repository/io/jaegertracing/jaeger-core/0.33.1/jaeger-core-0.33.1.jar:/home/user/.m2/repository/io/jaegertracing/jaeger-tracerresolver/0.33.1/jaeger-tracerresolver-0.33.1.jar:/home/user/.m2/repository/io/opentracing/contrib/opentracing-tracerresolver/0.1.5/opentracing-tracerresolver-0.1.5.jar:/home/user/.m2/repository/io/opentracing/opentracing-util/0.31.0/opentracing-util-0.31.0.jar:/home/user/.m2/repository/io/opentracing/opentracing-api/0.31.0/opentracing-api-0.31.0.jar:/home/user/.m2/repository/io/opentracing/opentracing-noop/0.31.0/opentracing-noop-0.31.0.jar:/home/user/.m2/repository/org/apache/hadoop/hadoop-hdds-server-framework/0.5.0-SNAPSHOT/hadoop-hdds-server-framework-0.5.0-SNAPSHOT.jar:/home/user/.m2/repository/org/apache/hadoop/hadoop-hdds-container-service/0.5.0-SNAPSHOT/hadoop-hdds-container-service-0.5.0-SNAPSHOT.jar:/home/user/.m2/repository/org/apache/hadoop/hadoop-hdds-client/0.5.0-SNAPSHOT/hadoop-hdds-client-0.5.0-SNAPSHOT.jar:/home/user/.m2/repository/org/apache/hadoop/hadoop-hdds-tools/0.5.0-SNAPSHOT/hadoop-hdds-tools-0.5.0-SNAPSHOT.jar:/home/user/.m2/repository/org/apache/hadoop/hadoop-hdds-server-scm/0.5.0-SNAPSHOT/hadoop-hdds-server-scm-0.5.0-SNAPSHOT.jar:/home/user/.m2/repository/org/apache/hadoop/hadoop-hdds-docs/0.5.0-SNAPSHOT/hadoop-hdds-docs-0.5.0-SNAPSHOT.jar:/home/user/.m2/repository/io/dropwizard/metrics/metrics-core/3.2.4/metrics-core-3.2.4.jar:/home/user/.m2/repository/org/hamcrest/hamcrest-all/1.3/hamcrest-all-1.3.jar:/home/user/.m2/repository/org/bouncycastle/bcprov-jdk15on/1.60/bcprov-jdk15on-1.60.jar:/home/user/.m2/repository/info/picocli/picocli/3.9.6/picocli-3.9.6.jar:/home/user/.m2/repository/com/google/protobuf/protobuf-java/2.5.0/protobuf-java-2.5.0.jar:/home/user/.m2/repository/com/google/guava/guava/11.0.2/guava-11.0.2.jar:/home/user/.m2/repository/org/apache/hadoop/hadoop-ozone-ozone-manager/0.5.0-SNAPSHOT/hadoop-ozone-ozone-manager-0.5.0-SNAPSHOT.jar:/home/user/.m2/repository/org/apache/hadoop/hadoop-minikdc/3.2.0/hadoop-minikdc-3.2.0.jar:/home/user/.m2/repository/commons-io/commons-io/2.5/commons-io-2.5.jar:/home/user/.m2/repository/org/apache/kerby/kerb-simplekdc/1.0.1/kerb-simplekdc-1.0.1.jar:/home/user/.m2/repository/org/apache/kerby/kerb-client/1.0.1/kerb-client-1.0.1.jar:/home/user/.m2/repository/org/apache/kerby/kerby-config/1.0.1/kerby-config-1.0.1.jar:/home/user/.m2/repository/org/apache/kerby/kerb-core/1.0.1/kerb-core-1.0.1.jar:/home/user/.m2/repository/org/apache/kerby/kerby-pkix/1.0.1/kerby-pkix-1.0.1.jar:/home/user/.m2/repository/org/apache/kerby/kerby-asn1/1.0.1/kerby-asn1-1.0.1.jar:/home/user/.m2/repository/org/apache/kerby/kerby-util/1.0.1/kerby-util-1.0.1.jar:/home/user/.m2/repository/org/apache/kerby/kerb-common/1.0.1/kerb-common-1.0.1.jar:/home/user/.m2/repository/org/apache/kerby/kerb-crypto/1.0.1/kerb-crypto-1.0.1.jar:/home/user/.m2/repository/org/apache/kerby/kerb-util/1.0.1/kerb-util-1.0.1.jar:/home/user/.m2/repository/org/apache/kerby/token-provider/1.0.1/token-provider-1.0.1.jar:/home/user/.m2/repository/org/apache/kerby/kerb-admin/1.0.1/kerb-admin-1.0.1.jar:/home/user/.m2/repository/org/apache/kerby/kerb-server/1.0.1/kerb-server-1.0.1.jar:/home/user/.m2/repository/org/apache/kerby/kerb-identity/1.0.1/kerb-identity-1.0.1.jar:/home/user/.m2/repository/org/apache/kerby/kerby-xdr/1.0.1/kerby-xdr-1.0.1.jar:/home/user/.m2/repository/org/slf4j/slf4j-log4j12/1.7.25/slf4j-log4j12-1.7.25.jar:/home/user/.m2/repository/org/apache/hadoop/hadoop-ozone-objectstore-service/0.5.0-SNAPSHOT/hadoop-ozone-objectstore-service-0.5.0-SNAPSHOT.jar:/home/user/.m2/repository/org/apache/hadoop/hadoop-ozone-s3gateway/0.5.0-SNAPSHOT/hadoop-ozone-s3gateway-0.5.0-SNAPSHOT.jar:/home/user/.m2/repository/org/jboss/weld/servlet/weld-servlet/2.4.7.Final/weld-servlet-2.4.7.Final.jar:/home/user/.m2/repository/org/glassfish/jersey/containers/jersey-container-servlet-core/2.27/jersey-container-servlet-core-2.27.jar:/home/user/.m2/repository/org/glassfish/hk2/external/javax.inject/2.5.0-b42/javax.inject-2.5.0-b42.jar:/home/user/.m2/repository/org/glassfish/jersey/core/jersey-common/2.27/jersey-common-2.27.jar:/home/user/.m2/repository/org/glassfish/hk2/osgi-resource-locator/1.0.1/osgi-resource-locator-1.0.1.jar:/home/user/.m2/repository/javax/ws/rs/javax.ws.rs-api/2.1/javax.ws.rs-api-2.1.jar:/home/user/.m2/repository/org/glassfish/jersey/ext/cdi/jersey-cdi1x/2.27/jersey-cdi1x-2.27.jar:/home/user/.m2/repository/org/glassfish/jersey/inject/jersey-hk2/2.27/jersey-hk2-2.27.jar:/home/user/.m2/repository/org/glassfish/hk2/hk2-locator/2.5.0-b42/hk2-locator-2.5.0-b42.jar:/home/user/.m2/repository/org/javassist/javassist/3.22.0-CR2/javassist-3.22.0-CR2.jar:/home/user/.m2/repository/org/glassfish/hk2/hk2-api/2.5.0/hk2-api-2.5.0.jar:/home/user/.m2/repository/org/glassfish/hk2/external/jakarta.inject/2.5.0/jakarta.inject-2.5.0.jar:/home/user/.m2/repository/org/glassfish/hk2/hk2-utils/2.5.0/hk2-utils-2.5.0.jar:/home/user/.m2/repository/jakarta/annotation/jakarta.annotation-api/1.3.4/jakarta.annotation-api-1.3.4.jar:/home/user/.m2/repository/org/glassfish/hk2/external/aopalliance-repackaged/2.5.0/aopalliance-repackaged-2.5.0.jar:/home/user/.m2/repository/com/fasterxml/jackson/dataformat/jackson-dataformat-xml/2.9.0/jackson-dataformat-xml-2.9.0.jar:/home/user/.m2/repository/com/fasterxml/jackson/core/jackson-core/2.9.5/jackson-core-2.9.5.jar:/home/user/.m2/repository/com/fasterxml/jackson/module/jackson-module-jaxb-annotations/2.9.5/jackson-module-jaxb-annotations-2.9.5.jar:/home/user/.m2/repository/javax/enterprise/cdi-api/1.2/cdi-api-1.2.jar:/home/user/.m2/repository/javax/el/javax.el-api/3.0.0/javax.el-api-3.0.0.jar:/home/user/.m2/repository/javax/interceptor/javax.interceptor-api/1.2/javax.interceptor-api-1.2.jar:/home/user/.m2/repository/javax/inject/javax.inject/1/javax.inject-1.jar:/home/user/.m2/repository/com/sun/xml/bind/jaxb-impl/2.3.0.1/jaxb-impl-2.3.0.1.jar:/home/user/.m2/repository/com/sun/xml/bind/jaxb-core/2.3.0.1/jaxb-core-2.3.0.1.jar:/home/user/.m2/repository/javax/xml/bind/jaxb-api/2.3.0/jaxb-api-2.3.0.jar:/home/user/.m2/repository/javax/activation/activation/1.1.1/activation-1.1.1.jar:/home/user/.m2/repository/org/apache/hadoop/hadoop-ozone-csi/0.5.0-SNAPSHOT/hadoop-ozone-csi-0.5.0-SNAPSHOT.jar:/home/user/.m2/repository/com/google/protobuf/protobuf-java-util/3.5.1/protobuf-java-util-3.5.1.jar:/home/user/.m2/repository/org/apache/hadoop/hadoop-hdds-config/0.5.0-SNAPSHOT/hadoop-hdds-config-0.5.0-SNAPSHOT.jar:/home/user/.m2/repository/io/grpc/grpc-netty/1.17.1/grpc-netty-1.17.1.jar:/home/user/.m2/repository/io/grpc/grpc-core/1.17.1/grpc-core-1.17.1.jar:/home/user/.m2/repository/io/grpc/grpc-context/1.17.1/grpc-context-1.17.1.jar:/home/user/.m2/repository/com/google/errorprone/error_prone_annotations/2.2.0/error_prone_annotations-2.2.0.jar:/home/user/.m2/repository/org/codehaus/mojo/animal-sniffer-annotations/1.17/animal-sniffer-annotations-1.17.jar:/home/user/.m2/repository/io/opencensus/opencensus-api/0.17.0/opencensus-api-0.17.0.jar:/home/user/.m2/repository/io/opencensus/opencensus-contrib-grpc-metrics/0.17.0/opencensus-contrib-grpc-metrics-0.17.0.jar:/home/user/.m2/repository/io/netty/netty-codec-http2/4.1.30.Final/netty-codec-http2-4.1.30.Final.jar:/home/user/.m2/repository/io/netty/netty-codec-http/4.1.30.Final/netty-codec-http-4.1.30.Final.jar:/home/user/.m2/repository/io/netty/netty-codec/4.1.30.Final/netty-codec-4.1.30.Final.jar:/home/user/.m2/repository/io/netty/netty-handler/4.1.30.Final/netty-handler-4.1.30.Final.jar:/home/user/.m2/repository/io/netty/netty-handler-proxy/4.1.30.Final/netty-handler-proxy-4.1.30.Final.jar:/home/user/.m2/repository/io/netty/netty-codec-socks/4.1.30.Final/netty-codec-socks-4.1.30.Final.jar:/home/user/.m2/repository/io/netty/netty-transport-native-epoll/4.1.30.Final/netty-transport-native-epoll-4.1.30.Final.jar:/home/user/.m2/repository/io/netty/netty-common/4.1.30.Final/netty-common-4.1.30.Final.jar:/home/user/.m2/repository/io/netty/netty-buffer/4.1.30.Final/netty-buffer-4.1.30.Final.jar:/home/user/.m2/repository/io/netty/netty-transport/4.1.30.Final/netty-transport-4.1.30.Final.jar:/home/user/.m2/repository/io/netty/netty-resolver/4.1.30.Final/netty-resolver-4.1.30.Final.jar:/home/user/.m2/repository/io/netty/netty-transport-native-unix-common/4.1.30.Final/netty-transport-native-unix-common-4.1.30.Final.jar:/home/user/.m2/repository/io/grpc/grpc-protobuf/1.17.1/grpc-protobuf-1.17.1.jar:/home/user/.m2/repository/com/google/api/grpc/proto-google-common-protos/1.0.0/proto-google-common-protos-1.0.0.jar:/home/user/.m2/repository/io/grpc/grpc-protobuf-lite/1.17.1/grpc-protobuf-lite-1.17.1.jar:/home/user/.m2/repository/io/grpc/grpc-stub/1.17.1/grpc-stub-1.17.1.jar:/home/user/.m2/repository/org/apache/hadoop/hadoop-ozone-recon/0.5.0-SNAPSHOT/hadoop-ozone-recon-0.5.0-SNAPSHOT.jar:/home/user/.m2/repository/org/apache/hadoop/hadoop-ozone-reconcodegen/0.5.0-SNAPSHOT/hadoop-ozone-reconcodegen-0.5.0-SNAPSHOT.jar:/home/user/.m2/repository/com/google/inject/extensions/guice-multibindings/4.0/guice-multibindings-4.0.jar:/home/user/.m2/repository/com/google/inject/guice/4.0/guice-4.0.jar:/home/user/.m2/repository/aopalliance/aopalliance/1.0/aopalliance-1.0.jar:/home/user/.m2/repository/com/google/inject/extensions/guice-servlet/4.0/guice-servlet-4.0.jar:/home/user/.m2/repository/org/glassfish/jersey/containers/jersey-container-servlet/2.27/jersey-container-servlet-2.27.jar:/home/user/.m2/repository/org/glassfish/hk2/guice-bridge/2.5.0/guice-bridge-2.5.0.jar:/home/user/.m2/repository/org/glassfish/jersey/core/jersey-server/2.27/jersey-server-2.27.jar:/home/user/.m2/repository/org/glassfish/jersey/core/jersey-client/2.27/jersey-client-2.27.jar:/home/user/.m2/repository/org/glassfish/jersey/media/jersey-media-jaxb/2.27/jersey-media-jaxb-2.27.jar:/home/user/.m2/repository/javax/validation/validation-api/1.1.0.Final/validation-api-1.1.0.Final.jar:/home/user/.m2/repository/org/glassfish/jersey/media/jersey-media-json-jackson/2.27/jersey-media-json-jackson-2.27.jar:/home/user/.m2/repository/org/glassfish/jersey/ext/jersey-entity-filtering/2.27/jersey-entity-filtering-2.27.jar:/home/user/.m2/repository/com/google/inject/extensions/guice-assistedinject/4.0/guice-assistedinject-4.0.jar:/home/user/.m2/repository/org/jooq/jooq/3.11.10/jooq-3.11.10.jar:/home/user/.m2/repository/org/jooq/jooq-meta/3.11.10/jooq-meta-3.11.10.jar:/home/user/.m2/repository/org/jooq/jooq-codegen/3.11.10/jooq-codegen-3.11.10.jar:/home/user/.m2/repository/com/jolbox/bonecp/0.8.0.RELEASE/bonecp-0.8.0.RELEASE.jar:/home/user/.m2/repository/org/xerial/sqlite-jdbc/3.25.2/sqlite-jdbc-3.25.2.jar:/home/user/.m2/repository/org/springframework/spring-jdbc/5.1.3.RELEASE/spring-jdbc-5.1.3.RELEASE.jar:/home/user/.m2/repository/org/springframework/spring-beans/5.1.3.RELEASE/spring-beans-5.1.3.RELEASE.jar:/home/user/.m2/repository/org/springframework/spring-core/5.1.3.RELEASE/spring-core-5.1.3.RELEASE.jar:/home/user/.m2/repository/org/springframework/spring-jcl/5.1.3.RELEASE/spring-jcl-5.1.3.RELEASE.jar:/home/user/.m2/repository/org/springframework/spring-tx/5.1.3.RELEASE/spring-tx-5.1.3.RELEASE.jar:/home/user/.m2/repository/org/apache/hadoop/hadoop-ozone-client/0.5.0-SNAPSHOT/hadoop-ozone-client-0.5.0-SNAPSHOT.jar:/home/user/.m2/repository/commons-lang/commons-lang/2.6/commons-lang-2.6.jar:/home/user/.m2/repository/org/apache/hadoop/hadoop-ozone-ozone-manager/0.5.0-SNAPSHOT/hadoop-ozone-ozone-manager-0.5.0-SNAPSHOT-tests.jar:/home/user/.m2/repository/junit/junit/4.11/junit-4.11.jar:/home/user/.m2/repository/org/hamcrest/hamcrest-core/1.3/hamcrest-core-1.3.jar:/home/user/.m2/repository/org/openjdk/jmh/jmh-core/1.19/jmh-core-1.19.jar:/home/user/.m2/repository/net/sf/jopt-simple/jopt-simple/4.6/jopt-simple-4.6.jar:/home/user/.m2/repository/org/apache/commons/commons-math3/3.1.1/commons-math3-3.1.1.jar:/home/user/.m2/repository/org/openjdk/jmh/jmh-generator-annprocess/1.19/jmh-generator-annprocess-1.19.jar:/home/user/.m2/repository/org/mockito/mockito-all/1.8.5/mockito-all-1.8.5.jar:/home/user/.m2/repository/org/apache/hadoop/hadoop-kms/3.2.0/hadoop-kms-3.2.0.jar:/home/user/.m2/repository/org/apache/hadoop/hadoop-auth/3.2.0/hadoop-auth-3.2.0.jar:/home/user/.m2/repository/com/nimbusds/nimbus-jose-jwt/4.41.1/nimbus-jose-jwt-4.41.1.jar:/home/user/.m2/repository/com/github/stephenc/jcip/jcip-annotations/1.0-1/jcip-annotations-1.0-1.jar:/home/user/.m2/repository/net/minidev/json-smart/2.3/json-smart-2.3.jar:/home/user/.m2/repository/net/minidev/accessors-smart/1.2/accessors-smart-1.2.jar:/home/user/.m2/repository/org/ow2/asm/asm/5.0.4/asm-5.0.4.jar:/home/user/.m2/repository/org/apache/curator/curator-framework/2.12.0/curator-framework-2.12.0.jar:/home/user/.m2/repository/com/sun/jersey/jersey-core/1.19/jersey-core-1.19.jar:/home/user/.m2/repository/javax/ws/rs/jsr311-api/1.1.1/jsr311-api-1.1.1.jar:/home/user/.m2/repository/com/sun/jersey/jersey-server/1.19/jersey-server-1.19.jar:/home/user/.m2/repository/javax/servlet/javax.servlet-api/3.1.0/javax.servlet-api-3.1.0.jar:/home/user/.m2/repository/org/eclipse/jetty/jetty-server/9.3.24.v20180605/jetty-server-9.3.24.v20180605.jar:/home/user/.m2/repository/org/eclipse/jetty/jetty-http/9.3.24.v20180605/jetty-http-9.3.24.v20180605.jar:/home/user/.m2/repository/org/eclipse/jetty/jetty-io/9.3.24.v20180605/jetty-io-9.3.24.v20180605.jar:/home/user/.m2/repository/org/eclipse/jetty/jetty-webapp/9.3.24.v20180605/jetty-webapp-9.3.24.v20180605.jar:/home/user/.m2/repository/org/eclipse/jetty/jetty-xml/9.3.24.v20180605/jetty-xml-9.3.24.v20180605.jar:/home/user/.m2/repository/log4j/log4j/1.2.17/log4j-1.2.17.jar:/home/user/.m2/repository/org/slf4j/slf4j-api/1.7.25/slf4j-api-1.7.25.jar:/home/user/.m2/repository/org/slf4j/jul-to-slf4j/1.7.25/jul-to-slf4j-1.7.25.jar:/home/user/.m2/repository/org/eclipse/jetty/jetty-util/9.3.24.v20180605/jetty-util-9.3.24.v20180605.jar:/home/user/.m2/repository/com/fasterxml/jackson/core/jackson-databind/2.9.5/jackson-databind-2.9.5.jar:/home/user/.m2/repository/org/apache/hadoop/hadoop-kms/3.2.0/hadoop-kms-3.2.0-tests.jar:/home/user/.m2/repository/org/apache/hadoop/hadoop-hdds-server-scm/0.5.0-SNAPSHOT/hadoop-hdds-server-scm-0.5.0-SNAPSHOT-tests.jar:/home/user/.m2/repository/org/apache/hadoop/hadoop-hdds-container-service/0.5.0-SNAPSHOT/hadoop-hdds-container-service-0.5.0-SNAPSHOT-tests.jar:/home/user/.m2/repository/org/yaml/snakeyaml/1.16/snakeyaml-1.16.jar:/home/user/.m2/repository/org/apache/hadoop/hadoop-common/3.2.0/hadoop-common-3.2.0-tests.jar:/home/user/.m2/repository/org/apache/hadoop/hadoop-annotations/3.2.0/hadoop-annotations-3.2.0.jar:/usr/lib/jvm/java-1.8-openjdk/jre/../lib/tools.jar:/home/user/.m2/repository/commons-cli/commons-cli/1.2/commons-cli-1.2.jar:/home/user/.m2/repository/org/apache/httpcomponents/httpclient/4.5.2/httpclient-4.5.2.jar:/home/user/.m2/repository/org/apache/httpcomponents/httpcore/4.4.4/httpcore-4.4.4.jar:/home/user/.m2/repository/commons-codec/commons-codec/1.11/commons-codec-1.11.jar:/home/user/.m2/repository/commons-net/commons-net/3.6/commons-net-3.6.jar:/home/user/.m2/repository/commons-collections/commons-collections/3.2.2/commons-collections-3.2.2.jar:/home/user/.m2/repository/org/eclipse/jetty/jetty-servlet/9.3.24.v20180605/jetty-servlet-9.3.24.v20180605.jar:/home/user/.m2/repository/org/eclipse/jetty/jetty-security/9.3.24.v20180605/jetty-security-9.3.24.v20180605.jar:/home/user/.m2/repository/javax/servlet/jsp/jsp-api/2.1/jsp-api-2.1.jar:/home/user/.m2/repository/com/sun/jersey/jersey-servlet/1.19/jersey-servlet-1.19.jar:/home/user/.m2/repository/com/sun/jersey/jersey-json/1.19/jersey-json-1.19.jar:/home/user/.m2/repository/org/codehaus/jettison/jettison/1.1/jettison-1.1.jar:/home/user/.m2/repository/org/codehaus/jackson/jackson-core-asl/1.9.13/jackson-core-asl-1.9.13.jar:/home/user/.m2/repository/org/codehaus/jackson/jackson-mapper-asl/1.9.13/jackson-mapper-asl-1.9.13.jar:/home/user/.m2/repository/org/codehaus/jackson/jackson-jaxrs/1.9.13/jackson-jaxrs-1.9.13.jar:/home/user/.m2/repository/org/codehaus/jackson/jackson-xc/1.9.13/jackson-xc-1.9.13.jar:/home/user/.m2/repository/commons-logging/commons-logging/1.1.3/commons-logging-1.1.3.jar:/home/user/.m2/repository/commons-beanutils/commons-beanutils/1.9.3/commons-beanutils-1.9.3.jar:/home/user/.m2/repository/org/apache/commons/commons-configuration2/2.1.1/commons-configuration2-2.1.1.jar:/home/user/.m2/repository/org/apache/commons/commons-lang3/3.7/commons-lang3-3.7.jar:/home/user/.m2/repository/org/apache/commons/commons-text/1.4/commons-text-1.4.jar:/home/user/.m2/repository/org/apache/avro/avro/1.7.7/avro-1.7.7.jar:/home/user/.m2/repository/com/thoughtworks/paranamer/paranamer/2.3/paranamer-2.3.jar:/home/user/.m2/repository/org/xerial/snappy/snappy-java/1.0.5/snappy-java-1.0.5.jar:/home/user/.m2/repository/com/google/re2j/re2j/1.1/re2j-1.1.jar:/home/user/.m2/repository/com/google/code/gson/gson/2.2.4/gson-2.2.4.jar:/home/user/.m2/repository/com/jcraft/jsch/0.1.54/jsch-0.1.54.jar:/home/user/.m2/repository/org/apache/curator/curator-client/2.12.0/curator-client-2.12.0.jar:/home/user/.m2/repository/org/apache/curator/curator-recipes/2.12.0/curator-recipes-2.12.0.jar:/home/user/.m2/repository/com/google/code/findbugs/jsr305/3.0.0/jsr305-3.0.0.jar:/home/user/.m2/repository/org/apache/htrace/htrace-core4/4.1.0-incubating/htrace-core4-4.1.0-incubating.jar:/home/user/.m2/repository/org/apache/zookeeper/zookeeper/3.4.13/zookeeper-3.4.13.jar:/home/user/.m2/repository/org/apache/yetus/audience-annotations/0.5.0/audience-annotations-0.5.0.jar:/home/user/.m2/repository/org/codehaus/woodstox/stax2-api/3.1.4/stax2-api-3.1.4.jar:/home/user/.m2/repository/com/fasterxml/woodstox/woodstox-core/5.0.3/woodstox-core-5.0.3.jar:/home/user/.m2/repository/dnsjava/dnsjava/2.1.7/dnsjava-2.1.7.jar:/home/user/.m2/repository/org/apache/hadoop/hadoop-hdfs/3.2.0/hadoop-hdfs-3.2.0-tests.jar:/home/user/.m2/repository/org/eclipse/jetty/jetty-util-ajax/9.3.24.v20180605/jetty-util-ajax-9.3.24.v20180605.jar:/home/user/.m2/repository/commons-daemon/commons-daemon/1.0.13/commons-daemon-1.0.13.jar:/home/user/.m2/repository/io/netty/netty/3.10.5.Final/netty-3.10.5.Final.jar:/home/user/.m2/repository/io/netty/netty-all/4.0.52.Final/netty-all-4.0.52.Final.jar:/home/user/.m2/repository/org/fusesource/leveldbjni/leveldbjni-all/1.8/leveldbjni-all-1.8.jar:"/>
    <property name="java.vm.vendor" value="IcedTea"/>
    <property name="sun.arch.data.model" value="64"/>
    <property name="test.build.dir" value="/workdir/hadoop-ozone/integration-test/target/test-dir"/>
    <property name="test.cache.data" value=""/>
    <property name="java.vendor.url" value="https://icedtea.classpath.org"/>
    <property name="user.timezone" value=""/>
    <property name="java.vm.specification.version" value="1.8"/>
    <property name="os.name" value="Linux"/>
    <property name="test.build.data" value="/workdir/hadoop-ozone/integration-test/target/test-dir"/>
    <property name="user.country" value="US"/>
    <property name="sun.java.launcher" value="SUN_STANDARD"/>
    <property name="sun.boot.library.path" value="/usr/lib/jvm/java-1.8-openjdk/jre/lib/amd64"/>
    <property name="sun.java.command" value="/workdir/hadoop-ozone/integration-test/target/surefire/surefirebooter2544471723131370308.jar /workdir/hadoop-ozone/integration-test/target/surefire 2019-08-27T22-11-44_172-jvmRun1 surefire3704317251232954481tmp surefire_151302327455570832969tmp"/>
    <property name="test" value="!TestMiniChaosOzoneCluster"/>
    <property name="surefire.test.class.path" value="/workdir/hadoop-ozone/integration-test/target/test-classes:/workdir/hadoop-ozone/integration-test/target/classes:/home/user/.m2/repository/org/apache/hadoop/hadoop-ozone-common/0.5.0-SNAPSHOT/hadoop-ozone-common-0.5.0-SNAPSHOT.jar:/home/user/.m2/repository/org/apache/commons/commons-compress/1.4.1/commons-compress-1.4.1.jar:/home/user/.m2/repository/org/tukaani/xz/1.0/xz-1.0.jar:/home/user/.m2/repository/org/apache/hadoop/hadoop-common/3.2.0/hadoop-common-3.2.0.jar:/home/user/.m2/repository/org/apache/hadoop/hadoop-hdfs/3.2.0/hadoop-hdfs-3.2.0.jar:/home/user/.m2/repository/org/apache/hadoop/hadoop-hdfs-client/3.2.0/hadoop-hdfs-client-3.2.0.jar:/home/user/.m2/repository/com/fasterxml/jackson/core/jackson-annotations/2.9.5/jackson-annotations-2.9.5.jar:/home/user/.m2/repository/org/apache/hadoop/hadoop-hdds-common/0.5.0-SNAPSHOT/hadoop-hdds-common-0.5.0-SNAPSHOT.jar:/home/user/.m2/repository/javax/annotation/javax.annotation-api/1.2/javax.annotation-api-1.2.jar:/home/user/.m2/repository/org/apache/ratis/ratis-server/0.4.0-2337318-SNAPSHOT/ratis-server-0.4.0-2337318-SNAPSHOT.jar:/home/user/.m2/repository/org/apache/ratis/ratis-thirdparty-misc/0.2.0/ratis-thirdparty-misc-0.2.0.jar:/home/user/.m2/repository/org/apache/ratis/ratis-proto/0.4.0-2337318-SNAPSHOT/ratis-proto-0.4.0-2337318-SNAPSHOT.jar:/home/user/.m2/repository/org/apache/ratis/ratis-common/0.4.0-2337318-SNAPSHOT/ratis-common-0.4.0-2337318-SNAPSHOT.jar:/home/user/.m2/repository/org/apache/ratis/ratis-client/0.4.0-2337318-SNAPSHOT/ratis-client-0.4.0-2337318-SNAPSHOT.jar:/home/user/.m2/repository/org/apache/ratis/ratis-metrics/0.4.0-2337318-SNAPSHOT/ratis-metrics-0.4.0-2337318-SNAPSHOT.jar:/home/user/.m2/repository/org/apache/ratis/ratis-netty/0.4.0-2337318-SNAPSHOT/ratis-netty-0.4.0-2337318-SNAPSHOT.jar:/home/user/.m2/repository/org/apache/ratis/ratis-grpc/0.4.0-2337318-SNAPSHOT/ratis-grpc-0.4.0-2337318-SNAPSHOT.jar:/home/user/.m2/repository/org/rocksdb/rocksdbjni/6.0.1/rocksdbjni-6.0.1.jar:/home/user/.m2/repository/org/apache/logging/log4j/log4j-api/2.11.0/log4j-api-2.11.0.jar:/home/user/.m2/repository/org/apache/logging/log4j/log4j-core/2.11.0/log4j-core-2.11.0.jar:/home/user/.m2/repository/com/lmax/disruptor/3.4.2/disruptor-3.4.2.jar:/home/user/.m2/repository/org/apache/commons/commons-pool2/2.6.0/commons-pool2-2.6.0.jar:/home/user/.m2/repository/org/bouncycastle/bcpkix-jdk15on/1.60/bcpkix-jdk15on-1.60.jar:/home/user/.m2/repository/commons-validator/commons-validator/1.6/commons-validator-1.6.jar:/home/user/.m2/repository/commons-digester/commons-digester/1.8.1/commons-digester-1.8.1.jar:/home/user/.m2/repository/io/jaegertracing/jaeger-client/0.33.1/jaeger-client-0.33.1.jar:/home/user/.m2/repository/io/jaegertracing/jaeger-thrift/0.33.1/jaeger-thrift-0.33.1.jar:/home/user/.m2/repository/org/apache/thrift/libthrift/0.11.0/libthrift-0.11.0.jar:/home/user/.m2/repository/com/squareup/okhttp3/okhttp/3.9.0/okhttp-3.9.0.jar:/home/user/.m2/repository/com/squareup/okio/okio/1.13.0/okio-1.13.0.jar:/home/user/.m2/repository/io/jaegertracing/jaeger-core/0.33.1/jaeger-core-0.33.1.jar:/home/user/.m2/repository/io/jaegertracing/jaeger-tracerresolver/0.33.1/jaeger-tracerresolver-0.33.1.jar:/home/user/.m2/repository/io/opentracing/contrib/opentracing-tracerresolver/0.1.5/opentracing-tracerresolver-0.1.5.jar:/home/user/.m2/repository/io/opentracing/opentracing-util/0.31.0/opentracing-util-0.31.0.jar:/home/user/.m2/repository/io/opentracing/opentracing-api/0.31.0/opentracing-api-0.31.0.jar:/home/user/.m2/repository/io/opentracing/opentracing-noop/0.31.0/opentracing-noop-0.31.0.jar:/home/user/.m2/repository/org/apache/hadoop/hadoop-hdds-server-framework/0.5.0-SNAPSHOT/hadoop-hdds-server-framework-0.5.0-SNAPSHOT.jar:/home/user/.m2/repository/org/apache/hadoop/hadoop-hdds-container-service/0.5.0-SNAPSHOT/hadoop-hdds-container-service-0.5.0-SNAPSHOT.jar:/home/user/.m2/repository/org/apache/hadoop/hadoop-hdds-client/0.5.0-SNAPSHOT/hadoop-hdds-client-0.5.0-SNAPSHOT.jar:/home/user/.m2/repository/org/apache/hadoop/hadoop-hdds-tools/0.5.0-SNAPSHOT/hadoop-hdds-tools-0.5.0-SNAPSHOT.jar:/home/user/.m2/repository/org/apache/hadoop/hadoop-hdds-server-scm/0.5.0-SNAPSHOT/hadoop-hdds-server-scm-0.5.0-SNAPSHOT.jar:/home/user/.m2/repository/org/apache/hadoop/hadoop-hdds-docs/0.5.0-SNAPSHOT/hadoop-hdds-docs-0.5.0-SNAPSHOT.jar:/home/user/.m2/repository/io/dropwizard/metrics/metrics-core/3.2.4/metrics-core-3.2.4.jar:/home/user/.m2/repository/org/hamcrest/hamcrest-all/1.3/hamcrest-all-1.3.jar:/home/user/.m2/repository/org/bouncycastle/bcprov-jdk15on/1.60/bcprov-jdk15on-1.60.jar:/home/user/.m2/repository/info/picocli/picocli/3.9.6/picocli-3.9.6.jar:/home/user/.m2/repository/com/google/protobuf/protobuf-java/2.5.0/protobuf-java-2.5.0.jar:/home/user/.m2/repository/com/google/guava/guava/11.0.2/guava-11.0.2.jar:/home/user/.m2/repository/org/apache/hadoop/hadoop-ozone-ozone-manager/0.5.0-SNAPSHOT/hadoop-ozone-ozone-manager-0.5.0-SNAPSHOT.jar:/home/user/.m2/repository/org/apache/hadoop/hadoop-minikdc/3.2.0/hadoop-minikdc-3.2.0.jar:/home/user/.m2/repository/commons-io/commons-io/2.5/commons-io-2.5.jar:/home/user/.m2/repository/org/apache/kerby/kerb-simplekdc/1.0.1/kerb-simplekdc-1.0.1.jar:/home/user/.m2/repository/org/apache/kerby/kerb-client/1.0.1/kerb-client-1.0.1.jar:/home/user/.m2/repository/org/apache/kerby/kerby-config/1.0.1/kerby-config-1.0.1.jar:/home/user/.m2/repository/org/apache/kerby/kerb-core/1.0.1/kerb-core-1.0.1.jar:/home/user/.m2/repository/org/apache/kerby/kerby-pkix/1.0.1/kerby-pkix-1.0.1.jar:/home/user/.m2/repository/org/apache/kerby/kerby-asn1/1.0.1/kerby-asn1-1.0.1.jar:/home/user/.m2/repository/org/apache/kerby/kerby-util/1.0.1/kerby-util-1.0.1.jar:/home/user/.m2/repository/org/apache/kerby/kerb-common/1.0.1/kerb-common-1.0.1.jar:/home/user/.m2/repository/org/apache/kerby/kerb-crypto/1.0.1/kerb-crypto-1.0.1.jar:/home/user/.m2/repository/org/apache/kerby/kerb-util/1.0.1/kerb-util-1.0.1.jar:/home/user/.m2/repository/org/apache/kerby/token-provider/1.0.1/token-provider-1.0.1.jar:/home/user/.m2/repository/org/apache/kerby/kerb-admin/1.0.1/kerb-admin-1.0.1.jar:/home/user/.m2/repository/org/apache/kerby/kerb-server/1.0.1/kerb-server-1.0.1.jar:/home/user/.m2/repository/org/apache/kerby/kerb-identity/1.0.1/kerb-identity-1.0.1.jar:/home/user/.m2/repository/org/apache/kerby/kerby-xdr/1.0.1/kerby-xdr-1.0.1.jar:/home/user/.m2/repository/org/slf4j/slf4j-log4j12/1.7.25/slf4j-log4j12-1.7.25.jar:/home/user/.m2/repository/org/apache/hadoop/hadoop-ozone-objectstore-service/0.5.0-SNAPSHOT/hadoop-ozone-objectstore-service-0.5.0-SNAPSHOT.jar:/home/user/.m2/repository/org/apache/hadoop/hadoop-ozone-s3gateway/0.5.0-SNAPSHOT/hadoop-ozone-s3gateway-0.5.0-SNAPSHOT.jar:/home/user/.m2/repository/org/jboss/weld/servlet/weld-servlet/2.4.7.Final/weld-servlet-2.4.7.Final.jar:/home/user/.m2/repository/org/glassfish/jersey/containers/jersey-container-servlet-core/2.27/jersey-container-servlet-core-2.27.jar:/home/user/.m2/repository/org/glassfish/hk2/external/javax.inject/2.5.0-b42/javax.inject-2.5.0-b42.jar:/home/user/.m2/repository/org/glassfish/jersey/core/jersey-common/2.27/jersey-common-2.27.jar:/home/user/.m2/repository/org/glassfish/hk2/osgi-resource-locator/1.0.1/osgi-resource-locator-1.0.1.jar:/home/user/.m2/repository/javax/ws/rs/javax.ws.rs-api/2.1/javax.ws.rs-api-2.1.jar:/home/user/.m2/repository/org/glassfish/jersey/ext/cdi/jersey-cdi1x/2.27/jersey-cdi1x-2.27.jar:/home/user/.m2/repository/org/glassfish/jersey/inject/jersey-hk2/2.27/jersey-hk2-2.27.jar:/home/user/.m2/repository/org/glassfish/hk2/hk2-locator/2.5.0-b42/hk2-locator-2.5.0-b42.jar:/home/user/.m2/repository/org/javassist/javassist/3.22.0-CR2/javassist-3.22.0-CR2.jar:/home/user/.m2/repository/org/glassfish/hk2/hk2-api/2.5.0/hk2-api-2.5.0.jar:/home/user/.m2/repository/org/glassfish/hk2/external/jakarta.inject/2.5.0/jakarta.inject-2.5.0.jar:/home/user/.m2/repository/org/glassfish/hk2/hk2-utils/2.5.0/hk2-utils-2.5.0.jar:/home/user/.m2/repository/jakarta/annotation/jakarta.annotation-api/1.3.4/jakarta.annotation-api-1.3.4.jar:/home/user/.m2/repository/org/glassfish/hk2/external/aopalliance-repackaged/2.5.0/aopalliance-repackaged-2.5.0.jar:/home/user/.m2/repository/com/fasterxml/jackson/dataformat/jackson-dataformat-xml/2.9.0/jackson-dataformat-xml-2.9.0.jar:/home/user/.m2/repository/com/fasterxml/jackson/core/jackson-core/2.9.5/jackson-core-2.9.5.jar:/home/user/.m2/repository/com/fasterxml/jackson/module/jackson-module-jaxb-annotations/2.9.5/jackson-module-jaxb-annotations-2.9.5.jar:/home/user/.m2/repository/javax/enterprise/cdi-api/1.2/cdi-api-1.2.jar:/home/user/.m2/repository/javax/el/javax.el-api/3.0.0/javax.el-api-3.0.0.jar:/home/user/.m2/repository/javax/interceptor/javax.interceptor-api/1.2/javax.interceptor-api-1.2.jar:/home/user/.m2/repository/javax/inject/javax.inject/1/javax.inject-1.jar:/home/user/.m2/repository/com/sun/xml/bind/jaxb-impl/2.3.0.1/jaxb-impl-2.3.0.1.jar:/home/user/.m2/repository/com/sun/xml/bind/jaxb-core/2.3.0.1/jaxb-core-2.3.0.1.jar:/home/user/.m2/repository/javax/xml/bind/jaxb-api/2.3.0/jaxb-api-2.3.0.jar:/home/user/.m2/repository/javax/activation/activation/1.1.1/activation-1.1.1.jar:/home/user/.m2/repository/org/apache/hadoop/hadoop-ozone-csi/0.5.0-SNAPSHOT/hadoop-ozone-csi-0.5.0-SNAPSHOT.jar:/home/user/.m2/repository/com/google/protobuf/protobuf-java-util/3.5.1/protobuf-java-util-3.5.1.jar:/home/user/.m2/repository/org/apache/hadoop/hadoop-hdds-config/0.5.0-SNAPSHOT/hadoop-hdds-config-0.5.0-SNAPSHOT.jar:/home/user/.m2/repository/io/grpc/grpc-netty/1.17.1/grpc-netty-1.17.1.jar:/home/user/.m2/repository/io/grpc/grpc-core/1.17.1/grpc-core-1.17.1.jar:/home/user/.m2/repository/io/grpc/grpc-context/1.17.1/grpc-context-1.17.1.jar:/home/user/.m2/repository/com/google/errorprone/error_prone_annotations/2.2.0/error_prone_annotations-2.2.0.jar:/home/user/.m2/repository/org/codehaus/mojo/animal-sniffer-annotations/1.17/animal-sniffer-annotations-1.17.jar:/home/user/.m2/repository/io/opencensus/opencensus-api/0.17.0/opencensus-api-0.17.0.jar:/home/user/.m2/repository/io/opencensus/opencensus-contrib-grpc-metrics/0.17.0/opencensus-contrib-grpc-metrics-0.17.0.jar:/home/user/.m2/repository/io/netty/netty-codec-http2/4.1.30.Final/netty-codec-http2-4.1.30.Final.jar:/home/user/.m2/repository/io/netty/netty-codec-http/4.1.30.Final/netty-codec-http-4.1.30.Final.jar:/home/user/.m2/repository/io/netty/netty-codec/4.1.30.Final/netty-codec-4.1.30.Final.jar:/home/user/.m2/repository/io/netty/netty-handler/4.1.30.Final/netty-handler-4.1.30.Final.jar:/home/user/.m2/repository/io/netty/netty-handler-proxy/4.1.30.Final/netty-handler-proxy-4.1.30.Final.jar:/home/user/.m2/repository/io/netty/netty-codec-socks/4.1.30.Final/netty-codec-socks-4.1.30.Final.jar:/home/user/.m2/repository/io/netty/netty-transport-native-epoll/4.1.30.Final/netty-transport-native-epoll-4.1.30.Final.jar:/home/user/.m2/repository/io/netty/netty-common/4.1.30.Final/netty-common-4.1.30.Final.jar:/home/user/.m2/repository/io/netty/netty-buffer/4.1.30.Final/netty-buffer-4.1.30.Final.jar:/home/user/.m2/repository/io/netty/netty-transport/4.1.30.Final/netty-transport-4.1.30.Final.jar:/home/user/.m2/repository/io/netty/netty-resolver/4.1.30.Final/netty-resolver-4.1.30.Final.jar:/home/user/.m2/repository/io/netty/netty-transport-native-unix-common/4.1.30.Final/netty-transport-native-unix-common-4.1.30.Final.jar:/home/user/.m2/repository/io/grpc/grpc-protobuf/1.17.1/grpc-protobuf-1.17.1.jar:/home/user/.m2/repository/com/google/api/grpc/proto-google-common-protos/1.0.0/proto-google-common-protos-1.0.0.jar:/home/user/.m2/repository/io/grpc/grpc-protobuf-lite/1.17.1/grpc-protobuf-lite-1.17.1.jar:/home/user/.m2/repository/io/grpc/grpc-stub/1.17.1/grpc-stub-1.17.1.jar:/home/user/.m2/repository/org/apache/hadoop/hadoop-ozone-recon/0.5.0-SNAPSHOT/hadoop-ozone-recon-0.5.0-SNAPSHOT.jar:/home/user/.m2/repository/org/apache/hadoop/hadoop-ozone-reconcodegen/0.5.0-SNAPSHOT/hadoop-ozone-reconcodegen-0.5.0-SNAPSHOT.jar:/home/user/.m2/repository/com/google/inject/extensions/guice-multibindings/4.0/guice-multibindings-4.0.jar:/home/user/.m2/repository/com/google/inject/guice/4.0/guice-4.0.jar:/home/user/.m2/repository/aopalliance/aopalliance/1.0/aopalliance-1.0.jar:/home/user/.m2/repository/com/google/inject/extensions/guice-servlet/4.0/guice-servlet-4.0.jar:/home/user/.m2/repository/org/glassfish/jersey/containers/jersey-container-servlet/2.27/jersey-container-servlet-2.27.jar:/home/user/.m2/repository/org/glassfish/hk2/guice-bridge/2.5.0/guice-bridge-2.5.0.jar:/home/user/.m2/repository/org/glassfish/jersey/core/jersey-server/2.27/jersey-server-2.27.jar:/home/user/.m2/repository/org/glassfish/jersey/core/jersey-client/2.27/jersey-client-2.27.jar:/home/user/.m2/repository/org/glassfish/jersey/media/jersey-media-jaxb/2.27/jersey-media-jaxb-2.27.jar:/home/user/.m2/repository/javax/validation/validation-api/1.1.0.Final/validation-api-1.1.0.Final.jar:/home/user/.m2/repository/org/glassfish/jersey/media/jersey-media-json-jackson/2.27/jersey-media-json-jackson-2.27.jar:/home/user/.m2/repository/org/glassfish/jersey/ext/jersey-entity-filtering/2.27/jersey-entity-filtering-2.27.jar:/home/user/.m2/repository/com/google/inject/extensions/guice-assistedinject/4.0/guice-assistedinject-4.0.jar:/home/user/.m2/repository/org/jooq/jooq/3.11.10/jooq-3.11.10.jar:/home/user/.m2/repository/org/jooq/jooq-meta/3.11.10/jooq-meta-3.11.10.jar:/home/user/.m2/repository/org/jooq/jooq-codegen/3.11.10/jooq-codegen-3.11.10.jar:/home/user/.m2/repository/com/jolbox/bonecp/0.8.0.RELEASE/bonecp-0.8.0.RELEASE.jar:/home/user/.m2/repository/org/xerial/sqlite-jdbc/3.25.2/sqlite-jdbc-3.25.2.jar:/home/user/.m2/repository/org/springframework/spring-jdbc/5.1.3.RELEASE/spring-jdbc-5.1.3.RELEASE.jar:/home/user/.m2/repository/org/springframework/spring-beans/5.1.3.RELEASE/spring-beans-5.1.3.RELEASE.jar:/home/user/.m2/repository/org/springframework/spring-core/5.1.3.RELEASE/spring-core-5.1.3.RELEASE.jar:/home/user/.m2/repository/org/springframework/spring-jcl/5.1.3.RELEASE/spring-jcl-5.1.3.RELEASE.jar:/home/user/.m2/repository/org/springframework/spring-tx/5.1.3.RELEASE/spring-tx-5.1.3.RELEASE.jar:/home/user/.m2/repository/org/apache/hadoop/hadoop-ozone-client/0.5.0-SNAPSHOT/hadoop-ozone-client-0.5.0-SNAPSHOT.jar:/home/user/.m2/repository/commons-lang/commons-lang/2.6/commons-lang-2.6.jar:/home/user/.m2/repository/org/apache/hadoop/hadoop-ozone-ozone-manager/0.5.0-SNAPSHOT/hadoop-ozone-ozone-manager-0.5.0-SNAPSHOT-tests.jar:/home/user/.m2/repository/junit/junit/4.11/junit-4.11.jar:/home/user/.m2/repository/org/hamcrest/hamcrest-core/1.3/hamcrest-core-1.3.jar:/home/user/.m2/repository/org/openjdk/jmh/jmh-core/1.19/jmh-core-1.19.jar:/home/user/.m2/repository/net/sf/jopt-simple/jopt-simple/4.6/jopt-simple-4.6.jar:/home/user/.m2/repository/org/apache/commons/commons-math3/3.1.1/commons-math3-3.1.1.jar:/home/user/.m2/repository/org/openjdk/jmh/jmh-generator-annprocess/1.19/jmh-generator-annprocess-1.19.jar:/home/user/.m2/repository/org/mockito/mockito-all/1.8.5/mockito-all-1.8.5.jar:/home/user/.m2/repository/org/apache/hadoop/hadoop-kms/3.2.0/hadoop-kms-3.2.0.jar:/home/user/.m2/repository/org/apache/hadoop/hadoop-auth/3.2.0/hadoop-auth-3.2.0.jar:/home/user/.m2/repository/com/nimbusds/nimbus-jose-jwt/4.41.1/nimbus-jose-jwt-4.41.1.jar:/home/user/.m2/repository/com/github/stephenc/jcip/jcip-annotations/1.0-1/jcip-annotations-1.0-1.jar:/home/user/.m2/repository/net/minidev/json-smart/2.3/json-smart-2.3.jar:/home/user/.m2/repository/net/minidev/accessors-smart/1.2/accessors-smart-1.2.jar:/home/user/.m2/repository/org/ow2/asm/asm/5.0.4/asm-5.0.4.jar:/home/user/.m2/repository/org/apache/curator/curator-framework/2.12.0/curator-framework-2.12.0.jar:/home/user/.m2/repository/com/sun/jersey/jersey-core/1.19/jersey-core-1.19.jar:/home/user/.m2/repository/javax/ws/rs/jsr311-api/1.1.1/jsr311-api-1.1.1.jar:/home/user/.m2/repository/com/sun/jersey/jersey-server/1.19/jersey-server-1.19.jar:/home/user/.m2/repository/javax/servlet/javax.servlet-api/3.1.0/javax.servlet-api-3.1.0.jar:/home/user/.m2/repository/org/eclipse/jetty/jetty-server/9.3.24.v20180605/jetty-server-9.3.24.v20180605.jar:/home/user/.m2/repository/org/eclipse/jetty/jetty-http/9.3.24.v20180605/jetty-http-9.3.24.v20180605.jar:/home/user/.m2/repository/org/eclipse/jetty/jetty-io/9.3.24.v20180605/jetty-io-9.3.24.v20180605.jar:/home/user/.m2/repository/org/eclipse/jetty/jetty-webapp/9.3.24.v20180605/jetty-webapp-9.3.24.v20180605.jar:/home/user/.m2/repository/org/eclipse/jetty/jetty-xml/9.3.24.v20180605/jetty-xml-9.3.24.v20180605.jar:/home/user/.m2/repository/log4j/log4j/1.2.17/log4j-1.2.17.jar:/home/user/.m2/repository/org/slf4j/slf4j-api/1.7.25/slf4j-api-1.7.25.jar:/home/user/.m2/repository/org/slf4j/jul-to-slf4j/1.7.25/jul-to-slf4j-1.7.25.jar:/home/user/.m2/repository/org/eclipse/jetty/jetty-util/9.3.24.v20180605/jetty-util-9.3.24.v20180605.jar:/home/user/.m2/repository/com/fasterxml/jackson/core/jackson-databind/2.9.5/jackson-databind-2.9.5.jar:/home/user/.m2/repository/org/apache/hadoop/hadoop-kms/3.2.0/hadoop-kms-3.2.0-tests.jar:/home/user/.m2/repository/org/apache/hadoop/hadoop-hdds-server-scm/0.5.0-SNAPSHOT/hadoop-hdds-server-scm-0.5.0-SNAPSHOT-tests.jar:/home/user/.m2/repository/org/apache/hadoop/hadoop-hdds-container-service/0.5.0-SNAPSHOT/hadoop-hdds-container-service-0.5.0-SNAPSHOT-tests.jar:/home/user/.m2/repository/org/yaml/snakeyaml/1.16/snakeyaml-1.16.jar:/home/user/.m2/repository/org/apache/hadoop/hadoop-common/3.2.0/hadoop-common-3.2.0-tests.jar:/home/user/.m2/repository/org/apache/hadoop/hadoop-annotations/3.2.0/hadoop-annotations-3.2.0.jar:/usr/lib/jvm/java-1.8-openjdk/jre/../lib/tools.jar:/home/user/.m2/repository/commons-cli/commons-cli/1.2/commons-cli-1.2.jar:/home/user/.m2/repository/org/apache/httpcomponents/httpclient/4.5.2/httpclient-4.5.2.jar:/home/user/.m2/repository/org/apache/httpcomponents/httpcore/4.4.4/httpcore-4.4.4.jar:/home/user/.m2/repository/commons-codec/commons-codec/1.11/commons-codec-1.11.jar:/home/user/.m2/repository/commons-net/commons-net/3.6/commons-net-3.6.jar:/home/user/.m2/repository/commons-collections/commons-collections/3.2.2/commons-collections-3.2.2.jar:/home/user/.m2/repository/org/eclipse/jetty/jetty-servlet/9.3.24.v20180605/jetty-servlet-9.3.24.v20180605.jar:/home/user/.m2/repository/org/eclipse/jetty/jetty-security/9.3.24.v20180605/jetty-security-9.3.24.v20180605.jar:/home/user/.m2/repository/javax/servlet/jsp/jsp-api/2.1/jsp-api-2.1.jar:/home/user/.m2/repository/com/sun/jersey/jersey-servlet/1.19/jersey-servlet-1.19.jar:/home/user/.m2/repository/com/sun/jersey/jersey-json/1.19/jersey-json-1.19.jar:/home/user/.m2/repository/org/codehaus/jettison/jettison/1.1/jettison-1.1.jar:/home/user/.m2/repository/org/codehaus/jackson/jackson-core-asl/1.9.13/jackson-core-asl-1.9.13.jar:/home/user/.m2/repository/org/codehaus/jackson/jackson-mapper-asl/1.9.13/jackson-mapper-asl-1.9.13.jar:/home/user/.m2/repository/org/codehaus/jackson/jackson-jaxrs/1.9.13/jackson-jaxrs-1.9.13.jar:/home/user/.m2/repository/org/codehaus/jackson/jackson-xc/1.9.13/jackson-xc-1.9.13.jar:/home/user/.m2/repository/commons-logging/commons-logging/1.1.3/commons-logging-1.1.3.jar:/home/user/.m2/repository/commons-beanutils/commons-beanutils/1.9.3/commons-beanutils-1.9.3.jar:/home/user/.m2/repository/org/apache/commons/commons-configuration2/2.1.1/commons-configuration2-2.1.1.jar:/home/user/.m2/repository/org/apache/commons/commons-lang3/3.7/commons-lang3-3.7.jar:/home/user/.m2/repository/org/apache/commons/commons-text/1.4/commons-text-1.4.jar:/home/user/.m2/repository/org/apache/avro/avro/1.7.7/avro-1.7.7.jar:/home/user/.m2/repository/com/thoughtworks/paranamer/paranamer/2.3/paranamer-2.3.jar:/home/user/.m2/repository/org/xerial/snappy/snappy-java/1.0.5/snappy-java-1.0.5.jar:/home/user/.m2/repository/com/google/re2j/re2j/1.1/re2j-1.1.jar:/home/user/.m2/repository/com/google/code/gson/gson/2.2.4/gson-2.2.4.jar:/home/user/.m2/repository/com/jcraft/jsch/0.1.54/jsch-0.1.54.jar:/home/user/.m2/repository/org/apache/curator/curator-client/2.12.0/curator-client-2.12.0.jar:/home/user/.m2/repository/org/apache/curator/curator-recipes/2.12.0/curator-recipes-2.12.0.jar:/home/user/.m2/repository/com/google/code/findbugs/jsr305/3.0.0/jsr305-3.0.0.jar:/home/user/.m2/repository/org/apache/htrace/htrace-core4/4.1.0-incubating/htrace-core4-4.1.0-incubating.jar:/home/user/.m2/repository/org/apache/zookeeper/zookeeper/3.4.13/zookeeper-3.4.13.jar:/home/user/.m2/repository/org/apache/yetus/audience-annotations/0.5.0/audience-annotations-0.5.0.jar:/home/user/.m2/repository/org/codehaus/woodstox/stax2-api/3.1.4/stax2-api-3.1.4.jar:/home/user/.m2/repository/com/fasterxml/woodstox/woodstox-core/5.0.3/woodstox-core-5.0.3.jar:/home/user/.m2/repository/dnsjava/dnsjava/2.1.7/dnsjava-2.1.7.jar:/home/user/.m2/repository/org/apache/hadoop/hadoop-hdfs/3.2.0/hadoop-hdfs-3.2.0-tests.jar:/home/user/.m2/repository/org/eclipse/jetty/jetty-util-ajax/9.3.24.v20180605/jetty-util-ajax-9.3.24.v20180605.jar:/home/user/.m2/repository/commons-daemon/commons-daemon/1.0.13/commons-daemon-1.0.13.jar:/home/user/.m2/repository/io/netty/netty/3.10.5.Final/netty-3.10.5.Final.jar:/home/user/.m2/repository/io/netty/netty-all/4.0.52.Final/netty-all-4.0.52.Final.jar:/home/user/.m2/repository/org/fusesource/leveldbjni/leveldbjni-all/1.8/leveldbjni-all-1.8.jar:"/>
    <property name="sun.cpu.endian" value="little"/>
    <property name="user.home" value="/home/user"/>
    <property name="user.language" value="en"/>
    <property name="java.specification.vendor" value="Oracle Corporation"/>
    <property name="java.home" value="/usr/lib/jvm/java-1.8-openjdk/jre"/>
    <property name="java.security.krb5.conf" value="/workdir/hadoop-ozone/integration-test/target/test-classes/krb5.conf"/>
    <property name="basedir" value="/workdir/hadoop-ozone/integration-test"/>
    <property name="file.separator" value="/"/>
    <property name="line.separator" value="&#10;"/>
    <property name="java.vm.specification.vendor" value="Oracle Corporation"/>
    <property name="java.specification.name" value="Java Platform API Specification"/>
    <property name="java.awt.graphicsenv" value="sun.awt.X11GraphicsEnvironment"/>
    <property name="surefire.real.class.path" value="/workdir/hadoop-ozone/integration-test/target/surefire/surefirebooter2544471723131370308.jar"/>
    <property name="hadoop.log.dir" value="/workdir/hadoop-ozone/integration-test/target/log"/>
    <property name="sun.boot.class.path" value="/usr/lib/jvm/java-1.8-openjdk/jre/lib/resources.jar:/usr/lib/jvm/java-1.8-openjdk/jre/lib/rt.jar:/usr/lib/jvm/java-1.8-openjdk/jre/lib/sunrsasign.jar:/usr/lib/jvm/java-1.8-openjdk/jre/lib/jsse.jar:/usr/lib/jvm/java-1.8-openjdk/jre/lib/jce.jar:/usr/lib/jvm/java-1.8-openjdk/jre/lib/charsets.jar:/usr/lib/jvm/java-1.8-openjdk/jre/lib/jfr.jar:/usr/lib/jvm/java-1.8-openjdk/jre/classes"/>
    <property name="sun.management.compiler" value="HotSpot 64-Bit Tiered Compilers"/>
    <property name="java.runtime.version" value="1.8.0_212-b04"/>
    <property name="java.net.preferIPv4Stack" value="true"/>
    <property name="user.name" value="jenkins1000"/>
    <property name="path.separator" value=":"/>
    <property name="java.security.egd" value="file:///dev/urandom"/>
    <property name="os.version" value="3.10.0-957.12.2.el7.x86_64"/>
    <property name="java.endorsed.dirs" value="/usr/lib/jvm/java-1.8-openjdk/jre/lib/endorsed"/>
    <property name="java.runtime.name" value="OpenJDK Runtime Environment"/>
    <property name="file.encoding" value="UTF-8"/>
    <property name="java.vm.name" value="OpenJDK 64-Bit Server VM"/>
    <property name="test.build.webapps" value=""/>
    <property name="localRepository" value="/home/user/.m2/repository"/>
    <property name="java.vendor.url.bug" value="https://icedtea.classpath.org/bugzilla"/>
    <property name="java.io.tmpdir" value="/tmp"/>
    <property name="require.test.libhadoop" value=""/>
    <property name="java.version" value="1.8.0_212"/>
    <property name="user.dir" value="/workdir/hadoop-ozone/integration-test"/>
    <property name="os.arch" value="amd64"/>
    <property name="java.vm.specification.name" value="Java Virtual Machine Specification"/>
    <property name="test.build.classes" value="/workdir/hadoop-ozone/integration-test/target/test-classes"/>
    <property name="java.awt.printerjob" value="sun.print.PSPrinterJob"/>
    <property name="sun.os.patch.level" value="unknown"/>
    <property name="hadoop.tmp.dir" value="/workdir/hadoop-ozone/integration-test/target/tmp"/>
    <property name="java.library.path" value="/usr/lib/jvm/java-1.8-openjdk/jre/lib/amd64/server:/usr/lib/jvm/java-1.8-openjdk/jre/lib/amd64:/usr/lib/jvm/java-1.8-openjdk/jre/../lib/amd64:/workdir/hadoop-ozone/integration-test/target/native/target/usr/local/lib:/workdir/hadoop-ozone/integration-test/../../hadoop-common-project/hadoop-common/target/native/target/usr/local/lib:/usr/java/packages/lib/amd64:/usr/lib64:/lib64:/lib:/usr/lib"/>
    <property name="java.vm.info" value="mixed mode"/>
    <property name="java.vendor" value="IcedTea"/>
    <property name="java.vm.version" value="25.212-b04"/>
    <property name="java.ext.dirs" value="/usr/lib/jvm/java-1.8-openjdk/jre/lib/ext:/usr/java/packages/lib/ext"/>
    <property name="sun.io.unicode.encoding" value="UnicodeLittle"/>
    <property name="java.class.version" value="52.0"/>
  </properties>
  <testcase name="test2WayCommitForRetryfailure" classname="org.apache.hadoop.ozone.client.rpc.Test2WayCommitInRatis" time="37.752">
    <error message="org.apache.ratis.protocol.RaftRetryFailureException: Failed RaftClientRequest:client-A485569284D4-&gt;25145613-3fa0-4f0b-9038-78eecb7deae6@group-363EE032ACEC, cid=14, seq=2*, RW, org.apache.hadoop.hdds.scm.XceiverClientRatis$$Lambda$298/2085428347@11d522d8 for 20 attempts with RetryLimited(maxAttempts=20, sleepTime=1000ms)" type="java.util.concurrent.ExecutionException">java.util.concurrent.ExecutionException: org.apache.ratis.protocol.RaftRetryFailureException: Failed RaftClientRequest:client-A485569284D4->25145613-3fa0-4f0b-9038-78eecb7deae6@group-363EE032ACEC, cid=14, seq=2*, RW, org.apache.hadoop.hdds.scm.XceiverClientRatis$$Lambda$298/2085428347@11d522d8 for 20 attempts with RetryLimited(maxAttempts=20, sleepTime=1000ms)
	at java.util.concurrent.CompletableFuture.reportGet(CompletableFuture.java:357)
	at java.util.concurrent.CompletableFuture.get(CompletableFuture.java:1895)
	at org.apache.hadoop.ozone.client.rpc.Test2WayCommitInRatis.test2WayCommitForRetryfailure(Test2WayCommitInRatis.java:144)
	at sun.reflect.NativeMethodAccessorImpl.invoke0(Native Method)
	at sun.reflect.NativeMethodAccessorImpl.invoke(NativeMethodAccessorImpl.java:62)
	at sun.reflect.DelegatingMethodAccessorImpl.invoke(DelegatingMethodAccessorImpl.java:43)
	at java.lang.reflect.Method.invoke(Method.java:498)
	at org.junit.runners.model.FrameworkMethod$1.runReflectiveCall(FrameworkMethod.java:47)
	at org.junit.internal.runners.model.ReflectiveCallable.run(ReflectiveCallable.java:12)
	at org.junit.runners.model.FrameworkMethod.invokeExplosively(FrameworkMethod.java:44)
	at org.junit.internal.runners.statements.InvokeMethod.evaluate(InvokeMethod.java:17)
	at org.junit.runners.ParentRunner.runLeaf(ParentRunner.java:271)
	at org.junit.runners.BlockJUnit4ClassRunner.runChild(BlockJUnit4ClassRunner.java:70)
	at org.junit.runners.BlockJUnit4ClassRunner.runChild(BlockJUnit4ClassRunner.java:50)
	at org.junit.runners.ParentRunner$3.run(ParentRunner.java:238)
	at org.junit.runners.ParentRunner$1.schedule(ParentRunner.java:63)
	at org.junit.runners.ParentRunner.runChildren(ParentRunner.java:236)
	at org.junit.runners.ParentRunner.access$000(ParentRunner.java:53)
	at org.junit.runners.ParentRunner$2.evaluate(ParentRunner.java:229)
	at org.junit.runners.ParentRunner.run(ParentRunner.java:309)
	at org.apache.maven.surefire.junit4.JUnit4Provider.execute(JUnit4Provider.java:365)
	at org.apache.maven.surefire.junit4.JUnit4Provider.executeWithRerun(JUnit4Provider.java:273)
	at org.apache.maven.surefire.junit4.JUnit4Provider.executeTestSet(JUnit4Provider.java:238)
	at org.apache.maven.surefire.junit4.JUnit4Provider.invoke(JUnit4Provider.java:159)
	at org.apache.maven.surefire.booter.ForkedBooter.invokeProviderInSameClassLoader(ForkedBooter.java:384)
	at org.apache.maven.surefire.booter.ForkedBooter.runSuitesInProcess(ForkedBooter.java:345)
	at org.apache.maven.surefire.booter.ForkedBooter.execute(ForkedBooter.java:126)
	at org.apache.maven.surefire.booter.ForkedBooter.main(ForkedBooter.java:418)
Caused by: org.apache.ratis.protocol.RaftRetryFailureException: Failed RaftClientRequest:client-A485569284D4->25145613-3fa0-4f0b-9038-78eecb7deae6@group-363EE032ACEC, cid=14, seq=2*, RW, org.apache.hadoop.hdds.scm.XceiverClientRatis$$Lambda$298/2085428347@11d522d8 for 20 attempts with RetryLimited(maxAttempts=20, sleepTime=1000ms)
	at org.apache.ratis.client.impl.RaftClientImpl.noMoreRetries(RaftClientImpl.java:272)
	at org.apache.ratis.client.impl.OrderedAsync.handleAsyncRetryFailure(OrderedAsync.java:138)
	at org.apache.ratis.client.impl.OrderedAsync.lambda$sendRequest$10(OrderedAsync.java:230)
	at java.util.concurrent.CompletableFuture.uniExceptionally(CompletableFuture.java:870)
	at java.util.concurrent.CompletableFuture$UniExceptionally.tryFire(CompletableFuture.java:852)
	at java.util.concurrent.CompletableFuture.postComplete(CompletableFuture.java:474)
	at java.util.concurrent.CompletableFuture.completeExceptionally(CompletableFuture.java:1977)
	at org.apache.ratis.grpc.client.GrpcClientProtocolClient$AsyncStreamObservers.completeReplyExceptionally(GrpcClientProtocolClient.java:330)
	at org.apache.ratis.grpc.client.GrpcClientProtocolClient$AsyncStreamObservers.access$000(GrpcClientProtocolClient.java:246)
	at org.apache.ratis.grpc.client.GrpcClientProtocolClient$AsyncStreamObservers$1.onError(GrpcClientProtocolClient.java:275)
	at org.apache.ratis.thirdparty.io.grpc.stub.ClientCalls$StreamObserverToCallListenerAdapter.onClose(ClientCalls.java:434)
	at org.apache.ratis.thirdparty.io.grpc.PartialForwardingClientCallListener.onClose(PartialForwardingClientCallListener.java:39)
	at org.apache.ratis.thirdparty.io.grpc.ForwardingClientCallListener.onClose(ForwardingClientCallListener.java:23)
	at org.apache.ratis.thirdparty.io.grpc.ForwardingClientCallListener$SimpleForwardingClientCallListener.onClose(ForwardingClientCallListener.java:40)
	at org.apache.ratis.thirdparty.io.grpc.internal.CensusStatsModule$StatsClientInterceptor$1$1.onClose(CensusStatsModule.java:678)
	at org.apache.ratis.thirdparty.io.grpc.PartialForwardingClientCallListener.onClose(PartialForwardingClientCallListener.java:39)
	at org.apache.ratis.thirdparty.io.grpc.ForwardingClientCallListener.onClose(ForwardingClientCallListener.java:23)
	at org.apache.ratis.thirdparty.io.grpc.ForwardingClientCallListener$SimpleForwardingClientCallListener.onClose(ForwardingClientCallListener.java:40)
	at org.apache.ratis.thirdparty.io.grpc.internal.CensusTracingModule$TracingClientInterceptor$1$1.onClose(CensusTracingModule.java:397)
	at org.apache.ratis.thirdparty.io.grpc.internal.ClientCallImpl.closeObserver(ClientCallImpl.java:459)
	at org.apache.ratis.thirdparty.io.grpc.internal.ClientCallImpl.access$300(ClientCallImpl.java:63)
	at org.apache.ratis.thirdparty.io.grpc.internal.ClientCallImpl$ClientStreamListenerImpl.close(ClientCallImpl.java:546)
	at org.apache.ratis.thirdparty.io.grpc.internal.ClientCallImpl$ClientStreamListenerImpl.access$600(ClientCallImpl.java:467)
	at org.apache.ratis.thirdparty.io.grpc.internal.ClientCallImpl$ClientStreamListenerImpl$1StreamClosed.runInContext(ClientCallImpl.java:584)
	at org.apache.ratis.thirdparty.io.grpc.internal.ContextRunnable.run(ContextRunnable.java:37)
	at org.apache.ratis.thirdparty.io.grpc.internal.SerializingExecutor.run(SerializingExecutor.java:123)
	at java.util.concurrent.ThreadPoolExecutor.runWorker(ThreadPoolExecutor.java:1149)
	at java.util.concurrent.ThreadPoolExecutor$Worker.run(ThreadPoolExecutor.java:624)
	at java.lang.Thread.run(Thread.java:748)
Caused by: java.io.IOException: org.apache.ratis.thirdparty.io.grpc.StatusRuntimeException: UNAVAILABLE: io exception
	at org.apache.ratis.grpc.GrpcUtil.unwrapException(GrpcUtil.java:76)
	at org.apache.ratis.grpc.GrpcUtil.unwrapIOException(GrpcUtil.java:128)
	at org.apache.ratis.grpc.client.GrpcClientProtocolClient$AsyncStreamObservers$1.onError(GrpcClientProtocolClient.java:274)
	... 19 more
Caused by: org.apache.ratis.thirdparty.io.grpc.StatusRuntimeException: UNAVAILABLE: io exception
	at org.apache.ratis.thirdparty.io.grpc.Status.asRuntimeException(Status.java:526)
	... 19 more
Caused by: org.apache.ratis.thirdparty.io.netty.channel.AbstractChannel$AnnotatedConnectException: Connection refused: /192.168.36.82:35339
	at sun.nio.ch.SocketChannelImpl.checkConnect(Native Method)
	at sun.nio.ch.SocketChannelImpl.finishConnect(SocketChannelImpl.java:717)
	at org.apache.ratis.thirdparty.io.netty.channel.socket.nio.NioSocketChannel.doFinishConnect(NioSocketChannel.java:327)
	at org.apache.ratis.thirdparty.io.netty.channel.nio.AbstractNioChannel$AbstractNioUnsafe.finishConnect(AbstractNioChannel.java:340)
	at org.apache.ratis.thirdparty.io.netty.channel.nio.NioEventLoop.processSelectedKey(NioEventLoop.java:632)
	at org.apache.ratis.thirdparty.io.netty.channel.nio.NioEventLoop.processSelectedKeysOptimized(NioEventLoop.java:579)
	at org.apache.ratis.thirdparty.io.netty.channel.nio.NioEventLoop.processSelectedKeys(NioEventLoop.java:496)
	at org.apache.ratis.thirdparty.io.netty.channel.nio.NioEventLoop.run(NioEventLoop.java:458)
	at org.apache.ratis.thirdparty.io.netty.util.concurrent.SingleThreadEventExecutor$5.run(SingleThreadEventExecutor.java:897)
	at org.apache.ratis.thirdparty.io.netty.util.concurrent.FastThreadLocalRunnable.run(FastThreadLocalRunnable.java:30)
	... 1 more
Caused by: java.net.ConnectException: Connection refused
	... 11 more
</error>
    <system-out><![CDATA[2019-08-27 22:23:15,218 [main] WARN  server.ServerUtils (ServerUtils.java:getScmDbDir(145)) - ozone.scm.db.dirs is not configured. We recommend adding this setting. Falling back to ozone.metadata.dirs instead.
2019-08-27 22:23:15,535 [main] WARN  server.ServerUtils (ServerUtils.java:getScmDbDir(145)) - ozone.scm.db.dirs is not configured. We recommend adding this setting. Falling back to ozone.metadata.dirs instead.
2019-08-27 22:23:15,539 [main] WARN  server.ServerUtils (ServerUtils.java:getScmDbDir(145)) - ozone.scm.db.dirs is not configured. We recommend adding this setting. Falling back to ozone.metadata.dirs instead.
2019-08-27 22:23:15,560 [main] INFO  util.log (Log.java:initialized(192)) - Logging initialized @1085ms
2019-08-27 22:23:15,661 [main] INFO  db.DBStoreBuilder (DBStoreBuilder.java:addTable(110)) - using custom profile for table: deletedBlocks
2019-08-27 22:23:15,662 [main] INFO  db.DBStoreBuilder (DBStoreBuilder.java:processTables(161)) - Using default column profile:DBProfile.DISK for Table:deletedBlocks
2019-08-27 22:23:15,662 [main] INFO  db.DBStoreBuilder (DBStoreBuilder.java:addTable(110)) - using custom profile for table: validCerts
2019-08-27 22:23:15,662 [main] INFO  db.DBStoreBuilder (DBStoreBuilder.java:processTables(161)) - Using default column profile:DBProfile.DISK for Table:validCerts
2019-08-27 22:23:15,663 [main] INFO  db.DBStoreBuilder (DBStoreBuilder.java:addTable(110)) - using custom profile for table: revokedCerts
2019-08-27 22:23:15,663 [main] INFO  db.DBStoreBuilder (DBStoreBuilder.java:processTables(161)) - Using default column profile:DBProfile.DISK for Table:revokedCerts
2019-08-27 22:23:15,675 [main] INFO  db.DBStoreBuilder (DBStoreBuilder.java:addTable(110)) - using custom profile for table: default
2019-08-27 22:23:15,676 [main] INFO  db.DBStoreBuilder (DBStoreBuilder.java:processTables(167)) - Using default column profile:DBProfile.DISK for Table:default
2019-08-27 22:23:15,677 [main] INFO  db.DBStoreBuilder (DBStoreBuilder.java:getDbProfile(198)) - Using default options. DBProfile.DISK
2019-08-27 22:23:15,882 [main] INFO  net.NodeSchemaLoader (NodeSchemaLoader.java:loadSchemaFromFile(125)) - Loading file from sun.misc.CompoundEnumeration@368f2016
2019-08-27 22:23:15,886 [main] INFO  net.NodeSchemaLoader (NodeSchemaLoader.java:loadSchema(171)) - Loading network topology layer schema file
2019-08-27 22:23:15,979 [main] WARN  server.ServerUtils (ServerUtils.java:sanitizeUserArgs(70)) - ozone.scm.stale.node.interval value = 300000 is larger than max = 100000 based on the key value of ozone.scm.heartbeat.thread.interval, reset to the max value 100000.
2019-08-27 22:23:15,981 [main] WARN  server.ServerUtils (ServerUtils.java:sanitizeUserArgs(70)) - ozone.scm.stale.node.interval value = 300000 is larger than max = 100000 based on the key value of ozone.scm.heartbeat.thread.interval, reset to the max value 100000.
2019-08-27 22:23:15,983 [main] INFO  node.SCMNodeManager (SCMNodeManager.java:<init>(114)) - Entering startup safe mode.
2019-08-27 22:23:16,058 [main] INFO  algorithms.ContainerPlacementPolicyFactory (ContainerPlacementPolicyFactory.java:getPolicy(55)) - Create container placement policy of type org.apache.hadoop.hdds.scm.container.placement.algorithms.SCMContainerPlacementRandom
2019-08-27 22:23:16,074 [main] WARN  server.ServerUtils (ServerUtils.java:getScmDbDir(145)) - ozone.scm.db.dirs is not configured. We recommend adding this setting. Falling back to ozone.metadata.dirs instead.
2019-08-27 22:23:16,133 [main] INFO  pipeline.SCMPipelineManager (SCMPipelineManager.java:initializePipelineState(126)) - No pipeline exists in current db
2019-08-27 22:23:16,135 [main] WARN  server.ServerUtils (ServerUtils.java:getScmDbDir(145)) - ozone.scm.db.dirs is not configured. We recommend adding this setting. Falling back to ozone.metadata.dirs instead.
2019-08-27 22:23:16,252 [main] WARN  events.EventQueue (EventQueue.java:fireEvent(183)) - No event handler registered for event TypedEvent{payloadType=SafeModeStatus, name='SafeModeStatus'}
2019-08-27 22:23:17,062 [main] INFO  ipc.CallQueueManager (CallQueueManager.java:<init>(84)) - Using callQueue: class java.util.concurrent.LinkedBlockingQueue, queueCapacity: 2000, scheduler: class org.apache.hadoop.ipc.DefaultRpcScheduler, ipcBackoff: false.
2019-08-27 22:23:17,097 [Socket Reader #1 for port 37530] INFO  ipc.Server (Server.java:run(1074)) - Starting Socket Reader #1 for port 37530
2019-08-27 22:23:17,125 [main] INFO  ipc.CallQueueManager (CallQueueManager.java:<init>(84)) - Using callQueue: class java.util.concurrent.LinkedBlockingQueue, queueCapacity: 2000, scheduler: class org.apache.hadoop.ipc.DefaultRpcScheduler, ipcBackoff: false.
2019-08-27 22:23:17,126 [Socket Reader #1 for port 34090] INFO  ipc.Server (Server.java:run(1074)) - Starting Socket Reader #1 for port 34090
2019-08-27 22:23:17,133 [main] INFO  ipc.CallQueueManager (CallQueueManager.java:<init>(84)) - Using callQueue: class java.util.concurrent.LinkedBlockingQueue, queueCapacity: 2000, scheduler: class org.apache.hadoop.ipc.DefaultRpcScheduler, ipcBackoff: false.
2019-08-27 22:23:17,134 [Socket Reader #1 for port 41303] INFO  ipc.Server (Server.java:run(1074)) - Starting Socket Reader #1 for port 41303
2019-08-27 22:23:17,155 [main] INFO  hdfs.DFSUtil (DFSUtil.java:httpServerTemplateForNNAndJN(1641)) - Starting Web-server for scm at: http://0.0.0.0:0
2019-08-27 22:23:17,301 [main] INFO  server.AuthenticationFilter (AuthenticationFilter.java:constructSecretProvider(240)) - Unable to initialize FileSignerSecretProvider, falling back to use random secrets.
2019-08-27 22:23:17,310 [main] WARN  http.HttpRequestLog (HttpRequestLog.java:getRequestLog(97)) - Jetty request log can only be enabled using Log4j
2019-08-27 22:23:17,319 [main] INFO  http.HttpServer2 (HttpServer2.java:addGlobalFilter(975)) - Added global filter 'safety' (class=org.apache.hadoop.http.HttpServer2$QuotingInputFilter)
2019-08-27 22:23:17,322 [main] INFO  http.HttpServer2 (HttpServer2.java:addFilter(948)) - Added filter static_user_filter (class=org.apache.hadoop.http.lib.StaticUserWebFilter$StaticUserFilter) to context scm
2019-08-27 22:23:17,322 [main] INFO  http.HttpServer2 (HttpServer2.java:addFilter(958)) - Added filter static_user_filter (class=org.apache.hadoop.http.lib.StaticUserWebFilter$StaticUserFilter) to context static
2019-08-27 22:23:17,322 [main] INFO  http.HttpServer2 (HttpServer2.java:addFilter(958)) - Added filter static_user_filter (class=org.apache.hadoop.http.lib.StaticUserWebFilter$StaticUserFilter) to context logs
2019-08-27 22:23:17,354 [main] INFO  server.StorageContainerManager (StorageContainerManager.java:start(759)) - StorageContainerLocationProtocol RPC server is listening at /0.0.0.0:41303
2019-08-27 22:23:17,418 [main] WARN  impl.MetricsConfig (MetricsConfig.java:loadFirst(134)) - Cannot locate configuration: tried hadoop-metrics2-storagecontainermanager.properties,hadoop-metrics2.properties
2019-08-27 22:23:17,430 [main] INFO  impl.MetricsSystemImpl (MetricsSystemImpl.java:startTimer(374)) - Scheduled Metric snapshot period at 10 second(s).
2019-08-27 22:23:17,431 [main] INFO  impl.MetricsSystemImpl (MetricsSystemImpl.java:start(191)) - StorageContainerManager metrics system started
2019-08-27 22:23:17,684 [main] INFO  server.SCMClientProtocolServer (SCMClientProtocolServer.java:start(151)) - RPC server for Client  is listening at /0.0.0.0:41303
2019-08-27 22:23:17,684 [IPC Server Responder] INFO  ipc.Server (Server.java:run(1314)) - IPC Server Responder: starting
2019-08-27 22:23:17,684 [IPC Server listener on 41303] INFO  ipc.Server (Server.java:run(1153)) - IPC Server listener on 41303: starting
2019-08-27 22:23:17,687 [main] INFO  server.StorageContainerManager (StorageContainerManager.java:start(769)) - ScmBlockLocationProtocol RPC server is listening at /0.0.0.0:34090
2019-08-27 22:23:17,688 [main] INFO  server.SCMBlockProtocolServer (SCMBlockProtocolServer.java:start(146)) - RPC server for Block Protocol is listening at /0.0.0.0:34090
2019-08-27 22:23:17,689 [IPC Server Responder] INFO  ipc.Server (Server.java:run(1314)) - IPC Server Responder: starting
2019-08-27 22:23:17,689 [IPC Server listener on 34090] INFO  ipc.Server (Server.java:run(1153)) - IPC Server listener on 34090: starting
2019-08-27 22:23:17,691 [main] INFO  server.StorageContainerManager (StorageContainerManager.java:start(773)) - ScmDatanodeProtocl RPC server is listening at /0.0.0.0:37530
2019-08-27 22:23:17,691 [main] INFO  server.SCMDatanodeProtocolServer (SCMDatanodeProtocolServer.java:start(191)) - RPC server for DataNodes is listening at /0.0.0.0:37530
2019-08-27 22:23:17,691 [IPC Server Responder] INFO  ipc.Server (Server.java:run(1314)) - IPC Server Responder: starting
2019-08-27 22:23:17,692 [IPC Server listener on 37530] INFO  ipc.Server (Server.java:run(1153)) - IPC Server listener on 37530: starting
2019-08-27 22:23:17,695 [main] INFO  http.HttpServer2 (HttpServer2.java:bindListener(1191)) - Jetty bound to port 36805
2019-08-27 22:23:17,697 [main] INFO  server.Server (Server.java:doStart(351)) - jetty-9.3.24.v20180605, build timestamp: 2018-06-05T17:11:56Z, git hash: 84205aa28f11a4f31f2a3b86d1bba2cc8ab69827
2019-08-27 22:23:17,738 [main] INFO  handler.ContextHandler (ContextHandler.java:doStart(781)) - Started o.e.j.s.ServletContextHandler@52045dbe{/logs,file:///workdir/hadoop-ozone/integration-test/target/log,AVAILABLE}
2019-08-27 22:23:17,739 [main] INFO  handler.ContextHandler (ContextHandler.java:doStart(781)) - Started o.e.j.s.ServletContextHandler@5c8eee0f{/static,file:///workdir/hadoop-ozone/integration-test/target/test-classes/webapps/static,AVAILABLE}
2019-08-27 22:23:17,774 [main] INFO  handler.ContextHandler (ContextHandler.java:doStart(781)) - Started o.e.j.w.WebAppContext@3c291aad{/,file:///workdir/hadoop-ozone/integration-test/target/test-classes/webapps/scm/,AVAILABLE}{/scm}
2019-08-27 22:23:17,780 [main] INFO  server.AbstractConnector (AbstractConnector.java:doStart(278)) - Started ServerConnector@3228d990{HTTP/1.1,[http/1.1]}{0.0.0.0:36805}
2019-08-27 22:23:17,781 [main] INFO  server.Server (Server.java:doStart(419)) - Started @3306ms
2019-08-27 22:23:17,783 [main] INFO  impl.MetricsSinkAdapter (MetricsSinkAdapter.java:start(204)) - Sink prometheus started
2019-08-27 22:23:17,783 [main] INFO  impl.MetricsSystemImpl (MetricsSystemImpl.java:registerSink(301)) - Registered sink prometheus
2019-08-27 22:23:17,785 [main] INFO  server.BaseHttpServer (BaseHttpServer.java:updateConnectorAddress(215)) - HTTP server of SCM is listening at http://0.0.0.0:36805
2019-08-27 22:23:17,790 [org.apache.hadoop.util.JvmPauseMonitor$Monitor@28a2a3e7] INFO  util.JvmPauseMonitor (JvmPauseMonitor.java:run(188)) - Starting JVM pause monitor
2019-08-27 22:23:17,793 [main] WARN  server.ServerUtils (ServerUtils.java:getDBPath(222)) - ozone.om.db.dirs is not configured. We recommend adding this setting. Falling back to ozone.metadata.dirs instead.
2019-08-27 22:23:17,923 [main] WARN  server.ServerUtils (ServerUtils.java:getDBPath(222)) - ozone.om.db.dirs is not configured. We recommend adding this setting. Falling back to ozone.metadata.dirs instead.
2019-08-27 22:23:17,924 [main] WARN  server.ServerUtils (ServerUtils.java:getDBPath(222)) - ozone.om.db.dirs is not configured. We recommend adding this setting. Falling back to ozone.metadata.dirs instead.
2019-08-27 22:23:17,925 [main] INFO  om.OzoneManager (OzoneManager.java:setOMNodeDetails(652)) - OM Service ID is not set. Setting it to the default ID: omServiceIdDefault
2019-08-27 22:23:17,925 [main] INFO  om.OzoneManager (OzoneManager.java:setOMNodeDetails(658)) - OM Node ID is not set. Setting it to the OmStorage's OmID: 05e807f6-0efb-4542-b101-8a70b3119587
2019-08-27 22:23:17,926 [main] INFO  om.OzoneManager (OzoneManager.java:loadOMHAConfigs(609)) - Found matching OM address with OMServiceId: null, OMNodeId: null, RPC Address: localhost:0 and Ratis port: 9872
2019-08-27 22:23:18,171 | INFO  | SCMAudit | user=jenkins1000 | ip=192.168.36.82 | op=GET_SCM_INFO null | ret=SUCCESS |  
2019-08-27 22:23:18,658 [main] WARN  server.ServerUtils (ServerUtils.java:getDBPath(222)) - ozone.om.db.dirs is not configured. We recommend adding this setting. Falling back to ozone.metadata.dirs instead.
2019-08-27 22:23:18,666 [main] INFO  db.DBStoreBuilder (DBStoreBuilder.java:addTable(110)) - using custom profile for table: userTable
2019-08-27 22:23:18,666 [main] INFO  db.DBStoreBuilder (DBStoreBuilder.java:processTables(161)) - Using default column profile:DBProfile.DISK for Table:userTable
2019-08-27 22:23:18,667 [main] INFO  db.DBStoreBuilder (DBStoreBuilder.java:addTable(110)) - using custom profile for table: volumeTable
2019-08-27 22:23:18,667 [main] INFO  db.DBStoreBuilder (DBStoreBuilder.java:processTables(161)) - Using default column profile:DBProfile.DISK for Table:volumeTable
2019-08-27 22:23:18,667 [main] INFO  db.DBStoreBuilder (DBStoreBuilder.java:addTable(110)) - using custom profile for table: bucketTable
2019-08-27 22:23:18,667 [main] INFO  db.DBStoreBuilder (DBStoreBuilder.java:processTables(161)) - Using default column profile:DBProfile.DISK for Table:bucketTable
2019-08-27 22:23:18,668 [main] INFO  db.DBStoreBuilder (DBStoreBuilder.java:addTable(110)) - using custom profile for table: keyTable
2019-08-27 22:23:18,668 [main] INFO  db.DBStoreBuilder (DBStoreBuilder.java:processTables(161)) - Using default column profile:DBProfile.DISK for Table:keyTable
2019-08-27 22:23:18,668 [main] INFO  db.DBStoreBuilder (DBStoreBuilder.java:addTable(110)) - using custom profile for table: deletedTable
2019-08-27 22:23:18,668 [main] INFO  db.DBStoreBuilder (DBStoreBuilder.java:processTables(161)) - Using default column profile:DBProfile.DISK for Table:deletedTable
2019-08-27 22:23:18,669 [main] INFO  db.DBStoreBuilder (DBStoreBuilder.java:addTable(110)) - using custom profile for table: openKeyTable
2019-08-27 22:23:18,669 [main] INFO  db.DBStoreBuilder (DBStoreBuilder.java:processTables(161)) - Using default column profile:DBProfile.DISK for Table:openKeyTable
2019-08-27 22:23:18,669 [main] INFO  db.DBStoreBuilder (DBStoreBuilder.java:addTable(110)) - using custom profile for table: s3Table
2019-08-27 22:23:18,669 [main] INFO  db.DBStoreBuilder (DBStoreBuilder.java:processTables(161)) - Using default column profile:DBProfile.DISK for Table:s3Table
2019-08-27 22:23:18,670 [main] INFO  db.DBStoreBuilder (DBStoreBuilder.java:addTable(110)) - using custom profile for table: multipartInfoTable
2019-08-27 22:23:18,670 [main] INFO  db.DBStoreBuilder (DBStoreBuilder.java:processTables(161)) - Using default column profile:DBProfile.DISK for Table:multipartInfoTable
2019-08-27 22:23:18,670 [main] INFO  db.DBStoreBuilder (DBStoreBuilder.java:addTable(110)) - using custom profile for table: dTokenTable
2019-08-27 22:23:18,670 [main] INFO  db.DBStoreBuilder (DBStoreBuilder.java:processTables(161)) - Using default column profile:DBProfile.DISK for Table:dTokenTable
2019-08-27 22:23:18,671 [main] INFO  db.DBStoreBuilder (DBStoreBuilder.java:addTable(110)) - using custom profile for table: s3SecretTable
2019-08-27 22:23:18,671 [main] INFO  db.DBStoreBuilder (DBStoreBuilder.java:processTables(161)) - Using default column profile:DBProfile.DISK for Table:s3SecretTable
2019-08-27 22:23:18,671 [main] INFO  db.DBStoreBuilder (DBStoreBuilder.java:addTable(110)) - using custom profile for table: prefixTable
2019-08-27 22:23:18,671 [main] INFO  db.DBStoreBuilder (DBStoreBuilder.java:processTables(161)) - Using default column profile:DBProfile.DISK for Table:prefixTable
2019-08-27 22:23:18,672 [main] INFO  db.DBStoreBuilder (DBStoreBuilder.java:addTable(110)) - using custom profile for table: default
2019-08-27 22:23:18,672 [main] INFO  db.DBStoreBuilder (DBStoreBuilder.java:processTables(167)) - Using default column profile:DBProfile.DISK for Table:default
2019-08-27 22:23:18,672 [main] INFO  db.DBStoreBuilder (DBStoreBuilder.java:getDbProfile(198)) - Using default options. DBProfile.DISK
2019-08-27 22:23:19,385 [main] INFO  ipc.CallQueueManager (CallQueueManager.java:<init>(84)) - Using callQueue: class java.util.concurrent.LinkedBlockingQueue, queueCapacity: 2000, scheduler: class org.apache.hadoop.ipc.DefaultRpcScheduler, ipcBackoff: false.
2019-08-27 22:23:19,386 [Socket Reader #1 for port 45458] INFO  ipc.Server (Server.java:run(1074)) - Starting Socket Reader #1 for port 45458
2019-08-27 22:23:19,416 [main] INFO  om.OzoneManager (OzoneManager.java:start(1266)) - OzoneManager RPC server is listening at localhost/127.0.0.1:45458
2019-08-27 22:23:19,416 [main] INFO  impl.MetricsSystemImpl (MetricsSystemImpl.java:init(158)) - OzoneManager metrics system started (again)
2019-08-27 22:23:19,418 [IPC Server Responder] INFO  ipc.Server (Server.java:run(1314)) - IPC Server Responder: starting
2019-08-27 22:23:19,418 [IPC Server listener on 45458] INFO  ipc.Server (Server.java:run(1153)) - IPC Server listener on 45458: starting
2019-08-27 22:23:19,424 [main] INFO  hdfs.DFSUtil (DFSUtil.java:httpServerTemplateForNNAndJN(1641)) - Starting Web-server for ozoneManager at: http://0.0.0.0:0
2019-08-27 22:23:19,426 [main] INFO  server.AuthenticationFilter (AuthenticationFilter.java:constructSecretProvider(240)) - Unable to initialize FileSignerSecretProvider, falling back to use random secrets.
2019-08-27 22:23:19,427 [main] WARN  http.HttpRequestLog (HttpRequestLog.java:getRequestLog(97)) - Jetty request log can only be enabled using Log4j
2019-08-27 22:23:19,431 [main] INFO  http.HttpServer2 (HttpServer2.java:addGlobalFilter(975)) - Added global filter 'safety' (class=org.apache.hadoop.http.HttpServer2$QuotingInputFilter)
2019-08-27 22:23:19,433 [main] INFO  http.HttpServer2 (HttpServer2.java:addFilter(948)) - Added filter static_user_filter (class=org.apache.hadoop.http.lib.StaticUserWebFilter$StaticUserFilter) to context ozoneManager
2019-08-27 22:23:19,433 [main] INFO  http.HttpServer2 (HttpServer2.java:addFilter(958)) - Added filter static_user_filter (class=org.apache.hadoop.http.lib.StaticUserWebFilter$StaticUserFilter) to context logs
2019-08-27 22:23:19,433 [main] INFO  http.HttpServer2 (HttpServer2.java:addFilter(958)) - Added filter static_user_filter (class=org.apache.hadoop.http.lib.StaticUserWebFilter$StaticUserFilter) to context static
2019-08-27 22:23:19,436 [main] INFO  http.HttpServer2 (HttpServer2.java:bindListener(1191)) - Jetty bound to port 38218
2019-08-27 22:23:19,436 [main] INFO  server.Server (Server.java:doStart(351)) - jetty-9.3.24.v20180605, build timestamp: 2018-06-05T17:11:56Z, git hash: 84205aa28f11a4f31f2a3b86d1bba2cc8ab69827
2019-08-27 22:23:19,439 [main] INFO  handler.ContextHandler (ContextHandler.java:doStart(781)) - Started o.e.j.s.ServletContextHandler@2b4786dd{/logs,file:///workdir/hadoop-ozone/integration-test/target/log,AVAILABLE}
2019-08-27 22:23:19,440 [main] INFO  handler.ContextHandler (ContextHandler.java:doStart(781)) - Started o.e.j.s.ServletContextHandler@60e21209{/static,file:///workdir/hadoop-ozone/integration-test/target/test-classes/webapps/static,AVAILABLE}
2019-08-27 22:23:19,447 [main] INFO  handler.ContextHandler (ContextHandler.java:doStart(781)) - Started o.e.j.w.WebAppContext@7e9da981{/,file:///workdir/hadoop-ozone/integration-test/target/test-classes/webapps/ozoneManager/,AVAILABLE}{/ozoneManager}
2019-08-27 22:23:19,449 [main] INFO  server.AbstractConnector (AbstractConnector.java:doStart(278)) - Started ServerConnector@4ed38226{HTTP/1.1,[http/1.1]}{0.0.0.0:38218}
2019-08-27 22:23:19,450 [main] INFO  server.Server (Server.java:doStart(419)) - Started @4975ms
2019-08-27 22:23:19,450 [main] WARN  impl.MetricsSystemImpl (MetricsSystemImpl.java:register(276)) - Sink prometheus already exists!
2019-08-27 22:23:19,451 [main] INFO  server.BaseHttpServer (BaseHttpServer.java:updateConnectorAddress(215)) - HTTP server of OZONEMANAGER is listening at http://0.0.0.0:38218
2019-08-27 22:23:20,260 [main] INFO  impl.MetricsSystemImpl (MetricsSystemImpl.java:init(158)) - HddsDatanode metrics system started (again)
2019-08-27 22:23:20,326 [main] INFO  ozone.HddsDatanodeService (HddsDatanodeService.java:start(184)) - HddsDatanodeService host:pr-hdds-1935-gfhxc-3829810507 ip:192.168.36.82
2019-08-27 22:23:20,363 [main] INFO  volume.HddsVolume (HddsVolume.java:<init>(176)) - Creating Volume: /workdir/hadoop-ozone/integration-test/target/test-dir/MiniOzoneClusterImpl-95eab390-6897-4658-a6ea-ece20233ae92/datanode-0/data/containers/hdds of  storage type : DISK and capacity : 1482555576320
2019-08-27 22:23:20,365 [main] INFO  volume.VolumeSet (VolumeSet.java:initializeVolumeSet(170)) - Added Volume : /workdir/hadoop-ozone/integration-test/target/test-dir/MiniOzoneClusterImpl-95eab390-6897-4658-a6ea-ece20233ae92/datanode-0/data/containers/hdds to VolumeSet
2019-08-27 22:23:20,368 [main] INFO  volume.ThrottledAsyncChecker (ThrottledAsyncChecker.java:schedule(140)) - Scheduling a check for org.apache.hadoop.ozone.container.common.volume.HddsVolume@3971f0fe
2019-08-27 22:23:20,385 [main] INFO  volume.HddsVolumeChecker (HddsVolumeChecker.java:checkAllVolumes(203)) - Scheduled health check for volume org.apache.hadoop.ozone.container.common.volume.HddsVolume@3971f0fe
2019-08-27 22:23:20,524 [main] INFO  impl.RaftServerProxy (ConfUtils.java:logGet(43)) - raft.rpc.type = GRPC (default)
2019-08-27 22:23:20,600 [main] INFO  grpc.GrpcFactory (GrpcFactory.java:checkPooledByteBufAllocatorUseCacheForAllThreads(45)) - PERFORMANCE WARNING: useCacheForAllThreads is true that may cause Netty to create a lot garbage objects and, as a result, trigger GC.
	It is recommended to disable useCacheForAllThreads by setting -Dorg.apache.ratis.thirdparty.io.netty.allocator.useCacheForAllThreads=false in command line.
2019-08-27 22:23:20,608 [main] INFO  grpc.GrpcConfigKeys$Server (ConfUtils.java:logGet(43)) - raft.grpc.server.port = 0 (default)
2019-08-27 22:23:20,609 [main] INFO  server.GrpcService (ConfUtils.java:logGet(43)) - raft.grpc.message.size.max = 33570816 (custom)
2019-08-27 22:23:20,612 [main] INFO  server.RaftServerConfigKeys (ConfUtils.java:logGet(43)) - raft.server.log.appender.buffer.byte-limit = 33554432 (custom)
2019-08-27 22:23:20,613 [main] INFO  server.GrpcService (ConfUtils.java:logGet(43)) - raft.grpc.flow.control.window = 1MB (=1048576) (default)
2019-08-27 22:23:20,614 [main] INFO  server.RaftServerConfigKeys (ConfUtils.java:logGet(43)) - raft.server.rpc.request.timeout = 3000ms (default)
2019-08-27 22:23:20,802 [main] INFO  server.RaftServerConfigKeys (ConfUtils.java:logGet(43)) - raft.server.storage.dir = [/workdir/hadoop-ozone/integration-test/target/test-dir/MiniOzoneClusterImpl-95eab390-6897-4658-a6ea-ece20233ae92/datanode-0/data/ratis] (custom)
2019-08-27 22:23:20,839 [main] INFO  replication.SimpleContainerDownloader (SimpleContainerDownloader.java:<init>(72)) - Starting container downloader service to copy containers to replicate.
2019-08-27 22:23:20,852 [main] INFO  hdfs.DFSUtil (DFSUtil.java:httpServerTemplateForNNAndJN(1641)) - Starting Web-server for hddsDatanode at: http://0.0.0.0:0
2019-08-27 22:23:20,855 [main] INFO  server.AuthenticationFilter (AuthenticationFilter.java:constructSecretProvider(240)) - Unable to initialize FileSignerSecretProvider, falling back to use random secrets.
2019-08-27 22:23:20,856 [main] WARN  http.HttpRequestLog (HttpRequestLog.java:getRequestLog(97)) - Jetty request log can only be enabled using Log4j
2019-08-27 22:23:20,858 [main] INFO  http.HttpServer2 (HttpServer2.java:addGlobalFilter(975)) - Added global filter 'safety' (class=org.apache.hadoop.http.HttpServer2$QuotingInputFilter)
2019-08-27 22:23:20,858 [main] INFO  http.HttpServer2 (HttpServer2.java:addFilter(948)) - Added filter static_user_filter (class=org.apache.hadoop.http.lib.StaticUserWebFilter$StaticUserFilter) to context hddsDatanode
2019-08-27 22:23:20,858 [main] INFO  http.HttpServer2 (HttpServer2.java:addFilter(958)) - Added filter static_user_filter (class=org.apache.hadoop.http.lib.StaticUserWebFilter$StaticUserFilter) to context static
2019-08-27 22:23:20,859 [main] INFO  http.HttpServer2 (HttpServer2.java:addFilter(958)) - Added filter static_user_filter (class=org.apache.hadoop.http.lib.StaticUserWebFilter$StaticUserFilter) to context logs
2019-08-27 22:23:20,860 [main] INFO  http.HttpServer2 (HttpServer2.java:bindListener(1191)) - Jetty bound to port 40704
2019-08-27 22:23:20,860 [main] INFO  server.Server (Server.java:doStart(351)) - jetty-9.3.24.v20180605, build timestamp: 2018-06-05T17:11:56Z, git hash: 84205aa28f11a4f31f2a3b86d1bba2cc8ab69827
2019-08-27 22:23:20,862 [main] INFO  handler.ContextHandler (ContextHandler.java:doStart(781)) - Started o.e.j.s.ServletContextHandler@1352434e{/logs,file:///workdir/hadoop-ozone/integration-test/target/log,AVAILABLE}
2019-08-27 22:23:20,862 [main] INFO  handler.ContextHandler (ContextHandler.java:doStart(781)) - Started o.e.j.s.ServletContextHandler@2b6fcb9f{/static,jar:file:/home/user/.m2/repository/org/apache/hadoop/hadoop-hdds-container-service/0.5.0-SNAPSHOT/hadoop-hdds-container-service-0.5.0-SNAPSHOT.jar!/webapps/static,AVAILABLE}
2019-08-27 22:23:20,897 [main] INFO  handler.ContextHandler (ContextHandler.java:doStart(781)) - Started o.e.j.w.WebAppContext@17f3eefb{/,file:///tmp/jetty-0.0.0.0-40704-hddsDatanode-_-any-1281784747738244372.dir/webapp/,AVAILABLE}{/hddsDatanode}
2019-08-27 22:23:20,898 [main] INFO  server.AbstractConnector (AbstractConnector.java:doStart(278)) - Started ServerConnector@3ba46e63{HTTP/1.1,[http/1.1]}{0.0.0.0:40704}
2019-08-27 22:23:20,898 [main] INFO  server.Server (Server.java:doStart(419)) - Started @6423ms
2019-08-27 22:23:20,900 [main] WARN  impl.MetricsSystemImpl (MetricsSystemImpl.java:register(276)) - Sink prometheus already exists!
2019-08-27 22:23:20,901 [main] INFO  server.BaseHttpServer (BaseHttpServer.java:updateConnectorAddress(215)) - HTTP server of HDDSDATANODE is listening at http://0.0.0.0:40704
2019-08-27 22:23:22,185 | INFO  | ObjectStoreRestHttpServer | Listening HDDS REST traffic on /0.0.0.0:34657 |  
2019-08-27 22:23:22,187 [main] INFO  ozone.HddsDatanodeService (HddsDatanodeService.java:startPlugins(395)) - Started plug-in org.apache.hadoop.ozone.web.OzoneHddsDatanodeService@1f536481
2019-08-27 22:23:22,188 [main] INFO  impl.MetricsSystemImpl (MetricsSystemImpl.java:init(158)) - HddsDatanode metrics system started (again)
2019-08-27 22:23:22,192 [main] INFO  ozone.HddsDatanodeService (HddsDatanodeService.java:start(184)) - HddsDatanodeService host:pr-hdds-1935-gfhxc-3829810507 ip:192.168.36.82
2019-08-27 22:23:22,193 [org.apache.hadoop.util.JvmPauseMonitor$Monitor@123ddbb3] INFO  util.JvmPauseMonitor (JvmPauseMonitor.java:run(188)) - Starting JVM pause monitor
2019-08-27 22:23:22,199 [main] INFO  volume.HddsVolume (HddsVolume.java:<init>(176)) - Creating Volume: /workdir/hadoop-ozone/integration-test/target/test-dir/MiniOzoneClusterImpl-95eab390-6897-4658-a6ea-ece20233ae92/datanode-1/data/containers/hdds of  storage type : DISK and capacity : 1482555576320
2019-08-27 22:23:22,200 [main] INFO  volume.VolumeSet (VolumeSet.java:initializeVolumeSet(170)) - Added Volume : /workdir/hadoop-ozone/integration-test/target/test-dir/MiniOzoneClusterImpl-95eab390-6897-4658-a6ea-ece20233ae92/datanode-1/data/containers/hdds to VolumeSet
2019-08-27 22:23:22,200 [main] INFO  volume.ThrottledAsyncChecker (ThrottledAsyncChecker.java:schedule(140)) - Scheduling a check for org.apache.hadoop.ozone.container.common.volume.HddsVolume@7889b4b9
2019-08-27 22:23:22,202 [main] INFO  volume.HddsVolumeChecker (HddsVolumeChecker.java:checkAllVolumes(203)) - Scheduled health check for volume org.apache.hadoop.ozone.container.common.volume.HddsVolume@7889b4b9
2019-08-27 22:23:22,219 [main] INFO  impl.RaftServerProxy (ConfUtils.java:logGet(43)) - raft.rpc.type = GRPC (default)
2019-08-27 22:23:22,219 [main] INFO  grpc.GrpcFactory (GrpcFactory.java:checkPooledByteBufAllocatorUseCacheForAllThreads(45)) - PERFORMANCE WARNING: useCacheForAllThreads is true that may cause Netty to create a lot garbage objects and, as a result, trigger GC.
	It is recommended to disable useCacheForAllThreads by setting -Dorg.apache.ratis.thirdparty.io.netty.allocator.useCacheForAllThreads=false in command line.
2019-08-27 22:23:22,219 [main] INFO  grpc.GrpcConfigKeys$Server (ConfUtils.java:logGet(43)) - raft.grpc.server.port = 0 (default)
2019-08-27 22:23:22,220 [main] INFO  server.GrpcService (ConfUtils.java:logGet(43)) - raft.grpc.message.size.max = 33570816 (custom)
2019-08-27 22:23:22,220 [main] INFO  server.RaftServerConfigKeys (ConfUtils.java:logGet(43)) - raft.server.log.appender.buffer.byte-limit = 33554432 (custom)
2019-08-27 22:23:22,220 [main] INFO  server.GrpcService (ConfUtils.java:logGet(43)) - raft.grpc.flow.control.window = 1MB (=1048576) (default)
2019-08-27 22:23:22,220 [main] INFO  server.RaftServerConfigKeys (ConfUtils.java:logGet(43)) - raft.server.rpc.request.timeout = 3000ms (default)
2019-08-27 22:23:22,221 [main] INFO  server.RaftServerConfigKeys (ConfUtils.java:logGet(43)) - raft.server.storage.dir = [/workdir/hadoop-ozone/integration-test/target/test-dir/MiniOzoneClusterImpl-95eab390-6897-4658-a6ea-ece20233ae92/datanode-1/data/ratis] (custom)
2019-08-27 22:23:22,222 [main] INFO  replication.SimpleContainerDownloader (SimpleContainerDownloader.java:<init>(72)) - Starting container downloader service to copy containers to replicate.
2019-08-27 22:23:22,223 [main] INFO  hdfs.DFSUtil (DFSUtil.java:httpServerTemplateForNNAndJN(1641)) - Starting Web-server for hddsDatanode at: http://0.0.0.0:0
2019-08-27 22:23:22,225 [main] INFO  server.AuthenticationFilter (AuthenticationFilter.java:constructSecretProvider(240)) - Unable to initialize FileSignerSecretProvider, falling back to use random secrets.
2019-08-27 22:23:22,226 [main] WARN  http.HttpRequestLog (HttpRequestLog.java:getRequestLog(97)) - Jetty request log can only be enabled using Log4j
2019-08-27 22:23:22,227 [main] INFO  http.HttpServer2 (HttpServer2.java:addGlobalFilter(975)) - Added global filter 'safety' (class=org.apache.hadoop.http.HttpServer2$QuotingInputFilter)
2019-08-27 22:23:22,228 [main] INFO  http.HttpServer2 (HttpServer2.java:addFilter(948)) - Added filter static_user_filter (class=org.apache.hadoop.http.lib.StaticUserWebFilter$StaticUserFilter) to context hddsDatanode
2019-08-27 22:23:22,228 [main] INFO  http.HttpServer2 (HttpServer2.java:addFilter(958)) - Added filter static_user_filter (class=org.apache.hadoop.http.lib.StaticUserWebFilter$StaticUserFilter) to context static
2019-08-27 22:23:22,228 [main] INFO  http.HttpServer2 (HttpServer2.java:addFilter(958)) - Added filter static_user_filter (class=org.apache.hadoop.http.lib.StaticUserWebFilter$StaticUserFilter) to context logs
2019-08-27 22:23:22,229 [main] INFO  http.HttpServer2 (HttpServer2.java:bindListener(1191)) - Jetty bound to port 39542
2019-08-27 22:23:22,230 [main] INFO  server.Server (Server.java:doStart(351)) - jetty-9.3.24.v20180605, build timestamp: 2018-06-05T17:11:56Z, git hash: 84205aa28f11a4f31f2a3b86d1bba2cc8ab69827
2019-08-27 22:23:22,233 [main] INFO  handler.ContextHandler (ContextHandler.java:doStart(781)) - Started o.e.j.s.ServletContextHandler@1625789b{/logs,file:///workdir/hadoop-ozone/integration-test/target/log,AVAILABLE}
2019-08-27 22:23:22,234 [main] INFO  handler.ContextHandler (ContextHandler.java:doStart(781)) - Started o.e.j.s.ServletContextHandler@c4d2c44{/static,jar:file:/home/user/.m2/repository/org/apache/hadoop/hadoop-hdds-container-service/0.5.0-SNAPSHOT/hadoop-hdds-container-service-0.5.0-SNAPSHOT.jar!/webapps/static,AVAILABLE}
2019-08-27 22:23:22,339 [Datanode State Machine Thread - 0] INFO  datanode.InitDatanodeState (InitDatanodeState.java:persistContainerDatanodeDetails(140)) - DatanodeDetails is persisted to /workdir/hadoop-ozone/integration-test/target/test-dir/MiniOzoneClusterImpl-95eab390-6897-4658-a6ea-ece20233ae92/datanode-0/meta/datanode.id
2019-08-27 22:23:22,481 [main] INFO  handler.ContextHandler (ContextHandler.java:doStart(781)) - Started o.e.j.w.WebAppContext@6282b9f5{/,file:///tmp/jetty-0.0.0.0-39542-hddsDatanode-_-any-6542726453739894997.dir/webapp/,AVAILABLE}{/hddsDatanode}
2019-08-27 22:23:22,483 [main] INFO  server.AbstractConnector (AbstractConnector.java:doStart(278)) - Started ServerConnector@5b5f9003{HTTP/1.1,[http/1.1]}{0.0.0.0:39542}
2019-08-27 22:23:22,484 [main] INFO  server.Server (Server.java:doStart(419)) - Started @8009ms
2019-08-27 22:23:22,484 [main] WARN  impl.MetricsSystemImpl (MetricsSystemImpl.java:register(276)) - Sink prometheus already exists!
2019-08-27 22:23:22,485 [main] INFO  server.BaseHttpServer (BaseHttpServer.java:updateConnectorAddress(215)) - HTTP server of HDDSDATANODE is listening at http://0.0.0.0:39542
2019-08-27 22:23:22,677 | INFO  | ObjectStoreRestHttpServer | Listening HDDS REST traffic on /0.0.0.0:45063 |  
2019-08-27 22:23:22,678 [main] INFO  ozone.HddsDatanodeService (HddsDatanodeService.java:startPlugins(395)) - Started plug-in org.apache.hadoop.ozone.web.OzoneHddsDatanodeService@4a216eb4
2019-08-27 22:23:22,678 [main] INFO  impl.MetricsSystemImpl (MetricsSystemImpl.java:init(158)) - HddsDatanode metrics system started (again)
2019-08-27 22:23:22,681 [org.apache.hadoop.util.JvmPauseMonitor$Monitor@14094ea4] INFO  util.JvmPauseMonitor (JvmPauseMonitor.java:run(188)) - Starting JVM pause monitor
2019-08-27 22:23:22,681 [main] INFO  ozone.HddsDatanodeService (HddsDatanodeService.java:start(184)) - HddsDatanodeService host:pr-hdds-1935-gfhxc-3829810507 ip:192.168.36.82
2019-08-27 22:23:22,687 [Datanode State Machine Thread - 0] INFO  datanode.InitDatanodeState (InitDatanodeState.java:persistContainerDatanodeDetails(140)) - DatanodeDetails is persisted to /workdir/hadoop-ozone/integration-test/target/test-dir/MiniOzoneClusterImpl-95eab390-6897-4658-a6ea-ece20233ae92/datanode-1/meta/datanode.id
2019-08-27 22:23:22,693 [main] INFO  volume.HddsVolume (HddsVolume.java:<init>(176)) - Creating Volume: /workdir/hadoop-ozone/integration-test/target/test-dir/MiniOzoneClusterImpl-95eab390-6897-4658-a6ea-ece20233ae92/datanode-2/data/containers/hdds of  storage type : DISK and capacity : 1482555576320
2019-08-27 22:23:22,694 [main] INFO  volume.VolumeSet (VolumeSet.java:initializeVolumeSet(170)) - Added Volume : /workdir/hadoop-ozone/integration-test/target/test-dir/MiniOzoneClusterImpl-95eab390-6897-4658-a6ea-ece20233ae92/datanode-2/data/containers/hdds to VolumeSet
2019-08-27 22:23:22,694 [main] INFO  volume.ThrottledAsyncChecker (ThrottledAsyncChecker.java:schedule(140)) - Scheduling a check for org.apache.hadoop.ozone.container.common.volume.HddsVolume@31aab981
2019-08-27 22:23:22,694 [main] INFO  volume.HddsVolumeChecker (HddsVolumeChecker.java:checkAllVolumes(203)) - Scheduled health check for volume org.apache.hadoop.ozone.container.common.volume.HddsVolume@31aab981
2019-08-27 22:23:22,711 [main] INFO  impl.RaftServerProxy (ConfUtils.java:logGet(43)) - raft.rpc.type = GRPC (default)
2019-08-27 22:23:22,711 [main] INFO  grpc.GrpcFactory (GrpcFactory.java:checkPooledByteBufAllocatorUseCacheForAllThreads(45)) - PERFORMANCE WARNING: useCacheForAllThreads is true that may cause Netty to create a lot garbage objects and, as a result, trigger GC.
	It is recommended to disable useCacheForAllThreads by setting -Dorg.apache.ratis.thirdparty.io.netty.allocator.useCacheForAllThreads=false in command line.
2019-08-27 22:23:22,711 [main] INFO  grpc.GrpcConfigKeys$Server (ConfUtils.java:logGet(43)) - raft.grpc.server.port = 0 (default)
2019-08-27 22:23:22,711 [main] INFO  server.GrpcService (ConfUtils.java:logGet(43)) - raft.grpc.message.size.max = 33570816 (custom)
2019-08-27 22:23:22,712 [main] INFO  server.RaftServerConfigKeys (ConfUtils.java:logGet(43)) - raft.server.log.appender.buffer.byte-limit = 33554432 (custom)
2019-08-27 22:23:22,712 [main] INFO  server.GrpcService (ConfUtils.java:logGet(43)) - raft.grpc.flow.control.window = 1MB (=1048576) (default)
2019-08-27 22:23:22,712 [main] INFO  server.RaftServerConfigKeys (ConfUtils.java:logGet(43)) - raft.server.rpc.request.timeout = 3000ms (default)
2019-08-27 22:23:22,713 [main] INFO  server.RaftServerConfigKeys (ConfUtils.java:logGet(43)) - raft.server.storage.dir = [/workdir/hadoop-ozone/integration-test/target/test-dir/MiniOzoneClusterImpl-95eab390-6897-4658-a6ea-ece20233ae92/datanode-2/data/ratis] (custom)
2019-08-27 22:23:22,714 [main] INFO  replication.SimpleContainerDownloader (SimpleContainerDownloader.java:<init>(72)) - Starting container downloader service to copy containers to replicate.
2019-08-27 22:23:22,715 [main] INFO  hdfs.DFSUtil (DFSUtil.java:httpServerTemplateForNNAndJN(1641)) - Starting Web-server for hddsDatanode at: http://0.0.0.0:0
2019-08-27 22:23:22,717 [main] INFO  server.AuthenticationFilter (AuthenticationFilter.java:constructSecretProvider(240)) - Unable to initialize FileSignerSecretProvider, falling back to use random secrets.
2019-08-27 22:23:22,717 [main] WARN  http.HttpRequestLog (HttpRequestLog.java:getRequestLog(97)) - Jetty request log can only be enabled using Log4j
2019-08-27 22:23:22,719 [main] INFO  http.HttpServer2 (HttpServer2.java:addGlobalFilter(975)) - Added global filter 'safety' (class=org.apache.hadoop.http.HttpServer2$QuotingInputFilter)
2019-08-27 22:23:22,720 [main] INFO  http.HttpServer2 (HttpServer2.java:addFilter(948)) - Added filter static_user_filter (class=org.apache.hadoop.http.lib.StaticUserWebFilter$StaticUserFilter) to context hddsDatanode
2019-08-27 22:23:22,720 [main] INFO  http.HttpServer2 (HttpServer2.java:addFilter(958)) - Added filter static_user_filter (class=org.apache.hadoop.http.lib.StaticUserWebFilter$StaticUserFilter) to context logs
2019-08-27 22:23:22,720 [main] INFO  http.HttpServer2 (HttpServer2.java:addFilter(958)) - Added filter static_user_filter (class=org.apache.hadoop.http.lib.StaticUserWebFilter$StaticUserFilter) to context static
2019-08-27 22:23:22,721 [main] INFO  http.HttpServer2 (HttpServer2.java:bindListener(1191)) - Jetty bound to port 33393
2019-08-27 22:23:22,721 [main] INFO  server.Server (Server.java:doStart(351)) - jetty-9.3.24.v20180605, build timestamp: 2018-06-05T17:11:56Z, git hash: 84205aa28f11a4f31f2a3b86d1bba2cc8ab69827
2019-08-27 22:23:22,723 [main] INFO  handler.ContextHandler (ContextHandler.java:doStart(781)) - Started o.e.j.s.ServletContextHandler@62b6c045{/logs,file:///workdir/hadoop-ozone/integration-test/target/log,AVAILABLE}
2019-08-27 22:23:22,724 [main] INFO  handler.ContextHandler (ContextHandler.java:doStart(781)) - Started o.e.j.s.ServletContextHandler@46b2dcc5{/static,jar:file:/home/user/.m2/repository/org/apache/hadoop/hadoop-hdds-container-service/0.5.0-SNAPSHOT/hadoop-hdds-container-service-0.5.0-SNAPSHOT.jar!/webapps/static,AVAILABLE}
2019-08-27 22:23:22,753 [main] INFO  handler.ContextHandler (ContextHandler.java:doStart(781)) - Started o.e.j.w.WebAppContext@4b9c411{/,file:///tmp/jetty-0.0.0.0-33393-hddsDatanode-_-any-3900744026272471464.dir/webapp/,AVAILABLE}{/hddsDatanode}
2019-08-27 22:23:22,754 [main] INFO  server.AbstractConnector (AbstractConnector.java:doStart(278)) - Started ServerConnector@41e9f86{HTTP/1.1,[http/1.1]}{0.0.0.0:33393}
2019-08-27 22:23:22,755 [main] INFO  server.Server (Server.java:doStart(419)) - Started @8280ms
2019-08-27 22:23:22,755 [main] WARN  impl.MetricsSystemImpl (MetricsSystemImpl.java:register(276)) - Sink prometheus already exists!
2019-08-27 22:23:22,755 [main] INFO  server.BaseHttpServer (BaseHttpServer.java:updateConnectorAddress(215)) - HTTP server of HDDSDATANODE is listening at http://0.0.0.0:33393
2019-08-27 22:23:22,904 | INFO  | ObjectStoreRestHttpServer | Listening HDDS REST traffic on /0.0.0.0:37520 |  
2019-08-27 22:23:22,904 [main] INFO  ozone.HddsDatanodeService (HddsDatanodeService.java:startPlugins(395)) - Started plug-in org.apache.hadoop.ozone.web.OzoneHddsDatanodeService@33e4b9c4
2019-08-27 22:23:22,905 [main] INFO  impl.MetricsSystemImpl (MetricsSystemImpl.java:init(158)) - HddsDatanode metrics system started (again)
2019-08-27 22:23:22,908 [org.apache.hadoop.util.JvmPauseMonitor$Monitor@b59b595] INFO  util.JvmPauseMonitor (JvmPauseMonitor.java:run(188)) - Starting JVM pause monitor
2019-08-27 22:23:22,908 [main] INFO  ozone.HddsDatanodeService (HddsDatanodeService.java:start(184)) - HddsDatanodeService host:pr-hdds-1935-gfhxc-3829810507 ip:192.168.36.82
2019-08-27 22:23:22,911 [Datanode State Machine Thread - 0] INFO  datanode.InitDatanodeState (InitDatanodeState.java:persistContainerDatanodeDetails(140)) - DatanodeDetails is persisted to /workdir/hadoop-ozone/integration-test/target/test-dir/MiniOzoneClusterImpl-95eab390-6897-4658-a6ea-ece20233ae92/datanode-2/meta/datanode.id
2019-08-27 22:23:22,916 [main] INFO  volume.HddsVolume (HddsVolume.java:<init>(176)) - Creating Volume: /workdir/hadoop-ozone/integration-test/target/test-dir/MiniOzoneClusterImpl-95eab390-6897-4658-a6ea-ece20233ae92/datanode-3/data/containers/hdds of  storage type : DISK and capacity : 1482555576320
2019-08-27 22:23:22,916 [main] INFO  volume.VolumeSet (VolumeSet.java:initializeVolumeSet(170)) - Added Volume : /workdir/hadoop-ozone/integration-test/target/test-dir/MiniOzoneClusterImpl-95eab390-6897-4658-a6ea-ece20233ae92/datanode-3/data/containers/hdds to VolumeSet
2019-08-27 22:23:22,916 [main] INFO  volume.ThrottledAsyncChecker (ThrottledAsyncChecker.java:schedule(140)) - Scheduling a check for org.apache.hadoop.ozone.container.common.volume.HddsVolume@29bbc391
2019-08-27 22:23:22,917 [main] INFO  volume.HddsVolumeChecker (HddsVolumeChecker.java:checkAllVolumes(203)) - Scheduled health check for volume org.apache.hadoop.ozone.container.common.volume.HddsVolume@29bbc391
2019-08-27 22:23:22,934 [main] INFO  impl.RaftServerProxy (ConfUtils.java:logGet(43)) - raft.rpc.type = GRPC (default)
2019-08-27 22:23:22,934 [main] INFO  grpc.GrpcFactory (GrpcFactory.java:checkPooledByteBufAllocatorUseCacheForAllThreads(45)) - PERFORMANCE WARNING: useCacheForAllThreads is true that may cause Netty to create a lot garbage objects and, as a result, trigger GC.
	It is recommended to disable useCacheForAllThreads by setting -Dorg.apache.ratis.thirdparty.io.netty.allocator.useCacheForAllThreads=false in command line.
2019-08-27 22:23:22,935 [main] INFO  grpc.GrpcConfigKeys$Server (ConfUtils.java:logGet(43)) - raft.grpc.server.port = 0 (default)
2019-08-27 22:23:22,935 [main] INFO  server.GrpcService (ConfUtils.java:logGet(43)) - raft.grpc.message.size.max = 33570816 (custom)
2019-08-27 22:23:22,936 [main] INFO  server.RaftServerConfigKeys (ConfUtils.java:logGet(43)) - raft.server.log.appender.buffer.byte-limit = 33554432 (custom)
2019-08-27 22:23:22,936 [main] INFO  server.GrpcService (ConfUtils.java:logGet(43)) - raft.grpc.flow.control.window = 1MB (=1048576) (default)
2019-08-27 22:23:22,937 [main] INFO  server.RaftServerConfigKeys (ConfUtils.java:logGet(43)) - raft.server.rpc.request.timeout = 3000ms (default)
2019-08-27 22:23:22,938 [main] INFO  server.RaftServerConfigKeys (ConfUtils.java:logGet(43)) - raft.server.storage.dir = [/workdir/hadoop-ozone/integration-test/target/test-dir/MiniOzoneClusterImpl-95eab390-6897-4658-a6ea-ece20233ae92/datanode-3/data/ratis] (custom)
2019-08-27 22:23:22,939 [main] INFO  replication.SimpleContainerDownloader (SimpleContainerDownloader.java:<init>(72)) - Starting container downloader service to copy containers to replicate.
2019-08-27 22:23:22,940 [main] INFO  hdfs.DFSUtil (DFSUtil.java:httpServerTemplateForNNAndJN(1641)) - Starting Web-server for hddsDatanode at: http://0.0.0.0:0
2019-08-27 22:23:22,942 [main] INFO  server.AuthenticationFilter (AuthenticationFilter.java:constructSecretProvider(240)) - Unable to initialize FileSignerSecretProvider, falling back to use random secrets.
2019-08-27 22:23:22,943 [main] WARN  http.HttpRequestLog (HttpRequestLog.java:getRequestLog(97)) - Jetty request log can only be enabled using Log4j
2019-08-27 22:23:22,946 [main] INFO  http.HttpServer2 (HttpServer2.java:addGlobalFilter(975)) - Added global filter 'safety' (class=org.apache.hadoop.http.HttpServer2$QuotingInputFilter)
2019-08-27 22:23:22,947 [main] INFO  http.HttpServer2 (HttpServer2.java:addFilter(948)) - Added filter static_user_filter (class=org.apache.hadoop.http.lib.StaticUserWebFilter$StaticUserFilter) to context hddsDatanode
2019-08-27 22:23:22,947 [main] INFO  http.HttpServer2 (HttpServer2.java:addFilter(958)) - Added filter static_user_filter (class=org.apache.hadoop.http.lib.StaticUserWebFilter$StaticUserFilter) to context static
2019-08-27 22:23:22,948 [main] INFO  http.HttpServer2 (HttpServer2.java:addFilter(958)) - Added filter static_user_filter (class=org.apache.hadoop.http.lib.StaticUserWebFilter$StaticUserFilter) to context logs
2019-08-27 22:23:22,949 [main] INFO  http.HttpServer2 (HttpServer2.java:bindListener(1191)) - Jetty bound to port 44212
2019-08-27 22:23:22,949 [main] INFO  server.Server (Server.java:doStart(351)) - jetty-9.3.24.v20180605, build timestamp: 2018-06-05T17:11:56Z, git hash: 84205aa28f11a4f31f2a3b86d1bba2cc8ab69827
2019-08-27 22:23:22,954 [main] INFO  handler.ContextHandler (ContextHandler.java:doStart(781)) - Started o.e.j.s.ServletContextHandler@3457cc8d{/logs,file:///workdir/hadoop-ozone/integration-test/target/log,AVAILABLE}
2019-08-27 22:23:22,955 [main] INFO  handler.ContextHandler (ContextHandler.java:doStart(781)) - Started o.e.j.s.ServletContextHandler@7994a0d1{/static,jar:file:/home/user/.m2/repository/org/apache/hadoop/hadoop-hdds-container-service/0.5.0-SNAPSHOT/hadoop-hdds-container-service-0.5.0-SNAPSHOT.jar!/webapps/static,AVAILABLE}
2019-08-27 22:23:23,007 [main] INFO  handler.ContextHandler (ContextHandler.java:doStart(781)) - Started o.e.j.w.WebAppContext@2055833f{/,file:///tmp/jetty-0.0.0.0-44212-hddsDatanode-_-any-85182091922605672.dir/webapp/,AVAILABLE}{/hddsDatanode}
2019-08-27 22:23:23,009 [main] INFO  server.AbstractConnector (AbstractConnector.java:doStart(278)) - Started ServerConnector@28768e25{HTTP/1.1,[http/1.1]}{0.0.0.0:44212}
2019-08-27 22:23:23,009 [main] INFO  server.Server (Server.java:doStart(419)) - Started @8534ms
2019-08-27 22:23:23,009 [main] WARN  impl.MetricsSystemImpl (MetricsSystemImpl.java:register(276)) - Sink prometheus already exists!
2019-08-27 22:23:23,011 [main] INFO  server.BaseHttpServer (BaseHttpServer.java:updateConnectorAddress(215)) - HTTP server of HDDSDATANODE is listening at http://0.0.0.0:44212
2019-08-27 22:23:23,174 | INFO  | ObjectStoreRestHttpServer | Listening HDDS REST traffic on /0.0.0.0:46041 |  
2019-08-27 22:23:23,174 [main] INFO  ozone.HddsDatanodeService (HddsDatanodeService.java:startPlugins(395)) - Started plug-in org.apache.hadoop.ozone.web.OzoneHddsDatanodeService@76a9a009
2019-08-27 22:23:23,174 [main] INFO  impl.MetricsSystemImpl (MetricsSystemImpl.java:init(158)) - HddsDatanode metrics system started (again)
2019-08-27 22:23:23,178 [main] INFO  ozone.HddsDatanodeService (HddsDatanodeService.java:start(184)) - HddsDatanodeService host:pr-hdds-1935-gfhxc-3829810507 ip:192.168.36.82
2019-08-27 22:23:23,178 [org.apache.hadoop.util.JvmPauseMonitor$Monitor@7c7d73ea] INFO  util.JvmPauseMonitor (JvmPauseMonitor.java:run(188)) - Starting JVM pause monitor
2019-08-27 22:23:23,181 [Datanode State Machine Thread - 0] INFO  datanode.InitDatanodeState (InitDatanodeState.java:persistContainerDatanodeDetails(140)) - DatanodeDetails is persisted to /workdir/hadoop-ozone/integration-test/target/test-dir/MiniOzoneClusterImpl-95eab390-6897-4658-a6ea-ece20233ae92/datanode-3/meta/datanode.id
2019-08-27 22:23:23,189 [main] INFO  volume.HddsVolume (HddsVolume.java:<init>(176)) - Creating Volume: /workdir/hadoop-ozone/integration-test/target/test-dir/MiniOzoneClusterImpl-95eab390-6897-4658-a6ea-ece20233ae92/datanode-4/data/containers/hdds of  storage type : DISK and capacity : 1482555576320
2019-08-27 22:23:23,189 [main] INFO  volume.VolumeSet (VolumeSet.java:initializeVolumeSet(170)) - Added Volume : /workdir/hadoop-ozone/integration-test/target/test-dir/MiniOzoneClusterImpl-95eab390-6897-4658-a6ea-ece20233ae92/datanode-4/data/containers/hdds to VolumeSet
2019-08-27 22:23:23,190 [main] INFO  volume.ThrottledAsyncChecker (ThrottledAsyncChecker.java:schedule(140)) - Scheduling a check for org.apache.hadoop.ozone.container.common.volume.HddsVolume@2a99ca99
2019-08-27 22:23:23,190 [main] INFO  volume.HddsVolumeChecker (HddsVolumeChecker.java:checkAllVolumes(203)) - Scheduled health check for volume org.apache.hadoop.ozone.container.common.volume.HddsVolume@2a99ca99
2019-08-27 22:23:23,210 [main] INFO  impl.RaftServerProxy (ConfUtils.java:logGet(43)) - raft.rpc.type = GRPC (default)
2019-08-27 22:23:23,210 [main] INFO  grpc.GrpcFactory (GrpcFactory.java:checkPooledByteBufAllocatorUseCacheForAllThreads(45)) - PERFORMANCE WARNING: useCacheForAllThreads is true that may cause Netty to create a lot garbage objects and, as a result, trigger GC.
	It is recommended to disable useCacheForAllThreads by setting -Dorg.apache.ratis.thirdparty.io.netty.allocator.useCacheForAllThreads=false in command line.
2019-08-27 22:23:23,211 [main] INFO  grpc.GrpcConfigKeys$Server (ConfUtils.java:logGet(43)) - raft.grpc.server.port = 0 (default)
2019-08-27 22:23:23,211 [main] INFO  server.GrpcService (ConfUtils.java:logGet(43)) - raft.grpc.message.size.max = 33570816 (custom)
2019-08-27 22:23:23,211 [main] INFO  server.RaftServerConfigKeys (ConfUtils.java:logGet(43)) - raft.server.log.appender.buffer.byte-limit = 33554432 (custom)
2019-08-27 22:23:23,212 [main] INFO  server.GrpcService (ConfUtils.java:logGet(43)) - raft.grpc.flow.control.window = 1MB (=1048576) (default)
2019-08-27 22:23:23,212 [main] INFO  server.RaftServerConfigKeys (ConfUtils.java:logGet(43)) - raft.server.rpc.request.timeout = 3000ms (default)
2019-08-27 22:23:23,213 [main] INFO  server.RaftServerConfigKeys (ConfUtils.java:logGet(43)) - raft.server.storage.dir = [/workdir/hadoop-ozone/integration-test/target/test-dir/MiniOzoneClusterImpl-95eab390-6897-4658-a6ea-ece20233ae92/datanode-4/data/ratis] (custom)
2019-08-27 22:23:23,213 [main] INFO  replication.SimpleContainerDownloader (SimpleContainerDownloader.java:<init>(72)) - Starting container downloader service to copy containers to replicate.
2019-08-27 22:23:23,215 [main] INFO  hdfs.DFSUtil (DFSUtil.java:httpServerTemplateForNNAndJN(1641)) - Starting Web-server for hddsDatanode at: http://0.0.0.0:0
2019-08-27 22:23:23,216 [main] INFO  server.AuthenticationFilter (AuthenticationFilter.java:constructSecretProvider(240)) - Unable to initialize FileSignerSecretProvider, falling back to use random secrets.
2019-08-27 22:23:23,217 [main] WARN  http.HttpRequestLog (HttpRequestLog.java:getRequestLog(97)) - Jetty request log can only be enabled using Log4j
2019-08-27 22:23:23,219 [main] INFO  http.HttpServer2 (HttpServer2.java:addGlobalFilter(975)) - Added global filter 'safety' (class=org.apache.hadoop.http.HttpServer2$QuotingInputFilter)
2019-08-27 22:23:23,219 [main] INFO  http.HttpServer2 (HttpServer2.java:addFilter(948)) - Added filter static_user_filter (class=org.apache.hadoop.http.lib.StaticUserWebFilter$StaticUserFilter) to context hddsDatanode
2019-08-27 22:23:23,220 [main] INFO  http.HttpServer2 (HttpServer2.java:addFilter(958)) - Added filter static_user_filter (class=org.apache.hadoop.http.lib.StaticUserWebFilter$StaticUserFilter) to context logs
2019-08-27 22:23:23,220 [main] INFO  http.HttpServer2 (HttpServer2.java:addFilter(958)) - Added filter static_user_filter (class=org.apache.hadoop.http.lib.StaticUserWebFilter$StaticUserFilter) to context static
2019-08-27 22:23:23,221 [main] INFO  http.HttpServer2 (HttpServer2.java:bindListener(1191)) - Jetty bound to port 43676
2019-08-27 22:23:23,221 [main] INFO  server.Server (Server.java:doStart(351)) - jetty-9.3.24.v20180605, build timestamp: 2018-06-05T17:11:56Z, git hash: 84205aa28f11a4f31f2a3b86d1bba2cc8ab69827
2019-08-27 22:23:23,226 [main] INFO  handler.ContextHandler (ContextHandler.java:doStart(781)) - Started o.e.j.s.ServletContextHandler@1a2e563e{/logs,file:///workdir/hadoop-ozone/integration-test/target/log,AVAILABLE}
2019-08-27 22:23:23,227 [main] INFO  handler.ContextHandler (ContextHandler.java:doStart(781)) - Started o.e.j.s.ServletContextHandler@62ea8931{/static,jar:file:/home/user/.m2/repository/org/apache/hadoop/hadoop-hdds-container-service/0.5.0-SNAPSHOT/hadoop-hdds-container-service-0.5.0-SNAPSHOT.jar!/webapps/static,AVAILABLE}
2019-08-27 22:23:23,267 [main] INFO  handler.ContextHandler (ContextHandler.java:doStart(781)) - Started o.e.j.w.WebAppContext@7a3f08b6{/,file:///tmp/jetty-0.0.0.0-43676-hddsDatanode-_-any-6640310330584584229.dir/webapp/,AVAILABLE}{/hddsDatanode}
2019-08-27 22:23:23,269 [main] INFO  server.AbstractConnector (AbstractConnector.java:doStart(278)) - Started ServerConnector@1be52861{HTTP/1.1,[http/1.1]}{0.0.0.0:43676}
2019-08-27 22:23:23,269 [main] INFO  server.Server (Server.java:doStart(419)) - Started @8794ms
2019-08-27 22:23:23,270 [main] WARN  impl.MetricsSystemImpl (MetricsSystemImpl.java:register(276)) - Sink prometheus already exists!
2019-08-27 22:23:23,270 [main] INFO  server.BaseHttpServer (BaseHttpServer.java:updateConnectorAddress(215)) - HTTP server of HDDSDATANODE is listening at http://0.0.0.0:43676
2019-08-27 22:23:23,429 | INFO  | ObjectStoreRestHttpServer | Listening HDDS REST traffic on /0.0.0.0:33258 |  
2019-08-27 22:23:23,429 [main] INFO  ozone.HddsDatanodeService (HddsDatanodeService.java:startPlugins(395)) - Started plug-in org.apache.hadoop.ozone.web.OzoneHddsDatanodeService@482ba4b1
2019-08-27 22:23:23,430 [main] INFO  impl.MetricsSystemImpl (MetricsSystemImpl.java:init(158)) - HddsDatanode metrics system started (again)
2019-08-27 22:23:23,433 [org.apache.hadoop.util.JvmPauseMonitor$Monitor@462bf72] INFO  util.JvmPauseMonitor (JvmPauseMonitor.java:run(188)) - Starting JVM pause monitor
2019-08-27 22:23:23,434 [main] INFO  ozone.HddsDatanodeService (HddsDatanodeService.java:start(184)) - HddsDatanodeService host:pr-hdds-1935-gfhxc-3829810507 ip:192.168.36.82
2019-08-27 22:23:23,436 [Datanode State Machine Thread - 0] INFO  datanode.InitDatanodeState (InitDatanodeState.java:persistContainerDatanodeDetails(140)) - DatanodeDetails is persisted to /workdir/hadoop-ozone/integration-test/target/test-dir/MiniOzoneClusterImpl-95eab390-6897-4658-a6ea-ece20233ae92/datanode-4/meta/datanode.id
2019-08-27 22:23:23,443 [main] INFO  volume.HddsVolume (HddsVolume.java:<init>(176)) - Creating Volume: /workdir/hadoop-ozone/integration-test/target/test-dir/MiniOzoneClusterImpl-95eab390-6897-4658-a6ea-ece20233ae92/datanode-5/data/containers/hdds of  storage type : DISK and capacity : 1482555576320
2019-08-27 22:23:23,443 [main] INFO  volume.VolumeSet (VolumeSet.java:initializeVolumeSet(170)) - Added Volume : /workdir/hadoop-ozone/integration-test/target/test-dir/MiniOzoneClusterImpl-95eab390-6897-4658-a6ea-ece20233ae92/datanode-5/data/containers/hdds to VolumeSet
2019-08-27 22:23:23,444 [main] INFO  volume.ThrottledAsyncChecker (ThrottledAsyncChecker.java:schedule(140)) - Scheduling a check for org.apache.hadoop.ozone.container.common.volume.HddsVolume@7f12094d
2019-08-27 22:23:23,444 [main] INFO  volume.HddsVolumeChecker (HddsVolumeChecker.java:checkAllVolumes(203)) - Scheduled health check for volume org.apache.hadoop.ozone.container.common.volume.HddsVolume@7f12094d
2019-08-27 22:23:23,461 [main] INFO  impl.RaftServerProxy (ConfUtils.java:logGet(43)) - raft.rpc.type = GRPC (default)
2019-08-27 22:23:23,461 [main] INFO  grpc.GrpcFactory (GrpcFactory.java:checkPooledByteBufAllocatorUseCacheForAllThreads(45)) - PERFORMANCE WARNING: useCacheForAllThreads is true that may cause Netty to create a lot garbage objects and, as a result, trigger GC.
	It is recommended to disable useCacheForAllThreads by setting -Dorg.apache.ratis.thirdparty.io.netty.allocator.useCacheForAllThreads=false in command line.
2019-08-27 22:23:23,461 [main] INFO  grpc.GrpcConfigKeys$Server (ConfUtils.java:logGet(43)) - raft.grpc.server.port = 0 (default)
2019-08-27 22:23:23,462 [main] INFO  server.GrpcService (ConfUtils.java:logGet(43)) - raft.grpc.message.size.max = 33570816 (custom)
2019-08-27 22:23:23,462 [main] INFO  server.RaftServerConfigKeys (ConfUtils.java:logGet(43)) - raft.server.log.appender.buffer.byte-limit = 33554432 (custom)
2019-08-27 22:23:23,462 [main] INFO  server.GrpcService (ConfUtils.java:logGet(43)) - raft.grpc.flow.control.window = 1MB (=1048576) (default)
2019-08-27 22:23:23,462 [main] INFO  server.RaftServerConfigKeys (ConfUtils.java:logGet(43)) - raft.server.rpc.request.timeout = 3000ms (default)
2019-08-27 22:23:23,463 [main] INFO  server.RaftServerConfigKeys (ConfUtils.java:logGet(43)) - raft.server.storage.dir = [/workdir/hadoop-ozone/integration-test/target/test-dir/MiniOzoneClusterImpl-95eab390-6897-4658-a6ea-ece20233ae92/datanode-5/data/ratis] (custom)
2019-08-27 22:23:23,464 [main] INFO  replication.SimpleContainerDownloader (SimpleContainerDownloader.java:<init>(72)) - Starting container downloader service to copy containers to replicate.
2019-08-27 22:23:23,465 [main] INFO  hdfs.DFSUtil (DFSUtil.java:httpServerTemplateForNNAndJN(1641)) - Starting Web-server for hddsDatanode at: http://0.0.0.0:0
2019-08-27 22:23:23,467 [main] INFO  server.AuthenticationFilter (AuthenticationFilter.java:constructSecretProvider(240)) - Unable to initialize FileSignerSecretProvider, falling back to use random secrets.
2019-08-27 22:23:23,468 [main] WARN  http.HttpRequestLog (HttpRequestLog.java:getRequestLog(97)) - Jetty request log can only be enabled using Log4j
2019-08-27 22:23:23,469 [main] INFO  http.HttpServer2 (HttpServer2.java:addGlobalFilter(975)) - Added global filter 'safety' (class=org.apache.hadoop.http.HttpServer2$QuotingInputFilter)
2019-08-27 22:23:23,470 [main] INFO  http.HttpServer2 (HttpServer2.java:addFilter(948)) - Added filter static_user_filter (class=org.apache.hadoop.http.lib.StaticUserWebFilter$StaticUserFilter) to context hddsDatanode
2019-08-27 22:23:23,470 [main] INFO  http.HttpServer2 (HttpServer2.java:addFilter(958)) - Added filter static_user_filter (class=org.apache.hadoop.http.lib.StaticUserWebFilter$StaticUserFilter) to context logs
2019-08-27 22:23:23,470 [main] INFO  http.HttpServer2 (HttpServer2.java:addFilter(958)) - Added filter static_user_filter (class=org.apache.hadoop.http.lib.StaticUserWebFilter$StaticUserFilter) to context static
2019-08-27 22:23:23,471 [main] INFO  http.HttpServer2 (HttpServer2.java:bindListener(1191)) - Jetty bound to port 38306
2019-08-27 22:23:23,472 [main] INFO  server.Server (Server.java:doStart(351)) - jetty-9.3.24.v20180605, build timestamp: 2018-06-05T17:11:56Z, git hash: 84205aa28f11a4f31f2a3b86d1bba2cc8ab69827
2019-08-27 22:23:23,474 [main] INFO  handler.ContextHandler (ContextHandler.java:doStart(781)) - Started o.e.j.s.ServletContextHandler@2094bf3d{/logs,file:///workdir/hadoop-ozone/integration-test/target/log,AVAILABLE}
2019-08-27 22:23:23,474 [main] INFO  handler.ContextHandler (ContextHandler.java:doStart(781)) - Started o.e.j.s.ServletContextHandler@7f6b7426{/static,jar:file:/home/user/.m2/repository/org/apache/hadoop/hadoop-hdds-container-service/0.5.0-SNAPSHOT/hadoop-hdds-container-service-0.5.0-SNAPSHOT.jar!/webapps/static,AVAILABLE}
2019-08-27 22:23:23,527 [main] INFO  handler.ContextHandler (ContextHandler.java:doStart(781)) - Started o.e.j.w.WebAppContext@554566a8{/,file:///tmp/jetty-0.0.0.0-38306-hddsDatanode-_-any-6511605549370404146.dir/webapp/,AVAILABLE}{/hddsDatanode}
2019-08-27 22:23:23,528 [main] INFO  server.AbstractConnector (AbstractConnector.java:doStart(278)) - Started ServerConnector@66020d69{HTTP/1.1,[http/1.1]}{0.0.0.0:38306}
2019-08-27 22:23:23,529 [main] INFO  server.Server (Server.java:doStart(419)) - Started @9054ms
2019-08-27 22:23:23,529 [main] WARN  impl.MetricsSystemImpl (MetricsSystemImpl.java:register(276)) - Sink prometheus already exists!
2019-08-27 22:23:23,530 [main] INFO  server.BaseHttpServer (BaseHttpServer.java:updateConnectorAddress(215)) - HTTP server of HDDSDATANODE is listening at http://0.0.0.0:38306
2019-08-27 22:23:23,753 | INFO  | ObjectStoreRestHttpServer | Listening HDDS REST traffic on /0.0.0.0:39938 |  
2019-08-27 22:23:23,753 [main] INFO  ozone.HddsDatanodeService (HddsDatanodeService.java:startPlugins(395)) - Started plug-in org.apache.hadoop.ozone.web.OzoneHddsDatanodeService@1a717d79
2019-08-27 22:23:23,753 [main] INFO  impl.MetricsSystemImpl (MetricsSystemImpl.java:init(158)) - HddsDatanode metrics system started (again)
2019-08-27 22:23:23,757 [org.apache.hadoop.util.JvmPauseMonitor$Monitor@3599d8ae] INFO  util.JvmPauseMonitor (JvmPauseMonitor.java:run(188)) - Starting JVM pause monitor
2019-08-27 22:23:23,757 [main] INFO  ozone.HddsDatanodeService (HddsDatanodeService.java:start(184)) - HddsDatanodeService host:pr-hdds-1935-gfhxc-3829810507 ip:192.168.36.82
2019-08-27 22:23:23,760 [Datanode State Machine Thread - 0] INFO  datanode.InitDatanodeState (InitDatanodeState.java:persistContainerDatanodeDetails(140)) - DatanodeDetails is persisted to /workdir/hadoop-ozone/integration-test/target/test-dir/MiniOzoneClusterImpl-95eab390-6897-4658-a6ea-ece20233ae92/datanode-5/meta/datanode.id
2019-08-27 22:23:23,764 [main] INFO  volume.HddsVolume (HddsVolume.java:<init>(176)) - Creating Volume: /workdir/hadoop-ozone/integration-test/target/test-dir/MiniOzoneClusterImpl-95eab390-6897-4658-a6ea-ece20233ae92/datanode-6/data/containers/hdds of  storage type : DISK and capacity : 1482555576320
2019-08-27 22:23:23,765 [main] INFO  volume.VolumeSet (VolumeSet.java:initializeVolumeSet(170)) - Added Volume : /workdir/hadoop-ozone/integration-test/target/test-dir/MiniOzoneClusterImpl-95eab390-6897-4658-a6ea-ece20233ae92/datanode-6/data/containers/hdds to VolumeSet
2019-08-27 22:23:23,765 [main] INFO  volume.ThrottledAsyncChecker (ThrottledAsyncChecker.java:schedule(140)) - Scheduling a check for org.apache.hadoop.ozone.container.common.volume.HddsVolume@4b476233
2019-08-27 22:23:23,765 [main] INFO  volume.HddsVolumeChecker (HddsVolumeChecker.java:checkAllVolumes(203)) - Scheduled health check for volume org.apache.hadoop.ozone.container.common.volume.HddsVolume@4b476233
2019-08-27 22:23:23,779 [main] INFO  impl.RaftServerProxy (ConfUtils.java:logGet(43)) - raft.rpc.type = GRPC (default)
2019-08-27 22:23:23,779 [main] INFO  grpc.GrpcFactory (GrpcFactory.java:checkPooledByteBufAllocatorUseCacheForAllThreads(45)) - PERFORMANCE WARNING: useCacheForAllThreads is true that may cause Netty to create a lot garbage objects and, as a result, trigger GC.
	It is recommended to disable useCacheForAllThreads by setting -Dorg.apache.ratis.thirdparty.io.netty.allocator.useCacheForAllThreads=false in command line.
2019-08-27 22:23:23,779 [main] INFO  grpc.GrpcConfigKeys$Server (ConfUtils.java:logGet(43)) - raft.grpc.server.port = 0 (default)
2019-08-27 22:23:23,779 [main] INFO  server.GrpcService (ConfUtils.java:logGet(43)) - raft.grpc.message.size.max = 33570816 (custom)
2019-08-27 22:23:23,779 [main] INFO  server.RaftServerConfigKeys (ConfUtils.java:logGet(43)) - raft.server.log.appender.buffer.byte-limit = 33554432 (custom)
2019-08-27 22:23:23,780 [main] INFO  server.GrpcService (ConfUtils.java:logGet(43)) - raft.grpc.flow.control.window = 1MB (=1048576) (default)
2019-08-27 22:23:23,780 [main] INFO  server.RaftServerConfigKeys (ConfUtils.java:logGet(43)) - raft.server.rpc.request.timeout = 3000ms (default)
2019-08-27 22:23:23,780 [main] INFO  server.RaftServerConfigKeys (ConfUtils.java:logGet(43)) - raft.server.storage.dir = [/workdir/hadoop-ozone/integration-test/target/test-dir/MiniOzoneClusterImpl-95eab390-6897-4658-a6ea-ece20233ae92/datanode-6/data/ratis] (custom)
2019-08-27 22:23:23,781 [main] INFO  replication.SimpleContainerDownloader (SimpleContainerDownloader.java:<init>(72)) - Starting container downloader service to copy containers to replicate.
2019-08-27 22:23:23,783 [main] INFO  hdfs.DFSUtil (DFSUtil.java:httpServerTemplateForNNAndJN(1641)) - Starting Web-server for hddsDatanode at: http://0.0.0.0:0
2019-08-27 22:23:23,784 [main] INFO  server.AuthenticationFilter (AuthenticationFilter.java:constructSecretProvider(240)) - Unable to initialize FileSignerSecretProvider, falling back to use random secrets.
2019-08-27 22:23:23,785 [main] WARN  http.HttpRequestLog (HttpRequestLog.java:getRequestLog(97)) - Jetty request log can only be enabled using Log4j
2019-08-27 22:23:23,786 [main] INFO  http.HttpServer2 (HttpServer2.java:addGlobalFilter(975)) - Added global filter 'safety' (class=org.apache.hadoop.http.HttpServer2$QuotingInputFilter)
2019-08-27 22:23:23,786 [main] INFO  http.HttpServer2 (HttpServer2.java:addFilter(948)) - Added filter static_user_filter (class=org.apache.hadoop.http.lib.StaticUserWebFilter$StaticUserFilter) to context hddsDatanode
2019-08-27 22:23:23,786 [main] INFO  http.HttpServer2 (HttpServer2.java:addFilter(958)) - Added filter static_user_filter (class=org.apache.hadoop.http.lib.StaticUserWebFilter$StaticUserFilter) to context logs
2019-08-27 22:23:23,787 [main] INFO  http.HttpServer2 (HttpServer2.java:addFilter(958)) - Added filter static_user_filter (class=org.apache.hadoop.http.lib.StaticUserWebFilter$StaticUserFilter) to context static
2019-08-27 22:23:23,787 [main] INFO  http.HttpServer2 (HttpServer2.java:bindListener(1191)) - Jetty bound to port 34565
2019-08-27 22:23:23,788 [main] INFO  server.Server (Server.java:doStart(351)) - jetty-9.3.24.v20180605, build timestamp: 2018-06-05T17:11:56Z, git hash: 84205aa28f11a4f31f2a3b86d1bba2cc8ab69827
2019-08-27 22:23:23,789 [main] INFO  handler.ContextHandler (ContextHandler.java:doStart(781)) - Started o.e.j.s.ServletContextHandler@5b14f482{/logs,file:///workdir/hadoop-ozone/integration-test/target/log,AVAILABLE}
2019-08-27 22:23:23,789 [main] INFO  handler.ContextHandler (ContextHandler.java:doStart(781)) - Started o.e.j.s.ServletContextHandler@1a785fd5{/static,jar:file:/home/user/.m2/repository/org/apache/hadoop/hadoop-hdds-container-service/0.5.0-SNAPSHOT/hadoop-hdds-container-service-0.5.0-SNAPSHOT.jar!/webapps/static,AVAILABLE}
2019-08-27 22:23:23,815 [main] INFO  handler.ContextHandler (ContextHandler.java:doStart(781)) - Started o.e.j.w.WebAppContext@6b09ce57{/,file:///tmp/jetty-0.0.0.0-34565-hddsDatanode-_-any-3512454505714222267.dir/webapp/,AVAILABLE}{/hddsDatanode}
2019-08-27 22:23:23,815 [main] INFO  server.AbstractConnector (AbstractConnector.java:doStart(278)) - Started ServerConnector@5c4f4330{HTTP/1.1,[http/1.1]}{0.0.0.0:34565}
2019-08-27 22:23:23,816 [main] INFO  server.Server (Server.java:doStart(419)) - Started @9341ms
2019-08-27 22:23:23,817 [main] WARN  impl.MetricsSystemImpl (MetricsSystemImpl.java:register(276)) - Sink prometheus already exists!
2019-08-27 22:23:23,817 [main] INFO  server.BaseHttpServer (BaseHttpServer.java:updateConnectorAddress(215)) - HTTP server of HDDSDATANODE is listening at http://0.0.0.0:34565
2019-08-27 22:23:23,947 | INFO  | ObjectStoreRestHttpServer | Listening HDDS REST traffic on /0.0.0.0:41517 |  
2019-08-27 22:23:23,947 [main] INFO  ozone.HddsDatanodeService (HddsDatanodeService.java:startPlugins(395)) - Started plug-in org.apache.hadoop.ozone.web.OzoneHddsDatanodeService@4b5ad306
2019-08-27 22:23:23,949 [main] INFO  ozone.MiniOzoneClusterImpl (MiniOzoneClusterImpl.java:lambda$waitForClusterToBeReady$0(142)) - Waiting for cluster to be ready. Got 0 of 7 DN Heartbeats.
2019-08-27 22:23:23,950 [org.apache.hadoop.util.JvmPauseMonitor$Monitor@518bc84b] INFO  util.JvmPauseMonitor (JvmPauseMonitor.java:run(188)) - Starting JVM pause monitor
2019-08-27 22:23:23,952 [Datanode State Machine Thread - 0] INFO  datanode.InitDatanodeState (InitDatanodeState.java:persistContainerDatanodeDetails(140)) - DatanodeDetails is persisted to /workdir/hadoop-ozone/integration-test/target/test-dir/MiniOzoneClusterImpl-95eab390-6897-4658-a6ea-ece20233ae92/datanode-6/meta/datanode.id
2019-08-27 22:23:24,218 | INFO  | SCMAudit | user=jenkins1000 | ip=192.168.36.82 | op=GET_VERSION null | ret=SUCCESS |  
2019-08-27 22:23:24,512 [Datanode State Machine Thread - 0] INFO  ozoneimpl.OzoneContainer (OzoneContainer.java:start(186)) - Attempting to start container services.
2019-08-27 22:23:24,514 [Datanode State Machine Thread - 0] INFO  ozoneimpl.OzoneContainer (OzoneContainer.java:startContainerScrub(160)) - Background container scrubber has been disabled by hdds.containerscrub.enabled
2019-08-27 22:23:24,515 [Datanode State Machine Thread - 0] INFO  ratis.XceiverServerRatis (XceiverServerRatis.java:start(404)) - Starting XceiverServerRatis 16bc7653-c528-4f55-9a04-43f9c2b9cdff at port 0
2019-08-27 22:23:24,537 [Datanode State Machine Thread - 0] INFO  impl.RaftServerProxy (RaftServerProxy.java:lambda$start$3(299)) - 16bc7653-c528-4f55-9a04-43f9c2b9cdff: start RPC server
2019-08-27 22:23:24,671 [Datanode State Machine Thread - 0] INFO  server.GrpcService (GrpcService.java:startImpl(149)) - 16bc7653-c528-4f55-9a04-43f9c2b9cdff: GrpcService started, listening on 0.0.0.0/0.0.0.0:37768
2019-08-27 22:23:24,672 [Datanode State Machine Thread - 0] INFO  ratis.XceiverServerRatis (XceiverServerRatis.java:start(414)) - XceiverServerRatis 16bc7653-c528-4f55-9a04-43f9c2b9cdff is started using port 37768
2019-08-27 22:23:24,674 [Datanode State Machine Thread - 0] INFO  server.XceiverServerGrpc (XceiverServerGrpc.java:start(161)) - XceiverServerGrpc 16bc7653-c528-4f55-9a04-43f9c2b9cdff is started using port 34693
2019-08-27 22:23:24,683 | INFO  | SCMAudit | user=jenkins1000 | ip=192.168.36.82 | op=GET_VERSION null | ret=SUCCESS |  
2019-08-27 22:23:24,742 [Datanode State Machine Thread - 0] INFO  ozoneimpl.OzoneContainer (OzoneContainer.java:start(186)) - Attempting to start container services.
2019-08-27 22:23:24,744 [Datanode State Machine Thread - 0] INFO  ozoneimpl.OzoneContainer (OzoneContainer.java:startContainerScrub(160)) - Background container scrubber has been disabled by hdds.containerscrub.enabled
2019-08-27 22:23:24,744 [Datanode State Machine Thread - 0] INFO  ratis.XceiverServerRatis (XceiverServerRatis.java:start(404)) - Starting XceiverServerRatis 12327982-2cfc-49eb-88eb-ac4a15a5feba at port 0
2019-08-27 22:23:24,751 [Datanode State Machine Thread - 0] INFO  impl.RaftServerProxy (RaftServerProxy.java:lambda$start$3(299)) - 12327982-2cfc-49eb-88eb-ac4a15a5feba: start RPC server
2019-08-27 22:23:24,754 [Datanode State Machine Thread - 0] INFO  server.GrpcService (GrpcService.java:startImpl(149)) - 12327982-2cfc-49eb-88eb-ac4a15a5feba: GrpcService started, listening on 0.0.0.0/0.0.0.0:37376
2019-08-27 22:23:24,754 [Datanode State Machine Thread - 0] INFO  ratis.XceiverServerRatis (XceiverServerRatis.java:start(414)) - XceiverServerRatis 12327982-2cfc-49eb-88eb-ac4a15a5feba is started using port 37376
2019-08-27 22:23:24,756 [Datanode State Machine Thread - 0] INFO  server.XceiverServerGrpc (XceiverServerGrpc.java:start(161)) - XceiverServerGrpc 12327982-2cfc-49eb-88eb-ac4a15a5feba is started using port 41245
2019-08-27 22:23:24,911 | INFO  | SCMAudit | user=jenkins1000 | ip=192.168.36.82 | op=GET_VERSION null | ret=SUCCESS |  
2019-08-27 22:23:24,950 [main] INFO  ozone.MiniOzoneClusterImpl (MiniOzoneClusterImpl.java:lambda$waitForClusterToBeReady$0(142)) - Waiting for cluster to be ready. Got 0 of 7 DN Heartbeats.
2019-08-27 22:23:24,971 [Datanode State Machine Thread - 0] INFO  ozoneimpl.OzoneContainer (OzoneContainer.java:start(186)) - Attempting to start container services.
2019-08-27 22:23:24,980 [Datanode State Machine Thread - 0] INFO  ozoneimpl.OzoneContainer (OzoneContainer.java:startContainerScrub(160)) - Background container scrubber has been disabled by hdds.containerscrub.enabled
2019-08-27 22:23:24,981 [Datanode State Machine Thread - 0] INFO  ratis.XceiverServerRatis (XceiverServerRatis.java:start(404)) - Starting XceiverServerRatis c9d78582-bde6-4b5f-a9c8-bcd79938bedf at port 0
2019-08-27 22:23:24,989 [Datanode State Machine Thread - 0] INFO  impl.RaftServerProxy (RaftServerProxy.java:lambda$start$3(299)) - c9d78582-bde6-4b5f-a9c8-bcd79938bedf: start RPC server
2019-08-27 22:23:24,992 [Datanode State Machine Thread - 0] INFO  server.GrpcService (GrpcService.java:startImpl(149)) - c9d78582-bde6-4b5f-a9c8-bcd79938bedf: GrpcService started, listening on 0.0.0.0/0.0.0.0:40804
2019-08-27 22:23:24,993 [Datanode State Machine Thread - 0] INFO  ratis.XceiverServerRatis (XceiverServerRatis.java:start(414)) - XceiverServerRatis c9d78582-bde6-4b5f-a9c8-bcd79938bedf is started using port 40804
2019-08-27 22:23:24,995 [Datanode State Machine Thread - 0] INFO  server.XceiverServerGrpc (XceiverServerGrpc.java:start(161)) - XceiverServerGrpc c9d78582-bde6-4b5f-a9c8-bcd79938bedf is started using port 41698
2019-08-27 22:23:25,181 | INFO  | SCMAudit | user=jenkins1000 | ip=192.168.36.82 | op=GET_VERSION null | ret=SUCCESS |  
2019-08-27 22:23:25,239 [Datanode State Machine Thread - 0] INFO  ozoneimpl.OzoneContainer (OzoneContainer.java:start(186)) - Attempting to start container services.
2019-08-27 22:23:25,239 [Datanode State Machine Thread - 0] INFO  ozoneimpl.OzoneContainer (OzoneContainer.java:startContainerScrub(160)) - Background container scrubber has been disabled by hdds.containerscrub.enabled
2019-08-27 22:23:25,240 [Datanode State Machine Thread - 0] INFO  ratis.XceiverServerRatis (XceiverServerRatis.java:start(404)) - Starting XceiverServerRatis dc270109-534b-4ffd-b69c-da4013a4da15 at port 0
2019-08-27 22:23:25,247 [Datanode State Machine Thread - 0] INFO  impl.RaftServerProxy (RaftServerProxy.java:lambda$start$3(299)) - dc270109-534b-4ffd-b69c-da4013a4da15: start RPC server
2019-08-27 22:23:25,252 [Datanode State Machine Thread - 0] INFO  server.GrpcService (GrpcService.java:startImpl(149)) - dc270109-534b-4ffd-b69c-da4013a4da15: GrpcService started, listening on 0.0.0.0/0.0.0.0:41537
2019-08-27 22:23:25,252 [Datanode State Machine Thread - 0] INFO  ratis.XceiverServerRatis (XceiverServerRatis.java:start(414)) - XceiverServerRatis dc270109-534b-4ffd-b69c-da4013a4da15 is started using port 41537
2019-08-27 22:23:25,255 [Datanode State Machine Thread - 0] INFO  server.XceiverServerGrpc (XceiverServerGrpc.java:start(161)) - XceiverServerGrpc dc270109-534b-4ffd-b69c-da4013a4da15 is started using port 45298
2019-08-27 22:23:25,437 | INFO  | SCMAudit | user=jenkins1000 | ip=192.168.36.82 | op=GET_VERSION null | ret=SUCCESS |  
2019-08-27 22:23:25,507 [Datanode State Machine Thread - 0] INFO  ozoneimpl.OzoneContainer (OzoneContainer.java:start(186)) - Attempting to start container services.
2019-08-27 22:23:25,507 [Datanode State Machine Thread - 0] INFO  ozoneimpl.OzoneContainer (OzoneContainer.java:startContainerScrub(160)) - Background container scrubber has been disabled by hdds.containerscrub.enabled
2019-08-27 22:23:25,508 [Datanode State Machine Thread - 0] INFO  ratis.XceiverServerRatis (XceiverServerRatis.java:start(404)) - Starting XceiverServerRatis 25145613-3fa0-4f0b-9038-78eecb7deae6 at port 0
2019-08-27 22:23:25,515 [Datanode State Machine Thread - 0] INFO  impl.RaftServerProxy (RaftServerProxy.java:lambda$start$3(299)) - 25145613-3fa0-4f0b-9038-78eecb7deae6: start RPC server
2019-08-27 22:23:25,520 [Datanode State Machine Thread - 0] INFO  server.GrpcService (GrpcService.java:startImpl(149)) - 25145613-3fa0-4f0b-9038-78eecb7deae6: GrpcService started, listening on 0.0.0.0/0.0.0.0:35339
2019-08-27 22:23:25,520 [Datanode State Machine Thread - 0] INFO  ratis.XceiverServerRatis (XceiverServerRatis.java:start(414)) - XceiverServerRatis 25145613-3fa0-4f0b-9038-78eecb7deae6 is started using port 35339
2019-08-27 22:23:25,523 [Datanode State Machine Thread - 0] INFO  server.XceiverServerGrpc (XceiverServerGrpc.java:start(161)) - XceiverServerGrpc 25145613-3fa0-4f0b-9038-78eecb7deae6 is started using port 33076
2019-08-27 22:23:25,761 | INFO  | SCMAudit | user=jenkins1000 | ip=192.168.36.82 | op=GET_VERSION null | ret=SUCCESS |  
2019-08-27 22:23:25,820 [Datanode State Machine Thread - 0] INFO  ozoneimpl.OzoneContainer (OzoneContainer.java:start(186)) - Attempting to start container services.
2019-08-27 22:23:25,821 [Datanode State Machine Thread - 0] INFO  ozoneimpl.OzoneContainer (OzoneContainer.java:startContainerScrub(160)) - Background container scrubber has been disabled by hdds.containerscrub.enabled
2019-08-27 22:23:25,821 [Datanode State Machine Thread - 0] INFO  ratis.XceiverServerRatis (XceiverServerRatis.java:start(404)) - Starting XceiverServerRatis d53517dc-e0e6-4c77-a67f-13acdc2df14a at port 0
2019-08-27 22:23:25,827 [Datanode State Machine Thread - 0] INFO  impl.RaftServerProxy (RaftServerProxy.java:lambda$start$3(299)) - d53517dc-e0e6-4c77-a67f-13acdc2df14a: start RPC server
2019-08-27 22:23:25,832 [Datanode State Machine Thread - 0] INFO  server.GrpcService (GrpcService.java:startImpl(149)) - d53517dc-e0e6-4c77-a67f-13acdc2df14a: GrpcService started, listening on 0.0.0.0/0.0.0.0:39318
2019-08-27 22:23:25,832 [Datanode State Machine Thread - 0] INFO  ratis.XceiverServerRatis (XceiverServerRatis.java:start(414)) - XceiverServerRatis d53517dc-e0e6-4c77-a67f-13acdc2df14a is started using port 39318
2019-08-27 22:23:25,836 [Datanode State Machine Thread - 0] INFO  server.XceiverServerGrpc (XceiverServerGrpc.java:start(161)) - XceiverServerGrpc d53517dc-e0e6-4c77-a67f-13acdc2df14a is started using port 44499
2019-08-27 22:23:25,952 [main] INFO  ozone.MiniOzoneClusterImpl (MiniOzoneClusterImpl.java:lambda$waitForClusterToBeReady$0(142)) - Waiting for cluster to be ready. Got 0 of 7 DN Heartbeats.
2019-08-27 22:23:25,953 | INFO  | SCMAudit | user=jenkins1000 | ip=192.168.36.82 | op=GET_VERSION null | ret=SUCCESS |  
2019-08-27 22:23:26,004 [Datanode State Machine Thread - 0] INFO  ozoneimpl.OzoneContainer (OzoneContainer.java:start(186)) - Attempting to start container services.
2019-08-27 22:23:26,004 [Datanode State Machine Thread - 0] INFO  ozoneimpl.OzoneContainer (OzoneContainer.java:startContainerScrub(160)) - Background container scrubber has been disabled by hdds.containerscrub.enabled
2019-08-27 22:23:26,004 [Datanode State Machine Thread - 0] INFO  ratis.XceiverServerRatis (XceiverServerRatis.java:start(404)) - Starting XceiverServerRatis 0b502caa-68a2-4bb7-9994-f00c500cc251 at port 0
2019-08-27 22:23:26,010 [Datanode State Machine Thread - 0] INFO  impl.RaftServerProxy (RaftServerProxy.java:lambda$start$3(299)) - 0b502caa-68a2-4bb7-9994-f00c500cc251: start RPC server
2019-08-27 22:23:26,015 [Datanode State Machine Thread - 0] INFO  server.GrpcService (GrpcService.java:startImpl(149)) - 0b502caa-68a2-4bb7-9994-f00c500cc251: GrpcService started, listening on 0.0.0.0/0.0.0.0:43052
2019-08-27 22:23:26,015 [Datanode State Machine Thread - 0] INFO  ratis.XceiverServerRatis (XceiverServerRatis.java:start(414)) - XceiverServerRatis 0b502caa-68a2-4bb7-9994-f00c500cc251 is started using port 43052
2019-08-27 22:23:26,019 [Datanode State Machine Thread - 0] INFO  server.XceiverServerGrpc (XceiverServerGrpc.java:start(161)) - XceiverServerGrpc 0b502caa-68a2-4bb7-9994-f00c500cc251 is started using port 45402
2019-08-27 22:23:26,512 [IPC Server handler 1 on 37530] INFO  net.NetworkTopology (NetworkTopologyImpl.java:add(110)) - Added a new node: /default-rack/16bc7653-c528-4f55-9a04-43f9c2b9cdff
2019-08-27 22:23:26,513 [IPC Server handler 1 on 37530] INFO  node.SCMNodeManager (SCMNodeManager.java:register(266)) - Registered Data node : 16bc7653-c528-4f55-9a04-43f9c2b9cdff{ip: 192.168.36.82, host: pr-hdds-1935-gfhxc-3829810507, networkLocation: /default-rack, certSerialId: null}
2019-08-27 22:23:26,721 [EventQueue-NodeRegistrationContainerReportForDataNodeSafeModeRule] INFO  safemode.SCMSafeModeManager (DataNodeSafeModeRule.java:process(71)) - SCM in safe mode. 1 DataNodes registered, 1 required.
2019-08-27 22:23:26,722 [EventQueue-NodeRegistrationContainerReportForDataNodeSafeModeRule] INFO  safemode.SCMSafeModeManager (SCMSafeModeManager.java:validateSafeModeExitRules(177)) - ScmSafeModeManager, all rules are successfully validated
2019-08-27 22:23:26,722 [IPC Server handler 0 on 37530] INFO  net.NetworkTopology (NetworkTopologyImpl.java:add(110)) - Added a new node: /default-rack/12327982-2cfc-49eb-88eb-ac4a15a5feba
2019-08-27 22:23:26,722 [EventQueue-NodeRegistrationContainerReportForDataNodeSafeModeRule] INFO  safemode.SCMSafeModeManager (SCMSafeModeManager.java:exitSafeMode(193)) - SCM exiting safe mode.
2019-08-27 22:23:26,722 [IPC Server handler 0 on 37530] INFO  node.SCMNodeManager (SCMNodeManager.java:register(266)) - Registered Data node : 12327982-2cfc-49eb-88eb-ac4a15a5feba{ip: 192.168.36.82, host: pr-hdds-1935-gfhxc-3829810507, networkLocation: /default-rack, certSerialId: null}
2019-08-27 22:23:26,733 | INFO  | SCMAudit | user=jenkins1000 | ip=192.168.36.82 | op=REGISTER {datanodeDetails=12327982-2cfc-49eb-88eb-ac4a15a5feba{ip: 192.168.36.82, host: pr-hdds-1935-gfhxc-3829810507, networkLocation: /default-rack, certSerialId: null}} | ret=SUCCESS |  
2019-08-27 22:23:26,733 | INFO  | SCMAudit | user=jenkins1000 | ip=192.168.36.82 | op=REGISTER {datanodeDetails=16bc7653-c528-4f55-9a04-43f9c2b9cdff{ip: 192.168.36.82, host: pr-hdds-1935-gfhxc-3829810507, networkLocation: /default-rack, certSerialId: null}} | ret=SUCCESS |  
2019-08-27 22:23:26,916 [IPC Server handler 4 on 37530] INFO  net.NetworkTopology (NetworkTopologyImpl.java:add(110)) - Added a new node: /default-rack/c9d78582-bde6-4b5f-a9c8-bcd79938bedf
2019-08-27 22:23:26,918 [IPC Server handler 4 on 37530] INFO  node.SCMNodeManager (SCMNodeManager.java:register(266)) - Registered Data node : c9d78582-bde6-4b5f-a9c8-bcd79938bedf{ip: 192.168.36.82, host: pr-hdds-1935-gfhxc-3829810507, networkLocation: /default-rack, certSerialId: null}
2019-08-27 22:23:26,919 | INFO  | SCMAudit | user=jenkins1000 | ip=192.168.36.82 | op=REGISTER {datanodeDetails=c9d78582-bde6-4b5f-a9c8-bcd79938bedf{ip: 192.168.36.82, host: pr-hdds-1935-gfhxc-3829810507, networkLocation: /default-rack, certSerialId: null}} | ret=SUCCESS |  
2019-08-27 22:23:26,953 [main] INFO  ozone.MiniOzoneClusterImpl (MiniOzoneClusterImpl.java:lambda$waitForClusterToBeReady$0(142)) - Waiting for cluster to be ready. Got 3 of 7 DN Heartbeats.
2019-08-27 22:23:27,630 [IPC Server handler 2 on 37530] INFO  net.NetworkTopology (NetworkTopologyImpl.java:add(110)) - Added a new node: /default-rack/dc270109-534b-4ffd-b69c-da4013a4da15
2019-08-27 22:23:27,630 [IPC Server handler 5 on 37530] INFO  net.NetworkTopology (NetworkTopologyImpl.java:add(110)) - Added a new node: /default-rack/25145613-3fa0-4f0b-9038-78eecb7deae6
2019-08-27 22:23:27,630 [IPC Server handler 2 on 37530] INFO  node.SCMNodeManager (SCMNodeManager.java:register(266)) - Registered Data node : dc270109-534b-4ffd-b69c-da4013a4da15{ip: 192.168.36.82, host: pr-hdds-1935-gfhxc-3829810507, networkLocation: /default-rack, certSerialId: null}
2019-08-27 22:23:27,630 [IPC Server handler 5 on 37530] INFO  node.SCMNodeManager (SCMNodeManager.java:register(266)) - Registered Data node : 25145613-3fa0-4f0b-9038-78eecb7deae6{ip: 192.168.36.82, host: pr-hdds-1935-gfhxc-3829810507, networkLocation: /default-rack, certSerialId: null}
2019-08-27 22:23:27,631 | INFO  | SCMAudit | user=jenkins1000 | ip=192.168.36.82 | op=REGISTER {datanodeDetails=25145613-3fa0-4f0b-9038-78eecb7deae6{ip: 192.168.36.82, host: pr-hdds-1935-gfhxc-3829810507, networkLocation: /default-rack, certSerialId: null}} | ret=SUCCESS |  
2019-08-27 22:23:27,631 | INFO  | SCMAudit | user=jenkins1000 | ip=192.168.36.82 | op=REGISTER {datanodeDetails=dc270109-534b-4ffd-b69c-da4013a4da15{ip: 192.168.36.82, host: pr-hdds-1935-gfhxc-3829810507, networkLocation: /default-rack, certSerialId: null}} | ret=SUCCESS |  
2019-08-27 22:23:27,771 [IPC Server handler 4 on 37530] INFO  net.NetworkTopology (NetworkTopologyImpl.java:add(110)) - Added a new node: /default-rack/d53517dc-e0e6-4c77-a67f-13acdc2df14a
2019-08-27 22:23:27,771 [IPC Server handler 4 on 37530] INFO  node.SCMNodeManager (SCMNodeManager.java:register(266)) - Registered Data node : d53517dc-e0e6-4c77-a67f-13acdc2df14a{ip: 192.168.36.82, host: pr-hdds-1935-gfhxc-3829810507, networkLocation: /default-rack, certSerialId: null}
2019-08-27 22:23:27,773 | INFO  | SCMAudit | user=jenkins1000 | ip=192.168.36.82 | op=REGISTER {datanodeDetails=d53517dc-e0e6-4c77-a67f-13acdc2df14a{ip: 192.168.36.82, host: pr-hdds-1935-gfhxc-3829810507, networkLocation: /default-rack, certSerialId: null}} | ret=SUCCESS |  
2019-08-27 22:23:27,902 [grpc-default-executor-0] INFO  impl.RaftServerProxy (RaftServerProxy.java:addNew(89)) - 16bc7653-c528-4f55-9a04-43f9c2b9cdff: addNew group-5402FCB92FFD:[16bc7653-c528-4f55-9a04-43f9c2b9cdff:192.168.36.82:37768] returns group-5402FCB92FFD:java.util.concurrent.CompletableFuture@5f5d63f3[Not completed]
2019-08-27 22:23:27,920 [pool-27-thread-1] INFO  impl.RaftServerImpl (RaftServerImpl.java:<init>(93)) - 16bc7653-c528-4f55-9a04-43f9c2b9cdff: new RaftServerImpl for group-5402FCB92FFD:[16bc7653-c528-4f55-9a04-43f9c2b9cdff:192.168.36.82:37768] with ContainerStateMachine:uninitialized
2019-08-27 22:23:27,921 [pool-27-thread-1] INFO  server.RaftServerConfigKeys (ConfUtils.java:logGet(43)) - raft.server.rpc.timeout.min = 5s (custom)
2019-08-27 22:23:27,924 [pool-27-thread-1] INFO  server.RaftServerConfigKeys (ConfUtils.java:logGet(43)) - raft.server.rpc.timeout.max = 5200ms (custom)
2019-08-27 22:23:27,924 [pool-27-thread-1] INFO  server.RaftServerConfigKeys (ConfUtils.java:logGet(43)) - raft.server.rpcslowness.timeout = 120s (custom)
2019-08-27 22:23:27,925 [pool-27-thread-1] INFO  server.RaftServerConfigKeys (ConfUtils.java:logGet(43)) - raft.server.sleep.deviation.threshold = 300 (default)
2019-08-27 22:23:27,926 [pool-27-thread-1] INFO  server.RaftServerConfigKeys (ConfUtils.java:logGet(43)) - raft.server.log.appender.install.snapshot.enabled = false (custom)
2019-08-27 22:23:27,934 [pool-27-thread-1] INFO  impl.RaftServerImpl (ServerState.java:<init>(105)) - 16bc7653-c528-4f55-9a04-43f9c2b9cdff:group-5402FCB92FFD ConfigurationManager, init=-1: [16bc7653-c528-4f55-9a04-43f9c2b9cdff:192.168.36.82:37768], old=null, confs=<EMPTY_MAP>
2019-08-27 22:23:27,934 [pool-27-thread-1] INFO  server.RaftServerConfigKeys (ConfUtils.java:logGet(43)) - raft.server.storage.dir = [/workdir/hadoop-ozone/integration-test/target/test-dir/MiniOzoneClusterImpl-95eab390-6897-4658-a6ea-ece20233ae92/datanode-0/data/ratis] (custom)
2019-08-27 22:23:27,943 [pool-27-thread-1] INFO  storage.RaftStorageDirectory (RaftStorageDirectory.java:analyzeStorage(246)) - The storage directory /workdir/hadoop-ozone/integration-test/target/test-dir/MiniOzoneClusterImpl-95eab390-6897-4658-a6ea-ece20233ae92/datanode-0/data/ratis/e87b6630-7e4c-4281-8439-5402fcb92ffd does not exist. Creating ...
2019-08-27 22:23:27,953 [main] INFO  ozone.MiniOzoneClusterImpl (MiniOzoneClusterImpl.java:lambda$waitForClusterToBeReady$0(142)) - Waiting for cluster to be ready. Got 6 of 7 DN Heartbeats.
2019-08-27 22:23:27,954 [IPC Server handler 2 on 37530] INFO  net.NetworkTopology (NetworkTopologyImpl.java:add(110)) - Added a new node: /default-rack/0b502caa-68a2-4bb7-9994-f00c500cc251
2019-08-27 22:23:27,954 [IPC Server handler 2 on 37530] INFO  node.SCMNodeManager (SCMNodeManager.java:register(266)) - Registered Data node : 0b502caa-68a2-4bb7-9994-f00c500cc251{ip: 192.168.36.82, host: pr-hdds-1935-gfhxc-3829810507, networkLocation: /default-rack, certSerialId: null}
2019-08-27 22:23:27,955 | INFO  | SCMAudit | user=jenkins1000 | ip=192.168.36.82 | op=REGISTER {datanodeDetails=0b502caa-68a2-4bb7-9994-f00c500cc251{ip: 192.168.36.82, host: pr-hdds-1935-gfhxc-3829810507, networkLocation: /default-rack, certSerialId: null}} | ret=SUCCESS |  
2019-08-27 22:23:28,011 [pool-27-thread-1] INFO  storage.RaftStorageDirectory (RaftStorageDirectory.java:tryLock(328)) - Lock on /workdir/hadoop-ozone/integration-test/target/test-dir/MiniOzoneClusterImpl-95eab390-6897-4658-a6ea-ece20233ae92/datanode-0/data/ratis/e87b6630-7e4c-4281-8439-5402fcb92ffd/in_use.lock acquired by nodename 22132@pr-hdds-1935-gfhxc-3829810507
2019-08-27 22:23:28,029 [pool-27-thread-1] INFO  storage.RaftStorage (RaftStorage.java:format(72)) - Storage directory /workdir/hadoop-ozone/integration-test/target/test-dir/MiniOzoneClusterImpl-95eab390-6897-4658-a6ea-ece20233ae92/datanode-0/data/ratis/e87b6630-7e4c-4281-8439-5402fcb92ffd has been successfully formatted.
2019-08-27 22:23:28,032 [pool-27-thread-1] INFO  ratis.ContainerStateMachine (ContainerStateMachine.java:loadSnapshot(226)) - group-5402FCB92FFD: The snapshot info is null. Setting the last applied indexto:(t:0, i:~)
2019-08-27 22:23:28,033 [pool-27-thread-1] INFO  server.RaftServerConfigKeys (ConfUtils.java:logGet(43)) - raft.server.leader.election.timeout = 120s (custom)
2019-08-27 22:23:28,036 [pool-27-thread-1] INFO  server.RaftServerConfigKeys (ConfUtils.java:logGet(43)) - raft.server.log.use.memory = false (default)
2019-08-27 22:23:28,043 [pool-27-thread-1] INFO  server.RaftServerConfigKeys (ConfUtils.java:logGet(43)) - raft.server.log.purge.gap = 1000000 (custom)
2019-08-27 22:23:28,043 [pool-27-thread-1] INFO  server.RaftServerConfigKeys (ConfUtils.java:logGet(43)) - raft.server.log.appender.buffer.byte-limit = 33554432 (custom)
2019-08-27 22:23:28,045 [pool-27-thread-1] INFO  server.RaftServerConfigKeys (ConfUtils.java:logGet(43)) - raft.server.log.segment.size.max = 1048576 (custom)
2019-08-27 22:23:28,052 [pool-27-thread-1] INFO  server.RaftServerConfigKeys (ConfUtils.java:logGet(43)) - raft.server.log.segment.cache.num.max = 2 (custom)
2019-08-27 22:23:28,059 [pool-27-thread-1] INFO  segmented.SegmentedRaftLogWorker (SegmentedRaftLogWorker.java:<init>(172)) - new 16bc7653-c528-4f55-9a04-43f9c2b9cdff-SegmentedRaftLogWorker:Storage Directory /workdir/hadoop-ozone/integration-test/target/test-dir/MiniOzoneClusterImpl-95eab390-6897-4658-a6ea-ece20233ae92/datanode-0/data/ratis/e87b6630-7e4c-4281-8439-5402fcb92ffd for RaftStorage:Storage Directory /workdir/hadoop-ozone/integration-test/target/test-dir/MiniOzoneClusterImpl-95eab390-6897-4658-a6ea-ece20233ae92/datanode-0/data/ratis/e87b6630-7e4c-4281-8439-5402fcb92ffd
2019-08-27 22:23:28,073 [pool-27-thread-1] INFO  server.RaftServerConfigKeys (ConfUtils.java:logGet(43)) - raft.server.log.queue.byte-limit = 2147483647 (custom)
2019-08-27 22:23:28,074 [pool-27-thread-1] INFO  server.RaftServerConfigKeys (ConfUtils.java:logGet(43)) - raft.server.log.queue.element-limit = 1024 (custom)
2019-08-27 22:23:28,079 [pool-27-thread-1] INFO  server.RaftServerConfigKeys (ConfUtils.java:logGet(43)) - raft.server.log.segment.size.max = 1048576 (custom)
2019-08-27 22:23:28,080 [pool-27-thread-1] INFO  server.RaftServerConfigKeys (ConfUtils.java:logGet(43)) - raft.server.log.preallocated.size = 16384 (custom)
2019-08-27 22:23:28,081 [pool-27-thread-1] INFO  server.RaftServerConfigKeys (ConfUtils.java:logGet(43)) - raft.server.log.write.buffer.size = 33554432 (custom)
2019-08-27 22:23:28,081 [pool-27-thread-1] INFO  server.RaftServerConfigKeys (ConfUtils.java:logGet(43)) - raft.server.log.force.sync.num = 128 (default)
2019-08-27 22:23:28,082 [pool-27-thread-1] INFO  server.RaftServerConfigKeys (ConfUtils.java:logGet(43)) - raft.server.log.statemachine.data.sync = true (default)
2019-08-27 22:23:28,082 [pool-27-thread-1] INFO  server.RaftServerConfigKeys (ConfUtils.java:logGet(43)) - raft.server.log.statemachine.data.sync.timeout = 10s (default)
2019-08-27 22:23:28,083 [pool-27-thread-1] INFO  server.RaftServerConfigKeys (ConfUtils.java:logGet(43)) - raft.server.log.statemachine.data.sync.timeout.retry = -1 (default)
2019-08-27 22:23:28,093 [pool-27-thread-1] INFO  server.RaftServerConfigKeys (ConfUtils.java:logGet(43)) - raft.server.log.statemachine.data.caching.enabled = true (custom)
2019-08-27 22:23:28,098 [pool-27-thread-1] INFO  segmented.SegmentedRaftLogWorker (SegmentedRaftLogWorker.java:lambda$new$0(132)) - 16bc7653-c528-4f55-9a04-43f9c2b9cdff-SegmentedRaftLogWorker:Storage Directory /workdir/hadoop-ozone/integration-test/target/test-dir/MiniOzoneClusterImpl-95eab390-6897-4658-a6ea-ece20233ae92/datanode-0/data/ratis/e87b6630-7e4c-4281-8439-5402fcb92ffd: flushIndex: setUnconditionally 0 -> -1
2019-08-27 22:23:28,103 [pool-27-thread-1] INFO  server.RaftServerConfigKeys (ConfUtils.java:logGet(43)) - raft.server.snapshot.auto.trigger.enabled = true (custom)
2019-08-27 22:23:28,104 [pool-27-thread-1] INFO  server.RaftServerConfigKeys (ConfUtils.java:logGet(43)) - raft.server.snapshot.auto.trigger.threshold = 10000 (custom)
2019-08-27 22:23:28,104 [pool-27-thread-1] INFO  server.RaftServerConfigKeys (ConfUtils.java:logGet(43)) - raft.server.retrycache.expirytime = 600000ms (custom)
2019-08-27 22:23:28,126 [pool-27-thread-1] INFO  impl.RaftServerImpl (RaftServerImpl.java:start(180)) - 16bc7653-c528-4f55-9a04-43f9c2b9cdff: start group-5402FCB92FFD
2019-08-27 22:23:28,127 [pool-27-thread-1] INFO  impl.RaftServerImpl (RaftServerImpl.java:setRole(171)) - 16bc7653-c528-4f55-9a04-43f9c2b9cdff:group-5402FCB92FFD changes role from null to FOLLOWER at term 0 for startAsFollower
2019-08-27 22:23:28,129 [pool-27-thread-1] INFO  impl.RoleInfo (RoleInfo.java:updateAndGet(143)) - 16bc7653-c528-4f55-9a04-43f9c2b9cdff: start FollowerState
2019-08-27 22:23:28,131 [pool-27-thread-1] INFO  util.JmxRegister (JmxRegister.java:tryRegister(44)) - Successfully registered JMX Bean with object name Ratis:service=RaftServer,group=group-5402FCB92FFD,id=16bc7653-c528-4f55-9a04-43f9c2b9cdff
2019-08-27 22:23:28,208 [RatisPipelineUtilsThread] INFO  pipeline.PipelineStateManager (PipelineStateManager.java:addPipeline(56)) - Created pipeline Pipeline[ Id: e87b6630-7e4c-4281-8439-5402fcb92ffd, Nodes: 16bc7653-c528-4f55-9a04-43f9c2b9cdff{ip: 192.168.36.82, host: pr-hdds-1935-gfhxc-3829810507, networkLocation: /default-rack, certSerialId: null}, Type:RATIS, Factor:ONE, State:OPEN]
2019-08-27 22:23:28,216 | INFO  | SCMAudit | user=jenkins1000 | ip=192.168.36.82 | op=SEND_HEARTBEAT {datanodeUUID=16bc7653-c528-4f55-9a04-43f9c2b9cdff, command=[]} | ret=SUCCESS |  
2019-08-27 22:23:28,249 [grpc-default-executor-0] INFO  impl.RaftServerProxy (RaftServerProxy.java:addNew(89)) - 25145613-3fa0-4f0b-9038-78eecb7deae6: addNew group-404496AD9FAB:[25145613-3fa0-4f0b-9038-78eecb7deae6:192.168.36.82:35339] returns group-404496AD9FAB:java.util.concurrent.CompletableFuture@3e2fac13[Not completed]
2019-08-27 22:23:28,308 [pool-71-thread-1] INFO  impl.RaftServerImpl (RaftServerImpl.java:<init>(93)) - 25145613-3fa0-4f0b-9038-78eecb7deae6: new RaftServerImpl for group-404496AD9FAB:[25145613-3fa0-4f0b-9038-78eecb7deae6:192.168.36.82:35339] with ContainerStateMachine:uninitialized
2019-08-27 22:23:28,310 [pool-71-thread-1] INFO  server.RaftServerConfigKeys (ConfUtils.java:logGet(43)) - raft.server.rpc.timeout.min = 5s (custom)
2019-08-27 22:23:28,310 [pool-71-thread-1] INFO  server.RaftServerConfigKeys (ConfUtils.java:logGet(43)) - raft.server.rpc.timeout.max = 5200ms (custom)
2019-08-27 22:23:28,310 [pool-71-thread-1] INFO  server.RaftServerConfigKeys (ConfUtils.java:logGet(43)) - raft.server.rpcslowness.timeout = 120s (custom)
2019-08-27 22:23:28,310 [pool-71-thread-1] INFO  server.RaftServerConfigKeys (ConfUtils.java:logGet(43)) - raft.server.sleep.deviation.threshold = 300 (default)
2019-08-27 22:23:28,310 [pool-71-thread-1] INFO  server.RaftServerConfigKeys (ConfUtils.java:logGet(43)) - raft.server.log.appender.install.snapshot.enabled = false (custom)
2019-08-27 22:23:28,311 [pool-71-thread-1] INFO  impl.RaftServerImpl (ServerState.java:<init>(105)) - 25145613-3fa0-4f0b-9038-78eecb7deae6:group-404496AD9FAB ConfigurationManager, init=-1: [25145613-3fa0-4f0b-9038-78eecb7deae6:192.168.36.82:35339], old=null, confs=<EMPTY_MAP>
2019-08-27 22:23:28,311 [pool-71-thread-1] INFO  server.RaftServerConfigKeys (ConfUtils.java:logGet(43)) - raft.server.storage.dir = [/workdir/hadoop-ozone/integration-test/target/test-dir/MiniOzoneClusterImpl-95eab390-6897-4658-a6ea-ece20233ae92/datanode-4/data/ratis] (custom)
2019-08-27 22:23:28,311 [pool-71-thread-1] INFO  storage.RaftStorageDirectory (RaftStorageDirectory.java:analyzeStorage(246)) - The storage directory /workdir/hadoop-ozone/integration-test/target/test-dir/MiniOzoneClusterImpl-95eab390-6897-4658-a6ea-ece20233ae92/datanode-4/data/ratis/1fbc781d-f7a2-4050-a21a-404496ad9fab does not exist. Creating ...
2019-08-27 22:23:28,326 [pool-71-thread-1] INFO  storage.RaftStorageDirectory (RaftStorageDirectory.java:tryLock(328)) - Lock on /workdir/hadoop-ozone/integration-test/target/test-dir/MiniOzoneClusterImpl-95eab390-6897-4658-a6ea-ece20233ae92/datanode-4/data/ratis/1fbc781d-f7a2-4050-a21a-404496ad9fab/in_use.lock acquired by nodename 22132@pr-hdds-1935-gfhxc-3829810507
2019-08-27 22:23:28,339 [pool-71-thread-1] INFO  storage.RaftStorage (RaftStorage.java:format(72)) - Storage directory /workdir/hadoop-ozone/integration-test/target/test-dir/MiniOzoneClusterImpl-95eab390-6897-4658-a6ea-ece20233ae92/datanode-4/data/ratis/1fbc781d-f7a2-4050-a21a-404496ad9fab has been successfully formatted.
2019-08-27 22:23:28,341 [pool-71-thread-1] INFO  ratis.ContainerStateMachine (ContainerStateMachine.java:loadSnapshot(226)) - group-404496AD9FAB: The snapshot info is null. Setting the last applied indexto:(t:0, i:~)
2019-08-27 22:23:28,343 [pool-71-thread-1] INFO  server.RaftServerConfigKeys (ConfUtils.java:logGet(43)) - raft.server.leader.election.timeout = 120s (custom)
2019-08-27 22:23:28,343 [pool-71-thread-1] INFO  server.RaftServerConfigKeys (ConfUtils.java:logGet(43)) - raft.server.log.use.memory = false (default)
2019-08-27 22:23:28,343 [pool-71-thread-1] INFO  server.RaftServerConfigKeys (ConfUtils.java:logGet(43)) - raft.server.log.purge.gap = 1000000 (custom)
2019-08-27 22:23:28,343 [pool-71-thread-1] INFO  server.RaftServerConfigKeys (ConfUtils.java:logGet(43)) - raft.server.log.appender.buffer.byte-limit = 33554432 (custom)
2019-08-27 22:23:28,343 [pool-71-thread-1] INFO  server.RaftServerConfigKeys (ConfUtils.java:logGet(43)) - raft.server.log.segment.size.max = 1048576 (custom)
2019-08-27 22:23:28,343 [pool-71-thread-1] INFO  server.RaftServerConfigKeys (ConfUtils.java:logGet(43)) - raft.server.log.segment.cache.num.max = 2 (custom)
2019-08-27 22:23:28,343 [pool-71-thread-1] INFO  segmented.SegmentedRaftLogWorker (SegmentedRaftLogWorker.java:<init>(172)) - new 25145613-3fa0-4f0b-9038-78eecb7deae6-SegmentedRaftLogWorker:Storage Directory /workdir/hadoop-ozone/integration-test/target/test-dir/MiniOzoneClusterImpl-95eab390-6897-4658-a6ea-ece20233ae92/datanode-4/data/ratis/1fbc781d-f7a2-4050-a21a-404496ad9fab for RaftStorage:Storage Directory /workdir/hadoop-ozone/integration-test/target/test-dir/MiniOzoneClusterImpl-95eab390-6897-4658-a6ea-ece20233ae92/datanode-4/data/ratis/1fbc781d-f7a2-4050-a21a-404496ad9fab
2019-08-27 22:23:28,345 [pool-71-thread-1] INFO  server.RaftServerConfigKeys (ConfUtils.java:logGet(43)) - raft.server.log.queue.byte-limit = 2147483647 (custom)
2019-08-27 22:23:28,345 [pool-71-thread-1] INFO  server.RaftServerConfigKeys (ConfUtils.java:logGet(43)) - raft.server.log.queue.element-limit = 1024 (custom)
2019-08-27 22:23:28,345 [pool-71-thread-1] INFO  server.RaftServerConfigKeys (ConfUtils.java:logGet(43)) - raft.server.log.segment.size.max = 1048576 (custom)
2019-08-27 22:23:28,345 [pool-71-thread-1] INFO  server.RaftServerConfigKeys (ConfUtils.java:logGet(43)) - raft.server.log.preallocated.size = 16384 (custom)
2019-08-27 22:23:28,345 [pool-71-thread-1] INFO  server.RaftServerConfigKeys (ConfUtils.java:logGet(43)) - raft.server.log.write.buffer.size = 33554432 (custom)
2019-08-27 22:23:28,345 [pool-71-thread-1] INFO  server.RaftServerConfigKeys (ConfUtils.java:logGet(43)) - raft.server.log.force.sync.num = 128 (default)
2019-08-27 22:23:28,346 [pool-71-thread-1] INFO  server.RaftServerConfigKeys (ConfUtils.java:logGet(43)) - raft.server.log.statemachine.data.sync = true (default)
2019-08-27 22:23:28,346 [pool-71-thread-1] INFO  server.RaftServerConfigKeys (ConfUtils.java:logGet(43)) - raft.server.log.statemachine.data.sync.timeout = 10s (default)
2019-08-27 22:23:28,346 [pool-71-thread-1] INFO  server.RaftServerConfigKeys (ConfUtils.java:logGet(43)) - raft.server.log.statemachine.data.sync.timeout.retry = -1 (default)
2019-08-27 22:23:28,346 [pool-71-thread-1] INFO  server.RaftServerConfigKeys (ConfUtils.java:logGet(43)) - raft.server.log.statemachine.data.caching.enabled = true (custom)
2019-08-27 22:23:28,347 [pool-71-thread-1] INFO  segmented.SegmentedRaftLogWorker (SegmentedRaftLogWorker.java:lambda$new$0(132)) - 25145613-3fa0-4f0b-9038-78eecb7deae6-SegmentedRaftLogWorker:Storage Directory /workdir/hadoop-ozone/integration-test/target/test-dir/MiniOzoneClusterImpl-95eab390-6897-4658-a6ea-ece20233ae92/datanode-4/data/ratis/1fbc781d-f7a2-4050-a21a-404496ad9fab: flushIndex: setUnconditionally 0 -> -1
2019-08-27 22:23:28,347 [pool-71-thread-1] INFO  server.RaftServerConfigKeys (ConfUtils.java:logGet(43)) - raft.server.snapshot.auto.trigger.enabled = true (custom)
2019-08-27 22:23:28,347 [pool-71-thread-1] INFO  server.RaftServerConfigKeys (ConfUtils.java:logGet(43)) - raft.server.snapshot.auto.trigger.threshold = 10000 (custom)
2019-08-27 22:23:28,347 [pool-71-thread-1] INFO  server.RaftServerConfigKeys (ConfUtils.java:logGet(43)) - raft.server.retrycache.expirytime = 600000ms (custom)
2019-08-27 22:23:28,347 [pool-71-thread-1] INFO  impl.RaftServerImpl (RaftServerImpl.java:start(180)) - 25145613-3fa0-4f0b-9038-78eecb7deae6: start group-404496AD9FAB
2019-08-27 22:23:28,347 [pool-71-thread-1] INFO  impl.RaftServerImpl (RaftServerImpl.java:setRole(171)) - 25145613-3fa0-4f0b-9038-78eecb7deae6:group-404496AD9FAB changes role from null to FOLLOWER at term 0 for startAsFollower
2019-08-27 22:23:28,348 [pool-71-thread-1] INFO  impl.RoleInfo (RoleInfo.java:updateAndGet(143)) - 25145613-3fa0-4f0b-9038-78eecb7deae6: start FollowerState
2019-08-27 22:23:28,349 [pool-71-thread-1] INFO  util.JmxRegister (JmxRegister.java:tryRegister(44)) - Successfully registered JMX Bean with object name Ratis:service=RaftServer,group=group-404496AD9FAB,id=25145613-3fa0-4f0b-9038-78eecb7deae6
2019-08-27 22:23:28,361 [RatisPipelineUtilsThread] INFO  pipeline.PipelineStateManager (PipelineStateManager.java:addPipeline(56)) - Created pipeline Pipeline[ Id: 1fbc781d-f7a2-4050-a21a-404496ad9fab, Nodes: 25145613-3fa0-4f0b-9038-78eecb7deae6{ip: 192.168.36.82, host: pr-hdds-1935-gfhxc-3829810507, networkLocation: /default-rack, certSerialId: null}, Type:RATIS, Factor:ONE, State:OPEN]
2019-08-27 22:23:28,387 [grpc-default-executor-0] INFO  impl.RaftServerProxy (RaftServerProxy.java:addNew(89)) - c9d78582-bde6-4b5f-a9c8-bcd79938bedf: addNew group-EF303059B08E:[c9d78582-bde6-4b5f-a9c8-bcd79938bedf:192.168.36.82:40804] returns group-EF303059B08E:java.util.concurrent.CompletableFuture@21032711[Not completed]
2019-08-27 22:23:28,398 [pool-49-thread-1] INFO  impl.RaftServerImpl (RaftServerImpl.java:<init>(93)) - c9d78582-bde6-4b5f-a9c8-bcd79938bedf: new RaftServerImpl for group-EF303059B08E:[c9d78582-bde6-4b5f-a9c8-bcd79938bedf:192.168.36.82:40804] with ContainerStateMachine:uninitialized
2019-08-27 22:23:28,398 [pool-49-thread-1] INFO  server.RaftServerConfigKeys (ConfUtils.java:logGet(43)) - raft.server.rpc.timeout.min = 5s (custom)
2019-08-27 22:23:28,398 [pool-49-thread-1] INFO  server.RaftServerConfigKeys (ConfUtils.java:logGet(43)) - raft.server.rpc.timeout.max = 5200ms (custom)
2019-08-27 22:23:28,398 [pool-49-thread-1] INFO  server.RaftServerConfigKeys (ConfUtils.java:logGet(43)) - raft.server.rpcslowness.timeout = 120s (custom)
2019-08-27 22:23:28,399 [pool-49-thread-1] INFO  server.RaftServerConfigKeys (ConfUtils.java:logGet(43)) - raft.server.sleep.deviation.threshold = 300 (default)
2019-08-27 22:23:28,399 [pool-49-thread-1] INFO  server.RaftServerConfigKeys (ConfUtils.java:logGet(43)) - raft.server.log.appender.install.snapshot.enabled = false (custom)
2019-08-27 22:23:28,399 [pool-49-thread-1] INFO  impl.RaftServerImpl (ServerState.java:<init>(105)) - c9d78582-bde6-4b5f-a9c8-bcd79938bedf:group-EF303059B08E ConfigurationManager, init=-1: [c9d78582-bde6-4b5f-a9c8-bcd79938bedf:192.168.36.82:40804], old=null, confs=<EMPTY_MAP>
2019-08-27 22:23:28,399 [pool-49-thread-1] INFO  server.RaftServerConfigKeys (ConfUtils.java:logGet(43)) - raft.server.storage.dir = [/workdir/hadoop-ozone/integration-test/target/test-dir/MiniOzoneClusterImpl-95eab390-6897-4658-a6ea-ece20233ae92/datanode-2/data/ratis] (custom)
2019-08-27 22:23:28,400 [pool-49-thread-1] INFO  storage.RaftStorageDirectory (RaftStorageDirectory.java:analyzeStorage(246)) - The storage directory /workdir/hadoop-ozone/integration-test/target/test-dir/MiniOzoneClusterImpl-95eab390-6897-4658-a6ea-ece20233ae92/datanode-2/data/ratis/ba0aa802-3e16-4207-8d61-ef303059b08e does not exist. Creating ...
2019-08-27 22:23:28,422 [pool-49-thread-1] INFO  storage.RaftStorageDirectory (RaftStorageDirectory.java:tryLock(328)) - Lock on /workdir/hadoop-ozone/integration-test/target/test-dir/MiniOzoneClusterImpl-95eab390-6897-4658-a6ea-ece20233ae92/datanode-2/data/ratis/ba0aa802-3e16-4207-8d61-ef303059b08e/in_use.lock acquired by nodename 22132@pr-hdds-1935-gfhxc-3829810507
2019-08-27 22:23:28,435 [pool-49-thread-1] INFO  storage.RaftStorage (RaftStorage.java:format(72)) - Storage directory /workdir/hadoop-ozone/integration-test/target/test-dir/MiniOzoneClusterImpl-95eab390-6897-4658-a6ea-ece20233ae92/datanode-2/data/ratis/ba0aa802-3e16-4207-8d61-ef303059b08e has been successfully formatted.
2019-08-27 22:23:28,436 [pool-49-thread-1] INFO  ratis.ContainerStateMachine (ContainerStateMachine.java:loadSnapshot(226)) - group-EF303059B08E: The snapshot info is null. Setting the last applied indexto:(t:0, i:~)
2019-08-27 22:23:28,436 [pool-49-thread-1] INFO  server.RaftServerConfigKeys (ConfUtils.java:logGet(43)) - raft.server.leader.election.timeout = 120s (custom)
2019-08-27 22:23:28,436 [pool-49-thread-1] INFO  server.RaftServerConfigKeys (ConfUtils.java:logGet(43)) - raft.server.log.use.memory = false (default)
2019-08-27 22:23:28,436 [pool-49-thread-1] INFO  server.RaftServerConfigKeys (ConfUtils.java:logGet(43)) - raft.server.log.purge.gap = 1000000 (custom)
2019-08-27 22:23:28,436 [pool-49-thread-1] INFO  server.RaftServerConfigKeys (ConfUtils.java:logGet(43)) - raft.server.log.appender.buffer.byte-limit = 33554432 (custom)
2019-08-27 22:23:28,437 [pool-49-thread-1] INFO  server.RaftServerConfigKeys (ConfUtils.java:logGet(43)) - raft.server.log.segment.size.max = 1048576 (custom)
2019-08-27 22:23:28,437 [pool-49-thread-1] INFO  server.RaftServerConfigKeys (ConfUtils.java:logGet(43)) - raft.server.log.segment.cache.num.max = 2 (custom)
2019-08-27 22:23:28,437 [pool-49-thread-1] INFO  segmented.SegmentedRaftLogWorker (SegmentedRaftLogWorker.java:<init>(172)) - new c9d78582-bde6-4b5f-a9c8-bcd79938bedf-SegmentedRaftLogWorker:Storage Directory /workdir/hadoop-ozone/integration-test/target/test-dir/MiniOzoneClusterImpl-95eab390-6897-4658-a6ea-ece20233ae92/datanode-2/data/ratis/ba0aa802-3e16-4207-8d61-ef303059b08e for RaftStorage:Storage Directory /workdir/hadoop-ozone/integration-test/target/test-dir/MiniOzoneClusterImpl-95eab390-6897-4658-a6ea-ece20233ae92/datanode-2/data/ratis/ba0aa802-3e16-4207-8d61-ef303059b08e
2019-08-27 22:23:28,437 [pool-49-thread-1] INFO  server.RaftServerConfigKeys (ConfUtils.java:logGet(43)) - raft.server.log.queue.byte-limit = 2147483647 (custom)
2019-08-27 22:23:28,437 [pool-49-thread-1] INFO  server.RaftServerConfigKeys (ConfUtils.java:logGet(43)) - raft.server.log.queue.element-limit = 1024 (custom)
2019-08-27 22:23:28,437 [pool-49-thread-1] INFO  server.RaftServerConfigKeys (ConfUtils.java:logGet(43)) - raft.server.log.segment.size.max = 1048576 (custom)
2019-08-27 22:23:28,438 [pool-49-thread-1] INFO  server.RaftServerConfigKeys (ConfUtils.java:logGet(43)) - raft.server.log.preallocated.size = 16384 (custom)
2019-08-27 22:23:28,438 [pool-49-thread-1] INFO  server.RaftServerConfigKeys (ConfUtils.java:logGet(43)) - raft.server.log.write.buffer.size = 33554432 (custom)
2019-08-27 22:23:28,438 [pool-49-thread-1] INFO  server.RaftServerConfigKeys (ConfUtils.java:logGet(43)) - raft.server.log.force.sync.num = 128 (default)
2019-08-27 22:23:28,438 [pool-49-thread-1] INFO  server.RaftServerConfigKeys (ConfUtils.java:logGet(43)) - raft.server.log.statemachine.data.sync = true (default)
2019-08-27 22:23:28,438 [pool-49-thread-1] INFO  server.RaftServerConfigKeys (ConfUtils.java:logGet(43)) - raft.server.log.statemachine.data.sync.timeout = 10s (default)
2019-08-27 22:23:28,438 [pool-49-thread-1] INFO  server.RaftServerConfigKeys (ConfUtils.java:logGet(43)) - raft.server.log.statemachine.data.sync.timeout.retry = -1 (default)
2019-08-27 22:23:28,439 [pool-49-thread-1] INFO  server.RaftServerConfigKeys (ConfUtils.java:logGet(43)) - raft.server.log.statemachine.data.caching.enabled = true (custom)
2019-08-27 22:23:28,439 [pool-49-thread-1] INFO  segmented.SegmentedRaftLogWorker (SegmentedRaftLogWorker.java:lambda$new$0(132)) - c9d78582-bde6-4b5f-a9c8-bcd79938bedf-SegmentedRaftLogWorker:Storage Directory /workdir/hadoop-ozone/integration-test/target/test-dir/MiniOzoneClusterImpl-95eab390-6897-4658-a6ea-ece20233ae92/datanode-2/data/ratis/ba0aa802-3e16-4207-8d61-ef303059b08e: flushIndex: setUnconditionally 0 -> -1
2019-08-27 22:23:28,439 [pool-49-thread-1] INFO  server.RaftServerConfigKeys (ConfUtils.java:logGet(43)) - raft.server.snapshot.auto.trigger.enabled = true (custom)
2019-08-27 22:23:28,440 [pool-49-thread-1] INFO  server.RaftServerConfigKeys (ConfUtils.java:logGet(43)) - raft.server.snapshot.auto.trigger.threshold = 10000 (custom)
2019-08-27 22:23:28,440 [pool-49-thread-1] INFO  server.RaftServerConfigKeys (ConfUtils.java:logGet(43)) - raft.server.retrycache.expirytime = 600000ms (custom)
2019-08-27 22:23:28,440 [pool-49-thread-1] INFO  impl.RaftServerImpl (RaftServerImpl.java:start(180)) - c9d78582-bde6-4b5f-a9c8-bcd79938bedf: start group-EF303059B08E
2019-08-27 22:23:28,440 [pool-49-thread-1] INFO  impl.RaftServerImpl (RaftServerImpl.java:setRole(171)) - c9d78582-bde6-4b5f-a9c8-bcd79938bedf:group-EF303059B08E changes role from null to FOLLOWER at term 0 for startAsFollower
2019-08-27 22:23:28,440 [pool-49-thread-1] INFO  impl.RoleInfo (RoleInfo.java:updateAndGet(143)) - c9d78582-bde6-4b5f-a9c8-bcd79938bedf: start FollowerState
2019-08-27 22:23:28,441 [pool-49-thread-1] INFO  util.JmxRegister (JmxRegister.java:tryRegister(44)) - Successfully registered JMX Bean with object name Ratis:service=RaftServer,group=group-EF303059B08E,id=c9d78582-bde6-4b5f-a9c8-bcd79938bedf
2019-08-27 22:23:28,452 [RatisPipelineUtilsThread] INFO  pipeline.PipelineStateManager (PipelineStateManager.java:addPipeline(56)) - Created pipeline Pipeline[ Id: ba0aa802-3e16-4207-8d61-ef303059b08e, Nodes: c9d78582-bde6-4b5f-a9c8-bcd79938bedf{ip: 192.168.36.82, host: pr-hdds-1935-gfhxc-3829810507, networkLocation: /default-rack, certSerialId: null}, Type:RATIS, Factor:ONE, State:OPEN]
2019-08-27 22:23:28,471 [grpc-default-executor-0] INFO  impl.RaftServerProxy (RaftServerProxy.java:addNew(89)) - dc270109-534b-4ffd-b69c-da4013a4da15: addNew group-3BA12FA61D5A:[dc270109-534b-4ffd-b69c-da4013a4da15:192.168.36.82:41537] returns group-3BA12FA61D5A:java.util.concurrent.CompletableFuture@c80edbb[Not completed]
2019-08-27 22:23:28,474 [pool-60-thread-1] INFO  impl.RaftServerImpl (RaftServerImpl.java:<init>(93)) - dc270109-534b-4ffd-b69c-da4013a4da15: new RaftServerImpl for group-3BA12FA61D5A:[dc270109-534b-4ffd-b69c-da4013a4da15:192.168.36.82:41537] with ContainerStateMachine:uninitialized
2019-08-27 22:23:28,474 [pool-60-thread-1] INFO  server.RaftServerConfigKeys (ConfUtils.java:logGet(43)) - raft.server.rpc.timeout.min = 5s (custom)
2019-08-27 22:23:28,475 [pool-60-thread-1] INFO  server.RaftServerConfigKeys (ConfUtils.java:logGet(43)) - raft.server.rpc.timeout.max = 5200ms (custom)
2019-08-27 22:23:28,475 [pool-60-thread-1] INFO  server.RaftServerConfigKeys (ConfUtils.java:logGet(43)) - raft.server.rpcslowness.timeout = 120s (custom)
2019-08-27 22:23:28,475 [pool-60-thread-1] INFO  server.RaftServerConfigKeys (ConfUtils.java:logGet(43)) - raft.server.sleep.deviation.threshold = 300 (default)
2019-08-27 22:23:28,475 [pool-60-thread-1] INFO  server.RaftServerConfigKeys (ConfUtils.java:logGet(43)) - raft.server.log.appender.install.snapshot.enabled = false (custom)
2019-08-27 22:23:28,475 [pool-60-thread-1] INFO  impl.RaftServerImpl (ServerState.java:<init>(105)) - dc270109-534b-4ffd-b69c-da4013a4da15:group-3BA12FA61D5A ConfigurationManager, init=-1: [dc270109-534b-4ffd-b69c-da4013a4da15:192.168.36.82:41537], old=null, confs=<EMPTY_MAP>
2019-08-27 22:23:28,475 [pool-60-thread-1] INFO  server.RaftServerConfigKeys (ConfUtils.java:logGet(43)) - raft.server.storage.dir = [/workdir/hadoop-ozone/integration-test/target/test-dir/MiniOzoneClusterImpl-95eab390-6897-4658-a6ea-ece20233ae92/datanode-3/data/ratis] (custom)
2019-08-27 22:23:28,476 [pool-60-thread-1] INFO  storage.RaftStorageDirectory (RaftStorageDirectory.java:analyzeStorage(246)) - The storage directory /workdir/hadoop-ozone/integration-test/target/test-dir/MiniOzoneClusterImpl-95eab390-6897-4658-a6ea-ece20233ae92/datanode-3/data/ratis/761a3b7f-05f9-4b73-912f-3ba12fa61d5a does not exist. Creating ...
2019-08-27 22:23:28,489 [pool-60-thread-1] INFO  storage.RaftStorageDirectory (RaftStorageDirectory.java:tryLock(328)) - Lock on /workdir/hadoop-ozone/integration-test/target/test-dir/MiniOzoneClusterImpl-95eab390-6897-4658-a6ea-ece20233ae92/datanode-3/data/ratis/761a3b7f-05f9-4b73-912f-3ba12fa61d5a/in_use.lock acquired by nodename 22132@pr-hdds-1935-gfhxc-3829810507
2019-08-27 22:23:28,503 [pool-60-thread-1] INFO  storage.RaftStorage (RaftStorage.java:format(72)) - Storage directory /workdir/hadoop-ozone/integration-test/target/test-dir/MiniOzoneClusterImpl-95eab390-6897-4658-a6ea-ece20233ae92/datanode-3/data/ratis/761a3b7f-05f9-4b73-912f-3ba12fa61d5a has been successfully formatted.
2019-08-27 22:23:28,503 [pool-60-thread-1] INFO  ratis.ContainerStateMachine (ContainerStateMachine.java:loadSnapshot(226)) - group-3BA12FA61D5A: The snapshot info is null. Setting the last applied indexto:(t:0, i:~)
2019-08-27 22:23:28,503 [pool-60-thread-1] INFO  server.RaftServerConfigKeys (ConfUtils.java:logGet(43)) - raft.server.leader.election.timeout = 120s (custom)
2019-08-27 22:23:28,503 [pool-60-thread-1] INFO  server.RaftServerConfigKeys (ConfUtils.java:logGet(43)) - raft.server.log.use.memory = false (default)
2019-08-27 22:23:28,503 [pool-60-thread-1] INFO  server.RaftServerConfigKeys (ConfUtils.java:logGet(43)) - raft.server.log.purge.gap = 1000000 (custom)
2019-08-27 22:23:28,503 [pool-60-thread-1] INFO  server.RaftServerConfigKeys (ConfUtils.java:logGet(43)) - raft.server.log.appender.buffer.byte-limit = 33554432 (custom)
2019-08-27 22:23:28,504 [pool-60-thread-1] INFO  server.RaftServerConfigKeys (ConfUtils.java:logGet(43)) - raft.server.log.segment.size.max = 1048576 (custom)
2019-08-27 22:23:28,504 [pool-60-thread-1] INFO  server.RaftServerConfigKeys (ConfUtils.java:logGet(43)) - raft.server.log.segment.cache.num.max = 2 (custom)
2019-08-27 22:23:28,504 [pool-60-thread-1] INFO  segmented.SegmentedRaftLogWorker (SegmentedRaftLogWorker.java:<init>(172)) - new dc270109-534b-4ffd-b69c-da4013a4da15-SegmentedRaftLogWorker:Storage Directory /workdir/hadoop-ozone/integration-test/target/test-dir/MiniOzoneClusterImpl-95eab390-6897-4658-a6ea-ece20233ae92/datanode-3/data/ratis/761a3b7f-05f9-4b73-912f-3ba12fa61d5a for RaftStorage:Storage Directory /workdir/hadoop-ozone/integration-test/target/test-dir/MiniOzoneClusterImpl-95eab390-6897-4658-a6ea-ece20233ae92/datanode-3/data/ratis/761a3b7f-05f9-4b73-912f-3ba12fa61d5a
2019-08-27 22:23:28,504 [pool-60-thread-1] INFO  server.RaftServerConfigKeys (ConfUtils.java:logGet(43)) - raft.server.log.queue.byte-limit = 2147483647 (custom)
2019-08-27 22:23:28,504 [pool-60-thread-1] INFO  server.RaftServerConfigKeys (ConfUtils.java:logGet(43)) - raft.server.log.queue.element-limit = 1024 (custom)
2019-08-27 22:23:28,504 [pool-60-thread-1] INFO  server.RaftServerConfigKeys (ConfUtils.java:logGet(43)) - raft.server.log.segment.size.max = 1048576 (custom)
2019-08-27 22:23:28,505 [pool-60-thread-1] INFO  server.RaftServerConfigKeys (ConfUtils.java:logGet(43)) - raft.server.log.preallocated.size = 16384 (custom)
2019-08-27 22:23:28,505 [pool-60-thread-1] INFO  server.RaftServerConfigKeys (ConfUtils.java:logGet(43)) - raft.server.log.write.buffer.size = 33554432 (custom)
2019-08-27 22:23:28,505 [pool-60-thread-1] INFO  server.RaftServerConfigKeys (ConfUtils.java:logGet(43)) - raft.server.log.force.sync.num = 128 (default)
2019-08-27 22:23:28,505 [pool-60-thread-1] INFO  server.RaftServerConfigKeys (ConfUtils.java:logGet(43)) - raft.server.log.statemachine.data.sync = true (default)
2019-08-27 22:23:28,505 [pool-60-thread-1] INFO  server.RaftServerConfigKeys (ConfUtils.java:logGet(43)) - raft.server.log.statemachine.data.sync.timeout = 10s (default)
2019-08-27 22:23:28,505 [pool-60-thread-1] INFO  server.RaftServerConfigKeys (ConfUtils.java:logGet(43)) - raft.server.log.statemachine.data.sync.timeout.retry = -1 (default)
2019-08-27 22:23:28,505 [pool-60-thread-1] INFO  server.RaftServerConfigKeys (ConfUtils.java:logGet(43)) - raft.server.log.statemachine.data.caching.enabled = true (custom)
2019-08-27 22:23:28,506 [pool-60-thread-1] INFO  segmented.SegmentedRaftLogWorker (SegmentedRaftLogWorker.java:lambda$new$0(132)) - dc270109-534b-4ffd-b69c-da4013a4da15-SegmentedRaftLogWorker:Storage Directory /workdir/hadoop-ozone/integration-test/target/test-dir/MiniOzoneClusterImpl-95eab390-6897-4658-a6ea-ece20233ae92/datanode-3/data/ratis/761a3b7f-05f9-4b73-912f-3ba12fa61d5a: flushIndex: setUnconditionally 0 -> -1
2019-08-27 22:23:28,506 [pool-60-thread-1] INFO  server.RaftServerConfigKeys (ConfUtils.java:logGet(43)) - raft.server.snapshot.auto.trigger.enabled = true (custom)
2019-08-27 22:23:28,506 [pool-60-thread-1] INFO  server.RaftServerConfigKeys (ConfUtils.java:logGet(43)) - raft.server.snapshot.auto.trigger.threshold = 10000 (custom)
2019-08-27 22:23:28,506 [pool-60-thread-1] INFO  server.RaftServerConfigKeys (ConfUtils.java:logGet(43)) - raft.server.retrycache.expirytime = 600000ms (custom)
2019-08-27 22:23:28,506 [pool-60-thread-1] INFO  impl.RaftServerImpl (RaftServerImpl.java:start(180)) - dc270109-534b-4ffd-b69c-da4013a4da15: start group-3BA12FA61D5A
2019-08-27 22:23:28,507 [pool-60-thread-1] INFO  impl.RaftServerImpl (RaftServerImpl.java:setRole(171)) - dc270109-534b-4ffd-b69c-da4013a4da15:group-3BA12FA61D5A changes role from null to FOLLOWER at term 0 for startAsFollower
2019-08-27 22:23:28,507 [pool-60-thread-1] INFO  impl.RoleInfo (RoleInfo.java:updateAndGet(143)) - dc270109-534b-4ffd-b69c-da4013a4da15: start FollowerState
2019-08-27 22:23:28,507 [pool-60-thread-1] INFO  util.JmxRegister (JmxRegister.java:tryRegister(44)) - Successfully registered JMX Bean with object name Ratis:service=RaftServer,group=group-3BA12FA61D5A,id=dc270109-534b-4ffd-b69c-da4013a4da15
2019-08-27 22:23:28,518 [RatisPipelineUtilsThread] INFO  pipeline.PipelineStateManager (PipelineStateManager.java:addPipeline(56)) - Created pipeline Pipeline[ Id: 761a3b7f-05f9-4b73-912f-3ba12fa61d5a, Nodes: dc270109-534b-4ffd-b69c-da4013a4da15{ip: 192.168.36.82, host: pr-hdds-1935-gfhxc-3829810507, networkLocation: /default-rack, certSerialId: null}, Type:RATIS, Factor:ONE, State:OPEN]
2019-08-27 22:23:28,536 [grpc-default-executor-0] INFO  impl.RaftServerProxy (RaftServerProxy.java:addNew(89)) - 12327982-2cfc-49eb-88eb-ac4a15a5feba: addNew group-2EA01A0B64BA:[12327982-2cfc-49eb-88eb-ac4a15a5feba:192.168.36.82:37376] returns group-2EA01A0B64BA:java.util.concurrent.CompletableFuture@78a3b8a0[Not completed]
2019-08-27 22:23:28,537 [pool-38-thread-1] INFO  impl.RaftServerImpl (RaftServerImpl.java:<init>(93)) - 12327982-2cfc-49eb-88eb-ac4a15a5feba: new RaftServerImpl for group-2EA01A0B64BA:[12327982-2cfc-49eb-88eb-ac4a15a5feba:192.168.36.82:37376] with ContainerStateMachine:uninitialized
2019-08-27 22:23:28,537 [pool-38-thread-1] INFO  server.RaftServerConfigKeys (ConfUtils.java:logGet(43)) - raft.server.rpc.timeout.min = 5s (custom)
2019-08-27 22:23:28,538 [pool-38-thread-1] INFO  server.RaftServerConfigKeys (ConfUtils.java:logGet(43)) - raft.server.rpc.timeout.max = 5200ms (custom)
2019-08-27 22:23:28,538 [pool-38-thread-1] INFO  server.RaftServerConfigKeys (ConfUtils.java:logGet(43)) - raft.server.rpcslowness.timeout = 120s (custom)
2019-08-27 22:23:28,538 [pool-38-thread-1] INFO  server.RaftServerConfigKeys (ConfUtils.java:logGet(43)) - raft.server.sleep.deviation.threshold = 300 (default)
2019-08-27 22:23:28,538 [pool-38-thread-1] INFO  server.RaftServerConfigKeys (ConfUtils.java:logGet(43)) - raft.server.log.appender.install.snapshot.enabled = false (custom)
2019-08-27 22:23:28,538 [pool-38-thread-1] INFO  impl.RaftServerImpl (ServerState.java:<init>(105)) - 12327982-2cfc-49eb-88eb-ac4a15a5feba:group-2EA01A0B64BA ConfigurationManager, init=-1: [12327982-2cfc-49eb-88eb-ac4a15a5feba:192.168.36.82:37376], old=null, confs=<EMPTY_MAP>
2019-08-27 22:23:28,538 [pool-38-thread-1] INFO  server.RaftServerConfigKeys (ConfUtils.java:logGet(43)) - raft.server.storage.dir = [/workdir/hadoop-ozone/integration-test/target/test-dir/MiniOzoneClusterImpl-95eab390-6897-4658-a6ea-ece20233ae92/datanode-1/data/ratis] (custom)
2019-08-27 22:23:28,539 [pool-38-thread-1] INFO  storage.RaftStorageDirectory (RaftStorageDirectory.java:analyzeStorage(246)) - The storage directory /workdir/hadoop-ozone/integration-test/target/test-dir/MiniOzoneClusterImpl-95eab390-6897-4658-a6ea-ece20233ae92/datanode-1/data/ratis/f8c5bcd1-7c8c-422e-b0d1-2ea01a0b64ba does not exist. Creating ...
2019-08-27 22:23:28,551 [pool-38-thread-1] INFO  storage.RaftStorageDirectory (RaftStorageDirectory.java:tryLock(328)) - Lock on /workdir/hadoop-ozone/integration-test/target/test-dir/MiniOzoneClusterImpl-95eab390-6897-4658-a6ea-ece20233ae92/datanode-1/data/ratis/f8c5bcd1-7c8c-422e-b0d1-2ea01a0b64ba/in_use.lock acquired by nodename 22132@pr-hdds-1935-gfhxc-3829810507
2019-08-27 22:23:28,564 [pool-38-thread-1] INFO  storage.RaftStorage (RaftStorage.java:format(72)) - Storage directory /workdir/hadoop-ozone/integration-test/target/test-dir/MiniOzoneClusterImpl-95eab390-6897-4658-a6ea-ece20233ae92/datanode-1/data/ratis/f8c5bcd1-7c8c-422e-b0d1-2ea01a0b64ba has been successfully formatted.
2019-08-27 22:23:28,564 [pool-38-thread-1] INFO  ratis.ContainerStateMachine (ContainerStateMachine.java:loadSnapshot(226)) - group-2EA01A0B64BA: The snapshot info is null. Setting the last applied indexto:(t:0, i:~)
2019-08-27 22:23:28,564 [pool-38-thread-1] INFO  server.RaftServerConfigKeys (ConfUtils.java:logGet(43)) - raft.server.leader.election.timeout = 120s (custom)
2019-08-27 22:23:28,565 [pool-38-thread-1] INFO  server.RaftServerConfigKeys (ConfUtils.java:logGet(43)) - raft.server.log.use.memory = false (default)
2019-08-27 22:23:28,565 [pool-38-thread-1] INFO  server.RaftServerConfigKeys (ConfUtils.java:logGet(43)) - raft.server.log.purge.gap = 1000000 (custom)
2019-08-27 22:23:28,565 [pool-38-thread-1] INFO  server.RaftServerConfigKeys (ConfUtils.java:logGet(43)) - raft.server.log.appender.buffer.byte-limit = 33554432 (custom)
2019-08-27 22:23:28,565 [pool-38-thread-1] INFO  server.RaftServerConfigKeys (ConfUtils.java:logGet(43)) - raft.server.log.segment.size.max = 1048576 (custom)
2019-08-27 22:23:28,565 [pool-38-thread-1] INFO  server.RaftServerConfigKeys (ConfUtils.java:logGet(43)) - raft.server.log.segment.cache.num.max = 2 (custom)
2019-08-27 22:23:28,565 [pool-38-thread-1] INFO  segmented.SegmentedRaftLogWorker (SegmentedRaftLogWorker.java:<init>(172)) - new 12327982-2cfc-49eb-88eb-ac4a15a5feba-SegmentedRaftLogWorker:Storage Directory /workdir/hadoop-ozone/integration-test/target/test-dir/MiniOzoneClusterImpl-95eab390-6897-4658-a6ea-ece20233ae92/datanode-1/data/ratis/f8c5bcd1-7c8c-422e-b0d1-2ea01a0b64ba for RaftStorage:Storage Directory /workdir/hadoop-ozone/integration-test/target/test-dir/MiniOzoneClusterImpl-95eab390-6897-4658-a6ea-ece20233ae92/datanode-1/data/ratis/f8c5bcd1-7c8c-422e-b0d1-2ea01a0b64ba
2019-08-27 22:23:28,565 [pool-38-thread-1] INFO  server.RaftServerConfigKeys (ConfUtils.java:logGet(43)) - raft.server.log.queue.byte-limit = 2147483647 (custom)
2019-08-27 22:23:28,566 [pool-38-thread-1] INFO  server.RaftServerConfigKeys (ConfUtils.java:logGet(43)) - raft.server.log.queue.element-limit = 1024 (custom)
2019-08-27 22:23:28,566 [pool-38-thread-1] INFO  server.RaftServerConfigKeys (ConfUtils.java:logGet(43)) - raft.server.log.segment.size.max = 1048576 (custom)
2019-08-27 22:23:28,566 [pool-38-thread-1] INFO  server.RaftServerConfigKeys (ConfUtils.java:logGet(43)) - raft.server.log.preallocated.size = 16384 (custom)
2019-08-27 22:23:28,566 [pool-38-thread-1] INFO  server.RaftServerConfigKeys (ConfUtils.java:logGet(43)) - raft.server.log.write.buffer.size = 33554432 (custom)
2019-08-27 22:23:28,566 [pool-38-thread-1] INFO  server.RaftServerConfigKeys (ConfUtils.java:logGet(43)) - raft.server.log.force.sync.num = 128 (default)
2019-08-27 22:23:28,566 [pool-38-thread-1] INFO  server.RaftServerConfigKeys (ConfUtils.java:logGet(43)) - raft.server.log.statemachine.data.sync = true (default)
2019-08-27 22:23:28,566 [pool-38-thread-1] INFO  server.RaftServerConfigKeys (ConfUtils.java:logGet(43)) - raft.server.log.statemachine.data.sync.timeout = 10s (default)
2019-08-27 22:23:28,567 [pool-38-thread-1] INFO  server.RaftServerConfigKeys (ConfUtils.java:logGet(43)) - raft.server.log.statemachine.data.sync.timeout.retry = -1 (default)
2019-08-27 22:23:28,567 [pool-38-thread-1] INFO  server.RaftServerConfigKeys (ConfUtils.java:logGet(43)) - raft.server.log.statemachine.data.caching.enabled = true (custom)
2019-08-27 22:23:28,567 [pool-38-thread-1] INFO  segmented.SegmentedRaftLogWorker (SegmentedRaftLogWorker.java:lambda$new$0(132)) - 12327982-2cfc-49eb-88eb-ac4a15a5feba-SegmentedRaftLogWorker:Storage Directory /workdir/hadoop-ozone/integration-test/target/test-dir/MiniOzoneClusterImpl-95eab390-6897-4658-a6ea-ece20233ae92/datanode-1/data/ratis/f8c5bcd1-7c8c-422e-b0d1-2ea01a0b64ba: flushIndex: setUnconditionally 0 -> -1
2019-08-27 22:23:28,567 [pool-38-thread-1] INFO  server.RaftServerConfigKeys (ConfUtils.java:logGet(43)) - raft.server.snapshot.auto.trigger.enabled = true (custom)
2019-08-27 22:23:28,568 [pool-38-thread-1] INFO  server.RaftServerConfigKeys (ConfUtils.java:logGet(43)) - raft.server.snapshot.auto.trigger.threshold = 10000 (custom)
2019-08-27 22:23:28,568 [pool-38-thread-1] INFO  server.RaftServerConfigKeys (ConfUtils.java:logGet(43)) - raft.server.retrycache.expirytime = 600000ms (custom)
2019-08-27 22:23:28,568 [pool-38-thread-1] INFO  impl.RaftServerImpl (RaftServerImpl.java:start(180)) - 12327982-2cfc-49eb-88eb-ac4a15a5feba: start group-2EA01A0B64BA
2019-08-27 22:23:28,568 [pool-38-thread-1] INFO  impl.RaftServerImpl (RaftServerImpl.java:setRole(171)) - 12327982-2cfc-49eb-88eb-ac4a15a5feba:group-2EA01A0B64BA changes role from null to FOLLOWER at term 0 for startAsFollower
2019-08-27 22:23:28,568 [pool-38-thread-1] INFO  impl.RoleInfo (RoleInfo.java:updateAndGet(143)) - 12327982-2cfc-49eb-88eb-ac4a15a5feba: start FollowerState
2019-08-27 22:23:28,568 [pool-38-thread-1] INFO  util.JmxRegister (JmxRegister.java:tryRegister(44)) - Successfully registered JMX Bean with object name Ratis:service=RaftServer,group=group-2EA01A0B64BA,id=12327982-2cfc-49eb-88eb-ac4a15a5feba
2019-08-27 22:23:28,579 [RatisPipelineUtilsThread] INFO  pipeline.PipelineStateManager (PipelineStateManager.java:addPipeline(56)) - Created pipeline Pipeline[ Id: f8c5bcd1-7c8c-422e-b0d1-2ea01a0b64ba, Nodes: 12327982-2cfc-49eb-88eb-ac4a15a5feba{ip: 192.168.36.82, host: pr-hdds-1935-gfhxc-3829810507, networkLocation: /default-rack, certSerialId: null}, Type:RATIS, Factor:ONE, State:OPEN]
2019-08-27 22:23:28,599 [grpc-default-executor-0] INFO  impl.RaftServerProxy (RaftServerProxy.java:addNew(89)) - 0b502caa-68a2-4bb7-9994-f00c500cc251: addNew group-13C72E98E2A4:[0b502caa-68a2-4bb7-9994-f00c500cc251:192.168.36.82:43052] returns group-13C72E98E2A4:java.util.concurrent.CompletableFuture@523867f8[Not completed]
2019-08-27 22:23:28,603 [pool-93-thread-1] INFO  impl.RaftServerImpl (RaftServerImpl.java:<init>(93)) - 0b502caa-68a2-4bb7-9994-f00c500cc251: new RaftServerImpl for group-13C72E98E2A4:[0b502caa-68a2-4bb7-9994-f00c500cc251:192.168.36.82:43052] with ContainerStateMachine:uninitialized
2019-08-27 22:23:28,603 [pool-93-thread-1] INFO  server.RaftServerConfigKeys (ConfUtils.java:logGet(43)) - raft.server.rpc.timeout.min = 5s (custom)
2019-08-27 22:23:28,603 [pool-93-thread-1] INFO  server.RaftServerConfigKeys (ConfUtils.java:logGet(43)) - raft.server.rpc.timeout.max = 5200ms (custom)
2019-08-27 22:23:28,604 [pool-93-thread-1] INFO  server.RaftServerConfigKeys (ConfUtils.java:logGet(43)) - raft.server.rpcslowness.timeout = 120s (custom)
2019-08-27 22:23:28,604 [pool-93-thread-1] INFO  server.RaftServerConfigKeys (ConfUtils.java:logGet(43)) - raft.server.sleep.deviation.threshold = 300 (default)
2019-08-27 22:23:28,604 [pool-93-thread-1] INFO  server.RaftServerConfigKeys (ConfUtils.java:logGet(43)) - raft.server.log.appender.install.snapshot.enabled = false (custom)
2019-08-27 22:23:28,604 [pool-93-thread-1] INFO  impl.RaftServerImpl (ServerState.java:<init>(105)) - 0b502caa-68a2-4bb7-9994-f00c500cc251:group-13C72E98E2A4 ConfigurationManager, init=-1: [0b502caa-68a2-4bb7-9994-f00c500cc251:192.168.36.82:43052], old=null, confs=<EMPTY_MAP>
2019-08-27 22:23:28,604 [pool-93-thread-1] INFO  server.RaftServerConfigKeys (ConfUtils.java:logGet(43)) - raft.server.storage.dir = [/workdir/hadoop-ozone/integration-test/target/test-dir/MiniOzoneClusterImpl-95eab390-6897-4658-a6ea-ece20233ae92/datanode-6/data/ratis] (custom)
2019-08-27 22:23:28,604 [pool-93-thread-1] INFO  storage.RaftStorageDirectory (RaftStorageDirectory.java:analyzeStorage(246)) - The storage directory /workdir/hadoop-ozone/integration-test/target/test-dir/MiniOzoneClusterImpl-95eab390-6897-4658-a6ea-ece20233ae92/datanode-6/data/ratis/7073420e-a189-425e-912e-13c72e98e2a4 does not exist. Creating ...
2019-08-27 22:23:28,617 [pool-93-thread-1] INFO  storage.RaftStorageDirectory (RaftStorageDirectory.java:tryLock(328)) - Lock on /workdir/hadoop-ozone/integration-test/target/test-dir/MiniOzoneClusterImpl-95eab390-6897-4658-a6ea-ece20233ae92/datanode-6/data/ratis/7073420e-a189-425e-912e-13c72e98e2a4/in_use.lock acquired by nodename 22132@pr-hdds-1935-gfhxc-3829810507
2019-08-27 22:23:28,631 [pool-93-thread-1] INFO  storage.RaftStorage (RaftStorage.java:format(72)) - Storage directory /workdir/hadoop-ozone/integration-test/target/test-dir/MiniOzoneClusterImpl-95eab390-6897-4658-a6ea-ece20233ae92/datanode-6/data/ratis/7073420e-a189-425e-912e-13c72e98e2a4 has been successfully formatted.
2019-08-27 22:23:28,631 [pool-93-thread-1] INFO  ratis.ContainerStateMachine (ContainerStateMachine.java:loadSnapshot(226)) - group-13C72E98E2A4: The snapshot info is null. Setting the last applied indexto:(t:0, i:~)
2019-08-27 22:23:28,631 [pool-93-thread-1] INFO  server.RaftServerConfigKeys (ConfUtils.java:logGet(43)) - raft.server.leader.election.timeout = 120s (custom)
2019-08-27 22:23:28,631 [pool-93-thread-1] INFO  server.RaftServerConfigKeys (ConfUtils.java:logGet(43)) - raft.server.log.use.memory = false (default)
2019-08-27 22:23:28,631 [pool-93-thread-1] INFO  server.RaftServerConfigKeys (ConfUtils.java:logGet(43)) - raft.server.log.purge.gap = 1000000 (custom)
2019-08-27 22:23:28,632 [pool-93-thread-1] INFO  server.RaftServerConfigKeys (ConfUtils.java:logGet(43)) - raft.server.log.appender.buffer.byte-limit = 33554432 (custom)
2019-08-27 22:23:28,632 [pool-93-thread-1] INFO  server.RaftServerConfigKeys (ConfUtils.java:logGet(43)) - raft.server.log.segment.size.max = 1048576 (custom)
2019-08-27 22:23:28,632 [pool-93-thread-1] INFO  server.RaftServerConfigKeys (ConfUtils.java:logGet(43)) - raft.server.log.segment.cache.num.max = 2 (custom)
2019-08-27 22:23:28,632 [pool-93-thread-1] INFO  segmented.SegmentedRaftLogWorker (SegmentedRaftLogWorker.java:<init>(172)) - new 0b502caa-68a2-4bb7-9994-f00c500cc251-SegmentedRaftLogWorker:Storage Directory /workdir/hadoop-ozone/integration-test/target/test-dir/MiniOzoneClusterImpl-95eab390-6897-4658-a6ea-ece20233ae92/datanode-6/data/ratis/7073420e-a189-425e-912e-13c72e98e2a4 for RaftStorage:Storage Directory /workdir/hadoop-ozone/integration-test/target/test-dir/MiniOzoneClusterImpl-95eab390-6897-4658-a6ea-ece20233ae92/datanode-6/data/ratis/7073420e-a189-425e-912e-13c72e98e2a4
2019-08-27 22:23:28,632 [pool-93-thread-1] INFO  server.RaftServerConfigKeys (ConfUtils.java:logGet(43)) - raft.server.log.queue.byte-limit = 2147483647 (custom)
2019-08-27 22:23:28,632 [pool-93-thread-1] INFO  server.RaftServerConfigKeys (ConfUtils.java:logGet(43)) - raft.server.log.queue.element-limit = 1024 (custom)
2019-08-27 22:23:28,632 [pool-93-thread-1] INFO  server.RaftServerConfigKeys (ConfUtils.java:logGet(43)) - raft.server.log.segment.size.max = 1048576 (custom)
2019-08-27 22:23:28,633 [pool-93-thread-1] INFO  server.RaftServerConfigKeys (ConfUtils.java:logGet(43)) - raft.server.log.preallocated.size = 16384 (custom)
2019-08-27 22:23:28,633 [pool-93-thread-1] INFO  server.RaftServerConfigKeys (ConfUtils.java:logGet(43)) - raft.server.log.write.buffer.size = 33554432 (custom)
2019-08-27 22:23:28,633 [pool-93-thread-1] INFO  server.RaftServerConfigKeys (ConfUtils.java:logGet(43)) - raft.server.log.force.sync.num = 128 (default)
2019-08-27 22:23:28,633 [pool-93-thread-1] INFO  server.RaftServerConfigKeys (ConfUtils.java:logGet(43)) - raft.server.log.statemachine.data.sync = true (default)
2019-08-27 22:23:28,633 [pool-93-thread-1] INFO  server.RaftServerConfigKeys (ConfUtils.java:logGet(43)) - raft.server.log.statemachine.data.sync.timeout = 10s (default)
2019-08-27 22:23:28,633 [pool-93-thread-1] INFO  server.RaftServerConfigKeys (ConfUtils.java:logGet(43)) - raft.server.log.statemachine.data.sync.timeout.retry = -1 (default)
2019-08-27 22:23:28,633 [pool-93-thread-1] INFO  server.RaftServerConfigKeys (ConfUtils.java:logGet(43)) - raft.server.log.statemachine.data.caching.enabled = true (custom)
2019-08-27 22:23:28,634 [pool-93-thread-1] INFO  segmented.SegmentedRaftLogWorker (SegmentedRaftLogWorker.java:lambda$new$0(132)) - 0b502caa-68a2-4bb7-9994-f00c500cc251-SegmentedRaftLogWorker:Storage Directory /workdir/hadoop-ozone/integration-test/target/test-dir/MiniOzoneClusterImpl-95eab390-6897-4658-a6ea-ece20233ae92/datanode-6/data/ratis/7073420e-a189-425e-912e-13c72e98e2a4: flushIndex: setUnconditionally 0 -> -1
2019-08-27 22:23:28,634 [pool-93-thread-1] INFO  server.RaftServerConfigKeys (ConfUtils.java:logGet(43)) - raft.server.snapshot.auto.trigger.enabled = true (custom)
2019-08-27 22:23:28,634 [pool-93-thread-1] INFO  server.RaftServerConfigKeys (ConfUtils.java:logGet(43)) - raft.server.snapshot.auto.trigger.threshold = 10000 (custom)
2019-08-27 22:23:28,634 [pool-93-thread-1] INFO  server.RaftServerConfigKeys (ConfUtils.java:logGet(43)) - raft.server.retrycache.expirytime = 600000ms (custom)
2019-08-27 22:23:28,634 [pool-93-thread-1] INFO  impl.RaftServerImpl (RaftServerImpl.java:start(180)) - 0b502caa-68a2-4bb7-9994-f00c500cc251: start group-13C72E98E2A4
2019-08-27 22:23:28,634 [pool-93-thread-1] INFO  impl.RaftServerImpl (RaftServerImpl.java:setRole(171)) - 0b502caa-68a2-4bb7-9994-f00c500cc251:group-13C72E98E2A4 changes role from null to FOLLOWER at term 0 for startAsFollower
2019-08-27 22:23:28,634 [pool-93-thread-1] INFO  impl.RoleInfo (RoleInfo.java:updateAndGet(143)) - 0b502caa-68a2-4bb7-9994-f00c500cc251: start FollowerState
2019-08-27 22:23:28,635 [pool-93-thread-1] INFO  util.JmxRegister (JmxRegister.java:tryRegister(44)) - Successfully registered JMX Bean with object name Ratis:service=RaftServer,group=group-13C72E98E2A4,id=0b502caa-68a2-4bb7-9994-f00c500cc251
2019-08-27 22:23:28,645 [RatisPipelineUtilsThread] INFO  pipeline.PipelineStateManager (PipelineStateManager.java:addPipeline(56)) - Created pipeline Pipeline[ Id: 7073420e-a189-425e-912e-13c72e98e2a4, Nodes: 0b502caa-68a2-4bb7-9994-f00c500cc251{ip: 192.168.36.82, host: pr-hdds-1935-gfhxc-3829810507, networkLocation: /default-rack, certSerialId: null}, Type:RATIS, Factor:ONE, State:OPEN]
2019-08-27 22:23:28,662 [grpc-default-executor-0] INFO  impl.RaftServerProxy (RaftServerProxy.java:addNew(89)) - d53517dc-e0e6-4c77-a67f-13acdc2df14a: addNew group-F273F80E8B0C:[d53517dc-e0e6-4c77-a67f-13acdc2df14a:192.168.36.82:39318] returns group-F273F80E8B0C:java.util.concurrent.CompletableFuture@5cf16867[Not completed]
2019-08-27 22:23:28,666 [pool-82-thread-1] INFO  impl.RaftServerImpl (RaftServerImpl.java:<init>(93)) - d53517dc-e0e6-4c77-a67f-13acdc2df14a: new RaftServerImpl for group-F273F80E8B0C:[d53517dc-e0e6-4c77-a67f-13acdc2df14a:192.168.36.82:39318] with ContainerStateMachine:uninitialized
2019-08-27 22:23:28,666 [pool-82-thread-1] INFO  server.RaftServerConfigKeys (ConfUtils.java:logGet(43)) - raft.server.rpc.timeout.min = 5s (custom)
2019-08-27 22:23:28,666 [pool-82-thread-1] INFO  server.RaftServerConfigKeys (ConfUtils.java:logGet(43)) - raft.server.rpc.timeout.max = 5200ms (custom)
2019-08-27 22:23:28,666 [pool-82-thread-1] INFO  server.RaftServerConfigKeys (ConfUtils.java:logGet(43)) - raft.server.rpcslowness.timeout = 120s (custom)
2019-08-27 22:23:28,667 [pool-82-thread-1] INFO  server.RaftServerConfigKeys (ConfUtils.java:logGet(43)) - raft.server.sleep.deviation.threshold = 300 (default)
2019-08-27 22:23:28,667 [pool-82-thread-1] INFO  server.RaftServerConfigKeys (ConfUtils.java:logGet(43)) - raft.server.log.appender.install.snapshot.enabled = false (custom)
2019-08-27 22:23:28,667 [pool-82-thread-1] INFO  impl.RaftServerImpl (ServerState.java:<init>(105)) - d53517dc-e0e6-4c77-a67f-13acdc2df14a:group-F273F80E8B0C ConfigurationManager, init=-1: [d53517dc-e0e6-4c77-a67f-13acdc2df14a:192.168.36.82:39318], old=null, confs=<EMPTY_MAP>
2019-08-27 22:23:28,667 [pool-82-thread-1] INFO  server.RaftServerConfigKeys (ConfUtils.java:logGet(43)) - raft.server.storage.dir = [/workdir/hadoop-ozone/integration-test/target/test-dir/MiniOzoneClusterImpl-95eab390-6897-4658-a6ea-ece20233ae92/datanode-5/data/ratis] (custom)
2019-08-27 22:23:28,667 [pool-82-thread-1] INFO  storage.RaftStorageDirectory (RaftStorageDirectory.java:analyzeStorage(246)) - The storage directory /workdir/hadoop-ozone/integration-test/target/test-dir/MiniOzoneClusterImpl-95eab390-6897-4658-a6ea-ece20233ae92/datanode-5/data/ratis/2d65f282-d740-48ac-b29e-f273f80e8b0c does not exist. Creating ...
2019-08-27 22:23:28,680 [pool-82-thread-1] INFO  storage.RaftStorageDirectory (RaftStorageDirectory.java:tryLock(328)) - Lock on /workdir/hadoop-ozone/integration-test/target/test-dir/MiniOzoneClusterImpl-95eab390-6897-4658-a6ea-ece20233ae92/datanode-5/data/ratis/2d65f282-d740-48ac-b29e-f273f80e8b0c/in_use.lock acquired by nodename 22132@pr-hdds-1935-gfhxc-3829810507
2019-08-27 22:23:28,686 | INFO  | SCMAudit | user=jenkins1000 | ip=192.168.36.82 | op=SEND_HEARTBEAT {datanodeUUID=12327982-2cfc-49eb-88eb-ac4a15a5feba, command=[]} | ret=SUCCESS |  
2019-08-27 22:23:28,693 [pool-82-thread-1] INFO  storage.RaftStorage (RaftStorage.java:format(72)) - Storage directory /workdir/hadoop-ozone/integration-test/target/test-dir/MiniOzoneClusterImpl-95eab390-6897-4658-a6ea-ece20233ae92/datanode-5/data/ratis/2d65f282-d740-48ac-b29e-f273f80e8b0c has been successfully formatted.
2019-08-27 22:23:28,693 [pool-82-thread-1] INFO  ratis.ContainerStateMachine (ContainerStateMachine.java:loadSnapshot(226)) - group-F273F80E8B0C: The snapshot info is null. Setting the last applied indexto:(t:0, i:~)
2019-08-27 22:23:28,694 [pool-82-thread-1] INFO  server.RaftServerConfigKeys (ConfUtils.java:logGet(43)) - raft.server.leader.election.timeout = 120s (custom)
2019-08-27 22:23:28,694 [pool-82-thread-1] INFO  server.RaftServerConfigKeys (ConfUtils.java:logGet(43)) - raft.server.log.use.memory = false (default)
2019-08-27 22:23:28,694 [pool-82-thread-1] INFO  server.RaftServerConfigKeys (ConfUtils.java:logGet(43)) - raft.server.log.purge.gap = 1000000 (custom)
2019-08-27 22:23:28,694 [pool-82-thread-1] INFO  server.RaftServerConfigKeys (ConfUtils.java:logGet(43)) - raft.server.log.appender.buffer.byte-limit = 33554432 (custom)
2019-08-27 22:23:28,694 [pool-82-thread-1] INFO  server.RaftServerConfigKeys (ConfUtils.java:logGet(43)) - raft.server.log.segment.size.max = 1048576 (custom)
2019-08-27 22:23:28,694 [pool-82-thread-1] INFO  server.RaftServerConfigKeys (ConfUtils.java:logGet(43)) - raft.server.log.segment.cache.num.max = 2 (custom)
2019-08-27 22:23:28,694 [pool-82-thread-1] INFO  segmented.SegmentedRaftLogWorker (SegmentedRaftLogWorker.java:<init>(172)) - new d53517dc-e0e6-4c77-a67f-13acdc2df14a-SegmentedRaftLogWorker:Storage Directory /workdir/hadoop-ozone/integration-test/target/test-dir/MiniOzoneClusterImpl-95eab390-6897-4658-a6ea-ece20233ae92/datanode-5/data/ratis/2d65f282-d740-48ac-b29e-f273f80e8b0c for RaftStorage:Storage Directory /workdir/hadoop-ozone/integration-test/target/test-dir/MiniOzoneClusterImpl-95eab390-6897-4658-a6ea-ece20233ae92/datanode-5/data/ratis/2d65f282-d740-48ac-b29e-f273f80e8b0c
2019-08-27 22:23:28,695 [pool-82-thread-1] INFO  server.RaftServerConfigKeys (ConfUtils.java:logGet(43)) - raft.server.log.queue.byte-limit = 2147483647 (custom)
2019-08-27 22:23:28,695 [pool-82-thread-1] INFO  server.RaftServerConfigKeys (ConfUtils.java:logGet(43)) - raft.server.log.queue.element-limit = 1024 (custom)
2019-08-27 22:23:28,695 [pool-82-thread-1] INFO  server.RaftServerConfigKeys (ConfUtils.java:logGet(43)) - raft.server.log.segment.size.max = 1048576 (custom)
2019-08-27 22:23:28,695 [pool-82-thread-1] INFO  server.RaftServerConfigKeys (ConfUtils.java:logGet(43)) - raft.server.log.preallocated.size = 16384 (custom)
2019-08-27 22:23:28,695 [pool-82-thread-1] INFO  server.RaftServerConfigKeys (ConfUtils.java:logGet(43)) - raft.server.log.write.buffer.size = 33554432 (custom)
2019-08-27 22:23:28,695 [pool-82-thread-1] INFO  server.RaftServerConfigKeys (ConfUtils.java:logGet(43)) - raft.server.log.force.sync.num = 128 (default)
2019-08-27 22:23:28,695 [pool-82-thread-1] INFO  server.RaftServerConfigKeys (ConfUtils.java:logGet(43)) - raft.server.log.statemachine.data.sync = true (default)
2019-08-27 22:23:28,695 [pool-82-thread-1] INFO  server.RaftServerConfigKeys (ConfUtils.java:logGet(43)) - raft.server.log.statemachine.data.sync.timeout = 10s (default)
2019-08-27 22:23:28,696 [pool-82-thread-1] INFO  server.RaftServerConfigKeys (ConfUtils.java:logGet(43)) - raft.server.log.statemachine.data.sync.timeout.retry = -1 (default)
2019-08-27 22:23:28,696 [pool-82-thread-1] INFO  server.RaftServerConfigKeys (ConfUtils.java:logGet(43)) - raft.server.log.statemachine.data.caching.enabled = true (custom)
2019-08-27 22:23:28,696 [pool-82-thread-1] INFO  segmented.SegmentedRaftLogWorker (SegmentedRaftLogWorker.java:lambda$new$0(132)) - d53517dc-e0e6-4c77-a67f-13acdc2df14a-SegmentedRaftLogWorker:Storage Directory /workdir/hadoop-ozone/integration-test/target/test-dir/MiniOzoneClusterImpl-95eab390-6897-4658-a6ea-ece20233ae92/datanode-5/data/ratis/2d65f282-d740-48ac-b29e-f273f80e8b0c: flushIndex: setUnconditionally 0 -> -1
2019-08-27 22:23:28,696 [pool-82-thread-1] INFO  server.RaftServerConfigKeys (ConfUtils.java:logGet(43)) - raft.server.snapshot.auto.trigger.enabled = true (custom)
2019-08-27 22:23:28,696 [pool-82-thread-1] INFO  server.RaftServerConfigKeys (ConfUtils.java:logGet(43)) - raft.server.snapshot.auto.trigger.threshold = 10000 (custom)
2019-08-27 22:23:28,697 [pool-82-thread-1] INFO  server.RaftServerConfigKeys (ConfUtils.java:logGet(43)) - raft.server.retrycache.expirytime = 600000ms (custom)
2019-08-27 22:23:28,697 [pool-82-thread-1] INFO  impl.RaftServerImpl (RaftServerImpl.java:start(180)) - d53517dc-e0e6-4c77-a67f-13acdc2df14a: start group-F273F80E8B0C
2019-08-27 22:23:28,697 [pool-82-thread-1] INFO  impl.RaftServerImpl (RaftServerImpl.java:setRole(171)) - d53517dc-e0e6-4c77-a67f-13acdc2df14a:group-F273F80E8B0C changes role from null to FOLLOWER at term 0 for startAsFollower
2019-08-27 22:23:28,697 [pool-82-thread-1] INFO  impl.RoleInfo (RoleInfo.java:updateAndGet(143)) - d53517dc-e0e6-4c77-a67f-13acdc2df14a: start FollowerState
2019-08-27 22:23:28,697 [pool-82-thread-1] INFO  util.JmxRegister (JmxRegister.java:tryRegister(44)) - Successfully registered JMX Bean with object name Ratis:service=RaftServer,group=group-F273F80E8B0C,id=d53517dc-e0e6-4c77-a67f-13acdc2df14a
2019-08-27 22:23:28,713 [RatisPipelineUtilsThread] INFO  pipeline.PipelineStateManager (PipelineStateManager.java:addPipeline(56)) - Created pipeline Pipeline[ Id: 2d65f282-d740-48ac-b29e-f273f80e8b0c, Nodes: d53517dc-e0e6-4c77-a67f-13acdc2df14a{ip: 192.168.36.82, host: pr-hdds-1935-gfhxc-3829810507, networkLocation: /default-rack, certSerialId: null}, Type:RATIS, Factor:ONE, State:OPEN]
2019-08-27 22:23:28,740 [grpc-default-executor-1] INFO  impl.RaftServerProxy (RaftServerProxy.java:addNew(89)) - dc270109-534b-4ffd-b69c-da4013a4da15: addNew group-363EE032ACEC:[dc270109-534b-4ffd-b69c-da4013a4da15:192.168.36.82:41537, 25145613-3fa0-4f0b-9038-78eecb7deae6:192.168.36.82:35339, c9d78582-bde6-4b5f-a9c8-bcd79938bedf:192.168.36.82:40804] returns group-363EE032ACEC:java.util.concurrent.CompletableFuture@61616054[Not completed]
2019-08-27 22:23:28,740 [grpc-default-executor-2] INFO  impl.RaftServerProxy (RaftServerProxy.java:addNew(89)) - c9d78582-bde6-4b5f-a9c8-bcd79938bedf: addNew group-363EE032ACEC:[dc270109-534b-4ffd-b69c-da4013a4da15:192.168.36.82:41537, 25145613-3fa0-4f0b-9038-78eecb7deae6:192.168.36.82:35339, c9d78582-bde6-4b5f-a9c8-bcd79938bedf:192.168.36.82:40804] returns group-363EE032ACEC:java.util.concurrent.CompletableFuture@360440e0[Not completed]
2019-08-27 22:23:28,742 [grpc-default-executor-0] INFO  impl.RaftServerProxy (RaftServerProxy.java:addNew(89)) - 25145613-3fa0-4f0b-9038-78eecb7deae6: addNew group-363EE032ACEC:[dc270109-534b-4ffd-b69c-da4013a4da15:192.168.36.82:41537, 25145613-3fa0-4f0b-9038-78eecb7deae6:192.168.36.82:35339, c9d78582-bde6-4b5f-a9c8-bcd79938bedf:192.168.36.82:40804] returns group-363EE032ACEC:java.util.concurrent.CompletableFuture@27abf726[Not completed]
2019-08-27 22:23:28,742 [pool-60-thread-1] INFO  impl.RaftServerImpl (RaftServerImpl.java:<init>(93)) - dc270109-534b-4ffd-b69c-da4013a4da15: new RaftServerImpl for group-363EE032ACEC:[dc270109-534b-4ffd-b69c-da4013a4da15:192.168.36.82:41537, 25145613-3fa0-4f0b-9038-78eecb7deae6:192.168.36.82:35339, c9d78582-bde6-4b5f-a9c8-bcd79938bedf:192.168.36.82:40804] with ContainerStateMachine:uninitialized
2019-08-27 22:23:28,742 [pool-60-thread-1] INFO  server.RaftServerConfigKeys (ConfUtils.java:logGet(43)) - raft.server.rpc.timeout.min = 5s (custom)
2019-08-27 22:23:28,742 [pool-60-thread-1] INFO  server.RaftServerConfigKeys (ConfUtils.java:logGet(43)) - raft.server.rpc.timeout.max = 5200ms (custom)
2019-08-27 22:23:28,743 [pool-60-thread-1] INFO  server.RaftServerConfigKeys (ConfUtils.java:logGet(43)) - raft.server.rpcslowness.timeout = 120s (custom)
2019-08-27 22:23:28,743 [pool-60-thread-1] INFO  server.RaftServerConfigKeys (ConfUtils.java:logGet(43)) - raft.server.sleep.deviation.threshold = 300 (default)
2019-08-27 22:23:28,743 [pool-60-thread-1] INFO  server.RaftServerConfigKeys (ConfUtils.java:logGet(43)) - raft.server.log.appender.install.snapshot.enabled = false (custom)
2019-08-27 22:23:28,743 [pool-71-thread-1] INFO  impl.RaftServerImpl (RaftServerImpl.java:<init>(93)) - 25145613-3fa0-4f0b-9038-78eecb7deae6: new RaftServerImpl for group-363EE032ACEC:[dc270109-534b-4ffd-b69c-da4013a4da15:192.168.36.82:41537, 25145613-3fa0-4f0b-9038-78eecb7deae6:192.168.36.82:35339, c9d78582-bde6-4b5f-a9c8-bcd79938bedf:192.168.36.82:40804] with ContainerStateMachine:uninitialized
2019-08-27 22:23:28,743 [pool-60-thread-1] INFO  impl.RaftServerImpl (ServerState.java:<init>(105)) - dc270109-534b-4ffd-b69c-da4013a4da15:group-363EE032ACEC ConfigurationManager, init=-1: [dc270109-534b-4ffd-b69c-da4013a4da15:192.168.36.82:41537, 25145613-3fa0-4f0b-9038-78eecb7deae6:192.168.36.82:35339, c9d78582-bde6-4b5f-a9c8-bcd79938bedf:192.168.36.82:40804], old=null, confs=<EMPTY_MAP>
2019-08-27 22:23:28,743 [pool-71-thread-1] INFO  server.RaftServerConfigKeys (ConfUtils.java:logGet(43)) - raft.server.rpc.timeout.min = 5s (custom)
2019-08-27 22:23:28,743 [pool-60-thread-1] INFO  server.RaftServerConfigKeys (ConfUtils.java:logGet(43)) - raft.server.storage.dir = [/workdir/hadoop-ozone/integration-test/target/test-dir/MiniOzoneClusterImpl-95eab390-6897-4658-a6ea-ece20233ae92/datanode-3/data/ratis] (custom)
2019-08-27 22:23:28,743 [pool-71-thread-1] INFO  server.RaftServerConfigKeys (ConfUtils.java:logGet(43)) - raft.server.rpc.timeout.max = 5200ms (custom)
2019-08-27 22:23:28,743 [pool-49-thread-1] INFO  impl.RaftServerImpl (RaftServerImpl.java:<init>(93)) - c9d78582-bde6-4b5f-a9c8-bcd79938bedf: new RaftServerImpl for group-363EE032ACEC:[dc270109-534b-4ffd-b69c-da4013a4da15:192.168.36.82:41537, 25145613-3fa0-4f0b-9038-78eecb7deae6:192.168.36.82:35339, c9d78582-bde6-4b5f-a9c8-bcd79938bedf:192.168.36.82:40804] with ContainerStateMachine:uninitialized
2019-08-27 22:23:28,743 [pool-71-thread-1] INFO  server.RaftServerConfigKeys (ConfUtils.java:logGet(43)) - raft.server.rpcslowness.timeout = 120s (custom)
2019-08-27 22:23:28,743 [pool-49-thread-1] INFO  server.RaftServerConfigKeys (ConfUtils.java:logGet(43)) - raft.server.rpc.timeout.min = 5s (custom)
2019-08-27 22:23:28,743 [pool-71-thread-1] INFO  server.RaftServerConfigKeys (ConfUtils.java:logGet(43)) - raft.server.sleep.deviation.threshold = 300 (default)
2019-08-27 22:23:28,743 [pool-60-thread-1] INFO  storage.RaftStorageDirectory (RaftStorageDirectory.java:analyzeStorage(246)) - The storage directory /workdir/hadoop-ozone/integration-test/target/test-dir/MiniOzoneClusterImpl-95eab390-6897-4658-a6ea-ece20233ae92/datanode-3/data/ratis/203d4e89-048f-4390-91aa-363ee032acec does not exist. Creating ...
2019-08-27 22:23:28,744 [pool-71-thread-1] INFO  server.RaftServerConfigKeys (ConfUtils.java:logGet(43)) - raft.server.log.appender.install.snapshot.enabled = false (custom)
2019-08-27 22:23:28,743 [pool-49-thread-1] INFO  server.RaftServerConfigKeys (ConfUtils.java:logGet(43)) - raft.server.rpc.timeout.max = 5200ms (custom)
2019-08-27 22:23:28,744 [pool-71-thread-1] INFO  impl.RaftServerImpl (ServerState.java:<init>(105)) - 25145613-3fa0-4f0b-9038-78eecb7deae6:group-363EE032ACEC ConfigurationManager, init=-1: [dc270109-534b-4ffd-b69c-da4013a4da15:192.168.36.82:41537, 25145613-3fa0-4f0b-9038-78eecb7deae6:192.168.36.82:35339, c9d78582-bde6-4b5f-a9c8-bcd79938bedf:192.168.36.82:40804], old=null, confs=<EMPTY_MAP>
2019-08-27 22:23:28,744 [pool-49-thread-1] INFO  server.RaftServerConfigKeys (ConfUtils.java:logGet(43)) - raft.server.rpcslowness.timeout = 120s (custom)
2019-08-27 22:23:28,744 [pool-71-thread-1] INFO  server.RaftServerConfigKeys (ConfUtils.java:logGet(43)) - raft.server.storage.dir = [/workdir/hadoop-ozone/integration-test/target/test-dir/MiniOzoneClusterImpl-95eab390-6897-4658-a6ea-ece20233ae92/datanode-4/data/ratis] (custom)
2019-08-27 22:23:28,744 [pool-49-thread-1] INFO  server.RaftServerConfigKeys (ConfUtils.java:logGet(43)) - raft.server.sleep.deviation.threshold = 300 (default)
2019-08-27 22:23:28,744 [pool-49-thread-1] INFO  server.RaftServerConfigKeys (ConfUtils.java:logGet(43)) - raft.server.log.appender.install.snapshot.enabled = false (custom)
2019-08-27 22:23:28,744 [pool-71-thread-1] INFO  storage.RaftStorageDirectory (RaftStorageDirectory.java:analyzeStorage(246)) - The storage directory /workdir/hadoop-ozone/integration-test/target/test-dir/MiniOzoneClusterImpl-95eab390-6897-4658-a6ea-ece20233ae92/datanode-4/data/ratis/203d4e89-048f-4390-91aa-363ee032acec does not exist. Creating ...
2019-08-27 22:23:28,744 [pool-49-thread-1] INFO  impl.RaftServerImpl (ServerState.java:<init>(105)) - c9d78582-bde6-4b5f-a9c8-bcd79938bedf:group-363EE032ACEC ConfigurationManager, init=-1: [dc270109-534b-4ffd-b69c-da4013a4da15:192.168.36.82:41537, 25145613-3fa0-4f0b-9038-78eecb7deae6:192.168.36.82:35339, c9d78582-bde6-4b5f-a9c8-bcd79938bedf:192.168.36.82:40804], old=null, confs=<EMPTY_MAP>
2019-08-27 22:23:28,744 [pool-49-thread-1] INFO  server.RaftServerConfigKeys (ConfUtils.java:logGet(43)) - raft.server.storage.dir = [/workdir/hadoop-ozone/integration-test/target/test-dir/MiniOzoneClusterImpl-95eab390-6897-4658-a6ea-ece20233ae92/datanode-2/data/ratis] (custom)
2019-08-27 22:23:28,745 [pool-49-thread-1] INFO  storage.RaftStorageDirectory (RaftStorageDirectory.java:analyzeStorage(246)) - The storage directory /workdir/hadoop-ozone/integration-test/target/test-dir/MiniOzoneClusterImpl-95eab390-6897-4658-a6ea-ece20233ae92/datanode-2/data/ratis/203d4e89-048f-4390-91aa-363ee032acec does not exist. Creating ...
2019-08-27 22:23:28,757 [pool-49-thread-1] INFO  storage.RaftStorageDirectory (RaftStorageDirectory.java:tryLock(328)) - Lock on /workdir/hadoop-ozone/integration-test/target/test-dir/MiniOzoneClusterImpl-95eab390-6897-4658-a6ea-ece20233ae92/datanode-2/data/ratis/203d4e89-048f-4390-91aa-363ee032acec/in_use.lock acquired by nodename 22132@pr-hdds-1935-gfhxc-3829810507
2019-08-27 22:23:28,757 [pool-60-thread-1] INFO  storage.RaftStorageDirectory (RaftStorageDirectory.java:tryLock(328)) - Lock on /workdir/hadoop-ozone/integration-test/target/test-dir/MiniOzoneClusterImpl-95eab390-6897-4658-a6ea-ece20233ae92/datanode-3/data/ratis/203d4e89-048f-4390-91aa-363ee032acec/in_use.lock acquired by nodename 22132@pr-hdds-1935-gfhxc-3829810507
2019-08-27 22:23:28,757 [pool-71-thread-1] INFO  storage.RaftStorageDirectory (RaftStorageDirectory.java:tryLock(328)) - Lock on /workdir/hadoop-ozone/integration-test/target/test-dir/MiniOzoneClusterImpl-95eab390-6897-4658-a6ea-ece20233ae92/datanode-4/data/ratis/203d4e89-048f-4390-91aa-363ee032acec/in_use.lock acquired by nodename 22132@pr-hdds-1935-gfhxc-3829810507
2019-08-27 22:23:28,771 [pool-71-thread-1] INFO  storage.RaftStorage (RaftStorage.java:format(72)) - Storage directory /workdir/hadoop-ozone/integration-test/target/test-dir/MiniOzoneClusterImpl-95eab390-6897-4658-a6ea-ece20233ae92/datanode-4/data/ratis/203d4e89-048f-4390-91aa-363ee032acec has been successfully formatted.
2019-08-27 22:23:28,771 [pool-60-thread-1] INFO  storage.RaftStorage (RaftStorage.java:format(72)) - Storage directory /workdir/hadoop-ozone/integration-test/target/test-dir/MiniOzoneClusterImpl-95eab390-6897-4658-a6ea-ece20233ae92/datanode-3/data/ratis/203d4e89-048f-4390-91aa-363ee032acec has been successfully formatted.
2019-08-27 22:23:28,771 [pool-49-thread-1] INFO  storage.RaftStorage (RaftStorage.java:format(72)) - Storage directory /workdir/hadoop-ozone/integration-test/target/test-dir/MiniOzoneClusterImpl-95eab390-6897-4658-a6ea-ece20233ae92/datanode-2/data/ratis/203d4e89-048f-4390-91aa-363ee032acec has been successfully formatted.
2019-08-27 22:23:28,771 [pool-71-thread-1] INFO  ratis.ContainerStateMachine (ContainerStateMachine.java:loadSnapshot(226)) - group-363EE032ACEC: The snapshot info is null. Setting the last applied indexto:(t:0, i:~)
2019-08-27 22:23:28,771 [pool-60-thread-1] INFO  ratis.ContainerStateMachine (ContainerStateMachine.java:loadSnapshot(226)) - group-363EE032ACEC: The snapshot info is null. Setting the last applied indexto:(t:0, i:~)
2019-08-27 22:23:28,771 [pool-71-thread-1] INFO  server.RaftServerConfigKeys (ConfUtils.java:logGet(43)) - raft.server.leader.election.timeout = 120s (custom)
2019-08-27 22:23:28,771 [pool-49-thread-1] INFO  ratis.ContainerStateMachine (ContainerStateMachine.java:loadSnapshot(226)) - group-363EE032ACEC: The snapshot info is null. Setting the last applied indexto:(t:0, i:~)
2019-08-27 22:23:28,772 [pool-71-thread-1] INFO  server.RaftServerConfigKeys (ConfUtils.java:logGet(43)) - raft.server.log.use.memory = false (default)
2019-08-27 22:23:28,771 [pool-60-thread-1] INFO  server.RaftServerConfigKeys (ConfUtils.java:logGet(43)) - raft.server.leader.election.timeout = 120s (custom)
2019-08-27 22:23:28,772 [pool-71-thread-1] INFO  server.RaftServerConfigKeys (ConfUtils.java:logGet(43)) - raft.server.log.purge.gap = 1000000 (custom)
2019-08-27 22:23:28,772 [pool-49-thread-1] INFO  server.RaftServerConfigKeys (ConfUtils.java:logGet(43)) - raft.server.leader.election.timeout = 120s (custom)
2019-08-27 22:23:28,772 [pool-49-thread-1] INFO  server.RaftServerConfigKeys (ConfUtils.java:logGet(43)) - raft.server.log.use.memory = false (default)
2019-08-27 22:23:28,772 [pool-71-thread-1] INFO  server.RaftServerConfigKeys (ConfUtils.java:logGet(43)) - raft.server.log.appender.buffer.byte-limit = 33554432 (custom)
2019-08-27 22:23:28,772 [pool-60-thread-1] INFO  server.RaftServerConfigKeys (ConfUtils.java:logGet(43)) - raft.server.log.use.memory = false (default)
2019-08-27 22:23:28,772 [pool-71-thread-1] INFO  server.RaftServerConfigKeys (ConfUtils.java:logGet(43)) - raft.server.log.segment.size.max = 1048576 (custom)
2019-08-27 22:23:28,772 [pool-49-thread-1] INFO  server.RaftServerConfigKeys (ConfUtils.java:logGet(43)) - raft.server.log.purge.gap = 1000000 (custom)
2019-08-27 22:23:28,772 [pool-71-thread-1] INFO  server.RaftServerConfigKeys (ConfUtils.java:logGet(43)) - raft.server.log.segment.cache.num.max = 2 (custom)
2019-08-27 22:23:28,772 [pool-60-thread-1] INFO  server.RaftServerConfigKeys (ConfUtils.java:logGet(43)) - raft.server.log.purge.gap = 1000000 (custom)
2019-08-27 22:23:28,773 [pool-71-thread-1] INFO  segmented.SegmentedRaftLogWorker (SegmentedRaftLogWorker.java:<init>(172)) - new 25145613-3fa0-4f0b-9038-78eecb7deae6-SegmentedRaftLogWorker:Storage Directory /workdir/hadoop-ozone/integration-test/target/test-dir/MiniOzoneClusterImpl-95eab390-6897-4658-a6ea-ece20233ae92/datanode-4/data/ratis/203d4e89-048f-4390-91aa-363ee032acec for RaftStorage:Storage Directory /workdir/hadoop-ozone/integration-test/target/test-dir/MiniOzoneClusterImpl-95eab390-6897-4658-a6ea-ece20233ae92/datanode-4/data/ratis/203d4e89-048f-4390-91aa-363ee032acec
2019-08-27 22:23:28,772 [pool-49-thread-1] INFO  server.RaftServerConfigKeys (ConfUtils.java:logGet(43)) - raft.server.log.appender.buffer.byte-limit = 33554432 (custom)
2019-08-27 22:23:28,773 [pool-71-thread-1] INFO  server.RaftServerConfigKeys (ConfUtils.java:logGet(43)) - raft.server.log.queue.byte-limit = 2147483647 (custom)
2019-08-27 22:23:28,775 [pool-49-thread-1] INFO  server.RaftServerConfigKeys (ConfUtils.java:logGet(43)) - raft.server.log.segment.size.max = 1048576 (custom)
2019-08-27 22:23:28,773 [pool-60-thread-1] INFO  server.RaftServerConfigKeys (ConfUtils.java:logGet(43)) - raft.server.log.appender.buffer.byte-limit = 33554432 (custom)
2019-08-27 22:23:28,775 [pool-49-thread-1] INFO  server.RaftServerConfigKeys (ConfUtils.java:logGet(43)) - raft.server.log.segment.cache.num.max = 2 (custom)
2019-08-27 22:23:28,775 [pool-71-thread-1] INFO  server.RaftServerConfigKeys (ConfUtils.java:logGet(43)) - raft.server.log.queue.element-limit = 1024 (custom)
2019-08-27 22:23:28,775 [pool-49-thread-1] INFO  segmented.SegmentedRaftLogWorker (SegmentedRaftLogWorker.java:<init>(172)) - new c9d78582-bde6-4b5f-a9c8-bcd79938bedf-SegmentedRaftLogWorker:Storage Directory /workdir/hadoop-ozone/integration-test/target/test-dir/MiniOzoneClusterImpl-95eab390-6897-4658-a6ea-ece20233ae92/datanode-2/data/ratis/203d4e89-048f-4390-91aa-363ee032acec for RaftStorage:Storage Directory /workdir/hadoop-ozone/integration-test/target/test-dir/MiniOzoneClusterImpl-95eab390-6897-4658-a6ea-ece20233ae92/datanode-2/data/ratis/203d4e89-048f-4390-91aa-363ee032acec
2019-08-27 22:23:28,775 [pool-60-thread-1] INFO  server.RaftServerConfigKeys (ConfUtils.java:logGet(43)) - raft.server.log.segment.size.max = 1048576 (custom)
2019-08-27 22:23:28,775 [pool-49-thread-1] INFO  server.RaftServerConfigKeys (ConfUtils.java:logGet(43)) - raft.server.log.queue.byte-limit = 2147483647 (custom)
2019-08-27 22:23:28,775 [pool-71-thread-1] INFO  server.RaftServerConfigKeys (ConfUtils.java:logGet(43)) - raft.server.log.segment.size.max = 1048576 (custom)
2019-08-27 22:23:28,777 [pool-49-thread-1] INFO  server.RaftServerConfigKeys (ConfUtils.java:logGet(43)) - raft.server.log.queue.element-limit = 1024 (custom)
2019-08-27 22:23:28,777 [pool-60-thread-1] INFO  server.RaftServerConfigKeys (ConfUtils.java:logGet(43)) - raft.server.log.segment.cache.num.max = 2 (custom)
2019-08-27 22:23:28,777 [pool-49-thread-1] INFO  server.RaftServerConfigKeys (ConfUtils.java:logGet(43)) - raft.server.log.segment.size.max = 1048576 (custom)
2019-08-27 22:23:28,777 [pool-71-thread-1] INFO  server.RaftServerConfigKeys (ConfUtils.java:logGet(43)) - raft.server.log.preallocated.size = 16384 (custom)
2019-08-27 22:23:28,777 [pool-49-thread-1] INFO  server.RaftServerConfigKeys (ConfUtils.java:logGet(43)) - raft.server.log.preallocated.size = 16384 (custom)
2019-08-27 22:23:28,777 [pool-60-thread-1] INFO  segmented.SegmentedRaftLogWorker (SegmentedRaftLogWorker.java:<init>(172)) - new dc270109-534b-4ffd-b69c-da4013a4da15-SegmentedRaftLogWorker:Storage Directory /workdir/hadoop-ozone/integration-test/target/test-dir/MiniOzoneClusterImpl-95eab390-6897-4658-a6ea-ece20233ae92/datanode-3/data/ratis/203d4e89-048f-4390-91aa-363ee032acec for RaftStorage:Storage Directory /workdir/hadoop-ozone/integration-test/target/test-dir/MiniOzoneClusterImpl-95eab390-6897-4658-a6ea-ece20233ae92/datanode-3/data/ratis/203d4e89-048f-4390-91aa-363ee032acec
2019-08-27 22:23:28,777 [pool-49-thread-1] INFO  server.RaftServerConfigKeys (ConfUtils.java:logGet(43)) - raft.server.log.write.buffer.size = 33554432 (custom)
2019-08-27 22:23:28,777 [pool-71-thread-1] INFO  server.RaftServerConfigKeys (ConfUtils.java:logGet(43)) - raft.server.log.write.buffer.size = 33554432 (custom)
2019-08-27 22:23:28,779 [pool-49-thread-1] INFO  server.RaftServerConfigKeys (ConfUtils.java:logGet(43)) - raft.server.log.force.sync.num = 128 (default)
2019-08-27 22:23:28,777 [pool-60-thread-1] INFO  server.RaftServerConfigKeys (ConfUtils.java:logGet(43)) - raft.server.log.queue.byte-limit = 2147483647 (custom)
2019-08-27 22:23:28,779 [pool-49-thread-1] INFO  server.RaftServerConfigKeys (ConfUtils.java:logGet(43)) - raft.server.log.statemachine.data.sync = true (default)
2019-08-27 22:23:28,779 [pool-71-thread-1] INFO  server.RaftServerConfigKeys (ConfUtils.java:logGet(43)) - raft.server.log.force.sync.num = 128 (default)
2019-08-27 22:23:28,779 [pool-49-thread-1] INFO  server.RaftServerConfigKeys (ConfUtils.java:logGet(43)) - raft.server.log.statemachine.data.sync.timeout = 10s (default)
2019-08-27 22:23:28,779 [pool-60-thread-1] INFO  server.RaftServerConfigKeys (ConfUtils.java:logGet(43)) - raft.server.log.queue.element-limit = 1024 (custom)
2019-08-27 22:23:28,779 [pool-49-thread-1] INFO  server.RaftServerConfigKeys (ConfUtils.java:logGet(43)) - raft.server.log.statemachine.data.sync.timeout.retry = -1 (default)
2019-08-27 22:23:28,779 [pool-71-thread-1] INFO  server.RaftServerConfigKeys (ConfUtils.java:logGet(43)) - raft.server.log.statemachine.data.sync = true (default)
2019-08-27 22:23:28,779 [pool-49-thread-1] INFO  server.RaftServerConfigKeys (ConfUtils.java:logGet(43)) - raft.server.log.statemachine.data.caching.enabled = true (custom)
2019-08-27 22:23:28,779 [pool-60-thread-1] INFO  server.RaftServerConfigKeys (ConfUtils.java:logGet(43)) - raft.server.log.segment.size.max = 1048576 (custom)
2019-08-27 22:23:28,780 [pool-71-thread-1] INFO  server.RaftServerConfigKeys (ConfUtils.java:logGet(43)) - raft.server.log.statemachine.data.sync.timeout = 10s (default)
2019-08-27 22:23:28,780 [pool-49-thread-1] INFO  segmented.SegmentedRaftLogWorker (SegmentedRaftLogWorker.java:lambda$new$0(132)) - c9d78582-bde6-4b5f-a9c8-bcd79938bedf-SegmentedRaftLogWorker:Storage Directory /workdir/hadoop-ozone/integration-test/target/test-dir/MiniOzoneClusterImpl-95eab390-6897-4658-a6ea-ece20233ae92/datanode-2/data/ratis/203d4e89-048f-4390-91aa-363ee032acec: flushIndex: setUnconditionally 0 -> -1
2019-08-27 22:23:28,780 [pool-60-thread-1] INFO  server.RaftServerConfigKeys (ConfUtils.java:logGet(43)) - raft.server.log.preallocated.size = 16384 (custom)
2019-08-27 22:23:28,780 [pool-71-thread-1] INFO  server.RaftServerConfigKeys (ConfUtils.java:logGet(43)) - raft.server.log.statemachine.data.sync.timeout.retry = -1 (default)
2019-08-27 22:23:28,780 [pool-49-thread-1] INFO  server.RaftServerConfigKeys (ConfUtils.java:logGet(43)) - raft.server.snapshot.auto.trigger.enabled = true (custom)
2019-08-27 22:23:28,780 [pool-60-thread-1] INFO  server.RaftServerConfigKeys (ConfUtils.java:logGet(43)) - raft.server.log.write.buffer.size = 33554432 (custom)
2019-08-27 22:23:28,780 [pool-49-thread-1] INFO  server.RaftServerConfigKeys (ConfUtils.java:logGet(43)) - raft.server.snapshot.auto.trigger.threshold = 10000 (custom)
2019-08-27 22:23:28,780 [pool-71-thread-1] INFO  server.RaftServerConfigKeys (ConfUtils.java:logGet(43)) - raft.server.log.statemachine.data.caching.enabled = true (custom)
2019-08-27 22:23:28,780 [pool-49-thread-1] INFO  server.RaftServerConfigKeys (ConfUtils.java:logGet(43)) - raft.server.retrycache.expirytime = 600000ms (custom)
2019-08-27 22:23:28,780 [pool-60-thread-1] INFO  server.RaftServerConfigKeys (ConfUtils.java:logGet(43)) - raft.server.log.force.sync.num = 128 (default)
2019-08-27 22:23:28,781 [pool-49-thread-1] INFO  impl.RaftServerImpl (RaftServerImpl.java:start(180)) - c9d78582-bde6-4b5f-a9c8-bcd79938bedf: start group-363EE032ACEC
2019-08-27 22:23:28,781 [pool-71-thread-1] INFO  segmented.SegmentedRaftLogWorker (SegmentedRaftLogWorker.java:lambda$new$0(132)) - 25145613-3fa0-4f0b-9038-78eecb7deae6-SegmentedRaftLogWorker:Storage Directory /workdir/hadoop-ozone/integration-test/target/test-dir/MiniOzoneClusterImpl-95eab390-6897-4658-a6ea-ece20233ae92/datanode-4/data/ratis/203d4e89-048f-4390-91aa-363ee032acec: flushIndex: setUnconditionally 0 -> -1
2019-08-27 22:23:28,781 [pool-49-thread-1] INFO  impl.RaftServerImpl (RaftServerImpl.java:setRole(171)) - c9d78582-bde6-4b5f-a9c8-bcd79938bedf:group-363EE032ACEC changes role from null to FOLLOWER at term 0 for startAsFollower
2019-08-27 22:23:28,781 [pool-60-thread-1] INFO  server.RaftServerConfigKeys (ConfUtils.java:logGet(43)) - raft.server.log.statemachine.data.sync = true (default)
2019-08-27 22:23:28,781 [pool-71-thread-1] INFO  server.RaftServerConfigKeys (ConfUtils.java:logGet(43)) - raft.server.snapshot.auto.trigger.enabled = true (custom)
2019-08-27 22:23:28,781 [pool-49-thread-1] INFO  impl.RoleInfo (RoleInfo.java:updateAndGet(143)) - c9d78582-bde6-4b5f-a9c8-bcd79938bedf: start FollowerState
2019-08-27 22:23:28,781 [pool-71-thread-1] INFO  server.RaftServerConfigKeys (ConfUtils.java:logGet(43)) - raft.server.snapshot.auto.trigger.threshold = 10000 (custom)
2019-08-27 22:23:28,781 [pool-60-thread-1] INFO  server.RaftServerConfigKeys (ConfUtils.java:logGet(43)) - raft.server.log.statemachine.data.sync.timeout = 10s (default)
2019-08-27 22:23:28,781 [pool-71-thread-1] INFO  server.RaftServerConfigKeys (ConfUtils.java:logGet(43)) - raft.server.retrycache.expirytime = 600000ms (custom)
2019-08-27 22:23:28,781 [pool-49-thread-1] INFO  util.JmxRegister (JmxRegister.java:tryRegister(44)) - Successfully registered JMX Bean with object name Ratis:service=RaftServer,group=group-363EE032ACEC,id=c9d78582-bde6-4b5f-a9c8-bcd79938bedf
2019-08-27 22:23:28,781 [pool-60-thread-1] INFO  server.RaftServerConfigKeys (ConfUtils.java:logGet(43)) - raft.server.log.statemachine.data.sync.timeout.retry = -1 (default)
2019-08-27 22:23:28,781 [pool-71-thread-1] INFO  impl.RaftServerImpl (RaftServerImpl.java:start(180)) - 25145613-3fa0-4f0b-9038-78eecb7deae6: start group-363EE032ACEC
2019-08-27 22:23:28,782 [pool-60-thread-1] INFO  server.RaftServerConfigKeys (ConfUtils.java:logGet(43)) - raft.server.log.statemachine.data.caching.enabled = true (custom)
2019-08-27 22:23:28,782 [pool-71-thread-1] INFO  impl.RaftServerImpl (RaftServerImpl.java:setRole(171)) - 25145613-3fa0-4f0b-9038-78eecb7deae6:group-363EE032ACEC changes role from null to FOLLOWER at term 0 for startAsFollower
2019-08-27 22:23:28,782 [pool-71-thread-1] INFO  impl.RoleInfo (RoleInfo.java:updateAndGet(143)) - 25145613-3fa0-4f0b-9038-78eecb7deae6: start FollowerState
2019-08-27 22:23:28,782 [pool-60-thread-1] INFO  segmented.SegmentedRaftLogWorker (SegmentedRaftLogWorker.java:lambda$new$0(132)) - dc270109-534b-4ffd-b69c-da4013a4da15-SegmentedRaftLogWorker:Storage Directory /workdir/hadoop-ozone/integration-test/target/test-dir/MiniOzoneClusterImpl-95eab390-6897-4658-a6ea-ece20233ae92/datanode-3/data/ratis/203d4e89-048f-4390-91aa-363ee032acec: flushIndex: setUnconditionally 0 -> -1
2019-08-27 22:23:28,782 [pool-71-thread-1] INFO  util.JmxRegister (JmxRegister.java:tryRegister(44)) - Successfully registered JMX Bean with object name Ratis:service=RaftServer,group=group-363EE032ACEC,id=25145613-3fa0-4f0b-9038-78eecb7deae6
2019-08-27 22:23:28,782 [pool-60-thread-1] INFO  server.RaftServerConfigKeys (ConfUtils.java:logGet(43)) - raft.server.snapshot.auto.trigger.enabled = true (custom)
2019-08-27 22:23:28,782 [pool-60-thread-1] INFO  server.RaftServerConfigKeys (ConfUtils.java:logGet(43)) - raft.server.snapshot.auto.trigger.threshold = 10000 (custom)
2019-08-27 22:23:28,783 [pool-60-thread-1] INFO  server.RaftServerConfigKeys (ConfUtils.java:logGet(43)) - raft.server.retrycache.expirytime = 600000ms (custom)
2019-08-27 22:23:28,783 [pool-60-thread-1] INFO  impl.RaftServerImpl (RaftServerImpl.java:start(180)) - dc270109-534b-4ffd-b69c-da4013a4da15: start group-363EE032ACEC
2019-08-27 22:23:28,783 [pool-60-thread-1] INFO  impl.RaftServerImpl (RaftServerImpl.java:setRole(171)) - dc270109-534b-4ffd-b69c-da4013a4da15:group-363EE032ACEC changes role from null to FOLLOWER at term 0 for startAsFollower
2019-08-27 22:23:28,783 [pool-60-thread-1] INFO  impl.RoleInfo (RoleInfo.java:updateAndGet(143)) - dc270109-534b-4ffd-b69c-da4013a4da15: start FollowerState
2019-08-27 22:23:28,783 [pool-60-thread-1] INFO  util.JmxRegister (JmxRegister.java:tryRegister(44)) - Successfully registered JMX Bean with object name Ratis:service=RaftServer,group=group-363EE032ACEC,id=dc270109-534b-4ffd-b69c-da4013a4da15
2019-08-27 22:23:28,800 [RatisPipelineUtilsThread] INFO  pipeline.PipelineStateManager (PipelineStateManager.java:addPipeline(56)) - Created pipeline Pipeline[ Id: 203d4e89-048f-4390-91aa-363ee032acec, Nodes: 25145613-3fa0-4f0b-9038-78eecb7deae6{ip: 192.168.36.82, host: pr-hdds-1935-gfhxc-3829810507, networkLocation: /default-rack, certSerialId: null}c9d78582-bde6-4b5f-a9c8-bcd79938bedf{ip: 192.168.36.82, host: pr-hdds-1935-gfhxc-3829810507, networkLocation: /default-rack, certSerialId: null}dc270109-534b-4ffd-b69c-da4013a4da15{ip: 192.168.36.82, host: pr-hdds-1935-gfhxc-3829810507, networkLocation: /default-rack, certSerialId: null}, Type:RATIS, Factor:THREE, State:OPEN]
2019-08-27 22:23:28,826 [grpc-default-executor-1] INFO  impl.RaftServerProxy (RaftServerProxy.java:addNew(89)) - 16bc7653-c528-4f55-9a04-43f9c2b9cdff: addNew group-A04F985EB703:[12327982-2cfc-49eb-88eb-ac4a15a5feba:192.168.36.82:37376, 0b502caa-68a2-4bb7-9994-f00c500cc251:192.168.36.82:43052, 16bc7653-c528-4f55-9a04-43f9c2b9cdff:192.168.36.82:37768] returns group-A04F985EB703:java.util.concurrent.CompletableFuture@158d5298[Not completed]
2019-08-27 22:23:28,826 [grpc-default-executor-0] INFO  impl.RaftServerProxy (RaftServerProxy.java:addNew(89)) - 12327982-2cfc-49eb-88eb-ac4a15a5feba: addNew group-A04F985EB703:[12327982-2cfc-49eb-88eb-ac4a15a5feba:192.168.36.82:37376, 0b502caa-68a2-4bb7-9994-f00c500cc251:192.168.36.82:43052, 16bc7653-c528-4f55-9a04-43f9c2b9cdff:192.168.36.82:37768] returns group-A04F985EB703:java.util.concurrent.CompletableFuture@66317015[Not completed]
2019-08-27 22:23:28,826 [grpc-default-executor-2] INFO  impl.RaftServerProxy (RaftServerProxy.java:addNew(89)) - 0b502caa-68a2-4bb7-9994-f00c500cc251: addNew group-A04F985EB703:[12327982-2cfc-49eb-88eb-ac4a15a5feba:192.168.36.82:37376, 0b502caa-68a2-4bb7-9994-f00c500cc251:192.168.36.82:43052, 16bc7653-c528-4f55-9a04-43f9c2b9cdff:192.168.36.82:37768] returns group-A04F985EB703:java.util.concurrent.CompletableFuture@2e7bcd1f[Not completed]
2019-08-27 22:23:28,829 [pool-93-thread-1] INFO  impl.RaftServerImpl (RaftServerImpl.java:<init>(93)) - 0b502caa-68a2-4bb7-9994-f00c500cc251: new RaftServerImpl for group-A04F985EB703:[12327982-2cfc-49eb-88eb-ac4a15a5feba:192.168.36.82:37376, 0b502caa-68a2-4bb7-9994-f00c500cc251:192.168.36.82:43052, 16bc7653-c528-4f55-9a04-43f9c2b9cdff:192.168.36.82:37768] with ContainerStateMachine:uninitialized
2019-08-27 22:23:28,829 [pool-93-thread-1] INFO  server.RaftServerConfigKeys (ConfUtils.java:logGet(43)) - raft.server.rpc.timeout.min = 5s (custom)
2019-08-27 22:23:28,829 [pool-93-thread-1] INFO  server.RaftServerConfigKeys (ConfUtils.java:logGet(43)) - raft.server.rpc.timeout.max = 5200ms (custom)
2019-08-27 22:23:28,829 [pool-93-thread-1] INFO  server.RaftServerConfigKeys (ConfUtils.java:logGet(43)) - raft.server.rpcslowness.timeout = 120s (custom)
2019-08-27 22:23:28,829 [pool-93-thread-1] INFO  server.RaftServerConfigKeys (ConfUtils.java:logGet(43)) - raft.server.sleep.deviation.threshold = 300 (default)
2019-08-27 22:23:28,829 [pool-93-thread-1] INFO  server.RaftServerConfigKeys (ConfUtils.java:logGet(43)) - raft.server.log.appender.install.snapshot.enabled = false (custom)
2019-08-27 22:23:28,829 [pool-93-thread-1] INFO  impl.RaftServerImpl (ServerState.java:<init>(105)) - 0b502caa-68a2-4bb7-9994-f00c500cc251:group-A04F985EB703 ConfigurationManager, init=-1: [12327982-2cfc-49eb-88eb-ac4a15a5feba:192.168.36.82:37376, 0b502caa-68a2-4bb7-9994-f00c500cc251:192.168.36.82:43052, 16bc7653-c528-4f55-9a04-43f9c2b9cdff:192.168.36.82:37768], old=null, confs=<EMPTY_MAP>
2019-08-27 22:23:28,829 [pool-38-thread-1] INFO  impl.RaftServerImpl (RaftServerImpl.java:<init>(93)) - 12327982-2cfc-49eb-88eb-ac4a15a5feba: new RaftServerImpl for group-A04F985EB703:[12327982-2cfc-49eb-88eb-ac4a15a5feba:192.168.36.82:37376, 0b502caa-68a2-4bb7-9994-f00c500cc251:192.168.36.82:43052, 16bc7653-c528-4f55-9a04-43f9c2b9cdff:192.168.36.82:37768] with ContainerStateMachine:uninitialized
2019-08-27 22:23:28,829 [pool-93-thread-1] INFO  server.RaftServerConfigKeys (ConfUtils.java:logGet(43)) - raft.server.storage.dir = [/workdir/hadoop-ozone/integration-test/target/test-dir/MiniOzoneClusterImpl-95eab390-6897-4658-a6ea-ece20233ae92/datanode-6/data/ratis] (custom)
2019-08-27 22:23:28,829 [pool-38-thread-1] INFO  server.RaftServerConfigKeys (ConfUtils.java:logGet(43)) - raft.server.rpc.timeout.min = 5s (custom)
2019-08-27 22:23:28,830 [pool-38-thread-1] INFO  server.RaftServerConfigKeys (ConfUtils.java:logGet(43)) - raft.server.rpc.timeout.max = 5200ms (custom)
2019-08-27 22:23:28,830 [pool-93-thread-1] INFO  storage.RaftStorageDirectory (RaftStorageDirectory.java:analyzeStorage(246)) - The storage directory /workdir/hadoop-ozone/integration-test/target/test-dir/MiniOzoneClusterImpl-95eab390-6897-4658-a6ea-ece20233ae92/datanode-6/data/ratis/a86cf745-3fbf-42f6-9bd8-a04f985eb703 does not exist. Creating ...
2019-08-27 22:23:28,830 [pool-27-thread-1] INFO  impl.RaftServerImpl (RaftServerImpl.java:<init>(93)) - 16bc7653-c528-4f55-9a04-43f9c2b9cdff: new RaftServerImpl for group-A04F985EB703:[12327982-2cfc-49eb-88eb-ac4a15a5feba:192.168.36.82:37376, 0b502caa-68a2-4bb7-9994-f00c500cc251:192.168.36.82:43052, 16bc7653-c528-4f55-9a04-43f9c2b9cdff:192.168.36.82:37768] with ContainerStateMachine:uninitialized
2019-08-27 22:23:28,830 [pool-38-thread-1] INFO  server.RaftServerConfigKeys (ConfUtils.java:logGet(43)) - raft.server.rpcslowness.timeout = 120s (custom)
2019-08-27 22:23:28,830 [pool-27-thread-1] INFO  server.RaftServerConfigKeys (ConfUtils.java:logGet(43)) - raft.server.rpc.timeout.min = 5s (custom)
2019-08-27 22:23:28,830 [pool-38-thread-1] INFO  server.RaftServerConfigKeys (ConfUtils.java:logGet(43)) - raft.server.sleep.deviation.threshold = 300 (default)
2019-08-27 22:23:28,830 [pool-27-thread-1] INFO  server.RaftServerConfigKeys (ConfUtils.java:logGet(43)) - raft.server.rpc.timeout.max = 5200ms (custom)
2019-08-27 22:23:28,830 [pool-38-thread-1] INFO  server.RaftServerConfigKeys (ConfUtils.java:logGet(43)) - raft.server.log.appender.install.snapshot.enabled = false (custom)
2019-08-27 22:23:28,830 [pool-27-thread-1] INFO  server.RaftServerConfigKeys (ConfUtils.java:logGet(43)) - raft.server.rpcslowness.timeout = 120s (custom)
2019-08-27 22:23:28,831 [pool-38-thread-1] INFO  impl.RaftServerImpl (ServerState.java:<init>(105)) - 12327982-2cfc-49eb-88eb-ac4a15a5feba:group-A04F985EB703 ConfigurationManager, init=-1: [12327982-2cfc-49eb-88eb-ac4a15a5feba:192.168.36.82:37376, 0b502caa-68a2-4bb7-9994-f00c500cc251:192.168.36.82:43052, 16bc7653-c528-4f55-9a04-43f9c2b9cdff:192.168.36.82:37768], old=null, confs=<EMPTY_MAP>
2019-08-27 22:23:28,831 [pool-27-thread-1] INFO  server.RaftServerConfigKeys (ConfUtils.java:logGet(43)) - raft.server.sleep.deviation.threshold = 300 (default)
2019-08-27 22:23:28,831 [pool-38-thread-1] INFO  server.RaftServerConfigKeys (ConfUtils.java:logGet(43)) - raft.server.storage.dir = [/workdir/hadoop-ozone/integration-test/target/test-dir/MiniOzoneClusterImpl-95eab390-6897-4658-a6ea-ece20233ae92/datanode-1/data/ratis] (custom)
2019-08-27 22:23:28,831 [pool-27-thread-1] INFO  server.RaftServerConfigKeys (ConfUtils.java:logGet(43)) - raft.server.log.appender.install.snapshot.enabled = false (custom)
2019-08-27 22:23:28,831 [pool-27-thread-1] INFO  impl.RaftServerImpl (ServerState.java:<init>(105)) - 16bc7653-c528-4f55-9a04-43f9c2b9cdff:group-A04F985EB703 ConfigurationManager, init=-1: [12327982-2cfc-49eb-88eb-ac4a15a5feba:192.168.36.82:37376, 0b502caa-68a2-4bb7-9994-f00c500cc251:192.168.36.82:43052, 16bc7653-c528-4f55-9a04-43f9c2b9cdff:192.168.36.82:37768], old=null, confs=<EMPTY_MAP>
2019-08-27 22:23:28,831 [pool-27-thread-1] INFO  server.RaftServerConfigKeys (ConfUtils.java:logGet(43)) - raft.server.storage.dir = [/workdir/hadoop-ozone/integration-test/target/test-dir/MiniOzoneClusterImpl-95eab390-6897-4658-a6ea-ece20233ae92/datanode-0/data/ratis] (custom)
2019-08-27 22:23:28,831 [pool-38-thread-1] INFO  storage.RaftStorageDirectory (RaftStorageDirectory.java:analyzeStorage(246)) - The storage directory /workdir/hadoop-ozone/integration-test/target/test-dir/MiniOzoneClusterImpl-95eab390-6897-4658-a6ea-ece20233ae92/datanode-1/data/ratis/a86cf745-3fbf-42f6-9bd8-a04f985eb703 does not exist. Creating ...
2019-08-27 22:23:28,831 [pool-27-thread-1] INFO  storage.RaftStorageDirectory (RaftStorageDirectory.java:analyzeStorage(246)) - The storage directory /workdir/hadoop-ozone/integration-test/target/test-dir/MiniOzoneClusterImpl-95eab390-6897-4658-a6ea-ece20233ae92/datanode-0/data/ratis/a86cf745-3fbf-42f6-9bd8-a04f985eb703 does not exist. Creating ...
2019-08-27 22:23:28,843 [pool-38-thread-1] INFO  storage.RaftStorageDirectory (RaftStorageDirectory.java:tryLock(328)) - Lock on /workdir/hadoop-ozone/integration-test/target/test-dir/MiniOzoneClusterImpl-95eab390-6897-4658-a6ea-ece20233ae92/datanode-1/data/ratis/a86cf745-3fbf-42f6-9bd8-a04f985eb703/in_use.lock acquired by nodename 22132@pr-hdds-1935-gfhxc-3829810507
2019-08-27 22:23:28,843 [pool-93-thread-1] INFO  storage.RaftStorageDirectory (RaftStorageDirectory.java:tryLock(328)) - Lock on /workdir/hadoop-ozone/integration-test/target/test-dir/MiniOzoneClusterImpl-95eab390-6897-4658-a6ea-ece20233ae92/datanode-6/data/ratis/a86cf745-3fbf-42f6-9bd8-a04f985eb703/in_use.lock acquired by nodename 22132@pr-hdds-1935-gfhxc-3829810507
2019-08-27 22:23:28,843 [pool-27-thread-1] INFO  storage.RaftStorageDirectory (RaftStorageDirectory.java:tryLock(328)) - Lock on /workdir/hadoop-ozone/integration-test/target/test-dir/MiniOzoneClusterImpl-95eab390-6897-4658-a6ea-ece20233ae92/datanode-0/data/ratis/a86cf745-3fbf-42f6-9bd8-a04f985eb703/in_use.lock acquired by nodename 22132@pr-hdds-1935-gfhxc-3829810507
2019-08-27 22:23:28,856 [pool-38-thread-1] INFO  storage.RaftStorage (RaftStorage.java:format(72)) - Storage directory /workdir/hadoop-ozone/integration-test/target/test-dir/MiniOzoneClusterImpl-95eab390-6897-4658-a6ea-ece20233ae92/datanode-1/data/ratis/a86cf745-3fbf-42f6-9bd8-a04f985eb703 has been successfully formatted.
2019-08-27 22:23:28,856 [pool-27-thread-1] INFO  storage.RaftStorage (RaftStorage.java:format(72)) - Storage directory /workdir/hadoop-ozone/integration-test/target/test-dir/MiniOzoneClusterImpl-95eab390-6897-4658-a6ea-ece20233ae92/datanode-0/data/ratis/a86cf745-3fbf-42f6-9bd8-a04f985eb703 has been successfully formatted.
2019-08-27 22:23:28,856 [pool-93-thread-1] INFO  storage.RaftStorage (RaftStorage.java:format(72)) - Storage directory /workdir/hadoop-ozone/integration-test/target/test-dir/MiniOzoneClusterImpl-95eab390-6897-4658-a6ea-ece20233ae92/datanode-6/data/ratis/a86cf745-3fbf-42f6-9bd8-a04f985eb703 has been successfully formatted.
2019-08-27 22:23:28,857 [pool-38-thread-1] INFO  ratis.ContainerStateMachine (ContainerStateMachine.java:loadSnapshot(226)) - group-A04F985EB703: The snapshot info is null. Setting the last applied indexto:(t:0, i:~)
2019-08-27 22:23:28,857 [pool-27-thread-1] INFO  ratis.ContainerStateMachine (ContainerStateMachine.java:loadSnapshot(226)) - group-A04F985EB703: The snapshot info is null. Setting the last applied indexto:(t:0, i:~)
2019-08-27 22:23:28,857 [pool-38-thread-1] INFO  server.RaftServerConfigKeys (ConfUtils.java:logGet(43)) - raft.server.leader.election.timeout = 120s (custom)
2019-08-27 22:23:28,857 [pool-93-thread-1] INFO  ratis.ContainerStateMachine (ContainerStateMachine.java:loadSnapshot(226)) - group-A04F985EB703: The snapshot info is null. Setting the last applied indexto:(t:0, i:~)
2019-08-27 22:23:28,857 [pool-38-thread-1] INFO  server.RaftServerConfigKeys (ConfUtils.java:logGet(43)) - raft.server.log.use.memory = false (default)
2019-08-27 22:23:28,857 [pool-27-thread-1] INFO  server.RaftServerConfigKeys (ConfUtils.java:logGet(43)) - raft.server.leader.election.timeout = 120s (custom)
2019-08-27 22:23:28,857 [pool-38-thread-1] INFO  server.RaftServerConfigKeys (ConfUtils.java:logGet(43)) - raft.server.log.purge.gap = 1000000 (custom)
2019-08-27 22:23:28,857 [pool-93-thread-1] INFO  server.RaftServerConfigKeys (ConfUtils.java:logGet(43)) - raft.server.leader.election.timeout = 120s (custom)
2019-08-27 22:23:28,857 [pool-38-thread-1] INFO  server.RaftServerConfigKeys (ConfUtils.java:logGet(43)) - raft.server.log.appender.buffer.byte-limit = 33554432 (custom)
2019-08-27 22:23:28,857 [pool-27-thread-1] INFO  server.RaftServerConfigKeys (ConfUtils.java:logGet(43)) - raft.server.log.use.memory = false (default)
2019-08-27 22:23:28,857 [pool-38-thread-1] INFO  server.RaftServerConfigKeys (ConfUtils.java:logGet(43)) - raft.server.log.segment.size.max = 1048576 (custom)
2019-08-27 22:23:28,857 [pool-93-thread-1] INFO  server.RaftServerConfigKeys (ConfUtils.java:logGet(43)) - raft.server.log.use.memory = false (default)
2019-08-27 22:23:28,858 [pool-38-thread-1] INFO  server.RaftServerConfigKeys (ConfUtils.java:logGet(43)) - raft.server.log.segment.cache.num.max = 2 (custom)
2019-08-27 22:23:28,858 [pool-27-thread-1] INFO  server.RaftServerConfigKeys (ConfUtils.java:logGet(43)) - raft.server.log.purge.gap = 1000000 (custom)
2019-08-27 22:23:28,858 [pool-38-thread-1] INFO  segmented.SegmentedRaftLogWorker (SegmentedRaftLogWorker.java:<init>(172)) - new 12327982-2cfc-49eb-88eb-ac4a15a5feba-SegmentedRaftLogWorker:Storage Directory /workdir/hadoop-ozone/integration-test/target/test-dir/MiniOzoneClusterImpl-95eab390-6897-4658-a6ea-ece20233ae92/datanode-1/data/ratis/a86cf745-3fbf-42f6-9bd8-a04f985eb703 for RaftStorage:Storage Directory /workdir/hadoop-ozone/integration-test/target/test-dir/MiniOzoneClusterImpl-95eab390-6897-4658-a6ea-ece20233ae92/datanode-1/data/ratis/a86cf745-3fbf-42f6-9bd8-a04f985eb703
2019-08-27 22:23:28,858 [pool-93-thread-1] INFO  server.RaftServerConfigKeys (ConfUtils.java:logGet(43)) - raft.server.log.purge.gap = 1000000 (custom)
2019-08-27 22:23:28,858 [pool-38-thread-1] INFO  server.RaftServerConfigKeys (ConfUtils.java:logGet(43)) - raft.server.log.queue.byte-limit = 2147483647 (custom)
2019-08-27 22:23:28,858 [pool-27-thread-1] INFO  server.RaftServerConfigKeys (ConfUtils.java:logGet(43)) - raft.server.log.appender.buffer.byte-limit = 33554432 (custom)
2019-08-27 22:23:28,860 [pool-38-thread-1] INFO  server.RaftServerConfigKeys (ConfUtils.java:logGet(43)) - raft.server.log.queue.element-limit = 1024 (custom)
2019-08-27 22:23:28,860 [pool-27-thread-1] INFO  server.RaftServerConfigKeys (ConfUtils.java:logGet(43)) - raft.server.log.segment.size.max = 1048576 (custom)
2019-08-27 22:23:28,858 [pool-93-thread-1] INFO  server.RaftServerConfigKeys (ConfUtils.java:logGet(43)) - raft.server.log.appender.buffer.byte-limit = 33554432 (custom)
2019-08-27 22:23:28,861 [pool-27-thread-1] INFO  server.RaftServerConfigKeys (ConfUtils.java:logGet(43)) - raft.server.log.segment.cache.num.max = 2 (custom)
2019-08-27 22:23:28,860 [pool-38-thread-1] INFO  server.RaftServerConfigKeys (ConfUtils.java:logGet(43)) - raft.server.log.segment.size.max = 1048576 (custom)
2019-08-27 22:23:28,861 [pool-27-thread-1] INFO  segmented.SegmentedRaftLogWorker (SegmentedRaftLogWorker.java:<init>(172)) - new 16bc7653-c528-4f55-9a04-43f9c2b9cdff-SegmentedRaftLogWorker:Storage Directory /workdir/hadoop-ozone/integration-test/target/test-dir/MiniOzoneClusterImpl-95eab390-6897-4658-a6ea-ece20233ae92/datanode-0/data/ratis/a86cf745-3fbf-42f6-9bd8-a04f985eb703 for RaftStorage:Storage Directory /workdir/hadoop-ozone/integration-test/target/test-dir/MiniOzoneClusterImpl-95eab390-6897-4658-a6ea-ece20233ae92/datanode-0/data/ratis/a86cf745-3fbf-42f6-9bd8-a04f985eb703
2019-08-27 22:23:28,861 [pool-93-thread-1] INFO  server.RaftServerConfigKeys (ConfUtils.java:logGet(43)) - raft.server.log.segment.size.max = 1048576 (custom)
2019-08-27 22:23:28,861 [pool-27-thread-1] INFO  server.RaftServerConfigKeys (ConfUtils.java:logGet(43)) - raft.server.log.queue.byte-limit = 2147483647 (custom)
2019-08-27 22:23:28,861 [pool-38-thread-1] INFO  server.RaftServerConfigKeys (ConfUtils.java:logGet(43)) - raft.server.log.preallocated.size = 16384 (custom)
2019-08-27 22:23:28,862 [pool-27-thread-1] INFO  server.RaftServerConfigKeys (ConfUtils.java:logGet(43)) - raft.server.log.queue.element-limit = 1024 (custom)
2019-08-27 22:23:28,861 [pool-93-thread-1] INFO  server.RaftServerConfigKeys (ConfUtils.java:logGet(43)) - raft.server.log.segment.cache.num.max = 2 (custom)
2019-08-27 22:23:28,862 [pool-27-thread-1] INFO  server.RaftServerConfigKeys (ConfUtils.java:logGet(43)) - raft.server.log.segment.size.max = 1048576 (custom)
2019-08-27 22:23:28,862 [pool-38-thread-1] INFO  server.RaftServerConfigKeys (ConfUtils.java:logGet(43)) - raft.server.log.write.buffer.size = 33554432 (custom)
2019-08-27 22:23:28,863 [pool-27-thread-1] INFO  server.RaftServerConfigKeys (ConfUtils.java:logGet(43)) - raft.server.log.preallocated.size = 16384 (custom)
2019-08-27 22:23:28,862 [pool-93-thread-1] INFO  segmented.SegmentedRaftLogWorker (SegmentedRaftLogWorker.java:<init>(172)) - new 0b502caa-68a2-4bb7-9994-f00c500cc251-SegmentedRaftLogWorker:Storage Directory /workdir/hadoop-ozone/integration-test/target/test-dir/MiniOzoneClusterImpl-95eab390-6897-4658-a6ea-ece20233ae92/datanode-6/data/ratis/a86cf745-3fbf-42f6-9bd8-a04f985eb703 for RaftStorage:Storage Directory /workdir/hadoop-ozone/integration-test/target/test-dir/MiniOzoneClusterImpl-95eab390-6897-4658-a6ea-ece20233ae92/datanode-6/data/ratis/a86cf745-3fbf-42f6-9bd8-a04f985eb703
2019-08-27 22:23:28,863 [pool-27-thread-1] INFO  server.RaftServerConfigKeys (ConfUtils.java:logGet(43)) - raft.server.log.write.buffer.size = 33554432 (custom)
2019-08-27 22:23:28,863 [pool-38-thread-1] INFO  server.RaftServerConfigKeys (ConfUtils.java:logGet(43)) - raft.server.log.force.sync.num = 128 (default)
2019-08-27 22:23:28,863 [pool-27-thread-1] INFO  server.RaftServerConfigKeys (ConfUtils.java:logGet(43)) - raft.server.log.force.sync.num = 128 (default)
2019-08-27 22:23:28,863 [pool-93-thread-1] INFO  server.RaftServerConfigKeys (ConfUtils.java:logGet(43)) - raft.server.log.queue.byte-limit = 2147483647 (custom)
2019-08-27 22:23:28,864 [pool-27-thread-1] INFO  server.RaftServerConfigKeys (ConfUtils.java:logGet(43)) - raft.server.log.statemachine.data.sync = true (default)
2019-08-27 22:23:28,864 [pool-38-thread-1] INFO  server.RaftServerConfigKeys (ConfUtils.java:logGet(43)) - raft.server.log.statemachine.data.sync = true (default)
2019-08-27 22:23:28,864 [pool-27-thread-1] INFO  server.RaftServerConfigKeys (ConfUtils.java:logGet(43)) - raft.server.log.statemachine.data.sync.timeout = 10s (default)
2019-08-27 22:23:28,864 [pool-93-thread-1] INFO  server.RaftServerConfigKeys (ConfUtils.java:logGet(43)) - raft.server.log.queue.element-limit = 1024 (custom)
2019-08-27 22:23:28,865 [pool-27-thread-1] INFO  server.RaftServerConfigKeys (ConfUtils.java:logGet(43)) - raft.server.log.statemachine.data.sync.timeout.retry = -1 (default)
2019-08-27 22:23:28,864 [pool-38-thread-1] INFO  server.RaftServerConfigKeys (ConfUtils.java:logGet(43)) - raft.server.log.statemachine.data.sync.timeout = 10s (default)
2019-08-27 22:23:28,865 [pool-27-thread-1] INFO  server.RaftServerConfigKeys (ConfUtils.java:logGet(43)) - raft.server.log.statemachine.data.caching.enabled = true (custom)
2019-08-27 22:23:28,865 [pool-93-thread-1] INFO  server.RaftServerConfigKeys (ConfUtils.java:logGet(43)) - raft.server.log.segment.size.max = 1048576 (custom)
2019-08-27 22:23:28,865 [pool-38-thread-1] INFO  server.RaftServerConfigKeys (ConfUtils.java:logGet(43)) - raft.server.log.statemachine.data.sync.timeout.retry = -1 (default)
2019-08-27 22:23:28,865 [pool-27-thread-1] INFO  segmented.SegmentedRaftLogWorker (SegmentedRaftLogWorker.java:lambda$new$0(132)) - 16bc7653-c528-4f55-9a04-43f9c2b9cdff-SegmentedRaftLogWorker:Storage Directory /workdir/hadoop-ozone/integration-test/target/test-dir/MiniOzoneClusterImpl-95eab390-6897-4658-a6ea-ece20233ae92/datanode-0/data/ratis/a86cf745-3fbf-42f6-9bd8-a04f985eb703: flushIndex: setUnconditionally 0 -> -1
2019-08-27 22:23:28,865 [pool-93-thread-1] INFO  server.RaftServerConfigKeys (ConfUtils.java:logGet(43)) - raft.server.log.preallocated.size = 16384 (custom)
2019-08-27 22:23:28,865 [pool-38-thread-1] INFO  server.RaftServerConfigKeys (ConfUtils.java:logGet(43)) - raft.server.log.statemachine.data.caching.enabled = true (custom)
2019-08-27 22:23:28,865 [pool-27-thread-1] INFO  server.RaftServerConfigKeys (ConfUtils.java:logGet(43)) - raft.server.snapshot.auto.trigger.enabled = true (custom)
2019-08-27 22:23:28,865 [pool-93-thread-1] INFO  server.RaftServerConfigKeys (ConfUtils.java:logGet(43)) - raft.server.log.write.buffer.size = 33554432 (custom)
2019-08-27 22:23:28,865 [pool-38-thread-1] INFO  segmented.SegmentedRaftLogWorker (SegmentedRaftLogWorker.java:lambda$new$0(132)) - 12327982-2cfc-49eb-88eb-ac4a15a5feba-SegmentedRaftLogWorker:Storage Directory /workdir/hadoop-ozone/integration-test/target/test-dir/MiniOzoneClusterImpl-95eab390-6897-4658-a6ea-ece20233ae92/datanode-1/data/ratis/a86cf745-3fbf-42f6-9bd8-a04f985eb703: flushIndex: setUnconditionally 0 -> -1
2019-08-27 22:23:28,865 [pool-27-thread-1] INFO  server.RaftServerConfigKeys (ConfUtils.java:logGet(43)) - raft.server.snapshot.auto.trigger.threshold = 10000 (custom)
2019-08-27 22:23:28,866 [pool-93-thread-1] INFO  server.RaftServerConfigKeys (ConfUtils.java:logGet(43)) - raft.server.log.force.sync.num = 128 (default)
2019-08-27 22:23:28,866 [pool-27-thread-1] INFO  server.RaftServerConfigKeys (ConfUtils.java:logGet(43)) - raft.server.retrycache.expirytime = 600000ms (custom)
2019-08-27 22:23:28,866 [pool-38-thread-1] INFO  server.RaftServerConfigKeys (ConfUtils.java:logGet(43)) - raft.server.snapshot.auto.trigger.enabled = true (custom)
2019-08-27 22:23:28,866 [pool-93-thread-1] INFO  server.RaftServerConfigKeys (ConfUtils.java:logGet(43)) - raft.server.log.statemachine.data.sync = true (default)
2019-08-27 22:23:28,866 [pool-38-thread-1] INFO  server.RaftServerConfigKeys (ConfUtils.java:logGet(43)) - raft.server.snapshot.auto.trigger.threshold = 10000 (custom)
2019-08-27 22:23:28,866 [pool-27-thread-1] INFO  impl.RaftServerImpl (RaftServerImpl.java:start(180)) - 16bc7653-c528-4f55-9a04-43f9c2b9cdff: start group-A04F985EB703
2019-08-27 22:23:28,866 [pool-38-thread-1] INFO  server.RaftServerConfigKeys (ConfUtils.java:logGet(43)) - raft.server.retrycache.expirytime = 600000ms (custom)
2019-08-27 22:23:28,866 [pool-93-thread-1] INFO  server.RaftServerConfigKeys (ConfUtils.java:logGet(43)) - raft.server.log.statemachine.data.sync.timeout = 10s (default)
2019-08-27 22:23:28,866 [pool-38-thread-1] INFO  impl.RaftServerImpl (RaftServerImpl.java:start(180)) - 12327982-2cfc-49eb-88eb-ac4a15a5feba: start group-A04F985EB703
2019-08-27 22:23:28,866 [pool-27-thread-1] INFO  impl.RaftServerImpl (RaftServerImpl.java:setRole(171)) - 16bc7653-c528-4f55-9a04-43f9c2b9cdff:group-A04F985EB703 changes role from null to FOLLOWER at term 0 for startAsFollower
2019-08-27 22:23:28,866 [pool-38-thread-1] INFO  impl.RaftServerImpl (RaftServerImpl.java:setRole(171)) - 12327982-2cfc-49eb-88eb-ac4a15a5feba:group-A04F985EB703 changes role from null to FOLLOWER at term 0 for startAsFollower
2019-08-27 22:23:28,866 [pool-93-thread-1] INFO  server.RaftServerConfigKeys (ConfUtils.java:logGet(43)) - raft.server.log.statemachine.data.sync.timeout.retry = -1 (default)
2019-08-27 22:23:28,867 [pool-38-thread-1] INFO  impl.RoleInfo (RoleInfo.java:updateAndGet(143)) - 12327982-2cfc-49eb-88eb-ac4a15a5feba: start FollowerState
2019-08-27 22:23:28,867 [pool-27-thread-1] INFO  impl.RoleInfo (RoleInfo.java:updateAndGet(143)) - 16bc7653-c528-4f55-9a04-43f9c2b9cdff: start FollowerState
2019-08-27 22:23:28,867 [pool-93-thread-1] INFO  server.RaftServerConfigKeys (ConfUtils.java:logGet(43)) - raft.server.log.statemachine.data.caching.enabled = true (custom)
2019-08-27 22:23:28,867 [pool-38-thread-1] INFO  util.JmxRegister (JmxRegister.java:tryRegister(44)) - Successfully registered JMX Bean with object name Ratis:service=RaftServer,group=group-A04F985EB703,id=12327982-2cfc-49eb-88eb-ac4a15a5feba
2019-08-27 22:23:28,867 [pool-93-thread-1] INFO  segmented.SegmentedRaftLogWorker (SegmentedRaftLogWorker.java:lambda$new$0(132)) - 0b502caa-68a2-4bb7-9994-f00c500cc251-SegmentedRaftLogWorker:Storage Directory /workdir/hadoop-ozone/integration-test/target/test-dir/MiniOzoneClusterImpl-95eab390-6897-4658-a6ea-ece20233ae92/datanode-6/data/ratis/a86cf745-3fbf-42f6-9bd8-a04f985eb703: flushIndex: setUnconditionally 0 -> -1
2019-08-27 22:23:28,867 [pool-27-thread-1] INFO  util.JmxRegister (JmxRegister.java:tryRegister(44)) - Successfully registered JMX Bean with object name Ratis:service=RaftServer,group=group-A04F985EB703,id=16bc7653-c528-4f55-9a04-43f9c2b9cdff
2019-08-27 22:23:28,867 [pool-93-thread-1] INFO  server.RaftServerConfigKeys (ConfUtils.java:logGet(43)) - raft.server.snapshot.auto.trigger.enabled = true (custom)
2019-08-27 22:23:28,867 [pool-93-thread-1] INFO  server.RaftServerConfigKeys (ConfUtils.java:logGet(43)) - raft.server.snapshot.auto.trigger.threshold = 10000 (custom)
2019-08-27 22:23:28,868 [pool-93-thread-1] INFO  server.RaftServerConfigKeys (ConfUtils.java:logGet(43)) - raft.server.retrycache.expirytime = 600000ms (custom)
2019-08-27 22:23:28,868 [pool-93-thread-1] INFO  impl.RaftServerImpl (RaftServerImpl.java:start(180)) - 0b502caa-68a2-4bb7-9994-f00c500cc251: start group-A04F985EB703
2019-08-27 22:23:28,868 [pool-93-thread-1] INFO  impl.RaftServerImpl (RaftServerImpl.java:setRole(171)) - 0b502caa-68a2-4bb7-9994-f00c500cc251:group-A04F985EB703 changes role from null to FOLLOWER at term 0 for startAsFollower
2019-08-27 22:23:28,868 [pool-93-thread-1] INFO  impl.RoleInfo (RoleInfo.java:updateAndGet(143)) - 0b502caa-68a2-4bb7-9994-f00c500cc251: start FollowerState
2019-08-27 22:23:28,868 [pool-93-thread-1] INFO  util.JmxRegister (JmxRegister.java:tryRegister(44)) - Successfully registered JMX Bean with object name Ratis:service=RaftServer,group=group-A04F985EB703,id=0b502caa-68a2-4bb7-9994-f00c500cc251
2019-08-27 22:23:28,885 [RatisPipelineUtilsThread] INFO  pipeline.PipelineStateManager (PipelineStateManager.java:addPipeline(56)) - Created pipeline Pipeline[ Id: a86cf745-3fbf-42f6-9bd8-a04f985eb703, Nodes: 16bc7653-c528-4f55-9a04-43f9c2b9cdff{ip: 192.168.36.82, host: pr-hdds-1935-gfhxc-3829810507, networkLocation: /default-rack, certSerialId: null}12327982-2cfc-49eb-88eb-ac4a15a5feba{ip: 192.168.36.82, host: pr-hdds-1935-gfhxc-3829810507, networkLocation: /default-rack, certSerialId: null}0b502caa-68a2-4bb7-9994-f00c500cc251{ip: 192.168.36.82, host: pr-hdds-1935-gfhxc-3829810507, networkLocation: /default-rack, certSerialId: null}, Type:RATIS, Factor:THREE, State:OPEN]
2019-08-27 22:23:28,911 | INFO  | SCMAudit | user=jenkins1000 | ip=192.168.36.82 | op=SEND_HEARTBEAT {datanodeUUID=c9d78582-bde6-4b5f-a9c8-bcd79938bedf, command=[]} | ret=SUCCESS |  
2019-08-27 22:23:28,954 [main] INFO  ozone.MiniOzoneClusterImpl (MiniOzoneClusterImpl.java:lambda$waitForClusterToBeReady$0(142)) - Cluster is ready. Got 7 of 7 DN Heartbeats.
2019-08-27 22:23:29,191 | INFO  | SCMAudit | user=jenkins1000 | ip=192.168.36.82 | op=SEND_HEARTBEAT {datanodeUUID=dc270109-534b-4ffd-b69c-da4013a4da15, command=[]} | ret=SUCCESS |  
2019-08-27 22:23:29,197 | INFO  | SCMAudit | user=jenkins1000 | ip=192.168.36.82 | op=SEND_HEARTBEAT {datanodeUUID=16bc7653-c528-4f55-9a04-43f9c2b9cdff, command=[]} | ret=SUCCESS |  
2019-08-27 22:23:29,250 [main] INFO  rpc.RpcClient (RpcClient.java:createVolume(293)) - Creating Volume: watchforcommithandlingtest, with jenkins1000 as owner.
2019-08-27 22:23:29,269 | INFO  | OMAudit | user=jenkins1000 | ip=127.0.0.1 | op=CREATE_VOLUME {admin=jenkins1000, owner=jenkins1000, volume=watchforcommithandlingtest, creationTime=1566944609265, quotaInBytes=1152921504606846976} | ret=SUCCESS |  
2019-08-27 22:23:29,286 | INFO  | OMAudit | user=jenkins1000 | ip=127.0.0.1 | op=READ_VOLUME {volume=watchforcommithandlingtest} | ret=SUCCESS |  
2019-08-27 22:23:29,293 [main] INFO  rpc.RpcClient (RpcClient.java:createBucket(432)) - Creating Bucket: watchforcommithandlingtest/watchforcommithandlingtest, with Versioning false and Storage Type set to DISK and Encryption set to false 
2019-08-27 22:23:29,308 | INFO  | OMAudit | user=jenkins1000 | ip=127.0.0.1 | op=CREATE_BUCKET {volume=watchforcommithandlingtest, bucket=watchforcommithandlingtest, acls=[user:jenkins1000:a[ACCESS], group:default:a[ACCESS]], isVersionEnabled=false, storageType=DISK, creationTime=0} | ret=SUCCESS |  
2019-08-27 22:23:29,309 [main] INFO  ozone.MiniOzoneClusterImpl (MiniOzoneClusterImpl.java:getStorageContainerLocationClient(241)) - Creating StorageContainerLocationProtocol RPC client with address /0.0.0.0:41303
2019-08-27 22:23:29,355 [main] INFO  impl.MetricsSystemImpl (MetricsSystemImpl.java:init(158)) - XceiverClientMetrics metrics system started (again)
2019-08-27 22:23:29,432 [grpc-default-executor-0] INFO  client.GrpcClientProtocolClient (GrpcClientProtocolClient.java:onNext(255)) - client-A485569284D4->25145613-3fa0-4f0b-9038-78eecb7deae6: receive RaftClientReply:client-A485569284D4->25145613-3fa0-4f0b-9038-78eecb7deae6@group-363EE032ACEC, cid=13, FAILED org.apache.ratis.protocol.NotLeaderException: Server 25145613-3fa0-4f0b-9038-78eecb7deae6 is not the leader (null). Request must be sent to leader., logIndex=0, commits[25145613-3fa0-4f0b-9038-78eecb7deae6:c-1]
2019-08-27 22:23:29,631 | INFO  | SCMAudit | user=jenkins1000 | ip=192.168.36.82 | op=SEND_HEARTBEAT {datanodeUUID=25145613-3fa0-4f0b-9038-78eecb7deae6, command=[]} | ret=SUCCESS |  
2019-08-27 22:23:29,686 | INFO  | SCMAudit | user=jenkins1000 | ip=192.168.36.82 | op=SEND_HEARTBEAT {datanodeUUID=12327982-2cfc-49eb-88eb-ac4a15a5feba, command=[]} | ret=SUCCESS |  
2019-08-27 22:23:29,728 [Thread-238] INFO  container.ReplicationManager (ReplicationManager.java:start(162)) - Starting Replication Monitor Thread.
2019-08-27 22:23:29,733 [ReplicationMonitor] INFO  container.ReplicationManager (ReplicationManager.java:run(225)) - Replication Monitor Thread took 4 milliseconds for processing 1 containers.
2019-08-27 22:23:29,761 | INFO  | SCMAudit | user=jenkins1000 | ip=192.168.36.82 | op=SEND_HEARTBEAT {datanodeUUID=d53517dc-e0e6-4c77-a67f-13acdc2df14a, command=[]} | ret=SUCCESS |  
2019-08-27 22:23:29,911 | INFO  | SCMAudit | user=jenkins1000 | ip=192.168.36.82 | op=SEND_HEARTBEAT {datanodeUUID=c9d78582-bde6-4b5f-a9c8-bcd79938bedf, command=[]} | ret=SUCCESS |  
2019-08-27 22:23:29,957 | INFO  | SCMAudit | user=jenkins1000 | ip=192.168.36.82 | op=SEND_HEARTBEAT {datanodeUUID=0b502caa-68a2-4bb7-9994-f00c500cc251, command=[]} | ret=SUCCESS |  
2019-08-27 22:23:30,182 | INFO  | SCMAudit | user=jenkins1000 | ip=192.168.36.82 | op=SEND_HEARTBEAT {datanodeUUID=dc270109-534b-4ffd-b69c-da4013a4da15, command=[]} | ret=SUCCESS |  
2019-08-27 22:23:30,196 | INFO  | SCMAudit | user=jenkins1000 | ip=192.168.36.82 | op=SEND_HEARTBEAT {datanodeUUID=16bc7653-c528-4f55-9a04-43f9c2b9cdff, command=[]} | ret=SUCCESS |  
2019-08-27 22:23:30,480 [grpc-default-executor-2] INFO  client.GrpcClientProtocolClient (GrpcClientProtocolClient.java:onNext(255)) - client-A485569284D4->c9d78582-bde6-4b5f-a9c8-bcd79938bedf: receive RaftClientReply:client-A485569284D4->c9d78582-bde6-4b5f-a9c8-bcd79938bedf@group-363EE032ACEC, cid=13, FAILED org.apache.ratis.protocol.NotLeaderException: Server c9d78582-bde6-4b5f-a9c8-bcd79938bedf is not the leader (null). Request must be sent to leader., logIndex=0, commits[c9d78582-bde6-4b5f-a9c8-bcd79938bedf:c-1]
2019-08-27 22:23:30,630 | INFO  | SCMAudit | user=jenkins1000 | ip=192.168.36.82 | op=SEND_HEARTBEAT {datanodeUUID=25145613-3fa0-4f0b-9038-78eecb7deae6, command=[]} | ret=SUCCESS |  
2019-08-27 22:23:30,685 | INFO  | SCMAudit | user=jenkins1000 | ip=192.168.36.82 | op=SEND_HEARTBEAT {datanodeUUID=12327982-2cfc-49eb-88eb-ac4a15a5feba, command=[]} | ret=SUCCESS |  
2019-08-27 22:23:30,761 | INFO  | SCMAudit | user=jenkins1000 | ip=192.168.36.82 | op=SEND_HEARTBEAT {datanodeUUID=d53517dc-e0e6-4c77-a67f-13acdc2df14a, command=[]} | ret=SUCCESS |  
2019-08-27 22:23:30,912 | INFO  | SCMAudit | user=jenkins1000 | ip=192.168.36.82 | op=SEND_HEARTBEAT {datanodeUUID=c9d78582-bde6-4b5f-a9c8-bcd79938bedf, command=[]} | ret=SUCCESS |  
2019-08-27 22:23:30,954 | INFO  | SCMAudit | user=jenkins1000 | ip=192.168.36.82 | op=SEND_HEARTBEAT {datanodeUUID=0b502caa-68a2-4bb7-9994-f00c500cc251, command=[]} | ret=SUCCESS |  
2019-08-27 22:23:31,182 | INFO  | SCMAudit | user=jenkins1000 | ip=192.168.36.82 | op=SEND_HEARTBEAT {datanodeUUID=dc270109-534b-4ffd-b69c-da4013a4da15, command=[]} | ret=SUCCESS |  
2019-08-27 22:23:31,198 | INFO  | SCMAudit | user=jenkins1000 | ip=192.168.36.82 | op=SEND_HEARTBEAT {datanodeUUID=16bc7653-c528-4f55-9a04-43f9c2b9cdff, command=[]} | ret=SUCCESS |  
2019-08-27 22:23:31,507 [grpc-default-executor-0] INFO  client.GrpcClientProtocolClient (GrpcClientProtocolClient.java:onNext(255)) - client-A485569284D4->25145613-3fa0-4f0b-9038-78eecb7deae6: receive RaftClientReply:client-A485569284D4->25145613-3fa0-4f0b-9038-78eecb7deae6@group-363EE032ACEC, cid=13, FAILED org.apache.ratis.protocol.NotLeaderException: Server 25145613-3fa0-4f0b-9038-78eecb7deae6 is not the leader (null). Request must be sent to leader., logIndex=0, commits[25145613-3fa0-4f0b-9038-78eecb7deae6:c-1]
2019-08-27 22:23:31,644 | INFO  | SCMAudit | user=jenkins1000 | ip=192.168.36.82 | op=SEND_HEARTBEAT {datanodeUUID=25145613-3fa0-4f0b-9038-78eecb7deae6, command=[]} | ret=SUCCESS |  
2019-08-27 22:23:31,683 | INFO  | SCMAudit | user=jenkins1000 | ip=192.168.36.82 | op=SEND_HEARTBEAT {datanodeUUID=12327982-2cfc-49eb-88eb-ac4a15a5feba, command=[]} | ret=SUCCESS |  
2019-08-27 22:23:31,760 | INFO  | SCMAudit | user=jenkins1000 | ip=192.168.36.82 | op=SEND_HEARTBEAT {datanodeUUID=d53517dc-e0e6-4c77-a67f-13acdc2df14a, command=[]} | ret=SUCCESS |  
2019-08-27 22:23:31,909 | INFO  | SCMAudit | user=jenkins1000 | ip=192.168.36.82 | op=SEND_HEARTBEAT {datanodeUUID=c9d78582-bde6-4b5f-a9c8-bcd79938bedf, command=[]} | ret=SUCCESS |  
2019-08-27 22:23:31,951 | INFO  | SCMAudit | user=jenkins1000 | ip=192.168.36.82 | op=SEND_HEARTBEAT {datanodeUUID=0b502caa-68a2-4bb7-9994-f00c500cc251, command=[]} | ret=SUCCESS |  
2019-08-27 22:23:32,179 | INFO  | SCMAudit | user=jenkins1000 | ip=192.168.36.82 | op=SEND_HEARTBEAT {datanodeUUID=dc270109-534b-4ffd-b69c-da4013a4da15, command=[]} | ret=SUCCESS |  
2019-08-27 22:23:32,195 | INFO  | SCMAudit | user=jenkins1000 | ip=192.168.36.82 | op=SEND_HEARTBEAT {datanodeUUID=16bc7653-c528-4f55-9a04-43f9c2b9cdff, command=[]} | ret=SUCCESS |  
2019-08-27 22:23:32,532 [grpc-default-executor-2] INFO  client.GrpcClientProtocolClient (GrpcClientProtocolClient.java:onNext(255)) - client-A485569284D4->dc270109-534b-4ffd-b69c-da4013a4da15: receive RaftClientReply:client-A485569284D4->dc270109-534b-4ffd-b69c-da4013a4da15@group-363EE032ACEC, cid=13, FAILED org.apache.ratis.protocol.NotLeaderException: Server dc270109-534b-4ffd-b69c-da4013a4da15 is not the leader (null). Request must be sent to leader., logIndex=0, commits[dc270109-534b-4ffd-b69c-da4013a4da15:c-1]
2019-08-27 22:23:32,627 | INFO  | SCMAudit | user=jenkins1000 | ip=192.168.36.82 | op=SEND_HEARTBEAT {datanodeUUID=25145613-3fa0-4f0b-9038-78eecb7deae6, command=[]} | ret=SUCCESS |  
2019-08-27 22:23:32,684 | INFO  | SCMAudit | user=jenkins1000 | ip=192.168.36.82 | op=SEND_HEARTBEAT {datanodeUUID=12327982-2cfc-49eb-88eb-ac4a15a5feba, command=[]} | ret=SUCCESS |  
2019-08-27 22:23:32,759 | INFO  | SCMAudit | user=jenkins1000 | ip=192.168.36.82 | op=SEND_HEARTBEAT {datanodeUUID=d53517dc-e0e6-4c77-a67f-13acdc2df14a, command=[]} | ret=SUCCESS |  
2019-08-27 22:23:32,909 | INFO  | SCMAudit | user=jenkins1000 | ip=192.168.36.82 | op=SEND_HEARTBEAT {datanodeUUID=c9d78582-bde6-4b5f-a9c8-bcd79938bedf, command=[]} | ret=SUCCESS |  
2019-08-27 22:23:32,951 | INFO  | SCMAudit | user=jenkins1000 | ip=192.168.36.82 | op=SEND_HEARTBEAT {datanodeUUID=0b502caa-68a2-4bb7-9994-f00c500cc251, command=[]} | ret=SUCCESS |  
2019-08-27 22:23:33,148 [Thread-240] INFO  impl.FollowerState (FollowerState.java:run(106)) - 16bc7653-c528-4f55-9a04-43f9c2b9cdff:group-5402FCB92FFD changes to CANDIDATE, lastRpcTime:5019, electionTimeout:5018ms
2019-08-27 22:23:33,151 [Thread-240] INFO  impl.RoleInfo (RoleInfo.java:shutdownFollowerState(121)) - 16bc7653-c528-4f55-9a04-43f9c2b9cdff: shutdown FollowerState
2019-08-27 22:23:33,151 [Thread-240] INFO  impl.RaftServerImpl (RaftServerImpl.java:setRole(171)) - 16bc7653-c528-4f55-9a04-43f9c2b9cdff:group-5402FCB92FFD changes role from FOLLOWER to CANDIDATE at term 0 for changeToCandidate
2019-08-27 22:23:33,158 [Thread-240] INFO  impl.RoleInfo (RoleInfo.java:updateAndGet(143)) - 16bc7653-c528-4f55-9a04-43f9c2b9cdff: start LeaderElection
2019-08-27 22:23:33,178 [16bc7653-c528-4f55-9a04-43f9c2b9cdff:group-5402FCB92FFD:LeaderElection1] INFO  impl.LeaderElection (LeaderElection.java:askForVotes(181)) - 16bc7653-c528-4f55-9a04-43f9c2b9cdff:group-5402FCB92FFD:LeaderElection1: begin an election at term 1 for -1: [16bc7653-c528-4f55-9a04-43f9c2b9cdff:192.168.36.82:37768], old=null
2019-08-27 22:23:33,182 | INFO  | SCMAudit | user=jenkins1000 | ip=192.168.36.82 | op=SEND_HEARTBEAT {datanodeUUID=dc270109-534b-4ffd-b69c-da4013a4da15, command=[]} | ret=SUCCESS |  
2019-08-27 22:23:33,182 [16bc7653-c528-4f55-9a04-43f9c2b9cdff:group-5402FCB92FFD:LeaderElection1] INFO  impl.RoleInfo (RoleInfo.java:shutdownLeaderElection(134)) - 16bc7653-c528-4f55-9a04-43f9c2b9cdff: shutdown LeaderElection
2019-08-27 22:23:33,183 [16bc7653-c528-4f55-9a04-43f9c2b9cdff:group-5402FCB92FFD:LeaderElection1] INFO  impl.RaftServerImpl (RaftServerImpl.java:setRole(171)) - 16bc7653-c528-4f55-9a04-43f9c2b9cdff:group-5402FCB92FFD changes role from CANDIDATE to LEADER at term 1 for changeToLeader
2019-08-27 22:23:33,183 [16bc7653-c528-4f55-9a04-43f9c2b9cdff:group-5402FCB92FFD:LeaderElection1] INFO  impl.RaftServerImpl (ServerState.java:setLeader(263)) - 16bc7653-c528-4f55-9a04-43f9c2b9cdff:group-5402FCB92FFD change Leader from null to 16bc7653-c528-4f55-9a04-43f9c2b9cdff at term 1 for becomeLeader, leader elected after 5150ms
2019-08-27 22:23:33,191 [16bc7653-c528-4f55-9a04-43f9c2b9cdff:group-5402FCB92FFD:LeaderElection1] INFO  server.RaftServerConfigKeys (ConfUtils.java:logGet(43)) - raft.server.staging.catchup.gap = 1000 (default)
2019-08-27 22:23:33,191 [16bc7653-c528-4f55-9a04-43f9c2b9cdff:group-5402FCB92FFD:LeaderElection1] INFO  server.RaftServerConfigKeys (ConfUtils.java:logGet(43)) - raft.server.rpc.sleep.time = 25ms (default)
2019-08-27 22:23:33,193 [16bc7653-c528-4f55-9a04-43f9c2b9cdff:group-5402FCB92FFD:LeaderElection1] INFO  server.RaftServerConfigKeys (ConfUtils.java:logGet(43)) - raft.server.write.element-limit = 4096 (default)
2019-08-27 22:23:33,196 [16bc7653-c528-4f55-9a04-43f9c2b9cdff:group-5402FCB92FFD:LeaderElection1] INFO  server.RaftServerConfigKeys (ConfUtils.java:logGet(43)) - raft.server.watch.timeout = 10s (default)
2019-08-27 22:23:33,196 [16bc7653-c528-4f55-9a04-43f9c2b9cdff:group-5402FCB92FFD:LeaderElection1] INFO  server.RaftServerConfigKeys (ConfUtils.java:logGet(43)) - raft.server.watch.timeout.denomination = 1s (default)
2019-08-27 22:23:33,196 | INFO  | SCMAudit | user=jenkins1000 | ip=192.168.36.82 | op=SEND_HEARTBEAT {datanodeUUID=16bc7653-c528-4f55-9a04-43f9c2b9cdff, command=[]} | ret=SUCCESS |  
2019-08-27 22:23:33,197 [16bc7653-c528-4f55-9a04-43f9c2b9cdff:group-5402FCB92FFD:LeaderElection1] INFO  server.RaftServerConfigKeys (ConfUtils.java:logGet(43)) - raft.server.watch.element-limit = 65536 (default)
2019-08-27 22:23:33,204 [16bc7653-c528-4f55-9a04-43f9c2b9cdff:group-5402FCB92FFD:LeaderElection1] INFO  impl.RoleInfo (RoleInfo.java:updateAndGet(143)) - 16bc7653-c528-4f55-9a04-43f9c2b9cdff: start LeaderState
2019-08-27 22:23:33,225 [16bc7653-c528-4f55-9a04-43f9c2b9cdff:group-5402FCB92FFD:LeaderElection1] INFO  segmented.SegmentedRaftLogWorker (SegmentedRaftLogWorker.java:startLogSegment(380)) - 16bc7653-c528-4f55-9a04-43f9c2b9cdff-SegmentedRaftLogWorker:Storage Directory /workdir/hadoop-ozone/integration-test/target/test-dir/MiniOzoneClusterImpl-95eab390-6897-4658-a6ea-ece20233ae92/datanode-0/data/ratis/e87b6630-7e4c-4281-8439-5402fcb92ffd: Starting segment from index:0
2019-08-27 22:23:33,234 [16bc7653-c528-4f55-9a04-43f9c2b9cdff:group-5402FCB92FFD:LeaderElection1] INFO  impl.RaftServerImpl (ServerState.java:setRaftConf(361)) - 16bc7653-c528-4f55-9a04-43f9c2b9cdff:group-5402FCB92FFD set configuration 0: [16bc7653-c528-4f55-9a04-43f9c2b9cdff:192.168.36.82:37768], old=null at 0
2019-08-27 22:23:33,389 [Thread-243] INFO  impl.FollowerState (FollowerState.java:run(106)) - 25145613-3fa0-4f0b-9038-78eecb7deae6:group-404496AD9FAB changes to CANDIDATE, lastRpcTime:5041, electionTimeout:5040ms
2019-08-27 22:23:33,415 [Thread-243] INFO  impl.RoleInfo (RoleInfo.java:shutdownFollowerState(121)) - 25145613-3fa0-4f0b-9038-78eecb7deae6: shutdown FollowerState
2019-08-27 22:23:33,415 [Thread-243] INFO  impl.RaftServerImpl (RaftServerImpl.java:setRole(171)) - 25145613-3fa0-4f0b-9038-78eecb7deae6:group-404496AD9FAB changes role from FOLLOWER to CANDIDATE at term 0 for changeToCandidate
2019-08-27 22:23:33,416 [Thread-243] INFO  impl.RoleInfo (RoleInfo.java:updateAndGet(143)) - 25145613-3fa0-4f0b-9038-78eecb7deae6: start LeaderElection
2019-08-27 22:23:33,435 [16bc7653-c528-4f55-9a04-43f9c2b9cdff-SegmentedRaftLogWorker:Storage Directory /workdir/hadoop-ozone/integration-test/target/test-dir/MiniOzoneClusterImpl-95eab390-6897-4658-a6ea-ece20233ae92/datanode-0/data/ratis/e87b6630-7e4c-4281-8439-5402fcb92ffd] INFO  segmented.SegmentedRaftLogWorker (SegmentedRaftLogWorker.java:execute(569)) - 16bc7653-c528-4f55-9a04-43f9c2b9cdff-SegmentedRaftLogWorker:Storage Directory /workdir/hadoop-ozone/integration-test/target/test-dir/MiniOzoneClusterImpl-95eab390-6897-4658-a6ea-ece20233ae92/datanode-0/data/ratis/e87b6630-7e4c-4281-8439-5402fcb92ffd: created new log segment /workdir/hadoop-ozone/integration-test/target/test-dir/MiniOzoneClusterImpl-95eab390-6897-4658-a6ea-ece20233ae92/datanode-0/data/ratis/e87b6630-7e4c-4281-8439-5402fcb92ffd/current/log_inprogress_0
2019-08-27 22:23:33,435 [25145613-3fa0-4f0b-9038-78eecb7deae6:group-404496AD9FAB:LeaderElection2] INFO  impl.LeaderElection (LeaderElection.java:askForVotes(181)) - 25145613-3fa0-4f0b-9038-78eecb7deae6:group-404496AD9FAB:LeaderElection2: begin an election at term 1 for -1: [25145613-3fa0-4f0b-9038-78eecb7deae6:192.168.36.82:35339], old=null
2019-08-27 22:23:33,437 [25145613-3fa0-4f0b-9038-78eecb7deae6:group-404496AD9FAB:LeaderElection2] INFO  impl.RoleInfo (RoleInfo.java:shutdownLeaderElection(134)) - 25145613-3fa0-4f0b-9038-78eecb7deae6: shutdown LeaderElection
2019-08-27 22:23:33,437 [25145613-3fa0-4f0b-9038-78eecb7deae6:group-404496AD9FAB:LeaderElection2] INFO  impl.RaftServerImpl (RaftServerImpl.java:setRole(171)) - 25145613-3fa0-4f0b-9038-78eecb7deae6:group-404496AD9FAB changes role from CANDIDATE to LEADER at term 1 for changeToLeader
2019-08-27 22:23:33,437 [25145613-3fa0-4f0b-9038-78eecb7deae6:group-404496AD9FAB:LeaderElection2] INFO  impl.RaftServerImpl (ServerState.java:setLeader(263)) - 25145613-3fa0-4f0b-9038-78eecb7deae6:group-404496AD9FAB change Leader from null to 25145613-3fa0-4f0b-9038-78eecb7deae6 at term 1 for becomeLeader, leader elected after 5094ms
2019-08-27 22:23:33,440 [25145613-3fa0-4f0b-9038-78eecb7deae6:group-404496AD9FAB:LeaderElection2] INFO  server.RaftServerConfigKeys (ConfUtils.java:logGet(43)) - raft.server.staging.catchup.gap = 1000 (default)
2019-08-27 22:23:33,440 [25145613-3fa0-4f0b-9038-78eecb7deae6:group-404496AD9FAB:LeaderElection2] INFO  server.RaftServerConfigKeys (ConfUtils.java:logGet(43)) - raft.server.rpc.sleep.time = 25ms (default)
2019-08-27 22:23:33,440 [25145613-3fa0-4f0b-9038-78eecb7deae6:group-404496AD9FAB:LeaderElection2] INFO  server.RaftServerConfigKeys (ConfUtils.java:logGet(43)) - raft.server.write.element-limit = 4096 (default)
2019-08-27 22:23:33,440 [25145613-3fa0-4f0b-9038-78eecb7deae6:group-404496AD9FAB:LeaderElection2] INFO  server.RaftServerConfigKeys (ConfUtils.java:logGet(43)) - raft.server.watch.timeout = 10s (default)
2019-08-27 22:23:33,440 [25145613-3fa0-4f0b-9038-78eecb7deae6:group-404496AD9FAB:LeaderElection2] INFO  server.RaftServerConfigKeys (ConfUtils.java:logGet(43)) - raft.server.watch.timeout.denomination = 1s (default)
2019-08-27 22:23:33,440 [25145613-3fa0-4f0b-9038-78eecb7deae6:group-404496AD9FAB:LeaderElection2] INFO  server.RaftServerConfigKeys (ConfUtils.java:logGet(43)) - raft.server.watch.element-limit = 65536 (default)
2019-08-27 22:23:33,441 [25145613-3fa0-4f0b-9038-78eecb7deae6:group-404496AD9FAB:LeaderElection2] INFO  impl.RoleInfo (RoleInfo.java:updateAndGet(143)) - 25145613-3fa0-4f0b-9038-78eecb7deae6: start LeaderState
2019-08-27 22:23:33,441 [25145613-3fa0-4f0b-9038-78eecb7deae6:group-404496AD9FAB:LeaderElection2] INFO  segmented.SegmentedRaftLogWorker (SegmentedRaftLogWorker.java:startLogSegment(380)) - 25145613-3fa0-4f0b-9038-78eecb7deae6-SegmentedRaftLogWorker:Storage Directory /workdir/hadoop-ozone/integration-test/target/test-dir/MiniOzoneClusterImpl-95eab390-6897-4658-a6ea-ece20233ae92/datanode-4/data/ratis/1fbc781d-f7a2-4050-a21a-404496ad9fab: Starting segment from index:0
2019-08-27 22:23:33,442 [25145613-3fa0-4f0b-9038-78eecb7deae6:group-404496AD9FAB:LeaderElection2] INFO  impl.RaftServerImpl (ServerState.java:setRaftConf(361)) - 25145613-3fa0-4f0b-9038-78eecb7deae6:group-404496AD9FAB set configuration 0: [25145613-3fa0-4f0b-9038-78eecb7deae6:192.168.36.82:35339], old=null at 0
2019-08-27 22:23:33,485 [25145613-3fa0-4f0b-9038-78eecb7deae6-SegmentedRaftLogWorker:Storage Directory /workdir/hadoop-ozone/integration-test/target/test-dir/MiniOzoneClusterImpl-95eab390-6897-4658-a6ea-ece20233ae92/datanode-4/data/ratis/1fbc781d-f7a2-4050-a21a-404496ad9fab] INFO  segmented.SegmentedRaftLogWorker (SegmentedRaftLogWorker.java:execute(569)) - 25145613-3fa0-4f0b-9038-78eecb7deae6-SegmentedRaftLogWorker:Storage Directory /workdir/hadoop-ozone/integration-test/target/test-dir/MiniOzoneClusterImpl-95eab390-6897-4658-a6ea-ece20233ae92/datanode-4/data/ratis/1fbc781d-f7a2-4050-a21a-404496ad9fab: created new log segment /workdir/hadoop-ozone/integration-test/target/test-dir/MiniOzoneClusterImpl-95eab390-6897-4658-a6ea-ece20233ae92/datanode-4/data/ratis/1fbc781d-f7a2-4050-a21a-404496ad9fab/current/log_inprogress_0
2019-08-27 22:23:33,551 [Thread-246] INFO  impl.FollowerState (FollowerState.java:run(106)) - c9d78582-bde6-4b5f-a9c8-bcd79938bedf:group-EF303059B08E changes to CANDIDATE, lastRpcTime:5110, electionTimeout:5100ms
2019-08-27 22:23:33,554 [Thread-246] INFO  impl.RoleInfo (RoleInfo.java:shutdownFollowerState(121)) - c9d78582-bde6-4b5f-a9c8-bcd79938bedf: shutdown FollowerState
2019-08-27 22:23:33,554 [Thread-246] INFO  impl.RaftServerImpl (RaftServerImpl.java:setRole(171)) - c9d78582-bde6-4b5f-a9c8-bcd79938bedf:group-EF303059B08E changes role from FOLLOWER to CANDIDATE at term 0 for changeToCandidate
2019-08-27 22:23:33,554 [Thread-246] INFO  impl.RoleInfo (RoleInfo.java:updateAndGet(143)) - c9d78582-bde6-4b5f-a9c8-bcd79938bedf: start LeaderElection
2019-08-27 22:23:33,567 [c9d78582-bde6-4b5f-a9c8-bcd79938bedf:group-EF303059B08E:LeaderElection3] INFO  impl.LeaderElection (LeaderElection.java:askForVotes(181)) - c9d78582-bde6-4b5f-a9c8-bcd79938bedf:group-EF303059B08E:LeaderElection3: begin an election at term 1 for -1: [c9d78582-bde6-4b5f-a9c8-bcd79938bedf:192.168.36.82:40804], old=null
2019-08-27 22:23:33,571 [c9d78582-bde6-4b5f-a9c8-bcd79938bedf:group-EF303059B08E:LeaderElection3] INFO  impl.RoleInfo (RoleInfo.java:shutdownLeaderElection(134)) - c9d78582-bde6-4b5f-a9c8-bcd79938bedf: shutdown LeaderElection
2019-08-27 22:23:33,571 [c9d78582-bde6-4b5f-a9c8-bcd79938bedf:group-EF303059B08E:LeaderElection3] INFO  impl.RaftServerImpl (RaftServerImpl.java:setRole(171)) - c9d78582-bde6-4b5f-a9c8-bcd79938bedf:group-EF303059B08E changes role from CANDIDATE to LEADER at term 1 for changeToLeader
2019-08-27 22:23:33,571 [c9d78582-bde6-4b5f-a9c8-bcd79938bedf:group-EF303059B08E:LeaderElection3] INFO  impl.RaftServerImpl (ServerState.java:setLeader(263)) - c9d78582-bde6-4b5f-a9c8-bcd79938bedf:group-EF303059B08E change Leader from null to c9d78582-bde6-4b5f-a9c8-bcd79938bedf at term 1 for becomeLeader, leader elected after 5134ms
2019-08-27 22:23:33,574 [c9d78582-bde6-4b5f-a9c8-bcd79938bedf:group-EF303059B08E:LeaderElection3] INFO  server.RaftServerConfigKeys (ConfUtils.java:logGet(43)) - raft.server.staging.catchup.gap = 1000 (default)
2019-08-27 22:23:33,574 [c9d78582-bde6-4b5f-a9c8-bcd79938bedf:group-EF303059B08E:LeaderElection3] INFO  server.RaftServerConfigKeys (ConfUtils.java:logGet(43)) - raft.server.rpc.sleep.time = 25ms (default)
2019-08-27 22:23:33,574 [c9d78582-bde6-4b5f-a9c8-bcd79938bedf:group-EF303059B08E:LeaderElection3] INFO  server.RaftServerConfigKeys (ConfUtils.java:logGet(43)) - raft.server.write.element-limit = 4096 (default)
2019-08-27 22:23:33,574 [c9d78582-bde6-4b5f-a9c8-bcd79938bedf:group-EF303059B08E:LeaderElection3] INFO  server.RaftServerConfigKeys (ConfUtils.java:logGet(43)) - raft.server.watch.timeout = 10s (default)
2019-08-27 22:23:33,574 [c9d78582-bde6-4b5f-a9c8-bcd79938bedf:group-EF303059B08E:LeaderElection3] INFO  server.RaftServerConfigKeys (ConfUtils.java:logGet(43)) - raft.server.watch.timeout.denomination = 1s (default)
2019-08-27 22:23:33,574 [c9d78582-bde6-4b5f-a9c8-bcd79938bedf:group-EF303059B08E:LeaderElection3] INFO  server.RaftServerConfigKeys (ConfUtils.java:logGet(43)) - raft.server.watch.element-limit = 65536 (default)
2019-08-27 22:23:33,575 [c9d78582-bde6-4b5f-a9c8-bcd79938bedf:group-EF303059B08E:LeaderElection3] INFO  impl.RoleInfo (RoleInfo.java:updateAndGet(143)) - c9d78582-bde6-4b5f-a9c8-bcd79938bedf: start LeaderState
2019-08-27 22:23:33,575 [c9d78582-bde6-4b5f-a9c8-bcd79938bedf:group-EF303059B08E:LeaderElection3] INFO  segmented.SegmentedRaftLogWorker (SegmentedRaftLogWorker.java:startLogSegment(380)) - c9d78582-bde6-4b5f-a9c8-bcd79938bedf-SegmentedRaftLogWorker:Storage Directory /workdir/hadoop-ozone/integration-test/target/test-dir/MiniOzoneClusterImpl-95eab390-6897-4658-a6ea-ece20233ae92/datanode-2/data/ratis/ba0aa802-3e16-4207-8d61-ef303059b08e: Starting segment from index:0
2019-08-27 22:23:33,576 [c9d78582-bde6-4b5f-a9c8-bcd79938bedf:group-EF303059B08E:LeaderElection3] INFO  impl.RaftServerImpl (ServerState.java:setRaftConf(361)) - c9d78582-bde6-4b5f-a9c8-bcd79938bedf:group-EF303059B08E set configuration 0: [c9d78582-bde6-4b5f-a9c8-bcd79938bedf:192.168.36.82:40804], old=null at 0
2019-08-27 22:23:33,615 [c9d78582-bde6-4b5f-a9c8-bcd79938bedf-SegmentedRaftLogWorker:Storage Directory /workdir/hadoop-ozone/integration-test/target/test-dir/MiniOzoneClusterImpl-95eab390-6897-4658-a6ea-ece20233ae92/datanode-2/data/ratis/ba0aa802-3e16-4207-8d61-ef303059b08e] INFO  segmented.SegmentedRaftLogWorker (SegmentedRaftLogWorker.java:execute(569)) - c9d78582-bde6-4b5f-a9c8-bcd79938bedf-SegmentedRaftLogWorker:Storage Directory /workdir/hadoop-ozone/integration-test/target/test-dir/MiniOzoneClusterImpl-95eab390-6897-4658-a6ea-ece20233ae92/datanode-2/data/ratis/ba0aa802-3e16-4207-8d61-ef303059b08e: created new log segment /workdir/hadoop-ozone/integration-test/target/test-dir/MiniOzoneClusterImpl-95eab390-6897-4658-a6ea-ece20233ae92/datanode-2/data/ratis/ba0aa802-3e16-4207-8d61-ef303059b08e/current/log_inprogress_0
2019-08-27 22:23:33,628 | INFO  | SCMAudit | user=jenkins1000 | ip=192.168.36.82 | op=SEND_HEARTBEAT {datanodeUUID=25145613-3fa0-4f0b-9038-78eecb7deae6, command=[]} | ret=SUCCESS |  
2019-08-27 22:23:33,667 [Thread-255] INFO  impl.FollowerState (FollowerState.java:run(106)) - 0b502caa-68a2-4bb7-9994-f00c500cc251:group-13C72E98E2A4 changes to CANDIDATE, lastRpcTime:5032, electionTimeout:5032ms
2019-08-27 22:23:33,667 [Thread-255] INFO  impl.RoleInfo (RoleInfo.java:shutdownFollowerState(121)) - 0b502caa-68a2-4bb7-9994-f00c500cc251: shutdown FollowerState
2019-08-27 22:23:33,667 [Thread-255] INFO  impl.RaftServerImpl (RaftServerImpl.java:setRole(171)) - 0b502caa-68a2-4bb7-9994-f00c500cc251:group-13C72E98E2A4 changes role from FOLLOWER to CANDIDATE at term 0 for changeToCandidate
2019-08-27 22:23:33,684 | INFO  | SCMAudit | user=jenkins1000 | ip=192.168.36.82 | op=SEND_HEARTBEAT {datanodeUUID=12327982-2cfc-49eb-88eb-ac4a15a5feba, command=[]} | ret=SUCCESS |  
2019-08-27 22:23:33,685 [Thread-255] INFO  impl.RoleInfo (RoleInfo.java:updateAndGet(143)) - 0b502caa-68a2-4bb7-9994-f00c500cc251: start LeaderElection
2019-08-27 22:23:33,696 [grpc-default-executor-2] INFO  client.GrpcClientProtocolClient (GrpcClientProtocolClient.java:onNext(255)) - client-A485569284D4->c9d78582-bde6-4b5f-a9c8-bcd79938bedf: receive RaftClientReply:client-A485569284D4->c9d78582-bde6-4b5f-a9c8-bcd79938bedf@group-363EE032ACEC, cid=13, FAILED org.apache.ratis.protocol.NotLeaderException: Server c9d78582-bde6-4b5f-a9c8-bcd79938bedf is not the leader (null). Request must be sent to leader., logIndex=0, commits[c9d78582-bde6-4b5f-a9c8-bcd79938bedf:c-1]
2019-08-27 22:23:33,707 [Thread-249] INFO  impl.FollowerState (FollowerState.java:run(106)) - dc270109-534b-4ffd-b69c-da4013a4da15:group-3BA12FA61D5A changes to CANDIDATE, lastRpcTime:5200, electionTimeout:5200ms
2019-08-27 22:23:33,708 [Thread-249] INFO  impl.RoleInfo (RoleInfo.java:shutdownFollowerState(121)) - dc270109-534b-4ffd-b69c-da4013a4da15: shutdown FollowerState
2019-08-27 22:23:33,708 [0b502caa-68a2-4bb7-9994-f00c500cc251:group-13C72E98E2A4:LeaderElection4] INFO  impl.LeaderElection (LeaderElection.java:askForVotes(181)) - 0b502caa-68a2-4bb7-9994-f00c500cc251:group-13C72E98E2A4:LeaderElection4: begin an election at term 1 for -1: [0b502caa-68a2-4bb7-9994-f00c500cc251:192.168.36.82:43052], old=null
2019-08-27 22:23:33,709 [Thread-249] INFO  impl.RaftServerImpl (RaftServerImpl.java:setRole(171)) - dc270109-534b-4ffd-b69c-da4013a4da15:group-3BA12FA61D5A changes role from FOLLOWER to CANDIDATE at term 0 for changeToCandidate
2019-08-27 22:23:33,709 [0b502caa-68a2-4bb7-9994-f00c500cc251:group-13C72E98E2A4:LeaderElection4] INFO  impl.RoleInfo (RoleInfo.java:shutdownLeaderElection(134)) - 0b502caa-68a2-4bb7-9994-f00c500cc251: shutdown LeaderElection
2019-08-27 22:23:33,710 [Thread-249] INFO  impl.RoleInfo (RoleInfo.java:updateAndGet(143)) - dc270109-534b-4ffd-b69c-da4013a4da15: start LeaderElection
2019-08-27 22:23:33,710 [0b502caa-68a2-4bb7-9994-f00c500cc251:group-13C72E98E2A4:LeaderElection4] INFO  impl.RaftServerImpl (RaftServerImpl.java:setRole(171)) - 0b502caa-68a2-4bb7-9994-f00c500cc251:group-13C72E98E2A4 changes role from CANDIDATE to LEADER at term 1 for changeToLeader
2019-08-27 22:23:33,710 [0b502caa-68a2-4bb7-9994-f00c500cc251:group-13C72E98E2A4:LeaderElection4] INFO  impl.RaftServerImpl (ServerState.java:setLeader(263)) - 0b502caa-68a2-4bb7-9994-f00c500cc251:group-13C72E98E2A4 change Leader from null to 0b502caa-68a2-4bb7-9994-f00c500cc251 at term 1 for becomeLeader, leader elected after 5078ms
2019-08-27 22:23:33,713 [0b502caa-68a2-4bb7-9994-f00c500cc251:group-13C72E98E2A4:LeaderElection4] INFO  server.RaftServerConfigKeys (ConfUtils.java:logGet(43)) - raft.server.staging.catchup.gap = 1000 (default)
2019-08-27 22:23:33,713 [Thread-252] INFO  impl.FollowerState (FollowerState.java:run(106)) - 12327982-2cfc-49eb-88eb-ac4a15a5feba:group-2EA01A0B64BA changes to CANDIDATE, lastRpcTime:5143, electionTimeout:5143ms
2019-08-27 22:23:33,716 [0b502caa-68a2-4bb7-9994-f00c500cc251:group-13C72E98E2A4:LeaderElection4] INFO  server.RaftServerConfigKeys (ConfUtils.java:logGet(43)) - raft.server.rpc.sleep.time = 25ms (default)
2019-08-27 22:23:33,716 [Thread-252] INFO  impl.RoleInfo (RoleInfo.java:shutdownFollowerState(121)) - 12327982-2cfc-49eb-88eb-ac4a15a5feba: shutdown FollowerState
2019-08-27 22:23:33,716 [0b502caa-68a2-4bb7-9994-f00c500cc251:group-13C72E98E2A4:LeaderElection4] INFO  server.RaftServerConfigKeys (ConfUtils.java:logGet(43)) - raft.server.write.element-limit = 4096 (default)
2019-08-27 22:23:33,716 [Thread-252] INFO  impl.RaftServerImpl (RaftServerImpl.java:setRole(171)) - 12327982-2cfc-49eb-88eb-ac4a15a5feba:group-2EA01A0B64BA changes role from FOLLOWER to CANDIDATE at term 0 for changeToCandidate
2019-08-27 22:23:33,716 [0b502caa-68a2-4bb7-9994-f00c500cc251:group-13C72E98E2A4:LeaderElection4] INFO  server.RaftServerConfigKeys (ConfUtils.java:logGet(43)) - raft.server.watch.timeout = 10s (default)
2019-08-27 22:23:33,716 [Thread-252] INFO  impl.RoleInfo (RoleInfo.java:updateAndGet(143)) - 12327982-2cfc-49eb-88eb-ac4a15a5feba: start LeaderElection
2019-08-27 22:23:33,716 [0b502caa-68a2-4bb7-9994-f00c500cc251:group-13C72E98E2A4:LeaderElection4] INFO  server.RaftServerConfigKeys (ConfUtils.java:logGet(43)) - raft.server.watch.timeout.denomination = 1s (default)
2019-08-27 22:23:33,717 [0b502caa-68a2-4bb7-9994-f00c500cc251:group-13C72E98E2A4:LeaderElection4] INFO  server.RaftServerConfigKeys (ConfUtils.java:logGet(43)) - raft.server.watch.element-limit = 65536 (default)
2019-08-27 22:23:33,721 [0b502caa-68a2-4bb7-9994-f00c500cc251:group-13C72E98E2A4:LeaderElection4] INFO  impl.RoleInfo (RoleInfo.java:updateAndGet(143)) - 0b502caa-68a2-4bb7-9994-f00c500cc251: start LeaderState
2019-08-27 22:23:33,721 [0b502caa-68a2-4bb7-9994-f00c500cc251:group-13C72E98E2A4:LeaderElection4] INFO  segmented.SegmentedRaftLogWorker (SegmentedRaftLogWorker.java:startLogSegment(380)) - 0b502caa-68a2-4bb7-9994-f00c500cc251-SegmentedRaftLogWorker:Storage Directory /workdir/hadoop-ozone/integration-test/target/test-dir/MiniOzoneClusterImpl-95eab390-6897-4658-a6ea-ece20233ae92/datanode-6/data/ratis/7073420e-a189-425e-912e-13c72e98e2a4: Starting segment from index:0
2019-08-27 22:23:33,721 [0b502caa-68a2-4bb7-9994-f00c500cc251:group-13C72E98E2A4:LeaderElection4] INFO  impl.RaftServerImpl (ServerState.java:setRaftConf(361)) - 0b502caa-68a2-4bb7-9994-f00c500cc251:group-13C72E98E2A4 set configuration 0: [0b502caa-68a2-4bb7-9994-f00c500cc251:192.168.36.82:43052], old=null at 0
2019-08-27 22:23:33,746 [Thread-258] INFO  impl.FollowerState (FollowerState.java:run(106)) - d53517dc-e0e6-4c77-a67f-13acdc2df14a:group-F273F80E8B0C changes to CANDIDATE, lastRpcTime:5049, electionTimeout:5042ms
2019-08-27 22:23:33,747 [Thread-258] INFO  impl.RoleInfo (RoleInfo.java:shutdownFollowerState(121)) - d53517dc-e0e6-4c77-a67f-13acdc2df14a: shutdown FollowerState
2019-08-27 22:23:33,747 [Thread-258] INFO  impl.RaftServerImpl (RaftServerImpl.java:setRole(171)) - d53517dc-e0e6-4c77-a67f-13acdc2df14a:group-F273F80E8B0C changes role from FOLLOWER to CANDIDATE at term 0 for changeToCandidate
2019-08-27 22:23:33,747 [dc270109-534b-4ffd-b69c-da4013a4da15:group-3BA12FA61D5A:LeaderElection5] INFO  impl.LeaderElection (LeaderElection.java:askForVotes(181)) - dc270109-534b-4ffd-b69c-da4013a4da15:group-3BA12FA61D5A:LeaderElection5: begin an election at term 1 for -1: [dc270109-534b-4ffd-b69c-da4013a4da15:192.168.36.82:41537], old=null
2019-08-27 22:23:33,747 [12327982-2cfc-49eb-88eb-ac4a15a5feba:group-2EA01A0B64BA:LeaderElection6] INFO  impl.LeaderElection (LeaderElection.java:askForVotes(181)) - 12327982-2cfc-49eb-88eb-ac4a15a5feba:group-2EA01A0B64BA:LeaderElection6: begin an election at term 1 for -1: [12327982-2cfc-49eb-88eb-ac4a15a5feba:192.168.36.82:37376], old=null
2019-08-27 22:23:33,747 [dc270109-534b-4ffd-b69c-da4013a4da15:group-3BA12FA61D5A:LeaderElection5] INFO  impl.RoleInfo (RoleInfo.java:shutdownLeaderElection(134)) - dc270109-534b-4ffd-b69c-da4013a4da15: shutdown LeaderElection
2019-08-27 22:23:33,747 [Thread-258] INFO  impl.RoleInfo (RoleInfo.java:updateAndGet(143)) - d53517dc-e0e6-4c77-a67f-13acdc2df14a: start LeaderElection
2019-08-27 22:23:33,747 [dc270109-534b-4ffd-b69c-da4013a4da15:group-3BA12FA61D5A:LeaderElection5] INFO  impl.RaftServerImpl (RaftServerImpl.java:setRole(171)) - dc270109-534b-4ffd-b69c-da4013a4da15:group-3BA12FA61D5A changes role from CANDIDATE to LEADER at term 1 for changeToLeader
2019-08-27 22:23:33,747 [12327982-2cfc-49eb-88eb-ac4a15a5feba:group-2EA01A0B64BA:LeaderElection6] INFO  impl.RoleInfo (RoleInfo.java:shutdownLeaderElection(134)) - 12327982-2cfc-49eb-88eb-ac4a15a5feba: shutdown LeaderElection
2019-08-27 22:23:33,747 [dc270109-534b-4ffd-b69c-da4013a4da15:group-3BA12FA61D5A:LeaderElection5] INFO  impl.RaftServerImpl (ServerState.java:setLeader(263)) - dc270109-534b-4ffd-b69c-da4013a4da15:group-3BA12FA61D5A change Leader from null to dc270109-534b-4ffd-b69c-da4013a4da15 at term 1 for becomeLeader, leader elected after 5244ms
2019-08-27 22:23:33,753 [12327982-2cfc-49eb-88eb-ac4a15a5feba:group-2EA01A0B64BA:LeaderElection6] INFO  impl.RaftServerImpl (RaftServerImpl.java:setRole(171)) - 12327982-2cfc-49eb-88eb-ac4a15a5feba:group-2EA01A0B64BA changes role from CANDIDATE to LEADER at term 1 for changeToLeader
2019-08-27 22:23:33,754 [dc270109-534b-4ffd-b69c-da4013a4da15:group-3BA12FA61D5A:LeaderElection5] INFO  server.RaftServerConfigKeys (ConfUtils.java:logGet(43)) - raft.server.staging.catchup.gap = 1000 (default)
2019-08-27 22:23:33,755 [12327982-2cfc-49eb-88eb-ac4a15a5feba:group-2EA01A0B64BA:LeaderElection6] INFO  impl.RaftServerImpl (ServerState.java:setLeader(263)) - 12327982-2cfc-49eb-88eb-ac4a15a5feba:group-2EA01A0B64BA change Leader from null to 12327982-2cfc-49eb-88eb-ac4a15a5feba at term 1 for becomeLeader, leader elected after 5190ms
2019-08-27 22:23:33,755 [dc270109-534b-4ffd-b69c-da4013a4da15:group-3BA12FA61D5A:LeaderElection5] INFO  server.RaftServerConfigKeys (ConfUtils.java:logGet(43)) - raft.server.rpc.sleep.time = 25ms (default)
2019-08-27 22:23:33,756 [12327982-2cfc-49eb-88eb-ac4a15a5feba:group-2EA01A0B64BA:LeaderElection6] INFO  server.RaftServerConfigKeys (ConfUtils.java:logGet(43)) - raft.server.staging.catchup.gap = 1000 (default)
2019-08-27 22:23:33,757 [dc270109-534b-4ffd-b69c-da4013a4da15:group-3BA12FA61D5A:LeaderElection5] INFO  server.RaftServerConfigKeys (ConfUtils.java:logGet(43)) - raft.server.write.element-limit = 4096 (default)
2019-08-27 22:23:33,757 [12327982-2cfc-49eb-88eb-ac4a15a5feba:group-2EA01A0B64BA:LeaderElection6] INFO  server.RaftServerConfigKeys (ConfUtils.java:logGet(43)) - raft.server.rpc.sleep.time = 25ms (default)
2019-08-27 22:23:33,757 [dc270109-534b-4ffd-b69c-da4013a4da15:group-3BA12FA61D5A:LeaderElection5] INFO  server.RaftServerConfigKeys (ConfUtils.java:logGet(43)) - raft.server.watch.timeout = 10s (default)
2019-08-27 22:23:33,757 [12327982-2cfc-49eb-88eb-ac4a15a5feba:group-2EA01A0B64BA:LeaderElection6] INFO  server.RaftServerConfigKeys (ConfUtils.java:logGet(43)) - raft.server.write.element-limit = 4096 (default)
2019-08-27 22:23:33,757 [dc270109-534b-4ffd-b69c-da4013a4da15:group-3BA12FA61D5A:LeaderElection5] INFO  server.RaftServerConfigKeys (ConfUtils.java:logGet(43)) - raft.server.watch.timeout.denomination = 1s (default)
2019-08-27 22:23:33,757 [12327982-2cfc-49eb-88eb-ac4a15a5feba:group-2EA01A0B64BA:LeaderElection6] INFO  server.RaftServerConfigKeys (ConfUtils.java:logGet(43)) - raft.server.watch.timeout = 10s (default)
2019-08-27 22:23:33,757 [dc270109-534b-4ffd-b69c-da4013a4da15:group-3BA12FA61D5A:LeaderElection5] INFO  server.RaftServerConfigKeys (ConfUtils.java:logGet(43)) - raft.server.watch.element-limit = 65536 (default)
2019-08-27 22:23:33,757 [12327982-2cfc-49eb-88eb-ac4a15a5feba:group-2EA01A0B64BA:LeaderElection6] INFO  server.RaftServerConfigKeys (ConfUtils.java:logGet(43)) - raft.server.watch.timeout.denomination = 1s (default)
2019-08-27 22:23:33,757 [12327982-2cfc-49eb-88eb-ac4a15a5feba:group-2EA01A0B64BA:LeaderElection6] INFO  server.RaftServerConfigKeys (ConfUtils.java:logGet(43)) - raft.server.watch.element-limit = 65536 (default)
2019-08-27 22:23:33,757 [dc270109-534b-4ffd-b69c-da4013a4da15:group-3BA12FA61D5A:LeaderElection5] INFO  impl.RoleInfo (RoleInfo.java:updateAndGet(143)) - dc270109-534b-4ffd-b69c-da4013a4da15: start LeaderState
2019-08-27 22:23:33,757 [12327982-2cfc-49eb-88eb-ac4a15a5feba:group-2EA01A0B64BA:LeaderElection6] INFO  impl.RoleInfo (RoleInfo.java:updateAndGet(143)) - 12327982-2cfc-49eb-88eb-ac4a15a5feba: start LeaderState
2019-08-27 22:23:33,758 [dc270109-534b-4ffd-b69c-da4013a4da15:group-3BA12FA61D5A:LeaderElection5] INFO  segmented.SegmentedRaftLogWorker (SegmentedRaftLogWorker.java:startLogSegment(380)) - dc270109-534b-4ffd-b69c-da4013a4da15-SegmentedRaftLogWorker:Storage Directory /workdir/hadoop-ozone/integration-test/target/test-dir/MiniOzoneClusterImpl-95eab390-6897-4658-a6ea-ece20233ae92/datanode-3/data/ratis/761a3b7f-05f9-4b73-912f-3ba12fa61d5a: Starting segment from index:0
2019-08-27 22:23:33,758 [12327982-2cfc-49eb-88eb-ac4a15a5feba:group-2EA01A0B64BA:LeaderElection6] INFO  segmented.SegmentedRaftLogWorker (SegmentedRaftLogWorker.java:startLogSegment(380)) - 12327982-2cfc-49eb-88eb-ac4a15a5feba-SegmentedRaftLogWorker:Storage Directory /workdir/hadoop-ozone/integration-test/target/test-dir/MiniOzoneClusterImpl-95eab390-6897-4658-a6ea-ece20233ae92/datanode-1/data/ratis/f8c5bcd1-7c8c-422e-b0d1-2ea01a0b64ba: Starting segment from index:0
2019-08-27 22:23:33,758 [dc270109-534b-4ffd-b69c-da4013a4da15:group-3BA12FA61D5A:LeaderElection5] INFO  impl.RaftServerImpl (ServerState.java:setRaftConf(361)) - dc270109-534b-4ffd-b69c-da4013a4da15:group-3BA12FA61D5A set configuration 0: [dc270109-534b-4ffd-b69c-da4013a4da15:192.168.36.82:41537], old=null at 0
2019-08-27 22:23:33,758 [12327982-2cfc-49eb-88eb-ac4a15a5feba:group-2EA01A0B64BA:LeaderElection6] INFO  impl.RaftServerImpl (ServerState.java:setRaftConf(361)) - 12327982-2cfc-49eb-88eb-ac4a15a5feba:group-2EA01A0B64BA set configuration 0: [12327982-2cfc-49eb-88eb-ac4a15a5feba:192.168.36.82:37376], old=null at 0
2019-08-27 22:23:33,760 [0b502caa-68a2-4bb7-9994-f00c500cc251-SegmentedRaftLogWorker:Storage Directory /workdir/hadoop-ozone/integration-test/target/test-dir/MiniOzoneClusterImpl-95eab390-6897-4658-a6ea-ece20233ae92/datanode-6/data/ratis/7073420e-a189-425e-912e-13c72e98e2a4] INFO  segmented.SegmentedRaftLogWorker (SegmentedRaftLogWorker.java:execute(569)) - 0b502caa-68a2-4bb7-9994-f00c500cc251-SegmentedRaftLogWorker:Storage Directory /workdir/hadoop-ozone/integration-test/target/test-dir/MiniOzoneClusterImpl-95eab390-6897-4658-a6ea-ece20233ae92/datanode-6/data/ratis/7073420e-a189-425e-912e-13c72e98e2a4: created new log segment /workdir/hadoop-ozone/integration-test/target/test-dir/MiniOzoneClusterImpl-95eab390-6897-4658-a6ea-ece20233ae92/datanode-6/data/ratis/7073420e-a189-425e-912e-13c72e98e2a4/current/log_inprogress_0
2019-08-27 22:23:33,794 [Thread-264] INFO  impl.FollowerState (FollowerState.java:run(106)) - 25145613-3fa0-4f0b-9038-78eecb7deae6:group-363EE032ACEC changes to CANDIDATE, lastRpcTime:5011, electionTimeout:5008ms
2019-08-27 22:23:33,760 [d53517dc-e0e6-4c77-a67f-13acdc2df14a:group-F273F80E8B0C:LeaderElection7] INFO  impl.LeaderElection (LeaderElection.java:askForVotes(181)) - d53517dc-e0e6-4c77-a67f-13acdc2df14a:group-F273F80E8B0C:LeaderElection7: begin an election at term 1 for -1: [d53517dc-e0e6-4c77-a67f-13acdc2df14a:192.168.36.82:39318], old=null
2019-08-27 22:23:33,794 [Thread-264] INFO  impl.RoleInfo (RoleInfo.java:shutdownFollowerState(121)) - 25145613-3fa0-4f0b-9038-78eecb7deae6: shutdown FollowerState
2019-08-27 22:23:33,825 [d53517dc-e0e6-4c77-a67f-13acdc2df14a:group-F273F80E8B0C:LeaderElection7] INFO  impl.RoleInfo (RoleInfo.java:shutdownLeaderElection(134)) - d53517dc-e0e6-4c77-a67f-13acdc2df14a: shutdown LeaderElection
2019-08-27 22:23:33,825 [12327982-2cfc-49eb-88eb-ac4a15a5feba-SegmentedRaftLogWorker:Storage Directory /workdir/hadoop-ozone/integration-test/target/test-dir/MiniOzoneClusterImpl-95eab390-6897-4658-a6ea-ece20233ae92/datanode-1/data/ratis/f8c5bcd1-7c8c-422e-b0d1-2ea01a0b64ba] INFO  segmented.SegmentedRaftLogWorker (SegmentedRaftLogWorker.java:execute(569)) - 12327982-2cfc-49eb-88eb-ac4a15a5feba-SegmentedRaftLogWorker:Storage Directory /workdir/hadoop-ozone/integration-test/target/test-dir/MiniOzoneClusterImpl-95eab390-6897-4658-a6ea-ece20233ae92/datanode-1/data/ratis/f8c5bcd1-7c8c-422e-b0d1-2ea01a0b64ba: created new log segment /workdir/hadoop-ozone/integration-test/target/test-dir/MiniOzoneClusterImpl-95eab390-6897-4658-a6ea-ece20233ae92/datanode-1/data/ratis/f8c5bcd1-7c8c-422e-b0d1-2ea01a0b64ba/current/log_inprogress_0
2019-08-27 22:23:33,825 [Thread-264] INFO  impl.RaftServerImpl (RaftServerImpl.java:setRole(171)) - 25145613-3fa0-4f0b-9038-78eecb7deae6:group-363EE032ACEC changes role from FOLLOWER to CANDIDATE at term 0 for changeToCandidate
2019-08-27 22:23:33,825 [d53517dc-e0e6-4c77-a67f-13acdc2df14a:group-F273F80E8B0C:LeaderElection7] INFO  impl.RaftServerImpl (RaftServerImpl.java:setRole(171)) - d53517dc-e0e6-4c77-a67f-13acdc2df14a:group-F273F80E8B0C changes role from CANDIDATE to LEADER at term 1 for changeToLeader
2019-08-27 22:23:33,827 [Thread-264] INFO  impl.RoleInfo (RoleInfo.java:updateAndGet(143)) - 25145613-3fa0-4f0b-9038-78eecb7deae6: start LeaderElection
2019-08-27 22:23:33,827 [d53517dc-e0e6-4c77-a67f-13acdc2df14a:group-F273F80E8B0C:LeaderElection7] INFO  impl.RaftServerImpl (ServerState.java:setLeader(263)) - d53517dc-e0e6-4c77-a67f-13acdc2df14a:group-F273F80E8B0C change Leader from null to d53517dc-e0e6-4c77-a67f-13acdc2df14a at term 1 for becomeLeader, leader elected after 5133ms
2019-08-27 22:23:33,830 [d53517dc-e0e6-4c77-a67f-13acdc2df14a:group-F273F80E8B0C:LeaderElection7] INFO  server.RaftServerConfigKeys (ConfUtils.java:logGet(43)) - raft.server.staging.catchup.gap = 1000 (default)
2019-08-27 22:23:33,833 | INFO  | SCMAudit | user=jenkins1000 | ip=192.168.36.82 | op=SEND_HEARTBEAT {datanodeUUID=d53517dc-e0e6-4c77-a67f-13acdc2df14a, command=[]} | ret=SUCCESS |  
2019-08-27 22:23:33,833 [d53517dc-e0e6-4c77-a67f-13acdc2df14a:group-F273F80E8B0C:LeaderElection7] INFO  server.RaftServerConfigKeys (ConfUtils.java:logGet(43)) - raft.server.rpc.sleep.time = 25ms (default)
2019-08-27 22:23:33,833 [d53517dc-e0e6-4c77-a67f-13acdc2df14a:group-F273F80E8B0C:LeaderElection7] INFO  server.RaftServerConfigKeys (ConfUtils.java:logGet(43)) - raft.server.write.element-limit = 4096 (default)
2019-08-27 22:23:33,833 [d53517dc-e0e6-4c77-a67f-13acdc2df14a:group-F273F80E8B0C:LeaderElection7] INFO  server.RaftServerConfigKeys (ConfUtils.java:logGet(43)) - raft.server.watch.timeout = 10s (default)
2019-08-27 22:23:33,833 [d53517dc-e0e6-4c77-a67f-13acdc2df14a:group-F273F80E8B0C:LeaderElection7] INFO  server.RaftServerConfigKeys (ConfUtils.java:logGet(43)) - raft.server.watch.timeout.denomination = 1s (default)
2019-08-27 22:23:33,833 [d53517dc-e0e6-4c77-a67f-13acdc2df14a:group-F273F80E8B0C:LeaderElection7] INFO  server.RaftServerConfigKeys (ConfUtils.java:logGet(43)) - raft.server.watch.element-limit = 65536 (default)
2019-08-27 22:23:33,833 [d53517dc-e0e6-4c77-a67f-13acdc2df14a:group-F273F80E8B0C:LeaderElection7] INFO  impl.RoleInfo (RoleInfo.java:updateAndGet(143)) - d53517dc-e0e6-4c77-a67f-13acdc2df14a: start LeaderState
2019-08-27 22:23:33,834 [d53517dc-e0e6-4c77-a67f-13acdc2df14a:group-F273F80E8B0C:LeaderElection7] INFO  segmented.SegmentedRaftLogWorker (SegmentedRaftLogWorker.java:startLogSegment(380)) - d53517dc-e0e6-4c77-a67f-13acdc2df14a-SegmentedRaftLogWorker:Storage Directory /workdir/hadoop-ozone/integration-test/target/test-dir/MiniOzoneClusterImpl-95eab390-6897-4658-a6ea-ece20233ae92/datanode-5/data/ratis/2d65f282-d740-48ac-b29e-f273f80e8b0c: Starting segment from index:0
2019-08-27 22:23:33,834 [d53517dc-e0e6-4c77-a67f-13acdc2df14a:group-F273F80E8B0C:LeaderElection7] INFO  impl.RaftServerImpl (ServerState.java:setRaftConf(361)) - d53517dc-e0e6-4c77-a67f-13acdc2df14a:group-F273F80E8B0C set configuration 0: [d53517dc-e0e6-4c77-a67f-13acdc2df14a:192.168.36.82:39318], old=null at 0
2019-08-27 22:23:33,863 [dc270109-534b-4ffd-b69c-da4013a4da15-SegmentedRaftLogWorker:Storage Directory /workdir/hadoop-ozone/integration-test/target/test-dir/MiniOzoneClusterImpl-95eab390-6897-4658-a6ea-ece20233ae92/datanode-3/data/ratis/761a3b7f-05f9-4b73-912f-3ba12fa61d5a] INFO  segmented.SegmentedRaftLogWorker (SegmentedRaftLogWorker.java:execute(569)) - dc270109-534b-4ffd-b69c-da4013a4da15-SegmentedRaftLogWorker:Storage Directory /workdir/hadoop-ozone/integration-test/target/test-dir/MiniOzoneClusterImpl-95eab390-6897-4658-a6ea-ece20233ae92/datanode-3/data/ratis/761a3b7f-05f9-4b73-912f-3ba12fa61d5a: created new log segment /workdir/hadoop-ozone/integration-test/target/test-dir/MiniOzoneClusterImpl-95eab390-6897-4658-a6ea-ece20233ae92/datanode-3/data/ratis/761a3b7f-05f9-4b73-912f-3ba12fa61d5a/current/log_inprogress_0
2019-08-27 22:23:33,863 [25145613-3fa0-4f0b-9038-78eecb7deae6:group-363EE032ACEC:LeaderElection8] INFO  impl.LeaderElection (LeaderElection.java:askForVotes(181)) - 25145613-3fa0-4f0b-9038-78eecb7deae6:group-363EE032ACEC:LeaderElection8: begin an election at term 1 for -1: [dc270109-534b-4ffd-b69c-da4013a4da15:192.168.36.82:41537, 25145613-3fa0-4f0b-9038-78eecb7deae6:192.168.36.82:35339, c9d78582-bde6-4b5f-a9c8-bcd79938bedf:192.168.36.82:40804], old=null
2019-08-27 22:23:33,881 [d53517dc-e0e6-4c77-a67f-13acdc2df14a-SegmentedRaftLogWorker:Storage Directory /workdir/hadoop-ozone/integration-test/target/test-dir/MiniOzoneClusterImpl-95eab390-6897-4658-a6ea-ece20233ae92/datanode-5/data/ratis/2d65f282-d740-48ac-b29e-f273f80e8b0c] INFO  segmented.SegmentedRaftLogWorker (SegmentedRaftLogWorker.java:execute(569)) - d53517dc-e0e6-4c77-a67f-13acdc2df14a-SegmentedRaftLogWorker:Storage Directory /workdir/hadoop-ozone/integration-test/target/test-dir/MiniOzoneClusterImpl-95eab390-6897-4658-a6ea-ece20233ae92/datanode-5/data/ratis/2d65f282-d740-48ac-b29e-f273f80e8b0c: created new log segment /workdir/hadoop-ozone/integration-test/target/test-dir/MiniOzoneClusterImpl-95eab390-6897-4658-a6ea-ece20233ae92/datanode-5/data/ratis/2d65f282-d740-48ac-b29e-f273f80e8b0c/current/log_inprogress_0
2019-08-27 22:23:33,881 [Thread-267] INFO  impl.FollowerState (FollowerState.java:run(106)) - dc270109-534b-4ffd-b69c-da4013a4da15:group-363EE032ACEC changes to CANDIDATE, lastRpcTime:5098, electionTimeout:5091ms
2019-08-27 22:23:33,884 [Thread-267] INFO  impl.RoleInfo (RoleInfo.java:shutdownFollowerState(121)) - dc270109-534b-4ffd-b69c-da4013a4da15: shutdown FollowerState
2019-08-27 22:23:33,884 [Thread-267] INFO  impl.RaftServerImpl (RaftServerImpl.java:setRole(171)) - dc270109-534b-4ffd-b69c-da4013a4da15:group-363EE032ACEC changes role from FOLLOWER to CANDIDATE at term 0 for changeToCandidate
2019-08-27 22:23:33,884 [Thread-267] INFO  impl.RoleInfo (RoleInfo.java:updateAndGet(143)) - dc270109-534b-4ffd-b69c-da4013a4da15: start LeaderElection
2019-08-27 22:23:33,887 [Thread-272] INFO  impl.FollowerState (FollowerState.java:run(106)) - 12327982-2cfc-49eb-88eb-ac4a15a5feba:group-A04F985EB703 changes to CANDIDATE, lastRpcTime:5020, electionTimeout:5020ms
2019-08-27 22:23:33,889 [Thread-272] INFO  impl.RoleInfo (RoleInfo.java:shutdownFollowerState(121)) - 12327982-2cfc-49eb-88eb-ac4a15a5feba: shutdown FollowerState
2019-08-27 22:23:33,889 [Thread-272] INFO  impl.RaftServerImpl (RaftServerImpl.java:setRole(171)) - 12327982-2cfc-49eb-88eb-ac4a15a5feba:group-A04F985EB703 changes role from FOLLOWER to CANDIDATE at term 0 for changeToCandidate
2019-08-27 22:23:33,890 [Thread-272] INFO  impl.RoleInfo (RoleInfo.java:updateAndGet(143)) - 12327982-2cfc-49eb-88eb-ac4a15a5feba: start LeaderElection
2019-08-27 22:23:33,897 [dc270109-534b-4ffd-b69c-da4013a4da15:group-363EE032ACEC:LeaderElection9] INFO  impl.LeaderElection (LeaderElection.java:askForVotes(181)) - dc270109-534b-4ffd-b69c-da4013a4da15:group-363EE032ACEC:LeaderElection9: begin an election at term 1 for -1: [dc270109-534b-4ffd-b69c-da4013a4da15:192.168.36.82:41537, 25145613-3fa0-4f0b-9038-78eecb7deae6:192.168.36.82:35339, c9d78582-bde6-4b5f-a9c8-bcd79938bedf:192.168.36.82:40804], old=null
2019-08-27 22:23:33,900 [12327982-2cfc-49eb-88eb-ac4a15a5feba:group-A04F985EB703:LeaderElection10] INFO  impl.LeaderElection (LeaderElection.java:askForVotes(181)) - 12327982-2cfc-49eb-88eb-ac4a15a5feba:group-A04F985EB703:LeaderElection10: begin an election at term 1 for -1: [12327982-2cfc-49eb-88eb-ac4a15a5feba:192.168.36.82:37376, 0b502caa-68a2-4bb7-9994-f00c500cc251:192.168.36.82:43052, 16bc7653-c528-4f55-9a04-43f9c2b9cdff:192.168.36.82:37768], old=null
2019-08-27 22:23:33,916 | INFO  | SCMAudit | user=jenkins1000 | ip=192.168.36.82 | op=SEND_HEARTBEAT {datanodeUUID=c9d78582-bde6-4b5f-a9c8-bcd79938bedf, command=[]} | ret=SUCCESS |  
2019-08-27 22:23:33,919 [grpc-default-executor-1] INFO  impl.RaftServerImpl (RaftServerImpl.java:setRole(171)) - c9d78582-bde6-4b5f-a9c8-bcd79938bedf:group-363EE032ACEC changes role from FOLLOWER to FOLLOWER at term 1 for recognizeCandidate:25145613-3fa0-4f0b-9038-78eecb7deae6
2019-08-27 22:23:33,919 [grpc-default-executor-1] INFO  impl.RoleInfo (RoleInfo.java:shutdownFollowerState(121)) - c9d78582-bde6-4b5f-a9c8-bcd79938bedf: shutdown FollowerState
2019-08-27 22:23:33,919 [grpc-default-executor-1] INFO  impl.RoleInfo (RoleInfo.java:updateAndGet(143)) - c9d78582-bde6-4b5f-a9c8-bcd79938bedf: start FollowerState
2019-08-27 22:23:33,919 [Thread-261] INFO  impl.FollowerState (FollowerState.java:run(114)) - c9d78582-bde6-4b5f-a9c8-bcd79938bedf: FollowerState was interrupted: java.lang.InterruptedException: sleep interrupted
2019-08-27 22:23:33,931 [grpc-default-executor-3] INFO  impl.RaftServerImpl (RaftServerImpl.java:setRole(171)) - 16bc7653-c528-4f55-9a04-43f9c2b9cdff:group-A04F985EB703 changes role from FOLLOWER to FOLLOWER at term 1 for recognizeCandidate:12327982-2cfc-49eb-88eb-ac4a15a5feba
2019-08-27 22:23:33,931 [grpc-default-executor-3] INFO  impl.RoleInfo (RoleInfo.java:shutdownFollowerState(121)) - 16bc7653-c528-4f55-9a04-43f9c2b9cdff: shutdown FollowerState
2019-08-27 22:23:33,932 [Thread-271] INFO  impl.FollowerState (FollowerState.java:run(114)) - 16bc7653-c528-4f55-9a04-43f9c2b9cdff: FollowerState was interrupted: java.lang.InterruptedException: sleep interrupted
2019-08-27 22:23:33,932 [grpc-default-executor-3] INFO  impl.RoleInfo (RoleInfo.java:updateAndGet(143)) - 16bc7653-c528-4f55-9a04-43f9c2b9cdff: start FollowerState
2019-08-27 22:23:33,939 [grpc-default-executor-4] INFO  impl.RaftServerImpl (RaftServerImpl.java:setRole(171)) - 0b502caa-68a2-4bb7-9994-f00c500cc251:group-A04F985EB703 changes role from FOLLOWER to FOLLOWER at term 1 for recognizeCandidate:12327982-2cfc-49eb-88eb-ac4a15a5feba
2019-08-27 22:23:33,939 [grpc-default-executor-4] INFO  impl.RoleInfo (RoleInfo.java:shutdownFollowerState(121)) - 0b502caa-68a2-4bb7-9994-f00c500cc251: shutdown FollowerState
2019-08-27 22:23:33,946 [Thread-276] INFO  impl.FollowerState (FollowerState.java:run(114)) - 0b502caa-68a2-4bb7-9994-f00c500cc251: FollowerState was interrupted: java.lang.InterruptedException: sleep interrupted
2019-08-27 22:23:33,946 [grpc-default-executor-4] INFO  impl.RoleInfo (RoleInfo.java:updateAndGet(143)) - 0b502caa-68a2-4bb7-9994-f00c500cc251: start FollowerState
2019-08-27 22:23:33,950 | INFO  | SCMAudit | user=jenkins1000 | ip=192.168.36.82 | op=SEND_HEARTBEAT {datanodeUUID=0b502caa-68a2-4bb7-9994-f00c500cc251, command=[]} | ret=SUCCESS |  
2019-08-27 22:23:33,956 [dc270109-534b-4ffd-b69c-da4013a4da15:group-363EE032ACEC:LeaderElection9] INFO  impl.LeaderElection (LeaderElection.java:logAndReturn(56)) - dc270109-534b-4ffd-b69c-da4013a4da15:group-363EE032ACEC:LeaderElection9: Election REJECTED; received 2 response(s) [dc270109-534b-4ffd-b69c-da4013a4da15<-25145613-3fa0-4f0b-9038-78eecb7deae6#0:FAIL-t1, dc270109-534b-4ffd-b69c-da4013a4da15<-c9d78582-bde6-4b5f-a9c8-bcd79938bedf#0:FAIL-t1] and 0 exception(s); dc270109-534b-4ffd-b69c-da4013a4da15:t1, leader=null, voted=dc270109-534b-4ffd-b69c-da4013a4da15, raftlog=dc270109-534b-4ffd-b69c-da4013a4da15-SegmentedRaftLog:OPENED:c-1,f-1,i0, conf=-1: [dc270109-534b-4ffd-b69c-da4013a4da15:192.168.36.82:41537, 25145613-3fa0-4f0b-9038-78eecb7deae6:192.168.36.82:35339, c9d78582-bde6-4b5f-a9c8-bcd79938bedf:192.168.36.82:40804], old=null
2019-08-27 22:23:33,956 [12327982-2cfc-49eb-88eb-ac4a15a5feba:group-A04F985EB703:LeaderElection10] INFO  impl.LeaderElection (LeaderElection.java:logAndReturn(56)) - 12327982-2cfc-49eb-88eb-ac4a15a5feba:group-A04F985EB703:LeaderElection10: Election PASSED; received 1 response(s) [12327982-2cfc-49eb-88eb-ac4a15a5feba<-0b502caa-68a2-4bb7-9994-f00c500cc251#0:OK-t1] and 0 exception(s); 12327982-2cfc-49eb-88eb-ac4a15a5feba:t1, leader=null, voted=12327982-2cfc-49eb-88eb-ac4a15a5feba, raftlog=12327982-2cfc-49eb-88eb-ac4a15a5feba-SegmentedRaftLog:OPENED:c-1,f-1,i0, conf=-1: [12327982-2cfc-49eb-88eb-ac4a15a5feba:192.168.36.82:37376, 0b502caa-68a2-4bb7-9994-f00c500cc251:192.168.36.82:43052, 16bc7653-c528-4f55-9a04-43f9c2b9cdff:192.168.36.82:37768], old=null
2019-08-27 22:23:33,956 [25145613-3fa0-4f0b-9038-78eecb7deae6:group-363EE032ACEC:LeaderElection8] INFO  impl.LeaderElection (LeaderElection.java:logAndReturn(56)) - 25145613-3fa0-4f0b-9038-78eecb7deae6:group-363EE032ACEC:LeaderElection8: Election PASSED; received 2 response(s) [25145613-3fa0-4f0b-9038-78eecb7deae6<-dc270109-534b-4ffd-b69c-da4013a4da15#0:FAIL-t1, 25145613-3fa0-4f0b-9038-78eecb7deae6<-c9d78582-bde6-4b5f-a9c8-bcd79938bedf#0:OK-t1] and 0 exception(s); 25145613-3fa0-4f0b-9038-78eecb7deae6:t1, leader=null, voted=25145613-3fa0-4f0b-9038-78eecb7deae6, raftlog=25145613-3fa0-4f0b-9038-78eecb7deae6-SegmentedRaftLog:OPENED:c-1,f-1,i0, conf=-1: [dc270109-534b-4ffd-b69c-da4013a4da15:192.168.36.82:41537, 25145613-3fa0-4f0b-9038-78eecb7deae6:192.168.36.82:35339, c9d78582-bde6-4b5f-a9c8-bcd79938bedf:192.168.36.82:40804], old=null
2019-08-27 22:23:33,958 [12327982-2cfc-49eb-88eb-ac4a15a5feba:group-A04F985EB703:LeaderElection10] INFO  impl.RoleInfo (RoleInfo.java:shutdownLeaderElection(134)) - 12327982-2cfc-49eb-88eb-ac4a15a5feba: shutdown LeaderElection
2019-08-27 22:23:33,956 [dc270109-534b-4ffd-b69c-da4013a4da15:group-363EE032ACEC:LeaderElection9] INFO  impl.RaftServerImpl (RaftServerImpl.java:setRole(171)) - dc270109-534b-4ffd-b69c-da4013a4da15:group-363EE032ACEC changes role from CANDIDATE to FOLLOWER at term 1 for DISCOVERED_A_NEW_TERM
2019-08-27 22:23:33,964 [dc270109-534b-4ffd-b69c-da4013a4da15:group-363EE032ACEC:LeaderElection9] INFO  impl.RoleInfo (RoleInfo.java:shutdownLeaderElection(134)) - dc270109-534b-4ffd-b69c-da4013a4da15: shutdown LeaderElection
2019-08-27 22:23:33,960 [25145613-3fa0-4f0b-9038-78eecb7deae6:group-363EE032ACEC:LeaderElection8] INFO  impl.RoleInfo (RoleInfo.java:shutdownLeaderElection(134)) - 25145613-3fa0-4f0b-9038-78eecb7deae6: shutdown LeaderElection
2019-08-27 22:23:33,960 [12327982-2cfc-49eb-88eb-ac4a15a5feba:group-A04F985EB703:LeaderElection10] INFO  impl.RaftServerImpl (RaftServerImpl.java:setRole(171)) - 12327982-2cfc-49eb-88eb-ac4a15a5feba:group-A04F985EB703 changes role from CANDIDATE to LEADER at term 1 for changeToLeader
2019-08-27 22:23:33,966 [25145613-3fa0-4f0b-9038-78eecb7deae6:group-363EE032ACEC:LeaderElection8] INFO  impl.RaftServerImpl (RaftServerImpl.java:setRole(171)) - 25145613-3fa0-4f0b-9038-78eecb7deae6:group-363EE032ACEC changes role from CANDIDATE to LEADER at term 1 for changeToLeader
2019-08-27 22:23:33,966 [dc270109-534b-4ffd-b69c-da4013a4da15:group-363EE032ACEC:LeaderElection9] INFO  impl.RoleInfo (RoleInfo.java:updateAndGet(143)) - dc270109-534b-4ffd-b69c-da4013a4da15: start FollowerState
2019-08-27 22:23:33,966 [25145613-3fa0-4f0b-9038-78eecb7deae6:group-363EE032ACEC:LeaderElection8] INFO  impl.RaftServerImpl (ServerState.java:setLeader(263)) - 25145613-3fa0-4f0b-9038-78eecb7deae6:group-363EE032ACEC change Leader from null to 25145613-3fa0-4f0b-9038-78eecb7deae6 at term 1 for becomeLeader, leader elected after 5194ms
2019-08-27 22:23:33,966 [12327982-2cfc-49eb-88eb-ac4a15a5feba:group-A04F985EB703:LeaderElection10] INFO  impl.RaftServerImpl (ServerState.java:setLeader(263)) - 12327982-2cfc-49eb-88eb-ac4a15a5feba:group-A04F985EB703 change Leader from null to 12327982-2cfc-49eb-88eb-ac4a15a5feba at term 1 for becomeLeader, leader elected after 5109ms
2019-08-27 22:23:33,966 [25145613-3fa0-4f0b-9038-78eecb7deae6:group-363EE032ACEC:LeaderElection8] INFO  server.RaftServerConfigKeys (ConfUtils.java:logGet(43)) - raft.server.staging.catchup.gap = 1000 (default)
2019-08-27 22:23:33,967 [12327982-2cfc-49eb-88eb-ac4a15a5feba:group-A04F985EB703:LeaderElection10] INFO  server.RaftServerConfigKeys (ConfUtils.java:logGet(43)) - raft.server.staging.catchup.gap = 1000 (default)
2019-08-27 22:23:33,968 [25145613-3fa0-4f0b-9038-78eecb7deae6:group-363EE032ACEC:LeaderElection8] INFO  server.RaftServerConfigKeys (ConfUtils.java:logGet(43)) - raft.server.rpc.sleep.time = 25ms (default)
2019-08-27 22:23:33,968 [12327982-2cfc-49eb-88eb-ac4a15a5feba:group-A04F985EB703:LeaderElection10] INFO  server.RaftServerConfigKeys (ConfUtils.java:logGet(43)) - raft.server.rpc.sleep.time = 25ms (default)
2019-08-27 22:23:33,968 [25145613-3fa0-4f0b-9038-78eecb7deae6:group-363EE032ACEC:LeaderElection8] INFO  server.RaftServerConfigKeys (ConfUtils.java:logGet(43)) - raft.server.write.element-limit = 4096 (default)
2019-08-27 22:23:33,968 [12327982-2cfc-49eb-88eb-ac4a15a5feba:group-A04F985EB703:LeaderElection10] INFO  server.RaftServerConfigKeys (ConfUtils.java:logGet(43)) - raft.server.write.element-limit = 4096 (default)
2019-08-27 22:23:33,968 [25145613-3fa0-4f0b-9038-78eecb7deae6:group-363EE032ACEC:LeaderElection8] INFO  server.RaftServerConfigKeys (ConfUtils.java:logGet(43)) - raft.server.watch.timeout = 10s (default)
2019-08-27 22:23:33,968 [12327982-2cfc-49eb-88eb-ac4a15a5feba:group-A04F985EB703:LeaderElection10] INFO  server.RaftServerConfigKeys (ConfUtils.java:logGet(43)) - raft.server.watch.timeout = 10s (default)
2019-08-27 22:23:33,968 [25145613-3fa0-4f0b-9038-78eecb7deae6:group-363EE032ACEC:LeaderElection8] INFO  server.RaftServerConfigKeys (ConfUtils.java:logGet(43)) - raft.server.watch.timeout.denomination = 1s (default)
2019-08-27 22:23:33,968 [12327982-2cfc-49eb-88eb-ac4a15a5feba:group-A04F985EB703:LeaderElection10] INFO  server.RaftServerConfigKeys (ConfUtils.java:logGet(43)) - raft.server.watch.timeout.denomination = 1s (default)
2019-08-27 22:23:33,968 [25145613-3fa0-4f0b-9038-78eecb7deae6:group-363EE032ACEC:LeaderElection8] INFO  server.RaftServerConfigKeys (ConfUtils.java:logGet(43)) - raft.server.watch.element-limit = 65536 (default)
2019-08-27 22:23:33,968 [12327982-2cfc-49eb-88eb-ac4a15a5feba:group-A04F985EB703:LeaderElection10] INFO  server.RaftServerConfigKeys (ConfUtils.java:logGet(43)) - raft.server.watch.element-limit = 65536 (default)
2019-08-27 22:23:33,971 [25145613-3fa0-4f0b-9038-78eecb7deae6:group-363EE032ACEC:LeaderElection8] INFO  server.RaftServerConfigKeys (ConfUtils.java:logGet(43)) - raft.server.log.appender.snapshot.chunk.size.max = 16MB (=16777216) (default)
2019-08-27 22:23:33,971 [12327982-2cfc-49eb-88eb-ac4a15a5feba:group-A04F985EB703:LeaderElection10] INFO  server.RaftServerConfigKeys (ConfUtils.java:logGet(43)) - raft.server.log.appender.snapshot.chunk.size.max = 16MB (=16777216) (default)
2019-08-27 22:23:33,971 [25145613-3fa0-4f0b-9038-78eecb7deae6:group-363EE032ACEC:LeaderElection8] INFO  server.RaftServerConfigKeys (ConfUtils.java:logGet(43)) - raft.server.log.appender.buffer.byte-limit = 33554432 (custom)
2019-08-27 22:23:33,971 [12327982-2cfc-49eb-88eb-ac4a15a5feba:group-A04F985EB703:LeaderElection10] INFO  server.RaftServerConfigKeys (ConfUtils.java:logGet(43)) - raft.server.log.appender.buffer.byte-limit = 33554432 (custom)
2019-08-27 22:23:33,971 [25145613-3fa0-4f0b-9038-78eecb7deae6:group-363EE032ACEC:LeaderElection8] INFO  server.RaftServerConfigKeys (ConfUtils.java:logGet(43)) - raft.server.log.appender.buffer.element-limit = 1 (custom)
2019-08-27 22:23:33,972 [12327982-2cfc-49eb-88eb-ac4a15a5feba:group-A04F985EB703:LeaderElection10] INFO  server.RaftServerConfigKeys (ConfUtils.java:logGet(43)) - raft.server.log.appender.buffer.element-limit = 1 (custom)
2019-08-27 22:23:33,974 [25145613-3fa0-4f0b-9038-78eecb7deae6:group-363EE032ACEC:LeaderElection8] INFO  grpc.GrpcConfigKeys$Server (ConfUtils.java:logGet(43)) - raft.grpc.server.leader.outstanding.appends.max = 128 (default)
2019-08-27 22:23:33,974 [12327982-2cfc-49eb-88eb-ac4a15a5feba:group-A04F985EB703:LeaderElection10] INFO  grpc.GrpcConfigKeys$Server (ConfUtils.java:logGet(43)) - raft.grpc.server.leader.outstanding.appends.max = 128 (default)
2019-08-27 22:23:33,977 [25145613-3fa0-4f0b-9038-78eecb7deae6:group-363EE032ACEC:LeaderElection8] INFO  server.RaftServerConfigKeys (ConfUtils.java:logGet(43)) - raft.server.rpc.request.timeout = 3000ms (default)
2019-08-27 22:23:33,977 [12327982-2cfc-49eb-88eb-ac4a15a5feba:group-A04F985EB703:LeaderElection10] INFO  server.RaftServerConfigKeys (ConfUtils.java:logGet(43)) - raft.server.rpc.request.timeout = 3000ms (default)
2019-08-27 22:23:33,977 [25145613-3fa0-4f0b-9038-78eecb7deae6:group-363EE032ACEC:LeaderElection8] INFO  server.RaftServerConfigKeys (ConfUtils.java:logGet(43)) - raft.server.log.appender.install.snapshot.enabled = false (custom)
2019-08-27 22:23:33,977 [12327982-2cfc-49eb-88eb-ac4a15a5feba:group-A04F985EB703:LeaderElection10] INFO  server.RaftServerConfigKeys (ConfUtils.java:logGet(43)) - raft.server.log.appender.install.snapshot.enabled = false (custom)
2019-08-27 22:23:33,977 [25145613-3fa0-4f0b-9038-78eecb7deae6:group-363EE032ACEC:LeaderElection8] INFO  server.RaftServerConfigKeys (ConfUtils.java:logGet(43)) - raft.server.log.appender.snapshot.chunk.size.max = 16MB (=16777216) (default)
2019-08-27 22:23:33,977 [12327982-2cfc-49eb-88eb-ac4a15a5feba:group-A04F985EB703:LeaderElection10] INFO  server.RaftServerConfigKeys (ConfUtils.java:logGet(43)) - raft.server.log.appender.snapshot.chunk.size.max = 16MB (=16777216) (default)
2019-08-27 22:23:33,978 [25145613-3fa0-4f0b-9038-78eecb7deae6:group-363EE032ACEC:LeaderElection8] INFO  server.RaftServerConfigKeys (ConfUtils.java:logGet(43)) - raft.server.log.appender.buffer.byte-limit = 33554432 (custom)
2019-08-27 22:23:33,978 [12327982-2cfc-49eb-88eb-ac4a15a5feba:group-A04F985EB703:LeaderElection10] INFO  server.RaftServerConfigKeys (ConfUtils.java:logGet(43)) - raft.server.log.appender.buffer.byte-limit = 33554432 (custom)
2019-08-27 22:23:33,978 [25145613-3fa0-4f0b-9038-78eecb7deae6:group-363EE032ACEC:LeaderElection8] INFO  server.RaftServerConfigKeys (ConfUtils.java:logGet(43)) - raft.server.log.appender.buffer.element-limit = 1 (custom)
2019-08-27 22:23:33,978 [12327982-2cfc-49eb-88eb-ac4a15a5feba:group-A04F985EB703:LeaderElection10] INFO  server.RaftServerConfigKeys (ConfUtils.java:logGet(43)) - raft.server.log.appender.buffer.element-limit = 1 (custom)
2019-08-27 22:23:33,978 [25145613-3fa0-4f0b-9038-78eecb7deae6:group-363EE032ACEC:LeaderElection8] INFO  grpc.GrpcConfigKeys$Server (ConfUtils.java:logGet(43)) - raft.grpc.server.leader.outstanding.appends.max = 128 (default)
2019-08-27 22:23:33,978 [12327982-2cfc-49eb-88eb-ac4a15a5feba:group-A04F985EB703:LeaderElection10] INFO  grpc.GrpcConfigKeys$Server (ConfUtils.java:logGet(43)) - raft.grpc.server.leader.outstanding.appends.max = 128 (default)
2019-08-27 22:23:33,978 [25145613-3fa0-4f0b-9038-78eecb7deae6:group-363EE032ACEC:LeaderElection8] INFO  server.RaftServerConfigKeys (ConfUtils.java:logGet(43)) - raft.server.rpc.request.timeout = 3000ms (default)
2019-08-27 22:23:33,979 [12327982-2cfc-49eb-88eb-ac4a15a5feba:group-A04F985EB703:LeaderElection10] INFO  server.RaftServerConfigKeys (ConfUtils.java:logGet(43)) - raft.server.rpc.request.timeout = 3000ms (default)
2019-08-27 22:23:33,979 [25145613-3fa0-4f0b-9038-78eecb7deae6:group-363EE032ACEC:LeaderElection8] INFO  server.RaftServerConfigKeys (ConfUtils.java:logGet(43)) - raft.server.log.appender.install.snapshot.enabled = false (custom)
2019-08-27 22:23:33,979 [12327982-2cfc-49eb-88eb-ac4a15a5feba:group-A04F985EB703:LeaderElection10] INFO  server.RaftServerConfigKeys (ConfUtils.java:logGet(43)) - raft.server.log.appender.install.snapshot.enabled = false (custom)
2019-08-27 22:23:33,980 [25145613-3fa0-4f0b-9038-78eecb7deae6:group-363EE032ACEC:LeaderElection8] INFO  impl.RoleInfo (RoleInfo.java:updateAndGet(143)) - 25145613-3fa0-4f0b-9038-78eecb7deae6: start LeaderState
2019-08-27 22:23:33,980 [12327982-2cfc-49eb-88eb-ac4a15a5feba:group-A04F985EB703:LeaderElection10] INFO  impl.RoleInfo (RoleInfo.java:updateAndGet(143)) - 12327982-2cfc-49eb-88eb-ac4a15a5feba: start LeaderState
2019-08-27 22:23:33,980 [25145613-3fa0-4f0b-9038-78eecb7deae6:group-363EE032ACEC:LeaderElection8] INFO  segmented.SegmentedRaftLogWorker (SegmentedRaftLogWorker.java:startLogSegment(380)) - 25145613-3fa0-4f0b-9038-78eecb7deae6-SegmentedRaftLogWorker:Storage Directory /workdir/hadoop-ozone/integration-test/target/test-dir/MiniOzoneClusterImpl-95eab390-6897-4658-a6ea-ece20233ae92/datanode-4/data/ratis/203d4e89-048f-4390-91aa-363ee032acec: Starting segment from index:0
2019-08-27 22:23:33,980 [12327982-2cfc-49eb-88eb-ac4a15a5feba:group-A04F985EB703:LeaderElection10] INFO  segmented.SegmentedRaftLogWorker (SegmentedRaftLogWorker.java:startLogSegment(380)) - 12327982-2cfc-49eb-88eb-ac4a15a5feba-SegmentedRaftLogWorker:Storage Directory /workdir/hadoop-ozone/integration-test/target/test-dir/MiniOzoneClusterImpl-95eab390-6897-4658-a6ea-ece20233ae92/datanode-1/data/ratis/a86cf745-3fbf-42f6-9bd8-a04f985eb703: Starting segment from index:0
2019-08-27 22:23:33,981 [25145613-3fa0-4f0b-9038-78eecb7deae6:group-363EE032ACEC:LeaderElection8] INFO  impl.RaftServerImpl (ServerState.java:setRaftConf(361)) - 25145613-3fa0-4f0b-9038-78eecb7deae6:group-363EE032ACEC set configuration 0: [dc270109-534b-4ffd-b69c-da4013a4da15:192.168.36.82:41537, 25145613-3fa0-4f0b-9038-78eecb7deae6:192.168.36.82:35339, c9d78582-bde6-4b5f-a9c8-bcd79938bedf:192.168.36.82:40804], old=null at 0
2019-08-27 22:23:34,015 [12327982-2cfc-49eb-88eb-ac4a15a5feba:group-A04F985EB703:LeaderElection10] INFO  impl.RaftServerImpl (ServerState.java:setRaftConf(361)) - 12327982-2cfc-49eb-88eb-ac4a15a5feba:group-A04F985EB703 set configuration 0: [12327982-2cfc-49eb-88eb-ac4a15a5feba:192.168.36.82:37376, 0b502caa-68a2-4bb7-9994-f00c500cc251:192.168.36.82:43052, 16bc7653-c528-4f55-9a04-43f9c2b9cdff:192.168.36.82:37768], old=null at 0
2019-08-27 22:23:34,028 [25145613-3fa0-4f0b-9038-78eecb7deae6-SegmentedRaftLogWorker:Storage Directory /workdir/hadoop-ozone/integration-test/target/test-dir/MiniOzoneClusterImpl-95eab390-6897-4658-a6ea-ece20233ae92/datanode-4/data/ratis/203d4e89-048f-4390-91aa-363ee032acec] INFO  segmented.SegmentedRaftLogWorker (SegmentedRaftLogWorker.java:execute(569)) - 25145613-3fa0-4f0b-9038-78eecb7deae6-SegmentedRaftLogWorker:Storage Directory /workdir/hadoop-ozone/integration-test/target/test-dir/MiniOzoneClusterImpl-95eab390-6897-4658-a6ea-ece20233ae92/datanode-4/data/ratis/203d4e89-048f-4390-91aa-363ee032acec: created new log segment /workdir/hadoop-ozone/integration-test/target/test-dir/MiniOzoneClusterImpl-95eab390-6897-4658-a6ea-ece20233ae92/datanode-4/data/ratis/203d4e89-048f-4390-91aa-363ee032acec/current/log_inprogress_0
2019-08-27 22:23:34,028 [12327982-2cfc-49eb-88eb-ac4a15a5feba-SegmentedRaftLogWorker:Storage Directory /workdir/hadoop-ozone/integration-test/target/test-dir/MiniOzoneClusterImpl-95eab390-6897-4658-a6ea-ece20233ae92/datanode-1/data/ratis/a86cf745-3fbf-42f6-9bd8-a04f985eb703] INFO  segmented.SegmentedRaftLogWorker (SegmentedRaftLogWorker.java:execute(569)) - 12327982-2cfc-49eb-88eb-ac4a15a5feba-SegmentedRaftLogWorker:Storage Directory /workdir/hadoop-ozone/integration-test/target/test-dir/MiniOzoneClusterImpl-95eab390-6897-4658-a6ea-ece20233ae92/datanode-1/data/ratis/a86cf745-3fbf-42f6-9bd8-a04f985eb703: created new log segment /workdir/hadoop-ozone/integration-test/target/test-dir/MiniOzoneClusterImpl-95eab390-6897-4658-a6ea-ece20233ae92/datanode-1/data/ratis/a86cf745-3fbf-42f6-9bd8-a04f985eb703/current/log_inprogress_0
2019-08-27 22:23:34,049 [grpc-default-executor-1] INFO  impl.RaftServerImpl (ServerState.java:setLeader(263)) - 16bc7653-c528-4f55-9a04-43f9c2b9cdff:group-A04F985EB703 change Leader from null to 12327982-2cfc-49eb-88eb-ac4a15a5feba at term 1 for appendEntries, leader elected after 5192ms
2019-08-27 22:23:34,050 [grpc-default-executor-4] INFO  impl.RaftServerImpl (ServerState.java:setLeader(263)) - dc270109-534b-4ffd-b69c-da4013a4da15:group-363EE032ACEC change Leader from null to 25145613-3fa0-4f0b-9038-78eecb7deae6 at term 1 for appendEntries, leader elected after 5277ms
2019-08-27 22:23:34,050 [grpc-default-executor-3] INFO  impl.RaftServerImpl (ServerState.java:setLeader(263)) - c9d78582-bde6-4b5f-a9c8-bcd79938bedf:group-363EE032ACEC change Leader from null to 25145613-3fa0-4f0b-9038-78eecb7deae6 at term 1 for appendEntries, leader elected after 5277ms
2019-08-27 22:23:34,049 [grpc-default-executor-0] INFO  impl.RaftServerImpl (ServerState.java:setLeader(263)) - 0b502caa-68a2-4bb7-9994-f00c500cc251:group-A04F985EB703 change Leader from null to 12327982-2cfc-49eb-88eb-ac4a15a5feba at term 1 for appendEntries, leader elected after 5192ms
2019-08-27 22:23:34,081 [grpc-default-executor-4] INFO  impl.RaftServerImpl (ServerState.java:setRaftConf(361)) - 0b502caa-68a2-4bb7-9994-f00c500cc251:group-A04F985EB703 set configuration 0: [12327982-2cfc-49eb-88eb-ac4a15a5feba:192.168.36.82:37376, 0b502caa-68a2-4bb7-9994-f00c500cc251:192.168.36.82:43052, 16bc7653-c528-4f55-9a04-43f9c2b9cdff:192.168.36.82:37768], old=null at 0
2019-08-27 22:23:34,081 [grpc-default-executor-3] INFO  impl.RaftServerImpl (ServerState.java:setRaftConf(361)) - c9d78582-bde6-4b5f-a9c8-bcd79938bedf:group-363EE032ACEC set configuration 0: [dc270109-534b-4ffd-b69c-da4013a4da15:192.168.36.82:41537, 25145613-3fa0-4f0b-9038-78eecb7deae6:192.168.36.82:35339, c9d78582-bde6-4b5f-a9c8-bcd79938bedf:192.168.36.82:40804], old=null at 0
2019-08-27 22:23:34,081 [grpc-default-executor-1] INFO  impl.RaftServerImpl (ServerState.java:setRaftConf(361)) - 16bc7653-c528-4f55-9a04-43f9c2b9cdff:group-A04F985EB703 set configuration 0: [12327982-2cfc-49eb-88eb-ac4a15a5feba:192.168.36.82:37376, 0b502caa-68a2-4bb7-9994-f00c500cc251:192.168.36.82:43052, 16bc7653-c528-4f55-9a04-43f9c2b9cdff:192.168.36.82:37768], old=null at 0
2019-08-27 22:23:34,081 [grpc-default-executor-0] INFO  impl.RaftServerImpl (ServerState.java:setRaftConf(361)) - dc270109-534b-4ffd-b69c-da4013a4da15:group-363EE032ACEC set configuration 0: [dc270109-534b-4ffd-b69c-da4013a4da15:192.168.36.82:41537, 25145613-3fa0-4f0b-9038-78eecb7deae6:192.168.36.82:35339, c9d78582-bde6-4b5f-a9c8-bcd79938bedf:192.168.36.82:40804], old=null at 0
2019-08-27 22:23:34,082 [grpc-default-executor-1] INFO  segmented.SegmentedRaftLogWorker (SegmentedRaftLogWorker.java:startLogSegment(380)) - 16bc7653-c528-4f55-9a04-43f9c2b9cdff-SegmentedRaftLogWorker:Storage Directory /workdir/hadoop-ozone/integration-test/target/test-dir/MiniOzoneClusterImpl-95eab390-6897-4658-a6ea-ece20233ae92/datanode-0/data/ratis/a86cf745-3fbf-42f6-9bd8-a04f985eb703: Starting segment from index:0
2019-08-27 22:23:34,081 [grpc-default-executor-3] INFO  segmented.SegmentedRaftLogWorker (SegmentedRaftLogWorker.java:startLogSegment(380)) - c9d78582-bde6-4b5f-a9c8-bcd79938bedf-SegmentedRaftLogWorker:Storage Directory /workdir/hadoop-ozone/integration-test/target/test-dir/MiniOzoneClusterImpl-95eab390-6897-4658-a6ea-ece20233ae92/datanode-2/data/ratis/203d4e89-048f-4390-91aa-363ee032acec: Starting segment from index:0
2019-08-27 22:23:34,081 [grpc-default-executor-4] INFO  segmented.SegmentedRaftLogWorker (SegmentedRaftLogWorker.java:startLogSegment(380)) - 0b502caa-68a2-4bb7-9994-f00c500cc251-SegmentedRaftLogWorker:Storage Directory /workdir/hadoop-ozone/integration-test/target/test-dir/MiniOzoneClusterImpl-95eab390-6897-4658-a6ea-ece20233ae92/datanode-6/data/ratis/a86cf745-3fbf-42f6-9bd8-a04f985eb703: Starting segment from index:0
2019-08-27 22:23:34,082 [grpc-default-executor-0] INFO  segmented.SegmentedRaftLogWorker (SegmentedRaftLogWorker.java:startLogSegment(380)) - dc270109-534b-4ffd-b69c-da4013a4da15-SegmentedRaftLogWorker:Storage Directory /workdir/hadoop-ozone/integration-test/target/test-dir/MiniOzoneClusterImpl-95eab390-6897-4658-a6ea-ece20233ae92/datanode-3/data/ratis/203d4e89-048f-4390-91aa-363ee032acec: Starting segment from index:0
2019-08-27 22:23:34,122 [dc270109-534b-4ffd-b69c-da4013a4da15-SegmentedRaftLogWorker:Storage Directory /workdir/hadoop-ozone/integration-test/target/test-dir/MiniOzoneClusterImpl-95eab390-6897-4658-a6ea-ece20233ae92/datanode-3/data/ratis/203d4e89-048f-4390-91aa-363ee032acec] INFO  segmented.SegmentedRaftLogWorker (SegmentedRaftLogWorker.java:execute(569)) - dc270109-534b-4ffd-b69c-da4013a4da15-SegmentedRaftLogWorker:Storage Directory /workdir/hadoop-ozone/integration-test/target/test-dir/MiniOzoneClusterImpl-95eab390-6897-4658-a6ea-ece20233ae92/datanode-3/data/ratis/203d4e89-048f-4390-91aa-363ee032acec: created new log segment /workdir/hadoop-ozone/integration-test/target/test-dir/MiniOzoneClusterImpl-95eab390-6897-4658-a6ea-ece20233ae92/datanode-3/data/ratis/203d4e89-048f-4390-91aa-363ee032acec/current/log_inprogress_0
2019-08-27 22:23:34,122 [c9d78582-bde6-4b5f-a9c8-bcd79938bedf-SegmentedRaftLogWorker:Storage Directory /workdir/hadoop-ozone/integration-test/target/test-dir/MiniOzoneClusterImpl-95eab390-6897-4658-a6ea-ece20233ae92/datanode-2/data/ratis/203d4e89-048f-4390-91aa-363ee032acec] INFO  segmented.SegmentedRaftLogWorker (SegmentedRaftLogWorker.java:execute(569)) - c9d78582-bde6-4b5f-a9c8-bcd79938bedf-SegmentedRaftLogWorker:Storage Directory /workdir/hadoop-ozone/integration-test/target/test-dir/MiniOzoneClusterImpl-95eab390-6897-4658-a6ea-ece20233ae92/datanode-2/data/ratis/203d4e89-048f-4390-91aa-363ee032acec: created new log segment /workdir/hadoop-ozone/integration-test/target/test-dir/MiniOzoneClusterImpl-95eab390-6897-4658-a6ea-ece20233ae92/datanode-2/data/ratis/203d4e89-048f-4390-91aa-363ee032acec/current/log_inprogress_0
2019-08-27 22:23:34,122 [0b502caa-68a2-4bb7-9994-f00c500cc251-SegmentedRaftLogWorker:Storage Directory /workdir/hadoop-ozone/integration-test/target/test-dir/MiniOzoneClusterImpl-95eab390-6897-4658-a6ea-ece20233ae92/datanode-6/data/ratis/a86cf745-3fbf-42f6-9bd8-a04f985eb703] INFO  segmented.SegmentedRaftLogWorker (SegmentedRaftLogWorker.java:execute(569)) - 0b502caa-68a2-4bb7-9994-f00c500cc251-SegmentedRaftLogWorker:Storage Directory /workdir/hadoop-ozone/integration-test/target/test-dir/MiniOzoneClusterImpl-95eab390-6897-4658-a6ea-ece20233ae92/datanode-6/data/ratis/a86cf745-3fbf-42f6-9bd8-a04f985eb703: created new log segment /workdir/hadoop-ozone/integration-test/target/test-dir/MiniOzoneClusterImpl-95eab390-6897-4658-a6ea-ece20233ae92/datanode-6/data/ratis/a86cf745-3fbf-42f6-9bd8-a04f985eb703/current/log_inprogress_0
2019-08-27 22:23:34,122 [16bc7653-c528-4f55-9a04-43f9c2b9cdff-SegmentedRaftLogWorker:Storage Directory /workdir/hadoop-ozone/integration-test/target/test-dir/MiniOzoneClusterImpl-95eab390-6897-4658-a6ea-ece20233ae92/datanode-0/data/ratis/a86cf745-3fbf-42f6-9bd8-a04f985eb703] INFO  segmented.SegmentedRaftLogWorker (SegmentedRaftLogWorker.java:execute(569)) - 16bc7653-c528-4f55-9a04-43f9c2b9cdff-SegmentedRaftLogWorker:Storage Directory /workdir/hadoop-ozone/integration-test/target/test-dir/MiniOzoneClusterImpl-95eab390-6897-4658-a6ea-ece20233ae92/datanode-0/data/ratis/a86cf745-3fbf-42f6-9bd8-a04f985eb703: created new log segment /workdir/hadoop-ozone/integration-test/target/test-dir/MiniOzoneClusterImpl-95eab390-6897-4658-a6ea-ece20233ae92/datanode-0/data/ratis/a86cf745-3fbf-42f6-9bd8-a04f985eb703/current/log_inprogress_0
2019-08-27 22:23:34,179 | INFO  | SCMAudit | user=jenkins1000 | ip=192.168.36.82 | op=SEND_HEARTBEAT {datanodeUUID=dc270109-534b-4ffd-b69c-da4013a4da15, command=[]} | ret=SUCCESS |  
2019-08-27 22:23:34,196 | INFO  | SCMAudit | user=jenkins1000 | ip=192.168.36.82 | op=SEND_HEARTBEAT {datanodeUUID=16bc7653-c528-4f55-9a04-43f9c2b9cdff, command=[]} | ret=SUCCESS |  
2019-08-27 22:23:34,627 | INFO  | SCMAudit | user=jenkins1000 | ip=192.168.36.82 | op=SEND_HEARTBEAT {datanodeUUID=25145613-3fa0-4f0b-9038-78eecb7deae6, command=[]} | ret=SUCCESS |  
2019-08-27 22:23:34,684 | INFO  | SCMAudit | user=jenkins1000 | ip=192.168.36.82 | op=SEND_HEARTBEAT {datanodeUUID=12327982-2cfc-49eb-88eb-ac4a15a5feba, command=[]} | ret=SUCCESS |  
2019-08-27 22:23:34,760 | INFO  | SCMAudit | user=jenkins1000 | ip=192.168.36.82 | op=SEND_HEARTBEAT {datanodeUUID=d53517dc-e0e6-4c77-a67f-13acdc2df14a, command=[]} | ret=SUCCESS |  
2019-08-27 22:23:34,920 | INFO  | SCMAudit | user=jenkins1000 | ip=192.168.36.82 | op=SEND_HEARTBEAT {datanodeUUID=dc270109-534b-4ffd-b69c-da4013a4da15, command=[]} | ret=SUCCESS |  
2019-08-27 22:23:34,920 | INFO  | SCMAudit | user=jenkins1000 | ip=192.168.36.82 | op=SEND_HEARTBEAT {datanodeUUID=c9d78582-bde6-4b5f-a9c8-bcd79938bedf, command=[]} | ret=SUCCESS |  
2019-08-27 22:23:34,920 | INFO  | SCMAudit | user=jenkins1000 | ip=192.168.36.82 | op=SEND_HEARTBEAT {datanodeUUID=25145613-3fa0-4f0b-9038-78eecb7deae6, command=[]} | ret=SUCCESS |  
2019-08-27 22:23:34,933 | INFO  | DNAudit | user=null | ip=null | op=CREATE_CONTAINER {containerID=1, containerType=KeyValueContainer} | ret=SUCCESS |  
2019-08-27 22:23:34,933 | INFO  | DNAudit | user=null | ip=null | op=CREATE_CONTAINER {containerID=1, containerType=KeyValueContainer} | ret=SUCCESS |  
2019-08-27 22:23:34,933 | INFO  | DNAudit | user=null | ip=null | op=CREATE_CONTAINER {containerID=1, containerType=KeyValueContainer} | ret=SUCCESS |  
2019-08-27 22:23:34,944 [grpc-default-executor-3] INFO  client.GrpcClientProtocolClient (GrpcClientProtocolClient.java:onNext(255)) - client-A485569284D4->25145613-3fa0-4f0b-9038-78eecb7deae6: receive RaftClientReply:client-A485569284D4->25145613-3fa0-4f0b-9038-78eecb7deae6@group-363EE032ACEC, cid=13, SUCCESS, logIndex=1, commits[25145613-3fa0-4f0b-9038-78eecb7deae6:c2, dc270109-534b-4ffd-b69c-da4013a4da15:c1, c9d78582-bde6-4b5f-a9c8-bcd79938bedf:c1]
2019-08-27 22:23:34,951 | INFO  | SCMAudit | user=jenkins1000 | ip=192.168.36.82 | op=SEND_HEARTBEAT {datanodeUUID=0b502caa-68a2-4bb7-9994-f00c500cc251, command=[]} | ret=SUCCESS |  
2019-08-27 22:23:34,951 [main] INFO  datanode.ObjectStoreHandler (ObjectStoreHandler.java:close(155)) - Closing ObjectStoreHandler.
2019-08-27 22:23:34,955 [main] INFO  ozone.HddsDatanodeService (HddsDatanodeService.java:stop(451)) - Stopped plug-in org.apache.hadoop.ozone.web.OzoneHddsDatanodeService@482ba4b1
2019-08-27 22:23:35,196 | INFO  | SCMAudit | user=jenkins1000 | ip=192.168.36.82 | op=SEND_HEARTBEAT {datanodeUUID=16bc7653-c528-4f55-9a04-43f9c2b9cdff, command=[]} | ret=SUCCESS |  
2019-08-27 22:23:35,684 | INFO  | SCMAudit | user=jenkins1000 | ip=192.168.36.82 | op=SEND_HEARTBEAT {datanodeUUID=12327982-2cfc-49eb-88eb-ac4a15a5feba, command=[]} | ret=SUCCESS |  
2019-08-27 22:23:35,760 | INFO  | SCMAudit | user=jenkins1000 | ip=192.168.36.82 | op=SEND_HEARTBEAT {datanodeUUID=d53517dc-e0e6-4c77-a67f-13acdc2df14a, command=[]} | ret=SUCCESS |  
2019-08-27 22:23:35,897 [Datanode State Machine Thread - 0] INFO  statemachine.DatanodeStateMachine (DatanodeStateMachine.java:lambda$startDaemon$0(350)) - Ozone container server started.
2019-08-27 22:23:35,898 | INFO  | SCMAudit | user=jenkins1000 | ip=192.168.36.82 | op=SEND_HEARTBEAT {datanodeUUID=dc270109-534b-4ffd-b69c-da4013a4da15, command=[]} | ret=SUCCESS |  
2019-08-27 22:23:35,898 | INFO  | SCMAudit | user=jenkins1000 | ip=192.168.36.82 | op=SEND_HEARTBEAT {datanodeUUID=c9d78582-bde6-4b5f-a9c8-bcd79938bedf, command=[]} | ret=SUCCESS |  
2019-08-27 22:23:35,951 | INFO  | SCMAudit | user=jenkins1000 | ip=192.168.36.82 | op=SEND_HEARTBEAT {datanodeUUID=0b502caa-68a2-4bb7-9994-f00c500cc251, command=[]} | ret=SUCCESS |  
2019-08-27 22:23:36,196 | INFO  | SCMAudit | user=jenkins1000 | ip=192.168.36.82 | op=SEND_HEARTBEAT {datanodeUUID=16bc7653-c528-4f55-9a04-43f9c2b9cdff, command=[]} | ret=SUCCESS |  
2019-08-27 22:23:36,684 | INFO  | SCMAudit | user=jenkins1000 | ip=192.168.36.82 | op=SEND_HEARTBEAT {datanodeUUID=12327982-2cfc-49eb-88eb-ac4a15a5feba, command=[]} | ret=SUCCESS |  
2019-08-27 22:23:36,761 | INFO  | SCMAudit | user=jenkins1000 | ip=192.168.36.82 | op=SEND_HEARTBEAT {datanodeUUID=d53517dc-e0e6-4c77-a67f-13acdc2df14a, command=[]} | ret=SUCCESS |  
2019-08-27 22:23:36,898 | INFO  | SCMAudit | user=jenkins1000 | ip=192.168.36.82 | op=SEND_HEARTBEAT {datanodeUUID=dc270109-534b-4ffd-b69c-da4013a4da15, command=[]} | ret=SUCCESS |  
2019-08-27 22:23:36,898 | INFO  | SCMAudit | user=jenkins1000 | ip=192.168.36.82 | op=SEND_HEARTBEAT {datanodeUUID=c9d78582-bde6-4b5f-a9c8-bcd79938bedf, command=[]} | ret=SUCCESS |  
2019-08-27 22:23:36,951 | INFO  | SCMAudit | user=jenkins1000 | ip=192.168.36.82 | op=SEND_HEARTBEAT {datanodeUUID=0b502caa-68a2-4bb7-9994-f00c500cc251, command=[]} | ret=SUCCESS |  
2019-08-27 22:23:37,196 | INFO  | SCMAudit | user=jenkins1000 | ip=192.168.36.82 | op=SEND_HEARTBEAT {datanodeUUID=16bc7653-c528-4f55-9a04-43f9c2b9cdff, command=[]} | ret=SUCCESS |  
2019-08-27 22:23:37,684 | INFO  | SCMAudit | user=jenkins1000 | ip=192.168.36.82 | op=SEND_HEARTBEAT {datanodeUUID=12327982-2cfc-49eb-88eb-ac4a15a5feba, command=[]} | ret=SUCCESS |  
2019-08-27 22:23:37,760 | INFO  | SCMAudit | user=jenkins1000 | ip=192.168.36.82 | op=SEND_HEARTBEAT {datanodeUUID=d53517dc-e0e6-4c77-a67f-13acdc2df14a, command=[]} | ret=SUCCESS |  
2019-08-27 22:23:37,898 | INFO  | SCMAudit | user=jenkins1000 | ip=192.168.36.82 | op=SEND_HEARTBEAT {datanodeUUID=dc270109-534b-4ffd-b69c-da4013a4da15, command=[]} | ret=SUCCESS |  
2019-08-27 22:23:37,898 | INFO  | SCMAudit | user=jenkins1000 | ip=192.168.36.82 | op=SEND_HEARTBEAT {datanodeUUID=c9d78582-bde6-4b5f-a9c8-bcd79938bedf, command=[]} | ret=SUCCESS |  
2019-08-27 22:23:37,952 | INFO  | SCMAudit | user=jenkins1000 | ip=192.168.36.82 | op=SEND_HEARTBEAT {datanodeUUID=0b502caa-68a2-4bb7-9994-f00c500cc251, command=[]} | ret=SUCCESS |  
2019-08-27 22:23:38,196 | INFO  | SCMAudit | user=jenkins1000 | ip=192.168.36.82 | op=SEND_HEARTBEAT {datanodeUUID=16bc7653-c528-4f55-9a04-43f9c2b9cdff, command=[]} | ret=SUCCESS |  
2019-08-27 22:23:38,685 | INFO  | SCMAudit | user=jenkins1000 | ip=192.168.36.82 | op=SEND_HEARTBEAT {datanodeUUID=12327982-2cfc-49eb-88eb-ac4a15a5feba, command=[]} | ret=SUCCESS |  
2019-08-27 22:23:38,760 | INFO  | SCMAudit | user=jenkins1000 | ip=192.168.36.82 | op=SEND_HEARTBEAT {datanodeUUID=d53517dc-e0e6-4c77-a67f-13acdc2df14a, command=[]} | ret=SUCCESS |  
2019-08-27 22:23:38,898 | INFO  | SCMAudit | user=jenkins1000 | ip=192.168.36.82 | op=SEND_HEARTBEAT {datanodeUUID=c9d78582-bde6-4b5f-a9c8-bcd79938bedf, command=[]} | ret=SUCCESS |  
2019-08-27 22:23:38,898 | INFO  | SCMAudit | user=jenkins1000 | ip=192.168.36.82 | op=SEND_HEARTBEAT {datanodeUUID=dc270109-534b-4ffd-b69c-da4013a4da15, command=[]} | ret=SUCCESS |  
2019-08-27 22:23:38,951 | INFO  | SCMAudit | user=jenkins1000 | ip=192.168.36.82 | op=SEND_HEARTBEAT {datanodeUUID=0b502caa-68a2-4bb7-9994-f00c500cc251, command=[]} | ret=SUCCESS |  
2019-08-27 22:23:39,197 | INFO  | SCMAudit | user=jenkins1000 | ip=192.168.36.82 | op=SEND_HEARTBEAT {datanodeUUID=16bc7653-c528-4f55-9a04-43f9c2b9cdff, command=[]} | ret=SUCCESS |  
2019-08-27 22:23:39,686 | INFO  | SCMAudit | user=jenkins1000 | ip=192.168.36.82 | op=SEND_HEARTBEAT {datanodeUUID=12327982-2cfc-49eb-88eb-ac4a15a5feba, command=[]} | ret=SUCCESS |  
2019-08-27 22:23:39,760 | INFO  | SCMAudit | user=jenkins1000 | ip=192.168.36.82 | op=SEND_HEARTBEAT {datanodeUUID=d53517dc-e0e6-4c77-a67f-13acdc2df14a, command=[]} | ret=SUCCESS |  
2019-08-27 22:23:39,898 | INFO  | SCMAudit | user=jenkins1000 | ip=192.168.36.82 | op=SEND_HEARTBEAT {datanodeUUID=c9d78582-bde6-4b5f-a9c8-bcd79938bedf, command=[]} | ret=SUCCESS |  
2019-08-27 22:23:39,898 | INFO  | SCMAudit | user=jenkins1000 | ip=192.168.36.82 | op=SEND_HEARTBEAT {datanodeUUID=dc270109-534b-4ffd-b69c-da4013a4da15, command=[]} | ret=SUCCESS |  
2019-08-27 22:23:39,951 | INFO  | SCMAudit | user=jenkins1000 | ip=192.168.36.82 | op=SEND_HEARTBEAT {datanodeUUID=0b502caa-68a2-4bb7-9994-f00c500cc251, command=[]} | ret=SUCCESS |  
2019-08-27 22:23:39,957 [main] INFO  ozoneimpl.OzoneContainer (OzoneContainer.java:stop(199)) - Attempting to stop container services.
2019-08-27 22:23:39,958 [main] INFO  impl.RaftServerProxy (RaftServerProxy.java:lambda$close$4(314)) - 25145613-3fa0-4f0b-9038-78eecb7deae6: close
2019-08-27 22:23:39,961 [main] INFO  impl.RaftServerImpl (RaftServerImpl.java:lambda$shutdown$3(245)) - 25145613-3fa0-4f0b-9038-78eecb7deae6: shutdown group-363EE032ACEC
2019-08-27 22:23:39,961 [ForkJoinPool.commonPool-worker-0] INFO  impl.RaftServerImpl (RaftServerImpl.java:lambda$shutdown$3(245)) - 25145613-3fa0-4f0b-9038-78eecb7deae6: shutdown group-404496AD9FAB
2019-08-27 22:23:39,962 [main] INFO  util.JmxRegister (JmxRegister.java:unregister(73)) - Successfully un-registered JMX Bean with object name Ratis:service=RaftServer,group=group-363EE032ACEC,id=25145613-3fa0-4f0b-9038-78eecb7deae6
2019-08-27 22:23:39,962 [ForkJoinPool.commonPool-worker-0] INFO  util.JmxRegister (JmxRegister.java:unregister(73)) - Successfully un-registered JMX Bean with object name Ratis:service=RaftServer,group=group-404496AD9FAB,id=25145613-3fa0-4f0b-9038-78eecb7deae6
2019-08-27 22:23:39,962 [main] INFO  impl.RoleInfo (RoleInfo.java:shutdownLeaderState(104)) - 25145613-3fa0-4f0b-9038-78eecb7deae6: shutdown LeaderState
2019-08-27 22:23:39,962 [ForkJoinPool.commonPool-worker-0] INFO  impl.RoleInfo (RoleInfo.java:shutdownLeaderState(104)) - 25145613-3fa0-4f0b-9038-78eecb7deae6: shutdown LeaderState
2019-08-27 22:23:39,968 [org.apache.ratis.server.impl.LogAppender$AppenderDaemon$$Lambda$449/1871490181@7edafa9b] WARN  server.GrpcLogAppender (GrpcLogAppender.java:mayWait(143)) - GrpcLogAppender(25145613-3fa0-4f0b-9038-78eecb7deae6->dc270109-534b-4ffd-b69c-da4013a4da15): Wait interrupted by java.lang.InterruptedException
2019-08-27 22:23:39,981 [ForkJoinPool.commonPool-worker-0] INFO  impl.PendingRequests (PendingRequests.java:sendNotLeaderResponses(202)) - 25145613-3fa0-4f0b-9038-78eecb7deae6-PendingRequests: sendNotLeaderResponses
2019-08-27 22:23:39,968 [main] INFO  impl.PendingRequests (PendingRequests.java:sendNotLeaderResponses(202)) - 25145613-3fa0-4f0b-9038-78eecb7deae6-PendingRequests: sendNotLeaderResponses
2019-08-27 22:23:39,968 [org.apache.ratis.server.impl.LogAppender$AppenderDaemon$$Lambda$449/1871490181@425b1ffe] WARN  server.GrpcLogAppender (GrpcLogAppender.java:mayWait(143)) - GrpcLogAppender(25145613-3fa0-4f0b-9038-78eecb7deae6->c9d78582-bde6-4b5f-a9c8-bcd79938bedf): Wait interrupted by java.lang.InterruptedException
2019-08-27 22:23:39,986 [grpc-default-executor-3] INFO  server.GrpcServerProtocolService (GrpcServerProtocolService.java:onCompleted(104)) - c9d78582-bde6-4b5f-a9c8-bcd79938bedf: appendEntries completed
2019-08-27 22:23:39,986 [grpc-default-executor-4] INFO  server.GrpcServerProtocolService (GrpcServerProtocolService.java:onCompleted(104)) - dc270109-534b-4ffd-b69c-da4013a4da15: appendEntries completed
2019-08-27 22:23:39,992 [main] INFO  impl.StateMachineUpdater (StateMachineUpdater.java:stopAndJoin(115)) - StateMachineUpdater:25145613-3fa0-4f0b-9038-78eecb7deae6:group-363EE032ACEC: set stopIndex = 2
2019-08-27 22:23:39,992 [ForkJoinPool.commonPool-worker-0] INFO  impl.StateMachineUpdater (StateMachineUpdater.java:stopAndJoin(115)) - StateMachineUpdater:25145613-3fa0-4f0b-9038-78eecb7deae6:group-404496AD9FAB: set stopIndex = 0
2019-08-27 22:23:39,994 [StateMachineUpdater:25145613-3fa0-4f0b-9038-78eecb7deae6:group-363EE032ACEC] INFO  ratis.ContainerStateMachine (ContainerStateMachine.java:takeSnapshot(283)) - group-363EE032ACEC: Taking a snapshot at:(t:1, i:2) file /workdir/hadoop-ozone/integration-test/target/test-dir/MiniOzoneClusterImpl-95eab390-6897-4658-a6ea-ece20233ae92/datanode-4/data/ratis/203d4e89-048f-4390-91aa-363ee032acec/sm/snapshot.1_2
2019-08-27 22:23:40,009 [ForkJoinPool.commonPool-worker-0] INFO  impl.RaftServerImpl (ServerState.java:close(394)) - 25145613-3fa0-4f0b-9038-78eecb7deae6:group-404496AD9FAB closes. The last applied log index is 0
2019-08-27 22:23:40,005 [grpc-default-executor-3] INFO  server.GrpcLogAppender (GrpcLogAppender.java:onCompleted(292)) - 25145613-3fa0-4f0b-9038-78eecb7deae6->c9d78582-bde6-4b5f-a9c8-bcd79938bedf: follower responses appendEntries COMPLETED
2019-08-27 22:23:40,009 [grpc-default-executor-4] INFO  server.GrpcLogAppender (GrpcLogAppender.java:onCompleted(292)) - 25145613-3fa0-4f0b-9038-78eecb7deae6->dc270109-534b-4ffd-b69c-da4013a4da15: follower responses appendEntries COMPLETED
2019-08-27 22:23:40,019 [grpc-default-executor-4] INFO  impl.FollowerInfo (FollowerInfo.java:lambda$new$0(50)) - 25145613-3fa0-4f0b-9038-78eecb7deae6->dc270109-534b-4ffd-b69c-da4013a4da15: nextIndex: updateUnconditionally 3 -> 2
2019-08-27 22:23:40,019 [grpc-default-executor-3] INFO  impl.FollowerInfo (FollowerInfo.java:lambda$new$0(50)) - 25145613-3fa0-4f0b-9038-78eecb7deae6->c9d78582-bde6-4b5f-a9c8-bcd79938bedf: nextIndex: updateUnconditionally 3 -> 2
2019-08-27 22:23:40,022 [25145613-3fa0-4f0b-9038-78eecb7deae6-SegmentedRaftLogWorker:Storage Directory /workdir/hadoop-ozone/integration-test/target/test-dir/MiniOzoneClusterImpl-95eab390-6897-4658-a6ea-ece20233ae92/datanode-4/data/ratis/1fbc781d-f7a2-4050-a21a-404496ad9fab] INFO  segmented.SegmentedRaftLogWorker (SegmentedRaftLogWorker.java:run(313)) - 25145613-3fa0-4f0b-9038-78eecb7deae6-SegmentedRaftLogWorker:Storage Directory /workdir/hadoop-ozone/integration-test/target/test-dir/MiniOzoneClusterImpl-95eab390-6897-4658-a6ea-ece20233ae92/datanode-4/data/ratis/1fbc781d-f7a2-4050-a21a-404496ad9fab was interrupted, exiting. There are 0 tasks remaining in the queue.
2019-08-27 22:23:40,159 [ForkJoinPool.commonPool-worker-0] INFO  segmented.SegmentedRaftLogWorker (SegmentedRaftLogWorker.java:close(228)) - 25145613-3fa0-4f0b-9038-78eecb7deae6-SegmentedRaftLogWorker:Storage Directory /workdir/hadoop-ozone/integration-test/target/test-dir/MiniOzoneClusterImpl-95eab390-6897-4658-a6ea-ece20233ae92/datanode-4/data/ratis/1fbc781d-f7a2-4050-a21a-404496ad9fab close()
2019-08-27 22:23:40,162 [StateMachineUpdater:25145613-3fa0-4f0b-9038-78eecb7deae6:group-363EE032ACEC] INFO  ratis.ContainerStateMachine (ContainerStateMachine.java:takeSnapshot(294)) - group-363EE032ACEC: Finished taking a snapshot at:(t:1, i:2) file:/workdir/hadoop-ozone/integration-test/target/test-dir/MiniOzoneClusterImpl-95eab390-6897-4658-a6ea-ece20233ae92/datanode-4/data/ratis/203d4e89-048f-4390-91aa-363ee032acec/sm/snapshot.1_2 time:171
2019-08-27 22:23:40,165 [StateMachineUpdater:25145613-3fa0-4f0b-9038-78eecb7deae6:group-363EE032ACEC] INFO  impl.StateMachineUpdater (StateMachineUpdater.java:takeSnapshot(242)) - StateMachineUpdater:25145613-3fa0-4f0b-9038-78eecb7deae6:group-363EE032ACEC: Took a snapshot at index 2
2019-08-27 22:23:40,165 [StateMachineUpdater:25145613-3fa0-4f0b-9038-78eecb7deae6:group-363EE032ACEC] INFO  impl.StateMachineUpdater (StateMachineUpdater.java:lambda$new$0(80)) - StateMachineUpdater:25145613-3fa0-4f0b-9038-78eecb7deae6:group-363EE032ACEC: snapshotIndex: updateIncreasingly -1 -> 2
2019-08-27 22:23:40,173 [main] INFO  impl.RaftServerImpl (ServerState.java:close(394)) - 25145613-3fa0-4f0b-9038-78eecb7deae6:group-363EE032ACEC closes. The last applied log index is 2
2019-08-27 22:23:40,174 [25145613-3fa0-4f0b-9038-78eecb7deae6-SegmentedRaftLogWorker:Storage Directory /workdir/hadoop-ozone/integration-test/target/test-dir/MiniOzoneClusterImpl-95eab390-6897-4658-a6ea-ece20233ae92/datanode-4/data/ratis/203d4e89-048f-4390-91aa-363ee032acec] INFO  segmented.SegmentedRaftLogWorker (SegmentedRaftLogWorker.java:run(313)) - 25145613-3fa0-4f0b-9038-78eecb7deae6-SegmentedRaftLogWorker:Storage Directory /workdir/hadoop-ozone/integration-test/target/test-dir/MiniOzoneClusterImpl-95eab390-6897-4658-a6ea-ece20233ae92/datanode-4/data/ratis/203d4e89-048f-4390-91aa-363ee032acec was interrupted, exiting. There are 0 tasks remaining in the queue.
2019-08-27 22:23:40,176 [main] INFO  segmented.SegmentedRaftLogWorker (SegmentedRaftLogWorker.java:close(228)) - 25145613-3fa0-4f0b-9038-78eecb7deae6-SegmentedRaftLogWorker:Storage Directory /workdir/hadoop-ozone/integration-test/target/test-dir/MiniOzoneClusterImpl-95eab390-6897-4658-a6ea-ece20233ae92/datanode-4/data/ratis/203d4e89-048f-4390-91aa-363ee032acec close()
2019-08-27 22:23:40,181 [main] INFO  server.GrpcService (GrpcService.java:closeImpl(155)) - 25145613-3fa0-4f0b-9038-78eecb7deae6: shutdown server with port 35339 now
2019-08-27 22:23:40,184 [main] INFO  server.GrpcService (GrpcService.java:closeImpl(163)) - 25145613-3fa0-4f0b-9038-78eecb7deae6: shutdown server with port 35339 successfully
2019-08-27 22:23:40,186 [main] INFO  utils.BackgroundService (BackgroundService.java:shutdown(148)) - Shutting down service BlockDeletingService
2019-08-27 22:23:40,188 [refreshUsed-/workdir/hadoop-ozone/integration-test/target/test-dir/MiniOzoneClusterImpl-95eab390-6897-4658-a6ea-ece20233ae92/datanode-4/data/containers] WARN  fs.CachingGetSpaceUsed (CachingGetSpaceUsed.java:run(183)) - Thread Interrupted waiting to refresh disk information: sleep interrupted
2019-08-27 22:23:40,196 | INFO  | SCMAudit | user=jenkins1000 | ip=192.168.36.82 | op=SEND_HEARTBEAT {datanodeUUID=16bc7653-c528-4f55-9a04-43f9c2b9cdff, command=[]} | ret=SUCCESS |  
2019-08-27 22:23:40,219 [main] INFO  statemachine.DatanodeStateMachine (DatanodeStateMachine.java:stopDaemon(395)) - Ozone container server stopped.
2019-08-27 22:23:40,224 [main] INFO  handler.ContextHandler (ContextHandler.java:doStop(910)) - Stopped o.e.j.w.WebAppContext@7a3f08b6{/,null,UNAVAILABLE}{/hddsDatanode}
2019-08-27 22:23:40,232 [main] INFO  server.AbstractConnector (AbstractConnector.java:doStop(318)) - Stopped ServerConnector@1be52861{HTTP/1.1,[http/1.1]}{0.0.0.0:0}
2019-08-27 22:23:40,232 [main] INFO  handler.ContextHandler (ContextHandler.java:doStop(910)) - Stopped o.e.j.s.ServletContextHandler@62ea8931{/static,jar:file:/home/user/.m2/repository/org/apache/hadoop/hadoop-hdds-container-service/0.5.0-SNAPSHOT/hadoop-hdds-container-service-0.5.0-SNAPSHOT.jar!/webapps/static,UNAVAILABLE}
2019-08-27 22:23:40,233 [main] INFO  handler.ContextHandler (ContextHandler.java:doStop(910)) - Stopped o.e.j.s.ServletContextHandler@1a2e563e{/logs,file:///workdir/hadoop-ozone/integration-test/target/log,UNAVAILABLE}
2019-08-27 22:23:40,686 | INFO  | SCMAudit | user=jenkins1000 | ip=192.168.36.82 | op=SEND_HEARTBEAT {datanodeUUID=12327982-2cfc-49eb-88eb-ac4a15a5feba, command=[]} | ret=SUCCESS |  
2019-08-27 22:23:40,760 | INFO  | SCMAudit | user=jenkins1000 | ip=192.168.36.82 | op=SEND_HEARTBEAT {datanodeUUID=d53517dc-e0e6-4c77-a67f-13acdc2df14a, command=[]} | ret=SUCCESS |  
2019-08-27 22:23:40,899 | INFO  | SCMAudit | user=jenkins1000 | ip=192.168.36.82 | op=SEND_HEARTBEAT {datanodeUUID=dc270109-534b-4ffd-b69c-da4013a4da15, command=[]} | ret=SUCCESS |  
2019-08-27 22:23:40,899 | INFO  | SCMAudit | user=jenkins1000 | ip=192.168.36.82 | op=SEND_HEARTBEAT {datanodeUUID=c9d78582-bde6-4b5f-a9c8-bcd79938bedf, command=[]} | ret=SUCCESS |  
2019-08-27 22:23:40,952 | INFO  | SCMAudit | user=jenkins1000 | ip=192.168.36.82 | op=SEND_HEARTBEAT {datanodeUUID=0b502caa-68a2-4bb7-9994-f00c500cc251, command=[]} | ret=SUCCESS |  
2019-08-27 22:23:41,196 | INFO  | SCMAudit | user=jenkins1000 | ip=192.168.36.82 | op=SEND_HEARTBEAT {datanodeUUID=16bc7653-c528-4f55-9a04-43f9c2b9cdff, command=[]} | ret=SUCCESS |  
2019-08-27 22:23:41,686 | INFO  | SCMAudit | user=jenkins1000 | ip=192.168.36.82 | op=SEND_HEARTBEAT {datanodeUUID=12327982-2cfc-49eb-88eb-ac4a15a5feba, command=[]} | ret=SUCCESS |  
2019-08-27 22:23:41,760 | INFO  | SCMAudit | user=jenkins1000 | ip=192.168.36.82 | op=SEND_HEARTBEAT {datanodeUUID=d53517dc-e0e6-4c77-a67f-13acdc2df14a, command=[]} | ret=SUCCESS |  
2019-08-27 22:23:41,898 | INFO  | SCMAudit | user=jenkins1000 | ip=192.168.36.82 | op=SEND_HEARTBEAT {datanodeUUID=c9d78582-bde6-4b5f-a9c8-bcd79938bedf, command=[]} | ret=SUCCESS |  
2019-08-27 22:23:41,898 | INFO  | SCMAudit | user=jenkins1000 | ip=192.168.36.82 | op=SEND_HEARTBEAT {datanodeUUID=dc270109-534b-4ffd-b69c-da4013a4da15, command=[]} | ret=SUCCESS |  
2019-08-27 22:23:41,951 | INFO  | SCMAudit | user=jenkins1000 | ip=192.168.36.82 | op=SEND_HEARTBEAT {datanodeUUID=0b502caa-68a2-4bb7-9994-f00c500cc251, command=[]} | ret=SUCCESS |  
2019-08-27 22:23:42,196 | INFO  | SCMAudit | user=jenkins1000 | ip=192.168.36.82 | op=SEND_HEARTBEAT {datanodeUUID=16bc7653-c528-4f55-9a04-43f9c2b9cdff, command=[]} | ret=SUCCESS |  
2019-08-27 22:23:42,276 [grpc-default-executor-4] INFO  client.GrpcClientProtocolClient (GrpcClientProtocolClient.java:onNext(255)) - client-A485569284D4->dc270109-534b-4ffd-b69c-da4013a4da15: receive RaftClientReply:client-A485569284D4->dc270109-534b-4ffd-b69c-da4013a4da15@group-363EE032ACEC, cid=14, FAILED org.apache.ratis.protocol.NotLeaderException: Server dc270109-534b-4ffd-b69c-da4013a4da15 is not the leader (25145613-3fa0-4f0b-9038-78eecb7deae6:192.168.36.82:35339). Request must be sent to leader., logIndex=0, commits[dc270109-534b-4ffd-b69c-da4013a4da15:c2, 25145613-3fa0-4f0b-9038-78eecb7deae6:c2, c9d78582-bde6-4b5f-a9c8-bcd79938bedf:c2]
2019-08-27 22:23:42,687 | INFO  | SCMAudit | user=jenkins1000 | ip=192.168.36.82 | op=SEND_HEARTBEAT {datanodeUUID=12327982-2cfc-49eb-88eb-ac4a15a5feba, command=[]} | ret=SUCCESS |  
2019-08-27 22:23:42,761 | INFO  | SCMAudit | user=jenkins1000 | ip=192.168.36.82 | op=SEND_HEARTBEAT {datanodeUUID=d53517dc-e0e6-4c77-a67f-13acdc2df14a, command=[]} | ret=SUCCESS |  
2019-08-27 22:23:42,899 | INFO  | SCMAudit | user=jenkins1000 | ip=192.168.36.82 | op=SEND_HEARTBEAT {datanodeUUID=dc270109-534b-4ffd-b69c-da4013a4da15, command=[]} | ret=SUCCESS |  
2019-08-27 22:23:42,899 | INFO  | SCMAudit | user=jenkins1000 | ip=192.168.36.82 | op=SEND_HEARTBEAT {datanodeUUID=c9d78582-bde6-4b5f-a9c8-bcd79938bedf, command=[]} | ret=SUCCESS |  
2019-08-27 22:23:42,951 | INFO  | SCMAudit | user=jenkins1000 | ip=192.168.36.82 | op=SEND_HEARTBEAT {datanodeUUID=0b502caa-68a2-4bb7-9994-f00c500cc251, command=[]} | ret=SUCCESS |  
2019-08-27 22:23:43,197 | INFO  | SCMAudit | user=jenkins1000 | ip=192.168.36.82 | op=SEND_HEARTBEAT {datanodeUUID=16bc7653-c528-4f55-9a04-43f9c2b9cdff, command=[]} | ret=SUCCESS |  
2019-08-27 22:23:43,311 [grpc-default-executor-1] INFO  client.GrpcClientProtocolClient (GrpcClientProtocolClient.java:onNext(255)) - client-A485569284D4->c9d78582-bde6-4b5f-a9c8-bcd79938bedf: receive RaftClientReply:client-A485569284D4->c9d78582-bde6-4b5f-a9c8-bcd79938bedf@group-363EE032ACEC, cid=14, FAILED org.apache.ratis.protocol.NotLeaderException: Server c9d78582-bde6-4b5f-a9c8-bcd79938bedf is not the leader (25145613-3fa0-4f0b-9038-78eecb7deae6:192.168.36.82:35339). Request must be sent to leader., logIndex=0, commits[c9d78582-bde6-4b5f-a9c8-bcd79938bedf:c2, dc270109-534b-4ffd-b69c-da4013a4da15:c2, 25145613-3fa0-4f0b-9038-78eecb7deae6:c2]
2019-08-27 22:23:43,686 | INFO  | SCMAudit | user=jenkins1000 | ip=192.168.36.82 | op=SEND_HEARTBEAT {datanodeUUID=12327982-2cfc-49eb-88eb-ac4a15a5feba, command=[]} | ret=SUCCESS |  
2019-08-27 22:23:43,761 | INFO  | SCMAudit | user=jenkins1000 | ip=192.168.36.82 | op=SEND_HEARTBEAT {datanodeUUID=d53517dc-e0e6-4c77-a67f-13acdc2df14a, command=[]} | ret=SUCCESS |  
2019-08-27 22:23:43,899 | INFO  | SCMAudit | user=jenkins1000 | ip=192.168.36.82 | op=SEND_HEARTBEAT {datanodeUUID=dc270109-534b-4ffd-b69c-da4013a4da15, command=[]} | ret=SUCCESS |  
2019-08-27 22:23:43,899 | INFO  | SCMAudit | user=jenkins1000 | ip=192.168.36.82 | op=SEND_HEARTBEAT {datanodeUUID=c9d78582-bde6-4b5f-a9c8-bcd79938bedf, command=[]} | ret=SUCCESS |  
2019-08-27 22:23:43,952 | INFO  | SCMAudit | user=jenkins1000 | ip=192.168.36.82 | op=SEND_HEARTBEAT {datanodeUUID=0b502caa-68a2-4bb7-9994-f00c500cc251, command=[]} | ret=SUCCESS |  
2019-08-27 22:23:44,196 | INFO  | SCMAudit | user=jenkins1000 | ip=192.168.36.82 | op=SEND_HEARTBEAT {datanodeUUID=16bc7653-c528-4f55-9a04-43f9c2b9cdff, command=[]} | ret=SUCCESS |  
2019-08-27 22:23:44,343 [grpc-default-executor-1] INFO  client.GrpcClientProtocolClient (GrpcClientProtocolClient.java:onNext(255)) - client-A485569284D4->c9d78582-bde6-4b5f-a9c8-bcd79938bedf: receive RaftClientReply:client-A485569284D4->c9d78582-bde6-4b5f-a9c8-bcd79938bedf@group-363EE032ACEC, cid=14, FAILED org.apache.ratis.protocol.NotLeaderException: Server c9d78582-bde6-4b5f-a9c8-bcd79938bedf is not the leader (25145613-3fa0-4f0b-9038-78eecb7deae6:192.168.36.82:35339). Request must be sent to leader., logIndex=0, commits[c9d78582-bde6-4b5f-a9c8-bcd79938bedf:c2, dc270109-534b-4ffd-b69c-da4013a4da15:c2, 25145613-3fa0-4f0b-9038-78eecb7deae6:c2]
2019-08-27 22:23:44,686 | INFO  | SCMAudit | user=jenkins1000 | ip=192.168.36.82 | op=SEND_HEARTBEAT {datanodeUUID=12327982-2cfc-49eb-88eb-ac4a15a5feba, command=[]} | ret=SUCCESS |  
2019-08-27 22:23:44,761 | INFO  | SCMAudit | user=jenkins1000 | ip=192.168.36.82 | op=SEND_HEARTBEAT {datanodeUUID=d53517dc-e0e6-4c77-a67f-13acdc2df14a, command=[]} | ret=SUCCESS |  
2019-08-27 22:23:44,899 | INFO  | SCMAudit | user=jenkins1000 | ip=192.168.36.82 | op=SEND_HEARTBEAT {datanodeUUID=c9d78582-bde6-4b5f-a9c8-bcd79938bedf, command=[]} | ret=SUCCESS |  
2019-08-27 22:23:44,899 | INFO  | SCMAudit | user=jenkins1000 | ip=192.168.36.82 | op=SEND_HEARTBEAT {datanodeUUID=dc270109-534b-4ffd-b69c-da4013a4da15, command=[]} | ret=SUCCESS |  
2019-08-27 22:23:44,952 | INFO  | SCMAudit | user=jenkins1000 | ip=192.168.36.82 | op=SEND_HEARTBEAT {datanodeUUID=0b502caa-68a2-4bb7-9994-f00c500cc251, command=[]} | ret=SUCCESS |  
2019-08-27 22:23:45,196 | INFO  | SCMAudit | user=jenkins1000 | ip=192.168.36.82 | op=SEND_HEARTBEAT {datanodeUUID=16bc7653-c528-4f55-9a04-43f9c2b9cdff, command=[]} | ret=SUCCESS |  
2019-08-27 22:23:45,376 [grpc-default-executor-3] INFO  client.GrpcClientProtocolClient (GrpcClientProtocolClient.java:onNext(255)) - client-A485569284D4->c9d78582-bde6-4b5f-a9c8-bcd79938bedf: receive RaftClientReply:client-A485569284D4->c9d78582-bde6-4b5f-a9c8-bcd79938bedf@group-363EE032ACEC, cid=14, FAILED org.apache.ratis.protocol.NotLeaderException: Server c9d78582-bde6-4b5f-a9c8-bcd79938bedf is not the leader (25145613-3fa0-4f0b-9038-78eecb7deae6:192.168.36.82:35339). Request must be sent to leader., logIndex=0, commits[c9d78582-bde6-4b5f-a9c8-bcd79938bedf:c2, dc270109-534b-4ffd-b69c-da4013a4da15:c2, 25145613-3fa0-4f0b-9038-78eecb7deae6:c2]
2019-08-27 22:23:45,687 | INFO  | SCMAudit | user=jenkins1000 | ip=192.168.36.82 | op=SEND_HEARTBEAT {datanodeUUID=12327982-2cfc-49eb-88eb-ac4a15a5feba, command=[]} | ret=SUCCESS |  
2019-08-27 22:23:45,761 | INFO  | SCMAudit | user=jenkins1000 | ip=192.168.36.82 | op=SEND_HEARTBEAT {datanodeUUID=d53517dc-e0e6-4c77-a67f-13acdc2df14a, command=[]} | ret=SUCCESS |  
2019-08-27 22:23:45,902 | INFO  | SCMAudit | user=jenkins1000 | ip=192.168.36.82 | op=SEND_HEARTBEAT {datanodeUUID=dc270109-534b-4ffd-b69c-da4013a4da15, command=[]} | ret=SUCCESS |  
2019-08-27 22:23:45,902 | INFO  | SCMAudit | user=jenkins1000 | ip=192.168.36.82 | op=SEND_HEARTBEAT {datanodeUUID=c9d78582-bde6-4b5f-a9c8-bcd79938bedf, command=[]} | ret=SUCCESS |  
2019-08-27 22:23:45,952 | INFO  | SCMAudit | user=jenkins1000 | ip=192.168.36.82 | op=SEND_HEARTBEAT {datanodeUUID=0b502caa-68a2-4bb7-9994-f00c500cc251, command=[]} | ret=SUCCESS |  
2019-08-27 22:23:46,197 | INFO  | SCMAudit | user=jenkins1000 | ip=192.168.36.82 | op=SEND_HEARTBEAT {datanodeUUID=16bc7653-c528-4f55-9a04-43f9c2b9cdff, command=[]} | ret=SUCCESS |  
2019-08-27 22:23:46,422 [grpc-default-executor-4] INFO  client.GrpcClientProtocolClient (GrpcClientProtocolClient.java:onNext(255)) - client-A485569284D4->dc270109-534b-4ffd-b69c-da4013a4da15: receive RaftClientReply:client-A485569284D4->dc270109-534b-4ffd-b69c-da4013a4da15@group-363EE032ACEC, cid=14, FAILED org.apache.ratis.protocol.NotLeaderException: Server dc270109-534b-4ffd-b69c-da4013a4da15 is not the leader (25145613-3fa0-4f0b-9038-78eecb7deae6:192.168.36.82:35339). Request must be sent to leader., logIndex=0, commits[dc270109-534b-4ffd-b69c-da4013a4da15:c2, 25145613-3fa0-4f0b-9038-78eecb7deae6:c2, c9d78582-bde6-4b5f-a9c8-bcd79938bedf:c2]
2019-08-27 22:23:46,686 | INFO  | SCMAudit | user=jenkins1000 | ip=192.168.36.82 | op=SEND_HEARTBEAT {datanodeUUID=12327982-2cfc-49eb-88eb-ac4a15a5feba, command=[]} | ret=SUCCESS |  
2019-08-27 22:23:46,761 | INFO  | SCMAudit | user=jenkins1000 | ip=192.168.36.82 | op=SEND_HEARTBEAT {datanodeUUID=d53517dc-e0e6-4c77-a67f-13acdc2df14a, command=[]} | ret=SUCCESS |  
2019-08-27 22:23:46,899 | INFO  | SCMAudit | user=jenkins1000 | ip=192.168.36.82 | op=SEND_HEARTBEAT {datanodeUUID=dc270109-534b-4ffd-b69c-da4013a4da15, command=[]} | ret=SUCCESS |  
2019-08-27 22:23:46,899 | INFO  | SCMAudit | user=jenkins1000 | ip=192.168.36.82 | op=SEND_HEARTBEAT {datanodeUUID=c9d78582-bde6-4b5f-a9c8-bcd79938bedf, command=[]} | ret=SUCCESS |  
2019-08-27 22:23:46,952 | INFO  | SCMAudit | user=jenkins1000 | ip=192.168.36.82 | op=SEND_HEARTBEAT {datanodeUUID=0b502caa-68a2-4bb7-9994-f00c500cc251, command=[]} | ret=SUCCESS |  
2019-08-27 22:23:47,197 | INFO  | SCMAudit | user=jenkins1000 | ip=192.168.36.82 | op=SEND_HEARTBEAT {datanodeUUID=16bc7653-c528-4f55-9a04-43f9c2b9cdff, command=[]} | ret=SUCCESS |  
2019-08-27 22:23:47,474 [grpc-default-executor-1] INFO  client.GrpcClientProtocolClient (GrpcClientProtocolClient.java:onNext(255)) - client-A485569284D4->c9d78582-bde6-4b5f-a9c8-bcd79938bedf: receive RaftClientReply:client-A485569284D4->c9d78582-bde6-4b5f-a9c8-bcd79938bedf@group-363EE032ACEC, cid=14, FAILED org.apache.ratis.protocol.NotLeaderException: Server c9d78582-bde6-4b5f-a9c8-bcd79938bedf is not the leader (25145613-3fa0-4f0b-9038-78eecb7deae6:192.168.36.82:35339). Request must be sent to leader., logIndex=0, commits[c9d78582-bde6-4b5f-a9c8-bcd79938bedf:c2, dc270109-534b-4ffd-b69c-da4013a4da15:c2, 25145613-3fa0-4f0b-9038-78eecb7deae6:c2]
2019-08-27 22:23:47,686 | INFO  | SCMAudit | user=jenkins1000 | ip=192.168.36.82 | op=SEND_HEARTBEAT {datanodeUUID=12327982-2cfc-49eb-88eb-ac4a15a5feba, command=[]} | ret=SUCCESS |  
2019-08-27 22:23:47,761 | INFO  | SCMAudit | user=jenkins1000 | ip=192.168.36.82 | op=SEND_HEARTBEAT {datanodeUUID=d53517dc-e0e6-4c77-a67f-13acdc2df14a, command=[]} | ret=SUCCESS |  
2019-08-27 22:23:47,899 | INFO  | SCMAudit | user=jenkins1000 | ip=192.168.36.82 | op=SEND_HEARTBEAT {datanodeUUID=dc270109-534b-4ffd-b69c-da4013a4da15, command=[]} | ret=SUCCESS |  
2019-08-27 22:23:47,899 | INFO  | SCMAudit | user=jenkins1000 | ip=192.168.36.82 | op=SEND_HEARTBEAT {datanodeUUID=c9d78582-bde6-4b5f-a9c8-bcd79938bedf, command=[]} | ret=SUCCESS |  
2019-08-27 22:23:47,952 | INFO  | SCMAudit | user=jenkins1000 | ip=192.168.36.82 | op=SEND_HEARTBEAT {datanodeUUID=0b502caa-68a2-4bb7-9994-f00c500cc251, command=[]} | ret=SUCCESS |  
2019-08-27 22:23:48,197 | INFO  | SCMAudit | user=jenkins1000 | ip=192.168.36.82 | op=SEND_HEARTBEAT {datanodeUUID=16bc7653-c528-4f55-9a04-43f9c2b9cdff, command=[]} | ret=SUCCESS |  
2019-08-27 22:23:48,535 [grpc-default-executor-1] INFO  client.GrpcClientProtocolClient (GrpcClientProtocolClient.java:onNext(255)) - client-A485569284D4->c9d78582-bde6-4b5f-a9c8-bcd79938bedf: receive RaftClientReply:client-A485569284D4->c9d78582-bde6-4b5f-a9c8-bcd79938bedf@group-363EE032ACEC, cid=14, FAILED org.apache.ratis.protocol.NotLeaderException: Server c9d78582-bde6-4b5f-a9c8-bcd79938bedf is not the leader (25145613-3fa0-4f0b-9038-78eecb7deae6:192.168.36.82:35339). Request must be sent to leader., logIndex=0, commits[c9d78582-bde6-4b5f-a9c8-bcd79938bedf:c2, dc270109-534b-4ffd-b69c-da4013a4da15:c2, 25145613-3fa0-4f0b-9038-78eecb7deae6:c2]
2019-08-27 22:23:48,686 | INFO  | SCMAudit | user=jenkins1000 | ip=192.168.36.82 | op=SEND_HEARTBEAT {datanodeUUID=12327982-2cfc-49eb-88eb-ac4a15a5feba, command=[]} | ret=SUCCESS |  
2019-08-27 22:23:48,761 | INFO  | SCMAudit | user=jenkins1000 | ip=192.168.36.82 | op=SEND_HEARTBEAT {datanodeUUID=d53517dc-e0e6-4c77-a67f-13acdc2df14a, command=[]} | ret=SUCCESS |  
2019-08-27 22:23:48,899 | INFO  | SCMAudit | user=jenkins1000 | ip=192.168.36.82 | op=SEND_HEARTBEAT {datanodeUUID=dc270109-534b-4ffd-b69c-da4013a4da15, command=[]} | ret=SUCCESS |  
2019-08-27 22:23:48,899 | INFO  | SCMAudit | user=jenkins1000 | ip=192.168.36.82 | op=SEND_HEARTBEAT {datanodeUUID=c9d78582-bde6-4b5f-a9c8-bcd79938bedf, command=[]} | ret=SUCCESS |  
2019-08-27 22:23:48,952 | INFO  | SCMAudit | user=jenkins1000 | ip=192.168.36.82 | op=SEND_HEARTBEAT {datanodeUUID=0b502caa-68a2-4bb7-9994-f00c500cc251, command=[]} | ret=SUCCESS |  
2019-08-27 22:23:49,076 [Thread-323] INFO  impl.FollowerState (FollowerState.java:run(106)) - dc270109-534b-4ffd-b69c-da4013a4da15:group-363EE032ACEC changes to CANDIDATE, lastRpcTime:9301, electionTimeout:5017ms
2019-08-27 22:23:49,076 [Thread-323] INFO  impl.RoleInfo (RoleInfo.java:shutdownFollowerState(121)) - dc270109-534b-4ffd-b69c-da4013a4da15: shutdown FollowerState
2019-08-27 22:23:49,076 [Thread-323] INFO  impl.RaftServerImpl (RaftServerImpl.java:setRole(171)) - dc270109-534b-4ffd-b69c-da4013a4da15:group-363EE032ACEC changes role from FOLLOWER to CANDIDATE at term 1 for changeToCandidate
2019-08-27 22:23:49,076 [Thread-323] INFO  impl.RoleInfo (RoleInfo.java:updateAndGet(143)) - dc270109-534b-4ffd-b69c-da4013a4da15: start LeaderElection
2019-08-27 22:23:49,079 [dc270109-534b-4ffd-b69c-da4013a4da15:group-363EE032ACEC:LeaderElection11] INFO  impl.RaftServerImpl (ServerState.java:setLeader(263)) - dc270109-534b-4ffd-b69c-da4013a4da15:group-363EE032ACEC change Leader from 25145613-3fa0-4f0b-9038-78eecb7deae6 to null at term 1 for initElection
2019-08-27 22:23:49,173 [Thread-320] INFO  impl.FollowerState (FollowerState.java:run(106)) - c9d78582-bde6-4b5f-a9c8-bcd79938bedf:group-363EE032ACEC changes to CANDIDATE, lastRpcTime:9397, electionTimeout:5064ms
2019-08-27 22:23:49,174 [Thread-320] INFO  impl.RoleInfo (RoleInfo.java:shutdownFollowerState(121)) - c9d78582-bde6-4b5f-a9c8-bcd79938bedf: shutdown FollowerState
2019-08-27 22:23:49,174 [Thread-320] INFO  impl.RaftServerImpl (RaftServerImpl.java:setRole(171)) - c9d78582-bde6-4b5f-a9c8-bcd79938bedf:group-363EE032ACEC changes role from FOLLOWER to CANDIDATE at term 1 for changeToCandidate
2019-08-27 22:23:49,174 [Thread-320] INFO  impl.RoleInfo (RoleInfo.java:updateAndGet(143)) - c9d78582-bde6-4b5f-a9c8-bcd79938bedf: start LeaderElection
2019-08-27 22:23:49,177 [c9d78582-bde6-4b5f-a9c8-bcd79938bedf:group-363EE032ACEC:LeaderElection12] INFO  impl.RaftServerImpl (ServerState.java:setLeader(263)) - c9d78582-bde6-4b5f-a9c8-bcd79938bedf:group-363EE032ACEC change Leader from 25145613-3fa0-4f0b-9038-78eecb7deae6 to null at term 1 for initElection
2019-08-27 22:23:49,197 | INFO  | SCMAudit | user=jenkins1000 | ip=192.168.36.82 | op=SEND_HEARTBEAT {datanodeUUID=16bc7653-c528-4f55-9a04-43f9c2b9cdff, command=[]} | ret=SUCCESS |  
2019-08-27 22:23:49,573 [grpc-default-executor-4] INFO  client.GrpcClientProtocolClient (GrpcClientProtocolClient.java:onNext(255)) - client-A485569284D4->dc270109-534b-4ffd-b69c-da4013a4da15: receive RaftClientReply:client-A485569284D4->dc270109-534b-4ffd-b69c-da4013a4da15@group-363EE032ACEC, cid=14, FAILED org.apache.ratis.protocol.NotLeaderException: Server dc270109-534b-4ffd-b69c-da4013a4da15 is not the leader (null). Request must be sent to leader., logIndex=0, commits[dc270109-534b-4ffd-b69c-da4013a4da15:c2, 25145613-3fa0-4f0b-9038-78eecb7deae6:c2, c9d78582-bde6-4b5f-a9c8-bcd79938bedf:c2]
2019-08-27 22:23:49,686 | INFO  | SCMAudit | user=jenkins1000 | ip=192.168.36.82 | op=SEND_HEARTBEAT {datanodeUUID=12327982-2cfc-49eb-88eb-ac4a15a5feba, command=[]} | ret=SUCCESS |  
2019-08-27 22:23:49,761 | INFO  | SCMAudit | user=jenkins1000 | ip=192.168.36.82 | op=SEND_HEARTBEAT {datanodeUUID=d53517dc-e0e6-4c77-a67f-13acdc2df14a, command=[]} | ret=SUCCESS |  
2019-08-27 22:23:49,786 [dc270109-534b-4ffd-b69c-da4013a4da15:group-363EE032ACEC:LeaderElection11] INFO  impl.LeaderElection (LeaderElection.java:askForVotes(181)) - dc270109-534b-4ffd-b69c-da4013a4da15:group-363EE032ACEC:LeaderElection11: begin an election at term 2 for 0: [dc270109-534b-4ffd-b69c-da4013a4da15:192.168.36.82:41537, 25145613-3fa0-4f0b-9038-78eecb7deae6:192.168.36.82:35339, c9d78582-bde6-4b5f-a9c8-bcd79938bedf:192.168.36.82:40804], old=null
2019-08-27 22:23:49,797 [dc270109-534b-4ffd-b69c-da4013a4da15:group-363EE032ACEC:LeaderElection11] INFO  impl.LeaderElection (LogUtils.java:infoOrTrace(149)) - dc270109-534b-4ffd-b69c-da4013a4da15:group-363EE032ACEC:LeaderElection11 got exception when requesting votes: {}
java.util.concurrent.ExecutionException: org.apache.ratis.thirdparty.io.grpc.StatusRuntimeException: UNAVAILABLE: io exception
	at java.util.concurrent.FutureTask.report(FutureTask.java:122)
	at java.util.concurrent.FutureTask.get(FutureTask.java:192)
	at org.apache.ratis.server.impl.LeaderElection.waitForResults(LeaderElection.java:262)
	at org.apache.ratis.server.impl.LeaderElection.askForVotes(LeaderElection.java:200)
	at org.apache.ratis.server.impl.LeaderElection.run(LeaderElection.java:130)
	at java.lang.Thread.run(Thread.java:748)
Caused by: org.apache.ratis.thirdparty.io.grpc.StatusRuntimeException: UNAVAILABLE: io exception
	at org.apache.ratis.thirdparty.io.grpc.stub.ClientCalls.toStatusRuntimeException(ClientCalls.java:233)
	at org.apache.ratis.thirdparty.io.grpc.stub.ClientCalls.getUnchecked(ClientCalls.java:214)
	at org.apache.ratis.thirdparty.io.grpc.stub.ClientCalls.blockingUnaryCall(ClientCalls.java:139)
	at org.apache.ratis.proto.grpc.RaftServerProtocolServiceGrpc$RaftServerProtocolServiceBlockingStub.requestVote(RaftServerProtocolServiceGrpc.java:265)
	at org.apache.ratis.grpc.server.GrpcServerProtocolClient.requestVote(GrpcServerProtocolClient.java:83)
	at org.apache.ratis.grpc.server.GrpcService.requestVote(GrpcService.java:195)
	at org.apache.ratis.server.impl.LeaderElection.lambda$submitRequests$1(LeaderElection.java:237)
	at java.util.concurrent.FutureTask.run(FutureTask.java:266)
	at java.util.concurrent.Executors$RunnableAdapter.call(Executors.java:511)
	at java.util.concurrent.FutureTask.run(FutureTask.java:266)
	at java.util.concurrent.ThreadPoolExecutor.runWorker(ThreadPoolExecutor.java:1149)
	at java.util.concurrent.ThreadPoolExecutor$Worker.run(ThreadPoolExecutor.java:624)
	... 1 more
Caused by: org.apache.ratis.thirdparty.io.netty.channel.AbstractChannel$AnnotatedConnectException: Connection refused: /192.168.36.82:35339
	at sun.nio.ch.SocketChannelImpl.checkConnect(Native Method)
	at sun.nio.ch.SocketChannelImpl.finishConnect(SocketChannelImpl.java:717)
	at org.apache.ratis.thirdparty.io.netty.channel.socket.nio.NioSocketChannel.doFinishConnect(NioSocketChannel.java:327)
	at org.apache.ratis.thirdparty.io.netty.channel.nio.AbstractNioChannel$AbstractNioUnsafe.finishConnect(AbstractNioChannel.java:340)
	at org.apache.ratis.thirdparty.io.netty.channel.nio.NioEventLoop.processSelectedKey(NioEventLoop.java:632)
	at org.apache.ratis.thirdparty.io.netty.channel.nio.NioEventLoop.processSelectedKeysOptimized(NioEventLoop.java:579)
	at org.apache.ratis.thirdparty.io.netty.channel.nio.NioEventLoop.processSelectedKeys(NioEventLoop.java:496)
	at org.apache.ratis.thirdparty.io.netty.channel.nio.NioEventLoop.run(NioEventLoop.java:458)
	at org.apache.ratis.thirdparty.io.netty.util.concurrent.SingleThreadEventExecutor$5.run(SingleThreadEventExecutor.java:897)
	at org.apache.ratis.thirdparty.io.netty.util.concurrent.FastThreadLocalRunnable.run(FastThreadLocalRunnable.java:30)
	... 1 more
Caused by: java.net.ConnectException: Connection refused
	... 11 more
2019-08-27 22:23:49,820 [c9d78582-bde6-4b5f-a9c8-bcd79938bedf:group-363EE032ACEC:LeaderElection12] INFO  impl.LeaderElection (LeaderElection.java:askForVotes(181)) - c9d78582-bde6-4b5f-a9c8-bcd79938bedf:group-363EE032ACEC:LeaderElection12: begin an election at term 2 for 0: [dc270109-534b-4ffd-b69c-da4013a4da15:192.168.36.82:41537, 25145613-3fa0-4f0b-9038-78eecb7deae6:192.168.36.82:35339, c9d78582-bde6-4b5f-a9c8-bcd79938bedf:192.168.36.82:40804], old=null
2019-08-27 22:23:49,822 [dc270109-534b-4ffd-b69c-da4013a4da15:group-363EE032ACEC:LeaderElection11] INFO  impl.LeaderElection (LeaderElection.java:logAndReturn(56)) - dc270109-534b-4ffd-b69c-da4013a4da15:group-363EE032ACEC:LeaderElection11: Election REJECTED; received 1 response(s) [dc270109-534b-4ffd-b69c-da4013a4da15<-c9d78582-bde6-4b5f-a9c8-bcd79938bedf#0:FAIL-t2] and 1 exception(s); dc270109-534b-4ffd-b69c-da4013a4da15:t2, leader=null, voted=dc270109-534b-4ffd-b69c-da4013a4da15, raftlog=dc270109-534b-4ffd-b69c-da4013a4da15-SegmentedRaftLog:OPENED:c2,f2,i2, conf=0: [dc270109-534b-4ffd-b69c-da4013a4da15:192.168.36.82:41537, 25145613-3fa0-4f0b-9038-78eecb7deae6:192.168.36.82:35339, c9d78582-bde6-4b5f-a9c8-bcd79938bedf:192.168.36.82:40804], old=null
2019-08-27 22:23:49,823 [dc270109-534b-4ffd-b69c-da4013a4da15:group-363EE032ACEC:LeaderElection11] INFO  impl.LeaderElection (LogUtils.java:infoOrTrace(149)) -   Exception 0: {}
java.util.concurrent.ExecutionException: org.apache.ratis.thirdparty.io.grpc.StatusRuntimeException: UNAVAILABLE: io exception
	at java.util.concurrent.FutureTask.report(FutureTask.java:122)
	at java.util.concurrent.FutureTask.get(FutureTask.java:192)
	at org.apache.ratis.server.impl.LeaderElection.waitForResults(LeaderElection.java:262)
	at org.apache.ratis.server.impl.LeaderElection.askForVotes(LeaderElection.java:200)
	at org.apache.ratis.server.impl.LeaderElection.run(LeaderElection.java:130)
	at java.lang.Thread.run(Thread.java:748)
Caused by: org.apache.ratis.thirdparty.io.grpc.StatusRuntimeException: UNAVAILABLE: io exception
	at org.apache.ratis.thirdparty.io.grpc.stub.ClientCalls.toStatusRuntimeException(ClientCalls.java:233)
	at org.apache.ratis.thirdparty.io.grpc.stub.ClientCalls.getUnchecked(ClientCalls.java:214)
	at org.apache.ratis.thirdparty.io.grpc.stub.ClientCalls.blockingUnaryCall(ClientCalls.java:139)
	at org.apache.ratis.proto.grpc.RaftServerProtocolServiceGrpc$RaftServerProtocolServiceBlockingStub.requestVote(RaftServerProtocolServiceGrpc.java:265)
	at org.apache.ratis.grpc.server.GrpcServerProtocolClient.requestVote(GrpcServerProtocolClient.java:83)
	at org.apache.ratis.grpc.server.GrpcService.requestVote(GrpcService.java:195)
	at org.apache.ratis.server.impl.LeaderElection.lambda$submitRequests$1(LeaderElection.java:237)
	at java.util.concurrent.FutureTask.run(FutureTask.java:266)
	at java.util.concurrent.Executors$RunnableAdapter.call(Executors.java:511)
	at java.util.concurrent.FutureTask.run(FutureTask.java:266)
	at java.util.concurrent.ThreadPoolExecutor.runWorker(ThreadPoolExecutor.java:1149)
	at java.util.concurrent.ThreadPoolExecutor$Worker.run(ThreadPoolExecutor.java:624)
	... 1 more
Caused by: org.apache.ratis.thirdparty.io.netty.channel.AbstractChannel$AnnotatedConnectException: Connection refused: /192.168.36.82:35339
	at sun.nio.ch.SocketChannelImpl.checkConnect(Native Method)
	at sun.nio.ch.SocketChannelImpl.finishConnect(SocketChannelImpl.java:717)
	at org.apache.ratis.thirdparty.io.netty.channel.socket.nio.NioSocketChannel.doFinishConnect(NioSocketChannel.java:327)
	at org.apache.ratis.thirdparty.io.netty.channel.nio.AbstractNioChannel$AbstractNioUnsafe.finishConnect(AbstractNioChannel.java:340)
	at org.apache.ratis.thirdparty.io.netty.channel.nio.NioEventLoop.processSelectedKey(NioEventLoop.java:632)
	at org.apache.ratis.thirdparty.io.netty.channel.nio.NioEventLoop.processSelectedKeysOptimized(NioEventLoop.java:579)
	at org.apache.ratis.thirdparty.io.netty.channel.nio.NioEventLoop.processSelectedKeys(NioEventLoop.java:496)
	at org.apache.ratis.thirdparty.io.netty.channel.nio.NioEventLoop.run(NioEventLoop.java:458)
	at org.apache.ratis.thirdparty.io.netty.util.concurrent.SingleThreadEventExecutor$5.run(SingleThreadEventExecutor.java:897)
	at org.apache.ratis.thirdparty.io.netty.util.concurrent.FastThreadLocalRunnable.run(FastThreadLocalRunnable.java:30)
	... 1 more
Caused by: java.net.ConnectException: Connection refused
	... 11 more
2019-08-27 22:23:49,824 [dc270109-534b-4ffd-b69c-da4013a4da15:group-363EE032ACEC:LeaderElection11] INFO  impl.RaftServerImpl (RaftServerImpl.java:setRole(171)) - dc270109-534b-4ffd-b69c-da4013a4da15:group-363EE032ACEC changes role from CANDIDATE to FOLLOWER at term 2 for DISCOVERED_A_NEW_TERM
2019-08-27 22:23:49,826 [dc270109-534b-4ffd-b69c-da4013a4da15:group-363EE032ACEC:LeaderElection11] INFO  impl.RoleInfo (RoleInfo.java:shutdownLeaderElection(134)) - dc270109-534b-4ffd-b69c-da4013a4da15: shutdown LeaderElection
2019-08-27 22:23:49,827 [c9d78582-bde6-4b5f-a9c8-bcd79938bedf:group-363EE032ACEC:LeaderElection12] INFO  impl.LeaderElection (LogUtils.java:infoOrTrace(149)) - c9d78582-bde6-4b5f-a9c8-bcd79938bedf:group-363EE032ACEC:LeaderElection12 got exception when requesting votes: {}
java.util.concurrent.ExecutionException: org.apache.ratis.thirdparty.io.grpc.StatusRuntimeException: UNAVAILABLE: io exception
	at java.util.concurrent.FutureTask.report(FutureTask.java:122)
	at java.util.concurrent.FutureTask.get(FutureTask.java:192)
	at org.apache.ratis.server.impl.LeaderElection.waitForResults(LeaderElection.java:262)
	at org.apache.ratis.server.impl.LeaderElection.askForVotes(LeaderElection.java:200)
	at org.apache.ratis.server.impl.LeaderElection.run(LeaderElection.java:130)
	at java.lang.Thread.run(Thread.java:748)
Caused by: org.apache.ratis.thirdparty.io.grpc.StatusRuntimeException: UNAVAILABLE: io exception
	at org.apache.ratis.thirdparty.io.grpc.stub.ClientCalls.toStatusRuntimeException(ClientCalls.java:233)
	at org.apache.ratis.thirdparty.io.grpc.stub.ClientCalls.getUnchecked(ClientCalls.java:214)
	at org.apache.ratis.thirdparty.io.grpc.stub.ClientCalls.blockingUnaryCall(ClientCalls.java:139)
	at org.apache.ratis.proto.grpc.RaftServerProtocolServiceGrpc$RaftServerProtocolServiceBlockingStub.requestVote(RaftServerProtocolServiceGrpc.java:265)
	at org.apache.ratis.grpc.server.GrpcServerProtocolClient.requestVote(GrpcServerProtocolClient.java:83)
	at org.apache.ratis.grpc.server.GrpcService.requestVote(GrpcService.java:195)
	at org.apache.ratis.server.impl.LeaderElection.lambda$submitRequests$1(LeaderElection.java:237)
	at java.util.concurrent.FutureTask.run(FutureTask.java:266)
	at java.util.concurrent.Executors$RunnableAdapter.call(Executors.java:511)
	at java.util.concurrent.FutureTask.run(FutureTask.java:266)
	at java.util.concurrent.ThreadPoolExecutor.runWorker(ThreadPoolExecutor.java:1149)
	at java.util.concurrent.ThreadPoolExecutor$Worker.run(ThreadPoolExecutor.java:624)
	... 1 more
Caused by: org.apache.ratis.thirdparty.io.netty.channel.AbstractChannel$AnnotatedConnectException: Connection refused: /192.168.36.82:35339
	at sun.nio.ch.SocketChannelImpl.checkConnect(Native Method)
	at sun.nio.ch.SocketChannelImpl.finishConnect(SocketChannelImpl.java:717)
	at org.apache.ratis.thirdparty.io.netty.channel.socket.nio.NioSocketChannel.doFinishConnect(NioSocketChannel.java:327)
	at org.apache.ratis.thirdparty.io.netty.channel.nio.AbstractNioChannel$AbstractNioUnsafe.finishConnect(AbstractNioChannel.java:340)
	at org.apache.ratis.thirdparty.io.netty.channel.nio.NioEventLoop.processSelectedKey(NioEventLoop.java:632)
	at org.apache.ratis.thirdparty.io.netty.channel.nio.NioEventLoop.processSelectedKeysOptimized(NioEventLoop.java:579)
	at org.apache.ratis.thirdparty.io.netty.channel.nio.NioEventLoop.processSelectedKeys(NioEventLoop.java:496)
	at org.apache.ratis.thirdparty.io.netty.channel.nio.NioEventLoop.run(NioEventLoop.java:458)
	at org.apache.ratis.thirdparty.io.netty.util.concurrent.SingleThreadEventExecutor$5.run(SingleThreadEventExecutor.java:897)
	at org.apache.ratis.thirdparty.io.netty.util.concurrent.FastThreadLocalRunnable.run(FastThreadLocalRunnable.java:30)
	... 1 more
Caused by: java.net.ConnectException: Connection refused
	... 11 more
2019-08-27 22:23:49,827 [dc270109-534b-4ffd-b69c-da4013a4da15:group-363EE032ACEC:LeaderElection11] INFO  impl.RoleInfo (RoleInfo.java:updateAndGet(143)) - dc270109-534b-4ffd-b69c-da4013a4da15: start FollowerState
2019-08-27 22:23:49,838 [c9d78582-bde6-4b5f-a9c8-bcd79938bedf:group-363EE032ACEC:LeaderElection12] INFO  impl.LeaderElection (LeaderElection.java:logAndReturn(56)) - c9d78582-bde6-4b5f-a9c8-bcd79938bedf:group-363EE032ACEC:LeaderElection12: Election REJECTED; received 1 response(s) [c9d78582-bde6-4b5f-a9c8-bcd79938bedf<-dc270109-534b-4ffd-b69c-da4013a4da15#0:FAIL-t2] and 1 exception(s); c9d78582-bde6-4b5f-a9c8-bcd79938bedf:t2, leader=null, voted=c9d78582-bde6-4b5f-a9c8-bcd79938bedf, raftlog=c9d78582-bde6-4b5f-a9c8-bcd79938bedf-SegmentedRaftLog:OPENED:c2,f2,i2, conf=0: [dc270109-534b-4ffd-b69c-da4013a4da15:192.168.36.82:41537, 25145613-3fa0-4f0b-9038-78eecb7deae6:192.168.36.82:35339, c9d78582-bde6-4b5f-a9c8-bcd79938bedf:192.168.36.82:40804], old=null
2019-08-27 22:23:49,838 [c9d78582-bde6-4b5f-a9c8-bcd79938bedf:group-363EE032ACEC:LeaderElection12] INFO  impl.LeaderElection (LogUtils.java:infoOrTrace(149)) -   Exception 0: {}
java.util.concurrent.ExecutionException: org.apache.ratis.thirdparty.io.grpc.StatusRuntimeException: UNAVAILABLE: io exception
	at java.util.concurrent.FutureTask.report(FutureTask.java:122)
	at java.util.concurrent.FutureTask.get(FutureTask.java:192)
	at org.apache.ratis.server.impl.LeaderElection.waitForResults(LeaderElection.java:262)
	at org.apache.ratis.server.impl.LeaderElection.askForVotes(LeaderElection.java:200)
	at org.apache.ratis.server.impl.LeaderElection.run(LeaderElection.java:130)
	at java.lang.Thread.run(Thread.java:748)
Caused by: org.apache.ratis.thirdparty.io.grpc.StatusRuntimeException: UNAVAILABLE: io exception
	at org.apache.ratis.thirdparty.io.grpc.stub.ClientCalls.toStatusRuntimeException(ClientCalls.java:233)
	at org.apache.ratis.thirdparty.io.grpc.stub.ClientCalls.getUnchecked(ClientCalls.java:214)
	at org.apache.ratis.thirdparty.io.grpc.stub.ClientCalls.blockingUnaryCall(ClientCalls.java:139)
	at org.apache.ratis.proto.grpc.RaftServerProtocolServiceGrpc$RaftServerProtocolServiceBlockingStub.requestVote(RaftServerProtocolServiceGrpc.java:265)
	at org.apache.ratis.grpc.server.GrpcServerProtocolClient.requestVote(GrpcServerProtocolClient.java:83)
	at org.apache.ratis.grpc.server.GrpcService.requestVote(GrpcService.java:195)
	at org.apache.ratis.server.impl.LeaderElection.lambda$submitRequests$1(LeaderElection.java:237)
	at java.util.concurrent.FutureTask.run(FutureTask.java:266)
	at java.util.concurrent.Executors$RunnableAdapter.call(Executors.java:511)
	at java.util.concurrent.FutureTask.run(FutureTask.java:266)
	at java.util.concurrent.ThreadPoolExecutor.runWorker(ThreadPoolExecutor.java:1149)
	at java.util.concurrent.ThreadPoolExecutor$Worker.run(ThreadPoolExecutor.java:624)
	... 1 more
Caused by: org.apache.ratis.thirdparty.io.netty.channel.AbstractChannel$AnnotatedConnectException: Connection refused: /192.168.36.82:35339
	at sun.nio.ch.SocketChannelImpl.checkConnect(Native Method)
	at sun.nio.ch.SocketChannelImpl.finishConnect(SocketChannelImpl.java:717)
	at org.apache.ratis.thirdparty.io.netty.channel.socket.nio.NioSocketChannel.doFinishConnect(NioSocketChannel.java:327)
	at org.apache.ratis.thirdparty.io.netty.channel.nio.AbstractNioChannel$AbstractNioUnsafe.finishConnect(AbstractNioChannel.java:340)
	at org.apache.ratis.thirdparty.io.netty.channel.nio.NioEventLoop.processSelectedKey(NioEventLoop.java:632)
	at org.apache.ratis.thirdparty.io.netty.channel.nio.NioEventLoop.processSelectedKeysOptimized(NioEventLoop.java:579)
	at org.apache.ratis.thirdparty.io.netty.channel.nio.NioEventLoop.processSelectedKeys(NioEventLoop.java:496)
	at org.apache.ratis.thirdparty.io.netty.channel.nio.NioEventLoop.run(NioEventLoop.java:458)
	at org.apache.ratis.thirdparty.io.netty.util.concurrent.SingleThreadEventExecutor$5.run(SingleThreadEventExecutor.java:897)
	at org.apache.ratis.thirdparty.io.netty.util.concurrent.FastThreadLocalRunnable.run(FastThreadLocalRunnable.java:30)
	... 1 more
Caused by: java.net.ConnectException: Connection refused
	... 11 more
2019-08-27 22:23:49,838 [c9d78582-bde6-4b5f-a9c8-bcd79938bedf:group-363EE032ACEC:LeaderElection12] INFO  impl.RaftServerImpl (RaftServerImpl.java:setRole(171)) - c9d78582-bde6-4b5f-a9c8-bcd79938bedf:group-363EE032ACEC changes role from CANDIDATE to FOLLOWER at term 2 for DISCOVERED_A_NEW_TERM
2019-08-27 22:23:49,840 [c9d78582-bde6-4b5f-a9c8-bcd79938bedf:group-363EE032ACEC:LeaderElection12] INFO  impl.RoleInfo (RoleInfo.java:shutdownLeaderElection(134)) - c9d78582-bde6-4b5f-a9c8-bcd79938bedf: shutdown LeaderElection
2019-08-27 22:23:49,841 [c9d78582-bde6-4b5f-a9c8-bcd79938bedf:group-363EE032ACEC:LeaderElection12] INFO  impl.RoleInfo (RoleInfo.java:updateAndGet(143)) - c9d78582-bde6-4b5f-a9c8-bcd79938bedf: start FollowerState
2019-08-27 22:23:49,899 | INFO  | SCMAudit | user=jenkins1000 | ip=192.168.36.82 | op=SEND_HEARTBEAT {datanodeUUID=dc270109-534b-4ffd-b69c-da4013a4da15, command=[]} | ret=SUCCESS |  
2019-08-27 22:23:49,900 | INFO  | SCMAudit | user=jenkins1000 | ip=192.168.36.82 | op=SEND_HEARTBEAT {datanodeUUID=c9d78582-bde6-4b5f-a9c8-bcd79938bedf, command=[]} | ret=SUCCESS |  
2019-08-27 22:23:49,952 | INFO  | SCMAudit | user=jenkins1000 | ip=192.168.36.82 | op=SEND_HEARTBEAT {datanodeUUID=0b502caa-68a2-4bb7-9994-f00c500cc251, command=[]} | ret=SUCCESS |  
2019-08-27 22:23:50,197 | INFO  | SCMAudit | user=jenkins1000 | ip=192.168.36.82 | op=SEND_HEARTBEAT {datanodeUUID=16bc7653-c528-4f55-9a04-43f9c2b9cdff, command=[]} | ret=SUCCESS |  
2019-08-27 22:23:50,690 | INFO  | SCMAudit | user=jenkins1000 | ip=192.168.36.82 | op=SEND_HEARTBEAT {datanodeUUID=12327982-2cfc-49eb-88eb-ac4a15a5feba, command=[]} | ret=SUCCESS |  
2019-08-27 22:23:50,761 | INFO  | SCMAudit | user=jenkins1000 | ip=192.168.36.82 | op=SEND_HEARTBEAT {datanodeUUID=d53517dc-e0e6-4c77-a67f-13acdc2df14a, command=[]} | ret=SUCCESS |  
2019-08-27 22:23:50,900 | INFO  | SCMAudit | user=jenkins1000 | ip=192.168.36.82 | op=SEND_HEARTBEAT {datanodeUUID=c9d78582-bde6-4b5f-a9c8-bcd79938bedf, command=[]} | ret=SUCCESS |  
2019-08-27 22:23:50,900 | INFO  | SCMAudit | user=jenkins1000 | ip=192.168.36.82 | op=SEND_HEARTBEAT {datanodeUUID=dc270109-534b-4ffd-b69c-da4013a4da15, command=[]} | ret=SUCCESS |  
2019-08-27 22:23:50,953 | INFO  | SCMAudit | user=jenkins1000 | ip=192.168.36.82 | op=SEND_HEARTBEAT {datanodeUUID=0b502caa-68a2-4bb7-9994-f00c500cc251, command=[]} | ret=SUCCESS |  
2019-08-27 22:23:51,197 | INFO  | SCMAudit | user=jenkins1000 | ip=192.168.36.82 | op=SEND_HEARTBEAT {datanodeUUID=16bc7653-c528-4f55-9a04-43f9c2b9cdff, command=[]} | ret=SUCCESS |  
2019-08-27 22:23:51,598 [grpc-default-executor-3] INFO  client.GrpcClientProtocolClient (GrpcClientProtocolClient.java:onNext(255)) - client-A485569284D4->c9d78582-bde6-4b5f-a9c8-bcd79938bedf: receive RaftClientReply:client-A485569284D4->c9d78582-bde6-4b5f-a9c8-bcd79938bedf@group-363EE032ACEC, cid=14, FAILED org.apache.ratis.protocol.NotLeaderException: Server c9d78582-bde6-4b5f-a9c8-bcd79938bedf is not the leader (null). Request must be sent to leader., logIndex=0, commits[c9d78582-bde6-4b5f-a9c8-bcd79938bedf:c2, dc270109-534b-4ffd-b69c-da4013a4da15:c2, 25145613-3fa0-4f0b-9038-78eecb7deae6:c2]
2019-08-27 22:23:51,689 | INFO  | SCMAudit | user=jenkins1000 | ip=192.168.36.82 | op=SEND_HEARTBEAT {datanodeUUID=12327982-2cfc-49eb-88eb-ac4a15a5feba, command=[]} | ret=SUCCESS |  
2019-08-27 22:23:51,761 | INFO  | SCMAudit | user=jenkins1000 | ip=192.168.36.82 | op=SEND_HEARTBEAT {datanodeUUID=d53517dc-e0e6-4c77-a67f-13acdc2df14a, command=[]} | ret=SUCCESS |  
2019-08-27 22:23:51,900 | INFO  | SCMAudit | user=jenkins1000 | ip=192.168.36.82 | op=SEND_HEARTBEAT {datanodeUUID=dc270109-534b-4ffd-b69c-da4013a4da15, command=[]} | ret=SUCCESS |  
2019-08-27 22:23:51,900 | INFO  | SCMAudit | user=jenkins1000 | ip=192.168.36.82 | op=SEND_HEARTBEAT {datanodeUUID=c9d78582-bde6-4b5f-a9c8-bcd79938bedf, command=[]} | ret=SUCCESS |  
2019-08-27 22:23:51,953 | INFO  | SCMAudit | user=jenkins1000 | ip=192.168.36.82 | op=SEND_HEARTBEAT {datanodeUUID=0b502caa-68a2-4bb7-9994-f00c500cc251, command=[]} | ret=SUCCESS |  
2019-08-27 22:23:52,197 | INFO  | SCMAudit | user=jenkins1000 | ip=192.168.36.82 | op=SEND_HEARTBEAT {datanodeUUID=16bc7653-c528-4f55-9a04-43f9c2b9cdff, command=[]} | ret=SUCCESS |  
]]></system-out>
    <system-err><![CDATA[Aug 27, 2019 10:23:21 PM com.sun.jersey.server.impl.application.WebApplicationImpl _initiate
INFO: Initiating Jersey application, version 'Jersey: 1.19 02/11/2015 03:25 AM'
Aug 27, 2019 10:23:22 PM com.sun.jersey.server.impl.application.WebApplicationImpl _initiate
INFO: Initiating Jersey application, version 'Jersey: 1.19 02/11/2015 03:25 AM'
Aug 27, 2019 10:23:22 PM com.sun.jersey.server.impl.application.WebApplicationImpl _initiate
INFO: Initiating Jersey application, version 'Jersey: 1.19 02/11/2015 03:25 AM'
Aug 27, 2019 10:23:23 PM com.sun.jersey.server.impl.application.WebApplicationImpl _initiate
INFO: Initiating Jersey application, version 'Jersey: 1.19 02/11/2015 03:25 AM'
Aug 27, 2019 10:23:23 PM com.sun.jersey.server.impl.application.WebApplicationImpl _initiate
INFO: Initiating Jersey application, version 'Jersey: 1.19 02/11/2015 03:25 AM'
Aug 27, 2019 10:23:23 PM com.sun.jersey.server.impl.application.WebApplicationImpl _initiate
INFO: Initiating Jersey application, version 'Jersey: 1.19 02/11/2015 03:25 AM'
Aug 27, 2019 10:23:23 PM com.sun.jersey.server.impl.application.WebApplicationImpl _initiate
INFO: Initiating Jersey application, version 'Jersey: 1.19 02/11/2015 03:25 AM'
]]></system-err>
  </testcase>
</testsuite>