<?xml version="1.0" encoding="UTF-8"?>
<testsuite xmlns:xsi="http://www.w3.org/2001/XMLSchema-instance" xsi:noNamespaceSchemaLocation="https://maven.apache.org/surefire/maven-surefire-plugin/xsd/surefire-test-report.xsd" name="org.apache.hadoop.ozone.client.rpc.TestBlockOutputStreamWithFailures" time="682.166" tests="8" errors="0" skipped="0" failures="1">
  <properties>
    <property name="awt.toolkit" value="sun.awt.X11.XToolkit"/>
    <property name="file.encoding.pkg" value="sun.io"/>
    <property name="java.specification.version" value="1.8"/>
    <property name="sun.cpu.isalist" value=""/>
    <property name="sun.jnu.encoding" value="UTF-8"/>
    <property name="java.class.path" value="/workdir/hadoop-ozone/integration-test/target/test-classes:/workdir/hadoop-ozone/integration-test/target/classes:/home/user/.m2/repository/org/apache/hadoop/hadoop-ozone-common/0.4.1-SNAPSHOT/hadoop-ozone-common-0.4.1-SNAPSHOT.jar:/home/user/.m2/repository/org/apache/commons/commons-compress/1.4.1/commons-compress-1.4.1.jar:/home/user/.m2/repository/org/tukaani/xz/1.0/xz-1.0.jar:/home/user/.m2/repository/org/apache/hadoop/hadoop-common/3.2.0/hadoop-common-3.2.0.jar:/home/user/.m2/repository/org/apache/hadoop/hadoop-hdfs/3.2.0/hadoop-hdfs-3.2.0.jar:/home/user/.m2/repository/org/apache/hadoop/hadoop-hdfs-client/3.2.0/hadoop-hdfs-client-3.2.0.jar:/home/user/.m2/repository/com/fasterxml/jackson/core/jackson-annotations/2.9.5/jackson-annotations-2.9.5.jar:/home/user/.m2/repository/org/apache/hadoop/hadoop-hdds-common/0.4.1-SNAPSHOT/hadoop-hdds-common-0.4.1-SNAPSHOT.jar:/home/user/.m2/repository/javax/annotation/javax.annotation-api/1.2/javax.annotation-api-1.2.jar:/home/user/.m2/repository/org/apache/ratis/ratis-server/0.4.0-2337318-SNAPSHOT/ratis-server-0.4.0-2337318-SNAPSHOT.jar:/home/user/.m2/repository/org/apache/ratis/ratis-thirdparty-misc/0.2.0/ratis-thirdparty-misc-0.2.0.jar:/home/user/.m2/repository/org/apache/ratis/ratis-proto/0.4.0-2337318-SNAPSHOT/ratis-proto-0.4.0-2337318-SNAPSHOT.jar:/home/user/.m2/repository/org/apache/ratis/ratis-common/0.4.0-2337318-SNAPSHOT/ratis-common-0.4.0-2337318-SNAPSHOT.jar:/home/user/.m2/repository/org/apache/ratis/ratis-client/0.4.0-2337318-SNAPSHOT/ratis-client-0.4.0-2337318-SNAPSHOT.jar:/home/user/.m2/repository/org/apache/ratis/ratis-metrics/0.4.0-2337318-SNAPSHOT/ratis-metrics-0.4.0-2337318-SNAPSHOT.jar:/home/user/.m2/repository/org/apache/ratis/ratis-netty/0.4.0-2337318-SNAPSHOT/ratis-netty-0.4.0-2337318-SNAPSHOT.jar:/home/user/.m2/repository/org/apache/ratis/ratis-grpc/0.4.0-2337318-SNAPSHOT/ratis-grpc-0.4.0-2337318-SNAPSHOT.jar:/home/user/.m2/repository/org/rocksdb/rocksdbjni/6.0.1/rocksdbjni-6.0.1.jar:/home/user/.m2/repository/org/apache/logging/log4j/log4j-api/2.11.0/log4j-api-2.11.0.jar:/home/user/.m2/repository/org/apache/logging/log4j/log4j-core/2.11.0/log4j-core-2.11.0.jar:/home/user/.m2/repository/com/lmax/disruptor/3.4.2/disruptor-3.4.2.jar:/home/user/.m2/repository/org/apache/commons/commons-pool2/2.6.0/commons-pool2-2.6.0.jar:/home/user/.m2/repository/org/bouncycastle/bcpkix-jdk15on/1.60/bcpkix-jdk15on-1.60.jar:/home/user/.m2/repository/commons-validator/commons-validator/1.6/commons-validator-1.6.jar:/home/user/.m2/repository/commons-digester/commons-digester/1.8.1/commons-digester-1.8.1.jar:/home/user/.m2/repository/io/jaegertracing/jaeger-client/0.33.1/jaeger-client-0.33.1.jar:/home/user/.m2/repository/io/jaegertracing/jaeger-thrift/0.33.1/jaeger-thrift-0.33.1.jar:/home/user/.m2/repository/org/apache/thrift/libthrift/0.11.0/libthrift-0.11.0.jar:/home/user/.m2/repository/com/squareup/okhttp3/okhttp/3.9.0/okhttp-3.9.0.jar:/home/user/.m2/repository/com/squareup/okio/okio/1.13.0/okio-1.13.0.jar:/home/user/.m2/repository/io/jaegertracing/jaeger-core/0.33.1/jaeger-core-0.33.1.jar:/home/user/.m2/repository/io/jaegertracing/jaeger-tracerresolver/0.33.1/jaeger-tracerresolver-0.33.1.jar:/home/user/.m2/repository/io/opentracing/contrib/opentracing-tracerresolver/0.1.5/opentracing-tracerresolver-0.1.5.jar:/home/user/.m2/repository/io/opentracing/opentracing-util/0.31.0/opentracing-util-0.31.0.jar:/home/user/.m2/repository/io/opentracing/opentracing-api/0.31.0/opentracing-api-0.31.0.jar:/home/user/.m2/repository/io/opentracing/opentracing-noop/0.31.0/opentracing-noop-0.31.0.jar:/home/user/.m2/repository/org/apache/hadoop/hadoop-hdds-server-framework/0.4.1-SNAPSHOT/hadoop-hdds-server-framework-0.4.1-SNAPSHOT.jar:/home/user/.m2/repository/org/apache/hadoop/hadoop-hdds-container-service/0.4.1-SNAPSHOT/hadoop-hdds-container-service-0.4.1-SNAPSHOT.jar:/home/user/.m2/repository/org/apache/hadoop/hadoop-hdds-client/0.4.1-SNAPSHOT/hadoop-hdds-client-0.4.1-SNAPSHOT.jar:/home/user/.m2/repository/org/apache/hadoop/hadoop-hdds-tools/0.4.1-SNAPSHOT/hadoop-hdds-tools-0.4.1-SNAPSHOT.jar:/home/user/.m2/repository/org/apache/hadoop/hadoop-hdds-server-scm/0.4.1-SNAPSHOT/hadoop-hdds-server-scm-0.4.1-SNAPSHOT.jar:/home/user/.m2/repository/org/apache/hadoop/hadoop-hdds-docs/0.4.1-SNAPSHOT/hadoop-hdds-docs-0.4.1-SNAPSHOT.jar:/home/user/.m2/repository/io/dropwizard/metrics/metrics-core/3.2.4/metrics-core-3.2.4.jar:/home/user/.m2/repository/org/hamcrest/hamcrest-all/1.3/hamcrest-all-1.3.jar:/home/user/.m2/repository/org/bouncycastle/bcprov-jdk15on/1.60/bcprov-jdk15on-1.60.jar:/home/user/.m2/repository/info/picocli/picocli/3.9.6/picocli-3.9.6.jar:/home/user/.m2/repository/com/google/protobuf/protobuf-java/2.5.0/protobuf-java-2.5.0.jar:/home/user/.m2/repository/com/google/guava/guava/11.0.2/guava-11.0.2.jar:/home/user/.m2/repository/org/apache/hadoop/hadoop-ozone-ozone-manager/0.4.1-SNAPSHOT/hadoop-ozone-ozone-manager-0.4.1-SNAPSHOT.jar:/home/user/.m2/repository/org/apache/hadoop/hadoop-minikdc/3.2.0/hadoop-minikdc-3.2.0.jar:/home/user/.m2/repository/commons-io/commons-io/2.5/commons-io-2.5.jar:/home/user/.m2/repository/org/apache/kerby/kerb-simplekdc/1.0.1/kerb-simplekdc-1.0.1.jar:/home/user/.m2/repository/org/apache/kerby/kerb-client/1.0.1/kerb-client-1.0.1.jar:/home/user/.m2/repository/org/apache/kerby/kerby-config/1.0.1/kerby-config-1.0.1.jar:/home/user/.m2/repository/org/apache/kerby/kerb-core/1.0.1/kerb-core-1.0.1.jar:/home/user/.m2/repository/org/apache/kerby/kerby-pkix/1.0.1/kerby-pkix-1.0.1.jar:/home/user/.m2/repository/org/apache/kerby/kerby-asn1/1.0.1/kerby-asn1-1.0.1.jar:/home/user/.m2/repository/org/apache/kerby/kerby-util/1.0.1/kerby-util-1.0.1.jar:/home/user/.m2/repository/org/apache/kerby/kerb-common/1.0.1/kerb-common-1.0.1.jar:/home/user/.m2/repository/org/apache/kerby/kerb-crypto/1.0.1/kerb-crypto-1.0.1.jar:/home/user/.m2/repository/org/apache/kerby/kerb-util/1.0.1/kerb-util-1.0.1.jar:/home/user/.m2/repository/org/apache/kerby/token-provider/1.0.1/token-provider-1.0.1.jar:/home/user/.m2/repository/org/apache/kerby/kerb-admin/1.0.1/kerb-admin-1.0.1.jar:/home/user/.m2/repository/org/apache/kerby/kerb-server/1.0.1/kerb-server-1.0.1.jar:/home/user/.m2/repository/org/apache/kerby/kerb-identity/1.0.1/kerb-identity-1.0.1.jar:/home/user/.m2/repository/org/apache/kerby/kerby-xdr/1.0.1/kerby-xdr-1.0.1.jar:/home/user/.m2/repository/org/slf4j/slf4j-log4j12/1.7.25/slf4j-log4j12-1.7.25.jar:/home/user/.m2/repository/org/apache/hadoop/hadoop-ozone-objectstore-service/0.4.1-SNAPSHOT/hadoop-ozone-objectstore-service-0.4.1-SNAPSHOT.jar:/home/user/.m2/repository/org/apache/hadoop/hadoop-ozone-s3gateway/0.4.1-SNAPSHOT/hadoop-ozone-s3gateway-0.4.1-SNAPSHOT.jar:/home/user/.m2/repository/org/jboss/weld/servlet/weld-servlet/2.4.7.Final/weld-servlet-2.4.7.Final.jar:/home/user/.m2/repository/org/glassfish/jersey/containers/jersey-container-servlet-core/2.27/jersey-container-servlet-core-2.27.jar:/home/user/.m2/repository/org/glassfish/hk2/external/javax.inject/2.5.0-b42/javax.inject-2.5.0-b42.jar:/home/user/.m2/repository/org/glassfish/jersey/core/jersey-common/2.27/jersey-common-2.27.jar:/home/user/.m2/repository/org/glassfish/hk2/osgi-resource-locator/1.0.1/osgi-resource-locator-1.0.1.jar:/home/user/.m2/repository/javax/ws/rs/javax.ws.rs-api/2.1/javax.ws.rs-api-2.1.jar:/home/user/.m2/repository/org/glassfish/jersey/ext/cdi/jersey-cdi1x/2.27/jersey-cdi1x-2.27.jar:/home/user/.m2/repository/org/glassfish/jersey/inject/jersey-hk2/2.27/jersey-hk2-2.27.jar:/home/user/.m2/repository/org/glassfish/hk2/hk2-locator/2.5.0-b42/hk2-locator-2.5.0-b42.jar:/home/user/.m2/repository/org/javassist/javassist/3.22.0-CR2/javassist-3.22.0-CR2.jar:/home/user/.m2/repository/org/glassfish/hk2/hk2-api/2.5.0/hk2-api-2.5.0.jar:/home/user/.m2/repository/org/glassfish/hk2/external/jakarta.inject/2.5.0/jakarta.inject-2.5.0.jar:/home/user/.m2/repository/org/glassfish/hk2/hk2-utils/2.5.0/hk2-utils-2.5.0.jar:/home/user/.m2/repository/jakarta/annotation/jakarta.annotation-api/1.3.4/jakarta.annotation-api-1.3.4.jar:/home/user/.m2/repository/org/glassfish/hk2/external/aopalliance-repackaged/2.5.0/aopalliance-repackaged-2.5.0.jar:/home/user/.m2/repository/com/fasterxml/jackson/dataformat/jackson-dataformat-xml/2.9.0/jackson-dataformat-xml-2.9.0.jar:/home/user/.m2/repository/com/fasterxml/jackson/core/jackson-core/2.9.5/jackson-core-2.9.5.jar:/home/user/.m2/repository/com/fasterxml/jackson/module/jackson-module-jaxb-annotations/2.9.5/jackson-module-jaxb-annotations-2.9.5.jar:/home/user/.m2/repository/javax/enterprise/cdi-api/1.2/cdi-api-1.2.jar:/home/user/.m2/repository/javax/el/javax.el-api/3.0.0/javax.el-api-3.0.0.jar:/home/user/.m2/repository/javax/interceptor/javax.interceptor-api/1.2/javax.interceptor-api-1.2.jar:/home/user/.m2/repository/javax/inject/javax.inject/1/javax.inject-1.jar:/home/user/.m2/repository/com/sun/xml/bind/jaxb-impl/2.3.0.1/jaxb-impl-2.3.0.1.jar:/home/user/.m2/repository/com/sun/xml/bind/jaxb-core/2.3.0.1/jaxb-core-2.3.0.1.jar:/home/user/.m2/repository/javax/xml/bind/jaxb-api/2.3.0/jaxb-api-2.3.0.jar:/home/user/.m2/repository/javax/activation/activation/1.1.1/activation-1.1.1.jar:/home/user/.m2/repository/org/apache/hadoop/hadoop-ozone-csi/0.4.1-SNAPSHOT/hadoop-ozone-csi-0.4.1-SNAPSHOT.jar:/home/user/.m2/repository/com/google/protobuf/protobuf-java-util/3.5.1/protobuf-java-util-3.5.1.jar:/home/user/.m2/repository/org/apache/hadoop/hadoop-hdds-config/0.4.1-SNAPSHOT/hadoop-hdds-config-0.4.1-SNAPSHOT.jar:/home/user/.m2/repository/io/grpc/grpc-netty/1.17.1/grpc-netty-1.17.1.jar:/home/user/.m2/repository/io/grpc/grpc-core/1.17.1/grpc-core-1.17.1.jar:/home/user/.m2/repository/io/grpc/grpc-context/1.17.1/grpc-context-1.17.1.jar:/home/user/.m2/repository/com/google/errorprone/error_prone_annotations/2.2.0/error_prone_annotations-2.2.0.jar:/home/user/.m2/repository/org/codehaus/mojo/animal-sniffer-annotations/1.17/animal-sniffer-annotations-1.17.jar:/home/user/.m2/repository/io/opencensus/opencensus-api/0.17.0/opencensus-api-0.17.0.jar:/home/user/.m2/repository/io/opencensus/opencensus-contrib-grpc-metrics/0.17.0/opencensus-contrib-grpc-metrics-0.17.0.jar:/home/user/.m2/repository/io/netty/netty-codec-http2/4.1.30.Final/netty-codec-http2-4.1.30.Final.jar:/home/user/.m2/repository/io/netty/netty-codec-http/4.1.30.Final/netty-codec-http-4.1.30.Final.jar:/home/user/.m2/repository/io/netty/netty-codec/4.1.30.Final/netty-codec-4.1.30.Final.jar:/home/user/.m2/repository/io/netty/netty-handler/4.1.30.Final/netty-handler-4.1.30.Final.jar:/home/user/.m2/repository/io/netty/netty-handler-proxy/4.1.30.Final/netty-handler-proxy-4.1.30.Final.jar:/home/user/.m2/repository/io/netty/netty-codec-socks/4.1.30.Final/netty-codec-socks-4.1.30.Final.jar:/home/user/.m2/repository/io/netty/netty-transport-native-epoll/4.1.30.Final/netty-transport-native-epoll-4.1.30.Final.jar:/home/user/.m2/repository/io/netty/netty-common/4.1.30.Final/netty-common-4.1.30.Final.jar:/home/user/.m2/repository/io/netty/netty-buffer/4.1.30.Final/netty-buffer-4.1.30.Final.jar:/home/user/.m2/repository/io/netty/netty-transport/4.1.30.Final/netty-transport-4.1.30.Final.jar:/home/user/.m2/repository/io/netty/netty-resolver/4.1.30.Final/netty-resolver-4.1.30.Final.jar:/home/user/.m2/repository/io/netty/netty-transport-native-unix-common/4.1.30.Final/netty-transport-native-unix-common-4.1.30.Final.jar:/home/user/.m2/repository/io/grpc/grpc-protobuf/1.17.1/grpc-protobuf-1.17.1.jar:/home/user/.m2/repository/com/google/api/grpc/proto-google-common-protos/1.0.0/proto-google-common-protos-1.0.0.jar:/home/user/.m2/repository/io/grpc/grpc-protobuf-lite/1.17.1/grpc-protobuf-lite-1.17.1.jar:/home/user/.m2/repository/io/grpc/grpc-stub/1.17.1/grpc-stub-1.17.1.jar:/home/user/.m2/repository/org/apache/hadoop/hadoop-ozone-recon/0.4.1-SNAPSHOT/hadoop-ozone-recon-0.4.1-SNAPSHOT.jar:/home/user/.m2/repository/org/apache/hadoop/hadoop-ozone-reconcodegen/0.4.1-SNAPSHOT/hadoop-ozone-reconcodegen-0.4.1-SNAPSHOT.jar:/home/user/.m2/repository/com/google/inject/extensions/guice-multibindings/4.0/guice-multibindings-4.0.jar:/home/user/.m2/repository/com/google/inject/guice/4.0/guice-4.0.jar:/home/user/.m2/repository/aopalliance/aopalliance/1.0/aopalliance-1.0.jar:/home/user/.m2/repository/com/google/inject/extensions/guice-servlet/4.0/guice-servlet-4.0.jar:/home/user/.m2/repository/org/glassfish/jersey/containers/jersey-container-servlet/2.27/jersey-container-servlet-2.27.jar:/home/user/.m2/repository/org/glassfish/hk2/guice-bridge/2.5.0/guice-bridge-2.5.0.jar:/home/user/.m2/repository/org/glassfish/jersey/core/jersey-server/2.27/jersey-server-2.27.jar:/home/user/.m2/repository/org/glassfish/jersey/core/jersey-client/2.27/jersey-client-2.27.jar:/home/user/.m2/repository/org/glassfish/jersey/media/jersey-media-jaxb/2.27/jersey-media-jaxb-2.27.jar:/home/user/.m2/repository/javax/validation/validation-api/1.1.0.Final/validation-api-1.1.0.Final.jar:/home/user/.m2/repository/org/glassfish/jersey/media/jersey-media-json-jackson/2.27/jersey-media-json-jackson-2.27.jar:/home/user/.m2/repository/org/glassfish/jersey/ext/jersey-entity-filtering/2.27/jersey-entity-filtering-2.27.jar:/home/user/.m2/repository/com/google/inject/extensions/guice-assistedinject/4.0/guice-assistedinject-4.0.jar:/home/user/.m2/repository/org/jooq/jooq/3.11.10/jooq-3.11.10.jar:/home/user/.m2/repository/org/jooq/jooq-meta/3.11.10/jooq-meta-3.11.10.jar:/home/user/.m2/repository/org/jooq/jooq-codegen/3.11.10/jooq-codegen-3.11.10.jar:/home/user/.m2/repository/com/jolbox/bonecp/0.8.0.RELEASE/bonecp-0.8.0.RELEASE.jar:/home/user/.m2/repository/org/xerial/sqlite-jdbc/3.25.2/sqlite-jdbc-3.25.2.jar:/home/user/.m2/repository/org/springframework/spring-jdbc/5.1.3.RELEASE/spring-jdbc-5.1.3.RELEASE.jar:/home/user/.m2/repository/org/springframework/spring-beans/5.1.3.RELEASE/spring-beans-5.1.3.RELEASE.jar:/home/user/.m2/repository/org/springframework/spring-core/5.1.3.RELEASE/spring-core-5.1.3.RELEASE.jar:/home/user/.m2/repository/org/springframework/spring-jcl/5.1.3.RELEASE/spring-jcl-5.1.3.RELEASE.jar:/home/user/.m2/repository/org/springframework/spring-tx/5.1.3.RELEASE/spring-tx-5.1.3.RELEASE.jar:/home/user/.m2/repository/org/apache/hadoop/hadoop-ozone-client/0.4.1-SNAPSHOT/hadoop-ozone-client-0.4.1-SNAPSHOT.jar:/home/user/.m2/repository/commons-lang/commons-lang/2.6/commons-lang-2.6.jar:/home/user/.m2/repository/org/apache/hadoop/hadoop-ozone-ozone-manager/0.4.1-SNAPSHOT/hadoop-ozone-ozone-manager-0.4.1-SNAPSHOT-tests.jar:/home/user/.m2/repository/junit/junit/4.11/junit-4.11.jar:/home/user/.m2/repository/org/hamcrest/hamcrest-core/1.3/hamcrest-core-1.3.jar:/home/user/.m2/repository/org/openjdk/jmh/jmh-core/1.19/jmh-core-1.19.jar:/home/user/.m2/repository/net/sf/jopt-simple/jopt-simple/4.6/jopt-simple-4.6.jar:/home/user/.m2/repository/org/apache/commons/commons-math3/3.1.1/commons-math3-3.1.1.jar:/home/user/.m2/repository/org/openjdk/jmh/jmh-generator-annprocess/1.19/jmh-generator-annprocess-1.19.jar:/home/user/.m2/repository/org/mockito/mockito-all/1.8.5/mockito-all-1.8.5.jar:/home/user/.m2/repository/org/apache/hadoop/hadoop-kms/3.2.0/hadoop-kms-3.2.0.jar:/home/user/.m2/repository/org/apache/hadoop/hadoop-auth/3.2.0/hadoop-auth-3.2.0.jar:/home/user/.m2/repository/com/nimbusds/nimbus-jose-jwt/4.41.1/nimbus-jose-jwt-4.41.1.jar:/home/user/.m2/repository/com/github/stephenc/jcip/jcip-annotations/1.0-1/jcip-annotations-1.0-1.jar:/home/user/.m2/repository/net/minidev/json-smart/2.3/json-smart-2.3.jar:/home/user/.m2/repository/net/minidev/accessors-smart/1.2/accessors-smart-1.2.jar:/home/user/.m2/repository/org/ow2/asm/asm/5.0.4/asm-5.0.4.jar:/home/user/.m2/repository/org/apache/curator/curator-framework/2.12.0/curator-framework-2.12.0.jar:/home/user/.m2/repository/com/sun/jersey/jersey-core/1.19/jersey-core-1.19.jar:/home/user/.m2/repository/javax/ws/rs/jsr311-api/1.1.1/jsr311-api-1.1.1.jar:/home/user/.m2/repository/com/sun/jersey/jersey-server/1.19/jersey-server-1.19.jar:/home/user/.m2/repository/javax/servlet/javax.servlet-api/3.1.0/javax.servlet-api-3.1.0.jar:/home/user/.m2/repository/org/eclipse/jetty/jetty-server/9.3.24.v20180605/jetty-server-9.3.24.v20180605.jar:/home/user/.m2/repository/org/eclipse/jetty/jetty-http/9.3.24.v20180605/jetty-http-9.3.24.v20180605.jar:/home/user/.m2/repository/org/eclipse/jetty/jetty-io/9.3.24.v20180605/jetty-io-9.3.24.v20180605.jar:/home/user/.m2/repository/org/eclipse/jetty/jetty-webapp/9.3.24.v20180605/jetty-webapp-9.3.24.v20180605.jar:/home/user/.m2/repository/org/eclipse/jetty/jetty-xml/9.3.24.v20180605/jetty-xml-9.3.24.v20180605.jar:/home/user/.m2/repository/log4j/log4j/1.2.17/log4j-1.2.17.jar:/home/user/.m2/repository/org/slf4j/slf4j-api/1.7.25/slf4j-api-1.7.25.jar:/home/user/.m2/repository/org/slf4j/jul-to-slf4j/1.7.25/jul-to-slf4j-1.7.25.jar:/home/user/.m2/repository/org/eclipse/jetty/jetty-util/9.3.24.v20180605/jetty-util-9.3.24.v20180605.jar:/home/user/.m2/repository/com/fasterxml/jackson/core/jackson-databind/2.9.5/jackson-databind-2.9.5.jar:/home/user/.m2/repository/org/apache/hadoop/hadoop-kms/3.2.0/hadoop-kms-3.2.0-tests.jar:/home/user/.m2/repository/org/apache/hadoop/hadoop-hdds-server-scm/0.4.1-SNAPSHOT/hadoop-hdds-server-scm-0.4.1-SNAPSHOT-tests.jar:/home/user/.m2/repository/org/apache/hadoop/hadoop-hdds-container-service/0.4.1-SNAPSHOT/hadoop-hdds-container-service-0.4.1-SNAPSHOT-tests.jar:/home/user/.m2/repository/org/yaml/snakeyaml/1.16/snakeyaml-1.16.jar:/home/user/.m2/repository/org/apache/hadoop/hadoop-common/3.2.0/hadoop-common-3.2.0-tests.jar:/home/user/.m2/repository/org/apache/hadoop/hadoop-annotations/3.2.0/hadoop-annotations-3.2.0.jar:/usr/lib/jvm/java-1.8-openjdk/jre/../lib/tools.jar:/home/user/.m2/repository/commons-cli/commons-cli/1.2/commons-cli-1.2.jar:/home/user/.m2/repository/org/apache/httpcomponents/httpclient/4.5.2/httpclient-4.5.2.jar:/home/user/.m2/repository/org/apache/httpcomponents/httpcore/4.4.4/httpcore-4.4.4.jar:/home/user/.m2/repository/commons-codec/commons-codec/1.11/commons-codec-1.11.jar:/home/user/.m2/repository/commons-net/commons-net/3.6/commons-net-3.6.jar:/home/user/.m2/repository/commons-collections/commons-collections/3.2.2/commons-collections-3.2.2.jar:/home/user/.m2/repository/org/eclipse/jetty/jetty-servlet/9.3.24.v20180605/jetty-servlet-9.3.24.v20180605.jar:/home/user/.m2/repository/org/eclipse/jetty/jetty-security/9.3.24.v20180605/jetty-security-9.3.24.v20180605.jar:/home/user/.m2/repository/javax/servlet/jsp/jsp-api/2.1/jsp-api-2.1.jar:/home/user/.m2/repository/com/sun/jersey/jersey-servlet/1.19/jersey-servlet-1.19.jar:/home/user/.m2/repository/com/sun/jersey/jersey-json/1.19/jersey-json-1.19.jar:/home/user/.m2/repository/org/codehaus/jettison/jettison/1.1/jettison-1.1.jar:/home/user/.m2/repository/org/codehaus/jackson/jackson-core-asl/1.9.13/jackson-core-asl-1.9.13.jar:/home/user/.m2/repository/org/codehaus/jackson/jackson-mapper-asl/1.9.13/jackson-mapper-asl-1.9.13.jar:/home/user/.m2/repository/org/codehaus/jackson/jackson-jaxrs/1.9.13/jackson-jaxrs-1.9.13.jar:/home/user/.m2/repository/org/codehaus/jackson/jackson-xc/1.9.13/jackson-xc-1.9.13.jar:/home/user/.m2/repository/commons-logging/commons-logging/1.1.3/commons-logging-1.1.3.jar:/home/user/.m2/repository/commons-beanutils/commons-beanutils/1.9.3/commons-beanutils-1.9.3.jar:/home/user/.m2/repository/org/apache/commons/commons-configuration2/2.1.1/commons-configuration2-2.1.1.jar:/home/user/.m2/repository/org/apache/commons/commons-lang3/3.7/commons-lang3-3.7.jar:/home/user/.m2/repository/org/apache/commons/commons-text/1.4/commons-text-1.4.jar:/home/user/.m2/repository/org/apache/avro/avro/1.7.7/avro-1.7.7.jar:/home/user/.m2/repository/com/thoughtworks/paranamer/paranamer/2.3/paranamer-2.3.jar:/home/user/.m2/repository/org/xerial/snappy/snappy-java/1.0.5/snappy-java-1.0.5.jar:/home/user/.m2/repository/com/google/re2j/re2j/1.1/re2j-1.1.jar:/home/user/.m2/repository/com/google/code/gson/gson/2.2.4/gson-2.2.4.jar:/home/user/.m2/repository/com/jcraft/jsch/0.1.54/jsch-0.1.54.jar:/home/user/.m2/repository/org/apache/curator/curator-client/2.12.0/curator-client-2.12.0.jar:/home/user/.m2/repository/org/apache/curator/curator-recipes/2.12.0/curator-recipes-2.12.0.jar:/home/user/.m2/repository/com/google/code/findbugs/jsr305/3.0.0/jsr305-3.0.0.jar:/home/user/.m2/repository/org/apache/htrace/htrace-core4/4.1.0-incubating/htrace-core4-4.1.0-incubating.jar:/home/user/.m2/repository/org/apache/zookeeper/zookeeper/3.4.13/zookeeper-3.4.13.jar:/home/user/.m2/repository/org/apache/yetus/audience-annotations/0.5.0/audience-annotations-0.5.0.jar:/home/user/.m2/repository/org/codehaus/woodstox/stax2-api/3.1.4/stax2-api-3.1.4.jar:/home/user/.m2/repository/com/fasterxml/woodstox/woodstox-core/5.0.3/woodstox-core-5.0.3.jar:/home/user/.m2/repository/dnsjava/dnsjava/2.1.7/dnsjava-2.1.7.jar:/home/user/.m2/repository/org/apache/hadoop/hadoop-hdfs/3.2.0/hadoop-hdfs-3.2.0-tests.jar:/home/user/.m2/repository/org/eclipse/jetty/jetty-util-ajax/9.3.24.v20180605/jetty-util-ajax-9.3.24.v20180605.jar:/home/user/.m2/repository/commons-daemon/commons-daemon/1.0.13/commons-daemon-1.0.13.jar:/home/user/.m2/repository/io/netty/netty/3.10.5.Final/netty-3.10.5.Final.jar:/home/user/.m2/repository/io/netty/netty-all/4.0.52.Final/netty-all-4.0.52.Final.jar:/home/user/.m2/repository/org/fusesource/leveldbjni/leveldbjni-all/1.8/leveldbjni-all-1.8.jar:"/>
    <property name="java.vm.vendor" value="IcedTea"/>
    <property name="sun.arch.data.model" value="64"/>
    <property name="test.build.dir" value="/workdir/hadoop-ozone/integration-test/target/test-dir"/>
    <property name="test.cache.data" value=""/>
    <property name="java.vendor.url" value="https://icedtea.classpath.org"/>
    <property name="user.timezone" value=""/>
    <property name="java.vm.specification.version" value="1.8"/>
    <property name="os.name" value="Linux"/>
    <property name="test.build.data" value="/workdir/hadoop-ozone/integration-test/target/test-dir"/>
    <property name="user.country" value="US"/>
    <property name="sun.java.launcher" value="SUN_STANDARD"/>
    <property name="sun.boot.library.path" value="/usr/lib/jvm/java-1.8-openjdk/jre/lib/amd64"/>
    <property name="sun.java.command" value="/workdir/hadoop-ozone/integration-test/target/surefire/surefirebooter2649327294576271958.jar /workdir/hadoop-ozone/integration-test/target/surefire 2019-08-19T03-13-11_235-jvmRun1 surefire325421348314272026tmp surefire_20133935447995564524tmp"/>
    <property name="test" value="!TestMiniChaosOzoneCluster"/>
    <property name="surefire.test.class.path" value="/workdir/hadoop-ozone/integration-test/target/test-classes:/workdir/hadoop-ozone/integration-test/target/classes:/home/user/.m2/repository/org/apache/hadoop/hadoop-ozone-common/0.4.1-SNAPSHOT/hadoop-ozone-common-0.4.1-SNAPSHOT.jar:/home/user/.m2/repository/org/apache/commons/commons-compress/1.4.1/commons-compress-1.4.1.jar:/home/user/.m2/repository/org/tukaani/xz/1.0/xz-1.0.jar:/home/user/.m2/repository/org/apache/hadoop/hadoop-common/3.2.0/hadoop-common-3.2.0.jar:/home/user/.m2/repository/org/apache/hadoop/hadoop-hdfs/3.2.0/hadoop-hdfs-3.2.0.jar:/home/user/.m2/repository/org/apache/hadoop/hadoop-hdfs-client/3.2.0/hadoop-hdfs-client-3.2.0.jar:/home/user/.m2/repository/com/fasterxml/jackson/core/jackson-annotations/2.9.5/jackson-annotations-2.9.5.jar:/home/user/.m2/repository/org/apache/hadoop/hadoop-hdds-common/0.4.1-SNAPSHOT/hadoop-hdds-common-0.4.1-SNAPSHOT.jar:/home/user/.m2/repository/javax/annotation/javax.annotation-api/1.2/javax.annotation-api-1.2.jar:/home/user/.m2/repository/org/apache/ratis/ratis-server/0.4.0-2337318-SNAPSHOT/ratis-server-0.4.0-2337318-SNAPSHOT.jar:/home/user/.m2/repository/org/apache/ratis/ratis-thirdparty-misc/0.2.0/ratis-thirdparty-misc-0.2.0.jar:/home/user/.m2/repository/org/apache/ratis/ratis-proto/0.4.0-2337318-SNAPSHOT/ratis-proto-0.4.0-2337318-SNAPSHOT.jar:/home/user/.m2/repository/org/apache/ratis/ratis-common/0.4.0-2337318-SNAPSHOT/ratis-common-0.4.0-2337318-SNAPSHOT.jar:/home/user/.m2/repository/org/apache/ratis/ratis-client/0.4.0-2337318-SNAPSHOT/ratis-client-0.4.0-2337318-SNAPSHOT.jar:/home/user/.m2/repository/org/apache/ratis/ratis-metrics/0.4.0-2337318-SNAPSHOT/ratis-metrics-0.4.0-2337318-SNAPSHOT.jar:/home/user/.m2/repository/org/apache/ratis/ratis-netty/0.4.0-2337318-SNAPSHOT/ratis-netty-0.4.0-2337318-SNAPSHOT.jar:/home/user/.m2/repository/org/apache/ratis/ratis-grpc/0.4.0-2337318-SNAPSHOT/ratis-grpc-0.4.0-2337318-SNAPSHOT.jar:/home/user/.m2/repository/org/rocksdb/rocksdbjni/6.0.1/rocksdbjni-6.0.1.jar:/home/user/.m2/repository/org/apache/logging/log4j/log4j-api/2.11.0/log4j-api-2.11.0.jar:/home/user/.m2/repository/org/apache/logging/log4j/log4j-core/2.11.0/log4j-core-2.11.0.jar:/home/user/.m2/repository/com/lmax/disruptor/3.4.2/disruptor-3.4.2.jar:/home/user/.m2/repository/org/apache/commons/commons-pool2/2.6.0/commons-pool2-2.6.0.jar:/home/user/.m2/repository/org/bouncycastle/bcpkix-jdk15on/1.60/bcpkix-jdk15on-1.60.jar:/home/user/.m2/repository/commons-validator/commons-validator/1.6/commons-validator-1.6.jar:/home/user/.m2/repository/commons-digester/commons-digester/1.8.1/commons-digester-1.8.1.jar:/home/user/.m2/repository/io/jaegertracing/jaeger-client/0.33.1/jaeger-client-0.33.1.jar:/home/user/.m2/repository/io/jaegertracing/jaeger-thrift/0.33.1/jaeger-thrift-0.33.1.jar:/home/user/.m2/repository/org/apache/thrift/libthrift/0.11.0/libthrift-0.11.0.jar:/home/user/.m2/repository/com/squareup/okhttp3/okhttp/3.9.0/okhttp-3.9.0.jar:/home/user/.m2/repository/com/squareup/okio/okio/1.13.0/okio-1.13.0.jar:/home/user/.m2/repository/io/jaegertracing/jaeger-core/0.33.1/jaeger-core-0.33.1.jar:/home/user/.m2/repository/io/jaegertracing/jaeger-tracerresolver/0.33.1/jaeger-tracerresolver-0.33.1.jar:/home/user/.m2/repository/io/opentracing/contrib/opentracing-tracerresolver/0.1.5/opentracing-tracerresolver-0.1.5.jar:/home/user/.m2/repository/io/opentracing/opentracing-util/0.31.0/opentracing-util-0.31.0.jar:/home/user/.m2/repository/io/opentracing/opentracing-api/0.31.0/opentracing-api-0.31.0.jar:/home/user/.m2/repository/io/opentracing/opentracing-noop/0.31.0/opentracing-noop-0.31.0.jar:/home/user/.m2/repository/org/apache/hadoop/hadoop-hdds-server-framework/0.4.1-SNAPSHOT/hadoop-hdds-server-framework-0.4.1-SNAPSHOT.jar:/home/user/.m2/repository/org/apache/hadoop/hadoop-hdds-container-service/0.4.1-SNAPSHOT/hadoop-hdds-container-service-0.4.1-SNAPSHOT.jar:/home/user/.m2/repository/org/apache/hadoop/hadoop-hdds-client/0.4.1-SNAPSHOT/hadoop-hdds-client-0.4.1-SNAPSHOT.jar:/home/user/.m2/repository/org/apache/hadoop/hadoop-hdds-tools/0.4.1-SNAPSHOT/hadoop-hdds-tools-0.4.1-SNAPSHOT.jar:/home/user/.m2/repository/org/apache/hadoop/hadoop-hdds-server-scm/0.4.1-SNAPSHOT/hadoop-hdds-server-scm-0.4.1-SNAPSHOT.jar:/home/user/.m2/repository/org/apache/hadoop/hadoop-hdds-docs/0.4.1-SNAPSHOT/hadoop-hdds-docs-0.4.1-SNAPSHOT.jar:/home/user/.m2/repository/io/dropwizard/metrics/metrics-core/3.2.4/metrics-core-3.2.4.jar:/home/user/.m2/repository/org/hamcrest/hamcrest-all/1.3/hamcrest-all-1.3.jar:/home/user/.m2/repository/org/bouncycastle/bcprov-jdk15on/1.60/bcprov-jdk15on-1.60.jar:/home/user/.m2/repository/info/picocli/picocli/3.9.6/picocli-3.9.6.jar:/home/user/.m2/repository/com/google/protobuf/protobuf-java/2.5.0/protobuf-java-2.5.0.jar:/home/user/.m2/repository/com/google/guava/guava/11.0.2/guava-11.0.2.jar:/home/user/.m2/repository/org/apache/hadoop/hadoop-ozone-ozone-manager/0.4.1-SNAPSHOT/hadoop-ozone-ozone-manager-0.4.1-SNAPSHOT.jar:/home/user/.m2/repository/org/apache/hadoop/hadoop-minikdc/3.2.0/hadoop-minikdc-3.2.0.jar:/home/user/.m2/repository/commons-io/commons-io/2.5/commons-io-2.5.jar:/home/user/.m2/repository/org/apache/kerby/kerb-simplekdc/1.0.1/kerb-simplekdc-1.0.1.jar:/home/user/.m2/repository/org/apache/kerby/kerb-client/1.0.1/kerb-client-1.0.1.jar:/home/user/.m2/repository/org/apache/kerby/kerby-config/1.0.1/kerby-config-1.0.1.jar:/home/user/.m2/repository/org/apache/kerby/kerb-core/1.0.1/kerb-core-1.0.1.jar:/home/user/.m2/repository/org/apache/kerby/kerby-pkix/1.0.1/kerby-pkix-1.0.1.jar:/home/user/.m2/repository/org/apache/kerby/kerby-asn1/1.0.1/kerby-asn1-1.0.1.jar:/home/user/.m2/repository/org/apache/kerby/kerby-util/1.0.1/kerby-util-1.0.1.jar:/home/user/.m2/repository/org/apache/kerby/kerb-common/1.0.1/kerb-common-1.0.1.jar:/home/user/.m2/repository/org/apache/kerby/kerb-crypto/1.0.1/kerb-crypto-1.0.1.jar:/home/user/.m2/repository/org/apache/kerby/kerb-util/1.0.1/kerb-util-1.0.1.jar:/home/user/.m2/repository/org/apache/kerby/token-provider/1.0.1/token-provider-1.0.1.jar:/home/user/.m2/repository/org/apache/kerby/kerb-admin/1.0.1/kerb-admin-1.0.1.jar:/home/user/.m2/repository/org/apache/kerby/kerb-server/1.0.1/kerb-server-1.0.1.jar:/home/user/.m2/repository/org/apache/kerby/kerb-identity/1.0.1/kerb-identity-1.0.1.jar:/home/user/.m2/repository/org/apache/kerby/kerby-xdr/1.0.1/kerby-xdr-1.0.1.jar:/home/user/.m2/repository/org/slf4j/slf4j-log4j12/1.7.25/slf4j-log4j12-1.7.25.jar:/home/user/.m2/repository/org/apache/hadoop/hadoop-ozone-objectstore-service/0.4.1-SNAPSHOT/hadoop-ozone-objectstore-service-0.4.1-SNAPSHOT.jar:/home/user/.m2/repository/org/apache/hadoop/hadoop-ozone-s3gateway/0.4.1-SNAPSHOT/hadoop-ozone-s3gateway-0.4.1-SNAPSHOT.jar:/home/user/.m2/repository/org/jboss/weld/servlet/weld-servlet/2.4.7.Final/weld-servlet-2.4.7.Final.jar:/home/user/.m2/repository/org/glassfish/jersey/containers/jersey-container-servlet-core/2.27/jersey-container-servlet-core-2.27.jar:/home/user/.m2/repository/org/glassfish/hk2/external/javax.inject/2.5.0-b42/javax.inject-2.5.0-b42.jar:/home/user/.m2/repository/org/glassfish/jersey/core/jersey-common/2.27/jersey-common-2.27.jar:/home/user/.m2/repository/org/glassfish/hk2/osgi-resource-locator/1.0.1/osgi-resource-locator-1.0.1.jar:/home/user/.m2/repository/javax/ws/rs/javax.ws.rs-api/2.1/javax.ws.rs-api-2.1.jar:/home/user/.m2/repository/org/glassfish/jersey/ext/cdi/jersey-cdi1x/2.27/jersey-cdi1x-2.27.jar:/home/user/.m2/repository/org/glassfish/jersey/inject/jersey-hk2/2.27/jersey-hk2-2.27.jar:/home/user/.m2/repository/org/glassfish/hk2/hk2-locator/2.5.0-b42/hk2-locator-2.5.0-b42.jar:/home/user/.m2/repository/org/javassist/javassist/3.22.0-CR2/javassist-3.22.0-CR2.jar:/home/user/.m2/repository/org/glassfish/hk2/hk2-api/2.5.0/hk2-api-2.5.0.jar:/home/user/.m2/repository/org/glassfish/hk2/external/jakarta.inject/2.5.0/jakarta.inject-2.5.0.jar:/home/user/.m2/repository/org/glassfish/hk2/hk2-utils/2.5.0/hk2-utils-2.5.0.jar:/home/user/.m2/repository/jakarta/annotation/jakarta.annotation-api/1.3.4/jakarta.annotation-api-1.3.4.jar:/home/user/.m2/repository/org/glassfish/hk2/external/aopalliance-repackaged/2.5.0/aopalliance-repackaged-2.5.0.jar:/home/user/.m2/repository/com/fasterxml/jackson/dataformat/jackson-dataformat-xml/2.9.0/jackson-dataformat-xml-2.9.0.jar:/home/user/.m2/repository/com/fasterxml/jackson/core/jackson-core/2.9.5/jackson-core-2.9.5.jar:/home/user/.m2/repository/com/fasterxml/jackson/module/jackson-module-jaxb-annotations/2.9.5/jackson-module-jaxb-annotations-2.9.5.jar:/home/user/.m2/repository/javax/enterprise/cdi-api/1.2/cdi-api-1.2.jar:/home/user/.m2/repository/javax/el/javax.el-api/3.0.0/javax.el-api-3.0.0.jar:/home/user/.m2/repository/javax/interceptor/javax.interceptor-api/1.2/javax.interceptor-api-1.2.jar:/home/user/.m2/repository/javax/inject/javax.inject/1/javax.inject-1.jar:/home/user/.m2/repository/com/sun/xml/bind/jaxb-impl/2.3.0.1/jaxb-impl-2.3.0.1.jar:/home/user/.m2/repository/com/sun/xml/bind/jaxb-core/2.3.0.1/jaxb-core-2.3.0.1.jar:/home/user/.m2/repository/javax/xml/bind/jaxb-api/2.3.0/jaxb-api-2.3.0.jar:/home/user/.m2/repository/javax/activation/activation/1.1.1/activation-1.1.1.jar:/home/user/.m2/repository/org/apache/hadoop/hadoop-ozone-csi/0.4.1-SNAPSHOT/hadoop-ozone-csi-0.4.1-SNAPSHOT.jar:/home/user/.m2/repository/com/google/protobuf/protobuf-java-util/3.5.1/protobuf-java-util-3.5.1.jar:/home/user/.m2/repository/org/apache/hadoop/hadoop-hdds-config/0.4.1-SNAPSHOT/hadoop-hdds-config-0.4.1-SNAPSHOT.jar:/home/user/.m2/repository/io/grpc/grpc-netty/1.17.1/grpc-netty-1.17.1.jar:/home/user/.m2/repository/io/grpc/grpc-core/1.17.1/grpc-core-1.17.1.jar:/home/user/.m2/repository/io/grpc/grpc-context/1.17.1/grpc-context-1.17.1.jar:/home/user/.m2/repository/com/google/errorprone/error_prone_annotations/2.2.0/error_prone_annotations-2.2.0.jar:/home/user/.m2/repository/org/codehaus/mojo/animal-sniffer-annotations/1.17/animal-sniffer-annotations-1.17.jar:/home/user/.m2/repository/io/opencensus/opencensus-api/0.17.0/opencensus-api-0.17.0.jar:/home/user/.m2/repository/io/opencensus/opencensus-contrib-grpc-metrics/0.17.0/opencensus-contrib-grpc-metrics-0.17.0.jar:/home/user/.m2/repository/io/netty/netty-codec-http2/4.1.30.Final/netty-codec-http2-4.1.30.Final.jar:/home/user/.m2/repository/io/netty/netty-codec-http/4.1.30.Final/netty-codec-http-4.1.30.Final.jar:/home/user/.m2/repository/io/netty/netty-codec/4.1.30.Final/netty-codec-4.1.30.Final.jar:/home/user/.m2/repository/io/netty/netty-handler/4.1.30.Final/netty-handler-4.1.30.Final.jar:/home/user/.m2/repository/io/netty/netty-handler-proxy/4.1.30.Final/netty-handler-proxy-4.1.30.Final.jar:/home/user/.m2/repository/io/netty/netty-codec-socks/4.1.30.Final/netty-codec-socks-4.1.30.Final.jar:/home/user/.m2/repository/io/netty/netty-transport-native-epoll/4.1.30.Final/netty-transport-native-epoll-4.1.30.Final.jar:/home/user/.m2/repository/io/netty/netty-common/4.1.30.Final/netty-common-4.1.30.Final.jar:/home/user/.m2/repository/io/netty/netty-buffer/4.1.30.Final/netty-buffer-4.1.30.Final.jar:/home/user/.m2/repository/io/netty/netty-transport/4.1.30.Final/netty-transport-4.1.30.Final.jar:/home/user/.m2/repository/io/netty/netty-resolver/4.1.30.Final/netty-resolver-4.1.30.Final.jar:/home/user/.m2/repository/io/netty/netty-transport-native-unix-common/4.1.30.Final/netty-transport-native-unix-common-4.1.30.Final.jar:/home/user/.m2/repository/io/grpc/grpc-protobuf/1.17.1/grpc-protobuf-1.17.1.jar:/home/user/.m2/repository/com/google/api/grpc/proto-google-common-protos/1.0.0/proto-google-common-protos-1.0.0.jar:/home/user/.m2/repository/io/grpc/grpc-protobuf-lite/1.17.1/grpc-protobuf-lite-1.17.1.jar:/home/user/.m2/repository/io/grpc/grpc-stub/1.17.1/grpc-stub-1.17.1.jar:/home/user/.m2/repository/org/apache/hadoop/hadoop-ozone-recon/0.4.1-SNAPSHOT/hadoop-ozone-recon-0.4.1-SNAPSHOT.jar:/home/user/.m2/repository/org/apache/hadoop/hadoop-ozone-reconcodegen/0.4.1-SNAPSHOT/hadoop-ozone-reconcodegen-0.4.1-SNAPSHOT.jar:/home/user/.m2/repository/com/google/inject/extensions/guice-multibindings/4.0/guice-multibindings-4.0.jar:/home/user/.m2/repository/com/google/inject/guice/4.0/guice-4.0.jar:/home/user/.m2/repository/aopalliance/aopalliance/1.0/aopalliance-1.0.jar:/home/user/.m2/repository/com/google/inject/extensions/guice-servlet/4.0/guice-servlet-4.0.jar:/home/user/.m2/repository/org/glassfish/jersey/containers/jersey-container-servlet/2.27/jersey-container-servlet-2.27.jar:/home/user/.m2/repository/org/glassfish/hk2/guice-bridge/2.5.0/guice-bridge-2.5.0.jar:/home/user/.m2/repository/org/glassfish/jersey/core/jersey-server/2.27/jersey-server-2.27.jar:/home/user/.m2/repository/org/glassfish/jersey/core/jersey-client/2.27/jersey-client-2.27.jar:/home/user/.m2/repository/org/glassfish/jersey/media/jersey-media-jaxb/2.27/jersey-media-jaxb-2.27.jar:/home/user/.m2/repository/javax/validation/validation-api/1.1.0.Final/validation-api-1.1.0.Final.jar:/home/user/.m2/repository/org/glassfish/jersey/media/jersey-media-json-jackson/2.27/jersey-media-json-jackson-2.27.jar:/home/user/.m2/repository/org/glassfish/jersey/ext/jersey-entity-filtering/2.27/jersey-entity-filtering-2.27.jar:/home/user/.m2/repository/com/google/inject/extensions/guice-assistedinject/4.0/guice-assistedinject-4.0.jar:/home/user/.m2/repository/org/jooq/jooq/3.11.10/jooq-3.11.10.jar:/home/user/.m2/repository/org/jooq/jooq-meta/3.11.10/jooq-meta-3.11.10.jar:/home/user/.m2/repository/org/jooq/jooq-codegen/3.11.10/jooq-codegen-3.11.10.jar:/home/user/.m2/repository/com/jolbox/bonecp/0.8.0.RELEASE/bonecp-0.8.0.RELEASE.jar:/home/user/.m2/repository/org/xerial/sqlite-jdbc/3.25.2/sqlite-jdbc-3.25.2.jar:/home/user/.m2/repository/org/springframework/spring-jdbc/5.1.3.RELEASE/spring-jdbc-5.1.3.RELEASE.jar:/home/user/.m2/repository/org/springframework/spring-beans/5.1.3.RELEASE/spring-beans-5.1.3.RELEASE.jar:/home/user/.m2/repository/org/springframework/spring-core/5.1.3.RELEASE/spring-core-5.1.3.RELEASE.jar:/home/user/.m2/repository/org/springframework/spring-jcl/5.1.3.RELEASE/spring-jcl-5.1.3.RELEASE.jar:/home/user/.m2/repository/org/springframework/spring-tx/5.1.3.RELEASE/spring-tx-5.1.3.RELEASE.jar:/home/user/.m2/repository/org/apache/hadoop/hadoop-ozone-client/0.4.1-SNAPSHOT/hadoop-ozone-client-0.4.1-SNAPSHOT.jar:/home/user/.m2/repository/commons-lang/commons-lang/2.6/commons-lang-2.6.jar:/home/user/.m2/repository/org/apache/hadoop/hadoop-ozone-ozone-manager/0.4.1-SNAPSHOT/hadoop-ozone-ozone-manager-0.4.1-SNAPSHOT-tests.jar:/home/user/.m2/repository/junit/junit/4.11/junit-4.11.jar:/home/user/.m2/repository/org/hamcrest/hamcrest-core/1.3/hamcrest-core-1.3.jar:/home/user/.m2/repository/org/openjdk/jmh/jmh-core/1.19/jmh-core-1.19.jar:/home/user/.m2/repository/net/sf/jopt-simple/jopt-simple/4.6/jopt-simple-4.6.jar:/home/user/.m2/repository/org/apache/commons/commons-math3/3.1.1/commons-math3-3.1.1.jar:/home/user/.m2/repository/org/openjdk/jmh/jmh-generator-annprocess/1.19/jmh-generator-annprocess-1.19.jar:/home/user/.m2/repository/org/mockito/mockito-all/1.8.5/mockito-all-1.8.5.jar:/home/user/.m2/repository/org/apache/hadoop/hadoop-kms/3.2.0/hadoop-kms-3.2.0.jar:/home/user/.m2/repository/org/apache/hadoop/hadoop-auth/3.2.0/hadoop-auth-3.2.0.jar:/home/user/.m2/repository/com/nimbusds/nimbus-jose-jwt/4.41.1/nimbus-jose-jwt-4.41.1.jar:/home/user/.m2/repository/com/github/stephenc/jcip/jcip-annotations/1.0-1/jcip-annotations-1.0-1.jar:/home/user/.m2/repository/net/minidev/json-smart/2.3/json-smart-2.3.jar:/home/user/.m2/repository/net/minidev/accessors-smart/1.2/accessors-smart-1.2.jar:/home/user/.m2/repository/org/ow2/asm/asm/5.0.4/asm-5.0.4.jar:/home/user/.m2/repository/org/apache/curator/curator-framework/2.12.0/curator-framework-2.12.0.jar:/home/user/.m2/repository/com/sun/jersey/jersey-core/1.19/jersey-core-1.19.jar:/home/user/.m2/repository/javax/ws/rs/jsr311-api/1.1.1/jsr311-api-1.1.1.jar:/home/user/.m2/repository/com/sun/jersey/jersey-server/1.19/jersey-server-1.19.jar:/home/user/.m2/repository/javax/servlet/javax.servlet-api/3.1.0/javax.servlet-api-3.1.0.jar:/home/user/.m2/repository/org/eclipse/jetty/jetty-server/9.3.24.v20180605/jetty-server-9.3.24.v20180605.jar:/home/user/.m2/repository/org/eclipse/jetty/jetty-http/9.3.24.v20180605/jetty-http-9.3.24.v20180605.jar:/home/user/.m2/repository/org/eclipse/jetty/jetty-io/9.3.24.v20180605/jetty-io-9.3.24.v20180605.jar:/home/user/.m2/repository/org/eclipse/jetty/jetty-webapp/9.3.24.v20180605/jetty-webapp-9.3.24.v20180605.jar:/home/user/.m2/repository/org/eclipse/jetty/jetty-xml/9.3.24.v20180605/jetty-xml-9.3.24.v20180605.jar:/home/user/.m2/repository/log4j/log4j/1.2.17/log4j-1.2.17.jar:/home/user/.m2/repository/org/slf4j/slf4j-api/1.7.25/slf4j-api-1.7.25.jar:/home/user/.m2/repository/org/slf4j/jul-to-slf4j/1.7.25/jul-to-slf4j-1.7.25.jar:/home/user/.m2/repository/org/eclipse/jetty/jetty-util/9.3.24.v20180605/jetty-util-9.3.24.v20180605.jar:/home/user/.m2/repository/com/fasterxml/jackson/core/jackson-databind/2.9.5/jackson-databind-2.9.5.jar:/home/user/.m2/repository/org/apache/hadoop/hadoop-kms/3.2.0/hadoop-kms-3.2.0-tests.jar:/home/user/.m2/repository/org/apache/hadoop/hadoop-hdds-server-scm/0.4.1-SNAPSHOT/hadoop-hdds-server-scm-0.4.1-SNAPSHOT-tests.jar:/home/user/.m2/repository/org/apache/hadoop/hadoop-hdds-container-service/0.4.1-SNAPSHOT/hadoop-hdds-container-service-0.4.1-SNAPSHOT-tests.jar:/home/user/.m2/repository/org/yaml/snakeyaml/1.16/snakeyaml-1.16.jar:/home/user/.m2/repository/org/apache/hadoop/hadoop-common/3.2.0/hadoop-common-3.2.0-tests.jar:/home/user/.m2/repository/org/apache/hadoop/hadoop-annotations/3.2.0/hadoop-annotations-3.2.0.jar:/usr/lib/jvm/java-1.8-openjdk/jre/../lib/tools.jar:/home/user/.m2/repository/commons-cli/commons-cli/1.2/commons-cli-1.2.jar:/home/user/.m2/repository/org/apache/httpcomponents/httpclient/4.5.2/httpclient-4.5.2.jar:/home/user/.m2/repository/org/apache/httpcomponents/httpcore/4.4.4/httpcore-4.4.4.jar:/home/user/.m2/repository/commons-codec/commons-codec/1.11/commons-codec-1.11.jar:/home/user/.m2/repository/commons-net/commons-net/3.6/commons-net-3.6.jar:/home/user/.m2/repository/commons-collections/commons-collections/3.2.2/commons-collections-3.2.2.jar:/home/user/.m2/repository/org/eclipse/jetty/jetty-servlet/9.3.24.v20180605/jetty-servlet-9.3.24.v20180605.jar:/home/user/.m2/repository/org/eclipse/jetty/jetty-security/9.3.24.v20180605/jetty-security-9.3.24.v20180605.jar:/home/user/.m2/repository/javax/servlet/jsp/jsp-api/2.1/jsp-api-2.1.jar:/home/user/.m2/repository/com/sun/jersey/jersey-servlet/1.19/jersey-servlet-1.19.jar:/home/user/.m2/repository/com/sun/jersey/jersey-json/1.19/jersey-json-1.19.jar:/home/user/.m2/repository/org/codehaus/jettison/jettison/1.1/jettison-1.1.jar:/home/user/.m2/repository/org/codehaus/jackson/jackson-core-asl/1.9.13/jackson-core-asl-1.9.13.jar:/home/user/.m2/repository/org/codehaus/jackson/jackson-mapper-asl/1.9.13/jackson-mapper-asl-1.9.13.jar:/home/user/.m2/repository/org/codehaus/jackson/jackson-jaxrs/1.9.13/jackson-jaxrs-1.9.13.jar:/home/user/.m2/repository/org/codehaus/jackson/jackson-xc/1.9.13/jackson-xc-1.9.13.jar:/home/user/.m2/repository/commons-logging/commons-logging/1.1.3/commons-logging-1.1.3.jar:/home/user/.m2/repository/commons-beanutils/commons-beanutils/1.9.3/commons-beanutils-1.9.3.jar:/home/user/.m2/repository/org/apache/commons/commons-configuration2/2.1.1/commons-configuration2-2.1.1.jar:/home/user/.m2/repository/org/apache/commons/commons-lang3/3.7/commons-lang3-3.7.jar:/home/user/.m2/repository/org/apache/commons/commons-text/1.4/commons-text-1.4.jar:/home/user/.m2/repository/org/apache/avro/avro/1.7.7/avro-1.7.7.jar:/home/user/.m2/repository/com/thoughtworks/paranamer/paranamer/2.3/paranamer-2.3.jar:/home/user/.m2/repository/org/xerial/snappy/snappy-java/1.0.5/snappy-java-1.0.5.jar:/home/user/.m2/repository/com/google/re2j/re2j/1.1/re2j-1.1.jar:/home/user/.m2/repository/com/google/code/gson/gson/2.2.4/gson-2.2.4.jar:/home/user/.m2/repository/com/jcraft/jsch/0.1.54/jsch-0.1.54.jar:/home/user/.m2/repository/org/apache/curator/curator-client/2.12.0/curator-client-2.12.0.jar:/home/user/.m2/repository/org/apache/curator/curator-recipes/2.12.0/curator-recipes-2.12.0.jar:/home/user/.m2/repository/com/google/code/findbugs/jsr305/3.0.0/jsr305-3.0.0.jar:/home/user/.m2/repository/org/apache/htrace/htrace-core4/4.1.0-incubating/htrace-core4-4.1.0-incubating.jar:/home/user/.m2/repository/org/apache/zookeeper/zookeeper/3.4.13/zookeeper-3.4.13.jar:/home/user/.m2/repository/org/apache/yetus/audience-annotations/0.5.0/audience-annotations-0.5.0.jar:/home/user/.m2/repository/org/codehaus/woodstox/stax2-api/3.1.4/stax2-api-3.1.4.jar:/home/user/.m2/repository/com/fasterxml/woodstox/woodstox-core/5.0.3/woodstox-core-5.0.3.jar:/home/user/.m2/repository/dnsjava/dnsjava/2.1.7/dnsjava-2.1.7.jar:/home/user/.m2/repository/org/apache/hadoop/hadoop-hdfs/3.2.0/hadoop-hdfs-3.2.0-tests.jar:/home/user/.m2/repository/org/eclipse/jetty/jetty-util-ajax/9.3.24.v20180605/jetty-util-ajax-9.3.24.v20180605.jar:/home/user/.m2/repository/commons-daemon/commons-daemon/1.0.13/commons-daemon-1.0.13.jar:/home/user/.m2/repository/io/netty/netty/3.10.5.Final/netty-3.10.5.Final.jar:/home/user/.m2/repository/io/netty/netty-all/4.0.52.Final/netty-all-4.0.52.Final.jar:/home/user/.m2/repository/org/fusesource/leveldbjni/leveldbjni-all/1.8/leveldbjni-all-1.8.jar:"/>
    <property name="sun.cpu.endian" value="little"/>
    <property name="user.home" value="/home/user"/>
    <property name="user.language" value="en"/>
    <property name="java.specification.vendor" value="Oracle Corporation"/>
    <property name="java.home" value="/usr/lib/jvm/java-1.8-openjdk/jre"/>
    <property name="java.security.krb5.conf" value="/workdir/hadoop-ozone/integration-test/target/test-classes/krb5.conf"/>
    <property name="basedir" value="/workdir/hadoop-ozone/integration-test"/>
    <property name="file.separator" value="/"/>
    <property name="line.separator" value="&#10;"/>
    <property name="java.vm.specification.vendor" value="Oracle Corporation"/>
    <property name="java.specification.name" value="Java Platform API Specification"/>
    <property name="java.awt.graphicsenv" value="sun.awt.X11GraphicsEnvironment"/>
    <property name="surefire.real.class.path" value="/workdir/hadoop-ozone/integration-test/target/surefire/surefirebooter2649327294576271958.jar"/>
    <property name="hadoop.log.dir" value="/workdir/hadoop-ozone/integration-test/target/log"/>
    <property name="sun.boot.class.path" value="/usr/lib/jvm/java-1.8-openjdk/jre/lib/resources.jar:/usr/lib/jvm/java-1.8-openjdk/jre/lib/rt.jar:/usr/lib/jvm/java-1.8-openjdk/jre/lib/sunrsasign.jar:/usr/lib/jvm/java-1.8-openjdk/jre/lib/jsse.jar:/usr/lib/jvm/java-1.8-openjdk/jre/lib/jce.jar:/usr/lib/jvm/java-1.8-openjdk/jre/lib/charsets.jar:/usr/lib/jvm/java-1.8-openjdk/jre/lib/jfr.jar:/usr/lib/jvm/java-1.8-openjdk/jre/classes"/>
    <property name="sun.management.compiler" value="HotSpot 64-Bit Tiered Compilers"/>
    <property name="java.runtime.version" value="1.8.0_212-b04"/>
    <property name="java.net.preferIPv4Stack" value="true"/>
    <property name="user.name" value="jenkins1000"/>
    <property name="path.separator" value=":"/>
    <property name="java.security.egd" value="file:///dev/urandom"/>
    <property name="os.version" value="3.10.0-957.12.2.el7.x86_64"/>
    <property name="java.endorsed.dirs" value="/usr/lib/jvm/java-1.8-openjdk/jre/lib/endorsed"/>
    <property name="java.runtime.name" value="OpenJDK Runtime Environment"/>
    <property name="file.encoding" value="UTF-8"/>
    <property name="java.vm.name" value="OpenJDK 64-Bit Server VM"/>
    <property name="test.build.webapps" value=""/>
    <property name="localRepository" value="/home/user/.m2/repository"/>
    <property name="java.vendor.url.bug" value="https://icedtea.classpath.org/bugzilla"/>
    <property name="java.io.tmpdir" value="/tmp"/>
    <property name="require.test.libhadoop" value=""/>
    <property name="java.version" value="1.8.0_212"/>
    <property name="user.dir" value="/workdir/hadoop-ozone/integration-test"/>
    <property name="os.arch" value="amd64"/>
    <property name="java.vm.specification.name" value="Java Virtual Machine Specification"/>
    <property name="test.build.classes" value="/workdir/hadoop-ozone/integration-test/target/test-classes"/>
    <property name="java.awt.printerjob" value="sun.print.PSPrinterJob"/>
    <property name="sun.os.patch.level" value="unknown"/>
    <property name="hadoop.tmp.dir" value="/workdir/hadoop-ozone/integration-test/target/tmp"/>
    <property name="java.library.path" value="/usr/lib/jvm/java-1.8-openjdk/jre/lib/amd64/server:/usr/lib/jvm/java-1.8-openjdk/jre/lib/amd64:/usr/lib/jvm/java-1.8-openjdk/jre/../lib/amd64:/workdir/hadoop-ozone/integration-test/target/native/target/usr/local/lib:/workdir/hadoop-ozone/integration-test/../../hadoop-common-project/hadoop-common/target/native/target/usr/local/lib:/usr/java/packages/lib/amd64:/usr/lib64:/lib64:/lib:/usr/lib"/>
    <property name="java.vm.info" value="mixed mode"/>
    <property name="java.vendor" value="IcedTea"/>
    <property name="java.vm.version" value="25.212-b04"/>
    <property name="java.ext.dirs" value="/usr/lib/jvm/java-1.8-openjdk/jre/lib/ext:/usr/java/packages/lib/ext"/>
    <property name="sun.io.unicode.encoding" value="UnicodeLittle"/>
    <property name="java.class.version" value="52.0"/>
  </properties>
  <testcase name="test2DatanodesFailure" classname="org.apache.hadoop.ozone.client.rpc.TestBlockOutputStreamWithFailures" time="49.404"/>
  <testcase name="testDatanodeFailureWithPreAllocation" classname="org.apache.hadoop.ozone.client.rpc.TestBlockOutputStreamWithFailures" time="225.435"/>
  <testcase name="testDatanodeFailureWithSingleNodeRatis" classname="org.apache.hadoop.ozone.client.rpc.TestBlockOutputStreamWithFailures" time="224.938"/>
  <testcase name="testWatchForCommitWithSingleNodeRatis" classname="org.apache.hadoop.ozone.client.rpc.TestBlockOutputStreamWithFailures" time="34.94"/>
  <testcase name="testWatchForCommitDatanodeFailure" classname="org.apache.hadoop.ozone.client.rpc.TestBlockOutputStreamWithFailures" time="42.623">
    <failure message="expected:&lt;2&gt; but was:&lt;3&gt;" type="java.lang.AssertionError"><![CDATA[java.lang.AssertionError: expected:<2> but was:<3>
	at org.junit.Assert.fail(Assert.java:88)
	at org.junit.Assert.failNotEquals(Assert.java:743)
	at org.junit.Assert.assertEquals(Assert.java:118)
	at org.junit.Assert.assertEquals(Assert.java:555)
	at org.junit.Assert.assertEquals(Assert.java:542)
	at org.apache.hadoop.ozone.client.rpc.TestBlockOutputStreamWithFailures.testWatchForCommitDatanodeFailure(TestBlockOutputStreamWithFailures.java:366)
	at sun.reflect.NativeMethodAccessorImpl.invoke0(Native Method)
	at sun.reflect.NativeMethodAccessorImpl.invoke(NativeMethodAccessorImpl.java:62)
	at sun.reflect.DelegatingMethodAccessorImpl.invoke(DelegatingMethodAccessorImpl.java:43)
	at java.lang.reflect.Method.invoke(Method.java:498)
	at org.junit.runners.model.FrameworkMethod$1.runReflectiveCall(FrameworkMethod.java:47)
	at org.junit.internal.runners.model.ReflectiveCallable.run(ReflectiveCallable.java:12)
	at org.junit.runners.model.FrameworkMethod.invokeExplosively(FrameworkMethod.java:44)
	at org.junit.internal.runners.statements.InvokeMethod.evaluate(InvokeMethod.java:17)
	at org.junit.internal.runners.statements.RunBefores.evaluate(RunBefores.java:26)
	at org.junit.internal.runners.statements.RunAfters.evaluate(RunAfters.java:27)
	at org.junit.runners.ParentRunner.runLeaf(ParentRunner.java:271)
	at org.junit.runners.BlockJUnit4ClassRunner.runChild(BlockJUnit4ClassRunner.java:70)
	at org.junit.runners.BlockJUnit4ClassRunner.runChild(BlockJUnit4ClassRunner.java:50)
	at org.junit.runners.ParentRunner$3.run(ParentRunner.java:238)
	at org.junit.runners.ParentRunner$1.schedule(ParentRunner.java:63)
	at org.junit.runners.ParentRunner.runChildren(ParentRunner.java:236)
	at org.junit.runners.ParentRunner.access$000(ParentRunner.java:53)
	at org.junit.runners.ParentRunner$2.evaluate(ParentRunner.java:229)
	at org.junit.runners.ParentRunner.run(ParentRunner.java:309)
	at org.apache.maven.surefire.junit4.JUnit4Provider.execute(JUnit4Provider.java:365)
	at org.apache.maven.surefire.junit4.JUnit4Provider.executeWithRerun(JUnit4Provider.java:273)
	at org.apache.maven.surefire.junit4.JUnit4Provider.executeTestSet(JUnit4Provider.java:238)
	at org.apache.maven.surefire.junit4.JUnit4Provider.invoke(JUnit4Provider.java:159)
	at org.apache.maven.surefire.booter.ForkedBooter.invokeProviderInSameClassLoader(ForkedBooter.java:384)
	at org.apache.maven.surefire.booter.ForkedBooter.runSuitesInProcess(ForkedBooter.java:345)
	at org.apache.maven.surefire.booter.ForkedBooter.execute(ForkedBooter.java:126)
	at org.apache.maven.surefire.booter.ForkedBooter.main(ForkedBooter.java:418)
]]></failure>
    <system-out><![CDATA[2019-08-19 03:39:24,850 WARN  server.ServerUtils (ServerUtils.java:getScmDbDir(145)) - ozone.scm.db.dirs is not configured. We recommend adding this setting. Falling back to ozone.metadata.dirs instead.
2019-08-19 03:39:24,876 WARN  server.ServerUtils (ServerUtils.java:getScmDbDir(145)) - ozone.scm.db.dirs is not configured. We recommend adding this setting. Falling back to ozone.metadata.dirs instead.
2019-08-19 03:39:24,876 WARN  server.ServerUtils (ServerUtils.java:getScmDbDir(145)) - ozone.scm.db.dirs is not configured. We recommend adding this setting. Falling back to ozone.metadata.dirs instead.
2019-08-19 03:39:24,877 INFO  db.DBStoreBuilder (DBStoreBuilder.java:addTable(110)) - using custom profile for table: deletedBlocks
2019-08-19 03:39:24,877 INFO  db.DBStoreBuilder (DBStoreBuilder.java:processTables(161)) - Using default column profile:DBProfile.DISK for Table:deletedBlocks
2019-08-19 03:39:24,877 INFO  db.DBStoreBuilder (DBStoreBuilder.java:addTable(110)) - using custom profile for table: validCerts
2019-08-19 03:39:24,878 INFO  db.DBStoreBuilder (DBStoreBuilder.java:processTables(161)) - Using default column profile:DBProfile.DISK for Table:validCerts
2019-08-19 03:39:24,878 INFO  db.DBStoreBuilder (DBStoreBuilder.java:addTable(110)) - using custom profile for table: revokedCerts
2019-08-19 03:39:24,878 INFO  db.DBStoreBuilder (DBStoreBuilder.java:processTables(161)) - Using default column profile:DBProfile.DISK for Table:revokedCerts
2019-08-19 03:39:24,878 INFO  db.DBStoreBuilder (DBStoreBuilder.java:addTable(110)) - using custom profile for table: default
2019-08-19 03:39:24,879 INFO  db.DBStoreBuilder (DBStoreBuilder.java:processTables(167)) - Using default column profile:DBProfile.DISK for Table:default
2019-08-19 03:39:24,879 INFO  db.DBStoreBuilder (DBStoreBuilder.java:getDbProfile(198)) - Using default options. DBProfile.DISK
2019-08-19 03:39:25,043 INFO  net.NodeSchemaLoader (NodeSchemaLoader.java:loadSchemaFromFile(125)) - Loading file from sun.misc.CompoundEnumeration@63f819a6
2019-08-19 03:39:25,043 INFO  net.NodeSchemaLoader (NodeSchemaLoader.java:loadSchema(171)) - Loading network topology layer schema file
2019-08-19 03:39:25,048 INFO  node.SCMNodeManager (SCMNodeManager.java:<init>(121)) - Entering startup safe mode.
2019-08-19 03:39:25,049 WARN  server.ServerUtils (ServerUtils.java:getScmDbDir(145)) - ozone.scm.db.dirs is not configured. We recommend adding this setting. Falling back to ozone.metadata.dirs instead.
2019-08-19 03:39:25,094 INFO  pipeline.SCMPipelineManager (SCMPipelineManager.java:initializePipelineState(126)) - No pipeline exists in current db
2019-08-19 03:39:25,095 WARN  server.ServerUtils (ServerUtils.java:getScmDbDir(145)) - ozone.scm.db.dirs is not configured. We recommend adding this setting. Falling back to ozone.metadata.dirs instead.
2019-08-19 03:39:25,149 WARN  events.EventQueue (EventQueue.java:fireEvent(175)) - No event handler registered for event TypedEvent{payloadType=SafeModeStatus, name='SafeModeStatus'}
2019-08-19 03:39:25,150 INFO  ipc.CallQueueManager (CallQueueManager.java:<init>(84)) - Using callQueue: class java.util.concurrent.LinkedBlockingQueue, queueCapacity: 2000, scheduler: class org.apache.hadoop.ipc.DefaultRpcScheduler, ipcBackoff: false.
2019-08-19 03:39:25,152 INFO  ipc.Server (Server.java:run(1074)) - Starting Socket Reader #1 for port 43320
2019-08-19 03:39:25,153 INFO  ipc.CallQueueManager (CallQueueManager.java:<init>(84)) - Using callQueue: class java.util.concurrent.LinkedBlockingQueue, queueCapacity: 2000, scheduler: class org.apache.hadoop.ipc.DefaultRpcScheduler, ipcBackoff: false.
2019-08-19 03:39:25,154 INFO  ipc.Server (Server.java:run(1074)) - Starting Socket Reader #1 for port 43856
2019-08-19 03:39:25,155 INFO  ipc.CallQueueManager (CallQueueManager.java:<init>(84)) - Using callQueue: class java.util.concurrent.LinkedBlockingQueue, queueCapacity: 2000, scheduler: class org.apache.hadoop.ipc.DefaultRpcScheduler, ipcBackoff: false.
2019-08-19 03:39:25,156 INFO  ipc.Server (Server.java:run(1074)) - Starting Socket Reader #1 for port 41393
2019-08-19 03:39:25,160 INFO  hdfs.DFSUtil (DFSUtil.java:httpServerTemplateForNNAndJN(1641)) - Starting Web-server for scm at: http://0.0.0.0:0
2019-08-19 03:39:25,162 INFO  server.AuthenticationFilter (AuthenticationFilter.java:constructSecretProvider(240)) - Unable to initialize FileSignerSecretProvider, falling back to use random secrets.
2019-08-19 03:39:25,163 WARN  http.HttpRequestLog (HttpRequestLog.java:getRequestLog(97)) - Jetty request log can only be enabled using Log4j
2019-08-19 03:39:25,166 INFO  http.HttpServer2 (HttpServer2.java:addGlobalFilter(975)) - Added global filter 'safety' (class=org.apache.hadoop.http.HttpServer2$QuotingInputFilter)
2019-08-19 03:39:25,166 INFO  http.HttpServer2 (HttpServer2.java:addFilter(948)) - Added filter static_user_filter (class=org.apache.hadoop.http.lib.StaticUserWebFilter$StaticUserFilter) to context scm
2019-08-19 03:39:25,167 INFO  http.HttpServer2 (HttpServer2.java:addFilter(958)) - Added filter static_user_filter (class=org.apache.hadoop.http.lib.StaticUserWebFilter$StaticUserFilter) to context static
2019-08-19 03:39:25,167 INFO  http.HttpServer2 (HttpServer2.java:addFilter(958)) - Added filter static_user_filter (class=org.apache.hadoop.http.lib.StaticUserWebFilter$StaticUserFilter) to context logs
2019-08-19 03:39:25,169 INFO  server.StorageContainerManager (StorageContainerManager.java:start(759)) - StorageContainerLocationProtocol RPC server is listening at /0.0.0.0:41393
2019-08-19 03:39:25,172 WARN  impl.MetricsConfig (MetricsConfig.java:loadFirst(134)) - Cannot locate configuration: tried hadoop-metrics2-storagecontainermanager.properties,hadoop-metrics2.properties
2019-08-19 03:39:25,174 INFO  impl.MetricsSystemImpl (MetricsSystemImpl.java:startTimer(374)) - Scheduled Metric snapshot period at 10 second(s).
2019-08-19 03:39:25,174 INFO  impl.MetricsSystemImpl (MetricsSystemImpl.java:start(191)) - StorageContainerManager metrics system started
2019-08-19 03:39:25,257 INFO  server.SCMClientProtocolServer (SCMClientProtocolServer.java:start(151)) - RPC server for Client  is listening at /0.0.0.0:41393
2019-08-19 03:39:25,257 INFO  ipc.Server (Server.java:run(1314)) - IPC Server Responder: starting
2019-08-19 03:39:25,258 INFO  ipc.Server (Server.java:run(1153)) - IPC Server listener on 41393: starting
2019-08-19 03:39:25,262 INFO  server.StorageContainerManager (StorageContainerManager.java:start(769)) - ScmBlockLocationProtocol RPC server is listening at /0.0.0.0:43856
2019-08-19 03:39:25,262 INFO  server.SCMBlockProtocolServer (SCMBlockProtocolServer.java:start(140)) - RPC server for Block Protocol is listening at /0.0.0.0:43856
2019-08-19 03:39:25,262 INFO  ipc.Server (Server.java:run(1314)) - IPC Server Responder: starting
2019-08-19 03:39:25,262 INFO  ipc.Server (Server.java:run(1153)) - IPC Server listener on 43856: starting
2019-08-19 03:39:25,267 INFO  server.StorageContainerManager (StorageContainerManager.java:start(773)) - ScmDatanodeProtocl RPC server is listening at /0.0.0.0:43320
2019-08-19 03:39:25,267 INFO  server.SCMDatanodeProtocolServer (SCMDatanodeProtocolServer.java:start(191)) - RPC server for DataNodes is listening at /0.0.0.0:43320
2019-08-19 03:39:25,267 INFO  ipc.Server (Server.java:run(1314)) - IPC Server Responder: starting
2019-08-19 03:39:25,267 INFO  ipc.Server (Server.java:run(1153)) - IPC Server listener on 43320: starting
2019-08-19 03:39:25,272 INFO  http.HttpServer2 (HttpServer2.java:bindListener(1191)) - Jetty bound to port 40827
2019-08-19 03:39:25,272 INFO  server.Server (Server.java:doStart(351)) - jetty-9.3.24.v20180605, build timestamp: 2018-06-05T17:11:56Z, git hash: 84205aa28f11a4f31f2a3b86d1bba2cc8ab69827
2019-08-19 03:39:25,274 INFO  handler.ContextHandler (ContextHandler.java:doStart(781)) - Started o.e.j.s.ServletContextHandler@52984065{/logs,file:///workdir/hadoop-ozone/integration-test/target/log,AVAILABLE}
2019-08-19 03:39:25,275 INFO  handler.ContextHandler (ContextHandler.java:doStart(781)) - Started o.e.j.s.ServletContextHandler@65a7bc80{/static,file:///workdir/hadoop-ozone/integration-test/target/test-classes/webapps/static,AVAILABLE}
2019-08-19 03:39:25,280 INFO  handler.ContextHandler (ContextHandler.java:doStart(781)) - Started o.e.j.w.WebAppContext@12faeada{/,file:///workdir/hadoop-ozone/integration-test/target/test-classes/webapps/scm/,AVAILABLE}{/scm}
2019-08-19 03:39:25,281 INFO  server.AbstractConnector (AbstractConnector.java:doStart(278)) - Started ServerConnector@73a5cc47{HTTP/1.1,[http/1.1]}{0.0.0.0:40827}
2019-08-19 03:39:25,282 INFO  server.Server (Server.java:doStart(419)) - Started @535734ms
2019-08-19 03:39:25,283 INFO  server.BaseHttpServer (BaseHttpServer.java:updateConnectorAddress(207)) - HTTP server of SCM is listening at http://0.0.0.0:40827
2019-08-19 03:39:25,284 WARN  server.ServerUtils (ServerUtils.java:getDBPath(222)) - ozone.om.db.dirs is not configured. We recommend adding this setting. Falling back to ozone.metadata.dirs instead.
2019-08-19 03:39:25,284 INFO  util.JvmPauseMonitor (JvmPauseMonitor.java:run(188)) - Starting JVM pause monitor
2019-08-19 03:39:25,299 WARN  server.ServerUtils (ServerUtils.java:getDBPath(222)) - ozone.om.db.dirs is not configured. We recommend adding this setting. Falling back to ozone.metadata.dirs instead.
2019-08-19 03:39:25,299 WARN  server.ServerUtils (ServerUtils.java:getDBPath(222)) - ozone.om.db.dirs is not configured. We recommend adding this setting. Falling back to ozone.metadata.dirs instead.
2019-08-19 03:39:25,300 INFO  om.OzoneManager (OzoneManager.java:setOMNodeDetails(644)) - OM Service ID is not set. Setting it to the default ID: omServiceIdDefault
2019-08-19 03:39:25,300 INFO  om.OzoneManager (OzoneManager.java:setOMNodeDetails(650)) - OM Node ID is not set. Setting it to the OmStorage's OmID: 4780f41a-c294-4ac6-ba7a-5e0bffd39e15
2019-08-19 03:39:25,300 INFO  om.OzoneManager (OzoneManager.java:loadOMHAConfigs(601)) - Found matching OM address with OMServiceId: null, OMNodeId: null, RPC Address: localhost:0 and Ratis port: 9872
2019-08-19 03:39:25,306 WARN  server.ServerUtils (ServerUtils.java:getDBPath(222)) - ozone.om.db.dirs is not configured. We recommend adding this setting. Falling back to ozone.metadata.dirs instead.
2019-08-19 03:39:25,306 INFO  db.DBStoreBuilder (DBStoreBuilder.java:addTable(110)) - using custom profile for table: userTable
2019-08-19 03:39:25,307 INFO  db.DBStoreBuilder (DBStoreBuilder.java:processTables(161)) - Using default column profile:DBProfile.DISK for Table:userTable
2019-08-19 03:39:25,307 INFO  db.DBStoreBuilder (DBStoreBuilder.java:addTable(110)) - using custom profile for table: volumeTable
2019-08-19 03:39:25,307 INFO  db.DBStoreBuilder (DBStoreBuilder.java:processTables(161)) - Using default column profile:DBProfile.DISK for Table:volumeTable
2019-08-19 03:39:25,307 INFO  db.DBStoreBuilder (DBStoreBuilder.java:addTable(110)) - using custom profile for table: bucketTable
2019-08-19 03:39:25,308 INFO  db.DBStoreBuilder (DBStoreBuilder.java:processTables(161)) - Using default column profile:DBProfile.DISK for Table:bucketTable
2019-08-19 03:39:25,308 INFO  db.DBStoreBuilder (DBStoreBuilder.java:addTable(110)) - using custom profile for table: keyTable
2019-08-19 03:39:25,308 INFO  db.DBStoreBuilder (DBStoreBuilder.java:processTables(161)) - Using default column profile:DBProfile.DISK for Table:keyTable
2019-08-19 03:39:25,308 INFO  db.DBStoreBuilder (DBStoreBuilder.java:addTable(110)) - using custom profile for table: deletedTable
2019-08-19 03:39:25,308 INFO  db.DBStoreBuilder (DBStoreBuilder.java:processTables(161)) - Using default column profile:DBProfile.DISK for Table:deletedTable
2019-08-19 03:39:25,309 INFO  db.DBStoreBuilder (DBStoreBuilder.java:addTable(110)) - using custom profile for table: openKeyTable
2019-08-19 03:39:25,309 INFO  db.DBStoreBuilder (DBStoreBuilder.java:processTables(161)) - Using default column profile:DBProfile.DISK for Table:openKeyTable
2019-08-19 03:39:25,309 INFO  db.DBStoreBuilder (DBStoreBuilder.java:addTable(110)) - using custom profile for table: s3Table
2019-08-19 03:39:25,309 INFO  db.DBStoreBuilder (DBStoreBuilder.java:processTables(161)) - Using default column profile:DBProfile.DISK for Table:s3Table
2019-08-19 03:39:25,310 INFO  db.DBStoreBuilder (DBStoreBuilder.java:addTable(110)) - using custom profile for table: multipartInfoTable
2019-08-19 03:39:25,310 INFO  db.DBStoreBuilder (DBStoreBuilder.java:processTables(161)) - Using default column profile:DBProfile.DISK for Table:multipartInfoTable
2019-08-19 03:39:25,310 INFO  db.DBStoreBuilder (DBStoreBuilder.java:addTable(110)) - using custom profile for table: dTokenTable
2019-08-19 03:39:25,310 INFO  db.DBStoreBuilder (DBStoreBuilder.java:processTables(161)) - Using default column profile:DBProfile.DISK for Table:dTokenTable
2019-08-19 03:39:25,310 INFO  db.DBStoreBuilder (DBStoreBuilder.java:addTable(110)) - using custom profile for table: s3SecretTable
2019-08-19 03:39:25,311 INFO  db.DBStoreBuilder (DBStoreBuilder.java:processTables(161)) - Using default column profile:DBProfile.DISK for Table:s3SecretTable
2019-08-19 03:39:25,311 INFO  db.DBStoreBuilder (DBStoreBuilder.java:addTable(110)) - using custom profile for table: prefixTable
2019-08-19 03:39:25,311 INFO  db.DBStoreBuilder (DBStoreBuilder.java:processTables(161)) - Using default column profile:DBProfile.DISK for Table:prefixTable
2019-08-19 03:39:25,311 INFO  db.DBStoreBuilder (DBStoreBuilder.java:addTable(110)) - using custom profile for table: default
2019-08-19 03:39:25,311 INFO  db.DBStoreBuilder (DBStoreBuilder.java:processTables(167)) - Using default column profile:DBProfile.DISK for Table:default
2019-08-19 03:39:25,312 INFO  db.DBStoreBuilder (DBStoreBuilder.java:getDbProfile(198)) - Using default options. DBProfile.DISK
2019-08-19 03:39:25,935 INFO  ipc.CallQueueManager (CallQueueManager.java:<init>(84)) - Using callQueue: class java.util.concurrent.LinkedBlockingQueue, queueCapacity: 2000, scheduler: class org.apache.hadoop.ipc.DefaultRpcScheduler, ipcBackoff: false.
2019-08-19 03:39:25,936 INFO  ipc.Server (Server.java:run(1074)) - Starting Socket Reader #1 for port 36992
2019-08-19 03:39:25,955 INFO  om.OzoneManager (OzoneManager.java:start(1255)) - OzoneManager RPC server is listening at localhost/127.0.0.1:36992
2019-08-19 03:39:25,955 INFO  impl.MetricsSystemImpl (MetricsSystemImpl.java:init(158)) - OzoneManager metrics system started (again)
2019-08-19 03:39:25,956 INFO  ipc.Server (Server.java:run(1314)) - IPC Server Responder: starting
2019-08-19 03:39:25,957 INFO  ipc.Server (Server.java:run(1153)) - IPC Server listener on 36992: starting
2019-08-19 03:39:25,963 INFO  hdfs.DFSUtil (DFSUtil.java:httpServerTemplateForNNAndJN(1641)) - Starting Web-server for ozoneManager at: http://0.0.0.0:0
2019-08-19 03:39:25,965 INFO  server.AuthenticationFilter (AuthenticationFilter.java:constructSecretProvider(240)) - Unable to initialize FileSignerSecretProvider, falling back to use random secrets.
2019-08-19 03:39:25,966 WARN  http.HttpRequestLog (HttpRequestLog.java:getRequestLog(97)) - Jetty request log can only be enabled using Log4j
2019-08-19 03:39:25,968 INFO  http.HttpServer2 (HttpServer2.java:addGlobalFilter(975)) - Added global filter 'safety' (class=org.apache.hadoop.http.HttpServer2$QuotingInputFilter)
2019-08-19 03:39:25,969 INFO  http.HttpServer2 (HttpServer2.java:addFilter(948)) - Added filter static_user_filter (class=org.apache.hadoop.http.lib.StaticUserWebFilter$StaticUserFilter) to context ozoneManager
2019-08-19 03:39:25,969 INFO  http.HttpServer2 (HttpServer2.java:addFilter(958)) - Added filter static_user_filter (class=org.apache.hadoop.http.lib.StaticUserWebFilter$StaticUserFilter) to context logs
2019-08-19 03:39:25,969 INFO  http.HttpServer2 (HttpServer2.java:addFilter(958)) - Added filter static_user_filter (class=org.apache.hadoop.http.lib.StaticUserWebFilter$StaticUserFilter) to context static
2019-08-19 03:39:25,970 INFO  http.HttpServer2 (HttpServer2.java:bindListener(1191)) - Jetty bound to port 43193
2019-08-19 03:39:25,970 INFO  server.Server (Server.java:doStart(351)) - jetty-9.3.24.v20180605, build timestamp: 2018-06-05T17:11:56Z, git hash: 84205aa28f11a4f31f2a3b86d1bba2cc8ab69827
2019-08-19 03:39:25,972 INFO  handler.ContextHandler (ContextHandler.java:doStart(781)) - Started o.e.j.s.ServletContextHandler@5f606ab6{/logs,file:///workdir/hadoop-ozone/integration-test/target/log,AVAILABLE}
2019-08-19 03:39:25,973 INFO  handler.ContextHandler (ContextHandler.java:doStart(781)) - Started o.e.j.s.ServletContextHandler@198a653{/static,file:///workdir/hadoop-ozone/integration-test/target/test-classes/webapps/static,AVAILABLE}
2019-08-19 03:39:25,978 INFO  handler.ContextHandler (ContextHandler.java:doStart(781)) - Started o.e.j.w.WebAppContext@2e5ff1d4{/,file:///workdir/hadoop-ozone/integration-test/target/test-classes/webapps/ozoneManager/,AVAILABLE}{/ozoneManager}
2019-08-19 03:39:25,979 INFO  server.AbstractConnector (AbstractConnector.java:doStart(278)) - Started ServerConnector@1a16583d{HTTP/1.1,[http/1.1]}{0.0.0.0:43193}
2019-08-19 03:39:25,980 INFO  server.Server (Server.java:doStart(419)) - Started @536432ms
2019-08-19 03:39:25,981 INFO  server.BaseHttpServer (BaseHttpServer.java:updateConnectorAddress(207)) - HTTP server of OZONEMANAGER is listening at http://0.0.0.0:43193
2019-08-19 03:39:25,999 INFO  impl.MetricsSystemImpl (MetricsSystemImpl.java:init(158)) - HddsDatanode metrics system started (again)
2019-08-19 03:39:26,002 INFO  ozone.HddsDatanodeService (HddsDatanodeService.java:start(184)) - HddsDatanodeService host:byscane-nightly-s779g-3358254982 ip:192.168.5.186
2019-08-19 03:39:26,014 INFO  volume.HddsVolume (HddsVolume.java:<init>(176)) - Creating Volume: /workdir/hadoop-ozone/integration-test/target/test-dir/MiniOzoneClusterImpl-b0e78f8e-0219-4c29-81a4-92a46718b188/datanode-0/data/containers/hdds of  storage type : DISK and capacity : 1482555576320
2019-08-19 03:39:26,014 INFO  volume.VolumeSet (VolumeSet.java:initializeVolumeSet(170)) - Added Volume : /workdir/hadoop-ozone/integration-test/target/test-dir/MiniOzoneClusterImpl-b0e78f8e-0219-4c29-81a4-92a46718b188/datanode-0/data/containers/hdds to VolumeSet
2019-08-19 03:39:26,015 INFO  volume.ThrottledAsyncChecker (ThrottledAsyncChecker.java:schedule(140)) - Scheduling a check for org.apache.hadoop.ozone.container.common.volume.HddsVolume@6a495d88
2019-08-19 03:39:26,015 INFO  volume.HddsVolumeChecker (HddsVolumeChecker.java:checkAllVolumes(203)) - Scheduled health check for volume org.apache.hadoop.ozone.container.common.volume.HddsVolume@6a495d88
2019-08-19 03:39:26,033 INFO  impl.RaftServerProxy (ConfUtils.java:logGet(43)) - raft.rpc.type = GRPC (default)
2019-08-19 03:39:26,033 INFO  grpc.GrpcFactory (GrpcFactory.java:checkPooledByteBufAllocatorUseCacheForAllThreads(45)) - PERFORMANCE WARNING: useCacheForAllThreads is true that may cause Netty to create a lot garbage objects and, as a result, trigger GC.
	It is recommended to disable useCacheForAllThreads by setting -Dorg.apache.ratis.thirdparty.io.netty.allocator.useCacheForAllThreads=false in command line.
2019-08-19 03:39:26,034 INFO  grpc.GrpcConfigKeys$Server (ConfUtils.java:logGet(43)) - raft.grpc.server.port = 0 (default)
2019-08-19 03:39:26,034 INFO  server.GrpcService (ConfUtils.java:logGet(43)) - raft.grpc.message.size.max = 33570816 (custom)
2019-08-19 03:39:26,034 INFO  server.RaftServerConfigKeys (ConfUtils.java:logGet(43)) - raft.server.log.appender.buffer.byte-limit = 33554432 (custom)
2019-08-19 03:39:26,034 INFO  server.GrpcService (ConfUtils.java:logGet(43)) - raft.grpc.flow.control.window = 1MB (=1048576) (default)
2019-08-19 03:39:26,035 INFO  server.RaftServerConfigKeys (ConfUtils.java:logGet(43)) - raft.server.rpc.request.timeout = 3000ms (default)
2019-08-19 03:39:26,035 INFO  server.RaftServerConfigKeys (ConfUtils.java:logGet(43)) - raft.server.storage.dir = [/workdir/hadoop-ozone/integration-test/target/test-dir/MiniOzoneClusterImpl-b0e78f8e-0219-4c29-81a4-92a46718b188/datanode-0/data/ratis] (custom)
2019-08-19 03:39:26,036 INFO  replication.SimpleContainerDownloader (SimpleContainerDownloader.java:<init>(72)) - Starting container downloader service to copy containers to replicate.
2019-08-19 03:39:26,037 INFO  hdfs.DFSUtil (DFSUtil.java:httpServerTemplateForNNAndJN(1641)) - Starting Web-server for hddsDatanode at: http://0.0.0.0:0
2019-08-19 03:39:26,039 INFO  server.AuthenticationFilter (AuthenticationFilter.java:constructSecretProvider(240)) - Unable to initialize FileSignerSecretProvider, falling back to use random secrets.
2019-08-19 03:39:26,039 WARN  http.HttpRequestLog (HttpRequestLog.java:getRequestLog(97)) - Jetty request log can only be enabled using Log4j
2019-08-19 03:39:26,041 INFO  http.HttpServer2 (HttpServer2.java:addGlobalFilter(975)) - Added global filter 'safety' (class=org.apache.hadoop.http.HttpServer2$QuotingInputFilter)
2019-08-19 03:39:26,042 INFO  http.HttpServer2 (HttpServer2.java:addFilter(948)) - Added filter static_user_filter (class=org.apache.hadoop.http.lib.StaticUserWebFilter$StaticUserFilter) to context hddsDatanode
2019-08-19 03:39:26,042 INFO  http.HttpServer2 (HttpServer2.java:addFilter(958)) - Added filter static_user_filter (class=org.apache.hadoop.http.lib.StaticUserWebFilter$StaticUserFilter) to context logs
2019-08-19 03:39:26,042 INFO  http.HttpServer2 (HttpServer2.java:addFilter(958)) - Added filter static_user_filter (class=org.apache.hadoop.http.lib.StaticUserWebFilter$StaticUserFilter) to context static
2019-08-19 03:39:26,043 INFO  http.HttpServer2 (HttpServer2.java:bindListener(1191)) - Jetty bound to port 43984
2019-08-19 03:39:26,043 INFO  server.Server (Server.java:doStart(351)) - jetty-9.3.24.v20180605, build timestamp: 2018-06-05T17:11:56Z, git hash: 84205aa28f11a4f31f2a3b86d1bba2cc8ab69827
2019-08-19 03:39:26,045 INFO  handler.ContextHandler (ContextHandler.java:doStart(781)) - Started o.e.j.s.ServletContextHandler@6abbdcde{/logs,file:///workdir/hadoop-ozone/integration-test/target/log,AVAILABLE}
2019-08-19 03:39:26,046 INFO  handler.ContextHandler (ContextHandler.java:doStart(781)) - Started o.e.j.s.ServletContextHandler@2a10407e{/static,jar:file:/home/user/.m2/repository/org/apache/hadoop/hadoop-hdds-container-service/0.4.1-SNAPSHOT/hadoop-hdds-container-service-0.4.1-SNAPSHOT.jar!/webapps/static,AVAILABLE}
2019-08-19 03:39:26,087 INFO  handler.ContextHandler (ContextHandler.java:doStart(781)) - Started o.e.j.w.WebAppContext@4b02dc4e{/,file:///tmp/jetty-0.0.0.0-43984-hddsDatanode-_-any-7153810216055905234.dir/webapp/,AVAILABLE}{/hddsDatanode}
2019-08-19 03:39:26,087 INFO  server.AbstractConnector (AbstractConnector.java:doStart(278)) - Started ServerConnector@b67b359{HTTP/1.1,[http/1.1]}{0.0.0.0:43984}
2019-08-19 03:39:26,087 INFO  server.Server (Server.java:doStart(419)) - Started @536539ms
2019-08-19 03:39:26,089 INFO  server.BaseHttpServer (BaseHttpServer.java:updateConnectorAddress(207)) - HTTP server of HDDSDATANODE is listening at http://0.0.0.0:43984
2019-08-19 03:39:26,211 INFO  ozone.HddsDatanodeService (HddsDatanodeService.java:startPlugins(395)) - Started plug-in org.apache.hadoop.ozone.web.OzoneHddsDatanodeService@74727e41
2019-08-19 03:39:26,211 INFO  impl.MetricsSystemImpl (MetricsSystemImpl.java:init(158)) - HddsDatanode metrics system started (again)
2019-08-19 03:39:26,213 INFO  ozone.HddsDatanodeService (HddsDatanodeService.java:start(184)) - HddsDatanodeService host:byscane-nightly-s779g-3358254982 ip:192.168.5.186
2019-08-19 03:39:26,213 INFO  util.JvmPauseMonitor (JvmPauseMonitor.java:run(188)) - Starting JVM pause monitor
2019-08-19 03:39:26,215 INFO  datanode.InitDatanodeState (InitDatanodeState.java:persistContainerDatanodeDetails(140)) - DatanodeDetails is persisted to /workdir/hadoop-ozone/integration-test/target/test-dir/MiniOzoneClusterImpl-b0e78f8e-0219-4c29-81a4-92a46718b188/datanode-0/meta/datanode.id
2019-08-19 03:39:26,224 INFO  volume.HddsVolume (HddsVolume.java:<init>(176)) - Creating Volume: /workdir/hadoop-ozone/integration-test/target/test-dir/MiniOzoneClusterImpl-b0e78f8e-0219-4c29-81a4-92a46718b188/datanode-1/data/containers/hdds of  storage type : DISK and capacity : 1482555576320
2019-08-19 03:39:26,224 INFO  volume.VolumeSet (VolumeSet.java:initializeVolumeSet(170)) - Added Volume : /workdir/hadoop-ozone/integration-test/target/test-dir/MiniOzoneClusterImpl-b0e78f8e-0219-4c29-81a4-92a46718b188/datanode-1/data/containers/hdds to VolumeSet
2019-08-19 03:39:26,225 INFO  volume.ThrottledAsyncChecker (ThrottledAsyncChecker.java:schedule(140)) - Scheduling a check for org.apache.hadoop.ozone.container.common.volume.HddsVolume@54e39504
2019-08-19 03:39:26,225 INFO  volume.HddsVolumeChecker (HddsVolumeChecker.java:checkAllVolumes(203)) - Scheduled health check for volume org.apache.hadoop.ozone.container.common.volume.HddsVolume@54e39504
2019-08-19 03:39:26,245 INFO  impl.RaftServerProxy (ConfUtils.java:logGet(43)) - raft.rpc.type = GRPC (default)
2019-08-19 03:39:26,245 INFO  grpc.GrpcFactory (GrpcFactory.java:checkPooledByteBufAllocatorUseCacheForAllThreads(45)) - PERFORMANCE WARNING: useCacheForAllThreads is true that may cause Netty to create a lot garbage objects and, as a result, trigger GC.
	It is recommended to disable useCacheForAllThreads by setting -Dorg.apache.ratis.thirdparty.io.netty.allocator.useCacheForAllThreads=false in command line.
2019-08-19 03:39:26,245 INFO  grpc.GrpcConfigKeys$Server (ConfUtils.java:logGet(43)) - raft.grpc.server.port = 0 (default)
2019-08-19 03:39:26,246 INFO  server.GrpcService (ConfUtils.java:logGet(43)) - raft.grpc.message.size.max = 33570816 (custom)
2019-08-19 03:39:26,246 INFO  server.RaftServerConfigKeys (ConfUtils.java:logGet(43)) - raft.server.log.appender.buffer.byte-limit = 33554432 (custom)
2019-08-19 03:39:26,246 INFO  server.GrpcService (ConfUtils.java:logGet(43)) - raft.grpc.flow.control.window = 1MB (=1048576) (default)
2019-08-19 03:39:26,246 INFO  server.RaftServerConfigKeys (ConfUtils.java:logGet(43)) - raft.server.rpc.request.timeout = 3000ms (default)
2019-08-19 03:39:26,247 INFO  server.RaftServerConfigKeys (ConfUtils.java:logGet(43)) - raft.server.storage.dir = [/workdir/hadoop-ozone/integration-test/target/test-dir/MiniOzoneClusterImpl-b0e78f8e-0219-4c29-81a4-92a46718b188/datanode-1/data/ratis] (custom)
2019-08-19 03:39:26,248 INFO  replication.SimpleContainerDownloader (SimpleContainerDownloader.java:<init>(72)) - Starting container downloader service to copy containers to replicate.
2019-08-19 03:39:26,249 INFO  hdfs.DFSUtil (DFSUtil.java:httpServerTemplateForNNAndJN(1641)) - Starting Web-server for hddsDatanode at: http://0.0.0.0:0
2019-08-19 03:39:26,250 INFO  server.AuthenticationFilter (AuthenticationFilter.java:constructSecretProvider(240)) - Unable to initialize FileSignerSecretProvider, falling back to use random secrets.
2019-08-19 03:39:26,251 WARN  http.HttpRequestLog (HttpRequestLog.java:getRequestLog(97)) - Jetty request log can only be enabled using Log4j
2019-08-19 03:39:26,252 INFO  http.HttpServer2 (HttpServer2.java:addGlobalFilter(975)) - Added global filter 'safety' (class=org.apache.hadoop.http.HttpServer2$QuotingInputFilter)
2019-08-19 03:39:26,252 INFO  http.HttpServer2 (HttpServer2.java:addFilter(948)) - Added filter static_user_filter (class=org.apache.hadoop.http.lib.StaticUserWebFilter$StaticUserFilter) to context hddsDatanode
2019-08-19 03:39:26,252 INFO  http.HttpServer2 (HttpServer2.java:addFilter(958)) - Added filter static_user_filter (class=org.apache.hadoop.http.lib.StaticUserWebFilter$StaticUserFilter) to context logs
2019-08-19 03:39:26,252 INFO  http.HttpServer2 (HttpServer2.java:addFilter(958)) - Added filter static_user_filter (class=org.apache.hadoop.http.lib.StaticUserWebFilter$StaticUserFilter) to context static
2019-08-19 03:39:26,253 INFO  http.HttpServer2 (HttpServer2.java:bindListener(1191)) - Jetty bound to port 36110
2019-08-19 03:39:26,253 INFO  server.Server (Server.java:doStart(351)) - jetty-9.3.24.v20180605, build timestamp: 2018-06-05T17:11:56Z, git hash: 84205aa28f11a4f31f2a3b86d1bba2cc8ab69827
2019-08-19 03:39:26,255 INFO  handler.ContextHandler (ContextHandler.java:doStart(781)) - Started o.e.j.s.ServletContextHandler@64455184{/logs,file:///workdir/hadoop-ozone/integration-test/target/log,AVAILABLE}
2019-08-19 03:39:26,255 INFO  handler.ContextHandler (ContextHandler.java:doStart(781)) - Started o.e.j.s.ServletContextHandler@48900d4a{/static,jar:file:/home/user/.m2/repository/org/apache/hadoop/hadoop-hdds-container-service/0.4.1-SNAPSHOT/hadoop-hdds-container-service-0.4.1-SNAPSHOT.jar!/webapps/static,AVAILABLE}
2019-08-19 03:39:26,282 INFO  handler.ContextHandler (ContextHandler.java:doStart(781)) - Started o.e.j.w.WebAppContext@42516ce2{/,file:///tmp/jetty-0.0.0.0-36110-hddsDatanode-_-any-1866848231396877567.dir/webapp/,AVAILABLE}{/hddsDatanode}
2019-08-19 03:39:26,282 INFO  server.AbstractConnector (AbstractConnector.java:doStart(278)) - Started ServerConnector@74e111a8{HTTP/1.1,[http/1.1]}{0.0.0.0:36110}
2019-08-19 03:39:26,282 INFO  server.Server (Server.java:doStart(419)) - Started @536734ms
2019-08-19 03:39:26,284 INFO  server.BaseHttpServer (BaseHttpServer.java:updateConnectorAddress(207)) - HTTP server of HDDSDATANODE is listening at http://0.0.0.0:36110
2019-08-19 03:39:26,390 INFO  ozone.HddsDatanodeService (HddsDatanodeService.java:startPlugins(395)) - Started plug-in org.apache.hadoop.ozone.web.OzoneHddsDatanodeService@4578d654
2019-08-19 03:39:26,391 INFO  impl.MetricsSystemImpl (MetricsSystemImpl.java:init(158)) - HddsDatanode metrics system started (again)
2019-08-19 03:39:26,393 INFO  ozone.HddsDatanodeService (HddsDatanodeService.java:start(184)) - HddsDatanodeService host:byscane-nightly-s779g-3358254982 ip:192.168.5.186
2019-08-19 03:39:26,393 INFO  util.JvmPauseMonitor (JvmPauseMonitor.java:run(188)) - Starting JVM pause monitor
2019-08-19 03:39:26,395 INFO  datanode.InitDatanodeState (InitDatanodeState.java:persistContainerDatanodeDetails(140)) - DatanodeDetails is persisted to /workdir/hadoop-ozone/integration-test/target/test-dir/MiniOzoneClusterImpl-b0e78f8e-0219-4c29-81a4-92a46718b188/datanode-1/meta/datanode.id
2019-08-19 03:39:26,404 INFO  volume.HddsVolume (HddsVolume.java:<init>(176)) - Creating Volume: /workdir/hadoop-ozone/integration-test/target/test-dir/MiniOzoneClusterImpl-b0e78f8e-0219-4c29-81a4-92a46718b188/datanode-2/data/containers/hdds of  storage type : DISK and capacity : 1482555576320
2019-08-19 03:39:26,404 INFO  volume.VolumeSet (VolumeSet.java:initializeVolumeSet(170)) - Added Volume : /workdir/hadoop-ozone/integration-test/target/test-dir/MiniOzoneClusterImpl-b0e78f8e-0219-4c29-81a4-92a46718b188/datanode-2/data/containers/hdds to VolumeSet
2019-08-19 03:39:26,404 INFO  volume.ThrottledAsyncChecker (ThrottledAsyncChecker.java:schedule(140)) - Scheduling a check for org.apache.hadoop.ozone.container.common.volume.HddsVolume@35bcf3a6
2019-08-19 03:39:26,405 INFO  volume.HddsVolumeChecker (HddsVolumeChecker.java:checkAllVolumes(203)) - Scheduled health check for volume org.apache.hadoop.ozone.container.common.volume.HddsVolume@35bcf3a6
2019-08-19 03:39:26,418 INFO  impl.RaftServerProxy (ConfUtils.java:logGet(43)) - raft.rpc.type = GRPC (default)
2019-08-19 03:39:26,418 INFO  grpc.GrpcFactory (GrpcFactory.java:checkPooledByteBufAllocatorUseCacheForAllThreads(45)) - PERFORMANCE WARNING: useCacheForAllThreads is true that may cause Netty to create a lot garbage objects and, as a result, trigger GC.
	It is recommended to disable useCacheForAllThreads by setting -Dorg.apache.ratis.thirdparty.io.netty.allocator.useCacheForAllThreads=false in command line.
2019-08-19 03:39:26,418 INFO  grpc.GrpcConfigKeys$Server (ConfUtils.java:logGet(43)) - raft.grpc.server.port = 0 (default)
2019-08-19 03:39:26,418 INFO  server.GrpcService (ConfUtils.java:logGet(43)) - raft.grpc.message.size.max = 33570816 (custom)
2019-08-19 03:39:26,418 INFO  server.RaftServerConfigKeys (ConfUtils.java:logGet(43)) - raft.server.log.appender.buffer.byte-limit = 33554432 (custom)
2019-08-19 03:39:26,419 INFO  server.GrpcService (ConfUtils.java:logGet(43)) - raft.grpc.flow.control.window = 1MB (=1048576) (default)
2019-08-19 03:39:26,419 INFO  server.RaftServerConfigKeys (ConfUtils.java:logGet(43)) - raft.server.rpc.request.timeout = 3000ms (default)
2019-08-19 03:39:26,419 INFO  server.RaftServerConfigKeys (ConfUtils.java:logGet(43)) - raft.server.storage.dir = [/workdir/hadoop-ozone/integration-test/target/test-dir/MiniOzoneClusterImpl-b0e78f8e-0219-4c29-81a4-92a46718b188/datanode-2/data/ratis] (custom)
2019-08-19 03:39:26,420 INFO  replication.SimpleContainerDownloader (SimpleContainerDownloader.java:<init>(72)) - Starting container downloader service to copy containers to replicate.
2019-08-19 03:39:26,421 INFO  hdfs.DFSUtil (DFSUtil.java:httpServerTemplateForNNAndJN(1641)) - Starting Web-server for hddsDatanode at: http://0.0.0.0:0
2019-08-19 03:39:26,422 INFO  server.AuthenticationFilter (AuthenticationFilter.java:constructSecretProvider(240)) - Unable to initialize FileSignerSecretProvider, falling back to use random secrets.
2019-08-19 03:39:26,422 WARN  http.HttpRequestLog (HttpRequestLog.java:getRequestLog(97)) - Jetty request log can only be enabled using Log4j
2019-08-19 03:39:26,423 INFO  http.HttpServer2 (HttpServer2.java:addGlobalFilter(975)) - Added global filter 'safety' (class=org.apache.hadoop.http.HttpServer2$QuotingInputFilter)
2019-08-19 03:39:26,424 INFO  http.HttpServer2 (HttpServer2.java:addFilter(948)) - Added filter static_user_filter (class=org.apache.hadoop.http.lib.StaticUserWebFilter$StaticUserFilter) to context hddsDatanode
2019-08-19 03:39:26,424 INFO  http.HttpServer2 (HttpServer2.java:addFilter(958)) - Added filter static_user_filter (class=org.apache.hadoop.http.lib.StaticUserWebFilter$StaticUserFilter) to context static
2019-08-19 03:39:26,424 INFO  http.HttpServer2 (HttpServer2.java:addFilter(958)) - Added filter static_user_filter (class=org.apache.hadoop.http.lib.StaticUserWebFilter$StaticUserFilter) to context logs
2019-08-19 03:39:26,425 INFO  http.HttpServer2 (HttpServer2.java:bindListener(1191)) - Jetty bound to port 43774
2019-08-19 03:39:26,425 INFO  server.Server (Server.java:doStart(351)) - jetty-9.3.24.v20180605, build timestamp: 2018-06-05T17:11:56Z, git hash: 84205aa28f11a4f31f2a3b86d1bba2cc8ab69827
2019-08-19 03:39:26,426 INFO  handler.ContextHandler (ContextHandler.java:doStart(781)) - Started o.e.j.s.ServletContextHandler@71eb4ea4{/logs,file:///workdir/hadoop-ozone/integration-test/target/log,AVAILABLE}
2019-08-19 03:39:26,427 INFO  handler.ContextHandler (ContextHandler.java:doStart(781)) - Started o.e.j.s.ServletContextHandler@63541960{/static,jar:file:/home/user/.m2/repository/org/apache/hadoop/hadoop-hdds-container-service/0.4.1-SNAPSHOT/hadoop-hdds-container-service-0.4.1-SNAPSHOT.jar!/webapps/static,AVAILABLE}
2019-08-19 03:39:26,453 INFO  handler.ContextHandler (ContextHandler.java:doStart(781)) - Started o.e.j.w.WebAppContext@5295a774{/,file:///tmp/jetty-0.0.0.0-43774-hddsDatanode-_-any-8334145657610680160.dir/webapp/,AVAILABLE}{/hddsDatanode}
2019-08-19 03:39:26,454 INFO  server.AbstractConnector (AbstractConnector.java:doStart(278)) - Started ServerConnector@3e09067{HTTP/1.1,[http/1.1]}{0.0.0.0:43774}
2019-08-19 03:39:26,454 INFO  server.Server (Server.java:doStart(419)) - Started @536905ms
2019-08-19 03:39:26,456 INFO  server.BaseHttpServer (BaseHttpServer.java:updateConnectorAddress(207)) - HTTP server of HDDSDATANODE is listening at http://0.0.0.0:43774
2019-08-19 03:39:26,600 INFO  ozone.HddsDatanodeService (HddsDatanodeService.java:startPlugins(395)) - Started plug-in org.apache.hadoop.ozone.web.OzoneHddsDatanodeService@1a4340f2
2019-08-19 03:39:26,600 INFO  impl.MetricsSystemImpl (MetricsSystemImpl.java:init(158)) - HddsDatanode metrics system started (again)
2019-08-19 03:39:26,604 INFO  util.JvmPauseMonitor (JvmPauseMonitor.java:run(188)) - Starting JVM pause monitor
2019-08-19 03:39:26,604 INFO  ozone.HddsDatanodeService (HddsDatanodeService.java:start(184)) - HddsDatanodeService host:byscane-nightly-s779g-3358254982 ip:192.168.5.186
2019-08-19 03:39:26,605 INFO  datanode.InitDatanodeState (InitDatanodeState.java:persistContainerDatanodeDetails(140)) - DatanodeDetails is persisted to /workdir/hadoop-ozone/integration-test/target/test-dir/MiniOzoneClusterImpl-b0e78f8e-0219-4c29-81a4-92a46718b188/datanode-2/meta/datanode.id
2019-08-19 03:39:26,615 INFO  volume.HddsVolume (HddsVolume.java:<init>(176)) - Creating Volume: /workdir/hadoop-ozone/integration-test/target/test-dir/MiniOzoneClusterImpl-b0e78f8e-0219-4c29-81a4-92a46718b188/datanode-3/data/containers/hdds of  storage type : DISK and capacity : 1482555576320
2019-08-19 03:39:26,615 INFO  volume.VolumeSet (VolumeSet.java:initializeVolumeSet(170)) - Added Volume : /workdir/hadoop-ozone/integration-test/target/test-dir/MiniOzoneClusterImpl-b0e78f8e-0219-4c29-81a4-92a46718b188/datanode-3/data/containers/hdds to VolumeSet
2019-08-19 03:39:26,615 INFO  volume.ThrottledAsyncChecker (ThrottledAsyncChecker.java:schedule(140)) - Scheduling a check for org.apache.hadoop.ozone.container.common.volume.HddsVolume@51bba775
2019-08-19 03:39:26,616 INFO  volume.HddsVolumeChecker (HddsVolumeChecker.java:checkAllVolumes(203)) - Scheduled health check for volume org.apache.hadoop.ozone.container.common.volume.HddsVolume@51bba775
2019-08-19 03:39:26,630 INFO  impl.RaftServerProxy (ConfUtils.java:logGet(43)) - raft.rpc.type = GRPC (default)
2019-08-19 03:39:26,630 INFO  grpc.GrpcFactory (GrpcFactory.java:checkPooledByteBufAllocatorUseCacheForAllThreads(45)) - PERFORMANCE WARNING: useCacheForAllThreads is true that may cause Netty to create a lot garbage objects and, as a result, trigger GC.
	It is recommended to disable useCacheForAllThreads by setting -Dorg.apache.ratis.thirdparty.io.netty.allocator.useCacheForAllThreads=false in command line.
2019-08-19 03:39:26,630 INFO  grpc.GrpcConfigKeys$Server (ConfUtils.java:logGet(43)) - raft.grpc.server.port = 0 (default)
2019-08-19 03:39:26,630 INFO  server.GrpcService (ConfUtils.java:logGet(43)) - raft.grpc.message.size.max = 33570816 (custom)
2019-08-19 03:39:26,630 INFO  server.RaftServerConfigKeys (ConfUtils.java:logGet(43)) - raft.server.log.appender.buffer.byte-limit = 33554432 (custom)
2019-08-19 03:39:26,631 INFO  server.GrpcService (ConfUtils.java:logGet(43)) - raft.grpc.flow.control.window = 1MB (=1048576) (default)
2019-08-19 03:39:26,631 INFO  server.RaftServerConfigKeys (ConfUtils.java:logGet(43)) - raft.server.rpc.request.timeout = 3000ms (default)
2019-08-19 03:39:26,631 INFO  server.RaftServerConfigKeys (ConfUtils.java:logGet(43)) - raft.server.storage.dir = [/workdir/hadoop-ozone/integration-test/target/test-dir/MiniOzoneClusterImpl-b0e78f8e-0219-4c29-81a4-92a46718b188/datanode-3/data/ratis] (custom)
2019-08-19 03:39:26,632 INFO  replication.SimpleContainerDownloader (SimpleContainerDownloader.java:<init>(72)) - Starting container downloader service to copy containers to replicate.
2019-08-19 03:39:26,633 INFO  hdfs.DFSUtil (DFSUtil.java:httpServerTemplateForNNAndJN(1641)) - Starting Web-server for hddsDatanode at: http://0.0.0.0:0
2019-08-19 03:39:26,635 INFO  server.AuthenticationFilter (AuthenticationFilter.java:constructSecretProvider(240)) - Unable to initialize FileSignerSecretProvider, falling back to use random secrets.
2019-08-19 03:39:26,635 WARN  http.HttpRequestLog (HttpRequestLog.java:getRequestLog(97)) - Jetty request log can only be enabled using Log4j
2019-08-19 03:39:26,637 INFO  http.HttpServer2 (HttpServer2.java:addGlobalFilter(975)) - Added global filter 'safety' (class=org.apache.hadoop.http.HttpServer2$QuotingInputFilter)
2019-08-19 03:39:26,638 INFO  http.HttpServer2 (HttpServer2.java:addFilter(948)) - Added filter static_user_filter (class=org.apache.hadoop.http.lib.StaticUserWebFilter$StaticUserFilter) to context hddsDatanode
2019-08-19 03:39:26,638 INFO  http.HttpServer2 (HttpServer2.java:addFilter(958)) - Added filter static_user_filter (class=org.apache.hadoop.http.lib.StaticUserWebFilter$StaticUserFilter) to context static
2019-08-19 03:39:26,639 INFO  http.HttpServer2 (HttpServer2.java:addFilter(958)) - Added filter static_user_filter (class=org.apache.hadoop.http.lib.StaticUserWebFilter$StaticUserFilter) to context logs
2019-08-19 03:39:26,640 INFO  http.HttpServer2 (HttpServer2.java:bindListener(1191)) - Jetty bound to port 40722
2019-08-19 03:39:26,640 INFO  server.Server (Server.java:doStart(351)) - jetty-9.3.24.v20180605, build timestamp: 2018-06-05T17:11:56Z, git hash: 84205aa28f11a4f31f2a3b86d1bba2cc8ab69827
2019-08-19 03:39:26,642 INFO  handler.ContextHandler (ContextHandler.java:doStart(781)) - Started o.e.j.s.ServletContextHandler@27b9d5b7{/logs,file:///workdir/hadoop-ozone/integration-test/target/log,AVAILABLE}
2019-08-19 03:39:26,643 INFO  handler.ContextHandler (ContextHandler.java:doStart(781)) - Started o.e.j.s.ServletContextHandler@490b8f1e{/static,jar:file:/home/user/.m2/repository/org/apache/hadoop/hadoop-hdds-container-service/0.4.1-SNAPSHOT/hadoop-hdds-container-service-0.4.1-SNAPSHOT.jar!/webapps/static,AVAILABLE}
2019-08-19 03:39:26,686 INFO  handler.ContextHandler (ContextHandler.java:doStart(781)) - Started o.e.j.w.WebAppContext@4cdb7fd9{/,file:///tmp/jetty-0.0.0.0-40722-hddsDatanode-_-any-2546262620430812275.dir/webapp/,AVAILABLE}{/hddsDatanode}
2019-08-19 03:39:26,686 INFO  server.AbstractConnector (AbstractConnector.java:doStart(278)) - Started ServerConnector@5d9639bb{HTTP/1.1,[http/1.1]}{0.0.0.0:40722}
2019-08-19 03:39:26,688 INFO  server.Server (Server.java:doStart(419)) - Started @537139ms
2019-08-19 03:39:26,688 INFO  server.BaseHttpServer (BaseHttpServer.java:updateConnectorAddress(207)) - HTTP server of HDDSDATANODE is listening at http://0.0.0.0:40722
2019-08-19 03:39:26,984 INFO  ozone.HddsDatanodeService (HddsDatanodeService.java:startPlugins(395)) - Started plug-in org.apache.hadoop.ozone.web.OzoneHddsDatanodeService@149e457
2019-08-19 03:39:26,985 INFO  impl.MetricsSystemImpl (MetricsSystemImpl.java:init(158)) - HddsDatanode metrics system started (again)
2019-08-19 03:39:26,989 INFO  util.JvmPauseMonitor (JvmPauseMonitor.java:run(188)) - Starting JVM pause monitor
2019-08-19 03:39:26,989 INFO  ozone.HddsDatanodeService (HddsDatanodeService.java:start(184)) - HddsDatanodeService host:byscane-nightly-s779g-3358254982 ip:192.168.5.186
2019-08-19 03:39:26,990 INFO  datanode.InitDatanodeState (InitDatanodeState.java:persistContainerDatanodeDetails(140)) - DatanodeDetails is persisted to /workdir/hadoop-ozone/integration-test/target/test-dir/MiniOzoneClusterImpl-b0e78f8e-0219-4c29-81a4-92a46718b188/datanode-3/meta/datanode.id
2019-08-19 03:39:27,001 INFO  volume.HddsVolume (HddsVolume.java:<init>(176)) - Creating Volume: /workdir/hadoop-ozone/integration-test/target/test-dir/MiniOzoneClusterImpl-b0e78f8e-0219-4c29-81a4-92a46718b188/datanode-4/data/containers/hdds of  storage type : DISK and capacity : 1482555576320
2019-08-19 03:39:27,002 INFO  volume.VolumeSet (VolumeSet.java:initializeVolumeSet(170)) - Added Volume : /workdir/hadoop-ozone/integration-test/target/test-dir/MiniOzoneClusterImpl-b0e78f8e-0219-4c29-81a4-92a46718b188/datanode-4/data/containers/hdds to VolumeSet
2019-08-19 03:39:27,002 INFO  volume.ThrottledAsyncChecker (ThrottledAsyncChecker.java:schedule(140)) - Scheduling a check for org.apache.hadoop.ozone.container.common.volume.HddsVolume@42626e86
2019-08-19 03:39:27,003 INFO  volume.HddsVolumeChecker (HddsVolumeChecker.java:checkAllVolumes(203)) - Scheduled health check for volume org.apache.hadoop.ozone.container.common.volume.HddsVolume@42626e86
2019-08-19 03:39:27,022 INFO  impl.RaftServerProxy (ConfUtils.java:logGet(43)) - raft.rpc.type = GRPC (default)
2019-08-19 03:39:27,022 INFO  grpc.GrpcFactory (GrpcFactory.java:checkPooledByteBufAllocatorUseCacheForAllThreads(45)) - PERFORMANCE WARNING: useCacheForAllThreads is true that may cause Netty to create a lot garbage objects and, as a result, trigger GC.
	It is recommended to disable useCacheForAllThreads by setting -Dorg.apache.ratis.thirdparty.io.netty.allocator.useCacheForAllThreads=false in command line.
2019-08-19 03:39:27,023 INFO  grpc.GrpcConfigKeys$Server (ConfUtils.java:logGet(43)) - raft.grpc.server.port = 0 (default)
2019-08-19 03:39:27,023 INFO  server.GrpcService (ConfUtils.java:logGet(43)) - raft.grpc.message.size.max = 33570816 (custom)
2019-08-19 03:39:27,023 INFO  server.RaftServerConfigKeys (ConfUtils.java:logGet(43)) - raft.server.log.appender.buffer.byte-limit = 33554432 (custom)
2019-08-19 03:39:27,023 INFO  server.GrpcService (ConfUtils.java:logGet(43)) - raft.grpc.flow.control.window = 1MB (=1048576) (default)
2019-08-19 03:39:27,024 INFO  server.RaftServerConfigKeys (ConfUtils.java:logGet(43)) - raft.server.rpc.request.timeout = 3000ms (default)
2019-08-19 03:39:27,024 INFO  server.RaftServerConfigKeys (ConfUtils.java:logGet(43)) - raft.server.storage.dir = [/workdir/hadoop-ozone/integration-test/target/test-dir/MiniOzoneClusterImpl-b0e78f8e-0219-4c29-81a4-92a46718b188/datanode-4/data/ratis] (custom)
2019-08-19 03:39:27,025 INFO  replication.SimpleContainerDownloader (SimpleContainerDownloader.java:<init>(72)) - Starting container downloader service to copy containers to replicate.
2019-08-19 03:39:27,026 INFO  hdfs.DFSUtil (DFSUtil.java:httpServerTemplateForNNAndJN(1641)) - Starting Web-server for hddsDatanode at: http://0.0.0.0:0
2019-08-19 03:39:27,028 INFO  server.AuthenticationFilter (AuthenticationFilter.java:constructSecretProvider(240)) - Unable to initialize FileSignerSecretProvider, falling back to use random secrets.
2019-08-19 03:39:27,028 WARN  http.HttpRequestLog (HttpRequestLog.java:getRequestLog(97)) - Jetty request log can only be enabled using Log4j
2019-08-19 03:39:27,030 INFO  http.HttpServer2 (HttpServer2.java:addGlobalFilter(975)) - Added global filter 'safety' (class=org.apache.hadoop.http.HttpServer2$QuotingInputFilter)
2019-08-19 03:39:27,031 INFO  http.HttpServer2 (HttpServer2.java:addFilter(948)) - Added filter static_user_filter (class=org.apache.hadoop.http.lib.StaticUserWebFilter$StaticUserFilter) to context hddsDatanode
2019-08-19 03:39:27,031 INFO  http.HttpServer2 (HttpServer2.java:addFilter(958)) - Added filter static_user_filter (class=org.apache.hadoop.http.lib.StaticUserWebFilter$StaticUserFilter) to context static
2019-08-19 03:39:27,031 INFO  http.HttpServer2 (HttpServer2.java:addFilter(958)) - Added filter static_user_filter (class=org.apache.hadoop.http.lib.StaticUserWebFilter$StaticUserFilter) to context logs
2019-08-19 03:39:27,032 INFO  http.HttpServer2 (HttpServer2.java:bindListener(1191)) - Jetty bound to port 37220
2019-08-19 03:39:27,032 INFO  server.Server (Server.java:doStart(351)) - jetty-9.3.24.v20180605, build timestamp: 2018-06-05T17:11:56Z, git hash: 84205aa28f11a4f31f2a3b86d1bba2cc8ab69827
2019-08-19 03:39:27,034 INFO  handler.ContextHandler (ContextHandler.java:doStart(781)) - Started o.e.j.s.ServletContextHandler@254a9f65{/logs,file:///workdir/hadoop-ozone/integration-test/target/log,AVAILABLE}
2019-08-19 03:39:27,035 INFO  handler.ContextHandler (ContextHandler.java:doStart(781)) - Started o.e.j.s.ServletContextHandler@50c20b15{/static,jar:file:/home/user/.m2/repository/org/apache/hadoop/hadoop-hdds-container-service/0.4.1-SNAPSHOT/hadoop-hdds-container-service-0.4.1-SNAPSHOT.jar!/webapps/static,AVAILABLE}
2019-08-19 03:39:27,069 INFO  handler.ContextHandler (ContextHandler.java:doStart(781)) - Started o.e.j.w.WebAppContext@6915b614{/,file:///tmp/jetty-0.0.0.0-37220-hddsDatanode-_-any-6686006552549935710.dir/webapp/,AVAILABLE}{/hddsDatanode}
2019-08-19 03:39:27,069 INFO  server.AbstractConnector (AbstractConnector.java:doStart(278)) - Started ServerConnector@2e0d6270{HTTP/1.1,[http/1.1]}{0.0.0.0:37220}
2019-08-19 03:39:27,069 INFO  server.Server (Server.java:doStart(419)) - Started @537521ms
2019-08-19 03:39:27,071 INFO  server.BaseHttpServer (BaseHttpServer.java:updateConnectorAddress(207)) - HTTP server of HDDSDATANODE is listening at http://0.0.0.0:37220
2019-08-19 03:39:27,185 INFO  ozone.HddsDatanodeService (HddsDatanodeService.java:startPlugins(395)) - Started plug-in org.apache.hadoop.ozone.web.OzoneHddsDatanodeService@110b6c78
2019-08-19 03:39:27,186 INFO  impl.MetricsSystemImpl (MetricsSystemImpl.java:init(158)) - HddsDatanode metrics system started (again)
2019-08-19 03:39:27,189 INFO  util.JvmPauseMonitor (JvmPauseMonitor.java:run(188)) - Starting JVM pause monitor
2019-08-19 03:39:27,190 INFO  ozone.HddsDatanodeService (HddsDatanodeService.java:start(184)) - HddsDatanodeService host:byscane-nightly-s779g-3358254982 ip:192.168.5.186
2019-08-19 03:39:27,192 INFO  datanode.InitDatanodeState (InitDatanodeState.java:persistContainerDatanodeDetails(140)) - DatanodeDetails is persisted to /workdir/hadoop-ozone/integration-test/target/test-dir/MiniOzoneClusterImpl-b0e78f8e-0219-4c29-81a4-92a46718b188/datanode-4/meta/datanode.id
2019-08-19 03:39:27,201 INFO  volume.HddsVolume (HddsVolume.java:<init>(176)) - Creating Volume: /workdir/hadoop-ozone/integration-test/target/test-dir/MiniOzoneClusterImpl-b0e78f8e-0219-4c29-81a4-92a46718b188/datanode-5/data/containers/hdds of  storage type : DISK and capacity : 1482555576320
2019-08-19 03:39:27,201 INFO  volume.VolumeSet (VolumeSet.java:initializeVolumeSet(170)) - Added Volume : /workdir/hadoop-ozone/integration-test/target/test-dir/MiniOzoneClusterImpl-b0e78f8e-0219-4c29-81a4-92a46718b188/datanode-5/data/containers/hdds to VolumeSet
2019-08-19 03:39:27,201 INFO  volume.ThrottledAsyncChecker (ThrottledAsyncChecker.java:schedule(140)) - Scheduling a check for org.apache.hadoop.ozone.container.common.volume.HddsVolume@5927473a
2019-08-19 03:39:27,203 INFO  volume.HddsVolumeChecker (HddsVolumeChecker.java:checkAllVolumes(203)) - Scheduled health check for volume org.apache.hadoop.ozone.container.common.volume.HddsVolume@5927473a
2019-08-19 03:39:27,216 INFO  impl.RaftServerProxy (ConfUtils.java:logGet(43)) - raft.rpc.type = GRPC (default)
2019-08-19 03:39:27,216 INFO  grpc.GrpcFactory (GrpcFactory.java:checkPooledByteBufAllocatorUseCacheForAllThreads(45)) - PERFORMANCE WARNING: useCacheForAllThreads is true that may cause Netty to create a lot garbage objects and, as a result, trigger GC.
	It is recommended to disable useCacheForAllThreads by setting -Dorg.apache.ratis.thirdparty.io.netty.allocator.useCacheForAllThreads=false in command line.
2019-08-19 03:39:27,216 INFO  grpc.GrpcConfigKeys$Server (ConfUtils.java:logGet(43)) - raft.grpc.server.port = 0 (default)
2019-08-19 03:39:27,216 INFO  server.GrpcService (ConfUtils.java:logGet(43)) - raft.grpc.message.size.max = 33570816 (custom)
2019-08-19 03:39:27,217 INFO  server.RaftServerConfigKeys (ConfUtils.java:logGet(43)) - raft.server.log.appender.buffer.byte-limit = 33554432 (custom)
2019-08-19 03:39:27,217 INFO  server.GrpcService (ConfUtils.java:logGet(43)) - raft.grpc.flow.control.window = 1MB (=1048576) (default)
2019-08-19 03:39:27,217 INFO  server.RaftServerConfigKeys (ConfUtils.java:logGet(43)) - raft.server.rpc.request.timeout = 3000ms (default)
2019-08-19 03:39:27,217 INFO  server.RaftServerConfigKeys (ConfUtils.java:logGet(43)) - raft.server.storage.dir = [/workdir/hadoop-ozone/integration-test/target/test-dir/MiniOzoneClusterImpl-b0e78f8e-0219-4c29-81a4-92a46718b188/datanode-5/data/ratis] (custom)
2019-08-19 03:39:27,218 INFO  replication.SimpleContainerDownloader (SimpleContainerDownloader.java:<init>(72)) - Starting container downloader service to copy containers to replicate.
2019-08-19 03:39:27,219 INFO  hdfs.DFSUtil (DFSUtil.java:httpServerTemplateForNNAndJN(1641)) - Starting Web-server for hddsDatanode at: http://0.0.0.0:0
2019-08-19 03:39:27,220 INFO  server.AuthenticationFilter (AuthenticationFilter.java:constructSecretProvider(240)) - Unable to initialize FileSignerSecretProvider, falling back to use random secrets.
2019-08-19 03:39:27,221 WARN  http.HttpRequestLog (HttpRequestLog.java:getRequestLog(97)) - Jetty request log can only be enabled using Log4j
2019-08-19 03:39:27,222 INFO  http.HttpServer2 (HttpServer2.java:addGlobalFilter(975)) - Added global filter 'safety' (class=org.apache.hadoop.http.HttpServer2$QuotingInputFilter)
2019-08-19 03:39:27,222 INFO  http.HttpServer2 (HttpServer2.java:addFilter(948)) - Added filter static_user_filter (class=org.apache.hadoop.http.lib.StaticUserWebFilter$StaticUserFilter) to context hddsDatanode
2019-08-19 03:39:27,223 INFO  http.HttpServer2 (HttpServer2.java:addFilter(958)) - Added filter static_user_filter (class=org.apache.hadoop.http.lib.StaticUserWebFilter$StaticUserFilter) to context logs
2019-08-19 03:39:27,223 INFO  http.HttpServer2 (HttpServer2.java:addFilter(958)) - Added filter static_user_filter (class=org.apache.hadoop.http.lib.StaticUserWebFilter$StaticUserFilter) to context static
2019-08-19 03:39:27,223 INFO  http.HttpServer2 (HttpServer2.java:bindListener(1191)) - Jetty bound to port 35196
2019-08-19 03:39:27,223 INFO  server.Server (Server.java:doStart(351)) - jetty-9.3.24.v20180605, build timestamp: 2018-06-05T17:11:56Z, git hash: 84205aa28f11a4f31f2a3b86d1bba2cc8ab69827
2019-08-19 03:39:27,225 INFO  handler.ContextHandler (ContextHandler.java:doStart(781)) - Started o.e.j.s.ServletContextHandler@664c411d{/logs,file:///workdir/hadoop-ozone/integration-test/target/log,AVAILABLE}
2019-08-19 03:39:27,226 INFO  handler.ContextHandler (ContextHandler.java:doStart(781)) - Started o.e.j.s.ServletContextHandler@569d7074{/static,jar:file:/home/user/.m2/repository/org/apache/hadoop/hadoop-hdds-container-service/0.4.1-SNAPSHOT/hadoop-hdds-container-service-0.4.1-SNAPSHOT.jar!/webapps/static,AVAILABLE}
2019-08-19 03:39:27,267 INFO  handler.ContextHandler (ContextHandler.java:doStart(781)) - Started o.e.j.w.WebAppContext@6cf633eb{/,file:///tmp/jetty-0.0.0.0-35196-hddsDatanode-_-any-7514873658739875235.dir/webapp/,AVAILABLE}{/hddsDatanode}
2019-08-19 03:39:27,267 INFO  server.AbstractConnector (AbstractConnector.java:doStart(278)) - Started ServerConnector@4de14c58{HTTP/1.1,[http/1.1]}{0.0.0.0:35196}
2019-08-19 03:39:27,269 INFO  server.Server (Server.java:doStart(419)) - Started @537720ms
2019-08-19 03:39:27,270 INFO  server.BaseHttpServer (BaseHttpServer.java:updateConnectorAddress(207)) - HTTP server of HDDSDATANODE is listening at http://0.0.0.0:35196
2019-08-19 03:39:27,413 INFO  ozone.HddsDatanodeService (HddsDatanodeService.java:startPlugins(395)) - Started plug-in org.apache.hadoop.ozone.web.OzoneHddsDatanodeService@3bfbe2a6
2019-08-19 03:39:27,415 INFO  impl.MetricsSystemImpl (MetricsSystemImpl.java:init(158)) - HddsDatanode metrics system started (again)
2019-08-19 03:39:27,416 INFO  util.JvmPauseMonitor (JvmPauseMonitor.java:run(188)) - Starting JVM pause monitor
2019-08-19 03:39:27,422 INFO  ozone.HddsDatanodeService (HddsDatanodeService.java:start(184)) - HddsDatanodeService host:byscane-nightly-s779g-3358254982 ip:192.168.5.186
2019-08-19 03:39:27,422 INFO  datanode.InitDatanodeState (InitDatanodeState.java:persistContainerDatanodeDetails(140)) - DatanodeDetails is persisted to /workdir/hadoop-ozone/integration-test/target/test-dir/MiniOzoneClusterImpl-b0e78f8e-0219-4c29-81a4-92a46718b188/datanode-5/meta/datanode.id
2019-08-19 03:39:27,434 INFO  volume.HddsVolume (HddsVolume.java:<init>(176)) - Creating Volume: /workdir/hadoop-ozone/integration-test/target/test-dir/MiniOzoneClusterImpl-b0e78f8e-0219-4c29-81a4-92a46718b188/datanode-6/data/containers/hdds of  storage type : DISK and capacity : 1482555576320
2019-08-19 03:39:27,435 INFO  volume.VolumeSet (VolumeSet.java:initializeVolumeSet(170)) - Added Volume : /workdir/hadoop-ozone/integration-test/target/test-dir/MiniOzoneClusterImpl-b0e78f8e-0219-4c29-81a4-92a46718b188/datanode-6/data/containers/hdds to VolumeSet
2019-08-19 03:39:27,435 INFO  volume.ThrottledAsyncChecker (ThrottledAsyncChecker.java:schedule(140)) - Scheduling a check for org.apache.hadoop.ozone.container.common.volume.HddsVolume@2565b097
2019-08-19 03:39:27,436 INFO  volume.HddsVolumeChecker (HddsVolumeChecker.java:checkAllVolumes(203)) - Scheduled health check for volume org.apache.hadoop.ozone.container.common.volume.HddsVolume@2565b097
2019-08-19 03:39:27,461 INFO  impl.RaftServerProxy (ConfUtils.java:logGet(43)) - raft.rpc.type = GRPC (default)
2019-08-19 03:39:27,462 INFO  grpc.GrpcFactory (GrpcFactory.java:checkPooledByteBufAllocatorUseCacheForAllThreads(45)) - PERFORMANCE WARNING: useCacheForAllThreads is true that may cause Netty to create a lot garbage objects and, as a result, trigger GC.
	It is recommended to disable useCacheForAllThreads by setting -Dorg.apache.ratis.thirdparty.io.netty.allocator.useCacheForAllThreads=false in command line.
2019-08-19 03:39:27,462 INFO  grpc.GrpcConfigKeys$Server (ConfUtils.java:logGet(43)) - raft.grpc.server.port = 0 (default)
2019-08-19 03:39:27,462 INFO  server.GrpcService (ConfUtils.java:logGet(43)) - raft.grpc.message.size.max = 33570816 (custom)
2019-08-19 03:39:27,462 INFO  server.RaftServerConfigKeys (ConfUtils.java:logGet(43)) - raft.server.log.appender.buffer.byte-limit = 33554432 (custom)
2019-08-19 03:39:27,463 INFO  server.GrpcService (ConfUtils.java:logGet(43)) - raft.grpc.flow.control.window = 1MB (=1048576) (default)
2019-08-19 03:39:27,463 INFO  server.RaftServerConfigKeys (ConfUtils.java:logGet(43)) - raft.server.rpc.request.timeout = 3000ms (default)
2019-08-19 03:39:27,464 INFO  server.RaftServerConfigKeys (ConfUtils.java:logGet(43)) - raft.server.storage.dir = [/workdir/hadoop-ozone/integration-test/target/test-dir/MiniOzoneClusterImpl-b0e78f8e-0219-4c29-81a4-92a46718b188/datanode-6/data/ratis] (custom)
2019-08-19 03:39:27,465 INFO  replication.SimpleContainerDownloader (SimpleContainerDownloader.java:<init>(72)) - Starting container downloader service to copy containers to replicate.
2019-08-19 03:39:27,466 INFO  hdfs.DFSUtil (DFSUtil.java:httpServerTemplateForNNAndJN(1641)) - Starting Web-server for hddsDatanode at: http://0.0.0.0:0
2019-08-19 03:39:27,469 INFO  server.AuthenticationFilter (AuthenticationFilter.java:constructSecretProvider(240)) - Unable to initialize FileSignerSecretProvider, falling back to use random secrets.
2019-08-19 03:39:27,469 WARN  http.HttpRequestLog (HttpRequestLog.java:getRequestLog(97)) - Jetty request log can only be enabled using Log4j
2019-08-19 03:39:27,472 INFO  http.HttpServer2 (HttpServer2.java:addGlobalFilter(975)) - Added global filter 'safety' (class=org.apache.hadoop.http.HttpServer2$QuotingInputFilter)
2019-08-19 03:39:27,472 INFO  http.HttpServer2 (HttpServer2.java:addFilter(948)) - Added filter static_user_filter (class=org.apache.hadoop.http.lib.StaticUserWebFilter$StaticUserFilter) to context hddsDatanode
2019-08-19 03:39:27,473 INFO  http.HttpServer2 (HttpServer2.java:addFilter(958)) - Added filter static_user_filter (class=org.apache.hadoop.http.lib.StaticUserWebFilter$StaticUserFilter) to context static
2019-08-19 03:39:27,473 INFO  http.HttpServer2 (HttpServer2.java:addFilter(958)) - Added filter static_user_filter (class=org.apache.hadoop.http.lib.StaticUserWebFilter$StaticUserFilter) to context logs
2019-08-19 03:39:27,474 INFO  http.HttpServer2 (HttpServer2.java:bindListener(1191)) - Jetty bound to port 46357
2019-08-19 03:39:27,474 INFO  server.Server (Server.java:doStart(351)) - jetty-9.3.24.v20180605, build timestamp: 2018-06-05T17:11:56Z, git hash: 84205aa28f11a4f31f2a3b86d1bba2cc8ab69827
2019-08-19 03:39:27,476 INFO  handler.ContextHandler (ContextHandler.java:doStart(781)) - Started o.e.j.s.ServletContextHandler@6bd2c51d{/logs,file:///workdir/hadoop-ozone/integration-test/target/log,AVAILABLE}
2019-08-19 03:39:27,477 INFO  handler.ContextHandler (ContextHandler.java:doStart(781)) - Started o.e.j.s.ServletContextHandler@6ca9f1d0{/static,jar:file:/home/user/.m2/repository/org/apache/hadoop/hadoop-hdds-container-service/0.4.1-SNAPSHOT/hadoop-hdds-container-service-0.4.1-SNAPSHOT.jar!/webapps/static,AVAILABLE}
2019-08-19 03:39:27,518 INFO  handler.ContextHandler (ContextHandler.java:doStart(781)) - Started o.e.j.w.WebAppContext@1e82b631{/,file:///tmp/jetty-0.0.0.0-46357-hddsDatanode-_-any-2427404116787066719.dir/webapp/,AVAILABLE}{/hddsDatanode}
2019-08-19 03:39:27,519 INFO  server.AbstractConnector (AbstractConnector.java:doStart(278)) - Started ServerConnector@42c2a1da{HTTP/1.1,[http/1.1]}{0.0.0.0:46357}
2019-08-19 03:39:27,519 INFO  server.Server (Server.java:doStart(419)) - Started @537971ms
2019-08-19 03:39:27,524 INFO  server.BaseHttpServer (BaseHttpServer.java:updateConnectorAddress(207)) - HTTP server of HDDSDATANODE is listening at http://0.0.0.0:46357
2019-08-19 03:39:27,637 INFO  ozone.HddsDatanodeService (HddsDatanodeService.java:startPlugins(395)) - Started plug-in org.apache.hadoop.ozone.web.OzoneHddsDatanodeService@4a0e3bd
2019-08-19 03:39:27,638 INFO  ozone.MiniOzoneClusterImpl (MiniOzoneClusterImpl.java:lambda$waitForClusterToBeReady$0(142)) - Waiting for cluster to be ready. Got 0 of 7 DN Heartbeats.
2019-08-19 03:39:27,639 INFO  util.JvmPauseMonitor (JvmPauseMonitor.java:run(188)) - Starting JVM pause monitor
2019-08-19 03:39:27,641 INFO  datanode.InitDatanodeState (InitDatanodeState.java:persistContainerDatanodeDetails(140)) - DatanodeDetails is persisted to /workdir/hadoop-ozone/integration-test/target/test-dir/MiniOzoneClusterImpl-b0e78f8e-0219-4c29-81a4-92a46718b188/datanode-6/meta/datanode.id
2019-08-19 03:39:28,237 INFO  ozoneimpl.OzoneContainer (OzoneContainer.java:start(186)) - Attempting to start container services.
2019-08-19 03:39:28,238 INFO  ozoneimpl.OzoneContainer (OzoneContainer.java:startContainerScrub(160)) - Background container scrubber has been disabled by hdds.containerscrub.enabled
2019-08-19 03:39:28,238 INFO  ratis.XceiverServerRatis (XceiverServerRatis.java:start(404)) - Starting XceiverServerRatis 29e30134-aa92-4c4c-97e3-3bc595c84317 at port 0
2019-08-19 03:39:28,245 INFO  impl.RaftServerProxy (RaftServerProxy.java:lambda$start$3(299)) - 29e30134-aa92-4c4c-97e3-3bc595c84317: start RPC server
2019-08-19 03:39:28,253 INFO  server.GrpcService (GrpcService.java:startImpl(149)) - 29e30134-aa92-4c4c-97e3-3bc595c84317: GrpcService started, listening on 0.0.0.0/0.0.0.0:39686
2019-08-19 03:39:28,253 INFO  ratis.XceiverServerRatis (XceiverServerRatis.java:start(414)) - XceiverServerRatis 29e30134-aa92-4c4c-97e3-3bc595c84317 is started using port 39686
2019-08-19 03:39:28,254 INFO  server.XceiverServerGrpc (XceiverServerGrpc.java:start(161)) - XceiverServerGrpc 29e30134-aa92-4c4c-97e3-3bc595c84317 is started using port 41648
2019-08-19 03:39:28,419 INFO  ozoneimpl.OzoneContainer (OzoneContainer.java:start(186)) - Attempting to start container services.
2019-08-19 03:39:28,419 INFO  ozoneimpl.OzoneContainer (OzoneContainer.java:startContainerScrub(160)) - Background container scrubber has been disabled by hdds.containerscrub.enabled
2019-08-19 03:39:28,419 INFO  ratis.XceiverServerRatis (XceiverServerRatis.java:start(404)) - Starting XceiverServerRatis 07b680a3-1247-4695-b0a1-a55b43de70d2 at port 0
2019-08-19 03:39:28,427 INFO  impl.RaftServerProxy (RaftServerProxy.java:lambda$start$3(299)) - 07b680a3-1247-4695-b0a1-a55b43de70d2: start RPC server
2019-08-19 03:39:28,428 INFO  server.GrpcService (GrpcService.java:startImpl(149)) - 07b680a3-1247-4695-b0a1-a55b43de70d2: GrpcService started, listening on 0.0.0.0/0.0.0.0:37215
2019-08-19 03:39:28,428 INFO  ratis.XceiverServerRatis (XceiverServerRatis.java:start(414)) - XceiverServerRatis 07b680a3-1247-4695-b0a1-a55b43de70d2 is started using port 37215
2019-08-19 03:39:28,431 INFO  server.XceiverServerGrpc (XceiverServerGrpc.java:start(161)) - XceiverServerGrpc 07b680a3-1247-4695-b0a1-a55b43de70d2 is started using port 35050
2019-08-19 03:39:28,632 INFO  ozoneimpl.OzoneContainer (OzoneContainer.java:start(186)) - Attempting to start container services.
2019-08-19 03:39:28,632 INFO  ozoneimpl.OzoneContainer (OzoneContainer.java:startContainerScrub(160)) - Background container scrubber has been disabled by hdds.containerscrub.enabled
2019-08-19 03:39:28,632 INFO  ratis.XceiverServerRatis (XceiverServerRatis.java:start(404)) - Starting XceiverServerRatis fb94fa56-34bc-4ed4-976f-328d7d7f96e9 at port 0
2019-08-19 03:39:28,638 INFO  ozone.MiniOzoneClusterImpl (MiniOzoneClusterImpl.java:lambda$waitForClusterToBeReady$0(142)) - Waiting for cluster to be ready. Got 0 of 7 DN Heartbeats.
2019-08-19 03:39:28,640 INFO  impl.RaftServerProxy (RaftServerProxy.java:lambda$start$3(299)) - fb94fa56-34bc-4ed4-976f-328d7d7f96e9: start RPC server
2019-08-19 03:39:28,643 INFO  server.GrpcService (GrpcService.java:startImpl(149)) - fb94fa56-34bc-4ed4-976f-328d7d7f96e9: GrpcService started, listening on 0.0.0.0/0.0.0.0:45542
2019-08-19 03:39:28,643 INFO  ratis.XceiverServerRatis (XceiverServerRatis.java:start(414)) - XceiverServerRatis fb94fa56-34bc-4ed4-976f-328d7d7f96e9 is started using port 45542
2019-08-19 03:39:28,644 INFO  server.XceiverServerGrpc (XceiverServerGrpc.java:start(161)) - XceiverServerGrpc fb94fa56-34bc-4ed4-976f-328d7d7f96e9 is started using port 34515
2019-08-19 03:39:29,004 INFO  ozoneimpl.OzoneContainer (OzoneContainer.java:start(186)) - Attempting to start container services.
2019-08-19 03:39:29,005 INFO  ozoneimpl.OzoneContainer (OzoneContainer.java:startContainerScrub(160)) - Background container scrubber has been disabled by hdds.containerscrub.enabled
2019-08-19 03:39:29,005 INFO  ratis.XceiverServerRatis (XceiverServerRatis.java:start(404)) - Starting XceiverServerRatis 2b8eb764-4144-40d1-9a1a-448d36cf7f55 at port 0
2019-08-19 03:39:29,012 INFO  impl.RaftServerProxy (RaftServerProxy.java:lambda$start$3(299)) - 2b8eb764-4144-40d1-9a1a-448d36cf7f55: start RPC server
2019-08-19 03:39:29,016 INFO  server.GrpcService (GrpcService.java:startImpl(149)) - 2b8eb764-4144-40d1-9a1a-448d36cf7f55: GrpcService started, listening on 0.0.0.0/0.0.0.0:39341
2019-08-19 03:39:29,017 INFO  ratis.XceiverServerRatis (XceiverServerRatis.java:start(414)) - XceiverServerRatis 2b8eb764-4144-40d1-9a1a-448d36cf7f55 is started using port 39341
2019-08-19 03:39:29,017 INFO  server.XceiverServerGrpc (XceiverServerGrpc.java:start(161)) - XceiverServerGrpc 2b8eb764-4144-40d1-9a1a-448d36cf7f55 is started using port 43825
2019-08-19 03:39:29,206 INFO  ozoneimpl.OzoneContainer (OzoneContainer.java:start(186)) - Attempting to start container services.
2019-08-19 03:39:29,206 INFO  ozoneimpl.OzoneContainer (OzoneContainer.java:startContainerScrub(160)) - Background container scrubber has been disabled by hdds.containerscrub.enabled
2019-08-19 03:39:29,206 INFO  ratis.XceiverServerRatis (XceiverServerRatis.java:start(404)) - Starting XceiverServerRatis 67c14123-fd6f-41fa-a960-6982b90314f2 at port 0
2019-08-19 03:39:29,214 INFO  impl.RaftServerProxy (RaftServerProxy.java:lambda$start$3(299)) - 67c14123-fd6f-41fa-a960-6982b90314f2: start RPC server
2019-08-19 03:39:29,214 INFO  server.GrpcService (GrpcService.java:startImpl(149)) - 67c14123-fd6f-41fa-a960-6982b90314f2: GrpcService started, listening on 0.0.0.0/0.0.0.0:34153
2019-08-19 03:39:29,215 INFO  ratis.XceiverServerRatis (XceiverServerRatis.java:start(414)) - XceiverServerRatis 67c14123-fd6f-41fa-a960-6982b90314f2 is started using port 34153
2019-08-19 03:39:29,215 INFO  server.XceiverServerGrpc (XceiverServerGrpc.java:start(161)) - XceiverServerGrpc 67c14123-fd6f-41fa-a960-6982b90314f2 is started using port 37638
2019-08-19 03:39:29,431 INFO  ozoneimpl.OzoneContainer (OzoneContainer.java:start(186)) - Attempting to start container services.
2019-08-19 03:39:29,431 INFO  ozoneimpl.OzoneContainer (OzoneContainer.java:startContainerScrub(160)) - Background container scrubber has been disabled by hdds.containerscrub.enabled
2019-08-19 03:39:29,431 INFO  ratis.XceiverServerRatis (XceiverServerRatis.java:start(404)) - Starting XceiverServerRatis b9a843f0-d5a2-4491-a126-6f9b1d559eae at port 0
2019-08-19 03:39:29,440 INFO  impl.RaftServerProxy (RaftServerProxy.java:lambda$start$3(299)) - b9a843f0-d5a2-4491-a126-6f9b1d559eae: start RPC server
2019-08-19 03:39:29,440 INFO  server.GrpcService (GrpcService.java:startImpl(149)) - b9a843f0-d5a2-4491-a126-6f9b1d559eae: GrpcService started, listening on 0.0.0.0/0.0.0.0:33888
2019-08-19 03:39:29,440 INFO  ratis.XceiverServerRatis (XceiverServerRatis.java:start(414)) - XceiverServerRatis b9a843f0-d5a2-4491-a126-6f9b1d559eae is started using port 33888
2019-08-19 03:39:29,443 INFO  server.XceiverServerGrpc (XceiverServerGrpc.java:start(161)) - XceiverServerGrpc b9a843f0-d5a2-4491-a126-6f9b1d559eae is started using port 39816
2019-08-19 03:39:29,638 INFO  ozone.MiniOzoneClusterImpl (MiniOzoneClusterImpl.java:lambda$waitForClusterToBeReady$0(142)) - Waiting for cluster to be ready. Got 0 of 7 DN Heartbeats.
2019-08-19 03:39:29,653 INFO  ozoneimpl.OzoneContainer (OzoneContainer.java:start(186)) - Attempting to start container services.
2019-08-19 03:39:29,653 INFO  ozoneimpl.OzoneContainer (OzoneContainer.java:startContainerScrub(160)) - Background container scrubber has been disabled by hdds.containerscrub.enabled
2019-08-19 03:39:29,653 INFO  ratis.XceiverServerRatis (XceiverServerRatis.java:start(404)) - Starting XceiverServerRatis fcd6f0a1-fd0b-4edc-9ce9-b56838030692 at port 0
2019-08-19 03:39:29,661 INFO  impl.RaftServerProxy (RaftServerProxy.java:lambda$start$3(299)) - fcd6f0a1-fd0b-4edc-9ce9-b56838030692: start RPC server
2019-08-19 03:39:29,662 INFO  server.GrpcService (GrpcService.java:startImpl(149)) - fcd6f0a1-fd0b-4edc-9ce9-b56838030692: GrpcService started, listening on 0.0.0.0/0.0.0.0:41229
2019-08-19 03:39:29,662 INFO  ratis.XceiverServerRatis (XceiverServerRatis.java:start(414)) - XceiverServerRatis fcd6f0a1-fd0b-4edc-9ce9-b56838030692 is started using port 41229
2019-08-19 03:39:29,663 INFO  server.XceiverServerGrpc (XceiverServerGrpc.java:start(161)) - XceiverServerGrpc fcd6f0a1-fd0b-4edc-9ce9-b56838030692 is started using port 43713
2019-08-19 03:39:30,220 INFO  net.NetworkTopology (NetworkTopologyImpl.java:add(110)) - Added a new node: /default-rack/29e30134-aa92-4c4c-97e3-3bc595c84317
2019-08-19 03:39:30,223 INFO  node.SCMNodeManager (SCMNodeManager.java:register(273)) - Registered Data node : 29e30134-aa92-4c4c-97e3-3bc595c84317{ip: 192.168.5.186, host: byscane-nightly-s779g-3358254982, networkLocation: /default-rack, certSerialId: null}
2019-08-19 03:39:30,224 INFO  safemode.SCMSafeModeManager (DataNodeSafeModeRule.java:process(71)) - SCM in safe mode. 1 DataNodes registered, 1 required.
2019-08-19 03:39:30,227 INFO  safemode.SCMSafeModeManager (SCMSafeModeManager.java:validateSafeModeExitRules(177)) - ScmSafeModeManager, all rules are successfully validated
2019-08-19 03:39:30,227 INFO  safemode.SCMSafeModeManager (SCMSafeModeManager.java:exitSafeMode(193)) - SCM exiting safe mode.
2019-08-19 03:39:30,249 INFO  impl.RaftServerProxy (RaftServerProxy.java:addNew(89)) - 29e30134-aa92-4c4c-97e3-3bc595c84317: addNew group-CB0235E1C10D:[29e30134-aa92-4c4c-97e3-3bc595c84317:192.168.5.186:39686] returns group-CB0235E1C10D:java.util.concurrent.CompletableFuture@3ae8c55d[Not completed]
2019-08-19 03:39:30,251 INFO  impl.RaftServerImpl (RaftServerImpl.java:<init>(93)) - 29e30134-aa92-4c4c-97e3-3bc595c84317: new RaftServerImpl for group-CB0235E1C10D:[29e30134-aa92-4c4c-97e3-3bc595c84317:192.168.5.186:39686] with ContainerStateMachine:uninitialized
2019-08-19 03:39:30,251 INFO  server.RaftServerConfigKeys (ConfUtils.java:logGet(43)) - raft.server.rpc.timeout.min = 5s (custom)
2019-08-19 03:39:30,251 INFO  server.RaftServerConfigKeys (ConfUtils.java:logGet(43)) - raft.server.rpc.timeout.max = 5200ms (custom)
2019-08-19 03:39:30,251 INFO  server.RaftServerConfigKeys (ConfUtils.java:logGet(43)) - raft.server.rpcslowness.timeout = 120s (custom)
2019-08-19 03:39:30,251 INFO  server.RaftServerConfigKeys (ConfUtils.java:logGet(43)) - raft.server.sleep.deviation.threshold = 300 (default)
2019-08-19 03:39:30,251 INFO  server.RaftServerConfigKeys (ConfUtils.java:logGet(43)) - raft.server.log.appender.install.snapshot.enabled = false (custom)
2019-08-19 03:39:30,252 INFO  impl.RaftServerImpl (ServerState.java:<init>(105)) - 29e30134-aa92-4c4c-97e3-3bc595c84317:group-CB0235E1C10D ConfigurationManager, init=-1: [29e30134-aa92-4c4c-97e3-3bc595c84317:192.168.5.186:39686], old=null, confs=<EMPTY_MAP>
2019-08-19 03:39:30,252 INFO  server.RaftServerConfigKeys (ConfUtils.java:logGet(43)) - raft.server.storage.dir = [/workdir/hadoop-ozone/integration-test/target/test-dir/MiniOzoneClusterImpl-b0e78f8e-0219-4c29-81a4-92a46718b188/datanode-0/data/ratis] (custom)
2019-08-19 03:39:30,252 INFO  storage.RaftStorageDirectory (RaftStorageDirectory.java:analyzeStorage(246)) - The storage directory /workdir/hadoop-ozone/integration-test/target/test-dir/MiniOzoneClusterImpl-b0e78f8e-0219-4c29-81a4-92a46718b188/datanode-0/data/ratis/ebd26bb4-6bdd-4c23-8194-cb0235e1c10d does not exist. Creating ...
2019-08-19 03:39:30,278 INFO  storage.RaftStorageDirectory (RaftStorageDirectory.java:tryLock(328)) - Lock on /workdir/hadoop-ozone/integration-test/target/test-dir/MiniOzoneClusterImpl-b0e78f8e-0219-4c29-81a4-92a46718b188/datanode-0/data/ratis/ebd26bb4-6bdd-4c23-8194-cb0235e1c10d/in_use.lock acquired by nodename 28932@byscane-nightly-s779g-3358254982
2019-08-19 03:39:30,291 INFO  storage.RaftStorage (RaftStorage.java:format(72)) - Storage directory /workdir/hadoop-ozone/integration-test/target/test-dir/MiniOzoneClusterImpl-b0e78f8e-0219-4c29-81a4-92a46718b188/datanode-0/data/ratis/ebd26bb4-6bdd-4c23-8194-cb0235e1c10d has been successfully formatted.
2019-08-19 03:39:30,291 INFO  ratis.ContainerStateMachine (ContainerStateMachine.java:loadSnapshot(213)) - group-CB0235E1C10D: The snapshot info is null. Setting the last applied indexto:(t:0, i:~)
2019-08-19 03:39:30,291 INFO  server.RaftServerConfigKeys (ConfUtils.java:logGet(43)) - raft.server.leader.election.timeout = 120s (custom)
2019-08-19 03:39:30,292 INFO  server.RaftServerConfigKeys (ConfUtils.java:logGet(43)) - raft.server.log.use.memory = false (default)
2019-08-19 03:39:30,292 INFO  server.RaftServerConfigKeys (ConfUtils.java:logGet(43)) - raft.server.log.purge.gap = 1000000000 (custom)
2019-08-19 03:39:30,292 INFO  server.RaftServerConfigKeys (ConfUtils.java:logGet(43)) - raft.server.log.appender.buffer.byte-limit = 33554432 (custom)
2019-08-19 03:39:30,292 INFO  server.RaftServerConfigKeys (ConfUtils.java:logGet(43)) - raft.server.log.segment.size.max = 1048576 (custom)
2019-08-19 03:39:30,292 INFO  server.RaftServerConfigKeys (ConfUtils.java:logGet(43)) - raft.server.log.segment.cache.num.max = 2 (custom)
2019-08-19 03:39:30,292 INFO  segmented.SegmentedRaftLogWorker (SegmentedRaftLogWorker.java:<init>(172)) - new 29e30134-aa92-4c4c-97e3-3bc595c84317-SegmentedRaftLogWorker:Storage Directory /workdir/hadoop-ozone/integration-test/target/test-dir/MiniOzoneClusterImpl-b0e78f8e-0219-4c29-81a4-92a46718b188/datanode-0/data/ratis/ebd26bb4-6bdd-4c23-8194-cb0235e1c10d for RaftStorage:Storage Directory /workdir/hadoop-ozone/integration-test/target/test-dir/MiniOzoneClusterImpl-b0e78f8e-0219-4c29-81a4-92a46718b188/datanode-0/data/ratis/ebd26bb4-6bdd-4c23-8194-cb0235e1c10d
2019-08-19 03:39:30,293 INFO  server.RaftServerConfigKeys (ConfUtils.java:logGet(43)) - raft.server.log.queue.byte-limit = 2147483647 (custom)
2019-08-19 03:39:30,293 INFO  server.RaftServerConfigKeys (ConfUtils.java:logGet(43)) - raft.server.log.queue.element-limit = 1024 (custom)
2019-08-19 03:39:30,293 INFO  server.RaftServerConfigKeys (ConfUtils.java:logGet(43)) - raft.server.log.segment.size.max = 1048576 (custom)
2019-08-19 03:39:30,293 INFO  server.RaftServerConfigKeys (ConfUtils.java:logGet(43)) - raft.server.log.preallocated.size = 16384 (custom)
2019-08-19 03:39:30,294 INFO  server.RaftServerConfigKeys (ConfUtils.java:logGet(43)) - raft.server.log.write.buffer.size = 33554432 (custom)
2019-08-19 03:39:30,294 INFO  server.RaftServerConfigKeys (ConfUtils.java:logGet(43)) - raft.server.log.force.sync.num = 128 (default)
2019-08-19 03:39:30,294 INFO  server.RaftServerConfigKeys (ConfUtils.java:logGet(43)) - raft.server.log.statemachine.data.sync = true (default)
2019-08-19 03:39:30,294 INFO  server.RaftServerConfigKeys (ConfUtils.java:logGet(43)) - raft.server.log.statemachine.data.sync.timeout = 10s (default)
2019-08-19 03:39:30,294 INFO  server.RaftServerConfigKeys (ConfUtils.java:logGet(43)) - raft.server.log.statemachine.data.sync.timeout.retry = -1 (default)
2019-08-19 03:39:30,295 INFO  server.RaftServerConfigKeys (ConfUtils.java:logGet(43)) - raft.server.log.statemachine.data.caching.enabled = true (custom)
2019-08-19 03:39:30,295 INFO  segmented.SegmentedRaftLogWorker (SegmentedRaftLogWorker.java:lambda$new$0(132)) - 29e30134-aa92-4c4c-97e3-3bc595c84317-SegmentedRaftLogWorker:Storage Directory /workdir/hadoop-ozone/integration-test/target/test-dir/MiniOzoneClusterImpl-b0e78f8e-0219-4c29-81a4-92a46718b188/datanode-0/data/ratis/ebd26bb4-6bdd-4c23-8194-cb0235e1c10d: flushIndex: setUnconditionally 0 -> -1
2019-08-19 03:39:30,295 INFO  server.RaftServerConfigKeys (ConfUtils.java:logGet(43)) - raft.server.snapshot.auto.trigger.enabled = true (custom)
2019-08-19 03:39:30,296 INFO  server.RaftServerConfigKeys (ConfUtils.java:logGet(43)) - raft.server.snapshot.auto.trigger.threshold = 10000 (custom)
2019-08-19 03:39:30,296 INFO  server.RaftServerConfigKeys (ConfUtils.java:logGet(43)) - raft.server.retrycache.expirytime = 600000ms (custom)
2019-08-19 03:39:30,296 INFO  impl.RaftServerImpl (RaftServerImpl.java:start(180)) - 29e30134-aa92-4c4c-97e3-3bc595c84317: start group-CB0235E1C10D
2019-08-19 03:39:30,296 INFO  impl.RaftServerImpl (RaftServerImpl.java:setRole(171)) - 29e30134-aa92-4c4c-97e3-3bc595c84317:group-CB0235E1C10D changes role from null to FOLLOWER at term 0 for startAsFollower
2019-08-19 03:39:30,297 INFO  impl.RoleInfo (RoleInfo.java:updateAndGet(143)) - 29e30134-aa92-4c4c-97e3-3bc595c84317: start FollowerState
2019-08-19 03:39:30,298 INFO  util.JmxRegister (JmxRegister.java:tryRegister(44)) - Successfully registered JMX Bean with object name Ratis:service=RaftServer,group=group-CB0235E1C10D,id=29e30134-aa92-4c4c-97e3-3bc595c84317
2019-08-19 03:39:30,302 INFO  pipeline.PipelineStateManager (PipelineStateManager.java:addPipeline(56)) - Created pipeline Pipeline[ Id: ebd26bb4-6bdd-4c23-8194-cb0235e1c10d, Nodes: 29e30134-aa92-4c4c-97e3-3bc595c84317{ip: 192.168.5.186, host: byscane-nightly-s779g-3358254982, networkLocation: /default-rack, certSerialId: null}, Type:RATIS, Factor:ONE, State:OPEN]
2019-08-19 03:39:30,395 INFO  net.NetworkTopology (NetworkTopologyImpl.java:add(110)) - Added a new node: /default-rack/07b680a3-1247-4695-b0a1-a55b43de70d2
2019-08-19 03:39:30,395 INFO  node.SCMNodeManager (SCMNodeManager.java:register(273)) - Registered Data node : 07b680a3-1247-4695-b0a1-a55b43de70d2{ip: 192.168.5.186, host: byscane-nightly-s779g-3358254982, networkLocation: /default-rack, certSerialId: null}
2019-08-19 03:39:30,402 INFO  impl.RaftServerProxy (RaftServerProxy.java:addNew(89)) - 07b680a3-1247-4695-b0a1-a55b43de70d2: addNew group-BAEC35ED322C:[07b680a3-1247-4695-b0a1-a55b43de70d2:192.168.5.186:37215] returns group-BAEC35ED322C:java.util.concurrent.CompletableFuture@4298ec27[Not completed]
2019-08-19 03:39:30,403 INFO  impl.RaftServerImpl (RaftServerImpl.java:<init>(93)) - 07b680a3-1247-4695-b0a1-a55b43de70d2: new RaftServerImpl for group-BAEC35ED322C:[07b680a3-1247-4695-b0a1-a55b43de70d2:192.168.5.186:37215] with ContainerStateMachine:uninitialized
2019-08-19 03:39:30,403 INFO  server.RaftServerConfigKeys (ConfUtils.java:logGet(43)) - raft.server.rpc.timeout.min = 5s (custom)
2019-08-19 03:39:30,403 INFO  server.RaftServerConfigKeys (ConfUtils.java:logGet(43)) - raft.server.rpc.timeout.max = 5200ms (custom)
2019-08-19 03:39:30,403 INFO  server.RaftServerConfigKeys (ConfUtils.java:logGet(43)) - raft.server.rpcslowness.timeout = 120s (custom)
2019-08-19 03:39:30,404 INFO  server.RaftServerConfigKeys (ConfUtils.java:logGet(43)) - raft.server.sleep.deviation.threshold = 300 (default)
2019-08-19 03:39:30,404 INFO  server.RaftServerConfigKeys (ConfUtils.java:logGet(43)) - raft.server.log.appender.install.snapshot.enabled = false (custom)
2019-08-19 03:39:30,404 INFO  impl.RaftServerImpl (ServerState.java:<init>(105)) - 07b680a3-1247-4695-b0a1-a55b43de70d2:group-BAEC35ED322C ConfigurationManager, init=-1: [07b680a3-1247-4695-b0a1-a55b43de70d2:192.168.5.186:37215], old=null, confs=<EMPTY_MAP>
2019-08-19 03:39:30,404 INFO  server.RaftServerConfigKeys (ConfUtils.java:logGet(43)) - raft.server.storage.dir = [/workdir/hadoop-ozone/integration-test/target/test-dir/MiniOzoneClusterImpl-b0e78f8e-0219-4c29-81a4-92a46718b188/datanode-1/data/ratis] (custom)
2019-08-19 03:39:30,405 INFO  storage.RaftStorageDirectory (RaftStorageDirectory.java:analyzeStorage(246)) - The storage directory /workdir/hadoop-ozone/integration-test/target/test-dir/MiniOzoneClusterImpl-b0e78f8e-0219-4c29-81a4-92a46718b188/datanode-1/data/ratis/b028db63-28ec-4619-888c-baec35ed322c does not exist. Creating ...
2019-08-19 03:39:30,417 INFO  storage.RaftStorageDirectory (RaftStorageDirectory.java:tryLock(328)) - Lock on /workdir/hadoop-ozone/integration-test/target/test-dir/MiniOzoneClusterImpl-b0e78f8e-0219-4c29-81a4-92a46718b188/datanode-1/data/ratis/b028db63-28ec-4619-888c-baec35ed322c/in_use.lock acquired by nodename 28932@byscane-nightly-s779g-3358254982
2019-08-19 03:39:30,430 INFO  storage.RaftStorage (RaftStorage.java:format(72)) - Storage directory /workdir/hadoop-ozone/integration-test/target/test-dir/MiniOzoneClusterImpl-b0e78f8e-0219-4c29-81a4-92a46718b188/datanode-1/data/ratis/b028db63-28ec-4619-888c-baec35ed322c has been successfully formatted.
2019-08-19 03:39:30,431 INFO  ratis.ContainerStateMachine (ContainerStateMachine.java:loadSnapshot(213)) - group-BAEC35ED322C: The snapshot info is null. Setting the last applied indexto:(t:0, i:~)
2019-08-19 03:39:30,431 INFO  server.RaftServerConfigKeys (ConfUtils.java:logGet(43)) - raft.server.leader.election.timeout = 120s (custom)
2019-08-19 03:39:30,431 INFO  server.RaftServerConfigKeys (ConfUtils.java:logGet(43)) - raft.server.log.use.memory = false (default)
2019-08-19 03:39:30,431 INFO  server.RaftServerConfigKeys (ConfUtils.java:logGet(43)) - raft.server.log.purge.gap = 1000000000 (custom)
2019-08-19 03:39:30,431 INFO  server.RaftServerConfigKeys (ConfUtils.java:logGet(43)) - raft.server.log.appender.buffer.byte-limit = 33554432 (custom)
2019-08-19 03:39:30,431 INFO  server.RaftServerConfigKeys (ConfUtils.java:logGet(43)) - raft.server.log.segment.size.max = 1048576 (custom)
2019-08-19 03:39:30,431 INFO  server.RaftServerConfigKeys (ConfUtils.java:logGet(43)) - raft.server.log.segment.cache.num.max = 2 (custom)
2019-08-19 03:39:30,432 INFO  segmented.SegmentedRaftLogWorker (SegmentedRaftLogWorker.java:<init>(172)) - new 07b680a3-1247-4695-b0a1-a55b43de70d2-SegmentedRaftLogWorker:Storage Directory /workdir/hadoop-ozone/integration-test/target/test-dir/MiniOzoneClusterImpl-b0e78f8e-0219-4c29-81a4-92a46718b188/datanode-1/data/ratis/b028db63-28ec-4619-888c-baec35ed322c for RaftStorage:Storage Directory /workdir/hadoop-ozone/integration-test/target/test-dir/MiniOzoneClusterImpl-b0e78f8e-0219-4c29-81a4-92a46718b188/datanode-1/data/ratis/b028db63-28ec-4619-888c-baec35ed322c
2019-08-19 03:39:30,432 INFO  server.RaftServerConfigKeys (ConfUtils.java:logGet(43)) - raft.server.log.queue.byte-limit = 2147483647 (custom)
2019-08-19 03:39:30,432 INFO  server.RaftServerConfigKeys (ConfUtils.java:logGet(43)) - raft.server.log.queue.element-limit = 1024 (custom)
2019-08-19 03:39:30,432 INFO  server.RaftServerConfigKeys (ConfUtils.java:logGet(43)) - raft.server.log.segment.size.max = 1048576 (custom)
2019-08-19 03:39:30,432 INFO  server.RaftServerConfigKeys (ConfUtils.java:logGet(43)) - raft.server.log.preallocated.size = 16384 (custom)
2019-08-19 03:39:30,432 INFO  server.RaftServerConfigKeys (ConfUtils.java:logGet(43)) - raft.server.log.write.buffer.size = 33554432 (custom)
2019-08-19 03:39:30,433 INFO  server.RaftServerConfigKeys (ConfUtils.java:logGet(43)) - raft.server.log.force.sync.num = 128 (default)
2019-08-19 03:39:30,433 INFO  server.RaftServerConfigKeys (ConfUtils.java:logGet(43)) - raft.server.log.statemachine.data.sync = true (default)
2019-08-19 03:39:30,433 INFO  server.RaftServerConfigKeys (ConfUtils.java:logGet(43)) - raft.server.log.statemachine.data.sync.timeout = 10s (default)
2019-08-19 03:39:30,433 INFO  server.RaftServerConfigKeys (ConfUtils.java:logGet(43)) - raft.server.log.statemachine.data.sync.timeout.retry = -1 (default)
2019-08-19 03:39:30,433 INFO  server.RaftServerConfigKeys (ConfUtils.java:logGet(43)) - raft.server.log.statemachine.data.caching.enabled = true (custom)
2019-08-19 03:39:30,434 INFO  segmented.SegmentedRaftLogWorker (SegmentedRaftLogWorker.java:lambda$new$0(132)) - 07b680a3-1247-4695-b0a1-a55b43de70d2-SegmentedRaftLogWorker:Storage Directory /workdir/hadoop-ozone/integration-test/target/test-dir/MiniOzoneClusterImpl-b0e78f8e-0219-4c29-81a4-92a46718b188/datanode-1/data/ratis/b028db63-28ec-4619-888c-baec35ed322c: flushIndex: setUnconditionally 0 -> -1
2019-08-19 03:39:30,434 INFO  server.RaftServerConfigKeys (ConfUtils.java:logGet(43)) - raft.server.snapshot.auto.trigger.enabled = true (custom)
2019-08-19 03:39:30,434 INFO  server.RaftServerConfigKeys (ConfUtils.java:logGet(43)) - raft.server.snapshot.auto.trigger.threshold = 10000 (custom)
2019-08-19 03:39:30,434 INFO  server.RaftServerConfigKeys (ConfUtils.java:logGet(43)) - raft.server.retrycache.expirytime = 600000ms (custom)
2019-08-19 03:39:30,434 INFO  impl.RaftServerImpl (RaftServerImpl.java:start(180)) - 07b680a3-1247-4695-b0a1-a55b43de70d2: start group-BAEC35ED322C
2019-08-19 03:39:30,434 INFO  impl.RaftServerImpl (RaftServerImpl.java:setRole(171)) - 07b680a3-1247-4695-b0a1-a55b43de70d2:group-BAEC35ED322C changes role from null to FOLLOWER at term 0 for startAsFollower
2019-08-19 03:39:30,435 INFO  impl.RoleInfo (RoleInfo.java:updateAndGet(143)) - 07b680a3-1247-4695-b0a1-a55b43de70d2: start FollowerState
2019-08-19 03:39:30,435 INFO  util.JmxRegister (JmxRegister.java:tryRegister(44)) - Successfully registered JMX Bean with object name Ratis:service=RaftServer,group=group-BAEC35ED322C,id=07b680a3-1247-4695-b0a1-a55b43de70d2
2019-08-19 03:39:30,437 INFO  pipeline.PipelineStateManager (PipelineStateManager.java:addPipeline(56)) - Created pipeline Pipeline[ Id: b028db63-28ec-4619-888c-baec35ed322c, Nodes: 07b680a3-1247-4695-b0a1-a55b43de70d2{ip: 192.168.5.186, host: byscane-nightly-s779g-3358254982, networkLocation: /default-rack, certSerialId: null}, Type:RATIS, Factor:ONE, State:OPEN]
2019-08-19 03:39:30,604 INFO  net.NetworkTopology (NetworkTopologyImpl.java:add(110)) - Added a new node: /default-rack/fb94fa56-34bc-4ed4-976f-328d7d7f96e9
2019-08-19 03:39:30,604 INFO  node.SCMNodeManager (SCMNodeManager.java:register(273)) - Registered Data node : fb94fa56-34bc-4ed4-976f-328d7d7f96e9{ip: 192.168.5.186, host: byscane-nightly-s779g-3358254982, networkLocation: /default-rack, certSerialId: null}
2019-08-19 03:39:30,611 INFO  impl.RaftServerProxy (RaftServerProxy.java:addNew(89)) - fb94fa56-34bc-4ed4-976f-328d7d7f96e9: addNew group-74A37346CAE6:[fb94fa56-34bc-4ed4-976f-328d7d7f96e9:192.168.5.186:45542] returns group-74A37346CAE6:java.util.concurrent.CompletableFuture@42320673[Not completed]
2019-08-19 03:39:30,612 INFO  impl.RaftServerImpl (RaftServerImpl.java:<init>(93)) - fb94fa56-34bc-4ed4-976f-328d7d7f96e9: new RaftServerImpl for group-74A37346CAE6:[fb94fa56-34bc-4ed4-976f-328d7d7f96e9:192.168.5.186:45542] with ContainerStateMachine:uninitialized
2019-08-19 03:39:30,613 INFO  server.RaftServerConfigKeys (ConfUtils.java:logGet(43)) - raft.server.rpc.timeout.min = 5s (custom)
2019-08-19 03:39:30,613 INFO  server.RaftServerConfigKeys (ConfUtils.java:logGet(43)) - raft.server.rpc.timeout.max = 5200ms (custom)
2019-08-19 03:39:30,613 INFO  server.RaftServerConfigKeys (ConfUtils.java:logGet(43)) - raft.server.rpcslowness.timeout = 120s (custom)
2019-08-19 03:39:30,613 INFO  server.RaftServerConfigKeys (ConfUtils.java:logGet(43)) - raft.server.sleep.deviation.threshold = 300 (default)
2019-08-19 03:39:30,613 INFO  server.RaftServerConfigKeys (ConfUtils.java:logGet(43)) - raft.server.log.appender.install.snapshot.enabled = false (custom)
2019-08-19 03:39:30,613 INFO  impl.RaftServerImpl (ServerState.java:<init>(105)) - fb94fa56-34bc-4ed4-976f-328d7d7f96e9:group-74A37346CAE6 ConfigurationManager, init=-1: [fb94fa56-34bc-4ed4-976f-328d7d7f96e9:192.168.5.186:45542], old=null, confs=<EMPTY_MAP>
2019-08-19 03:39:30,614 INFO  server.RaftServerConfigKeys (ConfUtils.java:logGet(43)) - raft.server.storage.dir = [/workdir/hadoop-ozone/integration-test/target/test-dir/MiniOzoneClusterImpl-b0e78f8e-0219-4c29-81a4-92a46718b188/datanode-2/data/ratis] (custom)
2019-08-19 03:39:30,614 INFO  storage.RaftStorageDirectory (RaftStorageDirectory.java:analyzeStorage(246)) - The storage directory /workdir/hadoop-ozone/integration-test/target/test-dir/MiniOzoneClusterImpl-b0e78f8e-0219-4c29-81a4-92a46718b188/datanode-2/data/ratis/55bb6202-20fa-4fad-8cce-74a37346cae6 does not exist. Creating ...
2019-08-19 03:39:30,627 INFO  storage.RaftStorageDirectory (RaftStorageDirectory.java:tryLock(328)) - Lock on /workdir/hadoop-ozone/integration-test/target/test-dir/MiniOzoneClusterImpl-b0e78f8e-0219-4c29-81a4-92a46718b188/datanode-2/data/ratis/55bb6202-20fa-4fad-8cce-74a37346cae6/in_use.lock acquired by nodename 28932@byscane-nightly-s779g-3358254982
2019-08-19 03:39:30,639 INFO  ozone.MiniOzoneClusterImpl (MiniOzoneClusterImpl.java:lambda$waitForClusterToBeReady$0(142)) - Waiting for cluster to be ready. Got 3 of 7 DN Heartbeats.
2019-08-19 03:39:30,642 INFO  storage.RaftStorage (RaftStorage.java:format(72)) - Storage directory /workdir/hadoop-ozone/integration-test/target/test-dir/MiniOzoneClusterImpl-b0e78f8e-0219-4c29-81a4-92a46718b188/datanode-2/data/ratis/55bb6202-20fa-4fad-8cce-74a37346cae6 has been successfully formatted.
2019-08-19 03:39:30,643 INFO  ratis.ContainerStateMachine (ContainerStateMachine.java:loadSnapshot(213)) - group-74A37346CAE6: The snapshot info is null. Setting the last applied indexto:(t:0, i:~)
2019-08-19 03:39:30,643 INFO  server.RaftServerConfigKeys (ConfUtils.java:logGet(43)) - raft.server.leader.election.timeout = 120s (custom)
2019-08-19 03:39:30,643 INFO  server.RaftServerConfigKeys (ConfUtils.java:logGet(43)) - raft.server.log.use.memory = false (default)
2019-08-19 03:39:30,643 INFO  server.RaftServerConfigKeys (ConfUtils.java:logGet(43)) - raft.server.log.purge.gap = 1000000000 (custom)
2019-08-19 03:39:30,644 INFO  server.RaftServerConfigKeys (ConfUtils.java:logGet(43)) - raft.server.log.appender.buffer.byte-limit = 33554432 (custom)
2019-08-19 03:39:30,644 INFO  server.RaftServerConfigKeys (ConfUtils.java:logGet(43)) - raft.server.log.segment.size.max = 1048576 (custom)
2019-08-19 03:39:30,644 INFO  server.RaftServerConfigKeys (ConfUtils.java:logGet(43)) - raft.server.log.segment.cache.num.max = 2 (custom)
2019-08-19 03:39:30,644 INFO  segmented.SegmentedRaftLogWorker (SegmentedRaftLogWorker.java:<init>(172)) - new fb94fa56-34bc-4ed4-976f-328d7d7f96e9-SegmentedRaftLogWorker:Storage Directory /workdir/hadoop-ozone/integration-test/target/test-dir/MiniOzoneClusterImpl-b0e78f8e-0219-4c29-81a4-92a46718b188/datanode-2/data/ratis/55bb6202-20fa-4fad-8cce-74a37346cae6 for RaftStorage:Storage Directory /workdir/hadoop-ozone/integration-test/target/test-dir/MiniOzoneClusterImpl-b0e78f8e-0219-4c29-81a4-92a46718b188/datanode-2/data/ratis/55bb6202-20fa-4fad-8cce-74a37346cae6
2019-08-19 03:39:30,644 INFO  server.RaftServerConfigKeys (ConfUtils.java:logGet(43)) - raft.server.log.queue.byte-limit = 2147483647 (custom)
2019-08-19 03:39:30,644 INFO  server.RaftServerConfigKeys (ConfUtils.java:logGet(43)) - raft.server.log.queue.element-limit = 1024 (custom)
2019-08-19 03:39:30,645 INFO  server.RaftServerConfigKeys (ConfUtils.java:logGet(43)) - raft.server.log.segment.size.max = 1048576 (custom)
2019-08-19 03:39:30,645 INFO  server.RaftServerConfigKeys (ConfUtils.java:logGet(43)) - raft.server.log.preallocated.size = 16384 (custom)
2019-08-19 03:39:30,645 INFO  server.RaftServerConfigKeys (ConfUtils.java:logGet(43)) - raft.server.log.write.buffer.size = 33554432 (custom)
2019-08-19 03:39:30,645 INFO  server.RaftServerConfigKeys (ConfUtils.java:logGet(43)) - raft.server.log.force.sync.num = 128 (default)
2019-08-19 03:39:30,645 INFO  server.RaftServerConfigKeys (ConfUtils.java:logGet(43)) - raft.server.log.statemachine.data.sync = true (default)
2019-08-19 03:39:30,645 INFO  server.RaftServerConfigKeys (ConfUtils.java:logGet(43)) - raft.server.log.statemachine.data.sync.timeout = 10s (default)
2019-08-19 03:39:30,646 INFO  server.RaftServerConfigKeys (ConfUtils.java:logGet(43)) - raft.server.log.statemachine.data.sync.timeout.retry = -1 (default)
2019-08-19 03:39:30,646 INFO  server.RaftServerConfigKeys (ConfUtils.java:logGet(43)) - raft.server.log.statemachine.data.caching.enabled = true (custom)
2019-08-19 03:39:30,646 INFO  segmented.SegmentedRaftLogWorker (SegmentedRaftLogWorker.java:lambda$new$0(132)) - fb94fa56-34bc-4ed4-976f-328d7d7f96e9-SegmentedRaftLogWorker:Storage Directory /workdir/hadoop-ozone/integration-test/target/test-dir/MiniOzoneClusterImpl-b0e78f8e-0219-4c29-81a4-92a46718b188/datanode-2/data/ratis/55bb6202-20fa-4fad-8cce-74a37346cae6: flushIndex: setUnconditionally 0 -> -1
2019-08-19 03:39:30,647 INFO  server.RaftServerConfigKeys (ConfUtils.java:logGet(43)) - raft.server.snapshot.auto.trigger.enabled = true (custom)
2019-08-19 03:39:30,647 INFO  server.RaftServerConfigKeys (ConfUtils.java:logGet(43)) - raft.server.snapshot.auto.trigger.threshold = 10000 (custom)
2019-08-19 03:39:30,647 INFO  server.RaftServerConfigKeys (ConfUtils.java:logGet(43)) - raft.server.retrycache.expirytime = 600000ms (custom)
2019-08-19 03:39:30,647 INFO  impl.RaftServerImpl (RaftServerImpl.java:start(180)) - fb94fa56-34bc-4ed4-976f-328d7d7f96e9: start group-74A37346CAE6
2019-08-19 03:39:30,647 INFO  impl.RaftServerImpl (RaftServerImpl.java:setRole(171)) - fb94fa56-34bc-4ed4-976f-328d7d7f96e9:group-74A37346CAE6 changes role from null to FOLLOWER at term 0 for startAsFollower
2019-08-19 03:39:30,648 INFO  impl.RoleInfo (RoleInfo.java:updateAndGet(143)) - fb94fa56-34bc-4ed4-976f-328d7d7f96e9: start FollowerState
2019-08-19 03:39:30,648 INFO  util.JmxRegister (JmxRegister.java:tryRegister(44)) - Successfully registered JMX Bean with object name Ratis:service=RaftServer,group=group-74A37346CAE6,id=fb94fa56-34bc-4ed4-976f-328d7d7f96e9
2019-08-19 03:39:30,650 INFO  pipeline.PipelineStateManager (PipelineStateManager.java:addPipeline(56)) - Created pipeline Pipeline[ Id: 55bb6202-20fa-4fad-8cce-74a37346cae6, Nodes: fb94fa56-34bc-4ed4-976f-328d7d7f96e9{ip: 192.168.5.186, host: byscane-nightly-s779g-3358254982, networkLocation: /default-rack, certSerialId: null}, Type:RATIS, Factor:ONE, State:OPEN]
2019-08-19 03:39:30,668 INFO  impl.RaftServerProxy (RaftServerProxy.java:addNew(89)) - 07b680a3-1247-4695-b0a1-a55b43de70d2: addNew group-5CCD76D0AA69:[29e30134-aa92-4c4c-97e3-3bc595c84317:192.168.5.186:39686, fb94fa56-34bc-4ed4-976f-328d7d7f96e9:192.168.5.186:45542, 07b680a3-1247-4695-b0a1-a55b43de70d2:192.168.5.186:37215] returns group-5CCD76D0AA69:java.util.concurrent.CompletableFuture@30ac0eaa[Not completed]
2019-08-19 03:39:30,669 INFO  impl.RaftServerProxy (RaftServerProxy.java:addNew(89)) - fb94fa56-34bc-4ed4-976f-328d7d7f96e9: addNew group-5CCD76D0AA69:[29e30134-aa92-4c4c-97e3-3bc595c84317:192.168.5.186:39686, fb94fa56-34bc-4ed4-976f-328d7d7f96e9:192.168.5.186:45542, 07b680a3-1247-4695-b0a1-a55b43de70d2:192.168.5.186:37215] returns group-5CCD76D0AA69:java.util.concurrent.CompletableFuture@73973ba1[Not completed]
2019-08-19 03:39:30,669 INFO  impl.RaftServerProxy (RaftServerProxy.java:addNew(89)) - 29e30134-aa92-4c4c-97e3-3bc595c84317: addNew group-5CCD76D0AA69:[29e30134-aa92-4c4c-97e3-3bc595c84317:192.168.5.186:39686, fb94fa56-34bc-4ed4-976f-328d7d7f96e9:192.168.5.186:45542, 07b680a3-1247-4695-b0a1-a55b43de70d2:192.168.5.186:37215] returns group-5CCD76D0AA69:java.util.concurrent.CompletableFuture@49be6e00[Not completed]
2019-08-19 03:39:30,669 INFO  impl.RaftServerImpl (RaftServerImpl.java:<init>(93)) - 07b680a3-1247-4695-b0a1-a55b43de70d2: new RaftServerImpl for group-5CCD76D0AA69:[29e30134-aa92-4c4c-97e3-3bc595c84317:192.168.5.186:39686, fb94fa56-34bc-4ed4-976f-328d7d7f96e9:192.168.5.186:45542, 07b680a3-1247-4695-b0a1-a55b43de70d2:192.168.5.186:37215] with ContainerStateMachine:uninitialized
2019-08-19 03:39:30,670 INFO  server.RaftServerConfigKeys (ConfUtils.java:logGet(43)) - raft.server.rpc.timeout.min = 5s (custom)
2019-08-19 03:39:30,670 INFO  server.RaftServerConfigKeys (ConfUtils.java:logGet(43)) - raft.server.rpc.timeout.max = 5200ms (custom)
2019-08-19 03:39:30,670 INFO  impl.RaftServerImpl (RaftServerImpl.java:<init>(93)) - 29e30134-aa92-4c4c-97e3-3bc595c84317: new RaftServerImpl for group-5CCD76D0AA69:[29e30134-aa92-4c4c-97e3-3bc595c84317:192.168.5.186:39686, fb94fa56-34bc-4ed4-976f-328d7d7f96e9:192.168.5.186:45542, 07b680a3-1247-4695-b0a1-a55b43de70d2:192.168.5.186:37215] with ContainerStateMachine:uninitialized
2019-08-19 03:39:30,670 INFO  server.RaftServerConfigKeys (ConfUtils.java:logGet(43)) - raft.server.rpcslowness.timeout = 120s (custom)
2019-08-19 03:39:30,670 INFO  server.RaftServerConfigKeys (ConfUtils.java:logGet(43)) - raft.server.rpc.timeout.min = 5s (custom)
2019-08-19 03:39:30,670 INFO  server.RaftServerConfigKeys (ConfUtils.java:logGet(43)) - raft.server.sleep.deviation.threshold = 300 (default)
2019-08-19 03:39:30,671 INFO  impl.RaftServerImpl (RaftServerImpl.java:<init>(93)) - fb94fa56-34bc-4ed4-976f-328d7d7f96e9: new RaftServerImpl for group-5CCD76D0AA69:[29e30134-aa92-4c4c-97e3-3bc595c84317:192.168.5.186:39686, fb94fa56-34bc-4ed4-976f-328d7d7f96e9:192.168.5.186:45542, 07b680a3-1247-4695-b0a1-a55b43de70d2:192.168.5.186:37215] with ContainerStateMachine:uninitialized
2019-08-19 03:39:30,671 INFO  server.RaftServerConfigKeys (ConfUtils.java:logGet(43)) - raft.server.rpc.timeout.max = 5200ms (custom)
2019-08-19 03:39:30,671 INFO  server.RaftServerConfigKeys (ConfUtils.java:logGet(43)) - raft.server.rpc.timeout.min = 5s (custom)
2019-08-19 03:39:30,671 INFO  server.RaftServerConfigKeys (ConfUtils.java:logGet(43)) - raft.server.log.appender.install.snapshot.enabled = false (custom)
2019-08-19 03:39:30,671 INFO  server.RaftServerConfigKeys (ConfUtils.java:logGet(43)) - raft.server.rpc.timeout.max = 5200ms (custom)
2019-08-19 03:39:30,671 INFO  server.RaftServerConfigKeys (ConfUtils.java:logGet(43)) - raft.server.rpcslowness.timeout = 120s (custom)
2019-08-19 03:39:30,671 INFO  server.RaftServerConfigKeys (ConfUtils.java:logGet(43)) - raft.server.rpcslowness.timeout = 120s (custom)
2019-08-19 03:39:30,671 INFO  impl.RaftServerImpl (ServerState.java:<init>(105)) - 07b680a3-1247-4695-b0a1-a55b43de70d2:group-5CCD76D0AA69 ConfigurationManager, init=-1: [29e30134-aa92-4c4c-97e3-3bc595c84317:192.168.5.186:39686, fb94fa56-34bc-4ed4-976f-328d7d7f96e9:192.168.5.186:45542, 07b680a3-1247-4695-b0a1-a55b43de70d2:192.168.5.186:37215], old=null, confs=<EMPTY_MAP>
2019-08-19 03:39:30,672 INFO  server.RaftServerConfigKeys (ConfUtils.java:logGet(43)) - raft.server.sleep.deviation.threshold = 300 (default)
2019-08-19 03:39:30,672 INFO  server.RaftServerConfigKeys (ConfUtils.java:logGet(43)) - raft.server.sleep.deviation.threshold = 300 (default)
2019-08-19 03:39:30,672 INFO  server.RaftServerConfigKeys (ConfUtils.java:logGet(43)) - raft.server.log.appender.install.snapshot.enabled = false (custom)
2019-08-19 03:39:30,672 INFO  server.RaftServerConfigKeys (ConfUtils.java:logGet(43)) - raft.server.storage.dir = [/workdir/hadoop-ozone/integration-test/target/test-dir/MiniOzoneClusterImpl-b0e78f8e-0219-4c29-81a4-92a46718b188/datanode-1/data/ratis] (custom)
2019-08-19 03:39:30,672 INFO  impl.RaftServerImpl (ServerState.java:<init>(105)) - fb94fa56-34bc-4ed4-976f-328d7d7f96e9:group-5CCD76D0AA69 ConfigurationManager, init=-1: [29e30134-aa92-4c4c-97e3-3bc595c84317:192.168.5.186:39686, fb94fa56-34bc-4ed4-976f-328d7d7f96e9:192.168.5.186:45542, 07b680a3-1247-4695-b0a1-a55b43de70d2:192.168.5.186:37215], old=null, confs=<EMPTY_MAP>
2019-08-19 03:39:30,672 INFO  server.RaftServerConfigKeys (ConfUtils.java:logGet(43)) - raft.server.log.appender.install.snapshot.enabled = false (custom)
2019-08-19 03:39:30,673 INFO  server.RaftServerConfigKeys (ConfUtils.java:logGet(43)) - raft.server.storage.dir = [/workdir/hadoop-ozone/integration-test/target/test-dir/MiniOzoneClusterImpl-b0e78f8e-0219-4c29-81a4-92a46718b188/datanode-2/data/ratis] (custom)
2019-08-19 03:39:30,673 INFO  impl.RaftServerImpl (ServerState.java:<init>(105)) - 29e30134-aa92-4c4c-97e3-3bc595c84317:group-5CCD76D0AA69 ConfigurationManager, init=-1: [29e30134-aa92-4c4c-97e3-3bc595c84317:192.168.5.186:39686, fb94fa56-34bc-4ed4-976f-328d7d7f96e9:192.168.5.186:45542, 07b680a3-1247-4695-b0a1-a55b43de70d2:192.168.5.186:37215], old=null, confs=<EMPTY_MAP>
2019-08-19 03:39:30,673 INFO  storage.RaftStorageDirectory (RaftStorageDirectory.java:analyzeStorage(246)) - The storage directory /workdir/hadoop-ozone/integration-test/target/test-dir/MiniOzoneClusterImpl-b0e78f8e-0219-4c29-81a4-92a46718b188/datanode-1/data/ratis/2e9bd0f1-af17-4c1c-b5d8-5ccd76d0aa69 does not exist. Creating ...
2019-08-19 03:39:30,673 INFO  storage.RaftStorageDirectory (RaftStorageDirectory.java:analyzeStorage(246)) - The storage directory /workdir/hadoop-ozone/integration-test/target/test-dir/MiniOzoneClusterImpl-b0e78f8e-0219-4c29-81a4-92a46718b188/datanode-2/data/ratis/2e9bd0f1-af17-4c1c-b5d8-5ccd76d0aa69 does not exist. Creating ...
2019-08-19 03:39:30,673 INFO  server.RaftServerConfigKeys (ConfUtils.java:logGet(43)) - raft.server.storage.dir = [/workdir/hadoop-ozone/integration-test/target/test-dir/MiniOzoneClusterImpl-b0e78f8e-0219-4c29-81a4-92a46718b188/datanode-0/data/ratis] (custom)
2019-08-19 03:39:30,674 INFO  storage.RaftStorageDirectory (RaftStorageDirectory.java:analyzeStorage(246)) - The storage directory /workdir/hadoop-ozone/integration-test/target/test-dir/MiniOzoneClusterImpl-b0e78f8e-0219-4c29-81a4-92a46718b188/datanode-0/data/ratis/2e9bd0f1-af17-4c1c-b5d8-5ccd76d0aa69 does not exist. Creating ...
2019-08-19 03:39:30,686 INFO  storage.RaftStorageDirectory (RaftStorageDirectory.java:tryLock(328)) - Lock on /workdir/hadoop-ozone/integration-test/target/test-dir/MiniOzoneClusterImpl-b0e78f8e-0219-4c29-81a4-92a46718b188/datanode-2/data/ratis/2e9bd0f1-af17-4c1c-b5d8-5ccd76d0aa69/in_use.lock acquired by nodename 28932@byscane-nightly-s779g-3358254982
2019-08-19 03:39:30,686 INFO  storage.RaftStorageDirectory (RaftStorageDirectory.java:tryLock(328)) - Lock on /workdir/hadoop-ozone/integration-test/target/test-dir/MiniOzoneClusterImpl-b0e78f8e-0219-4c29-81a4-92a46718b188/datanode-1/data/ratis/2e9bd0f1-af17-4c1c-b5d8-5ccd76d0aa69/in_use.lock acquired by nodename 28932@byscane-nightly-s779g-3358254982
2019-08-19 03:39:30,686 INFO  storage.RaftStorageDirectory (RaftStorageDirectory.java:tryLock(328)) - Lock on /workdir/hadoop-ozone/integration-test/target/test-dir/MiniOzoneClusterImpl-b0e78f8e-0219-4c29-81a4-92a46718b188/datanode-0/data/ratis/2e9bd0f1-af17-4c1c-b5d8-5ccd76d0aa69/in_use.lock acquired by nodename 28932@byscane-nightly-s779g-3358254982
2019-08-19 03:39:30,711 INFO  storage.RaftStorage (RaftStorage.java:format(72)) - Storage directory /workdir/hadoop-ozone/integration-test/target/test-dir/MiniOzoneClusterImpl-b0e78f8e-0219-4c29-81a4-92a46718b188/datanode-2/data/ratis/2e9bd0f1-af17-4c1c-b5d8-5ccd76d0aa69 has been successfully formatted.
2019-08-19 03:39:30,711 INFO  storage.RaftStorage (RaftStorage.java:format(72)) - Storage directory /workdir/hadoop-ozone/integration-test/target/test-dir/MiniOzoneClusterImpl-b0e78f8e-0219-4c29-81a4-92a46718b188/datanode-0/data/ratis/2e9bd0f1-af17-4c1c-b5d8-5ccd76d0aa69 has been successfully formatted.
2019-08-19 03:39:30,712 INFO  ratis.ContainerStateMachine (ContainerStateMachine.java:loadSnapshot(213)) - group-5CCD76D0AA69: The snapshot info is null. Setting the last applied indexto:(t:0, i:~)
2019-08-19 03:39:30,711 INFO  storage.RaftStorage (RaftStorage.java:format(72)) - Storage directory /workdir/hadoop-ozone/integration-test/target/test-dir/MiniOzoneClusterImpl-b0e78f8e-0219-4c29-81a4-92a46718b188/datanode-1/data/ratis/2e9bd0f1-af17-4c1c-b5d8-5ccd76d0aa69 has been successfully formatted.
2019-08-19 03:39:30,712 INFO  server.RaftServerConfigKeys (ConfUtils.java:logGet(43)) - raft.server.leader.election.timeout = 120s (custom)
2019-08-19 03:39:30,712 INFO  ratis.ContainerStateMachine (ContainerStateMachine.java:loadSnapshot(213)) - group-5CCD76D0AA69: The snapshot info is null. Setting the last applied indexto:(t:0, i:~)
2019-08-19 03:39:30,712 INFO  server.RaftServerConfigKeys (ConfUtils.java:logGet(43)) - raft.server.log.use.memory = false (default)
2019-08-19 03:39:30,712 INFO  server.RaftServerConfigKeys (ConfUtils.java:logGet(43)) - raft.server.leader.election.timeout = 120s (custom)
2019-08-19 03:39:30,712 INFO  ratis.ContainerStateMachine (ContainerStateMachine.java:loadSnapshot(213)) - group-5CCD76D0AA69: The snapshot info is null. Setting the last applied indexto:(t:0, i:~)
2019-08-19 03:39:30,712 INFO  server.RaftServerConfigKeys (ConfUtils.java:logGet(43)) - raft.server.log.purge.gap = 1000000000 (custom)
2019-08-19 03:39:30,713 INFO  server.RaftServerConfigKeys (ConfUtils.java:logGet(43)) - raft.server.leader.election.timeout = 120s (custom)
2019-08-19 03:39:30,712 INFO  server.RaftServerConfigKeys (ConfUtils.java:logGet(43)) - raft.server.log.use.memory = false (default)
2019-08-19 03:39:30,713 INFO  server.RaftServerConfigKeys (ConfUtils.java:logGet(43)) - raft.server.log.use.memory = false (default)
2019-08-19 03:39:30,713 INFO  server.RaftServerConfigKeys (ConfUtils.java:logGet(43)) - raft.server.log.appender.buffer.byte-limit = 33554432 (custom)
2019-08-19 03:39:30,713 INFO  server.RaftServerConfigKeys (ConfUtils.java:logGet(43)) - raft.server.log.purge.gap = 1000000000 (custom)
2019-08-19 03:39:30,713 INFO  server.RaftServerConfigKeys (ConfUtils.java:logGet(43)) - raft.server.log.purge.gap = 1000000000 (custom)
2019-08-19 03:39:30,713 INFO  server.RaftServerConfigKeys (ConfUtils.java:logGet(43)) - raft.server.log.appender.buffer.byte-limit = 33554432 (custom)
2019-08-19 03:39:30,713 INFO  server.RaftServerConfigKeys (ConfUtils.java:logGet(43)) - raft.server.log.segment.size.max = 1048576 (custom)
2019-08-19 03:39:30,714 INFO  server.RaftServerConfigKeys (ConfUtils.java:logGet(43)) - raft.server.log.segment.size.max = 1048576 (custom)
2019-08-19 03:39:30,714 INFO  server.RaftServerConfigKeys (ConfUtils.java:logGet(43)) - raft.server.log.segment.cache.num.max = 2 (custom)
2019-08-19 03:39:30,714 INFO  server.RaftServerConfigKeys (ConfUtils.java:logGet(43)) - raft.server.log.appender.buffer.byte-limit = 33554432 (custom)
2019-08-19 03:39:30,714 INFO  segmented.SegmentedRaftLogWorker (SegmentedRaftLogWorker.java:<init>(172)) - new 29e30134-aa92-4c4c-97e3-3bc595c84317-SegmentedRaftLogWorker:Storage Directory /workdir/hadoop-ozone/integration-test/target/test-dir/MiniOzoneClusterImpl-b0e78f8e-0219-4c29-81a4-92a46718b188/datanode-0/data/ratis/2e9bd0f1-af17-4c1c-b5d8-5ccd76d0aa69 for RaftStorage:Storage Directory /workdir/hadoop-ozone/integration-test/target/test-dir/MiniOzoneClusterImpl-b0e78f8e-0219-4c29-81a4-92a46718b188/datanode-0/data/ratis/2e9bd0f1-af17-4c1c-b5d8-5ccd76d0aa69
2019-08-19 03:39:30,714 INFO  server.RaftServerConfigKeys (ConfUtils.java:logGet(43)) - raft.server.log.segment.cache.num.max = 2 (custom)
2019-08-19 03:39:30,714 INFO  server.RaftServerConfigKeys (ConfUtils.java:logGet(43)) - raft.server.log.queue.byte-limit = 2147483647 (custom)
2019-08-19 03:39:30,714 INFO  server.RaftServerConfigKeys (ConfUtils.java:logGet(43)) - raft.server.log.segment.size.max = 1048576 (custom)
2019-08-19 03:39:30,715 INFO  server.RaftServerConfigKeys (ConfUtils.java:logGet(43)) - raft.server.log.queue.element-limit = 1024 (custom)
2019-08-19 03:39:30,715 INFO  segmented.SegmentedRaftLogWorker (SegmentedRaftLogWorker.java:<init>(172)) - new fb94fa56-34bc-4ed4-976f-328d7d7f96e9-SegmentedRaftLogWorker:Storage Directory /workdir/hadoop-ozone/integration-test/target/test-dir/MiniOzoneClusterImpl-b0e78f8e-0219-4c29-81a4-92a46718b188/datanode-2/data/ratis/2e9bd0f1-af17-4c1c-b5d8-5ccd76d0aa69 for RaftStorage:Storage Directory /workdir/hadoop-ozone/integration-test/target/test-dir/MiniOzoneClusterImpl-b0e78f8e-0219-4c29-81a4-92a46718b188/datanode-2/data/ratis/2e9bd0f1-af17-4c1c-b5d8-5ccd76d0aa69
2019-08-19 03:39:30,715 INFO  server.RaftServerConfigKeys (ConfUtils.java:logGet(43)) - raft.server.log.segment.size.max = 1048576 (custom)
2019-08-19 03:39:30,715 INFO  server.RaftServerConfigKeys (ConfUtils.java:logGet(43)) - raft.server.log.preallocated.size = 16384 (custom)
2019-08-19 03:39:30,715 INFO  server.RaftServerConfigKeys (ConfUtils.java:logGet(43)) - raft.server.log.segment.cache.num.max = 2 (custom)
2019-08-19 03:39:30,715 INFO  server.RaftServerConfigKeys (ConfUtils.java:logGet(43)) - raft.server.log.write.buffer.size = 33554432 (custom)
2019-08-19 03:39:30,715 INFO  server.RaftServerConfigKeys (ConfUtils.java:logGet(43)) - raft.server.log.queue.byte-limit = 2147483647 (custom)
2019-08-19 03:39:30,716 INFO  server.RaftServerConfigKeys (ConfUtils.java:logGet(43)) - raft.server.log.force.sync.num = 128 (default)
2019-08-19 03:39:30,716 INFO  server.RaftServerConfigKeys (ConfUtils.java:logGet(43)) - raft.server.log.statemachine.data.sync = true (default)
2019-08-19 03:39:30,716 INFO  segmented.SegmentedRaftLogWorker (SegmentedRaftLogWorker.java:<init>(172)) - new 07b680a3-1247-4695-b0a1-a55b43de70d2-SegmentedRaftLogWorker:Storage Directory /workdir/hadoop-ozone/integration-test/target/test-dir/MiniOzoneClusterImpl-b0e78f8e-0219-4c29-81a4-92a46718b188/datanode-1/data/ratis/2e9bd0f1-af17-4c1c-b5d8-5ccd76d0aa69 for RaftStorage:Storage Directory /workdir/hadoop-ozone/integration-test/target/test-dir/MiniOzoneClusterImpl-b0e78f8e-0219-4c29-81a4-92a46718b188/datanode-1/data/ratis/2e9bd0f1-af17-4c1c-b5d8-5ccd76d0aa69
2019-08-19 03:39:30,716 INFO  server.RaftServerConfigKeys (ConfUtils.java:logGet(43)) - raft.server.log.statemachine.data.sync.timeout = 10s (default)
2019-08-19 03:39:30,717 INFO  server.RaftServerConfigKeys (ConfUtils.java:logGet(43)) - raft.server.log.statemachine.data.sync.timeout.retry = -1 (default)
2019-08-19 03:39:30,716 INFO  server.RaftServerConfigKeys (ConfUtils.java:logGet(43)) - raft.server.log.queue.element-limit = 1024 (custom)
2019-08-19 03:39:30,717 INFO  server.RaftServerConfigKeys (ConfUtils.java:logGet(43)) - raft.server.log.statemachine.data.caching.enabled = true (custom)
2019-08-19 03:39:30,716 INFO  server.RaftServerConfigKeys (ConfUtils.java:logGet(43)) - raft.server.log.queue.byte-limit = 2147483647 (custom)
2019-08-19 03:39:30,717 INFO  segmented.SegmentedRaftLogWorker (SegmentedRaftLogWorker.java:lambda$new$0(132)) - 29e30134-aa92-4c4c-97e3-3bc595c84317-SegmentedRaftLogWorker:Storage Directory /workdir/hadoop-ozone/integration-test/target/test-dir/MiniOzoneClusterImpl-b0e78f8e-0219-4c29-81a4-92a46718b188/datanode-0/data/ratis/2e9bd0f1-af17-4c1c-b5d8-5ccd76d0aa69: flushIndex: setUnconditionally 0 -> -1
2019-08-19 03:39:30,717 INFO  server.RaftServerConfigKeys (ConfUtils.java:logGet(43)) - raft.server.log.segment.size.max = 1048576 (custom)
2019-08-19 03:39:30,717 INFO  server.RaftServerConfigKeys (ConfUtils.java:logGet(43)) - raft.server.log.queue.element-limit = 1024 (custom)
2019-08-19 03:39:30,718 INFO  server.RaftServerConfigKeys (ConfUtils.java:logGet(43)) - raft.server.snapshot.auto.trigger.enabled = true (custom)
2019-08-19 03:39:30,718 INFO  server.RaftServerConfigKeys (ConfUtils.java:logGet(43)) - raft.server.log.preallocated.size = 16384 (custom)
2019-08-19 03:39:30,718 INFO  server.RaftServerConfigKeys (ConfUtils.java:logGet(43)) - raft.server.snapshot.auto.trigger.threshold = 10000 (custom)
2019-08-19 03:39:30,718 INFO  server.RaftServerConfigKeys (ConfUtils.java:logGet(43)) - raft.server.log.segment.size.max = 1048576 (custom)
2019-08-19 03:39:30,718 INFO  server.RaftServerConfigKeys (ConfUtils.java:logGet(43)) - raft.server.retrycache.expirytime = 600000ms (custom)
2019-08-19 03:39:30,718 INFO  server.RaftServerConfigKeys (ConfUtils.java:logGet(43)) - raft.server.log.write.buffer.size = 33554432 (custom)
2019-08-19 03:39:30,719 INFO  impl.RaftServerImpl (RaftServerImpl.java:start(180)) - 29e30134-aa92-4c4c-97e3-3bc595c84317: start group-5CCD76D0AA69
2019-08-19 03:39:30,718 INFO  server.RaftServerConfigKeys (ConfUtils.java:logGet(43)) - raft.server.log.preallocated.size = 16384 (custom)
2019-08-19 03:39:30,719 INFO  impl.RaftServerImpl (RaftServerImpl.java:setRole(171)) - 29e30134-aa92-4c4c-97e3-3bc595c84317:group-5CCD76D0AA69 changes role from null to FOLLOWER at term 0 for startAsFollower
2019-08-19 03:39:30,719 INFO  server.RaftServerConfigKeys (ConfUtils.java:logGet(43)) - raft.server.log.force.sync.num = 128 (default)
2019-08-19 03:39:30,719 INFO  impl.RoleInfo (RoleInfo.java:updateAndGet(143)) - 29e30134-aa92-4c4c-97e3-3bc595c84317: start FollowerState
2019-08-19 03:39:30,719 INFO  server.RaftServerConfigKeys (ConfUtils.java:logGet(43)) - raft.server.log.write.buffer.size = 33554432 (custom)
2019-08-19 03:39:30,719 INFO  server.RaftServerConfigKeys (ConfUtils.java:logGet(43)) - raft.server.log.statemachine.data.sync = true (default)
2019-08-19 03:39:30,720 INFO  server.RaftServerConfigKeys (ConfUtils.java:logGet(43)) - raft.server.log.force.sync.num = 128 (default)
2019-08-19 03:39:30,730 INFO  util.JmxRegister (JmxRegister.java:tryRegister(44)) - Successfully registered JMX Bean with object name Ratis:service=RaftServer,group=group-5CCD76D0AA69,id=29e30134-aa92-4c4c-97e3-3bc595c84317
2019-08-19 03:39:30,720 INFO  server.RaftServerConfigKeys (ConfUtils.java:logGet(43)) - raft.server.log.statemachine.data.sync.timeout = 10s (default)
2019-08-19 03:39:30,731 INFO  server.RaftServerConfigKeys (ConfUtils.java:logGet(43)) - raft.server.log.statemachine.data.sync.timeout.retry = -1 (default)
2019-08-19 03:39:30,731 INFO  server.RaftServerConfigKeys (ConfUtils.java:logGet(43)) - raft.server.log.statemachine.data.sync = true (default)
2019-08-19 03:39:30,738 INFO  server.RaftServerConfigKeys (ConfUtils.java:logGet(43)) - raft.server.log.statemachine.data.caching.enabled = true (custom)
2019-08-19 03:39:30,739 INFO  server.RaftServerConfigKeys (ConfUtils.java:logGet(43)) - raft.server.log.statemachine.data.sync.timeout = 10s (default)
2019-08-19 03:39:30,739 INFO  segmented.SegmentedRaftLogWorker (SegmentedRaftLogWorker.java:lambda$new$0(132)) - fb94fa56-34bc-4ed4-976f-328d7d7f96e9-SegmentedRaftLogWorker:Storage Directory /workdir/hadoop-ozone/integration-test/target/test-dir/MiniOzoneClusterImpl-b0e78f8e-0219-4c29-81a4-92a46718b188/datanode-2/data/ratis/2e9bd0f1-af17-4c1c-b5d8-5ccd76d0aa69: flushIndex: setUnconditionally 0 -> -1
2019-08-19 03:39:30,739 INFO  server.RaftServerConfigKeys (ConfUtils.java:logGet(43)) - raft.server.log.statemachine.data.sync.timeout.retry = -1 (default)
2019-08-19 03:39:30,739 INFO  server.RaftServerConfigKeys (ConfUtils.java:logGet(43)) - raft.server.snapshot.auto.trigger.enabled = true (custom)
2019-08-19 03:39:30,739 INFO  server.RaftServerConfigKeys (ConfUtils.java:logGet(43)) - raft.server.log.statemachine.data.caching.enabled = true (custom)
2019-08-19 03:39:30,739 INFO  server.RaftServerConfigKeys (ConfUtils.java:logGet(43)) - raft.server.snapshot.auto.trigger.threshold = 10000 (custom)
2019-08-19 03:39:30,740 INFO  segmented.SegmentedRaftLogWorker (SegmentedRaftLogWorker.java:lambda$new$0(132)) - 07b680a3-1247-4695-b0a1-a55b43de70d2-SegmentedRaftLogWorker:Storage Directory /workdir/hadoop-ozone/integration-test/target/test-dir/MiniOzoneClusterImpl-b0e78f8e-0219-4c29-81a4-92a46718b188/datanode-1/data/ratis/2e9bd0f1-af17-4c1c-b5d8-5ccd76d0aa69: flushIndex: setUnconditionally 0 -> -1
2019-08-19 03:39:30,740 INFO  server.RaftServerConfigKeys (ConfUtils.java:logGet(43)) - raft.server.retrycache.expirytime = 600000ms (custom)
2019-08-19 03:39:30,740 INFO  server.RaftServerConfigKeys (ConfUtils.java:logGet(43)) - raft.server.snapshot.auto.trigger.enabled = true (custom)
2019-08-19 03:39:30,740 INFO  impl.RaftServerImpl (RaftServerImpl.java:start(180)) - fb94fa56-34bc-4ed4-976f-328d7d7f96e9: start group-5CCD76D0AA69
2019-08-19 03:39:30,740 INFO  server.RaftServerConfigKeys (ConfUtils.java:logGet(43)) - raft.server.snapshot.auto.trigger.threshold = 10000 (custom)
2019-08-19 03:39:30,740 INFO  impl.RaftServerImpl (RaftServerImpl.java:setRole(171)) - fb94fa56-34bc-4ed4-976f-328d7d7f96e9:group-5CCD76D0AA69 changes role from null to FOLLOWER at term 0 for startAsFollower
2019-08-19 03:39:30,741 INFO  server.RaftServerConfigKeys (ConfUtils.java:logGet(43)) - raft.server.retrycache.expirytime = 600000ms (custom)
2019-08-19 03:39:30,741 INFO  impl.RoleInfo (RoleInfo.java:updateAndGet(143)) - fb94fa56-34bc-4ed4-976f-328d7d7f96e9: start FollowerState
2019-08-19 03:39:30,741 INFO  impl.RaftServerImpl (RaftServerImpl.java:start(180)) - 07b680a3-1247-4695-b0a1-a55b43de70d2: start group-5CCD76D0AA69
2019-08-19 03:39:30,741 INFO  impl.RaftServerImpl (RaftServerImpl.java:setRole(171)) - 07b680a3-1247-4695-b0a1-a55b43de70d2:group-5CCD76D0AA69 changes role from null to FOLLOWER at term 0 for startAsFollower
2019-08-19 03:39:30,741 INFO  impl.RoleInfo (RoleInfo.java:updateAndGet(143)) - 07b680a3-1247-4695-b0a1-a55b43de70d2: start FollowerState
2019-08-19 03:39:30,741 INFO  util.JmxRegister (JmxRegister.java:tryRegister(44)) - Successfully registered JMX Bean with object name Ratis:service=RaftServer,group=group-5CCD76D0AA69,id=fb94fa56-34bc-4ed4-976f-328d7d7f96e9
2019-08-19 03:39:30,742 INFO  util.JmxRegister (JmxRegister.java:tryRegister(44)) - Successfully registered JMX Bean with object name Ratis:service=RaftServer,group=group-5CCD76D0AA69,id=07b680a3-1247-4695-b0a1-a55b43de70d2
2019-08-19 03:39:30,744 INFO  pipeline.PipelineStateManager (PipelineStateManager.java:addPipeline(56)) - Created pipeline Pipeline[ Id: 2e9bd0f1-af17-4c1c-b5d8-5ccd76d0aa69, Nodes: 29e30134-aa92-4c4c-97e3-3bc595c84317{ip: 192.168.5.186, host: byscane-nightly-s779g-3358254982, networkLocation: /default-rack, certSerialId: null}07b680a3-1247-4695-b0a1-a55b43de70d2{ip: 192.168.5.186, host: byscane-nightly-s779g-3358254982, networkLocation: /default-rack, certSerialId: null}fb94fa56-34bc-4ed4-976f-328d7d7f96e9{ip: 192.168.5.186, host: byscane-nightly-s779g-3358254982, networkLocation: /default-rack, certSerialId: null}, Type:RATIS, Factor:THREE, State:OPEN]
2019-08-19 03:39:30,990 INFO  net.NetworkTopology (NetworkTopologyImpl.java:add(110)) - Added a new node: /default-rack/2b8eb764-4144-40d1-9a1a-448d36cf7f55
2019-08-19 03:39:30,990 INFO  node.SCMNodeManager (SCMNodeManager.java:register(273)) - Registered Data node : 2b8eb764-4144-40d1-9a1a-448d36cf7f55{ip: 192.168.5.186, host: byscane-nightly-s779g-3358254982, networkLocation: /default-rack, certSerialId: null}
2019-08-19 03:39:31,000 INFO  impl.RaftServerProxy (RaftServerProxy.java:addNew(89)) - 2b8eb764-4144-40d1-9a1a-448d36cf7f55: addNew group-6C9B8EE33378:[2b8eb764-4144-40d1-9a1a-448d36cf7f55:192.168.5.186:39341] returns group-6C9B8EE33378:java.util.concurrent.CompletableFuture@67ae3c1f[Not completed]
2019-08-19 03:39:31,001 INFO  impl.RaftServerImpl (RaftServerImpl.java:<init>(93)) - 2b8eb764-4144-40d1-9a1a-448d36cf7f55: new RaftServerImpl for group-6C9B8EE33378:[2b8eb764-4144-40d1-9a1a-448d36cf7f55:192.168.5.186:39341] with ContainerStateMachine:uninitialized
2019-08-19 03:39:31,001 INFO  server.RaftServerConfigKeys (ConfUtils.java:logGet(43)) - raft.server.rpc.timeout.min = 5s (custom)
2019-08-19 03:39:31,001 INFO  server.RaftServerConfigKeys (ConfUtils.java:logGet(43)) - raft.server.rpc.timeout.max = 5200ms (custom)
2019-08-19 03:39:31,002 INFO  server.RaftServerConfigKeys (ConfUtils.java:logGet(43)) - raft.server.rpcslowness.timeout = 120s (custom)
2019-08-19 03:39:31,002 INFO  server.RaftServerConfigKeys (ConfUtils.java:logGet(43)) - raft.server.sleep.deviation.threshold = 300 (default)
2019-08-19 03:39:31,002 INFO  server.RaftServerConfigKeys (ConfUtils.java:logGet(43)) - raft.server.log.appender.install.snapshot.enabled = false (custom)
2019-08-19 03:39:31,002 INFO  impl.RaftServerImpl (ServerState.java:<init>(105)) - 2b8eb764-4144-40d1-9a1a-448d36cf7f55:group-6C9B8EE33378 ConfigurationManager, init=-1: [2b8eb764-4144-40d1-9a1a-448d36cf7f55:192.168.5.186:39341], old=null, confs=<EMPTY_MAP>
2019-08-19 03:39:31,002 INFO  server.RaftServerConfigKeys (ConfUtils.java:logGet(43)) - raft.server.storage.dir = [/workdir/hadoop-ozone/integration-test/target/test-dir/MiniOzoneClusterImpl-b0e78f8e-0219-4c29-81a4-92a46718b188/datanode-3/data/ratis] (custom)
2019-08-19 03:39:31,003 INFO  storage.RaftStorageDirectory (RaftStorageDirectory.java:analyzeStorage(246)) - The storage directory /workdir/hadoop-ozone/integration-test/target/test-dir/MiniOzoneClusterImpl-b0e78f8e-0219-4c29-81a4-92a46718b188/datanode-3/data/ratis/35ca81f4-b484-4558-99f0-6c9b8ee33378 does not exist. Creating ...
2019-08-19 03:39:31,028 INFO  storage.RaftStorageDirectory (RaftStorageDirectory.java:tryLock(328)) - Lock on /workdir/hadoop-ozone/integration-test/target/test-dir/MiniOzoneClusterImpl-b0e78f8e-0219-4c29-81a4-92a46718b188/datanode-3/data/ratis/35ca81f4-b484-4558-99f0-6c9b8ee33378/in_use.lock acquired by nodename 28932@byscane-nightly-s779g-3358254982
2019-08-19 03:39:31,041 INFO  storage.RaftStorage (RaftStorage.java:format(72)) - Storage directory /workdir/hadoop-ozone/integration-test/target/test-dir/MiniOzoneClusterImpl-b0e78f8e-0219-4c29-81a4-92a46718b188/datanode-3/data/ratis/35ca81f4-b484-4558-99f0-6c9b8ee33378 has been successfully formatted.
2019-08-19 03:39:31,041 INFO  ratis.ContainerStateMachine (ContainerStateMachine.java:loadSnapshot(213)) - group-6C9B8EE33378: The snapshot info is null. Setting the last applied indexto:(t:0, i:~)
2019-08-19 03:39:31,041 INFO  server.RaftServerConfigKeys (ConfUtils.java:logGet(43)) - raft.server.leader.election.timeout = 120s (custom)
2019-08-19 03:39:31,041 INFO  server.RaftServerConfigKeys (ConfUtils.java:logGet(43)) - raft.server.log.use.memory = false (default)
2019-08-19 03:39:31,041 INFO  server.RaftServerConfigKeys (ConfUtils.java:logGet(43)) - raft.server.log.purge.gap = 1000000000 (custom)
2019-08-19 03:39:31,042 INFO  server.RaftServerConfigKeys (ConfUtils.java:logGet(43)) - raft.server.log.appender.buffer.byte-limit = 33554432 (custom)
2019-08-19 03:39:31,042 INFO  server.RaftServerConfigKeys (ConfUtils.java:logGet(43)) - raft.server.log.segment.size.max = 1048576 (custom)
2019-08-19 03:39:31,042 INFO  server.RaftServerConfigKeys (ConfUtils.java:logGet(43)) - raft.server.log.segment.cache.num.max = 2 (custom)
2019-08-19 03:39:31,042 INFO  segmented.SegmentedRaftLogWorker (SegmentedRaftLogWorker.java:<init>(172)) - new 2b8eb764-4144-40d1-9a1a-448d36cf7f55-SegmentedRaftLogWorker:Storage Directory /workdir/hadoop-ozone/integration-test/target/test-dir/MiniOzoneClusterImpl-b0e78f8e-0219-4c29-81a4-92a46718b188/datanode-3/data/ratis/35ca81f4-b484-4558-99f0-6c9b8ee33378 for RaftStorage:Storage Directory /workdir/hadoop-ozone/integration-test/target/test-dir/MiniOzoneClusterImpl-b0e78f8e-0219-4c29-81a4-92a46718b188/datanode-3/data/ratis/35ca81f4-b484-4558-99f0-6c9b8ee33378
2019-08-19 03:39:31,042 INFO  server.RaftServerConfigKeys (ConfUtils.java:logGet(43)) - raft.server.log.queue.byte-limit = 2147483647 (custom)
2019-08-19 03:39:31,042 INFO  server.RaftServerConfigKeys (ConfUtils.java:logGet(43)) - raft.server.log.queue.element-limit = 1024 (custom)
2019-08-19 03:39:31,043 INFO  server.RaftServerConfigKeys (ConfUtils.java:logGet(43)) - raft.server.log.segment.size.max = 1048576 (custom)
2019-08-19 03:39:31,043 INFO  server.RaftServerConfigKeys (ConfUtils.java:logGet(43)) - raft.server.log.preallocated.size = 16384 (custom)
2019-08-19 03:39:31,043 INFO  server.RaftServerConfigKeys (ConfUtils.java:logGet(43)) - raft.server.log.write.buffer.size = 33554432 (custom)
2019-08-19 03:39:31,043 INFO  server.RaftServerConfigKeys (ConfUtils.java:logGet(43)) - raft.server.log.force.sync.num = 128 (default)
2019-08-19 03:39:31,043 INFO  server.RaftServerConfigKeys (ConfUtils.java:logGet(43)) - raft.server.log.statemachine.data.sync = true (default)
2019-08-19 03:39:31,043 INFO  server.RaftServerConfigKeys (ConfUtils.java:logGet(43)) - raft.server.log.statemachine.data.sync.timeout = 10s (default)
2019-08-19 03:39:31,044 INFO  server.RaftServerConfigKeys (ConfUtils.java:logGet(43)) - raft.server.log.statemachine.data.sync.timeout.retry = -1 (default)
2019-08-19 03:39:31,044 INFO  server.RaftServerConfigKeys (ConfUtils.java:logGet(43)) - raft.server.log.statemachine.data.caching.enabled = true (custom)
2019-08-19 03:39:31,044 INFO  segmented.SegmentedRaftLogWorker (SegmentedRaftLogWorker.java:lambda$new$0(132)) - 2b8eb764-4144-40d1-9a1a-448d36cf7f55-SegmentedRaftLogWorker:Storage Directory /workdir/hadoop-ozone/integration-test/target/test-dir/MiniOzoneClusterImpl-b0e78f8e-0219-4c29-81a4-92a46718b188/datanode-3/data/ratis/35ca81f4-b484-4558-99f0-6c9b8ee33378: flushIndex: setUnconditionally 0 -> -1
2019-08-19 03:39:31,045 INFO  server.RaftServerConfigKeys (ConfUtils.java:logGet(43)) - raft.server.snapshot.auto.trigger.enabled = true (custom)
2019-08-19 03:39:31,045 INFO  server.RaftServerConfigKeys (ConfUtils.java:logGet(43)) - raft.server.snapshot.auto.trigger.threshold = 10000 (custom)
2019-08-19 03:39:31,045 INFO  server.RaftServerConfigKeys (ConfUtils.java:logGet(43)) - raft.server.retrycache.expirytime = 600000ms (custom)
2019-08-19 03:39:31,045 INFO  impl.RaftServerImpl (RaftServerImpl.java:start(180)) - 2b8eb764-4144-40d1-9a1a-448d36cf7f55: start group-6C9B8EE33378
2019-08-19 03:39:31,045 INFO  impl.RaftServerImpl (RaftServerImpl.java:setRole(171)) - 2b8eb764-4144-40d1-9a1a-448d36cf7f55:group-6C9B8EE33378 changes role from null to FOLLOWER at term 0 for startAsFollower
2019-08-19 03:39:31,045 INFO  impl.RoleInfo (RoleInfo.java:updateAndGet(143)) - 2b8eb764-4144-40d1-9a1a-448d36cf7f55: start FollowerState
2019-08-19 03:39:31,046 INFO  util.JmxRegister (JmxRegister.java:tryRegister(44)) - Successfully registered JMX Bean with object name Ratis:service=RaftServer,group=group-6C9B8EE33378,id=2b8eb764-4144-40d1-9a1a-448d36cf7f55
2019-08-19 03:39:31,048 INFO  pipeline.PipelineStateManager (PipelineStateManager.java:addPipeline(56)) - Created pipeline Pipeline[ Id: 35ca81f4-b484-4558-99f0-6c9b8ee33378, Nodes: 2b8eb764-4144-40d1-9a1a-448d36cf7f55{ip: 192.168.5.186, host: byscane-nightly-s779g-3358254982, networkLocation: /default-rack, certSerialId: null}, Type:RATIS, Factor:ONE, State:OPEN]
2019-08-19 03:39:31,190 INFO  net.NetworkTopology (NetworkTopologyImpl.java:add(110)) - Added a new node: /default-rack/67c14123-fd6f-41fa-a960-6982b90314f2
2019-08-19 03:39:31,191 INFO  node.SCMNodeManager (SCMNodeManager.java:register(273)) - Registered Data node : 67c14123-fd6f-41fa-a960-6982b90314f2{ip: 192.168.5.186, host: byscane-nightly-s779g-3358254982, networkLocation: /default-rack, certSerialId: null}
2019-08-19 03:39:31,197 INFO  impl.RaftServerProxy (RaftServerProxy.java:addNew(89)) - 67c14123-fd6f-41fa-a960-6982b90314f2: addNew group-DE209FFAF6A4:[67c14123-fd6f-41fa-a960-6982b90314f2:192.168.5.186:34153] returns group-DE209FFAF6A4:java.util.concurrent.CompletableFuture@13bbdb67[Not completed]
2019-08-19 03:39:31,198 INFO  impl.RaftServerImpl (RaftServerImpl.java:<init>(93)) - 67c14123-fd6f-41fa-a960-6982b90314f2: new RaftServerImpl for group-DE209FFAF6A4:[67c14123-fd6f-41fa-a960-6982b90314f2:192.168.5.186:34153] with ContainerStateMachine:uninitialized
2019-08-19 03:39:31,199 INFO  server.RaftServerConfigKeys (ConfUtils.java:logGet(43)) - raft.server.rpc.timeout.min = 5s (custom)
2019-08-19 03:39:31,199 INFO  server.RaftServerConfigKeys (ConfUtils.java:logGet(43)) - raft.server.rpc.timeout.max = 5200ms (custom)
2019-08-19 03:39:31,199 INFO  server.RaftServerConfigKeys (ConfUtils.java:logGet(43)) - raft.server.rpcslowness.timeout = 120s (custom)
2019-08-19 03:39:31,199 INFO  server.RaftServerConfigKeys (ConfUtils.java:logGet(43)) - raft.server.sleep.deviation.threshold = 300 (default)
2019-08-19 03:39:31,199 INFO  server.RaftServerConfigKeys (ConfUtils.java:logGet(43)) - raft.server.log.appender.install.snapshot.enabled = false (custom)
2019-08-19 03:39:31,199 INFO  impl.RaftServerImpl (ServerState.java:<init>(105)) - 67c14123-fd6f-41fa-a960-6982b90314f2:group-DE209FFAF6A4 ConfigurationManager, init=-1: [67c14123-fd6f-41fa-a960-6982b90314f2:192.168.5.186:34153], old=null, confs=<EMPTY_MAP>
2019-08-19 03:39:31,200 INFO  server.RaftServerConfigKeys (ConfUtils.java:logGet(43)) - raft.server.storage.dir = [/workdir/hadoop-ozone/integration-test/target/test-dir/MiniOzoneClusterImpl-b0e78f8e-0219-4c29-81a4-92a46718b188/datanode-4/data/ratis] (custom)
2019-08-19 03:39:31,200 INFO  storage.RaftStorageDirectory (RaftStorageDirectory.java:analyzeStorage(246)) - The storage directory /workdir/hadoop-ozone/integration-test/target/test-dir/MiniOzoneClusterImpl-b0e78f8e-0219-4c29-81a4-92a46718b188/datanode-4/data/ratis/71b1f368-ddf8-42e8-a870-de209ffaf6a4 does not exist. Creating ...
2019-08-19 03:39:31,221 INFO  storage.RaftStorageDirectory (RaftStorageDirectory.java:tryLock(328)) - Lock on /workdir/hadoop-ozone/integration-test/target/test-dir/MiniOzoneClusterImpl-b0e78f8e-0219-4c29-81a4-92a46718b188/datanode-4/data/ratis/71b1f368-ddf8-42e8-a870-de209ffaf6a4/in_use.lock acquired by nodename 28932@byscane-nightly-s779g-3358254982
2019-08-19 03:39:31,248 INFO  storage.RaftStorage (RaftStorage.java:format(72)) - Storage directory /workdir/hadoop-ozone/integration-test/target/test-dir/MiniOzoneClusterImpl-b0e78f8e-0219-4c29-81a4-92a46718b188/datanode-4/data/ratis/71b1f368-ddf8-42e8-a870-de209ffaf6a4 has been successfully formatted.
2019-08-19 03:39:31,248 INFO  ratis.ContainerStateMachine (ContainerStateMachine.java:loadSnapshot(213)) - group-DE209FFAF6A4: The snapshot info is null. Setting the last applied indexto:(t:0, i:~)
2019-08-19 03:39:31,248 INFO  server.RaftServerConfigKeys (ConfUtils.java:logGet(43)) - raft.server.leader.election.timeout = 120s (custom)
2019-08-19 03:39:31,249 INFO  server.RaftServerConfigKeys (ConfUtils.java:logGet(43)) - raft.server.log.use.memory = false (default)
2019-08-19 03:39:31,249 INFO  server.RaftServerConfigKeys (ConfUtils.java:logGet(43)) - raft.server.log.purge.gap = 1000000000 (custom)
2019-08-19 03:39:31,249 INFO  server.RaftServerConfigKeys (ConfUtils.java:logGet(43)) - raft.server.log.appender.buffer.byte-limit = 33554432 (custom)
2019-08-19 03:39:31,249 INFO  server.RaftServerConfigKeys (ConfUtils.java:logGet(43)) - raft.server.log.segment.size.max = 1048576 (custom)
2019-08-19 03:39:31,249 INFO  server.RaftServerConfigKeys (ConfUtils.java:logGet(43)) - raft.server.log.segment.cache.num.max = 2 (custom)
2019-08-19 03:39:31,249 INFO  segmented.SegmentedRaftLogWorker (SegmentedRaftLogWorker.java:<init>(172)) - new 67c14123-fd6f-41fa-a960-6982b90314f2-SegmentedRaftLogWorker:Storage Directory /workdir/hadoop-ozone/integration-test/target/test-dir/MiniOzoneClusterImpl-b0e78f8e-0219-4c29-81a4-92a46718b188/datanode-4/data/ratis/71b1f368-ddf8-42e8-a870-de209ffaf6a4 for RaftStorage:Storage Directory /workdir/hadoop-ozone/integration-test/target/test-dir/MiniOzoneClusterImpl-b0e78f8e-0219-4c29-81a4-92a46718b188/datanode-4/data/ratis/71b1f368-ddf8-42e8-a870-de209ffaf6a4
2019-08-19 03:39:31,250 INFO  server.RaftServerConfigKeys (ConfUtils.java:logGet(43)) - raft.server.log.queue.byte-limit = 2147483647 (custom)
2019-08-19 03:39:31,250 INFO  server.RaftServerConfigKeys (ConfUtils.java:logGet(43)) - raft.server.log.queue.element-limit = 1024 (custom)
2019-08-19 03:39:31,250 INFO  server.RaftServerConfigKeys (ConfUtils.java:logGet(43)) - raft.server.log.segment.size.max = 1048576 (custom)
2019-08-19 03:39:31,250 INFO  server.RaftServerConfigKeys (ConfUtils.java:logGet(43)) - raft.server.log.preallocated.size = 16384 (custom)
2019-08-19 03:39:31,250 INFO  server.RaftServerConfigKeys (ConfUtils.java:logGet(43)) - raft.server.log.write.buffer.size = 33554432 (custom)
2019-08-19 03:39:31,251 INFO  server.RaftServerConfigKeys (ConfUtils.java:logGet(43)) - raft.server.log.force.sync.num = 128 (default)
2019-08-19 03:39:31,251 INFO  server.RaftServerConfigKeys (ConfUtils.java:logGet(43)) - raft.server.log.statemachine.data.sync = true (default)
2019-08-19 03:39:31,251 INFO  server.RaftServerConfigKeys (ConfUtils.java:logGet(43)) - raft.server.log.statemachine.data.sync.timeout = 10s (default)
2019-08-19 03:39:31,251 INFO  server.RaftServerConfigKeys (ConfUtils.java:logGet(43)) - raft.server.log.statemachine.data.sync.timeout.retry = -1 (default)
2019-08-19 03:39:31,251 INFO  server.RaftServerConfigKeys (ConfUtils.java:logGet(43)) - raft.server.log.statemachine.data.caching.enabled = true (custom)
2019-08-19 03:39:31,252 INFO  segmented.SegmentedRaftLogWorker (SegmentedRaftLogWorker.java:lambda$new$0(132)) - 67c14123-fd6f-41fa-a960-6982b90314f2-SegmentedRaftLogWorker:Storage Directory /workdir/hadoop-ozone/integration-test/target/test-dir/MiniOzoneClusterImpl-b0e78f8e-0219-4c29-81a4-92a46718b188/datanode-4/data/ratis/71b1f368-ddf8-42e8-a870-de209ffaf6a4: flushIndex: setUnconditionally 0 -> -1
2019-08-19 03:39:31,252 INFO  server.RaftServerConfigKeys (ConfUtils.java:logGet(43)) - raft.server.snapshot.auto.trigger.enabled = true (custom)
2019-08-19 03:39:31,252 INFO  server.RaftServerConfigKeys (ConfUtils.java:logGet(43)) - raft.server.snapshot.auto.trigger.threshold = 10000 (custom)
2019-08-19 03:39:31,252 INFO  server.RaftServerConfigKeys (ConfUtils.java:logGet(43)) - raft.server.retrycache.expirytime = 600000ms (custom)
2019-08-19 03:39:31,252 INFO  impl.RaftServerImpl (RaftServerImpl.java:start(180)) - 67c14123-fd6f-41fa-a960-6982b90314f2: start group-DE209FFAF6A4
2019-08-19 03:39:31,253 INFO  impl.RaftServerImpl (RaftServerImpl.java:setRole(171)) - 67c14123-fd6f-41fa-a960-6982b90314f2:group-DE209FFAF6A4 changes role from null to FOLLOWER at term 0 for startAsFollower
2019-08-19 03:39:31,253 INFO  impl.RoleInfo (RoleInfo.java:updateAndGet(143)) - 67c14123-fd6f-41fa-a960-6982b90314f2: start FollowerState
2019-08-19 03:39:31,253 INFO  util.JmxRegister (JmxRegister.java:tryRegister(44)) - Successfully registered JMX Bean with object name Ratis:service=RaftServer,group=group-DE209FFAF6A4,id=67c14123-fd6f-41fa-a960-6982b90314f2
2019-08-19 03:39:31,255 INFO  pipeline.PipelineStateManager (PipelineStateManager.java:addPipeline(56)) - Created pipeline Pipeline[ Id: 71b1f368-ddf8-42e8-a870-de209ffaf6a4, Nodes: 67c14123-fd6f-41fa-a960-6982b90314f2{ip: 192.168.5.186, host: byscane-nightly-s779g-3358254982, networkLocation: /default-rack, certSerialId: null}, Type:RATIS, Factor:ONE, State:OPEN]
2019-08-19 03:39:31,418 INFO  net.NetworkTopology (NetworkTopologyImpl.java:add(110)) - Added a new node: /default-rack/b9a843f0-d5a2-4491-a126-6f9b1d559eae
2019-08-19 03:39:31,418 INFO  node.SCMNodeManager (SCMNodeManager.java:register(273)) - Registered Data node : b9a843f0-d5a2-4491-a126-6f9b1d559eae{ip: 192.168.5.186, host: byscane-nightly-s779g-3358254982, networkLocation: /default-rack, certSerialId: null}
2019-08-19 03:39:31,424 INFO  impl.RaftServerProxy (RaftServerProxy.java:addNew(89)) - b9a843f0-d5a2-4491-a126-6f9b1d559eae: addNew group-8E5BA55E8872:[b9a843f0-d5a2-4491-a126-6f9b1d559eae:192.168.5.186:33888] returns group-8E5BA55E8872:java.util.concurrent.CompletableFuture@5b2729c4[Not completed]
2019-08-19 03:39:31,425 INFO  impl.RaftServerImpl (RaftServerImpl.java:<init>(93)) - b9a843f0-d5a2-4491-a126-6f9b1d559eae: new RaftServerImpl for group-8E5BA55E8872:[b9a843f0-d5a2-4491-a126-6f9b1d559eae:192.168.5.186:33888] with ContainerStateMachine:uninitialized
2019-08-19 03:39:31,426 INFO  server.RaftServerConfigKeys (ConfUtils.java:logGet(43)) - raft.server.rpc.timeout.min = 5s (custom)
2019-08-19 03:39:31,426 INFO  server.RaftServerConfigKeys (ConfUtils.java:logGet(43)) - raft.server.rpc.timeout.max = 5200ms (custom)
2019-08-19 03:39:31,426 INFO  server.RaftServerConfigKeys (ConfUtils.java:logGet(43)) - raft.server.rpcslowness.timeout = 120s (custom)
2019-08-19 03:39:31,426 INFO  server.RaftServerConfigKeys (ConfUtils.java:logGet(43)) - raft.server.sleep.deviation.threshold = 300 (default)
2019-08-19 03:39:31,426 INFO  server.RaftServerConfigKeys (ConfUtils.java:logGet(43)) - raft.server.log.appender.install.snapshot.enabled = false (custom)
2019-08-19 03:39:31,426 INFO  impl.RaftServerImpl (ServerState.java:<init>(105)) - b9a843f0-d5a2-4491-a126-6f9b1d559eae:group-8E5BA55E8872 ConfigurationManager, init=-1: [b9a843f0-d5a2-4491-a126-6f9b1d559eae:192.168.5.186:33888], old=null, confs=<EMPTY_MAP>
2019-08-19 03:39:31,427 INFO  server.RaftServerConfigKeys (ConfUtils.java:logGet(43)) - raft.server.storage.dir = [/workdir/hadoop-ozone/integration-test/target/test-dir/MiniOzoneClusterImpl-b0e78f8e-0219-4c29-81a4-92a46718b188/datanode-5/data/ratis] (custom)
2019-08-19 03:39:31,427 INFO  storage.RaftStorageDirectory (RaftStorageDirectory.java:analyzeStorage(246)) - The storage directory /workdir/hadoop-ozone/integration-test/target/test-dir/MiniOzoneClusterImpl-b0e78f8e-0219-4c29-81a4-92a46718b188/datanode-5/data/ratis/f64f3790-75ad-47e8-8a29-8e5ba55e8872 does not exist. Creating ...
2019-08-19 03:39:31,452 INFO  storage.RaftStorageDirectory (RaftStorageDirectory.java:tryLock(328)) - Lock on /workdir/hadoop-ozone/integration-test/target/test-dir/MiniOzoneClusterImpl-b0e78f8e-0219-4c29-81a4-92a46718b188/datanode-5/data/ratis/f64f3790-75ad-47e8-8a29-8e5ba55e8872/in_use.lock acquired by nodename 28932@byscane-nightly-s779g-3358254982
2019-08-19 03:39:31,481 INFO  storage.RaftStorage (RaftStorage.java:format(72)) - Storage directory /workdir/hadoop-ozone/integration-test/target/test-dir/MiniOzoneClusterImpl-b0e78f8e-0219-4c29-81a4-92a46718b188/datanode-5/data/ratis/f64f3790-75ad-47e8-8a29-8e5ba55e8872 has been successfully formatted.
2019-08-19 03:39:31,482 INFO  ratis.ContainerStateMachine (ContainerStateMachine.java:loadSnapshot(213)) - group-8E5BA55E8872: The snapshot info is null. Setting the last applied indexto:(t:0, i:~)
2019-08-19 03:39:31,482 INFO  server.RaftServerConfigKeys (ConfUtils.java:logGet(43)) - raft.server.leader.election.timeout = 120s (custom)
2019-08-19 03:39:31,482 INFO  server.RaftServerConfigKeys (ConfUtils.java:logGet(43)) - raft.server.log.use.memory = false (default)
2019-08-19 03:39:31,482 INFO  server.RaftServerConfigKeys (ConfUtils.java:logGet(43)) - raft.server.log.purge.gap = 1000000000 (custom)
2019-08-19 03:39:31,482 INFO  server.RaftServerConfigKeys (ConfUtils.java:logGet(43)) - raft.server.log.appender.buffer.byte-limit = 33554432 (custom)
2019-08-19 03:39:31,482 INFO  server.RaftServerConfigKeys (ConfUtils.java:logGet(43)) - raft.server.log.segment.size.max = 1048576 (custom)
2019-08-19 03:39:31,483 INFO  server.RaftServerConfigKeys (ConfUtils.java:logGet(43)) - raft.server.log.segment.cache.num.max = 2 (custom)
2019-08-19 03:39:31,483 INFO  segmented.SegmentedRaftLogWorker (SegmentedRaftLogWorker.java:<init>(172)) - new b9a843f0-d5a2-4491-a126-6f9b1d559eae-SegmentedRaftLogWorker:Storage Directory /workdir/hadoop-ozone/integration-test/target/test-dir/MiniOzoneClusterImpl-b0e78f8e-0219-4c29-81a4-92a46718b188/datanode-5/data/ratis/f64f3790-75ad-47e8-8a29-8e5ba55e8872 for RaftStorage:Storage Directory /workdir/hadoop-ozone/integration-test/target/test-dir/MiniOzoneClusterImpl-b0e78f8e-0219-4c29-81a4-92a46718b188/datanode-5/data/ratis/f64f3790-75ad-47e8-8a29-8e5ba55e8872
2019-08-19 03:39:31,483 INFO  server.RaftServerConfigKeys (ConfUtils.java:logGet(43)) - raft.server.log.queue.byte-limit = 2147483647 (custom)
2019-08-19 03:39:31,483 INFO  server.RaftServerConfigKeys (ConfUtils.java:logGet(43)) - raft.server.log.queue.element-limit = 1024 (custom)
2019-08-19 03:39:31,483 INFO  server.RaftServerConfigKeys (ConfUtils.java:logGet(43)) - raft.server.log.segment.size.max = 1048576 (custom)
2019-08-19 03:39:31,483 INFO  server.RaftServerConfigKeys (ConfUtils.java:logGet(43)) - raft.server.log.preallocated.size = 16384 (custom)
2019-08-19 03:39:31,484 INFO  server.RaftServerConfigKeys (ConfUtils.java:logGet(43)) - raft.server.log.write.buffer.size = 33554432 (custom)
2019-08-19 03:39:31,484 INFO  server.RaftServerConfigKeys (ConfUtils.java:logGet(43)) - raft.server.log.force.sync.num = 128 (default)
2019-08-19 03:39:31,484 INFO  server.RaftServerConfigKeys (ConfUtils.java:logGet(43)) - raft.server.log.statemachine.data.sync = true (default)
2019-08-19 03:39:31,484 INFO  server.RaftServerConfigKeys (ConfUtils.java:logGet(43)) - raft.server.log.statemachine.data.sync.timeout = 10s (default)
2019-08-19 03:39:31,484 INFO  server.RaftServerConfigKeys (ConfUtils.java:logGet(43)) - raft.server.log.statemachine.data.sync.timeout.retry = -1 (default)
2019-08-19 03:39:31,485 INFO  server.RaftServerConfigKeys (ConfUtils.java:logGet(43)) - raft.server.log.statemachine.data.caching.enabled = true (custom)
2019-08-19 03:39:31,485 INFO  segmented.SegmentedRaftLogWorker (SegmentedRaftLogWorker.java:lambda$new$0(132)) - b9a843f0-d5a2-4491-a126-6f9b1d559eae-SegmentedRaftLogWorker:Storage Directory /workdir/hadoop-ozone/integration-test/target/test-dir/MiniOzoneClusterImpl-b0e78f8e-0219-4c29-81a4-92a46718b188/datanode-5/data/ratis/f64f3790-75ad-47e8-8a29-8e5ba55e8872: flushIndex: setUnconditionally 0 -> -1
2019-08-19 03:39:31,485 INFO  server.RaftServerConfigKeys (ConfUtils.java:logGet(43)) - raft.server.snapshot.auto.trigger.enabled = true (custom)
2019-08-19 03:39:31,485 INFO  server.RaftServerConfigKeys (ConfUtils.java:logGet(43)) - raft.server.snapshot.auto.trigger.threshold = 10000 (custom)
2019-08-19 03:39:31,486 INFO  server.RaftServerConfigKeys (ConfUtils.java:logGet(43)) - raft.server.retrycache.expirytime = 600000ms (custom)
2019-08-19 03:39:31,486 INFO  impl.RaftServerImpl (RaftServerImpl.java:start(180)) - b9a843f0-d5a2-4491-a126-6f9b1d559eae: start group-8E5BA55E8872
2019-08-19 03:39:31,486 INFO  impl.RaftServerImpl (RaftServerImpl.java:setRole(171)) - b9a843f0-d5a2-4491-a126-6f9b1d559eae:group-8E5BA55E8872 changes role from null to FOLLOWER at term 0 for startAsFollower
2019-08-19 03:39:31,486 INFO  impl.RoleInfo (RoleInfo.java:updateAndGet(143)) - b9a843f0-d5a2-4491-a126-6f9b1d559eae: start FollowerState
2019-08-19 03:39:31,486 INFO  util.JmxRegister (JmxRegister.java:tryRegister(44)) - Successfully registered JMX Bean with object name Ratis:service=RaftServer,group=group-8E5BA55E8872,id=b9a843f0-d5a2-4491-a126-6f9b1d559eae
2019-08-19 03:39:31,488 INFO  pipeline.PipelineStateManager (PipelineStateManager.java:addPipeline(56)) - Created pipeline Pipeline[ Id: f64f3790-75ad-47e8-8a29-8e5ba55e8872, Nodes: b9a843f0-d5a2-4491-a126-6f9b1d559eae{ip: 192.168.5.186, host: byscane-nightly-s779g-3358254982, networkLocation: /default-rack, certSerialId: null}, Type:RATIS, Factor:ONE, State:OPEN]
2019-08-19 03:39:31,503 INFO  impl.RaftServerProxy (RaftServerProxy.java:addNew(89)) - b9a843f0-d5a2-4491-a126-6f9b1d559eae: addNew group-1C6F84B47CD9:[b9a843f0-d5a2-4491-a126-6f9b1d559eae:192.168.5.186:33888, 2b8eb764-4144-40d1-9a1a-448d36cf7f55:192.168.5.186:39341, 67c14123-fd6f-41fa-a960-6982b90314f2:192.168.5.186:34153] returns group-1C6F84B47CD9:java.util.concurrent.CompletableFuture@77a674f9[Not completed]
2019-08-19 03:39:31,503 INFO  impl.RaftServerProxy (RaftServerProxy.java:addNew(89)) - 2b8eb764-4144-40d1-9a1a-448d36cf7f55: addNew group-1C6F84B47CD9:[b9a843f0-d5a2-4491-a126-6f9b1d559eae:192.168.5.186:33888, 2b8eb764-4144-40d1-9a1a-448d36cf7f55:192.168.5.186:39341, 67c14123-fd6f-41fa-a960-6982b90314f2:192.168.5.186:34153] returns group-1C6F84B47CD9:java.util.concurrent.CompletableFuture@389c85ae[Not completed]
2019-08-19 03:39:31,503 INFO  impl.RaftServerProxy (RaftServerProxy.java:addNew(89)) - 67c14123-fd6f-41fa-a960-6982b90314f2: addNew group-1C6F84B47CD9:[b9a843f0-d5a2-4491-a126-6f9b1d559eae:192.168.5.186:33888, 2b8eb764-4144-40d1-9a1a-448d36cf7f55:192.168.5.186:39341, 67c14123-fd6f-41fa-a960-6982b90314f2:192.168.5.186:34153] returns group-1C6F84B47CD9:java.util.concurrent.CompletableFuture@9e84535[Not completed]
2019-08-19 03:39:31,504 INFO  impl.RaftServerImpl (RaftServerImpl.java:<init>(93)) - 2b8eb764-4144-40d1-9a1a-448d36cf7f55: new RaftServerImpl for group-1C6F84B47CD9:[b9a843f0-d5a2-4491-a126-6f9b1d559eae:192.168.5.186:33888, 2b8eb764-4144-40d1-9a1a-448d36cf7f55:192.168.5.186:39341, 67c14123-fd6f-41fa-a960-6982b90314f2:192.168.5.186:34153] with ContainerStateMachine:uninitialized
2019-08-19 03:39:31,504 INFO  server.RaftServerConfigKeys (ConfUtils.java:logGet(43)) - raft.server.rpc.timeout.min = 5s (custom)
2019-08-19 03:39:31,504 INFO  server.RaftServerConfigKeys (ConfUtils.java:logGet(43)) - raft.server.rpc.timeout.max = 5200ms (custom)
2019-08-19 03:39:31,504 INFO  server.RaftServerConfigKeys (ConfUtils.java:logGet(43)) - raft.server.rpcslowness.timeout = 120s (custom)
2019-08-19 03:39:31,504 INFO  impl.RaftServerImpl (RaftServerImpl.java:<init>(93)) - 67c14123-fd6f-41fa-a960-6982b90314f2: new RaftServerImpl for group-1C6F84B47CD9:[b9a843f0-d5a2-4491-a126-6f9b1d559eae:192.168.5.186:33888, 2b8eb764-4144-40d1-9a1a-448d36cf7f55:192.168.5.186:39341, 67c14123-fd6f-41fa-a960-6982b90314f2:192.168.5.186:34153] with ContainerStateMachine:uninitialized
2019-08-19 03:39:31,504 INFO  server.RaftServerConfigKeys (ConfUtils.java:logGet(43)) - raft.server.sleep.deviation.threshold = 300 (default)
2019-08-19 03:39:31,505 INFO  impl.RaftServerImpl (RaftServerImpl.java:<init>(93)) - b9a843f0-d5a2-4491-a126-6f9b1d559eae: new RaftServerImpl for group-1C6F84B47CD9:[b9a843f0-d5a2-4491-a126-6f9b1d559eae:192.168.5.186:33888, 2b8eb764-4144-40d1-9a1a-448d36cf7f55:192.168.5.186:39341, 67c14123-fd6f-41fa-a960-6982b90314f2:192.168.5.186:34153] with ContainerStateMachine:uninitialized
2019-08-19 03:39:31,505 INFO  server.RaftServerConfigKeys (ConfUtils.java:logGet(43)) - raft.server.log.appender.install.snapshot.enabled = false (custom)
2019-08-19 03:39:31,505 INFO  server.RaftServerConfigKeys (ConfUtils.java:logGet(43)) - raft.server.rpc.timeout.min = 5s (custom)
2019-08-19 03:39:31,505 INFO  impl.RaftServerImpl (ServerState.java:<init>(105)) - 2b8eb764-4144-40d1-9a1a-448d36cf7f55:group-1C6F84B47CD9 ConfigurationManager, init=-1: [b9a843f0-d5a2-4491-a126-6f9b1d559eae:192.168.5.186:33888, 2b8eb764-4144-40d1-9a1a-448d36cf7f55:192.168.5.186:39341, 67c14123-fd6f-41fa-a960-6982b90314f2:192.168.5.186:34153], old=null, confs=<EMPTY_MAP>
2019-08-19 03:39:31,505 INFO  server.RaftServerConfigKeys (ConfUtils.java:logGet(43)) - raft.server.rpc.timeout.min = 5s (custom)
2019-08-19 03:39:31,505 INFO  server.RaftServerConfigKeys (ConfUtils.java:logGet(43)) - raft.server.storage.dir = [/workdir/hadoop-ozone/integration-test/target/test-dir/MiniOzoneClusterImpl-b0e78f8e-0219-4c29-81a4-92a46718b188/datanode-3/data/ratis] (custom)
2019-08-19 03:39:31,505 INFO  server.RaftServerConfigKeys (ConfUtils.java:logGet(43)) - raft.server.rpc.timeout.max = 5200ms (custom)
2019-08-19 03:39:31,505 INFO  server.RaftServerConfigKeys (ConfUtils.java:logGet(43)) - raft.server.rpc.timeout.max = 5200ms (custom)
2019-08-19 03:39:31,506 INFO  server.RaftServerConfigKeys (ConfUtils.java:logGet(43)) - raft.server.rpcslowness.timeout = 120s (custom)
2019-08-19 03:39:31,506 INFO  storage.RaftStorageDirectory (RaftStorageDirectory.java:analyzeStorage(246)) - The storage directory /workdir/hadoop-ozone/integration-test/target/test-dir/MiniOzoneClusterImpl-b0e78f8e-0219-4c29-81a4-92a46718b188/datanode-3/data/ratis/13df34d5-3bdc-4032-857f-1c6f84b47cd9 does not exist. Creating ...
2019-08-19 03:39:31,506 INFO  server.RaftServerConfigKeys (ConfUtils.java:logGet(43)) - raft.server.sleep.deviation.threshold = 300 (default)
2019-08-19 03:39:31,506 INFO  server.RaftServerConfigKeys (ConfUtils.java:logGet(43)) - raft.server.log.appender.install.snapshot.enabled = false (custom)
2019-08-19 03:39:31,506 INFO  server.RaftServerConfigKeys (ConfUtils.java:logGet(43)) - raft.server.rpcslowness.timeout = 120s (custom)
2019-08-19 03:39:31,506 INFO  impl.RaftServerImpl (ServerState.java:<init>(105)) - 67c14123-fd6f-41fa-a960-6982b90314f2:group-1C6F84B47CD9 ConfigurationManager, init=-1: [b9a843f0-d5a2-4491-a126-6f9b1d559eae:192.168.5.186:33888, 2b8eb764-4144-40d1-9a1a-448d36cf7f55:192.168.5.186:39341, 67c14123-fd6f-41fa-a960-6982b90314f2:192.168.5.186:34153], old=null, confs=<EMPTY_MAP>
2019-08-19 03:39:31,507 INFO  server.RaftServerConfigKeys (ConfUtils.java:logGet(43)) - raft.server.sleep.deviation.threshold = 300 (default)
2019-08-19 03:39:31,507 INFO  server.RaftServerConfigKeys (ConfUtils.java:logGet(43)) - raft.server.storage.dir = [/workdir/hadoop-ozone/integration-test/target/test-dir/MiniOzoneClusterImpl-b0e78f8e-0219-4c29-81a4-92a46718b188/datanode-4/data/ratis] (custom)
2019-08-19 03:39:31,507 INFO  server.RaftServerConfigKeys (ConfUtils.java:logGet(43)) - raft.server.log.appender.install.snapshot.enabled = false (custom)
2019-08-19 03:39:31,507 INFO  impl.RaftServerImpl (ServerState.java:<init>(105)) - b9a843f0-d5a2-4491-a126-6f9b1d559eae:group-1C6F84B47CD9 ConfigurationManager, init=-1: [b9a843f0-d5a2-4491-a126-6f9b1d559eae:192.168.5.186:33888, 2b8eb764-4144-40d1-9a1a-448d36cf7f55:192.168.5.186:39341, 67c14123-fd6f-41fa-a960-6982b90314f2:192.168.5.186:34153], old=null, confs=<EMPTY_MAP>
2019-08-19 03:39:31,507 INFO  storage.RaftStorageDirectory (RaftStorageDirectory.java:analyzeStorage(246)) - The storage directory /workdir/hadoop-ozone/integration-test/target/test-dir/MiniOzoneClusterImpl-b0e78f8e-0219-4c29-81a4-92a46718b188/datanode-4/data/ratis/13df34d5-3bdc-4032-857f-1c6f84b47cd9 does not exist. Creating ...
2019-08-19 03:39:31,507 INFO  server.RaftServerConfigKeys (ConfUtils.java:logGet(43)) - raft.server.storage.dir = [/workdir/hadoop-ozone/integration-test/target/test-dir/MiniOzoneClusterImpl-b0e78f8e-0219-4c29-81a4-92a46718b188/datanode-5/data/ratis] (custom)
2019-08-19 03:39:31,508 INFO  storage.RaftStorageDirectory (RaftStorageDirectory.java:analyzeStorage(246)) - The storage directory /workdir/hadoop-ozone/integration-test/target/test-dir/MiniOzoneClusterImpl-b0e78f8e-0219-4c29-81a4-92a46718b188/datanode-5/data/ratis/13df34d5-3bdc-4032-857f-1c6f84b47cd9 does not exist. Creating ...
2019-08-19 03:39:31,519 INFO  storage.RaftStorageDirectory (RaftStorageDirectory.java:tryLock(328)) - Lock on /workdir/hadoop-ozone/integration-test/target/test-dir/MiniOzoneClusterImpl-b0e78f8e-0219-4c29-81a4-92a46718b188/datanode-5/data/ratis/13df34d5-3bdc-4032-857f-1c6f84b47cd9/in_use.lock acquired by nodename 28932@byscane-nightly-s779g-3358254982
2019-08-19 03:39:31,519 INFO  storage.RaftStorageDirectory (RaftStorageDirectory.java:tryLock(328)) - Lock on /workdir/hadoop-ozone/integration-test/target/test-dir/MiniOzoneClusterImpl-b0e78f8e-0219-4c29-81a4-92a46718b188/datanode-4/data/ratis/13df34d5-3bdc-4032-857f-1c6f84b47cd9/in_use.lock acquired by nodename 28932@byscane-nightly-s779g-3358254982
2019-08-19 03:39:31,519 INFO  storage.RaftStorageDirectory (RaftStorageDirectory.java:tryLock(328)) - Lock on /workdir/hadoop-ozone/integration-test/target/test-dir/MiniOzoneClusterImpl-b0e78f8e-0219-4c29-81a4-92a46718b188/datanode-3/data/ratis/13df34d5-3bdc-4032-857f-1c6f84b47cd9/in_use.lock acquired by nodename 28932@byscane-nightly-s779g-3358254982
2019-08-19 03:39:31,545 INFO  storage.RaftStorage (RaftStorage.java:format(72)) - Storage directory /workdir/hadoop-ozone/integration-test/target/test-dir/MiniOzoneClusterImpl-b0e78f8e-0219-4c29-81a4-92a46718b188/datanode-5/data/ratis/13df34d5-3bdc-4032-857f-1c6f84b47cd9 has been successfully formatted.
2019-08-19 03:39:31,545 INFO  storage.RaftStorage (RaftStorage.java:format(72)) - Storage directory /workdir/hadoop-ozone/integration-test/target/test-dir/MiniOzoneClusterImpl-b0e78f8e-0219-4c29-81a4-92a46718b188/datanode-4/data/ratis/13df34d5-3bdc-4032-857f-1c6f84b47cd9 has been successfully formatted.
2019-08-19 03:39:31,545 INFO  storage.RaftStorage (RaftStorage.java:format(72)) - Storage directory /workdir/hadoop-ozone/integration-test/target/test-dir/MiniOzoneClusterImpl-b0e78f8e-0219-4c29-81a4-92a46718b188/datanode-3/data/ratis/13df34d5-3bdc-4032-857f-1c6f84b47cd9 has been successfully formatted.
2019-08-19 03:39:31,546 INFO  ratis.ContainerStateMachine (ContainerStateMachine.java:loadSnapshot(213)) - group-1C6F84B47CD9: The snapshot info is null. Setting the last applied indexto:(t:0, i:~)
2019-08-19 03:39:31,546 INFO  ratis.ContainerStateMachine (ContainerStateMachine.java:loadSnapshot(213)) - group-1C6F84B47CD9: The snapshot info is null. Setting the last applied indexto:(t:0, i:~)
2019-08-19 03:39:31,545 INFO  ratis.ContainerStateMachine (ContainerStateMachine.java:loadSnapshot(213)) - group-1C6F84B47CD9: The snapshot info is null. Setting the last applied indexto:(t:0, i:~)
2019-08-19 03:39:31,546 INFO  server.RaftServerConfigKeys (ConfUtils.java:logGet(43)) - raft.server.leader.election.timeout = 120s (custom)
2019-08-19 03:39:31,546 INFO  server.RaftServerConfigKeys (ConfUtils.java:logGet(43)) - raft.server.leader.election.timeout = 120s (custom)
2019-08-19 03:39:31,547 INFO  server.RaftServerConfigKeys (ConfUtils.java:logGet(43)) - raft.server.log.use.memory = false (default)
2019-08-19 03:39:31,546 INFO  server.RaftServerConfigKeys (ConfUtils.java:logGet(43)) - raft.server.leader.election.timeout = 120s (custom)
2019-08-19 03:39:31,547 INFO  server.RaftServerConfigKeys (ConfUtils.java:logGet(43)) - raft.server.log.purge.gap = 1000000000 (custom)
2019-08-19 03:39:31,547 INFO  server.RaftServerConfigKeys (ConfUtils.java:logGet(43)) - raft.server.log.use.memory = false (default)
2019-08-19 03:39:31,547 INFO  server.RaftServerConfigKeys (ConfUtils.java:logGet(43)) - raft.server.log.appender.buffer.byte-limit = 33554432 (custom)
2019-08-19 03:39:31,547 INFO  server.RaftServerConfigKeys (ConfUtils.java:logGet(43)) - raft.server.log.use.memory = false (default)
2019-08-19 03:39:31,547 INFO  server.RaftServerConfigKeys (ConfUtils.java:logGet(43)) - raft.server.log.segment.size.max = 1048576 (custom)
2019-08-19 03:39:31,547 INFO  server.RaftServerConfigKeys (ConfUtils.java:logGet(43)) - raft.server.log.purge.gap = 1000000000 (custom)
2019-08-19 03:39:31,548 INFO  server.RaftServerConfigKeys (ConfUtils.java:logGet(43)) - raft.server.log.segment.cache.num.max = 2 (custom)
2019-08-19 03:39:31,548 INFO  server.RaftServerConfigKeys (ConfUtils.java:logGet(43)) - raft.server.log.purge.gap = 1000000000 (custom)
2019-08-19 03:39:31,548 INFO  segmented.SegmentedRaftLogWorker (SegmentedRaftLogWorker.java:<init>(172)) - new 2b8eb764-4144-40d1-9a1a-448d36cf7f55-SegmentedRaftLogWorker:Storage Directory /workdir/hadoop-ozone/integration-test/target/test-dir/MiniOzoneClusterImpl-b0e78f8e-0219-4c29-81a4-92a46718b188/datanode-3/data/ratis/13df34d5-3bdc-4032-857f-1c6f84b47cd9 for RaftStorage:Storage Directory /workdir/hadoop-ozone/integration-test/target/test-dir/MiniOzoneClusterImpl-b0e78f8e-0219-4c29-81a4-92a46718b188/datanode-3/data/ratis/13df34d5-3bdc-4032-857f-1c6f84b47cd9
2019-08-19 03:39:31,548 INFO  server.RaftServerConfigKeys (ConfUtils.java:logGet(43)) - raft.server.log.appender.buffer.byte-limit = 33554432 (custom)
2019-08-19 03:39:31,548 INFO  server.RaftServerConfigKeys (ConfUtils.java:logGet(43)) - raft.server.log.queue.byte-limit = 2147483647 (custom)
2019-08-19 03:39:31,548 INFO  server.RaftServerConfigKeys (ConfUtils.java:logGet(43)) - raft.server.log.appender.buffer.byte-limit = 33554432 (custom)
2019-08-19 03:39:31,549 INFO  server.RaftServerConfigKeys (ConfUtils.java:logGet(43)) - raft.server.log.queue.element-limit = 1024 (custom)
2019-08-19 03:39:31,549 INFO  server.RaftServerConfigKeys (ConfUtils.java:logGet(43)) - raft.server.log.segment.size.max = 1048576 (custom)
2019-08-19 03:39:31,549 INFO  server.RaftServerConfigKeys (ConfUtils.java:logGet(43)) - raft.server.log.segment.size.max = 1048576 (custom)
2019-08-19 03:39:31,549 INFO  server.RaftServerConfigKeys (ConfUtils.java:logGet(43)) - raft.server.log.preallocated.size = 16384 (custom)
2019-08-19 03:39:31,549 INFO  server.RaftServerConfigKeys (ConfUtils.java:logGet(43)) - raft.server.log.segment.size.max = 1048576 (custom)
2019-08-19 03:39:31,550 INFO  server.RaftServerConfigKeys (ConfUtils.java:logGet(43)) - raft.server.log.write.buffer.size = 33554432 (custom)
2019-08-19 03:39:31,550 INFO  server.RaftServerConfigKeys (ConfUtils.java:logGet(43)) - raft.server.log.force.sync.num = 128 (default)
2019-08-19 03:39:31,549 INFO  server.RaftServerConfigKeys (ConfUtils.java:logGet(43)) - raft.server.log.segment.cache.num.max = 2 (custom)
2019-08-19 03:39:31,550 INFO  server.RaftServerConfigKeys (ConfUtils.java:logGet(43)) - raft.server.log.statemachine.data.sync = true (default)
2019-08-19 03:39:31,550 INFO  server.RaftServerConfigKeys (ConfUtils.java:logGet(43)) - raft.server.log.segment.cache.num.max = 2 (custom)
2019-08-19 03:39:31,550 INFO  server.RaftServerConfigKeys (ConfUtils.java:logGet(43)) - raft.server.log.statemachine.data.sync.timeout = 10s (default)
2019-08-19 03:39:31,550 INFO  segmented.SegmentedRaftLogWorker (SegmentedRaftLogWorker.java:<init>(172)) - new 67c14123-fd6f-41fa-a960-6982b90314f2-SegmentedRaftLogWorker:Storage Directory /workdir/hadoop-ozone/integration-test/target/test-dir/MiniOzoneClusterImpl-b0e78f8e-0219-4c29-81a4-92a46718b188/datanode-4/data/ratis/13df34d5-3bdc-4032-857f-1c6f84b47cd9 for RaftStorage:Storage Directory /workdir/hadoop-ozone/integration-test/target/test-dir/MiniOzoneClusterImpl-b0e78f8e-0219-4c29-81a4-92a46718b188/datanode-4/data/ratis/13df34d5-3bdc-4032-857f-1c6f84b47cd9
2019-08-19 03:39:31,551 INFO  server.RaftServerConfigKeys (ConfUtils.java:logGet(43)) - raft.server.log.statemachine.data.sync.timeout.retry = -1 (default)
2019-08-19 03:39:31,551 INFO  segmented.SegmentedRaftLogWorker (SegmentedRaftLogWorker.java:<init>(172)) - new b9a843f0-d5a2-4491-a126-6f9b1d559eae-SegmentedRaftLogWorker:Storage Directory /workdir/hadoop-ozone/integration-test/target/test-dir/MiniOzoneClusterImpl-b0e78f8e-0219-4c29-81a4-92a46718b188/datanode-5/data/ratis/13df34d5-3bdc-4032-857f-1c6f84b47cd9 for RaftStorage:Storage Directory /workdir/hadoop-ozone/integration-test/target/test-dir/MiniOzoneClusterImpl-b0e78f8e-0219-4c29-81a4-92a46718b188/datanode-5/data/ratis/13df34d5-3bdc-4032-857f-1c6f84b47cd9
2019-08-19 03:39:31,551 INFO  server.RaftServerConfigKeys (ConfUtils.java:logGet(43)) - raft.server.log.statemachine.data.caching.enabled = true (custom)
2019-08-19 03:39:31,551 INFO  server.RaftServerConfigKeys (ConfUtils.java:logGet(43)) - raft.server.log.queue.byte-limit = 2147483647 (custom)
2019-08-19 03:39:31,551 INFO  server.RaftServerConfigKeys (ConfUtils.java:logGet(43)) - raft.server.log.queue.byte-limit = 2147483647 (custom)
2019-08-19 03:39:31,552 INFO  segmented.SegmentedRaftLogWorker (SegmentedRaftLogWorker.java:lambda$new$0(132)) - 2b8eb764-4144-40d1-9a1a-448d36cf7f55-SegmentedRaftLogWorker:Storage Directory /workdir/hadoop-ozone/integration-test/target/test-dir/MiniOzoneClusterImpl-b0e78f8e-0219-4c29-81a4-92a46718b188/datanode-3/data/ratis/13df34d5-3bdc-4032-857f-1c6f84b47cd9: flushIndex: setUnconditionally 0 -> -1
2019-08-19 03:39:31,552 INFO  server.RaftServerConfigKeys (ConfUtils.java:logGet(43)) - raft.server.log.queue.element-limit = 1024 (custom)
2019-08-19 03:39:31,552 INFO  server.RaftServerConfigKeys (ConfUtils.java:logGet(43)) - raft.server.log.queue.element-limit = 1024 (custom)
2019-08-19 03:39:31,552 INFO  server.RaftServerConfigKeys (ConfUtils.java:logGet(43)) - raft.server.snapshot.auto.trigger.enabled = true (custom)
2019-08-19 03:39:31,552 INFO  server.RaftServerConfigKeys (ConfUtils.java:logGet(43)) - raft.server.log.segment.size.max = 1048576 (custom)
2019-08-19 03:39:31,552 INFO  server.RaftServerConfigKeys (ConfUtils.java:logGet(43)) - raft.server.snapshot.auto.trigger.threshold = 10000 (custom)
2019-08-19 03:39:31,552 INFO  server.RaftServerConfigKeys (ConfUtils.java:logGet(43)) - raft.server.log.segment.size.max = 1048576 (custom)
2019-08-19 03:39:31,553 INFO  server.RaftServerConfigKeys (ConfUtils.java:logGet(43)) - raft.server.retrycache.expirytime = 600000ms (custom)
2019-08-19 03:39:31,553 INFO  server.RaftServerConfigKeys (ConfUtils.java:logGet(43)) - raft.server.log.preallocated.size = 16384 (custom)
2019-08-19 03:39:31,553 INFO  impl.RaftServerImpl (RaftServerImpl.java:start(180)) - 2b8eb764-4144-40d1-9a1a-448d36cf7f55: start group-1C6F84B47CD9
2019-08-19 03:39:31,553 INFO  impl.RaftServerImpl (RaftServerImpl.java:setRole(171)) - 2b8eb764-4144-40d1-9a1a-448d36cf7f55:group-1C6F84B47CD9 changes role from null to FOLLOWER at term 0 for startAsFollower
2019-08-19 03:39:31,553 INFO  server.RaftServerConfigKeys (ConfUtils.java:logGet(43)) - raft.server.log.preallocated.size = 16384 (custom)
2019-08-19 03:39:31,554 INFO  impl.RoleInfo (RoleInfo.java:updateAndGet(143)) - 2b8eb764-4144-40d1-9a1a-448d36cf7f55: start FollowerState
2019-08-19 03:39:31,553 INFO  server.RaftServerConfigKeys (ConfUtils.java:logGet(43)) - raft.server.log.write.buffer.size = 33554432 (custom)
2019-08-19 03:39:31,554 INFO  server.RaftServerConfigKeys (ConfUtils.java:logGet(43)) - raft.server.log.write.buffer.size = 33554432 (custom)
2019-08-19 03:39:31,554 INFO  util.JmxRegister (JmxRegister.java:tryRegister(44)) - Successfully registered JMX Bean with object name Ratis:service=RaftServer,group=group-1C6F84B47CD9,id=2b8eb764-4144-40d1-9a1a-448d36cf7f55
2019-08-19 03:39:31,554 INFO  server.RaftServerConfigKeys (ConfUtils.java:logGet(43)) - raft.server.log.force.sync.num = 128 (default)
2019-08-19 03:39:31,554 INFO  server.RaftServerConfigKeys (ConfUtils.java:logGet(43)) - raft.server.log.force.sync.num = 128 (default)
2019-08-19 03:39:31,555 INFO  server.RaftServerConfigKeys (ConfUtils.java:logGet(43)) - raft.server.log.statemachine.data.sync = true (default)
2019-08-19 03:39:31,555 INFO  server.RaftServerConfigKeys (ConfUtils.java:logGet(43)) - raft.server.log.statemachine.data.sync = true (default)
2019-08-19 03:39:31,555 INFO  server.RaftServerConfigKeys (ConfUtils.java:logGet(43)) - raft.server.log.statemachine.data.sync.timeout = 10s (default)
2019-08-19 03:39:31,555 INFO  server.RaftServerConfigKeys (ConfUtils.java:logGet(43)) - raft.server.log.statemachine.data.sync.timeout = 10s (default)
2019-08-19 03:39:31,555 INFO  server.RaftServerConfigKeys (ConfUtils.java:logGet(43)) - raft.server.log.statemachine.data.sync.timeout.retry = -1 (default)
2019-08-19 03:39:31,556 INFO  server.RaftServerConfigKeys (ConfUtils.java:logGet(43)) - raft.server.log.statemachine.data.sync.timeout.retry = -1 (default)
2019-08-19 03:39:31,556 INFO  server.RaftServerConfigKeys (ConfUtils.java:logGet(43)) - raft.server.log.statemachine.data.caching.enabled = true (custom)
2019-08-19 03:39:31,556 INFO  server.RaftServerConfigKeys (ConfUtils.java:logGet(43)) - raft.server.log.statemachine.data.caching.enabled = true (custom)
2019-08-19 03:39:31,556 INFO  segmented.SegmentedRaftLogWorker (SegmentedRaftLogWorker.java:lambda$new$0(132)) - 67c14123-fd6f-41fa-a960-6982b90314f2-SegmentedRaftLogWorker:Storage Directory /workdir/hadoop-ozone/integration-test/target/test-dir/MiniOzoneClusterImpl-b0e78f8e-0219-4c29-81a4-92a46718b188/datanode-4/data/ratis/13df34d5-3bdc-4032-857f-1c6f84b47cd9: flushIndex: setUnconditionally 0 -> -1
2019-08-19 03:39:31,556 INFO  segmented.SegmentedRaftLogWorker (SegmentedRaftLogWorker.java:lambda$new$0(132)) - b9a843f0-d5a2-4491-a126-6f9b1d559eae-SegmentedRaftLogWorker:Storage Directory /workdir/hadoop-ozone/integration-test/target/test-dir/MiniOzoneClusterImpl-b0e78f8e-0219-4c29-81a4-92a46718b188/datanode-5/data/ratis/13df34d5-3bdc-4032-857f-1c6f84b47cd9: flushIndex: setUnconditionally 0 -> -1
2019-08-19 03:39:31,557 INFO  server.RaftServerConfigKeys (ConfUtils.java:logGet(43)) - raft.server.snapshot.auto.trigger.enabled = true (custom)
2019-08-19 03:39:31,557 INFO  server.RaftServerConfigKeys (ConfUtils.java:logGet(43)) - raft.server.snapshot.auto.trigger.threshold = 10000 (custom)
2019-08-19 03:39:31,557 INFO  server.RaftServerConfigKeys (ConfUtils.java:logGet(43)) - raft.server.snapshot.auto.trigger.enabled = true (custom)
2019-08-19 03:39:31,557 INFO  server.RaftServerConfigKeys (ConfUtils.java:logGet(43)) - raft.server.retrycache.expirytime = 600000ms (custom)
2019-08-19 03:39:31,557 INFO  server.RaftServerConfigKeys (ConfUtils.java:logGet(43)) - raft.server.snapshot.auto.trigger.threshold = 10000 (custom)
2019-08-19 03:39:31,557 INFO  impl.RaftServerImpl (RaftServerImpl.java:start(180)) - 67c14123-fd6f-41fa-a960-6982b90314f2: start group-1C6F84B47CD9
2019-08-19 03:39:31,557 INFO  server.RaftServerConfigKeys (ConfUtils.java:logGet(43)) - raft.server.retrycache.expirytime = 600000ms (custom)
2019-08-19 03:39:31,558 INFO  impl.RaftServerImpl (RaftServerImpl.java:setRole(171)) - 67c14123-fd6f-41fa-a960-6982b90314f2:group-1C6F84B47CD9 changes role from null to FOLLOWER at term 0 for startAsFollower
2019-08-19 03:39:31,558 INFO  impl.RaftServerImpl (RaftServerImpl.java:start(180)) - b9a843f0-d5a2-4491-a126-6f9b1d559eae: start group-1C6F84B47CD9
2019-08-19 03:39:31,558 INFO  impl.RoleInfo (RoleInfo.java:updateAndGet(143)) - 67c14123-fd6f-41fa-a960-6982b90314f2: start FollowerState
2019-08-19 03:39:31,558 INFO  impl.RaftServerImpl (RaftServerImpl.java:setRole(171)) - b9a843f0-d5a2-4491-a126-6f9b1d559eae:group-1C6F84B47CD9 changes role from null to FOLLOWER at term 0 for startAsFollower
2019-08-19 03:39:31,558 INFO  impl.RoleInfo (RoleInfo.java:updateAndGet(143)) - b9a843f0-d5a2-4491-a126-6f9b1d559eae: start FollowerState
2019-08-19 03:39:31,558 INFO  util.JmxRegister (JmxRegister.java:tryRegister(44)) - Successfully registered JMX Bean with object name Ratis:service=RaftServer,group=group-1C6F84B47CD9,id=67c14123-fd6f-41fa-a960-6982b90314f2
2019-08-19 03:39:31,559 INFO  util.JmxRegister (JmxRegister.java:tryRegister(44)) - Successfully registered JMX Bean with object name Ratis:service=RaftServer,group=group-1C6F84B47CD9,id=b9a843f0-d5a2-4491-a126-6f9b1d559eae
2019-08-19 03:39:31,561 INFO  pipeline.PipelineStateManager (PipelineStateManager.java:addPipeline(56)) - Created pipeline Pipeline[ Id: 13df34d5-3bdc-4032-857f-1c6f84b47cd9, Nodes: 2b8eb764-4144-40d1-9a1a-448d36cf7f55{ip: 192.168.5.186, host: byscane-nightly-s779g-3358254982, networkLocation: /default-rack, certSerialId: null}67c14123-fd6f-41fa-a960-6982b90314f2{ip: 192.168.5.186, host: byscane-nightly-s779g-3358254982, networkLocation: /default-rack, certSerialId: null}b9a843f0-d5a2-4491-a126-6f9b1d559eae{ip: 192.168.5.186, host: byscane-nightly-s779g-3358254982, networkLocation: /default-rack, certSerialId: null}, Type:RATIS, Factor:THREE, State:OPEN]
2019-08-19 03:39:31,639 INFO  ozone.MiniOzoneClusterImpl (MiniOzoneClusterImpl.java:lambda$waitForClusterToBeReady$0(142)) - Waiting for cluster to be ready. Got 6 of 7 DN Heartbeats.
2019-08-19 03:39:31,640 INFO  net.NetworkTopology (NetworkTopologyImpl.java:add(110)) - Added a new node: /default-rack/fcd6f0a1-fd0b-4edc-9ce9-b56838030692
2019-08-19 03:39:31,640 INFO  node.SCMNodeManager (SCMNodeManager.java:register(273)) - Registered Data node : fcd6f0a1-fd0b-4edc-9ce9-b56838030692{ip: 192.168.5.186, host: byscane-nightly-s779g-3358254982, networkLocation: /default-rack, certSerialId: null}
2019-08-19 03:39:31,647 INFO  impl.RaftServerProxy (RaftServerProxy.java:addNew(89)) - fcd6f0a1-fd0b-4edc-9ce9-b56838030692: addNew group-09D4FF2A79EC:[fcd6f0a1-fd0b-4edc-9ce9-b56838030692:192.168.5.186:41229] returns group-09D4FF2A79EC:java.util.concurrent.CompletableFuture@5504147[Not completed]
2019-08-19 03:39:31,648 INFO  impl.RaftServerImpl (RaftServerImpl.java:<init>(93)) - fcd6f0a1-fd0b-4edc-9ce9-b56838030692: new RaftServerImpl for group-09D4FF2A79EC:[fcd6f0a1-fd0b-4edc-9ce9-b56838030692:192.168.5.186:41229] with ContainerStateMachine:uninitialized
2019-08-19 03:39:31,648 INFO  server.RaftServerConfigKeys (ConfUtils.java:logGet(43)) - raft.server.rpc.timeout.min = 5s (custom)
2019-08-19 03:39:31,648 INFO  server.RaftServerConfigKeys (ConfUtils.java:logGet(43)) - raft.server.rpc.timeout.max = 5200ms (custom)
2019-08-19 03:39:31,649 INFO  server.RaftServerConfigKeys (ConfUtils.java:logGet(43)) - raft.server.rpcslowness.timeout = 120s (custom)
2019-08-19 03:39:31,649 INFO  server.RaftServerConfigKeys (ConfUtils.java:logGet(43)) - raft.server.sleep.deviation.threshold = 300 (default)
2019-08-19 03:39:31,649 INFO  server.RaftServerConfigKeys (ConfUtils.java:logGet(43)) - raft.server.log.appender.install.snapshot.enabled = false (custom)
2019-08-19 03:39:31,649 INFO  impl.RaftServerImpl (ServerState.java:<init>(105)) - fcd6f0a1-fd0b-4edc-9ce9-b56838030692:group-09D4FF2A79EC ConfigurationManager, init=-1: [fcd6f0a1-fd0b-4edc-9ce9-b56838030692:192.168.5.186:41229], old=null, confs=<EMPTY_MAP>
2019-08-19 03:39:31,649 INFO  server.RaftServerConfigKeys (ConfUtils.java:logGet(43)) - raft.server.storage.dir = [/workdir/hadoop-ozone/integration-test/target/test-dir/MiniOzoneClusterImpl-b0e78f8e-0219-4c29-81a4-92a46718b188/datanode-6/data/ratis] (custom)
2019-08-19 03:39:31,650 INFO  storage.RaftStorageDirectory (RaftStorageDirectory.java:analyzeStorage(246)) - The storage directory /workdir/hadoop-ozone/integration-test/target/test-dir/MiniOzoneClusterImpl-b0e78f8e-0219-4c29-81a4-92a46718b188/datanode-6/data/ratis/821725b4-4e35-4584-ba09-09d4ff2a79ec does not exist. Creating ...
2019-08-19 03:39:31,663 INFO  storage.RaftStorageDirectory (RaftStorageDirectory.java:tryLock(328)) - Lock on /workdir/hadoop-ozone/integration-test/target/test-dir/MiniOzoneClusterImpl-b0e78f8e-0219-4c29-81a4-92a46718b188/datanode-6/data/ratis/821725b4-4e35-4584-ba09-09d4ff2a79ec/in_use.lock acquired by nodename 28932@byscane-nightly-s779g-3358254982
2019-08-19 03:39:31,676 INFO  storage.RaftStorage (RaftStorage.java:format(72)) - Storage directory /workdir/hadoop-ozone/integration-test/target/test-dir/MiniOzoneClusterImpl-b0e78f8e-0219-4c29-81a4-92a46718b188/datanode-6/data/ratis/821725b4-4e35-4584-ba09-09d4ff2a79ec has been successfully formatted.
2019-08-19 03:39:31,676 INFO  ratis.ContainerStateMachine (ContainerStateMachine.java:loadSnapshot(213)) - group-09D4FF2A79EC: The snapshot info is null. Setting the last applied indexto:(t:0, i:~)
2019-08-19 03:39:31,676 INFO  server.RaftServerConfigKeys (ConfUtils.java:logGet(43)) - raft.server.leader.election.timeout = 120s (custom)
2019-08-19 03:39:31,676 INFO  server.RaftServerConfigKeys (ConfUtils.java:logGet(43)) - raft.server.log.use.memory = false (default)
2019-08-19 03:39:31,677 INFO  server.RaftServerConfigKeys (ConfUtils.java:logGet(43)) - raft.server.log.purge.gap = 1000000000 (custom)
2019-08-19 03:39:31,677 INFO  server.RaftServerConfigKeys (ConfUtils.java:logGet(43)) - raft.server.log.appender.buffer.byte-limit = 33554432 (custom)
2019-08-19 03:39:31,677 INFO  server.RaftServerConfigKeys (ConfUtils.java:logGet(43)) - raft.server.log.segment.size.max = 1048576 (custom)
2019-08-19 03:39:31,677 INFO  server.RaftServerConfigKeys (ConfUtils.java:logGet(43)) - raft.server.log.segment.cache.num.max = 2 (custom)
2019-08-19 03:39:31,677 INFO  segmented.SegmentedRaftLogWorker (SegmentedRaftLogWorker.java:<init>(172)) - new fcd6f0a1-fd0b-4edc-9ce9-b56838030692-SegmentedRaftLogWorker:Storage Directory /workdir/hadoop-ozone/integration-test/target/test-dir/MiniOzoneClusterImpl-b0e78f8e-0219-4c29-81a4-92a46718b188/datanode-6/data/ratis/821725b4-4e35-4584-ba09-09d4ff2a79ec for RaftStorage:Storage Directory /workdir/hadoop-ozone/integration-test/target/test-dir/MiniOzoneClusterImpl-b0e78f8e-0219-4c29-81a4-92a46718b188/datanode-6/data/ratis/821725b4-4e35-4584-ba09-09d4ff2a79ec
2019-08-19 03:39:31,678 INFO  server.RaftServerConfigKeys (ConfUtils.java:logGet(43)) - raft.server.log.queue.byte-limit = 2147483647 (custom)
2019-08-19 03:39:31,678 INFO  server.RaftServerConfigKeys (ConfUtils.java:logGet(43)) - raft.server.log.queue.element-limit = 1024 (custom)
2019-08-19 03:39:31,678 INFO  server.RaftServerConfigKeys (ConfUtils.java:logGet(43)) - raft.server.log.segment.size.max = 1048576 (custom)
2019-08-19 03:39:31,678 INFO  server.RaftServerConfigKeys (ConfUtils.java:logGet(43)) - raft.server.log.preallocated.size = 16384 (custom)
2019-08-19 03:39:31,678 INFO  server.RaftServerConfigKeys (ConfUtils.java:logGet(43)) - raft.server.log.write.buffer.size = 33554432 (custom)
2019-08-19 03:39:31,678 INFO  server.RaftServerConfigKeys (ConfUtils.java:logGet(43)) - raft.server.log.force.sync.num = 128 (default)
2019-08-19 03:39:31,679 INFO  server.RaftServerConfigKeys (ConfUtils.java:logGet(43)) - raft.server.log.statemachine.data.sync = true (default)
2019-08-19 03:39:31,679 INFO  server.RaftServerConfigKeys (ConfUtils.java:logGet(43)) - raft.server.log.statemachine.data.sync.timeout = 10s (default)
2019-08-19 03:39:31,679 INFO  server.RaftServerConfigKeys (ConfUtils.java:logGet(43)) - raft.server.log.statemachine.data.sync.timeout.retry = -1 (default)
2019-08-19 03:39:31,679 INFO  server.RaftServerConfigKeys (ConfUtils.java:logGet(43)) - raft.server.log.statemachine.data.caching.enabled = true (custom)
2019-08-19 03:39:31,679 INFO  segmented.SegmentedRaftLogWorker (SegmentedRaftLogWorker.java:lambda$new$0(132)) - fcd6f0a1-fd0b-4edc-9ce9-b56838030692-SegmentedRaftLogWorker:Storage Directory /workdir/hadoop-ozone/integration-test/target/test-dir/MiniOzoneClusterImpl-b0e78f8e-0219-4c29-81a4-92a46718b188/datanode-6/data/ratis/821725b4-4e35-4584-ba09-09d4ff2a79ec: flushIndex: setUnconditionally 0 -> -1
2019-08-19 03:39:31,680 INFO  server.RaftServerConfigKeys (ConfUtils.java:logGet(43)) - raft.server.snapshot.auto.trigger.enabled = true (custom)
2019-08-19 03:39:31,680 INFO  server.RaftServerConfigKeys (ConfUtils.java:logGet(43)) - raft.server.snapshot.auto.trigger.threshold = 10000 (custom)
2019-08-19 03:39:31,680 INFO  server.RaftServerConfigKeys (ConfUtils.java:logGet(43)) - raft.server.retrycache.expirytime = 600000ms (custom)
2019-08-19 03:39:31,680 INFO  impl.RaftServerImpl (RaftServerImpl.java:start(180)) - fcd6f0a1-fd0b-4edc-9ce9-b56838030692: start group-09D4FF2A79EC
2019-08-19 03:39:31,681 INFO  impl.RaftServerImpl (RaftServerImpl.java:setRole(171)) - fcd6f0a1-fd0b-4edc-9ce9-b56838030692:group-09D4FF2A79EC changes role from null to FOLLOWER at term 0 for startAsFollower
2019-08-19 03:39:31,681 INFO  impl.RoleInfo (RoleInfo.java:updateAndGet(143)) - fcd6f0a1-fd0b-4edc-9ce9-b56838030692: start FollowerState
2019-08-19 03:39:31,681 INFO  util.JmxRegister (JmxRegister.java:tryRegister(44)) - Successfully registered JMX Bean with object name Ratis:service=RaftServer,group=group-09D4FF2A79EC,id=fcd6f0a1-fd0b-4edc-9ce9-b56838030692
2019-08-19 03:39:31,684 INFO  pipeline.PipelineStateManager (PipelineStateManager.java:addPipeline(56)) - Created pipeline Pipeline[ Id: 821725b4-4e35-4584-ba09-09d4ff2a79ec, Nodes: fcd6f0a1-fd0b-4edc-9ce9-b56838030692{ip: 192.168.5.186, host: byscane-nightly-s779g-3358254982, networkLocation: /default-rack, certSerialId: null}, Type:RATIS, Factor:ONE, State:OPEN]
2019-08-19 03:39:32,640 INFO  ozone.MiniOzoneClusterImpl (MiniOzoneClusterImpl.java:lambda$waitForClusterToBeReady$0(142)) - Cluster is ready. Got 7 of 7 DN Heartbeats.
2019-08-19 03:39:32,675 INFO  rpc.RpcClient (RpcClient.java:createVolume(288)) - Creating Volume: testblockoutputstream, with jenkins1000 as owner.
2019-08-19 03:39:32,690 INFO  rpc.RpcClient (RpcClient.java:createBucket(427)) - Creating Bucket: testblockoutputstream/testblockoutputstream, with Versioning false and Storage Type set to DISK and Encryption set to false 
2019-08-19 03:39:32,718 INFO  client.GrpcClientProtocolClient (GrpcClientProtocolClient.java:onNext(255)) - client-30600AA4AC63->29e30134-aa92-4c4c-97e3-3bc595c84317: receive RaftClientReply:client-30600AA4AC63->29e30134-aa92-4c4c-97e3-3bc595c84317@group-5CCD76D0AA69, cid=176, FAILED org.apache.ratis.protocol.NotLeaderException: Server 29e30134-aa92-4c4c-97e3-3bc595c84317 is not the leader (null). Request must be sent to leader., logIndex=0, commits[29e30134-aa92-4c4c-97e3-3bc595c84317:c-1]
2019-08-19 03:39:33,228 INFO  container.ReplicationManager (ReplicationManager.java:start(152)) - Starting Replication Monitor Thread.
2019-08-19 03:39:33,233 INFO  container.ReplicationManager (ReplicationManager.java:run(215)) - Replication Monitor Thread took 0 milliseconds for processing 1 containers.
2019-08-19 03:39:33,731 INFO  client.GrpcClientProtocolClient (GrpcClientProtocolClient.java:onNext(255)) - client-30600AA4AC63->07b680a3-1247-4695-b0a1-a55b43de70d2: receive RaftClientReply:client-30600AA4AC63->07b680a3-1247-4695-b0a1-a55b43de70d2@group-5CCD76D0AA69, cid=176, FAILED org.apache.ratis.protocol.NotLeaderException: Server 07b680a3-1247-4695-b0a1-a55b43de70d2 is not the leader (null). Request must be sent to leader., logIndex=0, commits[07b680a3-1247-4695-b0a1-a55b43de70d2:c-1]
2019-08-19 03:39:34,745 INFO  client.GrpcClientProtocolClient (GrpcClientProtocolClient.java:onNext(255)) - client-30600AA4AC63->29e30134-aa92-4c4c-97e3-3bc595c84317: receive RaftClientReply:client-30600AA4AC63->29e30134-aa92-4c4c-97e3-3bc595c84317@group-5CCD76D0AA69, cid=176, FAILED org.apache.ratis.protocol.NotLeaderException: Server 29e30134-aa92-4c4c-97e3-3bc595c84317 is not the leader (null). Request must be sent to leader., logIndex=0, commits[29e30134-aa92-4c4c-97e3-3bc595c84317:c-1]
2019-08-19 03:39:35,323 INFO  impl.FollowerState (FollowerState.java:run(106)) - 29e30134-aa92-4c4c-97e3-3bc595c84317:group-CB0235E1C10D changes to CANDIDATE, lastRpcTime:5026, electionTimeout:5026ms
2019-08-19 03:39:35,324 INFO  impl.RoleInfo (RoleInfo.java:shutdownFollowerState(121)) - 29e30134-aa92-4c4c-97e3-3bc595c84317: shutdown FollowerState
2019-08-19 03:39:35,324 INFO  impl.RaftServerImpl (RaftServerImpl.java:setRole(171)) - 29e30134-aa92-4c4c-97e3-3bc595c84317:group-CB0235E1C10D changes role from FOLLOWER to CANDIDATE at term 0 for changeToCandidate
2019-08-19 03:39:35,324 INFO  impl.RoleInfo (RoleInfo.java:updateAndGet(143)) - 29e30134-aa92-4c4c-97e3-3bc595c84317: start LeaderElection
2019-08-19 03:39:35,348 INFO  impl.LeaderElection (LeaderElection.java:askForVotes(181)) - 29e30134-aa92-4c4c-97e3-3bc595c84317:group-CB0235E1C10D:LeaderElection73: begin an election at term 1 for -1: [29e30134-aa92-4c4c-97e3-3bc595c84317:192.168.5.186:39686], old=null
2019-08-19 03:39:35,349 INFO  impl.RoleInfo (RoleInfo.java:shutdownLeaderElection(134)) - 29e30134-aa92-4c4c-97e3-3bc595c84317: shutdown LeaderElection
2019-08-19 03:39:35,349 INFO  impl.RaftServerImpl (RaftServerImpl.java:setRole(171)) - 29e30134-aa92-4c4c-97e3-3bc595c84317:group-CB0235E1C10D changes role from CANDIDATE to LEADER at term 1 for changeToLeader
2019-08-19 03:39:35,349 INFO  impl.RaftServerImpl (ServerState.java:setLeader(263)) - 29e30134-aa92-4c4c-97e3-3bc595c84317:group-CB0235E1C10D change Leader from null to 29e30134-aa92-4c4c-97e3-3bc595c84317 at term 1 for becomeLeader, leader elected after 5057ms
2019-08-19 03:39:35,349 INFO  server.RaftServerConfigKeys (ConfUtils.java:logGet(43)) - raft.server.staging.catchup.gap = 1000 (default)
2019-08-19 03:39:35,349 INFO  server.RaftServerConfigKeys (ConfUtils.java:logGet(43)) - raft.server.rpc.sleep.time = 25ms (default)
2019-08-19 03:39:35,350 INFO  server.RaftServerConfigKeys (ConfUtils.java:logGet(43)) - raft.server.write.element-limit = 4096 (default)
2019-08-19 03:39:35,350 INFO  server.RaftServerConfigKeys (ConfUtils.java:logGet(43)) - raft.server.watch.timeout = 10s (default)
2019-08-19 03:39:35,350 INFO  server.RaftServerConfigKeys (ConfUtils.java:logGet(43)) - raft.server.watch.timeout.denomination = 1s (default)
2019-08-19 03:39:35,350 INFO  server.RaftServerConfigKeys (ConfUtils.java:logGet(43)) - raft.server.watch.element-limit = 65536 (default)
2019-08-19 03:39:35,350 INFO  impl.RoleInfo (RoleInfo.java:updateAndGet(143)) - 29e30134-aa92-4c4c-97e3-3bc595c84317: start LeaderState
2019-08-19 03:39:35,351 INFO  segmented.SegmentedRaftLogWorker (SegmentedRaftLogWorker.java:startLogSegment(380)) - 29e30134-aa92-4c4c-97e3-3bc595c84317-SegmentedRaftLogWorker:Storage Directory /workdir/hadoop-ozone/integration-test/target/test-dir/MiniOzoneClusterImpl-b0e78f8e-0219-4c29-81a4-92a46718b188/datanode-0/data/ratis/ebd26bb4-6bdd-4c23-8194-cb0235e1c10d: Starting segment from index:0
2019-08-19 03:39:35,352 INFO  impl.RaftServerImpl (ServerState.java:setRaftConf(361)) - 29e30134-aa92-4c4c-97e3-3bc595c84317:group-CB0235E1C10D set configuration 0: [29e30134-aa92-4c4c-97e3-3bc595c84317:192.168.5.186:39686], old=null at 0
2019-08-19 03:39:35,400 INFO  segmented.SegmentedRaftLogWorker (SegmentedRaftLogWorker.java:execute(569)) - 29e30134-aa92-4c4c-97e3-3bc595c84317-SegmentedRaftLogWorker:Storage Directory /workdir/hadoop-ozone/integration-test/target/test-dir/MiniOzoneClusterImpl-b0e78f8e-0219-4c29-81a4-92a46718b188/datanode-0/data/ratis/ebd26bb4-6bdd-4c23-8194-cb0235e1c10d: created new log segment /workdir/hadoop-ozone/integration-test/target/test-dir/MiniOzoneClusterImpl-b0e78f8e-0219-4c29-81a4-92a46718b188/datanode-0/data/ratis/ebd26bb4-6bdd-4c23-8194-cb0235e1c10d/current/log_inprogress_0
2019-08-19 03:39:35,583 INFO  impl.FollowerState (FollowerState.java:run(106)) - 07b680a3-1247-4695-b0a1-a55b43de70d2:group-BAEC35ED322C changes to CANDIDATE, lastRpcTime:5148, electionTimeout:5148ms
2019-08-19 03:39:35,583 INFO  impl.RoleInfo (RoleInfo.java:shutdownFollowerState(121)) - 07b680a3-1247-4695-b0a1-a55b43de70d2: shutdown FollowerState
2019-08-19 03:39:35,584 INFO  impl.RaftServerImpl (RaftServerImpl.java:setRole(171)) - 07b680a3-1247-4695-b0a1-a55b43de70d2:group-BAEC35ED322C changes role from FOLLOWER to CANDIDATE at term 0 for changeToCandidate
2019-08-19 03:39:35,584 INFO  impl.RoleInfo (RoleInfo.java:updateAndGet(143)) - 07b680a3-1247-4695-b0a1-a55b43de70d2: start LeaderElection
2019-08-19 03:39:35,647 INFO  impl.LeaderElection (LeaderElection.java:askForVotes(181)) - 07b680a3-1247-4695-b0a1-a55b43de70d2:group-BAEC35ED322C:LeaderElection74: begin an election at term 1 for -1: [07b680a3-1247-4695-b0a1-a55b43de70d2:192.168.5.186:37215], old=null
2019-08-19 03:39:35,648 INFO  impl.RoleInfo (RoleInfo.java:shutdownLeaderElection(134)) - 07b680a3-1247-4695-b0a1-a55b43de70d2: shutdown LeaderElection
2019-08-19 03:39:35,648 INFO  impl.RaftServerImpl (RaftServerImpl.java:setRole(171)) - 07b680a3-1247-4695-b0a1-a55b43de70d2:group-BAEC35ED322C changes role from CANDIDATE to LEADER at term 1 for changeToLeader
2019-08-19 03:39:35,648 INFO  impl.RaftServerImpl (ServerState.java:setLeader(263)) - 07b680a3-1247-4695-b0a1-a55b43de70d2:group-BAEC35ED322C change Leader from null to 07b680a3-1247-4695-b0a1-a55b43de70d2 at term 1 for becomeLeader, leader elected after 5217ms
2019-08-19 03:39:35,648 INFO  server.RaftServerConfigKeys (ConfUtils.java:logGet(43)) - raft.server.staging.catchup.gap = 1000 (default)
2019-08-19 03:39:35,648 INFO  server.RaftServerConfigKeys (ConfUtils.java:logGet(43)) - raft.server.rpc.sleep.time = 25ms (default)
2019-08-19 03:39:35,649 INFO  server.RaftServerConfigKeys (ConfUtils.java:logGet(43)) - raft.server.write.element-limit = 4096 (default)
2019-08-19 03:39:35,649 INFO  server.RaftServerConfigKeys (ConfUtils.java:logGet(43)) - raft.server.watch.timeout = 10s (default)
2019-08-19 03:39:35,649 INFO  server.RaftServerConfigKeys (ConfUtils.java:logGet(43)) - raft.server.watch.timeout.denomination = 1s (default)
2019-08-19 03:39:35,649 INFO  server.RaftServerConfigKeys (ConfUtils.java:logGet(43)) - raft.server.watch.element-limit = 65536 (default)
2019-08-19 03:39:35,649 INFO  impl.RoleInfo (RoleInfo.java:updateAndGet(143)) - 07b680a3-1247-4695-b0a1-a55b43de70d2: start LeaderState
2019-08-19 03:39:35,650 INFO  segmented.SegmentedRaftLogWorker (SegmentedRaftLogWorker.java:startLogSegment(380)) - 07b680a3-1247-4695-b0a1-a55b43de70d2-SegmentedRaftLogWorker:Storage Directory /workdir/hadoop-ozone/integration-test/target/test-dir/MiniOzoneClusterImpl-b0e78f8e-0219-4c29-81a4-92a46718b188/datanode-1/data/ratis/b028db63-28ec-4619-888c-baec35ed322c: Starting segment from index:0
2019-08-19 03:39:35,650 INFO  impl.RaftServerImpl (ServerState.java:setRaftConf(361)) - 07b680a3-1247-4695-b0a1-a55b43de70d2:group-BAEC35ED322C set configuration 0: [07b680a3-1247-4695-b0a1-a55b43de70d2:192.168.5.186:37215], old=null at 0
2019-08-19 03:39:35,705 INFO  segmented.SegmentedRaftLogWorker (SegmentedRaftLogWorker.java:execute(569)) - 07b680a3-1247-4695-b0a1-a55b43de70d2-SegmentedRaftLogWorker:Storage Directory /workdir/hadoop-ozone/integration-test/target/test-dir/MiniOzoneClusterImpl-b0e78f8e-0219-4c29-81a4-92a46718b188/datanode-1/data/ratis/b028db63-28ec-4619-888c-baec35ed322c: created new log segment /workdir/hadoop-ozone/integration-test/target/test-dir/MiniOzoneClusterImpl-b0e78f8e-0219-4c29-81a4-92a46718b188/datanode-1/data/ratis/b028db63-28ec-4619-888c-baec35ed322c/current/log_inprogress_0
2019-08-19 03:39:35,749 INFO  impl.FollowerState (FollowerState.java:run(106)) - fb94fa56-34bc-4ed4-976f-328d7d7f96e9:group-74A37346CAE6 changes to CANDIDATE, lastRpcTime:5101, electionTimeout:5101ms
2019-08-19 03:39:35,749 INFO  impl.RoleInfo (RoleInfo.java:shutdownFollowerState(121)) - fb94fa56-34bc-4ed4-976f-328d7d7f96e9: shutdown FollowerState
2019-08-19 03:39:35,749 INFO  impl.RaftServerImpl (RaftServerImpl.java:setRole(171)) - fb94fa56-34bc-4ed4-976f-328d7d7f96e9:group-74A37346CAE6 changes role from FOLLOWER to CANDIDATE at term 0 for changeToCandidate
2019-08-19 03:39:35,750 INFO  impl.RoleInfo (RoleInfo.java:updateAndGet(143)) - fb94fa56-34bc-4ed4-976f-328d7d7f96e9: start LeaderElection
2019-08-19 03:39:35,759 INFO  client.GrpcClientProtocolClient (GrpcClientProtocolClient.java:onNext(255)) - client-30600AA4AC63->07b680a3-1247-4695-b0a1-a55b43de70d2: receive RaftClientReply:client-30600AA4AC63->07b680a3-1247-4695-b0a1-a55b43de70d2@group-5CCD76D0AA69, cid=176, FAILED org.apache.ratis.protocol.NotLeaderException: Server 07b680a3-1247-4695-b0a1-a55b43de70d2 is not the leader (null). Request must be sent to leader., logIndex=0, commits[07b680a3-1247-4695-b0a1-a55b43de70d2:c-1]
2019-08-19 03:39:35,768 INFO  impl.LeaderElection (LeaderElection.java:askForVotes(181)) - fb94fa56-34bc-4ed4-976f-328d7d7f96e9:group-74A37346CAE6:LeaderElection75: begin an election at term 1 for -1: [fb94fa56-34bc-4ed4-976f-328d7d7f96e9:192.168.5.186:45542], old=null
2019-08-19 03:39:35,768 INFO  impl.RoleInfo (RoleInfo.java:shutdownLeaderElection(134)) - fb94fa56-34bc-4ed4-976f-328d7d7f96e9: shutdown LeaderElection
2019-08-19 03:39:35,768 INFO  impl.RaftServerImpl (RaftServerImpl.java:setRole(171)) - fb94fa56-34bc-4ed4-976f-328d7d7f96e9:group-74A37346CAE6 changes role from CANDIDATE to LEADER at term 1 for changeToLeader
2019-08-19 03:39:35,768 INFO  impl.RaftServerImpl (ServerState.java:setLeader(263)) - fb94fa56-34bc-4ed4-976f-328d7d7f96e9:group-74A37346CAE6 change Leader from null to fb94fa56-34bc-4ed4-976f-328d7d7f96e9 at term 1 for becomeLeader, leader elected after 5125ms
2019-08-19 03:39:35,768 INFO  server.RaftServerConfigKeys (ConfUtils.java:logGet(43)) - raft.server.staging.catchup.gap = 1000 (default)
2019-08-19 03:39:35,768 INFO  server.RaftServerConfigKeys (ConfUtils.java:logGet(43)) - raft.server.rpc.sleep.time = 25ms (default)
2019-08-19 03:39:35,769 INFO  server.RaftServerConfigKeys (ConfUtils.java:logGet(43)) - raft.server.write.element-limit = 4096 (default)
2019-08-19 03:39:35,769 INFO  server.RaftServerConfigKeys (ConfUtils.java:logGet(43)) - raft.server.watch.timeout = 10s (default)
2019-08-19 03:39:35,769 INFO  server.RaftServerConfigKeys (ConfUtils.java:logGet(43)) - raft.server.watch.timeout.denomination = 1s (default)
2019-08-19 03:39:35,769 INFO  server.RaftServerConfigKeys (ConfUtils.java:logGet(43)) - raft.server.watch.element-limit = 65536 (default)
2019-08-19 03:39:35,769 INFO  impl.RoleInfo (RoleInfo.java:updateAndGet(143)) - fb94fa56-34bc-4ed4-976f-328d7d7f96e9: start LeaderState
2019-08-19 03:39:35,770 INFO  segmented.SegmentedRaftLogWorker (SegmentedRaftLogWorker.java:startLogSegment(380)) - fb94fa56-34bc-4ed4-976f-328d7d7f96e9-SegmentedRaftLogWorker:Storage Directory /workdir/hadoop-ozone/integration-test/target/test-dir/MiniOzoneClusterImpl-b0e78f8e-0219-4c29-81a4-92a46718b188/datanode-2/data/ratis/55bb6202-20fa-4fad-8cce-74a37346cae6: Starting segment from index:0
2019-08-19 03:39:35,770 INFO  impl.RaftServerImpl (ServerState.java:setRaftConf(361)) - fb94fa56-34bc-4ed4-976f-328d7d7f96e9:group-74A37346CAE6 set configuration 0: [fb94fa56-34bc-4ed4-976f-328d7d7f96e9:192.168.5.186:45542], old=null at 0
2019-08-19 03:39:35,805 INFO  segmented.SegmentedRaftLogWorker (SegmentedRaftLogWorker.java:execute(569)) - fb94fa56-34bc-4ed4-976f-328d7d7f96e9-SegmentedRaftLogWorker:Storage Directory /workdir/hadoop-ozone/integration-test/target/test-dir/MiniOzoneClusterImpl-b0e78f8e-0219-4c29-81a4-92a46718b188/datanode-2/data/ratis/55bb6202-20fa-4fad-8cce-74a37346cae6: created new log segment /workdir/hadoop-ozone/integration-test/target/test-dir/MiniOzoneClusterImpl-b0e78f8e-0219-4c29-81a4-92a46718b188/datanode-2/data/ratis/55bb6202-20fa-4fad-8cce-74a37346cae6/current/log_inprogress_0
2019-08-19 03:39:35,819 INFO  impl.FollowerState (FollowerState.java:run(106)) - 29e30134-aa92-4c4c-97e3-3bc595c84317:group-5CCD76D0AA69 changes to CANDIDATE, lastRpcTime:5099, electionTimeout:5099ms
2019-08-19 03:39:35,819 INFO  impl.RoleInfo (RoleInfo.java:shutdownFollowerState(121)) - 29e30134-aa92-4c4c-97e3-3bc595c84317: shutdown FollowerState
2019-08-19 03:39:35,819 INFO  impl.RaftServerImpl (RaftServerImpl.java:setRole(171)) - 29e30134-aa92-4c4c-97e3-3bc595c84317:group-5CCD76D0AA69 changes role from FOLLOWER to CANDIDATE at term 0 for changeToCandidate
2019-08-19 03:39:35,819 INFO  impl.RoleInfo (RoleInfo.java:updateAndGet(143)) - 29e30134-aa92-4c4c-97e3-3bc595c84317: start LeaderElection
2019-08-19 03:39:35,838 INFO  impl.LeaderElection (LeaderElection.java:askForVotes(181)) - 29e30134-aa92-4c4c-97e3-3bc595c84317:group-5CCD76D0AA69:LeaderElection76: begin an election at term 1 for -1: [29e30134-aa92-4c4c-97e3-3bc595c84317:192.168.5.186:39686, fb94fa56-34bc-4ed4-976f-328d7d7f96e9:192.168.5.186:45542, 07b680a3-1247-4695-b0a1-a55b43de70d2:192.168.5.186:37215], old=null
2019-08-19 03:39:35,843 INFO  impl.RaftServerImpl (RaftServerImpl.java:setRole(171)) - 07b680a3-1247-4695-b0a1-a55b43de70d2:group-5CCD76D0AA69 changes role from FOLLOWER to FOLLOWER at term 1 for recognizeCandidate:29e30134-aa92-4c4c-97e3-3bc595c84317
2019-08-19 03:39:35,843 INFO  impl.RoleInfo (RoleInfo.java:shutdownFollowerState(121)) - 07b680a3-1247-4695-b0a1-a55b43de70d2: shutdown FollowerState
2019-08-19 03:39:35,844 INFO  impl.RoleInfo (RoleInfo.java:updateAndGet(143)) - 07b680a3-1247-4695-b0a1-a55b43de70d2: start FollowerState
2019-08-19 03:39:35,844 INFO  impl.FollowerState (FollowerState.java:run(114)) - 07b680a3-1247-4695-b0a1-a55b43de70d2: FollowerState was interrupted: java.lang.InterruptedException: sleep interrupted
2019-08-19 03:39:35,844 INFO  impl.RaftServerImpl (RaftServerImpl.java:setRole(171)) - fb94fa56-34bc-4ed4-976f-328d7d7f96e9:group-5CCD76D0AA69 changes role from FOLLOWER to FOLLOWER at term 1 for recognizeCandidate:29e30134-aa92-4c4c-97e3-3bc595c84317
2019-08-19 03:39:35,846 INFO  impl.RoleInfo (RoleInfo.java:shutdownFollowerState(121)) - fb94fa56-34bc-4ed4-976f-328d7d7f96e9: shutdown FollowerState
2019-08-19 03:39:35,847 INFO  impl.RoleInfo (RoleInfo.java:updateAndGet(143)) - fb94fa56-34bc-4ed4-976f-328d7d7f96e9: start FollowerState
2019-08-19 03:39:35,847 INFO  impl.FollowerState (FollowerState.java:run(114)) - fb94fa56-34bc-4ed4-976f-328d7d7f96e9: FollowerState was interrupted: java.lang.InterruptedException: sleep interrupted
2019-08-19 03:39:35,872 INFO  impl.LeaderElection (LeaderElection.java:logAndReturn(56)) - 29e30134-aa92-4c4c-97e3-3bc595c84317:group-5CCD76D0AA69:LeaderElection76: Election PASSED; received 1 response(s) [29e30134-aa92-4c4c-97e3-3bc595c84317<-fb94fa56-34bc-4ed4-976f-328d7d7f96e9#0:OK-t1] and 0 exception(s); 29e30134-aa92-4c4c-97e3-3bc595c84317:t1, leader=null, voted=29e30134-aa92-4c4c-97e3-3bc595c84317, raftlog=29e30134-aa92-4c4c-97e3-3bc595c84317-SegmentedRaftLog:OPENED:c-1,f-1,i0, conf=-1: [29e30134-aa92-4c4c-97e3-3bc595c84317:192.168.5.186:39686, fb94fa56-34bc-4ed4-976f-328d7d7f96e9:192.168.5.186:45542, 07b680a3-1247-4695-b0a1-a55b43de70d2:192.168.5.186:37215], old=null
2019-08-19 03:39:35,873 INFO  impl.RoleInfo (RoleInfo.java:shutdownLeaderElection(134)) - 29e30134-aa92-4c4c-97e3-3bc595c84317: shutdown LeaderElection
2019-08-19 03:39:35,873 INFO  impl.RaftServerImpl (RaftServerImpl.java:setRole(171)) - 29e30134-aa92-4c4c-97e3-3bc595c84317:group-5CCD76D0AA69 changes role from CANDIDATE to LEADER at term 1 for changeToLeader
2019-08-19 03:39:35,873 INFO  impl.RaftServerImpl (ServerState.java:setLeader(263)) - 29e30134-aa92-4c4c-97e3-3bc595c84317:group-5CCD76D0AA69 change Leader from null to 29e30134-aa92-4c4c-97e3-3bc595c84317 at term 1 for becomeLeader, leader elected after 5160ms
2019-08-19 03:39:35,873 INFO  server.RaftServerConfigKeys (ConfUtils.java:logGet(43)) - raft.server.staging.catchup.gap = 1000 (default)
2019-08-19 03:39:35,873 INFO  server.RaftServerConfigKeys (ConfUtils.java:logGet(43)) - raft.server.rpc.sleep.time = 25ms (default)
2019-08-19 03:39:35,874 INFO  server.RaftServerConfigKeys (ConfUtils.java:logGet(43)) - raft.server.write.element-limit = 4096 (default)
2019-08-19 03:39:35,874 INFO  server.RaftServerConfigKeys (ConfUtils.java:logGet(43)) - raft.server.watch.timeout = 10s (default)
2019-08-19 03:39:35,874 INFO  server.RaftServerConfigKeys (ConfUtils.java:logGet(43)) - raft.server.watch.timeout.denomination = 1s (default)
2019-08-19 03:39:35,874 INFO  server.RaftServerConfigKeys (ConfUtils.java:logGet(43)) - raft.server.watch.element-limit = 65536 (default)
2019-08-19 03:39:35,874 INFO  server.RaftServerConfigKeys (ConfUtils.java:logGet(43)) - raft.server.log.appender.snapshot.chunk.size.max = 16MB (=16777216) (default)
2019-08-19 03:39:35,875 INFO  server.RaftServerConfigKeys (ConfUtils.java:logGet(43)) - raft.server.log.appender.buffer.byte-limit = 33554432 (custom)
2019-08-19 03:39:35,875 INFO  server.RaftServerConfigKeys (ConfUtils.java:logGet(43)) - raft.server.log.appender.buffer.element-limit = 1 (custom)
2019-08-19 03:39:35,875 INFO  grpc.GrpcConfigKeys$Server (ConfUtils.java:logGet(43)) - raft.grpc.server.leader.outstanding.appends.max = 128 (default)
2019-08-19 03:39:35,875 INFO  server.RaftServerConfigKeys (ConfUtils.java:logGet(43)) - raft.server.rpc.request.timeout = 3000ms (default)
2019-08-19 03:39:35,876 INFO  server.RaftServerConfigKeys (ConfUtils.java:logGet(43)) - raft.server.log.appender.install.snapshot.enabled = false (custom)
2019-08-19 03:39:35,876 INFO  server.RaftServerConfigKeys (ConfUtils.java:logGet(43)) - raft.server.log.appender.snapshot.chunk.size.max = 16MB (=16777216) (default)
2019-08-19 03:39:35,876 INFO  server.RaftServerConfigKeys (ConfUtils.java:logGet(43)) - raft.server.log.appender.buffer.byte-limit = 33554432 (custom)
2019-08-19 03:39:35,876 INFO  server.RaftServerConfigKeys (ConfUtils.java:logGet(43)) - raft.server.log.appender.buffer.element-limit = 1 (custom)
2019-08-19 03:39:35,876 INFO  grpc.GrpcConfigKeys$Server (ConfUtils.java:logGet(43)) - raft.grpc.server.leader.outstanding.appends.max = 128 (default)
2019-08-19 03:39:35,877 INFO  server.RaftServerConfigKeys (ConfUtils.java:logGet(43)) - raft.server.rpc.request.timeout = 3000ms (default)
2019-08-19 03:39:35,877 INFO  server.RaftServerConfigKeys (ConfUtils.java:logGet(43)) - raft.server.log.appender.install.snapshot.enabled = false (custom)
2019-08-19 03:39:35,877 INFO  impl.RoleInfo (RoleInfo.java:updateAndGet(143)) - 29e30134-aa92-4c4c-97e3-3bc595c84317: start LeaderState
2019-08-19 03:39:35,877 INFO  segmented.SegmentedRaftLogWorker (SegmentedRaftLogWorker.java:startLogSegment(380)) - 29e30134-aa92-4c4c-97e3-3bc595c84317-SegmentedRaftLogWorker:Storage Directory /workdir/hadoop-ozone/integration-test/target/test-dir/MiniOzoneClusterImpl-b0e78f8e-0219-4c29-81a4-92a46718b188/datanode-0/data/ratis/2e9bd0f1-af17-4c1c-b5d8-5ccd76d0aa69: Starting segment from index:0
2019-08-19 03:39:35,878 INFO  impl.RaftServerImpl (ServerState.java:setRaftConf(361)) - 29e30134-aa92-4c4c-97e3-3bc595c84317:group-5CCD76D0AA69 set configuration 0: [29e30134-aa92-4c4c-97e3-3bc595c84317:192.168.5.186:39686, fb94fa56-34bc-4ed4-976f-328d7d7f96e9:192.168.5.186:45542, 07b680a3-1247-4695-b0a1-a55b43de70d2:192.168.5.186:37215], old=null at 0
2019-08-19 03:39:35,880 INFO  impl.RaftServerImpl (ServerState.java:setLeader(263)) - fb94fa56-34bc-4ed4-976f-328d7d7f96e9:group-5CCD76D0AA69 change Leader from null to 29e30134-aa92-4c4c-97e3-3bc595c84317 at term 1 for appendEntries, leader elected after 5168ms
2019-08-19 03:39:35,880 INFO  impl.RaftServerImpl (ServerState.java:setLeader(263)) - 07b680a3-1247-4695-b0a1-a55b43de70d2:group-5CCD76D0AA69 change Leader from null to 29e30134-aa92-4c4c-97e3-3bc595c84317 at term 1 for appendEntries, leader elected after 5168ms
2019-08-19 03:39:35,934 INFO  impl.RaftServerImpl (ServerState.java:setRaftConf(361)) - fb94fa56-34bc-4ed4-976f-328d7d7f96e9:group-5CCD76D0AA69 set configuration 0: [29e30134-aa92-4c4c-97e3-3bc595c84317:192.168.5.186:39686, fb94fa56-34bc-4ed4-976f-328d7d7f96e9:192.168.5.186:45542, 07b680a3-1247-4695-b0a1-a55b43de70d2:192.168.5.186:37215], old=null at 0
2019-08-19 03:39:35,936 INFO  impl.RaftServerImpl (ServerState.java:setRaftConf(361)) - 07b680a3-1247-4695-b0a1-a55b43de70d2:group-5CCD76D0AA69 set configuration 0: [29e30134-aa92-4c4c-97e3-3bc595c84317:192.168.5.186:39686, fb94fa56-34bc-4ed4-976f-328d7d7f96e9:192.168.5.186:45542, 07b680a3-1247-4695-b0a1-a55b43de70d2:192.168.5.186:37215], old=null at 0
2019-08-19 03:39:35,937 INFO  segmented.SegmentedRaftLogWorker (SegmentedRaftLogWorker.java:startLogSegment(380)) - fb94fa56-34bc-4ed4-976f-328d7d7f96e9-SegmentedRaftLogWorker:Storage Directory /workdir/hadoop-ozone/integration-test/target/test-dir/MiniOzoneClusterImpl-b0e78f8e-0219-4c29-81a4-92a46718b188/datanode-2/data/ratis/2e9bd0f1-af17-4c1c-b5d8-5ccd76d0aa69: Starting segment from index:0
2019-08-19 03:39:35,937 INFO  segmented.SegmentedRaftLogWorker (SegmentedRaftLogWorker.java:startLogSegment(380)) - 07b680a3-1247-4695-b0a1-a55b43de70d2-SegmentedRaftLogWorker:Storage Directory /workdir/hadoop-ozone/integration-test/target/test-dir/MiniOzoneClusterImpl-b0e78f8e-0219-4c29-81a4-92a46718b188/datanode-1/data/ratis/2e9bd0f1-af17-4c1c-b5d8-5ccd76d0aa69: Starting segment from index:0
2019-08-19 03:39:35,943 INFO  segmented.SegmentedRaftLogWorker (SegmentedRaftLogWorker.java:execute(569)) - 29e30134-aa92-4c4c-97e3-3bc595c84317-SegmentedRaftLogWorker:Storage Directory /workdir/hadoop-ozone/integration-test/target/test-dir/MiniOzoneClusterImpl-b0e78f8e-0219-4c29-81a4-92a46718b188/datanode-0/data/ratis/2e9bd0f1-af17-4c1c-b5d8-5ccd76d0aa69: created new log segment /workdir/hadoop-ozone/integration-test/target/test-dir/MiniOzoneClusterImpl-b0e78f8e-0219-4c29-81a4-92a46718b188/datanode-0/data/ratis/2e9bd0f1-af17-4c1c-b5d8-5ccd76d0aa69/current/log_inprogress_0
2019-08-19 03:39:35,969 INFO  segmented.SegmentedRaftLogWorker (SegmentedRaftLogWorker.java:execute(569)) - 07b680a3-1247-4695-b0a1-a55b43de70d2-SegmentedRaftLogWorker:Storage Directory /workdir/hadoop-ozone/integration-test/target/test-dir/MiniOzoneClusterImpl-b0e78f8e-0219-4c29-81a4-92a46718b188/datanode-1/data/ratis/2e9bd0f1-af17-4c1c-b5d8-5ccd76d0aa69: created new log segment /workdir/hadoop-ozone/integration-test/target/test-dir/MiniOzoneClusterImpl-b0e78f8e-0219-4c29-81a4-92a46718b188/datanode-1/data/ratis/2e9bd0f1-af17-4c1c-b5d8-5ccd76d0aa69/current/log_inprogress_0
2019-08-19 03:39:35,969 INFO  segmented.SegmentedRaftLogWorker (SegmentedRaftLogWorker.java:execute(569)) - fb94fa56-34bc-4ed4-976f-328d7d7f96e9-SegmentedRaftLogWorker:Storage Directory /workdir/hadoop-ozone/integration-test/target/test-dir/MiniOzoneClusterImpl-b0e78f8e-0219-4c29-81a4-92a46718b188/datanode-2/data/ratis/2e9bd0f1-af17-4c1c-b5d8-5ccd76d0aa69: created new log segment /workdir/hadoop-ozone/integration-test/target/test-dir/MiniOzoneClusterImpl-b0e78f8e-0219-4c29-81a4-92a46718b188/datanode-2/data/ratis/2e9bd0f1-af17-4c1c-b5d8-5ccd76d0aa69/current/log_inprogress_0
2019-08-19 03:39:36,124 INFO  impl.FollowerState (FollowerState.java:run(106)) - 2b8eb764-4144-40d1-9a1a-448d36cf7f55:group-6C9B8EE33378 changes to CANDIDATE, lastRpcTime:5078, electionTimeout:5078ms
2019-08-19 03:39:36,124 INFO  impl.RoleInfo (RoleInfo.java:shutdownFollowerState(121)) - 2b8eb764-4144-40d1-9a1a-448d36cf7f55: shutdown FollowerState
2019-08-19 03:39:36,124 INFO  impl.RaftServerImpl (RaftServerImpl.java:setRole(171)) - 2b8eb764-4144-40d1-9a1a-448d36cf7f55:group-6C9B8EE33378 changes role from FOLLOWER to CANDIDATE at term 0 for changeToCandidate
2019-08-19 03:39:36,124 INFO  impl.RoleInfo (RoleInfo.java:updateAndGet(143)) - 2b8eb764-4144-40d1-9a1a-448d36cf7f55: start LeaderElection
2019-08-19 03:39:36,144 INFO  impl.LeaderElection (LeaderElection.java:askForVotes(181)) - 2b8eb764-4144-40d1-9a1a-448d36cf7f55:group-6C9B8EE33378:LeaderElection77: begin an election at term 1 for -1: [2b8eb764-4144-40d1-9a1a-448d36cf7f55:192.168.5.186:39341], old=null
2019-08-19 03:39:36,144 INFO  impl.RoleInfo (RoleInfo.java:shutdownLeaderElection(134)) - 2b8eb764-4144-40d1-9a1a-448d36cf7f55: shutdown LeaderElection
2019-08-19 03:39:36,144 INFO  impl.RaftServerImpl (RaftServerImpl.java:setRole(171)) - 2b8eb764-4144-40d1-9a1a-448d36cf7f55:group-6C9B8EE33378 changes role from CANDIDATE to LEADER at term 1 for changeToLeader
2019-08-19 03:39:36,144 INFO  impl.RaftServerImpl (ServerState.java:setLeader(263)) - 2b8eb764-4144-40d1-9a1a-448d36cf7f55:group-6C9B8EE33378 change Leader from null to 2b8eb764-4144-40d1-9a1a-448d36cf7f55 at term 1 for becomeLeader, leader elected after 5103ms
2019-08-19 03:39:36,145 INFO  server.RaftServerConfigKeys (ConfUtils.java:logGet(43)) - raft.server.staging.catchup.gap = 1000 (default)
2019-08-19 03:39:36,145 INFO  server.RaftServerConfigKeys (ConfUtils.java:logGet(43)) - raft.server.rpc.sleep.time = 25ms (default)
2019-08-19 03:39:36,145 INFO  server.RaftServerConfigKeys (ConfUtils.java:logGet(43)) - raft.server.write.element-limit = 4096 (default)
2019-08-19 03:39:36,145 INFO  server.RaftServerConfigKeys (ConfUtils.java:logGet(43)) - raft.server.watch.timeout = 10s (default)
2019-08-19 03:39:36,145 INFO  server.RaftServerConfigKeys (ConfUtils.java:logGet(43)) - raft.server.watch.timeout.denomination = 1s (default)
2019-08-19 03:39:36,146 INFO  server.RaftServerConfigKeys (ConfUtils.java:logGet(43)) - raft.server.watch.element-limit = 65536 (default)
2019-08-19 03:39:36,146 INFO  impl.RoleInfo (RoleInfo.java:updateAndGet(143)) - 2b8eb764-4144-40d1-9a1a-448d36cf7f55: start LeaderState
2019-08-19 03:39:36,146 INFO  segmented.SegmentedRaftLogWorker (SegmentedRaftLogWorker.java:startLogSegment(380)) - 2b8eb764-4144-40d1-9a1a-448d36cf7f55-SegmentedRaftLogWorker:Storage Directory /workdir/hadoop-ozone/integration-test/target/test-dir/MiniOzoneClusterImpl-b0e78f8e-0219-4c29-81a4-92a46718b188/datanode-3/data/ratis/35ca81f4-b484-4558-99f0-6c9b8ee33378: Starting segment from index:0
2019-08-19 03:39:36,147 INFO  impl.RaftServerImpl (ServerState.java:setRaftConf(361)) - 2b8eb764-4144-40d1-9a1a-448d36cf7f55:group-6C9B8EE33378 set configuration 0: [2b8eb764-4144-40d1-9a1a-448d36cf7f55:192.168.5.186:39341], old=null at 0
2019-08-19 03:39:36,193 INFO  segmented.SegmentedRaftLogWorker (SegmentedRaftLogWorker.java:execute(569)) - 2b8eb764-4144-40d1-9a1a-448d36cf7f55-SegmentedRaftLogWorker:Storage Directory /workdir/hadoop-ozone/integration-test/target/test-dir/MiniOzoneClusterImpl-b0e78f8e-0219-4c29-81a4-92a46718b188/datanode-3/data/ratis/35ca81f4-b484-4558-99f0-6c9b8ee33378: created new log segment /workdir/hadoop-ozone/integration-test/target/test-dir/MiniOzoneClusterImpl-b0e78f8e-0219-4c29-81a4-92a46718b188/datanode-3/data/ratis/35ca81f4-b484-4558-99f0-6c9b8ee33378/current/log_inprogress_0
2019-08-19 03:39:36,451 INFO  impl.FollowerState (FollowerState.java:run(106)) - 67c14123-fd6f-41fa-a960-6982b90314f2:group-DE209FFAF6A4 changes to CANDIDATE, lastRpcTime:5198, electionTimeout:5198ms
2019-08-19 03:39:36,451 INFO  impl.RoleInfo (RoleInfo.java:shutdownFollowerState(121)) - 67c14123-fd6f-41fa-a960-6982b90314f2: shutdown FollowerState
2019-08-19 03:39:36,452 INFO  impl.RaftServerImpl (RaftServerImpl.java:setRole(171)) - 67c14123-fd6f-41fa-a960-6982b90314f2:group-DE209FFAF6A4 changes role from FOLLOWER to CANDIDATE at term 0 for changeToCandidate
2019-08-19 03:39:36,452 INFO  impl.RoleInfo (RoleInfo.java:updateAndGet(143)) - 67c14123-fd6f-41fa-a960-6982b90314f2: start LeaderElection
2019-08-19 03:39:36,483 INFO  impl.LeaderElection (LeaderElection.java:askForVotes(181)) - 67c14123-fd6f-41fa-a960-6982b90314f2:group-DE209FFAF6A4:LeaderElection78: begin an election at term 1 for -1: [67c14123-fd6f-41fa-a960-6982b90314f2:192.168.5.186:34153], old=null
2019-08-19 03:39:36,483 INFO  impl.RoleInfo (RoleInfo.java:shutdownLeaderElection(134)) - 67c14123-fd6f-41fa-a960-6982b90314f2: shutdown LeaderElection
2019-08-19 03:39:36,483 INFO  impl.RaftServerImpl (RaftServerImpl.java:setRole(171)) - 67c14123-fd6f-41fa-a960-6982b90314f2:group-DE209FFAF6A4 changes role from CANDIDATE to LEADER at term 1 for changeToLeader
2019-08-19 03:39:36,483 INFO  impl.RaftServerImpl (ServerState.java:setLeader(263)) - 67c14123-fd6f-41fa-a960-6982b90314f2:group-DE209FFAF6A4 change Leader from null to 67c14123-fd6f-41fa-a960-6982b90314f2 at term 1 for becomeLeader, leader elected after 5235ms
2019-08-19 03:39:36,484 INFO  server.RaftServerConfigKeys (ConfUtils.java:logGet(43)) - raft.server.staging.catchup.gap = 1000 (default)
2019-08-19 03:39:36,484 INFO  server.RaftServerConfigKeys (ConfUtils.java:logGet(43)) - raft.server.rpc.sleep.time = 25ms (default)
2019-08-19 03:39:36,484 INFO  server.RaftServerConfigKeys (ConfUtils.java:logGet(43)) - raft.server.write.element-limit = 4096 (default)
2019-08-19 03:39:36,484 INFO  server.RaftServerConfigKeys (ConfUtils.java:logGet(43)) - raft.server.watch.timeout = 10s (default)
2019-08-19 03:39:36,484 INFO  server.RaftServerConfigKeys (ConfUtils.java:logGet(43)) - raft.server.watch.timeout.denomination = 1s (default)
2019-08-19 03:39:36,485 INFO  server.RaftServerConfigKeys (ConfUtils.java:logGet(43)) - raft.server.watch.element-limit = 65536 (default)
2019-08-19 03:39:36,485 INFO  impl.RoleInfo (RoleInfo.java:updateAndGet(143)) - 67c14123-fd6f-41fa-a960-6982b90314f2: start LeaderState
2019-08-19 03:39:36,485 INFO  segmented.SegmentedRaftLogWorker (SegmentedRaftLogWorker.java:startLogSegment(380)) - 67c14123-fd6f-41fa-a960-6982b90314f2-SegmentedRaftLogWorker:Storage Directory /workdir/hadoop-ozone/integration-test/target/test-dir/MiniOzoneClusterImpl-b0e78f8e-0219-4c29-81a4-92a46718b188/datanode-4/data/ratis/71b1f368-ddf8-42e8-a870-de209ffaf6a4: Starting segment from index:0
2019-08-19 03:39:36,485 INFO  impl.RaftServerImpl (ServerState.java:setRaftConf(361)) - 67c14123-fd6f-41fa-a960-6982b90314f2:group-DE209FFAF6A4 set configuration 0: [67c14123-fd6f-41fa-a960-6982b90314f2:192.168.5.186:34153], old=null at 0
2019-08-19 03:39:36,523 INFO  impl.FollowerState (FollowerState.java:run(106)) - b9a843f0-d5a2-4491-a126-6f9b1d559eae:group-8E5BA55E8872 changes to CANDIDATE, lastRpcTime:5036, electionTimeout:5036ms
2019-08-19 03:39:36,523 INFO  impl.RoleInfo (RoleInfo.java:shutdownFollowerState(121)) - b9a843f0-d5a2-4491-a126-6f9b1d559eae: shutdown FollowerState
2019-08-19 03:39:36,523 INFO  impl.RaftServerImpl (RaftServerImpl.java:setRole(171)) - b9a843f0-d5a2-4491-a126-6f9b1d559eae:group-8E5BA55E8872 changes role from FOLLOWER to CANDIDATE at term 0 for changeToCandidate
2019-08-19 03:39:36,523 INFO  impl.RoleInfo (RoleInfo.java:updateAndGet(143)) - b9a843f0-d5a2-4491-a126-6f9b1d559eae: start LeaderElection
2019-08-19 03:39:36,533 INFO  segmented.SegmentedRaftLogWorker (SegmentedRaftLogWorker.java:execute(569)) - 67c14123-fd6f-41fa-a960-6982b90314f2-SegmentedRaftLogWorker:Storage Directory /workdir/hadoop-ozone/integration-test/target/test-dir/MiniOzoneClusterImpl-b0e78f8e-0219-4c29-81a4-92a46718b188/datanode-4/data/ratis/71b1f368-ddf8-42e8-a870-de209ffaf6a4: created new log segment /workdir/hadoop-ozone/integration-test/target/test-dir/MiniOzoneClusterImpl-b0e78f8e-0219-4c29-81a4-92a46718b188/datanode-4/data/ratis/71b1f368-ddf8-42e8-a870-de209ffaf6a4/current/log_inprogress_0
2019-08-19 03:39:36,537 INFO  impl.LeaderElection (LeaderElection.java:askForVotes(181)) - b9a843f0-d5a2-4491-a126-6f9b1d559eae:group-8E5BA55E8872:LeaderElection79: begin an election at term 1 for -1: [b9a843f0-d5a2-4491-a126-6f9b1d559eae:192.168.5.186:33888], old=null
2019-08-19 03:39:36,537 INFO  impl.RoleInfo (RoleInfo.java:shutdownLeaderElection(134)) - b9a843f0-d5a2-4491-a126-6f9b1d559eae: shutdown LeaderElection
2019-08-19 03:39:36,537 INFO  impl.RaftServerImpl (RaftServerImpl.java:setRole(171)) - b9a843f0-d5a2-4491-a126-6f9b1d559eae:group-8E5BA55E8872 changes role from CANDIDATE to LEADER at term 1 for changeToLeader
2019-08-19 03:39:36,537 INFO  impl.RaftServerImpl (ServerState.java:setLeader(263)) - b9a843f0-d5a2-4491-a126-6f9b1d559eae:group-8E5BA55E8872 change Leader from null to b9a843f0-d5a2-4491-a126-6f9b1d559eae at term 1 for becomeLeader, leader elected after 5055ms
2019-08-19 03:39:36,537 INFO  server.RaftServerConfigKeys (ConfUtils.java:logGet(43)) - raft.server.staging.catchup.gap = 1000 (default)
2019-08-19 03:39:36,537 INFO  server.RaftServerConfigKeys (ConfUtils.java:logGet(43)) - raft.server.rpc.sleep.time = 25ms (default)
2019-08-19 03:39:36,538 INFO  server.RaftServerConfigKeys (ConfUtils.java:logGet(43)) - raft.server.write.element-limit = 4096 (default)
2019-08-19 03:39:36,538 INFO  server.RaftServerConfigKeys (ConfUtils.java:logGet(43)) - raft.server.watch.timeout = 10s (default)
2019-08-19 03:39:36,538 INFO  server.RaftServerConfigKeys (ConfUtils.java:logGet(43)) - raft.server.watch.timeout.denomination = 1s (default)
2019-08-19 03:39:36,538 INFO  server.RaftServerConfigKeys (ConfUtils.java:logGet(43)) - raft.server.watch.element-limit = 65536 (default)
2019-08-19 03:39:36,538 INFO  impl.RoleInfo (RoleInfo.java:updateAndGet(143)) - b9a843f0-d5a2-4491-a126-6f9b1d559eae: start LeaderState
2019-08-19 03:39:36,538 INFO  segmented.SegmentedRaftLogWorker (SegmentedRaftLogWorker.java:startLogSegment(380)) - b9a843f0-d5a2-4491-a126-6f9b1d559eae-SegmentedRaftLogWorker:Storage Directory /workdir/hadoop-ozone/integration-test/target/test-dir/MiniOzoneClusterImpl-b0e78f8e-0219-4c29-81a4-92a46718b188/datanode-5/data/ratis/f64f3790-75ad-47e8-8a29-8e5ba55e8872: Starting segment from index:0
2019-08-19 03:39:36,539 INFO  impl.RaftServerImpl (ServerState.java:setRaftConf(361)) - b9a843f0-d5a2-4491-a126-6f9b1d559eae:group-8E5BA55E8872 set configuration 0: [b9a843f0-d5a2-4491-a126-6f9b1d559eae:192.168.5.186:33888], old=null at 0
2019-08-19 03:39:36,590 INFO  segmented.SegmentedRaftLogWorker (SegmentedRaftLogWorker.java:execute(569)) - b9a843f0-d5a2-4491-a126-6f9b1d559eae-SegmentedRaftLogWorker:Storage Directory /workdir/hadoop-ozone/integration-test/target/test-dir/MiniOzoneClusterImpl-b0e78f8e-0219-4c29-81a4-92a46718b188/datanode-5/data/ratis/f64f3790-75ad-47e8-8a29-8e5ba55e8872: created new log segment /workdir/hadoop-ozone/integration-test/target/test-dir/MiniOzoneClusterImpl-b0e78f8e-0219-4c29-81a4-92a46718b188/datanode-5/data/ratis/f64f3790-75ad-47e8-8a29-8e5ba55e8872/current/log_inprogress_0
2019-08-19 03:39:36,664 INFO  impl.FollowerState (FollowerState.java:run(106)) - 67c14123-fd6f-41fa-a960-6982b90314f2:group-1C6F84B47CD9 changes to CANDIDATE, lastRpcTime:5105, electionTimeout:5105ms
2019-08-19 03:39:36,664 INFO  impl.RoleInfo (RoleInfo.java:shutdownFollowerState(121)) - 67c14123-fd6f-41fa-a960-6982b90314f2: shutdown FollowerState
2019-08-19 03:39:36,664 INFO  impl.RaftServerImpl (RaftServerImpl.java:setRole(171)) - 67c14123-fd6f-41fa-a960-6982b90314f2:group-1C6F84B47CD9 changes role from FOLLOWER to CANDIDATE at term 0 for changeToCandidate
2019-08-19 03:39:36,664 INFO  impl.RoleInfo (RoleInfo.java:updateAndGet(143)) - 67c14123-fd6f-41fa-a960-6982b90314f2: start LeaderElection
2019-08-19 03:39:36,669 INFO  impl.FollowerState (FollowerState.java:run(106)) - 2b8eb764-4144-40d1-9a1a-448d36cf7f55:group-1C6F84B47CD9 changes to CANDIDATE, lastRpcTime:5115, electionTimeout:5110ms
2019-08-19 03:39:36,670 INFO  impl.RoleInfo (RoleInfo.java:shutdownFollowerState(121)) - 2b8eb764-4144-40d1-9a1a-448d36cf7f55: shutdown FollowerState
2019-08-19 03:39:36,670 INFO  impl.RaftServerImpl (RaftServerImpl.java:setRole(171)) - 2b8eb764-4144-40d1-9a1a-448d36cf7f55:group-1C6F84B47CD9 changes role from FOLLOWER to CANDIDATE at term 0 for changeToCandidate
2019-08-19 03:39:36,670 INFO  impl.RoleInfo (RoleInfo.java:updateAndGet(143)) - 2b8eb764-4144-40d1-9a1a-448d36cf7f55: start LeaderElection
2019-08-19 03:39:36,683 INFO  impl.LeaderElection (LeaderElection.java:askForVotes(181)) - 67c14123-fd6f-41fa-a960-6982b90314f2:group-1C6F84B47CD9:LeaderElection80: begin an election at term 1 for -1: [b9a843f0-d5a2-4491-a126-6f9b1d559eae:192.168.5.186:33888, 2b8eb764-4144-40d1-9a1a-448d36cf7f55:192.168.5.186:39341, 67c14123-fd6f-41fa-a960-6982b90314f2:192.168.5.186:34153], old=null
2019-08-19 03:39:36,683 INFO  impl.LeaderElection (LeaderElection.java:askForVotes(181)) - 2b8eb764-4144-40d1-9a1a-448d36cf7f55:group-1C6F84B47CD9:LeaderElection81: begin an election at term 1 for -1: [b9a843f0-d5a2-4491-a126-6f9b1d559eae:192.168.5.186:33888, 2b8eb764-4144-40d1-9a1a-448d36cf7f55:192.168.5.186:39341, 67c14123-fd6f-41fa-a960-6982b90314f2:192.168.5.186:34153], old=null
2019-08-19 03:39:36,693 INFO  impl.RaftServerImpl (RaftServerImpl.java:setRole(171)) - b9a843f0-d5a2-4491-a126-6f9b1d559eae:group-1C6F84B47CD9 changes role from FOLLOWER to FOLLOWER at term 1 for recognizeCandidate:67c14123-fd6f-41fa-a960-6982b90314f2
2019-08-19 03:39:36,693 INFO  impl.RoleInfo (RoleInfo.java:shutdownFollowerState(121)) - b9a843f0-d5a2-4491-a126-6f9b1d559eae: shutdown FollowerState
2019-08-19 03:39:36,696 INFO  impl.RoleInfo (RoleInfo.java:updateAndGet(143)) - b9a843f0-d5a2-4491-a126-6f9b1d559eae: start FollowerState
2019-08-19 03:39:36,696 INFO  impl.FollowerState (FollowerState.java:run(114)) - b9a843f0-d5a2-4491-a126-6f9b1d559eae: FollowerState was interrupted: java.lang.InterruptedException: sleep interrupted
2019-08-19 03:39:36,727 INFO  impl.LeaderElection (LeaderElection.java:logAndReturn(56)) - 2b8eb764-4144-40d1-9a1a-448d36cf7f55:group-1C6F84B47CD9:LeaderElection81: Election REJECTED; received 2 response(s) [2b8eb764-4144-40d1-9a1a-448d36cf7f55<-b9a843f0-d5a2-4491-a126-6f9b1d559eae#0:FAIL-t1, 2b8eb764-4144-40d1-9a1a-448d36cf7f55<-67c14123-fd6f-41fa-a960-6982b90314f2#0:FAIL-t1] and 0 exception(s); 2b8eb764-4144-40d1-9a1a-448d36cf7f55:t1, leader=null, voted=2b8eb764-4144-40d1-9a1a-448d36cf7f55, raftlog=2b8eb764-4144-40d1-9a1a-448d36cf7f55-SegmentedRaftLog:OPENED:c-1,f-1,i0, conf=-1: [b9a843f0-d5a2-4491-a126-6f9b1d559eae:192.168.5.186:33888, 2b8eb764-4144-40d1-9a1a-448d36cf7f55:192.168.5.186:39341, 67c14123-fd6f-41fa-a960-6982b90314f2:192.168.5.186:34153], old=null
2019-08-19 03:39:36,727 INFO  impl.LeaderElection (LeaderElection.java:logAndReturn(56)) - 67c14123-fd6f-41fa-a960-6982b90314f2:group-1C6F84B47CD9:LeaderElection80: Election PASSED; received 2 response(s) [67c14123-fd6f-41fa-a960-6982b90314f2<-b9a843f0-d5a2-4491-a126-6f9b1d559eae#0:OK-t1, 67c14123-fd6f-41fa-a960-6982b90314f2<-2b8eb764-4144-40d1-9a1a-448d36cf7f55#0:FAIL-t1] and 0 exception(s); 67c14123-fd6f-41fa-a960-6982b90314f2:t1, leader=null, voted=67c14123-fd6f-41fa-a960-6982b90314f2, raftlog=67c14123-fd6f-41fa-a960-6982b90314f2-SegmentedRaftLog:OPENED:c-1,f-1,i0, conf=-1: [b9a843f0-d5a2-4491-a126-6f9b1d559eae:192.168.5.186:33888, 2b8eb764-4144-40d1-9a1a-448d36cf7f55:192.168.5.186:39341, 67c14123-fd6f-41fa-a960-6982b90314f2:192.168.5.186:34153], old=null
2019-08-19 03:39:36,727 INFO  impl.RaftServerImpl (RaftServerImpl.java:setRole(171)) - 2b8eb764-4144-40d1-9a1a-448d36cf7f55:group-1C6F84B47CD9 changes role from CANDIDATE to FOLLOWER at term 1 for DISCOVERED_A_NEW_TERM
2019-08-19 03:39:36,727 INFO  impl.RoleInfo (RoleInfo.java:shutdownLeaderElection(134)) - 67c14123-fd6f-41fa-a960-6982b90314f2: shutdown LeaderElection
2019-08-19 03:39:36,728 INFO  impl.RoleInfo (RoleInfo.java:shutdownLeaderElection(134)) - 2b8eb764-4144-40d1-9a1a-448d36cf7f55: shutdown LeaderElection
2019-08-19 03:39:36,728 INFO  impl.RaftServerImpl (RaftServerImpl.java:setRole(171)) - 67c14123-fd6f-41fa-a960-6982b90314f2:group-1C6F84B47CD9 changes role from CANDIDATE to LEADER at term 1 for changeToLeader
2019-08-19 03:39:36,728 INFO  impl.RaftServerImpl (ServerState.java:setLeader(263)) - 67c14123-fd6f-41fa-a960-6982b90314f2:group-1C6F84B47CD9 change Leader from null to 67c14123-fd6f-41fa-a960-6982b90314f2 at term 1 for becomeLeader, leader elected after 5182ms
2019-08-19 03:39:36,728 INFO  impl.RoleInfo (RoleInfo.java:updateAndGet(143)) - 2b8eb764-4144-40d1-9a1a-448d36cf7f55: start FollowerState
2019-08-19 03:39:36,728 INFO  server.RaftServerConfigKeys (ConfUtils.java:logGet(43)) - raft.server.staging.catchup.gap = 1000 (default)
2019-08-19 03:39:36,729 INFO  server.RaftServerConfigKeys (ConfUtils.java:logGet(43)) - raft.server.rpc.sleep.time = 25ms (default)
2019-08-19 03:39:36,729 INFO  server.RaftServerConfigKeys (ConfUtils.java:logGet(43)) - raft.server.write.element-limit = 4096 (default)
2019-08-19 03:39:36,729 INFO  server.RaftServerConfigKeys (ConfUtils.java:logGet(43)) - raft.server.watch.timeout = 10s (default)
2019-08-19 03:39:36,729 INFO  server.RaftServerConfigKeys (ConfUtils.java:logGet(43)) - raft.server.watch.timeout.denomination = 1s (default)
2019-08-19 03:39:36,729 INFO  server.RaftServerConfigKeys (ConfUtils.java:logGet(43)) - raft.server.watch.element-limit = 65536 (default)
2019-08-19 03:39:36,730 INFO  server.RaftServerConfigKeys (ConfUtils.java:logGet(43)) - raft.server.log.appender.snapshot.chunk.size.max = 16MB (=16777216) (default)
2019-08-19 03:39:36,730 INFO  server.RaftServerConfigKeys (ConfUtils.java:logGet(43)) - raft.server.log.appender.buffer.byte-limit = 33554432 (custom)
2019-08-19 03:39:36,730 INFO  server.RaftServerConfigKeys (ConfUtils.java:logGet(43)) - raft.server.log.appender.buffer.element-limit = 1 (custom)
2019-08-19 03:39:36,730 INFO  grpc.GrpcConfigKeys$Server (ConfUtils.java:logGet(43)) - raft.grpc.server.leader.outstanding.appends.max = 128 (default)
2019-08-19 03:39:36,731 INFO  server.RaftServerConfigKeys (ConfUtils.java:logGet(43)) - raft.server.rpc.request.timeout = 3000ms (default)
2019-08-19 03:39:36,731 INFO  server.RaftServerConfigKeys (ConfUtils.java:logGet(43)) - raft.server.log.appender.install.snapshot.enabled = false (custom)
2019-08-19 03:39:36,731 INFO  server.RaftServerConfigKeys (ConfUtils.java:logGet(43)) - raft.server.log.appender.snapshot.chunk.size.max = 16MB (=16777216) (default)
2019-08-19 03:39:36,731 INFO  server.RaftServerConfigKeys (ConfUtils.java:logGet(43)) - raft.server.log.appender.buffer.byte-limit = 33554432 (custom)
2019-08-19 03:39:36,731 INFO  server.RaftServerConfigKeys (ConfUtils.java:logGet(43)) - raft.server.log.appender.buffer.element-limit = 1 (custom)
2019-08-19 03:39:36,732 INFO  grpc.GrpcConfigKeys$Server (ConfUtils.java:logGet(43)) - raft.grpc.server.leader.outstanding.appends.max = 128 (default)
2019-08-19 03:39:36,732 INFO  server.RaftServerConfigKeys (ConfUtils.java:logGet(43)) - raft.server.rpc.request.timeout = 3000ms (default)
2019-08-19 03:39:36,732 INFO  server.RaftServerConfigKeys (ConfUtils.java:logGet(43)) - raft.server.log.appender.install.snapshot.enabled = false (custom)
2019-08-19 03:39:36,732 INFO  impl.RoleInfo (RoleInfo.java:updateAndGet(143)) - 67c14123-fd6f-41fa-a960-6982b90314f2: start LeaderState
2019-08-19 03:39:36,732 INFO  segmented.SegmentedRaftLogWorker (SegmentedRaftLogWorker.java:startLogSegment(380)) - 67c14123-fd6f-41fa-a960-6982b90314f2-SegmentedRaftLogWorker:Storage Directory /workdir/hadoop-ozone/integration-test/target/test-dir/MiniOzoneClusterImpl-b0e78f8e-0219-4c29-81a4-92a46718b188/datanode-4/data/ratis/13df34d5-3bdc-4032-857f-1c6f84b47cd9: Starting segment from index:0
2019-08-19 03:39:36,733 INFO  impl.RaftServerImpl (ServerState.java:setRaftConf(361)) - 67c14123-fd6f-41fa-a960-6982b90314f2:group-1C6F84B47CD9 set configuration 0: [b9a843f0-d5a2-4491-a126-6f9b1d559eae:192.168.5.186:33888, 2b8eb764-4144-40d1-9a1a-448d36cf7f55:192.168.5.186:39341, 67c14123-fd6f-41fa-a960-6982b90314f2:192.168.5.186:34153], old=null at 0
2019-08-19 03:39:36,735 INFO  impl.RaftServerImpl (ServerState.java:setLeader(263)) - 2b8eb764-4144-40d1-9a1a-448d36cf7f55:group-1C6F84B47CD9 change Leader from null to 67c14123-fd6f-41fa-a960-6982b90314f2 at term 1 for appendEntries, leader elected after 5188ms
2019-08-19 03:39:36,735 INFO  impl.RaftServerImpl (ServerState.java:setLeader(263)) - b9a843f0-d5a2-4491-a126-6f9b1d559eae:group-1C6F84B47CD9 change Leader from null to 67c14123-fd6f-41fa-a960-6982b90314f2 at term 1 for appendEntries, leader elected after 5188ms
2019-08-19 03:39:36,739 INFO  impl.RaftServerImpl (ServerState.java:setRaftConf(361)) - 2b8eb764-4144-40d1-9a1a-448d36cf7f55:group-1C6F84B47CD9 set configuration 0: [b9a843f0-d5a2-4491-a126-6f9b1d559eae:192.168.5.186:33888, 2b8eb764-4144-40d1-9a1a-448d36cf7f55:192.168.5.186:39341, 67c14123-fd6f-41fa-a960-6982b90314f2:192.168.5.186:34153], old=null at 0
2019-08-19 03:39:36,739 INFO  segmented.SegmentedRaftLogWorker (SegmentedRaftLogWorker.java:startLogSegment(380)) - 2b8eb764-4144-40d1-9a1a-448d36cf7f55-SegmentedRaftLogWorker:Storage Directory /workdir/hadoop-ozone/integration-test/target/test-dir/MiniOzoneClusterImpl-b0e78f8e-0219-4c29-81a4-92a46718b188/datanode-3/data/ratis/13df34d5-3bdc-4032-857f-1c6f84b47cd9: Starting segment from index:0
2019-08-19 03:39:36,740 INFO  impl.RaftServerImpl (ServerState.java:setRaftConf(361)) - b9a843f0-d5a2-4491-a126-6f9b1d559eae:group-1C6F84B47CD9 set configuration 0: [b9a843f0-d5a2-4491-a126-6f9b1d559eae:192.168.5.186:33888, 2b8eb764-4144-40d1-9a1a-448d36cf7f55:192.168.5.186:39341, 67c14123-fd6f-41fa-a960-6982b90314f2:192.168.5.186:34153], old=null at 0
2019-08-19 03:39:36,740 INFO  segmented.SegmentedRaftLogWorker (SegmentedRaftLogWorker.java:startLogSegment(380)) - b9a843f0-d5a2-4491-a126-6f9b1d559eae-SegmentedRaftLogWorker:Storage Directory /workdir/hadoop-ozone/integration-test/target/test-dir/MiniOzoneClusterImpl-b0e78f8e-0219-4c29-81a4-92a46718b188/datanode-5/data/ratis/13df34d5-3bdc-4032-857f-1c6f84b47cd9: Starting segment from index:0
2019-08-19 03:39:36,784 INFO  segmented.SegmentedRaftLogWorker (SegmentedRaftLogWorker.java:execute(569)) - 2b8eb764-4144-40d1-9a1a-448d36cf7f55-SegmentedRaftLogWorker:Storage Directory /workdir/hadoop-ozone/integration-test/target/test-dir/MiniOzoneClusterImpl-b0e78f8e-0219-4c29-81a4-92a46718b188/datanode-3/data/ratis/13df34d5-3bdc-4032-857f-1c6f84b47cd9: created new log segment /workdir/hadoop-ozone/integration-test/target/test-dir/MiniOzoneClusterImpl-b0e78f8e-0219-4c29-81a4-92a46718b188/datanode-3/data/ratis/13df34d5-3bdc-4032-857f-1c6f84b47cd9/current/log_inprogress_0
2019-08-19 03:39:36,784 INFO  segmented.SegmentedRaftLogWorker (SegmentedRaftLogWorker.java:execute(569)) - 67c14123-fd6f-41fa-a960-6982b90314f2-SegmentedRaftLogWorker:Storage Directory /workdir/hadoop-ozone/integration-test/target/test-dir/MiniOzoneClusterImpl-b0e78f8e-0219-4c29-81a4-92a46718b188/datanode-4/data/ratis/13df34d5-3bdc-4032-857f-1c6f84b47cd9: created new log segment /workdir/hadoop-ozone/integration-test/target/test-dir/MiniOzoneClusterImpl-b0e78f8e-0219-4c29-81a4-92a46718b188/datanode-4/data/ratis/13df34d5-3bdc-4032-857f-1c6f84b47cd9/current/log_inprogress_0
2019-08-19 03:39:36,791 INFO  client.GrpcClientProtocolClient (GrpcClientProtocolClient.java:onNext(255)) - client-30600AA4AC63->fb94fa56-34bc-4ed4-976f-328d7d7f96e9: receive RaftClientReply:client-30600AA4AC63->fb94fa56-34bc-4ed4-976f-328d7d7f96e9@group-5CCD76D0AA69, cid=176, FAILED org.apache.ratis.protocol.NotLeaderException: Server fb94fa56-34bc-4ed4-976f-328d7d7f96e9 is not the leader (29e30134-aa92-4c4c-97e3-3bc595c84317:192.168.5.186:39686). Request must be sent to leader., logIndex=0, commits[fb94fa56-34bc-4ed4-976f-328d7d7f96e9:c-1, 29e30134-aa92-4c4c-97e3-3bc595c84317:c-1, 07b680a3-1247-4695-b0a1-a55b43de70d2:c-1]
2019-08-19 03:39:36,796 INFO  segmented.SegmentedRaftLogWorker (SegmentedRaftLogWorker.java:execute(569)) - b9a843f0-d5a2-4491-a126-6f9b1d559eae-SegmentedRaftLogWorker:Storage Directory /workdir/hadoop-ozone/integration-test/target/test-dir/MiniOzoneClusterImpl-b0e78f8e-0219-4c29-81a4-92a46718b188/datanode-5/data/ratis/13df34d5-3bdc-4032-857f-1c6f84b47cd9: created new log segment /workdir/hadoop-ozone/integration-test/target/test-dir/MiniOzoneClusterImpl-b0e78f8e-0219-4c29-81a4-92a46718b188/datanode-5/data/ratis/13df34d5-3bdc-4032-857f-1c6f84b47cd9/current/log_inprogress_0
2019-08-19 03:39:36,818 INFO  impl.FollowerState (FollowerState.java:run(106)) - fcd6f0a1-fd0b-4edc-9ce9-b56838030692:group-09D4FF2A79EC changes to CANDIDATE, lastRpcTime:5137, electionTimeout:5137ms
2019-08-19 03:39:36,819 INFO  impl.RoleInfo (RoleInfo.java:shutdownFollowerState(121)) - fcd6f0a1-fd0b-4edc-9ce9-b56838030692: shutdown FollowerState
2019-08-19 03:39:36,819 INFO  impl.RaftServerImpl (RaftServerImpl.java:setRole(171)) - fcd6f0a1-fd0b-4edc-9ce9-b56838030692:group-09D4FF2A79EC changes role from FOLLOWER to CANDIDATE at term 0 for changeToCandidate
2019-08-19 03:39:36,819 INFO  impl.RoleInfo (RoleInfo.java:updateAndGet(143)) - fcd6f0a1-fd0b-4edc-9ce9-b56838030692: start LeaderElection
2019-08-19 03:39:36,844 INFO  impl.LeaderElection (LeaderElection.java:askForVotes(181)) - fcd6f0a1-fd0b-4edc-9ce9-b56838030692:group-09D4FF2A79EC:LeaderElection82: begin an election at term 1 for -1: [fcd6f0a1-fd0b-4edc-9ce9-b56838030692:192.168.5.186:41229], old=null
2019-08-19 03:39:36,844 INFO  impl.RoleInfo (RoleInfo.java:shutdownLeaderElection(134)) - fcd6f0a1-fd0b-4edc-9ce9-b56838030692: shutdown LeaderElection
2019-08-19 03:39:36,845 INFO  impl.RaftServerImpl (RaftServerImpl.java:setRole(171)) - fcd6f0a1-fd0b-4edc-9ce9-b56838030692:group-09D4FF2A79EC changes role from CANDIDATE to LEADER at term 1 for changeToLeader
2019-08-19 03:39:36,845 INFO  impl.RaftServerImpl (ServerState.java:setLeader(263)) - fcd6f0a1-fd0b-4edc-9ce9-b56838030692:group-09D4FF2A79EC change Leader from null to fcd6f0a1-fd0b-4edc-9ce9-b56838030692 at term 1 for becomeLeader, leader elected after 5168ms
2019-08-19 03:39:36,845 INFO  server.RaftServerConfigKeys (ConfUtils.java:logGet(43)) - raft.server.staging.catchup.gap = 1000 (default)
2019-08-19 03:39:36,845 INFO  server.RaftServerConfigKeys (ConfUtils.java:logGet(43)) - raft.server.rpc.sleep.time = 25ms (default)
2019-08-19 03:39:36,845 INFO  server.RaftServerConfigKeys (ConfUtils.java:logGet(43)) - raft.server.write.element-limit = 4096 (default)
2019-08-19 03:39:36,845 INFO  server.RaftServerConfigKeys (ConfUtils.java:logGet(43)) - raft.server.watch.timeout = 10s (default)
2019-08-19 03:39:36,846 INFO  server.RaftServerConfigKeys (ConfUtils.java:logGet(43)) - raft.server.watch.timeout.denomination = 1s (default)
2019-08-19 03:39:36,846 INFO  server.RaftServerConfigKeys (ConfUtils.java:logGet(43)) - raft.server.watch.element-limit = 65536 (default)
2019-08-19 03:39:36,846 INFO  impl.RoleInfo (RoleInfo.java:updateAndGet(143)) - fcd6f0a1-fd0b-4edc-9ce9-b56838030692: start LeaderState
2019-08-19 03:39:36,846 INFO  segmented.SegmentedRaftLogWorker (SegmentedRaftLogWorker.java:startLogSegment(380)) - fcd6f0a1-fd0b-4edc-9ce9-b56838030692-SegmentedRaftLogWorker:Storage Directory /workdir/hadoop-ozone/integration-test/target/test-dir/MiniOzoneClusterImpl-b0e78f8e-0219-4c29-81a4-92a46718b188/datanode-6/data/ratis/821725b4-4e35-4584-ba09-09d4ff2a79ec: Starting segment from index:0
2019-08-19 03:39:36,847 INFO  impl.RaftServerImpl (ServerState.java:setRaftConf(361)) - fcd6f0a1-fd0b-4edc-9ce9-b56838030692:group-09D4FF2A79EC set configuration 0: [fcd6f0a1-fd0b-4edc-9ce9-b56838030692:192.168.5.186:41229], old=null at 0
2019-08-19 03:39:36,889 INFO  segmented.SegmentedRaftLogWorker (SegmentedRaftLogWorker.java:execute(569)) - fcd6f0a1-fd0b-4edc-9ce9-b56838030692-SegmentedRaftLogWorker:Storage Directory /workdir/hadoop-ozone/integration-test/target/test-dir/MiniOzoneClusterImpl-b0e78f8e-0219-4c29-81a4-92a46718b188/datanode-6/data/ratis/821725b4-4e35-4584-ba09-09d4ff2a79ec: created new log segment /workdir/hadoop-ozone/integration-test/target/test-dir/MiniOzoneClusterImpl-b0e78f8e-0219-4c29-81a4-92a46718b188/datanode-6/data/ratis/821725b4-4e35-4584-ba09-09d4ff2a79ec/current/log_inprogress_0
2019-08-19 03:39:36,963 INFO  client.GrpcClientProtocolClient (GrpcClientProtocolClient.java:onNext(255)) - client-30600AA4AC63->29e30134-aa92-4c4c-97e3-3bc595c84317: receive RaftClientReply:client-30600AA4AC63->29e30134-aa92-4c4c-97e3-3bc595c84317@group-5CCD76D0AA69, cid=176, SUCCESS, logIndex=1, commits[29e30134-aa92-4c4c-97e3-3bc595c84317:c1, fb94fa56-34bc-4ed4-976f-328d7d7f96e9:c0, 07b680a3-1247-4695-b0a1-a55b43de70d2:c0]
2019-08-19 03:39:36,991 INFO  client.GrpcClientProtocolClient (GrpcClientProtocolClient.java:onNext(255)) - client-30600AA4AC63->29e30134-aa92-4c4c-97e3-3bc595c84317: receive RaftClientReply:client-30600AA4AC63->29e30134-aa92-4c4c-97e3-3bc595c84317@group-5CCD76D0AA69, cid=177, SUCCESS, logIndex=3, commits[29e30134-aa92-4c4c-97e3-3bc595c84317:c6, fb94fa56-34bc-4ed4-976f-328d7d7f96e9:c2, 07b680a3-1247-4695-b0a1-a55b43de70d2:c2]
2019-08-19 03:39:37,046 INFO  client.GrpcClientProtocolClient (GrpcClientProtocolClient.java:onNext(255)) - client-30600AA4AC63->29e30134-aa92-4c4c-97e3-3bc595c84317: receive RaftClientReply:client-30600AA4AC63->29e30134-aa92-4c4c-97e3-3bc595c84317@group-5CCD76D0AA69, cid=178, SUCCESS, logIndex=4, commits[29e30134-aa92-4c4c-97e3-3bc595c84317:c12, fb94fa56-34bc-4ed4-976f-328d7d7f96e9:c7, 07b680a3-1247-4695-b0a1-a55b43de70d2:c7]
2019-08-19 03:39:37,047 INFO  client.GrpcClientProtocolClient (GrpcClientProtocolClient.java:onNext(255)) - client-30600AA4AC63->29e30134-aa92-4c4c-97e3-3bc595c84317: receive RaftClientReply:client-30600AA4AC63->29e30134-aa92-4c4c-97e3-3bc595c84317@group-5CCD76D0AA69, cid=179, SUCCESS, logIndex=5, commits[29e30134-aa92-4c4c-97e3-3bc595c84317:c12, fb94fa56-34bc-4ed4-976f-328d7d7f96e9:c7, 07b680a3-1247-4695-b0a1-a55b43de70d2:c7]
2019-08-19 03:39:37,048 INFO  client.GrpcClientProtocolClient (GrpcClientProtocolClient.java:onNext(255)) - client-30600AA4AC63->29e30134-aa92-4c4c-97e3-3bc595c84317: receive RaftClientReply:client-30600AA4AC63->29e30134-aa92-4c4c-97e3-3bc595c84317@group-5CCD76D0AA69, cid=180, SUCCESS, logIndex=6, commits[29e30134-aa92-4c4c-97e3-3bc595c84317:c12, fb94fa56-34bc-4ed4-976f-328d7d7f96e9:c7, 07b680a3-1247-4695-b0a1-a55b43de70d2:c7]
2019-08-19 03:39:37,151 INFO  client.GrpcClientProtocolClient (GrpcClientProtocolClient.java:onNext(255)) - client-30600AA4AC63->29e30134-aa92-4c4c-97e3-3bc595c84317: receive RaftClientReply:client-30600AA4AC63->29e30134-aa92-4c4c-97e3-3bc595c84317@group-5CCD76D0AA69, cid=181, SUCCESS, logIndex=7, commits[29e30134-aa92-4c4c-97e3-3bc595c84317:c12, fb94fa56-34bc-4ed4-976f-328d7d7f96e9:c7, 07b680a3-1247-4695-b0a1-a55b43de70d2:c7]
2019-08-19 03:39:37,162 INFO  client.GrpcClientProtocolClient (GrpcClientProtocolClient.java:onNext(255)) - client-30600AA4AC63->29e30134-aa92-4c4c-97e3-3bc595c84317: receive RaftClientReply:client-30600AA4AC63->29e30134-aa92-4c4c-97e3-3bc595c84317@group-5CCD76D0AA69, cid=182, SUCCESS, logIndex=13, commits[29e30134-aa92-4c4c-97e3-3bc595c84317:c14, fb94fa56-34bc-4ed4-976f-328d7d7f96e9:c12, 07b680a3-1247-4695-b0a1-a55b43de70d2:c12]
2019-08-19 03:39:37,163 INFO  client.GrpcClientProtocolClient (GrpcClientProtocolClient.java:onNext(255)) - client-30600AA4AC63->29e30134-aa92-4c4c-97e3-3bc595c84317: receive RaftClientReply:client-30600AA4AC63->29e30134-aa92-4c4c-97e3-3bc595c84317@group-5CCD76D0AA69, cid=183, SUCCESS, logIndex=14, commits[29e30134-aa92-4c4c-97e3-3bc595c84317:c14, fb94fa56-34bc-4ed4-976f-328d7d7f96e9:c12, 07b680a3-1247-4695-b0a1-a55b43de70d2:c12]
2019-08-19 03:39:37,180 INFO  client.GrpcClientProtocolClient (GrpcClientProtocolClient.java:onNext(255)) - client-30600AA4AC63->29e30134-aa92-4c4c-97e3-3bc595c84317: receive RaftClientReply:client-30600AA4AC63->29e30134-aa92-4c4c-97e3-3bc595c84317@group-5CCD76D0AA69, cid=184, SUCCESS, logIndex=0, commits[29e30134-aa92-4c4c-97e3-3bc595c84317:c16, fb94fa56-34bc-4ed4-976f-328d7d7f96e9:c14, 07b680a3-1247-4695-b0a1-a55b43de70d2:c14]
2019-08-19 03:39:37,180 INFO  datanode.ObjectStoreHandler (ObjectStoreHandler.java:close(155)) - Closing ObjectStoreHandler.
2019-08-19 03:39:37,181 INFO  ozone.HddsDatanodeService (HddsDatanodeService.java:stop(451)) - Stopped plug-in org.apache.hadoop.ozone.web.OzoneHddsDatanodeService@74727e41
2019-08-19 03:39:37,937 INFO  statemachine.DatanodeStateMachine (DatanodeStateMachine.java:lambda$startDaemon$0(350)) - Ozone container server started.
2019-08-19 03:39:42,030 INFO  node.StaleNodeHandler (StaleNodeHandler.java:onMessage(58)) - Datanode 29e30134-aa92-4c4c-97e3-3bc595c84317{ip: 192.168.5.186, host: byscane-nightly-s779g-3358254982, networkLocation: /default-rack, certSerialId: null} moved to stale state. Finalizing its pipelines [PipelineID=ebd26bb4-6bdd-4c23-8194-cb0235e1c10d, PipelineID=2e9bd0f1-af17-4c1c-b5d8-5ccd76d0aa69]
2019-08-19 03:39:42,030 INFO  pipeline.SCMPipelineManager (SCMPipelineManager.java:finalizeAndDestroyPipeline(309)) - destroying pipeline:Pipeline[ Id: ebd26bb4-6bdd-4c23-8194-cb0235e1c10d, Nodes: 29e30134-aa92-4c4c-97e3-3bc595c84317{ip: 192.168.5.186, host: byscane-nightly-s779g-3358254982, networkLocation: /default-rack, certSerialId: null}, Type:RATIS, Factor:ONE, State:OPEN]
2019-08-19 03:39:42,031 INFO  pipeline.PipelineStateManager (PipelineStateManager.java:finalizePipeline(123)) - Pipeline Pipeline[ Id: ebd26bb4-6bdd-4c23-8194-cb0235e1c10d, Nodes: 29e30134-aa92-4c4c-97e3-3bc595c84317{ip: 192.168.5.186, host: byscane-nightly-s779g-3358254982, networkLocation: /default-rack, certSerialId: null}, Type:RATIS, Factor:ONE, State:CLOSED] moved to CLOSED state
2019-08-19 03:39:42,031 INFO  pipeline.SCMPipelineManager (SCMPipelineManager.java:finalizeAndDestroyPipeline(309)) - destroying pipeline:Pipeline[ Id: 2e9bd0f1-af17-4c1c-b5d8-5ccd76d0aa69, Nodes: 29e30134-aa92-4c4c-97e3-3bc595c84317{ip: 192.168.5.186, host: byscane-nightly-s779g-3358254982, networkLocation: /default-rack, certSerialId: null}07b680a3-1247-4695-b0a1-a55b43de70d2{ip: 192.168.5.186, host: byscane-nightly-s779g-3358254982, networkLocation: /default-rack, certSerialId: null}fb94fa56-34bc-4ed4-976f-328d7d7f96e9{ip: 192.168.5.186, host: byscane-nightly-s779g-3358254982, networkLocation: /default-rack, certSerialId: null}, Type:RATIS, Factor:THREE, State:OPEN]
2019-08-19 03:39:42,031 INFO  pipeline.PipelineStateManager (PipelineStateManager.java:finalizePipeline(123)) - Pipeline Pipeline[ Id: 2e9bd0f1-af17-4c1c-b5d8-5ccd76d0aa69, Nodes: 29e30134-aa92-4c4c-97e3-3bc595c84317{ip: 192.168.5.186, host: byscane-nightly-s779g-3358254982, networkLocation: /default-rack, certSerialId: null}07b680a3-1247-4695-b0a1-a55b43de70d2{ip: 192.168.5.186, host: byscane-nightly-s779g-3358254982, networkLocation: /default-rack, certSerialId: null}fb94fa56-34bc-4ed4-976f-328d7d7f96e9{ip: 192.168.5.186, host: byscane-nightly-s779g-3358254982, networkLocation: /default-rack, certSerialId: null}, Type:RATIS, Factor:THREE, State:CLOSED] moved to CLOSED state
2019-08-19 03:39:42,032 INFO  container.CloseContainerEventHandler (CloseContainerEventHandler.java:onMessage(61)) - Close container Event triggered for container : #1
2019-08-19 03:39:42,183 INFO  ozoneimpl.OzoneContainer (OzoneContainer.java:stop(199)) - Attempting to stop container services.
2019-08-19 03:39:42,183 INFO  impl.RaftServerProxy (RaftServerProxy.java:lambda$close$4(314)) - 29e30134-aa92-4c4c-97e3-3bc595c84317: close
2019-08-19 03:39:42,184 INFO  impl.RaftServerImpl (RaftServerImpl.java:lambda$shutdown$3(245)) - 29e30134-aa92-4c4c-97e3-3bc595c84317: shutdown group-CB0235E1C10D
2019-08-19 03:39:42,184 INFO  impl.RaftServerImpl (RaftServerImpl.java:lambda$shutdown$3(245)) - 29e30134-aa92-4c4c-97e3-3bc595c84317: shutdown group-5CCD76D0AA69
2019-08-19 03:39:42,185 INFO  util.JmxRegister (JmxRegister.java:unregister(73)) - Successfully un-registered JMX Bean with object name Ratis:service=RaftServer,group=group-CB0235E1C10D,id=29e30134-aa92-4c4c-97e3-3bc595c84317
2019-08-19 03:39:42,185 INFO  util.JmxRegister (JmxRegister.java:unregister(73)) - Successfully un-registered JMX Bean with object name Ratis:service=RaftServer,group=group-5CCD76D0AA69,id=29e30134-aa92-4c4c-97e3-3bc595c84317
2019-08-19 03:39:42,185 INFO  impl.RoleInfo (RoleInfo.java:shutdownLeaderState(104)) - 29e30134-aa92-4c4c-97e3-3bc595c84317: shutdown LeaderState
2019-08-19 03:39:42,185 INFO  impl.RoleInfo (RoleInfo.java:shutdownLeaderState(104)) - 29e30134-aa92-4c4c-97e3-3bc595c84317: shutdown LeaderState
2019-08-19 03:39:42,186 INFO  impl.PendingRequests (PendingRequests.java:sendNotLeaderResponses(202)) - 29e30134-aa92-4c4c-97e3-3bc595c84317-PendingRequests: sendNotLeaderResponses
2019-08-19 03:39:42,191 WARN  server.GrpcLogAppender (GrpcLogAppender.java:mayWait(143)) - GrpcLogAppender(29e30134-aa92-4c4c-97e3-3bc595c84317->fb94fa56-34bc-4ed4-976f-328d7d7f96e9): Wait interrupted by java.lang.InterruptedException
2019-08-19 03:39:42,191 INFO  impl.StateMachineUpdater (StateMachineUpdater.java:stopAndJoin(115)) - StateMachineUpdater:29e30134-aa92-4c4c-97e3-3bc595c84317:group-CB0235E1C10D: set stopIndex = 0
2019-08-19 03:39:42,191 WARN  server.GrpcLogAppender (GrpcLogAppender.java:mayWait(143)) - GrpcLogAppender(29e30134-aa92-4c4c-97e3-3bc595c84317->07b680a3-1247-4695-b0a1-a55b43de70d2): Wait interrupted by java.lang.InterruptedException
2019-08-19 03:39:42,191 INFO  impl.PendingRequests (PendingRequests.java:sendNotLeaderResponses(202)) - 29e30134-aa92-4c4c-97e3-3bc595c84317-PendingRequests: sendNotLeaderResponses
2019-08-19 03:39:42,191 INFO  server.GrpcServerProtocolService (GrpcServerProtocolService.java:onCompleted(104)) - fb94fa56-34bc-4ed4-976f-328d7d7f96e9: appendEntries completed
2019-08-19 03:39:42,197 INFO  impl.StateMachineUpdater (StateMachineUpdater.java:stopAndJoin(115)) - StateMachineUpdater:29e30134-aa92-4c4c-97e3-3bc595c84317:group-5CCD76D0AA69: set stopIndex = 16
2019-08-19 03:39:42,191 INFO  impl.RaftServerImpl (ServerState.java:close(394)) - 29e30134-aa92-4c4c-97e3-3bc595c84317:group-CB0235E1C10D closes. The last applied log index is 0
2019-08-19 03:39:42,197 INFO  ratis.ContainerStateMachine (ContainerStateMachine.java:takeSnapshot(262)) - group-5CCD76D0AA69: Taking a snapshot at:(t:1, i:14) file /workdir/hadoop-ozone/integration-test/target/test-dir/MiniOzoneClusterImpl-b0e78f8e-0219-4c29-81a4-92a46718b188/datanode-0/data/ratis/2e9bd0f1-af17-4c1c-b5d8-5ccd76d0aa69/sm/snapshot.1_14
2019-08-19 03:39:42,192 INFO  server.GrpcServerProtocolService (GrpcServerProtocolService.java:onCompleted(104)) - 07b680a3-1247-4695-b0a1-a55b43de70d2: appendEntries completed
2019-08-19 03:39:42,197 INFO  segmented.SegmentedRaftLogWorker (SegmentedRaftLogWorker.java:run(313)) - 29e30134-aa92-4c4c-97e3-3bc595c84317-SegmentedRaftLogWorker:Storage Directory /workdir/hadoop-ozone/integration-test/target/test-dir/MiniOzoneClusterImpl-b0e78f8e-0219-4c29-81a4-92a46718b188/datanode-0/data/ratis/ebd26bb4-6bdd-4c23-8194-cb0235e1c10d was interrupted, exiting. There are 0 tasks remaining in the queue.
2019-08-19 03:39:42,197 INFO  server.GrpcLogAppender (GrpcLogAppender.java:onCompleted(292)) - 29e30134-aa92-4c4c-97e3-3bc595c84317->fb94fa56-34bc-4ed4-976f-328d7d7f96e9: follower responses appendEntries COMPLETED
2019-08-19 03:39:42,200 INFO  server.GrpcLogAppender (GrpcLogAppender.java:onCompleted(292)) - 29e30134-aa92-4c4c-97e3-3bc595c84317->07b680a3-1247-4695-b0a1-a55b43de70d2: follower responses appendEntries COMPLETED
2019-08-19 03:39:42,200 INFO  impl.FollowerInfo (FollowerInfo.java:lambda$new$0(50)) - 29e30134-aa92-4c4c-97e3-3bc595c84317->fb94fa56-34bc-4ed4-976f-328d7d7f96e9: nextIndex: updateUnconditionally 17 -> 16
2019-08-19 03:39:42,201 INFO  impl.FollowerInfo (FollowerInfo.java:lambda$new$0(50)) - 29e30134-aa92-4c4c-97e3-3bc595c84317->07b680a3-1247-4695-b0a1-a55b43de70d2: nextIndex: updateUnconditionally 17 -> 16
2019-08-19 03:39:42,209 INFO  segmented.SegmentedRaftLogWorker (SegmentedRaftLogWorker.java:close(228)) - 29e30134-aa92-4c4c-97e3-3bc595c84317-SegmentedRaftLogWorker:Storage Directory /workdir/hadoop-ozone/integration-test/target/test-dir/MiniOzoneClusterImpl-b0e78f8e-0219-4c29-81a4-92a46718b188/datanode-0/data/ratis/ebd26bb4-6bdd-4c23-8194-cb0235e1c10d close()
2019-08-19 03:39:42,212 INFO  ratis.ContainerStateMachine (ContainerStateMachine.java:takeSnapshot(273)) - group-5CCD76D0AA69: Finished taking a snapshot at:(t:1, i:14) file:/workdir/hadoop-ozone/integration-test/target/test-dir/MiniOzoneClusterImpl-b0e78f8e-0219-4c29-81a4-92a46718b188/datanode-0/data/ratis/2e9bd0f1-af17-4c1c-b5d8-5ccd76d0aa69/sm/snapshot.1_14 time:15
2019-08-19 03:39:42,214 INFO  impl.StateMachineUpdater (StateMachineUpdater.java:takeSnapshot(242)) - StateMachineUpdater:29e30134-aa92-4c4c-97e3-3bc595c84317:group-5CCD76D0AA69: Took a snapshot at index 14
2019-08-19 03:39:42,214 INFO  impl.StateMachineUpdater (StateMachineUpdater.java:lambda$new$0(80)) - StateMachineUpdater:29e30134-aa92-4c4c-97e3-3bc595c84317:group-5CCD76D0AA69: snapshotIndex: updateIncreasingly -1 -> 14
2019-08-19 03:39:42,214 INFO  impl.RaftServerImpl (ServerState.java:close(394)) - 29e30134-aa92-4c4c-97e3-3bc595c84317:group-5CCD76D0AA69 closes. The last applied log index is 16
2019-08-19 03:39:42,214 INFO  segmented.SegmentedRaftLogWorker (SegmentedRaftLogWorker.java:run(313)) - 29e30134-aa92-4c4c-97e3-3bc595c84317-SegmentedRaftLogWorker:Storage Directory /workdir/hadoop-ozone/integration-test/target/test-dir/MiniOzoneClusterImpl-b0e78f8e-0219-4c29-81a4-92a46718b188/datanode-0/data/ratis/2e9bd0f1-af17-4c1c-b5d8-5ccd76d0aa69 was interrupted, exiting. There are 0 tasks remaining in the queue.
2019-08-19 03:39:42,217 INFO  segmented.SegmentedRaftLogWorker (SegmentedRaftLogWorker.java:close(228)) - 29e30134-aa92-4c4c-97e3-3bc595c84317-SegmentedRaftLogWorker:Storage Directory /workdir/hadoop-ozone/integration-test/target/test-dir/MiniOzoneClusterImpl-b0e78f8e-0219-4c29-81a4-92a46718b188/datanode-0/data/ratis/2e9bd0f1-af17-4c1c-b5d8-5ccd76d0aa69 close()
2019-08-19 03:39:42,221 INFO  server.GrpcService (GrpcService.java:closeImpl(155)) - 29e30134-aa92-4c4c-97e3-3bc595c84317: shutdown server with port 39686 now
2019-08-19 03:39:42,222 WARN  client.GrpcClientProtocolService (LogUtils.java:warn(134)) - 3-UnorderedRequestStreamObserver3: onError: org.apache.ratis.thirdparty.io.grpc.StatusRuntimeException: CANCELLED: cancelled before receiving half close
2019-08-19 03:39:42,224 INFO  server.GrpcService (GrpcService.java:closeImpl(163)) - 29e30134-aa92-4c4c-97e3-3bc595c84317: shutdown server with port 39686 successfully
2019-08-19 03:39:42,228 INFO  utils.BackgroundService (BackgroundService.java:shutdown(148)) - Shutting down service BlockDeletingService
2019-08-19 03:39:42,230 WARN  fs.CachingGetSpaceUsed (CachingGetSpaceUsed.java:run(183)) - Thread Interrupted waiting to refresh disk information: sleep interrupted
2019-08-19 03:39:42,251 INFO  statemachine.DatanodeStateMachine (DatanodeStateMachine.java:stopDaemon(395)) - Ozone container server stopped.
2019-08-19 03:39:42,252 INFO  handler.ContextHandler (ContextHandler.java:doStop(910)) - Stopped o.e.j.w.WebAppContext@4b02dc4e{/,null,UNAVAILABLE}{/hddsDatanode}
2019-08-19 03:39:42,253 INFO  server.AbstractConnector (AbstractConnector.java:doStop(318)) - Stopped ServerConnector@b67b359{HTTP/1.1,[http/1.1]}{0.0.0.0:0}
2019-08-19 03:39:42,254 INFO  handler.ContextHandler (ContextHandler.java:doStop(910)) - Stopped o.e.j.s.ServletContextHandler@2a10407e{/static,jar:file:/home/user/.m2/repository/org/apache/hadoop/hadoop-hdds-container-service/0.4.1-SNAPSHOT/hadoop-hdds-container-service-0.4.1-SNAPSHOT.jar!/webapps/static,UNAVAILABLE}
2019-08-19 03:39:42,254 INFO  handler.ContextHandler (ContextHandler.java:doStop(910)) - Stopped o.e.j.s.ServletContextHandler@6abbdcde{/logs,file:///workdir/hadoop-ozone/integration-test/target/log,UNAVAILABLE}
2019-08-19 03:39:44,270 INFO  client.GrpcClientProtocolClient (GrpcClientProtocolClient.java:onNext(255)) - client-30600AA4AC63->fb94fa56-34bc-4ed4-976f-328d7d7f96e9: receive RaftClientReply:client-30600AA4AC63->fb94fa56-34bc-4ed4-976f-328d7d7f96e9@group-5CCD76D0AA69, cid=185, FAILED org.apache.ratis.protocol.NotLeaderException: Server fb94fa56-34bc-4ed4-976f-328d7d7f96e9 is not the leader (29e30134-aa92-4c4c-97e3-3bc595c84317:192.168.5.186:39686). Request must be sent to leader., logIndex=0, commits[fb94fa56-34bc-4ed4-976f-328d7d7f96e9:c16, 29e30134-aa92-4c4c-97e3-3bc595c84317:c16, 07b680a3-1247-4695-b0a1-a55b43de70d2:c16]
2019-08-19 03:39:45,284 INFO  client.GrpcClientProtocolClient (GrpcClientProtocolClient.java:onNext(255)) - client-30600AA4AC63->07b680a3-1247-4695-b0a1-a55b43de70d2: receive RaftClientReply:client-30600AA4AC63->07b680a3-1247-4695-b0a1-a55b43de70d2@group-5CCD76D0AA69, cid=185, FAILED org.apache.ratis.protocol.NotLeaderException: Server 07b680a3-1247-4695-b0a1-a55b43de70d2 is not the leader (29e30134-aa92-4c4c-97e3-3bc595c84317:192.168.5.186:39686). Request must be sent to leader., logIndex=0, commits[07b680a3-1247-4695-b0a1-a55b43de70d2:c16, 29e30134-aa92-4c4c-97e3-3bc595c84317:c16, fb94fa56-34bc-4ed4-976f-328d7d7f96e9:c16]
2019-08-19 03:39:46,298 INFO  client.GrpcClientProtocolClient (GrpcClientProtocolClient.java:onNext(255)) - client-30600AA4AC63->07b680a3-1247-4695-b0a1-a55b43de70d2: receive RaftClientReply:client-30600AA4AC63->07b680a3-1247-4695-b0a1-a55b43de70d2@group-5CCD76D0AA69, cid=185, FAILED org.apache.ratis.protocol.NotLeaderException: Server 07b680a3-1247-4695-b0a1-a55b43de70d2 is not the leader (29e30134-aa92-4c4c-97e3-3bc595c84317:192.168.5.186:39686). Request must be sent to leader., logIndex=0, commits[07b680a3-1247-4695-b0a1-a55b43de70d2:c16, 29e30134-aa92-4c4c-97e3-3bc595c84317:c16, fb94fa56-34bc-4ed4-976f-328d7d7f96e9:c16]
2019-08-19 03:39:47,313 INFO  client.GrpcClientProtocolClient (GrpcClientProtocolClient.java:onNext(255)) - client-30600AA4AC63->07b680a3-1247-4695-b0a1-a55b43de70d2: receive RaftClientReply:client-30600AA4AC63->07b680a3-1247-4695-b0a1-a55b43de70d2@group-5CCD76D0AA69, cid=185, FAILED org.apache.ratis.protocol.NotLeaderException: Server 07b680a3-1247-4695-b0a1-a55b43de70d2 is not the leader (29e30134-aa92-4c4c-97e3-3bc595c84317:192.168.5.186:39686). Request must be sent to leader., logIndex=0, commits[07b680a3-1247-4695-b0a1-a55b43de70d2:c16, 29e30134-aa92-4c4c-97e3-3bc595c84317:c16, fb94fa56-34bc-4ed4-976f-328d7d7f96e9:c16]
2019-08-19 03:39:48,326 INFO  client.GrpcClientProtocolClient (GrpcClientProtocolClient.java:onNext(255)) - client-30600AA4AC63->07b680a3-1247-4695-b0a1-a55b43de70d2: receive RaftClientReply:client-30600AA4AC63->07b680a3-1247-4695-b0a1-a55b43de70d2@group-5CCD76D0AA69, cid=185, FAILED org.apache.ratis.protocol.NotLeaderException: Server 07b680a3-1247-4695-b0a1-a55b43de70d2 is not the leader (29e30134-aa92-4c4c-97e3-3bc595c84317:192.168.5.186:39686). Request must be sent to leader., logIndex=0, commits[07b680a3-1247-4695-b0a1-a55b43de70d2:c16, 29e30134-aa92-4c4c-97e3-3bc595c84317:c16, fb94fa56-34bc-4ed4-976f-328d7d7f96e9:c16]
2019-08-19 03:39:49,341 INFO  client.GrpcClientProtocolClient (GrpcClientProtocolClient.java:onNext(255)) - client-30600AA4AC63->fb94fa56-34bc-4ed4-976f-328d7d7f96e9: receive RaftClientReply:client-30600AA4AC63->fb94fa56-34bc-4ed4-976f-328d7d7f96e9@group-5CCD76D0AA69, cid=185, FAILED org.apache.ratis.protocol.NotLeaderException: Server fb94fa56-34bc-4ed4-976f-328d7d7f96e9 is not the leader (29e30134-aa92-4c4c-97e3-3bc595c84317:192.168.5.186:39686). Request must be sent to leader., logIndex=0, commits[fb94fa56-34bc-4ed4-976f-328d7d7f96e9:c16, 29e30134-aa92-4c4c-97e3-3bc595c84317:c16, 07b680a3-1247-4695-b0a1-a55b43de70d2:c16]
2019-08-19 03:39:50,360 INFO  client.GrpcClientProtocolClient (GrpcClientProtocolClient.java:onNext(255)) - client-30600AA4AC63->fb94fa56-34bc-4ed4-976f-328d7d7f96e9: receive RaftClientReply:client-30600AA4AC63->fb94fa56-34bc-4ed4-976f-328d7d7f96e9@group-5CCD76D0AA69, cid=185, FAILED org.apache.ratis.protocol.NotLeaderException: Server fb94fa56-34bc-4ed4-976f-328d7d7f96e9 is not the leader (29e30134-aa92-4c4c-97e3-3bc595c84317:192.168.5.186:39686). Request must be sent to leader., logIndex=0, commits[fb94fa56-34bc-4ed4-976f-328d7d7f96e9:c16, 29e30134-aa92-4c4c-97e3-3bc595c84317:c16, 07b680a3-1247-4695-b0a1-a55b43de70d2:c16]
2019-08-19 03:39:51,113 INFO  impl.FollowerState (FollowerState.java:run(106)) - 07b680a3-1247-4695-b0a1-a55b43de70d2:group-5CCD76D0AA69 changes to CANDIDATE, lastRpcTime:8937, electionTimeout:5107ms
2019-08-19 03:39:51,113 INFO  impl.RoleInfo (RoleInfo.java:shutdownFollowerState(121)) - 07b680a3-1247-4695-b0a1-a55b43de70d2: shutdown FollowerState
2019-08-19 03:39:51,113 INFO  impl.RaftServerImpl (RaftServerImpl.java:setRole(171)) - 07b680a3-1247-4695-b0a1-a55b43de70d2:group-5CCD76D0AA69 changes role from FOLLOWER to CANDIDATE at term 1 for changeToCandidate
2019-08-19 03:39:51,113 INFO  impl.RoleInfo (RoleInfo.java:updateAndGet(143)) - 07b680a3-1247-4695-b0a1-a55b43de70d2: start LeaderElection
2019-08-19 03:39:51,117 INFO  impl.RaftServerImpl (ServerState.java:setLeader(263)) - 07b680a3-1247-4695-b0a1-a55b43de70d2:group-5CCD76D0AA69 change Leader from 29e30134-aa92-4c4c-97e3-3bc595c84317 to null at term 1 for initElection
2019-08-19 03:39:51,130 INFO  impl.LeaderElection (LeaderElection.java:askForVotes(181)) - 07b680a3-1247-4695-b0a1-a55b43de70d2:group-5CCD76D0AA69:LeaderElection83: begin an election at term 2 for 0: [29e30134-aa92-4c4c-97e3-3bc595c84317:192.168.5.186:39686, fb94fa56-34bc-4ed4-976f-328d7d7f96e9:192.168.5.186:45542, 07b680a3-1247-4695-b0a1-a55b43de70d2:192.168.5.186:37215], old=null
2019-08-19 03:39:51,133 INFO  impl.LeaderElection (LogUtils.java:infoOrTrace(149)) - 07b680a3-1247-4695-b0a1-a55b43de70d2:group-5CCD76D0AA69:LeaderElection83 got exception when requesting votes: {}
java.util.concurrent.ExecutionException: org.apache.ratis.thirdparty.io.grpc.StatusRuntimeException: UNAVAILABLE: io exception
	at java.util.concurrent.FutureTask.report(FutureTask.java:122)
	at java.util.concurrent.FutureTask.get(FutureTask.java:192)
	at org.apache.ratis.server.impl.LeaderElection.waitForResults(LeaderElection.java:262)
	at org.apache.ratis.server.impl.LeaderElection.askForVotes(LeaderElection.java:200)
	at org.apache.ratis.server.impl.LeaderElection.run(LeaderElection.java:130)
	at java.lang.Thread.run(Thread.java:748)
Caused by: org.apache.ratis.thirdparty.io.grpc.StatusRuntimeException: UNAVAILABLE: io exception
	at org.apache.ratis.thirdparty.io.grpc.stub.ClientCalls.toStatusRuntimeException(ClientCalls.java:233)
	at org.apache.ratis.thirdparty.io.grpc.stub.ClientCalls.getUnchecked(ClientCalls.java:214)
	at org.apache.ratis.thirdparty.io.grpc.stub.ClientCalls.blockingUnaryCall(ClientCalls.java:139)
	at org.apache.ratis.proto.grpc.RaftServerProtocolServiceGrpc$RaftServerProtocolServiceBlockingStub.requestVote(RaftServerProtocolServiceGrpc.java:265)
	at org.apache.ratis.grpc.server.GrpcServerProtocolClient.requestVote(GrpcServerProtocolClient.java:83)
	at org.apache.ratis.grpc.server.GrpcService.requestVote(GrpcService.java:195)
	at org.apache.ratis.server.impl.LeaderElection.lambda$submitRequests$1(LeaderElection.java:237)
	at java.util.concurrent.FutureTask.run(FutureTask.java:266)
	at java.util.concurrent.Executors$RunnableAdapter.call(Executors.java:511)
	at java.util.concurrent.FutureTask.run(FutureTask.java:266)
	at java.util.concurrent.ThreadPoolExecutor.runWorker(ThreadPoolExecutor.java:1149)
	at java.util.concurrent.ThreadPoolExecutor$Worker.run(ThreadPoolExecutor.java:624)
	... 1 more
Caused by: org.apache.ratis.thirdparty.io.netty.channel.AbstractChannel$AnnotatedConnectException: Connection refused: /192.168.5.186:39686
	at sun.nio.ch.SocketChannelImpl.checkConnect(Native Method)
	at sun.nio.ch.SocketChannelImpl.finishConnect(SocketChannelImpl.java:717)
	at org.apache.ratis.thirdparty.io.netty.channel.socket.nio.NioSocketChannel.doFinishConnect(NioSocketChannel.java:327)
	at org.apache.ratis.thirdparty.io.netty.channel.nio.AbstractNioChannel$AbstractNioUnsafe.finishConnect(AbstractNioChannel.java:340)
	at org.apache.ratis.thirdparty.io.netty.channel.nio.NioEventLoop.processSelectedKey(NioEventLoop.java:632)
	at org.apache.ratis.thirdparty.io.netty.channel.nio.NioEventLoop.processSelectedKeysOptimized(NioEventLoop.java:579)
	at org.apache.ratis.thirdparty.io.netty.channel.nio.NioEventLoop.processSelectedKeys(NioEventLoop.java:496)
	at org.apache.ratis.thirdparty.io.netty.channel.nio.NioEventLoop.run(NioEventLoop.java:458)
	at org.apache.ratis.thirdparty.io.netty.util.concurrent.SingleThreadEventExecutor$5.run(SingleThreadEventExecutor.java:897)
	at org.apache.ratis.thirdparty.io.netty.util.concurrent.FastThreadLocalRunnable.run(FastThreadLocalRunnable.java:30)
	... 1 more
Caused by: java.net.ConnectException: Connection refused
	... 11 more
2019-08-19 03:39:51,136 INFO  impl.RaftServerImpl (ServerState.java:setLeader(263)) - fb94fa56-34bc-4ed4-976f-328d7d7f96e9:group-5CCD76D0AA69 change Leader from 29e30134-aa92-4c4c-97e3-3bc595c84317 to null at term 2 for updateCurrentTerm
2019-08-19 03:39:51,137 INFO  impl.RaftServerImpl (RaftServerImpl.java:setRole(171)) - fb94fa56-34bc-4ed4-976f-328d7d7f96e9:group-5CCD76D0AA69 changes role from FOLLOWER to FOLLOWER at term 2 for recognizeCandidate:07b680a3-1247-4695-b0a1-a55b43de70d2
2019-08-19 03:39:51,137 INFO  impl.RoleInfo (RoleInfo.java:shutdownFollowerState(121)) - fb94fa56-34bc-4ed4-976f-328d7d7f96e9: shutdown FollowerState
2019-08-19 03:39:51,137 INFO  impl.RoleInfo (RoleInfo.java:updateAndGet(143)) - fb94fa56-34bc-4ed4-976f-328d7d7f96e9: start FollowerState
2019-08-19 03:39:51,137 INFO  impl.FollowerState (FollowerState.java:run(114)) - fb94fa56-34bc-4ed4-976f-328d7d7f96e9: FollowerState was interrupted: java.lang.InterruptedException: sleep interrupted
2019-08-19 03:39:51,155 INFO  impl.LeaderElection (LeaderElection.java:logAndReturn(56)) - 07b680a3-1247-4695-b0a1-a55b43de70d2:group-5CCD76D0AA69:LeaderElection83: Election PASSED; received 1 response(s) [07b680a3-1247-4695-b0a1-a55b43de70d2<-fb94fa56-34bc-4ed4-976f-328d7d7f96e9#0:OK-t2] and 1 exception(s); 07b680a3-1247-4695-b0a1-a55b43de70d2:t2, leader=null, voted=07b680a3-1247-4695-b0a1-a55b43de70d2, raftlog=07b680a3-1247-4695-b0a1-a55b43de70d2-SegmentedRaftLog:OPENED:c16,f16,i16, conf=0: [29e30134-aa92-4c4c-97e3-3bc595c84317:192.168.5.186:39686, fb94fa56-34bc-4ed4-976f-328d7d7f96e9:192.168.5.186:45542, 07b680a3-1247-4695-b0a1-a55b43de70d2:192.168.5.186:37215], old=null
2019-08-19 03:39:51,155 INFO  impl.LeaderElection (LogUtils.java:infoOrTrace(149)) -   Exception 0: {}
java.util.concurrent.ExecutionException: org.apache.ratis.thirdparty.io.grpc.StatusRuntimeException: UNAVAILABLE: io exception
	at java.util.concurrent.FutureTask.report(FutureTask.java:122)
	at java.util.concurrent.FutureTask.get(FutureTask.java:192)
	at org.apache.ratis.server.impl.LeaderElection.waitForResults(LeaderElection.java:262)
	at org.apache.ratis.server.impl.LeaderElection.askForVotes(LeaderElection.java:200)
	at org.apache.ratis.server.impl.LeaderElection.run(LeaderElection.java:130)
	at java.lang.Thread.run(Thread.java:748)
Caused by: org.apache.ratis.thirdparty.io.grpc.StatusRuntimeException: UNAVAILABLE: io exception
	at org.apache.ratis.thirdparty.io.grpc.stub.ClientCalls.toStatusRuntimeException(ClientCalls.java:233)
	at org.apache.ratis.thirdparty.io.grpc.stub.ClientCalls.getUnchecked(ClientCalls.java:214)
	at org.apache.ratis.thirdparty.io.grpc.stub.ClientCalls.blockingUnaryCall(ClientCalls.java:139)
	at org.apache.ratis.proto.grpc.RaftServerProtocolServiceGrpc$RaftServerProtocolServiceBlockingStub.requestVote(RaftServerProtocolServiceGrpc.java:265)
	at org.apache.ratis.grpc.server.GrpcServerProtocolClient.requestVote(GrpcServerProtocolClient.java:83)
	at org.apache.ratis.grpc.server.GrpcService.requestVote(GrpcService.java:195)
	at org.apache.ratis.server.impl.LeaderElection.lambda$submitRequests$1(LeaderElection.java:237)
	at java.util.concurrent.FutureTask.run(FutureTask.java:266)
	at java.util.concurrent.Executors$RunnableAdapter.call(Executors.java:511)
	at java.util.concurrent.FutureTask.run(FutureTask.java:266)
	at java.util.concurrent.ThreadPoolExecutor.runWorker(ThreadPoolExecutor.java:1149)
	at java.util.concurrent.ThreadPoolExecutor$Worker.run(ThreadPoolExecutor.java:624)
	... 1 more
Caused by: org.apache.ratis.thirdparty.io.netty.channel.AbstractChannel$AnnotatedConnectException: Connection refused: /192.168.5.186:39686
	at sun.nio.ch.SocketChannelImpl.checkConnect(Native Method)
	at sun.nio.ch.SocketChannelImpl.finishConnect(SocketChannelImpl.java:717)
	at org.apache.ratis.thirdparty.io.netty.channel.socket.nio.NioSocketChannel.doFinishConnect(NioSocketChannel.java:327)
	at org.apache.ratis.thirdparty.io.netty.channel.nio.AbstractNioChannel$AbstractNioUnsafe.finishConnect(AbstractNioChannel.java:340)
	at org.apache.ratis.thirdparty.io.netty.channel.nio.NioEventLoop.processSelectedKey(NioEventLoop.java:632)
	at org.apache.ratis.thirdparty.io.netty.channel.nio.NioEventLoop.processSelectedKeysOptimized(NioEventLoop.java:579)
	at org.apache.ratis.thirdparty.io.netty.channel.nio.NioEventLoop.processSelectedKeys(NioEventLoop.java:496)
	at org.apache.ratis.thirdparty.io.netty.channel.nio.NioEventLoop.run(NioEventLoop.java:458)
	at org.apache.ratis.thirdparty.io.netty.util.concurrent.SingleThreadEventExecutor$5.run(SingleThreadEventExecutor.java:897)
	at org.apache.ratis.thirdparty.io.netty.util.concurrent.FastThreadLocalRunnable.run(FastThreadLocalRunnable.java:30)
	... 1 more
Caused by: java.net.ConnectException: Connection refused
	... 11 more
2019-08-19 03:39:51,155 INFO  impl.RoleInfo (RoleInfo.java:shutdownLeaderElection(134)) - 07b680a3-1247-4695-b0a1-a55b43de70d2: shutdown LeaderElection
2019-08-19 03:39:51,156 INFO  impl.RaftServerImpl (RaftServerImpl.java:setRole(171)) - 07b680a3-1247-4695-b0a1-a55b43de70d2:group-5CCD76D0AA69 changes role from CANDIDATE to LEADER at term 2 for changeToLeader
2019-08-19 03:39:51,156 INFO  impl.RaftServerImpl (ServerState.java:setLeader(263)) - 07b680a3-1247-4695-b0a1-a55b43de70d2:group-5CCD76D0AA69 change Leader from null to 07b680a3-1247-4695-b0a1-a55b43de70d2 at term 2 for becomeLeader, leader elected after 38ms
2019-08-19 03:39:51,156 INFO  server.RaftServerConfigKeys (ConfUtils.java:logGet(43)) - raft.server.staging.catchup.gap = 1000 (default)
2019-08-19 03:39:51,156 INFO  server.RaftServerConfigKeys (ConfUtils.java:logGet(43)) - raft.server.rpc.sleep.time = 25ms (default)
2019-08-19 03:39:51,156 INFO  server.RaftServerConfigKeys (ConfUtils.java:logGet(43)) - raft.server.write.element-limit = 4096 (default)
2019-08-19 03:39:51,156 INFO  server.RaftServerConfigKeys (ConfUtils.java:logGet(43)) - raft.server.watch.timeout = 10s (default)
2019-08-19 03:39:51,156 INFO  server.RaftServerConfigKeys (ConfUtils.java:logGet(43)) - raft.server.watch.timeout.denomination = 1s (default)
2019-08-19 03:39:51,157 INFO  server.RaftServerConfigKeys (ConfUtils.java:logGet(43)) - raft.server.watch.element-limit = 65536 (default)
2019-08-19 03:39:51,157 INFO  server.RaftServerConfigKeys (ConfUtils.java:logGet(43)) - raft.server.log.appender.snapshot.chunk.size.max = 16MB (=16777216) (default)
2019-08-19 03:39:51,157 INFO  server.RaftServerConfigKeys (ConfUtils.java:logGet(43)) - raft.server.log.appender.buffer.byte-limit = 33554432 (custom)
2019-08-19 03:39:51,157 INFO  server.RaftServerConfigKeys (ConfUtils.java:logGet(43)) - raft.server.log.appender.buffer.element-limit = 1 (custom)
2019-08-19 03:39:51,158 INFO  grpc.GrpcConfigKeys$Server (ConfUtils.java:logGet(43)) - raft.grpc.server.leader.outstanding.appends.max = 128 (default)
2019-08-19 03:39:51,158 INFO  server.RaftServerConfigKeys (ConfUtils.java:logGet(43)) - raft.server.rpc.request.timeout = 3000ms (default)
2019-08-19 03:39:51,158 INFO  server.RaftServerConfigKeys (ConfUtils.java:logGet(43)) - raft.server.log.appender.install.snapshot.enabled = false (custom)
2019-08-19 03:39:51,159 INFO  server.RaftServerConfigKeys (ConfUtils.java:logGet(43)) - raft.server.log.appender.snapshot.chunk.size.max = 16MB (=16777216) (default)
2019-08-19 03:39:51,159 INFO  server.RaftServerConfigKeys (ConfUtils.java:logGet(43)) - raft.server.log.appender.buffer.byte-limit = 33554432 (custom)
2019-08-19 03:39:51,159 INFO  server.RaftServerConfigKeys (ConfUtils.java:logGet(43)) - raft.server.log.appender.buffer.element-limit = 1 (custom)
2019-08-19 03:39:51,160 INFO  grpc.GrpcConfigKeys$Server (ConfUtils.java:logGet(43)) - raft.grpc.server.leader.outstanding.appends.max = 128 (default)
2019-08-19 03:39:51,160 INFO  server.RaftServerConfigKeys (ConfUtils.java:logGet(43)) - raft.server.rpc.request.timeout = 3000ms (default)
2019-08-19 03:39:51,160 INFO  server.RaftServerConfigKeys (ConfUtils.java:logGet(43)) - raft.server.log.appender.install.snapshot.enabled = false (custom)
2019-08-19 03:39:51,161 INFO  impl.RoleInfo (RoleInfo.java:updateAndGet(143)) - 07b680a3-1247-4695-b0a1-a55b43de70d2: start LeaderState
2019-08-19 03:39:51,161 INFO  segmented.SegmentedRaftLogWorker (SegmentedRaftLogWorker.java:rollLogSegment(385)) - 07b680a3-1247-4695-b0a1-a55b43de70d2-SegmentedRaftLogWorker:Storage Directory /workdir/hadoop-ozone/integration-test/target/test-dir/MiniOzoneClusterImpl-b0e78f8e-0219-4c29-81a4-92a46718b188/datanode-1/data/ratis/2e9bd0f1-af17-4c1c-b5d8-5ccd76d0aa69: Rolling segment log-0_16 to index:16
2019-08-19 03:39:51,163 INFO  segmented.SegmentedRaftLogWorker (SegmentedRaftLogWorker.java:execute(526)) - 07b680a3-1247-4695-b0a1-a55b43de70d2-SegmentedRaftLogWorker:Storage Directory /workdir/hadoop-ozone/integration-test/target/test-dir/MiniOzoneClusterImpl-b0e78f8e-0219-4c29-81a4-92a46718b188/datanode-1/data/ratis/2e9bd0f1-af17-4c1c-b5d8-5ccd76d0aa69: Rolled log segment from /workdir/hadoop-ozone/integration-test/target/test-dir/MiniOzoneClusterImpl-b0e78f8e-0219-4c29-81a4-92a46718b188/datanode-1/data/ratis/2e9bd0f1-af17-4c1c-b5d8-5ccd76d0aa69/current/log_inprogress_0 to /workdir/hadoop-ozone/integration-test/target/test-dir/MiniOzoneClusterImpl-b0e78f8e-0219-4c29-81a4-92a46718b188/datanode-1/data/ratis/2e9bd0f1-af17-4c1c-b5d8-5ccd76d0aa69/current/log_0-16
2019-08-19 03:39:51,163 INFO  impl.RaftServerImpl (ServerState.java:setRaftConf(361)) - 07b680a3-1247-4695-b0a1-a55b43de70d2:group-5CCD76D0AA69 set configuration 17: [29e30134-aa92-4c4c-97e3-3bc595c84317:192.168.5.186:39686, fb94fa56-34bc-4ed4-976f-328d7d7f96e9:192.168.5.186:45542, 07b680a3-1247-4695-b0a1-a55b43de70d2:192.168.5.186:37215], old=null at 17
2019-08-19 03:39:51,163 WARN  server.GrpcLogAppender (LogUtils.java:warn(134)) - 07b680a3-1247-4695-b0a1-a55b43de70d2->29e30134-aa92-4c4c-97e3-3bc595c84317: Failed appendEntries: org.apache.ratis.thirdparty.io.grpc.StatusRuntimeException: UNAVAILABLE: io exception
2019-08-19 03:39:51,164 INFO  impl.FollowerInfo (FollowerInfo.java:lambda$new$0(50)) - 07b680a3-1247-4695-b0a1-a55b43de70d2->29e30134-aa92-4c4c-97e3-3bc595c84317: nextIndex: updateUnconditionally 17 -> 1
2019-08-19 03:39:51,165 INFO  impl.RaftServerImpl (ServerState.java:setLeader(263)) - fb94fa56-34bc-4ed4-976f-328d7d7f96e9:group-5CCD76D0AA69 change Leader from null to 07b680a3-1247-4695-b0a1-a55b43de70d2 at term 2 for appendEntries, leader elected after 28ms
2019-08-19 03:39:51,168 INFO  impl.RaftServerImpl (ServerState.java:setRaftConf(361)) - fb94fa56-34bc-4ed4-976f-328d7d7f96e9:group-5CCD76D0AA69 set configuration 17: [29e30134-aa92-4c4c-97e3-3bc595c84317:192.168.5.186:39686, fb94fa56-34bc-4ed4-976f-328d7d7f96e9:192.168.5.186:45542, 07b680a3-1247-4695-b0a1-a55b43de70d2:192.168.5.186:37215], old=null at 17
2019-08-19 03:39:51,168 INFO  segmented.SegmentedRaftLogWorker (SegmentedRaftLogWorker.java:rollLogSegment(385)) - fb94fa56-34bc-4ed4-976f-328d7d7f96e9-SegmentedRaftLogWorker:Storage Directory /workdir/hadoop-ozone/integration-test/target/test-dir/MiniOzoneClusterImpl-b0e78f8e-0219-4c29-81a4-92a46718b188/datanode-2/data/ratis/2e9bd0f1-af17-4c1c-b5d8-5ccd76d0aa69: Rolling segment log-0_16 to index:16
2019-08-19 03:39:51,169 INFO  segmented.SegmentedRaftLogWorker (SegmentedRaftLogWorker.java:execute(526)) - fb94fa56-34bc-4ed4-976f-328d7d7f96e9-SegmentedRaftLogWorker:Storage Directory /workdir/hadoop-ozone/integration-test/target/test-dir/MiniOzoneClusterImpl-b0e78f8e-0219-4c29-81a4-92a46718b188/datanode-2/data/ratis/2e9bd0f1-af17-4c1c-b5d8-5ccd76d0aa69: Rolled log segment from /workdir/hadoop-ozone/integration-test/target/test-dir/MiniOzoneClusterImpl-b0e78f8e-0219-4c29-81a4-92a46718b188/datanode-2/data/ratis/2e9bd0f1-af17-4c1c-b5d8-5ccd76d0aa69/current/log_inprogress_0 to /workdir/hadoop-ozone/integration-test/target/test-dir/MiniOzoneClusterImpl-b0e78f8e-0219-4c29-81a4-92a46718b188/datanode-2/data/ratis/2e9bd0f1-af17-4c1c-b5d8-5ccd76d0aa69/current/log_0-16
2019-08-19 03:39:51,217 INFO  segmented.SegmentedRaftLogWorker (SegmentedRaftLogWorker.java:execute(569)) - 07b680a3-1247-4695-b0a1-a55b43de70d2-SegmentedRaftLogWorker:Storage Directory /workdir/hadoop-ozone/integration-test/target/test-dir/MiniOzoneClusterImpl-b0e78f8e-0219-4c29-81a4-92a46718b188/datanode-1/data/ratis/2e9bd0f1-af17-4c1c-b5d8-5ccd76d0aa69: created new log segment /workdir/hadoop-ozone/integration-test/target/test-dir/MiniOzoneClusterImpl-b0e78f8e-0219-4c29-81a4-92a46718b188/datanode-1/data/ratis/2e9bd0f1-af17-4c1c-b5d8-5ccd76d0aa69/current/log_inprogress_17
2019-08-19 03:39:51,217 INFO  segmented.SegmentedRaftLogWorker (SegmentedRaftLogWorker.java:execute(569)) - fb94fa56-34bc-4ed4-976f-328d7d7f96e9-SegmentedRaftLogWorker:Storage Directory /workdir/hadoop-ozone/integration-test/target/test-dir/MiniOzoneClusterImpl-b0e78f8e-0219-4c29-81a4-92a46718b188/datanode-2/data/ratis/2e9bd0f1-af17-4c1c-b5d8-5ccd76d0aa69: created new log segment /workdir/hadoop-ozone/integration-test/target/test-dir/MiniOzoneClusterImpl-b0e78f8e-0219-4c29-81a4-92a46718b188/datanode-2/data/ratis/2e9bd0f1-af17-4c1c-b5d8-5ccd76d0aa69/current/log_inprogress_17
2019-08-19 03:39:51,248 WARN  server.GrpcLogAppender (LogUtils.java:warn(134)) - 07b680a3-1247-4695-b0a1-a55b43de70d2->29e30134-aa92-4c4c-97e3-3bc595c84317: Failed appendEntries: org.apache.ratis.thirdparty.io.grpc.StatusRuntimeException: UNAVAILABLE: io exception
2019-08-19 03:39:51,249 INFO  impl.FollowerInfo (FollowerInfo.java:lambda$new$0(50)) - 07b680a3-1247-4695-b0a1-a55b43de70d2->29e30134-aa92-4c4c-97e3-3bc595c84317: nextIndex: updateUnconditionally 2 -> 1
2019-08-19 03:39:51,269 WARN  server.GrpcLogAppender (LogUtils.java:warn(134)) - 07b680a3-1247-4695-b0a1-a55b43de70d2->29e30134-aa92-4c4c-97e3-3bc595c84317: Failed appendEntries: org.apache.ratis.thirdparty.io.grpc.StatusRuntimeException: UNAVAILABLE: io exception
2019-08-19 03:39:51,270 INFO  impl.FollowerInfo (FollowerInfo.java:lambda$new$0(50)) - 07b680a3-1247-4695-b0a1-a55b43de70d2->29e30134-aa92-4c4c-97e3-3bc595c84317: nextIndex: updateUnconditionally 2 -> 1
2019-08-19 03:39:51,373 INFO  client.GrpcClientProtocolClient (GrpcClientProtocolClient.java:onNext(255)) - client-30600AA4AC63->fb94fa56-34bc-4ed4-976f-328d7d7f96e9: receive RaftClientReply:client-30600AA4AC63->fb94fa56-34bc-4ed4-976f-328d7d7f96e9@group-5CCD76D0AA69, cid=185, FAILED org.apache.ratis.protocol.NotLeaderException: Server fb94fa56-34bc-4ed4-976f-328d7d7f96e9 is not the leader (07b680a3-1247-4695-b0a1-a55b43de70d2:192.168.5.186:37215). Request must be sent to leader., logIndex=0, commits[fb94fa56-34bc-4ed4-976f-328d7d7f96e9:c17, 29e30134-aa92-4c4c-97e3-3bc595c84317:c16, 07b680a3-1247-4695-b0a1-a55b43de70d2:c17]
03:39:51.379 [grpc-default-executor-12] ERROR DNAudit - user=null | ip=null | op=WRITE_CHUNK {blockData=conID: 1 locID: 102641563906998286 bcsId: 14} | ret=FAILURE
org.apache.hadoop.hdds.scm.container.common.helpers.ContainerNotOpenException: Container 1 in CLOSING state
	at org.apache.hadoop.ozone.container.common.impl.HddsDispatcher.validateContainerCommand(HddsDispatcher.java:408) ~[hadoop-hdds-container-service-0.4.1-SNAPSHOT.jar:?]
	at org.apache.hadoop.ozone.container.common.transport.server.ratis.ContainerStateMachine.startTransaction(ContainerStateMachine.java:288) ~[hadoop-hdds-container-service-0.4.1-SNAPSHOT.jar:?]
	at org.apache.ratis.server.impl.RaftServerImpl.submitClientRequestAsync(RaftServerImpl.java:566) ~[ratis-server-0.4.0-2337318-SNAPSHOT.jar:0.4.0-2337318-SNAPSHOT]
	at org.apache.ratis.server.impl.RaftServerProxy.lambda$submitClientRequestAsync$7(RaftServerProxy.java:333) ~[ratis-server-0.4.0-2337318-SNAPSHOT.jar:0.4.0-2337318-SNAPSHOT]
	at org.apache.ratis.server.impl.RaftServerProxy.lambda$null$5(RaftServerProxy.java:328) ~[ratis-server-0.4.0-2337318-SNAPSHOT.jar:0.4.0-2337318-SNAPSHOT]
	at org.apache.ratis.util.JavaUtils.callAsUnchecked(JavaUtils.java:109) ~[ratis-common-0.4.0-2337318-SNAPSHOT.jar:0.4.0-2337318-SNAPSHOT]
	at org.apache.ratis.server.impl.RaftServerProxy.lambda$submitRequest$6(RaftServerProxy.java:328) ~[ratis-server-0.4.0-2337318-SNAPSHOT.jar:0.4.0-2337318-SNAPSHOT]
	at java.util.concurrent.CompletableFuture.uniComposeStage(CompletableFuture.java:981) ~[?:1.8.0_212]
	at java.util.concurrent.CompletableFuture.thenCompose(CompletableFuture.java:2124) ~[?:1.8.0_212]
	at org.apache.ratis.server.impl.RaftServerProxy.submitRequest(RaftServerProxy.java:327) ~[ratis-server-0.4.0-2337318-SNAPSHOT.jar:0.4.0-2337318-SNAPSHOT]
	at org.apache.ratis.server.impl.RaftServerProxy.submitClientRequestAsync(RaftServerProxy.java:333) ~[ratis-server-0.4.0-2337318-SNAPSHOT.jar:0.4.0-2337318-SNAPSHOT]
	at org.apache.ratis.grpc.client.GrpcClientProtocolService$RequestStreamObserver.processClientRequest(GrpcClientProtocolService.java:220) ~[ratis-grpc-0.4.0-2337318-SNAPSHOT.jar:0.4.0-2337318-SNAPSHOT]
	at org.apache.ratis.grpc.client.GrpcClientProtocolService$OrderedRequestStreamObserver.processClientRequest(GrpcClientProtocolService.java:326) ~[ratis-grpc-0.4.0-2337318-SNAPSHOT.jar:0.4.0-2337318-SNAPSHOT]
	at org.apache.ratis.util.SlidingWindow$Server.processRequestsFromHead(SlidingWindow.java:429) [ratis-common-0.4.0-2337318-SNAPSHOT.jar:0.4.0-2337318-SNAPSHOT]
	at org.apache.ratis.util.SlidingWindow$Server.receivedRequest(SlidingWindow.java:421) [ratis-common-0.4.0-2337318-SNAPSHOT.jar:0.4.0-2337318-SNAPSHOT]
	at org.apache.ratis.grpc.client.GrpcClientProtocolService$OrderedRequestStreamObserver.processClientRequest(GrpcClientProtocolService.java:345) [ratis-grpc-0.4.0-2337318-SNAPSHOT.jar:0.4.0-2337318-SNAPSHOT]
	at org.apache.ratis.grpc.client.GrpcClientProtocolService$RequestStreamObserver.onNext(GrpcClientProtocolService.java:240) [ratis-grpc-0.4.0-2337318-SNAPSHOT.jar:0.4.0-2337318-SNAPSHOT]
	at org.apache.ratis.grpc.client.GrpcClientProtocolService$RequestStreamObserver.onNext(GrpcClientProtocolService.java:168) [ratis-grpc-0.4.0-2337318-SNAPSHOT.jar:0.4.0-2337318-SNAPSHOT]
	at org.apache.ratis.thirdparty.io.grpc.stub.ServerCalls$StreamingServerCallHandler$StreamingServerCallListener.onMessage(ServerCalls.java:248) [ratis-thirdparty-misc-0.2.0.jar:0.2.0]
	at org.apache.ratis.thirdparty.io.grpc.internal.ServerCallImpl$ServerStreamListenerImpl.messagesAvailable(ServerCallImpl.java:263) [ratis-thirdparty-misc-0.2.0.jar:0.2.0]
	at org.apache.ratis.thirdparty.io.grpc.internal.ServerImpl$JumpToApplicationThreadServerStreamListener$1MessagesAvailable.runInContext(ServerImpl.java:686) [ratis-thirdparty-misc-0.2.0.jar:0.2.0]
	at org.apache.ratis.thirdparty.io.grpc.internal.ContextRunnable.run(ContextRunnable.java:37) [ratis-thirdparty-misc-0.2.0.jar:0.2.0]
	at org.apache.ratis.thirdparty.io.grpc.internal.SerializingExecutor.run(SerializingExecutor.java:123) [ratis-thirdparty-misc-0.2.0.jar:0.2.0]
	at java.util.concurrent.ThreadPoolExecutor.runWorker(ThreadPoolExecutor.java:1149) [?:1.8.0_212]
	at java.util.concurrent.ThreadPoolExecutor$Worker.run(ThreadPoolExecutor.java:624) [?:1.8.0_212]
	at java.lang.Thread.run(Thread.java:748) [?:1.8.0_212]
2019-08-19 03:39:51,395 INFO  client.GrpcClientProtocolClient (GrpcClientProtocolClient.java:onNext(255)) - client-30600AA4AC63->07b680a3-1247-4695-b0a1-a55b43de70d2: receive RaftClientReply:client-30600AA4AC63->07b680a3-1247-4695-b0a1-a55b43de70d2@group-5CCD76D0AA69, cid=185, FAILED org.apache.ratis.protocol.StateMachineException: org.apache.hadoop.hdds.scm.container.common.helpers.ContainerNotOpenException from Server 07b680a3-1247-4695-b0a1-a55b43de70d2: Container 1 in CLOSING state, logIndex=0, commits[07b680a3-1247-4695-b0a1-a55b43de70d2:c18, 29e30134-aa92-4c4c-97e3-3bc595c84317:c16, fb94fa56-34bc-4ed4-976f-328d7d7f96e9:c17]
03:39:51.398 [grpc-default-executor-9] ERROR DNAudit - user=null | ip=null | op=WRITE_CHUNK {blockData=conID: 1 locID: 102641563906998286 bcsId: 14} | ret=FAILURE
org.apache.hadoop.hdds.scm.container.common.helpers.ContainerNotOpenException: Container 1 in CLOSING state
	at org.apache.hadoop.ozone.container.common.impl.HddsDispatcher.validateContainerCommand(HddsDispatcher.java:408) ~[hadoop-hdds-container-service-0.4.1-SNAPSHOT.jar:?]
	at org.apache.hadoop.ozone.container.common.transport.server.ratis.ContainerStateMachine.startTransaction(ContainerStateMachine.java:288) ~[hadoop-hdds-container-service-0.4.1-SNAPSHOT.jar:?]
	at org.apache.ratis.server.impl.RaftServerImpl.submitClientRequestAsync(RaftServerImpl.java:566) ~[ratis-server-0.4.0-2337318-SNAPSHOT.jar:0.4.0-2337318-SNAPSHOT]
	at org.apache.ratis.server.impl.RaftServerProxy.lambda$submitClientRequestAsync$7(RaftServerProxy.java:333) ~[ratis-server-0.4.0-2337318-SNAPSHOT.jar:0.4.0-2337318-SNAPSHOT]
	at org.apache.ratis.server.impl.RaftServerProxy.lambda$null$5(RaftServerProxy.java:328) ~[ratis-server-0.4.0-2337318-SNAPSHOT.jar:0.4.0-2337318-SNAPSHOT]
	at org.apache.ratis.util.JavaUtils.callAsUnchecked(JavaUtils.java:109) ~[ratis-common-0.4.0-2337318-SNAPSHOT.jar:0.4.0-2337318-SNAPSHOT]
	at org.apache.ratis.server.impl.RaftServerProxy.lambda$submitRequest$6(RaftServerProxy.java:328) ~[ratis-server-0.4.0-2337318-SNAPSHOT.jar:0.4.0-2337318-SNAPSHOT]
	at java.util.concurrent.CompletableFuture.uniComposeStage(CompletableFuture.java:981) ~[?:1.8.0_212]
	at java.util.concurrent.CompletableFuture.thenCompose(CompletableFuture.java:2124) ~[?:1.8.0_212]
	at org.apache.ratis.server.impl.RaftServerProxy.submitRequest(RaftServerProxy.java:327) ~[ratis-server-0.4.0-2337318-SNAPSHOT.jar:0.4.0-2337318-SNAPSHOT]
	at org.apache.ratis.server.impl.RaftServerProxy.submitClientRequestAsync(RaftServerProxy.java:333) ~[ratis-server-0.4.0-2337318-SNAPSHOT.jar:0.4.0-2337318-SNAPSHOT]
	at org.apache.ratis.grpc.client.GrpcClientProtocolService$RequestStreamObserver.processClientRequest(GrpcClientProtocolService.java:220) ~[ratis-grpc-0.4.0-2337318-SNAPSHOT.jar:0.4.0-2337318-SNAPSHOT]
	at org.apache.ratis.grpc.client.GrpcClientProtocolService$OrderedRequestStreamObserver.processClientRequest(GrpcClientProtocolService.java:326) ~[ratis-grpc-0.4.0-2337318-SNAPSHOT.jar:0.4.0-2337318-SNAPSHOT]
	at org.apache.ratis.util.SlidingWindow$Server.processRequestsFromHead(SlidingWindow.java:429) [ratis-common-0.4.0-2337318-SNAPSHOT.jar:0.4.0-2337318-SNAPSHOT]
	at org.apache.ratis.util.SlidingWindow$Server.receivedRequest(SlidingWindow.java:421) [ratis-common-0.4.0-2337318-SNAPSHOT.jar:0.4.0-2337318-SNAPSHOT]
	at org.apache.ratis.grpc.client.GrpcClientProtocolService$OrderedRequestStreamObserver.processClientRequest(GrpcClientProtocolService.java:345) [ratis-grpc-0.4.0-2337318-SNAPSHOT.jar:0.4.0-2337318-SNAPSHOT]
	at org.apache.ratis.grpc.client.GrpcClientProtocolService$RequestStreamObserver.onNext(GrpcClientProtocolService.java:240) [ratis-grpc-0.4.0-2337318-SNAPSHOT.jar:0.4.0-2337318-SNAPSHOT]
	at org.apache.ratis.grpc.client.GrpcClientProtocolService$RequestStreamObserver.onNext(GrpcClientProtocolService.java:168) [ratis-grpc-0.4.0-2337318-SNAPSHOT.jar:0.4.0-2337318-SNAPSHOT]
	at org.apache.ratis.thirdparty.io.grpc.stub.ServerCalls$StreamingServerCallHandler$StreamingServerCallListener.onMessage(ServerCalls.java:248) [ratis-thirdparty-misc-0.2.0.jar:0.2.0]
	at org.apache.ratis.thirdparty.io.grpc.internal.ServerCallImpl$ServerStreamListenerImpl.messagesAvailable(ServerCallImpl.java:263) [ratis-thirdparty-misc-0.2.0.jar:0.2.0]
	at org.apache.ratis.thirdparty.io.grpc.internal.ServerImpl$JumpToApplicationThreadServerStreamListener$1MessagesAvailable.runInContext(ServerImpl.java:686) [ratis-thirdparty-misc-0.2.0.jar:0.2.0]
	at org.apache.ratis.thirdparty.io.grpc.internal.ContextRunnable.run(ContextRunnable.java:37) [ratis-thirdparty-misc-0.2.0.jar:0.2.0]
	at org.apache.ratis.thirdparty.io.grpc.internal.SerializingExecutor.run(SerializingExecutor.java:123) [ratis-thirdparty-misc-0.2.0.jar:0.2.0]
	at java.util.concurrent.ThreadPoolExecutor.runWorker(ThreadPoolExecutor.java:1149) [?:1.8.0_212]
	at java.util.concurrent.ThreadPoolExecutor$Worker.run(ThreadPoolExecutor.java:624) [?:1.8.0_212]
	at java.lang.Thread.run(Thread.java:748) [?:1.8.0_212]
2019-08-19 03:39:51,411 INFO  client.GrpcClientProtocolClient (GrpcClientProtocolClient.java:onNext(255)) - client-30600AA4AC63->07b680a3-1247-4695-b0a1-a55b43de70d2: receive RaftClientReply:client-30600AA4AC63->07b680a3-1247-4695-b0a1-a55b43de70d2@group-5CCD76D0AA69, cid=186, FAILED org.apache.ratis.protocol.StateMachineException: org.apache.hadoop.hdds.scm.container.common.helpers.ContainerNotOpenException from Server 07b680a3-1247-4695-b0a1-a55b43de70d2: Container 1 in CLOSING state, logIndex=0, commits[07b680a3-1247-4695-b0a1-a55b43de70d2:c18, 29e30134-aa92-4c4c-97e3-3bc595c84317:c16, fb94fa56-34bc-4ed4-976f-328d7d7f96e9:c17]
03:39:51.410 [grpc-default-executor-9] ERROR DNAudit - user=null | ip=null | op=PUT_BLOCK {blockData=[blockId=conID: 1 locID: 102641563906998286 bcsId: 0,size=650]} | ret=FAILURE
org.apache.hadoop.hdds.scm.container.common.helpers.ContainerNotOpenException: Container 1 in CLOSING state
	at org.apache.hadoop.ozone.container.common.impl.HddsDispatcher.validateContainerCommand(HddsDispatcher.java:408) ~[hadoop-hdds-container-service-0.4.1-SNAPSHOT.jar:?]
	at org.apache.hadoop.ozone.container.common.transport.server.ratis.ContainerStateMachine.startTransaction(ContainerStateMachine.java:288) ~[hadoop-hdds-container-service-0.4.1-SNAPSHOT.jar:?]
	at org.apache.ratis.server.impl.RaftServerImpl.submitClientRequestAsync(RaftServerImpl.java:566) ~[ratis-server-0.4.0-2337318-SNAPSHOT.jar:0.4.0-2337318-SNAPSHOT]
	at org.apache.ratis.server.impl.RaftServerProxy.lambda$submitClientRequestAsync$7(RaftServerProxy.java:333) ~[ratis-server-0.4.0-2337318-SNAPSHOT.jar:0.4.0-2337318-SNAPSHOT]
	at org.apache.ratis.server.impl.RaftServerProxy.lambda$null$5(RaftServerProxy.java:328) ~[ratis-server-0.4.0-2337318-SNAPSHOT.jar:0.4.0-2337318-SNAPSHOT]
	at org.apache.ratis.util.JavaUtils.callAsUnchecked(JavaUtils.java:109) ~[ratis-common-0.4.0-2337318-SNAPSHOT.jar:0.4.0-2337318-SNAPSHOT]
	at org.apache.ratis.server.impl.RaftServerProxy.lambda$submitRequest$6(RaftServerProxy.java:328) ~[ratis-server-0.4.0-2337318-SNAPSHOT.jar:0.4.0-2337318-SNAPSHOT]
	at java.util.concurrent.CompletableFuture.uniComposeStage(CompletableFuture.java:981) ~[?:1.8.0_212]
	at java.util.concurrent.CompletableFuture.thenCompose(CompletableFuture.java:2124) ~[?:1.8.0_212]
	at org.apache.ratis.server.impl.RaftServerProxy.submitRequest(RaftServerProxy.java:327) ~[ratis-server-0.4.0-2337318-SNAPSHOT.jar:0.4.0-2337318-SNAPSHOT]
	at org.apache.ratis.server.impl.RaftServerProxy.submitClientRequestAsync(RaftServerProxy.java:333) ~[ratis-server-0.4.0-2337318-SNAPSHOT.jar:0.4.0-2337318-SNAPSHOT]
	at org.apache.ratis.grpc.client.GrpcClientProtocolService$RequestStreamObserver.processClientRequest(GrpcClientProtocolService.java:220) ~[ratis-grpc-0.4.0-2337318-SNAPSHOT.jar:0.4.0-2337318-SNAPSHOT]
	at org.apache.ratis.grpc.client.GrpcClientProtocolService$OrderedRequestStreamObserver.processClientRequest(GrpcClientProtocolService.java:326) ~[ratis-grpc-0.4.0-2337318-SNAPSHOT.jar:0.4.0-2337318-SNAPSHOT]
	at org.apache.ratis.util.SlidingWindow$Server.processRequestsFromHead(SlidingWindow.java:429) [ratis-common-0.4.0-2337318-SNAPSHOT.jar:0.4.0-2337318-SNAPSHOT]
	at org.apache.ratis.util.SlidingWindow$Server.receivedRequest(SlidingWindow.java:421) [ratis-common-0.4.0-2337318-SNAPSHOT.jar:0.4.0-2337318-SNAPSHOT]
	at org.apache.ratis.grpc.client.GrpcClientProtocolService$OrderedRequestStreamObserver.processClientRequest(GrpcClientProtocolService.java:345) [ratis-grpc-0.4.0-2337318-SNAPSHOT.jar:0.4.0-2337318-SNAPSHOT]
	at org.apache.ratis.grpc.client.GrpcClientProtocolService$RequestStreamObserver.onNext(GrpcClientProtocolService.java:240) [ratis-grpc-0.4.0-2337318-SNAPSHOT.jar:0.4.0-2337318-SNAPSHOT]
	at org.apache.ratis.grpc.client.GrpcClientProtocolService$RequestStreamObserver.onNext(GrpcClientProtocolService.java:168) [ratis-grpc-0.4.0-2337318-SNAPSHOT.jar:0.4.0-2337318-SNAPSHOT]
	at org.apache.ratis.thirdparty.io.grpc.stub.ServerCalls$StreamingServerCallHandler$StreamingServerCallListener.onMessage(ServerCalls.java:248) [ratis-thirdparty-misc-0.2.0.jar:0.2.0]
	at org.apache.ratis.thirdparty.io.grpc.internal.ServerCallImpl$ServerStreamListenerImpl.messagesAvailable(ServerCallImpl.java:263) [ratis-thirdparty-misc-0.2.0.jar:0.2.0]
	at org.apache.ratis.thirdparty.io.grpc.internal.ServerImpl$JumpToApplicationThreadServerStreamListener$1MessagesAvailable.runInContext(ServerImpl.java:686) [ratis-thirdparty-misc-0.2.0.jar:0.2.0]
	at org.apache.ratis.thirdparty.io.grpc.internal.ContextRunnable.run(ContextRunnable.java:37) [ratis-thirdparty-misc-0.2.0.jar:0.2.0]
	at org.apache.ratis.thirdparty.io.grpc.internal.SerializingExecutor.run(SerializingExecutor.java:123) [ratis-thirdparty-misc-0.2.0.jar:0.2.0]
	at java.util.concurrent.ThreadPoolExecutor.runWorker(ThreadPoolExecutor.java:1149) [?:1.8.0_212]
	at java.util.concurrent.ThreadPoolExecutor$Worker.run(ThreadPoolExecutor.java:624) [?:1.8.0_212]
	at java.lang.Thread.run(Thread.java:748) [?:1.8.0_212]
03:39:51.417 [grpc-default-executor-9] ERROR DNAudit - user=null | ip=null | op=WRITE_CHUNK {blockData=conID: 1 locID: 102641563906998286 bcsId: 14} | ret=FAILURE
org.apache.hadoop.hdds.scm.container.common.helpers.ContainerNotOpenException: Container 1 in CLOSING state
	at org.apache.hadoop.ozone.container.common.impl.HddsDispatcher.validateContainerCommand(HddsDispatcher.java:408) ~[hadoop-hdds-container-service-0.4.1-SNAPSHOT.jar:?]
	at org.apache.hadoop.ozone.container.common.transport.server.ratis.ContainerStateMachine.startTransaction(ContainerStateMachine.java:288) ~[hadoop-hdds-container-service-0.4.1-SNAPSHOT.jar:?]
	at org.apache.ratis.server.impl.RaftServerImpl.submitClientRequestAsync(RaftServerImpl.java:566) ~[ratis-server-0.4.0-2337318-SNAPSHOT.jar:0.4.0-2337318-SNAPSHOT]
	at org.apache.ratis.server.impl.RaftServerProxy.lambda$submitClientRequestAsync$7(RaftServerProxy.java:333) ~[ratis-server-0.4.0-2337318-SNAPSHOT.jar:0.4.0-2337318-SNAPSHOT]
	at org.apache.ratis.server.impl.RaftServerProxy.lambda$null$5(RaftServerProxy.java:328) ~[ratis-server-0.4.0-2337318-SNAPSHOT.jar:0.4.0-2337318-SNAPSHOT]
	at org.apache.ratis.util.JavaUtils.callAsUnchecked(JavaUtils.java:109) ~[ratis-common-0.4.0-2337318-SNAPSHOT.jar:0.4.0-2337318-SNAPSHOT]
	at org.apache.ratis.server.impl.RaftServerProxy.lambda$submitRequest$6(RaftServerProxy.java:328) ~[ratis-server-0.4.0-2337318-SNAPSHOT.jar:0.4.0-2337318-SNAPSHOT]
	at java.util.concurrent.CompletableFuture.uniComposeStage(CompletableFuture.java:981) ~[?:1.8.0_212]
	at java.util.concurrent.CompletableFuture.thenCompose(CompletableFuture.java:2124) ~[?:1.8.0_212]
	at org.apache.ratis.server.impl.RaftServerProxy.submitRequest(RaftServerProxy.java:327) ~[ratis-server-0.4.0-2337318-SNAPSHOT.jar:0.4.0-2337318-SNAPSHOT]
	at org.apache.ratis.server.impl.RaftServerProxy.submitClientRequestAsync(RaftServerProxy.java:333) ~[ratis-server-0.4.0-2337318-SNAPSHOT.jar:0.4.0-2337318-SNAPSHOT]
	at org.apache.ratis.grpc.client.GrpcClientProtocolService$RequestStreamObserver.processClientRequest(GrpcClientProtocolService.java:220) ~[ratis-grpc-0.4.0-2337318-SNAPSHOT.jar:0.4.0-2337318-SNAPSHOT]
	at org.apache.ratis.grpc.client.GrpcClientProtocolService$OrderedRequestStreamObserver.processClientRequest(GrpcClientProtocolService.java:326) ~[ratis-grpc-0.4.0-2337318-SNAPSHOT.jar:0.4.0-2337318-SNAPSHOT]
	at org.apache.ratis.util.SlidingWindow$Server.processRequestsFromHead(SlidingWindow.java:429) [ratis-common-0.4.0-2337318-SNAPSHOT.jar:0.4.0-2337318-SNAPSHOT]
	at org.apache.ratis.util.SlidingWindow$Server.receivedRequest(SlidingWindow.java:421) [ratis-common-0.4.0-2337318-SNAPSHOT.jar:0.4.0-2337318-SNAPSHOT]
	at org.apache.ratis.grpc.client.GrpcClientProtocolService$OrderedRequestStreamObserver.processClientRequest(GrpcClientProtocolService.java:345) [ratis-grpc-0.4.0-2337318-SNAPSHOT.jar:0.4.0-2337318-SNAPSHOT]
	at org.apache.ratis.grpc.client.GrpcClientProtocolService$RequestStreamObserver.onNext(GrpcClientProtocolService.java:240) [ratis-grpc-0.4.0-2337318-SNAPSHOT.jar:0.4.0-2337318-SNAPSHOT]
	at org.apache.ratis.grpc.client.GrpcClientProtocolService$RequestStreamObserver.onNext(GrpcClientProtocolService.java:168) [ratis-grpc-0.4.0-2337318-SNAPSHOT.jar:0.4.0-2337318-SNAPSHOT]
	at org.apache.ratis.thirdparty.io.grpc.stub.ServerCalls$StreamingServerCallHandler$StreamingServerCallListener.onMessage(ServerCalls.java:248) [ratis-thirdparty-misc-0.2.0.jar:0.2.0]
	at org.apache.ratis.thirdparty.io.grpc.internal.ServerCallImpl$ServerStreamListenerImpl.messagesAvailable(ServerCallImpl.java:263) [ratis-thirdparty-misc-0.2.0.jar:0.2.0]
	at org.apache.ratis.thirdparty.io.grpc.internal.ServerImpl$JumpToApplicationThreadServerStreamListener$1MessagesAvailable.runInContext(ServerImpl.java:686) [ratis-thirdparty-misc-0.2.0.jar:0.2.0]
	at org.apache.ratis.thirdparty.io.grpc.internal.ContextRunnable.run(ContextRunnable.java:37) [ratis-thirdparty-misc-0.2.0.jar:0.2.0]
	at org.apache.ratis.thirdparty.io.grpc.internal.SerializingExecutor.run(SerializingExecutor.java:123) [ratis-thirdparty-misc-0.2.0.jar:0.2.0]
	at java.util.concurrent.ThreadPoolExecutor.runWorker(ThreadPoolExecutor.java:1149) [?:1.8.0_212]
	at java.util.concurrent.ThreadPoolExecutor$Worker.run(ThreadPoolExecutor.java:624) [?:1.8.0_212]
	at java.lang.Thread.run(Thread.java:748) [?:1.8.0_212]
2019-08-19 03:39:51,418 INFO  client.GrpcClientProtocolClient (GrpcClientProtocolClient.java:onNext(255)) - client-30600AA4AC63->07b680a3-1247-4695-b0a1-a55b43de70d2: receive RaftClientReply:client-30600AA4AC63->07b680a3-1247-4695-b0a1-a55b43de70d2@group-5CCD76D0AA69, cid=187, FAILED org.apache.ratis.protocol.StateMachineException: org.apache.hadoop.hdds.scm.container.common.helpers.ContainerNotOpenException from Server 07b680a3-1247-4695-b0a1-a55b43de70d2: Container 1 in CLOSING state, logIndex=0, commits[07b680a3-1247-4695-b0a1-a55b43de70d2:c18, 29e30134-aa92-4c4c-97e3-3bc595c84317:c16, fb94fa56-34bc-4ed4-976f-328d7d7f96e9:c17]
03:39:51.422 [grpc-default-executor-9] ERROR DNAudit - user=null | ip=null | op=WRITE_CHUNK {blockData=conID: 1 locID: 102641563906998286 bcsId: 14} | ret=FAILURE
org.apache.hadoop.hdds.scm.container.common.helpers.ContainerNotOpenException: Container 1 in CLOSING state
	at org.apache.hadoop.ozone.container.common.impl.HddsDispatcher.validateContainerCommand(HddsDispatcher.java:408) ~[hadoop-hdds-container-service-0.4.1-SNAPSHOT.jar:?]
	at org.apache.hadoop.ozone.container.common.transport.server.ratis.ContainerStateMachine.startTransaction(ContainerStateMachine.java:288) ~[hadoop-hdds-container-service-0.4.1-SNAPSHOT.jar:?]
	at org.apache.ratis.server.impl.RaftServerImpl.submitClientRequestAsync(RaftServerImpl.java:566) ~[ratis-server-0.4.0-2337318-SNAPSHOT.jar:0.4.0-2337318-SNAPSHOT]
	at org.apache.ratis.server.impl.RaftServerProxy.lambda$submitClientRequestAsync$7(RaftServerProxy.java:333) ~[ratis-server-0.4.0-2337318-SNAPSHOT.jar:0.4.0-2337318-SNAPSHOT]
	at org.apache.ratis.server.impl.RaftServerProxy.lambda$null$5(RaftServerProxy.java:328) ~[ratis-server-0.4.0-2337318-SNAPSHOT.jar:0.4.0-2337318-SNAPSHOT]
	at org.apache.ratis.util.JavaUtils.callAsUnchecked(JavaUtils.java:109) ~[ratis-common-0.4.0-2337318-SNAPSHOT.jar:0.4.0-2337318-SNAPSHOT]
	at org.apache.ratis.server.impl.RaftServerProxy.lambda$submitRequest$6(RaftServerProxy.java:328) ~[ratis-server-0.4.0-2337318-SNAPSHOT.jar:0.4.0-2337318-SNAPSHOT]
	at java.util.concurrent.CompletableFuture.uniComposeStage(CompletableFuture.java:981) ~[?:1.8.0_212]
	at java.util.concurrent.CompletableFuture.thenCompose(CompletableFuture.java:2124) ~[?:1.8.0_212]
	at org.apache.ratis.server.impl.RaftServerProxy.submitRequest(RaftServerProxy.java:327) ~[ratis-server-0.4.0-2337318-SNAPSHOT.jar:0.4.0-2337318-SNAPSHOT]
	at org.apache.ratis.server.impl.RaftServerProxy.submitClientRequestAsync(RaftServerProxy.java:333) ~[ratis-server-0.4.0-2337318-SNAPSHOT.jar:0.4.0-2337318-SNAPSHOT]
	at org.apache.ratis.grpc.client.GrpcClientProtocolService$RequestStreamObserver.processClientRequest(GrpcClientProtocolService.java:220) ~[ratis-grpc-0.4.0-2337318-SNAPSHOT.jar:0.4.0-2337318-SNAPSHOT]
	at org.apache.ratis.grpc.client.GrpcClientProtocolService$OrderedRequestStreamObserver.processClientRequest(GrpcClientProtocolService.java:326) ~[ratis-grpc-0.4.0-2337318-SNAPSHOT.jar:0.4.0-2337318-SNAPSHOT]
	at org.apache.ratis.util.SlidingWindow$Server.processRequestsFromHead(SlidingWindow.java:429) [ratis-common-0.4.0-2337318-SNAPSHOT.jar:0.4.0-2337318-SNAPSHOT]
	at org.apache.ratis.util.SlidingWindow$Server.receivedRequest(SlidingWindow.java:421) [ratis-common-0.4.0-2337318-SNAPSHOT.jar:0.4.0-2337318-SNAPSHOT]
	at org.apache.ratis.grpc.client.GrpcClientProtocolService$OrderedRequestStreamObserver.processClientRequest(GrpcClientProtocolService.java:345) [ratis-grpc-0.4.0-2337318-SNAPSHOT.jar:0.4.0-2337318-SNAPSHOT]
	at org.apache.ratis.grpc.client.GrpcClientProtocolService$RequestStreamObserver.onNext(GrpcClientProtocolService.java:240) [ratis-grpc-0.4.0-2337318-SNAPSHOT.jar:0.4.0-2337318-SNAPSHOT]
	at org.apache.ratis.grpc.client.GrpcClientProtocolService$RequestStreamObserver.onNext(GrpcClientProtocolService.java:168) [ratis-grpc-0.4.0-2337318-SNAPSHOT.jar:0.4.0-2337318-SNAPSHOT]
	at org.apache.ratis.thirdparty.io.grpc.stub.ServerCalls$StreamingServerCallHandler$StreamingServerCallListener.onMessage(ServerCalls.java:248) [ratis-thirdparty-misc-0.2.0.jar:0.2.0]
	at org.apache.ratis.thirdparty.io.grpc.internal.ServerCallImpl$ServerStreamListenerImpl.messagesAvailable(ServerCallImpl.java:263) [ratis-thirdparty-misc-0.2.0.jar:0.2.0]
	at org.apache.ratis.thirdparty.io.grpc.internal.ServerImpl$JumpToApplicationThreadServerStreamListener$1MessagesAvailable.runInContext(ServerImpl.java:686) [ratis-thirdparty-misc-0.2.0.jar:0.2.0]
	at org.apache.ratis.thirdparty.io.grpc.internal.ContextRunnable.run(ContextRunnable.java:37) [ratis-thirdparty-misc-0.2.0.jar:0.2.0]
	at org.apache.ratis.thirdparty.io.grpc.internal.SerializingExecutor.run(SerializingExecutor.java:123) [ratis-thirdparty-misc-0.2.0.jar:0.2.0]
	at java.util.concurrent.ThreadPoolExecutor.runWorker(ThreadPoolExecutor.java:1149) [?:1.8.0_212]
	at java.util.concurrent.ThreadPoolExecutor$Worker.run(ThreadPoolExecutor.java:624) [?:1.8.0_212]
	at java.lang.Thread.run(Thread.java:748) [?:1.8.0_212]
2019-08-19 03:39:51,427 INFO  client.GrpcClientProtocolClient (GrpcClientProtocolClient.java:onNext(255)) - client-30600AA4AC63->07b680a3-1247-4695-b0a1-a55b43de70d2: receive RaftClientReply:client-30600AA4AC63->07b680a3-1247-4695-b0a1-a55b43de70d2@group-5CCD76D0AA69, cid=188, FAILED org.apache.ratis.protocol.StateMachineException: org.apache.hadoop.hdds.scm.container.common.helpers.ContainerNotOpenException from Server 07b680a3-1247-4695-b0a1-a55b43de70d2: Container 1 in CLOSING state, logIndex=0, commits[07b680a3-1247-4695-b0a1-a55b43de70d2:c18, 29e30134-aa92-4c4c-97e3-3bc595c84317:c16, fb94fa56-34bc-4ed4-976f-328d7d7f96e9:c17]
2019-08-19 03:39:51,428 INFO  client.GrpcClientProtocolClient (GrpcClientProtocolClient.java:onNext(255)) - client-30600AA4AC63->07b680a3-1247-4695-b0a1-a55b43de70d2: receive RaftClientReply:client-30600AA4AC63->07b680a3-1247-4695-b0a1-a55b43de70d2@group-5CCD76D0AA69, cid=189, FAILED org.apache.ratis.protocol.StateMachineException: org.apache.hadoop.hdds.scm.container.common.helpers.ContainerNotOpenException from Server 07b680a3-1247-4695-b0a1-a55b43de70d2: Container 1 in CLOSING state, logIndex=0, commits[07b680a3-1247-4695-b0a1-a55b43de70d2:c18, 29e30134-aa92-4c4c-97e3-3bc595c84317:c16, fb94fa56-34bc-4ed4-976f-328d7d7f96e9:c17]
03:39:51.428 [grpc-default-executor-9] ERROR DNAudit - user=null | ip=null | op=PUT_BLOCK {blockData=[blockId=conID: 1 locID: 102641563906998286 bcsId: 0,size=800]} | ret=FAILURE
org.apache.hadoop.hdds.scm.container.common.helpers.ContainerNotOpenException: Container 1 in CLOSING state
	at org.apache.hadoop.ozone.container.common.impl.HddsDispatcher.validateContainerCommand(HddsDispatcher.java:408) ~[hadoop-hdds-container-service-0.4.1-SNAPSHOT.jar:?]
	at org.apache.hadoop.ozone.container.common.transport.server.ratis.ContainerStateMachine.startTransaction(ContainerStateMachine.java:288) ~[hadoop-hdds-container-service-0.4.1-SNAPSHOT.jar:?]
	at org.apache.ratis.server.impl.RaftServerImpl.submitClientRequestAsync(RaftServerImpl.java:566) ~[ratis-server-0.4.0-2337318-SNAPSHOT.jar:0.4.0-2337318-SNAPSHOT]
	at org.apache.ratis.server.impl.RaftServerProxy.lambda$submitClientRequestAsync$7(RaftServerProxy.java:333) ~[ratis-server-0.4.0-2337318-SNAPSHOT.jar:0.4.0-2337318-SNAPSHOT]
	at org.apache.ratis.server.impl.RaftServerProxy.lambda$null$5(RaftServerProxy.java:328) ~[ratis-server-0.4.0-2337318-SNAPSHOT.jar:0.4.0-2337318-SNAPSHOT]
	at org.apache.ratis.util.JavaUtils.callAsUnchecked(JavaUtils.java:109) ~[ratis-common-0.4.0-2337318-SNAPSHOT.jar:0.4.0-2337318-SNAPSHOT]
	at org.apache.ratis.server.impl.RaftServerProxy.lambda$submitRequest$6(RaftServerProxy.java:328) ~[ratis-server-0.4.0-2337318-SNAPSHOT.jar:0.4.0-2337318-SNAPSHOT]
	at java.util.concurrent.CompletableFuture.uniComposeStage(CompletableFuture.java:981) ~[?:1.8.0_212]
	at java.util.concurrent.CompletableFuture.thenCompose(CompletableFuture.java:2124) ~[?:1.8.0_212]
	at org.apache.ratis.server.impl.RaftServerProxy.submitRequest(RaftServerProxy.java:327) ~[ratis-server-0.4.0-2337318-SNAPSHOT.jar:0.4.0-2337318-SNAPSHOT]
	at org.apache.ratis.server.impl.RaftServerProxy.submitClientRequestAsync(RaftServerProxy.java:333) ~[ratis-server-0.4.0-2337318-SNAPSHOT.jar:0.4.0-2337318-SNAPSHOT]
	at org.apache.ratis.grpc.client.GrpcClientProtocolService$RequestStreamObserver.processClientRequest(GrpcClientProtocolService.java:220) ~[ratis-grpc-0.4.0-2337318-SNAPSHOT.jar:0.4.0-2337318-SNAPSHOT]
	at org.apache.ratis.grpc.client.GrpcClientProtocolService$OrderedRequestStreamObserver.processClientRequest(GrpcClientProtocolService.java:326) ~[ratis-grpc-0.4.0-2337318-SNAPSHOT.jar:0.4.0-2337318-SNAPSHOT]
	at org.apache.ratis.util.SlidingWindow$Server.processRequestsFromHead(SlidingWindow.java:429) [ratis-common-0.4.0-2337318-SNAPSHOT.jar:0.4.0-2337318-SNAPSHOT]
	at org.apache.ratis.util.SlidingWindow$Server.receivedRequest(SlidingWindow.java:421) [ratis-common-0.4.0-2337318-SNAPSHOT.jar:0.4.0-2337318-SNAPSHOT]
	at org.apache.ratis.grpc.client.GrpcClientProtocolService$OrderedRequestStreamObserver.processClientRequest(GrpcClientProtocolService.java:345) [ratis-grpc-0.4.0-2337318-SNAPSHOT.jar:0.4.0-2337318-SNAPSHOT]
	at org.apache.ratis.grpc.client.GrpcClientProtocolService$RequestStreamObserver.onNext(GrpcClientProtocolService.java:240) [ratis-grpc-0.4.0-2337318-SNAPSHOT.jar:0.4.0-2337318-SNAPSHOT]
	at org.apache.ratis.grpc.client.GrpcClientProtocolService$RequestStreamObserver.onNext(GrpcClientProtocolService.java:168) [ratis-grpc-0.4.0-2337318-SNAPSHOT.jar:0.4.0-2337318-SNAPSHOT]
	at org.apache.ratis.thirdparty.io.grpc.stub.ServerCalls$StreamingServerCallHandler$StreamingServerCallListener.onMessage(ServerCalls.java:248) [ratis-thirdparty-misc-0.2.0.jar:0.2.0]
	at org.apache.ratis.thirdparty.io.grpc.internal.ServerCallImpl$ServerStreamListenerImpl.messagesAvailable(ServerCallImpl.java:263) [ratis-thirdparty-misc-0.2.0.jar:0.2.0]
	at org.apache.ratis.thirdparty.io.grpc.internal.ServerImpl$JumpToApplicationThreadServerStreamListener$1MessagesAvailable.runInContext(ServerImpl.java:686) [ratis-thirdparty-misc-0.2.0.jar:0.2.0]
	at org.apache.ratis.thirdparty.io.grpc.internal.ContextRunnable.run(ContextRunnable.java:37) [ratis-thirdparty-misc-0.2.0.jar:0.2.0]
	at org.apache.ratis.thirdparty.io.grpc.internal.SerializingExecutor.run(SerializingExecutor.java:123) [ratis-thirdparty-misc-0.2.0.jar:0.2.0]
	at java.util.concurrent.ThreadPoolExecutor.runWorker(ThreadPoolExecutor.java:1149) [?:1.8.0_212]
	at java.util.concurrent.ThreadPoolExecutor$Worker.run(ThreadPoolExecutor.java:624) [?:1.8.0_212]
	at java.lang.Thread.run(Thread.java:748) [?:1.8.0_212]
2019-08-19 03:39:51,438 INFO  client.GrpcClientProtocolClient (GrpcClientProtocolClient.java:onNext(255)) - client-30600AA4AC63->07b680a3-1247-4695-b0a1-a55b43de70d2: receive RaftClientReply:client-30600AA4AC63->07b680a3-1247-4695-b0a1-a55b43de70d2@group-5CCD76D0AA69, cid=190, FAILED org.apache.ratis.protocol.StateMachineException: org.apache.hadoop.hdds.scm.container.common.helpers.ContainerNotOpenException from Server 07b680a3-1247-4695-b0a1-a55b43de70d2: Container 1 in CLOSING state, logIndex=0, commits[07b680a3-1247-4695-b0a1-a55b43de70d2:c18, 29e30134-aa92-4c4c-97e3-3bc595c84317:c16, fb94fa56-34bc-4ed4-976f-328d7d7f96e9:c17]
2019-08-19 03:39:51,475 INFO  client.GrpcClientProtocolClient (GrpcClientProtocolClient.java:onNext(255)) - client-1621FD9B4553->2b8eb764-4144-40d1-9a1a-448d36cf7f55: receive RaftClientReply:client-1621FD9B4553->2b8eb764-4144-40d1-9a1a-448d36cf7f55@group-1C6F84B47CD9, cid=191, FAILED org.apache.ratis.protocol.NotLeaderException: Server 2b8eb764-4144-40d1-9a1a-448d36cf7f55 is not the leader (67c14123-fd6f-41fa-a960-6982b90314f2:192.168.5.186:34153). Request must be sent to leader., logIndex=0, commits[2b8eb764-4144-40d1-9a1a-448d36cf7f55:c0, b9a843f0-d5a2-4491-a126-6f9b1d559eae:c0, 67c14123-fd6f-41fa-a960-6982b90314f2:c0]
2019-08-19 03:39:51,637 INFO  client.GrpcClientProtocolClient (GrpcClientProtocolClient.java:onNext(255)) - client-1621FD9B4553->67c14123-fd6f-41fa-a960-6982b90314f2: receive RaftClientReply:client-1621FD9B4553->67c14123-fd6f-41fa-a960-6982b90314f2@group-1C6F84B47CD9, cid=191, SUCCESS, logIndex=1, commits[67c14123-fd6f-41fa-a960-6982b90314f2:c1, b9a843f0-d5a2-4491-a126-6f9b1d559eae:c0, 2b8eb764-4144-40d1-9a1a-448d36cf7f55:c0]
2019-08-19 03:39:51,666 INFO  client.GrpcClientProtocolClient (GrpcClientProtocolClient.java:onNext(255)) - client-1621FD9B4553->67c14123-fd6f-41fa-a960-6982b90314f2: receive RaftClientReply:client-1621FD9B4553->67c14123-fd6f-41fa-a960-6982b90314f2@group-1C6F84B47CD9, cid=192, SUCCESS, logIndex=3, commits[67c14123-fd6f-41fa-a960-6982b90314f2:c4, b9a843f0-d5a2-4491-a126-6f9b1d559eae:c1, 2b8eb764-4144-40d1-9a1a-448d36cf7f55:c1]
2019-08-19 03:39:51,746 INFO  client.GrpcClientProtocolClient (GrpcClientProtocolClient.java:onNext(255)) - client-1621FD9B4553->67c14123-fd6f-41fa-a960-6982b90314f2: receive RaftClientReply:client-1621FD9B4553->67c14123-fd6f-41fa-a960-6982b90314f2@group-1C6F84B47CD9, cid=193, SUCCESS, logIndex=4, commits[67c14123-fd6f-41fa-a960-6982b90314f2:c11, b9a843f0-d5a2-4491-a126-6f9b1d559eae:c7, 2b8eb764-4144-40d1-9a1a-448d36cf7f55:c7]
2019-08-19 03:39:51,747 INFO  client.GrpcClientProtocolClient (GrpcClientProtocolClient.java:onNext(255)) - client-1621FD9B4553->67c14123-fd6f-41fa-a960-6982b90314f2: receive RaftClientReply:client-1621FD9B4553->67c14123-fd6f-41fa-a960-6982b90314f2@group-1C6F84B47CD9, cid=194, SUCCESS, logIndex=5, commits[67c14123-fd6f-41fa-a960-6982b90314f2:c11, b9a843f0-d5a2-4491-a126-6f9b1d559eae:c7, 2b8eb764-4144-40d1-9a1a-448d36cf7f55:c7]
2019-08-19 03:39:51,748 INFO  client.GrpcClientProtocolClient (GrpcClientProtocolClient.java:onNext(255)) - client-1621FD9B4553->67c14123-fd6f-41fa-a960-6982b90314f2: receive RaftClientReply:client-1621FD9B4553->67c14123-fd6f-41fa-a960-6982b90314f2@group-1C6F84B47CD9, cid=195, SUCCESS, logIndex=6, commits[67c14123-fd6f-41fa-a960-6982b90314f2:c11, b9a843f0-d5a2-4491-a126-6f9b1d559eae:c7, 2b8eb764-4144-40d1-9a1a-448d36cf7f55:c7]
2019-08-19 03:39:51,865 INFO  client.GrpcClientProtocolClient (GrpcClientProtocolClient.java:onNext(255)) - client-1621FD9B4553->67c14123-fd6f-41fa-a960-6982b90314f2: receive RaftClientReply:client-1621FD9B4553->67c14123-fd6f-41fa-a960-6982b90314f2@group-1C6F84B47CD9, cid=196, SUCCESS, logIndex=7, commits[67c14123-fd6f-41fa-a960-6982b90314f2:c11, b9a843f0-d5a2-4491-a126-6f9b1d559eae:c7, 2b8eb764-4144-40d1-9a1a-448d36cf7f55:c7]
2019-08-19 03:39:51,896 INFO  client.GrpcClientProtocolClient (GrpcClientProtocolClient.java:onNext(255)) - client-1621FD9B4553->67c14123-fd6f-41fa-a960-6982b90314f2: receive RaftClientReply:client-1621FD9B4553->67c14123-fd6f-41fa-a960-6982b90314f2@group-1C6F84B47CD9, cid=197, SUCCESS, logIndex=12, commits[67c14123-fd6f-41fa-a960-6982b90314f2:c13, b9a843f0-d5a2-4491-a126-6f9b1d559eae:c11, 2b8eb764-4144-40d1-9a1a-448d36cf7f55:c11]
2019-08-19 03:39:51,896 INFO  client.GrpcClientProtocolClient (GrpcClientProtocolClient.java:onNext(255)) - client-1621FD9B4553->67c14123-fd6f-41fa-a960-6982b90314f2: receive RaftClientReply:client-1621FD9B4553->67c14123-fd6f-41fa-a960-6982b90314f2@group-1C6F84B47CD9, cid=198, SUCCESS, logIndex=13, commits[67c14123-fd6f-41fa-a960-6982b90314f2:c13, b9a843f0-d5a2-4491-a126-6f9b1d559eae:c11, 2b8eb764-4144-40d1-9a1a-448d36cf7f55:c11]
2019-08-19 03:39:51,911 INFO  client.GrpcClientProtocolClient (GrpcClientProtocolClient.java:onNext(255)) - client-1621FD9B4553->67c14123-fd6f-41fa-a960-6982b90314f2: receive RaftClientReply:client-1621FD9B4553->67c14123-fd6f-41fa-a960-6982b90314f2@group-1C6F84B47CD9, cid=199, SUCCESS, logIndex=0, commits[67c14123-fd6f-41fa-a960-6982b90314f2:c14, b9a843f0-d5a2-4491-a126-6f9b1d559eae:c13, 2b8eb764-4144-40d1-9a1a-448d36cf7f55:c13]
2019-08-19 03:39:51,912 INFO  ozone.MiniOzoneClusterImpl (MiniOzoneClusterImpl.java:shutdown(321)) - Shutting down the Mini Ozone Cluster
2019-08-19 03:39:51,913 INFO  ozone.MiniOzoneClusterImpl (MiniOzoneClusterImpl.java:stop(336)) - Stopping the Mini Ozone Cluster
2019-08-19 03:39:51,913 INFO  ozone.MiniOzoneClusterImpl (MiniOzoneClusterImpl.java:stop(338)) - Stopping the OzoneManager
2019-08-19 03:39:51,913 INFO  ipc.Server (Server.java:stop(3082)) - Stopping server on 36992
2019-08-19 03:39:51,921 INFO  ipc.Server (Server.java:run(1185)) - Stopping IPC Server listener on 36992
2019-08-19 03:39:51,926 INFO  utils.BackgroundService (BackgroundService.java:shutdown(148)) - Shutting down service KeyDeletingService
2019-08-19 03:39:51,926 INFO  ipc.Server (Server.java:run(1319)) - Stopping IPC Server Responder
2019-08-19 03:39:51,956 INFO  handler.ContextHandler (ContextHandler.java:doStop(910)) - Stopped o.e.j.w.WebAppContext@2e5ff1d4{/,null,UNAVAILABLE}{/ozoneManager}
2019-08-19 03:39:51,957 INFO  server.AbstractConnector (AbstractConnector.java:doStop(318)) - Stopped ServerConnector@1a16583d{HTTP/1.1,[http/1.1]}{0.0.0.0:0}
2019-08-19 03:39:51,957 INFO  handler.ContextHandler (ContextHandler.java:doStop(910)) - Stopped o.e.j.s.ServletContextHandler@198a653{/static,file:///workdir/hadoop-ozone/integration-test/target/test-classes/webapps/static,UNAVAILABLE}
2019-08-19 03:39:51,958 INFO  handler.ContextHandler (ContextHandler.java:doStop(910)) - Stopped o.e.j.s.ServletContextHandler@5f606ab6{/logs,file:///workdir/hadoop-ozone/integration-test/target/log,UNAVAILABLE}
2019-08-19 03:39:51,963 INFO  ozone.MiniOzoneClusterImpl (MiniOzoneClusterImpl.java:stop(344)) - Shutting the HddsDatanodes
2019-08-19 03:39:51,963 INFO  datanode.ObjectStoreHandler (ObjectStoreHandler.java:close(155)) - Closing ObjectStoreHandler.
2019-08-19 03:39:51,963 INFO  datanode.ObjectStoreHandler (ObjectStoreHandler.java:close(155)) - Closing ObjectStoreHandler.
2019-08-19 03:39:51,964 INFO  ozone.HddsDatanodeService (HddsDatanodeService.java:stop(451)) - Stopped plug-in org.apache.hadoop.ozone.web.OzoneHddsDatanodeService@110b6c78
2019-08-19 03:39:51,964 INFO  ozone.HddsDatanodeService (HddsDatanodeService.java:stop(451)) - Stopped plug-in org.apache.hadoop.ozone.web.OzoneHddsDatanodeService@4578d654
2019-08-19 03:39:51,967 INFO  statemachine.DatanodeStateMachine (DatanodeStateMachine.java:lambda$startDaemon$0(350)) - Ozone container server started.
2019-08-19 03:39:52,620 INFO  statemachine.DatanodeStateMachine (DatanodeStateMachine.java:lambda$startDaemon$0(350)) - Ozone container server started.
2019-08-19 03:39:53,770 WARN  server.GrpcLogAppender (LogUtils.java:warn(134)) - 07b680a3-1247-4695-b0a1-a55b43de70d2->29e30134-aa92-4c4c-97e3-3bc595c84317: Failed appendEntries: org.apache.ratis.thirdparty.io.grpc.StatusRuntimeException: UNAVAILABLE: io exception
2019-08-19 03:39:53,771 INFO  impl.FollowerInfo (FollowerInfo.java:lambda$new$0(50)) - 07b680a3-1247-4695-b0a1-a55b43de70d2->29e30134-aa92-4c4c-97e3-3bc595c84317: nextIndex: updateUnconditionally 1 -> 0
2019-08-19 03:39:56,063 INFO  node.StaleNodeHandler (StaleNodeHandler.java:onMessage(58)) - Datanode 07b680a3-1247-4695-b0a1-a55b43de70d2{ip: 192.168.5.186, host: byscane-nightly-s779g-3358254982, networkLocation: /default-rack, certSerialId: null} moved to stale state. Finalizing its pipelines [PipelineID=2e9bd0f1-af17-4c1c-b5d8-5ccd76d0aa69, PipelineID=b028db63-28ec-4619-888c-baec35ed322c]
2019-08-19 03:39:56,063 INFO  pipeline.SCMPipelineManager (SCMPipelineManager.java:finalizeAndDestroyPipeline(309)) - destroying pipeline:Pipeline[ Id: 2e9bd0f1-af17-4c1c-b5d8-5ccd76d0aa69, Nodes: 29e30134-aa92-4c4c-97e3-3bc595c84317{ip: 192.168.5.186, host: byscane-nightly-s779g-3358254982, networkLocation: /default-rack, certSerialId: null}07b680a3-1247-4695-b0a1-a55b43de70d2{ip: 192.168.5.186, host: byscane-nightly-s779g-3358254982, networkLocation: /default-rack, certSerialId: null}fb94fa56-34bc-4ed4-976f-328d7d7f96e9{ip: 192.168.5.186, host: byscane-nightly-s779g-3358254982, networkLocation: /default-rack, certSerialId: null}, Type:RATIS, Factor:THREE, State:CLOSED]
2019-08-19 03:39:56,064 INFO  pipeline.SCMPipelineManager (SCMPipelineManager.java:finalizeAndDestroyPipeline(309)) - destroying pipeline:Pipeline[ Id: b028db63-28ec-4619-888c-baec35ed322c, Nodes: 07b680a3-1247-4695-b0a1-a55b43de70d2{ip: 192.168.5.186, host: byscane-nightly-s779g-3358254982, networkLocation: /default-rack, certSerialId: null}, Type:RATIS, Factor:ONE, State:OPEN]
2019-08-19 03:39:56,064 INFO  pipeline.PipelineStateManager (PipelineStateManager.java:finalizePipeline(123)) - Pipeline Pipeline[ Id: b028db63-28ec-4619-888c-baec35ed322c, Nodes: 07b680a3-1247-4695-b0a1-a55b43de70d2{ip: 192.168.5.186, host: byscane-nightly-s779g-3358254982, networkLocation: /default-rack, certSerialId: null}, Type:RATIS, Factor:ONE, State:CLOSED] moved to CLOSED state
2019-08-19 03:39:56,271 WARN  server.GrpcLogAppender (LogUtils.java:warn(134)) - 07b680a3-1247-4695-b0a1-a55b43de70d2->29e30134-aa92-4c4c-97e3-3bc595c84317: Failed appendEntries: org.apache.ratis.thirdparty.io.grpc.StatusRuntimeException: UNAVAILABLE: io exception
2019-08-19 03:39:56,271 INFO  impl.FollowerInfo (FollowerInfo.java:lambda$new$0(50)) - 07b680a3-1247-4695-b0a1-a55b43de70d2->29e30134-aa92-4c4c-97e3-3bc595c84317: nextIndex: updateUnconditionally 0 -> 0
2019-08-19 03:39:56,664 INFO  node.StaleNodeHandler (StaleNodeHandler.java:onMessage(58)) - Datanode 67c14123-fd6f-41fa-a960-6982b90314f2{ip: 192.168.5.186, host: byscane-nightly-s779g-3358254982, networkLocation: /default-rack, certSerialId: null} moved to stale state. Finalizing its pipelines [PipelineID=71b1f368-ddf8-42e8-a870-de209ffaf6a4, PipelineID=13df34d5-3bdc-4032-857f-1c6f84b47cd9]
2019-08-19 03:39:56,664 INFO  pipeline.SCMPipelineManager (SCMPipelineManager.java:finalizeAndDestroyPipeline(309)) - destroying pipeline:Pipeline[ Id: 71b1f368-ddf8-42e8-a870-de209ffaf6a4, Nodes: 67c14123-fd6f-41fa-a960-6982b90314f2{ip: 192.168.5.186, host: byscane-nightly-s779g-3358254982, networkLocation: /default-rack, certSerialId: null}, Type:RATIS, Factor:ONE, State:OPEN]
2019-08-19 03:39:56,664 INFO  pipeline.PipelineStateManager (PipelineStateManager.java:finalizePipeline(123)) - Pipeline Pipeline[ Id: 71b1f368-ddf8-42e8-a870-de209ffaf6a4, Nodes: 67c14123-fd6f-41fa-a960-6982b90314f2{ip: 192.168.5.186, host: byscane-nightly-s779g-3358254982, networkLocation: /default-rack, certSerialId: null}, Type:RATIS, Factor:ONE, State:CLOSED] moved to CLOSED state
2019-08-19 03:39:56,665 INFO  pipeline.SCMPipelineManager (SCMPipelineManager.java:finalizeAndDestroyPipeline(309)) - destroying pipeline:Pipeline[ Id: 13df34d5-3bdc-4032-857f-1c6f84b47cd9, Nodes: 2b8eb764-4144-40d1-9a1a-448d36cf7f55{ip: 192.168.5.186, host: byscane-nightly-s779g-3358254982, networkLocation: /default-rack, certSerialId: null}67c14123-fd6f-41fa-a960-6982b90314f2{ip: 192.168.5.186, host: byscane-nightly-s779g-3358254982, networkLocation: /default-rack, certSerialId: null}b9a843f0-d5a2-4491-a126-6f9b1d559eae{ip: 192.168.5.186, host: byscane-nightly-s779g-3358254982, networkLocation: /default-rack, certSerialId: null}, Type:RATIS, Factor:THREE, State:OPEN]
2019-08-19 03:39:56,665 INFO  pipeline.PipelineStateManager (PipelineStateManager.java:finalizePipeline(123)) - Pipeline Pipeline[ Id: 13df34d5-3bdc-4032-857f-1c6f84b47cd9, Nodes: 2b8eb764-4144-40d1-9a1a-448d36cf7f55{ip: 192.168.5.186, host: byscane-nightly-s779g-3358254982, networkLocation: /default-rack, certSerialId: null}67c14123-fd6f-41fa-a960-6982b90314f2{ip: 192.168.5.186, host: byscane-nightly-s779g-3358254982, networkLocation: /default-rack, certSerialId: null}b9a843f0-d5a2-4491-a126-6f9b1d559eae{ip: 192.168.5.186, host: byscane-nightly-s779g-3358254982, networkLocation: /default-rack, certSerialId: null}, Type:RATIS, Factor:THREE, State:CLOSED] moved to CLOSED state
2019-08-19 03:39:56,665 INFO  container.CloseContainerEventHandler (CloseContainerEventHandler.java:onMessage(61)) - Close container Event triggered for container : #2
2019-08-19 03:39:56,965 INFO  ozoneimpl.OzoneContainer (OzoneContainer.java:stop(199)) - Attempting to stop container services.
2019-08-19 03:39:56,965 INFO  ozoneimpl.OzoneContainer (OzoneContainer.java:stop(199)) - Attempting to stop container services.
2019-08-19 03:39:56,966 INFO  impl.RaftServerProxy (RaftServerProxy.java:lambda$close$4(314)) - 67c14123-fd6f-41fa-a960-6982b90314f2: close
2019-08-19 03:39:56,966 INFO  impl.RaftServerProxy (RaftServerProxy.java:lambda$close$4(314)) - 07b680a3-1247-4695-b0a1-a55b43de70d2: close
2019-08-19 03:39:56,967 INFO  impl.RaftServerImpl (RaftServerImpl.java:lambda$shutdown$3(245)) - 67c14123-fd6f-41fa-a960-6982b90314f2: shutdown group-DE209FFAF6A4
2019-08-19 03:39:56,967 INFO  impl.RaftServerImpl (RaftServerImpl.java:lambda$shutdown$3(245)) - 07b680a3-1247-4695-b0a1-a55b43de70d2: shutdown group-5CCD76D0AA69
2019-08-19 03:39:56,967 INFO  util.JmxRegister (JmxRegister.java:unregister(73)) - Successfully un-registered JMX Bean with object name Ratis:service=RaftServer,group=group-DE209FFAF6A4,id=67c14123-fd6f-41fa-a960-6982b90314f2
2019-08-19 03:39:56,968 INFO  util.JmxRegister (JmxRegister.java:unregister(73)) - Successfully un-registered JMX Bean with object name Ratis:service=RaftServer,group=group-5CCD76D0AA69,id=07b680a3-1247-4695-b0a1-a55b43de70d2
2019-08-19 03:39:56,968 INFO  impl.RoleInfo (RoleInfo.java:shutdownLeaderState(104)) - 67c14123-fd6f-41fa-a960-6982b90314f2: shutdown LeaderState
2019-08-19 03:39:56,968 INFO  impl.RoleInfo (RoleInfo.java:shutdownLeaderState(104)) - 07b680a3-1247-4695-b0a1-a55b43de70d2: shutdown LeaderState
2019-08-19 03:39:56,969 INFO  impl.PendingRequests (PendingRequests.java:sendNotLeaderResponses(202)) - 67c14123-fd6f-41fa-a960-6982b90314f2-PendingRequests: sendNotLeaderResponses
2019-08-19 03:39:56,975 WARN  server.GrpcLogAppender (GrpcLogAppender.java:mayWait(143)) - GrpcLogAppender(07b680a3-1247-4695-b0a1-a55b43de70d2->fb94fa56-34bc-4ed4-976f-328d7d7f96e9): Wait interrupted by java.lang.InterruptedException
2019-08-19 03:39:56,975 INFO  impl.StateMachineUpdater (StateMachineUpdater.java:stopAndJoin(115)) - StateMachineUpdater:67c14123-fd6f-41fa-a960-6982b90314f2:group-DE209FFAF6A4: set stopIndex = 0
2019-08-19 03:39:56,976 INFO  impl.RaftServerImpl (ServerState.java:close(394)) - 67c14123-fd6f-41fa-a960-6982b90314f2:group-DE209FFAF6A4 closes. The last applied log index is 0
2019-08-19 03:39:56,975 WARN  server.GrpcLogAppender (GrpcLogAppender.java:mayWait(143)) - GrpcLogAppender(07b680a3-1247-4695-b0a1-a55b43de70d2->29e30134-aa92-4c4c-97e3-3bc595c84317): Wait interrupted by java.lang.InterruptedException
2019-08-19 03:39:56,975 INFO  impl.PendingRequests (PendingRequests.java:sendNotLeaderResponses(202)) - 07b680a3-1247-4695-b0a1-a55b43de70d2-PendingRequests: sendNotLeaderResponses
2019-08-19 03:39:56,976 INFO  segmented.SegmentedRaftLogWorker (SegmentedRaftLogWorker.java:run(313)) - 67c14123-fd6f-41fa-a960-6982b90314f2-SegmentedRaftLogWorker:Storage Directory /workdir/hadoop-ozone/integration-test/target/test-dir/MiniOzoneClusterImpl-b0e78f8e-0219-4c29-81a4-92a46718b188/datanode-4/data/ratis/71b1f368-ddf8-42e8-a870-de209ffaf6a4 was interrupted, exiting. There are 0 tasks remaining in the queue.
2019-08-19 03:39:56,976 INFO  server.GrpcServerProtocolService (GrpcServerProtocolService.java:onCompleted(104)) - fb94fa56-34bc-4ed4-976f-328d7d7f96e9: appendEntries completed
2019-08-19 03:39:56,980 INFO  ratis.ContainerStateMachine (ContainerStateMachine.java:takeSnapshot(262)) - group-5CCD76D0AA69: Taking a snapshot at:(t:1, i:14) file /workdir/hadoop-ozone/integration-test/target/test-dir/MiniOzoneClusterImpl-b0e78f8e-0219-4c29-81a4-92a46718b188/datanode-1/data/ratis/2e9bd0f1-af17-4c1c-b5d8-5ccd76d0aa69/sm/snapshot.1_14
2019-08-19 03:39:56,977 INFO  impl.StateMachineUpdater (StateMachineUpdater.java:stopAndJoin(115)) - StateMachineUpdater:07b680a3-1247-4695-b0a1-a55b43de70d2:group-5CCD76D0AA69: set stopIndex = 18
2019-08-19 03:39:56,980 INFO  server.GrpcLogAppender (GrpcLogAppender.java:onCompleted(292)) - 07b680a3-1247-4695-b0a1-a55b43de70d2->fb94fa56-34bc-4ed4-976f-328d7d7f96e9: follower responses appendEntries COMPLETED
2019-08-19 03:39:56,980 INFO  segmented.SegmentedRaftLogWorker (SegmentedRaftLogWorker.java:close(228)) - 67c14123-fd6f-41fa-a960-6982b90314f2-SegmentedRaftLogWorker:Storage Directory /workdir/hadoop-ozone/integration-test/target/test-dir/MiniOzoneClusterImpl-b0e78f8e-0219-4c29-81a4-92a46718b188/datanode-4/data/ratis/71b1f368-ddf8-42e8-a870-de209ffaf6a4 close()
2019-08-19 03:39:56,981 INFO  impl.FollowerInfo (FollowerInfo.java:lambda$new$0(50)) - 07b680a3-1247-4695-b0a1-a55b43de70d2->fb94fa56-34bc-4ed4-976f-328d7d7f96e9: nextIndex: updateUnconditionally 19 -> 18
2019-08-19 03:39:56,986 INFO  impl.RaftServerImpl (RaftServerImpl.java:lambda$shutdown$3(245)) - 67c14123-fd6f-41fa-a960-6982b90314f2: shutdown group-1C6F84B47CD9
2019-08-19 03:39:56,987 INFO  util.JmxRegister (JmxRegister.java:unregister(73)) - Successfully un-registered JMX Bean with object name Ratis:service=RaftServer,group=group-1C6F84B47CD9,id=67c14123-fd6f-41fa-a960-6982b90314f2
2019-08-19 03:39:56,987 INFO  impl.RoleInfo (RoleInfo.java:shutdownLeaderState(104)) - 67c14123-fd6f-41fa-a960-6982b90314f2: shutdown LeaderState
2019-08-19 03:39:56,992 INFO  impl.PendingRequests (PendingRequests.java:sendNotLeaderResponses(202)) - 67c14123-fd6f-41fa-a960-6982b90314f2-PendingRequests: sendNotLeaderResponses
2019-08-19 03:39:56,992 WARN  server.GrpcLogAppender (GrpcLogAppender.java:mayWait(143)) - GrpcLogAppender(67c14123-fd6f-41fa-a960-6982b90314f2->2b8eb764-4144-40d1-9a1a-448d36cf7f55): Wait interrupted by java.lang.InterruptedException
2019-08-19 03:39:56,992 WARN  server.GrpcLogAppender (GrpcLogAppender.java:mayWait(143)) - GrpcLogAppender(67c14123-fd6f-41fa-a960-6982b90314f2->b9a843f0-d5a2-4491-a126-6f9b1d559eae): Wait interrupted by java.lang.InterruptedException
2019-08-19 03:39:56,997 INFO  ratis.ContainerStateMachine (ContainerStateMachine.java:takeSnapshot(262)) - group-1C6F84B47CD9: Taking a snapshot at:(t:1, i:13) file /workdir/hadoop-ozone/integration-test/target/test-dir/MiniOzoneClusterImpl-b0e78f8e-0219-4c29-81a4-92a46718b188/datanode-4/data/ratis/13df34d5-3bdc-4032-857f-1c6f84b47cd9/sm/snapshot.1_13
2019-08-19 03:39:56,997 INFO  impl.StateMachineUpdater (StateMachineUpdater.java:stopAndJoin(115)) - StateMachineUpdater:67c14123-fd6f-41fa-a960-6982b90314f2:group-1C6F84B47CD9: set stopIndex = 15
2019-08-19 03:39:56,997 INFO  server.GrpcServerProtocolService (GrpcServerProtocolService.java:onCompleted(104)) - 2b8eb764-4144-40d1-9a1a-448d36cf7f55: appendEntries completed
2019-08-19 03:39:56,997 INFO  server.GrpcServerProtocolService (GrpcServerProtocolService.java:onCompleted(104)) - b9a843f0-d5a2-4491-a126-6f9b1d559eae: appendEntries completed
2019-08-19 03:39:56,998 INFO  server.GrpcLogAppender (GrpcLogAppender.java:onCompleted(292)) - 67c14123-fd6f-41fa-a960-6982b90314f2->2b8eb764-4144-40d1-9a1a-448d36cf7f55: follower responses appendEntries COMPLETED
2019-08-19 03:39:56,998 INFO  server.GrpcLogAppender (GrpcLogAppender.java:onCompleted(292)) - 67c14123-fd6f-41fa-a960-6982b90314f2->b9a843f0-d5a2-4491-a126-6f9b1d559eae: follower responses appendEntries COMPLETED
2019-08-19 03:39:56,999 INFO  impl.FollowerInfo (FollowerInfo.java:lambda$new$0(50)) - 67c14123-fd6f-41fa-a960-6982b90314f2->2b8eb764-4144-40d1-9a1a-448d36cf7f55: nextIndex: updateUnconditionally 16 -> 15
2019-08-19 03:39:56,999 INFO  impl.FollowerInfo (FollowerInfo.java:lambda$new$0(50)) - 67c14123-fd6f-41fa-a960-6982b90314f2->b9a843f0-d5a2-4491-a126-6f9b1d559eae: nextIndex: updateUnconditionally 16 -> 15
2019-08-19 03:39:57,020 INFO  ratis.ContainerStateMachine (ContainerStateMachine.java:takeSnapshot(273)) - group-1C6F84B47CD9: Finished taking a snapshot at:(t:1, i:13) file:/workdir/hadoop-ozone/integration-test/target/test-dir/MiniOzoneClusterImpl-b0e78f8e-0219-4c29-81a4-92a46718b188/datanode-4/data/ratis/13df34d5-3bdc-4032-857f-1c6f84b47cd9/sm/snapshot.1_13 time:23
2019-08-19 03:39:57,020 INFO  impl.StateMachineUpdater (StateMachineUpdater.java:takeSnapshot(242)) - StateMachineUpdater:67c14123-fd6f-41fa-a960-6982b90314f2:group-1C6F84B47CD9: Took a snapshot at index 13
2019-08-19 03:39:57,020 INFO  ratis.ContainerStateMachine (ContainerStateMachine.java:takeSnapshot(273)) - group-5CCD76D0AA69: Finished taking a snapshot at:(t:1, i:14) file:/workdir/hadoop-ozone/integration-test/target/test-dir/MiniOzoneClusterImpl-b0e78f8e-0219-4c29-81a4-92a46718b188/datanode-1/data/ratis/2e9bd0f1-af17-4c1c-b5d8-5ccd76d0aa69/sm/snapshot.1_14 time:43
2019-08-19 03:39:57,020 INFO  impl.StateMachineUpdater (StateMachineUpdater.java:lambda$new$0(80)) - StateMachineUpdater:67c14123-fd6f-41fa-a960-6982b90314f2:group-1C6F84B47CD9: snapshotIndex: updateIncreasingly -1 -> 13
2019-08-19 03:39:57,020 INFO  impl.StateMachineUpdater (StateMachineUpdater.java:takeSnapshot(242)) - StateMachineUpdater:07b680a3-1247-4695-b0a1-a55b43de70d2:group-5CCD76D0AA69: Took a snapshot at index 14
2019-08-19 03:39:57,021 INFO  impl.StateMachineUpdater (StateMachineUpdater.java:lambda$new$0(80)) - StateMachineUpdater:07b680a3-1247-4695-b0a1-a55b43de70d2:group-5CCD76D0AA69: snapshotIndex: updateIncreasingly -1 -> 14
2019-08-19 03:39:57,021 INFO  impl.RaftServerImpl (ServerState.java:close(394)) - 67c14123-fd6f-41fa-a960-6982b90314f2:group-1C6F84B47CD9 closes. The last applied log index is 15
2019-08-19 03:39:57,021 INFO  impl.RaftServerImpl (ServerState.java:close(394)) - 07b680a3-1247-4695-b0a1-a55b43de70d2:group-5CCD76D0AA69 closes. The last applied log index is 18
2019-08-19 03:39:57,022 INFO  segmented.SegmentedRaftLogWorker (SegmentedRaftLogWorker.java:run(313)) - 67c14123-fd6f-41fa-a960-6982b90314f2-SegmentedRaftLogWorker:Storage Directory /workdir/hadoop-ozone/integration-test/target/test-dir/MiniOzoneClusterImpl-b0e78f8e-0219-4c29-81a4-92a46718b188/datanode-4/data/ratis/13df34d5-3bdc-4032-857f-1c6f84b47cd9 was interrupted, exiting. There are 0 tasks remaining in the queue.
2019-08-19 03:39:57,022 INFO  segmented.SegmentedRaftLogWorker (SegmentedRaftLogWorker.java:run(313)) - 07b680a3-1247-4695-b0a1-a55b43de70d2-SegmentedRaftLogWorker:Storage Directory /workdir/hadoop-ozone/integration-test/target/test-dir/MiniOzoneClusterImpl-b0e78f8e-0219-4c29-81a4-92a46718b188/datanode-1/data/ratis/2e9bd0f1-af17-4c1c-b5d8-5ccd76d0aa69 was interrupted, exiting. There are 0 tasks remaining in the queue.
2019-08-19 03:39:57,024 INFO  segmented.SegmentedRaftLogWorker (SegmentedRaftLogWorker.java:close(228)) - 67c14123-fd6f-41fa-a960-6982b90314f2-SegmentedRaftLogWorker:Storage Directory /workdir/hadoop-ozone/integration-test/target/test-dir/MiniOzoneClusterImpl-b0e78f8e-0219-4c29-81a4-92a46718b188/datanode-4/data/ratis/13df34d5-3bdc-4032-857f-1c6f84b47cd9 close()
2019-08-19 03:39:57,027 INFO  segmented.SegmentedRaftLogWorker (SegmentedRaftLogWorker.java:close(228)) - 07b680a3-1247-4695-b0a1-a55b43de70d2-SegmentedRaftLogWorker:Storage Directory /workdir/hadoop-ozone/integration-test/target/test-dir/MiniOzoneClusterImpl-b0e78f8e-0219-4c29-81a4-92a46718b188/datanode-1/data/ratis/2e9bd0f1-af17-4c1c-b5d8-5ccd76d0aa69 close()
2019-08-19 03:39:57,031 INFO  server.GrpcService (GrpcService.java:closeImpl(155)) - 67c14123-fd6f-41fa-a960-6982b90314f2: shutdown server with port 34153 now
2019-08-19 03:39:57,035 INFO  impl.RaftServerImpl (RaftServerImpl.java:lambda$shutdown$3(245)) - 07b680a3-1247-4695-b0a1-a55b43de70d2: shutdown group-BAEC35ED322C
2019-08-19 03:39:57,036 INFO  util.JmxRegister (JmxRegister.java:unregister(73)) - Successfully un-registered JMX Bean with object name Ratis:service=RaftServer,group=group-BAEC35ED322C,id=07b680a3-1247-4695-b0a1-a55b43de70d2
2019-08-19 03:39:57,036 WARN  client.GrpcClientProtocolService (LogUtils.java:warn(134)) - 1-UnorderedRequestStreamObserver1: onError: org.apache.ratis.thirdparty.io.grpc.StatusRuntimeException: CANCELLED: cancelled before receiving half close
2019-08-19 03:39:57,037 INFO  server.GrpcService (GrpcService.java:closeImpl(163)) - 67c14123-fd6f-41fa-a960-6982b90314f2: shutdown server with port 34153 successfully
2019-08-19 03:39:57,037 INFO  impl.RoleInfo (RoleInfo.java:shutdownLeaderState(104)) - 07b680a3-1247-4695-b0a1-a55b43de70d2: shutdown LeaderState
2019-08-19 03:39:57,038 INFO  impl.PendingRequests (PendingRequests.java:sendNotLeaderResponses(202)) - 07b680a3-1247-4695-b0a1-a55b43de70d2-PendingRequests: sendNotLeaderResponses
2019-08-19 03:39:57,038 INFO  impl.StateMachineUpdater (StateMachineUpdater.java:stopAndJoin(115)) - StateMachineUpdater:07b680a3-1247-4695-b0a1-a55b43de70d2:group-BAEC35ED322C: set stopIndex = 0
2019-08-19 03:39:57,038 INFO  impl.RaftServerImpl (ServerState.java:close(394)) - 07b680a3-1247-4695-b0a1-a55b43de70d2:group-BAEC35ED322C closes. The last applied log index is 0
2019-08-19 03:39:57,039 INFO  utils.BackgroundService (BackgroundService.java:shutdown(148)) - Shutting down service BlockDeletingService
2019-08-19 03:39:57,039 INFO  segmented.SegmentedRaftLogWorker (SegmentedRaftLogWorker.java:run(313)) - 07b680a3-1247-4695-b0a1-a55b43de70d2-SegmentedRaftLogWorker:Storage Directory /workdir/hadoop-ozone/integration-test/target/test-dir/MiniOzoneClusterImpl-b0e78f8e-0219-4c29-81a4-92a46718b188/datanode-1/data/ratis/b028db63-28ec-4619-888c-baec35ed322c was interrupted, exiting. There are 0 tasks remaining in the queue.
2019-08-19 03:39:57,042 INFO  segmented.SegmentedRaftLogWorker (SegmentedRaftLogWorker.java:close(228)) - 07b680a3-1247-4695-b0a1-a55b43de70d2-SegmentedRaftLogWorker:Storage Directory /workdir/hadoop-ozone/integration-test/target/test-dir/MiniOzoneClusterImpl-b0e78f8e-0219-4c29-81a4-92a46718b188/datanode-1/data/ratis/b028db63-28ec-4619-888c-baec35ed322c close()
2019-08-19 03:39:57,042 WARN  fs.CachingGetSpaceUsed (CachingGetSpaceUsed.java:run(183)) - Thread Interrupted waiting to refresh disk information: sleep interrupted
2019-08-19 03:39:57,046 INFO  server.GrpcService (GrpcService.java:closeImpl(155)) - 07b680a3-1247-4695-b0a1-a55b43de70d2: shutdown server with port 37215 now
2019-08-19 03:39:57,048 INFO  server.GrpcService (GrpcService.java:closeImpl(163)) - 07b680a3-1247-4695-b0a1-a55b43de70d2: shutdown server with port 37215 successfully
2019-08-19 03:39:57,051 INFO  utils.BackgroundService (BackgroundService.java:shutdown(148)) - Shutting down service BlockDeletingService
2019-08-19 03:39:57,053 WARN  fs.CachingGetSpaceUsed (CachingGetSpaceUsed.java:run(183)) - Thread Interrupted waiting to refresh disk information: sleep interrupted
2019-08-19 03:39:57,073 INFO  statemachine.DatanodeStateMachine (DatanodeStateMachine.java:stopDaemon(395)) - Ozone container server stopped.
2019-08-19 03:39:57,079 INFO  handler.ContextHandler (ContextHandler.java:doStop(910)) - Stopped o.e.j.w.WebAppContext@42516ce2{/,null,UNAVAILABLE}{/hddsDatanode}
2019-08-19 03:39:57,080 INFO  server.AbstractConnector (AbstractConnector.java:doStop(318)) - Stopped ServerConnector@74e111a8{HTTP/1.1,[http/1.1]}{0.0.0.0:0}
2019-08-19 03:39:57,082 INFO  handler.ContextHandler (ContextHandler.java:doStop(910)) - Stopped o.e.j.s.ServletContextHandler@48900d4a{/static,jar:file:/home/user/.m2/repository/org/apache/hadoop/hadoop-hdds-container-service/0.4.1-SNAPSHOT/hadoop-hdds-container-service-0.4.1-SNAPSHOT.jar!/webapps/static,UNAVAILABLE}
2019-08-19 03:39:57,084 INFO  handler.ContextHandler (ContextHandler.java:doStop(910)) - Stopped o.e.j.s.ServletContextHandler@64455184{/logs,file:///workdir/hadoop-ozone/integration-test/target/log,UNAVAILABLE}
2019-08-19 03:39:57,085 INFO  datanode.ObjectStoreHandler (ObjectStoreHandler.java:close(155)) - Closing ObjectStoreHandler.
2019-08-19 03:39:57,085 INFO  ozone.HddsDatanodeService (HddsDatanodeService.java:stop(451)) - Stopped plug-in org.apache.hadoop.ozone.web.OzoneHddsDatanodeService@1a4340f2
2019-08-19 03:39:57,092 INFO  statemachine.DatanodeStateMachine (DatanodeStateMachine.java:stopDaemon(395)) - Ozone container server stopped.
2019-08-19 03:39:57,094 INFO  handler.ContextHandler (ContextHandler.java:doStop(910)) - Stopped o.e.j.w.WebAppContext@6915b614{/,null,UNAVAILABLE}{/hddsDatanode}
2019-08-19 03:39:57,094 INFO  server.AbstractConnector (AbstractConnector.java:doStop(318)) - Stopped ServerConnector@2e0d6270{HTTP/1.1,[http/1.1]}{0.0.0.0:0}
2019-08-19 03:39:57,095 INFO  handler.ContextHandler (ContextHandler.java:doStop(910)) - Stopped o.e.j.s.ServletContextHandler@50c20b15{/static,jar:file:/home/user/.m2/repository/org/apache/hadoop/hadoop-hdds-container-service/0.4.1-SNAPSHOT/hadoop-hdds-container-service-0.4.1-SNAPSHOT.jar!/webapps/static,UNAVAILABLE}
2019-08-19 03:39:57,095 INFO  handler.ContextHandler (ContextHandler.java:doStop(910)) - Stopped o.e.j.s.ServletContextHandler@254a9f65{/logs,file:///workdir/hadoop-ozone/integration-test/target/log,UNAVAILABLE}
2019-08-19 03:39:57,097 INFO  datanode.ObjectStoreHandler (ObjectStoreHandler.java:close(155)) - Closing ObjectStoreHandler.
2019-08-19 03:39:57,097 INFO  ozone.HddsDatanodeService (HddsDatanodeService.java:stop(451)) - Stopped plug-in org.apache.hadoop.ozone.web.OzoneHddsDatanodeService@149e457
2019-08-19 03:39:57,621 INFO  statemachine.DatanodeStateMachine (DatanodeStateMachine.java:lambda$startDaemon$0(350)) - Ozone container server started.
2019-08-19 03:39:57,965 INFO  statemachine.DatanodeStateMachine (DatanodeStateMachine.java:lambda$startDaemon$0(350)) - Ozone container server started.
2019-08-19 03:40:01,671 INFO  node.StaleNodeHandler (StaleNodeHandler.java:onMessage(58)) - Datanode 2b8eb764-4144-40d1-9a1a-448d36cf7f55{ip: 192.168.5.186, host: byscane-nightly-s779g-3358254982, networkLocation: /default-rack, certSerialId: null} moved to stale state. Finalizing its pipelines [PipelineID=35ca81f4-b484-4558-99f0-6c9b8ee33378, PipelineID=13df34d5-3bdc-4032-857f-1c6f84b47cd9]
2019-08-19 03:40:01,671 INFO  pipeline.SCMPipelineManager (SCMPipelineManager.java:finalizeAndDestroyPipeline(309)) - destroying pipeline:Pipeline[ Id: 35ca81f4-b484-4558-99f0-6c9b8ee33378, Nodes: 2b8eb764-4144-40d1-9a1a-448d36cf7f55{ip: 192.168.5.186, host: byscane-nightly-s779g-3358254982, networkLocation: /default-rack, certSerialId: null}, Type:RATIS, Factor:ONE, State:OPEN]
2019-08-19 03:40:01,671 INFO  pipeline.PipelineStateManager (PipelineStateManager.java:finalizePipeline(123)) - Pipeline Pipeline[ Id: 35ca81f4-b484-4558-99f0-6c9b8ee33378, Nodes: 2b8eb764-4144-40d1-9a1a-448d36cf7f55{ip: 192.168.5.186, host: byscane-nightly-s779g-3358254982, networkLocation: /default-rack, certSerialId: null}, Type:RATIS, Factor:ONE, State:CLOSED] moved to CLOSED state
2019-08-19 03:40:01,671 INFO  pipeline.SCMPipelineManager (SCMPipelineManager.java:finalizeAndDestroyPipeline(309)) - destroying pipeline:Pipeline[ Id: 13df34d5-3bdc-4032-857f-1c6f84b47cd9, Nodes: 2b8eb764-4144-40d1-9a1a-448d36cf7f55{ip: 192.168.5.186, host: byscane-nightly-s779g-3358254982, networkLocation: /default-rack, certSerialId: null}67c14123-fd6f-41fa-a960-6982b90314f2{ip: 192.168.5.186, host: byscane-nightly-s779g-3358254982, networkLocation: /default-rack, certSerialId: null}b9a843f0-d5a2-4491-a126-6f9b1d559eae{ip: 192.168.5.186, host: byscane-nightly-s779g-3358254982, networkLocation: /default-rack, certSerialId: null}, Type:RATIS, Factor:THREE, State:CLOSED]
2019-08-19 03:40:01,971 INFO  node.StaleNodeHandler (StaleNodeHandler.java:onMessage(58)) - Datanode fb94fa56-34bc-4ed4-976f-328d7d7f96e9{ip: 192.168.5.186, host: byscane-nightly-s779g-3358254982, networkLocation: /default-rack, certSerialId: null} moved to stale state. Finalizing its pipelines [PipelineID=55bb6202-20fa-4fad-8cce-74a37346cae6, PipelineID=2e9bd0f1-af17-4c1c-b5d8-5ccd76d0aa69]
2019-08-19 03:40:01,971 INFO  pipeline.SCMPipelineManager (SCMPipelineManager.java:finalizeAndDestroyPipeline(309)) - destroying pipeline:Pipeline[ Id: 55bb6202-20fa-4fad-8cce-74a37346cae6, Nodes: fb94fa56-34bc-4ed4-976f-328d7d7f96e9{ip: 192.168.5.186, host: byscane-nightly-s779g-3358254982, networkLocation: /default-rack, certSerialId: null}, Type:RATIS, Factor:ONE, State:OPEN]
2019-08-19 03:40:01,971 INFO  pipeline.PipelineStateManager (PipelineStateManager.java:finalizePipeline(123)) - Pipeline Pipeline[ Id: 55bb6202-20fa-4fad-8cce-74a37346cae6, Nodes: fb94fa56-34bc-4ed4-976f-328d7d7f96e9{ip: 192.168.5.186, host: byscane-nightly-s779g-3358254982, networkLocation: /default-rack, certSerialId: null}, Type:RATIS, Factor:ONE, State:CLOSED] moved to CLOSED state
2019-08-19 03:40:01,972 INFO  pipeline.SCMPipelineManager (SCMPipelineManager.java:finalizeAndDestroyPipeline(309)) - destroying pipeline:Pipeline[ Id: 2e9bd0f1-af17-4c1c-b5d8-5ccd76d0aa69, Nodes: 29e30134-aa92-4c4c-97e3-3bc595c84317{ip: 192.168.5.186, host: byscane-nightly-s779g-3358254982, networkLocation: /default-rack, certSerialId: null}07b680a3-1247-4695-b0a1-a55b43de70d2{ip: 192.168.5.186, host: byscane-nightly-s779g-3358254982, networkLocation: /default-rack, certSerialId: null}fb94fa56-34bc-4ed4-976f-328d7d7f96e9{ip: 192.168.5.186, host: byscane-nightly-s779g-3358254982, networkLocation: /default-rack, certSerialId: null}, Type:RATIS, Factor:THREE, State:CLOSED]
2019-08-19 03:40:02,066 INFO  impl.FollowerState (FollowerState.java:run(106)) - 2b8eb764-4144-40d1-9a1a-448d36cf7f55:group-1C6F84B47CD9 changes to CANDIDATE, lastRpcTime:5151, electionTimeout:5042ms
2019-08-19 03:40:02,067 INFO  impl.RoleInfo (RoleInfo.java:shutdownFollowerState(121)) - 2b8eb764-4144-40d1-9a1a-448d36cf7f55: shutdown FollowerState
2019-08-19 03:40:02,067 INFO  impl.RaftServerImpl (RaftServerImpl.java:setRole(171)) - 2b8eb764-4144-40d1-9a1a-448d36cf7f55:group-1C6F84B47CD9 changes role from FOLLOWER to CANDIDATE at term 1 for changeToCandidate
2019-08-19 03:40:02,067 INFO  impl.RoleInfo (RoleInfo.java:updateAndGet(143)) - 2b8eb764-4144-40d1-9a1a-448d36cf7f55: start LeaderElection
2019-08-19 03:40:02,070 INFO  impl.RaftServerImpl (ServerState.java:setLeader(263)) - 2b8eb764-4144-40d1-9a1a-448d36cf7f55:group-1C6F84B47CD9 change Leader from 67c14123-fd6f-41fa-a960-6982b90314f2 to null at term 1 for initElection
2019-08-19 03:40:02,084 INFO  impl.LeaderElection (LeaderElection.java:askForVotes(181)) - 2b8eb764-4144-40d1-9a1a-448d36cf7f55:group-1C6F84B47CD9:LeaderElection84: begin an election at term 2 for 0: [b9a843f0-d5a2-4491-a126-6f9b1d559eae:192.168.5.186:33888, 2b8eb764-4144-40d1-9a1a-448d36cf7f55:192.168.5.186:39341, 67c14123-fd6f-41fa-a960-6982b90314f2:192.168.5.186:34153], old=null
2019-08-19 03:40:02,086 INFO  ozoneimpl.OzoneContainer (OzoneContainer.java:stop(199)) - Attempting to stop container services.
2019-08-19 03:40:02,087 INFO  impl.RaftServerProxy (RaftServerProxy.java:lambda$close$4(314)) - fb94fa56-34bc-4ed4-976f-328d7d7f96e9: close
2019-08-19 03:40:02,087 INFO  impl.LeaderElection (LogUtils.java:infoOrTrace(149)) - 2b8eb764-4144-40d1-9a1a-448d36cf7f55:group-1C6F84B47CD9:LeaderElection84 got exception when requesting votes: {}
java.util.concurrent.ExecutionException: org.apache.ratis.thirdparty.io.grpc.StatusRuntimeException: UNAVAILABLE: io exception
	at java.util.concurrent.FutureTask.report(FutureTask.java:122)
	at java.util.concurrent.FutureTask.get(FutureTask.java:192)
	at org.apache.ratis.server.impl.LeaderElection.waitForResults(LeaderElection.java:262)
	at org.apache.ratis.server.impl.LeaderElection.askForVotes(LeaderElection.java:200)
	at org.apache.ratis.server.impl.LeaderElection.run(LeaderElection.java:130)
	at java.lang.Thread.run(Thread.java:748)
Caused by: org.apache.ratis.thirdparty.io.grpc.StatusRuntimeException: UNAVAILABLE: io exception
	at org.apache.ratis.thirdparty.io.grpc.stub.ClientCalls.toStatusRuntimeException(ClientCalls.java:233)
	at org.apache.ratis.thirdparty.io.grpc.stub.ClientCalls.getUnchecked(ClientCalls.java:214)
	at org.apache.ratis.thirdparty.io.grpc.stub.ClientCalls.blockingUnaryCall(ClientCalls.java:139)
	at org.apache.ratis.proto.grpc.RaftServerProtocolServiceGrpc$RaftServerProtocolServiceBlockingStub.requestVote(RaftServerProtocolServiceGrpc.java:265)
	at org.apache.ratis.grpc.server.GrpcServerProtocolClient.requestVote(GrpcServerProtocolClient.java:83)
	at org.apache.ratis.grpc.server.GrpcService.requestVote(GrpcService.java:195)
	at org.apache.ratis.server.impl.LeaderElection.lambda$submitRequests$1(LeaderElection.java:237)
	at java.util.concurrent.FutureTask.run(FutureTask.java:266)
	at java.util.concurrent.Executors$RunnableAdapter.call(Executors.java:511)
	at java.util.concurrent.FutureTask.run(FutureTask.java:266)
	at java.util.concurrent.ThreadPoolExecutor.runWorker(ThreadPoolExecutor.java:1149)
	at java.util.concurrent.ThreadPoolExecutor$Worker.run(ThreadPoolExecutor.java:624)
	... 1 more
Caused by: org.apache.ratis.thirdparty.io.netty.channel.AbstractChannel$AnnotatedConnectException: Connection refused: /192.168.5.186:34153
	at sun.nio.ch.SocketChannelImpl.checkConnect(Native Method)
	at sun.nio.ch.SocketChannelImpl.finishConnect(SocketChannelImpl.java:717)
	at org.apache.ratis.thirdparty.io.netty.channel.socket.nio.NioSocketChannel.doFinishConnect(NioSocketChannel.java:327)
	at org.apache.ratis.thirdparty.io.netty.channel.nio.AbstractNioChannel$AbstractNioUnsafe.finishConnect(AbstractNioChannel.java:340)
	at org.apache.ratis.thirdparty.io.netty.channel.nio.NioEventLoop.processSelectedKey(NioEventLoop.java:632)
	at org.apache.ratis.thirdparty.io.netty.channel.nio.NioEventLoop.processSelectedKeysOptimized(NioEventLoop.java:579)
	at org.apache.ratis.thirdparty.io.netty.channel.nio.NioEventLoop.processSelectedKeys(NioEventLoop.java:496)
	at org.apache.ratis.thirdparty.io.netty.channel.nio.NioEventLoop.run(NioEventLoop.java:458)
	at org.apache.ratis.thirdparty.io.netty.util.concurrent.SingleThreadEventExecutor$5.run(SingleThreadEventExecutor.java:897)
	at org.apache.ratis.thirdparty.io.netty.util.concurrent.FastThreadLocalRunnable.run(FastThreadLocalRunnable.java:30)
	... 1 more
Caused by: java.net.ConnectException: Connection refused
	... 11 more
2019-08-19 03:40:02,102 INFO  impl.RaftServerImpl (ServerState.java:setLeader(263)) - b9a843f0-d5a2-4491-a126-6f9b1d559eae:group-1C6F84B47CD9 change Leader from 67c14123-fd6f-41fa-a960-6982b90314f2 to null at term 2 for updateCurrentTerm
2019-08-19 03:40:02,103 INFO  impl.RaftServerImpl (RaftServerImpl.java:setRole(171)) - b9a843f0-d5a2-4491-a126-6f9b1d559eae:group-1C6F84B47CD9 changes role from FOLLOWER to FOLLOWER at term 2 for recognizeCandidate:2b8eb764-4144-40d1-9a1a-448d36cf7f55
2019-08-19 03:40:02,102 INFO  ozoneimpl.OzoneContainer (OzoneContainer.java:stop(199)) - Attempting to stop container services.
2019-08-19 03:40:02,087 INFO  impl.RaftServerImpl (RaftServerImpl.java:lambda$shutdown$3(245)) - fb94fa56-34bc-4ed4-976f-328d7d7f96e9: shutdown group-74A37346CAE6
2019-08-19 03:40:02,104 INFO  impl.RaftServerProxy (RaftServerProxy.java:lambda$close$4(314)) - 2b8eb764-4144-40d1-9a1a-448d36cf7f55: close
2019-08-19 03:40:02,103 INFO  impl.RoleInfo (RoleInfo.java:shutdownFollowerState(121)) - b9a843f0-d5a2-4491-a126-6f9b1d559eae: shutdown FollowerState
2019-08-19 03:40:02,104 INFO  impl.RaftServerImpl (RaftServerImpl.java:lambda$shutdown$3(245)) - 2b8eb764-4144-40d1-9a1a-448d36cf7f55: shutdown group-6C9B8EE33378
2019-08-19 03:40:02,104 INFO  util.JmxRegister (JmxRegister.java:unregister(73)) - Successfully un-registered JMX Bean with object name Ratis:service=RaftServer,group=group-74A37346CAE6,id=fb94fa56-34bc-4ed4-976f-328d7d7f96e9
2019-08-19 03:40:02,105 INFO  util.JmxRegister (JmxRegister.java:unregister(73)) - Successfully un-registered JMX Bean with object name Ratis:service=RaftServer,group=group-6C9B8EE33378,id=2b8eb764-4144-40d1-9a1a-448d36cf7f55
2019-08-19 03:40:02,106 INFO  impl.RoleInfo (RoleInfo.java:shutdownLeaderState(104)) - 2b8eb764-4144-40d1-9a1a-448d36cf7f55: shutdown LeaderState
2019-08-19 03:40:02,105 INFO  impl.FollowerState (FollowerState.java:run(114)) - b9a843f0-d5a2-4491-a126-6f9b1d559eae: FollowerState was interrupted: java.lang.InterruptedException: sleep interrupted
2019-08-19 03:40:02,104 INFO  impl.RoleInfo (RoleInfo.java:updateAndGet(143)) - b9a843f0-d5a2-4491-a126-6f9b1d559eae: start FollowerState
2019-08-19 03:40:02,106 INFO  impl.PendingRequests (PendingRequests.java:sendNotLeaderResponses(202)) - 2b8eb764-4144-40d1-9a1a-448d36cf7f55-PendingRequests: sendNotLeaderResponses
2019-08-19 03:40:02,105 INFO  impl.RoleInfo (RoleInfo.java:shutdownLeaderState(104)) - fb94fa56-34bc-4ed4-976f-328d7d7f96e9: shutdown LeaderState
2019-08-19 03:40:02,109 INFO  impl.StateMachineUpdater (StateMachineUpdater.java:stopAndJoin(115)) - StateMachineUpdater:2b8eb764-4144-40d1-9a1a-448d36cf7f55:group-6C9B8EE33378: set stopIndex = 0
2019-08-19 03:40:02,109 INFO  impl.PendingRequests (PendingRequests.java:sendNotLeaderResponses(202)) - fb94fa56-34bc-4ed4-976f-328d7d7f96e9-PendingRequests: sendNotLeaderResponses
2019-08-19 03:40:02,110 INFO  impl.RaftServerImpl (ServerState.java:close(394)) - 2b8eb764-4144-40d1-9a1a-448d36cf7f55:group-6C9B8EE33378 closes. The last applied log index is 0
2019-08-19 03:40:02,110 INFO  impl.StateMachineUpdater (StateMachineUpdater.java:stopAndJoin(115)) - StateMachineUpdater:fb94fa56-34bc-4ed4-976f-328d7d7f96e9:group-74A37346CAE6: set stopIndex = 0
2019-08-19 03:40:02,111 INFO  impl.RaftServerImpl (ServerState.java:close(394)) - fb94fa56-34bc-4ed4-976f-328d7d7f96e9:group-74A37346CAE6 closes. The last applied log index is 0
2019-08-19 03:40:02,111 INFO  segmented.SegmentedRaftLogWorker (SegmentedRaftLogWorker.java:run(313)) - 2b8eb764-4144-40d1-9a1a-448d36cf7f55-SegmentedRaftLogWorker:Storage Directory /workdir/hadoop-ozone/integration-test/target/test-dir/MiniOzoneClusterImpl-b0e78f8e-0219-4c29-81a4-92a46718b188/datanode-3/data/ratis/35ca81f4-b484-4558-99f0-6c9b8ee33378 was interrupted, exiting. There are 0 tasks remaining in the queue.
2019-08-19 03:40:02,111 INFO  segmented.SegmentedRaftLogWorker (SegmentedRaftLogWorker.java:run(313)) - fb94fa56-34bc-4ed4-976f-328d7d7f96e9-SegmentedRaftLogWorker:Storage Directory /workdir/hadoop-ozone/integration-test/target/test-dir/MiniOzoneClusterImpl-b0e78f8e-0219-4c29-81a4-92a46718b188/datanode-2/data/ratis/55bb6202-20fa-4fad-8cce-74a37346cae6 was interrupted, exiting. There are 0 tasks remaining in the queue.
2019-08-19 03:40:02,113 INFO  segmented.SegmentedRaftLogWorker (SegmentedRaftLogWorker.java:close(228)) - 2b8eb764-4144-40d1-9a1a-448d36cf7f55-SegmentedRaftLogWorker:Storage Directory /workdir/hadoop-ozone/integration-test/target/test-dir/MiniOzoneClusterImpl-b0e78f8e-0219-4c29-81a4-92a46718b188/datanode-3/data/ratis/35ca81f4-b484-4558-99f0-6c9b8ee33378 close()
2019-08-19 03:40:02,118 INFO  impl.RaftServerImpl (RaftServerImpl.java:lambda$shutdown$3(245)) - 2b8eb764-4144-40d1-9a1a-448d36cf7f55: shutdown group-1C6F84B47CD9
2019-08-19 03:40:02,119 INFO  util.JmxRegister (JmxRegister.java:unregister(73)) - Successfully un-registered JMX Bean with object name Ratis:service=RaftServer,group=group-1C6F84B47CD9,id=2b8eb764-4144-40d1-9a1a-448d36cf7f55
2019-08-19 03:40:02,119 INFO  impl.RoleInfo (RoleInfo.java:shutdownLeaderElection(134)) - 2b8eb764-4144-40d1-9a1a-448d36cf7f55: shutdown LeaderElection
2019-08-19 03:40:02,120 INFO  impl.StateMachineUpdater (StateMachineUpdater.java:stopAndJoin(115)) - StateMachineUpdater:2b8eb764-4144-40d1-9a1a-448d36cf7f55:group-1C6F84B47CD9: set stopIndex = 15
2019-08-19 03:40:02,120 INFO  ratis.ContainerStateMachine (ContainerStateMachine.java:takeSnapshot(262)) - group-1C6F84B47CD9: Taking a snapshot at:(t:1, i:13) file /workdir/hadoop-ozone/integration-test/target/test-dir/MiniOzoneClusterImpl-b0e78f8e-0219-4c29-81a4-92a46718b188/datanode-3/data/ratis/13df34d5-3bdc-4032-857f-1c6f84b47cd9/sm/snapshot.1_13
2019-08-19 03:40:02,128 INFO  segmented.SegmentedRaftLogWorker (SegmentedRaftLogWorker.java:close(228)) - fb94fa56-34bc-4ed4-976f-328d7d7f96e9-SegmentedRaftLogWorker:Storage Directory /workdir/hadoop-ozone/integration-test/target/test-dir/MiniOzoneClusterImpl-b0e78f8e-0219-4c29-81a4-92a46718b188/datanode-2/data/ratis/55bb6202-20fa-4fad-8cce-74a37346cae6 close()
2019-08-19 03:40:02,131 INFO  impl.RaftServerImpl (RaftServerImpl.java:lambda$shutdown$3(245)) - fb94fa56-34bc-4ed4-976f-328d7d7f96e9: shutdown group-5CCD76D0AA69
2019-08-19 03:40:02,132 INFO  util.JmxRegister (JmxRegister.java:unregister(73)) - Successfully un-registered JMX Bean with object name Ratis:service=RaftServer,group=group-5CCD76D0AA69,id=fb94fa56-34bc-4ed4-976f-328d7d7f96e9
2019-08-19 03:40:02,132 INFO  impl.RoleInfo (RoleInfo.java:shutdownFollowerState(121)) - fb94fa56-34bc-4ed4-976f-328d7d7f96e9: shutdown FollowerState
2019-08-19 03:40:02,132 INFO  impl.StateMachineUpdater (StateMachineUpdater.java:stopAndJoin(115)) - StateMachineUpdater:fb94fa56-34bc-4ed4-976f-328d7d7f96e9:group-5CCD76D0AA69: set stopIndex = 18
2019-08-19 03:40:02,132 INFO  impl.LeaderElection (LeaderElection.java:logAndReturn(56)) - 2b8eb764-4144-40d1-9a1a-448d36cf7f55:group-1C6F84B47CD9:LeaderElection84: Election PASSED; received 1 response(s) [2b8eb764-4144-40d1-9a1a-448d36cf7f55<-b9a843f0-d5a2-4491-a126-6f9b1d559eae#0:OK-t2] and 1 exception(s); 2b8eb764-4144-40d1-9a1a-448d36cf7f55:t2, leader=null, voted=2b8eb764-4144-40d1-9a1a-448d36cf7f55, raftlog=2b8eb764-4144-40d1-9a1a-448d36cf7f55-SegmentedRaftLog:OPENED:c15,f15,i15, conf=0: [b9a843f0-d5a2-4491-a126-6f9b1d559eae:192.168.5.186:33888, 2b8eb764-4144-40d1-9a1a-448d36cf7f55:192.168.5.186:39341, 67c14123-fd6f-41fa-a960-6982b90314f2:192.168.5.186:34153], old=null
2019-08-19 03:40:02,132 INFO  ratis.ContainerStateMachine (ContainerStateMachine.java:takeSnapshot(262)) - group-5CCD76D0AA69: Taking a snapshot at:(t:1, i:14) file /workdir/hadoop-ozone/integration-test/target/test-dir/MiniOzoneClusterImpl-b0e78f8e-0219-4c29-81a4-92a46718b188/datanode-2/data/ratis/2e9bd0f1-af17-4c1c-b5d8-5ccd76d0aa69/sm/snapshot.1_14
2019-08-19 03:40:02,132 INFO  impl.FollowerState (FollowerState.java:run(114)) - fb94fa56-34bc-4ed4-976f-328d7d7f96e9: FollowerState was interrupted: java.lang.InterruptedException: sleep interrupted
2019-08-19 03:40:02,133 INFO  impl.LeaderElection (LogUtils.java:infoOrTrace(149)) -   Exception 0: {}
java.util.concurrent.ExecutionException: org.apache.ratis.thirdparty.io.grpc.StatusRuntimeException: UNAVAILABLE: io exception
	at java.util.concurrent.FutureTask.report(FutureTask.java:122)
	at java.util.concurrent.FutureTask.get(FutureTask.java:192)
	at org.apache.ratis.server.impl.LeaderElection.waitForResults(LeaderElection.java:262)
	at org.apache.ratis.server.impl.LeaderElection.askForVotes(LeaderElection.java:200)
	at org.apache.ratis.server.impl.LeaderElection.run(LeaderElection.java:130)
	at java.lang.Thread.run(Thread.java:748)
Caused by: org.apache.ratis.thirdparty.io.grpc.StatusRuntimeException: UNAVAILABLE: io exception
	at org.apache.ratis.thirdparty.io.grpc.stub.ClientCalls.toStatusRuntimeException(ClientCalls.java:233)
	at org.apache.ratis.thirdparty.io.grpc.stub.ClientCalls.getUnchecked(ClientCalls.java:214)
	at org.apache.ratis.thirdparty.io.grpc.stub.ClientCalls.blockingUnaryCall(ClientCalls.java:139)
	at org.apache.ratis.proto.grpc.RaftServerProtocolServiceGrpc$RaftServerProtocolServiceBlockingStub.requestVote(RaftServerProtocolServiceGrpc.java:265)
	at org.apache.ratis.grpc.server.GrpcServerProtocolClient.requestVote(GrpcServerProtocolClient.java:83)
	at org.apache.ratis.grpc.server.GrpcService.requestVote(GrpcService.java:195)
	at org.apache.ratis.server.impl.LeaderElection.lambda$submitRequests$1(LeaderElection.java:237)
	at java.util.concurrent.FutureTask.run(FutureTask.java:266)
	at java.util.concurrent.Executors$RunnableAdapter.call(Executors.java:511)
	at java.util.concurrent.FutureTask.run(FutureTask.java:266)
	at java.util.concurrent.ThreadPoolExecutor.runWorker(ThreadPoolExecutor.java:1149)
	at java.util.concurrent.ThreadPoolExecutor$Worker.run(ThreadPoolExecutor.java:624)
	... 1 more
Caused by: org.apache.ratis.thirdparty.io.netty.channel.AbstractChannel$AnnotatedConnectException: Connection refused: /192.168.5.186:34153
	at sun.nio.ch.SocketChannelImpl.checkConnect(Native Method)
	at sun.nio.ch.SocketChannelImpl.finishConnect(SocketChannelImpl.java:717)
	at org.apache.ratis.thirdparty.io.netty.channel.socket.nio.NioSocketChannel.doFinishConnect(NioSocketChannel.java:327)
	at org.apache.ratis.thirdparty.io.netty.channel.nio.AbstractNioChannel$AbstractNioUnsafe.finishConnect(AbstractNioChannel.java:340)
	at org.apache.ratis.thirdparty.io.netty.channel.nio.NioEventLoop.processSelectedKey(NioEventLoop.java:632)
	at org.apache.ratis.thirdparty.io.netty.channel.nio.NioEventLoop.processSelectedKeysOptimized(NioEventLoop.java:579)
	at org.apache.ratis.thirdparty.io.netty.channel.nio.NioEventLoop.processSelectedKeys(NioEventLoop.java:496)
	at org.apache.ratis.thirdparty.io.netty.channel.nio.NioEventLoop.run(NioEventLoop.java:458)
	at org.apache.ratis.thirdparty.io.netty.util.concurrent.SingleThreadEventExecutor$5.run(SingleThreadEventExecutor.java:897)
	at org.apache.ratis.thirdparty.io.netty.util.concurrent.FastThreadLocalRunnable.run(FastThreadLocalRunnable.java:30)
	... 1 more
Caused by: java.net.ConnectException: Connection refused
	... 11 more
2019-08-19 03:40:02,155 INFO  ratis.ContainerStateMachine (ContainerStateMachine.java:takeSnapshot(273)) - group-5CCD76D0AA69: Finished taking a snapshot at:(t:1, i:14) file:/workdir/hadoop-ozone/integration-test/target/test-dir/MiniOzoneClusterImpl-b0e78f8e-0219-4c29-81a4-92a46718b188/datanode-2/data/ratis/2e9bd0f1-af17-4c1c-b5d8-5ccd76d0aa69/sm/snapshot.1_14 time:23
2019-08-19 03:40:02,155 INFO  impl.StateMachineUpdater (StateMachineUpdater.java:takeSnapshot(242)) - StateMachineUpdater:fb94fa56-34bc-4ed4-976f-328d7d7f96e9:group-5CCD76D0AA69: Took a snapshot at index 14
2019-08-19 03:40:02,155 INFO  ratis.ContainerStateMachine (ContainerStateMachine.java:takeSnapshot(273)) - group-1C6F84B47CD9: Finished taking a snapshot at:(t:1, i:13) file:/workdir/hadoop-ozone/integration-test/target/test-dir/MiniOzoneClusterImpl-b0e78f8e-0219-4c29-81a4-92a46718b188/datanode-3/data/ratis/13df34d5-3bdc-4032-857f-1c6f84b47cd9/sm/snapshot.1_13 time:36
2019-08-19 03:40:02,155 INFO  impl.StateMachineUpdater (StateMachineUpdater.java:lambda$new$0(80)) - StateMachineUpdater:fb94fa56-34bc-4ed4-976f-328d7d7f96e9:group-5CCD76D0AA69: snapshotIndex: updateIncreasingly -1 -> 14
2019-08-19 03:40:02,155 INFO  impl.StateMachineUpdater (StateMachineUpdater.java:takeSnapshot(242)) - StateMachineUpdater:2b8eb764-4144-40d1-9a1a-448d36cf7f55:group-1C6F84B47CD9: Took a snapshot at index 13
2019-08-19 03:40:02,156 INFO  impl.StateMachineUpdater (StateMachineUpdater.java:lambda$new$0(80)) - StateMachineUpdater:2b8eb764-4144-40d1-9a1a-448d36cf7f55:group-1C6F84B47CD9: snapshotIndex: updateIncreasingly -1 -> 13
2019-08-19 03:40:02,156 INFO  impl.RaftServerImpl (ServerState.java:close(394)) - fb94fa56-34bc-4ed4-976f-328d7d7f96e9:group-5CCD76D0AA69 closes. The last applied log index is 18
2019-08-19 03:40:02,156 INFO  impl.RaftServerImpl (ServerState.java:close(394)) - 2b8eb764-4144-40d1-9a1a-448d36cf7f55:group-1C6F84B47CD9 closes. The last applied log index is 15
2019-08-19 03:40:02,156 INFO  segmented.SegmentedRaftLogWorker (SegmentedRaftLogWorker.java:run(313)) - fb94fa56-34bc-4ed4-976f-328d7d7f96e9-SegmentedRaftLogWorker:Storage Directory /workdir/hadoop-ozone/integration-test/target/test-dir/MiniOzoneClusterImpl-b0e78f8e-0219-4c29-81a4-92a46718b188/datanode-2/data/ratis/2e9bd0f1-af17-4c1c-b5d8-5ccd76d0aa69 was interrupted, exiting. There are 0 tasks remaining in the queue.
2019-08-19 03:40:02,157 INFO  segmented.SegmentedRaftLogWorker (SegmentedRaftLogWorker.java:run(313)) - 2b8eb764-4144-40d1-9a1a-448d36cf7f55-SegmentedRaftLogWorker:Storage Directory /workdir/hadoop-ozone/integration-test/target/test-dir/MiniOzoneClusterImpl-b0e78f8e-0219-4c29-81a4-92a46718b188/datanode-3/data/ratis/13df34d5-3bdc-4032-857f-1c6f84b47cd9 was interrupted, exiting. There are 0 tasks remaining in the queue.
2019-08-19 03:40:02,161 INFO  segmented.SegmentedRaftLogWorker (SegmentedRaftLogWorker.java:close(228)) - fb94fa56-34bc-4ed4-976f-328d7d7f96e9-SegmentedRaftLogWorker:Storage Directory /workdir/hadoop-ozone/integration-test/target/test-dir/MiniOzoneClusterImpl-b0e78f8e-0219-4c29-81a4-92a46718b188/datanode-2/data/ratis/2e9bd0f1-af17-4c1c-b5d8-5ccd76d0aa69 close()
2019-08-19 03:40:02,161 INFO  segmented.SegmentedRaftLogWorker (SegmentedRaftLogWorker.java:close(228)) - 2b8eb764-4144-40d1-9a1a-448d36cf7f55-SegmentedRaftLogWorker:Storage Directory /workdir/hadoop-ozone/integration-test/target/test-dir/MiniOzoneClusterImpl-b0e78f8e-0219-4c29-81a4-92a46718b188/datanode-3/data/ratis/13df34d5-3bdc-4032-857f-1c6f84b47cd9 close()
2019-08-19 03:40:02,169 INFO  server.GrpcService (GrpcService.java:closeImpl(155)) - fb94fa56-34bc-4ed4-976f-328d7d7f96e9: shutdown server with port 45542 now
2019-08-19 03:40:02,171 INFO  server.GrpcService (GrpcService.java:closeImpl(155)) - 2b8eb764-4144-40d1-9a1a-448d36cf7f55: shutdown server with port 39341 now
2019-08-19 03:40:02,171 INFO  server.GrpcService (GrpcService.java:closeImpl(163)) - fb94fa56-34bc-4ed4-976f-328d7d7f96e9: shutdown server with port 45542 successfully
2019-08-19 03:40:02,172 INFO  server.GrpcService (GrpcService.java:closeImpl(163)) - 2b8eb764-4144-40d1-9a1a-448d36cf7f55: shutdown server with port 39341 successfully
2019-08-19 03:40:02,173 INFO  utils.BackgroundService (BackgroundService.java:shutdown(148)) - Shutting down service BlockDeletingService
2019-08-19 03:40:02,175 WARN  fs.CachingGetSpaceUsed (CachingGetSpaceUsed.java:run(183)) - Thread Interrupted waiting to refresh disk information: sleep interrupted
2019-08-19 03:40:02,176 INFO  utils.BackgroundService (BackgroundService.java:shutdown(148)) - Shutting down service BlockDeletingService
2019-08-19 03:40:02,179 WARN  fs.CachingGetSpaceUsed (CachingGetSpaceUsed.java:run(183)) - Thread Interrupted waiting to refresh disk information: sleep interrupted
2019-08-19 03:40:02,201 INFO  statemachine.DatanodeStateMachine (DatanodeStateMachine.java:stopDaemon(395)) - Ozone container server stopped.
2019-08-19 03:40:02,206 INFO  statemachine.DatanodeStateMachine (DatanodeStateMachine.java:stopDaemon(395)) - Ozone container server stopped.
2019-08-19 03:40:02,208 INFO  handler.ContextHandler (ContextHandler.java:doStop(910)) - Stopped o.e.j.w.WebAppContext@5295a774{/,null,UNAVAILABLE}{/hddsDatanode}
2019-08-19 03:40:02,209 INFO  handler.ContextHandler (ContextHandler.java:doStop(910)) - Stopped o.e.j.w.WebAppContext@4cdb7fd9{/,null,UNAVAILABLE}{/hddsDatanode}
2019-08-19 03:40:02,209 INFO  server.AbstractConnector (AbstractConnector.java:doStop(318)) - Stopped ServerConnector@3e09067{HTTP/1.1,[http/1.1]}{0.0.0.0:0}
2019-08-19 03:40:02,211 INFO  handler.ContextHandler (ContextHandler.java:doStop(910)) - Stopped o.e.j.s.ServletContextHandler@63541960{/static,jar:file:/home/user/.m2/repository/org/apache/hadoop/hadoop-hdds-container-service/0.4.1-SNAPSHOT/hadoop-hdds-container-service-0.4.1-SNAPSHOT.jar!/webapps/static,UNAVAILABLE}
2019-08-19 03:40:02,213 INFO  handler.ContextHandler (ContextHandler.java:doStop(910)) - Stopped o.e.j.s.ServletContextHandler@71eb4ea4{/logs,file:///workdir/hadoop-ozone/integration-test/target/log,UNAVAILABLE}
2019-08-19 03:40:02,213 INFO  server.AbstractConnector (AbstractConnector.java:doStop(318)) - Stopped ServerConnector@5d9639bb{HTTP/1.1,[http/1.1]}{0.0.0.0:0}
2019-08-19 03:40:02,213 INFO  handler.ContextHandler (ContextHandler.java:doStop(910)) - Stopped o.e.j.s.ServletContextHandler@490b8f1e{/static,jar:file:/home/user/.m2/repository/org/apache/hadoop/hadoop-hdds-container-service/0.4.1-SNAPSHOT/hadoop-hdds-container-service-0.4.1-SNAPSHOT.jar!/webapps/static,UNAVAILABLE}
2019-08-19 03:40:02,214 INFO  handler.ContextHandler (ContextHandler.java:doStop(910)) - Stopped o.e.j.s.ServletContextHandler@27b9d5b7{/logs,file:///workdir/hadoop-ozone/integration-test/target/log,UNAVAILABLE}
2019-08-19 03:40:02,214 INFO  datanode.ObjectStoreHandler (ObjectStoreHandler.java:close(155)) - Closing ObjectStoreHandler.
2019-08-19 03:40:02,215 INFO  ozone.HddsDatanodeService (HddsDatanodeService.java:stop(451)) - Stopped plug-in org.apache.hadoop.ozone.web.OzoneHddsDatanodeService@4a0e3bd
2019-08-19 03:40:02,215 INFO  datanode.ObjectStoreHandler (ObjectStoreHandler.java:close(155)) - Closing ObjectStoreHandler.
2019-08-19 03:40:02,216 INFO  ozone.HddsDatanodeService (HddsDatanodeService.java:stop(451)) - Stopped plug-in org.apache.hadoop.ozone.web.OzoneHddsDatanodeService@3bfbe2a6
2019-08-19 03:40:02,642 INFO  statemachine.DatanodeStateMachine (DatanodeStateMachine.java:lambda$startDaemon$0(350)) - Ozone container server started.
2019-08-19 03:40:02,658 INFO  statemachine.DatanodeStateMachine (DatanodeStateMachine.java:lambda$startDaemon$0(350)) - Ozone container server started.
2019-08-19 03:40:06,677 INFO  node.StaleNodeHandler (StaleNodeHandler.java:onMessage(58)) - Datanode fcd6f0a1-fd0b-4edc-9ce9-b56838030692{ip: 192.168.5.186, host: byscane-nightly-s779g-3358254982, networkLocation: /default-rack, certSerialId: null} moved to stale state. Finalizing its pipelines [PipelineID=821725b4-4e35-4584-ba09-09d4ff2a79ec]
2019-08-19 03:40:06,677 INFO  pipeline.SCMPipelineManager (SCMPipelineManager.java:finalizeAndDestroyPipeline(309)) - destroying pipeline:Pipeline[ Id: 821725b4-4e35-4584-ba09-09d4ff2a79ec, Nodes: fcd6f0a1-fd0b-4edc-9ce9-b56838030692{ip: 192.168.5.186, host: byscane-nightly-s779g-3358254982, networkLocation: /default-rack, certSerialId: null}, Type:RATIS, Factor:ONE, State:OPEN]
2019-08-19 03:40:06,678 INFO  pipeline.PipelineStateManager (PipelineStateManager.java:finalizePipeline(123)) - Pipeline Pipeline[ Id: 821725b4-4e35-4584-ba09-09d4ff2a79ec, Nodes: fcd6f0a1-fd0b-4edc-9ce9-b56838030692{ip: 192.168.5.186, host: byscane-nightly-s779g-3358254982, networkLocation: /default-rack, certSerialId: null}, Type:RATIS, Factor:ONE, State:CLOSED] moved to CLOSED state
2019-08-19 03:40:06,678 INFO  node.StaleNodeHandler (StaleNodeHandler.java:onMessage(58)) - Datanode b9a843f0-d5a2-4491-a126-6f9b1d559eae{ip: 192.168.5.186, host: byscane-nightly-s779g-3358254982, networkLocation: /default-rack, certSerialId: null} moved to stale state. Finalizing its pipelines [PipelineID=f64f3790-75ad-47e8-8a29-8e5ba55e8872, PipelineID=13df34d5-3bdc-4032-857f-1c6f84b47cd9]
2019-08-19 03:40:06,678 INFO  pipeline.SCMPipelineManager (SCMPipelineManager.java:finalizeAndDestroyPipeline(309)) - destroying pipeline:Pipeline[ Id: f64f3790-75ad-47e8-8a29-8e5ba55e8872, Nodes: b9a843f0-d5a2-4491-a126-6f9b1d559eae{ip: 192.168.5.186, host: byscane-nightly-s779g-3358254982, networkLocation: /default-rack, certSerialId: null}, Type:RATIS, Factor:ONE, State:OPEN]
2019-08-19 03:40:06,678 INFO  pipeline.PipelineStateManager (PipelineStateManager.java:finalizePipeline(123)) - Pipeline Pipeline[ Id: f64f3790-75ad-47e8-8a29-8e5ba55e8872, Nodes: b9a843f0-d5a2-4491-a126-6f9b1d559eae{ip: 192.168.5.186, host: byscane-nightly-s779g-3358254982, networkLocation: /default-rack, certSerialId: null}, Type:RATIS, Factor:ONE, State:CLOSED] moved to CLOSED state
2019-08-19 03:40:06,679 INFO  pipeline.SCMPipelineManager (SCMPipelineManager.java:finalizeAndDestroyPipeline(309)) - destroying pipeline:Pipeline[ Id: 13df34d5-3bdc-4032-857f-1c6f84b47cd9, Nodes: 2b8eb764-4144-40d1-9a1a-448d36cf7f55{ip: 192.168.5.186, host: byscane-nightly-s779g-3358254982, networkLocation: /default-rack, certSerialId: null}67c14123-fd6f-41fa-a960-6982b90314f2{ip: 192.168.5.186, host: byscane-nightly-s779g-3358254982, networkLocation: /default-rack, certSerialId: null}b9a843f0-d5a2-4491-a126-6f9b1d559eae{ip: 192.168.5.186, host: byscane-nightly-s779g-3358254982, networkLocation: /default-rack, certSerialId: null}, Type:RATIS, Factor:THREE, State:CLOSED]
2019-08-19 03:40:07,166 INFO  impl.FollowerState (FollowerState.java:run(106)) - b9a843f0-d5a2-4491-a126-6f9b1d559eae:group-1C6F84B47CD9 changes to CANDIDATE, lastRpcTime:5061, electionTimeout:5057ms
2019-08-19 03:40:07,166 INFO  impl.RoleInfo (RoleInfo.java:shutdownFollowerState(121)) - b9a843f0-d5a2-4491-a126-6f9b1d559eae: shutdown FollowerState
2019-08-19 03:40:07,166 INFO  impl.RaftServerImpl (RaftServerImpl.java:setRole(171)) - b9a843f0-d5a2-4491-a126-6f9b1d559eae:group-1C6F84B47CD9 changes role from FOLLOWER to CANDIDATE at term 2 for changeToCandidate
2019-08-19 03:40:07,166 INFO  impl.RoleInfo (RoleInfo.java:updateAndGet(143)) - b9a843f0-d5a2-4491-a126-6f9b1d559eae: start LeaderElection
2019-08-19 03:40:07,183 INFO  impl.LeaderElection (LeaderElection.java:askForVotes(181)) - b9a843f0-d5a2-4491-a126-6f9b1d559eae:group-1C6F84B47CD9:LeaderElection85: begin an election at term 3 for 0: [b9a843f0-d5a2-4491-a126-6f9b1d559eae:192.168.5.186:33888, 2b8eb764-4144-40d1-9a1a-448d36cf7f55:192.168.5.186:39341, 67c14123-fd6f-41fa-a960-6982b90314f2:192.168.5.186:34153], old=null
2019-08-19 03:40:07,186 INFO  impl.LeaderElection (LogUtils.java:infoOrTrace(149)) - b9a843f0-d5a2-4491-a126-6f9b1d559eae:group-1C6F84B47CD9:LeaderElection85 got exception when requesting votes: {}
java.util.concurrent.ExecutionException: org.apache.ratis.thirdparty.io.grpc.StatusRuntimeException: UNAVAILABLE: io exception
	at java.util.concurrent.FutureTask.report(FutureTask.java:122)
	at java.util.concurrent.FutureTask.get(FutureTask.java:192)
	at org.apache.ratis.server.impl.LeaderElection.waitForResults(LeaderElection.java:262)
	at org.apache.ratis.server.impl.LeaderElection.askForVotes(LeaderElection.java:200)
	at org.apache.ratis.server.impl.LeaderElection.run(LeaderElection.java:130)
	at java.lang.Thread.run(Thread.java:748)
Caused by: org.apache.ratis.thirdparty.io.grpc.StatusRuntimeException: UNAVAILABLE: io exception
	at org.apache.ratis.thirdparty.io.grpc.stub.ClientCalls.toStatusRuntimeException(ClientCalls.java:233)
	at org.apache.ratis.thirdparty.io.grpc.stub.ClientCalls.getUnchecked(ClientCalls.java:214)
	at org.apache.ratis.thirdparty.io.grpc.stub.ClientCalls.blockingUnaryCall(ClientCalls.java:139)
	at org.apache.ratis.proto.grpc.RaftServerProtocolServiceGrpc$RaftServerProtocolServiceBlockingStub.requestVote(RaftServerProtocolServiceGrpc.java:265)
	at org.apache.ratis.grpc.server.GrpcServerProtocolClient.requestVote(GrpcServerProtocolClient.java:83)
	at org.apache.ratis.grpc.server.GrpcService.requestVote(GrpcService.java:195)
	at org.apache.ratis.server.impl.LeaderElection.lambda$submitRequests$1(LeaderElection.java:237)
	at java.util.concurrent.FutureTask.run(FutureTask.java:266)
	at java.util.concurrent.Executors$RunnableAdapter.call(Executors.java:511)
	at java.util.concurrent.FutureTask.run(FutureTask.java:266)
	at java.util.concurrent.ThreadPoolExecutor.runWorker(ThreadPoolExecutor.java:1149)
	at java.util.concurrent.ThreadPoolExecutor$Worker.run(ThreadPoolExecutor.java:624)
	... 1 more
Caused by: org.apache.ratis.thirdparty.io.netty.channel.AbstractChannel$AnnotatedConnectException: Connection refused: /192.168.5.186:39341
	at sun.nio.ch.SocketChannelImpl.checkConnect(Native Method)
	at sun.nio.ch.SocketChannelImpl.finishConnect(SocketChannelImpl.java:717)
	at org.apache.ratis.thirdparty.io.netty.channel.socket.nio.NioSocketChannel.doFinishConnect(NioSocketChannel.java:327)
	at org.apache.ratis.thirdparty.io.netty.channel.nio.AbstractNioChannel$AbstractNioUnsafe.finishConnect(AbstractNioChannel.java:340)
	at org.apache.ratis.thirdparty.io.netty.channel.nio.NioEventLoop.processSelectedKey(NioEventLoop.java:632)
	at org.apache.ratis.thirdparty.io.netty.channel.nio.NioEventLoop.processSelectedKeysOptimized(NioEventLoop.java:579)
	at org.apache.ratis.thirdparty.io.netty.channel.nio.NioEventLoop.processSelectedKeys(NioEventLoop.java:496)
	at org.apache.ratis.thirdparty.io.netty.channel.nio.NioEventLoop.run(NioEventLoop.java:458)
	at org.apache.ratis.thirdparty.io.netty.util.concurrent.SingleThreadEventExecutor$5.run(SingleThreadEventExecutor.java:897)
	at org.apache.ratis.thirdparty.io.netty.util.concurrent.FastThreadLocalRunnable.run(FastThreadLocalRunnable.java:30)
	... 1 more
Caused by: java.net.ConnectException: Connection refused
	... 11 more
2019-08-19 03:40:07,188 INFO  impl.LeaderElection (LogUtils.java:infoOrTrace(149)) - b9a843f0-d5a2-4491-a126-6f9b1d559eae:group-1C6F84B47CD9:LeaderElection85 got exception when requesting votes: {}
java.util.concurrent.ExecutionException: org.apache.ratis.thirdparty.io.grpc.StatusRuntimeException: UNAVAILABLE: io exception
	at java.util.concurrent.FutureTask.report(FutureTask.java:122)
	at java.util.concurrent.FutureTask.get(FutureTask.java:192)
	at org.apache.ratis.server.impl.LeaderElection.waitForResults(LeaderElection.java:262)
	at org.apache.ratis.server.impl.LeaderElection.askForVotes(LeaderElection.java:200)
	at org.apache.ratis.server.impl.LeaderElection.run(LeaderElection.java:130)
	at java.lang.Thread.run(Thread.java:748)
Caused by: org.apache.ratis.thirdparty.io.grpc.StatusRuntimeException: UNAVAILABLE: io exception
	at org.apache.ratis.thirdparty.io.grpc.stub.ClientCalls.toStatusRuntimeException(ClientCalls.java:233)
	at org.apache.ratis.thirdparty.io.grpc.stub.ClientCalls.getUnchecked(ClientCalls.java:214)
	at org.apache.ratis.thirdparty.io.grpc.stub.ClientCalls.blockingUnaryCall(ClientCalls.java:139)
	at org.apache.ratis.proto.grpc.RaftServerProtocolServiceGrpc$RaftServerProtocolServiceBlockingStub.requestVote(RaftServerProtocolServiceGrpc.java:265)
	at org.apache.ratis.grpc.server.GrpcServerProtocolClient.requestVote(GrpcServerProtocolClient.java:83)
	at org.apache.ratis.grpc.server.GrpcService.requestVote(GrpcService.java:195)
	at org.apache.ratis.server.impl.LeaderElection.lambda$submitRequests$1(LeaderElection.java:237)
	at java.util.concurrent.FutureTask.run(FutureTask.java:266)
	at java.util.concurrent.Executors$RunnableAdapter.call(Executors.java:511)
	at java.util.concurrent.FutureTask.run(FutureTask.java:266)
	at java.util.concurrent.ThreadPoolExecutor.runWorker(ThreadPoolExecutor.java:1149)
	at java.util.concurrent.ThreadPoolExecutor$Worker.run(ThreadPoolExecutor.java:624)
	... 1 more
Caused by: org.apache.ratis.thirdparty.io.netty.channel.AbstractChannel$AnnotatedConnectException: Connection refused: /192.168.5.186:34153
	at sun.nio.ch.SocketChannelImpl.checkConnect(Native Method)
	at sun.nio.ch.SocketChannelImpl.finishConnect(SocketChannelImpl.java:717)
	at org.apache.ratis.thirdparty.io.netty.channel.socket.nio.NioSocketChannel.doFinishConnect(NioSocketChannel.java:327)
	at org.apache.ratis.thirdparty.io.netty.channel.nio.AbstractNioChannel$AbstractNioUnsafe.finishConnect(AbstractNioChannel.java:340)
	at org.apache.ratis.thirdparty.io.netty.channel.nio.NioEventLoop.processSelectedKey(NioEventLoop.java:632)
	at org.apache.ratis.thirdparty.io.netty.channel.nio.NioEventLoop.processSelectedKeysOptimized(NioEventLoop.java:579)
	at org.apache.ratis.thirdparty.io.netty.channel.nio.NioEventLoop.processSelectedKeys(NioEventLoop.java:496)
	at org.apache.ratis.thirdparty.io.netty.channel.nio.NioEventLoop.run(NioEventLoop.java:458)
	at org.apache.ratis.thirdparty.io.netty.util.concurrent.SingleThreadEventExecutor$5.run(SingleThreadEventExecutor.java:897)
	at org.apache.ratis.thirdparty.io.netty.util.concurrent.FastThreadLocalRunnable.run(FastThreadLocalRunnable.java:30)
	... 1 more
Caused by: java.net.ConnectException: Connection refused
	... 11 more
2019-08-19 03:40:07,190 INFO  impl.LeaderElection (LeaderElection.java:logAndReturn(56)) - b9a843f0-d5a2-4491-a126-6f9b1d559eae:group-1C6F84B47CD9:LeaderElection85: Election REJECTED; received 0 response(s) [] and 2 exception(s); b9a843f0-d5a2-4491-a126-6f9b1d559eae:t3, leader=null, voted=b9a843f0-d5a2-4491-a126-6f9b1d559eae, raftlog=b9a843f0-d5a2-4491-a126-6f9b1d559eae-SegmentedRaftLog:OPENED:c15,f15,i15, conf=0: [b9a843f0-d5a2-4491-a126-6f9b1d559eae:192.168.5.186:33888, 2b8eb764-4144-40d1-9a1a-448d36cf7f55:192.168.5.186:39341, 67c14123-fd6f-41fa-a960-6982b90314f2:192.168.5.186:34153], old=null
2019-08-19 03:40:07,190 INFO  impl.LeaderElection (LogUtils.java:infoOrTrace(149)) -   Exception 0: {}
java.util.concurrent.ExecutionException: org.apache.ratis.thirdparty.io.grpc.StatusRuntimeException: UNAVAILABLE: io exception
	at java.util.concurrent.FutureTask.report(FutureTask.java:122)
	at java.util.concurrent.FutureTask.get(FutureTask.java:192)
	at org.apache.ratis.server.impl.LeaderElection.waitForResults(LeaderElection.java:262)
	at org.apache.ratis.server.impl.LeaderElection.askForVotes(LeaderElection.java:200)
	at org.apache.ratis.server.impl.LeaderElection.run(LeaderElection.java:130)
	at java.lang.Thread.run(Thread.java:748)
Caused by: org.apache.ratis.thirdparty.io.grpc.StatusRuntimeException: UNAVAILABLE: io exception
	at org.apache.ratis.thirdparty.io.grpc.stub.ClientCalls.toStatusRuntimeException(ClientCalls.java:233)
	at org.apache.ratis.thirdparty.io.grpc.stub.ClientCalls.getUnchecked(ClientCalls.java:214)
	at org.apache.ratis.thirdparty.io.grpc.stub.ClientCalls.blockingUnaryCall(ClientCalls.java:139)
	at org.apache.ratis.proto.grpc.RaftServerProtocolServiceGrpc$RaftServerProtocolServiceBlockingStub.requestVote(RaftServerProtocolServiceGrpc.java:265)
	at org.apache.ratis.grpc.server.GrpcServerProtocolClient.requestVote(GrpcServerProtocolClient.java:83)
	at org.apache.ratis.grpc.server.GrpcService.requestVote(GrpcService.java:195)
	at org.apache.ratis.server.impl.LeaderElection.lambda$submitRequests$1(LeaderElection.java:237)
	at java.util.concurrent.FutureTask.run(FutureTask.java:266)
	at java.util.concurrent.Executors$RunnableAdapter.call(Executors.java:511)
	at java.util.concurrent.FutureTask.run(FutureTask.java:266)
	at java.util.concurrent.ThreadPoolExecutor.runWorker(ThreadPoolExecutor.java:1149)
	at java.util.concurrent.ThreadPoolExecutor$Worker.run(ThreadPoolExecutor.java:624)
	... 1 more
Caused by: org.apache.ratis.thirdparty.io.netty.channel.AbstractChannel$AnnotatedConnectException: Connection refused: /192.168.5.186:39341
	at sun.nio.ch.SocketChannelImpl.checkConnect(Native Method)
	at sun.nio.ch.SocketChannelImpl.finishConnect(SocketChannelImpl.java:717)
	at org.apache.ratis.thirdparty.io.netty.channel.socket.nio.NioSocketChannel.doFinishConnect(NioSocketChannel.java:327)
	at org.apache.ratis.thirdparty.io.netty.channel.nio.AbstractNioChannel$AbstractNioUnsafe.finishConnect(AbstractNioChannel.java:340)
	at org.apache.ratis.thirdparty.io.netty.channel.nio.NioEventLoop.processSelectedKey(NioEventLoop.java:632)
	at org.apache.ratis.thirdparty.io.netty.channel.nio.NioEventLoop.processSelectedKeysOptimized(NioEventLoop.java:579)
	at org.apache.ratis.thirdparty.io.netty.channel.nio.NioEventLoop.processSelectedKeys(NioEventLoop.java:496)
	at org.apache.ratis.thirdparty.io.netty.channel.nio.NioEventLoop.run(NioEventLoop.java:458)
	at org.apache.ratis.thirdparty.io.netty.util.concurrent.SingleThreadEventExecutor$5.run(SingleThreadEventExecutor.java:897)
	at org.apache.ratis.thirdparty.io.netty.util.concurrent.FastThreadLocalRunnable.run(FastThreadLocalRunnable.java:30)
	... 1 more
Caused by: java.net.ConnectException: Connection refused
	... 11 more
2019-08-19 03:40:07,190 INFO  impl.LeaderElection (LogUtils.java:infoOrTrace(149)) -   Exception 1: {}
java.util.concurrent.ExecutionException: org.apache.ratis.thirdparty.io.grpc.StatusRuntimeException: UNAVAILABLE: io exception
	at java.util.concurrent.FutureTask.report(FutureTask.java:122)
	at java.util.concurrent.FutureTask.get(FutureTask.java:192)
	at org.apache.ratis.server.impl.LeaderElection.waitForResults(LeaderElection.java:262)
	at org.apache.ratis.server.impl.LeaderElection.askForVotes(LeaderElection.java:200)
	at org.apache.ratis.server.impl.LeaderElection.run(LeaderElection.java:130)
	at java.lang.Thread.run(Thread.java:748)
Caused by: org.apache.ratis.thirdparty.io.grpc.StatusRuntimeException: UNAVAILABLE: io exception
	at org.apache.ratis.thirdparty.io.grpc.stub.ClientCalls.toStatusRuntimeException(ClientCalls.java:233)
	at org.apache.ratis.thirdparty.io.grpc.stub.ClientCalls.getUnchecked(ClientCalls.java:214)
	at org.apache.ratis.thirdparty.io.grpc.stub.ClientCalls.blockingUnaryCall(ClientCalls.java:139)
	at org.apache.ratis.proto.grpc.RaftServerProtocolServiceGrpc$RaftServerProtocolServiceBlockingStub.requestVote(RaftServerProtocolServiceGrpc.java:265)
	at org.apache.ratis.grpc.server.GrpcServerProtocolClient.requestVote(GrpcServerProtocolClient.java:83)
	at org.apache.ratis.grpc.server.GrpcService.requestVote(GrpcService.java:195)
	at org.apache.ratis.server.impl.LeaderElection.lambda$submitRequests$1(LeaderElection.java:237)
	at java.util.concurrent.FutureTask.run(FutureTask.java:266)
	at java.util.concurrent.Executors$RunnableAdapter.call(Executors.java:511)
	at java.util.concurrent.FutureTask.run(FutureTask.java:266)
	at java.util.concurrent.ThreadPoolExecutor.runWorker(ThreadPoolExecutor.java:1149)
	at java.util.concurrent.ThreadPoolExecutor$Worker.run(ThreadPoolExecutor.java:624)
	... 1 more
Caused by: org.apache.ratis.thirdparty.io.netty.channel.AbstractChannel$AnnotatedConnectException: Connection refused: /192.168.5.186:34153
	at sun.nio.ch.SocketChannelImpl.checkConnect(Native Method)
	at sun.nio.ch.SocketChannelImpl.finishConnect(SocketChannelImpl.java:717)
	at org.apache.ratis.thirdparty.io.netty.channel.socket.nio.NioSocketChannel.doFinishConnect(NioSocketChannel.java:327)
	at org.apache.ratis.thirdparty.io.netty.channel.nio.AbstractNioChannel$AbstractNioUnsafe.finishConnect(AbstractNioChannel.java:340)
	at org.apache.ratis.thirdparty.io.netty.channel.nio.NioEventLoop.processSelectedKey(NioEventLoop.java:632)
	at org.apache.ratis.thirdparty.io.netty.channel.nio.NioEventLoop.processSelectedKeysOptimized(NioEventLoop.java:579)
	at org.apache.ratis.thirdparty.io.netty.channel.nio.NioEventLoop.processSelectedKeys(NioEventLoop.java:496)
	at org.apache.ratis.thirdparty.io.netty.channel.nio.NioEventLoop.run(NioEventLoop.java:458)
	at org.apache.ratis.thirdparty.io.netty.util.concurrent.SingleThreadEventExecutor$5.run(SingleThreadEventExecutor.java:897)
	at org.apache.ratis.thirdparty.io.netty.util.concurrent.FastThreadLocalRunnable.run(FastThreadLocalRunnable.java:30)
	... 1 more
Caused by: java.net.ConnectException: Connection refused
	... 11 more
2019-08-19 03:40:07,190 INFO  impl.RaftServerImpl (RaftServerImpl.java:setRole(171)) - b9a843f0-d5a2-4491-a126-6f9b1d559eae:group-1C6F84B47CD9 changes role from CANDIDATE to FOLLOWER at term 3 for DISCOVERED_A_NEW_TERM
2019-08-19 03:40:07,191 INFO  impl.RoleInfo (RoleInfo.java:shutdownLeaderElection(134)) - b9a843f0-d5a2-4491-a126-6f9b1d559eae: shutdown LeaderElection
2019-08-19 03:40:07,191 INFO  impl.RoleInfo (RoleInfo.java:updateAndGet(143)) - b9a843f0-d5a2-4491-a126-6f9b1d559eae: start FollowerState
2019-08-19 03:40:07,215 INFO  ozoneimpl.OzoneContainer (OzoneContainer.java:stop(199)) - Attempting to stop container services.
2019-08-19 03:40:07,216 INFO  impl.RaftServerProxy (RaftServerProxy.java:lambda$close$4(314)) - fcd6f0a1-fd0b-4edc-9ce9-b56838030692: close
2019-08-19 03:40:07,216 INFO  ozoneimpl.OzoneContainer (OzoneContainer.java:stop(199)) - Attempting to stop container services.
2019-08-19 03:40:07,217 INFO  impl.RaftServerProxy (RaftServerProxy.java:lambda$close$4(314)) - b9a843f0-d5a2-4491-a126-6f9b1d559eae: close
2019-08-19 03:40:07,217 INFO  impl.RaftServerImpl (RaftServerImpl.java:lambda$shutdown$3(245)) - fcd6f0a1-fd0b-4edc-9ce9-b56838030692: shutdown group-09D4FF2A79EC
2019-08-19 03:40:07,217 INFO  impl.RaftServerImpl (RaftServerImpl.java:lambda$shutdown$3(245)) - b9a843f0-d5a2-4491-a126-6f9b1d559eae: shutdown group-8E5BA55E8872
2019-08-19 03:40:07,218 INFO  util.JmxRegister (JmxRegister.java:unregister(73)) - Successfully un-registered JMX Bean with object name Ratis:service=RaftServer,group=group-09D4FF2A79EC,id=fcd6f0a1-fd0b-4edc-9ce9-b56838030692
2019-08-19 03:40:07,218 INFO  util.JmxRegister (JmxRegister.java:unregister(73)) - Successfully un-registered JMX Bean with object name Ratis:service=RaftServer,group=group-8E5BA55E8872,id=b9a843f0-d5a2-4491-a126-6f9b1d559eae
2019-08-19 03:40:07,218 INFO  impl.RoleInfo (RoleInfo.java:shutdownLeaderState(104)) - fcd6f0a1-fd0b-4edc-9ce9-b56838030692: shutdown LeaderState
2019-08-19 03:40:07,219 INFO  impl.RoleInfo (RoleInfo.java:shutdownLeaderState(104)) - b9a843f0-d5a2-4491-a126-6f9b1d559eae: shutdown LeaderState
2019-08-19 03:40:07,219 INFO  impl.PendingRequests (PendingRequests.java:sendNotLeaderResponses(202)) - fcd6f0a1-fd0b-4edc-9ce9-b56838030692-PendingRequests: sendNotLeaderResponses
2019-08-19 03:40:07,220 INFO  impl.PendingRequests (PendingRequests.java:sendNotLeaderResponses(202)) - b9a843f0-d5a2-4491-a126-6f9b1d559eae-PendingRequests: sendNotLeaderResponses
2019-08-19 03:40:07,220 INFO  impl.StateMachineUpdater (StateMachineUpdater.java:stopAndJoin(115)) - StateMachineUpdater:fcd6f0a1-fd0b-4edc-9ce9-b56838030692:group-09D4FF2A79EC: set stopIndex = 0
2019-08-19 03:40:07,220 INFO  impl.StateMachineUpdater (StateMachineUpdater.java:stopAndJoin(115)) - StateMachineUpdater:b9a843f0-d5a2-4491-a126-6f9b1d559eae:group-8E5BA55E8872: set stopIndex = 0
2019-08-19 03:40:07,221 INFO  impl.RaftServerImpl (ServerState.java:close(394)) - b9a843f0-d5a2-4491-a126-6f9b1d559eae:group-8E5BA55E8872 closes. The last applied log index is 0
2019-08-19 03:40:07,221 INFO  impl.RaftServerImpl (ServerState.java:close(394)) - fcd6f0a1-fd0b-4edc-9ce9-b56838030692:group-09D4FF2A79EC closes. The last applied log index is 0
2019-08-19 03:40:07,222 INFO  segmented.SegmentedRaftLogWorker (SegmentedRaftLogWorker.java:run(313)) - b9a843f0-d5a2-4491-a126-6f9b1d559eae-SegmentedRaftLogWorker:Storage Directory /workdir/hadoop-ozone/integration-test/target/test-dir/MiniOzoneClusterImpl-b0e78f8e-0219-4c29-81a4-92a46718b188/datanode-5/data/ratis/f64f3790-75ad-47e8-8a29-8e5ba55e8872 was interrupted, exiting. There are 0 tasks remaining in the queue.
2019-08-19 03:40:07,222 INFO  segmented.SegmentedRaftLogWorker (SegmentedRaftLogWorker.java:run(313)) - fcd6f0a1-fd0b-4edc-9ce9-b56838030692-SegmentedRaftLogWorker:Storage Directory /workdir/hadoop-ozone/integration-test/target/test-dir/MiniOzoneClusterImpl-b0e78f8e-0219-4c29-81a4-92a46718b188/datanode-6/data/ratis/821725b4-4e35-4584-ba09-09d4ff2a79ec was interrupted, exiting. There are 0 tasks remaining in the queue.
2019-08-19 03:40:07,222 INFO  segmented.SegmentedRaftLogWorker (SegmentedRaftLogWorker.java:close(228)) - b9a843f0-d5a2-4491-a126-6f9b1d559eae-SegmentedRaftLogWorker:Storage Directory /workdir/hadoop-ozone/integration-test/target/test-dir/MiniOzoneClusterImpl-b0e78f8e-0219-4c29-81a4-92a46718b188/datanode-5/data/ratis/f64f3790-75ad-47e8-8a29-8e5ba55e8872 close()
2019-08-19 03:40:07,222 INFO  segmented.SegmentedRaftLogWorker (SegmentedRaftLogWorker.java:close(228)) - fcd6f0a1-fd0b-4edc-9ce9-b56838030692-SegmentedRaftLogWorker:Storage Directory /workdir/hadoop-ozone/integration-test/target/test-dir/MiniOzoneClusterImpl-b0e78f8e-0219-4c29-81a4-92a46718b188/datanode-6/data/ratis/821725b4-4e35-4584-ba09-09d4ff2a79ec close()
2019-08-19 03:40:07,224 INFO  impl.RaftServerImpl (RaftServerImpl.java:lambda$shutdown$3(245)) - b9a843f0-d5a2-4491-a126-6f9b1d559eae: shutdown group-1C6F84B47CD9
2019-08-19 03:40:07,225 INFO  server.GrpcService (GrpcService.java:closeImpl(155)) - fcd6f0a1-fd0b-4edc-9ce9-b56838030692: shutdown server with port 41229 now
2019-08-19 03:40:07,226 INFO  util.JmxRegister (JmxRegister.java:unregister(73)) - Successfully un-registered JMX Bean with object name Ratis:service=RaftServer,group=group-1C6F84B47CD9,id=b9a843f0-d5a2-4491-a126-6f9b1d559eae
2019-08-19 03:40:07,226 INFO  server.GrpcService (GrpcService.java:closeImpl(163)) - fcd6f0a1-fd0b-4edc-9ce9-b56838030692: shutdown server with port 41229 successfully
2019-08-19 03:40:07,226 INFO  impl.RoleInfo (RoleInfo.java:shutdownFollowerState(121)) - b9a843f0-d5a2-4491-a126-6f9b1d559eae: shutdown FollowerState
2019-08-19 03:40:07,227 INFO  impl.StateMachineUpdater (StateMachineUpdater.java:stopAndJoin(115)) - StateMachineUpdater:b9a843f0-d5a2-4491-a126-6f9b1d559eae:group-1C6F84B47CD9: set stopIndex = 15
2019-08-19 03:40:07,227 INFO  ratis.ContainerStateMachine (ContainerStateMachine.java:takeSnapshot(262)) - group-1C6F84B47CD9: Taking a snapshot at:(t:1, i:13) file /workdir/hadoop-ozone/integration-test/target/test-dir/MiniOzoneClusterImpl-b0e78f8e-0219-4c29-81a4-92a46718b188/datanode-5/data/ratis/13df34d5-3bdc-4032-857f-1c6f84b47cd9/sm/snapshot.1_13
2019-08-19 03:40:07,227 INFO  impl.FollowerState (FollowerState.java:run(114)) - b9a843f0-d5a2-4491-a126-6f9b1d559eae: FollowerState was interrupted: java.lang.InterruptedException: sleep interrupted
2019-08-19 03:40:07,236 INFO  utils.BackgroundService (BackgroundService.java:shutdown(148)) - Shutting down service BlockDeletingService
2019-08-19 03:40:07,239 WARN  fs.CachingGetSpaceUsed (CachingGetSpaceUsed.java:run(183)) - Thread Interrupted waiting to refresh disk information: sleep interrupted
2019-08-19 03:40:07,248 INFO  ratis.ContainerStateMachine (ContainerStateMachine.java:takeSnapshot(273)) - group-1C6F84B47CD9: Finished taking a snapshot at:(t:1, i:13) file:/workdir/hadoop-ozone/integration-test/target/test-dir/MiniOzoneClusterImpl-b0e78f8e-0219-4c29-81a4-92a46718b188/datanode-5/data/ratis/13df34d5-3bdc-4032-857f-1c6f84b47cd9/sm/snapshot.1_13 time:21
2019-08-19 03:40:07,248 INFO  impl.StateMachineUpdater (StateMachineUpdater.java:takeSnapshot(242)) - StateMachineUpdater:b9a843f0-d5a2-4491-a126-6f9b1d559eae:group-1C6F84B47CD9: Took a snapshot at index 13
2019-08-19 03:40:07,248 INFO  impl.StateMachineUpdater (StateMachineUpdater.java:lambda$new$0(80)) - StateMachineUpdater:b9a843f0-d5a2-4491-a126-6f9b1d559eae:group-1C6F84B47CD9: snapshotIndex: updateIncreasingly -1 -> 13
2019-08-19 03:40:07,248 INFO  impl.RaftServerImpl (ServerState.java:close(394)) - b9a843f0-d5a2-4491-a126-6f9b1d559eae:group-1C6F84B47CD9 closes. The last applied log index is 15
2019-08-19 03:40:07,249 INFO  segmented.SegmentedRaftLogWorker (SegmentedRaftLogWorker.java:run(313)) - b9a843f0-d5a2-4491-a126-6f9b1d559eae-SegmentedRaftLogWorker:Storage Directory /workdir/hadoop-ozone/integration-test/target/test-dir/MiniOzoneClusterImpl-b0e78f8e-0219-4c29-81a4-92a46718b188/datanode-5/data/ratis/13df34d5-3bdc-4032-857f-1c6f84b47cd9 was interrupted, exiting. There are 0 tasks remaining in the queue.
2019-08-19 03:40:07,249 INFO  segmented.SegmentedRaftLogWorker (SegmentedRaftLogWorker.java:close(228)) - b9a843f0-d5a2-4491-a126-6f9b1d559eae-SegmentedRaftLogWorker:Storage Directory /workdir/hadoop-ozone/integration-test/target/test-dir/MiniOzoneClusterImpl-b0e78f8e-0219-4c29-81a4-92a46718b188/datanode-5/data/ratis/13df34d5-3bdc-4032-857f-1c6f84b47cd9 close()
2019-08-19 03:40:07,251 INFO  server.GrpcService (GrpcService.java:closeImpl(155)) - b9a843f0-d5a2-4491-a126-6f9b1d559eae: shutdown server with port 33888 now
2019-08-19 03:40:07,251 INFO  server.GrpcService (GrpcService.java:closeImpl(163)) - b9a843f0-d5a2-4491-a126-6f9b1d559eae: shutdown server with port 33888 successfully
2019-08-19 03:40:07,253 INFO  utils.BackgroundService (BackgroundService.java:shutdown(148)) - Shutting down service BlockDeletingService
2019-08-19 03:40:07,255 WARN  fs.CachingGetSpaceUsed (CachingGetSpaceUsed.java:run(183)) - Thread Interrupted waiting to refresh disk information: sleep interrupted
2019-08-19 03:40:07,259 INFO  statemachine.DatanodeStateMachine (DatanodeStateMachine.java:stopDaemon(395)) - Ozone container server stopped.
2019-08-19 03:40:07,262 INFO  handler.ContextHandler (ContextHandler.java:doStop(910)) - Stopped o.e.j.w.WebAppContext@1e82b631{/,null,UNAVAILABLE}{/hddsDatanode}
2019-08-19 03:40:07,264 INFO  server.AbstractConnector (AbstractConnector.java:doStop(318)) - Stopped ServerConnector@42c2a1da{HTTP/1.1,[http/1.1]}{0.0.0.0:0}
2019-08-19 03:40:07,265 INFO  handler.ContextHandler (ContextHandler.java:doStop(910)) - Stopped o.e.j.s.ServletContextHandler@6ca9f1d0{/static,jar:file:/home/user/.m2/repository/org/apache/hadoop/hadoop-hdds-container-service/0.4.1-SNAPSHOT/hadoop-hdds-container-service-0.4.1-SNAPSHOT.jar!/webapps/static,UNAVAILABLE}
2019-08-19 03:40:07,266 INFO  handler.ContextHandler (ContextHandler.java:doStop(910)) - Stopped o.e.j.s.ServletContextHandler@6bd2c51d{/logs,file:///workdir/hadoop-ozone/integration-test/target/log,UNAVAILABLE}
2019-08-19 03:40:07,282 INFO  statemachine.DatanodeStateMachine (DatanodeStateMachine.java:stopDaemon(395)) - Ozone container server stopped.
2019-08-19 03:40:07,283 INFO  handler.ContextHandler (ContextHandler.java:doStop(910)) - Stopped o.e.j.w.WebAppContext@6cf633eb{/,null,UNAVAILABLE}{/hddsDatanode}
2019-08-19 03:40:07,284 INFO  server.AbstractConnector (AbstractConnector.java:doStop(318)) - Stopped ServerConnector@4de14c58{HTTP/1.1,[http/1.1]}{0.0.0.0:0}
2019-08-19 03:40:07,284 INFO  handler.ContextHandler (ContextHandler.java:doStop(910)) - Stopped o.e.j.s.ServletContextHandler@569d7074{/static,jar:file:/home/user/.m2/repository/org/apache/hadoop/hadoop-hdds-container-service/0.4.1-SNAPSHOT/hadoop-hdds-container-service-0.4.1-SNAPSHOT.jar!/webapps/static,UNAVAILABLE}
2019-08-19 03:40:07,284 INFO  handler.ContextHandler (ContextHandler.java:doStop(910)) - Stopped o.e.j.s.ServletContextHandler@664c411d{/logs,file:///workdir/hadoop-ozone/integration-test/target/log,UNAVAILABLE}
2019-08-19 03:40:07,285 INFO  ozone.MiniOzoneClusterImpl (MiniOzoneClusterImpl.java:stop(353)) - Stopping the StorageContainerManager
2019-08-19 03:40:07,285 INFO  server.StorageContainerManager (StorageContainerManager.java:stop(797)) - Stopping Replication Manager Service.
2019-08-19 03:40:07,286 INFO  container.ReplicationManager (ReplicationManager.java:stop(193)) - Stopping Replication Monitor Thread.
2019-08-19 03:40:07,286 INFO  server.StorageContainerManager (StorageContainerManager.java:stop(804)) - Stopping Lease Manager of the command watchers
2019-08-19 03:40:07,286 INFO  server.StorageContainerManager (StorageContainerManager.java:stop(811)) - Stopping datanode service RPC server
2019-08-19 03:40:07,286 INFO  server.SCMDatanodeProtocolServer (SCMDatanodeProtocolServer.java:stop(367)) - Stopping the RPC server for DataNodes
2019-08-19 03:40:07,286 INFO  ipc.Server (Server.java:stop(3082)) - Stopping server on 43320
2019-08-19 03:40:07,288 INFO  ipc.Server (Server.java:run(1185)) - Stopping IPC Server listener on 43320
2019-08-19 03:40:07,289 INFO  ipc.Server (Server.java:run(1319)) - Stopping IPC Server Responder
2019-08-19 03:40:07,378 WARN  node.NodeStateManager (NodeStateManager.java:scheduleNextHealthCheck(646)) - Current Thread is interrupted, shutting down HB processing thread for Node Manager.
2019-08-19 03:40:07,378 INFO  server.StorageContainerManager (StorageContainerManager.java:stop(819)) - Stopping block service RPC server
2019-08-19 03:40:07,379 INFO  server.SCMBlockProtocolServer (SCMBlockProtocolServer.java:stop(148)) - Stopping the RPC server for Block Protocol
2019-08-19 03:40:07,379 INFO  ipc.Server (Server.java:stop(3082)) - Stopping server on 43856
2019-08-19 03:40:07,381 INFO  ipc.Server (Server.java:run(1185)) - Stopping IPC Server listener on 43856
2019-08-19 03:40:07,381 INFO  server.StorageContainerManager (StorageContainerManager.java:stop(826)) - Stopping the StorageContainerLocationProtocol RPC server
2019-08-19 03:40:07,382 INFO  server.SCMClientProtocolServer (SCMClientProtocolServer.java:stop(159)) - Stopping the RPC server for Client Protocol
2019-08-19 03:40:07,383 INFO  ipc.Server (Server.java:stop(3082)) - Stopping server on 41393
2019-08-19 03:40:07,382 INFO  ipc.Server (Server.java:run(1319)) - Stopping IPC Server Responder
2019-08-19 03:40:07,385 INFO  server.StorageContainerManager (StorageContainerManager.java:stop(833)) - Stopping Storage Container Manager HTTP server.
2019-08-19 03:40:07,385 INFO  ipc.Server (Server.java:run(1185)) - Stopping IPC Server listener on 41393
2019-08-19 03:40:07,385 INFO  ipc.Server (Server.java:run(1319)) - Stopping IPC Server Responder
2019-08-19 03:40:07,386 INFO  handler.ContextHandler (ContextHandler.java:doStop(910)) - Stopped o.e.j.w.WebAppContext@12faeada{/,null,UNAVAILABLE}{/scm}
2019-08-19 03:40:07,387 INFO  server.AbstractConnector (AbstractConnector.java:doStop(318)) - Stopped ServerConnector@73a5cc47{HTTP/1.1,[http/1.1]}{0.0.0.0:0}
2019-08-19 03:40:07,388 INFO  handler.ContextHandler (ContextHandler.java:doStop(910)) - Stopped o.e.j.s.ServletContextHandler@65a7bc80{/static,file:///workdir/hadoop-ozone/integration-test/target/test-classes/webapps/static,UNAVAILABLE}
2019-08-19 03:40:07,388 INFO  handler.ContextHandler (ContextHandler.java:doStop(910)) - Stopped o.e.j.s.ServletContextHandler@52984065{/logs,file:///workdir/hadoop-ozone/integration-test/target/log,UNAVAILABLE}
2019-08-19 03:40:07,389 INFO  server.StorageContainerManager (StorageContainerManager.java:stop(844)) - Stopping Block Manager Service.
2019-08-19 03:40:07,389 INFO  utils.BackgroundService (BackgroundService.java:shutdown(148)) - Shutting down service SCMBlockDeletingService
2019-08-19 03:40:07,390 INFO  utils.BackgroundService (BackgroundService.java:shutdown(148)) - Shutting down service SCMBlockDeletingService
2019-08-19 03:40:07,391 INFO  server.StorageContainerManager (StorageContainerManager.java:stop(866)) - Stopping SCM Event Queue.
2019-08-19 03:40:07,396 INFO  impl.MetricsSystemImpl (MetricsSystemImpl.java:stop(210)) - Stopping HddsDatanode metrics system...
2019-08-19 03:40:07,409 INFO  impl.MetricsSystemImpl (MetricsSystemImpl.java:stop(216)) - HddsDatanode metrics system stopped.
]]></system-out>
    <system-err><![CDATA[Aug 19, 2019 3:39:26 AM com.sun.jersey.server.impl.application.WebApplicationImpl _initiate
INFO: Initiating Jersey application, version 'Jersey: 1.19 02/11/2015 03:25 AM'
Aug 19, 2019 3:39:26 AM com.sun.jersey.server.impl.application.WebApplicationImpl _initiate
INFO: Initiating Jersey application, version 'Jersey: 1.19 02/11/2015 03:25 AM'
Aug 19, 2019 3:39:26 AM com.sun.jersey.server.impl.application.WebApplicationImpl _initiate
INFO: Initiating Jersey application, version 'Jersey: 1.19 02/11/2015 03:25 AM'
Aug 19, 2019 3:39:26 AM com.sun.jersey.server.impl.application.WebApplicationImpl _initiate
INFO: Initiating Jersey application, version 'Jersey: 1.19 02/11/2015 03:25 AM'
Aug 19, 2019 3:39:27 AM com.sun.jersey.server.impl.application.WebApplicationImpl _initiate
INFO: Initiating Jersey application, version 'Jersey: 1.19 02/11/2015 03:25 AM'
Aug 19, 2019 3:39:27 AM com.sun.jersey.server.impl.application.WebApplicationImpl _initiate
INFO: Initiating Jersey application, version 'Jersey: 1.19 02/11/2015 03:25 AM'
Aug 19, 2019 3:39:27 AM com.sun.jersey.server.impl.application.WebApplicationImpl _initiate
INFO: Initiating Jersey application, version 'Jersey: 1.19 02/11/2015 03:25 AM'
Aug 19, 2019 3:39:30 AM org.apache.ratis.thirdparty.io.grpc.internal.ManagedChannelOrphanWrapper$ManagedChannelReference cleanQueue
SEVERE: *~*~*~ Channel ManagedChannelImpl{logId=2720, target=192.168.5.186:39194} was not shutdown properly!!! ~*~*~*
    Make sure to call shutdown()/shutdownNow() and wait until awaitTermination() returns true.
java.lang.RuntimeException: ManagedChannel allocation site
	at org.apache.ratis.thirdparty.io.grpc.internal.ManagedChannelOrphanWrapper$ManagedChannelReference.<init>(ManagedChannelOrphanWrapper.java:103)
	at org.apache.ratis.thirdparty.io.grpc.internal.ManagedChannelOrphanWrapper.<init>(ManagedChannelOrphanWrapper.java:53)
	at org.apache.ratis.thirdparty.io.grpc.internal.ManagedChannelOrphanWrapper.<init>(ManagedChannelOrphanWrapper.java:44)
	at org.apache.ratis.thirdparty.io.grpc.internal.AbstractManagedChannelImplBuilder.build(AbstractManagedChannelImplBuilder.java:411)
	at org.apache.ratis.grpc.client.GrpcClientProtocolClient.<init>(GrpcClientProtocolClient.java:119)
	at org.apache.ratis.grpc.client.GrpcClientRpc.lambda$new$0(GrpcClientRpc.java:55)
	at org.apache.ratis.util.PeerProxyMap$PeerAndProxy.lambda$getProxy$0(PeerProxyMap.java:61)
	at org.apache.ratis.util.LifeCycle.startAndTransition(LifeCycle.java:202)
	at org.apache.ratis.util.PeerProxyMap$PeerAndProxy.getProxy(PeerProxyMap.java:60)
	at org.apache.ratis.util.PeerProxyMap.getProxy(PeerProxyMap.java:107)
	at org.apache.ratis.grpc.client.GrpcClientRpc.sendRequestAsync(GrpcClientRpc.java:66)
	at org.apache.ratis.client.impl.OrderedAsync.sendRequest(OrderedAsync.java:208)
	at org.apache.ratis.client.impl.OrderedAsync.sendRequestWithRetry(OrderedAsync.java:169)
	at org.apache.ratis.util.SlidingWindow$Client.sendOrDelayRequest(SlidingWindow.java:278)
	at org.apache.ratis.util.SlidingWindow$Client.retry(SlidingWindow.java:294)
	at org.apache.ratis.client.impl.OrderedAsync.lambda$scheduleWithTimeout$7(OrderedAsync.java:195)
	at org.apache.ratis.util.TimeoutScheduler.lambda$onTimeout$0(TimeoutScheduler.java:85)
	at org.apache.ratis.util.TimeoutScheduler.lambda$onTimeout$1(TimeoutScheduler.java:104)
	at org.apache.ratis.util.LogUtils.runAndLog(LogUtils.java:50)
	at org.apache.ratis.util.LogUtils$1.run(LogUtils.java:91)
	at java.util.concurrent.Executors$RunnableAdapter.call(Executors.java:511)
	at java.util.concurrent.FutureTask.run(FutureTask.java:266)
	at java.util.concurrent.ScheduledThreadPoolExecutor$ScheduledFutureTask.access$201(ScheduledThreadPoolExecutor.java:180)
	at java.util.concurrent.ScheduledThreadPoolExecutor$ScheduledFutureTask.run(ScheduledThreadPoolExecutor.java:293)
	at java.util.concurrent.ThreadPoolExecutor.runWorker(ThreadPoolExecutor.java:1149)
	at java.util.concurrent.ThreadPoolExecutor$Worker.run(ThreadPoolExecutor.java:624)
	at java.lang.Thread.run(Thread.java:748)

Aug 19, 2019 3:39:30 AM org.apache.ratis.thirdparty.io.grpc.internal.ManagedChannelOrphanWrapper$ManagedChannelReference cleanQueue
SEVERE: *~*~*~ Channel ManagedChannelImpl{logId=2735, target=192.168.5.186:40233} was not shutdown properly!!! ~*~*~*
    Make sure to call shutdown()/shutdownNow() and wait until awaitTermination() returns true.
java.lang.RuntimeException: ManagedChannel allocation site
	at org.apache.ratis.thirdparty.io.grpc.internal.ManagedChannelOrphanWrapper$ManagedChannelReference.<init>(ManagedChannelOrphanWrapper.java:103)
	at org.apache.ratis.thirdparty.io.grpc.internal.ManagedChannelOrphanWrapper.<init>(ManagedChannelOrphanWrapper.java:53)
	at org.apache.ratis.thirdparty.io.grpc.internal.ManagedChannelOrphanWrapper.<init>(ManagedChannelOrphanWrapper.java:44)
	at org.apache.ratis.thirdparty.io.grpc.internal.AbstractManagedChannelImplBuilder.build(AbstractManagedChannelImplBuilder.java:411)
	at org.apache.hadoop.hdds.scm.XceiverClientGrpc.connectToDatanode(XceiverClientGrpc.java:174)
	at org.apache.hadoop.hdds.scm.XceiverClientGrpc.reconnect(XceiverClientGrpc.java:422)
	at org.apache.hadoop.hdds.scm.XceiverClientGrpc.sendCommandAsync(XceiverClientGrpc.java:371)
	at org.apache.hadoop.hdds.scm.XceiverClientGrpc.sendCommandWithRetry(XceiverClientGrpc.java:284)
	at org.apache.hadoop.hdds.scm.XceiverClientGrpc.sendCommandWithTraceIDAndRetry(XceiverClientGrpc.java:250)
	at org.apache.hadoop.hdds.scm.XceiverClientGrpc.sendCommand(XceiverClientGrpc.java:233)
	at org.apache.hadoop.hdds.scm.storage.ContainerProtocolCalls.getBlock(ContainerProtocolCalls.java:118)
	at org.apache.hadoop.hdds.scm.storage.BlockInputStream.getChunkInfos(BlockInputStream.java:167)
	at org.apache.hadoop.hdds.scm.storage.BlockInputStream.initialize(BlockInputStream.java:118)
	at org.apache.hadoop.hdds.scm.storage.BlockInputStream.read(BlockInputStream.java:222)
	at org.apache.hadoop.ozone.client.io.KeyInputStream.read(KeyInputStream.java:171)
	at org.apache.hadoop.ozone.client.io.OzoneInputStream.read(OzoneInputStream.java:47)
	at java.io.InputStream.read(InputStream.java:101)
	at org.apache.hadoop.ozone.container.ContainerTestHelper.validateData(ContainerTestHelper.java:709)
	at org.apache.hadoop.ozone.client.rpc.TestBlockOutputStreamWithFailures.validateData(TestBlockOutputStreamWithFailures.java:1216)
	at org.apache.hadoop.ozone.client.rpc.TestBlockOutputStreamWithFailures.testWatchForCommitWithSingleNodeRatis(TestBlockOutputStreamWithFailures.java:918)
	at sun.reflect.NativeMethodAccessorImpl.invoke0(Native Method)
	at sun.reflect.NativeMethodAccessorImpl.invoke(NativeMethodAccessorImpl.java:62)
	at sun.reflect.DelegatingMethodAccessorImpl.invoke(DelegatingMethodAccessorImpl.java:43)
	at java.lang.reflect.Method.invoke(Method.java:498)
	at org.junit.runners.model.FrameworkMethod$1.runReflectiveCall(FrameworkMethod.java:47)
	at org.junit.internal.runners.model.ReflectiveCallable.run(ReflectiveCallable.java:12)
	at org.junit.runners.model.FrameworkMethod.invokeExplosively(FrameworkMethod.java:44)
	at org.junit.internal.runners.statements.InvokeMethod.evaluate(InvokeMethod.java:17)
	at org.junit.internal.runners.statements.RunBefores.evaluate(RunBefores.java:26)
	at org.junit.internal.runners.statements.RunAfters.evaluate(RunAfters.java:27)
	at org.junit.runners.ParentRunner.runLeaf(ParentRunner.java:271)
	at org.junit.runners.BlockJUnit4ClassRunner.runChild(BlockJUnit4ClassRunner.java:70)
	at org.junit.runners.BlockJUnit4ClassRunner.runChild(BlockJUnit4ClassRunner.java:50)
	at org.junit.runners.ParentRunner$3.run(ParentRunner.java:238)
	at org.junit.runners.ParentRunner$1.schedule(ParentRunner.java:63)
	at org.junit.runners.ParentRunner.runChildren(ParentRunner.java:236)
	at org.junit.runners.ParentRunner.access$000(ParentRunner.java:53)
	at org.junit.runners.ParentRunner$2.evaluate(ParentRunner.java:229)
	at org.junit.runners.ParentRunner.run(ParentRunner.java:309)
	at org.apache.maven.surefire.junit4.JUnit4Provider.execute(JUnit4Provider.java:365)
	at org.apache.maven.surefire.junit4.JUnit4Provider.executeWithRerun(JUnit4Provider.java:273)
	at org.apache.maven.surefire.junit4.JUnit4Provider.executeTestSet(JUnit4Provider.java:238)
	at org.apache.maven.surefire.junit4.JUnit4Provider.invoke(JUnit4Provider.java:159)
	at org.apache.maven.surefire.booter.ForkedBooter.invokeProviderInSameClassLoader(ForkedBooter.java:384)
	at org.apache.maven.surefire.booter.ForkedBooter.runSuitesInProcess(ForkedBooter.java:345)
	at org.apache.maven.surefire.booter.ForkedBooter.execute(ForkedBooter.java:126)
	at org.apache.maven.surefire.booter.ForkedBooter.main(ForkedBooter.java:418)

Aug 19, 2019 3:39:30 AM org.apache.ratis.thirdparty.io.grpc.internal.ManagedChannelOrphanWrapper$ManagedChannelReference cleanQueue
SEVERE: *~*~*~ Channel ManagedChannelImpl{logId=2725, target=192.168.5.186:32987} was not shutdown properly!!! ~*~*~*
    Make sure to call shutdown()/shutdownNow() and wait until awaitTermination() returns true.
java.lang.RuntimeException: ManagedChannel allocation site
	at org.apache.ratis.thirdparty.io.grpc.internal.ManagedChannelOrphanWrapper$ManagedChannelReference.<init>(ManagedChannelOrphanWrapper.java:103)
	at org.apache.ratis.thirdparty.io.grpc.internal.ManagedChannelOrphanWrapper.<init>(ManagedChannelOrphanWrapper.java:53)
	at org.apache.ratis.thirdparty.io.grpc.internal.ManagedChannelOrphanWrapper.<init>(ManagedChannelOrphanWrapper.java:44)
	at org.apache.ratis.thirdparty.io.grpc.internal.AbstractManagedChannelImplBuilder.build(AbstractManagedChannelImplBuilder.java:411)
	at org.apache.ratis.grpc.client.GrpcClientProtocolClient.<init>(GrpcClientProtocolClient.java:119)
	at org.apache.ratis.grpc.client.GrpcClientRpc.lambda$new$0(GrpcClientRpc.java:55)
	at org.apache.ratis.util.PeerProxyMap$PeerAndProxy.lambda$getProxy$0(PeerProxyMap.java:61)
	at org.apache.ratis.util.LifeCycle.startAndTransition(LifeCycle.java:202)
	at org.apache.ratis.util.PeerProxyMap$PeerAndProxy.getProxy(PeerProxyMap.java:60)
	at org.apache.ratis.util.PeerProxyMap.getProxy(PeerProxyMap.java:107)
	at org.apache.ratis.grpc.client.GrpcClientRpc.sendRequestAsync(GrpcClientRpc.java:66)
	at org.apache.ratis.client.impl.OrderedAsync.sendRequest(OrderedAsync.java:208)
	at org.apache.ratis.client.impl.OrderedAsync.sendRequestWithRetry(OrderedAsync.java:169)
	at org.apache.ratis.util.SlidingWindow$Client.sendOrDelayRequest(SlidingWindow.java:278)
	at org.apache.ratis.util.SlidingWindow$Client.submitNewRequest(SlidingWindow.java:257)
	at org.apache.ratis.client.impl.OrderedAsync.send(OrderedAsync.java:155)
	at org.apache.ratis.client.impl.RaftClientImpl.sendAsync(RaftClientImpl.java:145)
	at org.apache.ratis.client.impl.RaftClientImpl.sendAsync(RaftClientImpl.java:125)
	at org.apache.hadoop.hdds.scm.XceiverClientRatis.sendRequestAsync(XceiverClientRatis.java:224)
	at org.apache.hadoop.hdds.scm.XceiverClientRatis.sendCommandAsync(XceiverClientRatis.java:302)
	at org.apache.hadoop.hdds.scm.storage.ContainerProtocolCalls.writeChunkAsync(ContainerProtocolCalls.java:310)
	at org.apache.hadoop.hdds.scm.storage.BlockOutputStream.writeChunkToContainer(BlockOutputStream.java:601)
	at org.apache.hadoop.hdds.scm.storage.BlockOutputStream.writeChunk(BlockOutputStream.java:459)
	at org.apache.hadoop.hdds.scm.storage.BlockOutputStream.writeOnRetry(BlockOutputStream.java:285)
	at org.apache.hadoop.ozone.client.io.BlockOutputStreamEntry.writeOnRetry(BlockOutputStreamEntry.java:200)
	at org.apache.hadoop.ozone.client.io.KeyOutputStream.handleWrite(KeyOutputStream.java:209)
	at org.apache.hadoop.ozone.client.io.KeyOutputStream.handleRetry(KeyOutputStream.java:376)
	at org.apache.hadoop.ozone.client.io.KeyOutputStream.handleException(KeyOutputStream.java:325)
	at org.apache.hadoop.ozone.client.io.KeyOutputStream.handleFlushOrClose(KeyOutputStream.java:448)
	at org.apache.hadoop.ozone.client.io.KeyOutputStream.handleWrite(KeyOutputStream.java:235)
	at org.apache.hadoop.ozone.client.io.KeyOutputStream.write(KeyOutputStream.java:193)
	at org.apache.hadoop.ozone.client.io.OzoneOutputStream.write(OzoneOutputStream.java:49)
	at java.io.OutputStream.write(OutputStream.java:75)
	at org.apache.hadoop.ozone.client.rpc.TestBlockOutputStreamWithFailures.testWatchForCommitWithSingleNodeRatis(TestBlockOutputStreamWithFailures.java:885)
	at sun.reflect.NativeMethodAccessorImpl.invoke0(Native Method)
	at sun.reflect.NativeMethodAccessorImpl.invoke(NativeMethodAccessorImpl.java:62)
	at sun.reflect.DelegatingMethodAccessorImpl.invoke(DelegatingMethodAccessorImpl.java:43)
	at java.lang.reflect.Method.invoke(Method.java:498)
	at org.junit.runners.model.FrameworkMethod$1.runReflectiveCall(FrameworkMethod.java:47)
	at org.junit.internal.runners.model.ReflectiveCallable.run(ReflectiveCallable.java:12)
	at org.junit.runners.model.FrameworkMethod.invokeExplosively(FrameworkMethod.java:44)
	at org.junit.internal.runners.statements.InvokeMethod.evaluate(InvokeMethod.java:17)
	at org.junit.internal.runners.statements.RunBefores.evaluate(RunBefores.java:26)
	at org.junit.internal.runners.statements.RunAfters.evaluate(RunAfters.java:27)
	at org.junit.runners.ParentRunner.runLeaf(ParentRunner.java:271)
	at org.junit.runners.BlockJUnit4ClassRunner.runChild(BlockJUnit4ClassRunner.java:70)
	at org.junit.runners.BlockJUnit4ClassRunner.runChild(BlockJUnit4ClassRunner.java:50)
	at org.junit.runners.ParentRunner$3.run(ParentRunner.java:238)
	at org.junit.runners.ParentRunner$1.schedule(ParentRunner.java:63)
	at org.junit.runners.ParentRunner.runChildren(ParentRunner.java:236)
	at org.junit.runners.ParentRunner.access$000(ParentRunner.java:53)
	at org.junit.runners.ParentRunner$2.evaluate(ParentRunner.java:229)
	at org.junit.runners.ParentRunner.run(ParentRunner.java:309)
	at org.apache.maven.surefire.junit4.JUnit4Provider.execute(JUnit4Provider.java:365)
	at org.apache.maven.surefire.junit4.JUnit4Provider.executeWithRerun(JUnit4Provider.java:273)
	at org.apache.maven.surefire.junit4.JUnit4Provider.executeTestSet(JUnit4Provider.java:238)
	at org.apache.maven.surefire.junit4.JUnit4Provider.invoke(JUnit4Provider.java:159)
	at org.apache.maven.surefire.booter.ForkedBooter.invokeProviderInSameClassLoader(ForkedBooter.java:384)
	at org.apache.maven.surefire.booter.ForkedBooter.runSuitesInProcess(ForkedBooter.java:345)
	at org.apache.maven.surefire.booter.ForkedBooter.execute(ForkedBooter.java:126)
	at org.apache.maven.surefire.booter.ForkedBooter.main(ForkedBooter.java:418)

Aug 19, 2019 3:39:30 AM org.apache.ratis.thirdparty.io.grpc.internal.ManagedChannelOrphanWrapper$ManagedChannelReference cleanQueue
SEVERE: *~*~*~ Channel ManagedChannelImpl{logId=2730, target=192.168.5.186:39247} was not shutdown properly!!! ~*~*~*
    Make sure to call shutdown()/shutdownNow() and wait until awaitTermination() returns true.
java.lang.RuntimeException: ManagedChannel allocation site
	at org.apache.ratis.thirdparty.io.grpc.internal.ManagedChannelOrphanWrapper$ManagedChannelReference.<init>(ManagedChannelOrphanWrapper.java:103)
	at org.apache.ratis.thirdparty.io.grpc.internal.ManagedChannelOrphanWrapper.<init>(ManagedChannelOrphanWrapper.java:53)
	at org.apache.ratis.thirdparty.io.grpc.internal.ManagedChannelOrphanWrapper.<init>(ManagedChannelOrphanWrapper.java:44)
	at org.apache.ratis.thirdparty.io.grpc.internal.AbstractManagedChannelImplBuilder.build(AbstractManagedChannelImplBuilder.java:411)
	at org.apache.hadoop.hdds.scm.XceiverClientGrpc.connectToDatanode(XceiverClientGrpc.java:174)
	at org.apache.hadoop.hdds.scm.XceiverClientGrpc.reconnect(XceiverClientGrpc.java:422)
	at org.apache.hadoop.hdds.scm.XceiverClientGrpc.sendCommandAsync(XceiverClientGrpc.java:371)
	at org.apache.hadoop.hdds.scm.XceiverClientGrpc.sendCommandWithRetry(XceiverClientGrpc.java:284)
	at org.apache.hadoop.hdds.scm.XceiverClientGrpc.sendCommandWithTraceIDAndRetry(XceiverClientGrpc.java:250)
	at org.apache.hadoop.hdds.scm.XceiverClientGrpc.sendCommand(XceiverClientGrpc.java:233)
	at org.apache.hadoop.hdds.scm.storage.ContainerProtocolCalls.getBlock(ContainerProtocolCalls.java:118)
	at org.apache.hadoop.hdds.scm.storage.BlockInputStream.getChunkInfos(BlockInputStream.java:167)
	at org.apache.hadoop.hdds.scm.storage.BlockInputStream.initialize(BlockInputStream.java:118)
	at org.apache.hadoop.hdds.scm.storage.BlockInputStream.read(BlockInputStream.java:222)
	at org.apache.hadoop.ozone.client.io.KeyInputStream.read(KeyInputStream.java:171)
	at org.apache.hadoop.ozone.client.io.OzoneInputStream.read(OzoneInputStream.java:47)
	at java.io.InputStream.read(InputStream.java:101)
	at org.apache.hadoop.ozone.container.ContainerTestHelper.validateData(ContainerTestHelper.java:709)
	at org.apache.hadoop.ozone.client.rpc.TestBlockOutputStreamWithFailures.validateData(TestBlockOutputStreamWithFailures.java:1216)
	at org.apache.hadoop.ozone.client.rpc.TestBlockOutputStreamWithFailures.testWatchForCommitWithSingleNodeRatis(TestBlockOutputStreamWithFailures.java:918)
	at sun.reflect.NativeMethodAccessorImpl.invoke0(Native Method)
	at sun.reflect.NativeMethodAccessorImpl.invoke(NativeMethodAccessorImpl.java:62)
	at sun.reflect.DelegatingMethodAccessorImpl.invoke(DelegatingMethodAccessorImpl.java:43)
	at java.lang.reflect.Method.invoke(Method.java:498)
	at org.junit.runners.model.FrameworkMethod$1.runReflectiveCall(FrameworkMethod.java:47)
	at org.junit.internal.runners.model.ReflectiveCallable.run(ReflectiveCallable.java:12)
	at org.junit.runners.model.FrameworkMethod.invokeExplosively(FrameworkMethod.java:44)
	at org.junit.internal.runners.statements.InvokeMethod.evaluate(InvokeMethod.java:17)
	at org.junit.internal.runners.statements.RunBefores.evaluate(RunBefores.java:26)
	at org.junit.internal.runners.statements.RunAfters.evaluate(RunAfters.java:27)
	at org.junit.runners.ParentRunner.runLeaf(ParentRunner.java:271)
	at org.junit.runners.BlockJUnit4ClassRunner.runChild(BlockJUnit4ClassRunner.java:70)
	at org.junit.runners.BlockJUnit4ClassRunner.runChild(BlockJUnit4ClassRunner.java:50)
	at org.junit.runners.ParentRunner$3.run(ParentRunner.java:238)
	at org.junit.runners.ParentRunner$1.schedule(ParentRunner.java:63)
	at org.junit.runners.ParentRunner.runChildren(ParentRunner.java:236)
	at org.junit.runners.ParentRunner.access$000(ParentRunner.java:53)
	at org.junit.runners.ParentRunner$2.evaluate(ParentRunner.java:229)
	at org.junit.runners.ParentRunner.run(ParentRunner.java:309)
	at org.apache.maven.surefire.junit4.JUnit4Provider.execute(JUnit4Provider.java:365)
	at org.apache.maven.surefire.junit4.JUnit4Provider.executeWithRerun(JUnit4Provider.java:273)
	at org.apache.maven.surefire.junit4.JUnit4Provider.executeTestSet(JUnit4Provider.java:238)
	at org.apache.maven.surefire.junit4.JUnit4Provider.invoke(JUnit4Provider.java:159)
	at org.apache.maven.surefire.booter.ForkedBooter.invokeProviderInSameClassLoader(ForkedBooter.java:384)
	at org.apache.maven.surefire.booter.ForkedBooter.runSuitesInProcess(ForkedBooter.java:345)
	at org.apache.maven.surefire.booter.ForkedBooter.execute(ForkedBooter.java:126)
	at org.apache.maven.surefire.booter.ForkedBooter.main(ForkedBooter.java:418)

]]></system-err>
  </testcase>
  <testcase name="testFailureWithPrimeSizedData" classname="org.apache.hadoop.ozone.client.rpc.TestBlockOutputStreamWithFailures" time="35.062"/>
  <testcase name="testWatchForCommitWithCloseContainerException" classname="org.apache.hadoop.ozone.client.rpc.TestBlockOutputStreamWithFailures" time="34.587"/>
  <testcase name="testExceptionDuringClose" classname="org.apache.hadoop.ozone.client.rpc.TestBlockOutputStreamWithFailures" time="34.942"/>
</testsuite>