<?xml version="1.0" encoding="UTF-8"?>
<testsuite xmlns:xsi="http://www.w3.org/2001/XMLSchema-instance" xsi:noNamespaceSchemaLocation="https://maven.apache.org/surefire/maven-surefire-plugin/xsd/surefire-test-report.xsd" name="org.apache.hadoop.ozone.client.rpc.TestBlockOutputStreamWithFailures" time="768.822" tests="8" errors="0" skipped="0" failures="1">
  <properties>
    <property name="awt.toolkit" value="sun.awt.X11.XToolkit"/>
    <property name="file.encoding.pkg" value="sun.io"/>
    <property name="java.specification.version" value="1.8"/>
    <property name="sun.cpu.isalist" value=""/>
    <property name="sun.jnu.encoding" value="UTF-8"/>
    <property name="java.class.path" value="/workdir/hadoop-ozone/integration-test/target/test-classes:/workdir/hadoop-ozone/integration-test/target/classes:/home/user/.m2/repository/org/apache/hadoop/hadoop-ozone-common/0.5.0-SNAPSHOT/hadoop-ozone-common-0.5.0-SNAPSHOT.jar:/home/user/.m2/repository/org/apache/commons/commons-compress/1.4.1/commons-compress-1.4.1.jar:/home/user/.m2/repository/org/tukaani/xz/1.0/xz-1.0.jar:/home/user/.m2/repository/org/apache/hadoop/hadoop-common/3.2.0/hadoop-common-3.2.0.jar:/home/user/.m2/repository/org/apache/hadoop/hadoop-hdfs/3.2.0/hadoop-hdfs-3.2.0.jar:/home/user/.m2/repository/org/apache/hadoop/hadoop-hdfs-client/3.2.0/hadoop-hdfs-client-3.2.0.jar:/home/user/.m2/repository/com/fasterxml/jackson/core/jackson-annotations/2.9.5/jackson-annotations-2.9.5.jar:/home/user/.m2/repository/org/apache/hadoop/hadoop-hdds-common/0.5.0-SNAPSHOT/hadoop-hdds-common-0.5.0-SNAPSHOT.jar:/home/user/.m2/repository/javax/annotation/javax.annotation-api/1.2/javax.annotation-api-1.2.jar:/home/user/.m2/repository/org/apache/ratis/ratis-server/0.4.0-2337318-SNAPSHOT/ratis-server-0.4.0-2337318-SNAPSHOT.jar:/home/user/.m2/repository/org/apache/ratis/ratis-thirdparty-misc/0.2.0/ratis-thirdparty-misc-0.2.0.jar:/home/user/.m2/repository/org/apache/ratis/ratis-proto/0.4.0-2337318-SNAPSHOT/ratis-proto-0.4.0-2337318-SNAPSHOT.jar:/home/user/.m2/repository/org/apache/ratis/ratis-common/0.4.0-2337318-SNAPSHOT/ratis-common-0.4.0-2337318-SNAPSHOT.jar:/home/user/.m2/repository/org/apache/ratis/ratis-client/0.4.0-2337318-SNAPSHOT/ratis-client-0.4.0-2337318-SNAPSHOT.jar:/home/user/.m2/repository/org/apache/ratis/ratis-metrics/0.4.0-2337318-SNAPSHOT/ratis-metrics-0.4.0-2337318-SNAPSHOT.jar:/home/user/.m2/repository/org/apache/ratis/ratis-netty/0.4.0-2337318-SNAPSHOT/ratis-netty-0.4.0-2337318-SNAPSHOT.jar:/home/user/.m2/repository/org/apache/ratis/ratis-grpc/0.4.0-2337318-SNAPSHOT/ratis-grpc-0.4.0-2337318-SNAPSHOT.jar:/home/user/.m2/repository/org/rocksdb/rocksdbjni/6.0.1/rocksdbjni-6.0.1.jar:/home/user/.m2/repository/org/apache/logging/log4j/log4j-api/2.11.0/log4j-api-2.11.0.jar:/home/user/.m2/repository/org/apache/logging/log4j/log4j-core/2.11.0/log4j-core-2.11.0.jar:/home/user/.m2/repository/com/lmax/disruptor/3.4.2/disruptor-3.4.2.jar:/home/user/.m2/repository/org/apache/commons/commons-pool2/2.6.0/commons-pool2-2.6.0.jar:/home/user/.m2/repository/org/bouncycastle/bcpkix-jdk15on/1.60/bcpkix-jdk15on-1.60.jar:/home/user/.m2/repository/commons-validator/commons-validator/1.6/commons-validator-1.6.jar:/home/user/.m2/repository/commons-digester/commons-digester/1.8.1/commons-digester-1.8.1.jar:/home/user/.m2/repository/io/jaegertracing/jaeger-client/0.33.1/jaeger-client-0.33.1.jar:/home/user/.m2/repository/io/jaegertracing/jaeger-thrift/0.33.1/jaeger-thrift-0.33.1.jar:/home/user/.m2/repository/org/apache/thrift/libthrift/0.11.0/libthrift-0.11.0.jar:/home/user/.m2/repository/com/squareup/okhttp3/okhttp/3.9.0/okhttp-3.9.0.jar:/home/user/.m2/repository/com/squareup/okio/okio/1.13.0/okio-1.13.0.jar:/home/user/.m2/repository/io/jaegertracing/jaeger-core/0.33.1/jaeger-core-0.33.1.jar:/home/user/.m2/repository/io/jaegertracing/jaeger-tracerresolver/0.33.1/jaeger-tracerresolver-0.33.1.jar:/home/user/.m2/repository/io/opentracing/contrib/opentracing-tracerresolver/0.1.5/opentracing-tracerresolver-0.1.5.jar:/home/user/.m2/repository/io/opentracing/opentracing-util/0.31.0/opentracing-util-0.31.0.jar:/home/user/.m2/repository/io/opentracing/opentracing-api/0.31.0/opentracing-api-0.31.0.jar:/home/user/.m2/repository/io/opentracing/opentracing-noop/0.31.0/opentracing-noop-0.31.0.jar:/home/user/.m2/repository/org/apache/hadoop/hadoop-hdds-server-framework/0.5.0-SNAPSHOT/hadoop-hdds-server-framework-0.5.0-SNAPSHOT.jar:/home/user/.m2/repository/org/apache/hadoop/hadoop-hdds-container-service/0.5.0-SNAPSHOT/hadoop-hdds-container-service-0.5.0-SNAPSHOT.jar:/home/user/.m2/repository/org/apache/hadoop/hadoop-hdds-client/0.5.0-SNAPSHOT/hadoop-hdds-client-0.5.0-SNAPSHOT.jar:/home/user/.m2/repository/org/apache/hadoop/hadoop-hdds-tools/0.5.0-SNAPSHOT/hadoop-hdds-tools-0.5.0-SNAPSHOT.jar:/home/user/.m2/repository/org/apache/hadoop/hadoop-hdds-server-scm/0.5.0-SNAPSHOT/hadoop-hdds-server-scm-0.5.0-SNAPSHOT.jar:/home/user/.m2/repository/org/apache/hadoop/hadoop-hdds-docs/0.5.0-SNAPSHOT/hadoop-hdds-docs-0.5.0-SNAPSHOT.jar:/home/user/.m2/repository/io/dropwizard/metrics/metrics-core/3.2.4/metrics-core-3.2.4.jar:/home/user/.m2/repository/org/hamcrest/hamcrest-all/1.3/hamcrest-all-1.3.jar:/home/user/.m2/repository/org/bouncycastle/bcprov-jdk15on/1.60/bcprov-jdk15on-1.60.jar:/home/user/.m2/repository/info/picocli/picocli/3.9.6/picocli-3.9.6.jar:/home/user/.m2/repository/com/google/protobuf/protobuf-java/2.5.0/protobuf-java-2.5.0.jar:/home/user/.m2/repository/com/google/guava/guava/11.0.2/guava-11.0.2.jar:/home/user/.m2/repository/org/apache/hadoop/hadoop-ozone-ozone-manager/0.5.0-SNAPSHOT/hadoop-ozone-ozone-manager-0.5.0-SNAPSHOT.jar:/home/user/.m2/repository/org/apache/hadoop/hadoop-minikdc/3.2.0/hadoop-minikdc-3.2.0.jar:/home/user/.m2/repository/commons-io/commons-io/2.5/commons-io-2.5.jar:/home/user/.m2/repository/org/apache/kerby/kerb-simplekdc/1.0.1/kerb-simplekdc-1.0.1.jar:/home/user/.m2/repository/org/apache/kerby/kerb-client/1.0.1/kerb-client-1.0.1.jar:/home/user/.m2/repository/org/apache/kerby/kerby-config/1.0.1/kerby-config-1.0.1.jar:/home/user/.m2/repository/org/apache/kerby/kerb-core/1.0.1/kerb-core-1.0.1.jar:/home/user/.m2/repository/org/apache/kerby/kerby-pkix/1.0.1/kerby-pkix-1.0.1.jar:/home/user/.m2/repository/org/apache/kerby/kerby-asn1/1.0.1/kerby-asn1-1.0.1.jar:/home/user/.m2/repository/org/apache/kerby/kerby-util/1.0.1/kerby-util-1.0.1.jar:/home/user/.m2/repository/org/apache/kerby/kerb-common/1.0.1/kerb-common-1.0.1.jar:/home/user/.m2/repository/org/apache/kerby/kerb-crypto/1.0.1/kerb-crypto-1.0.1.jar:/home/user/.m2/repository/org/apache/kerby/kerb-util/1.0.1/kerb-util-1.0.1.jar:/home/user/.m2/repository/org/apache/kerby/token-provider/1.0.1/token-provider-1.0.1.jar:/home/user/.m2/repository/org/apache/kerby/kerb-admin/1.0.1/kerb-admin-1.0.1.jar:/home/user/.m2/repository/org/apache/kerby/kerb-server/1.0.1/kerb-server-1.0.1.jar:/home/user/.m2/repository/org/apache/kerby/kerb-identity/1.0.1/kerb-identity-1.0.1.jar:/home/user/.m2/repository/org/apache/kerby/kerby-xdr/1.0.1/kerby-xdr-1.0.1.jar:/home/user/.m2/repository/org/slf4j/slf4j-log4j12/1.7.25/slf4j-log4j12-1.7.25.jar:/home/user/.m2/repository/org/apache/hadoop/hadoop-ozone-objectstore-service/0.5.0-SNAPSHOT/hadoop-ozone-objectstore-service-0.5.0-SNAPSHOT.jar:/home/user/.m2/repository/org/apache/hadoop/hadoop-ozone-s3gateway/0.5.0-SNAPSHOT/hadoop-ozone-s3gateway-0.5.0-SNAPSHOT.jar:/home/user/.m2/repository/org/jboss/weld/servlet/weld-servlet/2.4.7.Final/weld-servlet-2.4.7.Final.jar:/home/user/.m2/repository/org/glassfish/jersey/containers/jersey-container-servlet-core/2.27/jersey-container-servlet-core-2.27.jar:/home/user/.m2/repository/org/glassfish/hk2/external/javax.inject/2.5.0-b42/javax.inject-2.5.0-b42.jar:/home/user/.m2/repository/org/glassfish/jersey/core/jersey-common/2.27/jersey-common-2.27.jar:/home/user/.m2/repository/org/glassfish/hk2/osgi-resource-locator/1.0.1/osgi-resource-locator-1.0.1.jar:/home/user/.m2/repository/javax/ws/rs/javax.ws.rs-api/2.1/javax.ws.rs-api-2.1.jar:/home/user/.m2/repository/org/glassfish/jersey/ext/cdi/jersey-cdi1x/2.27/jersey-cdi1x-2.27.jar:/home/user/.m2/repository/org/glassfish/jersey/inject/jersey-hk2/2.27/jersey-hk2-2.27.jar:/home/user/.m2/repository/org/glassfish/hk2/hk2-locator/2.5.0-b42/hk2-locator-2.5.0-b42.jar:/home/user/.m2/repository/org/javassist/javassist/3.22.0-CR2/javassist-3.22.0-CR2.jar:/home/user/.m2/repository/org/glassfish/hk2/hk2-api/2.5.0/hk2-api-2.5.0.jar:/home/user/.m2/repository/org/glassfish/hk2/external/jakarta.inject/2.5.0/jakarta.inject-2.5.0.jar:/home/user/.m2/repository/org/glassfish/hk2/hk2-utils/2.5.0/hk2-utils-2.5.0.jar:/home/user/.m2/repository/jakarta/annotation/jakarta.annotation-api/1.3.4/jakarta.annotation-api-1.3.4.jar:/home/user/.m2/repository/org/glassfish/hk2/external/aopalliance-repackaged/2.5.0/aopalliance-repackaged-2.5.0.jar:/home/user/.m2/repository/com/fasterxml/jackson/dataformat/jackson-dataformat-xml/2.9.0/jackson-dataformat-xml-2.9.0.jar:/home/user/.m2/repository/com/fasterxml/jackson/core/jackson-core/2.9.5/jackson-core-2.9.5.jar:/home/user/.m2/repository/com/fasterxml/jackson/module/jackson-module-jaxb-annotations/2.9.5/jackson-module-jaxb-annotations-2.9.5.jar:/home/user/.m2/repository/javax/enterprise/cdi-api/1.2/cdi-api-1.2.jar:/home/user/.m2/repository/javax/el/javax.el-api/3.0.0/javax.el-api-3.0.0.jar:/home/user/.m2/repository/javax/interceptor/javax.interceptor-api/1.2/javax.interceptor-api-1.2.jar:/home/user/.m2/repository/javax/inject/javax.inject/1/javax.inject-1.jar:/home/user/.m2/repository/com/sun/xml/bind/jaxb-impl/2.3.0.1/jaxb-impl-2.3.0.1.jar:/home/user/.m2/repository/com/sun/xml/bind/jaxb-core/2.3.0.1/jaxb-core-2.3.0.1.jar:/home/user/.m2/repository/javax/xml/bind/jaxb-api/2.3.0/jaxb-api-2.3.0.jar:/home/user/.m2/repository/javax/activation/activation/1.1.1/activation-1.1.1.jar:/home/user/.m2/repository/org/apache/hadoop/hadoop-ozone-csi/0.5.0-SNAPSHOT/hadoop-ozone-csi-0.5.0-SNAPSHOT.jar:/home/user/.m2/repository/com/google/protobuf/protobuf-java-util/3.5.1/protobuf-java-util-3.5.1.jar:/home/user/.m2/repository/org/apache/hadoop/hadoop-hdds-config/0.5.0-SNAPSHOT/hadoop-hdds-config-0.5.0-SNAPSHOT.jar:/home/user/.m2/repository/io/grpc/grpc-netty/1.17.1/grpc-netty-1.17.1.jar:/home/user/.m2/repository/io/grpc/grpc-core/1.17.1/grpc-core-1.17.1.jar:/home/user/.m2/repository/io/grpc/grpc-context/1.17.1/grpc-context-1.17.1.jar:/home/user/.m2/repository/com/google/errorprone/error_prone_annotations/2.2.0/error_prone_annotations-2.2.0.jar:/home/user/.m2/repository/org/codehaus/mojo/animal-sniffer-annotations/1.17/animal-sniffer-annotations-1.17.jar:/home/user/.m2/repository/io/opencensus/opencensus-api/0.17.0/opencensus-api-0.17.0.jar:/home/user/.m2/repository/io/opencensus/opencensus-contrib-grpc-metrics/0.17.0/opencensus-contrib-grpc-metrics-0.17.0.jar:/home/user/.m2/repository/io/netty/netty-codec-http2/4.1.30.Final/netty-codec-http2-4.1.30.Final.jar:/home/user/.m2/repository/io/netty/netty-codec-http/4.1.30.Final/netty-codec-http-4.1.30.Final.jar:/home/user/.m2/repository/io/netty/netty-codec/4.1.30.Final/netty-codec-4.1.30.Final.jar:/home/user/.m2/repository/io/netty/netty-handler/4.1.30.Final/netty-handler-4.1.30.Final.jar:/home/user/.m2/repository/io/netty/netty-handler-proxy/4.1.30.Final/netty-handler-proxy-4.1.30.Final.jar:/home/user/.m2/repository/io/netty/netty-codec-socks/4.1.30.Final/netty-codec-socks-4.1.30.Final.jar:/home/user/.m2/repository/io/netty/netty-transport-native-epoll/4.1.30.Final/netty-transport-native-epoll-4.1.30.Final.jar:/home/user/.m2/repository/io/netty/netty-common/4.1.30.Final/netty-common-4.1.30.Final.jar:/home/user/.m2/repository/io/netty/netty-buffer/4.1.30.Final/netty-buffer-4.1.30.Final.jar:/home/user/.m2/repository/io/netty/netty-transport/4.1.30.Final/netty-transport-4.1.30.Final.jar:/home/user/.m2/repository/io/netty/netty-resolver/4.1.30.Final/netty-resolver-4.1.30.Final.jar:/home/user/.m2/repository/io/netty/netty-transport-native-unix-common/4.1.30.Final/netty-transport-native-unix-common-4.1.30.Final.jar:/home/user/.m2/repository/io/grpc/grpc-protobuf/1.17.1/grpc-protobuf-1.17.1.jar:/home/user/.m2/repository/com/google/api/grpc/proto-google-common-protos/1.0.0/proto-google-common-protos-1.0.0.jar:/home/user/.m2/repository/io/grpc/grpc-protobuf-lite/1.17.1/grpc-protobuf-lite-1.17.1.jar:/home/user/.m2/repository/io/grpc/grpc-stub/1.17.1/grpc-stub-1.17.1.jar:/home/user/.m2/repository/org/apache/hadoop/hadoop-ozone-recon/0.5.0-SNAPSHOT/hadoop-ozone-recon-0.5.0-SNAPSHOT.jar:/home/user/.m2/repository/org/apache/hadoop/hadoop-ozone-reconcodegen/0.5.0-SNAPSHOT/hadoop-ozone-reconcodegen-0.5.0-SNAPSHOT.jar:/home/user/.m2/repository/com/google/inject/extensions/guice-multibindings/4.0/guice-multibindings-4.0.jar:/home/user/.m2/repository/com/google/inject/guice/4.0/guice-4.0.jar:/home/user/.m2/repository/aopalliance/aopalliance/1.0/aopalliance-1.0.jar:/home/user/.m2/repository/com/google/inject/extensions/guice-servlet/4.0/guice-servlet-4.0.jar:/home/user/.m2/repository/org/glassfish/jersey/containers/jersey-container-servlet/2.27/jersey-container-servlet-2.27.jar:/home/user/.m2/repository/org/glassfish/hk2/guice-bridge/2.5.0/guice-bridge-2.5.0.jar:/home/user/.m2/repository/org/glassfish/jersey/core/jersey-server/2.27/jersey-server-2.27.jar:/home/user/.m2/repository/org/glassfish/jersey/core/jersey-client/2.27/jersey-client-2.27.jar:/home/user/.m2/repository/org/glassfish/jersey/media/jersey-media-jaxb/2.27/jersey-media-jaxb-2.27.jar:/home/user/.m2/repository/javax/validation/validation-api/1.1.0.Final/validation-api-1.1.0.Final.jar:/home/user/.m2/repository/org/glassfish/jersey/media/jersey-media-json-jackson/2.27/jersey-media-json-jackson-2.27.jar:/home/user/.m2/repository/org/glassfish/jersey/ext/jersey-entity-filtering/2.27/jersey-entity-filtering-2.27.jar:/home/user/.m2/repository/com/google/inject/extensions/guice-assistedinject/4.0/guice-assistedinject-4.0.jar:/home/user/.m2/repository/org/jooq/jooq/3.11.10/jooq-3.11.10.jar:/home/user/.m2/repository/org/jooq/jooq-meta/3.11.10/jooq-meta-3.11.10.jar:/home/user/.m2/repository/org/jooq/jooq-codegen/3.11.10/jooq-codegen-3.11.10.jar:/home/user/.m2/repository/com/jolbox/bonecp/0.8.0.RELEASE/bonecp-0.8.0.RELEASE.jar:/home/user/.m2/repository/org/xerial/sqlite-jdbc/3.25.2/sqlite-jdbc-3.25.2.jar:/home/user/.m2/repository/org/springframework/spring-jdbc/5.1.3.RELEASE/spring-jdbc-5.1.3.RELEASE.jar:/home/user/.m2/repository/org/springframework/spring-beans/5.1.3.RELEASE/spring-beans-5.1.3.RELEASE.jar:/home/user/.m2/repository/org/springframework/spring-core/5.1.3.RELEASE/spring-core-5.1.3.RELEASE.jar:/home/user/.m2/repository/org/springframework/spring-jcl/5.1.3.RELEASE/spring-jcl-5.1.3.RELEASE.jar:/home/user/.m2/repository/org/springframework/spring-tx/5.1.3.RELEASE/spring-tx-5.1.3.RELEASE.jar:/home/user/.m2/repository/org/apache/hadoop/hadoop-ozone-client/0.5.0-SNAPSHOT/hadoop-ozone-client-0.5.0-SNAPSHOT.jar:/home/user/.m2/repository/commons-lang/commons-lang/2.6/commons-lang-2.6.jar:/home/user/.m2/repository/org/apache/hadoop/hadoop-ozone-ozone-manager/0.5.0-SNAPSHOT/hadoop-ozone-ozone-manager-0.5.0-SNAPSHOT-tests.jar:/home/user/.m2/repository/junit/junit/4.11/junit-4.11.jar:/home/user/.m2/repository/org/hamcrest/hamcrest-core/1.3/hamcrest-core-1.3.jar:/home/user/.m2/repository/org/openjdk/jmh/jmh-core/1.19/jmh-core-1.19.jar:/home/user/.m2/repository/net/sf/jopt-simple/jopt-simple/4.6/jopt-simple-4.6.jar:/home/user/.m2/repository/org/apache/commons/commons-math3/3.1.1/commons-math3-3.1.1.jar:/home/user/.m2/repository/org/openjdk/jmh/jmh-generator-annprocess/1.19/jmh-generator-annprocess-1.19.jar:/home/user/.m2/repository/org/mockito/mockito-all/1.8.5/mockito-all-1.8.5.jar:/home/user/.m2/repository/org/apache/hadoop/hadoop-kms/3.2.0/hadoop-kms-3.2.0.jar:/home/user/.m2/repository/org/apache/hadoop/hadoop-auth/3.2.0/hadoop-auth-3.2.0.jar:/home/user/.m2/repository/com/nimbusds/nimbus-jose-jwt/4.41.1/nimbus-jose-jwt-4.41.1.jar:/home/user/.m2/repository/com/github/stephenc/jcip/jcip-annotations/1.0-1/jcip-annotations-1.0-1.jar:/home/user/.m2/repository/net/minidev/json-smart/2.3/json-smart-2.3.jar:/home/user/.m2/repository/net/minidev/accessors-smart/1.2/accessors-smart-1.2.jar:/home/user/.m2/repository/org/ow2/asm/asm/5.0.4/asm-5.0.4.jar:/home/user/.m2/repository/org/apache/curator/curator-framework/2.12.0/curator-framework-2.12.0.jar:/home/user/.m2/repository/com/sun/jersey/jersey-core/1.19/jersey-core-1.19.jar:/home/user/.m2/repository/javax/ws/rs/jsr311-api/1.1.1/jsr311-api-1.1.1.jar:/home/user/.m2/repository/com/sun/jersey/jersey-server/1.19/jersey-server-1.19.jar:/home/user/.m2/repository/javax/servlet/javax.servlet-api/3.1.0/javax.servlet-api-3.1.0.jar:/home/user/.m2/repository/org/eclipse/jetty/jetty-server/9.3.24.v20180605/jetty-server-9.3.24.v20180605.jar:/home/user/.m2/repository/org/eclipse/jetty/jetty-http/9.3.24.v20180605/jetty-http-9.3.24.v20180605.jar:/home/user/.m2/repository/org/eclipse/jetty/jetty-io/9.3.24.v20180605/jetty-io-9.3.24.v20180605.jar:/home/user/.m2/repository/org/eclipse/jetty/jetty-webapp/9.3.24.v20180605/jetty-webapp-9.3.24.v20180605.jar:/home/user/.m2/repository/org/eclipse/jetty/jetty-xml/9.3.24.v20180605/jetty-xml-9.3.24.v20180605.jar:/home/user/.m2/repository/log4j/log4j/1.2.17/log4j-1.2.17.jar:/home/user/.m2/repository/org/slf4j/slf4j-api/1.7.25/slf4j-api-1.7.25.jar:/home/user/.m2/repository/org/slf4j/jul-to-slf4j/1.7.25/jul-to-slf4j-1.7.25.jar:/home/user/.m2/repository/org/eclipse/jetty/jetty-util/9.3.24.v20180605/jetty-util-9.3.24.v20180605.jar:/home/user/.m2/repository/com/fasterxml/jackson/core/jackson-databind/2.9.5/jackson-databind-2.9.5.jar:/home/user/.m2/repository/org/apache/hadoop/hadoop-kms/3.2.0/hadoop-kms-3.2.0-tests.jar:/home/user/.m2/repository/org/apache/hadoop/hadoop-hdds-server-scm/0.5.0-SNAPSHOT/hadoop-hdds-server-scm-0.5.0-SNAPSHOT-tests.jar:/home/user/.m2/repository/org/apache/hadoop/hadoop-hdds-container-service/0.5.0-SNAPSHOT/hadoop-hdds-container-service-0.5.0-SNAPSHOT-tests.jar:/home/user/.m2/repository/org/yaml/snakeyaml/1.16/snakeyaml-1.16.jar:/home/user/.m2/repository/org/apache/hadoop/hadoop-common/3.2.0/hadoop-common-3.2.0-tests.jar:/home/user/.m2/repository/org/apache/hadoop/hadoop-annotations/3.2.0/hadoop-annotations-3.2.0.jar:/usr/lib/jvm/java-1.8-openjdk/jre/../lib/tools.jar:/home/user/.m2/repository/commons-cli/commons-cli/1.2/commons-cli-1.2.jar:/home/user/.m2/repository/org/apache/httpcomponents/httpclient/4.5.2/httpclient-4.5.2.jar:/home/user/.m2/repository/org/apache/httpcomponents/httpcore/4.4.4/httpcore-4.4.4.jar:/home/user/.m2/repository/commons-codec/commons-codec/1.11/commons-codec-1.11.jar:/home/user/.m2/repository/commons-net/commons-net/3.6/commons-net-3.6.jar:/home/user/.m2/repository/commons-collections/commons-collections/3.2.2/commons-collections-3.2.2.jar:/home/user/.m2/repository/org/eclipse/jetty/jetty-servlet/9.3.24.v20180605/jetty-servlet-9.3.24.v20180605.jar:/home/user/.m2/repository/org/eclipse/jetty/jetty-security/9.3.24.v20180605/jetty-security-9.3.24.v20180605.jar:/home/user/.m2/repository/javax/servlet/jsp/jsp-api/2.1/jsp-api-2.1.jar:/home/user/.m2/repository/com/sun/jersey/jersey-servlet/1.19/jersey-servlet-1.19.jar:/home/user/.m2/repository/com/sun/jersey/jersey-json/1.19/jersey-json-1.19.jar:/home/user/.m2/repository/org/codehaus/jettison/jettison/1.1/jettison-1.1.jar:/home/user/.m2/repository/org/codehaus/jackson/jackson-core-asl/1.9.13/jackson-core-asl-1.9.13.jar:/home/user/.m2/repository/org/codehaus/jackson/jackson-mapper-asl/1.9.13/jackson-mapper-asl-1.9.13.jar:/home/user/.m2/repository/org/codehaus/jackson/jackson-jaxrs/1.9.13/jackson-jaxrs-1.9.13.jar:/home/user/.m2/repository/org/codehaus/jackson/jackson-xc/1.9.13/jackson-xc-1.9.13.jar:/home/user/.m2/repository/commons-logging/commons-logging/1.1.3/commons-logging-1.1.3.jar:/home/user/.m2/repository/commons-beanutils/commons-beanutils/1.9.3/commons-beanutils-1.9.3.jar:/home/user/.m2/repository/org/apache/commons/commons-configuration2/2.1.1/commons-configuration2-2.1.1.jar:/home/user/.m2/repository/org/apache/commons/commons-lang3/3.7/commons-lang3-3.7.jar:/home/user/.m2/repository/org/apache/commons/commons-text/1.4/commons-text-1.4.jar:/home/user/.m2/repository/org/apache/avro/avro/1.7.7/avro-1.7.7.jar:/home/user/.m2/repository/com/thoughtworks/paranamer/paranamer/2.3/paranamer-2.3.jar:/home/user/.m2/repository/org/xerial/snappy/snappy-java/1.0.5/snappy-java-1.0.5.jar:/home/user/.m2/repository/com/google/re2j/re2j/1.1/re2j-1.1.jar:/home/user/.m2/repository/com/google/code/gson/gson/2.2.4/gson-2.2.4.jar:/home/user/.m2/repository/com/jcraft/jsch/0.1.54/jsch-0.1.54.jar:/home/user/.m2/repository/org/apache/curator/curator-client/2.12.0/curator-client-2.12.0.jar:/home/user/.m2/repository/org/apache/curator/curator-recipes/2.12.0/curator-recipes-2.12.0.jar:/home/user/.m2/repository/com/google/code/findbugs/jsr305/3.0.0/jsr305-3.0.0.jar:/home/user/.m2/repository/org/apache/htrace/htrace-core4/4.1.0-incubating/htrace-core4-4.1.0-incubating.jar:/home/user/.m2/repository/org/apache/zookeeper/zookeeper/3.4.13/zookeeper-3.4.13.jar:/home/user/.m2/repository/org/apache/yetus/audience-annotations/0.5.0/audience-annotations-0.5.0.jar:/home/user/.m2/repository/org/codehaus/woodstox/stax2-api/3.1.4/stax2-api-3.1.4.jar:/home/user/.m2/repository/com/fasterxml/woodstox/woodstox-core/5.0.3/woodstox-core-5.0.3.jar:/home/user/.m2/repository/dnsjava/dnsjava/2.1.7/dnsjava-2.1.7.jar:/home/user/.m2/repository/org/apache/hadoop/hadoop-hdfs/3.2.0/hadoop-hdfs-3.2.0-tests.jar:/home/user/.m2/repository/org/eclipse/jetty/jetty-util-ajax/9.3.24.v20180605/jetty-util-ajax-9.3.24.v20180605.jar:/home/user/.m2/repository/commons-daemon/commons-daemon/1.0.13/commons-daemon-1.0.13.jar:/home/user/.m2/repository/io/netty/netty/3.10.5.Final/netty-3.10.5.Final.jar:/home/user/.m2/repository/io/netty/netty-all/4.0.52.Final/netty-all-4.0.52.Final.jar:/home/user/.m2/repository/org/fusesource/leveldbjni/leveldbjni-all/1.8/leveldbjni-all-1.8.jar:"/>
    <property name="java.vm.vendor" value="IcedTea"/>
    <property name="sun.arch.data.model" value="64"/>
    <property name="test.build.dir" value="/workdir/hadoop-ozone/integration-test/target/test-dir"/>
    <property name="test.cache.data" value=""/>
    <property name="java.vendor.url" value="https://icedtea.classpath.org"/>
    <property name="user.timezone" value=""/>
    <property name="java.vm.specification.version" value="1.8"/>
    <property name="os.name" value="Linux"/>
    <property name="test.build.data" value="/workdir/hadoop-ozone/integration-test/target/test-dir"/>
    <property name="user.country" value="US"/>
    <property name="sun.java.launcher" value="SUN_STANDARD"/>
    <property name="sun.boot.library.path" value="/usr/lib/jvm/java-1.8-openjdk/jre/lib/amd64"/>
    <property name="sun.java.command" value="/workdir/hadoop-ozone/integration-test/target/surefire/surefirebooter4334534317568967822.jar /workdir/hadoop-ozone/integration-test/target/surefire 2019-09-05T09-27-00_613-jvmRun1 surefire2161347908553468569tmp surefire_208647797730937303423tmp"/>
    <property name="test" value="!TestMiniChaosOzoneCluster"/>
    <property name="surefire.test.class.path" value="/workdir/hadoop-ozone/integration-test/target/test-classes:/workdir/hadoop-ozone/integration-test/target/classes:/home/user/.m2/repository/org/apache/hadoop/hadoop-ozone-common/0.5.0-SNAPSHOT/hadoop-ozone-common-0.5.0-SNAPSHOT.jar:/home/user/.m2/repository/org/apache/commons/commons-compress/1.4.1/commons-compress-1.4.1.jar:/home/user/.m2/repository/org/tukaani/xz/1.0/xz-1.0.jar:/home/user/.m2/repository/org/apache/hadoop/hadoop-common/3.2.0/hadoop-common-3.2.0.jar:/home/user/.m2/repository/org/apache/hadoop/hadoop-hdfs/3.2.0/hadoop-hdfs-3.2.0.jar:/home/user/.m2/repository/org/apache/hadoop/hadoop-hdfs-client/3.2.0/hadoop-hdfs-client-3.2.0.jar:/home/user/.m2/repository/com/fasterxml/jackson/core/jackson-annotations/2.9.5/jackson-annotations-2.9.5.jar:/home/user/.m2/repository/org/apache/hadoop/hadoop-hdds-common/0.5.0-SNAPSHOT/hadoop-hdds-common-0.5.0-SNAPSHOT.jar:/home/user/.m2/repository/javax/annotation/javax.annotation-api/1.2/javax.annotation-api-1.2.jar:/home/user/.m2/repository/org/apache/ratis/ratis-server/0.4.0-2337318-SNAPSHOT/ratis-server-0.4.0-2337318-SNAPSHOT.jar:/home/user/.m2/repository/org/apache/ratis/ratis-thirdparty-misc/0.2.0/ratis-thirdparty-misc-0.2.0.jar:/home/user/.m2/repository/org/apache/ratis/ratis-proto/0.4.0-2337318-SNAPSHOT/ratis-proto-0.4.0-2337318-SNAPSHOT.jar:/home/user/.m2/repository/org/apache/ratis/ratis-common/0.4.0-2337318-SNAPSHOT/ratis-common-0.4.0-2337318-SNAPSHOT.jar:/home/user/.m2/repository/org/apache/ratis/ratis-client/0.4.0-2337318-SNAPSHOT/ratis-client-0.4.0-2337318-SNAPSHOT.jar:/home/user/.m2/repository/org/apache/ratis/ratis-metrics/0.4.0-2337318-SNAPSHOT/ratis-metrics-0.4.0-2337318-SNAPSHOT.jar:/home/user/.m2/repository/org/apache/ratis/ratis-netty/0.4.0-2337318-SNAPSHOT/ratis-netty-0.4.0-2337318-SNAPSHOT.jar:/home/user/.m2/repository/org/apache/ratis/ratis-grpc/0.4.0-2337318-SNAPSHOT/ratis-grpc-0.4.0-2337318-SNAPSHOT.jar:/home/user/.m2/repository/org/rocksdb/rocksdbjni/6.0.1/rocksdbjni-6.0.1.jar:/home/user/.m2/repository/org/apache/logging/log4j/log4j-api/2.11.0/log4j-api-2.11.0.jar:/home/user/.m2/repository/org/apache/logging/log4j/log4j-core/2.11.0/log4j-core-2.11.0.jar:/home/user/.m2/repository/com/lmax/disruptor/3.4.2/disruptor-3.4.2.jar:/home/user/.m2/repository/org/apache/commons/commons-pool2/2.6.0/commons-pool2-2.6.0.jar:/home/user/.m2/repository/org/bouncycastle/bcpkix-jdk15on/1.60/bcpkix-jdk15on-1.60.jar:/home/user/.m2/repository/commons-validator/commons-validator/1.6/commons-validator-1.6.jar:/home/user/.m2/repository/commons-digester/commons-digester/1.8.1/commons-digester-1.8.1.jar:/home/user/.m2/repository/io/jaegertracing/jaeger-client/0.33.1/jaeger-client-0.33.1.jar:/home/user/.m2/repository/io/jaegertracing/jaeger-thrift/0.33.1/jaeger-thrift-0.33.1.jar:/home/user/.m2/repository/org/apache/thrift/libthrift/0.11.0/libthrift-0.11.0.jar:/home/user/.m2/repository/com/squareup/okhttp3/okhttp/3.9.0/okhttp-3.9.0.jar:/home/user/.m2/repository/com/squareup/okio/okio/1.13.0/okio-1.13.0.jar:/home/user/.m2/repository/io/jaegertracing/jaeger-core/0.33.1/jaeger-core-0.33.1.jar:/home/user/.m2/repository/io/jaegertracing/jaeger-tracerresolver/0.33.1/jaeger-tracerresolver-0.33.1.jar:/home/user/.m2/repository/io/opentracing/contrib/opentracing-tracerresolver/0.1.5/opentracing-tracerresolver-0.1.5.jar:/home/user/.m2/repository/io/opentracing/opentracing-util/0.31.0/opentracing-util-0.31.0.jar:/home/user/.m2/repository/io/opentracing/opentracing-api/0.31.0/opentracing-api-0.31.0.jar:/home/user/.m2/repository/io/opentracing/opentracing-noop/0.31.0/opentracing-noop-0.31.0.jar:/home/user/.m2/repository/org/apache/hadoop/hadoop-hdds-server-framework/0.5.0-SNAPSHOT/hadoop-hdds-server-framework-0.5.0-SNAPSHOT.jar:/home/user/.m2/repository/org/apache/hadoop/hadoop-hdds-container-service/0.5.0-SNAPSHOT/hadoop-hdds-container-service-0.5.0-SNAPSHOT.jar:/home/user/.m2/repository/org/apache/hadoop/hadoop-hdds-client/0.5.0-SNAPSHOT/hadoop-hdds-client-0.5.0-SNAPSHOT.jar:/home/user/.m2/repository/org/apache/hadoop/hadoop-hdds-tools/0.5.0-SNAPSHOT/hadoop-hdds-tools-0.5.0-SNAPSHOT.jar:/home/user/.m2/repository/org/apache/hadoop/hadoop-hdds-server-scm/0.5.0-SNAPSHOT/hadoop-hdds-server-scm-0.5.0-SNAPSHOT.jar:/home/user/.m2/repository/org/apache/hadoop/hadoop-hdds-docs/0.5.0-SNAPSHOT/hadoop-hdds-docs-0.5.0-SNAPSHOT.jar:/home/user/.m2/repository/io/dropwizard/metrics/metrics-core/3.2.4/metrics-core-3.2.4.jar:/home/user/.m2/repository/org/hamcrest/hamcrest-all/1.3/hamcrest-all-1.3.jar:/home/user/.m2/repository/org/bouncycastle/bcprov-jdk15on/1.60/bcprov-jdk15on-1.60.jar:/home/user/.m2/repository/info/picocli/picocli/3.9.6/picocli-3.9.6.jar:/home/user/.m2/repository/com/google/protobuf/protobuf-java/2.5.0/protobuf-java-2.5.0.jar:/home/user/.m2/repository/com/google/guava/guava/11.0.2/guava-11.0.2.jar:/home/user/.m2/repository/org/apache/hadoop/hadoop-ozone-ozone-manager/0.5.0-SNAPSHOT/hadoop-ozone-ozone-manager-0.5.0-SNAPSHOT.jar:/home/user/.m2/repository/org/apache/hadoop/hadoop-minikdc/3.2.0/hadoop-minikdc-3.2.0.jar:/home/user/.m2/repository/commons-io/commons-io/2.5/commons-io-2.5.jar:/home/user/.m2/repository/org/apache/kerby/kerb-simplekdc/1.0.1/kerb-simplekdc-1.0.1.jar:/home/user/.m2/repository/org/apache/kerby/kerb-client/1.0.1/kerb-client-1.0.1.jar:/home/user/.m2/repository/org/apache/kerby/kerby-config/1.0.1/kerby-config-1.0.1.jar:/home/user/.m2/repository/org/apache/kerby/kerb-core/1.0.1/kerb-core-1.0.1.jar:/home/user/.m2/repository/org/apache/kerby/kerby-pkix/1.0.1/kerby-pkix-1.0.1.jar:/home/user/.m2/repository/org/apache/kerby/kerby-asn1/1.0.1/kerby-asn1-1.0.1.jar:/home/user/.m2/repository/org/apache/kerby/kerby-util/1.0.1/kerby-util-1.0.1.jar:/home/user/.m2/repository/org/apache/kerby/kerb-common/1.0.1/kerb-common-1.0.1.jar:/home/user/.m2/repository/org/apache/kerby/kerb-crypto/1.0.1/kerb-crypto-1.0.1.jar:/home/user/.m2/repository/org/apache/kerby/kerb-util/1.0.1/kerb-util-1.0.1.jar:/home/user/.m2/repository/org/apache/kerby/token-provider/1.0.1/token-provider-1.0.1.jar:/home/user/.m2/repository/org/apache/kerby/kerb-admin/1.0.1/kerb-admin-1.0.1.jar:/home/user/.m2/repository/org/apache/kerby/kerb-server/1.0.1/kerb-server-1.0.1.jar:/home/user/.m2/repository/org/apache/kerby/kerb-identity/1.0.1/kerb-identity-1.0.1.jar:/home/user/.m2/repository/org/apache/kerby/kerby-xdr/1.0.1/kerby-xdr-1.0.1.jar:/home/user/.m2/repository/org/slf4j/slf4j-log4j12/1.7.25/slf4j-log4j12-1.7.25.jar:/home/user/.m2/repository/org/apache/hadoop/hadoop-ozone-objectstore-service/0.5.0-SNAPSHOT/hadoop-ozone-objectstore-service-0.5.0-SNAPSHOT.jar:/home/user/.m2/repository/org/apache/hadoop/hadoop-ozone-s3gateway/0.5.0-SNAPSHOT/hadoop-ozone-s3gateway-0.5.0-SNAPSHOT.jar:/home/user/.m2/repository/org/jboss/weld/servlet/weld-servlet/2.4.7.Final/weld-servlet-2.4.7.Final.jar:/home/user/.m2/repository/org/glassfish/jersey/containers/jersey-container-servlet-core/2.27/jersey-container-servlet-core-2.27.jar:/home/user/.m2/repository/org/glassfish/hk2/external/javax.inject/2.5.0-b42/javax.inject-2.5.0-b42.jar:/home/user/.m2/repository/org/glassfish/jersey/core/jersey-common/2.27/jersey-common-2.27.jar:/home/user/.m2/repository/org/glassfish/hk2/osgi-resource-locator/1.0.1/osgi-resource-locator-1.0.1.jar:/home/user/.m2/repository/javax/ws/rs/javax.ws.rs-api/2.1/javax.ws.rs-api-2.1.jar:/home/user/.m2/repository/org/glassfish/jersey/ext/cdi/jersey-cdi1x/2.27/jersey-cdi1x-2.27.jar:/home/user/.m2/repository/org/glassfish/jersey/inject/jersey-hk2/2.27/jersey-hk2-2.27.jar:/home/user/.m2/repository/org/glassfish/hk2/hk2-locator/2.5.0-b42/hk2-locator-2.5.0-b42.jar:/home/user/.m2/repository/org/javassist/javassist/3.22.0-CR2/javassist-3.22.0-CR2.jar:/home/user/.m2/repository/org/glassfish/hk2/hk2-api/2.5.0/hk2-api-2.5.0.jar:/home/user/.m2/repository/org/glassfish/hk2/external/jakarta.inject/2.5.0/jakarta.inject-2.5.0.jar:/home/user/.m2/repository/org/glassfish/hk2/hk2-utils/2.5.0/hk2-utils-2.5.0.jar:/home/user/.m2/repository/jakarta/annotation/jakarta.annotation-api/1.3.4/jakarta.annotation-api-1.3.4.jar:/home/user/.m2/repository/org/glassfish/hk2/external/aopalliance-repackaged/2.5.0/aopalliance-repackaged-2.5.0.jar:/home/user/.m2/repository/com/fasterxml/jackson/dataformat/jackson-dataformat-xml/2.9.0/jackson-dataformat-xml-2.9.0.jar:/home/user/.m2/repository/com/fasterxml/jackson/core/jackson-core/2.9.5/jackson-core-2.9.5.jar:/home/user/.m2/repository/com/fasterxml/jackson/module/jackson-module-jaxb-annotations/2.9.5/jackson-module-jaxb-annotations-2.9.5.jar:/home/user/.m2/repository/javax/enterprise/cdi-api/1.2/cdi-api-1.2.jar:/home/user/.m2/repository/javax/el/javax.el-api/3.0.0/javax.el-api-3.0.0.jar:/home/user/.m2/repository/javax/interceptor/javax.interceptor-api/1.2/javax.interceptor-api-1.2.jar:/home/user/.m2/repository/javax/inject/javax.inject/1/javax.inject-1.jar:/home/user/.m2/repository/com/sun/xml/bind/jaxb-impl/2.3.0.1/jaxb-impl-2.3.0.1.jar:/home/user/.m2/repository/com/sun/xml/bind/jaxb-core/2.3.0.1/jaxb-core-2.3.0.1.jar:/home/user/.m2/repository/javax/xml/bind/jaxb-api/2.3.0/jaxb-api-2.3.0.jar:/home/user/.m2/repository/javax/activation/activation/1.1.1/activation-1.1.1.jar:/home/user/.m2/repository/org/apache/hadoop/hadoop-ozone-csi/0.5.0-SNAPSHOT/hadoop-ozone-csi-0.5.0-SNAPSHOT.jar:/home/user/.m2/repository/com/google/protobuf/protobuf-java-util/3.5.1/protobuf-java-util-3.5.1.jar:/home/user/.m2/repository/org/apache/hadoop/hadoop-hdds-config/0.5.0-SNAPSHOT/hadoop-hdds-config-0.5.0-SNAPSHOT.jar:/home/user/.m2/repository/io/grpc/grpc-netty/1.17.1/grpc-netty-1.17.1.jar:/home/user/.m2/repository/io/grpc/grpc-core/1.17.1/grpc-core-1.17.1.jar:/home/user/.m2/repository/io/grpc/grpc-context/1.17.1/grpc-context-1.17.1.jar:/home/user/.m2/repository/com/google/errorprone/error_prone_annotations/2.2.0/error_prone_annotations-2.2.0.jar:/home/user/.m2/repository/org/codehaus/mojo/animal-sniffer-annotations/1.17/animal-sniffer-annotations-1.17.jar:/home/user/.m2/repository/io/opencensus/opencensus-api/0.17.0/opencensus-api-0.17.0.jar:/home/user/.m2/repository/io/opencensus/opencensus-contrib-grpc-metrics/0.17.0/opencensus-contrib-grpc-metrics-0.17.0.jar:/home/user/.m2/repository/io/netty/netty-codec-http2/4.1.30.Final/netty-codec-http2-4.1.30.Final.jar:/home/user/.m2/repository/io/netty/netty-codec-http/4.1.30.Final/netty-codec-http-4.1.30.Final.jar:/home/user/.m2/repository/io/netty/netty-codec/4.1.30.Final/netty-codec-4.1.30.Final.jar:/home/user/.m2/repository/io/netty/netty-handler/4.1.30.Final/netty-handler-4.1.30.Final.jar:/home/user/.m2/repository/io/netty/netty-handler-proxy/4.1.30.Final/netty-handler-proxy-4.1.30.Final.jar:/home/user/.m2/repository/io/netty/netty-codec-socks/4.1.30.Final/netty-codec-socks-4.1.30.Final.jar:/home/user/.m2/repository/io/netty/netty-transport-native-epoll/4.1.30.Final/netty-transport-native-epoll-4.1.30.Final.jar:/home/user/.m2/repository/io/netty/netty-common/4.1.30.Final/netty-common-4.1.30.Final.jar:/home/user/.m2/repository/io/netty/netty-buffer/4.1.30.Final/netty-buffer-4.1.30.Final.jar:/home/user/.m2/repository/io/netty/netty-transport/4.1.30.Final/netty-transport-4.1.30.Final.jar:/home/user/.m2/repository/io/netty/netty-resolver/4.1.30.Final/netty-resolver-4.1.30.Final.jar:/home/user/.m2/repository/io/netty/netty-transport-native-unix-common/4.1.30.Final/netty-transport-native-unix-common-4.1.30.Final.jar:/home/user/.m2/repository/io/grpc/grpc-protobuf/1.17.1/grpc-protobuf-1.17.1.jar:/home/user/.m2/repository/com/google/api/grpc/proto-google-common-protos/1.0.0/proto-google-common-protos-1.0.0.jar:/home/user/.m2/repository/io/grpc/grpc-protobuf-lite/1.17.1/grpc-protobuf-lite-1.17.1.jar:/home/user/.m2/repository/io/grpc/grpc-stub/1.17.1/grpc-stub-1.17.1.jar:/home/user/.m2/repository/org/apache/hadoop/hadoop-ozone-recon/0.5.0-SNAPSHOT/hadoop-ozone-recon-0.5.0-SNAPSHOT.jar:/home/user/.m2/repository/org/apache/hadoop/hadoop-ozone-reconcodegen/0.5.0-SNAPSHOT/hadoop-ozone-reconcodegen-0.5.0-SNAPSHOT.jar:/home/user/.m2/repository/com/google/inject/extensions/guice-multibindings/4.0/guice-multibindings-4.0.jar:/home/user/.m2/repository/com/google/inject/guice/4.0/guice-4.0.jar:/home/user/.m2/repository/aopalliance/aopalliance/1.0/aopalliance-1.0.jar:/home/user/.m2/repository/com/google/inject/extensions/guice-servlet/4.0/guice-servlet-4.0.jar:/home/user/.m2/repository/org/glassfish/jersey/containers/jersey-container-servlet/2.27/jersey-container-servlet-2.27.jar:/home/user/.m2/repository/org/glassfish/hk2/guice-bridge/2.5.0/guice-bridge-2.5.0.jar:/home/user/.m2/repository/org/glassfish/jersey/core/jersey-server/2.27/jersey-server-2.27.jar:/home/user/.m2/repository/org/glassfish/jersey/core/jersey-client/2.27/jersey-client-2.27.jar:/home/user/.m2/repository/org/glassfish/jersey/media/jersey-media-jaxb/2.27/jersey-media-jaxb-2.27.jar:/home/user/.m2/repository/javax/validation/validation-api/1.1.0.Final/validation-api-1.1.0.Final.jar:/home/user/.m2/repository/org/glassfish/jersey/media/jersey-media-json-jackson/2.27/jersey-media-json-jackson-2.27.jar:/home/user/.m2/repository/org/glassfish/jersey/ext/jersey-entity-filtering/2.27/jersey-entity-filtering-2.27.jar:/home/user/.m2/repository/com/google/inject/extensions/guice-assistedinject/4.0/guice-assistedinject-4.0.jar:/home/user/.m2/repository/org/jooq/jooq/3.11.10/jooq-3.11.10.jar:/home/user/.m2/repository/org/jooq/jooq-meta/3.11.10/jooq-meta-3.11.10.jar:/home/user/.m2/repository/org/jooq/jooq-codegen/3.11.10/jooq-codegen-3.11.10.jar:/home/user/.m2/repository/com/jolbox/bonecp/0.8.0.RELEASE/bonecp-0.8.0.RELEASE.jar:/home/user/.m2/repository/org/xerial/sqlite-jdbc/3.25.2/sqlite-jdbc-3.25.2.jar:/home/user/.m2/repository/org/springframework/spring-jdbc/5.1.3.RELEASE/spring-jdbc-5.1.3.RELEASE.jar:/home/user/.m2/repository/org/springframework/spring-beans/5.1.3.RELEASE/spring-beans-5.1.3.RELEASE.jar:/home/user/.m2/repository/org/springframework/spring-core/5.1.3.RELEASE/spring-core-5.1.3.RELEASE.jar:/home/user/.m2/repository/org/springframework/spring-jcl/5.1.3.RELEASE/spring-jcl-5.1.3.RELEASE.jar:/home/user/.m2/repository/org/springframework/spring-tx/5.1.3.RELEASE/spring-tx-5.1.3.RELEASE.jar:/home/user/.m2/repository/org/apache/hadoop/hadoop-ozone-client/0.5.0-SNAPSHOT/hadoop-ozone-client-0.5.0-SNAPSHOT.jar:/home/user/.m2/repository/commons-lang/commons-lang/2.6/commons-lang-2.6.jar:/home/user/.m2/repository/org/apache/hadoop/hadoop-ozone-ozone-manager/0.5.0-SNAPSHOT/hadoop-ozone-ozone-manager-0.5.0-SNAPSHOT-tests.jar:/home/user/.m2/repository/junit/junit/4.11/junit-4.11.jar:/home/user/.m2/repository/org/hamcrest/hamcrest-core/1.3/hamcrest-core-1.3.jar:/home/user/.m2/repository/org/openjdk/jmh/jmh-core/1.19/jmh-core-1.19.jar:/home/user/.m2/repository/net/sf/jopt-simple/jopt-simple/4.6/jopt-simple-4.6.jar:/home/user/.m2/repository/org/apache/commons/commons-math3/3.1.1/commons-math3-3.1.1.jar:/home/user/.m2/repository/org/openjdk/jmh/jmh-generator-annprocess/1.19/jmh-generator-annprocess-1.19.jar:/home/user/.m2/repository/org/mockito/mockito-all/1.8.5/mockito-all-1.8.5.jar:/home/user/.m2/repository/org/apache/hadoop/hadoop-kms/3.2.0/hadoop-kms-3.2.0.jar:/home/user/.m2/repository/org/apache/hadoop/hadoop-auth/3.2.0/hadoop-auth-3.2.0.jar:/home/user/.m2/repository/com/nimbusds/nimbus-jose-jwt/4.41.1/nimbus-jose-jwt-4.41.1.jar:/home/user/.m2/repository/com/github/stephenc/jcip/jcip-annotations/1.0-1/jcip-annotations-1.0-1.jar:/home/user/.m2/repository/net/minidev/json-smart/2.3/json-smart-2.3.jar:/home/user/.m2/repository/net/minidev/accessors-smart/1.2/accessors-smart-1.2.jar:/home/user/.m2/repository/org/ow2/asm/asm/5.0.4/asm-5.0.4.jar:/home/user/.m2/repository/org/apache/curator/curator-framework/2.12.0/curator-framework-2.12.0.jar:/home/user/.m2/repository/com/sun/jersey/jersey-core/1.19/jersey-core-1.19.jar:/home/user/.m2/repository/javax/ws/rs/jsr311-api/1.1.1/jsr311-api-1.1.1.jar:/home/user/.m2/repository/com/sun/jersey/jersey-server/1.19/jersey-server-1.19.jar:/home/user/.m2/repository/javax/servlet/javax.servlet-api/3.1.0/javax.servlet-api-3.1.0.jar:/home/user/.m2/repository/org/eclipse/jetty/jetty-server/9.3.24.v20180605/jetty-server-9.3.24.v20180605.jar:/home/user/.m2/repository/org/eclipse/jetty/jetty-http/9.3.24.v20180605/jetty-http-9.3.24.v20180605.jar:/home/user/.m2/repository/org/eclipse/jetty/jetty-io/9.3.24.v20180605/jetty-io-9.3.24.v20180605.jar:/home/user/.m2/repository/org/eclipse/jetty/jetty-webapp/9.3.24.v20180605/jetty-webapp-9.3.24.v20180605.jar:/home/user/.m2/repository/org/eclipse/jetty/jetty-xml/9.3.24.v20180605/jetty-xml-9.3.24.v20180605.jar:/home/user/.m2/repository/log4j/log4j/1.2.17/log4j-1.2.17.jar:/home/user/.m2/repository/org/slf4j/slf4j-api/1.7.25/slf4j-api-1.7.25.jar:/home/user/.m2/repository/org/slf4j/jul-to-slf4j/1.7.25/jul-to-slf4j-1.7.25.jar:/home/user/.m2/repository/org/eclipse/jetty/jetty-util/9.3.24.v20180605/jetty-util-9.3.24.v20180605.jar:/home/user/.m2/repository/com/fasterxml/jackson/core/jackson-databind/2.9.5/jackson-databind-2.9.5.jar:/home/user/.m2/repository/org/apache/hadoop/hadoop-kms/3.2.0/hadoop-kms-3.2.0-tests.jar:/home/user/.m2/repository/org/apache/hadoop/hadoop-hdds-server-scm/0.5.0-SNAPSHOT/hadoop-hdds-server-scm-0.5.0-SNAPSHOT-tests.jar:/home/user/.m2/repository/org/apache/hadoop/hadoop-hdds-container-service/0.5.0-SNAPSHOT/hadoop-hdds-container-service-0.5.0-SNAPSHOT-tests.jar:/home/user/.m2/repository/org/yaml/snakeyaml/1.16/snakeyaml-1.16.jar:/home/user/.m2/repository/org/apache/hadoop/hadoop-common/3.2.0/hadoop-common-3.2.0-tests.jar:/home/user/.m2/repository/org/apache/hadoop/hadoop-annotations/3.2.0/hadoop-annotations-3.2.0.jar:/usr/lib/jvm/java-1.8-openjdk/jre/../lib/tools.jar:/home/user/.m2/repository/commons-cli/commons-cli/1.2/commons-cli-1.2.jar:/home/user/.m2/repository/org/apache/httpcomponents/httpclient/4.5.2/httpclient-4.5.2.jar:/home/user/.m2/repository/org/apache/httpcomponents/httpcore/4.4.4/httpcore-4.4.4.jar:/home/user/.m2/repository/commons-codec/commons-codec/1.11/commons-codec-1.11.jar:/home/user/.m2/repository/commons-net/commons-net/3.6/commons-net-3.6.jar:/home/user/.m2/repository/commons-collections/commons-collections/3.2.2/commons-collections-3.2.2.jar:/home/user/.m2/repository/org/eclipse/jetty/jetty-servlet/9.3.24.v20180605/jetty-servlet-9.3.24.v20180605.jar:/home/user/.m2/repository/org/eclipse/jetty/jetty-security/9.3.24.v20180605/jetty-security-9.3.24.v20180605.jar:/home/user/.m2/repository/javax/servlet/jsp/jsp-api/2.1/jsp-api-2.1.jar:/home/user/.m2/repository/com/sun/jersey/jersey-servlet/1.19/jersey-servlet-1.19.jar:/home/user/.m2/repository/com/sun/jersey/jersey-json/1.19/jersey-json-1.19.jar:/home/user/.m2/repository/org/codehaus/jettison/jettison/1.1/jettison-1.1.jar:/home/user/.m2/repository/org/codehaus/jackson/jackson-core-asl/1.9.13/jackson-core-asl-1.9.13.jar:/home/user/.m2/repository/org/codehaus/jackson/jackson-mapper-asl/1.9.13/jackson-mapper-asl-1.9.13.jar:/home/user/.m2/repository/org/codehaus/jackson/jackson-jaxrs/1.9.13/jackson-jaxrs-1.9.13.jar:/home/user/.m2/repository/org/codehaus/jackson/jackson-xc/1.9.13/jackson-xc-1.9.13.jar:/home/user/.m2/repository/commons-logging/commons-logging/1.1.3/commons-logging-1.1.3.jar:/home/user/.m2/repository/commons-beanutils/commons-beanutils/1.9.3/commons-beanutils-1.9.3.jar:/home/user/.m2/repository/org/apache/commons/commons-configuration2/2.1.1/commons-configuration2-2.1.1.jar:/home/user/.m2/repository/org/apache/commons/commons-lang3/3.7/commons-lang3-3.7.jar:/home/user/.m2/repository/org/apache/commons/commons-text/1.4/commons-text-1.4.jar:/home/user/.m2/repository/org/apache/avro/avro/1.7.7/avro-1.7.7.jar:/home/user/.m2/repository/com/thoughtworks/paranamer/paranamer/2.3/paranamer-2.3.jar:/home/user/.m2/repository/org/xerial/snappy/snappy-java/1.0.5/snappy-java-1.0.5.jar:/home/user/.m2/repository/com/google/re2j/re2j/1.1/re2j-1.1.jar:/home/user/.m2/repository/com/google/code/gson/gson/2.2.4/gson-2.2.4.jar:/home/user/.m2/repository/com/jcraft/jsch/0.1.54/jsch-0.1.54.jar:/home/user/.m2/repository/org/apache/curator/curator-client/2.12.0/curator-client-2.12.0.jar:/home/user/.m2/repository/org/apache/curator/curator-recipes/2.12.0/curator-recipes-2.12.0.jar:/home/user/.m2/repository/com/google/code/findbugs/jsr305/3.0.0/jsr305-3.0.0.jar:/home/user/.m2/repository/org/apache/htrace/htrace-core4/4.1.0-incubating/htrace-core4-4.1.0-incubating.jar:/home/user/.m2/repository/org/apache/zookeeper/zookeeper/3.4.13/zookeeper-3.4.13.jar:/home/user/.m2/repository/org/apache/yetus/audience-annotations/0.5.0/audience-annotations-0.5.0.jar:/home/user/.m2/repository/org/codehaus/woodstox/stax2-api/3.1.4/stax2-api-3.1.4.jar:/home/user/.m2/repository/com/fasterxml/woodstox/woodstox-core/5.0.3/woodstox-core-5.0.3.jar:/home/user/.m2/repository/dnsjava/dnsjava/2.1.7/dnsjava-2.1.7.jar:/home/user/.m2/repository/org/apache/hadoop/hadoop-hdfs/3.2.0/hadoop-hdfs-3.2.0-tests.jar:/home/user/.m2/repository/org/eclipse/jetty/jetty-util-ajax/9.3.24.v20180605/jetty-util-ajax-9.3.24.v20180605.jar:/home/user/.m2/repository/commons-daemon/commons-daemon/1.0.13/commons-daemon-1.0.13.jar:/home/user/.m2/repository/io/netty/netty/3.10.5.Final/netty-3.10.5.Final.jar:/home/user/.m2/repository/io/netty/netty-all/4.0.52.Final/netty-all-4.0.52.Final.jar:/home/user/.m2/repository/org/fusesource/leveldbjni/leveldbjni-all/1.8/leveldbjni-all-1.8.jar:"/>
    <property name="sun.cpu.endian" value="little"/>
    <property name="user.home" value="/home/user"/>
    <property name="user.language" value="en"/>
    <property name="java.specification.vendor" value="Oracle Corporation"/>
    <property name="java.home" value="/usr/lib/jvm/java-1.8-openjdk/jre"/>
    <property name="java.security.krb5.conf" value="/workdir/hadoop-ozone/integration-test/target/test-classes/krb5.conf"/>
    <property name="basedir" value="/workdir/hadoop-ozone/integration-test"/>
    <property name="file.separator" value="/"/>
    <property name="line.separator" value="&#10;"/>
    <property name="java.vm.specification.vendor" value="Oracle Corporation"/>
    <property name="java.specification.name" value="Java Platform API Specification"/>
    <property name="java.awt.graphicsenv" value="sun.awt.X11GraphicsEnvironment"/>
    <property name="surefire.real.class.path" value="/workdir/hadoop-ozone/integration-test/target/surefire/surefirebooter4334534317568967822.jar"/>
    <property name="hadoop.log.dir" value="/workdir/hadoop-ozone/integration-test/target/log"/>
    <property name="sun.boot.class.path" value="/usr/lib/jvm/java-1.8-openjdk/jre/lib/resources.jar:/usr/lib/jvm/java-1.8-openjdk/jre/lib/rt.jar:/usr/lib/jvm/java-1.8-openjdk/jre/lib/sunrsasign.jar:/usr/lib/jvm/java-1.8-openjdk/jre/lib/jsse.jar:/usr/lib/jvm/java-1.8-openjdk/jre/lib/jce.jar:/usr/lib/jvm/java-1.8-openjdk/jre/lib/charsets.jar:/usr/lib/jvm/java-1.8-openjdk/jre/lib/jfr.jar:/usr/lib/jvm/java-1.8-openjdk/jre/classes"/>
    <property name="sun.management.compiler" value="HotSpot 64-Bit Tiered Compilers"/>
    <property name="java.runtime.version" value="1.8.0_212-b04"/>
    <property name="java.net.preferIPv4Stack" value="true"/>
    <property name="user.name" value="jenkins1000"/>
    <property name="path.separator" value=":"/>
    <property name="java.security.egd" value="file:///dev/urandom"/>
    <property name="os.version" value="3.10.0-957.12.2.el7.x86_64"/>
    <property name="java.endorsed.dirs" value="/usr/lib/jvm/java-1.8-openjdk/jre/lib/endorsed"/>
    <property name="java.runtime.name" value="OpenJDK Runtime Environment"/>
    <property name="file.encoding" value="UTF-8"/>
    <property name="java.vm.name" value="OpenJDK 64-Bit Server VM"/>
    <property name="test.build.webapps" value=""/>
    <property name="localRepository" value="/home/user/.m2/repository"/>
    <property name="java.vendor.url.bug" value="https://icedtea.classpath.org/bugzilla"/>
    <property name="java.io.tmpdir" value="/tmp"/>
    <property name="require.test.libhadoop" value=""/>
    <property name="java.version" value="1.8.0_212"/>
    <property name="user.dir" value="/workdir/hadoop-ozone/integration-test"/>
    <property name="os.arch" value="amd64"/>
    <property name="java.vm.specification.name" value="Java Virtual Machine Specification"/>
    <property name="test.build.classes" value="/workdir/hadoop-ozone/integration-test/target/test-classes"/>
    <property name="java.awt.printerjob" value="sun.print.PSPrinterJob"/>
    <property name="sun.os.patch.level" value="unknown"/>
    <property name="hadoop.tmp.dir" value="/workdir/hadoop-ozone/integration-test/target/tmp"/>
    <property name="java.library.path" value="/usr/lib/jvm/java-1.8-openjdk/jre/lib/amd64/server:/usr/lib/jvm/java-1.8-openjdk/jre/lib/amd64:/usr/lib/jvm/java-1.8-openjdk/jre/../lib/amd64:/workdir/hadoop-ozone/integration-test/target/native/target/usr/local/lib:/workdir/hadoop-ozone/integration-test/../../hadoop-common-project/hadoop-common/target/native/target/usr/local/lib:/usr/java/packages/lib/amd64:/usr/lib64:/lib64:/lib:/usr/lib"/>
    <property name="java.vm.info" value="mixed mode"/>
    <property name="java.vendor" value="IcedTea"/>
    <property name="java.vm.version" value="25.212-b04"/>
    <property name="java.ext.dirs" value="/usr/lib/jvm/java-1.8-openjdk/jre/lib/ext:/usr/java/packages/lib/ext"/>
    <property name="sun.io.unicode.encoding" value="UnicodeLittle"/>
    <property name="java.class.version" value="52.0"/>
  </properties>
  <testcase name="test2DatanodesFailure" classname="org.apache.hadoop.ozone.client.rpc.TestBlockOutputStreamWithFailures" time="108.898"/>
  <testcase name="testDatanodeFailureWithPreAllocation" classname="org.apache.hadoop.ozone.client.rpc.TestBlockOutputStreamWithFailures" time="227.028"/>
  <testcase name="testDatanodeFailureWithSingleNodeRatis" classname="org.apache.hadoop.ozone.client.rpc.TestBlockOutputStreamWithFailures" time="228.408"/>
  <testcase name="testWatchForCommitWithSingleNodeRatis" classname="org.apache.hadoop.ozone.client.rpc.TestBlockOutputStreamWithFailures" time="36.837"/>
  <testcase name="testWatchForCommitDatanodeFailure" classname="org.apache.hadoop.ozone.client.rpc.TestBlockOutputStreamWithFailures" time="45.085">
    <failure message="expected:&lt;2&gt; but was:&lt;3&gt;" type="java.lang.AssertionError"><![CDATA[java.lang.AssertionError: expected:<2> but was:<3>
	at org.junit.Assert.fail(Assert.java:88)
	at org.junit.Assert.failNotEquals(Assert.java:743)
	at org.junit.Assert.assertEquals(Assert.java:118)
	at org.junit.Assert.assertEquals(Assert.java:555)
	at org.junit.Assert.assertEquals(Assert.java:542)
	at org.apache.hadoop.ozone.client.rpc.TestBlockOutputStreamWithFailures.testWatchForCommitDatanodeFailure(TestBlockOutputStreamWithFailures.java:366)
	at sun.reflect.NativeMethodAccessorImpl.invoke0(Native Method)
	at sun.reflect.NativeMethodAccessorImpl.invoke(NativeMethodAccessorImpl.java:62)
	at sun.reflect.DelegatingMethodAccessorImpl.invoke(DelegatingMethodAccessorImpl.java:43)
	at java.lang.reflect.Method.invoke(Method.java:498)
	at org.junit.runners.model.FrameworkMethod$1.runReflectiveCall(FrameworkMethod.java:47)
	at org.junit.internal.runners.model.ReflectiveCallable.run(ReflectiveCallable.java:12)
	at org.junit.runners.model.FrameworkMethod.invokeExplosively(FrameworkMethod.java:44)
	at org.junit.internal.runners.statements.InvokeMethod.evaluate(InvokeMethod.java:17)
	at org.junit.internal.runners.statements.RunBefores.evaluate(RunBefores.java:26)
	at org.junit.internal.runners.statements.RunAfters.evaluate(RunAfters.java:27)
	at org.junit.runners.ParentRunner.runLeaf(ParentRunner.java:271)
	at org.junit.runners.BlockJUnit4ClassRunner.runChild(BlockJUnit4ClassRunner.java:70)
	at org.junit.runners.BlockJUnit4ClassRunner.runChild(BlockJUnit4ClassRunner.java:50)
	at org.junit.runners.ParentRunner$3.run(ParentRunner.java:238)
	at org.junit.runners.ParentRunner$1.schedule(ParentRunner.java:63)
	at org.junit.runners.ParentRunner.runChildren(ParentRunner.java:236)
	at org.junit.runners.ParentRunner.access$000(ParentRunner.java:53)
	at org.junit.runners.ParentRunner$2.evaluate(ParentRunner.java:229)
	at org.junit.runners.ParentRunner.run(ParentRunner.java:309)
	at org.apache.maven.surefire.junit4.JUnit4Provider.execute(JUnit4Provider.java:365)
	at org.apache.maven.surefire.junit4.JUnit4Provider.executeWithRerun(JUnit4Provider.java:273)
	at org.apache.maven.surefire.junit4.JUnit4Provider.executeTestSet(JUnit4Provider.java:238)
	at org.apache.maven.surefire.junit4.JUnit4Provider.invoke(JUnit4Provider.java:159)
	at org.apache.maven.surefire.booter.ForkedBooter.invokeProviderInSameClassLoader(ForkedBooter.java:384)
	at org.apache.maven.surefire.booter.ForkedBooter.runSuitesInProcess(ForkedBooter.java:345)
	at org.apache.maven.surefire.booter.ForkedBooter.execute(ForkedBooter.java:126)
	at org.apache.maven.surefire.booter.ForkedBooter.main(ForkedBooter.java:418)
]]></failure>
    <system-out><![CDATA[2019-09-05 09:46:17,909 [main] WARN  server.ServerUtils (ServerUtils.java:getScmDbDir(145)) - ozone.scm.db.dirs is not configured. We recommend adding this setting. Falling back to ozone.metadata.dirs instead.
2019-09-05 09:46:17,934 [main] WARN  server.ServerUtils (ServerUtils.java:getScmDbDir(145)) - ozone.scm.db.dirs is not configured. We recommend adding this setting. Falling back to ozone.metadata.dirs instead.
2019-09-05 09:46:17,934 [main] WARN  server.ServerUtils (ServerUtils.java:getScmDbDir(145)) - ozone.scm.db.dirs is not configured. We recommend adding this setting. Falling back to ozone.metadata.dirs instead.
2019-09-05 09:46:17,935 [main] INFO  db.DBStoreBuilder (DBStoreBuilder.java:addTable(110)) - using custom profile for table: deletedBlocks
2019-09-05 09:46:17,935 [main] INFO  db.DBStoreBuilder (DBStoreBuilder.java:processTables(161)) - Using default column profile:DBProfile.DISK for Table:deletedBlocks
2019-09-05 09:46:17,935 [main] INFO  db.DBStoreBuilder (DBStoreBuilder.java:addTable(110)) - using custom profile for table: validCerts
2019-09-05 09:46:17,935 [main] INFO  db.DBStoreBuilder (DBStoreBuilder.java:processTables(161)) - Using default column profile:DBProfile.DISK for Table:validCerts
2019-09-05 09:46:17,936 [main] INFO  db.DBStoreBuilder (DBStoreBuilder.java:addTable(110)) - using custom profile for table: revokedCerts
2019-09-05 09:46:17,936 [main] INFO  db.DBStoreBuilder (DBStoreBuilder.java:processTables(161)) - Using default column profile:DBProfile.DISK for Table:revokedCerts
2019-09-05 09:46:17,936 [main] INFO  db.DBStoreBuilder (DBStoreBuilder.java:addTable(110)) - using custom profile for table: default
2019-09-05 09:46:17,936 [main] INFO  db.DBStoreBuilder (DBStoreBuilder.java:processTables(167)) - Using default column profile:DBProfile.DISK for Table:default
2019-09-05 09:46:17,936 [main] INFO  db.DBStoreBuilder (DBStoreBuilder.java:getDbProfile(198)) - Using default options. DBProfile.DISK
2019-09-05 09:46:18,315 [main] INFO  net.NodeSchemaLoader (NodeSchemaLoader.java:loadSchemaFromFile(125)) - Loading file from sun.misc.CompoundEnumeration@655875bb
2019-09-05 09:46:18,315 [main] INFO  net.NodeSchemaLoader (NodeSchemaLoader.java:loadSchema(171)) - Loading network topology layer schema file
2019-09-05 09:46:18,324 [main] INFO  node.SCMNodeManager (SCMNodeManager.java:<init>(121)) - Entering startup safe mode.
2019-09-05 09:46:18,324 [main] INFO  algorithms.ContainerPlacementPolicyFactory (ContainerPlacementPolicyFactory.java:getPolicy(56)) - Create container placement policy of type org.apache.hadoop.hdds.scm.container.placement.algorithms.SCMContainerPlacementRandom
2019-09-05 09:46:18,325 [main] WARN  server.ServerUtils (ServerUtils.java:getScmDbDir(145)) - ozone.scm.db.dirs is not configured. We recommend adding this setting. Falling back to ozone.metadata.dirs instead.
2019-09-05 09:46:18,456 [main] INFO  pipeline.SCMPipelineManager (SCMPipelineManager.java:initializePipelineState(126)) - No pipeline exists in current db
2019-09-05 09:46:18,456 [main] WARN  server.ServerUtils (ServerUtils.java:getScmDbDir(145)) - ozone.scm.db.dirs is not configured. We recommend adding this setting. Falling back to ozone.metadata.dirs instead.
2019-09-05 09:46:18,577 [main] WARN  events.EventQueue (EventQueue.java:fireEvent(175)) - No event handler registered for event TypedEvent{payloadType=SafeModeStatus, name='SafeModeStatus'}
2019-09-05 09:46:18,578 [main] INFO  ipc.CallQueueManager (CallQueueManager.java:<init>(84)) - Using callQueue: class java.util.concurrent.LinkedBlockingQueue, queueCapacity: 2000, scheduler: class org.apache.hadoop.ipc.DefaultRpcScheduler, ipcBackoff: false.
2019-09-05 09:46:18,579 [Socket Reader #1 for port 36945] INFO  ipc.Server (Server.java:run(1074)) - Starting Socket Reader #1 for port 36945
2019-09-05 09:46:18,580 [main] INFO  ipc.CallQueueManager (CallQueueManager.java:<init>(84)) - Using callQueue: class java.util.concurrent.LinkedBlockingQueue, queueCapacity: 2000, scheduler: class org.apache.hadoop.ipc.DefaultRpcScheduler, ipcBackoff: false.
2019-09-05 09:46:18,581 [Socket Reader #1 for port 32782] INFO  ipc.Server (Server.java:run(1074)) - Starting Socket Reader #1 for port 32782
2019-09-05 09:46:18,582 [main] INFO  ipc.CallQueueManager (CallQueueManager.java:<init>(84)) - Using callQueue: class java.util.concurrent.LinkedBlockingQueue, queueCapacity: 2000, scheduler: class org.apache.hadoop.ipc.DefaultRpcScheduler, ipcBackoff: false.
2019-09-05 09:46:18,583 [Socket Reader #1 for port 35110] INFO  ipc.Server (Server.java:run(1074)) - Starting Socket Reader #1 for port 35110
2019-09-05 09:46:18,585 [main] INFO  hdfs.DFSUtil (DFSUtil.java:httpServerTemplateForNNAndJN(1641)) - Starting Web-server for scm at: http://0.0.0.0:0
2019-09-05 09:46:18,586 [main] INFO  server.AuthenticationFilter (AuthenticationFilter.java:constructSecretProvider(240)) - Unable to initialize FileSignerSecretProvider, falling back to use random secrets.
2019-09-05 09:46:18,587 [main] WARN  http.HttpRequestLog (HttpRequestLog.java:getRequestLog(97)) - Jetty request log can only be enabled using Log4j
2019-09-05 09:46:18,588 [main] INFO  http.HttpServer2 (HttpServer2.java:addGlobalFilter(975)) - Added global filter 'safety' (class=org.apache.hadoop.http.HttpServer2$QuotingInputFilter)
2019-09-05 09:46:18,589 [main] INFO  http.HttpServer2 (HttpServer2.java:addFilter(948)) - Added filter static_user_filter (class=org.apache.hadoop.http.lib.StaticUserWebFilter$StaticUserFilter) to context scm
2019-09-05 09:46:18,589 [main] INFO  http.HttpServer2 (HttpServer2.java:addFilter(958)) - Added filter static_user_filter (class=org.apache.hadoop.http.lib.StaticUserWebFilter$StaticUserFilter) to context static
2019-09-05 09:46:18,589 [main] INFO  http.HttpServer2 (HttpServer2.java:addFilter(958)) - Added filter static_user_filter (class=org.apache.hadoop.http.lib.StaticUserWebFilter$StaticUserFilter) to context logs
2019-09-05 09:46:18,590 [main] INFO  server.StorageContainerManager (StorageContainerManager.java:start(759)) - StorageContainerLocationProtocol RPC server is listening at /0.0.0.0:35110
2019-09-05 09:46:18,592 [main] WARN  impl.MetricsConfig (MetricsConfig.java:loadFirst(134)) - Cannot locate configuration: tried hadoop-metrics2-storagecontainermanager.properties,hadoop-metrics2.properties
2019-09-05 09:46:18,593 [main] INFO  impl.MetricsSystemImpl (MetricsSystemImpl.java:startTimer(374)) - Scheduled Metric snapshot period at 10 second(s).
2019-09-05 09:46:18,593 [main] INFO  impl.MetricsSystemImpl (MetricsSystemImpl.java:start(191)) - StorageContainerManager metrics system started
2019-09-05 09:46:18,659 [main] INFO  server.SCMClientProtocolServer (SCMClientProtocolServer.java:start(151)) - RPC server for Client  is listening at /0.0.0.0:35110
2019-09-05 09:46:18,659 [IPC Server Responder] INFO  ipc.Server (Server.java:run(1314)) - IPC Server Responder: starting
2019-09-05 09:46:18,660 [IPC Server listener on 35110] INFO  ipc.Server (Server.java:run(1153)) - IPC Server listener on 35110: starting
2019-09-05 09:46:18,664 [main] INFO  server.StorageContainerManager (StorageContainerManager.java:start(769)) - ScmBlockLocationProtocol RPC server is listening at /0.0.0.0:32782
2019-09-05 09:46:18,664 [main] INFO  server.SCMBlockProtocolServer (SCMBlockProtocolServer.java:start(140)) - RPC server for Block Protocol is listening at /0.0.0.0:32782
2019-09-05 09:46:18,664 [IPC Server Responder] INFO  ipc.Server (Server.java:run(1314)) - IPC Server Responder: starting
2019-09-05 09:46:18,664 [IPC Server listener on 32782] INFO  ipc.Server (Server.java:run(1153)) - IPC Server listener on 32782: starting
2019-09-05 09:46:18,668 [main] INFO  server.StorageContainerManager (StorageContainerManager.java:start(773)) - ScmDatanodeProtocl RPC server is listening at /0.0.0.0:36945
2019-09-05 09:46:18,668 [main] INFO  server.SCMDatanodeProtocolServer (SCMDatanodeProtocolServer.java:start(191)) - RPC server for DataNodes is listening at /0.0.0.0:36945
2019-09-05 09:46:18,668 [IPC Server Responder] INFO  ipc.Server (Server.java:run(1314)) - IPC Server Responder: starting
2019-09-05 09:46:18,668 [IPC Server listener on 36945] INFO  ipc.Server (Server.java:run(1153)) - IPC Server listener on 36945: starting
2019-09-05 09:46:18,672 [main] INFO  http.HttpServer2 (HttpServer2.java:bindListener(1191)) - Jetty bound to port 40071
2019-09-05 09:46:18,672 [main] INFO  server.Server (Server.java:doStart(351)) - jetty-9.3.24.v20180605, build timestamp: 2018-06-05T17:11:56Z, git hash: 84205aa28f11a4f31f2a3b86d1bba2cc8ab69827
2019-09-05 09:46:18,674 [main] INFO  handler.ContextHandler (ContextHandler.java:doStart(781)) - Started o.e.j.s.ServletContextHandler@2db0dd19{/logs,file:///workdir/hadoop-ozone/integration-test/target/log,AVAILABLE}
2019-09-05 09:46:18,674 [main] INFO  handler.ContextHandler (ContextHandler.java:doStart(781)) - Started o.e.j.s.ServletContextHandler@315bb2bb{/static,file:///workdir/hadoop-ozone/integration-test/target/test-classes/webapps/static,AVAILABLE}
2019-09-05 09:46:18,678 [main] INFO  handler.ContextHandler (ContextHandler.java:doStart(781)) - Started o.e.j.w.WebAppContext@55d35f7a{/,file:///workdir/hadoop-ozone/integration-test/target/test-classes/webapps/scm/,AVAILABLE}{/scm}
2019-09-05 09:46:18,679 [main] INFO  server.AbstractConnector (AbstractConnector.java:doStart(278)) - Started ServerConnector@12ef7db5{HTTP/1.1,[http/1.1]}{0.0.0.0:40071}
2019-09-05 09:46:18,679 [main] INFO  server.Server (Server.java:doStart(419)) - Started @602568ms
2019-09-05 09:46:18,680 [main] INFO  server.BaseHttpServer (BaseHttpServer.java:updateConnectorAddress(213)) - HTTP server of SCM is listening at http://0.0.0.0:40071
2019-09-05 09:46:18,681 [main] WARN  server.ServerUtils (ServerUtils.java:getDBPath(222)) - ozone.om.db.dirs is not configured. We recommend adding this setting. Falling back to ozone.metadata.dirs instead.
2019-09-05 09:46:18,682 [org.apache.hadoop.util.JvmPauseMonitor$Monitor@3a8cc099] INFO  util.JvmPauseMonitor (JvmPauseMonitor.java:run(188)) - Starting JVM pause monitor
2019-09-05 09:46:18,707 [main] WARN  server.ServerUtils (ServerUtils.java:getDBPath(222)) - ozone.om.db.dirs is not configured. We recommend adding this setting. Falling back to ozone.metadata.dirs instead.
2019-09-05 09:46:18,708 [main] WARN  server.ServerUtils (ServerUtils.java:getDBPath(222)) - ozone.om.db.dirs is not configured. We recommend adding this setting. Falling back to ozone.metadata.dirs instead.
2019-09-05 09:46:18,708 [main] INFO  om.OzoneManager (OzoneManager.java:setOMNodeDetails(645)) - OM Service ID is not set. Setting it to the default ID: omServiceIdDefault
2019-09-05 09:46:18,708 [main] INFO  om.OzoneManager (OzoneManager.java:setOMNodeDetails(651)) - OM Node ID is not set. Setting it to the OmStorage's OmID: 085cee48-509c-408a-8abd-f21b6cf5612b
2019-09-05 09:46:18,709 [main] INFO  om.OzoneManager (OzoneManager.java:loadOMHAConfigs(602)) - Found matching OM address with OMServiceId: null, OMNodeId: null, RPC Address: localhost:0 and Ratis port: 9872
2019-09-05 09:46:18,715 | INFO  | SCMAudit | user=jenkins1000 | ip=192.168.69.64 | op=GET_SCM_INFO null | ret=SUCCESS |  
2019-09-05 09:46:18,717 [main] WARN  server.ServerUtils (ServerUtils.java:getDBPath(222)) - ozone.om.db.dirs is not configured. We recommend adding this setting. Falling back to ozone.metadata.dirs instead.
2019-09-05 09:46:18,718 [main] INFO  db.DBStoreBuilder (DBStoreBuilder.java:addTable(110)) - using custom profile for table: userTable
2019-09-05 09:46:18,718 [main] INFO  db.DBStoreBuilder (DBStoreBuilder.java:processTables(161)) - Using default column profile:DBProfile.DISK for Table:userTable
2019-09-05 09:46:18,718 [main] INFO  db.DBStoreBuilder (DBStoreBuilder.java:addTable(110)) - using custom profile for table: volumeTable
2019-09-05 09:46:18,719 [main] INFO  db.DBStoreBuilder (DBStoreBuilder.java:processTables(161)) - Using default column profile:DBProfile.DISK for Table:volumeTable
2019-09-05 09:46:18,719 [main] INFO  db.DBStoreBuilder (DBStoreBuilder.java:addTable(110)) - using custom profile for table: bucketTable
2019-09-05 09:46:18,719 [main] INFO  db.DBStoreBuilder (DBStoreBuilder.java:processTables(161)) - Using default column profile:DBProfile.DISK for Table:bucketTable
2019-09-05 09:46:18,719 [main] INFO  db.DBStoreBuilder (DBStoreBuilder.java:addTable(110)) - using custom profile for table: keyTable
2019-09-05 09:46:18,719 [main] INFO  db.DBStoreBuilder (DBStoreBuilder.java:processTables(161)) - Using default column profile:DBProfile.DISK for Table:keyTable
2019-09-05 09:46:18,720 [main] INFO  db.DBStoreBuilder (DBStoreBuilder.java:addTable(110)) - using custom profile for table: deletedTable
2019-09-05 09:46:18,720 [main] INFO  db.DBStoreBuilder (DBStoreBuilder.java:processTables(161)) - Using default column profile:DBProfile.DISK for Table:deletedTable
2019-09-05 09:46:18,720 [main] INFO  db.DBStoreBuilder (DBStoreBuilder.java:addTable(110)) - using custom profile for table: openKeyTable
2019-09-05 09:46:18,720 [main] INFO  db.DBStoreBuilder (DBStoreBuilder.java:processTables(161)) - Using default column profile:DBProfile.DISK for Table:openKeyTable
2019-09-05 09:46:18,721 [main] INFO  db.DBStoreBuilder (DBStoreBuilder.java:addTable(110)) - using custom profile for table: s3Table
2019-09-05 09:46:18,721 [main] INFO  db.DBStoreBuilder (DBStoreBuilder.java:processTables(161)) - Using default column profile:DBProfile.DISK for Table:s3Table
2019-09-05 09:46:18,721 [main] INFO  db.DBStoreBuilder (DBStoreBuilder.java:addTable(110)) - using custom profile for table: multipartInfoTable
2019-09-05 09:46:18,721 [main] INFO  db.DBStoreBuilder (DBStoreBuilder.java:processTables(161)) - Using default column profile:DBProfile.DISK for Table:multipartInfoTable
2019-09-05 09:46:18,722 [main] INFO  db.DBStoreBuilder (DBStoreBuilder.java:addTable(110)) - using custom profile for table: dTokenTable
2019-09-05 09:46:18,722 [main] INFO  db.DBStoreBuilder (DBStoreBuilder.java:processTables(161)) - Using default column profile:DBProfile.DISK for Table:dTokenTable
2019-09-05 09:46:18,722 [main] INFO  db.DBStoreBuilder (DBStoreBuilder.java:addTable(110)) - using custom profile for table: s3SecretTable
2019-09-05 09:46:18,722 [main] INFO  db.DBStoreBuilder (DBStoreBuilder.java:processTables(161)) - Using default column profile:DBProfile.DISK for Table:s3SecretTable
2019-09-05 09:46:18,722 [main] INFO  db.DBStoreBuilder (DBStoreBuilder.java:addTable(110)) - using custom profile for table: prefixTable
2019-09-05 09:46:18,723 [main] INFO  db.DBStoreBuilder (DBStoreBuilder.java:processTables(161)) - Using default column profile:DBProfile.DISK for Table:prefixTable
2019-09-05 09:46:18,723 [main] INFO  db.DBStoreBuilder (DBStoreBuilder.java:addTable(110)) - using custom profile for table: default
2019-09-05 09:46:18,723 [main] INFO  db.DBStoreBuilder (DBStoreBuilder.java:processTables(167)) - Using default column profile:DBProfile.DISK for Table:default
2019-09-05 09:46:18,723 [main] INFO  db.DBStoreBuilder (DBStoreBuilder.java:getDbProfile(198)) - Using default options. DBProfile.DISK
2019-09-05 09:46:20,147 [main] INFO  ipc.CallQueueManager (CallQueueManager.java:<init>(84)) - Using callQueue: class java.util.concurrent.LinkedBlockingQueue, queueCapacity: 2000, scheduler: class org.apache.hadoop.ipc.DefaultRpcScheduler, ipcBackoff: false.
2019-09-05 09:46:20,148 [Socket Reader #1 for port 46516] INFO  ipc.Server (Server.java:run(1074)) - Starting Socket Reader #1 for port 46516
2019-09-05 09:46:20,165 [main] INFO  om.OzoneManager (OzoneManager.java:start(1256)) - OzoneManager RPC server is listening at localhost/127.0.0.1:46516
2019-09-05 09:46:20,165 [main] INFO  impl.MetricsSystemImpl (MetricsSystemImpl.java:init(158)) - OzoneManager metrics system started (again)
2019-09-05 09:46:20,166 [IPC Server Responder] INFO  ipc.Server (Server.java:run(1314)) - IPC Server Responder: starting
2019-09-05 09:46:20,166 [IPC Server listener on 46516] INFO  ipc.Server (Server.java:run(1153)) - IPC Server listener on 46516: starting
2019-09-05 09:46:20,172 [main] INFO  hdfs.DFSUtil (DFSUtil.java:httpServerTemplateForNNAndJN(1641)) - Starting Web-server for ozoneManager at: http://0.0.0.0:0
2019-09-05 09:46:20,173 [main] INFO  server.AuthenticationFilter (AuthenticationFilter.java:constructSecretProvider(240)) - Unable to initialize FileSignerSecretProvider, falling back to use random secrets.
2019-09-05 09:46:20,174 [main] WARN  http.HttpRequestLog (HttpRequestLog.java:getRequestLog(97)) - Jetty request log can only be enabled using Log4j
2019-09-05 09:46:20,176 [main] INFO  http.HttpServer2 (HttpServer2.java:addGlobalFilter(975)) - Added global filter 'safety' (class=org.apache.hadoop.http.HttpServer2$QuotingInputFilter)
2019-09-05 09:46:20,176 [main] INFO  http.HttpServer2 (HttpServer2.java:addFilter(948)) - Added filter static_user_filter (class=org.apache.hadoop.http.lib.StaticUserWebFilter$StaticUserFilter) to context ozoneManager
2019-09-05 09:46:20,177 [main] INFO  http.HttpServer2 (HttpServer2.java:addFilter(958)) - Added filter static_user_filter (class=org.apache.hadoop.http.lib.StaticUserWebFilter$StaticUserFilter) to context logs
2019-09-05 09:46:20,177 [main] INFO  http.HttpServer2 (HttpServer2.java:addFilter(958)) - Added filter static_user_filter (class=org.apache.hadoop.http.lib.StaticUserWebFilter$StaticUserFilter) to context static
2019-09-05 09:46:20,178 [main] INFO  http.HttpServer2 (HttpServer2.java:bindListener(1191)) - Jetty bound to port 35311
2019-09-05 09:46:20,178 [main] INFO  server.Server (Server.java:doStart(351)) - jetty-9.3.24.v20180605, build timestamp: 2018-06-05T17:11:56Z, git hash: 84205aa28f11a4f31f2a3b86d1bba2cc8ab69827
2019-09-05 09:46:20,180 [main] INFO  handler.ContextHandler (ContextHandler.java:doStart(781)) - Started o.e.j.s.ServletContextHandler@64455184{/logs,file:///workdir/hadoop-ozone/integration-test/target/log,AVAILABLE}
2019-09-05 09:46:20,180 [main] INFO  handler.ContextHandler (ContextHandler.java:doStart(781)) - Started o.e.j.s.ServletContextHandler@48900d4a{/static,file:///workdir/hadoop-ozone/integration-test/target/test-classes/webapps/static,AVAILABLE}
2019-09-05 09:46:20,185 [main] INFO  handler.ContextHandler (ContextHandler.java:doStart(781)) - Started o.e.j.w.WebAppContext@6e6ec9c{/,file:///workdir/hadoop-ozone/integration-test/target/test-classes/webapps/ozoneManager/,AVAILABLE}{/ozoneManager}
2019-09-05 09:46:20,186 [main] INFO  server.AbstractConnector (AbstractConnector.java:doStart(278)) - Started ServerConnector@7aecff85{HTTP/1.1,[http/1.1]}{0.0.0.0:35311}
2019-09-05 09:46:20,187 [main] INFO  server.Server (Server.java:doStart(419)) - Started @604076ms
2019-09-05 09:46:20,188 [main] INFO  server.BaseHttpServer (BaseHttpServer.java:updateConnectorAddress(213)) - HTTP server of OZONEMANAGER is listening at http://0.0.0.0:35311
2019-09-05 09:46:20,204 [main] INFO  impl.MetricsSystemImpl (MetricsSystemImpl.java:init(158)) - HddsDatanode metrics system started (again)
2019-09-05 09:46:20,207 [main] INFO  ozone.HddsDatanodeService (HddsDatanodeService.java:start(184)) - HddsDatanodeService host:pr-hdds-1571-tgb5r-3650803683 ip:192.168.69.64
2019-09-05 09:46:20,218 [main] INFO  volume.HddsVolume (HddsVolume.java:<init>(176)) - Creating Volume: /workdir/hadoop-ozone/integration-test/target/test-dir/MiniOzoneClusterImpl-ff056e79-355c-4fb1-b6e7-2d545f6c46f0/datanode-0/data/containers/hdds of  storage type : DISK and capacity : 1482555576320
2019-09-05 09:46:20,218 [main] INFO  volume.VolumeSet (VolumeSet.java:initializeVolumeSet(170)) - Added Volume : /workdir/hadoop-ozone/integration-test/target/test-dir/MiniOzoneClusterImpl-ff056e79-355c-4fb1-b6e7-2d545f6c46f0/datanode-0/data/containers/hdds to VolumeSet
2019-09-05 09:46:20,219 [main] INFO  volume.ThrottledAsyncChecker (ThrottledAsyncChecker.java:schedule(140)) - Scheduling a check for org.apache.hadoop.ozone.container.common.volume.HddsVolume@6567de86
2019-09-05 09:46:20,220 [main] INFO  volume.HddsVolumeChecker (HddsVolumeChecker.java:checkAllVolumes(203)) - Scheduled health check for volume org.apache.hadoop.ozone.container.common.volume.HddsVolume@6567de86
2019-09-05 09:46:20,240 [main] INFO  impl.RaftServerProxy (ConfUtils.java:logGet(43)) - raft.rpc.type = GRPC (default)
2019-09-05 09:46:20,241 [main] INFO  grpc.GrpcFactory (GrpcFactory.java:checkPooledByteBufAllocatorUseCacheForAllThreads(45)) - PERFORMANCE WARNING: useCacheForAllThreads is true that may cause Netty to create a lot garbage objects and, as a result, trigger GC.
	It is recommended to disable useCacheForAllThreads by setting -Dorg.apache.ratis.thirdparty.io.netty.allocator.useCacheForAllThreads=false in command line.
2019-09-05 09:46:20,241 [main] INFO  grpc.GrpcConfigKeys$Server (ConfUtils.java:logGet(43)) - raft.grpc.server.port = 0 (default)
2019-09-05 09:46:20,241 [main] INFO  server.GrpcService (ConfUtils.java:logGet(43)) - raft.grpc.message.size.max = 33570816 (custom)
2019-09-05 09:46:20,242 [main] INFO  server.RaftServerConfigKeys (ConfUtils.java:logGet(43)) - raft.server.log.appender.buffer.byte-limit = 33554432 (custom)
2019-09-05 09:46:20,242 [main] INFO  server.GrpcService (ConfUtils.java:logGet(43)) - raft.grpc.flow.control.window = 1MB (=1048576) (default)
2019-09-05 09:46:20,242 [main] INFO  server.RaftServerConfigKeys (ConfUtils.java:logGet(43)) - raft.server.rpc.request.timeout = 3000ms (default)
2019-09-05 09:46:20,243 [main] INFO  server.RaftServerConfigKeys (ConfUtils.java:logGet(43)) - raft.server.storage.dir = [/workdir/hadoop-ozone/integration-test/target/test-dir/MiniOzoneClusterImpl-ff056e79-355c-4fb1-b6e7-2d545f6c46f0/datanode-0/data/ratis] (custom)
2019-09-05 09:46:20,244 [main] INFO  replication.SimpleContainerDownloader (SimpleContainerDownloader.java:<init>(72)) - Starting container downloader service to copy containers to replicate.
2019-09-05 09:46:20,245 [main] INFO  hdfs.DFSUtil (DFSUtil.java:httpServerTemplateForNNAndJN(1641)) - Starting Web-server for hddsDatanode at: http://0.0.0.0:0
2019-09-05 09:46:20,246 [main] INFO  server.AuthenticationFilter (AuthenticationFilter.java:constructSecretProvider(240)) - Unable to initialize FileSignerSecretProvider, falling back to use random secrets.
2019-09-05 09:46:20,247 [main] WARN  http.HttpRequestLog (HttpRequestLog.java:getRequestLog(97)) - Jetty request log can only be enabled using Log4j
2019-09-05 09:46:20,248 [main] INFO  http.HttpServer2 (HttpServer2.java:addGlobalFilter(975)) - Added global filter 'safety' (class=org.apache.hadoop.http.HttpServer2$QuotingInputFilter)
2019-09-05 09:46:20,249 [main] INFO  http.HttpServer2 (HttpServer2.java:addFilter(948)) - Added filter static_user_filter (class=org.apache.hadoop.http.lib.StaticUserWebFilter$StaticUserFilter) to context hddsDatanode
2019-09-05 09:46:20,249 [main] INFO  http.HttpServer2 (HttpServer2.java:addFilter(958)) - Added filter static_user_filter (class=org.apache.hadoop.http.lib.StaticUserWebFilter$StaticUserFilter) to context static
2019-09-05 09:46:20,249 [main] INFO  http.HttpServer2 (HttpServer2.java:addFilter(958)) - Added filter static_user_filter (class=org.apache.hadoop.http.lib.StaticUserWebFilter$StaticUserFilter) to context logs
2019-09-05 09:46:20,250 [main] INFO  http.HttpServer2 (HttpServer2.java:bindListener(1191)) - Jetty bound to port 41356
2019-09-05 09:46:20,250 [main] INFO  server.Server (Server.java:doStart(351)) - jetty-9.3.24.v20180605, build timestamp: 2018-06-05T17:11:56Z, git hash: 84205aa28f11a4f31f2a3b86d1bba2cc8ab69827
2019-09-05 09:46:20,252 [main] INFO  handler.ContextHandler (ContextHandler.java:doStart(781)) - Started o.e.j.s.ServletContextHandler@22025464{/logs,file:///workdir/hadoop-ozone/integration-test/target/log,AVAILABLE}
2019-09-05 09:46:20,253 [main] INFO  handler.ContextHandler (ContextHandler.java:doStart(781)) - Started o.e.j.s.ServletContextHandler@3a034950{/static,jar:file:/home/user/.m2/repository/org/apache/hadoop/hadoop-hdds-container-service/0.5.0-SNAPSHOT/hadoop-hdds-container-service-0.5.0-SNAPSHOT.jar!/webapps/static,AVAILABLE}
2019-09-05 09:46:20,284 [main] INFO  handler.ContextHandler (ContextHandler.java:doStart(781)) - Started o.e.j.w.WebAppContext@11d474a{/,file:///tmp/jetty-0.0.0.0-41356-hddsDatanode-_-any-6111957254194421576.dir/webapp/,AVAILABLE}{/hddsDatanode}
2019-09-05 09:46:20,285 [main] INFO  server.AbstractConnector (AbstractConnector.java:doStart(278)) - Started ServerConnector@4be6531a{HTTP/1.1,[http/1.1]}{0.0.0.0:41356}
2019-09-05 09:46:20,286 [main] INFO  server.Server (Server.java:doStart(419)) - Started @604175ms
2019-09-05 09:46:20,287 [main] INFO  server.BaseHttpServer (BaseHttpServer.java:updateConnectorAddress(213)) - HTTP server of HDDSDATANODE is listening at http://0.0.0.0:41356
2019-09-05 09:46:20,409 | INFO  | ObjectStoreRestHttpServer | Listening HDDS REST traffic on /0.0.0.0:42214 |  
2019-09-05 09:46:20,409 [main] INFO  ozone.HddsDatanodeService (HddsDatanodeService.java:startPlugins(395)) - Started plug-in org.apache.hadoop.ozone.web.OzoneHddsDatanodeService@386ec37d
2019-09-05 09:46:20,410 [main] INFO  impl.MetricsSystemImpl (MetricsSystemImpl.java:init(158)) - HddsDatanode metrics system started (again)
2019-09-05 09:46:20,413 [org.apache.hadoop.util.JvmPauseMonitor$Monitor@279aa323] INFO  util.JvmPauseMonitor (JvmPauseMonitor.java:run(188)) - Starting JVM pause monitor
2019-09-05 09:46:20,413 [main] INFO  ozone.HddsDatanodeService (HddsDatanodeService.java:start(184)) - HddsDatanodeService host:pr-hdds-1571-tgb5r-3650803683 ip:192.168.69.64
2019-09-05 09:46:20,415 [Datanode State Machine Thread - 0] INFO  datanode.InitDatanodeState (InitDatanodeState.java:persistContainerDatanodeDetails(140)) - DatanodeDetails is persisted to /workdir/hadoop-ozone/integration-test/target/test-dir/MiniOzoneClusterImpl-ff056e79-355c-4fb1-b6e7-2d545f6c46f0/datanode-0/meta/datanode.id
2019-09-05 09:46:20,425 [main] INFO  volume.HddsVolume (HddsVolume.java:<init>(176)) - Creating Volume: /workdir/hadoop-ozone/integration-test/target/test-dir/MiniOzoneClusterImpl-ff056e79-355c-4fb1-b6e7-2d545f6c46f0/datanode-1/data/containers/hdds of  storage type : DISK and capacity : 1482555576320
2019-09-05 09:46:20,425 [main] INFO  volume.VolumeSet (VolumeSet.java:initializeVolumeSet(170)) - Added Volume : /workdir/hadoop-ozone/integration-test/target/test-dir/MiniOzoneClusterImpl-ff056e79-355c-4fb1-b6e7-2d545f6c46f0/datanode-1/data/containers/hdds to VolumeSet
2019-09-05 09:46:20,425 [main] INFO  volume.ThrottledAsyncChecker (ThrottledAsyncChecker.java:schedule(140)) - Scheduling a check for org.apache.hadoop.ozone.container.common.volume.HddsVolume@5cb654e3
2019-09-05 09:46:20,426 [main] INFO  volume.HddsVolumeChecker (HddsVolumeChecker.java:checkAllVolumes(203)) - Scheduled health check for volume org.apache.hadoop.ozone.container.common.volume.HddsVolume@5cb654e3
2019-09-05 09:46:20,441 [main] INFO  impl.RaftServerProxy (ConfUtils.java:logGet(43)) - raft.rpc.type = GRPC (default)
2019-09-05 09:46:20,441 [main] INFO  grpc.GrpcFactory (GrpcFactory.java:checkPooledByteBufAllocatorUseCacheForAllThreads(45)) - PERFORMANCE WARNING: useCacheForAllThreads is true that may cause Netty to create a lot garbage objects and, as a result, trigger GC.
	It is recommended to disable useCacheForAllThreads by setting -Dorg.apache.ratis.thirdparty.io.netty.allocator.useCacheForAllThreads=false in command line.
2019-09-05 09:46:20,442 [main] INFO  grpc.GrpcConfigKeys$Server (ConfUtils.java:logGet(43)) - raft.grpc.server.port = 0 (default)
2019-09-05 09:46:20,442 [main] INFO  server.GrpcService (ConfUtils.java:logGet(43)) - raft.grpc.message.size.max = 33570816 (custom)
2019-09-05 09:46:20,442 [main] INFO  server.RaftServerConfigKeys (ConfUtils.java:logGet(43)) - raft.server.log.appender.buffer.byte-limit = 33554432 (custom)
2019-09-05 09:46:20,442 [main] INFO  server.GrpcService (ConfUtils.java:logGet(43)) - raft.grpc.flow.control.window = 1MB (=1048576) (default)
2019-09-05 09:46:20,442 [main] INFO  server.RaftServerConfigKeys (ConfUtils.java:logGet(43)) - raft.server.rpc.request.timeout = 3000ms (default)
2019-09-05 09:46:20,444 [main] INFO  server.RaftServerConfigKeys (ConfUtils.java:logGet(43)) - raft.server.storage.dir = [/workdir/hadoop-ozone/integration-test/target/test-dir/MiniOzoneClusterImpl-ff056e79-355c-4fb1-b6e7-2d545f6c46f0/datanode-1/data/ratis] (custom)
2019-09-05 09:46:20,444 [main] INFO  replication.SimpleContainerDownloader (SimpleContainerDownloader.java:<init>(72)) - Starting container downloader service to copy containers to replicate.
2019-09-05 09:46:20,445 [main] INFO  hdfs.DFSUtil (DFSUtil.java:httpServerTemplateForNNAndJN(1641)) - Starting Web-server for hddsDatanode at: http://0.0.0.0:0
2019-09-05 09:46:20,447 [main] INFO  server.AuthenticationFilter (AuthenticationFilter.java:constructSecretProvider(240)) - Unable to initialize FileSignerSecretProvider, falling back to use random secrets.
2019-09-05 09:46:20,447 [main] WARN  http.HttpRequestLog (HttpRequestLog.java:getRequestLog(97)) - Jetty request log can only be enabled using Log4j
2019-09-05 09:46:20,448 [main] INFO  http.HttpServer2 (HttpServer2.java:addGlobalFilter(975)) - Added global filter 'safety' (class=org.apache.hadoop.http.HttpServer2$QuotingInputFilter)
2019-09-05 09:46:20,449 [main] INFO  http.HttpServer2 (HttpServer2.java:addFilter(948)) - Added filter static_user_filter (class=org.apache.hadoop.http.lib.StaticUserWebFilter$StaticUserFilter) to context hddsDatanode
2019-09-05 09:46:20,449 [main] INFO  http.HttpServer2 (HttpServer2.java:addFilter(958)) - Added filter static_user_filter (class=org.apache.hadoop.http.lib.StaticUserWebFilter$StaticUserFilter) to context logs
2019-09-05 09:46:20,449 [main] INFO  http.HttpServer2 (HttpServer2.java:addFilter(958)) - Added filter static_user_filter (class=org.apache.hadoop.http.lib.StaticUserWebFilter$StaticUserFilter) to context static
2019-09-05 09:46:20,450 [main] INFO  http.HttpServer2 (HttpServer2.java:bindListener(1191)) - Jetty bound to port 37069
2019-09-05 09:46:20,450 [main] INFO  server.Server (Server.java:doStart(351)) - jetty-9.3.24.v20180605, build timestamp: 2018-06-05T17:11:56Z, git hash: 84205aa28f11a4f31f2a3b86d1bba2cc8ab69827
2019-09-05 09:46:20,451 [main] INFO  handler.ContextHandler (ContextHandler.java:doStart(781)) - Started o.e.j.s.ServletContextHandler@329b4b8b{/logs,file:///workdir/hadoop-ozone/integration-test/target/log,AVAILABLE}
2019-09-05 09:46:20,452 [main] INFO  handler.ContextHandler (ContextHandler.java:doStart(781)) - Started o.e.j.s.ServletContextHandler@77a13162{/static,jar:file:/home/user/.m2/repository/org/apache/hadoop/hadoop-hdds-container-service/0.5.0-SNAPSHOT/hadoop-hdds-container-service-0.5.0-SNAPSHOT.jar!/webapps/static,AVAILABLE}
2019-09-05 09:46:20,479 [main] INFO  handler.ContextHandler (ContextHandler.java:doStart(781)) - Started o.e.j.w.WebAppContext@59fa5a39{/,file:///tmp/jetty-0.0.0.0-37069-hddsDatanode-_-any-4119628101581937409.dir/webapp/,AVAILABLE}{/hddsDatanode}
2019-09-05 09:46:20,479 [main] INFO  server.AbstractConnector (AbstractConnector.java:doStart(278)) - Started ServerConnector@6dccdc50{HTTP/1.1,[http/1.1]}{0.0.0.0:37069}
2019-09-05 09:46:20,480 [main] INFO  server.Server (Server.java:doStart(419)) - Started @604368ms
2019-09-05 09:46:20,481 [main] INFO  server.BaseHttpServer (BaseHttpServer.java:updateConnectorAddress(213)) - HTTP server of HDDSDATANODE is listening at http://0.0.0.0:37069
2019-09-05 09:46:20,600 | INFO  | ObjectStoreRestHttpServer | Listening HDDS REST traffic on /0.0.0.0:46487 |  
2019-09-05 09:46:20,600 [main] INFO  ozone.HddsDatanodeService (HddsDatanodeService.java:startPlugins(395)) - Started plug-in org.apache.hadoop.ozone.web.OzoneHddsDatanodeService@402d45c6
2019-09-05 09:46:20,600 [main] INFO  impl.MetricsSystemImpl (MetricsSystemImpl.java:init(158)) - HddsDatanode metrics system started (again)
2019-09-05 09:46:20,603 [org.apache.hadoop.util.JvmPauseMonitor$Monitor@2a5ed31d] INFO  util.JvmPauseMonitor (JvmPauseMonitor.java:run(188)) - Starting JVM pause monitor
2019-09-05 09:46:20,603 [main] INFO  ozone.HddsDatanodeService (HddsDatanodeService.java:start(184)) - HddsDatanodeService host:pr-hdds-1571-tgb5r-3650803683 ip:192.168.69.64
2019-09-05 09:46:20,605 [Datanode State Machine Thread - 0] INFO  datanode.InitDatanodeState (InitDatanodeState.java:persistContainerDatanodeDetails(140)) - DatanodeDetails is persisted to /workdir/hadoop-ozone/integration-test/target/test-dir/MiniOzoneClusterImpl-ff056e79-355c-4fb1-b6e7-2d545f6c46f0/datanode-1/meta/datanode.id
2019-09-05 09:46:20,615 [main] INFO  volume.HddsVolume (HddsVolume.java:<init>(176)) - Creating Volume: /workdir/hadoop-ozone/integration-test/target/test-dir/MiniOzoneClusterImpl-ff056e79-355c-4fb1-b6e7-2d545f6c46f0/datanode-2/data/containers/hdds of  storage type : DISK and capacity : 1482555576320
2019-09-05 09:46:20,615 [main] INFO  volume.VolumeSet (VolumeSet.java:initializeVolumeSet(170)) - Added Volume : /workdir/hadoop-ozone/integration-test/target/test-dir/MiniOzoneClusterImpl-ff056e79-355c-4fb1-b6e7-2d545f6c46f0/datanode-2/data/containers/hdds to VolumeSet
2019-09-05 09:46:20,615 [main] INFO  volume.ThrottledAsyncChecker (ThrottledAsyncChecker.java:schedule(140)) - Scheduling a check for org.apache.hadoop.ozone.container.common.volume.HddsVolume@4f9191c1
2019-09-05 09:46:20,616 [main] INFO  volume.HddsVolumeChecker (HddsVolumeChecker.java:checkAllVolumes(203)) - Scheduled health check for volume org.apache.hadoop.ozone.container.common.volume.HddsVolume@4f9191c1
2019-09-05 09:46:20,635 [main] INFO  impl.RaftServerProxy (ConfUtils.java:logGet(43)) - raft.rpc.type = GRPC (default)
2019-09-05 09:46:20,636 [main] INFO  grpc.GrpcFactory (GrpcFactory.java:checkPooledByteBufAllocatorUseCacheForAllThreads(45)) - PERFORMANCE WARNING: useCacheForAllThreads is true that may cause Netty to create a lot garbage objects and, as a result, trigger GC.
	It is recommended to disable useCacheForAllThreads by setting -Dorg.apache.ratis.thirdparty.io.netty.allocator.useCacheForAllThreads=false in command line.
2019-09-05 09:46:20,636 [main] INFO  grpc.GrpcConfigKeys$Server (ConfUtils.java:logGet(43)) - raft.grpc.server.port = 0 (default)
2019-09-05 09:46:20,636 [main] INFO  server.GrpcService (ConfUtils.java:logGet(43)) - raft.grpc.message.size.max = 33570816 (custom)
2019-09-05 09:46:20,636 [main] INFO  server.RaftServerConfigKeys (ConfUtils.java:logGet(43)) - raft.server.log.appender.buffer.byte-limit = 33554432 (custom)
2019-09-05 09:46:20,637 [main] INFO  server.GrpcService (ConfUtils.java:logGet(43)) - raft.grpc.flow.control.window = 1MB (=1048576) (default)
2019-09-05 09:46:20,637 [main] INFO  server.RaftServerConfigKeys (ConfUtils.java:logGet(43)) - raft.server.rpc.request.timeout = 3000ms (default)
2019-09-05 09:46:20,637 [main] INFO  server.RaftServerConfigKeys (ConfUtils.java:logGet(43)) - raft.server.storage.dir = [/workdir/hadoop-ozone/integration-test/target/test-dir/MiniOzoneClusterImpl-ff056e79-355c-4fb1-b6e7-2d545f6c46f0/datanode-2/data/ratis] (custom)
2019-09-05 09:46:20,638 [main] INFO  replication.SimpleContainerDownloader (SimpleContainerDownloader.java:<init>(72)) - Starting container downloader service to copy containers to replicate.
2019-09-05 09:46:20,639 [main] INFO  hdfs.DFSUtil (DFSUtil.java:httpServerTemplateForNNAndJN(1641)) - Starting Web-server for hddsDatanode at: http://0.0.0.0:0
2019-09-05 09:46:20,640 [main] INFO  server.AuthenticationFilter (AuthenticationFilter.java:constructSecretProvider(240)) - Unable to initialize FileSignerSecretProvider, falling back to use random secrets.
2019-09-05 09:46:20,641 [main] WARN  http.HttpRequestLog (HttpRequestLog.java:getRequestLog(97)) - Jetty request log can only be enabled using Log4j
2019-09-05 09:46:20,642 [main] INFO  http.HttpServer2 (HttpServer2.java:addGlobalFilter(975)) - Added global filter 'safety' (class=org.apache.hadoop.http.HttpServer2$QuotingInputFilter)
2019-09-05 09:46:20,643 [main] INFO  http.HttpServer2 (HttpServer2.java:addFilter(948)) - Added filter static_user_filter (class=org.apache.hadoop.http.lib.StaticUserWebFilter$StaticUserFilter) to context hddsDatanode
2019-09-05 09:46:20,643 [main] INFO  http.HttpServer2 (HttpServer2.java:addFilter(958)) - Added filter static_user_filter (class=org.apache.hadoop.http.lib.StaticUserWebFilter$StaticUserFilter) to context static
2019-09-05 09:46:20,643 [main] INFO  http.HttpServer2 (HttpServer2.java:addFilter(958)) - Added filter static_user_filter (class=org.apache.hadoop.http.lib.StaticUserWebFilter$StaticUserFilter) to context logs
2019-09-05 09:46:20,644 [main] INFO  http.HttpServer2 (HttpServer2.java:bindListener(1191)) - Jetty bound to port 40448
2019-09-05 09:46:20,644 [main] INFO  server.Server (Server.java:doStart(351)) - jetty-9.3.24.v20180605, build timestamp: 2018-06-05T17:11:56Z, git hash: 84205aa28f11a4f31f2a3b86d1bba2cc8ab69827
2019-09-05 09:46:20,645 [main] INFO  handler.ContextHandler (ContextHandler.java:doStart(781)) - Started o.e.j.s.ServletContextHandler@77c7d3f4{/logs,file:///workdir/hadoop-ozone/integration-test/target/log,AVAILABLE}
2019-09-05 09:46:20,646 [main] INFO  handler.ContextHandler (ContextHandler.java:doStart(781)) - Started o.e.j.s.ServletContextHandler@644f033d{/static,jar:file:/home/user/.m2/repository/org/apache/hadoop/hadoop-hdds-container-service/0.5.0-SNAPSHOT/hadoop-hdds-container-service-0.5.0-SNAPSHOT.jar!/webapps/static,AVAILABLE}
2019-09-05 09:46:20,674 [main] INFO  handler.ContextHandler (ContextHandler.java:doStart(781)) - Started o.e.j.w.WebAppContext@2199e1a4{/,file:///tmp/jetty-0.0.0.0-40448-hddsDatanode-_-any-3848625324384138050.dir/webapp/,AVAILABLE}{/hddsDatanode}
2019-09-05 09:46:20,674 [main] INFO  server.AbstractConnector (AbstractConnector.java:doStart(278)) - Started ServerConnector@1c63b39a{HTTP/1.1,[http/1.1]}{0.0.0.0:40448}
2019-09-05 09:46:20,674 [main] INFO  server.Server (Server.java:doStart(419)) - Started @604563ms
2019-09-05 09:46:20,677 [main] INFO  server.BaseHttpServer (BaseHttpServer.java:updateConnectorAddress(213)) - HTTP server of HDDSDATANODE is listening at http://0.0.0.0:40448
2019-09-05 09:46:21,180 | INFO  | ObjectStoreRestHttpServer | Listening HDDS REST traffic on /0.0.0.0:35333 |  
2019-09-05 09:46:21,181 [main] INFO  ozone.HddsDatanodeService (HddsDatanodeService.java:startPlugins(395)) - Started plug-in org.apache.hadoop.ozone.web.OzoneHddsDatanodeService@67b5da40
2019-09-05 09:46:21,182 [main] INFO  impl.MetricsSystemImpl (MetricsSystemImpl.java:init(158)) - HddsDatanode metrics system started (again)
2019-09-05 09:46:21,184 [org.apache.hadoop.util.JvmPauseMonitor$Monitor@67c227bd] INFO  util.JvmPauseMonitor (JvmPauseMonitor.java:run(188)) - Starting JVM pause monitor
2019-09-05 09:46:21,187 [main] INFO  ozone.HddsDatanodeService (HddsDatanodeService.java:start(184)) - HddsDatanodeService host:pr-hdds-1571-tgb5r-3650803683 ip:192.168.69.64
2019-09-05 09:46:21,188 [Datanode State Machine Thread - 0] INFO  datanode.InitDatanodeState (InitDatanodeState.java:persistContainerDatanodeDetails(140)) - DatanodeDetails is persisted to /workdir/hadoop-ozone/integration-test/target/test-dir/MiniOzoneClusterImpl-ff056e79-355c-4fb1-b6e7-2d545f6c46f0/datanode-2/meta/datanode.id
2019-09-05 09:46:21,200 [main] INFO  volume.HddsVolume (HddsVolume.java:<init>(176)) - Creating Volume: /workdir/hadoop-ozone/integration-test/target/test-dir/MiniOzoneClusterImpl-ff056e79-355c-4fb1-b6e7-2d545f6c46f0/datanode-3/data/containers/hdds of  storage type : DISK and capacity : 1482555576320
2019-09-05 09:46:21,201 [main] INFO  volume.VolumeSet (VolumeSet.java:initializeVolumeSet(170)) - Added Volume : /workdir/hadoop-ozone/integration-test/target/test-dir/MiniOzoneClusterImpl-ff056e79-355c-4fb1-b6e7-2d545f6c46f0/datanode-3/data/containers/hdds to VolumeSet
2019-09-05 09:46:21,201 [main] INFO  volume.ThrottledAsyncChecker (ThrottledAsyncChecker.java:schedule(140)) - Scheduling a check for org.apache.hadoop.ozone.container.common.volume.HddsVolume@402fcf14
2019-09-05 09:46:21,202 [main] INFO  volume.HddsVolumeChecker (HddsVolumeChecker.java:checkAllVolumes(203)) - Scheduled health check for volume org.apache.hadoop.ozone.container.common.volume.HddsVolume@402fcf14
2019-09-05 09:46:21,221 [main] INFO  impl.RaftServerProxy (ConfUtils.java:logGet(43)) - raft.rpc.type = GRPC (default)
2019-09-05 09:46:21,222 [main] INFO  grpc.GrpcFactory (GrpcFactory.java:checkPooledByteBufAllocatorUseCacheForAllThreads(45)) - PERFORMANCE WARNING: useCacheForAllThreads is true that may cause Netty to create a lot garbage objects and, as a result, trigger GC.
	It is recommended to disable useCacheForAllThreads by setting -Dorg.apache.ratis.thirdparty.io.netty.allocator.useCacheForAllThreads=false in command line.
2019-09-05 09:46:21,222 [main] INFO  grpc.GrpcConfigKeys$Server (ConfUtils.java:logGet(43)) - raft.grpc.server.port = 0 (default)
2019-09-05 09:46:21,222 [main] INFO  server.GrpcService (ConfUtils.java:logGet(43)) - raft.grpc.message.size.max = 33570816 (custom)
2019-09-05 09:46:21,222 [main] INFO  server.RaftServerConfigKeys (ConfUtils.java:logGet(43)) - raft.server.log.appender.buffer.byte-limit = 33554432 (custom)
2019-09-05 09:46:21,222 [main] INFO  server.GrpcService (ConfUtils.java:logGet(43)) - raft.grpc.flow.control.window = 1MB (=1048576) (default)
2019-09-05 09:46:21,223 [main] INFO  server.RaftServerConfigKeys (ConfUtils.java:logGet(43)) - raft.server.rpc.request.timeout = 3000ms (default)
2019-09-05 09:46:21,223 [main] INFO  server.RaftServerConfigKeys (ConfUtils.java:logGet(43)) - raft.server.storage.dir = [/workdir/hadoop-ozone/integration-test/target/test-dir/MiniOzoneClusterImpl-ff056e79-355c-4fb1-b6e7-2d545f6c46f0/datanode-3/data/ratis] (custom)
2019-09-05 09:46:21,224 [main] INFO  replication.SimpleContainerDownloader (SimpleContainerDownloader.java:<init>(72)) - Starting container downloader service to copy containers to replicate.
2019-09-05 09:46:21,225 [main] INFO  hdfs.DFSUtil (DFSUtil.java:httpServerTemplateForNNAndJN(1641)) - Starting Web-server for hddsDatanode at: http://0.0.0.0:0
2019-09-05 09:46:21,228 [main] INFO  server.AuthenticationFilter (AuthenticationFilter.java:constructSecretProvider(240)) - Unable to initialize FileSignerSecretProvider, falling back to use random secrets.
2019-09-05 09:46:21,229 [main] WARN  http.HttpRequestLog (HttpRequestLog.java:getRequestLog(97)) - Jetty request log can only be enabled using Log4j
2019-09-05 09:46:21,232 [main] INFO  http.HttpServer2 (HttpServer2.java:addGlobalFilter(975)) - Added global filter 'safety' (class=org.apache.hadoop.http.HttpServer2$QuotingInputFilter)
2019-09-05 09:46:21,233 [main] INFO  http.HttpServer2 (HttpServer2.java:addFilter(948)) - Added filter static_user_filter (class=org.apache.hadoop.http.lib.StaticUserWebFilter$StaticUserFilter) to context hddsDatanode
2019-09-05 09:46:21,233 [main] INFO  http.HttpServer2 (HttpServer2.java:addFilter(958)) - Added filter static_user_filter (class=org.apache.hadoop.http.lib.StaticUserWebFilter$StaticUserFilter) to context static
2019-09-05 09:46:21,233 [main] INFO  http.HttpServer2 (HttpServer2.java:addFilter(958)) - Added filter static_user_filter (class=org.apache.hadoop.http.lib.StaticUserWebFilter$StaticUserFilter) to context logs
2019-09-05 09:46:21,235 [main] INFO  http.HttpServer2 (HttpServer2.java:bindListener(1191)) - Jetty bound to port 45871
2019-09-05 09:46:21,235 [main] INFO  server.Server (Server.java:doStart(351)) - jetty-9.3.24.v20180605, build timestamp: 2018-06-05T17:11:56Z, git hash: 84205aa28f11a4f31f2a3b86d1bba2cc8ab69827
2019-09-05 09:46:21,237 [main] INFO  handler.ContextHandler (ContextHandler.java:doStart(781)) - Started o.e.j.s.ServletContextHandler@37e7e089{/logs,file:///workdir/hadoop-ozone/integration-test/target/log,AVAILABLE}
2019-09-05 09:46:21,238 [main] INFO  handler.ContextHandler (ContextHandler.java:doStart(781)) - Started o.e.j.s.ServletContextHandler@2b3ac26d{/static,jar:file:/home/user/.m2/repository/org/apache/hadoop/hadoop-hdds-container-service/0.5.0-SNAPSHOT/hadoop-hdds-container-service-0.5.0-SNAPSHOT.jar!/webapps/static,AVAILABLE}
2019-09-05 09:46:21,275 [main] INFO  handler.ContextHandler (ContextHandler.java:doStart(781)) - Started o.e.j.w.WebAppContext@4ac7927a{/,file:///tmp/jetty-0.0.0.0-45871-hddsDatanode-_-any-516523578600242038.dir/webapp/,AVAILABLE}{/hddsDatanode}
2019-09-05 09:46:21,276 [main] INFO  server.AbstractConnector (AbstractConnector.java:doStart(278)) - Started ServerConnector@25bfc558{HTTP/1.1,[http/1.1]}{0.0.0.0:45871}
2019-09-05 09:46:21,277 [main] INFO  server.Server (Server.java:doStart(419)) - Started @605166ms
2019-09-05 09:46:21,278 [main] INFO  server.BaseHttpServer (BaseHttpServer.java:updateConnectorAddress(213)) - HTTP server of HDDSDATANODE is listening at http://0.0.0.0:45871
2019-09-05 09:46:21,432 | INFO  | ObjectStoreRestHttpServer | Listening HDDS REST traffic on /0.0.0.0:46872 |  
2019-09-05 09:46:21,432 [main] INFO  ozone.HddsDatanodeService (HddsDatanodeService.java:startPlugins(395)) - Started plug-in org.apache.hadoop.ozone.web.OzoneHddsDatanodeService@77c8b276
2019-09-05 09:46:21,432 [main] INFO  impl.MetricsSystemImpl (MetricsSystemImpl.java:init(158)) - HddsDatanode metrics system started (again)
2019-09-05 09:46:21,435 [org.apache.hadoop.util.JvmPauseMonitor$Monitor@285a8721] INFO  util.JvmPauseMonitor (JvmPauseMonitor.java:run(188)) - Starting JVM pause monitor
2019-09-05 09:46:21,435 [main] INFO  ozone.HddsDatanodeService (HddsDatanodeService.java:start(184)) - HddsDatanodeService host:pr-hdds-1571-tgb5r-3650803683 ip:192.168.69.64
2019-09-05 09:46:21,436 [Datanode State Machine Thread - 0] INFO  datanode.InitDatanodeState (InitDatanodeState.java:persistContainerDatanodeDetails(140)) - DatanodeDetails is persisted to /workdir/hadoop-ozone/integration-test/target/test-dir/MiniOzoneClusterImpl-ff056e79-355c-4fb1-b6e7-2d545f6c46f0/datanode-3/meta/datanode.id
2019-09-05 09:46:21,448 [main] INFO  volume.HddsVolume (HddsVolume.java:<init>(176)) - Creating Volume: /workdir/hadoop-ozone/integration-test/target/test-dir/MiniOzoneClusterImpl-ff056e79-355c-4fb1-b6e7-2d545f6c46f0/datanode-4/data/containers/hdds of  storage type : DISK and capacity : 1482555576320
2019-09-05 09:46:21,449 [main] INFO  volume.VolumeSet (VolumeSet.java:initializeVolumeSet(170)) - Added Volume : /workdir/hadoop-ozone/integration-test/target/test-dir/MiniOzoneClusterImpl-ff056e79-355c-4fb1-b6e7-2d545f6c46f0/datanode-4/data/containers/hdds to VolumeSet
2019-09-05 09:46:21,449 [main] INFO  volume.ThrottledAsyncChecker (ThrottledAsyncChecker.java:schedule(140)) - Scheduling a check for org.apache.hadoop.ozone.container.common.volume.HddsVolume@3459ccd9
2019-09-05 09:46:21,449 [main] INFO  volume.HddsVolumeChecker (HddsVolumeChecker.java:checkAllVolumes(203)) - Scheduled health check for volume org.apache.hadoop.ozone.container.common.volume.HddsVolume@3459ccd9
2019-09-05 09:46:21,465 [main] INFO  impl.RaftServerProxy (ConfUtils.java:logGet(43)) - raft.rpc.type = GRPC (default)
2019-09-05 09:46:21,465 [main] INFO  grpc.GrpcFactory (GrpcFactory.java:checkPooledByteBufAllocatorUseCacheForAllThreads(45)) - PERFORMANCE WARNING: useCacheForAllThreads is true that may cause Netty to create a lot garbage objects and, as a result, trigger GC.
	It is recommended to disable useCacheForAllThreads by setting -Dorg.apache.ratis.thirdparty.io.netty.allocator.useCacheForAllThreads=false in command line.
2019-09-05 09:46:21,465 [main] INFO  grpc.GrpcConfigKeys$Server (ConfUtils.java:logGet(43)) - raft.grpc.server.port = 0 (default)
2019-09-05 09:46:21,465 [main] INFO  server.GrpcService (ConfUtils.java:logGet(43)) - raft.grpc.message.size.max = 33570816 (custom)
2019-09-05 09:46:21,465 [main] INFO  server.RaftServerConfigKeys (ConfUtils.java:logGet(43)) - raft.server.log.appender.buffer.byte-limit = 33554432 (custom)
2019-09-05 09:46:21,466 [main] INFO  server.GrpcService (ConfUtils.java:logGet(43)) - raft.grpc.flow.control.window = 1MB (=1048576) (default)
2019-09-05 09:46:21,466 [main] INFO  server.RaftServerConfigKeys (ConfUtils.java:logGet(43)) - raft.server.rpc.request.timeout = 3000ms (default)
2019-09-05 09:46:21,466 [main] INFO  server.RaftServerConfigKeys (ConfUtils.java:logGet(43)) - raft.server.storage.dir = [/workdir/hadoop-ozone/integration-test/target/test-dir/MiniOzoneClusterImpl-ff056e79-355c-4fb1-b6e7-2d545f6c46f0/datanode-4/data/ratis] (custom)
2019-09-05 09:46:21,467 [main] INFO  replication.SimpleContainerDownloader (SimpleContainerDownloader.java:<init>(72)) - Starting container downloader service to copy containers to replicate.
2019-09-05 09:46:21,468 [main] INFO  hdfs.DFSUtil (DFSUtil.java:httpServerTemplateForNNAndJN(1641)) - Starting Web-server for hddsDatanode at: http://0.0.0.0:0
2019-09-05 09:46:21,469 [main] INFO  server.AuthenticationFilter (AuthenticationFilter.java:constructSecretProvider(240)) - Unable to initialize FileSignerSecretProvider, falling back to use random secrets.
2019-09-05 09:46:21,470 [main] WARN  http.HttpRequestLog (HttpRequestLog.java:getRequestLog(97)) - Jetty request log can only be enabled using Log4j
2019-09-05 09:46:21,471 [main] INFO  http.HttpServer2 (HttpServer2.java:addGlobalFilter(975)) - Added global filter 'safety' (class=org.apache.hadoop.http.HttpServer2$QuotingInputFilter)
2019-09-05 09:46:21,471 [main] INFO  http.HttpServer2 (HttpServer2.java:addFilter(948)) - Added filter static_user_filter (class=org.apache.hadoop.http.lib.StaticUserWebFilter$StaticUserFilter) to context hddsDatanode
2019-09-05 09:46:21,471 [main] INFO  http.HttpServer2 (HttpServer2.java:addFilter(958)) - Added filter static_user_filter (class=org.apache.hadoop.http.lib.StaticUserWebFilter$StaticUserFilter) to context logs
2019-09-05 09:46:21,471 [main] INFO  http.HttpServer2 (HttpServer2.java:addFilter(958)) - Added filter static_user_filter (class=org.apache.hadoop.http.lib.StaticUserWebFilter$StaticUserFilter) to context static
2019-09-05 09:46:21,472 [main] INFO  http.HttpServer2 (HttpServer2.java:bindListener(1191)) - Jetty bound to port 33922
2019-09-05 09:46:21,472 [main] INFO  server.Server (Server.java:doStart(351)) - jetty-9.3.24.v20180605, build timestamp: 2018-06-05T17:11:56Z, git hash: 84205aa28f11a4f31f2a3b86d1bba2cc8ab69827
2019-09-05 09:46:21,474 [main] INFO  handler.ContextHandler (ContextHandler.java:doStart(781)) - Started o.e.j.s.ServletContextHandler@5854e526{/logs,file:///workdir/hadoop-ozone/integration-test/target/log,AVAILABLE}
2019-09-05 09:46:21,474 [main] INFO  handler.ContextHandler (ContextHandler.java:doStart(781)) - Started o.e.j.s.ServletContextHandler@6872201{/static,jar:file:/home/user/.m2/repository/org/apache/hadoop/hadoop-hdds-container-service/0.5.0-SNAPSHOT/hadoop-hdds-container-service-0.5.0-SNAPSHOT.jar!/webapps/static,AVAILABLE}
2019-09-05 09:46:21,501 [main] INFO  handler.ContextHandler (ContextHandler.java:doStart(781)) - Started o.e.j.w.WebAppContext@2daf650b{/,file:///tmp/jetty-0.0.0.0-33922-hddsDatanode-_-any-5850361378011340919.dir/webapp/,AVAILABLE}{/hddsDatanode}
2019-09-05 09:46:21,502 [main] INFO  server.AbstractConnector (AbstractConnector.java:doStart(278)) - Started ServerConnector@4d7a4317{HTTP/1.1,[http/1.1]}{0.0.0.0:33922}
2019-09-05 09:46:21,503 [main] INFO  server.Server (Server.java:doStart(419)) - Started @605392ms
2019-09-05 09:46:21,504 [main] INFO  server.BaseHttpServer (BaseHttpServer.java:updateConnectorAddress(213)) - HTTP server of HDDSDATANODE is listening at http://0.0.0.0:33922
2019-09-05 09:46:21,628 | INFO  | ObjectStoreRestHttpServer | Listening HDDS REST traffic on /0.0.0.0:37245 |  
2019-09-05 09:46:21,628 [main] INFO  ozone.HddsDatanodeService (HddsDatanodeService.java:startPlugins(395)) - Started plug-in org.apache.hadoop.ozone.web.OzoneHddsDatanodeService@19305a7c
2019-09-05 09:46:21,628 [main] INFO  impl.MetricsSystemImpl (MetricsSystemImpl.java:init(158)) - HddsDatanode metrics system started (again)
2019-09-05 09:46:21,631 [org.apache.hadoop.util.JvmPauseMonitor$Monitor@312ac5be] INFO  util.JvmPauseMonitor (JvmPauseMonitor.java:run(188)) - Starting JVM pause monitor
2019-09-05 09:46:21,632 [main] INFO  ozone.HddsDatanodeService (HddsDatanodeService.java:start(184)) - HddsDatanodeService host:pr-hdds-1571-tgb5r-3650803683 ip:192.168.69.64
2019-09-05 09:46:21,633 [Datanode State Machine Thread - 0] INFO  datanode.InitDatanodeState (InitDatanodeState.java:persistContainerDatanodeDetails(140)) - DatanodeDetails is persisted to /workdir/hadoop-ozone/integration-test/target/test-dir/MiniOzoneClusterImpl-ff056e79-355c-4fb1-b6e7-2d545f6c46f0/datanode-4/meta/datanode.id
2019-09-05 09:46:21,641 [main] INFO  volume.HddsVolume (HddsVolume.java:<init>(176)) - Creating Volume: /workdir/hadoop-ozone/integration-test/target/test-dir/MiniOzoneClusterImpl-ff056e79-355c-4fb1-b6e7-2d545f6c46f0/datanode-5/data/containers/hdds of  storage type : DISK and capacity : 1482555576320
2019-09-05 09:46:21,641 [main] INFO  volume.VolumeSet (VolumeSet.java:initializeVolumeSet(170)) - Added Volume : /workdir/hadoop-ozone/integration-test/target/test-dir/MiniOzoneClusterImpl-ff056e79-355c-4fb1-b6e7-2d545f6c46f0/datanode-5/data/containers/hdds to VolumeSet
2019-09-05 09:46:21,641 [main] INFO  volume.ThrottledAsyncChecker (ThrottledAsyncChecker.java:schedule(140)) - Scheduling a check for org.apache.hadoop.ozone.container.common.volume.HddsVolume@21b508a0
2019-09-05 09:46:21,642 [main] INFO  volume.HddsVolumeChecker (HddsVolumeChecker.java:checkAllVolumes(203)) - Scheduled health check for volume org.apache.hadoop.ozone.container.common.volume.HddsVolume@21b508a0
2019-09-05 09:46:21,659 [main] INFO  impl.RaftServerProxy (ConfUtils.java:logGet(43)) - raft.rpc.type = GRPC (default)
2019-09-05 09:46:21,659 [main] INFO  grpc.GrpcFactory (GrpcFactory.java:checkPooledByteBufAllocatorUseCacheForAllThreads(45)) - PERFORMANCE WARNING: useCacheForAllThreads is true that may cause Netty to create a lot garbage objects and, as a result, trigger GC.
	It is recommended to disable useCacheForAllThreads by setting -Dorg.apache.ratis.thirdparty.io.netty.allocator.useCacheForAllThreads=false in command line.
2019-09-05 09:46:21,660 [main] INFO  grpc.GrpcConfigKeys$Server (ConfUtils.java:logGet(43)) - raft.grpc.server.port = 0 (default)
2019-09-05 09:46:21,660 [main] INFO  server.GrpcService (ConfUtils.java:logGet(43)) - raft.grpc.message.size.max = 33570816 (custom)
2019-09-05 09:46:21,660 [main] INFO  server.RaftServerConfigKeys (ConfUtils.java:logGet(43)) - raft.server.log.appender.buffer.byte-limit = 33554432 (custom)
2019-09-05 09:46:21,660 [main] INFO  server.GrpcService (ConfUtils.java:logGet(43)) - raft.grpc.flow.control.window = 1MB (=1048576) (default)
2019-09-05 09:46:21,661 [main] INFO  server.RaftServerConfigKeys (ConfUtils.java:logGet(43)) - raft.server.rpc.request.timeout = 3000ms (default)
2019-09-05 09:46:21,661 [main] INFO  server.RaftServerConfigKeys (ConfUtils.java:logGet(43)) - raft.server.storage.dir = [/workdir/hadoop-ozone/integration-test/target/test-dir/MiniOzoneClusterImpl-ff056e79-355c-4fb1-b6e7-2d545f6c46f0/datanode-5/data/ratis] (custom)
2019-09-05 09:46:21,662 [main] INFO  replication.SimpleContainerDownloader (SimpleContainerDownloader.java:<init>(72)) - Starting container downloader service to copy containers to replicate.
2019-09-05 09:46:21,663 [main] INFO  hdfs.DFSUtil (DFSUtil.java:httpServerTemplateForNNAndJN(1641)) - Starting Web-server for hddsDatanode at: http://0.0.0.0:0
2019-09-05 09:46:21,664 [main] INFO  server.AuthenticationFilter (AuthenticationFilter.java:constructSecretProvider(240)) - Unable to initialize FileSignerSecretProvider, falling back to use random secrets.
2019-09-05 09:46:21,664 [main] WARN  http.HttpRequestLog (HttpRequestLog.java:getRequestLog(97)) - Jetty request log can only be enabled using Log4j
2019-09-05 09:46:21,666 [main] INFO  http.HttpServer2 (HttpServer2.java:addGlobalFilter(975)) - Added global filter 'safety' (class=org.apache.hadoop.http.HttpServer2$QuotingInputFilter)
2019-09-05 09:46:21,666 [main] INFO  http.HttpServer2 (HttpServer2.java:addFilter(948)) - Added filter static_user_filter (class=org.apache.hadoop.http.lib.StaticUserWebFilter$StaticUserFilter) to context hddsDatanode
2019-09-05 09:46:21,666 [main] INFO  http.HttpServer2 (HttpServer2.java:addFilter(958)) - Added filter static_user_filter (class=org.apache.hadoop.http.lib.StaticUserWebFilter$StaticUserFilter) to context static
2019-09-05 09:46:21,666 [main] INFO  http.HttpServer2 (HttpServer2.java:addFilter(958)) - Added filter static_user_filter (class=org.apache.hadoop.http.lib.StaticUserWebFilter$StaticUserFilter) to context logs
2019-09-05 09:46:21,667 [main] INFO  http.HttpServer2 (HttpServer2.java:bindListener(1191)) - Jetty bound to port 41189
2019-09-05 09:46:21,667 [main] INFO  server.Server (Server.java:doStart(351)) - jetty-9.3.24.v20180605, build timestamp: 2018-06-05T17:11:56Z, git hash: 84205aa28f11a4f31f2a3b86d1bba2cc8ab69827
2019-09-05 09:46:21,669 [main] INFO  handler.ContextHandler (ContextHandler.java:doStart(781)) - Started o.e.j.s.ServletContextHandler@22912968{/logs,file:///workdir/hadoop-ozone/integration-test/target/log,AVAILABLE}
2019-09-05 09:46:21,669 [main] INFO  handler.ContextHandler (ContextHandler.java:doStart(781)) - Started o.e.j.s.ServletContextHandler@65402e26{/static,jar:file:/home/user/.m2/repository/org/apache/hadoop/hadoop-hdds-container-service/0.5.0-SNAPSHOT/hadoop-hdds-container-service-0.5.0-SNAPSHOT.jar!/webapps/static,AVAILABLE}
2019-09-05 09:46:21,696 [main] INFO  handler.ContextHandler (ContextHandler.java:doStart(781)) - Started o.e.j.w.WebAppContext@5ba4735c{/,file:///tmp/jetty-0.0.0.0-41189-hddsDatanode-_-any-4361789845124174225.dir/webapp/,AVAILABLE}{/hddsDatanode}
2019-09-05 09:46:21,697 [main] INFO  server.AbstractConnector (AbstractConnector.java:doStart(278)) - Started ServerConnector@70b437bb{HTTP/1.1,[http/1.1]}{0.0.0.0:41189}
2019-09-05 09:46:21,698 [main] INFO  server.Server (Server.java:doStart(419)) - Started @605587ms
2019-09-05 09:46:21,699 [main] INFO  server.BaseHttpServer (BaseHttpServer.java:updateConnectorAddress(213)) - HTTP server of HDDSDATANODE is listening at http://0.0.0.0:41189
2019-09-05 09:46:21,821 | INFO  | ObjectStoreRestHttpServer | Listening HDDS REST traffic on /0.0.0.0:45015 |  
2019-09-05 09:46:21,821 [main] INFO  ozone.HddsDatanodeService (HddsDatanodeService.java:startPlugins(395)) - Started plug-in org.apache.hadoop.ozone.web.OzoneHddsDatanodeService@1368e451
2019-09-05 09:46:21,822 [main] INFO  impl.MetricsSystemImpl (MetricsSystemImpl.java:init(158)) - HddsDatanode metrics system started (again)
2019-09-05 09:46:21,825 [org.apache.hadoop.util.JvmPauseMonitor$Monitor@61f26e54] INFO  util.JvmPauseMonitor (JvmPauseMonitor.java:run(188)) - Starting JVM pause monitor
2019-09-05 09:46:21,826 [main] INFO  ozone.HddsDatanodeService (HddsDatanodeService.java:start(184)) - HddsDatanodeService host:pr-hdds-1571-tgb5r-3650803683 ip:192.168.69.64
2019-09-05 09:46:21,826 [Datanode State Machine Thread - 0] INFO  datanode.InitDatanodeState (InitDatanodeState.java:persistContainerDatanodeDetails(140)) - DatanodeDetails is persisted to /workdir/hadoop-ozone/integration-test/target/test-dir/MiniOzoneClusterImpl-ff056e79-355c-4fb1-b6e7-2d545f6c46f0/datanode-5/meta/datanode.id
2019-09-05 09:46:21,834 [main] INFO  volume.HddsVolume (HddsVolume.java:<init>(176)) - Creating Volume: /workdir/hadoop-ozone/integration-test/target/test-dir/MiniOzoneClusterImpl-ff056e79-355c-4fb1-b6e7-2d545f6c46f0/datanode-6/data/containers/hdds of  storage type : DISK and capacity : 1482555576320
2019-09-05 09:46:21,835 [main] INFO  volume.VolumeSet (VolumeSet.java:initializeVolumeSet(170)) - Added Volume : /workdir/hadoop-ozone/integration-test/target/test-dir/MiniOzoneClusterImpl-ff056e79-355c-4fb1-b6e7-2d545f6c46f0/datanode-6/data/containers/hdds to VolumeSet
2019-09-05 09:46:21,835 [main] INFO  volume.ThrottledAsyncChecker (ThrottledAsyncChecker.java:schedule(140)) - Scheduling a check for org.apache.hadoop.ozone.container.common.volume.HddsVolume@10522dfd
2019-09-05 09:46:21,835 [main] INFO  volume.HddsVolumeChecker (HddsVolumeChecker.java:checkAllVolumes(203)) - Scheduled health check for volume org.apache.hadoop.ozone.container.common.volume.HddsVolume@10522dfd
2019-09-05 09:46:21,848 [main] INFO  impl.RaftServerProxy (ConfUtils.java:logGet(43)) - raft.rpc.type = GRPC (default)
2019-09-05 09:46:21,849 [main] INFO  grpc.GrpcFactory (GrpcFactory.java:checkPooledByteBufAllocatorUseCacheForAllThreads(45)) - PERFORMANCE WARNING: useCacheForAllThreads is true that may cause Netty to create a lot garbage objects and, as a result, trigger GC.
	It is recommended to disable useCacheForAllThreads by setting -Dorg.apache.ratis.thirdparty.io.netty.allocator.useCacheForAllThreads=false in command line.
2019-09-05 09:46:21,849 [main] INFO  grpc.GrpcConfigKeys$Server (ConfUtils.java:logGet(43)) - raft.grpc.server.port = 0 (default)
2019-09-05 09:46:21,849 [main] INFO  server.GrpcService (ConfUtils.java:logGet(43)) - raft.grpc.message.size.max = 33570816 (custom)
2019-09-05 09:46:21,849 [main] INFO  server.RaftServerConfigKeys (ConfUtils.java:logGet(43)) - raft.server.log.appender.buffer.byte-limit = 33554432 (custom)
2019-09-05 09:46:21,849 [main] INFO  server.GrpcService (ConfUtils.java:logGet(43)) - raft.grpc.flow.control.window = 1MB (=1048576) (default)
2019-09-05 09:46:21,850 [main] INFO  server.RaftServerConfigKeys (ConfUtils.java:logGet(43)) - raft.server.rpc.request.timeout = 3000ms (default)
2019-09-05 09:46:21,850 [main] INFO  server.RaftServerConfigKeys (ConfUtils.java:logGet(43)) - raft.server.storage.dir = [/workdir/hadoop-ozone/integration-test/target/test-dir/MiniOzoneClusterImpl-ff056e79-355c-4fb1-b6e7-2d545f6c46f0/datanode-6/data/ratis] (custom)
2019-09-05 09:46:21,850 [main] INFO  replication.SimpleContainerDownloader (SimpleContainerDownloader.java:<init>(72)) - Starting container downloader service to copy containers to replicate.
2019-09-05 09:46:21,851 [main] INFO  hdfs.DFSUtil (DFSUtil.java:httpServerTemplateForNNAndJN(1641)) - Starting Web-server for hddsDatanode at: http://0.0.0.0:0
2019-09-05 09:46:21,853 [main] INFO  server.AuthenticationFilter (AuthenticationFilter.java:constructSecretProvider(240)) - Unable to initialize FileSignerSecretProvider, falling back to use random secrets.
2019-09-05 09:46:21,854 [main] WARN  http.HttpRequestLog (HttpRequestLog.java:getRequestLog(97)) - Jetty request log can only be enabled using Log4j
2019-09-05 09:46:21,856 [main] INFO  http.HttpServer2 (HttpServer2.java:addGlobalFilter(975)) - Added global filter 'safety' (class=org.apache.hadoop.http.HttpServer2$QuotingInputFilter)
2019-09-05 09:46:21,857 [main] INFO  http.HttpServer2 (HttpServer2.java:addFilter(948)) - Added filter static_user_filter (class=org.apache.hadoop.http.lib.StaticUserWebFilter$StaticUserFilter) to context hddsDatanode
2019-09-05 09:46:21,857 [main] INFO  http.HttpServer2 (HttpServer2.java:addFilter(958)) - Added filter static_user_filter (class=org.apache.hadoop.http.lib.StaticUserWebFilter$StaticUserFilter) to context static
2019-09-05 09:46:21,857 [main] INFO  http.HttpServer2 (HttpServer2.java:addFilter(958)) - Added filter static_user_filter (class=org.apache.hadoop.http.lib.StaticUserWebFilter$StaticUserFilter) to context logs
2019-09-05 09:46:21,858 [main] INFO  http.HttpServer2 (HttpServer2.java:bindListener(1191)) - Jetty bound to port 37132
2019-09-05 09:46:21,858 [main] INFO  server.Server (Server.java:doStart(351)) - jetty-9.3.24.v20180605, build timestamp: 2018-06-05T17:11:56Z, git hash: 84205aa28f11a4f31f2a3b86d1bba2cc8ab69827
2019-09-05 09:46:21,860 [main] INFO  handler.ContextHandler (ContextHandler.java:doStart(781)) - Started o.e.j.s.ServletContextHandler@407956a5{/logs,file:///workdir/hadoop-ozone/integration-test/target/log,AVAILABLE}
2019-09-05 09:46:21,860 [main] INFO  handler.ContextHandler (ContextHandler.java:doStart(781)) - Started o.e.j.s.ServletContextHandler@32a7c583{/static,jar:file:/home/user/.m2/repository/org/apache/hadoop/hadoop-hdds-container-service/0.5.0-SNAPSHOT/hadoop-hdds-container-service-0.5.0-SNAPSHOT.jar!/webapps/static,AVAILABLE}
2019-09-05 09:46:21,901 [main] INFO  handler.ContextHandler (ContextHandler.java:doStart(781)) - Started o.e.j.w.WebAppContext@3f1eb1bc{/,file:///tmp/jetty-0.0.0.0-37132-hddsDatanode-_-any-7793754964785966210.dir/webapp/,AVAILABLE}{/hddsDatanode}
2019-09-05 09:46:21,901 [main] INFO  server.AbstractConnector (AbstractConnector.java:doStart(278)) - Started ServerConnector@69497a36{HTTP/1.1,[http/1.1]}{0.0.0.0:37132}
2019-09-05 09:46:21,902 [main] INFO  server.Server (Server.java:doStart(419)) - Started @605790ms
2019-09-05 09:46:21,906 [main] INFO  server.BaseHttpServer (BaseHttpServer.java:updateConnectorAddress(213)) - HTTP server of HDDSDATANODE is listening at http://0.0.0.0:37132
2019-09-05 09:46:22,024 | INFO  | ObjectStoreRestHttpServer | Listening HDDS REST traffic on /0.0.0.0:33411 |  
2019-09-05 09:46:22,024 [main] INFO  ozone.HddsDatanodeService (HddsDatanodeService.java:startPlugins(395)) - Started plug-in org.apache.hadoop.ozone.web.OzoneHddsDatanodeService@6903bec9
2019-09-05 09:46:22,025 [main] INFO  ozone.MiniOzoneClusterImpl (MiniOzoneClusterImpl.java:lambda$waitForClusterToBeReady$0(142)) - Waiting for cluster to be ready. Got 0 of 7 DN Heartbeats.
2019-09-05 09:46:22,026 [org.apache.hadoop.util.JvmPauseMonitor$Monitor@4b52c49a] INFO  util.JvmPauseMonitor (JvmPauseMonitor.java:run(188)) - Starting JVM pause monitor
2019-09-05 09:46:22,028 [Datanode State Machine Thread - 0] INFO  datanode.InitDatanodeState (InitDatanodeState.java:persistContainerDatanodeDetails(140)) - DatanodeDetails is persisted to /workdir/hadoop-ozone/integration-test/target/test-dir/MiniOzoneClusterImpl-ff056e79-355c-4fb1-b6e7-2d545f6c46f0/datanode-6/meta/datanode.id
2019-09-05 09:46:22,419 | INFO  | SCMAudit | user=jenkins1000 | ip=192.168.69.64 | op=GET_VERSION null | ret=SUCCESS |  
2019-09-05 09:46:22,455 [Datanode State Machine Thread - 0] INFO  ozoneimpl.OzoneContainer (OzoneContainer.java:start(186)) - Attempting to start container services.
2019-09-05 09:46:22,455 [Datanode State Machine Thread - 0] INFO  ozoneimpl.OzoneContainer (OzoneContainer.java:startContainerScrub(160)) - Background container scrubber has been disabled by hdds.containerscrub.enabled
2019-09-05 09:46:22,455 [Datanode State Machine Thread - 0] INFO  ratis.XceiverServerRatis (XceiverServerRatis.java:start(404)) - Starting XceiverServerRatis 6b93c345-ca95-4de7-ba67-344940d63a9c at port 0
2019-09-05 09:46:22,462 [Datanode State Machine Thread - 0] INFO  impl.RaftServerProxy (RaftServerProxy.java:lambda$start$3(299)) - 6b93c345-ca95-4de7-ba67-344940d63a9c: start RPC server
2019-09-05 09:46:22,464 [Datanode State Machine Thread - 0] INFO  server.GrpcService (GrpcService.java:startImpl(149)) - 6b93c345-ca95-4de7-ba67-344940d63a9c: GrpcService started, listening on 0.0.0.0/0.0.0.0:39948
2019-09-05 09:46:22,465 [Datanode State Machine Thread - 0] INFO  ratis.XceiverServerRatis (XceiverServerRatis.java:start(414)) - XceiverServerRatis 6b93c345-ca95-4de7-ba67-344940d63a9c is started using port 39948
2019-09-05 09:46:22,465 [Datanode State Machine Thread - 0] INFO  server.XceiverServerGrpc (XceiverServerGrpc.java:start(163)) - XceiverServerGrpc 6b93c345-ca95-4de7-ba67-344940d63a9c is started using port 35025
2019-09-05 09:46:22,605 | INFO  | SCMAudit | user=jenkins1000 | ip=192.168.69.64 | op=GET_VERSION null | ret=SUCCESS |  
2019-09-05 09:46:22,638 [Datanode State Machine Thread - 0] INFO  ozoneimpl.OzoneContainer (OzoneContainer.java:start(186)) - Attempting to start container services.
2019-09-05 09:46:22,639 [Datanode State Machine Thread - 0] INFO  ozoneimpl.OzoneContainer (OzoneContainer.java:startContainerScrub(160)) - Background container scrubber has been disabled by hdds.containerscrub.enabled
2019-09-05 09:46:22,639 [Datanode State Machine Thread - 0] INFO  ratis.XceiverServerRatis (XceiverServerRatis.java:start(404)) - Starting XceiverServerRatis 2f4d3d6f-61a0-4d94-8ca0-0e317f780ff7 at port 0
2019-09-05 09:46:22,646 [Datanode State Machine Thread - 0] INFO  impl.RaftServerProxy (RaftServerProxy.java:lambda$start$3(299)) - 2f4d3d6f-61a0-4d94-8ca0-0e317f780ff7: start RPC server
2019-09-05 09:46:22,647 [Datanode State Machine Thread - 0] INFO  server.GrpcService (GrpcService.java:startImpl(149)) - 2f4d3d6f-61a0-4d94-8ca0-0e317f780ff7: GrpcService started, listening on 0.0.0.0/0.0.0.0:34430
2019-09-05 09:46:22,647 [Datanode State Machine Thread - 0] INFO  ratis.XceiverServerRatis (XceiverServerRatis.java:start(414)) - XceiverServerRatis 2f4d3d6f-61a0-4d94-8ca0-0e317f780ff7 is started using port 34430
2019-09-05 09:46:22,648 [Datanode State Machine Thread - 0] INFO  server.XceiverServerGrpc (XceiverServerGrpc.java:start(163)) - XceiverServerGrpc 2f4d3d6f-61a0-4d94-8ca0-0e317f780ff7 is started using port 42842
2019-09-05 09:46:23,025 [main] INFO  ozone.MiniOzoneClusterImpl (MiniOzoneClusterImpl.java:lambda$waitForClusterToBeReady$0(142)) - Waiting for cluster to be ready. Got 0 of 7 DN Heartbeats.
2019-09-05 09:46:23,185 | INFO  | SCMAudit | user=jenkins1000 | ip=192.168.69.64 | op=GET_VERSION null | ret=SUCCESS |  
2019-09-05 09:46:23,214 [Datanode State Machine Thread - 0] INFO  ozoneimpl.OzoneContainer (OzoneContainer.java:start(186)) - Attempting to start container services.
2019-09-05 09:46:23,214 [Datanode State Machine Thread - 0] INFO  ozoneimpl.OzoneContainer (OzoneContainer.java:startContainerScrub(160)) - Background container scrubber has been disabled by hdds.containerscrub.enabled
2019-09-05 09:46:23,214 [Datanode State Machine Thread - 0] INFO  ratis.XceiverServerRatis (XceiverServerRatis.java:start(404)) - Starting XceiverServerRatis c23920b9-2915-4dbd-979a-5f7980efe55e at port 0
2019-09-05 09:46:23,221 [Datanode State Machine Thread - 0] INFO  impl.RaftServerProxy (RaftServerProxy.java:lambda$start$3(299)) - c23920b9-2915-4dbd-979a-5f7980efe55e: start RPC server
2019-09-05 09:46:23,221 [Datanode State Machine Thread - 0] INFO  server.GrpcService (GrpcService.java:startImpl(149)) - c23920b9-2915-4dbd-979a-5f7980efe55e: GrpcService started, listening on 0.0.0.0/0.0.0.0:38450
2019-09-05 09:46:23,221 [Datanode State Machine Thread - 0] INFO  ratis.XceiverServerRatis (XceiverServerRatis.java:start(414)) - XceiverServerRatis c23920b9-2915-4dbd-979a-5f7980efe55e is started using port 38450
2019-09-05 09:46:23,222 [Datanode State Machine Thread - 0] INFO  server.XceiverServerGrpc (XceiverServerGrpc.java:start(163)) - XceiverServerGrpc c23920b9-2915-4dbd-979a-5f7980efe55e is started using port 43314
2019-09-05 09:46:23,435 | INFO  | SCMAudit | user=jenkins1000 | ip=192.168.69.64 | op=GET_VERSION null | ret=SUCCESS |  
2019-09-05 09:46:23,464 [Datanode State Machine Thread - 0] INFO  ozoneimpl.OzoneContainer (OzoneContainer.java:start(186)) - Attempting to start container services.
2019-09-05 09:46:23,465 [Datanode State Machine Thread - 0] INFO  ozoneimpl.OzoneContainer (OzoneContainer.java:startContainerScrub(160)) - Background container scrubber has been disabled by hdds.containerscrub.enabled
2019-09-05 09:46:23,465 [Datanode State Machine Thread - 0] INFO  ratis.XceiverServerRatis (XceiverServerRatis.java:start(404)) - Starting XceiverServerRatis a9783fcd-cf1c-48a2-b8c2-cbb078c8905c at port 0
2019-09-05 09:46:23,472 [Datanode State Machine Thread - 0] INFO  impl.RaftServerProxy (RaftServerProxy.java:lambda$start$3(299)) - a9783fcd-cf1c-48a2-b8c2-cbb078c8905c: start RPC server
2019-09-05 09:46:23,485 [Datanode State Machine Thread - 0] INFO  server.GrpcService (GrpcService.java:startImpl(149)) - a9783fcd-cf1c-48a2-b8c2-cbb078c8905c: GrpcService started, listening on 0.0.0.0/0.0.0.0:45519
2019-09-05 09:46:23,485 [Datanode State Machine Thread - 0] INFO  ratis.XceiverServerRatis (XceiverServerRatis.java:start(414)) - XceiverServerRatis a9783fcd-cf1c-48a2-b8c2-cbb078c8905c is started using port 45519
2019-09-05 09:46:23,485 [Datanode State Machine Thread - 0] INFO  server.XceiverServerGrpc (XceiverServerGrpc.java:start(163)) - XceiverServerGrpc a9783fcd-cf1c-48a2-b8c2-cbb078c8905c is started using port 40539
2019-09-05 09:46:23,633 | INFO  | SCMAudit | user=jenkins1000 | ip=192.168.69.64 | op=GET_VERSION null | ret=SUCCESS |  
2019-09-05 09:46:23,656 [Datanode State Machine Thread - 0] INFO  ozoneimpl.OzoneContainer (OzoneContainer.java:start(186)) - Attempting to start container services.
2019-09-05 09:46:23,657 [Datanode State Machine Thread - 0] INFO  ozoneimpl.OzoneContainer (OzoneContainer.java:startContainerScrub(160)) - Background container scrubber has been disabled by hdds.containerscrub.enabled
2019-09-05 09:46:23,657 [Datanode State Machine Thread - 0] INFO  ratis.XceiverServerRatis (XceiverServerRatis.java:start(404)) - Starting XceiverServerRatis f8f65381-65cb-46be-b0c7-4fbcf30e723e at port 0
2019-09-05 09:46:23,664 [Datanode State Machine Thread - 0] INFO  impl.RaftServerProxy (RaftServerProxy.java:lambda$start$3(299)) - f8f65381-65cb-46be-b0c7-4fbcf30e723e: start RPC server
2019-09-05 09:46:23,665 [Datanode State Machine Thread - 0] INFO  server.GrpcService (GrpcService.java:startImpl(149)) - f8f65381-65cb-46be-b0c7-4fbcf30e723e: GrpcService started, listening on 0.0.0.0/0.0.0.0:44993
2019-09-05 09:46:23,665 [Datanode State Machine Thread - 0] INFO  ratis.XceiverServerRatis (XceiverServerRatis.java:start(414)) - XceiverServerRatis f8f65381-65cb-46be-b0c7-4fbcf30e723e is started using port 44993
2019-09-05 09:46:23,666 [Datanode State Machine Thread - 0] INFO  server.XceiverServerGrpc (XceiverServerGrpc.java:start(163)) - XceiverServerGrpc f8f65381-65cb-46be-b0c7-4fbcf30e723e is started using port 35581
2019-09-05 09:46:23,826 | INFO  | SCMAudit | user=jenkins1000 | ip=192.168.69.64 | op=GET_VERSION null | ret=SUCCESS |  
2019-09-05 09:46:23,857 [Datanode State Machine Thread - 0] INFO  ozoneimpl.OzoneContainer (OzoneContainer.java:start(186)) - Attempting to start container services.
2019-09-05 09:46:23,857 [Datanode State Machine Thread - 0] INFO  ozoneimpl.OzoneContainer (OzoneContainer.java:startContainerScrub(160)) - Background container scrubber has been disabled by hdds.containerscrub.enabled
2019-09-05 09:46:23,857 [Datanode State Machine Thread - 0] INFO  ratis.XceiverServerRatis (XceiverServerRatis.java:start(404)) - Starting XceiverServerRatis be6e9899-a2a0-4aaa-86a3-6f4de7c5e0ee at port 0
2019-09-05 09:46:23,864 [Datanode State Machine Thread - 0] INFO  impl.RaftServerProxy (RaftServerProxy.java:lambda$start$3(299)) - be6e9899-a2a0-4aaa-86a3-6f4de7c5e0ee: start RPC server
2019-09-05 09:46:23,865 [Datanode State Machine Thread - 0] INFO  server.GrpcService (GrpcService.java:startImpl(149)) - be6e9899-a2a0-4aaa-86a3-6f4de7c5e0ee: GrpcService started, listening on 0.0.0.0/0.0.0.0:35409
2019-09-05 09:46:23,866 [Datanode State Machine Thread - 0] INFO  ratis.XceiverServerRatis (XceiverServerRatis.java:start(414)) - XceiverServerRatis be6e9899-a2a0-4aaa-86a3-6f4de7c5e0ee is started using port 35409
2019-09-05 09:46:23,866 [Datanode State Machine Thread - 0] INFO  server.XceiverServerGrpc (XceiverServerGrpc.java:start(163)) - XceiverServerGrpc be6e9899-a2a0-4aaa-86a3-6f4de7c5e0ee is started using port 45499
2019-09-05 09:46:24,026 [main] INFO  ozone.MiniOzoneClusterImpl (MiniOzoneClusterImpl.java:lambda$waitForClusterToBeReady$0(142)) - Waiting for cluster to be ready. Got 0 of 7 DN Heartbeats.
2019-09-05 09:46:24,027 | INFO  | SCMAudit | user=jenkins1000 | ip=192.168.69.64 | op=GET_VERSION null | ret=SUCCESS |  
2019-09-05 09:46:24,049 [Datanode State Machine Thread - 0] INFO  ozoneimpl.OzoneContainer (OzoneContainer.java:start(186)) - Attempting to start container services.
2019-09-05 09:46:24,049 [Datanode State Machine Thread - 0] INFO  ozoneimpl.OzoneContainer (OzoneContainer.java:startContainerScrub(160)) - Background container scrubber has been disabled by hdds.containerscrub.enabled
2019-09-05 09:46:24,049 [Datanode State Machine Thread - 0] INFO  ratis.XceiverServerRatis (XceiverServerRatis.java:start(404)) - Starting XceiverServerRatis 89855a1f-0ba7-4a60-bf74-368046649d6e at port 0
2019-09-05 09:46:24,053 [Datanode State Machine Thread - 0] INFO  impl.RaftServerProxy (RaftServerProxy.java:lambda$start$3(299)) - 89855a1f-0ba7-4a60-bf74-368046649d6e: start RPC server
2019-09-05 09:46:24,054 [Datanode State Machine Thread - 0] INFO  server.GrpcService (GrpcService.java:startImpl(149)) - 89855a1f-0ba7-4a60-bf74-368046649d6e: GrpcService started, listening on 0.0.0.0/0.0.0.0:38035
2019-09-05 09:46:24,054 [Datanode State Machine Thread - 0] INFO  ratis.XceiverServerRatis (XceiverServerRatis.java:start(414)) - XceiverServerRatis 89855a1f-0ba7-4a60-bf74-368046649d6e is started using port 38035
2019-09-05 09:46:24,057 [Datanode State Machine Thread - 0] INFO  server.XceiverServerGrpc (XceiverServerGrpc.java:start(163)) - XceiverServerGrpc 89855a1f-0ba7-4a60-bf74-368046649d6e is started using port 46287
2019-09-05 09:46:24,419 [IPC Server handler 4 on 36945] INFO  net.NetworkTopology (NetworkTopologyImpl.java:add(110)) - Added a new node: /default-rack/6b93c345-ca95-4de7-ba67-344940d63a9c
2019-09-05 09:46:24,421 [IPC Server handler 4 on 36945] INFO  node.SCMNodeManager (SCMNodeManager.java:register(273)) - Registered Data node : 6b93c345-ca95-4de7-ba67-344940d63a9c{ip: 192.168.69.64, host: pr-hdds-1571-tgb5r-3650803683, networkLocation: /default-rack, certSerialId: null}
2019-09-05 09:46:24,423 | INFO  | SCMAudit | user=jenkins1000 | ip=192.168.69.64 | op=REGISTER {datanodeDetails=6b93c345-ca95-4de7-ba67-344940d63a9c{ip: 192.168.69.64, host: pr-hdds-1571-tgb5r-3650803683, networkLocation: /default-rack, certSerialId: null}} | ret=SUCCESS |  
2019-09-05 09:46:24,423 [EventQueue-NodeRegistrationContainerReportForDataNodeSafeModeRule] INFO  safemode.SCMSafeModeManager (DataNodeSafeModeRule.java:process(71)) - SCM in safe mode. 1 DataNodes registered, 1 required.
2019-09-05 09:46:24,425 [EventQueue-NodeRegistrationContainerReportForDataNodeSafeModeRule] INFO  safemode.SCMSafeModeManager (SCMSafeModeManager.java:validateSafeModeExitRules(177)) - ScmSafeModeManager, all rules are successfully validated
2019-09-05 09:46:24,425 [EventQueue-NodeRegistrationContainerReportForDataNodeSafeModeRule] INFO  safemode.SCMSafeModeManager (SCMSafeModeManager.java:exitSafeMode(193)) - SCM exiting safe mode.
2019-09-05 09:46:24,456 [grpc-default-executor-10] INFO  impl.RaftServerProxy (RaftServerProxy.java:addNew(89)) - 6b93c345-ca95-4de7-ba67-344940d63a9c: addNew group-AAD04A44C3A2:[6b93c345-ca95-4de7-ba67-344940d63a9c:192.168.69.64:39948] returns group-AAD04A44C3A2:java.util.concurrent.CompletableFuture@6193106[Not completed]
2019-09-05 09:46:24,458 [pool-439-thread-1] INFO  impl.RaftServerImpl (RaftServerImpl.java:<init>(93)) - 6b93c345-ca95-4de7-ba67-344940d63a9c: new RaftServerImpl for group-AAD04A44C3A2:[6b93c345-ca95-4de7-ba67-344940d63a9c:192.168.69.64:39948] with ContainerStateMachine:uninitialized
2019-09-05 09:46:24,459 [pool-439-thread-1] INFO  server.RaftServerConfigKeys (ConfUtils.java:logGet(43)) - raft.server.rpc.timeout.min = 5s (custom)
2019-09-05 09:46:24,459 [pool-439-thread-1] INFO  server.RaftServerConfigKeys (ConfUtils.java:logGet(43)) - raft.server.rpc.timeout.max = 5200ms (custom)
2019-09-05 09:46:24,459 [pool-439-thread-1] INFO  server.RaftServerConfigKeys (ConfUtils.java:logGet(43)) - raft.server.rpcslowness.timeout = 120s (custom)
2019-09-05 09:46:24,459 [pool-439-thread-1] INFO  server.RaftServerConfigKeys (ConfUtils.java:logGet(43)) - raft.server.sleep.deviation.threshold = 300 (default)
2019-09-05 09:46:24,459 [pool-439-thread-1] INFO  server.RaftServerConfigKeys (ConfUtils.java:logGet(43)) - raft.server.log.appender.install.snapshot.enabled = false (custom)
2019-09-05 09:46:24,460 [pool-439-thread-1] INFO  impl.RaftServerImpl (ServerState.java:<init>(105)) - 6b93c345-ca95-4de7-ba67-344940d63a9c:group-AAD04A44C3A2 ConfigurationManager, init=-1: [6b93c345-ca95-4de7-ba67-344940d63a9c:192.168.69.64:39948], old=null, confs=<EMPTY_MAP>
2019-09-05 09:46:24,460 [pool-439-thread-1] INFO  server.RaftServerConfigKeys (ConfUtils.java:logGet(43)) - raft.server.storage.dir = [/workdir/hadoop-ozone/integration-test/target/test-dir/MiniOzoneClusterImpl-ff056e79-355c-4fb1-b6e7-2d545f6c46f0/datanode-0/data/ratis] (custom)
2019-09-05 09:46:24,460 [pool-439-thread-1] INFO  storage.RaftStorageDirectory (RaftStorageDirectory.java:analyzeStorage(246)) - The storage directory /workdir/hadoop-ozone/integration-test/target/test-dir/MiniOzoneClusterImpl-ff056e79-355c-4fb1-b6e7-2d545f6c46f0/datanode-0/data/ratis/211e8386-8c1f-4de2-8cdc-aad04a44c3a2 does not exist. Creating ...
2019-09-05 09:46:24,482 [pool-439-thread-1] INFO  storage.RaftStorageDirectory (RaftStorageDirectory.java:tryLock(328)) - Lock on /workdir/hadoop-ozone/integration-test/target/test-dir/MiniOzoneClusterImpl-ff056e79-355c-4fb1-b6e7-2d545f6c46f0/datanode-0/data/ratis/211e8386-8c1f-4de2-8cdc-aad04a44c3a2/in_use.lock acquired by nodename 16942@pr-hdds-1571-tgb5r-3650803683
2019-09-05 09:46:24,499 [pool-439-thread-1] INFO  storage.RaftStorage (RaftStorage.java:format(72)) - Storage directory /workdir/hadoop-ozone/integration-test/target/test-dir/MiniOzoneClusterImpl-ff056e79-355c-4fb1-b6e7-2d545f6c46f0/datanode-0/data/ratis/211e8386-8c1f-4de2-8cdc-aad04a44c3a2 has been successfully formatted.
2019-09-05 09:46:24,500 [pool-439-thread-1] INFO  ratis.ContainerStateMachine (ContainerStateMachine.java:loadSnapshot(226)) - group-AAD04A44C3A2: The snapshot info is null. Setting the last applied indexto:(t:0, i:~)
2019-09-05 09:46:24,500 [pool-439-thread-1] INFO  server.RaftServerConfigKeys (ConfUtils.java:logGet(43)) - raft.server.leader.election.timeout = 120s (custom)
2019-09-05 09:46:24,500 [pool-439-thread-1] INFO  server.RaftServerConfigKeys (ConfUtils.java:logGet(43)) - raft.server.log.use.memory = false (default)
2019-09-05 09:46:24,500 [pool-439-thread-1] INFO  server.RaftServerConfigKeys (ConfUtils.java:logGet(43)) - raft.server.log.purge.gap = 1000000 (custom)
2019-09-05 09:46:24,501 [pool-439-thread-1] INFO  server.RaftServerConfigKeys (ConfUtils.java:logGet(43)) - raft.server.log.appender.buffer.byte-limit = 33554432 (custom)
2019-09-05 09:46:24,501 [pool-439-thread-1] INFO  server.RaftServerConfigKeys (ConfUtils.java:logGet(43)) - raft.server.log.segment.size.max = 1048576 (custom)
2019-09-05 09:46:24,501 [pool-439-thread-1] INFO  server.RaftServerConfigKeys (ConfUtils.java:logGet(43)) - raft.server.log.segment.cache.num.max = 2 (custom)
2019-09-05 09:46:24,501 [pool-439-thread-1] INFO  segmented.SegmentedRaftLogWorker (SegmentedRaftLogWorker.java:<init>(172)) - new 6b93c345-ca95-4de7-ba67-344940d63a9c-SegmentedRaftLogWorker:Storage Directory /workdir/hadoop-ozone/integration-test/target/test-dir/MiniOzoneClusterImpl-ff056e79-355c-4fb1-b6e7-2d545f6c46f0/datanode-0/data/ratis/211e8386-8c1f-4de2-8cdc-aad04a44c3a2 for RaftStorage:Storage Directory /workdir/hadoop-ozone/integration-test/target/test-dir/MiniOzoneClusterImpl-ff056e79-355c-4fb1-b6e7-2d545f6c46f0/datanode-0/data/ratis/211e8386-8c1f-4de2-8cdc-aad04a44c3a2
2019-09-05 09:46:24,501 [pool-439-thread-1] INFO  server.RaftServerConfigKeys (ConfUtils.java:logGet(43)) - raft.server.log.queue.byte-limit = 2147483647 (custom)
2019-09-05 09:46:24,502 [pool-439-thread-1] INFO  server.RaftServerConfigKeys (ConfUtils.java:logGet(43)) - raft.server.log.queue.element-limit = 1024 (custom)
2019-09-05 09:46:24,502 [pool-439-thread-1] INFO  server.RaftServerConfigKeys (ConfUtils.java:logGet(43)) - raft.server.log.segment.size.max = 1048576 (custom)
2019-09-05 09:46:24,502 [pool-439-thread-1] INFO  server.RaftServerConfigKeys (ConfUtils.java:logGet(43)) - raft.server.log.preallocated.size = 16384 (custom)
2019-09-05 09:46:24,502 [pool-439-thread-1] INFO  server.RaftServerConfigKeys (ConfUtils.java:logGet(43)) - raft.server.log.write.buffer.size = 33554432 (custom)
2019-09-05 09:46:24,503 [pool-439-thread-1] INFO  server.RaftServerConfigKeys (ConfUtils.java:logGet(43)) - raft.server.log.force.sync.num = 128 (default)
2019-09-05 09:46:24,503 [pool-439-thread-1] INFO  server.RaftServerConfigKeys (ConfUtils.java:logGet(43)) - raft.server.log.statemachine.data.sync = true (default)
2019-09-05 09:46:24,503 [pool-439-thread-1] INFO  server.RaftServerConfigKeys (ConfUtils.java:logGet(43)) - raft.server.log.statemachine.data.sync.timeout = 10s (default)
2019-09-05 09:46:24,503 [pool-439-thread-1] INFO  server.RaftServerConfigKeys (ConfUtils.java:logGet(43)) - raft.server.log.statemachine.data.sync.timeout.retry = -1 (default)
2019-09-05 09:46:24,503 [pool-439-thread-1] INFO  server.RaftServerConfigKeys (ConfUtils.java:logGet(43)) - raft.server.log.statemachine.data.caching.enabled = true (custom)
2019-09-05 09:46:24,504 [pool-439-thread-1] INFO  segmented.SegmentedRaftLogWorker (SegmentedRaftLogWorker.java:lambda$new$0(132)) - 6b93c345-ca95-4de7-ba67-344940d63a9c-SegmentedRaftLogWorker:Storage Directory /workdir/hadoop-ozone/integration-test/target/test-dir/MiniOzoneClusterImpl-ff056e79-355c-4fb1-b6e7-2d545f6c46f0/datanode-0/data/ratis/211e8386-8c1f-4de2-8cdc-aad04a44c3a2: flushIndex: setUnconditionally 0 -> -1
2019-09-05 09:46:24,504 [pool-439-thread-1] INFO  server.RaftServerConfigKeys (ConfUtils.java:logGet(43)) - raft.server.snapshot.auto.trigger.enabled = true (custom)
2019-09-05 09:46:24,504 [pool-439-thread-1] INFO  server.RaftServerConfigKeys (ConfUtils.java:logGet(43)) - raft.server.snapshot.auto.trigger.threshold = 10000 (custom)
2019-09-05 09:46:24,505 [pool-439-thread-1] INFO  server.RaftServerConfigKeys (ConfUtils.java:logGet(43)) - raft.server.retrycache.expirytime = 600000ms (custom)
2019-09-05 09:46:24,505 [pool-439-thread-1] INFO  impl.RaftServerImpl (RaftServerImpl.java:start(180)) - 6b93c345-ca95-4de7-ba67-344940d63a9c: start group-AAD04A44C3A2
2019-09-05 09:46:24,505 [pool-439-thread-1] INFO  impl.RaftServerImpl (RaftServerImpl.java:setRole(171)) - 6b93c345-ca95-4de7-ba67-344940d63a9c:group-AAD04A44C3A2 changes role from null to FOLLOWER at term 0 for startAsFollower
2019-09-05 09:46:24,505 [pool-439-thread-1] INFO  impl.RoleInfo (RoleInfo.java:updateAndGet(143)) - 6b93c345-ca95-4de7-ba67-344940d63a9c: start FollowerState
2019-09-05 09:46:24,507 [pool-439-thread-1] INFO  util.JmxRegister (JmxRegister.java:tryRegister(44)) - Successfully registered JMX Bean with object name Ratis:service=RaftServer,group=group-AAD04A44C3A2,id=6b93c345-ca95-4de7-ba67-344940d63a9c
2019-09-05 09:46:24,513 [RatisPipelineUtilsThread] INFO  pipeline.PipelineStateManager (PipelineStateManager.java:addPipeline(56)) - Created pipeline Pipeline[ Id: 211e8386-8c1f-4de2-8cdc-aad04a44c3a2, Nodes: 6b93c345-ca95-4de7-ba67-344940d63a9c{ip: 192.168.69.64, host: pr-hdds-1571-tgb5r-3650803683, networkLocation: /default-rack, certSerialId: null}, Type:RATIS, Factor:ONE, State:OPEN]
2019-09-05 09:46:24,606 [IPC Server handler 3 on 36945] INFO  net.NetworkTopology (NetworkTopologyImpl.java:add(110)) - Added a new node: /default-rack/2f4d3d6f-61a0-4d94-8ca0-0e317f780ff7
2019-09-05 09:46:24,606 [IPC Server handler 3 on 36945] INFO  node.SCMNodeManager (SCMNodeManager.java:register(273)) - Registered Data node : 2f4d3d6f-61a0-4d94-8ca0-0e317f780ff7{ip: 192.168.69.64, host: pr-hdds-1571-tgb5r-3650803683, networkLocation: /default-rack, certSerialId: null}
2019-09-05 09:46:24,607 | INFO  | SCMAudit | user=jenkins1000 | ip=192.168.69.64 | op=REGISTER {datanodeDetails=2f4d3d6f-61a0-4d94-8ca0-0e317f780ff7{ip: 192.168.69.64, host: pr-hdds-1571-tgb5r-3650803683, networkLocation: /default-rack, certSerialId: null}} | ret=SUCCESS |  
2019-09-05 09:46:24,626 [grpc-default-executor-10] INFO  impl.RaftServerProxy (RaftServerProxy.java:addNew(89)) - 2f4d3d6f-61a0-4d94-8ca0-0e317f780ff7: addNew group-079BB745D9D9:[2f4d3d6f-61a0-4d94-8ca0-0e317f780ff7:192.168.69.64:34430] returns group-079BB745D9D9:java.util.concurrent.CompletableFuture@77fff5f4[Not completed]
2019-09-05 09:46:24,627 [pool-450-thread-1] INFO  impl.RaftServerImpl (RaftServerImpl.java:<init>(93)) - 2f4d3d6f-61a0-4d94-8ca0-0e317f780ff7: new RaftServerImpl for group-079BB745D9D9:[2f4d3d6f-61a0-4d94-8ca0-0e317f780ff7:192.168.69.64:34430] with ContainerStateMachine:uninitialized
2019-09-05 09:46:24,627 [pool-450-thread-1] INFO  server.RaftServerConfigKeys (ConfUtils.java:logGet(43)) - raft.server.rpc.timeout.min = 5s (custom)
2019-09-05 09:46:24,627 [pool-450-thread-1] INFO  server.RaftServerConfigKeys (ConfUtils.java:logGet(43)) - raft.server.rpc.timeout.max = 5200ms (custom)
2019-09-05 09:46:24,628 [pool-450-thread-1] INFO  server.RaftServerConfigKeys (ConfUtils.java:logGet(43)) - raft.server.rpcslowness.timeout = 120s (custom)
2019-09-05 09:46:24,628 [pool-450-thread-1] INFO  server.RaftServerConfigKeys (ConfUtils.java:logGet(43)) - raft.server.sleep.deviation.threshold = 300 (default)
2019-09-05 09:46:24,628 [pool-450-thread-1] INFO  server.RaftServerConfigKeys (ConfUtils.java:logGet(43)) - raft.server.log.appender.install.snapshot.enabled = false (custom)
2019-09-05 09:46:24,628 [pool-450-thread-1] INFO  impl.RaftServerImpl (ServerState.java:<init>(105)) - 2f4d3d6f-61a0-4d94-8ca0-0e317f780ff7:group-079BB745D9D9 ConfigurationManager, init=-1: [2f4d3d6f-61a0-4d94-8ca0-0e317f780ff7:192.168.69.64:34430], old=null, confs=<EMPTY_MAP>
2019-09-05 09:46:24,628 [pool-450-thread-1] INFO  server.RaftServerConfigKeys (ConfUtils.java:logGet(43)) - raft.server.storage.dir = [/workdir/hadoop-ozone/integration-test/target/test-dir/MiniOzoneClusterImpl-ff056e79-355c-4fb1-b6e7-2d545f6c46f0/datanode-1/data/ratis] (custom)
2019-09-05 09:46:24,629 [pool-450-thread-1] INFO  storage.RaftStorageDirectory (RaftStorageDirectory.java:analyzeStorage(246)) - The storage directory /workdir/hadoop-ozone/integration-test/target/test-dir/MiniOzoneClusterImpl-ff056e79-355c-4fb1-b6e7-2d545f6c46f0/datanode-1/data/ratis/3589c42e-9937-42df-8b24-079bb745d9d9 does not exist. Creating ...
2019-09-05 09:46:24,675 [pool-450-thread-1] INFO  storage.RaftStorageDirectory (RaftStorageDirectory.java:tryLock(328)) - Lock on /workdir/hadoop-ozone/integration-test/target/test-dir/MiniOzoneClusterImpl-ff056e79-355c-4fb1-b6e7-2d545f6c46f0/datanode-1/data/ratis/3589c42e-9937-42df-8b24-079bb745d9d9/in_use.lock acquired by nodename 16942@pr-hdds-1571-tgb5r-3650803683
2019-09-05 09:46:24,701 [pool-450-thread-1] INFO  storage.RaftStorage (RaftStorage.java:format(72)) - Storage directory /workdir/hadoop-ozone/integration-test/target/test-dir/MiniOzoneClusterImpl-ff056e79-355c-4fb1-b6e7-2d545f6c46f0/datanode-1/data/ratis/3589c42e-9937-42df-8b24-079bb745d9d9 has been successfully formatted.
2019-09-05 09:46:24,701 [pool-450-thread-1] INFO  ratis.ContainerStateMachine (ContainerStateMachine.java:loadSnapshot(226)) - group-079BB745D9D9: The snapshot info is null. Setting the last applied indexto:(t:0, i:~)
2019-09-05 09:46:24,702 [pool-450-thread-1] INFO  server.RaftServerConfigKeys (ConfUtils.java:logGet(43)) - raft.server.leader.election.timeout = 120s (custom)
2019-09-05 09:46:24,702 [pool-450-thread-1] INFO  server.RaftServerConfigKeys (ConfUtils.java:logGet(43)) - raft.server.log.use.memory = false (default)
2019-09-05 09:46:24,702 [pool-450-thread-1] INFO  server.RaftServerConfigKeys (ConfUtils.java:logGet(43)) - raft.server.log.purge.gap = 1000000 (custom)
2019-09-05 09:46:24,702 [pool-450-thread-1] INFO  server.RaftServerConfigKeys (ConfUtils.java:logGet(43)) - raft.server.log.appender.buffer.byte-limit = 33554432 (custom)
2019-09-05 09:46:24,702 [pool-450-thread-1] INFO  server.RaftServerConfigKeys (ConfUtils.java:logGet(43)) - raft.server.log.segment.size.max = 1048576 (custom)
2019-09-05 09:46:24,702 [pool-450-thread-1] INFO  server.RaftServerConfigKeys (ConfUtils.java:logGet(43)) - raft.server.log.segment.cache.num.max = 2 (custom)
2019-09-05 09:46:24,703 [pool-450-thread-1] INFO  segmented.SegmentedRaftLogWorker (SegmentedRaftLogWorker.java:<init>(172)) - new 2f4d3d6f-61a0-4d94-8ca0-0e317f780ff7-SegmentedRaftLogWorker:Storage Directory /workdir/hadoop-ozone/integration-test/target/test-dir/MiniOzoneClusterImpl-ff056e79-355c-4fb1-b6e7-2d545f6c46f0/datanode-1/data/ratis/3589c42e-9937-42df-8b24-079bb745d9d9 for RaftStorage:Storage Directory /workdir/hadoop-ozone/integration-test/target/test-dir/MiniOzoneClusterImpl-ff056e79-355c-4fb1-b6e7-2d545f6c46f0/datanode-1/data/ratis/3589c42e-9937-42df-8b24-079bb745d9d9
2019-09-05 09:46:24,703 [pool-450-thread-1] INFO  server.RaftServerConfigKeys (ConfUtils.java:logGet(43)) - raft.server.log.queue.byte-limit = 2147483647 (custom)
2019-09-05 09:46:24,703 [pool-450-thread-1] INFO  server.RaftServerConfigKeys (ConfUtils.java:logGet(43)) - raft.server.log.queue.element-limit = 1024 (custom)
2019-09-05 09:46:24,703 [pool-450-thread-1] INFO  server.RaftServerConfigKeys (ConfUtils.java:logGet(43)) - raft.server.log.segment.size.max = 1048576 (custom)
2019-09-05 09:46:24,704 [pool-450-thread-1] INFO  server.RaftServerConfigKeys (ConfUtils.java:logGet(43)) - raft.server.log.preallocated.size = 16384 (custom)
2019-09-05 09:46:24,704 [pool-450-thread-1] INFO  server.RaftServerConfigKeys (ConfUtils.java:logGet(43)) - raft.server.log.write.buffer.size = 33554432 (custom)
2019-09-05 09:46:24,704 [pool-450-thread-1] INFO  server.RaftServerConfigKeys (ConfUtils.java:logGet(43)) - raft.server.log.force.sync.num = 128 (default)
2019-09-05 09:46:24,704 [pool-450-thread-1] INFO  server.RaftServerConfigKeys (ConfUtils.java:logGet(43)) - raft.server.log.statemachine.data.sync = true (default)
2019-09-05 09:46:24,704 [pool-450-thread-1] INFO  server.RaftServerConfigKeys (ConfUtils.java:logGet(43)) - raft.server.log.statemachine.data.sync.timeout = 10s (default)
2019-09-05 09:46:24,704 [pool-450-thread-1] INFO  server.RaftServerConfigKeys (ConfUtils.java:logGet(43)) - raft.server.log.statemachine.data.sync.timeout.retry = -1 (default)
2019-09-05 09:46:24,705 [pool-450-thread-1] INFO  server.RaftServerConfigKeys (ConfUtils.java:logGet(43)) - raft.server.log.statemachine.data.caching.enabled = true (custom)
2019-09-05 09:46:24,705 [pool-450-thread-1] INFO  segmented.SegmentedRaftLogWorker (SegmentedRaftLogWorker.java:lambda$new$0(132)) - 2f4d3d6f-61a0-4d94-8ca0-0e317f780ff7-SegmentedRaftLogWorker:Storage Directory /workdir/hadoop-ozone/integration-test/target/test-dir/MiniOzoneClusterImpl-ff056e79-355c-4fb1-b6e7-2d545f6c46f0/datanode-1/data/ratis/3589c42e-9937-42df-8b24-079bb745d9d9: flushIndex: setUnconditionally 0 -> -1
2019-09-05 09:46:24,706 [pool-450-thread-1] INFO  server.RaftServerConfigKeys (ConfUtils.java:logGet(43)) - raft.server.snapshot.auto.trigger.enabled = true (custom)
2019-09-05 09:46:24,706 [pool-450-thread-1] INFO  server.RaftServerConfigKeys (ConfUtils.java:logGet(43)) - raft.server.snapshot.auto.trigger.threshold = 10000 (custom)
2019-09-05 09:46:24,706 [pool-450-thread-1] INFO  server.RaftServerConfigKeys (ConfUtils.java:logGet(43)) - raft.server.retrycache.expirytime = 600000ms (custom)
2019-09-05 09:46:24,706 [pool-450-thread-1] INFO  impl.RaftServerImpl (RaftServerImpl.java:start(180)) - 2f4d3d6f-61a0-4d94-8ca0-0e317f780ff7: start group-079BB745D9D9
2019-09-05 09:46:24,706 [pool-450-thread-1] INFO  impl.RaftServerImpl (RaftServerImpl.java:setRole(171)) - 2f4d3d6f-61a0-4d94-8ca0-0e317f780ff7:group-079BB745D9D9 changes role from null to FOLLOWER at term 0 for startAsFollower
2019-09-05 09:46:24,707 [pool-450-thread-1] INFO  impl.RoleInfo (RoleInfo.java:updateAndGet(143)) - 2f4d3d6f-61a0-4d94-8ca0-0e317f780ff7: start FollowerState
2019-09-05 09:46:24,707 [pool-450-thread-1] INFO  util.JmxRegister (JmxRegister.java:tryRegister(44)) - Successfully registered JMX Bean with object name Ratis:service=RaftServer,group=group-079BB745D9D9,id=2f4d3d6f-61a0-4d94-8ca0-0e317f780ff7
2019-09-05 09:46:24,712 [RatisPipelineUtilsThread] INFO  pipeline.PipelineStateManager (PipelineStateManager.java:addPipeline(56)) - Created pipeline Pipeline[ Id: 3589c42e-9937-42df-8b24-079bb745d9d9, Nodes: 2f4d3d6f-61a0-4d94-8ca0-0e317f780ff7{ip: 192.168.69.64, host: pr-hdds-1571-tgb5r-3650803683, networkLocation: /default-rack, certSerialId: null}, Type:RATIS, Factor:ONE, State:OPEN]
2019-09-05 09:46:25,026 [main] INFO  ozone.MiniOzoneClusterImpl (MiniOzoneClusterImpl.java:lambda$waitForClusterToBeReady$0(142)) - Waiting for cluster to be ready. Got 2 of 7 DN Heartbeats.
2019-09-05 09:46:25,185 [IPC Server handler 4 on 36945] INFO  net.NetworkTopology (NetworkTopologyImpl.java:add(110)) - Added a new node: /default-rack/c23920b9-2915-4dbd-979a-5f7980efe55e
2019-09-05 09:46:25,186 [IPC Server handler 4 on 36945] INFO  node.SCMNodeManager (SCMNodeManager.java:register(273)) - Registered Data node : c23920b9-2915-4dbd-979a-5f7980efe55e{ip: 192.168.69.64, host: pr-hdds-1571-tgb5r-3650803683, networkLocation: /default-rack, certSerialId: null}
2019-09-05 09:46:25,186 | INFO  | SCMAudit | user=jenkins1000 | ip=192.168.69.64 | op=REGISTER {datanodeDetails=c23920b9-2915-4dbd-979a-5f7980efe55e{ip: 192.168.69.64, host: pr-hdds-1571-tgb5r-3650803683, networkLocation: /default-rack, certSerialId: null}} | ret=SUCCESS |  
2019-09-05 09:46:25,193 [grpc-default-executor-10] INFO  impl.RaftServerProxy (RaftServerProxy.java:addNew(89)) - c23920b9-2915-4dbd-979a-5f7980efe55e: addNew group-5B3C83CA0804:[c23920b9-2915-4dbd-979a-5f7980efe55e:192.168.69.64:38450] returns group-5B3C83CA0804:java.util.concurrent.CompletableFuture@64fc8ebd[Not completed]
2019-09-05 09:46:25,195 [pool-461-thread-1] INFO  impl.RaftServerImpl (RaftServerImpl.java:<init>(93)) - c23920b9-2915-4dbd-979a-5f7980efe55e: new RaftServerImpl for group-5B3C83CA0804:[c23920b9-2915-4dbd-979a-5f7980efe55e:192.168.69.64:38450] with ContainerStateMachine:uninitialized
2019-09-05 09:46:25,195 [pool-461-thread-1] INFO  server.RaftServerConfigKeys (ConfUtils.java:logGet(43)) - raft.server.rpc.timeout.min = 5s (custom)
2019-09-05 09:46:25,195 [pool-461-thread-1] INFO  server.RaftServerConfigKeys (ConfUtils.java:logGet(43)) - raft.server.rpc.timeout.max = 5200ms (custom)
2019-09-05 09:46:25,195 [pool-461-thread-1] INFO  server.RaftServerConfigKeys (ConfUtils.java:logGet(43)) - raft.server.rpcslowness.timeout = 120s (custom)
2019-09-05 09:46:25,195 [pool-461-thread-1] INFO  server.RaftServerConfigKeys (ConfUtils.java:logGet(43)) - raft.server.sleep.deviation.threshold = 300 (default)
2019-09-05 09:46:25,195 [pool-461-thread-1] INFO  server.RaftServerConfigKeys (ConfUtils.java:logGet(43)) - raft.server.log.appender.install.snapshot.enabled = false (custom)
2019-09-05 09:46:25,195 [pool-461-thread-1] INFO  impl.RaftServerImpl (ServerState.java:<init>(105)) - c23920b9-2915-4dbd-979a-5f7980efe55e:group-5B3C83CA0804 ConfigurationManager, init=-1: [c23920b9-2915-4dbd-979a-5f7980efe55e:192.168.69.64:38450], old=null, confs=<EMPTY_MAP>
2019-09-05 09:46:25,196 [pool-461-thread-1] INFO  server.RaftServerConfigKeys (ConfUtils.java:logGet(43)) - raft.server.storage.dir = [/workdir/hadoop-ozone/integration-test/target/test-dir/MiniOzoneClusterImpl-ff056e79-355c-4fb1-b6e7-2d545f6c46f0/datanode-2/data/ratis] (custom)
2019-09-05 09:46:25,196 [pool-461-thread-1] INFO  storage.RaftStorageDirectory (RaftStorageDirectory.java:analyzeStorage(246)) - The storage directory /workdir/hadoop-ozone/integration-test/target/test-dir/MiniOzoneClusterImpl-ff056e79-355c-4fb1-b6e7-2d545f6c46f0/datanode-2/data/ratis/ceec259f-725c-4aef-a117-5b3c83ca0804 does not exist. Creating ...
2019-09-05 09:46:25,228 [pool-461-thread-1] INFO  storage.RaftStorageDirectory (RaftStorageDirectory.java:tryLock(328)) - Lock on /workdir/hadoop-ozone/integration-test/target/test-dir/MiniOzoneClusterImpl-ff056e79-355c-4fb1-b6e7-2d545f6c46f0/datanode-2/data/ratis/ceec259f-725c-4aef-a117-5b3c83ca0804/in_use.lock acquired by nodename 16942@pr-hdds-1571-tgb5r-3650803683
2019-09-05 09:46:25,254 [pool-461-thread-1] INFO  storage.RaftStorage (RaftStorage.java:format(72)) - Storage directory /workdir/hadoop-ozone/integration-test/target/test-dir/MiniOzoneClusterImpl-ff056e79-355c-4fb1-b6e7-2d545f6c46f0/datanode-2/data/ratis/ceec259f-725c-4aef-a117-5b3c83ca0804 has been successfully formatted.
2019-09-05 09:46:25,254 [pool-461-thread-1] INFO  ratis.ContainerStateMachine (ContainerStateMachine.java:loadSnapshot(226)) - group-5B3C83CA0804: The snapshot info is null. Setting the last applied indexto:(t:0, i:~)
2019-09-05 09:46:25,254 [pool-461-thread-1] INFO  server.RaftServerConfigKeys (ConfUtils.java:logGet(43)) - raft.server.leader.election.timeout = 120s (custom)
2019-09-05 09:46:25,255 [pool-461-thread-1] INFO  server.RaftServerConfigKeys (ConfUtils.java:logGet(43)) - raft.server.log.use.memory = false (default)
2019-09-05 09:46:25,255 [pool-461-thread-1] INFO  server.RaftServerConfigKeys (ConfUtils.java:logGet(43)) - raft.server.log.purge.gap = 1000000 (custom)
2019-09-05 09:46:25,255 [pool-461-thread-1] INFO  server.RaftServerConfigKeys (ConfUtils.java:logGet(43)) - raft.server.log.appender.buffer.byte-limit = 33554432 (custom)
2019-09-05 09:46:25,255 [pool-461-thread-1] INFO  server.RaftServerConfigKeys (ConfUtils.java:logGet(43)) - raft.server.log.segment.size.max = 1048576 (custom)
2019-09-05 09:46:25,255 [pool-461-thread-1] INFO  server.RaftServerConfigKeys (ConfUtils.java:logGet(43)) - raft.server.log.segment.cache.num.max = 2 (custom)
2019-09-05 09:46:25,255 [pool-461-thread-1] INFO  segmented.SegmentedRaftLogWorker (SegmentedRaftLogWorker.java:<init>(172)) - new c23920b9-2915-4dbd-979a-5f7980efe55e-SegmentedRaftLogWorker:Storage Directory /workdir/hadoop-ozone/integration-test/target/test-dir/MiniOzoneClusterImpl-ff056e79-355c-4fb1-b6e7-2d545f6c46f0/datanode-2/data/ratis/ceec259f-725c-4aef-a117-5b3c83ca0804 for RaftStorage:Storage Directory /workdir/hadoop-ozone/integration-test/target/test-dir/MiniOzoneClusterImpl-ff056e79-355c-4fb1-b6e7-2d545f6c46f0/datanode-2/data/ratis/ceec259f-725c-4aef-a117-5b3c83ca0804
2019-09-05 09:46:25,256 [pool-461-thread-1] INFO  server.RaftServerConfigKeys (ConfUtils.java:logGet(43)) - raft.server.log.queue.byte-limit = 2147483647 (custom)
2019-09-05 09:46:25,256 [pool-461-thread-1] INFO  server.RaftServerConfigKeys (ConfUtils.java:logGet(43)) - raft.server.log.queue.element-limit = 1024 (custom)
2019-09-05 09:46:25,256 [pool-461-thread-1] INFO  server.RaftServerConfigKeys (ConfUtils.java:logGet(43)) - raft.server.log.segment.size.max = 1048576 (custom)
2019-09-05 09:46:25,256 [pool-461-thread-1] INFO  server.RaftServerConfigKeys (ConfUtils.java:logGet(43)) - raft.server.log.preallocated.size = 16384 (custom)
2019-09-05 09:46:25,256 [pool-461-thread-1] INFO  server.RaftServerConfigKeys (ConfUtils.java:logGet(43)) - raft.server.log.write.buffer.size = 33554432 (custom)
2019-09-05 09:46:25,256 [pool-461-thread-1] INFO  server.RaftServerConfigKeys (ConfUtils.java:logGet(43)) - raft.server.log.force.sync.num = 128 (default)
2019-09-05 09:46:25,256 [pool-461-thread-1] INFO  server.RaftServerConfigKeys (ConfUtils.java:logGet(43)) - raft.server.log.statemachine.data.sync = true (default)
2019-09-05 09:46:25,257 [pool-461-thread-1] INFO  server.RaftServerConfigKeys (ConfUtils.java:logGet(43)) - raft.server.log.statemachine.data.sync.timeout = 10s (default)
2019-09-05 09:46:25,257 [pool-461-thread-1] INFO  server.RaftServerConfigKeys (ConfUtils.java:logGet(43)) - raft.server.log.statemachine.data.sync.timeout.retry = -1 (default)
2019-09-05 09:46:25,257 [pool-461-thread-1] INFO  server.RaftServerConfigKeys (ConfUtils.java:logGet(43)) - raft.server.log.statemachine.data.caching.enabled = true (custom)
2019-09-05 09:46:25,257 [pool-461-thread-1] INFO  segmented.SegmentedRaftLogWorker (SegmentedRaftLogWorker.java:lambda$new$0(132)) - c23920b9-2915-4dbd-979a-5f7980efe55e-SegmentedRaftLogWorker:Storage Directory /workdir/hadoop-ozone/integration-test/target/test-dir/MiniOzoneClusterImpl-ff056e79-355c-4fb1-b6e7-2d545f6c46f0/datanode-2/data/ratis/ceec259f-725c-4aef-a117-5b3c83ca0804: flushIndex: setUnconditionally 0 -> -1
2019-09-05 09:46:25,258 [pool-461-thread-1] INFO  server.RaftServerConfigKeys (ConfUtils.java:logGet(43)) - raft.server.snapshot.auto.trigger.enabled = true (custom)
2019-09-05 09:46:25,258 [pool-461-thread-1] INFO  server.RaftServerConfigKeys (ConfUtils.java:logGet(43)) - raft.server.snapshot.auto.trigger.threshold = 10000 (custom)
2019-09-05 09:46:25,258 [pool-461-thread-1] INFO  server.RaftServerConfigKeys (ConfUtils.java:logGet(43)) - raft.server.retrycache.expirytime = 600000ms (custom)
2019-09-05 09:46:25,258 [pool-461-thread-1] INFO  impl.RaftServerImpl (RaftServerImpl.java:start(180)) - c23920b9-2915-4dbd-979a-5f7980efe55e: start group-5B3C83CA0804
2019-09-05 09:46:25,258 [pool-461-thread-1] INFO  impl.RaftServerImpl (RaftServerImpl.java:setRole(171)) - c23920b9-2915-4dbd-979a-5f7980efe55e:group-5B3C83CA0804 changes role from null to FOLLOWER at term 0 for startAsFollower
2019-09-05 09:46:25,258 [pool-461-thread-1] INFO  impl.RoleInfo (RoleInfo.java:updateAndGet(143)) - c23920b9-2915-4dbd-979a-5f7980efe55e: start FollowerState
2019-09-05 09:46:25,259 [pool-461-thread-1] INFO  util.JmxRegister (JmxRegister.java:tryRegister(44)) - Successfully registered JMX Bean with object name Ratis:service=RaftServer,group=group-5B3C83CA0804,id=c23920b9-2915-4dbd-979a-5f7980efe55e
2019-09-05 09:46:25,265 [RatisPipelineUtilsThread] INFO  pipeline.PipelineStateManager (PipelineStateManager.java:addPipeline(56)) - Created pipeline Pipeline[ Id: ceec259f-725c-4aef-a117-5b3c83ca0804, Nodes: c23920b9-2915-4dbd-979a-5f7980efe55e{ip: 192.168.69.64, host: pr-hdds-1571-tgb5r-3650803683, networkLocation: /default-rack, certSerialId: null}, Type:RATIS, Factor:ONE, State:OPEN]
2019-09-05 09:46:25,285 [grpc-default-executor-2] INFO  impl.RaftServerProxy (RaftServerProxy.java:addNew(89)) - 2f4d3d6f-61a0-4d94-8ca0-0e317f780ff7: addNew group-D760EDA197CD:[6b93c345-ca95-4de7-ba67-344940d63a9c:192.168.69.64:39948, c23920b9-2915-4dbd-979a-5f7980efe55e:192.168.69.64:38450, 2f4d3d6f-61a0-4d94-8ca0-0e317f780ff7:192.168.69.64:34430] returns group-D760EDA197CD:java.util.concurrent.CompletableFuture@131d08bb[Not completed]
2019-09-05 09:46:25,285 [grpc-default-executor-10] INFO  impl.RaftServerProxy (RaftServerProxy.java:addNew(89)) - c23920b9-2915-4dbd-979a-5f7980efe55e: addNew group-D760EDA197CD:[6b93c345-ca95-4de7-ba67-344940d63a9c:192.168.69.64:39948, c23920b9-2915-4dbd-979a-5f7980efe55e:192.168.69.64:38450, 2f4d3d6f-61a0-4d94-8ca0-0e317f780ff7:192.168.69.64:34430] returns group-D760EDA197CD:java.util.concurrent.CompletableFuture@5feee800[Not completed]
2019-09-05 09:46:25,285 [grpc-default-executor-2] INFO  impl.RaftServerProxy (RaftServerProxy.java:addNew(89)) - 6b93c345-ca95-4de7-ba67-344940d63a9c: addNew group-D760EDA197CD:[6b93c345-ca95-4de7-ba67-344940d63a9c:192.168.69.64:39948, c23920b9-2915-4dbd-979a-5f7980efe55e:192.168.69.64:38450, 2f4d3d6f-61a0-4d94-8ca0-0e317f780ff7:192.168.69.64:34430] returns group-D760EDA197CD:java.util.concurrent.CompletableFuture@201ffc92[Not completed]
2019-09-05 09:46:25,286 [pool-450-thread-1] INFO  impl.RaftServerImpl (RaftServerImpl.java:<init>(93)) - 2f4d3d6f-61a0-4d94-8ca0-0e317f780ff7: new RaftServerImpl for group-D760EDA197CD:[6b93c345-ca95-4de7-ba67-344940d63a9c:192.168.69.64:39948, c23920b9-2915-4dbd-979a-5f7980efe55e:192.168.69.64:38450, 2f4d3d6f-61a0-4d94-8ca0-0e317f780ff7:192.168.69.64:34430] with ContainerStateMachine:uninitialized
2019-09-05 09:46:25,286 [pool-450-thread-1] INFO  server.RaftServerConfigKeys (ConfUtils.java:logGet(43)) - raft.server.rpc.timeout.min = 5s (custom)
2019-09-05 09:46:25,286 [pool-450-thread-1] INFO  server.RaftServerConfigKeys (ConfUtils.java:logGet(43)) - raft.server.rpc.timeout.max = 5200ms (custom)
2019-09-05 09:46:25,286 [pool-450-thread-1] INFO  server.RaftServerConfigKeys (ConfUtils.java:logGet(43)) - raft.server.rpcslowness.timeout = 120s (custom)
2019-09-05 09:46:25,286 [pool-439-thread-1] INFO  impl.RaftServerImpl (RaftServerImpl.java:<init>(93)) - 6b93c345-ca95-4de7-ba67-344940d63a9c: new RaftServerImpl for group-D760EDA197CD:[6b93c345-ca95-4de7-ba67-344940d63a9c:192.168.69.64:39948, c23920b9-2915-4dbd-979a-5f7980efe55e:192.168.69.64:38450, 2f4d3d6f-61a0-4d94-8ca0-0e317f780ff7:192.168.69.64:34430] with ContainerStateMachine:uninitialized
2019-09-05 09:46:25,286 [pool-450-thread-1] INFO  server.RaftServerConfigKeys (ConfUtils.java:logGet(43)) - raft.server.sleep.deviation.threshold = 300 (default)
2019-09-05 09:46:25,287 [pool-439-thread-1] INFO  server.RaftServerConfigKeys (ConfUtils.java:logGet(43)) - raft.server.rpc.timeout.min = 5s (custom)
2019-09-05 09:46:25,287 [pool-450-thread-1] INFO  server.RaftServerConfigKeys (ConfUtils.java:logGet(43)) - raft.server.log.appender.install.snapshot.enabled = false (custom)
2019-09-05 09:46:25,287 [pool-461-thread-1] INFO  impl.RaftServerImpl (RaftServerImpl.java:<init>(93)) - c23920b9-2915-4dbd-979a-5f7980efe55e: new RaftServerImpl for group-D760EDA197CD:[6b93c345-ca95-4de7-ba67-344940d63a9c:192.168.69.64:39948, c23920b9-2915-4dbd-979a-5f7980efe55e:192.168.69.64:38450, 2f4d3d6f-61a0-4d94-8ca0-0e317f780ff7:192.168.69.64:34430] with ContainerStateMachine:uninitialized
2019-09-05 09:46:25,287 [pool-439-thread-1] INFO  server.RaftServerConfigKeys (ConfUtils.java:logGet(43)) - raft.server.rpc.timeout.max = 5200ms (custom)
2019-09-05 09:46:25,287 [pool-461-thread-1] INFO  server.RaftServerConfigKeys (ConfUtils.java:logGet(43)) - raft.server.rpc.timeout.min = 5s (custom)
2019-09-05 09:46:25,287 [pool-461-thread-1] INFO  server.RaftServerConfigKeys (ConfUtils.java:logGet(43)) - raft.server.rpc.timeout.max = 5200ms (custom)
2019-09-05 09:46:25,287 [pool-450-thread-1] INFO  impl.RaftServerImpl (ServerState.java:<init>(105)) - 2f4d3d6f-61a0-4d94-8ca0-0e317f780ff7:group-D760EDA197CD ConfigurationManager, init=-1: [6b93c345-ca95-4de7-ba67-344940d63a9c:192.168.69.64:39948, c23920b9-2915-4dbd-979a-5f7980efe55e:192.168.69.64:38450, 2f4d3d6f-61a0-4d94-8ca0-0e317f780ff7:192.168.69.64:34430], old=null, confs=<EMPTY_MAP>
2019-09-05 09:46:25,288 [pool-461-thread-1] INFO  server.RaftServerConfigKeys (ConfUtils.java:logGet(43)) - raft.server.rpcslowness.timeout = 120s (custom)
2019-09-05 09:46:25,288 [pool-450-thread-1] INFO  server.RaftServerConfigKeys (ConfUtils.java:logGet(43)) - raft.server.storage.dir = [/workdir/hadoop-ozone/integration-test/target/test-dir/MiniOzoneClusterImpl-ff056e79-355c-4fb1-b6e7-2d545f6c46f0/datanode-1/data/ratis] (custom)
2019-09-05 09:46:25,287 [pool-439-thread-1] INFO  server.RaftServerConfigKeys (ConfUtils.java:logGet(43)) - raft.server.rpcslowness.timeout = 120s (custom)
2019-09-05 09:46:25,288 [pool-461-thread-1] INFO  server.RaftServerConfigKeys (ConfUtils.java:logGet(43)) - raft.server.sleep.deviation.threshold = 300 (default)
2019-09-05 09:46:25,288 [pool-439-thread-1] INFO  server.RaftServerConfigKeys (ConfUtils.java:logGet(43)) - raft.server.sleep.deviation.threshold = 300 (default)
2019-09-05 09:46:25,288 [pool-450-thread-1] INFO  storage.RaftStorageDirectory (RaftStorageDirectory.java:analyzeStorage(246)) - The storage directory /workdir/hadoop-ozone/integration-test/target/test-dir/MiniOzoneClusterImpl-ff056e79-355c-4fb1-b6e7-2d545f6c46f0/datanode-1/data/ratis/afefde80-b1fd-453c-b658-d760eda197cd does not exist. Creating ...
2019-09-05 09:46:25,288 [pool-461-thread-1] INFO  server.RaftServerConfigKeys (ConfUtils.java:logGet(43)) - raft.server.log.appender.install.snapshot.enabled = false (custom)
2019-09-05 09:46:25,288 [pool-439-thread-1] INFO  server.RaftServerConfigKeys (ConfUtils.java:logGet(43)) - raft.server.log.appender.install.snapshot.enabled = false (custom)
2019-09-05 09:46:25,289 [pool-461-thread-1] INFO  impl.RaftServerImpl (ServerState.java:<init>(105)) - c23920b9-2915-4dbd-979a-5f7980efe55e:group-D760EDA197CD ConfigurationManager, init=-1: [6b93c345-ca95-4de7-ba67-344940d63a9c:192.168.69.64:39948, c23920b9-2915-4dbd-979a-5f7980efe55e:192.168.69.64:38450, 2f4d3d6f-61a0-4d94-8ca0-0e317f780ff7:192.168.69.64:34430], old=null, confs=<EMPTY_MAP>
2019-09-05 09:46:25,289 [pool-439-thread-1] INFO  impl.RaftServerImpl (ServerState.java:<init>(105)) - 6b93c345-ca95-4de7-ba67-344940d63a9c:group-D760EDA197CD ConfigurationManager, init=-1: [6b93c345-ca95-4de7-ba67-344940d63a9c:192.168.69.64:39948, c23920b9-2915-4dbd-979a-5f7980efe55e:192.168.69.64:38450, 2f4d3d6f-61a0-4d94-8ca0-0e317f780ff7:192.168.69.64:34430], old=null, confs=<EMPTY_MAP>
2019-09-05 09:46:25,289 [pool-461-thread-1] INFO  server.RaftServerConfigKeys (ConfUtils.java:logGet(43)) - raft.server.storage.dir = [/workdir/hadoop-ozone/integration-test/target/test-dir/MiniOzoneClusterImpl-ff056e79-355c-4fb1-b6e7-2d545f6c46f0/datanode-2/data/ratis] (custom)
2019-09-05 09:46:25,289 [pool-439-thread-1] INFO  server.RaftServerConfigKeys (ConfUtils.java:logGet(43)) - raft.server.storage.dir = [/workdir/hadoop-ozone/integration-test/target/test-dir/MiniOzoneClusterImpl-ff056e79-355c-4fb1-b6e7-2d545f6c46f0/datanode-0/data/ratis] (custom)
2019-09-05 09:46:25,289 [pool-461-thread-1] INFO  storage.RaftStorageDirectory (RaftStorageDirectory.java:analyzeStorage(246)) - The storage directory /workdir/hadoop-ozone/integration-test/target/test-dir/MiniOzoneClusterImpl-ff056e79-355c-4fb1-b6e7-2d545f6c46f0/datanode-2/data/ratis/afefde80-b1fd-453c-b658-d760eda197cd does not exist. Creating ...
2019-09-05 09:46:25,290 [pool-439-thread-1] INFO  storage.RaftStorageDirectory (RaftStorageDirectory.java:analyzeStorage(246)) - The storage directory /workdir/hadoop-ozone/integration-test/target/test-dir/MiniOzoneClusterImpl-ff056e79-355c-4fb1-b6e7-2d545f6c46f0/datanode-0/data/ratis/afefde80-b1fd-453c-b658-d760eda197cd does not exist. Creating ...
2019-09-05 09:46:25,314 [pool-461-thread-1] INFO  storage.RaftStorageDirectory (RaftStorageDirectory.java:tryLock(328)) - Lock on /workdir/hadoop-ozone/integration-test/target/test-dir/MiniOzoneClusterImpl-ff056e79-355c-4fb1-b6e7-2d545f6c46f0/datanode-2/data/ratis/afefde80-b1fd-453c-b658-d760eda197cd/in_use.lock acquired by nodename 16942@pr-hdds-1571-tgb5r-3650803683
2019-09-05 09:46:25,314 [pool-450-thread-1] INFO  storage.RaftStorageDirectory (RaftStorageDirectory.java:tryLock(328)) - Lock on /workdir/hadoop-ozone/integration-test/target/test-dir/MiniOzoneClusterImpl-ff056e79-355c-4fb1-b6e7-2d545f6c46f0/datanode-1/data/ratis/afefde80-b1fd-453c-b658-d760eda197cd/in_use.lock acquired by nodename 16942@pr-hdds-1571-tgb5r-3650803683
2019-09-05 09:46:25,314 [pool-439-thread-1] INFO  storage.RaftStorageDirectory (RaftStorageDirectory.java:tryLock(328)) - Lock on /workdir/hadoop-ozone/integration-test/target/test-dir/MiniOzoneClusterImpl-ff056e79-355c-4fb1-b6e7-2d545f6c46f0/datanode-0/data/ratis/afefde80-b1fd-453c-b658-d760eda197cd/in_use.lock acquired by nodename 16942@pr-hdds-1571-tgb5r-3650803683
2019-09-05 09:46:25,351 [pool-439-thread-1] INFO  storage.RaftStorage (RaftStorage.java:format(72)) - Storage directory /workdir/hadoop-ozone/integration-test/target/test-dir/MiniOzoneClusterImpl-ff056e79-355c-4fb1-b6e7-2d545f6c46f0/datanode-0/data/ratis/afefde80-b1fd-453c-b658-d760eda197cd has been successfully formatted.
2019-09-05 09:46:25,351 [pool-461-thread-1] INFO  storage.RaftStorage (RaftStorage.java:format(72)) - Storage directory /workdir/hadoop-ozone/integration-test/target/test-dir/MiniOzoneClusterImpl-ff056e79-355c-4fb1-b6e7-2d545f6c46f0/datanode-2/data/ratis/afefde80-b1fd-453c-b658-d760eda197cd has been successfully formatted.
2019-09-05 09:46:25,351 [pool-450-thread-1] INFO  storage.RaftStorage (RaftStorage.java:format(72)) - Storage directory /workdir/hadoop-ozone/integration-test/target/test-dir/MiniOzoneClusterImpl-ff056e79-355c-4fb1-b6e7-2d545f6c46f0/datanode-1/data/ratis/afefde80-b1fd-453c-b658-d760eda197cd has been successfully formatted.
2019-09-05 09:46:25,351 [pool-461-thread-1] INFO  ratis.ContainerStateMachine (ContainerStateMachine.java:loadSnapshot(226)) - group-D760EDA197CD: The snapshot info is null. Setting the last applied indexto:(t:0, i:~)
2019-09-05 09:46:25,351 [pool-439-thread-1] INFO  ratis.ContainerStateMachine (ContainerStateMachine.java:loadSnapshot(226)) - group-D760EDA197CD: The snapshot info is null. Setting the last applied indexto:(t:0, i:~)
2019-09-05 09:46:25,352 [pool-461-thread-1] INFO  server.RaftServerConfigKeys (ConfUtils.java:logGet(43)) - raft.server.leader.election.timeout = 120s (custom)
2019-09-05 09:46:25,352 [pool-450-thread-1] INFO  ratis.ContainerStateMachine (ContainerStateMachine.java:loadSnapshot(226)) - group-D760EDA197CD: The snapshot info is null. Setting the last applied indexto:(t:0, i:~)
2019-09-05 09:46:25,352 [pool-461-thread-1] INFO  server.RaftServerConfigKeys (ConfUtils.java:logGet(43)) - raft.server.log.use.memory = false (default)
2019-09-05 09:46:25,352 [pool-439-thread-1] INFO  server.RaftServerConfigKeys (ConfUtils.java:logGet(43)) - raft.server.leader.election.timeout = 120s (custom)
2019-09-05 09:46:25,352 [pool-461-thread-1] INFO  server.RaftServerConfigKeys (ConfUtils.java:logGet(43)) - raft.server.log.purge.gap = 1000000 (custom)
2019-09-05 09:46:25,352 [pool-450-thread-1] INFO  server.RaftServerConfigKeys (ConfUtils.java:logGet(43)) - raft.server.leader.election.timeout = 120s (custom)
2019-09-05 09:46:25,352 [pool-461-thread-1] INFO  server.RaftServerConfigKeys (ConfUtils.java:logGet(43)) - raft.server.log.appender.buffer.byte-limit = 33554432 (custom)
2019-09-05 09:46:25,352 [pool-439-thread-1] INFO  server.RaftServerConfigKeys (ConfUtils.java:logGet(43)) - raft.server.log.use.memory = false (default)
2019-09-05 09:46:25,353 [pool-461-thread-1] INFO  server.RaftServerConfigKeys (ConfUtils.java:logGet(43)) - raft.server.log.segment.size.max = 1048576 (custom)
2019-09-05 09:46:25,353 [pool-450-thread-1] INFO  server.RaftServerConfigKeys (ConfUtils.java:logGet(43)) - raft.server.log.use.memory = false (default)
2019-09-05 09:46:25,353 [pool-461-thread-1] INFO  server.RaftServerConfigKeys (ConfUtils.java:logGet(43)) - raft.server.log.segment.cache.num.max = 2 (custom)
2019-09-05 09:46:25,353 [pool-439-thread-1] INFO  server.RaftServerConfigKeys (ConfUtils.java:logGet(43)) - raft.server.log.purge.gap = 1000000 (custom)
2019-09-05 09:46:25,353 [pool-461-thread-1] INFO  segmented.SegmentedRaftLogWorker (SegmentedRaftLogWorker.java:<init>(172)) - new c23920b9-2915-4dbd-979a-5f7980efe55e-SegmentedRaftLogWorker:Storage Directory /workdir/hadoop-ozone/integration-test/target/test-dir/MiniOzoneClusterImpl-ff056e79-355c-4fb1-b6e7-2d545f6c46f0/datanode-2/data/ratis/afefde80-b1fd-453c-b658-d760eda197cd for RaftStorage:Storage Directory /workdir/hadoop-ozone/integration-test/target/test-dir/MiniOzoneClusterImpl-ff056e79-355c-4fb1-b6e7-2d545f6c46f0/datanode-2/data/ratis/afefde80-b1fd-453c-b658-d760eda197cd
2019-09-05 09:46:25,353 [pool-450-thread-1] INFO  server.RaftServerConfigKeys (ConfUtils.java:logGet(43)) - raft.server.log.purge.gap = 1000000 (custom)
2019-09-05 09:46:25,354 [pool-461-thread-1] INFO  server.RaftServerConfigKeys (ConfUtils.java:logGet(43)) - raft.server.log.queue.byte-limit = 2147483647 (custom)
2019-09-05 09:46:25,353 [pool-439-thread-1] INFO  server.RaftServerConfigKeys (ConfUtils.java:logGet(43)) - raft.server.log.appender.buffer.byte-limit = 33554432 (custom)
2019-09-05 09:46:25,354 [pool-461-thread-1] INFO  server.RaftServerConfigKeys (ConfUtils.java:logGet(43)) - raft.server.log.queue.element-limit = 1024 (custom)
2019-09-05 09:46:25,354 [pool-450-thread-1] INFO  server.RaftServerConfigKeys (ConfUtils.java:logGet(43)) - raft.server.log.appender.buffer.byte-limit = 33554432 (custom)
2019-09-05 09:46:25,354 [pool-461-thread-1] INFO  server.RaftServerConfigKeys (ConfUtils.java:logGet(43)) - raft.server.log.segment.size.max = 1048576 (custom)
2019-09-05 09:46:25,354 [pool-439-thread-1] INFO  server.RaftServerConfigKeys (ConfUtils.java:logGet(43)) - raft.server.log.segment.size.max = 1048576 (custom)
2019-09-05 09:46:25,354 [pool-461-thread-1] INFO  server.RaftServerConfigKeys (ConfUtils.java:logGet(43)) - raft.server.log.preallocated.size = 16384 (custom)
2019-09-05 09:46:25,354 [pool-450-thread-1] INFO  server.RaftServerConfigKeys (ConfUtils.java:logGet(43)) - raft.server.log.segment.size.max = 1048576 (custom)
2019-09-05 09:46:25,354 [pool-461-thread-1] INFO  server.RaftServerConfigKeys (ConfUtils.java:logGet(43)) - raft.server.log.write.buffer.size = 33554432 (custom)
2019-09-05 09:46:25,354 [pool-439-thread-1] INFO  server.RaftServerConfigKeys (ConfUtils.java:logGet(43)) - raft.server.log.segment.cache.num.max = 2 (custom)
2019-09-05 09:46:25,355 [pool-461-thread-1] INFO  server.RaftServerConfigKeys (ConfUtils.java:logGet(43)) - raft.server.log.force.sync.num = 128 (default)
2019-09-05 09:46:25,355 [pool-450-thread-1] INFO  server.RaftServerConfigKeys (ConfUtils.java:logGet(43)) - raft.server.log.segment.cache.num.max = 2 (custom)
2019-09-05 09:46:25,355 [pool-461-thread-1] INFO  server.RaftServerConfigKeys (ConfUtils.java:logGet(43)) - raft.server.log.statemachine.data.sync = true (default)
2019-09-05 09:46:25,355 [pool-461-thread-1] INFO  server.RaftServerConfigKeys (ConfUtils.java:logGet(43)) - raft.server.log.statemachine.data.sync.timeout = 10s (default)
2019-09-05 09:46:25,355 [pool-439-thread-1] INFO  segmented.SegmentedRaftLogWorker (SegmentedRaftLogWorker.java:<init>(172)) - new 6b93c345-ca95-4de7-ba67-344940d63a9c-SegmentedRaftLogWorker:Storage Directory /workdir/hadoop-ozone/integration-test/target/test-dir/MiniOzoneClusterImpl-ff056e79-355c-4fb1-b6e7-2d545f6c46f0/datanode-0/data/ratis/afefde80-b1fd-453c-b658-d760eda197cd for RaftStorage:Storage Directory /workdir/hadoop-ozone/integration-test/target/test-dir/MiniOzoneClusterImpl-ff056e79-355c-4fb1-b6e7-2d545f6c46f0/datanode-0/data/ratis/afefde80-b1fd-453c-b658-d760eda197cd
2019-09-05 09:46:25,355 [pool-461-thread-1] INFO  server.RaftServerConfigKeys (ConfUtils.java:logGet(43)) - raft.server.log.statemachine.data.sync.timeout.retry = -1 (default)
2019-09-05 09:46:25,355 [pool-450-thread-1] INFO  segmented.SegmentedRaftLogWorker (SegmentedRaftLogWorker.java:<init>(172)) - new 2f4d3d6f-61a0-4d94-8ca0-0e317f780ff7-SegmentedRaftLogWorker:Storage Directory /workdir/hadoop-ozone/integration-test/target/test-dir/MiniOzoneClusterImpl-ff056e79-355c-4fb1-b6e7-2d545f6c46f0/datanode-1/data/ratis/afefde80-b1fd-453c-b658-d760eda197cd for RaftStorage:Storage Directory /workdir/hadoop-ozone/integration-test/target/test-dir/MiniOzoneClusterImpl-ff056e79-355c-4fb1-b6e7-2d545f6c46f0/datanode-1/data/ratis/afefde80-b1fd-453c-b658-d760eda197cd
2019-09-05 09:46:25,356 [pool-461-thread-1] INFO  server.RaftServerConfigKeys (ConfUtils.java:logGet(43)) - raft.server.log.statemachine.data.caching.enabled = true (custom)
2019-09-05 09:46:25,355 [pool-439-thread-1] INFO  server.RaftServerConfigKeys (ConfUtils.java:logGet(43)) - raft.server.log.queue.byte-limit = 2147483647 (custom)
2019-09-05 09:46:25,356 [pool-450-thread-1] INFO  server.RaftServerConfigKeys (ConfUtils.java:logGet(43)) - raft.server.log.queue.byte-limit = 2147483647 (custom)
2019-09-05 09:46:25,356 [pool-461-thread-1] INFO  segmented.SegmentedRaftLogWorker (SegmentedRaftLogWorker.java:lambda$new$0(132)) - c23920b9-2915-4dbd-979a-5f7980efe55e-SegmentedRaftLogWorker:Storage Directory /workdir/hadoop-ozone/integration-test/target/test-dir/MiniOzoneClusterImpl-ff056e79-355c-4fb1-b6e7-2d545f6c46f0/datanode-2/data/ratis/afefde80-b1fd-453c-b658-d760eda197cd: flushIndex: setUnconditionally 0 -> -1
2019-09-05 09:46:25,356 [pool-439-thread-1] INFO  server.RaftServerConfigKeys (ConfUtils.java:logGet(43)) - raft.server.log.queue.element-limit = 1024 (custom)
2019-09-05 09:46:25,356 [pool-450-thread-1] INFO  server.RaftServerConfigKeys (ConfUtils.java:logGet(43)) - raft.server.log.queue.element-limit = 1024 (custom)
2019-09-05 09:46:25,356 [pool-461-thread-1] INFO  server.RaftServerConfigKeys (ConfUtils.java:logGet(43)) - raft.server.snapshot.auto.trigger.enabled = true (custom)
2019-09-05 09:46:25,356 [pool-439-thread-1] INFO  server.RaftServerConfigKeys (ConfUtils.java:logGet(43)) - raft.server.log.segment.size.max = 1048576 (custom)
2019-09-05 09:46:25,357 [pool-461-thread-1] INFO  server.RaftServerConfigKeys (ConfUtils.java:logGet(43)) - raft.server.snapshot.auto.trigger.threshold = 10000 (custom)
2019-09-05 09:46:25,356 [pool-450-thread-1] INFO  server.RaftServerConfigKeys (ConfUtils.java:logGet(43)) - raft.server.log.segment.size.max = 1048576 (custom)
2019-09-05 09:46:25,357 [pool-461-thread-1] INFO  server.RaftServerConfigKeys (ConfUtils.java:logGet(43)) - raft.server.retrycache.expirytime = 600000ms (custom)
2019-09-05 09:46:25,357 [pool-439-thread-1] INFO  server.RaftServerConfigKeys (ConfUtils.java:logGet(43)) - raft.server.log.preallocated.size = 16384 (custom)
2019-09-05 09:46:25,357 [pool-461-thread-1] INFO  impl.RaftServerImpl (RaftServerImpl.java:start(180)) - c23920b9-2915-4dbd-979a-5f7980efe55e: start group-D760EDA197CD
2019-09-05 09:46:25,357 [pool-450-thread-1] INFO  server.RaftServerConfigKeys (ConfUtils.java:logGet(43)) - raft.server.log.preallocated.size = 16384 (custom)
2019-09-05 09:46:25,357 [pool-461-thread-1] INFO  impl.RaftServerImpl (RaftServerImpl.java:setRole(171)) - c23920b9-2915-4dbd-979a-5f7980efe55e:group-D760EDA197CD changes role from null to FOLLOWER at term 0 for startAsFollower
2019-09-05 09:46:25,357 [pool-439-thread-1] INFO  server.RaftServerConfigKeys (ConfUtils.java:logGet(43)) - raft.server.log.write.buffer.size = 33554432 (custom)
2019-09-05 09:46:25,357 [pool-461-thread-1] INFO  impl.RoleInfo (RoleInfo.java:updateAndGet(143)) - c23920b9-2915-4dbd-979a-5f7980efe55e: start FollowerState
2019-09-05 09:46:25,357 [pool-450-thread-1] INFO  server.RaftServerConfigKeys (ConfUtils.java:logGet(43)) - raft.server.log.write.buffer.size = 33554432 (custom)
2019-09-05 09:46:25,358 [pool-439-thread-1] INFO  server.RaftServerConfigKeys (ConfUtils.java:logGet(43)) - raft.server.log.force.sync.num = 128 (default)
2019-09-05 09:46:25,358 [pool-450-thread-1] INFO  server.RaftServerConfigKeys (ConfUtils.java:logGet(43)) - raft.server.log.force.sync.num = 128 (default)
2019-09-05 09:46:25,358 [pool-439-thread-1] INFO  server.RaftServerConfigKeys (ConfUtils.java:logGet(43)) - raft.server.log.statemachine.data.sync = true (default)
2019-09-05 09:46:25,358 [pool-461-thread-1] INFO  util.JmxRegister (JmxRegister.java:tryRegister(44)) - Successfully registered JMX Bean with object name Ratis:service=RaftServer,group=group-D760EDA197CD,id=c23920b9-2915-4dbd-979a-5f7980efe55e
2019-09-05 09:46:25,358 [pool-439-thread-1] INFO  server.RaftServerConfigKeys (ConfUtils.java:logGet(43)) - raft.server.log.statemachine.data.sync.timeout = 10s (default)
2019-09-05 09:46:25,358 [pool-439-thread-1] INFO  server.RaftServerConfigKeys (ConfUtils.java:logGet(43)) - raft.server.log.statemachine.data.sync.timeout.retry = -1 (default)
2019-09-05 09:46:25,358 [pool-450-thread-1] INFO  server.RaftServerConfigKeys (ConfUtils.java:logGet(43)) - raft.server.log.statemachine.data.sync = true (default)
2019-09-05 09:46:25,359 [pool-439-thread-1] INFO  server.RaftServerConfigKeys (ConfUtils.java:logGet(43)) - raft.server.log.statemachine.data.caching.enabled = true (custom)
2019-09-05 09:46:25,359 [pool-450-thread-1] INFO  server.RaftServerConfigKeys (ConfUtils.java:logGet(43)) - raft.server.log.statemachine.data.sync.timeout = 10s (default)
2019-09-05 09:46:25,359 [pool-439-thread-1] INFO  segmented.SegmentedRaftLogWorker (SegmentedRaftLogWorker.java:lambda$new$0(132)) - 6b93c345-ca95-4de7-ba67-344940d63a9c-SegmentedRaftLogWorker:Storage Directory /workdir/hadoop-ozone/integration-test/target/test-dir/MiniOzoneClusterImpl-ff056e79-355c-4fb1-b6e7-2d545f6c46f0/datanode-0/data/ratis/afefde80-b1fd-453c-b658-d760eda197cd: flushIndex: setUnconditionally 0 -> -1
2019-09-05 09:46:25,359 [pool-450-thread-1] INFO  server.RaftServerConfigKeys (ConfUtils.java:logGet(43)) - raft.server.log.statemachine.data.sync.timeout.retry = -1 (default)
2019-09-05 09:46:25,359 [pool-439-thread-1] INFO  server.RaftServerConfigKeys (ConfUtils.java:logGet(43)) - raft.server.snapshot.auto.trigger.enabled = true (custom)
2019-09-05 09:46:25,359 [pool-450-thread-1] INFO  server.RaftServerConfigKeys (ConfUtils.java:logGet(43)) - raft.server.log.statemachine.data.caching.enabled = true (custom)
2019-09-05 09:46:25,359 [pool-439-thread-1] INFO  server.RaftServerConfigKeys (ConfUtils.java:logGet(43)) - raft.server.snapshot.auto.trigger.threshold = 10000 (custom)
2019-09-05 09:46:25,363 [pool-450-thread-1] INFO  segmented.SegmentedRaftLogWorker (SegmentedRaftLogWorker.java:lambda$new$0(132)) - 2f4d3d6f-61a0-4d94-8ca0-0e317f780ff7-SegmentedRaftLogWorker:Storage Directory /workdir/hadoop-ozone/integration-test/target/test-dir/MiniOzoneClusterImpl-ff056e79-355c-4fb1-b6e7-2d545f6c46f0/datanode-1/data/ratis/afefde80-b1fd-453c-b658-d760eda197cd: flushIndex: setUnconditionally 0 -> -1
2019-09-05 09:46:25,363 [pool-439-thread-1] INFO  server.RaftServerConfigKeys (ConfUtils.java:logGet(43)) - raft.server.retrycache.expirytime = 600000ms (custom)
2019-09-05 09:46:25,363 [pool-439-thread-1] INFO  impl.RaftServerImpl (RaftServerImpl.java:start(180)) - 6b93c345-ca95-4de7-ba67-344940d63a9c: start group-D760EDA197CD
2019-09-05 09:46:25,363 [pool-450-thread-1] INFO  server.RaftServerConfigKeys (ConfUtils.java:logGet(43)) - raft.server.snapshot.auto.trigger.enabled = true (custom)
2019-09-05 09:46:25,363 [pool-439-thread-1] INFO  impl.RaftServerImpl (RaftServerImpl.java:setRole(171)) - 6b93c345-ca95-4de7-ba67-344940d63a9c:group-D760EDA197CD changes role from null to FOLLOWER at term 0 for startAsFollower
2019-09-05 09:46:25,363 [pool-450-thread-1] INFO  server.RaftServerConfigKeys (ConfUtils.java:logGet(43)) - raft.server.snapshot.auto.trigger.threshold = 10000 (custom)
2019-09-05 09:46:25,363 [pool-439-thread-1] INFO  impl.RoleInfo (RoleInfo.java:updateAndGet(143)) - 6b93c345-ca95-4de7-ba67-344940d63a9c: start FollowerState
2019-09-05 09:46:25,364 [pool-450-thread-1] INFO  server.RaftServerConfigKeys (ConfUtils.java:logGet(43)) - raft.server.retrycache.expirytime = 600000ms (custom)
2019-09-05 09:46:25,364 [pool-439-thread-1] INFO  util.JmxRegister (JmxRegister.java:tryRegister(44)) - Successfully registered JMX Bean with object name Ratis:service=RaftServer,group=group-D760EDA197CD,id=6b93c345-ca95-4de7-ba67-344940d63a9c
2019-09-05 09:46:25,364 [pool-450-thread-1] INFO  impl.RaftServerImpl (RaftServerImpl.java:start(180)) - 2f4d3d6f-61a0-4d94-8ca0-0e317f780ff7: start group-D760EDA197CD
2019-09-05 09:46:25,364 [pool-450-thread-1] INFO  impl.RaftServerImpl (RaftServerImpl.java:setRole(171)) - 2f4d3d6f-61a0-4d94-8ca0-0e317f780ff7:group-D760EDA197CD changes role from null to FOLLOWER at term 0 for startAsFollower
2019-09-05 09:46:25,364 [pool-450-thread-1] INFO  impl.RoleInfo (RoleInfo.java:updateAndGet(143)) - 2f4d3d6f-61a0-4d94-8ca0-0e317f780ff7: start FollowerState
2019-09-05 09:46:25,365 [pool-450-thread-1] INFO  util.JmxRegister (JmxRegister.java:tryRegister(44)) - Successfully registered JMX Bean with object name Ratis:service=RaftServer,group=group-D760EDA197CD,id=2f4d3d6f-61a0-4d94-8ca0-0e317f780ff7
2019-09-05 09:46:25,371 [RatisPipelineUtilsThread] INFO  pipeline.PipelineStateManager (PipelineStateManager.java:addPipeline(56)) - Created pipeline Pipeline[ Id: afefde80-b1fd-453c-b658-d760eda197cd, Nodes: 6b93c345-ca95-4de7-ba67-344940d63a9c{ip: 192.168.69.64, host: pr-hdds-1571-tgb5r-3650803683, networkLocation: /default-rack, certSerialId: null}2f4d3d6f-61a0-4d94-8ca0-0e317f780ff7{ip: 192.168.69.64, host: pr-hdds-1571-tgb5r-3650803683, networkLocation: /default-rack, certSerialId: null}c23920b9-2915-4dbd-979a-5f7980efe55e{ip: 192.168.69.64, host: pr-hdds-1571-tgb5r-3650803683, networkLocation: /default-rack, certSerialId: null}, Type:RATIS, Factor:THREE, State:OPEN]
2019-09-05 09:46:25,436 [IPC Server handler 3 on 36945] INFO  net.NetworkTopology (NetworkTopologyImpl.java:add(110)) - Added a new node: /default-rack/a9783fcd-cf1c-48a2-b8c2-cbb078c8905c
2019-09-05 09:46:25,436 [IPC Server handler 3 on 36945] INFO  node.SCMNodeManager (SCMNodeManager.java:register(273)) - Registered Data node : a9783fcd-cf1c-48a2-b8c2-cbb078c8905c{ip: 192.168.69.64, host: pr-hdds-1571-tgb5r-3650803683, networkLocation: /default-rack, certSerialId: null}
2019-09-05 09:46:25,437 | INFO  | SCMAudit | user=jenkins1000 | ip=192.168.69.64 | op=REGISTER {datanodeDetails=a9783fcd-cf1c-48a2-b8c2-cbb078c8905c{ip: 192.168.69.64, host: pr-hdds-1571-tgb5r-3650803683, networkLocation: /default-rack, certSerialId: null}} | ret=SUCCESS |  
2019-09-05 09:46:25,446 [grpc-default-executor-2] INFO  impl.RaftServerProxy (RaftServerProxy.java:addNew(89)) - a9783fcd-cf1c-48a2-b8c2-cbb078c8905c: addNew group-B00C7136FDCE:[a9783fcd-cf1c-48a2-b8c2-cbb078c8905c:192.168.69.64:45519] returns group-B00C7136FDCE:java.util.concurrent.CompletableFuture@75b1b8d2[Not completed]
2019-09-05 09:46:25,448 [pool-472-thread-1] INFO  impl.RaftServerImpl (RaftServerImpl.java:<init>(93)) - a9783fcd-cf1c-48a2-b8c2-cbb078c8905c: new RaftServerImpl for group-B00C7136FDCE:[a9783fcd-cf1c-48a2-b8c2-cbb078c8905c:192.168.69.64:45519] with ContainerStateMachine:uninitialized
2019-09-05 09:46:25,448 [pool-472-thread-1] INFO  server.RaftServerConfigKeys (ConfUtils.java:logGet(43)) - raft.server.rpc.timeout.min = 5s (custom)
2019-09-05 09:46:25,448 [pool-472-thread-1] INFO  server.RaftServerConfigKeys (ConfUtils.java:logGet(43)) - raft.server.rpc.timeout.max = 5200ms (custom)
2019-09-05 09:46:25,448 [pool-472-thread-1] INFO  server.RaftServerConfigKeys (ConfUtils.java:logGet(43)) - raft.server.rpcslowness.timeout = 120s (custom)
2019-09-05 09:46:25,448 [pool-472-thread-1] INFO  server.RaftServerConfigKeys (ConfUtils.java:logGet(43)) - raft.server.sleep.deviation.threshold = 300 (default)
2019-09-05 09:46:25,449 [pool-472-thread-1] INFO  server.RaftServerConfigKeys (ConfUtils.java:logGet(43)) - raft.server.log.appender.install.snapshot.enabled = false (custom)
2019-09-05 09:46:25,449 [pool-472-thread-1] INFO  impl.RaftServerImpl (ServerState.java:<init>(105)) - a9783fcd-cf1c-48a2-b8c2-cbb078c8905c:group-B00C7136FDCE ConfigurationManager, init=-1: [a9783fcd-cf1c-48a2-b8c2-cbb078c8905c:192.168.69.64:45519], old=null, confs=<EMPTY_MAP>
2019-09-05 09:46:25,449 [pool-472-thread-1] INFO  server.RaftServerConfigKeys (ConfUtils.java:logGet(43)) - raft.server.storage.dir = [/workdir/hadoop-ozone/integration-test/target/test-dir/MiniOzoneClusterImpl-ff056e79-355c-4fb1-b6e7-2d545f6c46f0/datanode-3/data/ratis] (custom)
2019-09-05 09:46:25,449 [pool-472-thread-1] INFO  storage.RaftStorageDirectory (RaftStorageDirectory.java:analyzeStorage(246)) - The storage directory /workdir/hadoop-ozone/integration-test/target/test-dir/MiniOzoneClusterImpl-ff056e79-355c-4fb1-b6e7-2d545f6c46f0/datanode-3/data/ratis/e5f628cb-d127-4204-8b45-b00c7136fdce does not exist. Creating ...
2019-09-05 09:46:25,485 [pool-472-thread-1] INFO  storage.RaftStorageDirectory (RaftStorageDirectory.java:tryLock(328)) - Lock on /workdir/hadoop-ozone/integration-test/target/test-dir/MiniOzoneClusterImpl-ff056e79-355c-4fb1-b6e7-2d545f6c46f0/datanode-3/data/ratis/e5f628cb-d127-4204-8b45-b00c7136fdce/in_use.lock acquired by nodename 16942@pr-hdds-1571-tgb5r-3650803683
2019-09-05 09:46:25,511 [pool-472-thread-1] INFO  storage.RaftStorage (RaftStorage.java:format(72)) - Storage directory /workdir/hadoop-ozone/integration-test/target/test-dir/MiniOzoneClusterImpl-ff056e79-355c-4fb1-b6e7-2d545f6c46f0/datanode-3/data/ratis/e5f628cb-d127-4204-8b45-b00c7136fdce has been successfully formatted.
2019-09-05 09:46:25,511 [pool-472-thread-1] INFO  ratis.ContainerStateMachine (ContainerStateMachine.java:loadSnapshot(226)) - group-B00C7136FDCE: The snapshot info is null. Setting the last applied indexto:(t:0, i:~)
2019-09-05 09:46:25,512 [pool-472-thread-1] INFO  server.RaftServerConfigKeys (ConfUtils.java:logGet(43)) - raft.server.leader.election.timeout = 120s (custom)
2019-09-05 09:46:25,512 [pool-472-thread-1] INFO  server.RaftServerConfigKeys (ConfUtils.java:logGet(43)) - raft.server.log.use.memory = false (default)
2019-09-05 09:46:25,512 [pool-472-thread-1] INFO  server.RaftServerConfigKeys (ConfUtils.java:logGet(43)) - raft.server.log.purge.gap = 1000000 (custom)
2019-09-05 09:46:25,512 [pool-472-thread-1] INFO  server.RaftServerConfigKeys (ConfUtils.java:logGet(43)) - raft.server.log.appender.buffer.byte-limit = 33554432 (custom)
2019-09-05 09:46:25,512 [pool-472-thread-1] INFO  server.RaftServerConfigKeys (ConfUtils.java:logGet(43)) - raft.server.log.segment.size.max = 1048576 (custom)
2019-09-05 09:46:25,512 [pool-472-thread-1] INFO  server.RaftServerConfigKeys (ConfUtils.java:logGet(43)) - raft.server.log.segment.cache.num.max = 2 (custom)
2019-09-05 09:46:25,513 [pool-472-thread-1] INFO  segmented.SegmentedRaftLogWorker (SegmentedRaftLogWorker.java:<init>(172)) - new a9783fcd-cf1c-48a2-b8c2-cbb078c8905c-SegmentedRaftLogWorker:Storage Directory /workdir/hadoop-ozone/integration-test/target/test-dir/MiniOzoneClusterImpl-ff056e79-355c-4fb1-b6e7-2d545f6c46f0/datanode-3/data/ratis/e5f628cb-d127-4204-8b45-b00c7136fdce for RaftStorage:Storage Directory /workdir/hadoop-ozone/integration-test/target/test-dir/MiniOzoneClusterImpl-ff056e79-355c-4fb1-b6e7-2d545f6c46f0/datanode-3/data/ratis/e5f628cb-d127-4204-8b45-b00c7136fdce
2019-09-05 09:46:25,513 [pool-472-thread-1] INFO  server.RaftServerConfigKeys (ConfUtils.java:logGet(43)) - raft.server.log.queue.byte-limit = 2147483647 (custom)
2019-09-05 09:46:25,513 [pool-472-thread-1] INFO  server.RaftServerConfigKeys (ConfUtils.java:logGet(43)) - raft.server.log.queue.element-limit = 1024 (custom)
2019-09-05 09:46:25,513 [pool-472-thread-1] INFO  server.RaftServerConfigKeys (ConfUtils.java:logGet(43)) - raft.server.log.segment.size.max = 1048576 (custom)
2019-09-05 09:46:25,513 [pool-472-thread-1] INFO  server.RaftServerConfigKeys (ConfUtils.java:logGet(43)) - raft.server.log.preallocated.size = 16384 (custom)
2019-09-05 09:46:25,514 [pool-472-thread-1] INFO  server.RaftServerConfigKeys (ConfUtils.java:logGet(43)) - raft.server.log.write.buffer.size = 33554432 (custom)
2019-09-05 09:46:25,514 [pool-472-thread-1] INFO  server.RaftServerConfigKeys (ConfUtils.java:logGet(43)) - raft.server.log.force.sync.num = 128 (default)
2019-09-05 09:46:25,514 [pool-472-thread-1] INFO  server.RaftServerConfigKeys (ConfUtils.java:logGet(43)) - raft.server.log.statemachine.data.sync = true (default)
2019-09-05 09:46:25,514 [pool-472-thread-1] INFO  server.RaftServerConfigKeys (ConfUtils.java:logGet(43)) - raft.server.log.statemachine.data.sync.timeout = 10s (default)
2019-09-05 09:46:25,514 [pool-472-thread-1] INFO  server.RaftServerConfigKeys (ConfUtils.java:logGet(43)) - raft.server.log.statemachine.data.sync.timeout.retry = -1 (default)
2019-09-05 09:46:25,514 [pool-472-thread-1] INFO  server.RaftServerConfigKeys (ConfUtils.java:logGet(43)) - raft.server.log.statemachine.data.caching.enabled = true (custom)
2019-09-05 09:46:25,515 [pool-472-thread-1] INFO  segmented.SegmentedRaftLogWorker (SegmentedRaftLogWorker.java:lambda$new$0(132)) - a9783fcd-cf1c-48a2-b8c2-cbb078c8905c-SegmentedRaftLogWorker:Storage Directory /workdir/hadoop-ozone/integration-test/target/test-dir/MiniOzoneClusterImpl-ff056e79-355c-4fb1-b6e7-2d545f6c46f0/datanode-3/data/ratis/e5f628cb-d127-4204-8b45-b00c7136fdce: flushIndex: setUnconditionally 0 -> -1
2019-09-05 09:46:25,515 [pool-472-thread-1] INFO  server.RaftServerConfigKeys (ConfUtils.java:logGet(43)) - raft.server.snapshot.auto.trigger.enabled = true (custom)
2019-09-05 09:46:25,515 [pool-472-thread-1] INFO  server.RaftServerConfigKeys (ConfUtils.java:logGet(43)) - raft.server.snapshot.auto.trigger.threshold = 10000 (custom)
2019-09-05 09:46:25,516 [pool-472-thread-1] INFO  server.RaftServerConfigKeys (ConfUtils.java:logGet(43)) - raft.server.retrycache.expirytime = 600000ms (custom)
2019-09-05 09:46:25,516 [pool-472-thread-1] INFO  impl.RaftServerImpl (RaftServerImpl.java:start(180)) - a9783fcd-cf1c-48a2-b8c2-cbb078c8905c: start group-B00C7136FDCE
2019-09-05 09:46:25,516 [pool-472-thread-1] INFO  impl.RaftServerImpl (RaftServerImpl.java:setRole(171)) - a9783fcd-cf1c-48a2-b8c2-cbb078c8905c:group-B00C7136FDCE changes role from null to FOLLOWER at term 0 for startAsFollower
2019-09-05 09:46:25,516 [pool-472-thread-1] INFO  impl.RoleInfo (RoleInfo.java:updateAndGet(143)) - a9783fcd-cf1c-48a2-b8c2-cbb078c8905c: start FollowerState
2019-09-05 09:46:25,516 [pool-472-thread-1] INFO  util.JmxRegister (JmxRegister.java:tryRegister(44)) - Successfully registered JMX Bean with object name Ratis:service=RaftServer,group=group-B00C7136FDCE,id=a9783fcd-cf1c-48a2-b8c2-cbb078c8905c
2019-09-05 09:46:25,521 [RatisPipelineUtilsThread] INFO  pipeline.PipelineStateManager (PipelineStateManager.java:addPipeline(56)) - Created pipeline Pipeline[ Id: e5f628cb-d127-4204-8b45-b00c7136fdce, Nodes: a9783fcd-cf1c-48a2-b8c2-cbb078c8905c{ip: 192.168.69.64, host: pr-hdds-1571-tgb5r-3650803683, networkLocation: /default-rack, certSerialId: null}, Type:RATIS, Factor:ONE, State:OPEN]
2019-09-05 09:46:25,633 [IPC Server handler 1 on 36945] INFO  net.NetworkTopology (NetworkTopologyImpl.java:add(110)) - Added a new node: /default-rack/f8f65381-65cb-46be-b0c7-4fbcf30e723e
2019-09-05 09:46:25,633 [IPC Server handler 1 on 36945] INFO  node.SCMNodeManager (SCMNodeManager.java:register(273)) - Registered Data node : f8f65381-65cb-46be-b0c7-4fbcf30e723e{ip: 192.168.69.64, host: pr-hdds-1571-tgb5r-3650803683, networkLocation: /default-rack, certSerialId: null}
2019-09-05 09:46:25,633 | INFO  | SCMAudit | user=jenkins1000 | ip=192.168.69.64 | op=REGISTER {datanodeDetails=f8f65381-65cb-46be-b0c7-4fbcf30e723e{ip: 192.168.69.64, host: pr-hdds-1571-tgb5r-3650803683, networkLocation: /default-rack, certSerialId: null}} | ret=SUCCESS |  
2019-09-05 09:46:25,641 [grpc-default-executor-2] INFO  impl.RaftServerProxy (RaftServerProxy.java:addNew(89)) - f8f65381-65cb-46be-b0c7-4fbcf30e723e: addNew group-31C510C68226:[f8f65381-65cb-46be-b0c7-4fbcf30e723e:192.168.69.64:44993] returns group-31C510C68226:java.util.concurrent.CompletableFuture@5782643d[Not completed]
2019-09-05 09:46:25,643 [pool-483-thread-1] INFO  impl.RaftServerImpl (RaftServerImpl.java:<init>(93)) - f8f65381-65cb-46be-b0c7-4fbcf30e723e: new RaftServerImpl for group-31C510C68226:[f8f65381-65cb-46be-b0c7-4fbcf30e723e:192.168.69.64:44993] with ContainerStateMachine:uninitialized
2019-09-05 09:46:25,644 [pool-483-thread-1] INFO  server.RaftServerConfigKeys (ConfUtils.java:logGet(43)) - raft.server.rpc.timeout.min = 5s (custom)
2019-09-05 09:46:25,644 [pool-483-thread-1] INFO  server.RaftServerConfigKeys (ConfUtils.java:logGet(43)) - raft.server.rpc.timeout.max = 5200ms (custom)
2019-09-05 09:46:25,644 [pool-483-thread-1] INFO  server.RaftServerConfigKeys (ConfUtils.java:logGet(43)) - raft.server.rpcslowness.timeout = 120s (custom)
2019-09-05 09:46:25,644 [pool-483-thread-1] INFO  server.RaftServerConfigKeys (ConfUtils.java:logGet(43)) - raft.server.sleep.deviation.threshold = 300 (default)
2019-09-05 09:46:25,644 [pool-483-thread-1] INFO  server.RaftServerConfigKeys (ConfUtils.java:logGet(43)) - raft.server.log.appender.install.snapshot.enabled = false (custom)
2019-09-05 09:46:25,645 [pool-483-thread-1] INFO  impl.RaftServerImpl (ServerState.java:<init>(105)) - f8f65381-65cb-46be-b0c7-4fbcf30e723e:group-31C510C68226 ConfigurationManager, init=-1: [f8f65381-65cb-46be-b0c7-4fbcf30e723e:192.168.69.64:44993], old=null, confs=<EMPTY_MAP>
2019-09-05 09:46:25,645 [pool-483-thread-1] INFO  server.RaftServerConfigKeys (ConfUtils.java:logGet(43)) - raft.server.storage.dir = [/workdir/hadoop-ozone/integration-test/target/test-dir/MiniOzoneClusterImpl-ff056e79-355c-4fb1-b6e7-2d545f6c46f0/datanode-4/data/ratis] (custom)
2019-09-05 09:46:25,646 [pool-483-thread-1] INFO  storage.RaftStorageDirectory (RaftStorageDirectory.java:analyzeStorage(246)) - The storage directory /workdir/hadoop-ozone/integration-test/target/test-dir/MiniOzoneClusterImpl-ff056e79-355c-4fb1-b6e7-2d545f6c46f0/datanode-4/data/ratis/ea24d024-fb3a-4869-b4db-31c510c68226 does not exist. Creating ...
2019-09-05 09:46:25,688 [pool-483-thread-1] INFO  storage.RaftStorageDirectory (RaftStorageDirectory.java:tryLock(328)) - Lock on /workdir/hadoop-ozone/integration-test/target/test-dir/MiniOzoneClusterImpl-ff056e79-355c-4fb1-b6e7-2d545f6c46f0/datanode-4/data/ratis/ea24d024-fb3a-4869-b4db-31c510c68226/in_use.lock acquired by nodename 16942@pr-hdds-1571-tgb5r-3650803683
2019-09-05 09:46:25,747 [pool-483-thread-1] INFO  storage.RaftStorage (RaftStorage.java:format(72)) - Storage directory /workdir/hadoop-ozone/integration-test/target/test-dir/MiniOzoneClusterImpl-ff056e79-355c-4fb1-b6e7-2d545f6c46f0/datanode-4/data/ratis/ea24d024-fb3a-4869-b4db-31c510c68226 has been successfully formatted.
2019-09-05 09:46:25,748 [pool-483-thread-1] INFO  ratis.ContainerStateMachine (ContainerStateMachine.java:loadSnapshot(226)) - group-31C510C68226: The snapshot info is null. Setting the last applied indexto:(t:0, i:~)
2019-09-05 09:46:25,748 [pool-483-thread-1] INFO  server.RaftServerConfigKeys (ConfUtils.java:logGet(43)) - raft.server.leader.election.timeout = 120s (custom)
2019-09-05 09:46:25,748 [pool-483-thread-1] INFO  server.RaftServerConfigKeys (ConfUtils.java:logGet(43)) - raft.server.log.use.memory = false (default)
2019-09-05 09:46:25,748 [pool-483-thread-1] INFO  server.RaftServerConfigKeys (ConfUtils.java:logGet(43)) - raft.server.log.purge.gap = 1000000 (custom)
2019-09-05 09:46:25,749 [pool-483-thread-1] INFO  server.RaftServerConfigKeys (ConfUtils.java:logGet(43)) - raft.server.log.appender.buffer.byte-limit = 33554432 (custom)
2019-09-05 09:46:25,749 [pool-483-thread-1] INFO  server.RaftServerConfigKeys (ConfUtils.java:logGet(43)) - raft.server.log.segment.size.max = 1048576 (custom)
2019-09-05 09:46:25,749 [pool-483-thread-1] INFO  server.RaftServerConfigKeys (ConfUtils.java:logGet(43)) - raft.server.log.segment.cache.num.max = 2 (custom)
2019-09-05 09:46:25,749 [pool-483-thread-1] INFO  segmented.SegmentedRaftLogWorker (SegmentedRaftLogWorker.java:<init>(172)) - new f8f65381-65cb-46be-b0c7-4fbcf30e723e-SegmentedRaftLogWorker:Storage Directory /workdir/hadoop-ozone/integration-test/target/test-dir/MiniOzoneClusterImpl-ff056e79-355c-4fb1-b6e7-2d545f6c46f0/datanode-4/data/ratis/ea24d024-fb3a-4869-b4db-31c510c68226 for RaftStorage:Storage Directory /workdir/hadoop-ozone/integration-test/target/test-dir/MiniOzoneClusterImpl-ff056e79-355c-4fb1-b6e7-2d545f6c46f0/datanode-4/data/ratis/ea24d024-fb3a-4869-b4db-31c510c68226
2019-09-05 09:46:25,749 [pool-483-thread-1] INFO  server.RaftServerConfigKeys (ConfUtils.java:logGet(43)) - raft.server.log.queue.byte-limit = 2147483647 (custom)
2019-09-05 09:46:25,750 [pool-483-thread-1] INFO  server.RaftServerConfigKeys (ConfUtils.java:logGet(43)) - raft.server.log.queue.element-limit = 1024 (custom)
2019-09-05 09:46:25,750 [pool-483-thread-1] INFO  server.RaftServerConfigKeys (ConfUtils.java:logGet(43)) - raft.server.log.segment.size.max = 1048576 (custom)
2019-09-05 09:46:25,750 [pool-483-thread-1] INFO  server.RaftServerConfigKeys (ConfUtils.java:logGet(43)) - raft.server.log.preallocated.size = 16384 (custom)
2019-09-05 09:46:25,750 [pool-483-thread-1] INFO  server.RaftServerConfigKeys (ConfUtils.java:logGet(43)) - raft.server.log.write.buffer.size = 33554432 (custom)
2019-09-05 09:46:25,750 [pool-483-thread-1] INFO  server.RaftServerConfigKeys (ConfUtils.java:logGet(43)) - raft.server.log.force.sync.num = 128 (default)
2019-09-05 09:46:25,751 [pool-483-thread-1] INFO  server.RaftServerConfigKeys (ConfUtils.java:logGet(43)) - raft.server.log.statemachine.data.sync = true (default)
2019-09-05 09:46:25,751 [pool-483-thread-1] INFO  server.RaftServerConfigKeys (ConfUtils.java:logGet(43)) - raft.server.log.statemachine.data.sync.timeout = 10s (default)
2019-09-05 09:46:25,751 [pool-483-thread-1] INFO  server.RaftServerConfigKeys (ConfUtils.java:logGet(43)) - raft.server.log.statemachine.data.sync.timeout.retry = -1 (default)
2019-09-05 09:46:25,751 [pool-483-thread-1] INFO  server.RaftServerConfigKeys (ConfUtils.java:logGet(43)) - raft.server.log.statemachine.data.caching.enabled = true (custom)
2019-09-05 09:46:25,752 [pool-483-thread-1] INFO  segmented.SegmentedRaftLogWorker (SegmentedRaftLogWorker.java:lambda$new$0(132)) - f8f65381-65cb-46be-b0c7-4fbcf30e723e-SegmentedRaftLogWorker:Storage Directory /workdir/hadoop-ozone/integration-test/target/test-dir/MiniOzoneClusterImpl-ff056e79-355c-4fb1-b6e7-2d545f6c46f0/datanode-4/data/ratis/ea24d024-fb3a-4869-b4db-31c510c68226: flushIndex: setUnconditionally 0 -> -1
2019-09-05 09:46:25,752 [pool-483-thread-1] INFO  server.RaftServerConfigKeys (ConfUtils.java:logGet(43)) - raft.server.snapshot.auto.trigger.enabled = true (custom)
2019-09-05 09:46:25,752 [pool-483-thread-1] INFO  server.RaftServerConfigKeys (ConfUtils.java:logGet(43)) - raft.server.snapshot.auto.trigger.threshold = 10000 (custom)
2019-09-05 09:46:25,752 [pool-483-thread-1] INFO  server.RaftServerConfigKeys (ConfUtils.java:logGet(43)) - raft.server.retrycache.expirytime = 600000ms (custom)
2019-09-05 09:46:25,753 [pool-483-thread-1] INFO  impl.RaftServerImpl (RaftServerImpl.java:start(180)) - f8f65381-65cb-46be-b0c7-4fbcf30e723e: start group-31C510C68226
2019-09-05 09:46:25,753 [pool-483-thread-1] INFO  impl.RaftServerImpl (RaftServerImpl.java:setRole(171)) - f8f65381-65cb-46be-b0c7-4fbcf30e723e:group-31C510C68226 changes role from null to FOLLOWER at term 0 for startAsFollower
2019-09-05 09:46:25,753 [pool-483-thread-1] INFO  impl.RoleInfo (RoleInfo.java:updateAndGet(143)) - f8f65381-65cb-46be-b0c7-4fbcf30e723e: start FollowerState
2019-09-05 09:46:25,764 [pool-483-thread-1] INFO  util.JmxRegister (JmxRegister.java:tryRegister(44)) - Successfully registered JMX Bean with object name Ratis:service=RaftServer,group=group-31C510C68226,id=f8f65381-65cb-46be-b0c7-4fbcf30e723e
2019-09-05 09:46:25,776 [RatisPipelineUtilsThread] INFO  pipeline.PipelineStateManager (PipelineStateManager.java:addPipeline(56)) - Created pipeline Pipeline[ Id: ea24d024-fb3a-4869-b4db-31c510c68226, Nodes: f8f65381-65cb-46be-b0c7-4fbcf30e723e{ip: 192.168.69.64, host: pr-hdds-1571-tgb5r-3650803683, networkLocation: /default-rack, certSerialId: null}, Type:RATIS, Factor:ONE, State:OPEN]
2019-09-05 09:46:25,827 [IPC Server handler 0 on 36945] INFO  net.NetworkTopology (NetworkTopologyImpl.java:add(110)) - Added a new node: /default-rack/be6e9899-a2a0-4aaa-86a3-6f4de7c5e0ee
2019-09-05 09:46:25,827 [IPC Server handler 0 on 36945] INFO  node.SCMNodeManager (SCMNodeManager.java:register(273)) - Registered Data node : be6e9899-a2a0-4aaa-86a3-6f4de7c5e0ee{ip: 192.168.69.64, host: pr-hdds-1571-tgb5r-3650803683, networkLocation: /default-rack, certSerialId: null}
2019-09-05 09:46:25,827 | INFO  | SCMAudit | user=jenkins1000 | ip=192.168.69.64 | op=REGISTER {datanodeDetails=be6e9899-a2a0-4aaa-86a3-6f4de7c5e0ee{ip: 192.168.69.64, host: pr-hdds-1571-tgb5r-3650803683, networkLocation: /default-rack, certSerialId: null}} | ret=SUCCESS |  
2019-09-05 09:46:25,834 [grpc-default-executor-2] INFO  impl.RaftServerProxy (RaftServerProxy.java:addNew(89)) - be6e9899-a2a0-4aaa-86a3-6f4de7c5e0ee: addNew group-DC71F36137CE:[be6e9899-a2a0-4aaa-86a3-6f4de7c5e0ee:192.168.69.64:35409] returns group-DC71F36137CE:java.util.concurrent.CompletableFuture@4412c1e5[Not completed]
2019-09-05 09:46:25,836 [pool-494-thread-1] INFO  impl.RaftServerImpl (RaftServerImpl.java:<init>(93)) - be6e9899-a2a0-4aaa-86a3-6f4de7c5e0ee: new RaftServerImpl for group-DC71F36137CE:[be6e9899-a2a0-4aaa-86a3-6f4de7c5e0ee:192.168.69.64:35409] with ContainerStateMachine:uninitialized
2019-09-05 09:46:25,836 [pool-494-thread-1] INFO  server.RaftServerConfigKeys (ConfUtils.java:logGet(43)) - raft.server.rpc.timeout.min = 5s (custom)
2019-09-05 09:46:25,837 [pool-494-thread-1] INFO  server.RaftServerConfigKeys (ConfUtils.java:logGet(43)) - raft.server.rpc.timeout.max = 5200ms (custom)
2019-09-05 09:46:25,837 [pool-494-thread-1] INFO  server.RaftServerConfigKeys (ConfUtils.java:logGet(43)) - raft.server.rpcslowness.timeout = 120s (custom)
2019-09-05 09:46:25,837 [pool-494-thread-1] INFO  server.RaftServerConfigKeys (ConfUtils.java:logGet(43)) - raft.server.sleep.deviation.threshold = 300 (default)
2019-09-05 09:46:25,837 [pool-494-thread-1] INFO  server.RaftServerConfigKeys (ConfUtils.java:logGet(43)) - raft.server.log.appender.install.snapshot.enabled = false (custom)
2019-09-05 09:46:25,837 [pool-494-thread-1] INFO  impl.RaftServerImpl (ServerState.java:<init>(105)) - be6e9899-a2a0-4aaa-86a3-6f4de7c5e0ee:group-DC71F36137CE ConfigurationManager, init=-1: [be6e9899-a2a0-4aaa-86a3-6f4de7c5e0ee:192.168.69.64:35409], old=null, confs=<EMPTY_MAP>
2019-09-05 09:46:25,838 [pool-494-thread-1] INFO  server.RaftServerConfigKeys (ConfUtils.java:logGet(43)) - raft.server.storage.dir = [/workdir/hadoop-ozone/integration-test/target/test-dir/MiniOzoneClusterImpl-ff056e79-355c-4fb1-b6e7-2d545f6c46f0/datanode-5/data/ratis] (custom)
2019-09-05 09:46:25,838 [pool-494-thread-1] INFO  storage.RaftStorageDirectory (RaftStorageDirectory.java:analyzeStorage(246)) - The storage directory /workdir/hadoop-ozone/integration-test/target/test-dir/MiniOzoneClusterImpl-ff056e79-355c-4fb1-b6e7-2d545f6c46f0/datanode-5/data/ratis/f3c40107-dadb-4288-93a1-dc71f36137ce does not exist. Creating ...
2019-09-05 09:46:25,873 [pool-494-thread-1] INFO  storage.RaftStorageDirectory (RaftStorageDirectory.java:tryLock(328)) - Lock on /workdir/hadoop-ozone/integration-test/target/test-dir/MiniOzoneClusterImpl-ff056e79-355c-4fb1-b6e7-2d545f6c46f0/datanode-5/data/ratis/f3c40107-dadb-4288-93a1-dc71f36137ce/in_use.lock acquired by nodename 16942@pr-hdds-1571-tgb5r-3650803683
2019-09-05 09:46:25,940 [pool-494-thread-1] INFO  storage.RaftStorage (RaftStorage.java:format(72)) - Storage directory /workdir/hadoop-ozone/integration-test/target/test-dir/MiniOzoneClusterImpl-ff056e79-355c-4fb1-b6e7-2d545f6c46f0/datanode-5/data/ratis/f3c40107-dadb-4288-93a1-dc71f36137ce has been successfully formatted.
2019-09-05 09:46:25,941 [pool-494-thread-1] INFO  ratis.ContainerStateMachine (ContainerStateMachine.java:loadSnapshot(226)) - group-DC71F36137CE: The snapshot info is null. Setting the last applied indexto:(t:0, i:~)
2019-09-05 09:46:25,941 [pool-494-thread-1] INFO  server.RaftServerConfigKeys (ConfUtils.java:logGet(43)) - raft.server.leader.election.timeout = 120s (custom)
2019-09-05 09:46:25,941 [pool-494-thread-1] INFO  server.RaftServerConfigKeys (ConfUtils.java:logGet(43)) - raft.server.log.use.memory = false (default)
2019-09-05 09:46:25,941 [pool-494-thread-1] INFO  server.RaftServerConfigKeys (ConfUtils.java:logGet(43)) - raft.server.log.purge.gap = 1000000 (custom)
2019-09-05 09:46:25,942 [pool-494-thread-1] INFO  server.RaftServerConfigKeys (ConfUtils.java:logGet(43)) - raft.server.log.appender.buffer.byte-limit = 33554432 (custom)
2019-09-05 09:46:25,942 [pool-494-thread-1] INFO  server.RaftServerConfigKeys (ConfUtils.java:logGet(43)) - raft.server.log.segment.size.max = 1048576 (custom)
2019-09-05 09:46:25,942 [pool-494-thread-1] INFO  server.RaftServerConfigKeys (ConfUtils.java:logGet(43)) - raft.server.log.segment.cache.num.max = 2 (custom)
2019-09-05 09:46:25,942 [pool-494-thread-1] INFO  segmented.SegmentedRaftLogWorker (SegmentedRaftLogWorker.java:<init>(172)) - new be6e9899-a2a0-4aaa-86a3-6f4de7c5e0ee-SegmentedRaftLogWorker:Storage Directory /workdir/hadoop-ozone/integration-test/target/test-dir/MiniOzoneClusterImpl-ff056e79-355c-4fb1-b6e7-2d545f6c46f0/datanode-5/data/ratis/f3c40107-dadb-4288-93a1-dc71f36137ce for RaftStorage:Storage Directory /workdir/hadoop-ozone/integration-test/target/test-dir/MiniOzoneClusterImpl-ff056e79-355c-4fb1-b6e7-2d545f6c46f0/datanode-5/data/ratis/f3c40107-dadb-4288-93a1-dc71f36137ce
2019-09-05 09:46:25,942 [pool-494-thread-1] INFO  server.RaftServerConfigKeys (ConfUtils.java:logGet(43)) - raft.server.log.queue.byte-limit = 2147483647 (custom)
2019-09-05 09:46:25,943 [pool-494-thread-1] INFO  server.RaftServerConfigKeys (ConfUtils.java:logGet(43)) - raft.server.log.queue.element-limit = 1024 (custom)
2019-09-05 09:46:25,943 [pool-494-thread-1] INFO  server.RaftServerConfigKeys (ConfUtils.java:logGet(43)) - raft.server.log.segment.size.max = 1048576 (custom)
2019-09-05 09:46:25,943 [pool-494-thread-1] INFO  server.RaftServerConfigKeys (ConfUtils.java:logGet(43)) - raft.server.log.preallocated.size = 16384 (custom)
2019-09-05 09:46:25,943 [pool-494-thread-1] INFO  server.RaftServerConfigKeys (ConfUtils.java:logGet(43)) - raft.server.log.write.buffer.size = 33554432 (custom)
2019-09-05 09:46:25,943 [pool-494-thread-1] INFO  server.RaftServerConfigKeys (ConfUtils.java:logGet(43)) - raft.server.log.force.sync.num = 128 (default)
2019-09-05 09:46:25,944 [pool-494-thread-1] INFO  server.RaftServerConfigKeys (ConfUtils.java:logGet(43)) - raft.server.log.statemachine.data.sync = true (default)
2019-09-05 09:46:25,944 [pool-494-thread-1] INFO  server.RaftServerConfigKeys (ConfUtils.java:logGet(43)) - raft.server.log.statemachine.data.sync.timeout = 10s (default)
2019-09-05 09:46:25,944 [pool-494-thread-1] INFO  server.RaftServerConfigKeys (ConfUtils.java:logGet(43)) - raft.server.log.statemachine.data.sync.timeout.retry = -1 (default)
2019-09-05 09:46:25,944 [pool-494-thread-1] INFO  server.RaftServerConfigKeys (ConfUtils.java:logGet(43)) - raft.server.log.statemachine.data.caching.enabled = true (custom)
2019-09-05 09:46:25,945 [pool-494-thread-1] INFO  segmented.SegmentedRaftLogWorker (SegmentedRaftLogWorker.java:lambda$new$0(132)) - be6e9899-a2a0-4aaa-86a3-6f4de7c5e0ee-SegmentedRaftLogWorker:Storage Directory /workdir/hadoop-ozone/integration-test/target/test-dir/MiniOzoneClusterImpl-ff056e79-355c-4fb1-b6e7-2d545f6c46f0/datanode-5/data/ratis/f3c40107-dadb-4288-93a1-dc71f36137ce: flushIndex: setUnconditionally 0 -> -1
2019-09-05 09:46:25,945 [pool-494-thread-1] INFO  server.RaftServerConfigKeys (ConfUtils.java:logGet(43)) - raft.server.snapshot.auto.trigger.enabled = true (custom)
2019-09-05 09:46:25,945 [pool-494-thread-1] INFO  server.RaftServerConfigKeys (ConfUtils.java:logGet(43)) - raft.server.snapshot.auto.trigger.threshold = 10000 (custom)
2019-09-05 09:46:25,945 [pool-494-thread-1] INFO  server.RaftServerConfigKeys (ConfUtils.java:logGet(43)) - raft.server.retrycache.expirytime = 600000ms (custom)
2019-09-05 09:46:25,946 [pool-494-thread-1] INFO  impl.RaftServerImpl (RaftServerImpl.java:start(180)) - be6e9899-a2a0-4aaa-86a3-6f4de7c5e0ee: start group-DC71F36137CE
2019-09-05 09:46:25,946 [pool-494-thread-1] INFO  impl.RaftServerImpl (RaftServerImpl.java:setRole(171)) - be6e9899-a2a0-4aaa-86a3-6f4de7c5e0ee:group-DC71F36137CE changes role from null to FOLLOWER at term 0 for startAsFollower
2019-09-05 09:46:25,946 [pool-494-thread-1] INFO  impl.RoleInfo (RoleInfo.java:updateAndGet(143)) - be6e9899-a2a0-4aaa-86a3-6f4de7c5e0ee: start FollowerState
2019-09-05 09:46:25,947 [pool-494-thread-1] INFO  util.JmxRegister (JmxRegister.java:tryRegister(44)) - Successfully registered JMX Bean with object name Ratis:service=RaftServer,group=group-DC71F36137CE,id=be6e9899-a2a0-4aaa-86a3-6f4de7c5e0ee
2019-09-05 09:46:25,952 [RatisPipelineUtilsThread] INFO  pipeline.PipelineStateManager (PipelineStateManager.java:addPipeline(56)) - Created pipeline Pipeline[ Id: f3c40107-dadb-4288-93a1-dc71f36137ce, Nodes: be6e9899-a2a0-4aaa-86a3-6f4de7c5e0ee{ip: 192.168.69.64, host: pr-hdds-1571-tgb5r-3650803683, networkLocation: /default-rack, certSerialId: null}, Type:RATIS, Factor:ONE, State:OPEN]
2019-09-05 09:46:25,963 [grpc-default-executor-9] INFO  impl.RaftServerProxy (RaftServerProxy.java:addNew(89)) - a9783fcd-cf1c-48a2-b8c2-cbb078c8905c: addNew group-911D640F0E98:[a9783fcd-cf1c-48a2-b8c2-cbb078c8905c:192.168.69.64:45519, be6e9899-a2a0-4aaa-86a3-6f4de7c5e0ee:192.168.69.64:35409, f8f65381-65cb-46be-b0c7-4fbcf30e723e:192.168.69.64:44993] returns group-911D640F0E98:java.util.concurrent.CompletableFuture@2637f689[Not completed]
2019-09-05 09:46:25,963 [grpc-default-executor-2] INFO  impl.RaftServerProxy (RaftServerProxy.java:addNew(89)) - f8f65381-65cb-46be-b0c7-4fbcf30e723e: addNew group-911D640F0E98:[a9783fcd-cf1c-48a2-b8c2-cbb078c8905c:192.168.69.64:45519, be6e9899-a2a0-4aaa-86a3-6f4de7c5e0ee:192.168.69.64:35409, f8f65381-65cb-46be-b0c7-4fbcf30e723e:192.168.69.64:44993] returns group-911D640F0E98:java.util.concurrent.CompletableFuture@46b7eb76[Not completed]
2019-09-05 09:46:25,964 [grpc-default-executor-10] INFO  impl.RaftServerProxy (RaftServerProxy.java:addNew(89)) - be6e9899-a2a0-4aaa-86a3-6f4de7c5e0ee: addNew group-911D640F0E98:[a9783fcd-cf1c-48a2-b8c2-cbb078c8905c:192.168.69.64:45519, be6e9899-a2a0-4aaa-86a3-6f4de7c5e0ee:192.168.69.64:35409, f8f65381-65cb-46be-b0c7-4fbcf30e723e:192.168.69.64:44993] returns group-911D640F0E98:java.util.concurrent.CompletableFuture@452ac3d[Not completed]
2019-09-05 09:46:25,965 [pool-472-thread-1] INFO  impl.RaftServerImpl (RaftServerImpl.java:<init>(93)) - a9783fcd-cf1c-48a2-b8c2-cbb078c8905c: new RaftServerImpl for group-911D640F0E98:[a9783fcd-cf1c-48a2-b8c2-cbb078c8905c:192.168.69.64:45519, be6e9899-a2a0-4aaa-86a3-6f4de7c5e0ee:192.168.69.64:35409, f8f65381-65cb-46be-b0c7-4fbcf30e723e:192.168.69.64:44993] with ContainerStateMachine:uninitialized
2019-09-05 09:46:25,965 [pool-472-thread-1] INFO  server.RaftServerConfigKeys (ConfUtils.java:logGet(43)) - raft.server.rpc.timeout.min = 5s (custom)
2019-09-05 09:46:25,965 [pool-472-thread-1] INFO  server.RaftServerConfigKeys (ConfUtils.java:logGet(43)) - raft.server.rpc.timeout.max = 5200ms (custom)
2019-09-05 09:46:25,965 [pool-472-thread-1] INFO  server.RaftServerConfigKeys (ConfUtils.java:logGet(43)) - raft.server.rpcslowness.timeout = 120s (custom)
2019-09-05 09:46:25,965 [pool-472-thread-1] INFO  server.RaftServerConfigKeys (ConfUtils.java:logGet(43)) - raft.server.sleep.deviation.threshold = 300 (default)
2019-09-05 09:46:25,966 [pool-472-thread-1] INFO  server.RaftServerConfigKeys (ConfUtils.java:logGet(43)) - raft.server.log.appender.install.snapshot.enabled = false (custom)
2019-09-05 09:46:25,966 [pool-472-thread-1] INFO  impl.RaftServerImpl (ServerState.java:<init>(105)) - a9783fcd-cf1c-48a2-b8c2-cbb078c8905c:group-911D640F0E98 ConfigurationManager, init=-1: [a9783fcd-cf1c-48a2-b8c2-cbb078c8905c:192.168.69.64:45519, be6e9899-a2a0-4aaa-86a3-6f4de7c5e0ee:192.168.69.64:35409, f8f65381-65cb-46be-b0c7-4fbcf30e723e:192.168.69.64:44993], old=null, confs=<EMPTY_MAP>
2019-09-05 09:46:25,966 [pool-494-thread-1] INFO  impl.RaftServerImpl (RaftServerImpl.java:<init>(93)) - be6e9899-a2a0-4aaa-86a3-6f4de7c5e0ee: new RaftServerImpl for group-911D640F0E98:[a9783fcd-cf1c-48a2-b8c2-cbb078c8905c:192.168.69.64:45519, be6e9899-a2a0-4aaa-86a3-6f4de7c5e0ee:192.168.69.64:35409, f8f65381-65cb-46be-b0c7-4fbcf30e723e:192.168.69.64:44993] with ContainerStateMachine:uninitialized
2019-09-05 09:46:25,966 [pool-472-thread-1] INFO  server.RaftServerConfigKeys (ConfUtils.java:logGet(43)) - raft.server.storage.dir = [/workdir/hadoop-ozone/integration-test/target/test-dir/MiniOzoneClusterImpl-ff056e79-355c-4fb1-b6e7-2d545f6c46f0/datanode-3/data/ratis] (custom)
2019-09-05 09:46:25,966 [pool-494-thread-1] INFO  server.RaftServerConfigKeys (ConfUtils.java:logGet(43)) - raft.server.rpc.timeout.min = 5s (custom)
2019-09-05 09:46:25,966 [pool-494-thread-1] INFO  server.RaftServerConfigKeys (ConfUtils.java:logGet(43)) - raft.server.rpc.timeout.max = 5200ms (custom)
2019-09-05 09:46:25,967 [pool-472-thread-1] INFO  storage.RaftStorageDirectory (RaftStorageDirectory.java:analyzeStorage(246)) - The storage directory /workdir/hadoop-ozone/integration-test/target/test-dir/MiniOzoneClusterImpl-ff056e79-355c-4fb1-b6e7-2d545f6c46f0/datanode-3/data/ratis/b07db64f-4bd5-4b52-80db-911d640f0e98 does not exist. Creating ...
2019-09-05 09:46:25,967 [pool-483-thread-1] INFO  impl.RaftServerImpl (RaftServerImpl.java:<init>(93)) - f8f65381-65cb-46be-b0c7-4fbcf30e723e: new RaftServerImpl for group-911D640F0E98:[a9783fcd-cf1c-48a2-b8c2-cbb078c8905c:192.168.69.64:45519, be6e9899-a2a0-4aaa-86a3-6f4de7c5e0ee:192.168.69.64:35409, f8f65381-65cb-46be-b0c7-4fbcf30e723e:192.168.69.64:44993] with ContainerStateMachine:uninitialized
2019-09-05 09:46:25,967 [pool-494-thread-1] INFO  server.RaftServerConfigKeys (ConfUtils.java:logGet(43)) - raft.server.rpcslowness.timeout = 120s (custom)
2019-09-05 09:46:25,967 [pool-483-thread-1] INFO  server.RaftServerConfigKeys (ConfUtils.java:logGet(43)) - raft.server.rpc.timeout.min = 5s (custom)
2019-09-05 09:46:25,967 [pool-494-thread-1] INFO  server.RaftServerConfigKeys (ConfUtils.java:logGet(43)) - raft.server.sleep.deviation.threshold = 300 (default)
2019-09-05 09:46:25,967 [pool-483-thread-1] INFO  server.RaftServerConfigKeys (ConfUtils.java:logGet(43)) - raft.server.rpc.timeout.max = 5200ms (custom)
2019-09-05 09:46:25,967 [pool-494-thread-1] INFO  server.RaftServerConfigKeys (ConfUtils.java:logGet(43)) - raft.server.log.appender.install.snapshot.enabled = false (custom)
2019-09-05 09:46:25,967 [pool-483-thread-1] INFO  server.RaftServerConfigKeys (ConfUtils.java:logGet(43)) - raft.server.rpcslowness.timeout = 120s (custom)
2019-09-05 09:46:25,968 [pool-494-thread-1] INFO  impl.RaftServerImpl (ServerState.java:<init>(105)) - be6e9899-a2a0-4aaa-86a3-6f4de7c5e0ee:group-911D640F0E98 ConfigurationManager, init=-1: [a9783fcd-cf1c-48a2-b8c2-cbb078c8905c:192.168.69.64:45519, be6e9899-a2a0-4aaa-86a3-6f4de7c5e0ee:192.168.69.64:35409, f8f65381-65cb-46be-b0c7-4fbcf30e723e:192.168.69.64:44993], old=null, confs=<EMPTY_MAP>
2019-09-05 09:46:25,968 [pool-483-thread-1] INFO  server.RaftServerConfigKeys (ConfUtils.java:logGet(43)) - raft.server.sleep.deviation.threshold = 300 (default)
2019-09-05 09:46:25,968 [pool-494-thread-1] INFO  server.RaftServerConfigKeys (ConfUtils.java:logGet(43)) - raft.server.storage.dir = [/workdir/hadoop-ozone/integration-test/target/test-dir/MiniOzoneClusterImpl-ff056e79-355c-4fb1-b6e7-2d545f6c46f0/datanode-5/data/ratis] (custom)
2019-09-05 09:46:25,968 [pool-483-thread-1] INFO  server.RaftServerConfigKeys (ConfUtils.java:logGet(43)) - raft.server.log.appender.install.snapshot.enabled = false (custom)
2019-09-05 09:46:25,968 [pool-483-thread-1] INFO  impl.RaftServerImpl (ServerState.java:<init>(105)) - f8f65381-65cb-46be-b0c7-4fbcf30e723e:group-911D640F0E98 ConfigurationManager, init=-1: [a9783fcd-cf1c-48a2-b8c2-cbb078c8905c:192.168.69.64:45519, be6e9899-a2a0-4aaa-86a3-6f4de7c5e0ee:192.168.69.64:35409, f8f65381-65cb-46be-b0c7-4fbcf30e723e:192.168.69.64:44993], old=null, confs=<EMPTY_MAP>
2019-09-05 09:46:25,968 [pool-494-thread-1] INFO  storage.RaftStorageDirectory (RaftStorageDirectory.java:analyzeStorage(246)) - The storage directory /workdir/hadoop-ozone/integration-test/target/test-dir/MiniOzoneClusterImpl-ff056e79-355c-4fb1-b6e7-2d545f6c46f0/datanode-5/data/ratis/b07db64f-4bd5-4b52-80db-911d640f0e98 does not exist. Creating ...
2019-09-05 09:46:25,969 [pool-483-thread-1] INFO  server.RaftServerConfigKeys (ConfUtils.java:logGet(43)) - raft.server.storage.dir = [/workdir/hadoop-ozone/integration-test/target/test-dir/MiniOzoneClusterImpl-ff056e79-355c-4fb1-b6e7-2d545f6c46f0/datanode-4/data/ratis] (custom)
2019-09-05 09:46:25,969 [pool-483-thread-1] INFO  storage.RaftStorageDirectory (RaftStorageDirectory.java:analyzeStorage(246)) - The storage directory /workdir/hadoop-ozone/integration-test/target/test-dir/MiniOzoneClusterImpl-ff056e79-355c-4fb1-b6e7-2d545f6c46f0/datanode-4/data/ratis/b07db64f-4bd5-4b52-80db-911d640f0e98 does not exist. Creating ...
2019-09-05 09:46:26,000 [pool-472-thread-1] INFO  storage.RaftStorageDirectory (RaftStorageDirectory.java:tryLock(328)) - Lock on /workdir/hadoop-ozone/integration-test/target/test-dir/MiniOzoneClusterImpl-ff056e79-355c-4fb1-b6e7-2d545f6c46f0/datanode-3/data/ratis/b07db64f-4bd5-4b52-80db-911d640f0e98/in_use.lock acquired by nodename 16942@pr-hdds-1571-tgb5r-3650803683
2019-09-05 09:46:26,000 [pool-483-thread-1] INFO  storage.RaftStorageDirectory (RaftStorageDirectory.java:tryLock(328)) - Lock on /workdir/hadoop-ozone/integration-test/target/test-dir/MiniOzoneClusterImpl-ff056e79-355c-4fb1-b6e7-2d545f6c46f0/datanode-4/data/ratis/b07db64f-4bd5-4b52-80db-911d640f0e98/in_use.lock acquired by nodename 16942@pr-hdds-1571-tgb5r-3650803683
2019-09-05 09:46:26,000 [pool-494-thread-1] INFO  storage.RaftStorageDirectory (RaftStorageDirectory.java:tryLock(328)) - Lock on /workdir/hadoop-ozone/integration-test/target/test-dir/MiniOzoneClusterImpl-ff056e79-355c-4fb1-b6e7-2d545f6c46f0/datanode-5/data/ratis/b07db64f-4bd5-4b52-80db-911d640f0e98/in_use.lock acquired by nodename 16942@pr-hdds-1571-tgb5r-3650803683
2019-09-05 09:46:26,027 [main] INFO  ozone.MiniOzoneClusterImpl (MiniOzoneClusterImpl.java:lambda$waitForClusterToBeReady$0(142)) - Waiting for cluster to be ready. Got 6 of 7 DN Heartbeats.
2019-09-05 09:46:26,028 [IPC Server handler 2 on 36945] INFO  net.NetworkTopology (NetworkTopologyImpl.java:add(110)) - Added a new node: /default-rack/89855a1f-0ba7-4a60-bf74-368046649d6e
2019-09-05 09:46:26,028 [IPC Server handler 2 on 36945] INFO  node.SCMNodeManager (SCMNodeManager.java:register(273)) - Registered Data node : 89855a1f-0ba7-4a60-bf74-368046649d6e{ip: 192.168.69.64, host: pr-hdds-1571-tgb5r-3650803683, networkLocation: /default-rack, certSerialId: null}
2019-09-05 09:46:26,028 | INFO  | SCMAudit | user=jenkins1000 | ip=192.168.69.64 | op=REGISTER {datanodeDetails=89855a1f-0ba7-4a60-bf74-368046649d6e{ip: 192.168.69.64, host: pr-hdds-1571-tgb5r-3650803683, networkLocation: /default-rack, certSerialId: null}} | ret=SUCCESS |  
2019-09-05 09:46:26,059 [pool-494-thread-1] INFO  storage.RaftStorage (RaftStorage.java:format(72)) - Storage directory /workdir/hadoop-ozone/integration-test/target/test-dir/MiniOzoneClusterImpl-ff056e79-355c-4fb1-b6e7-2d545f6c46f0/datanode-5/data/ratis/b07db64f-4bd5-4b52-80db-911d640f0e98 has been successfully formatted.
2019-09-05 09:46:26,059 [pool-472-thread-1] INFO  storage.RaftStorage (RaftStorage.java:format(72)) - Storage directory /workdir/hadoop-ozone/integration-test/target/test-dir/MiniOzoneClusterImpl-ff056e79-355c-4fb1-b6e7-2d545f6c46f0/datanode-3/data/ratis/b07db64f-4bd5-4b52-80db-911d640f0e98 has been successfully formatted.
2019-09-05 09:46:26,059 [pool-483-thread-1] INFO  storage.RaftStorage (RaftStorage.java:format(72)) - Storage directory /workdir/hadoop-ozone/integration-test/target/test-dir/MiniOzoneClusterImpl-ff056e79-355c-4fb1-b6e7-2d545f6c46f0/datanode-4/data/ratis/b07db64f-4bd5-4b52-80db-911d640f0e98 has been successfully formatted.
2019-09-05 09:46:26,060 [pool-472-thread-1] INFO  ratis.ContainerStateMachine (ContainerStateMachine.java:loadSnapshot(226)) - group-911D640F0E98: The snapshot info is null. Setting the last applied indexto:(t:0, i:~)
2019-09-05 09:46:26,060 [pool-483-thread-1] INFO  ratis.ContainerStateMachine (ContainerStateMachine.java:loadSnapshot(226)) - group-911D640F0E98: The snapshot info is null. Setting the last applied indexto:(t:0, i:~)
2019-09-05 09:46:26,059 [pool-494-thread-1] INFO  ratis.ContainerStateMachine (ContainerStateMachine.java:loadSnapshot(226)) - group-911D640F0E98: The snapshot info is null. Setting the last applied indexto:(t:0, i:~)
2019-09-05 09:46:26,060 [pool-483-thread-1] INFO  server.RaftServerConfigKeys (ConfUtils.java:logGet(43)) - raft.server.leader.election.timeout = 120s (custom)
2019-09-05 09:46:26,060 [pool-472-thread-1] INFO  server.RaftServerConfigKeys (ConfUtils.java:logGet(43)) - raft.server.leader.election.timeout = 120s (custom)
2019-09-05 09:46:26,060 [pool-483-thread-1] INFO  server.RaftServerConfigKeys (ConfUtils.java:logGet(43)) - raft.server.log.use.memory = false (default)
2019-09-05 09:46:26,060 [pool-494-thread-1] INFO  server.RaftServerConfigKeys (ConfUtils.java:logGet(43)) - raft.server.leader.election.timeout = 120s (custom)
2019-09-05 09:46:26,061 [pool-483-thread-1] INFO  server.RaftServerConfigKeys (ConfUtils.java:logGet(43)) - raft.server.log.purge.gap = 1000000 (custom)
2019-09-05 09:46:26,060 [pool-472-thread-1] INFO  server.RaftServerConfigKeys (ConfUtils.java:logGet(43)) - raft.server.log.use.memory = false (default)
2019-09-05 09:46:26,061 [pool-483-thread-1] INFO  server.RaftServerConfigKeys (ConfUtils.java:logGet(43)) - raft.server.log.appender.buffer.byte-limit = 33554432 (custom)
2019-09-05 09:46:26,061 [pool-494-thread-1] INFO  server.RaftServerConfigKeys (ConfUtils.java:logGet(43)) - raft.server.log.use.memory = false (default)
2019-09-05 09:46:26,061 [pool-483-thread-1] INFO  server.RaftServerConfigKeys (ConfUtils.java:logGet(43)) - raft.server.log.segment.size.max = 1048576 (custom)
2019-09-05 09:46:26,061 [pool-472-thread-1] INFO  server.RaftServerConfigKeys (ConfUtils.java:logGet(43)) - raft.server.log.purge.gap = 1000000 (custom)
2019-09-05 09:46:26,062 [pool-483-thread-1] INFO  server.RaftServerConfigKeys (ConfUtils.java:logGet(43)) - raft.server.log.segment.cache.num.max = 2 (custom)
2019-09-05 09:46:26,061 [pool-494-thread-1] INFO  server.RaftServerConfigKeys (ConfUtils.java:logGet(43)) - raft.server.log.purge.gap = 1000000 (custom)
2019-09-05 09:46:26,062 [pool-483-thread-1] INFO  segmented.SegmentedRaftLogWorker (SegmentedRaftLogWorker.java:<init>(172)) - new f8f65381-65cb-46be-b0c7-4fbcf30e723e-SegmentedRaftLogWorker:Storage Directory /workdir/hadoop-ozone/integration-test/target/test-dir/MiniOzoneClusterImpl-ff056e79-355c-4fb1-b6e7-2d545f6c46f0/datanode-4/data/ratis/b07db64f-4bd5-4b52-80db-911d640f0e98 for RaftStorage:Storage Directory /workdir/hadoop-ozone/integration-test/target/test-dir/MiniOzoneClusterImpl-ff056e79-355c-4fb1-b6e7-2d545f6c46f0/datanode-4/data/ratis/b07db64f-4bd5-4b52-80db-911d640f0e98
2019-09-05 09:46:26,062 [pool-472-thread-1] INFO  server.RaftServerConfigKeys (ConfUtils.java:logGet(43)) - raft.server.log.appender.buffer.byte-limit = 33554432 (custom)
2019-09-05 09:46:26,062 [pool-483-thread-1] INFO  server.RaftServerConfigKeys (ConfUtils.java:logGet(43)) - raft.server.log.queue.byte-limit = 2147483647 (custom)
2019-09-05 09:46:26,063 [pool-483-thread-1] INFO  server.RaftServerConfigKeys (ConfUtils.java:logGet(43)) - raft.server.log.queue.element-limit = 1024 (custom)
2019-09-05 09:46:26,062 [pool-494-thread-1] INFO  server.RaftServerConfigKeys (ConfUtils.java:logGet(43)) - raft.server.log.appender.buffer.byte-limit = 33554432 (custom)
2019-09-05 09:46:26,063 [pool-483-thread-1] INFO  server.RaftServerConfigKeys (ConfUtils.java:logGet(43)) - raft.server.log.segment.size.max = 1048576 (custom)
2019-09-05 09:46:26,063 [pool-472-thread-1] INFO  server.RaftServerConfigKeys (ConfUtils.java:logGet(43)) - raft.server.log.segment.size.max = 1048576 (custom)
2019-09-05 09:46:26,063 [pool-483-thread-1] INFO  server.RaftServerConfigKeys (ConfUtils.java:logGet(43)) - raft.server.log.preallocated.size = 16384 (custom)
2019-09-05 09:46:26,064 [pool-483-thread-1] INFO  server.RaftServerConfigKeys (ConfUtils.java:logGet(43)) - raft.server.log.write.buffer.size = 33554432 (custom)
2019-09-05 09:46:26,063 [pool-494-thread-1] INFO  server.RaftServerConfigKeys (ConfUtils.java:logGet(43)) - raft.server.log.segment.size.max = 1048576 (custom)
2019-09-05 09:46:26,064 [pool-483-thread-1] INFO  server.RaftServerConfigKeys (ConfUtils.java:logGet(43)) - raft.server.log.force.sync.num = 128 (default)
2019-09-05 09:46:26,063 [pool-472-thread-1] INFO  server.RaftServerConfigKeys (ConfUtils.java:logGet(43)) - raft.server.log.segment.cache.num.max = 2 (custom)
2019-09-05 09:46:26,064 [pool-483-thread-1] INFO  server.RaftServerConfigKeys (ConfUtils.java:logGet(43)) - raft.server.log.statemachine.data.sync = true (default)
2019-09-05 09:46:26,064 [pool-494-thread-1] INFO  server.RaftServerConfigKeys (ConfUtils.java:logGet(43)) - raft.server.log.segment.cache.num.max = 2 (custom)
2019-09-05 09:46:26,064 [pool-483-thread-1] INFO  server.RaftServerConfigKeys (ConfUtils.java:logGet(43)) - raft.server.log.statemachine.data.sync.timeout = 10s (default)
2019-09-05 09:46:26,064 [pool-472-thread-1] INFO  segmented.SegmentedRaftLogWorker (SegmentedRaftLogWorker.java:<init>(172)) - new a9783fcd-cf1c-48a2-b8c2-cbb078c8905c-SegmentedRaftLogWorker:Storage Directory /workdir/hadoop-ozone/integration-test/target/test-dir/MiniOzoneClusterImpl-ff056e79-355c-4fb1-b6e7-2d545f6c46f0/datanode-3/data/ratis/b07db64f-4bd5-4b52-80db-911d640f0e98 for RaftStorage:Storage Directory /workdir/hadoop-ozone/integration-test/target/test-dir/MiniOzoneClusterImpl-ff056e79-355c-4fb1-b6e7-2d545f6c46f0/datanode-3/data/ratis/b07db64f-4bd5-4b52-80db-911d640f0e98
2019-09-05 09:46:26,065 [pool-483-thread-1] INFO  server.RaftServerConfigKeys (ConfUtils.java:logGet(43)) - raft.server.log.statemachine.data.sync.timeout.retry = -1 (default)
2019-09-05 09:46:26,065 [pool-494-thread-1] INFO  segmented.SegmentedRaftLogWorker (SegmentedRaftLogWorker.java:<init>(172)) - new be6e9899-a2a0-4aaa-86a3-6f4de7c5e0ee-SegmentedRaftLogWorker:Storage Directory /workdir/hadoop-ozone/integration-test/target/test-dir/MiniOzoneClusterImpl-ff056e79-355c-4fb1-b6e7-2d545f6c46f0/datanode-5/data/ratis/b07db64f-4bd5-4b52-80db-911d640f0e98 for RaftStorage:Storage Directory /workdir/hadoop-ozone/integration-test/target/test-dir/MiniOzoneClusterImpl-ff056e79-355c-4fb1-b6e7-2d545f6c46f0/datanode-5/data/ratis/b07db64f-4bd5-4b52-80db-911d640f0e98
2019-09-05 09:46:26,065 [pool-483-thread-1] INFO  server.RaftServerConfigKeys (ConfUtils.java:logGet(43)) - raft.server.log.statemachine.data.caching.enabled = true (custom)
2019-09-05 09:46:26,065 [pool-472-thread-1] INFO  server.RaftServerConfigKeys (ConfUtils.java:logGet(43)) - raft.server.log.queue.byte-limit = 2147483647 (custom)
2019-09-05 09:46:26,065 [pool-494-thread-1] INFO  server.RaftServerConfigKeys (ConfUtils.java:logGet(43)) - raft.server.log.queue.byte-limit = 2147483647 (custom)
2019-09-05 09:46:26,066 [pool-483-thread-1] INFO  segmented.SegmentedRaftLogWorker (SegmentedRaftLogWorker.java:lambda$new$0(132)) - f8f65381-65cb-46be-b0c7-4fbcf30e723e-SegmentedRaftLogWorker:Storage Directory /workdir/hadoop-ozone/integration-test/target/test-dir/MiniOzoneClusterImpl-ff056e79-355c-4fb1-b6e7-2d545f6c46f0/datanode-4/data/ratis/b07db64f-4bd5-4b52-80db-911d640f0e98: flushIndex: setUnconditionally 0 -> -1
2019-09-05 09:46:26,066 [pool-472-thread-1] INFO  server.RaftServerConfigKeys (ConfUtils.java:logGet(43)) - raft.server.log.queue.element-limit = 1024 (custom)
2019-09-05 09:46:26,066 [pool-494-thread-1] INFO  server.RaftServerConfigKeys (ConfUtils.java:logGet(43)) - raft.server.log.queue.element-limit = 1024 (custom)
2019-09-05 09:46:26,066 [pool-483-thread-1] INFO  server.RaftServerConfigKeys (ConfUtils.java:logGet(43)) - raft.server.snapshot.auto.trigger.enabled = true (custom)
2019-09-05 09:46:26,066 [pool-472-thread-1] INFO  server.RaftServerConfigKeys (ConfUtils.java:logGet(43)) - raft.server.log.segment.size.max = 1048576 (custom)
2019-09-05 09:46:26,066 [pool-483-thread-1] INFO  server.RaftServerConfigKeys (ConfUtils.java:logGet(43)) - raft.server.snapshot.auto.trigger.threshold = 10000 (custom)
2019-09-05 09:46:26,066 [pool-494-thread-1] INFO  server.RaftServerConfigKeys (ConfUtils.java:logGet(43)) - raft.server.log.segment.size.max = 1048576 (custom)
2019-09-05 09:46:26,067 [pool-483-thread-1] INFO  server.RaftServerConfigKeys (ConfUtils.java:logGet(43)) - raft.server.retrycache.expirytime = 600000ms (custom)
2019-09-05 09:46:26,067 [pool-472-thread-1] INFO  server.RaftServerConfigKeys (ConfUtils.java:logGet(43)) - raft.server.log.preallocated.size = 16384 (custom)
2019-09-05 09:46:26,067 [pool-483-thread-1] INFO  impl.RaftServerImpl (RaftServerImpl.java:start(180)) - f8f65381-65cb-46be-b0c7-4fbcf30e723e: start group-911D640F0E98
2019-09-05 09:46:26,067 [pool-494-thread-1] INFO  server.RaftServerConfigKeys (ConfUtils.java:logGet(43)) - raft.server.log.preallocated.size = 16384 (custom)
2019-09-05 09:46:26,068 [pool-483-thread-1] INFO  impl.RaftServerImpl (RaftServerImpl.java:setRole(171)) - f8f65381-65cb-46be-b0c7-4fbcf30e723e:group-911D640F0E98 changes role from null to FOLLOWER at term 0 for startAsFollower
2019-09-05 09:46:26,067 [pool-472-thread-1] INFO  server.RaftServerConfigKeys (ConfUtils.java:logGet(43)) - raft.server.log.write.buffer.size = 33554432 (custom)
2019-09-05 09:46:26,068 [pool-483-thread-1] INFO  impl.RoleInfo (RoleInfo.java:updateAndGet(143)) - f8f65381-65cb-46be-b0c7-4fbcf30e723e: start FollowerState
2019-09-05 09:46:26,068 [pool-494-thread-1] INFO  server.RaftServerConfigKeys (ConfUtils.java:logGet(43)) - raft.server.log.write.buffer.size = 33554432 (custom)
2019-09-05 09:46:26,068 [pool-472-thread-1] INFO  server.RaftServerConfigKeys (ConfUtils.java:logGet(43)) - raft.server.log.force.sync.num = 128 (default)
2019-09-05 09:46:26,069 [pool-483-thread-1] INFO  util.JmxRegister (JmxRegister.java:tryRegister(44)) - Successfully registered JMX Bean with object name Ratis:service=RaftServer,group=group-911D640F0E98,id=f8f65381-65cb-46be-b0c7-4fbcf30e723e
2019-09-05 09:46:26,068 [pool-494-thread-1] INFO  server.RaftServerConfigKeys (ConfUtils.java:logGet(43)) - raft.server.log.force.sync.num = 128 (default)
2019-09-05 09:46:26,069 [pool-472-thread-1] INFO  server.RaftServerConfigKeys (ConfUtils.java:logGet(43)) - raft.server.log.statemachine.data.sync = true (default)
2019-09-05 09:46:26,069 [pool-494-thread-1] INFO  server.RaftServerConfigKeys (ConfUtils.java:logGet(43)) - raft.server.log.statemachine.data.sync = true (default)
2019-09-05 09:46:26,069 [pool-472-thread-1] INFO  server.RaftServerConfigKeys (ConfUtils.java:logGet(43)) - raft.server.log.statemachine.data.sync.timeout = 10s (default)
2019-09-05 09:46:26,069 [pool-494-thread-1] INFO  server.RaftServerConfigKeys (ConfUtils.java:logGet(43)) - raft.server.log.statemachine.data.sync.timeout = 10s (default)
2019-09-05 09:46:26,070 [pool-472-thread-1] INFO  server.RaftServerConfigKeys (ConfUtils.java:logGet(43)) - raft.server.log.statemachine.data.sync.timeout.retry = -1 (default)
2019-09-05 09:46:26,070 [pool-494-thread-1] INFO  server.RaftServerConfigKeys (ConfUtils.java:logGet(43)) - raft.server.log.statemachine.data.sync.timeout.retry = -1 (default)
2019-09-05 09:46:26,070 [pool-472-thread-1] INFO  server.RaftServerConfigKeys (ConfUtils.java:logGet(43)) - raft.server.log.statemachine.data.caching.enabled = true (custom)
2019-09-05 09:46:26,073 [pool-494-thread-1] INFO  server.RaftServerConfigKeys (ConfUtils.java:logGet(43)) - raft.server.log.statemachine.data.caching.enabled = true (custom)
2019-09-05 09:46:26,076 [pool-472-thread-1] INFO  segmented.SegmentedRaftLogWorker (SegmentedRaftLogWorker.java:lambda$new$0(132)) - a9783fcd-cf1c-48a2-b8c2-cbb078c8905c-SegmentedRaftLogWorker:Storage Directory /workdir/hadoop-ozone/integration-test/target/test-dir/MiniOzoneClusterImpl-ff056e79-355c-4fb1-b6e7-2d545f6c46f0/datanode-3/data/ratis/b07db64f-4bd5-4b52-80db-911d640f0e98: flushIndex: setUnconditionally 0 -> -1
2019-09-05 09:46:26,076 [pool-494-thread-1] INFO  segmented.SegmentedRaftLogWorker (SegmentedRaftLogWorker.java:lambda$new$0(132)) - be6e9899-a2a0-4aaa-86a3-6f4de7c5e0ee-SegmentedRaftLogWorker:Storage Directory /workdir/hadoop-ozone/integration-test/target/test-dir/MiniOzoneClusterImpl-ff056e79-355c-4fb1-b6e7-2d545f6c46f0/datanode-5/data/ratis/b07db64f-4bd5-4b52-80db-911d640f0e98: flushIndex: setUnconditionally 0 -> -1
2019-09-05 09:46:26,077 [pool-472-thread-1] INFO  server.RaftServerConfigKeys (ConfUtils.java:logGet(43)) - raft.server.snapshot.auto.trigger.enabled = true (custom)
2019-09-05 09:46:26,077 [pool-472-thread-1] INFO  server.RaftServerConfigKeys (ConfUtils.java:logGet(43)) - raft.server.snapshot.auto.trigger.threshold = 10000 (custom)
2019-09-05 09:46:26,077 [pool-494-thread-1] INFO  server.RaftServerConfigKeys (ConfUtils.java:logGet(43)) - raft.server.snapshot.auto.trigger.enabled = true (custom)
2019-09-05 09:46:26,077 [pool-472-thread-1] INFO  server.RaftServerConfigKeys (ConfUtils.java:logGet(43)) - raft.server.retrycache.expirytime = 600000ms (custom)
2019-09-05 09:46:26,077 [pool-494-thread-1] INFO  server.RaftServerConfigKeys (ConfUtils.java:logGet(43)) - raft.server.snapshot.auto.trigger.threshold = 10000 (custom)
2019-09-05 09:46:26,077 [pool-472-thread-1] INFO  impl.RaftServerImpl (RaftServerImpl.java:start(180)) - a9783fcd-cf1c-48a2-b8c2-cbb078c8905c: start group-911D640F0E98
2019-09-05 09:46:26,077 [pool-494-thread-1] INFO  server.RaftServerConfigKeys (ConfUtils.java:logGet(43)) - raft.server.retrycache.expirytime = 600000ms (custom)
2019-09-05 09:46:26,078 [pool-472-thread-1] INFO  impl.RaftServerImpl (RaftServerImpl.java:setRole(171)) - a9783fcd-cf1c-48a2-b8c2-cbb078c8905c:group-911D640F0E98 changes role from null to FOLLOWER at term 0 for startAsFollower
2019-09-05 09:46:26,078 [pool-494-thread-1] INFO  impl.RaftServerImpl (RaftServerImpl.java:start(180)) - be6e9899-a2a0-4aaa-86a3-6f4de7c5e0ee: start group-911D640F0E98
2019-09-05 09:46:26,078 [pool-472-thread-1] INFO  impl.RoleInfo (RoleInfo.java:updateAndGet(143)) - a9783fcd-cf1c-48a2-b8c2-cbb078c8905c: start FollowerState
2019-09-05 09:46:26,078 [pool-494-thread-1] INFO  impl.RaftServerImpl (RaftServerImpl.java:setRole(171)) - be6e9899-a2a0-4aaa-86a3-6f4de7c5e0ee:group-911D640F0E98 changes role from null to FOLLOWER at term 0 for startAsFollower
2019-09-05 09:46:26,078 [pool-494-thread-1] INFO  impl.RoleInfo (RoleInfo.java:updateAndGet(143)) - be6e9899-a2a0-4aaa-86a3-6f4de7c5e0ee: start FollowerState
2019-09-05 09:46:26,078 [pool-472-thread-1] INFO  util.JmxRegister (JmxRegister.java:tryRegister(44)) - Successfully registered JMX Bean with object name Ratis:service=RaftServer,group=group-911D640F0E98,id=a9783fcd-cf1c-48a2-b8c2-cbb078c8905c
2019-09-05 09:46:26,079 [pool-494-thread-1] INFO  util.JmxRegister (JmxRegister.java:tryRegister(44)) - Successfully registered JMX Bean with object name Ratis:service=RaftServer,group=group-911D640F0E98,id=be6e9899-a2a0-4aaa-86a3-6f4de7c5e0ee
2019-09-05 09:46:26,086 [RatisPipelineUtilsThread] INFO  pipeline.PipelineStateManager (PipelineStateManager.java:addPipeline(56)) - Created pipeline Pipeline[ Id: b07db64f-4bd5-4b52-80db-911d640f0e98, Nodes: be6e9899-a2a0-4aaa-86a3-6f4de7c5e0ee{ip: 192.168.69.64, host: pr-hdds-1571-tgb5r-3650803683, networkLocation: /default-rack, certSerialId: null}f8f65381-65cb-46be-b0c7-4fbcf30e723e{ip: 192.168.69.64, host: pr-hdds-1571-tgb5r-3650803683, networkLocation: /default-rack, certSerialId: null}a9783fcd-cf1c-48a2-b8c2-cbb078c8905c{ip: 192.168.69.64, host: pr-hdds-1571-tgb5r-3650803683, networkLocation: /default-rack, certSerialId: null}, Type:RATIS, Factor:THREE, State:OPEN]
2019-09-05 09:46:26,413 | INFO  | SCMAudit | user=jenkins1000 | ip=192.168.69.64 | op=SEND_HEARTBEAT {datanodeUUID=6b93c345-ca95-4de7-ba67-344940d63a9c, command=[]} | ret=SUCCESS |  
2019-09-05 09:46:26,606 | INFO  | SCMAudit | user=jenkins1000 | ip=192.168.69.64 | op=SEND_HEARTBEAT {datanodeUUID=2f4d3d6f-61a0-4d94-8ca0-0e317f780ff7, command=[]} | ret=SUCCESS |  
2019-09-05 09:46:27,027 [main] INFO  ozone.MiniOzoneClusterImpl (MiniOzoneClusterImpl.java:lambda$waitForClusterToBeReady$0(142)) - Cluster is ready. Got 7 of 7 DN Heartbeats.
2019-09-05 09:46:27,056 [main] INFO  rpc.RpcClient (RpcClient.java:createVolume(293)) - Creating Volume: testblockoutputstream, with jenkins1000 as owner.
2019-09-05 09:46:27,059 | INFO  | OMAudit | user=jenkins1000 | ip=127.0.0.1 | op=CREATE_VOLUME {admin=jenkins1000, owner=jenkins1000, volume=testblockoutputstream, creationTime=1567676787058, quotaInBytes=1152921504606846976} | ret=SUCCESS |  
2019-09-05 09:46:27,070 | INFO  | OMAudit | user=jenkins1000 | ip=127.0.0.1 | op=READ_VOLUME {volume=testblockoutputstream} | ret=SUCCESS |  
2019-09-05 09:46:27,071 [main] INFO  rpc.RpcClient (RpcClient.java:createBucket(432)) - Creating Bucket: testblockoutputstream/testblockoutputstream, with Versioning false and Storage Type set to DISK and Encryption set to false 
2019-09-05 09:46:27,075 | INFO  | OMAudit | user=jenkins1000 | ip=127.0.0.1 | op=CREATE_BUCKET {volume=testblockoutputstream, bucket=testblockoutputstream, acls=[user:jenkins1000:a[ACCESS], group:default:a[ACCESS]], isVersionEnabled=false, storageType=DISK, creationTime=0} | ret=SUCCESS |  
2019-09-05 09:46:27,077 | INFO  | OMAudit | user=jenkins1000 | ip=127.0.0.1 | op=READ_VOLUME {volume=testblockoutputstream} | ret=SUCCESS |  
2019-09-05 09:46:27,078 | INFO  | OMAudit | user=jenkins1000 | ip=127.0.0.1 | op=READ_BUCKET {volume=testblockoutputstream, bucket=testblockoutputstream} | ret=SUCCESS |  
2019-09-05 09:46:27,082 | INFO  | SCMAudit | user=jenkins1000 | ip=192.168.69.64 | op=ALLOCATE_BLOCK {owner=085cee48-509c-408a-8abd-f21b6cf5612b, size=800, type=RATIS, factor=THREE} | ret=SUCCESS |  
2019-09-05 09:46:27,085 | INFO  | OMAudit | user=jenkins1000 | ip=127.0.0.1 | op=ALLOCATE_KEY {volume=testblockoutputstream, bucket=testblockoutputstream, key=21f0835b-cb16-4750-9741-83f7b8d5f548, dataSize=0, replicationType=RATIS, replicationFactor=THREE, keyLocationInfo=null} | ret=SUCCESS |  
2019-09-05 09:46:27,101 [grpc-default-executor-10] INFO  client.GrpcClientProtocolClient (GrpcClientProtocolClient.java:onNext(255)) - client-FE3C7F970A53->be6e9899-a2a0-4aaa-86a3-6f4de7c5e0ee: receive RaftClientReply:client-FE3C7F970A53->be6e9899-a2a0-4aaa-86a3-6f4de7c5e0ee@group-911D640F0E98, cid=174, FAILED org.apache.ratis.protocol.NotLeaderException: Server be6e9899-a2a0-4aaa-86a3-6f4de7c5e0ee is not the leader (null). Request must be sent to leader., logIndex=0, commits[be6e9899-a2a0-4aaa-86a3-6f4de7c5e0ee:c-1]
2019-09-05 09:46:27,185 | INFO  | SCMAudit | user=jenkins1000 | ip=192.168.69.64 | op=SEND_HEARTBEAT {datanodeUUID=c23920b9-2915-4dbd-979a-5f7980efe55e, command=[]} | ret=SUCCESS |  
2019-09-05 09:46:27,414 | INFO  | SCMAudit | user=jenkins1000 | ip=192.168.69.64 | op=SEND_HEARTBEAT {datanodeUUID=6b93c345-ca95-4de7-ba67-344940d63a9c, command=[]} | ret=SUCCESS |  
2019-09-05 09:46:27,426 [Thread-3579] INFO  container.ReplicationManager (ReplicationManager.java:start(151)) - Starting Replication Monitor Thread.
2019-09-05 09:46:27,429 [ReplicationMonitor] INFO  container.ReplicationManager (ReplicationManager.java:run(214)) - Replication Monitor Thread took 0 milliseconds for processing 1 containers.
2019-09-05 09:46:27,435 | INFO  | SCMAudit | user=jenkins1000 | ip=192.168.69.64 | op=SEND_HEARTBEAT {datanodeUUID=a9783fcd-cf1c-48a2-b8c2-cbb078c8905c, command=[]} | ret=SUCCESS |  
2019-09-05 09:46:27,606 | INFO  | SCMAudit | user=jenkins1000 | ip=192.168.69.64 | op=SEND_HEARTBEAT {datanodeUUID=2f4d3d6f-61a0-4d94-8ca0-0e317f780ff7, command=[]} | ret=SUCCESS |  
2019-09-05 09:46:27,633 | INFO  | SCMAudit | user=jenkins1000 | ip=192.168.69.64 | op=SEND_HEARTBEAT {datanodeUUID=f8f65381-65cb-46be-b0c7-4fbcf30e723e, command=[]} | ret=SUCCESS |  
2019-09-05 09:46:27,827 | INFO  | SCMAudit | user=jenkins1000 | ip=192.168.69.64 | op=SEND_HEARTBEAT {datanodeUUID=be6e9899-a2a0-4aaa-86a3-6f4de7c5e0ee, command=[]} | ret=SUCCESS |  
2019-09-05 09:46:28,028 | INFO  | SCMAudit | user=jenkins1000 | ip=192.168.69.64 | op=SEND_HEARTBEAT {datanodeUUID=89855a1f-0ba7-4a60-bf74-368046649d6e, command=[]} | ret=SUCCESS |  
2019-09-05 09:46:28,114 [grpc-default-executor-10] INFO  client.GrpcClientProtocolClient (GrpcClientProtocolClient.java:onNext(255)) - client-FE3C7F970A53->a9783fcd-cf1c-48a2-b8c2-cbb078c8905c: receive RaftClientReply:client-FE3C7F970A53->a9783fcd-cf1c-48a2-b8c2-cbb078c8905c@group-911D640F0E98, cid=174, FAILED org.apache.ratis.protocol.NotLeaderException: Server a9783fcd-cf1c-48a2-b8c2-cbb078c8905c is not the leader (null). Request must be sent to leader., logIndex=0, commits[a9783fcd-cf1c-48a2-b8c2-cbb078c8905c:c-1]
2019-09-05 09:46:28,185 | INFO  | SCMAudit | user=jenkins1000 | ip=192.168.69.64 | op=SEND_HEARTBEAT {datanodeUUID=c23920b9-2915-4dbd-979a-5f7980efe55e, command=[]} | ret=SUCCESS |  
2019-09-05 09:46:28,413 | INFO  | SCMAudit | user=jenkins1000 | ip=192.168.69.64 | op=SEND_HEARTBEAT {datanodeUUID=6b93c345-ca95-4de7-ba67-344940d63a9c, command=[]} | ret=SUCCESS |  
2019-09-05 09:46:28,435 | INFO  | SCMAudit | user=jenkins1000 | ip=192.168.69.64 | op=SEND_HEARTBEAT {datanodeUUID=a9783fcd-cf1c-48a2-b8c2-cbb078c8905c, command=[]} | ret=SUCCESS |  
2019-09-05 09:46:28,606 | INFO  | SCMAudit | user=jenkins1000 | ip=192.168.69.64 | op=SEND_HEARTBEAT {datanodeUUID=2f4d3d6f-61a0-4d94-8ca0-0e317f780ff7, command=[]} | ret=SUCCESS |  
2019-09-05 09:46:28,633 | INFO  | SCMAudit | user=jenkins1000 | ip=192.168.69.64 | op=SEND_HEARTBEAT {datanodeUUID=f8f65381-65cb-46be-b0c7-4fbcf30e723e, command=[]} | ret=SUCCESS |  
2019-09-05 09:46:28,826 | INFO  | SCMAudit | user=jenkins1000 | ip=192.168.69.64 | op=SEND_HEARTBEAT {datanodeUUID=be6e9899-a2a0-4aaa-86a3-6f4de7c5e0ee, command=[]} | ret=SUCCESS |  
2019-09-05 09:46:29,027 | INFO  | SCMAudit | user=jenkins1000 | ip=192.168.69.64 | op=SEND_HEARTBEAT {datanodeUUID=89855a1f-0ba7-4a60-bf74-368046649d6e, command=[]} | ret=SUCCESS |  
2019-09-05 09:46:29,130 [grpc-default-executor-10] INFO  client.GrpcClientProtocolClient (GrpcClientProtocolClient.java:onNext(255)) - client-FE3C7F970A53->f8f65381-65cb-46be-b0c7-4fbcf30e723e: receive RaftClientReply:client-FE3C7F970A53->f8f65381-65cb-46be-b0c7-4fbcf30e723e@group-911D640F0E98, cid=174, FAILED org.apache.ratis.protocol.NotLeaderException: Server f8f65381-65cb-46be-b0c7-4fbcf30e723e is not the leader (null). Request must be sent to leader., logIndex=0, commits[f8f65381-65cb-46be-b0c7-4fbcf30e723e:c-1]
2019-09-05 09:46:29,185 | INFO  | SCMAudit | user=jenkins1000 | ip=192.168.69.64 | op=SEND_HEARTBEAT {datanodeUUID=c23920b9-2915-4dbd-979a-5f7980efe55e, command=[]} | ret=SUCCESS |  
2019-09-05 09:46:29,413 | INFO  | SCMAudit | user=jenkins1000 | ip=192.168.69.64 | op=SEND_HEARTBEAT {datanodeUUID=6b93c345-ca95-4de7-ba67-344940d63a9c, command=[]} | ret=SUCCESS |  
2019-09-05 09:46:29,435 | INFO  | SCMAudit | user=jenkins1000 | ip=192.168.69.64 | op=SEND_HEARTBEAT {datanodeUUID=a9783fcd-cf1c-48a2-b8c2-cbb078c8905c, command=[]} | ret=SUCCESS |  
2019-09-05 09:46:29,579 [Thread-3581] INFO  impl.FollowerState (FollowerState.java:run(106)) - 6b93c345-ca95-4de7-ba67-344940d63a9c:group-AAD04A44C3A2 changes to CANDIDATE, lastRpcTime:5073, electionTimeout:5073ms
2019-09-05 09:46:29,579 [Thread-3581] INFO  impl.RoleInfo (RoleInfo.java:shutdownFollowerState(121)) - 6b93c345-ca95-4de7-ba67-344940d63a9c: shutdown FollowerState
2019-09-05 09:46:29,579 [Thread-3581] INFO  impl.RaftServerImpl (RaftServerImpl.java:setRole(171)) - 6b93c345-ca95-4de7-ba67-344940d63a9c:group-AAD04A44C3A2 changes role from FOLLOWER to CANDIDATE at term 0 for changeToCandidate
2019-09-05 09:46:29,579 [Thread-3581] INFO  impl.RoleInfo (RoleInfo.java:updateAndGet(143)) - 6b93c345-ca95-4de7-ba67-344940d63a9c: start LeaderElection
2019-09-05 09:46:29,606 | INFO  | SCMAudit | user=jenkins1000 | ip=192.168.69.64 | op=SEND_HEARTBEAT {datanodeUUID=2f4d3d6f-61a0-4d94-8ca0-0e317f780ff7, command=[]} | ret=SUCCESS |  
2019-09-05 09:46:29,621 [6b93c345-ca95-4de7-ba67-344940d63a9c:group-AAD04A44C3A2:LeaderElection81] INFO  impl.LeaderElection (LeaderElection.java:askForVotes(181)) - 6b93c345-ca95-4de7-ba67-344940d63a9c:group-AAD04A44C3A2:LeaderElection81: begin an election at term 1 for -1: [6b93c345-ca95-4de7-ba67-344940d63a9c:192.168.69.64:39948], old=null
2019-09-05 09:46:29,621 [6b93c345-ca95-4de7-ba67-344940d63a9c:group-AAD04A44C3A2:LeaderElection81] INFO  impl.RoleInfo (RoleInfo.java:shutdownLeaderElection(134)) - 6b93c345-ca95-4de7-ba67-344940d63a9c: shutdown LeaderElection
2019-09-05 09:46:29,621 [6b93c345-ca95-4de7-ba67-344940d63a9c:group-AAD04A44C3A2:LeaderElection81] INFO  impl.RaftServerImpl (RaftServerImpl.java:setRole(171)) - 6b93c345-ca95-4de7-ba67-344940d63a9c:group-AAD04A44C3A2 changes role from CANDIDATE to LEADER at term 1 for changeToLeader
2019-09-05 09:46:29,621 [6b93c345-ca95-4de7-ba67-344940d63a9c:group-AAD04A44C3A2:LeaderElection81] INFO  impl.RaftServerImpl (ServerState.java:setLeader(263)) - 6b93c345-ca95-4de7-ba67-344940d63a9c:group-AAD04A44C3A2 change Leader from null to 6b93c345-ca95-4de7-ba67-344940d63a9c at term 1 for becomeLeader, leader elected after 5121ms
2019-09-05 09:46:29,622 [6b93c345-ca95-4de7-ba67-344940d63a9c:group-AAD04A44C3A2:LeaderElection81] INFO  server.RaftServerConfigKeys (ConfUtils.java:logGet(43)) - raft.server.staging.catchup.gap = 1000 (default)
2019-09-05 09:46:29,622 [6b93c345-ca95-4de7-ba67-344940d63a9c:group-AAD04A44C3A2:LeaderElection81] INFO  server.RaftServerConfigKeys (ConfUtils.java:logGet(43)) - raft.server.rpc.sleep.time = 25ms (default)
2019-09-05 09:46:29,622 [6b93c345-ca95-4de7-ba67-344940d63a9c:group-AAD04A44C3A2:LeaderElection81] INFO  server.RaftServerConfigKeys (ConfUtils.java:logGet(43)) - raft.server.write.element-limit = 4096 (default)
2019-09-05 09:46:29,622 [6b93c345-ca95-4de7-ba67-344940d63a9c:group-AAD04A44C3A2:LeaderElection81] INFO  server.RaftServerConfigKeys (ConfUtils.java:logGet(43)) - raft.server.watch.timeout = 10s (default)
2019-09-05 09:46:29,622 [6b93c345-ca95-4de7-ba67-344940d63a9c:group-AAD04A44C3A2:LeaderElection81] INFO  server.RaftServerConfigKeys (ConfUtils.java:logGet(43)) - raft.server.watch.timeout.denomination = 1s (default)
2019-09-05 09:46:29,623 [6b93c345-ca95-4de7-ba67-344940d63a9c:group-AAD04A44C3A2:LeaderElection81] INFO  server.RaftServerConfigKeys (ConfUtils.java:logGet(43)) - raft.server.watch.element-limit = 65536 (default)
2019-09-05 09:46:29,623 [6b93c345-ca95-4de7-ba67-344940d63a9c:group-AAD04A44C3A2:LeaderElection81] INFO  impl.RoleInfo (RoleInfo.java:updateAndGet(143)) - 6b93c345-ca95-4de7-ba67-344940d63a9c: start LeaderState
2019-09-05 09:46:29,623 [6b93c345-ca95-4de7-ba67-344940d63a9c:group-AAD04A44C3A2:LeaderElection81] INFO  segmented.SegmentedRaftLogWorker (SegmentedRaftLogWorker.java:startLogSegment(380)) - 6b93c345-ca95-4de7-ba67-344940d63a9c-SegmentedRaftLogWorker:Storage Directory /workdir/hadoop-ozone/integration-test/target/test-dir/MiniOzoneClusterImpl-ff056e79-355c-4fb1-b6e7-2d545f6c46f0/datanode-0/data/ratis/211e8386-8c1f-4de2-8cdc-aad04a44c3a2: Starting segment from index:0
2019-09-05 09:46:29,624 [6b93c345-ca95-4de7-ba67-344940d63a9c:group-AAD04A44C3A2:LeaderElection81] INFO  impl.RaftServerImpl (ServerState.java:setRaftConf(361)) - 6b93c345-ca95-4de7-ba67-344940d63a9c:group-AAD04A44C3A2 set configuration 0: [6b93c345-ca95-4de7-ba67-344940d63a9c:192.168.69.64:39948], old=null at 0
2019-09-05 09:46:29,633 | INFO  | SCMAudit | user=jenkins1000 | ip=192.168.69.64 | op=SEND_HEARTBEAT {datanodeUUID=f8f65381-65cb-46be-b0c7-4fbcf30e723e, command=[]} | ret=SUCCESS |  
2019-09-05 09:46:29,679 [6b93c345-ca95-4de7-ba67-344940d63a9c-SegmentedRaftLogWorker:Storage Directory /workdir/hadoop-ozone/integration-test/target/test-dir/MiniOzoneClusterImpl-ff056e79-355c-4fb1-b6e7-2d545f6c46f0/datanode-0/data/ratis/211e8386-8c1f-4de2-8cdc-aad04a44c3a2] INFO  segmented.SegmentedRaftLogWorker (SegmentedRaftLogWorker.java:execute(569)) - 6b93c345-ca95-4de7-ba67-344940d63a9c-SegmentedRaftLogWorker:Storage Directory /workdir/hadoop-ozone/integration-test/target/test-dir/MiniOzoneClusterImpl-ff056e79-355c-4fb1-b6e7-2d545f6c46f0/datanode-0/data/ratis/211e8386-8c1f-4de2-8cdc-aad04a44c3a2: created new log segment /workdir/hadoop-ozone/integration-test/target/test-dir/MiniOzoneClusterImpl-ff056e79-355c-4fb1-b6e7-2d545f6c46f0/datanode-0/data/ratis/211e8386-8c1f-4de2-8cdc-aad04a44c3a2/current/log_inprogress_0
2019-09-05 09:46:29,745 [Thread-3584] INFO  impl.FollowerState (FollowerState.java:run(106)) - 2f4d3d6f-61a0-4d94-8ca0-0e317f780ff7:group-079BB745D9D9 changes to CANDIDATE, lastRpcTime:5038, electionTimeout:5038ms
2019-09-05 09:46:29,745 [Thread-3584] INFO  impl.RoleInfo (RoleInfo.java:shutdownFollowerState(121)) - 2f4d3d6f-61a0-4d94-8ca0-0e317f780ff7: shutdown FollowerState
2019-09-05 09:46:29,745 [Thread-3584] INFO  impl.RaftServerImpl (RaftServerImpl.java:setRole(171)) - 2f4d3d6f-61a0-4d94-8ca0-0e317f780ff7:group-079BB745D9D9 changes role from FOLLOWER to CANDIDATE at term 0 for changeToCandidate
2019-09-05 09:46:29,746 [Thread-3584] INFO  impl.RoleInfo (RoleInfo.java:updateAndGet(143)) - 2f4d3d6f-61a0-4d94-8ca0-0e317f780ff7: start LeaderElection
2019-09-05 09:46:29,789 [2f4d3d6f-61a0-4d94-8ca0-0e317f780ff7:group-079BB745D9D9:LeaderElection82] INFO  impl.LeaderElection (LeaderElection.java:askForVotes(181)) - 2f4d3d6f-61a0-4d94-8ca0-0e317f780ff7:group-079BB745D9D9:LeaderElection82: begin an election at term 1 for -1: [2f4d3d6f-61a0-4d94-8ca0-0e317f780ff7:192.168.69.64:34430], old=null
2019-09-05 09:46:29,789 [2f4d3d6f-61a0-4d94-8ca0-0e317f780ff7:group-079BB745D9D9:LeaderElection82] INFO  impl.RoleInfo (RoleInfo.java:shutdownLeaderElection(134)) - 2f4d3d6f-61a0-4d94-8ca0-0e317f780ff7: shutdown LeaderElection
2019-09-05 09:46:29,789 [2f4d3d6f-61a0-4d94-8ca0-0e317f780ff7:group-079BB745D9D9:LeaderElection82] INFO  impl.RaftServerImpl (RaftServerImpl.java:setRole(171)) - 2f4d3d6f-61a0-4d94-8ca0-0e317f780ff7:group-079BB745D9D9 changes role from CANDIDATE to LEADER at term 1 for changeToLeader
2019-09-05 09:46:29,789 [2f4d3d6f-61a0-4d94-8ca0-0e317f780ff7:group-079BB745D9D9:LeaderElection82] INFO  impl.RaftServerImpl (ServerState.java:setLeader(263)) - 2f4d3d6f-61a0-4d94-8ca0-0e317f780ff7:group-079BB745D9D9 change Leader from null to 2f4d3d6f-61a0-4d94-8ca0-0e317f780ff7 at term 1 for becomeLeader, leader elected after 5087ms
2019-09-05 09:46:29,789 [2f4d3d6f-61a0-4d94-8ca0-0e317f780ff7:group-079BB745D9D9:LeaderElection82] INFO  server.RaftServerConfigKeys (ConfUtils.java:logGet(43)) - raft.server.staging.catchup.gap = 1000 (default)
2019-09-05 09:46:29,790 [2f4d3d6f-61a0-4d94-8ca0-0e317f780ff7:group-079BB745D9D9:LeaderElection82] INFO  server.RaftServerConfigKeys (ConfUtils.java:logGet(43)) - raft.server.rpc.sleep.time = 25ms (default)
2019-09-05 09:46:29,790 [2f4d3d6f-61a0-4d94-8ca0-0e317f780ff7:group-079BB745D9D9:LeaderElection82] INFO  server.RaftServerConfigKeys (ConfUtils.java:logGet(43)) - raft.server.write.element-limit = 4096 (default)
2019-09-05 09:46:29,790 [2f4d3d6f-61a0-4d94-8ca0-0e317f780ff7:group-079BB745D9D9:LeaderElection82] INFO  server.RaftServerConfigKeys (ConfUtils.java:logGet(43)) - raft.server.watch.timeout = 10s (default)
2019-09-05 09:46:29,790 [2f4d3d6f-61a0-4d94-8ca0-0e317f780ff7:group-079BB745D9D9:LeaderElection82] INFO  server.RaftServerConfigKeys (ConfUtils.java:logGet(43)) - raft.server.watch.timeout.denomination = 1s (default)
2019-09-05 09:46:29,790 [2f4d3d6f-61a0-4d94-8ca0-0e317f780ff7:group-079BB745D9D9:LeaderElection82] INFO  server.RaftServerConfigKeys (ConfUtils.java:logGet(43)) - raft.server.watch.element-limit = 65536 (default)
2019-09-05 09:46:29,791 [2f4d3d6f-61a0-4d94-8ca0-0e317f780ff7:group-079BB745D9D9:LeaderElection82] INFO  impl.RoleInfo (RoleInfo.java:updateAndGet(143)) - 2f4d3d6f-61a0-4d94-8ca0-0e317f780ff7: start LeaderState
2019-09-05 09:46:29,791 [2f4d3d6f-61a0-4d94-8ca0-0e317f780ff7:group-079BB745D9D9:LeaderElection82] INFO  segmented.SegmentedRaftLogWorker (SegmentedRaftLogWorker.java:startLogSegment(380)) - 2f4d3d6f-61a0-4d94-8ca0-0e317f780ff7-SegmentedRaftLogWorker:Storage Directory /workdir/hadoop-ozone/integration-test/target/test-dir/MiniOzoneClusterImpl-ff056e79-355c-4fb1-b6e7-2d545f6c46f0/datanode-1/data/ratis/3589c42e-9937-42df-8b24-079bb745d9d9: Starting segment from index:0
2019-09-05 09:46:29,791 [2f4d3d6f-61a0-4d94-8ca0-0e317f780ff7:group-079BB745D9D9:LeaderElection82] INFO  impl.RaftServerImpl (ServerState.java:setRaftConf(361)) - 2f4d3d6f-61a0-4d94-8ca0-0e317f780ff7:group-079BB745D9D9 set configuration 0: [2f4d3d6f-61a0-4d94-8ca0-0e317f780ff7:192.168.69.64:34430], old=null at 0
2019-09-05 09:46:29,826 | INFO  | SCMAudit | user=jenkins1000 | ip=192.168.69.64 | op=SEND_HEARTBEAT {datanodeUUID=be6e9899-a2a0-4aaa-86a3-6f4de7c5e0ee, command=[]} | ret=SUCCESS |  
2019-09-05 09:46:29,847 [2f4d3d6f-61a0-4d94-8ca0-0e317f780ff7-SegmentedRaftLogWorker:Storage Directory /workdir/hadoop-ozone/integration-test/target/test-dir/MiniOzoneClusterImpl-ff056e79-355c-4fb1-b6e7-2d545f6c46f0/datanode-1/data/ratis/3589c42e-9937-42df-8b24-079bb745d9d9] INFO  segmented.SegmentedRaftLogWorker (SegmentedRaftLogWorker.java:execute(569)) - 2f4d3d6f-61a0-4d94-8ca0-0e317f780ff7-SegmentedRaftLogWorker:Storage Directory /workdir/hadoop-ozone/integration-test/target/test-dir/MiniOzoneClusterImpl-ff056e79-355c-4fb1-b6e7-2d545f6c46f0/datanode-1/data/ratis/3589c42e-9937-42df-8b24-079bb745d9d9: created new log segment /workdir/hadoop-ozone/integration-test/target/test-dir/MiniOzoneClusterImpl-ff056e79-355c-4fb1-b6e7-2d545f6c46f0/datanode-1/data/ratis/3589c42e-9937-42df-8b24-079bb745d9d9/current/log_inprogress_0
2019-09-05 09:46:30,028 | INFO  | SCMAudit | user=jenkins1000 | ip=192.168.69.64 | op=SEND_HEARTBEAT {datanodeUUID=89855a1f-0ba7-4a60-bf74-368046649d6e, command=[]} | ret=SUCCESS |  
2019-09-05 09:46:30,142 [grpc-default-executor-2] INFO  client.GrpcClientProtocolClient (GrpcClientProtocolClient.java:onNext(255)) - client-FE3C7F970A53->be6e9899-a2a0-4aaa-86a3-6f4de7c5e0ee: receive RaftClientReply:client-FE3C7F970A53->be6e9899-a2a0-4aaa-86a3-6f4de7c5e0ee@group-911D640F0E98, cid=174, FAILED org.apache.ratis.protocol.NotLeaderException: Server be6e9899-a2a0-4aaa-86a3-6f4de7c5e0ee is not the leader (null). Request must be sent to leader., logIndex=0, commits[be6e9899-a2a0-4aaa-86a3-6f4de7c5e0ee:c-1]
2019-09-05 09:46:30,187 | INFO  | SCMAudit | user=jenkins1000 | ip=192.168.69.64 | op=SEND_HEARTBEAT {datanodeUUID=c23920b9-2915-4dbd-979a-5f7980efe55e, command=[]} | ret=SUCCESS |  
2019-09-05 09:46:30,341 [Thread-3587] INFO  impl.FollowerState (FollowerState.java:run(106)) - c23920b9-2915-4dbd-979a-5f7980efe55e:group-5B3C83CA0804 changes to CANDIDATE, lastRpcTime:5082, electionTimeout:5082ms
2019-09-05 09:46:30,341 [Thread-3587] INFO  impl.RoleInfo (RoleInfo.java:shutdownFollowerState(121)) - c23920b9-2915-4dbd-979a-5f7980efe55e: shutdown FollowerState
2019-09-05 09:46:30,341 [Thread-3587] INFO  impl.RaftServerImpl (RaftServerImpl.java:setRole(171)) - c23920b9-2915-4dbd-979a-5f7980efe55e:group-5B3C83CA0804 changes role from FOLLOWER to CANDIDATE at term 0 for changeToCandidate
2019-09-05 09:46:30,341 [Thread-3587] INFO  impl.RoleInfo (RoleInfo.java:updateAndGet(143)) - c23920b9-2915-4dbd-979a-5f7980efe55e: start LeaderElection
2019-09-05 09:46:30,364 [Thread-3590] INFO  impl.FollowerState (FollowerState.java:run(106)) - c23920b9-2915-4dbd-979a-5f7980efe55e:group-D760EDA197CD changes to CANDIDATE, lastRpcTime:5006, electionTimeout:5006ms
2019-09-05 09:46:30,364 [Thread-3590] INFO  impl.RoleInfo (RoleInfo.java:shutdownFollowerState(121)) - c23920b9-2915-4dbd-979a-5f7980efe55e: shutdown FollowerState
2019-09-05 09:46:30,364 [Thread-3590] INFO  impl.RaftServerImpl (RaftServerImpl.java:setRole(171)) - c23920b9-2915-4dbd-979a-5f7980efe55e:group-D760EDA197CD changes role from FOLLOWER to CANDIDATE at term 0 for changeToCandidate
2019-09-05 09:46:30,365 [Thread-3590] INFO  impl.RoleInfo (RoleInfo.java:updateAndGet(143)) - c23920b9-2915-4dbd-979a-5f7980efe55e: start LeaderElection
2019-09-05 09:46:30,373 [c23920b9-2915-4dbd-979a-5f7980efe55e:group-5B3C83CA0804:LeaderElection83] INFO  impl.LeaderElection (LeaderElection.java:askForVotes(181)) - c23920b9-2915-4dbd-979a-5f7980efe55e:group-5B3C83CA0804:LeaderElection83: begin an election at term 1 for -1: [c23920b9-2915-4dbd-979a-5f7980efe55e:192.168.69.64:38450], old=null
2019-09-05 09:46:30,373 [c23920b9-2915-4dbd-979a-5f7980efe55e:group-5B3C83CA0804:LeaderElection83] INFO  impl.RoleInfo (RoleInfo.java:shutdownLeaderElection(134)) - c23920b9-2915-4dbd-979a-5f7980efe55e: shutdown LeaderElection
2019-09-05 09:46:30,373 [c23920b9-2915-4dbd-979a-5f7980efe55e:group-5B3C83CA0804:LeaderElection83] INFO  impl.RaftServerImpl (RaftServerImpl.java:setRole(171)) - c23920b9-2915-4dbd-979a-5f7980efe55e:group-5B3C83CA0804 changes role from CANDIDATE to LEADER at term 1 for changeToLeader
2019-09-05 09:46:30,373 [c23920b9-2915-4dbd-979a-5f7980efe55e:group-5B3C83CA0804:LeaderElection83] INFO  impl.RaftServerImpl (ServerState.java:setLeader(263)) - c23920b9-2915-4dbd-979a-5f7980efe55e:group-5B3C83CA0804 change Leader from null to c23920b9-2915-4dbd-979a-5f7980efe55e at term 1 for becomeLeader, leader elected after 5118ms
2019-09-05 09:46:30,373 [c23920b9-2915-4dbd-979a-5f7980efe55e:group-5B3C83CA0804:LeaderElection83] INFO  server.RaftServerConfigKeys (ConfUtils.java:logGet(43)) - raft.server.staging.catchup.gap = 1000 (default)
2019-09-05 09:46:30,374 [c23920b9-2915-4dbd-979a-5f7980efe55e:group-5B3C83CA0804:LeaderElection83] INFO  server.RaftServerConfigKeys (ConfUtils.java:logGet(43)) - raft.server.rpc.sleep.time = 25ms (default)
2019-09-05 09:46:30,374 [c23920b9-2915-4dbd-979a-5f7980efe55e:group-5B3C83CA0804:LeaderElection83] INFO  server.RaftServerConfigKeys (ConfUtils.java:logGet(43)) - raft.server.write.element-limit = 4096 (default)
2019-09-05 09:46:30,374 [c23920b9-2915-4dbd-979a-5f7980efe55e:group-5B3C83CA0804:LeaderElection83] INFO  server.RaftServerConfigKeys (ConfUtils.java:logGet(43)) - raft.server.watch.timeout = 10s (default)
2019-09-05 09:46:30,374 [c23920b9-2915-4dbd-979a-5f7980efe55e:group-5B3C83CA0804:LeaderElection83] INFO  server.RaftServerConfigKeys (ConfUtils.java:logGet(43)) - raft.server.watch.timeout.denomination = 1s (default)
2019-09-05 09:46:30,374 [c23920b9-2915-4dbd-979a-5f7980efe55e:group-5B3C83CA0804:LeaderElection83] INFO  server.RaftServerConfigKeys (ConfUtils.java:logGet(43)) - raft.server.watch.element-limit = 65536 (default)
2019-09-05 09:46:30,374 [c23920b9-2915-4dbd-979a-5f7980efe55e:group-5B3C83CA0804:LeaderElection83] INFO  impl.RoleInfo (RoleInfo.java:updateAndGet(143)) - c23920b9-2915-4dbd-979a-5f7980efe55e: start LeaderState
2019-09-05 09:46:30,375 [c23920b9-2915-4dbd-979a-5f7980efe55e:group-5B3C83CA0804:LeaderElection83] INFO  segmented.SegmentedRaftLogWorker (SegmentedRaftLogWorker.java:startLogSegment(380)) - c23920b9-2915-4dbd-979a-5f7980efe55e-SegmentedRaftLogWorker:Storage Directory /workdir/hadoop-ozone/integration-test/target/test-dir/MiniOzoneClusterImpl-ff056e79-355c-4fb1-b6e7-2d545f6c46f0/datanode-2/data/ratis/ceec259f-725c-4aef-a117-5b3c83ca0804: Starting segment from index:0
2019-09-05 09:46:30,375 [c23920b9-2915-4dbd-979a-5f7980efe55e:group-5B3C83CA0804:LeaderElection83] INFO  impl.RaftServerImpl (ServerState.java:setRaftConf(361)) - c23920b9-2915-4dbd-979a-5f7980efe55e:group-5B3C83CA0804 set configuration 0: [c23920b9-2915-4dbd-979a-5f7980efe55e:192.168.69.64:38450], old=null at 0
2019-09-05 09:46:30,390 [c23920b9-2915-4dbd-979a-5f7980efe55e:group-D760EDA197CD:LeaderElection84] INFO  impl.LeaderElection (LeaderElection.java:askForVotes(181)) - c23920b9-2915-4dbd-979a-5f7980efe55e:group-D760EDA197CD:LeaderElection84: begin an election at term 1 for -1: [6b93c345-ca95-4de7-ba67-344940d63a9c:192.168.69.64:39948, c23920b9-2915-4dbd-979a-5f7980efe55e:192.168.69.64:38450, 2f4d3d6f-61a0-4d94-8ca0-0e317f780ff7:192.168.69.64:34430], old=null
2019-09-05 09:46:30,434 [grpc-default-executor-2] INFO  impl.RaftServerImpl (RaftServerImpl.java:setRole(171)) - 2f4d3d6f-61a0-4d94-8ca0-0e317f780ff7:group-D760EDA197CD changes role from FOLLOWER to FOLLOWER at term 1 for recognizeCandidate:c23920b9-2915-4dbd-979a-5f7980efe55e
2019-09-05 09:46:30,435 [grpc-default-executor-2] INFO  impl.RoleInfo (RoleInfo.java:shutdownFollowerState(121)) - 2f4d3d6f-61a0-4d94-8ca0-0e317f780ff7: shutdown FollowerState
2019-09-05 09:46:30,435 [grpc-default-executor-10] INFO  impl.RaftServerImpl (RaftServerImpl.java:setRole(171)) - 6b93c345-ca95-4de7-ba67-344940d63a9c:group-D760EDA197CD changes role from FOLLOWER to FOLLOWER at term 1 for recognizeCandidate:c23920b9-2915-4dbd-979a-5f7980efe55e
2019-09-05 09:46:30,435 [Thread-3596] INFO  impl.FollowerState (FollowerState.java:run(114)) - 2f4d3d6f-61a0-4d94-8ca0-0e317f780ff7: FollowerState was interrupted: java.lang.InterruptedException: sleep interrupted
2019-09-05 09:46:30,435 | INFO  | SCMAudit | user=jenkins1000 | ip=192.168.69.64 | op=SEND_HEARTBEAT {datanodeUUID=6b93c345-ca95-4de7-ba67-344940d63a9c, command=[]} | ret=SUCCESS |  
2019-09-05 09:46:30,435 | INFO  | SCMAudit | user=jenkins1000 | ip=192.168.69.64 | op=SEND_HEARTBEAT {datanodeUUID=a9783fcd-cf1c-48a2-b8c2-cbb078c8905c, command=[]} | ret=SUCCESS |  
2019-09-05 09:46:30,435 [grpc-default-executor-10] INFO  impl.RoleInfo (RoleInfo.java:shutdownFollowerState(121)) - 6b93c345-ca95-4de7-ba67-344940d63a9c: shutdown FollowerState
2019-09-05 09:46:30,435 [grpc-default-executor-2] INFO  impl.RoleInfo (RoleInfo.java:updateAndGet(143)) - 2f4d3d6f-61a0-4d94-8ca0-0e317f780ff7: start FollowerState
2019-09-05 09:46:30,438 [Thread-3593] INFO  impl.FollowerState (FollowerState.java:run(114)) - 6b93c345-ca95-4de7-ba67-344940d63a9c: FollowerState was interrupted: java.lang.InterruptedException: sleep interrupted
2019-09-05 09:46:30,438 [grpc-default-executor-10] INFO  impl.RoleInfo (RoleInfo.java:updateAndGet(143)) - 6b93c345-ca95-4de7-ba67-344940d63a9c: start FollowerState
2019-09-05 09:46:30,449 [c23920b9-2915-4dbd-979a-5f7980efe55e-SegmentedRaftLogWorker:Storage Directory /workdir/hadoop-ozone/integration-test/target/test-dir/MiniOzoneClusterImpl-ff056e79-355c-4fb1-b6e7-2d545f6c46f0/datanode-2/data/ratis/ceec259f-725c-4aef-a117-5b3c83ca0804] INFO  segmented.SegmentedRaftLogWorker (SegmentedRaftLogWorker.java:execute(569)) - c23920b9-2915-4dbd-979a-5f7980efe55e-SegmentedRaftLogWorker:Storage Directory /workdir/hadoop-ozone/integration-test/target/test-dir/MiniOzoneClusterImpl-ff056e79-355c-4fb1-b6e7-2d545f6c46f0/datanode-2/data/ratis/ceec259f-725c-4aef-a117-5b3c83ca0804: created new log segment /workdir/hadoop-ozone/integration-test/target/test-dir/MiniOzoneClusterImpl-ff056e79-355c-4fb1-b6e7-2d545f6c46f0/datanode-2/data/ratis/ceec259f-725c-4aef-a117-5b3c83ca0804/current/log_inprogress_0
2019-09-05 09:46:30,470 [c23920b9-2915-4dbd-979a-5f7980efe55e:group-D760EDA197CD:LeaderElection84] INFO  impl.LeaderElection (LeaderElection.java:logAndReturn(56)) - c23920b9-2915-4dbd-979a-5f7980efe55e:group-D760EDA197CD:LeaderElection84: Election PASSED; received 1 response(s) [c23920b9-2915-4dbd-979a-5f7980efe55e<-2f4d3d6f-61a0-4d94-8ca0-0e317f780ff7#0:OK-t1] and 0 exception(s); c23920b9-2915-4dbd-979a-5f7980efe55e:t1, leader=null, voted=c23920b9-2915-4dbd-979a-5f7980efe55e, raftlog=c23920b9-2915-4dbd-979a-5f7980efe55e-SegmentedRaftLog:OPENED:c-1,f-1,i0, conf=-1: [6b93c345-ca95-4de7-ba67-344940d63a9c:192.168.69.64:39948, c23920b9-2915-4dbd-979a-5f7980efe55e:192.168.69.64:38450, 2f4d3d6f-61a0-4d94-8ca0-0e317f780ff7:192.168.69.64:34430], old=null
2019-09-05 09:46:30,470 [c23920b9-2915-4dbd-979a-5f7980efe55e:group-D760EDA197CD:LeaderElection84] INFO  impl.RoleInfo (RoleInfo.java:shutdownLeaderElection(134)) - c23920b9-2915-4dbd-979a-5f7980efe55e: shutdown LeaderElection
2019-09-05 09:46:30,470 [c23920b9-2915-4dbd-979a-5f7980efe55e:group-D760EDA197CD:LeaderElection84] INFO  impl.RaftServerImpl (RaftServerImpl.java:setRole(171)) - c23920b9-2915-4dbd-979a-5f7980efe55e:group-D760EDA197CD changes role from CANDIDATE to LEADER at term 1 for changeToLeader
2019-09-05 09:46:30,470 [c23920b9-2915-4dbd-979a-5f7980efe55e:group-D760EDA197CD:LeaderElection84] INFO  impl.RaftServerImpl (ServerState.java:setLeader(263)) - c23920b9-2915-4dbd-979a-5f7980efe55e:group-D760EDA197CD change Leader from null to c23920b9-2915-4dbd-979a-5f7980efe55e at term 1 for becomeLeader, leader elected after 5118ms
2019-09-05 09:46:30,470 [c23920b9-2915-4dbd-979a-5f7980efe55e:group-D760EDA197CD:LeaderElection84] INFO  server.RaftServerConfigKeys (ConfUtils.java:logGet(43)) - raft.server.staging.catchup.gap = 1000 (default)
2019-09-05 09:46:30,470 [c23920b9-2915-4dbd-979a-5f7980efe55e:group-D760EDA197CD:LeaderElection84] INFO  server.RaftServerConfigKeys (ConfUtils.java:logGet(43)) - raft.server.rpc.sleep.time = 25ms (default)
2019-09-05 09:46:30,471 [c23920b9-2915-4dbd-979a-5f7980efe55e:group-D760EDA197CD:LeaderElection84] INFO  server.RaftServerConfigKeys (ConfUtils.java:logGet(43)) - raft.server.write.element-limit = 4096 (default)
2019-09-05 09:46:30,471 [c23920b9-2915-4dbd-979a-5f7980efe55e:group-D760EDA197CD:LeaderElection84] INFO  server.RaftServerConfigKeys (ConfUtils.java:logGet(43)) - raft.server.watch.timeout = 10s (default)
2019-09-05 09:46:30,471 [c23920b9-2915-4dbd-979a-5f7980efe55e:group-D760EDA197CD:LeaderElection84] INFO  server.RaftServerConfigKeys (ConfUtils.java:logGet(43)) - raft.server.watch.timeout.denomination = 1s (default)
2019-09-05 09:46:30,471 [c23920b9-2915-4dbd-979a-5f7980efe55e:group-D760EDA197CD:LeaderElection84] INFO  server.RaftServerConfigKeys (ConfUtils.java:logGet(43)) - raft.server.watch.element-limit = 65536 (default)
2019-09-05 09:46:30,471 [c23920b9-2915-4dbd-979a-5f7980efe55e:group-D760EDA197CD:LeaderElection84] INFO  server.RaftServerConfigKeys (ConfUtils.java:logGet(43)) - raft.server.log.appender.snapshot.chunk.size.max = 16MB (=16777216) (default)
2019-09-05 09:46:30,471 [c23920b9-2915-4dbd-979a-5f7980efe55e:group-D760EDA197CD:LeaderElection84] INFO  server.RaftServerConfigKeys (ConfUtils.java:logGet(43)) - raft.server.log.appender.buffer.byte-limit = 33554432 (custom)
2019-09-05 09:46:30,472 [c23920b9-2915-4dbd-979a-5f7980efe55e:group-D760EDA197CD:LeaderElection84] INFO  server.RaftServerConfigKeys (ConfUtils.java:logGet(43)) - raft.server.log.appender.buffer.element-limit = 1 (custom)
2019-09-05 09:46:30,472 [c23920b9-2915-4dbd-979a-5f7980efe55e:group-D760EDA197CD:LeaderElection84] INFO  grpc.GrpcConfigKeys$Server (ConfUtils.java:logGet(43)) - raft.grpc.server.leader.outstanding.appends.max = 128 (default)
2019-09-05 09:46:30,472 [c23920b9-2915-4dbd-979a-5f7980efe55e:group-D760EDA197CD:LeaderElection84] INFO  server.RaftServerConfigKeys (ConfUtils.java:logGet(43)) - raft.server.rpc.request.timeout = 3000ms (default)
2019-09-05 09:46:30,472 [c23920b9-2915-4dbd-979a-5f7980efe55e:group-D760EDA197CD:LeaderElection84] INFO  server.RaftServerConfigKeys (ConfUtils.java:logGet(43)) - raft.server.log.appender.install.snapshot.enabled = false (custom)
2019-09-05 09:46:30,472 [c23920b9-2915-4dbd-979a-5f7980efe55e:group-D760EDA197CD:LeaderElection84] INFO  server.RaftServerConfigKeys (ConfUtils.java:logGet(43)) - raft.server.log.appender.snapshot.chunk.size.max = 16MB (=16777216) (default)
2019-09-05 09:46:30,472 [c23920b9-2915-4dbd-979a-5f7980efe55e:group-D760EDA197CD:LeaderElection84] INFO  server.RaftServerConfigKeys (ConfUtils.java:logGet(43)) - raft.server.log.appender.buffer.byte-limit = 33554432 (custom)
2019-09-05 09:46:30,472 [c23920b9-2915-4dbd-979a-5f7980efe55e:group-D760EDA197CD:LeaderElection84] INFO  server.RaftServerConfigKeys (ConfUtils.java:logGet(43)) - raft.server.log.appender.buffer.element-limit = 1 (custom)
2019-09-05 09:46:30,473 [c23920b9-2915-4dbd-979a-5f7980efe55e:group-D760EDA197CD:LeaderElection84] INFO  grpc.GrpcConfigKeys$Server (ConfUtils.java:logGet(43)) - raft.grpc.server.leader.outstanding.appends.max = 128 (default)
2019-09-05 09:46:30,473 [c23920b9-2915-4dbd-979a-5f7980efe55e:group-D760EDA197CD:LeaderElection84] INFO  server.RaftServerConfigKeys (ConfUtils.java:logGet(43)) - raft.server.rpc.request.timeout = 3000ms (default)
2019-09-05 09:46:30,473 [c23920b9-2915-4dbd-979a-5f7980efe55e:group-D760EDA197CD:LeaderElection84] INFO  server.RaftServerConfigKeys (ConfUtils.java:logGet(43)) - raft.server.log.appender.install.snapshot.enabled = false (custom)
2019-09-05 09:46:30,473 [c23920b9-2915-4dbd-979a-5f7980efe55e:group-D760EDA197CD:LeaderElection84] INFO  impl.RoleInfo (RoleInfo.java:updateAndGet(143)) - c23920b9-2915-4dbd-979a-5f7980efe55e: start LeaderState
2019-09-05 09:46:30,473 [c23920b9-2915-4dbd-979a-5f7980efe55e:group-D760EDA197CD:LeaderElection84] INFO  segmented.SegmentedRaftLogWorker (SegmentedRaftLogWorker.java:startLogSegment(380)) - c23920b9-2915-4dbd-979a-5f7980efe55e-SegmentedRaftLogWorker:Storage Directory /workdir/hadoop-ozone/integration-test/target/test-dir/MiniOzoneClusterImpl-ff056e79-355c-4fb1-b6e7-2d545f6c46f0/datanode-2/data/ratis/afefde80-b1fd-453c-b658-d760eda197cd: Starting segment from index:0
2019-09-05 09:46:30,474 [c23920b9-2915-4dbd-979a-5f7980efe55e:group-D760EDA197CD:LeaderElection84] INFO  impl.RaftServerImpl (ServerState.java:setRaftConf(361)) - c23920b9-2915-4dbd-979a-5f7980efe55e:group-D760EDA197CD set configuration 0: [6b93c345-ca95-4de7-ba67-344940d63a9c:192.168.69.64:39948, c23920b9-2915-4dbd-979a-5f7980efe55e:192.168.69.64:38450, 2f4d3d6f-61a0-4d94-8ca0-0e317f780ff7:192.168.69.64:34430], old=null at 0
2019-09-05 09:46:30,507 [grpc-default-executor-10] INFO  impl.RaftServerImpl (ServerState.java:setLeader(263)) - 2f4d3d6f-61a0-4d94-8ca0-0e317f780ff7:group-D760EDA197CD change Leader from null to c23920b9-2915-4dbd-979a-5f7980efe55e at term 1 for appendEntries, leader elected after 5155ms
2019-09-05 09:46:30,508 [grpc-default-executor-10] INFO  impl.RaftServerImpl (ServerState.java:setLeader(263)) - 6b93c345-ca95-4de7-ba67-344940d63a9c:group-D760EDA197CD change Leader from null to c23920b9-2915-4dbd-979a-5f7980efe55e at term 1 for appendEntries, leader elected after 5156ms
2019-09-05 09:46:30,513 [grpc-default-executor-10] INFO  impl.RaftServerImpl (ServerState.java:setRaftConf(361)) - 2f4d3d6f-61a0-4d94-8ca0-0e317f780ff7:group-D760EDA197CD set configuration 0: [6b93c345-ca95-4de7-ba67-344940d63a9c:192.168.69.64:39948, c23920b9-2915-4dbd-979a-5f7980efe55e:192.168.69.64:38450, 2f4d3d6f-61a0-4d94-8ca0-0e317f780ff7:192.168.69.64:34430], old=null at 0
2019-09-05 09:46:30,513 [grpc-default-executor-10] INFO  segmented.SegmentedRaftLogWorker (SegmentedRaftLogWorker.java:startLogSegment(380)) - 2f4d3d6f-61a0-4d94-8ca0-0e317f780ff7-SegmentedRaftLogWorker:Storage Directory /workdir/hadoop-ozone/integration-test/target/test-dir/MiniOzoneClusterImpl-ff056e79-355c-4fb1-b6e7-2d545f6c46f0/datanode-1/data/ratis/afefde80-b1fd-453c-b658-d760eda197cd: Starting segment from index:0
2019-09-05 09:46:30,515 [grpc-default-executor-2] INFO  impl.RaftServerImpl (ServerState.java:setRaftConf(361)) - 6b93c345-ca95-4de7-ba67-344940d63a9c:group-D760EDA197CD set configuration 0: [6b93c345-ca95-4de7-ba67-344940d63a9c:192.168.69.64:39948, c23920b9-2915-4dbd-979a-5f7980efe55e:192.168.69.64:38450, 2f4d3d6f-61a0-4d94-8ca0-0e317f780ff7:192.168.69.64:34430], old=null at 0
2019-09-05 09:46:30,515 [grpc-default-executor-2] INFO  segmented.SegmentedRaftLogWorker (SegmentedRaftLogWorker.java:startLogSegment(380)) - 6b93c345-ca95-4de7-ba67-344940d63a9c-SegmentedRaftLogWorker:Storage Directory /workdir/hadoop-ozone/integration-test/target/test-dir/MiniOzoneClusterImpl-ff056e79-355c-4fb1-b6e7-2d545f6c46f0/datanode-0/data/ratis/afefde80-b1fd-453c-b658-d760eda197cd: Starting segment from index:0
2019-09-05 09:46:30,524 [c23920b9-2915-4dbd-979a-5f7980efe55e-SegmentedRaftLogWorker:Storage Directory /workdir/hadoop-ozone/integration-test/target/test-dir/MiniOzoneClusterImpl-ff056e79-355c-4fb1-b6e7-2d545f6c46f0/datanode-2/data/ratis/afefde80-b1fd-453c-b658-d760eda197cd] INFO  segmented.SegmentedRaftLogWorker (SegmentedRaftLogWorker.java:execute(569)) - c23920b9-2915-4dbd-979a-5f7980efe55e-SegmentedRaftLogWorker:Storage Directory /workdir/hadoop-ozone/integration-test/target/test-dir/MiniOzoneClusterImpl-ff056e79-355c-4fb1-b6e7-2d545f6c46f0/datanode-2/data/ratis/afefde80-b1fd-453c-b658-d760eda197cd: created new log segment /workdir/hadoop-ozone/integration-test/target/test-dir/MiniOzoneClusterImpl-ff056e79-355c-4fb1-b6e7-2d545f6c46f0/datanode-2/data/ratis/afefde80-b1fd-453c-b658-d760eda197cd/current/log_inprogress_0
2019-09-05 09:46:30,575 [2f4d3d6f-61a0-4d94-8ca0-0e317f780ff7-SegmentedRaftLogWorker:Storage Directory /workdir/hadoop-ozone/integration-test/target/test-dir/MiniOzoneClusterImpl-ff056e79-355c-4fb1-b6e7-2d545f6c46f0/datanode-1/data/ratis/afefde80-b1fd-453c-b658-d760eda197cd] INFO  segmented.SegmentedRaftLogWorker (SegmentedRaftLogWorker.java:execute(569)) - 2f4d3d6f-61a0-4d94-8ca0-0e317f780ff7-SegmentedRaftLogWorker:Storage Directory /workdir/hadoop-ozone/integration-test/target/test-dir/MiniOzoneClusterImpl-ff056e79-355c-4fb1-b6e7-2d545f6c46f0/datanode-1/data/ratis/afefde80-b1fd-453c-b658-d760eda197cd: created new log segment /workdir/hadoop-ozone/integration-test/target/test-dir/MiniOzoneClusterImpl-ff056e79-355c-4fb1-b6e7-2d545f6c46f0/datanode-1/data/ratis/afefde80-b1fd-453c-b658-d760eda197cd/current/log_inprogress_0
2019-09-05 09:46:30,575 [6b93c345-ca95-4de7-ba67-344940d63a9c-SegmentedRaftLogWorker:Storage Directory /workdir/hadoop-ozone/integration-test/target/test-dir/MiniOzoneClusterImpl-ff056e79-355c-4fb1-b6e7-2d545f6c46f0/datanode-0/data/ratis/afefde80-b1fd-453c-b658-d760eda197cd] INFO  segmented.SegmentedRaftLogWorker (SegmentedRaftLogWorker.java:execute(569)) - 6b93c345-ca95-4de7-ba67-344940d63a9c-SegmentedRaftLogWorker:Storage Directory /workdir/hadoop-ozone/integration-test/target/test-dir/MiniOzoneClusterImpl-ff056e79-355c-4fb1-b6e7-2d545f6c46f0/datanode-0/data/ratis/afefde80-b1fd-453c-b658-d760eda197cd: created new log segment /workdir/hadoop-ozone/integration-test/target/test-dir/MiniOzoneClusterImpl-ff056e79-355c-4fb1-b6e7-2d545f6c46f0/datanode-0/data/ratis/afefde80-b1fd-453c-b658-d760eda197cd/current/log_inprogress_0
2019-09-05 09:46:30,606 | INFO  | SCMAudit | user=jenkins1000 | ip=192.168.69.64 | op=SEND_HEARTBEAT {datanodeUUID=2f4d3d6f-61a0-4d94-8ca0-0e317f780ff7, command=[]} | ret=SUCCESS |  
2019-09-05 09:46:30,614 [Thread-3599] INFO  impl.FollowerState (FollowerState.java:run(106)) - a9783fcd-cf1c-48a2-b8c2-cbb078c8905c:group-B00C7136FDCE changes to CANDIDATE, lastRpcTime:5097, electionTimeout:5097ms
2019-09-05 09:46:30,614 [Thread-3599] INFO  impl.RoleInfo (RoleInfo.java:shutdownFollowerState(121)) - a9783fcd-cf1c-48a2-b8c2-cbb078c8905c: shutdown FollowerState
2019-09-05 09:46:30,614 [Thread-3599] INFO  impl.RaftServerImpl (RaftServerImpl.java:setRole(171)) - a9783fcd-cf1c-48a2-b8c2-cbb078c8905c:group-B00C7136FDCE changes role from FOLLOWER to CANDIDATE at term 0 for changeToCandidate
2019-09-05 09:46:30,614 [Thread-3599] INFO  impl.RoleInfo (RoleInfo.java:updateAndGet(143)) - a9783fcd-cf1c-48a2-b8c2-cbb078c8905c: start LeaderElection
2019-09-05 09:46:30,633 | INFO  | SCMAudit | user=jenkins1000 | ip=192.168.69.64 | op=SEND_HEARTBEAT {datanodeUUID=f8f65381-65cb-46be-b0c7-4fbcf30e723e, command=[]} | ret=SUCCESS |  
2019-09-05 09:46:30,642 [a9783fcd-cf1c-48a2-b8c2-cbb078c8905c:group-B00C7136FDCE:LeaderElection85] INFO  impl.LeaderElection (LeaderElection.java:askForVotes(181)) - a9783fcd-cf1c-48a2-b8c2-cbb078c8905c:group-B00C7136FDCE:LeaderElection85: begin an election at term 1 for -1: [a9783fcd-cf1c-48a2-b8c2-cbb078c8905c:192.168.69.64:45519], old=null
2019-09-05 09:46:30,642 [a9783fcd-cf1c-48a2-b8c2-cbb078c8905c:group-B00C7136FDCE:LeaderElection85] INFO  impl.RoleInfo (RoleInfo.java:shutdownLeaderElection(134)) - a9783fcd-cf1c-48a2-b8c2-cbb078c8905c: shutdown LeaderElection
2019-09-05 09:46:30,642 [a9783fcd-cf1c-48a2-b8c2-cbb078c8905c:group-B00C7136FDCE:LeaderElection85] INFO  impl.RaftServerImpl (RaftServerImpl.java:setRole(171)) - a9783fcd-cf1c-48a2-b8c2-cbb078c8905c:group-B00C7136FDCE changes role from CANDIDATE to LEADER at term 1 for changeToLeader
2019-09-05 09:46:30,643 [a9783fcd-cf1c-48a2-b8c2-cbb078c8905c:group-B00C7136FDCE:LeaderElection85] INFO  impl.RaftServerImpl (ServerState.java:setLeader(263)) - a9783fcd-cf1c-48a2-b8c2-cbb078c8905c:group-B00C7136FDCE change Leader from null to a9783fcd-cf1c-48a2-b8c2-cbb078c8905c at term 1 for becomeLeader, leader elected after 5131ms
2019-09-05 09:46:30,643 [a9783fcd-cf1c-48a2-b8c2-cbb078c8905c:group-B00C7136FDCE:LeaderElection85] INFO  server.RaftServerConfigKeys (ConfUtils.java:logGet(43)) - raft.server.staging.catchup.gap = 1000 (default)
2019-09-05 09:46:30,643 [a9783fcd-cf1c-48a2-b8c2-cbb078c8905c:group-B00C7136FDCE:LeaderElection85] INFO  server.RaftServerConfigKeys (ConfUtils.java:logGet(43)) - raft.server.rpc.sleep.time = 25ms (default)
2019-09-05 09:46:30,643 [a9783fcd-cf1c-48a2-b8c2-cbb078c8905c:group-B00C7136FDCE:LeaderElection85] INFO  server.RaftServerConfigKeys (ConfUtils.java:logGet(43)) - raft.server.write.element-limit = 4096 (default)
2019-09-05 09:46:30,643 [a9783fcd-cf1c-48a2-b8c2-cbb078c8905c:group-B00C7136FDCE:LeaderElection85] INFO  server.RaftServerConfigKeys (ConfUtils.java:logGet(43)) - raft.server.watch.timeout = 10s (default)
2019-09-05 09:46:30,643 [a9783fcd-cf1c-48a2-b8c2-cbb078c8905c:group-B00C7136FDCE:LeaderElection85] INFO  server.RaftServerConfigKeys (ConfUtils.java:logGet(43)) - raft.server.watch.timeout.denomination = 1s (default)
2019-09-05 09:46:30,643 [a9783fcd-cf1c-48a2-b8c2-cbb078c8905c:group-B00C7136FDCE:LeaderElection85] INFO  server.RaftServerConfigKeys (ConfUtils.java:logGet(43)) - raft.server.watch.element-limit = 65536 (default)
2019-09-05 09:46:30,644 [a9783fcd-cf1c-48a2-b8c2-cbb078c8905c:group-B00C7136FDCE:LeaderElection85] INFO  impl.RoleInfo (RoleInfo.java:updateAndGet(143)) - a9783fcd-cf1c-48a2-b8c2-cbb078c8905c: start LeaderState
2019-09-05 09:46:30,644 [a9783fcd-cf1c-48a2-b8c2-cbb078c8905c:group-B00C7136FDCE:LeaderElection85] INFO  segmented.SegmentedRaftLogWorker (SegmentedRaftLogWorker.java:startLogSegment(380)) - a9783fcd-cf1c-48a2-b8c2-cbb078c8905c-SegmentedRaftLogWorker:Storage Directory /workdir/hadoop-ozone/integration-test/target/test-dir/MiniOzoneClusterImpl-ff056e79-355c-4fb1-b6e7-2d545f6c46f0/datanode-3/data/ratis/e5f628cb-d127-4204-8b45-b00c7136fdce: Starting segment from index:0
2019-09-05 09:46:30,644 [a9783fcd-cf1c-48a2-b8c2-cbb078c8905c:group-B00C7136FDCE:LeaderElection85] INFO  impl.RaftServerImpl (ServerState.java:setRaftConf(361)) - a9783fcd-cf1c-48a2-b8c2-cbb078c8905c:group-B00C7136FDCE set configuration 0: [a9783fcd-cf1c-48a2-b8c2-cbb078c8905c:192.168.69.64:45519], old=null at 0
2019-09-05 09:46:30,701 [a9783fcd-cf1c-48a2-b8c2-cbb078c8905c-SegmentedRaftLogWorker:Storage Directory /workdir/hadoop-ozone/integration-test/target/test-dir/MiniOzoneClusterImpl-ff056e79-355c-4fb1-b6e7-2d545f6c46f0/datanode-3/data/ratis/e5f628cb-d127-4204-8b45-b00c7136fdce] INFO  segmented.SegmentedRaftLogWorker (SegmentedRaftLogWorker.java:execute(569)) - a9783fcd-cf1c-48a2-b8c2-cbb078c8905c-SegmentedRaftLogWorker:Storage Directory /workdir/hadoop-ozone/integration-test/target/test-dir/MiniOzoneClusterImpl-ff056e79-355c-4fb1-b6e7-2d545f6c46f0/datanode-3/data/ratis/e5f628cb-d127-4204-8b45-b00c7136fdce: created new log segment /workdir/hadoop-ozone/integration-test/target/test-dir/MiniOzoneClusterImpl-ff056e79-355c-4fb1-b6e7-2d545f6c46f0/datanode-3/data/ratis/e5f628cb-d127-4204-8b45-b00c7136fdce/current/log_inprogress_0
2019-09-05 09:46:30,772 [Thread-3602] INFO  impl.FollowerState (FollowerState.java:run(106)) - f8f65381-65cb-46be-b0c7-4fbcf30e723e:group-31C510C68226 changes to CANDIDATE, lastRpcTime:5019, electionTimeout:5019ms
2019-09-05 09:46:30,773 [Thread-3602] INFO  impl.RoleInfo (RoleInfo.java:shutdownFollowerState(121)) - f8f65381-65cb-46be-b0c7-4fbcf30e723e: shutdown FollowerState
2019-09-05 09:46:30,773 [Thread-3602] INFO  impl.RaftServerImpl (RaftServerImpl.java:setRole(171)) - f8f65381-65cb-46be-b0c7-4fbcf30e723e:group-31C510C68226 changes role from FOLLOWER to CANDIDATE at term 0 for changeToCandidate
2019-09-05 09:46:30,773 [Thread-3602] INFO  impl.RoleInfo (RoleInfo.java:updateAndGet(143)) - f8f65381-65cb-46be-b0c7-4fbcf30e723e: start LeaderElection
2019-09-05 09:46:30,801 [f8f65381-65cb-46be-b0c7-4fbcf30e723e:group-31C510C68226:LeaderElection86] INFO  impl.LeaderElection (LeaderElection.java:askForVotes(181)) - f8f65381-65cb-46be-b0c7-4fbcf30e723e:group-31C510C68226:LeaderElection86: begin an election at term 1 for -1: [f8f65381-65cb-46be-b0c7-4fbcf30e723e:192.168.69.64:44993], old=null
2019-09-05 09:46:30,801 [f8f65381-65cb-46be-b0c7-4fbcf30e723e:group-31C510C68226:LeaderElection86] INFO  impl.RoleInfo (RoleInfo.java:shutdownLeaderElection(134)) - f8f65381-65cb-46be-b0c7-4fbcf30e723e: shutdown LeaderElection
2019-09-05 09:46:30,802 [f8f65381-65cb-46be-b0c7-4fbcf30e723e:group-31C510C68226:LeaderElection86] INFO  impl.RaftServerImpl (RaftServerImpl.java:setRole(171)) - f8f65381-65cb-46be-b0c7-4fbcf30e723e:group-31C510C68226 changes role from CANDIDATE to LEADER at term 1 for changeToLeader
2019-09-05 09:46:30,802 [f8f65381-65cb-46be-b0c7-4fbcf30e723e:group-31C510C68226:LeaderElection86] INFO  impl.RaftServerImpl (ServerState.java:setLeader(263)) - f8f65381-65cb-46be-b0c7-4fbcf30e723e:group-31C510C68226 change Leader from null to f8f65381-65cb-46be-b0c7-4fbcf30e723e at term 1 for becomeLeader, leader elected after 5053ms
2019-09-05 09:46:30,802 [f8f65381-65cb-46be-b0c7-4fbcf30e723e:group-31C510C68226:LeaderElection86] INFO  server.RaftServerConfigKeys (ConfUtils.java:logGet(43)) - raft.server.staging.catchup.gap = 1000 (default)
2019-09-05 09:46:30,802 [f8f65381-65cb-46be-b0c7-4fbcf30e723e:group-31C510C68226:LeaderElection86] INFO  server.RaftServerConfigKeys (ConfUtils.java:logGet(43)) - raft.server.rpc.sleep.time = 25ms (default)
2019-09-05 09:46:30,802 [f8f65381-65cb-46be-b0c7-4fbcf30e723e:group-31C510C68226:LeaderElection86] INFO  server.RaftServerConfigKeys (ConfUtils.java:logGet(43)) - raft.server.write.element-limit = 4096 (default)
2019-09-05 09:46:30,802 [f8f65381-65cb-46be-b0c7-4fbcf30e723e:group-31C510C68226:LeaderElection86] INFO  server.RaftServerConfigKeys (ConfUtils.java:logGet(43)) - raft.server.watch.timeout = 10s (default)
2019-09-05 09:46:30,803 [f8f65381-65cb-46be-b0c7-4fbcf30e723e:group-31C510C68226:LeaderElection86] INFO  server.RaftServerConfigKeys (ConfUtils.java:logGet(43)) - raft.server.watch.timeout.denomination = 1s (default)
2019-09-05 09:46:30,803 [f8f65381-65cb-46be-b0c7-4fbcf30e723e:group-31C510C68226:LeaderElection86] INFO  server.RaftServerConfigKeys (ConfUtils.java:logGet(43)) - raft.server.watch.element-limit = 65536 (default)
2019-09-05 09:46:30,803 [f8f65381-65cb-46be-b0c7-4fbcf30e723e:group-31C510C68226:LeaderElection86] INFO  impl.RoleInfo (RoleInfo.java:updateAndGet(143)) - f8f65381-65cb-46be-b0c7-4fbcf30e723e: start LeaderState
2019-09-05 09:46:30,803 [f8f65381-65cb-46be-b0c7-4fbcf30e723e:group-31C510C68226:LeaderElection86] INFO  segmented.SegmentedRaftLogWorker (SegmentedRaftLogWorker.java:startLogSegment(380)) - f8f65381-65cb-46be-b0c7-4fbcf30e723e-SegmentedRaftLogWorker:Storage Directory /workdir/hadoop-ozone/integration-test/target/test-dir/MiniOzoneClusterImpl-ff056e79-355c-4fb1-b6e7-2d545f6c46f0/datanode-4/data/ratis/ea24d024-fb3a-4869-b4db-31c510c68226: Starting segment from index:0
2019-09-05 09:46:30,804 [f8f65381-65cb-46be-b0c7-4fbcf30e723e:group-31C510C68226:LeaderElection86] INFO  impl.RaftServerImpl (ServerState.java:setRaftConf(361)) - f8f65381-65cb-46be-b0c7-4fbcf30e723e:group-31C510C68226 set configuration 0: [f8f65381-65cb-46be-b0c7-4fbcf30e723e:192.168.69.64:44993], old=null at 0
2019-09-05 09:46:30,847 | INFO  | SCMAudit | user=jenkins1000 | ip=192.168.69.64 | op=SEND_HEARTBEAT {datanodeUUID=be6e9899-a2a0-4aaa-86a3-6f4de7c5e0ee, command=[]} | ret=SUCCESS |  
2019-09-05 09:46:30,877 [f8f65381-65cb-46be-b0c7-4fbcf30e723e-SegmentedRaftLogWorker:Storage Directory /workdir/hadoop-ozone/integration-test/target/test-dir/MiniOzoneClusterImpl-ff056e79-355c-4fb1-b6e7-2d545f6c46f0/datanode-4/data/ratis/ea24d024-fb3a-4869-b4db-31c510c68226] INFO  segmented.SegmentedRaftLogWorker (SegmentedRaftLogWorker.java:execute(569)) - f8f65381-65cb-46be-b0c7-4fbcf30e723e-SegmentedRaftLogWorker:Storage Directory /workdir/hadoop-ozone/integration-test/target/test-dir/MiniOzoneClusterImpl-ff056e79-355c-4fb1-b6e7-2d545f6c46f0/datanode-4/data/ratis/ea24d024-fb3a-4869-b4db-31c510c68226: created new log segment /workdir/hadoop-ozone/integration-test/target/test-dir/MiniOzoneClusterImpl-ff056e79-355c-4fb1-b6e7-2d545f6c46f0/datanode-4/data/ratis/ea24d024-fb3a-4869-b4db-31c510c68226/current/log_inprogress_0
2019-09-05 09:46:31,028 | INFO  | SCMAudit | user=jenkins1000 | ip=192.168.69.64 | op=SEND_HEARTBEAT {datanodeUUID=89855a1f-0ba7-4a60-bf74-368046649d6e, command=[]} | ret=SUCCESS |  
2019-09-05 09:46:31,098 [Thread-3613] INFO  impl.FollowerState (FollowerState.java:run(106)) - be6e9899-a2a0-4aaa-86a3-6f4de7c5e0ee:group-911D640F0E98 changes to CANDIDATE, lastRpcTime:5019, electionTimeout:5019ms
2019-09-05 09:46:31,098 [Thread-3613] INFO  impl.RoleInfo (RoleInfo.java:shutdownFollowerState(121)) - be6e9899-a2a0-4aaa-86a3-6f4de7c5e0ee: shutdown FollowerState
2019-09-05 09:46:31,098 [Thread-3613] INFO  impl.RaftServerImpl (RaftServerImpl.java:setRole(171)) - be6e9899-a2a0-4aaa-86a3-6f4de7c5e0ee:group-911D640F0E98 changes role from FOLLOWER to CANDIDATE at term 0 for changeToCandidate
2019-09-05 09:46:31,099 [Thread-3613] INFO  impl.RoleInfo (RoleInfo.java:updateAndGet(143)) - be6e9899-a2a0-4aaa-86a3-6f4de7c5e0ee: start LeaderElection
2019-09-05 09:46:31,113 [Thread-3605] INFO  impl.FollowerState (FollowerState.java:run(106)) - be6e9899-a2a0-4aaa-86a3-6f4de7c5e0ee:group-DC71F36137CE changes to CANDIDATE, lastRpcTime:5166, electionTimeout:5166ms
2019-09-05 09:46:31,113 [Thread-3605] INFO  impl.RoleInfo (RoleInfo.java:shutdownFollowerState(121)) - be6e9899-a2a0-4aaa-86a3-6f4de7c5e0ee: shutdown FollowerState
2019-09-05 09:46:31,113 [Thread-3605] INFO  impl.RaftServerImpl (RaftServerImpl.java:setRole(171)) - be6e9899-a2a0-4aaa-86a3-6f4de7c5e0ee:group-DC71F36137CE changes role from FOLLOWER to CANDIDATE at term 0 for changeToCandidate
2019-09-05 09:46:31,113 [Thread-3605] INFO  impl.RoleInfo (RoleInfo.java:updateAndGet(143)) - be6e9899-a2a0-4aaa-86a3-6f4de7c5e0ee: start LeaderElection
2019-09-05 09:46:31,135 [be6e9899-a2a0-4aaa-86a3-6f4de7c5e0ee:group-911D640F0E98:LeaderElection87] INFO  impl.LeaderElection (LeaderElection.java:askForVotes(181)) - be6e9899-a2a0-4aaa-86a3-6f4de7c5e0ee:group-911D640F0E98:LeaderElection87: begin an election at term 1 for -1: [a9783fcd-cf1c-48a2-b8c2-cbb078c8905c:192.168.69.64:45519, be6e9899-a2a0-4aaa-86a3-6f4de7c5e0ee:192.168.69.64:35409, f8f65381-65cb-46be-b0c7-4fbcf30e723e:192.168.69.64:44993], old=null
2019-09-05 09:46:31,141 [grpc-default-executor-2] INFO  impl.RaftServerImpl (RaftServerImpl.java:setRole(171)) - f8f65381-65cb-46be-b0c7-4fbcf30e723e:group-911D640F0E98 changes role from FOLLOWER to FOLLOWER at term 1 for recognizeCandidate:be6e9899-a2a0-4aaa-86a3-6f4de7c5e0ee
2019-09-05 09:46:31,141 [grpc-default-executor-2] INFO  impl.RoleInfo (RoleInfo.java:shutdownFollowerState(121)) - f8f65381-65cb-46be-b0c7-4fbcf30e723e: shutdown FollowerState
2019-09-05 09:46:31,141 [grpc-default-executor-10] INFO  impl.RaftServerImpl (RaftServerImpl.java:setRole(171)) - a9783fcd-cf1c-48a2-b8c2-cbb078c8905c:group-911D640F0E98 changes role from FOLLOWER to FOLLOWER at term 1 for recognizeCandidate:be6e9899-a2a0-4aaa-86a3-6f4de7c5e0ee
2019-09-05 09:46:31,142 [Thread-3608] INFO  impl.FollowerState (FollowerState.java:run(114)) - f8f65381-65cb-46be-b0c7-4fbcf30e723e: FollowerState was interrupted: java.lang.InterruptedException: sleep interrupted
2019-09-05 09:46:31,141 [grpc-default-executor-2] INFO  impl.RoleInfo (RoleInfo.java:updateAndGet(143)) - f8f65381-65cb-46be-b0c7-4fbcf30e723e: start FollowerState
2019-09-05 09:46:31,145 [be6e9899-a2a0-4aaa-86a3-6f4de7c5e0ee:group-DC71F36137CE:LeaderElection88] INFO  impl.LeaderElection (LeaderElection.java:askForVotes(181)) - be6e9899-a2a0-4aaa-86a3-6f4de7c5e0ee:group-DC71F36137CE:LeaderElection88: begin an election at term 1 for -1: [be6e9899-a2a0-4aaa-86a3-6f4de7c5e0ee:192.168.69.64:35409], old=null
2019-09-05 09:46:31,142 [grpc-default-executor-10] INFO  impl.RoleInfo (RoleInfo.java:shutdownFollowerState(121)) - a9783fcd-cf1c-48a2-b8c2-cbb078c8905c: shutdown FollowerState
2019-09-05 09:46:31,145 [be6e9899-a2a0-4aaa-86a3-6f4de7c5e0ee:group-DC71F36137CE:LeaderElection88] INFO  impl.RoleInfo (RoleInfo.java:shutdownLeaderElection(134)) - be6e9899-a2a0-4aaa-86a3-6f4de7c5e0ee: shutdown LeaderElection
2019-09-05 09:46:31,145 [Thread-3612] INFO  impl.FollowerState (FollowerState.java:run(114)) - a9783fcd-cf1c-48a2-b8c2-cbb078c8905c: FollowerState was interrupted: java.lang.InterruptedException: sleep interrupted
2019-09-05 09:46:31,145 [grpc-default-executor-10] INFO  impl.RoleInfo (RoleInfo.java:updateAndGet(143)) - a9783fcd-cf1c-48a2-b8c2-cbb078c8905c: start FollowerState
2019-09-05 09:46:31,145 [be6e9899-a2a0-4aaa-86a3-6f4de7c5e0ee:group-DC71F36137CE:LeaderElection88] INFO  impl.RaftServerImpl (RaftServerImpl.java:setRole(171)) - be6e9899-a2a0-4aaa-86a3-6f4de7c5e0ee:group-DC71F36137CE changes role from CANDIDATE to LEADER at term 1 for changeToLeader
2019-09-05 09:46:31,148 [be6e9899-a2a0-4aaa-86a3-6f4de7c5e0ee:group-DC71F36137CE:LeaderElection88] INFO  impl.RaftServerImpl (ServerState.java:setLeader(263)) - be6e9899-a2a0-4aaa-86a3-6f4de7c5e0ee:group-DC71F36137CE change Leader from null to be6e9899-a2a0-4aaa-86a3-6f4de7c5e0ee at term 1 for becomeLeader, leader elected after 5207ms
2019-09-05 09:46:31,149 [be6e9899-a2a0-4aaa-86a3-6f4de7c5e0ee:group-DC71F36137CE:LeaderElection88] INFO  server.RaftServerConfigKeys (ConfUtils.java:logGet(43)) - raft.server.staging.catchup.gap = 1000 (default)
2019-09-05 09:46:31,149 [be6e9899-a2a0-4aaa-86a3-6f4de7c5e0ee:group-DC71F36137CE:LeaderElection88] INFO  server.RaftServerConfigKeys (ConfUtils.java:logGet(43)) - raft.server.rpc.sleep.time = 25ms (default)
2019-09-05 09:46:31,149 [be6e9899-a2a0-4aaa-86a3-6f4de7c5e0ee:group-DC71F36137CE:LeaderElection88] INFO  server.RaftServerConfigKeys (ConfUtils.java:logGet(43)) - raft.server.write.element-limit = 4096 (default)
2019-09-05 09:46:31,149 [be6e9899-a2a0-4aaa-86a3-6f4de7c5e0ee:group-DC71F36137CE:LeaderElection88] INFO  server.RaftServerConfigKeys (ConfUtils.java:logGet(43)) - raft.server.watch.timeout = 10s (default)
2019-09-05 09:46:31,150 [be6e9899-a2a0-4aaa-86a3-6f4de7c5e0ee:group-DC71F36137CE:LeaderElection88] INFO  server.RaftServerConfigKeys (ConfUtils.java:logGet(43)) - raft.server.watch.timeout.denomination = 1s (default)
2019-09-05 09:46:31,150 [be6e9899-a2a0-4aaa-86a3-6f4de7c5e0ee:group-DC71F36137CE:LeaderElection88] INFO  server.RaftServerConfigKeys (ConfUtils.java:logGet(43)) - raft.server.watch.element-limit = 65536 (default)
2019-09-05 09:46:31,150 [be6e9899-a2a0-4aaa-86a3-6f4de7c5e0ee:group-DC71F36137CE:LeaderElection88] INFO  impl.RoleInfo (RoleInfo.java:updateAndGet(143)) - be6e9899-a2a0-4aaa-86a3-6f4de7c5e0ee: start LeaderState
2019-09-05 09:46:31,150 [be6e9899-a2a0-4aaa-86a3-6f4de7c5e0ee:group-DC71F36137CE:LeaderElection88] INFO  segmented.SegmentedRaftLogWorker (SegmentedRaftLogWorker.java:startLogSegment(380)) - be6e9899-a2a0-4aaa-86a3-6f4de7c5e0ee-SegmentedRaftLogWorker:Storage Directory /workdir/hadoop-ozone/integration-test/target/test-dir/MiniOzoneClusterImpl-ff056e79-355c-4fb1-b6e7-2d545f6c46f0/datanode-5/data/ratis/f3c40107-dadb-4288-93a1-dc71f36137ce: Starting segment from index:0
2019-09-05 09:46:31,153 [be6e9899-a2a0-4aaa-86a3-6f4de7c5e0ee:group-DC71F36137CE:LeaderElection88] INFO  impl.RaftServerImpl (ServerState.java:setRaftConf(361)) - be6e9899-a2a0-4aaa-86a3-6f4de7c5e0ee:group-DC71F36137CE set configuration 0: [be6e9899-a2a0-4aaa-86a3-6f4de7c5e0ee:192.168.69.64:35409], old=null at 0
2019-09-05 09:46:31,157 [grpc-default-executor-9] INFO  client.GrpcClientProtocolClient (GrpcClientProtocolClient.java:onNext(255)) - client-FE3C7F970A53->f8f65381-65cb-46be-b0c7-4fbcf30e723e: receive RaftClientReply:client-FE3C7F970A53->f8f65381-65cb-46be-b0c7-4fbcf30e723e@group-911D640F0E98, cid=174, FAILED org.apache.ratis.protocol.NotLeaderException: Server f8f65381-65cb-46be-b0c7-4fbcf30e723e is not the leader (null). Request must be sent to leader., logIndex=0, commits[f8f65381-65cb-46be-b0c7-4fbcf30e723e:c-1]
2019-09-05 09:46:31,199 | INFO  | SCMAudit | user=jenkins1000 | ip=192.168.69.64 | op=SEND_HEARTBEAT {datanodeUUID=c23920b9-2915-4dbd-979a-5f7980efe55e, command=[]} | ret=SUCCESS |  
2019-09-05 09:46:31,210 [be6e9899-a2a0-4aaa-86a3-6f4de7c5e0ee:group-911D640F0E98:LeaderElection87] INFO  impl.LeaderElection (LeaderElection.java:logAndReturn(56)) - be6e9899-a2a0-4aaa-86a3-6f4de7c5e0ee:group-911D640F0E98:LeaderElection87: Election PASSED; received 1 response(s) [be6e9899-a2a0-4aaa-86a3-6f4de7c5e0ee<-a9783fcd-cf1c-48a2-b8c2-cbb078c8905c#0:OK-t1] and 0 exception(s); be6e9899-a2a0-4aaa-86a3-6f4de7c5e0ee:t1, leader=null, voted=be6e9899-a2a0-4aaa-86a3-6f4de7c5e0ee, raftlog=be6e9899-a2a0-4aaa-86a3-6f4de7c5e0ee-SegmentedRaftLog:OPENED:c-1,f-1,i0, conf=-1: [a9783fcd-cf1c-48a2-b8c2-cbb078c8905c:192.168.69.64:45519, be6e9899-a2a0-4aaa-86a3-6f4de7c5e0ee:192.168.69.64:35409, f8f65381-65cb-46be-b0c7-4fbcf30e723e:192.168.69.64:44993], old=null
2019-09-05 09:46:31,210 [be6e9899-a2a0-4aaa-86a3-6f4de7c5e0ee:group-911D640F0E98:LeaderElection87] INFO  impl.RoleInfo (RoleInfo.java:shutdownLeaderElection(134)) - be6e9899-a2a0-4aaa-86a3-6f4de7c5e0ee: shutdown LeaderElection
2019-09-05 09:46:31,210 [be6e9899-a2a0-4aaa-86a3-6f4de7c5e0ee:group-911D640F0E98:LeaderElection87] INFO  impl.RaftServerImpl (RaftServerImpl.java:setRole(171)) - be6e9899-a2a0-4aaa-86a3-6f4de7c5e0ee:group-911D640F0E98 changes role from CANDIDATE to LEADER at term 1 for changeToLeader
2019-09-05 09:46:31,210 [be6e9899-a2a0-4aaa-86a3-6f4de7c5e0ee:group-911D640F0E98:LeaderElection87] INFO  impl.RaftServerImpl (ServerState.java:setLeader(263)) - be6e9899-a2a0-4aaa-86a3-6f4de7c5e0ee:group-911D640F0E98 change Leader from null to be6e9899-a2a0-4aaa-86a3-6f4de7c5e0ee at term 1 for becomeLeader, leader elected after 5149ms
2019-09-05 09:46:31,210 [be6e9899-a2a0-4aaa-86a3-6f4de7c5e0ee:group-911D640F0E98:LeaderElection87] INFO  server.RaftServerConfigKeys (ConfUtils.java:logGet(43)) - raft.server.staging.catchup.gap = 1000 (default)
2019-09-05 09:46:31,210 [be6e9899-a2a0-4aaa-86a3-6f4de7c5e0ee:group-911D640F0E98:LeaderElection87] INFO  server.RaftServerConfigKeys (ConfUtils.java:logGet(43)) - raft.server.rpc.sleep.time = 25ms (default)
2019-09-05 09:46:31,211 [be6e9899-a2a0-4aaa-86a3-6f4de7c5e0ee:group-911D640F0E98:LeaderElection87] INFO  server.RaftServerConfigKeys (ConfUtils.java:logGet(43)) - raft.server.write.element-limit = 4096 (default)
2019-09-05 09:46:31,211 [be6e9899-a2a0-4aaa-86a3-6f4de7c5e0ee:group-911D640F0E98:LeaderElection87] INFO  server.RaftServerConfigKeys (ConfUtils.java:logGet(43)) - raft.server.watch.timeout = 10s (default)
2019-09-05 09:46:31,211 [be6e9899-a2a0-4aaa-86a3-6f4de7c5e0ee:group-911D640F0E98:LeaderElection87] INFO  server.RaftServerConfigKeys (ConfUtils.java:logGet(43)) - raft.server.watch.timeout.denomination = 1s (default)
2019-09-05 09:46:31,211 [be6e9899-a2a0-4aaa-86a3-6f4de7c5e0ee:group-911D640F0E98:LeaderElection87] INFO  server.RaftServerConfigKeys (ConfUtils.java:logGet(43)) - raft.server.watch.element-limit = 65536 (default)
2019-09-05 09:46:31,211 [be6e9899-a2a0-4aaa-86a3-6f4de7c5e0ee:group-911D640F0E98:LeaderElection87] INFO  server.RaftServerConfigKeys (ConfUtils.java:logGet(43)) - raft.server.log.appender.snapshot.chunk.size.max = 16MB (=16777216) (default)
2019-09-05 09:46:31,212 [be6e9899-a2a0-4aaa-86a3-6f4de7c5e0ee:group-911D640F0E98:LeaderElection87] INFO  server.RaftServerConfigKeys (ConfUtils.java:logGet(43)) - raft.server.log.appender.buffer.byte-limit = 33554432 (custom)
2019-09-05 09:46:31,212 [be6e9899-a2a0-4aaa-86a3-6f4de7c5e0ee:group-911D640F0E98:LeaderElection87] INFO  server.RaftServerConfigKeys (ConfUtils.java:logGet(43)) - raft.server.log.appender.buffer.element-limit = 1 (custom)
2019-09-05 09:46:31,212 [be6e9899-a2a0-4aaa-86a3-6f4de7c5e0ee:group-911D640F0E98:LeaderElection87] INFO  grpc.GrpcConfigKeys$Server (ConfUtils.java:logGet(43)) - raft.grpc.server.leader.outstanding.appends.max = 128 (default)
2019-09-05 09:46:31,212 [be6e9899-a2a0-4aaa-86a3-6f4de7c5e0ee:group-911D640F0E98:LeaderElection87] INFO  server.RaftServerConfigKeys (ConfUtils.java:logGet(43)) - raft.server.rpc.request.timeout = 3000ms (default)
2019-09-05 09:46:31,212 [be6e9899-a2a0-4aaa-86a3-6f4de7c5e0ee:group-911D640F0E98:LeaderElection87] INFO  server.RaftServerConfigKeys (ConfUtils.java:logGet(43)) - raft.server.log.appender.install.snapshot.enabled = false (custom)
2019-09-05 09:46:31,213 [be6e9899-a2a0-4aaa-86a3-6f4de7c5e0ee:group-911D640F0E98:LeaderElection87] INFO  server.RaftServerConfigKeys (ConfUtils.java:logGet(43)) - raft.server.log.appender.snapshot.chunk.size.max = 16MB (=16777216) (default)
2019-09-05 09:46:31,213 [be6e9899-a2a0-4aaa-86a3-6f4de7c5e0ee:group-911D640F0E98:LeaderElection87] INFO  server.RaftServerConfigKeys (ConfUtils.java:logGet(43)) - raft.server.log.appender.buffer.byte-limit = 33554432 (custom)
2019-09-05 09:46:31,213 [be6e9899-a2a0-4aaa-86a3-6f4de7c5e0ee:group-911D640F0E98:LeaderElection87] INFO  server.RaftServerConfigKeys (ConfUtils.java:logGet(43)) - raft.server.log.appender.buffer.element-limit = 1 (custom)
2019-09-05 09:46:31,213 [be6e9899-a2a0-4aaa-86a3-6f4de7c5e0ee:group-911D640F0E98:LeaderElection87] INFO  grpc.GrpcConfigKeys$Server (ConfUtils.java:logGet(43)) - raft.grpc.server.leader.outstanding.appends.max = 128 (default)
2019-09-05 09:46:31,213 [be6e9899-a2a0-4aaa-86a3-6f4de7c5e0ee:group-911D640F0E98:LeaderElection87] INFO  server.RaftServerConfigKeys (ConfUtils.java:logGet(43)) - raft.server.rpc.request.timeout = 3000ms (default)
2019-09-05 09:46:31,214 [be6e9899-a2a0-4aaa-86a3-6f4de7c5e0ee:group-911D640F0E98:LeaderElection87] INFO  server.RaftServerConfigKeys (ConfUtils.java:logGet(43)) - raft.server.log.appender.install.snapshot.enabled = false (custom)
2019-09-05 09:46:31,214 [be6e9899-a2a0-4aaa-86a3-6f4de7c5e0ee:group-911D640F0E98:LeaderElection87] INFO  impl.RoleInfo (RoleInfo.java:updateAndGet(143)) - be6e9899-a2a0-4aaa-86a3-6f4de7c5e0ee: start LeaderState
2019-09-05 09:46:31,214 [be6e9899-a2a0-4aaa-86a3-6f4de7c5e0ee:group-911D640F0E98:LeaderElection87] INFO  segmented.SegmentedRaftLogWorker (SegmentedRaftLogWorker.java:startLogSegment(380)) - be6e9899-a2a0-4aaa-86a3-6f4de7c5e0ee-SegmentedRaftLogWorker:Storage Directory /workdir/hadoop-ozone/integration-test/target/test-dir/MiniOzoneClusterImpl-ff056e79-355c-4fb1-b6e7-2d545f6c46f0/datanode-5/data/ratis/b07db64f-4bd5-4b52-80db-911d640f0e98: Starting segment from index:0
2019-09-05 09:46:31,215 [be6e9899-a2a0-4aaa-86a3-6f4de7c5e0ee:group-911D640F0E98:LeaderElection87] INFO  impl.RaftServerImpl (ServerState.java:setRaftConf(361)) - be6e9899-a2a0-4aaa-86a3-6f4de7c5e0ee:group-911D640F0E98 set configuration 0: [a9783fcd-cf1c-48a2-b8c2-cbb078c8905c:192.168.69.64:45519, be6e9899-a2a0-4aaa-86a3-6f4de7c5e0ee:192.168.69.64:35409, f8f65381-65cb-46be-b0c7-4fbcf30e723e:192.168.69.64:44993], old=null at 0
2019-09-05 09:46:31,256 [grpc-default-executor-2] INFO  impl.RaftServerImpl (ServerState.java:setLeader(263)) - a9783fcd-cf1c-48a2-b8c2-cbb078c8905c:group-911D640F0E98 change Leader from null to be6e9899-a2a0-4aaa-86a3-6f4de7c5e0ee at term 1 for appendEntries, leader elected after 5196ms
2019-09-05 09:46:31,256 [be6e9899-a2a0-4aaa-86a3-6f4de7c5e0ee-SegmentedRaftLogWorker:Storage Directory /workdir/hadoop-ozone/integration-test/target/test-dir/MiniOzoneClusterImpl-ff056e79-355c-4fb1-b6e7-2d545f6c46f0/datanode-5/data/ratis/f3c40107-dadb-4288-93a1-dc71f36137ce] INFO  segmented.SegmentedRaftLogWorker (SegmentedRaftLogWorker.java:execute(569)) - be6e9899-a2a0-4aaa-86a3-6f4de7c5e0ee-SegmentedRaftLogWorker:Storage Directory /workdir/hadoop-ozone/integration-test/target/test-dir/MiniOzoneClusterImpl-ff056e79-355c-4fb1-b6e7-2d545f6c46f0/datanode-5/data/ratis/f3c40107-dadb-4288-93a1-dc71f36137ce: created new log segment /workdir/hadoop-ozone/integration-test/target/test-dir/MiniOzoneClusterImpl-ff056e79-355c-4fb1-b6e7-2d545f6c46f0/datanode-5/data/ratis/f3c40107-dadb-4288-93a1-dc71f36137ce/current/log_inprogress_0
2019-09-05 09:46:31,260 [grpc-default-executor-10] INFO  impl.RaftServerImpl (ServerState.java:setLeader(263)) - f8f65381-65cb-46be-b0c7-4fbcf30e723e:group-911D640F0E98 change Leader from null to be6e9899-a2a0-4aaa-86a3-6f4de7c5e0ee at term 1 for appendEntries, leader elected after 5199ms
2019-09-05 09:46:31,262 [grpc-default-executor-10] INFO  impl.RaftServerImpl (ServerState.java:setRaftConf(361)) - a9783fcd-cf1c-48a2-b8c2-cbb078c8905c:group-911D640F0E98 set configuration 0: [a9783fcd-cf1c-48a2-b8c2-cbb078c8905c:192.168.69.64:45519, be6e9899-a2a0-4aaa-86a3-6f4de7c5e0ee:192.168.69.64:35409, f8f65381-65cb-46be-b0c7-4fbcf30e723e:192.168.69.64:44993], old=null at 0
2019-09-05 09:46:31,262 [grpc-default-executor-2] INFO  impl.RaftServerImpl (ServerState.java:setRaftConf(361)) - f8f65381-65cb-46be-b0c7-4fbcf30e723e:group-911D640F0E98 set configuration 0: [a9783fcd-cf1c-48a2-b8c2-cbb078c8905c:192.168.69.64:45519, be6e9899-a2a0-4aaa-86a3-6f4de7c5e0ee:192.168.69.64:35409, f8f65381-65cb-46be-b0c7-4fbcf30e723e:192.168.69.64:44993], old=null at 0
2019-09-05 09:46:31,262 [grpc-default-executor-10] INFO  segmented.SegmentedRaftLogWorker (SegmentedRaftLogWorker.java:startLogSegment(380)) - a9783fcd-cf1c-48a2-b8c2-cbb078c8905c-SegmentedRaftLogWorker:Storage Directory /workdir/hadoop-ozone/integration-test/target/test-dir/MiniOzoneClusterImpl-ff056e79-355c-4fb1-b6e7-2d545f6c46f0/datanode-3/data/ratis/b07db64f-4bd5-4b52-80db-911d640f0e98: Starting segment from index:0
2019-09-05 09:46:31,263 [grpc-default-executor-2] INFO  segmented.SegmentedRaftLogWorker (SegmentedRaftLogWorker.java:startLogSegment(380)) - f8f65381-65cb-46be-b0c7-4fbcf30e723e-SegmentedRaftLogWorker:Storage Directory /workdir/hadoop-ozone/integration-test/target/test-dir/MiniOzoneClusterImpl-ff056e79-355c-4fb1-b6e7-2d545f6c46f0/datanode-4/data/ratis/b07db64f-4bd5-4b52-80db-911d640f0e98: Starting segment from index:0
2019-09-05 09:46:31,278 [be6e9899-a2a0-4aaa-86a3-6f4de7c5e0ee-SegmentedRaftLogWorker:Storage Directory /workdir/hadoop-ozone/integration-test/target/test-dir/MiniOzoneClusterImpl-ff056e79-355c-4fb1-b6e7-2d545f6c46f0/datanode-5/data/ratis/b07db64f-4bd5-4b52-80db-911d640f0e98] INFO  segmented.SegmentedRaftLogWorker (SegmentedRaftLogWorker.java:execute(569)) - be6e9899-a2a0-4aaa-86a3-6f4de7c5e0ee-SegmentedRaftLogWorker:Storage Directory /workdir/hadoop-ozone/integration-test/target/test-dir/MiniOzoneClusterImpl-ff056e79-355c-4fb1-b6e7-2d545f6c46f0/datanode-5/data/ratis/b07db64f-4bd5-4b52-80db-911d640f0e98: created new log segment /workdir/hadoop-ozone/integration-test/target/test-dir/MiniOzoneClusterImpl-ff056e79-355c-4fb1-b6e7-2d545f6c46f0/datanode-5/data/ratis/b07db64f-4bd5-4b52-80db-911d640f0e98/current/log_inprogress_0
2019-09-05 09:46:31,345 [a9783fcd-cf1c-48a2-b8c2-cbb078c8905c-SegmentedRaftLogWorker:Storage Directory /workdir/hadoop-ozone/integration-test/target/test-dir/MiniOzoneClusterImpl-ff056e79-355c-4fb1-b6e7-2d545f6c46f0/datanode-3/data/ratis/b07db64f-4bd5-4b52-80db-911d640f0e98] INFO  segmented.SegmentedRaftLogWorker (SegmentedRaftLogWorker.java:execute(569)) - a9783fcd-cf1c-48a2-b8c2-cbb078c8905c-SegmentedRaftLogWorker:Storage Directory /workdir/hadoop-ozone/integration-test/target/test-dir/MiniOzoneClusterImpl-ff056e79-355c-4fb1-b6e7-2d545f6c46f0/datanode-3/data/ratis/b07db64f-4bd5-4b52-80db-911d640f0e98: created new log segment /workdir/hadoop-ozone/integration-test/target/test-dir/MiniOzoneClusterImpl-ff056e79-355c-4fb1-b6e7-2d545f6c46f0/datanode-3/data/ratis/b07db64f-4bd5-4b52-80db-911d640f0e98/current/log_inprogress_0
2019-09-05 09:46:31,345 [f8f65381-65cb-46be-b0c7-4fbcf30e723e-SegmentedRaftLogWorker:Storage Directory /workdir/hadoop-ozone/integration-test/target/test-dir/MiniOzoneClusterImpl-ff056e79-355c-4fb1-b6e7-2d545f6c46f0/datanode-4/data/ratis/b07db64f-4bd5-4b52-80db-911d640f0e98] INFO  segmented.SegmentedRaftLogWorker (SegmentedRaftLogWorker.java:execute(569)) - f8f65381-65cb-46be-b0c7-4fbcf30e723e-SegmentedRaftLogWorker:Storage Directory /workdir/hadoop-ozone/integration-test/target/test-dir/MiniOzoneClusterImpl-ff056e79-355c-4fb1-b6e7-2d545f6c46f0/datanode-4/data/ratis/b07db64f-4bd5-4b52-80db-911d640f0e98: created new log segment /workdir/hadoop-ozone/integration-test/target/test-dir/MiniOzoneClusterImpl-ff056e79-355c-4fb1-b6e7-2d545f6c46f0/datanode-4/data/ratis/b07db64f-4bd5-4b52-80db-911d640f0e98/current/log_inprogress_0
2019-09-05 09:46:31,435 | INFO  | SCMAudit | user=jenkins1000 | ip=192.168.69.64 | op=SEND_HEARTBEAT {datanodeUUID=6b93c345-ca95-4de7-ba67-344940d63a9c, command=[]} | ret=SUCCESS |  
2019-09-05 09:46:31,435 | INFO  | SCMAudit | user=jenkins1000 | ip=192.168.69.64 | op=SEND_HEARTBEAT {datanodeUUID=a9783fcd-cf1c-48a2-b8c2-cbb078c8905c, command=[]} | ret=SUCCESS |  
2019-09-05 09:46:31,606 | INFO  | SCMAudit | user=jenkins1000 | ip=192.168.69.64 | op=SEND_HEARTBEAT {datanodeUUID=2f4d3d6f-61a0-4d94-8ca0-0e317f780ff7, command=[]} | ret=SUCCESS |  
2019-09-05 09:46:31,633 | INFO  | SCMAudit | user=jenkins1000 | ip=192.168.69.64 | op=SEND_HEARTBEAT {datanodeUUID=f8f65381-65cb-46be-b0c7-4fbcf30e723e, command=[]} | ret=SUCCESS |  
2019-09-05 09:46:31,847 | INFO  | SCMAudit | user=jenkins1000 | ip=192.168.69.64 | op=SEND_HEARTBEAT {datanodeUUID=be6e9899-a2a0-4aaa-86a3-6f4de7c5e0ee, command=[]} | ret=SUCCESS |  
2019-09-05 09:46:32,028 | INFO  | SCMAudit | user=jenkins1000 | ip=192.168.69.64 | op=SEND_HEARTBEAT {datanodeUUID=89855a1f-0ba7-4a60-bf74-368046649d6e, command=[]} | ret=SUCCESS |  
2019-09-05 09:46:32,198 | INFO  | SCMAudit | user=jenkins1000 | ip=192.168.69.64 | op=SEND_HEARTBEAT {datanodeUUID=c23920b9-2915-4dbd-979a-5f7980efe55e, command=[]} | ret=SUCCESS |  
2019-09-05 09:46:32,356 | INFO  | DNAudit | user=null | ip=null | op=WRITE_CHUNK {blockData=conID: 1 locID: 102739265918205966 bcsId: 0} | ret=SUCCESS |  
2019-09-05 09:46:32,356 | INFO  | DNAudit | user=null | ip=null | op=WRITE_CHUNK {blockData=conID: 1 locID: 102739265918205966 bcsId: 0} | ret=SUCCESS |  
2019-09-05 09:46:32,356 | INFO  | SCMAudit | user=jenkins1000 | ip=192.168.69.64 | op=SEND_HEARTBEAT {datanodeUUID=f8f65381-65cb-46be-b0c7-4fbcf30e723e, command=[]} | ret=SUCCESS |  
2019-09-05 09:46:32,356 | INFO  | SCMAudit | user=jenkins1000 | ip=192.168.69.64 | op=SEND_HEARTBEAT {datanodeUUID=be6e9899-a2a0-4aaa-86a3-6f4de7c5e0ee, command=[]} | ret=SUCCESS |  
2019-09-05 09:46:32,377 | INFO  | DNAudit | user=null | ip=null | op=WRITE_CHUNK {blockData=conID: 1 locID: 102739265918205966 bcsId: 0} | ret=SUCCESS |  
2019-09-05 09:46:32,394 | INFO  | DNAudit | user=null | ip=null | op=WRITE_CHUNK {blockData=conID: 1 locID: 102739265918205966 bcsId: 0} | ret=SUCCESS |  
2019-09-05 09:46:32,396 | INFO  | SCMAudit | user=jenkins1000 | ip=192.168.69.64 | op=SEND_HEARTBEAT {datanodeUUID=a9783fcd-cf1c-48a2-b8c2-cbb078c8905c, command=[]} | ret=SUCCESS |  
2019-09-05 09:46:32,397 [grpc-default-executor-2] INFO  client.GrpcClientProtocolClient (GrpcClientProtocolClient.java:onNext(255)) - client-FE3C7F970A53->be6e9899-a2a0-4aaa-86a3-6f4de7c5e0ee: receive RaftClientReply:client-FE3C7F970A53->be6e9899-a2a0-4aaa-86a3-6f4de7c5e0ee@group-911D640F0E98, cid=174, SUCCESS, logIndex=1, commits[be6e9899-a2a0-4aaa-86a3-6f4de7c5e0ee:c1, a9783fcd-cf1c-48a2-b8c2-cbb078c8905c:c-1, f8f65381-65cb-46be-b0c7-4fbcf30e723e:c0]
2019-09-05 09:46:32,397 | INFO  | DNAudit | user=null | ip=null | op=WRITE_CHUNK {blockData=conID: 1 locID: 102739265918205966 bcsId: 0} | ret=SUCCESS |  
2019-09-05 09:46:32,403 | INFO  | DNAudit | user=null | ip=null | op=WRITE_CHUNK {blockData=conID: 1 locID: 102739265918205966 bcsId: 0} | ret=SUCCESS |  
2019-09-05 09:46:32,403 | INFO  | DNAudit | user=null | ip=null | op=WRITE_CHUNK {blockData=conID: 1 locID: 102739265918205966 bcsId: 0} | ret=SUCCESS |  
2019-09-05 09:46:32,405 | INFO  | DNAudit | user=null | ip=null | op=WRITE_CHUNK {blockData=conID: 1 locID: 102739265918205966 bcsId: 0} | ret=SUCCESS |  
2019-09-05 09:46:32,405 | INFO  | DNAudit | user=null | ip=null | op=WRITE_CHUNK {blockData=conID: 1 locID: 102739265918205966 bcsId: 0} | ret=SUCCESS |  
2019-09-05 09:46:32,405 | INFO  | DNAudit | user=null | ip=null | op=WRITE_CHUNK {blockData=conID: 1 locID: 102739265918205966 bcsId: 0} | ret=SUCCESS |  
2019-09-05 09:46:32,405 | INFO  | DNAudit | user=null | ip=null | op=WRITE_CHUNK {blockData=conID: 1 locID: 102739265918205966 bcsId: 0} | ret=SUCCESS |  
2019-09-05 09:46:32,406 | INFO  | DNAudit | user=null | ip=null | op=WRITE_CHUNK {blockData=conID: 1 locID: 102739265918205966 bcsId: 0} | ret=SUCCESS |  
2019-09-05 09:46:32,406 | INFO  | DNAudit | user=null | ip=null | op=WRITE_CHUNK {blockData=conID: 1 locID: 102739265918205966 bcsId: 0} | ret=SUCCESS |  
2019-09-05 09:46:32,407 | INFO  | DNAudit | user=null | ip=null | op=WRITE_CHUNK {blockData=conID: 1 locID: 102739265918205966 bcsId: 0} | ret=SUCCESS |  
2019-09-05 09:46:32,407 | INFO  | DNAudit | user=null | ip=null | op=WRITE_CHUNK {blockData=conID: 1 locID: 102739265918205966 bcsId: 0} | ret=SUCCESS |  
2019-09-05 09:46:32,414 | INFO  | DNAudit | user=null | ip=null | op=WRITE_CHUNK {blockData=conID: 1 locID: 102739265918205966 bcsId: 0} | ret=SUCCESS |  
2019-09-05 09:46:32,422 [grpc-default-executor-11] INFO  client.GrpcClientProtocolClient (GrpcClientProtocolClient.java:onNext(255)) - client-FE3C7F970A53->be6e9899-a2a0-4aaa-86a3-6f4de7c5e0ee: receive RaftClientReply:client-FE3C7F970A53->be6e9899-a2a0-4aaa-86a3-6f4de7c5e0ee@group-911D640F0E98, cid=175, SUCCESS, logIndex=3, commits[be6e9899-a2a0-4aaa-86a3-6f4de7c5e0ee:c3, a9783fcd-cf1c-48a2-b8c2-cbb078c8905c:c2, f8f65381-65cb-46be-b0c7-4fbcf30e723e:c2]
2019-09-05 09:46:32,436 | INFO  | SCMAudit | user=jenkins1000 | ip=192.168.69.64 | op=SEND_HEARTBEAT {datanodeUUID=6b93c345-ca95-4de7-ba67-344940d63a9c, command=[]} | ret=SUCCESS |  
2019-09-05 09:46:32,436 | INFO  | DNAudit | user=null | ip=null | op=WRITE_CHUNK {blockData=conID: 1 locID: 102739265918205966 bcsId: 0} | ret=SUCCESS |  
2019-09-05 09:46:32,436 | INFO  | DNAudit | user=null | ip=null | op=WRITE_CHUNK {blockData=conID: 1 locID: 102739265918205966 bcsId: 0} | ret=SUCCESS |  
2019-09-05 09:46:32,498 | INFO  | DNAudit | user=null | ip=null | op=PUT_BLOCK {blockData=[blockId=conID: 1 locID: 102739265918205966 bcsId: 0,size=200]} | ret=SUCCESS |  
2019-09-05 09:46:32,502 | INFO  | DNAudit | user=null | ip=null | op=WRITE_CHUNK {blockData=conID: 1 locID: 102739265918205966 bcsId: 0} | ret=SUCCESS |  
2019-09-05 09:46:32,503 | INFO  | DNAudit | user=null | ip=null | op=WRITE_CHUNK {blockData=conID: 1 locID: 102739265918205966 bcsId: 0} | ret=SUCCESS |  
2019-09-05 09:46:32,503 [grpc-default-executor-11] INFO  client.GrpcClientProtocolClient (GrpcClientProtocolClient.java:onNext(255)) - client-FE3C7F970A53->be6e9899-a2a0-4aaa-86a3-6f4de7c5e0ee: receive RaftClientReply:client-FE3C7F970A53->be6e9899-a2a0-4aaa-86a3-6f4de7c5e0ee@group-911D640F0E98, cid=176, SUCCESS, logIndex=4, commits[be6e9899-a2a0-4aaa-86a3-6f4de7c5e0ee:c12, a9783fcd-cf1c-48a2-b8c2-cbb078c8905c:c7, f8f65381-65cb-46be-b0c7-4fbcf30e723e:c7]
2019-09-05 09:46:32,503 [grpc-default-executor-11] INFO  client.GrpcClientProtocolClient (GrpcClientProtocolClient.java:onNext(255)) - client-FE3C7F970A53->be6e9899-a2a0-4aaa-86a3-6f4de7c5e0ee: receive RaftClientReply:client-FE3C7F970A53->be6e9899-a2a0-4aaa-86a3-6f4de7c5e0ee@group-911D640F0E98, cid=177, SUCCESS, logIndex=5, commits[be6e9899-a2a0-4aaa-86a3-6f4de7c5e0ee:c12, a9783fcd-cf1c-48a2-b8c2-cbb078c8905c:c7, f8f65381-65cb-46be-b0c7-4fbcf30e723e:c7]
2019-09-05 09:46:32,504 [grpc-default-executor-11] INFO  client.GrpcClientProtocolClient (GrpcClientProtocolClient.java:onNext(255)) - client-FE3C7F970A53->be6e9899-a2a0-4aaa-86a3-6f4de7c5e0ee: receive RaftClientReply:client-FE3C7F970A53->be6e9899-a2a0-4aaa-86a3-6f4de7c5e0ee@group-911D640F0E98, cid=178, SUCCESS, logIndex=6, commits[be6e9899-a2a0-4aaa-86a3-6f4de7c5e0ee:c12, a9783fcd-cf1c-48a2-b8c2-cbb078c8905c:c7, f8f65381-65cb-46be-b0c7-4fbcf30e723e:c7]
2019-09-05 09:46:32,591 | INFO  | DNAudit | user=null | ip=null | op=PUT_BLOCK {blockData=[blockId=conID: 1 locID: 102739265918205966 bcsId: 0,size=200]} | ret=SUCCESS |  
2019-09-05 09:46:32,591 | INFO  | DNAudit | user=null | ip=null | op=WRITE_CHUNK {blockData=conID: 1 locID: 102739265918205966 bcsId: 0} | ret=SUCCESS |  
2019-09-05 09:46:32,592 | INFO  | DNAudit | user=null | ip=null | op=WRITE_CHUNK {blockData=conID: 1 locID: 102739265918205966 bcsId: 0} | ret=SUCCESS |  
2019-09-05 09:46:32,606 | INFO  | SCMAudit | user=jenkins1000 | ip=192.168.69.64 | op=SEND_HEARTBEAT {datanodeUUID=2f4d3d6f-61a0-4d94-8ca0-0e317f780ff7, command=[]} | ret=SUCCESS |  
2019-09-05 09:46:32,684 | INFO  | DNAudit | user=null | ip=null | op=PUT_BLOCK {blockData=[blockId=conID: 1 locID: 102739265918205966 bcsId: 0,size=400]} | ret=SUCCESS |  
2019-09-05 09:46:32,684 | INFO  | DNAudit | user=null | ip=null | op=PUT_BLOCK {blockData=[blockId=conID: 1 locID: 102739265918205966 bcsId: 0,size=400]} | ret=SUCCESS |  
2019-09-05 09:46:32,684 | INFO  | DNAudit | user=null | ip=null | op=PUT_BLOCK {blockData=[blockId=conID: 1 locID: 102739265918205966 bcsId: 0,size=200]} | ret=SUCCESS |  
2019-09-05 09:46:32,685 | INFO  | DNAudit | user=null | ip=null | op=WRITE_CHUNK {blockData=conID: 1 locID: 102739265918205966 bcsId: 0} | ret=SUCCESS |  
2019-09-05 09:46:32,686 | INFO  | DNAudit | user=null | ip=null | op=WRITE_CHUNK {blockData=conID: 1 locID: 102739265918205966 bcsId: 0} | ret=SUCCESS |  
2019-09-05 09:46:32,686 [grpc-default-executor-11] INFO  client.GrpcClientProtocolClient (GrpcClientProtocolClient.java:onNext(255)) - client-FE3C7F970A53->be6e9899-a2a0-4aaa-86a3-6f4de7c5e0ee: receive RaftClientReply:client-FE3C7F970A53->be6e9899-a2a0-4aaa-86a3-6f4de7c5e0ee@group-911D640F0E98, cid=179, SUCCESS, logIndex=7, commits[be6e9899-a2a0-4aaa-86a3-6f4de7c5e0ee:c12, a9783fcd-cf1c-48a2-b8c2-cbb078c8905c:c7, f8f65381-65cb-46be-b0c7-4fbcf30e723e:c7]
2019-09-05 09:46:32,686 | INFO  | DNAudit | user=null | ip=null | op=PUT_BLOCK {blockData=[blockId=conID: 1 locID: 102739265918205966 bcsId: 0,size=400]} | ret=SUCCESS |  
2019-09-05 09:46:32,690 | INFO  | DNAudit | user=null | ip=null | op=WRITE_CHUNK {blockData=conID: 1 locID: 102739265918205966 bcsId: 7} | ret=SUCCESS |  
2019-09-05 09:46:32,691 | INFO  | DNAudit | user=null | ip=null | op=WRITE_CHUNK {blockData=conID: 1 locID: 102739265918205966 bcsId: 7} | ret=SUCCESS |  
2019-09-05 09:46:32,691 | INFO  | DNAudit | user=null | ip=null | op=WRITE_CHUNK {blockData=conID: 1 locID: 102739265918205966 bcsId: 7} | ret=SUCCESS |  
2019-09-05 09:46:32,701 | INFO  | DNAudit | user=null | ip=null | op=WRITE_CHUNK {blockData=conID: 1 locID: 102739265918205966 bcsId: 7} | ret=SUCCESS |  
2019-09-05 09:46:32,702 | INFO  | DNAudit | user=null | ip=null | op=PUT_BLOCK {blockData=[blockId=conID: 1 locID: 102739265918205966 bcsId: 0,size=450]} | ret=SUCCESS |  
2019-09-05 09:46:32,702 [grpc-default-executor-2] INFO  client.GrpcClientProtocolClient (GrpcClientProtocolClient.java:onNext(255)) - client-FE3C7F970A53->be6e9899-a2a0-4aaa-86a3-6f4de7c5e0ee: receive RaftClientReply:client-FE3C7F970A53->be6e9899-a2a0-4aaa-86a3-6f4de7c5e0ee@group-911D640F0E98, cid=180, SUCCESS, logIndex=13, commits[be6e9899-a2a0-4aaa-86a3-6f4de7c5e0ee:c14, a9783fcd-cf1c-48a2-b8c2-cbb078c8905c:c12, f8f65381-65cb-46be-b0c7-4fbcf30e723e:c12]
2019-09-05 09:46:32,703 [grpc-default-executor-2] INFO  client.GrpcClientProtocolClient (GrpcClientProtocolClient.java:onNext(255)) - client-FE3C7F970A53->be6e9899-a2a0-4aaa-86a3-6f4de7c5e0ee: receive RaftClientReply:client-FE3C7F970A53->be6e9899-a2a0-4aaa-86a3-6f4de7c5e0ee@group-911D640F0E98, cid=181, SUCCESS, logIndex=14, commits[be6e9899-a2a0-4aaa-86a3-6f4de7c5e0ee:c14, a9783fcd-cf1c-48a2-b8c2-cbb078c8905c:c12, f8f65381-65cb-46be-b0c7-4fbcf30e723e:c12]
2019-09-05 09:46:32,708 | INFO  | DNAudit | user=null | ip=null | op=WRITE_CHUNK {blockData=conID: 1 locID: 102739265918205966 bcsId: 7} | ret=SUCCESS |  
2019-09-05 09:46:32,708 | INFO  | DNAudit | user=null | ip=null | op=WRITE_CHUNK {blockData=conID: 1 locID: 102739265918205966 bcsId: 7} | ret=SUCCESS |  
2019-09-05 09:46:32,709 | INFO  | DNAudit | user=null | ip=null | op=PUT_BLOCK {blockData=[blockId=conID: 1 locID: 102739265918205966 bcsId: 0,size=450]} | ret=SUCCESS |  
2019-09-05 09:46:32,713 | INFO  | DNAudit | user=null | ip=null | op=PUT_BLOCK {blockData=[blockId=conID: 1 locID: 102739265918205966 bcsId: 0,size=450]} | ret=SUCCESS |  
2019-09-05 09:46:32,717 [grpc-default-executor-2] INFO  client.GrpcClientProtocolClient (GrpcClientProtocolClient.java:onNext(255)) - client-FE3C7F970A53->be6e9899-a2a0-4aaa-86a3-6f4de7c5e0ee: receive RaftClientReply:client-FE3C7F970A53->be6e9899-a2a0-4aaa-86a3-6f4de7c5e0ee@group-911D640F0E98, cid=182, SUCCESS, logIndex=0, commits[be6e9899-a2a0-4aaa-86a3-6f4de7c5e0ee:c15, a9783fcd-cf1c-48a2-b8c2-cbb078c8905c:c14, f8f65381-65cb-46be-b0c7-4fbcf30e723e:c14]
2019-09-05 09:46:32,718 [main] INFO  datanode.ObjectStoreHandler (ObjectStoreHandler.java:close(155)) - Closing ObjectStoreHandler.
2019-09-05 09:46:32,719 [main] INFO  ozone.HddsDatanodeService (HddsDatanodeService.java:stop(451)) - Stopped plug-in org.apache.hadoop.ozone.web.OzoneHddsDatanodeService@1368e451
2019-09-05 09:46:33,029 | INFO  | SCMAudit | user=jenkins1000 | ip=192.168.69.64 | op=SEND_HEARTBEAT {datanodeUUID=89855a1f-0ba7-4a60-bf74-368046649d6e, command=[]} | ret=SUCCESS |  
2019-09-05 09:46:33,198 | INFO  | SCMAudit | user=jenkins1000 | ip=192.168.69.64 | op=SEND_HEARTBEAT {datanodeUUID=c23920b9-2915-4dbd-979a-5f7980efe55e, command=[]} | ret=SUCCESS |  
2019-09-05 09:46:33,356 [Datanode State Machine Thread - 0] INFO  statemachine.DatanodeStateMachine (DatanodeStateMachine.java:lambda$startDaemon$0(350)) - Ozone container server started.
2019-09-05 09:46:33,356 | INFO  | SCMAudit | user=jenkins1000 | ip=192.168.69.64 | op=SEND_HEARTBEAT {datanodeUUID=f8f65381-65cb-46be-b0c7-4fbcf30e723e, command=[]} | ret=SUCCESS |  
2019-09-05 09:46:33,394 | INFO  | SCMAudit | user=jenkins1000 | ip=192.168.69.64 | op=SEND_HEARTBEAT {datanodeUUID=a9783fcd-cf1c-48a2-b8c2-cbb078c8905c, command=[]} | ret=SUCCESS |  
2019-09-05 09:46:33,436 | INFO  | SCMAudit | user=jenkins1000 | ip=192.168.69.64 | op=SEND_HEARTBEAT {datanodeUUID=6b93c345-ca95-4de7-ba67-344940d63a9c, command=[]} | ret=SUCCESS |  
2019-09-05 09:46:33,607 | INFO  | SCMAudit | user=jenkins1000 | ip=192.168.69.64 | op=SEND_HEARTBEAT {datanodeUUID=2f4d3d6f-61a0-4d94-8ca0-0e317f780ff7, command=[]} | ret=SUCCESS |  
2019-09-05 09:46:34,028 | INFO  | SCMAudit | user=jenkins1000 | ip=192.168.69.64 | op=SEND_HEARTBEAT {datanodeUUID=89855a1f-0ba7-4a60-bf74-368046649d6e, command=[]} | ret=SUCCESS |  
2019-09-05 09:46:34,199 | INFO  | SCMAudit | user=jenkins1000 | ip=192.168.69.64 | op=SEND_HEARTBEAT {datanodeUUID=c23920b9-2915-4dbd-979a-5f7980efe55e, command=[]} | ret=SUCCESS |  
2019-09-05 09:46:34,356 | INFO  | SCMAudit | user=jenkins1000 | ip=192.168.69.64 | op=SEND_HEARTBEAT {datanodeUUID=f8f65381-65cb-46be-b0c7-4fbcf30e723e, command=[]} | ret=SUCCESS |  
2019-09-05 09:46:34,394 | INFO  | SCMAudit | user=jenkins1000 | ip=192.168.69.64 | op=SEND_HEARTBEAT {datanodeUUID=a9783fcd-cf1c-48a2-b8c2-cbb078c8905c, command=[]} | ret=SUCCESS |  
2019-09-05 09:46:34,436 | INFO  | SCMAudit | user=jenkins1000 | ip=192.168.69.64 | op=SEND_HEARTBEAT {datanodeUUID=6b93c345-ca95-4de7-ba67-344940d63a9c, command=[]} | ret=SUCCESS |  
2019-09-05 09:46:34,607 | INFO  | SCMAudit | user=jenkins1000 | ip=192.168.69.64 | op=SEND_HEARTBEAT {datanodeUUID=2f4d3d6f-61a0-4d94-8ca0-0e317f780ff7, command=[]} | ret=SUCCESS |  
2019-09-05 09:46:35,028 | INFO  | SCMAudit | user=jenkins1000 | ip=192.168.69.64 | op=SEND_HEARTBEAT {datanodeUUID=89855a1f-0ba7-4a60-bf74-368046649d6e, command=[]} | ret=SUCCESS |  
2019-09-05 09:46:35,198 | INFO  | SCMAudit | user=jenkins1000 | ip=192.168.69.64 | op=SEND_HEARTBEAT {datanodeUUID=c23920b9-2915-4dbd-979a-5f7980efe55e, command=[]} | ret=SUCCESS |  
2019-09-05 09:46:35,356 | INFO  | SCMAudit | user=jenkins1000 | ip=192.168.69.64 | op=SEND_HEARTBEAT {datanodeUUID=f8f65381-65cb-46be-b0c7-4fbcf30e723e, command=[]} | ret=SUCCESS |  
2019-09-05 09:46:35,394 | INFO  | SCMAudit | user=jenkins1000 | ip=192.168.69.64 | op=SEND_HEARTBEAT {datanodeUUID=a9783fcd-cf1c-48a2-b8c2-cbb078c8905c, command=[]} | ret=SUCCESS |  
2019-09-05 09:46:35,436 | INFO  | SCMAudit | user=jenkins1000 | ip=192.168.69.64 | op=SEND_HEARTBEAT {datanodeUUID=6b93c345-ca95-4de7-ba67-344940d63a9c, command=[]} | ret=SUCCESS |  
2019-09-05 09:46:35,607 | INFO  | SCMAudit | user=jenkins1000 | ip=192.168.69.64 | op=SEND_HEARTBEAT {datanodeUUID=2f4d3d6f-61a0-4d94-8ca0-0e317f780ff7, command=[]} | ret=SUCCESS |  
2019-09-05 09:46:36,029 | INFO  | SCMAudit | user=jenkins1000 | ip=192.168.69.64 | op=SEND_HEARTBEAT {datanodeUUID=89855a1f-0ba7-4a60-bf74-368046649d6e, command=[]} | ret=SUCCESS |  
2019-09-05 09:46:36,198 | INFO  | SCMAudit | user=jenkins1000 | ip=192.168.69.64 | op=SEND_HEARTBEAT {datanodeUUID=c23920b9-2915-4dbd-979a-5f7980efe55e, command=[]} | ret=SUCCESS |  
2019-09-05 09:46:36,357 | INFO  | SCMAudit | user=jenkins1000 | ip=192.168.69.64 | op=SEND_HEARTBEAT {datanodeUUID=f8f65381-65cb-46be-b0c7-4fbcf30e723e, command=[]} | ret=SUCCESS |  
2019-09-05 09:46:36,394 | INFO  | SCMAudit | user=jenkins1000 | ip=192.168.69.64 | op=SEND_HEARTBEAT {datanodeUUID=a9783fcd-cf1c-48a2-b8c2-cbb078c8905c, command=[]} | ret=SUCCESS |  
2019-09-05 09:46:36,436 | INFO  | SCMAudit | user=jenkins1000 | ip=192.168.69.64 | op=SEND_HEARTBEAT {datanodeUUID=6b93c345-ca95-4de7-ba67-344940d63a9c, command=[]} | ret=SUCCESS |  
2019-09-05 09:46:36,608 | INFO  | SCMAudit | user=jenkins1000 | ip=192.168.69.64 | op=SEND_HEARTBEAT {datanodeUUID=2f4d3d6f-61a0-4d94-8ca0-0e317f780ff7, command=[]} | ret=SUCCESS |  
2019-09-05 09:46:37,028 | INFO  | SCMAudit | user=jenkins1000 | ip=192.168.69.64 | op=SEND_HEARTBEAT {datanodeUUID=89855a1f-0ba7-4a60-bf74-368046649d6e, command=[]} | ret=SUCCESS |  
2019-09-05 09:46:37,199 | INFO  | SCMAudit | user=jenkins1000 | ip=192.168.69.64 | op=SEND_HEARTBEAT {datanodeUUID=c23920b9-2915-4dbd-979a-5f7980efe55e, command=[]} | ret=SUCCESS |  
2019-09-05 09:46:37,357 | INFO  | SCMAudit | user=jenkins1000 | ip=192.168.69.64 | op=SEND_HEARTBEAT {datanodeUUID=f8f65381-65cb-46be-b0c7-4fbcf30e723e, command=[]} | ret=SUCCESS |  
2019-09-05 09:46:37,368 [EventQueue-StaleNodeForStaleNodeHandler] INFO  node.StaleNodeHandler (StaleNodeHandler.java:onMessage(58)) - Datanode be6e9899-a2a0-4aaa-86a3-6f4de7c5e0ee{ip: 192.168.69.64, host: pr-hdds-1571-tgb5r-3650803683, networkLocation: /default-rack, certSerialId: null} moved to stale state. Finalizing its pipelines [PipelineID=b07db64f-4bd5-4b52-80db-911d640f0e98, PipelineID=f3c40107-dadb-4288-93a1-dc71f36137ce]
2019-09-05 09:46:37,368 [EventQueue-StaleNodeForStaleNodeHandler] INFO  pipeline.SCMPipelineManager (SCMPipelineManager.java:finalizeAndDestroyPipeline(309)) - destroying pipeline:Pipeline[ Id: b07db64f-4bd5-4b52-80db-911d640f0e98, Nodes: be6e9899-a2a0-4aaa-86a3-6f4de7c5e0ee{ip: 192.168.69.64, host: pr-hdds-1571-tgb5r-3650803683, networkLocation: /default-rack, certSerialId: null}f8f65381-65cb-46be-b0c7-4fbcf30e723e{ip: 192.168.69.64, host: pr-hdds-1571-tgb5r-3650803683, networkLocation: /default-rack, certSerialId: null}a9783fcd-cf1c-48a2-b8c2-cbb078c8905c{ip: 192.168.69.64, host: pr-hdds-1571-tgb5r-3650803683, networkLocation: /default-rack, certSerialId: null}, Type:RATIS, Factor:THREE, State:OPEN]
2019-09-05 09:46:37,368 [EventQueue-StaleNodeForStaleNodeHandler] INFO  pipeline.PipelineStateManager (PipelineStateManager.java:finalizePipeline(123)) - Pipeline Pipeline[ Id: b07db64f-4bd5-4b52-80db-911d640f0e98, Nodes: be6e9899-a2a0-4aaa-86a3-6f4de7c5e0ee{ip: 192.168.69.64, host: pr-hdds-1571-tgb5r-3650803683, networkLocation: /default-rack, certSerialId: null}f8f65381-65cb-46be-b0c7-4fbcf30e723e{ip: 192.168.69.64, host: pr-hdds-1571-tgb5r-3650803683, networkLocation: /default-rack, certSerialId: null}a9783fcd-cf1c-48a2-b8c2-cbb078c8905c{ip: 192.168.69.64, host: pr-hdds-1571-tgb5r-3650803683, networkLocation: /default-rack, certSerialId: null}, Type:RATIS, Factor:THREE, State:CLOSED] moved to CLOSED state
2019-09-05 09:46:37,369 [EventQueue-CloseContainerForCloseContainerEventHandler] INFO  container.CloseContainerEventHandler (CloseContainerEventHandler.java:onMessage(61)) - Close container Event triggered for container : #1
2019-09-05 09:46:37,369 [EventQueue-StaleNodeForStaleNodeHandler] INFO  pipeline.SCMPipelineManager (SCMPipelineManager.java:finalizeAndDestroyPipeline(309)) - destroying pipeline:Pipeline[ Id: f3c40107-dadb-4288-93a1-dc71f36137ce, Nodes: be6e9899-a2a0-4aaa-86a3-6f4de7c5e0ee{ip: 192.168.69.64, host: pr-hdds-1571-tgb5r-3650803683, networkLocation: /default-rack, certSerialId: null}, Type:RATIS, Factor:ONE, State:OPEN]
2019-09-05 09:46:37,370 [EventQueue-StaleNodeForStaleNodeHandler] INFO  pipeline.PipelineStateManager (PipelineStateManager.java:finalizePipeline(123)) - Pipeline Pipeline[ Id: f3c40107-dadb-4288-93a1-dc71f36137ce, Nodes: be6e9899-a2a0-4aaa-86a3-6f4de7c5e0ee{ip: 192.168.69.64, host: pr-hdds-1571-tgb5r-3650803683, networkLocation: /default-rack, certSerialId: null}, Type:RATIS, Factor:ONE, State:CLOSED] moved to CLOSED state
2019-09-05 09:46:37,395 | INFO  | SCMAudit | user=jenkins1000 | ip=192.168.69.64 | op=SEND_HEARTBEAT {datanodeUUID=a9783fcd-cf1c-48a2-b8c2-cbb078c8905c, command=[commandType: closeContainerCommand closeContainerCommandProto { containerID: 1 pipelineID { id: "b07db64f-4bd5-4b52-80db-911d640f0e98" } cmdId: 1 force: false } ]} | ret=SUCCESS |  
2019-09-05 09:46:37,437 | INFO  | SCMAudit | user=jenkins1000 | ip=192.168.69.64 | op=SEND_HEARTBEAT {datanodeUUID=6b93c345-ca95-4de7-ba67-344940d63a9c, command=[]} | ret=SUCCESS |  
2019-09-05 09:46:37,607 | INFO  | SCMAudit | user=jenkins1000 | ip=192.168.69.64 | op=SEND_HEARTBEAT {datanodeUUID=2f4d3d6f-61a0-4d94-8ca0-0e317f780ff7, command=[]} | ret=SUCCESS |  
2019-09-05 09:46:37,720 [main] INFO  ozoneimpl.OzoneContainer (OzoneContainer.java:stop(199)) - Attempting to stop container services.
2019-09-05 09:46:37,721 [main] INFO  impl.RaftServerProxy (RaftServerProxy.java:lambda$close$4(314)) - be6e9899-a2a0-4aaa-86a3-6f4de7c5e0ee: close
2019-09-05 09:46:37,722 [main] INFO  impl.RaftServerImpl (RaftServerImpl.java:lambda$shutdown$3(245)) - be6e9899-a2a0-4aaa-86a3-6f4de7c5e0ee: shutdown group-911D640F0E98
2019-09-05 09:46:37,722 [ForkJoinPool.commonPool-worker-1] INFO  impl.RaftServerImpl (RaftServerImpl.java:lambda$shutdown$3(245)) - be6e9899-a2a0-4aaa-86a3-6f4de7c5e0ee: shutdown group-DC71F36137CE
2019-09-05 09:46:37,723 [main] INFO  util.JmxRegister (JmxRegister.java:unregister(73)) - Successfully un-registered JMX Bean with object name Ratis:service=RaftServer,group=group-911D640F0E98,id=be6e9899-a2a0-4aaa-86a3-6f4de7c5e0ee
2019-09-05 09:46:37,723 [ForkJoinPool.commonPool-worker-1] INFO  util.JmxRegister (JmxRegister.java:unregister(73)) - Successfully un-registered JMX Bean with object name Ratis:service=RaftServer,group=group-DC71F36137CE,id=be6e9899-a2a0-4aaa-86a3-6f4de7c5e0ee
2019-09-05 09:46:37,723 [main] INFO  impl.RoleInfo (RoleInfo.java:shutdownLeaderState(104)) - be6e9899-a2a0-4aaa-86a3-6f4de7c5e0ee: shutdown LeaderState
2019-09-05 09:46:37,723 [ForkJoinPool.commonPool-worker-1] INFO  impl.RoleInfo (RoleInfo.java:shutdownLeaderState(104)) - be6e9899-a2a0-4aaa-86a3-6f4de7c5e0ee: shutdown LeaderState
2019-09-05 09:46:37,728 [org.apache.ratis.server.impl.LogAppender$AppenderDaemon$$Lambda$462/798911677@74f8b10b] WARN  server.GrpcLogAppender (GrpcLogAppender.java:mayWait(143)) - GrpcLogAppender(be6e9899-a2a0-4aaa-86a3-6f4de7c5e0ee->f8f65381-65cb-46be-b0c7-4fbcf30e723e): Wait interrupted by java.lang.InterruptedException
2019-09-05 09:46:37,728 [org.apache.ratis.server.impl.LogAppender$AppenderDaemon$$Lambda$462/798911677@31fa3950] WARN  server.GrpcLogAppender (GrpcLogAppender.java:mayWait(143)) - GrpcLogAppender(be6e9899-a2a0-4aaa-86a3-6f4de7c5e0ee->a9783fcd-cf1c-48a2-b8c2-cbb078c8905c): Wait interrupted by java.lang.InterruptedException
2019-09-05 09:46:37,728 [main] INFO  impl.PendingRequests (PendingRequests.java:sendNotLeaderResponses(202)) - be6e9899-a2a0-4aaa-86a3-6f4de7c5e0ee-PendingRequests: sendNotLeaderResponses
2019-09-05 09:46:37,729 [grpc-default-executor-2] INFO  server.GrpcServerProtocolService (GrpcServerProtocolService.java:onCompleted(104)) - a9783fcd-cf1c-48a2-b8c2-cbb078c8905c: appendEntries completed
2019-09-05 09:46:37,729 [grpc-default-executor-11] INFO  server.GrpcServerProtocolService (GrpcServerProtocolService.java:onCompleted(104)) - f8f65381-65cb-46be-b0c7-4fbcf30e723e: appendEntries completed
2019-09-05 09:46:37,728 [ForkJoinPool.commonPool-worker-1] INFO  impl.PendingRequests (PendingRequests.java:sendNotLeaderResponses(202)) - be6e9899-a2a0-4aaa-86a3-6f4de7c5e0ee-PendingRequests: sendNotLeaderResponses
2019-09-05 09:46:37,734 [grpc-default-executor-2] INFO  server.GrpcLogAppender (GrpcLogAppender.java:onCompleted(292)) - be6e9899-a2a0-4aaa-86a3-6f4de7c5e0ee->a9783fcd-cf1c-48a2-b8c2-cbb078c8905c: follower responses appendEntries COMPLETED
2019-09-05 09:46:37,734 [StateMachineUpdater:be6e9899-a2a0-4aaa-86a3-6f4de7c5e0ee:group-911D640F0E98] INFO  ratis.ContainerStateMachine (ContainerStateMachine.java:takeSnapshot(283)) - group-911D640F0E98: Taking a snapshot at:(t:1, i:14) file /workdir/hadoop-ozone/integration-test/target/test-dir/MiniOzoneClusterImpl-ff056e79-355c-4fb1-b6e7-2d545f6c46f0/datanode-5/data/ratis/b07db64f-4bd5-4b52-80db-911d640f0e98/sm/snapshot.1_14
2019-09-05 09:46:37,733 [main] INFO  impl.StateMachineUpdater (StateMachineUpdater.java:stopAndJoin(115)) - StateMachineUpdater:be6e9899-a2a0-4aaa-86a3-6f4de7c5e0ee:group-911D640F0E98: set stopIndex = 16
2019-09-05 09:46:37,735 [grpc-default-executor-2] INFO  impl.FollowerInfo (FollowerInfo.java:lambda$new$0(50)) - be6e9899-a2a0-4aaa-86a3-6f4de7c5e0ee->a9783fcd-cf1c-48a2-b8c2-cbb078c8905c: nextIndex: updateUnconditionally 17 -> 16
2019-09-05 09:46:37,734 [grpc-default-executor-11] INFO  server.GrpcLogAppender (GrpcLogAppender.java:onCompleted(292)) - be6e9899-a2a0-4aaa-86a3-6f4de7c5e0ee->f8f65381-65cb-46be-b0c7-4fbcf30e723e: follower responses appendEntries COMPLETED
2019-09-05 09:46:37,734 [ForkJoinPool.commonPool-worker-1] INFO  impl.StateMachineUpdater (StateMachineUpdater.java:stopAndJoin(115)) - StateMachineUpdater:be6e9899-a2a0-4aaa-86a3-6f4de7c5e0ee:group-DC71F36137CE: set stopIndex = 0
2019-09-05 09:46:37,736 [grpc-default-executor-11] INFO  impl.FollowerInfo (FollowerInfo.java:lambda$new$0(50)) - be6e9899-a2a0-4aaa-86a3-6f4de7c5e0ee->f8f65381-65cb-46be-b0c7-4fbcf30e723e: nextIndex: updateUnconditionally 17 -> 16
2019-09-05 09:46:37,736 [ForkJoinPool.commonPool-worker-1] INFO  impl.RaftServerImpl (ServerState.java:close(394)) - be6e9899-a2a0-4aaa-86a3-6f4de7c5e0ee:group-DC71F36137CE closes. The last applied log index is 0
2019-09-05 09:46:37,736 [be6e9899-a2a0-4aaa-86a3-6f4de7c5e0ee-SegmentedRaftLogWorker:Storage Directory /workdir/hadoop-ozone/integration-test/target/test-dir/MiniOzoneClusterImpl-ff056e79-355c-4fb1-b6e7-2d545f6c46f0/datanode-5/data/ratis/f3c40107-dadb-4288-93a1-dc71f36137ce] INFO  segmented.SegmentedRaftLogWorker (SegmentedRaftLogWorker.java:run(313)) - be6e9899-a2a0-4aaa-86a3-6f4de7c5e0ee-SegmentedRaftLogWorker:Storage Directory /workdir/hadoop-ozone/integration-test/target/test-dir/MiniOzoneClusterImpl-ff056e79-355c-4fb1-b6e7-2d545f6c46f0/datanode-5/data/ratis/f3c40107-dadb-4288-93a1-dc71f36137ce was interrupted, exiting. There are 0 tasks remaining in the queue.
2019-09-05 09:46:37,742 [ForkJoinPool.commonPool-worker-1] INFO  segmented.SegmentedRaftLogWorker (SegmentedRaftLogWorker.java:close(228)) - be6e9899-a2a0-4aaa-86a3-6f4de7c5e0ee-SegmentedRaftLogWorker:Storage Directory /workdir/hadoop-ozone/integration-test/target/test-dir/MiniOzoneClusterImpl-ff056e79-355c-4fb1-b6e7-2d545f6c46f0/datanode-5/data/ratis/f3c40107-dadb-4288-93a1-dc71f36137ce close()
2019-09-05 09:46:37,767 [StateMachineUpdater:be6e9899-a2a0-4aaa-86a3-6f4de7c5e0ee:group-911D640F0E98] INFO  ratis.ContainerStateMachine (ContainerStateMachine.java:takeSnapshot(294)) - group-911D640F0E98: Finished taking a snapshot at:(t:1, i:14) file:/workdir/hadoop-ozone/integration-test/target/test-dir/MiniOzoneClusterImpl-ff056e79-355c-4fb1-b6e7-2d545f6c46f0/datanode-5/data/ratis/b07db64f-4bd5-4b52-80db-911d640f0e98/sm/snapshot.1_14 time:33
2019-09-05 09:46:37,767 [StateMachineUpdater:be6e9899-a2a0-4aaa-86a3-6f4de7c5e0ee:group-911D640F0E98] INFO  impl.StateMachineUpdater (StateMachineUpdater.java:takeSnapshot(242)) - StateMachineUpdater:be6e9899-a2a0-4aaa-86a3-6f4de7c5e0ee:group-911D640F0E98: Took a snapshot at index 14
2019-09-05 09:46:37,767 [StateMachineUpdater:be6e9899-a2a0-4aaa-86a3-6f4de7c5e0ee:group-911D640F0E98] INFO  impl.StateMachineUpdater (StateMachineUpdater.java:lambda$new$0(80)) - StateMachineUpdater:be6e9899-a2a0-4aaa-86a3-6f4de7c5e0ee:group-911D640F0E98: snapshotIndex: updateIncreasingly -1 -> 14
2019-09-05 09:46:37,767 [main] INFO  impl.RaftServerImpl (ServerState.java:close(394)) - be6e9899-a2a0-4aaa-86a3-6f4de7c5e0ee:group-911D640F0E98 closes. The last applied log index is 16
2019-09-05 09:46:37,768 [be6e9899-a2a0-4aaa-86a3-6f4de7c5e0ee-SegmentedRaftLogWorker:Storage Directory /workdir/hadoop-ozone/integration-test/target/test-dir/MiniOzoneClusterImpl-ff056e79-355c-4fb1-b6e7-2d545f6c46f0/datanode-5/data/ratis/b07db64f-4bd5-4b52-80db-911d640f0e98] INFO  segmented.SegmentedRaftLogWorker (SegmentedRaftLogWorker.java:run(313)) - be6e9899-a2a0-4aaa-86a3-6f4de7c5e0ee-SegmentedRaftLogWorker:Storage Directory /workdir/hadoop-ozone/integration-test/target/test-dir/MiniOzoneClusterImpl-ff056e79-355c-4fb1-b6e7-2d545f6c46f0/datanode-5/data/ratis/b07db64f-4bd5-4b52-80db-911d640f0e98 was interrupted, exiting. There are 0 tasks remaining in the queue.
2019-09-05 09:46:37,770 [main] INFO  segmented.SegmentedRaftLogWorker (SegmentedRaftLogWorker.java:close(228)) - be6e9899-a2a0-4aaa-86a3-6f4de7c5e0ee-SegmentedRaftLogWorker:Storage Directory /workdir/hadoop-ozone/integration-test/target/test-dir/MiniOzoneClusterImpl-ff056e79-355c-4fb1-b6e7-2d545f6c46f0/datanode-5/data/ratis/b07db64f-4bd5-4b52-80db-911d640f0e98 close()
2019-09-05 09:46:37,774 [main] INFO  server.GrpcService (GrpcService.java:closeImpl(155)) - be6e9899-a2a0-4aaa-86a3-6f4de7c5e0ee: shutdown server with port 35409 now
2019-09-05 09:46:37,775 [grpc-default-executor-2] WARN  client.GrpcClientProtocolService (LogUtils.java:warn(134)) - 3-UnorderedRequestStreamObserver3: onError: org.apache.ratis.thirdparty.io.grpc.StatusRuntimeException: CANCELLED: cancelled before receiving half close
2019-09-05 09:46:37,775 [main] INFO  server.GrpcService (GrpcService.java:closeImpl(163)) - be6e9899-a2a0-4aaa-86a3-6f4de7c5e0ee: shutdown server with port 35409 successfully
2019-09-05 09:46:37,777 [main] INFO  utils.BackgroundService (BackgroundService.java:shutdown(148)) - Shutting down service BlockDeletingService
2019-09-05 09:46:37,780 [refreshUsed-/workdir/hadoop-ozone/integration-test/target/test-dir/MiniOzoneClusterImpl-ff056e79-355c-4fb1-b6e7-2d545f6c46f0/datanode-5/data/containers] WARN  fs.CachingGetSpaceUsed (CachingGetSpaceUsed.java:run(183)) - Thread Interrupted waiting to refresh disk information: sleep interrupted
2019-09-05 09:46:37,801 [main] INFO  statemachine.DatanodeStateMachine (DatanodeStateMachine.java:stopDaemon(395)) - Ozone container server stopped.
2019-09-05 09:46:37,803 [main] INFO  handler.ContextHandler (ContextHandler.java:doStop(910)) - Stopped o.e.j.w.WebAppContext@5ba4735c{/,null,UNAVAILABLE}{/hddsDatanode}
2019-09-05 09:46:37,804 [main] INFO  server.AbstractConnector (AbstractConnector.java:doStop(318)) - Stopped ServerConnector@70b437bb{HTTP/1.1,[http/1.1]}{0.0.0.0:0}
2019-09-05 09:46:37,804 [main] INFO  handler.ContextHandler (ContextHandler.java:doStop(910)) - Stopped o.e.j.s.ServletContextHandler@65402e26{/static,jar:file:/home/user/.m2/repository/org/apache/hadoop/hadoop-hdds-container-service/0.5.0-SNAPSHOT/hadoop-hdds-container-service-0.5.0-SNAPSHOT.jar!/webapps/static,UNAVAILABLE}
2019-09-05 09:46:37,805 [main] INFO  handler.ContextHandler (ContextHandler.java:doStop(910)) - Stopped o.e.j.s.ServletContextHandler@22912968{/logs,file:///workdir/hadoop-ozone/integration-test/target/log,UNAVAILABLE}
2019-09-05 09:46:38,028 | INFO  | SCMAudit | user=jenkins1000 | ip=192.168.69.64 | op=SEND_HEARTBEAT {datanodeUUID=89855a1f-0ba7-4a60-bf74-368046649d6e, command=[]} | ret=SUCCESS |  
2019-09-05 09:46:38,198 | INFO  | SCMAudit | user=jenkins1000 | ip=192.168.69.64 | op=SEND_HEARTBEAT {datanodeUUID=c23920b9-2915-4dbd-979a-5f7980efe55e, command=[]} | ret=SUCCESS |  
2019-09-05 09:46:38,358 | INFO  | SCMAudit | user=jenkins1000 | ip=192.168.69.64 | op=SEND_HEARTBEAT {datanodeUUID=f8f65381-65cb-46be-b0c7-4fbcf30e723e, command=[commandType: closeContainerCommand closeContainerCommandProto { containerID: 1 pipelineID { id: "b07db64f-4bd5-4b52-80db-911d640f0e98" } cmdId: 1 force: false } ]} | ret=SUCCESS |  
2019-09-05 09:46:38,395 | INFO  | SCMAudit | user=jenkins1000 | ip=192.168.69.64 | op=SEND_HEARTBEAT {datanodeUUID=a9783fcd-cf1c-48a2-b8c2-cbb078c8905c, command=[]} | ret=SUCCESS |  
2019-09-05 09:46:38,419 | INFO  | SCMAudit | user=jenkins1000 | ip=192.168.69.64 | op=SEND_HEARTBEAT {datanodeUUID=a9783fcd-cf1c-48a2-b8c2-cbb078c8905c, command=[]} | ret=SUCCESS |  
2019-09-05 09:46:38,437 | INFO  | SCMAudit | user=jenkins1000 | ip=192.168.69.64 | op=SEND_HEARTBEAT {datanodeUUID=6b93c345-ca95-4de7-ba67-344940d63a9c, command=[]} | ret=SUCCESS |  
2019-09-05 09:46:38,607 | INFO  | SCMAudit | user=jenkins1000 | ip=192.168.69.64 | op=SEND_HEARTBEAT {datanodeUUID=2f4d3d6f-61a0-4d94-8ca0-0e317f780ff7, command=[]} | ret=SUCCESS |  
2019-09-05 09:46:39,029 | INFO  | SCMAudit | user=jenkins1000 | ip=192.168.69.64 | op=SEND_HEARTBEAT {datanodeUUID=89855a1f-0ba7-4a60-bf74-368046649d6e, command=[]} | ret=SUCCESS |  
2019-09-05 09:46:39,198 | INFO  | SCMAudit | user=jenkins1000 | ip=192.168.69.64 | op=SEND_HEARTBEAT {datanodeUUID=c23920b9-2915-4dbd-979a-5f7980efe55e, command=[]} | ret=SUCCESS |  
2019-09-05 09:46:39,358 | INFO  | SCMAudit | user=jenkins1000 | ip=192.168.69.64 | op=SEND_HEARTBEAT {datanodeUUID=f8f65381-65cb-46be-b0c7-4fbcf30e723e, command=[]} | ret=SUCCESS |  
2019-09-05 09:46:39,420 | INFO  | SCMAudit | user=jenkins1000 | ip=192.168.69.64 | op=SEND_HEARTBEAT {datanodeUUID=a9783fcd-cf1c-48a2-b8c2-cbb078c8905c, command=[]} | ret=SUCCESS |  
2019-09-05 09:46:39,437 | INFO  | SCMAudit | user=jenkins1000 | ip=192.168.69.64 | op=SEND_HEARTBEAT {datanodeUUID=6b93c345-ca95-4de7-ba67-344940d63a9c, command=[]} | ret=SUCCESS |  
2019-09-05 09:46:39,608 | INFO  | SCMAudit | user=jenkins1000 | ip=192.168.69.64 | op=SEND_HEARTBEAT {datanodeUUID=2f4d3d6f-61a0-4d94-8ca0-0e317f780ff7, command=[]} | ret=SUCCESS |  
2019-09-05 09:46:39,820 [grpc-default-executor-10] INFO  client.GrpcClientProtocolClient (GrpcClientProtocolClient.java:onNext(255)) - client-FE3C7F970A53->a9783fcd-cf1c-48a2-b8c2-cbb078c8905c: receive RaftClientReply:client-FE3C7F970A53->a9783fcd-cf1c-48a2-b8c2-cbb078c8905c@group-911D640F0E98, cid=183, FAILED org.apache.ratis.protocol.NotLeaderException: Server a9783fcd-cf1c-48a2-b8c2-cbb078c8905c is not the leader (be6e9899-a2a0-4aaa-86a3-6f4de7c5e0ee:192.168.69.64:35409). Request must be sent to leader., logIndex=0, commits[a9783fcd-cf1c-48a2-b8c2-cbb078c8905c:c16, be6e9899-a2a0-4aaa-86a3-6f4de7c5e0ee:c16, f8f65381-65cb-46be-b0c7-4fbcf30e723e:c16]
2019-09-05 09:46:40,029 | INFO  | SCMAudit | user=jenkins1000 | ip=192.168.69.64 | op=SEND_HEARTBEAT {datanodeUUID=89855a1f-0ba7-4a60-bf74-368046649d6e, command=[]} | ret=SUCCESS |  
2019-09-05 09:46:40,199 | INFO  | SCMAudit | user=jenkins1000 | ip=192.168.69.64 | op=SEND_HEARTBEAT {datanodeUUID=c23920b9-2915-4dbd-979a-5f7980efe55e, command=[]} | ret=SUCCESS |  
2019-09-05 09:46:40,357 | INFO  | SCMAudit | user=jenkins1000 | ip=192.168.69.64 | op=SEND_HEARTBEAT {datanodeUUID=f8f65381-65cb-46be-b0c7-4fbcf30e723e, command=[]} | ret=SUCCESS |  
2019-09-05 09:46:40,372 | INFO  | SCMAudit | user=jenkins1000 | ip=192.168.69.64 | op=SEND_HEARTBEAT {datanodeUUID=f8f65381-65cb-46be-b0c7-4fbcf30e723e, command=[]} | ret=SUCCESS |  
2019-09-05 09:46:40,419 | INFO  | SCMAudit | user=jenkins1000 | ip=192.168.69.64 | op=SEND_HEARTBEAT {datanodeUUID=a9783fcd-cf1c-48a2-b8c2-cbb078c8905c, command=[]} | ret=SUCCESS |  
2019-09-05 09:46:40,437 | INFO  | SCMAudit | user=jenkins1000 | ip=192.168.69.64 | op=SEND_HEARTBEAT {datanodeUUID=6b93c345-ca95-4de7-ba67-344940d63a9c, command=[]} | ret=SUCCESS |  
2019-09-05 09:46:40,608 | INFO  | SCMAudit | user=jenkins1000 | ip=192.168.69.64 | op=SEND_HEARTBEAT {datanodeUUID=2f4d3d6f-61a0-4d94-8ca0-0e317f780ff7, command=[]} | ret=SUCCESS |  
2019-09-05 09:46:40,838 [grpc-default-executor-2] INFO  client.GrpcClientProtocolClient (GrpcClientProtocolClient.java:onNext(255)) - client-FE3C7F970A53->f8f65381-65cb-46be-b0c7-4fbcf30e723e: receive RaftClientReply:client-FE3C7F970A53->f8f65381-65cb-46be-b0c7-4fbcf30e723e@group-911D640F0E98, cid=183, FAILED org.apache.ratis.protocol.NotLeaderException: Server f8f65381-65cb-46be-b0c7-4fbcf30e723e is not the leader (be6e9899-a2a0-4aaa-86a3-6f4de7c5e0ee:192.168.69.64:35409). Request must be sent to leader., logIndex=0, commits[f8f65381-65cb-46be-b0c7-4fbcf30e723e:c16, a9783fcd-cf1c-48a2-b8c2-cbb078c8905c:c16, be6e9899-a2a0-4aaa-86a3-6f4de7c5e0ee:c16]
2019-09-05 09:46:41,030 | INFO  | SCMAudit | user=jenkins1000 | ip=192.168.69.64 | op=SEND_HEARTBEAT {datanodeUUID=89855a1f-0ba7-4a60-bf74-368046649d6e, command=[]} | ret=SUCCESS |  
2019-09-05 09:46:41,198 | INFO  | SCMAudit | user=jenkins1000 | ip=192.168.69.64 | op=SEND_HEARTBEAT {datanodeUUID=c23920b9-2915-4dbd-979a-5f7980efe55e, command=[]} | ret=SUCCESS |  
2019-09-05 09:46:41,373 | INFO  | SCMAudit | user=jenkins1000 | ip=192.168.69.64 | op=SEND_HEARTBEAT {datanodeUUID=f8f65381-65cb-46be-b0c7-4fbcf30e723e, command=[]} | ret=SUCCESS |  
2019-09-05 09:46:41,419 | INFO  | SCMAudit | user=jenkins1000 | ip=192.168.69.64 | op=SEND_HEARTBEAT {datanodeUUID=a9783fcd-cf1c-48a2-b8c2-cbb078c8905c, command=[]} | ret=SUCCESS |  
2019-09-05 09:46:41,437 | INFO  | SCMAudit | user=jenkins1000 | ip=192.168.69.64 | op=SEND_HEARTBEAT {datanodeUUID=6b93c345-ca95-4de7-ba67-344940d63a9c, command=[]} | ret=SUCCESS |  
2019-09-05 09:46:41,609 | INFO  | SCMAudit | user=jenkins1000 | ip=192.168.69.64 | op=SEND_HEARTBEAT {datanodeUUID=2f4d3d6f-61a0-4d94-8ca0-0e317f780ff7, command=[]} | ret=SUCCESS |  
2019-09-05 09:46:41,858 [grpc-default-executor-2] INFO  client.GrpcClientProtocolClient (GrpcClientProtocolClient.java:onNext(255)) - client-FE3C7F970A53->f8f65381-65cb-46be-b0c7-4fbcf30e723e: receive RaftClientReply:client-FE3C7F970A53->f8f65381-65cb-46be-b0c7-4fbcf30e723e@group-911D640F0E98, cid=183, FAILED org.apache.ratis.protocol.NotLeaderException: Server f8f65381-65cb-46be-b0c7-4fbcf30e723e is not the leader (be6e9899-a2a0-4aaa-86a3-6f4de7c5e0ee:192.168.69.64:35409). Request must be sent to leader., logIndex=0, commits[f8f65381-65cb-46be-b0c7-4fbcf30e723e:c16, a9783fcd-cf1c-48a2-b8c2-cbb078c8905c:c16, be6e9899-a2a0-4aaa-86a3-6f4de7c5e0ee:c16]
2019-09-05 09:46:42,029 | INFO  | SCMAudit | user=jenkins1000 | ip=192.168.69.64 | op=SEND_HEARTBEAT {datanodeUUID=89855a1f-0ba7-4a60-bf74-368046649d6e, command=[]} | ret=SUCCESS |  
2019-09-05 09:46:42,199 | INFO  | SCMAudit | user=jenkins1000 | ip=192.168.69.64 | op=SEND_HEARTBEAT {datanodeUUID=c23920b9-2915-4dbd-979a-5f7980efe55e, command=[]} | ret=SUCCESS |  
2019-09-05 09:46:42,372 | INFO  | SCMAudit | user=jenkins1000 | ip=192.168.69.64 | op=SEND_HEARTBEAT {datanodeUUID=f8f65381-65cb-46be-b0c7-4fbcf30e723e, command=[]} | ret=SUCCESS |  
2019-09-05 09:46:42,420 | INFO  | SCMAudit | user=jenkins1000 | ip=192.168.69.64 | op=SEND_HEARTBEAT {datanodeUUID=a9783fcd-cf1c-48a2-b8c2-cbb078c8905c, command=[]} | ret=SUCCESS |  
2019-09-05 09:46:42,437 | INFO  | SCMAudit | user=jenkins1000 | ip=192.168.69.64 | op=SEND_HEARTBEAT {datanodeUUID=6b93c345-ca95-4de7-ba67-344940d63a9c, command=[]} | ret=SUCCESS |  
2019-09-05 09:46:42,608 | INFO  | SCMAudit | user=jenkins1000 | ip=192.168.69.64 | op=SEND_HEARTBEAT {datanodeUUID=2f4d3d6f-61a0-4d94-8ca0-0e317f780ff7, command=[]} | ret=SUCCESS |  
2019-09-05 09:46:42,873 [grpc-default-executor-10] INFO  client.GrpcClientProtocolClient (GrpcClientProtocolClient.java:onNext(255)) - client-FE3C7F970A53->f8f65381-65cb-46be-b0c7-4fbcf30e723e: receive RaftClientReply:client-FE3C7F970A53->f8f65381-65cb-46be-b0c7-4fbcf30e723e@group-911D640F0E98, cid=183, FAILED org.apache.ratis.protocol.NotLeaderException: Server f8f65381-65cb-46be-b0c7-4fbcf30e723e is not the leader (be6e9899-a2a0-4aaa-86a3-6f4de7c5e0ee:192.168.69.64:35409). Request must be sent to leader., logIndex=0, commits[f8f65381-65cb-46be-b0c7-4fbcf30e723e:c16, a9783fcd-cf1c-48a2-b8c2-cbb078c8905c:c16, be6e9899-a2a0-4aaa-86a3-6f4de7c5e0ee:c16]
2019-09-05 09:46:43,029 | INFO  | SCMAudit | user=jenkins1000 | ip=192.168.69.64 | op=SEND_HEARTBEAT {datanodeUUID=89855a1f-0ba7-4a60-bf74-368046649d6e, command=[]} | ret=SUCCESS |  
2019-09-05 09:46:43,199 | INFO  | SCMAudit | user=jenkins1000 | ip=192.168.69.64 | op=SEND_HEARTBEAT {datanodeUUID=c23920b9-2915-4dbd-979a-5f7980efe55e, command=[]} | ret=SUCCESS |  
2019-09-05 09:46:43,372 | INFO  | SCMAudit | user=jenkins1000 | ip=192.168.69.64 | op=SEND_HEARTBEAT {datanodeUUID=f8f65381-65cb-46be-b0c7-4fbcf30e723e, command=[]} | ret=SUCCESS |  
2019-09-05 09:46:43,419 | INFO  | SCMAudit | user=jenkins1000 | ip=192.168.69.64 | op=SEND_HEARTBEAT {datanodeUUID=a9783fcd-cf1c-48a2-b8c2-cbb078c8905c, command=[]} | ret=SUCCESS |  
2019-09-05 09:46:43,437 | INFO  | SCMAudit | user=jenkins1000 | ip=192.168.69.64 | op=SEND_HEARTBEAT {datanodeUUID=6b93c345-ca95-4de7-ba67-344940d63a9c, command=[]} | ret=SUCCESS |  
2019-09-05 09:46:43,608 | INFO  | SCMAudit | user=jenkins1000 | ip=192.168.69.64 | op=SEND_HEARTBEAT {datanodeUUID=2f4d3d6f-61a0-4d94-8ca0-0e317f780ff7, command=[]} | ret=SUCCESS |  
2019-09-05 09:46:43,890 [grpc-default-executor-11] INFO  client.GrpcClientProtocolClient (GrpcClientProtocolClient.java:onNext(255)) - client-FE3C7F970A53->a9783fcd-cf1c-48a2-b8c2-cbb078c8905c: receive RaftClientReply:client-FE3C7F970A53->a9783fcd-cf1c-48a2-b8c2-cbb078c8905c@group-911D640F0E98, cid=183, FAILED org.apache.ratis.protocol.NotLeaderException: Server a9783fcd-cf1c-48a2-b8c2-cbb078c8905c is not the leader (be6e9899-a2a0-4aaa-86a3-6f4de7c5e0ee:192.168.69.64:35409). Request must be sent to leader., logIndex=0, commits[a9783fcd-cf1c-48a2-b8c2-cbb078c8905c:c16, be6e9899-a2a0-4aaa-86a3-6f4de7c5e0ee:c16, f8f65381-65cb-46be-b0c7-4fbcf30e723e:c16]
2019-09-05 09:46:44,030 | INFO  | SCMAudit | user=jenkins1000 | ip=192.168.69.64 | op=SEND_HEARTBEAT {datanodeUUID=89855a1f-0ba7-4a60-bf74-368046649d6e, command=[]} | ret=SUCCESS |  
2019-09-05 09:46:44,200 | INFO  | SCMAudit | user=jenkins1000 | ip=192.168.69.64 | op=SEND_HEARTBEAT {datanodeUUID=c23920b9-2915-4dbd-979a-5f7980efe55e, command=[]} | ret=SUCCESS |  
2019-09-05 09:46:44,373 | INFO  | SCMAudit | user=jenkins1000 | ip=192.168.69.64 | op=SEND_HEARTBEAT {datanodeUUID=f8f65381-65cb-46be-b0c7-4fbcf30e723e, command=[]} | ret=SUCCESS |  
2019-09-05 09:46:44,419 | INFO  | SCMAudit | user=jenkins1000 | ip=192.168.69.64 | op=SEND_HEARTBEAT {datanodeUUID=a9783fcd-cf1c-48a2-b8c2-cbb078c8905c, command=[]} | ret=SUCCESS |  
2019-09-05 09:46:44,437 | INFO  | SCMAudit | user=jenkins1000 | ip=192.168.69.64 | op=SEND_HEARTBEAT {datanodeUUID=6b93c345-ca95-4de7-ba67-344940d63a9c, command=[]} | ret=SUCCESS |  
2019-09-05 09:46:44,608 | INFO  | SCMAudit | user=jenkins1000 | ip=192.168.69.64 | op=SEND_HEARTBEAT {datanodeUUID=2f4d3d6f-61a0-4d94-8ca0-0e317f780ff7, command=[]} | ret=SUCCESS |  
2019-09-05 09:46:44,910 [grpc-default-executor-10] INFO  client.GrpcClientProtocolClient (GrpcClientProtocolClient.java:onNext(255)) - client-FE3C7F970A53->a9783fcd-cf1c-48a2-b8c2-cbb078c8905c: receive RaftClientReply:client-FE3C7F970A53->a9783fcd-cf1c-48a2-b8c2-cbb078c8905c@group-911D640F0E98, cid=183, FAILED org.apache.ratis.protocol.NotLeaderException: Server a9783fcd-cf1c-48a2-b8c2-cbb078c8905c is not the leader (be6e9899-a2a0-4aaa-86a3-6f4de7c5e0ee:192.168.69.64:35409). Request must be sent to leader., logIndex=0, commits[a9783fcd-cf1c-48a2-b8c2-cbb078c8905c:c16, be6e9899-a2a0-4aaa-86a3-6f4de7c5e0ee:c16, f8f65381-65cb-46be-b0c7-4fbcf30e723e:c16]
2019-09-05 09:46:45,030 | INFO  | SCMAudit | user=jenkins1000 | ip=192.168.69.64 | op=SEND_HEARTBEAT {datanodeUUID=89855a1f-0ba7-4a60-bf74-368046649d6e, command=[]} | ret=SUCCESS |  
2019-09-05 09:46:45,199 | INFO  | SCMAudit | user=jenkins1000 | ip=192.168.69.64 | op=SEND_HEARTBEAT {datanodeUUID=c23920b9-2915-4dbd-979a-5f7980efe55e, command=[]} | ret=SUCCESS |  
2019-09-05 09:46:45,372 | INFO  | SCMAudit | user=jenkins1000 | ip=192.168.69.64 | op=SEND_HEARTBEAT {datanodeUUID=f8f65381-65cb-46be-b0c7-4fbcf30e723e, command=[]} | ret=SUCCESS |  
2019-09-05 09:46:45,419 | INFO  | SCMAudit | user=jenkins1000 | ip=192.168.69.64 | op=SEND_HEARTBEAT {datanodeUUID=a9783fcd-cf1c-48a2-b8c2-cbb078c8905c, command=[]} | ret=SUCCESS |  
2019-09-05 09:46:45,437 | INFO  | SCMAudit | user=jenkins1000 | ip=192.168.69.64 | op=SEND_HEARTBEAT {datanodeUUID=6b93c345-ca95-4de7-ba67-344940d63a9c, command=[]} | ret=SUCCESS |  
2019-09-05 09:46:45,608 | INFO  | SCMAudit | user=jenkins1000 | ip=192.168.69.64 | op=SEND_HEARTBEAT {datanodeUUID=2f4d3d6f-61a0-4d94-8ca0-0e317f780ff7, command=[]} | ret=SUCCESS |  
2019-09-05 09:46:45,925 [grpc-default-executor-10] INFO  client.GrpcClientProtocolClient (GrpcClientProtocolClient.java:onNext(255)) - client-FE3C7F970A53->a9783fcd-cf1c-48a2-b8c2-cbb078c8905c: receive RaftClientReply:client-FE3C7F970A53->a9783fcd-cf1c-48a2-b8c2-cbb078c8905c@group-911D640F0E98, cid=183, FAILED org.apache.ratis.protocol.NotLeaderException: Server a9783fcd-cf1c-48a2-b8c2-cbb078c8905c is not the leader (be6e9899-a2a0-4aaa-86a3-6f4de7c5e0ee:192.168.69.64:35409). Request must be sent to leader., logIndex=0, commits[a9783fcd-cf1c-48a2-b8c2-cbb078c8905c:c16, be6e9899-a2a0-4aaa-86a3-6f4de7c5e0ee:c16, f8f65381-65cb-46be-b0c7-4fbcf30e723e:c16]
2019-09-05 09:46:46,030 | INFO  | SCMAudit | user=jenkins1000 | ip=192.168.69.64 | op=SEND_HEARTBEAT {datanodeUUID=89855a1f-0ba7-4a60-bf74-368046649d6e, command=[]} | ret=SUCCESS |  
2019-09-05 09:46:46,199 | INFO  | SCMAudit | user=jenkins1000 | ip=192.168.69.64 | op=SEND_HEARTBEAT {datanodeUUID=c23920b9-2915-4dbd-979a-5f7980efe55e, command=[]} | ret=SUCCESS |  
2019-09-05 09:46:46,372 | INFO  | SCMAudit | user=jenkins1000 | ip=192.168.69.64 | op=SEND_HEARTBEAT {datanodeUUID=f8f65381-65cb-46be-b0c7-4fbcf30e723e, command=[]} | ret=SUCCESS |  
2019-09-05 09:46:46,419 | INFO  | SCMAudit | user=jenkins1000 | ip=192.168.69.64 | op=SEND_HEARTBEAT {datanodeUUID=a9783fcd-cf1c-48a2-b8c2-cbb078c8905c, command=[]} | ret=SUCCESS |  
2019-09-05 09:46:46,437 | INFO  | SCMAudit | user=jenkins1000 | ip=192.168.69.64 | op=SEND_HEARTBEAT {datanodeUUID=6b93c345-ca95-4de7-ba67-344940d63a9c, command=[]} | ret=SUCCESS |  
2019-09-05 09:46:46,515 [Thread-3662] INFO  impl.FollowerState (FollowerState.java:run(106)) - a9783fcd-cf1c-48a2-b8c2-cbb078c8905c:group-911D640F0E98 changes to CANDIDATE, lastRpcTime:8792, electionTimeout:5080ms
2019-09-05 09:46:46,515 [Thread-3662] INFO  impl.RoleInfo (RoleInfo.java:shutdownFollowerState(121)) - a9783fcd-cf1c-48a2-b8c2-cbb078c8905c: shutdown FollowerState
2019-09-05 09:46:46,515 [Thread-3662] INFO  impl.RaftServerImpl (RaftServerImpl.java:setRole(171)) - a9783fcd-cf1c-48a2-b8c2-cbb078c8905c:group-911D640F0E98 changes role from FOLLOWER to CANDIDATE at term 1 for changeToCandidate
2019-09-05 09:46:46,516 [Thread-3662] INFO  impl.RoleInfo (RoleInfo.java:updateAndGet(143)) - a9783fcd-cf1c-48a2-b8c2-cbb078c8905c: start LeaderElection
2019-09-05 09:46:46,519 [a9783fcd-cf1c-48a2-b8c2-cbb078c8905c:group-911D640F0E98:LeaderElection89] INFO  impl.RaftServerImpl (ServerState.java:setLeader(263)) - a9783fcd-cf1c-48a2-b8c2-cbb078c8905c:group-911D640F0E98 change Leader from be6e9899-a2a0-4aaa-86a3-6f4de7c5e0ee to null at term 1 for initElection
2019-09-05 09:46:46,543 [a9783fcd-cf1c-48a2-b8c2-cbb078c8905c:group-911D640F0E98:LeaderElection89] INFO  impl.LeaderElection (LeaderElection.java:askForVotes(181)) - a9783fcd-cf1c-48a2-b8c2-cbb078c8905c:group-911D640F0E98:LeaderElection89: begin an election at term 2 for 0: [a9783fcd-cf1c-48a2-b8c2-cbb078c8905c:192.168.69.64:45519, be6e9899-a2a0-4aaa-86a3-6f4de7c5e0ee:192.168.69.64:35409, f8f65381-65cb-46be-b0c7-4fbcf30e723e:192.168.69.64:44993], old=null
2019-09-05 09:46:46,546 [a9783fcd-cf1c-48a2-b8c2-cbb078c8905c:group-911D640F0E98:LeaderElection89] INFO  impl.LeaderElection (LogUtils.java:infoOrTrace(149)) - a9783fcd-cf1c-48a2-b8c2-cbb078c8905c:group-911D640F0E98:LeaderElection89 got exception when requesting votes: {}
java.util.concurrent.ExecutionException: org.apache.ratis.thirdparty.io.grpc.StatusRuntimeException: UNAVAILABLE: io exception
	at java.util.concurrent.FutureTask.report(FutureTask.java:122)
	at java.util.concurrent.FutureTask.get(FutureTask.java:192)
	at org.apache.ratis.server.impl.LeaderElection.waitForResults(LeaderElection.java:262)
	at org.apache.ratis.server.impl.LeaderElection.askForVotes(LeaderElection.java:200)
	at org.apache.ratis.server.impl.LeaderElection.run(LeaderElection.java:130)
	at java.lang.Thread.run(Thread.java:748)
Caused by: org.apache.ratis.thirdparty.io.grpc.StatusRuntimeException: UNAVAILABLE: io exception
	at org.apache.ratis.thirdparty.io.grpc.stub.ClientCalls.toStatusRuntimeException(ClientCalls.java:233)
	at org.apache.ratis.thirdparty.io.grpc.stub.ClientCalls.getUnchecked(ClientCalls.java:214)
	at org.apache.ratis.thirdparty.io.grpc.stub.ClientCalls.blockingUnaryCall(ClientCalls.java:139)
	at org.apache.ratis.proto.grpc.RaftServerProtocolServiceGrpc$RaftServerProtocolServiceBlockingStub.requestVote(RaftServerProtocolServiceGrpc.java:265)
	at org.apache.ratis.grpc.server.GrpcServerProtocolClient.requestVote(GrpcServerProtocolClient.java:83)
	at org.apache.ratis.grpc.server.GrpcService.requestVote(GrpcService.java:195)
	at org.apache.ratis.server.impl.LeaderElection.lambda$submitRequests$1(LeaderElection.java:237)
	at java.util.concurrent.FutureTask.run(FutureTask.java:266)
	at java.util.concurrent.Executors$RunnableAdapter.call(Executors.java:511)
	at java.util.concurrent.FutureTask.run(FutureTask.java:266)
	at java.util.concurrent.ThreadPoolExecutor.runWorker(ThreadPoolExecutor.java:1149)
	at java.util.concurrent.ThreadPoolExecutor$Worker.run(ThreadPoolExecutor.java:624)
	... 1 more
Caused by: org.apache.ratis.thirdparty.io.netty.channel.AbstractChannel$AnnotatedConnectException: Connection refused: /192.168.69.64:35409
	at sun.nio.ch.SocketChannelImpl.checkConnect(Native Method)
	at sun.nio.ch.SocketChannelImpl.finishConnect(SocketChannelImpl.java:717)
	at org.apache.ratis.thirdparty.io.netty.channel.socket.nio.NioSocketChannel.doFinishConnect(NioSocketChannel.java:327)
	at org.apache.ratis.thirdparty.io.netty.channel.nio.AbstractNioChannel$AbstractNioUnsafe.finishConnect(AbstractNioChannel.java:340)
	at org.apache.ratis.thirdparty.io.netty.channel.nio.NioEventLoop.processSelectedKey(NioEventLoop.java:632)
	at org.apache.ratis.thirdparty.io.netty.channel.nio.NioEventLoop.processSelectedKeysOptimized(NioEventLoop.java:579)
	at org.apache.ratis.thirdparty.io.netty.channel.nio.NioEventLoop.processSelectedKeys(NioEventLoop.java:496)
	at org.apache.ratis.thirdparty.io.netty.channel.nio.NioEventLoop.run(NioEventLoop.java:458)
	at org.apache.ratis.thirdparty.io.netty.util.concurrent.SingleThreadEventExecutor$5.run(SingleThreadEventExecutor.java:897)
	at org.apache.ratis.thirdparty.io.netty.util.concurrent.FastThreadLocalRunnable.run(FastThreadLocalRunnable.java:30)
	... 1 more
Caused by: java.net.ConnectException: Connection refused
	... 11 more
2019-09-05 09:46:46,551 [grpc-default-executor-2] INFO  impl.RaftServerImpl (ServerState.java:setLeader(263)) - f8f65381-65cb-46be-b0c7-4fbcf30e723e:group-911D640F0E98 change Leader from be6e9899-a2a0-4aaa-86a3-6f4de7c5e0ee to null at term 2 for updateCurrentTerm
2019-09-05 09:46:46,551 [grpc-default-executor-2] INFO  impl.RaftServerImpl (RaftServerImpl.java:setRole(171)) - f8f65381-65cb-46be-b0c7-4fbcf30e723e:group-911D640F0E98 changes role from FOLLOWER to FOLLOWER at term 2 for recognizeCandidate:a9783fcd-cf1c-48a2-b8c2-cbb078c8905c
2019-09-05 09:46:46,551 [grpc-default-executor-2] INFO  impl.RoleInfo (RoleInfo.java:shutdownFollowerState(121)) - f8f65381-65cb-46be-b0c7-4fbcf30e723e: shutdown FollowerState
2019-09-05 09:46:46,551 [grpc-default-executor-2] INFO  impl.RoleInfo (RoleInfo.java:updateAndGet(143)) - f8f65381-65cb-46be-b0c7-4fbcf30e723e: start FollowerState
2019-09-05 09:46:46,551 [Thread-3660] INFO  impl.FollowerState (FollowerState.java:run(114)) - f8f65381-65cb-46be-b0c7-4fbcf30e723e: FollowerState was interrupted: java.lang.InterruptedException: sleep interrupted
2019-09-05 09:46:46,583 [a9783fcd-cf1c-48a2-b8c2-cbb078c8905c:group-911D640F0E98:LeaderElection89] INFO  impl.LeaderElection (LeaderElection.java:logAndReturn(56)) - a9783fcd-cf1c-48a2-b8c2-cbb078c8905c:group-911D640F0E98:LeaderElection89: Election PASSED; received 1 response(s) [a9783fcd-cf1c-48a2-b8c2-cbb078c8905c<-f8f65381-65cb-46be-b0c7-4fbcf30e723e#0:OK-t2] and 1 exception(s); a9783fcd-cf1c-48a2-b8c2-cbb078c8905c:t2, leader=null, voted=a9783fcd-cf1c-48a2-b8c2-cbb078c8905c, raftlog=a9783fcd-cf1c-48a2-b8c2-cbb078c8905c-SegmentedRaftLog:OPENED:c16,f16,i16, conf=0: [a9783fcd-cf1c-48a2-b8c2-cbb078c8905c:192.168.69.64:45519, be6e9899-a2a0-4aaa-86a3-6f4de7c5e0ee:192.168.69.64:35409, f8f65381-65cb-46be-b0c7-4fbcf30e723e:192.168.69.64:44993], old=null
2019-09-05 09:46:46,583 [a9783fcd-cf1c-48a2-b8c2-cbb078c8905c:group-911D640F0E98:LeaderElection89] INFO  impl.LeaderElection (LogUtils.java:infoOrTrace(149)) -   Exception 0: {}
java.util.concurrent.ExecutionException: org.apache.ratis.thirdparty.io.grpc.StatusRuntimeException: UNAVAILABLE: io exception
	at java.util.concurrent.FutureTask.report(FutureTask.java:122)
	at java.util.concurrent.FutureTask.get(FutureTask.java:192)
	at org.apache.ratis.server.impl.LeaderElection.waitForResults(LeaderElection.java:262)
	at org.apache.ratis.server.impl.LeaderElection.askForVotes(LeaderElection.java:200)
	at org.apache.ratis.server.impl.LeaderElection.run(LeaderElection.java:130)
	at java.lang.Thread.run(Thread.java:748)
Caused by: org.apache.ratis.thirdparty.io.grpc.StatusRuntimeException: UNAVAILABLE: io exception
	at org.apache.ratis.thirdparty.io.grpc.stub.ClientCalls.toStatusRuntimeException(ClientCalls.java:233)
	at org.apache.ratis.thirdparty.io.grpc.stub.ClientCalls.getUnchecked(ClientCalls.java:214)
	at org.apache.ratis.thirdparty.io.grpc.stub.ClientCalls.blockingUnaryCall(ClientCalls.java:139)
	at org.apache.ratis.proto.grpc.RaftServerProtocolServiceGrpc$RaftServerProtocolServiceBlockingStub.requestVote(RaftServerProtocolServiceGrpc.java:265)
	at org.apache.ratis.grpc.server.GrpcServerProtocolClient.requestVote(GrpcServerProtocolClient.java:83)
	at org.apache.ratis.grpc.server.GrpcService.requestVote(GrpcService.java:195)
	at org.apache.ratis.server.impl.LeaderElection.lambda$submitRequests$1(LeaderElection.java:237)
	at java.util.concurrent.FutureTask.run(FutureTask.java:266)
	at java.util.concurrent.Executors$RunnableAdapter.call(Executors.java:511)
	at java.util.concurrent.FutureTask.run(FutureTask.java:266)
	at java.util.concurrent.ThreadPoolExecutor.runWorker(ThreadPoolExecutor.java:1149)
	at java.util.concurrent.ThreadPoolExecutor$Worker.run(ThreadPoolExecutor.java:624)
	... 1 more
Caused by: org.apache.ratis.thirdparty.io.netty.channel.AbstractChannel$AnnotatedConnectException: Connection refused: /192.168.69.64:35409
	at sun.nio.ch.SocketChannelImpl.checkConnect(Native Method)
	at sun.nio.ch.SocketChannelImpl.finishConnect(SocketChannelImpl.java:717)
	at org.apache.ratis.thirdparty.io.netty.channel.socket.nio.NioSocketChannel.doFinishConnect(NioSocketChannel.java:327)
	at org.apache.ratis.thirdparty.io.netty.channel.nio.AbstractNioChannel$AbstractNioUnsafe.finishConnect(AbstractNioChannel.java:340)
	at org.apache.ratis.thirdparty.io.netty.channel.nio.NioEventLoop.processSelectedKey(NioEventLoop.java:632)
	at org.apache.ratis.thirdparty.io.netty.channel.nio.NioEventLoop.processSelectedKeysOptimized(NioEventLoop.java:579)
	at org.apache.ratis.thirdparty.io.netty.channel.nio.NioEventLoop.processSelectedKeys(NioEventLoop.java:496)
	at org.apache.ratis.thirdparty.io.netty.channel.nio.NioEventLoop.run(NioEventLoop.java:458)
	at org.apache.ratis.thirdparty.io.netty.util.concurrent.SingleThreadEventExecutor$5.run(SingleThreadEventExecutor.java:897)
	at org.apache.ratis.thirdparty.io.netty.util.concurrent.FastThreadLocalRunnable.run(FastThreadLocalRunnable.java:30)
	... 1 more
Caused by: java.net.ConnectException: Connection refused
	... 11 more
2019-09-05 09:46:46,583 [a9783fcd-cf1c-48a2-b8c2-cbb078c8905c:group-911D640F0E98:LeaderElection89] INFO  impl.RoleInfo (RoleInfo.java:shutdownLeaderElection(134)) - a9783fcd-cf1c-48a2-b8c2-cbb078c8905c: shutdown LeaderElection
2019-09-05 09:46:46,584 [a9783fcd-cf1c-48a2-b8c2-cbb078c8905c:group-911D640F0E98:LeaderElection89] INFO  impl.RaftServerImpl (RaftServerImpl.java:setRole(171)) - a9783fcd-cf1c-48a2-b8c2-cbb078c8905c:group-911D640F0E98 changes role from CANDIDATE to LEADER at term 2 for changeToLeader
2019-09-05 09:46:46,584 [a9783fcd-cf1c-48a2-b8c2-cbb078c8905c:group-911D640F0E98:LeaderElection89] INFO  impl.RaftServerImpl (ServerState.java:setLeader(263)) - a9783fcd-cf1c-48a2-b8c2-cbb078c8905c:group-911D640F0E98 change Leader from null to a9783fcd-cf1c-48a2-b8c2-cbb078c8905c at term 2 for becomeLeader, leader elected after 64ms
2019-09-05 09:46:46,584 [a9783fcd-cf1c-48a2-b8c2-cbb078c8905c:group-911D640F0E98:LeaderElection89] INFO  server.RaftServerConfigKeys (ConfUtils.java:logGet(43)) - raft.server.staging.catchup.gap = 1000 (default)
2019-09-05 09:46:46,584 [a9783fcd-cf1c-48a2-b8c2-cbb078c8905c:group-911D640F0E98:LeaderElection89] INFO  server.RaftServerConfigKeys (ConfUtils.java:logGet(43)) - raft.server.rpc.sleep.time = 25ms (default)
2019-09-05 09:46:46,584 [a9783fcd-cf1c-48a2-b8c2-cbb078c8905c:group-911D640F0E98:LeaderElection89] INFO  server.RaftServerConfigKeys (ConfUtils.java:logGet(43)) - raft.server.write.element-limit = 4096 (default)
2019-09-05 09:46:46,585 [a9783fcd-cf1c-48a2-b8c2-cbb078c8905c:group-911D640F0E98:LeaderElection89] INFO  server.RaftServerConfigKeys (ConfUtils.java:logGet(43)) - raft.server.watch.timeout = 10s (default)
2019-09-05 09:46:46,585 [a9783fcd-cf1c-48a2-b8c2-cbb078c8905c:group-911D640F0E98:LeaderElection89] INFO  server.RaftServerConfigKeys (ConfUtils.java:logGet(43)) - raft.server.watch.timeout.denomination = 1s (default)
2019-09-05 09:46:46,585 [a9783fcd-cf1c-48a2-b8c2-cbb078c8905c:group-911D640F0E98:LeaderElection89] INFO  server.RaftServerConfigKeys (ConfUtils.java:logGet(43)) - raft.server.watch.element-limit = 65536 (default)
2019-09-05 09:46:46,585 [a9783fcd-cf1c-48a2-b8c2-cbb078c8905c:group-911D640F0E98:LeaderElection89] INFO  server.RaftServerConfigKeys (ConfUtils.java:logGet(43)) - raft.server.log.appender.snapshot.chunk.size.max = 16MB (=16777216) (default)
2019-09-05 09:46:46,585 [a9783fcd-cf1c-48a2-b8c2-cbb078c8905c:group-911D640F0E98:LeaderElection89] INFO  server.RaftServerConfigKeys (ConfUtils.java:logGet(43)) - raft.server.log.appender.buffer.byte-limit = 33554432 (custom)
2019-09-05 09:46:46,586 [a9783fcd-cf1c-48a2-b8c2-cbb078c8905c:group-911D640F0E98:LeaderElection89] INFO  server.RaftServerConfigKeys (ConfUtils.java:logGet(43)) - raft.server.log.appender.buffer.element-limit = 1 (custom)
2019-09-05 09:46:46,586 [a9783fcd-cf1c-48a2-b8c2-cbb078c8905c:group-911D640F0E98:LeaderElection89] INFO  grpc.GrpcConfigKeys$Server (ConfUtils.java:logGet(43)) - raft.grpc.server.leader.outstanding.appends.max = 128 (default)
2019-09-05 09:46:46,586 [a9783fcd-cf1c-48a2-b8c2-cbb078c8905c:group-911D640F0E98:LeaderElection89] INFO  server.RaftServerConfigKeys (ConfUtils.java:logGet(43)) - raft.server.rpc.request.timeout = 3000ms (default)
2019-09-05 09:46:46,586 [a9783fcd-cf1c-48a2-b8c2-cbb078c8905c:group-911D640F0E98:LeaderElection89] INFO  server.RaftServerConfigKeys (ConfUtils.java:logGet(43)) - raft.server.log.appender.install.snapshot.enabled = false (custom)
2019-09-05 09:46:46,587 [a9783fcd-cf1c-48a2-b8c2-cbb078c8905c:group-911D640F0E98:LeaderElection89] INFO  server.RaftServerConfigKeys (ConfUtils.java:logGet(43)) - raft.server.log.appender.snapshot.chunk.size.max = 16MB (=16777216) (default)
2019-09-05 09:46:46,587 [a9783fcd-cf1c-48a2-b8c2-cbb078c8905c:group-911D640F0E98:LeaderElection89] INFO  server.RaftServerConfigKeys (ConfUtils.java:logGet(43)) - raft.server.log.appender.buffer.byte-limit = 33554432 (custom)
2019-09-05 09:46:46,587 [a9783fcd-cf1c-48a2-b8c2-cbb078c8905c:group-911D640F0E98:LeaderElection89] INFO  server.RaftServerConfigKeys (ConfUtils.java:logGet(43)) - raft.server.log.appender.buffer.element-limit = 1 (custom)
2019-09-05 09:46:46,587 [a9783fcd-cf1c-48a2-b8c2-cbb078c8905c:group-911D640F0E98:LeaderElection89] INFO  grpc.GrpcConfigKeys$Server (ConfUtils.java:logGet(43)) - raft.grpc.server.leader.outstanding.appends.max = 128 (default)
2019-09-05 09:46:46,587 [a9783fcd-cf1c-48a2-b8c2-cbb078c8905c:group-911D640F0E98:LeaderElection89] INFO  server.RaftServerConfigKeys (ConfUtils.java:logGet(43)) - raft.server.rpc.request.timeout = 3000ms (default)
2019-09-05 09:46:46,588 [a9783fcd-cf1c-48a2-b8c2-cbb078c8905c:group-911D640F0E98:LeaderElection89] INFO  server.RaftServerConfigKeys (ConfUtils.java:logGet(43)) - raft.server.log.appender.install.snapshot.enabled = false (custom)
2019-09-05 09:46:46,588 [a9783fcd-cf1c-48a2-b8c2-cbb078c8905c:group-911D640F0E98:LeaderElection89] INFO  impl.RoleInfo (RoleInfo.java:updateAndGet(143)) - a9783fcd-cf1c-48a2-b8c2-cbb078c8905c: start LeaderState
2019-09-05 09:46:46,588 [a9783fcd-cf1c-48a2-b8c2-cbb078c8905c:group-911D640F0E98:LeaderElection89] INFO  segmented.SegmentedRaftLogWorker (SegmentedRaftLogWorker.java:rollLogSegment(385)) - a9783fcd-cf1c-48a2-b8c2-cbb078c8905c-SegmentedRaftLogWorker:Storage Directory /workdir/hadoop-ozone/integration-test/target/test-dir/MiniOzoneClusterImpl-ff056e79-355c-4fb1-b6e7-2d545f6c46f0/datanode-3/data/ratis/b07db64f-4bd5-4b52-80db-911d640f0e98: Rolling segment log-0_16 to index:16
2019-09-05 09:46:46,589 [a9783fcd-cf1c-48a2-b8c2-cbb078c8905c-SegmentedRaftLogWorker:Storage Directory /workdir/hadoop-ozone/integration-test/target/test-dir/MiniOzoneClusterImpl-ff056e79-355c-4fb1-b6e7-2d545f6c46f0/datanode-3/data/ratis/b07db64f-4bd5-4b52-80db-911d640f0e98] INFO  segmented.SegmentedRaftLogWorker (SegmentedRaftLogWorker.java:execute(526)) - a9783fcd-cf1c-48a2-b8c2-cbb078c8905c-SegmentedRaftLogWorker:Storage Directory /workdir/hadoop-ozone/integration-test/target/test-dir/MiniOzoneClusterImpl-ff056e79-355c-4fb1-b6e7-2d545f6c46f0/datanode-3/data/ratis/b07db64f-4bd5-4b52-80db-911d640f0e98: Rolled log segment from /workdir/hadoop-ozone/integration-test/target/test-dir/MiniOzoneClusterImpl-ff056e79-355c-4fb1-b6e7-2d545f6c46f0/datanode-3/data/ratis/b07db64f-4bd5-4b52-80db-911d640f0e98/current/log_inprogress_0 to /workdir/hadoop-ozone/integration-test/target/test-dir/MiniOzoneClusterImpl-ff056e79-355c-4fb1-b6e7-2d545f6c46f0/datanode-3/data/ratis/b07db64f-4bd5-4b52-80db-911d640f0e98/current/log_0-16
2019-09-05 09:46:46,589 [a9783fcd-cf1c-48a2-b8c2-cbb078c8905c:group-911D640F0E98:LeaderElection89] INFO  impl.RaftServerImpl (ServerState.java:setRaftConf(361)) - a9783fcd-cf1c-48a2-b8c2-cbb078c8905c:group-911D640F0E98 set configuration 17: [a9783fcd-cf1c-48a2-b8c2-cbb078c8905c:192.168.69.64:45519, be6e9899-a2a0-4aaa-86a3-6f4de7c5e0ee:192.168.69.64:35409, f8f65381-65cb-46be-b0c7-4fbcf30e723e:192.168.69.64:44993], old=null at 17
2019-09-05 09:46:46,589 [grpc-default-executor-2] WARN  server.GrpcLogAppender (LogUtils.java:warn(134)) - a9783fcd-cf1c-48a2-b8c2-cbb078c8905c->be6e9899-a2a0-4aaa-86a3-6f4de7c5e0ee: Failed appendEntries: org.apache.ratis.thirdparty.io.grpc.StatusRuntimeException: UNAVAILABLE: io exception
2019-09-05 09:46:46,590 [grpc-default-executor-2] INFO  impl.FollowerInfo (FollowerInfo.java:lambda$new$0(50)) - a9783fcd-cf1c-48a2-b8c2-cbb078c8905c->be6e9899-a2a0-4aaa-86a3-6f4de7c5e0ee: nextIndex: updateUnconditionally 17 -> 1
2019-09-05 09:46:46,591 [grpc-default-executor-2] INFO  impl.RaftServerImpl (ServerState.java:setLeader(263)) - f8f65381-65cb-46be-b0c7-4fbcf30e723e:group-911D640F0E98 change Leader from null to a9783fcd-cf1c-48a2-b8c2-cbb078c8905c at term 2 for appendEntries, leader elected after 39ms
2019-09-05 09:46:46,594 [grpc-default-executor-2] INFO  impl.RaftServerImpl (ServerState.java:setRaftConf(361)) - f8f65381-65cb-46be-b0c7-4fbcf30e723e:group-911D640F0E98 set configuration 17: [a9783fcd-cf1c-48a2-b8c2-cbb078c8905c:192.168.69.64:45519, be6e9899-a2a0-4aaa-86a3-6f4de7c5e0ee:192.168.69.64:35409, f8f65381-65cb-46be-b0c7-4fbcf30e723e:192.168.69.64:44993], old=null at 17
2019-09-05 09:46:46,594 [grpc-default-executor-2] INFO  segmented.SegmentedRaftLogWorker (SegmentedRaftLogWorker.java:rollLogSegment(385)) - f8f65381-65cb-46be-b0c7-4fbcf30e723e-SegmentedRaftLogWorker:Storage Directory /workdir/hadoop-ozone/integration-test/target/test-dir/MiniOzoneClusterImpl-ff056e79-355c-4fb1-b6e7-2d545f6c46f0/datanode-4/data/ratis/b07db64f-4bd5-4b52-80db-911d640f0e98: Rolling segment log-0_16 to index:16
2019-09-05 09:46:46,595 [f8f65381-65cb-46be-b0c7-4fbcf30e723e-SegmentedRaftLogWorker:Storage Directory /workdir/hadoop-ozone/integration-test/target/test-dir/MiniOzoneClusterImpl-ff056e79-355c-4fb1-b6e7-2d545f6c46f0/datanode-4/data/ratis/b07db64f-4bd5-4b52-80db-911d640f0e98] INFO  segmented.SegmentedRaftLogWorker (SegmentedRaftLogWorker.java:execute(526)) - f8f65381-65cb-46be-b0c7-4fbcf30e723e-SegmentedRaftLogWorker:Storage Directory /workdir/hadoop-ozone/integration-test/target/test-dir/MiniOzoneClusterImpl-ff056e79-355c-4fb1-b6e7-2d545f6c46f0/datanode-4/data/ratis/b07db64f-4bd5-4b52-80db-911d640f0e98: Rolled log segment from /workdir/hadoop-ozone/integration-test/target/test-dir/MiniOzoneClusterImpl-ff056e79-355c-4fb1-b6e7-2d545f6c46f0/datanode-4/data/ratis/b07db64f-4bd5-4b52-80db-911d640f0e98/current/log_inprogress_0 to /workdir/hadoop-ozone/integration-test/target/test-dir/MiniOzoneClusterImpl-ff056e79-355c-4fb1-b6e7-2d545f6c46f0/datanode-4/data/ratis/b07db64f-4bd5-4b52-80db-911d640f0e98/current/log_0-16
2019-09-05 09:46:46,608 | INFO  | SCMAudit | user=jenkins1000 | ip=192.168.69.64 | op=SEND_HEARTBEAT {datanodeUUID=2f4d3d6f-61a0-4d94-8ca0-0e317f780ff7, command=[]} | ret=SUCCESS |  
2019-09-05 09:46:46,626 [a9783fcd-cf1c-48a2-b8c2-cbb078c8905c-SegmentedRaftLogWorker:Storage Directory /workdir/hadoop-ozone/integration-test/target/test-dir/MiniOzoneClusterImpl-ff056e79-355c-4fb1-b6e7-2d545f6c46f0/datanode-3/data/ratis/b07db64f-4bd5-4b52-80db-911d640f0e98] INFO  segmented.SegmentedRaftLogWorker (SegmentedRaftLogWorker.java:execute(569)) - a9783fcd-cf1c-48a2-b8c2-cbb078c8905c-SegmentedRaftLogWorker:Storage Directory /workdir/hadoop-ozone/integration-test/target/test-dir/MiniOzoneClusterImpl-ff056e79-355c-4fb1-b6e7-2d545f6c46f0/datanode-3/data/ratis/b07db64f-4bd5-4b52-80db-911d640f0e98: created new log segment /workdir/hadoop-ozone/integration-test/target/test-dir/MiniOzoneClusterImpl-ff056e79-355c-4fb1-b6e7-2d545f6c46f0/datanode-3/data/ratis/b07db64f-4bd5-4b52-80db-911d640f0e98/current/log_inprogress_17
2019-09-05 09:46:46,658 [f8f65381-65cb-46be-b0c7-4fbcf30e723e-SegmentedRaftLogWorker:Storage Directory /workdir/hadoop-ozone/integration-test/target/test-dir/MiniOzoneClusterImpl-ff056e79-355c-4fb1-b6e7-2d545f6c46f0/datanode-4/data/ratis/b07db64f-4bd5-4b52-80db-911d640f0e98] INFO  segmented.SegmentedRaftLogWorker (SegmentedRaftLogWorker.java:execute(569)) - f8f65381-65cb-46be-b0c7-4fbcf30e723e-SegmentedRaftLogWorker:Storage Directory /workdir/hadoop-ozone/integration-test/target/test-dir/MiniOzoneClusterImpl-ff056e79-355c-4fb1-b6e7-2d545f6c46f0/datanode-4/data/ratis/b07db64f-4bd5-4b52-80db-911d640f0e98: created new log segment /workdir/hadoop-ozone/integration-test/target/test-dir/MiniOzoneClusterImpl-ff056e79-355c-4fb1-b6e7-2d545f6c46f0/datanode-4/data/ratis/b07db64f-4bd5-4b52-80db-911d640f0e98/current/log_inprogress_17
2019-09-05 09:46:46,669 | INFO  | DNAudit | user=null | ip=null | op=READ_CHUNK {blockData=conID: 1 locID: 102739265918205966 bcsId: 0} | ret=SUCCESS |  
2019-09-05 09:46:46,672 [grpc-default-executor-10] WARN  server.GrpcLogAppender (LogUtils.java:warn(134)) - a9783fcd-cf1c-48a2-b8c2-cbb078c8905c->be6e9899-a2a0-4aaa-86a3-6f4de7c5e0ee: Failed appendEntries: org.apache.ratis.thirdparty.io.grpc.StatusRuntimeException: UNAVAILABLE: io exception
2019-09-05 09:46:46,673 [grpc-default-executor-10] INFO  impl.FollowerInfo (FollowerInfo.java:lambda$new$0(50)) - a9783fcd-cf1c-48a2-b8c2-cbb078c8905c->be6e9899-a2a0-4aaa-86a3-6f4de7c5e0ee: nextIndex: updateUnconditionally 2 -> 1
2019-09-05 09:46:46,691 [grpc-default-executor-2] WARN  server.GrpcLogAppender (LogUtils.java:warn(134)) - a9783fcd-cf1c-48a2-b8c2-cbb078c8905c->be6e9899-a2a0-4aaa-86a3-6f4de7c5e0ee: Failed appendEntries: org.apache.ratis.thirdparty.io.grpc.StatusRuntimeException: UNAVAILABLE: io exception
2019-09-05 09:46:46,692 [grpc-default-executor-2] INFO  impl.FollowerInfo (FollowerInfo.java:lambda$new$0(50)) - a9783fcd-cf1c-48a2-b8c2-cbb078c8905c->be6e9899-a2a0-4aaa-86a3-6f4de7c5e0ee: nextIndex: updateUnconditionally 2 -> 1
2019-09-05 09:46:46,933 | ERROR | DNAudit | user=null | ip=null | op=WRITE_CHUNK {blockData=conID: 1 locID: 102739265918205966 bcsId: 14} | ret=FAILURE | org.apache.hadoop.hdds.scm.container.common.helpers.ContainerNotOpenException: Container 1 in CLOSING state
	at org.apache.hadoop.ozone.container.common.impl.HddsDispatcher.validateContainerCommand(HddsDispatcher.java:408)
	at org.apache.hadoop.ozone.container.common.transport.server.ratis.ContainerStateMachine.startTransaction(ContainerStateMachine.java:309) 
2019-09-05 09:46:46,946 [grpc-default-executor-2] INFO  client.GrpcClientProtocolClient (GrpcClientProtocolClient.java:onNext(255)) - client-FE3C7F970A53->a9783fcd-cf1c-48a2-b8c2-cbb078c8905c: receive RaftClientReply:client-FE3C7F970A53->a9783fcd-cf1c-48a2-b8c2-cbb078c8905c@group-911D640F0E98, cid=183, FAILED org.apache.ratis.protocol.StateMachineException: org.apache.hadoop.hdds.scm.container.common.helpers.ContainerNotOpenException from Server a9783fcd-cf1c-48a2-b8c2-cbb078c8905c: Container 1 in CLOSING state, logIndex=0, commits[a9783fcd-cf1c-48a2-b8c2-cbb078c8905c:c18, be6e9899-a2a0-4aaa-86a3-6f4de7c5e0ee:c16, f8f65381-65cb-46be-b0c7-4fbcf30e723e:c17]
2019-09-05 09:46:46,947 | ERROR | DNAudit | user=null | ip=null | op=WRITE_CHUNK {blockData=conID: 1 locID: 102739265918205966 bcsId: 14} | ret=FAILURE | org.apache.hadoop.hdds.scm.container.common.helpers.ContainerNotOpenException: Container 1 in CLOSING state
	at org.apache.hadoop.ozone.container.common.impl.HddsDispatcher.validateContainerCommand(HddsDispatcher.java:408)
	at org.apache.hadoop.ozone.container.common.transport.server.ratis.ContainerStateMachine.startTransaction(ContainerStateMachine.java:309) 
2019-09-05 09:46:46,956 | ERROR | DNAudit | user=null | ip=null | op=PUT_BLOCK {blockData=[blockId=conID: 1 locID: 102739265918205966 bcsId: 0,size=650]} | ret=FAILURE | org.apache.hadoop.hdds.scm.container.common.helpers.ContainerNotOpenException: Container 1 in CLOSING state
	at org.apache.hadoop.ozone.container.common.impl.HddsDispatcher.validateContainerCommand(HddsDispatcher.java:408)
	at org.apache.hadoop.ozone.container.common.transport.server.ratis.ContainerStateMachine.startTransaction(ContainerStateMachine.java:309) 
2019-09-05 09:46:46,958 [grpc-default-executor-2] INFO  client.GrpcClientProtocolClient (GrpcClientProtocolClient.java:onNext(255)) - client-FE3C7F970A53->a9783fcd-cf1c-48a2-b8c2-cbb078c8905c: receive RaftClientReply:client-FE3C7F970A53->a9783fcd-cf1c-48a2-b8c2-cbb078c8905c@group-911D640F0E98, cid=184, FAILED org.apache.ratis.protocol.StateMachineException: org.apache.hadoop.hdds.scm.container.common.helpers.ContainerNotOpenException from Server a9783fcd-cf1c-48a2-b8c2-cbb078c8905c: Container 1 in CLOSING state, logIndex=0, commits[a9783fcd-cf1c-48a2-b8c2-cbb078c8905c:c18, be6e9899-a2a0-4aaa-86a3-6f4de7c5e0ee:c16, f8f65381-65cb-46be-b0c7-4fbcf30e723e:c17]
2019-09-05 09:46:46,959 | ERROR | DNAudit | user=null | ip=null | op=WRITE_CHUNK {blockData=conID: 1 locID: 102739265918205966 bcsId: 14} | ret=FAILURE | org.apache.hadoop.hdds.scm.container.common.helpers.ContainerNotOpenException: Container 1 in CLOSING state
	at org.apache.hadoop.ozone.container.common.impl.HddsDispatcher.validateContainerCommand(HddsDispatcher.java:408)
	at org.apache.hadoop.ozone.container.common.transport.server.ratis.ContainerStateMachine.startTransaction(ContainerStateMachine.java:309) 
2019-09-05 09:46:46,962 [grpc-default-executor-2] INFO  client.GrpcClientProtocolClient (GrpcClientProtocolClient.java:onNext(255)) - client-FE3C7F970A53->a9783fcd-cf1c-48a2-b8c2-cbb078c8905c: receive RaftClientReply:client-FE3C7F970A53->a9783fcd-cf1c-48a2-b8c2-cbb078c8905c@group-911D640F0E98, cid=185, FAILED org.apache.ratis.protocol.StateMachineException: org.apache.hadoop.hdds.scm.container.common.helpers.ContainerNotOpenException from Server a9783fcd-cf1c-48a2-b8c2-cbb078c8905c: Container 1 in CLOSING state, logIndex=0, commits[a9783fcd-cf1c-48a2-b8c2-cbb078c8905c:c18, be6e9899-a2a0-4aaa-86a3-6f4de7c5e0ee:c16, f8f65381-65cb-46be-b0c7-4fbcf30e723e:c17]
2019-09-05 09:46:46,962 | ERROR | DNAudit | user=null | ip=null | op=WRITE_CHUNK {blockData=conID: 1 locID: 102739265918205966 bcsId: 14} | ret=FAILURE | org.apache.hadoop.hdds.scm.container.common.helpers.ContainerNotOpenException: Container 1 in CLOSING state
	at org.apache.hadoop.ozone.container.common.impl.HddsDispatcher.validateContainerCommand(HddsDispatcher.java:408)
	at org.apache.hadoop.ozone.container.common.transport.server.ratis.ContainerStateMachine.startTransaction(ContainerStateMachine.java:309) 
2019-09-05 09:46:46,964 [grpc-default-executor-2] INFO  client.GrpcClientProtocolClient (GrpcClientProtocolClient.java:onNext(255)) - client-FE3C7F970A53->a9783fcd-cf1c-48a2-b8c2-cbb078c8905c: receive RaftClientReply:client-FE3C7F970A53->a9783fcd-cf1c-48a2-b8c2-cbb078c8905c@group-911D640F0E98, cid=186, FAILED org.apache.ratis.protocol.StateMachineException: org.apache.hadoop.hdds.scm.container.common.helpers.ContainerNotOpenException from Server a9783fcd-cf1c-48a2-b8c2-cbb078c8905c: Container 1 in CLOSING state, logIndex=0, commits[a9783fcd-cf1c-48a2-b8c2-cbb078c8905c:c18, be6e9899-a2a0-4aaa-86a3-6f4de7c5e0ee:c16, f8f65381-65cb-46be-b0c7-4fbcf30e723e:c17]
2019-09-05 09:46:46,966 | ERROR | DNAudit | user=null | ip=null | op=PUT_BLOCK {blockData=[blockId=conID: 1 locID: 102739265918205966 bcsId: 0,size=800]} | ret=FAILURE | org.apache.hadoop.hdds.scm.container.common.helpers.ContainerNotOpenException: Container 1 in CLOSING state
	at org.apache.hadoop.ozone.container.common.impl.HddsDispatcher.validateContainerCommand(HddsDispatcher.java:408)
	at org.apache.hadoop.ozone.container.common.transport.server.ratis.ContainerStateMachine.startTransaction(ContainerStateMachine.java:309) 
2019-09-05 09:46:46,966 [grpc-default-executor-2] INFO  client.GrpcClientProtocolClient (GrpcClientProtocolClient.java:onNext(255)) - client-FE3C7F970A53->a9783fcd-cf1c-48a2-b8c2-cbb078c8905c: receive RaftClientReply:client-FE3C7F970A53->a9783fcd-cf1c-48a2-b8c2-cbb078c8905c@group-911D640F0E98, cid=187, FAILED org.apache.ratis.protocol.StateMachineException: org.apache.hadoop.hdds.scm.container.common.helpers.ContainerNotOpenException from Server a9783fcd-cf1c-48a2-b8c2-cbb078c8905c: Container 1 in CLOSING state, logIndex=0, commits[a9783fcd-cf1c-48a2-b8c2-cbb078c8905c:c18, be6e9899-a2a0-4aaa-86a3-6f4de7c5e0ee:c16, f8f65381-65cb-46be-b0c7-4fbcf30e723e:c17]
2019-09-05 09:46:46,970 [grpc-default-executor-2] INFO  client.GrpcClientProtocolClient (GrpcClientProtocolClient.java:onNext(255)) - client-FE3C7F970A53->a9783fcd-cf1c-48a2-b8c2-cbb078c8905c: receive RaftClientReply:client-FE3C7F970A53->a9783fcd-cf1c-48a2-b8c2-cbb078c8905c@group-911D640F0E98, cid=188, FAILED org.apache.ratis.protocol.StateMachineException: org.apache.hadoop.hdds.scm.container.common.helpers.ContainerNotOpenException from Server a9783fcd-cf1c-48a2-b8c2-cbb078c8905c: Container 1 in CLOSING state, logIndex=0, commits[a9783fcd-cf1c-48a2-b8c2-cbb078c8905c:c18, be6e9899-a2a0-4aaa-86a3-6f4de7c5e0ee:c16, f8f65381-65cb-46be-b0c7-4fbcf30e723e:c17]
2019-09-05 09:46:46,999 | INFO  | SCMAudit | user=jenkins1000 | ip=192.168.69.64 | op=ALLOCATE_BLOCK {owner=085cee48-509c-408a-8abd-f21b6cf5612b, size=800, type=RATIS, factor=THREE} | ret=SUCCESS |  
2019-09-05 09:46:47,000 | INFO  | OMAudit | user=jenkins1000 | ip=127.0.0.1 | op=ALLOCATE_BLOCK {volume=testblockoutputstream, bucket=testblockoutputstream, key=21f0835b-cb16-4750-9741-83f7b8d5f548, dataSize=0, replicationType=null, replicationFactor=null, keyLocationInfo=null, clientID=102739265918074893} | ret=SUCCESS |  
2019-09-05 09:46:47,011 [grpc-default-executor-2] INFO  client.GrpcClientProtocolClient (GrpcClientProtocolClient.java:onNext(255)) - client-FF2E016F9E58->6b93c345-ca95-4de7-ba67-344940d63a9c: receive RaftClientReply:client-FF2E016F9E58->6b93c345-ca95-4de7-ba67-344940d63a9c@group-D760EDA197CD, cid=189, FAILED org.apache.ratis.protocol.NotLeaderException: Server 6b93c345-ca95-4de7-ba67-344940d63a9c is not the leader (c23920b9-2915-4dbd-979a-5f7980efe55e:192.168.69.64:38450). Request must be sent to leader., logIndex=0, commits[6b93c345-ca95-4de7-ba67-344940d63a9c:c0, c23920b9-2915-4dbd-979a-5f7980efe55e:c0, 2f4d3d6f-61a0-4d94-8ca0-0e317f780ff7:c0]
2019-09-05 09:46:47,030 | INFO  | SCMAudit | user=jenkins1000 | ip=192.168.69.64 | op=SEND_HEARTBEAT {datanodeUUID=89855a1f-0ba7-4a60-bf74-368046649d6e, command=[]} | ret=SUCCESS |  
2019-09-05 09:46:47,191 | INFO  | DNAudit | user=null | ip=null | op=WRITE_CHUNK {blockData=conID: 2 locID: 102739267223486479 bcsId: 0} | ret=SUCCESS |  
2019-09-05 09:46:47,192 | INFO  | SCMAudit | user=jenkins1000 | ip=192.168.69.64 | op=SEND_HEARTBEAT {datanodeUUID=6b93c345-ca95-4de7-ba67-344940d63a9c, command=[]} | ret=SUCCESS |  
2019-09-05 09:46:47,199 | INFO  | SCMAudit | user=jenkins1000 | ip=192.168.69.64 | op=SEND_HEARTBEAT {datanodeUUID=c23920b9-2915-4dbd-979a-5f7980efe55e, command=[]} | ret=SUCCESS |  
2019-09-05 09:46:47,223 | INFO  | DNAudit | user=null | ip=null | op=WRITE_CHUNK {blockData=conID: 2 locID: 102739267223486479 bcsId: 0} | ret=SUCCESS |  
2019-09-05 09:46:47,223 | INFO  | DNAudit | user=null | ip=null | op=WRITE_CHUNK {blockData=conID: 2 locID: 102739267223486479 bcsId: 0} | ret=SUCCESS |  
2019-09-05 09:46:47,223 | INFO  | SCMAudit | user=jenkins1000 | ip=192.168.69.64 | op=SEND_HEARTBEAT {datanodeUUID=c23920b9-2915-4dbd-979a-5f7980efe55e, command=[]} | ret=SUCCESS |  
2019-09-05 09:46:47,223 | INFO  | SCMAudit | user=jenkins1000 | ip=192.168.69.64 | op=SEND_HEARTBEAT {datanodeUUID=2f4d3d6f-61a0-4d94-8ca0-0e317f780ff7, command=[]} | ret=SUCCESS |  
2019-09-05 09:46:47,227 | INFO  | DNAudit | user=null | ip=null | op=WRITE_CHUNK {blockData=conID: 2 locID: 102739267223486479 bcsId: 0} | ret=SUCCESS |  
2019-09-05 09:46:47,232 [grpc-default-executor-10] INFO  client.GrpcClientProtocolClient (GrpcClientProtocolClient.java:onNext(255)) - client-FF2E016F9E58->c23920b9-2915-4dbd-979a-5f7980efe55e: receive RaftClientReply:client-FF2E016F9E58->c23920b9-2915-4dbd-979a-5f7980efe55e@group-D760EDA197CD, cid=189, SUCCESS, logIndex=1, commits[c23920b9-2915-4dbd-979a-5f7980efe55e:c1, 6b93c345-ca95-4de7-ba67-344940d63a9c:c0, 2f4d3d6f-61a0-4d94-8ca0-0e317f780ff7:c0]
2019-09-05 09:46:47,236 | INFO  | DNAudit | user=null | ip=null | op=WRITE_CHUNK {blockData=conID: 2 locID: 102739267223486479 bcsId: 0} | ret=SUCCESS |  
2019-09-05 09:46:47,237 | INFO  | DNAudit | user=null | ip=null | op=WRITE_CHUNK {blockData=conID: 2 locID: 102739267223486479 bcsId: 0} | ret=SUCCESS |  
2019-09-05 09:46:47,237 | INFO  | DNAudit | user=null | ip=null | op=WRITE_CHUNK {blockData=conID: 2 locID: 102739267223486479 bcsId: 0} | ret=SUCCESS |  
2019-09-05 09:46:47,237 | INFO  | DNAudit | user=null | ip=null | op=WRITE_CHUNK {blockData=conID: 2 locID: 102739267223486479 bcsId: 0} | ret=SUCCESS |  
2019-09-05 09:46:47,239 | INFO  | DNAudit | user=null | ip=null | op=WRITE_CHUNK {blockData=conID: 2 locID: 102739267223486479 bcsId: 0} | ret=SUCCESS |  
2019-09-05 09:46:47,239 | INFO  | DNAudit | user=null | ip=null | op=WRITE_CHUNK {blockData=conID: 2 locID: 102739267223486479 bcsId: 0} | ret=SUCCESS |  
2019-09-05 09:46:47,239 | INFO  | DNAudit | user=null | ip=null | op=WRITE_CHUNK {blockData=conID: 2 locID: 102739267223486479 bcsId: 0} | ret=SUCCESS |  
2019-09-05 09:46:47,239 | INFO  | DNAudit | user=null | ip=null | op=WRITE_CHUNK {blockData=conID: 2 locID: 102739267223486479 bcsId: 0} | ret=SUCCESS |  
2019-09-05 09:46:47,240 | INFO  | DNAudit | user=null | ip=null | op=WRITE_CHUNK {blockData=conID: 2 locID: 102739267223486479 bcsId: 0} | ret=SUCCESS |  
2019-09-05 09:46:47,240 | INFO  | DNAudit | user=null | ip=null | op=WRITE_CHUNK {blockData=conID: 2 locID: 102739267223486479 bcsId: 0} | ret=SUCCESS |  
2019-09-05 09:46:47,240 | INFO  | DNAudit | user=null | ip=null | op=WRITE_CHUNK {blockData=conID: 2 locID: 102739267223486479 bcsId: 0} | ret=SUCCESS |  
2019-09-05 09:46:47,242 | INFO  | DNAudit | user=null | ip=null | op=WRITE_CHUNK {blockData=conID: 2 locID: 102739267223486479 bcsId: 0} | ret=SUCCESS |  
2019-09-05 09:46:47,245 [grpc-default-executor-2] INFO  client.GrpcClientProtocolClient (GrpcClientProtocolClient.java:onNext(255)) - client-FF2E016F9E58->c23920b9-2915-4dbd-979a-5f7980efe55e: receive RaftClientReply:client-FF2E016F9E58->c23920b9-2915-4dbd-979a-5f7980efe55e@group-D760EDA197CD, cid=190, SUCCESS, logIndex=3, commits[c23920b9-2915-4dbd-979a-5f7980efe55e:c4, 6b93c345-ca95-4de7-ba67-344940d63a9c:c1, 2f4d3d6f-61a0-4d94-8ca0-0e317f780ff7:c1]
2019-09-05 09:46:47,274 | INFO  | DNAudit | user=null | ip=null | op=WRITE_CHUNK {blockData=conID: 2 locID: 102739267223486479 bcsId: 0} | ret=SUCCESS |  
2019-09-05 09:46:47,275 | INFO  | DNAudit | user=null | ip=null | op=WRITE_CHUNK {blockData=conID: 2 locID: 102739267223486479 bcsId: 0} | ret=SUCCESS |  
2019-09-05 09:46:47,352 | INFO  | DNAudit | user=null | ip=null | op=PUT_BLOCK {blockData=[blockId=conID: 2 locID: 102739267223486479 bcsId: 0,size=200]} | ret=SUCCESS |  
2019-09-05 09:46:47,353 | INFO  | DNAudit | user=null | ip=null | op=WRITE_CHUNK {blockData=conID: 2 locID: 102739267223486479 bcsId: 0} | ret=SUCCESS |  
2019-09-05 09:46:47,354 | INFO  | DNAudit | user=null | ip=null | op=WRITE_CHUNK {blockData=conID: 2 locID: 102739267223486479 bcsId: 0} | ret=SUCCESS |  
2019-09-05 09:46:47,355 [grpc-default-executor-2] INFO  client.GrpcClientProtocolClient (GrpcClientProtocolClient.java:onNext(255)) - client-FF2E016F9E58->c23920b9-2915-4dbd-979a-5f7980efe55e: receive RaftClientReply:client-FF2E016F9E58->c23920b9-2915-4dbd-979a-5f7980efe55e@group-D760EDA197CD, cid=191, SUCCESS, logIndex=4, commits[c23920b9-2915-4dbd-979a-5f7980efe55e:c11, 6b93c345-ca95-4de7-ba67-344940d63a9c:c7, 2f4d3d6f-61a0-4d94-8ca0-0e317f780ff7:c7]
2019-09-05 09:46:47,356 [grpc-default-executor-2] INFO  client.GrpcClientProtocolClient (GrpcClientProtocolClient.java:onNext(255)) - client-FF2E016F9E58->c23920b9-2915-4dbd-979a-5f7980efe55e: receive RaftClientReply:client-FF2E016F9E58->c23920b9-2915-4dbd-979a-5f7980efe55e@group-D760EDA197CD, cid=192, SUCCESS, logIndex=5, commits[c23920b9-2915-4dbd-979a-5f7980efe55e:c11, 6b93c345-ca95-4de7-ba67-344940d63a9c:c7, 2f4d3d6f-61a0-4d94-8ca0-0e317f780ff7:c7]
2019-09-05 09:46:47,357 [grpc-default-executor-2] INFO  client.GrpcClientProtocolClient (GrpcClientProtocolClient.java:onNext(255)) - client-FF2E016F9E58->c23920b9-2915-4dbd-979a-5f7980efe55e: receive RaftClientReply:client-FF2E016F9E58->c23920b9-2915-4dbd-979a-5f7980efe55e@group-D760EDA197CD, cid=193, SUCCESS, logIndex=6, commits[c23920b9-2915-4dbd-979a-5f7980efe55e:c11, 6b93c345-ca95-4de7-ba67-344940d63a9c:c7, 2f4d3d6f-61a0-4d94-8ca0-0e317f780ff7:c7]
2019-09-05 09:46:47,374 | INFO  | SCMAudit | user=jenkins1000 | ip=192.168.69.64 | op=SEND_HEARTBEAT {datanodeUUID=f8f65381-65cb-46be-b0c7-4fbcf30e723e, command=[]} | ret=SUCCESS |  
2019-09-05 09:46:47,419 | INFO  | SCMAudit | user=jenkins1000 | ip=192.168.69.64 | op=SEND_HEARTBEAT {datanodeUUID=a9783fcd-cf1c-48a2-b8c2-cbb078c8905c, command=[]} | ret=SUCCESS |  
2019-09-05 09:46:47,429 | INFO  | DNAudit | user=null | ip=null | op=PUT_BLOCK {blockData=[blockId=conID: 2 locID: 102739267223486479 bcsId: 0,size=200]} | ret=SUCCESS |  
2019-09-05 09:46:47,429 | INFO  | DNAudit | user=null | ip=null | op=WRITE_CHUNK {blockData=conID: 2 locID: 102739267223486479 bcsId: 0} | ret=SUCCESS |  
2019-09-05 09:46:47,430 | INFO  | DNAudit | user=null | ip=null | op=WRITE_CHUNK {blockData=conID: 2 locID: 102739267223486479 bcsId: 0} | ret=SUCCESS |  
2019-09-05 09:46:47,506 | INFO  | DNAudit | user=null | ip=null | op=PUT_BLOCK {blockData=[blockId=conID: 2 locID: 102739267223486479 bcsId: 0,size=200]} | ret=SUCCESS |  
2019-09-05 09:46:47,507 | INFO  | DNAudit | user=null | ip=null | op=WRITE_CHUNK {blockData=conID: 2 locID: 102739267223486479 bcsId: 0} | ret=SUCCESS |  
2019-09-05 09:46:47,507 | INFO  | DNAudit | user=null | ip=null | op=WRITE_CHUNK {blockData=conID: 2 locID: 102739267223486479 bcsId: 0} | ret=SUCCESS |  
2019-09-05 09:46:47,507 | INFO  | DNAudit | user=null | ip=null | op=PUT_BLOCK {blockData=[blockId=conID: 2 locID: 102739267223486479 bcsId: 0,size=400]} | ret=SUCCESS |  
2019-09-05 09:46:47,507 | INFO  | DNAudit | user=null | ip=null | op=PUT_BLOCK {blockData=[blockId=conID: 2 locID: 102739267223486479 bcsId: 0,size=400]} | ret=SUCCESS |  
2019-09-05 09:46:47,508 | INFO  | DNAudit | user=null | ip=null | op=PUT_BLOCK {blockData=[blockId=conID: 2 locID: 102739267223486479 bcsId: 0,size=400]} | ret=SUCCESS |  
2019-09-05 09:46:47,509 [grpc-default-executor-2] INFO  client.GrpcClientProtocolClient (GrpcClientProtocolClient.java:onNext(255)) - client-FF2E016F9E58->c23920b9-2915-4dbd-979a-5f7980efe55e: receive RaftClientReply:client-FF2E016F9E58->c23920b9-2915-4dbd-979a-5f7980efe55e@group-D760EDA197CD, cid=194, SUCCESS, logIndex=7, commits[c23920b9-2915-4dbd-979a-5f7980efe55e:c11, 6b93c345-ca95-4de7-ba67-344940d63a9c:c7, 2f4d3d6f-61a0-4d94-8ca0-0e317f780ff7:c7]
2019-09-05 09:46:47,514 | INFO  | DNAudit | user=null | ip=null | op=WRITE_CHUNK {blockData=conID: 2 locID: 102739267223486479 bcsId: 7} | ret=SUCCESS |  
2019-09-05 09:46:47,518 | INFO  | DNAudit | user=null | ip=null | op=WRITE_CHUNK {blockData=conID: 2 locID: 102739267223486479 bcsId: 7} | ret=SUCCESS |  
2019-09-05 09:46:47,518 | INFO  | DNAudit | user=null | ip=null | op=WRITE_CHUNK {blockData=conID: 2 locID: 102739267223486479 bcsId: 7} | ret=SUCCESS |  
2019-09-05 09:46:47,526 | INFO  | DNAudit | user=null | ip=null | op=WRITE_CHUNK {blockData=conID: 2 locID: 102739267223486479 bcsId: 7} | ret=SUCCESS |  
2019-09-05 09:46:47,527 | INFO  | DNAudit | user=null | ip=null | op=PUT_BLOCK {blockData=[blockId=conID: 2 locID: 102739267223486479 bcsId: 0,size=450]} | ret=SUCCESS |  
2019-09-05 09:46:47,528 [grpc-default-executor-10] INFO  client.GrpcClientProtocolClient (GrpcClientProtocolClient.java:onNext(255)) - client-FF2E016F9E58->c23920b9-2915-4dbd-979a-5f7980efe55e: receive RaftClientReply:client-FF2E016F9E58->c23920b9-2915-4dbd-979a-5f7980efe55e@group-D760EDA197CD, cid=195, SUCCESS, logIndex=12, commits[c23920b9-2915-4dbd-979a-5f7980efe55e:c13, 6b93c345-ca95-4de7-ba67-344940d63a9c:c11, 2f4d3d6f-61a0-4d94-8ca0-0e317f780ff7:c11]
2019-09-05 09:46:47,528 [grpc-default-executor-10] INFO  client.GrpcClientProtocolClient (GrpcClientProtocolClient.java:onNext(255)) - client-FF2E016F9E58->c23920b9-2915-4dbd-979a-5f7980efe55e: receive RaftClientReply:client-FF2E016F9E58->c23920b9-2915-4dbd-979a-5f7980efe55e@group-D760EDA197CD, cid=196, SUCCESS, logIndex=13, commits[c23920b9-2915-4dbd-979a-5f7980efe55e:c13, 6b93c345-ca95-4de7-ba67-344940d63a9c:c11, 2f4d3d6f-61a0-4d94-8ca0-0e317f780ff7:c11]
2019-09-05 09:46:47,535 | INFO  | DNAudit | user=null | ip=null | op=WRITE_CHUNK {blockData=conID: 2 locID: 102739267223486479 bcsId: 7} | ret=SUCCESS |  
2019-09-05 09:46:47,535 | INFO  | DNAudit | user=null | ip=null | op=WRITE_CHUNK {blockData=conID: 2 locID: 102739267223486479 bcsId: 7} | ret=SUCCESS |  
2019-09-05 09:46:47,536 | INFO  | DNAudit | user=null | ip=null | op=PUT_BLOCK {blockData=[blockId=conID: 2 locID: 102739267223486479 bcsId: 0,size=450]} | ret=SUCCESS |  
2019-09-05 09:46:47,536 | INFO  | DNAudit | user=null | ip=null | op=PUT_BLOCK {blockData=[blockId=conID: 2 locID: 102739267223486479 bcsId: 0,size=450]} | ret=SUCCESS |  
2019-09-05 09:46:47,540 [grpc-default-executor-10] INFO  client.GrpcClientProtocolClient (GrpcClientProtocolClient.java:onNext(255)) - client-FF2E016F9E58->c23920b9-2915-4dbd-979a-5f7980efe55e: receive RaftClientReply:client-FF2E016F9E58->c23920b9-2915-4dbd-979a-5f7980efe55e@group-D760EDA197CD, cid=197, SUCCESS, logIndex=0, commits[c23920b9-2915-4dbd-979a-5f7980efe55e:c14, 6b93c345-ca95-4de7-ba67-344940d63a9c:c13, 2f4d3d6f-61a0-4d94-8ca0-0e317f780ff7:c13]
2019-09-05 09:46:47,541 [main] INFO  ozone.MiniOzoneClusterImpl (MiniOzoneClusterImpl.java:shutdown(321)) - Shutting down the Mini Ozone Cluster
2019-09-05 09:46:47,541 | INFO  | SCMAudit | user=null | ip=null | op=GET_SCM_INFO null | ret=SUCCESS |  
2019-09-05 09:46:47,541 [main] INFO  ozone.MiniOzoneClusterImpl (MiniOzoneClusterImpl.java:stop(336)) - Stopping the Mini Ozone Cluster
2019-09-05 09:46:47,542 [main] INFO  ozone.MiniOzoneClusterImpl (MiniOzoneClusterImpl.java:stop(338)) - Stopping the OzoneManager
2019-09-05 09:46:47,542 [main] INFO  ipc.Server (Server.java:stop(3082)) - Stopping server on 46516
2019-09-05 09:46:47,555 [main] INFO  ratis.OzoneManagerDoubleBuffer (OzoneManagerDoubleBuffer.java:stop(248)) - Stopping OMDoubleBuffer flush thread
2019-09-05 09:46:47,558 [IPC Server Responder] INFO  ipc.Server (Server.java:run(1319)) - Stopping IPC Server Responder
2019-09-05 09:46:47,557 [IPC Server listener on 46516] INFO  ipc.Server (Server.java:run(1185)) - Stopping IPC Server listener on 46516
2019-09-05 09:46:47,563 [OMDoubleBufferFlushThread] INFO  ratis.OzoneManagerDoubleBuffer (OzoneManagerDoubleBuffer.java:flushTransactions(191)) - OMDoubleBuffer flush thread OMDoubleBufferFlushThread is interrupted and will exit. OMDoubleBufferFlushThread
2019-09-05 09:46:47,576 [main] INFO  utils.BackgroundService (BackgroundService.java:shutdown(148)) - Shutting down service KeyDeletingService
2019-09-05 09:46:47,577 [main] INFO  handler.ContextHandler (ContextHandler.java:doStop(910)) - Stopped o.e.j.w.WebAppContext@6e6ec9c{/,null,UNAVAILABLE}{/ozoneManager}
2019-09-05 09:46:47,578 [main] INFO  server.AbstractConnector (AbstractConnector.java:doStop(318)) - Stopped ServerConnector@7aecff85{HTTP/1.1,[http/1.1]}{0.0.0.0:0}
2019-09-05 09:46:47,578 [main] INFO  handler.ContextHandler (ContextHandler.java:doStop(910)) - Stopped o.e.j.s.ServletContextHandler@48900d4a{/static,file:///workdir/hadoop-ozone/integration-test/target/test-classes/webapps/static,UNAVAILABLE}
2019-09-05 09:46:47,579 [main] INFO  handler.ContextHandler (ContextHandler.java:doStop(910)) - Stopped o.e.j.s.ServletContextHandler@64455184{/logs,file:///workdir/hadoop-ozone/integration-test/target/log,UNAVAILABLE}
2019-09-05 09:46:47,582 [main] INFO  ozone.MiniOzoneClusterImpl (MiniOzoneClusterImpl.java:stop(344)) - Shutting the HddsDatanodes
2019-09-05 09:46:47,582 [main] INFO  datanode.ObjectStoreHandler (ObjectStoreHandler.java:close(155)) - Closing ObjectStoreHandler.
2019-09-05 09:46:47,582 [ForkJoinPool.commonPool-worker-0] INFO  datanode.ObjectStoreHandler (ObjectStoreHandler.java:close(155)) - Closing ObjectStoreHandler.
2019-09-05 09:46:47,583 [main] INFO  ozone.HddsDatanodeService (HddsDatanodeService.java:stop(451)) - Stopped plug-in org.apache.hadoop.ozone.web.OzoneHddsDatanodeService@19305a7c
2019-09-05 09:46:47,583 [ForkJoinPool.commonPool-worker-0] INFO  ozone.HddsDatanodeService (HddsDatanodeService.java:stop(451)) - Stopped plug-in org.apache.hadoop.ozone.web.OzoneHddsDatanodeService@402d45c6
2019-09-05 09:46:48,031 | INFO  | SCMAudit | user=jenkins1000 | ip=192.168.69.64 | op=SEND_HEARTBEAT {datanodeUUID=89855a1f-0ba7-4a60-bf74-368046649d6e, command=[]} | ret=SUCCESS |  
2019-09-05 09:46:48,192 | INFO  | SCMAudit | user=jenkins1000 | ip=192.168.69.64 | op=SEND_HEARTBEAT {datanodeUUID=6b93c345-ca95-4de7-ba67-344940d63a9c, command=[]} | ret=SUCCESS |  
2019-09-05 09:46:48,220 [Datanode State Machine Thread - 0] INFO  statemachine.DatanodeStateMachine (DatanodeStateMachine.java:lambda$startDaemon$0(350)) - Ozone container server started.
2019-09-05 09:46:48,221 | INFO  | SCMAudit | user=jenkins1000 | ip=192.168.69.64 | op=SEND_HEARTBEAT {datanodeUUID=c23920b9-2915-4dbd-979a-5f7980efe55e, command=[]} | ret=SUCCESS |  
2019-09-05 09:46:48,371 [Datanode State Machine Thread - 0] INFO  statemachine.DatanodeStateMachine (DatanodeStateMachine.java:lambda$startDaemon$0(350)) - Ozone container server started.
2019-09-05 09:46:48,420 | INFO  | SCMAudit | user=jenkins1000 | ip=192.168.69.64 | op=SEND_HEARTBEAT {datanodeUUID=a9783fcd-cf1c-48a2-b8c2-cbb078c8905c, command=[]} | ret=SUCCESS |  
2019-09-05 09:46:49,031 | INFO  | SCMAudit | user=jenkins1000 | ip=192.168.69.64 | op=SEND_HEARTBEAT {datanodeUUID=89855a1f-0ba7-4a60-bf74-368046649d6e, command=[]} | ret=SUCCESS |  
2019-09-05 09:46:49,192 [grpc-default-executor-10] WARN  server.GrpcLogAppender (LogUtils.java:warn(134)) - a9783fcd-cf1c-48a2-b8c2-cbb078c8905c->be6e9899-a2a0-4aaa-86a3-6f4de7c5e0ee: Failed appendEntries: org.apache.ratis.thirdparty.io.grpc.StatusRuntimeException: UNAVAILABLE: io exception
2019-09-05 09:46:49,192 | INFO  | SCMAudit | user=jenkins1000 | ip=192.168.69.64 | op=SEND_HEARTBEAT {datanodeUUID=6b93c345-ca95-4de7-ba67-344940d63a9c, command=[]} | ret=SUCCESS |  
2019-09-05 09:46:49,192 [grpc-default-executor-10] INFO  impl.FollowerInfo (FollowerInfo.java:lambda$new$0(50)) - a9783fcd-cf1c-48a2-b8c2-cbb078c8905c->be6e9899-a2a0-4aaa-86a3-6f4de7c5e0ee: nextIndex: updateUnconditionally 1 -> 0
2019-09-05 09:46:49,223 | INFO  | SCMAudit | user=jenkins1000 | ip=192.168.69.64 | op=SEND_HEARTBEAT {datanodeUUID=c23920b9-2915-4dbd-979a-5f7980efe55e, command=[]} | ret=SUCCESS |  
2019-09-05 09:46:49,420 | INFO  | SCMAudit | user=jenkins1000 | ip=192.168.69.64 | op=SEND_HEARTBEAT {datanodeUUID=a9783fcd-cf1c-48a2-b8c2-cbb078c8905c, command=[]} | ret=SUCCESS |  
2019-09-05 09:46:50,031 | INFO  | SCMAudit | user=jenkins1000 | ip=192.168.69.64 | op=SEND_HEARTBEAT {datanodeUUID=89855a1f-0ba7-4a60-bf74-368046649d6e, command=[]} | ret=SUCCESS |  
2019-09-05 09:46:50,193 | INFO  | SCMAudit | user=jenkins1000 | ip=192.168.69.64 | op=SEND_HEARTBEAT {datanodeUUID=6b93c345-ca95-4de7-ba67-344940d63a9c, command=[]} | ret=SUCCESS |  
2019-09-05 09:46:50,223 | INFO  | SCMAudit | user=jenkins1000 | ip=192.168.69.64 | op=SEND_HEARTBEAT {datanodeUUID=c23920b9-2915-4dbd-979a-5f7980efe55e, command=[]} | ret=SUCCESS |  
2019-09-05 09:46:50,420 | INFO  | SCMAudit | user=jenkins1000 | ip=192.168.69.64 | op=SEND_HEARTBEAT {datanodeUUID=a9783fcd-cf1c-48a2-b8c2-cbb078c8905c, command=[]} | ret=SUCCESS |  
2019-09-05 09:46:51,031 | INFO  | SCMAudit | user=jenkins1000 | ip=192.168.69.64 | op=SEND_HEARTBEAT {datanodeUUID=89855a1f-0ba7-4a60-bf74-368046649d6e, command=[]} | ret=SUCCESS |  
2019-09-05 09:46:51,192 | INFO  | SCMAudit | user=jenkins1000 | ip=192.168.69.64 | op=SEND_HEARTBEAT {datanodeUUID=6b93c345-ca95-4de7-ba67-344940d63a9c, command=[]} | ret=SUCCESS |  
2019-09-05 09:46:51,223 | INFO  | SCMAudit | user=jenkins1000 | ip=192.168.69.64 | op=SEND_HEARTBEAT {datanodeUUID=c23920b9-2915-4dbd-979a-5f7980efe55e, command=[]} | ret=SUCCESS |  
2019-09-05 09:46:51,420 | INFO  | SCMAudit | user=jenkins1000 | ip=192.168.69.64 | op=SEND_HEARTBEAT {datanodeUUID=a9783fcd-cf1c-48a2-b8c2-cbb078c8905c, command=[]} | ret=SUCCESS |  
2019-09-05 09:46:51,692 [grpc-default-executor-10] WARN  server.GrpcLogAppender (LogUtils.java:warn(134)) - a9783fcd-cf1c-48a2-b8c2-cbb078c8905c->be6e9899-a2a0-4aaa-86a3-6f4de7c5e0ee: Failed appendEntries: org.apache.ratis.thirdparty.io.grpc.StatusRuntimeException: UNAVAILABLE: io exception
2019-09-05 09:46:51,693 [grpc-default-executor-10] INFO  impl.FollowerInfo (FollowerInfo.java:lambda$new$0(50)) - a9783fcd-cf1c-48a2-b8c2-cbb078c8905c->be6e9899-a2a0-4aaa-86a3-6f4de7c5e0ee: nextIndex: updateUnconditionally 0 -> 0
2019-09-05 09:46:52,032 | INFO  | SCMAudit | user=jenkins1000 | ip=192.168.69.64 | op=SEND_HEARTBEAT {datanodeUUID=89855a1f-0ba7-4a60-bf74-368046649d6e, command=[]} | ret=SUCCESS |  
2019-09-05 09:46:52,192 | INFO  | SCMAudit | user=jenkins1000 | ip=192.168.69.64 | op=SEND_HEARTBEAT {datanodeUUID=6b93c345-ca95-4de7-ba67-344940d63a9c, command=[]} | ret=SUCCESS |  
2019-09-05 09:46:52,223 | INFO  | SCMAudit | user=jenkins1000 | ip=192.168.69.64 | op=SEND_HEARTBEAT {datanodeUUID=c23920b9-2915-4dbd-979a-5f7980efe55e, command=[]} | ret=SUCCESS |  
2019-09-05 09:46:52,298 [EventQueue-StaleNodeForStaleNodeHandler] INFO  node.StaleNodeHandler (StaleNodeHandler.java:onMessage(58)) - Datanode 2f4d3d6f-61a0-4d94-8ca0-0e317f780ff7{ip: 192.168.69.64, host: pr-hdds-1571-tgb5r-3650803683, networkLocation: /default-rack, certSerialId: null} moved to stale state. Finalizing its pipelines [PipelineID=afefde80-b1fd-453c-b658-d760eda197cd, PipelineID=3589c42e-9937-42df-8b24-079bb745d9d9]
2019-09-05 09:46:52,299 [EventQueue-StaleNodeForStaleNodeHandler] INFO  pipeline.SCMPipelineManager (SCMPipelineManager.java:finalizeAndDestroyPipeline(309)) - destroying pipeline:Pipeline[ Id: afefde80-b1fd-453c-b658-d760eda197cd, Nodes: 6b93c345-ca95-4de7-ba67-344940d63a9c{ip: 192.168.69.64, host: pr-hdds-1571-tgb5r-3650803683, networkLocation: /default-rack, certSerialId: null}2f4d3d6f-61a0-4d94-8ca0-0e317f780ff7{ip: 192.168.69.64, host: pr-hdds-1571-tgb5r-3650803683, networkLocation: /default-rack, certSerialId: null}c23920b9-2915-4dbd-979a-5f7980efe55e{ip: 192.168.69.64, host: pr-hdds-1571-tgb5r-3650803683, networkLocation: /default-rack, certSerialId: null}, Type:RATIS, Factor:THREE, State:OPEN]
2019-09-05 09:46:52,300 [EventQueue-StaleNodeForStaleNodeHandler] INFO  pipeline.PipelineStateManager (PipelineStateManager.java:finalizePipeline(123)) - Pipeline Pipeline[ Id: afefde80-b1fd-453c-b658-d760eda197cd, Nodes: 6b93c345-ca95-4de7-ba67-344940d63a9c{ip: 192.168.69.64, host: pr-hdds-1571-tgb5r-3650803683, networkLocation: /default-rack, certSerialId: null}2f4d3d6f-61a0-4d94-8ca0-0e317f780ff7{ip: 192.168.69.64, host: pr-hdds-1571-tgb5r-3650803683, networkLocation: /default-rack, certSerialId: null}c23920b9-2915-4dbd-979a-5f7980efe55e{ip: 192.168.69.64, host: pr-hdds-1571-tgb5r-3650803683, networkLocation: /default-rack, certSerialId: null}, Type:RATIS, Factor:THREE, State:CLOSED] moved to CLOSED state
2019-09-05 09:46:52,300 [EventQueue-CloseContainerForCloseContainerEventHandler] INFO  container.CloseContainerEventHandler (CloseContainerEventHandler.java:onMessage(61)) - Close container Event triggered for container : #2
2019-09-05 09:46:52,300 [EventQueue-StaleNodeForStaleNodeHandler] INFO  pipeline.SCMPipelineManager (SCMPipelineManager.java:finalizeAndDestroyPipeline(309)) - destroying pipeline:Pipeline[ Id: 3589c42e-9937-42df-8b24-079bb745d9d9, Nodes: 2f4d3d6f-61a0-4d94-8ca0-0e317f780ff7{ip: 192.168.69.64, host: pr-hdds-1571-tgb5r-3650803683, networkLocation: /default-rack, certSerialId: null}, Type:RATIS, Factor:ONE, State:OPEN]
2019-09-05 09:46:52,300 [EventQueue-StaleNodeForStaleNodeHandler] INFO  pipeline.PipelineStateManager (PipelineStateManager.java:finalizePipeline(123)) - Pipeline Pipeline[ Id: 3589c42e-9937-42df-8b24-079bb745d9d9, Nodes: 2f4d3d6f-61a0-4d94-8ca0-0e317f780ff7{ip: 192.168.69.64, host: pr-hdds-1571-tgb5r-3650803683, networkLocation: /default-rack, certSerialId: null}, Type:RATIS, Factor:ONE, State:CLOSED] moved to CLOSED state
2019-09-05 09:46:52,398 [EventQueue-StaleNodeForStaleNodeHandler] INFO  node.StaleNodeHandler (StaleNodeHandler.java:onMessage(58)) - Datanode f8f65381-65cb-46be-b0c7-4fbcf30e723e{ip: 192.168.69.64, host: pr-hdds-1571-tgb5r-3650803683, networkLocation: /default-rack, certSerialId: null} moved to stale state. Finalizing its pipelines [PipelineID=b07db64f-4bd5-4b52-80db-911d640f0e98, PipelineID=ea24d024-fb3a-4869-b4db-31c510c68226]
2019-09-05 09:46:52,399 [EventQueue-StaleNodeForStaleNodeHandler] INFO  pipeline.SCMPipelineManager (SCMPipelineManager.java:finalizeAndDestroyPipeline(309)) - destroying pipeline:Pipeline[ Id: b07db64f-4bd5-4b52-80db-911d640f0e98, Nodes: be6e9899-a2a0-4aaa-86a3-6f4de7c5e0ee{ip: 192.168.69.64, host: pr-hdds-1571-tgb5r-3650803683, networkLocation: /default-rack, certSerialId: null}f8f65381-65cb-46be-b0c7-4fbcf30e723e{ip: 192.168.69.64, host: pr-hdds-1571-tgb5r-3650803683, networkLocation: /default-rack, certSerialId: null}a9783fcd-cf1c-48a2-b8c2-cbb078c8905c{ip: 192.168.69.64, host: pr-hdds-1571-tgb5r-3650803683, networkLocation: /default-rack, certSerialId: null}, Type:RATIS, Factor:THREE, State:CLOSED]
2019-09-05 09:46:52,399 [EventQueue-StaleNodeForStaleNodeHandler] INFO  pipeline.SCMPipelineManager (SCMPipelineManager.java:finalizeAndDestroyPipeline(309)) - destroying pipeline:Pipeline[ Id: ea24d024-fb3a-4869-b4db-31c510c68226, Nodes: f8f65381-65cb-46be-b0c7-4fbcf30e723e{ip: 192.168.69.64, host: pr-hdds-1571-tgb5r-3650803683, networkLocation: /default-rack, certSerialId: null}, Type:RATIS, Factor:ONE, State:OPEN]
2019-09-05 09:46:52,399 [EventQueue-StaleNodeForStaleNodeHandler] INFO  pipeline.PipelineStateManager (PipelineStateManager.java:finalizePipeline(123)) - Pipeline Pipeline[ Id: ea24d024-fb3a-4869-b4db-31c510c68226, Nodes: f8f65381-65cb-46be-b0c7-4fbcf30e723e{ip: 192.168.69.64, host: pr-hdds-1571-tgb5r-3650803683, networkLocation: /default-rack, certSerialId: null}, Type:RATIS, Factor:ONE, State:CLOSED] moved to CLOSED state
2019-09-05 09:46:52,421 | INFO  | SCMAudit | user=jenkins1000 | ip=192.168.69.64 | op=SEND_HEARTBEAT {datanodeUUID=a9783fcd-cf1c-48a2-b8c2-cbb078c8905c, command=[]} | ret=SUCCESS |  
2019-09-05 09:46:52,585 [main] INFO  ozoneimpl.OzoneContainer (OzoneContainer.java:stop(199)) - Attempting to stop container services.
2019-09-05 09:46:52,585 [ForkJoinPool.commonPool-worker-0] INFO  ozoneimpl.OzoneContainer (OzoneContainer.java:stop(199)) - Attempting to stop container services.
2019-09-05 09:46:52,586 [main] INFO  impl.RaftServerProxy (RaftServerProxy.java:lambda$close$4(314)) - f8f65381-65cb-46be-b0c7-4fbcf30e723e: close
2019-09-05 09:46:52,586 [ForkJoinPool.commonPool-worker-0] INFO  impl.RaftServerProxy (RaftServerProxy.java:lambda$close$4(314)) - 2f4d3d6f-61a0-4d94-8ca0-0e317f780ff7: close
2019-09-05 09:46:52,586 [main] INFO  impl.RaftServerImpl (RaftServerImpl.java:lambda$shutdown$3(245)) - f8f65381-65cb-46be-b0c7-4fbcf30e723e: shutdown group-911D640F0E98
2019-09-05 09:46:52,587 [ForkJoinPool.commonPool-worker-0] INFO  impl.RaftServerImpl (RaftServerImpl.java:lambda$shutdown$3(245)) - 2f4d3d6f-61a0-4d94-8ca0-0e317f780ff7: shutdown group-D760EDA197CD
2019-09-05 09:46:52,587 [main] INFO  util.JmxRegister (JmxRegister.java:unregister(73)) - Successfully un-registered JMX Bean with object name Ratis:service=RaftServer,group=group-911D640F0E98,id=f8f65381-65cb-46be-b0c7-4fbcf30e723e
2019-09-05 09:46:52,588 [main] INFO  impl.RoleInfo (RoleInfo.java:shutdownFollowerState(121)) - f8f65381-65cb-46be-b0c7-4fbcf30e723e: shutdown FollowerState
2019-09-05 09:46:52,587 [ForkJoinPool.commonPool-worker-0] INFO  util.JmxRegister (JmxRegister.java:unregister(73)) - Successfully un-registered JMX Bean with object name Ratis:service=RaftServer,group=group-D760EDA197CD,id=2f4d3d6f-61a0-4d94-8ca0-0e317f780ff7
2019-09-05 09:46:52,588 [Thread-3781] INFO  impl.FollowerState (FollowerState.java:run(114)) - f8f65381-65cb-46be-b0c7-4fbcf30e723e: FollowerState was interrupted: java.lang.InterruptedException: sleep interrupted
2019-09-05 09:46:52,588 [StateMachineUpdater:f8f65381-65cb-46be-b0c7-4fbcf30e723e:group-911D640F0E98] INFO  ratis.ContainerStateMachine (ContainerStateMachine.java:takeSnapshot(283)) - group-911D640F0E98: Taking a snapshot at:(t:1, i:14) file /workdir/hadoop-ozone/integration-test/target/test-dir/MiniOzoneClusterImpl-ff056e79-355c-4fb1-b6e7-2d545f6c46f0/datanode-4/data/ratis/b07db64f-4bd5-4b52-80db-911d640f0e98/sm/snapshot.1_14
2019-09-05 09:46:52,588 [main] INFO  impl.StateMachineUpdater (StateMachineUpdater.java:stopAndJoin(115)) - StateMachineUpdater:f8f65381-65cb-46be-b0c7-4fbcf30e723e:group-911D640F0E98: set stopIndex = 18
2019-09-05 09:46:52,588 [ForkJoinPool.commonPool-worker-0] INFO  impl.RoleInfo (RoleInfo.java:shutdownFollowerState(121)) - 2f4d3d6f-61a0-4d94-8ca0-0e317f780ff7: shutdown FollowerState
2019-09-05 09:46:52,592 [ForkJoinPool.commonPool-worker-0] INFO  impl.StateMachineUpdater (StateMachineUpdater.java:stopAndJoin(115)) - StateMachineUpdater:2f4d3d6f-61a0-4d94-8ca0-0e317f780ff7:group-D760EDA197CD: set stopIndex = 15
2019-09-05 09:46:52,592 [Thread-3640] INFO  impl.FollowerState (FollowerState.java:run(114)) - 2f4d3d6f-61a0-4d94-8ca0-0e317f780ff7: FollowerState was interrupted: java.lang.InterruptedException: sleep interrupted
2019-09-05 09:46:52,592 [StateMachineUpdater:2f4d3d6f-61a0-4d94-8ca0-0e317f780ff7:group-D760EDA197CD] INFO  ratis.ContainerStateMachine (ContainerStateMachine.java:takeSnapshot(283)) - group-D760EDA197CD: Taking a snapshot at:(t:1, i:13) file /workdir/hadoop-ozone/integration-test/target/test-dir/MiniOzoneClusterImpl-ff056e79-355c-4fb1-b6e7-2d545f6c46f0/datanode-1/data/ratis/afefde80-b1fd-453c-b658-d760eda197cd/sm/snapshot.1_13
2019-09-05 09:46:52,622 [StateMachineUpdater:f8f65381-65cb-46be-b0c7-4fbcf30e723e:group-911D640F0E98] INFO  ratis.ContainerStateMachine (ContainerStateMachine.java:takeSnapshot(294)) - group-911D640F0E98: Finished taking a snapshot at:(t:1, i:14) file:/workdir/hadoop-ozone/integration-test/target/test-dir/MiniOzoneClusterImpl-ff056e79-355c-4fb1-b6e7-2d545f6c46f0/datanode-4/data/ratis/b07db64f-4bd5-4b52-80db-911d640f0e98/sm/snapshot.1_14 time:33
2019-09-05 09:46:52,622 [StateMachineUpdater:2f4d3d6f-61a0-4d94-8ca0-0e317f780ff7:group-D760EDA197CD] INFO  ratis.ContainerStateMachine (ContainerStateMachine.java:takeSnapshot(294)) - group-D760EDA197CD: Finished taking a snapshot at:(t:1, i:13) file:/workdir/hadoop-ozone/integration-test/target/test-dir/MiniOzoneClusterImpl-ff056e79-355c-4fb1-b6e7-2d545f6c46f0/datanode-1/data/ratis/afefde80-b1fd-453c-b658-d760eda197cd/sm/snapshot.1_13 time:30
2019-09-05 09:46:52,622 [StateMachineUpdater:f8f65381-65cb-46be-b0c7-4fbcf30e723e:group-911D640F0E98] INFO  impl.StateMachineUpdater (StateMachineUpdater.java:takeSnapshot(242)) - StateMachineUpdater:f8f65381-65cb-46be-b0c7-4fbcf30e723e:group-911D640F0E98: Took a snapshot at index 14
2019-09-05 09:46:52,622 [StateMachineUpdater:2f4d3d6f-61a0-4d94-8ca0-0e317f780ff7:group-D760EDA197CD] INFO  impl.StateMachineUpdater (StateMachineUpdater.java:takeSnapshot(242)) - StateMachineUpdater:2f4d3d6f-61a0-4d94-8ca0-0e317f780ff7:group-D760EDA197CD: Took a snapshot at index 13
2019-09-05 09:46:52,622 [StateMachineUpdater:f8f65381-65cb-46be-b0c7-4fbcf30e723e:group-911D640F0E98] INFO  impl.StateMachineUpdater (StateMachineUpdater.java:lambda$new$0(80)) - StateMachineUpdater:f8f65381-65cb-46be-b0c7-4fbcf30e723e:group-911D640F0E98: snapshotIndex: updateIncreasingly -1 -> 14
2019-09-05 09:46:52,622 [StateMachineUpdater:2f4d3d6f-61a0-4d94-8ca0-0e317f780ff7:group-D760EDA197CD] INFO  impl.StateMachineUpdater (StateMachineUpdater.java:lambda$new$0(80)) - StateMachineUpdater:2f4d3d6f-61a0-4d94-8ca0-0e317f780ff7:group-D760EDA197CD: snapshotIndex: updateIncreasingly -1 -> 13
2019-09-05 09:46:52,623 [main] INFO  impl.RaftServerImpl (ServerState.java:close(394)) - f8f65381-65cb-46be-b0c7-4fbcf30e723e:group-911D640F0E98 closes. The last applied log index is 18
2019-09-05 09:46:52,623 [ForkJoinPool.commonPool-worker-0] INFO  impl.RaftServerImpl (ServerState.java:close(394)) - 2f4d3d6f-61a0-4d94-8ca0-0e317f780ff7:group-D760EDA197CD closes. The last applied log index is 15
2019-09-05 09:46:52,624 [f8f65381-65cb-46be-b0c7-4fbcf30e723e-SegmentedRaftLogWorker:Storage Directory /workdir/hadoop-ozone/integration-test/target/test-dir/MiniOzoneClusterImpl-ff056e79-355c-4fb1-b6e7-2d545f6c46f0/datanode-4/data/ratis/b07db64f-4bd5-4b52-80db-911d640f0e98] INFO  segmented.SegmentedRaftLogWorker (SegmentedRaftLogWorker.java:run(313)) - f8f65381-65cb-46be-b0c7-4fbcf30e723e-SegmentedRaftLogWorker:Storage Directory /workdir/hadoop-ozone/integration-test/target/test-dir/MiniOzoneClusterImpl-ff056e79-355c-4fb1-b6e7-2d545f6c46f0/datanode-4/data/ratis/b07db64f-4bd5-4b52-80db-911d640f0e98 was interrupted, exiting. There are 0 tasks remaining in the queue.
2019-09-05 09:46:52,624 [2f4d3d6f-61a0-4d94-8ca0-0e317f780ff7-SegmentedRaftLogWorker:Storage Directory /workdir/hadoop-ozone/integration-test/target/test-dir/MiniOzoneClusterImpl-ff056e79-355c-4fb1-b6e7-2d545f6c46f0/datanode-1/data/ratis/afefde80-b1fd-453c-b658-d760eda197cd] INFO  segmented.SegmentedRaftLogWorker (SegmentedRaftLogWorker.java:run(313)) - 2f4d3d6f-61a0-4d94-8ca0-0e317f780ff7-SegmentedRaftLogWorker:Storage Directory /workdir/hadoop-ozone/integration-test/target/test-dir/MiniOzoneClusterImpl-ff056e79-355c-4fb1-b6e7-2d545f6c46f0/datanode-1/data/ratis/afefde80-b1fd-453c-b658-d760eda197cd was interrupted, exiting. There are 0 tasks remaining in the queue.
2019-09-05 09:46:52,626 [main] INFO  segmented.SegmentedRaftLogWorker (SegmentedRaftLogWorker.java:close(228)) - f8f65381-65cb-46be-b0c7-4fbcf30e723e-SegmentedRaftLogWorker:Storage Directory /workdir/hadoop-ozone/integration-test/target/test-dir/MiniOzoneClusterImpl-ff056e79-355c-4fb1-b6e7-2d545f6c46f0/datanode-4/data/ratis/b07db64f-4bd5-4b52-80db-911d640f0e98 close()
2019-09-05 09:46:52,629 [ForkJoinPool.commonPool-worker-0] INFO  segmented.SegmentedRaftLogWorker (SegmentedRaftLogWorker.java:close(228)) - 2f4d3d6f-61a0-4d94-8ca0-0e317f780ff7-SegmentedRaftLogWorker:Storage Directory /workdir/hadoop-ozone/integration-test/target/test-dir/MiniOzoneClusterImpl-ff056e79-355c-4fb1-b6e7-2d545f6c46f0/datanode-1/data/ratis/afefde80-b1fd-453c-b658-d760eda197cd close()
2019-09-05 09:46:52,633 [main] INFO  impl.RaftServerImpl (RaftServerImpl.java:lambda$shutdown$3(245)) - f8f65381-65cb-46be-b0c7-4fbcf30e723e: shutdown group-31C510C68226
2019-09-05 09:46:52,637 [ForkJoinPool.commonPool-worker-0] INFO  impl.RaftServerImpl (RaftServerImpl.java:lambda$shutdown$3(245)) - 2f4d3d6f-61a0-4d94-8ca0-0e317f780ff7: shutdown group-079BB745D9D9
2019-09-05 09:46:52,637 [main] INFO  util.JmxRegister (JmxRegister.java:unregister(73)) - Successfully un-registered JMX Bean with object name Ratis:service=RaftServer,group=group-31C510C68226,id=f8f65381-65cb-46be-b0c7-4fbcf30e723e
2019-09-05 09:46:52,638 [main] INFO  impl.RoleInfo (RoleInfo.java:shutdownLeaderState(104)) - f8f65381-65cb-46be-b0c7-4fbcf30e723e: shutdown LeaderState
2019-09-05 09:46:52,638 [ForkJoinPool.commonPool-worker-0] INFO  util.JmxRegister (JmxRegister.java:unregister(73)) - Successfully un-registered JMX Bean with object name Ratis:service=RaftServer,group=group-079BB745D9D9,id=2f4d3d6f-61a0-4d94-8ca0-0e317f780ff7
2019-09-05 09:46:52,639 [main] INFO  impl.PendingRequests (PendingRequests.java:sendNotLeaderResponses(202)) - f8f65381-65cb-46be-b0c7-4fbcf30e723e-PendingRequests: sendNotLeaderResponses
2019-09-05 09:46:52,639 [ForkJoinPool.commonPool-worker-0] INFO  impl.RoleInfo (RoleInfo.java:shutdownLeaderState(104)) - 2f4d3d6f-61a0-4d94-8ca0-0e317f780ff7: shutdown LeaderState
2019-09-05 09:46:52,639 [main] INFO  impl.StateMachineUpdater (StateMachineUpdater.java:stopAndJoin(115)) - StateMachineUpdater:f8f65381-65cb-46be-b0c7-4fbcf30e723e:group-31C510C68226: set stopIndex = 0
2019-09-05 09:46:52,640 [ForkJoinPool.commonPool-worker-0] INFO  impl.PendingRequests (PendingRequests.java:sendNotLeaderResponses(202)) - 2f4d3d6f-61a0-4d94-8ca0-0e317f780ff7-PendingRequests: sendNotLeaderResponses
2019-09-05 09:46:52,640 [main] INFO  impl.RaftServerImpl (ServerState.java:close(394)) - f8f65381-65cb-46be-b0c7-4fbcf30e723e:group-31C510C68226 closes. The last applied log index is 0
2019-09-05 09:46:52,641 [ForkJoinPool.commonPool-worker-0] INFO  impl.StateMachineUpdater (StateMachineUpdater.java:stopAndJoin(115)) - StateMachineUpdater:2f4d3d6f-61a0-4d94-8ca0-0e317f780ff7:group-079BB745D9D9: set stopIndex = 0
2019-09-05 09:46:52,641 [f8f65381-65cb-46be-b0c7-4fbcf30e723e-SegmentedRaftLogWorker:Storage Directory /workdir/hadoop-ozone/integration-test/target/test-dir/MiniOzoneClusterImpl-ff056e79-355c-4fb1-b6e7-2d545f6c46f0/datanode-4/data/ratis/ea24d024-fb3a-4869-b4db-31c510c68226] INFO  segmented.SegmentedRaftLogWorker (SegmentedRaftLogWorker.java:run(313)) - f8f65381-65cb-46be-b0c7-4fbcf30e723e-SegmentedRaftLogWorker:Storage Directory /workdir/hadoop-ozone/integration-test/target/test-dir/MiniOzoneClusterImpl-ff056e79-355c-4fb1-b6e7-2d545f6c46f0/datanode-4/data/ratis/ea24d024-fb3a-4869-b4db-31c510c68226 was interrupted, exiting. There are 0 tasks remaining in the queue.
2019-09-05 09:46:52,641 [ForkJoinPool.commonPool-worker-0] INFO  impl.RaftServerImpl (ServerState.java:close(394)) - 2f4d3d6f-61a0-4d94-8ca0-0e317f780ff7:group-079BB745D9D9 closes. The last applied log index is 0
2019-09-05 09:46:52,643 [main] INFO  segmented.SegmentedRaftLogWorker (SegmentedRaftLogWorker.java:close(228)) - f8f65381-65cb-46be-b0c7-4fbcf30e723e-SegmentedRaftLogWorker:Storage Directory /workdir/hadoop-ozone/integration-test/target/test-dir/MiniOzoneClusterImpl-ff056e79-355c-4fb1-b6e7-2d545f6c46f0/datanode-4/data/ratis/ea24d024-fb3a-4869-b4db-31c510c68226 close()
2019-09-05 09:46:52,644 [2f4d3d6f-61a0-4d94-8ca0-0e317f780ff7-SegmentedRaftLogWorker:Storage Directory /workdir/hadoop-ozone/integration-test/target/test-dir/MiniOzoneClusterImpl-ff056e79-355c-4fb1-b6e7-2d545f6c46f0/datanode-1/data/ratis/3589c42e-9937-42df-8b24-079bb745d9d9] INFO  segmented.SegmentedRaftLogWorker (SegmentedRaftLogWorker.java:run(313)) - 2f4d3d6f-61a0-4d94-8ca0-0e317f780ff7-SegmentedRaftLogWorker:Storage Directory /workdir/hadoop-ozone/integration-test/target/test-dir/MiniOzoneClusterImpl-ff056e79-355c-4fb1-b6e7-2d545f6c46f0/datanode-1/data/ratis/3589c42e-9937-42df-8b24-079bb745d9d9 was interrupted, exiting. There are 0 tasks remaining in the queue.
2019-09-05 09:46:52,648 [main] INFO  server.GrpcService (GrpcService.java:closeImpl(155)) - f8f65381-65cb-46be-b0c7-4fbcf30e723e: shutdown server with port 44993 now
2019-09-05 09:46:52,650 [ForkJoinPool.commonPool-worker-0] INFO  segmented.SegmentedRaftLogWorker (SegmentedRaftLogWorker.java:close(228)) - 2f4d3d6f-61a0-4d94-8ca0-0e317f780ff7-SegmentedRaftLogWorker:Storage Directory /workdir/hadoop-ozone/integration-test/target/test-dir/MiniOzoneClusterImpl-ff056e79-355c-4fb1-b6e7-2d545f6c46f0/datanode-1/data/ratis/3589c42e-9937-42df-8b24-079bb745d9d9 close()
2019-09-05 09:46:52,654 [ForkJoinPool.commonPool-worker-0] INFO  server.GrpcService (GrpcService.java:closeImpl(155)) - 2f4d3d6f-61a0-4d94-8ca0-0e317f780ff7: shutdown server with port 34430 now
2019-09-05 09:46:52,654 [grpc-default-executor-2] WARN  server.GrpcServerProtocolService (LogUtils.java:warn(134)) - f8f65381-65cb-46be-b0c7-4fbcf30e723e: appendEntries onError: org.apache.ratis.thirdparty.io.grpc.StatusRuntimeException: CANCELLED: cancelled before receiving half close
2019-09-05 09:46:52,654 [main] INFO  server.GrpcService (GrpcService.java:closeImpl(163)) - f8f65381-65cb-46be-b0c7-4fbcf30e723e: shutdown server with port 44993 successfully
2019-09-05 09:46:52,655 [grpc-default-executor-2] WARN  server.GrpcLogAppender (LogUtils.java:warn(134)) - c23920b9-2915-4dbd-979a-5f7980efe55e->2f4d3d6f-61a0-4d94-8ca0-0e317f780ff7: Failed appendEntries: org.apache.ratis.thirdparty.io.grpc.StatusRuntimeException: CANCELLED: HTTP/2 error code: CANCEL
Received Rst Stream
2019-09-05 09:46:52,655 [ForkJoinPool.commonPool-worker-0] INFO  server.GrpcService (GrpcService.java:closeImpl(163)) - 2f4d3d6f-61a0-4d94-8ca0-0e317f780ff7: shutdown server with port 34430 successfully
2019-09-05 09:46:52,654 [grpc-default-executor-10] WARN  server.GrpcServerProtocolService (LogUtils.java:warn(134)) - 2f4d3d6f-61a0-4d94-8ca0-0e317f780ff7: appendEntries onError: org.apache.ratis.thirdparty.io.grpc.StatusRuntimeException: CANCELLED: cancelled before receiving half close
2019-09-05 09:46:52,654 [grpc-default-executor-11] WARN  server.GrpcLogAppender (LogUtils.java:warn(134)) - a9783fcd-cf1c-48a2-b8c2-cbb078c8905c->f8f65381-65cb-46be-b0c7-4fbcf30e723e: Failed appendEntries: org.apache.ratis.thirdparty.io.grpc.StatusRuntimeException: CANCELLED: HTTP/2 error code: CANCEL
Received Rst Stream
2019-09-05 09:46:52,655 [grpc-default-executor-2] INFO  impl.FollowerInfo (FollowerInfo.java:lambda$new$0(50)) - c23920b9-2915-4dbd-979a-5f7980efe55e->2f4d3d6f-61a0-4d94-8ca0-0e317f780ff7: nextIndex: updateUnconditionally 16 -> 15
2019-09-05 09:46:52,656 [main] INFO  utils.BackgroundService (BackgroundService.java:shutdown(148)) - Shutting down service BlockDeletingService
2019-09-05 09:46:52,656 [grpc-default-executor-11] INFO  impl.FollowerInfo (FollowerInfo.java:lambda$new$0(50)) - a9783fcd-cf1c-48a2-b8c2-cbb078c8905c->f8f65381-65cb-46be-b0c7-4fbcf30e723e: nextIndex: updateUnconditionally 19 -> 18
2019-09-05 09:46:52,658 [ForkJoinPool.commonPool-worker-0] INFO  utils.BackgroundService (BackgroundService.java:shutdown(148)) - Shutting down service BlockDeletingService
2019-09-05 09:46:52,659 [refreshUsed-/workdir/hadoop-ozone/integration-test/target/test-dir/MiniOzoneClusterImpl-ff056e79-355c-4fb1-b6e7-2d545f6c46f0/datanode-4/data/containers] WARN  fs.CachingGetSpaceUsed (CachingGetSpaceUsed.java:run(183)) - Thread Interrupted waiting to refresh disk information: sleep interrupted
2019-09-05 09:46:52,661 [refreshUsed-/workdir/hadoop-ozone/integration-test/target/test-dir/MiniOzoneClusterImpl-ff056e79-355c-4fb1-b6e7-2d545f6c46f0/datanode-1/data/containers] WARN  fs.CachingGetSpaceUsed (CachingGetSpaceUsed.java:run(183)) - Thread Interrupted waiting to refresh disk information: sleep interrupted
2019-09-05 09:46:52,684 [ForkJoinPool.commonPool-worker-0] INFO  statemachine.DatanodeStateMachine (DatanodeStateMachine.java:stopDaemon(395)) - Ozone container server stopped.
2019-09-05 09:46:52,688 [ForkJoinPool.commonPool-worker-0] INFO  handler.ContextHandler (ContextHandler.java:doStop(910)) - Stopped o.e.j.w.WebAppContext@59fa5a39{/,null,UNAVAILABLE}{/hddsDatanode}
2019-09-05 09:46:52,689 [ForkJoinPool.commonPool-worker-0] INFO  server.AbstractConnector (AbstractConnector.java:doStop(318)) - Stopped ServerConnector@6dccdc50{HTTP/1.1,[http/1.1]}{0.0.0.0:0}
2019-09-05 09:46:52,691 [ForkJoinPool.commonPool-worker-0] INFO  handler.ContextHandler (ContextHandler.java:doStop(910)) - Stopped o.e.j.s.ServletContextHandler@77a13162{/static,jar:file:/home/user/.m2/repository/org/apache/hadoop/hadoop-hdds-container-service/0.5.0-SNAPSHOT/hadoop-hdds-container-service-0.5.0-SNAPSHOT.jar!/webapps/static,UNAVAILABLE}
2019-09-05 09:46:52,692 [ForkJoinPool.commonPool-worker-0] INFO  handler.ContextHandler (ContextHandler.java:doStop(910)) - Stopped o.e.j.s.ServletContextHandler@329b4b8b{/logs,file:///workdir/hadoop-ozone/integration-test/target/log,UNAVAILABLE}
2019-09-05 09:46:52,693 [ForkJoinPool.commonPool-worker-0] INFO  datanode.ObjectStoreHandler (ObjectStoreHandler.java:close(155)) - Closing ObjectStoreHandler.
2019-09-05 09:46:52,694 [ForkJoinPool.commonPool-worker-0] INFO  ozone.HddsDatanodeService (HddsDatanodeService.java:stop(451)) - Stopped plug-in org.apache.hadoop.ozone.web.OzoneHddsDatanodeService@67b5da40
2019-09-05 09:46:52,698 [main] INFO  statemachine.DatanodeStateMachine (DatanodeStateMachine.java:stopDaemon(395)) - Ozone container server stopped.
2019-09-05 09:46:52,699 [main] INFO  handler.ContextHandler (ContextHandler.java:doStop(910)) - Stopped o.e.j.w.WebAppContext@2daf650b{/,null,UNAVAILABLE}{/hddsDatanode}
2019-09-05 09:46:52,700 [main] INFO  server.AbstractConnector (AbstractConnector.java:doStop(318)) - Stopped ServerConnector@4d7a4317{HTTP/1.1,[http/1.1]}{0.0.0.0:0}
2019-09-05 09:46:52,701 [main] INFO  handler.ContextHandler (ContextHandler.java:doStop(910)) - Stopped o.e.j.s.ServletContextHandler@6872201{/static,jar:file:/home/user/.m2/repository/org/apache/hadoop/hadoop-hdds-container-service/0.5.0-SNAPSHOT/hadoop-hdds-container-service-0.5.0-SNAPSHOT.jar!/webapps/static,UNAVAILABLE}
2019-09-05 09:46:52,701 [main] INFO  handler.ContextHandler (ContextHandler.java:doStop(910)) - Stopped o.e.j.s.ServletContextHandler@5854e526{/logs,file:///workdir/hadoop-ozone/integration-test/target/log,UNAVAILABLE}
2019-09-05 09:46:52,702 [main] INFO  datanode.ObjectStoreHandler (ObjectStoreHandler.java:close(155)) - Closing ObjectStoreHandler.
2019-09-05 09:46:52,702 [main] INFO  ozone.HddsDatanodeService (HddsDatanodeService.java:stop(451)) - Stopped plug-in org.apache.hadoop.ozone.web.OzoneHddsDatanodeService@77c8b276
2019-09-05 09:46:53,032 | INFO  | SCMAudit | user=jenkins1000 | ip=192.168.69.64 | op=SEND_HEARTBEAT {datanodeUUID=89855a1f-0ba7-4a60-bf74-368046649d6e, command=[]} | ret=SUCCESS |  
2019-09-05 09:46:53,193 | INFO  | SCMAudit | user=jenkins1000 | ip=192.168.69.64 | op=SEND_HEARTBEAT {datanodeUUID=6b93c345-ca95-4de7-ba67-344940d63a9c, command=[commandType: closeContainerCommand closeContainerCommandProto { containerID: 2 pipelineID { id: "afefde80-b1fd-453c-b658-d760eda197cd" } cmdId: 2 force: false } ]} | ret=SUCCESS |  
2019-09-05 09:46:53,223 [Datanode State Machine Thread - 0] INFO  statemachine.DatanodeStateMachine (DatanodeStateMachine.java:lambda$startDaemon$0(350)) - Ozone container server started.
2019-09-05 09:46:53,419 [Datanode State Machine Thread - 0] INFO  statemachine.DatanodeStateMachine (DatanodeStateMachine.java:lambda$startDaemon$0(350)) - Ozone container server started.
2019-09-05 09:46:54,032 | INFO  | SCMAudit | user=jenkins1000 | ip=192.168.69.64 | op=SEND_HEARTBEAT {datanodeUUID=89855a1f-0ba7-4a60-bf74-368046649d6e, command=[]} | ret=SUCCESS |  
2019-09-05 09:46:54,181 [grpc-default-executor-10] WARN  server.GrpcLogAppender (LogUtils.java:warn(134)) - a9783fcd-cf1c-48a2-b8c2-cbb078c8905c->f8f65381-65cb-46be-b0c7-4fbcf30e723e: Failed appendEntries: org.apache.ratis.thirdparty.io.grpc.StatusRuntimeException: UNAVAILABLE: io exception
2019-09-05 09:46:54,181 [grpc-default-executor-10] INFO  impl.FollowerInfo (FollowerInfo.java:lambda$new$0(50)) - a9783fcd-cf1c-48a2-b8c2-cbb078c8905c->f8f65381-65cb-46be-b0c7-4fbcf30e723e: nextIndex: updateUnconditionally 18 -> 17
2019-09-05 09:46:54,192 | INFO  | SCMAudit | user=jenkins1000 | ip=192.168.69.64 | op=SEND_HEARTBEAT {datanodeUUID=6b93c345-ca95-4de7-ba67-344940d63a9c, command=[]} | ret=SUCCESS |  
2019-09-05 09:46:54,193 [grpc-default-executor-2] WARN  server.GrpcLogAppender (LogUtils.java:warn(134)) - a9783fcd-cf1c-48a2-b8c2-cbb078c8905c->be6e9899-a2a0-4aaa-86a3-6f4de7c5e0ee: Failed appendEntries: org.apache.ratis.thirdparty.io.grpc.StatusRuntimeException: UNAVAILABLE: io exception
2019-09-05 09:46:54,193 [grpc-default-executor-2] INFO  impl.FollowerInfo (FollowerInfo.java:lambda$new$0(50)) - a9783fcd-cf1c-48a2-b8c2-cbb078c8905c->be6e9899-a2a0-4aaa-86a3-6f4de7c5e0ee: nextIndex: updateUnconditionally 0 -> 0
2019-09-05 09:46:55,032 | INFO  | SCMAudit | user=jenkins1000 | ip=192.168.69.64 | op=SEND_HEARTBEAT {datanodeUUID=89855a1f-0ba7-4a60-bf74-368046649d6e, command=[]} | ret=SUCCESS |  
2019-09-05 09:46:55,051 [grpc-default-executor-2] WARN  server.GrpcLogAppender (LogUtils.java:warn(134)) - c23920b9-2915-4dbd-979a-5f7980efe55e->2f4d3d6f-61a0-4d94-8ca0-0e317f780ff7: Failed appendEntries: org.apache.ratis.thirdparty.io.grpc.StatusRuntimeException: UNAVAILABLE: io exception
2019-09-05 09:46:55,051 [grpc-default-executor-2] INFO  impl.FollowerInfo (FollowerInfo.java:lambda$new$0(50)) - c23920b9-2915-4dbd-979a-5f7980efe55e->2f4d3d6f-61a0-4d94-8ca0-0e317f780ff7: nextIndex: updateUnconditionally 15 -> 14
2019-09-05 09:46:55,193 | INFO  | SCMAudit | user=jenkins1000 | ip=192.168.69.64 | op=SEND_HEARTBEAT {datanodeUUID=6b93c345-ca95-4de7-ba67-344940d63a9c, command=[]} | ret=SUCCESS |  
2019-09-05 09:46:55,293 | INFO  | SCMAudit | user=jenkins1000 | ip=192.168.69.64 | op=SEND_HEARTBEAT {datanodeUUID=6b93c345-ca95-4de7-ba67-344940d63a9c, command=[]} | ret=SUCCESS |  
2019-09-05 09:46:56,032 | INFO  | SCMAudit | user=jenkins1000 | ip=192.168.69.64 | op=SEND_HEARTBEAT {datanodeUUID=89855a1f-0ba7-4a60-bf74-368046649d6e, command=[]} | ret=SUCCESS |  
2019-09-05 09:46:56,292 | INFO  | SCMAudit | user=jenkins1000 | ip=192.168.69.64 | op=SEND_HEARTBEAT {datanodeUUID=6b93c345-ca95-4de7-ba67-344940d63a9c, command=[]} | ret=SUCCESS |  
2019-09-05 09:46:56,682 [grpc-default-executor-2] WARN  server.GrpcLogAppender (LogUtils.java:warn(134)) - a9783fcd-cf1c-48a2-b8c2-cbb078c8905c->f8f65381-65cb-46be-b0c7-4fbcf30e723e: Failed appendEntries: org.apache.ratis.thirdparty.io.grpc.StatusRuntimeException: UNAVAILABLE: io exception
2019-09-05 09:46:56,682 [grpc-default-executor-2] INFO  impl.FollowerInfo (FollowerInfo.java:lambda$new$0(50)) - a9783fcd-cf1c-48a2-b8c2-cbb078c8905c->f8f65381-65cb-46be-b0c7-4fbcf30e723e: nextIndex: updateUnconditionally 17 -> 16
2019-09-05 09:46:56,693 [grpc-default-executor-2] WARN  server.GrpcLogAppender (LogUtils.java:warn(134)) - a9783fcd-cf1c-48a2-b8c2-cbb078c8905c->be6e9899-a2a0-4aaa-86a3-6f4de7c5e0ee: Failed appendEntries: org.apache.ratis.thirdparty.io.grpc.StatusRuntimeException: UNAVAILABLE: io exception
2019-09-05 09:46:56,693 [grpc-default-executor-2] INFO  impl.FollowerInfo (FollowerInfo.java:lambda$new$0(50)) - a9783fcd-cf1c-48a2-b8c2-cbb078c8905c->be6e9899-a2a0-4aaa-86a3-6f4de7c5e0ee: nextIndex: updateUnconditionally 0 -> 0
2019-09-05 09:46:57,032 | INFO  | SCMAudit | user=jenkins1000 | ip=192.168.69.64 | op=SEND_HEARTBEAT {datanodeUUID=89855a1f-0ba7-4a60-bf74-368046649d6e, command=[]} | ret=SUCCESS |  
2019-09-05 09:46:57,292 | INFO  | SCMAudit | user=jenkins1000 | ip=192.168.69.64 | op=SEND_HEARTBEAT {datanodeUUID=6b93c345-ca95-4de7-ba67-344940d63a9c, command=[]} | ret=SUCCESS |  
2019-09-05 09:46:57,306 [EventQueue-StaleNodeForStaleNodeHandler] INFO  node.StaleNodeHandler (StaleNodeHandler.java:onMessage(58)) - Datanode c23920b9-2915-4dbd-979a-5f7980efe55e{ip: 192.168.69.64, host: pr-hdds-1571-tgb5r-3650803683, networkLocation: /default-rack, certSerialId: null} moved to stale state. Finalizing its pipelines [PipelineID=ceec259f-725c-4aef-a117-5b3c83ca0804, PipelineID=afefde80-b1fd-453c-b658-d760eda197cd]
2019-09-05 09:46:57,306 [EventQueue-StaleNodeForStaleNodeHandler] INFO  pipeline.SCMPipelineManager (SCMPipelineManager.java:finalizeAndDestroyPipeline(309)) - destroying pipeline:Pipeline[ Id: ceec259f-725c-4aef-a117-5b3c83ca0804, Nodes: c23920b9-2915-4dbd-979a-5f7980efe55e{ip: 192.168.69.64, host: pr-hdds-1571-tgb5r-3650803683, networkLocation: /default-rack, certSerialId: null}, Type:RATIS, Factor:ONE, State:OPEN]
2019-09-05 09:46:57,306 [EventQueue-StaleNodeForStaleNodeHandler] INFO  pipeline.PipelineStateManager (PipelineStateManager.java:finalizePipeline(123)) - Pipeline Pipeline[ Id: ceec259f-725c-4aef-a117-5b3c83ca0804, Nodes: c23920b9-2915-4dbd-979a-5f7980efe55e{ip: 192.168.69.64, host: pr-hdds-1571-tgb5r-3650803683, networkLocation: /default-rack, certSerialId: null}, Type:RATIS, Factor:ONE, State:CLOSED] moved to CLOSED state
2019-09-05 09:46:57,306 [EventQueue-StaleNodeForStaleNodeHandler] INFO  pipeline.SCMPipelineManager (SCMPipelineManager.java:finalizeAndDestroyPipeline(309)) - destroying pipeline:Pipeline[ Id: afefde80-b1fd-453c-b658-d760eda197cd, Nodes: 6b93c345-ca95-4de7-ba67-344940d63a9c{ip: 192.168.69.64, host: pr-hdds-1571-tgb5r-3650803683, networkLocation: /default-rack, certSerialId: null}2f4d3d6f-61a0-4d94-8ca0-0e317f780ff7{ip: 192.168.69.64, host: pr-hdds-1571-tgb5r-3650803683, networkLocation: /default-rack, certSerialId: null}c23920b9-2915-4dbd-979a-5f7980efe55e{ip: 192.168.69.64, host: pr-hdds-1571-tgb5r-3650803683, networkLocation: /default-rack, certSerialId: null}, Type:RATIS, Factor:THREE, State:CLOSED]
2019-09-05 09:46:57,506 [EventQueue-StaleNodeForStaleNodeHandler] INFO  node.StaleNodeHandler (StaleNodeHandler.java:onMessage(58)) - Datanode a9783fcd-cf1c-48a2-b8c2-cbb078c8905c{ip: 192.168.69.64, host: pr-hdds-1571-tgb5r-3650803683, networkLocation: /default-rack, certSerialId: null} moved to stale state. Finalizing its pipelines [PipelineID=b07db64f-4bd5-4b52-80db-911d640f0e98, PipelineID=e5f628cb-d127-4204-8b45-b00c7136fdce]
2019-09-05 09:46:57,506 [EventQueue-StaleNodeForStaleNodeHandler] INFO  pipeline.SCMPipelineManager (SCMPipelineManager.java:finalizeAndDestroyPipeline(309)) - destroying pipeline:Pipeline[ Id: b07db64f-4bd5-4b52-80db-911d640f0e98, Nodes: be6e9899-a2a0-4aaa-86a3-6f4de7c5e0ee{ip: 192.168.69.64, host: pr-hdds-1571-tgb5r-3650803683, networkLocation: /default-rack, certSerialId: null}f8f65381-65cb-46be-b0c7-4fbcf30e723e{ip: 192.168.69.64, host: pr-hdds-1571-tgb5r-3650803683, networkLocation: /default-rack, certSerialId: null}a9783fcd-cf1c-48a2-b8c2-cbb078c8905c{ip: 192.168.69.64, host: pr-hdds-1571-tgb5r-3650803683, networkLocation: /default-rack, certSerialId: null}, Type:RATIS, Factor:THREE, State:CLOSED]
2019-09-05 09:46:57,507 [EventQueue-StaleNodeForStaleNodeHandler] INFO  pipeline.SCMPipelineManager (SCMPipelineManager.java:finalizeAndDestroyPipeline(309)) - destroying pipeline:Pipeline[ Id: e5f628cb-d127-4204-8b45-b00c7136fdce, Nodes: a9783fcd-cf1c-48a2-b8c2-cbb078c8905c{ip: 192.168.69.64, host: pr-hdds-1571-tgb5r-3650803683, networkLocation: /default-rack, certSerialId: null}, Type:RATIS, Factor:ONE, State:OPEN]
2019-09-05 09:46:57,507 [EventQueue-StaleNodeForStaleNodeHandler] INFO  pipeline.PipelineStateManager (PipelineStateManager.java:finalizePipeline(123)) - Pipeline Pipeline[ Id: e5f628cb-d127-4204-8b45-b00c7136fdce, Nodes: a9783fcd-cf1c-48a2-b8c2-cbb078c8905c{ip: 192.168.69.64, host: pr-hdds-1571-tgb5r-3650803683, networkLocation: /default-rack, certSerialId: null}, Type:RATIS, Factor:ONE, State:CLOSED] moved to CLOSED state
2019-09-05 09:46:57,551 [grpc-default-executor-2] WARN  server.GrpcLogAppender (LogUtils.java:warn(134)) - c23920b9-2915-4dbd-979a-5f7980efe55e->2f4d3d6f-61a0-4d94-8ca0-0e317f780ff7: Failed appendEntries: org.apache.ratis.thirdparty.io.grpc.StatusRuntimeException: UNAVAILABLE: io exception
2019-09-05 09:46:57,552 [grpc-default-executor-2] INFO  impl.FollowerInfo (FollowerInfo.java:lambda$new$0(50)) - c23920b9-2915-4dbd-979a-5f7980efe55e->2f4d3d6f-61a0-4d94-8ca0-0e317f780ff7: nextIndex: updateUnconditionally 14 -> 13
2019-09-05 09:46:57,694 [ForkJoinPool.commonPool-worker-0] INFO  ozoneimpl.OzoneContainer (OzoneContainer.java:stop(199)) - Attempting to stop container services.
2019-09-05 09:46:57,695 [ForkJoinPool.commonPool-worker-0] INFO  impl.RaftServerProxy (RaftServerProxy.java:lambda$close$4(314)) - c23920b9-2915-4dbd-979a-5f7980efe55e: close
2019-09-05 09:46:57,695 [ForkJoinPool.commonPool-worker-0] INFO  impl.RaftServerImpl (RaftServerImpl.java:lambda$shutdown$3(245)) - c23920b9-2915-4dbd-979a-5f7980efe55e: shutdown group-5B3C83CA0804
2019-09-05 09:46:57,695 [ForkJoinPool.commonPool-worker-0] INFO  util.JmxRegister (JmxRegister.java:unregister(73)) - Successfully un-registered JMX Bean with object name Ratis:service=RaftServer,group=group-5B3C83CA0804,id=c23920b9-2915-4dbd-979a-5f7980efe55e
2019-09-05 09:46:57,696 [ForkJoinPool.commonPool-worker-0] INFO  impl.RoleInfo (RoleInfo.java:shutdownLeaderState(104)) - c23920b9-2915-4dbd-979a-5f7980efe55e: shutdown LeaderState
2019-09-05 09:46:57,696 [ForkJoinPool.commonPool-worker-0] INFO  impl.PendingRequests (PendingRequests.java:sendNotLeaderResponses(202)) - c23920b9-2915-4dbd-979a-5f7980efe55e-PendingRequests: sendNotLeaderResponses
2019-09-05 09:46:57,696 [ForkJoinPool.commonPool-worker-0] INFO  impl.StateMachineUpdater (StateMachineUpdater.java:stopAndJoin(115)) - StateMachineUpdater:c23920b9-2915-4dbd-979a-5f7980efe55e:group-5B3C83CA0804: set stopIndex = 0
2019-09-05 09:46:57,696 [ForkJoinPool.commonPool-worker-0] INFO  impl.RaftServerImpl (ServerState.java:close(394)) - c23920b9-2915-4dbd-979a-5f7980efe55e:group-5B3C83CA0804 closes. The last applied log index is 0
2019-09-05 09:46:57,697 [c23920b9-2915-4dbd-979a-5f7980efe55e-SegmentedRaftLogWorker:Storage Directory /workdir/hadoop-ozone/integration-test/target/test-dir/MiniOzoneClusterImpl-ff056e79-355c-4fb1-b6e7-2d545f6c46f0/datanode-2/data/ratis/ceec259f-725c-4aef-a117-5b3c83ca0804] INFO  segmented.SegmentedRaftLogWorker (SegmentedRaftLogWorker.java:run(313)) - c23920b9-2915-4dbd-979a-5f7980efe55e-SegmentedRaftLogWorker:Storage Directory /workdir/hadoop-ozone/integration-test/target/test-dir/MiniOzoneClusterImpl-ff056e79-355c-4fb1-b6e7-2d545f6c46f0/datanode-2/data/ratis/ceec259f-725c-4aef-a117-5b3c83ca0804 was interrupted, exiting. There are 0 tasks remaining in the queue.
2019-09-05 09:46:57,699 [ForkJoinPool.commonPool-worker-0] INFO  segmented.SegmentedRaftLogWorker (SegmentedRaftLogWorker.java:close(228)) - c23920b9-2915-4dbd-979a-5f7980efe55e-SegmentedRaftLogWorker:Storage Directory /workdir/hadoop-ozone/integration-test/target/test-dir/MiniOzoneClusterImpl-ff056e79-355c-4fb1-b6e7-2d545f6c46f0/datanode-2/data/ratis/ceec259f-725c-4aef-a117-5b3c83ca0804 close()
2019-09-05 09:46:57,702 [ForkJoinPool.commonPool-worker-0] INFO  impl.RaftServerImpl (RaftServerImpl.java:lambda$shutdown$3(245)) - c23920b9-2915-4dbd-979a-5f7980efe55e: shutdown group-D760EDA197CD
2019-09-05 09:46:57,702 [ForkJoinPool.commonPool-worker-0] INFO  util.JmxRegister (JmxRegister.java:unregister(73)) - Successfully un-registered JMX Bean with object name Ratis:service=RaftServer,group=group-D760EDA197CD,id=c23920b9-2915-4dbd-979a-5f7980efe55e
2019-09-05 09:46:57,702 [ForkJoinPool.commonPool-worker-0] INFO  impl.RoleInfo (RoleInfo.java:shutdownLeaderState(104)) - c23920b9-2915-4dbd-979a-5f7980efe55e: shutdown LeaderState
2019-09-05 09:46:57,705 [ForkJoinPool.commonPool-worker-0] INFO  impl.PendingRequests (PendingRequests.java:sendNotLeaderResponses(202)) - c23920b9-2915-4dbd-979a-5f7980efe55e-PendingRequests: sendNotLeaderResponses
2019-09-05 09:46:57,705 [org.apache.ratis.server.impl.LogAppender$AppenderDaemon$$Lambda$462/798911677@60c6e602] WARN  server.GrpcLogAppender (GrpcLogAppender.java:mayWait(143)) - GrpcLogAppender(c23920b9-2915-4dbd-979a-5f7980efe55e->6b93c345-ca95-4de7-ba67-344940d63a9c): Wait interrupted by java.lang.InterruptedException
2019-09-05 09:46:57,705 [main] INFO  ozoneimpl.OzoneContainer (OzoneContainer.java:stop(199)) - Attempting to stop container services.
2019-09-05 09:46:57,705 [org.apache.ratis.server.impl.LogAppender$AppenderDaemon$$Lambda$462/798911677@25c4747e] WARN  server.GrpcLogAppender (GrpcLogAppender.java:mayWait(143)) - GrpcLogAppender(c23920b9-2915-4dbd-979a-5f7980efe55e->2f4d3d6f-61a0-4d94-8ca0-0e317f780ff7): Wait interrupted by java.lang.InterruptedException
2019-09-05 09:46:57,708 [grpc-default-executor-2] INFO  server.GrpcServerProtocolService (GrpcServerProtocolService.java:onCompleted(104)) - 6b93c345-ca95-4de7-ba67-344940d63a9c: appendEntries completed
2019-09-05 09:46:57,708 [StateMachineUpdater:c23920b9-2915-4dbd-979a-5f7980efe55e:group-D760EDA197CD] INFO  ratis.ContainerStateMachine (ContainerStateMachine.java:takeSnapshot(283)) - group-D760EDA197CD: Taking a snapshot at:(t:1, i:13) file /workdir/hadoop-ozone/integration-test/target/test-dir/MiniOzoneClusterImpl-ff056e79-355c-4fb1-b6e7-2d545f6c46f0/datanode-2/data/ratis/afefde80-b1fd-453c-b658-d760eda197cd/sm/snapshot.1_13
2019-09-05 09:46:57,708 [ForkJoinPool.commonPool-worker-0] INFO  impl.StateMachineUpdater (StateMachineUpdater.java:stopAndJoin(115)) - StateMachineUpdater:c23920b9-2915-4dbd-979a-5f7980efe55e:group-D760EDA197CD: set stopIndex = 15
2019-09-05 09:46:57,709 [grpc-default-executor-2] INFO  server.GrpcLogAppender (GrpcLogAppender.java:onCompleted(292)) - c23920b9-2915-4dbd-979a-5f7980efe55e->6b93c345-ca95-4de7-ba67-344940d63a9c: follower responses appendEntries COMPLETED
2019-09-05 09:46:57,709 [main] INFO  impl.RaftServerProxy (RaftServerProxy.java:lambda$close$4(314)) - a9783fcd-cf1c-48a2-b8c2-cbb078c8905c: close
2019-09-05 09:46:57,710 [grpc-default-executor-2] INFO  impl.FollowerInfo (FollowerInfo.java:lambda$new$0(50)) - c23920b9-2915-4dbd-979a-5f7980efe55e->6b93c345-ca95-4de7-ba67-344940d63a9c: nextIndex: updateUnconditionally 16 -> 15
2019-09-05 09:46:57,710 [main] INFO  impl.RaftServerImpl (RaftServerImpl.java:lambda$shutdown$3(245)) - a9783fcd-cf1c-48a2-b8c2-cbb078c8905c: shutdown group-911D640F0E98
2019-09-05 09:46:57,710 [main] INFO  util.JmxRegister (JmxRegister.java:unregister(73)) - Successfully un-registered JMX Bean with object name Ratis:service=RaftServer,group=group-911D640F0E98,id=a9783fcd-cf1c-48a2-b8c2-cbb078c8905c
2019-09-05 09:46:57,711 [main] INFO  impl.RoleInfo (RoleInfo.java:shutdownLeaderState(104)) - a9783fcd-cf1c-48a2-b8c2-cbb078c8905c: shutdown LeaderState
2019-09-05 09:46:57,714 [org.apache.ratis.server.impl.LogAppender$AppenderDaemon$$Lambda$462/798911677@5aa7844a] WARN  server.GrpcLogAppender (GrpcLogAppender.java:mayWait(143)) - GrpcLogAppender(a9783fcd-cf1c-48a2-b8c2-cbb078c8905c->be6e9899-a2a0-4aaa-86a3-6f4de7c5e0ee): Wait interrupted by java.lang.InterruptedException
2019-09-05 09:46:57,714 [main] INFO  impl.PendingRequests (PendingRequests.java:sendNotLeaderResponses(202)) - a9783fcd-cf1c-48a2-b8c2-cbb078c8905c-PendingRequests: sendNotLeaderResponses
2019-09-05 09:46:57,714 [org.apache.ratis.server.impl.LogAppender$AppenderDaemon$$Lambda$462/798911677@596fe6a] WARN  server.GrpcLogAppender (GrpcLogAppender.java:mayWait(143)) - GrpcLogAppender(a9783fcd-cf1c-48a2-b8c2-cbb078c8905c->f8f65381-65cb-46be-b0c7-4fbcf30e723e): Wait interrupted by java.lang.InterruptedException
2019-09-05 09:46:57,715 [main] INFO  impl.StateMachineUpdater (StateMachineUpdater.java:stopAndJoin(115)) - StateMachineUpdater:a9783fcd-cf1c-48a2-b8c2-cbb078c8905c:group-911D640F0E98: set stopIndex = 18
2019-09-05 09:46:57,716 [StateMachineUpdater:a9783fcd-cf1c-48a2-b8c2-cbb078c8905c:group-911D640F0E98] INFO  ratis.ContainerStateMachine (ContainerStateMachine.java:takeSnapshot(283)) - group-911D640F0E98: Taking a snapshot at:(t:1, i:14) file /workdir/hadoop-ozone/integration-test/target/test-dir/MiniOzoneClusterImpl-ff056e79-355c-4fb1-b6e7-2d545f6c46f0/datanode-3/data/ratis/b07db64f-4bd5-4b52-80db-911d640f0e98/sm/snapshot.1_14
2019-09-05 09:46:57,736 [StateMachineUpdater:a9783fcd-cf1c-48a2-b8c2-cbb078c8905c:group-911D640F0E98] INFO  ratis.ContainerStateMachine (ContainerStateMachine.java:takeSnapshot(294)) - group-911D640F0E98: Finished taking a snapshot at:(t:1, i:14) file:/workdir/hadoop-ozone/integration-test/target/test-dir/MiniOzoneClusterImpl-ff056e79-355c-4fb1-b6e7-2d545f6c46f0/datanode-3/data/ratis/b07db64f-4bd5-4b52-80db-911d640f0e98/sm/snapshot.1_14 time:21
2019-09-05 09:46:57,736 [StateMachineUpdater:a9783fcd-cf1c-48a2-b8c2-cbb078c8905c:group-911D640F0E98] INFO  impl.StateMachineUpdater (StateMachineUpdater.java:takeSnapshot(242)) - StateMachineUpdater:a9783fcd-cf1c-48a2-b8c2-cbb078c8905c:group-911D640F0E98: Took a snapshot at index 14
2019-09-05 09:46:57,736 [StateMachineUpdater:c23920b9-2915-4dbd-979a-5f7980efe55e:group-D760EDA197CD] INFO  ratis.ContainerStateMachine (ContainerStateMachine.java:takeSnapshot(294)) - group-D760EDA197CD: Finished taking a snapshot at:(t:1, i:13) file:/workdir/hadoop-ozone/integration-test/target/test-dir/MiniOzoneClusterImpl-ff056e79-355c-4fb1-b6e7-2d545f6c46f0/datanode-2/data/ratis/afefde80-b1fd-453c-b658-d760eda197cd/sm/snapshot.1_13 time:28
2019-09-05 09:46:57,736 [StateMachineUpdater:c23920b9-2915-4dbd-979a-5f7980efe55e:group-D760EDA197CD] INFO  impl.StateMachineUpdater (StateMachineUpdater.java:takeSnapshot(242)) - StateMachineUpdater:c23920b9-2915-4dbd-979a-5f7980efe55e:group-D760EDA197CD: Took a snapshot at index 13
2019-09-05 09:46:57,736 [StateMachineUpdater:a9783fcd-cf1c-48a2-b8c2-cbb078c8905c:group-911D640F0E98] INFO  impl.StateMachineUpdater (StateMachineUpdater.java:lambda$new$0(80)) - StateMachineUpdater:a9783fcd-cf1c-48a2-b8c2-cbb078c8905c:group-911D640F0E98: snapshotIndex: updateIncreasingly -1 -> 14
2019-09-05 09:46:57,736 [StateMachineUpdater:c23920b9-2915-4dbd-979a-5f7980efe55e:group-D760EDA197CD] INFO  impl.StateMachineUpdater (StateMachineUpdater.java:lambda$new$0(80)) - StateMachineUpdater:c23920b9-2915-4dbd-979a-5f7980efe55e:group-D760EDA197CD: snapshotIndex: updateIncreasingly -1 -> 13
2019-09-05 09:46:57,737 [main] INFO  impl.RaftServerImpl (ServerState.java:close(394)) - a9783fcd-cf1c-48a2-b8c2-cbb078c8905c:group-911D640F0E98 closes. The last applied log index is 18
2019-09-05 09:46:57,737 [ForkJoinPool.commonPool-worker-0] INFO  impl.RaftServerImpl (ServerState.java:close(394)) - c23920b9-2915-4dbd-979a-5f7980efe55e:group-D760EDA197CD closes. The last applied log index is 15
2019-09-05 09:46:57,738 [a9783fcd-cf1c-48a2-b8c2-cbb078c8905c-SegmentedRaftLogWorker:Storage Directory /workdir/hadoop-ozone/integration-test/target/test-dir/MiniOzoneClusterImpl-ff056e79-355c-4fb1-b6e7-2d545f6c46f0/datanode-3/data/ratis/b07db64f-4bd5-4b52-80db-911d640f0e98] INFO  segmented.SegmentedRaftLogWorker (SegmentedRaftLogWorker.java:run(313)) - a9783fcd-cf1c-48a2-b8c2-cbb078c8905c-SegmentedRaftLogWorker:Storage Directory /workdir/hadoop-ozone/integration-test/target/test-dir/MiniOzoneClusterImpl-ff056e79-355c-4fb1-b6e7-2d545f6c46f0/datanode-3/data/ratis/b07db64f-4bd5-4b52-80db-911d640f0e98 was interrupted, exiting. There are 0 tasks remaining in the queue.
2019-09-05 09:46:57,738 [c23920b9-2915-4dbd-979a-5f7980efe55e-SegmentedRaftLogWorker:Storage Directory /workdir/hadoop-ozone/integration-test/target/test-dir/MiniOzoneClusterImpl-ff056e79-355c-4fb1-b6e7-2d545f6c46f0/datanode-2/data/ratis/afefde80-b1fd-453c-b658-d760eda197cd] INFO  segmented.SegmentedRaftLogWorker (SegmentedRaftLogWorker.java:run(313)) - c23920b9-2915-4dbd-979a-5f7980efe55e-SegmentedRaftLogWorker:Storage Directory /workdir/hadoop-ozone/integration-test/target/test-dir/MiniOzoneClusterImpl-ff056e79-355c-4fb1-b6e7-2d545f6c46f0/datanode-2/data/ratis/afefde80-b1fd-453c-b658-d760eda197cd was interrupted, exiting. There are 0 tasks remaining in the queue.
2019-09-05 09:46:57,739 [main] INFO  segmented.SegmentedRaftLogWorker (SegmentedRaftLogWorker.java:close(228)) - a9783fcd-cf1c-48a2-b8c2-cbb078c8905c-SegmentedRaftLogWorker:Storage Directory /workdir/hadoop-ozone/integration-test/target/test-dir/MiniOzoneClusterImpl-ff056e79-355c-4fb1-b6e7-2d545f6c46f0/datanode-3/data/ratis/b07db64f-4bd5-4b52-80db-911d640f0e98 close()
2019-09-05 09:46:57,741 [ForkJoinPool.commonPool-worker-0] INFO  segmented.SegmentedRaftLogWorker (SegmentedRaftLogWorker.java:close(228)) - c23920b9-2915-4dbd-979a-5f7980efe55e-SegmentedRaftLogWorker:Storage Directory /workdir/hadoop-ozone/integration-test/target/test-dir/MiniOzoneClusterImpl-ff056e79-355c-4fb1-b6e7-2d545f6c46f0/datanode-2/data/ratis/afefde80-b1fd-453c-b658-d760eda197cd close()
2019-09-05 09:46:57,743 [main] INFO  impl.RaftServerImpl (RaftServerImpl.java:lambda$shutdown$3(245)) - a9783fcd-cf1c-48a2-b8c2-cbb078c8905c: shutdown group-B00C7136FDCE
2019-09-05 09:46:57,746 [ForkJoinPool.commonPool-worker-0] INFO  server.GrpcService (GrpcService.java:closeImpl(155)) - c23920b9-2915-4dbd-979a-5f7980efe55e: shutdown server with port 38450 now
2019-09-05 09:46:57,746 [main] INFO  util.JmxRegister (JmxRegister.java:unregister(73)) - Successfully un-registered JMX Bean with object name Ratis:service=RaftServer,group=group-B00C7136FDCE,id=a9783fcd-cf1c-48a2-b8c2-cbb078c8905c
2019-09-05 09:46:57,748 [main] INFO  impl.RoleInfo (RoleInfo.java:shutdownLeaderState(104)) - a9783fcd-cf1c-48a2-b8c2-cbb078c8905c: shutdown LeaderState
2019-09-05 09:46:57,748 [ForkJoinPool.commonPool-worker-0] INFO  server.GrpcService (GrpcService.java:closeImpl(163)) - c23920b9-2915-4dbd-979a-5f7980efe55e: shutdown server with port 38450 successfully
2019-09-05 09:46:57,748 [grpc-default-executor-2] WARN  client.GrpcClientProtocolService (LogUtils.java:warn(134)) - 1-UnorderedRequestStreamObserver1: onError: org.apache.ratis.thirdparty.io.grpc.StatusRuntimeException: CANCELLED: cancelled before receiving half close
2019-09-05 09:46:57,748 [main] INFO  impl.PendingRequests (PendingRequests.java:sendNotLeaderResponses(202)) - a9783fcd-cf1c-48a2-b8c2-cbb078c8905c-PendingRequests: sendNotLeaderResponses
2019-09-05 09:46:57,749 [main] INFO  impl.StateMachineUpdater (StateMachineUpdater.java:stopAndJoin(115)) - StateMachineUpdater:a9783fcd-cf1c-48a2-b8c2-cbb078c8905c:group-B00C7136FDCE: set stopIndex = 0
2019-09-05 09:46:57,750 [ForkJoinPool.commonPool-worker-0] INFO  utils.BackgroundService (BackgroundService.java:shutdown(148)) - Shutting down service BlockDeletingService
2019-09-05 09:46:57,750 [main] INFO  impl.RaftServerImpl (ServerState.java:close(394)) - a9783fcd-cf1c-48a2-b8c2-cbb078c8905c:group-B00C7136FDCE closes. The last applied log index is 0
2019-09-05 09:46:57,751 [refreshUsed-/workdir/hadoop-ozone/integration-test/target/test-dir/MiniOzoneClusterImpl-ff056e79-355c-4fb1-b6e7-2d545f6c46f0/datanode-2/data/containers] WARN  fs.CachingGetSpaceUsed (CachingGetSpaceUsed.java:run(183)) - Thread Interrupted waiting to refresh disk information: sleep interrupted
2019-09-05 09:46:57,751 [a9783fcd-cf1c-48a2-b8c2-cbb078c8905c-SegmentedRaftLogWorker:Storage Directory /workdir/hadoop-ozone/integration-test/target/test-dir/MiniOzoneClusterImpl-ff056e79-355c-4fb1-b6e7-2d545f6c46f0/datanode-3/data/ratis/e5f628cb-d127-4204-8b45-b00c7136fdce] INFO  segmented.SegmentedRaftLogWorker (SegmentedRaftLogWorker.java:run(313)) - a9783fcd-cf1c-48a2-b8c2-cbb078c8905c-SegmentedRaftLogWorker:Storage Directory /workdir/hadoop-ozone/integration-test/target/test-dir/MiniOzoneClusterImpl-ff056e79-355c-4fb1-b6e7-2d545f6c46f0/datanode-3/data/ratis/e5f628cb-d127-4204-8b45-b00c7136fdce was interrupted, exiting. There are 0 tasks remaining in the queue.
2019-09-05 09:46:57,753 [main] INFO  segmented.SegmentedRaftLogWorker (SegmentedRaftLogWorker.java:close(228)) - a9783fcd-cf1c-48a2-b8c2-cbb078c8905c-SegmentedRaftLogWorker:Storage Directory /workdir/hadoop-ozone/integration-test/target/test-dir/MiniOzoneClusterImpl-ff056e79-355c-4fb1-b6e7-2d545f6c46f0/datanode-3/data/ratis/e5f628cb-d127-4204-8b45-b00c7136fdce close()
2019-09-05 09:46:57,756 [main] INFO  server.GrpcService (GrpcService.java:closeImpl(155)) - a9783fcd-cf1c-48a2-b8c2-cbb078c8905c: shutdown server with port 45519 now
2019-09-05 09:46:57,757 [main] INFO  server.GrpcService (GrpcService.java:closeImpl(163)) - a9783fcd-cf1c-48a2-b8c2-cbb078c8905c: shutdown server with port 45519 successfully
2019-09-05 09:46:57,758 [main] INFO  utils.BackgroundService (BackgroundService.java:shutdown(148)) - Shutting down service BlockDeletingService
2019-09-05 09:46:57,760 [refreshUsed-/workdir/hadoop-ozone/integration-test/target/test-dir/MiniOzoneClusterImpl-ff056e79-355c-4fb1-b6e7-2d545f6c46f0/datanode-3/data/containers] WARN  fs.CachingGetSpaceUsed (CachingGetSpaceUsed.java:run(183)) - Thread Interrupted waiting to refresh disk information: sleep interrupted
2019-09-05 09:46:57,777 [ForkJoinPool.commonPool-worker-0] INFO  statemachine.DatanodeStateMachine (DatanodeStateMachine.java:stopDaemon(395)) - Ozone container server stopped.
2019-09-05 09:46:57,782 [ForkJoinPool.commonPool-worker-0] INFO  handler.ContextHandler (ContextHandler.java:doStop(910)) - Stopped o.e.j.w.WebAppContext@2199e1a4{/,null,UNAVAILABLE}{/hddsDatanode}
2019-09-05 09:46:57,782 [ForkJoinPool.commonPool-worker-0] INFO  server.AbstractConnector (AbstractConnector.java:doStop(318)) - Stopped ServerConnector@1c63b39a{HTTP/1.1,[http/1.1]}{0.0.0.0:0}
2019-09-05 09:46:57,783 [ForkJoinPool.commonPool-worker-0] INFO  handler.ContextHandler (ContextHandler.java:doStop(910)) - Stopped o.e.j.s.ServletContextHandler@644f033d{/static,jar:file:/home/user/.m2/repository/org/apache/hadoop/hadoop-hdds-container-service/0.5.0-SNAPSHOT/hadoop-hdds-container-service-0.5.0-SNAPSHOT.jar!/webapps/static,UNAVAILABLE}
2019-09-05 09:46:57,785 [ForkJoinPool.commonPool-worker-0] INFO  handler.ContextHandler (ContextHandler.java:doStop(910)) - Stopped o.e.j.s.ServletContextHandler@77c7d3f4{/logs,file:///workdir/hadoop-ozone/integration-test/target/log,UNAVAILABLE}
2019-09-05 09:46:57,788 [main] INFO  statemachine.DatanodeStateMachine (DatanodeStateMachine.java:stopDaemon(395)) - Ozone container server stopped.
2019-09-05 09:46:57,788 [ForkJoinPool.commonPool-worker-0] INFO  datanode.ObjectStoreHandler (ObjectStoreHandler.java:close(155)) - Closing ObjectStoreHandler.
2019-09-05 09:46:57,788 [ForkJoinPool.commonPool-worker-0] INFO  ozone.HddsDatanodeService (HddsDatanodeService.java:stop(451)) - Stopped plug-in org.apache.hadoop.ozone.web.OzoneHddsDatanodeService@386ec37d
2019-09-05 09:46:57,789 [main] INFO  handler.ContextHandler (ContextHandler.java:doStop(910)) - Stopped o.e.j.w.WebAppContext@4ac7927a{/,null,UNAVAILABLE}{/hddsDatanode}
2019-09-05 09:46:57,789 [main] INFO  server.AbstractConnector (AbstractConnector.java:doStop(318)) - Stopped ServerConnector@25bfc558{HTTP/1.1,[http/1.1]}{0.0.0.0:0}
2019-09-05 09:46:57,790 [main] INFO  handler.ContextHandler (ContextHandler.java:doStop(910)) - Stopped o.e.j.s.ServletContextHandler@2b3ac26d{/static,jar:file:/home/user/.m2/repository/org/apache/hadoop/hadoop-hdds-container-service/0.5.0-SNAPSHOT/hadoop-hdds-container-service-0.5.0-SNAPSHOT.jar!/webapps/static,UNAVAILABLE}
2019-09-05 09:46:57,790 [main] INFO  handler.ContextHandler (ContextHandler.java:doStop(910)) - Stopped o.e.j.s.ServletContextHandler@37e7e089{/logs,file:///workdir/hadoop-ozone/integration-test/target/log,UNAVAILABLE}
2019-09-05 09:46:57,791 [main] INFO  datanode.ObjectStoreHandler (ObjectStoreHandler.java:close(155)) - Closing ObjectStoreHandler.
2019-09-05 09:46:57,792 [main] INFO  ozone.HddsDatanodeService (HddsDatanodeService.java:stop(451)) - Stopped plug-in org.apache.hadoop.ozone.web.OzoneHddsDatanodeService@6903bec9
2019-09-05 09:46:58,032 [Datanode State Machine Thread - 0] INFO  statemachine.DatanodeStateMachine (DatanodeStateMachine.java:lambda$startDaemon$0(350)) - Ozone container server started.
2019-09-05 09:46:58,292 [Datanode State Machine Thread - 0] INFO  statemachine.DatanodeStateMachine (DatanodeStateMachine.java:lambda$startDaemon$0(350)) - Ozone container server started.
2019-09-05 09:47:02,114 [EventQueue-StaleNodeForStaleNodeHandler] INFO  node.StaleNodeHandler (StaleNodeHandler.java:onMessage(58)) - Datanode 89855a1f-0ba7-4a60-bf74-368046649d6e{ip: 192.168.69.64, host: pr-hdds-1571-tgb5r-3650803683, networkLocation: /default-rack, certSerialId: null} moved to stale state. Finalizing its pipelines []
2019-09-05 09:47:02,314 [EventQueue-StaleNodeForStaleNodeHandler] INFO  node.StaleNodeHandler (StaleNodeHandler.java:onMessage(58)) - Datanode 6b93c345-ca95-4de7-ba67-344940d63a9c{ip: 192.168.69.64, host: pr-hdds-1571-tgb5r-3650803683, networkLocation: /default-rack, certSerialId: null} moved to stale state. Finalizing its pipelines [PipelineID=afefde80-b1fd-453c-b658-d760eda197cd, PipelineID=211e8386-8c1f-4de2-8cdc-aad04a44c3a2]
2019-09-05 09:47:02,315 [EventQueue-StaleNodeForStaleNodeHandler] INFO  pipeline.SCMPipelineManager (SCMPipelineManager.java:finalizeAndDestroyPipeline(309)) - destroying pipeline:Pipeline[ Id: afefde80-b1fd-453c-b658-d760eda197cd, Nodes: 6b93c345-ca95-4de7-ba67-344940d63a9c{ip: 192.168.69.64, host: pr-hdds-1571-tgb5r-3650803683, networkLocation: /default-rack, certSerialId: null}2f4d3d6f-61a0-4d94-8ca0-0e317f780ff7{ip: 192.168.69.64, host: pr-hdds-1571-tgb5r-3650803683, networkLocation: /default-rack, certSerialId: null}c23920b9-2915-4dbd-979a-5f7980efe55e{ip: 192.168.69.64, host: pr-hdds-1571-tgb5r-3650803683, networkLocation: /default-rack, certSerialId: null}, Type:RATIS, Factor:THREE, State:CLOSED]
2019-09-05 09:47:02,315 [EventQueue-StaleNodeForStaleNodeHandler] INFO  pipeline.SCMPipelineManager (SCMPipelineManager.java:finalizeAndDestroyPipeline(309)) - destroying pipeline:Pipeline[ Id: 211e8386-8c1f-4de2-8cdc-aad04a44c3a2, Nodes: 6b93c345-ca95-4de7-ba67-344940d63a9c{ip: 192.168.69.64, host: pr-hdds-1571-tgb5r-3650803683, networkLocation: /default-rack, certSerialId: null}, Type:RATIS, Factor:ONE, State:OPEN]
2019-09-05 09:47:02,315 [EventQueue-StaleNodeForStaleNodeHandler] INFO  pipeline.PipelineStateManager (PipelineStateManager.java:finalizePipeline(123)) - Pipeline Pipeline[ Id: 211e8386-8c1f-4de2-8cdc-aad04a44c3a2, Nodes: 6b93c345-ca95-4de7-ba67-344940d63a9c{ip: 192.168.69.64, host: pr-hdds-1571-tgb5r-3650803683, networkLocation: /default-rack, certSerialId: null}, Type:RATIS, Factor:ONE, State:CLOSED] moved to CLOSED state
2019-09-05 09:47:02,789 [ForkJoinPool.commonPool-worker-0] INFO  ozoneimpl.OzoneContainer (OzoneContainer.java:stop(199)) - Attempting to stop container services.
2019-09-05 09:47:02,790 [ForkJoinPool.commonPool-worker-0] INFO  impl.RaftServerProxy (RaftServerProxy.java:lambda$close$4(314)) - 6b93c345-ca95-4de7-ba67-344940d63a9c: close
2019-09-05 09:47:02,790 [ForkJoinPool.commonPool-worker-0] INFO  impl.RaftServerImpl (RaftServerImpl.java:lambda$shutdown$3(245)) - 6b93c345-ca95-4de7-ba67-344940d63a9c: shutdown group-D760EDA197CD
2019-09-05 09:47:02,790 [ForkJoinPool.commonPool-worker-0] INFO  util.JmxRegister (JmxRegister.java:unregister(73)) - Successfully un-registered JMX Bean with object name Ratis:service=RaftServer,group=group-D760EDA197CD,id=6b93c345-ca95-4de7-ba67-344940d63a9c
2019-09-05 09:47:02,790 [ForkJoinPool.commonPool-worker-0] INFO  impl.RoleInfo (RoleInfo.java:shutdownFollowerState(121)) - 6b93c345-ca95-4de7-ba67-344940d63a9c: shutdown FollowerState
2019-09-05 09:47:02,791 [ForkJoinPool.commonPool-worker-0] INFO  impl.StateMachineUpdater (StateMachineUpdater.java:stopAndJoin(115)) - StateMachineUpdater:6b93c345-ca95-4de7-ba67-344940d63a9c:group-D760EDA197CD: set stopIndex = 15
2019-09-05 09:47:02,791 [StateMachineUpdater:6b93c345-ca95-4de7-ba67-344940d63a9c:group-D760EDA197CD] INFO  ratis.ContainerStateMachine (ContainerStateMachine.java:takeSnapshot(283)) - group-D760EDA197CD: Taking a snapshot at:(t:1, i:13) file /workdir/hadoop-ozone/integration-test/target/test-dir/MiniOzoneClusterImpl-ff056e79-355c-4fb1-b6e7-2d545f6c46f0/datanode-0/data/ratis/afefde80-b1fd-453c-b658-d760eda197cd/sm/snapshot.1_13
2019-09-05 09:47:02,791 [Thread-3641] INFO  impl.FollowerState (FollowerState.java:run(114)) - 6b93c345-ca95-4de7-ba67-344940d63a9c: FollowerState was interrupted: java.lang.InterruptedException: sleep interrupted
2019-09-05 09:47:02,793 [main] INFO  ozoneimpl.OzoneContainer (OzoneContainer.java:stop(199)) - Attempting to stop container services.
2019-09-05 09:47:02,794 [main] INFO  impl.RaftServerProxy (RaftServerProxy.java:lambda$close$4(314)) - 89855a1f-0ba7-4a60-bf74-368046649d6e: close
2019-09-05 09:47:02,795 [main] INFO  server.GrpcService (GrpcService.java:closeImpl(155)) - 89855a1f-0ba7-4a60-bf74-368046649d6e: shutdown server with port 38035 now
2019-09-05 09:47:02,796 [main] INFO  server.GrpcService (GrpcService.java:closeImpl(163)) - 89855a1f-0ba7-4a60-bf74-368046649d6e: shutdown server with port 38035 successfully
2019-09-05 09:47:02,800 [main] INFO  utils.BackgroundService (BackgroundService.java:shutdown(148)) - Shutting down service BlockDeletingService
2019-09-05 09:47:02,801 [refreshUsed-/workdir/hadoop-ozone/integration-test/target/test-dir/MiniOzoneClusterImpl-ff056e79-355c-4fb1-b6e7-2d545f6c46f0/datanode-6/data/containers] WARN  fs.CachingGetSpaceUsed (CachingGetSpaceUsed.java:run(183)) - Thread Interrupted waiting to refresh disk information: sleep interrupted
2019-09-05 09:47:02,819 [main] INFO  statemachine.DatanodeStateMachine (DatanodeStateMachine.java:stopDaemon(395)) - Ozone container server stopped.
2019-09-05 09:47:02,820 [main] INFO  handler.ContextHandler (ContextHandler.java:doStop(910)) - Stopped o.e.j.w.WebAppContext@3f1eb1bc{/,null,UNAVAILABLE}{/hddsDatanode}
2019-09-05 09:47:02,822 [main] INFO  server.AbstractConnector (AbstractConnector.java:doStop(318)) - Stopped ServerConnector@69497a36{HTTP/1.1,[http/1.1]}{0.0.0.0:0}
2019-09-05 09:47:02,822 [StateMachineUpdater:6b93c345-ca95-4de7-ba67-344940d63a9c:group-D760EDA197CD] INFO  ratis.ContainerStateMachine (ContainerStateMachine.java:takeSnapshot(294)) - group-D760EDA197CD: Finished taking a snapshot at:(t:1, i:13) file:/workdir/hadoop-ozone/integration-test/target/test-dir/MiniOzoneClusterImpl-ff056e79-355c-4fb1-b6e7-2d545f6c46f0/datanode-0/data/ratis/afefde80-b1fd-453c-b658-d760eda197cd/sm/snapshot.1_13 time:31
2019-09-05 09:47:02,822 [main] INFO  handler.ContextHandler (ContextHandler.java:doStop(910)) - Stopped o.e.j.s.ServletContextHandler@32a7c583{/static,jar:file:/home/user/.m2/repository/org/apache/hadoop/hadoop-hdds-container-service/0.5.0-SNAPSHOT/hadoop-hdds-container-service-0.5.0-SNAPSHOT.jar!/webapps/static,UNAVAILABLE}
2019-09-05 09:47:02,822 [StateMachineUpdater:6b93c345-ca95-4de7-ba67-344940d63a9c:group-D760EDA197CD] INFO  impl.StateMachineUpdater (StateMachineUpdater.java:takeSnapshot(242)) - StateMachineUpdater:6b93c345-ca95-4de7-ba67-344940d63a9c:group-D760EDA197CD: Took a snapshot at index 13
2019-09-05 09:47:02,823 [StateMachineUpdater:6b93c345-ca95-4de7-ba67-344940d63a9c:group-D760EDA197CD] INFO  impl.StateMachineUpdater (StateMachineUpdater.java:lambda$new$0(80)) - StateMachineUpdater:6b93c345-ca95-4de7-ba67-344940d63a9c:group-D760EDA197CD: snapshotIndex: updateIncreasingly -1 -> 13
2019-09-05 09:47:02,823 [main] INFO  handler.ContextHandler (ContextHandler.java:doStop(910)) - Stopped o.e.j.s.ServletContextHandler@407956a5{/logs,file:///workdir/hadoop-ozone/integration-test/target/log,UNAVAILABLE}
2019-09-05 09:47:02,823 [ForkJoinPool.commonPool-worker-0] INFO  impl.RaftServerImpl (ServerState.java:close(394)) - 6b93c345-ca95-4de7-ba67-344940d63a9c:group-D760EDA197CD closes. The last applied log index is 15
2019-09-05 09:47:02,824 [6b93c345-ca95-4de7-ba67-344940d63a9c-SegmentedRaftLogWorker:Storage Directory /workdir/hadoop-ozone/integration-test/target/test-dir/MiniOzoneClusterImpl-ff056e79-355c-4fb1-b6e7-2d545f6c46f0/datanode-0/data/ratis/afefde80-b1fd-453c-b658-d760eda197cd] INFO  segmented.SegmentedRaftLogWorker (SegmentedRaftLogWorker.java:run(313)) - 6b93c345-ca95-4de7-ba67-344940d63a9c-SegmentedRaftLogWorker:Storage Directory /workdir/hadoop-ozone/integration-test/target/test-dir/MiniOzoneClusterImpl-ff056e79-355c-4fb1-b6e7-2d545f6c46f0/datanode-0/data/ratis/afefde80-b1fd-453c-b658-d760eda197cd was interrupted, exiting. There are 0 tasks remaining in the queue.
2019-09-05 09:47:02,825 [ForkJoinPool.commonPool-worker-0] INFO  segmented.SegmentedRaftLogWorker (SegmentedRaftLogWorker.java:close(228)) - 6b93c345-ca95-4de7-ba67-344940d63a9c-SegmentedRaftLogWorker:Storage Directory /workdir/hadoop-ozone/integration-test/target/test-dir/MiniOzoneClusterImpl-ff056e79-355c-4fb1-b6e7-2d545f6c46f0/datanode-0/data/ratis/afefde80-b1fd-453c-b658-d760eda197cd close()
2019-09-05 09:47:02,827 [ForkJoinPool.commonPool-worker-0] INFO  impl.RaftServerImpl (RaftServerImpl.java:lambda$shutdown$3(245)) - 6b93c345-ca95-4de7-ba67-344940d63a9c: shutdown group-AAD04A44C3A2
2019-09-05 09:47:02,828 [ForkJoinPool.commonPool-worker-0] INFO  util.JmxRegister (JmxRegister.java:unregister(73)) - Successfully un-registered JMX Bean with object name Ratis:service=RaftServer,group=group-AAD04A44C3A2,id=6b93c345-ca95-4de7-ba67-344940d63a9c
2019-09-05 09:47:02,828 [ForkJoinPool.commonPool-worker-0] INFO  impl.RoleInfo (RoleInfo.java:shutdownLeaderState(104)) - 6b93c345-ca95-4de7-ba67-344940d63a9c: shutdown LeaderState
2019-09-05 09:47:02,828 [ForkJoinPool.commonPool-worker-0] INFO  impl.PendingRequests (PendingRequests.java:sendNotLeaderResponses(202)) - 6b93c345-ca95-4de7-ba67-344940d63a9c-PendingRequests: sendNotLeaderResponses
2019-09-05 09:47:02,829 [ForkJoinPool.commonPool-worker-0] INFO  impl.StateMachineUpdater (StateMachineUpdater.java:stopAndJoin(115)) - StateMachineUpdater:6b93c345-ca95-4de7-ba67-344940d63a9c:group-AAD04A44C3A2: set stopIndex = 0
2019-09-05 09:47:02,829 [ForkJoinPool.commonPool-worker-0] INFO  impl.RaftServerImpl (ServerState.java:close(394)) - 6b93c345-ca95-4de7-ba67-344940d63a9c:group-AAD04A44C3A2 closes. The last applied log index is 0
2019-09-05 09:47:02,829 [6b93c345-ca95-4de7-ba67-344940d63a9c-SegmentedRaftLogWorker:Storage Directory /workdir/hadoop-ozone/integration-test/target/test-dir/MiniOzoneClusterImpl-ff056e79-355c-4fb1-b6e7-2d545f6c46f0/datanode-0/data/ratis/211e8386-8c1f-4de2-8cdc-aad04a44c3a2] INFO  segmented.SegmentedRaftLogWorker (SegmentedRaftLogWorker.java:run(313)) - 6b93c345-ca95-4de7-ba67-344940d63a9c-SegmentedRaftLogWorker:Storage Directory /workdir/hadoop-ozone/integration-test/target/test-dir/MiniOzoneClusterImpl-ff056e79-355c-4fb1-b6e7-2d545f6c46f0/datanode-0/data/ratis/211e8386-8c1f-4de2-8cdc-aad04a44c3a2 was interrupted, exiting. There are 0 tasks remaining in the queue.
2019-09-05 09:47:02,831 [ForkJoinPool.commonPool-worker-0] INFO  segmented.SegmentedRaftLogWorker (SegmentedRaftLogWorker.java:close(228)) - 6b93c345-ca95-4de7-ba67-344940d63a9c-SegmentedRaftLogWorker:Storage Directory /workdir/hadoop-ozone/integration-test/target/test-dir/MiniOzoneClusterImpl-ff056e79-355c-4fb1-b6e7-2d545f6c46f0/datanode-0/data/ratis/211e8386-8c1f-4de2-8cdc-aad04a44c3a2 close()
2019-09-05 09:47:02,836 [ForkJoinPool.commonPool-worker-0] INFO  server.GrpcService (GrpcService.java:closeImpl(155)) - 6b93c345-ca95-4de7-ba67-344940d63a9c: shutdown server with port 39948 now
2019-09-05 09:47:02,837 [ForkJoinPool.commonPool-worker-0] INFO  server.GrpcService (GrpcService.java:closeImpl(163)) - 6b93c345-ca95-4de7-ba67-344940d63a9c: shutdown server with port 39948 successfully
2019-09-05 09:47:02,838 [ForkJoinPool.commonPool-worker-0] INFO  utils.BackgroundService (BackgroundService.java:shutdown(148)) - Shutting down service BlockDeletingService
2019-09-05 09:47:02,839 [refreshUsed-/workdir/hadoop-ozone/integration-test/target/test-dir/MiniOzoneClusterImpl-ff056e79-355c-4fb1-b6e7-2d545f6c46f0/datanode-0/data/containers] WARN  fs.CachingGetSpaceUsed (CachingGetSpaceUsed.java:run(183)) - Thread Interrupted waiting to refresh disk information: sleep interrupted
2019-09-05 09:47:02,854 [ForkJoinPool.commonPool-worker-0] INFO  statemachine.DatanodeStateMachine (DatanodeStateMachine.java:stopDaemon(395)) - Ozone container server stopped.
2019-09-05 09:47:02,857 [ForkJoinPool.commonPool-worker-0] INFO  handler.ContextHandler (ContextHandler.java:doStop(910)) - Stopped o.e.j.w.WebAppContext@11d474a{/,null,UNAVAILABLE}{/hddsDatanode}
2019-09-05 09:47:02,857 [ForkJoinPool.commonPool-worker-0] INFO  server.AbstractConnector (AbstractConnector.java:doStop(318)) - Stopped ServerConnector@4be6531a{HTTP/1.1,[http/1.1]}{0.0.0.0:0}
2019-09-05 09:47:02,858 [ForkJoinPool.commonPool-worker-0] INFO  handler.ContextHandler (ContextHandler.java:doStop(910)) - Stopped o.e.j.s.ServletContextHandler@3a034950{/static,jar:file:/home/user/.m2/repository/org/apache/hadoop/hadoop-hdds-container-service/0.5.0-SNAPSHOT/hadoop-hdds-container-service-0.5.0-SNAPSHOT.jar!/webapps/static,UNAVAILABLE}
2019-09-05 09:47:02,859 [ForkJoinPool.commonPool-worker-0] INFO  handler.ContextHandler (ContextHandler.java:doStop(910)) - Stopped o.e.j.s.ServletContextHandler@22025464{/logs,file:///workdir/hadoop-ozone/integration-test/target/log,UNAVAILABLE}
2019-09-05 09:47:02,860 [main] INFO  ozone.MiniOzoneClusterImpl (MiniOzoneClusterImpl.java:stop(353)) - Stopping the StorageContainerManager
2019-09-05 09:47:02,860 [main] INFO  server.StorageContainerManager (StorageContainerManager.java:stop(797)) - Stopping Replication Manager Service.
2019-09-05 09:47:02,860 [main] INFO  container.ReplicationManager (ReplicationManager.java:stop(192)) - Stopping Replication Monitor Thread.
2019-09-05 09:47:02,860 [main] INFO  server.StorageContainerManager (StorageContainerManager.java:stop(804)) - Stopping Lease Manager of the command watchers
2019-09-05 09:47:02,860 [main] INFO  server.StorageContainerManager (StorageContainerManager.java:stop(811)) - Stopping datanode service RPC server
2019-09-05 09:47:02,861 [main] INFO  server.SCMDatanodeProtocolServer (SCMDatanodeProtocolServer.java:stop(367)) - Stopping the RPC server for DataNodes
2019-09-05 09:47:02,861 [main] INFO  ipc.Server (Server.java:stop(3082)) - Stopping server on 36945
2019-09-05 09:47:02,863 [IPC Server listener on 36945] INFO  ipc.Server (Server.java:run(1185)) - Stopping IPC Server listener on 36945
2019-09-05 09:47:02,864 [IPC Server Responder] INFO  ipc.Server (Server.java:run(1319)) - Stopping IPC Server Responder
2019-09-05 09:47:02,915 [SCM Heartbeat Processing Thread - 0] WARN  node.NodeStateManager (NodeStateManager.java:scheduleNextHealthCheck(655)) - Current Thread is interrupted, shutting down HB processing thread for Node Manager.
2019-09-05 09:47:02,915 [main] INFO  server.StorageContainerManager (StorageContainerManager.java:stop(819)) - Stopping block service RPC server
2019-09-05 09:47:02,916 [main] INFO  server.SCMBlockProtocolServer (SCMBlockProtocolServer.java:stop(148)) - Stopping the RPC server for Block Protocol
2019-09-05 09:47:02,916 [main] INFO  ipc.Server (Server.java:stop(3082)) - Stopping server on 32782
2019-09-05 09:47:02,917 [IPC Server listener on 32782] INFO  ipc.Server (Server.java:run(1185)) - Stopping IPC Server listener on 32782
2019-09-05 09:47:02,918 [main] INFO  server.StorageContainerManager (StorageContainerManager.java:stop(826)) - Stopping the StorageContainerLocationProtocol RPC server
2019-09-05 09:47:02,918 [main] INFO  server.SCMClientProtocolServer (SCMClientProtocolServer.java:stop(159)) - Stopping the RPC server for Client Protocol
2019-09-05 09:47:02,919 [main] INFO  ipc.Server (Server.java:stop(3082)) - Stopping server on 35110
2019-09-05 09:47:02,919 [IPC Server Responder] INFO  ipc.Server (Server.java:run(1319)) - Stopping IPC Server Responder
2019-09-05 09:47:02,921 [IPC Server listener on 35110] INFO  ipc.Server (Server.java:run(1185)) - Stopping IPC Server listener on 35110
2019-09-05 09:47:02,921 [main] INFO  server.StorageContainerManager (StorageContainerManager.java:stop(833)) - Stopping Storage Container Manager HTTP server.
2019-09-05 09:47:02,922 [IPC Server Responder] INFO  ipc.Server (Server.java:run(1319)) - Stopping IPC Server Responder
2019-09-05 09:47:02,923 [main] INFO  handler.ContextHandler (ContextHandler.java:doStop(910)) - Stopped o.e.j.w.WebAppContext@55d35f7a{/,null,UNAVAILABLE}{/scm}
2019-09-05 09:47:02,924 [main] INFO  server.AbstractConnector (AbstractConnector.java:doStop(318)) - Stopped ServerConnector@12ef7db5{HTTP/1.1,[http/1.1]}{0.0.0.0:0}
2019-09-05 09:47:02,924 [main] INFO  handler.ContextHandler (ContextHandler.java:doStop(910)) - Stopped o.e.j.s.ServletContextHandler@315bb2bb{/static,file:///workdir/hadoop-ozone/integration-test/target/test-classes/webapps/static,UNAVAILABLE}
2019-09-05 09:47:02,925 [main] INFO  handler.ContextHandler (ContextHandler.java:doStop(910)) - Stopped o.e.j.s.ServletContextHandler@2db0dd19{/logs,file:///workdir/hadoop-ozone/integration-test/target/log,UNAVAILABLE}
2019-09-05 09:47:02,926 [main] INFO  server.StorageContainerManager (StorageContainerManager.java:stop(844)) - Stopping Block Manager Service.
2019-09-05 09:47:02,926 [main] INFO  utils.BackgroundService (BackgroundService.java:shutdown(148)) - Shutting down service SCMBlockDeletingService
2019-09-05 09:47:02,926 [main] INFO  utils.BackgroundService (BackgroundService.java:shutdown(148)) - Shutting down service SCMBlockDeletingService
2019-09-05 09:47:02,927 [main] INFO  server.StorageContainerManager (StorageContainerManager.java:stop(866)) - Stopping SCM Event Queue.
2019-09-05 09:47:02,931 [main] INFO  impl.MetricsSystemImpl (MetricsSystemImpl.java:stop(210)) - Stopping HddsDatanode metrics system...
2019-09-05 09:47:02,939 [main] INFO  impl.MetricsSystemImpl (MetricsSystemImpl.java:stop(216)) - HddsDatanode metrics system stopped.
]]></system-out>
    <system-err><![CDATA[Sep 05, 2019 9:46:20 AM com.sun.jersey.server.impl.application.WebApplicationImpl _initiate
INFO: Initiating Jersey application, version 'Jersey: 1.19 02/11/2015 03:25 AM'
Sep 05, 2019 9:46:20 AM com.sun.jersey.server.impl.application.WebApplicationImpl _initiate
INFO: Initiating Jersey application, version 'Jersey: 1.19 02/11/2015 03:25 AM'
Sep 05, 2019 9:46:20 AM com.sun.jersey.server.impl.application.WebApplicationImpl _initiate
INFO: Initiating Jersey application, version 'Jersey: 1.19 02/11/2015 03:25 AM'
Sep 05, 2019 9:46:21 AM com.sun.jersey.server.impl.application.WebApplicationImpl _initiate
INFO: Initiating Jersey application, version 'Jersey: 1.19 02/11/2015 03:25 AM'
Sep 05, 2019 9:46:21 AM com.sun.jersey.server.impl.application.WebApplicationImpl _initiate
INFO: Initiating Jersey application, version 'Jersey: 1.19 02/11/2015 03:25 AM'
Sep 05, 2019 9:46:21 AM com.sun.jersey.server.impl.application.WebApplicationImpl _initiate
INFO: Initiating Jersey application, version 'Jersey: 1.19 02/11/2015 03:25 AM'
Sep 05, 2019 9:46:21 AM com.sun.jersey.server.impl.application.WebApplicationImpl _initiate
INFO: Initiating Jersey application, version 'Jersey: 1.19 02/11/2015 03:25 AM'
Sep 05, 2019 9:46:24 AM org.apache.ratis.thirdparty.io.grpc.internal.ManagedChannelOrphanWrapper$ManagedChannelReference cleanQueue
SEVERE: *~*~*~ Channel ManagedChannelImpl{logId=2538, target=192.168.69.64:33198} was not shutdown properly!!! ~*~*~*
    Make sure to call shutdown()/shutdownNow() and wait until awaitTermination() returns true.
java.lang.RuntimeException: ManagedChannel allocation site
	at org.apache.ratis.thirdparty.io.grpc.internal.ManagedChannelOrphanWrapper$ManagedChannelReference.<init>(ManagedChannelOrphanWrapper.java:103)
	at org.apache.ratis.thirdparty.io.grpc.internal.ManagedChannelOrphanWrapper.<init>(ManagedChannelOrphanWrapper.java:53)
	at org.apache.ratis.thirdparty.io.grpc.internal.ManagedChannelOrphanWrapper.<init>(ManagedChannelOrphanWrapper.java:44)
	at org.apache.ratis.thirdparty.io.grpc.internal.AbstractManagedChannelImplBuilder.build(AbstractManagedChannelImplBuilder.java:411)
	at org.apache.ratis.grpc.client.GrpcClientProtocolClient.<init>(GrpcClientProtocolClient.java:119)
	at org.apache.ratis.grpc.client.GrpcClientRpc.lambda$new$0(GrpcClientRpc.java:55)
	at org.apache.ratis.util.PeerProxyMap$PeerAndProxy.lambda$getProxy$0(PeerProxyMap.java:61)
	at org.apache.ratis.util.LifeCycle.startAndTransition(LifeCycle.java:202)
	at org.apache.ratis.util.PeerProxyMap$PeerAndProxy.getProxy(PeerProxyMap.java:60)
	at org.apache.ratis.util.PeerProxyMap.getProxy(PeerProxyMap.java:107)
	at org.apache.ratis.grpc.client.GrpcClientRpc.sendRequestAsync(GrpcClientRpc.java:66)
	at org.apache.ratis.client.impl.OrderedAsync.sendRequest(OrderedAsync.java:208)
	at org.apache.ratis.client.impl.OrderedAsync.sendRequestWithRetry(OrderedAsync.java:169)
	at org.apache.ratis.util.SlidingWindow$Client.sendOrDelayRequest(SlidingWindow.java:278)
	at org.apache.ratis.util.SlidingWindow$Client.submitNewRequest(SlidingWindow.java:257)
	at org.apache.ratis.client.impl.OrderedAsync.send(OrderedAsync.java:155)
	at org.apache.ratis.client.impl.RaftClientImpl.sendAsync(RaftClientImpl.java:145)
	at org.apache.ratis.client.impl.RaftClientImpl.sendAsync(RaftClientImpl.java:125)
	at org.apache.hadoop.hdds.scm.XceiverClientRatis.sendRequestAsync(XceiverClientRatis.java:224)
	at org.apache.hadoop.hdds.scm.XceiverClientRatis.sendCommandAsync(XceiverClientRatis.java:302)
	at org.apache.hadoop.hdds.scm.storage.ContainerProtocolCalls.writeChunkAsync(ContainerProtocolCalls.java:310)
	at org.apache.hadoop.hdds.scm.storage.BlockOutputStream.writeChunkToContainer(BlockOutputStream.java:601)
	at org.apache.hadoop.hdds.scm.storage.BlockOutputStream.writeChunk(BlockOutputStream.java:459)
	at org.apache.hadoop.hdds.scm.storage.BlockOutputStream.writeOnRetry(BlockOutputStream.java:285)
	at org.apache.hadoop.ozone.client.io.BlockOutputStreamEntry.writeOnRetry(BlockOutputStreamEntry.java:200)
	at org.apache.hadoop.ozone.client.io.KeyOutputStream.handleWrite(KeyOutputStream.java:209)
	at org.apache.hadoop.ozone.client.io.KeyOutputStream.handleRetry(KeyOutputStream.java:376)
	at org.apache.hadoop.ozone.client.io.KeyOutputStream.handleException(KeyOutputStream.java:325)
	at org.apache.hadoop.ozone.client.io.KeyOutputStream.handleFlushOrClose(KeyOutputStream.java:448)
	at org.apache.hadoop.ozone.client.io.KeyOutputStream.handleWrite(KeyOutputStream.java:235)
	at org.apache.hadoop.ozone.client.io.KeyOutputStream.write(KeyOutputStream.java:193)
	at org.apache.hadoop.ozone.client.io.OzoneOutputStream.write(OzoneOutputStream.java:49)
	at java.io.OutputStream.write(OutputStream.java:75)
	at org.apache.hadoop.ozone.client.rpc.TestBlockOutputStreamWithFailures.testDatanodeFailureWithSingleNodeRatis(TestBlockOutputStreamWithFailures.java:1021)
	at sun.reflect.NativeMethodAccessorImpl.invoke0(Native Method)
	at sun.reflect.NativeMethodAccessorImpl.invoke(NativeMethodAccessorImpl.java:62)
	at sun.reflect.DelegatingMethodAccessorImpl.invoke(DelegatingMethodAccessorImpl.java:43)
	at java.lang.reflect.Method.invoke(Method.java:498)
	at org.junit.runners.model.FrameworkMethod$1.runReflectiveCall(FrameworkMethod.java:47)
	at org.junit.internal.runners.model.ReflectiveCallable.run(ReflectiveCallable.java:12)
	at org.junit.runners.model.FrameworkMethod.invokeExplosively(FrameworkMethod.java:44)
	at org.junit.internal.runners.statements.InvokeMethod.evaluate(InvokeMethod.java:17)
	at org.junit.internal.runners.statements.RunBefores.evaluate(RunBefores.java:26)
	at org.junit.internal.runners.statements.RunAfters.evaluate(RunAfters.java:27)
	at org.junit.runners.ParentRunner.runLeaf(ParentRunner.java:271)
	at org.junit.runners.BlockJUnit4ClassRunner.runChild(BlockJUnit4ClassRunner.java:70)
	at org.junit.runners.BlockJUnit4ClassRunner.runChild(BlockJUnit4ClassRunner.java:50)
	at org.junit.runners.ParentRunner$3.run(ParentRunner.java:238)
	at org.junit.runners.ParentRunner$1.schedule(ParentRunner.java:63)
	at org.junit.runners.ParentRunner.runChildren(ParentRunner.java:236)
	at org.junit.runners.ParentRunner.access$000(ParentRunner.java:53)
	at org.junit.runners.ParentRunner$2.evaluate(ParentRunner.java:229)
	at org.junit.runners.ParentRunner.run(ParentRunner.java:309)
	at org.apache.maven.surefire.junit4.JUnit4Provider.execute(JUnit4Provider.java:365)
	at org.apache.maven.surefire.junit4.JUnit4Provider.executeWithRerun(JUnit4Provider.java:273)
	at org.apache.maven.surefire.junit4.JUnit4Provider.executeTestSet(JUnit4Provider.java:238)
	at org.apache.maven.surefire.junit4.JUnit4Provider.invoke(JUnit4Provider.java:159)
	at org.apache.maven.surefire.booter.ForkedBooter.invokeProviderInSameClassLoader(ForkedBooter.java:384)
	at org.apache.maven.surefire.booter.ForkedBooter.runSuitesInProcess(ForkedBooter.java:345)
	at org.apache.maven.surefire.booter.ForkedBooter.execute(ForkedBooter.java:126)
	at org.apache.maven.surefire.booter.ForkedBooter.main(ForkedBooter.java:418)

Sep 05, 2019 9:46:24 AM org.apache.ratis.thirdparty.io.grpc.internal.ManagedChannelOrphanWrapper$ManagedChannelReference cleanQueue
SEVERE: *~*~*~ Channel ManagedChannelImpl{logId=2763, target=192.168.69.64:38430} was not shutdown properly!!! ~*~*~*
    Make sure to call shutdown()/shutdownNow() and wait until awaitTermination() returns true.
java.lang.RuntimeException: ManagedChannel allocation site
	at org.apache.ratis.thirdparty.io.grpc.internal.ManagedChannelOrphanWrapper$ManagedChannelReference.<init>(ManagedChannelOrphanWrapper.java:103)
	at org.apache.ratis.thirdparty.io.grpc.internal.ManagedChannelOrphanWrapper.<init>(ManagedChannelOrphanWrapper.java:53)
	at org.apache.ratis.thirdparty.io.grpc.internal.ManagedChannelOrphanWrapper.<init>(ManagedChannelOrphanWrapper.java:44)
	at org.apache.ratis.thirdparty.io.grpc.internal.AbstractManagedChannelImplBuilder.build(AbstractManagedChannelImplBuilder.java:411)
	at org.apache.ratis.grpc.client.GrpcClientProtocolClient.<init>(GrpcClientProtocolClient.java:119)
	at org.apache.ratis.grpc.client.GrpcClientRpc.lambda$new$0(GrpcClientRpc.java:55)
	at org.apache.ratis.util.PeerProxyMap$PeerAndProxy.lambda$getProxy$0(PeerProxyMap.java:61)
	at org.apache.ratis.util.LifeCycle.startAndTransition(LifeCycle.java:202)
	at org.apache.ratis.util.PeerProxyMap$PeerAndProxy.getProxy(PeerProxyMap.java:60)
	at org.apache.ratis.util.PeerProxyMap.getProxy(PeerProxyMap.java:107)
	at org.apache.ratis.grpc.client.GrpcClientRpc.sendRequestAsync(GrpcClientRpc.java:66)
	at org.apache.ratis.client.impl.OrderedAsync.sendRequest(OrderedAsync.java:208)
	at org.apache.ratis.client.impl.OrderedAsync.sendRequestWithRetry(OrderedAsync.java:169)
	at org.apache.ratis.util.SlidingWindow$Client.sendOrDelayRequest(SlidingWindow.java:278)
	at org.apache.ratis.util.SlidingWindow$Client.retry(SlidingWindow.java:294)
	at org.apache.ratis.client.impl.OrderedAsync.lambda$scheduleWithTimeout$7(OrderedAsync.java:195)
	at org.apache.ratis.util.TimeoutScheduler.lambda$onTimeout$0(TimeoutScheduler.java:85)
	at org.apache.ratis.util.TimeoutScheduler.lambda$onTimeout$1(TimeoutScheduler.java:104)
	at org.apache.ratis.util.LogUtils.runAndLog(LogUtils.java:50)
	at org.apache.ratis.util.LogUtils$1.run(LogUtils.java:91)
	at java.util.concurrent.Executors$RunnableAdapter.call(Executors.java:511)
	at java.util.concurrent.FutureTask.run(FutureTask.java:266)
	at java.util.concurrent.ScheduledThreadPoolExecutor$ScheduledFutureTask.access$201(ScheduledThreadPoolExecutor.java:180)
	at java.util.concurrent.ScheduledThreadPoolExecutor$ScheduledFutureTask.run(ScheduledThreadPoolExecutor.java:293)
	at java.util.concurrent.ThreadPoolExecutor.runWorker(ThreadPoolExecutor.java:1149)
	at java.util.concurrent.ThreadPoolExecutor$Worker.run(ThreadPoolExecutor.java:624)
	at java.lang.Thread.run(Thread.java:748)

Sep 05, 2019 9:46:24 AM org.apache.ratis.thirdparty.io.grpc.internal.ManagedChannelOrphanWrapper$ManagedChannelReference cleanQueue
SEVERE: *~*~*~ Channel ManagedChannelImpl{logId=2778, target=192.168.69.64:37288} was not shutdown properly!!! ~*~*~*
    Make sure to call shutdown()/shutdownNow() and wait until awaitTermination() returns true.
java.lang.RuntimeException: ManagedChannel allocation site
	at org.apache.ratis.thirdparty.io.grpc.internal.ManagedChannelOrphanWrapper$ManagedChannelReference.<init>(ManagedChannelOrphanWrapper.java:103)
	at org.apache.ratis.thirdparty.io.grpc.internal.ManagedChannelOrphanWrapper.<init>(ManagedChannelOrphanWrapper.java:53)
	at org.apache.ratis.thirdparty.io.grpc.internal.ManagedChannelOrphanWrapper.<init>(ManagedChannelOrphanWrapper.java:44)
	at org.apache.ratis.thirdparty.io.grpc.internal.AbstractManagedChannelImplBuilder.build(AbstractManagedChannelImplBuilder.java:411)
	at org.apache.hadoop.hdds.scm.XceiverClientGrpc.connectToDatanode(XceiverClientGrpc.java:175)
	at org.apache.hadoop.hdds.scm.XceiverClientGrpc.reconnect(XceiverClientGrpc.java:423)
	at org.apache.hadoop.hdds.scm.XceiverClientGrpc.sendCommandAsync(XceiverClientGrpc.java:372)
	at org.apache.hadoop.hdds.scm.XceiverClientGrpc.sendCommandWithRetry(XceiverClientGrpc.java:285)
	at org.apache.hadoop.hdds.scm.XceiverClientGrpc.sendCommandWithTraceIDAndRetry(XceiverClientGrpc.java:251)
	at org.apache.hadoop.hdds.scm.XceiverClientGrpc.sendCommand(XceiverClientGrpc.java:234)
	at org.apache.hadoop.hdds.scm.storage.ContainerProtocolCalls.getBlock(ContainerProtocolCalls.java:118)
	at org.apache.hadoop.hdds.scm.storage.BlockInputStream.getChunkInfos(BlockInputStream.java:167)
	at org.apache.hadoop.hdds.scm.storage.BlockInputStream.initialize(BlockInputStream.java:118)
	at org.apache.hadoop.hdds.scm.storage.BlockInputStream.read(BlockInputStream.java:222)
	at org.apache.hadoop.ozone.client.io.KeyInputStream.read(KeyInputStream.java:171)
	at org.apache.hadoop.ozone.client.io.OzoneInputStream.read(OzoneInputStream.java:47)
	at java.io.InputStream.read(InputStream.java:101)
	at org.apache.hadoop.ozone.container.ContainerTestHelper.validateData(ContainerTestHelper.java:713)
	at org.apache.hadoop.ozone.client.rpc.TestBlockOutputStreamWithFailures.validateData(TestBlockOutputStreamWithFailures.java:1216)
	at org.apache.hadoop.ozone.client.rpc.TestBlockOutputStreamWithFailures.testWatchForCommitWithSingleNodeRatis(TestBlockOutputStreamWithFailures.java:918)
	at sun.reflect.NativeMethodAccessorImpl.invoke0(Native Method)
	at sun.reflect.NativeMethodAccessorImpl.invoke(NativeMethodAccessorImpl.java:62)
	at sun.reflect.DelegatingMethodAccessorImpl.invoke(DelegatingMethodAccessorImpl.java:43)
	at java.lang.reflect.Method.invoke(Method.java:498)
	at org.junit.runners.model.FrameworkMethod$1.runReflectiveCall(FrameworkMethod.java:47)
	at org.junit.internal.runners.model.ReflectiveCallable.run(ReflectiveCallable.java:12)
	at org.junit.runners.model.FrameworkMethod.invokeExplosively(FrameworkMethod.java:44)
	at org.junit.internal.runners.statements.InvokeMethod.evaluate(InvokeMethod.java:17)
	at org.junit.internal.runners.statements.RunBefores.evaluate(RunBefores.java:26)
	at org.junit.internal.runners.statements.RunAfters.evaluate(RunAfters.java:27)
	at org.junit.runners.ParentRunner.runLeaf(ParentRunner.java:271)
	at org.junit.runners.BlockJUnit4ClassRunner.runChild(BlockJUnit4ClassRunner.java:70)
	at org.junit.runners.BlockJUnit4ClassRunner.runChild(BlockJUnit4ClassRunner.java:50)
	at org.junit.runners.ParentRunner$3.run(ParentRunner.java:238)
	at org.junit.runners.ParentRunner$1.schedule(ParentRunner.java:63)
	at org.junit.runners.ParentRunner.runChildren(ParentRunner.java:236)
	at org.junit.runners.ParentRunner.access$000(ParentRunner.java:53)
	at org.junit.runners.ParentRunner$2.evaluate(ParentRunner.java:229)
	at org.junit.runners.ParentRunner.run(ParentRunner.java:309)
	at org.apache.maven.surefire.junit4.JUnit4Provider.execute(JUnit4Provider.java:365)
	at org.apache.maven.surefire.junit4.JUnit4Provider.executeWithRerun(JUnit4Provider.java:273)
	at org.apache.maven.surefire.junit4.JUnit4Provider.executeTestSet(JUnit4Provider.java:238)
	at org.apache.maven.surefire.junit4.JUnit4Provider.invoke(JUnit4Provider.java:159)
	at org.apache.maven.surefire.booter.ForkedBooter.invokeProviderInSameClassLoader(ForkedBooter.java:384)
	at org.apache.maven.surefire.booter.ForkedBooter.runSuitesInProcess(ForkedBooter.java:345)
	at org.apache.maven.surefire.booter.ForkedBooter.execute(ForkedBooter.java:126)
	at org.apache.maven.surefire.booter.ForkedBooter.main(ForkedBooter.java:418)

Sep 05, 2019 9:46:24 AM org.apache.ratis.thirdparty.io.grpc.internal.ManagedChannelOrphanWrapper$ManagedChannelReference cleanQueue
SEVERE: *~*~*~ Channel ManagedChannelImpl{logId=2773, target=192.168.69.64:42974} was not shutdown properly!!! ~*~*~*
    Make sure to call shutdown()/shutdownNow() and wait until awaitTermination() returns true.
java.lang.RuntimeException: ManagedChannel allocation site
	at org.apache.ratis.thirdparty.io.grpc.internal.ManagedChannelOrphanWrapper$ManagedChannelReference.<init>(ManagedChannelOrphanWrapper.java:103)
	at org.apache.ratis.thirdparty.io.grpc.internal.ManagedChannelOrphanWrapper.<init>(ManagedChannelOrphanWrapper.java:53)
	at org.apache.ratis.thirdparty.io.grpc.internal.ManagedChannelOrphanWrapper.<init>(ManagedChannelOrphanWrapper.java:44)
	at org.apache.ratis.thirdparty.io.grpc.internal.AbstractManagedChannelImplBuilder.build(AbstractManagedChannelImplBuilder.java:411)
	at org.apache.hadoop.hdds.scm.XceiverClientGrpc.connectToDatanode(XceiverClientGrpc.java:175)
	at org.apache.hadoop.hdds.scm.XceiverClientGrpc.reconnect(XceiverClientGrpc.java:423)
	at org.apache.hadoop.hdds.scm.XceiverClientGrpc.sendCommandAsync(XceiverClientGrpc.java:372)
	at org.apache.hadoop.hdds.scm.XceiverClientGrpc.sendCommandWithRetry(XceiverClientGrpc.java:285)
	at org.apache.hadoop.hdds.scm.XceiverClientGrpc.sendCommandWithTraceIDAndRetry(XceiverClientGrpc.java:251)
	at org.apache.hadoop.hdds.scm.XceiverClientGrpc.sendCommand(XceiverClientGrpc.java:234)
	at org.apache.hadoop.hdds.scm.storage.ContainerProtocolCalls.getBlock(ContainerProtocolCalls.java:118)
	at org.apache.hadoop.hdds.scm.storage.BlockInputStream.getChunkInfos(BlockInputStream.java:167)
	at org.apache.hadoop.hdds.scm.storage.BlockInputStream.initialize(BlockInputStream.java:118)
	at org.apache.hadoop.hdds.scm.storage.BlockInputStream.read(BlockInputStream.java:222)
	at org.apache.hadoop.ozone.client.io.KeyInputStream.read(KeyInputStream.java:171)
	at org.apache.hadoop.ozone.client.io.OzoneInputStream.read(OzoneInputStream.java:47)
	at java.io.InputStream.read(InputStream.java:101)
	at org.apache.hadoop.ozone.container.ContainerTestHelper.validateData(ContainerTestHelper.java:713)
	at org.apache.hadoop.ozone.client.rpc.TestBlockOutputStreamWithFailures.validateData(TestBlockOutputStreamWithFailures.java:1216)
	at org.apache.hadoop.ozone.client.rpc.TestBlockOutputStreamWithFailures.testWatchForCommitWithSingleNodeRatis(TestBlockOutputStreamWithFailures.java:918)
	at sun.reflect.NativeMethodAccessorImpl.invoke0(Native Method)
	at sun.reflect.NativeMethodAccessorImpl.invoke(NativeMethodAccessorImpl.java:62)
	at sun.reflect.DelegatingMethodAccessorImpl.invoke(DelegatingMethodAccessorImpl.java:43)
	at java.lang.reflect.Method.invoke(Method.java:498)
	at org.junit.runners.model.FrameworkMethod$1.runReflectiveCall(FrameworkMethod.java:47)
	at org.junit.internal.runners.model.ReflectiveCallable.run(ReflectiveCallable.java:12)
	at org.junit.runners.model.FrameworkMethod.invokeExplosively(FrameworkMethod.java:44)
	at org.junit.internal.runners.statements.InvokeMethod.evaluate(InvokeMethod.java:17)
	at org.junit.internal.runners.statements.RunBefores.evaluate(RunBefores.java:26)
	at org.junit.internal.runners.statements.RunAfters.evaluate(RunAfters.java:27)
	at org.junit.runners.ParentRunner.runLeaf(ParentRunner.java:271)
	at org.junit.runners.BlockJUnit4ClassRunner.runChild(BlockJUnit4ClassRunner.java:70)
	at org.junit.runners.BlockJUnit4ClassRunner.runChild(BlockJUnit4ClassRunner.java:50)
	at org.junit.runners.ParentRunner$3.run(ParentRunner.java:238)
	at org.junit.runners.ParentRunner$1.schedule(ParentRunner.java:63)
	at org.junit.runners.ParentRunner.runChildren(ParentRunner.java:236)
	at org.junit.runners.ParentRunner.access$000(ParentRunner.java:53)
	at org.junit.runners.ParentRunner$2.evaluate(ParentRunner.java:229)
	at org.junit.runners.ParentRunner.run(ParentRunner.java:309)
	at org.apache.maven.surefire.junit4.JUnit4Provider.execute(JUnit4Provider.java:365)
	at org.apache.maven.surefire.junit4.JUnit4Provider.executeWithRerun(JUnit4Provider.java:273)
	at org.apache.maven.surefire.junit4.JUnit4Provider.executeTestSet(JUnit4Provider.java:238)
	at org.apache.maven.surefire.junit4.JUnit4Provider.invoke(JUnit4Provider.java:159)
	at org.apache.maven.surefire.booter.ForkedBooter.invokeProviderInSameClassLoader(ForkedBooter.java:384)
	at org.apache.maven.surefire.booter.ForkedBooter.runSuitesInProcess(ForkedBooter.java:345)
	at org.apache.maven.surefire.booter.ForkedBooter.execute(ForkedBooter.java:126)
	at org.apache.maven.surefire.booter.ForkedBooter.main(ForkedBooter.java:418)

Sep 05, 2019 9:46:24 AM org.apache.ratis.thirdparty.io.grpc.internal.ManagedChannelOrphanWrapper$ManagedChannelReference cleanQueue
SEVERE: *~*~*~ Channel ManagedChannelImpl{logId=2559, target=192.168.69.64:38769} was not shutdown properly!!! ~*~*~*
    Make sure to call shutdown()/shutdownNow() and wait until awaitTermination() returns true.
java.lang.RuntimeException: ManagedChannel allocation site
	at org.apache.ratis.thirdparty.io.grpc.internal.ManagedChannelOrphanWrapper$ManagedChannelReference.<init>(ManagedChannelOrphanWrapper.java:103)
	at org.apache.ratis.thirdparty.io.grpc.internal.ManagedChannelOrphanWrapper.<init>(ManagedChannelOrphanWrapper.java:53)
	at org.apache.ratis.thirdparty.io.grpc.internal.ManagedChannelOrphanWrapper.<init>(ManagedChannelOrphanWrapper.java:44)
	at org.apache.ratis.thirdparty.io.grpc.internal.AbstractManagedChannelImplBuilder.build(AbstractManagedChannelImplBuilder.java:411)
	at org.apache.hadoop.hdds.scm.XceiverClientGrpc.connectToDatanode(XceiverClientGrpc.java:175)
	at org.apache.hadoop.hdds.scm.XceiverClientGrpc.reconnect(XceiverClientGrpc.java:423)
	at org.apache.hadoop.hdds.scm.XceiverClientGrpc.sendCommandAsync(XceiverClientGrpc.java:372)
	at org.apache.hadoop.hdds.scm.XceiverClientGrpc.sendCommandWithRetry(XceiverClientGrpc.java:285)
	at org.apache.hadoop.hdds.scm.XceiverClientGrpc.sendCommandWithTraceIDAndRetry(XceiverClientGrpc.java:251)
	at org.apache.hadoop.hdds.scm.XceiverClientGrpc.sendCommand(XceiverClientGrpc.java:234)
	at org.apache.hadoop.hdds.scm.storage.ContainerProtocolCalls.getBlock(ContainerProtocolCalls.java:118)
	at org.apache.hadoop.hdds.scm.storage.BlockInputStream.getChunkInfos(BlockInputStream.java:167)
	at org.apache.hadoop.hdds.scm.storage.BlockInputStream.initialize(BlockInputStream.java:118)
	at org.apache.hadoop.hdds.scm.storage.BlockInputStream.read(BlockInputStream.java:222)
	at org.apache.hadoop.ozone.client.io.KeyInputStream.read(KeyInputStream.java:171)
	at org.apache.hadoop.ozone.client.io.OzoneInputStream.read(OzoneInputStream.java:47)
	at java.io.InputStream.read(InputStream.java:101)
	at org.apache.hadoop.ozone.container.ContainerTestHelper.validateData(ContainerTestHelper.java:713)
	at org.apache.hadoop.ozone.client.rpc.TestBlockOutputStreamWithFailures.validateData(TestBlockOutputStreamWithFailures.java:1216)
	at org.apache.hadoop.ozone.client.rpc.TestBlockOutputStreamWithFailures.testDatanodeFailureWithSingleNodeRatis(TestBlockOutputStreamWithFailures.java:1058)
	at sun.reflect.NativeMethodAccessorImpl.invoke0(Native Method)
	at sun.reflect.NativeMethodAccessorImpl.invoke(NativeMethodAccessorImpl.java:62)
	at sun.reflect.DelegatingMethodAccessorImpl.invoke(DelegatingMethodAccessorImpl.java:43)
	at java.lang.reflect.Method.invoke(Method.java:498)
	at org.junit.runners.model.FrameworkMethod$1.runReflectiveCall(FrameworkMethod.java:47)
	at org.junit.internal.runners.model.ReflectiveCallable.run(ReflectiveCallable.java:12)
	at org.junit.runners.model.FrameworkMethod.invokeExplosively(FrameworkMethod.java:44)
	at org.junit.internal.runners.statements.InvokeMethod.evaluate(InvokeMethod.java:17)
	at org.junit.internal.runners.statements.RunBefores.evaluate(RunBefores.java:26)
	at org.junit.internal.runners.statements.RunAfters.evaluate(RunAfters.java:27)
	at org.junit.runners.ParentRunner.runLeaf(ParentRunner.java:271)
	at org.junit.runners.BlockJUnit4ClassRunner.runChild(BlockJUnit4ClassRunner.java:70)
	at org.junit.runners.BlockJUnit4ClassRunner.runChild(BlockJUnit4ClassRunner.java:50)
	at org.junit.runners.ParentRunner$3.run(ParentRunner.java:238)
	at org.junit.runners.ParentRunner$1.schedule(ParentRunner.java:63)
	at org.junit.runners.ParentRunner.runChildren(ParentRunner.java:236)
	at org.junit.runners.ParentRunner.access$000(ParentRunner.java:53)
	at org.junit.runners.ParentRunner$2.evaluate(ParentRunner.java:229)
	at org.junit.runners.ParentRunner.run(ParentRunner.java:309)
	at org.apache.maven.surefire.junit4.JUnit4Provider.execute(JUnit4Provider.java:365)
	at org.apache.maven.surefire.junit4.JUnit4Provider.executeWithRerun(JUnit4Provider.java:273)
	at org.apache.maven.surefire.junit4.JUnit4Provider.executeTestSet(JUnit4Provider.java:238)
	at org.apache.maven.surefire.junit4.JUnit4Provider.invoke(JUnit4Provider.java:159)
	at org.apache.maven.surefire.booter.ForkedBooter.invokeProviderInSameClassLoader(ForkedBooter.java:384)
	at org.apache.maven.surefire.booter.ForkedBooter.runSuitesInProcess(ForkedBooter.java:345)
	at org.apache.maven.surefire.booter.ForkedBooter.execute(ForkedBooter.java:126)
	at org.apache.maven.surefire.booter.ForkedBooter.main(ForkedBooter.java:418)

Sep 05, 2019 9:46:24 AM org.apache.ratis.thirdparty.io.grpc.internal.ManagedChannelOrphanWrapper$ManagedChannelReference cleanQueue
SEVERE: *~*~*~ Channel ManagedChannelImpl{logId=2564, target=192.168.69.64:35939} was not shutdown properly!!! ~*~*~*
    Make sure to call shutdown()/shutdownNow() and wait until awaitTermination() returns true.
java.lang.RuntimeException: ManagedChannel allocation site
	at org.apache.ratis.thirdparty.io.grpc.internal.ManagedChannelOrphanWrapper$ManagedChannelReference.<init>(ManagedChannelOrphanWrapper.java:103)
	at org.apache.ratis.thirdparty.io.grpc.internal.ManagedChannelOrphanWrapper.<init>(ManagedChannelOrphanWrapper.java:53)
	at org.apache.ratis.thirdparty.io.grpc.internal.ManagedChannelOrphanWrapper.<init>(ManagedChannelOrphanWrapper.java:44)
	at org.apache.ratis.thirdparty.io.grpc.internal.AbstractManagedChannelImplBuilder.build(AbstractManagedChannelImplBuilder.java:411)
	at org.apache.hadoop.hdds.scm.XceiverClientGrpc.connectToDatanode(XceiverClientGrpc.java:175)
	at org.apache.hadoop.hdds.scm.XceiverClientGrpc.reconnect(XceiverClientGrpc.java:423)
	at org.apache.hadoop.hdds.scm.XceiverClientGrpc.sendCommandAsync(XceiverClientGrpc.java:372)
	at org.apache.hadoop.hdds.scm.XceiverClientGrpc.sendCommandWithRetry(XceiverClientGrpc.java:285)
	at org.apache.hadoop.hdds.scm.XceiverClientGrpc.sendCommandWithTraceIDAndRetry(XceiverClientGrpc.java:251)
	at org.apache.hadoop.hdds.scm.XceiverClientGrpc.sendCommand(XceiverClientGrpc.java:234)
	at org.apache.hadoop.hdds.scm.storage.ContainerProtocolCalls.getBlock(ContainerProtocolCalls.java:118)
	at org.apache.hadoop.hdds.scm.storage.BlockInputStream.getChunkInfos(BlockInputStream.java:167)
	at org.apache.hadoop.hdds.scm.storage.BlockInputStream.initialize(BlockInputStream.java:118)
	at org.apache.hadoop.hdds.scm.storage.BlockInputStream.read(BlockInputStream.java:222)
	at org.apache.hadoop.ozone.client.io.KeyInputStream.read(KeyInputStream.java:171)
	at org.apache.hadoop.ozone.client.io.OzoneInputStream.read(OzoneInputStream.java:47)
	at java.io.InputStream.read(InputStream.java:101)
	at org.apache.hadoop.ozone.container.ContainerTestHelper.validateData(ContainerTestHelper.java:713)
	at org.apache.hadoop.ozone.client.rpc.TestBlockOutputStreamWithFailures.validateData(TestBlockOutputStreamWithFailures.java:1216)
	at org.apache.hadoop.ozone.client.rpc.TestBlockOutputStreamWithFailures.testDatanodeFailureWithSingleNodeRatis(TestBlockOutputStreamWithFailures.java:1058)
	at sun.reflect.NativeMethodAccessorImpl.invoke0(Native Method)
	at sun.reflect.NativeMethodAccessorImpl.invoke(NativeMethodAccessorImpl.java:62)
	at sun.reflect.DelegatingMethodAccessorImpl.invoke(DelegatingMethodAccessorImpl.java:43)
	at java.lang.reflect.Method.invoke(Method.java:498)
	at org.junit.runners.model.FrameworkMethod$1.runReflectiveCall(FrameworkMethod.java:47)
	at org.junit.internal.runners.model.ReflectiveCallable.run(ReflectiveCallable.java:12)
	at org.junit.runners.model.FrameworkMethod.invokeExplosively(FrameworkMethod.java:44)
	at org.junit.internal.runners.statements.InvokeMethod.evaluate(InvokeMethod.java:17)
	at org.junit.internal.runners.statements.RunBefores.evaluate(RunBefores.java:26)
	at org.junit.internal.runners.statements.RunAfters.evaluate(RunAfters.java:27)
	at org.junit.runners.ParentRunner.runLeaf(ParentRunner.java:271)
	at org.junit.runners.BlockJUnit4ClassRunner.runChild(BlockJUnit4ClassRunner.java:70)
	at org.junit.runners.BlockJUnit4ClassRunner.runChild(BlockJUnit4ClassRunner.java:50)
	at org.junit.runners.ParentRunner$3.run(ParentRunner.java:238)
	at org.junit.runners.ParentRunner$1.schedule(ParentRunner.java:63)
	at org.junit.runners.ParentRunner.runChildren(ParentRunner.java:236)
	at org.junit.runners.ParentRunner.access$000(ParentRunner.java:53)
	at org.junit.runners.ParentRunner$2.evaluate(ParentRunner.java:229)
	at org.junit.runners.ParentRunner.run(ParentRunner.java:309)
	at org.apache.maven.surefire.junit4.JUnit4Provider.execute(JUnit4Provider.java:365)
	at org.apache.maven.surefire.junit4.JUnit4Provider.executeWithRerun(JUnit4Provider.java:273)
	at org.apache.maven.surefire.junit4.JUnit4Provider.executeTestSet(JUnit4Provider.java:238)
	at org.apache.maven.surefire.junit4.JUnit4Provider.invoke(JUnit4Provider.java:159)
	at org.apache.maven.surefire.booter.ForkedBooter.invokeProviderInSameClassLoader(ForkedBooter.java:384)
	at org.apache.maven.surefire.booter.ForkedBooter.runSuitesInProcess(ForkedBooter.java:345)
	at org.apache.maven.surefire.booter.ForkedBooter.execute(ForkedBooter.java:126)
	at org.apache.maven.surefire.booter.ForkedBooter.main(ForkedBooter.java:418)

Sep 05, 2019 9:46:24 AM org.apache.ratis.thirdparty.io.grpc.internal.ManagedChannelOrphanWrapper$ManagedChannelReference cleanQueue
SEVERE: *~*~*~ Channel ManagedChannelImpl{logId=2768, target=192.168.69.64:44556} was not shutdown properly!!! ~*~*~*
    Make sure to call shutdown()/shutdownNow() and wait until awaitTermination() returns true.
java.lang.RuntimeException: ManagedChannel allocation site
	at org.apache.ratis.thirdparty.io.grpc.internal.ManagedChannelOrphanWrapper$ManagedChannelReference.<init>(ManagedChannelOrphanWrapper.java:103)
	at org.apache.ratis.thirdparty.io.grpc.internal.ManagedChannelOrphanWrapper.<init>(ManagedChannelOrphanWrapper.java:53)
	at org.apache.ratis.thirdparty.io.grpc.internal.ManagedChannelOrphanWrapper.<init>(ManagedChannelOrphanWrapper.java:44)
	at org.apache.ratis.thirdparty.io.grpc.internal.AbstractManagedChannelImplBuilder.build(AbstractManagedChannelImplBuilder.java:411)
	at org.apache.ratis.grpc.client.GrpcClientProtocolClient.<init>(GrpcClientProtocolClient.java:119)
	at org.apache.ratis.grpc.client.GrpcClientRpc.lambda$new$0(GrpcClientRpc.java:55)
	at org.apache.ratis.util.PeerProxyMap$PeerAndProxy.lambda$getProxy$0(PeerProxyMap.java:61)
	at org.apache.ratis.util.LifeCycle.startAndTransition(LifeCycle.java:202)
	at org.apache.ratis.util.PeerProxyMap$PeerAndProxy.getProxy(PeerProxyMap.java:60)
	at org.apache.ratis.util.PeerProxyMap.getProxy(PeerProxyMap.java:107)
	at org.apache.ratis.grpc.client.GrpcClientRpc.sendRequestAsync(GrpcClientRpc.java:66)
	at org.apache.ratis.client.impl.OrderedAsync.sendRequest(OrderedAsync.java:208)
	at org.apache.ratis.client.impl.OrderedAsync.sendRequestWithRetry(OrderedAsync.java:169)
	at org.apache.ratis.util.SlidingWindow$Client.sendOrDelayRequest(SlidingWindow.java:278)
	at org.apache.ratis.util.SlidingWindow$Client.submitNewRequest(SlidingWindow.java:257)
	at org.apache.ratis.client.impl.OrderedAsync.send(OrderedAsync.java:155)
	at org.apache.ratis.client.impl.RaftClientImpl.sendAsync(RaftClientImpl.java:145)
	at org.apache.ratis.client.impl.RaftClientImpl.sendAsync(RaftClientImpl.java:125)
	at org.apache.hadoop.hdds.scm.XceiverClientRatis.sendRequestAsync(XceiverClientRatis.java:224)
	at org.apache.hadoop.hdds.scm.XceiverClientRatis.sendCommandAsync(XceiverClientRatis.java:302)
	at org.apache.hadoop.hdds.scm.storage.ContainerProtocolCalls.writeChunkAsync(ContainerProtocolCalls.java:310)
	at org.apache.hadoop.hdds.scm.storage.BlockOutputStream.writeChunkToContainer(BlockOutputStream.java:601)
	at org.apache.hadoop.hdds.scm.storage.BlockOutputStream.writeChunk(BlockOutputStream.java:459)
	at org.apache.hadoop.hdds.scm.storage.BlockOutputStream.writeOnRetry(BlockOutputStream.java:285)
	at org.apache.hadoop.ozone.client.io.BlockOutputStreamEntry.writeOnRetry(BlockOutputStreamEntry.java:200)
	at org.apache.hadoop.ozone.client.io.KeyOutputStream.handleWrite(KeyOutputStream.java:209)
	at org.apache.hadoop.ozone.client.io.KeyOutputStream.handleRetry(KeyOutputStream.java:376)
	at org.apache.hadoop.ozone.client.io.KeyOutputStream.handleException(KeyOutputStream.java:325)
	at org.apache.hadoop.ozone.client.io.KeyOutputStream.handleFlushOrClose(KeyOutputStream.java:448)
	at org.apache.hadoop.ozone.client.io.KeyOutputStream.handleWrite(KeyOutputStream.java:235)
	at org.apache.hadoop.ozone.client.io.KeyOutputStream.write(KeyOutputStream.java:193)
	at org.apache.hadoop.ozone.client.io.OzoneOutputStream.write(OzoneOutputStream.java:49)
	at java.io.OutputStream.write(OutputStream.java:75)
	at org.apache.hadoop.ozone.client.rpc.TestBlockOutputStreamWithFailures.testWatchForCommitWithSingleNodeRatis(TestBlockOutputStreamWithFailures.java:885)
	at sun.reflect.NativeMethodAccessorImpl.invoke0(Native Method)
	at sun.reflect.NativeMethodAccessorImpl.invoke(NativeMethodAccessorImpl.java:62)
	at sun.reflect.DelegatingMethodAccessorImpl.invoke(DelegatingMethodAccessorImpl.java:43)
	at java.lang.reflect.Method.invoke(Method.java:498)
	at org.junit.runners.model.FrameworkMethod$1.runReflectiveCall(FrameworkMethod.java:47)
	at org.junit.internal.runners.model.ReflectiveCallable.run(ReflectiveCallable.java:12)
	at org.junit.runners.model.FrameworkMethod.invokeExplosively(FrameworkMethod.java:44)
	at org.junit.internal.runners.statements.InvokeMethod.evaluate(InvokeMethod.java:17)
	at org.junit.internal.runners.statements.RunBefores.evaluate(RunBefores.java:26)
	at org.junit.internal.runners.statements.RunAfters.evaluate(RunAfters.java:27)
	at org.junit.runners.ParentRunner.runLeaf(ParentRunner.java:271)
	at org.junit.runners.BlockJUnit4ClassRunner.runChild(BlockJUnit4ClassRunner.java:70)
	at org.junit.runners.BlockJUnit4ClassRunner.runChild(BlockJUnit4ClassRunner.java:50)
	at org.junit.runners.ParentRunner$3.run(ParentRunner.java:238)
	at org.junit.runners.ParentRunner$1.schedule(ParentRunner.java:63)
	at org.junit.runners.ParentRunner.runChildren(ParentRunner.java:236)
	at org.junit.runners.ParentRunner.access$000(ParentRunner.java:53)
	at org.junit.runners.ParentRunner$2.evaluate(ParentRunner.java:229)
	at org.junit.runners.ParentRunner.run(ParentRunner.java:309)
	at org.apache.maven.surefire.junit4.JUnit4Provider.execute(JUnit4Provider.java:365)
	at org.apache.maven.surefire.junit4.JUnit4Provider.executeWithRerun(JUnit4Provider.java:273)
	at org.apache.maven.surefire.junit4.JUnit4Provider.executeTestSet(JUnit4Provider.java:238)
	at org.apache.maven.surefire.junit4.JUnit4Provider.invoke(JUnit4Provider.java:159)
	at org.apache.maven.surefire.booter.ForkedBooter.invokeProviderInSameClassLoader(ForkedBooter.java:384)
	at org.apache.maven.surefire.booter.ForkedBooter.runSuitesInProcess(ForkedBooter.java:345)
	at org.apache.maven.surefire.booter.ForkedBooter.execute(ForkedBooter.java:126)
	at org.apache.maven.surefire.booter.ForkedBooter.main(ForkedBooter.java:418)

]]></system-err>
  </testcase>
  <testcase name="testFailureWithPrimeSizedData" classname="org.apache.hadoop.ozone.client.rpc.TestBlockOutputStreamWithFailures" time="39.238"/>
  <testcase name="testWatchForCommitWithCloseContainerException" classname="org.apache.hadoop.ozone.client.rpc.TestBlockOutputStreamWithFailures" time="36.392"/>
  <testcase name="testExceptionDuringClose" classname="org.apache.hadoop.ozone.client.rpc.TestBlockOutputStreamWithFailures" time="46.697"/>
</testsuite>