<?xml version="1.0" encoding="UTF-8"?>
<testsuite xmlns:xsi="http://www.w3.org/2001/XMLSchema-instance" xsi:noNamespaceSchemaLocation="https://maven.apache.org/surefire/maven-surefire-plugin/xsd/surefire-test-report.xsd" name="org.apache.hadoop.ozone.client.rpc.TestContainerReplicationEndToEnd" time="28.634" tests="1" errors="1" skipped="0" failures="0">
  <properties>
    <property name="awt.toolkit" value="sun.awt.X11.XToolkit"/>
    <property name="file.encoding.pkg" value="sun.io"/>
    <property name="java.specification.version" value="1.8"/>
    <property name="sun.cpu.isalist" value=""/>
    <property name="sun.jnu.encoding" value="UTF-8"/>
    <property name="java.class.path" value="/workdir/hadoop-ozone/integration-test/target/test-classes:/workdir/hadoop-ozone/integration-test/target/classes:/home/user/.m2/repository/org/apache/hadoop/hadoop-ozone-common/0.5.0-SNAPSHOT/hadoop-ozone-common-0.5.0-SNAPSHOT.jar:/home/user/.m2/repository/org/apache/commons/commons-compress/1.4.1/commons-compress-1.4.1.jar:/home/user/.m2/repository/org/tukaani/xz/1.0/xz-1.0.jar:/home/user/.m2/repository/org/apache/hadoop/hadoop-common/3.2.0/hadoop-common-3.2.0.jar:/home/user/.m2/repository/org/apache/hadoop/hadoop-hdfs/3.2.0/hadoop-hdfs-3.2.0.jar:/home/user/.m2/repository/org/apache/hadoop/hadoop-hdfs-client/3.2.0/hadoop-hdfs-client-3.2.0.jar:/home/user/.m2/repository/com/fasterxml/jackson/core/jackson-annotations/2.9.9/jackson-annotations-2.9.9.jar:/home/user/.m2/repository/org/apache/hadoop/hadoop-hdds-common/0.5.0-SNAPSHOT/hadoop-hdds-common-0.5.0-SNAPSHOT.jar:/home/user/.m2/repository/javax/annotation/javax.annotation-api/1.2/javax.annotation-api-1.2.jar:/home/user/.m2/repository/org/apache/ratis/ratis-server/0.4.0-78e95b9-SNAPSHOT/ratis-server-0.4.0-78e95b9-SNAPSHOT.jar:/home/user/.m2/repository/org/apache/ratis/ratis-thirdparty-misc/0.2.0/ratis-thirdparty-misc-0.2.0.jar:/home/user/.m2/repository/org/apache/ratis/ratis-proto/0.4.0-78e95b9-SNAPSHOT/ratis-proto-0.4.0-78e95b9-SNAPSHOT.jar:/home/user/.m2/repository/org/apache/ratis/ratis-common/0.4.0-78e95b9-SNAPSHOT/ratis-common-0.4.0-78e95b9-SNAPSHOT.jar:/home/user/.m2/repository/org/apache/ratis/ratis-client/0.4.0-78e95b9-SNAPSHOT/ratis-client-0.4.0-78e95b9-SNAPSHOT.jar:/home/user/.m2/repository/org/apache/ratis/ratis-metrics/0.4.0-78e95b9-SNAPSHOT/ratis-metrics-0.4.0-78e95b9-SNAPSHOT.jar:/home/user/.m2/repository/com/github/joshelser/dropwizard-metrics-hadoop-metrics2-reporter/0.1.2/dropwizard-metrics-hadoop-metrics2-reporter-0.1.2.jar:/home/user/.m2/repository/io/dropwizard/metrics/metrics-jvm/3.2.5/metrics-jvm-3.2.5.jar:/home/user/.m2/repository/io/dropwizard/metrics/metrics-ganglia/3.2.5/metrics-ganglia-3.2.5.jar:/home/user/.m2/repository/info/ganglia/gmetric4j/gmetric4j/1.0.7/gmetric4j-1.0.7.jar:/home/user/.m2/repository/org/apache/ratis/ratis-netty/0.4.0-78e95b9-SNAPSHOT/ratis-netty-0.4.0-78e95b9-SNAPSHOT.jar:/home/user/.m2/repository/org/apache/ratis/ratis-grpc/0.4.0-78e95b9-SNAPSHOT/ratis-grpc-0.4.0-78e95b9-SNAPSHOT.jar:/home/user/.m2/repository/org/rocksdb/rocksdbjni/6.0.1/rocksdbjni-6.0.1.jar:/home/user/.m2/repository/org/apache/logging/log4j/log4j-api/2.11.0/log4j-api-2.11.0.jar:/home/user/.m2/repository/org/apache/logging/log4j/log4j-core/2.11.0/log4j-core-2.11.0.jar:/home/user/.m2/repository/com/lmax/disruptor/3.4.2/disruptor-3.4.2.jar:/home/user/.m2/repository/org/apache/commons/commons-pool2/2.6.0/commons-pool2-2.6.0.jar:/home/user/.m2/repository/org/bouncycastle/bcpkix-jdk15on/1.60/bcpkix-jdk15on-1.60.jar:/home/user/.m2/repository/commons-validator/commons-validator/1.6/commons-validator-1.6.jar:/home/user/.m2/repository/commons-digester/commons-digester/1.8.1/commons-digester-1.8.1.jar:/home/user/.m2/repository/io/jaegertracing/jaeger-client/0.33.1/jaeger-client-0.33.1.jar:/home/user/.m2/repository/io/jaegertracing/jaeger-thrift/0.33.1/jaeger-thrift-0.33.1.jar:/home/user/.m2/repository/org/apache/thrift/libthrift/0.11.0/libthrift-0.11.0.jar:/home/user/.m2/repository/com/squareup/okhttp3/okhttp/3.9.0/okhttp-3.9.0.jar:/home/user/.m2/repository/com/squareup/okio/okio/1.13.0/okio-1.13.0.jar:/home/user/.m2/repository/io/jaegertracing/jaeger-core/0.33.1/jaeger-core-0.33.1.jar:/home/user/.m2/repository/io/jaegertracing/jaeger-tracerresolver/0.33.1/jaeger-tracerresolver-0.33.1.jar:/home/user/.m2/repository/io/opentracing/contrib/opentracing-tracerresolver/0.1.5/opentracing-tracerresolver-0.1.5.jar:/home/user/.m2/repository/io/opentracing/opentracing-util/0.31.0/opentracing-util-0.31.0.jar:/home/user/.m2/repository/io/opentracing/opentracing-api/0.31.0/opentracing-api-0.31.0.jar:/home/user/.m2/repository/io/opentracing/opentracing-noop/0.31.0/opentracing-noop-0.31.0.jar:/home/user/.m2/repository/org/apache/hadoop/hadoop-hdds-server-framework/0.5.0-SNAPSHOT/hadoop-hdds-server-framework-0.5.0-SNAPSHOT.jar:/home/user/.m2/repository/org/apache/hadoop/hadoop-hdds-container-service/0.5.0-SNAPSHOT/hadoop-hdds-container-service-0.5.0-SNAPSHOT.jar:/home/user/.m2/repository/org/apache/hadoop/hadoop-hdds-client/0.5.0-SNAPSHOT/hadoop-hdds-client-0.5.0-SNAPSHOT.jar:/home/user/.m2/repository/org/apache/hadoop/hadoop-hdds-tools/0.5.0-SNAPSHOT/hadoop-hdds-tools-0.5.0-SNAPSHOT.jar:/home/user/.m2/repository/org/apache/hadoop/hadoop-hdds-server-scm/0.5.0-SNAPSHOT/hadoop-hdds-server-scm-0.5.0-SNAPSHOT.jar:/home/user/.m2/repository/org/apache/hadoop/hadoop-hdds-docs/0.5.0-SNAPSHOT/hadoop-hdds-docs-0.5.0-SNAPSHOT.jar:/home/user/.m2/repository/io/dropwizard/metrics/metrics-core/3.2.4/metrics-core-3.2.4.jar:/home/user/.m2/repository/org/hamcrest/hamcrest-all/1.3/hamcrest-all-1.3.jar:/home/user/.m2/repository/org/bouncycastle/bcprov-jdk15on/1.60/bcprov-jdk15on-1.60.jar:/home/user/.m2/repository/info/picocli/picocli/3.9.6/picocli-3.9.6.jar:/home/user/.m2/repository/com/google/protobuf/protobuf-java/2.5.0/protobuf-java-2.5.0.jar:/home/user/.m2/repository/com/google/guava/guava/11.0.2/guava-11.0.2.jar:/home/user/.m2/repository/org/apache/hadoop/hadoop-ozone-ozone-manager/0.5.0-SNAPSHOT/hadoop-ozone-ozone-manager-0.5.0-SNAPSHOT.jar:/home/user/.m2/repository/org/apache/hadoop/hadoop-minikdc/3.2.0/hadoop-minikdc-3.2.0.jar:/home/user/.m2/repository/commons-io/commons-io/2.5/commons-io-2.5.jar:/home/user/.m2/repository/org/apache/kerby/kerb-simplekdc/1.0.1/kerb-simplekdc-1.0.1.jar:/home/user/.m2/repository/org/apache/kerby/kerb-client/1.0.1/kerb-client-1.0.1.jar:/home/user/.m2/repository/org/apache/kerby/kerby-config/1.0.1/kerby-config-1.0.1.jar:/home/user/.m2/repository/org/apache/kerby/kerb-core/1.0.1/kerb-core-1.0.1.jar:/home/user/.m2/repository/org/apache/kerby/kerby-pkix/1.0.1/kerby-pkix-1.0.1.jar:/home/user/.m2/repository/org/apache/kerby/kerby-asn1/1.0.1/kerby-asn1-1.0.1.jar:/home/user/.m2/repository/org/apache/kerby/kerby-util/1.0.1/kerby-util-1.0.1.jar:/home/user/.m2/repository/org/apache/kerby/kerb-common/1.0.1/kerb-common-1.0.1.jar:/home/user/.m2/repository/org/apache/kerby/kerb-crypto/1.0.1/kerb-crypto-1.0.1.jar:/home/user/.m2/repository/org/apache/kerby/kerb-util/1.0.1/kerb-util-1.0.1.jar:/home/user/.m2/repository/org/apache/kerby/token-provider/1.0.1/token-provider-1.0.1.jar:/home/user/.m2/repository/org/apache/kerby/kerb-admin/1.0.1/kerb-admin-1.0.1.jar:/home/user/.m2/repository/org/apache/kerby/kerb-server/1.0.1/kerb-server-1.0.1.jar:/home/user/.m2/repository/org/apache/kerby/kerb-identity/1.0.1/kerb-identity-1.0.1.jar:/home/user/.m2/repository/org/apache/kerby/kerby-xdr/1.0.1/kerby-xdr-1.0.1.jar:/home/user/.m2/repository/org/slf4j/slf4j-log4j12/1.7.25/slf4j-log4j12-1.7.25.jar:/home/user/.m2/repository/org/apache/hadoop/hadoop-ozone-s3gateway/0.5.0-SNAPSHOT/hadoop-ozone-s3gateway-0.5.0-SNAPSHOT.jar:/home/user/.m2/repository/org/jboss/weld/servlet/weld-servlet/2.4.7.Final/weld-servlet-2.4.7.Final.jar:/home/user/.m2/repository/org/glassfish/jersey/containers/jersey-container-servlet-core/2.27/jersey-container-servlet-core-2.27.jar:/home/user/.m2/repository/org/glassfish/hk2/external/javax.inject/2.5.0-b42/javax.inject-2.5.0-b42.jar:/home/user/.m2/repository/org/glassfish/jersey/core/jersey-common/2.27/jersey-common-2.27.jar:/home/user/.m2/repository/org/glassfish/hk2/osgi-resource-locator/1.0.1/osgi-resource-locator-1.0.1.jar:/home/user/.m2/repository/javax/ws/rs/javax.ws.rs-api/2.1/javax.ws.rs-api-2.1.jar:/home/user/.m2/repository/org/glassfish/jersey/ext/cdi/jersey-cdi1x/2.27/jersey-cdi1x-2.27.jar:/home/user/.m2/repository/org/glassfish/jersey/inject/jersey-hk2/2.27/jersey-hk2-2.27.jar:/home/user/.m2/repository/org/glassfish/hk2/hk2-locator/2.5.0-b42/hk2-locator-2.5.0-b42.jar:/home/user/.m2/repository/org/javassist/javassist/3.22.0-CR2/javassist-3.22.0-CR2.jar:/home/user/.m2/repository/org/glassfish/hk2/hk2-api/2.5.0/hk2-api-2.5.0.jar:/home/user/.m2/repository/org/glassfish/hk2/external/jakarta.inject/2.5.0/jakarta.inject-2.5.0.jar:/home/user/.m2/repository/org/glassfish/hk2/hk2-utils/2.5.0/hk2-utils-2.5.0.jar:/home/user/.m2/repository/jakarta/annotation/jakarta.annotation-api/1.3.4/jakarta.annotation-api-1.3.4.jar:/home/user/.m2/repository/org/glassfish/hk2/external/aopalliance-repackaged/2.5.0/aopalliance-repackaged-2.5.0.jar:/home/user/.m2/repository/com/fasterxml/jackson/dataformat/jackson-dataformat-xml/2.9.0/jackson-dataformat-xml-2.9.0.jar:/home/user/.m2/repository/com/fasterxml/jackson/core/jackson-core/2.9.9/jackson-core-2.9.9.jar:/home/user/.m2/repository/com/fasterxml/jackson/module/jackson-module-jaxb-annotations/2.9.9/jackson-module-jaxb-annotations-2.9.9.jar:/home/user/.m2/repository/javax/enterprise/cdi-api/1.2/cdi-api-1.2.jar:/home/user/.m2/repository/javax/el/javax.el-api/3.0.0/javax.el-api-3.0.0.jar:/home/user/.m2/repository/javax/interceptor/javax.interceptor-api/1.2/javax.interceptor-api-1.2.jar:/home/user/.m2/repository/javax/inject/javax.inject/1/javax.inject-1.jar:/home/user/.m2/repository/com/sun/xml/bind/jaxb-impl/2.3.0.1/jaxb-impl-2.3.0.1.jar:/home/user/.m2/repository/com/sun/xml/bind/jaxb-core/2.3.0.1/jaxb-core-2.3.0.1.jar:/home/user/.m2/repository/javax/xml/bind/jaxb-api/2.3.0/jaxb-api-2.3.0.jar:/home/user/.m2/repository/javax/activation/activation/1.1.1/activation-1.1.1.jar:/home/user/.m2/repository/org/apache/hadoop/hadoop-ozone-csi/0.5.0-SNAPSHOT/hadoop-ozone-csi-0.5.0-SNAPSHOT.jar:/home/user/.m2/repository/com/google/protobuf/protobuf-java-util/3.5.1/protobuf-java-util-3.5.1.jar:/home/user/.m2/repository/org/apache/hadoop/hadoop-hdds-config/0.5.0-SNAPSHOT/hadoop-hdds-config-0.5.0-SNAPSHOT.jar:/home/user/.m2/repository/io/grpc/grpc-netty/1.17.1/grpc-netty-1.17.1.jar:/home/user/.m2/repository/io/grpc/grpc-core/1.17.1/grpc-core-1.17.1.jar:/home/user/.m2/repository/io/grpc/grpc-context/1.17.1/grpc-context-1.17.1.jar:/home/user/.m2/repository/com/google/errorprone/error_prone_annotations/2.2.0/error_prone_annotations-2.2.0.jar:/home/user/.m2/repository/org/codehaus/mojo/animal-sniffer-annotations/1.17/animal-sniffer-annotations-1.17.jar:/home/user/.m2/repository/io/opencensus/opencensus-api/0.17.0/opencensus-api-0.17.0.jar:/home/user/.m2/repository/io/opencensus/opencensus-contrib-grpc-metrics/0.17.0/opencensus-contrib-grpc-metrics-0.17.0.jar:/home/user/.m2/repository/io/netty/netty-codec-http2/4.1.30.Final/netty-codec-http2-4.1.30.Final.jar:/home/user/.m2/repository/io/netty/netty-codec-http/4.1.30.Final/netty-codec-http-4.1.30.Final.jar:/home/user/.m2/repository/io/netty/netty-codec/4.1.30.Final/netty-codec-4.1.30.Final.jar:/home/user/.m2/repository/io/netty/netty-handler/4.1.30.Final/netty-handler-4.1.30.Final.jar:/home/user/.m2/repository/io/netty/netty-handler-proxy/4.1.30.Final/netty-handler-proxy-4.1.30.Final.jar:/home/user/.m2/repository/io/netty/netty-codec-socks/4.1.30.Final/netty-codec-socks-4.1.30.Final.jar:/home/user/.m2/repository/io/netty/netty-transport-native-epoll/4.1.30.Final/netty-transport-native-epoll-4.1.30.Final.jar:/home/user/.m2/repository/io/netty/netty-common/4.1.30.Final/netty-common-4.1.30.Final.jar:/home/user/.m2/repository/io/netty/netty-buffer/4.1.30.Final/netty-buffer-4.1.30.Final.jar:/home/user/.m2/repository/io/netty/netty-transport/4.1.30.Final/netty-transport-4.1.30.Final.jar:/home/user/.m2/repository/io/netty/netty-resolver/4.1.30.Final/netty-resolver-4.1.30.Final.jar:/home/user/.m2/repository/io/netty/netty-transport-native-unix-common/4.1.30.Final/netty-transport-native-unix-common-4.1.30.Final.jar:/home/user/.m2/repository/io/grpc/grpc-protobuf/1.17.1/grpc-protobuf-1.17.1.jar:/home/user/.m2/repository/com/google/api/grpc/proto-google-common-protos/1.0.0/proto-google-common-protos-1.0.0.jar:/home/user/.m2/repository/io/grpc/grpc-protobuf-lite/1.17.1/grpc-protobuf-lite-1.17.1.jar:/home/user/.m2/repository/io/grpc/grpc-stub/1.17.1/grpc-stub-1.17.1.jar:/home/user/.m2/repository/org/apache/hadoop/hadoop-ozone-recon/0.5.0-SNAPSHOT/hadoop-ozone-recon-0.5.0-SNAPSHOT.jar:/home/user/.m2/repository/org/apache/hadoop/hadoop-ozone-reconcodegen/0.5.0-SNAPSHOT/hadoop-ozone-reconcodegen-0.5.0-SNAPSHOT.jar:/home/user/.m2/repository/com/google/inject/extensions/guice-multibindings/4.0/guice-multibindings-4.0.jar:/home/user/.m2/repository/com/google/inject/guice/4.0/guice-4.0.jar:/home/user/.m2/repository/aopalliance/aopalliance/1.0/aopalliance-1.0.jar:/home/user/.m2/repository/com/google/inject/extensions/guice-servlet/4.0/guice-servlet-4.0.jar:/home/user/.m2/repository/org/glassfish/jersey/containers/jersey-container-servlet/2.27/jersey-container-servlet-2.27.jar:/home/user/.m2/repository/org/glassfish/hk2/guice-bridge/2.5.0/guice-bridge-2.5.0.jar:/home/user/.m2/repository/org/glassfish/jersey/core/jersey-server/2.27/jersey-server-2.27.jar:/home/user/.m2/repository/org/glassfish/jersey/core/jersey-client/2.27/jersey-client-2.27.jar:/home/user/.m2/repository/org/glassfish/jersey/media/jersey-media-jaxb/2.27/jersey-media-jaxb-2.27.jar:/home/user/.m2/repository/javax/validation/validation-api/1.1.0.Final/validation-api-1.1.0.Final.jar:/home/user/.m2/repository/org/glassfish/jersey/media/jersey-media-json-jackson/2.27/jersey-media-json-jackson-2.27.jar:/home/user/.m2/repository/org/glassfish/jersey/ext/jersey-entity-filtering/2.27/jersey-entity-filtering-2.27.jar:/home/user/.m2/repository/com/google/inject/extensions/guice-assistedinject/4.0/guice-assistedinject-4.0.jar:/home/user/.m2/repository/org/jooq/jooq/3.11.10/jooq-3.11.10.jar:/home/user/.m2/repository/org/jooq/jooq-meta/3.11.10/jooq-meta-3.11.10.jar:/home/user/.m2/repository/org/jooq/jooq-codegen/3.11.10/jooq-codegen-3.11.10.jar:/home/user/.m2/repository/com/jolbox/bonecp/0.8.0.RELEASE/bonecp-0.8.0.RELEASE.jar:/home/user/.m2/repository/org/xerial/sqlite-jdbc/3.25.2/sqlite-jdbc-3.25.2.jar:/home/user/.m2/repository/org/springframework/spring-jdbc/5.1.3.RELEASE/spring-jdbc-5.1.3.RELEASE.jar:/home/user/.m2/repository/org/springframework/spring-beans/5.1.3.RELEASE/spring-beans-5.1.3.RELEASE.jar:/home/user/.m2/repository/org/springframework/spring-core/5.1.3.RELEASE/spring-core-5.1.3.RELEASE.jar:/home/user/.m2/repository/org/springframework/spring-jcl/5.1.3.RELEASE/spring-jcl-5.1.3.RELEASE.jar:/home/user/.m2/repository/org/springframework/spring-tx/5.1.3.RELEASE/spring-tx-5.1.3.RELEASE.jar:/home/user/.m2/repository/org/apache/hadoop/hadoop-ozone-client/0.5.0-SNAPSHOT/hadoop-ozone-client-0.5.0-SNAPSHOT.jar:/home/user/.m2/repository/commons-lang/commons-lang/2.6/commons-lang-2.6.jar:/home/user/.m2/repository/org/apache/hadoop/hadoop-ozone-ozone-manager/0.5.0-SNAPSHOT/hadoop-ozone-ozone-manager-0.5.0-SNAPSHOT-tests.jar:/home/user/.m2/repository/junit/junit/4.11/junit-4.11.jar:/home/user/.m2/repository/org/hamcrest/hamcrest-core/1.3/hamcrest-core-1.3.jar:/home/user/.m2/repository/org/openjdk/jmh/jmh-core/1.19/jmh-core-1.19.jar:/home/user/.m2/repository/net/sf/jopt-simple/jopt-simple/4.6/jopt-simple-4.6.jar:/home/user/.m2/repository/org/apache/commons/commons-math3/3.1.1/commons-math3-3.1.1.jar:/home/user/.m2/repository/org/openjdk/jmh/jmh-generator-annprocess/1.19/jmh-generator-annprocess-1.19.jar:/home/user/.m2/repository/org/mockito/mockito-all/1.8.5/mockito-all-1.8.5.jar:/home/user/.m2/repository/org/apache/hadoop/hadoop-kms/3.2.0/hadoop-kms-3.2.0.jar:/home/user/.m2/repository/org/apache/hadoop/hadoop-auth/3.2.0/hadoop-auth-3.2.0.jar:/home/user/.m2/repository/com/nimbusds/nimbus-jose-jwt/4.41.1/nimbus-jose-jwt-4.41.1.jar:/home/user/.m2/repository/com/github/stephenc/jcip/jcip-annotations/1.0-1/jcip-annotations-1.0-1.jar:/home/user/.m2/repository/net/minidev/json-smart/2.3/json-smart-2.3.jar:/home/user/.m2/repository/net/minidev/accessors-smart/1.2/accessors-smart-1.2.jar:/home/user/.m2/repository/org/ow2/asm/asm/5.0.4/asm-5.0.4.jar:/home/user/.m2/repository/org/apache/curator/curator-framework/2.12.0/curator-framework-2.12.0.jar:/home/user/.m2/repository/com/sun/jersey/jersey-core/1.19/jersey-core-1.19.jar:/home/user/.m2/repository/javax/ws/rs/jsr311-api/1.1.1/jsr311-api-1.1.1.jar:/home/user/.m2/repository/com/sun/jersey/jersey-server/1.19/jersey-server-1.19.jar:/home/user/.m2/repository/javax/servlet/javax.servlet-api/3.1.0/javax.servlet-api-3.1.0.jar:/home/user/.m2/repository/org/eclipse/jetty/jetty-server/9.3.24.v20180605/jetty-server-9.3.24.v20180605.jar:/home/user/.m2/repository/org/eclipse/jetty/jetty-http/9.3.24.v20180605/jetty-http-9.3.24.v20180605.jar:/home/user/.m2/repository/org/eclipse/jetty/jetty-io/9.3.24.v20180605/jetty-io-9.3.24.v20180605.jar:/home/user/.m2/repository/org/eclipse/jetty/jetty-webapp/9.3.24.v20180605/jetty-webapp-9.3.24.v20180605.jar:/home/user/.m2/repository/org/eclipse/jetty/jetty-xml/9.3.24.v20180605/jetty-xml-9.3.24.v20180605.jar:/home/user/.m2/repository/log4j/log4j/1.2.17/log4j-1.2.17.jar:/home/user/.m2/repository/org/slf4j/slf4j-api/1.7.25/slf4j-api-1.7.25.jar:/home/user/.m2/repository/org/slf4j/jul-to-slf4j/1.7.25/jul-to-slf4j-1.7.25.jar:/home/user/.m2/repository/org/eclipse/jetty/jetty-util/9.3.24.v20180605/jetty-util-9.3.24.v20180605.jar:/home/user/.m2/repository/com/fasterxml/jackson/core/jackson-databind/2.9.9/jackson-databind-2.9.9.jar:/home/user/.m2/repository/org/apache/hadoop/hadoop-kms/3.2.0/hadoop-kms-3.2.0-tests.jar:/home/user/.m2/repository/org/apache/hadoop/hadoop-hdds-server-scm/0.5.0-SNAPSHOT/hadoop-hdds-server-scm-0.5.0-SNAPSHOT-tests.jar:/home/user/.m2/repository/org/apache/hadoop/hadoop-hdds-container-service/0.5.0-SNAPSHOT/hadoop-hdds-container-service-0.5.0-SNAPSHOT-tests.jar:/home/user/.m2/repository/org/yaml/snakeyaml/1.16/snakeyaml-1.16.jar:/home/user/.m2/repository/org/apache/hadoop/hadoop-common/3.2.0/hadoop-common-3.2.0-tests.jar:/home/user/.m2/repository/org/apache/hadoop/hadoop-annotations/3.2.0/hadoop-annotations-3.2.0.jar:/usr/lib/jvm/java-1.8-openjdk/jre/../lib/tools.jar:/home/user/.m2/repository/commons-cli/commons-cli/1.2/commons-cli-1.2.jar:/home/user/.m2/repository/org/apache/httpcomponents/httpclient/4.5.2/httpclient-4.5.2.jar:/home/user/.m2/repository/org/apache/httpcomponents/httpcore/4.4.4/httpcore-4.4.4.jar:/home/user/.m2/repository/commons-codec/commons-codec/1.11/commons-codec-1.11.jar:/home/user/.m2/repository/commons-net/commons-net/3.6/commons-net-3.6.jar:/home/user/.m2/repository/commons-collections/commons-collections/3.2.2/commons-collections-3.2.2.jar:/home/user/.m2/repository/org/eclipse/jetty/jetty-servlet/9.3.24.v20180605/jetty-servlet-9.3.24.v20180605.jar:/home/user/.m2/repository/org/eclipse/jetty/jetty-security/9.3.24.v20180605/jetty-security-9.3.24.v20180605.jar:/home/user/.m2/repository/javax/servlet/jsp/jsp-api/2.1/jsp-api-2.1.jar:/home/user/.m2/repository/com/sun/jersey/jersey-servlet/1.19/jersey-servlet-1.19.jar:/home/user/.m2/repository/com/sun/jersey/jersey-json/1.19/jersey-json-1.19.jar:/home/user/.m2/repository/org/codehaus/jettison/jettison/1.1/jettison-1.1.jar:/home/user/.m2/repository/org/codehaus/jackson/jackson-core-asl/1.9.13/jackson-core-asl-1.9.13.jar:/home/user/.m2/repository/org/codehaus/jackson/jackson-mapper-asl/1.9.13/jackson-mapper-asl-1.9.13.jar:/home/user/.m2/repository/org/codehaus/jackson/jackson-jaxrs/1.9.13/jackson-jaxrs-1.9.13.jar:/home/user/.m2/repository/org/codehaus/jackson/jackson-xc/1.9.13/jackson-xc-1.9.13.jar:/home/user/.m2/repository/commons-logging/commons-logging/1.1.3/commons-logging-1.1.3.jar:/home/user/.m2/repository/commons-beanutils/commons-beanutils/1.9.4/commons-beanutils-1.9.4.jar:/home/user/.m2/repository/org/apache/commons/commons-configuration2/2.1.1/commons-configuration2-2.1.1.jar:/home/user/.m2/repository/org/apache/commons/commons-lang3/3.7/commons-lang3-3.7.jar:/home/user/.m2/repository/org/apache/commons/commons-text/1.4/commons-text-1.4.jar:/home/user/.m2/repository/org/apache/avro/avro/1.7.7/avro-1.7.7.jar:/home/user/.m2/repository/com/thoughtworks/paranamer/paranamer/2.3/paranamer-2.3.jar:/home/user/.m2/repository/org/xerial/snappy/snappy-java/1.0.5/snappy-java-1.0.5.jar:/home/user/.m2/repository/com/google/re2j/re2j/1.1/re2j-1.1.jar:/home/user/.m2/repository/com/google/code/gson/gson/2.2.4/gson-2.2.4.jar:/home/user/.m2/repository/com/jcraft/jsch/0.1.54/jsch-0.1.54.jar:/home/user/.m2/repository/org/apache/curator/curator-client/2.12.0/curator-client-2.12.0.jar:/home/user/.m2/repository/org/apache/curator/curator-recipes/2.12.0/curator-recipes-2.12.0.jar:/home/user/.m2/repository/com/google/code/findbugs/jsr305/3.0.0/jsr305-3.0.0.jar:/home/user/.m2/repository/org/apache/htrace/htrace-core4/4.1.0-incubating/htrace-core4-4.1.0-incubating.jar:/home/user/.m2/repository/org/apache/zookeeper/zookeeper/3.4.13/zookeeper-3.4.13.jar:/home/user/.m2/repository/org/apache/yetus/audience-annotations/0.5.0/audience-annotations-0.5.0.jar:/home/user/.m2/repository/org/codehaus/woodstox/stax2-api/3.1.4/stax2-api-3.1.4.jar:/home/user/.m2/repository/com/fasterxml/woodstox/woodstox-core/5.0.3/woodstox-core-5.0.3.jar:/home/user/.m2/repository/dnsjava/dnsjava/2.1.7/dnsjava-2.1.7.jar:/home/user/.m2/repository/org/apache/hadoop/hadoop-hdfs/3.2.0/hadoop-hdfs-3.2.0-tests.jar:/home/user/.m2/repository/org/eclipse/jetty/jetty-util-ajax/9.3.24.v20180605/jetty-util-ajax-9.3.24.v20180605.jar:/home/user/.m2/repository/commons-daemon/commons-daemon/1.0.13/commons-daemon-1.0.13.jar:/home/user/.m2/repository/io/netty/netty/3.10.5.Final/netty-3.10.5.Final.jar:/home/user/.m2/repository/io/netty/netty-all/4.0.52.Final/netty-all-4.0.52.Final.jar:/home/user/.m2/repository/org/fusesource/leveldbjni/leveldbjni-all/1.8/leveldbjni-all-1.8.jar:"/>
    <property name="java.vm.vendor" value="IcedTea"/>
    <property name="sun.arch.data.model" value="64"/>
    <property name="test.build.dir" value="/workdir/hadoop-ozone/integration-test/target/test-dir"/>
    <property name="test.cache.data" value=""/>
    <property name="java.vendor.url" value="https://icedtea.classpath.org"/>
    <property name="user.timezone" value=""/>
    <property name="java.vm.specification.version" value="1.8"/>
    <property name="os.name" value="Linux"/>
    <property name="test.build.data" value="/workdir/hadoop-ozone/integration-test/target/test-dir"/>
    <property name="user.country" value="US"/>
    <property name="sun.java.launcher" value="SUN_STANDARD"/>
    <property name="sun.boot.library.path" value="/usr/lib/jvm/java-1.8-openjdk/jre/lib/amd64"/>
    <property name="sun.java.command" value="/workdir/hadoop-ozone/integration-test/target/surefire/surefirebooter6695607399040830386.jar /workdir/hadoop-ozone/integration-test/target/surefire 2019-09-20T05-22-44_775-jvmRun1 surefire5695547530832199263tmp surefire_214437942226883016437tmp"/>
    <property name="test" value="!TestMiniChaosOzoneCluster"/>
    <property name="surefire.test.class.path" value="/workdir/hadoop-ozone/integration-test/target/test-classes:/workdir/hadoop-ozone/integration-test/target/classes:/home/user/.m2/repository/org/apache/hadoop/hadoop-ozone-common/0.5.0-SNAPSHOT/hadoop-ozone-common-0.5.0-SNAPSHOT.jar:/home/user/.m2/repository/org/apache/commons/commons-compress/1.4.1/commons-compress-1.4.1.jar:/home/user/.m2/repository/org/tukaani/xz/1.0/xz-1.0.jar:/home/user/.m2/repository/org/apache/hadoop/hadoop-common/3.2.0/hadoop-common-3.2.0.jar:/home/user/.m2/repository/org/apache/hadoop/hadoop-hdfs/3.2.0/hadoop-hdfs-3.2.0.jar:/home/user/.m2/repository/org/apache/hadoop/hadoop-hdfs-client/3.2.0/hadoop-hdfs-client-3.2.0.jar:/home/user/.m2/repository/com/fasterxml/jackson/core/jackson-annotations/2.9.9/jackson-annotations-2.9.9.jar:/home/user/.m2/repository/org/apache/hadoop/hadoop-hdds-common/0.5.0-SNAPSHOT/hadoop-hdds-common-0.5.0-SNAPSHOT.jar:/home/user/.m2/repository/javax/annotation/javax.annotation-api/1.2/javax.annotation-api-1.2.jar:/home/user/.m2/repository/org/apache/ratis/ratis-server/0.4.0-78e95b9-SNAPSHOT/ratis-server-0.4.0-78e95b9-SNAPSHOT.jar:/home/user/.m2/repository/org/apache/ratis/ratis-thirdparty-misc/0.2.0/ratis-thirdparty-misc-0.2.0.jar:/home/user/.m2/repository/org/apache/ratis/ratis-proto/0.4.0-78e95b9-SNAPSHOT/ratis-proto-0.4.0-78e95b9-SNAPSHOT.jar:/home/user/.m2/repository/org/apache/ratis/ratis-common/0.4.0-78e95b9-SNAPSHOT/ratis-common-0.4.0-78e95b9-SNAPSHOT.jar:/home/user/.m2/repository/org/apache/ratis/ratis-client/0.4.0-78e95b9-SNAPSHOT/ratis-client-0.4.0-78e95b9-SNAPSHOT.jar:/home/user/.m2/repository/org/apache/ratis/ratis-metrics/0.4.0-78e95b9-SNAPSHOT/ratis-metrics-0.4.0-78e95b9-SNAPSHOT.jar:/home/user/.m2/repository/com/github/joshelser/dropwizard-metrics-hadoop-metrics2-reporter/0.1.2/dropwizard-metrics-hadoop-metrics2-reporter-0.1.2.jar:/home/user/.m2/repository/io/dropwizard/metrics/metrics-jvm/3.2.5/metrics-jvm-3.2.5.jar:/home/user/.m2/repository/io/dropwizard/metrics/metrics-ganglia/3.2.5/metrics-ganglia-3.2.5.jar:/home/user/.m2/repository/info/ganglia/gmetric4j/gmetric4j/1.0.7/gmetric4j-1.0.7.jar:/home/user/.m2/repository/org/apache/ratis/ratis-netty/0.4.0-78e95b9-SNAPSHOT/ratis-netty-0.4.0-78e95b9-SNAPSHOT.jar:/home/user/.m2/repository/org/apache/ratis/ratis-grpc/0.4.0-78e95b9-SNAPSHOT/ratis-grpc-0.4.0-78e95b9-SNAPSHOT.jar:/home/user/.m2/repository/org/rocksdb/rocksdbjni/6.0.1/rocksdbjni-6.0.1.jar:/home/user/.m2/repository/org/apache/logging/log4j/log4j-api/2.11.0/log4j-api-2.11.0.jar:/home/user/.m2/repository/org/apache/logging/log4j/log4j-core/2.11.0/log4j-core-2.11.0.jar:/home/user/.m2/repository/com/lmax/disruptor/3.4.2/disruptor-3.4.2.jar:/home/user/.m2/repository/org/apache/commons/commons-pool2/2.6.0/commons-pool2-2.6.0.jar:/home/user/.m2/repository/org/bouncycastle/bcpkix-jdk15on/1.60/bcpkix-jdk15on-1.60.jar:/home/user/.m2/repository/commons-validator/commons-validator/1.6/commons-validator-1.6.jar:/home/user/.m2/repository/commons-digester/commons-digester/1.8.1/commons-digester-1.8.1.jar:/home/user/.m2/repository/io/jaegertracing/jaeger-client/0.33.1/jaeger-client-0.33.1.jar:/home/user/.m2/repository/io/jaegertracing/jaeger-thrift/0.33.1/jaeger-thrift-0.33.1.jar:/home/user/.m2/repository/org/apache/thrift/libthrift/0.11.0/libthrift-0.11.0.jar:/home/user/.m2/repository/com/squareup/okhttp3/okhttp/3.9.0/okhttp-3.9.0.jar:/home/user/.m2/repository/com/squareup/okio/okio/1.13.0/okio-1.13.0.jar:/home/user/.m2/repository/io/jaegertracing/jaeger-core/0.33.1/jaeger-core-0.33.1.jar:/home/user/.m2/repository/io/jaegertracing/jaeger-tracerresolver/0.33.1/jaeger-tracerresolver-0.33.1.jar:/home/user/.m2/repository/io/opentracing/contrib/opentracing-tracerresolver/0.1.5/opentracing-tracerresolver-0.1.5.jar:/home/user/.m2/repository/io/opentracing/opentracing-util/0.31.0/opentracing-util-0.31.0.jar:/home/user/.m2/repository/io/opentracing/opentracing-api/0.31.0/opentracing-api-0.31.0.jar:/home/user/.m2/repository/io/opentracing/opentracing-noop/0.31.0/opentracing-noop-0.31.0.jar:/home/user/.m2/repository/org/apache/hadoop/hadoop-hdds-server-framework/0.5.0-SNAPSHOT/hadoop-hdds-server-framework-0.5.0-SNAPSHOT.jar:/home/user/.m2/repository/org/apache/hadoop/hadoop-hdds-container-service/0.5.0-SNAPSHOT/hadoop-hdds-container-service-0.5.0-SNAPSHOT.jar:/home/user/.m2/repository/org/apache/hadoop/hadoop-hdds-client/0.5.0-SNAPSHOT/hadoop-hdds-client-0.5.0-SNAPSHOT.jar:/home/user/.m2/repository/org/apache/hadoop/hadoop-hdds-tools/0.5.0-SNAPSHOT/hadoop-hdds-tools-0.5.0-SNAPSHOT.jar:/home/user/.m2/repository/org/apache/hadoop/hadoop-hdds-server-scm/0.5.0-SNAPSHOT/hadoop-hdds-server-scm-0.5.0-SNAPSHOT.jar:/home/user/.m2/repository/org/apache/hadoop/hadoop-hdds-docs/0.5.0-SNAPSHOT/hadoop-hdds-docs-0.5.0-SNAPSHOT.jar:/home/user/.m2/repository/io/dropwizard/metrics/metrics-core/3.2.4/metrics-core-3.2.4.jar:/home/user/.m2/repository/org/hamcrest/hamcrest-all/1.3/hamcrest-all-1.3.jar:/home/user/.m2/repository/org/bouncycastle/bcprov-jdk15on/1.60/bcprov-jdk15on-1.60.jar:/home/user/.m2/repository/info/picocli/picocli/3.9.6/picocli-3.9.6.jar:/home/user/.m2/repository/com/google/protobuf/protobuf-java/2.5.0/protobuf-java-2.5.0.jar:/home/user/.m2/repository/com/google/guava/guava/11.0.2/guava-11.0.2.jar:/home/user/.m2/repository/org/apache/hadoop/hadoop-ozone-ozone-manager/0.5.0-SNAPSHOT/hadoop-ozone-ozone-manager-0.5.0-SNAPSHOT.jar:/home/user/.m2/repository/org/apache/hadoop/hadoop-minikdc/3.2.0/hadoop-minikdc-3.2.0.jar:/home/user/.m2/repository/commons-io/commons-io/2.5/commons-io-2.5.jar:/home/user/.m2/repository/org/apache/kerby/kerb-simplekdc/1.0.1/kerb-simplekdc-1.0.1.jar:/home/user/.m2/repository/org/apache/kerby/kerb-client/1.0.1/kerb-client-1.0.1.jar:/home/user/.m2/repository/org/apache/kerby/kerby-config/1.0.1/kerby-config-1.0.1.jar:/home/user/.m2/repository/org/apache/kerby/kerb-core/1.0.1/kerb-core-1.0.1.jar:/home/user/.m2/repository/org/apache/kerby/kerby-pkix/1.0.1/kerby-pkix-1.0.1.jar:/home/user/.m2/repository/org/apache/kerby/kerby-asn1/1.0.1/kerby-asn1-1.0.1.jar:/home/user/.m2/repository/org/apache/kerby/kerby-util/1.0.1/kerby-util-1.0.1.jar:/home/user/.m2/repository/org/apache/kerby/kerb-common/1.0.1/kerb-common-1.0.1.jar:/home/user/.m2/repository/org/apache/kerby/kerb-crypto/1.0.1/kerb-crypto-1.0.1.jar:/home/user/.m2/repository/org/apache/kerby/kerb-util/1.0.1/kerb-util-1.0.1.jar:/home/user/.m2/repository/org/apache/kerby/token-provider/1.0.1/token-provider-1.0.1.jar:/home/user/.m2/repository/org/apache/kerby/kerb-admin/1.0.1/kerb-admin-1.0.1.jar:/home/user/.m2/repository/org/apache/kerby/kerb-server/1.0.1/kerb-server-1.0.1.jar:/home/user/.m2/repository/org/apache/kerby/kerb-identity/1.0.1/kerb-identity-1.0.1.jar:/home/user/.m2/repository/org/apache/kerby/kerby-xdr/1.0.1/kerby-xdr-1.0.1.jar:/home/user/.m2/repository/org/slf4j/slf4j-log4j12/1.7.25/slf4j-log4j12-1.7.25.jar:/home/user/.m2/repository/org/apache/hadoop/hadoop-ozone-s3gateway/0.5.0-SNAPSHOT/hadoop-ozone-s3gateway-0.5.0-SNAPSHOT.jar:/home/user/.m2/repository/org/jboss/weld/servlet/weld-servlet/2.4.7.Final/weld-servlet-2.4.7.Final.jar:/home/user/.m2/repository/org/glassfish/jersey/containers/jersey-container-servlet-core/2.27/jersey-container-servlet-core-2.27.jar:/home/user/.m2/repository/org/glassfish/hk2/external/javax.inject/2.5.0-b42/javax.inject-2.5.0-b42.jar:/home/user/.m2/repository/org/glassfish/jersey/core/jersey-common/2.27/jersey-common-2.27.jar:/home/user/.m2/repository/org/glassfish/hk2/osgi-resource-locator/1.0.1/osgi-resource-locator-1.0.1.jar:/home/user/.m2/repository/javax/ws/rs/javax.ws.rs-api/2.1/javax.ws.rs-api-2.1.jar:/home/user/.m2/repository/org/glassfish/jersey/ext/cdi/jersey-cdi1x/2.27/jersey-cdi1x-2.27.jar:/home/user/.m2/repository/org/glassfish/jersey/inject/jersey-hk2/2.27/jersey-hk2-2.27.jar:/home/user/.m2/repository/org/glassfish/hk2/hk2-locator/2.5.0-b42/hk2-locator-2.5.0-b42.jar:/home/user/.m2/repository/org/javassist/javassist/3.22.0-CR2/javassist-3.22.0-CR2.jar:/home/user/.m2/repository/org/glassfish/hk2/hk2-api/2.5.0/hk2-api-2.5.0.jar:/home/user/.m2/repository/org/glassfish/hk2/external/jakarta.inject/2.5.0/jakarta.inject-2.5.0.jar:/home/user/.m2/repository/org/glassfish/hk2/hk2-utils/2.5.0/hk2-utils-2.5.0.jar:/home/user/.m2/repository/jakarta/annotation/jakarta.annotation-api/1.3.4/jakarta.annotation-api-1.3.4.jar:/home/user/.m2/repository/org/glassfish/hk2/external/aopalliance-repackaged/2.5.0/aopalliance-repackaged-2.5.0.jar:/home/user/.m2/repository/com/fasterxml/jackson/dataformat/jackson-dataformat-xml/2.9.0/jackson-dataformat-xml-2.9.0.jar:/home/user/.m2/repository/com/fasterxml/jackson/core/jackson-core/2.9.9/jackson-core-2.9.9.jar:/home/user/.m2/repository/com/fasterxml/jackson/module/jackson-module-jaxb-annotations/2.9.9/jackson-module-jaxb-annotations-2.9.9.jar:/home/user/.m2/repository/javax/enterprise/cdi-api/1.2/cdi-api-1.2.jar:/home/user/.m2/repository/javax/el/javax.el-api/3.0.0/javax.el-api-3.0.0.jar:/home/user/.m2/repository/javax/interceptor/javax.interceptor-api/1.2/javax.interceptor-api-1.2.jar:/home/user/.m2/repository/javax/inject/javax.inject/1/javax.inject-1.jar:/home/user/.m2/repository/com/sun/xml/bind/jaxb-impl/2.3.0.1/jaxb-impl-2.3.0.1.jar:/home/user/.m2/repository/com/sun/xml/bind/jaxb-core/2.3.0.1/jaxb-core-2.3.0.1.jar:/home/user/.m2/repository/javax/xml/bind/jaxb-api/2.3.0/jaxb-api-2.3.0.jar:/home/user/.m2/repository/javax/activation/activation/1.1.1/activation-1.1.1.jar:/home/user/.m2/repository/org/apache/hadoop/hadoop-ozone-csi/0.5.0-SNAPSHOT/hadoop-ozone-csi-0.5.0-SNAPSHOT.jar:/home/user/.m2/repository/com/google/protobuf/protobuf-java-util/3.5.1/protobuf-java-util-3.5.1.jar:/home/user/.m2/repository/org/apache/hadoop/hadoop-hdds-config/0.5.0-SNAPSHOT/hadoop-hdds-config-0.5.0-SNAPSHOT.jar:/home/user/.m2/repository/io/grpc/grpc-netty/1.17.1/grpc-netty-1.17.1.jar:/home/user/.m2/repository/io/grpc/grpc-core/1.17.1/grpc-core-1.17.1.jar:/home/user/.m2/repository/io/grpc/grpc-context/1.17.1/grpc-context-1.17.1.jar:/home/user/.m2/repository/com/google/errorprone/error_prone_annotations/2.2.0/error_prone_annotations-2.2.0.jar:/home/user/.m2/repository/org/codehaus/mojo/animal-sniffer-annotations/1.17/animal-sniffer-annotations-1.17.jar:/home/user/.m2/repository/io/opencensus/opencensus-api/0.17.0/opencensus-api-0.17.0.jar:/home/user/.m2/repository/io/opencensus/opencensus-contrib-grpc-metrics/0.17.0/opencensus-contrib-grpc-metrics-0.17.0.jar:/home/user/.m2/repository/io/netty/netty-codec-http2/4.1.30.Final/netty-codec-http2-4.1.30.Final.jar:/home/user/.m2/repository/io/netty/netty-codec-http/4.1.30.Final/netty-codec-http-4.1.30.Final.jar:/home/user/.m2/repository/io/netty/netty-codec/4.1.30.Final/netty-codec-4.1.30.Final.jar:/home/user/.m2/repository/io/netty/netty-handler/4.1.30.Final/netty-handler-4.1.30.Final.jar:/home/user/.m2/repository/io/netty/netty-handler-proxy/4.1.30.Final/netty-handler-proxy-4.1.30.Final.jar:/home/user/.m2/repository/io/netty/netty-codec-socks/4.1.30.Final/netty-codec-socks-4.1.30.Final.jar:/home/user/.m2/repository/io/netty/netty-transport-native-epoll/4.1.30.Final/netty-transport-native-epoll-4.1.30.Final.jar:/home/user/.m2/repository/io/netty/netty-common/4.1.30.Final/netty-common-4.1.30.Final.jar:/home/user/.m2/repository/io/netty/netty-buffer/4.1.30.Final/netty-buffer-4.1.30.Final.jar:/home/user/.m2/repository/io/netty/netty-transport/4.1.30.Final/netty-transport-4.1.30.Final.jar:/home/user/.m2/repository/io/netty/netty-resolver/4.1.30.Final/netty-resolver-4.1.30.Final.jar:/home/user/.m2/repository/io/netty/netty-transport-native-unix-common/4.1.30.Final/netty-transport-native-unix-common-4.1.30.Final.jar:/home/user/.m2/repository/io/grpc/grpc-protobuf/1.17.1/grpc-protobuf-1.17.1.jar:/home/user/.m2/repository/com/google/api/grpc/proto-google-common-protos/1.0.0/proto-google-common-protos-1.0.0.jar:/home/user/.m2/repository/io/grpc/grpc-protobuf-lite/1.17.1/grpc-protobuf-lite-1.17.1.jar:/home/user/.m2/repository/io/grpc/grpc-stub/1.17.1/grpc-stub-1.17.1.jar:/home/user/.m2/repository/org/apache/hadoop/hadoop-ozone-recon/0.5.0-SNAPSHOT/hadoop-ozone-recon-0.5.0-SNAPSHOT.jar:/home/user/.m2/repository/org/apache/hadoop/hadoop-ozone-reconcodegen/0.5.0-SNAPSHOT/hadoop-ozone-reconcodegen-0.5.0-SNAPSHOT.jar:/home/user/.m2/repository/com/google/inject/extensions/guice-multibindings/4.0/guice-multibindings-4.0.jar:/home/user/.m2/repository/com/google/inject/guice/4.0/guice-4.0.jar:/home/user/.m2/repository/aopalliance/aopalliance/1.0/aopalliance-1.0.jar:/home/user/.m2/repository/com/google/inject/extensions/guice-servlet/4.0/guice-servlet-4.0.jar:/home/user/.m2/repository/org/glassfish/jersey/containers/jersey-container-servlet/2.27/jersey-container-servlet-2.27.jar:/home/user/.m2/repository/org/glassfish/hk2/guice-bridge/2.5.0/guice-bridge-2.5.0.jar:/home/user/.m2/repository/org/glassfish/jersey/core/jersey-server/2.27/jersey-server-2.27.jar:/home/user/.m2/repository/org/glassfish/jersey/core/jersey-client/2.27/jersey-client-2.27.jar:/home/user/.m2/repository/org/glassfish/jersey/media/jersey-media-jaxb/2.27/jersey-media-jaxb-2.27.jar:/home/user/.m2/repository/javax/validation/validation-api/1.1.0.Final/validation-api-1.1.0.Final.jar:/home/user/.m2/repository/org/glassfish/jersey/media/jersey-media-json-jackson/2.27/jersey-media-json-jackson-2.27.jar:/home/user/.m2/repository/org/glassfish/jersey/ext/jersey-entity-filtering/2.27/jersey-entity-filtering-2.27.jar:/home/user/.m2/repository/com/google/inject/extensions/guice-assistedinject/4.0/guice-assistedinject-4.0.jar:/home/user/.m2/repository/org/jooq/jooq/3.11.10/jooq-3.11.10.jar:/home/user/.m2/repository/org/jooq/jooq-meta/3.11.10/jooq-meta-3.11.10.jar:/home/user/.m2/repository/org/jooq/jooq-codegen/3.11.10/jooq-codegen-3.11.10.jar:/home/user/.m2/repository/com/jolbox/bonecp/0.8.0.RELEASE/bonecp-0.8.0.RELEASE.jar:/home/user/.m2/repository/org/xerial/sqlite-jdbc/3.25.2/sqlite-jdbc-3.25.2.jar:/home/user/.m2/repository/org/springframework/spring-jdbc/5.1.3.RELEASE/spring-jdbc-5.1.3.RELEASE.jar:/home/user/.m2/repository/org/springframework/spring-beans/5.1.3.RELEASE/spring-beans-5.1.3.RELEASE.jar:/home/user/.m2/repository/org/springframework/spring-core/5.1.3.RELEASE/spring-core-5.1.3.RELEASE.jar:/home/user/.m2/repository/org/springframework/spring-jcl/5.1.3.RELEASE/spring-jcl-5.1.3.RELEASE.jar:/home/user/.m2/repository/org/springframework/spring-tx/5.1.3.RELEASE/spring-tx-5.1.3.RELEASE.jar:/home/user/.m2/repository/org/apache/hadoop/hadoop-ozone-client/0.5.0-SNAPSHOT/hadoop-ozone-client-0.5.0-SNAPSHOT.jar:/home/user/.m2/repository/commons-lang/commons-lang/2.6/commons-lang-2.6.jar:/home/user/.m2/repository/org/apache/hadoop/hadoop-ozone-ozone-manager/0.5.0-SNAPSHOT/hadoop-ozone-ozone-manager-0.5.0-SNAPSHOT-tests.jar:/home/user/.m2/repository/junit/junit/4.11/junit-4.11.jar:/home/user/.m2/repository/org/hamcrest/hamcrest-core/1.3/hamcrest-core-1.3.jar:/home/user/.m2/repository/org/openjdk/jmh/jmh-core/1.19/jmh-core-1.19.jar:/home/user/.m2/repository/net/sf/jopt-simple/jopt-simple/4.6/jopt-simple-4.6.jar:/home/user/.m2/repository/org/apache/commons/commons-math3/3.1.1/commons-math3-3.1.1.jar:/home/user/.m2/repository/org/openjdk/jmh/jmh-generator-annprocess/1.19/jmh-generator-annprocess-1.19.jar:/home/user/.m2/repository/org/mockito/mockito-all/1.8.5/mockito-all-1.8.5.jar:/home/user/.m2/repository/org/apache/hadoop/hadoop-kms/3.2.0/hadoop-kms-3.2.0.jar:/home/user/.m2/repository/org/apache/hadoop/hadoop-auth/3.2.0/hadoop-auth-3.2.0.jar:/home/user/.m2/repository/com/nimbusds/nimbus-jose-jwt/4.41.1/nimbus-jose-jwt-4.41.1.jar:/home/user/.m2/repository/com/github/stephenc/jcip/jcip-annotations/1.0-1/jcip-annotations-1.0-1.jar:/home/user/.m2/repository/net/minidev/json-smart/2.3/json-smart-2.3.jar:/home/user/.m2/repository/net/minidev/accessors-smart/1.2/accessors-smart-1.2.jar:/home/user/.m2/repository/org/ow2/asm/asm/5.0.4/asm-5.0.4.jar:/home/user/.m2/repository/org/apache/curator/curator-framework/2.12.0/curator-framework-2.12.0.jar:/home/user/.m2/repository/com/sun/jersey/jersey-core/1.19/jersey-core-1.19.jar:/home/user/.m2/repository/javax/ws/rs/jsr311-api/1.1.1/jsr311-api-1.1.1.jar:/home/user/.m2/repository/com/sun/jersey/jersey-server/1.19/jersey-server-1.19.jar:/home/user/.m2/repository/javax/servlet/javax.servlet-api/3.1.0/javax.servlet-api-3.1.0.jar:/home/user/.m2/repository/org/eclipse/jetty/jetty-server/9.3.24.v20180605/jetty-server-9.3.24.v20180605.jar:/home/user/.m2/repository/org/eclipse/jetty/jetty-http/9.3.24.v20180605/jetty-http-9.3.24.v20180605.jar:/home/user/.m2/repository/org/eclipse/jetty/jetty-io/9.3.24.v20180605/jetty-io-9.3.24.v20180605.jar:/home/user/.m2/repository/org/eclipse/jetty/jetty-webapp/9.3.24.v20180605/jetty-webapp-9.3.24.v20180605.jar:/home/user/.m2/repository/org/eclipse/jetty/jetty-xml/9.3.24.v20180605/jetty-xml-9.3.24.v20180605.jar:/home/user/.m2/repository/log4j/log4j/1.2.17/log4j-1.2.17.jar:/home/user/.m2/repository/org/slf4j/slf4j-api/1.7.25/slf4j-api-1.7.25.jar:/home/user/.m2/repository/org/slf4j/jul-to-slf4j/1.7.25/jul-to-slf4j-1.7.25.jar:/home/user/.m2/repository/org/eclipse/jetty/jetty-util/9.3.24.v20180605/jetty-util-9.3.24.v20180605.jar:/home/user/.m2/repository/com/fasterxml/jackson/core/jackson-databind/2.9.9/jackson-databind-2.9.9.jar:/home/user/.m2/repository/org/apache/hadoop/hadoop-kms/3.2.0/hadoop-kms-3.2.0-tests.jar:/home/user/.m2/repository/org/apache/hadoop/hadoop-hdds-server-scm/0.5.0-SNAPSHOT/hadoop-hdds-server-scm-0.5.0-SNAPSHOT-tests.jar:/home/user/.m2/repository/org/apache/hadoop/hadoop-hdds-container-service/0.5.0-SNAPSHOT/hadoop-hdds-container-service-0.5.0-SNAPSHOT-tests.jar:/home/user/.m2/repository/org/yaml/snakeyaml/1.16/snakeyaml-1.16.jar:/home/user/.m2/repository/org/apache/hadoop/hadoop-common/3.2.0/hadoop-common-3.2.0-tests.jar:/home/user/.m2/repository/org/apache/hadoop/hadoop-annotations/3.2.0/hadoop-annotations-3.2.0.jar:/usr/lib/jvm/java-1.8-openjdk/jre/../lib/tools.jar:/home/user/.m2/repository/commons-cli/commons-cli/1.2/commons-cli-1.2.jar:/home/user/.m2/repository/org/apache/httpcomponents/httpclient/4.5.2/httpclient-4.5.2.jar:/home/user/.m2/repository/org/apache/httpcomponents/httpcore/4.4.4/httpcore-4.4.4.jar:/home/user/.m2/repository/commons-codec/commons-codec/1.11/commons-codec-1.11.jar:/home/user/.m2/repository/commons-net/commons-net/3.6/commons-net-3.6.jar:/home/user/.m2/repository/commons-collections/commons-collections/3.2.2/commons-collections-3.2.2.jar:/home/user/.m2/repository/org/eclipse/jetty/jetty-servlet/9.3.24.v20180605/jetty-servlet-9.3.24.v20180605.jar:/home/user/.m2/repository/org/eclipse/jetty/jetty-security/9.3.24.v20180605/jetty-security-9.3.24.v20180605.jar:/home/user/.m2/repository/javax/servlet/jsp/jsp-api/2.1/jsp-api-2.1.jar:/home/user/.m2/repository/com/sun/jersey/jersey-servlet/1.19/jersey-servlet-1.19.jar:/home/user/.m2/repository/com/sun/jersey/jersey-json/1.19/jersey-json-1.19.jar:/home/user/.m2/repository/org/codehaus/jettison/jettison/1.1/jettison-1.1.jar:/home/user/.m2/repository/org/codehaus/jackson/jackson-core-asl/1.9.13/jackson-core-asl-1.9.13.jar:/home/user/.m2/repository/org/codehaus/jackson/jackson-mapper-asl/1.9.13/jackson-mapper-asl-1.9.13.jar:/home/user/.m2/repository/org/codehaus/jackson/jackson-jaxrs/1.9.13/jackson-jaxrs-1.9.13.jar:/home/user/.m2/repository/org/codehaus/jackson/jackson-xc/1.9.13/jackson-xc-1.9.13.jar:/home/user/.m2/repository/commons-logging/commons-logging/1.1.3/commons-logging-1.1.3.jar:/home/user/.m2/repository/commons-beanutils/commons-beanutils/1.9.4/commons-beanutils-1.9.4.jar:/home/user/.m2/repository/org/apache/commons/commons-configuration2/2.1.1/commons-configuration2-2.1.1.jar:/home/user/.m2/repository/org/apache/commons/commons-lang3/3.7/commons-lang3-3.7.jar:/home/user/.m2/repository/org/apache/commons/commons-text/1.4/commons-text-1.4.jar:/home/user/.m2/repository/org/apache/avro/avro/1.7.7/avro-1.7.7.jar:/home/user/.m2/repository/com/thoughtworks/paranamer/paranamer/2.3/paranamer-2.3.jar:/home/user/.m2/repository/org/xerial/snappy/snappy-java/1.0.5/snappy-java-1.0.5.jar:/home/user/.m2/repository/com/google/re2j/re2j/1.1/re2j-1.1.jar:/home/user/.m2/repository/com/google/code/gson/gson/2.2.4/gson-2.2.4.jar:/home/user/.m2/repository/com/jcraft/jsch/0.1.54/jsch-0.1.54.jar:/home/user/.m2/repository/org/apache/curator/curator-client/2.12.0/curator-client-2.12.0.jar:/home/user/.m2/repository/org/apache/curator/curator-recipes/2.12.0/curator-recipes-2.12.0.jar:/home/user/.m2/repository/com/google/code/findbugs/jsr305/3.0.0/jsr305-3.0.0.jar:/home/user/.m2/repository/org/apache/htrace/htrace-core4/4.1.0-incubating/htrace-core4-4.1.0-incubating.jar:/home/user/.m2/repository/org/apache/zookeeper/zookeeper/3.4.13/zookeeper-3.4.13.jar:/home/user/.m2/repository/org/apache/yetus/audience-annotations/0.5.0/audience-annotations-0.5.0.jar:/home/user/.m2/repository/org/codehaus/woodstox/stax2-api/3.1.4/stax2-api-3.1.4.jar:/home/user/.m2/repository/com/fasterxml/woodstox/woodstox-core/5.0.3/woodstox-core-5.0.3.jar:/home/user/.m2/repository/dnsjava/dnsjava/2.1.7/dnsjava-2.1.7.jar:/home/user/.m2/repository/org/apache/hadoop/hadoop-hdfs/3.2.0/hadoop-hdfs-3.2.0-tests.jar:/home/user/.m2/repository/org/eclipse/jetty/jetty-util-ajax/9.3.24.v20180605/jetty-util-ajax-9.3.24.v20180605.jar:/home/user/.m2/repository/commons-daemon/commons-daemon/1.0.13/commons-daemon-1.0.13.jar:/home/user/.m2/repository/io/netty/netty/3.10.5.Final/netty-3.10.5.Final.jar:/home/user/.m2/repository/io/netty/netty-all/4.0.52.Final/netty-all-4.0.52.Final.jar:/home/user/.m2/repository/org/fusesource/leveldbjni/leveldbjni-all/1.8/leveldbjni-all-1.8.jar:"/>
    <property name="sun.cpu.endian" value="little"/>
    <property name="user.home" value="/home/user"/>
    <property name="user.language" value="en"/>
    <property name="java.specification.vendor" value="Oracle Corporation"/>
    <property name="java.home" value="/usr/lib/jvm/java-1.8-openjdk/jre"/>
    <property name="java.security.krb5.conf" value="/workdir/hadoop-ozone/integration-test/target/test-classes/krb5.conf"/>
    <property name="basedir" value="/workdir/hadoop-ozone/integration-test"/>
    <property name="file.separator" value="/"/>
    <property name="line.separator" value="&#10;"/>
    <property name="java.vm.specification.vendor" value="Oracle Corporation"/>
    <property name="java.specification.name" value="Java Platform API Specification"/>
    <property name="java.awt.graphicsenv" value="sun.awt.X11GraphicsEnvironment"/>
    <property name="surefire.real.class.path" value="/workdir/hadoop-ozone/integration-test/target/surefire/surefirebooter6695607399040830386.jar"/>
    <property name="hadoop.log.dir" value="/workdir/hadoop-ozone/integration-test/target/log"/>
    <property name="sun.boot.class.path" value="/usr/lib/jvm/java-1.8-openjdk/jre/lib/resources.jar:/usr/lib/jvm/java-1.8-openjdk/jre/lib/rt.jar:/usr/lib/jvm/java-1.8-openjdk/jre/lib/sunrsasign.jar:/usr/lib/jvm/java-1.8-openjdk/jre/lib/jsse.jar:/usr/lib/jvm/java-1.8-openjdk/jre/lib/jce.jar:/usr/lib/jvm/java-1.8-openjdk/jre/lib/charsets.jar:/usr/lib/jvm/java-1.8-openjdk/jre/lib/jfr.jar:/usr/lib/jvm/java-1.8-openjdk/jre/classes"/>
    <property name="sun.management.compiler" value="HotSpot 64-Bit Tiered Compilers"/>
    <property name="java.runtime.version" value="1.8.0_212-b04"/>
    <property name="java.net.preferIPv4Stack" value="true"/>
    <property name="user.name" value="jenkins1000"/>
    <property name="path.separator" value=":"/>
    <property name="java.security.egd" value="file:///dev/urandom"/>
    <property name="os.version" value="3.10.0-957.12.2.el7.x86_64"/>
    <property name="java.endorsed.dirs" value="/usr/lib/jvm/java-1.8-openjdk/jre/lib/endorsed"/>
    <property name="java.runtime.name" value="OpenJDK Runtime Environment"/>
    <property name="file.encoding" value="UTF-8"/>
    <property name="java.vm.name" value="OpenJDK 64-Bit Server VM"/>
    <property name="test.build.webapps" value=""/>
    <property name="localRepository" value="/home/user/.m2/repository"/>
    <property name="java.vendor.url.bug" value="https://icedtea.classpath.org/bugzilla"/>
    <property name="java.io.tmpdir" value="/tmp"/>
    <property name="require.test.libhadoop" value=""/>
    <property name="java.version" value="1.8.0_212"/>
    <property name="user.dir" value="/workdir/hadoop-ozone/integration-test"/>
    <property name="os.arch" value="amd64"/>
    <property name="java.vm.specification.name" value="Java Virtual Machine Specification"/>
    <property name="test.build.classes" value="/workdir/hadoop-ozone/integration-test/target/test-classes"/>
    <property name="java.awt.printerjob" value="sun.print.PSPrinterJob"/>
    <property name="sun.os.patch.level" value="unknown"/>
    <property name="hadoop.tmp.dir" value="/workdir/hadoop-ozone/integration-test/target/tmp"/>
    <property name="java.library.path" value="/usr/lib/jvm/java-1.8-openjdk/jre/lib/amd64/server:/usr/lib/jvm/java-1.8-openjdk/jre/lib/amd64:/usr/lib/jvm/java-1.8-openjdk/jre/../lib/amd64:/workdir/hadoop-ozone/integration-test/target/native/target/usr/local/lib:/workdir/hadoop-ozone/integration-test/../../hadoop-common-project/hadoop-common/target/native/target/usr/local/lib:/usr/java/packages/lib/amd64:/usr/lib64:/lib64:/lib:/usr/lib"/>
    <property name="java.vm.info" value="mixed mode"/>
    <property name="java.vendor" value="IcedTea"/>
    <property name="java.vm.version" value="25.212-b04"/>
    <property name="java.ext.dirs" value="/usr/lib/jvm/java-1.8-openjdk/jre/lib/ext:/usr/java/packages/lib/ext"/>
    <property name="sun.io.unicode.encoding" value="UnicodeLittle"/>
    <property name="java.class.version" value="52.0"/>
  </properties>
  <testcase name="testContainerReplication" classname="org.apache.hadoop.ozone.client.rpc.TestContainerReplicationEndToEnd" time="7.201">
    <error message="Failed to update container state #1, reason: invalid state transition from state: CLOSING upon event: FINALIZE." type="org.apache.hadoop.hdds.scm.exceptions.SCMException">org.apache.hadoop.hdds.scm.exceptions.SCMException: Failed to update container state #1, reason: invalid state transition from state: CLOSING upon event: FINALIZE.
	at org.apache.hadoop.hdds.scm.container.ContainerStateManager.updateContainerState(ContainerStateManager.java:336)
	at org.apache.hadoop.hdds.scm.container.SCMContainerManager.updateContainerState(SCMContainerManager.java:312)
	at org.apache.hadoop.ozone.client.rpc.TestContainerReplicationEndToEnd.testContainerReplication(TestContainerReplicationEndToEnd.java:159)
	at sun.reflect.NativeMethodAccessorImpl.invoke0(Native Method)
	at sun.reflect.NativeMethodAccessorImpl.invoke(NativeMethodAccessorImpl.java:62)
	at sun.reflect.DelegatingMethodAccessorImpl.invoke(DelegatingMethodAccessorImpl.java:43)
	at java.lang.reflect.Method.invoke(Method.java:498)
	at org.junit.runners.model.FrameworkMethod$1.runReflectiveCall(FrameworkMethod.java:47)
	at org.junit.internal.runners.model.ReflectiveCallable.run(ReflectiveCallable.java:12)
	at org.junit.runners.model.FrameworkMethod.invokeExplosively(FrameworkMethod.java:44)
	at org.junit.internal.runners.statements.InvokeMethod.evaluate(InvokeMethod.java:17)
	at org.junit.runners.ParentRunner.runLeaf(ParentRunner.java:271)
	at org.junit.runners.BlockJUnit4ClassRunner.runChild(BlockJUnit4ClassRunner.java:70)
	at org.junit.runners.BlockJUnit4ClassRunner.runChild(BlockJUnit4ClassRunner.java:50)
	at org.junit.runners.ParentRunner$3.run(ParentRunner.java:238)
	at org.junit.runners.ParentRunner$1.schedule(ParentRunner.java:63)
	at org.junit.runners.ParentRunner.runChildren(ParentRunner.java:236)
	at org.junit.runners.ParentRunner.access$000(ParentRunner.java:53)
	at org.junit.runners.ParentRunner$2.evaluate(ParentRunner.java:229)
	at org.junit.internal.runners.statements.RunBefores.evaluate(RunBefores.java:26)
	at org.junit.internal.runners.statements.RunAfters.evaluate(RunAfters.java:27)
	at org.junit.runners.ParentRunner.run(ParentRunner.java:309)
	at org.apache.maven.surefire.junit4.JUnit4Provider.execute(JUnit4Provider.java:365)
	at org.apache.maven.surefire.junit4.JUnit4Provider.executeWithRerun(JUnit4Provider.java:273)
	at org.apache.maven.surefire.junit4.JUnit4Provider.executeTestSet(JUnit4Provider.java:238)
	at org.apache.maven.surefire.junit4.JUnit4Provider.invoke(JUnit4Provider.java:159)
	at org.apache.maven.surefire.booter.ForkedBooter.invokeProviderInSameClassLoader(ForkedBooter.java:384)
	at org.apache.maven.surefire.booter.ForkedBooter.runSuitesInProcess(ForkedBooter.java:345)
	at org.apache.maven.surefire.booter.ForkedBooter.execute(ForkedBooter.java:126)
	at org.apache.maven.surefire.booter.ForkedBooter.main(ForkedBooter.java:418)
</error>
    <system-out><![CDATA[2019-09-20 05:45:06,351 [main] WARN  server.ServerUtils (ServerUtils.java:getScmDbDir(145)) - ozone.scm.db.dirs is not configured. We recommend adding this setting. Falling back to ozone.metadata.dirs instead.
2019-09-20 05:45:06,465 [main] WARN  server.ServerUtils (ServerUtils.java:getScmDbDir(145)) - ozone.scm.db.dirs is not configured. We recommend adding this setting. Falling back to ozone.metadata.dirs instead.
2019-09-20 05:45:06,468 [main] WARN  server.ServerUtils (ServerUtils.java:getScmDbDir(145)) - ozone.scm.db.dirs is not configured. We recommend adding this setting. Falling back to ozone.metadata.dirs instead.
2019-09-20 05:45:06,492 [main] INFO  util.log (Log.java:initialized(192)) - Logging initialized @923ms
2019-09-20 05:45:06,615 [main] INFO  db.DBStoreBuilder (DBStoreBuilder.java:addTable(110)) - using custom profile for table: deletedBlocks
2019-09-20 05:45:06,615 [main] INFO  db.DBStoreBuilder (DBStoreBuilder.java:processTables(161)) - Using default column profile:DBProfile.DISK for Table:deletedBlocks
2019-09-20 05:45:06,616 [main] INFO  db.DBStoreBuilder (DBStoreBuilder.java:addTable(110)) - using custom profile for table: validCerts
2019-09-20 05:45:06,616 [main] INFO  db.DBStoreBuilder (DBStoreBuilder.java:processTables(161)) - Using default column profile:DBProfile.DISK for Table:validCerts
2019-09-20 05:45:06,616 [main] INFO  db.DBStoreBuilder (DBStoreBuilder.java:addTable(110)) - using custom profile for table: revokedCerts
2019-09-20 05:45:06,617 [main] INFO  db.DBStoreBuilder (DBStoreBuilder.java:processTables(161)) - Using default column profile:DBProfile.DISK for Table:revokedCerts
2019-09-20 05:45:06,632 [main] INFO  db.DBStoreBuilder (DBStoreBuilder.java:addTable(110)) - using custom profile for table: default
2019-09-20 05:45:06,632 [main] INFO  db.DBStoreBuilder (DBStoreBuilder.java:processTables(167)) - Using default column profile:DBProfile.DISK for Table:default
2019-09-20 05:45:06,633 [main] INFO  db.DBStoreBuilder (DBStoreBuilder.java:getDbProfile(198)) - Using default options. DBProfile.DISK
2019-09-20 05:45:07,000 [main] INFO  net.NodeSchemaLoader (NodeSchemaLoader.java:loadSchemaFromFile(125)) - Loading file from sun.misc.CompoundEnumeration@77888435
2019-09-20 05:45:07,003 [main] INFO  net.NodeSchemaLoader (NodeSchemaLoader.java:loadSchema(171)) - Loading network topology layer schema file
2019-09-20 05:45:07,089 [main] INFO  node.SCMNodeManager (SCMNodeManager.java:<init>(114)) - Entering startup safe mode.
2019-09-20 05:45:07,166 [main] INFO  algorithms.ContainerPlacementPolicyFactory (ContainerPlacementPolicyFactory.java:getPolicy(57)) - Create container placement policy of type org.apache.hadoop.hdds.scm.container.placement.algorithms.SCMContainerPlacementRandom
2019-09-20 05:45:07,181 [main] WARN  server.ServerUtils (ServerUtils.java:getScmDbDir(145)) - ozone.scm.db.dirs is not configured. We recommend adding this setting. Falling back to ozone.metadata.dirs instead.
2019-09-20 05:45:07,275 [main] INFO  pipeline.SCMPipelineManager (SCMPipelineManager.java:initializePipelineState(128)) - No pipeline exists in current db
2019-09-20 05:45:07,278 [main] WARN  server.ServerUtils (ServerUtils.java:getScmDbDir(145)) - ozone.scm.db.dirs is not configured. We recommend adding this setting. Falling back to ozone.metadata.dirs instead.
2019-09-20 05:45:07,396 [main] INFO  Configuration.deprecation (Configuration.java:logDeprecation(1394)) - No unit for hdds.scm.replication.thread.interval(2000) assuming MILLISECONDS
2019-09-20 05:45:07,427 [main] WARN  events.EventQueue (EventQueue.java:fireEvent(183)) - No event handler registered for event TypedEvent{payloadType=SafeModeStatus, name='SafeModeStatus'}
2019-09-20 05:45:07,806 [main] INFO  ipc.CallQueueManager (CallQueueManager.java:<init>(84)) - Using callQueue: class java.util.concurrent.LinkedBlockingQueue, queueCapacity: 2000, scheduler: class org.apache.hadoop.ipc.DefaultRpcScheduler, ipcBackoff: false.
2019-09-20 05:45:07,835 [Socket Reader #1 for port 38929] INFO  ipc.Server (Server.java:run(1074)) - Starting Socket Reader #1 for port 38929
2019-09-20 05:45:07,977 [main] INFO  ipc.CallQueueManager (CallQueueManager.java:<init>(84)) - Using callQueue: class java.util.concurrent.LinkedBlockingQueue, queueCapacity: 2000, scheduler: class org.apache.hadoop.ipc.DefaultRpcScheduler, ipcBackoff: false.
2019-09-20 05:45:07,978 [Socket Reader #1 for port 37281] INFO  ipc.Server (Server.java:run(1074)) - Starting Socket Reader #1 for port 37281
2019-09-20 05:45:07,988 [main] INFO  ipc.CallQueueManager (CallQueueManager.java:<init>(84)) - Using callQueue: class java.util.concurrent.LinkedBlockingQueue, queueCapacity: 2000, scheduler: class org.apache.hadoop.ipc.DefaultRpcScheduler, ipcBackoff: false.
2019-09-20 05:45:07,988 [Socket Reader #1 for port 35419] INFO  ipc.Server (Server.java:run(1074)) - Starting Socket Reader #1 for port 35419
2019-09-20 05:45:08,012 [main] INFO  hdfs.DFSUtil (DFSUtil.java:httpServerTemplateForNNAndJN(1641)) - Starting Web-server for scm at: http://0.0.0.0:0
2019-09-20 05:45:08,172 [main] INFO  server.AuthenticationFilter (AuthenticationFilter.java:constructSecretProvider(240)) - Unable to initialize FileSignerSecretProvider, falling back to use random secrets.
2019-09-20 05:45:08,180 [main] WARN  http.HttpRequestLog (HttpRequestLog.java:getRequestLog(97)) - Jetty request log can only be enabled using Log4j
2019-09-20 05:45:08,189 [main] INFO  http.HttpServer2 (HttpServer2.java:addGlobalFilter(975)) - Added global filter 'safety' (class=org.apache.hadoop.http.HttpServer2$QuotingInputFilter)
2019-09-20 05:45:08,192 [main] INFO  http.HttpServer2 (HttpServer2.java:addFilter(948)) - Added filter static_user_filter (class=org.apache.hadoop.http.lib.StaticUserWebFilter$StaticUserFilter) to context scm
2019-09-20 05:45:08,192 [main] INFO  http.HttpServer2 (HttpServer2.java:addFilter(958)) - Added filter static_user_filter (class=org.apache.hadoop.http.lib.StaticUserWebFilter$StaticUserFilter) to context static
2019-09-20 05:45:08,192 [main] INFO  http.HttpServer2 (HttpServer2.java:addFilter(958)) - Added filter static_user_filter (class=org.apache.hadoop.http.lib.StaticUserWebFilter$StaticUserFilter) to context logs
2019-09-20 05:45:08,225 [main] INFO  server.StorageContainerManager (StorageContainerManager.java:start(763)) - StorageContainerLocationProtocol RPC server is listening at /0.0.0.0:35419
2019-09-20 05:45:08,288 [main] WARN  impl.MetricsConfig (MetricsConfig.java:loadFirst(134)) - Cannot locate configuration: tried hadoop-metrics2-storagecontainermanager.properties,hadoop-metrics2.properties
2019-09-20 05:45:08,303 [main] INFO  impl.MetricsSystemImpl (MetricsSystemImpl.java:startTimer(374)) - Scheduled Metric snapshot period at 10 second(s).
2019-09-20 05:45:08,303 [main] INFO  impl.MetricsSystemImpl (MetricsSystemImpl.java:start(191)) - StorageContainerManager metrics system started
2019-09-20 05:45:08,552 [main] INFO  server.SCMClientProtocolServer (SCMClientProtocolServer.java:start(151)) - RPC server for Client  is listening at /0.0.0.0:35419
2019-09-20 05:45:08,553 [IPC Server Responder] INFO  ipc.Server (Server.java:run(1314)) - IPC Server Responder: starting
2019-09-20 05:45:08,553 [IPC Server listener on 35419] INFO  ipc.Server (Server.java:run(1153)) - IPC Server listener on 35419: starting
2019-09-20 05:45:08,556 [main] INFO  server.StorageContainerManager (StorageContainerManager.java:start(773)) - ScmBlockLocationProtocol RPC server is listening at /0.0.0.0:37281
2019-09-20 05:45:08,557 [main] INFO  server.SCMBlockProtocolServer (SCMBlockProtocolServer.java:start(146)) - RPC server for Block Protocol is listening at /0.0.0.0:37281
2019-09-20 05:45:08,557 [IPC Server Responder] INFO  ipc.Server (Server.java:run(1314)) - IPC Server Responder: starting
2019-09-20 05:45:08,557 [IPC Server listener on 37281] INFO  ipc.Server (Server.java:run(1153)) - IPC Server listener on 37281: starting
2019-09-20 05:45:08,559 [main] INFO  server.StorageContainerManager (StorageContainerManager.java:start(777)) - ScmDatanodeProtocl RPC server is listening at /0.0.0.0:38929
2019-09-20 05:45:08,560 [main] INFO  server.SCMDatanodeProtocolServer (SCMDatanodeProtocolServer.java:start(191)) - RPC server for DataNodes is listening at /0.0.0.0:38929
2019-09-20 05:45:08,560 [IPC Server Responder] INFO  ipc.Server (Server.java:run(1314)) - IPC Server Responder: starting
2019-09-20 05:45:08,560 [IPC Server listener on 38929] INFO  ipc.Server (Server.java:run(1153)) - IPC Server listener on 38929: starting
2019-09-20 05:45:08,564 [main] INFO  http.HttpServer2 (HttpServer2.java:bindListener(1191)) - Jetty bound to port 32878
2019-09-20 05:45:08,565 [main] INFO  server.Server (Server.java:doStart(351)) - jetty-9.3.24.v20180605, build timestamp: 2018-06-05T17:11:56Z, git hash: 84205aa28f11a4f31f2a3b86d1bba2cc8ab69827
2019-09-20 05:45:08,604 [main] INFO  handler.ContextHandler (ContextHandler.java:doStart(781)) - Started o.e.j.s.ServletContextHandler@6622fc65{/logs,file:///workdir/hadoop-ozone/integration-test/target/log,AVAILABLE}
2019-09-20 05:45:08,604 [main] INFO  handler.ContextHandler (ContextHandler.java:doStart(781)) - Started o.e.j.s.ServletContextHandler@23fb172e{/static,file:///workdir/hadoop-ozone/integration-test/target/test-classes/webapps/static,AVAILABLE}
2019-09-20 05:45:08,638 [main] INFO  handler.ContextHandler (ContextHandler.java:doStart(781)) - Started o.e.j.w.WebAppContext@3591009c{/,file:///workdir/hadoop-ozone/integration-test/target/test-classes/webapps/scm/,AVAILABLE}{/scm}
2019-09-20 05:45:08,643 [main] INFO  server.AbstractConnector (AbstractConnector.java:doStart(278)) - Started ServerConnector@2de366bb{HTTP/1.1,[http/1.1]}{0.0.0.0:32878}
2019-09-20 05:45:08,644 [main] INFO  server.Server (Server.java:doStart(419)) - Started @3075ms
2019-09-20 05:45:08,646 [main] INFO  impl.MetricsSinkAdapter (MetricsSinkAdapter.java:start(204)) - Sink prometheus started
2019-09-20 05:45:08,646 [main] INFO  impl.MetricsSystemImpl (MetricsSystemImpl.java:registerSink(301)) - Registered sink prometheus
2019-09-20 05:45:08,647 [main] INFO  server.BaseHttpServer (BaseHttpServer.java:updateConnectorAddress(215)) - HTTP server of SCM is listening at http://0.0.0.0:32878
2019-09-20 05:45:08,655 [org.apache.hadoop.util.JvmPauseMonitor$Monitor@64f857e7] INFO  util.JvmPauseMonitor (JvmPauseMonitor.java:run(188)) - Starting JVM pause monitor
2019-09-20 05:45:08,661 [main] WARN  server.ServerUtils (ServerUtils.java:getDBPath(222)) - ozone.om.db.dirs is not configured. We recommend adding this setting. Falling back to ozone.metadata.dirs instead.
2019-09-20 05:45:08,791 [main] WARN  server.ServerUtils (ServerUtils.java:getDBPath(222)) - ozone.om.db.dirs is not configured. We recommend adding this setting. Falling back to ozone.metadata.dirs instead.
2019-09-20 05:45:08,792 [main] WARN  server.ServerUtils (ServerUtils.java:getDBPath(222)) - ozone.om.db.dirs is not configured. We recommend adding this setting. Falling back to ozone.metadata.dirs instead.
2019-09-20 05:45:08,793 [main] INFO  om.OzoneManager (OzoneManager.java:setOMNodeDetails(650)) - OM Service ID is not set. Setting it to the default ID: omServiceIdDefault
2019-09-20 05:45:08,793 [main] INFO  om.OzoneManager (OzoneManager.java:setOMNodeDetails(656)) - OM Node ID is not set. Setting it to the OmStorage's OmID: 924ba1f0-ba49-4717-a940-6b33f202bdb2
2019-09-20 05:45:08,794 [main] INFO  om.OzoneManager (OzoneManager.java:loadOMHAConfigs(607)) - Found matching OM address with OMServiceId: null, OMNodeId: null, RPC Address: localhost:0 and Ratis port: 9872
2019-09-20 05:45:09,573 [main] WARN  server.ServerUtils (ServerUtils.java:getDBPath(222)) - ozone.om.db.dirs is not configured. We recommend adding this setting. Falling back to ozone.metadata.dirs instead.
2019-09-20 05:45:09,581 [main] INFO  db.DBStoreBuilder (DBStoreBuilder.java:addTable(110)) - using custom profile for table: userTable
2019-09-20 05:45:09,581 [main] INFO  db.DBStoreBuilder (DBStoreBuilder.java:processTables(161)) - Using default column profile:DBProfile.DISK for Table:userTable
2019-09-20 05:45:09,582 [main] INFO  db.DBStoreBuilder (DBStoreBuilder.java:addTable(110)) - using custom profile for table: volumeTable
2019-09-20 05:45:09,582 [main] INFO  db.DBStoreBuilder (DBStoreBuilder.java:processTables(161)) - Using default column profile:DBProfile.DISK for Table:volumeTable
2019-09-20 05:45:09,582 [main] INFO  db.DBStoreBuilder (DBStoreBuilder.java:addTable(110)) - using custom profile for table: bucketTable
2019-09-20 05:45:09,582 [main] INFO  db.DBStoreBuilder (DBStoreBuilder.java:processTables(161)) - Using default column profile:DBProfile.DISK for Table:bucketTable
2019-09-20 05:45:09,583 [main] INFO  db.DBStoreBuilder (DBStoreBuilder.java:addTable(110)) - using custom profile for table: keyTable
2019-09-20 05:45:09,583 [main] INFO  db.DBStoreBuilder (DBStoreBuilder.java:processTables(161)) - Using default column profile:DBProfile.DISK for Table:keyTable
2019-09-20 05:45:09,583 [main] INFO  db.DBStoreBuilder (DBStoreBuilder.java:addTable(110)) - using custom profile for table: deletedTable
2019-09-20 05:45:09,583 [main] INFO  db.DBStoreBuilder (DBStoreBuilder.java:processTables(161)) - Using default column profile:DBProfile.DISK for Table:deletedTable
2019-09-20 05:45:09,584 [main] INFO  db.DBStoreBuilder (DBStoreBuilder.java:addTable(110)) - using custom profile for table: openKeyTable
2019-09-20 05:45:09,584 [main] INFO  db.DBStoreBuilder (DBStoreBuilder.java:processTables(161)) - Using default column profile:DBProfile.DISK for Table:openKeyTable
2019-09-20 05:45:09,584 [main] INFO  db.DBStoreBuilder (DBStoreBuilder.java:addTable(110)) - using custom profile for table: s3Table
2019-09-20 05:45:09,584 [main] INFO  db.DBStoreBuilder (DBStoreBuilder.java:processTables(161)) - Using default column profile:DBProfile.DISK for Table:s3Table
2019-09-20 05:45:09,584 [main] INFO  db.DBStoreBuilder (DBStoreBuilder.java:addTable(110)) - using custom profile for table: multipartInfoTable
2019-09-20 05:45:09,585 [main] INFO  db.DBStoreBuilder (DBStoreBuilder.java:processTables(161)) - Using default column profile:DBProfile.DISK for Table:multipartInfoTable
2019-09-20 05:45:09,585 [main] INFO  db.DBStoreBuilder (DBStoreBuilder.java:addTable(110)) - using custom profile for table: dTokenTable
2019-09-20 05:45:09,585 [main] INFO  db.DBStoreBuilder (DBStoreBuilder.java:processTables(161)) - Using default column profile:DBProfile.DISK for Table:dTokenTable
2019-09-20 05:45:09,585 [main] INFO  db.DBStoreBuilder (DBStoreBuilder.java:addTable(110)) - using custom profile for table: s3SecretTable
2019-09-20 05:45:09,586 [main] INFO  db.DBStoreBuilder (DBStoreBuilder.java:processTables(161)) - Using default column profile:DBProfile.DISK for Table:s3SecretTable
2019-09-20 05:45:09,586 [main] INFO  db.DBStoreBuilder (DBStoreBuilder.java:addTable(110)) - using custom profile for table: prefixTable
2019-09-20 05:45:09,586 [main] INFO  db.DBStoreBuilder (DBStoreBuilder.java:processTables(161)) - Using default column profile:DBProfile.DISK for Table:prefixTable
2019-09-20 05:45:09,586 [main] INFO  db.DBStoreBuilder (DBStoreBuilder.java:addTable(110)) - using custom profile for table: default
2019-09-20 05:45:09,586 [main] INFO  db.DBStoreBuilder (DBStoreBuilder.java:processTables(167)) - Using default column profile:DBProfile.DISK for Table:default
2019-09-20 05:45:09,587 [main] INFO  db.DBStoreBuilder (DBStoreBuilder.java:getDbProfile(198)) - Using default options. DBProfile.DISK
2019-09-20 05:45:10,223 [main] INFO  ipc.CallQueueManager (CallQueueManager.java:<init>(84)) - Using callQueue: class java.util.concurrent.LinkedBlockingQueue, queueCapacity: 2000, scheduler: class org.apache.hadoop.ipc.DefaultRpcScheduler, ipcBackoff: false.
2019-09-20 05:45:10,224 [Socket Reader #1 for port 45668] INFO  ipc.Server (Server.java:run(1074)) - Starting Socket Reader #1 for port 45668
2019-09-20 05:45:10,245 [main] INFO  om.OzoneManager (OzoneManager.java:start(1241)) - OzoneManager RPC server is listening at localhost/127.0.0.1:45668
2019-09-20 05:45:10,246 [main] INFO  impl.MetricsSystemImpl (MetricsSystemImpl.java:init(158)) - OzoneManager metrics system started (again)
2019-09-20 05:45:10,247 [IPC Server Responder] INFO  ipc.Server (Server.java:run(1314)) - IPC Server Responder: starting
2019-09-20 05:45:10,247 [IPC Server listener on 45668] INFO  ipc.Server (Server.java:run(1153)) - IPC Server listener on 45668: starting
2019-09-20 05:45:10,252 [main] INFO  hdfs.DFSUtil (DFSUtil.java:httpServerTemplateForNNAndJN(1641)) - Starting Web-server for ozoneManager at: http://0.0.0.0:0
2019-09-20 05:45:10,254 [main] INFO  server.AuthenticationFilter (AuthenticationFilter.java:constructSecretProvider(240)) - Unable to initialize FileSignerSecretProvider, falling back to use random secrets.
2019-09-20 05:45:10,255 [main] WARN  http.HttpRequestLog (HttpRequestLog.java:getRequestLog(97)) - Jetty request log can only be enabled using Log4j
2019-09-20 05:45:10,257 [main] INFO  http.HttpServer2 (HttpServer2.java:addGlobalFilter(975)) - Added global filter 'safety' (class=org.apache.hadoop.http.HttpServer2$QuotingInputFilter)
2019-09-20 05:45:10,258 [main] INFO  http.HttpServer2 (HttpServer2.java:addFilter(948)) - Added filter static_user_filter (class=org.apache.hadoop.http.lib.StaticUserWebFilter$StaticUserFilter) to context ozoneManager
2019-09-20 05:45:10,259 [main] INFO  http.HttpServer2 (HttpServer2.java:addFilter(958)) - Added filter static_user_filter (class=org.apache.hadoop.http.lib.StaticUserWebFilter$StaticUserFilter) to context logs
2019-09-20 05:45:10,259 [main] INFO  http.HttpServer2 (HttpServer2.java:addFilter(958)) - Added filter static_user_filter (class=org.apache.hadoop.http.lib.StaticUserWebFilter$StaticUserFilter) to context static
2019-09-20 05:45:10,262 [main] INFO  http.HttpServer2 (HttpServer2.java:bindListener(1191)) - Jetty bound to port 40108
2019-09-20 05:45:10,262 [main] INFO  server.Server (Server.java:doStart(351)) - jetty-9.3.24.v20180605, build timestamp: 2018-06-05T17:11:56Z, git hash: 84205aa28f11a4f31f2a3b86d1bba2cc8ab69827
2019-09-20 05:45:10,264 [main] INFO  handler.ContextHandler (ContextHandler.java:doStart(781)) - Started o.e.j.s.ServletContextHandler@677b8e13{/logs,file:///workdir/hadoop-ozone/integration-test/target/log,AVAILABLE}
2019-09-20 05:45:10,265 [main] INFO  handler.ContextHandler (ContextHandler.java:doStart(781)) - Started o.e.j.s.ServletContextHandler@4c27d39d{/static,file:///workdir/hadoop-ozone/integration-test/target/test-classes/webapps/static,AVAILABLE}
2019-09-20 05:45:10,270 [main] INFO  handler.ContextHandler (ContextHandler.java:doStart(781)) - Started o.e.j.w.WebAppContext@3a022576{/,file:///workdir/hadoop-ozone/integration-test/target/test-classes/webapps/ozoneManager/,AVAILABLE}{/ozoneManager}
2019-09-20 05:45:10,271 [main] INFO  server.AbstractConnector (AbstractConnector.java:doStart(278)) - Started ServerConnector@2dbd803f{HTTP/1.1,[http/1.1]}{0.0.0.0:40108}
2019-09-20 05:45:10,272 [main] INFO  server.Server (Server.java:doStart(419)) - Started @4703ms
2019-09-20 05:45:10,272 [main] WARN  impl.MetricsSystemImpl (MetricsSystemImpl.java:register(276)) - Sink prometheus already exists!
2019-09-20 05:45:10,273 [main] INFO  server.BaseHttpServer (BaseHttpServer.java:updateConnectorAddress(215)) - HTTP server of OZONEMANAGER is listening at http://0.0.0.0:40108
2019-09-20 05:45:10,644 [main] INFO  impl.MetricsSystemImpl (MetricsSystemImpl.java:init(158)) - HddsDatanode metrics system started (again)
2019-09-20 05:45:10,709 [main] INFO  ozone.HddsDatanodeService (HddsDatanodeService.java:start(184)) - HddsDatanodeService host:trunk-nightly-20190920-4x9x8-1212555063 ip:192.168.5.165
2019-09-20 05:45:10,743 [main] INFO  volume.HddsVolume (HddsVolume.java:<init>(176)) - Creating Volume: /workdir/hadoop-ozone/integration-test/target/test-dir/MiniOzoneClusterImpl-d26a8b4c-5592-4583-acf9-669019d991bc/datanode-0/data/containers/hdds of  storage type : DISK and capacity : 1482555576320
2019-09-20 05:45:10,745 [main] INFO  volume.VolumeSet (VolumeSet.java:initializeVolumeSet(170)) - Added Volume : /workdir/hadoop-ozone/integration-test/target/test-dir/MiniOzoneClusterImpl-d26a8b4c-5592-4583-acf9-669019d991bc/datanode-0/data/containers/hdds to VolumeSet
2019-09-20 05:45:10,748 [main] INFO  volume.ThrottledAsyncChecker (ThrottledAsyncChecker.java:schedule(139)) - Scheduling a check for org.apache.hadoop.ozone.container.common.volume.HddsVolume@7a231dfd
2019-09-20 05:45:10,765 [main] INFO  volume.HddsVolumeChecker (HddsVolumeChecker.java:checkAllVolumes(202)) - Scheduled health check for volume org.apache.hadoop.ozone.container.common.volume.HddsVolume@7a231dfd
2019-09-20 05:45:10,916 [main] INFO  impl.RaftServerProxy (ConfUtils.java:logGet(43)) - raft.rpc.type = GRPC (default)
2019-09-20 05:45:10,998 [main] INFO  grpc.GrpcFactory (GrpcFactory.java:checkPooledByteBufAllocatorUseCacheForAllThreads(45)) - PERFORMANCE WARNING: useCacheForAllThreads is true that may cause Netty to create a lot garbage objects and, as a result, trigger GC.
	It is recommended to disable useCacheForAllThreads by setting -Dorg.apache.ratis.thirdparty.io.netty.allocator.useCacheForAllThreads=false in command line.
2019-09-20 05:45:11,004 [main] INFO  grpc.GrpcConfigKeys$Server (ConfUtils.java:logGet(43)) - raft.grpc.server.port = 0 (default)
2019-09-20 05:45:11,005 [main] INFO  server.GrpcService (ConfUtils.java:logGet(43)) - raft.grpc.message.size.max = 33570816 (custom)
2019-09-20 05:45:11,007 [main] INFO  server.RaftServerConfigKeys (ConfUtils.java:logGet(43)) - raft.server.log.appender.buffer.byte-limit = 33554432 (custom)
2019-09-20 05:45:11,008 [main] INFO  server.GrpcService (ConfUtils.java:logGet(43)) - raft.grpc.flow.control.window = 1MB (=1048576) (default)
2019-09-20 05:45:11,009 [main] INFO  server.RaftServerConfigKeys (ConfUtils.java:logGet(43)) - raft.server.rpc.request.timeout = 3000ms (default)
2019-09-20 05:45:11,189 [main] INFO  server.RaftServerConfigKeys (ConfUtils.java:logGet(43)) - raft.server.storage.dir = [/workdir/hadoop-ozone/integration-test/target/test-dir/MiniOzoneClusterImpl-d26a8b4c-5592-4583-acf9-669019d991bc/datanode-0/data/ratis] (custom)
2019-09-20 05:45:11,243 [main] INFO  hdfs.DFSUtil (DFSUtil.java:httpServerTemplateForNNAndJN(1641)) - Starting Web-server for hddsDatanode at: http://0.0.0.0:0
2019-09-20 05:45:11,247 [main] INFO  server.AuthenticationFilter (AuthenticationFilter.java:constructSecretProvider(240)) - Unable to initialize FileSignerSecretProvider, falling back to use random secrets.
2019-09-20 05:45:11,248 [main] WARN  http.HttpRequestLog (HttpRequestLog.java:getRequestLog(97)) - Jetty request log can only be enabled using Log4j
2019-09-20 05:45:11,251 [main] INFO  http.HttpServer2 (HttpServer2.java:addGlobalFilter(975)) - Added global filter 'safety' (class=org.apache.hadoop.http.HttpServer2$QuotingInputFilter)
2019-09-20 05:45:11,252 [main] INFO  http.HttpServer2 (HttpServer2.java:addFilter(948)) - Added filter static_user_filter (class=org.apache.hadoop.http.lib.StaticUserWebFilter$StaticUserFilter) to context hddsDatanode
2019-09-20 05:45:11,253 [main] INFO  http.HttpServer2 (HttpServer2.java:addFilter(958)) - Added filter static_user_filter (class=org.apache.hadoop.http.lib.StaticUserWebFilter$StaticUserFilter) to context static
2019-09-20 05:45:11,253 [main] INFO  http.HttpServer2 (HttpServer2.java:addFilter(958)) - Added filter static_user_filter (class=org.apache.hadoop.http.lib.StaticUserWebFilter$StaticUserFilter) to context logs
2019-09-20 05:45:11,255 [main] INFO  http.HttpServer2 (HttpServer2.java:bindListener(1191)) - Jetty bound to port 45395
2019-09-20 05:45:11,255 [main] INFO  server.Server (Server.java:doStart(351)) - jetty-9.3.24.v20180605, build timestamp: 2018-06-05T17:11:56Z, git hash: 84205aa28f11a4f31f2a3b86d1bba2cc8ab69827
2019-09-20 05:45:11,258 [main] INFO  handler.ContextHandler (ContextHandler.java:doStart(781)) - Started o.e.j.s.ServletContextHandler@60f70249{/logs,file:///workdir/hadoop-ozone/integration-test/target/log,AVAILABLE}
2019-09-20 05:45:11,259 [main] INFO  handler.ContextHandler (ContextHandler.java:doStart(781)) - Started o.e.j.s.ServletContextHandler@262816a8{/static,jar:file:/home/user/.m2/repository/org/apache/hadoop/hadoop-hdds-container-service/0.5.0-SNAPSHOT/hadoop-hdds-container-service-0.5.0-SNAPSHOT.jar!/webapps/static,AVAILABLE}
2019-09-20 05:45:11,299 [main] INFO  handler.ContextHandler (ContextHandler.java:doStart(781)) - Started o.e.j.w.WebAppContext@60bbacfc{/,file:///tmp/jetty-0.0.0.0-45395-hddsDatanode-_-any-3168508288126894205.dir/webapp/,AVAILABLE}{/hddsDatanode}
2019-09-20 05:45:11,300 [main] INFO  server.AbstractConnector (AbstractConnector.java:doStart(278)) - Started ServerConnector@65b97f47{HTTP/1.1,[http/1.1]}{0.0.0.0:45395}
2019-09-20 05:45:11,300 [main] INFO  server.Server (Server.java:doStart(419)) - Started @5732ms
2019-09-20 05:45:11,301 [main] WARN  impl.MetricsSystemImpl (MetricsSystemImpl.java:register(276)) - Sink prometheus already exists!
2019-09-20 05:45:11,302 [main] INFO  server.BaseHttpServer (BaseHttpServer.java:updateConnectorAddress(215)) - HTTP server of HDDSDATANODE is listening at http://0.0.0.0:45395
2019-09-20 05:45:11,304 [main] INFO  impl.MetricsSystemImpl (MetricsSystemImpl.java:init(158)) - HddsDatanode metrics system started (again)
2019-09-20 05:45:11,307 [main] INFO  ozone.HddsDatanodeService (HddsDatanodeService.java:start(184)) - HddsDatanodeService host:trunk-nightly-20190920-4x9x8-1212555063 ip:192.168.5.165
2019-09-20 05:45:11,310 [org.apache.hadoop.util.JvmPauseMonitor$Monitor@5478c9] INFO  util.JvmPauseMonitor (JvmPauseMonitor.java:run(188)) - Starting JVM pause monitor
2019-09-20 05:45:11,316 [main] INFO  volume.HddsVolume (HddsVolume.java:<init>(176)) - Creating Volume: /workdir/hadoop-ozone/integration-test/target/test-dir/MiniOzoneClusterImpl-d26a8b4c-5592-4583-acf9-669019d991bc/datanode-1/data/containers/hdds of  storage type : DISK and capacity : 1482555576320
2019-09-20 05:45:11,317 [main] INFO  volume.VolumeSet (VolumeSet.java:initializeVolumeSet(170)) - Added Volume : /workdir/hadoop-ozone/integration-test/target/test-dir/MiniOzoneClusterImpl-d26a8b4c-5592-4583-acf9-669019d991bc/datanode-1/data/containers/hdds to VolumeSet
2019-09-20 05:45:11,317 [main] INFO  volume.ThrottledAsyncChecker (ThrottledAsyncChecker.java:schedule(139)) - Scheduling a check for org.apache.hadoop.ozone.container.common.volume.HddsVolume@4c6007fb
2019-09-20 05:45:11,319 [main] INFO  volume.HddsVolumeChecker (HddsVolumeChecker.java:checkAllVolumes(202)) - Scheduled health check for volume org.apache.hadoop.ozone.container.common.volume.HddsVolume@4c6007fb
2019-09-20 05:45:11,338 [main] INFO  impl.RaftServerProxy (ConfUtils.java:logGet(43)) - raft.rpc.type = GRPC (default)
2019-09-20 05:45:11,338 [main] INFO  grpc.GrpcFactory (GrpcFactory.java:checkPooledByteBufAllocatorUseCacheForAllThreads(45)) - PERFORMANCE WARNING: useCacheForAllThreads is true that may cause Netty to create a lot garbage objects and, as a result, trigger GC.
	It is recommended to disable useCacheForAllThreads by setting -Dorg.apache.ratis.thirdparty.io.netty.allocator.useCacheForAllThreads=false in command line.
2019-09-20 05:45:11,339 [main] INFO  grpc.GrpcConfigKeys$Server (ConfUtils.java:logGet(43)) - raft.grpc.server.port = 0 (default)
2019-09-20 05:45:11,339 [main] INFO  server.GrpcService (ConfUtils.java:logGet(43)) - raft.grpc.message.size.max = 33570816 (custom)
2019-09-20 05:45:11,339 [main] INFO  server.RaftServerConfigKeys (ConfUtils.java:logGet(43)) - raft.server.log.appender.buffer.byte-limit = 33554432 (custom)
2019-09-20 05:45:11,340 [main] INFO  server.GrpcService (ConfUtils.java:logGet(43)) - raft.grpc.flow.control.window = 1MB (=1048576) (default)
2019-09-20 05:45:11,340 [main] INFO  server.RaftServerConfigKeys (ConfUtils.java:logGet(43)) - raft.server.rpc.request.timeout = 3000ms (default)
2019-09-20 05:45:11,341 [main] INFO  server.RaftServerConfigKeys (ConfUtils.java:logGet(43)) - raft.server.storage.dir = [/workdir/hadoop-ozone/integration-test/target/test-dir/MiniOzoneClusterImpl-d26a8b4c-5592-4583-acf9-669019d991bc/datanode-1/data/ratis] (custom)
2019-09-20 05:45:11,343 [main] INFO  hdfs.DFSUtil (DFSUtil.java:httpServerTemplateForNNAndJN(1641)) - Starting Web-server for hddsDatanode at: http://0.0.0.0:0
2019-09-20 05:45:11,344 [main] INFO  server.AuthenticationFilter (AuthenticationFilter.java:constructSecretProvider(240)) - Unable to initialize FileSignerSecretProvider, falling back to use random secrets.
2019-09-20 05:45:11,345 [main] WARN  http.HttpRequestLog (HttpRequestLog.java:getRequestLog(97)) - Jetty request log can only be enabled using Log4j
2019-09-20 05:45:11,347 [main] INFO  http.HttpServer2 (HttpServer2.java:addGlobalFilter(975)) - Added global filter 'safety' (class=org.apache.hadoop.http.HttpServer2$QuotingInputFilter)
2019-09-20 05:45:11,348 [main] INFO  http.HttpServer2 (HttpServer2.java:addFilter(948)) - Added filter static_user_filter (class=org.apache.hadoop.http.lib.StaticUserWebFilter$StaticUserFilter) to context hddsDatanode
2019-09-20 05:45:11,348 [main] INFO  http.HttpServer2 (HttpServer2.java:addFilter(958)) - Added filter static_user_filter (class=org.apache.hadoop.http.lib.StaticUserWebFilter$StaticUserFilter) to context static
2019-09-20 05:45:11,348 [main] INFO  http.HttpServer2 (HttpServer2.java:addFilter(958)) - Added filter static_user_filter (class=org.apache.hadoop.http.lib.StaticUserWebFilter$StaticUserFilter) to context logs
2019-09-20 05:45:11,349 [main] INFO  http.HttpServer2 (HttpServer2.java:bindListener(1191)) - Jetty bound to port 34581
2019-09-20 05:45:11,349 [main] INFO  server.Server (Server.java:doStart(351)) - jetty-9.3.24.v20180605, build timestamp: 2018-06-05T17:11:56Z, git hash: 84205aa28f11a4f31f2a3b86d1bba2cc8ab69827
2019-09-20 05:45:11,353 [main] INFO  handler.ContextHandler (ContextHandler.java:doStart(781)) - Started o.e.j.s.ServletContextHandler@3dffc764{/logs,file:///workdir/hadoop-ozone/integration-test/target/log,AVAILABLE}
2019-09-20 05:45:11,353 [main] INFO  handler.ContextHandler (ContextHandler.java:doStart(781)) - Started o.e.j.s.ServletContextHandler@561b61ed{/static,jar:file:/home/user/.m2/repository/org/apache/hadoop/hadoop-hdds-container-service/0.5.0-SNAPSHOT/hadoop-hdds-container-service-0.5.0-SNAPSHOT.jar!/webapps/static,AVAILABLE}
2019-09-20 05:45:11,394 [main] INFO  handler.ContextHandler (ContextHandler.java:doStart(781)) - Started o.e.j.w.WebAppContext@3c3a0032{/,file:///tmp/jetty-0.0.0.0-34581-hddsDatanode-_-any-7066800518051110125.dir/webapp/,AVAILABLE}{/hddsDatanode}
2019-09-20 05:45:11,396 [main] INFO  server.AbstractConnector (AbstractConnector.java:doStart(278)) - Started ServerConnector@7ceb4478{HTTP/1.1,[http/1.1]}{0.0.0.0:34581}
2019-09-20 05:45:11,396 [main] INFO  server.Server (Server.java:doStart(419)) - Started @5828ms
2019-09-20 05:45:11,397 [main] WARN  impl.MetricsSystemImpl (MetricsSystemImpl.java:register(276)) - Sink prometheus already exists!
2019-09-20 05:45:11,398 [main] INFO  server.BaseHttpServer (BaseHttpServer.java:updateConnectorAddress(215)) - HTTP server of HDDSDATANODE is listening at http://0.0.0.0:34581
2019-09-20 05:45:11,398 [main] INFO  impl.MetricsSystemImpl (MetricsSystemImpl.java:init(158)) - HddsDatanode metrics system started (again)
2019-09-20 05:45:11,401 [org.apache.hadoop.util.JvmPauseMonitor$Monitor@38efe5ad] INFO  util.JvmPauseMonitor (JvmPauseMonitor.java:run(188)) - Starting JVM pause monitor
2019-09-20 05:45:11,402 [main] INFO  ozone.HddsDatanodeService (HddsDatanodeService.java:start(184)) - HddsDatanodeService host:trunk-nightly-20190920-4x9x8-1212555063 ip:192.168.5.165
2019-09-20 05:45:11,409 [main] INFO  volume.HddsVolume (HddsVolume.java:<init>(176)) - Creating Volume: /workdir/hadoop-ozone/integration-test/target/test-dir/MiniOzoneClusterImpl-d26a8b4c-5592-4583-acf9-669019d991bc/datanode-2/data/containers/hdds of  storage type : DISK and capacity : 1482555576320
2019-09-20 05:45:11,410 [main] INFO  volume.VolumeSet (VolumeSet.java:initializeVolumeSet(170)) - Added Volume : /workdir/hadoop-ozone/integration-test/target/test-dir/MiniOzoneClusterImpl-d26a8b4c-5592-4583-acf9-669019d991bc/datanode-2/data/containers/hdds to VolumeSet
2019-09-20 05:45:11,410 [main] INFO  volume.ThrottledAsyncChecker (ThrottledAsyncChecker.java:schedule(139)) - Scheduling a check for org.apache.hadoop.ozone.container.common.volume.HddsVolume@5e5af8e1
2019-09-20 05:45:11,411 [main] INFO  volume.HddsVolumeChecker (HddsVolumeChecker.java:checkAllVolumes(202)) - Scheduled health check for volume org.apache.hadoop.ozone.container.common.volume.HddsVolume@5e5af8e1
2019-09-20 05:45:11,426 [main] INFO  impl.RaftServerProxy (ConfUtils.java:logGet(43)) - raft.rpc.type = GRPC (default)
2019-09-20 05:45:11,427 [main] INFO  grpc.GrpcFactory (GrpcFactory.java:checkPooledByteBufAllocatorUseCacheForAllThreads(45)) - PERFORMANCE WARNING: useCacheForAllThreads is true that may cause Netty to create a lot garbage objects and, as a result, trigger GC.
	It is recommended to disable useCacheForAllThreads by setting -Dorg.apache.ratis.thirdparty.io.netty.allocator.useCacheForAllThreads=false in command line.
2019-09-20 05:45:11,427 [main] INFO  grpc.GrpcConfigKeys$Server (ConfUtils.java:logGet(43)) - raft.grpc.server.port = 0 (default)
2019-09-20 05:45:11,427 [main] INFO  server.GrpcService (ConfUtils.java:logGet(43)) - raft.grpc.message.size.max = 33570816 (custom)
2019-09-20 05:45:11,428 [main] INFO  server.RaftServerConfigKeys (ConfUtils.java:logGet(43)) - raft.server.log.appender.buffer.byte-limit = 33554432 (custom)
2019-09-20 05:45:11,428 [main] INFO  server.GrpcService (ConfUtils.java:logGet(43)) - raft.grpc.flow.control.window = 1MB (=1048576) (default)
2019-09-20 05:45:11,428 [main] INFO  server.RaftServerConfigKeys (ConfUtils.java:logGet(43)) - raft.server.rpc.request.timeout = 3000ms (default)
2019-09-20 05:45:11,429 [main] INFO  server.RaftServerConfigKeys (ConfUtils.java:logGet(43)) - raft.server.storage.dir = [/workdir/hadoop-ozone/integration-test/target/test-dir/MiniOzoneClusterImpl-d26a8b4c-5592-4583-acf9-669019d991bc/datanode-2/data/ratis] (custom)
2019-09-20 05:45:11,432 [main] INFO  hdfs.DFSUtil (DFSUtil.java:httpServerTemplateForNNAndJN(1641)) - Starting Web-server for hddsDatanode at: http://0.0.0.0:0
2019-09-20 05:45:11,433 [main] INFO  server.AuthenticationFilter (AuthenticationFilter.java:constructSecretProvider(240)) - Unable to initialize FileSignerSecretProvider, falling back to use random secrets.
2019-09-20 05:45:11,434 [main] WARN  http.HttpRequestLog (HttpRequestLog.java:getRequestLog(97)) - Jetty request log can only be enabled using Log4j
2019-09-20 05:45:11,435 [main] INFO  http.HttpServer2 (HttpServer2.java:addGlobalFilter(975)) - Added global filter 'safety' (class=org.apache.hadoop.http.HttpServer2$QuotingInputFilter)
2019-09-20 05:45:11,435 [Datanode State Machine Thread - 0] INFO  datanode.InitDatanodeState (InitDatanodeState.java:persistContainerDatanodeDetails(140)) - DatanodeDetails is persisted to /workdir/hadoop-ozone/integration-test/target/test-dir/MiniOzoneClusterImpl-d26a8b4c-5592-4583-acf9-669019d991bc/datanode-0/meta/datanode.id
2019-09-20 05:45:11,436 [main] INFO  http.HttpServer2 (HttpServer2.java:addFilter(948)) - Added filter static_user_filter (class=org.apache.hadoop.http.lib.StaticUserWebFilter$StaticUserFilter) to context hddsDatanode
2019-09-20 05:45:11,437 [main] INFO  http.HttpServer2 (HttpServer2.java:addFilter(958)) - Added filter static_user_filter (class=org.apache.hadoop.http.lib.StaticUserWebFilter$StaticUserFilter) to context logs
2019-09-20 05:45:11,438 [main] INFO  http.HttpServer2 (HttpServer2.java:addFilter(958)) - Added filter static_user_filter (class=org.apache.hadoop.http.lib.StaticUserWebFilter$StaticUserFilter) to context static
2019-09-20 05:45:11,439 [main] INFO  http.HttpServer2 (HttpServer2.java:bindListener(1191)) - Jetty bound to port 34706
2019-09-20 05:45:11,439 [main] INFO  server.Server (Server.java:doStart(351)) - jetty-9.3.24.v20180605, build timestamp: 2018-06-05T17:11:56Z, git hash: 84205aa28f11a4f31f2a3b86d1bba2cc8ab69827
2019-09-20 05:45:11,439 [Datanode State Machine Thread - 0] INFO  datanode.InitDatanodeState (InitDatanodeState.java:persistContainerDatanodeDetails(140)) - DatanodeDetails is persisted to /workdir/hadoop-ozone/integration-test/target/test-dir/MiniOzoneClusterImpl-d26a8b4c-5592-4583-acf9-669019d991bc/datanode-1/meta/datanode.id
2019-09-20 05:45:11,442 [main] INFO  handler.ContextHandler (ContextHandler.java:doStart(781)) - Started o.e.j.s.ServletContextHandler@c3edf4c{/logs,file:///workdir/hadoop-ozone/integration-test/target/log,AVAILABLE}
2019-09-20 05:45:11,442 [main] INFO  handler.ContextHandler (ContextHandler.java:doStart(781)) - Started o.e.j.s.ServletContextHandler@799ed4e8{/static,jar:file:/home/user/.m2/repository/org/apache/hadoop/hadoop-hdds-container-service/0.5.0-SNAPSHOT/hadoop-hdds-container-service-0.5.0-SNAPSHOT.jar!/webapps/static,AVAILABLE}
2019-09-20 05:45:11,471 [main] INFO  handler.ContextHandler (ContextHandler.java:doStart(781)) - Started o.e.j.w.WebAppContext@599e4d41{/,file:///tmp/jetty-0.0.0.0-34706-hddsDatanode-_-any-5946694607290498570.dir/webapp/,AVAILABLE}{/hddsDatanode}
2019-09-20 05:45:11,473 [main] INFO  server.AbstractConnector (AbstractConnector.java:doStart(278)) - Started ServerConnector@328d044f{HTTP/1.1,[http/1.1]}{0.0.0.0:34706}
2019-09-20 05:45:11,473 [main] INFO  server.Server (Server.java:doStart(419)) - Started @5905ms
2019-09-20 05:45:11,474 [main] WARN  impl.MetricsSystemImpl (MetricsSystemImpl.java:register(276)) - Sink prometheus already exists!
2019-09-20 05:45:11,475 [main] INFO  server.BaseHttpServer (BaseHttpServer.java:updateConnectorAddress(215)) - HTTP server of HDDSDATANODE is listening at http://0.0.0.0:34706
2019-09-20 05:45:11,475 [main] INFO  impl.MetricsSystemImpl (MetricsSystemImpl.java:init(158)) - HddsDatanode metrics system started (again)
2019-09-20 05:45:11,478 [org.apache.hadoop.util.JvmPauseMonitor$Monitor@496d1cc5] INFO  util.JvmPauseMonitor (JvmPauseMonitor.java:run(188)) - Starting JVM pause monitor
2019-09-20 05:45:11,478 [main] INFO  ozone.HddsDatanodeService (HddsDatanodeService.java:start(184)) - HddsDatanodeService host:trunk-nightly-20190920-4x9x8-1212555063 ip:192.168.5.165
2019-09-20 05:45:11,480 [Datanode State Machine Thread - 0] INFO  datanode.InitDatanodeState (InitDatanodeState.java:persistContainerDatanodeDetails(140)) - DatanodeDetails is persisted to /workdir/hadoop-ozone/integration-test/target/test-dir/MiniOzoneClusterImpl-d26a8b4c-5592-4583-acf9-669019d991bc/datanode-2/meta/datanode.id
2019-09-20 05:45:11,485 [main] INFO  volume.HddsVolume (HddsVolume.java:<init>(176)) - Creating Volume: /workdir/hadoop-ozone/integration-test/target/test-dir/MiniOzoneClusterImpl-d26a8b4c-5592-4583-acf9-669019d991bc/datanode-3/data/containers/hdds of  storage type : DISK and capacity : 1482555576320
2019-09-20 05:45:11,486 [main] INFO  volume.VolumeSet (VolumeSet.java:initializeVolumeSet(170)) - Added Volume : /workdir/hadoop-ozone/integration-test/target/test-dir/MiniOzoneClusterImpl-d26a8b4c-5592-4583-acf9-669019d991bc/datanode-3/data/containers/hdds to VolumeSet
2019-09-20 05:45:11,486 [main] INFO  volume.ThrottledAsyncChecker (ThrottledAsyncChecker.java:schedule(139)) - Scheduling a check for org.apache.hadoop.ozone.container.common.volume.HddsVolume@118ffcfd
2019-09-20 05:45:11,487 [main] INFO  volume.HddsVolumeChecker (HddsVolumeChecker.java:checkAllVolumes(202)) - Scheduled health check for volume org.apache.hadoop.ozone.container.common.volume.HddsVolume@118ffcfd
2019-09-20 05:45:11,501 [main] INFO  impl.RaftServerProxy (ConfUtils.java:logGet(43)) - raft.rpc.type = GRPC (default)
2019-09-20 05:45:11,501 [main] INFO  grpc.GrpcFactory (GrpcFactory.java:checkPooledByteBufAllocatorUseCacheForAllThreads(45)) - PERFORMANCE WARNING: useCacheForAllThreads is true that may cause Netty to create a lot garbage objects and, as a result, trigger GC.
	It is recommended to disable useCacheForAllThreads by setting -Dorg.apache.ratis.thirdparty.io.netty.allocator.useCacheForAllThreads=false in command line.
2019-09-20 05:45:11,501 [main] INFO  grpc.GrpcConfigKeys$Server (ConfUtils.java:logGet(43)) - raft.grpc.server.port = 0 (default)
2019-09-20 05:45:11,501 [main] INFO  server.GrpcService (ConfUtils.java:logGet(43)) - raft.grpc.message.size.max = 33570816 (custom)
2019-09-20 05:45:11,502 [main] INFO  server.RaftServerConfigKeys (ConfUtils.java:logGet(43)) - raft.server.log.appender.buffer.byte-limit = 33554432 (custom)
2019-09-20 05:45:11,502 [main] INFO  server.GrpcService (ConfUtils.java:logGet(43)) - raft.grpc.flow.control.window = 1MB (=1048576) (default)
2019-09-20 05:45:11,502 [main] INFO  server.RaftServerConfigKeys (ConfUtils.java:logGet(43)) - raft.server.rpc.request.timeout = 3000ms (default)
2019-09-20 05:45:11,503 [main] INFO  server.RaftServerConfigKeys (ConfUtils.java:logGet(43)) - raft.server.storage.dir = [/workdir/hadoop-ozone/integration-test/target/test-dir/MiniOzoneClusterImpl-d26a8b4c-5592-4583-acf9-669019d991bc/datanode-3/data/ratis] (custom)
2019-09-20 05:45:11,504 [main] INFO  hdfs.DFSUtil (DFSUtil.java:httpServerTemplateForNNAndJN(1641)) - Starting Web-server for hddsDatanode at: http://0.0.0.0:0
2019-09-20 05:45:11,506 [main] INFO  server.AuthenticationFilter (AuthenticationFilter.java:constructSecretProvider(240)) - Unable to initialize FileSignerSecretProvider, falling back to use random secrets.
2019-09-20 05:45:11,506 [main] WARN  http.HttpRequestLog (HttpRequestLog.java:getRequestLog(97)) - Jetty request log can only be enabled using Log4j
2019-09-20 05:45:11,507 [main] INFO  http.HttpServer2 (HttpServer2.java:addGlobalFilter(975)) - Added global filter 'safety' (class=org.apache.hadoop.http.HttpServer2$QuotingInputFilter)
2019-09-20 05:45:11,508 [main] INFO  http.HttpServer2 (HttpServer2.java:addFilter(948)) - Added filter static_user_filter (class=org.apache.hadoop.http.lib.StaticUserWebFilter$StaticUserFilter) to context hddsDatanode
2019-09-20 05:45:11,508 [main] INFO  http.HttpServer2 (HttpServer2.java:addFilter(958)) - Added filter static_user_filter (class=org.apache.hadoop.http.lib.StaticUserWebFilter$StaticUserFilter) to context static
2019-09-20 05:45:11,508 [main] INFO  http.HttpServer2 (HttpServer2.java:addFilter(958)) - Added filter static_user_filter (class=org.apache.hadoop.http.lib.StaticUserWebFilter$StaticUserFilter) to context logs
2019-09-20 05:45:11,509 [main] INFO  http.HttpServer2 (HttpServer2.java:bindListener(1191)) - Jetty bound to port 34326
2019-09-20 05:45:11,509 [main] INFO  server.Server (Server.java:doStart(351)) - jetty-9.3.24.v20180605, build timestamp: 2018-06-05T17:11:56Z, git hash: 84205aa28f11a4f31f2a3b86d1bba2cc8ab69827
2019-09-20 05:45:11,512 [main] INFO  handler.ContextHandler (ContextHandler.java:doStart(781)) - Started o.e.j.s.ServletContextHandler@3cd9aa64{/logs,file:///workdir/hadoop-ozone/integration-test/target/log,AVAILABLE}
2019-09-20 05:45:11,513 [main] INFO  handler.ContextHandler (ContextHandler.java:doStart(781)) - Started o.e.j.s.ServletContextHandler@443effcb{/static,jar:file:/home/user/.m2/repository/org/apache/hadoop/hadoop-hdds-container-service/0.5.0-SNAPSHOT/hadoop-hdds-container-service-0.5.0-SNAPSHOT.jar!/webapps/static,AVAILABLE}
2019-09-20 05:45:11,539 [main] INFO  handler.ContextHandler (ContextHandler.java:doStart(781)) - Started o.e.j.w.WebAppContext@709ed6f3{/,file:///tmp/jetty-0.0.0.0-34326-hddsDatanode-_-any-6719624642883348091.dir/webapp/,AVAILABLE}{/hddsDatanode}
2019-09-20 05:45:11,540 [main] INFO  server.AbstractConnector (AbstractConnector.java:doStart(278)) - Started ServerConnector@698fee9a{HTTP/1.1,[http/1.1]}{0.0.0.0:34326}
2019-09-20 05:45:11,541 [main] INFO  server.Server (Server.java:doStart(419)) - Started @5973ms
2019-09-20 05:45:11,542 [main] WARN  impl.MetricsSystemImpl (MetricsSystemImpl.java:register(276)) - Sink prometheus already exists!
2019-09-20 05:45:11,542 [main] INFO  server.BaseHttpServer (BaseHttpServer.java:updateConnectorAddress(215)) - HTTP server of HDDSDATANODE is listening at http://0.0.0.0:34326
2019-09-20 05:45:11,545 [main] INFO  ozone.MiniOzoneClusterImpl (MiniOzoneClusterImpl.java:lambda$waitForClusterToBeReady$0(145)) - Waiting for cluster to be ready. Got 0 of 4 DN Heartbeats.
2019-09-20 05:45:11,545 [org.apache.hadoop.util.JvmPauseMonitor$Monitor@4d2f23b7] INFO  util.JvmPauseMonitor (JvmPauseMonitor.java:run(188)) - Starting JVM pause monitor
2019-09-20 05:45:11,548 [Datanode State Machine Thread - 0] INFO  datanode.InitDatanodeState (InitDatanodeState.java:persistContainerDatanodeDetails(140)) - DatanodeDetails is persisted to /workdir/hadoop-ozone/integration-test/target/test-dir/MiniOzoneClusterImpl-d26a8b4c-5592-4583-acf9-669019d991bc/datanode-3/meta/datanode.id
2019-09-20 05:45:12,545 [main] INFO  ozone.MiniOzoneClusterImpl (MiniOzoneClusterImpl.java:lambda$waitForClusterToBeReady$0(145)) - Waiting for cluster to be ready. Got 0 of 4 DN Heartbeats.
2019-09-20 05:45:13,366 [Datanode State Machine Thread - 0] INFO  ozoneimpl.OzoneContainer (OzoneContainer.java:start(217)) - Attempting to start container services.
2019-09-20 05:45:13,369 [Datanode State Machine Thread - 0] INFO  ozoneimpl.OzoneContainer (OzoneContainer.java:startContainerScrub(179)) - Background container scanner has been disabled.
2019-09-20 05:45:13,369 [Datanode State Machine Thread - 0] INFO  ratis.XceiverServerRatis (XceiverServerRatis.java:start(411)) - Starting XceiverServerRatis 6b914d88-ba4f-4141-b8f5-cbc1f56b6b78 at port 0
2019-09-20 05:45:13,399 [Datanode State Machine Thread - 0] INFO  impl.RaftServerProxy (RaftServerProxy.java:lambda$start$3(299)) - 6b914d88-ba4f-4141-b8f5-cbc1f56b6b78: start RPC server
2019-09-20 05:45:13,427 [Datanode State Machine Thread - 0] INFO  ozoneimpl.OzoneContainer (OzoneContainer.java:start(217)) - Attempting to start container services.
2019-09-20 05:45:13,433 [Datanode State Machine Thread - 0] INFO  ozoneimpl.OzoneContainer (OzoneContainer.java:startContainerScrub(179)) - Background container scanner has been disabled.
2019-09-20 05:45:13,433 [Datanode State Machine Thread - 0] INFO  ratis.XceiverServerRatis (XceiverServerRatis.java:start(411)) - Starting XceiverServerRatis ff5e190b-88ca-4969-9180-387aa5482839 at port 0
2019-09-20 05:45:13,442 [Datanode State Machine Thread - 0] INFO  impl.RaftServerProxy (RaftServerProxy.java:lambda$start$3(299)) - ff5e190b-88ca-4969-9180-387aa5482839: start RPC server
2019-09-20 05:45:13,495 [Datanode State Machine Thread - 0] INFO  ozoneimpl.OzoneContainer (OzoneContainer.java:start(217)) - Attempting to start container services.
2019-09-20 05:45:13,497 [Datanode State Machine Thread - 0] INFO  ozoneimpl.OzoneContainer (OzoneContainer.java:startContainerScrub(179)) - Background container scanner has been disabled.
2019-09-20 05:45:13,498 [Datanode State Machine Thread - 0] INFO  ratis.XceiverServerRatis (XceiverServerRatis.java:start(411)) - Starting XceiverServerRatis 363c26c2-b9cf-46d0-ab40-1759ff1bcc8b at port 0
2019-09-20 05:45:13,507 [Datanode State Machine Thread - 0] INFO  impl.RaftServerProxy (RaftServerProxy.java:lambda$start$3(299)) - 363c26c2-b9cf-46d0-ab40-1759ff1bcc8b: start RPC server
2019-09-20 05:45:13,549 [main] INFO  ozone.MiniOzoneClusterImpl (MiniOzoneClusterImpl.java:lambda$waitForClusterToBeReady$0(145)) - Waiting for cluster to be ready. Got 0 of 4 DN Heartbeats.
2019-09-20 05:45:13,567 [Datanode State Machine Thread - 0] INFO  ozoneimpl.OzoneContainer (OzoneContainer.java:start(217)) - Attempting to start container services.
2019-09-20 05:45:13,573 [Datanode State Machine Thread - 0] INFO  ozoneimpl.OzoneContainer (OzoneContainer.java:startContainerScrub(179)) - Background container scanner has been disabled.
2019-09-20 05:45:13,574 [Datanode State Machine Thread - 0] INFO  ratis.XceiverServerRatis (XceiverServerRatis.java:start(411)) - Starting XceiverServerRatis bc618eef-faaa-49fe-8402-4bd6a1aa1778 at port 0
2019-09-20 05:45:13,576 [Datanode State Machine Thread - 0] INFO  server.GrpcService (GrpcService.java:startImpl(158)) - 363c26c2-b9cf-46d0-ab40-1759ff1bcc8b: GrpcService started, listening on 0.0.0.0/0.0.0.0:37804
2019-09-20 05:45:13,576 [Datanode State Machine Thread - 0] INFO  server.GrpcService (GrpcService.java:startImpl(158)) - ff5e190b-88ca-4969-9180-387aa5482839: GrpcService started, listening on 0.0.0.0/0.0.0.0:42020
2019-09-20 05:45:13,577 [Datanode State Machine Thread - 0] INFO  ratis.XceiverServerRatis (XceiverServerRatis.java:start(421)) - XceiverServerRatis 363c26c2-b9cf-46d0-ab40-1759ff1bcc8b is started using port 37804
2019-09-20 05:45:13,576 [Datanode State Machine Thread - 0] INFO  server.GrpcService (GrpcService.java:startImpl(158)) - 6b914d88-ba4f-4141-b8f5-cbc1f56b6b78: GrpcService started, listening on 0.0.0.0/0.0.0.0:36904
2019-09-20 05:45:13,578 [Datanode State Machine Thread - 0] INFO  ratis.XceiverServerRatis (XceiverServerRatis.java:start(421)) - XceiverServerRatis ff5e190b-88ca-4969-9180-387aa5482839 is started using port 42020
2019-09-20 05:45:13,578 [Datanode State Machine Thread - 0] INFO  ratis.XceiverServerRatis (XceiverServerRatis.java:start(421)) - XceiverServerRatis 6b914d88-ba4f-4141-b8f5-cbc1f56b6b78 is started using port 36904
2019-09-20 05:45:13,584 [Datanode State Machine Thread - 0] INFO  server.XceiverServerGrpc (XceiverServerGrpc.java:start(163)) - XceiverServerGrpc 6b914d88-ba4f-4141-b8f5-cbc1f56b6b78 is started using port 33805
2019-09-20 05:45:13,585 [Datanode State Machine Thread - 0] INFO  impl.RaftServerProxy (RaftServerProxy.java:lambda$start$3(299)) - bc618eef-faaa-49fe-8402-4bd6a1aa1778: start RPC server
2019-09-20 05:45:13,584 [Datanode State Machine Thread - 0] INFO  server.XceiverServerGrpc (XceiverServerGrpc.java:start(163)) - XceiverServerGrpc ff5e190b-88ca-4969-9180-387aa5482839 is started using port 43418
2019-09-20 05:45:13,584 [Datanode State Machine Thread - 0] INFO  server.XceiverServerGrpc (XceiverServerGrpc.java:start(163)) - XceiverServerGrpc 363c26c2-b9cf-46d0-ab40-1759ff1bcc8b is started using port 34907
2019-09-20 05:45:13,587 [Datanode State Machine Thread - 0] INFO  server.GrpcService (GrpcService.java:startImpl(158)) - bc618eef-faaa-49fe-8402-4bd6a1aa1778: GrpcService started, listening on 0.0.0.0/0.0.0.0:40163
2019-09-20 05:45:13,587 [Datanode State Machine Thread - 0] INFO  ratis.XceiverServerRatis (XceiverServerRatis.java:start(421)) - XceiverServerRatis bc618eef-faaa-49fe-8402-4bd6a1aa1778 is started using port 40163
2019-09-20 05:45:13,589 [Datanode State Machine Thread - 0] INFO  server.XceiverServerGrpc (XceiverServerGrpc.java:start(163)) - XceiverServerGrpc bc618eef-faaa-49fe-8402-4bd6a1aa1778 is started using port 35517
2019-09-20 05:45:14,550 [main] INFO  ozone.MiniOzoneClusterImpl (MiniOzoneClusterImpl.java:lambda$waitForClusterToBeReady$0(145)) - Waiting for cluster to be ready. Got 0 of 4 DN Heartbeats.
2019-09-20 05:45:15,342 [IPC Server handler 1 on 38929] INFO  net.NetworkTopology (NetworkTopologyImpl.java:add(111)) - Added a new node: /default-rack/6b914d88-ba4f-4141-b8f5-cbc1f56b6b78
2019-09-20 05:45:15,343 [IPC Server handler 1 on 38929] INFO  node.SCMNodeManager (SCMNodeManager.java:register(266)) - Registered Data node : 6b914d88-ba4f-4141-b8f5-cbc1f56b6b78{ip: 192.168.5.165, host: trunk-nightly-20190920-4x9x8-1212555063, networkLocation: /default-rack, certSerialId: null}
2019-09-20 05:45:15,348 [EventQueue-NodeRegistrationContainerReportForDataNodeSafeModeRule] INFO  safemode.SCMSafeModeManager (DataNodeSafeModeRule.java:process(71)) - SCM in safe mode. 1 DataNodes registered, 1 required.
2019-09-20 05:45:15,348 [EventQueue-NodeRegistrationContainerReportForDataNodeSafeModeRule] INFO  safemode.SCMSafeModeManager (SCMSafeModeManager.java:validateSafeModeExitRules(177)) - ScmSafeModeManager, all rules are successfully validated
2019-09-20 05:45:15,348 [EventQueue-NodeRegistrationContainerReportForDataNodeSafeModeRule] INFO  safemode.SCMSafeModeManager (SCMSafeModeManager.java:exitSafeMode(193)) - SCM exiting safe mode.
2019-09-20 05:45:15,404 [IPC Server handler 2 on 38929] INFO  net.NetworkTopology (NetworkTopologyImpl.java:add(111)) - Added a new node: /default-rack/ff5e190b-88ca-4969-9180-387aa5482839
2019-09-20 05:45:15,404 [IPC Server handler 2 on 38929] INFO  node.SCMNodeManager (SCMNodeManager.java:register(266)) - Registered Data node : ff5e190b-88ca-4969-9180-387aa5482839{ip: 192.168.5.165, host: trunk-nightly-20190920-4x9x8-1212555063, networkLocation: /default-rack, certSerialId: null}
2019-09-20 05:45:15,480 [IPC Server handler 4 on 38929] INFO  net.NetworkTopology (NetworkTopologyImpl.java:add(111)) - Added a new node: /default-rack/363c26c2-b9cf-46d0-ab40-1759ff1bcc8b
2019-09-20 05:45:15,480 [IPC Server handler 4 on 38929] INFO  node.SCMNodeManager (SCMNodeManager.java:register(266)) - Registered Data node : 363c26c2-b9cf-46d0-ab40-1759ff1bcc8b{ip: 192.168.5.165, host: trunk-nightly-20190920-4x9x8-1212555063, networkLocation: /default-rack, certSerialId: null}
2019-09-20 05:45:15,550 [main] INFO  ozone.MiniOzoneClusterImpl (MiniOzoneClusterImpl.java:lambda$waitForClusterToBeReady$0(145)) - Waiting for cluster to be ready. Got 3 of 4 DN Heartbeats.
2019-09-20 05:45:15,551 [IPC Server handler 5 on 38929] INFO  net.NetworkTopology (NetworkTopologyImpl.java:add(111)) - Added a new node: /default-rack/bc618eef-faaa-49fe-8402-4bd6a1aa1778
2019-09-20 05:45:15,552 [IPC Server handler 5 on 38929] INFO  node.SCMNodeManager (SCMNodeManager.java:register(266)) - Registered Data node : bc618eef-faaa-49fe-8402-4bd6a1aa1778{ip: 192.168.5.165, host: trunk-nightly-20190920-4x9x8-1212555063, networkLocation: /default-rack, certSerialId: null}
2019-09-20 05:45:15,893 [grpc-default-executor-0] INFO  impl.RaftServerProxy (RaftServerProxy.java:addNew(89)) - 6b914d88-ba4f-4141-b8f5-cbc1f56b6b78: addNew group-C45410FE4965:[6b914d88-ba4f-4141-b8f5-cbc1f56b6b78:192.168.5.165:36904] returns group-C45410FE4965:java.util.concurrent.CompletableFuture@c405352[Not completed]
2019-09-20 05:45:15,911 [pool-27-thread-1] INFO  impl.RaftServerImpl (RaftServerImpl.java:<init>(95)) - 6b914d88-ba4f-4141-b8f5-cbc1f56b6b78: new RaftServerImpl for group-C45410FE4965:[6b914d88-ba4f-4141-b8f5-cbc1f56b6b78:192.168.5.165:36904] with ContainerStateMachine:uninitialized
2019-09-20 05:45:15,914 [pool-27-thread-1] INFO  server.RaftServerConfigKeys (ConfUtils.java:logGet(43)) - raft.server.rpc.timeout.min = 5s (custom)
2019-09-20 05:45:15,915 [pool-27-thread-1] INFO  server.RaftServerConfigKeys (ConfUtils.java:logGet(43)) - raft.server.rpc.timeout.max = 5200ms (custom)
2019-09-20 05:45:15,916 [pool-27-thread-1] INFO  server.RaftServerConfigKeys (ConfUtils.java:logGet(43)) - raft.server.rpcslowness.timeout = 1000s (custom)
2019-09-20 05:45:15,916 [pool-27-thread-1] INFO  server.RaftServerConfigKeys (ConfUtils.java:logGet(43)) - raft.server.sleep.deviation.threshold = 300 (default)
2019-09-20 05:45:15,917 [pool-27-thread-1] INFO  server.RaftServerConfigKeys (ConfUtils.java:logGet(43)) - raft.server.log.appender.install.snapshot.enabled = false (custom)
2019-09-20 05:45:15,925 [pool-27-thread-1] INFO  impl.RaftServerImpl (ServerState.java:<init>(103)) - 6b914d88-ba4f-4141-b8f5-cbc1f56b6b78@group-C45410FE4965: ConfigurationManager, init=-1: [6b914d88-ba4f-4141-b8f5-cbc1f56b6b78:192.168.5.165:36904], old=null, confs=<EMPTY_MAP>
2019-09-20 05:45:15,926 [pool-27-thread-1] INFO  server.RaftServerConfigKeys (ConfUtils.java:logGet(43)) - raft.server.storage.dir = [/workdir/hadoop-ozone/integration-test/target/test-dir/MiniOzoneClusterImpl-d26a8b4c-5592-4583-acf9-669019d991bc/datanode-0/data/ratis] (custom)
2019-09-20 05:45:15,934 [pool-27-thread-1] INFO  storage.RaftStorageDirectory (RaftStorageDirectory.java:analyzeStorage(246)) - The storage directory /workdir/hadoop-ozone/integration-test/target/test-dir/MiniOzoneClusterImpl-d26a8b4c-5592-4583-acf9-669019d991bc/datanode-0/data/ratis/defebef5-8719-4b42-b443-c45410fe4965 does not exist. Creating ...
2019-09-20 05:45:15,956 [pool-27-thread-1] INFO  storage.RaftStorageDirectory (RaftStorageDirectory.java:tryLock(328)) - Lock on /workdir/hadoop-ozone/integration-test/target/test-dir/MiniOzoneClusterImpl-d26a8b4c-5592-4583-acf9-669019d991bc/datanode-0/data/ratis/defebef5-8719-4b42-b443-c45410fe4965/in_use.lock acquired by nodename 30902@trunk-nightly-20190920-4x9x8-1212555063
2019-09-20 05:45:15,979 [pool-27-thread-1] INFO  storage.RaftStorage (RaftStorage.java:format(72)) - Storage directory /workdir/hadoop-ozone/integration-test/target/test-dir/MiniOzoneClusterImpl-d26a8b4c-5592-4583-acf9-669019d991bc/datanode-0/data/ratis/defebef5-8719-4b42-b443-c45410fe4965 has been successfully formatted.
2019-09-20 05:45:15,982 [pool-27-thread-1] INFO  ratis.ContainerStateMachine (ContainerStateMachine.java:loadSnapshot(230)) - group-C45410FE4965: The snapshot info is null. Setting the last applied indexto:(t:0, i:~)
2019-09-20 05:45:15,982 [pool-27-thread-1] INFO  server.RaftServerConfigKeys (ConfUtils.java:logGet(43)) - raft.server.notification.no-leader.timeout = 1000s (custom)
2019-09-20 05:45:15,985 [pool-27-thread-1] INFO  server.RaftServerConfigKeys (ConfUtils.java:logGet(43)) - raft.server.log.use.memory = false (default)
2019-09-20 05:45:15,991 [pool-27-thread-1] INFO  server.RaftServerConfigKeys (ConfUtils.java:logGet(43)) - raft.server.log.purge.gap = 1000000 (custom)
2019-09-20 05:45:15,991 [pool-27-thread-1] INFO  server.RaftServerConfigKeys (ConfUtils.java:logGet(43)) - raft.server.log.appender.buffer.byte-limit = 33554432 (custom)
2019-09-20 05:45:15,994 [pool-27-thread-1] INFO  server.RaftServerConfigKeys (ConfUtils.java:logGet(43)) - raft.server.log.segment.size.max = 1048576 (custom)
2019-09-20 05:45:15,998 [pool-27-thread-1] INFO  server.RaftServerConfigKeys (ConfUtils.java:logGet(43)) - raft.server.log.segment.cache.num.max = 2 (custom)
2019-09-20 05:45:16,003 [pool-27-thread-1] INFO  segmented.SegmentedRaftLogWorker (SegmentedRaftLogWorker.java:<init>(172)) - new 6b914d88-ba4f-4141-b8f5-cbc1f56b6b78@group-C45410FE4965-SegmentedRaftLogWorker for RaftStorage:Storage Directory /workdir/hadoop-ozone/integration-test/target/test-dir/MiniOzoneClusterImpl-d26a8b4c-5592-4583-acf9-669019d991bc/datanode-0/data/ratis/defebef5-8719-4b42-b443-c45410fe4965
2019-09-20 05:45:16,004 [pool-27-thread-1] INFO  impl.MetricsSystemImpl (MetricsSystemImpl.java:init(158)) - ratis metrics system started (again)
2019-09-20 05:45:16,039 [pool-27-thread-1] INFO  server.RaftServerConfigKeys (ConfUtils.java:logGet(43)) - raft.server.log.queue.byte-limit = 2147483647 (custom)
2019-09-20 05:45:16,039 [pool-27-thread-1] INFO  server.RaftServerConfigKeys (ConfUtils.java:logGet(43)) - raft.server.log.queue.element-limit = 1024 (custom)
2019-09-20 05:45:16,042 [pool-27-thread-1] INFO  server.RaftServerConfigKeys (ConfUtils.java:logGet(43)) - raft.server.log.segment.size.max = 1048576 (custom)
2019-09-20 05:45:16,043 [pool-27-thread-1] INFO  server.RaftServerConfigKeys (ConfUtils.java:logGet(43)) - raft.server.log.preallocated.size = 16384 (custom)
2019-09-20 05:45:16,043 [pool-27-thread-1] INFO  server.RaftServerConfigKeys (ConfUtils.java:logGet(43)) - raft.server.log.write.buffer.size = 33554432 (custom)
2019-09-20 05:45:16,043 [pool-27-thread-1] INFO  server.RaftServerConfigKeys (ConfUtils.java:logGet(43)) - raft.server.log.force.sync.num = 128 (default)
2019-09-20 05:45:16,044 [pool-27-thread-1] INFO  server.RaftServerConfigKeys (ConfUtils.java:logGet(43)) - raft.server.log.statemachine.data.sync = true (default)
2019-09-20 05:45:16,044 [pool-27-thread-1] INFO  server.RaftServerConfigKeys (ConfUtils.java:logGet(43)) - raft.server.log.statemachine.data.sync.timeout = 10s (default)
2019-09-20 05:45:16,045 [pool-27-thread-1] INFO  server.RaftServerConfigKeys (ConfUtils.java:logGet(43)) - raft.server.log.statemachine.data.sync.timeout.retry = -1 (default)
2019-09-20 05:45:16,052 [pool-27-thread-1] INFO  server.RaftServerConfigKeys (ConfUtils.java:logGet(43)) - raft.server.log.statemachine.data.caching.enabled = true (custom)
2019-09-20 05:45:16,057 [pool-27-thread-1] INFO  segmented.SegmentedRaftLogWorker (SegmentedRaftLogWorker.java:lambda$new$0(132)) - 6b914d88-ba4f-4141-b8f5-cbc1f56b6b78@group-C45410FE4965-SegmentedRaftLogWorker: flushIndex: setUnconditionally 0 -> -1
2019-09-20 05:45:16,060 [pool-27-thread-1] INFO  server.RaftServerConfigKeys (ConfUtils.java:logGet(43)) - raft.server.snapshot.auto.trigger.enabled = true (custom)
2019-09-20 05:45:16,061 [pool-27-thread-1] INFO  server.RaftServerConfigKeys (ConfUtils.java:logGet(43)) - raft.server.snapshot.auto.trigger.threshold = 10000 (custom)
2019-09-20 05:45:16,062 [pool-27-thread-1] INFO  server.RaftServerConfigKeys (ConfUtils.java:logGet(43)) - raft.server.snapshot.retention.num.files = 5 (custom)
2019-09-20 05:45:16,062 [pool-27-thread-1] INFO  server.RaftServerConfigKeys (ConfUtils.java:logGet(43)) - raft.server.retrycache.expirytime = 600000ms (custom)
2019-09-20 05:45:16,089 [pool-27-thread-1] INFO  impl.RaftServerImpl (RaftServerImpl.java:start(185)) - 6b914d88-ba4f-4141-b8f5-cbc1f56b6b78@group-C45410FE4965: start as a follower, conf=-1: [6b914d88-ba4f-4141-b8f5-cbc1f56b6b78:192.168.5.165:36904], old=null
2019-09-20 05:45:16,090 [pool-27-thread-1] INFO  impl.RaftServerImpl (RaftServerImpl.java:setRole(174)) - 6b914d88-ba4f-4141-b8f5-cbc1f56b6b78@group-C45410FE4965: changes role from      null to FOLLOWER at term 0 for startAsFollower
2019-09-20 05:45:16,091 [pool-27-thread-1] INFO  impl.RoleInfo (RoleInfo.java:updateAndGet(143)) - 6b914d88-ba4f-4141-b8f5-cbc1f56b6b78: start FollowerState
2019-09-20 05:45:16,093 [pool-27-thread-1] INFO  util.JmxRegister (JmxRegister.java:tryRegister(44)) - Successfully registered JMX Bean with object name Ratis:service=RaftServer,group=group-C45410FE4965,id=6b914d88-ba4f-4141-b8f5-cbc1f56b6b78
2019-09-20 05:45:16,148 [RatisPipelineUtilsThread] INFO  pipeline.PipelineStateManager (PipelineStateManager.java:addPipeline(56)) - Created pipeline Pipeline[ Id: defebef5-8719-4b42-b443-c45410fe4965, Nodes: 6b914d88-ba4f-4141-b8f5-cbc1f56b6b78{ip: 192.168.5.165, host: trunk-nightly-20190920-4x9x8-1212555063, networkLocation: /default-rack, certSerialId: null}, Type:RATIS, Factor:ONE, State:OPEN]
2019-09-20 05:45:16,169 [grpc-default-executor-0] INFO  impl.RaftServerProxy (RaftServerProxy.java:addNew(89)) - 363c26c2-b9cf-46d0-ab40-1759ff1bcc8b: addNew group-FB94768A48D1:[363c26c2-b9cf-46d0-ab40-1759ff1bcc8b:192.168.5.165:37804] returns group-FB94768A48D1:java.util.concurrent.CompletableFuture@16457960[Not completed]
2019-09-20 05:45:16,208 [pool-47-thread-1] INFO  impl.RaftServerImpl (RaftServerImpl.java:<init>(95)) - 363c26c2-b9cf-46d0-ab40-1759ff1bcc8b: new RaftServerImpl for group-FB94768A48D1:[363c26c2-b9cf-46d0-ab40-1759ff1bcc8b:192.168.5.165:37804] with ContainerStateMachine:uninitialized
2019-09-20 05:45:16,210 [pool-47-thread-1] INFO  server.RaftServerConfigKeys (ConfUtils.java:logGet(43)) - raft.server.rpc.timeout.min = 5s (custom)
2019-09-20 05:45:16,210 [pool-47-thread-1] INFO  server.RaftServerConfigKeys (ConfUtils.java:logGet(43)) - raft.server.rpc.timeout.max = 5200ms (custom)
2019-09-20 05:45:16,210 [pool-47-thread-1] INFO  server.RaftServerConfigKeys (ConfUtils.java:logGet(43)) - raft.server.rpcslowness.timeout = 1000s (custom)
2019-09-20 05:45:16,211 [pool-47-thread-1] INFO  server.RaftServerConfigKeys (ConfUtils.java:logGet(43)) - raft.server.sleep.deviation.threshold = 300 (default)
2019-09-20 05:45:16,211 [pool-47-thread-1] INFO  server.RaftServerConfigKeys (ConfUtils.java:logGet(43)) - raft.server.log.appender.install.snapshot.enabled = false (custom)
2019-09-20 05:45:16,211 [pool-47-thread-1] INFO  impl.RaftServerImpl (ServerState.java:<init>(103)) - 363c26c2-b9cf-46d0-ab40-1759ff1bcc8b@group-FB94768A48D1: ConfigurationManager, init=-1: [363c26c2-b9cf-46d0-ab40-1759ff1bcc8b:192.168.5.165:37804], old=null, confs=<EMPTY_MAP>
2019-09-20 05:45:16,211 [pool-47-thread-1] INFO  server.RaftServerConfigKeys (ConfUtils.java:logGet(43)) - raft.server.storage.dir = [/workdir/hadoop-ozone/integration-test/target/test-dir/MiniOzoneClusterImpl-d26a8b4c-5592-4583-acf9-669019d991bc/datanode-2/data/ratis] (custom)
2019-09-20 05:45:16,212 [pool-47-thread-1] INFO  storage.RaftStorageDirectory (RaftStorageDirectory.java:analyzeStorage(246)) - The storage directory /workdir/hadoop-ozone/integration-test/target/test-dir/MiniOzoneClusterImpl-d26a8b4c-5592-4583-acf9-669019d991bc/datanode-2/data/ratis/a0b5cc1b-c12d-41d7-b4fa-fb94768a48d1 does not exist. Creating ...
2019-09-20 05:45:16,234 [pool-47-thread-1] INFO  storage.RaftStorageDirectory (RaftStorageDirectory.java:tryLock(328)) - Lock on /workdir/hadoop-ozone/integration-test/target/test-dir/MiniOzoneClusterImpl-d26a8b4c-5592-4583-acf9-669019d991bc/datanode-2/data/ratis/a0b5cc1b-c12d-41d7-b4fa-fb94768a48d1/in_use.lock acquired by nodename 30902@trunk-nightly-20190920-4x9x8-1212555063
2019-09-20 05:45:16,257 [pool-47-thread-1] INFO  storage.RaftStorage (RaftStorage.java:format(72)) - Storage directory /workdir/hadoop-ozone/integration-test/target/test-dir/MiniOzoneClusterImpl-d26a8b4c-5592-4583-acf9-669019d991bc/datanode-2/data/ratis/a0b5cc1b-c12d-41d7-b4fa-fb94768a48d1 has been successfully formatted.
2019-09-20 05:45:16,258 [pool-47-thread-1] INFO  ratis.ContainerStateMachine (ContainerStateMachine.java:loadSnapshot(230)) - group-FB94768A48D1: The snapshot info is null. Setting the last applied indexto:(t:0, i:~)
2019-09-20 05:45:16,259 [pool-47-thread-1] INFO  server.RaftServerConfigKeys (ConfUtils.java:logGet(43)) - raft.server.notification.no-leader.timeout = 1000s (custom)
2019-09-20 05:45:16,259 [pool-47-thread-1] INFO  server.RaftServerConfigKeys (ConfUtils.java:logGet(43)) - raft.server.log.use.memory = false (default)
2019-09-20 05:45:16,259 [pool-47-thread-1] INFO  server.RaftServerConfigKeys (ConfUtils.java:logGet(43)) - raft.server.log.purge.gap = 1000000 (custom)
2019-09-20 05:45:16,259 [pool-47-thread-1] INFO  server.RaftServerConfigKeys (ConfUtils.java:logGet(43)) - raft.server.log.appender.buffer.byte-limit = 33554432 (custom)
2019-09-20 05:45:16,259 [pool-47-thread-1] INFO  server.RaftServerConfigKeys (ConfUtils.java:logGet(43)) - raft.server.log.segment.size.max = 1048576 (custom)
2019-09-20 05:45:16,260 [pool-47-thread-1] INFO  server.RaftServerConfigKeys (ConfUtils.java:logGet(43)) - raft.server.log.segment.cache.num.max = 2 (custom)
2019-09-20 05:45:16,260 [pool-47-thread-1] INFO  segmented.SegmentedRaftLogWorker (SegmentedRaftLogWorker.java:<init>(172)) - new 363c26c2-b9cf-46d0-ab40-1759ff1bcc8b@group-FB94768A48D1-SegmentedRaftLogWorker for RaftStorage:Storage Directory /workdir/hadoop-ozone/integration-test/target/test-dir/MiniOzoneClusterImpl-d26a8b4c-5592-4583-acf9-669019d991bc/datanode-2/data/ratis/a0b5cc1b-c12d-41d7-b4fa-fb94768a48d1
2019-09-20 05:45:16,265 [pool-47-thread-1] INFO  server.RaftServerConfigKeys (ConfUtils.java:logGet(43)) - raft.server.log.queue.byte-limit = 2147483647 (custom)
2019-09-20 05:45:16,265 [pool-47-thread-1] INFO  server.RaftServerConfigKeys (ConfUtils.java:logGet(43)) - raft.server.log.queue.element-limit = 1024 (custom)
2019-09-20 05:45:16,265 [pool-47-thread-1] INFO  server.RaftServerConfigKeys (ConfUtils.java:logGet(43)) - raft.server.log.segment.size.max = 1048576 (custom)
2019-09-20 05:45:16,265 [pool-47-thread-1] INFO  server.RaftServerConfigKeys (ConfUtils.java:logGet(43)) - raft.server.log.preallocated.size = 16384 (custom)
2019-09-20 05:45:16,265 [pool-47-thread-1] INFO  server.RaftServerConfigKeys (ConfUtils.java:logGet(43)) - raft.server.log.write.buffer.size = 33554432 (custom)
2019-09-20 05:45:16,266 [pool-47-thread-1] INFO  server.RaftServerConfigKeys (ConfUtils.java:logGet(43)) - raft.server.log.force.sync.num = 128 (default)
2019-09-20 05:45:16,266 [pool-47-thread-1] INFO  server.RaftServerConfigKeys (ConfUtils.java:logGet(43)) - raft.server.log.statemachine.data.sync = true (default)
2019-09-20 05:45:16,266 [pool-47-thread-1] INFO  server.RaftServerConfigKeys (ConfUtils.java:logGet(43)) - raft.server.log.statemachine.data.sync.timeout = 10s (default)
2019-09-20 05:45:16,266 [pool-47-thread-1] INFO  server.RaftServerConfigKeys (ConfUtils.java:logGet(43)) - raft.server.log.statemachine.data.sync.timeout.retry = -1 (default)
2019-09-20 05:45:16,267 [pool-47-thread-1] INFO  server.RaftServerConfigKeys (ConfUtils.java:logGet(43)) - raft.server.log.statemachine.data.caching.enabled = true (custom)
2019-09-20 05:45:16,267 [pool-47-thread-1] INFO  segmented.SegmentedRaftLogWorker (SegmentedRaftLogWorker.java:lambda$new$0(132)) - 363c26c2-b9cf-46d0-ab40-1759ff1bcc8b@group-FB94768A48D1-SegmentedRaftLogWorker: flushIndex: setUnconditionally 0 -> -1
2019-09-20 05:45:16,267 [pool-47-thread-1] INFO  server.RaftServerConfigKeys (ConfUtils.java:logGet(43)) - raft.server.snapshot.auto.trigger.enabled = true (custom)
2019-09-20 05:45:16,267 [pool-47-thread-1] INFO  server.RaftServerConfigKeys (ConfUtils.java:logGet(43)) - raft.server.snapshot.auto.trigger.threshold = 10000 (custom)
2019-09-20 05:45:16,267 [pool-47-thread-1] INFO  server.RaftServerConfigKeys (ConfUtils.java:logGet(43)) - raft.server.snapshot.retention.num.files = 5 (custom)
2019-09-20 05:45:16,268 [pool-47-thread-1] INFO  server.RaftServerConfigKeys (ConfUtils.java:logGet(43)) - raft.server.retrycache.expirytime = 600000ms (custom)
2019-09-20 05:45:16,271 [pool-47-thread-1] INFO  impl.RaftServerImpl (RaftServerImpl.java:start(185)) - 363c26c2-b9cf-46d0-ab40-1759ff1bcc8b@group-FB94768A48D1: start as a follower, conf=-1: [363c26c2-b9cf-46d0-ab40-1759ff1bcc8b:192.168.5.165:37804], old=null
2019-09-20 05:45:16,272 [pool-47-thread-1] INFO  impl.RaftServerImpl (RaftServerImpl.java:setRole(174)) - 363c26c2-b9cf-46d0-ab40-1759ff1bcc8b@group-FB94768A48D1: changes role from      null to FOLLOWER at term 0 for startAsFollower
2019-09-20 05:45:16,272 [pool-47-thread-1] INFO  impl.RoleInfo (RoleInfo.java:updateAndGet(143)) - 363c26c2-b9cf-46d0-ab40-1759ff1bcc8b: start FollowerState
2019-09-20 05:45:16,273 [pool-47-thread-1] INFO  util.JmxRegister (JmxRegister.java:tryRegister(44)) - Successfully registered JMX Bean with object name Ratis:service=RaftServer,group=group-FB94768A48D1,id=363c26c2-b9cf-46d0-ab40-1759ff1bcc8b
2019-09-20 05:45:16,283 [RatisPipelineUtilsThread] INFO  pipeline.PipelineStateManager (PipelineStateManager.java:addPipeline(56)) - Created pipeline Pipeline[ Id: a0b5cc1b-c12d-41d7-b4fa-fb94768a48d1, Nodes: 363c26c2-b9cf-46d0-ab40-1759ff1bcc8b{ip: 192.168.5.165, host: trunk-nightly-20190920-4x9x8-1212555063, networkLocation: /default-rack, certSerialId: null}, Type:RATIS, Factor:ONE, State:OPEN]
2019-09-20 05:45:16,302 [grpc-default-executor-0] INFO  impl.RaftServerProxy (RaftServerProxy.java:addNew(89)) - bc618eef-faaa-49fe-8402-4bd6a1aa1778: addNew group-239643EA3DAE:[bc618eef-faaa-49fe-8402-4bd6a1aa1778:192.168.5.165:40163] returns group-239643EA3DAE:java.util.concurrent.CompletableFuture@15537163[Not completed]
2019-09-20 05:45:16,317 [pool-57-thread-1] INFO  impl.RaftServerImpl (RaftServerImpl.java:<init>(95)) - bc618eef-faaa-49fe-8402-4bd6a1aa1778: new RaftServerImpl for group-239643EA3DAE:[bc618eef-faaa-49fe-8402-4bd6a1aa1778:192.168.5.165:40163] with ContainerStateMachine:uninitialized
2019-09-20 05:45:16,320 [pool-57-thread-1] INFO  server.RaftServerConfigKeys (ConfUtils.java:logGet(43)) - raft.server.rpc.timeout.min = 5s (custom)
2019-09-20 05:45:16,321 [pool-57-thread-1] INFO  server.RaftServerConfigKeys (ConfUtils.java:logGet(43)) - raft.server.rpc.timeout.max = 5200ms (custom)
2019-09-20 05:45:16,321 [pool-57-thread-1] INFO  server.RaftServerConfigKeys (ConfUtils.java:logGet(43)) - raft.server.rpcslowness.timeout = 1000s (custom)
2019-09-20 05:45:16,321 [pool-57-thread-1] INFO  server.RaftServerConfigKeys (ConfUtils.java:logGet(43)) - raft.server.sleep.deviation.threshold = 300 (default)
2019-09-20 05:45:16,321 [pool-57-thread-1] INFO  server.RaftServerConfigKeys (ConfUtils.java:logGet(43)) - raft.server.log.appender.install.snapshot.enabled = false (custom)
2019-09-20 05:45:16,321 [pool-57-thread-1] INFO  impl.RaftServerImpl (ServerState.java:<init>(103)) - bc618eef-faaa-49fe-8402-4bd6a1aa1778@group-239643EA3DAE: ConfigurationManager, init=-1: [bc618eef-faaa-49fe-8402-4bd6a1aa1778:192.168.5.165:40163], old=null, confs=<EMPTY_MAP>
2019-09-20 05:45:16,321 [pool-57-thread-1] INFO  server.RaftServerConfigKeys (ConfUtils.java:logGet(43)) - raft.server.storage.dir = [/workdir/hadoop-ozone/integration-test/target/test-dir/MiniOzoneClusterImpl-d26a8b4c-5592-4583-acf9-669019d991bc/datanode-3/data/ratis] (custom)
2019-09-20 05:45:16,322 [pool-57-thread-1] INFO  storage.RaftStorageDirectory (RaftStorageDirectory.java:analyzeStorage(246)) - The storage directory /workdir/hadoop-ozone/integration-test/target/test-dir/MiniOzoneClusterImpl-d26a8b4c-5592-4583-acf9-669019d991bc/datanode-3/data/ratis/8c904d6e-bf12-4d4f-aaf8-239643ea3dae does not exist. Creating ...
2019-09-20 05:45:16,349 [pool-57-thread-1] INFO  storage.RaftStorageDirectory (RaftStorageDirectory.java:tryLock(328)) - Lock on /workdir/hadoop-ozone/integration-test/target/test-dir/MiniOzoneClusterImpl-d26a8b4c-5592-4583-acf9-669019d991bc/datanode-3/data/ratis/8c904d6e-bf12-4d4f-aaf8-239643ea3dae/in_use.lock acquired by nodename 30902@trunk-nightly-20190920-4x9x8-1212555063
2019-09-20 05:45:16,366 [pool-57-thread-1] INFO  storage.RaftStorage (RaftStorage.java:format(72)) - Storage directory /workdir/hadoop-ozone/integration-test/target/test-dir/MiniOzoneClusterImpl-d26a8b4c-5592-4583-acf9-669019d991bc/datanode-3/data/ratis/8c904d6e-bf12-4d4f-aaf8-239643ea3dae has been successfully formatted.
2019-09-20 05:45:16,366 [pool-57-thread-1] INFO  ratis.ContainerStateMachine (ContainerStateMachine.java:loadSnapshot(230)) - group-239643EA3DAE: The snapshot info is null. Setting the last applied indexto:(t:0, i:~)
2019-09-20 05:45:16,366 [pool-57-thread-1] INFO  server.RaftServerConfigKeys (ConfUtils.java:logGet(43)) - raft.server.notification.no-leader.timeout = 1000s (custom)
2019-09-20 05:45:16,366 [pool-57-thread-1] INFO  server.RaftServerConfigKeys (ConfUtils.java:logGet(43)) - raft.server.log.use.memory = false (default)
2019-09-20 05:45:16,367 [pool-57-thread-1] INFO  server.RaftServerConfigKeys (ConfUtils.java:logGet(43)) - raft.server.log.purge.gap = 1000000 (custom)
2019-09-20 05:45:16,367 [pool-57-thread-1] INFO  server.RaftServerConfigKeys (ConfUtils.java:logGet(43)) - raft.server.log.appender.buffer.byte-limit = 33554432 (custom)
2019-09-20 05:45:16,367 [pool-57-thread-1] INFO  server.RaftServerConfigKeys (ConfUtils.java:logGet(43)) - raft.server.log.segment.size.max = 1048576 (custom)
2019-09-20 05:45:16,367 [pool-57-thread-1] INFO  server.RaftServerConfigKeys (ConfUtils.java:logGet(43)) - raft.server.log.segment.cache.num.max = 2 (custom)
2019-09-20 05:45:16,368 [pool-57-thread-1] INFO  segmented.SegmentedRaftLogWorker (SegmentedRaftLogWorker.java:<init>(172)) - new bc618eef-faaa-49fe-8402-4bd6a1aa1778@group-239643EA3DAE-SegmentedRaftLogWorker for RaftStorage:Storage Directory /workdir/hadoop-ozone/integration-test/target/test-dir/MiniOzoneClusterImpl-d26a8b4c-5592-4583-acf9-669019d991bc/datanode-3/data/ratis/8c904d6e-bf12-4d4f-aaf8-239643ea3dae
2019-09-20 05:45:16,398 [pool-57-thread-1] INFO  server.RaftServerConfigKeys (ConfUtils.java:logGet(43)) - raft.server.log.queue.byte-limit = 2147483647 (custom)
2019-09-20 05:45:16,399 [pool-57-thread-1] INFO  server.RaftServerConfigKeys (ConfUtils.java:logGet(43)) - raft.server.log.queue.element-limit = 1024 (custom)
2019-09-20 05:45:16,399 [pool-57-thread-1] INFO  server.RaftServerConfigKeys (ConfUtils.java:logGet(43)) - raft.server.log.segment.size.max = 1048576 (custom)
2019-09-20 05:45:16,399 [pool-57-thread-1] INFO  server.RaftServerConfigKeys (ConfUtils.java:logGet(43)) - raft.server.log.preallocated.size = 16384 (custom)
2019-09-20 05:45:16,399 [pool-57-thread-1] INFO  server.RaftServerConfigKeys (ConfUtils.java:logGet(43)) - raft.server.log.write.buffer.size = 33554432 (custom)
2019-09-20 05:45:16,400 [pool-57-thread-1] INFO  server.RaftServerConfigKeys (ConfUtils.java:logGet(43)) - raft.server.log.force.sync.num = 128 (default)
2019-09-20 05:45:16,400 [pool-57-thread-1] INFO  server.RaftServerConfigKeys (ConfUtils.java:logGet(43)) - raft.server.log.statemachine.data.sync = true (default)
2019-09-20 05:45:16,400 [pool-57-thread-1] INFO  server.RaftServerConfigKeys (ConfUtils.java:logGet(43)) - raft.server.log.statemachine.data.sync.timeout = 10s (default)
2019-09-20 05:45:16,400 [pool-57-thread-1] INFO  server.RaftServerConfigKeys (ConfUtils.java:logGet(43)) - raft.server.log.statemachine.data.sync.timeout.retry = -1 (default)
2019-09-20 05:45:16,401 [pool-57-thread-1] INFO  server.RaftServerConfigKeys (ConfUtils.java:logGet(43)) - raft.server.log.statemachine.data.caching.enabled = true (custom)
2019-09-20 05:45:16,401 [pool-57-thread-1] INFO  segmented.SegmentedRaftLogWorker (SegmentedRaftLogWorker.java:lambda$new$0(132)) - bc618eef-faaa-49fe-8402-4bd6a1aa1778@group-239643EA3DAE-SegmentedRaftLogWorker: flushIndex: setUnconditionally 0 -> -1
2019-09-20 05:45:16,401 [pool-57-thread-1] INFO  server.RaftServerConfigKeys (ConfUtils.java:logGet(43)) - raft.server.snapshot.auto.trigger.enabled = true (custom)
2019-09-20 05:45:16,402 [pool-57-thread-1] INFO  server.RaftServerConfigKeys (ConfUtils.java:logGet(43)) - raft.server.snapshot.auto.trigger.threshold = 10000 (custom)
2019-09-20 05:45:16,402 [pool-57-thread-1] INFO  server.RaftServerConfigKeys (ConfUtils.java:logGet(43)) - raft.server.snapshot.retention.num.files = 5 (custom)
2019-09-20 05:45:16,402 [pool-57-thread-1] INFO  server.RaftServerConfigKeys (ConfUtils.java:logGet(43)) - raft.server.retrycache.expirytime = 600000ms (custom)
2019-09-20 05:45:16,408 [pool-57-thread-1] INFO  impl.RaftServerImpl (RaftServerImpl.java:start(185)) - bc618eef-faaa-49fe-8402-4bd6a1aa1778@group-239643EA3DAE: start as a follower, conf=-1: [bc618eef-faaa-49fe-8402-4bd6a1aa1778:192.168.5.165:40163], old=null
2019-09-20 05:45:16,408 [pool-57-thread-1] INFO  impl.RaftServerImpl (RaftServerImpl.java:setRole(174)) - bc618eef-faaa-49fe-8402-4bd6a1aa1778@group-239643EA3DAE: changes role from      null to FOLLOWER at term 0 for startAsFollower
2019-09-20 05:45:16,408 [pool-57-thread-1] INFO  impl.RoleInfo (RoleInfo.java:updateAndGet(143)) - bc618eef-faaa-49fe-8402-4bd6a1aa1778: start FollowerState
2019-09-20 05:45:16,409 [pool-57-thread-1] INFO  util.JmxRegister (JmxRegister.java:tryRegister(44)) - Successfully registered JMX Bean with object name Ratis:service=RaftServer,group=group-239643EA3DAE,id=bc618eef-faaa-49fe-8402-4bd6a1aa1778
2019-09-20 05:45:16,422 [RatisPipelineUtilsThread] INFO  pipeline.PipelineStateManager (PipelineStateManager.java:addPipeline(56)) - Created pipeline Pipeline[ Id: 8c904d6e-bf12-4d4f-aaf8-239643ea3dae, Nodes: bc618eef-faaa-49fe-8402-4bd6a1aa1778{ip: 192.168.5.165, host: trunk-nightly-20190920-4x9x8-1212555063, networkLocation: /default-rack, certSerialId: null}, Type:RATIS, Factor:ONE, State:OPEN]
2019-09-20 05:45:16,439 [grpc-default-executor-0] INFO  impl.RaftServerProxy (RaftServerProxy.java:addNew(89)) - ff5e190b-88ca-4969-9180-387aa5482839: addNew group-9A079AA8243A:[ff5e190b-88ca-4969-9180-387aa5482839:192.168.5.165:42020] returns group-9A079AA8243A:java.util.concurrent.CompletableFuture@48a2cb20[Not completed]
2019-09-20 05:45:16,441 [pool-37-thread-1] INFO  impl.RaftServerImpl (RaftServerImpl.java:<init>(95)) - ff5e190b-88ca-4969-9180-387aa5482839: new RaftServerImpl for group-9A079AA8243A:[ff5e190b-88ca-4969-9180-387aa5482839:192.168.5.165:42020] with ContainerStateMachine:uninitialized
2019-09-20 05:45:16,441 [pool-37-thread-1] INFO  server.RaftServerConfigKeys (ConfUtils.java:logGet(43)) - raft.server.rpc.timeout.min = 5s (custom)
2019-09-20 05:45:16,441 [pool-37-thread-1] INFO  server.RaftServerConfigKeys (ConfUtils.java:logGet(43)) - raft.server.rpc.timeout.max = 5200ms (custom)
2019-09-20 05:45:16,442 [pool-37-thread-1] INFO  server.RaftServerConfigKeys (ConfUtils.java:logGet(43)) - raft.server.rpcslowness.timeout = 1000s (custom)
2019-09-20 05:45:16,442 [pool-37-thread-1] INFO  server.RaftServerConfigKeys (ConfUtils.java:logGet(43)) - raft.server.sleep.deviation.threshold = 300 (default)
2019-09-20 05:45:16,442 [pool-37-thread-1] INFO  server.RaftServerConfigKeys (ConfUtils.java:logGet(43)) - raft.server.log.appender.install.snapshot.enabled = false (custom)
2019-09-20 05:45:16,442 [pool-37-thread-1] INFO  impl.RaftServerImpl (ServerState.java:<init>(103)) - ff5e190b-88ca-4969-9180-387aa5482839@group-9A079AA8243A: ConfigurationManager, init=-1: [ff5e190b-88ca-4969-9180-387aa5482839:192.168.5.165:42020], old=null, confs=<EMPTY_MAP>
2019-09-20 05:45:16,442 [pool-37-thread-1] INFO  server.RaftServerConfigKeys (ConfUtils.java:logGet(43)) - raft.server.storage.dir = [/workdir/hadoop-ozone/integration-test/target/test-dir/MiniOzoneClusterImpl-d26a8b4c-5592-4583-acf9-669019d991bc/datanode-1/data/ratis] (custom)
2019-09-20 05:45:16,442 [pool-37-thread-1] INFO  storage.RaftStorageDirectory (RaftStorageDirectory.java:analyzeStorage(246)) - The storage directory /workdir/hadoop-ozone/integration-test/target/test-dir/MiniOzoneClusterImpl-d26a8b4c-5592-4583-acf9-669019d991bc/datanode-1/data/ratis/9fb7a4d8-b37e-4829-bcd6-9a079aa8243a does not exist. Creating ...
2019-09-20 05:45:16,466 [pool-37-thread-1] INFO  storage.RaftStorageDirectory (RaftStorageDirectory.java:tryLock(328)) - Lock on /workdir/hadoop-ozone/integration-test/target/test-dir/MiniOzoneClusterImpl-d26a8b4c-5592-4583-acf9-669019d991bc/datanode-1/data/ratis/9fb7a4d8-b37e-4829-bcd6-9a079aa8243a/in_use.lock acquired by nodename 30902@trunk-nightly-20190920-4x9x8-1212555063
2019-09-20 05:45:16,484 [pool-37-thread-1] INFO  storage.RaftStorage (RaftStorage.java:format(72)) - Storage directory /workdir/hadoop-ozone/integration-test/target/test-dir/MiniOzoneClusterImpl-d26a8b4c-5592-4583-acf9-669019d991bc/datanode-1/data/ratis/9fb7a4d8-b37e-4829-bcd6-9a079aa8243a has been successfully formatted.
2019-09-20 05:45:16,484 [pool-37-thread-1] INFO  ratis.ContainerStateMachine (ContainerStateMachine.java:loadSnapshot(230)) - group-9A079AA8243A: The snapshot info is null. Setting the last applied indexto:(t:0, i:~)
2019-09-20 05:45:16,485 [pool-37-thread-1] INFO  server.RaftServerConfigKeys (ConfUtils.java:logGet(43)) - raft.server.notification.no-leader.timeout = 1000s (custom)
2019-09-20 05:45:16,485 [pool-37-thread-1] INFO  server.RaftServerConfigKeys (ConfUtils.java:logGet(43)) - raft.server.log.use.memory = false (default)
2019-09-20 05:45:16,485 [pool-37-thread-1] INFO  server.RaftServerConfigKeys (ConfUtils.java:logGet(43)) - raft.server.log.purge.gap = 1000000 (custom)
2019-09-20 05:45:16,485 [pool-37-thread-1] INFO  server.RaftServerConfigKeys (ConfUtils.java:logGet(43)) - raft.server.log.appender.buffer.byte-limit = 33554432 (custom)
2019-09-20 05:45:16,485 [pool-37-thread-1] INFO  server.RaftServerConfigKeys (ConfUtils.java:logGet(43)) - raft.server.log.segment.size.max = 1048576 (custom)
2019-09-20 05:45:16,485 [pool-37-thread-1] INFO  server.RaftServerConfigKeys (ConfUtils.java:logGet(43)) - raft.server.log.segment.cache.num.max = 2 (custom)
2019-09-20 05:45:16,485 [pool-37-thread-1] INFO  segmented.SegmentedRaftLogWorker (SegmentedRaftLogWorker.java:<init>(172)) - new ff5e190b-88ca-4969-9180-387aa5482839@group-9A079AA8243A-SegmentedRaftLogWorker for RaftStorage:Storage Directory /workdir/hadoop-ozone/integration-test/target/test-dir/MiniOzoneClusterImpl-d26a8b4c-5592-4583-acf9-669019d991bc/datanode-1/data/ratis/9fb7a4d8-b37e-4829-bcd6-9a079aa8243a
2019-09-20 05:45:16,489 [pool-37-thread-1] INFO  server.RaftServerConfigKeys (ConfUtils.java:logGet(43)) - raft.server.log.queue.byte-limit = 2147483647 (custom)
2019-09-20 05:45:16,489 [pool-37-thread-1] INFO  server.RaftServerConfigKeys (ConfUtils.java:logGet(43)) - raft.server.log.queue.element-limit = 1024 (custom)
2019-09-20 05:45:16,490 [pool-37-thread-1] INFO  server.RaftServerConfigKeys (ConfUtils.java:logGet(43)) - raft.server.log.segment.size.max = 1048576 (custom)
2019-09-20 05:45:16,490 [pool-37-thread-1] INFO  server.RaftServerConfigKeys (ConfUtils.java:logGet(43)) - raft.server.log.preallocated.size = 16384 (custom)
2019-09-20 05:45:16,490 [pool-37-thread-1] INFO  server.RaftServerConfigKeys (ConfUtils.java:logGet(43)) - raft.server.log.write.buffer.size = 33554432 (custom)
2019-09-20 05:45:16,490 [pool-37-thread-1] INFO  server.RaftServerConfigKeys (ConfUtils.java:logGet(43)) - raft.server.log.force.sync.num = 128 (default)
2019-09-20 05:45:16,490 [pool-37-thread-1] INFO  server.RaftServerConfigKeys (ConfUtils.java:logGet(43)) - raft.server.log.statemachine.data.sync = true (default)
2019-09-20 05:45:16,490 [pool-37-thread-1] INFO  server.RaftServerConfigKeys (ConfUtils.java:logGet(43)) - raft.server.log.statemachine.data.sync.timeout = 10s (default)
2019-09-20 05:45:16,490 [pool-37-thread-1] INFO  server.RaftServerConfigKeys (ConfUtils.java:logGet(43)) - raft.server.log.statemachine.data.sync.timeout.retry = -1 (default)
2019-09-20 05:45:16,491 [pool-37-thread-1] INFO  server.RaftServerConfigKeys (ConfUtils.java:logGet(43)) - raft.server.log.statemachine.data.caching.enabled = true (custom)
2019-09-20 05:45:16,491 [pool-37-thread-1] INFO  segmented.SegmentedRaftLogWorker (SegmentedRaftLogWorker.java:lambda$new$0(132)) - ff5e190b-88ca-4969-9180-387aa5482839@group-9A079AA8243A-SegmentedRaftLogWorker: flushIndex: setUnconditionally 0 -> -1
2019-09-20 05:45:16,491 [pool-37-thread-1] INFO  server.RaftServerConfigKeys (ConfUtils.java:logGet(43)) - raft.server.snapshot.auto.trigger.enabled = true (custom)
2019-09-20 05:45:16,491 [pool-37-thread-1] INFO  server.RaftServerConfigKeys (ConfUtils.java:logGet(43)) - raft.server.snapshot.auto.trigger.threshold = 10000 (custom)
2019-09-20 05:45:16,492 [pool-37-thread-1] INFO  server.RaftServerConfigKeys (ConfUtils.java:logGet(43)) - raft.server.snapshot.retention.num.files = 5 (custom)
2019-09-20 05:45:16,492 [pool-37-thread-1] INFO  server.RaftServerConfigKeys (ConfUtils.java:logGet(43)) - raft.server.retrycache.expirytime = 600000ms (custom)
2019-09-20 05:45:16,495 [pool-37-thread-1] INFO  impl.RaftServerImpl (RaftServerImpl.java:start(185)) - ff5e190b-88ca-4969-9180-387aa5482839@group-9A079AA8243A: start as a follower, conf=-1: [ff5e190b-88ca-4969-9180-387aa5482839:192.168.5.165:42020], old=null
2019-09-20 05:45:16,495 [pool-37-thread-1] INFO  impl.RaftServerImpl (RaftServerImpl.java:setRole(174)) - ff5e190b-88ca-4969-9180-387aa5482839@group-9A079AA8243A: changes role from      null to FOLLOWER at term 0 for startAsFollower
2019-09-20 05:45:16,496 [pool-37-thread-1] INFO  impl.RoleInfo (RoleInfo.java:updateAndGet(143)) - ff5e190b-88ca-4969-9180-387aa5482839: start FollowerState
2019-09-20 05:45:16,496 [pool-37-thread-1] INFO  util.JmxRegister (JmxRegister.java:tryRegister(44)) - Successfully registered JMX Bean with object name Ratis:service=RaftServer,group=group-9A079AA8243A,id=ff5e190b-88ca-4969-9180-387aa5482839
2019-09-20 05:45:16,506 [RatisPipelineUtilsThread] INFO  pipeline.PipelineStateManager (PipelineStateManager.java:addPipeline(56)) - Created pipeline Pipeline[ Id: 9fb7a4d8-b37e-4829-bcd6-9a079aa8243a, Nodes: ff5e190b-88ca-4969-9180-387aa5482839{ip: 192.168.5.165, host: trunk-nightly-20190920-4x9x8-1212555063, networkLocation: /default-rack, certSerialId: null}, Type:RATIS, Factor:ONE, State:OPEN]
2019-09-20 05:45:16,544 [grpc-default-executor-0] INFO  impl.RaftServerProxy (RaftServerProxy.java:addNew(89)) - 363c26c2-b9cf-46d0-ab40-1759ff1bcc8b: addNew group-48FA397BAAA9:[bc618eef-faaa-49fe-8402-4bd6a1aa1778:192.168.5.165:40163, 363c26c2-b9cf-46d0-ab40-1759ff1bcc8b:192.168.5.165:37804, 6b914d88-ba4f-4141-b8f5-cbc1f56b6b78:192.168.5.165:36904] returns group-48FA397BAAA9:java.util.concurrent.CompletableFuture@6a9e2934[Not completed]
2019-09-20 05:45:16,544 [grpc-default-executor-2] INFO  impl.RaftServerProxy (RaftServerProxy.java:addNew(89)) - 6b914d88-ba4f-4141-b8f5-cbc1f56b6b78: addNew group-48FA397BAAA9:[bc618eef-faaa-49fe-8402-4bd6a1aa1778:192.168.5.165:40163, 363c26c2-b9cf-46d0-ab40-1759ff1bcc8b:192.168.5.165:37804, 6b914d88-ba4f-4141-b8f5-cbc1f56b6b78:192.168.5.165:36904] returns group-48FA397BAAA9:java.util.concurrent.CompletableFuture@2158638a[Not completed]
2019-09-20 05:45:16,544 [grpc-default-executor-1] INFO  impl.RaftServerProxy (RaftServerProxy.java:addNew(89)) - bc618eef-faaa-49fe-8402-4bd6a1aa1778: addNew group-48FA397BAAA9:[bc618eef-faaa-49fe-8402-4bd6a1aa1778:192.168.5.165:40163, 363c26c2-b9cf-46d0-ab40-1759ff1bcc8b:192.168.5.165:37804, 6b914d88-ba4f-4141-b8f5-cbc1f56b6b78:192.168.5.165:36904] returns group-48FA397BAAA9:java.util.concurrent.CompletableFuture@73065a08[Not completed]
2019-09-20 05:45:16,547 [pool-27-thread-1] INFO  impl.RaftServerImpl (RaftServerImpl.java:<init>(95)) - 6b914d88-ba4f-4141-b8f5-cbc1f56b6b78: new RaftServerImpl for group-48FA397BAAA9:[bc618eef-faaa-49fe-8402-4bd6a1aa1778:192.168.5.165:40163, 363c26c2-b9cf-46d0-ab40-1759ff1bcc8b:192.168.5.165:37804, 6b914d88-ba4f-4141-b8f5-cbc1f56b6b78:192.168.5.165:36904] with ContainerStateMachine:uninitialized
2019-09-20 05:45:16,547 [pool-27-thread-1] INFO  server.RaftServerConfigKeys (ConfUtils.java:logGet(43)) - raft.server.rpc.timeout.min = 5s (custom)
2019-09-20 05:45:16,547 [pool-27-thread-1] INFO  server.RaftServerConfigKeys (ConfUtils.java:logGet(43)) - raft.server.rpc.timeout.max = 5200ms (custom)
2019-09-20 05:45:16,547 [pool-27-thread-1] INFO  server.RaftServerConfigKeys (ConfUtils.java:logGet(43)) - raft.server.rpcslowness.timeout = 1000s (custom)
2019-09-20 05:45:16,547 [pool-27-thread-1] INFO  server.RaftServerConfigKeys (ConfUtils.java:logGet(43)) - raft.server.sleep.deviation.threshold = 300 (default)
2019-09-20 05:45:16,547 [pool-27-thread-1] INFO  server.RaftServerConfigKeys (ConfUtils.java:logGet(43)) - raft.server.log.appender.install.snapshot.enabled = false (custom)
2019-09-20 05:45:16,548 [pool-27-thread-1] INFO  impl.RaftServerImpl (ServerState.java:<init>(103)) - 6b914d88-ba4f-4141-b8f5-cbc1f56b6b78@group-48FA397BAAA9: ConfigurationManager, init=-1: [bc618eef-faaa-49fe-8402-4bd6a1aa1778:192.168.5.165:40163, 363c26c2-b9cf-46d0-ab40-1759ff1bcc8b:192.168.5.165:37804, 6b914d88-ba4f-4141-b8f5-cbc1f56b6b78:192.168.5.165:36904], old=null, confs=<EMPTY_MAP>
2019-09-20 05:45:16,548 [pool-27-thread-1] INFO  server.RaftServerConfigKeys (ConfUtils.java:logGet(43)) - raft.server.storage.dir = [/workdir/hadoop-ozone/integration-test/target/test-dir/MiniOzoneClusterImpl-d26a8b4c-5592-4583-acf9-669019d991bc/datanode-0/data/ratis] (custom)
2019-09-20 05:45:16,548 [pool-47-thread-1] INFO  impl.RaftServerImpl (RaftServerImpl.java:<init>(95)) - 363c26c2-b9cf-46d0-ab40-1759ff1bcc8b: new RaftServerImpl for group-48FA397BAAA9:[bc618eef-faaa-49fe-8402-4bd6a1aa1778:192.168.5.165:40163, 363c26c2-b9cf-46d0-ab40-1759ff1bcc8b:192.168.5.165:37804, 6b914d88-ba4f-4141-b8f5-cbc1f56b6b78:192.168.5.165:36904] with ContainerStateMachine:uninitialized
2019-09-20 05:45:16,549 [pool-47-thread-1] INFO  server.RaftServerConfigKeys (ConfUtils.java:logGet(43)) - raft.server.rpc.timeout.min = 5s (custom)
2019-09-20 05:45:16,549 [pool-27-thread-1] INFO  storage.RaftStorageDirectory (RaftStorageDirectory.java:analyzeStorage(246)) - The storage directory /workdir/hadoop-ozone/integration-test/target/test-dir/MiniOzoneClusterImpl-d26a8b4c-5592-4583-acf9-669019d991bc/datanode-0/data/ratis/19c539b3-0c27-43bb-bb99-48fa397baaa9 does not exist. Creating ...
2019-09-20 05:45:16,549 [pool-47-thread-1] INFO  server.RaftServerConfigKeys (ConfUtils.java:logGet(43)) - raft.server.rpc.timeout.max = 5200ms (custom)
2019-09-20 05:45:16,549 [pool-47-thread-1] INFO  server.RaftServerConfigKeys (ConfUtils.java:logGet(43)) - raft.server.rpcslowness.timeout = 1000s (custom)
2019-09-20 05:45:16,549 [pool-47-thread-1] INFO  server.RaftServerConfigKeys (ConfUtils.java:logGet(43)) - raft.server.sleep.deviation.threshold = 300 (default)
2019-09-20 05:45:16,549 [pool-57-thread-1] INFO  impl.RaftServerImpl (RaftServerImpl.java:<init>(95)) - bc618eef-faaa-49fe-8402-4bd6a1aa1778: new RaftServerImpl for group-48FA397BAAA9:[bc618eef-faaa-49fe-8402-4bd6a1aa1778:192.168.5.165:40163, 363c26c2-b9cf-46d0-ab40-1759ff1bcc8b:192.168.5.165:37804, 6b914d88-ba4f-4141-b8f5-cbc1f56b6b78:192.168.5.165:36904] with ContainerStateMachine:uninitialized
2019-09-20 05:45:16,549 [pool-47-thread-1] INFO  server.RaftServerConfigKeys (ConfUtils.java:logGet(43)) - raft.server.log.appender.install.snapshot.enabled = false (custom)
2019-09-20 05:45:16,550 [pool-57-thread-1] INFO  server.RaftServerConfigKeys (ConfUtils.java:logGet(43)) - raft.server.rpc.timeout.min = 5s (custom)
2019-09-20 05:45:16,550 [pool-47-thread-1] INFO  impl.RaftServerImpl (ServerState.java:<init>(103)) - 363c26c2-b9cf-46d0-ab40-1759ff1bcc8b@group-48FA397BAAA9: ConfigurationManager, init=-1: [bc618eef-faaa-49fe-8402-4bd6a1aa1778:192.168.5.165:40163, 363c26c2-b9cf-46d0-ab40-1759ff1bcc8b:192.168.5.165:37804, 6b914d88-ba4f-4141-b8f5-cbc1f56b6b78:192.168.5.165:36904], old=null, confs=<EMPTY_MAP>
2019-09-20 05:45:16,550 [pool-57-thread-1] INFO  server.RaftServerConfigKeys (ConfUtils.java:logGet(43)) - raft.server.rpc.timeout.max = 5200ms (custom)
2019-09-20 05:45:16,550 [pool-47-thread-1] INFO  server.RaftServerConfigKeys (ConfUtils.java:logGet(43)) - raft.server.storage.dir = [/workdir/hadoop-ozone/integration-test/target/test-dir/MiniOzoneClusterImpl-d26a8b4c-5592-4583-acf9-669019d991bc/datanode-2/data/ratis] (custom)
2019-09-20 05:45:16,550 [pool-57-thread-1] INFO  server.RaftServerConfigKeys (ConfUtils.java:logGet(43)) - raft.server.rpcslowness.timeout = 1000s (custom)
2019-09-20 05:45:16,550 [pool-47-thread-1] INFO  storage.RaftStorageDirectory (RaftStorageDirectory.java:analyzeStorage(246)) - The storage directory /workdir/hadoop-ozone/integration-test/target/test-dir/MiniOzoneClusterImpl-d26a8b4c-5592-4583-acf9-669019d991bc/datanode-2/data/ratis/19c539b3-0c27-43bb-bb99-48fa397baaa9 does not exist. Creating ...
2019-09-20 05:45:16,550 [pool-57-thread-1] INFO  server.RaftServerConfigKeys (ConfUtils.java:logGet(43)) - raft.server.sleep.deviation.threshold = 300 (default)
2019-09-20 05:45:16,550 [pool-57-thread-1] INFO  server.RaftServerConfigKeys (ConfUtils.java:logGet(43)) - raft.server.log.appender.install.snapshot.enabled = false (custom)
2019-09-20 05:45:16,551 [pool-57-thread-1] INFO  impl.RaftServerImpl (ServerState.java:<init>(103)) - bc618eef-faaa-49fe-8402-4bd6a1aa1778@group-48FA397BAAA9: ConfigurationManager, init=-1: [bc618eef-faaa-49fe-8402-4bd6a1aa1778:192.168.5.165:40163, 363c26c2-b9cf-46d0-ab40-1759ff1bcc8b:192.168.5.165:37804, 6b914d88-ba4f-4141-b8f5-cbc1f56b6b78:192.168.5.165:36904], old=null, confs=<EMPTY_MAP>
2019-09-20 05:45:16,551 [pool-57-thread-1] INFO  server.RaftServerConfigKeys (ConfUtils.java:logGet(43)) - raft.server.storage.dir = [/workdir/hadoop-ozone/integration-test/target/test-dir/MiniOzoneClusterImpl-d26a8b4c-5592-4583-acf9-669019d991bc/datanode-3/data/ratis] (custom)
2019-09-20 05:45:16,551 [pool-57-thread-1] INFO  storage.RaftStorageDirectory (RaftStorageDirectory.java:analyzeStorage(246)) - The storage directory /workdir/hadoop-ozone/integration-test/target/test-dir/MiniOzoneClusterImpl-d26a8b4c-5592-4583-acf9-669019d991bc/datanode-3/data/ratis/19c539b3-0c27-43bb-bb99-48fa397baaa9 does not exist. Creating ...
2019-09-20 05:45:16,551 [main] INFO  ozone.MiniOzoneClusterImpl (MiniOzoneClusterImpl.java:lambda$waitForClusterToBeReady$0(145)) - Cluster is ready. Got 4 of 4 DN Heartbeats.
2019-09-20 05:45:16,554 [main] INFO  container.ReplicationManager (ReplicationManager.java:start(162)) - Starting Replication Monitor Thread.
2019-09-20 05:45:16,555 [ReplicationMonitor] INFO  container.ReplicationManager (ReplicationManager.java:run(225)) - Replication Monitor Thread took 0 milliseconds for processing 0 containers.
2019-09-20 05:45:16,568 [pool-27-thread-1] INFO  storage.RaftStorageDirectory (RaftStorageDirectory.java:tryLock(328)) - Lock on /workdir/hadoop-ozone/integration-test/target/test-dir/MiniOzoneClusterImpl-d26a8b4c-5592-4583-acf9-669019d991bc/datanode-0/data/ratis/19c539b3-0c27-43bb-bb99-48fa397baaa9/in_use.lock acquired by nodename 30902@trunk-nightly-20190920-4x9x8-1212555063
2019-09-20 05:45:16,568 [pool-47-thread-1] INFO  storage.RaftStorageDirectory (RaftStorageDirectory.java:tryLock(328)) - Lock on /workdir/hadoop-ozone/integration-test/target/test-dir/MiniOzoneClusterImpl-d26a8b4c-5592-4583-acf9-669019d991bc/datanode-2/data/ratis/19c539b3-0c27-43bb-bb99-48fa397baaa9/in_use.lock acquired by nodename 30902@trunk-nightly-20190920-4x9x8-1212555063
2019-09-20 05:45:16,568 [pool-57-thread-1] INFO  storage.RaftStorageDirectory (RaftStorageDirectory.java:tryLock(328)) - Lock on /workdir/hadoop-ozone/integration-test/target/test-dir/MiniOzoneClusterImpl-d26a8b4c-5592-4583-acf9-669019d991bc/datanode-3/data/ratis/19c539b3-0c27-43bb-bb99-48fa397baaa9/in_use.lock acquired by nodename 30902@trunk-nightly-20190920-4x9x8-1212555063
2019-09-20 05:45:16,585 [pool-57-thread-1] INFO  storage.RaftStorage (RaftStorage.java:format(72)) - Storage directory /workdir/hadoop-ozone/integration-test/target/test-dir/MiniOzoneClusterImpl-d26a8b4c-5592-4583-acf9-669019d991bc/datanode-3/data/ratis/19c539b3-0c27-43bb-bb99-48fa397baaa9 has been successfully formatted.
2019-09-20 05:45:16,585 [pool-47-thread-1] INFO  storage.RaftStorage (RaftStorage.java:format(72)) - Storage directory /workdir/hadoop-ozone/integration-test/target/test-dir/MiniOzoneClusterImpl-d26a8b4c-5592-4583-acf9-669019d991bc/datanode-2/data/ratis/19c539b3-0c27-43bb-bb99-48fa397baaa9 has been successfully formatted.
2019-09-20 05:45:16,586 [pool-57-thread-1] INFO  ratis.ContainerStateMachine (ContainerStateMachine.java:loadSnapshot(230)) - group-48FA397BAAA9: The snapshot info is null. Setting the last applied indexto:(t:0, i:~)
2019-09-20 05:45:16,585 [pool-27-thread-1] INFO  storage.RaftStorage (RaftStorage.java:format(72)) - Storage directory /workdir/hadoop-ozone/integration-test/target/test-dir/MiniOzoneClusterImpl-d26a8b4c-5592-4583-acf9-669019d991bc/datanode-0/data/ratis/19c539b3-0c27-43bb-bb99-48fa397baaa9 has been successfully formatted.
2019-09-20 05:45:16,586 [pool-57-thread-1] INFO  server.RaftServerConfigKeys (ConfUtils.java:logGet(43)) - raft.server.notification.no-leader.timeout = 1000s (custom)
2019-09-20 05:45:16,586 [pool-27-thread-1] INFO  ratis.ContainerStateMachine (ContainerStateMachine.java:loadSnapshot(230)) - group-48FA397BAAA9: The snapshot info is null. Setting the last applied indexto:(t:0, i:~)
2019-09-20 05:45:16,586 [pool-27-thread-1] INFO  server.RaftServerConfigKeys (ConfUtils.java:logGet(43)) - raft.server.notification.no-leader.timeout = 1000s (custom)
2019-09-20 05:45:16,587 [pool-27-thread-1] INFO  server.RaftServerConfigKeys (ConfUtils.java:logGet(43)) - raft.server.log.use.memory = false (default)
2019-09-20 05:45:16,587 [pool-27-thread-1] INFO  server.RaftServerConfigKeys (ConfUtils.java:logGet(43)) - raft.server.log.purge.gap = 1000000 (custom)
2019-09-20 05:45:16,587 [pool-27-thread-1] INFO  server.RaftServerConfigKeys (ConfUtils.java:logGet(43)) - raft.server.log.appender.buffer.byte-limit = 33554432 (custom)
2019-09-20 05:45:16,587 [pool-27-thread-1] INFO  server.RaftServerConfigKeys (ConfUtils.java:logGet(43)) - raft.server.log.segment.size.max = 1048576 (custom)
2019-09-20 05:45:16,587 [pool-27-thread-1] INFO  server.RaftServerConfigKeys (ConfUtils.java:logGet(43)) - raft.server.log.segment.cache.num.max = 2 (custom)
2019-09-20 05:45:16,587 [pool-27-thread-1] INFO  segmented.SegmentedRaftLogWorker (SegmentedRaftLogWorker.java:<init>(172)) - new 6b914d88-ba4f-4141-b8f5-cbc1f56b6b78@group-48FA397BAAA9-SegmentedRaftLogWorker for RaftStorage:Storage Directory /workdir/hadoop-ozone/integration-test/target/test-dir/MiniOzoneClusterImpl-d26a8b4c-5592-4583-acf9-669019d991bc/datanode-0/data/ratis/19c539b3-0c27-43bb-bb99-48fa397baaa9
2019-09-20 05:45:16,587 [pool-27-thread-1] INFO  server.RaftServerConfigKeys (ConfUtils.java:logGet(43)) - raft.server.log.queue.byte-limit = 2147483647 (custom)
2019-09-20 05:45:16,588 [pool-27-thread-1] INFO  server.RaftServerConfigKeys (ConfUtils.java:logGet(43)) - raft.server.log.queue.element-limit = 1024 (custom)
2019-09-20 05:45:16,588 [pool-27-thread-1] INFO  server.RaftServerConfigKeys (ConfUtils.java:logGet(43)) - raft.server.log.segment.size.max = 1048576 (custom)
2019-09-20 05:45:16,588 [pool-27-thread-1] INFO  server.RaftServerConfigKeys (ConfUtils.java:logGet(43)) - raft.server.log.preallocated.size = 16384 (custom)
2019-09-20 05:45:16,588 [pool-27-thread-1] INFO  server.RaftServerConfigKeys (ConfUtils.java:logGet(43)) - raft.server.log.write.buffer.size = 33554432 (custom)
2019-09-20 05:45:16,588 [pool-27-thread-1] INFO  server.RaftServerConfigKeys (ConfUtils.java:logGet(43)) - raft.server.log.force.sync.num = 128 (default)
2019-09-20 05:45:16,588 [pool-27-thread-1] INFO  server.RaftServerConfigKeys (ConfUtils.java:logGet(43)) - raft.server.log.statemachine.data.sync = true (default)
2019-09-20 05:45:16,588 [pool-27-thread-1] INFO  server.RaftServerConfigKeys (ConfUtils.java:logGet(43)) - raft.server.log.statemachine.data.sync.timeout = 10s (default)
2019-09-20 05:45:16,589 [pool-27-thread-1] INFO  server.RaftServerConfigKeys (ConfUtils.java:logGet(43)) - raft.server.log.statemachine.data.sync.timeout.retry = -1 (default)
2019-09-20 05:45:16,586 [pool-47-thread-1] INFO  ratis.ContainerStateMachine (ContainerStateMachine.java:loadSnapshot(230)) - group-48FA397BAAA9: The snapshot info is null. Setting the last applied indexto:(t:0, i:~)
2019-09-20 05:45:16,589 [pool-27-thread-1] INFO  server.RaftServerConfigKeys (ConfUtils.java:logGet(43)) - raft.server.log.statemachine.data.caching.enabled = true (custom)
2019-09-20 05:45:16,586 [pool-57-thread-1] INFO  server.RaftServerConfigKeys (ConfUtils.java:logGet(43)) - raft.server.log.use.memory = false (default)
2019-09-20 05:45:16,589 [pool-47-thread-1] INFO  server.RaftServerConfigKeys (ConfUtils.java:logGet(43)) - raft.server.notification.no-leader.timeout = 1000s (custom)
2019-09-20 05:45:16,589 [pool-57-thread-1] INFO  server.RaftServerConfigKeys (ConfUtils.java:logGet(43)) - raft.server.log.purge.gap = 1000000 (custom)
2019-09-20 05:45:16,589 [pool-27-thread-1] INFO  segmented.SegmentedRaftLogWorker (SegmentedRaftLogWorker.java:lambda$new$0(132)) - 6b914d88-ba4f-4141-b8f5-cbc1f56b6b78@group-48FA397BAAA9-SegmentedRaftLogWorker: flushIndex: setUnconditionally 0 -> -1
2019-09-20 05:45:16,589 [pool-47-thread-1] INFO  server.RaftServerConfigKeys (ConfUtils.java:logGet(43)) - raft.server.log.use.memory = false (default)
2019-09-20 05:45:16,590 [pool-57-thread-1] INFO  server.RaftServerConfigKeys (ConfUtils.java:logGet(43)) - raft.server.log.appender.buffer.byte-limit = 33554432 (custom)
2019-09-20 05:45:16,590 [pool-27-thread-1] INFO  server.RaftServerConfigKeys (ConfUtils.java:logGet(43)) - raft.server.snapshot.auto.trigger.enabled = true (custom)
2019-09-20 05:45:16,590 [pool-47-thread-1] INFO  server.RaftServerConfigKeys (ConfUtils.java:logGet(43)) - raft.server.log.purge.gap = 1000000 (custom)
2019-09-20 05:45:16,590 [pool-27-thread-1] INFO  server.RaftServerConfigKeys (ConfUtils.java:logGet(43)) - raft.server.snapshot.auto.trigger.threshold = 10000 (custom)
2019-09-20 05:45:16,590 [pool-57-thread-1] INFO  server.RaftServerConfigKeys (ConfUtils.java:logGet(43)) - raft.server.log.segment.size.max = 1048576 (custom)
2019-09-20 05:45:16,591 [pool-27-thread-1] INFO  server.RaftServerConfigKeys (ConfUtils.java:logGet(43)) - raft.server.snapshot.retention.num.files = 5 (custom)
2019-09-20 05:45:16,590 [pool-47-thread-1] INFO  server.RaftServerConfigKeys (ConfUtils.java:logGet(43)) - raft.server.log.appender.buffer.byte-limit = 33554432 (custom)
2019-09-20 05:45:16,591 [pool-27-thread-1] INFO  server.RaftServerConfigKeys (ConfUtils.java:logGet(43)) - raft.server.retrycache.expirytime = 600000ms (custom)
2019-09-20 05:45:16,591 [pool-57-thread-1] INFO  server.RaftServerConfigKeys (ConfUtils.java:logGet(43)) - raft.server.log.segment.cache.num.max = 2 (custom)
2019-09-20 05:45:16,591 [pool-47-thread-1] INFO  server.RaftServerConfigKeys (ConfUtils.java:logGet(43)) - raft.server.log.segment.size.max = 1048576 (custom)
2019-09-20 05:45:16,591 [pool-57-thread-1] INFO  segmented.SegmentedRaftLogWorker (SegmentedRaftLogWorker.java:<init>(172)) - new bc618eef-faaa-49fe-8402-4bd6a1aa1778@group-48FA397BAAA9-SegmentedRaftLogWorker for RaftStorage:Storage Directory /workdir/hadoop-ozone/integration-test/target/test-dir/MiniOzoneClusterImpl-d26a8b4c-5592-4583-acf9-669019d991bc/datanode-3/data/ratis/19c539b3-0c27-43bb-bb99-48fa397baaa9
2019-09-20 05:45:16,591 [pool-47-thread-1] INFO  server.RaftServerConfigKeys (ConfUtils.java:logGet(43)) - raft.server.log.segment.cache.num.max = 2 (custom)
2019-09-20 05:45:16,592 [pool-57-thread-1] INFO  server.RaftServerConfigKeys (ConfUtils.java:logGet(43)) - raft.server.log.queue.byte-limit = 2147483647 (custom)
2019-09-20 05:45:16,592 [pool-47-thread-1] INFO  segmented.SegmentedRaftLogWorker (SegmentedRaftLogWorker.java:<init>(172)) - new 363c26c2-b9cf-46d0-ab40-1759ff1bcc8b@group-48FA397BAAA9-SegmentedRaftLogWorker for RaftStorage:Storage Directory /workdir/hadoop-ozone/integration-test/target/test-dir/MiniOzoneClusterImpl-d26a8b4c-5592-4583-acf9-669019d991bc/datanode-2/data/ratis/19c539b3-0c27-43bb-bb99-48fa397baaa9
2019-09-20 05:45:16,592 [pool-57-thread-1] INFO  server.RaftServerConfigKeys (ConfUtils.java:logGet(43)) - raft.server.log.queue.element-limit = 1024 (custom)
2019-09-20 05:45:16,592 [pool-47-thread-1] INFO  server.RaftServerConfigKeys (ConfUtils.java:logGet(43)) - raft.server.log.queue.byte-limit = 2147483647 (custom)
2019-09-20 05:45:16,592 [pool-57-thread-1] INFO  server.RaftServerConfigKeys (ConfUtils.java:logGet(43)) - raft.server.log.segment.size.max = 1048576 (custom)
2019-09-20 05:45:16,592 [pool-47-thread-1] INFO  server.RaftServerConfigKeys (ConfUtils.java:logGet(43)) - raft.server.log.queue.element-limit = 1024 (custom)
2019-09-20 05:45:16,593 [pool-57-thread-1] INFO  server.RaftServerConfigKeys (ConfUtils.java:logGet(43)) - raft.server.log.preallocated.size = 16384 (custom)
2019-09-20 05:45:16,593 [pool-47-thread-1] INFO  server.RaftServerConfigKeys (ConfUtils.java:logGet(43)) - raft.server.log.segment.size.max = 1048576 (custom)
2019-09-20 05:45:16,593 [pool-57-thread-1] INFO  server.RaftServerConfigKeys (ConfUtils.java:logGet(43)) - raft.server.log.write.buffer.size = 33554432 (custom)
2019-09-20 05:45:16,593 [pool-47-thread-1] INFO  server.RaftServerConfigKeys (ConfUtils.java:logGet(43)) - raft.server.log.preallocated.size = 16384 (custom)
2019-09-20 05:45:16,593 [pool-57-thread-1] INFO  server.RaftServerConfigKeys (ConfUtils.java:logGet(43)) - raft.server.log.force.sync.num = 128 (default)
2019-09-20 05:45:16,593 [pool-47-thread-1] INFO  server.RaftServerConfigKeys (ConfUtils.java:logGet(43)) - raft.server.log.write.buffer.size = 33554432 (custom)
2019-09-20 05:45:16,594 [pool-57-thread-1] INFO  server.RaftServerConfigKeys (ConfUtils.java:logGet(43)) - raft.server.log.statemachine.data.sync = true (default)
2019-09-20 05:45:16,594 [pool-47-thread-1] INFO  server.RaftServerConfigKeys (ConfUtils.java:logGet(43)) - raft.server.log.force.sync.num = 128 (default)
2019-09-20 05:45:16,594 [pool-57-thread-1] INFO  server.RaftServerConfigKeys (ConfUtils.java:logGet(43)) - raft.server.log.statemachine.data.sync.timeout = 10s (default)
2019-09-20 05:45:16,594 [pool-47-thread-1] INFO  server.RaftServerConfigKeys (ConfUtils.java:logGet(43)) - raft.server.log.statemachine.data.sync = true (default)
2019-09-20 05:45:16,594 [pool-47-thread-1] INFO  server.RaftServerConfigKeys (ConfUtils.java:logGet(43)) - raft.server.log.statemachine.data.sync.timeout = 10s (default)
2019-09-20 05:45:16,595 [pool-47-thread-1] INFO  server.RaftServerConfigKeys (ConfUtils.java:logGet(43)) - raft.server.log.statemachine.data.sync.timeout.retry = -1 (default)
2019-09-20 05:45:16,595 [pool-47-thread-1] INFO  server.RaftServerConfigKeys (ConfUtils.java:logGet(43)) - raft.server.log.statemachine.data.caching.enabled = true (custom)
2019-09-20 05:45:16,595 [pool-27-thread-1] INFO  impl.RaftServerImpl (RaftServerImpl.java:start(185)) - 6b914d88-ba4f-4141-b8f5-cbc1f56b6b78@group-48FA397BAAA9: start as a follower, conf=-1: [bc618eef-faaa-49fe-8402-4bd6a1aa1778:192.168.5.165:40163, 363c26c2-b9cf-46d0-ab40-1759ff1bcc8b:192.168.5.165:37804, 6b914d88-ba4f-4141-b8f5-cbc1f56b6b78:192.168.5.165:36904], old=null
2019-09-20 05:45:16,595 [pool-47-thread-1] INFO  segmented.SegmentedRaftLogWorker (SegmentedRaftLogWorker.java:lambda$new$0(132)) - 363c26c2-b9cf-46d0-ab40-1759ff1bcc8b@group-48FA397BAAA9-SegmentedRaftLogWorker: flushIndex: setUnconditionally 0 -> -1
2019-09-20 05:45:16,594 [pool-57-thread-1] INFO  server.RaftServerConfigKeys (ConfUtils.java:logGet(43)) - raft.server.log.statemachine.data.sync.timeout.retry = -1 (default)
2019-09-20 05:45:16,596 [pool-47-thread-1] INFO  server.RaftServerConfigKeys (ConfUtils.java:logGet(43)) - raft.server.snapshot.auto.trigger.enabled = true (custom)
2019-09-20 05:45:16,596 [pool-57-thread-1] INFO  server.RaftServerConfigKeys (ConfUtils.java:logGet(43)) - raft.server.log.statemachine.data.caching.enabled = true (custom)
2019-09-20 05:45:16,595 [pool-27-thread-1] INFO  impl.RaftServerImpl (RaftServerImpl.java:setRole(174)) - 6b914d88-ba4f-4141-b8f5-cbc1f56b6b78@group-48FA397BAAA9: changes role from      null to FOLLOWER at term 0 for startAsFollower
2019-09-20 05:45:16,596 [pool-47-thread-1] INFO  server.RaftServerConfigKeys (ConfUtils.java:logGet(43)) - raft.server.snapshot.auto.trigger.threshold = 10000 (custom)
2019-09-20 05:45:16,596 [pool-57-thread-1] INFO  segmented.SegmentedRaftLogWorker (SegmentedRaftLogWorker.java:lambda$new$0(132)) - bc618eef-faaa-49fe-8402-4bd6a1aa1778@group-48FA397BAAA9-SegmentedRaftLogWorker: flushIndex: setUnconditionally 0 -> -1
2019-09-20 05:45:16,596 [pool-27-thread-1] INFO  impl.RoleInfo (RoleInfo.java:updateAndGet(143)) - 6b914d88-ba4f-4141-b8f5-cbc1f56b6b78: start FollowerState
2019-09-20 05:45:16,596 [pool-47-thread-1] INFO  server.RaftServerConfigKeys (ConfUtils.java:logGet(43)) - raft.server.snapshot.retention.num.files = 5 (custom)
2019-09-20 05:45:16,597 [pool-57-thread-1] INFO  server.RaftServerConfigKeys (ConfUtils.java:logGet(43)) - raft.server.snapshot.auto.trigger.enabled = true (custom)
2019-09-20 05:45:16,597 [pool-47-thread-1] INFO  server.RaftServerConfigKeys (ConfUtils.java:logGet(43)) - raft.server.retrycache.expirytime = 600000ms (custom)
2019-09-20 05:45:16,597 [pool-27-thread-1] INFO  util.JmxRegister (JmxRegister.java:tryRegister(44)) - Successfully registered JMX Bean with object name Ratis:service=RaftServer,group=group-48FA397BAAA9,id=6b914d88-ba4f-4141-b8f5-cbc1f56b6b78
2019-09-20 05:45:16,597 [pool-57-thread-1] INFO  server.RaftServerConfigKeys (ConfUtils.java:logGet(43)) - raft.server.snapshot.auto.trigger.threshold = 10000 (custom)
2019-09-20 05:45:16,597 [pool-57-thread-1] INFO  server.RaftServerConfigKeys (ConfUtils.java:logGet(43)) - raft.server.snapshot.retention.num.files = 5 (custom)
2019-09-20 05:45:16,597 [pool-57-thread-1] INFO  server.RaftServerConfigKeys (ConfUtils.java:logGet(43)) - raft.server.retrycache.expirytime = 600000ms (custom)
2019-09-20 05:45:16,610 [pool-47-thread-1] INFO  impl.RaftServerImpl (RaftServerImpl.java:start(185)) - 363c26c2-b9cf-46d0-ab40-1759ff1bcc8b@group-48FA397BAAA9: start as a follower, conf=-1: [bc618eef-faaa-49fe-8402-4bd6a1aa1778:192.168.5.165:40163, 363c26c2-b9cf-46d0-ab40-1759ff1bcc8b:192.168.5.165:37804, 6b914d88-ba4f-4141-b8f5-cbc1f56b6b78:192.168.5.165:36904], old=null
2019-09-20 05:45:16,610 [pool-47-thread-1] INFO  impl.RaftServerImpl (RaftServerImpl.java:setRole(174)) - 363c26c2-b9cf-46d0-ab40-1759ff1bcc8b@group-48FA397BAAA9: changes role from      null to FOLLOWER at term 0 for startAsFollower
2019-09-20 05:45:16,611 [pool-47-thread-1] INFO  impl.RoleInfo (RoleInfo.java:updateAndGet(143)) - 363c26c2-b9cf-46d0-ab40-1759ff1bcc8b: start FollowerState
2019-09-20 05:45:16,611 [pool-47-thread-1] INFO  util.JmxRegister (JmxRegister.java:tryRegister(44)) - Successfully registered JMX Bean with object name Ratis:service=RaftServer,group=group-48FA397BAAA9,id=363c26c2-b9cf-46d0-ab40-1759ff1bcc8b
2019-09-20 05:45:16,611 [pool-57-thread-1] INFO  impl.RaftServerImpl (RaftServerImpl.java:start(185)) - bc618eef-faaa-49fe-8402-4bd6a1aa1778@group-48FA397BAAA9: start as a follower, conf=-1: [bc618eef-faaa-49fe-8402-4bd6a1aa1778:192.168.5.165:40163, 363c26c2-b9cf-46d0-ab40-1759ff1bcc8b:192.168.5.165:37804, 6b914d88-ba4f-4141-b8f5-cbc1f56b6b78:192.168.5.165:36904], old=null
2019-09-20 05:45:16,611 [pool-57-thread-1] INFO  impl.RaftServerImpl (RaftServerImpl.java:setRole(174)) - bc618eef-faaa-49fe-8402-4bd6a1aa1778@group-48FA397BAAA9: changes role from      null to FOLLOWER at term 0 for startAsFollower
2019-09-20 05:45:16,612 [pool-57-thread-1] INFO  impl.RoleInfo (RoleInfo.java:updateAndGet(143)) - bc618eef-faaa-49fe-8402-4bd6a1aa1778: start FollowerState
2019-09-20 05:45:16,613 [pool-57-thread-1] INFO  util.JmxRegister (JmxRegister.java:tryRegister(44)) - Successfully registered JMX Bean with object name Ratis:service=RaftServer,group=group-48FA397BAAA9,id=bc618eef-faaa-49fe-8402-4bd6a1aa1778
2019-09-20 05:45:16,626 [RatisPipelineUtilsThread] INFO  pipeline.PipelineStateManager (PipelineStateManager.java:addPipeline(56)) - Created pipeline Pipeline[ Id: 19c539b3-0c27-43bb-bb99-48fa397baaa9, Nodes: 6b914d88-ba4f-4141-b8f5-cbc1f56b6b78{ip: 192.168.5.165, host: trunk-nightly-20190920-4x9x8-1212555063, networkLocation: /default-rack, certSerialId: null}363c26c2-b9cf-46d0-ab40-1759ff1bcc8b{ip: 192.168.5.165, host: trunk-nightly-20190920-4x9x8-1212555063, networkLocation: /default-rack, certSerialId: null}bc618eef-faaa-49fe-8402-4bd6a1aa1778{ip: 192.168.5.165, host: trunk-nightly-20190920-4x9x8-1212555063, networkLocation: /default-rack, certSerialId: null}, Type:RATIS, Factor:THREE, State:OPEN]
2019-09-20 05:45:17,008 [main] INFO  rpc.RpcClient (RpcClient.java:createVolume(303)) - Creating Volume: testcontainerstatemachinefailures, with jenkins1000 as owner.
2019-09-20 05:45:17,097 [IPC Server handler 2 on 45668] INFO  volume.OMVolumeCreateRequest (OMVolumeCreateRequest.java:validateAndUpdateCache(189)) - created volume:testcontainerstatemachinefailures for user:jenkins1000
2019-09-20 05:45:17,118 [main] INFO  rpc.RpcClient (RpcClient.java:createBucket(442)) - Creating Bucket: testcontainerstatemachinefailures/testcontainerstatemachinefailures, with Versioning false and Storage Type set to DISK and Encryption set to false 
2019-09-20 05:45:17,449 [EventQueue-StaleNodeForStaleNodeHandler] INFO  node.StaleNodeHandler (StaleNodeHandler.java:onMessage(58)) - Datanode 6b914d88-ba4f-4141-b8f5-cbc1f56b6b78{ip: 192.168.5.165, host: trunk-nightly-20190920-4x9x8-1212555063, networkLocation: /default-rack, certSerialId: null} moved to stale state. Finalizing its pipelines [PipelineID=19c539b3-0c27-43bb-bb99-48fa397baaa9, PipelineID=defebef5-8719-4b42-b443-c45410fe4965]
2019-09-20 05:45:17,450 [EventQueue-StaleNodeForStaleNodeHandler] INFO  pipeline.SCMPipelineManager (SCMPipelineManager.java:finalizeAndDestroyPipeline(311)) - destroying pipeline:Pipeline[ Id: 19c539b3-0c27-43bb-bb99-48fa397baaa9, Nodes: 6b914d88-ba4f-4141-b8f5-cbc1f56b6b78{ip: 192.168.5.165, host: trunk-nightly-20190920-4x9x8-1212555063, networkLocation: /default-rack, certSerialId: null}363c26c2-b9cf-46d0-ab40-1759ff1bcc8b{ip: 192.168.5.165, host: trunk-nightly-20190920-4x9x8-1212555063, networkLocation: /default-rack, certSerialId: null}bc618eef-faaa-49fe-8402-4bd6a1aa1778{ip: 192.168.5.165, host: trunk-nightly-20190920-4x9x8-1212555063, networkLocation: /default-rack, certSerialId: null}, Type:RATIS, Factor:THREE, State:OPEN]
2019-09-20 05:45:17,452 [EventQueue-StaleNodeForStaleNodeHandler] INFO  pipeline.PipelineStateManager (PipelineStateManager.java:finalizePipeline(123)) - Pipeline Pipeline[ Id: 19c539b3-0c27-43bb-bb99-48fa397baaa9, Nodes: 6b914d88-ba4f-4141-b8f5-cbc1f56b6b78{ip: 192.168.5.165, host: trunk-nightly-20190920-4x9x8-1212555063, networkLocation: /default-rack, certSerialId: null}363c26c2-b9cf-46d0-ab40-1759ff1bcc8b{ip: 192.168.5.165, host: trunk-nightly-20190920-4x9x8-1212555063, networkLocation: /default-rack, certSerialId: null}bc618eef-faaa-49fe-8402-4bd6a1aa1778{ip: 192.168.5.165, host: trunk-nightly-20190920-4x9x8-1212555063, networkLocation: /default-rack, certSerialId: null}, Type:RATIS, Factor:THREE, State:CLOSED] moved to CLOSED state
2019-09-20 05:45:17,453 [EventQueue-CloseContainerForCloseContainerEventHandler] INFO  container.CloseContainerEventHandler (CloseContainerEventHandler.java:onMessage(61)) - Close container Event triggered for container : #1
2019-09-20 05:45:17,466 [EventQueue-StaleNodeForStaleNodeHandler] INFO  pipeline.SCMPipelineManager (SCMPipelineManager.java:finalizeAndDestroyPipeline(311)) - destroying pipeline:Pipeline[ Id: defebef5-8719-4b42-b443-c45410fe4965, Nodes: 6b914d88-ba4f-4141-b8f5-cbc1f56b6b78{ip: 192.168.5.165, host: trunk-nightly-20190920-4x9x8-1212555063, networkLocation: /default-rack, certSerialId: null}, Type:RATIS, Factor:ONE, State:OPEN]
2019-09-20 05:45:17,476 [EventQueue-StaleNodeForStaleNodeHandler] INFO  pipeline.PipelineStateManager (PipelineStateManager.java:finalizePipeline(123)) - Pipeline Pipeline[ Id: defebef5-8719-4b42-b443-c45410fe4965, Nodes: 6b914d88-ba4f-4141-b8f5-cbc1f56b6b78{ip: 192.168.5.165, host: trunk-nightly-20190920-4x9x8-1212555063, networkLocation: /default-rack, certSerialId: null}, Type:RATIS, Factor:ONE, State:CLOSED] moved to CLOSED state
2019-09-20 05:45:17,486 [EventQueue-StaleNodeForStaleNodeHandler] INFO  node.StaleNodeHandler (StaleNodeHandler.java:onMessage(58)) - Datanode ff5e190b-88ca-4969-9180-387aa5482839{ip: 192.168.5.165, host: trunk-nightly-20190920-4x9x8-1212555063, networkLocation: /default-rack, certSerialId: null} moved to stale state. Finalizing its pipelines [PipelineID=9fb7a4d8-b37e-4829-bcd6-9a079aa8243a]
2019-09-20 05:45:17,486 [EventQueue-StaleNodeForStaleNodeHandler] INFO  pipeline.SCMPipelineManager (SCMPipelineManager.java:finalizeAndDestroyPipeline(311)) - destroying pipeline:Pipeline[ Id: 9fb7a4d8-b37e-4829-bcd6-9a079aa8243a, Nodes: ff5e190b-88ca-4969-9180-387aa5482839{ip: 192.168.5.165, host: trunk-nightly-20190920-4x9x8-1212555063, networkLocation: /default-rack, certSerialId: null}, Type:RATIS, Factor:ONE, State:OPEN]
2019-09-20 05:45:17,487 [EventQueue-StaleNodeForStaleNodeHandler] INFO  pipeline.PipelineStateManager (PipelineStateManager.java:finalizePipeline(123)) - Pipeline Pipeline[ Id: 9fb7a4d8-b37e-4829-bcd6-9a079aa8243a, Nodes: ff5e190b-88ca-4969-9180-387aa5482839{ip: 192.168.5.165, host: trunk-nightly-20190920-4x9x8-1212555063, networkLocation: /default-rack, certSerialId: null}, Type:RATIS, Factor:ONE, State:CLOSED] moved to CLOSED state
2019-09-20 05:45:17,537 [main] INFO  impl.MetricsSystemImpl (MetricsSystemImpl.java:init(158)) - XceiverClientMetrics metrics system started (again)
2019-09-20 05:45:17,563 [grpc-default-executor-1] INFO  impl.RaftServerProxy (RaftServerProxy.java:addNew(89)) - 6b914d88-ba4f-4141-b8f5-cbc1f56b6b78: addNew group-A3A49A795139:[6b914d88-ba4f-4141-b8f5-cbc1f56b6b78:192.168.5.165:36904] returns group-A3A49A795139:java.util.concurrent.CompletableFuture@323b5033[Not completed]
2019-09-20 05:45:17,564 [pool-27-thread-1] INFO  impl.RaftServerImpl (RaftServerImpl.java:<init>(95)) - 6b914d88-ba4f-4141-b8f5-cbc1f56b6b78: new RaftServerImpl for group-A3A49A795139:[6b914d88-ba4f-4141-b8f5-cbc1f56b6b78:192.168.5.165:36904] with ContainerStateMachine:uninitialized
2019-09-20 05:45:17,565 [pool-27-thread-1] INFO  server.RaftServerConfigKeys (ConfUtils.java:logGet(43)) - raft.server.rpc.timeout.min = 5s (custom)
2019-09-20 05:45:17,565 [pool-27-thread-1] INFO  server.RaftServerConfigKeys (ConfUtils.java:logGet(43)) - raft.server.rpc.timeout.max = 5200ms (custom)
2019-09-20 05:45:17,565 [pool-27-thread-1] INFO  server.RaftServerConfigKeys (ConfUtils.java:logGet(43)) - raft.server.rpcslowness.timeout = 1000s (custom)
2019-09-20 05:45:17,565 [pool-27-thread-1] INFO  server.RaftServerConfigKeys (ConfUtils.java:logGet(43)) - raft.server.sleep.deviation.threshold = 300 (default)
2019-09-20 05:45:17,565 [pool-27-thread-1] INFO  server.RaftServerConfigKeys (ConfUtils.java:logGet(43)) - raft.server.log.appender.install.snapshot.enabled = false (custom)
2019-09-20 05:45:17,565 [pool-27-thread-1] INFO  impl.RaftServerImpl (ServerState.java:<init>(103)) - 6b914d88-ba4f-4141-b8f5-cbc1f56b6b78@group-A3A49A795139: ConfigurationManager, init=-1: [6b914d88-ba4f-4141-b8f5-cbc1f56b6b78:192.168.5.165:36904], old=null, confs=<EMPTY_MAP>
2019-09-20 05:45:17,565 [pool-27-thread-1] INFO  server.RaftServerConfigKeys (ConfUtils.java:logGet(43)) - raft.server.storage.dir = [/workdir/hadoop-ozone/integration-test/target/test-dir/MiniOzoneClusterImpl-d26a8b4c-5592-4583-acf9-669019d991bc/datanode-0/data/ratis] (custom)
2019-09-20 05:45:17,566 [pool-27-thread-1] INFO  storage.RaftStorageDirectory (RaftStorageDirectory.java:analyzeStorage(246)) - The storage directory /workdir/hadoop-ozone/integration-test/target/test-dir/MiniOzoneClusterImpl-d26a8b4c-5592-4583-acf9-669019d991bc/datanode-0/data/ratis/c4ed223a-c5bf-4d21-82c2-a3a49a795139 does not exist. Creating ...
2019-09-20 05:45:17,595 [pool-27-thread-1] INFO  storage.RaftStorageDirectory (RaftStorageDirectory.java:tryLock(328)) - Lock on /workdir/hadoop-ozone/integration-test/target/test-dir/MiniOzoneClusterImpl-d26a8b4c-5592-4583-acf9-669019d991bc/datanode-0/data/ratis/c4ed223a-c5bf-4d21-82c2-a3a49a795139/in_use.lock acquired by nodename 30902@trunk-nightly-20190920-4x9x8-1212555063
2019-09-20 05:45:17,612 [pool-27-thread-1] INFO  storage.RaftStorage (RaftStorage.java:format(72)) - Storage directory /workdir/hadoop-ozone/integration-test/target/test-dir/MiniOzoneClusterImpl-d26a8b4c-5592-4583-acf9-669019d991bc/datanode-0/data/ratis/c4ed223a-c5bf-4d21-82c2-a3a49a795139 has been successfully formatted.
2019-09-20 05:45:17,612 [pool-27-thread-1] INFO  ratis.ContainerStateMachine (ContainerStateMachine.java:loadSnapshot(230)) - group-A3A49A795139: The snapshot info is null. Setting the last applied indexto:(t:0, i:~)
2019-09-20 05:45:17,612 [pool-27-thread-1] INFO  server.RaftServerConfigKeys (ConfUtils.java:logGet(43)) - raft.server.notification.no-leader.timeout = 1000s (custom)
2019-09-20 05:45:17,612 [pool-27-thread-1] INFO  server.RaftServerConfigKeys (ConfUtils.java:logGet(43)) - raft.server.log.use.memory = false (default)
2019-09-20 05:45:17,612 [pool-27-thread-1] INFO  server.RaftServerConfigKeys (ConfUtils.java:logGet(43)) - raft.server.log.purge.gap = 1000000 (custom)
2019-09-20 05:45:17,613 [pool-27-thread-1] INFO  server.RaftServerConfigKeys (ConfUtils.java:logGet(43)) - raft.server.log.appender.buffer.byte-limit = 33554432 (custom)
2019-09-20 05:45:17,613 [pool-27-thread-1] INFO  server.RaftServerConfigKeys (ConfUtils.java:logGet(43)) - raft.server.log.segment.size.max = 1048576 (custom)
2019-09-20 05:45:17,613 [pool-27-thread-1] INFO  server.RaftServerConfigKeys (ConfUtils.java:logGet(43)) - raft.server.log.segment.cache.num.max = 2 (custom)
2019-09-20 05:45:17,613 [pool-27-thread-1] INFO  segmented.SegmentedRaftLogWorker (SegmentedRaftLogWorker.java:<init>(172)) - new 6b914d88-ba4f-4141-b8f5-cbc1f56b6b78@group-A3A49A795139-SegmentedRaftLogWorker for RaftStorage:Storage Directory /workdir/hadoop-ozone/integration-test/target/test-dir/MiniOzoneClusterImpl-d26a8b4c-5592-4583-acf9-669019d991bc/datanode-0/data/ratis/c4ed223a-c5bf-4d21-82c2-a3a49a795139
2019-09-20 05:45:17,613 [pool-27-thread-1] INFO  server.RaftServerConfigKeys (ConfUtils.java:logGet(43)) - raft.server.log.queue.byte-limit = 2147483647 (custom)
2019-09-20 05:45:17,613 [pool-27-thread-1] INFO  server.RaftServerConfigKeys (ConfUtils.java:logGet(43)) - raft.server.log.queue.element-limit = 1024 (custom)
2019-09-20 05:45:17,613 [pool-27-thread-1] INFO  server.RaftServerConfigKeys (ConfUtils.java:logGet(43)) - raft.server.log.segment.size.max = 1048576 (custom)
2019-09-20 05:45:17,613 [pool-27-thread-1] INFO  server.RaftServerConfigKeys (ConfUtils.java:logGet(43)) - raft.server.log.preallocated.size = 16384 (custom)
2019-09-20 05:45:17,613 [pool-27-thread-1] INFO  server.RaftServerConfigKeys (ConfUtils.java:logGet(43)) - raft.server.log.write.buffer.size = 33554432 (custom)
2019-09-20 05:45:17,614 [pool-27-thread-1] INFO  server.RaftServerConfigKeys (ConfUtils.java:logGet(43)) - raft.server.log.force.sync.num = 128 (default)
2019-09-20 05:45:17,614 [pool-27-thread-1] INFO  server.RaftServerConfigKeys (ConfUtils.java:logGet(43)) - raft.server.log.statemachine.data.sync = true (default)
2019-09-20 05:45:17,614 [pool-27-thread-1] INFO  server.RaftServerConfigKeys (ConfUtils.java:logGet(43)) - raft.server.log.statemachine.data.sync.timeout = 10s (default)
2019-09-20 05:45:17,614 [pool-27-thread-1] INFO  server.RaftServerConfigKeys (ConfUtils.java:logGet(43)) - raft.server.log.statemachine.data.sync.timeout.retry = -1 (default)
2019-09-20 05:45:17,614 [pool-27-thread-1] INFO  server.RaftServerConfigKeys (ConfUtils.java:logGet(43)) - raft.server.log.statemachine.data.caching.enabled = true (custom)
2019-09-20 05:45:17,614 [pool-27-thread-1] INFO  segmented.SegmentedRaftLogWorker (SegmentedRaftLogWorker.java:lambda$new$0(132)) - 6b914d88-ba4f-4141-b8f5-cbc1f56b6b78@group-A3A49A795139-SegmentedRaftLogWorker: flushIndex: setUnconditionally 0 -> -1
2019-09-20 05:45:17,614 [pool-27-thread-1] INFO  server.RaftServerConfigKeys (ConfUtils.java:logGet(43)) - raft.server.snapshot.auto.trigger.enabled = true (custom)
2019-09-20 05:45:17,615 [pool-27-thread-1] INFO  server.RaftServerConfigKeys (ConfUtils.java:logGet(43)) - raft.server.snapshot.auto.trigger.threshold = 10000 (custom)
2019-09-20 05:45:17,615 [pool-27-thread-1] INFO  server.RaftServerConfigKeys (ConfUtils.java:logGet(43)) - raft.server.snapshot.retention.num.files = 5 (custom)
2019-09-20 05:45:17,615 [pool-27-thread-1] INFO  server.RaftServerConfigKeys (ConfUtils.java:logGet(43)) - raft.server.retrycache.expirytime = 600000ms (custom)
2019-09-20 05:45:17,618 [pool-27-thread-1] INFO  impl.RaftServerImpl (RaftServerImpl.java:start(185)) - 6b914d88-ba4f-4141-b8f5-cbc1f56b6b78@group-A3A49A795139: start as a follower, conf=-1: [6b914d88-ba4f-4141-b8f5-cbc1f56b6b78:192.168.5.165:36904], old=null
2019-09-20 05:45:17,618 [pool-27-thread-1] INFO  impl.RaftServerImpl (RaftServerImpl.java:setRole(174)) - 6b914d88-ba4f-4141-b8f5-cbc1f56b6b78@group-A3A49A795139: changes role from      null to FOLLOWER at term 0 for startAsFollower
2019-09-20 05:45:17,619 [pool-27-thread-1] INFO  impl.RoleInfo (RoleInfo.java:updateAndGet(143)) - 6b914d88-ba4f-4141-b8f5-cbc1f56b6b78: start FollowerState
2019-09-20 05:45:17,619 [pool-27-thread-1] INFO  util.JmxRegister (JmxRegister.java:tryRegister(44)) - Successfully registered JMX Bean with object name Ratis:service=RaftServer,group=group-A3A49A795139,id=6b914d88-ba4f-4141-b8f5-cbc1f56b6b78
2019-09-20 05:45:17,620 [grpc-default-executor-1] INFO  client.GrpcClientProtocolClient (GrpcClientProtocolClient.java:onNext(264)) - client-B347A19F98D4->6b914d88-ba4f-4141-b8f5-cbc1f56b6b78: receive RaftClientReply:client-B347A19F98D4->6b914d88-ba4f-4141-b8f5-cbc1f56b6b78@group-48FA397BAAA9, cid=8, FAILED org.apache.ratis.protocol.NotLeaderException: Server 6b914d88-ba4f-4141-b8f5-cbc1f56b6b78@group-48FA397BAAA9 is not the leader, logIndex=0, commits[6b914d88-ba4f-4141-b8f5-cbc1f56b6b78:c-1]
2019-09-20 05:45:17,625 [RatisPipelineUtilsThread] INFO  pipeline.PipelineStateManager (PipelineStateManager.java:addPipeline(56)) - Created pipeline Pipeline[ Id: c4ed223a-c5bf-4d21-82c2-a3a49a795139, Nodes: 6b914d88-ba4f-4141-b8f5-cbc1f56b6b78{ip: 192.168.5.165, host: trunk-nightly-20190920-4x9x8-1212555063, networkLocation: /default-rack, certSerialId: null}, Type:RATIS, Factor:ONE, State:OPEN]
2019-09-20 05:45:17,643 [grpc-default-executor-2] INFO  impl.RaftServerProxy (RaftServerProxy.java:addNew(89)) - ff5e190b-88ca-4969-9180-387aa5482839: addNew group-0807346A5AB6:[ff5e190b-88ca-4969-9180-387aa5482839:192.168.5.165:42020] returns group-0807346A5AB6:java.util.concurrent.CompletableFuture@475068a[Not completed]
2019-09-20 05:45:17,644 [pool-37-thread-1] INFO  impl.RaftServerImpl (RaftServerImpl.java:<init>(95)) - ff5e190b-88ca-4969-9180-387aa5482839: new RaftServerImpl for group-0807346A5AB6:[ff5e190b-88ca-4969-9180-387aa5482839:192.168.5.165:42020] with ContainerStateMachine:uninitialized
2019-09-20 05:45:17,644 [pool-37-thread-1] INFO  server.RaftServerConfigKeys (ConfUtils.java:logGet(43)) - raft.server.rpc.timeout.min = 5s (custom)
2019-09-20 05:45:17,644 [pool-37-thread-1] INFO  server.RaftServerConfigKeys (ConfUtils.java:logGet(43)) - raft.server.rpc.timeout.max = 5200ms (custom)
2019-09-20 05:45:17,644 [pool-37-thread-1] INFO  server.RaftServerConfigKeys (ConfUtils.java:logGet(43)) - raft.server.rpcslowness.timeout = 1000s (custom)
2019-09-20 05:45:17,644 [pool-37-thread-1] INFO  server.RaftServerConfigKeys (ConfUtils.java:logGet(43)) - raft.server.sleep.deviation.threshold = 300 (default)
2019-09-20 05:45:17,644 [pool-37-thread-1] INFO  server.RaftServerConfigKeys (ConfUtils.java:logGet(43)) - raft.server.log.appender.install.snapshot.enabled = false (custom)
2019-09-20 05:45:17,644 [pool-37-thread-1] INFO  impl.RaftServerImpl (ServerState.java:<init>(103)) - ff5e190b-88ca-4969-9180-387aa5482839@group-0807346A5AB6: ConfigurationManager, init=-1: [ff5e190b-88ca-4969-9180-387aa5482839:192.168.5.165:42020], old=null, confs=<EMPTY_MAP>
2019-09-20 05:45:17,646 [pool-37-thread-1] INFO  server.RaftServerConfigKeys (ConfUtils.java:logGet(43)) - raft.server.storage.dir = [/workdir/hadoop-ozone/integration-test/target/test-dir/MiniOzoneClusterImpl-d26a8b4c-5592-4583-acf9-669019d991bc/datanode-1/data/ratis] (custom)
2019-09-20 05:45:17,647 [pool-37-thread-1] INFO  storage.RaftStorageDirectory (RaftStorageDirectory.java:analyzeStorage(246)) - The storage directory /workdir/hadoop-ozone/integration-test/target/test-dir/MiniOzoneClusterImpl-d26a8b4c-5592-4583-acf9-669019d991bc/datanode-1/data/ratis/14d9fc21-b081-4385-acdb-0807346a5ab6 does not exist. Creating ...
2019-09-20 05:45:17,662 [pool-37-thread-1] INFO  storage.RaftStorageDirectory (RaftStorageDirectory.java:tryLock(328)) - Lock on /workdir/hadoop-ozone/integration-test/target/test-dir/MiniOzoneClusterImpl-d26a8b4c-5592-4583-acf9-669019d991bc/datanode-1/data/ratis/14d9fc21-b081-4385-acdb-0807346a5ab6/in_use.lock acquired by nodename 30902@trunk-nightly-20190920-4x9x8-1212555063
2019-09-20 05:45:17,679 [pool-37-thread-1] INFO  storage.RaftStorage (RaftStorage.java:format(72)) - Storage directory /workdir/hadoop-ozone/integration-test/target/test-dir/MiniOzoneClusterImpl-d26a8b4c-5592-4583-acf9-669019d991bc/datanode-1/data/ratis/14d9fc21-b081-4385-acdb-0807346a5ab6 has been successfully formatted.
2019-09-20 05:45:17,679 [pool-37-thread-1] INFO  ratis.ContainerStateMachine (ContainerStateMachine.java:loadSnapshot(230)) - group-0807346A5AB6: The snapshot info is null. Setting the last applied indexto:(t:0, i:~)
2019-09-20 05:45:17,681 [pool-37-thread-1] INFO  server.RaftServerConfigKeys (ConfUtils.java:logGet(43)) - raft.server.notification.no-leader.timeout = 1000s (custom)
2019-09-20 05:45:17,681 [pool-37-thread-1] INFO  server.RaftServerConfigKeys (ConfUtils.java:logGet(43)) - raft.server.log.use.memory = false (default)
2019-09-20 05:45:17,681 [pool-37-thread-1] INFO  server.RaftServerConfigKeys (ConfUtils.java:logGet(43)) - raft.server.log.purge.gap = 1000000 (custom)
2019-09-20 05:45:17,681 [pool-37-thread-1] INFO  server.RaftServerConfigKeys (ConfUtils.java:logGet(43)) - raft.server.log.appender.buffer.byte-limit = 33554432 (custom)
2019-09-20 05:45:17,681 [pool-37-thread-1] INFO  server.RaftServerConfigKeys (ConfUtils.java:logGet(43)) - raft.server.log.segment.size.max = 1048576 (custom)
2019-09-20 05:45:17,681 [pool-37-thread-1] INFO  server.RaftServerConfigKeys (ConfUtils.java:logGet(43)) - raft.server.log.segment.cache.num.max = 2 (custom)
2019-09-20 05:45:17,681 [pool-37-thread-1] INFO  segmented.SegmentedRaftLogWorker (SegmentedRaftLogWorker.java:<init>(172)) - new ff5e190b-88ca-4969-9180-387aa5482839@group-0807346A5AB6-SegmentedRaftLogWorker for RaftStorage:Storage Directory /workdir/hadoop-ozone/integration-test/target/test-dir/MiniOzoneClusterImpl-d26a8b4c-5592-4583-acf9-669019d991bc/datanode-1/data/ratis/14d9fc21-b081-4385-acdb-0807346a5ab6
2019-09-20 05:45:17,681 [pool-37-thread-1] INFO  server.RaftServerConfigKeys (ConfUtils.java:logGet(43)) - raft.server.log.queue.byte-limit = 2147483647 (custom)
2019-09-20 05:45:17,681 [pool-37-thread-1] INFO  server.RaftServerConfigKeys (ConfUtils.java:logGet(43)) - raft.server.log.queue.element-limit = 1024 (custom)
2019-09-20 05:45:17,682 [pool-37-thread-1] INFO  server.RaftServerConfigKeys (ConfUtils.java:logGet(43)) - raft.server.log.segment.size.max = 1048576 (custom)
2019-09-20 05:45:17,682 [pool-37-thread-1] INFO  server.RaftServerConfigKeys (ConfUtils.java:logGet(43)) - raft.server.log.preallocated.size = 16384 (custom)
2019-09-20 05:45:17,682 [pool-37-thread-1] INFO  server.RaftServerConfigKeys (ConfUtils.java:logGet(43)) - raft.server.log.write.buffer.size = 33554432 (custom)
2019-09-20 05:45:17,682 [pool-37-thread-1] INFO  server.RaftServerConfigKeys (ConfUtils.java:logGet(43)) - raft.server.log.force.sync.num = 128 (default)
2019-09-20 05:45:17,682 [pool-37-thread-1] INFO  server.RaftServerConfigKeys (ConfUtils.java:logGet(43)) - raft.server.log.statemachine.data.sync = true (default)
2019-09-20 05:45:17,682 [pool-37-thread-1] INFO  server.RaftServerConfigKeys (ConfUtils.java:logGet(43)) - raft.server.log.statemachine.data.sync.timeout = 10s (default)
2019-09-20 05:45:17,682 [pool-37-thread-1] INFO  server.RaftServerConfigKeys (ConfUtils.java:logGet(43)) - raft.server.log.statemachine.data.sync.timeout.retry = -1 (default)
2019-09-20 05:45:17,682 [pool-37-thread-1] INFO  server.RaftServerConfigKeys (ConfUtils.java:logGet(43)) - raft.server.log.statemachine.data.caching.enabled = true (custom)
2019-09-20 05:45:17,683 [pool-37-thread-1] INFO  segmented.SegmentedRaftLogWorker (SegmentedRaftLogWorker.java:lambda$new$0(132)) - ff5e190b-88ca-4969-9180-387aa5482839@group-0807346A5AB6-SegmentedRaftLogWorker: flushIndex: setUnconditionally 0 -> -1
2019-09-20 05:45:17,683 [pool-37-thread-1] INFO  server.RaftServerConfigKeys (ConfUtils.java:logGet(43)) - raft.server.snapshot.auto.trigger.enabled = true (custom)
2019-09-20 05:45:17,683 [pool-37-thread-1] INFO  server.RaftServerConfigKeys (ConfUtils.java:logGet(43)) - raft.server.snapshot.auto.trigger.threshold = 10000 (custom)
2019-09-20 05:45:17,683 [pool-37-thread-1] INFO  server.RaftServerConfigKeys (ConfUtils.java:logGet(43)) - raft.server.snapshot.retention.num.files = 5 (custom)
2019-09-20 05:45:17,683 [pool-37-thread-1] INFO  server.RaftServerConfigKeys (ConfUtils.java:logGet(43)) - raft.server.retrycache.expirytime = 600000ms (custom)
2019-09-20 05:45:17,686 [pool-37-thread-1] INFO  impl.RaftServerImpl (RaftServerImpl.java:start(185)) - ff5e190b-88ca-4969-9180-387aa5482839@group-0807346A5AB6: start as a follower, conf=-1: [ff5e190b-88ca-4969-9180-387aa5482839:192.168.5.165:42020], old=null
2019-09-20 05:45:17,686 [pool-37-thread-1] INFO  impl.RaftServerImpl (RaftServerImpl.java:setRole(174)) - ff5e190b-88ca-4969-9180-387aa5482839@group-0807346A5AB6: changes role from      null to FOLLOWER at term 0 for startAsFollower
2019-09-20 05:45:17,686 [pool-37-thread-1] INFO  impl.RoleInfo (RoleInfo.java:updateAndGet(143)) - ff5e190b-88ca-4969-9180-387aa5482839: start FollowerState
2019-09-20 05:45:17,686 [pool-37-thread-1] INFO  util.JmxRegister (JmxRegister.java:tryRegister(44)) - Successfully registered JMX Bean with object name Ratis:service=RaftServer,group=group-0807346A5AB6,id=ff5e190b-88ca-4969-9180-387aa5482839
2019-09-20 05:45:17,694 [RatisPipelineUtilsThread] INFO  pipeline.PipelineStateManager (PipelineStateManager.java:addPipeline(56)) - Created pipeline Pipeline[ Id: 14d9fc21-b081-4385-acdb-0807346a5ab6, Nodes: ff5e190b-88ca-4969-9180-387aa5482839{ip: 192.168.5.165, host: trunk-nightly-20190920-4x9x8-1212555063, networkLocation: /default-rack, certSerialId: null}, Type:RATIS, Factor:ONE, State:OPEN]
2019-09-20 05:45:17,710 [grpc-default-executor-0] INFO  impl.RaftServerProxy (RaftServerProxy.java:addNew(89)) - 6b914d88-ba4f-4141-b8f5-cbc1f56b6b78: addNew group-0C30E6B48884:[bc618eef-faaa-49fe-8402-4bd6a1aa1778:192.168.5.165:40163, 363c26c2-b9cf-46d0-ab40-1759ff1bcc8b:192.168.5.165:37804, 6b914d88-ba4f-4141-b8f5-cbc1f56b6b78:192.168.5.165:36904] returns group-0C30E6B48884:java.util.concurrent.CompletableFuture@1c1cf890[Not completed]
2019-09-20 05:45:17,712 [grpc-default-executor-1] INFO  impl.RaftServerProxy (RaftServerProxy.java:addNew(89)) - 363c26c2-b9cf-46d0-ab40-1759ff1bcc8b: addNew group-0C30E6B48884:[bc618eef-faaa-49fe-8402-4bd6a1aa1778:192.168.5.165:40163, 363c26c2-b9cf-46d0-ab40-1759ff1bcc8b:192.168.5.165:37804, 6b914d88-ba4f-4141-b8f5-cbc1f56b6b78:192.168.5.165:36904] returns group-0C30E6B48884:java.util.concurrent.CompletableFuture@204d0ff5[Not completed]
2019-09-20 05:45:17,712 [grpc-default-executor-2] INFO  impl.RaftServerProxy (RaftServerProxy.java:addNew(89)) - bc618eef-faaa-49fe-8402-4bd6a1aa1778: addNew group-0C30E6B48884:[bc618eef-faaa-49fe-8402-4bd6a1aa1778:192.168.5.165:40163, 363c26c2-b9cf-46d0-ab40-1759ff1bcc8b:192.168.5.165:37804, 6b914d88-ba4f-4141-b8f5-cbc1f56b6b78:192.168.5.165:36904] returns group-0C30E6B48884:java.util.concurrent.CompletableFuture@98ae138[Not completed]
2019-09-20 05:45:17,712 [pool-27-thread-1] INFO  impl.RaftServerImpl (RaftServerImpl.java:<init>(95)) - 6b914d88-ba4f-4141-b8f5-cbc1f56b6b78: new RaftServerImpl for group-0C30E6B48884:[bc618eef-faaa-49fe-8402-4bd6a1aa1778:192.168.5.165:40163, 363c26c2-b9cf-46d0-ab40-1759ff1bcc8b:192.168.5.165:37804, 6b914d88-ba4f-4141-b8f5-cbc1f56b6b78:192.168.5.165:36904] with ContainerStateMachine:uninitialized
2019-09-20 05:45:17,712 [pool-27-thread-1] INFO  server.RaftServerConfigKeys (ConfUtils.java:logGet(43)) - raft.server.rpc.timeout.min = 5s (custom)
2019-09-20 05:45:17,713 [pool-27-thread-1] INFO  server.RaftServerConfigKeys (ConfUtils.java:logGet(43)) - raft.server.rpc.timeout.max = 5200ms (custom)
2019-09-20 05:45:17,713 [pool-27-thread-1] INFO  server.RaftServerConfigKeys (ConfUtils.java:logGet(43)) - raft.server.rpcslowness.timeout = 1000s (custom)
2019-09-20 05:45:17,713 [pool-27-thread-1] INFO  server.RaftServerConfigKeys (ConfUtils.java:logGet(43)) - raft.server.sleep.deviation.threshold = 300 (default)
2019-09-20 05:45:17,713 [pool-27-thread-1] INFO  server.RaftServerConfigKeys (ConfUtils.java:logGet(43)) - raft.server.log.appender.install.snapshot.enabled = false (custom)
2019-09-20 05:45:17,713 [pool-27-thread-1] INFO  impl.RaftServerImpl (ServerState.java:<init>(103)) - 6b914d88-ba4f-4141-b8f5-cbc1f56b6b78@group-0C30E6B48884: ConfigurationManager, init=-1: [bc618eef-faaa-49fe-8402-4bd6a1aa1778:192.168.5.165:40163, 363c26c2-b9cf-46d0-ab40-1759ff1bcc8b:192.168.5.165:37804, 6b914d88-ba4f-4141-b8f5-cbc1f56b6b78:192.168.5.165:36904], old=null, confs=<EMPTY_MAP>
2019-09-20 05:45:17,713 [pool-47-thread-1] INFO  impl.RaftServerImpl (RaftServerImpl.java:<init>(95)) - 363c26c2-b9cf-46d0-ab40-1759ff1bcc8b: new RaftServerImpl for group-0C30E6B48884:[bc618eef-faaa-49fe-8402-4bd6a1aa1778:192.168.5.165:40163, 363c26c2-b9cf-46d0-ab40-1759ff1bcc8b:192.168.5.165:37804, 6b914d88-ba4f-4141-b8f5-cbc1f56b6b78:192.168.5.165:36904] with ContainerStateMachine:uninitialized
2019-09-20 05:45:17,713 [pool-27-thread-1] INFO  server.RaftServerConfigKeys (ConfUtils.java:logGet(43)) - raft.server.storage.dir = [/workdir/hadoop-ozone/integration-test/target/test-dir/MiniOzoneClusterImpl-d26a8b4c-5592-4583-acf9-669019d991bc/datanode-0/data/ratis] (custom)
2019-09-20 05:45:17,713 [pool-47-thread-1] INFO  server.RaftServerConfigKeys (ConfUtils.java:logGet(43)) - raft.server.rpc.timeout.min = 5s (custom)
2019-09-20 05:45:17,713 [pool-47-thread-1] INFO  server.RaftServerConfigKeys (ConfUtils.java:logGet(43)) - raft.server.rpc.timeout.max = 5200ms (custom)
2019-09-20 05:45:17,713 [pool-27-thread-1] INFO  storage.RaftStorageDirectory (RaftStorageDirectory.java:analyzeStorage(246)) - The storage directory /workdir/hadoop-ozone/integration-test/target/test-dir/MiniOzoneClusterImpl-d26a8b4c-5592-4583-acf9-669019d991bc/datanode-0/data/ratis/d40b0061-8a6f-4ada-8790-0c30e6b48884 does not exist. Creating ...
2019-09-20 05:45:17,714 [pool-57-thread-1] INFO  impl.RaftServerImpl (RaftServerImpl.java:<init>(95)) - bc618eef-faaa-49fe-8402-4bd6a1aa1778: new RaftServerImpl for group-0C30E6B48884:[bc618eef-faaa-49fe-8402-4bd6a1aa1778:192.168.5.165:40163, 363c26c2-b9cf-46d0-ab40-1759ff1bcc8b:192.168.5.165:37804, 6b914d88-ba4f-4141-b8f5-cbc1f56b6b78:192.168.5.165:36904] with ContainerStateMachine:uninitialized
2019-09-20 05:45:17,713 [pool-47-thread-1] INFO  server.RaftServerConfigKeys (ConfUtils.java:logGet(43)) - raft.server.rpcslowness.timeout = 1000s (custom)
2019-09-20 05:45:17,714 [pool-57-thread-1] INFO  server.RaftServerConfigKeys (ConfUtils.java:logGet(43)) - raft.server.rpc.timeout.min = 5s (custom)
2019-09-20 05:45:17,714 [pool-47-thread-1] INFO  server.RaftServerConfigKeys (ConfUtils.java:logGet(43)) - raft.server.sleep.deviation.threshold = 300 (default)
2019-09-20 05:45:17,714 [pool-57-thread-1] INFO  server.RaftServerConfigKeys (ConfUtils.java:logGet(43)) - raft.server.rpc.timeout.max = 5200ms (custom)
2019-09-20 05:45:17,714 [pool-47-thread-1] INFO  server.RaftServerConfigKeys (ConfUtils.java:logGet(43)) - raft.server.log.appender.install.snapshot.enabled = false (custom)
2019-09-20 05:45:17,714 [pool-57-thread-1] INFO  server.RaftServerConfigKeys (ConfUtils.java:logGet(43)) - raft.server.rpcslowness.timeout = 1000s (custom)
2019-09-20 05:45:17,714 [pool-47-thread-1] INFO  impl.RaftServerImpl (ServerState.java:<init>(103)) - 363c26c2-b9cf-46d0-ab40-1759ff1bcc8b@group-0C30E6B48884: ConfigurationManager, init=-1: [bc618eef-faaa-49fe-8402-4bd6a1aa1778:192.168.5.165:40163, 363c26c2-b9cf-46d0-ab40-1759ff1bcc8b:192.168.5.165:37804, 6b914d88-ba4f-4141-b8f5-cbc1f56b6b78:192.168.5.165:36904], old=null, confs=<EMPTY_MAP>
2019-09-20 05:45:17,714 [pool-57-thread-1] INFO  server.RaftServerConfigKeys (ConfUtils.java:logGet(43)) - raft.server.sleep.deviation.threshold = 300 (default)
2019-09-20 05:45:17,714 [pool-47-thread-1] INFO  server.RaftServerConfigKeys (ConfUtils.java:logGet(43)) - raft.server.storage.dir = [/workdir/hadoop-ozone/integration-test/target/test-dir/MiniOzoneClusterImpl-d26a8b4c-5592-4583-acf9-669019d991bc/datanode-2/data/ratis] (custom)
2019-09-20 05:45:17,714 [pool-57-thread-1] INFO  server.RaftServerConfigKeys (ConfUtils.java:logGet(43)) - raft.server.log.appender.install.snapshot.enabled = false (custom)
2019-09-20 05:45:17,714 [pool-57-thread-1] INFO  impl.RaftServerImpl (ServerState.java:<init>(103)) - bc618eef-faaa-49fe-8402-4bd6a1aa1778@group-0C30E6B48884: ConfigurationManager, init=-1: [bc618eef-faaa-49fe-8402-4bd6a1aa1778:192.168.5.165:40163, 363c26c2-b9cf-46d0-ab40-1759ff1bcc8b:192.168.5.165:37804, 6b914d88-ba4f-4141-b8f5-cbc1f56b6b78:192.168.5.165:36904], old=null, confs=<EMPTY_MAP>
2019-09-20 05:45:17,715 [pool-47-thread-1] INFO  storage.RaftStorageDirectory (RaftStorageDirectory.java:analyzeStorage(246)) - The storage directory /workdir/hadoop-ozone/integration-test/target/test-dir/MiniOzoneClusterImpl-d26a8b4c-5592-4583-acf9-669019d991bc/datanode-2/data/ratis/d40b0061-8a6f-4ada-8790-0c30e6b48884 does not exist. Creating ...
2019-09-20 05:45:17,715 [pool-57-thread-1] INFO  server.RaftServerConfigKeys (ConfUtils.java:logGet(43)) - raft.server.storage.dir = [/workdir/hadoop-ozone/integration-test/target/test-dir/MiniOzoneClusterImpl-d26a8b4c-5592-4583-acf9-669019d991bc/datanode-3/data/ratis] (custom)
2019-09-20 05:45:17,715 [pool-57-thread-1] INFO  storage.RaftStorageDirectory (RaftStorageDirectory.java:analyzeStorage(246)) - The storage directory /workdir/hadoop-ozone/integration-test/target/test-dir/MiniOzoneClusterImpl-d26a8b4c-5592-4583-acf9-669019d991bc/datanode-3/data/ratis/d40b0061-8a6f-4ada-8790-0c30e6b48884 does not exist. Creating ...
2019-09-20 05:45:17,729 [pool-57-thread-1] INFO  storage.RaftStorageDirectory (RaftStorageDirectory.java:tryLock(328)) - Lock on /workdir/hadoop-ozone/integration-test/target/test-dir/MiniOzoneClusterImpl-d26a8b4c-5592-4583-acf9-669019d991bc/datanode-3/data/ratis/d40b0061-8a6f-4ada-8790-0c30e6b48884/in_use.lock acquired by nodename 30902@trunk-nightly-20190920-4x9x8-1212555063
2019-09-20 05:45:17,729 [pool-47-thread-1] INFO  storage.RaftStorageDirectory (RaftStorageDirectory.java:tryLock(328)) - Lock on /workdir/hadoop-ozone/integration-test/target/test-dir/MiniOzoneClusterImpl-d26a8b4c-5592-4583-acf9-669019d991bc/datanode-2/data/ratis/d40b0061-8a6f-4ada-8790-0c30e6b48884/in_use.lock acquired by nodename 30902@trunk-nightly-20190920-4x9x8-1212555063
2019-09-20 05:45:17,729 [pool-27-thread-1] INFO  storage.RaftStorageDirectory (RaftStorageDirectory.java:tryLock(328)) - Lock on /workdir/hadoop-ozone/integration-test/target/test-dir/MiniOzoneClusterImpl-d26a8b4c-5592-4583-acf9-669019d991bc/datanode-0/data/ratis/d40b0061-8a6f-4ada-8790-0c30e6b48884/in_use.lock acquired by nodename 30902@trunk-nightly-20190920-4x9x8-1212555063
2019-09-20 05:45:17,755 [pool-47-thread-1] INFO  storage.RaftStorage (RaftStorage.java:format(72)) - Storage directory /workdir/hadoop-ozone/integration-test/target/test-dir/MiniOzoneClusterImpl-d26a8b4c-5592-4583-acf9-669019d991bc/datanode-2/data/ratis/d40b0061-8a6f-4ada-8790-0c30e6b48884 has been successfully formatted.
2019-09-20 05:45:17,755 [pool-27-thread-1] INFO  storage.RaftStorage (RaftStorage.java:format(72)) - Storage directory /workdir/hadoop-ozone/integration-test/target/test-dir/MiniOzoneClusterImpl-d26a8b4c-5592-4583-acf9-669019d991bc/datanode-0/data/ratis/d40b0061-8a6f-4ada-8790-0c30e6b48884 has been successfully formatted.
2019-09-20 05:45:17,755 [pool-47-thread-1] INFO  ratis.ContainerStateMachine (ContainerStateMachine.java:loadSnapshot(230)) - group-0C30E6B48884: The snapshot info is null. Setting the last applied indexto:(t:0, i:~)
2019-09-20 05:45:17,755 [pool-57-thread-1] INFO  storage.RaftStorage (RaftStorage.java:format(72)) - Storage directory /workdir/hadoop-ozone/integration-test/target/test-dir/MiniOzoneClusterImpl-d26a8b4c-5592-4583-acf9-669019d991bc/datanode-3/data/ratis/d40b0061-8a6f-4ada-8790-0c30e6b48884 has been successfully formatted.
2019-09-20 05:45:17,756 [pool-27-thread-1] INFO  ratis.ContainerStateMachine (ContainerStateMachine.java:loadSnapshot(230)) - group-0C30E6B48884: The snapshot info is null. Setting the last applied indexto:(t:0, i:~)
2019-09-20 05:45:17,755 [pool-47-thread-1] INFO  server.RaftServerConfigKeys (ConfUtils.java:logGet(43)) - raft.server.notification.no-leader.timeout = 1000s (custom)
2019-09-20 05:45:17,756 [pool-27-thread-1] INFO  server.RaftServerConfigKeys (ConfUtils.java:logGet(43)) - raft.server.notification.no-leader.timeout = 1000s (custom)
2019-09-20 05:45:17,756 [pool-57-thread-1] INFO  ratis.ContainerStateMachine (ContainerStateMachine.java:loadSnapshot(230)) - group-0C30E6B48884: The snapshot info is null. Setting the last applied indexto:(t:0, i:~)
2019-09-20 05:45:17,756 [pool-27-thread-1] INFO  server.RaftServerConfigKeys (ConfUtils.java:logGet(43)) - raft.server.log.use.memory = false (default)
2019-09-20 05:45:17,756 [pool-47-thread-1] INFO  server.RaftServerConfigKeys (ConfUtils.java:logGet(43)) - raft.server.log.use.memory = false (default)
2019-09-20 05:45:17,756 [pool-27-thread-1] INFO  server.RaftServerConfigKeys (ConfUtils.java:logGet(43)) - raft.server.log.purge.gap = 1000000 (custom)
2019-09-20 05:45:17,756 [pool-57-thread-1] INFO  server.RaftServerConfigKeys (ConfUtils.java:logGet(43)) - raft.server.notification.no-leader.timeout = 1000s (custom)
2019-09-20 05:45:17,756 [pool-27-thread-1] INFO  server.RaftServerConfigKeys (ConfUtils.java:logGet(43)) - raft.server.log.appender.buffer.byte-limit = 33554432 (custom)
2019-09-20 05:45:17,756 [pool-47-thread-1] INFO  server.RaftServerConfigKeys (ConfUtils.java:logGet(43)) - raft.server.log.purge.gap = 1000000 (custom)
2019-09-20 05:45:17,756 [pool-27-thread-1] INFO  server.RaftServerConfigKeys (ConfUtils.java:logGet(43)) - raft.server.log.segment.size.max = 1048576 (custom)
2019-09-20 05:45:17,756 [pool-57-thread-1] INFO  server.RaftServerConfigKeys (ConfUtils.java:logGet(43)) - raft.server.log.use.memory = false (default)
2019-09-20 05:45:17,757 [pool-27-thread-1] INFO  server.RaftServerConfigKeys (ConfUtils.java:logGet(43)) - raft.server.log.segment.cache.num.max = 2 (custom)
2019-09-20 05:45:17,756 [pool-47-thread-1] INFO  server.RaftServerConfigKeys (ConfUtils.java:logGet(43)) - raft.server.log.appender.buffer.byte-limit = 33554432 (custom)
2019-09-20 05:45:17,757 [pool-27-thread-1] INFO  segmented.SegmentedRaftLogWorker (SegmentedRaftLogWorker.java:<init>(172)) - new 6b914d88-ba4f-4141-b8f5-cbc1f56b6b78@group-0C30E6B48884-SegmentedRaftLogWorker for RaftStorage:Storage Directory /workdir/hadoop-ozone/integration-test/target/test-dir/MiniOzoneClusterImpl-d26a8b4c-5592-4583-acf9-669019d991bc/datanode-0/data/ratis/d40b0061-8a6f-4ada-8790-0c30e6b48884
2019-09-20 05:45:17,757 [pool-57-thread-1] INFO  server.RaftServerConfigKeys (ConfUtils.java:logGet(43)) - raft.server.log.purge.gap = 1000000 (custom)
2019-09-20 05:45:17,757 [pool-27-thread-1] INFO  server.RaftServerConfigKeys (ConfUtils.java:logGet(43)) - raft.server.log.queue.byte-limit = 2147483647 (custom)
2019-09-20 05:45:17,757 [pool-47-thread-1] INFO  server.RaftServerConfigKeys (ConfUtils.java:logGet(43)) - raft.server.log.segment.size.max = 1048576 (custom)
2019-09-20 05:45:17,757 [pool-27-thread-1] INFO  server.RaftServerConfigKeys (ConfUtils.java:logGet(43)) - raft.server.log.queue.element-limit = 1024 (custom)
2019-09-20 05:45:17,757 [pool-57-thread-1] INFO  server.RaftServerConfigKeys (ConfUtils.java:logGet(43)) - raft.server.log.appender.buffer.byte-limit = 33554432 (custom)
2019-09-20 05:45:17,757 [pool-27-thread-1] INFO  server.RaftServerConfigKeys (ConfUtils.java:logGet(43)) - raft.server.log.segment.size.max = 1048576 (custom)
2019-09-20 05:45:17,757 [pool-47-thread-1] INFO  server.RaftServerConfigKeys (ConfUtils.java:logGet(43)) - raft.server.log.segment.cache.num.max = 2 (custom)
2019-09-20 05:45:17,757 [pool-27-thread-1] INFO  server.RaftServerConfigKeys (ConfUtils.java:logGet(43)) - raft.server.log.preallocated.size = 16384 (custom)
2019-09-20 05:45:17,757 [pool-57-thread-1] INFO  server.RaftServerConfigKeys (ConfUtils.java:logGet(43)) - raft.server.log.segment.size.max = 1048576 (custom)
2019-09-20 05:45:17,758 [pool-27-thread-1] INFO  server.RaftServerConfigKeys (ConfUtils.java:logGet(43)) - raft.server.log.write.buffer.size = 33554432 (custom)
2019-09-20 05:45:17,757 [pool-47-thread-1] INFO  segmented.SegmentedRaftLogWorker (SegmentedRaftLogWorker.java:<init>(172)) - new 363c26c2-b9cf-46d0-ab40-1759ff1bcc8b@group-0C30E6B48884-SegmentedRaftLogWorker for RaftStorage:Storage Directory /workdir/hadoop-ozone/integration-test/target/test-dir/MiniOzoneClusterImpl-d26a8b4c-5592-4583-acf9-669019d991bc/datanode-2/data/ratis/d40b0061-8a6f-4ada-8790-0c30e6b48884
2019-09-20 05:45:17,758 [pool-27-thread-1] INFO  server.RaftServerConfigKeys (ConfUtils.java:logGet(43)) - raft.server.log.force.sync.num = 128 (default)
2019-09-20 05:45:17,758 [pool-57-thread-1] INFO  server.RaftServerConfigKeys (ConfUtils.java:logGet(43)) - raft.server.log.segment.cache.num.max = 2 (custom)
2019-09-20 05:45:17,758 [pool-27-thread-1] INFO  server.RaftServerConfigKeys (ConfUtils.java:logGet(43)) - raft.server.log.statemachine.data.sync = true (default)
2019-09-20 05:45:17,758 [pool-47-thread-1] INFO  server.RaftServerConfigKeys (ConfUtils.java:logGet(43)) - raft.server.log.queue.byte-limit = 2147483647 (custom)
2019-09-20 05:45:17,758 [pool-27-thread-1] INFO  server.RaftServerConfigKeys (ConfUtils.java:logGet(43)) - raft.server.log.statemachine.data.sync.timeout = 10s (default)
2019-09-20 05:45:17,758 [pool-57-thread-1] INFO  segmented.SegmentedRaftLogWorker (SegmentedRaftLogWorker.java:<init>(172)) - new bc618eef-faaa-49fe-8402-4bd6a1aa1778@group-0C30E6B48884-SegmentedRaftLogWorker for RaftStorage:Storage Directory /workdir/hadoop-ozone/integration-test/target/test-dir/MiniOzoneClusterImpl-d26a8b4c-5592-4583-acf9-669019d991bc/datanode-3/data/ratis/d40b0061-8a6f-4ada-8790-0c30e6b48884
2019-09-20 05:45:17,758 [pool-27-thread-1] INFO  server.RaftServerConfigKeys (ConfUtils.java:logGet(43)) - raft.server.log.statemachine.data.sync.timeout.retry = -1 (default)
2019-09-20 05:45:17,758 [pool-47-thread-1] INFO  server.RaftServerConfigKeys (ConfUtils.java:logGet(43)) - raft.server.log.queue.element-limit = 1024 (custom)
2019-09-20 05:45:17,758 [pool-57-thread-1] INFO  server.RaftServerConfigKeys (ConfUtils.java:logGet(43)) - raft.server.log.queue.byte-limit = 2147483647 (custom)
2019-09-20 05:45:17,759 [pool-47-thread-1] INFO  server.RaftServerConfigKeys (ConfUtils.java:logGet(43)) - raft.server.log.segment.size.max = 1048576 (custom)
2019-09-20 05:45:17,759 [pool-27-thread-1] INFO  server.RaftServerConfigKeys (ConfUtils.java:logGet(43)) - raft.server.log.statemachine.data.caching.enabled = true (custom)
2019-09-20 05:45:17,759 [pool-47-thread-1] INFO  server.RaftServerConfigKeys (ConfUtils.java:logGet(43)) - raft.server.log.preallocated.size = 16384 (custom)
2019-09-20 05:45:17,759 [pool-57-thread-1] INFO  server.RaftServerConfigKeys (ConfUtils.java:logGet(43)) - raft.server.log.queue.element-limit = 1024 (custom)
2019-09-20 05:45:17,759 [pool-27-thread-1] INFO  segmented.SegmentedRaftLogWorker (SegmentedRaftLogWorker.java:lambda$new$0(132)) - 6b914d88-ba4f-4141-b8f5-cbc1f56b6b78@group-0C30E6B48884-SegmentedRaftLogWorker: flushIndex: setUnconditionally 0 -> -1
2019-09-20 05:45:17,759 [pool-47-thread-1] INFO  server.RaftServerConfigKeys (ConfUtils.java:logGet(43)) - raft.server.log.write.buffer.size = 33554432 (custom)
2019-09-20 05:45:17,759 [pool-57-thread-1] INFO  server.RaftServerConfigKeys (ConfUtils.java:logGet(43)) - raft.server.log.segment.size.max = 1048576 (custom)
2019-09-20 05:45:17,759 [pool-27-thread-1] INFO  server.RaftServerConfigKeys (ConfUtils.java:logGet(43)) - raft.server.snapshot.auto.trigger.enabled = true (custom)
2019-09-20 05:45:17,759 [pool-47-thread-1] INFO  server.RaftServerConfigKeys (ConfUtils.java:logGet(43)) - raft.server.log.force.sync.num = 128 (default)
2019-09-20 05:45:17,759 [pool-27-thread-1] INFO  server.RaftServerConfigKeys (ConfUtils.java:logGet(43)) - raft.server.snapshot.auto.trigger.threshold = 10000 (custom)
2019-09-20 05:45:17,759 [pool-57-thread-1] INFO  server.RaftServerConfigKeys (ConfUtils.java:logGet(43)) - raft.server.log.preallocated.size = 16384 (custom)
2019-09-20 05:45:17,760 [pool-27-thread-1] INFO  server.RaftServerConfigKeys (ConfUtils.java:logGet(43)) - raft.server.snapshot.retention.num.files = 5 (custom)
2019-09-20 05:45:17,759 [pool-47-thread-1] INFO  server.RaftServerConfigKeys (ConfUtils.java:logGet(43)) - raft.server.log.statemachine.data.sync = true (default)
2019-09-20 05:45:17,760 [pool-27-thread-1] INFO  server.RaftServerConfigKeys (ConfUtils.java:logGet(43)) - raft.server.retrycache.expirytime = 600000ms (custom)
2019-09-20 05:45:17,760 [pool-57-thread-1] INFO  server.RaftServerConfigKeys (ConfUtils.java:logGet(43)) - raft.server.log.write.buffer.size = 33554432 (custom)
2019-09-20 05:45:17,760 [pool-47-thread-1] INFO  server.RaftServerConfigKeys (ConfUtils.java:logGet(43)) - raft.server.log.statemachine.data.sync.timeout = 10s (default)
2019-09-20 05:45:17,760 [pool-57-thread-1] INFO  server.RaftServerConfigKeys (ConfUtils.java:logGet(43)) - raft.server.log.force.sync.num = 128 (default)
2019-09-20 05:45:17,760 [pool-47-thread-1] INFO  server.RaftServerConfigKeys (ConfUtils.java:logGet(43)) - raft.server.log.statemachine.data.sync.timeout.retry = -1 (default)
2019-09-20 05:45:17,760 [pool-57-thread-1] INFO  server.RaftServerConfigKeys (ConfUtils.java:logGet(43)) - raft.server.log.statemachine.data.sync = true (default)
2019-09-20 05:45:17,760 [pool-47-thread-1] INFO  server.RaftServerConfigKeys (ConfUtils.java:logGet(43)) - raft.server.log.statemachine.data.caching.enabled = true (custom)
2019-09-20 05:45:17,760 [pool-57-thread-1] INFO  server.RaftServerConfigKeys (ConfUtils.java:logGet(43)) - raft.server.log.statemachine.data.sync.timeout = 10s (default)
2019-09-20 05:45:17,760 [pool-57-thread-1] INFO  server.RaftServerConfigKeys (ConfUtils.java:logGet(43)) - raft.server.log.statemachine.data.sync.timeout.retry = -1 (default)
2019-09-20 05:45:17,761 [pool-47-thread-1] INFO  segmented.SegmentedRaftLogWorker (SegmentedRaftLogWorker.java:lambda$new$0(132)) - 363c26c2-b9cf-46d0-ab40-1759ff1bcc8b@group-0C30E6B48884-SegmentedRaftLogWorker: flushIndex: setUnconditionally 0 -> -1
2019-09-20 05:45:17,761 [pool-57-thread-1] INFO  server.RaftServerConfigKeys (ConfUtils.java:logGet(43)) - raft.server.log.statemachine.data.caching.enabled = true (custom)
2019-09-20 05:45:17,761 [pool-47-thread-1] INFO  server.RaftServerConfigKeys (ConfUtils.java:logGet(43)) - raft.server.snapshot.auto.trigger.enabled = true (custom)
2019-09-20 05:45:17,761 [pool-57-thread-1] INFO  segmented.SegmentedRaftLogWorker (SegmentedRaftLogWorker.java:lambda$new$0(132)) - bc618eef-faaa-49fe-8402-4bd6a1aa1778@group-0C30E6B48884-SegmentedRaftLogWorker: flushIndex: setUnconditionally 0 -> -1
2019-09-20 05:45:17,761 [pool-47-thread-1] INFO  server.RaftServerConfigKeys (ConfUtils.java:logGet(43)) - raft.server.snapshot.auto.trigger.threshold = 10000 (custom)
2019-09-20 05:45:17,761 [pool-47-thread-1] INFO  server.RaftServerConfigKeys (ConfUtils.java:logGet(43)) - raft.server.snapshot.retention.num.files = 5 (custom)
2019-09-20 05:45:17,761 [pool-57-thread-1] INFO  server.RaftServerConfigKeys (ConfUtils.java:logGet(43)) - raft.server.snapshot.auto.trigger.enabled = true (custom)
2019-09-20 05:45:17,761 [pool-57-thread-1] INFO  server.RaftServerConfigKeys (ConfUtils.java:logGet(43)) - raft.server.snapshot.auto.trigger.threshold = 10000 (custom)
2019-09-20 05:45:17,761 [pool-47-thread-1] INFO  server.RaftServerConfigKeys (ConfUtils.java:logGet(43)) - raft.server.retrycache.expirytime = 600000ms (custom)
2019-09-20 05:45:17,761 [pool-57-thread-1] INFO  server.RaftServerConfigKeys (ConfUtils.java:logGet(43)) - raft.server.snapshot.retention.num.files = 5 (custom)
2019-09-20 05:45:17,762 [pool-57-thread-1] INFO  server.RaftServerConfigKeys (ConfUtils.java:logGet(43)) - raft.server.retrycache.expirytime = 600000ms (custom)
2019-09-20 05:45:17,762 [pool-27-thread-1] INFO  impl.RaftServerImpl (RaftServerImpl.java:start(185)) - 6b914d88-ba4f-4141-b8f5-cbc1f56b6b78@group-0C30E6B48884: start as a follower, conf=-1: [bc618eef-faaa-49fe-8402-4bd6a1aa1778:192.168.5.165:40163, 363c26c2-b9cf-46d0-ab40-1759ff1bcc8b:192.168.5.165:37804, 6b914d88-ba4f-4141-b8f5-cbc1f56b6b78:192.168.5.165:36904], old=null
2019-09-20 05:45:17,762 [pool-27-thread-1] INFO  impl.RaftServerImpl (RaftServerImpl.java:setRole(174)) - 6b914d88-ba4f-4141-b8f5-cbc1f56b6b78@group-0C30E6B48884: changes role from      null to FOLLOWER at term 0 for startAsFollower
2019-09-20 05:45:17,762 [pool-27-thread-1] INFO  impl.RoleInfo (RoleInfo.java:updateAndGet(143)) - 6b914d88-ba4f-4141-b8f5-cbc1f56b6b78: start FollowerState
2019-09-20 05:45:17,763 [pool-27-thread-1] INFO  util.JmxRegister (JmxRegister.java:tryRegister(44)) - Successfully registered JMX Bean with object name Ratis:service=RaftServer,group=group-0C30E6B48884,id=6b914d88-ba4f-4141-b8f5-cbc1f56b6b78
2019-09-20 05:45:17,764 [pool-47-thread-1] INFO  impl.RaftServerImpl (RaftServerImpl.java:start(185)) - 363c26c2-b9cf-46d0-ab40-1759ff1bcc8b@group-0C30E6B48884: start as a follower, conf=-1: [bc618eef-faaa-49fe-8402-4bd6a1aa1778:192.168.5.165:40163, 363c26c2-b9cf-46d0-ab40-1759ff1bcc8b:192.168.5.165:37804, 6b914d88-ba4f-4141-b8f5-cbc1f56b6b78:192.168.5.165:36904], old=null
2019-09-20 05:45:17,764 [pool-47-thread-1] INFO  impl.RaftServerImpl (RaftServerImpl.java:setRole(174)) - 363c26c2-b9cf-46d0-ab40-1759ff1bcc8b@group-0C30E6B48884: changes role from      null to FOLLOWER at term 0 for startAsFollower
2019-09-20 05:45:17,764 [pool-57-thread-1] INFO  impl.RaftServerImpl (RaftServerImpl.java:start(185)) - bc618eef-faaa-49fe-8402-4bd6a1aa1778@group-0C30E6B48884: start as a follower, conf=-1: [bc618eef-faaa-49fe-8402-4bd6a1aa1778:192.168.5.165:40163, 363c26c2-b9cf-46d0-ab40-1759ff1bcc8b:192.168.5.165:37804, 6b914d88-ba4f-4141-b8f5-cbc1f56b6b78:192.168.5.165:36904], old=null
2019-09-20 05:45:17,764 [pool-47-thread-1] INFO  impl.RoleInfo (RoleInfo.java:updateAndGet(143)) - 363c26c2-b9cf-46d0-ab40-1759ff1bcc8b: start FollowerState
2019-09-20 05:45:17,764 [pool-57-thread-1] INFO  impl.RaftServerImpl (RaftServerImpl.java:setRole(174)) - bc618eef-faaa-49fe-8402-4bd6a1aa1778@group-0C30E6B48884: changes role from      null to FOLLOWER at term 0 for startAsFollower
2019-09-20 05:45:17,764 [pool-57-thread-1] INFO  impl.RoleInfo (RoleInfo.java:updateAndGet(143)) - bc618eef-faaa-49fe-8402-4bd6a1aa1778: start FollowerState
2019-09-20 05:45:17,764 [pool-47-thread-1] INFO  util.JmxRegister (JmxRegister.java:tryRegister(44)) - Successfully registered JMX Bean with object name Ratis:service=RaftServer,group=group-0C30E6B48884,id=363c26c2-b9cf-46d0-ab40-1759ff1bcc8b
2019-09-20 05:45:17,765 [pool-57-thread-1] INFO  util.JmxRegister (JmxRegister.java:tryRegister(44)) - Successfully registered JMX Bean with object name Ratis:service=RaftServer,group=group-0C30E6B48884,id=bc618eef-faaa-49fe-8402-4bd6a1aa1778
2019-09-20 05:45:17,782 [RatisPipelineUtilsThread] INFO  pipeline.PipelineStateManager (PipelineStateManager.java:addPipeline(56)) - Created pipeline Pipeline[ Id: d40b0061-8a6f-4ada-8790-0c30e6b48884, Nodes: 6b914d88-ba4f-4141-b8f5-cbc1f56b6b78{ip: 192.168.5.165, host: trunk-nightly-20190920-4x9x8-1212555063, networkLocation: /default-rack, certSerialId: null}363c26c2-b9cf-46d0-ab40-1759ff1bcc8b{ip: 192.168.5.165, host: trunk-nightly-20190920-4x9x8-1212555063, networkLocation: /default-rack, certSerialId: null}bc618eef-faaa-49fe-8402-4bd6a1aa1778{ip: 192.168.5.165, host: trunk-nightly-20190920-4x9x8-1212555063, networkLocation: /default-rack, certSerialId: null}, Type:RATIS, Factor:THREE, State:OPEN]
2019-09-20 05:45:18,317 [Command processor thread] ERROR commandhandler.CloseContainerCommandHandler (CloseContainerCommandHandler.java:handle(84)) - Container #1 does not exist in datanode. Container close failed.
2019-09-20 05:45:18,351 [Thread-193] INFO  container.ReplicationManager (ReplicationManager.java:start(169)) - Replication Monitor Thread is already running.
2019-09-20 05:45:18,478 [Command processor thread] ERROR commandhandler.CloseContainerCommandHandler (CloseContainerCommandHandler.java:handle(84)) - Container #1 does not exist in datanode. Container close failed.
2019-09-20 05:45:18,548 [Command processor thread] ERROR commandhandler.CloseContainerCommandHandler (CloseContainerCommandHandler.java:handle(84)) - Container #1 does not exist in datanode. Container close failed.
2019-09-20 05:45:18,557 [ReplicationMonitor] INFO  container.ReplicationManager (ReplicationManager.java:run(225)) - Replication Monitor Thread took 1 milliseconds for processing 1 containers.
2019-09-20 05:45:18,653 [grpc-default-executor-2] INFO  client.GrpcClientProtocolClient (GrpcClientProtocolClient.java:onNext(264)) - client-B347A19F98D4->bc618eef-faaa-49fe-8402-4bd6a1aa1778: receive RaftClientReply:client-B347A19F98D4->bc618eef-faaa-49fe-8402-4bd6a1aa1778@group-48FA397BAAA9, cid=8, FAILED org.apache.ratis.protocol.NotLeaderException: Server bc618eef-faaa-49fe-8402-4bd6a1aa1778@group-48FA397BAAA9 is not the leader, logIndex=0, commits[bc618eef-faaa-49fe-8402-4bd6a1aa1778:c-1]
2019-09-20 05:45:19,677 [grpc-default-executor-2] INFO  client.GrpcClientProtocolClient (GrpcClientProtocolClient.java:onNext(264)) - client-B347A19F98D4->363c26c2-b9cf-46d0-ab40-1759ff1bcc8b: receive RaftClientReply:client-B347A19F98D4->363c26c2-b9cf-46d0-ab40-1759ff1bcc8b@group-48FA397BAAA9, cid=8, FAILED org.apache.ratis.protocol.NotLeaderException: Server 363c26c2-b9cf-46d0-ab40-1759ff1bcc8b@group-48FA397BAAA9 is not the leader, logIndex=0, commits[363c26c2-b9cf-46d0-ab40-1759ff1bcc8b:c-1]
2019-09-20 05:45:20,557 [ReplicationMonitor] INFO  container.ReplicationManager (ReplicationManager.java:run(225)) - Replication Monitor Thread took 0 milliseconds for processing 1 containers.
2019-09-20 05:45:20,703 [grpc-default-executor-2] INFO  client.GrpcClientProtocolClient (GrpcClientProtocolClient.java:onNext(264)) - client-B347A19F98D4->bc618eef-faaa-49fe-8402-4bd6a1aa1778: receive RaftClientReply:client-B347A19F98D4->bc618eef-faaa-49fe-8402-4bd6a1aa1778@group-48FA397BAAA9, cid=8, FAILED org.apache.ratis.protocol.NotLeaderException: Server bc618eef-faaa-49fe-8402-4bd6a1aa1778@group-48FA397BAAA9 is not the leader, logIndex=0, commits[bc618eef-faaa-49fe-8402-4bd6a1aa1778:c-1]
2019-09-20 05:45:21,249 [Thread-195] INFO  impl.FollowerState (FollowerState.java:run(106)) - 6b914d88-ba4f-4141-b8f5-cbc1f56b6b78:group-C45410FE4965 changes to CANDIDATE, lastRpcTime:5158, electionTimeout:5157ms
2019-09-20 05:45:21,253 [Thread-195] INFO  impl.RoleInfo (RoleInfo.java:shutdownFollowerState(121)) - 6b914d88-ba4f-4141-b8f5-cbc1f56b6b78: shutdown FollowerState
2019-09-20 05:45:21,254 [Thread-195] INFO  impl.RaftServerImpl (RaftServerImpl.java:setRole(174)) - 6b914d88-ba4f-4141-b8f5-cbc1f56b6b78@group-C45410FE4965: changes role from  FOLLOWER to CANDIDATE at term 0 for changeToCandidate
2019-09-20 05:45:21,259 [Thread-195] INFO  impl.RoleInfo (RoleInfo.java:updateAndGet(143)) - 6b914d88-ba4f-4141-b8f5-cbc1f56b6b78: start LeaderElection
2019-09-20 05:45:21,281 [6b914d88-ba4f-4141-b8f5-cbc1f56b6b78@group-C45410FE4965:LeaderElection1] INFO  impl.LeaderElection (LeaderElection.java:askForVotes(182)) - 6b914d88-ba4f-4141-b8f5-cbc1f56b6b78@group-C45410FE4965:LeaderElection1: begin an election at term 1 for -1: [6b914d88-ba4f-4141-b8f5-cbc1f56b6b78:192.168.5.165:36904], old=null
2019-09-20 05:45:21,283 [6b914d88-ba4f-4141-b8f5-cbc1f56b6b78@group-C45410FE4965:LeaderElection1] INFO  impl.RoleInfo (RoleInfo.java:shutdownLeaderElection(134)) - 6b914d88-ba4f-4141-b8f5-cbc1f56b6b78: shutdown LeaderElection
2019-09-20 05:45:21,284 [6b914d88-ba4f-4141-b8f5-cbc1f56b6b78@group-C45410FE4965:LeaderElection1] INFO  impl.RaftServerImpl (RaftServerImpl.java:setRole(174)) - 6b914d88-ba4f-4141-b8f5-cbc1f56b6b78@group-C45410FE4965: changes role from CANDIDATE to LEADER at term 1 for changeToLeader
2019-09-20 05:45:21,284 [6b914d88-ba4f-4141-b8f5-cbc1f56b6b78@group-C45410FE4965:LeaderElection1] INFO  impl.RaftServerImpl (ServerState.java:setLeader(253)) - 6b914d88-ba4f-4141-b8f5-cbc1f56b6b78@group-C45410FE4965: change Leader from null to 6b914d88-ba4f-4141-b8f5-cbc1f56b6b78 at term 1 for becomeLeader, leader elected after 5302ms
2019-09-20 05:45:21,292 [6b914d88-ba4f-4141-b8f5-cbc1f56b6b78@group-C45410FE4965:LeaderElection1] INFO  server.RaftServerConfigKeys (ConfUtils.java:logGet(43)) - raft.server.staging.catchup.gap = 1000 (default)
2019-09-20 05:45:21,292 [6b914d88-ba4f-4141-b8f5-cbc1f56b6b78@group-C45410FE4965:LeaderElection1] INFO  server.RaftServerConfigKeys (ConfUtils.java:logGet(43)) - raft.server.rpc.sleep.time = 25ms (default)
2019-09-20 05:45:21,296 [6b914d88-ba4f-4141-b8f5-cbc1f56b6b78@group-C45410FE4965:LeaderElection1] INFO  server.RaftServerConfigKeys (ConfUtils.java:logGet(43)) - raft.server.write.element-limit = 4096 (default)
2019-09-20 05:45:21,299 [6b914d88-ba4f-4141-b8f5-cbc1f56b6b78@group-C45410FE4965:LeaderElection1] INFO  server.RaftServerConfigKeys (ConfUtils.java:logGet(43)) - raft.server.watch.timeout = 10s (default)
2019-09-20 05:45:21,299 [6b914d88-ba4f-4141-b8f5-cbc1f56b6b78@group-C45410FE4965:LeaderElection1] INFO  server.RaftServerConfigKeys (ConfUtils.java:logGet(43)) - raft.server.watch.timeout.denomination = 1s (default)
2019-09-20 05:45:21,300 [6b914d88-ba4f-4141-b8f5-cbc1f56b6b78@group-C45410FE4965:LeaderElection1] INFO  server.RaftServerConfigKeys (ConfUtils.java:logGet(43)) - raft.server.watch.element-limit = 65536 (default)
2019-09-20 05:45:21,313 [6b914d88-ba4f-4141-b8f5-cbc1f56b6b78@group-C45410FE4965:LeaderElection1] INFO  impl.RoleInfo (RoleInfo.java:updateAndGet(143)) - 6b914d88-ba4f-4141-b8f5-cbc1f56b6b78: start LeaderState
2019-09-20 05:45:21,337 [6b914d88-ba4f-4141-b8f5-cbc1f56b6b78@group-C45410FE4965:LeaderElection1] INFO  segmented.SegmentedRaftLogWorker (SegmentedRaftLogWorker.java:startLogSegment(380)) - 6b914d88-ba4f-4141-b8f5-cbc1f56b6b78@group-C45410FE4965-SegmentedRaftLogWorker: Starting segment from index:0
2019-09-20 05:45:21,347 [6b914d88-ba4f-4141-b8f5-cbc1f56b6b78@group-C45410FE4965:LeaderElection1] INFO  impl.RaftServerImpl (ServerState.java:setRaftConf(354)) - 6b914d88-ba4f-4141-b8f5-cbc1f56b6b78@group-C45410FE4965: set configuration 0: [6b914d88-ba4f-4141-b8f5-cbc1f56b6b78:192.168.5.165:36904], old=null at 0
2019-09-20 05:45:21,424 [Thread-201] INFO  impl.FollowerState (FollowerState.java:run(106)) - bc618eef-faaa-49fe-8402-4bd6a1aa1778:group-239643EA3DAE changes to CANDIDATE, lastRpcTime:5015, electionTimeout:5015ms
2019-09-20 05:45:21,430 [Thread-201] INFO  impl.RoleInfo (RoleInfo.java:shutdownFollowerState(121)) - bc618eef-faaa-49fe-8402-4bd6a1aa1778: shutdown FollowerState
2019-09-20 05:45:21,430 [Thread-201] INFO  impl.RaftServerImpl (RaftServerImpl.java:setRole(174)) - bc618eef-faaa-49fe-8402-4bd6a1aa1778@group-239643EA3DAE: changes role from  FOLLOWER to CANDIDATE at term 0 for changeToCandidate
2019-09-20 05:45:21,430 [Thread-201] INFO  impl.RoleInfo (RoleInfo.java:updateAndGet(143)) - bc618eef-faaa-49fe-8402-4bd6a1aa1778: start LeaderElection
2019-09-20 05:45:21,456 [bc618eef-faaa-49fe-8402-4bd6a1aa1778@group-239643EA3DAE:LeaderElection2] INFO  impl.LeaderElection (LeaderElection.java:askForVotes(182)) - bc618eef-faaa-49fe-8402-4bd6a1aa1778@group-239643EA3DAE:LeaderElection2: begin an election at term 1 for -1: [bc618eef-faaa-49fe-8402-4bd6a1aa1778:192.168.5.165:40163], old=null
2019-09-20 05:45:21,456 [bc618eef-faaa-49fe-8402-4bd6a1aa1778@group-239643EA3DAE:LeaderElection2] INFO  impl.RoleInfo (RoleInfo.java:shutdownLeaderElection(134)) - bc618eef-faaa-49fe-8402-4bd6a1aa1778: shutdown LeaderElection
2019-09-20 05:45:21,457 [bc618eef-faaa-49fe-8402-4bd6a1aa1778@group-239643EA3DAE:LeaderElection2] INFO  impl.RaftServerImpl (RaftServerImpl.java:setRole(174)) - bc618eef-faaa-49fe-8402-4bd6a1aa1778@group-239643EA3DAE: changes role from CANDIDATE to LEADER at term 1 for changeToLeader
2019-09-20 05:45:21,457 [bc618eef-faaa-49fe-8402-4bd6a1aa1778@group-239643EA3DAE:LeaderElection2] INFO  impl.RaftServerImpl (ServerState.java:setLeader(253)) - bc618eef-faaa-49fe-8402-4bd6a1aa1778@group-239643EA3DAE: change Leader from null to bc618eef-faaa-49fe-8402-4bd6a1aa1778 at term 1 for becomeLeader, leader elected after 5090ms
2019-09-20 05:45:21,458 [bc618eef-faaa-49fe-8402-4bd6a1aa1778@group-239643EA3DAE:LeaderElection2] INFO  server.RaftServerConfigKeys (ConfUtils.java:logGet(43)) - raft.server.staging.catchup.gap = 1000 (default)
2019-09-20 05:45:21,458 [bc618eef-faaa-49fe-8402-4bd6a1aa1778@group-239643EA3DAE:LeaderElection2] INFO  server.RaftServerConfigKeys (ConfUtils.java:logGet(43)) - raft.server.rpc.sleep.time = 25ms (default)
2019-09-20 05:45:21,459 [bc618eef-faaa-49fe-8402-4bd6a1aa1778@group-239643EA3DAE:LeaderElection2] INFO  server.RaftServerConfigKeys (ConfUtils.java:logGet(43)) - raft.server.write.element-limit = 4096 (default)
2019-09-20 05:45:21,459 [bc618eef-faaa-49fe-8402-4bd6a1aa1778@group-239643EA3DAE:LeaderElection2] INFO  server.RaftServerConfigKeys (ConfUtils.java:logGet(43)) - raft.server.watch.timeout = 10s (default)
2019-09-20 05:45:21,459 [bc618eef-faaa-49fe-8402-4bd6a1aa1778@group-239643EA3DAE:LeaderElection2] INFO  server.RaftServerConfigKeys (ConfUtils.java:logGet(43)) - raft.server.watch.timeout.denomination = 1s (default)
2019-09-20 05:45:21,459 [bc618eef-faaa-49fe-8402-4bd6a1aa1778@group-239643EA3DAE:LeaderElection2] INFO  server.RaftServerConfigKeys (ConfUtils.java:logGet(43)) - raft.server.watch.element-limit = 65536 (default)
2019-09-20 05:45:21,461 [bc618eef-faaa-49fe-8402-4bd6a1aa1778@group-239643EA3DAE:LeaderElection2] INFO  impl.RoleInfo (RoleInfo.java:updateAndGet(143)) - bc618eef-faaa-49fe-8402-4bd6a1aa1778: start LeaderState
2019-09-20 05:45:21,462 [bc618eef-faaa-49fe-8402-4bd6a1aa1778@group-239643EA3DAE:LeaderElection2] INFO  segmented.SegmentedRaftLogWorker (SegmentedRaftLogWorker.java:startLogSegment(380)) - bc618eef-faaa-49fe-8402-4bd6a1aa1778@group-239643EA3DAE-SegmentedRaftLogWorker: Starting segment from index:0
2019-09-20 05:45:21,462 [bc618eef-faaa-49fe-8402-4bd6a1aa1778@group-239643EA3DAE:LeaderElection2] INFO  impl.RaftServerImpl (ServerState.java:setRaftConf(354)) - bc618eef-faaa-49fe-8402-4bd6a1aa1778@group-239643EA3DAE: set configuration 0: [bc618eef-faaa-49fe-8402-4bd6a1aa1778:192.168.5.165:40163], old=null at 0
2019-09-20 05:45:21,471 [Thread-198] INFO  impl.FollowerState (FollowerState.java:run(106)) - 363c26c2-b9cf-46d0-ab40-1759ff1bcc8b:group-FB94768A48D1 changes to CANDIDATE, lastRpcTime:5199, electionTimeout:5198ms
2019-09-20 05:45:21,472 [Thread-198] INFO  impl.RoleInfo (RoleInfo.java:shutdownFollowerState(121)) - 363c26c2-b9cf-46d0-ab40-1759ff1bcc8b: shutdown FollowerState
2019-09-20 05:45:21,473 [Thread-198] INFO  impl.RaftServerImpl (RaftServerImpl.java:setRole(174)) - 363c26c2-b9cf-46d0-ab40-1759ff1bcc8b@group-FB94768A48D1: changes role from  FOLLOWER to CANDIDATE at term 0 for changeToCandidate
2019-09-20 05:45:21,473 [Thread-198] INFO  impl.RoleInfo (RoleInfo.java:updateAndGet(143)) - 363c26c2-b9cf-46d0-ab40-1759ff1bcc8b: start LeaderElection
2019-09-20 05:45:21,499 [363c26c2-b9cf-46d0-ab40-1759ff1bcc8b@group-FB94768A48D1:LeaderElection3] INFO  impl.LeaderElection (LeaderElection.java:askForVotes(182)) - 363c26c2-b9cf-46d0-ab40-1759ff1bcc8b@group-FB94768A48D1:LeaderElection3: begin an election at term 1 for -1: [363c26c2-b9cf-46d0-ab40-1759ff1bcc8b:192.168.5.165:37804], old=null
2019-09-20 05:45:21,500 [363c26c2-b9cf-46d0-ab40-1759ff1bcc8b@group-FB94768A48D1:LeaderElection3] INFO  impl.RoleInfo (RoleInfo.java:shutdownLeaderElection(134)) - 363c26c2-b9cf-46d0-ab40-1759ff1bcc8b: shutdown LeaderElection
2019-09-20 05:45:21,500 [363c26c2-b9cf-46d0-ab40-1759ff1bcc8b@group-FB94768A48D1:LeaderElection3] INFO  impl.RaftServerImpl (RaftServerImpl.java:setRole(174)) - 363c26c2-b9cf-46d0-ab40-1759ff1bcc8b@group-FB94768A48D1: changes role from CANDIDATE to LEADER at term 1 for changeToLeader
2019-09-20 05:45:21,500 [363c26c2-b9cf-46d0-ab40-1759ff1bcc8b@group-FB94768A48D1:LeaderElection3] INFO  impl.RaftServerImpl (ServerState.java:setLeader(253)) - 363c26c2-b9cf-46d0-ab40-1759ff1bcc8b@group-FB94768A48D1: change Leader from null to 363c26c2-b9cf-46d0-ab40-1759ff1bcc8b at term 1 for becomeLeader, leader elected after 5241ms
2019-09-20 05:45:21,500 [363c26c2-b9cf-46d0-ab40-1759ff1bcc8b@group-FB94768A48D1:LeaderElection3] INFO  server.RaftServerConfigKeys (ConfUtils.java:logGet(43)) - raft.server.staging.catchup.gap = 1000 (default)
2019-09-20 05:45:21,500 [363c26c2-b9cf-46d0-ab40-1759ff1bcc8b@group-FB94768A48D1:LeaderElection3] INFO  server.RaftServerConfigKeys (ConfUtils.java:logGet(43)) - raft.server.rpc.sleep.time = 25ms (default)
2019-09-20 05:45:21,500 [363c26c2-b9cf-46d0-ab40-1759ff1bcc8b@group-FB94768A48D1:LeaderElection3] INFO  server.RaftServerConfigKeys (ConfUtils.java:logGet(43)) - raft.server.write.element-limit = 4096 (default)
2019-09-20 05:45:21,501 [363c26c2-b9cf-46d0-ab40-1759ff1bcc8b@group-FB94768A48D1:LeaderElection3] INFO  server.RaftServerConfigKeys (ConfUtils.java:logGet(43)) - raft.server.watch.timeout = 10s (default)
2019-09-20 05:45:21,501 [363c26c2-b9cf-46d0-ab40-1759ff1bcc8b@group-FB94768A48D1:LeaderElection3] INFO  server.RaftServerConfigKeys (ConfUtils.java:logGet(43)) - raft.server.watch.timeout.denomination = 1s (default)
2019-09-20 05:45:21,501 [363c26c2-b9cf-46d0-ab40-1759ff1bcc8b@group-FB94768A48D1:LeaderElection3] INFO  server.RaftServerConfigKeys (ConfUtils.java:logGet(43)) - raft.server.watch.element-limit = 65536 (default)
2019-09-20 05:45:21,504 [363c26c2-b9cf-46d0-ab40-1759ff1bcc8b@group-FB94768A48D1:LeaderElection3] INFO  impl.RoleInfo (RoleInfo.java:updateAndGet(143)) - 363c26c2-b9cf-46d0-ab40-1759ff1bcc8b: start LeaderState
2019-09-20 05:45:21,505 [363c26c2-b9cf-46d0-ab40-1759ff1bcc8b@group-FB94768A48D1:LeaderElection3] INFO  segmented.SegmentedRaftLogWorker (SegmentedRaftLogWorker.java:startLogSegment(380)) - 363c26c2-b9cf-46d0-ab40-1759ff1bcc8b@group-FB94768A48D1-SegmentedRaftLogWorker: Starting segment from index:0
2019-09-20 05:45:21,505 [363c26c2-b9cf-46d0-ab40-1759ff1bcc8b@group-FB94768A48D1:LeaderElection3] INFO  impl.RaftServerImpl (ServerState.java:setRaftConf(354)) - 363c26c2-b9cf-46d0-ab40-1759ff1bcc8b@group-FB94768A48D1: set configuration 0: [363c26c2-b9cf-46d0-ab40-1759ff1bcc8b:192.168.5.165:37804], old=null at 0
2019-09-20 05:45:21,584 [Thread-204] INFO  impl.FollowerState (FollowerState.java:run(106)) - ff5e190b-88ca-4969-9180-387aa5482839:group-9A079AA8243A changes to CANDIDATE, lastRpcTime:5088, electionTimeout:5088ms
2019-09-20 05:45:21,584 [Thread-204] INFO  impl.RoleInfo (RoleInfo.java:shutdownFollowerState(121)) - ff5e190b-88ca-4969-9180-387aa5482839: shutdown FollowerState
2019-09-20 05:45:21,585 [Thread-204] INFO  impl.RaftServerImpl (RaftServerImpl.java:setRole(174)) - ff5e190b-88ca-4969-9180-387aa5482839@group-9A079AA8243A: changes role from  FOLLOWER to CANDIDATE at term 0 for changeToCandidate
2019-09-20 05:45:21,585 [Thread-204] INFO  impl.RoleInfo (RoleInfo.java:updateAndGet(143)) - ff5e190b-88ca-4969-9180-387aa5482839: start LeaderElection
2019-09-20 05:45:21,593 [363c26c2-b9cf-46d0-ab40-1759ff1bcc8b@group-FB94768A48D1-SegmentedRaftLogWorker] INFO  segmented.SegmentedRaftLogWorker (SegmentedRaftLogWorker.java:execute(569)) - 363c26c2-b9cf-46d0-ab40-1759ff1bcc8b@group-FB94768A48D1-SegmentedRaftLogWorker: created new log segment /workdir/hadoop-ozone/integration-test/target/test-dir/MiniOzoneClusterImpl-d26a8b4c-5592-4583-acf9-669019d991bc/datanode-2/data/ratis/a0b5cc1b-c12d-41d7-b4fa-fb94768a48d1/current/log_inprogress_0
2019-09-20 05:45:21,593 [bc618eef-faaa-49fe-8402-4bd6a1aa1778@group-239643EA3DAE-SegmentedRaftLogWorker] INFO  segmented.SegmentedRaftLogWorker (SegmentedRaftLogWorker.java:execute(569)) - bc618eef-faaa-49fe-8402-4bd6a1aa1778@group-239643EA3DAE-SegmentedRaftLogWorker: created new log segment /workdir/hadoop-ozone/integration-test/target/test-dir/MiniOzoneClusterImpl-d26a8b4c-5592-4583-acf9-669019d991bc/datanode-3/data/ratis/8c904d6e-bf12-4d4f-aaf8-239643ea3dae/current/log_inprogress_0
2019-09-20 05:45:21,593 [6b914d88-ba4f-4141-b8f5-cbc1f56b6b78@group-C45410FE4965-SegmentedRaftLogWorker] INFO  segmented.SegmentedRaftLogWorker (SegmentedRaftLogWorker.java:execute(569)) - 6b914d88-ba4f-4141-b8f5-cbc1f56b6b78@group-C45410FE4965-SegmentedRaftLogWorker: created new log segment /workdir/hadoop-ozone/integration-test/target/test-dir/MiniOzoneClusterImpl-d26a8b4c-5592-4583-acf9-669019d991bc/datanode-0/data/ratis/defebef5-8719-4b42-b443-c45410fe4965/current/log_inprogress_0
2019-09-20 05:45:21,609 [ff5e190b-88ca-4969-9180-387aa5482839@group-9A079AA8243A:LeaderElection4] INFO  impl.LeaderElection (LeaderElection.java:askForVotes(182)) - ff5e190b-88ca-4969-9180-387aa5482839@group-9A079AA8243A:LeaderElection4: begin an election at term 1 for -1: [ff5e190b-88ca-4969-9180-387aa5482839:192.168.5.165:42020], old=null
2019-09-20 05:45:21,610 [ff5e190b-88ca-4969-9180-387aa5482839@group-9A079AA8243A:LeaderElection4] INFO  impl.RoleInfo (RoleInfo.java:shutdownLeaderElection(134)) - ff5e190b-88ca-4969-9180-387aa5482839: shutdown LeaderElection
2019-09-20 05:45:21,610 [ff5e190b-88ca-4969-9180-387aa5482839@group-9A079AA8243A:LeaderElection4] INFO  impl.RaftServerImpl (RaftServerImpl.java:setRole(174)) - ff5e190b-88ca-4969-9180-387aa5482839@group-9A079AA8243A: changes role from CANDIDATE to LEADER at term 1 for changeToLeader
2019-09-20 05:45:21,610 [ff5e190b-88ca-4969-9180-387aa5482839@group-9A079AA8243A:LeaderElection4] INFO  impl.RaftServerImpl (ServerState.java:setLeader(253)) - ff5e190b-88ca-4969-9180-387aa5482839@group-9A079AA8243A: change Leader from null to ff5e190b-88ca-4969-9180-387aa5482839 at term 1 for becomeLeader, leader elected after 5125ms
2019-09-20 05:45:21,612 [ff5e190b-88ca-4969-9180-387aa5482839@group-9A079AA8243A:LeaderElection4] INFO  server.RaftServerConfigKeys (ConfUtils.java:logGet(43)) - raft.server.staging.catchup.gap = 1000 (default)
2019-09-20 05:45:21,612 [ff5e190b-88ca-4969-9180-387aa5482839@group-9A079AA8243A:LeaderElection4] INFO  server.RaftServerConfigKeys (ConfUtils.java:logGet(43)) - raft.server.rpc.sleep.time = 25ms (default)
2019-09-20 05:45:21,612 [ff5e190b-88ca-4969-9180-387aa5482839@group-9A079AA8243A:LeaderElection4] INFO  server.RaftServerConfigKeys (ConfUtils.java:logGet(43)) - raft.server.write.element-limit = 4096 (default)
2019-09-20 05:45:21,612 [ff5e190b-88ca-4969-9180-387aa5482839@group-9A079AA8243A:LeaderElection4] INFO  server.RaftServerConfigKeys (ConfUtils.java:logGet(43)) - raft.server.watch.timeout = 10s (default)
2019-09-20 05:45:21,612 [ff5e190b-88ca-4969-9180-387aa5482839@group-9A079AA8243A:LeaderElection4] INFO  server.RaftServerConfigKeys (ConfUtils.java:logGet(43)) - raft.server.watch.timeout.denomination = 1s (default)
2019-09-20 05:45:21,612 [ff5e190b-88ca-4969-9180-387aa5482839@group-9A079AA8243A:LeaderElection4] INFO  server.RaftServerConfigKeys (ConfUtils.java:logGet(43)) - raft.server.watch.element-limit = 65536 (default)
2019-09-20 05:45:21,614 [ff5e190b-88ca-4969-9180-387aa5482839@group-9A079AA8243A:LeaderElection4] INFO  impl.RoleInfo (RoleInfo.java:updateAndGet(143)) - ff5e190b-88ca-4969-9180-387aa5482839: start LeaderState
2019-09-20 05:45:21,614 [ff5e190b-88ca-4969-9180-387aa5482839@group-9A079AA8243A:LeaderElection4] INFO  segmented.SegmentedRaftLogWorker (SegmentedRaftLogWorker.java:startLogSegment(380)) - ff5e190b-88ca-4969-9180-387aa5482839@group-9A079AA8243A-SegmentedRaftLogWorker: Starting segment from index:0
2019-09-20 05:45:21,615 [ff5e190b-88ca-4969-9180-387aa5482839@group-9A079AA8243A:LeaderElection4] INFO  impl.RaftServerImpl (ServerState.java:setRaftConf(354)) - ff5e190b-88ca-4969-9180-387aa5482839@group-9A079AA8243A: set configuration 0: [ff5e190b-88ca-4969-9180-387aa5482839:192.168.5.165:42020], old=null at 0
2019-09-20 05:45:21,645 [Thread-212] INFO  impl.FollowerState (FollowerState.java:run(106)) - 363c26c2-b9cf-46d0-ab40-1759ff1bcc8b:group-48FA397BAAA9 changes to CANDIDATE, lastRpcTime:5034, electionTimeout:5016ms
2019-09-20 05:45:21,646 [Thread-212] INFO  impl.RoleInfo (RoleInfo.java:shutdownFollowerState(121)) - 363c26c2-b9cf-46d0-ab40-1759ff1bcc8b: shutdown FollowerState
2019-09-20 05:45:21,646 [Thread-212] INFO  impl.RaftServerImpl (RaftServerImpl.java:setRole(174)) - 363c26c2-b9cf-46d0-ab40-1759ff1bcc8b@group-48FA397BAAA9: changes role from  FOLLOWER to CANDIDATE at term 0 for changeToCandidate
2019-09-20 05:45:21,646 [Thread-212] INFO  impl.RoleInfo (RoleInfo.java:updateAndGet(143)) - 363c26c2-b9cf-46d0-ab40-1759ff1bcc8b: start LeaderElection
2019-09-20 05:45:21,664 [ff5e190b-88ca-4969-9180-387aa5482839@group-9A079AA8243A-SegmentedRaftLogWorker] INFO  segmented.SegmentedRaftLogWorker (SegmentedRaftLogWorker.java:execute(569)) - ff5e190b-88ca-4969-9180-387aa5482839@group-9A079AA8243A-SegmentedRaftLogWorker: created new log segment /workdir/hadoop-ozone/integration-test/target/test-dir/MiniOzoneClusterImpl-d26a8b4c-5592-4583-acf9-669019d991bc/datanode-1/data/ratis/9fb7a4d8-b37e-4829-bcd6-9a079aa8243a/current/log_inprogress_0
2019-09-20 05:45:21,664 [363c26c2-b9cf-46d0-ab40-1759ff1bcc8b@group-48FA397BAAA9:LeaderElection5] INFO  impl.LeaderElection (LeaderElection.java:askForVotes(182)) - 363c26c2-b9cf-46d0-ab40-1759ff1bcc8b@group-48FA397BAAA9:LeaderElection5: begin an election at term 1 for -1: [bc618eef-faaa-49fe-8402-4bd6a1aa1778:192.168.5.165:40163, 363c26c2-b9cf-46d0-ab40-1759ff1bcc8b:192.168.5.165:37804, 6b914d88-ba4f-4141-b8f5-cbc1f56b6b78:192.168.5.165:36904], old=null
2019-09-20 05:45:21,678 [Thread-214] INFO  impl.FollowerState (FollowerState.java:run(106)) - bc618eef-faaa-49fe-8402-4bd6a1aa1778:group-48FA397BAAA9 changes to CANDIDATE, lastRpcTime:5066, electionTimeout:5065ms
2019-09-20 05:45:21,678 [Thread-214] INFO  impl.RoleInfo (RoleInfo.java:shutdownFollowerState(121)) - bc618eef-faaa-49fe-8402-4bd6a1aa1778: shutdown FollowerState
2019-09-20 05:45:21,678 [Thread-214] INFO  impl.RaftServerImpl (RaftServerImpl.java:setRole(174)) - bc618eef-faaa-49fe-8402-4bd6a1aa1778@group-48FA397BAAA9: changes role from  FOLLOWER to CANDIDATE at term 0 for changeToCandidate
2019-09-20 05:45:21,679 [Thread-214] INFO  impl.RoleInfo (RoleInfo.java:updateAndGet(143)) - bc618eef-faaa-49fe-8402-4bd6a1aa1778: start LeaderElection
2019-09-20 05:45:21,686 [grpc-default-executor-1] INFO  impl.RaftServerImpl (RaftServerImpl.java:setRole(174)) - 6b914d88-ba4f-4141-b8f5-cbc1f56b6b78@group-48FA397BAAA9: changes role from  FOLLOWER to FOLLOWER at term 1 for recognizeCandidate:363c26c2-b9cf-46d0-ab40-1759ff1bcc8b
2019-09-20 05:45:21,686 [grpc-default-executor-1] INFO  impl.RoleInfo (RoleInfo.java:shutdownFollowerState(121)) - 6b914d88-ba4f-4141-b8f5-cbc1f56b6b78: shutdown FollowerState
2019-09-20 05:45:21,687 [grpc-default-executor-1] INFO  impl.RoleInfo (RoleInfo.java:updateAndGet(143)) - 6b914d88-ba4f-4141-b8f5-cbc1f56b6b78: start FollowerState
2019-09-20 05:45:21,687 [Thread-208] INFO  impl.FollowerState (FollowerState.java:run(115)) - 6b914d88-ba4f-4141-b8f5-cbc1f56b6b78: FollowerState was interrupted: java.lang.InterruptedException: sleep interrupted
2019-09-20 05:45:21,703 [bc618eef-faaa-49fe-8402-4bd6a1aa1778@group-48FA397BAAA9:LeaderElection6] INFO  impl.LeaderElection (LeaderElection.java:askForVotes(182)) - bc618eef-faaa-49fe-8402-4bd6a1aa1778@group-48FA397BAAA9:LeaderElection6: begin an election at term 1 for -1: [bc618eef-faaa-49fe-8402-4bd6a1aa1778:192.168.5.165:40163, 363c26c2-b9cf-46d0-ab40-1759ff1bcc8b:192.168.5.165:37804, 6b914d88-ba4f-4141-b8f5-cbc1f56b6b78:192.168.5.165:36904], old=null
2019-09-20 05:45:21,717 [363c26c2-b9cf-46d0-ab40-1759ff1bcc8b@group-48FA397BAAA9:LeaderElection5] INFO  impl.LeaderElection (LeaderElection.java:logAndReturn(56)) - 363c26c2-b9cf-46d0-ab40-1759ff1bcc8b@group-48FA397BAAA9:LeaderElection5: Election PASSED; received 1 response(s) [363c26c2-b9cf-46d0-ab40-1759ff1bcc8b<-6b914d88-ba4f-4141-b8f5-cbc1f56b6b78#0:OK-t1] and 0 exception(s); 363c26c2-b9cf-46d0-ab40-1759ff1bcc8b@group-48FA397BAAA9:t1, leader=null, voted=363c26c2-b9cf-46d0-ab40-1759ff1bcc8b, raftlog=363c26c2-b9cf-46d0-ab40-1759ff1bcc8b@group-48FA397BAAA9-SegmentedRaftLog:OPENED:c-1,f-1,i0, conf=-1: [bc618eef-faaa-49fe-8402-4bd6a1aa1778:192.168.5.165:40163, 363c26c2-b9cf-46d0-ab40-1759ff1bcc8b:192.168.5.165:37804, 6b914d88-ba4f-4141-b8f5-cbc1f56b6b78:192.168.5.165:36904], old=null
2019-09-20 05:45:21,717 [363c26c2-b9cf-46d0-ab40-1759ff1bcc8b@group-48FA397BAAA9:LeaderElection5] INFO  impl.RoleInfo (RoleInfo.java:shutdownLeaderElection(134)) - 363c26c2-b9cf-46d0-ab40-1759ff1bcc8b: shutdown LeaderElection
2019-09-20 05:45:21,717 [363c26c2-b9cf-46d0-ab40-1759ff1bcc8b@group-48FA397BAAA9:LeaderElection5] INFO  impl.RaftServerImpl (RaftServerImpl.java:setRole(174)) - 363c26c2-b9cf-46d0-ab40-1759ff1bcc8b@group-48FA397BAAA9: changes role from CANDIDATE to LEADER at term 1 for changeToLeader
2019-09-20 05:45:21,717 [363c26c2-b9cf-46d0-ab40-1759ff1bcc8b@group-48FA397BAAA9:LeaderElection5] INFO  impl.RaftServerImpl (ServerState.java:setLeader(253)) - 363c26c2-b9cf-46d0-ab40-1759ff1bcc8b@group-48FA397BAAA9: change Leader from null to 363c26c2-b9cf-46d0-ab40-1759ff1bcc8b at term 1 for becomeLeader, leader elected after 5128ms
2019-09-20 05:45:21,719 [363c26c2-b9cf-46d0-ab40-1759ff1bcc8b@group-48FA397BAAA9:LeaderElection5] INFO  server.RaftServerConfigKeys (ConfUtils.java:logGet(43)) - raft.server.staging.catchup.gap = 1000 (default)
2019-09-20 05:45:21,719 [363c26c2-b9cf-46d0-ab40-1759ff1bcc8b@group-48FA397BAAA9:LeaderElection5] INFO  server.RaftServerConfigKeys (ConfUtils.java:logGet(43)) - raft.server.rpc.sleep.time = 25ms (default)
2019-09-20 05:45:21,719 [363c26c2-b9cf-46d0-ab40-1759ff1bcc8b@group-48FA397BAAA9:LeaderElection5] INFO  server.RaftServerConfigKeys (ConfUtils.java:logGet(43)) - raft.server.write.element-limit = 4096 (default)
2019-09-20 05:45:21,719 [363c26c2-b9cf-46d0-ab40-1759ff1bcc8b@group-48FA397BAAA9:LeaderElection5] INFO  server.RaftServerConfigKeys (ConfUtils.java:logGet(43)) - raft.server.watch.timeout = 10s (default)
2019-09-20 05:45:21,719 [363c26c2-b9cf-46d0-ab40-1759ff1bcc8b@group-48FA397BAAA9:LeaderElection5] INFO  server.RaftServerConfigKeys (ConfUtils.java:logGet(43)) - raft.server.watch.timeout.denomination = 1s (default)
2019-09-20 05:45:21,719 [363c26c2-b9cf-46d0-ab40-1759ff1bcc8b@group-48FA397BAAA9:LeaderElection5] INFO  server.RaftServerConfigKeys (ConfUtils.java:logGet(43)) - raft.server.watch.element-limit = 65536 (default)
2019-09-20 05:45:21,727 [363c26c2-b9cf-46d0-ab40-1759ff1bcc8b@group-48FA397BAAA9:LeaderElection5] INFO  server.RaftServerConfigKeys (ConfUtils.java:logGet(43)) - raft.server.log.appender.snapshot.chunk.size.max = 16MB (=16777216) (default)
2019-09-20 05:45:21,728 [363c26c2-b9cf-46d0-ab40-1759ff1bcc8b@group-48FA397BAAA9:LeaderElection5] INFO  server.RaftServerConfigKeys (ConfUtils.java:logGet(43)) - raft.server.log.appender.buffer.byte-limit = 33554432 (custom)
2019-09-20 05:45:21,728 [363c26c2-b9cf-46d0-ab40-1759ff1bcc8b@group-48FA397BAAA9:LeaderElection5] INFO  server.RaftServerConfigKeys (ConfUtils.java:logGet(43)) - raft.server.log.appender.buffer.element-limit = 1 (custom)
2019-09-20 05:45:21,732 [363c26c2-b9cf-46d0-ab40-1759ff1bcc8b@group-48FA397BAAA9:LeaderElection5] INFO  grpc.GrpcConfigKeys$Server (ConfUtils.java:logGet(43)) - raft.grpc.server.leader.outstanding.appends.max = 128 (default)
2019-09-20 05:45:21,733 [363c26c2-b9cf-46d0-ab40-1759ff1bcc8b@group-48FA397BAAA9:LeaderElection5] INFO  server.RaftServerConfigKeys (ConfUtils.java:logGet(43)) - raft.server.rpc.request.timeout = 3000ms (default)
2019-09-20 05:45:21,733 [363c26c2-b9cf-46d0-ab40-1759ff1bcc8b@group-48FA397BAAA9:LeaderElection5] INFO  server.RaftServerConfigKeys (ConfUtils.java:logGet(43)) - raft.server.log.appender.install.snapshot.enabled = false (custom)
2019-09-20 05:45:21,734 [363c26c2-b9cf-46d0-ab40-1759ff1bcc8b@group-48FA397BAAA9:LeaderElection5] INFO  server.RaftServerConfigKeys (ConfUtils.java:logGet(43)) - raft.server.log.appender.snapshot.chunk.size.max = 16MB (=16777216) (default)
2019-09-20 05:45:21,734 [363c26c2-b9cf-46d0-ab40-1759ff1bcc8b@group-48FA397BAAA9:LeaderElection5] INFO  server.RaftServerConfigKeys (ConfUtils.java:logGet(43)) - raft.server.log.appender.buffer.byte-limit = 33554432 (custom)
2019-09-20 05:45:21,734 [363c26c2-b9cf-46d0-ab40-1759ff1bcc8b@group-48FA397BAAA9:LeaderElection5] INFO  server.RaftServerConfigKeys (ConfUtils.java:logGet(43)) - raft.server.log.appender.buffer.element-limit = 1 (custom)
2019-09-20 05:45:21,734 [363c26c2-b9cf-46d0-ab40-1759ff1bcc8b@group-48FA397BAAA9:LeaderElection5] INFO  grpc.GrpcConfigKeys$Server (ConfUtils.java:logGet(43)) - raft.grpc.server.leader.outstanding.appends.max = 128 (default)
2019-09-20 05:45:21,734 [363c26c2-b9cf-46d0-ab40-1759ff1bcc8b@group-48FA397BAAA9:LeaderElection5] INFO  server.RaftServerConfigKeys (ConfUtils.java:logGet(43)) - raft.server.rpc.request.timeout = 3000ms (default)
2019-09-20 05:45:21,735 [363c26c2-b9cf-46d0-ab40-1759ff1bcc8b@group-48FA397BAAA9:LeaderElection5] INFO  server.RaftServerConfigKeys (ConfUtils.java:logGet(43)) - raft.server.log.appender.install.snapshot.enabled = false (custom)
2019-09-20 05:45:21,736 [363c26c2-b9cf-46d0-ab40-1759ff1bcc8b@group-48FA397BAAA9:LeaderElection5] INFO  impl.RoleInfo (RoleInfo.java:updateAndGet(143)) - 363c26c2-b9cf-46d0-ab40-1759ff1bcc8b: start LeaderState
2019-09-20 05:45:21,740 [363c26c2-b9cf-46d0-ab40-1759ff1bcc8b@group-48FA397BAAA9:LeaderElection5] INFO  segmented.SegmentedRaftLogWorker (SegmentedRaftLogWorker.java:startLogSegment(380)) - 363c26c2-b9cf-46d0-ab40-1759ff1bcc8b@group-48FA397BAAA9-SegmentedRaftLogWorker: Starting segment from index:0
2019-09-20 05:45:21,740 [363c26c2-b9cf-46d0-ab40-1759ff1bcc8b@group-48FA397BAAA9:LeaderElection5] INFO  impl.RaftServerImpl (ServerState.java:setRaftConf(354)) - 363c26c2-b9cf-46d0-ab40-1759ff1bcc8b@group-48FA397BAAA9: set configuration 0: [bc618eef-faaa-49fe-8402-4bd6a1aa1778:192.168.5.165:40163, 363c26c2-b9cf-46d0-ab40-1759ff1bcc8b:192.168.5.165:37804, 6b914d88-ba4f-4141-b8f5-cbc1f56b6b78:192.168.5.165:36904], old=null at 0
2019-09-20 05:45:21,741 [grpc-default-executor-2] INFO  client.GrpcClientProtocolClient (GrpcClientProtocolClient.java:onNext(264)) - client-B347A19F98D4->363c26c2-b9cf-46d0-ab40-1759ff1bcc8b: receive RaftClientReply:client-B347A19F98D4->363c26c2-b9cf-46d0-ab40-1759ff1bcc8b@group-48FA397BAAA9, cid=8, FAILED org.apache.ratis.protocol.LeaderNotReadyException: 363c26c2-b9cf-46d0-ab40-1759ff1bcc8b@group-48FA397BAAA9 is in LEADER state but not ready yet., logIndex=0, commits[363c26c2-b9cf-46d0-ab40-1759ff1bcc8b:c-1]
2019-09-20 05:45:21,766 [grpc-default-executor-0] INFO  impl.RaftServerImpl (RaftServerImpl.java:requestVote(758)) - 363c26c2-b9cf-46d0-ab40-1759ff1bcc8b@group-48FA397BAAA9-   LEADER: Withhold vote from candidate bc618eef-faaa-49fe-8402-4bd6a1aa1778 with term 1. State: leader=363c26c2-b9cf-46d0-ab40-1759ff1bcc8b, term=1, lastRpcElapsed=null
2019-09-20 05:45:21,771 [bc618eef-faaa-49fe-8402-4bd6a1aa1778@group-48FA397BAAA9:LeaderElection6] INFO  impl.LeaderElection (LeaderElection.java:logAndReturn(56)) - bc618eef-faaa-49fe-8402-4bd6a1aa1778@group-48FA397BAAA9:LeaderElection6: Election REJECTED; received 2 response(s) [bc618eef-faaa-49fe-8402-4bd6a1aa1778<-363c26c2-b9cf-46d0-ab40-1759ff1bcc8b#0:FAIL-t1, bc618eef-faaa-49fe-8402-4bd6a1aa1778<-6b914d88-ba4f-4141-b8f5-cbc1f56b6b78#0:FAIL-t1] and 0 exception(s); bc618eef-faaa-49fe-8402-4bd6a1aa1778@group-48FA397BAAA9:t1, leader=null, voted=bc618eef-faaa-49fe-8402-4bd6a1aa1778, raftlog=bc618eef-faaa-49fe-8402-4bd6a1aa1778@group-48FA397BAAA9-SegmentedRaftLog:OPENED:c-1,f-1,i0, conf=-1: [bc618eef-faaa-49fe-8402-4bd6a1aa1778:192.168.5.165:40163, 363c26c2-b9cf-46d0-ab40-1759ff1bcc8b:192.168.5.165:37804, 6b914d88-ba4f-4141-b8f5-cbc1f56b6b78:192.168.5.165:36904], old=null
2019-09-20 05:45:21,772 [bc618eef-faaa-49fe-8402-4bd6a1aa1778@group-48FA397BAAA9:LeaderElection6] INFO  impl.RaftServerImpl (RaftServerImpl.java:setRole(174)) - bc618eef-faaa-49fe-8402-4bd6a1aa1778@group-48FA397BAAA9: changes role from CANDIDATE to FOLLOWER at term 1 for DISCOVERED_A_NEW_TERM
2019-09-20 05:45:21,772 [bc618eef-faaa-49fe-8402-4bd6a1aa1778@group-48FA397BAAA9:LeaderElection6] INFO  impl.RoleInfo (RoleInfo.java:shutdownLeaderElection(134)) - bc618eef-faaa-49fe-8402-4bd6a1aa1778: shutdown LeaderElection
2019-09-20 05:45:21,776 [bc618eef-faaa-49fe-8402-4bd6a1aa1778@group-48FA397BAAA9:LeaderElection6] INFO  impl.RoleInfo (RoleInfo.java:updateAndGet(143)) - bc618eef-faaa-49fe-8402-4bd6a1aa1778: start FollowerState
2019-09-20 05:45:21,789 [grpc-default-executor-0] INFO  impl.RaftServerImpl (ServerState.java:setLeader(253)) - 6b914d88-ba4f-4141-b8f5-cbc1f56b6b78@group-48FA397BAAA9: change Leader from null to 363c26c2-b9cf-46d0-ab40-1759ff1bcc8b at term 1 for appendEntries, leader elected after 5202ms
2019-09-20 05:45:21,789 [grpc-default-executor-2] INFO  impl.RaftServerImpl (ServerState.java:setLeader(253)) - bc618eef-faaa-49fe-8402-4bd6a1aa1778@group-48FA397BAAA9: change Leader from null to 363c26c2-b9cf-46d0-ab40-1759ff1bcc8b at term 1 for appendEntries, leader elected after 5202ms
2019-09-20 05:45:21,793 [363c26c2-b9cf-46d0-ab40-1759ff1bcc8b@group-48FA397BAAA9-SegmentedRaftLogWorker] INFO  segmented.SegmentedRaftLogWorker (SegmentedRaftLogWorker.java:execute(569)) - 363c26c2-b9cf-46d0-ab40-1759ff1bcc8b@group-48FA397BAAA9-SegmentedRaftLogWorker: created new log segment /workdir/hadoop-ozone/integration-test/target/test-dir/MiniOzoneClusterImpl-d26a8b4c-5592-4583-acf9-669019d991bc/datanode-2/data/ratis/19c539b3-0c27-43bb-bb99-48fa397baaa9/current/log_inprogress_0
2019-09-20 05:45:21,814 [grpc-default-executor-0] INFO  impl.RaftServerImpl (ServerState.java:setRaftConf(354)) - bc618eef-faaa-49fe-8402-4bd6a1aa1778@group-48FA397BAAA9: set configuration 0: [bc618eef-faaa-49fe-8402-4bd6a1aa1778:192.168.5.165:40163, 363c26c2-b9cf-46d0-ab40-1759ff1bcc8b:192.168.5.165:37804, 6b914d88-ba4f-4141-b8f5-cbc1f56b6b78:192.168.5.165:36904], old=null at 0
2019-09-20 05:45:21,814 [grpc-default-executor-2] INFO  impl.RaftServerImpl (ServerState.java:setRaftConf(354)) - 6b914d88-ba4f-4141-b8f5-cbc1f56b6b78@group-48FA397BAAA9: set configuration 0: [bc618eef-faaa-49fe-8402-4bd6a1aa1778:192.168.5.165:40163, 363c26c2-b9cf-46d0-ab40-1759ff1bcc8b:192.168.5.165:37804, 6b914d88-ba4f-4141-b8f5-cbc1f56b6b78:192.168.5.165:36904], old=null at 0
2019-09-20 05:45:21,814 [grpc-default-executor-0] INFO  segmented.SegmentedRaftLogWorker (SegmentedRaftLogWorker.java:startLogSegment(380)) - bc618eef-faaa-49fe-8402-4bd6a1aa1778@group-48FA397BAAA9-SegmentedRaftLogWorker: Starting segment from index:0
2019-09-20 05:45:21,814 [grpc-default-executor-2] INFO  segmented.SegmentedRaftLogWorker (SegmentedRaftLogWorker.java:startLogSegment(380)) - 6b914d88-ba4f-4141-b8f5-cbc1f56b6b78@group-48FA397BAAA9-SegmentedRaftLogWorker: Starting segment from index:0
2019-09-20 05:45:21,867 [bc618eef-faaa-49fe-8402-4bd6a1aa1778@group-48FA397BAAA9-SegmentedRaftLogWorker] INFO  segmented.SegmentedRaftLogWorker (SegmentedRaftLogWorker.java:execute(569)) - bc618eef-faaa-49fe-8402-4bd6a1aa1778@group-48FA397BAAA9-SegmentedRaftLogWorker: created new log segment /workdir/hadoop-ozone/integration-test/target/test-dir/MiniOzoneClusterImpl-d26a8b4c-5592-4583-acf9-669019d991bc/datanode-3/data/ratis/19c539b3-0c27-43bb-bb99-48fa397baaa9/current/log_inprogress_0
2019-09-20 05:45:21,867 [6b914d88-ba4f-4141-b8f5-cbc1f56b6b78@group-48FA397BAAA9-SegmentedRaftLogWorker] INFO  segmented.SegmentedRaftLogWorker (SegmentedRaftLogWorker.java:execute(569)) - 6b914d88-ba4f-4141-b8f5-cbc1f56b6b78@group-48FA397BAAA9-SegmentedRaftLogWorker: created new log segment /workdir/hadoop-ozone/integration-test/target/test-dir/MiniOzoneClusterImpl-d26a8b4c-5592-4583-acf9-669019d991bc/datanode-0/data/ratis/19c539b3-0c27-43bb-bb99-48fa397baaa9/current/log_inprogress_0
2019-09-20 05:45:22,558 [ReplicationMonitor] INFO  container.ReplicationManager (ReplicationManager.java:run(225)) - Replication Monitor Thread took 0 milliseconds for processing 1 containers.
2019-09-20 05:45:22,737 [Thread-226] INFO  impl.FollowerState (FollowerState.java:run(106)) - 6b914d88-ba4f-4141-b8f5-cbc1f56b6b78:group-A3A49A795139 changes to CANDIDATE, lastRpcTime:5118, electionTimeout:5118ms
2019-09-20 05:45:22,737 [Thread-226] INFO  impl.RoleInfo (RoleInfo.java:shutdownFollowerState(121)) - 6b914d88-ba4f-4141-b8f5-cbc1f56b6b78: shutdown FollowerState
2019-09-20 05:45:22,737 [Thread-226] INFO  impl.RaftServerImpl (RaftServerImpl.java:setRole(174)) - 6b914d88-ba4f-4141-b8f5-cbc1f56b6b78@group-A3A49A795139: changes role from  FOLLOWER to CANDIDATE at term 0 for changeToCandidate
2019-09-20 05:45:22,738 [Thread-226] INFO  impl.RoleInfo (RoleInfo.java:updateAndGet(143)) - 6b914d88-ba4f-4141-b8f5-cbc1f56b6b78: start LeaderElection
2019-09-20 05:45:22,762 [6b914d88-ba4f-4141-b8f5-cbc1f56b6b78@group-A3A49A795139:LeaderElection7] INFO  impl.LeaderElection (LeaderElection.java:askForVotes(182)) - 6b914d88-ba4f-4141-b8f5-cbc1f56b6b78@group-A3A49A795139:LeaderElection7: begin an election at term 1 for -1: [6b914d88-ba4f-4141-b8f5-cbc1f56b6b78:192.168.5.165:36904], old=null
2019-09-20 05:45:22,762 [6b914d88-ba4f-4141-b8f5-cbc1f56b6b78@group-A3A49A795139:LeaderElection7] INFO  impl.RoleInfo (RoleInfo.java:shutdownLeaderElection(134)) - 6b914d88-ba4f-4141-b8f5-cbc1f56b6b78: shutdown LeaderElection
2019-09-20 05:45:22,763 [6b914d88-ba4f-4141-b8f5-cbc1f56b6b78@group-A3A49A795139:LeaderElection7] INFO  impl.RaftServerImpl (RaftServerImpl.java:setRole(174)) - 6b914d88-ba4f-4141-b8f5-cbc1f56b6b78@group-A3A49A795139: changes role from CANDIDATE to LEADER at term 1 for changeToLeader
2019-09-20 05:45:22,763 [6b914d88-ba4f-4141-b8f5-cbc1f56b6b78@group-A3A49A795139:LeaderElection7] INFO  impl.RaftServerImpl (ServerState.java:setLeader(253)) - 6b914d88-ba4f-4141-b8f5-cbc1f56b6b78@group-A3A49A795139: change Leader from null to 6b914d88-ba4f-4141-b8f5-cbc1f56b6b78 at term 1 for becomeLeader, leader elected after 5150ms
2019-09-20 05:45:22,763 [6b914d88-ba4f-4141-b8f5-cbc1f56b6b78@group-A3A49A795139:LeaderElection7] INFO  server.RaftServerConfigKeys (ConfUtils.java:logGet(43)) - raft.server.staging.catchup.gap = 1000 (default)
2019-09-20 05:45:22,763 [6b914d88-ba4f-4141-b8f5-cbc1f56b6b78@group-A3A49A795139:LeaderElection7] INFO  server.RaftServerConfigKeys (ConfUtils.java:logGet(43)) - raft.server.rpc.sleep.time = 25ms (default)
2019-09-20 05:45:22,763 [6b914d88-ba4f-4141-b8f5-cbc1f56b6b78@group-A3A49A795139:LeaderElection7] INFO  server.RaftServerConfigKeys (ConfUtils.java:logGet(43)) - raft.server.write.element-limit = 4096 (default)
2019-09-20 05:45:22,763 [6b914d88-ba4f-4141-b8f5-cbc1f56b6b78@group-A3A49A795139:LeaderElection7] INFO  server.RaftServerConfigKeys (ConfUtils.java:logGet(43)) - raft.server.watch.timeout = 10s (default)
2019-09-20 05:45:22,764 [6b914d88-ba4f-4141-b8f5-cbc1f56b6b78@group-A3A49A795139:LeaderElection7] INFO  server.RaftServerConfigKeys (ConfUtils.java:logGet(43)) - raft.server.watch.timeout.denomination = 1s (default)
2019-09-20 05:45:22,764 [6b914d88-ba4f-4141-b8f5-cbc1f56b6b78@group-A3A49A795139:LeaderElection7] INFO  server.RaftServerConfigKeys (ConfUtils.java:logGet(43)) - raft.server.watch.element-limit = 65536 (default)
2019-09-20 05:45:22,767 [6b914d88-ba4f-4141-b8f5-cbc1f56b6b78@group-A3A49A795139:LeaderElection7] INFO  impl.RoleInfo (RoleInfo.java:updateAndGet(143)) - 6b914d88-ba4f-4141-b8f5-cbc1f56b6b78: start LeaderState
2019-09-20 05:45:22,767 [6b914d88-ba4f-4141-b8f5-cbc1f56b6b78@group-A3A49A795139:LeaderElection7] INFO  segmented.SegmentedRaftLogWorker (SegmentedRaftLogWorker.java:startLogSegment(380)) - 6b914d88-ba4f-4141-b8f5-cbc1f56b6b78@group-A3A49A795139-SegmentedRaftLogWorker: Starting segment from index:0
2019-09-20 05:45:22,768 [6b914d88-ba4f-4141-b8f5-cbc1f56b6b78@group-A3A49A795139:LeaderElection7] INFO  impl.RaftServerImpl (ServerState.java:setRaftConf(354)) - 6b914d88-ba4f-4141-b8f5-cbc1f56b6b78@group-A3A49A795139: set configuration 0: [6b914d88-ba4f-4141-b8f5-cbc1f56b6b78:192.168.5.165:36904], old=null at 0
2019-09-20 05:45:22,805 [Thread-230] INFO  impl.FollowerState (FollowerState.java:run(106)) - ff5e190b-88ca-4969-9180-387aa5482839:group-0807346A5AB6 changes to CANDIDATE, lastRpcTime:5118, electionTimeout:5086ms
2019-09-20 05:45:22,805 [Thread-230] INFO  impl.RoleInfo (RoleInfo.java:shutdownFollowerState(121)) - ff5e190b-88ca-4969-9180-387aa5482839: shutdown FollowerState
2019-09-20 05:45:22,805 [Thread-230] INFO  impl.RaftServerImpl (RaftServerImpl.java:setRole(174)) - ff5e190b-88ca-4969-9180-387aa5482839@group-0807346A5AB6: changes role from  FOLLOWER to CANDIDATE at term 0 for changeToCandidate
2019-09-20 05:45:22,806 [Thread-230] INFO  impl.RoleInfo (RoleInfo.java:updateAndGet(143)) - ff5e190b-88ca-4969-9180-387aa5482839: start LeaderElection
2019-09-20 05:45:22,806 [Thread-238] INFO  impl.FollowerState (FollowerState.java:run(106)) - bc618eef-faaa-49fe-8402-4bd6a1aa1778:group-0C30E6B48884 changes to CANDIDATE, lastRpcTime:5041, electionTimeout:5041ms
2019-09-20 05:45:22,810 [Thread-238] INFO  impl.RoleInfo (RoleInfo.java:shutdownFollowerState(121)) - bc618eef-faaa-49fe-8402-4bd6a1aa1778: shutdown FollowerState
2019-09-20 05:45:22,811 [Thread-238] INFO  impl.RaftServerImpl (RaftServerImpl.java:setRole(174)) - bc618eef-faaa-49fe-8402-4bd6a1aa1778@group-0C30E6B48884: changes role from  FOLLOWER to CANDIDATE at term 0 for changeToCandidate
2019-09-20 05:45:22,811 [Thread-238] INFO  impl.RoleInfo (RoleInfo.java:updateAndGet(143)) - bc618eef-faaa-49fe-8402-4bd6a1aa1778: start LeaderElection
2019-09-20 05:45:22,821 [6b914d88-ba4f-4141-b8f5-cbc1f56b6b78@group-A3A49A795139-SegmentedRaftLogWorker] INFO  segmented.SegmentedRaftLogWorker (SegmentedRaftLogWorker.java:execute(569)) - 6b914d88-ba4f-4141-b8f5-cbc1f56b6b78@group-A3A49A795139-SegmentedRaftLogWorker: created new log segment /workdir/hadoop-ozone/integration-test/target/test-dir/MiniOzoneClusterImpl-d26a8b4c-5592-4583-acf9-669019d991bc/datanode-0/data/ratis/c4ed223a-c5bf-4d21-82c2-a3a49a795139/current/log_inprogress_0
2019-09-20 05:45:22,838 [ff5e190b-88ca-4969-9180-387aa5482839@group-0807346A5AB6:LeaderElection8] INFO  impl.LeaderElection (LeaderElection.java:askForVotes(182)) - ff5e190b-88ca-4969-9180-387aa5482839@group-0807346A5AB6:LeaderElection8: begin an election at term 1 for -1: [ff5e190b-88ca-4969-9180-387aa5482839:192.168.5.165:42020], old=null
2019-09-20 05:45:22,838 [bc618eef-faaa-49fe-8402-4bd6a1aa1778@group-0C30E6B48884:LeaderElection9] INFO  impl.LeaderElection (LeaderElection.java:askForVotes(182)) - bc618eef-faaa-49fe-8402-4bd6a1aa1778@group-0C30E6B48884:LeaderElection9: begin an election at term 1 for -1: [bc618eef-faaa-49fe-8402-4bd6a1aa1778:192.168.5.165:40163, 363c26c2-b9cf-46d0-ab40-1759ff1bcc8b:192.168.5.165:37804, 6b914d88-ba4f-4141-b8f5-cbc1f56b6b78:192.168.5.165:36904], old=null
2019-09-20 05:45:22,838 [ff5e190b-88ca-4969-9180-387aa5482839@group-0807346A5AB6:LeaderElection8] INFO  impl.RoleInfo (RoleInfo.java:shutdownLeaderElection(134)) - ff5e190b-88ca-4969-9180-387aa5482839: shutdown LeaderElection
2019-09-20 05:45:22,839 [ff5e190b-88ca-4969-9180-387aa5482839@group-0807346A5AB6:LeaderElection8] INFO  impl.RaftServerImpl (RaftServerImpl.java:setRole(174)) - ff5e190b-88ca-4969-9180-387aa5482839@group-0807346A5AB6: changes role from CANDIDATE to LEADER at term 1 for changeToLeader
2019-09-20 05:45:22,839 [ff5e190b-88ca-4969-9180-387aa5482839@group-0807346A5AB6:LeaderElection8] INFO  impl.RaftServerImpl (ServerState.java:setLeader(253)) - ff5e190b-88ca-4969-9180-387aa5482839@group-0807346A5AB6: change Leader from null to ff5e190b-88ca-4969-9180-387aa5482839 at term 1 for becomeLeader, leader elected after 5159ms
2019-09-20 05:45:22,839 [ff5e190b-88ca-4969-9180-387aa5482839@group-0807346A5AB6:LeaderElection8] INFO  server.RaftServerConfigKeys (ConfUtils.java:logGet(43)) - raft.server.staging.catchup.gap = 1000 (default)
2019-09-20 05:45:22,839 [ff5e190b-88ca-4969-9180-387aa5482839@group-0807346A5AB6:LeaderElection8] INFO  server.RaftServerConfigKeys (ConfUtils.java:logGet(43)) - raft.server.rpc.sleep.time = 25ms (default)
2019-09-20 05:45:22,839 [ff5e190b-88ca-4969-9180-387aa5482839@group-0807346A5AB6:LeaderElection8] INFO  server.RaftServerConfigKeys (ConfUtils.java:logGet(43)) - raft.server.write.element-limit = 4096 (default)
2019-09-20 05:45:22,839 [ff5e190b-88ca-4969-9180-387aa5482839@group-0807346A5AB6:LeaderElection8] INFO  server.RaftServerConfigKeys (ConfUtils.java:logGet(43)) - raft.server.watch.timeout = 10s (default)
2019-09-20 05:45:22,840 [ff5e190b-88ca-4969-9180-387aa5482839@group-0807346A5AB6:LeaderElection8] INFO  server.RaftServerConfigKeys (ConfUtils.java:logGet(43)) - raft.server.watch.timeout.denomination = 1s (default)
2019-09-20 05:45:22,840 [ff5e190b-88ca-4969-9180-387aa5482839@group-0807346A5AB6:LeaderElection8] INFO  server.RaftServerConfigKeys (ConfUtils.java:logGet(43)) - raft.server.watch.element-limit = 65536 (default)
2019-09-20 05:45:22,850 [ff5e190b-88ca-4969-9180-387aa5482839@group-0807346A5AB6:LeaderElection8] INFO  impl.RoleInfo (RoleInfo.java:updateAndGet(143)) - ff5e190b-88ca-4969-9180-387aa5482839: start LeaderState
2019-09-20 05:45:22,851 [grpc-default-executor-0] INFO  impl.RaftServerImpl (RaftServerImpl.java:setRole(174)) - 6b914d88-ba4f-4141-b8f5-cbc1f56b6b78@group-0C30E6B48884: changes role from  FOLLOWER to FOLLOWER at term 1 for recognizeCandidate:bc618eef-faaa-49fe-8402-4bd6a1aa1778
2019-09-20 05:45:22,852 [grpc-default-executor-2] INFO  impl.RaftServerImpl (RaftServerImpl.java:setRole(174)) - 363c26c2-b9cf-46d0-ab40-1759ff1bcc8b@group-0C30E6B48884: changes role from  FOLLOWER to FOLLOWER at term 1 for recognizeCandidate:bc618eef-faaa-49fe-8402-4bd6a1aa1778
2019-09-20 05:45:22,852 [ff5e190b-88ca-4969-9180-387aa5482839@group-0807346A5AB6:LeaderElection8] INFO  segmented.SegmentedRaftLogWorker (SegmentedRaftLogWorker.java:startLogSegment(380)) - ff5e190b-88ca-4969-9180-387aa5482839@group-0807346A5AB6-SegmentedRaftLogWorker: Starting segment from index:0
2019-09-20 05:45:22,852 [grpc-default-executor-0] INFO  impl.RoleInfo (RoleInfo.java:shutdownFollowerState(121)) - 6b914d88-ba4f-4141-b8f5-cbc1f56b6b78: shutdown FollowerState
2019-09-20 05:45:22,852 [grpc-default-executor-2] INFO  impl.RoleInfo (RoleInfo.java:shutdownFollowerState(121)) - 363c26c2-b9cf-46d0-ab40-1759ff1bcc8b: shutdown FollowerState
2019-09-20 05:45:22,852 [grpc-default-executor-0] INFO  impl.RoleInfo (RoleInfo.java:updateAndGet(143)) - 6b914d88-ba4f-4141-b8f5-cbc1f56b6b78: start FollowerState
2019-09-20 05:45:22,852 [grpc-default-executor-2] INFO  impl.RoleInfo (RoleInfo.java:updateAndGet(143)) - 363c26c2-b9cf-46d0-ab40-1759ff1bcc8b: start FollowerState
2019-09-20 05:45:22,852 [Thread-237] INFO  impl.FollowerState (FollowerState.java:run(115)) - 363c26c2-b9cf-46d0-ab40-1759ff1bcc8b: FollowerState was interrupted: java.lang.InterruptedException: sleep interrupted
2019-09-20 05:45:22,852 [Thread-235] INFO  impl.FollowerState (FollowerState.java:run(115)) - 6b914d88-ba4f-4141-b8f5-cbc1f56b6b78: FollowerState was interrupted: java.lang.InterruptedException: sleep interrupted
2019-09-20 05:45:22,852 [ff5e190b-88ca-4969-9180-387aa5482839@group-0807346A5AB6:LeaderElection8] INFO  impl.RaftServerImpl (ServerState.java:setRaftConf(354)) - ff5e190b-88ca-4969-9180-387aa5482839@group-0807346A5AB6: set configuration 0: [ff5e190b-88ca-4969-9180-387aa5482839:192.168.5.165:42020], old=null at 0
2019-09-20 05:45:22,903 [ff5e190b-88ca-4969-9180-387aa5482839@group-0807346A5AB6-SegmentedRaftLogWorker] INFO  segmented.SegmentedRaftLogWorker (SegmentedRaftLogWorker.java:execute(569)) - ff5e190b-88ca-4969-9180-387aa5482839@group-0807346A5AB6-SegmentedRaftLogWorker: created new log segment /workdir/hadoop-ozone/integration-test/target/test-dir/MiniOzoneClusterImpl-d26a8b4c-5592-4583-acf9-669019d991bc/datanode-1/data/ratis/14d9fc21-b081-4385-acdb-0807346a5ab6/current/log_inprogress_0
2019-09-20 05:45:22,905 [bc618eef-faaa-49fe-8402-4bd6a1aa1778@group-0C30E6B48884:LeaderElection9] INFO  impl.LeaderElection (LeaderElection.java:logAndReturn(56)) - bc618eef-faaa-49fe-8402-4bd6a1aa1778@group-0C30E6B48884:LeaderElection9: Election PASSED; received 1 response(s) [bc618eef-faaa-49fe-8402-4bd6a1aa1778<-6b914d88-ba4f-4141-b8f5-cbc1f56b6b78#0:OK-t1] and 0 exception(s); bc618eef-faaa-49fe-8402-4bd6a1aa1778@group-0C30E6B48884:t1, leader=null, voted=bc618eef-faaa-49fe-8402-4bd6a1aa1778, raftlog=bc618eef-faaa-49fe-8402-4bd6a1aa1778@group-0C30E6B48884-SegmentedRaftLog:OPENED:c-1,f-1,i0, conf=-1: [bc618eef-faaa-49fe-8402-4bd6a1aa1778:192.168.5.165:40163, 363c26c2-b9cf-46d0-ab40-1759ff1bcc8b:192.168.5.165:37804, 6b914d88-ba4f-4141-b8f5-cbc1f56b6b78:192.168.5.165:36904], old=null
2019-09-20 05:45:22,906 [bc618eef-faaa-49fe-8402-4bd6a1aa1778@group-0C30E6B48884:LeaderElection9] INFO  impl.RoleInfo (RoleInfo.java:shutdownLeaderElection(134)) - bc618eef-faaa-49fe-8402-4bd6a1aa1778: shutdown LeaderElection
2019-09-20 05:45:22,907 [bc618eef-faaa-49fe-8402-4bd6a1aa1778@group-0C30E6B48884:LeaderElection9] INFO  impl.RaftServerImpl (RaftServerImpl.java:setRole(174)) - bc618eef-faaa-49fe-8402-4bd6a1aa1778@group-0C30E6B48884: changes role from CANDIDATE to LEADER at term 1 for changeToLeader
2019-09-20 05:45:22,907 [bc618eef-faaa-49fe-8402-4bd6a1aa1778@group-0C30E6B48884:LeaderElection9] INFO  impl.RaftServerImpl (ServerState.java:setLeader(253)) - bc618eef-faaa-49fe-8402-4bd6a1aa1778@group-0C30E6B48884: change Leader from null to bc618eef-faaa-49fe-8402-4bd6a1aa1778 at term 1 for becomeLeader, leader elected after 5150ms
2019-09-20 05:45:22,907 [bc618eef-faaa-49fe-8402-4bd6a1aa1778@group-0C30E6B48884:LeaderElection9] INFO  server.RaftServerConfigKeys (ConfUtils.java:logGet(43)) - raft.server.staging.catchup.gap = 1000 (default)
2019-09-20 05:45:22,907 [bc618eef-faaa-49fe-8402-4bd6a1aa1778@group-0C30E6B48884:LeaderElection9] INFO  server.RaftServerConfigKeys (ConfUtils.java:logGet(43)) - raft.server.rpc.sleep.time = 25ms (default)
2019-09-20 05:45:22,907 [bc618eef-faaa-49fe-8402-4bd6a1aa1778@group-0C30E6B48884:LeaderElection9] INFO  server.RaftServerConfigKeys (ConfUtils.java:logGet(43)) - raft.server.write.element-limit = 4096 (default)
2019-09-20 05:45:22,907 [bc618eef-faaa-49fe-8402-4bd6a1aa1778@group-0C30E6B48884:LeaderElection9] INFO  server.RaftServerConfigKeys (ConfUtils.java:logGet(43)) - raft.server.watch.timeout = 10s (default)
2019-09-20 05:45:22,908 [bc618eef-faaa-49fe-8402-4bd6a1aa1778@group-0C30E6B48884:LeaderElection9] INFO  server.RaftServerConfigKeys (ConfUtils.java:logGet(43)) - raft.server.watch.timeout.denomination = 1s (default)
2019-09-20 05:45:22,908 [bc618eef-faaa-49fe-8402-4bd6a1aa1778@group-0C30E6B48884:LeaderElection9] INFO  server.RaftServerConfigKeys (ConfUtils.java:logGet(43)) - raft.server.watch.element-limit = 65536 (default)
2019-09-20 05:45:22,910 [bc618eef-faaa-49fe-8402-4bd6a1aa1778@group-0C30E6B48884:LeaderElection9] INFO  server.RaftServerConfigKeys (ConfUtils.java:logGet(43)) - raft.server.log.appender.snapshot.chunk.size.max = 16MB (=16777216) (default)
2019-09-20 05:45:22,910 [bc618eef-faaa-49fe-8402-4bd6a1aa1778@group-0C30E6B48884:LeaderElection9] INFO  server.RaftServerConfigKeys (ConfUtils.java:logGet(43)) - raft.server.log.appender.buffer.byte-limit = 33554432 (custom)
2019-09-20 05:45:22,911 [bc618eef-faaa-49fe-8402-4bd6a1aa1778@group-0C30E6B48884:LeaderElection9] INFO  server.RaftServerConfigKeys (ConfUtils.java:logGet(43)) - raft.server.log.appender.buffer.element-limit = 1 (custom)
2019-09-20 05:45:22,911 [bc618eef-faaa-49fe-8402-4bd6a1aa1778@group-0C30E6B48884:LeaderElection9] INFO  grpc.GrpcConfigKeys$Server (ConfUtils.java:logGet(43)) - raft.grpc.server.leader.outstanding.appends.max = 128 (default)
2019-09-20 05:45:22,912 [bc618eef-faaa-49fe-8402-4bd6a1aa1778@group-0C30E6B48884:LeaderElection9] INFO  server.RaftServerConfigKeys (ConfUtils.java:logGet(43)) - raft.server.rpc.request.timeout = 3000ms (default)
2019-09-20 05:45:22,912 [bc618eef-faaa-49fe-8402-4bd6a1aa1778@group-0C30E6B48884:LeaderElection9] INFO  server.RaftServerConfigKeys (ConfUtils.java:logGet(43)) - raft.server.log.appender.install.snapshot.enabled = false (custom)
2019-09-20 05:45:22,912 [bc618eef-faaa-49fe-8402-4bd6a1aa1778@group-0C30E6B48884:LeaderElection9] INFO  server.RaftServerConfigKeys (ConfUtils.java:logGet(43)) - raft.server.log.appender.snapshot.chunk.size.max = 16MB (=16777216) (default)
2019-09-20 05:45:22,912 [bc618eef-faaa-49fe-8402-4bd6a1aa1778@group-0C30E6B48884:LeaderElection9] INFO  server.RaftServerConfigKeys (ConfUtils.java:logGet(43)) - raft.server.log.appender.buffer.byte-limit = 33554432 (custom)
2019-09-20 05:45:22,913 [bc618eef-faaa-49fe-8402-4bd6a1aa1778@group-0C30E6B48884:LeaderElection9] INFO  server.RaftServerConfigKeys (ConfUtils.java:logGet(43)) - raft.server.log.appender.buffer.element-limit = 1 (custom)
2019-09-20 05:45:22,913 [bc618eef-faaa-49fe-8402-4bd6a1aa1778@group-0C30E6B48884:LeaderElection9] INFO  grpc.GrpcConfigKeys$Server (ConfUtils.java:logGet(43)) - raft.grpc.server.leader.outstanding.appends.max = 128 (default)
2019-09-20 05:45:22,913 [bc618eef-faaa-49fe-8402-4bd6a1aa1778@group-0C30E6B48884:LeaderElection9] INFO  server.RaftServerConfigKeys (ConfUtils.java:logGet(43)) - raft.server.rpc.request.timeout = 3000ms (default)
2019-09-20 05:45:22,913 [bc618eef-faaa-49fe-8402-4bd6a1aa1778@group-0C30E6B48884:LeaderElection9] INFO  server.RaftServerConfigKeys (ConfUtils.java:logGet(43)) - raft.server.log.appender.install.snapshot.enabled = false (custom)
2019-09-20 05:45:22,914 [bc618eef-faaa-49fe-8402-4bd6a1aa1778@group-0C30E6B48884:LeaderElection9] INFO  impl.RoleInfo (RoleInfo.java:updateAndGet(143)) - bc618eef-faaa-49fe-8402-4bd6a1aa1778: start LeaderState
2019-09-20 05:45:22,914 [bc618eef-faaa-49fe-8402-4bd6a1aa1778@group-0C30E6B48884:LeaderElection9] INFO  segmented.SegmentedRaftLogWorker (SegmentedRaftLogWorker.java:startLogSegment(380)) - bc618eef-faaa-49fe-8402-4bd6a1aa1778@group-0C30E6B48884-SegmentedRaftLogWorker: Starting segment from index:0
2019-09-20 05:45:22,915 [bc618eef-faaa-49fe-8402-4bd6a1aa1778@group-0C30E6B48884:LeaderElection9] INFO  impl.RaftServerImpl (ServerState.java:setRaftConf(354)) - bc618eef-faaa-49fe-8402-4bd6a1aa1778@group-0C30E6B48884: set configuration 0: [bc618eef-faaa-49fe-8402-4bd6a1aa1778:192.168.5.165:40163, 363c26c2-b9cf-46d0-ab40-1759ff1bcc8b:192.168.5.165:37804, 6b914d88-ba4f-4141-b8f5-cbc1f56b6b78:192.168.5.165:36904], old=null at 0
2019-09-20 05:45:22,920 [grpc-default-executor-1] INFO  impl.RaftServerImpl (ServerState.java:setLeader(253)) - 363c26c2-b9cf-46d0-ab40-1759ff1bcc8b@group-0C30E6B48884: change Leader from null to bc618eef-faaa-49fe-8402-4bd6a1aa1778 at term 1 for appendEntries, leader elected after 5164ms
2019-09-20 05:45:22,952 [grpc-default-executor-0] INFO  impl.RaftServerImpl (ServerState.java:setLeader(253)) - 6b914d88-ba4f-4141-b8f5-cbc1f56b6b78@group-0C30E6B48884: change Leader from null to bc618eef-faaa-49fe-8402-4bd6a1aa1778 at term 1 for appendEntries, leader elected after 5195ms
2019-09-20 05:45:22,961 [grpc-default-executor-0] INFO  impl.RaftServerImpl (ServerState.java:setRaftConf(354)) - 6b914d88-ba4f-4141-b8f5-cbc1f56b6b78@group-0C30E6B48884: set configuration 0: [bc618eef-faaa-49fe-8402-4bd6a1aa1778:192.168.5.165:40163, 363c26c2-b9cf-46d0-ab40-1759ff1bcc8b:192.168.5.165:37804, 6b914d88-ba4f-4141-b8f5-cbc1f56b6b78:192.168.5.165:36904], old=null at 0
2019-09-20 05:45:22,961 [grpc-default-executor-1] INFO  impl.RaftServerImpl (ServerState.java:setRaftConf(354)) - 363c26c2-b9cf-46d0-ab40-1759ff1bcc8b@group-0C30E6B48884: set configuration 0: [bc618eef-faaa-49fe-8402-4bd6a1aa1778:192.168.5.165:40163, 363c26c2-b9cf-46d0-ab40-1759ff1bcc8b:192.168.5.165:37804, 6b914d88-ba4f-4141-b8f5-cbc1f56b6b78:192.168.5.165:36904], old=null at 0
2019-09-20 05:45:22,961 [grpc-default-executor-0] INFO  segmented.SegmentedRaftLogWorker (SegmentedRaftLogWorker.java:startLogSegment(380)) - 6b914d88-ba4f-4141-b8f5-cbc1f56b6b78@group-0C30E6B48884-SegmentedRaftLogWorker: Starting segment from index:0
2019-09-20 05:45:22,961 [grpc-default-executor-1] INFO  segmented.SegmentedRaftLogWorker (SegmentedRaftLogWorker.java:startLogSegment(380)) - 363c26c2-b9cf-46d0-ab40-1759ff1bcc8b@group-0C30E6B48884-SegmentedRaftLogWorker: Starting segment from index:0
2019-09-20 05:45:22,974 [bc618eef-faaa-49fe-8402-4bd6a1aa1778@group-0C30E6B48884-SegmentedRaftLogWorker] INFO  segmented.SegmentedRaftLogWorker (SegmentedRaftLogWorker.java:execute(569)) - bc618eef-faaa-49fe-8402-4bd6a1aa1778@group-0C30E6B48884-SegmentedRaftLogWorker: created new log segment /workdir/hadoop-ozone/integration-test/target/test-dir/MiniOzoneClusterImpl-d26a8b4c-5592-4583-acf9-669019d991bc/datanode-3/data/ratis/d40b0061-8a6f-4ada-8790-0c30e6b48884/current/log_inprogress_0
2019-09-20 05:45:23,023 [6b914d88-ba4f-4141-b8f5-cbc1f56b6b78@group-0C30E6B48884-SegmentedRaftLogWorker] INFO  segmented.SegmentedRaftLogWorker (SegmentedRaftLogWorker.java:execute(569)) - 6b914d88-ba4f-4141-b8f5-cbc1f56b6b78@group-0C30E6B48884-SegmentedRaftLogWorker: created new log segment /workdir/hadoop-ozone/integration-test/target/test-dir/MiniOzoneClusterImpl-d26a8b4c-5592-4583-acf9-669019d991bc/datanode-0/data/ratis/d40b0061-8a6f-4ada-8790-0c30e6b48884/current/log_inprogress_0
2019-09-20 05:45:23,023 [363c26c2-b9cf-46d0-ab40-1759ff1bcc8b@group-0C30E6B48884-SegmentedRaftLogWorker] INFO  segmented.SegmentedRaftLogWorker (SegmentedRaftLogWorker.java:execute(569)) - 363c26c2-b9cf-46d0-ab40-1759ff1bcc8b@group-0C30E6B48884-SegmentedRaftLogWorker: created new log segment /workdir/hadoop-ozone/integration-test/target/test-dir/MiniOzoneClusterImpl-d26a8b4c-5592-4583-acf9-669019d991bc/datanode-2/data/ratis/d40b0061-8a6f-4ada-8790-0c30e6b48884/current/log_inprogress_0
2019-09-20 05:45:24,106 [grpc-default-executor-1] INFO  client.GrpcClientProtocolClient (GrpcClientProtocolClient.java:onNext(264)) - client-B347A19F98D4->363c26c2-b9cf-46d0-ab40-1759ff1bcc8b: receive RaftClientReply:client-B347A19F98D4->363c26c2-b9cf-46d0-ab40-1759ff1bcc8b@group-48FA397BAAA9, cid=8, SUCCESS, logIndex=1, commits[363c26c2-b9cf-46d0-ab40-1759ff1bcc8b:c1, bc618eef-faaa-49fe-8402-4bd6a1aa1778:c0, 6b914d88-ba4f-4141-b8f5-cbc1f56b6b78:c0]
2019-09-20 05:45:24,310 [grpc-default-executor-2] INFO  client.GrpcClientProtocolClient (GrpcClientProtocolClient.java:onNext(264)) - client-B347A19F98D4->363c26c2-b9cf-46d0-ab40-1759ff1bcc8b: receive RaftClientReply:client-B347A19F98D4->363c26c2-b9cf-46d0-ab40-1759ff1bcc8b@group-48FA397BAAA9, cid=9, SUCCESS, logIndex=3, commits[363c26c2-b9cf-46d0-ab40-1759ff1bcc8b:c4, bc618eef-faaa-49fe-8402-4bd6a1aa1778:c3, 6b914d88-ba4f-4141-b8f5-cbc1f56b6b78:c3]
2019-09-20 05:45:24,332 [main] ERROR container.ContainerStateManager (ContainerStateManager.java:updateContainerState(335)) - Failed to update container state #1, reason: invalid state transition from state: CLOSING upon event: FINALIZE.
]]></system-out>
    <system-err><![CDATA[ERROR StatusLogger No Log4j 2 configuration file found. Using default configuration (logging only errors to the console), or user programmatically provided configurations. Set system property 'log4j2.debug' to show Log4j 2 internal initialization logging. See https://logging.apache.org/log4j/2.x/manual/configuration.html for instructions on how to configure Log4j 2
]]></system-err>
  </testcase>
</testsuite>