<?xml version="1.0" encoding="UTF-8"?>
<testsuite xmlns:xsi="http://www.w3.org/2001/XMLSchema-instance" xsi:noNamespaceSchemaLocation="https://maven.apache.org/surefire/maven-surefire-plugin/xsd/surefire-test-report.xsd" name="org.apache.hadoop.fs.ozone.TestOzoneFileSystem" time="144.621" tests="8" errors="4" skipped="0" failures="0">
  <properties>
    <property name="awt.toolkit" value="sun.awt.X11.XToolkit"/>
    <property name="file.encoding.pkg" value="sun.io"/>
    <property name="java.specification.version" value="1.8"/>
    <property name="sun.cpu.isalist" value=""/>
    <property name="sun.jnu.encoding" value="UTF-8"/>
    <property name="java.class.path" value="/workdir/hadoop-ozone/ozonefs/target/test-classes:/workdir/hadoop-ozone/ozonefs/target/classes:/home/user/.m2/repository/org/apache/hadoop/hadoop-common/3.2.0/hadoop-common-3.2.0.jar:/home/user/.m2/repository/org/apache/hadoop/hadoop-annotations/3.2.0/hadoop-annotations-3.2.0.jar:/usr/lib/jvm/java-1.8-openjdk/jre/../lib/tools.jar:/home/user/.m2/repository/com/google/guava/guava/11.0.2/guava-11.0.2.jar:/home/user/.m2/repository/commons-cli/commons-cli/1.2/commons-cli-1.2.jar:/home/user/.m2/repository/org/apache/commons/commons-math3/3.1.1/commons-math3-3.1.1.jar:/home/user/.m2/repository/org/apache/httpcomponents/httpclient/4.5.2/httpclient-4.5.2.jar:/home/user/.m2/repository/org/apache/httpcomponents/httpcore/4.4.4/httpcore-4.4.4.jar:/home/user/.m2/repository/commons-codec/commons-codec/1.11/commons-codec-1.11.jar:/home/user/.m2/repository/commons-io/commons-io/2.5/commons-io-2.5.jar:/home/user/.m2/repository/commons-net/commons-net/3.6/commons-net-3.6.jar:/home/user/.m2/repository/commons-collections/commons-collections/3.2.2/commons-collections-3.2.2.jar:/home/user/.m2/repository/javax/servlet/javax.servlet-api/3.1.0/javax.servlet-api-3.1.0.jar:/home/user/.m2/repository/org/eclipse/jetty/jetty-server/9.3.25.v20180904/jetty-server-9.3.25.v20180904.jar:/home/user/.m2/repository/org/eclipse/jetty/jetty-http/9.3.25.v20180904/jetty-http-9.3.25.v20180904.jar:/home/user/.m2/repository/org/eclipse/jetty/jetty-io/9.3.25.v20180904/jetty-io-9.3.25.v20180904.jar:/home/user/.m2/repository/org/eclipse/jetty/jetty-util/9.3.25.v20180904/jetty-util-9.3.25.v20180904.jar:/home/user/.m2/repository/org/eclipse/jetty/jetty-servlet/9.3.25.v20180904/jetty-servlet-9.3.25.v20180904.jar:/home/user/.m2/repository/org/eclipse/jetty/jetty-security/9.3.25.v20180904/jetty-security-9.3.25.v20180904.jar:/home/user/.m2/repository/org/eclipse/jetty/jetty-webapp/9.3.25.v20180904/jetty-webapp-9.3.25.v20180904.jar:/home/user/.m2/repository/org/eclipse/jetty/jetty-xml/9.3.25.v20180904/jetty-xml-9.3.25.v20180904.jar:/home/user/.m2/repository/javax/servlet/jsp/jsp-api/2.1/jsp-api-2.1.jar:/home/user/.m2/repository/com/sun/jersey/jersey-core/1.19/jersey-core-1.19.jar:/home/user/.m2/repository/javax/ws/rs/jsr311-api/1.1.1/jsr311-api-1.1.1.jar:/home/user/.m2/repository/com/sun/jersey/jersey-servlet/1.19/jersey-servlet-1.19.jar:/home/user/.m2/repository/com/sun/jersey/jersey-json/1.19/jersey-json-1.19.jar:/home/user/.m2/repository/org/codehaus/jettison/jettison/1.1/jettison-1.1.jar:/home/user/.m2/repository/com/sun/xml/bind/jaxb-impl/2.3.0.1/jaxb-impl-2.3.0.1.jar:/home/user/.m2/repository/org/codehaus/jackson/jackson-core-asl/1.9.13/jackson-core-asl-1.9.13.jar:/home/user/.m2/repository/org/codehaus/jackson/jackson-mapper-asl/1.9.13/jackson-mapper-asl-1.9.13.jar:/home/user/.m2/repository/org/codehaus/jackson/jackson-jaxrs/1.9.13/jackson-jaxrs-1.9.13.jar:/home/user/.m2/repository/org/codehaus/jackson/jackson-xc/1.9.13/jackson-xc-1.9.13.jar:/home/user/.m2/repository/com/sun/jersey/jersey-server/1.19/jersey-server-1.19.jar:/home/user/.m2/repository/commons-logging/commons-logging/1.1.3/commons-logging-1.1.3.jar:/home/user/.m2/repository/log4j/log4j/1.2.17/log4j-1.2.17.jar:/home/user/.m2/repository/commons-beanutils/commons-beanutils/1.9.4/commons-beanutils-1.9.4.jar:/home/user/.m2/repository/org/apache/commons/commons-configuration2/2.1.1/commons-configuration2-2.1.1.jar:/home/user/.m2/repository/org/apache/commons/commons-lang3/3.7/commons-lang3-3.7.jar:/home/user/.m2/repository/org/apache/commons/commons-text/1.4/commons-text-1.4.jar:/home/user/.m2/repository/org/slf4j/slf4j-api/1.7.25/slf4j-api-1.7.25.jar:/home/user/.m2/repository/org/slf4j/slf4j-log4j12/1.7.25/slf4j-log4j12-1.7.25.jar:/home/user/.m2/repository/org/apache/avro/avro/1.7.7/avro-1.7.7.jar:/home/user/.m2/repository/com/thoughtworks/paranamer/paranamer/2.3/paranamer-2.3.jar:/home/user/.m2/repository/org/xerial/snappy/snappy-java/1.0.5/snappy-java-1.0.5.jar:/home/user/.m2/repository/com/google/re2j/re2j/1.1/re2j-1.1.jar:/home/user/.m2/repository/com/google/protobuf/protobuf-java/2.5.0/protobuf-java-2.5.0.jar:/home/user/.m2/repository/com/google/code/gson/gson/2.2.4/gson-2.2.4.jar:/home/user/.m2/repository/org/apache/hadoop/hadoop-auth/3.2.0/hadoop-auth-3.2.0.jar:/home/user/.m2/repository/com/nimbusds/nimbus-jose-jwt/4.41.1/nimbus-jose-jwt-4.41.1.jar:/home/user/.m2/repository/com/github/stephenc/jcip/jcip-annotations/1.0-1/jcip-annotations-1.0-1.jar:/home/user/.m2/repository/net/minidev/json-smart/2.3/json-smart-2.3.jar:/home/user/.m2/repository/net/minidev/accessors-smart/1.2/accessors-smart-1.2.jar:/home/user/.m2/repository/org/apache/curator/curator-framework/2.12.0/curator-framework-2.12.0.jar:/home/user/.m2/repository/com/jcraft/jsch/0.1.54/jsch-0.1.54.jar:/home/user/.m2/repository/org/apache/curator/curator-client/2.12.0/curator-client-2.12.0.jar:/home/user/.m2/repository/org/apache/curator/curator-recipes/2.12.0/curator-recipes-2.12.0.jar:/home/user/.m2/repository/com/google/code/findbugs/jsr305/3.0.0/jsr305-3.0.0.jar:/home/user/.m2/repository/org/apache/htrace/htrace-core4/4.1.0-incubating/htrace-core4-4.1.0-incubating.jar:/home/user/.m2/repository/org/apache/zookeeper/zookeeper/3.4.13/zookeeper-3.4.13.jar:/home/user/.m2/repository/jline/jline/0.9.94/jline-0.9.94.jar:/home/user/.m2/repository/org/apache/yetus/audience-annotations/0.5.0/audience-annotations-0.5.0.jar:/home/user/.m2/repository/org/apache/commons/commons-compress/1.4.1/commons-compress-1.4.1.jar:/home/user/.m2/repository/org/tukaani/xz/1.0/xz-1.0.jar:/home/user/.m2/repository/org/apache/kerby/kerb-simplekdc/1.0.1/kerb-simplekdc-1.0.1.jar:/home/user/.m2/repository/org/apache/kerby/kerb-client/1.0.1/kerb-client-1.0.1.jar:/home/user/.m2/repository/org/apache/kerby/kerby-config/1.0.1/kerby-config-1.0.1.jar:/home/user/.m2/repository/org/apache/kerby/kerb-core/1.0.1/kerb-core-1.0.1.jar:/home/user/.m2/repository/org/apache/kerby/kerby-pkix/1.0.1/kerby-pkix-1.0.1.jar:/home/user/.m2/repository/org/apache/kerby/kerby-asn1/1.0.1/kerby-asn1-1.0.1.jar:/home/user/.m2/repository/org/apache/kerby/kerby-util/1.0.1/kerby-util-1.0.1.jar:/home/user/.m2/repository/org/apache/kerby/kerb-common/1.0.1/kerb-common-1.0.1.jar:/home/user/.m2/repository/org/apache/kerby/kerb-crypto/1.0.1/kerb-crypto-1.0.1.jar:/home/user/.m2/repository/org/apache/kerby/kerb-util/1.0.1/kerb-util-1.0.1.jar:/home/user/.m2/repository/org/apache/kerby/token-provider/1.0.1/token-provider-1.0.1.jar:/home/user/.m2/repository/org/apache/kerby/kerb-admin/1.0.1/kerb-admin-1.0.1.jar:/home/user/.m2/repository/org/apache/kerby/kerb-server/1.0.1/kerb-server-1.0.1.jar:/home/user/.m2/repository/org/apache/kerby/kerb-identity/1.0.1/kerb-identity-1.0.1.jar:/home/user/.m2/repository/org/apache/kerby/kerby-xdr/1.0.1/kerby-xdr-1.0.1.jar:/home/user/.m2/repository/com/fasterxml/jackson/core/jackson-databind/2.9.9/jackson-databind-2.9.9.jar:/home/user/.m2/repository/com/fasterxml/jackson/core/jackson-annotations/2.9.9/jackson-annotations-2.9.9.jar:/home/user/.m2/repository/com/fasterxml/jackson/core/jackson-core/2.9.9/jackson-core-2.9.9.jar:/home/user/.m2/repository/org/codehaus/woodstox/stax2-api/3.1.4/stax2-api-3.1.4.jar:/home/user/.m2/repository/com/fasterxml/woodstox/woodstox-core/5.0.3/woodstox-core-5.0.3.jar:/home/user/.m2/repository/dnsjava/dnsjava/2.1.7/dnsjava-2.1.7.jar:/home/user/.m2/repository/org/apache/hadoop/hadoop-hdfs/3.2.0/hadoop-hdfs-3.2.0.jar:/home/user/.m2/repository/org/eclipse/jetty/jetty-util-ajax/9.3.25.v20180904/jetty-util-ajax-9.3.25.v20180904.jar:/home/user/.m2/repository/commons-daemon/commons-daemon/1.0.13/commons-daemon-1.0.13.jar:/home/user/.m2/repository/io/netty/netty/3.10.5.Final/netty-3.10.5.Final.jar:/home/user/.m2/repository/io/netty/netty-all/4.0.52.Final/netty-all-4.0.52.Final.jar:/home/user/.m2/repository/org/fusesource/leveldbjni/leveldbjni-all/1.8/leveldbjni-all-1.8.jar:/home/user/.m2/repository/org/apache/hadoop/hadoop-hdds-common/0.5.0-SNAPSHOT/hadoop-hdds-common-0.5.0-SNAPSHOT.jar:/home/user/.m2/repository/org/apache/hadoop/hadoop-hdds-config/0.5.0-SNAPSHOT/hadoop-hdds-config-0.5.0-SNAPSHOT.jar:/home/user/.m2/repository/javax/annotation/javax.annotation-api/1.2/javax.annotation-api-1.2.jar:/home/user/.m2/repository/org/apache/ratis/ratis-server/0.4.0/ratis-server-0.4.0.jar:/home/user/.m2/repository/org/apache/ratis/ratis-thirdparty-misc/0.2.0/ratis-thirdparty-misc-0.2.0.jar:/home/user/.m2/repository/org/apache/ratis/ratis-proto/0.4.0/ratis-proto-0.4.0.jar:/home/user/.m2/repository/org/apache/ratis/ratis-common/0.4.0/ratis-common-0.4.0.jar:/home/user/.m2/repository/org/apache/ratis/ratis-client/0.4.0/ratis-client-0.4.0.jar:/home/user/.m2/repository/org/apache/ratis/ratis-metrics/0.4.0/ratis-metrics-0.4.0.jar:/home/user/.m2/repository/com/github/joshelser/dropwizard-metrics-hadoop-metrics2-reporter/0.1.2/dropwizard-metrics-hadoop-metrics2-reporter-0.1.2.jar:/home/user/.m2/repository/io/dropwizard/metrics/metrics-jvm/3.2.5/metrics-jvm-3.2.5.jar:/home/user/.m2/repository/io/dropwizard/metrics/metrics-ganglia/3.2.5/metrics-ganglia-3.2.5.jar:/home/user/.m2/repository/info/ganglia/gmetric4j/gmetric4j/1.0.7/gmetric4j-1.0.7.jar:/home/user/.m2/repository/org/apache/ratis/ratis-netty/0.4.0/ratis-netty-0.4.0.jar:/home/user/.m2/repository/org/apache/ratis/ratis-grpc/0.4.0/ratis-grpc-0.4.0.jar:/home/user/.m2/repository/org/rocksdb/rocksdbjni/6.0.1/rocksdbjni-6.0.1.jar:/home/user/.m2/repository/org/apache/logging/log4j/log4j-api/2.11.0/log4j-api-2.11.0.jar:/home/user/.m2/repository/org/apache/logging/log4j/log4j-core/2.11.0/log4j-core-2.11.0.jar:/home/user/.m2/repository/com/lmax/disruptor/3.4.2/disruptor-3.4.2.jar:/home/user/.m2/repository/org/apache/commons/commons-pool2/2.6.0/commons-pool2-2.6.0.jar:/home/user/.m2/repository/org/bouncycastle/bcpkix-jdk15on/1.60/bcpkix-jdk15on-1.60.jar:/home/user/.m2/repository/commons-validator/commons-validator/1.6/commons-validator-1.6.jar:/home/user/.m2/repository/commons-digester/commons-digester/1.8.1/commons-digester-1.8.1.jar:/home/user/.m2/repository/io/jaegertracing/jaeger-client/0.34.0/jaeger-client-0.34.0.jar:/home/user/.m2/repository/io/jaegertracing/jaeger-thrift/0.34.0/jaeger-thrift-0.34.0.jar:/home/user/.m2/repository/org/apache/thrift/libthrift/0.12.0/libthrift-0.12.0.jar:/home/user/.m2/repository/com/squareup/okhttp3/okhttp/3.9.0/okhttp-3.9.0.jar:/home/user/.m2/repository/com/squareup/okio/okio/1.13.0/okio-1.13.0.jar:/home/user/.m2/repository/io/jaegertracing/jaeger-core/0.34.0/jaeger-core-0.34.0.jar:/home/user/.m2/repository/io/jaegertracing/jaeger-tracerresolver/0.34.0/jaeger-tracerresolver-0.34.0.jar:/home/user/.m2/repository/io/opentracing/contrib/opentracing-tracerresolver/0.1.5/opentracing-tracerresolver-0.1.5.jar:/home/user/.m2/repository/io/opentracing/opentracing-util/0.31.0/opentracing-util-0.31.0.jar:/home/user/.m2/repository/io/opentracing/opentracing-api/0.31.0/opentracing-api-0.31.0.jar:/home/user/.m2/repository/io/opentracing/opentracing-noop/0.31.0/opentracing-noop-0.31.0.jar:/home/user/.m2/repository/org/yaml/snakeyaml/1.16/snakeyaml-1.16.jar:/home/user/.m2/repository/org/apache/hadoop/hadoop-hdfs-client/3.2.0/hadoop-hdfs-client-3.2.0.jar:/home/user/.m2/repository/info/picocli/picocli/3.9.6/picocli-3.9.6.jar:/home/user/.m2/repository/org/apache/hadoop/hadoop-hdds-server-scm/0.5.0-SNAPSHOT/hadoop-hdds-server-scm-0.5.0-SNAPSHOT.jar:/home/user/.m2/repository/org/apache/hadoop/hadoop-hdds-docs/0.5.0-SNAPSHOT/hadoop-hdds-docs-0.5.0-SNAPSHOT.jar:/home/user/.m2/repository/io/dropwizard/metrics/metrics-core/3.2.4/metrics-core-3.2.4.jar:/home/user/.m2/repository/org/hamcrest/hamcrest-all/1.3/hamcrest-all-1.3.jar:/home/user/.m2/repository/org/bouncycastle/bcprov-jdk15on/1.60/bcprov-jdk15on-1.60.jar:/home/user/.m2/repository/org/apache/hadoop/hadoop-hdds-server-framework/0.5.0-SNAPSHOT/hadoop-hdds-server-framework-0.5.0-SNAPSHOT.jar:/home/user/.m2/repository/org/apache/hadoop/hadoop-ozone-ozone-manager/0.5.0-SNAPSHOT/hadoop-ozone-ozone-manager-0.5.0-SNAPSHOT.jar:/home/user/.m2/repository/org/apache/hadoop/hadoop-hdds-container-service/0.5.0-SNAPSHOT/hadoop-hdds-container-service-0.5.0-SNAPSHOT.jar:/home/user/.m2/repository/org/apache/hadoop/hadoop-hdds-client/0.5.0-SNAPSHOT/hadoop-hdds-client-0.5.0-SNAPSHOT.jar:/home/user/.m2/repository/org/apache/hadoop/hadoop-ozone-common/0.5.0-SNAPSHOT/hadoop-ozone-common-0.5.0-SNAPSHOT.jar:/home/user/.m2/repository/org/apache/hadoop/hadoop-hdds-tools/0.5.0-SNAPSHOT/hadoop-hdds-tools-0.5.0-SNAPSHOT.jar:/home/user/.m2/repository/org/xerial/sqlite-jdbc/3.25.2/sqlite-jdbc-3.25.2.jar:/home/user/.m2/repository/com/google/code/findbugs/findbugs/3.0.1/findbugs-3.0.1.jar:/home/user/.m2/repository/net/jcip/jcip-annotations/1.0/jcip-annotations-1.0.jar:/home/user/.m2/repository/com/google/code/findbugs/bcel-findbugs/6.0/bcel-findbugs-6.0.jar:/home/user/.m2/repository/com/google/code/findbugs/jFormatString/2.0.1/jFormatString-2.0.1.jar:/home/user/.m2/repository/dom4j/dom4j/1.6.1/dom4j-1.6.1.jar:/home/user/.m2/repository/xml-apis/xml-apis/1.0.b2/xml-apis-1.0.b2.jar:/home/user/.m2/repository/org/ow2/asm/asm-debug-all/5.0.2/asm-debug-all-5.0.2.jar:/home/user/.m2/repository/org/ow2/asm/asm-commons/5.0.2/asm-commons-5.0.2.jar:/home/user/.m2/repository/org/ow2/asm/asm-tree/5.0.2/asm-tree-5.0.2.jar:/home/user/.m2/repository/org/ow2/asm/asm/5.0.4/asm-5.0.4.jar:/home/user/.m2/repository/commons-lang/commons-lang/2.6/commons-lang-2.6.jar:/home/user/.m2/repository/com/apple/AppleJavaExtensions/1.4/AppleJavaExtensions-1.4.jar:/home/user/.m2/repository/jaxen/jaxen/1.1.6/jaxen-1.1.6.jar:/home/user/.m2/repository/org/apache/hadoop/hadoop-common/3.2.0/hadoop-common-3.2.0-tests.jar:/home/user/.m2/repository/org/apache/hadoop/hadoop-ozone-client/0.5.0-SNAPSHOT/hadoop-ozone-client-0.5.0-SNAPSHOT.jar:/home/user/.m2/repository/org/apache/hadoop/hadoop-hdfs/3.2.0/hadoop-hdfs-3.2.0-tests.jar:/workdir/hadoop-ozone/integration-test/target/test-classes:/home/user/.m2/repository/org/apache/hadoop/hadoop-ozone-s3gateway/0.5.0-SNAPSHOT/hadoop-ozone-s3gateway-0.5.0-SNAPSHOT.jar:/home/user/.m2/repository/org/jboss/weld/servlet/weld-servlet/2.4.7.Final/weld-servlet-2.4.7.Final.jar:/home/user/.m2/repository/org/glassfish/jersey/containers/jersey-container-servlet-core/2.27/jersey-container-servlet-core-2.27.jar:/home/user/.m2/repository/org/glassfish/hk2/external/javax.inject/2.5.0-b42/javax.inject-2.5.0-b42.jar:/home/user/.m2/repository/org/glassfish/jersey/core/jersey-common/2.27/jersey-common-2.27.jar:/home/user/.m2/repository/org/glassfish/hk2/osgi-resource-locator/1.0.1/osgi-resource-locator-1.0.1.jar:/home/user/.m2/repository/javax/ws/rs/javax.ws.rs-api/2.1/javax.ws.rs-api-2.1.jar:/home/user/.m2/repository/org/glassfish/jersey/ext/cdi/jersey-cdi1x/2.27/jersey-cdi1x-2.27.jar:/home/user/.m2/repository/org/glassfish/jersey/inject/jersey-hk2/2.27/jersey-hk2-2.27.jar:/home/user/.m2/repository/org/glassfish/hk2/hk2-locator/2.5.0-b42/hk2-locator-2.5.0-b42.jar:/home/user/.m2/repository/org/javassist/javassist/3.22.0-CR2/javassist-3.22.0-CR2.jar:/home/user/.m2/repository/org/glassfish/hk2/hk2-api/2.5.0/hk2-api-2.5.0.jar:/home/user/.m2/repository/org/glassfish/hk2/external/jakarta.inject/2.5.0/jakarta.inject-2.5.0.jar:/home/user/.m2/repository/org/glassfish/hk2/hk2-utils/2.5.0/hk2-utils-2.5.0.jar:/home/user/.m2/repository/jakarta/annotation/jakarta.annotation-api/1.3.4/jakarta.annotation-api-1.3.4.jar:/home/user/.m2/repository/org/glassfish/hk2/external/aopalliance-repackaged/2.5.0/aopalliance-repackaged-2.5.0.jar:/home/user/.m2/repository/com/fasterxml/jackson/dataformat/jackson-dataformat-xml/2.9.0/jackson-dataformat-xml-2.9.0.jar:/home/user/.m2/repository/com/fasterxml/jackson/module/jackson-module-jaxb-annotations/2.9.9/jackson-module-jaxb-annotations-2.9.9.jar:/home/user/.m2/repository/javax/enterprise/cdi-api/1.2/cdi-api-1.2.jar:/home/user/.m2/repository/javax/el/javax.el-api/3.0.0/javax.el-api-3.0.0.jar:/home/user/.m2/repository/javax/interceptor/javax.interceptor-api/1.2/javax.interceptor-api-1.2.jar:/home/user/.m2/repository/javax/inject/javax.inject/1/javax.inject-1.jar:/home/user/.m2/repository/com/sun/xml/bind/jaxb-core/2.3.0.1/jaxb-core-2.3.0.1.jar:/home/user/.m2/repository/javax/xml/bind/jaxb-api/2.3.0/jaxb-api-2.3.0.jar:/home/user/.m2/repository/javax/activation/activation/1.1.1/activation-1.1.1.jar:/home/user/.m2/repository/org/apache/hadoop/hadoop-ozone-csi/0.5.0-SNAPSHOT/hadoop-ozone-csi-0.5.0-SNAPSHOT.jar:/home/user/.m2/repository/com/google/protobuf/protobuf-java-util/3.5.1/protobuf-java-util-3.5.1.jar:/home/user/.m2/repository/io/grpc/grpc-netty/1.17.1/grpc-netty-1.17.1.jar:/home/user/.m2/repository/io/grpc/grpc-core/1.17.1/grpc-core-1.17.1.jar:/home/user/.m2/repository/io/grpc/grpc-context/1.17.1/grpc-context-1.17.1.jar:/home/user/.m2/repository/com/google/errorprone/error_prone_annotations/2.2.0/error_prone_annotations-2.2.0.jar:/home/user/.m2/repository/org/codehaus/mojo/animal-sniffer-annotations/1.17/animal-sniffer-annotations-1.17.jar:/home/user/.m2/repository/io/opencensus/opencensus-api/0.17.0/opencensus-api-0.17.0.jar:/home/user/.m2/repository/io/opencensus/opencensus-contrib-grpc-metrics/0.17.0/opencensus-contrib-grpc-metrics-0.17.0.jar:/home/user/.m2/repository/io/netty/netty-codec-http2/4.1.30.Final/netty-codec-http2-4.1.30.Final.jar:/home/user/.m2/repository/io/netty/netty-codec-http/4.1.30.Final/netty-codec-http-4.1.30.Final.jar:/home/user/.m2/repository/io/netty/netty-codec/4.1.30.Final/netty-codec-4.1.30.Final.jar:/home/user/.m2/repository/io/netty/netty-handler/4.1.30.Final/netty-handler-4.1.30.Final.jar:/home/user/.m2/repository/io/netty/netty-handler-proxy/4.1.30.Final/netty-handler-proxy-4.1.30.Final.jar:/home/user/.m2/repository/io/netty/netty-codec-socks/4.1.30.Final/netty-codec-socks-4.1.30.Final.jar:/home/user/.m2/repository/io/netty/netty-transport-native-epoll/4.1.30.Final/netty-transport-native-epoll-4.1.30.Final.jar:/home/user/.m2/repository/io/netty/netty-common/4.1.30.Final/netty-common-4.1.30.Final.jar:/home/user/.m2/repository/io/netty/netty-buffer/4.1.30.Final/netty-buffer-4.1.30.Final.jar:/home/user/.m2/repository/io/netty/netty-transport/4.1.30.Final/netty-transport-4.1.30.Final.jar:/home/user/.m2/repository/io/netty/netty-resolver/4.1.30.Final/netty-resolver-4.1.30.Final.jar:/home/user/.m2/repository/io/netty/netty-transport-native-unix-common/4.1.30.Final/netty-transport-native-unix-common-4.1.30.Final.jar:/home/user/.m2/repository/io/grpc/grpc-protobuf/1.17.1/grpc-protobuf-1.17.1.jar:/home/user/.m2/repository/com/google/api/grpc/proto-google-common-protos/1.0.0/proto-google-common-protos-1.0.0.jar:/home/user/.m2/repository/io/grpc/grpc-protobuf-lite/1.17.1/grpc-protobuf-lite-1.17.1.jar:/home/user/.m2/repository/io/grpc/grpc-stub/1.17.1/grpc-stub-1.17.1.jar:/home/user/.m2/repository/org/apache/hadoop/hadoop-ozone-recon/0.5.0-SNAPSHOT/hadoop-ozone-recon-0.5.0-SNAPSHOT.jar:/home/user/.m2/repository/org/apache/hadoop/hadoop-ozone-reconcodegen/0.5.0-SNAPSHOT/hadoop-ozone-reconcodegen-0.5.0-SNAPSHOT.jar:/home/user/.m2/repository/com/google/inject/extensions/guice-multibindings/4.0/guice-multibindings-4.0.jar:/home/user/.m2/repository/com/google/inject/guice/4.0/guice-4.0.jar:/home/user/.m2/repository/aopalliance/aopalliance/1.0/aopalliance-1.0.jar:/home/user/.m2/repository/org/glassfish/jersey/containers/jersey-container-servlet/2.27/jersey-container-servlet-2.27.jar:/home/user/.m2/repository/org/glassfish/hk2/guice-bridge/2.5.0/guice-bridge-2.5.0.jar:/home/user/.m2/repository/org/glassfish/jersey/core/jersey-server/2.27/jersey-server-2.27.jar:/home/user/.m2/repository/org/glassfish/jersey/core/jersey-client/2.27/jersey-client-2.27.jar:/home/user/.m2/repository/org/glassfish/jersey/media/jersey-media-jaxb/2.27/jersey-media-jaxb-2.27.jar:/home/user/.m2/repository/javax/validation/validation-api/1.1.0.Final/validation-api-1.1.0.Final.jar:/home/user/.m2/repository/org/glassfish/jersey/media/jersey-media-json-jackson/2.27/jersey-media-json-jackson-2.27.jar:/home/user/.m2/repository/org/glassfish/jersey/ext/jersey-entity-filtering/2.27/jersey-entity-filtering-2.27.jar:/home/user/.m2/repository/com/google/inject/extensions/guice-assistedinject/4.0/guice-assistedinject-4.0.jar:/home/user/.m2/repository/org/jooq/jooq/3.11.10/jooq-3.11.10.jar:/home/user/.m2/repository/org/jooq/jooq-meta/3.11.10/jooq-meta-3.11.10.jar:/home/user/.m2/repository/org/jooq/jooq-codegen/3.11.10/jooq-codegen-3.11.10.jar:/home/user/.m2/repository/com/jolbox/bonecp/0.8.0.RELEASE/bonecp-0.8.0.RELEASE.jar:/home/user/.m2/repository/org/springframework/spring-jdbc/5.1.3.RELEASE/spring-jdbc-5.1.3.RELEASE.jar:/home/user/.m2/repository/org/springframework/spring-beans/5.1.3.RELEASE/spring-beans-5.1.3.RELEASE.jar:/home/user/.m2/repository/org/springframework/spring-core/5.1.3.RELEASE/spring-core-5.1.3.RELEASE.jar:/home/user/.m2/repository/org/springframework/spring-jcl/5.1.3.RELEASE/spring-jcl-5.1.3.RELEASE.jar:/home/user/.m2/repository/org/springframework/spring-tx/5.1.3.RELEASE/spring-tx-5.1.3.RELEASE.jar:/home/user/.m2/repository/org/mockito/mockito-all/1.10.19/mockito-all-1.10.19.jar:/home/user/.m2/repository/junit/junit/4.11/junit-4.11.jar:/home/user/.m2/repository/org/hamcrest/hamcrest-core/1.3/hamcrest-core-1.3.jar:/home/user/.m2/repository/org/apache/hadoop/hadoop-distcp/3.2.0/hadoop-distcp-3.2.0.jar:/home/user/.m2/repository/org/apache/hadoop/hadoop-distcp/3.2.0/hadoop-distcp-3.2.0-tests.jar:/home/user/.m2/repository/org/apache/hadoop/hadoop-mapreduce-client-jobclient/3.2.0/hadoop-mapreduce-client-jobclient-3.2.0.jar:/home/user/.m2/repository/org/apache/hadoop/hadoop-mapreduce-client-common/3.2.0/hadoop-mapreduce-client-common-3.2.0.jar:/home/user/.m2/repository/org/apache/hadoop/hadoop-yarn-common/3.2.0/hadoop-yarn-common-3.2.0.jar:/home/user/.m2/repository/org/apache/hadoop/hadoop-yarn-api/3.2.0/hadoop-yarn-api-3.2.0.jar:/home/user/.m2/repository/com/sun/jersey/jersey-client/1.19/jersey-client-1.19.jar:/home/user/.m2/repository/com/sun/jersey/contribs/jersey-guice/1.19/jersey-guice-1.19.jar:/home/user/.m2/repository/com/fasterxml/jackson/jaxrs/jackson-jaxrs-json-provider/2.9.9/jackson-jaxrs-json-provider-2.9.9.jar:/home/user/.m2/repository/com/fasterxml/jackson/jaxrs/jackson-jaxrs-base/2.9.9/jackson-jaxrs-base-2.9.9.jar:/home/user/.m2/repository/org/apache/hadoop/hadoop-yarn-client/3.2.0/hadoop-yarn-client-3.2.0.jar:/home/user/.m2/repository/org/apache/hadoop/hadoop-mapreduce-client-core/3.2.0/hadoop-mapreduce-client-core-3.2.0.jar:/home/user/.m2/repository/com/google/inject/extensions/guice-servlet/4.0/guice-servlet-4.0.jar:/home/user/.m2/repository/org/powermock/powermock-module-junit4/1.6.5/powermock-module-junit4-1.6.5.jar:/home/user/.m2/repository/org/powermock/powermock-module-junit4-common/1.6.5/powermock-module-junit4-common-1.6.5.jar:/home/user/.m2/repository/org/powermock/powermock-core/1.6.5/powermock-core-1.6.5.jar:/home/user/.m2/repository/org/powermock/powermock-reflect/1.6.5/powermock-reflect-1.6.5.jar:/home/user/.m2/repository/org/powermock/powermock-api-mockito/1.6.5/powermock-api-mockito-1.6.5.jar:/home/user/.m2/repository/org/mockito/mockito-core/1.10.19/mockito-core-1.10.19.jar:/home/user/.m2/repository/org/objenesis/objenesis/1.0/objenesis-1.0.jar:/home/user/.m2/repository/org/powermock/powermock-api-mockito-common/1.6.5/powermock-api-mockito-common-1.6.5.jar:/home/user/.m2/repository/org/powermock/powermock-api-support/1.6.5/powermock-api-support-1.6.5.jar:"/>
    <property name="java.vm.vendor" value="IcedTea"/>
    <property name="sun.arch.data.model" value="64"/>
    <property name="test.build.dir" value="/workdir/hadoop-ozone/ozonefs/target/test-dir"/>
    <property name="test.cache.data" value=""/>
    <property name="java.vendor.url" value="https://icedtea.classpath.org"/>
    <property name="user.timezone" value=""/>
    <property name="java.vm.specification.version" value="1.8"/>
    <property name="os.name" value="Linux"/>
    <property name="test.build.data" value="/workdir/hadoop-ozone/ozonefs/target/test-dir"/>
    <property name="user.country" value="US"/>
    <property name="sun.java.launcher" value="SUN_STANDARD"/>
    <property name="sun.boot.library.path" value="/usr/lib/jvm/java-1.8-openjdk/jre/lib/amd64"/>
    <property name="sun.java.command" value="/workdir/hadoop-ozone/ozonefs/target/surefire/surefirebooter5751211901797709198.jar /workdir/hadoop-ozone/ozonefs/target/surefire 2019-09-26T11-49-28_115-jvmRun1 surefire5748152599181942630tmp surefire_1064437856613982044524tmp"/>
    <property name="test" value="!TestMiniChaosOzoneCluster"/>
    <property name="surefire.test.class.path" value="/workdir/hadoop-ozone/ozonefs/target/test-classes:/workdir/hadoop-ozone/ozonefs/target/classes:/home/user/.m2/repository/org/apache/hadoop/hadoop-common/3.2.0/hadoop-common-3.2.0.jar:/home/user/.m2/repository/org/apache/hadoop/hadoop-annotations/3.2.0/hadoop-annotations-3.2.0.jar:/usr/lib/jvm/java-1.8-openjdk/jre/../lib/tools.jar:/home/user/.m2/repository/com/google/guava/guava/11.0.2/guava-11.0.2.jar:/home/user/.m2/repository/commons-cli/commons-cli/1.2/commons-cli-1.2.jar:/home/user/.m2/repository/org/apache/commons/commons-math3/3.1.1/commons-math3-3.1.1.jar:/home/user/.m2/repository/org/apache/httpcomponents/httpclient/4.5.2/httpclient-4.5.2.jar:/home/user/.m2/repository/org/apache/httpcomponents/httpcore/4.4.4/httpcore-4.4.4.jar:/home/user/.m2/repository/commons-codec/commons-codec/1.11/commons-codec-1.11.jar:/home/user/.m2/repository/commons-io/commons-io/2.5/commons-io-2.5.jar:/home/user/.m2/repository/commons-net/commons-net/3.6/commons-net-3.6.jar:/home/user/.m2/repository/commons-collections/commons-collections/3.2.2/commons-collections-3.2.2.jar:/home/user/.m2/repository/javax/servlet/javax.servlet-api/3.1.0/javax.servlet-api-3.1.0.jar:/home/user/.m2/repository/org/eclipse/jetty/jetty-server/9.3.25.v20180904/jetty-server-9.3.25.v20180904.jar:/home/user/.m2/repository/org/eclipse/jetty/jetty-http/9.3.25.v20180904/jetty-http-9.3.25.v20180904.jar:/home/user/.m2/repository/org/eclipse/jetty/jetty-io/9.3.25.v20180904/jetty-io-9.3.25.v20180904.jar:/home/user/.m2/repository/org/eclipse/jetty/jetty-util/9.3.25.v20180904/jetty-util-9.3.25.v20180904.jar:/home/user/.m2/repository/org/eclipse/jetty/jetty-servlet/9.3.25.v20180904/jetty-servlet-9.3.25.v20180904.jar:/home/user/.m2/repository/org/eclipse/jetty/jetty-security/9.3.25.v20180904/jetty-security-9.3.25.v20180904.jar:/home/user/.m2/repository/org/eclipse/jetty/jetty-webapp/9.3.25.v20180904/jetty-webapp-9.3.25.v20180904.jar:/home/user/.m2/repository/org/eclipse/jetty/jetty-xml/9.3.25.v20180904/jetty-xml-9.3.25.v20180904.jar:/home/user/.m2/repository/javax/servlet/jsp/jsp-api/2.1/jsp-api-2.1.jar:/home/user/.m2/repository/com/sun/jersey/jersey-core/1.19/jersey-core-1.19.jar:/home/user/.m2/repository/javax/ws/rs/jsr311-api/1.1.1/jsr311-api-1.1.1.jar:/home/user/.m2/repository/com/sun/jersey/jersey-servlet/1.19/jersey-servlet-1.19.jar:/home/user/.m2/repository/com/sun/jersey/jersey-json/1.19/jersey-json-1.19.jar:/home/user/.m2/repository/org/codehaus/jettison/jettison/1.1/jettison-1.1.jar:/home/user/.m2/repository/com/sun/xml/bind/jaxb-impl/2.3.0.1/jaxb-impl-2.3.0.1.jar:/home/user/.m2/repository/org/codehaus/jackson/jackson-core-asl/1.9.13/jackson-core-asl-1.9.13.jar:/home/user/.m2/repository/org/codehaus/jackson/jackson-mapper-asl/1.9.13/jackson-mapper-asl-1.9.13.jar:/home/user/.m2/repository/org/codehaus/jackson/jackson-jaxrs/1.9.13/jackson-jaxrs-1.9.13.jar:/home/user/.m2/repository/org/codehaus/jackson/jackson-xc/1.9.13/jackson-xc-1.9.13.jar:/home/user/.m2/repository/com/sun/jersey/jersey-server/1.19/jersey-server-1.19.jar:/home/user/.m2/repository/commons-logging/commons-logging/1.1.3/commons-logging-1.1.3.jar:/home/user/.m2/repository/log4j/log4j/1.2.17/log4j-1.2.17.jar:/home/user/.m2/repository/commons-beanutils/commons-beanutils/1.9.4/commons-beanutils-1.9.4.jar:/home/user/.m2/repository/org/apache/commons/commons-configuration2/2.1.1/commons-configuration2-2.1.1.jar:/home/user/.m2/repository/org/apache/commons/commons-lang3/3.7/commons-lang3-3.7.jar:/home/user/.m2/repository/org/apache/commons/commons-text/1.4/commons-text-1.4.jar:/home/user/.m2/repository/org/slf4j/slf4j-api/1.7.25/slf4j-api-1.7.25.jar:/home/user/.m2/repository/org/slf4j/slf4j-log4j12/1.7.25/slf4j-log4j12-1.7.25.jar:/home/user/.m2/repository/org/apache/avro/avro/1.7.7/avro-1.7.7.jar:/home/user/.m2/repository/com/thoughtworks/paranamer/paranamer/2.3/paranamer-2.3.jar:/home/user/.m2/repository/org/xerial/snappy/snappy-java/1.0.5/snappy-java-1.0.5.jar:/home/user/.m2/repository/com/google/re2j/re2j/1.1/re2j-1.1.jar:/home/user/.m2/repository/com/google/protobuf/protobuf-java/2.5.0/protobuf-java-2.5.0.jar:/home/user/.m2/repository/com/google/code/gson/gson/2.2.4/gson-2.2.4.jar:/home/user/.m2/repository/org/apache/hadoop/hadoop-auth/3.2.0/hadoop-auth-3.2.0.jar:/home/user/.m2/repository/com/nimbusds/nimbus-jose-jwt/4.41.1/nimbus-jose-jwt-4.41.1.jar:/home/user/.m2/repository/com/github/stephenc/jcip/jcip-annotations/1.0-1/jcip-annotations-1.0-1.jar:/home/user/.m2/repository/net/minidev/json-smart/2.3/json-smart-2.3.jar:/home/user/.m2/repository/net/minidev/accessors-smart/1.2/accessors-smart-1.2.jar:/home/user/.m2/repository/org/apache/curator/curator-framework/2.12.0/curator-framework-2.12.0.jar:/home/user/.m2/repository/com/jcraft/jsch/0.1.54/jsch-0.1.54.jar:/home/user/.m2/repository/org/apache/curator/curator-client/2.12.0/curator-client-2.12.0.jar:/home/user/.m2/repository/org/apache/curator/curator-recipes/2.12.0/curator-recipes-2.12.0.jar:/home/user/.m2/repository/com/google/code/findbugs/jsr305/3.0.0/jsr305-3.0.0.jar:/home/user/.m2/repository/org/apache/htrace/htrace-core4/4.1.0-incubating/htrace-core4-4.1.0-incubating.jar:/home/user/.m2/repository/org/apache/zookeeper/zookeeper/3.4.13/zookeeper-3.4.13.jar:/home/user/.m2/repository/jline/jline/0.9.94/jline-0.9.94.jar:/home/user/.m2/repository/org/apache/yetus/audience-annotations/0.5.0/audience-annotations-0.5.0.jar:/home/user/.m2/repository/org/apache/commons/commons-compress/1.4.1/commons-compress-1.4.1.jar:/home/user/.m2/repository/org/tukaani/xz/1.0/xz-1.0.jar:/home/user/.m2/repository/org/apache/kerby/kerb-simplekdc/1.0.1/kerb-simplekdc-1.0.1.jar:/home/user/.m2/repository/org/apache/kerby/kerb-client/1.0.1/kerb-client-1.0.1.jar:/home/user/.m2/repository/org/apache/kerby/kerby-config/1.0.1/kerby-config-1.0.1.jar:/home/user/.m2/repository/org/apache/kerby/kerb-core/1.0.1/kerb-core-1.0.1.jar:/home/user/.m2/repository/org/apache/kerby/kerby-pkix/1.0.1/kerby-pkix-1.0.1.jar:/home/user/.m2/repository/org/apache/kerby/kerby-asn1/1.0.1/kerby-asn1-1.0.1.jar:/home/user/.m2/repository/org/apache/kerby/kerby-util/1.0.1/kerby-util-1.0.1.jar:/home/user/.m2/repository/org/apache/kerby/kerb-common/1.0.1/kerb-common-1.0.1.jar:/home/user/.m2/repository/org/apache/kerby/kerb-crypto/1.0.1/kerb-crypto-1.0.1.jar:/home/user/.m2/repository/org/apache/kerby/kerb-util/1.0.1/kerb-util-1.0.1.jar:/home/user/.m2/repository/org/apache/kerby/token-provider/1.0.1/token-provider-1.0.1.jar:/home/user/.m2/repository/org/apache/kerby/kerb-admin/1.0.1/kerb-admin-1.0.1.jar:/home/user/.m2/repository/org/apache/kerby/kerb-server/1.0.1/kerb-server-1.0.1.jar:/home/user/.m2/repository/org/apache/kerby/kerb-identity/1.0.1/kerb-identity-1.0.1.jar:/home/user/.m2/repository/org/apache/kerby/kerby-xdr/1.0.1/kerby-xdr-1.0.1.jar:/home/user/.m2/repository/com/fasterxml/jackson/core/jackson-databind/2.9.9/jackson-databind-2.9.9.jar:/home/user/.m2/repository/com/fasterxml/jackson/core/jackson-annotations/2.9.9/jackson-annotations-2.9.9.jar:/home/user/.m2/repository/com/fasterxml/jackson/core/jackson-core/2.9.9/jackson-core-2.9.9.jar:/home/user/.m2/repository/org/codehaus/woodstox/stax2-api/3.1.4/stax2-api-3.1.4.jar:/home/user/.m2/repository/com/fasterxml/woodstox/woodstox-core/5.0.3/woodstox-core-5.0.3.jar:/home/user/.m2/repository/dnsjava/dnsjava/2.1.7/dnsjava-2.1.7.jar:/home/user/.m2/repository/org/apache/hadoop/hadoop-hdfs/3.2.0/hadoop-hdfs-3.2.0.jar:/home/user/.m2/repository/org/eclipse/jetty/jetty-util-ajax/9.3.25.v20180904/jetty-util-ajax-9.3.25.v20180904.jar:/home/user/.m2/repository/commons-daemon/commons-daemon/1.0.13/commons-daemon-1.0.13.jar:/home/user/.m2/repository/io/netty/netty/3.10.5.Final/netty-3.10.5.Final.jar:/home/user/.m2/repository/io/netty/netty-all/4.0.52.Final/netty-all-4.0.52.Final.jar:/home/user/.m2/repository/org/fusesource/leveldbjni/leveldbjni-all/1.8/leveldbjni-all-1.8.jar:/home/user/.m2/repository/org/apache/hadoop/hadoop-hdds-common/0.5.0-SNAPSHOT/hadoop-hdds-common-0.5.0-SNAPSHOT.jar:/home/user/.m2/repository/org/apache/hadoop/hadoop-hdds-config/0.5.0-SNAPSHOT/hadoop-hdds-config-0.5.0-SNAPSHOT.jar:/home/user/.m2/repository/javax/annotation/javax.annotation-api/1.2/javax.annotation-api-1.2.jar:/home/user/.m2/repository/org/apache/ratis/ratis-server/0.4.0/ratis-server-0.4.0.jar:/home/user/.m2/repository/org/apache/ratis/ratis-thirdparty-misc/0.2.0/ratis-thirdparty-misc-0.2.0.jar:/home/user/.m2/repository/org/apache/ratis/ratis-proto/0.4.0/ratis-proto-0.4.0.jar:/home/user/.m2/repository/org/apache/ratis/ratis-common/0.4.0/ratis-common-0.4.0.jar:/home/user/.m2/repository/org/apache/ratis/ratis-client/0.4.0/ratis-client-0.4.0.jar:/home/user/.m2/repository/org/apache/ratis/ratis-metrics/0.4.0/ratis-metrics-0.4.0.jar:/home/user/.m2/repository/com/github/joshelser/dropwizard-metrics-hadoop-metrics2-reporter/0.1.2/dropwizard-metrics-hadoop-metrics2-reporter-0.1.2.jar:/home/user/.m2/repository/io/dropwizard/metrics/metrics-jvm/3.2.5/metrics-jvm-3.2.5.jar:/home/user/.m2/repository/io/dropwizard/metrics/metrics-ganglia/3.2.5/metrics-ganglia-3.2.5.jar:/home/user/.m2/repository/info/ganglia/gmetric4j/gmetric4j/1.0.7/gmetric4j-1.0.7.jar:/home/user/.m2/repository/org/apache/ratis/ratis-netty/0.4.0/ratis-netty-0.4.0.jar:/home/user/.m2/repository/org/apache/ratis/ratis-grpc/0.4.0/ratis-grpc-0.4.0.jar:/home/user/.m2/repository/org/rocksdb/rocksdbjni/6.0.1/rocksdbjni-6.0.1.jar:/home/user/.m2/repository/org/apache/logging/log4j/log4j-api/2.11.0/log4j-api-2.11.0.jar:/home/user/.m2/repository/org/apache/logging/log4j/log4j-core/2.11.0/log4j-core-2.11.0.jar:/home/user/.m2/repository/com/lmax/disruptor/3.4.2/disruptor-3.4.2.jar:/home/user/.m2/repository/org/apache/commons/commons-pool2/2.6.0/commons-pool2-2.6.0.jar:/home/user/.m2/repository/org/bouncycastle/bcpkix-jdk15on/1.60/bcpkix-jdk15on-1.60.jar:/home/user/.m2/repository/commons-validator/commons-validator/1.6/commons-validator-1.6.jar:/home/user/.m2/repository/commons-digester/commons-digester/1.8.1/commons-digester-1.8.1.jar:/home/user/.m2/repository/io/jaegertracing/jaeger-client/0.34.0/jaeger-client-0.34.0.jar:/home/user/.m2/repository/io/jaegertracing/jaeger-thrift/0.34.0/jaeger-thrift-0.34.0.jar:/home/user/.m2/repository/org/apache/thrift/libthrift/0.12.0/libthrift-0.12.0.jar:/home/user/.m2/repository/com/squareup/okhttp3/okhttp/3.9.0/okhttp-3.9.0.jar:/home/user/.m2/repository/com/squareup/okio/okio/1.13.0/okio-1.13.0.jar:/home/user/.m2/repository/io/jaegertracing/jaeger-core/0.34.0/jaeger-core-0.34.0.jar:/home/user/.m2/repository/io/jaegertracing/jaeger-tracerresolver/0.34.0/jaeger-tracerresolver-0.34.0.jar:/home/user/.m2/repository/io/opentracing/contrib/opentracing-tracerresolver/0.1.5/opentracing-tracerresolver-0.1.5.jar:/home/user/.m2/repository/io/opentracing/opentracing-util/0.31.0/opentracing-util-0.31.0.jar:/home/user/.m2/repository/io/opentracing/opentracing-api/0.31.0/opentracing-api-0.31.0.jar:/home/user/.m2/repository/io/opentracing/opentracing-noop/0.31.0/opentracing-noop-0.31.0.jar:/home/user/.m2/repository/org/yaml/snakeyaml/1.16/snakeyaml-1.16.jar:/home/user/.m2/repository/org/apache/hadoop/hadoop-hdfs-client/3.2.0/hadoop-hdfs-client-3.2.0.jar:/home/user/.m2/repository/info/picocli/picocli/3.9.6/picocli-3.9.6.jar:/home/user/.m2/repository/org/apache/hadoop/hadoop-hdds-server-scm/0.5.0-SNAPSHOT/hadoop-hdds-server-scm-0.5.0-SNAPSHOT.jar:/home/user/.m2/repository/org/apache/hadoop/hadoop-hdds-docs/0.5.0-SNAPSHOT/hadoop-hdds-docs-0.5.0-SNAPSHOT.jar:/home/user/.m2/repository/io/dropwizard/metrics/metrics-core/3.2.4/metrics-core-3.2.4.jar:/home/user/.m2/repository/org/hamcrest/hamcrest-all/1.3/hamcrest-all-1.3.jar:/home/user/.m2/repository/org/bouncycastle/bcprov-jdk15on/1.60/bcprov-jdk15on-1.60.jar:/home/user/.m2/repository/org/apache/hadoop/hadoop-hdds-server-framework/0.5.0-SNAPSHOT/hadoop-hdds-server-framework-0.5.0-SNAPSHOT.jar:/home/user/.m2/repository/org/apache/hadoop/hadoop-ozone-ozone-manager/0.5.0-SNAPSHOT/hadoop-ozone-ozone-manager-0.5.0-SNAPSHOT.jar:/home/user/.m2/repository/org/apache/hadoop/hadoop-hdds-container-service/0.5.0-SNAPSHOT/hadoop-hdds-container-service-0.5.0-SNAPSHOT.jar:/home/user/.m2/repository/org/apache/hadoop/hadoop-hdds-client/0.5.0-SNAPSHOT/hadoop-hdds-client-0.5.0-SNAPSHOT.jar:/home/user/.m2/repository/org/apache/hadoop/hadoop-ozone-common/0.5.0-SNAPSHOT/hadoop-ozone-common-0.5.0-SNAPSHOT.jar:/home/user/.m2/repository/org/apache/hadoop/hadoop-hdds-tools/0.5.0-SNAPSHOT/hadoop-hdds-tools-0.5.0-SNAPSHOT.jar:/home/user/.m2/repository/org/xerial/sqlite-jdbc/3.25.2/sqlite-jdbc-3.25.2.jar:/home/user/.m2/repository/com/google/code/findbugs/findbugs/3.0.1/findbugs-3.0.1.jar:/home/user/.m2/repository/net/jcip/jcip-annotations/1.0/jcip-annotations-1.0.jar:/home/user/.m2/repository/com/google/code/findbugs/bcel-findbugs/6.0/bcel-findbugs-6.0.jar:/home/user/.m2/repository/com/google/code/findbugs/jFormatString/2.0.1/jFormatString-2.0.1.jar:/home/user/.m2/repository/dom4j/dom4j/1.6.1/dom4j-1.6.1.jar:/home/user/.m2/repository/xml-apis/xml-apis/1.0.b2/xml-apis-1.0.b2.jar:/home/user/.m2/repository/org/ow2/asm/asm-debug-all/5.0.2/asm-debug-all-5.0.2.jar:/home/user/.m2/repository/org/ow2/asm/asm-commons/5.0.2/asm-commons-5.0.2.jar:/home/user/.m2/repository/org/ow2/asm/asm-tree/5.0.2/asm-tree-5.0.2.jar:/home/user/.m2/repository/org/ow2/asm/asm/5.0.4/asm-5.0.4.jar:/home/user/.m2/repository/commons-lang/commons-lang/2.6/commons-lang-2.6.jar:/home/user/.m2/repository/com/apple/AppleJavaExtensions/1.4/AppleJavaExtensions-1.4.jar:/home/user/.m2/repository/jaxen/jaxen/1.1.6/jaxen-1.1.6.jar:/home/user/.m2/repository/org/apache/hadoop/hadoop-common/3.2.0/hadoop-common-3.2.0-tests.jar:/home/user/.m2/repository/org/apache/hadoop/hadoop-ozone-client/0.5.0-SNAPSHOT/hadoop-ozone-client-0.5.0-SNAPSHOT.jar:/home/user/.m2/repository/org/apache/hadoop/hadoop-hdfs/3.2.0/hadoop-hdfs-3.2.0-tests.jar:/workdir/hadoop-ozone/integration-test/target/test-classes:/home/user/.m2/repository/org/apache/hadoop/hadoop-ozone-s3gateway/0.5.0-SNAPSHOT/hadoop-ozone-s3gateway-0.5.0-SNAPSHOT.jar:/home/user/.m2/repository/org/jboss/weld/servlet/weld-servlet/2.4.7.Final/weld-servlet-2.4.7.Final.jar:/home/user/.m2/repository/org/glassfish/jersey/containers/jersey-container-servlet-core/2.27/jersey-container-servlet-core-2.27.jar:/home/user/.m2/repository/org/glassfish/hk2/external/javax.inject/2.5.0-b42/javax.inject-2.5.0-b42.jar:/home/user/.m2/repository/org/glassfish/jersey/core/jersey-common/2.27/jersey-common-2.27.jar:/home/user/.m2/repository/org/glassfish/hk2/osgi-resource-locator/1.0.1/osgi-resource-locator-1.0.1.jar:/home/user/.m2/repository/javax/ws/rs/javax.ws.rs-api/2.1/javax.ws.rs-api-2.1.jar:/home/user/.m2/repository/org/glassfish/jersey/ext/cdi/jersey-cdi1x/2.27/jersey-cdi1x-2.27.jar:/home/user/.m2/repository/org/glassfish/jersey/inject/jersey-hk2/2.27/jersey-hk2-2.27.jar:/home/user/.m2/repository/org/glassfish/hk2/hk2-locator/2.5.0-b42/hk2-locator-2.5.0-b42.jar:/home/user/.m2/repository/org/javassist/javassist/3.22.0-CR2/javassist-3.22.0-CR2.jar:/home/user/.m2/repository/org/glassfish/hk2/hk2-api/2.5.0/hk2-api-2.5.0.jar:/home/user/.m2/repository/org/glassfish/hk2/external/jakarta.inject/2.5.0/jakarta.inject-2.5.0.jar:/home/user/.m2/repository/org/glassfish/hk2/hk2-utils/2.5.0/hk2-utils-2.5.0.jar:/home/user/.m2/repository/jakarta/annotation/jakarta.annotation-api/1.3.4/jakarta.annotation-api-1.3.4.jar:/home/user/.m2/repository/org/glassfish/hk2/external/aopalliance-repackaged/2.5.0/aopalliance-repackaged-2.5.0.jar:/home/user/.m2/repository/com/fasterxml/jackson/dataformat/jackson-dataformat-xml/2.9.0/jackson-dataformat-xml-2.9.0.jar:/home/user/.m2/repository/com/fasterxml/jackson/module/jackson-module-jaxb-annotations/2.9.9/jackson-module-jaxb-annotations-2.9.9.jar:/home/user/.m2/repository/javax/enterprise/cdi-api/1.2/cdi-api-1.2.jar:/home/user/.m2/repository/javax/el/javax.el-api/3.0.0/javax.el-api-3.0.0.jar:/home/user/.m2/repository/javax/interceptor/javax.interceptor-api/1.2/javax.interceptor-api-1.2.jar:/home/user/.m2/repository/javax/inject/javax.inject/1/javax.inject-1.jar:/home/user/.m2/repository/com/sun/xml/bind/jaxb-core/2.3.0.1/jaxb-core-2.3.0.1.jar:/home/user/.m2/repository/javax/xml/bind/jaxb-api/2.3.0/jaxb-api-2.3.0.jar:/home/user/.m2/repository/javax/activation/activation/1.1.1/activation-1.1.1.jar:/home/user/.m2/repository/org/apache/hadoop/hadoop-ozone-csi/0.5.0-SNAPSHOT/hadoop-ozone-csi-0.5.0-SNAPSHOT.jar:/home/user/.m2/repository/com/google/protobuf/protobuf-java-util/3.5.1/protobuf-java-util-3.5.1.jar:/home/user/.m2/repository/io/grpc/grpc-netty/1.17.1/grpc-netty-1.17.1.jar:/home/user/.m2/repository/io/grpc/grpc-core/1.17.1/grpc-core-1.17.1.jar:/home/user/.m2/repository/io/grpc/grpc-context/1.17.1/grpc-context-1.17.1.jar:/home/user/.m2/repository/com/google/errorprone/error_prone_annotations/2.2.0/error_prone_annotations-2.2.0.jar:/home/user/.m2/repository/org/codehaus/mojo/animal-sniffer-annotations/1.17/animal-sniffer-annotations-1.17.jar:/home/user/.m2/repository/io/opencensus/opencensus-api/0.17.0/opencensus-api-0.17.0.jar:/home/user/.m2/repository/io/opencensus/opencensus-contrib-grpc-metrics/0.17.0/opencensus-contrib-grpc-metrics-0.17.0.jar:/home/user/.m2/repository/io/netty/netty-codec-http2/4.1.30.Final/netty-codec-http2-4.1.30.Final.jar:/home/user/.m2/repository/io/netty/netty-codec-http/4.1.30.Final/netty-codec-http-4.1.30.Final.jar:/home/user/.m2/repository/io/netty/netty-codec/4.1.30.Final/netty-codec-4.1.30.Final.jar:/home/user/.m2/repository/io/netty/netty-handler/4.1.30.Final/netty-handler-4.1.30.Final.jar:/home/user/.m2/repository/io/netty/netty-handler-proxy/4.1.30.Final/netty-handler-proxy-4.1.30.Final.jar:/home/user/.m2/repository/io/netty/netty-codec-socks/4.1.30.Final/netty-codec-socks-4.1.30.Final.jar:/home/user/.m2/repository/io/netty/netty-transport-native-epoll/4.1.30.Final/netty-transport-native-epoll-4.1.30.Final.jar:/home/user/.m2/repository/io/netty/netty-common/4.1.30.Final/netty-common-4.1.30.Final.jar:/home/user/.m2/repository/io/netty/netty-buffer/4.1.30.Final/netty-buffer-4.1.30.Final.jar:/home/user/.m2/repository/io/netty/netty-transport/4.1.30.Final/netty-transport-4.1.30.Final.jar:/home/user/.m2/repository/io/netty/netty-resolver/4.1.30.Final/netty-resolver-4.1.30.Final.jar:/home/user/.m2/repository/io/netty/netty-transport-native-unix-common/4.1.30.Final/netty-transport-native-unix-common-4.1.30.Final.jar:/home/user/.m2/repository/io/grpc/grpc-protobuf/1.17.1/grpc-protobuf-1.17.1.jar:/home/user/.m2/repository/com/google/api/grpc/proto-google-common-protos/1.0.0/proto-google-common-protos-1.0.0.jar:/home/user/.m2/repository/io/grpc/grpc-protobuf-lite/1.17.1/grpc-protobuf-lite-1.17.1.jar:/home/user/.m2/repository/io/grpc/grpc-stub/1.17.1/grpc-stub-1.17.1.jar:/home/user/.m2/repository/org/apache/hadoop/hadoop-ozone-recon/0.5.0-SNAPSHOT/hadoop-ozone-recon-0.5.0-SNAPSHOT.jar:/home/user/.m2/repository/org/apache/hadoop/hadoop-ozone-reconcodegen/0.5.0-SNAPSHOT/hadoop-ozone-reconcodegen-0.5.0-SNAPSHOT.jar:/home/user/.m2/repository/com/google/inject/extensions/guice-multibindings/4.0/guice-multibindings-4.0.jar:/home/user/.m2/repository/com/google/inject/guice/4.0/guice-4.0.jar:/home/user/.m2/repository/aopalliance/aopalliance/1.0/aopalliance-1.0.jar:/home/user/.m2/repository/org/glassfish/jersey/containers/jersey-container-servlet/2.27/jersey-container-servlet-2.27.jar:/home/user/.m2/repository/org/glassfish/hk2/guice-bridge/2.5.0/guice-bridge-2.5.0.jar:/home/user/.m2/repository/org/glassfish/jersey/core/jersey-server/2.27/jersey-server-2.27.jar:/home/user/.m2/repository/org/glassfish/jersey/core/jersey-client/2.27/jersey-client-2.27.jar:/home/user/.m2/repository/org/glassfish/jersey/media/jersey-media-jaxb/2.27/jersey-media-jaxb-2.27.jar:/home/user/.m2/repository/javax/validation/validation-api/1.1.0.Final/validation-api-1.1.0.Final.jar:/home/user/.m2/repository/org/glassfish/jersey/media/jersey-media-json-jackson/2.27/jersey-media-json-jackson-2.27.jar:/home/user/.m2/repository/org/glassfish/jersey/ext/jersey-entity-filtering/2.27/jersey-entity-filtering-2.27.jar:/home/user/.m2/repository/com/google/inject/extensions/guice-assistedinject/4.0/guice-assistedinject-4.0.jar:/home/user/.m2/repository/org/jooq/jooq/3.11.10/jooq-3.11.10.jar:/home/user/.m2/repository/org/jooq/jooq-meta/3.11.10/jooq-meta-3.11.10.jar:/home/user/.m2/repository/org/jooq/jooq-codegen/3.11.10/jooq-codegen-3.11.10.jar:/home/user/.m2/repository/com/jolbox/bonecp/0.8.0.RELEASE/bonecp-0.8.0.RELEASE.jar:/home/user/.m2/repository/org/springframework/spring-jdbc/5.1.3.RELEASE/spring-jdbc-5.1.3.RELEASE.jar:/home/user/.m2/repository/org/springframework/spring-beans/5.1.3.RELEASE/spring-beans-5.1.3.RELEASE.jar:/home/user/.m2/repository/org/springframework/spring-core/5.1.3.RELEASE/spring-core-5.1.3.RELEASE.jar:/home/user/.m2/repository/org/springframework/spring-jcl/5.1.3.RELEASE/spring-jcl-5.1.3.RELEASE.jar:/home/user/.m2/repository/org/springframework/spring-tx/5.1.3.RELEASE/spring-tx-5.1.3.RELEASE.jar:/home/user/.m2/repository/org/mockito/mockito-all/1.10.19/mockito-all-1.10.19.jar:/home/user/.m2/repository/junit/junit/4.11/junit-4.11.jar:/home/user/.m2/repository/org/hamcrest/hamcrest-core/1.3/hamcrest-core-1.3.jar:/home/user/.m2/repository/org/apache/hadoop/hadoop-distcp/3.2.0/hadoop-distcp-3.2.0.jar:/home/user/.m2/repository/org/apache/hadoop/hadoop-distcp/3.2.0/hadoop-distcp-3.2.0-tests.jar:/home/user/.m2/repository/org/apache/hadoop/hadoop-mapreduce-client-jobclient/3.2.0/hadoop-mapreduce-client-jobclient-3.2.0.jar:/home/user/.m2/repository/org/apache/hadoop/hadoop-mapreduce-client-common/3.2.0/hadoop-mapreduce-client-common-3.2.0.jar:/home/user/.m2/repository/org/apache/hadoop/hadoop-yarn-common/3.2.0/hadoop-yarn-common-3.2.0.jar:/home/user/.m2/repository/org/apache/hadoop/hadoop-yarn-api/3.2.0/hadoop-yarn-api-3.2.0.jar:/home/user/.m2/repository/com/sun/jersey/jersey-client/1.19/jersey-client-1.19.jar:/home/user/.m2/repository/com/sun/jersey/contribs/jersey-guice/1.19/jersey-guice-1.19.jar:/home/user/.m2/repository/com/fasterxml/jackson/jaxrs/jackson-jaxrs-json-provider/2.9.9/jackson-jaxrs-json-provider-2.9.9.jar:/home/user/.m2/repository/com/fasterxml/jackson/jaxrs/jackson-jaxrs-base/2.9.9/jackson-jaxrs-base-2.9.9.jar:/home/user/.m2/repository/org/apache/hadoop/hadoop-yarn-client/3.2.0/hadoop-yarn-client-3.2.0.jar:/home/user/.m2/repository/org/apache/hadoop/hadoop-mapreduce-client-core/3.2.0/hadoop-mapreduce-client-core-3.2.0.jar:/home/user/.m2/repository/com/google/inject/extensions/guice-servlet/4.0/guice-servlet-4.0.jar:/home/user/.m2/repository/org/powermock/powermock-module-junit4/1.6.5/powermock-module-junit4-1.6.5.jar:/home/user/.m2/repository/org/powermock/powermock-module-junit4-common/1.6.5/powermock-module-junit4-common-1.6.5.jar:/home/user/.m2/repository/org/powermock/powermock-core/1.6.5/powermock-core-1.6.5.jar:/home/user/.m2/repository/org/powermock/powermock-reflect/1.6.5/powermock-reflect-1.6.5.jar:/home/user/.m2/repository/org/powermock/powermock-api-mockito/1.6.5/powermock-api-mockito-1.6.5.jar:/home/user/.m2/repository/org/mockito/mockito-core/1.10.19/mockito-core-1.10.19.jar:/home/user/.m2/repository/org/objenesis/objenesis/1.0/objenesis-1.0.jar:/home/user/.m2/repository/org/powermock/powermock-api-mockito-common/1.6.5/powermock-api-mockito-common-1.6.5.jar:/home/user/.m2/repository/org/powermock/powermock-api-support/1.6.5/powermock-api-support-1.6.5.jar:"/>
    <property name="sun.cpu.endian" value="little"/>
    <property name="user.home" value="/home/user"/>
    <property name="user.language" value="en"/>
    <property name="java.specification.vendor" value="Oracle Corporation"/>
    <property name="java.home" value="/usr/lib/jvm/java-1.8-openjdk/jre"/>
    <property name="java.security.krb5.conf" value="/workdir/hadoop-ozone/ozonefs/target/test-classes/krb5.conf"/>
    <property name="basedir" value="/workdir/hadoop-ozone/ozonefs"/>
    <property name="file.separator" value="/"/>
    <property name="line.separator" value="&#10;"/>
    <property name="java.vm.specification.vendor" value="Oracle Corporation"/>
    <property name="java.specification.name" value="Java Platform API Specification"/>
    <property name="java.awt.graphicsenv" value="sun.awt.X11GraphicsEnvironment"/>
    <property name="surefire.real.class.path" value="/workdir/hadoop-ozone/ozonefs/target/surefire/surefirebooter5751211901797709198.jar"/>
    <property name="hadoop.log.dir" value="/workdir/hadoop-ozone/ozonefs/target/log"/>
    <property name="sun.boot.class.path" value="/usr/lib/jvm/java-1.8-openjdk/jre/lib/resources.jar:/usr/lib/jvm/java-1.8-openjdk/jre/lib/rt.jar:/usr/lib/jvm/java-1.8-openjdk/jre/lib/sunrsasign.jar:/usr/lib/jvm/java-1.8-openjdk/jre/lib/jsse.jar:/usr/lib/jvm/java-1.8-openjdk/jre/lib/jce.jar:/usr/lib/jvm/java-1.8-openjdk/jre/lib/charsets.jar:/usr/lib/jvm/java-1.8-openjdk/jre/lib/jfr.jar:/usr/lib/jvm/java-1.8-openjdk/jre/classes"/>
    <property name="sun.management.compiler" value="HotSpot 64-Bit Tiered Compilers"/>
    <property name="java.runtime.version" value="1.8.0_212-b04"/>
    <property name="java.net.preferIPv4Stack" value="true"/>
    <property name="user.name" value="jenkins1000"/>
    <property name="path.separator" value=":"/>
    <property name="java.security.egd" value="file:///dev/urandom"/>
    <property name="os.version" value="3.10.0-957.12.2.el7.x86_64"/>
    <property name="java.endorsed.dirs" value="/usr/lib/jvm/java-1.8-openjdk/jre/lib/endorsed"/>
    <property name="java.runtime.name" value="OpenJDK Runtime Environment"/>
    <property name="file.encoding" value="UTF-8"/>
    <property name="java.vm.name" value="OpenJDK 64-Bit Server VM"/>
    <property name="test.build.webapps" value=""/>
    <property name="localRepository" value="/home/user/.m2/repository"/>
    <property name="java.vendor.url.bug" value="https://icedtea.classpath.org/bugzilla"/>
    <property name="java.io.tmpdir" value="/tmp"/>
    <property name="require.test.libhadoop" value=""/>
    <property name="java.version" value="1.8.0_212"/>
    <property name="user.dir" value="/workdir/hadoop-ozone/ozonefs"/>
    <property name="os.arch" value="amd64"/>
    <property name="java.vm.specification.name" value="Java Virtual Machine Specification"/>
    <property name="test.build.classes" value="/workdir/hadoop-ozone/ozonefs/target/test-classes"/>
    <property name="java.awt.printerjob" value="sun.print.PSPrinterJob"/>
    <property name="sun.os.patch.level" value="unknown"/>
    <property name="hadoop.tmp.dir" value="/workdir/hadoop-ozone/ozonefs/target/tmp"/>
    <property name="java.library.path" value="/usr/lib/jvm/java-1.8-openjdk/jre/lib/amd64/server:/usr/lib/jvm/java-1.8-openjdk/jre/lib/amd64:/usr/lib/jvm/java-1.8-openjdk/jre/../lib/amd64:/workdir/hadoop-ozone/ozonefs/target/native/target/usr/local/lib:/workdir/hadoop-ozone/ozonefs/../../hadoop-common-project/hadoop-common/target/native/target/usr/local/lib:/usr/java/packages/lib/amd64:/usr/lib64:/lib64:/lib:/usr/lib"/>
    <property name="java.vm.info" value="mixed mode"/>
    <property name="java.vendor" value="IcedTea"/>
    <property name="java.vm.version" value="25.212-b04"/>
    <property name="java.ext.dirs" value="/usr/lib/jvm/java-1.8-openjdk/jre/lib/ext:/usr/java/packages/lib/ext"/>
    <property name="sun.io.unicode.encoding" value="UnicodeLittle"/>
    <property name="java.class.version" value="52.0"/>
  </properties>
  <testcase name="testOzoneFsServiceLoader" classname="org.apache.hadoop.fs.ozone.TestOzoneFileSystem" time="21.502"/>
  <testcase name="testListStatusOnRoot" classname="org.apache.hadoop.fs.ozone.TestOzoneFileSystem" time="16.977"/>
  <testcase name="testListStatusOnSubDirs" classname="org.apache.hadoop.fs.ozone.TestOzoneFileSystem" time="16.963">
    <error message="Allocated 0 blocks. Requested 1 blocks" type="INTERNAL_ERROR org.apache.hadoop.ozone.om.exceptions.OMException">INTERNAL_ERROR org.apache.hadoop.ozone.om.exceptions.OMException: Allocated 0 blocks. Requested 1 blocks
	at org.apache.hadoop.ozone.om.protocolPB.OzoneManagerProtocolClientSideTranslatorPB.handleError(OzoneManagerProtocolClientSideTranslatorPB.java:732)
	at org.apache.hadoop.ozone.om.protocolPB.OzoneManagerProtocolClientSideTranslatorPB.createFile(OzoneManagerProtocolClientSideTranslatorPB.java:1536)
	at sun.reflect.NativeMethodAccessorImpl.invoke0(Native Method)
	at sun.reflect.NativeMethodAccessorImpl.invoke(NativeMethodAccessorImpl.java:62)
	at sun.reflect.DelegatingMethodAccessorImpl.invoke(DelegatingMethodAccessorImpl.java:43)
	at java.lang.reflect.Method.invoke(Method.java:498)
	at org.apache.hadoop.hdds.tracing.TraceAllMethod.invoke(TraceAllMethod.java:66)
	at com.sun.proxy.$Proxy38.createFile(Unknown Source)
	at org.apache.hadoop.ozone.client.rpc.RpcClient.createFile(RpcClient.java:1006)
	at org.apache.hadoop.ozone.client.OzoneBucket.createFile(OzoneBucket.java:537)
	at org.apache.hadoop.fs.ozone.BasicOzoneClientAdapterImpl.createFile(BasicOzoneClientAdapterImpl.java:205)
	at org.apache.hadoop.fs.ozone.BasicOzoneFileSystem.createOutputStream(BasicOzoneFileSystem.java:250)
	at org.apache.hadoop.fs.ozone.BasicOzoneFileSystem.create(BasicOzoneFileSystem.java:231)
	at org.apache.hadoop.fs.FileSystem.create(FileSystem.java:1118)
	at org.apache.hadoop.fs.FileSystem.create(FileSystem.java:1098)
	at org.apache.hadoop.fs.FileSystem.create(FileSystem.java:987)
	at org.apache.hadoop.fs.contract.ContractTestUtils.createFile(ContractTestUtils.java:633)
	at org.apache.hadoop.fs.contract.ContractTestUtils.touch(ContractTestUtils.java:669)
	at org.apache.hadoop.fs.ozone.TestOzoneFileSystem.testListStatusOnSubDirs(TestOzoneFileSystem.java:251)
	at sun.reflect.NativeMethodAccessorImpl.invoke0(Native Method)
	at sun.reflect.NativeMethodAccessorImpl.invoke(NativeMethodAccessorImpl.java:62)
	at sun.reflect.DelegatingMethodAccessorImpl.invoke(DelegatingMethodAccessorImpl.java:43)
	at java.lang.reflect.Method.invoke(Method.java:498)
	at org.junit.runners.model.FrameworkMethod$1.runReflectiveCall(FrameworkMethod.java:47)
	at org.junit.internal.runners.model.ReflectiveCallable.run(ReflectiveCallable.java:12)
	at org.junit.runners.model.FrameworkMethod.invokeExplosively(FrameworkMethod.java:44)
	at org.junit.internal.runners.statements.InvokeMethod.evaluate(InvokeMethod.java:17)
	at org.junit.internal.runners.statements.RunBefores.evaluate(RunBefores.java:26)
	at org.junit.internal.runners.statements.RunAfters.evaluate(RunAfters.java:27)
	at org.junit.internal.runners.statements.FailOnTimeout$StatementThread.run(FailOnTimeout.java:74)
</error>
    <system-out><![CDATA[2019-09-26 13:31:23,526 [Thread-543] WARN  server.ServerUtils (ServerUtils.java:getScmDbDir(145)) - ozone.scm.db.dirs is not configured. We recommend adding this setting. Falling back to ozone.metadata.dirs instead.
2019-09-26 13:31:23,536 [Thread-543] WARN  server.ServerUtils (ServerUtils.java:getScmDbDir(145)) - ozone.scm.db.dirs is not configured. We recommend adding this setting. Falling back to ozone.metadata.dirs instead.
2019-09-26 13:31:23,537 [Thread-543] WARN  server.ServerUtils (ServerUtils.java:getScmDbDir(145)) - ozone.scm.db.dirs is not configured. We recommend adding this setting. Falling back to ozone.metadata.dirs instead.
2019-09-26 13:31:23,537 [Thread-543] INFO  db.DBStoreBuilder (DBStoreBuilder.java:addTable(110)) - using custom profile for table: deletedBlocks
2019-09-26 13:31:23,537 [Thread-543] INFO  db.DBStoreBuilder (DBStoreBuilder.java:processTables(161)) - Using default column profile:DBProfile.DISK for Table:deletedBlocks
2019-09-26 13:31:23,538 [Thread-543] INFO  db.DBStoreBuilder (DBStoreBuilder.java:addTable(110)) - using custom profile for table: validCerts
2019-09-26 13:31:23,538 [Thread-543] INFO  db.DBStoreBuilder (DBStoreBuilder.java:processTables(161)) - Using default column profile:DBProfile.DISK for Table:validCerts
2019-09-26 13:31:23,538 [Thread-543] INFO  db.DBStoreBuilder (DBStoreBuilder.java:addTable(110)) - using custom profile for table: revokedCerts
2019-09-26 13:31:23,538 [Thread-543] INFO  db.DBStoreBuilder (DBStoreBuilder.java:processTables(161)) - Using default column profile:DBProfile.DISK for Table:revokedCerts
2019-09-26 13:31:23,538 [Thread-543] INFO  db.DBStoreBuilder (DBStoreBuilder.java:addTable(110)) - using custom profile for table: default
2019-09-26 13:31:23,538 [Thread-543] INFO  db.DBStoreBuilder (DBStoreBuilder.java:processTables(167)) - Using default column profile:DBProfile.DISK for Table:default
2019-09-26 13:31:23,539 [Thread-543] INFO  db.DBStoreBuilder (DBStoreBuilder.java:getDbProfile(198)) - Using default options. DBProfile.DISK
2019-09-26 13:31:23,662 [Thread-543] INFO  net.NodeSchemaLoader (NodeSchemaLoader.java:loadSchemaFromFile(125)) - Loading file from sun.misc.CompoundEnumeration@12c60b8e
2019-09-26 13:31:23,663 [Thread-543] INFO  net.NodeSchemaLoader (NodeSchemaLoader.java:loadSchema(171)) - Loading network topology layer schema file
2019-09-26 13:31:23,668 [Thread-543] WARN  server.ServerUtils (ServerUtils.java:sanitizeUserArgs(70)) - ozone.scm.stale.node.interval value = 300000 is larger than max = 100000 based on the key value of ozone.scm.heartbeat.thread.interval, reset to the max value 100000.
2019-09-26 13:31:23,668 [Thread-543] WARN  server.ServerUtils (ServerUtils.java:sanitizeUserArgs(70)) - ozone.scm.stale.node.interval value = 300000 is larger than max = 100000 based on the key value of ozone.scm.heartbeat.thread.interval, reset to the max value 100000.
2019-09-26 13:31:23,668 [Thread-543] INFO  node.SCMNodeManager (SCMNodeManager.java:<init>(114)) - Entering startup safe mode.
2019-09-26 13:31:23,669 [Thread-543] INFO  algorithms.ContainerPlacementPolicyFactory (ContainerPlacementPolicyFactory.java:getPolicy(59)) - Create container placement policy of type org.apache.hadoop.hdds.scm.container.placement.algorithms.SCMContainerPlacementRandom
2019-09-26 13:31:23,669 [Thread-543] WARN  server.ServerUtils (ServerUtils.java:getScmDbDir(145)) - ozone.scm.db.dirs is not configured. We recommend adding this setting. Falling back to ozone.metadata.dirs instead.
2019-09-26 13:31:23,779 [Thread-543] INFO  pipeline.SCMPipelineManager (SCMPipelineManager.java:initializePipelineState(132)) - No pipeline exists in current db
2019-09-26 13:31:23,779 [Thread-543] WARN  server.ServerUtils (ServerUtils.java:getScmDbDir(145)) - ozone.scm.db.dirs is not configured. We recommend adding this setting. Falling back to ozone.metadata.dirs instead.
2019-09-26 13:31:23,864 [Thread-543] WARN  events.EventQueue (EventQueue.java:fireEvent(183)) - No event handler registered for event TypedEvent{payloadType=SafeModeStatus, name='SafeModeStatus'}
2019-09-26 13:31:23,865 [Thread-543] INFO  ipc.CallQueueManager (CallQueueManager.java:<init>(84)) - Using callQueue: class java.util.concurrent.LinkedBlockingQueue, queueCapacity: 2000, scheduler: class org.apache.hadoop.ipc.DefaultRpcScheduler, ipcBackoff: false.
2019-09-26 13:31:23,866 [Socket Reader #1 for port 39931] INFO  ipc.Server (Server.java:run(1074)) - Starting Socket Reader #1 for port 39931
2019-09-26 13:31:23,868 [Thread-543] INFO  ipc.CallQueueManager (CallQueueManager.java:<init>(84)) - Using callQueue: class java.util.concurrent.LinkedBlockingQueue, queueCapacity: 2000, scheduler: class org.apache.hadoop.ipc.DefaultRpcScheduler, ipcBackoff: false.
2019-09-26 13:31:23,869 [Socket Reader #1 for port 44266] INFO  ipc.Server (Server.java:run(1074)) - Starting Socket Reader #1 for port 44266
2019-09-26 13:31:23,870 [Thread-543] INFO  ipc.CallQueueManager (CallQueueManager.java:<init>(84)) - Using callQueue: class java.util.concurrent.LinkedBlockingQueue, queueCapacity: 2000, scheduler: class org.apache.hadoop.ipc.DefaultRpcScheduler, ipcBackoff: false.
2019-09-26 13:31:23,871 [Socket Reader #1 for port 34192] INFO  ipc.Server (Server.java:run(1074)) - Starting Socket Reader #1 for port 34192
2019-09-26 13:31:23,874 [Thread-543] INFO  hdfs.DFSUtil (DFSUtil.java:httpServerTemplateForNNAndJN(1641)) - Starting Web-server for scm at: http://0.0.0.0:0
2019-09-26 13:31:23,877 [Thread-543] INFO  server.AuthenticationFilter (AuthenticationFilter.java:constructSecretProvider(240)) - Unable to initialize FileSignerSecretProvider, falling back to use random secrets.
2019-09-26 13:31:23,878 [Thread-543] WARN  http.HttpRequestLog (HttpRequestLog.java:getRequestLog(97)) - Jetty request log can only be enabled using Log4j
2019-09-26 13:31:23,881 [Thread-543] INFO  http.HttpServer2 (HttpServer2.java:addGlobalFilter(975)) - Added global filter 'safety' (class=org.apache.hadoop.http.HttpServer2$QuotingInputFilter)
2019-09-26 13:31:23,882 [Thread-543] INFO  http.HttpServer2 (HttpServer2.java:addFilter(948)) - Added filter static_user_filter (class=org.apache.hadoop.http.lib.StaticUserWebFilter$StaticUserFilter) to context scm
2019-09-26 13:31:23,882 [Thread-543] INFO  http.HttpServer2 (HttpServer2.java:addFilter(958)) - Added filter static_user_filter (class=org.apache.hadoop.http.lib.StaticUserWebFilter$StaticUserFilter) to context static
2019-09-26 13:31:23,882 [Thread-543] INFO  http.HttpServer2 (HttpServer2.java:addFilter(958)) - Added filter static_user_filter (class=org.apache.hadoop.http.lib.StaticUserWebFilter$StaticUserFilter) to context logs
2019-09-26 13:31:23,885 [Thread-543] INFO  server.StorageContainerManager (StorageContainerManager.java:start(770)) - StorageContainerLocationProtocol RPC server is listening at /0.0.0.0:34192
2019-09-26 13:31:23,888 [Thread-543] WARN  impl.MetricsConfig (MetricsConfig.java:loadFirst(134)) - Cannot locate configuration: tried hadoop-metrics2-storagecontainermanager.properties,hadoop-metrics2.properties
2019-09-26 13:31:23,889 [Thread-543] INFO  impl.MetricsSystemImpl (MetricsSystemImpl.java:startTimer(374)) - Scheduled Metric snapshot period at 10 second(s).
2019-09-26 13:31:23,889 [Thread-543] INFO  impl.MetricsSystemImpl (MetricsSystemImpl.java:start(191)) - StorageContainerManager metrics system started
2019-09-26 13:31:23,940 [Thread-543] WARN  impl.MetricsSystemImpl (MetricsSystemImpl.java:register(276)) - Sink prometheus already exists!
2019-09-26 13:31:23,946 [Thread-543] INFO  server.SCMClientProtocolServer (SCMClientProtocolServer.java:start(151)) - RPC server for Client  is listening at /0.0.0.0:34192
2019-09-26 13:31:23,946 [IPC Server Responder] INFO  ipc.Server (Server.java:run(1314)) - IPC Server Responder: starting
2019-09-26 13:31:23,947 [IPC Server listener on 34192] INFO  ipc.Server (Server.java:run(1153)) - IPC Server listener on 34192: starting
2019-09-26 13:31:23,949 [Thread-543] INFO  server.StorageContainerManager (StorageContainerManager.java:start(780)) - ScmBlockLocationProtocol RPC server is listening at /0.0.0.0:44266
2019-09-26 13:31:23,950 [Thread-543] INFO  server.SCMBlockProtocolServer (SCMBlockProtocolServer.java:start(146)) - RPC server for Block Protocol is listening at /0.0.0.0:44266
2019-09-26 13:31:23,950 [IPC Server Responder] INFO  ipc.Server (Server.java:run(1314)) - IPC Server Responder: starting
2019-09-26 13:31:23,950 [IPC Server listener on 44266] INFO  ipc.Server (Server.java:run(1153)) - IPC Server listener on 44266: starting
2019-09-26 13:31:23,953 [Thread-543] INFO  server.StorageContainerManager (StorageContainerManager.java:start(784)) - ScmDatanodeProtocl RPC server is listening at /0.0.0.0:39931
2019-09-26 13:31:23,953 [Thread-543] INFO  server.SCMDatanodeProtocolServer (SCMDatanodeProtocolServer.java:start(191)) - RPC server for DataNodes is listening at /0.0.0.0:39931
2019-09-26 13:31:23,953 [IPC Server Responder] INFO  ipc.Server (Server.java:run(1314)) - IPC Server Responder: starting
2019-09-26 13:31:23,953 [IPC Server listener on 39931] INFO  ipc.Server (Server.java:run(1153)) - IPC Server listener on 39931: starting
2019-09-26 13:31:23,957 [Thread-543] INFO  http.HttpServer2 (HttpServer2.java:bindListener(1191)) - Jetty bound to port 36552
2019-09-26 13:31:23,957 [Thread-543] INFO  server.Server (Server.java:doStart(351)) - jetty-9.3.25.v20180904, build timestamp: 2018-09-04T21:11:46Z, git hash: 3ce520221d0240229c862b122d2b06c12a625732
2019-09-26 13:31:23,959 [Thread-543] INFO  handler.ContextHandler (ContextHandler.java:doStart(781)) - Started o.e.j.s.ServletContextHandler@6aef9be0{/logs,file:///workdir/hadoop-ozone/ozonefs/target/log,AVAILABLE}
2019-09-26 13:31:23,959 [Thread-543] INFO  handler.ContextHandler (ContextHandler.java:doStart(781)) - Started o.e.j.s.ServletContextHandler@50ffa6f8{/static,jar:file:/home/user/.m2/repository/org/apache/hadoop/hadoop-hdds-server-scm/0.5.0-SNAPSHOT/hadoop-hdds-server-scm-0.5.0-SNAPSHOT.jar!/webapps/static,AVAILABLE}
2019-09-26 13:31:24,001 [Thread-543] INFO  handler.ContextHandler (ContextHandler.java:doStart(781)) - Started o.e.j.w.WebAppContext@1742b543{/,file:///tmp/jetty-0.0.0.0-36552-scm-_-any-7850965570737544867.dir/webapp/,AVAILABLE}{/scm}
2019-09-26 13:31:24,001 [Thread-543] INFO  server.AbstractConnector (AbstractConnector.java:doStart(278)) - Started ServerConnector@770fd6a3{HTTP/1.1,[http/1.1]}{0.0.0.0:36552}
2019-09-26 13:31:24,003 [Thread-543] INFO  server.Server (Server.java:doStart(419)) - Started @39422ms
2019-09-26 13:31:24,003 [Thread-543] WARN  impl.MetricsSystemImpl (MetricsSystemImpl.java:register(276)) - Sink prometheus already exists!
2019-09-26 13:31:24,004 [Thread-543] INFO  server.BaseHttpServer (BaseHttpServer.java:updateConnectorAddress(215)) - HTTP server of SCM is listening at http://0.0.0.0:36552
2019-09-26 13:31:24,004 [Thread-543] WARN  server.ServerUtils (ServerUtils.java:getDBPath(222)) - ozone.om.db.dirs is not configured. We recommend adding this setting. Falling back to ozone.metadata.dirs instead.
2019-09-26 13:31:24,005 [org.apache.hadoop.util.JvmPauseMonitor$Monitor@33fa2243] INFO  util.JvmPauseMonitor (JvmPauseMonitor.java:run(188)) - Starting JVM pause monitor
2019-09-26 13:31:24,019 [Thread-543] WARN  server.ServerUtils (ServerUtils.java:getDBPath(222)) - ozone.om.db.dirs is not configured. We recommend adding this setting. Falling back to ozone.metadata.dirs instead.
2019-09-26 13:31:24,019 [Thread-543] WARN  server.ServerUtils (ServerUtils.java:getDBPath(222)) - ozone.om.db.dirs is not configured. We recommend adding this setting. Falling back to ozone.metadata.dirs instead.
2019-09-26 13:31:24,019 [Thread-543] INFO  om.OzoneManager (OzoneManager.java:setOMNodeDetails(652)) - OM Service ID is not set. Setting it to the default ID: omServiceIdDefault
2019-09-26 13:31:24,019 [Thread-543] INFO  om.OzoneManager (OzoneManager.java:setOMNodeDetails(658)) - OM Node ID is not set. Setting it to the OmStorage's OmID: f1402030-ec3d-4fdb-a95c-96846f174d73
2019-09-26 13:31:24,020 [Thread-543] INFO  om.OzoneManager (OzoneManager.java:loadOMHAConfigs(609)) - Found matching OM address with OMServiceId: null, OMNodeId: null, RPC Address: localhost:0 and Ratis port: 9872
2019-09-26 13:31:24,026 [Thread-543] WARN  server.ServerUtils (ServerUtils.java:getDBPath(222)) - ozone.om.db.dirs is not configured. We recommend adding this setting. Falling back to ozone.metadata.dirs instead.
2019-09-26 13:31:24,026 [Thread-543] INFO  db.DBStoreBuilder (DBStoreBuilder.java:addTable(110)) - using custom profile for table: userTable
2019-09-26 13:31:24,027 [Thread-543] INFO  db.DBStoreBuilder (DBStoreBuilder.java:processTables(161)) - Using default column profile:DBProfile.DISK for Table:userTable
2019-09-26 13:31:24,027 [Thread-543] INFO  db.DBStoreBuilder (DBStoreBuilder.java:addTable(110)) - using custom profile for table: volumeTable
2019-09-26 13:31:24,027 [Thread-543] INFO  db.DBStoreBuilder (DBStoreBuilder.java:processTables(161)) - Using default column profile:DBProfile.DISK for Table:volumeTable
2019-09-26 13:31:24,027 [Thread-543] INFO  db.DBStoreBuilder (DBStoreBuilder.java:addTable(110)) - using custom profile for table: bucketTable
2019-09-26 13:31:24,027 [Thread-543] INFO  db.DBStoreBuilder (DBStoreBuilder.java:processTables(161)) - Using default column profile:DBProfile.DISK for Table:bucketTable
2019-09-26 13:31:24,027 [Thread-543] INFO  db.DBStoreBuilder (DBStoreBuilder.java:addTable(110)) - using custom profile for table: keyTable
2019-09-26 13:31:24,027 [Thread-543] INFO  db.DBStoreBuilder (DBStoreBuilder.java:processTables(161)) - Using default column profile:DBProfile.DISK for Table:keyTable
2019-09-26 13:31:24,028 [Thread-543] INFO  db.DBStoreBuilder (DBStoreBuilder.java:addTable(110)) - using custom profile for table: deletedTable
2019-09-26 13:31:24,028 [Thread-543] INFO  db.DBStoreBuilder (DBStoreBuilder.java:processTables(161)) - Using default column profile:DBProfile.DISK for Table:deletedTable
2019-09-26 13:31:24,028 [Thread-543] INFO  db.DBStoreBuilder (DBStoreBuilder.java:addTable(110)) - using custom profile for table: openKeyTable
2019-09-26 13:31:24,028 [Thread-543] INFO  db.DBStoreBuilder (DBStoreBuilder.java:processTables(161)) - Using default column profile:DBProfile.DISK for Table:openKeyTable
2019-09-26 13:31:24,028 [Thread-543] INFO  db.DBStoreBuilder (DBStoreBuilder.java:addTable(110)) - using custom profile for table: s3Table
2019-09-26 13:31:24,028 [Thread-543] INFO  db.DBStoreBuilder (DBStoreBuilder.java:processTables(161)) - Using default column profile:DBProfile.DISK for Table:s3Table
2019-09-26 13:31:24,028 [Thread-543] INFO  db.DBStoreBuilder (DBStoreBuilder.java:addTable(110)) - using custom profile for table: multipartInfoTable
2019-09-26 13:31:24,029 [Thread-543] INFO  db.DBStoreBuilder (DBStoreBuilder.java:processTables(161)) - Using default column profile:DBProfile.DISK for Table:multipartInfoTable
2019-09-26 13:31:24,029 [Thread-543] INFO  db.DBStoreBuilder (DBStoreBuilder.java:addTable(110)) - using custom profile for table: dTokenTable
2019-09-26 13:31:24,029 [Thread-543] INFO  db.DBStoreBuilder (DBStoreBuilder.java:processTables(161)) - Using default column profile:DBProfile.DISK for Table:dTokenTable
2019-09-26 13:31:24,029 [Thread-543] INFO  db.DBStoreBuilder (DBStoreBuilder.java:addTable(110)) - using custom profile for table: s3SecretTable
2019-09-26 13:31:24,029 [Thread-543] INFO  db.DBStoreBuilder (DBStoreBuilder.java:processTables(161)) - Using default column profile:DBProfile.DISK for Table:s3SecretTable
2019-09-26 13:31:24,029 [Thread-543] INFO  db.DBStoreBuilder (DBStoreBuilder.java:addTable(110)) - using custom profile for table: prefixTable
2019-09-26 13:31:24,029 [Thread-543] INFO  db.DBStoreBuilder (DBStoreBuilder.java:processTables(161)) - Using default column profile:DBProfile.DISK for Table:prefixTable
2019-09-26 13:31:24,030 [Thread-543] INFO  db.DBStoreBuilder (DBStoreBuilder.java:addTable(110)) - using custom profile for table: default
2019-09-26 13:31:24,030 [Thread-543] INFO  db.DBStoreBuilder (DBStoreBuilder.java:processTables(167)) - Using default column profile:DBProfile.DISK for Table:default
2019-09-26 13:31:24,030 [Thread-543] INFO  db.DBStoreBuilder (DBStoreBuilder.java:getDbProfile(198)) - Using default options. DBProfile.DISK
2019-09-26 13:31:24,497 [Thread-543] INFO  ipc.CallQueueManager (CallQueueManager.java:<init>(84)) - Using callQueue: class java.util.concurrent.LinkedBlockingQueue, queueCapacity: 2000, scheduler: class org.apache.hadoop.ipc.DefaultRpcScheduler, ipcBackoff: false.
2019-09-26 13:31:24,497 [Socket Reader #1 for port 39185] INFO  ipc.Server (Server.java:run(1074)) - Starting Socket Reader #1 for port 39185
2019-09-26 13:31:24,516 [Thread-543] INFO  om.OzoneManager (OzoneManager.java:start(1243)) - OzoneManager RPC server is listening at localhost/127.0.0.1:39185
2019-09-26 13:31:24,516 [Thread-543] INFO  impl.MetricsSystemImpl (MetricsSystemImpl.java:init(158)) - OzoneManager metrics system started (again)
2019-09-26 13:31:24,517 [IPC Server Responder] INFO  ipc.Server (Server.java:run(1314)) - IPC Server Responder: starting
2019-09-26 13:31:24,518 [IPC Server listener on 39185] INFO  ipc.Server (Server.java:run(1153)) - IPC Server listener on 39185: starting
2019-09-26 13:31:24,523 [Thread-543] INFO  hdfs.DFSUtil (DFSUtil.java:httpServerTemplateForNNAndJN(1641)) - Starting Web-server for ozoneManager at: http://0.0.0.0:0
2019-09-26 13:31:24,525 [Thread-543] INFO  server.AuthenticationFilter (AuthenticationFilter.java:constructSecretProvider(240)) - Unable to initialize FileSignerSecretProvider, falling back to use random secrets.
2019-09-26 13:31:24,525 [Thread-543] WARN  http.HttpRequestLog (HttpRequestLog.java:getRequestLog(97)) - Jetty request log can only be enabled using Log4j
2019-09-26 13:31:24,527 [Thread-543] INFO  http.HttpServer2 (HttpServer2.java:addGlobalFilter(975)) - Added global filter 'safety' (class=org.apache.hadoop.http.HttpServer2$QuotingInputFilter)
2019-09-26 13:31:24,528 [Thread-543] INFO  http.HttpServer2 (HttpServer2.java:addFilter(948)) - Added filter static_user_filter (class=org.apache.hadoop.http.lib.StaticUserWebFilter$StaticUserFilter) to context ozoneManager
2019-09-26 13:31:24,528 [Thread-543] INFO  http.HttpServer2 (HttpServer2.java:addFilter(958)) - Added filter static_user_filter (class=org.apache.hadoop.http.lib.StaticUserWebFilter$StaticUserFilter) to context logs
2019-09-26 13:31:24,528 [Thread-543] INFO  http.HttpServer2 (HttpServer2.java:addFilter(958)) - Added filter static_user_filter (class=org.apache.hadoop.http.lib.StaticUserWebFilter$StaticUserFilter) to context static
2019-09-26 13:31:24,528 [Thread-543] INFO  http.HttpServer2 (HttpServer2.java:bindListener(1191)) - Jetty bound to port 37099
2019-09-26 13:31:24,529 [Thread-543] INFO  server.Server (Server.java:doStart(351)) - jetty-9.3.25.v20180904, build timestamp: 2018-09-04T21:11:46Z, git hash: 3ce520221d0240229c862b122d2b06c12a625732
2019-09-26 13:31:24,530 [Thread-543] INFO  handler.ContextHandler (ContextHandler.java:doStart(781)) - Started o.e.j.s.ServletContextHandler@605d5348{/logs,file:///workdir/hadoop-ozone/ozonefs/target/log,AVAILABLE}
2019-09-26 13:31:24,531 [Thread-543] INFO  handler.ContextHandler (ContextHandler.java:doStart(781)) - Started o.e.j.s.ServletContextHandler@208bffe1{/static,jar:file:/home/user/.m2/repository/org/apache/hadoop/hadoop-ozone-ozone-manager/0.5.0-SNAPSHOT/hadoop-ozone-ozone-manager-0.5.0-SNAPSHOT.jar!/webapps/static,AVAILABLE}
2019-09-26 13:31:24,580 [Thread-543] INFO  handler.ContextHandler (ContextHandler.java:doStart(781)) - Started o.e.j.w.WebAppContext@5e2d94fd{/,file:///tmp/jetty-0.0.0.0-37099-ozoneManager-_-any-4570205900069726953.dir/webapp/,AVAILABLE}{/ozoneManager}
2019-09-26 13:31:24,580 [Thread-543] INFO  server.AbstractConnector (AbstractConnector.java:doStart(278)) - Started ServerConnector@1857ebe9{HTTP/1.1,[http/1.1]}{0.0.0.0:37099}
2019-09-26 13:31:24,582 [Thread-543] INFO  server.Server (Server.java:doStart(419)) - Started @40001ms
2019-09-26 13:31:24,582 [Thread-543] WARN  impl.MetricsSystemImpl (MetricsSystemImpl.java:register(276)) - Sink prometheus already exists!
2019-09-26 13:31:24,583 [Thread-543] INFO  server.BaseHttpServer (BaseHttpServer.java:updateConnectorAddress(215)) - HTTP server of OZONEMANAGER is listening at http://0.0.0.0:37099
2019-09-26 13:31:24,593 [Thread-543] INFO  impl.MetricsSystemImpl (MetricsSystemImpl.java:init(158)) - HddsDatanode metrics system started (again)
2019-09-26 13:31:24,596 [Thread-543] INFO  ozone.HddsDatanodeService (HddsDatanodeService.java:start(184)) - HddsDatanodeService host:pr-hdds-1569-87zkn-1081879488 ip:192.168.164.238
2019-09-26 13:31:24,604 [Thread-543] INFO  volume.HddsVolume (HddsVolume.java:<init>(176)) - Creating Volume: /workdir/hadoop-ozone/ozonefs/target/test-dir/MiniOzoneClusterImpl-58f1b142-a36f-4a38-b91d-584a62105ea7/datanode-0/data/containers/hdds of  storage type : DISK and capacity : 1482555576320
2019-09-26 13:31:24,605 [Thread-543] INFO  volume.VolumeSet (VolumeSet.java:initializeVolumeSet(170)) - Added Volume : /workdir/hadoop-ozone/ozonefs/target/test-dir/MiniOzoneClusterImpl-58f1b142-a36f-4a38-b91d-584a62105ea7/datanode-0/data/containers/hdds to VolumeSet
2019-09-26 13:31:24,606 [Thread-543] INFO  volume.ThrottledAsyncChecker (ThrottledAsyncChecker.java:schedule(139)) - Scheduling a check for org.apache.hadoop.ozone.container.common.volume.HddsVolume@44bd1a21
2019-09-26 13:31:24,608 [Thread-543] INFO  volume.HddsVolumeChecker (HddsVolumeChecker.java:checkAllVolumes(202)) - Scheduled health check for volume org.apache.hadoop.ozone.container.common.volume.HddsVolume@44bd1a21
2019-09-26 13:31:24,633 [Thread-543] INFO  impl.RaftServerProxy (ConfUtils.java:logGet(43)) - raft.rpc.type = GRPC (default)
2019-09-26 13:31:24,634 [Thread-543] INFO  grpc.GrpcFactory (GrpcFactory.java:checkPooledByteBufAllocatorUseCacheForAllThreads(45)) - PERFORMANCE WARNING: useCacheForAllThreads is true that may cause Netty to create a lot garbage objects and, as a result, trigger GC.
	It is recommended to disable useCacheForAllThreads by setting -Dorg.apache.ratis.thirdparty.io.netty.allocator.useCacheForAllThreads=false in command line.
2019-09-26 13:31:24,635 [Thread-543] INFO  grpc.GrpcConfigKeys$Server (ConfUtils.java:logGet(43)) - raft.grpc.server.port = 0 (default)
2019-09-26 13:31:24,636 [Thread-543] INFO  server.GrpcService (ConfUtils.java:logGet(43)) - raft.grpc.message.size.max = 33570816 (custom)
2019-09-26 13:31:24,636 [Thread-543] INFO  server.RaftServerConfigKeys (ConfUtils.java:logGet(43)) - raft.server.log.appender.buffer.byte-limit = 33554432 (custom)
2019-09-26 13:31:24,636 [Thread-543] INFO  server.GrpcService (ConfUtils.java:logGet(43)) - raft.grpc.flow.control.window = 1MB (=1048576) (default)
2019-09-26 13:31:24,637 [Thread-543] INFO  server.RaftServerConfigKeys (ConfUtils.java:logGet(43)) - raft.server.rpc.request.timeout = 3000ms (default)
2019-09-26 13:31:24,637 [Thread-543] INFO  server.RaftServerConfigKeys (ConfUtils.java:logGet(43)) - raft.server.storage.dir = [/workdir/hadoop-ozone/ozonefs/target/test-dir/MiniOzoneClusterImpl-58f1b142-a36f-4a38-b91d-584a62105ea7/datanode-0/data/ratis] (custom)
2019-09-26 13:31:24,639 [Thread-543] INFO  hdfs.DFSUtil (DFSUtil.java:httpServerTemplateForNNAndJN(1641)) - Starting Web-server for hddsDatanode at: http://0.0.0.0:0
2019-09-26 13:31:24,641 [Thread-543] INFO  server.AuthenticationFilter (AuthenticationFilter.java:constructSecretProvider(240)) - Unable to initialize FileSignerSecretProvider, falling back to use random secrets.
2019-09-26 13:31:24,642 [Thread-543] WARN  http.HttpRequestLog (HttpRequestLog.java:getRequestLog(97)) - Jetty request log can only be enabled using Log4j
2019-09-26 13:31:24,644 [Thread-543] INFO  http.HttpServer2 (HttpServer2.java:addGlobalFilter(975)) - Added global filter 'safety' (class=org.apache.hadoop.http.HttpServer2$QuotingInputFilter)
2019-09-26 13:31:24,645 [Thread-543] INFO  http.HttpServer2 (HttpServer2.java:addFilter(948)) - Added filter static_user_filter (class=org.apache.hadoop.http.lib.StaticUserWebFilter$StaticUserFilter) to context hddsDatanode
2019-09-26 13:31:24,645 [Thread-543] INFO  http.HttpServer2 (HttpServer2.java:addFilter(958)) - Added filter static_user_filter (class=org.apache.hadoop.http.lib.StaticUserWebFilter$StaticUserFilter) to context logs
2019-09-26 13:31:24,645 [Thread-543] INFO  http.HttpServer2 (HttpServer2.java:addFilter(958)) - Added filter static_user_filter (class=org.apache.hadoop.http.lib.StaticUserWebFilter$StaticUserFilter) to context static
2019-09-26 13:31:24,646 [Thread-543] INFO  http.HttpServer2 (HttpServer2.java:bindListener(1191)) - Jetty bound to port 40623
2019-09-26 13:31:24,646 [Thread-543] INFO  server.Server (Server.java:doStart(351)) - jetty-9.3.25.v20180904, build timestamp: 2018-09-04T21:11:46Z, git hash: 3ce520221d0240229c862b122d2b06c12a625732
2019-09-26 13:31:24,648 [Thread-543] INFO  handler.ContextHandler (ContextHandler.java:doStart(781)) - Started o.e.j.s.ServletContextHandler@341bf65b{/logs,file:///workdir/hadoop-ozone/ozonefs/target/log,AVAILABLE}
2019-09-26 13:31:24,648 [Thread-543] INFO  handler.ContextHandler (ContextHandler.java:doStart(781)) - Started o.e.j.s.ServletContextHandler@787cbcb4{/static,jar:file:/home/user/.m2/repository/org/apache/hadoop/hadoop-hdds-container-service/0.5.0-SNAPSHOT/hadoop-hdds-container-service-0.5.0-SNAPSHOT.jar!/webapps/static,AVAILABLE}
2019-09-26 13:31:24,677 [Thread-543] INFO  handler.ContextHandler (ContextHandler.java:doStart(781)) - Started o.e.j.w.WebAppContext@2c949e74{/,file:///tmp/jetty-0.0.0.0-40623-hddsDatanode-_-any-3726151912278811728.dir/webapp/,AVAILABLE}{/hddsDatanode}
2019-09-26 13:31:24,678 [Thread-543] INFO  server.AbstractConnector (AbstractConnector.java:doStart(278)) - Started ServerConnector@3c3ed3f7{HTTP/1.1,[http/1.1]}{0.0.0.0:40623}
2019-09-26 13:31:24,679 [Thread-543] INFO  server.Server (Server.java:doStart(419)) - Started @40098ms
2019-09-26 13:31:24,679 [Thread-543] WARN  impl.MetricsSystemImpl (MetricsSystemImpl.java:register(276)) - Sink prometheus already exists!
2019-09-26 13:31:24,680 [Thread-543] INFO  server.BaseHttpServer (BaseHttpServer.java:updateConnectorAddress(215)) - HTTP server of HDDSDATANODE is listening at http://0.0.0.0:40623
2019-09-26 13:31:24,681 [Thread-543] INFO  impl.MetricsSystemImpl (MetricsSystemImpl.java:init(158)) - HddsDatanode metrics system started (again)
2019-09-26 13:31:24,686 [org.apache.hadoop.util.JvmPauseMonitor$Monitor@67458c99] INFO  util.JvmPauseMonitor (JvmPauseMonitor.java:run(188)) - Starting JVM pause monitor
2019-09-26 13:31:24,687 [Thread-543] INFO  ozone.HddsDatanodeService (HddsDatanodeService.java:start(184)) - HddsDatanodeService host:pr-hdds-1569-87zkn-1081879488 ip:192.168.164.238
2019-09-26 13:31:24,689 [Datanode State Machine Thread - 0] INFO  datanode.InitDatanodeState (InitDatanodeState.java:persistContainerDatanodeDetails(140)) - DatanodeDetails is persisted to /workdir/hadoop-ozone/ozonefs/target/test-dir/MiniOzoneClusterImpl-58f1b142-a36f-4a38-b91d-584a62105ea7/datanode-0/meta/datanode.id
2019-09-26 13:31:24,694 [Thread-543] INFO  volume.HddsVolume (HddsVolume.java:<init>(176)) - Creating Volume: /workdir/hadoop-ozone/ozonefs/target/test-dir/MiniOzoneClusterImpl-58f1b142-a36f-4a38-b91d-584a62105ea7/datanode-1/data/containers/hdds of  storage type : DISK and capacity : 1482555576320
2019-09-26 13:31:24,694 [Thread-543] INFO  volume.VolumeSet (VolumeSet.java:initializeVolumeSet(170)) - Added Volume : /workdir/hadoop-ozone/ozonefs/target/test-dir/MiniOzoneClusterImpl-58f1b142-a36f-4a38-b91d-584a62105ea7/datanode-1/data/containers/hdds to VolumeSet
2019-09-26 13:31:24,695 [Thread-543] INFO  volume.ThrottledAsyncChecker (ThrottledAsyncChecker.java:schedule(139)) - Scheduling a check for org.apache.hadoop.ozone.container.common.volume.HddsVolume@5f98c982
2019-09-26 13:31:24,695 [Thread-543] INFO  volume.HddsVolumeChecker (HddsVolumeChecker.java:checkAllVolumes(202)) - Scheduled health check for volume org.apache.hadoop.ozone.container.common.volume.HddsVolume@5f98c982
2019-09-26 13:31:24,724 [Thread-543] INFO  impl.RaftServerProxy (ConfUtils.java:logGet(43)) - raft.rpc.type = GRPC (default)
2019-09-26 13:31:24,724 [Thread-543] INFO  grpc.GrpcFactory (GrpcFactory.java:checkPooledByteBufAllocatorUseCacheForAllThreads(45)) - PERFORMANCE WARNING: useCacheForAllThreads is true that may cause Netty to create a lot garbage objects and, as a result, trigger GC.
	It is recommended to disable useCacheForAllThreads by setting -Dorg.apache.ratis.thirdparty.io.netty.allocator.useCacheForAllThreads=false in command line.
2019-09-26 13:31:24,725 [Thread-543] INFO  grpc.GrpcConfigKeys$Server (ConfUtils.java:logGet(43)) - raft.grpc.server.port = 0 (default)
2019-09-26 13:31:24,725 [Thread-543] INFO  server.GrpcService (ConfUtils.java:logGet(43)) - raft.grpc.message.size.max = 33570816 (custom)
2019-09-26 13:31:24,725 [Thread-543] INFO  server.RaftServerConfigKeys (ConfUtils.java:logGet(43)) - raft.server.log.appender.buffer.byte-limit = 33554432 (custom)
2019-09-26 13:31:24,725 [Thread-543] INFO  server.GrpcService (ConfUtils.java:logGet(43)) - raft.grpc.flow.control.window = 1MB (=1048576) (default)
2019-09-26 13:31:24,725 [Thread-543] INFO  server.RaftServerConfigKeys (ConfUtils.java:logGet(43)) - raft.server.rpc.request.timeout = 3000ms (default)
2019-09-26 13:31:24,726 [Thread-543] INFO  server.RaftServerConfigKeys (ConfUtils.java:logGet(43)) - raft.server.storage.dir = [/workdir/hadoop-ozone/ozonefs/target/test-dir/MiniOzoneClusterImpl-58f1b142-a36f-4a38-b91d-584a62105ea7/datanode-1/data/ratis] (custom)
2019-09-26 13:31:24,728 [Thread-543] INFO  hdfs.DFSUtil (DFSUtil.java:httpServerTemplateForNNAndJN(1641)) - Starting Web-server for hddsDatanode at: http://0.0.0.0:0
2019-09-26 13:31:24,730 [Thread-543] INFO  server.AuthenticationFilter (AuthenticationFilter.java:constructSecretProvider(240)) - Unable to initialize FileSignerSecretProvider, falling back to use random secrets.
2019-09-26 13:31:24,730 [Thread-543] WARN  http.HttpRequestLog (HttpRequestLog.java:getRequestLog(97)) - Jetty request log can only be enabled using Log4j
2019-09-26 13:31:24,732 [Thread-543] INFO  http.HttpServer2 (HttpServer2.java:addGlobalFilter(975)) - Added global filter 'safety' (class=org.apache.hadoop.http.HttpServer2$QuotingInputFilter)
2019-09-26 13:31:24,733 [Thread-543] INFO  http.HttpServer2 (HttpServer2.java:addFilter(948)) - Added filter static_user_filter (class=org.apache.hadoop.http.lib.StaticUserWebFilter$StaticUserFilter) to context hddsDatanode
2019-09-26 13:31:24,733 [Thread-543] INFO  http.HttpServer2 (HttpServer2.java:addFilter(958)) - Added filter static_user_filter (class=org.apache.hadoop.http.lib.StaticUserWebFilter$StaticUserFilter) to context logs
2019-09-26 13:31:24,733 [Thread-543] INFO  http.HttpServer2 (HttpServer2.java:addFilter(958)) - Added filter static_user_filter (class=org.apache.hadoop.http.lib.StaticUserWebFilter$StaticUserFilter) to context static
2019-09-26 13:31:24,734 [Thread-543] INFO  http.HttpServer2 (HttpServer2.java:bindListener(1191)) - Jetty bound to port 33346
2019-09-26 13:31:24,734 [Thread-543] INFO  server.Server (Server.java:doStart(351)) - jetty-9.3.25.v20180904, build timestamp: 2018-09-04T21:11:46Z, git hash: 3ce520221d0240229c862b122d2b06c12a625732
2019-09-26 13:31:24,736 [Thread-543] INFO  handler.ContextHandler (ContextHandler.java:doStart(781)) - Started o.e.j.s.ServletContextHandler@16f00bc4{/logs,file:///workdir/hadoop-ozone/ozonefs/target/log,AVAILABLE}
2019-09-26 13:31:24,736 [Thread-543] INFO  handler.ContextHandler (ContextHandler.java:doStart(781)) - Started o.e.j.s.ServletContextHandler@57b0f8bc{/static,jar:file:/home/user/.m2/repository/org/apache/hadoop/hadoop-hdds-container-service/0.5.0-SNAPSHOT/hadoop-hdds-container-service-0.5.0-SNAPSHOT.jar!/webapps/static,AVAILABLE}
2019-09-26 13:31:24,771 [Thread-543] INFO  handler.ContextHandler (ContextHandler.java:doStart(781)) - Started o.e.j.w.WebAppContext@679aed29{/,file:///tmp/jetty-0.0.0.0-33346-hddsDatanode-_-any-3923365789419329580.dir/webapp/,AVAILABLE}{/hddsDatanode}
2019-09-26 13:31:24,771 [Thread-543] INFO  server.AbstractConnector (AbstractConnector.java:doStart(278)) - Started ServerConnector@b56b0a4{HTTP/1.1,[http/1.1]}{0.0.0.0:33346}
2019-09-26 13:31:24,773 [Thread-543] INFO  server.Server (Server.java:doStart(419)) - Started @40192ms
2019-09-26 13:31:24,773 [Thread-543] WARN  impl.MetricsSystemImpl (MetricsSystemImpl.java:register(276)) - Sink prometheus already exists!
2019-09-26 13:31:24,774 [Thread-543] INFO  server.BaseHttpServer (BaseHttpServer.java:updateConnectorAddress(215)) - HTTP server of HDDSDATANODE is listening at http://0.0.0.0:33346
2019-09-26 13:31:24,774 [Thread-543] INFO  impl.MetricsSystemImpl (MetricsSystemImpl.java:init(158)) - HddsDatanode metrics system started (again)
2019-09-26 13:31:24,778 [org.apache.hadoop.util.JvmPauseMonitor$Monitor@6ede3734] INFO  util.JvmPauseMonitor (JvmPauseMonitor.java:run(188)) - Starting JVM pause monitor
2019-09-26 13:31:24,779 [Thread-543] INFO  ozone.HddsDatanodeService (HddsDatanodeService.java:start(184)) - HddsDatanodeService host:pr-hdds-1569-87zkn-1081879488 ip:192.168.164.238
2019-09-26 13:31:24,780 [Datanode State Machine Thread - 0] INFO  datanode.InitDatanodeState (InitDatanodeState.java:persistContainerDatanodeDetails(140)) - DatanodeDetails is persisted to /workdir/hadoop-ozone/ozonefs/target/test-dir/MiniOzoneClusterImpl-58f1b142-a36f-4a38-b91d-584a62105ea7/datanode-1/meta/datanode.id
2019-09-26 13:31:24,784 [Thread-543] INFO  volume.HddsVolume (HddsVolume.java:<init>(176)) - Creating Volume: /workdir/hadoop-ozone/ozonefs/target/test-dir/MiniOzoneClusterImpl-58f1b142-a36f-4a38-b91d-584a62105ea7/datanode-2/data/containers/hdds of  storage type : DISK and capacity : 1482555576320
2019-09-26 13:31:24,784 [Thread-543] INFO  volume.VolumeSet (VolumeSet.java:initializeVolumeSet(170)) - Added Volume : /workdir/hadoop-ozone/ozonefs/target/test-dir/MiniOzoneClusterImpl-58f1b142-a36f-4a38-b91d-584a62105ea7/datanode-2/data/containers/hdds to VolumeSet
2019-09-26 13:31:24,784 [Thread-543] INFO  volume.ThrottledAsyncChecker (ThrottledAsyncChecker.java:schedule(139)) - Scheduling a check for org.apache.hadoop.ozone.container.common.volume.HddsVolume@7e6154e
2019-09-26 13:31:24,785 [Thread-543] INFO  volume.HddsVolumeChecker (HddsVolumeChecker.java:checkAllVolumes(202)) - Scheduled health check for volume org.apache.hadoop.ozone.container.common.volume.HddsVolume@7e6154e
2019-09-26 13:31:24,804 [Thread-543] INFO  impl.RaftServerProxy (ConfUtils.java:logGet(43)) - raft.rpc.type = GRPC (default)
2019-09-26 13:31:24,804 [Thread-543] INFO  grpc.GrpcFactory (GrpcFactory.java:checkPooledByteBufAllocatorUseCacheForAllThreads(45)) - PERFORMANCE WARNING: useCacheForAllThreads is true that may cause Netty to create a lot garbage objects and, as a result, trigger GC.
	It is recommended to disable useCacheForAllThreads by setting -Dorg.apache.ratis.thirdparty.io.netty.allocator.useCacheForAllThreads=false in command line.
2019-09-26 13:31:24,805 [Thread-543] INFO  grpc.GrpcConfigKeys$Server (ConfUtils.java:logGet(43)) - raft.grpc.server.port = 0 (default)
2019-09-26 13:31:24,805 [Thread-543] INFO  server.GrpcService (ConfUtils.java:logGet(43)) - raft.grpc.message.size.max = 33570816 (custom)
2019-09-26 13:31:24,805 [Thread-543] INFO  server.RaftServerConfigKeys (ConfUtils.java:logGet(43)) - raft.server.log.appender.buffer.byte-limit = 33554432 (custom)
2019-09-26 13:31:24,805 [Thread-543] INFO  server.GrpcService (ConfUtils.java:logGet(43)) - raft.grpc.flow.control.window = 1MB (=1048576) (default)
2019-09-26 13:31:24,805 [Thread-543] INFO  server.RaftServerConfigKeys (ConfUtils.java:logGet(43)) - raft.server.rpc.request.timeout = 3000ms (default)
2019-09-26 13:31:24,806 [Thread-543] INFO  server.RaftServerConfigKeys (ConfUtils.java:logGet(43)) - raft.server.storage.dir = [/workdir/hadoop-ozone/ozonefs/target/test-dir/MiniOzoneClusterImpl-58f1b142-a36f-4a38-b91d-584a62105ea7/datanode-2/data/ratis] (custom)
2019-09-26 13:31:24,807 [Thread-543] INFO  hdfs.DFSUtil (DFSUtil.java:httpServerTemplateForNNAndJN(1641)) - Starting Web-server for hddsDatanode at: http://0.0.0.0:0
2019-09-26 13:31:24,809 [Thread-543] INFO  server.AuthenticationFilter (AuthenticationFilter.java:constructSecretProvider(240)) - Unable to initialize FileSignerSecretProvider, falling back to use random secrets.
2019-09-26 13:31:24,809 [Thread-543] WARN  http.HttpRequestLog (HttpRequestLog.java:getRequestLog(97)) - Jetty request log can only be enabled using Log4j
2019-09-26 13:31:24,811 [Thread-543] INFO  http.HttpServer2 (HttpServer2.java:addGlobalFilter(975)) - Added global filter 'safety' (class=org.apache.hadoop.http.HttpServer2$QuotingInputFilter)
2019-09-26 13:31:24,811 [Thread-543] INFO  http.HttpServer2 (HttpServer2.java:addFilter(948)) - Added filter static_user_filter (class=org.apache.hadoop.http.lib.StaticUserWebFilter$StaticUserFilter) to context hddsDatanode
2019-09-26 13:31:24,811 [Thread-543] INFO  http.HttpServer2 (HttpServer2.java:addFilter(958)) - Added filter static_user_filter (class=org.apache.hadoop.http.lib.StaticUserWebFilter$StaticUserFilter) to context logs
2019-09-26 13:31:24,811 [Thread-543] INFO  http.HttpServer2 (HttpServer2.java:addFilter(958)) - Added filter static_user_filter (class=org.apache.hadoop.http.lib.StaticUserWebFilter$StaticUserFilter) to context static
2019-09-26 13:31:24,812 [Thread-543] INFO  http.HttpServer2 (HttpServer2.java:bindListener(1191)) - Jetty bound to port 39463
2019-09-26 13:31:24,812 [Thread-543] INFO  server.Server (Server.java:doStart(351)) - jetty-9.3.25.v20180904, build timestamp: 2018-09-04T21:11:46Z, git hash: 3ce520221d0240229c862b122d2b06c12a625732
2019-09-26 13:31:24,814 [Thread-543] INFO  handler.ContextHandler (ContextHandler.java:doStart(781)) - Started o.e.j.s.ServletContextHandler@cbae59{/logs,file:///workdir/hadoop-ozone/ozonefs/target/log,AVAILABLE}
2019-09-26 13:31:24,814 [Thread-543] INFO  handler.ContextHandler (ContextHandler.java:doStart(781)) - Started o.e.j.s.ServletContextHandler@7d33ffd0{/static,jar:file:/home/user/.m2/repository/org/apache/hadoop/hadoop-hdds-container-service/0.5.0-SNAPSHOT/hadoop-hdds-container-service-0.5.0-SNAPSHOT.jar!/webapps/static,AVAILABLE}
2019-09-26 13:31:24,842 [Thread-543] INFO  handler.ContextHandler (ContextHandler.java:doStart(781)) - Started o.e.j.w.WebAppContext@55ed0965{/,file:///tmp/jetty-0.0.0.0-39463-hddsDatanode-_-any-3201316961551368059.dir/webapp/,AVAILABLE}{/hddsDatanode}
2019-09-26 13:31:24,842 [Thread-543] INFO  server.AbstractConnector (AbstractConnector.java:doStart(278)) - Started ServerConnector@45f825fe{HTTP/1.1,[http/1.1]}{0.0.0.0:39463}
2019-09-26 13:31:24,844 [Thread-543] INFO  server.Server (Server.java:doStart(419)) - Started @40263ms
2019-09-26 13:31:24,844 [Thread-543] WARN  impl.MetricsSystemImpl (MetricsSystemImpl.java:register(276)) - Sink prometheus already exists!
2019-09-26 13:31:24,845 [Thread-543] INFO  server.BaseHttpServer (BaseHttpServer.java:updateConnectorAddress(215)) - HTTP server of HDDSDATANODE is listening at http://0.0.0.0:39463
2019-09-26 13:31:24,845 [Thread-543] INFO  ozone.MiniOzoneClusterImpl (MiniOzoneClusterImpl.java:lambda$waitForClusterToBeReady$0(147)) - Waiting for cluster to be ready. Got 0 of 3 DN Heartbeats.
2019-09-26 13:31:24,849 [org.apache.hadoop.util.JvmPauseMonitor$Monitor@7217a299] INFO  util.JvmPauseMonitor (JvmPauseMonitor.java:run(188)) - Starting JVM pause monitor
2019-09-26 13:31:24,850 [Datanode State Machine Thread - 0] INFO  datanode.InitDatanodeState (InitDatanodeState.java:persistContainerDatanodeDetails(140)) - DatanodeDetails is persisted to /workdir/hadoop-ozone/ozonefs/target/test-dir/MiniOzoneClusterImpl-58f1b142-a36f-4a38-b91d-584a62105ea7/datanode-2/meta/datanode.id
2019-09-26 13:31:25,846 [Thread-543] INFO  ozone.MiniOzoneClusterImpl (MiniOzoneClusterImpl.java:lambda$waitForClusterToBeReady$0(147)) - Waiting for cluster to be ready. Got 0 of 3 DN Heartbeats.
2019-09-26 13:31:26,702 [Datanode State Machine Thread - 0] INFO  ozoneimpl.OzoneContainer (OzoneContainer.java:start(217)) - Attempting to start container services.
2019-09-26 13:31:26,702 [Datanode State Machine Thread - 0] INFO  ozoneimpl.OzoneContainer (OzoneContainer.java:startContainerScrub(179)) - Background container scanner has been disabled.
2019-09-26 13:31:26,703 [Datanode State Machine Thread - 0] INFO  ratis.XceiverServerRatis (XceiverServerRatis.java:start(411)) - Starting XceiverServerRatis 08f0d413-ba2e-4bd8-9fb4-d48dc0f7c1d6 at port 0
2019-09-26 13:31:26,710 [Datanode State Machine Thread - 0] INFO  impl.RaftServerProxy (RaftServerProxy.java:lambda$start$3(299)) - 08f0d413-ba2e-4bd8-9fb4-d48dc0f7c1d6: start RPC server
2019-09-26 13:31:26,714 [Datanode State Machine Thread - 0] INFO  server.GrpcService (GrpcService.java:startImpl(158)) - 08f0d413-ba2e-4bd8-9fb4-d48dc0f7c1d6: GrpcService started, listening on 0.0.0.0/0.0.0.0:36621
2019-09-26 13:31:26,714 [Datanode State Machine Thread - 0] INFO  ratis.XceiverServerRatis (XceiverServerRatis.java:start(421)) - XceiverServerRatis 08f0d413-ba2e-4bd8-9fb4-d48dc0f7c1d6 is started using port 36621
2019-09-26 13:31:26,715 [Datanode State Machine Thread - 0] INFO  server.XceiverServerGrpc (XceiverServerGrpc.java:start(149)) - XceiverServerGrpc 08f0d413-ba2e-4bd8-9fb4-d48dc0f7c1d6 is started using port 43830
2019-09-26 13:31:26,807 [Datanode State Machine Thread - 0] INFO  ozoneimpl.OzoneContainer (OzoneContainer.java:start(217)) - Attempting to start container services.
2019-09-26 13:31:26,808 [Datanode State Machine Thread - 0] INFO  ozoneimpl.OzoneContainer (OzoneContainer.java:startContainerScrub(179)) - Background container scanner has been disabled.
2019-09-26 13:31:26,808 [Datanode State Machine Thread - 0] INFO  ratis.XceiverServerRatis (XceiverServerRatis.java:start(411)) - Starting XceiverServerRatis 0b05557d-aaca-4439-b58f-16bf68049744 at port 0
2019-09-26 13:31:26,816 [Datanode State Machine Thread - 0] INFO  impl.RaftServerProxy (RaftServerProxy.java:lambda$start$3(299)) - 0b05557d-aaca-4439-b58f-16bf68049744: start RPC server
2019-09-26 13:31:26,817 [Datanode State Machine Thread - 0] INFO  server.GrpcService (GrpcService.java:startImpl(158)) - 0b05557d-aaca-4439-b58f-16bf68049744: GrpcService started, listening on 0.0.0.0/0.0.0.0:38840
2019-09-26 13:31:26,817 [Datanode State Machine Thread - 0] INFO  ratis.XceiverServerRatis (XceiverServerRatis.java:start(421)) - XceiverServerRatis 0b05557d-aaca-4439-b58f-16bf68049744 is started using port 38840
2019-09-26 13:31:26,817 [Datanode State Machine Thread - 0] INFO  server.XceiverServerGrpc (XceiverServerGrpc.java:start(149)) - XceiverServerGrpc 0b05557d-aaca-4439-b58f-16bf68049744 is started using port 37698
2019-09-26 13:31:26,846 [Thread-543] INFO  ozone.MiniOzoneClusterImpl (MiniOzoneClusterImpl.java:lambda$waitForClusterToBeReady$0(147)) - Waiting for cluster to be ready. Got 0 of 3 DN Heartbeats.
2019-09-26 13:31:26,860 [Datanode State Machine Thread - 0] INFO  ozoneimpl.OzoneContainer (OzoneContainer.java:start(217)) - Attempting to start container services.
2019-09-26 13:31:26,861 [Datanode State Machine Thread - 0] INFO  ozoneimpl.OzoneContainer (OzoneContainer.java:startContainerScrub(179)) - Background container scanner has been disabled.
2019-09-26 13:31:26,861 [Datanode State Machine Thread - 0] INFO  ratis.XceiverServerRatis (XceiverServerRatis.java:start(411)) - Starting XceiverServerRatis 7cb6d186-caac-4cd2-8aac-d2a4e4b631e6 at port 0
2019-09-26 13:31:26,867 [Datanode State Machine Thread - 0] INFO  impl.RaftServerProxy (RaftServerProxy.java:lambda$start$3(299)) - 7cb6d186-caac-4cd2-8aac-d2a4e4b631e6: start RPC server
2019-09-26 13:31:26,868 [Datanode State Machine Thread - 0] INFO  server.GrpcService (GrpcService.java:startImpl(158)) - 7cb6d186-caac-4cd2-8aac-d2a4e4b631e6: GrpcService started, listening on 0.0.0.0/0.0.0.0:40363
2019-09-26 13:31:26,868 [Datanode State Machine Thread - 0] INFO  ratis.XceiverServerRatis (XceiverServerRatis.java:start(421)) - XceiverServerRatis 7cb6d186-caac-4cd2-8aac-d2a4e4b631e6 is started using port 40363
2019-09-26 13:31:26,869 [Datanode State Machine Thread - 0] INFO  server.XceiverServerGrpc (XceiverServerGrpc.java:start(149)) - XceiverServerGrpc 7cb6d186-caac-4cd2-8aac-d2a4e4b631e6 is started using port 36895
2019-09-26 13:31:27,846 [Thread-543] INFO  ozone.MiniOzoneClusterImpl (MiniOzoneClusterImpl.java:lambda$waitForClusterToBeReady$0(147)) - Waiting for cluster to be ready. Got 0 of 3 DN Heartbeats.
2019-09-26 13:31:28,690 [IPC Server handler 0 on 39931] INFO  net.NetworkTopology (NetworkTopologyImpl.java:add(111)) - Added a new node: /default-rack/08f0d413-ba2e-4bd8-9fb4-d48dc0f7c1d6
2019-09-26 13:31:28,691 [IPC Server handler 0 on 39931] INFO  node.SCMNodeManager (SCMNodeManager.java:register(266)) - Registered Data node : 08f0d413-ba2e-4bd8-9fb4-d48dc0f7c1d6{ip: 192.168.164.238, host: pr-hdds-1569-87zkn-1081879488, networkLocation: /default-rack, certSerialId: null}
2019-09-26 13:31:28,693 [EventQueue-NodeRegistrationContainerReportForDataNodeSafeModeRule] INFO  safemode.SCMSafeModeManager (DataNodeSafeModeRule.java:process(71)) - SCM in safe mode. 1 DataNodes registered, 1 required.
2019-09-26 13:31:28,694 [EventQueue-NodeRegistrationContainerReportForDataNodeSafeModeRule] INFO  safemode.SCMSafeModeManager (SCMSafeModeManager.java:validateSafeModeExitRules(177)) - ScmSafeModeManager, all rules are successfully validated
2019-09-26 13:31:28,694 [EventQueue-NodeRegistrationContainerReportForDataNodeSafeModeRule] INFO  safemode.SCMSafeModeManager (SCMSafeModeManager.java:exitSafeMode(193)) - SCM exiting safe mode.
2019-09-26 13:31:28,713 [grpc-default-executor-0] INFO  impl.RaftServerProxy (RaftServerProxy.java:addNew(89)) - 08f0d413-ba2e-4bd8-9fb4-d48dc0f7c1d6: addNew group-F34AF4E8B9A5:[08f0d413-ba2e-4bd8-9fb4-d48dc0f7c1d6:192.168.164.238:36621] returns group-F34AF4E8B9A5:java.util.concurrent.CompletableFuture@73d51bb5[Not completed]
2019-09-26 13:31:28,715 [pool-127-thread-1] INFO  impl.RaftServerImpl (RaftServerImpl.java:<init>(95)) - 08f0d413-ba2e-4bd8-9fb4-d48dc0f7c1d6: new RaftServerImpl for group-F34AF4E8B9A5:[08f0d413-ba2e-4bd8-9fb4-d48dc0f7c1d6:192.168.164.238:36621] with ContainerStateMachine:uninitialized
2019-09-26 13:31:28,715 [pool-127-thread-1] INFO  server.RaftServerConfigKeys (ConfUtils.java:logGet(43)) - raft.server.rpc.timeout.min = 5s (custom)
2019-09-26 13:31:28,715 [pool-127-thread-1] INFO  server.RaftServerConfigKeys (ConfUtils.java:logGet(43)) - raft.server.rpc.timeout.max = 5200ms (custom)
2019-09-26 13:31:28,715 [pool-127-thread-1] INFO  server.RaftServerConfigKeys (ConfUtils.java:logGet(43)) - raft.server.rpcslowness.timeout = 120s (custom)
2019-09-26 13:31:28,715 [pool-127-thread-1] INFO  server.RaftServerConfigKeys (ConfUtils.java:logGet(43)) - raft.server.sleep.deviation.threshold = 300 (default)
2019-09-26 13:31:28,716 [pool-127-thread-1] INFO  server.RaftServerConfigKeys (ConfUtils.java:logGet(43)) - raft.server.log.appender.install.snapshot.enabled = false (custom)
2019-09-26 13:31:28,716 [pool-127-thread-1] INFO  impl.RaftServerImpl (ServerState.java:<init>(103)) - 08f0d413-ba2e-4bd8-9fb4-d48dc0f7c1d6@group-F34AF4E8B9A5: ConfigurationManager, init=-1: [08f0d413-ba2e-4bd8-9fb4-d48dc0f7c1d6:192.168.164.238:36621], old=null, confs=<EMPTY_MAP>
2019-09-26 13:31:28,716 [pool-127-thread-1] INFO  server.RaftServerConfigKeys (ConfUtils.java:logGet(43)) - raft.server.storage.dir = [/workdir/hadoop-ozone/ozonefs/target/test-dir/MiniOzoneClusterImpl-58f1b142-a36f-4a38-b91d-584a62105ea7/datanode-0/data/ratis] (custom)
2019-09-26 13:31:28,717 [pool-127-thread-1] INFO  storage.RaftStorageDirectory (RaftStorageDirectory.java:analyzeStorage(246)) - The storage directory /workdir/hadoop-ozone/ozonefs/target/test-dir/MiniOzoneClusterImpl-58f1b142-a36f-4a38-b91d-584a62105ea7/datanode-0/data/ratis/4ba0d13e-a7cd-4be0-94ab-f34af4e8b9a5 does not exist. Creating ...
2019-09-26 13:31:28,730 [pool-127-thread-1] INFO  storage.RaftStorageDirectory (RaftStorageDirectory.java:tryLock(328)) - Lock on /workdir/hadoop-ozone/ozonefs/target/test-dir/MiniOzoneClusterImpl-58f1b142-a36f-4a38-b91d-584a62105ea7/datanode-0/data/ratis/4ba0d13e-a7cd-4be0-94ab-f34af4e8b9a5/in_use.lock acquired by nodename 10147@pr-hdds-1569-87zkn-1081879488
2019-09-26 13:31:28,743 [pool-127-thread-1] INFO  storage.RaftStorage (RaftStorage.java:format(72)) - Storage directory /workdir/hadoop-ozone/ozonefs/target/test-dir/MiniOzoneClusterImpl-58f1b142-a36f-4a38-b91d-584a62105ea7/datanode-0/data/ratis/4ba0d13e-a7cd-4be0-94ab-f34af4e8b9a5 has been successfully formatted.
2019-09-26 13:31:28,743 [pool-127-thread-1] INFO  ratis.ContainerStateMachine (ContainerStateMachine.java:loadSnapshot(230)) - group-F34AF4E8B9A5: The snapshot info is null. Setting the last applied indexto:(t:0, i:~)
2019-09-26 13:31:28,744 [pool-127-thread-1] INFO  server.RaftServerConfigKeys (ConfUtils.java:logGet(43)) - raft.server.notification.no-leader.timeout = 120s (custom)
2019-09-26 13:31:28,744 [pool-127-thread-1] INFO  server.RaftServerConfigKeys (ConfUtils.java:logGet(43)) - raft.server.log.use.memory = false (default)
2019-09-26 13:31:28,744 [pool-127-thread-1] INFO  server.RaftServerConfigKeys (ConfUtils.java:logGet(43)) - raft.server.log.purge.gap = 1000000 (custom)
2019-09-26 13:31:28,744 [pool-127-thread-1] INFO  server.RaftServerConfigKeys (ConfUtils.java:logGet(43)) - raft.server.log.appender.buffer.byte-limit = 33554432 (custom)
2019-09-26 13:31:28,744 [pool-127-thread-1] INFO  server.RaftServerConfigKeys (ConfUtils.java:logGet(43)) - raft.server.log.segment.size.max = 1048576 (custom)
2019-09-26 13:31:28,744 [pool-127-thread-1] INFO  server.RaftServerConfigKeys (ConfUtils.java:logGet(43)) - raft.server.log.segment.cache.num.max = 2 (custom)
2019-09-26 13:31:28,745 [pool-127-thread-1] INFO  segmented.SegmentedRaftLogWorker (SegmentedRaftLogWorker.java:<init>(172)) - new 08f0d413-ba2e-4bd8-9fb4-d48dc0f7c1d6@group-F34AF4E8B9A5-SegmentedRaftLogWorker for RaftStorage:Storage Directory /workdir/hadoop-ozone/ozonefs/target/test-dir/MiniOzoneClusterImpl-58f1b142-a36f-4a38-b91d-584a62105ea7/datanode-0/data/ratis/4ba0d13e-a7cd-4be0-94ab-f34af4e8b9a5
2019-09-26 13:31:28,747 [pool-127-thread-1] INFO  server.RaftServerConfigKeys (ConfUtils.java:logGet(43)) - raft.server.log.queue.byte-limit = 2147483647 (custom)
2019-09-26 13:31:28,747 [pool-127-thread-1] INFO  server.RaftServerConfigKeys (ConfUtils.java:logGet(43)) - raft.server.log.queue.element-limit = 1024 (custom)
2019-09-26 13:31:28,747 [pool-127-thread-1] INFO  server.RaftServerConfigKeys (ConfUtils.java:logGet(43)) - raft.server.log.segment.size.max = 1048576 (custom)
2019-09-26 13:31:28,747 [pool-127-thread-1] INFO  server.RaftServerConfigKeys (ConfUtils.java:logGet(43)) - raft.server.log.preallocated.size = 16384 (custom)
2019-09-26 13:31:28,747 [pool-127-thread-1] INFO  server.RaftServerConfigKeys (ConfUtils.java:logGet(43)) - raft.server.log.write.buffer.size = 33554432 (custom)
2019-09-26 13:31:28,748 [pool-127-thread-1] INFO  server.RaftServerConfigKeys (ConfUtils.java:logGet(43)) - raft.server.log.force.sync.num = 128 (default)
2019-09-26 13:31:28,748 [pool-127-thread-1] INFO  server.RaftServerConfigKeys (ConfUtils.java:logGet(43)) - raft.server.log.statemachine.data.sync = true (default)
2019-09-26 13:31:28,748 [pool-127-thread-1] INFO  server.RaftServerConfigKeys (ConfUtils.java:logGet(43)) - raft.server.log.statemachine.data.sync.timeout = 10s (default)
2019-09-26 13:31:28,748 [pool-127-thread-1] INFO  server.RaftServerConfigKeys (ConfUtils.java:logGet(43)) - raft.server.log.statemachine.data.sync.timeout.retry = -1 (default)
2019-09-26 13:31:28,748 [pool-127-thread-1] INFO  server.RaftServerConfigKeys (ConfUtils.java:logGet(43)) - raft.server.log.statemachine.data.caching.enabled = true (custom)
2019-09-26 13:31:28,749 [pool-127-thread-1] INFO  segmented.SegmentedRaftLogWorker (SegmentedRaftLogWorker.java:lambda$new$0(132)) - 08f0d413-ba2e-4bd8-9fb4-d48dc0f7c1d6@group-F34AF4E8B9A5-SegmentedRaftLogWorker: flushIndex: setUnconditionally 0 -> -1
2019-09-26 13:31:28,749 [pool-127-thread-1] INFO  server.RaftServerConfigKeys (ConfUtils.java:logGet(43)) - raft.server.snapshot.auto.trigger.enabled = true (custom)
2019-09-26 13:31:28,749 [pool-127-thread-1] INFO  server.RaftServerConfigKeys (ConfUtils.java:logGet(43)) - raft.server.snapshot.auto.trigger.threshold = 10000 (custom)
2019-09-26 13:31:28,749 [pool-127-thread-1] INFO  server.RaftServerConfigKeys (ConfUtils.java:logGet(43)) - raft.server.snapshot.retention.num.files = 5 (custom)
2019-09-26 13:31:28,749 [pool-127-thread-1] INFO  server.RaftServerConfigKeys (ConfUtils.java:logGet(43)) - raft.server.retrycache.expirytime = 600000ms (custom)
2019-09-26 13:31:28,751 [pool-127-thread-1] INFO  impl.RaftServerImpl (RaftServerImpl.java:start(185)) - 08f0d413-ba2e-4bd8-9fb4-d48dc0f7c1d6@group-F34AF4E8B9A5: start as a follower, conf=-1: [08f0d413-ba2e-4bd8-9fb4-d48dc0f7c1d6:192.168.164.238:36621], old=null
2019-09-26 13:31:28,751 [pool-127-thread-1] INFO  impl.RaftServerImpl (RaftServerImpl.java:setRole(174)) - 08f0d413-ba2e-4bd8-9fb4-d48dc0f7c1d6@group-F34AF4E8B9A5: changes role from      null to FOLLOWER at term 0 for startAsFollower
2019-09-26 13:31:28,752 [pool-127-thread-1] INFO  impl.RoleInfo (RoleInfo.java:updateAndGet(143)) - 08f0d413-ba2e-4bd8-9fb4-d48dc0f7c1d6: start FollowerState
2019-09-26 13:31:28,752 [pool-127-thread-1] INFO  util.JmxRegister (JmxRegister.java:tryRegister(44)) - Successfully registered JMX Bean with object name Ratis:service=RaftServer,group=group-F34AF4E8B9A5,id=08f0d413-ba2e-4bd8-9fb4-d48dc0f7c1d6
2019-09-26 13:31:28,771 [RatisPipelineUtilsThread] INFO  pipeline.PipelineStateManager (PipelineStateManager.java:addPipeline(56)) - Created pipeline Pipeline[ Id: 4ba0d13e-a7cd-4be0-94ab-f34af4e8b9a5, Nodes: 08f0d413-ba2e-4bd8-9fb4-d48dc0f7c1d6{ip: 192.168.164.238, host: pr-hdds-1569-87zkn-1081879488, networkLocation: /default-rack, certSerialId: null}, Type:RATIS, Factor:ONE, State:OPEN]
2019-09-26 13:31:28,780 [IPC Server handler 2 on 39931] INFO  net.NetworkTopology (NetworkTopologyImpl.java:add(111)) - Added a new node: /default-rack/0b05557d-aaca-4439-b58f-16bf68049744
2019-09-26 13:31:28,780 [IPC Server handler 2 on 39931] INFO  node.SCMNodeManager (SCMNodeManager.java:register(266)) - Registered Data node : 0b05557d-aaca-4439-b58f-16bf68049744{ip: 192.168.164.238, host: pr-hdds-1569-87zkn-1081879488, networkLocation: /default-rack, certSerialId: null}
2019-09-26 13:31:28,783 [grpc-default-executor-0] INFO  impl.RaftServerProxy (RaftServerProxy.java:addNew(89)) - 08f0d413-ba2e-4bd8-9fb4-d48dc0f7c1d6: addNew group-06ED78643891:[08f0d413-ba2e-4bd8-9fb4-d48dc0f7c1d6:192.168.164.238:36621] returns group-06ED78643891:java.util.concurrent.CompletableFuture@42ecca64[Not completed]
2019-09-26 13:31:28,784 [pool-127-thread-1] INFO  impl.RaftServerImpl (RaftServerImpl.java:<init>(95)) - 08f0d413-ba2e-4bd8-9fb4-d48dc0f7c1d6: new RaftServerImpl for group-06ED78643891:[08f0d413-ba2e-4bd8-9fb4-d48dc0f7c1d6:192.168.164.238:36621] with ContainerStateMachine:uninitialized
2019-09-26 13:31:28,784 [pool-127-thread-1] INFO  server.RaftServerConfigKeys (ConfUtils.java:logGet(43)) - raft.server.rpc.timeout.min = 5s (custom)
2019-09-26 13:31:28,784 [pool-127-thread-1] INFO  server.RaftServerConfigKeys (ConfUtils.java:logGet(43)) - raft.server.rpc.timeout.max = 5200ms (custom)
2019-09-26 13:31:28,784 [pool-127-thread-1] INFO  server.RaftServerConfigKeys (ConfUtils.java:logGet(43)) - raft.server.rpcslowness.timeout = 120s (custom)
2019-09-26 13:31:28,784 [pool-127-thread-1] INFO  server.RaftServerConfigKeys (ConfUtils.java:logGet(43)) - raft.server.sleep.deviation.threshold = 300 (default)
2019-09-26 13:31:28,785 [pool-127-thread-1] INFO  server.RaftServerConfigKeys (ConfUtils.java:logGet(43)) - raft.server.log.appender.install.snapshot.enabled = false (custom)
2019-09-26 13:31:28,785 [pool-127-thread-1] INFO  impl.RaftServerImpl (ServerState.java:<init>(103)) - 08f0d413-ba2e-4bd8-9fb4-d48dc0f7c1d6@group-06ED78643891: ConfigurationManager, init=-1: [08f0d413-ba2e-4bd8-9fb4-d48dc0f7c1d6:192.168.164.238:36621], old=null, confs=<EMPTY_MAP>
2019-09-26 13:31:28,785 [pool-127-thread-1] INFO  server.RaftServerConfigKeys (ConfUtils.java:logGet(43)) - raft.server.storage.dir = [/workdir/hadoop-ozone/ozonefs/target/test-dir/MiniOzoneClusterImpl-58f1b142-a36f-4a38-b91d-584a62105ea7/datanode-0/data/ratis] (custom)
2019-09-26 13:31:28,785 [pool-127-thread-1] INFO  storage.RaftStorageDirectory (RaftStorageDirectory.java:analyzeStorage(246)) - The storage directory /workdir/hadoop-ozone/ozonefs/target/test-dir/MiniOzoneClusterImpl-58f1b142-a36f-4a38-b91d-584a62105ea7/datanode-0/data/ratis/9a55fef5-5c3a-48f4-ac97-06ed78643891 does not exist. Creating ...
2019-09-26 13:31:28,798 [pool-127-thread-1] INFO  storage.RaftStorageDirectory (RaftStorageDirectory.java:tryLock(328)) - Lock on /workdir/hadoop-ozone/ozonefs/target/test-dir/MiniOzoneClusterImpl-58f1b142-a36f-4a38-b91d-584a62105ea7/datanode-0/data/ratis/9a55fef5-5c3a-48f4-ac97-06ed78643891/in_use.lock acquired by nodename 10147@pr-hdds-1569-87zkn-1081879488
2019-09-26 13:31:28,811 [pool-127-thread-1] INFO  storage.RaftStorage (RaftStorage.java:format(72)) - Storage directory /workdir/hadoop-ozone/ozonefs/target/test-dir/MiniOzoneClusterImpl-58f1b142-a36f-4a38-b91d-584a62105ea7/datanode-0/data/ratis/9a55fef5-5c3a-48f4-ac97-06ed78643891 has been successfully formatted.
2019-09-26 13:31:28,811 [pool-127-thread-1] INFO  ratis.ContainerStateMachine (ContainerStateMachine.java:loadSnapshot(230)) - group-06ED78643891: The snapshot info is null. Setting the last applied indexto:(t:0, i:~)
2019-09-26 13:31:28,812 [pool-127-thread-1] INFO  server.RaftServerConfigKeys (ConfUtils.java:logGet(43)) - raft.server.notification.no-leader.timeout = 120s (custom)
2019-09-26 13:31:28,812 [pool-127-thread-1] INFO  server.RaftServerConfigKeys (ConfUtils.java:logGet(43)) - raft.server.log.use.memory = false (default)
2019-09-26 13:31:28,812 [pool-127-thread-1] INFO  server.RaftServerConfigKeys (ConfUtils.java:logGet(43)) - raft.server.log.purge.gap = 1000000 (custom)
2019-09-26 13:31:28,812 [pool-127-thread-1] INFO  server.RaftServerConfigKeys (ConfUtils.java:logGet(43)) - raft.server.log.appender.buffer.byte-limit = 33554432 (custom)
2019-09-26 13:31:28,812 [pool-127-thread-1] INFO  server.RaftServerConfigKeys (ConfUtils.java:logGet(43)) - raft.server.log.segment.size.max = 1048576 (custom)
2019-09-26 13:31:28,812 [pool-127-thread-1] INFO  server.RaftServerConfigKeys (ConfUtils.java:logGet(43)) - raft.server.log.segment.cache.num.max = 2 (custom)
2019-09-26 13:31:28,812 [pool-127-thread-1] INFO  segmented.SegmentedRaftLogWorker (SegmentedRaftLogWorker.java:<init>(172)) - new 08f0d413-ba2e-4bd8-9fb4-d48dc0f7c1d6@group-06ED78643891-SegmentedRaftLogWorker for RaftStorage:Storage Directory /workdir/hadoop-ozone/ozonefs/target/test-dir/MiniOzoneClusterImpl-58f1b142-a36f-4a38-b91d-584a62105ea7/datanode-0/data/ratis/9a55fef5-5c3a-48f4-ac97-06ed78643891
2019-09-26 13:31:28,812 [pool-127-thread-1] INFO  server.RaftServerConfigKeys (ConfUtils.java:logGet(43)) - raft.server.log.queue.byte-limit = 2147483647 (custom)
2019-09-26 13:31:28,813 [pool-127-thread-1] INFO  server.RaftServerConfigKeys (ConfUtils.java:logGet(43)) - raft.server.log.queue.element-limit = 1024 (custom)
2019-09-26 13:31:28,813 [pool-127-thread-1] INFO  server.RaftServerConfigKeys (ConfUtils.java:logGet(43)) - raft.server.log.segment.size.max = 1048576 (custom)
2019-09-26 13:31:28,813 [pool-127-thread-1] INFO  server.RaftServerConfigKeys (ConfUtils.java:logGet(43)) - raft.server.log.preallocated.size = 16384 (custom)
2019-09-26 13:31:28,813 [pool-127-thread-1] INFO  server.RaftServerConfigKeys (ConfUtils.java:logGet(43)) - raft.server.log.write.buffer.size = 33554432 (custom)
2019-09-26 13:31:28,813 [pool-127-thread-1] INFO  server.RaftServerConfigKeys (ConfUtils.java:logGet(43)) - raft.server.log.force.sync.num = 128 (default)
2019-09-26 13:31:28,813 [pool-127-thread-1] INFO  server.RaftServerConfigKeys (ConfUtils.java:logGet(43)) - raft.server.log.statemachine.data.sync = true (default)
2019-09-26 13:31:28,813 [pool-127-thread-1] INFO  server.RaftServerConfigKeys (ConfUtils.java:logGet(43)) - raft.server.log.statemachine.data.sync.timeout = 10s (default)
2019-09-26 13:31:28,813 [pool-127-thread-1] INFO  server.RaftServerConfigKeys (ConfUtils.java:logGet(43)) - raft.server.log.statemachine.data.sync.timeout.retry = -1 (default)
2019-09-26 13:31:28,814 [pool-127-thread-1] INFO  server.RaftServerConfigKeys (ConfUtils.java:logGet(43)) - raft.server.log.statemachine.data.caching.enabled = true (custom)
2019-09-26 13:31:28,814 [pool-127-thread-1] INFO  segmented.SegmentedRaftLogWorker (SegmentedRaftLogWorker.java:lambda$new$0(132)) - 08f0d413-ba2e-4bd8-9fb4-d48dc0f7c1d6@group-06ED78643891-SegmentedRaftLogWorker: flushIndex: setUnconditionally 0 -> -1
2019-09-26 13:31:28,814 [pool-127-thread-1] INFO  server.RaftServerConfigKeys (ConfUtils.java:logGet(43)) - raft.server.snapshot.auto.trigger.enabled = true (custom)
2019-09-26 13:31:28,814 [pool-127-thread-1] INFO  server.RaftServerConfigKeys (ConfUtils.java:logGet(43)) - raft.server.snapshot.auto.trigger.threshold = 10000 (custom)
2019-09-26 13:31:28,814 [pool-127-thread-1] INFO  server.RaftServerConfigKeys (ConfUtils.java:logGet(43)) - raft.server.snapshot.retention.num.files = 5 (custom)
2019-09-26 13:31:28,814 [pool-127-thread-1] INFO  server.RaftServerConfigKeys (ConfUtils.java:logGet(43)) - raft.server.retrycache.expirytime = 600000ms (custom)
2019-09-26 13:31:28,816 [pool-127-thread-1] INFO  impl.RaftServerImpl (RaftServerImpl.java:start(185)) - 08f0d413-ba2e-4bd8-9fb4-d48dc0f7c1d6@group-06ED78643891: start as a follower, conf=-1: [08f0d413-ba2e-4bd8-9fb4-d48dc0f7c1d6:192.168.164.238:36621], old=null
2019-09-26 13:31:28,816 [pool-127-thread-1] INFO  impl.RaftServerImpl (RaftServerImpl.java:setRole(174)) - 08f0d413-ba2e-4bd8-9fb4-d48dc0f7c1d6@group-06ED78643891: changes role from      null to FOLLOWER at term 0 for startAsFollower
2019-09-26 13:31:28,816 [pool-127-thread-1] INFO  impl.RoleInfo (RoleInfo.java:updateAndGet(143)) - 08f0d413-ba2e-4bd8-9fb4-d48dc0f7c1d6: start FollowerState
2019-09-26 13:31:28,817 [pool-127-thread-1] INFO  util.JmxRegister (JmxRegister.java:tryRegister(44)) - Successfully registered JMX Bean with object name Ratis:service=RaftServer,group=group-06ED78643891,id=08f0d413-ba2e-4bd8-9fb4-d48dc0f7c1d6
2019-09-26 13:31:28,822 [RatisPipelineUtilsThread] INFO  pipeline.PipelineStateManager (PipelineStateManager.java:addPipeline(56)) - Created pipeline Pipeline[ Id: 9a55fef5-5c3a-48f4-ac97-06ed78643891, Nodes: 08f0d413-ba2e-4bd8-9fb4-d48dc0f7c1d6{ip: 192.168.164.238, host: pr-hdds-1569-87zkn-1081879488, networkLocation: /default-rack, certSerialId: null}, Type:RATIS, Factor:ONE, State:OPEN]
2019-09-26 13:31:28,845 [grpc-default-executor-0] INFO  impl.RaftServerProxy (RaftServerProxy.java:addNew(89)) - 0b05557d-aaca-4439-b58f-16bf68049744: addNew group-61E44E5B6D03:[0b05557d-aaca-4439-b58f-16bf68049744:192.168.164.238:38840] returns group-61E44E5B6D03:java.util.concurrent.CompletableFuture@75aab968[Not completed]
2019-09-26 13:31:28,846 [pool-137-thread-1] INFO  impl.RaftServerImpl (RaftServerImpl.java:<init>(95)) - 0b05557d-aaca-4439-b58f-16bf68049744: new RaftServerImpl for group-61E44E5B6D03:[0b05557d-aaca-4439-b58f-16bf68049744:192.168.164.238:38840] with ContainerStateMachine:uninitialized
2019-09-26 13:31:28,846 [pool-137-thread-1] INFO  server.RaftServerConfigKeys (ConfUtils.java:logGet(43)) - raft.server.rpc.timeout.min = 5s (custom)
2019-09-26 13:31:28,846 [pool-137-thread-1] INFO  server.RaftServerConfigKeys (ConfUtils.java:logGet(43)) - raft.server.rpc.timeout.max = 5200ms (custom)
2019-09-26 13:31:28,846 [pool-137-thread-1] INFO  server.RaftServerConfigKeys (ConfUtils.java:logGet(43)) - raft.server.rpcslowness.timeout = 120s (custom)
2019-09-26 13:31:28,846 [pool-137-thread-1] INFO  server.RaftServerConfigKeys (ConfUtils.java:logGet(43)) - raft.server.sleep.deviation.threshold = 300 (default)
2019-09-26 13:31:28,847 [pool-137-thread-1] INFO  server.RaftServerConfigKeys (ConfUtils.java:logGet(43)) - raft.server.log.appender.install.snapshot.enabled = false (custom)
2019-09-26 13:31:28,847 [pool-137-thread-1] INFO  impl.RaftServerImpl (ServerState.java:<init>(103)) - 0b05557d-aaca-4439-b58f-16bf68049744@group-61E44E5B6D03: ConfigurationManager, init=-1: [0b05557d-aaca-4439-b58f-16bf68049744:192.168.164.238:38840], old=null, confs=<EMPTY_MAP>
2019-09-26 13:31:28,847 [Thread-543] INFO  ozone.MiniOzoneClusterImpl (MiniOzoneClusterImpl.java:lambda$waitForClusterToBeReady$0(147)) - Waiting for cluster to be ready. Got 2 of 3 DN Heartbeats.
2019-09-26 13:31:28,847 [pool-137-thread-1] INFO  server.RaftServerConfigKeys (ConfUtils.java:logGet(43)) - raft.server.storage.dir = [/workdir/hadoop-ozone/ozonefs/target/test-dir/MiniOzoneClusterImpl-58f1b142-a36f-4a38-b91d-584a62105ea7/datanode-1/data/ratis] (custom)
2019-09-26 13:31:28,847 [pool-137-thread-1] INFO  storage.RaftStorageDirectory (RaftStorageDirectory.java:analyzeStorage(246)) - The storage directory /workdir/hadoop-ozone/ozonefs/target/test-dir/MiniOzoneClusterImpl-58f1b142-a36f-4a38-b91d-584a62105ea7/datanode-1/data/ratis/3ed39021-e11c-45f4-9869-61e44e5b6d03 does not exist. Creating ...
2019-09-26 13:31:28,850 [IPC Server handler 1 on 39931] INFO  net.NetworkTopology (NetworkTopologyImpl.java:add(111)) - Added a new node: /default-rack/7cb6d186-caac-4cd2-8aac-d2a4e4b631e6
2019-09-26 13:31:28,851 [IPC Server handler 1 on 39931] INFO  node.SCMNodeManager (SCMNodeManager.java:register(266)) - Registered Data node : 7cb6d186-caac-4cd2-8aac-d2a4e4b631e6{ip: 192.168.164.238, host: pr-hdds-1569-87zkn-1081879488, networkLocation: /default-rack, certSerialId: null}
2019-09-26 13:31:28,860 [pool-137-thread-1] INFO  storage.RaftStorageDirectory (RaftStorageDirectory.java:tryLock(328)) - Lock on /workdir/hadoop-ozone/ozonefs/target/test-dir/MiniOzoneClusterImpl-58f1b142-a36f-4a38-b91d-584a62105ea7/datanode-1/data/ratis/3ed39021-e11c-45f4-9869-61e44e5b6d03/in_use.lock acquired by nodename 10147@pr-hdds-1569-87zkn-1081879488
2019-09-26 13:31:28,872 [pool-137-thread-1] INFO  storage.RaftStorage (RaftStorage.java:format(72)) - Storage directory /workdir/hadoop-ozone/ozonefs/target/test-dir/MiniOzoneClusterImpl-58f1b142-a36f-4a38-b91d-584a62105ea7/datanode-1/data/ratis/3ed39021-e11c-45f4-9869-61e44e5b6d03 has been successfully formatted.
2019-09-26 13:31:28,873 [pool-137-thread-1] INFO  ratis.ContainerStateMachine (ContainerStateMachine.java:loadSnapshot(230)) - group-61E44E5B6D03: The snapshot info is null. Setting the last applied indexto:(t:0, i:~)
2019-09-26 13:31:28,873 [pool-137-thread-1] INFO  server.RaftServerConfigKeys (ConfUtils.java:logGet(43)) - raft.server.notification.no-leader.timeout = 120s (custom)
2019-09-26 13:31:28,873 [pool-137-thread-1] INFO  server.RaftServerConfigKeys (ConfUtils.java:logGet(43)) - raft.server.log.use.memory = false (default)
2019-09-26 13:31:28,873 [pool-137-thread-1] INFO  server.RaftServerConfigKeys (ConfUtils.java:logGet(43)) - raft.server.log.purge.gap = 1000000 (custom)
2019-09-26 13:31:28,873 [pool-137-thread-1] INFO  server.RaftServerConfigKeys (ConfUtils.java:logGet(43)) - raft.server.log.appender.buffer.byte-limit = 33554432 (custom)
2019-09-26 13:31:28,873 [pool-137-thread-1] INFO  server.RaftServerConfigKeys (ConfUtils.java:logGet(43)) - raft.server.log.segment.size.max = 1048576 (custom)
2019-09-26 13:31:28,873 [pool-137-thread-1] INFO  server.RaftServerConfigKeys (ConfUtils.java:logGet(43)) - raft.server.log.segment.cache.num.max = 2 (custom)
2019-09-26 13:31:28,874 [pool-137-thread-1] INFO  segmented.SegmentedRaftLogWorker (SegmentedRaftLogWorker.java:<init>(172)) - new 0b05557d-aaca-4439-b58f-16bf68049744@group-61E44E5B6D03-SegmentedRaftLogWorker for RaftStorage:Storage Directory /workdir/hadoop-ozone/ozonefs/target/test-dir/MiniOzoneClusterImpl-58f1b142-a36f-4a38-b91d-584a62105ea7/datanode-1/data/ratis/3ed39021-e11c-45f4-9869-61e44e5b6d03
2019-09-26 13:31:28,875 [pool-137-thread-1] INFO  server.RaftServerConfigKeys (ConfUtils.java:logGet(43)) - raft.server.log.queue.byte-limit = 2147483647 (custom)
2019-09-26 13:31:28,875 [pool-137-thread-1] INFO  server.RaftServerConfigKeys (ConfUtils.java:logGet(43)) - raft.server.log.queue.element-limit = 1024 (custom)
2019-09-26 13:31:28,875 [pool-137-thread-1] INFO  server.RaftServerConfigKeys (ConfUtils.java:logGet(43)) - raft.server.log.segment.size.max = 1048576 (custom)
2019-09-26 13:31:28,875 [pool-137-thread-1] INFO  server.RaftServerConfigKeys (ConfUtils.java:logGet(43)) - raft.server.log.preallocated.size = 16384 (custom)
2019-09-26 13:31:28,876 [pool-137-thread-1] INFO  server.RaftServerConfigKeys (ConfUtils.java:logGet(43)) - raft.server.log.write.buffer.size = 33554432 (custom)
2019-09-26 13:31:28,876 [pool-137-thread-1] INFO  server.RaftServerConfigKeys (ConfUtils.java:logGet(43)) - raft.server.log.force.sync.num = 128 (default)
2019-09-26 13:31:28,876 [pool-137-thread-1] INFO  server.RaftServerConfigKeys (ConfUtils.java:logGet(43)) - raft.server.log.statemachine.data.sync = true (default)
2019-09-26 13:31:28,876 [pool-137-thread-1] INFO  server.RaftServerConfigKeys (ConfUtils.java:logGet(43)) - raft.server.log.statemachine.data.sync.timeout = 10s (default)
2019-09-26 13:31:28,877 [pool-137-thread-1] INFO  server.RaftServerConfigKeys (ConfUtils.java:logGet(43)) - raft.server.log.statemachine.data.sync.timeout.retry = -1 (default)
2019-09-26 13:31:28,877 [pool-137-thread-1] INFO  server.RaftServerConfigKeys (ConfUtils.java:logGet(43)) - raft.server.log.statemachine.data.caching.enabled = true (custom)
2019-09-26 13:31:28,877 [pool-137-thread-1] INFO  segmented.SegmentedRaftLogWorker (SegmentedRaftLogWorker.java:lambda$new$0(132)) - 0b05557d-aaca-4439-b58f-16bf68049744@group-61E44E5B6D03-SegmentedRaftLogWorker: flushIndex: setUnconditionally 0 -> -1
2019-09-26 13:31:28,878 [pool-137-thread-1] INFO  server.RaftServerConfigKeys (ConfUtils.java:logGet(43)) - raft.server.snapshot.auto.trigger.enabled = true (custom)
2019-09-26 13:31:28,878 [pool-137-thread-1] INFO  server.RaftServerConfigKeys (ConfUtils.java:logGet(43)) - raft.server.snapshot.auto.trigger.threshold = 10000 (custom)
2019-09-26 13:31:28,878 [pool-137-thread-1] INFO  server.RaftServerConfigKeys (ConfUtils.java:logGet(43)) - raft.server.snapshot.retention.num.files = 5 (custom)
2019-09-26 13:31:28,878 [pool-137-thread-1] INFO  server.RaftServerConfigKeys (ConfUtils.java:logGet(43)) - raft.server.retrycache.expirytime = 600000ms (custom)
2019-09-26 13:31:28,881 [pool-137-thread-1] INFO  impl.RaftServerImpl (RaftServerImpl.java:start(185)) - 0b05557d-aaca-4439-b58f-16bf68049744@group-61E44E5B6D03: start as a follower, conf=-1: [0b05557d-aaca-4439-b58f-16bf68049744:192.168.164.238:38840], old=null
2019-09-26 13:31:28,881 [pool-137-thread-1] INFO  impl.RaftServerImpl (RaftServerImpl.java:setRole(174)) - 0b05557d-aaca-4439-b58f-16bf68049744@group-61E44E5B6D03: changes role from      null to FOLLOWER at term 0 for startAsFollower
2019-09-26 13:31:28,881 [pool-137-thread-1] INFO  impl.RoleInfo (RoleInfo.java:updateAndGet(143)) - 0b05557d-aaca-4439-b58f-16bf68049744: start FollowerState
2019-09-26 13:31:28,881 [pool-137-thread-1] INFO  util.JmxRegister (JmxRegister.java:tryRegister(44)) - Successfully registered JMX Bean with object name Ratis:service=RaftServer,group=group-61E44E5B6D03,id=0b05557d-aaca-4439-b58f-16bf68049744
2019-09-26 13:31:28,888 [RatisPipelineUtilsThread] INFO  pipeline.PipelineStateManager (PipelineStateManager.java:addPipeline(56)) - Created pipeline Pipeline[ Id: 3ed39021-e11c-45f4-9869-61e44e5b6d03, Nodes: 0b05557d-aaca-4439-b58f-16bf68049744{ip: 192.168.164.238, host: pr-hdds-1569-87zkn-1081879488, networkLocation: /default-rack, certSerialId: null}, Type:RATIS, Factor:ONE, State:OPEN]
2019-09-26 13:31:28,907 [grpc-default-executor-0] INFO  impl.RaftServerProxy (RaftServerProxy.java:addNew(89)) - 0b05557d-aaca-4439-b58f-16bf68049744: addNew group-FAB317579077:[0b05557d-aaca-4439-b58f-16bf68049744:192.168.164.238:38840] returns group-FAB317579077:java.util.concurrent.CompletableFuture@532df802[Not completed]
2019-09-26 13:31:28,909 [pool-137-thread-1] INFO  impl.RaftServerImpl (RaftServerImpl.java:<init>(95)) - 0b05557d-aaca-4439-b58f-16bf68049744: new RaftServerImpl for group-FAB317579077:[0b05557d-aaca-4439-b58f-16bf68049744:192.168.164.238:38840] with ContainerStateMachine:uninitialized
2019-09-26 13:31:28,909 [pool-137-thread-1] INFO  server.RaftServerConfigKeys (ConfUtils.java:logGet(43)) - raft.server.rpc.timeout.min = 5s (custom)
2019-09-26 13:31:28,909 [pool-137-thread-1] INFO  server.RaftServerConfigKeys (ConfUtils.java:logGet(43)) - raft.server.rpc.timeout.max = 5200ms (custom)
2019-09-26 13:31:28,909 [pool-137-thread-1] INFO  server.RaftServerConfigKeys (ConfUtils.java:logGet(43)) - raft.server.rpcslowness.timeout = 120s (custom)
2019-09-26 13:31:28,909 [pool-137-thread-1] INFO  server.RaftServerConfigKeys (ConfUtils.java:logGet(43)) - raft.server.sleep.deviation.threshold = 300 (default)
2019-09-26 13:31:28,910 [pool-137-thread-1] INFO  server.RaftServerConfigKeys (ConfUtils.java:logGet(43)) - raft.server.log.appender.install.snapshot.enabled = false (custom)
2019-09-26 13:31:28,910 [pool-137-thread-1] INFO  impl.RaftServerImpl (ServerState.java:<init>(103)) - 0b05557d-aaca-4439-b58f-16bf68049744@group-FAB317579077: ConfigurationManager, init=-1: [0b05557d-aaca-4439-b58f-16bf68049744:192.168.164.238:38840], old=null, confs=<EMPTY_MAP>
2019-09-26 13:31:28,910 [pool-137-thread-1] INFO  server.RaftServerConfigKeys (ConfUtils.java:logGet(43)) - raft.server.storage.dir = [/workdir/hadoop-ozone/ozonefs/target/test-dir/MiniOzoneClusterImpl-58f1b142-a36f-4a38-b91d-584a62105ea7/datanode-1/data/ratis] (custom)
2019-09-26 13:31:28,910 [pool-137-thread-1] INFO  storage.RaftStorageDirectory (RaftStorageDirectory.java:analyzeStorage(246)) - The storage directory /workdir/hadoop-ozone/ozonefs/target/test-dir/MiniOzoneClusterImpl-58f1b142-a36f-4a38-b91d-584a62105ea7/datanode-1/data/ratis/23adb314-d29b-40f6-b82f-fab317579077 does not exist. Creating ...
2019-09-26 13:31:28,925 [pool-137-thread-1] INFO  storage.RaftStorageDirectory (RaftStorageDirectory.java:tryLock(328)) - Lock on /workdir/hadoop-ozone/ozonefs/target/test-dir/MiniOzoneClusterImpl-58f1b142-a36f-4a38-b91d-584a62105ea7/datanode-1/data/ratis/23adb314-d29b-40f6-b82f-fab317579077/in_use.lock acquired by nodename 10147@pr-hdds-1569-87zkn-1081879488
2019-09-26 13:31:28,938 [pool-137-thread-1] INFO  storage.RaftStorage (RaftStorage.java:format(72)) - Storage directory /workdir/hadoop-ozone/ozonefs/target/test-dir/MiniOzoneClusterImpl-58f1b142-a36f-4a38-b91d-584a62105ea7/datanode-1/data/ratis/23adb314-d29b-40f6-b82f-fab317579077 has been successfully formatted.
2019-09-26 13:31:28,939 [pool-137-thread-1] INFO  ratis.ContainerStateMachine (ContainerStateMachine.java:loadSnapshot(230)) - group-FAB317579077: The snapshot info is null. Setting the last applied indexto:(t:0, i:~)
2019-09-26 13:31:28,939 [pool-137-thread-1] INFO  server.RaftServerConfigKeys (ConfUtils.java:logGet(43)) - raft.server.notification.no-leader.timeout = 120s (custom)
2019-09-26 13:31:28,939 [pool-137-thread-1] INFO  server.RaftServerConfigKeys (ConfUtils.java:logGet(43)) - raft.server.log.use.memory = false (default)
2019-09-26 13:31:28,939 [pool-137-thread-1] INFO  server.RaftServerConfigKeys (ConfUtils.java:logGet(43)) - raft.server.log.purge.gap = 1000000 (custom)
2019-09-26 13:31:28,939 [pool-137-thread-1] INFO  server.RaftServerConfigKeys (ConfUtils.java:logGet(43)) - raft.server.log.appender.buffer.byte-limit = 33554432 (custom)
2019-09-26 13:31:28,939 [pool-137-thread-1] INFO  server.RaftServerConfigKeys (ConfUtils.java:logGet(43)) - raft.server.log.segment.size.max = 1048576 (custom)
2019-09-26 13:31:28,940 [pool-137-thread-1] INFO  server.RaftServerConfigKeys (ConfUtils.java:logGet(43)) - raft.server.log.segment.cache.num.max = 2 (custom)
2019-09-26 13:31:28,940 [pool-137-thread-1] INFO  segmented.SegmentedRaftLogWorker (SegmentedRaftLogWorker.java:<init>(172)) - new 0b05557d-aaca-4439-b58f-16bf68049744@group-FAB317579077-SegmentedRaftLogWorker for RaftStorage:Storage Directory /workdir/hadoop-ozone/ozonefs/target/test-dir/MiniOzoneClusterImpl-58f1b142-a36f-4a38-b91d-584a62105ea7/datanode-1/data/ratis/23adb314-d29b-40f6-b82f-fab317579077
2019-09-26 13:31:28,940 [pool-137-thread-1] INFO  server.RaftServerConfigKeys (ConfUtils.java:logGet(43)) - raft.server.log.queue.byte-limit = 2147483647 (custom)
2019-09-26 13:31:28,940 [pool-137-thread-1] INFO  server.RaftServerConfigKeys (ConfUtils.java:logGet(43)) - raft.server.log.queue.element-limit = 1024 (custom)
2019-09-26 13:31:28,940 [pool-137-thread-1] INFO  server.RaftServerConfigKeys (ConfUtils.java:logGet(43)) - raft.server.log.segment.size.max = 1048576 (custom)
2019-09-26 13:31:28,940 [pool-137-thread-1] INFO  server.RaftServerConfigKeys (ConfUtils.java:logGet(43)) - raft.server.log.preallocated.size = 16384 (custom)
2019-09-26 13:31:28,940 [pool-137-thread-1] INFO  server.RaftServerConfigKeys (ConfUtils.java:logGet(43)) - raft.server.log.write.buffer.size = 33554432 (custom)
2019-09-26 13:31:28,941 [pool-137-thread-1] INFO  server.RaftServerConfigKeys (ConfUtils.java:logGet(43)) - raft.server.log.force.sync.num = 128 (default)
2019-09-26 13:31:28,941 [pool-137-thread-1] INFO  server.RaftServerConfigKeys (ConfUtils.java:logGet(43)) - raft.server.log.statemachine.data.sync = true (default)
2019-09-26 13:31:28,941 [pool-137-thread-1] INFO  server.RaftServerConfigKeys (ConfUtils.java:logGet(43)) - raft.server.log.statemachine.data.sync.timeout = 10s (default)
2019-09-26 13:31:28,941 [pool-137-thread-1] INFO  server.RaftServerConfigKeys (ConfUtils.java:logGet(43)) - raft.server.log.statemachine.data.sync.timeout.retry = -1 (default)
2019-09-26 13:31:28,941 [pool-137-thread-1] INFO  server.RaftServerConfigKeys (ConfUtils.java:logGet(43)) - raft.server.log.statemachine.data.caching.enabled = true (custom)
2019-09-26 13:31:28,941 [pool-137-thread-1] INFO  segmented.SegmentedRaftLogWorker (SegmentedRaftLogWorker.java:lambda$new$0(132)) - 0b05557d-aaca-4439-b58f-16bf68049744@group-FAB317579077-SegmentedRaftLogWorker: flushIndex: setUnconditionally 0 -> -1
2019-09-26 13:31:28,942 [pool-137-thread-1] INFO  server.RaftServerConfigKeys (ConfUtils.java:logGet(43)) - raft.server.snapshot.auto.trigger.enabled = true (custom)
2019-09-26 13:31:28,942 [pool-137-thread-1] INFO  server.RaftServerConfigKeys (ConfUtils.java:logGet(43)) - raft.server.snapshot.auto.trigger.threshold = 10000 (custom)
2019-09-26 13:31:28,942 [pool-137-thread-1] INFO  server.RaftServerConfigKeys (ConfUtils.java:logGet(43)) - raft.server.snapshot.retention.num.files = 5 (custom)
2019-09-26 13:31:28,942 [pool-137-thread-1] INFO  server.RaftServerConfigKeys (ConfUtils.java:logGet(43)) - raft.server.retrycache.expirytime = 600000ms (custom)
2019-09-26 13:31:28,944 [pool-137-thread-1] INFO  impl.RaftServerImpl (RaftServerImpl.java:start(185)) - 0b05557d-aaca-4439-b58f-16bf68049744@group-FAB317579077: start as a follower, conf=-1: [0b05557d-aaca-4439-b58f-16bf68049744:192.168.164.238:38840], old=null
2019-09-26 13:31:28,944 [pool-137-thread-1] INFO  impl.RaftServerImpl (RaftServerImpl.java:setRole(174)) - 0b05557d-aaca-4439-b58f-16bf68049744@group-FAB317579077: changes role from      null to FOLLOWER at term 0 for startAsFollower
2019-09-26 13:31:28,944 [pool-137-thread-1] INFO  impl.RoleInfo (RoleInfo.java:updateAndGet(143)) - 0b05557d-aaca-4439-b58f-16bf68049744: start FollowerState
2019-09-26 13:31:28,951 [pool-137-thread-1] INFO  util.JmxRegister (JmxRegister.java:tryRegister(44)) - Successfully registered JMX Bean with object name Ratis:service=RaftServer,group=group-FAB317579077,id=0b05557d-aaca-4439-b58f-16bf68049744
2019-09-26 13:31:28,962 [RatisPipelineUtilsThread] INFO  pipeline.PipelineStateManager (PipelineStateManager.java:addPipeline(56)) - Created pipeline Pipeline[ Id: 23adb314-d29b-40f6-b82f-fab317579077, Nodes: 0b05557d-aaca-4439-b58f-16bf68049744{ip: 192.168.164.238, host: pr-hdds-1569-87zkn-1081879488, networkLocation: /default-rack, certSerialId: null}, Type:RATIS, Factor:ONE, State:OPEN]
2019-09-26 13:31:28,968 [grpc-default-executor-0] INFO  impl.RaftServerProxy (RaftServerProxy.java:addNew(89)) - 0b05557d-aaca-4439-b58f-16bf68049744: addNew group-AC05502D15BB:[0b05557d-aaca-4439-b58f-16bf68049744:192.168.164.238:38840] returns group-AC05502D15BB:java.util.concurrent.CompletableFuture@377581ce[Not completed]
2019-09-26 13:31:28,970 [pool-137-thread-1] INFO  impl.RaftServerImpl (RaftServerImpl.java:<init>(95)) - 0b05557d-aaca-4439-b58f-16bf68049744: new RaftServerImpl for group-AC05502D15BB:[0b05557d-aaca-4439-b58f-16bf68049744:192.168.164.238:38840] with ContainerStateMachine:uninitialized
2019-09-26 13:31:28,970 [pool-137-thread-1] INFO  server.RaftServerConfigKeys (ConfUtils.java:logGet(43)) - raft.server.rpc.timeout.min = 5s (custom)
2019-09-26 13:31:28,970 [pool-137-thread-1] INFO  server.RaftServerConfigKeys (ConfUtils.java:logGet(43)) - raft.server.rpc.timeout.max = 5200ms (custom)
2019-09-26 13:31:28,970 [pool-137-thread-1] INFO  server.RaftServerConfigKeys (ConfUtils.java:logGet(43)) - raft.server.rpcslowness.timeout = 120s (custom)
2019-09-26 13:31:28,970 [pool-137-thread-1] INFO  server.RaftServerConfigKeys (ConfUtils.java:logGet(43)) - raft.server.sleep.deviation.threshold = 300 (default)
2019-09-26 13:31:28,970 [pool-137-thread-1] INFO  server.RaftServerConfigKeys (ConfUtils.java:logGet(43)) - raft.server.log.appender.install.snapshot.enabled = false (custom)
2019-09-26 13:31:28,970 [pool-137-thread-1] INFO  impl.RaftServerImpl (ServerState.java:<init>(103)) - 0b05557d-aaca-4439-b58f-16bf68049744@group-AC05502D15BB: ConfigurationManager, init=-1: [0b05557d-aaca-4439-b58f-16bf68049744:192.168.164.238:38840], old=null, confs=<EMPTY_MAP>
2019-09-26 13:31:28,970 [pool-137-thread-1] INFO  server.RaftServerConfigKeys (ConfUtils.java:logGet(43)) - raft.server.storage.dir = [/workdir/hadoop-ozone/ozonefs/target/test-dir/MiniOzoneClusterImpl-58f1b142-a36f-4a38-b91d-584a62105ea7/datanode-1/data/ratis] (custom)
2019-09-26 13:31:28,971 [pool-137-thread-1] INFO  storage.RaftStorageDirectory (RaftStorageDirectory.java:analyzeStorage(246)) - The storage directory /workdir/hadoop-ozone/ozonefs/target/test-dir/MiniOzoneClusterImpl-58f1b142-a36f-4a38-b91d-584a62105ea7/datanode-1/data/ratis/4f33cfe4-8cc3-45e6-9d7a-ac05502d15bb does not exist. Creating ...
2019-09-26 13:31:28,982 [pool-137-thread-1] INFO  storage.RaftStorageDirectory (RaftStorageDirectory.java:tryLock(328)) - Lock on /workdir/hadoop-ozone/ozonefs/target/test-dir/MiniOzoneClusterImpl-58f1b142-a36f-4a38-b91d-584a62105ea7/datanode-1/data/ratis/4f33cfe4-8cc3-45e6-9d7a-ac05502d15bb/in_use.lock acquired by nodename 10147@pr-hdds-1569-87zkn-1081879488
2019-09-26 13:31:28,985 [pool-137-thread-1] INFO  storage.RaftStorage (RaftStorage.java:format(72)) - Storage directory /workdir/hadoop-ozone/ozonefs/target/test-dir/MiniOzoneClusterImpl-58f1b142-a36f-4a38-b91d-584a62105ea7/datanode-1/data/ratis/4f33cfe4-8cc3-45e6-9d7a-ac05502d15bb has been successfully formatted.
2019-09-26 13:31:28,986 [pool-137-thread-1] INFO  ratis.ContainerStateMachine (ContainerStateMachine.java:loadSnapshot(230)) - group-AC05502D15BB: The snapshot info is null. Setting the last applied indexto:(t:0, i:~)
2019-09-26 13:31:28,986 [pool-137-thread-1] INFO  server.RaftServerConfigKeys (ConfUtils.java:logGet(43)) - raft.server.notification.no-leader.timeout = 120s (custom)
2019-09-26 13:31:28,986 [pool-137-thread-1] INFO  server.RaftServerConfigKeys (ConfUtils.java:logGet(43)) - raft.server.log.use.memory = false (default)
2019-09-26 13:31:28,986 [pool-137-thread-1] INFO  server.RaftServerConfigKeys (ConfUtils.java:logGet(43)) - raft.server.log.purge.gap = 1000000 (custom)
2019-09-26 13:31:28,986 [pool-137-thread-1] INFO  server.RaftServerConfigKeys (ConfUtils.java:logGet(43)) - raft.server.log.appender.buffer.byte-limit = 33554432 (custom)
2019-09-26 13:31:28,986 [pool-137-thread-1] INFO  server.RaftServerConfigKeys (ConfUtils.java:logGet(43)) - raft.server.log.segment.size.max = 1048576 (custom)
2019-09-26 13:31:28,986 [pool-137-thread-1] INFO  server.RaftServerConfigKeys (ConfUtils.java:logGet(43)) - raft.server.log.segment.cache.num.max = 2 (custom)
2019-09-26 13:31:28,986 [pool-137-thread-1] INFO  segmented.SegmentedRaftLogWorker (SegmentedRaftLogWorker.java:<init>(172)) - new 0b05557d-aaca-4439-b58f-16bf68049744@group-AC05502D15BB-SegmentedRaftLogWorker for RaftStorage:Storage Directory /workdir/hadoop-ozone/ozonefs/target/test-dir/MiniOzoneClusterImpl-58f1b142-a36f-4a38-b91d-584a62105ea7/datanode-1/data/ratis/4f33cfe4-8cc3-45e6-9d7a-ac05502d15bb
2019-09-26 13:31:28,987 [pool-137-thread-1] INFO  server.RaftServerConfigKeys (ConfUtils.java:logGet(43)) - raft.server.log.queue.byte-limit = 2147483647 (custom)
2019-09-26 13:31:28,987 [pool-137-thread-1] INFO  server.RaftServerConfigKeys (ConfUtils.java:logGet(43)) - raft.server.log.queue.element-limit = 1024 (custom)
2019-09-26 13:31:28,987 [pool-137-thread-1] INFO  server.RaftServerConfigKeys (ConfUtils.java:logGet(43)) - raft.server.log.segment.size.max = 1048576 (custom)
2019-09-26 13:31:28,987 [pool-137-thread-1] INFO  server.RaftServerConfigKeys (ConfUtils.java:logGet(43)) - raft.server.log.preallocated.size = 16384 (custom)
2019-09-26 13:31:28,987 [pool-137-thread-1] INFO  server.RaftServerConfigKeys (ConfUtils.java:logGet(43)) - raft.server.log.write.buffer.size = 33554432 (custom)
2019-09-26 13:31:28,987 [pool-137-thread-1] INFO  server.RaftServerConfigKeys (ConfUtils.java:logGet(43)) - raft.server.log.force.sync.num = 128 (default)
2019-09-26 13:31:28,987 [pool-137-thread-1] INFO  server.RaftServerConfigKeys (ConfUtils.java:logGet(43)) - raft.server.log.statemachine.data.sync = true (default)
2019-09-26 13:31:28,987 [pool-137-thread-1] INFO  server.RaftServerConfigKeys (ConfUtils.java:logGet(43)) - raft.server.log.statemachine.data.sync.timeout = 10s (default)
2019-09-26 13:31:28,987 [pool-137-thread-1] INFO  server.RaftServerConfigKeys (ConfUtils.java:logGet(43)) - raft.server.log.statemachine.data.sync.timeout.retry = -1 (default)
2019-09-26 13:31:28,988 [pool-137-thread-1] INFO  server.RaftServerConfigKeys (ConfUtils.java:logGet(43)) - raft.server.log.statemachine.data.caching.enabled = true (custom)
2019-09-26 13:31:28,988 [pool-137-thread-1] INFO  segmented.SegmentedRaftLogWorker (SegmentedRaftLogWorker.java:lambda$new$0(132)) - 0b05557d-aaca-4439-b58f-16bf68049744@group-AC05502D15BB-SegmentedRaftLogWorker: flushIndex: setUnconditionally 0 -> -1
2019-09-26 13:31:28,988 [pool-137-thread-1] INFO  server.RaftServerConfigKeys (ConfUtils.java:logGet(43)) - raft.server.snapshot.auto.trigger.enabled = true (custom)
2019-09-26 13:31:28,988 [pool-137-thread-1] INFO  server.RaftServerConfigKeys (ConfUtils.java:logGet(43)) - raft.server.snapshot.auto.trigger.threshold = 10000 (custom)
2019-09-26 13:31:28,988 [pool-137-thread-1] INFO  server.RaftServerConfigKeys (ConfUtils.java:logGet(43)) - raft.server.snapshot.retention.num.files = 5 (custom)
2019-09-26 13:31:28,988 [pool-137-thread-1] INFO  server.RaftServerConfigKeys (ConfUtils.java:logGet(43)) - raft.server.retrycache.expirytime = 600000ms (custom)
2019-09-26 13:31:28,990 [pool-137-thread-1] INFO  impl.RaftServerImpl (RaftServerImpl.java:start(185)) - 0b05557d-aaca-4439-b58f-16bf68049744@group-AC05502D15BB: start as a follower, conf=-1: [0b05557d-aaca-4439-b58f-16bf68049744:192.168.164.238:38840], old=null
2019-09-26 13:31:28,990 [pool-137-thread-1] INFO  impl.RaftServerImpl (RaftServerImpl.java:setRole(174)) - 0b05557d-aaca-4439-b58f-16bf68049744@group-AC05502D15BB: changes role from      null to FOLLOWER at term 0 for startAsFollower
2019-09-26 13:31:28,990 [pool-137-thread-1] INFO  impl.RoleInfo (RoleInfo.java:updateAndGet(143)) - 0b05557d-aaca-4439-b58f-16bf68049744: start FollowerState
2019-09-26 13:31:28,991 [pool-137-thread-1] INFO  util.JmxRegister (JmxRegister.java:tryRegister(44)) - Successfully registered JMX Bean with object name Ratis:service=RaftServer,group=group-AC05502D15BB,id=0b05557d-aaca-4439-b58f-16bf68049744
2019-09-26 13:31:28,993 [RatisPipelineUtilsThread] INFO  pipeline.PipelineStateManager (PipelineStateManager.java:addPipeline(56)) - Created pipeline Pipeline[ Id: 4f33cfe4-8cc3-45e6-9d7a-ac05502d15bb, Nodes: 0b05557d-aaca-4439-b58f-16bf68049744{ip: 192.168.164.238, host: pr-hdds-1569-87zkn-1081879488, networkLocation: /default-rack, certSerialId: null}, Type:RATIS, Factor:ONE, State:OPEN]
2019-09-26 13:31:28,999 [grpc-default-executor-0] INFO  impl.RaftServerProxy (RaftServerProxy.java:addNew(89)) - 08f0d413-ba2e-4bd8-9fb4-d48dc0f7c1d6: addNew group-38D67891843D:[08f0d413-ba2e-4bd8-9fb4-d48dc0f7c1d6:192.168.164.238:36621] returns group-38D67891843D:java.util.concurrent.CompletableFuture@5559d6c2[Not completed]
2019-09-26 13:31:29,000 [pool-127-thread-1] INFO  impl.RaftServerImpl (RaftServerImpl.java:<init>(95)) - 08f0d413-ba2e-4bd8-9fb4-d48dc0f7c1d6: new RaftServerImpl for group-38D67891843D:[08f0d413-ba2e-4bd8-9fb4-d48dc0f7c1d6:192.168.164.238:36621] with ContainerStateMachine:uninitialized
2019-09-26 13:31:29,000 [pool-127-thread-1] INFO  server.RaftServerConfigKeys (ConfUtils.java:logGet(43)) - raft.server.rpc.timeout.min = 5s (custom)
2019-09-26 13:31:29,000 [pool-127-thread-1] INFO  server.RaftServerConfigKeys (ConfUtils.java:logGet(43)) - raft.server.rpc.timeout.max = 5200ms (custom)
2019-09-26 13:31:29,000 [pool-127-thread-1] INFO  server.RaftServerConfigKeys (ConfUtils.java:logGet(43)) - raft.server.rpcslowness.timeout = 120s (custom)
2019-09-26 13:31:29,000 [pool-127-thread-1] INFO  server.RaftServerConfigKeys (ConfUtils.java:logGet(43)) - raft.server.sleep.deviation.threshold = 300 (default)
2019-09-26 13:31:29,000 [pool-127-thread-1] INFO  server.RaftServerConfigKeys (ConfUtils.java:logGet(43)) - raft.server.log.appender.install.snapshot.enabled = false (custom)
2019-09-26 13:31:29,000 [pool-127-thread-1] INFO  impl.RaftServerImpl (ServerState.java:<init>(103)) - 08f0d413-ba2e-4bd8-9fb4-d48dc0f7c1d6@group-38D67891843D: ConfigurationManager, init=-1: [08f0d413-ba2e-4bd8-9fb4-d48dc0f7c1d6:192.168.164.238:36621], old=null, confs=<EMPTY_MAP>
2019-09-26 13:31:29,000 [pool-127-thread-1] INFO  server.RaftServerConfigKeys (ConfUtils.java:logGet(43)) - raft.server.storage.dir = [/workdir/hadoop-ozone/ozonefs/target/test-dir/MiniOzoneClusterImpl-58f1b142-a36f-4a38-b91d-584a62105ea7/datanode-0/data/ratis] (custom)
2019-09-26 13:31:29,001 [pool-127-thread-1] INFO  storage.RaftStorageDirectory (RaftStorageDirectory.java:analyzeStorage(246)) - The storage directory /workdir/hadoop-ozone/ozonefs/target/test-dir/MiniOzoneClusterImpl-58f1b142-a36f-4a38-b91d-584a62105ea7/datanode-0/data/ratis/03e44d32-581a-49fd-8861-38d67891843d does not exist. Creating ...
2019-09-26 13:31:29,004 [pool-127-thread-1] INFO  storage.RaftStorageDirectory (RaftStorageDirectory.java:tryLock(328)) - Lock on /workdir/hadoop-ozone/ozonefs/target/test-dir/MiniOzoneClusterImpl-58f1b142-a36f-4a38-b91d-584a62105ea7/datanode-0/data/ratis/03e44d32-581a-49fd-8861-38d67891843d/in_use.lock acquired by nodename 10147@pr-hdds-1569-87zkn-1081879488
2019-09-26 13:31:29,018 [pool-127-thread-1] INFO  storage.RaftStorage (RaftStorage.java:format(72)) - Storage directory /workdir/hadoop-ozone/ozonefs/target/test-dir/MiniOzoneClusterImpl-58f1b142-a36f-4a38-b91d-584a62105ea7/datanode-0/data/ratis/03e44d32-581a-49fd-8861-38d67891843d has been successfully formatted.
2019-09-26 13:31:29,018 [pool-127-thread-1] INFO  ratis.ContainerStateMachine (ContainerStateMachine.java:loadSnapshot(230)) - group-38D67891843D: The snapshot info is null. Setting the last applied indexto:(t:0, i:~)
2019-09-26 13:31:29,018 [pool-127-thread-1] INFO  server.RaftServerConfigKeys (ConfUtils.java:logGet(43)) - raft.server.notification.no-leader.timeout = 120s (custom)
2019-09-26 13:31:29,018 [pool-127-thread-1] INFO  server.RaftServerConfigKeys (ConfUtils.java:logGet(43)) - raft.server.log.use.memory = false (default)
2019-09-26 13:31:29,018 [pool-127-thread-1] INFO  server.RaftServerConfigKeys (ConfUtils.java:logGet(43)) - raft.server.log.purge.gap = 1000000 (custom)
2019-09-26 13:31:29,019 [pool-127-thread-1] INFO  server.RaftServerConfigKeys (ConfUtils.java:logGet(43)) - raft.server.log.appender.buffer.byte-limit = 33554432 (custom)
2019-09-26 13:31:29,019 [pool-127-thread-1] INFO  server.RaftServerConfigKeys (ConfUtils.java:logGet(43)) - raft.server.log.segment.size.max = 1048576 (custom)
2019-09-26 13:31:29,019 [pool-127-thread-1] INFO  server.RaftServerConfigKeys (ConfUtils.java:logGet(43)) - raft.server.log.segment.cache.num.max = 2 (custom)
2019-09-26 13:31:29,019 [pool-127-thread-1] INFO  segmented.SegmentedRaftLogWorker (SegmentedRaftLogWorker.java:<init>(172)) - new 08f0d413-ba2e-4bd8-9fb4-d48dc0f7c1d6@group-38D67891843D-SegmentedRaftLogWorker for RaftStorage:Storage Directory /workdir/hadoop-ozone/ozonefs/target/test-dir/MiniOzoneClusterImpl-58f1b142-a36f-4a38-b91d-584a62105ea7/datanode-0/data/ratis/03e44d32-581a-49fd-8861-38d67891843d
2019-09-26 13:31:29,019 [pool-127-thread-1] INFO  server.RaftServerConfigKeys (ConfUtils.java:logGet(43)) - raft.server.log.queue.byte-limit = 2147483647 (custom)
2019-09-26 13:31:29,019 [pool-127-thread-1] INFO  server.RaftServerConfigKeys (ConfUtils.java:logGet(43)) - raft.server.log.queue.element-limit = 1024 (custom)
2019-09-26 13:31:29,019 [pool-127-thread-1] INFO  server.RaftServerConfigKeys (ConfUtils.java:logGet(43)) - raft.server.log.segment.size.max = 1048576 (custom)
2019-09-26 13:31:29,019 [pool-127-thread-1] INFO  server.RaftServerConfigKeys (ConfUtils.java:logGet(43)) - raft.server.log.preallocated.size = 16384 (custom)
2019-09-26 13:31:29,019 [pool-127-thread-1] INFO  server.RaftServerConfigKeys (ConfUtils.java:logGet(43)) - raft.server.log.write.buffer.size = 33554432 (custom)
2019-09-26 13:31:29,020 [pool-127-thread-1] INFO  server.RaftServerConfigKeys (ConfUtils.java:logGet(43)) - raft.server.log.force.sync.num = 128 (default)
2019-09-26 13:31:29,020 [pool-127-thread-1] INFO  server.RaftServerConfigKeys (ConfUtils.java:logGet(43)) - raft.server.log.statemachine.data.sync = true (default)
2019-09-26 13:31:29,020 [pool-127-thread-1] INFO  server.RaftServerConfigKeys (ConfUtils.java:logGet(43)) - raft.server.log.statemachine.data.sync.timeout = 10s (default)
2019-09-26 13:31:29,020 [pool-127-thread-1] INFO  server.RaftServerConfigKeys (ConfUtils.java:logGet(43)) - raft.server.log.statemachine.data.sync.timeout.retry = -1 (default)
2019-09-26 13:31:29,020 [pool-127-thread-1] INFO  server.RaftServerConfigKeys (ConfUtils.java:logGet(43)) - raft.server.log.statemachine.data.caching.enabled = true (custom)
2019-09-26 13:31:29,020 [pool-127-thread-1] INFO  segmented.SegmentedRaftLogWorker (SegmentedRaftLogWorker.java:lambda$new$0(132)) - 08f0d413-ba2e-4bd8-9fb4-d48dc0f7c1d6@group-38D67891843D-SegmentedRaftLogWorker: flushIndex: setUnconditionally 0 -> -1
2019-09-26 13:31:29,021 [pool-127-thread-1] INFO  server.RaftServerConfigKeys (ConfUtils.java:logGet(43)) - raft.server.snapshot.auto.trigger.enabled = true (custom)
2019-09-26 13:31:29,021 [pool-127-thread-1] INFO  server.RaftServerConfigKeys (ConfUtils.java:logGet(43)) - raft.server.snapshot.auto.trigger.threshold = 10000 (custom)
2019-09-26 13:31:29,021 [pool-127-thread-1] INFO  server.RaftServerConfigKeys (ConfUtils.java:logGet(43)) - raft.server.snapshot.retention.num.files = 5 (custom)
2019-09-26 13:31:29,021 [pool-127-thread-1] INFO  server.RaftServerConfigKeys (ConfUtils.java:logGet(43)) - raft.server.retrycache.expirytime = 600000ms (custom)
2019-09-26 13:31:29,023 [pool-127-thread-1] INFO  impl.RaftServerImpl (RaftServerImpl.java:start(185)) - 08f0d413-ba2e-4bd8-9fb4-d48dc0f7c1d6@group-38D67891843D: start as a follower, conf=-1: [08f0d413-ba2e-4bd8-9fb4-d48dc0f7c1d6:192.168.164.238:36621], old=null
2019-09-26 13:31:29,023 [pool-127-thread-1] INFO  impl.RaftServerImpl (RaftServerImpl.java:setRole(174)) - 08f0d413-ba2e-4bd8-9fb4-d48dc0f7c1d6@group-38D67891843D: changes role from      null to FOLLOWER at term 0 for startAsFollower
2019-09-26 13:31:29,023 [pool-127-thread-1] INFO  impl.RoleInfo (RoleInfo.java:updateAndGet(143)) - 08f0d413-ba2e-4bd8-9fb4-d48dc0f7c1d6: start FollowerState
2019-09-26 13:31:29,023 [pool-127-thread-1] INFO  util.JmxRegister (JmxRegister.java:tryRegister(44)) - Successfully registered JMX Bean with object name Ratis:service=RaftServer,group=group-38D67891843D,id=08f0d413-ba2e-4bd8-9fb4-d48dc0f7c1d6
2019-09-26 13:31:29,026 [RatisPipelineUtilsThread] INFO  pipeline.PipelineStateManager (PipelineStateManager.java:addPipeline(56)) - Created pipeline Pipeline[ Id: 03e44d32-581a-49fd-8861-38d67891843d, Nodes: 08f0d413-ba2e-4bd8-9fb4-d48dc0f7c1d6{ip: 192.168.164.238, host: pr-hdds-1569-87zkn-1081879488, networkLocation: /default-rack, certSerialId: null}, Type:RATIS, Factor:ONE, State:OPEN]
2019-09-26 13:31:29,031 [grpc-default-executor-0] INFO  impl.RaftServerProxy (RaftServerProxy.java:addNew(89)) - 08f0d413-ba2e-4bd8-9fb4-d48dc0f7c1d6: addNew group-5E4D148BAF09:[08f0d413-ba2e-4bd8-9fb4-d48dc0f7c1d6:192.168.164.238:36621] returns group-5E4D148BAF09:java.util.concurrent.CompletableFuture@79e770fc[Not completed]
2019-09-26 13:31:29,032 [pool-127-thread-1] INFO  impl.RaftServerImpl (RaftServerImpl.java:<init>(95)) - 08f0d413-ba2e-4bd8-9fb4-d48dc0f7c1d6: new RaftServerImpl for group-5E4D148BAF09:[08f0d413-ba2e-4bd8-9fb4-d48dc0f7c1d6:192.168.164.238:36621] with ContainerStateMachine:uninitialized
2019-09-26 13:31:29,032 [pool-127-thread-1] INFO  server.RaftServerConfigKeys (ConfUtils.java:logGet(43)) - raft.server.rpc.timeout.min = 5s (custom)
2019-09-26 13:31:29,032 [pool-127-thread-1] INFO  server.RaftServerConfigKeys (ConfUtils.java:logGet(43)) - raft.server.rpc.timeout.max = 5200ms (custom)
2019-09-26 13:31:29,033 [pool-127-thread-1] INFO  server.RaftServerConfigKeys (ConfUtils.java:logGet(43)) - raft.server.rpcslowness.timeout = 120s (custom)
2019-09-26 13:31:29,033 [pool-127-thread-1] INFO  server.RaftServerConfigKeys (ConfUtils.java:logGet(43)) - raft.server.sleep.deviation.threshold = 300 (default)
2019-09-26 13:31:29,033 [pool-127-thread-1] INFO  server.RaftServerConfigKeys (ConfUtils.java:logGet(43)) - raft.server.log.appender.install.snapshot.enabled = false (custom)
2019-09-26 13:31:29,033 [pool-127-thread-1] INFO  impl.RaftServerImpl (ServerState.java:<init>(103)) - 08f0d413-ba2e-4bd8-9fb4-d48dc0f7c1d6@group-5E4D148BAF09: ConfigurationManager, init=-1: [08f0d413-ba2e-4bd8-9fb4-d48dc0f7c1d6:192.168.164.238:36621], old=null, confs=<EMPTY_MAP>
2019-09-26 13:31:29,033 [pool-127-thread-1] INFO  server.RaftServerConfigKeys (ConfUtils.java:logGet(43)) - raft.server.storage.dir = [/workdir/hadoop-ozone/ozonefs/target/test-dir/MiniOzoneClusterImpl-58f1b142-a36f-4a38-b91d-584a62105ea7/datanode-0/data/ratis] (custom)
2019-09-26 13:31:29,033 [pool-127-thread-1] INFO  storage.RaftStorageDirectory (RaftStorageDirectory.java:analyzeStorage(246)) - The storage directory /workdir/hadoop-ozone/ozonefs/target/test-dir/MiniOzoneClusterImpl-58f1b142-a36f-4a38-b91d-584a62105ea7/datanode-0/data/ratis/a9107629-92a2-4c07-9777-5e4d148baf09 does not exist. Creating ...
2019-09-26 13:31:29,045 [pool-127-thread-1] INFO  storage.RaftStorageDirectory (RaftStorageDirectory.java:tryLock(328)) - Lock on /workdir/hadoop-ozone/ozonefs/target/test-dir/MiniOzoneClusterImpl-58f1b142-a36f-4a38-b91d-584a62105ea7/datanode-0/data/ratis/a9107629-92a2-4c07-9777-5e4d148baf09/in_use.lock acquired by nodename 10147@pr-hdds-1569-87zkn-1081879488
2019-09-26 13:31:29,058 [pool-127-thread-1] INFO  storage.RaftStorage (RaftStorage.java:format(72)) - Storage directory /workdir/hadoop-ozone/ozonefs/target/test-dir/MiniOzoneClusterImpl-58f1b142-a36f-4a38-b91d-584a62105ea7/datanode-0/data/ratis/a9107629-92a2-4c07-9777-5e4d148baf09 has been successfully formatted.
2019-09-26 13:31:29,058 [pool-127-thread-1] INFO  ratis.ContainerStateMachine (ContainerStateMachine.java:loadSnapshot(230)) - group-5E4D148BAF09: The snapshot info is null. Setting the last applied indexto:(t:0, i:~)
2019-09-26 13:31:29,058 [pool-127-thread-1] INFO  server.RaftServerConfigKeys (ConfUtils.java:logGet(43)) - raft.server.notification.no-leader.timeout = 120s (custom)
2019-09-26 13:31:29,058 [pool-127-thread-1] INFO  server.RaftServerConfigKeys (ConfUtils.java:logGet(43)) - raft.server.log.use.memory = false (default)
2019-09-26 13:31:29,058 [pool-127-thread-1] INFO  server.RaftServerConfigKeys (ConfUtils.java:logGet(43)) - raft.server.log.purge.gap = 1000000 (custom)
2019-09-26 13:31:29,059 [pool-127-thread-1] INFO  server.RaftServerConfigKeys (ConfUtils.java:logGet(43)) - raft.server.log.appender.buffer.byte-limit = 33554432 (custom)
2019-09-26 13:31:29,059 [pool-127-thread-1] INFO  server.RaftServerConfigKeys (ConfUtils.java:logGet(43)) - raft.server.log.segment.size.max = 1048576 (custom)
2019-09-26 13:31:29,059 [pool-127-thread-1] INFO  server.RaftServerConfigKeys (ConfUtils.java:logGet(43)) - raft.server.log.segment.cache.num.max = 2 (custom)
2019-09-26 13:31:29,059 [pool-127-thread-1] INFO  segmented.SegmentedRaftLogWorker (SegmentedRaftLogWorker.java:<init>(172)) - new 08f0d413-ba2e-4bd8-9fb4-d48dc0f7c1d6@group-5E4D148BAF09-SegmentedRaftLogWorker for RaftStorage:Storage Directory /workdir/hadoop-ozone/ozonefs/target/test-dir/MiniOzoneClusterImpl-58f1b142-a36f-4a38-b91d-584a62105ea7/datanode-0/data/ratis/a9107629-92a2-4c07-9777-5e4d148baf09
2019-09-26 13:31:29,059 [pool-127-thread-1] INFO  server.RaftServerConfigKeys (ConfUtils.java:logGet(43)) - raft.server.log.queue.byte-limit = 2147483647 (custom)
2019-09-26 13:31:29,059 [pool-127-thread-1] INFO  server.RaftServerConfigKeys (ConfUtils.java:logGet(43)) - raft.server.log.queue.element-limit = 1024 (custom)
2019-09-26 13:31:29,059 [pool-127-thread-1] INFO  server.RaftServerConfigKeys (ConfUtils.java:logGet(43)) - raft.server.log.segment.size.max = 1048576 (custom)
2019-09-26 13:31:29,059 [pool-127-thread-1] INFO  server.RaftServerConfigKeys (ConfUtils.java:logGet(43)) - raft.server.log.preallocated.size = 16384 (custom)
2019-09-26 13:31:29,059 [pool-127-thread-1] INFO  server.RaftServerConfigKeys (ConfUtils.java:logGet(43)) - raft.server.log.write.buffer.size = 33554432 (custom)
2019-09-26 13:31:29,060 [pool-127-thread-1] INFO  server.RaftServerConfigKeys (ConfUtils.java:logGet(43)) - raft.server.log.force.sync.num = 128 (default)
2019-09-26 13:31:29,060 [pool-127-thread-1] INFO  server.RaftServerConfigKeys (ConfUtils.java:logGet(43)) - raft.server.log.statemachine.data.sync = true (default)
2019-09-26 13:31:29,060 [pool-127-thread-1] INFO  server.RaftServerConfigKeys (ConfUtils.java:logGet(43)) - raft.server.log.statemachine.data.sync.timeout = 10s (default)
2019-09-26 13:31:29,060 [pool-127-thread-1] INFO  server.RaftServerConfigKeys (ConfUtils.java:logGet(43)) - raft.server.log.statemachine.data.sync.timeout.retry = -1 (default)
2019-09-26 13:31:29,060 [pool-127-thread-1] INFO  server.RaftServerConfigKeys (ConfUtils.java:logGet(43)) - raft.server.log.statemachine.data.caching.enabled = true (custom)
2019-09-26 13:31:29,060 [pool-127-thread-1] INFO  segmented.SegmentedRaftLogWorker (SegmentedRaftLogWorker.java:lambda$new$0(132)) - 08f0d413-ba2e-4bd8-9fb4-d48dc0f7c1d6@group-5E4D148BAF09-SegmentedRaftLogWorker: flushIndex: setUnconditionally 0 -> -1
2019-09-26 13:31:29,061 [pool-127-thread-1] INFO  server.RaftServerConfigKeys (ConfUtils.java:logGet(43)) - raft.server.snapshot.auto.trigger.enabled = true (custom)
2019-09-26 13:31:29,061 [pool-127-thread-1] INFO  server.RaftServerConfigKeys (ConfUtils.java:logGet(43)) - raft.server.snapshot.auto.trigger.threshold = 10000 (custom)
2019-09-26 13:31:29,061 [pool-127-thread-1] INFO  server.RaftServerConfigKeys (ConfUtils.java:logGet(43)) - raft.server.snapshot.retention.num.files = 5 (custom)
2019-09-26 13:31:29,061 [pool-127-thread-1] INFO  server.RaftServerConfigKeys (ConfUtils.java:logGet(43)) - raft.server.retrycache.expirytime = 600000ms (custom)
2019-09-26 13:31:29,063 [pool-127-thread-1] INFO  impl.RaftServerImpl (RaftServerImpl.java:start(185)) - 08f0d413-ba2e-4bd8-9fb4-d48dc0f7c1d6@group-5E4D148BAF09: start as a follower, conf=-1: [08f0d413-ba2e-4bd8-9fb4-d48dc0f7c1d6:192.168.164.238:36621], old=null
2019-09-26 13:31:29,063 [pool-127-thread-1] INFO  impl.RaftServerImpl (RaftServerImpl.java:setRole(174)) - 08f0d413-ba2e-4bd8-9fb4-d48dc0f7c1d6@group-5E4D148BAF09: changes role from      null to FOLLOWER at term 0 for startAsFollower
2019-09-26 13:31:29,063 [pool-127-thread-1] INFO  impl.RoleInfo (RoleInfo.java:updateAndGet(143)) - 08f0d413-ba2e-4bd8-9fb4-d48dc0f7c1d6: start FollowerState
2019-09-26 13:31:29,063 [pool-127-thread-1] INFO  util.JmxRegister (JmxRegister.java:tryRegister(44)) - Successfully registered JMX Bean with object name Ratis:service=RaftServer,group=group-5E4D148BAF09,id=08f0d413-ba2e-4bd8-9fb4-d48dc0f7c1d6
2019-09-26 13:31:29,066 [RatisPipelineUtilsThread] INFO  pipeline.PipelineStateManager (PipelineStateManager.java:addPipeline(56)) - Created pipeline Pipeline[ Id: a9107629-92a2-4c07-9777-5e4d148baf09, Nodes: 08f0d413-ba2e-4bd8-9fb4-d48dc0f7c1d6{ip: 192.168.164.238, host: pr-hdds-1569-87zkn-1081879488, networkLocation: /default-rack, certSerialId: null}, Type:RATIS, Factor:ONE, State:OPEN]
2019-09-26 13:31:29,072 [grpc-default-executor-0] INFO  impl.RaftServerProxy (RaftServerProxy.java:addNew(89)) - 0b05557d-aaca-4439-b58f-16bf68049744: addNew group-65B1AEADF337:[0b05557d-aaca-4439-b58f-16bf68049744:192.168.164.238:38840] returns group-65B1AEADF337:java.util.concurrent.CompletableFuture@4dc4321d[Not completed]
2019-09-26 13:31:29,073 [pool-137-thread-1] INFO  impl.RaftServerImpl (RaftServerImpl.java:<init>(95)) - 0b05557d-aaca-4439-b58f-16bf68049744: new RaftServerImpl for group-65B1AEADF337:[0b05557d-aaca-4439-b58f-16bf68049744:192.168.164.238:38840] with ContainerStateMachine:uninitialized
2019-09-26 13:31:29,073 [pool-137-thread-1] INFO  server.RaftServerConfigKeys (ConfUtils.java:logGet(43)) - raft.server.rpc.timeout.min = 5s (custom)
2019-09-26 13:31:29,073 [pool-137-thread-1] INFO  server.RaftServerConfigKeys (ConfUtils.java:logGet(43)) - raft.server.rpc.timeout.max = 5200ms (custom)
2019-09-26 13:31:29,073 [pool-137-thread-1] INFO  server.RaftServerConfigKeys (ConfUtils.java:logGet(43)) - raft.server.rpcslowness.timeout = 120s (custom)
2019-09-26 13:31:29,073 [pool-137-thread-1] INFO  server.RaftServerConfigKeys (ConfUtils.java:logGet(43)) - raft.server.sleep.deviation.threshold = 300 (default)
2019-09-26 13:31:29,074 [pool-137-thread-1] INFO  server.RaftServerConfigKeys (ConfUtils.java:logGet(43)) - raft.server.log.appender.install.snapshot.enabled = false (custom)
2019-09-26 13:31:29,074 [pool-137-thread-1] INFO  impl.RaftServerImpl (ServerState.java:<init>(103)) - 0b05557d-aaca-4439-b58f-16bf68049744@group-65B1AEADF337: ConfigurationManager, init=-1: [0b05557d-aaca-4439-b58f-16bf68049744:192.168.164.238:38840], old=null, confs=<EMPTY_MAP>
2019-09-26 13:31:29,074 [pool-137-thread-1] INFO  server.RaftServerConfigKeys (ConfUtils.java:logGet(43)) - raft.server.storage.dir = [/workdir/hadoop-ozone/ozonefs/target/test-dir/MiniOzoneClusterImpl-58f1b142-a36f-4a38-b91d-584a62105ea7/datanode-1/data/ratis] (custom)
2019-09-26 13:31:29,074 [pool-137-thread-1] INFO  storage.RaftStorageDirectory (RaftStorageDirectory.java:analyzeStorage(246)) - The storage directory /workdir/hadoop-ozone/ozonefs/target/test-dir/MiniOzoneClusterImpl-58f1b142-a36f-4a38-b91d-584a62105ea7/datanode-1/data/ratis/20676bd2-6b48-4bb5-beb0-65b1aeadf337 does not exist. Creating ...
2019-09-26 13:31:29,087 [pool-137-thread-1] INFO  storage.RaftStorageDirectory (RaftStorageDirectory.java:tryLock(328)) - Lock on /workdir/hadoop-ozone/ozonefs/target/test-dir/MiniOzoneClusterImpl-58f1b142-a36f-4a38-b91d-584a62105ea7/datanode-1/data/ratis/20676bd2-6b48-4bb5-beb0-65b1aeadf337/in_use.lock acquired by nodename 10147@pr-hdds-1569-87zkn-1081879488
2019-09-26 13:31:29,112 [pool-137-thread-1] INFO  storage.RaftStorage (RaftStorage.java:format(72)) - Storage directory /workdir/hadoop-ozone/ozonefs/target/test-dir/MiniOzoneClusterImpl-58f1b142-a36f-4a38-b91d-584a62105ea7/datanode-1/data/ratis/20676bd2-6b48-4bb5-beb0-65b1aeadf337 has been successfully formatted.
2019-09-26 13:31:29,113 [pool-137-thread-1] INFO  ratis.ContainerStateMachine (ContainerStateMachine.java:loadSnapshot(230)) - group-65B1AEADF337: The snapshot info is null. Setting the last applied indexto:(t:0, i:~)
2019-09-26 13:31:29,113 [pool-137-thread-1] INFO  server.RaftServerConfigKeys (ConfUtils.java:logGet(43)) - raft.server.notification.no-leader.timeout = 120s (custom)
2019-09-26 13:31:29,113 [pool-137-thread-1] INFO  server.RaftServerConfigKeys (ConfUtils.java:logGet(43)) - raft.server.log.use.memory = false (default)
2019-09-26 13:31:29,113 [pool-137-thread-1] INFO  server.RaftServerConfigKeys (ConfUtils.java:logGet(43)) - raft.server.log.purge.gap = 1000000 (custom)
2019-09-26 13:31:29,113 [pool-137-thread-1] INFO  server.RaftServerConfigKeys (ConfUtils.java:logGet(43)) - raft.server.log.appender.buffer.byte-limit = 33554432 (custom)
2019-09-26 13:31:29,113 [pool-137-thread-1] INFO  server.RaftServerConfigKeys (ConfUtils.java:logGet(43)) - raft.server.log.segment.size.max = 1048576 (custom)
2019-09-26 13:31:29,113 [pool-137-thread-1] INFO  server.RaftServerConfigKeys (ConfUtils.java:logGet(43)) - raft.server.log.segment.cache.num.max = 2 (custom)
2019-09-26 13:31:29,113 [pool-137-thread-1] INFO  segmented.SegmentedRaftLogWorker (SegmentedRaftLogWorker.java:<init>(172)) - new 0b05557d-aaca-4439-b58f-16bf68049744@group-65B1AEADF337-SegmentedRaftLogWorker for RaftStorage:Storage Directory /workdir/hadoop-ozone/ozonefs/target/test-dir/MiniOzoneClusterImpl-58f1b142-a36f-4a38-b91d-584a62105ea7/datanode-1/data/ratis/20676bd2-6b48-4bb5-beb0-65b1aeadf337
2019-09-26 13:31:29,114 [pool-137-thread-1] INFO  server.RaftServerConfigKeys (ConfUtils.java:logGet(43)) - raft.server.log.queue.byte-limit = 2147483647 (custom)
2019-09-26 13:31:29,114 [pool-137-thread-1] INFO  server.RaftServerConfigKeys (ConfUtils.java:logGet(43)) - raft.server.log.queue.element-limit = 1024 (custom)
2019-09-26 13:31:29,114 [pool-137-thread-1] INFO  server.RaftServerConfigKeys (ConfUtils.java:logGet(43)) - raft.server.log.segment.size.max = 1048576 (custom)
2019-09-26 13:31:29,114 [pool-137-thread-1] INFO  server.RaftServerConfigKeys (ConfUtils.java:logGet(43)) - raft.server.log.preallocated.size = 16384 (custom)
2019-09-26 13:31:29,114 [pool-137-thread-1] INFO  server.RaftServerConfigKeys (ConfUtils.java:logGet(43)) - raft.server.log.write.buffer.size = 33554432 (custom)
2019-09-26 13:31:29,114 [pool-137-thread-1] INFO  server.RaftServerConfigKeys (ConfUtils.java:logGet(43)) - raft.server.log.force.sync.num = 128 (default)
2019-09-26 13:31:29,114 [pool-137-thread-1] INFO  server.RaftServerConfigKeys (ConfUtils.java:logGet(43)) - raft.server.log.statemachine.data.sync = true (default)
2019-09-26 13:31:29,114 [pool-137-thread-1] INFO  server.RaftServerConfigKeys (ConfUtils.java:logGet(43)) - raft.server.log.statemachine.data.sync.timeout = 10s (default)
2019-09-26 13:31:29,114 [pool-137-thread-1] INFO  server.RaftServerConfigKeys (ConfUtils.java:logGet(43)) - raft.server.log.statemachine.data.sync.timeout.retry = -1 (default)
2019-09-26 13:31:29,114 [pool-137-thread-1] INFO  server.RaftServerConfigKeys (ConfUtils.java:logGet(43)) - raft.server.log.statemachine.data.caching.enabled = true (custom)
2019-09-26 13:31:29,115 [pool-137-thread-1] INFO  segmented.SegmentedRaftLogWorker (SegmentedRaftLogWorker.java:lambda$new$0(132)) - 0b05557d-aaca-4439-b58f-16bf68049744@group-65B1AEADF337-SegmentedRaftLogWorker: flushIndex: setUnconditionally 0 -> -1
2019-09-26 13:31:29,115 [pool-137-thread-1] INFO  server.RaftServerConfigKeys (ConfUtils.java:logGet(43)) - raft.server.snapshot.auto.trigger.enabled = true (custom)
2019-09-26 13:31:29,115 [pool-137-thread-1] INFO  server.RaftServerConfigKeys (ConfUtils.java:logGet(43)) - raft.server.snapshot.auto.trigger.threshold = 10000 (custom)
2019-09-26 13:31:29,115 [pool-137-thread-1] INFO  server.RaftServerConfigKeys (ConfUtils.java:logGet(43)) - raft.server.snapshot.retention.num.files = 5 (custom)
2019-09-26 13:31:29,115 [pool-137-thread-1] INFO  server.RaftServerConfigKeys (ConfUtils.java:logGet(43)) - raft.server.retrycache.expirytime = 600000ms (custom)
2019-09-26 13:31:29,118 [pool-137-thread-1] INFO  impl.RaftServerImpl (RaftServerImpl.java:start(185)) - 0b05557d-aaca-4439-b58f-16bf68049744@group-65B1AEADF337: start as a follower, conf=-1: [0b05557d-aaca-4439-b58f-16bf68049744:192.168.164.238:38840], old=null
2019-09-26 13:31:29,118 [pool-137-thread-1] INFO  impl.RaftServerImpl (RaftServerImpl.java:setRole(174)) - 0b05557d-aaca-4439-b58f-16bf68049744@group-65B1AEADF337: changes role from      null to FOLLOWER at term 0 for startAsFollower
2019-09-26 13:31:29,118 [pool-137-thread-1] INFO  impl.RoleInfo (RoleInfo.java:updateAndGet(143)) - 0b05557d-aaca-4439-b58f-16bf68049744: start FollowerState
2019-09-26 13:31:29,118 [pool-137-thread-1] INFO  util.JmxRegister (JmxRegister.java:tryRegister(44)) - Successfully registered JMX Bean with object name Ratis:service=RaftServer,group=group-65B1AEADF337,id=0b05557d-aaca-4439-b58f-16bf68049744
2019-09-26 13:31:29,122 [RatisPipelineUtilsThread] INFO  pipeline.PipelineStateManager (PipelineStateManager.java:addPipeline(56)) - Created pipeline Pipeline[ Id: 20676bd2-6b48-4bb5-beb0-65b1aeadf337, Nodes: 0b05557d-aaca-4439-b58f-16bf68049744{ip: 192.168.164.238, host: pr-hdds-1569-87zkn-1081879488, networkLocation: /default-rack, certSerialId: null}, Type:RATIS, Factor:ONE, State:OPEN]
2019-09-26 13:31:29,128 [grpc-default-executor-0] INFO  impl.RaftServerProxy (RaftServerProxy.java:addNew(89)) - 08f0d413-ba2e-4bd8-9fb4-d48dc0f7c1d6: addNew group-EF51A4BC2699:[08f0d413-ba2e-4bd8-9fb4-d48dc0f7c1d6:192.168.164.238:36621] returns group-EF51A4BC2699:java.util.concurrent.CompletableFuture@52081431[Not completed]
2019-09-26 13:31:29,129 [pool-127-thread-1] INFO  impl.RaftServerImpl (RaftServerImpl.java:<init>(95)) - 08f0d413-ba2e-4bd8-9fb4-d48dc0f7c1d6: new RaftServerImpl for group-EF51A4BC2699:[08f0d413-ba2e-4bd8-9fb4-d48dc0f7c1d6:192.168.164.238:36621] with ContainerStateMachine:uninitialized
2019-09-26 13:31:29,129 [pool-127-thread-1] INFO  server.RaftServerConfigKeys (ConfUtils.java:logGet(43)) - raft.server.rpc.timeout.min = 5s (custom)
2019-09-26 13:31:29,129 [pool-127-thread-1] INFO  server.RaftServerConfigKeys (ConfUtils.java:logGet(43)) - raft.server.rpc.timeout.max = 5200ms (custom)
2019-09-26 13:31:29,129 [pool-127-thread-1] INFO  server.RaftServerConfigKeys (ConfUtils.java:logGet(43)) - raft.server.rpcslowness.timeout = 120s (custom)
2019-09-26 13:31:29,129 [pool-127-thread-1] INFO  server.RaftServerConfigKeys (ConfUtils.java:logGet(43)) - raft.server.sleep.deviation.threshold = 300 (default)
2019-09-26 13:31:29,129 [pool-127-thread-1] INFO  server.RaftServerConfigKeys (ConfUtils.java:logGet(43)) - raft.server.log.appender.install.snapshot.enabled = false (custom)
2019-09-26 13:31:29,129 [pool-127-thread-1] INFO  impl.RaftServerImpl (ServerState.java:<init>(103)) - 08f0d413-ba2e-4bd8-9fb4-d48dc0f7c1d6@group-EF51A4BC2699: ConfigurationManager, init=-1: [08f0d413-ba2e-4bd8-9fb4-d48dc0f7c1d6:192.168.164.238:36621], old=null, confs=<EMPTY_MAP>
2019-09-26 13:31:29,129 [pool-127-thread-1] INFO  server.RaftServerConfigKeys (ConfUtils.java:logGet(43)) - raft.server.storage.dir = [/workdir/hadoop-ozone/ozonefs/target/test-dir/MiniOzoneClusterImpl-58f1b142-a36f-4a38-b91d-584a62105ea7/datanode-0/data/ratis] (custom)
2019-09-26 13:31:29,130 [pool-127-thread-1] INFO  storage.RaftStorageDirectory (RaftStorageDirectory.java:analyzeStorage(246)) - The storage directory /workdir/hadoop-ozone/ozonefs/target/test-dir/MiniOzoneClusterImpl-58f1b142-a36f-4a38-b91d-584a62105ea7/datanode-0/data/ratis/552dbe89-5d30-4609-ae6a-ef51a4bc2699 does not exist. Creating ...
2019-09-26 13:31:29,143 [pool-127-thread-1] INFO  storage.RaftStorageDirectory (RaftStorageDirectory.java:tryLock(328)) - Lock on /workdir/hadoop-ozone/ozonefs/target/test-dir/MiniOzoneClusterImpl-58f1b142-a36f-4a38-b91d-584a62105ea7/datanode-0/data/ratis/552dbe89-5d30-4609-ae6a-ef51a4bc2699/in_use.lock acquired by nodename 10147@pr-hdds-1569-87zkn-1081879488
2019-09-26 13:31:29,170 [pool-127-thread-1] INFO  storage.RaftStorage (RaftStorage.java:format(72)) - Storage directory /workdir/hadoop-ozone/ozonefs/target/test-dir/MiniOzoneClusterImpl-58f1b142-a36f-4a38-b91d-584a62105ea7/datanode-0/data/ratis/552dbe89-5d30-4609-ae6a-ef51a4bc2699 has been successfully formatted.
2019-09-26 13:31:29,170 [pool-127-thread-1] INFO  ratis.ContainerStateMachine (ContainerStateMachine.java:loadSnapshot(230)) - group-EF51A4BC2699: The snapshot info is null. Setting the last applied indexto:(t:0, i:~)
2019-09-26 13:31:29,171 [pool-127-thread-1] INFO  server.RaftServerConfigKeys (ConfUtils.java:logGet(43)) - raft.server.notification.no-leader.timeout = 120s (custom)
2019-09-26 13:31:29,171 [pool-127-thread-1] INFO  server.RaftServerConfigKeys (ConfUtils.java:logGet(43)) - raft.server.log.use.memory = false (default)
2019-09-26 13:31:29,171 [pool-127-thread-1] INFO  server.RaftServerConfigKeys (ConfUtils.java:logGet(43)) - raft.server.log.purge.gap = 1000000 (custom)
2019-09-26 13:31:29,171 [pool-127-thread-1] INFO  server.RaftServerConfigKeys (ConfUtils.java:logGet(43)) - raft.server.log.appender.buffer.byte-limit = 33554432 (custom)
2019-09-26 13:31:29,171 [pool-127-thread-1] INFO  server.RaftServerConfigKeys (ConfUtils.java:logGet(43)) - raft.server.log.segment.size.max = 1048576 (custom)
2019-09-26 13:31:29,171 [pool-127-thread-1] INFO  server.RaftServerConfigKeys (ConfUtils.java:logGet(43)) - raft.server.log.segment.cache.num.max = 2 (custom)
2019-09-26 13:31:29,171 [pool-127-thread-1] INFO  segmented.SegmentedRaftLogWorker (SegmentedRaftLogWorker.java:<init>(172)) - new 08f0d413-ba2e-4bd8-9fb4-d48dc0f7c1d6@group-EF51A4BC2699-SegmentedRaftLogWorker for RaftStorage:Storage Directory /workdir/hadoop-ozone/ozonefs/target/test-dir/MiniOzoneClusterImpl-58f1b142-a36f-4a38-b91d-584a62105ea7/datanode-0/data/ratis/552dbe89-5d30-4609-ae6a-ef51a4bc2699
2019-09-26 13:31:29,171 [pool-127-thread-1] INFO  server.RaftServerConfigKeys (ConfUtils.java:logGet(43)) - raft.server.log.queue.byte-limit = 2147483647 (custom)
2019-09-26 13:31:29,171 [pool-127-thread-1] INFO  server.RaftServerConfigKeys (ConfUtils.java:logGet(43)) - raft.server.log.queue.element-limit = 1024 (custom)
2019-09-26 13:31:29,171 [pool-127-thread-1] INFO  server.RaftServerConfigKeys (ConfUtils.java:logGet(43)) - raft.server.log.segment.size.max = 1048576 (custom)
2019-09-26 13:31:29,172 [pool-127-thread-1] INFO  server.RaftServerConfigKeys (ConfUtils.java:logGet(43)) - raft.server.log.preallocated.size = 16384 (custom)
2019-09-26 13:31:29,172 [pool-127-thread-1] INFO  server.RaftServerConfigKeys (ConfUtils.java:logGet(43)) - raft.server.log.write.buffer.size = 33554432 (custom)
2019-09-26 13:31:29,172 [pool-127-thread-1] INFO  server.RaftServerConfigKeys (ConfUtils.java:logGet(43)) - raft.server.log.force.sync.num = 128 (default)
2019-09-26 13:31:29,172 [pool-127-thread-1] INFO  server.RaftServerConfigKeys (ConfUtils.java:logGet(43)) - raft.server.log.statemachine.data.sync = true (default)
2019-09-26 13:31:29,172 [pool-127-thread-1] INFO  server.RaftServerConfigKeys (ConfUtils.java:logGet(43)) - raft.server.log.statemachine.data.sync.timeout = 10s (default)
2019-09-26 13:31:29,172 [pool-127-thread-1] INFO  server.RaftServerConfigKeys (ConfUtils.java:logGet(43)) - raft.server.log.statemachine.data.sync.timeout.retry = -1 (default)
2019-09-26 13:31:29,172 [pool-127-thread-1] INFO  server.RaftServerConfigKeys (ConfUtils.java:logGet(43)) - raft.server.log.statemachine.data.caching.enabled = true (custom)
2019-09-26 13:31:29,172 [pool-127-thread-1] INFO  segmented.SegmentedRaftLogWorker (SegmentedRaftLogWorker.java:lambda$new$0(132)) - 08f0d413-ba2e-4bd8-9fb4-d48dc0f7c1d6@group-EF51A4BC2699-SegmentedRaftLogWorker: flushIndex: setUnconditionally 0 -> -1
2019-09-26 13:31:29,173 [pool-127-thread-1] INFO  server.RaftServerConfigKeys (ConfUtils.java:logGet(43)) - raft.server.snapshot.auto.trigger.enabled = true (custom)
2019-09-26 13:31:29,173 [pool-127-thread-1] INFO  server.RaftServerConfigKeys (ConfUtils.java:logGet(43)) - raft.server.snapshot.auto.trigger.threshold = 10000 (custom)
2019-09-26 13:31:29,173 [pool-127-thread-1] INFO  server.RaftServerConfigKeys (ConfUtils.java:logGet(43)) - raft.server.snapshot.retention.num.files = 5 (custom)
2019-09-26 13:31:29,173 [pool-127-thread-1] INFO  server.RaftServerConfigKeys (ConfUtils.java:logGet(43)) - raft.server.retrycache.expirytime = 600000ms (custom)
2019-09-26 13:31:29,175 [pool-127-thread-1] INFO  impl.RaftServerImpl (RaftServerImpl.java:start(185)) - 08f0d413-ba2e-4bd8-9fb4-d48dc0f7c1d6@group-EF51A4BC2699: start as a follower, conf=-1: [08f0d413-ba2e-4bd8-9fb4-d48dc0f7c1d6:192.168.164.238:36621], old=null
2019-09-26 13:31:29,175 [pool-127-thread-1] INFO  impl.RaftServerImpl (RaftServerImpl.java:setRole(174)) - 08f0d413-ba2e-4bd8-9fb4-d48dc0f7c1d6@group-EF51A4BC2699: changes role from      null to FOLLOWER at term 0 for startAsFollower
2019-09-26 13:31:29,175 [pool-127-thread-1] INFO  impl.RoleInfo (RoleInfo.java:updateAndGet(143)) - 08f0d413-ba2e-4bd8-9fb4-d48dc0f7c1d6: start FollowerState
2019-09-26 13:31:29,175 [pool-127-thread-1] INFO  util.JmxRegister (JmxRegister.java:tryRegister(44)) - Successfully registered JMX Bean with object name Ratis:service=RaftServer,group=group-EF51A4BC2699,id=08f0d413-ba2e-4bd8-9fb4-d48dc0f7c1d6
2019-09-26 13:31:29,178 [RatisPipelineUtilsThread] INFO  pipeline.PipelineStateManager (PipelineStateManager.java:addPipeline(56)) - Created pipeline Pipeline[ Id: 552dbe89-5d30-4609-ae6a-ef51a4bc2699, Nodes: 08f0d413-ba2e-4bd8-9fb4-d48dc0f7c1d6{ip: 192.168.164.238, host: pr-hdds-1569-87zkn-1081879488, networkLocation: /default-rack, certSerialId: null}, Type:RATIS, Factor:ONE, State:OPEN]
2019-09-26 13:31:29,183 [grpc-default-executor-0] INFO  impl.RaftServerProxy (RaftServerProxy.java:addNew(89)) - 08f0d413-ba2e-4bd8-9fb4-d48dc0f7c1d6: addNew group-D084B8CF2C23:[08f0d413-ba2e-4bd8-9fb4-d48dc0f7c1d6:192.168.164.238:36621] returns group-D084B8CF2C23:java.util.concurrent.CompletableFuture@68d8579d[Not completed]
2019-09-26 13:31:29,184 [pool-127-thread-1] INFO  impl.RaftServerImpl (RaftServerImpl.java:<init>(95)) - 08f0d413-ba2e-4bd8-9fb4-d48dc0f7c1d6: new RaftServerImpl for group-D084B8CF2C23:[08f0d413-ba2e-4bd8-9fb4-d48dc0f7c1d6:192.168.164.238:36621] with ContainerStateMachine:uninitialized
2019-09-26 13:31:29,184 [pool-127-thread-1] INFO  server.RaftServerConfigKeys (ConfUtils.java:logGet(43)) - raft.server.rpc.timeout.min = 5s (custom)
2019-09-26 13:31:29,184 [pool-127-thread-1] INFO  server.RaftServerConfigKeys (ConfUtils.java:logGet(43)) - raft.server.rpc.timeout.max = 5200ms (custom)
2019-09-26 13:31:29,184 [pool-127-thread-1] INFO  server.RaftServerConfigKeys (ConfUtils.java:logGet(43)) - raft.server.rpcslowness.timeout = 120s (custom)
2019-09-26 13:31:29,184 [pool-127-thread-1] INFO  server.RaftServerConfigKeys (ConfUtils.java:logGet(43)) - raft.server.sleep.deviation.threshold = 300 (default)
2019-09-26 13:31:29,184 [pool-127-thread-1] INFO  server.RaftServerConfigKeys (ConfUtils.java:logGet(43)) - raft.server.log.appender.install.snapshot.enabled = false (custom)
2019-09-26 13:31:29,184 [pool-127-thread-1] INFO  impl.RaftServerImpl (ServerState.java:<init>(103)) - 08f0d413-ba2e-4bd8-9fb4-d48dc0f7c1d6@group-D084B8CF2C23: ConfigurationManager, init=-1: [08f0d413-ba2e-4bd8-9fb4-d48dc0f7c1d6:192.168.164.238:36621], old=null, confs=<EMPTY_MAP>
2019-09-26 13:31:29,184 [pool-127-thread-1] INFO  server.RaftServerConfigKeys (ConfUtils.java:logGet(43)) - raft.server.storage.dir = [/workdir/hadoop-ozone/ozonefs/target/test-dir/MiniOzoneClusterImpl-58f1b142-a36f-4a38-b91d-584a62105ea7/datanode-0/data/ratis] (custom)
2019-09-26 13:31:29,185 [pool-127-thread-1] INFO  storage.RaftStorageDirectory (RaftStorageDirectory.java:analyzeStorage(246)) - The storage directory /workdir/hadoop-ozone/ozonefs/target/test-dir/MiniOzoneClusterImpl-58f1b142-a36f-4a38-b91d-584a62105ea7/datanode-0/data/ratis/f673604d-4996-4240-992e-d084b8cf2c23 does not exist. Creating ...
2019-09-26 13:31:29,192 [pool-127-thread-1] INFO  storage.RaftStorageDirectory (RaftStorageDirectory.java:tryLock(328)) - Lock on /workdir/hadoop-ozone/ozonefs/target/test-dir/MiniOzoneClusterImpl-58f1b142-a36f-4a38-b91d-584a62105ea7/datanode-0/data/ratis/f673604d-4996-4240-992e-d084b8cf2c23/in_use.lock acquired by nodename 10147@pr-hdds-1569-87zkn-1081879488
2019-09-26 13:31:29,199 [pool-127-thread-1] INFO  storage.RaftStorage (RaftStorage.java:format(72)) - Storage directory /workdir/hadoop-ozone/ozonefs/target/test-dir/MiniOzoneClusterImpl-58f1b142-a36f-4a38-b91d-584a62105ea7/datanode-0/data/ratis/f673604d-4996-4240-992e-d084b8cf2c23 has been successfully formatted.
2019-09-26 13:31:29,199 [pool-127-thread-1] INFO  ratis.ContainerStateMachine (ContainerStateMachine.java:loadSnapshot(230)) - group-D084B8CF2C23: The snapshot info is null. Setting the last applied indexto:(t:0, i:~)
2019-09-26 13:31:29,200 [pool-127-thread-1] INFO  server.RaftServerConfigKeys (ConfUtils.java:logGet(43)) - raft.server.notification.no-leader.timeout = 120s (custom)
2019-09-26 13:31:29,200 [pool-127-thread-1] INFO  server.RaftServerConfigKeys (ConfUtils.java:logGet(43)) - raft.server.log.use.memory = false (default)
2019-09-26 13:31:29,200 [pool-127-thread-1] INFO  server.RaftServerConfigKeys (ConfUtils.java:logGet(43)) - raft.server.log.purge.gap = 1000000 (custom)
2019-09-26 13:31:29,200 [pool-127-thread-1] INFO  server.RaftServerConfigKeys (ConfUtils.java:logGet(43)) - raft.server.log.appender.buffer.byte-limit = 33554432 (custom)
2019-09-26 13:31:29,200 [pool-127-thread-1] INFO  server.RaftServerConfigKeys (ConfUtils.java:logGet(43)) - raft.server.log.segment.size.max = 1048576 (custom)
2019-09-26 13:31:29,200 [pool-127-thread-1] INFO  server.RaftServerConfigKeys (ConfUtils.java:logGet(43)) - raft.server.log.segment.cache.num.max = 2 (custom)
2019-09-26 13:31:29,201 [pool-127-thread-1] INFO  segmented.SegmentedRaftLogWorker (SegmentedRaftLogWorker.java:<init>(172)) - new 08f0d413-ba2e-4bd8-9fb4-d48dc0f7c1d6@group-D084B8CF2C23-SegmentedRaftLogWorker for RaftStorage:Storage Directory /workdir/hadoop-ozone/ozonefs/target/test-dir/MiniOzoneClusterImpl-58f1b142-a36f-4a38-b91d-584a62105ea7/datanode-0/data/ratis/f673604d-4996-4240-992e-d084b8cf2c23
2019-09-26 13:31:29,201 [pool-127-thread-1] INFO  server.RaftServerConfigKeys (ConfUtils.java:logGet(43)) - raft.server.log.queue.byte-limit = 2147483647 (custom)
2019-09-26 13:31:29,201 [pool-127-thread-1] INFO  server.RaftServerConfigKeys (ConfUtils.java:logGet(43)) - raft.server.log.queue.element-limit = 1024 (custom)
2019-09-26 13:31:29,201 [pool-127-thread-1] INFO  server.RaftServerConfigKeys (ConfUtils.java:logGet(43)) - raft.server.log.segment.size.max = 1048576 (custom)
2019-09-26 13:31:29,201 [pool-127-thread-1] INFO  server.RaftServerConfigKeys (ConfUtils.java:logGet(43)) - raft.server.log.preallocated.size = 16384 (custom)
2019-09-26 13:31:29,201 [pool-127-thread-1] INFO  server.RaftServerConfigKeys (ConfUtils.java:logGet(43)) - raft.server.log.write.buffer.size = 33554432 (custom)
2019-09-26 13:31:29,201 [pool-127-thread-1] INFO  server.RaftServerConfigKeys (ConfUtils.java:logGet(43)) - raft.server.log.force.sync.num = 128 (default)
2019-09-26 13:31:29,201 [pool-127-thread-1] INFO  server.RaftServerConfigKeys (ConfUtils.java:logGet(43)) - raft.server.log.statemachine.data.sync = true (default)
2019-09-26 13:31:29,202 [pool-127-thread-1] INFO  server.RaftServerConfigKeys (ConfUtils.java:logGet(43)) - raft.server.log.statemachine.data.sync.timeout = 10s (default)
2019-09-26 13:31:29,202 [pool-127-thread-1] INFO  server.RaftServerConfigKeys (ConfUtils.java:logGet(43)) - raft.server.log.statemachine.data.sync.timeout.retry = -1 (default)
2019-09-26 13:31:29,202 [pool-127-thread-1] INFO  server.RaftServerConfigKeys (ConfUtils.java:logGet(43)) - raft.server.log.statemachine.data.caching.enabled = true (custom)
2019-09-26 13:31:29,202 [pool-127-thread-1] INFO  segmented.SegmentedRaftLogWorker (SegmentedRaftLogWorker.java:lambda$new$0(132)) - 08f0d413-ba2e-4bd8-9fb4-d48dc0f7c1d6@group-D084B8CF2C23-SegmentedRaftLogWorker: flushIndex: setUnconditionally 0 -> -1
2019-09-26 13:31:29,202 [pool-127-thread-1] INFO  server.RaftServerConfigKeys (ConfUtils.java:logGet(43)) - raft.server.snapshot.auto.trigger.enabled = true (custom)
2019-09-26 13:31:29,203 [pool-127-thread-1] INFO  server.RaftServerConfigKeys (ConfUtils.java:logGet(43)) - raft.server.snapshot.auto.trigger.threshold = 10000 (custom)
2019-09-26 13:31:29,203 [pool-127-thread-1] INFO  server.RaftServerConfigKeys (ConfUtils.java:logGet(43)) - raft.server.snapshot.retention.num.files = 5 (custom)
2019-09-26 13:31:29,203 [pool-127-thread-1] INFO  server.RaftServerConfigKeys (ConfUtils.java:logGet(43)) - raft.server.retrycache.expirytime = 600000ms (custom)
2019-09-26 13:31:29,205 [pool-127-thread-1] INFO  impl.RaftServerImpl (RaftServerImpl.java:start(185)) - 08f0d413-ba2e-4bd8-9fb4-d48dc0f7c1d6@group-D084B8CF2C23: start as a follower, conf=-1: [08f0d413-ba2e-4bd8-9fb4-d48dc0f7c1d6:192.168.164.238:36621], old=null
2019-09-26 13:31:29,205 [pool-127-thread-1] INFO  impl.RaftServerImpl (RaftServerImpl.java:setRole(174)) - 08f0d413-ba2e-4bd8-9fb4-d48dc0f7c1d6@group-D084B8CF2C23: changes role from      null to FOLLOWER at term 0 for startAsFollower
2019-09-26 13:31:29,205 [pool-127-thread-1] INFO  impl.RoleInfo (RoleInfo.java:updateAndGet(143)) - 08f0d413-ba2e-4bd8-9fb4-d48dc0f7c1d6: start FollowerState
2019-09-26 13:31:29,205 [pool-127-thread-1] INFO  util.JmxRegister (JmxRegister.java:tryRegister(44)) - Successfully registered JMX Bean with object name Ratis:service=RaftServer,group=group-D084B8CF2C23,id=08f0d413-ba2e-4bd8-9fb4-d48dc0f7c1d6
2019-09-26 13:31:29,209 [RatisPipelineUtilsThread] INFO  pipeline.PipelineStateManager (PipelineStateManager.java:addPipeline(56)) - Created pipeline Pipeline[ Id: f673604d-4996-4240-992e-d084b8cf2c23, Nodes: 08f0d413-ba2e-4bd8-9fb4-d48dc0f7c1d6{ip: 192.168.164.238, host: pr-hdds-1569-87zkn-1081879488, networkLocation: /default-rack, certSerialId: null}, Type:RATIS, Factor:ONE, State:OPEN]
2019-09-26 13:31:29,209 [RatisPipelineUtilsThread] INFO  pipeline.PipelinePlacementPolicy (PipelinePlacementPolicy.java:meetCriteria(91)) - Pipeline Placement: can't place more pipeline on heavy datanode： 08f0d413-ba2e-4bd8-9fb4-d48dc0f7c1d6 Heaviness: 6 limit: 5
2019-09-26 13:31:29,214 [grpc-default-executor-0] INFO  impl.RaftServerProxy (RaftServerProxy.java:addNew(89)) - 0b05557d-aaca-4439-b58f-16bf68049744: addNew group-858869F956F9:[0b05557d-aaca-4439-b58f-16bf68049744:192.168.164.238:38840] returns group-858869F956F9:java.util.concurrent.CompletableFuture@3dbcd435[Not completed]
2019-09-26 13:31:29,215 [pool-137-thread-1] INFO  impl.RaftServerImpl (RaftServerImpl.java:<init>(95)) - 0b05557d-aaca-4439-b58f-16bf68049744: new RaftServerImpl for group-858869F956F9:[0b05557d-aaca-4439-b58f-16bf68049744:192.168.164.238:38840] with ContainerStateMachine:uninitialized
2019-09-26 13:31:29,215 [pool-137-thread-1] INFO  server.RaftServerConfigKeys (ConfUtils.java:logGet(43)) - raft.server.rpc.timeout.min = 5s (custom)
2019-09-26 13:31:29,215 [pool-137-thread-1] INFO  server.RaftServerConfigKeys (ConfUtils.java:logGet(43)) - raft.server.rpc.timeout.max = 5200ms (custom)
2019-09-26 13:31:29,215 [pool-137-thread-1] INFO  server.RaftServerConfigKeys (ConfUtils.java:logGet(43)) - raft.server.rpcslowness.timeout = 120s (custom)
2019-09-26 13:31:29,216 [pool-137-thread-1] INFO  server.RaftServerConfigKeys (ConfUtils.java:logGet(43)) - raft.server.sleep.deviation.threshold = 300 (default)
2019-09-26 13:31:29,216 [pool-137-thread-1] INFO  server.RaftServerConfigKeys (ConfUtils.java:logGet(43)) - raft.server.log.appender.install.snapshot.enabled = false (custom)
2019-09-26 13:31:29,216 [pool-137-thread-1] INFO  impl.RaftServerImpl (ServerState.java:<init>(103)) - 0b05557d-aaca-4439-b58f-16bf68049744@group-858869F956F9: ConfigurationManager, init=-1: [0b05557d-aaca-4439-b58f-16bf68049744:192.168.164.238:38840], old=null, confs=<EMPTY_MAP>
2019-09-26 13:31:29,216 [pool-137-thread-1] INFO  server.RaftServerConfigKeys (ConfUtils.java:logGet(43)) - raft.server.storage.dir = [/workdir/hadoop-ozone/ozonefs/target/test-dir/MiniOzoneClusterImpl-58f1b142-a36f-4a38-b91d-584a62105ea7/datanode-1/data/ratis] (custom)
2019-09-26 13:31:29,216 [pool-137-thread-1] INFO  storage.RaftStorageDirectory (RaftStorageDirectory.java:analyzeStorage(246)) - The storage directory /workdir/hadoop-ozone/ozonefs/target/test-dir/MiniOzoneClusterImpl-58f1b142-a36f-4a38-b91d-584a62105ea7/datanode-1/data/ratis/7d65c1a9-1d84-4c72-9a39-858869f956f9 does not exist. Creating ...
2019-09-26 13:31:29,222 [pool-137-thread-1] INFO  storage.RaftStorageDirectory (RaftStorageDirectory.java:tryLock(328)) - Lock on /workdir/hadoop-ozone/ozonefs/target/test-dir/MiniOzoneClusterImpl-58f1b142-a36f-4a38-b91d-584a62105ea7/datanode-1/data/ratis/7d65c1a9-1d84-4c72-9a39-858869f956f9/in_use.lock acquired by nodename 10147@pr-hdds-1569-87zkn-1081879488
2019-09-26 13:31:29,230 [pool-137-thread-1] INFO  storage.RaftStorage (RaftStorage.java:format(72)) - Storage directory /workdir/hadoop-ozone/ozonefs/target/test-dir/MiniOzoneClusterImpl-58f1b142-a36f-4a38-b91d-584a62105ea7/datanode-1/data/ratis/7d65c1a9-1d84-4c72-9a39-858869f956f9 has been successfully formatted.
2019-09-26 13:31:29,230 [pool-137-thread-1] INFO  ratis.ContainerStateMachine (ContainerStateMachine.java:loadSnapshot(230)) - group-858869F956F9: The snapshot info is null. Setting the last applied indexto:(t:0, i:~)
2019-09-26 13:31:29,231 [pool-137-thread-1] INFO  server.RaftServerConfigKeys (ConfUtils.java:logGet(43)) - raft.server.notification.no-leader.timeout = 120s (custom)
2019-09-26 13:31:29,231 [pool-137-thread-1] INFO  server.RaftServerConfigKeys (ConfUtils.java:logGet(43)) - raft.server.log.use.memory = false (default)
2019-09-26 13:31:29,231 [pool-137-thread-1] INFO  server.RaftServerConfigKeys (ConfUtils.java:logGet(43)) - raft.server.log.purge.gap = 1000000 (custom)
2019-09-26 13:31:29,231 [pool-137-thread-1] INFO  server.RaftServerConfigKeys (ConfUtils.java:logGet(43)) - raft.server.log.appender.buffer.byte-limit = 33554432 (custom)
2019-09-26 13:31:29,231 [pool-137-thread-1] INFO  server.RaftServerConfigKeys (ConfUtils.java:logGet(43)) - raft.server.log.segment.size.max = 1048576 (custom)
2019-09-26 13:31:29,232 [pool-137-thread-1] INFO  server.RaftServerConfigKeys (ConfUtils.java:logGet(43)) - raft.server.log.segment.cache.num.max = 2 (custom)
2019-09-26 13:31:29,232 [pool-137-thread-1] INFO  segmented.SegmentedRaftLogWorker (SegmentedRaftLogWorker.java:<init>(172)) - new 0b05557d-aaca-4439-b58f-16bf68049744@group-858869F956F9-SegmentedRaftLogWorker for RaftStorage:Storage Directory /workdir/hadoop-ozone/ozonefs/target/test-dir/MiniOzoneClusterImpl-58f1b142-a36f-4a38-b91d-584a62105ea7/datanode-1/data/ratis/7d65c1a9-1d84-4c72-9a39-858869f956f9
2019-09-26 13:31:29,232 [pool-137-thread-1] INFO  server.RaftServerConfigKeys (ConfUtils.java:logGet(43)) - raft.server.log.queue.byte-limit = 2147483647 (custom)
2019-09-26 13:31:29,232 [pool-137-thread-1] INFO  server.RaftServerConfigKeys (ConfUtils.java:logGet(43)) - raft.server.log.queue.element-limit = 1024 (custom)
2019-09-26 13:31:29,232 [pool-137-thread-1] INFO  server.RaftServerConfigKeys (ConfUtils.java:logGet(43)) - raft.server.log.segment.size.max = 1048576 (custom)
2019-09-26 13:31:29,232 [pool-137-thread-1] INFO  server.RaftServerConfigKeys (ConfUtils.java:logGet(43)) - raft.server.log.preallocated.size = 16384 (custom)
2019-09-26 13:31:29,232 [pool-137-thread-1] INFO  server.RaftServerConfigKeys (ConfUtils.java:logGet(43)) - raft.server.log.write.buffer.size = 33554432 (custom)
2019-09-26 13:31:29,233 [pool-137-thread-1] INFO  server.RaftServerConfigKeys (ConfUtils.java:logGet(43)) - raft.server.log.force.sync.num = 128 (default)
2019-09-26 13:31:29,233 [pool-137-thread-1] INFO  server.RaftServerConfigKeys (ConfUtils.java:logGet(43)) - raft.server.log.statemachine.data.sync = true (default)
2019-09-26 13:31:29,233 [pool-137-thread-1] INFO  server.RaftServerConfigKeys (ConfUtils.java:logGet(43)) - raft.server.log.statemachine.data.sync.timeout = 10s (default)
2019-09-26 13:31:29,233 [pool-137-thread-1] INFO  server.RaftServerConfigKeys (ConfUtils.java:logGet(43)) - raft.server.log.statemachine.data.sync.timeout.retry = -1 (default)
2019-09-26 13:31:29,233 [pool-137-thread-1] INFO  server.RaftServerConfigKeys (ConfUtils.java:logGet(43)) - raft.server.log.statemachine.data.caching.enabled = true (custom)
2019-09-26 13:31:29,233 [pool-137-thread-1] INFO  segmented.SegmentedRaftLogWorker (SegmentedRaftLogWorker.java:lambda$new$0(132)) - 0b05557d-aaca-4439-b58f-16bf68049744@group-858869F956F9-SegmentedRaftLogWorker: flushIndex: setUnconditionally 0 -> -1
2019-09-26 13:31:29,234 [pool-137-thread-1] INFO  server.RaftServerConfigKeys (ConfUtils.java:logGet(43)) - raft.server.snapshot.auto.trigger.enabled = true (custom)
2019-09-26 13:31:29,234 [pool-137-thread-1] INFO  server.RaftServerConfigKeys (ConfUtils.java:logGet(43)) - raft.server.snapshot.auto.trigger.threshold = 10000 (custom)
2019-09-26 13:31:29,234 [pool-137-thread-1] INFO  server.RaftServerConfigKeys (ConfUtils.java:logGet(43)) - raft.server.snapshot.retention.num.files = 5 (custom)
2019-09-26 13:31:29,234 [pool-137-thread-1] INFO  server.RaftServerConfigKeys (ConfUtils.java:logGet(43)) - raft.server.retrycache.expirytime = 600000ms (custom)
2019-09-26 13:31:29,236 [pool-137-thread-1] INFO  impl.RaftServerImpl (RaftServerImpl.java:start(185)) - 0b05557d-aaca-4439-b58f-16bf68049744@group-858869F956F9: start as a follower, conf=-1: [0b05557d-aaca-4439-b58f-16bf68049744:192.168.164.238:38840], old=null
2019-09-26 13:31:29,236 [pool-137-thread-1] INFO  impl.RaftServerImpl (RaftServerImpl.java:setRole(174)) - 0b05557d-aaca-4439-b58f-16bf68049744@group-858869F956F9: changes role from      null to FOLLOWER at term 0 for startAsFollower
2019-09-26 13:31:29,236 [pool-137-thread-1] INFO  impl.RoleInfo (RoleInfo.java:updateAndGet(143)) - 0b05557d-aaca-4439-b58f-16bf68049744: start FollowerState
2019-09-26 13:31:29,237 [pool-137-thread-1] INFO  util.JmxRegister (JmxRegister.java:tryRegister(44)) - Successfully registered JMX Bean with object name Ratis:service=RaftServer,group=group-858869F956F9,id=0b05557d-aaca-4439-b58f-16bf68049744
2019-09-26 13:31:29,240 [RatisPipelineUtilsThread] INFO  pipeline.PipelineStateManager (PipelineStateManager.java:addPipeline(56)) - Created pipeline Pipeline[ Id: 7d65c1a9-1d84-4c72-9a39-858869f956f9, Nodes: 0b05557d-aaca-4439-b58f-16bf68049744{ip: 192.168.164.238, host: pr-hdds-1569-87zkn-1081879488, networkLocation: /default-rack, certSerialId: null}, Type:RATIS, Factor:ONE, State:OPEN]
2019-09-26 13:31:29,240 [RatisPipelineUtilsThread] INFO  pipeline.PipelinePlacementPolicy (PipelinePlacementPolicy.java:meetCriteria(91)) - Pipeline Placement: can't place more pipeline on heavy datanode： 08f0d413-ba2e-4bd8-9fb4-d48dc0f7c1d6 Heaviness: 6 limit: 5
2019-09-26 13:31:29,245 [grpc-default-executor-0] INFO  impl.RaftServerProxy (RaftServerProxy.java:addNew(89)) - 0b05557d-aaca-4439-b58f-16bf68049744: addNew group-797C5D2047A3:[0b05557d-aaca-4439-b58f-16bf68049744:192.168.164.238:38840] returns group-797C5D2047A3:java.util.concurrent.CompletableFuture@155ec87d[Not completed]
2019-09-26 13:31:29,246 [pool-137-thread-1] INFO  impl.RaftServerImpl (RaftServerImpl.java:<init>(95)) - 0b05557d-aaca-4439-b58f-16bf68049744: new RaftServerImpl for group-797C5D2047A3:[0b05557d-aaca-4439-b58f-16bf68049744:192.168.164.238:38840] with ContainerStateMachine:uninitialized
2019-09-26 13:31:29,246 [pool-137-thread-1] INFO  server.RaftServerConfigKeys (ConfUtils.java:logGet(43)) - raft.server.rpc.timeout.min = 5s (custom)
2019-09-26 13:31:29,246 [pool-137-thread-1] INFO  server.RaftServerConfigKeys (ConfUtils.java:logGet(43)) - raft.server.rpc.timeout.max = 5200ms (custom)
2019-09-26 13:31:29,246 [pool-137-thread-1] INFO  server.RaftServerConfigKeys (ConfUtils.java:logGet(43)) - raft.server.rpcslowness.timeout = 120s (custom)
2019-09-26 13:31:29,246 [pool-137-thread-1] INFO  server.RaftServerConfigKeys (ConfUtils.java:logGet(43)) - raft.server.sleep.deviation.threshold = 300 (default)
2019-09-26 13:31:29,246 [pool-137-thread-1] INFO  server.RaftServerConfigKeys (ConfUtils.java:logGet(43)) - raft.server.log.appender.install.snapshot.enabled = false (custom)
2019-09-26 13:31:29,246 [pool-137-thread-1] INFO  impl.RaftServerImpl (ServerState.java:<init>(103)) - 0b05557d-aaca-4439-b58f-16bf68049744@group-797C5D2047A3: ConfigurationManager, init=-1: [0b05557d-aaca-4439-b58f-16bf68049744:192.168.164.238:38840], old=null, confs=<EMPTY_MAP>
2019-09-26 13:31:29,247 [pool-137-thread-1] INFO  server.RaftServerConfigKeys (ConfUtils.java:logGet(43)) - raft.server.storage.dir = [/workdir/hadoop-ozone/ozonefs/target/test-dir/MiniOzoneClusterImpl-58f1b142-a36f-4a38-b91d-584a62105ea7/datanode-1/data/ratis] (custom)
2019-09-26 13:31:29,247 [pool-137-thread-1] INFO  storage.RaftStorageDirectory (RaftStorageDirectory.java:analyzeStorage(246)) - The storage directory /workdir/hadoop-ozone/ozonefs/target/test-dir/MiniOzoneClusterImpl-58f1b142-a36f-4a38-b91d-584a62105ea7/datanode-1/data/ratis/c209f2eb-aedf-4d82-bde9-797c5d2047a3 does not exist. Creating ...
2019-09-26 13:31:29,251 [pool-137-thread-1] INFO  storage.RaftStorageDirectory (RaftStorageDirectory.java:tryLock(328)) - Lock on /workdir/hadoop-ozone/ozonefs/target/test-dir/MiniOzoneClusterImpl-58f1b142-a36f-4a38-b91d-584a62105ea7/datanode-1/data/ratis/c209f2eb-aedf-4d82-bde9-797c5d2047a3/in_use.lock acquired by nodename 10147@pr-hdds-1569-87zkn-1081879488
2019-09-26 13:31:29,255 [pool-137-thread-1] INFO  storage.RaftStorage (RaftStorage.java:format(72)) - Storage directory /workdir/hadoop-ozone/ozonefs/target/test-dir/MiniOzoneClusterImpl-58f1b142-a36f-4a38-b91d-584a62105ea7/datanode-1/data/ratis/c209f2eb-aedf-4d82-bde9-797c5d2047a3 has been successfully formatted.
2019-09-26 13:31:29,255 [pool-137-thread-1] INFO  ratis.ContainerStateMachine (ContainerStateMachine.java:loadSnapshot(230)) - group-797C5D2047A3: The snapshot info is null. Setting the last applied indexto:(t:0, i:~)
2019-09-26 13:31:29,255 [pool-137-thread-1] INFO  server.RaftServerConfigKeys (ConfUtils.java:logGet(43)) - raft.server.notification.no-leader.timeout = 120s (custom)
2019-09-26 13:31:29,255 [pool-137-thread-1] INFO  server.RaftServerConfigKeys (ConfUtils.java:logGet(43)) - raft.server.log.use.memory = false (default)
2019-09-26 13:31:29,255 [pool-137-thread-1] INFO  server.RaftServerConfigKeys (ConfUtils.java:logGet(43)) - raft.server.log.purge.gap = 1000000 (custom)
2019-09-26 13:31:29,256 [pool-137-thread-1] INFO  server.RaftServerConfigKeys (ConfUtils.java:logGet(43)) - raft.server.log.appender.buffer.byte-limit = 33554432 (custom)
2019-09-26 13:31:29,256 [pool-137-thread-1] INFO  server.RaftServerConfigKeys (ConfUtils.java:logGet(43)) - raft.server.log.segment.size.max = 1048576 (custom)
2019-09-26 13:31:29,256 [pool-137-thread-1] INFO  server.RaftServerConfigKeys (ConfUtils.java:logGet(43)) - raft.server.log.segment.cache.num.max = 2 (custom)
2019-09-26 13:31:29,256 [pool-137-thread-1] INFO  segmented.SegmentedRaftLogWorker (SegmentedRaftLogWorker.java:<init>(172)) - new 0b05557d-aaca-4439-b58f-16bf68049744@group-797C5D2047A3-SegmentedRaftLogWorker for RaftStorage:Storage Directory /workdir/hadoop-ozone/ozonefs/target/test-dir/MiniOzoneClusterImpl-58f1b142-a36f-4a38-b91d-584a62105ea7/datanode-1/data/ratis/c209f2eb-aedf-4d82-bde9-797c5d2047a3
2019-09-26 13:31:29,256 [pool-137-thread-1] INFO  server.RaftServerConfigKeys (ConfUtils.java:logGet(43)) - raft.server.log.queue.byte-limit = 2147483647 (custom)
2019-09-26 13:31:29,256 [pool-137-thread-1] INFO  server.RaftServerConfigKeys (ConfUtils.java:logGet(43)) - raft.server.log.queue.element-limit = 1024 (custom)
2019-09-26 13:31:29,256 [pool-137-thread-1] INFO  server.RaftServerConfigKeys (ConfUtils.java:logGet(43)) - raft.server.log.segment.size.max = 1048576 (custom)
2019-09-26 13:31:29,256 [pool-137-thread-1] INFO  server.RaftServerConfigKeys (ConfUtils.java:logGet(43)) - raft.server.log.preallocated.size = 16384 (custom)
2019-09-26 13:31:29,256 [pool-137-thread-1] INFO  server.RaftServerConfigKeys (ConfUtils.java:logGet(43)) - raft.server.log.write.buffer.size = 33554432 (custom)
2019-09-26 13:31:29,256 [pool-137-thread-1] INFO  server.RaftServerConfigKeys (ConfUtils.java:logGet(43)) - raft.server.log.force.sync.num = 128 (default)
2019-09-26 13:31:29,257 [pool-137-thread-1] INFO  server.RaftServerConfigKeys (ConfUtils.java:logGet(43)) - raft.server.log.statemachine.data.sync = true (default)
2019-09-26 13:31:29,257 [pool-137-thread-1] INFO  server.RaftServerConfigKeys (ConfUtils.java:logGet(43)) - raft.server.log.statemachine.data.sync.timeout = 10s (default)
2019-09-26 13:31:29,257 [pool-137-thread-1] INFO  server.RaftServerConfigKeys (ConfUtils.java:logGet(43)) - raft.server.log.statemachine.data.sync.timeout.retry = -1 (default)
2019-09-26 13:31:29,257 [pool-137-thread-1] INFO  server.RaftServerConfigKeys (ConfUtils.java:logGet(43)) - raft.server.log.statemachine.data.caching.enabled = true (custom)
2019-09-26 13:31:29,257 [pool-137-thread-1] INFO  segmented.SegmentedRaftLogWorker (SegmentedRaftLogWorker.java:lambda$new$0(132)) - 0b05557d-aaca-4439-b58f-16bf68049744@group-797C5D2047A3-SegmentedRaftLogWorker: flushIndex: setUnconditionally 0 -> -1
2019-09-26 13:31:29,257 [pool-137-thread-1] INFO  server.RaftServerConfigKeys (ConfUtils.java:logGet(43)) - raft.server.snapshot.auto.trigger.enabled = true (custom)
2019-09-26 13:31:29,257 [pool-137-thread-1] INFO  server.RaftServerConfigKeys (ConfUtils.java:logGet(43)) - raft.server.snapshot.auto.trigger.threshold = 10000 (custom)
2019-09-26 13:31:29,258 [pool-137-thread-1] INFO  server.RaftServerConfigKeys (ConfUtils.java:logGet(43)) - raft.server.snapshot.retention.num.files = 5 (custom)
2019-09-26 13:31:29,258 [pool-137-thread-1] INFO  server.RaftServerConfigKeys (ConfUtils.java:logGet(43)) - raft.server.retrycache.expirytime = 600000ms (custom)
2019-09-26 13:31:29,259 [pool-137-thread-1] INFO  impl.RaftServerImpl (RaftServerImpl.java:start(185)) - 0b05557d-aaca-4439-b58f-16bf68049744@group-797C5D2047A3: start as a follower, conf=-1: [0b05557d-aaca-4439-b58f-16bf68049744:192.168.164.238:38840], old=null
2019-09-26 13:31:29,259 [pool-137-thread-1] INFO  impl.RaftServerImpl (RaftServerImpl.java:setRole(174)) - 0b05557d-aaca-4439-b58f-16bf68049744@group-797C5D2047A3: changes role from      null to FOLLOWER at term 0 for startAsFollower
2019-09-26 13:31:29,259 [pool-137-thread-1] INFO  impl.RoleInfo (RoleInfo.java:updateAndGet(143)) - 0b05557d-aaca-4439-b58f-16bf68049744: start FollowerState
2019-09-26 13:31:29,260 [pool-137-thread-1] INFO  util.JmxRegister (JmxRegister.java:tryRegister(44)) - Successfully registered JMX Bean with object name Ratis:service=RaftServer,group=group-797C5D2047A3,id=0b05557d-aaca-4439-b58f-16bf68049744
2019-09-26 13:31:29,262 [RatisPipelineUtilsThread] INFO  pipeline.PipelineStateManager (PipelineStateManager.java:addPipeline(56)) - Created pipeline Pipeline[ Id: c209f2eb-aedf-4d82-bde9-797c5d2047a3, Nodes: 0b05557d-aaca-4439-b58f-16bf68049744{ip: 192.168.164.238, host: pr-hdds-1569-87zkn-1081879488, networkLocation: /default-rack, certSerialId: null}, Type:RATIS, Factor:ONE, State:OPEN]
2019-09-26 13:31:29,262 [RatisPipelineUtilsThread] INFO  pipeline.PipelinePlacementPolicy (PipelinePlacementPolicy.java:meetCriteria(91)) - Pipeline Placement: can't place more pipeline on heavy datanode： 0b05557d-aaca-4439-b58f-16bf68049744 Heaviness: 6 limit: 5
2019-09-26 13:31:29,262 [RatisPipelineUtilsThread] INFO  pipeline.PipelinePlacementPolicy (PipelinePlacementPolicy.java:meetCriteria(91)) - Pipeline Placement: can't place more pipeline on heavy datanode： 08f0d413-ba2e-4bd8-9fb4-d48dc0f7c1d6 Heaviness: 6 limit: 5
2019-09-26 13:31:29,268 [grpc-default-executor-0] INFO  impl.RaftServerProxy (RaftServerProxy.java:addNew(89)) - 7cb6d186-caac-4cd2-8aac-d2a4e4b631e6: addNew group-0F5A2A1686C0:[7cb6d186-caac-4cd2-8aac-d2a4e4b631e6:192.168.164.238:40363] returns group-0F5A2A1686C0:java.util.concurrent.CompletableFuture@61a6e97a[Not completed]
2019-09-26 13:31:29,271 [pool-147-thread-1] INFO  impl.RaftServerImpl (RaftServerImpl.java:<init>(95)) - 7cb6d186-caac-4cd2-8aac-d2a4e4b631e6: new RaftServerImpl for group-0F5A2A1686C0:[7cb6d186-caac-4cd2-8aac-d2a4e4b631e6:192.168.164.238:40363] with ContainerStateMachine:uninitialized
2019-09-26 13:31:29,271 [pool-147-thread-1] INFO  server.RaftServerConfigKeys (ConfUtils.java:logGet(43)) - raft.server.rpc.timeout.min = 5s (custom)
2019-09-26 13:31:29,271 [pool-147-thread-1] INFO  server.RaftServerConfigKeys (ConfUtils.java:logGet(43)) - raft.server.rpc.timeout.max = 5200ms (custom)
2019-09-26 13:31:29,271 [pool-147-thread-1] INFO  server.RaftServerConfigKeys (ConfUtils.java:logGet(43)) - raft.server.rpcslowness.timeout = 120s (custom)
2019-09-26 13:31:29,271 [pool-147-thread-1] INFO  server.RaftServerConfigKeys (ConfUtils.java:logGet(43)) - raft.server.sleep.deviation.threshold = 300 (default)
2019-09-26 13:31:29,271 [pool-147-thread-1] INFO  server.RaftServerConfigKeys (ConfUtils.java:logGet(43)) - raft.server.log.appender.install.snapshot.enabled = false (custom)
2019-09-26 13:31:29,272 [pool-147-thread-1] INFO  impl.RaftServerImpl (ServerState.java:<init>(103)) - 7cb6d186-caac-4cd2-8aac-d2a4e4b631e6@group-0F5A2A1686C0: ConfigurationManager, init=-1: [7cb6d186-caac-4cd2-8aac-d2a4e4b631e6:192.168.164.238:40363], old=null, confs=<EMPTY_MAP>
2019-09-26 13:31:29,272 [pool-147-thread-1] INFO  server.RaftServerConfigKeys (ConfUtils.java:logGet(43)) - raft.server.storage.dir = [/workdir/hadoop-ozone/ozonefs/target/test-dir/MiniOzoneClusterImpl-58f1b142-a36f-4a38-b91d-584a62105ea7/datanode-2/data/ratis] (custom)
2019-09-26 13:31:29,272 [pool-147-thread-1] INFO  storage.RaftStorageDirectory (RaftStorageDirectory.java:analyzeStorage(246)) - The storage directory /workdir/hadoop-ozone/ozonefs/target/test-dir/MiniOzoneClusterImpl-58f1b142-a36f-4a38-b91d-584a62105ea7/datanode-2/data/ratis/a6bc1e6a-593e-4d6b-87db-0f5a2a1686c0 does not exist. Creating ...
2019-09-26 13:31:29,302 [pool-147-thread-1] INFO  storage.RaftStorageDirectory (RaftStorageDirectory.java:tryLock(328)) - Lock on /workdir/hadoop-ozone/ozonefs/target/test-dir/MiniOzoneClusterImpl-58f1b142-a36f-4a38-b91d-584a62105ea7/datanode-2/data/ratis/a6bc1e6a-593e-4d6b-87db-0f5a2a1686c0/in_use.lock acquired by nodename 10147@pr-hdds-1569-87zkn-1081879488
2019-09-26 13:31:29,318 [pool-147-thread-1] INFO  storage.RaftStorage (RaftStorage.java:format(72)) - Storage directory /workdir/hadoop-ozone/ozonefs/target/test-dir/MiniOzoneClusterImpl-58f1b142-a36f-4a38-b91d-584a62105ea7/datanode-2/data/ratis/a6bc1e6a-593e-4d6b-87db-0f5a2a1686c0 has been successfully formatted.
2019-09-26 13:31:29,318 [pool-147-thread-1] INFO  ratis.ContainerStateMachine (ContainerStateMachine.java:loadSnapshot(230)) - group-0F5A2A1686C0: The snapshot info is null. Setting the last applied indexto:(t:0, i:~)
2019-09-26 13:31:29,318 [pool-147-thread-1] INFO  server.RaftServerConfigKeys (ConfUtils.java:logGet(43)) - raft.server.notification.no-leader.timeout = 120s (custom)
2019-09-26 13:31:29,319 [pool-147-thread-1] INFO  server.RaftServerConfigKeys (ConfUtils.java:logGet(43)) - raft.server.log.use.memory = false (default)
2019-09-26 13:31:29,319 [pool-147-thread-1] INFO  server.RaftServerConfigKeys (ConfUtils.java:logGet(43)) - raft.server.log.purge.gap = 1000000 (custom)
2019-09-26 13:31:29,319 [pool-147-thread-1] INFO  server.RaftServerConfigKeys (ConfUtils.java:logGet(43)) - raft.server.log.appender.buffer.byte-limit = 33554432 (custom)
2019-09-26 13:31:29,319 [pool-147-thread-1] INFO  server.RaftServerConfigKeys (ConfUtils.java:logGet(43)) - raft.server.log.segment.size.max = 1048576 (custom)
2019-09-26 13:31:29,319 [pool-147-thread-1] INFO  server.RaftServerConfigKeys (ConfUtils.java:logGet(43)) - raft.server.log.segment.cache.num.max = 2 (custom)
2019-09-26 13:31:29,320 [pool-147-thread-1] INFO  segmented.SegmentedRaftLogWorker (SegmentedRaftLogWorker.java:<init>(172)) - new 7cb6d186-caac-4cd2-8aac-d2a4e4b631e6@group-0F5A2A1686C0-SegmentedRaftLogWorker for RaftStorage:Storage Directory /workdir/hadoop-ozone/ozonefs/target/test-dir/MiniOzoneClusterImpl-58f1b142-a36f-4a38-b91d-584a62105ea7/datanode-2/data/ratis/a6bc1e6a-593e-4d6b-87db-0f5a2a1686c0
2019-09-26 13:31:29,322 [pool-147-thread-1] INFO  server.RaftServerConfigKeys (ConfUtils.java:logGet(43)) - raft.server.log.queue.byte-limit = 2147483647 (custom)
2019-09-26 13:31:29,322 [pool-147-thread-1] INFO  server.RaftServerConfigKeys (ConfUtils.java:logGet(43)) - raft.server.log.queue.element-limit = 1024 (custom)
2019-09-26 13:31:29,323 [pool-147-thread-1] INFO  server.RaftServerConfigKeys (ConfUtils.java:logGet(43)) - raft.server.log.segment.size.max = 1048576 (custom)
2019-09-26 13:31:29,323 [pool-147-thread-1] INFO  server.RaftServerConfigKeys (ConfUtils.java:logGet(43)) - raft.server.log.preallocated.size = 16384 (custom)
2019-09-26 13:31:29,323 [pool-147-thread-1] INFO  server.RaftServerConfigKeys (ConfUtils.java:logGet(43)) - raft.server.log.write.buffer.size = 33554432 (custom)
2019-09-26 13:31:29,323 [pool-147-thread-1] INFO  server.RaftServerConfigKeys (ConfUtils.java:logGet(43)) - raft.server.log.force.sync.num = 128 (default)
2019-09-26 13:31:29,323 [pool-147-thread-1] INFO  server.RaftServerConfigKeys (ConfUtils.java:logGet(43)) - raft.server.log.statemachine.data.sync = true (default)
2019-09-26 13:31:29,324 [pool-147-thread-1] INFO  server.RaftServerConfigKeys (ConfUtils.java:logGet(43)) - raft.server.log.statemachine.data.sync.timeout = 10s (default)
2019-09-26 13:31:29,324 [pool-147-thread-1] INFO  server.RaftServerConfigKeys (ConfUtils.java:logGet(43)) - raft.server.log.statemachine.data.sync.timeout.retry = -1 (default)
2019-09-26 13:31:29,324 [pool-147-thread-1] INFO  server.RaftServerConfigKeys (ConfUtils.java:logGet(43)) - raft.server.log.statemachine.data.caching.enabled = true (custom)
2019-09-26 13:31:29,325 [pool-147-thread-1] INFO  segmented.SegmentedRaftLogWorker (SegmentedRaftLogWorker.java:lambda$new$0(132)) - 7cb6d186-caac-4cd2-8aac-d2a4e4b631e6@group-0F5A2A1686C0-SegmentedRaftLogWorker: flushIndex: setUnconditionally 0 -> -1
2019-09-26 13:31:29,325 [pool-147-thread-1] INFO  server.RaftServerConfigKeys (ConfUtils.java:logGet(43)) - raft.server.snapshot.auto.trigger.enabled = true (custom)
2019-09-26 13:31:29,325 [pool-147-thread-1] INFO  server.RaftServerConfigKeys (ConfUtils.java:logGet(43)) - raft.server.snapshot.auto.trigger.threshold = 10000 (custom)
2019-09-26 13:31:29,326 [pool-147-thread-1] INFO  server.RaftServerConfigKeys (ConfUtils.java:logGet(43)) - raft.server.snapshot.retention.num.files = 5 (custom)
2019-09-26 13:31:29,326 [pool-147-thread-1] INFO  server.RaftServerConfigKeys (ConfUtils.java:logGet(43)) - raft.server.retrycache.expirytime = 600000ms (custom)
2019-09-26 13:31:29,328 [pool-147-thread-1] INFO  impl.RaftServerImpl (RaftServerImpl.java:start(185)) - 7cb6d186-caac-4cd2-8aac-d2a4e4b631e6@group-0F5A2A1686C0: start as a follower, conf=-1: [7cb6d186-caac-4cd2-8aac-d2a4e4b631e6:192.168.164.238:40363], old=null
2019-09-26 13:31:29,328 [pool-147-thread-1] INFO  impl.RaftServerImpl (RaftServerImpl.java:setRole(174)) - 7cb6d186-caac-4cd2-8aac-d2a4e4b631e6@group-0F5A2A1686C0: changes role from      null to FOLLOWER at term 0 for startAsFollower
2019-09-26 13:31:29,328 [pool-147-thread-1] INFO  impl.RoleInfo (RoleInfo.java:updateAndGet(143)) - 7cb6d186-caac-4cd2-8aac-d2a4e4b631e6: start FollowerState
2019-09-26 13:31:29,329 [pool-147-thread-1] INFO  util.JmxRegister (JmxRegister.java:tryRegister(44)) - Successfully registered JMX Bean with object name Ratis:service=RaftServer,group=group-0F5A2A1686C0,id=7cb6d186-caac-4cd2-8aac-d2a4e4b631e6
2019-09-26 13:31:29,332 [RatisPipelineUtilsThread] INFO  pipeline.PipelineStateManager (PipelineStateManager.java:addPipeline(56)) - Created pipeline Pipeline[ Id: a6bc1e6a-593e-4d6b-87db-0f5a2a1686c0, Nodes: 7cb6d186-caac-4cd2-8aac-d2a4e4b631e6{ip: 192.168.164.238, host: pr-hdds-1569-87zkn-1081879488, networkLocation: /default-rack, certSerialId: null}, Type:RATIS, Factor:ONE, State:OPEN]
2019-09-26 13:31:29,332 [RatisPipelineUtilsThread] INFO  pipeline.PipelinePlacementPolicy (PipelinePlacementPolicy.java:meetCriteria(91)) - Pipeline Placement: can't place more pipeline on heavy datanode： 0b05557d-aaca-4439-b58f-16bf68049744 Heaviness: 6 limit: 5
2019-09-26 13:31:29,332 [RatisPipelineUtilsThread] INFO  pipeline.PipelinePlacementPolicy (PipelinePlacementPolicy.java:meetCriteria(91)) - Pipeline Placement: can't place more pipeline on heavy datanode： 08f0d413-ba2e-4bd8-9fb4-d48dc0f7c1d6 Heaviness: 6 limit: 5
2019-09-26 13:31:29,338 [grpc-default-executor-0] INFO  impl.RaftServerProxy (RaftServerProxy.java:addNew(89)) - 7cb6d186-caac-4cd2-8aac-d2a4e4b631e6: addNew group-735EA62CB490:[7cb6d186-caac-4cd2-8aac-d2a4e4b631e6:192.168.164.238:40363] returns group-735EA62CB490:java.util.concurrent.CompletableFuture@5531fc48[Not completed]
2019-09-26 13:31:29,339 [pool-147-thread-1] INFO  impl.RaftServerImpl (RaftServerImpl.java:<init>(95)) - 7cb6d186-caac-4cd2-8aac-d2a4e4b631e6: new RaftServerImpl for group-735EA62CB490:[7cb6d186-caac-4cd2-8aac-d2a4e4b631e6:192.168.164.238:40363] with ContainerStateMachine:uninitialized
2019-09-26 13:31:29,339 [pool-147-thread-1] INFO  server.RaftServerConfigKeys (ConfUtils.java:logGet(43)) - raft.server.rpc.timeout.min = 5s (custom)
2019-09-26 13:31:29,340 [pool-147-thread-1] INFO  server.RaftServerConfigKeys (ConfUtils.java:logGet(43)) - raft.server.rpc.timeout.max = 5200ms (custom)
2019-09-26 13:31:29,340 [pool-147-thread-1] INFO  server.RaftServerConfigKeys (ConfUtils.java:logGet(43)) - raft.server.rpcslowness.timeout = 120s (custom)
2019-09-26 13:31:29,340 [pool-147-thread-1] INFO  server.RaftServerConfigKeys (ConfUtils.java:logGet(43)) - raft.server.sleep.deviation.threshold = 300 (default)
2019-09-26 13:31:29,340 [pool-147-thread-1] INFO  server.RaftServerConfigKeys (ConfUtils.java:logGet(43)) - raft.server.log.appender.install.snapshot.enabled = false (custom)
2019-09-26 13:31:29,340 [pool-147-thread-1] INFO  impl.RaftServerImpl (ServerState.java:<init>(103)) - 7cb6d186-caac-4cd2-8aac-d2a4e4b631e6@group-735EA62CB490: ConfigurationManager, init=-1: [7cb6d186-caac-4cd2-8aac-d2a4e4b631e6:192.168.164.238:40363], old=null, confs=<EMPTY_MAP>
2019-09-26 13:31:29,340 [pool-147-thread-1] INFO  server.RaftServerConfigKeys (ConfUtils.java:logGet(43)) - raft.server.storage.dir = [/workdir/hadoop-ozone/ozonefs/target/test-dir/MiniOzoneClusterImpl-58f1b142-a36f-4a38-b91d-584a62105ea7/datanode-2/data/ratis] (custom)
2019-09-26 13:31:29,341 [pool-147-thread-1] INFO  storage.RaftStorageDirectory (RaftStorageDirectory.java:analyzeStorage(246)) - The storage directory /workdir/hadoop-ozone/ozonefs/target/test-dir/MiniOzoneClusterImpl-58f1b142-a36f-4a38-b91d-584a62105ea7/datanode-2/data/ratis/aa5dd629-435f-4c82-b9ff-735ea62cb490 does not exist. Creating ...
2019-09-26 13:31:29,349 [pool-147-thread-1] INFO  storage.RaftStorageDirectory (RaftStorageDirectory.java:tryLock(328)) - Lock on /workdir/hadoop-ozone/ozonefs/target/test-dir/MiniOzoneClusterImpl-58f1b142-a36f-4a38-b91d-584a62105ea7/datanode-2/data/ratis/aa5dd629-435f-4c82-b9ff-735ea62cb490/in_use.lock acquired by nodename 10147@pr-hdds-1569-87zkn-1081879488
2019-09-26 13:31:29,363 [pool-147-thread-1] INFO  storage.RaftStorage (RaftStorage.java:format(72)) - Storage directory /workdir/hadoop-ozone/ozonefs/target/test-dir/MiniOzoneClusterImpl-58f1b142-a36f-4a38-b91d-584a62105ea7/datanode-2/data/ratis/aa5dd629-435f-4c82-b9ff-735ea62cb490 has been successfully formatted.
2019-09-26 13:31:29,364 [pool-147-thread-1] INFO  ratis.ContainerStateMachine (ContainerStateMachine.java:loadSnapshot(230)) - group-735EA62CB490: The snapshot info is null. Setting the last applied indexto:(t:0, i:~)
2019-09-26 13:31:29,364 [pool-147-thread-1] INFO  server.RaftServerConfigKeys (ConfUtils.java:logGet(43)) - raft.server.notification.no-leader.timeout = 120s (custom)
2019-09-26 13:31:29,364 [pool-147-thread-1] INFO  server.RaftServerConfigKeys (ConfUtils.java:logGet(43)) - raft.server.log.use.memory = false (default)
2019-09-26 13:31:29,364 [pool-147-thread-1] INFO  server.RaftServerConfigKeys (ConfUtils.java:logGet(43)) - raft.server.log.purge.gap = 1000000 (custom)
2019-09-26 13:31:29,364 [pool-147-thread-1] INFO  server.RaftServerConfigKeys (ConfUtils.java:logGet(43)) - raft.server.log.appender.buffer.byte-limit = 33554432 (custom)
2019-09-26 13:31:29,364 [pool-147-thread-1] INFO  server.RaftServerConfigKeys (ConfUtils.java:logGet(43)) - raft.server.log.segment.size.max = 1048576 (custom)
2019-09-26 13:31:29,365 [pool-147-thread-1] INFO  server.RaftServerConfigKeys (ConfUtils.java:logGet(43)) - raft.server.log.segment.cache.num.max = 2 (custom)
2019-09-26 13:31:29,365 [pool-147-thread-1] INFO  segmented.SegmentedRaftLogWorker (SegmentedRaftLogWorker.java:<init>(172)) - new 7cb6d186-caac-4cd2-8aac-d2a4e4b631e6@group-735EA62CB490-SegmentedRaftLogWorker for RaftStorage:Storage Directory /workdir/hadoop-ozone/ozonefs/target/test-dir/MiniOzoneClusterImpl-58f1b142-a36f-4a38-b91d-584a62105ea7/datanode-2/data/ratis/aa5dd629-435f-4c82-b9ff-735ea62cb490
2019-09-26 13:31:29,365 [pool-147-thread-1] INFO  server.RaftServerConfigKeys (ConfUtils.java:logGet(43)) - raft.server.log.queue.byte-limit = 2147483647 (custom)
2019-09-26 13:31:29,365 [pool-147-thread-1] INFO  server.RaftServerConfigKeys (ConfUtils.java:logGet(43)) - raft.server.log.queue.element-limit = 1024 (custom)
2019-09-26 13:31:29,365 [pool-147-thread-1] INFO  server.RaftServerConfigKeys (ConfUtils.java:logGet(43)) - raft.server.log.segment.size.max = 1048576 (custom)
2019-09-26 13:31:29,365 [pool-147-thread-1] INFO  server.RaftServerConfigKeys (ConfUtils.java:logGet(43)) - raft.server.log.preallocated.size = 16384 (custom)
2019-09-26 13:31:29,365 [pool-147-thread-1] INFO  server.RaftServerConfigKeys (ConfUtils.java:logGet(43)) - raft.server.log.write.buffer.size = 33554432 (custom)
2019-09-26 13:31:29,365 [pool-147-thread-1] INFO  server.RaftServerConfigKeys (ConfUtils.java:logGet(43)) - raft.server.log.force.sync.num = 128 (default)
2019-09-26 13:31:29,366 [pool-147-thread-1] INFO  server.RaftServerConfigKeys (ConfUtils.java:logGet(43)) - raft.server.log.statemachine.data.sync = true (default)
2019-09-26 13:31:29,366 [pool-147-thread-1] INFO  server.RaftServerConfigKeys (ConfUtils.java:logGet(43)) - raft.server.log.statemachine.data.sync.timeout = 10s (default)
2019-09-26 13:31:29,366 [pool-147-thread-1] INFO  server.RaftServerConfigKeys (ConfUtils.java:logGet(43)) - raft.server.log.statemachine.data.sync.timeout.retry = -1 (default)
2019-09-26 13:31:29,366 [pool-147-thread-1] INFO  server.RaftServerConfigKeys (ConfUtils.java:logGet(43)) - raft.server.log.statemachine.data.caching.enabled = true (custom)
2019-09-26 13:31:29,366 [pool-147-thread-1] INFO  segmented.SegmentedRaftLogWorker (SegmentedRaftLogWorker.java:lambda$new$0(132)) - 7cb6d186-caac-4cd2-8aac-d2a4e4b631e6@group-735EA62CB490-SegmentedRaftLogWorker: flushIndex: setUnconditionally 0 -> -1
2019-09-26 13:31:29,367 [pool-147-thread-1] INFO  server.RaftServerConfigKeys (ConfUtils.java:logGet(43)) - raft.server.snapshot.auto.trigger.enabled = true (custom)
2019-09-26 13:31:29,367 [pool-147-thread-1] INFO  server.RaftServerConfigKeys (ConfUtils.java:logGet(43)) - raft.server.snapshot.auto.trigger.threshold = 10000 (custom)
2019-09-26 13:31:29,367 [pool-147-thread-1] INFO  server.RaftServerConfigKeys (ConfUtils.java:logGet(43)) - raft.server.snapshot.retention.num.files = 5 (custom)
2019-09-26 13:31:29,367 [pool-147-thread-1] INFO  server.RaftServerConfigKeys (ConfUtils.java:logGet(43)) - raft.server.retrycache.expirytime = 600000ms (custom)
2019-09-26 13:31:29,369 [pool-147-thread-1] INFO  impl.RaftServerImpl (RaftServerImpl.java:start(185)) - 7cb6d186-caac-4cd2-8aac-d2a4e4b631e6@group-735EA62CB490: start as a follower, conf=-1: [7cb6d186-caac-4cd2-8aac-d2a4e4b631e6:192.168.164.238:40363], old=null
2019-09-26 13:31:29,369 [pool-147-thread-1] INFO  impl.RaftServerImpl (RaftServerImpl.java:setRole(174)) - 7cb6d186-caac-4cd2-8aac-d2a4e4b631e6@group-735EA62CB490: changes role from      null to FOLLOWER at term 0 for startAsFollower
2019-09-26 13:31:29,369 [pool-147-thread-1] INFO  impl.RoleInfo (RoleInfo.java:updateAndGet(143)) - 7cb6d186-caac-4cd2-8aac-d2a4e4b631e6: start FollowerState
2019-09-26 13:31:29,369 [pool-147-thread-1] INFO  util.JmxRegister (JmxRegister.java:tryRegister(44)) - Successfully registered JMX Bean with object name Ratis:service=RaftServer,group=group-735EA62CB490,id=7cb6d186-caac-4cd2-8aac-d2a4e4b631e6
2019-09-26 13:31:29,373 [RatisPipelineUtilsThread] INFO  pipeline.PipelineStateManager (PipelineStateManager.java:addPipeline(56)) - Created pipeline Pipeline[ Id: aa5dd629-435f-4c82-b9ff-735ea62cb490, Nodes: 7cb6d186-caac-4cd2-8aac-d2a4e4b631e6{ip: 192.168.164.238, host: pr-hdds-1569-87zkn-1081879488, networkLocation: /default-rack, certSerialId: null}, Type:RATIS, Factor:ONE, State:OPEN]
2019-09-26 13:31:29,373 [RatisPipelineUtilsThread] INFO  pipeline.PipelinePlacementPolicy (PipelinePlacementPolicy.java:meetCriteria(91)) - Pipeline Placement: can't place more pipeline on heavy datanode： 0b05557d-aaca-4439-b58f-16bf68049744 Heaviness: 6 limit: 5
2019-09-26 13:31:29,373 [RatisPipelineUtilsThread] INFO  pipeline.PipelinePlacementPolicy (PipelinePlacementPolicy.java:meetCriteria(91)) - Pipeline Placement: can't place more pipeline on heavy datanode： 08f0d413-ba2e-4bd8-9fb4-d48dc0f7c1d6 Heaviness: 6 limit: 5
2019-09-26 13:31:29,378 [grpc-default-executor-0] INFO  impl.RaftServerProxy (RaftServerProxy.java:addNew(89)) - 7cb6d186-caac-4cd2-8aac-d2a4e4b631e6: addNew group-5A1B5ECB213C:[7cb6d186-caac-4cd2-8aac-d2a4e4b631e6:192.168.164.238:40363] returns group-5A1B5ECB213C:java.util.concurrent.CompletableFuture@3cc29357[Not completed]
2019-09-26 13:31:29,379 [pool-147-thread-1] INFO  impl.RaftServerImpl (RaftServerImpl.java:<init>(95)) - 7cb6d186-caac-4cd2-8aac-d2a4e4b631e6: new RaftServerImpl for group-5A1B5ECB213C:[7cb6d186-caac-4cd2-8aac-d2a4e4b631e6:192.168.164.238:40363] with ContainerStateMachine:uninitialized
2019-09-26 13:31:29,379 [pool-147-thread-1] INFO  server.RaftServerConfigKeys (ConfUtils.java:logGet(43)) - raft.server.rpc.timeout.min = 5s (custom)
2019-09-26 13:31:29,379 [pool-147-thread-1] INFO  server.RaftServerConfigKeys (ConfUtils.java:logGet(43)) - raft.server.rpc.timeout.max = 5200ms (custom)
2019-09-26 13:31:29,380 [pool-147-thread-1] INFO  server.RaftServerConfigKeys (ConfUtils.java:logGet(43)) - raft.server.rpcslowness.timeout = 120s (custom)
2019-09-26 13:31:29,380 [pool-147-thread-1] INFO  server.RaftServerConfigKeys (ConfUtils.java:logGet(43)) - raft.server.sleep.deviation.threshold = 300 (default)
2019-09-26 13:31:29,380 [pool-147-thread-1] INFO  server.RaftServerConfigKeys (ConfUtils.java:logGet(43)) - raft.server.log.appender.install.snapshot.enabled = false (custom)
2019-09-26 13:31:29,380 [pool-147-thread-1] INFO  impl.RaftServerImpl (ServerState.java:<init>(103)) - 7cb6d186-caac-4cd2-8aac-d2a4e4b631e6@group-5A1B5ECB213C: ConfigurationManager, init=-1: [7cb6d186-caac-4cd2-8aac-d2a4e4b631e6:192.168.164.238:40363], old=null, confs=<EMPTY_MAP>
2019-09-26 13:31:29,380 [pool-147-thread-1] INFO  server.RaftServerConfigKeys (ConfUtils.java:logGet(43)) - raft.server.storage.dir = [/workdir/hadoop-ozone/ozonefs/target/test-dir/MiniOzoneClusterImpl-58f1b142-a36f-4a38-b91d-584a62105ea7/datanode-2/data/ratis] (custom)
2019-09-26 13:31:29,380 [pool-147-thread-1] INFO  storage.RaftStorageDirectory (RaftStorageDirectory.java:analyzeStorage(246)) - The storage directory /workdir/hadoop-ozone/ozonefs/target/test-dir/MiniOzoneClusterImpl-58f1b142-a36f-4a38-b91d-584a62105ea7/datanode-2/data/ratis/508cbea9-bc24-4f6b-bf29-5a1b5ecb213c does not exist. Creating ...
2019-09-26 13:31:29,392 [pool-147-thread-1] INFO  storage.RaftStorageDirectory (RaftStorageDirectory.java:tryLock(328)) - Lock on /workdir/hadoop-ozone/ozonefs/target/test-dir/MiniOzoneClusterImpl-58f1b142-a36f-4a38-b91d-584a62105ea7/datanode-2/data/ratis/508cbea9-bc24-4f6b-bf29-5a1b5ecb213c/in_use.lock acquired by nodename 10147@pr-hdds-1569-87zkn-1081879488
2019-09-26 13:31:29,407 [pool-147-thread-1] INFO  storage.RaftStorage (RaftStorage.java:format(72)) - Storage directory /workdir/hadoop-ozone/ozonefs/target/test-dir/MiniOzoneClusterImpl-58f1b142-a36f-4a38-b91d-584a62105ea7/datanode-2/data/ratis/508cbea9-bc24-4f6b-bf29-5a1b5ecb213c has been successfully formatted.
2019-09-26 13:31:29,407 [pool-147-thread-1] INFO  ratis.ContainerStateMachine (ContainerStateMachine.java:loadSnapshot(230)) - group-5A1B5ECB213C: The snapshot info is null. Setting the last applied indexto:(t:0, i:~)
2019-09-26 13:31:29,407 [pool-147-thread-1] INFO  server.RaftServerConfigKeys (ConfUtils.java:logGet(43)) - raft.server.notification.no-leader.timeout = 120s (custom)
2019-09-26 13:31:29,407 [pool-147-thread-1] INFO  server.RaftServerConfigKeys (ConfUtils.java:logGet(43)) - raft.server.log.use.memory = false (default)
2019-09-26 13:31:29,407 [pool-147-thread-1] INFO  server.RaftServerConfigKeys (ConfUtils.java:logGet(43)) - raft.server.log.purge.gap = 1000000 (custom)
2019-09-26 13:31:29,407 [pool-147-thread-1] INFO  server.RaftServerConfigKeys (ConfUtils.java:logGet(43)) - raft.server.log.appender.buffer.byte-limit = 33554432 (custom)
2019-09-26 13:31:29,408 [pool-147-thread-1] INFO  server.RaftServerConfigKeys (ConfUtils.java:logGet(43)) - raft.server.log.segment.size.max = 1048576 (custom)
2019-09-26 13:31:29,408 [pool-147-thread-1] INFO  server.RaftServerConfigKeys (ConfUtils.java:logGet(43)) - raft.server.log.segment.cache.num.max = 2 (custom)
2019-09-26 13:31:29,408 [pool-147-thread-1] INFO  segmented.SegmentedRaftLogWorker (SegmentedRaftLogWorker.java:<init>(172)) - new 7cb6d186-caac-4cd2-8aac-d2a4e4b631e6@group-5A1B5ECB213C-SegmentedRaftLogWorker for RaftStorage:Storage Directory /workdir/hadoop-ozone/ozonefs/target/test-dir/MiniOzoneClusterImpl-58f1b142-a36f-4a38-b91d-584a62105ea7/datanode-2/data/ratis/508cbea9-bc24-4f6b-bf29-5a1b5ecb213c
2019-09-26 13:31:29,408 [pool-147-thread-1] INFO  server.RaftServerConfigKeys (ConfUtils.java:logGet(43)) - raft.server.log.queue.byte-limit = 2147483647 (custom)
2019-09-26 13:31:29,408 [pool-147-thread-1] INFO  server.RaftServerConfigKeys (ConfUtils.java:logGet(43)) - raft.server.log.queue.element-limit = 1024 (custom)
2019-09-26 13:31:29,408 [pool-147-thread-1] INFO  server.RaftServerConfigKeys (ConfUtils.java:logGet(43)) - raft.server.log.segment.size.max = 1048576 (custom)
2019-09-26 13:31:29,408 [pool-147-thread-1] INFO  server.RaftServerConfigKeys (ConfUtils.java:logGet(43)) - raft.server.log.preallocated.size = 16384 (custom)
2019-09-26 13:31:29,408 [pool-147-thread-1] INFO  server.RaftServerConfigKeys (ConfUtils.java:logGet(43)) - raft.server.log.write.buffer.size = 33554432 (custom)
2019-09-26 13:31:29,409 [pool-147-thread-1] INFO  server.RaftServerConfigKeys (ConfUtils.java:logGet(43)) - raft.server.log.force.sync.num = 128 (default)
2019-09-26 13:31:29,409 [pool-147-thread-1] INFO  server.RaftServerConfigKeys (ConfUtils.java:logGet(43)) - raft.server.log.statemachine.data.sync = true (default)
2019-09-26 13:31:29,409 [pool-147-thread-1] INFO  server.RaftServerConfigKeys (ConfUtils.java:logGet(43)) - raft.server.log.statemachine.data.sync.timeout = 10s (default)
2019-09-26 13:31:29,409 [pool-147-thread-1] INFO  server.RaftServerConfigKeys (ConfUtils.java:logGet(43)) - raft.server.log.statemachine.data.sync.timeout.retry = -1 (default)
2019-09-26 13:31:29,409 [pool-147-thread-1] INFO  server.RaftServerConfigKeys (ConfUtils.java:logGet(43)) - raft.server.log.statemachine.data.caching.enabled = true (custom)
2019-09-26 13:31:29,409 [pool-147-thread-1] INFO  segmented.SegmentedRaftLogWorker (SegmentedRaftLogWorker.java:lambda$new$0(132)) - 7cb6d186-caac-4cd2-8aac-d2a4e4b631e6@group-5A1B5ECB213C-SegmentedRaftLogWorker: flushIndex: setUnconditionally 0 -> -1
2019-09-26 13:31:29,410 [pool-147-thread-1] INFO  server.RaftServerConfigKeys (ConfUtils.java:logGet(43)) - raft.server.snapshot.auto.trigger.enabled = true (custom)
2019-09-26 13:31:29,410 [pool-147-thread-1] INFO  server.RaftServerConfigKeys (ConfUtils.java:logGet(43)) - raft.server.snapshot.auto.trigger.threshold = 10000 (custom)
2019-09-26 13:31:29,410 [pool-147-thread-1] INFO  server.RaftServerConfigKeys (ConfUtils.java:logGet(43)) - raft.server.snapshot.retention.num.files = 5 (custom)
2019-09-26 13:31:29,410 [pool-147-thread-1] INFO  server.RaftServerConfigKeys (ConfUtils.java:logGet(43)) - raft.server.retrycache.expirytime = 600000ms (custom)
2019-09-26 13:31:29,412 [pool-147-thread-1] INFO  impl.RaftServerImpl (RaftServerImpl.java:start(185)) - 7cb6d186-caac-4cd2-8aac-d2a4e4b631e6@group-5A1B5ECB213C: start as a follower, conf=-1: [7cb6d186-caac-4cd2-8aac-d2a4e4b631e6:192.168.164.238:40363], old=null
2019-09-26 13:31:29,412 [pool-147-thread-1] INFO  impl.RaftServerImpl (RaftServerImpl.java:setRole(174)) - 7cb6d186-caac-4cd2-8aac-d2a4e4b631e6@group-5A1B5ECB213C: changes role from      null to FOLLOWER at term 0 for startAsFollower
2019-09-26 13:31:29,412 [pool-147-thread-1] INFO  impl.RoleInfo (RoleInfo.java:updateAndGet(143)) - 7cb6d186-caac-4cd2-8aac-d2a4e4b631e6: start FollowerState
2019-09-26 13:31:29,413 [pool-147-thread-1] INFO  util.JmxRegister (JmxRegister.java:tryRegister(44)) - Successfully registered JMX Bean with object name Ratis:service=RaftServer,group=group-5A1B5ECB213C,id=7cb6d186-caac-4cd2-8aac-d2a4e4b631e6
2019-09-26 13:31:29,416 [RatisPipelineUtilsThread] INFO  pipeline.PipelineStateManager (PipelineStateManager.java:addPipeline(56)) - Created pipeline Pipeline[ Id: 508cbea9-bc24-4f6b-bf29-5a1b5ecb213c, Nodes: 7cb6d186-caac-4cd2-8aac-d2a4e4b631e6{ip: 192.168.164.238, host: pr-hdds-1569-87zkn-1081879488, networkLocation: /default-rack, certSerialId: null}, Type:RATIS, Factor:ONE, State:OPEN]
2019-09-26 13:31:29,416 [RatisPipelineUtilsThread] INFO  pipeline.PipelinePlacementPolicy (PipelinePlacementPolicy.java:meetCriteria(91)) - Pipeline Placement: can't place more pipeline on heavy datanode： 0b05557d-aaca-4439-b58f-16bf68049744 Heaviness: 6 limit: 5
2019-09-26 13:31:29,416 [RatisPipelineUtilsThread] INFO  pipeline.PipelinePlacementPolicy (PipelinePlacementPolicy.java:meetCriteria(91)) - Pipeline Placement: can't place more pipeline on heavy datanode： 08f0d413-ba2e-4bd8-9fb4-d48dc0f7c1d6 Heaviness: 6 limit: 5
2019-09-26 13:31:29,421 [grpc-default-executor-0] INFO  impl.RaftServerProxy (RaftServerProxy.java:addNew(89)) - 7cb6d186-caac-4cd2-8aac-d2a4e4b631e6: addNew group-5ABD18F9AE2A:[7cb6d186-caac-4cd2-8aac-d2a4e4b631e6:192.168.164.238:40363] returns group-5ABD18F9AE2A:java.util.concurrent.CompletableFuture@2297ac7b[Not completed]
2019-09-26 13:31:29,422 [pool-147-thread-1] INFO  impl.RaftServerImpl (RaftServerImpl.java:<init>(95)) - 7cb6d186-caac-4cd2-8aac-d2a4e4b631e6: new RaftServerImpl for group-5ABD18F9AE2A:[7cb6d186-caac-4cd2-8aac-d2a4e4b631e6:192.168.164.238:40363] with ContainerStateMachine:uninitialized
2019-09-26 13:31:29,422 [pool-147-thread-1] INFO  server.RaftServerConfigKeys (ConfUtils.java:logGet(43)) - raft.server.rpc.timeout.min = 5s (custom)
2019-09-26 13:31:29,422 [pool-147-thread-1] INFO  server.RaftServerConfigKeys (ConfUtils.java:logGet(43)) - raft.server.rpc.timeout.max = 5200ms (custom)
2019-09-26 13:31:29,423 [pool-147-thread-1] INFO  server.RaftServerConfigKeys (ConfUtils.java:logGet(43)) - raft.server.rpcslowness.timeout = 120s (custom)
2019-09-26 13:31:29,423 [pool-147-thread-1] INFO  server.RaftServerConfigKeys (ConfUtils.java:logGet(43)) - raft.server.sleep.deviation.threshold = 300 (default)
2019-09-26 13:31:29,423 [pool-147-thread-1] INFO  server.RaftServerConfigKeys (ConfUtils.java:logGet(43)) - raft.server.log.appender.install.snapshot.enabled = false (custom)
2019-09-26 13:31:29,423 [pool-147-thread-1] INFO  impl.RaftServerImpl (ServerState.java:<init>(103)) - 7cb6d186-caac-4cd2-8aac-d2a4e4b631e6@group-5ABD18F9AE2A: ConfigurationManager, init=-1: [7cb6d186-caac-4cd2-8aac-d2a4e4b631e6:192.168.164.238:40363], old=null, confs=<EMPTY_MAP>
2019-09-26 13:31:29,423 [pool-147-thread-1] INFO  server.RaftServerConfigKeys (ConfUtils.java:logGet(43)) - raft.server.storage.dir = [/workdir/hadoop-ozone/ozonefs/target/test-dir/MiniOzoneClusterImpl-58f1b142-a36f-4a38-b91d-584a62105ea7/datanode-2/data/ratis] (custom)
2019-09-26 13:31:29,423 [pool-147-thread-1] INFO  storage.RaftStorageDirectory (RaftStorageDirectory.java:analyzeStorage(246)) - The storage directory /workdir/hadoop-ozone/ozonefs/target/test-dir/MiniOzoneClusterImpl-58f1b142-a36f-4a38-b91d-584a62105ea7/datanode-2/data/ratis/4d394bd8-1a16-44c2-a0d0-5abd18f9ae2a does not exist. Creating ...
2019-09-26 13:31:29,435 [pool-147-thread-1] INFO  storage.RaftStorageDirectory (RaftStorageDirectory.java:tryLock(328)) - Lock on /workdir/hadoop-ozone/ozonefs/target/test-dir/MiniOzoneClusterImpl-58f1b142-a36f-4a38-b91d-584a62105ea7/datanode-2/data/ratis/4d394bd8-1a16-44c2-a0d0-5abd18f9ae2a/in_use.lock acquired by nodename 10147@pr-hdds-1569-87zkn-1081879488
2019-09-26 13:31:29,449 [pool-147-thread-1] INFO  storage.RaftStorage (RaftStorage.java:format(72)) - Storage directory /workdir/hadoop-ozone/ozonefs/target/test-dir/MiniOzoneClusterImpl-58f1b142-a36f-4a38-b91d-584a62105ea7/datanode-2/data/ratis/4d394bd8-1a16-44c2-a0d0-5abd18f9ae2a has been successfully formatted.
2019-09-26 13:31:29,450 [pool-147-thread-1] INFO  ratis.ContainerStateMachine (ContainerStateMachine.java:loadSnapshot(230)) - group-5ABD18F9AE2A: The snapshot info is null. Setting the last applied indexto:(t:0, i:~)
2019-09-26 13:31:29,450 [pool-147-thread-1] INFO  server.RaftServerConfigKeys (ConfUtils.java:logGet(43)) - raft.server.notification.no-leader.timeout = 120s (custom)
2019-09-26 13:31:29,450 [pool-147-thread-1] INFO  server.RaftServerConfigKeys (ConfUtils.java:logGet(43)) - raft.server.log.use.memory = false (default)
2019-09-26 13:31:29,450 [pool-147-thread-1] INFO  server.RaftServerConfigKeys (ConfUtils.java:logGet(43)) - raft.server.log.purge.gap = 1000000 (custom)
2019-09-26 13:31:29,450 [pool-147-thread-1] INFO  server.RaftServerConfigKeys (ConfUtils.java:logGet(43)) - raft.server.log.appender.buffer.byte-limit = 33554432 (custom)
2019-09-26 13:31:29,450 [pool-147-thread-1] INFO  server.RaftServerConfigKeys (ConfUtils.java:logGet(43)) - raft.server.log.segment.size.max = 1048576 (custom)
2019-09-26 13:31:29,450 [pool-147-thread-1] INFO  server.RaftServerConfigKeys (ConfUtils.java:logGet(43)) - raft.server.log.segment.cache.num.max = 2 (custom)
2019-09-26 13:31:29,450 [pool-147-thread-1] INFO  segmented.SegmentedRaftLogWorker (SegmentedRaftLogWorker.java:<init>(172)) - new 7cb6d186-caac-4cd2-8aac-d2a4e4b631e6@group-5ABD18F9AE2A-SegmentedRaftLogWorker for RaftStorage:Storage Directory /workdir/hadoop-ozone/ozonefs/target/test-dir/MiniOzoneClusterImpl-58f1b142-a36f-4a38-b91d-584a62105ea7/datanode-2/data/ratis/4d394bd8-1a16-44c2-a0d0-5abd18f9ae2a
2019-09-26 13:31:29,450 [pool-147-thread-1] INFO  server.RaftServerConfigKeys (ConfUtils.java:logGet(43)) - raft.server.log.queue.byte-limit = 2147483647 (custom)
2019-09-26 13:31:29,450 [pool-147-thread-1] INFO  server.RaftServerConfigKeys (ConfUtils.java:logGet(43)) - raft.server.log.queue.element-limit = 1024 (custom)
2019-09-26 13:31:29,451 [pool-147-thread-1] INFO  server.RaftServerConfigKeys (ConfUtils.java:logGet(43)) - raft.server.log.segment.size.max = 1048576 (custom)
2019-09-26 13:31:29,451 [pool-147-thread-1] INFO  server.RaftServerConfigKeys (ConfUtils.java:logGet(43)) - raft.server.log.preallocated.size = 16384 (custom)
2019-09-26 13:31:29,451 [pool-147-thread-1] INFO  server.RaftServerConfigKeys (ConfUtils.java:logGet(43)) - raft.server.log.write.buffer.size = 33554432 (custom)
2019-09-26 13:31:29,451 [pool-147-thread-1] INFO  server.RaftServerConfigKeys (ConfUtils.java:logGet(43)) - raft.server.log.force.sync.num = 128 (default)
2019-09-26 13:31:29,451 [pool-147-thread-1] INFO  server.RaftServerConfigKeys (ConfUtils.java:logGet(43)) - raft.server.log.statemachine.data.sync = true (default)
2019-09-26 13:31:29,451 [pool-147-thread-1] INFO  server.RaftServerConfigKeys (ConfUtils.java:logGet(43)) - raft.server.log.statemachine.data.sync.timeout = 10s (default)
2019-09-26 13:31:29,451 [pool-147-thread-1] INFO  server.RaftServerConfigKeys (ConfUtils.java:logGet(43)) - raft.server.log.statemachine.data.sync.timeout.retry = -1 (default)
2019-09-26 13:31:29,451 [pool-147-thread-1] INFO  server.RaftServerConfigKeys (ConfUtils.java:logGet(43)) - raft.server.log.statemachine.data.caching.enabled = true (custom)
2019-09-26 13:31:29,451 [pool-147-thread-1] INFO  segmented.SegmentedRaftLogWorker (SegmentedRaftLogWorker.java:lambda$new$0(132)) - 7cb6d186-caac-4cd2-8aac-d2a4e4b631e6@group-5ABD18F9AE2A-SegmentedRaftLogWorker: flushIndex: setUnconditionally 0 -> -1
2019-09-26 13:31:29,452 [pool-147-thread-1] INFO  server.RaftServerConfigKeys (ConfUtils.java:logGet(43)) - raft.server.snapshot.auto.trigger.enabled = true (custom)
2019-09-26 13:31:29,452 [pool-147-thread-1] INFO  server.RaftServerConfigKeys (ConfUtils.java:logGet(43)) - raft.server.snapshot.auto.trigger.threshold = 10000 (custom)
2019-09-26 13:31:29,452 [pool-147-thread-1] INFO  server.RaftServerConfigKeys (ConfUtils.java:logGet(43)) - raft.server.snapshot.retention.num.files = 5 (custom)
2019-09-26 13:31:29,452 [pool-147-thread-1] INFO  server.RaftServerConfigKeys (ConfUtils.java:logGet(43)) - raft.server.retrycache.expirytime = 600000ms (custom)
2019-09-26 13:31:29,453 [pool-147-thread-1] INFO  impl.RaftServerImpl (RaftServerImpl.java:start(185)) - 7cb6d186-caac-4cd2-8aac-d2a4e4b631e6@group-5ABD18F9AE2A: start as a follower, conf=-1: [7cb6d186-caac-4cd2-8aac-d2a4e4b631e6:192.168.164.238:40363], old=null
2019-09-26 13:31:29,454 [pool-147-thread-1] INFO  impl.RaftServerImpl (RaftServerImpl.java:setRole(174)) - 7cb6d186-caac-4cd2-8aac-d2a4e4b631e6@group-5ABD18F9AE2A: changes role from      null to FOLLOWER at term 0 for startAsFollower
2019-09-26 13:31:29,454 [pool-147-thread-1] INFO  impl.RoleInfo (RoleInfo.java:updateAndGet(143)) - 7cb6d186-caac-4cd2-8aac-d2a4e4b631e6: start FollowerState
2019-09-26 13:31:29,454 [pool-147-thread-1] INFO  util.JmxRegister (JmxRegister.java:tryRegister(44)) - Successfully registered JMX Bean with object name Ratis:service=RaftServer,group=group-5ABD18F9AE2A,id=7cb6d186-caac-4cd2-8aac-d2a4e4b631e6
2019-09-26 13:31:29,457 [RatisPipelineUtilsThread] INFO  pipeline.PipelineStateManager (PipelineStateManager.java:addPipeline(56)) - Created pipeline Pipeline[ Id: 4d394bd8-1a16-44c2-a0d0-5abd18f9ae2a, Nodes: 7cb6d186-caac-4cd2-8aac-d2a4e4b631e6{ip: 192.168.164.238, host: pr-hdds-1569-87zkn-1081879488, networkLocation: /default-rack, certSerialId: null}, Type:RATIS, Factor:ONE, State:OPEN]
2019-09-26 13:31:29,457 [RatisPipelineUtilsThread] INFO  pipeline.PipelinePlacementPolicy (PipelinePlacementPolicy.java:meetCriteria(91)) - Pipeline Placement: can't place more pipeline on heavy datanode： 0b05557d-aaca-4439-b58f-16bf68049744 Heaviness: 6 limit: 5
2019-09-26 13:31:29,457 [RatisPipelineUtilsThread] INFO  pipeline.PipelinePlacementPolicy (PipelinePlacementPolicy.java:meetCriteria(91)) - Pipeline Placement: can't place more pipeline on heavy datanode： 08f0d413-ba2e-4bd8-9fb4-d48dc0f7c1d6 Heaviness: 6 limit: 5
2019-09-26 13:31:29,462 [grpc-default-executor-0] INFO  impl.RaftServerProxy (RaftServerProxy.java:addNew(89)) - 7cb6d186-caac-4cd2-8aac-d2a4e4b631e6: addNew group-93FEF23AAC29:[7cb6d186-caac-4cd2-8aac-d2a4e4b631e6:192.168.164.238:40363] returns group-93FEF23AAC29:java.util.concurrent.CompletableFuture@2a6c725f[Not completed]
2019-09-26 13:31:29,462 [pool-147-thread-1] INFO  impl.RaftServerImpl (RaftServerImpl.java:<init>(95)) - 7cb6d186-caac-4cd2-8aac-d2a4e4b631e6: new RaftServerImpl for group-93FEF23AAC29:[7cb6d186-caac-4cd2-8aac-d2a4e4b631e6:192.168.164.238:40363] with ContainerStateMachine:uninitialized
2019-09-26 13:31:29,463 [pool-147-thread-1] INFO  server.RaftServerConfigKeys (ConfUtils.java:logGet(43)) - raft.server.rpc.timeout.min = 5s (custom)
2019-09-26 13:31:29,463 [pool-147-thread-1] INFO  server.RaftServerConfigKeys (ConfUtils.java:logGet(43)) - raft.server.rpc.timeout.max = 5200ms (custom)
2019-09-26 13:31:29,463 [pool-147-thread-1] INFO  server.RaftServerConfigKeys (ConfUtils.java:logGet(43)) - raft.server.rpcslowness.timeout = 120s (custom)
2019-09-26 13:31:29,463 [pool-147-thread-1] INFO  server.RaftServerConfigKeys (ConfUtils.java:logGet(43)) - raft.server.sleep.deviation.threshold = 300 (default)
2019-09-26 13:31:29,463 [pool-147-thread-1] INFO  server.RaftServerConfigKeys (ConfUtils.java:logGet(43)) - raft.server.log.appender.install.snapshot.enabled = false (custom)
2019-09-26 13:31:29,463 [pool-147-thread-1] INFO  impl.RaftServerImpl (ServerState.java:<init>(103)) - 7cb6d186-caac-4cd2-8aac-d2a4e4b631e6@group-93FEF23AAC29: ConfigurationManager, init=-1: [7cb6d186-caac-4cd2-8aac-d2a4e4b631e6:192.168.164.238:40363], old=null, confs=<EMPTY_MAP>
2019-09-26 13:31:29,463 [pool-147-thread-1] INFO  server.RaftServerConfigKeys (ConfUtils.java:logGet(43)) - raft.server.storage.dir = [/workdir/hadoop-ozone/ozonefs/target/test-dir/MiniOzoneClusterImpl-58f1b142-a36f-4a38-b91d-584a62105ea7/datanode-2/data/ratis] (custom)
2019-09-26 13:31:29,463 [pool-147-thread-1] INFO  storage.RaftStorageDirectory (RaftStorageDirectory.java:analyzeStorage(246)) - The storage directory /workdir/hadoop-ozone/ozonefs/target/test-dir/MiniOzoneClusterImpl-58f1b142-a36f-4a38-b91d-584a62105ea7/datanode-2/data/ratis/aad5fbe0-819a-4919-8df0-93fef23aac29 does not exist. Creating ...
2019-09-26 13:31:29,469 [pool-147-thread-1] INFO  storage.RaftStorageDirectory (RaftStorageDirectory.java:tryLock(328)) - Lock on /workdir/hadoop-ozone/ozonefs/target/test-dir/MiniOzoneClusterImpl-58f1b142-a36f-4a38-b91d-584a62105ea7/datanode-2/data/ratis/aad5fbe0-819a-4919-8df0-93fef23aac29/in_use.lock acquired by nodename 10147@pr-hdds-1569-87zkn-1081879488
2019-09-26 13:31:29,473 [pool-147-thread-1] INFO  storage.RaftStorage (RaftStorage.java:format(72)) - Storage directory /workdir/hadoop-ozone/ozonefs/target/test-dir/MiniOzoneClusterImpl-58f1b142-a36f-4a38-b91d-584a62105ea7/datanode-2/data/ratis/aad5fbe0-819a-4919-8df0-93fef23aac29 has been successfully formatted.
2019-09-26 13:31:29,473 [pool-147-thread-1] INFO  ratis.ContainerStateMachine (ContainerStateMachine.java:loadSnapshot(230)) - group-93FEF23AAC29: The snapshot info is null. Setting the last applied indexto:(t:0, i:~)
2019-09-26 13:31:29,473 [pool-147-thread-1] INFO  server.RaftServerConfigKeys (ConfUtils.java:logGet(43)) - raft.server.notification.no-leader.timeout = 120s (custom)
2019-09-26 13:31:29,474 [pool-147-thread-1] INFO  server.RaftServerConfigKeys (ConfUtils.java:logGet(43)) - raft.server.log.use.memory = false (default)
2019-09-26 13:31:29,474 [pool-147-thread-1] INFO  server.RaftServerConfigKeys (ConfUtils.java:logGet(43)) - raft.server.log.purge.gap = 1000000 (custom)
2019-09-26 13:31:29,474 [pool-147-thread-1] INFO  server.RaftServerConfigKeys (ConfUtils.java:logGet(43)) - raft.server.log.appender.buffer.byte-limit = 33554432 (custom)
2019-09-26 13:31:29,474 [pool-147-thread-1] INFO  server.RaftServerConfigKeys (ConfUtils.java:logGet(43)) - raft.server.log.segment.size.max = 1048576 (custom)
2019-09-26 13:31:29,474 [pool-147-thread-1] INFO  server.RaftServerConfigKeys (ConfUtils.java:logGet(43)) - raft.server.log.segment.cache.num.max = 2 (custom)
2019-09-26 13:31:29,474 [pool-147-thread-1] INFO  segmented.SegmentedRaftLogWorker (SegmentedRaftLogWorker.java:<init>(172)) - new 7cb6d186-caac-4cd2-8aac-d2a4e4b631e6@group-93FEF23AAC29-SegmentedRaftLogWorker for RaftStorage:Storage Directory /workdir/hadoop-ozone/ozonefs/target/test-dir/MiniOzoneClusterImpl-58f1b142-a36f-4a38-b91d-584a62105ea7/datanode-2/data/ratis/aad5fbe0-819a-4919-8df0-93fef23aac29
2019-09-26 13:31:29,474 [pool-147-thread-1] INFO  server.RaftServerConfigKeys (ConfUtils.java:logGet(43)) - raft.server.log.queue.byte-limit = 2147483647 (custom)
2019-09-26 13:31:29,475 [pool-147-thread-1] INFO  server.RaftServerConfigKeys (ConfUtils.java:logGet(43)) - raft.server.log.queue.element-limit = 1024 (custom)
2019-09-26 13:31:29,475 [pool-147-thread-1] INFO  server.RaftServerConfigKeys (ConfUtils.java:logGet(43)) - raft.server.log.segment.size.max = 1048576 (custom)
2019-09-26 13:31:29,475 [pool-147-thread-1] INFO  server.RaftServerConfigKeys (ConfUtils.java:logGet(43)) - raft.server.log.preallocated.size = 16384 (custom)
2019-09-26 13:31:29,475 [pool-147-thread-1] INFO  server.RaftServerConfigKeys (ConfUtils.java:logGet(43)) - raft.server.log.write.buffer.size = 33554432 (custom)
2019-09-26 13:31:29,475 [pool-147-thread-1] INFO  server.RaftServerConfigKeys (ConfUtils.java:logGet(43)) - raft.server.log.force.sync.num = 128 (default)
2019-09-26 13:31:29,475 [pool-147-thread-1] INFO  server.RaftServerConfigKeys (ConfUtils.java:logGet(43)) - raft.server.log.statemachine.data.sync = true (default)
2019-09-26 13:31:29,475 [pool-147-thread-1] INFO  server.RaftServerConfigKeys (ConfUtils.java:logGet(43)) - raft.server.log.statemachine.data.sync.timeout = 10s (default)
2019-09-26 13:31:29,476 [pool-147-thread-1] INFO  server.RaftServerConfigKeys (ConfUtils.java:logGet(43)) - raft.server.log.statemachine.data.sync.timeout.retry = -1 (default)
2019-09-26 13:31:29,476 [pool-147-thread-1] INFO  server.RaftServerConfigKeys (ConfUtils.java:logGet(43)) - raft.server.log.statemachine.data.caching.enabled = true (custom)
2019-09-26 13:31:29,476 [pool-147-thread-1] INFO  segmented.SegmentedRaftLogWorker (SegmentedRaftLogWorker.java:lambda$new$0(132)) - 7cb6d186-caac-4cd2-8aac-d2a4e4b631e6@group-93FEF23AAC29-SegmentedRaftLogWorker: flushIndex: setUnconditionally 0 -> -1
2019-09-26 13:31:29,476 [pool-147-thread-1] INFO  server.RaftServerConfigKeys (ConfUtils.java:logGet(43)) - raft.server.snapshot.auto.trigger.enabled = true (custom)
2019-09-26 13:31:29,476 [pool-147-thread-1] INFO  server.RaftServerConfigKeys (ConfUtils.java:logGet(43)) - raft.server.snapshot.auto.trigger.threshold = 10000 (custom)
2019-09-26 13:31:29,477 [pool-147-thread-1] INFO  server.RaftServerConfigKeys (ConfUtils.java:logGet(43)) - raft.server.snapshot.retention.num.files = 5 (custom)
2019-09-26 13:31:29,477 [pool-147-thread-1] INFO  server.RaftServerConfigKeys (ConfUtils.java:logGet(43)) - raft.server.retrycache.expirytime = 600000ms (custom)
2019-09-26 13:31:29,479 [pool-147-thread-1] INFO  impl.RaftServerImpl (RaftServerImpl.java:start(185)) - 7cb6d186-caac-4cd2-8aac-d2a4e4b631e6@group-93FEF23AAC29: start as a follower, conf=-1: [7cb6d186-caac-4cd2-8aac-d2a4e4b631e6:192.168.164.238:40363], old=null
2019-09-26 13:31:29,479 [pool-147-thread-1] INFO  impl.RaftServerImpl (RaftServerImpl.java:setRole(174)) - 7cb6d186-caac-4cd2-8aac-d2a4e4b631e6@group-93FEF23AAC29: changes role from      null to FOLLOWER at term 0 for startAsFollower
2019-09-26 13:31:29,479 [pool-147-thread-1] INFO  impl.RoleInfo (RoleInfo.java:updateAndGet(143)) - 7cb6d186-caac-4cd2-8aac-d2a4e4b631e6: start FollowerState
2019-09-26 13:31:29,479 [pool-147-thread-1] INFO  util.JmxRegister (JmxRegister.java:tryRegister(44)) - Successfully registered JMX Bean with object name Ratis:service=RaftServer,group=group-93FEF23AAC29,id=7cb6d186-caac-4cd2-8aac-d2a4e4b631e6
2019-09-26 13:31:29,482 [RatisPipelineUtilsThread] INFO  pipeline.PipelineStateManager (PipelineStateManager.java:addPipeline(56)) - Created pipeline Pipeline[ Id: aad5fbe0-819a-4919-8df0-93fef23aac29, Nodes: 7cb6d186-caac-4cd2-8aac-d2a4e4b631e6{ip: 192.168.164.238, host: pr-hdds-1569-87zkn-1081879488, networkLocation: /default-rack, certSerialId: null}, Type:RATIS, Factor:ONE, State:OPEN]
2019-09-26 13:31:29,482 [RatisPipelineUtilsThread] INFO  pipeline.PipelinePlacementPolicy (PipelinePlacementPolicy.java:meetCriteria(91)) - Pipeline Placement: can't place more pipeline on heavy datanode： 0b05557d-aaca-4439-b58f-16bf68049744 Heaviness: 6 limit: 5
2019-09-26 13:31:29,482 [RatisPipelineUtilsThread] INFO  pipeline.PipelinePlacementPolicy (PipelinePlacementPolicy.java:meetCriteria(91)) - Pipeline Placement: can't place more pipeline on heavy datanode： 08f0d413-ba2e-4bd8-9fb4-d48dc0f7c1d6 Heaviness: 6 limit: 5
2019-09-26 13:31:29,486 [grpc-default-executor-0] INFO  impl.RaftServerProxy (RaftServerProxy.java:addNew(89)) - 7cb6d186-caac-4cd2-8aac-d2a4e4b631e6: addNew group-3E9CC2982A33:[7cb6d186-caac-4cd2-8aac-d2a4e4b631e6:192.168.164.238:40363] returns group-3E9CC2982A33:java.util.concurrent.CompletableFuture@3bf335ae[Not completed]
2019-09-26 13:31:29,487 [pool-147-thread-1] INFO  impl.RaftServerImpl (RaftServerImpl.java:<init>(95)) - 7cb6d186-caac-4cd2-8aac-d2a4e4b631e6: new RaftServerImpl for group-3E9CC2982A33:[7cb6d186-caac-4cd2-8aac-d2a4e4b631e6:192.168.164.238:40363] with ContainerStateMachine:uninitialized
2019-09-26 13:31:29,487 [pool-147-thread-1] INFO  server.RaftServerConfigKeys (ConfUtils.java:logGet(43)) - raft.server.rpc.timeout.min = 5s (custom)
2019-09-26 13:31:29,487 [pool-147-thread-1] INFO  server.RaftServerConfigKeys (ConfUtils.java:logGet(43)) - raft.server.rpc.timeout.max = 5200ms (custom)
2019-09-26 13:31:29,487 [pool-147-thread-1] INFO  server.RaftServerConfigKeys (ConfUtils.java:logGet(43)) - raft.server.rpcslowness.timeout = 120s (custom)
2019-09-26 13:31:29,488 [pool-147-thread-1] INFO  server.RaftServerConfigKeys (ConfUtils.java:logGet(43)) - raft.server.sleep.deviation.threshold = 300 (default)
2019-09-26 13:31:29,488 [pool-147-thread-1] INFO  server.RaftServerConfigKeys (ConfUtils.java:logGet(43)) - raft.server.log.appender.install.snapshot.enabled = false (custom)
2019-09-26 13:31:29,488 [pool-147-thread-1] INFO  impl.RaftServerImpl (ServerState.java:<init>(103)) - 7cb6d186-caac-4cd2-8aac-d2a4e4b631e6@group-3E9CC2982A33: ConfigurationManager, init=-1: [7cb6d186-caac-4cd2-8aac-d2a4e4b631e6:192.168.164.238:40363], old=null, confs=<EMPTY_MAP>
2019-09-26 13:31:29,488 [pool-147-thread-1] INFO  server.RaftServerConfigKeys (ConfUtils.java:logGet(43)) - raft.server.storage.dir = [/workdir/hadoop-ozone/ozonefs/target/test-dir/MiniOzoneClusterImpl-58f1b142-a36f-4a38-b91d-584a62105ea7/datanode-2/data/ratis] (custom)
2019-09-26 13:31:29,488 [pool-147-thread-1] INFO  storage.RaftStorageDirectory (RaftStorageDirectory.java:analyzeStorage(246)) - The storage directory /workdir/hadoop-ozone/ozonefs/target/test-dir/MiniOzoneClusterImpl-58f1b142-a36f-4a38-b91d-584a62105ea7/datanode-2/data/ratis/36565a68-3267-4b6a-994b-3e9cc2982a33 does not exist. Creating ...
2019-09-26 13:31:29,493 [pool-147-thread-1] INFO  storage.RaftStorageDirectory (RaftStorageDirectory.java:tryLock(328)) - Lock on /workdir/hadoop-ozone/ozonefs/target/test-dir/MiniOzoneClusterImpl-58f1b142-a36f-4a38-b91d-584a62105ea7/datanode-2/data/ratis/36565a68-3267-4b6a-994b-3e9cc2982a33/in_use.lock acquired by nodename 10147@pr-hdds-1569-87zkn-1081879488
2019-09-26 13:31:29,498 [pool-147-thread-1] INFO  storage.RaftStorage (RaftStorage.java:format(72)) - Storage directory /workdir/hadoop-ozone/ozonefs/target/test-dir/MiniOzoneClusterImpl-58f1b142-a36f-4a38-b91d-584a62105ea7/datanode-2/data/ratis/36565a68-3267-4b6a-994b-3e9cc2982a33 has been successfully formatted.
2019-09-26 13:31:29,499 [pool-147-thread-1] INFO  ratis.ContainerStateMachine (ContainerStateMachine.java:loadSnapshot(230)) - group-3E9CC2982A33: The snapshot info is null. Setting the last applied indexto:(t:0, i:~)
2019-09-26 13:31:29,499 [pool-147-thread-1] INFO  server.RaftServerConfigKeys (ConfUtils.java:logGet(43)) - raft.server.notification.no-leader.timeout = 120s (custom)
2019-09-26 13:31:29,499 [pool-147-thread-1] INFO  server.RaftServerConfigKeys (ConfUtils.java:logGet(43)) - raft.server.log.use.memory = false (default)
2019-09-26 13:31:29,499 [pool-147-thread-1] INFO  server.RaftServerConfigKeys (ConfUtils.java:logGet(43)) - raft.server.log.purge.gap = 1000000 (custom)
2019-09-26 13:31:29,499 [pool-147-thread-1] INFO  server.RaftServerConfigKeys (ConfUtils.java:logGet(43)) - raft.server.log.appender.buffer.byte-limit = 33554432 (custom)
2019-09-26 13:31:29,499 [pool-147-thread-1] INFO  server.RaftServerConfigKeys (ConfUtils.java:logGet(43)) - raft.server.log.segment.size.max = 1048576 (custom)
2019-09-26 13:31:29,499 [pool-147-thread-1] INFO  server.RaftServerConfigKeys (ConfUtils.java:logGet(43)) - raft.server.log.segment.cache.num.max = 2 (custom)
2019-09-26 13:31:29,499 [pool-147-thread-1] INFO  segmented.SegmentedRaftLogWorker (SegmentedRaftLogWorker.java:<init>(172)) - new 7cb6d186-caac-4cd2-8aac-d2a4e4b631e6@group-3E9CC2982A33-SegmentedRaftLogWorker for RaftStorage:Storage Directory /workdir/hadoop-ozone/ozonefs/target/test-dir/MiniOzoneClusterImpl-58f1b142-a36f-4a38-b91d-584a62105ea7/datanode-2/data/ratis/36565a68-3267-4b6a-994b-3e9cc2982a33
2019-09-26 13:31:29,500 [pool-147-thread-1] INFO  server.RaftServerConfigKeys (ConfUtils.java:logGet(43)) - raft.server.log.queue.byte-limit = 2147483647 (custom)
2019-09-26 13:31:29,500 [pool-147-thread-1] INFO  server.RaftServerConfigKeys (ConfUtils.java:logGet(43)) - raft.server.log.queue.element-limit = 1024 (custom)
2019-09-26 13:31:29,500 [pool-147-thread-1] INFO  server.RaftServerConfigKeys (ConfUtils.java:logGet(43)) - raft.server.log.segment.size.max = 1048576 (custom)
2019-09-26 13:31:29,500 [pool-147-thread-1] INFO  server.RaftServerConfigKeys (ConfUtils.java:logGet(43)) - raft.server.log.preallocated.size = 16384 (custom)
2019-09-26 13:31:29,500 [pool-147-thread-1] INFO  server.RaftServerConfigKeys (ConfUtils.java:logGet(43)) - raft.server.log.write.buffer.size = 33554432 (custom)
2019-09-26 13:31:29,500 [pool-147-thread-1] INFO  server.RaftServerConfigKeys (ConfUtils.java:logGet(43)) - raft.server.log.force.sync.num = 128 (default)
2019-09-26 13:31:29,500 [pool-147-thread-1] INFO  server.RaftServerConfigKeys (ConfUtils.java:logGet(43)) - raft.server.log.statemachine.data.sync = true (default)
2019-09-26 13:31:29,500 [pool-147-thread-1] INFO  server.RaftServerConfigKeys (ConfUtils.java:logGet(43)) - raft.server.log.statemachine.data.sync.timeout = 10s (default)
2019-09-26 13:31:29,500 [pool-147-thread-1] INFO  server.RaftServerConfigKeys (ConfUtils.java:logGet(43)) - raft.server.log.statemachine.data.sync.timeout.retry = -1 (default)
2019-09-26 13:31:29,501 [pool-147-thread-1] INFO  server.RaftServerConfigKeys (ConfUtils.java:logGet(43)) - raft.server.log.statemachine.data.caching.enabled = true (custom)
2019-09-26 13:31:29,501 [pool-147-thread-1] INFO  segmented.SegmentedRaftLogWorker (SegmentedRaftLogWorker.java:lambda$new$0(132)) - 7cb6d186-caac-4cd2-8aac-d2a4e4b631e6@group-3E9CC2982A33-SegmentedRaftLogWorker: flushIndex: setUnconditionally 0 -> -1
2019-09-26 13:31:29,501 [pool-147-thread-1] INFO  server.RaftServerConfigKeys (ConfUtils.java:logGet(43)) - raft.server.snapshot.auto.trigger.enabled = true (custom)
2019-09-26 13:31:29,501 [pool-147-thread-1] INFO  server.RaftServerConfigKeys (ConfUtils.java:logGet(43)) - raft.server.snapshot.auto.trigger.threshold = 10000 (custom)
2019-09-26 13:31:29,501 [pool-147-thread-1] INFO  server.RaftServerConfigKeys (ConfUtils.java:logGet(43)) - raft.server.snapshot.retention.num.files = 5 (custom)
2019-09-26 13:31:29,501 [pool-147-thread-1] INFO  server.RaftServerConfigKeys (ConfUtils.java:logGet(43)) - raft.server.retrycache.expirytime = 600000ms (custom)
2019-09-26 13:31:29,503 [pool-147-thread-1] INFO  impl.RaftServerImpl (RaftServerImpl.java:start(185)) - 7cb6d186-caac-4cd2-8aac-d2a4e4b631e6@group-3E9CC2982A33: start as a follower, conf=-1: [7cb6d186-caac-4cd2-8aac-d2a4e4b631e6:192.168.164.238:40363], old=null
2019-09-26 13:31:29,503 [pool-147-thread-1] INFO  impl.RaftServerImpl (RaftServerImpl.java:setRole(174)) - 7cb6d186-caac-4cd2-8aac-d2a4e4b631e6@group-3E9CC2982A33: changes role from      null to FOLLOWER at term 0 for startAsFollower
2019-09-26 13:31:29,503 [pool-147-thread-1] INFO  impl.RoleInfo (RoleInfo.java:updateAndGet(143)) - 7cb6d186-caac-4cd2-8aac-d2a4e4b631e6: start FollowerState
2019-09-26 13:31:29,503 [pool-147-thread-1] INFO  util.JmxRegister (JmxRegister.java:tryRegister(44)) - Successfully registered JMX Bean with object name Ratis:service=RaftServer,group=group-3E9CC2982A33,id=7cb6d186-caac-4cd2-8aac-d2a4e4b631e6
2019-09-26 13:31:29,505 [RatisPipelineUtilsThread] INFO  pipeline.PipelineStateManager (PipelineStateManager.java:addPipeline(56)) - Created pipeline Pipeline[ Id: 36565a68-3267-4b6a-994b-3e9cc2982a33, Nodes: 7cb6d186-caac-4cd2-8aac-d2a4e4b631e6{ip: 192.168.164.238, host: pr-hdds-1569-87zkn-1081879488, networkLocation: /default-rack, certSerialId: null}, Type:RATIS, Factor:ONE, State:OPEN]
2019-09-26 13:31:29,505 [RatisPipelineUtilsThread] INFO  pipeline.PipelinePlacementPolicy (PipelinePlacementPolicy.java:meetCriteria(91)) - Pipeline Placement: can't place more pipeline on heavy datanode： 7cb6d186-caac-4cd2-8aac-d2a4e4b631e6 Heaviness: 6 limit: 5
2019-09-26 13:31:29,505 [RatisPipelineUtilsThread] INFO  pipeline.PipelinePlacementPolicy (PipelinePlacementPolicy.java:meetCriteria(91)) - Pipeline Placement: can't place more pipeline on heavy datanode： 0b05557d-aaca-4439-b58f-16bf68049744 Heaviness: 6 limit: 5
2019-09-26 13:31:29,506 [RatisPipelineUtilsThread] INFO  pipeline.PipelinePlacementPolicy (PipelinePlacementPolicy.java:meetCriteria(91)) - Pipeline Placement: can't place more pipeline on heavy datanode： 08f0d413-ba2e-4bd8-9fb4-d48dc0f7c1d6 Heaviness: 6 limit: 5
2019-09-26 13:31:29,506 [RatisPipelineUtilsThread] ERROR pipeline.PipelinePlacementPolicy (PipelinePlacementPolicy.java:filterViableNodes(148)) - Unable to find enough nodes that meet the criteria that cannot engage in more than 5 pipelines. Nodes required: 1 Found: 0, healthy nodes count inNodeManager: 3.
2019-09-26 13:31:29,506 [RatisPipelineUtilsThread] ERROR pipeline.SCMPipelineManager (SCMPipelineManager.java:createPipeline(167)) - Pipeline creation failed.
org.apache.hadoop.hdds.scm.exceptions.SCMException: Unable to find enough nodes that meet the criteria that cannot engage in more than 5 pipelines. Nodes required: 1 Found: 0, healthy nodes count inNodeManager: 3.
	at org.apache.hadoop.hdds.scm.pipeline.PipelinePlacementPolicy.filterViableNodes(PipelinePlacementPolicy.java:149)
	at org.apache.hadoop.hdds.scm.pipeline.PipelinePlacementPolicy.chooseDatanodes(PipelinePlacementPolicy.java:172)
	at org.apache.hadoop.hdds.scm.pipeline.RatisPipelineProvider.create(RatisPipelineProvider.java:93)
	at org.apache.hadoop.hdds.scm.pipeline.PipelineFactory.create(PipelineFactory.java:58)
	at org.apache.hadoop.hdds.scm.pipeline.SCMPipelineManager.createPipeline(SCMPipelineManager.java:155)
	at org.apache.hadoop.hdds.scm.pipeline.BackgroundPipelineCreator.createPipelines(BackgroundPipelineCreator.java:99)
	at java.util.concurrent.Executors$RunnableAdapter.call(Executors.java:511)
	at java.util.concurrent.FutureTask.run(FutureTask.java:266)
	at java.util.concurrent.ScheduledThreadPoolExecutor$ScheduledFutureTask.access$201(ScheduledThreadPoolExecutor.java:180)
	at java.util.concurrent.ScheduledThreadPoolExecutor$ScheduledFutureTask.run(ScheduledThreadPoolExecutor.java:293)
	at java.util.concurrent.ThreadPoolExecutor.runWorker(ThreadPoolExecutor.java:1149)
	at java.util.concurrent.ThreadPoolExecutor$Worker.run(ThreadPoolExecutor.java:624)
	at java.lang.Thread.run(Thread.java:748)
2019-09-26 13:31:29,506 [RatisPipelineUtilsThread] INFO  pipeline.PipelinePlacementPolicy (PipelinePlacementPolicy.java:meetCriteria(91)) - Pipeline Placement: can't place more pipeline on heavy datanode： 7cb6d186-caac-4cd2-8aac-d2a4e4b631e6 Heaviness: 6 limit: 5
2019-09-26 13:31:29,506 [RatisPipelineUtilsThread] INFO  pipeline.PipelinePlacementPolicy (PipelinePlacementPolicy.java:meetCriteria(91)) - Pipeline Placement: can't place more pipeline on heavy datanode： 0b05557d-aaca-4439-b58f-16bf68049744 Heaviness: 6 limit: 5
2019-09-26 13:31:29,506 [RatisPipelineUtilsThread] INFO  pipeline.PipelinePlacementPolicy (PipelinePlacementPolicy.java:meetCriteria(91)) - Pipeline Placement: can't place more pipeline on heavy datanode： 08f0d413-ba2e-4bd8-9fb4-d48dc0f7c1d6 Heaviness: 6 limit: 5
2019-09-26 13:31:29,506 [RatisPipelineUtilsThread] ERROR pipeline.PipelinePlacementPolicy (PipelinePlacementPolicy.java:filterViableNodes(148)) - Unable to find enough nodes that meet the criteria that cannot engage in more than 5 pipelines. Nodes required: 3 Found: 0, healthy nodes count inNodeManager: 3.
2019-09-26 13:31:29,507 [RatisPipelineUtilsThread] ERROR pipeline.SCMPipelineManager (SCMPipelineManager.java:createPipeline(167)) - Pipeline creation failed.
org.apache.hadoop.hdds.scm.exceptions.SCMException: Unable to find enough nodes that meet the criteria that cannot engage in more than 5 pipelines. Nodes required: 3 Found: 0, healthy nodes count inNodeManager: 3.
	at org.apache.hadoop.hdds.scm.pipeline.PipelinePlacementPolicy.filterViableNodes(PipelinePlacementPolicy.java:149)
	at org.apache.hadoop.hdds.scm.pipeline.PipelinePlacementPolicy.chooseDatanodes(PipelinePlacementPolicy.java:172)
	at org.apache.hadoop.hdds.scm.pipeline.RatisPipelineProvider.create(RatisPipelineProvider.java:93)
	at org.apache.hadoop.hdds.scm.pipeline.PipelineFactory.create(PipelineFactory.java:58)
	at org.apache.hadoop.hdds.scm.pipeline.SCMPipelineManager.createPipeline(SCMPipelineManager.java:155)
	at org.apache.hadoop.hdds.scm.pipeline.BackgroundPipelineCreator.createPipelines(BackgroundPipelineCreator.java:99)
	at java.util.concurrent.Executors$RunnableAdapter.call(Executors.java:511)
	at java.util.concurrent.FutureTask.run(FutureTask.java:266)
	at java.util.concurrent.ScheduledThreadPoolExecutor$ScheduledFutureTask.access$201(ScheduledThreadPoolExecutor.java:180)
	at java.util.concurrent.ScheduledThreadPoolExecutor$ScheduledFutureTask.run(ScheduledThreadPoolExecutor.java:293)
	at java.util.concurrent.ThreadPoolExecutor.runWorker(ThreadPoolExecutor.java:1149)
	at java.util.concurrent.ThreadPoolExecutor$Worker.run(ThreadPoolExecutor.java:624)
	at java.lang.Thread.run(Thread.java:748)
2019-09-26 13:31:29,507 [RatisPipelineUtilsThread] INFO  pipeline.PipelinePlacementPolicy (PipelinePlacementPolicy.java:meetCriteria(91)) - Pipeline Placement: can't place more pipeline on heavy datanode： 7cb6d186-caac-4cd2-8aac-d2a4e4b631e6 Heaviness: 6 limit: 5
2019-09-26 13:31:29,507 [RatisPipelineUtilsThread] INFO  pipeline.PipelinePlacementPolicy (PipelinePlacementPolicy.java:meetCriteria(91)) - Pipeline Placement: can't place more pipeline on heavy datanode： 0b05557d-aaca-4439-b58f-16bf68049744 Heaviness: 6 limit: 5
2019-09-26 13:31:29,507 [RatisPipelineUtilsThread] INFO  pipeline.PipelinePlacementPolicy (PipelinePlacementPolicy.java:meetCriteria(91)) - Pipeline Placement: can't place more pipeline on heavy datanode： 08f0d413-ba2e-4bd8-9fb4-d48dc0f7c1d6 Heaviness: 6 limit: 5
2019-09-26 13:31:29,507 [RatisPipelineUtilsThread] ERROR pipeline.PipelinePlacementPolicy (PipelinePlacementPolicy.java:filterViableNodes(148)) - Unable to find enough nodes that meet the criteria that cannot engage in more than 5 pipelines. Nodes required: 1 Found: 0, healthy nodes count inNodeManager: 3.
2019-09-26 13:31:29,507 [RatisPipelineUtilsThread] ERROR pipeline.SCMPipelineManager (SCMPipelineManager.java:createPipeline(167)) - Pipeline creation failed.
org.apache.hadoop.hdds.scm.exceptions.SCMException: Unable to find enough nodes that meet the criteria that cannot engage in more than 5 pipelines. Nodes required: 1 Found: 0, healthy nodes count inNodeManager: 3.
	at org.apache.hadoop.hdds.scm.pipeline.PipelinePlacementPolicy.filterViableNodes(PipelinePlacementPolicy.java:149)
	at org.apache.hadoop.hdds.scm.pipeline.PipelinePlacementPolicy.chooseDatanodes(PipelinePlacementPolicy.java:172)
	at org.apache.hadoop.hdds.scm.pipeline.RatisPipelineProvider.create(RatisPipelineProvider.java:93)
	at org.apache.hadoop.hdds.scm.pipeline.PipelineFactory.create(PipelineFactory.java:58)
	at org.apache.hadoop.hdds.scm.pipeline.SCMPipelineManager.createPipeline(SCMPipelineManager.java:155)
	at org.apache.hadoop.hdds.scm.pipeline.BackgroundPipelineCreator.createPipelines(BackgroundPipelineCreator.java:99)
	at org.apache.hadoop.hdds.scm.pipeline.BackgroundPipelineCreator.lambda$startFixedIntervalPipelineCreator$0(BackgroundPipelineCreator.java:70)
	at java.util.concurrent.Executors$RunnableAdapter.call(Executors.java:511)
	at java.util.concurrent.FutureTask.runAndReset(FutureTask.java:308)
	at java.util.concurrent.ScheduledThreadPoolExecutor$ScheduledFutureTask.access$301(ScheduledThreadPoolExecutor.java:180)
	at java.util.concurrent.ScheduledThreadPoolExecutor$ScheduledFutureTask.run(ScheduledThreadPoolExecutor.java:294)
	at java.util.concurrent.ThreadPoolExecutor.runWorker(ThreadPoolExecutor.java:1149)
	at java.util.concurrent.ThreadPoolExecutor$Worker.run(ThreadPoolExecutor.java:624)
	at java.lang.Thread.run(Thread.java:748)
2019-09-26 13:31:29,508 [RatisPipelineUtilsThread] INFO  pipeline.PipelinePlacementPolicy (PipelinePlacementPolicy.java:meetCriteria(91)) - Pipeline Placement: can't place more pipeline on heavy datanode： 7cb6d186-caac-4cd2-8aac-d2a4e4b631e6 Heaviness: 6 limit: 5
2019-09-26 13:31:29,508 [RatisPipelineUtilsThread] INFO  pipeline.PipelinePlacementPolicy (PipelinePlacementPolicy.java:meetCriteria(91)) - Pipeline Placement: can't place more pipeline on heavy datanode： 0b05557d-aaca-4439-b58f-16bf68049744 Heaviness: 6 limit: 5
2019-09-26 13:31:29,508 [RatisPipelineUtilsThread] INFO  pipeline.PipelinePlacementPolicy (PipelinePlacementPolicy.java:meetCriteria(91)) - Pipeline Placement: can't place more pipeline on heavy datanode： 08f0d413-ba2e-4bd8-9fb4-d48dc0f7c1d6 Heaviness: 6 limit: 5
2019-09-26 13:31:29,508 [RatisPipelineUtilsThread] ERROR pipeline.PipelinePlacementPolicy (PipelinePlacementPolicy.java:filterViableNodes(148)) - Unable to find enough nodes that meet the criteria that cannot engage in more than 5 pipelines. Nodes required: 3 Found: 0, healthy nodes count inNodeManager: 3.
2019-09-26 13:31:29,508 [RatisPipelineUtilsThread] ERROR pipeline.SCMPipelineManager (SCMPipelineManager.java:createPipeline(167)) - Pipeline creation failed.
org.apache.hadoop.hdds.scm.exceptions.SCMException: Unable to find enough nodes that meet the criteria that cannot engage in more than 5 pipelines. Nodes required: 3 Found: 0, healthy nodes count inNodeManager: 3.
	at org.apache.hadoop.hdds.scm.pipeline.PipelinePlacementPolicy.filterViableNodes(PipelinePlacementPolicy.java:149)
	at org.apache.hadoop.hdds.scm.pipeline.PipelinePlacementPolicy.chooseDatanodes(PipelinePlacementPolicy.java:172)
	at org.apache.hadoop.hdds.scm.pipeline.RatisPipelineProvider.create(RatisPipelineProvider.java:93)
	at org.apache.hadoop.hdds.scm.pipeline.PipelineFactory.create(PipelineFactory.java:58)
	at org.apache.hadoop.hdds.scm.pipeline.SCMPipelineManager.createPipeline(SCMPipelineManager.java:155)
	at org.apache.hadoop.hdds.scm.pipeline.BackgroundPipelineCreator.createPipelines(BackgroundPipelineCreator.java:99)
	at org.apache.hadoop.hdds.scm.pipeline.BackgroundPipelineCreator.lambda$startFixedIntervalPipelineCreator$0(BackgroundPipelineCreator.java:70)
	at java.util.concurrent.Executors$RunnableAdapter.call(Executors.java:511)
	at java.util.concurrent.FutureTask.runAndReset(FutureTask.java:308)
	at java.util.concurrent.ScheduledThreadPoolExecutor$ScheduledFutureTask.access$301(ScheduledThreadPoolExecutor.java:180)
	at java.util.concurrent.ScheduledThreadPoolExecutor$ScheduledFutureTask.run(ScheduledThreadPoolExecutor.java:294)
	at java.util.concurrent.ThreadPoolExecutor.runWorker(ThreadPoolExecutor.java:1149)
	at java.util.concurrent.ThreadPoolExecutor$Worker.run(ThreadPoolExecutor.java:624)
	at java.lang.Thread.run(Thread.java:748)
2019-09-26 13:31:29,847 [Thread-543] INFO  ozone.MiniOzoneClusterImpl (MiniOzoneClusterImpl.java:lambda$waitForClusterToBeReady$0(147)) - Cluster is ready. Got 3 of 3 DN Heartbeats.
2019-09-26 13:31:29,891 [Thread-543] INFO  rpc.RpcClient (RpcClient.java:createVolume(276)) - Creating Volume: volume12875, with user65033 as owner.
2019-09-26 13:31:29,895 [IPC Server handler 1 on 39185] INFO  volume.OMVolumeCreateRequest (OMVolumeCreateRequest.java:validateAndUpdateCache(189)) - created volume:volume12875 for user:user65033
2019-09-26 13:31:30,035 [Thread-543] INFO  rpc.RpcClient (RpcClient.java:createBucket(415)) - Creating Bucket: volume12875/bucket29725, with Versioning false and Storage Type set to DISK and Encryption set to false 
2019-09-26 13:31:30,129 [IPC Server handler 19 on 44266] INFO  pipeline.PipelinePlacementPolicy (PipelinePlacementPolicy.java:meetCriteria(91)) - Pipeline Placement: can't place more pipeline on heavy datanode： 7cb6d186-caac-4cd2-8aac-d2a4e4b631e6 Heaviness: 6 limit: 5
2019-09-26 13:31:30,129 [IPC Server handler 19 on 44266] INFO  pipeline.PipelinePlacementPolicy (PipelinePlacementPolicy.java:meetCriteria(91)) - Pipeline Placement: can't place more pipeline on heavy datanode： 0b05557d-aaca-4439-b58f-16bf68049744 Heaviness: 6 limit: 5
2019-09-26 13:31:30,129 [IPC Server handler 19 on 44266] INFO  pipeline.PipelinePlacementPolicy (PipelinePlacementPolicy.java:meetCriteria(91)) - Pipeline Placement: can't place more pipeline on heavy datanode： 08f0d413-ba2e-4bd8-9fb4-d48dc0f7c1d6 Heaviness: 6 limit: 5
2019-09-26 13:31:30,130 [IPC Server handler 19 on 44266] ERROR pipeline.PipelinePlacementPolicy (PipelinePlacementPolicy.java:filterViableNodes(148)) - Unable to find enough nodes that meet the criteria that cannot engage in more than 5 pipelines. Nodes required: 3 Found: 0, healthy nodes count inNodeManager: 3.
2019-09-26 13:31:30,130 [IPC Server handler 19 on 44266] ERROR pipeline.SCMPipelineManager (SCMPipelineManager.java:createPipeline(167)) - Pipeline creation failed.
org.apache.hadoop.hdds.scm.exceptions.SCMException: Unable to find enough nodes that meet the criteria that cannot engage in more than 5 pipelines. Nodes required: 3 Found: 0, healthy nodes count inNodeManager: 3.
	at org.apache.hadoop.hdds.scm.pipeline.PipelinePlacementPolicy.filterViableNodes(PipelinePlacementPolicy.java:149)
	at org.apache.hadoop.hdds.scm.pipeline.PipelinePlacementPolicy.chooseDatanodes(PipelinePlacementPolicy.java:172)
	at org.apache.hadoop.hdds.scm.pipeline.RatisPipelineProvider.create(RatisPipelineProvider.java:93)
	at org.apache.hadoop.hdds.scm.pipeline.PipelineFactory.create(PipelineFactory.java:58)
	at org.apache.hadoop.hdds.scm.pipeline.SCMPipelineManager.createPipeline(SCMPipelineManager.java:155)
	at org.apache.hadoop.hdds.scm.block.BlockManagerImpl.allocateBlock(BlockManagerImpl.java:190)
	at org.apache.hadoop.hdds.scm.server.SCMBlockProtocolServer.allocateBlock(SCMBlockProtocolServer.java:182)
	at org.apache.hadoop.ozone.protocolPB.ScmBlockLocationProtocolServerSideTranslatorPB.allocateScmBlock(ScmBlockLocationProtocolServerSideTranslatorPB.java:183)
	at org.apache.hadoop.ozone.protocolPB.ScmBlockLocationProtocolServerSideTranslatorPB.processMessage(ScmBlockLocationProtocolServerSideTranslatorPB.java:141)
	at org.apache.hadoop.ozone.protocolPB.ScmBlockLocationProtocolServerSideTranslatorPB.send(ScmBlockLocationProtocolServerSideTranslatorPB.java:116)
	at org.apache.hadoop.hdds.protocol.proto.ScmBlockLocationProtocolProtos$ScmBlockLocationProtocolService$2.callBlockingMethod(ScmBlockLocationProtocolProtos.java:13157)
	at org.apache.hadoop.ipc.ProtobufRpcEngine$Server$ProtoBufRpcInvoker.call(ProtobufRpcEngine.java:524)
	at org.apache.hadoop.ipc.RPC$Server.call(RPC.java:1025)
	at org.apache.hadoop.ipc.Server$RpcCall.run(Server.java:876)
	at org.apache.hadoop.ipc.Server$RpcCall.run(Server.java:822)
	at java.security.AccessController.doPrivileged(Native Method)
	at javax.security.auth.Subject.doAs(Subject.java:422)
	at org.apache.hadoop.security.UserGroupInformation.doAs(UserGroupInformation.java:1730)
	at org.apache.hadoop.ipc.Server$Handler.run(Server.java:2682)
2019-09-26 13:31:30,130 [IPC Server handler 19 on 44266] WARN  block.BlockManagerImpl (BlockManagerImpl.java:allocateBlock(192)) - Pipeline creation failed for type:RATIS factor:THREE. Retrying get pipelines call once.
org.apache.hadoop.hdds.scm.exceptions.SCMException: Unable to find enough nodes that meet the criteria that cannot engage in more than 5 pipelines. Nodes required: 3 Found: 0, healthy nodes count inNodeManager: 3.
	at org.apache.hadoop.hdds.scm.pipeline.PipelinePlacementPolicy.filterViableNodes(PipelinePlacementPolicy.java:149)
	at org.apache.hadoop.hdds.scm.pipeline.PipelinePlacementPolicy.chooseDatanodes(PipelinePlacementPolicy.java:172)
	at org.apache.hadoop.hdds.scm.pipeline.RatisPipelineProvider.create(RatisPipelineProvider.java:93)
	at org.apache.hadoop.hdds.scm.pipeline.PipelineFactory.create(PipelineFactory.java:58)
	at org.apache.hadoop.hdds.scm.pipeline.SCMPipelineManager.createPipeline(SCMPipelineManager.java:155)
	at org.apache.hadoop.hdds.scm.block.BlockManagerImpl.allocateBlock(BlockManagerImpl.java:190)
	at org.apache.hadoop.hdds.scm.server.SCMBlockProtocolServer.allocateBlock(SCMBlockProtocolServer.java:182)
	at org.apache.hadoop.ozone.protocolPB.ScmBlockLocationProtocolServerSideTranslatorPB.allocateScmBlock(ScmBlockLocationProtocolServerSideTranslatorPB.java:183)
	at org.apache.hadoop.ozone.protocolPB.ScmBlockLocationProtocolServerSideTranslatorPB.processMessage(ScmBlockLocationProtocolServerSideTranslatorPB.java:141)
	at org.apache.hadoop.ozone.protocolPB.ScmBlockLocationProtocolServerSideTranslatorPB.send(ScmBlockLocationProtocolServerSideTranslatorPB.java:116)
	at org.apache.hadoop.hdds.protocol.proto.ScmBlockLocationProtocolProtos$ScmBlockLocationProtocolService$2.callBlockingMethod(ScmBlockLocationProtocolProtos.java:13157)
	at org.apache.hadoop.ipc.ProtobufRpcEngine$Server$ProtoBufRpcInvoker.call(ProtobufRpcEngine.java:524)
	at org.apache.hadoop.ipc.RPC$Server.call(RPC.java:1025)
	at org.apache.hadoop.ipc.Server$RpcCall.run(Server.java:876)
	at org.apache.hadoop.ipc.Server$RpcCall.run(Server.java:822)
	at java.security.AccessController.doPrivileged(Native Method)
	at javax.security.auth.Subject.doAs(Subject.java:422)
	at org.apache.hadoop.security.UserGroupInformation.doAs(UserGroupInformation.java:1730)
	at org.apache.hadoop.ipc.Server$Handler.run(Server.java:2682)
2019-09-26 13:31:30,131 [IPC Server handler 19 on 44266] INFO  block.BlockManagerImpl (BlockManagerImpl.java:allocateBlock(198)) - Could not find available pipeline of type:RATIS and factor:THREE even after retrying
2019-09-26 13:31:30,131 [IPC Server handler 19 on 44266] ERROR block.BlockManagerImpl (BlockManagerImpl.java:allocateBlock(222)) - Unable to allocate a block for the size: 4194304, type: RATIS, factor: THREE
2019-09-26 13:31:30,142 [Thread-543] INFO  ozone.MiniOzoneClusterImpl (MiniOzoneClusterImpl.java:shutdown(314)) - Shutting down the Mini Ozone Cluster
2019-09-26 13:31:30,142 [Thread-543] INFO  ozone.MiniOzoneClusterImpl (MiniOzoneClusterImpl.java:stop(330)) - Stopping the Mini Ozone Cluster
2019-09-26 13:31:30,142 [Thread-543] INFO  ozone.MiniOzoneClusterImpl (MiniOzoneClusterImpl.java:stopOM(400)) - Stopping the OzoneManager
2019-09-26 13:31:30,142 [Thread-543] INFO  ipc.Server (Server.java:stop(3082)) - Stopping server on 39185
2019-09-26 13:31:30,148 [IPC Server listener on 39185] INFO  ipc.Server (Server.java:run(1185)) - Stopping IPC Server listener on 39185
2019-09-26 13:31:30,148 [Thread-543] INFO  ratis.OzoneManagerDoubleBuffer (OzoneManagerDoubleBuffer.java:stop(248)) - Stopping OMDoubleBuffer flush thread
2019-09-26 13:31:30,148 [IPC Server Responder] INFO  ipc.Server (Server.java:run(1319)) - Stopping IPC Server Responder
2019-09-26 13:31:30,150 [OMDoubleBufferFlushThread] INFO  ratis.OzoneManagerDoubleBuffer (OzoneManagerDoubleBuffer.java:flushTransactions(191)) - OMDoubleBuffer flush thread OMDoubleBufferFlushThread is interrupted and will exit. OMDoubleBufferFlushThread
2019-09-26 13:31:30,151 [Thread-543] INFO  utils.BackgroundService (BackgroundService.java:shutdown(148)) - Shutting down service KeyDeletingService
2019-09-26 13:31:30,153 [Thread-543] INFO  handler.ContextHandler (ContextHandler.java:doStop(910)) - Stopped o.e.j.w.WebAppContext@5e2d94fd{/,null,UNAVAILABLE}{/ozoneManager}
2019-09-26 13:31:30,154 [Thread-543] INFO  server.AbstractConnector (AbstractConnector.java:doStop(318)) - Stopped ServerConnector@1857ebe9{HTTP/1.1,[http/1.1]}{0.0.0.0:0}
2019-09-26 13:31:30,154 [Thread-543] INFO  handler.ContextHandler (ContextHandler.java:doStop(910)) - Stopped o.e.j.s.ServletContextHandler@208bffe1{/static,jar:file:/home/user/.m2/repository/org/apache/hadoop/hadoop-ozone-ozone-manager/0.5.0-SNAPSHOT/hadoop-ozone-ozone-manager-0.5.0-SNAPSHOT.jar!/webapps/static,UNAVAILABLE}
2019-09-26 13:31:30,155 [Thread-543] INFO  handler.ContextHandler (ContextHandler.java:doStop(910)) - Stopped o.e.j.s.ServletContextHandler@605d5348{/logs,file:///workdir/hadoop-ozone/ozonefs/target/log,UNAVAILABLE}
2019-09-26 13:31:30,157 [Thread-543] INFO  ozone.MiniOzoneClusterImpl (MiniOzoneClusterImpl.java:stopDatanodes(377)) - Stopping the HddsDatanodes
2019-09-26 13:31:30,686 [Datanode State Machine Thread - 0] INFO  statemachine.DatanodeStateMachine (DatanodeStateMachine.java:lambda$startDaemon$0(350)) - Ozone container server started.
2019-09-26 13:31:30,778 [Datanode State Machine Thread - 0] INFO  statemachine.DatanodeStateMachine (DatanodeStateMachine.java:lambda$startDaemon$0(350)) - Ozone container server started.
2019-09-26 13:31:31,696 [Thread-715] INFO  container.ReplicationManager (ReplicationManager.java:start(163)) - Starting Replication Monitor Thread.
2019-09-26 13:31:31,698 [ReplicationMonitor] INFO  container.ReplicationManager (ReplicationManager.java:run(226)) - Replication Monitor Thread took 0 milliseconds for processing 0 containers.
2019-09-26 13:31:33,883 [Thread-717] INFO  impl.FollowerState (FollowerState.java:run(106)) - 08f0d413-ba2e-4bd8-9fb4-d48dc0f7c1d6:group-F34AF4E8B9A5 changes to CANDIDATE, lastRpcTime:5131, electionTimeout:5131ms
2019-09-26 13:31:33,883 [Thread-717] INFO  impl.RoleInfo (RoleInfo.java:shutdownFollowerState(121)) - 08f0d413-ba2e-4bd8-9fb4-d48dc0f7c1d6: shutdown FollowerState
2019-09-26 13:31:33,884 [Thread-717] INFO  impl.RaftServerImpl (RaftServerImpl.java:setRole(174)) - 08f0d413-ba2e-4bd8-9fb4-d48dc0f7c1d6@group-F34AF4E8B9A5: changes role from  FOLLOWER to CANDIDATE at term 0 for changeToCandidate
2019-09-26 13:31:33,884 [Thread-717] INFO  impl.RoleInfo (RoleInfo.java:updateAndGet(143)) - 08f0d413-ba2e-4bd8-9fb4-d48dc0f7c1d6: start LeaderElection
2019-09-26 13:31:33,887 [Thread-720] INFO  impl.FollowerState (FollowerState.java:run(106)) - 08f0d413-ba2e-4bd8-9fb4-d48dc0f7c1d6:group-06ED78643891 changes to CANDIDATE, lastRpcTime:5069, electionTimeout:5069ms
2019-09-26 13:31:33,887 [Thread-720] INFO  impl.RoleInfo (RoleInfo.java:shutdownFollowerState(121)) - 08f0d413-ba2e-4bd8-9fb4-d48dc0f7c1d6: shutdown FollowerState
2019-09-26 13:31:33,887 [Thread-720] INFO  impl.RaftServerImpl (RaftServerImpl.java:setRole(174)) - 08f0d413-ba2e-4bd8-9fb4-d48dc0f7c1d6@group-06ED78643891: changes role from  FOLLOWER to CANDIDATE at term 0 for changeToCandidate
2019-09-26 13:31:33,887 [Thread-720] INFO  impl.RoleInfo (RoleInfo.java:updateAndGet(143)) - 08f0d413-ba2e-4bd8-9fb4-d48dc0f7c1d6: start LeaderElection
2019-09-26 13:31:33,904 [08f0d413-ba2e-4bd8-9fb4-d48dc0f7c1d6@group-F34AF4E8B9A5:LeaderElection37] INFO  impl.LeaderElection (LeaderElection.java:askForVotes(182)) - 08f0d413-ba2e-4bd8-9fb4-d48dc0f7c1d6@group-F34AF4E8B9A5:LeaderElection37: begin an election at term 1 for -1: [08f0d413-ba2e-4bd8-9fb4-d48dc0f7c1d6:192.168.164.238:36621], old=null
2019-09-26 13:31:33,904 [08f0d413-ba2e-4bd8-9fb4-d48dc0f7c1d6@group-06ED78643891:LeaderElection38] INFO  impl.LeaderElection (LeaderElection.java:askForVotes(182)) - 08f0d413-ba2e-4bd8-9fb4-d48dc0f7c1d6@group-06ED78643891:LeaderElection38: begin an election at term 1 for -1: [08f0d413-ba2e-4bd8-9fb4-d48dc0f7c1d6:192.168.164.238:36621], old=null
2019-09-26 13:31:33,904 [08f0d413-ba2e-4bd8-9fb4-d48dc0f7c1d6@group-F34AF4E8B9A5:LeaderElection37] INFO  impl.RoleInfo (RoleInfo.java:shutdownLeaderElection(134)) - 08f0d413-ba2e-4bd8-9fb4-d48dc0f7c1d6: shutdown LeaderElection
2019-09-26 13:31:33,904 [08f0d413-ba2e-4bd8-9fb4-d48dc0f7c1d6@group-06ED78643891:LeaderElection38] INFO  impl.RoleInfo (RoleInfo.java:shutdownLeaderElection(134)) - 08f0d413-ba2e-4bd8-9fb4-d48dc0f7c1d6: shutdown LeaderElection
2019-09-26 13:31:33,905 [08f0d413-ba2e-4bd8-9fb4-d48dc0f7c1d6@group-F34AF4E8B9A5:LeaderElection37] INFO  impl.RaftServerImpl (RaftServerImpl.java:setRole(174)) - 08f0d413-ba2e-4bd8-9fb4-d48dc0f7c1d6@group-F34AF4E8B9A5: changes role from CANDIDATE to LEADER at term 1 for changeToLeader
2019-09-26 13:31:33,905 [08f0d413-ba2e-4bd8-9fb4-d48dc0f7c1d6@group-06ED78643891:LeaderElection38] INFO  impl.RaftServerImpl (RaftServerImpl.java:setRole(174)) - 08f0d413-ba2e-4bd8-9fb4-d48dc0f7c1d6@group-06ED78643891: changes role from CANDIDATE to LEADER at term 1 for changeToLeader
2019-09-26 13:31:33,905 [08f0d413-ba2e-4bd8-9fb4-d48dc0f7c1d6@group-F34AF4E8B9A5:LeaderElection37] INFO  impl.RaftServerImpl (ServerState.java:setLeader(253)) - 08f0d413-ba2e-4bd8-9fb4-d48dc0f7c1d6@group-F34AF4E8B9A5: change Leader from null to 08f0d413-ba2e-4bd8-9fb4-d48dc0f7c1d6 at term 1 for becomeLeader, leader elected after 5161ms
2019-09-26 13:31:33,905 [08f0d413-ba2e-4bd8-9fb4-d48dc0f7c1d6@group-06ED78643891:LeaderElection38] INFO  impl.RaftServerImpl (ServerState.java:setLeader(253)) - 08f0d413-ba2e-4bd8-9fb4-d48dc0f7c1d6@group-06ED78643891: change Leader from null to 08f0d413-ba2e-4bd8-9fb4-d48dc0f7c1d6 at term 1 for becomeLeader, leader elected after 5093ms
2019-09-26 13:31:33,905 [08f0d413-ba2e-4bd8-9fb4-d48dc0f7c1d6@group-F34AF4E8B9A5:LeaderElection37] INFO  server.RaftServerConfigKeys (ConfUtils.java:logGet(43)) - raft.server.staging.catchup.gap = 1000 (default)
2019-09-26 13:31:33,905 [08f0d413-ba2e-4bd8-9fb4-d48dc0f7c1d6@group-06ED78643891:LeaderElection38] INFO  server.RaftServerConfigKeys (ConfUtils.java:logGet(43)) - raft.server.staging.catchup.gap = 1000 (default)
2019-09-26 13:31:33,905 [08f0d413-ba2e-4bd8-9fb4-d48dc0f7c1d6@group-F34AF4E8B9A5:LeaderElection37] INFO  server.RaftServerConfigKeys (ConfUtils.java:logGet(43)) - raft.server.rpc.sleep.time = 25ms (default)
2019-09-26 13:31:33,905 [08f0d413-ba2e-4bd8-9fb4-d48dc0f7c1d6@group-06ED78643891:LeaderElection38] INFO  server.RaftServerConfigKeys (ConfUtils.java:logGet(43)) - raft.server.rpc.sleep.time = 25ms (default)
2019-09-26 13:31:33,905 [08f0d413-ba2e-4bd8-9fb4-d48dc0f7c1d6@group-F34AF4E8B9A5:LeaderElection37] INFO  server.RaftServerConfigKeys (ConfUtils.java:logGet(43)) - raft.server.write.element-limit = 4096 (default)
2019-09-26 13:31:33,905 [08f0d413-ba2e-4bd8-9fb4-d48dc0f7c1d6@group-06ED78643891:LeaderElection38] INFO  server.RaftServerConfigKeys (ConfUtils.java:logGet(43)) - raft.server.write.element-limit = 4096 (default)
2019-09-26 13:31:33,906 [08f0d413-ba2e-4bd8-9fb4-d48dc0f7c1d6@group-F34AF4E8B9A5:LeaderElection37] INFO  server.RaftServerConfigKeys (ConfUtils.java:logGet(43)) - raft.server.watch.timeout = 10s (default)
2019-09-26 13:31:33,906 [08f0d413-ba2e-4bd8-9fb4-d48dc0f7c1d6@group-06ED78643891:LeaderElection38] INFO  server.RaftServerConfigKeys (ConfUtils.java:logGet(43)) - raft.server.watch.timeout = 10s (default)
2019-09-26 13:31:33,906 [08f0d413-ba2e-4bd8-9fb4-d48dc0f7c1d6@group-F34AF4E8B9A5:LeaderElection37] INFO  server.RaftServerConfigKeys (ConfUtils.java:logGet(43)) - raft.server.watch.timeout.denomination = 1s (default)
2019-09-26 13:31:33,906 [08f0d413-ba2e-4bd8-9fb4-d48dc0f7c1d6@group-06ED78643891:LeaderElection38] INFO  server.RaftServerConfigKeys (ConfUtils.java:logGet(43)) - raft.server.watch.timeout.denomination = 1s (default)
2019-09-26 13:31:33,906 [08f0d413-ba2e-4bd8-9fb4-d48dc0f7c1d6@group-F34AF4E8B9A5:LeaderElection37] INFO  server.RaftServerConfigKeys (ConfUtils.java:logGet(43)) - raft.server.watch.element-limit = 65536 (default)
2019-09-26 13:31:33,906 [08f0d413-ba2e-4bd8-9fb4-d48dc0f7c1d6@group-06ED78643891:LeaderElection38] INFO  server.RaftServerConfigKeys (ConfUtils.java:logGet(43)) - raft.server.watch.element-limit = 65536 (default)
2019-09-26 13:31:33,909 [08f0d413-ba2e-4bd8-9fb4-d48dc0f7c1d6@group-F34AF4E8B9A5:LeaderElection37] INFO  impl.RoleInfo (RoleInfo.java:updateAndGet(143)) - 08f0d413-ba2e-4bd8-9fb4-d48dc0f7c1d6: start LeaderState
2019-09-26 13:31:33,909 [08f0d413-ba2e-4bd8-9fb4-d48dc0f7c1d6@group-F34AF4E8B9A5:LeaderElection37] INFO  segmented.SegmentedRaftLogWorker (SegmentedRaftLogWorker.java:startLogSegment(380)) - 08f0d413-ba2e-4bd8-9fb4-d48dc0f7c1d6@group-F34AF4E8B9A5-SegmentedRaftLogWorker: Starting segment from index:0
2019-09-26 13:31:33,909 [08f0d413-ba2e-4bd8-9fb4-d48dc0f7c1d6@group-06ED78643891:LeaderElection38] INFO  impl.RoleInfo (RoleInfo.java:updateAndGet(143)) - 08f0d413-ba2e-4bd8-9fb4-d48dc0f7c1d6: start LeaderState
2019-09-26 13:31:33,909 [08f0d413-ba2e-4bd8-9fb4-d48dc0f7c1d6@group-06ED78643891:LeaderElection38] INFO  segmented.SegmentedRaftLogWorker (SegmentedRaftLogWorker.java:startLogSegment(380)) - 08f0d413-ba2e-4bd8-9fb4-d48dc0f7c1d6@group-06ED78643891-SegmentedRaftLogWorker: Starting segment from index:0
2019-09-26 13:31:33,909 [08f0d413-ba2e-4bd8-9fb4-d48dc0f7c1d6@group-F34AF4E8B9A5:LeaderElection37] INFO  impl.RaftServerImpl (ServerState.java:setRaftConf(354)) - 08f0d413-ba2e-4bd8-9fb4-d48dc0f7c1d6@group-F34AF4E8B9A5: set configuration 0: [08f0d413-ba2e-4bd8-9fb4-d48dc0f7c1d6:192.168.164.238:36621], old=null at 0
2019-09-26 13:31:33,910 [08f0d413-ba2e-4bd8-9fb4-d48dc0f7c1d6@group-06ED78643891:LeaderElection38] INFO  impl.RaftServerImpl (ServerState.java:setRaftConf(354)) - 08f0d413-ba2e-4bd8-9fb4-d48dc0f7c1d6@group-06ED78643891: set configuration 0: [08f0d413-ba2e-4bd8-9fb4-d48dc0f7c1d6:192.168.164.238:36621], old=null at 0
2019-09-26 13:31:33,950 [08f0d413-ba2e-4bd8-9fb4-d48dc0f7c1d6@group-F34AF4E8B9A5-SegmentedRaftLogWorker] INFO  segmented.SegmentedRaftLogWorker (SegmentedRaftLogWorker.java:execute(569)) - 08f0d413-ba2e-4bd8-9fb4-d48dc0f7c1d6@group-F34AF4E8B9A5-SegmentedRaftLogWorker: created new log segment /workdir/hadoop-ozone/ozonefs/target/test-dir/MiniOzoneClusterImpl-58f1b142-a36f-4a38-b91d-584a62105ea7/datanode-0/data/ratis/4ba0d13e-a7cd-4be0-94ab-f34af4e8b9a5/current/log_inprogress_0
2019-09-26 13:31:33,950 [08f0d413-ba2e-4bd8-9fb4-d48dc0f7c1d6@group-06ED78643891-SegmentedRaftLogWorker] INFO  segmented.SegmentedRaftLogWorker (SegmentedRaftLogWorker.java:execute(569)) - 08f0d413-ba2e-4bd8-9fb4-d48dc0f7c1d6@group-06ED78643891-SegmentedRaftLogWorker: created new log segment /workdir/hadoop-ozone/ozonefs/target/test-dir/MiniOzoneClusterImpl-58f1b142-a36f-4a38-b91d-584a62105ea7/datanode-0/data/ratis/9a55fef5-5c3a-48f4-ac97-06ed78643891/current/log_inprogress_0
2019-09-26 13:31:33,952 [Thread-723] INFO  impl.FollowerState (FollowerState.java:run(106)) - 0b05557d-aaca-4439-b58f-16bf68049744:group-61E44E5B6D03 changes to CANDIDATE, lastRpcTime:5070, electionTimeout:5070ms
2019-09-26 13:31:33,952 [Thread-723] INFO  impl.RoleInfo (RoleInfo.java:shutdownFollowerState(121)) - 0b05557d-aaca-4439-b58f-16bf68049744: shutdown FollowerState
2019-09-26 13:31:33,952 [Thread-723] INFO  impl.RaftServerImpl (RaftServerImpl.java:setRole(174)) - 0b05557d-aaca-4439-b58f-16bf68049744@group-61E44E5B6D03: changes role from  FOLLOWER to CANDIDATE at term 0 for changeToCandidate
2019-09-26 13:31:33,952 [Thread-723] INFO  impl.RoleInfo (RoleInfo.java:updateAndGet(143)) - 0b05557d-aaca-4439-b58f-16bf68049744: start LeaderElection
2019-09-26 13:31:33,982 [0b05557d-aaca-4439-b58f-16bf68049744@group-61E44E5B6D03:LeaderElection39] INFO  impl.LeaderElection (LeaderElection.java:askForVotes(182)) - 0b05557d-aaca-4439-b58f-16bf68049744@group-61E44E5B6D03:LeaderElection39: begin an election at term 1 for -1: [0b05557d-aaca-4439-b58f-16bf68049744:192.168.164.238:38840], old=null
2019-09-26 13:31:33,982 [0b05557d-aaca-4439-b58f-16bf68049744@group-61E44E5B6D03:LeaderElection39] INFO  impl.RoleInfo (RoleInfo.java:shutdownLeaderElection(134)) - 0b05557d-aaca-4439-b58f-16bf68049744: shutdown LeaderElection
2019-09-26 13:31:33,982 [0b05557d-aaca-4439-b58f-16bf68049744@group-61E44E5B6D03:LeaderElection39] INFO  impl.RaftServerImpl (RaftServerImpl.java:setRole(174)) - 0b05557d-aaca-4439-b58f-16bf68049744@group-61E44E5B6D03: changes role from CANDIDATE to LEADER at term 1 for changeToLeader
2019-09-26 13:31:33,982 [0b05557d-aaca-4439-b58f-16bf68049744@group-61E44E5B6D03:LeaderElection39] INFO  impl.RaftServerImpl (ServerState.java:setLeader(253)) - 0b05557d-aaca-4439-b58f-16bf68049744@group-61E44E5B6D03: change Leader from null to 0b05557d-aaca-4439-b58f-16bf68049744 at term 1 for becomeLeader, leader elected after 5109ms
2019-09-26 13:31:33,982 [0b05557d-aaca-4439-b58f-16bf68049744@group-61E44E5B6D03:LeaderElection39] INFO  server.RaftServerConfigKeys (ConfUtils.java:logGet(43)) - raft.server.staging.catchup.gap = 1000 (default)
2019-09-26 13:31:33,983 [0b05557d-aaca-4439-b58f-16bf68049744@group-61E44E5B6D03:LeaderElection39] INFO  server.RaftServerConfigKeys (ConfUtils.java:logGet(43)) - raft.server.rpc.sleep.time = 25ms (default)
2019-09-26 13:31:33,983 [0b05557d-aaca-4439-b58f-16bf68049744@group-61E44E5B6D03:LeaderElection39] INFO  server.RaftServerConfigKeys (ConfUtils.java:logGet(43)) - raft.server.write.element-limit = 4096 (default)
2019-09-26 13:31:33,983 [0b05557d-aaca-4439-b58f-16bf68049744@group-61E44E5B6D03:LeaderElection39] INFO  server.RaftServerConfigKeys (ConfUtils.java:logGet(43)) - raft.server.watch.timeout = 10s (default)
2019-09-26 13:31:33,983 [0b05557d-aaca-4439-b58f-16bf68049744@group-61E44E5B6D03:LeaderElection39] INFO  server.RaftServerConfigKeys (ConfUtils.java:logGet(43)) - raft.server.watch.timeout.denomination = 1s (default)
2019-09-26 13:31:33,983 [0b05557d-aaca-4439-b58f-16bf68049744@group-61E44E5B6D03:LeaderElection39] INFO  server.RaftServerConfigKeys (ConfUtils.java:logGet(43)) - raft.server.watch.element-limit = 65536 (default)
2019-09-26 13:31:33,985 [0b05557d-aaca-4439-b58f-16bf68049744@group-61E44E5B6D03:LeaderElection39] INFO  impl.RoleInfo (RoleInfo.java:updateAndGet(143)) - 0b05557d-aaca-4439-b58f-16bf68049744: start LeaderState
2019-09-26 13:31:33,985 [0b05557d-aaca-4439-b58f-16bf68049744@group-61E44E5B6D03:LeaderElection39] INFO  segmented.SegmentedRaftLogWorker (SegmentedRaftLogWorker.java:startLogSegment(380)) - 0b05557d-aaca-4439-b58f-16bf68049744@group-61E44E5B6D03-SegmentedRaftLogWorker: Starting segment from index:0
2019-09-26 13:31:33,986 [0b05557d-aaca-4439-b58f-16bf68049744@group-61E44E5B6D03:LeaderElection39] INFO  impl.RaftServerImpl (ServerState.java:setRaftConf(354)) - 0b05557d-aaca-4439-b58f-16bf68049744@group-61E44E5B6D03: set configuration 0: [0b05557d-aaca-4439-b58f-16bf68049744:192.168.164.238:38840], old=null at 0
2019-09-26 13:31:34,022 [0b05557d-aaca-4439-b58f-16bf68049744@group-61E44E5B6D03-SegmentedRaftLogWorker] INFO  segmented.SegmentedRaftLogWorker (SegmentedRaftLogWorker.java:execute(569)) - 0b05557d-aaca-4439-b58f-16bf68049744@group-61E44E5B6D03-SegmentedRaftLogWorker: created new log segment /workdir/hadoop-ozone/ozonefs/target/test-dir/MiniOzoneClusterImpl-58f1b142-a36f-4a38-b91d-584a62105ea7/datanode-1/data/ratis/3ed39021-e11c-45f4-9869-61e44e5b6d03/current/log_inprogress_0
2019-09-26 13:31:34,034 [Thread-726] INFO  impl.FollowerState (FollowerState.java:run(106)) - 0b05557d-aaca-4439-b58f-16bf68049744:group-FAB317579077 changes to CANDIDATE, lastRpcTime:5089, electionTimeout:5079ms
2019-09-26 13:31:34,035 [Thread-726] INFO  impl.RoleInfo (RoleInfo.java:shutdownFollowerState(121)) - 0b05557d-aaca-4439-b58f-16bf68049744: shutdown FollowerState
2019-09-26 13:31:34,035 [Thread-726] INFO  impl.RaftServerImpl (RaftServerImpl.java:setRole(174)) - 0b05557d-aaca-4439-b58f-16bf68049744@group-FAB317579077: changes role from  FOLLOWER to CANDIDATE at term 0 for changeToCandidate
2019-09-26 13:31:34,035 [Thread-726] INFO  impl.RoleInfo (RoleInfo.java:updateAndGet(143)) - 0b05557d-aaca-4439-b58f-16bf68049744: start LeaderElection
2019-09-26 13:31:34,050 [0b05557d-aaca-4439-b58f-16bf68049744@group-FAB317579077:LeaderElection40] INFO  impl.LeaderElection (LeaderElection.java:askForVotes(182)) - 0b05557d-aaca-4439-b58f-16bf68049744@group-FAB317579077:LeaderElection40: begin an election at term 1 for -1: [0b05557d-aaca-4439-b58f-16bf68049744:192.168.164.238:38840], old=null
2019-09-26 13:31:34,050 [0b05557d-aaca-4439-b58f-16bf68049744@group-FAB317579077:LeaderElection40] INFO  impl.RoleInfo (RoleInfo.java:shutdownLeaderElection(134)) - 0b05557d-aaca-4439-b58f-16bf68049744: shutdown LeaderElection
2019-09-26 13:31:34,050 [0b05557d-aaca-4439-b58f-16bf68049744@group-FAB317579077:LeaderElection40] INFO  impl.RaftServerImpl (RaftServerImpl.java:setRole(174)) - 0b05557d-aaca-4439-b58f-16bf68049744@group-FAB317579077: changes role from CANDIDATE to LEADER at term 1 for changeToLeader
2019-09-26 13:31:34,050 [0b05557d-aaca-4439-b58f-16bf68049744@group-FAB317579077:LeaderElection40] INFO  impl.RaftServerImpl (ServerState.java:setLeader(253)) - 0b05557d-aaca-4439-b58f-16bf68049744@group-FAB317579077: change Leader from null to 0b05557d-aaca-4439-b58f-16bf68049744 at term 1 for becomeLeader, leader elected after 5111ms
2019-09-26 13:31:34,050 [0b05557d-aaca-4439-b58f-16bf68049744@group-FAB317579077:LeaderElection40] INFO  server.RaftServerConfigKeys (ConfUtils.java:logGet(43)) - raft.server.staging.catchup.gap = 1000 (default)
2019-09-26 13:31:34,050 [0b05557d-aaca-4439-b58f-16bf68049744@group-FAB317579077:LeaderElection40] INFO  server.RaftServerConfigKeys (ConfUtils.java:logGet(43)) - raft.server.rpc.sleep.time = 25ms (default)
2019-09-26 13:31:34,050 [0b05557d-aaca-4439-b58f-16bf68049744@group-FAB317579077:LeaderElection40] INFO  server.RaftServerConfigKeys (ConfUtils.java:logGet(43)) - raft.server.write.element-limit = 4096 (default)
2019-09-26 13:31:34,050 [0b05557d-aaca-4439-b58f-16bf68049744@group-FAB317579077:LeaderElection40] INFO  server.RaftServerConfigKeys (ConfUtils.java:logGet(43)) - raft.server.watch.timeout = 10s (default)
2019-09-26 13:31:34,051 [0b05557d-aaca-4439-b58f-16bf68049744@group-FAB317579077:LeaderElection40] INFO  server.RaftServerConfigKeys (ConfUtils.java:logGet(43)) - raft.server.watch.timeout.denomination = 1s (default)
2019-09-26 13:31:34,051 [0b05557d-aaca-4439-b58f-16bf68049744@group-FAB317579077:LeaderElection40] INFO  server.RaftServerConfigKeys (ConfUtils.java:logGet(43)) - raft.server.watch.element-limit = 65536 (default)
2019-09-26 13:31:34,052 [0b05557d-aaca-4439-b58f-16bf68049744@group-FAB317579077:LeaderElection40] INFO  impl.RoleInfo (RoleInfo.java:updateAndGet(143)) - 0b05557d-aaca-4439-b58f-16bf68049744: start LeaderState
2019-09-26 13:31:34,052 [0b05557d-aaca-4439-b58f-16bf68049744@group-FAB317579077:LeaderElection40] INFO  segmented.SegmentedRaftLogWorker (SegmentedRaftLogWorker.java:startLogSegment(380)) - 0b05557d-aaca-4439-b58f-16bf68049744@group-FAB317579077-SegmentedRaftLogWorker: Starting segment from index:0
2019-09-26 13:31:34,053 [0b05557d-aaca-4439-b58f-16bf68049744@group-FAB317579077:LeaderElection40] INFO  impl.RaftServerImpl (ServerState.java:setRaftConf(354)) - 0b05557d-aaca-4439-b58f-16bf68049744@group-FAB317579077: set configuration 0: [0b05557d-aaca-4439-b58f-16bf68049744:192.168.164.238:38840], old=null at 0
2019-09-26 13:31:34,067 [Thread-729] INFO  impl.FollowerState (FollowerState.java:run(106)) - 0b05557d-aaca-4439-b58f-16bf68049744:group-AC05502D15BB changes to CANDIDATE, lastRpcTime:5076, electionTimeout:5076ms
2019-09-26 13:31:34,067 [Thread-729] INFO  impl.RoleInfo (RoleInfo.java:shutdownFollowerState(121)) - 0b05557d-aaca-4439-b58f-16bf68049744: shutdown FollowerState
2019-09-26 13:31:34,067 [Thread-729] INFO  impl.RaftServerImpl (RaftServerImpl.java:setRole(174)) - 0b05557d-aaca-4439-b58f-16bf68049744@group-AC05502D15BB: changes role from  FOLLOWER to CANDIDATE at term 0 for changeToCandidate
2019-09-26 13:31:34,067 [Thread-729] INFO  impl.RoleInfo (RoleInfo.java:updateAndGet(143)) - 0b05557d-aaca-4439-b58f-16bf68049744: start LeaderElection
2019-09-26 13:31:34,105 [0b05557d-aaca-4439-b58f-16bf68049744@group-FAB317579077-SegmentedRaftLogWorker] INFO  segmented.SegmentedRaftLogWorker (SegmentedRaftLogWorker.java:execute(569)) - 0b05557d-aaca-4439-b58f-16bf68049744@group-FAB317579077-SegmentedRaftLogWorker: created new log segment /workdir/hadoop-ozone/ozonefs/target/test-dir/MiniOzoneClusterImpl-58f1b142-a36f-4a38-b91d-584a62105ea7/datanode-1/data/ratis/23adb314-d29b-40f6-b82f-fab317579077/current/log_inprogress_0
2019-09-26 13:31:34,105 [0b05557d-aaca-4439-b58f-16bf68049744@group-AC05502D15BB:LeaderElection41] INFO  impl.LeaderElection (LeaderElection.java:askForVotes(182)) - 0b05557d-aaca-4439-b58f-16bf68049744@group-AC05502D15BB:LeaderElection41: begin an election at term 1 for -1: [0b05557d-aaca-4439-b58f-16bf68049744:192.168.164.238:38840], old=null
2019-09-26 13:31:34,105 [0b05557d-aaca-4439-b58f-16bf68049744@group-AC05502D15BB:LeaderElection41] INFO  impl.RoleInfo (RoleInfo.java:shutdownLeaderElection(134)) - 0b05557d-aaca-4439-b58f-16bf68049744: shutdown LeaderElection
2019-09-26 13:31:34,105 [0b05557d-aaca-4439-b58f-16bf68049744@group-AC05502D15BB:LeaderElection41] INFO  impl.RaftServerImpl (RaftServerImpl.java:setRole(174)) - 0b05557d-aaca-4439-b58f-16bf68049744@group-AC05502D15BB: changes role from CANDIDATE to LEADER at term 1 for changeToLeader
2019-09-26 13:31:34,105 [0b05557d-aaca-4439-b58f-16bf68049744@group-AC05502D15BB:LeaderElection41] INFO  impl.RaftServerImpl (ServerState.java:setLeader(253)) - 0b05557d-aaca-4439-b58f-16bf68049744@group-AC05502D15BB: change Leader from null to 0b05557d-aaca-4439-b58f-16bf68049744 at term 1 for becomeLeader, leader elected after 5119ms
2019-09-26 13:31:34,105 [0b05557d-aaca-4439-b58f-16bf68049744@group-AC05502D15BB:LeaderElection41] INFO  server.RaftServerConfigKeys (ConfUtils.java:logGet(43)) - raft.server.staging.catchup.gap = 1000 (default)
2019-09-26 13:31:34,105 [0b05557d-aaca-4439-b58f-16bf68049744@group-AC05502D15BB:LeaderElection41] INFO  server.RaftServerConfigKeys (ConfUtils.java:logGet(43)) - raft.server.rpc.sleep.time = 25ms (default)
2019-09-26 13:31:34,106 [0b05557d-aaca-4439-b58f-16bf68049744@group-AC05502D15BB:LeaderElection41] INFO  server.RaftServerConfigKeys (ConfUtils.java:logGet(43)) - raft.server.write.element-limit = 4096 (default)
2019-09-26 13:31:34,106 [0b05557d-aaca-4439-b58f-16bf68049744@group-AC05502D15BB:LeaderElection41] INFO  server.RaftServerConfigKeys (ConfUtils.java:logGet(43)) - raft.server.watch.timeout = 10s (default)
2019-09-26 13:31:34,106 [0b05557d-aaca-4439-b58f-16bf68049744@group-AC05502D15BB:LeaderElection41] INFO  server.RaftServerConfigKeys (ConfUtils.java:logGet(43)) - raft.server.watch.timeout.denomination = 1s (default)
2019-09-26 13:31:34,106 [0b05557d-aaca-4439-b58f-16bf68049744@group-AC05502D15BB:LeaderElection41] INFO  server.RaftServerConfigKeys (ConfUtils.java:logGet(43)) - raft.server.watch.element-limit = 65536 (default)
2019-09-26 13:31:34,108 [0b05557d-aaca-4439-b58f-16bf68049744@group-AC05502D15BB:LeaderElection41] INFO  impl.RoleInfo (RoleInfo.java:updateAndGet(143)) - 0b05557d-aaca-4439-b58f-16bf68049744: start LeaderState
2019-09-26 13:31:34,108 [0b05557d-aaca-4439-b58f-16bf68049744@group-AC05502D15BB:LeaderElection41] INFO  segmented.SegmentedRaftLogWorker (SegmentedRaftLogWorker.java:startLogSegment(380)) - 0b05557d-aaca-4439-b58f-16bf68049744@group-AC05502D15BB-SegmentedRaftLogWorker: Starting segment from index:0
2019-09-26 13:31:34,108 [0b05557d-aaca-4439-b58f-16bf68049744@group-AC05502D15BB:LeaderElection41] INFO  impl.RaftServerImpl (ServerState.java:setRaftConf(354)) - 0b05557d-aaca-4439-b58f-16bf68049744@group-AC05502D15BB: set configuration 0: [0b05557d-aaca-4439-b58f-16bf68049744:192.168.164.238:38840], old=null at 0
2019-09-26 13:31:34,158 [0b05557d-aaca-4439-b58f-16bf68049744@group-AC05502D15BB-SegmentedRaftLogWorker] INFO  segmented.SegmentedRaftLogWorker (SegmentedRaftLogWorker.java:execute(569)) - 0b05557d-aaca-4439-b58f-16bf68049744@group-AC05502D15BB-SegmentedRaftLogWorker: created new log segment /workdir/hadoop-ozone/ozonefs/target/test-dir/MiniOzoneClusterImpl-58f1b142-a36f-4a38-b91d-584a62105ea7/datanode-1/data/ratis/4f33cfe4-8cc3-45e6-9d7a-ac05502d15bb/current/log_inprogress_0
2019-09-26 13:31:34,205 [Thread-735] INFO  impl.FollowerState (FollowerState.java:run(106)) - 08f0d413-ba2e-4bd8-9fb4-d48dc0f7c1d6:group-5E4D148BAF09 changes to CANDIDATE, lastRpcTime:5142, electionTimeout:5142ms
2019-09-26 13:31:34,206 [Thread-735] INFO  impl.RoleInfo (RoleInfo.java:shutdownFollowerState(121)) - 08f0d413-ba2e-4bd8-9fb4-d48dc0f7c1d6: shutdown FollowerState
2019-09-26 13:31:34,206 [Thread-735] INFO  impl.RaftServerImpl (RaftServerImpl.java:setRole(174)) - 08f0d413-ba2e-4bd8-9fb4-d48dc0f7c1d6@group-5E4D148BAF09: changes role from  FOLLOWER to CANDIDATE at term 0 for changeToCandidate
2019-09-26 13:31:34,206 [Thread-735] INFO  impl.RoleInfo (RoleInfo.java:updateAndGet(143)) - 08f0d413-ba2e-4bd8-9fb4-d48dc0f7c1d6: start LeaderElection
2019-09-26 13:31:34,209 [Thread-744] INFO  impl.FollowerState (FollowerState.java:run(106)) - 08f0d413-ba2e-4bd8-9fb4-d48dc0f7c1d6:group-D084B8CF2C23 changes to CANDIDATE, lastRpcTime:5003, electionTimeout:5003ms
2019-09-26 13:31:34,209 [Thread-744] INFO  impl.RoleInfo (RoleInfo.java:shutdownFollowerState(121)) - 08f0d413-ba2e-4bd8-9fb4-d48dc0f7c1d6: shutdown FollowerState
2019-09-26 13:31:34,209 [Thread-744] INFO  impl.RaftServerImpl (RaftServerImpl.java:setRole(174)) - 08f0d413-ba2e-4bd8-9fb4-d48dc0f7c1d6@group-D084B8CF2C23: changes role from  FOLLOWER to CANDIDATE at term 0 for changeToCandidate
2019-09-26 13:31:34,209 [Thread-744] INFO  impl.RoleInfo (RoleInfo.java:updateAndGet(143)) - 08f0d413-ba2e-4bd8-9fb4-d48dc0f7c1d6: start LeaderElection
2019-09-26 13:31:34,211 [Thread-732] INFO  impl.FollowerState (FollowerState.java:run(106)) - 08f0d413-ba2e-4bd8-9fb4-d48dc0f7c1d6:group-38D67891843D changes to CANDIDATE, lastRpcTime:5188, electionTimeout:5188ms
2019-09-26 13:31:34,212 [Thread-732] INFO  impl.RoleInfo (RoleInfo.java:shutdownFollowerState(121)) - 08f0d413-ba2e-4bd8-9fb4-d48dc0f7c1d6: shutdown FollowerState
2019-09-26 13:31:34,212 [Thread-732] INFO  impl.RaftServerImpl (RaftServerImpl.java:setRole(174)) - 08f0d413-ba2e-4bd8-9fb4-d48dc0f7c1d6@group-38D67891843D: changes role from  FOLLOWER to CANDIDATE at term 0 for changeToCandidate
2019-09-26 13:31:34,212 [Thread-732] INFO  impl.RoleInfo (RoleInfo.java:updateAndGet(143)) - 08f0d413-ba2e-4bd8-9fb4-d48dc0f7c1d6: start LeaderElection
2019-09-26 13:31:34,223 [08f0d413-ba2e-4bd8-9fb4-d48dc0f7c1d6@group-38D67891843D:LeaderElection44] INFO  impl.LeaderElection (LeaderElection.java:askForVotes(182)) - 08f0d413-ba2e-4bd8-9fb4-d48dc0f7c1d6@group-38D67891843D:LeaderElection44: begin an election at term 1 for -1: [08f0d413-ba2e-4bd8-9fb4-d48dc0f7c1d6:192.168.164.238:36621], old=null
2019-09-26 13:31:34,223 [08f0d413-ba2e-4bd8-9fb4-d48dc0f7c1d6@group-5E4D148BAF09:LeaderElection42] INFO  impl.LeaderElection (LeaderElection.java:askForVotes(182)) - 08f0d413-ba2e-4bd8-9fb4-d48dc0f7c1d6@group-5E4D148BAF09:LeaderElection42: begin an election at term 1 for -1: [08f0d413-ba2e-4bd8-9fb4-d48dc0f7c1d6:192.168.164.238:36621], old=null
2019-09-26 13:31:34,224 [08f0d413-ba2e-4bd8-9fb4-d48dc0f7c1d6@group-38D67891843D:LeaderElection44] INFO  impl.RoleInfo (RoleInfo.java:shutdownLeaderElection(134)) - 08f0d413-ba2e-4bd8-9fb4-d48dc0f7c1d6: shutdown LeaderElection
2019-09-26 13:31:34,223 [08f0d413-ba2e-4bd8-9fb4-d48dc0f7c1d6@group-D084B8CF2C23:LeaderElection43] INFO  impl.LeaderElection (LeaderElection.java:askForVotes(182)) - 08f0d413-ba2e-4bd8-9fb4-d48dc0f7c1d6@group-D084B8CF2C23:LeaderElection43: begin an election at term 1 for -1: [08f0d413-ba2e-4bd8-9fb4-d48dc0f7c1d6:192.168.164.238:36621], old=null
2019-09-26 13:31:34,224 [08f0d413-ba2e-4bd8-9fb4-d48dc0f7c1d6@group-38D67891843D:LeaderElection44] INFO  impl.RaftServerImpl (RaftServerImpl.java:setRole(174)) - 08f0d413-ba2e-4bd8-9fb4-d48dc0f7c1d6@group-38D67891843D: changes role from CANDIDATE to LEADER at term 1 for changeToLeader
2019-09-26 13:31:34,224 [08f0d413-ba2e-4bd8-9fb4-d48dc0f7c1d6@group-5E4D148BAF09:LeaderElection42] INFO  impl.RoleInfo (RoleInfo.java:shutdownLeaderElection(134)) - 08f0d413-ba2e-4bd8-9fb4-d48dc0f7c1d6: shutdown LeaderElection
2019-09-26 13:31:34,224 [08f0d413-ba2e-4bd8-9fb4-d48dc0f7c1d6@group-38D67891843D:LeaderElection44] INFO  impl.RaftServerImpl (ServerState.java:setLeader(253)) - 08f0d413-ba2e-4bd8-9fb4-d48dc0f7c1d6@group-38D67891843D: change Leader from null to 08f0d413-ba2e-4bd8-9fb4-d48dc0f7c1d6 at term 1 for becomeLeader, leader elected after 5205ms
2019-09-26 13:31:34,224 [08f0d413-ba2e-4bd8-9fb4-d48dc0f7c1d6@group-D084B8CF2C23:LeaderElection43] INFO  impl.RoleInfo (RoleInfo.java:shutdownLeaderElection(134)) - 08f0d413-ba2e-4bd8-9fb4-d48dc0f7c1d6: shutdown LeaderElection
2019-09-26 13:31:34,224 [08f0d413-ba2e-4bd8-9fb4-d48dc0f7c1d6@group-38D67891843D:LeaderElection44] INFO  server.RaftServerConfigKeys (ConfUtils.java:logGet(43)) - raft.server.staging.catchup.gap = 1000 (default)
2019-09-26 13:31:34,224 [08f0d413-ba2e-4bd8-9fb4-d48dc0f7c1d6@group-5E4D148BAF09:LeaderElection42] INFO  impl.RaftServerImpl (RaftServerImpl.java:setRole(174)) - 08f0d413-ba2e-4bd8-9fb4-d48dc0f7c1d6@group-5E4D148BAF09: changes role from CANDIDATE to LEADER at term 1 for changeToLeader
2019-09-26 13:31:34,224 [08f0d413-ba2e-4bd8-9fb4-d48dc0f7c1d6@group-38D67891843D:LeaderElection44] INFO  server.RaftServerConfigKeys (ConfUtils.java:logGet(43)) - raft.server.rpc.sleep.time = 25ms (default)
2019-09-26 13:31:34,224 [08f0d413-ba2e-4bd8-9fb4-d48dc0f7c1d6@group-D084B8CF2C23:LeaderElection43] INFO  impl.RaftServerImpl (RaftServerImpl.java:setRole(174)) - 08f0d413-ba2e-4bd8-9fb4-d48dc0f7c1d6@group-D084B8CF2C23: changes role from CANDIDATE to LEADER at term 1 for changeToLeader
2019-09-26 13:31:34,225 [08f0d413-ba2e-4bd8-9fb4-d48dc0f7c1d6@group-38D67891843D:LeaderElection44] INFO  server.RaftServerConfigKeys (ConfUtils.java:logGet(43)) - raft.server.write.element-limit = 4096 (default)
2019-09-26 13:31:34,224 [08f0d413-ba2e-4bd8-9fb4-d48dc0f7c1d6@group-5E4D148BAF09:LeaderElection42] INFO  impl.RaftServerImpl (ServerState.java:setLeader(253)) - 08f0d413-ba2e-4bd8-9fb4-d48dc0f7c1d6@group-5E4D148BAF09: change Leader from null to 08f0d413-ba2e-4bd8-9fb4-d48dc0f7c1d6 at term 1 for becomeLeader, leader elected after 5166ms
2019-09-26 13:31:34,225 [08f0d413-ba2e-4bd8-9fb4-d48dc0f7c1d6@group-38D67891843D:LeaderElection44] INFO  server.RaftServerConfigKeys (ConfUtils.java:logGet(43)) - raft.server.watch.timeout = 10s (default)
2019-09-26 13:31:34,225 [08f0d413-ba2e-4bd8-9fb4-d48dc0f7c1d6@group-D084B8CF2C23:LeaderElection43] INFO  impl.RaftServerImpl (ServerState.java:setLeader(253)) - 08f0d413-ba2e-4bd8-9fb4-d48dc0f7c1d6@group-D084B8CF2C23: change Leader from null to 08f0d413-ba2e-4bd8-9fb4-d48dc0f7c1d6 at term 1 for becomeLeader, leader elected after 5024ms
2019-09-26 13:31:34,225 [08f0d413-ba2e-4bd8-9fb4-d48dc0f7c1d6@group-38D67891843D:LeaderElection44] INFO  server.RaftServerConfigKeys (ConfUtils.java:logGet(43)) - raft.server.watch.timeout.denomination = 1s (default)
2019-09-26 13:31:34,225 [08f0d413-ba2e-4bd8-9fb4-d48dc0f7c1d6@group-5E4D148BAF09:LeaderElection42] INFO  server.RaftServerConfigKeys (ConfUtils.java:logGet(43)) - raft.server.staging.catchup.gap = 1000 (default)
2019-09-26 13:31:34,225 [08f0d413-ba2e-4bd8-9fb4-d48dc0f7c1d6@group-38D67891843D:LeaderElection44] INFO  server.RaftServerConfigKeys (ConfUtils.java:logGet(43)) - raft.server.watch.element-limit = 65536 (default)
2019-09-26 13:31:34,225 [08f0d413-ba2e-4bd8-9fb4-d48dc0f7c1d6@group-D084B8CF2C23:LeaderElection43] INFO  server.RaftServerConfigKeys (ConfUtils.java:logGet(43)) - raft.server.staging.catchup.gap = 1000 (default)
2019-09-26 13:31:34,225 [08f0d413-ba2e-4bd8-9fb4-d48dc0f7c1d6@group-5E4D148BAF09:LeaderElection42] INFO  server.RaftServerConfigKeys (ConfUtils.java:logGet(43)) - raft.server.rpc.sleep.time = 25ms (default)
2019-09-26 13:31:34,225 [08f0d413-ba2e-4bd8-9fb4-d48dc0f7c1d6@group-D084B8CF2C23:LeaderElection43] INFO  server.RaftServerConfigKeys (ConfUtils.java:logGet(43)) - raft.server.rpc.sleep.time = 25ms (default)
2019-09-26 13:31:34,225 [08f0d413-ba2e-4bd8-9fb4-d48dc0f7c1d6@group-5E4D148BAF09:LeaderElection42] INFO  server.RaftServerConfigKeys (ConfUtils.java:logGet(43)) - raft.server.write.element-limit = 4096 (default)
2019-09-26 13:31:34,226 [08f0d413-ba2e-4bd8-9fb4-d48dc0f7c1d6@group-D084B8CF2C23:LeaderElection43] INFO  server.RaftServerConfigKeys (ConfUtils.java:logGet(43)) - raft.server.write.element-limit = 4096 (default)
2019-09-26 13:31:34,226 [08f0d413-ba2e-4bd8-9fb4-d48dc0f7c1d6@group-5E4D148BAF09:LeaderElection42] INFO  server.RaftServerConfigKeys (ConfUtils.java:logGet(43)) - raft.server.watch.timeout = 10s (default)
2019-09-26 13:31:34,226 [08f0d413-ba2e-4bd8-9fb4-d48dc0f7c1d6@group-D084B8CF2C23:LeaderElection43] INFO  server.RaftServerConfigKeys (ConfUtils.java:logGet(43)) - raft.server.watch.timeout = 10s (default)
2019-09-26 13:31:34,226 [08f0d413-ba2e-4bd8-9fb4-d48dc0f7c1d6@group-5E4D148BAF09:LeaderElection42] INFO  server.RaftServerConfigKeys (ConfUtils.java:logGet(43)) - raft.server.watch.timeout.denomination = 1s (default)
2019-09-26 13:31:34,226 [08f0d413-ba2e-4bd8-9fb4-d48dc0f7c1d6@group-D084B8CF2C23:LeaderElection43] INFO  server.RaftServerConfigKeys (ConfUtils.java:logGet(43)) - raft.server.watch.timeout.denomination = 1s (default)
2019-09-26 13:31:34,226 [08f0d413-ba2e-4bd8-9fb4-d48dc0f7c1d6@group-5E4D148BAF09:LeaderElection42] INFO  server.RaftServerConfigKeys (ConfUtils.java:logGet(43)) - raft.server.watch.element-limit = 65536 (default)
2019-09-26 13:31:34,226 [08f0d413-ba2e-4bd8-9fb4-d48dc0f7c1d6@group-D084B8CF2C23:LeaderElection43] INFO  server.RaftServerConfigKeys (ConfUtils.java:logGet(43)) - raft.server.watch.element-limit = 65536 (default)
2019-09-26 13:31:34,227 [08f0d413-ba2e-4bd8-9fb4-d48dc0f7c1d6@group-38D67891843D:LeaderElection44] INFO  impl.RoleInfo (RoleInfo.java:updateAndGet(143)) - 08f0d413-ba2e-4bd8-9fb4-d48dc0f7c1d6: start LeaderState
2019-09-26 13:31:34,227 [08f0d413-ba2e-4bd8-9fb4-d48dc0f7c1d6@group-38D67891843D:LeaderElection44] INFO  segmented.SegmentedRaftLogWorker (SegmentedRaftLogWorker.java:startLogSegment(380)) - 08f0d413-ba2e-4bd8-9fb4-d48dc0f7c1d6@group-38D67891843D-SegmentedRaftLogWorker: Starting segment from index:0
2019-09-26 13:31:34,227 [08f0d413-ba2e-4bd8-9fb4-d48dc0f7c1d6@group-38D67891843D:LeaderElection44] INFO  impl.RaftServerImpl (ServerState.java:setRaftConf(354)) - 08f0d413-ba2e-4bd8-9fb4-d48dc0f7c1d6@group-38D67891843D: set configuration 0: [08f0d413-ba2e-4bd8-9fb4-d48dc0f7c1d6:192.168.164.238:36621], old=null at 0
2019-09-26 13:31:34,228 [08f0d413-ba2e-4bd8-9fb4-d48dc0f7c1d6@group-5E4D148BAF09:LeaderElection42] INFO  impl.RoleInfo (RoleInfo.java:updateAndGet(143)) - 08f0d413-ba2e-4bd8-9fb4-d48dc0f7c1d6: start LeaderState
2019-09-26 13:31:34,228 [08f0d413-ba2e-4bd8-9fb4-d48dc0f7c1d6@group-D084B8CF2C23:LeaderElection43] INFO  impl.RoleInfo (RoleInfo.java:updateAndGet(143)) - 08f0d413-ba2e-4bd8-9fb4-d48dc0f7c1d6: start LeaderState
2019-09-26 13:31:34,229 [08f0d413-ba2e-4bd8-9fb4-d48dc0f7c1d6@group-5E4D148BAF09:LeaderElection42] INFO  segmented.SegmentedRaftLogWorker (SegmentedRaftLogWorker.java:startLogSegment(380)) - 08f0d413-ba2e-4bd8-9fb4-d48dc0f7c1d6@group-5E4D148BAF09-SegmentedRaftLogWorker: Starting segment from index:0
2019-09-26 13:31:34,229 [08f0d413-ba2e-4bd8-9fb4-d48dc0f7c1d6@group-D084B8CF2C23:LeaderElection43] INFO  segmented.SegmentedRaftLogWorker (SegmentedRaftLogWorker.java:startLogSegment(380)) - 08f0d413-ba2e-4bd8-9fb4-d48dc0f7c1d6@group-D084B8CF2C23-SegmentedRaftLogWorker: Starting segment from index:0
2019-09-26 13:31:34,229 [08f0d413-ba2e-4bd8-9fb4-d48dc0f7c1d6@group-5E4D148BAF09:LeaderElection42] INFO  impl.RaftServerImpl (ServerState.java:setRaftConf(354)) - 08f0d413-ba2e-4bd8-9fb4-d48dc0f7c1d6@group-5E4D148BAF09: set configuration 0: [08f0d413-ba2e-4bd8-9fb4-d48dc0f7c1d6:192.168.164.238:36621], old=null at 0
2019-09-26 13:31:34,229 [08f0d413-ba2e-4bd8-9fb4-d48dc0f7c1d6@group-D084B8CF2C23:LeaderElection43] INFO  impl.RaftServerImpl (ServerState.java:setRaftConf(354)) - 08f0d413-ba2e-4bd8-9fb4-d48dc0f7c1d6@group-D084B8CF2C23: set configuration 0: [08f0d413-ba2e-4bd8-9fb4-d48dc0f7c1d6:192.168.164.238:36621], old=null at 0
2019-09-26 13:31:34,257 [Thread-747] INFO  impl.FollowerState (FollowerState.java:run(106)) - 0b05557d-aaca-4439-b58f-16bf68049744:group-858869F956F9 changes to CANDIDATE, lastRpcTime:5020, electionTimeout:5020ms
2019-09-26 13:31:34,257 [Thread-747] INFO  impl.RoleInfo (RoleInfo.java:shutdownFollowerState(121)) - 0b05557d-aaca-4439-b58f-16bf68049744: shutdown FollowerState
2019-09-26 13:31:34,257 [Thread-747] INFO  impl.RaftServerImpl (RaftServerImpl.java:setRole(174)) - 0b05557d-aaca-4439-b58f-16bf68049744@group-858869F956F9: changes role from  FOLLOWER to CANDIDATE at term 0 for changeToCandidate
2019-09-26 13:31:34,258 [Thread-747] INFO  impl.RoleInfo (RoleInfo.java:updateAndGet(143)) - 0b05557d-aaca-4439-b58f-16bf68049744: start LeaderElection
2019-09-26 13:31:34,269 [08f0d413-ba2e-4bd8-9fb4-d48dc0f7c1d6@group-5E4D148BAF09-SegmentedRaftLogWorker] INFO  segmented.SegmentedRaftLogWorker (SegmentedRaftLogWorker.java:execute(569)) - 08f0d413-ba2e-4bd8-9fb4-d48dc0f7c1d6@group-5E4D148BAF09-SegmentedRaftLogWorker: created new log segment /workdir/hadoop-ozone/ozonefs/target/test-dir/MiniOzoneClusterImpl-58f1b142-a36f-4a38-b91d-584a62105ea7/datanode-0/data/ratis/a9107629-92a2-4c07-9777-5e4d148baf09/current/log_inprogress_0
2019-09-26 13:31:34,283 [08f0d413-ba2e-4bd8-9fb4-d48dc0f7c1d6@group-D084B8CF2C23-SegmentedRaftLogWorker] INFO  segmented.SegmentedRaftLogWorker (SegmentedRaftLogWorker.java:execute(569)) - 08f0d413-ba2e-4bd8-9fb4-d48dc0f7c1d6@group-D084B8CF2C23-SegmentedRaftLogWorker: created new log segment /workdir/hadoop-ozone/ozonefs/target/test-dir/MiniOzoneClusterImpl-58f1b142-a36f-4a38-b91d-584a62105ea7/datanode-0/data/ratis/f673604d-4996-4240-992e-d084b8cf2c23/current/log_inprogress_0
2019-09-26 13:31:34,283 [08f0d413-ba2e-4bd8-9fb4-d48dc0f7c1d6@group-38D67891843D-SegmentedRaftLogWorker] INFO  segmented.SegmentedRaftLogWorker (SegmentedRaftLogWorker.java:execute(569)) - 08f0d413-ba2e-4bd8-9fb4-d48dc0f7c1d6@group-38D67891843D-SegmentedRaftLogWorker: created new log segment /workdir/hadoop-ozone/ozonefs/target/test-dir/MiniOzoneClusterImpl-58f1b142-a36f-4a38-b91d-584a62105ea7/datanode-0/data/ratis/03e44d32-581a-49fd-8861-38d67891843d/current/log_inprogress_0
2019-09-26 13:31:34,283 [0b05557d-aaca-4439-b58f-16bf68049744@group-858869F956F9:LeaderElection45] INFO  impl.LeaderElection (LeaderElection.java:askForVotes(182)) - 0b05557d-aaca-4439-b58f-16bf68049744@group-858869F956F9:LeaderElection45: begin an election at term 1 for -1: [0b05557d-aaca-4439-b58f-16bf68049744:192.168.164.238:38840], old=null
2019-09-26 13:31:34,284 [0b05557d-aaca-4439-b58f-16bf68049744@group-858869F956F9:LeaderElection45] INFO  impl.RoleInfo (RoleInfo.java:shutdownLeaderElection(134)) - 0b05557d-aaca-4439-b58f-16bf68049744: shutdown LeaderElection
2019-09-26 13:31:34,284 [0b05557d-aaca-4439-b58f-16bf68049744@group-858869F956F9:LeaderElection45] INFO  impl.RaftServerImpl (RaftServerImpl.java:setRole(174)) - 0b05557d-aaca-4439-b58f-16bf68049744@group-858869F956F9: changes role from CANDIDATE to LEADER at term 1 for changeToLeader
2019-09-26 13:31:34,284 [0b05557d-aaca-4439-b58f-16bf68049744@group-858869F956F9:LeaderElection45] INFO  impl.RaftServerImpl (ServerState.java:setLeader(253)) - 0b05557d-aaca-4439-b58f-16bf68049744@group-858869F956F9: change Leader from null to 0b05557d-aaca-4439-b58f-16bf68049744 at term 1 for becomeLeader, leader elected after 5053ms
2019-09-26 13:31:34,284 [0b05557d-aaca-4439-b58f-16bf68049744@group-858869F956F9:LeaderElection45] INFO  server.RaftServerConfigKeys (ConfUtils.java:logGet(43)) - raft.server.staging.catchup.gap = 1000 (default)
2019-09-26 13:31:34,284 [0b05557d-aaca-4439-b58f-16bf68049744@group-858869F956F9:LeaderElection45] INFO  server.RaftServerConfigKeys (ConfUtils.java:logGet(43)) - raft.server.rpc.sleep.time = 25ms (default)
2019-09-26 13:31:34,284 [0b05557d-aaca-4439-b58f-16bf68049744@group-858869F956F9:LeaderElection45] INFO  server.RaftServerConfigKeys (ConfUtils.java:logGet(43)) - raft.server.write.element-limit = 4096 (default)
2019-09-26 13:31:34,284 [0b05557d-aaca-4439-b58f-16bf68049744@group-858869F956F9:LeaderElection45] INFO  server.RaftServerConfigKeys (ConfUtils.java:logGet(43)) - raft.server.watch.timeout = 10s (default)
2019-09-26 13:31:34,285 [0b05557d-aaca-4439-b58f-16bf68049744@group-858869F956F9:LeaderElection45] INFO  server.RaftServerConfigKeys (ConfUtils.java:logGet(43)) - raft.server.watch.timeout.denomination = 1s (default)
2019-09-26 13:31:34,285 [0b05557d-aaca-4439-b58f-16bf68049744@group-858869F956F9:LeaderElection45] INFO  server.RaftServerConfigKeys (ConfUtils.java:logGet(43)) - raft.server.watch.element-limit = 65536 (default)
2019-09-26 13:31:34,287 [0b05557d-aaca-4439-b58f-16bf68049744@group-858869F956F9:LeaderElection45] INFO  impl.RoleInfo (RoleInfo.java:updateAndGet(143)) - 0b05557d-aaca-4439-b58f-16bf68049744: start LeaderState
2019-09-26 13:31:34,287 [0b05557d-aaca-4439-b58f-16bf68049744@group-858869F956F9:LeaderElection45] INFO  segmented.SegmentedRaftLogWorker (SegmentedRaftLogWorker.java:startLogSegment(380)) - 0b05557d-aaca-4439-b58f-16bf68049744@group-858869F956F9-SegmentedRaftLogWorker: Starting segment from index:0
2019-09-26 13:31:34,288 [0b05557d-aaca-4439-b58f-16bf68049744@group-858869F956F9:LeaderElection45] INFO  impl.RaftServerImpl (ServerState.java:setRaftConf(354)) - 0b05557d-aaca-4439-b58f-16bf68049744@group-858869F956F9: set configuration 0: [0b05557d-aaca-4439-b58f-16bf68049744:192.168.164.238:38840], old=null at 0
2019-09-26 13:31:34,297 [Thread-750] INFO  impl.FollowerState (FollowerState.java:run(106)) - 0b05557d-aaca-4439-b58f-16bf68049744:group-797C5D2047A3 changes to CANDIDATE, lastRpcTime:5037, electionTimeout:5037ms
2019-09-26 13:31:34,297 [Thread-750] INFO  impl.RoleInfo (RoleInfo.java:shutdownFollowerState(121)) - 0b05557d-aaca-4439-b58f-16bf68049744: shutdown FollowerState
2019-09-26 13:31:34,297 [Thread-750] INFO  impl.RaftServerImpl (RaftServerImpl.java:setRole(174)) - 0b05557d-aaca-4439-b58f-16bf68049744@group-797C5D2047A3: changes role from  FOLLOWER to CANDIDATE at term 0 for changeToCandidate
2019-09-26 13:31:34,297 [Thread-750] INFO  impl.RoleInfo (RoleInfo.java:updateAndGet(143)) - 0b05557d-aaca-4439-b58f-16bf68049744: start LeaderElection
2019-09-26 13:31:34,317 [Thread-738] INFO  impl.FollowerState (FollowerState.java:run(106)) - 0b05557d-aaca-4439-b58f-16bf68049744:group-65B1AEADF337 changes to CANDIDATE, lastRpcTime:5199, electionTimeout:5186ms
2019-09-26 13:31:34,317 [Thread-741] INFO  impl.FollowerState (FollowerState.java:run(106)) - 08f0d413-ba2e-4bd8-9fb4-d48dc0f7c1d6:group-EF51A4BC2699 changes to CANDIDATE, lastRpcTime:5142, electionTimeout:5132ms
2019-09-26 13:31:34,317 [Thread-738] INFO  impl.RoleInfo (RoleInfo.java:shutdownFollowerState(121)) - 0b05557d-aaca-4439-b58f-16bf68049744: shutdown FollowerState
2019-09-26 13:31:34,317 [Thread-741] INFO  impl.RoleInfo (RoleInfo.java:shutdownFollowerState(121)) - 08f0d413-ba2e-4bd8-9fb4-d48dc0f7c1d6: shutdown FollowerState
2019-09-26 13:31:34,317 [Thread-738] INFO  impl.RaftServerImpl (RaftServerImpl.java:setRole(174)) - 0b05557d-aaca-4439-b58f-16bf68049744@group-65B1AEADF337: changes role from  FOLLOWER to CANDIDATE at term 0 for changeToCandidate
2019-09-26 13:31:34,317 [Thread-741] INFO  impl.RaftServerImpl (RaftServerImpl.java:setRole(174)) - 08f0d413-ba2e-4bd8-9fb4-d48dc0f7c1d6@group-EF51A4BC2699: changes role from  FOLLOWER to CANDIDATE at term 0 for changeToCandidate
2019-09-26 13:31:34,318 [Thread-738] INFO  impl.RoleInfo (RoleInfo.java:updateAndGet(143)) - 0b05557d-aaca-4439-b58f-16bf68049744: start LeaderElection
2019-09-26 13:31:34,318 [Thread-741] INFO  impl.RoleInfo (RoleInfo.java:updateAndGet(143)) - 08f0d413-ba2e-4bd8-9fb4-d48dc0f7c1d6: start LeaderElection
2019-09-26 13:31:34,330 [0b05557d-aaca-4439-b58f-16bf68049744@group-858869F956F9-SegmentedRaftLogWorker] INFO  segmented.SegmentedRaftLogWorker (SegmentedRaftLogWorker.java:execute(569)) - 0b05557d-aaca-4439-b58f-16bf68049744@group-858869F956F9-SegmentedRaftLogWorker: created new log segment /workdir/hadoop-ozone/ozonefs/target/test-dir/MiniOzoneClusterImpl-58f1b142-a36f-4a38-b91d-584a62105ea7/datanode-1/data/ratis/7d65c1a9-1d84-4c72-9a39-858869f956f9/current/log_inprogress_0
2019-09-26 13:31:34,330 [0b05557d-aaca-4439-b58f-16bf68049744@group-65B1AEADF337:LeaderElection47] INFO  impl.LeaderElection (LeaderElection.java:askForVotes(182)) - 0b05557d-aaca-4439-b58f-16bf68049744@group-65B1AEADF337:LeaderElection47: begin an election at term 1 for -1: [0b05557d-aaca-4439-b58f-16bf68049744:192.168.164.238:38840], old=null
2019-09-26 13:31:34,330 [08f0d413-ba2e-4bd8-9fb4-d48dc0f7c1d6@group-EF51A4BC2699:LeaderElection48] INFO  impl.LeaderElection (LeaderElection.java:askForVotes(182)) - 08f0d413-ba2e-4bd8-9fb4-d48dc0f7c1d6@group-EF51A4BC2699:LeaderElection48: begin an election at term 1 for -1: [08f0d413-ba2e-4bd8-9fb4-d48dc0f7c1d6:192.168.164.238:36621], old=null
2019-09-26 13:31:34,330 [0b05557d-aaca-4439-b58f-16bf68049744@group-797C5D2047A3:LeaderElection46] INFO  impl.LeaderElection (LeaderElection.java:askForVotes(182)) - 0b05557d-aaca-4439-b58f-16bf68049744@group-797C5D2047A3:LeaderElection46: begin an election at term 1 for -1: [0b05557d-aaca-4439-b58f-16bf68049744:192.168.164.238:38840], old=null
2019-09-26 13:31:34,330 [08f0d413-ba2e-4bd8-9fb4-d48dc0f7c1d6@group-EF51A4BC2699:LeaderElection48] INFO  impl.RoleInfo (RoleInfo.java:shutdownLeaderElection(134)) - 08f0d413-ba2e-4bd8-9fb4-d48dc0f7c1d6: shutdown LeaderElection
2019-09-26 13:31:34,330 [0b05557d-aaca-4439-b58f-16bf68049744@group-65B1AEADF337:LeaderElection47] INFO  impl.RoleInfo (RoleInfo.java:shutdownLeaderElection(134)) - 0b05557d-aaca-4439-b58f-16bf68049744: shutdown LeaderElection
2019-09-26 13:31:34,331 [08f0d413-ba2e-4bd8-9fb4-d48dc0f7c1d6@group-EF51A4BC2699:LeaderElection48] INFO  impl.RaftServerImpl (RaftServerImpl.java:setRole(174)) - 08f0d413-ba2e-4bd8-9fb4-d48dc0f7c1d6@group-EF51A4BC2699: changes role from CANDIDATE to LEADER at term 1 for changeToLeader
2019-09-26 13:31:34,330 [0b05557d-aaca-4439-b58f-16bf68049744@group-797C5D2047A3:LeaderElection46] INFO  impl.RoleInfo (RoleInfo.java:shutdownLeaderElection(134)) - 0b05557d-aaca-4439-b58f-16bf68049744: shutdown LeaderElection
2019-09-26 13:31:34,331 [08f0d413-ba2e-4bd8-9fb4-d48dc0f7c1d6@group-EF51A4BC2699:LeaderElection48] INFO  impl.RaftServerImpl (ServerState.java:setLeader(253)) - 08f0d413-ba2e-4bd8-9fb4-d48dc0f7c1d6@group-EF51A4BC2699: change Leader from null to 08f0d413-ba2e-4bd8-9fb4-d48dc0f7c1d6 at term 1 for becomeLeader, leader elected after 5160ms
2019-09-26 13:31:34,331 [0b05557d-aaca-4439-b58f-16bf68049744@group-65B1AEADF337:LeaderElection47] INFO  impl.RaftServerImpl (RaftServerImpl.java:setRole(174)) - 0b05557d-aaca-4439-b58f-16bf68049744@group-65B1AEADF337: changes role from CANDIDATE to LEADER at term 1 for changeToLeader
2019-09-26 13:31:34,331 [0b05557d-aaca-4439-b58f-16bf68049744@group-797C5D2047A3:LeaderElection46] INFO  impl.RaftServerImpl (RaftServerImpl.java:setRole(174)) - 0b05557d-aaca-4439-b58f-16bf68049744@group-797C5D2047A3: changes role from CANDIDATE to LEADER at term 1 for changeToLeader
2019-09-26 13:31:34,331 [0b05557d-aaca-4439-b58f-16bf68049744@group-65B1AEADF337:LeaderElection47] INFO  impl.RaftServerImpl (ServerState.java:setLeader(253)) - 0b05557d-aaca-4439-b58f-16bf68049744@group-65B1AEADF337: change Leader from null to 0b05557d-aaca-4439-b58f-16bf68049744 at term 1 for becomeLeader, leader elected after 5218ms
2019-09-26 13:31:34,331 [08f0d413-ba2e-4bd8-9fb4-d48dc0f7c1d6@group-EF51A4BC2699:LeaderElection48] INFO  server.RaftServerConfigKeys (ConfUtils.java:logGet(43)) - raft.server.staging.catchup.gap = 1000 (default)
2019-09-26 13:31:34,331 [0b05557d-aaca-4439-b58f-16bf68049744@group-65B1AEADF337:LeaderElection47] INFO  server.RaftServerConfigKeys (ConfUtils.java:logGet(43)) - raft.server.staging.catchup.gap = 1000 (default)
2019-09-26 13:31:34,331 [0b05557d-aaca-4439-b58f-16bf68049744@group-797C5D2047A3:LeaderElection46] INFO  impl.RaftServerImpl (ServerState.java:setLeader(253)) - 0b05557d-aaca-4439-b58f-16bf68049744@group-797C5D2047A3: change Leader from null to 0b05557d-aaca-4439-b58f-16bf68049744 at term 1 for becomeLeader, leader elected after 5075ms
2019-09-26 13:31:34,331 [0b05557d-aaca-4439-b58f-16bf68049744@group-65B1AEADF337:LeaderElection47] INFO  server.RaftServerConfigKeys (ConfUtils.java:logGet(43)) - raft.server.rpc.sleep.time = 25ms (default)
2019-09-26 13:31:34,331 [08f0d413-ba2e-4bd8-9fb4-d48dc0f7c1d6@group-EF51A4BC2699:LeaderElection48] INFO  server.RaftServerConfigKeys (ConfUtils.java:logGet(43)) - raft.server.rpc.sleep.time = 25ms (default)
2019-09-26 13:31:34,332 [0b05557d-aaca-4439-b58f-16bf68049744@group-65B1AEADF337:LeaderElection47] INFO  server.RaftServerConfigKeys (ConfUtils.java:logGet(43)) - raft.server.write.element-limit = 4096 (default)
2019-09-26 13:31:34,332 [0b05557d-aaca-4439-b58f-16bf68049744@group-797C5D2047A3:LeaderElection46] INFO  server.RaftServerConfigKeys (ConfUtils.java:logGet(43)) - raft.server.staging.catchup.gap = 1000 (default)
2019-09-26 13:31:34,332 [0b05557d-aaca-4439-b58f-16bf68049744@group-65B1AEADF337:LeaderElection47] INFO  server.RaftServerConfigKeys (ConfUtils.java:logGet(43)) - raft.server.watch.timeout = 10s (default)
2019-09-26 13:31:34,332 [08f0d413-ba2e-4bd8-9fb4-d48dc0f7c1d6@group-EF51A4BC2699:LeaderElection48] INFO  server.RaftServerConfigKeys (ConfUtils.java:logGet(43)) - raft.server.write.element-limit = 4096 (default)
2019-09-26 13:31:34,332 [0b05557d-aaca-4439-b58f-16bf68049744@group-65B1AEADF337:LeaderElection47] INFO  server.RaftServerConfigKeys (ConfUtils.java:logGet(43)) - raft.server.watch.timeout.denomination = 1s (default)
2019-09-26 13:31:34,332 [0b05557d-aaca-4439-b58f-16bf68049744@group-797C5D2047A3:LeaderElection46] INFO  server.RaftServerConfigKeys (ConfUtils.java:logGet(43)) - raft.server.rpc.sleep.time = 25ms (default)
2019-09-26 13:31:34,332 [0b05557d-aaca-4439-b58f-16bf68049744@group-65B1AEADF337:LeaderElection47] INFO  server.RaftServerConfigKeys (ConfUtils.java:logGet(43)) - raft.server.watch.element-limit = 65536 (default)
2019-09-26 13:31:34,332 [08f0d413-ba2e-4bd8-9fb4-d48dc0f7c1d6@group-EF51A4BC2699:LeaderElection48] INFO  server.RaftServerConfigKeys (ConfUtils.java:logGet(43)) - raft.server.watch.timeout = 10s (default)
2019-09-26 13:31:34,332 [0b05557d-aaca-4439-b58f-16bf68049744@group-797C5D2047A3:LeaderElection46] INFO  server.RaftServerConfigKeys (ConfUtils.java:logGet(43)) - raft.server.write.element-limit = 4096 (default)
2019-09-26 13:31:34,333 [08f0d413-ba2e-4bd8-9fb4-d48dc0f7c1d6@group-EF51A4BC2699:LeaderElection48] INFO  server.RaftServerConfigKeys (ConfUtils.java:logGet(43)) - raft.server.watch.timeout.denomination = 1s (default)
2019-09-26 13:31:34,333 [0b05557d-aaca-4439-b58f-16bf68049744@group-797C5D2047A3:LeaderElection46] INFO  server.RaftServerConfigKeys (ConfUtils.java:logGet(43)) - raft.server.watch.timeout = 10s (default)
2019-09-26 13:31:34,333 [08f0d413-ba2e-4bd8-9fb4-d48dc0f7c1d6@group-EF51A4BC2699:LeaderElection48] INFO  server.RaftServerConfigKeys (ConfUtils.java:logGet(43)) - raft.server.watch.element-limit = 65536 (default)
2019-09-26 13:31:34,333 [0b05557d-aaca-4439-b58f-16bf68049744@group-797C5D2047A3:LeaderElection46] INFO  server.RaftServerConfigKeys (ConfUtils.java:logGet(43)) - raft.server.watch.timeout.denomination = 1s (default)
2019-09-26 13:31:34,333 [0b05557d-aaca-4439-b58f-16bf68049744@group-797C5D2047A3:LeaderElection46] INFO  server.RaftServerConfigKeys (ConfUtils.java:logGet(43)) - raft.server.watch.element-limit = 65536 (default)
2019-09-26 13:31:34,336 [0b05557d-aaca-4439-b58f-16bf68049744@group-65B1AEADF337:LeaderElection47] INFO  impl.RoleInfo (RoleInfo.java:updateAndGet(143)) - 0b05557d-aaca-4439-b58f-16bf68049744: start LeaderState
2019-09-26 13:31:34,336 [0b05557d-aaca-4439-b58f-16bf68049744@group-65B1AEADF337:LeaderElection47] INFO  segmented.SegmentedRaftLogWorker (SegmentedRaftLogWorker.java:startLogSegment(380)) - 0b05557d-aaca-4439-b58f-16bf68049744@group-65B1AEADF337-SegmentedRaftLogWorker: Starting segment from index:0
2019-09-26 13:31:34,337 [0b05557d-aaca-4439-b58f-16bf68049744@group-65B1AEADF337:LeaderElection47] INFO  impl.RaftServerImpl (ServerState.java:setRaftConf(354)) - 0b05557d-aaca-4439-b58f-16bf68049744@group-65B1AEADF337: set configuration 0: [0b05557d-aaca-4439-b58f-16bf68049744:192.168.164.238:38840], old=null at 0
2019-09-26 13:31:34,337 [08f0d413-ba2e-4bd8-9fb4-d48dc0f7c1d6@group-EF51A4BC2699:LeaderElection48] INFO  impl.RoleInfo (RoleInfo.java:updateAndGet(143)) - 08f0d413-ba2e-4bd8-9fb4-d48dc0f7c1d6: start LeaderState
2019-09-26 13:31:34,337 [0b05557d-aaca-4439-b58f-16bf68049744@group-797C5D2047A3:LeaderElection46] INFO  impl.RoleInfo (RoleInfo.java:updateAndGet(143)) - 0b05557d-aaca-4439-b58f-16bf68049744: start LeaderState
2019-09-26 13:31:34,337 [08f0d413-ba2e-4bd8-9fb4-d48dc0f7c1d6@group-EF51A4BC2699:LeaderElection48] INFO  segmented.SegmentedRaftLogWorker (SegmentedRaftLogWorker.java:startLogSegment(380)) - 08f0d413-ba2e-4bd8-9fb4-d48dc0f7c1d6@group-EF51A4BC2699-SegmentedRaftLogWorker: Starting segment from index:0
2019-09-26 13:31:34,337 [0b05557d-aaca-4439-b58f-16bf68049744@group-797C5D2047A3:LeaderElection46] INFO  segmented.SegmentedRaftLogWorker (SegmentedRaftLogWorker.java:startLogSegment(380)) - 0b05557d-aaca-4439-b58f-16bf68049744@group-797C5D2047A3-SegmentedRaftLogWorker: Starting segment from index:0
2019-09-26 13:31:34,338 [08f0d413-ba2e-4bd8-9fb4-d48dc0f7c1d6@group-EF51A4BC2699:LeaderElection48] INFO  impl.RaftServerImpl (ServerState.java:setRaftConf(354)) - 08f0d413-ba2e-4bd8-9fb4-d48dc0f7c1d6@group-EF51A4BC2699: set configuration 0: [08f0d413-ba2e-4bd8-9fb4-d48dc0f7c1d6:192.168.164.238:36621], old=null at 0
2019-09-26 13:31:34,338 [0b05557d-aaca-4439-b58f-16bf68049744@group-797C5D2047A3:LeaderElection46] INFO  impl.RaftServerImpl (ServerState.java:setRaftConf(354)) - 0b05557d-aaca-4439-b58f-16bf68049744@group-797C5D2047A3: set configuration 0: [0b05557d-aaca-4439-b58f-16bf68049744:192.168.164.238:38840], old=null at 0
2019-09-26 13:31:34,378 [0b05557d-aaca-4439-b58f-16bf68049744@group-797C5D2047A3-SegmentedRaftLogWorker] INFO  segmented.SegmentedRaftLogWorker (SegmentedRaftLogWorker.java:execute(569)) - 0b05557d-aaca-4439-b58f-16bf68049744@group-797C5D2047A3-SegmentedRaftLogWorker: created new log segment /workdir/hadoop-ozone/ozonefs/target/test-dir/MiniOzoneClusterImpl-58f1b142-a36f-4a38-b91d-584a62105ea7/datanode-1/data/ratis/c209f2eb-aedf-4d82-bde9-797c5d2047a3/current/log_inprogress_0
2019-09-26 13:31:34,378 [08f0d413-ba2e-4bd8-9fb4-d48dc0f7c1d6@group-EF51A4BC2699-SegmentedRaftLogWorker] INFO  segmented.SegmentedRaftLogWorker (SegmentedRaftLogWorker.java:execute(569)) - 08f0d413-ba2e-4bd8-9fb4-d48dc0f7c1d6@group-EF51A4BC2699-SegmentedRaftLogWorker: created new log segment /workdir/hadoop-ozone/ozonefs/target/test-dir/MiniOzoneClusterImpl-58f1b142-a36f-4a38-b91d-584a62105ea7/datanode-0/data/ratis/552dbe89-5d30-4609-ae6a-ef51a4bc2699/current/log_inprogress_0
2019-09-26 13:31:34,378 [0b05557d-aaca-4439-b58f-16bf68049744@group-65B1AEADF337-SegmentedRaftLogWorker] INFO  segmented.SegmentedRaftLogWorker (SegmentedRaftLogWorker.java:execute(569)) - 0b05557d-aaca-4439-b58f-16bf68049744@group-65B1AEADF337-SegmentedRaftLogWorker: created new log segment /workdir/hadoop-ozone/ozonefs/target/test-dir/MiniOzoneClusterImpl-58f1b142-a36f-4a38-b91d-584a62105ea7/datanode-1/data/ratis/20676bd2-6b48-4bb5-beb0-65b1aeadf337/current/log_inprogress_0
2019-09-26 13:31:34,382 [Thread-756] INFO  impl.FollowerState (FollowerState.java:run(106)) - 7cb6d186-caac-4cd2-8aac-d2a4e4b631e6:group-735EA62CB490 changes to CANDIDATE, lastRpcTime:5012, electionTimeout:5012ms
2019-09-26 13:31:34,382 [Thread-756] INFO  impl.RoleInfo (RoleInfo.java:shutdownFollowerState(121)) - 7cb6d186-caac-4cd2-8aac-d2a4e4b631e6: shutdown FollowerState
2019-09-26 13:31:34,382 [Thread-756] INFO  impl.RaftServerImpl (RaftServerImpl.java:setRole(174)) - 7cb6d186-caac-4cd2-8aac-d2a4e4b631e6@group-735EA62CB490: changes role from  FOLLOWER to CANDIDATE at term 0 for changeToCandidate
2019-09-26 13:31:34,382 [Thread-756] INFO  impl.RoleInfo (RoleInfo.java:updateAndGet(143)) - 7cb6d186-caac-4cd2-8aac-d2a4e4b631e6: start LeaderElection
2019-09-26 13:31:34,389 [Thread-753] INFO  impl.FollowerState (FollowerState.java:run(106)) - 7cb6d186-caac-4cd2-8aac-d2a4e4b631e6:group-0F5A2A1686C0 changes to CANDIDATE, lastRpcTime:5060, electionTimeout:5060ms
2019-09-26 13:31:34,389 [Thread-753] INFO  impl.RoleInfo (RoleInfo.java:shutdownFollowerState(121)) - 7cb6d186-caac-4cd2-8aac-d2a4e4b631e6: shutdown FollowerState
2019-09-26 13:31:34,389 [Thread-753] INFO  impl.RaftServerImpl (RaftServerImpl.java:setRole(174)) - 7cb6d186-caac-4cd2-8aac-d2a4e4b631e6@group-0F5A2A1686C0: changes role from  FOLLOWER to CANDIDATE at term 0 for changeToCandidate
2019-09-26 13:31:34,389 [Thread-753] INFO  impl.RoleInfo (RoleInfo.java:updateAndGet(143)) - 7cb6d186-caac-4cd2-8aac-d2a4e4b631e6: start LeaderElection
2019-09-26 13:31:34,391 [7cb6d186-caac-4cd2-8aac-d2a4e4b631e6@group-735EA62CB490:LeaderElection49] INFO  impl.LeaderElection (LeaderElection.java:askForVotes(182)) - 7cb6d186-caac-4cd2-8aac-d2a4e4b631e6@group-735EA62CB490:LeaderElection49: begin an election at term 1 for -1: [7cb6d186-caac-4cd2-8aac-d2a4e4b631e6:192.168.164.238:40363], old=null
2019-09-26 13:31:34,391 [7cb6d186-caac-4cd2-8aac-d2a4e4b631e6@group-735EA62CB490:LeaderElection49] INFO  impl.RoleInfo (RoleInfo.java:shutdownLeaderElection(134)) - 7cb6d186-caac-4cd2-8aac-d2a4e4b631e6: shutdown LeaderElection
2019-09-26 13:31:34,391 [7cb6d186-caac-4cd2-8aac-d2a4e4b631e6@group-735EA62CB490:LeaderElection49] INFO  impl.RaftServerImpl (RaftServerImpl.java:setRole(174)) - 7cb6d186-caac-4cd2-8aac-d2a4e4b631e6@group-735EA62CB490: changes role from CANDIDATE to LEADER at term 1 for changeToLeader
2019-09-26 13:31:34,392 [7cb6d186-caac-4cd2-8aac-d2a4e4b631e6@group-735EA62CB490:LeaderElection49] INFO  impl.RaftServerImpl (ServerState.java:setLeader(253)) - 7cb6d186-caac-4cd2-8aac-d2a4e4b631e6@group-735EA62CB490: change Leader from null to 7cb6d186-caac-4cd2-8aac-d2a4e4b631e6 at term 1 for becomeLeader, leader elected after 5027ms
2019-09-26 13:31:34,392 [7cb6d186-caac-4cd2-8aac-d2a4e4b631e6@group-735EA62CB490:LeaderElection49] INFO  server.RaftServerConfigKeys (ConfUtils.java:logGet(43)) - raft.server.staging.catchup.gap = 1000 (default)
2019-09-26 13:31:34,392 [7cb6d186-caac-4cd2-8aac-d2a4e4b631e6@group-735EA62CB490:LeaderElection49] INFO  server.RaftServerConfigKeys (ConfUtils.java:logGet(43)) - raft.server.rpc.sleep.time = 25ms (default)
2019-09-26 13:31:34,392 [7cb6d186-caac-4cd2-8aac-d2a4e4b631e6@group-735EA62CB490:LeaderElection49] INFO  server.RaftServerConfigKeys (ConfUtils.java:logGet(43)) - raft.server.write.element-limit = 4096 (default)
2019-09-26 13:31:34,392 [7cb6d186-caac-4cd2-8aac-d2a4e4b631e6@group-735EA62CB490:LeaderElection49] INFO  server.RaftServerConfigKeys (ConfUtils.java:logGet(43)) - raft.server.watch.timeout = 10s (default)
2019-09-26 13:31:34,392 [7cb6d186-caac-4cd2-8aac-d2a4e4b631e6@group-735EA62CB490:LeaderElection49] INFO  server.RaftServerConfigKeys (ConfUtils.java:logGet(43)) - raft.server.watch.timeout.denomination = 1s (default)
2019-09-26 13:31:34,393 [7cb6d186-caac-4cd2-8aac-d2a4e4b631e6@group-735EA62CB490:LeaderElection49] INFO  server.RaftServerConfigKeys (ConfUtils.java:logGet(43)) - raft.server.watch.element-limit = 65536 (default)
2019-09-26 13:31:34,393 [7cb6d186-caac-4cd2-8aac-d2a4e4b631e6@group-0F5A2A1686C0:LeaderElection50] INFO  impl.LeaderElection (LeaderElection.java:askForVotes(182)) - 7cb6d186-caac-4cd2-8aac-d2a4e4b631e6@group-0F5A2A1686C0:LeaderElection50: begin an election at term 1 for -1: [7cb6d186-caac-4cd2-8aac-d2a4e4b631e6:192.168.164.238:40363], old=null
2019-09-26 13:31:34,393 [7cb6d186-caac-4cd2-8aac-d2a4e4b631e6@group-0F5A2A1686C0:LeaderElection50] INFO  impl.RoleInfo (RoleInfo.java:shutdownLeaderElection(134)) - 7cb6d186-caac-4cd2-8aac-d2a4e4b631e6: shutdown LeaderElection
2019-09-26 13:31:34,393 [7cb6d186-caac-4cd2-8aac-d2a4e4b631e6@group-0F5A2A1686C0:LeaderElection50] INFO  impl.RaftServerImpl (RaftServerImpl.java:setRole(174)) - 7cb6d186-caac-4cd2-8aac-d2a4e4b631e6@group-0F5A2A1686C0: changes role from CANDIDATE to LEADER at term 1 for changeToLeader
2019-09-26 13:31:34,393 [7cb6d186-caac-4cd2-8aac-d2a4e4b631e6@group-0F5A2A1686C0:LeaderElection50] INFO  impl.RaftServerImpl (ServerState.java:setLeader(253)) - 7cb6d186-caac-4cd2-8aac-d2a4e4b631e6@group-0F5A2A1686C0: change Leader from null to 7cb6d186-caac-4cd2-8aac-d2a4e4b631e6 at term 1 for becomeLeader, leader elected after 5075ms
2019-09-26 13:31:34,394 [7cb6d186-caac-4cd2-8aac-d2a4e4b631e6@group-0F5A2A1686C0:LeaderElection50] INFO  server.RaftServerConfigKeys (ConfUtils.java:logGet(43)) - raft.server.staging.catchup.gap = 1000 (default)
2019-09-26 13:31:34,394 [7cb6d186-caac-4cd2-8aac-d2a4e4b631e6@group-0F5A2A1686C0:LeaderElection50] INFO  server.RaftServerConfigKeys (ConfUtils.java:logGet(43)) - raft.server.rpc.sleep.time = 25ms (default)
2019-09-26 13:31:34,394 [7cb6d186-caac-4cd2-8aac-d2a4e4b631e6@group-0F5A2A1686C0:LeaderElection50] INFO  server.RaftServerConfigKeys (ConfUtils.java:logGet(43)) - raft.server.write.element-limit = 4096 (default)
2019-09-26 13:31:34,394 [7cb6d186-caac-4cd2-8aac-d2a4e4b631e6@group-0F5A2A1686C0:LeaderElection50] INFO  server.RaftServerConfigKeys (ConfUtils.java:logGet(43)) - raft.server.watch.timeout = 10s (default)
2019-09-26 13:31:34,394 [7cb6d186-caac-4cd2-8aac-d2a4e4b631e6@group-0F5A2A1686C0:LeaderElection50] INFO  server.RaftServerConfigKeys (ConfUtils.java:logGet(43)) - raft.server.watch.timeout.denomination = 1s (default)
2019-09-26 13:31:34,394 [7cb6d186-caac-4cd2-8aac-d2a4e4b631e6@group-0F5A2A1686C0:LeaderElection50] INFO  server.RaftServerConfigKeys (ConfUtils.java:logGet(43)) - raft.server.watch.element-limit = 65536 (default)
2019-09-26 13:31:34,395 [7cb6d186-caac-4cd2-8aac-d2a4e4b631e6@group-735EA62CB490:LeaderElection49] INFO  impl.RoleInfo (RoleInfo.java:updateAndGet(143)) - 7cb6d186-caac-4cd2-8aac-d2a4e4b631e6: start LeaderState
2019-09-26 13:31:34,396 [7cb6d186-caac-4cd2-8aac-d2a4e4b631e6@group-735EA62CB490:LeaderElection49] INFO  segmented.SegmentedRaftLogWorker (SegmentedRaftLogWorker.java:startLogSegment(380)) - 7cb6d186-caac-4cd2-8aac-d2a4e4b631e6@group-735EA62CB490-SegmentedRaftLogWorker: Starting segment from index:0
2019-09-26 13:31:34,396 [7cb6d186-caac-4cd2-8aac-d2a4e4b631e6@group-0F5A2A1686C0:LeaderElection50] INFO  impl.RoleInfo (RoleInfo.java:updateAndGet(143)) - 7cb6d186-caac-4cd2-8aac-d2a4e4b631e6: start LeaderState
2019-09-26 13:31:34,396 [7cb6d186-caac-4cd2-8aac-d2a4e4b631e6@group-0F5A2A1686C0:LeaderElection50] INFO  segmented.SegmentedRaftLogWorker (SegmentedRaftLogWorker.java:startLogSegment(380)) - 7cb6d186-caac-4cd2-8aac-d2a4e4b631e6@group-0F5A2A1686C0-SegmentedRaftLogWorker: Starting segment from index:0
2019-09-26 13:31:34,396 [7cb6d186-caac-4cd2-8aac-d2a4e4b631e6@group-735EA62CB490:LeaderElection49] INFO  impl.RaftServerImpl (ServerState.java:setRaftConf(354)) - 7cb6d186-caac-4cd2-8aac-d2a4e4b631e6@group-735EA62CB490: set configuration 0: [7cb6d186-caac-4cd2-8aac-d2a4e4b631e6:192.168.164.238:40363], old=null at 0
2019-09-26 13:31:34,396 [7cb6d186-caac-4cd2-8aac-d2a4e4b631e6@group-0F5A2A1686C0:LeaderElection50] INFO  impl.RaftServerImpl (ServerState.java:setRaftConf(354)) - 7cb6d186-caac-4cd2-8aac-d2a4e4b631e6@group-0F5A2A1686C0: set configuration 0: [7cb6d186-caac-4cd2-8aac-d2a4e4b631e6:192.168.164.238:40363], old=null at 0
2019-09-26 13:31:34,429 [7cb6d186-caac-4cd2-8aac-d2a4e4b631e6@group-735EA62CB490-SegmentedRaftLogWorker] INFO  segmented.SegmentedRaftLogWorker (SegmentedRaftLogWorker.java:execute(569)) - 7cb6d186-caac-4cd2-8aac-d2a4e4b631e6@group-735EA62CB490-SegmentedRaftLogWorker: created new log segment /workdir/hadoop-ozone/ozonefs/target/test-dir/MiniOzoneClusterImpl-58f1b142-a36f-4a38-b91d-584a62105ea7/datanode-2/data/ratis/aa5dd629-435f-4c82-b9ff-735ea62cb490/current/log_inprogress_0
2019-09-26 13:31:34,429 [7cb6d186-caac-4cd2-8aac-d2a4e4b631e6@group-0F5A2A1686C0-SegmentedRaftLogWorker] INFO  segmented.SegmentedRaftLogWorker (SegmentedRaftLogWorker.java:execute(569)) - 7cb6d186-caac-4cd2-8aac-d2a4e4b631e6@group-0F5A2A1686C0-SegmentedRaftLogWorker: created new log segment /workdir/hadoop-ozone/ozonefs/target/test-dir/MiniOzoneClusterImpl-58f1b142-a36f-4a38-b91d-584a62105ea7/datanode-2/data/ratis/a6bc1e6a-593e-4d6b-87db-0f5a2a1686c0/current/log_inprogress_0
2019-09-26 13:31:34,484 [Thread-765] INFO  impl.FollowerState (FollowerState.java:run(106)) - 7cb6d186-caac-4cd2-8aac-d2a4e4b631e6:group-93FEF23AAC29 changes to CANDIDATE, lastRpcTime:5004, electionTimeout:5004ms
2019-09-26 13:31:34,484 [Thread-765] INFO  impl.RoleInfo (RoleInfo.java:shutdownFollowerState(121)) - 7cb6d186-caac-4cd2-8aac-d2a4e4b631e6: shutdown FollowerState
2019-09-26 13:31:34,484 [Thread-765] INFO  impl.RaftServerImpl (RaftServerImpl.java:setRole(174)) - 7cb6d186-caac-4cd2-8aac-d2a4e4b631e6@group-93FEF23AAC29: changes role from  FOLLOWER to CANDIDATE at term 0 for changeToCandidate
2019-09-26 13:31:34,484 [Thread-765] INFO  impl.RoleInfo (RoleInfo.java:updateAndGet(143)) - 7cb6d186-caac-4cd2-8aac-d2a4e4b631e6: start LeaderElection
2019-09-26 13:31:34,512 [7cb6d186-caac-4cd2-8aac-d2a4e4b631e6@group-93FEF23AAC29:LeaderElection51] INFO  impl.LeaderElection (LeaderElection.java:askForVotes(182)) - 7cb6d186-caac-4cd2-8aac-d2a4e4b631e6@group-93FEF23AAC29:LeaderElection51: begin an election at term 1 for -1: [7cb6d186-caac-4cd2-8aac-d2a4e4b631e6:192.168.164.238:40363], old=null
2019-09-26 13:31:34,512 [7cb6d186-caac-4cd2-8aac-d2a4e4b631e6@group-93FEF23AAC29:LeaderElection51] INFO  impl.RoleInfo (RoleInfo.java:shutdownLeaderElection(134)) - 7cb6d186-caac-4cd2-8aac-d2a4e4b631e6: shutdown LeaderElection
2019-09-26 13:31:34,512 [7cb6d186-caac-4cd2-8aac-d2a4e4b631e6@group-93FEF23AAC29:LeaderElection51] INFO  impl.RaftServerImpl (RaftServerImpl.java:setRole(174)) - 7cb6d186-caac-4cd2-8aac-d2a4e4b631e6@group-93FEF23AAC29: changes role from CANDIDATE to LEADER at term 1 for changeToLeader
2019-09-26 13:31:34,512 [7cb6d186-caac-4cd2-8aac-d2a4e4b631e6@group-93FEF23AAC29:LeaderElection51] INFO  impl.RaftServerImpl (ServerState.java:setLeader(253)) - 7cb6d186-caac-4cd2-8aac-d2a4e4b631e6@group-93FEF23AAC29: change Leader from null to 7cb6d186-caac-4cd2-8aac-d2a4e4b631e6 at term 1 for becomeLeader, leader elected after 5038ms
2019-09-26 13:31:34,512 [7cb6d186-caac-4cd2-8aac-d2a4e4b631e6@group-93FEF23AAC29:LeaderElection51] INFO  server.RaftServerConfigKeys (ConfUtils.java:logGet(43)) - raft.server.staging.catchup.gap = 1000 (default)
2019-09-26 13:31:34,512 [7cb6d186-caac-4cd2-8aac-d2a4e4b631e6@group-93FEF23AAC29:LeaderElection51] INFO  server.RaftServerConfigKeys (ConfUtils.java:logGet(43)) - raft.server.rpc.sleep.time = 25ms (default)
2019-09-26 13:31:34,512 [7cb6d186-caac-4cd2-8aac-d2a4e4b631e6@group-93FEF23AAC29:LeaderElection51] INFO  server.RaftServerConfigKeys (ConfUtils.java:logGet(43)) - raft.server.write.element-limit = 4096 (default)
2019-09-26 13:31:34,513 [7cb6d186-caac-4cd2-8aac-d2a4e4b631e6@group-93FEF23AAC29:LeaderElection51] INFO  server.RaftServerConfigKeys (ConfUtils.java:logGet(43)) - raft.server.watch.timeout = 10s (default)
2019-09-26 13:31:34,513 [7cb6d186-caac-4cd2-8aac-d2a4e4b631e6@group-93FEF23AAC29:LeaderElection51] INFO  server.RaftServerConfigKeys (ConfUtils.java:logGet(43)) - raft.server.watch.timeout.denomination = 1s (default)
2019-09-26 13:31:34,513 [7cb6d186-caac-4cd2-8aac-d2a4e4b631e6@group-93FEF23AAC29:LeaderElection51] INFO  server.RaftServerConfigKeys (ConfUtils.java:logGet(43)) - raft.server.watch.element-limit = 65536 (default)
2019-09-26 13:31:34,514 [7cb6d186-caac-4cd2-8aac-d2a4e4b631e6@group-93FEF23AAC29:LeaderElection51] INFO  impl.RoleInfo (RoleInfo.java:updateAndGet(143)) - 7cb6d186-caac-4cd2-8aac-d2a4e4b631e6: start LeaderState
2019-09-26 13:31:34,514 [7cb6d186-caac-4cd2-8aac-d2a4e4b631e6@group-93FEF23AAC29:LeaderElection51] INFO  segmented.SegmentedRaftLogWorker (SegmentedRaftLogWorker.java:startLogSegment(380)) - 7cb6d186-caac-4cd2-8aac-d2a4e4b631e6@group-93FEF23AAC29-SegmentedRaftLogWorker: Starting segment from index:0
2019-09-26 13:31:34,515 [7cb6d186-caac-4cd2-8aac-d2a4e4b631e6@group-93FEF23AAC29:LeaderElection51] INFO  impl.RaftServerImpl (ServerState.java:setRaftConf(354)) - 7cb6d186-caac-4cd2-8aac-d2a4e4b631e6@group-93FEF23AAC29: set configuration 0: [7cb6d186-caac-4cd2-8aac-d2a4e4b631e6:192.168.164.238:40363], old=null at 0
2019-09-26 13:31:34,528 [Thread-759] INFO  impl.FollowerState (FollowerState.java:run(106)) - 7cb6d186-caac-4cd2-8aac-d2a4e4b631e6:group-5A1B5ECB213C changes to CANDIDATE, lastRpcTime:5115, electionTimeout:5115ms
2019-09-26 13:31:34,528 [Thread-759] INFO  impl.RoleInfo (RoleInfo.java:shutdownFollowerState(121)) - 7cb6d186-caac-4cd2-8aac-d2a4e4b631e6: shutdown FollowerState
2019-09-26 13:31:34,528 [Thread-759] INFO  impl.RaftServerImpl (RaftServerImpl.java:setRole(174)) - 7cb6d186-caac-4cd2-8aac-d2a4e4b631e6@group-5A1B5ECB213C: changes role from  FOLLOWER to CANDIDATE at term 0 for changeToCandidate
2019-09-26 13:31:34,528 [Thread-759] INFO  impl.RoleInfo (RoleInfo.java:updateAndGet(143)) - 7cb6d186-caac-4cd2-8aac-d2a4e4b631e6: start LeaderElection
2019-09-26 13:31:34,550 [Thread-762] INFO  impl.FollowerState (FollowerState.java:run(106)) - 7cb6d186-caac-4cd2-8aac-d2a4e4b631e6:group-5ABD18F9AE2A changes to CANDIDATE, lastRpcTime:5096, electionTimeout:5092ms
2019-09-26 13:31:34,550 [Thread-762] INFO  impl.RoleInfo (RoleInfo.java:shutdownFollowerState(121)) - 7cb6d186-caac-4cd2-8aac-d2a4e4b631e6: shutdown FollowerState
2019-09-26 13:31:34,551 [Thread-762] INFO  impl.RaftServerImpl (RaftServerImpl.java:setRole(174)) - 7cb6d186-caac-4cd2-8aac-d2a4e4b631e6@group-5ABD18F9AE2A: changes role from  FOLLOWER to CANDIDATE at term 0 for changeToCandidate
2019-09-26 13:31:34,551 [Thread-762] INFO  impl.RoleInfo (RoleInfo.java:updateAndGet(143)) - 7cb6d186-caac-4cd2-8aac-d2a4e4b631e6: start LeaderElection
2019-09-26 13:31:34,563 [7cb6d186-caac-4cd2-8aac-d2a4e4b631e6@group-93FEF23AAC29-SegmentedRaftLogWorker] INFO  segmented.SegmentedRaftLogWorker (SegmentedRaftLogWorker.java:execute(569)) - 7cb6d186-caac-4cd2-8aac-d2a4e4b631e6@group-93FEF23AAC29-SegmentedRaftLogWorker: created new log segment /workdir/hadoop-ozone/ozonefs/target/test-dir/MiniOzoneClusterImpl-58f1b142-a36f-4a38-b91d-584a62105ea7/datanode-2/data/ratis/aad5fbe0-819a-4919-8df0-93fef23aac29/current/log_inprogress_0
2019-09-26 13:31:34,563 [7cb6d186-caac-4cd2-8aac-d2a4e4b631e6@group-5ABD18F9AE2A:LeaderElection53] INFO  impl.LeaderElection (LeaderElection.java:askForVotes(182)) - 7cb6d186-caac-4cd2-8aac-d2a4e4b631e6@group-5ABD18F9AE2A:LeaderElection53: begin an election at term 1 for -1: [7cb6d186-caac-4cd2-8aac-d2a4e4b631e6:192.168.164.238:40363], old=null
2019-09-26 13:31:34,563 [7cb6d186-caac-4cd2-8aac-d2a4e4b631e6@group-5A1B5ECB213C:LeaderElection52] INFO  impl.LeaderElection (LeaderElection.java:askForVotes(182)) - 7cb6d186-caac-4cd2-8aac-d2a4e4b631e6@group-5A1B5ECB213C:LeaderElection52: begin an election at term 1 for -1: [7cb6d186-caac-4cd2-8aac-d2a4e4b631e6:192.168.164.238:40363], old=null
2019-09-26 13:31:34,564 [7cb6d186-caac-4cd2-8aac-d2a4e4b631e6@group-5ABD18F9AE2A:LeaderElection53] INFO  impl.RoleInfo (RoleInfo.java:shutdownLeaderElection(134)) - 7cb6d186-caac-4cd2-8aac-d2a4e4b631e6: shutdown LeaderElection
2019-09-26 13:31:34,564 [7cb6d186-caac-4cd2-8aac-d2a4e4b631e6@group-5A1B5ECB213C:LeaderElection52] INFO  impl.RoleInfo (RoleInfo.java:shutdownLeaderElection(134)) - 7cb6d186-caac-4cd2-8aac-d2a4e4b631e6: shutdown LeaderElection
2019-09-26 13:31:34,564 [7cb6d186-caac-4cd2-8aac-d2a4e4b631e6@group-5ABD18F9AE2A:LeaderElection53] INFO  impl.RaftServerImpl (RaftServerImpl.java:setRole(174)) - 7cb6d186-caac-4cd2-8aac-d2a4e4b631e6@group-5ABD18F9AE2A: changes role from CANDIDATE to LEADER at term 1 for changeToLeader
2019-09-26 13:31:34,564 [7cb6d186-caac-4cd2-8aac-d2a4e4b631e6@group-5A1B5ECB213C:LeaderElection52] INFO  impl.RaftServerImpl (RaftServerImpl.java:setRole(174)) - 7cb6d186-caac-4cd2-8aac-d2a4e4b631e6@group-5A1B5ECB213C: changes role from CANDIDATE to LEADER at term 1 for changeToLeader
2019-09-26 13:31:34,564 [7cb6d186-caac-4cd2-8aac-d2a4e4b631e6@group-5ABD18F9AE2A:LeaderElection53] INFO  impl.RaftServerImpl (ServerState.java:setLeader(253)) - 7cb6d186-caac-4cd2-8aac-d2a4e4b631e6@group-5ABD18F9AE2A: change Leader from null to 7cb6d186-caac-4cd2-8aac-d2a4e4b631e6 at term 1 for becomeLeader, leader elected after 5114ms
2019-09-26 13:31:34,564 [7cb6d186-caac-4cd2-8aac-d2a4e4b631e6@group-5A1B5ECB213C:LeaderElection52] INFO  impl.RaftServerImpl (ServerState.java:setLeader(253)) - 7cb6d186-caac-4cd2-8aac-d2a4e4b631e6@group-5A1B5ECB213C: change Leader from null to 7cb6d186-caac-4cd2-8aac-d2a4e4b631e6 at term 1 for becomeLeader, leader elected after 5156ms
2019-09-26 13:31:34,564 [7cb6d186-caac-4cd2-8aac-d2a4e4b631e6@group-5ABD18F9AE2A:LeaderElection53] INFO  server.RaftServerConfigKeys (ConfUtils.java:logGet(43)) - raft.server.staging.catchup.gap = 1000 (default)
2019-09-26 13:31:34,564 [7cb6d186-caac-4cd2-8aac-d2a4e4b631e6@group-5A1B5ECB213C:LeaderElection52] INFO  server.RaftServerConfigKeys (ConfUtils.java:logGet(43)) - raft.server.staging.catchup.gap = 1000 (default)
2019-09-26 13:31:34,564 [7cb6d186-caac-4cd2-8aac-d2a4e4b631e6@group-5ABD18F9AE2A:LeaderElection53] INFO  server.RaftServerConfigKeys (ConfUtils.java:logGet(43)) - raft.server.rpc.sleep.time = 25ms (default)
2019-09-26 13:31:34,564 [7cb6d186-caac-4cd2-8aac-d2a4e4b631e6@group-5A1B5ECB213C:LeaderElection52] INFO  server.RaftServerConfigKeys (ConfUtils.java:logGet(43)) - raft.server.rpc.sleep.time = 25ms (default)
2019-09-26 13:31:34,564 [7cb6d186-caac-4cd2-8aac-d2a4e4b631e6@group-5ABD18F9AE2A:LeaderElection53] INFO  server.RaftServerConfigKeys (ConfUtils.java:logGet(43)) - raft.server.write.element-limit = 4096 (default)
2019-09-26 13:31:34,565 [7cb6d186-caac-4cd2-8aac-d2a4e4b631e6@group-5A1B5ECB213C:LeaderElection52] INFO  server.RaftServerConfigKeys (ConfUtils.java:logGet(43)) - raft.server.write.element-limit = 4096 (default)
2019-09-26 13:31:34,565 [7cb6d186-caac-4cd2-8aac-d2a4e4b631e6@group-5ABD18F9AE2A:LeaderElection53] INFO  server.RaftServerConfigKeys (ConfUtils.java:logGet(43)) - raft.server.watch.timeout = 10s (default)
2019-09-26 13:31:34,565 [7cb6d186-caac-4cd2-8aac-d2a4e4b631e6@group-5A1B5ECB213C:LeaderElection52] INFO  server.RaftServerConfigKeys (ConfUtils.java:logGet(43)) - raft.server.watch.timeout = 10s (default)
2019-09-26 13:31:34,565 [7cb6d186-caac-4cd2-8aac-d2a4e4b631e6@group-5ABD18F9AE2A:LeaderElection53] INFO  server.RaftServerConfigKeys (ConfUtils.java:logGet(43)) - raft.server.watch.timeout.denomination = 1s (default)
2019-09-26 13:31:34,565 [7cb6d186-caac-4cd2-8aac-d2a4e4b631e6@group-5A1B5ECB213C:LeaderElection52] INFO  server.RaftServerConfigKeys (ConfUtils.java:logGet(43)) - raft.server.watch.timeout.denomination = 1s (default)
2019-09-26 13:31:34,565 [7cb6d186-caac-4cd2-8aac-d2a4e4b631e6@group-5ABD18F9AE2A:LeaderElection53] INFO  server.RaftServerConfigKeys (ConfUtils.java:logGet(43)) - raft.server.watch.element-limit = 65536 (default)
2019-09-26 13:31:34,565 [7cb6d186-caac-4cd2-8aac-d2a4e4b631e6@group-5A1B5ECB213C:LeaderElection52] INFO  server.RaftServerConfigKeys (ConfUtils.java:logGet(43)) - raft.server.watch.element-limit = 65536 (default)
2019-09-26 13:31:34,567 [7cb6d186-caac-4cd2-8aac-d2a4e4b631e6@group-5ABD18F9AE2A:LeaderElection53] INFO  impl.RoleInfo (RoleInfo.java:updateAndGet(143)) - 7cb6d186-caac-4cd2-8aac-d2a4e4b631e6: start LeaderState
2019-09-26 13:31:34,567 [7cb6d186-caac-4cd2-8aac-d2a4e4b631e6@group-5A1B5ECB213C:LeaderElection52] INFO  impl.RoleInfo (RoleInfo.java:updateAndGet(143)) - 7cb6d186-caac-4cd2-8aac-d2a4e4b631e6: start LeaderState
2019-09-26 13:31:34,567 [7cb6d186-caac-4cd2-8aac-d2a4e4b631e6@group-5ABD18F9AE2A:LeaderElection53] INFO  segmented.SegmentedRaftLogWorker (SegmentedRaftLogWorker.java:startLogSegment(380)) - 7cb6d186-caac-4cd2-8aac-d2a4e4b631e6@group-5ABD18F9AE2A-SegmentedRaftLogWorker: Starting segment from index:0
2019-09-26 13:31:34,567 [7cb6d186-caac-4cd2-8aac-d2a4e4b631e6@group-5A1B5ECB213C:LeaderElection52] INFO  segmented.SegmentedRaftLogWorker (SegmentedRaftLogWorker.java:startLogSegment(380)) - 7cb6d186-caac-4cd2-8aac-d2a4e4b631e6@group-5A1B5ECB213C-SegmentedRaftLogWorker: Starting segment from index:0
2019-09-26 13:31:34,567 [7cb6d186-caac-4cd2-8aac-d2a4e4b631e6@group-5ABD18F9AE2A:LeaderElection53] INFO  impl.RaftServerImpl (ServerState.java:setRaftConf(354)) - 7cb6d186-caac-4cd2-8aac-d2a4e4b631e6@group-5ABD18F9AE2A: set configuration 0: [7cb6d186-caac-4cd2-8aac-d2a4e4b631e6:192.168.164.238:40363], old=null at 0
2019-09-26 13:31:34,568 [7cb6d186-caac-4cd2-8aac-d2a4e4b631e6@group-5A1B5ECB213C:LeaderElection52] INFO  impl.RaftServerImpl (ServerState.java:setRaftConf(354)) - 7cb6d186-caac-4cd2-8aac-d2a4e4b631e6@group-5A1B5ECB213C: set configuration 0: [7cb6d186-caac-4cd2-8aac-d2a4e4b631e6:192.168.164.238:40363], old=null at 0
2019-09-26 13:31:34,603 [7cb6d186-caac-4cd2-8aac-d2a4e4b631e6@group-5ABD18F9AE2A-SegmentedRaftLogWorker] INFO  segmented.SegmentedRaftLogWorker (SegmentedRaftLogWorker.java:execute(569)) - 7cb6d186-caac-4cd2-8aac-d2a4e4b631e6@group-5ABD18F9AE2A-SegmentedRaftLogWorker: created new log segment /workdir/hadoop-ozone/ozonefs/target/test-dir/MiniOzoneClusterImpl-58f1b142-a36f-4a38-b91d-584a62105ea7/datanode-2/data/ratis/4d394bd8-1a16-44c2-a0d0-5abd18f9ae2a/current/log_inprogress_0
2019-09-26 13:31:34,603 [7cb6d186-caac-4cd2-8aac-d2a4e4b631e6@group-5A1B5ECB213C-SegmentedRaftLogWorker] INFO  segmented.SegmentedRaftLogWorker (SegmentedRaftLogWorker.java:execute(569)) - 7cb6d186-caac-4cd2-8aac-d2a4e4b631e6@group-5A1B5ECB213C-SegmentedRaftLogWorker: created new log segment /workdir/hadoop-ozone/ozonefs/target/test-dir/MiniOzoneClusterImpl-58f1b142-a36f-4a38-b91d-584a62105ea7/datanode-2/data/ratis/508cbea9-bc24-4f6b-bf29-5a1b5ecb213c/current/log_inprogress_0
2019-09-26 13:31:34,640 [Thread-768] INFO  impl.FollowerState (FollowerState.java:run(106)) - 7cb6d186-caac-4cd2-8aac-d2a4e4b631e6:group-3E9CC2982A33 changes to CANDIDATE, lastRpcTime:5137, electionTimeout:5137ms
2019-09-26 13:31:34,641 [Thread-768] INFO  impl.RoleInfo (RoleInfo.java:shutdownFollowerState(121)) - 7cb6d186-caac-4cd2-8aac-d2a4e4b631e6: shutdown FollowerState
2019-09-26 13:31:34,641 [Thread-768] INFO  impl.RaftServerImpl (RaftServerImpl.java:setRole(174)) - 7cb6d186-caac-4cd2-8aac-d2a4e4b631e6@group-3E9CC2982A33: changes role from  FOLLOWER to CANDIDATE at term 0 for changeToCandidate
2019-09-26 13:31:34,641 [Thread-768] INFO  impl.RoleInfo (RoleInfo.java:updateAndGet(143)) - 7cb6d186-caac-4cd2-8aac-d2a4e4b631e6: start LeaderElection
2019-09-26 13:31:34,656 [7cb6d186-caac-4cd2-8aac-d2a4e4b631e6@group-3E9CC2982A33:LeaderElection54] INFO  impl.LeaderElection (LeaderElection.java:askForVotes(182)) - 7cb6d186-caac-4cd2-8aac-d2a4e4b631e6@group-3E9CC2982A33:LeaderElection54: begin an election at term 1 for -1: [7cb6d186-caac-4cd2-8aac-d2a4e4b631e6:192.168.164.238:40363], old=null
2019-09-26 13:31:34,656 [7cb6d186-caac-4cd2-8aac-d2a4e4b631e6@group-3E9CC2982A33:LeaderElection54] INFO  impl.RoleInfo (RoleInfo.java:shutdownLeaderElection(134)) - 7cb6d186-caac-4cd2-8aac-d2a4e4b631e6: shutdown LeaderElection
2019-09-26 13:31:34,656 [7cb6d186-caac-4cd2-8aac-d2a4e4b631e6@group-3E9CC2982A33:LeaderElection54] INFO  impl.RaftServerImpl (RaftServerImpl.java:setRole(174)) - 7cb6d186-caac-4cd2-8aac-d2a4e4b631e6@group-3E9CC2982A33: changes role from CANDIDATE to LEADER at term 1 for changeToLeader
2019-09-26 13:31:34,656 [7cb6d186-caac-4cd2-8aac-d2a4e4b631e6@group-3E9CC2982A33:LeaderElection54] INFO  impl.RaftServerImpl (ServerState.java:setLeader(253)) - 7cb6d186-caac-4cd2-8aac-d2a4e4b631e6@group-3E9CC2982A33: change Leader from null to 7cb6d186-caac-4cd2-8aac-d2a4e4b631e6 at term 1 for becomeLeader, leader elected after 5157ms
2019-09-26 13:31:34,657 [7cb6d186-caac-4cd2-8aac-d2a4e4b631e6@group-3E9CC2982A33:LeaderElection54] INFO  server.RaftServerConfigKeys (ConfUtils.java:logGet(43)) - raft.server.staging.catchup.gap = 1000 (default)
2019-09-26 13:31:34,657 [7cb6d186-caac-4cd2-8aac-d2a4e4b631e6@group-3E9CC2982A33:LeaderElection54] INFO  server.RaftServerConfigKeys (ConfUtils.java:logGet(43)) - raft.server.rpc.sleep.time = 25ms (default)
2019-09-26 13:31:34,657 [7cb6d186-caac-4cd2-8aac-d2a4e4b631e6@group-3E9CC2982A33:LeaderElection54] INFO  server.RaftServerConfigKeys (ConfUtils.java:logGet(43)) - raft.server.write.element-limit = 4096 (default)
2019-09-26 13:31:34,657 [7cb6d186-caac-4cd2-8aac-d2a4e4b631e6@group-3E9CC2982A33:LeaderElection54] INFO  server.RaftServerConfigKeys (ConfUtils.java:logGet(43)) - raft.server.watch.timeout = 10s (default)
2019-09-26 13:31:34,657 [7cb6d186-caac-4cd2-8aac-d2a4e4b631e6@group-3E9CC2982A33:LeaderElection54] INFO  server.RaftServerConfigKeys (ConfUtils.java:logGet(43)) - raft.server.watch.timeout.denomination = 1s (default)
2019-09-26 13:31:34,657 [7cb6d186-caac-4cd2-8aac-d2a4e4b631e6@group-3E9CC2982A33:LeaderElection54] INFO  server.RaftServerConfigKeys (ConfUtils.java:logGet(43)) - raft.server.watch.element-limit = 65536 (default)
2019-09-26 13:31:34,659 [7cb6d186-caac-4cd2-8aac-d2a4e4b631e6@group-3E9CC2982A33:LeaderElection54] INFO  impl.RoleInfo (RoleInfo.java:updateAndGet(143)) - 7cb6d186-caac-4cd2-8aac-d2a4e4b631e6: start LeaderState
2019-09-26 13:31:34,659 [7cb6d186-caac-4cd2-8aac-d2a4e4b631e6@group-3E9CC2982A33:LeaderElection54] INFO  segmented.SegmentedRaftLogWorker (SegmentedRaftLogWorker.java:startLogSegment(380)) - 7cb6d186-caac-4cd2-8aac-d2a4e4b631e6@group-3E9CC2982A33-SegmentedRaftLogWorker: Starting segment from index:0
2019-09-26 13:31:34,660 [7cb6d186-caac-4cd2-8aac-d2a4e4b631e6@group-3E9CC2982A33:LeaderElection54] INFO  impl.RaftServerImpl (ServerState.java:setRaftConf(354)) - 7cb6d186-caac-4cd2-8aac-d2a4e4b631e6@group-3E9CC2982A33: set configuration 0: [7cb6d186-caac-4cd2-8aac-d2a4e4b631e6:192.168.164.238:40363], old=null at 0
2019-09-26 13:31:34,699 [7cb6d186-caac-4cd2-8aac-d2a4e4b631e6@group-3E9CC2982A33-SegmentedRaftLogWorker] INFO  segmented.SegmentedRaftLogWorker (SegmentedRaftLogWorker.java:execute(569)) - 7cb6d186-caac-4cd2-8aac-d2a4e4b631e6@group-3E9CC2982A33-SegmentedRaftLogWorker: created new log segment /workdir/hadoop-ozone/ozonefs/target/test-dir/MiniOzoneClusterImpl-58f1b142-a36f-4a38-b91d-584a62105ea7/datanode-2/data/ratis/36565a68-3267-4b6a-994b-3e9cc2982a33/current/log_inprogress_0
2019-09-26 13:31:35,158 [Thread-543] INFO  ozoneimpl.OzoneContainer (OzoneContainer.java:stop(231)) - Attempting to stop container services.
2019-09-26 13:31:35,158 [ForkJoinPool.commonPool-worker-0] INFO  ozoneimpl.OzoneContainer (OzoneContainer.java:stop(231)) - Attempting to stop container services.
2019-09-26 13:31:35,159 [Thread-543] INFO  impl.RaftServerProxy (RaftServerProxy.java:lambda$close$4(314)) - 0b05557d-aaca-4439-b58f-16bf68049744: close
2019-09-26 13:31:35,159 [ForkJoinPool.commonPool-worker-0] INFO  impl.RaftServerProxy (RaftServerProxy.java:lambda$close$4(314)) - 08f0d413-ba2e-4bd8-9fb4-d48dc0f7c1d6: close
2019-09-26 13:31:35,159 [Thread-543] INFO  impl.RaftServerImpl (RaftServerImpl.java:lambda$shutdown$3(251)) - 0b05557d-aaca-4439-b58f-16bf68049744@group-65B1AEADF337: shutdown
2019-09-26 13:31:35,160 [ForkJoinPool.commonPool-worker-0] INFO  impl.RaftServerImpl (RaftServerImpl.java:lambda$shutdown$3(251)) - 08f0d413-ba2e-4bd8-9fb4-d48dc0f7c1d6@group-5E4D148BAF09: shutdown
2019-09-26 13:31:35,160 [Thread-543] INFO  util.JmxRegister (JmxRegister.java:unregister(73)) - Successfully un-registered JMX Bean with object name Ratis:service=RaftServer,group=group-65B1AEADF337,id=0b05557d-aaca-4439-b58f-16bf68049744
2019-09-26 13:31:35,160 [ForkJoinPool.commonPool-worker-0] INFO  util.JmxRegister (JmxRegister.java:unregister(73)) - Successfully un-registered JMX Bean with object name Ratis:service=RaftServer,group=group-5E4D148BAF09,id=08f0d413-ba2e-4bd8-9fb4-d48dc0f7c1d6
2019-09-26 13:31:35,160 [Thread-543] INFO  impl.RoleInfo (RoleInfo.java:shutdownLeaderState(104)) - 0b05557d-aaca-4439-b58f-16bf68049744: shutdown LeaderState
2019-09-26 13:31:35,161 [ForkJoinPool.commonPool-worker-0] INFO  impl.RoleInfo (RoleInfo.java:shutdownLeaderState(104)) - 08f0d413-ba2e-4bd8-9fb4-d48dc0f7c1d6: shutdown LeaderState
2019-09-26 13:31:35,161 [Thread-543] INFO  impl.PendingRequests (PendingRequests.java:sendNotLeaderResponses(202)) - 0b05557d-aaca-4439-b58f-16bf68049744-PendingRequests: sendNotLeaderResponses
2019-09-26 13:31:35,161 [ForkJoinPool.commonPool-worker-0] INFO  impl.PendingRequests (PendingRequests.java:sendNotLeaderResponses(202)) - 08f0d413-ba2e-4bd8-9fb4-d48dc0f7c1d6-PendingRequests: sendNotLeaderResponses
2019-09-26 13:31:35,162 [Thread-543] INFO  impl.StateMachineUpdater (StateMachineUpdater.java:stopAndJoin(125)) - 0b05557d-aaca-4439-b58f-16bf68049744@group-65B1AEADF337-StateMachineUpdater: set stopIndex = 0
2019-09-26 13:31:35,162 [ForkJoinPool.commonPool-worker-0] INFO  impl.StateMachineUpdater (StateMachineUpdater.java:stopAndJoin(125)) - 08f0d413-ba2e-4bd8-9fb4-d48dc0f7c1d6@group-5E4D148BAF09-StateMachineUpdater: set stopIndex = 0
2019-09-26 13:31:35,162 [Thread-543] INFO  impl.RaftServerImpl (ServerState.java:close(385)) - 0b05557d-aaca-4439-b58f-16bf68049744@group-65B1AEADF337: closes. applyIndex: 0
2019-09-26 13:31:35,162 [ForkJoinPool.commonPool-worker-0] INFO  impl.RaftServerImpl (ServerState.java:close(385)) - 08f0d413-ba2e-4bd8-9fb4-d48dc0f7c1d6@group-5E4D148BAF09: closes. applyIndex: 0
2019-09-26 13:31:35,163 [0b05557d-aaca-4439-b58f-16bf68049744@group-65B1AEADF337-SegmentedRaftLogWorker] INFO  segmented.SegmentedRaftLogWorker (SegmentedRaftLogWorker.java:run(313)) - 0b05557d-aaca-4439-b58f-16bf68049744@group-65B1AEADF337-SegmentedRaftLogWorker was interrupted, exiting. There are 0 tasks remaining in the queue.
2019-09-26 13:31:35,163 [08f0d413-ba2e-4bd8-9fb4-d48dc0f7c1d6@group-5E4D148BAF09-SegmentedRaftLogWorker] INFO  segmented.SegmentedRaftLogWorker (SegmentedRaftLogWorker.java:run(313)) - 08f0d413-ba2e-4bd8-9fb4-d48dc0f7c1d6@group-5E4D148BAF09-SegmentedRaftLogWorker was interrupted, exiting. There are 0 tasks remaining in the queue.
2019-09-26 13:31:35,163 [Thread-543] INFO  segmented.SegmentedRaftLogWorker (SegmentedRaftLogWorker.java:close(228)) - 0b05557d-aaca-4439-b58f-16bf68049744@group-65B1AEADF337-SegmentedRaftLogWorker close()
2019-09-26 13:31:35,163 [ForkJoinPool.commonPool-worker-0] INFO  segmented.SegmentedRaftLogWorker (SegmentedRaftLogWorker.java:close(228)) - 08f0d413-ba2e-4bd8-9fb4-d48dc0f7c1d6@group-5E4D148BAF09-SegmentedRaftLogWorker close()
2019-09-26 13:31:35,166 [Thread-543] INFO  impl.RaftServerImpl (RaftServerImpl.java:lambda$shutdown$3(251)) - 0b05557d-aaca-4439-b58f-16bf68049744@group-FAB317579077: shutdown
2019-09-26 13:31:35,168 [ForkJoinPool.commonPool-worker-0] INFO  impl.RaftServerImpl (RaftServerImpl.java:lambda$shutdown$3(251)) - 08f0d413-ba2e-4bd8-9fb4-d48dc0f7c1d6@group-06ED78643891: shutdown
2019-09-26 13:31:35,168 [Thread-543] INFO  util.JmxRegister (JmxRegister.java:unregister(73)) - Successfully un-registered JMX Bean with object name Ratis:service=RaftServer,group=group-FAB317579077,id=0b05557d-aaca-4439-b58f-16bf68049744
2019-09-26 13:31:35,168 [ForkJoinPool.commonPool-worker-0] INFO  util.JmxRegister (JmxRegister.java:unregister(73)) - Successfully un-registered JMX Bean with object name Ratis:service=RaftServer,group=group-06ED78643891,id=08f0d413-ba2e-4bd8-9fb4-d48dc0f7c1d6
2019-09-26 13:31:35,168 [Thread-543] INFO  impl.RoleInfo (RoleInfo.java:shutdownLeaderState(104)) - 0b05557d-aaca-4439-b58f-16bf68049744: shutdown LeaderState
2019-09-26 13:31:35,169 [ForkJoinPool.commonPool-worker-0] INFO  impl.RoleInfo (RoleInfo.java:shutdownLeaderState(104)) - 08f0d413-ba2e-4bd8-9fb4-d48dc0f7c1d6: shutdown LeaderState
2019-09-26 13:31:35,169 [Thread-543] INFO  impl.PendingRequests (PendingRequests.java:sendNotLeaderResponses(202)) - 0b05557d-aaca-4439-b58f-16bf68049744-PendingRequests: sendNotLeaderResponses
2019-09-26 13:31:35,169 [ForkJoinPool.commonPool-worker-0] INFO  impl.PendingRequests (PendingRequests.java:sendNotLeaderResponses(202)) - 08f0d413-ba2e-4bd8-9fb4-d48dc0f7c1d6-PendingRequests: sendNotLeaderResponses
2019-09-26 13:31:35,169 [Thread-543] INFO  impl.StateMachineUpdater (StateMachineUpdater.java:stopAndJoin(125)) - 0b05557d-aaca-4439-b58f-16bf68049744@group-FAB317579077-StateMachineUpdater: set stopIndex = 0
2019-09-26 13:31:35,170 [ForkJoinPool.commonPool-worker-0] INFO  impl.StateMachineUpdater (StateMachineUpdater.java:stopAndJoin(125)) - 08f0d413-ba2e-4bd8-9fb4-d48dc0f7c1d6@group-06ED78643891-StateMachineUpdater: set stopIndex = 0
2019-09-26 13:31:35,170 [Thread-543] INFO  impl.RaftServerImpl (ServerState.java:close(385)) - 0b05557d-aaca-4439-b58f-16bf68049744@group-FAB317579077: closes. applyIndex: 0
2019-09-26 13:31:35,170 [ForkJoinPool.commonPool-worker-0] INFO  impl.RaftServerImpl (ServerState.java:close(385)) - 08f0d413-ba2e-4bd8-9fb4-d48dc0f7c1d6@group-06ED78643891: closes. applyIndex: 0
2019-09-26 13:31:35,171 [0b05557d-aaca-4439-b58f-16bf68049744@group-FAB317579077-SegmentedRaftLogWorker] INFO  segmented.SegmentedRaftLogWorker (SegmentedRaftLogWorker.java:run(313)) - 0b05557d-aaca-4439-b58f-16bf68049744@group-FAB317579077-SegmentedRaftLogWorker was interrupted, exiting. There are 0 tasks remaining in the queue.
2019-09-26 13:31:35,171 [08f0d413-ba2e-4bd8-9fb4-d48dc0f7c1d6@group-06ED78643891-SegmentedRaftLogWorker] INFO  segmented.SegmentedRaftLogWorker (SegmentedRaftLogWorker.java:run(313)) - 08f0d413-ba2e-4bd8-9fb4-d48dc0f7c1d6@group-06ED78643891-SegmentedRaftLogWorker was interrupted, exiting. There are 0 tasks remaining in the queue.
2019-09-26 13:31:35,171 [Thread-543] INFO  segmented.SegmentedRaftLogWorker (SegmentedRaftLogWorker.java:close(228)) - 0b05557d-aaca-4439-b58f-16bf68049744@group-FAB317579077-SegmentedRaftLogWorker close()
2019-09-26 13:31:35,171 [ForkJoinPool.commonPool-worker-0] INFO  segmented.SegmentedRaftLogWorker (SegmentedRaftLogWorker.java:close(228)) - 08f0d413-ba2e-4bd8-9fb4-d48dc0f7c1d6@group-06ED78643891-SegmentedRaftLogWorker close()
2019-09-26 13:31:35,173 [Thread-543] INFO  impl.RaftServerImpl (RaftServerImpl.java:lambda$shutdown$3(251)) - 0b05557d-aaca-4439-b58f-16bf68049744@group-797C5D2047A3: shutdown
2019-09-26 13:31:35,174 [ForkJoinPool.commonPool-worker-0] INFO  impl.RaftServerImpl (RaftServerImpl.java:lambda$shutdown$3(251)) - 08f0d413-ba2e-4bd8-9fb4-d48dc0f7c1d6@group-EF51A4BC2699: shutdown
2019-09-26 13:31:35,175 [Thread-543] INFO  util.JmxRegister (JmxRegister.java:unregister(73)) - Successfully un-registered JMX Bean with object name Ratis:service=RaftServer,group=group-797C5D2047A3,id=0b05557d-aaca-4439-b58f-16bf68049744
2019-09-26 13:31:35,175 [ForkJoinPool.commonPool-worker-0] INFO  util.JmxRegister (JmxRegister.java:unregister(73)) - Successfully un-registered JMX Bean with object name Ratis:service=RaftServer,group=group-EF51A4BC2699,id=08f0d413-ba2e-4bd8-9fb4-d48dc0f7c1d6
2019-09-26 13:31:35,175 [Thread-543] INFO  impl.RoleInfo (RoleInfo.java:shutdownLeaderState(104)) - 0b05557d-aaca-4439-b58f-16bf68049744: shutdown LeaderState
2019-09-26 13:31:35,175 [ForkJoinPool.commonPool-worker-0] INFO  impl.RoleInfo (RoleInfo.java:shutdownLeaderState(104)) - 08f0d413-ba2e-4bd8-9fb4-d48dc0f7c1d6: shutdown LeaderState
2019-09-26 13:31:35,176 [Thread-543] INFO  impl.PendingRequests (PendingRequests.java:sendNotLeaderResponses(202)) - 0b05557d-aaca-4439-b58f-16bf68049744-PendingRequests: sendNotLeaderResponses
2019-09-26 13:31:35,176 [ForkJoinPool.commonPool-worker-0] INFO  impl.PendingRequests (PendingRequests.java:sendNotLeaderResponses(202)) - 08f0d413-ba2e-4bd8-9fb4-d48dc0f7c1d6-PendingRequests: sendNotLeaderResponses
2019-09-26 13:31:35,176 [Thread-543] INFO  impl.StateMachineUpdater (StateMachineUpdater.java:stopAndJoin(125)) - 0b05557d-aaca-4439-b58f-16bf68049744@group-797C5D2047A3-StateMachineUpdater: set stopIndex = 0
2019-09-26 13:31:35,177 [ForkJoinPool.commonPool-worker-0] INFO  impl.StateMachineUpdater (StateMachineUpdater.java:stopAndJoin(125)) - 08f0d413-ba2e-4bd8-9fb4-d48dc0f7c1d6@group-EF51A4BC2699-StateMachineUpdater: set stopIndex = 0
2019-09-26 13:31:35,177 [Thread-543] INFO  impl.RaftServerImpl (ServerState.java:close(385)) - 0b05557d-aaca-4439-b58f-16bf68049744@group-797C5D2047A3: closes. applyIndex: 0
2019-09-26 13:31:35,177 [ForkJoinPool.commonPool-worker-0] INFO  impl.RaftServerImpl (ServerState.java:close(385)) - 08f0d413-ba2e-4bd8-9fb4-d48dc0f7c1d6@group-EF51A4BC2699: closes. applyIndex: 0
2019-09-26 13:31:35,178 [0b05557d-aaca-4439-b58f-16bf68049744@group-797C5D2047A3-SegmentedRaftLogWorker] INFO  segmented.SegmentedRaftLogWorker (SegmentedRaftLogWorker.java:run(313)) - 0b05557d-aaca-4439-b58f-16bf68049744@group-797C5D2047A3-SegmentedRaftLogWorker was interrupted, exiting. There are 0 tasks remaining in the queue.
2019-09-26 13:31:35,178 [08f0d413-ba2e-4bd8-9fb4-d48dc0f7c1d6@group-EF51A4BC2699-SegmentedRaftLogWorker] INFO  segmented.SegmentedRaftLogWorker (SegmentedRaftLogWorker.java:run(313)) - 08f0d413-ba2e-4bd8-9fb4-d48dc0f7c1d6@group-EF51A4BC2699-SegmentedRaftLogWorker was interrupted, exiting. There are 0 tasks remaining in the queue.
2019-09-26 13:31:35,178 [Thread-543] INFO  segmented.SegmentedRaftLogWorker (SegmentedRaftLogWorker.java:close(228)) - 0b05557d-aaca-4439-b58f-16bf68049744@group-797C5D2047A3-SegmentedRaftLogWorker close()
2019-09-26 13:31:35,178 [ForkJoinPool.commonPool-worker-0] INFO  segmented.SegmentedRaftLogWorker (SegmentedRaftLogWorker.java:close(228)) - 08f0d413-ba2e-4bd8-9fb4-d48dc0f7c1d6@group-EF51A4BC2699-SegmentedRaftLogWorker close()
2019-09-26 13:31:35,180 [Thread-543] INFO  impl.RaftServerImpl (RaftServerImpl.java:lambda$shutdown$3(251)) - 0b05557d-aaca-4439-b58f-16bf68049744@group-AC05502D15BB: shutdown
2019-09-26 13:31:35,181 [ForkJoinPool.commonPool-worker-0] INFO  impl.RaftServerImpl (RaftServerImpl.java:lambda$shutdown$3(251)) - 08f0d413-ba2e-4bd8-9fb4-d48dc0f7c1d6@group-38D67891843D: shutdown
2019-09-26 13:31:35,182 [Thread-543] INFO  util.JmxRegister (JmxRegister.java:unregister(73)) - Successfully un-registered JMX Bean with object name Ratis:service=RaftServer,group=group-AC05502D15BB,id=0b05557d-aaca-4439-b58f-16bf68049744
2019-09-26 13:31:35,182 [ForkJoinPool.commonPool-worker-0] INFO  util.JmxRegister (JmxRegister.java:unregister(73)) - Successfully un-registered JMX Bean with object name Ratis:service=RaftServer,group=group-38D67891843D,id=08f0d413-ba2e-4bd8-9fb4-d48dc0f7c1d6
2019-09-26 13:31:35,182 [Thread-543] INFO  impl.RoleInfo (RoleInfo.java:shutdownLeaderState(104)) - 0b05557d-aaca-4439-b58f-16bf68049744: shutdown LeaderState
2019-09-26 13:31:35,182 [ForkJoinPool.commonPool-worker-0] INFO  impl.RoleInfo (RoleInfo.java:shutdownLeaderState(104)) - 08f0d413-ba2e-4bd8-9fb4-d48dc0f7c1d6: shutdown LeaderState
2019-09-26 13:31:35,183 [Thread-543] INFO  impl.PendingRequests (PendingRequests.java:sendNotLeaderResponses(202)) - 0b05557d-aaca-4439-b58f-16bf68049744-PendingRequests: sendNotLeaderResponses
2019-09-26 13:31:35,183 [ForkJoinPool.commonPool-worker-0] INFO  impl.PendingRequests (PendingRequests.java:sendNotLeaderResponses(202)) - 08f0d413-ba2e-4bd8-9fb4-d48dc0f7c1d6-PendingRequests: sendNotLeaderResponses
2019-09-26 13:31:35,183 [Thread-543] INFO  impl.StateMachineUpdater (StateMachineUpdater.java:stopAndJoin(125)) - 0b05557d-aaca-4439-b58f-16bf68049744@group-AC05502D15BB-StateMachineUpdater: set stopIndex = 0
2019-09-26 13:31:35,184 [Thread-543] INFO  impl.RaftServerImpl (ServerState.java:close(385)) - 0b05557d-aaca-4439-b58f-16bf68049744@group-AC05502D15BB: closes. applyIndex: 0
2019-09-26 13:31:35,183 [ForkJoinPool.commonPool-worker-0] INFO  impl.StateMachineUpdater (StateMachineUpdater.java:stopAndJoin(125)) - 08f0d413-ba2e-4bd8-9fb4-d48dc0f7c1d6@group-38D67891843D-StateMachineUpdater: set stopIndex = 0
2019-09-26 13:31:35,184 [0b05557d-aaca-4439-b58f-16bf68049744@group-AC05502D15BB-SegmentedRaftLogWorker] INFO  segmented.SegmentedRaftLogWorker (SegmentedRaftLogWorker.java:run(313)) - 0b05557d-aaca-4439-b58f-16bf68049744@group-AC05502D15BB-SegmentedRaftLogWorker was interrupted, exiting. There are 0 tasks remaining in the queue.
2019-09-26 13:31:35,184 [ForkJoinPool.commonPool-worker-0] INFO  impl.RaftServerImpl (ServerState.java:close(385)) - 08f0d413-ba2e-4bd8-9fb4-d48dc0f7c1d6@group-38D67891843D: closes. applyIndex: 0
2019-09-26 13:31:35,185 [Thread-543] INFO  segmented.SegmentedRaftLogWorker (SegmentedRaftLogWorker.java:close(228)) - 0b05557d-aaca-4439-b58f-16bf68049744@group-AC05502D15BB-SegmentedRaftLogWorker close()
2019-09-26 13:31:35,185 [08f0d413-ba2e-4bd8-9fb4-d48dc0f7c1d6@group-38D67891843D-SegmentedRaftLogWorker] INFO  segmented.SegmentedRaftLogWorker (SegmentedRaftLogWorker.java:run(313)) - 08f0d413-ba2e-4bd8-9fb4-d48dc0f7c1d6@group-38D67891843D-SegmentedRaftLogWorker was interrupted, exiting. There are 0 tasks remaining in the queue.
2019-09-26 13:31:35,187 [Thread-543] INFO  impl.RaftServerImpl (RaftServerImpl.java:lambda$shutdown$3(251)) - 0b05557d-aaca-4439-b58f-16bf68049744@group-858869F956F9: shutdown
2019-09-26 13:31:35,187 [ForkJoinPool.commonPool-worker-0] INFO  segmented.SegmentedRaftLogWorker (SegmentedRaftLogWorker.java:close(228)) - 08f0d413-ba2e-4bd8-9fb4-d48dc0f7c1d6@group-38D67891843D-SegmentedRaftLogWorker close()
2019-09-26 13:31:35,187 [Thread-543] INFO  util.JmxRegister (JmxRegister.java:unregister(73)) - Successfully un-registered JMX Bean with object name Ratis:service=RaftServer,group=group-858869F956F9,id=0b05557d-aaca-4439-b58f-16bf68049744
2019-09-26 13:31:35,189 [ForkJoinPool.commonPool-worker-0] INFO  impl.RaftServerImpl (RaftServerImpl.java:lambda$shutdown$3(251)) - 08f0d413-ba2e-4bd8-9fb4-d48dc0f7c1d6@group-D084B8CF2C23: shutdown
2019-09-26 13:31:35,189 [Thread-543] INFO  impl.RoleInfo (RoleInfo.java:shutdownLeaderState(104)) - 0b05557d-aaca-4439-b58f-16bf68049744: shutdown LeaderState
2019-09-26 13:31:35,189 [ForkJoinPool.commonPool-worker-0] INFO  util.JmxRegister (JmxRegister.java:unregister(73)) - Successfully un-registered JMX Bean with object name Ratis:service=RaftServer,group=group-D084B8CF2C23,id=08f0d413-ba2e-4bd8-9fb4-d48dc0f7c1d6
2019-09-26 13:31:35,189 [Thread-543] INFO  impl.PendingRequests (PendingRequests.java:sendNotLeaderResponses(202)) - 0b05557d-aaca-4439-b58f-16bf68049744-PendingRequests: sendNotLeaderResponses
2019-09-26 13:31:35,190 [ForkJoinPool.commonPool-worker-0] INFO  impl.RoleInfo (RoleInfo.java:shutdownLeaderState(104)) - 08f0d413-ba2e-4bd8-9fb4-d48dc0f7c1d6: shutdown LeaderState
2019-09-26 13:31:35,190 [Thread-543] INFO  impl.StateMachineUpdater (StateMachineUpdater.java:stopAndJoin(125)) - 0b05557d-aaca-4439-b58f-16bf68049744@group-858869F956F9-StateMachineUpdater: set stopIndex = 0
2019-09-26 13:31:35,190 [ForkJoinPool.commonPool-worker-0] INFO  impl.PendingRequests (PendingRequests.java:sendNotLeaderResponses(202)) - 08f0d413-ba2e-4bd8-9fb4-d48dc0f7c1d6-PendingRequests: sendNotLeaderResponses
2019-09-26 13:31:35,190 [Thread-543] INFO  impl.RaftServerImpl (ServerState.java:close(385)) - 0b05557d-aaca-4439-b58f-16bf68049744@group-858869F956F9: closes. applyIndex: 0
2019-09-26 13:31:35,190 [ForkJoinPool.commonPool-worker-0] INFO  impl.StateMachineUpdater (StateMachineUpdater.java:stopAndJoin(125)) - 08f0d413-ba2e-4bd8-9fb4-d48dc0f7c1d6@group-D084B8CF2C23-StateMachineUpdater: set stopIndex = 0
2019-09-26 13:31:35,191 [0b05557d-aaca-4439-b58f-16bf68049744@group-858869F956F9-SegmentedRaftLogWorker] INFO  segmented.SegmentedRaftLogWorker (SegmentedRaftLogWorker.java:run(313)) - 0b05557d-aaca-4439-b58f-16bf68049744@group-858869F956F9-SegmentedRaftLogWorker was interrupted, exiting. There are 0 tasks remaining in the queue.
2019-09-26 13:31:35,191 [ForkJoinPool.commonPool-worker-0] INFO  impl.RaftServerImpl (ServerState.java:close(385)) - 08f0d413-ba2e-4bd8-9fb4-d48dc0f7c1d6@group-D084B8CF2C23: closes. applyIndex: 0
2019-09-26 13:31:35,191 [Thread-543] INFO  segmented.SegmentedRaftLogWorker (SegmentedRaftLogWorker.java:close(228)) - 0b05557d-aaca-4439-b58f-16bf68049744@group-858869F956F9-SegmentedRaftLogWorker close()
2019-09-26 13:31:35,191 [08f0d413-ba2e-4bd8-9fb4-d48dc0f7c1d6@group-D084B8CF2C23-SegmentedRaftLogWorker] INFO  segmented.SegmentedRaftLogWorker (SegmentedRaftLogWorker.java:run(313)) - 08f0d413-ba2e-4bd8-9fb4-d48dc0f7c1d6@group-D084B8CF2C23-SegmentedRaftLogWorker was interrupted, exiting. There are 0 tasks remaining in the queue.
2019-09-26 13:31:35,193 [Thread-543] INFO  impl.RaftServerImpl (RaftServerImpl.java:lambda$shutdown$3(251)) - 0b05557d-aaca-4439-b58f-16bf68049744@group-61E44E5B6D03: shutdown
2019-09-26 13:31:35,193 [ForkJoinPool.commonPool-worker-0] INFO  segmented.SegmentedRaftLogWorker (SegmentedRaftLogWorker.java:close(228)) - 08f0d413-ba2e-4bd8-9fb4-d48dc0f7c1d6@group-D084B8CF2C23-SegmentedRaftLogWorker close()
2019-09-26 13:31:35,193 [Thread-543] INFO  util.JmxRegister (JmxRegister.java:unregister(73)) - Successfully un-registered JMX Bean with object name Ratis:service=RaftServer,group=group-61E44E5B6D03,id=0b05557d-aaca-4439-b58f-16bf68049744
2019-09-26 13:31:35,195 [ForkJoinPool.commonPool-worker-0] INFO  impl.RaftServerImpl (RaftServerImpl.java:lambda$shutdown$3(251)) - 08f0d413-ba2e-4bd8-9fb4-d48dc0f7c1d6@group-F34AF4E8B9A5: shutdown
2019-09-26 13:31:35,195 [Thread-543] INFO  impl.RoleInfo (RoleInfo.java:shutdownLeaderState(104)) - 0b05557d-aaca-4439-b58f-16bf68049744: shutdown LeaderState
2019-09-26 13:31:35,195 [ForkJoinPool.commonPool-worker-0] INFO  util.JmxRegister (JmxRegister.java:unregister(73)) - Successfully un-registered JMX Bean with object name Ratis:service=RaftServer,group=group-F34AF4E8B9A5,id=08f0d413-ba2e-4bd8-9fb4-d48dc0f7c1d6
2019-09-26 13:31:35,195 [Thread-543] INFO  impl.PendingRequests (PendingRequests.java:sendNotLeaderResponses(202)) - 0b05557d-aaca-4439-b58f-16bf68049744-PendingRequests: sendNotLeaderResponses
2019-09-26 13:31:35,196 [ForkJoinPool.commonPool-worker-0] INFO  impl.RoleInfo (RoleInfo.java:shutdownLeaderState(104)) - 08f0d413-ba2e-4bd8-9fb4-d48dc0f7c1d6: shutdown LeaderState
2019-09-26 13:31:35,196 [Thread-543] INFO  impl.StateMachineUpdater (StateMachineUpdater.java:stopAndJoin(125)) - 0b05557d-aaca-4439-b58f-16bf68049744@group-61E44E5B6D03-StateMachineUpdater: set stopIndex = 0
2019-09-26 13:31:35,196 [ForkJoinPool.commonPool-worker-0] INFO  impl.PendingRequests (PendingRequests.java:sendNotLeaderResponses(202)) - 08f0d413-ba2e-4bd8-9fb4-d48dc0f7c1d6-PendingRequests: sendNotLeaderResponses
2019-09-26 13:31:35,196 [Thread-543] INFO  impl.RaftServerImpl (ServerState.java:close(385)) - 0b05557d-aaca-4439-b58f-16bf68049744@group-61E44E5B6D03: closes. applyIndex: 0
2019-09-26 13:31:35,197 [ForkJoinPool.commonPool-worker-0] INFO  impl.StateMachineUpdater (StateMachineUpdater.java:stopAndJoin(125)) - 08f0d413-ba2e-4bd8-9fb4-d48dc0f7c1d6@group-F34AF4E8B9A5-StateMachineUpdater: set stopIndex = 0
2019-09-26 13:31:35,197 [0b05557d-aaca-4439-b58f-16bf68049744@group-61E44E5B6D03-SegmentedRaftLogWorker] INFO  segmented.SegmentedRaftLogWorker (SegmentedRaftLogWorker.java:run(313)) - 0b05557d-aaca-4439-b58f-16bf68049744@group-61E44E5B6D03-SegmentedRaftLogWorker was interrupted, exiting. There are 0 tasks remaining in the queue.
2019-09-26 13:31:35,197 [ForkJoinPool.commonPool-worker-0] INFO  impl.RaftServerImpl (ServerState.java:close(385)) - 08f0d413-ba2e-4bd8-9fb4-d48dc0f7c1d6@group-F34AF4E8B9A5: closes. applyIndex: 0
2019-09-26 13:31:35,197 [Thread-543] INFO  segmented.SegmentedRaftLogWorker (SegmentedRaftLogWorker.java:close(228)) - 0b05557d-aaca-4439-b58f-16bf68049744@group-61E44E5B6D03-SegmentedRaftLogWorker close()
2019-09-26 13:31:35,197 [08f0d413-ba2e-4bd8-9fb4-d48dc0f7c1d6@group-F34AF4E8B9A5-SegmentedRaftLogWorker] INFO  segmented.SegmentedRaftLogWorker (SegmentedRaftLogWorker.java:run(313)) - 08f0d413-ba2e-4bd8-9fb4-d48dc0f7c1d6@group-F34AF4E8B9A5-SegmentedRaftLogWorker was interrupted, exiting. There are 0 tasks remaining in the queue.
2019-09-26 13:31:35,199 [Thread-543] INFO  server.GrpcService (GrpcService.java:closeImpl(164)) - 0b05557d-aaca-4439-b58f-16bf68049744: shutdown server with port 38840 now
2019-09-26 13:31:35,199 [ForkJoinPool.commonPool-worker-0] INFO  segmented.SegmentedRaftLogWorker (SegmentedRaftLogWorker.java:close(228)) - 08f0d413-ba2e-4bd8-9fb4-d48dc0f7c1d6@group-F34AF4E8B9A5-SegmentedRaftLogWorker close()
2019-09-26 13:31:35,201 [ForkJoinPool.commonPool-worker-0] INFO  server.GrpcService (GrpcService.java:closeImpl(164)) - 08f0d413-ba2e-4bd8-9fb4-d48dc0f7c1d6: shutdown server with port 36621 now
2019-09-26 13:31:35,201 [Thread-543] INFO  server.GrpcService (GrpcService.java:closeImpl(172)) - 0b05557d-aaca-4439-b58f-16bf68049744: shutdown server with port 38840 successfully
2019-09-26 13:31:35,203 [ForkJoinPool.commonPool-worker-0] INFO  server.GrpcService (GrpcService.java:closeImpl(172)) - 08f0d413-ba2e-4bd8-9fb4-d48dc0f7c1d6: shutdown server with port 36621 successfully
2019-09-26 13:31:35,205 [refreshUsed-/workdir/hadoop-ozone/ozonefs/target/test-dir/MiniOzoneClusterImpl-58f1b142-a36f-4a38-b91d-584a62105ea7/datanode-1/data/containers] WARN  fs.CachingGetSpaceUsed (CachingGetSpaceUsed.java:run(183)) - Thread Interrupted waiting to refresh disk information: sleep interrupted
2019-09-26 13:31:35,205 [refreshUsed-/workdir/hadoop-ozone/ozonefs/target/test-dir/MiniOzoneClusterImpl-58f1b142-a36f-4a38-b91d-584a62105ea7/datanode-0/data/containers] WARN  fs.CachingGetSpaceUsed (CachingGetSpaceUsed.java:run(183)) - Thread Interrupted waiting to refresh disk information: sleep interrupted
2019-09-26 13:31:35,230 [Thread-543] INFO  utils.BackgroundService (BackgroundService.java:shutdown(148)) - Shutting down service BlockDeletingService
2019-09-26 13:31:35,233 [Thread-543] INFO  statemachine.DatanodeStateMachine (DatanodeStateMachine.java:stopDaemon(395)) - Ozone container server stopped.
2019-09-26 13:31:35,234 [ForkJoinPool.commonPool-worker-0] INFO  utils.BackgroundService (BackgroundService.java:shutdown(148)) - Shutting down service BlockDeletingService
2019-09-26 13:31:35,237 [ForkJoinPool.commonPool-worker-0] INFO  statemachine.DatanodeStateMachine (DatanodeStateMachine.java:stopDaemon(395)) - Ozone container server stopped.
2019-09-26 13:31:35,239 [Thread-543] INFO  handler.ContextHandler (ContextHandler.java:doStop(910)) - Stopped o.e.j.w.WebAppContext@679aed29{/,null,UNAVAILABLE}{/hddsDatanode}
2019-09-26 13:31:35,241 [ForkJoinPool.commonPool-worker-0] INFO  handler.ContextHandler (ContextHandler.java:doStop(910)) - Stopped o.e.j.w.WebAppContext@2c949e74{/,null,UNAVAILABLE}{/hddsDatanode}
2019-09-26 13:31:35,241 [ForkJoinPool.commonPool-worker-0] INFO  server.AbstractConnector (AbstractConnector.java:doStop(318)) - Stopped ServerConnector@3c3ed3f7{HTTP/1.1,[http/1.1]}{0.0.0.0:0}
2019-09-26 13:31:35,241 [Thread-543] INFO  server.AbstractConnector (AbstractConnector.java:doStop(318)) - Stopped ServerConnector@b56b0a4{HTTP/1.1,[http/1.1]}{0.0.0.0:0}
2019-09-26 13:31:35,242 [ForkJoinPool.commonPool-worker-0] INFO  handler.ContextHandler (ContextHandler.java:doStop(910)) - Stopped o.e.j.s.ServletContextHandler@787cbcb4{/static,jar:file:/home/user/.m2/repository/org/apache/hadoop/hadoop-hdds-container-service/0.5.0-SNAPSHOT/hadoop-hdds-container-service-0.5.0-SNAPSHOT.jar!/webapps/static,UNAVAILABLE}
2019-09-26 13:31:35,243 [Thread-543] INFO  handler.ContextHandler (ContextHandler.java:doStop(910)) - Stopped o.e.j.s.ServletContextHandler@57b0f8bc{/static,jar:file:/home/user/.m2/repository/org/apache/hadoop/hadoop-hdds-container-service/0.5.0-SNAPSHOT/hadoop-hdds-container-service-0.5.0-SNAPSHOT.jar!/webapps/static,UNAVAILABLE}
2019-09-26 13:31:35,243 [ForkJoinPool.commonPool-worker-0] INFO  handler.ContextHandler (ContextHandler.java:doStop(910)) - Stopped o.e.j.s.ServletContextHandler@341bf65b{/logs,file:///workdir/hadoop-ozone/ozonefs/target/log,UNAVAILABLE}
2019-09-26 13:31:35,244 [Thread-543] INFO  handler.ContextHandler (ContextHandler.java:doStop(910)) - Stopped o.e.j.s.ServletContextHandler@16f00bc4{/logs,file:///workdir/hadoop-ozone/ozonefs/target/log,UNAVAILABLE}
2019-09-26 13:31:35,850 [Datanode State Machine Thread - 0] INFO  statemachine.DatanodeStateMachine (DatanodeStateMachine.java:lambda$startDaemon$0(350)) - Ozone container server started.
2019-09-26 13:31:40,246 [ForkJoinPool.commonPool-worker-0] INFO  ozoneimpl.OzoneContainer (OzoneContainer.java:stop(231)) - Attempting to stop container services.
2019-09-26 13:31:40,247 [ForkJoinPool.commonPool-worker-0] INFO  impl.RaftServerProxy (RaftServerProxy.java:lambda$close$4(314)) - 7cb6d186-caac-4cd2-8aac-d2a4e4b631e6: close
2019-09-26 13:31:40,248 [ForkJoinPool.commonPool-worker-0] INFO  impl.RaftServerImpl (RaftServerImpl.java:lambda$shutdown$3(251)) - 7cb6d186-caac-4cd2-8aac-d2a4e4b631e6@group-0F5A2A1686C0: shutdown
2019-09-26 13:31:40,248 [ForkJoinPool.commonPool-worker-0] INFO  util.JmxRegister (JmxRegister.java:unregister(73)) - Successfully un-registered JMX Bean with object name Ratis:service=RaftServer,group=group-0F5A2A1686C0,id=7cb6d186-caac-4cd2-8aac-d2a4e4b631e6
2019-09-26 13:31:40,248 [ForkJoinPool.commonPool-worker-0] INFO  impl.RoleInfo (RoleInfo.java:shutdownLeaderState(104)) - 7cb6d186-caac-4cd2-8aac-d2a4e4b631e6: shutdown LeaderState
2019-09-26 13:31:40,249 [ForkJoinPool.commonPool-worker-0] INFO  impl.PendingRequests (PendingRequests.java:sendNotLeaderResponses(202)) - 7cb6d186-caac-4cd2-8aac-d2a4e4b631e6-PendingRequests: sendNotLeaderResponses
2019-09-26 13:31:40,249 [ForkJoinPool.commonPool-worker-0] INFO  impl.StateMachineUpdater (StateMachineUpdater.java:stopAndJoin(125)) - 7cb6d186-caac-4cd2-8aac-d2a4e4b631e6@group-0F5A2A1686C0-StateMachineUpdater: set stopIndex = 0
2019-09-26 13:31:40,250 [ForkJoinPool.commonPool-worker-0] INFO  impl.RaftServerImpl (ServerState.java:close(385)) - 7cb6d186-caac-4cd2-8aac-d2a4e4b631e6@group-0F5A2A1686C0: closes. applyIndex: 0
2019-09-26 13:31:40,250 [7cb6d186-caac-4cd2-8aac-d2a4e4b631e6@group-0F5A2A1686C0-SegmentedRaftLogWorker] INFO  segmented.SegmentedRaftLogWorker (SegmentedRaftLogWorker.java:run(313)) - 7cb6d186-caac-4cd2-8aac-d2a4e4b631e6@group-0F5A2A1686C0-SegmentedRaftLogWorker was interrupted, exiting. There are 0 tasks remaining in the queue.
2019-09-26 13:31:40,251 [ForkJoinPool.commonPool-worker-0] INFO  segmented.SegmentedRaftLogWorker (SegmentedRaftLogWorker.java:close(228)) - 7cb6d186-caac-4cd2-8aac-d2a4e4b631e6@group-0F5A2A1686C0-SegmentedRaftLogWorker close()
2019-09-26 13:31:40,253 [ForkJoinPool.commonPool-worker-0] INFO  impl.RaftServerImpl (RaftServerImpl.java:lambda$shutdown$3(251)) - 7cb6d186-caac-4cd2-8aac-d2a4e4b631e6@group-735EA62CB490: shutdown
2019-09-26 13:31:40,253 [ForkJoinPool.commonPool-worker-0] INFO  util.JmxRegister (JmxRegister.java:unregister(73)) - Successfully un-registered JMX Bean with object name Ratis:service=RaftServer,group=group-735EA62CB490,id=7cb6d186-caac-4cd2-8aac-d2a4e4b631e6
2019-09-26 13:31:40,254 [ForkJoinPool.commonPool-worker-0] INFO  impl.RoleInfo (RoleInfo.java:shutdownLeaderState(104)) - 7cb6d186-caac-4cd2-8aac-d2a4e4b631e6: shutdown LeaderState
2019-09-26 13:31:40,254 [ForkJoinPool.commonPool-worker-0] INFO  impl.PendingRequests (PendingRequests.java:sendNotLeaderResponses(202)) - 7cb6d186-caac-4cd2-8aac-d2a4e4b631e6-PendingRequests: sendNotLeaderResponses
2019-09-26 13:31:40,254 [ForkJoinPool.commonPool-worker-0] INFO  impl.StateMachineUpdater (StateMachineUpdater.java:stopAndJoin(125)) - 7cb6d186-caac-4cd2-8aac-d2a4e4b631e6@group-735EA62CB490-StateMachineUpdater: set stopIndex = 0
2019-09-26 13:31:40,255 [ForkJoinPool.commonPool-worker-0] INFO  impl.RaftServerImpl (ServerState.java:close(385)) - 7cb6d186-caac-4cd2-8aac-d2a4e4b631e6@group-735EA62CB490: closes. applyIndex: 0
2019-09-26 13:31:40,255 [7cb6d186-caac-4cd2-8aac-d2a4e4b631e6@group-735EA62CB490-SegmentedRaftLogWorker] INFO  segmented.SegmentedRaftLogWorker (SegmentedRaftLogWorker.java:run(313)) - 7cb6d186-caac-4cd2-8aac-d2a4e4b631e6@group-735EA62CB490-SegmentedRaftLogWorker was interrupted, exiting. There are 0 tasks remaining in the queue.
2019-09-26 13:31:40,255 [ForkJoinPool.commonPool-worker-0] INFO  segmented.SegmentedRaftLogWorker (SegmentedRaftLogWorker.java:close(228)) - 7cb6d186-caac-4cd2-8aac-d2a4e4b631e6@group-735EA62CB490-SegmentedRaftLogWorker close()
2019-09-26 13:31:40,257 [ForkJoinPool.commonPool-worker-0] INFO  impl.RaftServerImpl (RaftServerImpl.java:lambda$shutdown$3(251)) - 7cb6d186-caac-4cd2-8aac-d2a4e4b631e6@group-5ABD18F9AE2A: shutdown
2019-09-26 13:31:40,257 [ForkJoinPool.commonPool-worker-0] INFO  util.JmxRegister (JmxRegister.java:unregister(73)) - Successfully un-registered JMX Bean with object name Ratis:service=RaftServer,group=group-5ABD18F9AE2A,id=7cb6d186-caac-4cd2-8aac-d2a4e4b631e6
2019-09-26 13:31:40,258 [ForkJoinPool.commonPool-worker-0] INFO  impl.RoleInfo (RoleInfo.java:shutdownLeaderState(104)) - 7cb6d186-caac-4cd2-8aac-d2a4e4b631e6: shutdown LeaderState
2019-09-26 13:31:40,258 [ForkJoinPool.commonPool-worker-0] INFO  impl.PendingRequests (PendingRequests.java:sendNotLeaderResponses(202)) - 7cb6d186-caac-4cd2-8aac-d2a4e4b631e6-PendingRequests: sendNotLeaderResponses
2019-09-26 13:31:40,258 [ForkJoinPool.commonPool-worker-0] INFO  impl.StateMachineUpdater (StateMachineUpdater.java:stopAndJoin(125)) - 7cb6d186-caac-4cd2-8aac-d2a4e4b631e6@group-5ABD18F9AE2A-StateMachineUpdater: set stopIndex = 0
2019-09-26 13:31:40,259 [ForkJoinPool.commonPool-worker-0] INFO  impl.RaftServerImpl (ServerState.java:close(385)) - 7cb6d186-caac-4cd2-8aac-d2a4e4b631e6@group-5ABD18F9AE2A: closes. applyIndex: 0
2019-09-26 13:31:40,259 [7cb6d186-caac-4cd2-8aac-d2a4e4b631e6@group-5ABD18F9AE2A-SegmentedRaftLogWorker] INFO  segmented.SegmentedRaftLogWorker (SegmentedRaftLogWorker.java:run(313)) - 7cb6d186-caac-4cd2-8aac-d2a4e4b631e6@group-5ABD18F9AE2A-SegmentedRaftLogWorker was interrupted, exiting. There are 0 tasks remaining in the queue.
2019-09-26 13:31:40,259 [ForkJoinPool.commonPool-worker-0] INFO  segmented.SegmentedRaftLogWorker (SegmentedRaftLogWorker.java:close(228)) - 7cb6d186-caac-4cd2-8aac-d2a4e4b631e6@group-5ABD18F9AE2A-SegmentedRaftLogWorker close()
2019-09-26 13:31:40,261 [ForkJoinPool.commonPool-worker-0] INFO  impl.RaftServerImpl (RaftServerImpl.java:lambda$shutdown$3(251)) - 7cb6d186-caac-4cd2-8aac-d2a4e4b631e6@group-93FEF23AAC29: shutdown
2019-09-26 13:31:40,261 [ForkJoinPool.commonPool-worker-0] INFO  util.JmxRegister (JmxRegister.java:unregister(73)) - Successfully un-registered JMX Bean with object name Ratis:service=RaftServer,group=group-93FEF23AAC29,id=7cb6d186-caac-4cd2-8aac-d2a4e4b631e6
2019-09-26 13:31:40,261 [ForkJoinPool.commonPool-worker-0] INFO  impl.RoleInfo (RoleInfo.java:shutdownLeaderState(104)) - 7cb6d186-caac-4cd2-8aac-d2a4e4b631e6: shutdown LeaderState
2019-09-26 13:31:40,261 [ForkJoinPool.commonPool-worker-0] INFO  impl.PendingRequests (PendingRequests.java:sendNotLeaderResponses(202)) - 7cb6d186-caac-4cd2-8aac-d2a4e4b631e6-PendingRequests: sendNotLeaderResponses
2019-09-26 13:31:40,262 [ForkJoinPool.commonPool-worker-0] INFO  impl.StateMachineUpdater (StateMachineUpdater.java:stopAndJoin(125)) - 7cb6d186-caac-4cd2-8aac-d2a4e4b631e6@group-93FEF23AAC29-StateMachineUpdater: set stopIndex = 0
2019-09-26 13:31:40,262 [ForkJoinPool.commonPool-worker-0] INFO  impl.RaftServerImpl (ServerState.java:close(385)) - 7cb6d186-caac-4cd2-8aac-d2a4e4b631e6@group-93FEF23AAC29: closes. applyIndex: 0
2019-09-26 13:31:40,262 [7cb6d186-caac-4cd2-8aac-d2a4e4b631e6@group-93FEF23AAC29-SegmentedRaftLogWorker] INFO  segmented.SegmentedRaftLogWorker (SegmentedRaftLogWorker.java:run(313)) - 7cb6d186-caac-4cd2-8aac-d2a4e4b631e6@group-93FEF23AAC29-SegmentedRaftLogWorker was interrupted, exiting. There are 0 tasks remaining in the queue.
2019-09-26 13:31:40,263 [ForkJoinPool.commonPool-worker-0] INFO  segmented.SegmentedRaftLogWorker (SegmentedRaftLogWorker.java:close(228)) - 7cb6d186-caac-4cd2-8aac-d2a4e4b631e6@group-93FEF23AAC29-SegmentedRaftLogWorker close()
2019-09-26 13:31:40,264 [ForkJoinPool.commonPool-worker-0] INFO  impl.RaftServerImpl (RaftServerImpl.java:lambda$shutdown$3(251)) - 7cb6d186-caac-4cd2-8aac-d2a4e4b631e6@group-5A1B5ECB213C: shutdown
2019-09-26 13:31:40,264 [ForkJoinPool.commonPool-worker-0] INFO  util.JmxRegister (JmxRegister.java:unregister(73)) - Successfully un-registered JMX Bean with object name Ratis:service=RaftServer,group=group-5A1B5ECB213C,id=7cb6d186-caac-4cd2-8aac-d2a4e4b631e6
2019-09-26 13:31:40,264 [ForkJoinPool.commonPool-worker-0] INFO  impl.RoleInfo (RoleInfo.java:shutdownLeaderState(104)) - 7cb6d186-caac-4cd2-8aac-d2a4e4b631e6: shutdown LeaderState
2019-09-26 13:31:40,264 [ForkJoinPool.commonPool-worker-0] INFO  impl.PendingRequests (PendingRequests.java:sendNotLeaderResponses(202)) - 7cb6d186-caac-4cd2-8aac-d2a4e4b631e6-PendingRequests: sendNotLeaderResponses
2019-09-26 13:31:40,265 [ForkJoinPool.commonPool-worker-0] INFO  impl.StateMachineUpdater (StateMachineUpdater.java:stopAndJoin(125)) - 7cb6d186-caac-4cd2-8aac-d2a4e4b631e6@group-5A1B5ECB213C-StateMachineUpdater: set stopIndex = 0
2019-09-26 13:31:40,265 [ForkJoinPool.commonPool-worker-0] INFO  impl.RaftServerImpl (ServerState.java:close(385)) - 7cb6d186-caac-4cd2-8aac-d2a4e4b631e6@group-5A1B5ECB213C: closes. applyIndex: 0
2019-09-26 13:31:40,266 [7cb6d186-caac-4cd2-8aac-d2a4e4b631e6@group-5A1B5ECB213C-SegmentedRaftLogWorker] INFO  segmented.SegmentedRaftLogWorker (SegmentedRaftLogWorker.java:run(313)) - 7cb6d186-caac-4cd2-8aac-d2a4e4b631e6@group-5A1B5ECB213C-SegmentedRaftLogWorker was interrupted, exiting. There are 0 tasks remaining in the queue.
2019-09-26 13:31:40,266 [ForkJoinPool.commonPool-worker-0] INFO  segmented.SegmentedRaftLogWorker (SegmentedRaftLogWorker.java:close(228)) - 7cb6d186-caac-4cd2-8aac-d2a4e4b631e6@group-5A1B5ECB213C-SegmentedRaftLogWorker close()
2019-09-26 13:31:40,267 [ForkJoinPool.commonPool-worker-0] INFO  impl.RaftServerImpl (RaftServerImpl.java:lambda$shutdown$3(251)) - 7cb6d186-caac-4cd2-8aac-d2a4e4b631e6@group-3E9CC2982A33: shutdown
2019-09-26 13:31:40,267 [ForkJoinPool.commonPool-worker-0] INFO  util.JmxRegister (JmxRegister.java:unregister(73)) - Successfully un-registered JMX Bean with object name Ratis:service=RaftServer,group=group-3E9CC2982A33,id=7cb6d186-caac-4cd2-8aac-d2a4e4b631e6
2019-09-26 13:31:40,267 [ForkJoinPool.commonPool-worker-0] INFO  impl.RoleInfo (RoleInfo.java:shutdownLeaderState(104)) - 7cb6d186-caac-4cd2-8aac-d2a4e4b631e6: shutdown LeaderState
2019-09-26 13:31:40,268 [ForkJoinPool.commonPool-worker-0] INFO  impl.PendingRequests (PendingRequests.java:sendNotLeaderResponses(202)) - 7cb6d186-caac-4cd2-8aac-d2a4e4b631e6-PendingRequests: sendNotLeaderResponses
2019-09-26 13:31:40,268 [ForkJoinPool.commonPool-worker-0] INFO  impl.StateMachineUpdater (StateMachineUpdater.java:stopAndJoin(125)) - 7cb6d186-caac-4cd2-8aac-d2a4e4b631e6@group-3E9CC2982A33-StateMachineUpdater: set stopIndex = 0
2019-09-26 13:31:40,268 [ForkJoinPool.commonPool-worker-0] INFO  impl.RaftServerImpl (ServerState.java:close(385)) - 7cb6d186-caac-4cd2-8aac-d2a4e4b631e6@group-3E9CC2982A33: closes. applyIndex: 0
2019-09-26 13:31:40,268 [7cb6d186-caac-4cd2-8aac-d2a4e4b631e6@group-3E9CC2982A33-SegmentedRaftLogWorker] INFO  segmented.SegmentedRaftLogWorker (SegmentedRaftLogWorker.java:run(313)) - 7cb6d186-caac-4cd2-8aac-d2a4e4b631e6@group-3E9CC2982A33-SegmentedRaftLogWorker was interrupted, exiting. There are 0 tasks remaining in the queue.
2019-09-26 13:31:40,269 [ForkJoinPool.commonPool-worker-0] INFO  segmented.SegmentedRaftLogWorker (SegmentedRaftLogWorker.java:close(228)) - 7cb6d186-caac-4cd2-8aac-d2a4e4b631e6@group-3E9CC2982A33-SegmentedRaftLogWorker close()
2019-09-26 13:31:40,270 [ForkJoinPool.commonPool-worker-0] INFO  server.GrpcService (GrpcService.java:closeImpl(164)) - 7cb6d186-caac-4cd2-8aac-d2a4e4b631e6: shutdown server with port 40363 now
2019-09-26 13:31:40,271 [ForkJoinPool.commonPool-worker-0] INFO  server.GrpcService (GrpcService.java:closeImpl(172)) - 7cb6d186-caac-4cd2-8aac-d2a4e4b631e6: shutdown server with port 40363 successfully
2019-09-26 13:31:40,278 [refreshUsed-/workdir/hadoop-ozone/ozonefs/target/test-dir/MiniOzoneClusterImpl-58f1b142-a36f-4a38-b91d-584a62105ea7/datanode-2/data/containers] WARN  fs.CachingGetSpaceUsed (CachingGetSpaceUsed.java:run(183)) - Thread Interrupted waiting to refresh disk information: sleep interrupted
2019-09-26 13:31:40,301 [ForkJoinPool.commonPool-worker-0] INFO  utils.BackgroundService (BackgroundService.java:shutdown(148)) - Shutting down service BlockDeletingService
2019-09-26 13:31:40,305 [ForkJoinPool.commonPool-worker-0] INFO  statemachine.DatanodeStateMachine (DatanodeStateMachine.java:stopDaemon(395)) - Ozone container server stopped.
2019-09-26 13:31:40,308 [ForkJoinPool.commonPool-worker-0] INFO  handler.ContextHandler (ContextHandler.java:doStop(910)) - Stopped o.e.j.w.WebAppContext@55ed0965{/,null,UNAVAILABLE}{/hddsDatanode}
2019-09-26 13:31:40,308 [ForkJoinPool.commonPool-worker-0] INFO  server.AbstractConnector (AbstractConnector.java:doStop(318)) - Stopped ServerConnector@45f825fe{HTTP/1.1,[http/1.1]}{0.0.0.0:0}
2019-09-26 13:31:40,309 [ForkJoinPool.commonPool-worker-0] INFO  handler.ContextHandler (ContextHandler.java:doStop(910)) - Stopped o.e.j.s.ServletContextHandler@7d33ffd0{/static,jar:file:/home/user/.m2/repository/org/apache/hadoop/hadoop-hdds-container-service/0.5.0-SNAPSHOT/hadoop-hdds-container-service-0.5.0-SNAPSHOT.jar!/webapps/static,UNAVAILABLE}
2019-09-26 13:31:40,311 [ForkJoinPool.commonPool-worker-0] INFO  handler.ContextHandler (ContextHandler.java:doStop(910)) - Stopped o.e.j.s.ServletContextHandler@cbae59{/logs,file:///workdir/hadoop-ozone/ozonefs/target/log,UNAVAILABLE}
2019-09-26 13:31:40,312 [Thread-543] INFO  ozone.MiniOzoneClusterImpl (MiniOzoneClusterImpl.java:stopSCM(392)) - Stopping the StorageContainerManager
2019-09-26 13:31:40,312 [Thread-543] INFO  server.StorageContainerManager (StorageContainerManager.java:stop(808)) - Stopping Replication Manager Service.
2019-09-26 13:31:40,312 [Thread-543] INFO  container.ReplicationManager (ReplicationManager.java:stop(204)) - Stopping Replication Monitor Thread.
2019-09-26 13:31:40,312 [Thread-543] INFO  server.StorageContainerManager (StorageContainerManager.java:stop(815)) - Stopping Lease Manager of the command watchers
2019-09-26 13:31:40,313 [Thread-543] INFO  server.StorageContainerManager (StorageContainerManager.java:stop(822)) - Stopping datanode service RPC server
2019-09-26 13:31:40,313 [Thread-543] INFO  server.SCMDatanodeProtocolServer (SCMDatanodeProtocolServer.java:stop(367)) - Stopping the RPC server for DataNodes
2019-09-26 13:31:40,313 [Thread-543] INFO  ipc.Server (Server.java:stop(3082)) - Stopping server on 39931
2019-09-26 13:31:40,315 [IPC Server listener on 39931] INFO  ipc.Server (Server.java:run(1185)) - Stopping IPC Server listener on 39931
2019-09-26 13:31:40,316 [IPC Server Responder] INFO  ipc.Server (Server.java:run(1319)) - Stopping IPC Server Responder
2019-09-26 13:31:40,402 [SCM Heartbeat Processing Thread - 0] WARN  node.NodeStateManager (NodeStateManager.java:scheduleNextHealthCheck(655)) - Current Thread is interrupted, shutting down HB processing thread for Node Manager.
2019-09-26 13:31:40,402 [Thread-543] INFO  server.StorageContainerManager (StorageContainerManager.java:stop(830)) - Stopping block service RPC server
2019-09-26 13:31:40,402 [Thread-543] INFO  server.SCMBlockProtocolServer (SCMBlockProtocolServer.java:stop(155)) - Stopping the RPC server for Block Protocol
2019-09-26 13:31:40,402 [Thread-543] INFO  ipc.Server (Server.java:stop(3082)) - Stopping server on 44266
2019-09-26 13:31:40,404 [IPC Server listener on 44266] INFO  ipc.Server (Server.java:run(1185)) - Stopping IPC Server listener on 44266
2019-09-26 13:31:40,404 [Thread-543] INFO  server.StorageContainerManager (StorageContainerManager.java:stop(837)) - Stopping the StorageContainerLocationProtocol RPC server
2019-09-26 13:31:40,404 [IPC Server Responder] INFO  ipc.Server (Server.java:run(1319)) - Stopping IPC Server Responder
2019-09-26 13:31:40,405 [Thread-543] INFO  server.SCMClientProtocolServer (SCMClientProtocolServer.java:stop(159)) - Stopping the RPC server for Client Protocol
2019-09-26 13:31:40,406 [Thread-543] INFO  ipc.Server (Server.java:stop(3082)) - Stopping server on 34192
2019-09-26 13:31:40,408 [IPC Server listener on 34192] INFO  ipc.Server (Server.java:run(1185)) - Stopping IPC Server listener on 34192
2019-09-26 13:31:40,408 [Thread-543] INFO  server.StorageContainerManager (StorageContainerManager.java:stop(844)) - Stopping Storage Container Manager HTTP server.
2019-09-26 13:31:40,408 [IPC Server Responder] INFO  ipc.Server (Server.java:run(1319)) - Stopping IPC Server Responder
2019-09-26 13:31:40,413 [Thread-543] INFO  handler.ContextHandler (ContextHandler.java:doStop(910)) - Stopped o.e.j.w.WebAppContext@1742b543{/,null,UNAVAILABLE}{/scm}
2019-09-26 13:31:40,413 [Thread-543] INFO  server.AbstractConnector (AbstractConnector.java:doStop(318)) - Stopped ServerConnector@770fd6a3{HTTP/1.1,[http/1.1]}{0.0.0.0:0}
2019-09-26 13:31:40,414 [Thread-543] INFO  handler.ContextHandler (ContextHandler.java:doStop(910)) - Stopped o.e.j.s.ServletContextHandler@50ffa6f8{/static,jar:file:/home/user/.m2/repository/org/apache/hadoop/hadoop-hdds-server-scm/0.5.0-SNAPSHOT/hadoop-hdds-server-scm-0.5.0-SNAPSHOT.jar!/webapps/static,UNAVAILABLE}
2019-09-26 13:31:40,414 [Thread-543] INFO  handler.ContextHandler (ContextHandler.java:doStop(910)) - Stopped o.e.j.s.ServletContextHandler@6aef9be0{/logs,file:///workdir/hadoop-ozone/ozonefs/target/log,UNAVAILABLE}
2019-09-26 13:31:40,415 [Thread-543] INFO  server.StorageContainerManager (StorageContainerManager.java:stop(855)) - Stopping Block Manager Service.
2019-09-26 13:31:40,415 [Thread-543] INFO  utils.BackgroundService (BackgroundService.java:shutdown(148)) - Shutting down service SCMBlockDeletingService
2019-09-26 13:31:40,416 [Thread-543] INFO  utils.BackgroundService (BackgroundService.java:shutdown(148)) - Shutting down service SCMBlockDeletingService
2019-09-26 13:31:40,416 [Thread-543] INFO  server.StorageContainerManager (StorageContainerManager.java:stop(877)) - Stopping SCM Event Queue.
2019-09-26 13:31:40,420 [Thread-543] INFO  impl.MetricsSystemImpl (MetricsSystemImpl.java:stop(210)) - Stopping HddsDatanode metrics system...
2019-09-26 13:31:40,429 [Thread-543] INFO  impl.MetricsSystemImpl (MetricsSystemImpl.java:stop(216)) - HddsDatanode metrics system stopped.
]]></system-out>
  </testcase>
  <testcase name="testListStatus" classname="org.apache.hadoop.fs.ozone.TestOzoneFileSystem" time="17.107">
    <error message="Allocated 0 blocks. Requested 1 blocks" type="INTERNAL_ERROR org.apache.hadoop.ozone.om.exceptions.OMException">INTERNAL_ERROR org.apache.hadoop.ozone.om.exceptions.OMException: Allocated 0 blocks. Requested 1 blocks
	at org.apache.hadoop.ozone.om.protocolPB.OzoneManagerProtocolClientSideTranslatorPB.handleError(OzoneManagerProtocolClientSideTranslatorPB.java:732)
	at org.apache.hadoop.ozone.om.protocolPB.OzoneManagerProtocolClientSideTranslatorPB.createFile(OzoneManagerProtocolClientSideTranslatorPB.java:1536)
	at sun.reflect.NativeMethodAccessorImpl.invoke0(Native Method)
	at sun.reflect.NativeMethodAccessorImpl.invoke(NativeMethodAccessorImpl.java:62)
	at sun.reflect.DelegatingMethodAccessorImpl.invoke(DelegatingMethodAccessorImpl.java:43)
	at java.lang.reflect.Method.invoke(Method.java:498)
	at org.apache.hadoop.hdds.tracing.TraceAllMethod.invoke(TraceAllMethod.java:66)
	at com.sun.proxy.$Proxy38.createFile(Unknown Source)
	at org.apache.hadoop.ozone.client.rpc.RpcClient.createFile(RpcClient.java:1006)
	at org.apache.hadoop.ozone.client.OzoneBucket.createFile(OzoneBucket.java:537)
	at org.apache.hadoop.fs.ozone.BasicOzoneClientAdapterImpl.createFile(BasicOzoneClientAdapterImpl.java:205)
	at org.apache.hadoop.fs.ozone.BasicOzoneFileSystem.createOutputStream(BasicOzoneFileSystem.java:250)
	at org.apache.hadoop.fs.ozone.BasicOzoneFileSystem.create(BasicOzoneFileSystem.java:231)
	at org.apache.hadoop.fs.FileSystem.create(FileSystem.java:1118)
	at org.apache.hadoop.fs.FileSystem.create(FileSystem.java:1098)
	at org.apache.hadoop.fs.FileSystem.create(FileSystem.java:987)
	at org.apache.hadoop.fs.contract.ContractTestUtils.createFile(ContractTestUtils.java:633)
	at org.apache.hadoop.fs.contract.ContractTestUtils.touch(ContractTestUtils.java:669)
	at org.apache.hadoop.fs.ozone.TestOzoneFileSystem.testListStatus(TestOzoneFileSystem.java:159)
	at sun.reflect.NativeMethodAccessorImpl.invoke0(Native Method)
	at sun.reflect.NativeMethodAccessorImpl.invoke(NativeMethodAccessorImpl.java:62)
	at sun.reflect.DelegatingMethodAccessorImpl.invoke(DelegatingMethodAccessorImpl.java:43)
	at java.lang.reflect.Method.invoke(Method.java:498)
	at org.junit.runners.model.FrameworkMethod$1.runReflectiveCall(FrameworkMethod.java:47)
	at org.junit.internal.runners.model.ReflectiveCallable.run(ReflectiveCallable.java:12)
	at org.junit.runners.model.FrameworkMethod.invokeExplosively(FrameworkMethod.java:44)
	at org.junit.internal.runners.statements.InvokeMethod.evaluate(InvokeMethod.java:17)
	at org.junit.internal.runners.statements.RunBefores.evaluate(RunBefores.java:26)
	at org.junit.internal.runners.statements.RunAfters.evaluate(RunAfters.java:27)
	at org.junit.internal.runners.statements.FailOnTimeout$StatementThread.run(FailOnTimeout.java:74)
</error>
    <system-out><![CDATA[2019-09-26 13:31:40,487 [Thread-810] WARN  server.ServerUtils (ServerUtils.java:getScmDbDir(145)) - ozone.scm.db.dirs is not configured. We recommend adding this setting. Falling back to ozone.metadata.dirs instead.
2019-09-26 13:31:40,502 [Thread-810] WARN  server.ServerUtils (ServerUtils.java:getScmDbDir(145)) - ozone.scm.db.dirs is not configured. We recommend adding this setting. Falling back to ozone.metadata.dirs instead.
2019-09-26 13:31:40,502 [Thread-810] WARN  server.ServerUtils (ServerUtils.java:getScmDbDir(145)) - ozone.scm.db.dirs is not configured. We recommend adding this setting. Falling back to ozone.metadata.dirs instead.
2019-09-26 13:31:40,502 [Thread-810] INFO  db.DBStoreBuilder (DBStoreBuilder.java:addTable(110)) - using custom profile for table: deletedBlocks
2019-09-26 13:31:40,503 [Thread-810] INFO  db.DBStoreBuilder (DBStoreBuilder.java:processTables(161)) - Using default column profile:DBProfile.DISK for Table:deletedBlocks
2019-09-26 13:31:40,503 [Thread-810] INFO  db.DBStoreBuilder (DBStoreBuilder.java:addTable(110)) - using custom profile for table: validCerts
2019-09-26 13:31:40,503 [Thread-810] INFO  db.DBStoreBuilder (DBStoreBuilder.java:processTables(161)) - Using default column profile:DBProfile.DISK for Table:validCerts
2019-09-26 13:31:40,503 [Thread-810] INFO  db.DBStoreBuilder (DBStoreBuilder.java:addTable(110)) - using custom profile for table: revokedCerts
2019-09-26 13:31:40,503 [Thread-810] INFO  db.DBStoreBuilder (DBStoreBuilder.java:processTables(161)) - Using default column profile:DBProfile.DISK for Table:revokedCerts
2019-09-26 13:31:40,504 [Thread-810] INFO  db.DBStoreBuilder (DBStoreBuilder.java:addTable(110)) - using custom profile for table: default
2019-09-26 13:31:40,504 [Thread-810] INFO  db.DBStoreBuilder (DBStoreBuilder.java:processTables(167)) - Using default column profile:DBProfile.DISK for Table:default
2019-09-26 13:31:40,504 [Thread-810] INFO  db.DBStoreBuilder (DBStoreBuilder.java:getDbProfile(198)) - Using default options. DBProfile.DISK
2019-09-26 13:31:40,655 [Thread-810] INFO  net.NodeSchemaLoader (NodeSchemaLoader.java:loadSchemaFromFile(125)) - Loading file from sun.misc.CompoundEnumeration@6b795c87
2019-09-26 13:31:40,655 [Thread-810] INFO  net.NodeSchemaLoader (NodeSchemaLoader.java:loadSchema(171)) - Loading network topology layer schema file
2019-09-26 13:31:40,661 [Thread-810] WARN  server.ServerUtils (ServerUtils.java:sanitizeUserArgs(70)) - ozone.scm.stale.node.interval value = 300000 is larger than max = 100000 based on the key value of ozone.scm.heartbeat.thread.interval, reset to the max value 100000.
2019-09-26 13:31:40,661 [Thread-810] WARN  server.ServerUtils (ServerUtils.java:sanitizeUserArgs(70)) - ozone.scm.stale.node.interval value = 300000 is larger than max = 100000 based on the key value of ozone.scm.heartbeat.thread.interval, reset to the max value 100000.
2019-09-26 13:31:40,661 [Thread-810] INFO  node.SCMNodeManager (SCMNodeManager.java:<init>(114)) - Entering startup safe mode.
2019-09-26 13:31:40,662 [Thread-810] INFO  algorithms.ContainerPlacementPolicyFactory (ContainerPlacementPolicyFactory.java:getPolicy(59)) - Create container placement policy of type org.apache.hadoop.hdds.scm.container.placement.algorithms.SCMContainerPlacementRandom
2019-09-26 13:31:40,662 [Thread-810] WARN  server.ServerUtils (ServerUtils.java:getScmDbDir(145)) - ozone.scm.db.dirs is not configured. We recommend adding this setting. Falling back to ozone.metadata.dirs instead.
2019-09-26 13:31:40,719 [Thread-810] INFO  pipeline.SCMPipelineManager (SCMPipelineManager.java:initializePipelineState(132)) - No pipeline exists in current db
2019-09-26 13:31:40,720 [Thread-810] WARN  server.ServerUtils (ServerUtils.java:getScmDbDir(145)) - ozone.scm.db.dirs is not configured. We recommend adding this setting. Falling back to ozone.metadata.dirs instead.
2019-09-26 13:31:40,784 [Thread-810] WARN  events.EventQueue (EventQueue.java:fireEvent(183)) - No event handler registered for event TypedEvent{payloadType=SafeModeStatus, name='SafeModeStatus'}
2019-09-26 13:31:40,784 [Thread-810] INFO  ipc.CallQueueManager (CallQueueManager.java:<init>(84)) - Using callQueue: class java.util.concurrent.LinkedBlockingQueue, queueCapacity: 2000, scheduler: class org.apache.hadoop.ipc.DefaultRpcScheduler, ipcBackoff: false.
2019-09-26 13:31:40,786 [Socket Reader #1 for port 37647] INFO  ipc.Server (Server.java:run(1074)) - Starting Socket Reader #1 for port 37647
2019-09-26 13:31:40,788 [Thread-810] INFO  ipc.CallQueueManager (CallQueueManager.java:<init>(84)) - Using callQueue: class java.util.concurrent.LinkedBlockingQueue, queueCapacity: 2000, scheduler: class org.apache.hadoop.ipc.DefaultRpcScheduler, ipcBackoff: false.
2019-09-26 13:31:40,789 [Socket Reader #1 for port 44016] INFO  ipc.Server (Server.java:run(1074)) - Starting Socket Reader #1 for port 44016
2019-09-26 13:31:40,791 [Thread-810] INFO  ipc.CallQueueManager (CallQueueManager.java:<init>(84)) - Using callQueue: class java.util.concurrent.LinkedBlockingQueue, queueCapacity: 2000, scheduler: class org.apache.hadoop.ipc.DefaultRpcScheduler, ipcBackoff: false.
2019-09-26 13:31:40,792 [Socket Reader #1 for port 40714] INFO  ipc.Server (Server.java:run(1074)) - Starting Socket Reader #1 for port 40714
2019-09-26 13:31:40,796 [Thread-810] INFO  hdfs.DFSUtil (DFSUtil.java:httpServerTemplateForNNAndJN(1641)) - Starting Web-server for scm at: http://0.0.0.0:0
2019-09-26 13:31:40,801 [Thread-810] INFO  server.AuthenticationFilter (AuthenticationFilter.java:constructSecretProvider(240)) - Unable to initialize FileSignerSecretProvider, falling back to use random secrets.
2019-09-26 13:31:40,802 [Thread-810] WARN  http.HttpRequestLog (HttpRequestLog.java:getRequestLog(97)) - Jetty request log can only be enabled using Log4j
2019-09-26 13:31:40,805 [Thread-810] INFO  http.HttpServer2 (HttpServer2.java:addGlobalFilter(975)) - Added global filter 'safety' (class=org.apache.hadoop.http.HttpServer2$QuotingInputFilter)
2019-09-26 13:31:40,806 [Thread-810] INFO  http.HttpServer2 (HttpServer2.java:addFilter(948)) - Added filter static_user_filter (class=org.apache.hadoop.http.lib.StaticUserWebFilter$StaticUserFilter) to context scm
2019-09-26 13:31:40,807 [Thread-810] INFO  http.HttpServer2 (HttpServer2.java:addFilter(958)) - Added filter static_user_filter (class=org.apache.hadoop.http.lib.StaticUserWebFilter$StaticUserFilter) to context logs
2019-09-26 13:31:40,807 [Thread-810] INFO  http.HttpServer2 (HttpServer2.java:addFilter(958)) - Added filter static_user_filter (class=org.apache.hadoop.http.lib.StaticUserWebFilter$StaticUserFilter) to context static
2019-09-26 13:31:40,810 [Thread-810] INFO  server.StorageContainerManager (StorageContainerManager.java:start(770)) - StorageContainerLocationProtocol RPC server is listening at /0.0.0.0:40714
2019-09-26 13:31:40,813 [Thread-810] WARN  impl.MetricsConfig (MetricsConfig.java:loadFirst(134)) - Cannot locate configuration: tried hadoop-metrics2-storagecontainermanager.properties,hadoop-metrics2.properties
2019-09-26 13:31:40,818 [Thread-810] INFO  impl.MetricsSystemImpl (MetricsSystemImpl.java:startTimer(374)) - Scheduled Metric snapshot period at 10 second(s).
2019-09-26 13:31:40,819 [Thread-810] INFO  impl.MetricsSystemImpl (MetricsSystemImpl.java:start(191)) - StorageContainerManager metrics system started
2019-09-26 13:31:41,145 [Thread-810] WARN  impl.MetricsSystemImpl (MetricsSystemImpl.java:register(276)) - Sink prometheus already exists!
2019-09-26 13:31:41,192 [Thread-810] INFO  server.SCMClientProtocolServer (SCMClientProtocolServer.java:start(151)) - RPC server for Client  is listening at /0.0.0.0:40714
2019-09-26 13:31:41,193 [IPC Server Responder] INFO  ipc.Server (Server.java:run(1314)) - IPC Server Responder: starting
2019-09-26 13:31:41,193 [IPC Server listener on 40714] INFO  ipc.Server (Server.java:run(1153)) - IPC Server listener on 40714: starting
2019-09-26 13:31:41,197 [Thread-810] INFO  server.StorageContainerManager (StorageContainerManager.java:start(780)) - ScmBlockLocationProtocol RPC server is listening at /0.0.0.0:44016
2019-09-26 13:31:41,197 [Thread-810] INFO  server.SCMBlockProtocolServer (SCMBlockProtocolServer.java:start(146)) - RPC server for Block Protocol is listening at /0.0.0.0:44016
2019-09-26 13:31:41,197 [IPC Server Responder] INFO  ipc.Server (Server.java:run(1314)) - IPC Server Responder: starting
2019-09-26 13:31:41,197 [IPC Server listener on 44016] INFO  ipc.Server (Server.java:run(1153)) - IPC Server listener on 44016: starting
2019-09-26 13:31:41,202 [Thread-810] INFO  server.StorageContainerManager (StorageContainerManager.java:start(784)) - ScmDatanodeProtocl RPC server is listening at /0.0.0.0:37647
2019-09-26 13:31:41,202 [Thread-810] INFO  server.SCMDatanodeProtocolServer (SCMDatanodeProtocolServer.java:start(191)) - RPC server for DataNodes is listening at /0.0.0.0:37647
2019-09-26 13:31:41,202 [IPC Server Responder] INFO  ipc.Server (Server.java:run(1314)) - IPC Server Responder: starting
2019-09-26 13:31:41,202 [IPC Server listener on 37647] INFO  ipc.Server (Server.java:run(1153)) - IPC Server listener on 37647: starting
2019-09-26 13:31:41,206 [Thread-810] INFO  http.HttpServer2 (HttpServer2.java:bindListener(1191)) - Jetty bound to port 39534
2019-09-26 13:31:41,206 [Thread-810] INFO  server.Server (Server.java:doStart(351)) - jetty-9.3.25.v20180904, build timestamp: 2018-09-04T21:11:46Z, git hash: 3ce520221d0240229c862b122d2b06c12a625732
2019-09-26 13:31:41,209 [Thread-810] INFO  handler.ContextHandler (ContextHandler.java:doStart(781)) - Started o.e.j.s.ServletContextHandler@3a1a7f3a{/logs,file:///workdir/hadoop-ozone/ozonefs/target/log,AVAILABLE}
2019-09-26 13:31:41,210 [Thread-810] INFO  handler.ContextHandler (ContextHandler.java:doStart(781)) - Started o.e.j.s.ServletContextHandler@e248ab0{/static,jar:file:/home/user/.m2/repository/org/apache/hadoop/hadoop-hdds-server-scm/0.5.0-SNAPSHOT/hadoop-hdds-server-scm-0.5.0-SNAPSHOT.jar!/webapps/static,AVAILABLE}
2019-09-26 13:31:41,260 [Thread-810] INFO  handler.ContextHandler (ContextHandler.java:doStart(781)) - Started o.e.j.w.WebAppContext@5e97caa4{/,file:///tmp/jetty-0.0.0.0-39534-scm-_-any-2936438256603118988.dir/webapp/,AVAILABLE}{/scm}
2019-09-26 13:31:41,260 [Thread-810] INFO  server.AbstractConnector (AbstractConnector.java:doStart(278)) - Started ServerConnector@2d06ca9d{HTTP/1.1,[http/1.1]}{0.0.0.0:39534}
2019-09-26 13:31:41,261 [Thread-810] INFO  server.Server (Server.java:doStart(419)) - Started @56681ms
2019-09-26 13:31:41,262 [Thread-810] WARN  impl.MetricsSystemImpl (MetricsSystemImpl.java:register(276)) - Sink prometheus already exists!
2019-09-26 13:31:41,262 [Thread-810] INFO  server.BaseHttpServer (BaseHttpServer.java:updateConnectorAddress(215)) - HTTP server of SCM is listening at http://0.0.0.0:39534
2019-09-26 13:31:41,264 [Thread-810] WARN  server.ServerUtils (ServerUtils.java:getDBPath(222)) - ozone.om.db.dirs is not configured. We recommend adding this setting. Falling back to ozone.metadata.dirs instead.
2019-09-26 13:31:41,264 [org.apache.hadoop.util.JvmPauseMonitor$Monitor@5f41de49] INFO  util.JvmPauseMonitor (JvmPauseMonitor.java:run(188)) - Starting JVM pause monitor
2019-09-26 13:31:41,280 [Thread-810] WARN  server.ServerUtils (ServerUtils.java:getDBPath(222)) - ozone.om.db.dirs is not configured. We recommend adding this setting. Falling back to ozone.metadata.dirs instead.
2019-09-26 13:31:41,280 [Thread-810] WARN  server.ServerUtils (ServerUtils.java:getDBPath(222)) - ozone.om.db.dirs is not configured. We recommend adding this setting. Falling back to ozone.metadata.dirs instead.
2019-09-26 13:31:41,281 [Thread-810] INFO  om.OzoneManager (OzoneManager.java:setOMNodeDetails(652)) - OM Service ID is not set. Setting it to the default ID: omServiceIdDefault
2019-09-26 13:31:41,281 [Thread-810] INFO  om.OzoneManager (OzoneManager.java:setOMNodeDetails(658)) - OM Node ID is not set. Setting it to the OmStorage's OmID: a01c8959-45f1-4d0b-9236-614e45767576
2019-09-26 13:31:41,281 [Thread-810] INFO  om.OzoneManager (OzoneManager.java:loadOMHAConfigs(609)) - Found matching OM address with OMServiceId: null, OMNodeId: null, RPC Address: localhost:0 and Ratis port: 9872
2019-09-26 13:31:41,286 [Thread-810] WARN  server.ServerUtils (ServerUtils.java:getDBPath(222)) - ozone.om.db.dirs is not configured. We recommend adding this setting. Falling back to ozone.metadata.dirs instead.
2019-09-26 13:31:41,286 [Thread-810] INFO  db.DBStoreBuilder (DBStoreBuilder.java:addTable(110)) - using custom profile for table: userTable
2019-09-26 13:31:41,287 [Thread-810] INFO  db.DBStoreBuilder (DBStoreBuilder.java:processTables(161)) - Using default column profile:DBProfile.DISK for Table:userTable
2019-09-26 13:31:41,287 [Thread-810] INFO  db.DBStoreBuilder (DBStoreBuilder.java:addTable(110)) - using custom profile for table: volumeTable
2019-09-26 13:31:41,287 [Thread-810] INFO  db.DBStoreBuilder (DBStoreBuilder.java:processTables(161)) - Using default column profile:DBProfile.DISK for Table:volumeTable
2019-09-26 13:31:41,287 [Thread-810] INFO  db.DBStoreBuilder (DBStoreBuilder.java:addTable(110)) - using custom profile for table: bucketTable
2019-09-26 13:31:41,287 [Thread-810] INFO  db.DBStoreBuilder (DBStoreBuilder.java:processTables(161)) - Using default column profile:DBProfile.DISK for Table:bucketTable
2019-09-26 13:31:41,287 [Thread-810] INFO  db.DBStoreBuilder (DBStoreBuilder.java:addTable(110)) - using custom profile for table: keyTable
2019-09-26 13:31:41,287 [Thread-810] INFO  db.DBStoreBuilder (DBStoreBuilder.java:processTables(161)) - Using default column profile:DBProfile.DISK for Table:keyTable
2019-09-26 13:31:41,287 [Thread-810] INFO  db.DBStoreBuilder (DBStoreBuilder.java:addTable(110)) - using custom profile for table: deletedTable
2019-09-26 13:31:41,288 [Thread-810] INFO  db.DBStoreBuilder (DBStoreBuilder.java:processTables(161)) - Using default column profile:DBProfile.DISK for Table:deletedTable
2019-09-26 13:31:41,288 [Thread-810] INFO  db.DBStoreBuilder (DBStoreBuilder.java:addTable(110)) - using custom profile for table: openKeyTable
2019-09-26 13:31:41,288 [Thread-810] INFO  db.DBStoreBuilder (DBStoreBuilder.java:processTables(161)) - Using default column profile:DBProfile.DISK for Table:openKeyTable
2019-09-26 13:31:41,288 [Thread-810] INFO  db.DBStoreBuilder (DBStoreBuilder.java:addTable(110)) - using custom profile for table: s3Table
2019-09-26 13:31:41,288 [Thread-810] INFO  db.DBStoreBuilder (DBStoreBuilder.java:processTables(161)) - Using default column profile:DBProfile.DISK for Table:s3Table
2019-09-26 13:31:41,288 [Thread-810] INFO  db.DBStoreBuilder (DBStoreBuilder.java:addTable(110)) - using custom profile for table: multipartInfoTable
2019-09-26 13:31:41,288 [Thread-810] INFO  db.DBStoreBuilder (DBStoreBuilder.java:processTables(161)) - Using default column profile:DBProfile.DISK for Table:multipartInfoTable
2019-09-26 13:31:41,289 [Thread-810] INFO  db.DBStoreBuilder (DBStoreBuilder.java:addTable(110)) - using custom profile for table: dTokenTable
2019-09-26 13:31:41,289 [Thread-810] INFO  db.DBStoreBuilder (DBStoreBuilder.java:processTables(161)) - Using default column profile:DBProfile.DISK for Table:dTokenTable
2019-09-26 13:31:41,289 [Thread-810] INFO  db.DBStoreBuilder (DBStoreBuilder.java:addTable(110)) - using custom profile for table: s3SecretTable
2019-09-26 13:31:41,289 [Thread-810] INFO  db.DBStoreBuilder (DBStoreBuilder.java:processTables(161)) - Using default column profile:DBProfile.DISK for Table:s3SecretTable
2019-09-26 13:31:41,289 [Thread-810] INFO  db.DBStoreBuilder (DBStoreBuilder.java:addTable(110)) - using custom profile for table: prefixTable
2019-09-26 13:31:41,289 [Thread-810] INFO  db.DBStoreBuilder (DBStoreBuilder.java:processTables(161)) - Using default column profile:DBProfile.DISK for Table:prefixTable
2019-09-26 13:31:41,289 [Thread-810] INFO  db.DBStoreBuilder (DBStoreBuilder.java:addTable(110)) - using custom profile for table: default
2019-09-26 13:31:41,289 [Thread-810] INFO  db.DBStoreBuilder (DBStoreBuilder.java:processTables(167)) - Using default column profile:DBProfile.DISK for Table:default
2019-09-26 13:31:41,290 [Thread-810] INFO  db.DBStoreBuilder (DBStoreBuilder.java:getDbProfile(198)) - Using default options. DBProfile.DISK
2019-09-26 13:31:41,754 [Thread-810] INFO  ipc.CallQueueManager (CallQueueManager.java:<init>(84)) - Using callQueue: class java.util.concurrent.LinkedBlockingQueue, queueCapacity: 2000, scheduler: class org.apache.hadoop.ipc.DefaultRpcScheduler, ipcBackoff: false.
2019-09-26 13:31:41,755 [Socket Reader #1 for port 39377] INFO  ipc.Server (Server.java:run(1074)) - Starting Socket Reader #1 for port 39377
2019-09-26 13:31:41,785 [Thread-810] INFO  om.OzoneManager (OzoneManager.java:start(1243)) - OzoneManager RPC server is listening at localhost/127.0.0.1:39377
2019-09-26 13:31:41,785 [Thread-810] INFO  impl.MetricsSystemImpl (MetricsSystemImpl.java:init(158)) - OzoneManager metrics system started (again)
2019-09-26 13:31:41,786 [IPC Server Responder] INFO  ipc.Server (Server.java:run(1314)) - IPC Server Responder: starting
2019-09-26 13:31:41,786 [IPC Server listener on 39377] INFO  ipc.Server (Server.java:run(1153)) - IPC Server listener on 39377: starting
2019-09-26 13:31:41,794 [Thread-810] INFO  hdfs.DFSUtil (DFSUtil.java:httpServerTemplateForNNAndJN(1641)) - Starting Web-server for ozoneManager at: http://0.0.0.0:0
2019-09-26 13:31:41,797 [Thread-810] INFO  server.AuthenticationFilter (AuthenticationFilter.java:constructSecretProvider(240)) - Unable to initialize FileSignerSecretProvider, falling back to use random secrets.
2019-09-26 13:31:41,797 [Thread-810] WARN  http.HttpRequestLog (HttpRequestLog.java:getRequestLog(97)) - Jetty request log can only be enabled using Log4j
2019-09-26 13:31:41,800 [Thread-810] INFO  http.HttpServer2 (HttpServer2.java:addGlobalFilter(975)) - Added global filter 'safety' (class=org.apache.hadoop.http.HttpServer2$QuotingInputFilter)
2019-09-26 13:31:41,802 [Thread-810] INFO  http.HttpServer2 (HttpServer2.java:addFilter(948)) - Added filter static_user_filter (class=org.apache.hadoop.http.lib.StaticUserWebFilter$StaticUserFilter) to context ozoneManager
2019-09-26 13:31:41,802 [Thread-810] INFO  http.HttpServer2 (HttpServer2.java:addFilter(958)) - Added filter static_user_filter (class=org.apache.hadoop.http.lib.StaticUserWebFilter$StaticUserFilter) to context static
2019-09-26 13:31:41,802 [Thread-810] INFO  http.HttpServer2 (HttpServer2.java:addFilter(958)) - Added filter static_user_filter (class=org.apache.hadoop.http.lib.StaticUserWebFilter$StaticUserFilter) to context logs
2019-09-26 13:31:41,803 [Thread-810] INFO  http.HttpServer2 (HttpServer2.java:bindListener(1191)) - Jetty bound to port 32919
2019-09-26 13:31:41,803 [Thread-810] INFO  server.Server (Server.java:doStart(351)) - jetty-9.3.25.v20180904, build timestamp: 2018-09-04T21:11:46Z, git hash: 3ce520221d0240229c862b122d2b06c12a625732
2019-09-26 13:31:41,807 [Thread-810] INFO  handler.ContextHandler (ContextHandler.java:doStart(781)) - Started o.e.j.s.ServletContextHandler@1d1c3c01{/logs,file:///workdir/hadoop-ozone/ozonefs/target/log,AVAILABLE}
2019-09-26 13:31:41,808 [Thread-810] INFO  handler.ContextHandler (ContextHandler.java:doStart(781)) - Started o.e.j.s.ServletContextHandler@32981f7f{/static,jar:file:/home/user/.m2/repository/org/apache/hadoop/hadoop-ozone-ozone-manager/0.5.0-SNAPSHOT/hadoop-ozone-ozone-manager-0.5.0-SNAPSHOT.jar!/webapps/static,AVAILABLE}
2019-09-26 13:31:41,893 [Thread-810] INFO  handler.ContextHandler (ContextHandler.java:doStart(781)) - Started o.e.j.w.WebAppContext@1603c503{/,file:///tmp/jetty-0.0.0.0-32919-ozoneManager-_-any-6128159280642618658.dir/webapp/,AVAILABLE}{/ozoneManager}
2019-09-26 13:31:41,894 [Thread-810] INFO  server.AbstractConnector (AbstractConnector.java:doStart(278)) - Started ServerConnector@7ca2b7a7{HTTP/1.1,[http/1.1]}{0.0.0.0:32919}
2019-09-26 13:31:41,896 [Thread-810] INFO  server.Server (Server.java:doStart(419)) - Started @57315ms
2019-09-26 13:31:41,896 [Thread-810] WARN  impl.MetricsSystemImpl (MetricsSystemImpl.java:register(276)) - Sink prometheus already exists!
2019-09-26 13:31:41,897 [Thread-810] INFO  server.BaseHttpServer (BaseHttpServer.java:updateConnectorAddress(215)) - HTTP server of OZONEMANAGER is listening at http://0.0.0.0:32919
2019-09-26 13:31:41,906 [Thread-810] INFO  impl.MetricsSystemImpl (MetricsSystemImpl.java:init(158)) - HddsDatanode metrics system started (again)
2019-09-26 13:31:41,910 [Thread-810] INFO  ozone.HddsDatanodeService (HddsDatanodeService.java:start(184)) - HddsDatanodeService host:pr-hdds-1569-87zkn-1081879488 ip:192.168.164.238
2019-09-26 13:31:41,917 [Thread-810] INFO  volume.HddsVolume (HddsVolume.java:<init>(176)) - Creating Volume: /workdir/hadoop-ozone/ozonefs/target/test-dir/MiniOzoneClusterImpl-a8a0317b-72d7-48ce-9e7f-dfff25f47ca1/datanode-0/data/containers/hdds of  storage type : DISK and capacity : 1482555576320
2019-09-26 13:31:41,918 [Thread-810] INFO  volume.VolumeSet (VolumeSet.java:initializeVolumeSet(170)) - Added Volume : /workdir/hadoop-ozone/ozonefs/target/test-dir/MiniOzoneClusterImpl-a8a0317b-72d7-48ce-9e7f-dfff25f47ca1/datanode-0/data/containers/hdds to VolumeSet
2019-09-26 13:31:41,918 [Thread-810] INFO  volume.ThrottledAsyncChecker (ThrottledAsyncChecker.java:schedule(139)) - Scheduling a check for org.apache.hadoop.ozone.container.common.volume.HddsVolume@346466e8
2019-09-26 13:31:41,918 [Thread-810] INFO  volume.HddsVolumeChecker (HddsVolumeChecker.java:checkAllVolumes(202)) - Scheduled health check for volume org.apache.hadoop.ozone.container.common.volume.HddsVolume@346466e8
2019-09-26 13:31:41,943 [Thread-810] INFO  impl.RaftServerProxy (ConfUtils.java:logGet(43)) - raft.rpc.type = GRPC (default)
2019-09-26 13:31:41,943 [Thread-810] INFO  grpc.GrpcFactory (GrpcFactory.java:checkPooledByteBufAllocatorUseCacheForAllThreads(45)) - PERFORMANCE WARNING: useCacheForAllThreads is true that may cause Netty to create a lot garbage objects and, as a result, trigger GC.
	It is recommended to disable useCacheForAllThreads by setting -Dorg.apache.ratis.thirdparty.io.netty.allocator.useCacheForAllThreads=false in command line.
2019-09-26 13:31:41,944 [Thread-810] INFO  grpc.GrpcConfigKeys$Server (ConfUtils.java:logGet(43)) - raft.grpc.server.port = 0 (default)
2019-09-26 13:31:41,944 [Thread-810] INFO  server.GrpcService (ConfUtils.java:logGet(43)) - raft.grpc.message.size.max = 33570816 (custom)
2019-09-26 13:31:41,944 [Thread-810] INFO  server.RaftServerConfigKeys (ConfUtils.java:logGet(43)) - raft.server.log.appender.buffer.byte-limit = 33554432 (custom)
2019-09-26 13:31:41,944 [Thread-810] INFO  server.GrpcService (ConfUtils.java:logGet(43)) - raft.grpc.flow.control.window = 1MB (=1048576) (default)
2019-09-26 13:31:41,944 [Thread-810] INFO  server.RaftServerConfigKeys (ConfUtils.java:logGet(43)) - raft.server.rpc.request.timeout = 3000ms (default)
2019-09-26 13:31:41,945 [Thread-810] INFO  server.RaftServerConfigKeys (ConfUtils.java:logGet(43)) - raft.server.storage.dir = [/workdir/hadoop-ozone/ozonefs/target/test-dir/MiniOzoneClusterImpl-a8a0317b-72d7-48ce-9e7f-dfff25f47ca1/datanode-0/data/ratis] (custom)
2019-09-26 13:31:41,947 [Thread-810] INFO  hdfs.DFSUtil (DFSUtil.java:httpServerTemplateForNNAndJN(1641)) - Starting Web-server for hddsDatanode at: http://0.0.0.0:0
2019-09-26 13:31:41,948 [Thread-810] INFO  server.AuthenticationFilter (AuthenticationFilter.java:constructSecretProvider(240)) - Unable to initialize FileSignerSecretProvider, falling back to use random secrets.
2019-09-26 13:31:41,949 [Thread-810] WARN  http.HttpRequestLog (HttpRequestLog.java:getRequestLog(97)) - Jetty request log can only be enabled using Log4j
2019-09-26 13:31:41,951 [Thread-810] INFO  http.HttpServer2 (HttpServer2.java:addGlobalFilter(975)) - Added global filter 'safety' (class=org.apache.hadoop.http.HttpServer2$QuotingInputFilter)
2019-09-26 13:31:41,951 [Thread-810] INFO  http.HttpServer2 (HttpServer2.java:addFilter(948)) - Added filter static_user_filter (class=org.apache.hadoop.http.lib.StaticUserWebFilter$StaticUserFilter) to context hddsDatanode
2019-09-26 13:31:41,952 [Thread-810] INFO  http.HttpServer2 (HttpServer2.java:addFilter(958)) - Added filter static_user_filter (class=org.apache.hadoop.http.lib.StaticUserWebFilter$StaticUserFilter) to context static
2019-09-26 13:31:41,952 [Thread-810] INFO  http.HttpServer2 (HttpServer2.java:addFilter(958)) - Added filter static_user_filter (class=org.apache.hadoop.http.lib.StaticUserWebFilter$StaticUserFilter) to context logs
2019-09-26 13:31:41,953 [Thread-810] INFO  http.HttpServer2 (HttpServer2.java:bindListener(1191)) - Jetty bound to port 40459
2019-09-26 13:31:41,953 [Thread-810] INFO  server.Server (Server.java:doStart(351)) - jetty-9.3.25.v20180904, build timestamp: 2018-09-04T21:11:46Z, git hash: 3ce520221d0240229c862b122d2b06c12a625732
2019-09-26 13:31:41,955 [Thread-810] INFO  handler.ContextHandler (ContextHandler.java:doStart(781)) - Started o.e.j.s.ServletContextHandler@30d779d9{/logs,file:///workdir/hadoop-ozone/ozonefs/target/log,AVAILABLE}
2019-09-26 13:31:41,955 [Thread-810] INFO  handler.ContextHandler (ContextHandler.java:doStart(781)) - Started o.e.j.s.ServletContextHandler@3b2b69b7{/static,jar:file:/home/user/.m2/repository/org/apache/hadoop/hadoop-hdds-container-service/0.5.0-SNAPSHOT/hadoop-hdds-container-service-0.5.0-SNAPSHOT.jar!/webapps/static,AVAILABLE}
2019-09-26 13:31:41,983 [Thread-810] INFO  handler.ContextHandler (ContextHandler.java:doStart(781)) - Started o.e.j.w.WebAppContext@31b247ac{/,file:///tmp/jetty-0.0.0.0-40459-hddsDatanode-_-any-7689023415235151020.dir/webapp/,AVAILABLE}{/hddsDatanode}
2019-09-26 13:31:41,983 [Thread-810] INFO  server.AbstractConnector (AbstractConnector.java:doStart(278)) - Started ServerConnector@219f76c4{HTTP/1.1,[http/1.1]}{0.0.0.0:40459}
2019-09-26 13:31:41,984 [Thread-810] INFO  server.Server (Server.java:doStart(419)) - Started @57404ms
2019-09-26 13:31:41,984 [Thread-810] WARN  impl.MetricsSystemImpl (MetricsSystemImpl.java:register(276)) - Sink prometheus already exists!
2019-09-26 13:31:41,985 [Thread-810] INFO  server.BaseHttpServer (BaseHttpServer.java:updateConnectorAddress(215)) - HTTP server of HDDSDATANODE is listening at http://0.0.0.0:40459
2019-09-26 13:31:41,985 [Thread-810] INFO  impl.MetricsSystemImpl (MetricsSystemImpl.java:init(158)) - HddsDatanode metrics system started (again)
2019-09-26 13:31:41,988 [org.apache.hadoop.util.JvmPauseMonitor$Monitor@aa278a4] INFO  util.JvmPauseMonitor (JvmPauseMonitor.java:run(188)) - Starting JVM pause monitor
2019-09-26 13:31:41,989 [Thread-810] INFO  ozone.HddsDatanodeService (HddsDatanodeService.java:start(184)) - HddsDatanodeService host:pr-hdds-1569-87zkn-1081879488 ip:192.168.164.238
2019-09-26 13:31:41,990 [Datanode State Machine Thread - 0] INFO  datanode.InitDatanodeState (InitDatanodeState.java:persistContainerDatanodeDetails(140)) - DatanodeDetails is persisted to /workdir/hadoop-ozone/ozonefs/target/test-dir/MiniOzoneClusterImpl-a8a0317b-72d7-48ce-9e7f-dfff25f47ca1/datanode-0/meta/datanode.id
2019-09-26 13:31:41,994 [Thread-810] INFO  volume.HddsVolume (HddsVolume.java:<init>(176)) - Creating Volume: /workdir/hadoop-ozone/ozonefs/target/test-dir/MiniOzoneClusterImpl-a8a0317b-72d7-48ce-9e7f-dfff25f47ca1/datanode-1/data/containers/hdds of  storage type : DISK and capacity : 1482555576320
2019-09-26 13:31:41,994 [Thread-810] INFO  volume.VolumeSet (VolumeSet.java:initializeVolumeSet(170)) - Added Volume : /workdir/hadoop-ozone/ozonefs/target/test-dir/MiniOzoneClusterImpl-a8a0317b-72d7-48ce-9e7f-dfff25f47ca1/datanode-1/data/containers/hdds to VolumeSet
2019-09-26 13:31:41,994 [Thread-810] INFO  volume.ThrottledAsyncChecker (ThrottledAsyncChecker.java:schedule(139)) - Scheduling a check for org.apache.hadoop.ozone.container.common.volume.HddsVolume@282f2839
2019-09-26 13:31:41,995 [Thread-810] INFO  volume.HddsVolumeChecker (HddsVolumeChecker.java:checkAllVolumes(202)) - Scheduled health check for volume org.apache.hadoop.ozone.container.common.volume.HddsVolume@282f2839
2019-09-26 13:31:42,014 [Thread-810] INFO  impl.RaftServerProxy (ConfUtils.java:logGet(43)) - raft.rpc.type = GRPC (default)
2019-09-26 13:31:42,014 [Thread-810] INFO  grpc.GrpcFactory (GrpcFactory.java:checkPooledByteBufAllocatorUseCacheForAllThreads(45)) - PERFORMANCE WARNING: useCacheForAllThreads is true that may cause Netty to create a lot garbage objects and, as a result, trigger GC.
	It is recommended to disable useCacheForAllThreads by setting -Dorg.apache.ratis.thirdparty.io.netty.allocator.useCacheForAllThreads=false in command line.
2019-09-26 13:31:42,014 [Thread-810] INFO  grpc.GrpcConfigKeys$Server (ConfUtils.java:logGet(43)) - raft.grpc.server.port = 0 (default)
2019-09-26 13:31:42,014 [Thread-810] INFO  server.GrpcService (ConfUtils.java:logGet(43)) - raft.grpc.message.size.max = 33570816 (custom)
2019-09-26 13:31:42,014 [Thread-810] INFO  server.RaftServerConfigKeys (ConfUtils.java:logGet(43)) - raft.server.log.appender.buffer.byte-limit = 33554432 (custom)
2019-09-26 13:31:42,015 [Thread-810] INFO  server.GrpcService (ConfUtils.java:logGet(43)) - raft.grpc.flow.control.window = 1MB (=1048576) (default)
2019-09-26 13:31:42,015 [Thread-810] INFO  server.RaftServerConfigKeys (ConfUtils.java:logGet(43)) - raft.server.rpc.request.timeout = 3000ms (default)
2019-09-26 13:31:42,015 [Thread-810] INFO  server.RaftServerConfigKeys (ConfUtils.java:logGet(43)) - raft.server.storage.dir = [/workdir/hadoop-ozone/ozonefs/target/test-dir/MiniOzoneClusterImpl-a8a0317b-72d7-48ce-9e7f-dfff25f47ca1/datanode-1/data/ratis] (custom)
2019-09-26 13:31:42,017 [Thread-810] INFO  hdfs.DFSUtil (DFSUtil.java:httpServerTemplateForNNAndJN(1641)) - Starting Web-server for hddsDatanode at: http://0.0.0.0:0
2019-09-26 13:31:42,018 [Thread-810] INFO  server.AuthenticationFilter (AuthenticationFilter.java:constructSecretProvider(240)) - Unable to initialize FileSignerSecretProvider, falling back to use random secrets.
2019-09-26 13:31:42,018 [Thread-810] WARN  http.HttpRequestLog (HttpRequestLog.java:getRequestLog(97)) - Jetty request log can only be enabled using Log4j
2019-09-26 13:31:42,020 [Thread-810] INFO  http.HttpServer2 (HttpServer2.java:addGlobalFilter(975)) - Added global filter 'safety' (class=org.apache.hadoop.http.HttpServer2$QuotingInputFilter)
2019-09-26 13:31:42,021 [Thread-810] INFO  http.HttpServer2 (HttpServer2.java:addFilter(948)) - Added filter static_user_filter (class=org.apache.hadoop.http.lib.StaticUserWebFilter$StaticUserFilter) to context hddsDatanode
2019-09-26 13:31:42,021 [Thread-810] INFO  http.HttpServer2 (HttpServer2.java:addFilter(958)) - Added filter static_user_filter (class=org.apache.hadoop.http.lib.StaticUserWebFilter$StaticUserFilter) to context logs
2019-09-26 13:31:42,021 [Thread-810] INFO  http.HttpServer2 (HttpServer2.java:addFilter(958)) - Added filter static_user_filter (class=org.apache.hadoop.http.lib.StaticUserWebFilter$StaticUserFilter) to context static
2019-09-26 13:31:42,022 [Thread-810] INFO  http.HttpServer2 (HttpServer2.java:bindListener(1191)) - Jetty bound to port 32812
2019-09-26 13:31:42,022 [Thread-810] INFO  server.Server (Server.java:doStart(351)) - jetty-9.3.25.v20180904, build timestamp: 2018-09-04T21:11:46Z, git hash: 3ce520221d0240229c862b122d2b06c12a625732
2019-09-26 13:31:42,023 [Thread-810] INFO  handler.ContextHandler (ContextHandler.java:doStart(781)) - Started o.e.j.s.ServletContextHandler@498567a6{/logs,file:///workdir/hadoop-ozone/ozonefs/target/log,AVAILABLE}
2019-09-26 13:31:42,024 [Thread-810] INFO  handler.ContextHandler (ContextHandler.java:doStart(781)) - Started o.e.j.s.ServletContextHandler@203098ca{/static,jar:file:/home/user/.m2/repository/org/apache/hadoop/hadoop-hdds-container-service/0.5.0-SNAPSHOT/hadoop-hdds-container-service-0.5.0-SNAPSHOT.jar!/webapps/static,AVAILABLE}
2019-09-26 13:31:42,051 [Thread-810] INFO  handler.ContextHandler (ContextHandler.java:doStart(781)) - Started o.e.j.w.WebAppContext@1b8b312a{/,file:///tmp/jetty-0.0.0.0-32812-hddsDatanode-_-any-736263366189358667.dir/webapp/,AVAILABLE}{/hddsDatanode}
2019-09-26 13:31:42,051 [Thread-810] INFO  server.AbstractConnector (AbstractConnector.java:doStart(278)) - Started ServerConnector@128a02cc{HTTP/1.1,[http/1.1]}{0.0.0.0:32812}
2019-09-26 13:31:42,053 [Thread-810] INFO  server.Server (Server.java:doStart(419)) - Started @57472ms
2019-09-26 13:31:42,053 [Thread-810] WARN  impl.MetricsSystemImpl (MetricsSystemImpl.java:register(276)) - Sink prometheus already exists!
2019-09-26 13:31:42,053 [Thread-810] INFO  server.BaseHttpServer (BaseHttpServer.java:updateConnectorAddress(215)) - HTTP server of HDDSDATANODE is listening at http://0.0.0.0:32812
2019-09-26 13:31:42,054 [Thread-810] INFO  impl.MetricsSystemImpl (MetricsSystemImpl.java:init(158)) - HddsDatanode metrics system started (again)
2019-09-26 13:31:42,057 [org.apache.hadoop.util.JvmPauseMonitor$Monitor@3b9566f4] INFO  util.JvmPauseMonitor (JvmPauseMonitor.java:run(188)) - Starting JVM pause monitor
2019-09-26 13:31:42,057 [Thread-810] INFO  ozone.HddsDatanodeService (HddsDatanodeService.java:start(184)) - HddsDatanodeService host:pr-hdds-1569-87zkn-1081879488 ip:192.168.164.238
2019-09-26 13:31:42,059 [Datanode State Machine Thread - 0] INFO  datanode.InitDatanodeState (InitDatanodeState.java:persistContainerDatanodeDetails(140)) - DatanodeDetails is persisted to /workdir/hadoop-ozone/ozonefs/target/test-dir/MiniOzoneClusterImpl-a8a0317b-72d7-48ce-9e7f-dfff25f47ca1/datanode-1/meta/datanode.id
2019-09-26 13:31:42,063 [Thread-810] INFO  volume.HddsVolume (HddsVolume.java:<init>(176)) - Creating Volume: /workdir/hadoop-ozone/ozonefs/target/test-dir/MiniOzoneClusterImpl-a8a0317b-72d7-48ce-9e7f-dfff25f47ca1/datanode-2/data/containers/hdds of  storage type : DISK and capacity : 1482555576320
2019-09-26 13:31:42,064 [Thread-810] INFO  volume.VolumeSet (VolumeSet.java:initializeVolumeSet(170)) - Added Volume : /workdir/hadoop-ozone/ozonefs/target/test-dir/MiniOzoneClusterImpl-a8a0317b-72d7-48ce-9e7f-dfff25f47ca1/datanode-2/data/containers/hdds to VolumeSet
2019-09-26 13:31:42,064 [Thread-810] INFO  volume.ThrottledAsyncChecker (ThrottledAsyncChecker.java:schedule(139)) - Scheduling a check for org.apache.hadoop.ozone.container.common.volume.HddsVolume@55563ba8
2019-09-26 13:31:42,064 [Thread-810] INFO  volume.HddsVolumeChecker (HddsVolumeChecker.java:checkAllVolumes(202)) - Scheduled health check for volume org.apache.hadoop.ozone.container.common.volume.HddsVolume@55563ba8
2019-09-26 13:31:42,083 [Thread-810] INFO  impl.RaftServerProxy (ConfUtils.java:logGet(43)) - raft.rpc.type = GRPC (default)
2019-09-26 13:31:42,084 [Thread-810] INFO  grpc.GrpcFactory (GrpcFactory.java:checkPooledByteBufAllocatorUseCacheForAllThreads(45)) - PERFORMANCE WARNING: useCacheForAllThreads is true that may cause Netty to create a lot garbage objects and, as a result, trigger GC.
	It is recommended to disable useCacheForAllThreads by setting -Dorg.apache.ratis.thirdparty.io.netty.allocator.useCacheForAllThreads=false in command line.
2019-09-26 13:31:42,084 [Thread-810] INFO  grpc.GrpcConfigKeys$Server (ConfUtils.java:logGet(43)) - raft.grpc.server.port = 0 (default)
2019-09-26 13:31:42,084 [Thread-810] INFO  server.GrpcService (ConfUtils.java:logGet(43)) - raft.grpc.message.size.max = 33570816 (custom)
2019-09-26 13:31:42,084 [Thread-810] INFO  server.RaftServerConfigKeys (ConfUtils.java:logGet(43)) - raft.server.log.appender.buffer.byte-limit = 33554432 (custom)
2019-09-26 13:31:42,084 [Thread-810] INFO  server.GrpcService (ConfUtils.java:logGet(43)) - raft.grpc.flow.control.window = 1MB (=1048576) (default)
2019-09-26 13:31:42,084 [Thread-810] INFO  server.RaftServerConfigKeys (ConfUtils.java:logGet(43)) - raft.server.rpc.request.timeout = 3000ms (default)
2019-09-26 13:31:42,085 [Thread-810] INFO  server.RaftServerConfigKeys (ConfUtils.java:logGet(43)) - raft.server.storage.dir = [/workdir/hadoop-ozone/ozonefs/target/test-dir/MiniOzoneClusterImpl-a8a0317b-72d7-48ce-9e7f-dfff25f47ca1/datanode-2/data/ratis] (custom)
2019-09-26 13:31:42,086 [Thread-810] INFO  hdfs.DFSUtil (DFSUtil.java:httpServerTemplateForNNAndJN(1641)) - Starting Web-server for hddsDatanode at: http://0.0.0.0:0
2019-09-26 13:31:42,088 [Thread-810] INFO  server.AuthenticationFilter (AuthenticationFilter.java:constructSecretProvider(240)) - Unable to initialize FileSignerSecretProvider, falling back to use random secrets.
2019-09-26 13:31:42,088 [Thread-810] WARN  http.HttpRequestLog (HttpRequestLog.java:getRequestLog(97)) - Jetty request log can only be enabled using Log4j
2019-09-26 13:31:42,090 [Thread-810] INFO  http.HttpServer2 (HttpServer2.java:addGlobalFilter(975)) - Added global filter 'safety' (class=org.apache.hadoop.http.HttpServer2$QuotingInputFilter)
2019-09-26 13:31:42,090 [Thread-810] INFO  http.HttpServer2 (HttpServer2.java:addFilter(948)) - Added filter static_user_filter (class=org.apache.hadoop.http.lib.StaticUserWebFilter$StaticUserFilter) to context hddsDatanode
2019-09-26 13:31:42,091 [Thread-810] INFO  http.HttpServer2 (HttpServer2.java:addFilter(958)) - Added filter static_user_filter (class=org.apache.hadoop.http.lib.StaticUserWebFilter$StaticUserFilter) to context static
2019-09-26 13:31:42,091 [Thread-810] INFO  http.HttpServer2 (HttpServer2.java:addFilter(958)) - Added filter static_user_filter (class=org.apache.hadoop.http.lib.StaticUserWebFilter$StaticUserFilter) to context logs
2019-09-26 13:31:42,091 [Thread-810] INFO  http.HttpServer2 (HttpServer2.java:bindListener(1191)) - Jetty bound to port 41083
2019-09-26 13:31:42,091 [Thread-810] INFO  server.Server (Server.java:doStart(351)) - jetty-9.3.25.v20180904, build timestamp: 2018-09-04T21:11:46Z, git hash: 3ce520221d0240229c862b122d2b06c12a625732
2019-09-26 13:31:42,093 [Thread-810] INFO  handler.ContextHandler (ContextHandler.java:doStart(781)) - Started o.e.j.s.ServletContextHandler@58b5050b{/logs,file:///workdir/hadoop-ozone/ozonefs/target/log,AVAILABLE}
2019-09-26 13:31:42,094 [Thread-810] INFO  handler.ContextHandler (ContextHandler.java:doStart(781)) - Started o.e.j.s.ServletContextHandler@3bba4533{/static,jar:file:/home/user/.m2/repository/org/apache/hadoop/hadoop-hdds-container-service/0.5.0-SNAPSHOT/hadoop-hdds-container-service-0.5.0-SNAPSHOT.jar!/webapps/static,AVAILABLE}
2019-09-26 13:31:42,125 [Thread-810] INFO  handler.ContextHandler (ContextHandler.java:doStart(781)) - Started o.e.j.w.WebAppContext@5b453100{/,file:///tmp/jetty-0.0.0.0-41083-hddsDatanode-_-any-8690550998724193486.dir/webapp/,AVAILABLE}{/hddsDatanode}
2019-09-26 13:31:42,125 [Thread-810] INFO  server.AbstractConnector (AbstractConnector.java:doStart(278)) - Started ServerConnector@3624233a{HTTP/1.1,[http/1.1]}{0.0.0.0:41083}
2019-09-26 13:31:42,127 [Thread-810] INFO  server.Server (Server.java:doStart(419)) - Started @57546ms
2019-09-26 13:31:42,127 [Thread-810] WARN  impl.MetricsSystemImpl (MetricsSystemImpl.java:register(276)) - Sink prometheus already exists!
2019-09-26 13:31:42,128 [Thread-810] INFO  server.BaseHttpServer (BaseHttpServer.java:updateConnectorAddress(215)) - HTTP server of HDDSDATANODE is listening at http://0.0.0.0:41083
2019-09-26 13:31:42,128 [Thread-810] INFO  ozone.MiniOzoneClusterImpl (MiniOzoneClusterImpl.java:lambda$waitForClusterToBeReady$0(147)) - Waiting for cluster to be ready. Got 0 of 3 DN Heartbeats.
2019-09-26 13:31:42,130 [org.apache.hadoop.util.JvmPauseMonitor$Monitor@47368951] INFO  util.JvmPauseMonitor (JvmPauseMonitor.java:run(188)) - Starting JVM pause monitor
2019-09-26 13:31:42,133 [Datanode State Machine Thread - 0] INFO  datanode.InitDatanodeState (InitDatanodeState.java:persistContainerDatanodeDetails(140)) - DatanodeDetails is persisted to /workdir/hadoop-ozone/ozonefs/target/test-dir/MiniOzoneClusterImpl-a8a0317b-72d7-48ce-9e7f-dfff25f47ca1/datanode-2/meta/datanode.id
2019-09-26 13:31:43,128 [Thread-810] INFO  ozone.MiniOzoneClusterImpl (MiniOzoneClusterImpl.java:lambda$waitForClusterToBeReady$0(147)) - Waiting for cluster to be ready. Got 0 of 3 DN Heartbeats.
2019-09-26 13:31:44,009 [Datanode State Machine Thread - 0] INFO  ozoneimpl.OzoneContainer (OzoneContainer.java:start(217)) - Attempting to start container services.
2019-09-26 13:31:44,009 [Datanode State Machine Thread - 0] INFO  ozoneimpl.OzoneContainer (OzoneContainer.java:startContainerScrub(179)) - Background container scanner has been disabled.
2019-09-26 13:31:44,010 [Datanode State Machine Thread - 0] INFO  ratis.XceiverServerRatis (XceiverServerRatis.java:start(411)) - Starting XceiverServerRatis ac27144f-f6d7-46ce-b0ea-6a1298397a0b at port 0
2019-09-26 13:31:44,017 [Datanode State Machine Thread - 0] INFO  impl.RaftServerProxy (RaftServerProxy.java:lambda$start$3(299)) - ac27144f-f6d7-46ce-b0ea-6a1298397a0b: start RPC server
2019-09-26 13:31:44,020 [Datanode State Machine Thread - 0] INFO  server.GrpcService (GrpcService.java:startImpl(158)) - ac27144f-f6d7-46ce-b0ea-6a1298397a0b: GrpcService started, listening on 0.0.0.0/0.0.0.0:41017
2019-09-26 13:31:44,020 [Datanode State Machine Thread - 0] INFO  ratis.XceiverServerRatis (XceiverServerRatis.java:start(421)) - XceiverServerRatis ac27144f-f6d7-46ce-b0ea-6a1298397a0b is started using port 41017
2019-09-26 13:31:44,030 [Datanode State Machine Thread - 0] INFO  server.XceiverServerGrpc (XceiverServerGrpc.java:start(149)) - XceiverServerGrpc ac27144f-f6d7-46ce-b0ea-6a1298397a0b is started using port 41691
2019-09-26 13:31:44,073 [Datanode State Machine Thread - 0] INFO  ozoneimpl.OzoneContainer (OzoneContainer.java:start(217)) - Attempting to start container services.
2019-09-26 13:31:44,073 [Datanode State Machine Thread - 0] INFO  ozoneimpl.OzoneContainer (OzoneContainer.java:startContainerScrub(179)) - Background container scanner has been disabled.
2019-09-26 13:31:44,073 [Datanode State Machine Thread - 0] INFO  ratis.XceiverServerRatis (XceiverServerRatis.java:start(411)) - Starting XceiverServerRatis c422126f-6486-4976-ac4b-383283fcc5dc at port 0
2019-09-26 13:31:44,081 [Datanode State Machine Thread - 0] INFO  impl.RaftServerProxy (RaftServerProxy.java:lambda$start$3(299)) - c422126f-6486-4976-ac4b-383283fcc5dc: start RPC server
2019-09-26 13:31:44,082 [Datanode State Machine Thread - 0] INFO  server.GrpcService (GrpcService.java:startImpl(158)) - c422126f-6486-4976-ac4b-383283fcc5dc: GrpcService started, listening on 0.0.0.0/0.0.0.0:37658
2019-09-26 13:31:44,082 [Datanode State Machine Thread - 0] INFO  ratis.XceiverServerRatis (XceiverServerRatis.java:start(421)) - XceiverServerRatis c422126f-6486-4976-ac4b-383283fcc5dc is started using port 37658
2019-09-26 13:31:44,084 [Datanode State Machine Thread - 0] INFO  server.XceiverServerGrpc (XceiverServerGrpc.java:start(149)) - XceiverServerGrpc c422126f-6486-4976-ac4b-383283fcc5dc is started using port 41218
2019-09-26 13:31:44,129 [Thread-810] INFO  ozone.MiniOzoneClusterImpl (MiniOzoneClusterImpl.java:lambda$waitForClusterToBeReady$0(147)) - Waiting for cluster to be ready. Got 0 of 3 DN Heartbeats.
2019-09-26 13:31:44,157 [Datanode State Machine Thread - 0] INFO  ozoneimpl.OzoneContainer (OzoneContainer.java:start(217)) - Attempting to start container services.
2019-09-26 13:31:44,157 [Datanode State Machine Thread - 0] INFO  ozoneimpl.OzoneContainer (OzoneContainer.java:startContainerScrub(179)) - Background container scanner has been disabled.
2019-09-26 13:31:44,157 [Datanode State Machine Thread - 0] INFO  ratis.XceiverServerRatis (XceiverServerRatis.java:start(411)) - Starting XceiverServerRatis 47bbf92c-dbb6-43bb-9d18-a90dedc65edb at port 0
2019-09-26 13:31:44,169 [Datanode State Machine Thread - 0] INFO  impl.RaftServerProxy (RaftServerProxy.java:lambda$start$3(299)) - 47bbf92c-dbb6-43bb-9d18-a90dedc65edb: start RPC server
2019-09-26 13:31:44,170 [Datanode State Machine Thread - 0] INFO  server.GrpcService (GrpcService.java:startImpl(158)) - 47bbf92c-dbb6-43bb-9d18-a90dedc65edb: GrpcService started, listening on 0.0.0.0/0.0.0.0:45788
2019-09-26 13:31:44,170 [Datanode State Machine Thread - 0] INFO  ratis.XceiverServerRatis (XceiverServerRatis.java:start(421)) - XceiverServerRatis 47bbf92c-dbb6-43bb-9d18-a90dedc65edb is started using port 45788
2019-09-26 13:31:44,171 [Datanode State Machine Thread - 0] INFO  server.XceiverServerGrpc (XceiverServerGrpc.java:start(149)) - XceiverServerGrpc 47bbf92c-dbb6-43bb-9d18-a90dedc65edb is started using port 41741
2019-09-26 13:31:45,129 [Thread-810] INFO  ozone.MiniOzoneClusterImpl (MiniOzoneClusterImpl.java:lambda$waitForClusterToBeReady$0(147)) - Waiting for cluster to be ready. Got 0 of 3 DN Heartbeats.
2019-09-26 13:31:45,993 [IPC Server handler 1 on 37647] INFO  net.NetworkTopology (NetworkTopologyImpl.java:add(111)) - Added a new node: /default-rack/ac27144f-f6d7-46ce-b0ea-6a1298397a0b
2019-09-26 13:31:45,995 [IPC Server handler 1 on 37647] INFO  node.SCMNodeManager (SCMNodeManager.java:register(266)) - Registered Data node : ac27144f-f6d7-46ce-b0ea-6a1298397a0b{ip: 192.168.164.238, host: pr-hdds-1569-87zkn-1081879488, networkLocation: /default-rack, certSerialId: null}
2019-09-26 13:31:45,996 [EventQueue-NodeRegistrationContainerReportForDataNodeSafeModeRule] INFO  safemode.SCMSafeModeManager (DataNodeSafeModeRule.java:process(71)) - SCM in safe mode. 1 DataNodes registered, 1 required.
2019-09-26 13:31:45,998 [EventQueue-NodeRegistrationContainerReportForDataNodeSafeModeRule] INFO  safemode.SCMSafeModeManager (SCMSafeModeManager.java:validateSafeModeExitRules(177)) - ScmSafeModeManager, all rules are successfully validated
2019-09-26 13:31:45,999 [EventQueue-NodeRegistrationContainerReportForDataNodeSafeModeRule] INFO  safemode.SCMSafeModeManager (SCMSafeModeManager.java:exitSafeMode(193)) - SCM exiting safe mode.
2019-09-26 13:31:46,016 [grpc-default-executor-0] INFO  impl.RaftServerProxy (RaftServerProxy.java:addNew(89)) - ac27144f-f6d7-46ce-b0ea-6a1298397a0b: addNew group-EBCD5A0DA805:[ac27144f-f6d7-46ce-b0ea-6a1298397a0b:192.168.164.238:41017] returns group-EBCD5A0DA805:java.util.concurrent.CompletableFuture@6c4b5f5[Not completed]
2019-09-26 13:31:46,018 [pool-177-thread-1] INFO  impl.RaftServerImpl (RaftServerImpl.java:<init>(95)) - ac27144f-f6d7-46ce-b0ea-6a1298397a0b: new RaftServerImpl for group-EBCD5A0DA805:[ac27144f-f6d7-46ce-b0ea-6a1298397a0b:192.168.164.238:41017] with ContainerStateMachine:uninitialized
2019-09-26 13:31:46,018 [pool-177-thread-1] INFO  server.RaftServerConfigKeys (ConfUtils.java:logGet(43)) - raft.server.rpc.timeout.min = 5s (custom)
2019-09-26 13:31:46,018 [pool-177-thread-1] INFO  server.RaftServerConfigKeys (ConfUtils.java:logGet(43)) - raft.server.rpc.timeout.max = 5200ms (custom)
2019-09-26 13:31:46,018 [pool-177-thread-1] INFO  server.RaftServerConfigKeys (ConfUtils.java:logGet(43)) - raft.server.rpcslowness.timeout = 120s (custom)
2019-09-26 13:31:46,018 [pool-177-thread-1] INFO  server.RaftServerConfigKeys (ConfUtils.java:logGet(43)) - raft.server.sleep.deviation.threshold = 300 (default)
2019-09-26 13:31:46,019 [pool-177-thread-1] INFO  server.RaftServerConfigKeys (ConfUtils.java:logGet(43)) - raft.server.log.appender.install.snapshot.enabled = false (custom)
2019-09-26 13:31:46,019 [pool-177-thread-1] INFO  impl.RaftServerImpl (ServerState.java:<init>(103)) - ac27144f-f6d7-46ce-b0ea-6a1298397a0b@group-EBCD5A0DA805: ConfigurationManager, init=-1: [ac27144f-f6d7-46ce-b0ea-6a1298397a0b:192.168.164.238:41017], old=null, confs=<EMPTY_MAP>
2019-09-26 13:31:46,019 [pool-177-thread-1] INFO  server.RaftServerConfigKeys (ConfUtils.java:logGet(43)) - raft.server.storage.dir = [/workdir/hadoop-ozone/ozonefs/target/test-dir/MiniOzoneClusterImpl-a8a0317b-72d7-48ce-9e7f-dfff25f47ca1/datanode-0/data/ratis] (custom)
2019-09-26 13:31:46,020 [pool-177-thread-1] INFO  storage.RaftStorageDirectory (RaftStorageDirectory.java:analyzeStorage(246)) - The storage directory /workdir/hadoop-ozone/ozonefs/target/test-dir/MiniOzoneClusterImpl-a8a0317b-72d7-48ce-9e7f-dfff25f47ca1/datanode-0/data/ratis/6fab45c2-601f-4fb3-bd64-ebcd5a0da805 does not exist. Creating ...
2019-09-26 13:31:46,046 [pool-177-thread-1] INFO  storage.RaftStorageDirectory (RaftStorageDirectory.java:tryLock(328)) - Lock on /workdir/hadoop-ozone/ozonefs/target/test-dir/MiniOzoneClusterImpl-a8a0317b-72d7-48ce-9e7f-dfff25f47ca1/datanode-0/data/ratis/6fab45c2-601f-4fb3-bd64-ebcd5a0da805/in_use.lock acquired by nodename 10147@pr-hdds-1569-87zkn-1081879488
2019-09-26 13:31:46,059 [pool-177-thread-1] INFO  storage.RaftStorage (RaftStorage.java:format(72)) - Storage directory /workdir/hadoop-ozone/ozonefs/target/test-dir/MiniOzoneClusterImpl-a8a0317b-72d7-48ce-9e7f-dfff25f47ca1/datanode-0/data/ratis/6fab45c2-601f-4fb3-bd64-ebcd5a0da805 has been successfully formatted.
2019-09-26 13:31:46,059 [IPC Server handler 0 on 37647] INFO  net.NetworkTopology (NetworkTopologyImpl.java:add(111)) - Added a new node: /default-rack/c422126f-6486-4976-ac4b-383283fcc5dc
2019-09-26 13:31:46,059 [pool-177-thread-1] INFO  ratis.ContainerStateMachine (ContainerStateMachine.java:loadSnapshot(230)) - group-EBCD5A0DA805: The snapshot info is null. Setting the last applied indexto:(t:0, i:~)
2019-09-26 13:31:46,060 [IPC Server handler 0 on 37647] INFO  node.SCMNodeManager (SCMNodeManager.java:register(266)) - Registered Data node : c422126f-6486-4976-ac4b-383283fcc5dc{ip: 192.168.164.238, host: pr-hdds-1569-87zkn-1081879488, networkLocation: /default-rack, certSerialId: null}
2019-09-26 13:31:46,060 [pool-177-thread-1] INFO  server.RaftServerConfigKeys (ConfUtils.java:logGet(43)) - raft.server.notification.no-leader.timeout = 120s (custom)
2019-09-26 13:31:46,060 [pool-177-thread-1] INFO  server.RaftServerConfigKeys (ConfUtils.java:logGet(43)) - raft.server.log.use.memory = false (default)
2019-09-26 13:31:46,060 [pool-177-thread-1] INFO  server.RaftServerConfigKeys (ConfUtils.java:logGet(43)) - raft.server.log.purge.gap = 1000000 (custom)
2019-09-26 13:31:46,060 [pool-177-thread-1] INFO  server.RaftServerConfigKeys (ConfUtils.java:logGet(43)) - raft.server.log.appender.buffer.byte-limit = 33554432 (custom)
2019-09-26 13:31:46,061 [pool-177-thread-1] INFO  server.RaftServerConfigKeys (ConfUtils.java:logGet(43)) - raft.server.log.segment.size.max = 1048576 (custom)
2019-09-26 13:31:46,061 [pool-177-thread-1] INFO  server.RaftServerConfigKeys (ConfUtils.java:logGet(43)) - raft.server.log.segment.cache.num.max = 2 (custom)
2019-09-26 13:31:46,061 [pool-177-thread-1] INFO  segmented.SegmentedRaftLogWorker (SegmentedRaftLogWorker.java:<init>(172)) - new ac27144f-f6d7-46ce-b0ea-6a1298397a0b@group-EBCD5A0DA805-SegmentedRaftLogWorker for RaftStorage:Storage Directory /workdir/hadoop-ozone/ozonefs/target/test-dir/MiniOzoneClusterImpl-a8a0317b-72d7-48ce-9e7f-dfff25f47ca1/datanode-0/data/ratis/6fab45c2-601f-4fb3-bd64-ebcd5a0da805
2019-09-26 13:31:46,063 [pool-177-thread-1] INFO  server.RaftServerConfigKeys (ConfUtils.java:logGet(43)) - raft.server.log.queue.byte-limit = 2147483647 (custom)
2019-09-26 13:31:46,064 [pool-177-thread-1] INFO  server.RaftServerConfigKeys (ConfUtils.java:logGet(43)) - raft.server.log.queue.element-limit = 1024 (custom)
2019-09-26 13:31:46,064 [pool-177-thread-1] INFO  server.RaftServerConfigKeys (ConfUtils.java:logGet(43)) - raft.server.log.segment.size.max = 1048576 (custom)
2019-09-26 13:31:46,064 [pool-177-thread-1] INFO  server.RaftServerConfigKeys (ConfUtils.java:logGet(43)) - raft.server.log.preallocated.size = 16384 (custom)
2019-09-26 13:31:46,064 [pool-177-thread-1] INFO  server.RaftServerConfigKeys (ConfUtils.java:logGet(43)) - raft.server.log.write.buffer.size = 33554432 (custom)
2019-09-26 13:31:46,064 [pool-177-thread-1] INFO  server.RaftServerConfigKeys (ConfUtils.java:logGet(43)) - raft.server.log.force.sync.num = 128 (default)
2019-09-26 13:31:46,064 [pool-177-thread-1] INFO  server.RaftServerConfigKeys (ConfUtils.java:logGet(43)) - raft.server.log.statemachine.data.sync = true (default)
2019-09-26 13:31:46,065 [pool-177-thread-1] INFO  server.RaftServerConfigKeys (ConfUtils.java:logGet(43)) - raft.server.log.statemachine.data.sync.timeout = 10s (default)
2019-09-26 13:31:46,065 [pool-177-thread-1] INFO  server.RaftServerConfigKeys (ConfUtils.java:logGet(43)) - raft.server.log.statemachine.data.sync.timeout.retry = -1 (default)
2019-09-26 13:31:46,065 [pool-177-thread-1] INFO  server.RaftServerConfigKeys (ConfUtils.java:logGet(43)) - raft.server.log.statemachine.data.caching.enabled = true (custom)
2019-09-26 13:31:46,066 [pool-177-thread-1] INFO  segmented.SegmentedRaftLogWorker (SegmentedRaftLogWorker.java:lambda$new$0(132)) - ac27144f-f6d7-46ce-b0ea-6a1298397a0b@group-EBCD5A0DA805-SegmentedRaftLogWorker: flushIndex: setUnconditionally 0 -> -1
2019-09-26 13:31:46,066 [pool-177-thread-1] INFO  server.RaftServerConfigKeys (ConfUtils.java:logGet(43)) - raft.server.snapshot.auto.trigger.enabled = true (custom)
2019-09-26 13:31:46,066 [pool-177-thread-1] INFO  server.RaftServerConfigKeys (ConfUtils.java:logGet(43)) - raft.server.snapshot.auto.trigger.threshold = 10000 (custom)
2019-09-26 13:31:46,067 [pool-177-thread-1] INFO  server.RaftServerConfigKeys (ConfUtils.java:logGet(43)) - raft.server.snapshot.retention.num.files = 5 (custom)
2019-09-26 13:31:46,067 [pool-177-thread-1] INFO  server.RaftServerConfigKeys (ConfUtils.java:logGet(43)) - raft.server.retrycache.expirytime = 600000ms (custom)
2019-09-26 13:31:46,069 [pool-177-thread-1] INFO  impl.RaftServerImpl (RaftServerImpl.java:start(185)) - ac27144f-f6d7-46ce-b0ea-6a1298397a0b@group-EBCD5A0DA805: start as a follower, conf=-1: [ac27144f-f6d7-46ce-b0ea-6a1298397a0b:192.168.164.238:41017], old=null
2019-09-26 13:31:46,069 [pool-177-thread-1] INFO  impl.RaftServerImpl (RaftServerImpl.java:setRole(174)) - ac27144f-f6d7-46ce-b0ea-6a1298397a0b@group-EBCD5A0DA805: changes role from      null to FOLLOWER at term 0 for startAsFollower
2019-09-26 13:31:46,069 [pool-177-thread-1] INFO  impl.RoleInfo (RoleInfo.java:updateAndGet(143)) - ac27144f-f6d7-46ce-b0ea-6a1298397a0b: start FollowerState
2019-09-26 13:31:46,070 [pool-177-thread-1] INFO  util.JmxRegister (JmxRegister.java:tryRegister(44)) - Successfully registered JMX Bean with object name Ratis:service=RaftServer,group=group-EBCD5A0DA805,id=ac27144f-f6d7-46ce-b0ea-6a1298397a0b
2019-09-26 13:31:46,074 [RatisPipelineUtilsThread] INFO  pipeline.PipelineStateManager (PipelineStateManager.java:addPipeline(56)) - Created pipeline Pipeline[ Id: 6fab45c2-601f-4fb3-bd64-ebcd5a0da805, Nodes: ac27144f-f6d7-46ce-b0ea-6a1298397a0b{ip: 192.168.164.238, host: pr-hdds-1569-87zkn-1081879488, networkLocation: /default-rack, certSerialId: null}, Type:RATIS, Factor:ONE, State:OPEN]
2019-09-26 13:31:46,082 [grpc-default-executor-0] INFO  impl.RaftServerProxy (RaftServerProxy.java:addNew(89)) - ac27144f-f6d7-46ce-b0ea-6a1298397a0b: addNew group-0082DC123203:[ac27144f-f6d7-46ce-b0ea-6a1298397a0b:192.168.164.238:41017] returns group-0082DC123203:java.util.concurrent.CompletableFuture@37881085[Not completed]
2019-09-26 13:31:46,084 [pool-177-thread-1] INFO  impl.RaftServerImpl (RaftServerImpl.java:<init>(95)) - ac27144f-f6d7-46ce-b0ea-6a1298397a0b: new RaftServerImpl for group-0082DC123203:[ac27144f-f6d7-46ce-b0ea-6a1298397a0b:192.168.164.238:41017] with ContainerStateMachine:uninitialized
2019-09-26 13:31:46,084 [pool-177-thread-1] INFO  server.RaftServerConfigKeys (ConfUtils.java:logGet(43)) - raft.server.rpc.timeout.min = 5s (custom)
2019-09-26 13:31:46,084 [pool-177-thread-1] INFO  server.RaftServerConfigKeys (ConfUtils.java:logGet(43)) - raft.server.rpc.timeout.max = 5200ms (custom)
2019-09-26 13:31:46,084 [pool-177-thread-1] INFO  server.RaftServerConfigKeys (ConfUtils.java:logGet(43)) - raft.server.rpcslowness.timeout = 120s (custom)
2019-09-26 13:31:46,084 [pool-177-thread-1] INFO  server.RaftServerConfigKeys (ConfUtils.java:logGet(43)) - raft.server.sleep.deviation.threshold = 300 (default)
2019-09-26 13:31:46,084 [pool-177-thread-1] INFO  server.RaftServerConfigKeys (ConfUtils.java:logGet(43)) - raft.server.log.appender.install.snapshot.enabled = false (custom)
2019-09-26 13:31:46,084 [pool-177-thread-1] INFO  impl.RaftServerImpl (ServerState.java:<init>(103)) - ac27144f-f6d7-46ce-b0ea-6a1298397a0b@group-0082DC123203: ConfigurationManager, init=-1: [ac27144f-f6d7-46ce-b0ea-6a1298397a0b:192.168.164.238:41017], old=null, confs=<EMPTY_MAP>
2019-09-26 13:31:46,085 [pool-177-thread-1] INFO  server.RaftServerConfigKeys (ConfUtils.java:logGet(43)) - raft.server.storage.dir = [/workdir/hadoop-ozone/ozonefs/target/test-dir/MiniOzoneClusterImpl-a8a0317b-72d7-48ce-9e7f-dfff25f47ca1/datanode-0/data/ratis] (custom)
2019-09-26 13:31:46,085 [pool-177-thread-1] INFO  storage.RaftStorageDirectory (RaftStorageDirectory.java:analyzeStorage(246)) - The storage directory /workdir/hadoop-ozone/ozonefs/target/test-dir/MiniOzoneClusterImpl-a8a0317b-72d7-48ce-9e7f-dfff25f47ca1/datanode-0/data/ratis/402fea51-b11a-4b21-9659-0082dc123203 does not exist. Creating ...
2019-09-26 13:31:46,110 [pool-177-thread-1] INFO  storage.RaftStorageDirectory (RaftStorageDirectory.java:tryLock(328)) - Lock on /workdir/hadoop-ozone/ozonefs/target/test-dir/MiniOzoneClusterImpl-a8a0317b-72d7-48ce-9e7f-dfff25f47ca1/datanode-0/data/ratis/402fea51-b11a-4b21-9659-0082dc123203/in_use.lock acquired by nodename 10147@pr-hdds-1569-87zkn-1081879488
2019-09-26 13:31:46,123 [pool-177-thread-1] INFO  storage.RaftStorage (RaftStorage.java:format(72)) - Storage directory /workdir/hadoop-ozone/ozonefs/target/test-dir/MiniOzoneClusterImpl-a8a0317b-72d7-48ce-9e7f-dfff25f47ca1/datanode-0/data/ratis/402fea51-b11a-4b21-9659-0082dc123203 has been successfully formatted.
2019-09-26 13:31:46,123 [pool-177-thread-1] INFO  ratis.ContainerStateMachine (ContainerStateMachine.java:loadSnapshot(230)) - group-0082DC123203: The snapshot info is null. Setting the last applied indexto:(t:0, i:~)
2019-09-26 13:31:46,124 [pool-177-thread-1] INFO  server.RaftServerConfigKeys (ConfUtils.java:logGet(43)) - raft.server.notification.no-leader.timeout = 120s (custom)
2019-09-26 13:31:46,124 [pool-177-thread-1] INFO  server.RaftServerConfigKeys (ConfUtils.java:logGet(43)) - raft.server.log.use.memory = false (default)
2019-09-26 13:31:46,124 [pool-177-thread-1] INFO  server.RaftServerConfigKeys (ConfUtils.java:logGet(43)) - raft.server.log.purge.gap = 1000000 (custom)
2019-09-26 13:31:46,124 [pool-177-thread-1] INFO  server.RaftServerConfigKeys (ConfUtils.java:logGet(43)) - raft.server.log.appender.buffer.byte-limit = 33554432 (custom)
2019-09-26 13:31:46,124 [pool-177-thread-1] INFO  server.RaftServerConfigKeys (ConfUtils.java:logGet(43)) - raft.server.log.segment.size.max = 1048576 (custom)
2019-09-26 13:31:46,124 [pool-177-thread-1] INFO  server.RaftServerConfigKeys (ConfUtils.java:logGet(43)) - raft.server.log.segment.cache.num.max = 2 (custom)
2019-09-26 13:31:46,125 [pool-177-thread-1] INFO  segmented.SegmentedRaftLogWorker (SegmentedRaftLogWorker.java:<init>(172)) - new ac27144f-f6d7-46ce-b0ea-6a1298397a0b@group-0082DC123203-SegmentedRaftLogWorker for RaftStorage:Storage Directory /workdir/hadoop-ozone/ozonefs/target/test-dir/MiniOzoneClusterImpl-a8a0317b-72d7-48ce-9e7f-dfff25f47ca1/datanode-0/data/ratis/402fea51-b11a-4b21-9659-0082dc123203
2019-09-26 13:31:46,125 [pool-177-thread-1] INFO  server.RaftServerConfigKeys (ConfUtils.java:logGet(43)) - raft.server.log.queue.byte-limit = 2147483647 (custom)
2019-09-26 13:31:46,125 [pool-177-thread-1] INFO  server.RaftServerConfigKeys (ConfUtils.java:logGet(43)) - raft.server.log.queue.element-limit = 1024 (custom)
2019-09-26 13:31:46,125 [pool-177-thread-1] INFO  server.RaftServerConfigKeys (ConfUtils.java:logGet(43)) - raft.server.log.segment.size.max = 1048576 (custom)
2019-09-26 13:31:46,125 [pool-177-thread-1] INFO  server.RaftServerConfigKeys (ConfUtils.java:logGet(43)) - raft.server.log.preallocated.size = 16384 (custom)
2019-09-26 13:31:46,125 [pool-177-thread-1] INFO  server.RaftServerConfigKeys (ConfUtils.java:logGet(43)) - raft.server.log.write.buffer.size = 33554432 (custom)
2019-09-26 13:31:46,125 [pool-177-thread-1] INFO  server.RaftServerConfigKeys (ConfUtils.java:logGet(43)) - raft.server.log.force.sync.num = 128 (default)
2019-09-26 13:31:46,126 [pool-177-thread-1] INFO  server.RaftServerConfigKeys (ConfUtils.java:logGet(43)) - raft.server.log.statemachine.data.sync = true (default)
2019-09-26 13:31:46,126 [pool-177-thread-1] INFO  server.RaftServerConfigKeys (ConfUtils.java:logGet(43)) - raft.server.log.statemachine.data.sync.timeout = 10s (default)
2019-09-26 13:31:46,126 [pool-177-thread-1] INFO  server.RaftServerConfigKeys (ConfUtils.java:logGet(43)) - raft.server.log.statemachine.data.sync.timeout.retry = -1 (default)
2019-09-26 13:31:46,126 [pool-177-thread-1] INFO  server.RaftServerConfigKeys (ConfUtils.java:logGet(43)) - raft.server.log.statemachine.data.caching.enabled = true (custom)
2019-09-26 13:31:46,126 [pool-177-thread-1] INFO  segmented.SegmentedRaftLogWorker (SegmentedRaftLogWorker.java:lambda$new$0(132)) - ac27144f-f6d7-46ce-b0ea-6a1298397a0b@group-0082DC123203-SegmentedRaftLogWorker: flushIndex: setUnconditionally 0 -> -1
2019-09-26 13:31:46,127 [pool-177-thread-1] INFO  server.RaftServerConfigKeys (ConfUtils.java:logGet(43)) - raft.server.snapshot.auto.trigger.enabled = true (custom)
2019-09-26 13:31:46,127 [pool-177-thread-1] INFO  server.RaftServerConfigKeys (ConfUtils.java:logGet(43)) - raft.server.snapshot.auto.trigger.threshold = 10000 (custom)
2019-09-26 13:31:46,127 [pool-177-thread-1] INFO  server.RaftServerConfigKeys (ConfUtils.java:logGet(43)) - raft.server.snapshot.retention.num.files = 5 (custom)
2019-09-26 13:31:46,127 [pool-177-thread-1] INFO  server.RaftServerConfigKeys (ConfUtils.java:logGet(43)) - raft.server.retrycache.expirytime = 600000ms (custom)
2019-09-26 13:31:46,129 [pool-177-thread-1] INFO  impl.RaftServerImpl (RaftServerImpl.java:start(185)) - ac27144f-f6d7-46ce-b0ea-6a1298397a0b@group-0082DC123203: start as a follower, conf=-1: [ac27144f-f6d7-46ce-b0ea-6a1298397a0b:192.168.164.238:41017], old=null
2019-09-26 13:31:46,129 [pool-177-thread-1] INFO  impl.RaftServerImpl (RaftServerImpl.java:setRole(174)) - ac27144f-f6d7-46ce-b0ea-6a1298397a0b@group-0082DC123203: changes role from      null to FOLLOWER at term 0 for startAsFollower
2019-09-26 13:31:46,129 [pool-177-thread-1] INFO  impl.RoleInfo (RoleInfo.java:updateAndGet(143)) - ac27144f-f6d7-46ce-b0ea-6a1298397a0b: start FollowerState
2019-09-26 13:31:46,130 [pool-177-thread-1] INFO  util.JmxRegister (JmxRegister.java:tryRegister(44)) - Successfully registered JMX Bean with object name Ratis:service=RaftServer,group=group-0082DC123203,id=ac27144f-f6d7-46ce-b0ea-6a1298397a0b
2019-09-26 13:31:46,130 [Thread-810] INFO  ozone.MiniOzoneClusterImpl (MiniOzoneClusterImpl.java:lambda$waitForClusterToBeReady$0(147)) - Waiting for cluster to be ready. Got 2 of 3 DN Heartbeats.
2019-09-26 13:31:46,131 [IPC Server handler 2 on 37647] INFO  net.NetworkTopology (NetworkTopologyImpl.java:add(111)) - Added a new node: /default-rack/47bbf92c-dbb6-43bb-9d18-a90dedc65edb
2019-09-26 13:31:46,132 [IPC Server handler 2 on 37647] INFO  node.SCMNodeManager (SCMNodeManager.java:register(266)) - Registered Data node : 47bbf92c-dbb6-43bb-9d18-a90dedc65edb{ip: 192.168.164.238, host: pr-hdds-1569-87zkn-1081879488, networkLocation: /default-rack, certSerialId: null}
2019-09-26 13:31:46,133 [RatisPipelineUtilsThread] INFO  pipeline.PipelineStateManager (PipelineStateManager.java:addPipeline(56)) - Created pipeline Pipeline[ Id: 402fea51-b11a-4b21-9659-0082dc123203, Nodes: ac27144f-f6d7-46ce-b0ea-6a1298397a0b{ip: 192.168.164.238, host: pr-hdds-1569-87zkn-1081879488, networkLocation: /default-rack, certSerialId: null}, Type:RATIS, Factor:ONE, State:OPEN]
2019-09-26 13:31:46,143 [grpc-default-executor-0] INFO  impl.RaftServerProxy (RaftServerProxy.java:addNew(89)) - 47bbf92c-dbb6-43bb-9d18-a90dedc65edb: addNew group-3960EA708249:[47bbf92c-dbb6-43bb-9d18-a90dedc65edb:192.168.164.238:45788] returns group-3960EA708249:java.util.concurrent.CompletableFuture@750455bc[Not completed]
2019-09-26 13:31:46,144 [pool-197-thread-1] INFO  impl.RaftServerImpl (RaftServerImpl.java:<init>(95)) - 47bbf92c-dbb6-43bb-9d18-a90dedc65edb: new RaftServerImpl for group-3960EA708249:[47bbf92c-dbb6-43bb-9d18-a90dedc65edb:192.168.164.238:45788] with ContainerStateMachine:uninitialized
2019-09-26 13:31:46,144 [pool-197-thread-1] INFO  server.RaftServerConfigKeys (ConfUtils.java:logGet(43)) - raft.server.rpc.timeout.min = 5s (custom)
2019-09-26 13:31:46,144 [pool-197-thread-1] INFO  server.RaftServerConfigKeys (ConfUtils.java:logGet(43)) - raft.server.rpc.timeout.max = 5200ms (custom)
2019-09-26 13:31:46,145 [pool-197-thread-1] INFO  server.RaftServerConfigKeys (ConfUtils.java:logGet(43)) - raft.server.rpcslowness.timeout = 120s (custom)
2019-09-26 13:31:46,145 [pool-197-thread-1] INFO  server.RaftServerConfigKeys (ConfUtils.java:logGet(43)) - raft.server.sleep.deviation.threshold = 300 (default)
2019-09-26 13:31:46,145 [pool-197-thread-1] INFO  server.RaftServerConfigKeys (ConfUtils.java:logGet(43)) - raft.server.log.appender.install.snapshot.enabled = false (custom)
2019-09-26 13:31:46,145 [pool-197-thread-1] INFO  impl.RaftServerImpl (ServerState.java:<init>(103)) - 47bbf92c-dbb6-43bb-9d18-a90dedc65edb@group-3960EA708249: ConfigurationManager, init=-1: [47bbf92c-dbb6-43bb-9d18-a90dedc65edb:192.168.164.238:45788], old=null, confs=<EMPTY_MAP>
2019-09-26 13:31:46,145 [pool-197-thread-1] INFO  server.RaftServerConfigKeys (ConfUtils.java:logGet(43)) - raft.server.storage.dir = [/workdir/hadoop-ozone/ozonefs/target/test-dir/MiniOzoneClusterImpl-a8a0317b-72d7-48ce-9e7f-dfff25f47ca1/datanode-2/data/ratis] (custom)
2019-09-26 13:31:46,146 [pool-197-thread-1] INFO  storage.RaftStorageDirectory (RaftStorageDirectory.java:analyzeStorage(246)) - The storage directory /workdir/hadoop-ozone/ozonefs/target/test-dir/MiniOzoneClusterImpl-a8a0317b-72d7-48ce-9e7f-dfff25f47ca1/datanode-2/data/ratis/aabd0ad6-9ebb-40a9-bc89-3960ea708249 does not exist. Creating ...
2019-09-26 13:31:46,158 [pool-197-thread-1] INFO  storage.RaftStorageDirectory (RaftStorageDirectory.java:tryLock(328)) - Lock on /workdir/hadoop-ozone/ozonefs/target/test-dir/MiniOzoneClusterImpl-a8a0317b-72d7-48ce-9e7f-dfff25f47ca1/datanode-2/data/ratis/aabd0ad6-9ebb-40a9-bc89-3960ea708249/in_use.lock acquired by nodename 10147@pr-hdds-1569-87zkn-1081879488
2019-09-26 13:31:46,171 [pool-197-thread-1] INFO  storage.RaftStorage (RaftStorage.java:format(72)) - Storage directory /workdir/hadoop-ozone/ozonefs/target/test-dir/MiniOzoneClusterImpl-a8a0317b-72d7-48ce-9e7f-dfff25f47ca1/datanode-2/data/ratis/aabd0ad6-9ebb-40a9-bc89-3960ea708249 has been successfully formatted.
2019-09-26 13:31:46,171 [pool-197-thread-1] INFO  ratis.ContainerStateMachine (ContainerStateMachine.java:loadSnapshot(230)) - group-3960EA708249: The snapshot info is null. Setting the last applied indexto:(t:0, i:~)
2019-09-26 13:31:46,171 [pool-197-thread-1] INFO  server.RaftServerConfigKeys (ConfUtils.java:logGet(43)) - raft.server.notification.no-leader.timeout = 120s (custom)
2019-09-26 13:31:46,171 [pool-197-thread-1] INFO  server.RaftServerConfigKeys (ConfUtils.java:logGet(43)) - raft.server.log.use.memory = false (default)
2019-09-26 13:31:46,172 [pool-197-thread-1] INFO  server.RaftServerConfigKeys (ConfUtils.java:logGet(43)) - raft.server.log.purge.gap = 1000000 (custom)
2019-09-26 13:31:46,172 [pool-197-thread-1] INFO  server.RaftServerConfigKeys (ConfUtils.java:logGet(43)) - raft.server.log.appender.buffer.byte-limit = 33554432 (custom)
2019-09-26 13:31:46,172 [pool-197-thread-1] INFO  server.RaftServerConfigKeys (ConfUtils.java:logGet(43)) - raft.server.log.segment.size.max = 1048576 (custom)
2019-09-26 13:31:46,172 [pool-197-thread-1] INFO  server.RaftServerConfigKeys (ConfUtils.java:logGet(43)) - raft.server.log.segment.cache.num.max = 2 (custom)
2019-09-26 13:31:46,172 [pool-197-thread-1] INFO  segmented.SegmentedRaftLogWorker (SegmentedRaftLogWorker.java:<init>(172)) - new 47bbf92c-dbb6-43bb-9d18-a90dedc65edb@group-3960EA708249-SegmentedRaftLogWorker for RaftStorage:Storage Directory /workdir/hadoop-ozone/ozonefs/target/test-dir/MiniOzoneClusterImpl-a8a0317b-72d7-48ce-9e7f-dfff25f47ca1/datanode-2/data/ratis/aabd0ad6-9ebb-40a9-bc89-3960ea708249
2019-09-26 13:31:46,174 [pool-197-thread-1] INFO  server.RaftServerConfigKeys (ConfUtils.java:logGet(43)) - raft.server.log.queue.byte-limit = 2147483647 (custom)
2019-09-26 13:31:46,174 [pool-197-thread-1] INFO  server.RaftServerConfigKeys (ConfUtils.java:logGet(43)) - raft.server.log.queue.element-limit = 1024 (custom)
2019-09-26 13:31:46,174 [pool-197-thread-1] INFO  server.RaftServerConfigKeys (ConfUtils.java:logGet(43)) - raft.server.log.segment.size.max = 1048576 (custom)
2019-09-26 13:31:46,174 [pool-197-thread-1] INFO  server.RaftServerConfigKeys (ConfUtils.java:logGet(43)) - raft.server.log.preallocated.size = 16384 (custom)
2019-09-26 13:31:46,174 [pool-197-thread-1] INFO  server.RaftServerConfigKeys (ConfUtils.java:logGet(43)) - raft.server.log.write.buffer.size = 33554432 (custom)
2019-09-26 13:31:46,174 [pool-197-thread-1] INFO  server.RaftServerConfigKeys (ConfUtils.java:logGet(43)) - raft.server.log.force.sync.num = 128 (default)
2019-09-26 13:31:46,174 [pool-197-thread-1] INFO  server.RaftServerConfigKeys (ConfUtils.java:logGet(43)) - raft.server.log.statemachine.data.sync = true (default)
2019-09-26 13:31:46,175 [pool-197-thread-1] INFO  server.RaftServerConfigKeys (ConfUtils.java:logGet(43)) - raft.server.log.statemachine.data.sync.timeout = 10s (default)
2019-09-26 13:31:46,175 [pool-197-thread-1] INFO  server.RaftServerConfigKeys (ConfUtils.java:logGet(43)) - raft.server.log.statemachine.data.sync.timeout.retry = -1 (default)
2019-09-26 13:31:46,175 [pool-197-thread-1] INFO  server.RaftServerConfigKeys (ConfUtils.java:logGet(43)) - raft.server.log.statemachine.data.caching.enabled = true (custom)
2019-09-26 13:31:46,175 [pool-197-thread-1] INFO  segmented.SegmentedRaftLogWorker (SegmentedRaftLogWorker.java:lambda$new$0(132)) - 47bbf92c-dbb6-43bb-9d18-a90dedc65edb@group-3960EA708249-SegmentedRaftLogWorker: flushIndex: setUnconditionally 0 -> -1
2019-09-26 13:31:46,176 [pool-197-thread-1] INFO  server.RaftServerConfigKeys (ConfUtils.java:logGet(43)) - raft.server.snapshot.auto.trigger.enabled = true (custom)
2019-09-26 13:31:46,176 [pool-197-thread-1] INFO  server.RaftServerConfigKeys (ConfUtils.java:logGet(43)) - raft.server.snapshot.auto.trigger.threshold = 10000 (custom)
2019-09-26 13:31:46,176 [pool-197-thread-1] INFO  server.RaftServerConfigKeys (ConfUtils.java:logGet(43)) - raft.server.snapshot.retention.num.files = 5 (custom)
2019-09-26 13:31:46,176 [pool-197-thread-1] INFO  server.RaftServerConfigKeys (ConfUtils.java:logGet(43)) - raft.server.retrycache.expirytime = 600000ms (custom)
2019-09-26 13:31:46,178 [pool-197-thread-1] INFO  impl.RaftServerImpl (RaftServerImpl.java:start(185)) - 47bbf92c-dbb6-43bb-9d18-a90dedc65edb@group-3960EA708249: start as a follower, conf=-1: [47bbf92c-dbb6-43bb-9d18-a90dedc65edb:192.168.164.238:45788], old=null
2019-09-26 13:31:46,178 [pool-197-thread-1] INFO  impl.RaftServerImpl (RaftServerImpl.java:setRole(174)) - 47bbf92c-dbb6-43bb-9d18-a90dedc65edb@group-3960EA708249: changes role from      null to FOLLOWER at term 0 for startAsFollower
2019-09-26 13:31:46,178 [pool-197-thread-1] INFO  impl.RoleInfo (RoleInfo.java:updateAndGet(143)) - 47bbf92c-dbb6-43bb-9d18-a90dedc65edb: start FollowerState
2019-09-26 13:31:46,178 [pool-197-thread-1] INFO  util.JmxRegister (JmxRegister.java:tryRegister(44)) - Successfully registered JMX Bean with object name Ratis:service=RaftServer,group=group-3960EA708249,id=47bbf92c-dbb6-43bb-9d18-a90dedc65edb
2019-09-26 13:31:46,182 [RatisPipelineUtilsThread] INFO  pipeline.PipelineStateManager (PipelineStateManager.java:addPipeline(56)) - Created pipeline Pipeline[ Id: aabd0ad6-9ebb-40a9-bc89-3960ea708249, Nodes: 47bbf92c-dbb6-43bb-9d18-a90dedc65edb{ip: 192.168.164.238, host: pr-hdds-1569-87zkn-1081879488, networkLocation: /default-rack, certSerialId: null}, Type:RATIS, Factor:ONE, State:OPEN]
2019-09-26 13:31:46,190 [grpc-default-executor-0] INFO  impl.RaftServerProxy (RaftServerProxy.java:addNew(89)) - c422126f-6486-4976-ac4b-383283fcc5dc: addNew group-4E3EB3C0F57B:[c422126f-6486-4976-ac4b-383283fcc5dc:192.168.164.238:37658] returns group-4E3EB3C0F57B:java.util.concurrent.CompletableFuture@62a5d0f8[Not completed]
2019-09-26 13:31:46,192 [pool-187-thread-1] INFO  impl.RaftServerImpl (RaftServerImpl.java:<init>(95)) - c422126f-6486-4976-ac4b-383283fcc5dc: new RaftServerImpl for group-4E3EB3C0F57B:[c422126f-6486-4976-ac4b-383283fcc5dc:192.168.164.238:37658] with ContainerStateMachine:uninitialized
2019-09-26 13:31:46,192 [pool-187-thread-1] INFO  server.RaftServerConfigKeys (ConfUtils.java:logGet(43)) - raft.server.rpc.timeout.min = 5s (custom)
2019-09-26 13:31:46,192 [pool-187-thread-1] INFO  server.RaftServerConfigKeys (ConfUtils.java:logGet(43)) - raft.server.rpc.timeout.max = 5200ms (custom)
2019-09-26 13:31:46,192 [pool-187-thread-1] INFO  server.RaftServerConfigKeys (ConfUtils.java:logGet(43)) - raft.server.rpcslowness.timeout = 120s (custom)
2019-09-26 13:31:46,192 [pool-187-thread-1] INFO  server.RaftServerConfigKeys (ConfUtils.java:logGet(43)) - raft.server.sleep.deviation.threshold = 300 (default)
2019-09-26 13:31:46,192 [pool-187-thread-1] INFO  server.RaftServerConfigKeys (ConfUtils.java:logGet(43)) - raft.server.log.appender.install.snapshot.enabled = false (custom)
2019-09-26 13:31:46,193 [pool-187-thread-1] INFO  impl.RaftServerImpl (ServerState.java:<init>(103)) - c422126f-6486-4976-ac4b-383283fcc5dc@group-4E3EB3C0F57B: ConfigurationManager, init=-1: [c422126f-6486-4976-ac4b-383283fcc5dc:192.168.164.238:37658], old=null, confs=<EMPTY_MAP>
2019-09-26 13:31:46,193 [pool-187-thread-1] INFO  server.RaftServerConfigKeys (ConfUtils.java:logGet(43)) - raft.server.storage.dir = [/workdir/hadoop-ozone/ozonefs/target/test-dir/MiniOzoneClusterImpl-a8a0317b-72d7-48ce-9e7f-dfff25f47ca1/datanode-1/data/ratis] (custom)
2019-09-26 13:31:46,193 [pool-187-thread-1] INFO  storage.RaftStorageDirectory (RaftStorageDirectory.java:analyzeStorage(246)) - The storage directory /workdir/hadoop-ozone/ozonefs/target/test-dir/MiniOzoneClusterImpl-a8a0317b-72d7-48ce-9e7f-dfff25f47ca1/datanode-1/data/ratis/a3421304-6ba8-4c9c-b92c-4e3eb3c0f57b does not exist. Creating ...
2019-09-26 13:31:46,206 [pool-187-thread-1] INFO  storage.RaftStorageDirectory (RaftStorageDirectory.java:tryLock(328)) - Lock on /workdir/hadoop-ozone/ozonefs/target/test-dir/MiniOzoneClusterImpl-a8a0317b-72d7-48ce-9e7f-dfff25f47ca1/datanode-1/data/ratis/a3421304-6ba8-4c9c-b92c-4e3eb3c0f57b/in_use.lock acquired by nodename 10147@pr-hdds-1569-87zkn-1081879488
2019-09-26 13:31:46,209 [pool-187-thread-1] INFO  storage.RaftStorage (RaftStorage.java:format(72)) - Storage directory /workdir/hadoop-ozone/ozonefs/target/test-dir/MiniOzoneClusterImpl-a8a0317b-72d7-48ce-9e7f-dfff25f47ca1/datanode-1/data/ratis/a3421304-6ba8-4c9c-b92c-4e3eb3c0f57b has been successfully formatted.
2019-09-26 13:31:46,209 [pool-187-thread-1] INFO  ratis.ContainerStateMachine (ContainerStateMachine.java:loadSnapshot(230)) - group-4E3EB3C0F57B: The snapshot info is null. Setting the last applied indexto:(t:0, i:~)
2019-09-26 13:31:46,209 [pool-187-thread-1] INFO  server.RaftServerConfigKeys (ConfUtils.java:logGet(43)) - raft.server.notification.no-leader.timeout = 120s (custom)
2019-09-26 13:31:46,209 [pool-187-thread-1] INFO  server.RaftServerConfigKeys (ConfUtils.java:logGet(43)) - raft.server.log.use.memory = false (default)
2019-09-26 13:31:46,210 [pool-187-thread-1] INFO  server.RaftServerConfigKeys (ConfUtils.java:logGet(43)) - raft.server.log.purge.gap = 1000000 (custom)
2019-09-26 13:31:46,210 [pool-187-thread-1] INFO  server.RaftServerConfigKeys (ConfUtils.java:logGet(43)) - raft.server.log.appender.buffer.byte-limit = 33554432 (custom)
2019-09-26 13:31:46,210 [pool-187-thread-1] INFO  server.RaftServerConfigKeys (ConfUtils.java:logGet(43)) - raft.server.log.segment.size.max = 1048576 (custom)
2019-09-26 13:31:46,210 [pool-187-thread-1] INFO  server.RaftServerConfigKeys (ConfUtils.java:logGet(43)) - raft.server.log.segment.cache.num.max = 2 (custom)
2019-09-26 13:31:46,210 [pool-187-thread-1] INFO  segmented.SegmentedRaftLogWorker (SegmentedRaftLogWorker.java:<init>(172)) - new c422126f-6486-4976-ac4b-383283fcc5dc@group-4E3EB3C0F57B-SegmentedRaftLogWorker for RaftStorage:Storage Directory /workdir/hadoop-ozone/ozonefs/target/test-dir/MiniOzoneClusterImpl-a8a0317b-72d7-48ce-9e7f-dfff25f47ca1/datanode-1/data/ratis/a3421304-6ba8-4c9c-b92c-4e3eb3c0f57b
2019-09-26 13:31:46,212 [pool-187-thread-1] INFO  server.RaftServerConfigKeys (ConfUtils.java:logGet(43)) - raft.server.log.queue.byte-limit = 2147483647 (custom)
2019-09-26 13:31:46,212 [pool-187-thread-1] INFO  server.RaftServerConfigKeys (ConfUtils.java:logGet(43)) - raft.server.log.queue.element-limit = 1024 (custom)
2019-09-26 13:31:46,213 [pool-187-thread-1] INFO  server.RaftServerConfigKeys (ConfUtils.java:logGet(43)) - raft.server.log.segment.size.max = 1048576 (custom)
2019-09-26 13:31:46,213 [pool-187-thread-1] INFO  server.RaftServerConfigKeys (ConfUtils.java:logGet(43)) - raft.server.log.preallocated.size = 16384 (custom)
2019-09-26 13:31:46,213 [pool-187-thread-1] INFO  server.RaftServerConfigKeys (ConfUtils.java:logGet(43)) - raft.server.log.write.buffer.size = 33554432 (custom)
2019-09-26 13:31:46,213 [pool-187-thread-1] INFO  server.RaftServerConfigKeys (ConfUtils.java:logGet(43)) - raft.server.log.force.sync.num = 128 (default)
2019-09-26 13:31:46,213 [pool-187-thread-1] INFO  server.RaftServerConfigKeys (ConfUtils.java:logGet(43)) - raft.server.log.statemachine.data.sync = true (default)
2019-09-26 13:31:46,213 [pool-187-thread-1] INFO  server.RaftServerConfigKeys (ConfUtils.java:logGet(43)) - raft.server.log.statemachine.data.sync.timeout = 10s (default)
2019-09-26 13:31:46,214 [pool-187-thread-1] INFO  server.RaftServerConfigKeys (ConfUtils.java:logGet(43)) - raft.server.log.statemachine.data.sync.timeout.retry = -1 (default)
2019-09-26 13:31:46,214 [pool-187-thread-1] INFO  server.RaftServerConfigKeys (ConfUtils.java:logGet(43)) - raft.server.log.statemachine.data.caching.enabled = true (custom)
2019-09-26 13:31:46,214 [pool-187-thread-1] INFO  segmented.SegmentedRaftLogWorker (SegmentedRaftLogWorker.java:lambda$new$0(132)) - c422126f-6486-4976-ac4b-383283fcc5dc@group-4E3EB3C0F57B-SegmentedRaftLogWorker: flushIndex: setUnconditionally 0 -> -1
2019-09-26 13:31:46,215 [pool-187-thread-1] INFO  server.RaftServerConfigKeys (ConfUtils.java:logGet(43)) - raft.server.snapshot.auto.trigger.enabled = true (custom)
2019-09-26 13:31:46,215 [pool-187-thread-1] INFO  server.RaftServerConfigKeys (ConfUtils.java:logGet(43)) - raft.server.snapshot.auto.trigger.threshold = 10000 (custom)
2019-09-26 13:31:46,215 [pool-187-thread-1] INFO  server.RaftServerConfigKeys (ConfUtils.java:logGet(43)) - raft.server.snapshot.retention.num.files = 5 (custom)
2019-09-26 13:31:46,215 [pool-187-thread-1] INFO  server.RaftServerConfigKeys (ConfUtils.java:logGet(43)) - raft.server.retrycache.expirytime = 600000ms (custom)
2019-09-26 13:31:46,217 [pool-187-thread-1] INFO  impl.RaftServerImpl (RaftServerImpl.java:start(185)) - c422126f-6486-4976-ac4b-383283fcc5dc@group-4E3EB3C0F57B: start as a follower, conf=-1: [c422126f-6486-4976-ac4b-383283fcc5dc:192.168.164.238:37658], old=null
2019-09-26 13:31:46,217 [pool-187-thread-1] INFO  impl.RaftServerImpl (RaftServerImpl.java:setRole(174)) - c422126f-6486-4976-ac4b-383283fcc5dc@group-4E3EB3C0F57B: changes role from      null to FOLLOWER at term 0 for startAsFollower
2019-09-26 13:31:46,217 [pool-187-thread-1] INFO  impl.RoleInfo (RoleInfo.java:updateAndGet(143)) - c422126f-6486-4976-ac4b-383283fcc5dc: start FollowerState
2019-09-26 13:31:46,218 [pool-187-thread-1] INFO  util.JmxRegister (JmxRegister.java:tryRegister(44)) - Successfully registered JMX Bean with object name Ratis:service=RaftServer,group=group-4E3EB3C0F57B,id=c422126f-6486-4976-ac4b-383283fcc5dc
2019-09-26 13:31:46,221 [RatisPipelineUtilsThread] INFO  pipeline.PipelineStateManager (PipelineStateManager.java:addPipeline(56)) - Created pipeline Pipeline[ Id: a3421304-6ba8-4c9c-b92c-4e3eb3c0f57b, Nodes: c422126f-6486-4976-ac4b-383283fcc5dc{ip: 192.168.164.238, host: pr-hdds-1569-87zkn-1081879488, networkLocation: /default-rack, certSerialId: null}, Type:RATIS, Factor:ONE, State:OPEN]
2019-09-26 13:31:46,226 [grpc-default-executor-0] INFO  impl.RaftServerProxy (RaftServerProxy.java:addNew(89)) - 47bbf92c-dbb6-43bb-9d18-a90dedc65edb: addNew group-F3CCE71B1BC5:[47bbf92c-dbb6-43bb-9d18-a90dedc65edb:192.168.164.238:45788] returns group-F3CCE71B1BC5:java.util.concurrent.CompletableFuture@4c20a3c8[Not completed]
2019-09-26 13:31:46,227 [pool-197-thread-1] INFO  impl.RaftServerImpl (RaftServerImpl.java:<init>(95)) - 47bbf92c-dbb6-43bb-9d18-a90dedc65edb: new RaftServerImpl for group-F3CCE71B1BC5:[47bbf92c-dbb6-43bb-9d18-a90dedc65edb:192.168.164.238:45788] with ContainerStateMachine:uninitialized
2019-09-26 13:31:46,227 [pool-197-thread-1] INFO  server.RaftServerConfigKeys (ConfUtils.java:logGet(43)) - raft.server.rpc.timeout.min = 5s (custom)
2019-09-26 13:31:46,227 [pool-197-thread-1] INFO  server.RaftServerConfigKeys (ConfUtils.java:logGet(43)) - raft.server.rpc.timeout.max = 5200ms (custom)
2019-09-26 13:31:46,227 [pool-197-thread-1] INFO  server.RaftServerConfigKeys (ConfUtils.java:logGet(43)) - raft.server.rpcslowness.timeout = 120s (custom)
2019-09-26 13:31:46,227 [pool-197-thread-1] INFO  server.RaftServerConfigKeys (ConfUtils.java:logGet(43)) - raft.server.sleep.deviation.threshold = 300 (default)
2019-09-26 13:31:46,228 [pool-197-thread-1] INFO  server.RaftServerConfigKeys (ConfUtils.java:logGet(43)) - raft.server.log.appender.install.snapshot.enabled = false (custom)
2019-09-26 13:31:46,228 [pool-197-thread-1] INFO  impl.RaftServerImpl (ServerState.java:<init>(103)) - 47bbf92c-dbb6-43bb-9d18-a90dedc65edb@group-F3CCE71B1BC5: ConfigurationManager, init=-1: [47bbf92c-dbb6-43bb-9d18-a90dedc65edb:192.168.164.238:45788], old=null, confs=<EMPTY_MAP>
2019-09-26 13:31:46,228 [pool-197-thread-1] INFO  server.RaftServerConfigKeys (ConfUtils.java:logGet(43)) - raft.server.storage.dir = [/workdir/hadoop-ozone/ozonefs/target/test-dir/MiniOzoneClusterImpl-a8a0317b-72d7-48ce-9e7f-dfff25f47ca1/datanode-2/data/ratis] (custom)
2019-09-26 13:31:46,228 [pool-197-thread-1] INFO  storage.RaftStorageDirectory (RaftStorageDirectory.java:analyzeStorage(246)) - The storage directory /workdir/hadoop-ozone/ozonefs/target/test-dir/MiniOzoneClusterImpl-a8a0317b-72d7-48ce-9e7f-dfff25f47ca1/datanode-2/data/ratis/d9e702dd-cad8-49cb-93c9-f3cce71b1bc5 does not exist. Creating ...
2019-09-26 13:31:46,239 [pool-197-thread-1] INFO  storage.RaftStorageDirectory (RaftStorageDirectory.java:tryLock(328)) - Lock on /workdir/hadoop-ozone/ozonefs/target/test-dir/MiniOzoneClusterImpl-a8a0317b-72d7-48ce-9e7f-dfff25f47ca1/datanode-2/data/ratis/d9e702dd-cad8-49cb-93c9-f3cce71b1bc5/in_use.lock acquired by nodename 10147@pr-hdds-1569-87zkn-1081879488
2019-09-26 13:31:46,243 [pool-197-thread-1] INFO  storage.RaftStorage (RaftStorage.java:format(72)) - Storage directory /workdir/hadoop-ozone/ozonefs/target/test-dir/MiniOzoneClusterImpl-a8a0317b-72d7-48ce-9e7f-dfff25f47ca1/datanode-2/data/ratis/d9e702dd-cad8-49cb-93c9-f3cce71b1bc5 has been successfully formatted.
2019-09-26 13:31:46,243 [pool-197-thread-1] INFO  ratis.ContainerStateMachine (ContainerStateMachine.java:loadSnapshot(230)) - group-F3CCE71B1BC5: The snapshot info is null. Setting the last applied indexto:(t:0, i:~)
2019-09-26 13:31:46,243 [pool-197-thread-1] INFO  server.RaftServerConfigKeys (ConfUtils.java:logGet(43)) - raft.server.notification.no-leader.timeout = 120s (custom)
2019-09-26 13:31:46,243 [pool-197-thread-1] INFO  server.RaftServerConfigKeys (ConfUtils.java:logGet(43)) - raft.server.log.use.memory = false (default)
2019-09-26 13:31:46,243 [pool-197-thread-1] INFO  server.RaftServerConfigKeys (ConfUtils.java:logGet(43)) - raft.server.log.purge.gap = 1000000 (custom)
2019-09-26 13:31:46,244 [pool-197-thread-1] INFO  server.RaftServerConfigKeys (ConfUtils.java:logGet(43)) - raft.server.log.appender.buffer.byte-limit = 33554432 (custom)
2019-09-26 13:31:46,244 [pool-197-thread-1] INFO  server.RaftServerConfigKeys (ConfUtils.java:logGet(43)) - raft.server.log.segment.size.max = 1048576 (custom)
2019-09-26 13:31:46,244 [pool-197-thread-1] INFO  server.RaftServerConfigKeys (ConfUtils.java:logGet(43)) - raft.server.log.segment.cache.num.max = 2 (custom)
2019-09-26 13:31:46,244 [pool-197-thread-1] INFO  segmented.SegmentedRaftLogWorker (SegmentedRaftLogWorker.java:<init>(172)) - new 47bbf92c-dbb6-43bb-9d18-a90dedc65edb@group-F3CCE71B1BC5-SegmentedRaftLogWorker for RaftStorage:Storage Directory /workdir/hadoop-ozone/ozonefs/target/test-dir/MiniOzoneClusterImpl-a8a0317b-72d7-48ce-9e7f-dfff25f47ca1/datanode-2/data/ratis/d9e702dd-cad8-49cb-93c9-f3cce71b1bc5
2019-09-26 13:31:46,244 [pool-197-thread-1] INFO  server.RaftServerConfigKeys (ConfUtils.java:logGet(43)) - raft.server.log.queue.byte-limit = 2147483647 (custom)
2019-09-26 13:31:46,244 [pool-197-thread-1] INFO  server.RaftServerConfigKeys (ConfUtils.java:logGet(43)) - raft.server.log.queue.element-limit = 1024 (custom)
2019-09-26 13:31:46,245 [pool-197-thread-1] INFO  server.RaftServerConfigKeys (ConfUtils.java:logGet(43)) - raft.server.log.segment.size.max = 1048576 (custom)
2019-09-26 13:31:46,245 [pool-197-thread-1] INFO  server.RaftServerConfigKeys (ConfUtils.java:logGet(43)) - raft.server.log.preallocated.size = 16384 (custom)
2019-09-26 13:31:46,245 [pool-197-thread-1] INFO  server.RaftServerConfigKeys (ConfUtils.java:logGet(43)) - raft.server.log.write.buffer.size = 33554432 (custom)
2019-09-26 13:31:46,245 [pool-197-thread-1] INFO  server.RaftServerConfigKeys (ConfUtils.java:logGet(43)) - raft.server.log.force.sync.num = 128 (default)
2019-09-26 13:31:46,245 [pool-197-thread-1] INFO  server.RaftServerConfigKeys (ConfUtils.java:logGet(43)) - raft.server.log.statemachine.data.sync = true (default)
2019-09-26 13:31:46,245 [pool-197-thread-1] INFO  server.RaftServerConfigKeys (ConfUtils.java:logGet(43)) - raft.server.log.statemachine.data.sync.timeout = 10s (default)
2019-09-26 13:31:46,246 [pool-197-thread-1] INFO  server.RaftServerConfigKeys (ConfUtils.java:logGet(43)) - raft.server.log.statemachine.data.sync.timeout.retry = -1 (default)
2019-09-26 13:31:46,246 [pool-197-thread-1] INFO  server.RaftServerConfigKeys (ConfUtils.java:logGet(43)) - raft.server.log.statemachine.data.caching.enabled = true (custom)
2019-09-26 13:31:46,246 [pool-197-thread-1] INFO  segmented.SegmentedRaftLogWorker (SegmentedRaftLogWorker.java:lambda$new$0(132)) - 47bbf92c-dbb6-43bb-9d18-a90dedc65edb@group-F3CCE71B1BC5-SegmentedRaftLogWorker: flushIndex: setUnconditionally 0 -> -1
2019-09-26 13:31:46,247 [pool-197-thread-1] INFO  server.RaftServerConfigKeys (ConfUtils.java:logGet(43)) - raft.server.snapshot.auto.trigger.enabled = true (custom)
2019-09-26 13:31:46,247 [pool-197-thread-1] INFO  server.RaftServerConfigKeys (ConfUtils.java:logGet(43)) - raft.server.snapshot.auto.trigger.threshold = 10000 (custom)
2019-09-26 13:31:46,247 [pool-197-thread-1] INFO  server.RaftServerConfigKeys (ConfUtils.java:logGet(43)) - raft.server.snapshot.retention.num.files = 5 (custom)
2019-09-26 13:31:46,247 [pool-197-thread-1] INFO  server.RaftServerConfigKeys (ConfUtils.java:logGet(43)) - raft.server.retrycache.expirytime = 600000ms (custom)
2019-09-26 13:31:46,249 [pool-197-thread-1] INFO  impl.RaftServerImpl (RaftServerImpl.java:start(185)) - 47bbf92c-dbb6-43bb-9d18-a90dedc65edb@group-F3CCE71B1BC5: start as a follower, conf=-1: [47bbf92c-dbb6-43bb-9d18-a90dedc65edb:192.168.164.238:45788], old=null
2019-09-26 13:31:46,249 [pool-197-thread-1] INFO  impl.RaftServerImpl (RaftServerImpl.java:setRole(174)) - 47bbf92c-dbb6-43bb-9d18-a90dedc65edb@group-F3CCE71B1BC5: changes role from      null to FOLLOWER at term 0 for startAsFollower
2019-09-26 13:31:46,250 [pool-197-thread-1] INFO  impl.RoleInfo (RoleInfo.java:updateAndGet(143)) - 47bbf92c-dbb6-43bb-9d18-a90dedc65edb: start FollowerState
2019-09-26 13:31:46,250 [pool-197-thread-1] INFO  util.JmxRegister (JmxRegister.java:tryRegister(44)) - Successfully registered JMX Bean with object name Ratis:service=RaftServer,group=group-F3CCE71B1BC5,id=47bbf92c-dbb6-43bb-9d18-a90dedc65edb
2019-09-26 13:31:46,253 [RatisPipelineUtilsThread] INFO  pipeline.PipelineStateManager (PipelineStateManager.java:addPipeline(56)) - Created pipeline Pipeline[ Id: d9e702dd-cad8-49cb-93c9-f3cce71b1bc5, Nodes: 47bbf92c-dbb6-43bb-9d18-a90dedc65edb{ip: 192.168.164.238, host: pr-hdds-1569-87zkn-1081879488, networkLocation: /default-rack, certSerialId: null}, Type:RATIS, Factor:ONE, State:OPEN]
2019-09-26 13:31:46,258 [grpc-default-executor-0] INFO  impl.RaftServerProxy (RaftServerProxy.java:addNew(89)) - ac27144f-f6d7-46ce-b0ea-6a1298397a0b: addNew group-245F7FE652B0:[ac27144f-f6d7-46ce-b0ea-6a1298397a0b:192.168.164.238:41017] returns group-245F7FE652B0:java.util.concurrent.CompletableFuture@6170dd84[Not completed]
2019-09-26 13:31:46,259 [pool-177-thread-1] INFO  impl.RaftServerImpl (RaftServerImpl.java:<init>(95)) - ac27144f-f6d7-46ce-b0ea-6a1298397a0b: new RaftServerImpl for group-245F7FE652B0:[ac27144f-f6d7-46ce-b0ea-6a1298397a0b:192.168.164.238:41017] with ContainerStateMachine:uninitialized
2019-09-26 13:31:46,259 [pool-177-thread-1] INFO  server.RaftServerConfigKeys (ConfUtils.java:logGet(43)) - raft.server.rpc.timeout.min = 5s (custom)
2019-09-26 13:31:46,259 [pool-177-thread-1] INFO  server.RaftServerConfigKeys (ConfUtils.java:logGet(43)) - raft.server.rpc.timeout.max = 5200ms (custom)
2019-09-26 13:31:46,259 [pool-177-thread-1] INFO  server.RaftServerConfigKeys (ConfUtils.java:logGet(43)) - raft.server.rpcslowness.timeout = 120s (custom)
2019-09-26 13:31:46,260 [pool-177-thread-1] INFO  server.RaftServerConfigKeys (ConfUtils.java:logGet(43)) - raft.server.sleep.deviation.threshold = 300 (default)
2019-09-26 13:31:46,260 [pool-177-thread-1] INFO  server.RaftServerConfigKeys (ConfUtils.java:logGet(43)) - raft.server.log.appender.install.snapshot.enabled = false (custom)
2019-09-26 13:31:46,260 [pool-177-thread-1] INFO  impl.RaftServerImpl (ServerState.java:<init>(103)) - ac27144f-f6d7-46ce-b0ea-6a1298397a0b@group-245F7FE652B0: ConfigurationManager, init=-1: [ac27144f-f6d7-46ce-b0ea-6a1298397a0b:192.168.164.238:41017], old=null, confs=<EMPTY_MAP>
2019-09-26 13:31:46,260 [pool-177-thread-1] INFO  server.RaftServerConfigKeys (ConfUtils.java:logGet(43)) - raft.server.storage.dir = [/workdir/hadoop-ozone/ozonefs/target/test-dir/MiniOzoneClusterImpl-a8a0317b-72d7-48ce-9e7f-dfff25f47ca1/datanode-0/data/ratis] (custom)
2019-09-26 13:31:46,260 [pool-177-thread-1] INFO  storage.RaftStorageDirectory (RaftStorageDirectory.java:analyzeStorage(246)) - The storage directory /workdir/hadoop-ozone/ozonefs/target/test-dir/MiniOzoneClusterImpl-a8a0317b-72d7-48ce-9e7f-dfff25f47ca1/datanode-0/data/ratis/cc2aab49-982c-4a03-95cf-245f7fe652b0 does not exist. Creating ...
2019-09-26 13:31:46,264 [pool-177-thread-1] INFO  storage.RaftStorageDirectory (RaftStorageDirectory.java:tryLock(328)) - Lock on /workdir/hadoop-ozone/ozonefs/target/test-dir/MiniOzoneClusterImpl-a8a0317b-72d7-48ce-9e7f-dfff25f47ca1/datanode-0/data/ratis/cc2aab49-982c-4a03-95cf-245f7fe652b0/in_use.lock acquired by nodename 10147@pr-hdds-1569-87zkn-1081879488
2019-09-26 13:31:46,268 [pool-177-thread-1] INFO  storage.RaftStorage (RaftStorage.java:format(72)) - Storage directory /workdir/hadoop-ozone/ozonefs/target/test-dir/MiniOzoneClusterImpl-a8a0317b-72d7-48ce-9e7f-dfff25f47ca1/datanode-0/data/ratis/cc2aab49-982c-4a03-95cf-245f7fe652b0 has been successfully formatted.
2019-09-26 13:31:46,268 [pool-177-thread-1] INFO  ratis.ContainerStateMachine (ContainerStateMachine.java:loadSnapshot(230)) - group-245F7FE652B0: The snapshot info is null. Setting the last applied indexto:(t:0, i:~)
2019-09-26 13:31:46,268 [pool-177-thread-1] INFO  server.RaftServerConfigKeys (ConfUtils.java:logGet(43)) - raft.server.notification.no-leader.timeout = 120s (custom)
2019-09-26 13:31:46,268 [pool-177-thread-1] INFO  server.RaftServerConfigKeys (ConfUtils.java:logGet(43)) - raft.server.log.use.memory = false (default)
2019-09-26 13:31:46,268 [pool-177-thread-1] INFO  server.RaftServerConfigKeys (ConfUtils.java:logGet(43)) - raft.server.log.purge.gap = 1000000 (custom)
2019-09-26 13:31:46,268 [pool-177-thread-1] INFO  server.RaftServerConfigKeys (ConfUtils.java:logGet(43)) - raft.server.log.appender.buffer.byte-limit = 33554432 (custom)
2019-09-26 13:31:46,269 [pool-177-thread-1] INFO  server.RaftServerConfigKeys (ConfUtils.java:logGet(43)) - raft.server.log.segment.size.max = 1048576 (custom)
2019-09-26 13:31:46,269 [pool-177-thread-1] INFO  server.RaftServerConfigKeys (ConfUtils.java:logGet(43)) - raft.server.log.segment.cache.num.max = 2 (custom)
2019-09-26 13:31:46,269 [pool-177-thread-1] INFO  segmented.SegmentedRaftLogWorker (SegmentedRaftLogWorker.java:<init>(172)) - new ac27144f-f6d7-46ce-b0ea-6a1298397a0b@group-245F7FE652B0-SegmentedRaftLogWorker for RaftStorage:Storage Directory /workdir/hadoop-ozone/ozonefs/target/test-dir/MiniOzoneClusterImpl-a8a0317b-72d7-48ce-9e7f-dfff25f47ca1/datanode-0/data/ratis/cc2aab49-982c-4a03-95cf-245f7fe652b0
2019-09-26 13:31:46,269 [pool-177-thread-1] INFO  server.RaftServerConfigKeys (ConfUtils.java:logGet(43)) - raft.server.log.queue.byte-limit = 2147483647 (custom)
2019-09-26 13:31:46,269 [pool-177-thread-1] INFO  server.RaftServerConfigKeys (ConfUtils.java:logGet(43)) - raft.server.log.queue.element-limit = 1024 (custom)
2019-09-26 13:31:46,269 [pool-177-thread-1] INFO  server.RaftServerConfigKeys (ConfUtils.java:logGet(43)) - raft.server.log.segment.size.max = 1048576 (custom)
2019-09-26 13:31:46,269 [pool-177-thread-1] INFO  server.RaftServerConfigKeys (ConfUtils.java:logGet(43)) - raft.server.log.preallocated.size = 16384 (custom)
2019-09-26 13:31:46,270 [pool-177-thread-1] INFO  server.RaftServerConfigKeys (ConfUtils.java:logGet(43)) - raft.server.log.write.buffer.size = 33554432 (custom)
2019-09-26 13:31:46,270 [pool-177-thread-1] INFO  server.RaftServerConfigKeys (ConfUtils.java:logGet(43)) - raft.server.log.force.sync.num = 128 (default)
2019-09-26 13:31:46,270 [pool-177-thread-1] INFO  server.RaftServerConfigKeys (ConfUtils.java:logGet(43)) - raft.server.log.statemachine.data.sync = true (default)
2019-09-26 13:31:46,270 [pool-177-thread-1] INFO  server.RaftServerConfigKeys (ConfUtils.java:logGet(43)) - raft.server.log.statemachine.data.sync.timeout = 10s (default)
2019-09-26 13:31:46,270 [pool-177-thread-1] INFO  server.RaftServerConfigKeys (ConfUtils.java:logGet(43)) - raft.server.log.statemachine.data.sync.timeout.retry = -1 (default)
2019-09-26 13:31:46,270 [pool-177-thread-1] INFO  server.RaftServerConfigKeys (ConfUtils.java:logGet(43)) - raft.server.log.statemachine.data.caching.enabled = true (custom)
2019-09-26 13:31:46,271 [pool-177-thread-1] INFO  segmented.SegmentedRaftLogWorker (SegmentedRaftLogWorker.java:lambda$new$0(132)) - ac27144f-f6d7-46ce-b0ea-6a1298397a0b@group-245F7FE652B0-SegmentedRaftLogWorker: flushIndex: setUnconditionally 0 -> -1
2019-09-26 13:31:46,271 [pool-177-thread-1] INFO  server.RaftServerConfigKeys (ConfUtils.java:logGet(43)) - raft.server.snapshot.auto.trigger.enabled = true (custom)
2019-09-26 13:31:46,271 [pool-177-thread-1] INFO  server.RaftServerConfigKeys (ConfUtils.java:logGet(43)) - raft.server.snapshot.auto.trigger.threshold = 10000 (custom)
2019-09-26 13:31:46,271 [pool-177-thread-1] INFO  server.RaftServerConfigKeys (ConfUtils.java:logGet(43)) - raft.server.snapshot.retention.num.files = 5 (custom)
2019-09-26 13:31:46,271 [pool-177-thread-1] INFO  server.RaftServerConfigKeys (ConfUtils.java:logGet(43)) - raft.server.retrycache.expirytime = 600000ms (custom)
2019-09-26 13:31:46,273 [pool-177-thread-1] INFO  impl.RaftServerImpl (RaftServerImpl.java:start(185)) - ac27144f-f6d7-46ce-b0ea-6a1298397a0b@group-245F7FE652B0: start as a follower, conf=-1: [ac27144f-f6d7-46ce-b0ea-6a1298397a0b:192.168.164.238:41017], old=null
2019-09-26 13:31:46,273 [pool-177-thread-1] INFO  impl.RaftServerImpl (RaftServerImpl.java:setRole(174)) - ac27144f-f6d7-46ce-b0ea-6a1298397a0b@group-245F7FE652B0: changes role from      null to FOLLOWER at term 0 for startAsFollower
2019-09-26 13:31:46,273 [pool-177-thread-1] INFO  impl.RoleInfo (RoleInfo.java:updateAndGet(143)) - ac27144f-f6d7-46ce-b0ea-6a1298397a0b: start FollowerState
2019-09-26 13:31:46,273 [pool-177-thread-1] INFO  util.JmxRegister (JmxRegister.java:tryRegister(44)) - Successfully registered JMX Bean with object name Ratis:service=RaftServer,group=group-245F7FE652B0,id=ac27144f-f6d7-46ce-b0ea-6a1298397a0b
2019-09-26 13:31:46,277 [RatisPipelineUtilsThread] INFO  pipeline.PipelineStateManager (PipelineStateManager.java:addPipeline(56)) - Created pipeline Pipeline[ Id: cc2aab49-982c-4a03-95cf-245f7fe652b0, Nodes: ac27144f-f6d7-46ce-b0ea-6a1298397a0b{ip: 192.168.164.238, host: pr-hdds-1569-87zkn-1081879488, networkLocation: /default-rack, certSerialId: null}, Type:RATIS, Factor:ONE, State:OPEN]
2019-09-26 13:31:46,283 [grpc-default-executor-0] INFO  impl.RaftServerProxy (RaftServerProxy.java:addNew(89)) - ac27144f-f6d7-46ce-b0ea-6a1298397a0b: addNew group-2C5DDB182EEA:[ac27144f-f6d7-46ce-b0ea-6a1298397a0b:192.168.164.238:41017] returns group-2C5DDB182EEA:java.util.concurrent.CompletableFuture@43b23b94[Not completed]
2019-09-26 13:31:46,284 [pool-177-thread-1] INFO  impl.RaftServerImpl (RaftServerImpl.java:<init>(95)) - ac27144f-f6d7-46ce-b0ea-6a1298397a0b: new RaftServerImpl for group-2C5DDB182EEA:[ac27144f-f6d7-46ce-b0ea-6a1298397a0b:192.168.164.238:41017] with ContainerStateMachine:uninitialized
2019-09-26 13:31:46,284 [pool-177-thread-1] INFO  server.RaftServerConfigKeys (ConfUtils.java:logGet(43)) - raft.server.rpc.timeout.min = 5s (custom)
2019-09-26 13:31:46,284 [pool-177-thread-1] INFO  server.RaftServerConfigKeys (ConfUtils.java:logGet(43)) - raft.server.rpc.timeout.max = 5200ms (custom)
2019-09-26 13:31:46,284 [pool-177-thread-1] INFO  server.RaftServerConfigKeys (ConfUtils.java:logGet(43)) - raft.server.rpcslowness.timeout = 120s (custom)
2019-09-26 13:31:46,285 [pool-177-thread-1] INFO  server.RaftServerConfigKeys (ConfUtils.java:logGet(43)) - raft.server.sleep.deviation.threshold = 300 (default)
2019-09-26 13:31:46,285 [pool-177-thread-1] INFO  server.RaftServerConfigKeys (ConfUtils.java:logGet(43)) - raft.server.log.appender.install.snapshot.enabled = false (custom)
2019-09-26 13:31:46,285 [pool-177-thread-1] INFO  impl.RaftServerImpl (ServerState.java:<init>(103)) - ac27144f-f6d7-46ce-b0ea-6a1298397a0b@group-2C5DDB182EEA: ConfigurationManager, init=-1: [ac27144f-f6d7-46ce-b0ea-6a1298397a0b:192.168.164.238:41017], old=null, confs=<EMPTY_MAP>
2019-09-26 13:31:46,285 [pool-177-thread-1] INFO  server.RaftServerConfigKeys (ConfUtils.java:logGet(43)) - raft.server.storage.dir = [/workdir/hadoop-ozone/ozonefs/target/test-dir/MiniOzoneClusterImpl-a8a0317b-72d7-48ce-9e7f-dfff25f47ca1/datanode-0/data/ratis] (custom)
2019-09-26 13:31:46,285 [pool-177-thread-1] INFO  storage.RaftStorageDirectory (RaftStorageDirectory.java:analyzeStorage(246)) - The storage directory /workdir/hadoop-ozone/ozonefs/target/test-dir/MiniOzoneClusterImpl-a8a0317b-72d7-48ce-9e7f-dfff25f47ca1/datanode-0/data/ratis/3596da56-b3d9-4a01-bc1f-2c5ddb182eea does not exist. Creating ...
2019-09-26 13:31:46,296 [pool-177-thread-1] INFO  storage.RaftStorageDirectory (RaftStorageDirectory.java:tryLock(328)) - Lock on /workdir/hadoop-ozone/ozonefs/target/test-dir/MiniOzoneClusterImpl-a8a0317b-72d7-48ce-9e7f-dfff25f47ca1/datanode-0/data/ratis/3596da56-b3d9-4a01-bc1f-2c5ddb182eea/in_use.lock acquired by nodename 10147@pr-hdds-1569-87zkn-1081879488
2019-09-26 13:31:46,329 [pool-177-thread-1] INFO  storage.RaftStorage (RaftStorage.java:format(72)) - Storage directory /workdir/hadoop-ozone/ozonefs/target/test-dir/MiniOzoneClusterImpl-a8a0317b-72d7-48ce-9e7f-dfff25f47ca1/datanode-0/data/ratis/3596da56-b3d9-4a01-bc1f-2c5ddb182eea has been successfully formatted.
2019-09-26 13:31:46,330 [pool-177-thread-1] INFO  ratis.ContainerStateMachine (ContainerStateMachine.java:loadSnapshot(230)) - group-2C5DDB182EEA: The snapshot info is null. Setting the last applied indexto:(t:0, i:~)
2019-09-26 13:31:46,330 [pool-177-thread-1] INFO  server.RaftServerConfigKeys (ConfUtils.java:logGet(43)) - raft.server.notification.no-leader.timeout = 120s (custom)
2019-09-26 13:31:46,330 [pool-177-thread-1] INFO  server.RaftServerConfigKeys (ConfUtils.java:logGet(43)) - raft.server.log.use.memory = false (default)
2019-09-26 13:31:46,330 [pool-177-thread-1] INFO  server.RaftServerConfigKeys (ConfUtils.java:logGet(43)) - raft.server.log.purge.gap = 1000000 (custom)
2019-09-26 13:31:46,330 [pool-177-thread-1] INFO  server.RaftServerConfigKeys (ConfUtils.java:logGet(43)) - raft.server.log.appender.buffer.byte-limit = 33554432 (custom)
2019-09-26 13:31:46,330 [pool-177-thread-1] INFO  server.RaftServerConfigKeys (ConfUtils.java:logGet(43)) - raft.server.log.segment.size.max = 1048576 (custom)
2019-09-26 13:31:46,331 [pool-177-thread-1] INFO  server.RaftServerConfigKeys (ConfUtils.java:logGet(43)) - raft.server.log.segment.cache.num.max = 2 (custom)
2019-09-26 13:31:46,331 [pool-177-thread-1] INFO  segmented.SegmentedRaftLogWorker (SegmentedRaftLogWorker.java:<init>(172)) - new ac27144f-f6d7-46ce-b0ea-6a1298397a0b@group-2C5DDB182EEA-SegmentedRaftLogWorker for RaftStorage:Storage Directory /workdir/hadoop-ozone/ozonefs/target/test-dir/MiniOzoneClusterImpl-a8a0317b-72d7-48ce-9e7f-dfff25f47ca1/datanode-0/data/ratis/3596da56-b3d9-4a01-bc1f-2c5ddb182eea
2019-09-26 13:31:46,331 [pool-177-thread-1] INFO  server.RaftServerConfigKeys (ConfUtils.java:logGet(43)) - raft.server.log.queue.byte-limit = 2147483647 (custom)
2019-09-26 13:31:46,331 [pool-177-thread-1] INFO  server.RaftServerConfigKeys (ConfUtils.java:logGet(43)) - raft.server.log.queue.element-limit = 1024 (custom)
2019-09-26 13:31:46,331 [pool-177-thread-1] INFO  server.RaftServerConfigKeys (ConfUtils.java:logGet(43)) - raft.server.log.segment.size.max = 1048576 (custom)
2019-09-26 13:31:46,331 [pool-177-thread-1] INFO  server.RaftServerConfigKeys (ConfUtils.java:logGet(43)) - raft.server.log.preallocated.size = 16384 (custom)
2019-09-26 13:31:46,332 [pool-177-thread-1] INFO  server.RaftServerConfigKeys (ConfUtils.java:logGet(43)) - raft.server.log.write.buffer.size = 33554432 (custom)
2019-09-26 13:31:46,332 [pool-177-thread-1] INFO  server.RaftServerConfigKeys (ConfUtils.java:logGet(43)) - raft.server.log.force.sync.num = 128 (default)
2019-09-26 13:31:46,332 [pool-177-thread-1] INFO  server.RaftServerConfigKeys (ConfUtils.java:logGet(43)) - raft.server.log.statemachine.data.sync = true (default)
2019-09-26 13:31:46,332 [pool-177-thread-1] INFO  server.RaftServerConfigKeys (ConfUtils.java:logGet(43)) - raft.server.log.statemachine.data.sync.timeout = 10s (default)
2019-09-26 13:31:46,332 [pool-177-thread-1] INFO  server.RaftServerConfigKeys (ConfUtils.java:logGet(43)) - raft.server.log.statemachine.data.sync.timeout.retry = -1 (default)
2019-09-26 13:31:46,333 [pool-177-thread-1] INFO  server.RaftServerConfigKeys (ConfUtils.java:logGet(43)) - raft.server.log.statemachine.data.caching.enabled = true (custom)
2019-09-26 13:31:46,333 [pool-177-thread-1] INFO  segmented.SegmentedRaftLogWorker (SegmentedRaftLogWorker.java:lambda$new$0(132)) - ac27144f-f6d7-46ce-b0ea-6a1298397a0b@group-2C5DDB182EEA-SegmentedRaftLogWorker: flushIndex: setUnconditionally 0 -> -1
2019-09-26 13:31:46,333 [pool-177-thread-1] INFO  server.RaftServerConfigKeys (ConfUtils.java:logGet(43)) - raft.server.snapshot.auto.trigger.enabled = true (custom)
2019-09-26 13:31:46,333 [pool-177-thread-1] INFO  server.RaftServerConfigKeys (ConfUtils.java:logGet(43)) - raft.server.snapshot.auto.trigger.threshold = 10000 (custom)
2019-09-26 13:31:46,333 [pool-177-thread-1] INFO  server.RaftServerConfigKeys (ConfUtils.java:logGet(43)) - raft.server.snapshot.retention.num.files = 5 (custom)
2019-09-26 13:31:46,334 [pool-177-thread-1] INFO  server.RaftServerConfigKeys (ConfUtils.java:logGet(43)) - raft.server.retrycache.expirytime = 600000ms (custom)
2019-09-26 13:31:46,336 [pool-177-thread-1] INFO  impl.RaftServerImpl (RaftServerImpl.java:start(185)) - ac27144f-f6d7-46ce-b0ea-6a1298397a0b@group-2C5DDB182EEA: start as a follower, conf=-1: [ac27144f-f6d7-46ce-b0ea-6a1298397a0b:192.168.164.238:41017], old=null
2019-09-26 13:31:46,336 [pool-177-thread-1] INFO  impl.RaftServerImpl (RaftServerImpl.java:setRole(174)) - ac27144f-f6d7-46ce-b0ea-6a1298397a0b@group-2C5DDB182EEA: changes role from      null to FOLLOWER at term 0 for startAsFollower
2019-09-26 13:31:46,336 [pool-177-thread-1] INFO  impl.RoleInfo (RoleInfo.java:updateAndGet(143)) - ac27144f-f6d7-46ce-b0ea-6a1298397a0b: start FollowerState
2019-09-26 13:31:46,336 [pool-177-thread-1] INFO  util.JmxRegister (JmxRegister.java:tryRegister(44)) - Successfully registered JMX Bean with object name Ratis:service=RaftServer,group=group-2C5DDB182EEA,id=ac27144f-f6d7-46ce-b0ea-6a1298397a0b
2019-09-26 13:31:46,339 [RatisPipelineUtilsThread] INFO  pipeline.PipelineStateManager (PipelineStateManager.java:addPipeline(56)) - Created pipeline Pipeline[ Id: 3596da56-b3d9-4a01-bc1f-2c5ddb182eea, Nodes: ac27144f-f6d7-46ce-b0ea-6a1298397a0b{ip: 192.168.164.238, host: pr-hdds-1569-87zkn-1081879488, networkLocation: /default-rack, certSerialId: null}, Type:RATIS, Factor:ONE, State:OPEN]
2019-09-26 13:31:46,345 [grpc-default-executor-0] INFO  impl.RaftServerProxy (RaftServerProxy.java:addNew(89)) - 47bbf92c-dbb6-43bb-9d18-a90dedc65edb: addNew group-80DDE8C8A7AB:[47bbf92c-dbb6-43bb-9d18-a90dedc65edb:192.168.164.238:45788] returns group-80DDE8C8A7AB:java.util.concurrent.CompletableFuture@7edb1bf2[Not completed]
2019-09-26 13:31:46,346 [pool-197-thread-1] INFO  impl.RaftServerImpl (RaftServerImpl.java:<init>(95)) - 47bbf92c-dbb6-43bb-9d18-a90dedc65edb: new RaftServerImpl for group-80DDE8C8A7AB:[47bbf92c-dbb6-43bb-9d18-a90dedc65edb:192.168.164.238:45788] with ContainerStateMachine:uninitialized
2019-09-26 13:31:46,347 [pool-197-thread-1] INFO  server.RaftServerConfigKeys (ConfUtils.java:logGet(43)) - raft.server.rpc.timeout.min = 5s (custom)
2019-09-26 13:31:46,347 [pool-197-thread-1] INFO  server.RaftServerConfigKeys (ConfUtils.java:logGet(43)) - raft.server.rpc.timeout.max = 5200ms (custom)
2019-09-26 13:31:46,347 [pool-197-thread-1] INFO  server.RaftServerConfigKeys (ConfUtils.java:logGet(43)) - raft.server.rpcslowness.timeout = 120s (custom)
2019-09-26 13:31:46,347 [pool-197-thread-1] INFO  server.RaftServerConfigKeys (ConfUtils.java:logGet(43)) - raft.server.sleep.deviation.threshold = 300 (default)
2019-09-26 13:31:46,347 [pool-197-thread-1] INFO  server.RaftServerConfigKeys (ConfUtils.java:logGet(43)) - raft.server.log.appender.install.snapshot.enabled = false (custom)
2019-09-26 13:31:46,347 [pool-197-thread-1] INFO  impl.RaftServerImpl (ServerState.java:<init>(103)) - 47bbf92c-dbb6-43bb-9d18-a90dedc65edb@group-80DDE8C8A7AB: ConfigurationManager, init=-1: [47bbf92c-dbb6-43bb-9d18-a90dedc65edb:192.168.164.238:45788], old=null, confs=<EMPTY_MAP>
2019-09-26 13:31:46,347 [pool-197-thread-1] INFO  server.RaftServerConfigKeys (ConfUtils.java:logGet(43)) - raft.server.storage.dir = [/workdir/hadoop-ozone/ozonefs/target/test-dir/MiniOzoneClusterImpl-a8a0317b-72d7-48ce-9e7f-dfff25f47ca1/datanode-2/data/ratis] (custom)
2019-09-26 13:31:46,348 [pool-197-thread-1] INFO  storage.RaftStorageDirectory (RaftStorageDirectory.java:analyzeStorage(246)) - The storage directory /workdir/hadoop-ozone/ozonefs/target/test-dir/MiniOzoneClusterImpl-a8a0317b-72d7-48ce-9e7f-dfff25f47ca1/datanode-2/data/ratis/ad24af8a-f0f6-466a-b6bc-80dde8c8a7ab does not exist. Creating ...
2019-09-26 13:31:46,361 [pool-197-thread-1] INFO  storage.RaftStorageDirectory (RaftStorageDirectory.java:tryLock(328)) - Lock on /workdir/hadoop-ozone/ozonefs/target/test-dir/MiniOzoneClusterImpl-a8a0317b-72d7-48ce-9e7f-dfff25f47ca1/datanode-2/data/ratis/ad24af8a-f0f6-466a-b6bc-80dde8c8a7ab/in_use.lock acquired by nodename 10147@pr-hdds-1569-87zkn-1081879488
2019-09-26 13:31:46,376 [pool-197-thread-1] INFO  storage.RaftStorage (RaftStorage.java:format(72)) - Storage directory /workdir/hadoop-ozone/ozonefs/target/test-dir/MiniOzoneClusterImpl-a8a0317b-72d7-48ce-9e7f-dfff25f47ca1/datanode-2/data/ratis/ad24af8a-f0f6-466a-b6bc-80dde8c8a7ab has been successfully formatted.
2019-09-26 13:31:46,376 [pool-197-thread-1] INFO  ratis.ContainerStateMachine (ContainerStateMachine.java:loadSnapshot(230)) - group-80DDE8C8A7AB: The snapshot info is null. Setting the last applied indexto:(t:0, i:~)
2019-09-26 13:31:46,376 [pool-197-thread-1] INFO  server.RaftServerConfigKeys (ConfUtils.java:logGet(43)) - raft.server.notification.no-leader.timeout = 120s (custom)
2019-09-26 13:31:46,376 [pool-197-thread-1] INFO  server.RaftServerConfigKeys (ConfUtils.java:logGet(43)) - raft.server.log.use.memory = false (default)
2019-09-26 13:31:46,376 [pool-197-thread-1] INFO  server.RaftServerConfigKeys (ConfUtils.java:logGet(43)) - raft.server.log.purge.gap = 1000000 (custom)
2019-09-26 13:31:46,377 [pool-197-thread-1] INFO  server.RaftServerConfigKeys (ConfUtils.java:logGet(43)) - raft.server.log.appender.buffer.byte-limit = 33554432 (custom)
2019-09-26 13:31:46,377 [pool-197-thread-1] INFO  server.RaftServerConfigKeys (ConfUtils.java:logGet(43)) - raft.server.log.segment.size.max = 1048576 (custom)
2019-09-26 13:31:46,377 [pool-197-thread-1] INFO  server.RaftServerConfigKeys (ConfUtils.java:logGet(43)) - raft.server.log.segment.cache.num.max = 2 (custom)
2019-09-26 13:31:46,377 [pool-197-thread-1] INFO  segmented.SegmentedRaftLogWorker (SegmentedRaftLogWorker.java:<init>(172)) - new 47bbf92c-dbb6-43bb-9d18-a90dedc65edb@group-80DDE8C8A7AB-SegmentedRaftLogWorker for RaftStorage:Storage Directory /workdir/hadoop-ozone/ozonefs/target/test-dir/MiniOzoneClusterImpl-a8a0317b-72d7-48ce-9e7f-dfff25f47ca1/datanode-2/data/ratis/ad24af8a-f0f6-466a-b6bc-80dde8c8a7ab
2019-09-26 13:31:46,377 [pool-197-thread-1] INFO  server.RaftServerConfigKeys (ConfUtils.java:logGet(43)) - raft.server.log.queue.byte-limit = 2147483647 (custom)
2019-09-26 13:31:46,377 [pool-197-thread-1] INFO  server.RaftServerConfigKeys (ConfUtils.java:logGet(43)) - raft.server.log.queue.element-limit = 1024 (custom)
2019-09-26 13:31:46,377 [pool-197-thread-1] INFO  server.RaftServerConfigKeys (ConfUtils.java:logGet(43)) - raft.server.log.segment.size.max = 1048576 (custom)
2019-09-26 13:31:46,378 [pool-197-thread-1] INFO  server.RaftServerConfigKeys (ConfUtils.java:logGet(43)) - raft.server.log.preallocated.size = 16384 (custom)
2019-09-26 13:31:46,378 [pool-197-thread-1] INFO  server.RaftServerConfigKeys (ConfUtils.java:logGet(43)) - raft.server.log.write.buffer.size = 33554432 (custom)
2019-09-26 13:31:46,378 [pool-197-thread-1] INFO  server.RaftServerConfigKeys (ConfUtils.java:logGet(43)) - raft.server.log.force.sync.num = 128 (default)
2019-09-26 13:31:46,378 [pool-197-thread-1] INFO  server.RaftServerConfigKeys (ConfUtils.java:logGet(43)) - raft.server.log.statemachine.data.sync = true (default)
2019-09-26 13:31:46,378 [pool-197-thread-1] INFO  server.RaftServerConfigKeys (ConfUtils.java:logGet(43)) - raft.server.log.statemachine.data.sync.timeout = 10s (default)
2019-09-26 13:31:46,378 [pool-197-thread-1] INFO  server.RaftServerConfigKeys (ConfUtils.java:logGet(43)) - raft.server.log.statemachine.data.sync.timeout.retry = -1 (default)
2019-09-26 13:31:46,378 [pool-197-thread-1] INFO  server.RaftServerConfigKeys (ConfUtils.java:logGet(43)) - raft.server.log.statemachine.data.caching.enabled = true (custom)
2019-09-26 13:31:46,379 [pool-197-thread-1] INFO  segmented.SegmentedRaftLogWorker (SegmentedRaftLogWorker.java:lambda$new$0(132)) - 47bbf92c-dbb6-43bb-9d18-a90dedc65edb@group-80DDE8C8A7AB-SegmentedRaftLogWorker: flushIndex: setUnconditionally 0 -> -1
2019-09-26 13:31:46,379 [pool-197-thread-1] INFO  server.RaftServerConfigKeys (ConfUtils.java:logGet(43)) - raft.server.snapshot.auto.trigger.enabled = true (custom)
2019-09-26 13:31:46,379 [pool-197-thread-1] INFO  server.RaftServerConfigKeys (ConfUtils.java:logGet(43)) - raft.server.snapshot.auto.trigger.threshold = 10000 (custom)
2019-09-26 13:31:46,380 [pool-197-thread-1] INFO  server.RaftServerConfigKeys (ConfUtils.java:logGet(43)) - raft.server.snapshot.retention.num.files = 5 (custom)
2019-09-26 13:31:46,380 [pool-197-thread-1] INFO  server.RaftServerConfigKeys (ConfUtils.java:logGet(43)) - raft.server.retrycache.expirytime = 600000ms (custom)
2019-09-26 13:31:46,383 [pool-197-thread-1] INFO  impl.RaftServerImpl (RaftServerImpl.java:start(185)) - 47bbf92c-dbb6-43bb-9d18-a90dedc65edb@group-80DDE8C8A7AB: start as a follower, conf=-1: [47bbf92c-dbb6-43bb-9d18-a90dedc65edb:192.168.164.238:45788], old=null
2019-09-26 13:31:46,383 [pool-197-thread-1] INFO  impl.RaftServerImpl (RaftServerImpl.java:setRole(174)) - 47bbf92c-dbb6-43bb-9d18-a90dedc65edb@group-80DDE8C8A7AB: changes role from      null to FOLLOWER at term 0 for startAsFollower
2019-09-26 13:31:46,383 [pool-197-thread-1] INFO  impl.RoleInfo (RoleInfo.java:updateAndGet(143)) - 47bbf92c-dbb6-43bb-9d18-a90dedc65edb: start FollowerState
2019-09-26 13:31:46,384 [pool-197-thread-1] INFO  util.JmxRegister (JmxRegister.java:tryRegister(44)) - Successfully registered JMX Bean with object name Ratis:service=RaftServer,group=group-80DDE8C8A7AB,id=47bbf92c-dbb6-43bb-9d18-a90dedc65edb
2019-09-26 13:31:46,388 [RatisPipelineUtilsThread] INFO  pipeline.PipelineStateManager (PipelineStateManager.java:addPipeline(56)) - Created pipeline Pipeline[ Id: ad24af8a-f0f6-466a-b6bc-80dde8c8a7ab, Nodes: 47bbf92c-dbb6-43bb-9d18-a90dedc65edb{ip: 192.168.164.238, host: pr-hdds-1569-87zkn-1081879488, networkLocation: /default-rack, certSerialId: null}, Type:RATIS, Factor:ONE, State:OPEN]
2019-09-26 13:31:46,394 [grpc-default-executor-0] INFO  impl.RaftServerProxy (RaftServerProxy.java:addNew(89)) - ac27144f-f6d7-46ce-b0ea-6a1298397a0b: addNew group-2421FD9FCDDF:[ac27144f-f6d7-46ce-b0ea-6a1298397a0b:192.168.164.238:41017] returns group-2421FD9FCDDF:java.util.concurrent.CompletableFuture@9384f6e[Not completed]
2019-09-26 13:31:46,395 [pool-177-thread-1] INFO  impl.RaftServerImpl (RaftServerImpl.java:<init>(95)) - ac27144f-f6d7-46ce-b0ea-6a1298397a0b: new RaftServerImpl for group-2421FD9FCDDF:[ac27144f-f6d7-46ce-b0ea-6a1298397a0b:192.168.164.238:41017] with ContainerStateMachine:uninitialized
2019-09-26 13:31:46,395 [pool-177-thread-1] INFO  server.RaftServerConfigKeys (ConfUtils.java:logGet(43)) - raft.server.rpc.timeout.min = 5s (custom)
2019-09-26 13:31:46,395 [pool-177-thread-1] INFO  server.RaftServerConfigKeys (ConfUtils.java:logGet(43)) - raft.server.rpc.timeout.max = 5200ms (custom)
2019-09-26 13:31:46,395 [pool-177-thread-1] INFO  server.RaftServerConfigKeys (ConfUtils.java:logGet(43)) - raft.server.rpcslowness.timeout = 120s (custom)
2019-09-26 13:31:46,395 [pool-177-thread-1] INFO  server.RaftServerConfigKeys (ConfUtils.java:logGet(43)) - raft.server.sleep.deviation.threshold = 300 (default)
2019-09-26 13:31:46,395 [pool-177-thread-1] INFO  server.RaftServerConfigKeys (ConfUtils.java:logGet(43)) - raft.server.log.appender.install.snapshot.enabled = false (custom)
2019-09-26 13:31:46,395 [pool-177-thread-1] INFO  impl.RaftServerImpl (ServerState.java:<init>(103)) - ac27144f-f6d7-46ce-b0ea-6a1298397a0b@group-2421FD9FCDDF: ConfigurationManager, init=-1: [ac27144f-f6d7-46ce-b0ea-6a1298397a0b:192.168.164.238:41017], old=null, confs=<EMPTY_MAP>
2019-09-26 13:31:46,395 [pool-177-thread-1] INFO  server.RaftServerConfigKeys (ConfUtils.java:logGet(43)) - raft.server.storage.dir = [/workdir/hadoop-ozone/ozonefs/target/test-dir/MiniOzoneClusterImpl-a8a0317b-72d7-48ce-9e7f-dfff25f47ca1/datanode-0/data/ratis] (custom)
2019-09-26 13:31:46,396 [pool-177-thread-1] INFO  storage.RaftStorageDirectory (RaftStorageDirectory.java:analyzeStorage(246)) - The storage directory /workdir/hadoop-ozone/ozonefs/target/test-dir/MiniOzoneClusterImpl-a8a0317b-72d7-48ce-9e7f-dfff25f47ca1/datanode-0/data/ratis/dbe05e19-9f0f-44e7-b738-2421fd9fcddf does not exist. Creating ...
2019-09-26 13:31:46,408 [pool-177-thread-1] INFO  storage.RaftStorageDirectory (RaftStorageDirectory.java:tryLock(328)) - Lock on /workdir/hadoop-ozone/ozonefs/target/test-dir/MiniOzoneClusterImpl-a8a0317b-72d7-48ce-9e7f-dfff25f47ca1/datanode-0/data/ratis/dbe05e19-9f0f-44e7-b738-2421fd9fcddf/in_use.lock acquired by nodename 10147@pr-hdds-1569-87zkn-1081879488
2019-09-26 13:31:46,421 [pool-177-thread-1] INFO  storage.RaftStorage (RaftStorage.java:format(72)) - Storage directory /workdir/hadoop-ozone/ozonefs/target/test-dir/MiniOzoneClusterImpl-a8a0317b-72d7-48ce-9e7f-dfff25f47ca1/datanode-0/data/ratis/dbe05e19-9f0f-44e7-b738-2421fd9fcddf has been successfully formatted.
2019-09-26 13:31:46,421 [pool-177-thread-1] INFO  ratis.ContainerStateMachine (ContainerStateMachine.java:loadSnapshot(230)) - group-2421FD9FCDDF: The snapshot info is null. Setting the last applied indexto:(t:0, i:~)
2019-09-26 13:31:46,421 [pool-177-thread-1] INFO  server.RaftServerConfigKeys (ConfUtils.java:logGet(43)) - raft.server.notification.no-leader.timeout = 120s (custom)
2019-09-26 13:31:46,421 [pool-177-thread-1] INFO  server.RaftServerConfigKeys (ConfUtils.java:logGet(43)) - raft.server.log.use.memory = false (default)
2019-09-26 13:31:46,421 [pool-177-thread-1] INFO  server.RaftServerConfigKeys (ConfUtils.java:logGet(43)) - raft.server.log.purge.gap = 1000000 (custom)
2019-09-26 13:31:46,421 [pool-177-thread-1] INFO  server.RaftServerConfigKeys (ConfUtils.java:logGet(43)) - raft.server.log.appender.buffer.byte-limit = 33554432 (custom)
2019-09-26 13:31:46,421 [pool-177-thread-1] INFO  server.RaftServerConfigKeys (ConfUtils.java:logGet(43)) - raft.server.log.segment.size.max = 1048576 (custom)
2019-09-26 13:31:46,421 [pool-177-thread-1] INFO  server.RaftServerConfigKeys (ConfUtils.java:logGet(43)) - raft.server.log.segment.cache.num.max = 2 (custom)
2019-09-26 13:31:46,422 [pool-177-thread-1] INFO  segmented.SegmentedRaftLogWorker (SegmentedRaftLogWorker.java:<init>(172)) - new ac27144f-f6d7-46ce-b0ea-6a1298397a0b@group-2421FD9FCDDF-SegmentedRaftLogWorker for RaftStorage:Storage Directory /workdir/hadoop-ozone/ozonefs/target/test-dir/MiniOzoneClusterImpl-a8a0317b-72d7-48ce-9e7f-dfff25f47ca1/datanode-0/data/ratis/dbe05e19-9f0f-44e7-b738-2421fd9fcddf
2019-09-26 13:31:46,422 [pool-177-thread-1] INFO  server.RaftServerConfigKeys (ConfUtils.java:logGet(43)) - raft.server.log.queue.byte-limit = 2147483647 (custom)
2019-09-26 13:31:46,422 [pool-177-thread-1] INFO  server.RaftServerConfigKeys (ConfUtils.java:logGet(43)) - raft.server.log.queue.element-limit = 1024 (custom)
2019-09-26 13:31:46,422 [pool-177-thread-1] INFO  server.RaftServerConfigKeys (ConfUtils.java:logGet(43)) - raft.server.log.segment.size.max = 1048576 (custom)
2019-09-26 13:31:46,422 [pool-177-thread-1] INFO  server.RaftServerConfigKeys (ConfUtils.java:logGet(43)) - raft.server.log.preallocated.size = 16384 (custom)
2019-09-26 13:31:46,422 [pool-177-thread-1] INFO  server.RaftServerConfigKeys (ConfUtils.java:logGet(43)) - raft.server.log.write.buffer.size = 33554432 (custom)
2019-09-26 13:31:46,422 [pool-177-thread-1] INFO  server.RaftServerConfigKeys (ConfUtils.java:logGet(43)) - raft.server.log.force.sync.num = 128 (default)
2019-09-26 13:31:46,422 [pool-177-thread-1] INFO  server.RaftServerConfigKeys (ConfUtils.java:logGet(43)) - raft.server.log.statemachine.data.sync = true (default)
2019-09-26 13:31:46,422 [pool-177-thread-1] INFO  server.RaftServerConfigKeys (ConfUtils.java:logGet(43)) - raft.server.log.statemachine.data.sync.timeout = 10s (default)
2019-09-26 13:31:46,422 [pool-177-thread-1] INFO  server.RaftServerConfigKeys (ConfUtils.java:logGet(43)) - raft.server.log.statemachine.data.sync.timeout.retry = -1 (default)
2019-09-26 13:31:46,422 [pool-177-thread-1] INFO  server.RaftServerConfigKeys (ConfUtils.java:logGet(43)) - raft.server.log.statemachine.data.caching.enabled = true (custom)
2019-09-26 13:31:46,423 [pool-177-thread-1] INFO  segmented.SegmentedRaftLogWorker (SegmentedRaftLogWorker.java:lambda$new$0(132)) - ac27144f-f6d7-46ce-b0ea-6a1298397a0b@group-2421FD9FCDDF-SegmentedRaftLogWorker: flushIndex: setUnconditionally 0 -> -1
2019-09-26 13:31:46,423 [pool-177-thread-1] INFO  server.RaftServerConfigKeys (ConfUtils.java:logGet(43)) - raft.server.snapshot.auto.trigger.enabled = true (custom)
2019-09-26 13:31:46,423 [pool-177-thread-1] INFO  server.RaftServerConfigKeys (ConfUtils.java:logGet(43)) - raft.server.snapshot.auto.trigger.threshold = 10000 (custom)
2019-09-26 13:31:46,423 [pool-177-thread-1] INFO  server.RaftServerConfigKeys (ConfUtils.java:logGet(43)) - raft.server.snapshot.retention.num.files = 5 (custom)
2019-09-26 13:31:46,423 [pool-177-thread-1] INFO  server.RaftServerConfigKeys (ConfUtils.java:logGet(43)) - raft.server.retrycache.expirytime = 600000ms (custom)
2019-09-26 13:31:46,425 [pool-177-thread-1] INFO  impl.RaftServerImpl (RaftServerImpl.java:start(185)) - ac27144f-f6d7-46ce-b0ea-6a1298397a0b@group-2421FD9FCDDF: start as a follower, conf=-1: [ac27144f-f6d7-46ce-b0ea-6a1298397a0b:192.168.164.238:41017], old=null
2019-09-26 13:31:46,425 [pool-177-thread-1] INFO  impl.RaftServerImpl (RaftServerImpl.java:setRole(174)) - ac27144f-f6d7-46ce-b0ea-6a1298397a0b@group-2421FD9FCDDF: changes role from      null to FOLLOWER at term 0 for startAsFollower
2019-09-26 13:31:46,425 [pool-177-thread-1] INFO  impl.RoleInfo (RoleInfo.java:updateAndGet(143)) - ac27144f-f6d7-46ce-b0ea-6a1298397a0b: start FollowerState
2019-09-26 13:31:46,425 [pool-177-thread-1] INFO  util.JmxRegister (JmxRegister.java:tryRegister(44)) - Successfully registered JMX Bean with object name Ratis:service=RaftServer,group=group-2421FD9FCDDF,id=ac27144f-f6d7-46ce-b0ea-6a1298397a0b
2019-09-26 13:31:46,428 [RatisPipelineUtilsThread] INFO  pipeline.PipelineStateManager (PipelineStateManager.java:addPipeline(56)) - Created pipeline Pipeline[ Id: dbe05e19-9f0f-44e7-b738-2421fd9fcddf, Nodes: ac27144f-f6d7-46ce-b0ea-6a1298397a0b{ip: 192.168.164.238, host: pr-hdds-1569-87zkn-1081879488, networkLocation: /default-rack, certSerialId: null}, Type:RATIS, Factor:ONE, State:OPEN]
2019-09-26 13:31:46,434 [grpc-default-executor-0] INFO  impl.RaftServerProxy (RaftServerProxy.java:addNew(89)) - c422126f-6486-4976-ac4b-383283fcc5dc: addNew group-92909C8643D6:[c422126f-6486-4976-ac4b-383283fcc5dc:192.168.164.238:37658] returns group-92909C8643D6:java.util.concurrent.CompletableFuture@35edaff7[Not completed]
2019-09-26 13:31:46,435 [pool-187-thread-1] INFO  impl.RaftServerImpl (RaftServerImpl.java:<init>(95)) - c422126f-6486-4976-ac4b-383283fcc5dc: new RaftServerImpl for group-92909C8643D6:[c422126f-6486-4976-ac4b-383283fcc5dc:192.168.164.238:37658] with ContainerStateMachine:uninitialized
2019-09-26 13:31:46,435 [pool-187-thread-1] INFO  server.RaftServerConfigKeys (ConfUtils.java:logGet(43)) - raft.server.rpc.timeout.min = 5s (custom)
2019-09-26 13:31:46,436 [pool-187-thread-1] INFO  server.RaftServerConfigKeys (ConfUtils.java:logGet(43)) - raft.server.rpc.timeout.max = 5200ms (custom)
2019-09-26 13:31:46,436 [pool-187-thread-1] INFO  server.RaftServerConfigKeys (ConfUtils.java:logGet(43)) - raft.server.rpcslowness.timeout = 120s (custom)
2019-09-26 13:31:46,436 [pool-187-thread-1] INFO  server.RaftServerConfigKeys (ConfUtils.java:logGet(43)) - raft.server.sleep.deviation.threshold = 300 (default)
2019-09-26 13:31:46,436 [pool-187-thread-1] INFO  server.RaftServerConfigKeys (ConfUtils.java:logGet(43)) - raft.server.log.appender.install.snapshot.enabled = false (custom)
2019-09-26 13:31:46,436 [pool-187-thread-1] INFO  impl.RaftServerImpl (ServerState.java:<init>(103)) - c422126f-6486-4976-ac4b-383283fcc5dc@group-92909C8643D6: ConfigurationManager, init=-1: [c422126f-6486-4976-ac4b-383283fcc5dc:192.168.164.238:37658], old=null, confs=<EMPTY_MAP>
2019-09-26 13:31:46,436 [pool-187-thread-1] INFO  server.RaftServerConfigKeys (ConfUtils.java:logGet(43)) - raft.server.storage.dir = [/workdir/hadoop-ozone/ozonefs/target/test-dir/MiniOzoneClusterImpl-a8a0317b-72d7-48ce-9e7f-dfff25f47ca1/datanode-1/data/ratis] (custom)
2019-09-26 13:31:46,437 [pool-187-thread-1] INFO  storage.RaftStorageDirectory (RaftStorageDirectory.java:analyzeStorage(246)) - The storage directory /workdir/hadoop-ozone/ozonefs/target/test-dir/MiniOzoneClusterImpl-a8a0317b-72d7-48ce-9e7f-dfff25f47ca1/datanode-1/data/ratis/ef6cd2ac-19d0-4c48-a100-92909c8643d6 does not exist. Creating ...
2019-09-26 13:31:46,449 [pool-187-thread-1] INFO  storage.RaftStorageDirectory (RaftStorageDirectory.java:tryLock(328)) - Lock on /workdir/hadoop-ozone/ozonefs/target/test-dir/MiniOzoneClusterImpl-a8a0317b-72d7-48ce-9e7f-dfff25f47ca1/datanode-1/data/ratis/ef6cd2ac-19d0-4c48-a100-92909c8643d6/in_use.lock acquired by nodename 10147@pr-hdds-1569-87zkn-1081879488
2019-09-26 13:31:46,463 [pool-187-thread-1] INFO  storage.RaftStorage (RaftStorage.java:format(72)) - Storage directory /workdir/hadoop-ozone/ozonefs/target/test-dir/MiniOzoneClusterImpl-a8a0317b-72d7-48ce-9e7f-dfff25f47ca1/datanode-1/data/ratis/ef6cd2ac-19d0-4c48-a100-92909c8643d6 has been successfully formatted.
2019-09-26 13:31:46,463 [pool-187-thread-1] INFO  ratis.ContainerStateMachine (ContainerStateMachine.java:loadSnapshot(230)) - group-92909C8643D6: The snapshot info is null. Setting the last applied indexto:(t:0, i:~)
2019-09-26 13:31:46,463 [pool-187-thread-1] INFO  server.RaftServerConfigKeys (ConfUtils.java:logGet(43)) - raft.server.notification.no-leader.timeout = 120s (custom)
2019-09-26 13:31:46,463 [pool-187-thread-1] INFO  server.RaftServerConfigKeys (ConfUtils.java:logGet(43)) - raft.server.log.use.memory = false (default)
2019-09-26 13:31:46,463 [pool-187-thread-1] INFO  server.RaftServerConfigKeys (ConfUtils.java:logGet(43)) - raft.server.log.purge.gap = 1000000 (custom)
2019-09-26 13:31:46,464 [pool-187-thread-1] INFO  server.RaftServerConfigKeys (ConfUtils.java:logGet(43)) - raft.server.log.appender.buffer.byte-limit = 33554432 (custom)
2019-09-26 13:31:46,464 [pool-187-thread-1] INFO  server.RaftServerConfigKeys (ConfUtils.java:logGet(43)) - raft.server.log.segment.size.max = 1048576 (custom)
2019-09-26 13:31:46,464 [pool-187-thread-1] INFO  server.RaftServerConfigKeys (ConfUtils.java:logGet(43)) - raft.server.log.segment.cache.num.max = 2 (custom)
2019-09-26 13:31:46,464 [pool-187-thread-1] INFO  segmented.SegmentedRaftLogWorker (SegmentedRaftLogWorker.java:<init>(172)) - new c422126f-6486-4976-ac4b-383283fcc5dc@group-92909C8643D6-SegmentedRaftLogWorker for RaftStorage:Storage Directory /workdir/hadoop-ozone/ozonefs/target/test-dir/MiniOzoneClusterImpl-a8a0317b-72d7-48ce-9e7f-dfff25f47ca1/datanode-1/data/ratis/ef6cd2ac-19d0-4c48-a100-92909c8643d6
2019-09-26 13:31:46,464 [pool-187-thread-1] INFO  server.RaftServerConfigKeys (ConfUtils.java:logGet(43)) - raft.server.log.queue.byte-limit = 2147483647 (custom)
2019-09-26 13:31:46,464 [pool-187-thread-1] INFO  server.RaftServerConfigKeys (ConfUtils.java:logGet(43)) - raft.server.log.queue.element-limit = 1024 (custom)
2019-09-26 13:31:46,464 [pool-187-thread-1] INFO  server.RaftServerConfigKeys (ConfUtils.java:logGet(43)) - raft.server.log.segment.size.max = 1048576 (custom)
2019-09-26 13:31:46,465 [pool-187-thread-1] INFO  server.RaftServerConfigKeys (ConfUtils.java:logGet(43)) - raft.server.log.preallocated.size = 16384 (custom)
2019-09-26 13:31:46,465 [pool-187-thread-1] INFO  server.RaftServerConfigKeys (ConfUtils.java:logGet(43)) - raft.server.log.write.buffer.size = 33554432 (custom)
2019-09-26 13:31:46,465 [pool-187-thread-1] INFO  server.RaftServerConfigKeys (ConfUtils.java:logGet(43)) - raft.server.log.force.sync.num = 128 (default)
2019-09-26 13:31:46,465 [pool-187-thread-1] INFO  server.RaftServerConfigKeys (ConfUtils.java:logGet(43)) - raft.server.log.statemachine.data.sync = true (default)
2019-09-26 13:31:46,465 [pool-187-thread-1] INFO  server.RaftServerConfigKeys (ConfUtils.java:logGet(43)) - raft.server.log.statemachine.data.sync.timeout = 10s (default)
2019-09-26 13:31:46,465 [pool-187-thread-1] INFO  server.RaftServerConfigKeys (ConfUtils.java:logGet(43)) - raft.server.log.statemachine.data.sync.timeout.retry = -1 (default)
2019-09-26 13:31:46,465 [pool-187-thread-1] INFO  server.RaftServerConfigKeys (ConfUtils.java:logGet(43)) - raft.server.log.statemachine.data.caching.enabled = true (custom)
2019-09-26 13:31:46,466 [pool-187-thread-1] INFO  segmented.SegmentedRaftLogWorker (SegmentedRaftLogWorker.java:lambda$new$0(132)) - c422126f-6486-4976-ac4b-383283fcc5dc@group-92909C8643D6-SegmentedRaftLogWorker: flushIndex: setUnconditionally 0 -> -1
2019-09-26 13:31:46,466 [pool-187-thread-1] INFO  server.RaftServerConfigKeys (ConfUtils.java:logGet(43)) - raft.server.snapshot.auto.trigger.enabled = true (custom)
2019-09-26 13:31:46,466 [pool-187-thread-1] INFO  server.RaftServerConfigKeys (ConfUtils.java:logGet(43)) - raft.server.snapshot.auto.trigger.threshold = 10000 (custom)
2019-09-26 13:31:46,466 [pool-187-thread-1] INFO  server.RaftServerConfigKeys (ConfUtils.java:logGet(43)) - raft.server.snapshot.retention.num.files = 5 (custom)
2019-09-26 13:31:46,467 [pool-187-thread-1] INFO  server.RaftServerConfigKeys (ConfUtils.java:logGet(43)) - raft.server.retrycache.expirytime = 600000ms (custom)
2019-09-26 13:31:46,469 [pool-187-thread-1] INFO  impl.RaftServerImpl (RaftServerImpl.java:start(185)) - c422126f-6486-4976-ac4b-383283fcc5dc@group-92909C8643D6: start as a follower, conf=-1: [c422126f-6486-4976-ac4b-383283fcc5dc:192.168.164.238:37658], old=null
2019-09-26 13:31:46,469 [pool-187-thread-1] INFO  impl.RaftServerImpl (RaftServerImpl.java:setRole(174)) - c422126f-6486-4976-ac4b-383283fcc5dc@group-92909C8643D6: changes role from      null to FOLLOWER at term 0 for startAsFollower
2019-09-26 13:31:46,469 [pool-187-thread-1] INFO  impl.RoleInfo (RoleInfo.java:updateAndGet(143)) - c422126f-6486-4976-ac4b-383283fcc5dc: start FollowerState
2019-09-26 13:31:46,469 [pool-187-thread-1] INFO  util.JmxRegister (JmxRegister.java:tryRegister(44)) - Successfully registered JMX Bean with object name Ratis:service=RaftServer,group=group-92909C8643D6,id=c422126f-6486-4976-ac4b-383283fcc5dc
2019-09-26 13:31:46,473 [RatisPipelineUtilsThread] INFO  pipeline.PipelineStateManager (PipelineStateManager.java:addPipeline(56)) - Created pipeline Pipeline[ Id: ef6cd2ac-19d0-4c48-a100-92909c8643d6, Nodes: c422126f-6486-4976-ac4b-383283fcc5dc{ip: 192.168.164.238, host: pr-hdds-1569-87zkn-1081879488, networkLocation: /default-rack, certSerialId: null}, Type:RATIS, Factor:ONE, State:OPEN]
2019-09-26 13:31:46,480 [grpc-default-executor-0] INFO  impl.RaftServerProxy (RaftServerProxy.java:addNew(89)) - c422126f-6486-4976-ac4b-383283fcc5dc: addNew group-C3FD1247BF42:[c422126f-6486-4976-ac4b-383283fcc5dc:192.168.164.238:37658] returns group-C3FD1247BF42:java.util.concurrent.CompletableFuture@97e9c0[Not completed]
2019-09-26 13:31:46,481 [pool-187-thread-1] INFO  impl.RaftServerImpl (RaftServerImpl.java:<init>(95)) - c422126f-6486-4976-ac4b-383283fcc5dc: new RaftServerImpl for group-C3FD1247BF42:[c422126f-6486-4976-ac4b-383283fcc5dc:192.168.164.238:37658] with ContainerStateMachine:uninitialized
2019-09-26 13:31:46,481 [pool-187-thread-1] INFO  server.RaftServerConfigKeys (ConfUtils.java:logGet(43)) - raft.server.rpc.timeout.min = 5s (custom)
2019-09-26 13:31:46,481 [pool-187-thread-1] INFO  server.RaftServerConfigKeys (ConfUtils.java:logGet(43)) - raft.server.rpc.timeout.max = 5200ms (custom)
2019-09-26 13:31:46,481 [pool-187-thread-1] INFO  server.RaftServerConfigKeys (ConfUtils.java:logGet(43)) - raft.server.rpcslowness.timeout = 120s (custom)
2019-09-26 13:31:46,481 [pool-187-thread-1] INFO  server.RaftServerConfigKeys (ConfUtils.java:logGet(43)) - raft.server.sleep.deviation.threshold = 300 (default)
2019-09-26 13:31:46,482 [pool-187-thread-1] INFO  server.RaftServerConfigKeys (ConfUtils.java:logGet(43)) - raft.server.log.appender.install.snapshot.enabled = false (custom)
2019-09-26 13:31:46,482 [pool-187-thread-1] INFO  impl.RaftServerImpl (ServerState.java:<init>(103)) - c422126f-6486-4976-ac4b-383283fcc5dc@group-C3FD1247BF42: ConfigurationManager, init=-1: [c422126f-6486-4976-ac4b-383283fcc5dc:192.168.164.238:37658], old=null, confs=<EMPTY_MAP>
2019-09-26 13:31:46,482 [pool-187-thread-1] INFO  server.RaftServerConfigKeys (ConfUtils.java:logGet(43)) - raft.server.storage.dir = [/workdir/hadoop-ozone/ozonefs/target/test-dir/MiniOzoneClusterImpl-a8a0317b-72d7-48ce-9e7f-dfff25f47ca1/datanode-1/data/ratis] (custom)
2019-09-26 13:31:46,482 [pool-187-thread-1] INFO  storage.RaftStorageDirectory (RaftStorageDirectory.java:analyzeStorage(246)) - The storage directory /workdir/hadoop-ozone/ozonefs/target/test-dir/MiniOzoneClusterImpl-a8a0317b-72d7-48ce-9e7f-dfff25f47ca1/datanode-1/data/ratis/ea08dc7a-5de4-4999-a4c4-c3fd1247bf42 does not exist. Creating ...
2019-09-26 13:31:46,495 [pool-187-thread-1] INFO  storage.RaftStorageDirectory (RaftStorageDirectory.java:tryLock(328)) - Lock on /workdir/hadoop-ozone/ozonefs/target/test-dir/MiniOzoneClusterImpl-a8a0317b-72d7-48ce-9e7f-dfff25f47ca1/datanode-1/data/ratis/ea08dc7a-5de4-4999-a4c4-c3fd1247bf42/in_use.lock acquired by nodename 10147@pr-hdds-1569-87zkn-1081879488
2019-09-26 13:31:46,508 [pool-187-thread-1] INFO  storage.RaftStorage (RaftStorage.java:format(72)) - Storage directory /workdir/hadoop-ozone/ozonefs/target/test-dir/MiniOzoneClusterImpl-a8a0317b-72d7-48ce-9e7f-dfff25f47ca1/datanode-1/data/ratis/ea08dc7a-5de4-4999-a4c4-c3fd1247bf42 has been successfully formatted.
2019-09-26 13:31:46,508 [pool-187-thread-1] INFO  ratis.ContainerStateMachine (ContainerStateMachine.java:loadSnapshot(230)) - group-C3FD1247BF42: The snapshot info is null. Setting the last applied indexto:(t:0, i:~)
2019-09-26 13:31:46,508 [pool-187-thread-1] INFO  server.RaftServerConfigKeys (ConfUtils.java:logGet(43)) - raft.server.notification.no-leader.timeout = 120s (custom)
2019-09-26 13:31:46,508 [pool-187-thread-1] INFO  server.RaftServerConfigKeys (ConfUtils.java:logGet(43)) - raft.server.log.use.memory = false (default)
2019-09-26 13:31:46,508 [pool-187-thread-1] INFO  server.RaftServerConfigKeys (ConfUtils.java:logGet(43)) - raft.server.log.purge.gap = 1000000 (custom)
2019-09-26 13:31:46,508 [pool-187-thread-1] INFO  server.RaftServerConfigKeys (ConfUtils.java:logGet(43)) - raft.server.log.appender.buffer.byte-limit = 33554432 (custom)
2019-09-26 13:31:46,509 [pool-187-thread-1] INFO  server.RaftServerConfigKeys (ConfUtils.java:logGet(43)) - raft.server.log.segment.size.max = 1048576 (custom)
2019-09-26 13:31:46,509 [pool-187-thread-1] INFO  server.RaftServerConfigKeys (ConfUtils.java:logGet(43)) - raft.server.log.segment.cache.num.max = 2 (custom)
2019-09-26 13:31:46,509 [pool-187-thread-1] INFO  segmented.SegmentedRaftLogWorker (SegmentedRaftLogWorker.java:<init>(172)) - new c422126f-6486-4976-ac4b-383283fcc5dc@group-C3FD1247BF42-SegmentedRaftLogWorker for RaftStorage:Storage Directory /workdir/hadoop-ozone/ozonefs/target/test-dir/MiniOzoneClusterImpl-a8a0317b-72d7-48ce-9e7f-dfff25f47ca1/datanode-1/data/ratis/ea08dc7a-5de4-4999-a4c4-c3fd1247bf42
2019-09-26 13:31:46,509 [pool-187-thread-1] INFO  server.RaftServerConfigKeys (ConfUtils.java:logGet(43)) - raft.server.log.queue.byte-limit = 2147483647 (custom)
2019-09-26 13:31:46,509 [pool-187-thread-1] INFO  server.RaftServerConfigKeys (ConfUtils.java:logGet(43)) - raft.server.log.queue.element-limit = 1024 (custom)
2019-09-26 13:31:46,509 [pool-187-thread-1] INFO  server.RaftServerConfigKeys (ConfUtils.java:logGet(43)) - raft.server.log.segment.size.max = 1048576 (custom)
2019-09-26 13:31:46,509 [pool-187-thread-1] INFO  server.RaftServerConfigKeys (ConfUtils.java:logGet(43)) - raft.server.log.preallocated.size = 16384 (custom)
2019-09-26 13:31:46,509 [pool-187-thread-1] INFO  server.RaftServerConfigKeys (ConfUtils.java:logGet(43)) - raft.server.log.write.buffer.size = 33554432 (custom)
2019-09-26 13:31:46,510 [pool-187-thread-1] INFO  server.RaftServerConfigKeys (ConfUtils.java:logGet(43)) - raft.server.log.force.sync.num = 128 (default)
2019-09-26 13:31:46,510 [pool-187-thread-1] INFO  server.RaftServerConfigKeys (ConfUtils.java:logGet(43)) - raft.server.log.statemachine.data.sync = true (default)
2019-09-26 13:31:46,510 [pool-187-thread-1] INFO  server.RaftServerConfigKeys (ConfUtils.java:logGet(43)) - raft.server.log.statemachine.data.sync.timeout = 10s (default)
2019-09-26 13:31:46,510 [pool-187-thread-1] INFO  server.RaftServerConfigKeys (ConfUtils.java:logGet(43)) - raft.server.log.statemachine.data.sync.timeout.retry = -1 (default)
2019-09-26 13:31:46,510 [pool-187-thread-1] INFO  server.RaftServerConfigKeys (ConfUtils.java:logGet(43)) - raft.server.log.statemachine.data.caching.enabled = true (custom)
2019-09-26 13:31:46,510 [pool-187-thread-1] INFO  segmented.SegmentedRaftLogWorker (SegmentedRaftLogWorker.java:lambda$new$0(132)) - c422126f-6486-4976-ac4b-383283fcc5dc@group-C3FD1247BF42-SegmentedRaftLogWorker: flushIndex: setUnconditionally 0 -> -1
2019-09-26 13:31:46,511 [pool-187-thread-1] INFO  server.RaftServerConfigKeys (ConfUtils.java:logGet(43)) - raft.server.snapshot.auto.trigger.enabled = true (custom)
2019-09-26 13:31:46,511 [pool-187-thread-1] INFO  server.RaftServerConfigKeys (ConfUtils.java:logGet(43)) - raft.server.snapshot.auto.trigger.threshold = 10000 (custom)
2019-09-26 13:31:46,511 [pool-187-thread-1] INFO  server.RaftServerConfigKeys (ConfUtils.java:logGet(43)) - raft.server.snapshot.retention.num.files = 5 (custom)
2019-09-26 13:31:46,511 [pool-187-thread-1] INFO  server.RaftServerConfigKeys (ConfUtils.java:logGet(43)) - raft.server.retrycache.expirytime = 600000ms (custom)
2019-09-26 13:31:46,513 [pool-187-thread-1] INFO  impl.RaftServerImpl (RaftServerImpl.java:start(185)) - c422126f-6486-4976-ac4b-383283fcc5dc@group-C3FD1247BF42: start as a follower, conf=-1: [c422126f-6486-4976-ac4b-383283fcc5dc:192.168.164.238:37658], old=null
2019-09-26 13:31:46,513 [pool-187-thread-1] INFO  impl.RaftServerImpl (RaftServerImpl.java:setRole(174)) - c422126f-6486-4976-ac4b-383283fcc5dc@group-C3FD1247BF42: changes role from      null to FOLLOWER at term 0 for startAsFollower
2019-09-26 13:31:46,513 [pool-187-thread-1] INFO  impl.RoleInfo (RoleInfo.java:updateAndGet(143)) - c422126f-6486-4976-ac4b-383283fcc5dc: start FollowerState
2019-09-26 13:31:46,513 [pool-187-thread-1] INFO  util.JmxRegister (JmxRegister.java:tryRegister(44)) - Successfully registered JMX Bean with object name Ratis:service=RaftServer,group=group-C3FD1247BF42,id=c422126f-6486-4976-ac4b-383283fcc5dc
2019-09-26 13:31:46,517 [RatisPipelineUtilsThread] INFO  pipeline.PipelineStateManager (PipelineStateManager.java:addPipeline(56)) - Created pipeline Pipeline[ Id: ea08dc7a-5de4-4999-a4c4-c3fd1247bf42, Nodes: c422126f-6486-4976-ac4b-383283fcc5dc{ip: 192.168.164.238, host: pr-hdds-1569-87zkn-1081879488, networkLocation: /default-rack, certSerialId: null}, Type:RATIS, Factor:ONE, State:OPEN]
2019-09-26 13:31:46,522 [grpc-default-executor-0] INFO  impl.RaftServerProxy (RaftServerProxy.java:addNew(89)) - c422126f-6486-4976-ac4b-383283fcc5dc: addNew group-C1C16E742C67:[c422126f-6486-4976-ac4b-383283fcc5dc:192.168.164.238:37658] returns group-C1C16E742C67:java.util.concurrent.CompletableFuture@326fa30b[Not completed]
2019-09-26 13:31:46,523 [pool-187-thread-1] INFO  impl.RaftServerImpl (RaftServerImpl.java:<init>(95)) - c422126f-6486-4976-ac4b-383283fcc5dc: new RaftServerImpl for group-C1C16E742C67:[c422126f-6486-4976-ac4b-383283fcc5dc:192.168.164.238:37658] with ContainerStateMachine:uninitialized
2019-09-26 13:31:46,523 [pool-187-thread-1] INFO  server.RaftServerConfigKeys (ConfUtils.java:logGet(43)) - raft.server.rpc.timeout.min = 5s (custom)
2019-09-26 13:31:46,523 [pool-187-thread-1] INFO  server.RaftServerConfigKeys (ConfUtils.java:logGet(43)) - raft.server.rpc.timeout.max = 5200ms (custom)
2019-09-26 13:31:46,523 [pool-187-thread-1] INFO  server.RaftServerConfigKeys (ConfUtils.java:logGet(43)) - raft.server.rpcslowness.timeout = 120s (custom)
2019-09-26 13:31:46,524 [pool-187-thread-1] INFO  server.RaftServerConfigKeys (ConfUtils.java:logGet(43)) - raft.server.sleep.deviation.threshold = 300 (default)
2019-09-26 13:31:46,524 [pool-187-thread-1] INFO  server.RaftServerConfigKeys (ConfUtils.java:logGet(43)) - raft.server.log.appender.install.snapshot.enabled = false (custom)
2019-09-26 13:31:46,524 [pool-187-thread-1] INFO  impl.RaftServerImpl (ServerState.java:<init>(103)) - c422126f-6486-4976-ac4b-383283fcc5dc@group-C1C16E742C67: ConfigurationManager, init=-1: [c422126f-6486-4976-ac4b-383283fcc5dc:192.168.164.238:37658], old=null, confs=<EMPTY_MAP>
2019-09-26 13:31:46,524 [pool-187-thread-1] INFO  server.RaftServerConfigKeys (ConfUtils.java:logGet(43)) - raft.server.storage.dir = [/workdir/hadoop-ozone/ozonefs/target/test-dir/MiniOzoneClusterImpl-a8a0317b-72d7-48ce-9e7f-dfff25f47ca1/datanode-1/data/ratis] (custom)
2019-09-26 13:31:46,524 [pool-187-thread-1] INFO  storage.RaftStorageDirectory (RaftStorageDirectory.java:analyzeStorage(246)) - The storage directory /workdir/hadoop-ozone/ozonefs/target/test-dir/MiniOzoneClusterImpl-a8a0317b-72d7-48ce-9e7f-dfff25f47ca1/datanode-1/data/ratis/a7b91329-dc89-43bd-8229-c1c16e742c67 does not exist. Creating ...
2019-09-26 13:31:46,536 [pool-187-thread-1] INFO  storage.RaftStorageDirectory (RaftStorageDirectory.java:tryLock(328)) - Lock on /workdir/hadoop-ozone/ozonefs/target/test-dir/MiniOzoneClusterImpl-a8a0317b-72d7-48ce-9e7f-dfff25f47ca1/datanode-1/data/ratis/a7b91329-dc89-43bd-8229-c1c16e742c67/in_use.lock acquired by nodename 10147@pr-hdds-1569-87zkn-1081879488
2019-09-26 13:31:46,563 [pool-187-thread-1] INFO  storage.RaftStorage (RaftStorage.java:format(72)) - Storage directory /workdir/hadoop-ozone/ozonefs/target/test-dir/MiniOzoneClusterImpl-a8a0317b-72d7-48ce-9e7f-dfff25f47ca1/datanode-1/data/ratis/a7b91329-dc89-43bd-8229-c1c16e742c67 has been successfully formatted.
2019-09-26 13:31:46,563 [pool-187-thread-1] INFO  ratis.ContainerStateMachine (ContainerStateMachine.java:loadSnapshot(230)) - group-C1C16E742C67: The snapshot info is null. Setting the last applied indexto:(t:0, i:~)
2019-09-26 13:31:46,563 [pool-187-thread-1] INFO  server.RaftServerConfigKeys (ConfUtils.java:logGet(43)) - raft.server.notification.no-leader.timeout = 120s (custom)
2019-09-26 13:31:46,563 [pool-187-thread-1] INFO  server.RaftServerConfigKeys (ConfUtils.java:logGet(43)) - raft.server.log.use.memory = false (default)
2019-09-26 13:31:46,563 [pool-187-thread-1] INFO  server.RaftServerConfigKeys (ConfUtils.java:logGet(43)) - raft.server.log.purge.gap = 1000000 (custom)
2019-09-26 13:31:46,563 [pool-187-thread-1] INFO  server.RaftServerConfigKeys (ConfUtils.java:logGet(43)) - raft.server.log.appender.buffer.byte-limit = 33554432 (custom)
2019-09-26 13:31:46,563 [pool-187-thread-1] INFO  server.RaftServerConfigKeys (ConfUtils.java:logGet(43)) - raft.server.log.segment.size.max = 1048576 (custom)
2019-09-26 13:31:46,564 [pool-187-thread-1] INFO  server.RaftServerConfigKeys (ConfUtils.java:logGet(43)) - raft.server.log.segment.cache.num.max = 2 (custom)
2019-09-26 13:31:46,564 [pool-187-thread-1] INFO  segmented.SegmentedRaftLogWorker (SegmentedRaftLogWorker.java:<init>(172)) - new c422126f-6486-4976-ac4b-383283fcc5dc@group-C1C16E742C67-SegmentedRaftLogWorker for RaftStorage:Storage Directory /workdir/hadoop-ozone/ozonefs/target/test-dir/MiniOzoneClusterImpl-a8a0317b-72d7-48ce-9e7f-dfff25f47ca1/datanode-1/data/ratis/a7b91329-dc89-43bd-8229-c1c16e742c67
2019-09-26 13:31:46,564 [pool-187-thread-1] INFO  server.RaftServerConfigKeys (ConfUtils.java:logGet(43)) - raft.server.log.queue.byte-limit = 2147483647 (custom)
2019-09-26 13:31:46,564 [pool-187-thread-1] INFO  server.RaftServerConfigKeys (ConfUtils.java:logGet(43)) - raft.server.log.queue.element-limit = 1024 (custom)
2019-09-26 13:31:46,564 [pool-187-thread-1] INFO  server.RaftServerConfigKeys (ConfUtils.java:logGet(43)) - raft.server.log.segment.size.max = 1048576 (custom)
2019-09-26 13:31:46,564 [pool-187-thread-1] INFO  server.RaftServerConfigKeys (ConfUtils.java:logGet(43)) - raft.server.log.preallocated.size = 16384 (custom)
2019-09-26 13:31:46,564 [pool-187-thread-1] INFO  server.RaftServerConfigKeys (ConfUtils.java:logGet(43)) - raft.server.log.write.buffer.size = 33554432 (custom)
2019-09-26 13:31:46,564 [pool-187-thread-1] INFO  server.RaftServerConfigKeys (ConfUtils.java:logGet(43)) - raft.server.log.force.sync.num = 128 (default)
2019-09-26 13:31:46,565 [pool-187-thread-1] INFO  server.RaftServerConfigKeys (ConfUtils.java:logGet(43)) - raft.server.log.statemachine.data.sync = true (default)
2019-09-26 13:31:46,565 [pool-187-thread-1] INFO  server.RaftServerConfigKeys (ConfUtils.java:logGet(43)) - raft.server.log.statemachine.data.sync.timeout = 10s (default)
2019-09-26 13:31:46,565 [pool-187-thread-1] INFO  server.RaftServerConfigKeys (ConfUtils.java:logGet(43)) - raft.server.log.statemachine.data.sync.timeout.retry = -1 (default)
2019-09-26 13:31:46,565 [pool-187-thread-1] INFO  server.RaftServerConfigKeys (ConfUtils.java:logGet(43)) - raft.server.log.statemachine.data.caching.enabled = true (custom)
2019-09-26 13:31:46,565 [pool-187-thread-1] INFO  segmented.SegmentedRaftLogWorker (SegmentedRaftLogWorker.java:lambda$new$0(132)) - c422126f-6486-4976-ac4b-383283fcc5dc@group-C1C16E742C67-SegmentedRaftLogWorker: flushIndex: setUnconditionally 0 -> -1
2019-09-26 13:31:46,565 [pool-187-thread-1] INFO  server.RaftServerConfigKeys (ConfUtils.java:logGet(43)) - raft.server.snapshot.auto.trigger.enabled = true (custom)
2019-09-26 13:31:46,566 [pool-187-thread-1] INFO  server.RaftServerConfigKeys (ConfUtils.java:logGet(43)) - raft.server.snapshot.auto.trigger.threshold = 10000 (custom)
2019-09-26 13:31:46,566 [pool-187-thread-1] INFO  server.RaftServerConfigKeys (ConfUtils.java:logGet(43)) - raft.server.snapshot.retention.num.files = 5 (custom)
2019-09-26 13:31:46,566 [pool-187-thread-1] INFO  server.RaftServerConfigKeys (ConfUtils.java:logGet(43)) - raft.server.retrycache.expirytime = 600000ms (custom)
2019-09-26 13:31:46,567 [pool-187-thread-1] INFO  impl.RaftServerImpl (RaftServerImpl.java:start(185)) - c422126f-6486-4976-ac4b-383283fcc5dc@group-C1C16E742C67: start as a follower, conf=-1: [c422126f-6486-4976-ac4b-383283fcc5dc:192.168.164.238:37658], old=null
2019-09-26 13:31:46,567 [pool-187-thread-1] INFO  impl.RaftServerImpl (RaftServerImpl.java:setRole(174)) - c422126f-6486-4976-ac4b-383283fcc5dc@group-C1C16E742C67: changes role from      null to FOLLOWER at term 0 for startAsFollower
2019-09-26 13:31:46,567 [pool-187-thread-1] INFO  impl.RoleInfo (RoleInfo.java:updateAndGet(143)) - c422126f-6486-4976-ac4b-383283fcc5dc: start FollowerState
2019-09-26 13:31:46,568 [pool-187-thread-1] INFO  util.JmxRegister (JmxRegister.java:tryRegister(44)) - Successfully registered JMX Bean with object name Ratis:service=RaftServer,group=group-C1C16E742C67,id=c422126f-6486-4976-ac4b-383283fcc5dc
2019-09-26 13:31:46,571 [RatisPipelineUtilsThread] INFO  pipeline.PipelineStateManager (PipelineStateManager.java:addPipeline(56)) - Created pipeline Pipeline[ Id: a7b91329-dc89-43bd-8229-c1c16e742c67, Nodes: c422126f-6486-4976-ac4b-383283fcc5dc{ip: 192.168.164.238, host: pr-hdds-1569-87zkn-1081879488, networkLocation: /default-rack, certSerialId: null}, Type:RATIS, Factor:ONE, State:OPEN]
2019-09-26 13:31:46,576 [grpc-default-executor-0] INFO  impl.RaftServerProxy (RaftServerProxy.java:addNew(89)) - c422126f-6486-4976-ac4b-383283fcc5dc: addNew group-48DC7DAE93D8:[c422126f-6486-4976-ac4b-383283fcc5dc:192.168.164.238:37658] returns group-48DC7DAE93D8:java.util.concurrent.CompletableFuture@3a46f125[Not completed]
2019-09-26 13:31:46,577 [pool-187-thread-1] INFO  impl.RaftServerImpl (RaftServerImpl.java:<init>(95)) - c422126f-6486-4976-ac4b-383283fcc5dc: new RaftServerImpl for group-48DC7DAE93D8:[c422126f-6486-4976-ac4b-383283fcc5dc:192.168.164.238:37658] with ContainerStateMachine:uninitialized
2019-09-26 13:31:46,577 [pool-187-thread-1] INFO  server.RaftServerConfigKeys (ConfUtils.java:logGet(43)) - raft.server.rpc.timeout.min = 5s (custom)
2019-09-26 13:31:46,577 [pool-187-thread-1] INFO  server.RaftServerConfigKeys (ConfUtils.java:logGet(43)) - raft.server.rpc.timeout.max = 5200ms (custom)
2019-09-26 13:31:46,577 [pool-187-thread-1] INFO  server.RaftServerConfigKeys (ConfUtils.java:logGet(43)) - raft.server.rpcslowness.timeout = 120s (custom)
2019-09-26 13:31:46,578 [pool-187-thread-1] INFO  server.RaftServerConfigKeys (ConfUtils.java:logGet(43)) - raft.server.sleep.deviation.threshold = 300 (default)
2019-09-26 13:31:46,578 [pool-187-thread-1] INFO  server.RaftServerConfigKeys (ConfUtils.java:logGet(43)) - raft.server.log.appender.install.snapshot.enabled = false (custom)
2019-09-26 13:31:46,578 [pool-187-thread-1] INFO  impl.RaftServerImpl (ServerState.java:<init>(103)) - c422126f-6486-4976-ac4b-383283fcc5dc@group-48DC7DAE93D8: ConfigurationManager, init=-1: [c422126f-6486-4976-ac4b-383283fcc5dc:192.168.164.238:37658], old=null, confs=<EMPTY_MAP>
2019-09-26 13:31:46,578 [pool-187-thread-1] INFO  server.RaftServerConfigKeys (ConfUtils.java:logGet(43)) - raft.server.storage.dir = [/workdir/hadoop-ozone/ozonefs/target/test-dir/MiniOzoneClusterImpl-a8a0317b-72d7-48ce-9e7f-dfff25f47ca1/datanode-1/data/ratis] (custom)
2019-09-26 13:31:46,578 [pool-187-thread-1] INFO  storage.RaftStorageDirectory (RaftStorageDirectory.java:analyzeStorage(246)) - The storage directory /workdir/hadoop-ozone/ozonefs/target/test-dir/MiniOzoneClusterImpl-a8a0317b-72d7-48ce-9e7f-dfff25f47ca1/datanode-1/data/ratis/46b7abb4-2f97-409b-8859-48dc7dae93d8 does not exist. Creating ...
2019-09-26 13:31:46,590 [pool-187-thread-1] INFO  storage.RaftStorageDirectory (RaftStorageDirectory.java:tryLock(328)) - Lock on /workdir/hadoop-ozone/ozonefs/target/test-dir/MiniOzoneClusterImpl-a8a0317b-72d7-48ce-9e7f-dfff25f47ca1/datanode-1/data/ratis/46b7abb4-2f97-409b-8859-48dc7dae93d8/in_use.lock acquired by nodename 10147@pr-hdds-1569-87zkn-1081879488
2019-09-26 13:31:46,605 [pool-187-thread-1] INFO  storage.RaftStorage (RaftStorage.java:format(72)) - Storage directory /workdir/hadoop-ozone/ozonefs/target/test-dir/MiniOzoneClusterImpl-a8a0317b-72d7-48ce-9e7f-dfff25f47ca1/datanode-1/data/ratis/46b7abb4-2f97-409b-8859-48dc7dae93d8 has been successfully formatted.
2019-09-26 13:31:46,605 [pool-187-thread-1] INFO  ratis.ContainerStateMachine (ContainerStateMachine.java:loadSnapshot(230)) - group-48DC7DAE93D8: The snapshot info is null. Setting the last applied indexto:(t:0, i:~)
2019-09-26 13:31:46,605 [pool-187-thread-1] INFO  server.RaftServerConfigKeys (ConfUtils.java:logGet(43)) - raft.server.notification.no-leader.timeout = 120s (custom)
2019-09-26 13:31:46,605 [pool-187-thread-1] INFO  server.RaftServerConfigKeys (ConfUtils.java:logGet(43)) - raft.server.log.use.memory = false (default)
2019-09-26 13:31:46,605 [pool-187-thread-1] INFO  server.RaftServerConfigKeys (ConfUtils.java:logGet(43)) - raft.server.log.purge.gap = 1000000 (custom)
2019-09-26 13:31:46,605 [pool-187-thread-1] INFO  server.RaftServerConfigKeys (ConfUtils.java:logGet(43)) - raft.server.log.appender.buffer.byte-limit = 33554432 (custom)
2019-09-26 13:31:46,605 [pool-187-thread-1] INFO  server.RaftServerConfigKeys (ConfUtils.java:logGet(43)) - raft.server.log.segment.size.max = 1048576 (custom)
2019-09-26 13:31:46,605 [pool-187-thread-1] INFO  server.RaftServerConfigKeys (ConfUtils.java:logGet(43)) - raft.server.log.segment.cache.num.max = 2 (custom)
2019-09-26 13:31:46,605 [pool-187-thread-1] INFO  segmented.SegmentedRaftLogWorker (SegmentedRaftLogWorker.java:<init>(172)) - new c422126f-6486-4976-ac4b-383283fcc5dc@group-48DC7DAE93D8-SegmentedRaftLogWorker for RaftStorage:Storage Directory /workdir/hadoop-ozone/ozonefs/target/test-dir/MiniOzoneClusterImpl-a8a0317b-72d7-48ce-9e7f-dfff25f47ca1/datanode-1/data/ratis/46b7abb4-2f97-409b-8859-48dc7dae93d8
2019-09-26 13:31:46,606 [pool-187-thread-1] INFO  server.RaftServerConfigKeys (ConfUtils.java:logGet(43)) - raft.server.log.queue.byte-limit = 2147483647 (custom)
2019-09-26 13:31:46,606 [pool-187-thread-1] INFO  server.RaftServerConfigKeys (ConfUtils.java:logGet(43)) - raft.server.log.queue.element-limit = 1024 (custom)
2019-09-26 13:31:46,606 [pool-187-thread-1] INFO  server.RaftServerConfigKeys (ConfUtils.java:logGet(43)) - raft.server.log.segment.size.max = 1048576 (custom)
2019-09-26 13:31:46,606 [pool-187-thread-1] INFO  server.RaftServerConfigKeys (ConfUtils.java:logGet(43)) - raft.server.log.preallocated.size = 16384 (custom)
2019-09-26 13:31:46,606 [pool-187-thread-1] INFO  server.RaftServerConfigKeys (ConfUtils.java:logGet(43)) - raft.server.log.write.buffer.size = 33554432 (custom)
2019-09-26 13:31:46,606 [pool-187-thread-1] INFO  server.RaftServerConfigKeys (ConfUtils.java:logGet(43)) - raft.server.log.force.sync.num = 128 (default)
2019-09-26 13:31:46,606 [pool-187-thread-1] INFO  server.RaftServerConfigKeys (ConfUtils.java:logGet(43)) - raft.server.log.statemachine.data.sync = true (default)
2019-09-26 13:31:46,606 [pool-187-thread-1] INFO  server.RaftServerConfigKeys (ConfUtils.java:logGet(43)) - raft.server.log.statemachine.data.sync.timeout = 10s (default)
2019-09-26 13:31:46,606 [pool-187-thread-1] INFO  server.RaftServerConfigKeys (ConfUtils.java:logGet(43)) - raft.server.log.statemachine.data.sync.timeout.retry = -1 (default)
2019-09-26 13:31:46,606 [pool-187-thread-1] INFO  server.RaftServerConfigKeys (ConfUtils.java:logGet(43)) - raft.server.log.statemachine.data.caching.enabled = true (custom)
2019-09-26 13:31:46,607 [pool-187-thread-1] INFO  segmented.SegmentedRaftLogWorker (SegmentedRaftLogWorker.java:lambda$new$0(132)) - c422126f-6486-4976-ac4b-383283fcc5dc@group-48DC7DAE93D8-SegmentedRaftLogWorker: flushIndex: setUnconditionally 0 -> -1
2019-09-26 13:31:46,607 [pool-187-thread-1] INFO  server.RaftServerConfigKeys (ConfUtils.java:logGet(43)) - raft.server.snapshot.auto.trigger.enabled = true (custom)
2019-09-26 13:31:46,607 [pool-187-thread-1] INFO  server.RaftServerConfigKeys (ConfUtils.java:logGet(43)) - raft.server.snapshot.auto.trigger.threshold = 10000 (custom)
2019-09-26 13:31:46,607 [pool-187-thread-1] INFO  server.RaftServerConfigKeys (ConfUtils.java:logGet(43)) - raft.server.snapshot.retention.num.files = 5 (custom)
2019-09-26 13:31:46,607 [pool-187-thread-1] INFO  server.RaftServerConfigKeys (ConfUtils.java:logGet(43)) - raft.server.retrycache.expirytime = 600000ms (custom)
2019-09-26 13:31:46,608 [pool-187-thread-1] INFO  impl.RaftServerImpl (RaftServerImpl.java:start(185)) - c422126f-6486-4976-ac4b-383283fcc5dc@group-48DC7DAE93D8: start as a follower, conf=-1: [c422126f-6486-4976-ac4b-383283fcc5dc:192.168.164.238:37658], old=null
2019-09-26 13:31:46,609 [pool-187-thread-1] INFO  impl.RaftServerImpl (RaftServerImpl.java:setRole(174)) - c422126f-6486-4976-ac4b-383283fcc5dc@group-48DC7DAE93D8: changes role from      null to FOLLOWER at term 0 for startAsFollower
2019-09-26 13:31:46,609 [pool-187-thread-1] INFO  impl.RoleInfo (RoleInfo.java:updateAndGet(143)) - c422126f-6486-4976-ac4b-383283fcc5dc: start FollowerState
2019-09-26 13:31:46,609 [pool-187-thread-1] INFO  util.JmxRegister (JmxRegister.java:tryRegister(44)) - Successfully registered JMX Bean with object name Ratis:service=RaftServer,group=group-48DC7DAE93D8,id=c422126f-6486-4976-ac4b-383283fcc5dc
2019-09-26 13:31:46,611 [RatisPipelineUtilsThread] INFO  pipeline.PipelineStateManager (PipelineStateManager.java:addPipeline(56)) - Created pipeline Pipeline[ Id: 46b7abb4-2f97-409b-8859-48dc7dae93d8, Nodes: c422126f-6486-4976-ac4b-383283fcc5dc{ip: 192.168.164.238, host: pr-hdds-1569-87zkn-1081879488, networkLocation: /default-rack, certSerialId: null}, Type:RATIS, Factor:ONE, State:OPEN]
2019-09-26 13:31:46,616 [grpc-default-executor-0] INFO  impl.RaftServerProxy (RaftServerProxy.java:addNew(89)) - 47bbf92c-dbb6-43bb-9d18-a90dedc65edb: addNew group-A4F18C8E43D6:[47bbf92c-dbb6-43bb-9d18-a90dedc65edb:192.168.164.238:45788] returns group-A4F18C8E43D6:java.util.concurrent.CompletableFuture@3645de5e[Not completed]
2019-09-26 13:31:46,618 [pool-197-thread-1] INFO  impl.RaftServerImpl (RaftServerImpl.java:<init>(95)) - 47bbf92c-dbb6-43bb-9d18-a90dedc65edb: new RaftServerImpl for group-A4F18C8E43D6:[47bbf92c-dbb6-43bb-9d18-a90dedc65edb:192.168.164.238:45788] with ContainerStateMachine:uninitialized
2019-09-26 13:31:46,618 [pool-197-thread-1] INFO  server.RaftServerConfigKeys (ConfUtils.java:logGet(43)) - raft.server.rpc.timeout.min = 5s (custom)
2019-09-26 13:31:46,618 [pool-197-thread-1] INFO  server.RaftServerConfigKeys (ConfUtils.java:logGet(43)) - raft.server.rpc.timeout.max = 5200ms (custom)
2019-09-26 13:31:46,618 [pool-197-thread-1] INFO  server.RaftServerConfigKeys (ConfUtils.java:logGet(43)) - raft.server.rpcslowness.timeout = 120s (custom)
2019-09-26 13:31:46,618 [pool-197-thread-1] INFO  server.RaftServerConfigKeys (ConfUtils.java:logGet(43)) - raft.server.sleep.deviation.threshold = 300 (default)
2019-09-26 13:31:46,618 [pool-197-thread-1] INFO  server.RaftServerConfigKeys (ConfUtils.java:logGet(43)) - raft.server.log.appender.install.snapshot.enabled = false (custom)
2019-09-26 13:31:46,619 [pool-197-thread-1] INFO  impl.RaftServerImpl (ServerState.java:<init>(103)) - 47bbf92c-dbb6-43bb-9d18-a90dedc65edb@group-A4F18C8E43D6: ConfigurationManager, init=-1: [47bbf92c-dbb6-43bb-9d18-a90dedc65edb:192.168.164.238:45788], old=null, confs=<EMPTY_MAP>
2019-09-26 13:31:46,619 [pool-197-thread-1] INFO  server.RaftServerConfigKeys (ConfUtils.java:logGet(43)) - raft.server.storage.dir = [/workdir/hadoop-ozone/ozonefs/target/test-dir/MiniOzoneClusterImpl-a8a0317b-72d7-48ce-9e7f-dfff25f47ca1/datanode-2/data/ratis] (custom)
2019-09-26 13:31:46,619 [pool-197-thread-1] INFO  storage.RaftStorageDirectory (RaftStorageDirectory.java:analyzeStorage(246)) - The storage directory /workdir/hadoop-ozone/ozonefs/target/test-dir/MiniOzoneClusterImpl-a8a0317b-72d7-48ce-9e7f-dfff25f47ca1/datanode-2/data/ratis/c0c69db2-c056-4f10-9d78-a4f18c8e43d6 does not exist. Creating ...
2019-09-26 13:31:46,632 [pool-197-thread-1] INFO  storage.RaftStorageDirectory (RaftStorageDirectory.java:tryLock(328)) - Lock on /workdir/hadoop-ozone/ozonefs/target/test-dir/MiniOzoneClusterImpl-a8a0317b-72d7-48ce-9e7f-dfff25f47ca1/datanode-2/data/ratis/c0c69db2-c056-4f10-9d78-a4f18c8e43d6/in_use.lock acquired by nodename 10147@pr-hdds-1569-87zkn-1081879488
2019-09-26 13:31:46,645 [pool-197-thread-1] INFO  storage.RaftStorage (RaftStorage.java:format(72)) - Storage directory /workdir/hadoop-ozone/ozonefs/target/test-dir/MiniOzoneClusterImpl-a8a0317b-72d7-48ce-9e7f-dfff25f47ca1/datanode-2/data/ratis/c0c69db2-c056-4f10-9d78-a4f18c8e43d6 has been successfully formatted.
2019-09-26 13:31:46,646 [pool-197-thread-1] INFO  ratis.ContainerStateMachine (ContainerStateMachine.java:loadSnapshot(230)) - group-A4F18C8E43D6: The snapshot info is null. Setting the last applied indexto:(t:0, i:~)
2019-09-26 13:31:46,646 [pool-197-thread-1] INFO  server.RaftServerConfigKeys (ConfUtils.java:logGet(43)) - raft.server.notification.no-leader.timeout = 120s (custom)
2019-09-26 13:31:46,646 [pool-197-thread-1] INFO  server.RaftServerConfigKeys (ConfUtils.java:logGet(43)) - raft.server.log.use.memory = false (default)
2019-09-26 13:31:46,646 [pool-197-thread-1] INFO  server.RaftServerConfigKeys (ConfUtils.java:logGet(43)) - raft.server.log.purge.gap = 1000000 (custom)
2019-09-26 13:31:46,646 [pool-197-thread-1] INFO  server.RaftServerConfigKeys (ConfUtils.java:logGet(43)) - raft.server.log.appender.buffer.byte-limit = 33554432 (custom)
2019-09-26 13:31:46,647 [pool-197-thread-1] INFO  server.RaftServerConfigKeys (ConfUtils.java:logGet(43)) - raft.server.log.segment.size.max = 1048576 (custom)
2019-09-26 13:31:46,647 [pool-197-thread-1] INFO  server.RaftServerConfigKeys (ConfUtils.java:logGet(43)) - raft.server.log.segment.cache.num.max = 2 (custom)
2019-09-26 13:31:46,647 [pool-197-thread-1] INFO  segmented.SegmentedRaftLogWorker (SegmentedRaftLogWorker.java:<init>(172)) - new 47bbf92c-dbb6-43bb-9d18-a90dedc65edb@group-A4F18C8E43D6-SegmentedRaftLogWorker for RaftStorage:Storage Directory /workdir/hadoop-ozone/ozonefs/target/test-dir/MiniOzoneClusterImpl-a8a0317b-72d7-48ce-9e7f-dfff25f47ca1/datanode-2/data/ratis/c0c69db2-c056-4f10-9d78-a4f18c8e43d6
2019-09-26 13:31:46,647 [pool-197-thread-1] INFO  server.RaftServerConfigKeys (ConfUtils.java:logGet(43)) - raft.server.log.queue.byte-limit = 2147483647 (custom)
2019-09-26 13:31:46,647 [pool-197-thread-1] INFO  server.RaftServerConfigKeys (ConfUtils.java:logGet(43)) - raft.server.log.queue.element-limit = 1024 (custom)
2019-09-26 13:31:46,647 [pool-197-thread-1] INFO  server.RaftServerConfigKeys (ConfUtils.java:logGet(43)) - raft.server.log.segment.size.max = 1048576 (custom)
2019-09-26 13:31:46,648 [pool-197-thread-1] INFO  server.RaftServerConfigKeys (ConfUtils.java:logGet(43)) - raft.server.log.preallocated.size = 16384 (custom)
2019-09-26 13:31:46,648 [pool-197-thread-1] INFO  server.RaftServerConfigKeys (ConfUtils.java:logGet(43)) - raft.server.log.write.buffer.size = 33554432 (custom)
2019-09-26 13:31:46,648 [pool-197-thread-1] INFO  server.RaftServerConfigKeys (ConfUtils.java:logGet(43)) - raft.server.log.force.sync.num = 128 (default)
2019-09-26 13:31:46,648 [pool-197-thread-1] INFO  server.RaftServerConfigKeys (ConfUtils.java:logGet(43)) - raft.server.log.statemachine.data.sync = true (default)
2019-09-26 13:31:46,648 [pool-197-thread-1] INFO  server.RaftServerConfigKeys (ConfUtils.java:logGet(43)) - raft.server.log.statemachine.data.sync.timeout = 10s (default)
2019-09-26 13:31:46,648 [pool-197-thread-1] INFO  server.RaftServerConfigKeys (ConfUtils.java:logGet(43)) - raft.server.log.statemachine.data.sync.timeout.retry = -1 (default)
2019-09-26 13:31:46,649 [pool-197-thread-1] INFO  server.RaftServerConfigKeys (ConfUtils.java:logGet(43)) - raft.server.log.statemachine.data.caching.enabled = true (custom)
2019-09-26 13:31:46,649 [pool-197-thread-1] INFO  segmented.SegmentedRaftLogWorker (SegmentedRaftLogWorker.java:lambda$new$0(132)) - 47bbf92c-dbb6-43bb-9d18-a90dedc65edb@group-A4F18C8E43D6-SegmentedRaftLogWorker: flushIndex: setUnconditionally 0 -> -1
2019-09-26 13:31:46,649 [pool-197-thread-1] INFO  server.RaftServerConfigKeys (ConfUtils.java:logGet(43)) - raft.server.snapshot.auto.trigger.enabled = true (custom)
2019-09-26 13:31:46,649 [pool-197-thread-1] INFO  server.RaftServerConfigKeys (ConfUtils.java:logGet(43)) - raft.server.snapshot.auto.trigger.threshold = 10000 (custom)
2019-09-26 13:31:46,650 [pool-197-thread-1] INFO  server.RaftServerConfigKeys (ConfUtils.java:logGet(43)) - raft.server.snapshot.retention.num.files = 5 (custom)
2019-09-26 13:31:46,650 [pool-197-thread-1] INFO  server.RaftServerConfigKeys (ConfUtils.java:logGet(43)) - raft.server.retrycache.expirytime = 600000ms (custom)
2019-09-26 13:31:46,652 [pool-197-thread-1] INFO  impl.RaftServerImpl (RaftServerImpl.java:start(185)) - 47bbf92c-dbb6-43bb-9d18-a90dedc65edb@group-A4F18C8E43D6: start as a follower, conf=-1: [47bbf92c-dbb6-43bb-9d18-a90dedc65edb:192.168.164.238:45788], old=null
2019-09-26 13:31:46,652 [pool-197-thread-1] INFO  impl.RaftServerImpl (RaftServerImpl.java:setRole(174)) - 47bbf92c-dbb6-43bb-9d18-a90dedc65edb@group-A4F18C8E43D6: changes role from      null to FOLLOWER at term 0 for startAsFollower
2019-09-26 13:31:46,652 [pool-197-thread-1] INFO  impl.RoleInfo (RoleInfo.java:updateAndGet(143)) - 47bbf92c-dbb6-43bb-9d18-a90dedc65edb: start FollowerState
2019-09-26 13:31:46,653 [pool-197-thread-1] INFO  util.JmxRegister (JmxRegister.java:tryRegister(44)) - Successfully registered JMX Bean with object name Ratis:service=RaftServer,group=group-A4F18C8E43D6,id=47bbf92c-dbb6-43bb-9d18-a90dedc65edb
2019-09-26 13:31:46,656 [RatisPipelineUtilsThread] INFO  pipeline.PipelineStateManager (PipelineStateManager.java:addPipeline(56)) - Created pipeline Pipeline[ Id: c0c69db2-c056-4f10-9d78-a4f18c8e43d6, Nodes: 47bbf92c-dbb6-43bb-9d18-a90dedc65edb{ip: 192.168.164.238, host: pr-hdds-1569-87zkn-1081879488, networkLocation: /default-rack, certSerialId: null}, Type:RATIS, Factor:ONE, State:OPEN]
2019-09-26 13:31:46,662 [grpc-default-executor-0] INFO  impl.RaftServerProxy (RaftServerProxy.java:addNew(89)) - ac27144f-f6d7-46ce-b0ea-6a1298397a0b: addNew group-DCE99FDC8866:[ac27144f-f6d7-46ce-b0ea-6a1298397a0b:192.168.164.238:41017] returns group-DCE99FDC8866:java.util.concurrent.CompletableFuture@382964ee[Not completed]
2019-09-26 13:31:46,663 [pool-177-thread-1] INFO  impl.RaftServerImpl (RaftServerImpl.java:<init>(95)) - ac27144f-f6d7-46ce-b0ea-6a1298397a0b: new RaftServerImpl for group-DCE99FDC8866:[ac27144f-f6d7-46ce-b0ea-6a1298397a0b:192.168.164.238:41017] with ContainerStateMachine:uninitialized
2019-09-26 13:31:46,663 [pool-177-thread-1] INFO  server.RaftServerConfigKeys (ConfUtils.java:logGet(43)) - raft.server.rpc.timeout.min = 5s (custom)
2019-09-26 13:31:46,663 [pool-177-thread-1] INFO  server.RaftServerConfigKeys (ConfUtils.java:logGet(43)) - raft.server.rpc.timeout.max = 5200ms (custom)
2019-09-26 13:31:46,663 [pool-177-thread-1] INFO  server.RaftServerConfigKeys (ConfUtils.java:logGet(43)) - raft.server.rpcslowness.timeout = 120s (custom)
2019-09-26 13:31:46,663 [pool-177-thread-1] INFO  server.RaftServerConfigKeys (ConfUtils.java:logGet(43)) - raft.server.sleep.deviation.threshold = 300 (default)
2019-09-26 13:31:46,663 [pool-177-thread-1] INFO  server.RaftServerConfigKeys (ConfUtils.java:logGet(43)) - raft.server.log.appender.install.snapshot.enabled = false (custom)
2019-09-26 13:31:46,663 [pool-177-thread-1] INFO  impl.RaftServerImpl (ServerState.java:<init>(103)) - ac27144f-f6d7-46ce-b0ea-6a1298397a0b@group-DCE99FDC8866: ConfigurationManager, init=-1: [ac27144f-f6d7-46ce-b0ea-6a1298397a0b:192.168.164.238:41017], old=null, confs=<EMPTY_MAP>
2019-09-26 13:31:46,663 [pool-177-thread-1] INFO  server.RaftServerConfigKeys (ConfUtils.java:logGet(43)) - raft.server.storage.dir = [/workdir/hadoop-ozone/ozonefs/target/test-dir/MiniOzoneClusterImpl-a8a0317b-72d7-48ce-9e7f-dfff25f47ca1/datanode-0/data/ratis] (custom)
2019-09-26 13:31:46,664 [pool-177-thread-1] INFO  storage.RaftStorageDirectory (RaftStorageDirectory.java:analyzeStorage(246)) - The storage directory /workdir/hadoop-ozone/ozonefs/target/test-dir/MiniOzoneClusterImpl-a8a0317b-72d7-48ce-9e7f-dfff25f47ca1/datanode-0/data/ratis/180873ff-049b-404b-8653-dce99fdc8866 does not exist. Creating ...
2019-09-26 13:31:46,676 [pool-177-thread-1] INFO  storage.RaftStorageDirectory (RaftStorageDirectory.java:tryLock(328)) - Lock on /workdir/hadoop-ozone/ozonefs/target/test-dir/MiniOzoneClusterImpl-a8a0317b-72d7-48ce-9e7f-dfff25f47ca1/datanode-0/data/ratis/180873ff-049b-404b-8653-dce99fdc8866/in_use.lock acquired by nodename 10147@pr-hdds-1569-87zkn-1081879488
2019-09-26 13:31:46,689 [pool-177-thread-1] INFO  storage.RaftStorage (RaftStorage.java:format(72)) - Storage directory /workdir/hadoop-ozone/ozonefs/target/test-dir/MiniOzoneClusterImpl-a8a0317b-72d7-48ce-9e7f-dfff25f47ca1/datanode-0/data/ratis/180873ff-049b-404b-8653-dce99fdc8866 has been successfully formatted.
2019-09-26 13:31:46,689 [pool-177-thread-1] INFO  ratis.ContainerStateMachine (ContainerStateMachine.java:loadSnapshot(230)) - group-DCE99FDC8866: The snapshot info is null. Setting the last applied indexto:(t:0, i:~)
2019-09-26 13:31:46,689 [pool-177-thread-1] INFO  server.RaftServerConfigKeys (ConfUtils.java:logGet(43)) - raft.server.notification.no-leader.timeout = 120s (custom)
2019-09-26 13:31:46,690 [pool-177-thread-1] INFO  server.RaftServerConfigKeys (ConfUtils.java:logGet(43)) - raft.server.log.use.memory = false (default)
2019-09-26 13:31:46,690 [pool-177-thread-1] INFO  server.RaftServerConfigKeys (ConfUtils.java:logGet(43)) - raft.server.log.purge.gap = 1000000 (custom)
2019-09-26 13:31:46,690 [pool-177-thread-1] INFO  server.RaftServerConfigKeys (ConfUtils.java:logGet(43)) - raft.server.log.appender.buffer.byte-limit = 33554432 (custom)
2019-09-26 13:31:46,690 [pool-177-thread-1] INFO  server.RaftServerConfigKeys (ConfUtils.java:logGet(43)) - raft.server.log.segment.size.max = 1048576 (custom)
2019-09-26 13:31:46,690 [pool-177-thread-1] INFO  server.RaftServerConfigKeys (ConfUtils.java:logGet(43)) - raft.server.log.segment.cache.num.max = 2 (custom)
2019-09-26 13:31:46,690 [pool-177-thread-1] INFO  segmented.SegmentedRaftLogWorker (SegmentedRaftLogWorker.java:<init>(172)) - new ac27144f-f6d7-46ce-b0ea-6a1298397a0b@group-DCE99FDC8866-SegmentedRaftLogWorker for RaftStorage:Storage Directory /workdir/hadoop-ozone/ozonefs/target/test-dir/MiniOzoneClusterImpl-a8a0317b-72d7-48ce-9e7f-dfff25f47ca1/datanode-0/data/ratis/180873ff-049b-404b-8653-dce99fdc8866
2019-09-26 13:31:46,690 [pool-177-thread-1] INFO  server.RaftServerConfigKeys (ConfUtils.java:logGet(43)) - raft.server.log.queue.byte-limit = 2147483647 (custom)
2019-09-26 13:31:46,690 [pool-177-thread-1] INFO  server.RaftServerConfigKeys (ConfUtils.java:logGet(43)) - raft.server.log.queue.element-limit = 1024 (custom)
2019-09-26 13:31:46,690 [pool-177-thread-1] INFO  server.RaftServerConfigKeys (ConfUtils.java:logGet(43)) - raft.server.log.segment.size.max = 1048576 (custom)
2019-09-26 13:31:46,691 [pool-177-thread-1] INFO  server.RaftServerConfigKeys (ConfUtils.java:logGet(43)) - raft.server.log.preallocated.size = 16384 (custom)
2019-09-26 13:31:46,691 [pool-177-thread-1] INFO  server.RaftServerConfigKeys (ConfUtils.java:logGet(43)) - raft.server.log.write.buffer.size = 33554432 (custom)
2019-09-26 13:31:46,691 [pool-177-thread-1] INFO  server.RaftServerConfigKeys (ConfUtils.java:logGet(43)) - raft.server.log.force.sync.num = 128 (default)
2019-09-26 13:31:46,691 [pool-177-thread-1] INFO  server.RaftServerConfigKeys (ConfUtils.java:logGet(43)) - raft.server.log.statemachine.data.sync = true (default)
2019-09-26 13:31:46,691 [pool-177-thread-1] INFO  server.RaftServerConfigKeys (ConfUtils.java:logGet(43)) - raft.server.log.statemachine.data.sync.timeout = 10s (default)
2019-09-26 13:31:46,691 [pool-177-thread-1] INFO  server.RaftServerConfigKeys (ConfUtils.java:logGet(43)) - raft.server.log.statemachine.data.sync.timeout.retry = -1 (default)
2019-09-26 13:31:46,691 [pool-177-thread-1] INFO  server.RaftServerConfigKeys (ConfUtils.java:logGet(43)) - raft.server.log.statemachine.data.caching.enabled = true (custom)
2019-09-26 13:31:46,691 [pool-177-thread-1] INFO  segmented.SegmentedRaftLogWorker (SegmentedRaftLogWorker.java:lambda$new$0(132)) - ac27144f-f6d7-46ce-b0ea-6a1298397a0b@group-DCE99FDC8866-SegmentedRaftLogWorker: flushIndex: setUnconditionally 0 -> -1
2019-09-26 13:31:46,692 [pool-177-thread-1] INFO  server.RaftServerConfigKeys (ConfUtils.java:logGet(43)) - raft.server.snapshot.auto.trigger.enabled = true (custom)
2019-09-26 13:31:46,692 [pool-177-thread-1] INFO  server.RaftServerConfigKeys (ConfUtils.java:logGet(43)) - raft.server.snapshot.auto.trigger.threshold = 10000 (custom)
2019-09-26 13:31:46,692 [pool-177-thread-1] INFO  server.RaftServerConfigKeys (ConfUtils.java:logGet(43)) - raft.server.snapshot.retention.num.files = 5 (custom)
2019-09-26 13:31:46,692 [pool-177-thread-1] INFO  server.RaftServerConfigKeys (ConfUtils.java:logGet(43)) - raft.server.retrycache.expirytime = 600000ms (custom)
2019-09-26 13:31:46,694 [pool-177-thread-1] INFO  impl.RaftServerImpl (RaftServerImpl.java:start(185)) - ac27144f-f6d7-46ce-b0ea-6a1298397a0b@group-DCE99FDC8866: start as a follower, conf=-1: [ac27144f-f6d7-46ce-b0ea-6a1298397a0b:192.168.164.238:41017], old=null
2019-09-26 13:31:46,694 [pool-177-thread-1] INFO  impl.RaftServerImpl (RaftServerImpl.java:setRole(174)) - ac27144f-f6d7-46ce-b0ea-6a1298397a0b@group-DCE99FDC8866: changes role from      null to FOLLOWER at term 0 for startAsFollower
2019-09-26 13:31:46,694 [pool-177-thread-1] INFO  impl.RoleInfo (RoleInfo.java:updateAndGet(143)) - ac27144f-f6d7-46ce-b0ea-6a1298397a0b: start FollowerState
2019-09-26 13:31:46,694 [pool-177-thread-1] INFO  util.JmxRegister (JmxRegister.java:tryRegister(44)) - Successfully registered JMX Bean with object name Ratis:service=RaftServer,group=group-DCE99FDC8866,id=ac27144f-f6d7-46ce-b0ea-6a1298397a0b
2019-09-26 13:31:46,697 [RatisPipelineUtilsThread] INFO  pipeline.PipelineStateManager (PipelineStateManager.java:addPipeline(56)) - Created pipeline Pipeline[ Id: 180873ff-049b-404b-8653-dce99fdc8866, Nodes: ac27144f-f6d7-46ce-b0ea-6a1298397a0b{ip: 192.168.164.238, host: pr-hdds-1569-87zkn-1081879488, networkLocation: /default-rack, certSerialId: null}, Type:RATIS, Factor:ONE, State:OPEN]
2019-09-26 13:31:46,698 [RatisPipelineUtilsThread] INFO  pipeline.PipelinePlacementPolicy (PipelinePlacementPolicy.java:meetCriteria(91)) - Pipeline Placement: can't place more pipeline on heavy datanode： ac27144f-f6d7-46ce-b0ea-6a1298397a0b Heaviness: 6 limit: 5
2019-09-26 13:31:46,703 [grpc-default-executor-0] INFO  impl.RaftServerProxy (RaftServerProxy.java:addNew(89)) - c422126f-6486-4976-ac4b-383283fcc5dc: addNew group-57DB9DA5F047:[c422126f-6486-4976-ac4b-383283fcc5dc:192.168.164.238:37658] returns group-57DB9DA5F047:java.util.concurrent.CompletableFuture@33842b2a[Not completed]
2019-09-26 13:31:46,704 [pool-187-thread-1] INFO  impl.RaftServerImpl (RaftServerImpl.java:<init>(95)) - c422126f-6486-4976-ac4b-383283fcc5dc: new RaftServerImpl for group-57DB9DA5F047:[c422126f-6486-4976-ac4b-383283fcc5dc:192.168.164.238:37658] with ContainerStateMachine:uninitialized
2019-09-26 13:31:46,705 [pool-187-thread-1] INFO  server.RaftServerConfigKeys (ConfUtils.java:logGet(43)) - raft.server.rpc.timeout.min = 5s (custom)
2019-09-26 13:31:46,705 [pool-187-thread-1] INFO  server.RaftServerConfigKeys (ConfUtils.java:logGet(43)) - raft.server.rpc.timeout.max = 5200ms (custom)
2019-09-26 13:31:46,705 [pool-187-thread-1] INFO  server.RaftServerConfigKeys (ConfUtils.java:logGet(43)) - raft.server.rpcslowness.timeout = 120s (custom)
2019-09-26 13:31:46,705 [pool-187-thread-1] INFO  server.RaftServerConfigKeys (ConfUtils.java:logGet(43)) - raft.server.sleep.deviation.threshold = 300 (default)
2019-09-26 13:31:46,705 [pool-187-thread-1] INFO  server.RaftServerConfigKeys (ConfUtils.java:logGet(43)) - raft.server.log.appender.install.snapshot.enabled = false (custom)
2019-09-26 13:31:46,705 [pool-187-thread-1] INFO  impl.RaftServerImpl (ServerState.java:<init>(103)) - c422126f-6486-4976-ac4b-383283fcc5dc@group-57DB9DA5F047: ConfigurationManager, init=-1: [c422126f-6486-4976-ac4b-383283fcc5dc:192.168.164.238:37658], old=null, confs=<EMPTY_MAP>
2019-09-26 13:31:46,705 [pool-187-thread-1] INFO  server.RaftServerConfigKeys (ConfUtils.java:logGet(43)) - raft.server.storage.dir = [/workdir/hadoop-ozone/ozonefs/target/test-dir/MiniOzoneClusterImpl-a8a0317b-72d7-48ce-9e7f-dfff25f47ca1/datanode-1/data/ratis] (custom)
2019-09-26 13:31:46,706 [pool-187-thread-1] INFO  storage.RaftStorageDirectory (RaftStorageDirectory.java:analyzeStorage(246)) - The storage directory /workdir/hadoop-ozone/ozonefs/target/test-dir/MiniOzoneClusterImpl-a8a0317b-72d7-48ce-9e7f-dfff25f47ca1/datanode-1/data/ratis/1dac6fb1-3145-40b3-a66d-57db9da5f047 does not exist. Creating ...
2019-09-26 13:31:46,719 [pool-187-thread-1] INFO  storage.RaftStorageDirectory (RaftStorageDirectory.java:tryLock(328)) - Lock on /workdir/hadoop-ozone/ozonefs/target/test-dir/MiniOzoneClusterImpl-a8a0317b-72d7-48ce-9e7f-dfff25f47ca1/datanode-1/data/ratis/1dac6fb1-3145-40b3-a66d-57db9da5f047/in_use.lock acquired by nodename 10147@pr-hdds-1569-87zkn-1081879488
2019-09-26 13:31:46,732 [pool-187-thread-1] INFO  storage.RaftStorage (RaftStorage.java:format(72)) - Storage directory /workdir/hadoop-ozone/ozonefs/target/test-dir/MiniOzoneClusterImpl-a8a0317b-72d7-48ce-9e7f-dfff25f47ca1/datanode-1/data/ratis/1dac6fb1-3145-40b3-a66d-57db9da5f047 has been successfully formatted.
2019-09-26 13:31:46,732 [pool-187-thread-1] INFO  ratis.ContainerStateMachine (ContainerStateMachine.java:loadSnapshot(230)) - group-57DB9DA5F047: The snapshot info is null. Setting the last applied indexto:(t:0, i:~)
2019-09-26 13:31:46,732 [pool-187-thread-1] INFO  server.RaftServerConfigKeys (ConfUtils.java:logGet(43)) - raft.server.notification.no-leader.timeout = 120s (custom)
2019-09-26 13:31:46,732 [pool-187-thread-1] INFO  server.RaftServerConfigKeys (ConfUtils.java:logGet(43)) - raft.server.log.use.memory = false (default)
2019-09-26 13:31:46,732 [pool-187-thread-1] INFO  server.RaftServerConfigKeys (ConfUtils.java:logGet(43)) - raft.server.log.purge.gap = 1000000 (custom)
2019-09-26 13:31:46,732 [pool-187-thread-1] INFO  server.RaftServerConfigKeys (ConfUtils.java:logGet(43)) - raft.server.log.appender.buffer.byte-limit = 33554432 (custom)
2019-09-26 13:31:46,733 [pool-187-thread-1] INFO  server.RaftServerConfigKeys (ConfUtils.java:logGet(43)) - raft.server.log.segment.size.max = 1048576 (custom)
2019-09-26 13:31:46,733 [pool-187-thread-1] INFO  server.RaftServerConfigKeys (ConfUtils.java:logGet(43)) - raft.server.log.segment.cache.num.max = 2 (custom)
2019-09-26 13:31:46,733 [pool-187-thread-1] INFO  segmented.SegmentedRaftLogWorker (SegmentedRaftLogWorker.java:<init>(172)) - new c422126f-6486-4976-ac4b-383283fcc5dc@group-57DB9DA5F047-SegmentedRaftLogWorker for RaftStorage:Storage Directory /workdir/hadoop-ozone/ozonefs/target/test-dir/MiniOzoneClusterImpl-a8a0317b-72d7-48ce-9e7f-dfff25f47ca1/datanode-1/data/ratis/1dac6fb1-3145-40b3-a66d-57db9da5f047
2019-09-26 13:31:46,733 [pool-187-thread-1] INFO  server.RaftServerConfigKeys (ConfUtils.java:logGet(43)) - raft.server.log.queue.byte-limit = 2147483647 (custom)
2019-09-26 13:31:46,733 [pool-187-thread-1] INFO  server.RaftServerConfigKeys (ConfUtils.java:logGet(43)) - raft.server.log.queue.element-limit = 1024 (custom)
2019-09-26 13:31:46,733 [pool-187-thread-1] INFO  server.RaftServerConfigKeys (ConfUtils.java:logGet(43)) - raft.server.log.segment.size.max = 1048576 (custom)
2019-09-26 13:31:46,733 [pool-187-thread-1] INFO  server.RaftServerConfigKeys (ConfUtils.java:logGet(43)) - raft.server.log.preallocated.size = 16384 (custom)
2019-09-26 13:31:46,733 [pool-187-thread-1] INFO  server.RaftServerConfigKeys (ConfUtils.java:logGet(43)) - raft.server.log.write.buffer.size = 33554432 (custom)
2019-09-26 13:31:46,733 [pool-187-thread-1] INFO  server.RaftServerConfigKeys (ConfUtils.java:logGet(43)) - raft.server.log.force.sync.num = 128 (default)
2019-09-26 13:31:46,733 [pool-187-thread-1] INFO  server.RaftServerConfigKeys (ConfUtils.java:logGet(43)) - raft.server.log.statemachine.data.sync = true (default)
2019-09-26 13:31:46,733 [pool-187-thread-1] INFO  server.RaftServerConfigKeys (ConfUtils.java:logGet(43)) - raft.server.log.statemachine.data.sync.timeout = 10s (default)
2019-09-26 13:31:46,734 [pool-187-thread-1] INFO  server.RaftServerConfigKeys (ConfUtils.java:logGet(43)) - raft.server.log.statemachine.data.sync.timeout.retry = -1 (default)
2019-09-26 13:31:46,734 [pool-187-thread-1] INFO  server.RaftServerConfigKeys (ConfUtils.java:logGet(43)) - raft.server.log.statemachine.data.caching.enabled = true (custom)
2019-09-26 13:31:46,734 [pool-187-thread-1] INFO  segmented.SegmentedRaftLogWorker (SegmentedRaftLogWorker.java:lambda$new$0(132)) - c422126f-6486-4976-ac4b-383283fcc5dc@group-57DB9DA5F047-SegmentedRaftLogWorker: flushIndex: setUnconditionally 0 -> -1
2019-09-26 13:31:46,734 [pool-187-thread-1] INFO  server.RaftServerConfigKeys (ConfUtils.java:logGet(43)) - raft.server.snapshot.auto.trigger.enabled = true (custom)
2019-09-26 13:31:46,734 [pool-187-thread-1] INFO  server.RaftServerConfigKeys (ConfUtils.java:logGet(43)) - raft.server.snapshot.auto.trigger.threshold = 10000 (custom)
2019-09-26 13:31:46,734 [pool-187-thread-1] INFO  server.RaftServerConfigKeys (ConfUtils.java:logGet(43)) - raft.server.snapshot.retention.num.files = 5 (custom)
2019-09-26 13:31:46,735 [pool-187-thread-1] INFO  server.RaftServerConfigKeys (ConfUtils.java:logGet(43)) - raft.server.retrycache.expirytime = 600000ms (custom)
2019-09-26 13:31:46,736 [pool-187-thread-1] INFO  impl.RaftServerImpl (RaftServerImpl.java:start(185)) - c422126f-6486-4976-ac4b-383283fcc5dc@group-57DB9DA5F047: start as a follower, conf=-1: [c422126f-6486-4976-ac4b-383283fcc5dc:192.168.164.238:37658], old=null
2019-09-26 13:31:46,736 [pool-187-thread-1] INFO  impl.RaftServerImpl (RaftServerImpl.java:setRole(174)) - c422126f-6486-4976-ac4b-383283fcc5dc@group-57DB9DA5F047: changes role from      null to FOLLOWER at term 0 for startAsFollower
2019-09-26 13:31:46,736 [pool-187-thread-1] INFO  impl.RoleInfo (RoleInfo.java:updateAndGet(143)) - c422126f-6486-4976-ac4b-383283fcc5dc: start FollowerState
2019-09-26 13:31:46,736 [pool-187-thread-1] INFO  util.JmxRegister (JmxRegister.java:tryRegister(44)) - Successfully registered JMX Bean with object name Ratis:service=RaftServer,group=group-57DB9DA5F047,id=c422126f-6486-4976-ac4b-383283fcc5dc
2019-09-26 13:31:46,739 [RatisPipelineUtilsThread] INFO  pipeline.PipelineStateManager (PipelineStateManager.java:addPipeline(56)) - Created pipeline Pipeline[ Id: 1dac6fb1-3145-40b3-a66d-57db9da5f047, Nodes: c422126f-6486-4976-ac4b-383283fcc5dc{ip: 192.168.164.238, host: pr-hdds-1569-87zkn-1081879488, networkLocation: /default-rack, certSerialId: null}, Type:RATIS, Factor:ONE, State:OPEN]
2019-09-26 13:31:46,739 [RatisPipelineUtilsThread] INFO  pipeline.PipelinePlacementPolicy (PipelinePlacementPolicy.java:meetCriteria(91)) - Pipeline Placement: can't place more pipeline on heavy datanode： c422126f-6486-4976-ac4b-383283fcc5dc Heaviness: 6 limit: 5
2019-09-26 13:31:46,739 [RatisPipelineUtilsThread] INFO  pipeline.PipelinePlacementPolicy (PipelinePlacementPolicy.java:meetCriteria(91)) - Pipeline Placement: can't place more pipeline on heavy datanode： ac27144f-f6d7-46ce-b0ea-6a1298397a0b Heaviness: 6 limit: 5
2019-09-26 13:31:46,744 [grpc-default-executor-0] INFO  impl.RaftServerProxy (RaftServerProxy.java:addNew(89)) - 47bbf92c-dbb6-43bb-9d18-a90dedc65edb: addNew group-76CAD15E417D:[47bbf92c-dbb6-43bb-9d18-a90dedc65edb:192.168.164.238:45788] returns group-76CAD15E417D:java.util.concurrent.CompletableFuture@2ed97e37[Not completed]
2019-09-26 13:31:46,745 [pool-197-thread-1] INFO  impl.RaftServerImpl (RaftServerImpl.java:<init>(95)) - 47bbf92c-dbb6-43bb-9d18-a90dedc65edb: new RaftServerImpl for group-76CAD15E417D:[47bbf92c-dbb6-43bb-9d18-a90dedc65edb:192.168.164.238:45788] with ContainerStateMachine:uninitialized
2019-09-26 13:31:46,745 [pool-197-thread-1] INFO  server.RaftServerConfigKeys (ConfUtils.java:logGet(43)) - raft.server.rpc.timeout.min = 5s (custom)
2019-09-26 13:31:46,745 [pool-197-thread-1] INFO  server.RaftServerConfigKeys (ConfUtils.java:logGet(43)) - raft.server.rpc.timeout.max = 5200ms (custom)
2019-09-26 13:31:46,746 [pool-197-thread-1] INFO  server.RaftServerConfigKeys (ConfUtils.java:logGet(43)) - raft.server.rpcslowness.timeout = 120s (custom)
2019-09-26 13:31:46,746 [pool-197-thread-1] INFO  server.RaftServerConfigKeys (ConfUtils.java:logGet(43)) - raft.server.sleep.deviation.threshold = 300 (default)
2019-09-26 13:31:46,747 [pool-197-thread-1] INFO  server.RaftServerConfigKeys (ConfUtils.java:logGet(43)) - raft.server.log.appender.install.snapshot.enabled = false (custom)
2019-09-26 13:31:46,747 [pool-197-thread-1] INFO  impl.RaftServerImpl (ServerState.java:<init>(103)) - 47bbf92c-dbb6-43bb-9d18-a90dedc65edb@group-76CAD15E417D: ConfigurationManager, init=-1: [47bbf92c-dbb6-43bb-9d18-a90dedc65edb:192.168.164.238:45788], old=null, confs=<EMPTY_MAP>
2019-09-26 13:31:46,750 [pool-197-thread-1] INFO  server.RaftServerConfigKeys (ConfUtils.java:logGet(43)) - raft.server.storage.dir = [/workdir/hadoop-ozone/ozonefs/target/test-dir/MiniOzoneClusterImpl-a8a0317b-72d7-48ce-9e7f-dfff25f47ca1/datanode-2/data/ratis] (custom)
2019-09-26 13:31:46,751 [pool-197-thread-1] INFO  storage.RaftStorageDirectory (RaftStorageDirectory.java:analyzeStorage(246)) - The storage directory /workdir/hadoop-ozone/ozonefs/target/test-dir/MiniOzoneClusterImpl-a8a0317b-72d7-48ce-9e7f-dfff25f47ca1/datanode-2/data/ratis/64970448-72c3-440c-8aef-76cad15e417d does not exist. Creating ...
2019-09-26 13:31:46,764 [pool-197-thread-1] INFO  storage.RaftStorageDirectory (RaftStorageDirectory.java:tryLock(328)) - Lock on /workdir/hadoop-ozone/ozonefs/target/test-dir/MiniOzoneClusterImpl-a8a0317b-72d7-48ce-9e7f-dfff25f47ca1/datanode-2/data/ratis/64970448-72c3-440c-8aef-76cad15e417d/in_use.lock acquired by nodename 10147@pr-hdds-1569-87zkn-1081879488
2019-09-26 13:31:46,778 [pool-197-thread-1] INFO  storage.RaftStorage (RaftStorage.java:format(72)) - Storage directory /workdir/hadoop-ozone/ozonefs/target/test-dir/MiniOzoneClusterImpl-a8a0317b-72d7-48ce-9e7f-dfff25f47ca1/datanode-2/data/ratis/64970448-72c3-440c-8aef-76cad15e417d has been successfully formatted.
2019-09-26 13:31:46,779 [pool-197-thread-1] INFO  ratis.ContainerStateMachine (ContainerStateMachine.java:loadSnapshot(230)) - group-76CAD15E417D: The snapshot info is null. Setting the last applied indexto:(t:0, i:~)
2019-09-26 13:31:46,779 [pool-197-thread-1] INFO  server.RaftServerConfigKeys (ConfUtils.java:logGet(43)) - raft.server.notification.no-leader.timeout = 120s (custom)
2019-09-26 13:31:46,779 [pool-197-thread-1] INFO  server.RaftServerConfigKeys (ConfUtils.java:logGet(43)) - raft.server.log.use.memory = false (default)
2019-09-26 13:31:46,780 [pool-197-thread-1] INFO  server.RaftServerConfigKeys (ConfUtils.java:logGet(43)) - raft.server.log.purge.gap = 1000000 (custom)
2019-09-26 13:31:46,780 [pool-197-thread-1] INFO  server.RaftServerConfigKeys (ConfUtils.java:logGet(43)) - raft.server.log.appender.buffer.byte-limit = 33554432 (custom)
2019-09-26 13:31:46,780 [pool-197-thread-1] INFO  server.RaftServerConfigKeys (ConfUtils.java:logGet(43)) - raft.server.log.segment.size.max = 1048576 (custom)
2019-09-26 13:31:46,780 [pool-197-thread-1] INFO  server.RaftServerConfigKeys (ConfUtils.java:logGet(43)) - raft.server.log.segment.cache.num.max = 2 (custom)
2019-09-26 13:31:46,780 [pool-197-thread-1] INFO  segmented.SegmentedRaftLogWorker (SegmentedRaftLogWorker.java:<init>(172)) - new 47bbf92c-dbb6-43bb-9d18-a90dedc65edb@group-76CAD15E417D-SegmentedRaftLogWorker for RaftStorage:Storage Directory /workdir/hadoop-ozone/ozonefs/target/test-dir/MiniOzoneClusterImpl-a8a0317b-72d7-48ce-9e7f-dfff25f47ca1/datanode-2/data/ratis/64970448-72c3-440c-8aef-76cad15e417d
2019-09-26 13:31:46,781 [pool-197-thread-1] INFO  server.RaftServerConfigKeys (ConfUtils.java:logGet(43)) - raft.server.log.queue.byte-limit = 2147483647 (custom)
2019-09-26 13:31:46,781 [pool-197-thread-1] INFO  server.RaftServerConfigKeys (ConfUtils.java:logGet(43)) - raft.server.log.queue.element-limit = 1024 (custom)
2019-09-26 13:31:46,781 [pool-197-thread-1] INFO  server.RaftServerConfigKeys (ConfUtils.java:logGet(43)) - raft.server.log.segment.size.max = 1048576 (custom)
2019-09-26 13:31:46,781 [pool-197-thread-1] INFO  server.RaftServerConfigKeys (ConfUtils.java:logGet(43)) - raft.server.log.preallocated.size = 16384 (custom)
2019-09-26 13:31:46,781 [pool-197-thread-1] INFO  server.RaftServerConfigKeys (ConfUtils.java:logGet(43)) - raft.server.log.write.buffer.size = 33554432 (custom)
2019-09-26 13:31:46,782 [pool-197-thread-1] INFO  server.RaftServerConfigKeys (ConfUtils.java:logGet(43)) - raft.server.log.force.sync.num = 128 (default)
2019-09-26 13:31:46,782 [pool-197-thread-1] INFO  server.RaftServerConfigKeys (ConfUtils.java:logGet(43)) - raft.server.log.statemachine.data.sync = true (default)
2019-09-26 13:31:46,782 [pool-197-thread-1] INFO  server.RaftServerConfigKeys (ConfUtils.java:logGet(43)) - raft.server.log.statemachine.data.sync.timeout = 10s (default)
2019-09-26 13:31:46,782 [pool-197-thread-1] INFO  server.RaftServerConfigKeys (ConfUtils.java:logGet(43)) - raft.server.log.statemachine.data.sync.timeout.retry = -1 (default)
2019-09-26 13:31:46,782 [pool-197-thread-1] INFO  server.RaftServerConfigKeys (ConfUtils.java:logGet(43)) - raft.server.log.statemachine.data.caching.enabled = true (custom)
2019-09-26 13:31:46,783 [pool-197-thread-1] INFO  segmented.SegmentedRaftLogWorker (SegmentedRaftLogWorker.java:lambda$new$0(132)) - 47bbf92c-dbb6-43bb-9d18-a90dedc65edb@group-76CAD15E417D-SegmentedRaftLogWorker: flushIndex: setUnconditionally 0 -> -1
2019-09-26 13:31:46,784 [pool-197-thread-1] INFO  server.RaftServerConfigKeys (ConfUtils.java:logGet(43)) - raft.server.snapshot.auto.trigger.enabled = true (custom)
2019-09-26 13:31:46,784 [pool-197-thread-1] INFO  server.RaftServerConfigKeys (ConfUtils.java:logGet(43)) - raft.server.snapshot.auto.trigger.threshold = 10000 (custom)
2019-09-26 13:31:46,784 [pool-197-thread-1] INFO  server.RaftServerConfigKeys (ConfUtils.java:logGet(43)) - raft.server.snapshot.retention.num.files = 5 (custom)
2019-09-26 13:31:46,784 [pool-197-thread-1] INFO  server.RaftServerConfigKeys (ConfUtils.java:logGet(43)) - raft.server.retrycache.expirytime = 600000ms (custom)
2019-09-26 13:31:46,787 [pool-197-thread-1] INFO  impl.RaftServerImpl (RaftServerImpl.java:start(185)) - 47bbf92c-dbb6-43bb-9d18-a90dedc65edb@group-76CAD15E417D: start as a follower, conf=-1: [47bbf92c-dbb6-43bb-9d18-a90dedc65edb:192.168.164.238:45788], old=null
2019-09-26 13:31:46,788 [pool-197-thread-1] INFO  impl.RaftServerImpl (RaftServerImpl.java:setRole(174)) - 47bbf92c-dbb6-43bb-9d18-a90dedc65edb@group-76CAD15E417D: changes role from      null to FOLLOWER at term 0 for startAsFollower
2019-09-26 13:31:46,788 [pool-197-thread-1] INFO  impl.RoleInfo (RoleInfo.java:updateAndGet(143)) - 47bbf92c-dbb6-43bb-9d18-a90dedc65edb: start FollowerState
2019-09-26 13:31:46,788 [pool-197-thread-1] INFO  util.JmxRegister (JmxRegister.java:tryRegister(44)) - Successfully registered JMX Bean with object name Ratis:service=RaftServer,group=group-76CAD15E417D,id=47bbf92c-dbb6-43bb-9d18-a90dedc65edb
2019-09-26 13:31:46,793 [RatisPipelineUtilsThread] INFO  pipeline.PipelineStateManager (PipelineStateManager.java:addPipeline(56)) - Created pipeline Pipeline[ Id: 64970448-72c3-440c-8aef-76cad15e417d, Nodes: 47bbf92c-dbb6-43bb-9d18-a90dedc65edb{ip: 192.168.164.238, host: pr-hdds-1569-87zkn-1081879488, networkLocation: /default-rack, certSerialId: null}, Type:RATIS, Factor:ONE, State:OPEN]
2019-09-26 13:31:46,793 [RatisPipelineUtilsThread] INFO  pipeline.PipelinePlacementPolicy (PipelinePlacementPolicy.java:meetCriteria(91)) - Pipeline Placement: can't place more pipeline on heavy datanode： c422126f-6486-4976-ac4b-383283fcc5dc Heaviness: 6 limit: 5
2019-09-26 13:31:46,794 [RatisPipelineUtilsThread] INFO  pipeline.PipelinePlacementPolicy (PipelinePlacementPolicy.java:meetCriteria(91)) - Pipeline Placement: can't place more pipeline on heavy datanode： ac27144f-f6d7-46ce-b0ea-6a1298397a0b Heaviness: 6 limit: 5
2019-09-26 13:31:46,800 [grpc-default-executor-0] INFO  impl.RaftServerProxy (RaftServerProxy.java:addNew(89)) - 47bbf92c-dbb6-43bb-9d18-a90dedc65edb: addNew group-BC1D6E51AEAD:[47bbf92c-dbb6-43bb-9d18-a90dedc65edb:192.168.164.238:45788] returns group-BC1D6E51AEAD:java.util.concurrent.CompletableFuture@4af20bca[Not completed]
2019-09-26 13:31:46,802 [pool-197-thread-1] INFO  impl.RaftServerImpl (RaftServerImpl.java:<init>(95)) - 47bbf92c-dbb6-43bb-9d18-a90dedc65edb: new RaftServerImpl for group-BC1D6E51AEAD:[47bbf92c-dbb6-43bb-9d18-a90dedc65edb:192.168.164.238:45788] with ContainerStateMachine:uninitialized
2019-09-26 13:31:46,802 [pool-197-thread-1] INFO  server.RaftServerConfigKeys (ConfUtils.java:logGet(43)) - raft.server.rpc.timeout.min = 5s (custom)
2019-09-26 13:31:46,802 [pool-197-thread-1] INFO  server.RaftServerConfigKeys (ConfUtils.java:logGet(43)) - raft.server.rpc.timeout.max = 5200ms (custom)
2019-09-26 13:31:46,803 [pool-197-thread-1] INFO  server.RaftServerConfigKeys (ConfUtils.java:logGet(43)) - raft.server.rpcslowness.timeout = 120s (custom)
2019-09-26 13:31:46,803 [pool-197-thread-1] INFO  server.RaftServerConfigKeys (ConfUtils.java:logGet(43)) - raft.server.sleep.deviation.threshold = 300 (default)
2019-09-26 13:31:46,803 [pool-197-thread-1] INFO  server.RaftServerConfigKeys (ConfUtils.java:logGet(43)) - raft.server.log.appender.install.snapshot.enabled = false (custom)
2019-09-26 13:31:46,803 [pool-197-thread-1] INFO  impl.RaftServerImpl (ServerState.java:<init>(103)) - 47bbf92c-dbb6-43bb-9d18-a90dedc65edb@group-BC1D6E51AEAD: ConfigurationManager, init=-1: [47bbf92c-dbb6-43bb-9d18-a90dedc65edb:192.168.164.238:45788], old=null, confs=<EMPTY_MAP>
2019-09-26 13:31:46,803 [pool-197-thread-1] INFO  server.RaftServerConfigKeys (ConfUtils.java:logGet(43)) - raft.server.storage.dir = [/workdir/hadoop-ozone/ozonefs/target/test-dir/MiniOzoneClusterImpl-a8a0317b-72d7-48ce-9e7f-dfff25f47ca1/datanode-2/data/ratis] (custom)
2019-09-26 13:31:46,804 [pool-197-thread-1] INFO  storage.RaftStorageDirectory (RaftStorageDirectory.java:analyzeStorage(246)) - The storage directory /workdir/hadoop-ozone/ozonefs/target/test-dir/MiniOzoneClusterImpl-a8a0317b-72d7-48ce-9e7f-dfff25f47ca1/datanode-2/data/ratis/1fc48efc-c165-4337-8a6d-bc1d6e51aead does not exist. Creating ...
2019-09-26 13:31:46,815 [pool-197-thread-1] INFO  storage.RaftStorageDirectory (RaftStorageDirectory.java:tryLock(328)) - Lock on /workdir/hadoop-ozone/ozonefs/target/test-dir/MiniOzoneClusterImpl-a8a0317b-72d7-48ce-9e7f-dfff25f47ca1/datanode-2/data/ratis/1fc48efc-c165-4337-8a6d-bc1d6e51aead/in_use.lock acquired by nodename 10147@pr-hdds-1569-87zkn-1081879488
2019-09-26 13:31:46,847 [pool-197-thread-1] INFO  storage.RaftStorage (RaftStorage.java:format(72)) - Storage directory /workdir/hadoop-ozone/ozonefs/target/test-dir/MiniOzoneClusterImpl-a8a0317b-72d7-48ce-9e7f-dfff25f47ca1/datanode-2/data/ratis/1fc48efc-c165-4337-8a6d-bc1d6e51aead has been successfully formatted.
2019-09-26 13:31:46,847 [pool-197-thread-1] INFO  ratis.ContainerStateMachine (ContainerStateMachine.java:loadSnapshot(230)) - group-BC1D6E51AEAD: The snapshot info is null. Setting the last applied indexto:(t:0, i:~)
2019-09-26 13:31:46,847 [pool-197-thread-1] INFO  server.RaftServerConfigKeys (ConfUtils.java:logGet(43)) - raft.server.notification.no-leader.timeout = 120s (custom)
2019-09-26 13:31:46,847 [pool-197-thread-1] INFO  server.RaftServerConfigKeys (ConfUtils.java:logGet(43)) - raft.server.log.use.memory = false (default)
2019-09-26 13:31:46,847 [pool-197-thread-1] INFO  server.RaftServerConfigKeys (ConfUtils.java:logGet(43)) - raft.server.log.purge.gap = 1000000 (custom)
2019-09-26 13:31:46,848 [pool-197-thread-1] INFO  server.RaftServerConfigKeys (ConfUtils.java:logGet(43)) - raft.server.log.appender.buffer.byte-limit = 33554432 (custom)
2019-09-26 13:31:46,848 [pool-197-thread-1] INFO  server.RaftServerConfigKeys (ConfUtils.java:logGet(43)) - raft.server.log.segment.size.max = 1048576 (custom)
2019-09-26 13:31:46,848 [pool-197-thread-1] INFO  server.RaftServerConfigKeys (ConfUtils.java:logGet(43)) - raft.server.log.segment.cache.num.max = 2 (custom)
2019-09-26 13:31:46,848 [pool-197-thread-1] INFO  segmented.SegmentedRaftLogWorker (SegmentedRaftLogWorker.java:<init>(172)) - new 47bbf92c-dbb6-43bb-9d18-a90dedc65edb@group-BC1D6E51AEAD-SegmentedRaftLogWorker for RaftStorage:Storage Directory /workdir/hadoop-ozone/ozonefs/target/test-dir/MiniOzoneClusterImpl-a8a0317b-72d7-48ce-9e7f-dfff25f47ca1/datanode-2/data/ratis/1fc48efc-c165-4337-8a6d-bc1d6e51aead
2019-09-26 13:31:46,848 [pool-197-thread-1] INFO  server.RaftServerConfigKeys (ConfUtils.java:logGet(43)) - raft.server.log.queue.byte-limit = 2147483647 (custom)
2019-09-26 13:31:46,848 [pool-197-thread-1] INFO  server.RaftServerConfigKeys (ConfUtils.java:logGet(43)) - raft.server.log.queue.element-limit = 1024 (custom)
2019-09-26 13:31:46,849 [pool-197-thread-1] INFO  server.RaftServerConfigKeys (ConfUtils.java:logGet(43)) - raft.server.log.segment.size.max = 1048576 (custom)
2019-09-26 13:31:46,849 [pool-197-thread-1] INFO  server.RaftServerConfigKeys (ConfUtils.java:logGet(43)) - raft.server.log.preallocated.size = 16384 (custom)
2019-09-26 13:31:46,849 [pool-197-thread-1] INFO  server.RaftServerConfigKeys (ConfUtils.java:logGet(43)) - raft.server.log.write.buffer.size = 33554432 (custom)
2019-09-26 13:31:46,849 [pool-197-thread-1] INFO  server.RaftServerConfigKeys (ConfUtils.java:logGet(43)) - raft.server.log.force.sync.num = 128 (default)
2019-09-26 13:31:46,849 [pool-197-thread-1] INFO  server.RaftServerConfigKeys (ConfUtils.java:logGet(43)) - raft.server.log.statemachine.data.sync = true (default)
2019-09-26 13:31:46,849 [pool-197-thread-1] INFO  server.RaftServerConfigKeys (ConfUtils.java:logGet(43)) - raft.server.log.statemachine.data.sync.timeout = 10s (default)
2019-09-26 13:31:46,850 [pool-197-thread-1] INFO  server.RaftServerConfigKeys (ConfUtils.java:logGet(43)) - raft.server.log.statemachine.data.sync.timeout.retry = -1 (default)
2019-09-26 13:31:46,850 [pool-197-thread-1] INFO  server.RaftServerConfigKeys (ConfUtils.java:logGet(43)) - raft.server.log.statemachine.data.caching.enabled = true (custom)
2019-09-26 13:31:46,850 [pool-197-thread-1] INFO  segmented.SegmentedRaftLogWorker (SegmentedRaftLogWorker.java:lambda$new$0(132)) - 47bbf92c-dbb6-43bb-9d18-a90dedc65edb@group-BC1D6E51AEAD-SegmentedRaftLogWorker: flushIndex: setUnconditionally 0 -> -1
2019-09-26 13:31:46,851 [pool-197-thread-1] INFO  server.RaftServerConfigKeys (ConfUtils.java:logGet(43)) - raft.server.snapshot.auto.trigger.enabled = true (custom)
2019-09-26 13:31:46,851 [pool-197-thread-1] INFO  server.RaftServerConfigKeys (ConfUtils.java:logGet(43)) - raft.server.snapshot.auto.trigger.threshold = 10000 (custom)
2019-09-26 13:31:46,851 [pool-197-thread-1] INFO  server.RaftServerConfigKeys (ConfUtils.java:logGet(43)) - raft.server.snapshot.retention.num.files = 5 (custom)
2019-09-26 13:31:46,851 [pool-197-thread-1] INFO  server.RaftServerConfigKeys (ConfUtils.java:logGet(43)) - raft.server.retrycache.expirytime = 600000ms (custom)
2019-09-26 13:31:46,854 [pool-197-thread-1] INFO  impl.RaftServerImpl (RaftServerImpl.java:start(185)) - 47bbf92c-dbb6-43bb-9d18-a90dedc65edb@group-BC1D6E51AEAD: start as a follower, conf=-1: [47bbf92c-dbb6-43bb-9d18-a90dedc65edb:192.168.164.238:45788], old=null
2019-09-26 13:31:46,854 [pool-197-thread-1] INFO  impl.RaftServerImpl (RaftServerImpl.java:setRole(174)) - 47bbf92c-dbb6-43bb-9d18-a90dedc65edb@group-BC1D6E51AEAD: changes role from      null to FOLLOWER at term 0 for startAsFollower
2019-09-26 13:31:46,854 [pool-197-thread-1] INFO  impl.RoleInfo (RoleInfo.java:updateAndGet(143)) - 47bbf92c-dbb6-43bb-9d18-a90dedc65edb: start FollowerState
2019-09-26 13:31:46,854 [pool-197-thread-1] INFO  util.JmxRegister (JmxRegister.java:tryRegister(44)) - Successfully registered JMX Bean with object name Ratis:service=RaftServer,group=group-BC1D6E51AEAD,id=47bbf92c-dbb6-43bb-9d18-a90dedc65edb
2019-09-26 13:31:46,857 [RatisPipelineUtilsThread] INFO  pipeline.PipelineStateManager (PipelineStateManager.java:addPipeline(56)) - Created pipeline Pipeline[ Id: 1fc48efc-c165-4337-8a6d-bc1d6e51aead, Nodes: 47bbf92c-dbb6-43bb-9d18-a90dedc65edb{ip: 192.168.164.238, host: pr-hdds-1569-87zkn-1081879488, networkLocation: /default-rack, certSerialId: null}, Type:RATIS, Factor:ONE, State:OPEN]
2019-09-26 13:31:46,858 [RatisPipelineUtilsThread] INFO  pipeline.PipelinePlacementPolicy (PipelinePlacementPolicy.java:meetCriteria(91)) - Pipeline Placement: can't place more pipeline on heavy datanode： 47bbf92c-dbb6-43bb-9d18-a90dedc65edb Heaviness: 6 limit: 5
2019-09-26 13:31:46,858 [RatisPipelineUtilsThread] INFO  pipeline.PipelinePlacementPolicy (PipelinePlacementPolicy.java:meetCriteria(91)) - Pipeline Placement: can't place more pipeline on heavy datanode： c422126f-6486-4976-ac4b-383283fcc5dc Heaviness: 6 limit: 5
2019-09-26 13:31:46,858 [RatisPipelineUtilsThread] INFO  pipeline.PipelinePlacementPolicy (PipelinePlacementPolicy.java:meetCriteria(91)) - Pipeline Placement: can't place more pipeline on heavy datanode： ac27144f-f6d7-46ce-b0ea-6a1298397a0b Heaviness: 6 limit: 5
2019-09-26 13:31:46,858 [RatisPipelineUtilsThread] ERROR pipeline.PipelinePlacementPolicy (PipelinePlacementPolicy.java:filterViableNodes(148)) - Unable to find enough nodes that meet the criteria that cannot engage in more than 5 pipelines. Nodes required: 1 Found: 0, healthy nodes count inNodeManager: 3.
2019-09-26 13:31:46,858 [RatisPipelineUtilsThread] ERROR pipeline.SCMPipelineManager (SCMPipelineManager.java:createPipeline(167)) - Pipeline creation failed.
org.apache.hadoop.hdds.scm.exceptions.SCMException: Unable to find enough nodes that meet the criteria that cannot engage in more than 5 pipelines. Nodes required: 1 Found: 0, healthy nodes count inNodeManager: 3.
	at org.apache.hadoop.hdds.scm.pipeline.PipelinePlacementPolicy.filterViableNodes(PipelinePlacementPolicy.java:149)
	at org.apache.hadoop.hdds.scm.pipeline.PipelinePlacementPolicy.chooseDatanodes(PipelinePlacementPolicy.java:172)
	at org.apache.hadoop.hdds.scm.pipeline.RatisPipelineProvider.create(RatisPipelineProvider.java:93)
	at org.apache.hadoop.hdds.scm.pipeline.PipelineFactory.create(PipelineFactory.java:58)
	at org.apache.hadoop.hdds.scm.pipeline.SCMPipelineManager.createPipeline(SCMPipelineManager.java:155)
	at org.apache.hadoop.hdds.scm.pipeline.BackgroundPipelineCreator.createPipelines(BackgroundPipelineCreator.java:99)
	at java.util.concurrent.Executors$RunnableAdapter.call(Executors.java:511)
	at java.util.concurrent.FutureTask.run(FutureTask.java:266)
	at java.util.concurrent.ScheduledThreadPoolExecutor$ScheduledFutureTask.access$201(ScheduledThreadPoolExecutor.java:180)
	at java.util.concurrent.ScheduledThreadPoolExecutor$ScheduledFutureTask.run(ScheduledThreadPoolExecutor.java:293)
	at java.util.concurrent.ThreadPoolExecutor.runWorker(ThreadPoolExecutor.java:1149)
	at java.util.concurrent.ThreadPoolExecutor$Worker.run(ThreadPoolExecutor.java:624)
	at java.lang.Thread.run(Thread.java:748)
2019-09-26 13:31:46,866 [RatisPipelineUtilsThread] INFO  pipeline.PipelinePlacementPolicy (PipelinePlacementPolicy.java:meetCriteria(91)) - Pipeline Placement: can't place more pipeline on heavy datanode： 47bbf92c-dbb6-43bb-9d18-a90dedc65edb Heaviness: 6 limit: 5
2019-09-26 13:31:46,866 [RatisPipelineUtilsThread] INFO  pipeline.PipelinePlacementPolicy (PipelinePlacementPolicy.java:meetCriteria(91)) - Pipeline Placement: can't place more pipeline on heavy datanode： c422126f-6486-4976-ac4b-383283fcc5dc Heaviness: 6 limit: 5
2019-09-26 13:31:46,867 [RatisPipelineUtilsThread] INFO  pipeline.PipelinePlacementPolicy (PipelinePlacementPolicy.java:meetCriteria(91)) - Pipeline Placement: can't place more pipeline on heavy datanode： ac27144f-f6d7-46ce-b0ea-6a1298397a0b Heaviness: 6 limit: 5
2019-09-26 13:31:46,867 [RatisPipelineUtilsThread] ERROR pipeline.PipelinePlacementPolicy (PipelinePlacementPolicy.java:filterViableNodes(148)) - Unable to find enough nodes that meet the criteria that cannot engage in more than 5 pipelines. Nodes required: 3 Found: 0, healthy nodes count inNodeManager: 3.
2019-09-26 13:31:46,867 [RatisPipelineUtilsThread] ERROR pipeline.SCMPipelineManager (SCMPipelineManager.java:createPipeline(167)) - Pipeline creation failed.
org.apache.hadoop.hdds.scm.exceptions.SCMException: Unable to find enough nodes that meet the criteria that cannot engage in more than 5 pipelines. Nodes required: 3 Found: 0, healthy nodes count inNodeManager: 3.
	at org.apache.hadoop.hdds.scm.pipeline.PipelinePlacementPolicy.filterViableNodes(PipelinePlacementPolicy.java:149)
	at org.apache.hadoop.hdds.scm.pipeline.PipelinePlacementPolicy.chooseDatanodes(PipelinePlacementPolicy.java:172)
	at org.apache.hadoop.hdds.scm.pipeline.RatisPipelineProvider.create(RatisPipelineProvider.java:93)
	at org.apache.hadoop.hdds.scm.pipeline.PipelineFactory.create(PipelineFactory.java:58)
	at org.apache.hadoop.hdds.scm.pipeline.SCMPipelineManager.createPipeline(SCMPipelineManager.java:155)
	at org.apache.hadoop.hdds.scm.pipeline.BackgroundPipelineCreator.createPipelines(BackgroundPipelineCreator.java:99)
	at java.util.concurrent.Executors$RunnableAdapter.call(Executors.java:511)
	at java.util.concurrent.FutureTask.run(FutureTask.java:266)
	at java.util.concurrent.ScheduledThreadPoolExecutor$ScheduledFutureTask.access$201(ScheduledThreadPoolExecutor.java:180)
	at java.util.concurrent.ScheduledThreadPoolExecutor$ScheduledFutureTask.run(ScheduledThreadPoolExecutor.java:293)
	at java.util.concurrent.ThreadPoolExecutor.runWorker(ThreadPoolExecutor.java:1149)
	at java.util.concurrent.ThreadPoolExecutor$Worker.run(ThreadPoolExecutor.java:624)
	at java.lang.Thread.run(Thread.java:748)
2019-09-26 13:31:46,868 [RatisPipelineUtilsThread] INFO  pipeline.PipelinePlacementPolicy (PipelinePlacementPolicy.java:meetCriteria(91)) - Pipeline Placement: can't place more pipeline on heavy datanode： 47bbf92c-dbb6-43bb-9d18-a90dedc65edb Heaviness: 6 limit: 5
2019-09-26 13:31:46,868 [RatisPipelineUtilsThread] INFO  pipeline.PipelinePlacementPolicy (PipelinePlacementPolicy.java:meetCriteria(91)) - Pipeline Placement: can't place more pipeline on heavy datanode： c422126f-6486-4976-ac4b-383283fcc5dc Heaviness: 6 limit: 5
2019-09-26 13:31:46,868 [RatisPipelineUtilsThread] INFO  pipeline.PipelinePlacementPolicy (PipelinePlacementPolicy.java:meetCriteria(91)) - Pipeline Placement: can't place more pipeline on heavy datanode： ac27144f-f6d7-46ce-b0ea-6a1298397a0b Heaviness: 6 limit: 5
2019-09-26 13:31:46,868 [RatisPipelineUtilsThread] ERROR pipeline.PipelinePlacementPolicy (PipelinePlacementPolicy.java:filterViableNodes(148)) - Unable to find enough nodes that meet the criteria that cannot engage in more than 5 pipelines. Nodes required: 1 Found: 0, healthy nodes count inNodeManager: 3.
2019-09-26 13:31:46,868 [RatisPipelineUtilsThread] ERROR pipeline.SCMPipelineManager (SCMPipelineManager.java:createPipeline(167)) - Pipeline creation failed.
org.apache.hadoop.hdds.scm.exceptions.SCMException: Unable to find enough nodes that meet the criteria that cannot engage in more than 5 pipelines. Nodes required: 1 Found: 0, healthy nodes count inNodeManager: 3.
	at org.apache.hadoop.hdds.scm.pipeline.PipelinePlacementPolicy.filterViableNodes(PipelinePlacementPolicy.java:149)
	at org.apache.hadoop.hdds.scm.pipeline.PipelinePlacementPolicy.chooseDatanodes(PipelinePlacementPolicy.java:172)
	at org.apache.hadoop.hdds.scm.pipeline.RatisPipelineProvider.create(RatisPipelineProvider.java:93)
	at org.apache.hadoop.hdds.scm.pipeline.PipelineFactory.create(PipelineFactory.java:58)
	at org.apache.hadoop.hdds.scm.pipeline.SCMPipelineManager.createPipeline(SCMPipelineManager.java:155)
	at org.apache.hadoop.hdds.scm.pipeline.BackgroundPipelineCreator.createPipelines(BackgroundPipelineCreator.java:99)
	at org.apache.hadoop.hdds.scm.pipeline.BackgroundPipelineCreator.lambda$startFixedIntervalPipelineCreator$0(BackgroundPipelineCreator.java:70)
	at java.util.concurrent.Executors$RunnableAdapter.call(Executors.java:511)
	at java.util.concurrent.FutureTask.runAndReset(FutureTask.java:308)
	at java.util.concurrent.ScheduledThreadPoolExecutor$ScheduledFutureTask.access$301(ScheduledThreadPoolExecutor.java:180)
	at java.util.concurrent.ScheduledThreadPoolExecutor$ScheduledFutureTask.run(ScheduledThreadPoolExecutor.java:294)
	at java.util.concurrent.ThreadPoolExecutor.runWorker(ThreadPoolExecutor.java:1149)
	at java.util.concurrent.ThreadPoolExecutor$Worker.run(ThreadPoolExecutor.java:624)
	at java.lang.Thread.run(Thread.java:748)
2019-09-26 13:31:46,869 [RatisPipelineUtilsThread] INFO  pipeline.PipelinePlacementPolicy (PipelinePlacementPolicy.java:meetCriteria(91)) - Pipeline Placement: can't place more pipeline on heavy datanode： 47bbf92c-dbb6-43bb-9d18-a90dedc65edb Heaviness: 6 limit: 5
2019-09-26 13:31:46,869 [RatisPipelineUtilsThread] INFO  pipeline.PipelinePlacementPolicy (PipelinePlacementPolicy.java:meetCriteria(91)) - Pipeline Placement: can't place more pipeline on heavy datanode： c422126f-6486-4976-ac4b-383283fcc5dc Heaviness: 6 limit: 5
2019-09-26 13:31:46,870 [RatisPipelineUtilsThread] INFO  pipeline.PipelinePlacementPolicy (PipelinePlacementPolicy.java:meetCriteria(91)) - Pipeline Placement: can't place more pipeline on heavy datanode： ac27144f-f6d7-46ce-b0ea-6a1298397a0b Heaviness: 6 limit: 5
2019-09-26 13:31:46,870 [RatisPipelineUtilsThread] ERROR pipeline.PipelinePlacementPolicy (PipelinePlacementPolicy.java:filterViableNodes(148)) - Unable to find enough nodes that meet the criteria that cannot engage in more than 5 pipelines. Nodes required: 3 Found: 0, healthy nodes count inNodeManager: 3.
2019-09-26 13:31:46,870 [RatisPipelineUtilsThread] ERROR pipeline.SCMPipelineManager (SCMPipelineManager.java:createPipeline(167)) - Pipeline creation failed.
org.apache.hadoop.hdds.scm.exceptions.SCMException: Unable to find enough nodes that meet the criteria that cannot engage in more than 5 pipelines. Nodes required: 3 Found: 0, healthy nodes count inNodeManager: 3.
	at org.apache.hadoop.hdds.scm.pipeline.PipelinePlacementPolicy.filterViableNodes(PipelinePlacementPolicy.java:149)
	at org.apache.hadoop.hdds.scm.pipeline.PipelinePlacementPolicy.chooseDatanodes(PipelinePlacementPolicy.java:172)
	at org.apache.hadoop.hdds.scm.pipeline.RatisPipelineProvider.create(RatisPipelineProvider.java:93)
	at org.apache.hadoop.hdds.scm.pipeline.PipelineFactory.create(PipelineFactory.java:58)
	at org.apache.hadoop.hdds.scm.pipeline.SCMPipelineManager.createPipeline(SCMPipelineManager.java:155)
	at org.apache.hadoop.hdds.scm.pipeline.BackgroundPipelineCreator.createPipelines(BackgroundPipelineCreator.java:99)
	at org.apache.hadoop.hdds.scm.pipeline.BackgroundPipelineCreator.lambda$startFixedIntervalPipelineCreator$0(BackgroundPipelineCreator.java:70)
	at java.util.concurrent.Executors$RunnableAdapter.call(Executors.java:511)
	at java.util.concurrent.FutureTask.runAndReset(FutureTask.java:308)
	at java.util.concurrent.ScheduledThreadPoolExecutor$ScheduledFutureTask.access$301(ScheduledThreadPoolExecutor.java:180)
	at java.util.concurrent.ScheduledThreadPoolExecutor$ScheduledFutureTask.run(ScheduledThreadPoolExecutor.java:294)
	at java.util.concurrent.ThreadPoolExecutor.runWorker(ThreadPoolExecutor.java:1149)
	at java.util.concurrent.ThreadPoolExecutor$Worker.run(ThreadPoolExecutor.java:624)
	at java.lang.Thread.run(Thread.java:748)
2019-09-26 13:31:47,130 [Thread-810] INFO  ozone.MiniOzoneClusterImpl (MiniOzoneClusterImpl.java:lambda$waitForClusterToBeReady$0(147)) - Cluster is ready. Got 3 of 3 DN Heartbeats.
2019-09-26 13:31:47,185 [Thread-810] INFO  rpc.RpcClient (RpcClient.java:createVolume(276)) - Creating Volume: volume17983, with user96258 as owner.
2019-09-26 13:31:47,189 [IPC Server handler 0 on 39377] INFO  volume.OMVolumeCreateRequest (OMVolumeCreateRequest.java:validateAndUpdateCache(189)) - created volume:volume17983 for user:user96258
2019-09-26 13:31:47,202 [Thread-810] INFO  rpc.RpcClient (RpcClient.java:createBucket(415)) - Creating Bucket: volume17983/bucket51652, with Versioning false and Storage Type set to DISK and Encryption set to false 
2019-09-26 13:31:47,251 [IPC Server handler 0 on 44016] INFO  pipeline.PipelinePlacementPolicy (PipelinePlacementPolicy.java:meetCriteria(91)) - Pipeline Placement: can't place more pipeline on heavy datanode： 47bbf92c-dbb6-43bb-9d18-a90dedc65edb Heaviness: 6 limit: 5
2019-09-26 13:31:47,251 [IPC Server handler 0 on 44016] INFO  pipeline.PipelinePlacementPolicy (PipelinePlacementPolicy.java:meetCriteria(91)) - Pipeline Placement: can't place more pipeline on heavy datanode： c422126f-6486-4976-ac4b-383283fcc5dc Heaviness: 6 limit: 5
2019-09-26 13:31:47,251 [IPC Server handler 0 on 44016] INFO  pipeline.PipelinePlacementPolicy (PipelinePlacementPolicy.java:meetCriteria(91)) - Pipeline Placement: can't place more pipeline on heavy datanode： ac27144f-f6d7-46ce-b0ea-6a1298397a0b Heaviness: 6 limit: 5
2019-09-26 13:31:47,251 [IPC Server handler 0 on 44016] ERROR pipeline.PipelinePlacementPolicy (PipelinePlacementPolicy.java:filterViableNodes(148)) - Unable to find enough nodes that meet the criteria that cannot engage in more than 5 pipelines. Nodes required: 3 Found: 0, healthy nodes count inNodeManager: 3.
2019-09-26 13:31:47,252 [IPC Server handler 0 on 44016] ERROR pipeline.SCMPipelineManager (SCMPipelineManager.java:createPipeline(167)) - Pipeline creation failed.
org.apache.hadoop.hdds.scm.exceptions.SCMException: Unable to find enough nodes that meet the criteria that cannot engage in more than 5 pipelines. Nodes required: 3 Found: 0, healthy nodes count inNodeManager: 3.
	at org.apache.hadoop.hdds.scm.pipeline.PipelinePlacementPolicy.filterViableNodes(PipelinePlacementPolicy.java:149)
	at org.apache.hadoop.hdds.scm.pipeline.PipelinePlacementPolicy.chooseDatanodes(PipelinePlacementPolicy.java:172)
	at org.apache.hadoop.hdds.scm.pipeline.RatisPipelineProvider.create(RatisPipelineProvider.java:93)
	at org.apache.hadoop.hdds.scm.pipeline.PipelineFactory.create(PipelineFactory.java:58)
	at org.apache.hadoop.hdds.scm.pipeline.SCMPipelineManager.createPipeline(SCMPipelineManager.java:155)
	at org.apache.hadoop.hdds.scm.block.BlockManagerImpl.allocateBlock(BlockManagerImpl.java:190)
	at org.apache.hadoop.hdds.scm.server.SCMBlockProtocolServer.allocateBlock(SCMBlockProtocolServer.java:182)
	at org.apache.hadoop.ozone.protocolPB.ScmBlockLocationProtocolServerSideTranslatorPB.allocateScmBlock(ScmBlockLocationProtocolServerSideTranslatorPB.java:183)
	at org.apache.hadoop.ozone.protocolPB.ScmBlockLocationProtocolServerSideTranslatorPB.processMessage(ScmBlockLocationProtocolServerSideTranslatorPB.java:141)
	at org.apache.hadoop.ozone.protocolPB.ScmBlockLocationProtocolServerSideTranslatorPB.send(ScmBlockLocationProtocolServerSideTranslatorPB.java:116)
	at org.apache.hadoop.hdds.protocol.proto.ScmBlockLocationProtocolProtos$ScmBlockLocationProtocolService$2.callBlockingMethod(ScmBlockLocationProtocolProtos.java:13157)
	at org.apache.hadoop.ipc.ProtobufRpcEngine$Server$ProtoBufRpcInvoker.call(ProtobufRpcEngine.java:524)
	at org.apache.hadoop.ipc.RPC$Server.call(RPC.java:1025)
	at org.apache.hadoop.ipc.Server$RpcCall.run(Server.java:876)
	at org.apache.hadoop.ipc.Server$RpcCall.run(Server.java:822)
	at java.security.AccessController.doPrivileged(Native Method)
	at javax.security.auth.Subject.doAs(Subject.java:422)
	at org.apache.hadoop.security.UserGroupInformation.doAs(UserGroupInformation.java:1730)
	at org.apache.hadoop.ipc.Server$Handler.run(Server.java:2682)
2019-09-26 13:31:47,252 [IPC Server handler 0 on 44016] WARN  block.BlockManagerImpl (BlockManagerImpl.java:allocateBlock(192)) - Pipeline creation failed for type:RATIS factor:THREE. Retrying get pipelines call once.
org.apache.hadoop.hdds.scm.exceptions.SCMException: Unable to find enough nodes that meet the criteria that cannot engage in more than 5 pipelines. Nodes required: 3 Found: 0, healthy nodes count inNodeManager: 3.
	at org.apache.hadoop.hdds.scm.pipeline.PipelinePlacementPolicy.filterViableNodes(PipelinePlacementPolicy.java:149)
	at org.apache.hadoop.hdds.scm.pipeline.PipelinePlacementPolicy.chooseDatanodes(PipelinePlacementPolicy.java:172)
	at org.apache.hadoop.hdds.scm.pipeline.RatisPipelineProvider.create(RatisPipelineProvider.java:93)
	at org.apache.hadoop.hdds.scm.pipeline.PipelineFactory.create(PipelineFactory.java:58)
	at org.apache.hadoop.hdds.scm.pipeline.SCMPipelineManager.createPipeline(SCMPipelineManager.java:155)
	at org.apache.hadoop.hdds.scm.block.BlockManagerImpl.allocateBlock(BlockManagerImpl.java:190)
	at org.apache.hadoop.hdds.scm.server.SCMBlockProtocolServer.allocateBlock(SCMBlockProtocolServer.java:182)
	at org.apache.hadoop.ozone.protocolPB.ScmBlockLocationProtocolServerSideTranslatorPB.allocateScmBlock(ScmBlockLocationProtocolServerSideTranslatorPB.java:183)
	at org.apache.hadoop.ozone.protocolPB.ScmBlockLocationProtocolServerSideTranslatorPB.processMessage(ScmBlockLocationProtocolServerSideTranslatorPB.java:141)
	at org.apache.hadoop.ozone.protocolPB.ScmBlockLocationProtocolServerSideTranslatorPB.send(ScmBlockLocationProtocolServerSideTranslatorPB.java:116)
	at org.apache.hadoop.hdds.protocol.proto.ScmBlockLocationProtocolProtos$ScmBlockLocationProtocolService$2.callBlockingMethod(ScmBlockLocationProtocolProtos.java:13157)
	at org.apache.hadoop.ipc.ProtobufRpcEngine$Server$ProtoBufRpcInvoker.call(ProtobufRpcEngine.java:524)
	at org.apache.hadoop.ipc.RPC$Server.call(RPC.java:1025)
	at org.apache.hadoop.ipc.Server$RpcCall.run(Server.java:876)
	at org.apache.hadoop.ipc.Server$RpcCall.run(Server.java:822)
	at java.security.AccessController.doPrivileged(Native Method)
	at javax.security.auth.Subject.doAs(Subject.java:422)
	at org.apache.hadoop.security.UserGroupInformation.doAs(UserGroupInformation.java:1730)
	at org.apache.hadoop.ipc.Server$Handler.run(Server.java:2682)
2019-09-26 13:31:47,252 [IPC Server handler 0 on 44016] INFO  block.BlockManagerImpl (BlockManagerImpl.java:allocateBlock(198)) - Could not find available pipeline of type:RATIS and factor:THREE even after retrying
2019-09-26 13:31:47,252 [IPC Server handler 0 on 44016] ERROR block.BlockManagerImpl (BlockManagerImpl.java:allocateBlock(222)) - Unable to allocate a block for the size: 4194304, type: RATIS, factor: THREE
2019-09-26 13:31:47,253 [Thread-810] INFO  ozone.MiniOzoneClusterImpl (MiniOzoneClusterImpl.java:shutdown(314)) - Shutting down the Mini Ozone Cluster
2019-09-26 13:31:47,254 [Thread-810] INFO  ozone.MiniOzoneClusterImpl (MiniOzoneClusterImpl.java:stop(330)) - Stopping the Mini Ozone Cluster
2019-09-26 13:31:47,254 [Thread-810] INFO  ozone.MiniOzoneClusterImpl (MiniOzoneClusterImpl.java:stopOM(400)) - Stopping the OzoneManager
2019-09-26 13:31:47,254 [Thread-810] INFO  ipc.Server (Server.java:stop(3082)) - Stopping server on 39377
2019-09-26 13:31:47,259 [IPC Server listener on 39377] INFO  ipc.Server (Server.java:run(1185)) - Stopping IPC Server listener on 39377
2019-09-26 13:31:47,259 [Thread-810] INFO  ratis.OzoneManagerDoubleBuffer (OzoneManagerDoubleBuffer.java:stop(248)) - Stopping OMDoubleBuffer flush thread
2019-09-26 13:31:47,259 [OMDoubleBufferFlushThread] INFO  ratis.OzoneManagerDoubleBuffer (OzoneManagerDoubleBuffer.java:flushTransactions(191)) - OMDoubleBuffer flush thread OMDoubleBufferFlushThread is interrupted and will exit. OMDoubleBufferFlushThread
2019-09-26 13:31:47,260 [IPC Server Responder] INFO  ipc.Server (Server.java:run(1319)) - Stopping IPC Server Responder
2019-09-26 13:31:47,262 [Thread-810] INFO  utils.BackgroundService (BackgroundService.java:shutdown(148)) - Shutting down service KeyDeletingService
2019-09-26 13:31:47,264 [Thread-810] INFO  handler.ContextHandler (ContextHandler.java:doStop(910)) - Stopped o.e.j.w.WebAppContext@1603c503{/,null,UNAVAILABLE}{/ozoneManager}
2019-09-26 13:31:47,265 [Thread-810] INFO  server.AbstractConnector (AbstractConnector.java:doStop(318)) - Stopped ServerConnector@7ca2b7a7{HTTP/1.1,[http/1.1]}{0.0.0.0:0}
2019-09-26 13:31:47,265 [Thread-810] INFO  handler.ContextHandler (ContextHandler.java:doStop(910)) - Stopped o.e.j.s.ServletContextHandler@32981f7f{/static,jar:file:/home/user/.m2/repository/org/apache/hadoop/hadoop-ozone-ozone-manager/0.5.0-SNAPSHOT/hadoop-ozone-ozone-manager-0.5.0-SNAPSHOT.jar!/webapps/static,UNAVAILABLE}
2019-09-26 13:31:47,265 [Thread-810] INFO  handler.ContextHandler (ContextHandler.java:doStop(910)) - Stopped o.e.j.s.ServletContextHandler@1d1c3c01{/logs,file:///workdir/hadoop-ozone/ozonefs/target/log,UNAVAILABLE}
2019-09-26 13:31:47,268 [Thread-810] INFO  ozone.MiniOzoneClusterImpl (MiniOzoneClusterImpl.java:stopDatanodes(377)) - Stopping the HddsDatanodes
2019-09-26 13:31:47,988 [Datanode State Machine Thread - 0] INFO  statemachine.DatanodeStateMachine (DatanodeStateMachine.java:lambda$startDaemon$0(350)) - Ozone container server started.
2019-09-26 13:31:48,057 [Datanode State Machine Thread - 0] INFO  statemachine.DatanodeStateMachine (DatanodeStateMachine.java:lambda$startDaemon$0(350)) - Ozone container server started.
2019-09-26 13:31:49,000 [Thread-982] INFO  container.ReplicationManager (ReplicationManager.java:start(163)) - Starting Replication Monitor Thread.
2019-09-26 13:31:49,004 [ReplicationMonitor] INFO  container.ReplicationManager (ReplicationManager.java:run(226)) - Replication Monitor Thread took 0 milliseconds for processing 0 containers.
2019-09-26 13:31:51,191 [Thread-987] INFO  impl.FollowerState (FollowerState.java:run(106)) - ac27144f-f6d7-46ce-b0ea-6a1298397a0b:group-0082DC123203 changes to CANDIDATE, lastRpcTime:5061, electionTimeout:5061ms
2019-09-26 13:31:51,192 [Thread-987] INFO  impl.RoleInfo (RoleInfo.java:shutdownFollowerState(121)) - ac27144f-f6d7-46ce-b0ea-6a1298397a0b: shutdown FollowerState
2019-09-26 13:31:51,192 [Thread-987] INFO  impl.RaftServerImpl (RaftServerImpl.java:setRole(174)) - ac27144f-f6d7-46ce-b0ea-6a1298397a0b@group-0082DC123203: changes role from  FOLLOWER to CANDIDATE at term 0 for changeToCandidate
2019-09-26 13:31:51,192 [Thread-987] INFO  impl.RoleInfo (RoleInfo.java:updateAndGet(143)) - ac27144f-f6d7-46ce-b0ea-6a1298397a0b: start LeaderElection
2019-09-26 13:31:51,221 [ac27144f-f6d7-46ce-b0ea-6a1298397a0b@group-0082DC123203:LeaderElection55] INFO  impl.LeaderElection (LeaderElection.java:askForVotes(182)) - ac27144f-f6d7-46ce-b0ea-6a1298397a0b@group-0082DC123203:LeaderElection55: begin an election at term 1 for -1: [ac27144f-f6d7-46ce-b0ea-6a1298397a0b:192.168.164.238:41017], old=null
2019-09-26 13:31:51,222 [ac27144f-f6d7-46ce-b0ea-6a1298397a0b@group-0082DC123203:LeaderElection55] INFO  impl.RoleInfo (RoleInfo.java:shutdownLeaderElection(134)) - ac27144f-f6d7-46ce-b0ea-6a1298397a0b: shutdown LeaderElection
2019-09-26 13:31:51,222 [ac27144f-f6d7-46ce-b0ea-6a1298397a0b@group-0082DC123203:LeaderElection55] INFO  impl.RaftServerImpl (RaftServerImpl.java:setRole(174)) - ac27144f-f6d7-46ce-b0ea-6a1298397a0b@group-0082DC123203: changes role from CANDIDATE to LEADER at term 1 for changeToLeader
2019-09-26 13:31:51,222 [ac27144f-f6d7-46ce-b0ea-6a1298397a0b@group-0082DC123203:LeaderElection55] INFO  impl.RaftServerImpl (ServerState.java:setLeader(253)) - ac27144f-f6d7-46ce-b0ea-6a1298397a0b@group-0082DC123203: change Leader from null to ac27144f-f6d7-46ce-b0ea-6a1298397a0b at term 1 for becomeLeader, leader elected after 5098ms
2019-09-26 13:31:51,222 [ac27144f-f6d7-46ce-b0ea-6a1298397a0b@group-0082DC123203:LeaderElection55] INFO  server.RaftServerConfigKeys (ConfUtils.java:logGet(43)) - raft.server.staging.catchup.gap = 1000 (default)
2019-09-26 13:31:51,222 [ac27144f-f6d7-46ce-b0ea-6a1298397a0b@group-0082DC123203:LeaderElection55] INFO  server.RaftServerConfigKeys (ConfUtils.java:logGet(43)) - raft.server.rpc.sleep.time = 25ms (default)
2019-09-26 13:31:51,223 [ac27144f-f6d7-46ce-b0ea-6a1298397a0b@group-0082DC123203:LeaderElection55] INFO  server.RaftServerConfigKeys (ConfUtils.java:logGet(43)) - raft.server.write.element-limit = 4096 (default)
2019-09-26 13:31:51,223 [ac27144f-f6d7-46ce-b0ea-6a1298397a0b@group-0082DC123203:LeaderElection55] INFO  server.RaftServerConfigKeys (ConfUtils.java:logGet(43)) - raft.server.watch.timeout = 10s (default)
2019-09-26 13:31:51,223 [ac27144f-f6d7-46ce-b0ea-6a1298397a0b@group-0082DC123203:LeaderElection55] INFO  server.RaftServerConfigKeys (ConfUtils.java:logGet(43)) - raft.server.watch.timeout.denomination = 1s (default)
2019-09-26 13:31:51,223 [ac27144f-f6d7-46ce-b0ea-6a1298397a0b@group-0082DC123203:LeaderElection55] INFO  server.RaftServerConfigKeys (ConfUtils.java:logGet(43)) - raft.server.watch.element-limit = 65536 (default)
2019-09-26 13:31:51,225 [ac27144f-f6d7-46ce-b0ea-6a1298397a0b@group-0082DC123203:LeaderElection55] INFO  impl.RoleInfo (RoleInfo.java:updateAndGet(143)) - ac27144f-f6d7-46ce-b0ea-6a1298397a0b: start LeaderState
2019-09-26 13:31:51,226 [ac27144f-f6d7-46ce-b0ea-6a1298397a0b@group-0082DC123203:LeaderElection55] INFO  segmented.SegmentedRaftLogWorker (SegmentedRaftLogWorker.java:startLogSegment(380)) - ac27144f-f6d7-46ce-b0ea-6a1298397a0b@group-0082DC123203-SegmentedRaftLogWorker: Starting segment from index:0
2019-09-26 13:31:51,227 [ac27144f-f6d7-46ce-b0ea-6a1298397a0b@group-0082DC123203:LeaderElection55] INFO  impl.RaftServerImpl (ServerState.java:setRaftConf(354)) - ac27144f-f6d7-46ce-b0ea-6a1298397a0b@group-0082DC123203: set configuration 0: [ac27144f-f6d7-46ce-b0ea-6a1298397a0b:192.168.164.238:41017], old=null at 0
2019-09-26 13:31:51,228 [Thread-984] INFO  impl.FollowerState (FollowerState.java:run(106)) - ac27144f-f6d7-46ce-b0ea-6a1298397a0b:group-EBCD5A0DA805 changes to CANDIDATE, lastRpcTime:5158, electionTimeout:5158ms
2019-09-26 13:31:51,228 [Thread-984] INFO  impl.RoleInfo (RoleInfo.java:shutdownFollowerState(121)) - ac27144f-f6d7-46ce-b0ea-6a1298397a0b: shutdown FollowerState
2019-09-26 13:31:51,228 [Thread-984] INFO  impl.RaftServerImpl (RaftServerImpl.java:setRole(174)) - ac27144f-f6d7-46ce-b0ea-6a1298397a0b@group-EBCD5A0DA805: changes role from  FOLLOWER to CANDIDATE at term 0 for changeToCandidate
2019-09-26 13:31:51,229 [Thread-984] INFO  impl.RoleInfo (RoleInfo.java:updateAndGet(143)) - ac27144f-f6d7-46ce-b0ea-6a1298397a0b: start LeaderElection
2019-09-26 13:31:51,294 [ac27144f-f6d7-46ce-b0ea-6a1298397a0b@group-0082DC123203-SegmentedRaftLogWorker] INFO  segmented.SegmentedRaftLogWorker (SegmentedRaftLogWorker.java:execute(569)) - ac27144f-f6d7-46ce-b0ea-6a1298397a0b@group-0082DC123203-SegmentedRaftLogWorker: created new log segment /workdir/hadoop-ozone/ozonefs/target/test-dir/MiniOzoneClusterImpl-a8a0317b-72d7-48ce-9e7f-dfff25f47ca1/datanode-0/data/ratis/402fea51-b11a-4b21-9659-0082dc123203/current/log_inprogress_0
2019-09-26 13:31:51,294 [ac27144f-f6d7-46ce-b0ea-6a1298397a0b@group-EBCD5A0DA805:LeaderElection56] INFO  impl.LeaderElection (LeaderElection.java:askForVotes(182)) - ac27144f-f6d7-46ce-b0ea-6a1298397a0b@group-EBCD5A0DA805:LeaderElection56: begin an election at term 1 for -1: [ac27144f-f6d7-46ce-b0ea-6a1298397a0b:192.168.164.238:41017], old=null
2019-09-26 13:31:51,294 [ac27144f-f6d7-46ce-b0ea-6a1298397a0b@group-EBCD5A0DA805:LeaderElection56] INFO  impl.RoleInfo (RoleInfo.java:shutdownLeaderElection(134)) - ac27144f-f6d7-46ce-b0ea-6a1298397a0b: shutdown LeaderElection
2019-09-26 13:31:51,294 [ac27144f-f6d7-46ce-b0ea-6a1298397a0b@group-EBCD5A0DA805:LeaderElection56] INFO  impl.RaftServerImpl (RaftServerImpl.java:setRole(174)) - ac27144f-f6d7-46ce-b0ea-6a1298397a0b@group-EBCD5A0DA805: changes role from CANDIDATE to LEADER at term 1 for changeToLeader
2019-09-26 13:31:51,294 [ac27144f-f6d7-46ce-b0ea-6a1298397a0b@group-EBCD5A0DA805:LeaderElection56] INFO  impl.RaftServerImpl (ServerState.java:setLeader(253)) - ac27144f-f6d7-46ce-b0ea-6a1298397a0b@group-EBCD5A0DA805: change Leader from null to ac27144f-f6d7-46ce-b0ea-6a1298397a0b at term 1 for becomeLeader, leader elected after 5234ms
2019-09-26 13:31:51,294 [ac27144f-f6d7-46ce-b0ea-6a1298397a0b@group-EBCD5A0DA805:LeaderElection56] INFO  server.RaftServerConfigKeys (ConfUtils.java:logGet(43)) - raft.server.staging.catchup.gap = 1000 (default)
2019-09-26 13:31:51,294 [ac27144f-f6d7-46ce-b0ea-6a1298397a0b@group-EBCD5A0DA805:LeaderElection56] INFO  server.RaftServerConfigKeys (ConfUtils.java:logGet(43)) - raft.server.rpc.sleep.time = 25ms (default)
2019-09-26 13:31:51,295 [ac27144f-f6d7-46ce-b0ea-6a1298397a0b@group-EBCD5A0DA805:LeaderElection56] INFO  server.RaftServerConfigKeys (ConfUtils.java:logGet(43)) - raft.server.write.element-limit = 4096 (default)
2019-09-26 13:31:51,295 [ac27144f-f6d7-46ce-b0ea-6a1298397a0b@group-EBCD5A0DA805:LeaderElection56] INFO  server.RaftServerConfigKeys (ConfUtils.java:logGet(43)) - raft.server.watch.timeout = 10s (default)
2019-09-26 13:31:51,295 [ac27144f-f6d7-46ce-b0ea-6a1298397a0b@group-EBCD5A0DA805:LeaderElection56] INFO  server.RaftServerConfigKeys (ConfUtils.java:logGet(43)) - raft.server.watch.timeout.denomination = 1s (default)
2019-09-26 13:31:51,295 [Thread-993] INFO  impl.FollowerState (FollowerState.java:run(106)) - c422126f-6486-4976-ac4b-383283fcc5dc:group-4E3EB3C0F57B changes to CANDIDATE, lastRpcTime:5077, electionTimeout:5077ms
2019-09-26 13:31:51,295 [ac27144f-f6d7-46ce-b0ea-6a1298397a0b@group-EBCD5A0DA805:LeaderElection56] INFO  server.RaftServerConfigKeys (ConfUtils.java:logGet(43)) - raft.server.watch.element-limit = 65536 (default)
2019-09-26 13:31:51,295 [Thread-993] INFO  impl.RoleInfo (RoleInfo.java:shutdownFollowerState(121)) - c422126f-6486-4976-ac4b-383283fcc5dc: shutdown FollowerState
2019-09-26 13:31:51,295 [Thread-993] INFO  impl.RaftServerImpl (RaftServerImpl.java:setRole(174)) - c422126f-6486-4976-ac4b-383283fcc5dc@group-4E3EB3C0F57B: changes role from  FOLLOWER to CANDIDATE at term 0 for changeToCandidate
2019-09-26 13:31:51,296 [Thread-993] INFO  impl.RoleInfo (RoleInfo.java:updateAndGet(143)) - c422126f-6486-4976-ac4b-383283fcc5dc: start LeaderElection
2019-09-26 13:31:51,299 [ac27144f-f6d7-46ce-b0ea-6a1298397a0b@group-EBCD5A0DA805:LeaderElection56] INFO  impl.RoleInfo (RoleInfo.java:updateAndGet(143)) - ac27144f-f6d7-46ce-b0ea-6a1298397a0b: start LeaderState
2019-09-26 13:31:51,299 [ac27144f-f6d7-46ce-b0ea-6a1298397a0b@group-EBCD5A0DA805:LeaderElection56] INFO  segmented.SegmentedRaftLogWorker (SegmentedRaftLogWorker.java:startLogSegment(380)) - ac27144f-f6d7-46ce-b0ea-6a1298397a0b@group-EBCD5A0DA805-SegmentedRaftLogWorker: Starting segment from index:0
2019-09-26 13:31:51,300 [ac27144f-f6d7-46ce-b0ea-6a1298397a0b@group-EBCD5A0DA805:LeaderElection56] INFO  impl.RaftServerImpl (ServerState.java:setRaftConf(354)) - ac27144f-f6d7-46ce-b0ea-6a1298397a0b@group-EBCD5A0DA805: set configuration 0: [ac27144f-f6d7-46ce-b0ea-6a1298397a0b:192.168.164.238:41017], old=null at 0
2019-09-26 13:31:51,307 [c422126f-6486-4976-ac4b-383283fcc5dc@group-4E3EB3C0F57B:LeaderElection57] INFO  impl.LeaderElection (LeaderElection.java:askForVotes(182)) - c422126f-6486-4976-ac4b-383283fcc5dc@group-4E3EB3C0F57B:LeaderElection57: begin an election at term 1 for -1: [c422126f-6486-4976-ac4b-383283fcc5dc:192.168.164.238:37658], old=null
2019-09-26 13:31:51,307 [c422126f-6486-4976-ac4b-383283fcc5dc@group-4E3EB3C0F57B:LeaderElection57] INFO  impl.RoleInfo (RoleInfo.java:shutdownLeaderElection(134)) - c422126f-6486-4976-ac4b-383283fcc5dc: shutdown LeaderElection
2019-09-26 13:31:51,307 [c422126f-6486-4976-ac4b-383283fcc5dc@group-4E3EB3C0F57B:LeaderElection57] INFO  impl.RaftServerImpl (RaftServerImpl.java:setRole(174)) - c422126f-6486-4976-ac4b-383283fcc5dc@group-4E3EB3C0F57B: changes role from CANDIDATE to LEADER at term 1 for changeToLeader
2019-09-26 13:31:51,307 [c422126f-6486-4976-ac4b-383283fcc5dc@group-4E3EB3C0F57B:LeaderElection57] INFO  impl.RaftServerImpl (ServerState.java:setLeader(253)) - c422126f-6486-4976-ac4b-383283fcc5dc@group-4E3EB3C0F57B: change Leader from null to c422126f-6486-4976-ac4b-383283fcc5dc at term 1 for becomeLeader, leader elected after 5097ms
2019-09-26 13:31:51,308 [c422126f-6486-4976-ac4b-383283fcc5dc@group-4E3EB3C0F57B:LeaderElection57] INFO  server.RaftServerConfigKeys (ConfUtils.java:logGet(43)) - raft.server.staging.catchup.gap = 1000 (default)
2019-09-26 13:31:51,308 [c422126f-6486-4976-ac4b-383283fcc5dc@group-4E3EB3C0F57B:LeaderElection57] INFO  server.RaftServerConfigKeys (ConfUtils.java:logGet(43)) - raft.server.rpc.sleep.time = 25ms (default)
2019-09-26 13:31:51,308 [c422126f-6486-4976-ac4b-383283fcc5dc@group-4E3EB3C0F57B:LeaderElection57] INFO  server.RaftServerConfigKeys (ConfUtils.java:logGet(43)) - raft.server.write.element-limit = 4096 (default)
2019-09-26 13:31:51,308 [c422126f-6486-4976-ac4b-383283fcc5dc@group-4E3EB3C0F57B:LeaderElection57] INFO  server.RaftServerConfigKeys (ConfUtils.java:logGet(43)) - raft.server.watch.timeout = 10s (default)
2019-09-26 13:31:51,308 [c422126f-6486-4976-ac4b-383283fcc5dc@group-4E3EB3C0F57B:LeaderElection57] INFO  server.RaftServerConfigKeys (ConfUtils.java:logGet(43)) - raft.server.watch.timeout.denomination = 1s (default)
2019-09-26 13:31:51,308 [c422126f-6486-4976-ac4b-383283fcc5dc@group-4E3EB3C0F57B:LeaderElection57] INFO  server.RaftServerConfigKeys (ConfUtils.java:logGet(43)) - raft.server.watch.element-limit = 65536 (default)
2019-09-26 13:31:51,311 [c422126f-6486-4976-ac4b-383283fcc5dc@group-4E3EB3C0F57B:LeaderElection57] INFO  impl.RoleInfo (RoleInfo.java:updateAndGet(143)) - c422126f-6486-4976-ac4b-383283fcc5dc: start LeaderState
2019-09-26 13:31:51,312 [c422126f-6486-4976-ac4b-383283fcc5dc@group-4E3EB3C0F57B:LeaderElection57] INFO  segmented.SegmentedRaftLogWorker (SegmentedRaftLogWorker.java:startLogSegment(380)) - c422126f-6486-4976-ac4b-383283fcc5dc@group-4E3EB3C0F57B-SegmentedRaftLogWorker: Starting segment from index:0
2019-09-26 13:31:51,312 [c422126f-6486-4976-ac4b-383283fcc5dc@group-4E3EB3C0F57B:LeaderElection57] INFO  impl.RaftServerImpl (ServerState.java:setRaftConf(354)) - c422126f-6486-4976-ac4b-383283fcc5dc@group-4E3EB3C0F57B: set configuration 0: [c422126f-6486-4976-ac4b-383283fcc5dc:192.168.164.238:37658], old=null at 0
2019-09-26 13:31:51,327 [Thread-990] INFO  impl.FollowerState (FollowerState.java:run(106)) - 47bbf92c-dbb6-43bb-9d18-a90dedc65edb:group-3960EA708249 changes to CANDIDATE, lastRpcTime:5149, electionTimeout:5149ms
2019-09-26 13:31:51,328 [Thread-990] INFO  impl.RoleInfo (RoleInfo.java:shutdownFollowerState(121)) - 47bbf92c-dbb6-43bb-9d18-a90dedc65edb: shutdown FollowerState
2019-09-26 13:31:51,328 [Thread-990] INFO  impl.RaftServerImpl (RaftServerImpl.java:setRole(174)) - 47bbf92c-dbb6-43bb-9d18-a90dedc65edb@group-3960EA708249: changes role from  FOLLOWER to CANDIDATE at term 0 for changeToCandidate
2019-09-26 13:31:51,328 [Thread-990] INFO  impl.RoleInfo (RoleInfo.java:updateAndGet(143)) - 47bbf92c-dbb6-43bb-9d18-a90dedc65edb: start LeaderElection
2019-09-26 13:31:51,356 [Thread-996] INFO  impl.FollowerState (FollowerState.java:run(106)) - 47bbf92c-dbb6-43bb-9d18-a90dedc65edb:group-F3CCE71B1BC5 changes to CANDIDATE, lastRpcTime:5106, electionTimeout:5084ms
2019-09-26 13:31:51,357 [Thread-996] INFO  impl.RoleInfo (RoleInfo.java:shutdownFollowerState(121)) - 47bbf92c-dbb6-43bb-9d18-a90dedc65edb: shutdown FollowerState
2019-09-26 13:31:51,357 [Thread-996] INFO  impl.RaftServerImpl (RaftServerImpl.java:setRole(174)) - 47bbf92c-dbb6-43bb-9d18-a90dedc65edb@group-F3CCE71B1BC5: changes role from  FOLLOWER to CANDIDATE at term 0 for changeToCandidate
2019-09-26 13:31:51,357 [Thread-996] INFO  impl.RoleInfo (RoleInfo.java:updateAndGet(143)) - 47bbf92c-dbb6-43bb-9d18-a90dedc65edb: start LeaderElection
2019-09-26 13:31:51,367 [Thread-1002] INFO  impl.FollowerState (FollowerState.java:run(106)) - ac27144f-f6d7-46ce-b0ea-6a1298397a0b:group-2C5DDB182EEA changes to CANDIDATE, lastRpcTime:5031, electionTimeout:5031ms
2019-09-26 13:31:51,368 [Thread-1002] INFO  impl.RoleInfo (RoleInfo.java:shutdownFollowerState(121)) - ac27144f-f6d7-46ce-b0ea-6a1298397a0b: shutdown FollowerState
2019-09-26 13:31:51,368 [Thread-1002] INFO  impl.RaftServerImpl (RaftServerImpl.java:setRole(174)) - ac27144f-f6d7-46ce-b0ea-6a1298397a0b@group-2C5DDB182EEA: changes role from  FOLLOWER to CANDIDATE at term 0 for changeToCandidate
2019-09-26 13:31:51,368 [Thread-1002] INFO  impl.RoleInfo (RoleInfo.java:updateAndGet(143)) - ac27144f-f6d7-46ce-b0ea-6a1298397a0b: start LeaderElection
2019-09-26 13:31:51,370 [c422126f-6486-4976-ac4b-383283fcc5dc@group-4E3EB3C0F57B-SegmentedRaftLogWorker] INFO  segmented.SegmentedRaftLogWorker (SegmentedRaftLogWorker.java:execute(569)) - c422126f-6486-4976-ac4b-383283fcc5dc@group-4E3EB3C0F57B-SegmentedRaftLogWorker: created new log segment /workdir/hadoop-ozone/ozonefs/target/test-dir/MiniOzoneClusterImpl-a8a0317b-72d7-48ce-9e7f-dfff25f47ca1/datanode-1/data/ratis/a3421304-6ba8-4c9c-b92c-4e3eb3c0f57b/current/log_inprogress_0
2019-09-26 13:31:51,370 [ac27144f-f6d7-46ce-b0ea-6a1298397a0b@group-EBCD5A0DA805-SegmentedRaftLogWorker] INFO  segmented.SegmentedRaftLogWorker (SegmentedRaftLogWorker.java:execute(569)) - ac27144f-f6d7-46ce-b0ea-6a1298397a0b@group-EBCD5A0DA805-SegmentedRaftLogWorker: created new log segment /workdir/hadoop-ozone/ozonefs/target/test-dir/MiniOzoneClusterImpl-a8a0317b-72d7-48ce-9e7f-dfff25f47ca1/datanode-0/data/ratis/6fab45c2-601f-4fb3-bd64-ebcd5a0da805/current/log_inprogress_0
2019-09-26 13:31:51,370 [47bbf92c-dbb6-43bb-9d18-a90dedc65edb@group-3960EA708249:LeaderElection58] INFO  impl.LeaderElection (LeaderElection.java:askForVotes(182)) - 47bbf92c-dbb6-43bb-9d18-a90dedc65edb@group-3960EA708249:LeaderElection58: begin an election at term 1 for -1: [47bbf92c-dbb6-43bb-9d18-a90dedc65edb:192.168.164.238:45788], old=null
2019-09-26 13:31:51,370 [47bbf92c-dbb6-43bb-9d18-a90dedc65edb@group-F3CCE71B1BC5:LeaderElection59] INFO  impl.LeaderElection (LeaderElection.java:askForVotes(182)) - 47bbf92c-dbb6-43bb-9d18-a90dedc65edb@group-F3CCE71B1BC5:LeaderElection59: begin an election at term 1 for -1: [47bbf92c-dbb6-43bb-9d18-a90dedc65edb:192.168.164.238:45788], old=null
2019-09-26 13:31:51,371 [47bbf92c-dbb6-43bb-9d18-a90dedc65edb@group-3960EA708249:LeaderElection58] INFO  impl.RoleInfo (RoleInfo.java:shutdownLeaderElection(134)) - 47bbf92c-dbb6-43bb-9d18-a90dedc65edb: shutdown LeaderElection
2019-09-26 13:31:51,371 [47bbf92c-dbb6-43bb-9d18-a90dedc65edb@group-F3CCE71B1BC5:LeaderElection59] INFO  impl.RoleInfo (RoleInfo.java:shutdownLeaderElection(134)) - 47bbf92c-dbb6-43bb-9d18-a90dedc65edb: shutdown LeaderElection
2019-09-26 13:31:51,371 [47bbf92c-dbb6-43bb-9d18-a90dedc65edb@group-3960EA708249:LeaderElection58] INFO  impl.RaftServerImpl (RaftServerImpl.java:setRole(174)) - 47bbf92c-dbb6-43bb-9d18-a90dedc65edb@group-3960EA708249: changes role from CANDIDATE to LEADER at term 1 for changeToLeader
2019-09-26 13:31:51,371 [47bbf92c-dbb6-43bb-9d18-a90dedc65edb@group-F3CCE71B1BC5:LeaderElection59] INFO  impl.RaftServerImpl (RaftServerImpl.java:setRole(174)) - 47bbf92c-dbb6-43bb-9d18-a90dedc65edb@group-F3CCE71B1BC5: changes role from CANDIDATE to LEADER at term 1 for changeToLeader
2019-09-26 13:31:51,372 [47bbf92c-dbb6-43bb-9d18-a90dedc65edb@group-3960EA708249:LeaderElection58] INFO  impl.RaftServerImpl (ServerState.java:setLeader(253)) - 47bbf92c-dbb6-43bb-9d18-a90dedc65edb@group-3960EA708249: change Leader from null to 47bbf92c-dbb6-43bb-9d18-a90dedc65edb at term 1 for becomeLeader, leader elected after 5200ms
2019-09-26 13:31:51,372 [47bbf92c-dbb6-43bb-9d18-a90dedc65edb@group-F3CCE71B1BC5:LeaderElection59] INFO  impl.RaftServerImpl (ServerState.java:setLeader(253)) - 47bbf92c-dbb6-43bb-9d18-a90dedc65edb@group-F3CCE71B1BC5: change Leader from null to 47bbf92c-dbb6-43bb-9d18-a90dedc65edb at term 1 for becomeLeader, leader elected after 5128ms
2019-09-26 13:31:51,372 [47bbf92c-dbb6-43bb-9d18-a90dedc65edb@group-3960EA708249:LeaderElection58] INFO  server.RaftServerConfigKeys (ConfUtils.java:logGet(43)) - raft.server.staging.catchup.gap = 1000 (default)
2019-09-26 13:31:51,372 [47bbf92c-dbb6-43bb-9d18-a90dedc65edb@group-F3CCE71B1BC5:LeaderElection59] INFO  server.RaftServerConfigKeys (ConfUtils.java:logGet(43)) - raft.server.staging.catchup.gap = 1000 (default)
2019-09-26 13:31:51,372 [47bbf92c-dbb6-43bb-9d18-a90dedc65edb@group-3960EA708249:LeaderElection58] INFO  server.RaftServerConfigKeys (ConfUtils.java:logGet(43)) - raft.server.rpc.sleep.time = 25ms (default)
2019-09-26 13:31:51,372 [47bbf92c-dbb6-43bb-9d18-a90dedc65edb@group-F3CCE71B1BC5:LeaderElection59] INFO  server.RaftServerConfigKeys (ConfUtils.java:logGet(43)) - raft.server.rpc.sleep.time = 25ms (default)
2019-09-26 13:31:51,373 [47bbf92c-dbb6-43bb-9d18-a90dedc65edb@group-3960EA708249:LeaderElection58] INFO  server.RaftServerConfigKeys (ConfUtils.java:logGet(43)) - raft.server.write.element-limit = 4096 (default)
2019-09-26 13:31:51,373 [47bbf92c-dbb6-43bb-9d18-a90dedc65edb@group-F3CCE71B1BC5:LeaderElection59] INFO  server.RaftServerConfigKeys (ConfUtils.java:logGet(43)) - raft.server.write.element-limit = 4096 (default)
2019-09-26 13:31:51,373 [47bbf92c-dbb6-43bb-9d18-a90dedc65edb@group-3960EA708249:LeaderElection58] INFO  server.RaftServerConfigKeys (ConfUtils.java:logGet(43)) - raft.server.watch.timeout = 10s (default)
2019-09-26 13:31:51,373 [47bbf92c-dbb6-43bb-9d18-a90dedc65edb@group-F3CCE71B1BC5:LeaderElection59] INFO  server.RaftServerConfigKeys (ConfUtils.java:logGet(43)) - raft.server.watch.timeout = 10s (default)
2019-09-26 13:31:51,373 [47bbf92c-dbb6-43bb-9d18-a90dedc65edb@group-3960EA708249:LeaderElection58] INFO  server.RaftServerConfigKeys (ConfUtils.java:logGet(43)) - raft.server.watch.timeout.denomination = 1s (default)
2019-09-26 13:31:51,374 [47bbf92c-dbb6-43bb-9d18-a90dedc65edb@group-F3CCE71B1BC5:LeaderElection59] INFO  server.RaftServerConfigKeys (ConfUtils.java:logGet(43)) - raft.server.watch.timeout.denomination = 1s (default)
2019-09-26 13:31:51,374 [47bbf92c-dbb6-43bb-9d18-a90dedc65edb@group-3960EA708249:LeaderElection58] INFO  server.RaftServerConfigKeys (ConfUtils.java:logGet(43)) - raft.server.watch.element-limit = 65536 (default)
2019-09-26 13:31:51,374 [47bbf92c-dbb6-43bb-9d18-a90dedc65edb@group-F3CCE71B1BC5:LeaderElection59] INFO  server.RaftServerConfigKeys (ConfUtils.java:logGet(43)) - raft.server.watch.element-limit = 65536 (default)
2019-09-26 13:31:51,379 [47bbf92c-dbb6-43bb-9d18-a90dedc65edb@group-3960EA708249:LeaderElection58] INFO  impl.RoleInfo (RoleInfo.java:updateAndGet(143)) - 47bbf92c-dbb6-43bb-9d18-a90dedc65edb: start LeaderState
2019-09-26 13:31:51,380 [47bbf92c-dbb6-43bb-9d18-a90dedc65edb@group-F3CCE71B1BC5:LeaderElection59] INFO  impl.RoleInfo (RoleInfo.java:updateAndGet(143)) - 47bbf92c-dbb6-43bb-9d18-a90dedc65edb: start LeaderState
2019-09-26 13:31:51,380 [47bbf92c-dbb6-43bb-9d18-a90dedc65edb@group-3960EA708249:LeaderElection58] INFO  segmented.SegmentedRaftLogWorker (SegmentedRaftLogWorker.java:startLogSegment(380)) - 47bbf92c-dbb6-43bb-9d18-a90dedc65edb@group-3960EA708249-SegmentedRaftLogWorker: Starting segment from index:0
2019-09-26 13:31:51,380 [47bbf92c-dbb6-43bb-9d18-a90dedc65edb@group-F3CCE71B1BC5:LeaderElection59] INFO  segmented.SegmentedRaftLogWorker (SegmentedRaftLogWorker.java:startLogSegment(380)) - 47bbf92c-dbb6-43bb-9d18-a90dedc65edb@group-F3CCE71B1BC5-SegmentedRaftLogWorker: Starting segment from index:0
2019-09-26 13:31:51,381 [47bbf92c-dbb6-43bb-9d18-a90dedc65edb@group-3960EA708249:LeaderElection58] INFO  impl.RaftServerImpl (ServerState.java:setRaftConf(354)) - 47bbf92c-dbb6-43bb-9d18-a90dedc65edb@group-3960EA708249: set configuration 0: [47bbf92c-dbb6-43bb-9d18-a90dedc65edb:192.168.164.238:45788], old=null at 0
2019-09-26 13:31:51,381 [47bbf92c-dbb6-43bb-9d18-a90dedc65edb@group-F3CCE71B1BC5:LeaderElection59] INFO  impl.RaftServerImpl (ServerState.java:setRaftConf(354)) - 47bbf92c-dbb6-43bb-9d18-a90dedc65edb@group-F3CCE71B1BC5: set configuration 0: [47bbf92c-dbb6-43bb-9d18-a90dedc65edb:192.168.164.238:45788], old=null at 0
2019-09-26 13:31:51,385 [ac27144f-f6d7-46ce-b0ea-6a1298397a0b@group-2C5DDB182EEA:LeaderElection60] INFO  impl.LeaderElection (LeaderElection.java:askForVotes(182)) - ac27144f-f6d7-46ce-b0ea-6a1298397a0b@group-2C5DDB182EEA:LeaderElection60: begin an election at term 1 for -1: [ac27144f-f6d7-46ce-b0ea-6a1298397a0b:192.168.164.238:41017], old=null
2019-09-26 13:31:51,386 [ac27144f-f6d7-46ce-b0ea-6a1298397a0b@group-2C5DDB182EEA:LeaderElection60] INFO  impl.RoleInfo (RoleInfo.java:shutdownLeaderElection(134)) - ac27144f-f6d7-46ce-b0ea-6a1298397a0b: shutdown LeaderElection
2019-09-26 13:31:51,386 [ac27144f-f6d7-46ce-b0ea-6a1298397a0b@group-2C5DDB182EEA:LeaderElection60] INFO  impl.RaftServerImpl (RaftServerImpl.java:setRole(174)) - ac27144f-f6d7-46ce-b0ea-6a1298397a0b@group-2C5DDB182EEA: changes role from CANDIDATE to LEADER at term 1 for changeToLeader
2019-09-26 13:31:51,386 [ac27144f-f6d7-46ce-b0ea-6a1298397a0b@group-2C5DDB182EEA:LeaderElection60] INFO  impl.RaftServerImpl (ServerState.java:setLeader(253)) - ac27144f-f6d7-46ce-b0ea-6a1298397a0b@group-2C5DDB182EEA: change Leader from null to ac27144f-f6d7-46ce-b0ea-6a1298397a0b at term 1 for becomeLeader, leader elected after 5056ms
2019-09-26 13:31:51,386 [ac27144f-f6d7-46ce-b0ea-6a1298397a0b@group-2C5DDB182EEA:LeaderElection60] INFO  server.RaftServerConfigKeys (ConfUtils.java:logGet(43)) - raft.server.staging.catchup.gap = 1000 (default)
2019-09-26 13:31:51,386 [ac27144f-f6d7-46ce-b0ea-6a1298397a0b@group-2C5DDB182EEA:LeaderElection60] INFO  server.RaftServerConfigKeys (ConfUtils.java:logGet(43)) - raft.server.rpc.sleep.time = 25ms (default)
2019-09-26 13:31:51,386 [ac27144f-f6d7-46ce-b0ea-6a1298397a0b@group-2C5DDB182EEA:LeaderElection60] INFO  server.RaftServerConfigKeys (ConfUtils.java:logGet(43)) - raft.server.write.element-limit = 4096 (default)
2019-09-26 13:31:51,387 [ac27144f-f6d7-46ce-b0ea-6a1298397a0b@group-2C5DDB182EEA:LeaderElection60] INFO  server.RaftServerConfigKeys (ConfUtils.java:logGet(43)) - raft.server.watch.timeout = 10s (default)
2019-09-26 13:31:51,387 [ac27144f-f6d7-46ce-b0ea-6a1298397a0b@group-2C5DDB182EEA:LeaderElection60] INFO  server.RaftServerConfigKeys (ConfUtils.java:logGet(43)) - raft.server.watch.timeout.denomination = 1s (default)
2019-09-26 13:31:51,387 [ac27144f-f6d7-46ce-b0ea-6a1298397a0b@group-2C5DDB182EEA:LeaderElection60] INFO  server.RaftServerConfigKeys (ConfUtils.java:logGet(43)) - raft.server.watch.element-limit = 65536 (default)
2019-09-26 13:31:51,389 [ac27144f-f6d7-46ce-b0ea-6a1298397a0b@group-2C5DDB182EEA:LeaderElection60] INFO  impl.RoleInfo (RoleInfo.java:updateAndGet(143)) - ac27144f-f6d7-46ce-b0ea-6a1298397a0b: start LeaderState
2019-09-26 13:31:51,390 [ac27144f-f6d7-46ce-b0ea-6a1298397a0b@group-2C5DDB182EEA:LeaderElection60] INFO  segmented.SegmentedRaftLogWorker (SegmentedRaftLogWorker.java:startLogSegment(380)) - ac27144f-f6d7-46ce-b0ea-6a1298397a0b@group-2C5DDB182EEA-SegmentedRaftLogWorker: Starting segment from index:0
2019-09-26 13:31:51,391 [ac27144f-f6d7-46ce-b0ea-6a1298397a0b@group-2C5DDB182EEA:LeaderElection60] INFO  impl.RaftServerImpl (ServerState.java:setRaftConf(354)) - ac27144f-f6d7-46ce-b0ea-6a1298397a0b@group-2C5DDB182EEA: set configuration 0: [ac27144f-f6d7-46ce-b0ea-6a1298397a0b:192.168.164.238:41017], old=null at 0
2019-09-26 13:31:51,419 [47bbf92c-dbb6-43bb-9d18-a90dedc65edb@group-3960EA708249-SegmentedRaftLogWorker] INFO  segmented.SegmentedRaftLogWorker (SegmentedRaftLogWorker.java:execute(569)) - 47bbf92c-dbb6-43bb-9d18-a90dedc65edb@group-3960EA708249-SegmentedRaftLogWorker: created new log segment /workdir/hadoop-ozone/ozonefs/target/test-dir/MiniOzoneClusterImpl-a8a0317b-72d7-48ce-9e7f-dfff25f47ca1/datanode-2/data/ratis/aabd0ad6-9ebb-40a9-bc89-3960ea708249/current/log_inprogress_0
2019-09-26 13:31:51,422 [47bbf92c-dbb6-43bb-9d18-a90dedc65edb@group-F3CCE71B1BC5-SegmentedRaftLogWorker] INFO  segmented.SegmentedRaftLogWorker (SegmentedRaftLogWorker.java:execute(569)) - 47bbf92c-dbb6-43bb-9d18-a90dedc65edb@group-F3CCE71B1BC5-SegmentedRaftLogWorker: created new log segment /workdir/hadoop-ozone/ozonefs/target/test-dir/MiniOzoneClusterImpl-a8a0317b-72d7-48ce-9e7f-dfff25f47ca1/datanode-2/data/ratis/d9e702dd-cad8-49cb-93c9-f3cce71b1bc5/current/log_inprogress_0
2019-09-26 13:31:51,432 [ac27144f-f6d7-46ce-b0ea-6a1298397a0b@group-2C5DDB182EEA-SegmentedRaftLogWorker] INFO  segmented.SegmentedRaftLogWorker (SegmentedRaftLogWorker.java:execute(569)) - ac27144f-f6d7-46ce-b0ea-6a1298397a0b@group-2C5DDB182EEA-SegmentedRaftLogWorker: created new log segment /workdir/hadoop-ozone/ozonefs/target/test-dir/MiniOzoneClusterImpl-a8a0317b-72d7-48ce-9e7f-dfff25f47ca1/datanode-0/data/ratis/3596da56-b3d9-4a01-bc1f-2c5ddb182eea/current/log_inprogress_0
2019-09-26 13:31:51,473 [Thread-999] INFO  impl.FollowerState (FollowerState.java:run(106)) - ac27144f-f6d7-46ce-b0ea-6a1298397a0b:group-245F7FE652B0 changes to CANDIDATE, lastRpcTime:5199, electionTimeout:5199ms
2019-09-26 13:31:51,473 [Thread-999] INFO  impl.RoleInfo (RoleInfo.java:shutdownFollowerState(121)) - ac27144f-f6d7-46ce-b0ea-6a1298397a0b: shutdown FollowerState
2019-09-26 13:31:51,473 [Thread-999] INFO  impl.RaftServerImpl (RaftServerImpl.java:setRole(174)) - ac27144f-f6d7-46ce-b0ea-6a1298397a0b@group-245F7FE652B0: changes role from  FOLLOWER to CANDIDATE at term 0 for changeToCandidate
2019-09-26 13:31:51,473 [Thread-999] INFO  impl.RoleInfo (RoleInfo.java:updateAndGet(143)) - ac27144f-f6d7-46ce-b0ea-6a1298397a0b: start LeaderElection
2019-09-26 13:31:51,489 [ac27144f-f6d7-46ce-b0ea-6a1298397a0b@group-245F7FE652B0:LeaderElection61] INFO  impl.LeaderElection (LeaderElection.java:askForVotes(182)) - ac27144f-f6d7-46ce-b0ea-6a1298397a0b@group-245F7FE652B0:LeaderElection61: begin an election at term 1 for -1: [ac27144f-f6d7-46ce-b0ea-6a1298397a0b:192.168.164.238:41017], old=null
2019-09-26 13:31:51,490 [ac27144f-f6d7-46ce-b0ea-6a1298397a0b@group-245F7FE652B0:LeaderElection61] INFO  impl.RoleInfo (RoleInfo.java:shutdownLeaderElection(134)) - ac27144f-f6d7-46ce-b0ea-6a1298397a0b: shutdown LeaderElection
2019-09-26 13:31:51,490 [ac27144f-f6d7-46ce-b0ea-6a1298397a0b@group-245F7FE652B0:LeaderElection61] INFO  impl.RaftServerImpl (RaftServerImpl.java:setRole(174)) - ac27144f-f6d7-46ce-b0ea-6a1298397a0b@group-245F7FE652B0: changes role from CANDIDATE to LEADER at term 1 for changeToLeader
2019-09-26 13:31:51,490 [ac27144f-f6d7-46ce-b0ea-6a1298397a0b@group-245F7FE652B0:LeaderElection61] INFO  impl.RaftServerImpl (ServerState.java:setLeader(253)) - ac27144f-f6d7-46ce-b0ea-6a1298397a0b@group-245F7FE652B0: change Leader from null to ac27144f-f6d7-46ce-b0ea-6a1298397a0b at term 1 for becomeLeader, leader elected after 5221ms
2019-09-26 13:31:51,490 [ac27144f-f6d7-46ce-b0ea-6a1298397a0b@group-245F7FE652B0:LeaderElection61] INFO  server.RaftServerConfigKeys (ConfUtils.java:logGet(43)) - raft.server.staging.catchup.gap = 1000 (default)
2019-09-26 13:31:51,490 [ac27144f-f6d7-46ce-b0ea-6a1298397a0b@group-245F7FE652B0:LeaderElection61] INFO  server.RaftServerConfigKeys (ConfUtils.java:logGet(43)) - raft.server.rpc.sleep.time = 25ms (default)
2019-09-26 13:31:51,490 [ac27144f-f6d7-46ce-b0ea-6a1298397a0b@group-245F7FE652B0:LeaderElection61] INFO  server.RaftServerConfigKeys (ConfUtils.java:logGet(43)) - raft.server.write.element-limit = 4096 (default)
2019-09-26 13:31:51,490 [ac27144f-f6d7-46ce-b0ea-6a1298397a0b@group-245F7FE652B0:LeaderElection61] INFO  server.RaftServerConfigKeys (ConfUtils.java:logGet(43)) - raft.server.watch.timeout = 10s (default)
2019-09-26 13:31:51,491 [ac27144f-f6d7-46ce-b0ea-6a1298397a0b@group-245F7FE652B0:LeaderElection61] INFO  server.RaftServerConfigKeys (ConfUtils.java:logGet(43)) - raft.server.watch.timeout.denomination = 1s (default)
2019-09-26 13:31:51,491 [ac27144f-f6d7-46ce-b0ea-6a1298397a0b@group-245F7FE652B0:LeaderElection61] INFO  server.RaftServerConfigKeys (ConfUtils.java:logGet(43)) - raft.server.watch.element-limit = 65536 (default)
2019-09-26 13:31:51,492 [ac27144f-f6d7-46ce-b0ea-6a1298397a0b@group-245F7FE652B0:LeaderElection61] INFO  impl.RoleInfo (RoleInfo.java:updateAndGet(143)) - ac27144f-f6d7-46ce-b0ea-6a1298397a0b: start LeaderState
2019-09-26 13:31:51,493 [ac27144f-f6d7-46ce-b0ea-6a1298397a0b@group-245F7FE652B0:LeaderElection61] INFO  segmented.SegmentedRaftLogWorker (SegmentedRaftLogWorker.java:startLogSegment(380)) - ac27144f-f6d7-46ce-b0ea-6a1298397a0b@group-245F7FE652B0-SegmentedRaftLogWorker: Starting segment from index:0
2019-09-26 13:31:51,493 [ac27144f-f6d7-46ce-b0ea-6a1298397a0b@group-245F7FE652B0:LeaderElection61] INFO  impl.RaftServerImpl (ServerState.java:setRaftConf(354)) - ac27144f-f6d7-46ce-b0ea-6a1298397a0b@group-245F7FE652B0: set configuration 0: [ac27144f-f6d7-46ce-b0ea-6a1298397a0b:192.168.164.238:41017], old=null at 0
2019-09-26 13:31:51,508 [Thread-1005] INFO  impl.FollowerState (FollowerState.java:run(106)) - 47bbf92c-dbb6-43bb-9d18-a90dedc65edb:group-80DDE8C8A7AB changes to CANDIDATE, lastRpcTime:5124, electionTimeout:5124ms
2019-09-26 13:31:51,508 [Thread-1005] INFO  impl.RoleInfo (RoleInfo.java:shutdownFollowerState(121)) - 47bbf92c-dbb6-43bb-9d18-a90dedc65edb: shutdown FollowerState
2019-09-26 13:31:51,508 [Thread-1005] INFO  impl.RaftServerImpl (RaftServerImpl.java:setRole(174)) - 47bbf92c-dbb6-43bb-9d18-a90dedc65edb@group-80DDE8C8A7AB: changes role from  FOLLOWER to CANDIDATE at term 0 for changeToCandidate
2019-09-26 13:31:51,508 [Thread-1005] INFO  impl.RoleInfo (RoleInfo.java:updateAndGet(143)) - 47bbf92c-dbb6-43bb-9d18-a90dedc65edb: start LeaderElection
2019-09-26 13:31:51,536 [Thread-1008] INFO  impl.FollowerState (FollowerState.java:run(106)) - ac27144f-f6d7-46ce-b0ea-6a1298397a0b:group-2421FD9FCDDF changes to CANDIDATE, lastRpcTime:5110, electionTimeout:5085ms
2019-09-26 13:31:51,536 [Thread-1008] INFO  impl.RoleInfo (RoleInfo.java:shutdownFollowerState(121)) - ac27144f-f6d7-46ce-b0ea-6a1298397a0b: shutdown FollowerState
2019-09-26 13:31:51,536 [Thread-1008] INFO  impl.RaftServerImpl (RaftServerImpl.java:setRole(174)) - ac27144f-f6d7-46ce-b0ea-6a1298397a0b@group-2421FD9FCDDF: changes role from  FOLLOWER to CANDIDATE at term 0 for changeToCandidate
2019-09-26 13:31:51,537 [Thread-1008] INFO  impl.RoleInfo (RoleInfo.java:updateAndGet(143)) - ac27144f-f6d7-46ce-b0ea-6a1298397a0b: start LeaderElection
2019-09-26 13:31:51,549 [ac27144f-f6d7-46ce-b0ea-6a1298397a0b@group-245F7FE652B0-SegmentedRaftLogWorker] INFO  segmented.SegmentedRaftLogWorker (SegmentedRaftLogWorker.java:execute(569)) - ac27144f-f6d7-46ce-b0ea-6a1298397a0b@group-245F7FE652B0-SegmentedRaftLogWorker: created new log segment /workdir/hadoop-ozone/ozonefs/target/test-dir/MiniOzoneClusterImpl-a8a0317b-72d7-48ce-9e7f-dfff25f47ca1/datanode-0/data/ratis/cc2aab49-982c-4a03-95cf-245f7fe652b0/current/log_inprogress_0
2019-09-26 13:31:51,549 [47bbf92c-dbb6-43bb-9d18-a90dedc65edb@group-80DDE8C8A7AB:LeaderElection62] INFO  impl.LeaderElection (LeaderElection.java:askForVotes(182)) - 47bbf92c-dbb6-43bb-9d18-a90dedc65edb@group-80DDE8C8A7AB:LeaderElection62: begin an election at term 1 for -1: [47bbf92c-dbb6-43bb-9d18-a90dedc65edb:192.168.164.238:45788], old=null
2019-09-26 13:31:51,549 [ac27144f-f6d7-46ce-b0ea-6a1298397a0b@group-2421FD9FCDDF:LeaderElection63] INFO  impl.LeaderElection (LeaderElection.java:askForVotes(182)) - ac27144f-f6d7-46ce-b0ea-6a1298397a0b@group-2421FD9FCDDF:LeaderElection63: begin an election at term 1 for -1: [ac27144f-f6d7-46ce-b0ea-6a1298397a0b:192.168.164.238:41017], old=null
2019-09-26 13:31:51,549 [47bbf92c-dbb6-43bb-9d18-a90dedc65edb@group-80DDE8C8A7AB:LeaderElection62] INFO  impl.RoleInfo (RoleInfo.java:shutdownLeaderElection(134)) - 47bbf92c-dbb6-43bb-9d18-a90dedc65edb: shutdown LeaderElection
2019-09-26 13:31:51,549 [ac27144f-f6d7-46ce-b0ea-6a1298397a0b@group-2421FD9FCDDF:LeaderElection63] INFO  impl.RoleInfo (RoleInfo.java:shutdownLeaderElection(134)) - ac27144f-f6d7-46ce-b0ea-6a1298397a0b: shutdown LeaderElection
2019-09-26 13:31:51,549 [47bbf92c-dbb6-43bb-9d18-a90dedc65edb@group-80DDE8C8A7AB:LeaderElection62] INFO  impl.RaftServerImpl (RaftServerImpl.java:setRole(174)) - 47bbf92c-dbb6-43bb-9d18-a90dedc65edb@group-80DDE8C8A7AB: changes role from CANDIDATE to LEADER at term 1 for changeToLeader
2019-09-26 13:31:51,549 [ac27144f-f6d7-46ce-b0ea-6a1298397a0b@group-2421FD9FCDDF:LeaderElection63] INFO  impl.RaftServerImpl (RaftServerImpl.java:setRole(174)) - ac27144f-f6d7-46ce-b0ea-6a1298397a0b@group-2421FD9FCDDF: changes role from CANDIDATE to LEADER at term 1 for changeToLeader
2019-09-26 13:31:51,549 [47bbf92c-dbb6-43bb-9d18-a90dedc65edb@group-80DDE8C8A7AB:LeaderElection62] INFO  impl.RaftServerImpl (ServerState.java:setLeader(253)) - 47bbf92c-dbb6-43bb-9d18-a90dedc65edb@group-80DDE8C8A7AB: change Leader from null to 47bbf92c-dbb6-43bb-9d18-a90dedc65edb at term 1 for becomeLeader, leader elected after 5173ms
2019-09-26 13:31:51,549 [ac27144f-f6d7-46ce-b0ea-6a1298397a0b@group-2421FD9FCDDF:LeaderElection63] INFO  impl.RaftServerImpl (ServerState.java:setLeader(253)) - ac27144f-f6d7-46ce-b0ea-6a1298397a0b@group-2421FD9FCDDF: change Leader from null to ac27144f-f6d7-46ce-b0ea-6a1298397a0b at term 1 for becomeLeader, leader elected after 5128ms
2019-09-26 13:31:51,550 [47bbf92c-dbb6-43bb-9d18-a90dedc65edb@group-80DDE8C8A7AB:LeaderElection62] INFO  server.RaftServerConfigKeys (ConfUtils.java:logGet(43)) - raft.server.staging.catchup.gap = 1000 (default)
2019-09-26 13:31:51,550 [ac27144f-f6d7-46ce-b0ea-6a1298397a0b@group-2421FD9FCDDF:LeaderElection63] INFO  server.RaftServerConfigKeys (ConfUtils.java:logGet(43)) - raft.server.staging.catchup.gap = 1000 (default)
2019-09-26 13:31:51,550 [47bbf92c-dbb6-43bb-9d18-a90dedc65edb@group-80DDE8C8A7AB:LeaderElection62] INFO  server.RaftServerConfigKeys (ConfUtils.java:logGet(43)) - raft.server.rpc.sleep.time = 25ms (default)
2019-09-26 13:31:51,550 [ac27144f-f6d7-46ce-b0ea-6a1298397a0b@group-2421FD9FCDDF:LeaderElection63] INFO  server.RaftServerConfigKeys (ConfUtils.java:logGet(43)) - raft.server.rpc.sleep.time = 25ms (default)
2019-09-26 13:31:51,550 [47bbf92c-dbb6-43bb-9d18-a90dedc65edb@group-80DDE8C8A7AB:LeaderElection62] INFO  server.RaftServerConfigKeys (ConfUtils.java:logGet(43)) - raft.server.write.element-limit = 4096 (default)
2019-09-26 13:31:51,550 [ac27144f-f6d7-46ce-b0ea-6a1298397a0b@group-2421FD9FCDDF:LeaderElection63] INFO  server.RaftServerConfigKeys (ConfUtils.java:logGet(43)) - raft.server.write.element-limit = 4096 (default)
2019-09-26 13:31:51,550 [47bbf92c-dbb6-43bb-9d18-a90dedc65edb@group-80DDE8C8A7AB:LeaderElection62] INFO  server.RaftServerConfigKeys (ConfUtils.java:logGet(43)) - raft.server.watch.timeout = 10s (default)
2019-09-26 13:31:51,550 [ac27144f-f6d7-46ce-b0ea-6a1298397a0b@group-2421FD9FCDDF:LeaderElection63] INFO  server.RaftServerConfigKeys (ConfUtils.java:logGet(43)) - raft.server.watch.timeout = 10s (default)
2019-09-26 13:31:51,551 [47bbf92c-dbb6-43bb-9d18-a90dedc65edb@group-80DDE8C8A7AB:LeaderElection62] INFO  server.RaftServerConfigKeys (ConfUtils.java:logGet(43)) - raft.server.watch.timeout.denomination = 1s (default)
2019-09-26 13:31:51,551 [ac27144f-f6d7-46ce-b0ea-6a1298397a0b@group-2421FD9FCDDF:LeaderElection63] INFO  server.RaftServerConfigKeys (ConfUtils.java:logGet(43)) - raft.server.watch.timeout.denomination = 1s (default)
2019-09-26 13:31:51,551 [47bbf92c-dbb6-43bb-9d18-a90dedc65edb@group-80DDE8C8A7AB:LeaderElection62] INFO  server.RaftServerConfigKeys (ConfUtils.java:logGet(43)) - raft.server.watch.element-limit = 65536 (default)
2019-09-26 13:31:51,551 [ac27144f-f6d7-46ce-b0ea-6a1298397a0b@group-2421FD9FCDDF:LeaderElection63] INFO  server.RaftServerConfigKeys (ConfUtils.java:logGet(43)) - raft.server.watch.element-limit = 65536 (default)
2019-09-26 13:31:51,553 [47bbf92c-dbb6-43bb-9d18-a90dedc65edb@group-80DDE8C8A7AB:LeaderElection62] INFO  impl.RoleInfo (RoleInfo.java:updateAndGet(143)) - 47bbf92c-dbb6-43bb-9d18-a90dedc65edb: start LeaderState
2019-09-26 13:31:51,553 [47bbf92c-dbb6-43bb-9d18-a90dedc65edb@group-80DDE8C8A7AB:LeaderElection62] INFO  segmented.SegmentedRaftLogWorker (SegmentedRaftLogWorker.java:startLogSegment(380)) - 47bbf92c-dbb6-43bb-9d18-a90dedc65edb@group-80DDE8C8A7AB-SegmentedRaftLogWorker: Starting segment from index:0
2019-09-26 13:31:51,553 [ac27144f-f6d7-46ce-b0ea-6a1298397a0b@group-2421FD9FCDDF:LeaderElection63] INFO  impl.RoleInfo (RoleInfo.java:updateAndGet(143)) - ac27144f-f6d7-46ce-b0ea-6a1298397a0b: start LeaderState
2019-09-26 13:31:51,554 [ac27144f-f6d7-46ce-b0ea-6a1298397a0b@group-2421FD9FCDDF:LeaderElection63] INFO  segmented.SegmentedRaftLogWorker (SegmentedRaftLogWorker.java:startLogSegment(380)) - ac27144f-f6d7-46ce-b0ea-6a1298397a0b@group-2421FD9FCDDF-SegmentedRaftLogWorker: Starting segment from index:0
2019-09-26 13:31:51,554 [47bbf92c-dbb6-43bb-9d18-a90dedc65edb@group-80DDE8C8A7AB:LeaderElection62] INFO  impl.RaftServerImpl (ServerState.java:setRaftConf(354)) - 47bbf92c-dbb6-43bb-9d18-a90dedc65edb@group-80DDE8C8A7AB: set configuration 0: [47bbf92c-dbb6-43bb-9d18-a90dedc65edb:192.168.164.238:45788], old=null at 0
2019-09-26 13:31:51,554 [ac27144f-f6d7-46ce-b0ea-6a1298397a0b@group-2421FD9FCDDF:LeaderElection63] INFO  impl.RaftServerImpl (ServerState.java:setRaftConf(354)) - ac27144f-f6d7-46ce-b0ea-6a1298397a0b@group-2421FD9FCDDF: set configuration 0: [ac27144f-f6d7-46ce-b0ea-6a1298397a0b:192.168.164.238:41017], old=null at 0
2019-09-26 13:31:51,575 [Thread-1014] INFO  impl.FollowerState (FollowerState.java:run(106)) - c422126f-6486-4976-ac4b-383283fcc5dc:group-C3FD1247BF42 changes to CANDIDATE, lastRpcTime:5061, electionTimeout:5061ms
2019-09-26 13:31:51,575 [Thread-1014] INFO  impl.RoleInfo (RoleInfo.java:shutdownFollowerState(121)) - c422126f-6486-4976-ac4b-383283fcc5dc: shutdown FollowerState
2019-09-26 13:31:51,575 [Thread-1014] INFO  impl.RaftServerImpl (RaftServerImpl.java:setRole(174)) - c422126f-6486-4976-ac4b-383283fcc5dc@group-C3FD1247BF42: changes role from  FOLLOWER to CANDIDATE at term 0 for changeToCandidate
2019-09-26 13:31:51,575 [Thread-1014] INFO  impl.RoleInfo (RoleInfo.java:updateAndGet(143)) - c422126f-6486-4976-ac4b-383283fcc5dc: start LeaderElection
2019-09-26 13:31:51,621 [ac27144f-f6d7-46ce-b0ea-6a1298397a0b@group-2421FD9FCDDF-SegmentedRaftLogWorker] INFO  segmented.SegmentedRaftLogWorker (SegmentedRaftLogWorker.java:execute(569)) - ac27144f-f6d7-46ce-b0ea-6a1298397a0b@group-2421FD9FCDDF-SegmentedRaftLogWorker: created new log segment /workdir/hadoop-ozone/ozonefs/target/test-dir/MiniOzoneClusterImpl-a8a0317b-72d7-48ce-9e7f-dfff25f47ca1/datanode-0/data/ratis/dbe05e19-9f0f-44e7-b738-2421fd9fcddf/current/log_inprogress_0
2019-09-26 13:31:51,622 [c422126f-6486-4976-ac4b-383283fcc5dc@group-C3FD1247BF42:LeaderElection64] INFO  impl.LeaderElection (LeaderElection.java:askForVotes(182)) - c422126f-6486-4976-ac4b-383283fcc5dc@group-C3FD1247BF42:LeaderElection64: begin an election at term 1 for -1: [c422126f-6486-4976-ac4b-383283fcc5dc:192.168.164.238:37658], old=null
2019-09-26 13:31:51,621 [47bbf92c-dbb6-43bb-9d18-a90dedc65edb@group-80DDE8C8A7AB-SegmentedRaftLogWorker] INFO  segmented.SegmentedRaftLogWorker (SegmentedRaftLogWorker.java:execute(569)) - 47bbf92c-dbb6-43bb-9d18-a90dedc65edb@group-80DDE8C8A7AB-SegmentedRaftLogWorker: created new log segment /workdir/hadoop-ozone/ozonefs/target/test-dir/MiniOzoneClusterImpl-a8a0317b-72d7-48ce-9e7f-dfff25f47ca1/datanode-2/data/ratis/ad24af8a-f0f6-466a-b6bc-80dde8c8a7ab/current/log_inprogress_0
2019-09-26 13:31:51,622 [c422126f-6486-4976-ac4b-383283fcc5dc@group-C3FD1247BF42:LeaderElection64] INFO  impl.RoleInfo (RoleInfo.java:shutdownLeaderElection(134)) - c422126f-6486-4976-ac4b-383283fcc5dc: shutdown LeaderElection
2019-09-26 13:31:51,622 [c422126f-6486-4976-ac4b-383283fcc5dc@group-C3FD1247BF42:LeaderElection64] INFO  impl.RaftServerImpl (RaftServerImpl.java:setRole(174)) - c422126f-6486-4976-ac4b-383283fcc5dc@group-C3FD1247BF42: changes role from CANDIDATE to LEADER at term 1 for changeToLeader
2019-09-26 13:31:51,622 [c422126f-6486-4976-ac4b-383283fcc5dc@group-C3FD1247BF42:LeaderElection64] INFO  impl.RaftServerImpl (ServerState.java:setLeader(253)) - c422126f-6486-4976-ac4b-383283fcc5dc@group-C3FD1247BF42: change Leader from null to c422126f-6486-4976-ac4b-383283fcc5dc at term 1 for becomeLeader, leader elected after 5114ms
2019-09-26 13:31:51,622 [c422126f-6486-4976-ac4b-383283fcc5dc@group-C3FD1247BF42:LeaderElection64] INFO  server.RaftServerConfigKeys (ConfUtils.java:logGet(43)) - raft.server.staging.catchup.gap = 1000 (default)
2019-09-26 13:31:51,623 [c422126f-6486-4976-ac4b-383283fcc5dc@group-C3FD1247BF42:LeaderElection64] INFO  server.RaftServerConfigKeys (ConfUtils.java:logGet(43)) - raft.server.rpc.sleep.time = 25ms (default)
2019-09-26 13:31:51,623 [c422126f-6486-4976-ac4b-383283fcc5dc@group-C3FD1247BF42:LeaderElection64] INFO  server.RaftServerConfigKeys (ConfUtils.java:logGet(43)) - raft.server.write.element-limit = 4096 (default)
2019-09-26 13:31:51,623 [c422126f-6486-4976-ac4b-383283fcc5dc@group-C3FD1247BF42:LeaderElection64] INFO  server.RaftServerConfigKeys (ConfUtils.java:logGet(43)) - raft.server.watch.timeout = 10s (default)
2019-09-26 13:31:51,623 [c422126f-6486-4976-ac4b-383283fcc5dc@group-C3FD1247BF42:LeaderElection64] INFO  server.RaftServerConfigKeys (ConfUtils.java:logGet(43)) - raft.server.watch.timeout.denomination = 1s (default)
2019-09-26 13:31:51,623 [c422126f-6486-4976-ac4b-383283fcc5dc@group-C3FD1247BF42:LeaderElection64] INFO  server.RaftServerConfigKeys (ConfUtils.java:logGet(43)) - raft.server.watch.element-limit = 65536 (default)
2019-09-26 13:31:51,625 [c422126f-6486-4976-ac4b-383283fcc5dc@group-C3FD1247BF42:LeaderElection64] INFO  impl.RoleInfo (RoleInfo.java:updateAndGet(143)) - c422126f-6486-4976-ac4b-383283fcc5dc: start LeaderState
2019-09-26 13:31:51,626 [c422126f-6486-4976-ac4b-383283fcc5dc@group-C3FD1247BF42:LeaderElection64] INFO  segmented.SegmentedRaftLogWorker (SegmentedRaftLogWorker.java:startLogSegment(380)) - c422126f-6486-4976-ac4b-383283fcc5dc@group-C3FD1247BF42-SegmentedRaftLogWorker: Starting segment from index:0
2019-09-26 13:31:51,626 [c422126f-6486-4976-ac4b-383283fcc5dc@group-C3FD1247BF42:LeaderElection64] INFO  impl.RaftServerImpl (ServerState.java:setRaftConf(354)) - c422126f-6486-4976-ac4b-383283fcc5dc@group-C3FD1247BF42: set configuration 0: [c422126f-6486-4976-ac4b-383283fcc5dc:192.168.164.238:37658], old=null at 0
2019-09-26 13:31:51,631 [Thread-1011] INFO  impl.FollowerState (FollowerState.java:run(106)) - c422126f-6486-4976-ac4b-383283fcc5dc:group-92909C8643D6 changes to CANDIDATE, lastRpcTime:5161, electionTimeout:5161ms
2019-09-26 13:31:51,631 [Thread-1011] INFO  impl.RoleInfo (RoleInfo.java:shutdownFollowerState(121)) - c422126f-6486-4976-ac4b-383283fcc5dc: shutdown FollowerState
2019-09-26 13:31:51,631 [Thread-1011] INFO  impl.RaftServerImpl (RaftServerImpl.java:setRole(174)) - c422126f-6486-4976-ac4b-383283fcc5dc@group-92909C8643D6: changes role from  FOLLOWER to CANDIDATE at term 0 for changeToCandidate
2019-09-26 13:31:51,631 [Thread-1011] INFO  impl.RoleInfo (RoleInfo.java:updateAndGet(143)) - c422126f-6486-4976-ac4b-383283fcc5dc: start LeaderElection
2019-09-26 13:31:51,667 [Thread-1023] INFO  impl.FollowerState (FollowerState.java:run(106)) - 47bbf92c-dbb6-43bb-9d18-a90dedc65edb:group-A4F18C8E43D6 changes to CANDIDATE, lastRpcTime:5014, electionTimeout:5012ms
2019-09-26 13:31:51,668 [Thread-1023] INFO  impl.RoleInfo (RoleInfo.java:shutdownFollowerState(121)) - 47bbf92c-dbb6-43bb-9d18-a90dedc65edb: shutdown FollowerState
2019-09-26 13:31:51,668 [Thread-1023] INFO  impl.RaftServerImpl (RaftServerImpl.java:setRole(174)) - 47bbf92c-dbb6-43bb-9d18-a90dedc65edb@group-A4F18C8E43D6: changes role from  FOLLOWER to CANDIDATE at term 0 for changeToCandidate
2019-09-26 13:31:51,668 [Thread-1023] INFO  impl.RoleInfo (RoleInfo.java:updateAndGet(143)) - 47bbf92c-dbb6-43bb-9d18-a90dedc65edb: start LeaderElection
2019-09-26 13:31:51,681 [c422126f-6486-4976-ac4b-383283fcc5dc@group-C3FD1247BF42-SegmentedRaftLogWorker] INFO  segmented.SegmentedRaftLogWorker (SegmentedRaftLogWorker.java:execute(569)) - c422126f-6486-4976-ac4b-383283fcc5dc@group-C3FD1247BF42-SegmentedRaftLogWorker: created new log segment /workdir/hadoop-ozone/ozonefs/target/test-dir/MiniOzoneClusterImpl-a8a0317b-72d7-48ce-9e7f-dfff25f47ca1/datanode-1/data/ratis/ea08dc7a-5de4-4999-a4c4-c3fd1247bf42/current/log_inprogress_0
2019-09-26 13:31:51,681 [47bbf92c-dbb6-43bb-9d18-a90dedc65edb@group-A4F18C8E43D6:LeaderElection66] INFO  impl.LeaderElection (LeaderElection.java:askForVotes(182)) - 47bbf92c-dbb6-43bb-9d18-a90dedc65edb@group-A4F18C8E43D6:LeaderElection66: begin an election at term 1 for -1: [47bbf92c-dbb6-43bb-9d18-a90dedc65edb:192.168.164.238:45788], old=null
2019-09-26 13:31:51,681 [c422126f-6486-4976-ac4b-383283fcc5dc@group-92909C8643D6:LeaderElection65] INFO  impl.LeaderElection (LeaderElection.java:askForVotes(182)) - c422126f-6486-4976-ac4b-383283fcc5dc@group-92909C8643D6:LeaderElection65: begin an election at term 1 for -1: [c422126f-6486-4976-ac4b-383283fcc5dc:192.168.164.238:37658], old=null
2019-09-26 13:31:51,681 [c422126f-6486-4976-ac4b-383283fcc5dc@group-92909C8643D6:LeaderElection65] INFO  impl.RoleInfo (RoleInfo.java:shutdownLeaderElection(134)) - c422126f-6486-4976-ac4b-383283fcc5dc: shutdown LeaderElection
2019-09-26 13:31:51,681 [47bbf92c-dbb6-43bb-9d18-a90dedc65edb@group-A4F18C8E43D6:LeaderElection66] INFO  impl.RoleInfo (RoleInfo.java:shutdownLeaderElection(134)) - 47bbf92c-dbb6-43bb-9d18-a90dedc65edb: shutdown LeaderElection
2019-09-26 13:31:51,681 [c422126f-6486-4976-ac4b-383283fcc5dc@group-92909C8643D6:LeaderElection65] INFO  impl.RaftServerImpl (RaftServerImpl.java:setRole(174)) - c422126f-6486-4976-ac4b-383283fcc5dc@group-92909C8643D6: changes role from CANDIDATE to LEADER at term 1 for changeToLeader
2019-09-26 13:31:51,681 [47bbf92c-dbb6-43bb-9d18-a90dedc65edb@group-A4F18C8E43D6:LeaderElection66] INFO  impl.RaftServerImpl (RaftServerImpl.java:setRole(174)) - 47bbf92c-dbb6-43bb-9d18-a90dedc65edb@group-A4F18C8E43D6: changes role from CANDIDATE to LEADER at term 1 for changeToLeader
2019-09-26 13:31:51,682 [c422126f-6486-4976-ac4b-383283fcc5dc@group-92909C8643D6:LeaderElection65] INFO  impl.RaftServerImpl (ServerState.java:setLeader(253)) - c422126f-6486-4976-ac4b-383283fcc5dc@group-92909C8643D6: change Leader from null to c422126f-6486-4976-ac4b-383283fcc5dc at term 1 for becomeLeader, leader elected after 5218ms
2019-09-26 13:31:51,682 [47bbf92c-dbb6-43bb-9d18-a90dedc65edb@group-A4F18C8E43D6:LeaderElection66] INFO  impl.RaftServerImpl (ServerState.java:setLeader(253)) - 47bbf92c-dbb6-43bb-9d18-a90dedc65edb@group-A4F18C8E43D6: change Leader from null to 47bbf92c-dbb6-43bb-9d18-a90dedc65edb at term 1 for becomeLeader, leader elected after 5035ms
2019-09-26 13:31:51,682 [c422126f-6486-4976-ac4b-383283fcc5dc@group-92909C8643D6:LeaderElection65] INFO  server.RaftServerConfigKeys (ConfUtils.java:logGet(43)) - raft.server.staging.catchup.gap = 1000 (default)
2019-09-26 13:31:51,682 [47bbf92c-dbb6-43bb-9d18-a90dedc65edb@group-A4F18C8E43D6:LeaderElection66] INFO  server.RaftServerConfigKeys (ConfUtils.java:logGet(43)) - raft.server.staging.catchup.gap = 1000 (default)
2019-09-26 13:31:51,682 [c422126f-6486-4976-ac4b-383283fcc5dc@group-92909C8643D6:LeaderElection65] INFO  server.RaftServerConfigKeys (ConfUtils.java:logGet(43)) - raft.server.rpc.sleep.time = 25ms (default)
2019-09-26 13:31:51,682 [47bbf92c-dbb6-43bb-9d18-a90dedc65edb@group-A4F18C8E43D6:LeaderElection66] INFO  server.RaftServerConfigKeys (ConfUtils.java:logGet(43)) - raft.server.rpc.sleep.time = 25ms (default)
2019-09-26 13:31:51,682 [c422126f-6486-4976-ac4b-383283fcc5dc@group-92909C8643D6:LeaderElection65] INFO  server.RaftServerConfigKeys (ConfUtils.java:logGet(43)) - raft.server.write.element-limit = 4096 (default)
2019-09-26 13:31:51,683 [47bbf92c-dbb6-43bb-9d18-a90dedc65edb@group-A4F18C8E43D6:LeaderElection66] INFO  server.RaftServerConfigKeys (ConfUtils.java:logGet(43)) - raft.server.write.element-limit = 4096 (default)
2019-09-26 13:31:51,683 [c422126f-6486-4976-ac4b-383283fcc5dc@group-92909C8643D6:LeaderElection65] INFO  server.RaftServerConfigKeys (ConfUtils.java:logGet(43)) - raft.server.watch.timeout = 10s (default)
2019-09-26 13:31:51,683 [47bbf92c-dbb6-43bb-9d18-a90dedc65edb@group-A4F18C8E43D6:LeaderElection66] INFO  server.RaftServerConfigKeys (ConfUtils.java:logGet(43)) - raft.server.watch.timeout = 10s (default)
2019-09-26 13:31:51,683 [c422126f-6486-4976-ac4b-383283fcc5dc@group-92909C8643D6:LeaderElection65] INFO  server.RaftServerConfigKeys (ConfUtils.java:logGet(43)) - raft.server.watch.timeout.denomination = 1s (default)
2019-09-26 13:31:51,683 [47bbf92c-dbb6-43bb-9d18-a90dedc65edb@group-A4F18C8E43D6:LeaderElection66] INFO  server.RaftServerConfigKeys (ConfUtils.java:logGet(43)) - raft.server.watch.timeout.denomination = 1s (default)
2019-09-26 13:31:51,683 [c422126f-6486-4976-ac4b-383283fcc5dc@group-92909C8643D6:LeaderElection65] INFO  server.RaftServerConfigKeys (ConfUtils.java:logGet(43)) - raft.server.watch.element-limit = 65536 (default)
2019-09-26 13:31:51,683 [47bbf92c-dbb6-43bb-9d18-a90dedc65edb@group-A4F18C8E43D6:LeaderElection66] INFO  server.RaftServerConfigKeys (ConfUtils.java:logGet(43)) - raft.server.watch.element-limit = 65536 (default)
2019-09-26 13:31:51,687 [c422126f-6486-4976-ac4b-383283fcc5dc@group-92909C8643D6:LeaderElection65] INFO  impl.RoleInfo (RoleInfo.java:updateAndGet(143)) - c422126f-6486-4976-ac4b-383283fcc5dc: start LeaderState
2019-09-26 13:31:51,687 [47bbf92c-dbb6-43bb-9d18-a90dedc65edb@group-A4F18C8E43D6:LeaderElection66] INFO  impl.RoleInfo (RoleInfo.java:updateAndGet(143)) - 47bbf92c-dbb6-43bb-9d18-a90dedc65edb: start LeaderState
2019-09-26 13:31:51,687 [c422126f-6486-4976-ac4b-383283fcc5dc@group-92909C8643D6:LeaderElection65] INFO  segmented.SegmentedRaftLogWorker (SegmentedRaftLogWorker.java:startLogSegment(380)) - c422126f-6486-4976-ac4b-383283fcc5dc@group-92909C8643D6-SegmentedRaftLogWorker: Starting segment from index:0
2019-09-26 13:31:51,687 [47bbf92c-dbb6-43bb-9d18-a90dedc65edb@group-A4F18C8E43D6:LeaderElection66] INFO  segmented.SegmentedRaftLogWorker (SegmentedRaftLogWorker.java:startLogSegment(380)) - 47bbf92c-dbb6-43bb-9d18-a90dedc65edb@group-A4F18C8E43D6-SegmentedRaftLogWorker: Starting segment from index:0
2019-09-26 13:31:51,688 [47bbf92c-dbb6-43bb-9d18-a90dedc65edb@group-A4F18C8E43D6:LeaderElection66] INFO  impl.RaftServerImpl (ServerState.java:setRaftConf(354)) - 47bbf92c-dbb6-43bb-9d18-a90dedc65edb@group-A4F18C8E43D6: set configuration 0: [47bbf92c-dbb6-43bb-9d18-a90dedc65edb:192.168.164.238:45788], old=null at 0
2019-09-26 13:31:51,688 [c422126f-6486-4976-ac4b-383283fcc5dc@group-92909C8643D6:LeaderElection65] INFO  impl.RaftServerImpl (ServerState.java:setRaftConf(354)) - c422126f-6486-4976-ac4b-383283fcc5dc@group-92909C8643D6: set configuration 0: [c422126f-6486-4976-ac4b-383283fcc5dc:192.168.164.238:37658], old=null at 0
2019-09-26 13:31:51,700 [Thread-1017] INFO  impl.FollowerState (FollowerState.java:run(106)) - c422126f-6486-4976-ac4b-383283fcc5dc:group-C1C16E742C67 changes to CANDIDATE, lastRpcTime:5132, electionTimeout:5132ms
2019-09-26 13:31:51,700 [Thread-1017] INFO  impl.RoleInfo (RoleInfo.java:shutdownFollowerState(121)) - c422126f-6486-4976-ac4b-383283fcc5dc: shutdown FollowerState
2019-09-26 13:31:51,700 [Thread-1017] INFO  impl.RaftServerImpl (RaftServerImpl.java:setRole(174)) - c422126f-6486-4976-ac4b-383283fcc5dc@group-C1C16E742C67: changes role from  FOLLOWER to CANDIDATE at term 0 for changeToCandidate
2019-09-26 13:31:51,701 [Thread-1017] INFO  impl.RoleInfo (RoleInfo.java:updateAndGet(143)) - c422126f-6486-4976-ac4b-383283fcc5dc: start LeaderElection
2019-09-26 13:31:51,729 [Thread-1020] INFO  impl.FollowerState (FollowerState.java:run(106)) - c422126f-6486-4976-ac4b-383283fcc5dc:group-48DC7DAE93D8 changes to CANDIDATE, lastRpcTime:5120, electionTimeout:5094ms
2019-09-26 13:31:51,730 [Thread-1020] INFO  impl.RoleInfo (RoleInfo.java:shutdownFollowerState(121)) - c422126f-6486-4976-ac4b-383283fcc5dc: shutdown FollowerState
2019-09-26 13:31:51,730 [Thread-1020] INFO  impl.RaftServerImpl (RaftServerImpl.java:setRole(174)) - c422126f-6486-4976-ac4b-383283fcc5dc@group-48DC7DAE93D8: changes role from  FOLLOWER to CANDIDATE at term 0 for changeToCandidate
2019-09-26 13:31:51,730 [Thread-1020] INFO  impl.RoleInfo (RoleInfo.java:updateAndGet(143)) - c422126f-6486-4976-ac4b-383283fcc5dc: start LeaderElection
2019-09-26 13:31:51,743 [c422126f-6486-4976-ac4b-383283fcc5dc@group-92909C8643D6-SegmentedRaftLogWorker] INFO  segmented.SegmentedRaftLogWorker (SegmentedRaftLogWorker.java:execute(569)) - c422126f-6486-4976-ac4b-383283fcc5dc@group-92909C8643D6-SegmentedRaftLogWorker: created new log segment /workdir/hadoop-ozone/ozonefs/target/test-dir/MiniOzoneClusterImpl-a8a0317b-72d7-48ce-9e7f-dfff25f47ca1/datanode-1/data/ratis/ef6cd2ac-19d0-4c48-a100-92909c8643d6/current/log_inprogress_0
2019-09-26 13:31:51,743 [47bbf92c-dbb6-43bb-9d18-a90dedc65edb@group-A4F18C8E43D6-SegmentedRaftLogWorker] INFO  segmented.SegmentedRaftLogWorker (SegmentedRaftLogWorker.java:execute(569)) - 47bbf92c-dbb6-43bb-9d18-a90dedc65edb@group-A4F18C8E43D6-SegmentedRaftLogWorker: created new log segment /workdir/hadoop-ozone/ozonefs/target/test-dir/MiniOzoneClusterImpl-a8a0317b-72d7-48ce-9e7f-dfff25f47ca1/datanode-2/data/ratis/c0c69db2-c056-4f10-9d78-a4f18c8e43d6/current/log_inprogress_0
2019-09-26 13:31:51,743 [c422126f-6486-4976-ac4b-383283fcc5dc@group-48DC7DAE93D8:LeaderElection68] INFO  impl.LeaderElection (LeaderElection.java:askForVotes(182)) - c422126f-6486-4976-ac4b-383283fcc5dc@group-48DC7DAE93D8:LeaderElection68: begin an election at term 1 for -1: [c422126f-6486-4976-ac4b-383283fcc5dc:192.168.164.238:37658], old=null
2019-09-26 13:31:51,743 [c422126f-6486-4976-ac4b-383283fcc5dc@group-C1C16E742C67:LeaderElection67] INFO  impl.LeaderElection (LeaderElection.java:askForVotes(182)) - c422126f-6486-4976-ac4b-383283fcc5dc@group-C1C16E742C67:LeaderElection67: begin an election at term 1 for -1: [c422126f-6486-4976-ac4b-383283fcc5dc:192.168.164.238:37658], old=null
2019-09-26 13:31:51,743 [c422126f-6486-4976-ac4b-383283fcc5dc@group-48DC7DAE93D8:LeaderElection68] INFO  impl.RoleInfo (RoleInfo.java:shutdownLeaderElection(134)) - c422126f-6486-4976-ac4b-383283fcc5dc: shutdown LeaderElection
2019-09-26 13:31:51,743 [c422126f-6486-4976-ac4b-383283fcc5dc@group-C1C16E742C67:LeaderElection67] INFO  impl.RoleInfo (RoleInfo.java:shutdownLeaderElection(134)) - c422126f-6486-4976-ac4b-383283fcc5dc: shutdown LeaderElection
2019-09-26 13:31:51,743 [c422126f-6486-4976-ac4b-383283fcc5dc@group-48DC7DAE93D8:LeaderElection68] INFO  impl.RaftServerImpl (RaftServerImpl.java:setRole(174)) - c422126f-6486-4976-ac4b-383283fcc5dc@group-48DC7DAE93D8: changes role from CANDIDATE to LEADER at term 1 for changeToLeader
2019-09-26 13:31:51,743 [c422126f-6486-4976-ac4b-383283fcc5dc@group-C1C16E742C67:LeaderElection67] INFO  impl.RaftServerImpl (RaftServerImpl.java:setRole(174)) - c422126f-6486-4976-ac4b-383283fcc5dc@group-C1C16E742C67: changes role from CANDIDATE to LEADER at term 1 for changeToLeader
2019-09-26 13:31:51,743 [c422126f-6486-4976-ac4b-383283fcc5dc@group-48DC7DAE93D8:LeaderElection68] INFO  impl.RaftServerImpl (ServerState.java:setLeader(253)) - c422126f-6486-4976-ac4b-383283fcc5dc@group-48DC7DAE93D8: change Leader from null to c422126f-6486-4976-ac4b-383283fcc5dc at term 1 for becomeLeader, leader elected after 5138ms
2019-09-26 13:31:51,743 [c422126f-6486-4976-ac4b-383283fcc5dc@group-C1C16E742C67:LeaderElection67] INFO  impl.RaftServerImpl (ServerState.java:setLeader(253)) - c422126f-6486-4976-ac4b-383283fcc5dc@group-C1C16E742C67: change Leader from null to c422126f-6486-4976-ac4b-383283fcc5dc at term 1 for becomeLeader, leader elected after 5180ms
2019-09-26 13:31:51,744 [c422126f-6486-4976-ac4b-383283fcc5dc@group-48DC7DAE93D8:LeaderElection68] INFO  server.RaftServerConfigKeys (ConfUtils.java:logGet(43)) - raft.server.staging.catchup.gap = 1000 (default)
2019-09-26 13:31:51,744 [c422126f-6486-4976-ac4b-383283fcc5dc@group-C1C16E742C67:LeaderElection67] INFO  server.RaftServerConfigKeys (ConfUtils.java:logGet(43)) - raft.server.staging.catchup.gap = 1000 (default)
2019-09-26 13:31:51,744 [c422126f-6486-4976-ac4b-383283fcc5dc@group-48DC7DAE93D8:LeaderElection68] INFO  server.RaftServerConfigKeys (ConfUtils.java:logGet(43)) - raft.server.rpc.sleep.time = 25ms (default)
2019-09-26 13:31:51,744 [c422126f-6486-4976-ac4b-383283fcc5dc@group-C1C16E742C67:LeaderElection67] INFO  server.RaftServerConfigKeys (ConfUtils.java:logGet(43)) - raft.server.rpc.sleep.time = 25ms (default)
2019-09-26 13:31:51,744 [c422126f-6486-4976-ac4b-383283fcc5dc@group-48DC7DAE93D8:LeaderElection68] INFO  server.RaftServerConfigKeys (ConfUtils.java:logGet(43)) - raft.server.write.element-limit = 4096 (default)
2019-09-26 13:31:51,744 [c422126f-6486-4976-ac4b-383283fcc5dc@group-C1C16E742C67:LeaderElection67] INFO  server.RaftServerConfigKeys (ConfUtils.java:logGet(43)) - raft.server.write.element-limit = 4096 (default)
2019-09-26 13:31:51,744 [c422126f-6486-4976-ac4b-383283fcc5dc@group-48DC7DAE93D8:LeaderElection68] INFO  server.RaftServerConfigKeys (ConfUtils.java:logGet(43)) - raft.server.watch.timeout = 10s (default)
2019-09-26 13:31:51,744 [c422126f-6486-4976-ac4b-383283fcc5dc@group-C1C16E742C67:LeaderElection67] INFO  server.RaftServerConfigKeys (ConfUtils.java:logGet(43)) - raft.server.watch.timeout = 10s (default)
2019-09-26 13:31:51,744 [c422126f-6486-4976-ac4b-383283fcc5dc@group-48DC7DAE93D8:LeaderElection68] INFO  server.RaftServerConfigKeys (ConfUtils.java:logGet(43)) - raft.server.watch.timeout.denomination = 1s (default)
2019-09-26 13:31:51,745 [c422126f-6486-4976-ac4b-383283fcc5dc@group-C1C16E742C67:LeaderElection67] INFO  server.RaftServerConfigKeys (ConfUtils.java:logGet(43)) - raft.server.watch.timeout.denomination = 1s (default)
2019-09-26 13:31:51,745 [c422126f-6486-4976-ac4b-383283fcc5dc@group-48DC7DAE93D8:LeaderElection68] INFO  server.RaftServerConfigKeys (ConfUtils.java:logGet(43)) - raft.server.watch.element-limit = 65536 (default)
2019-09-26 13:31:51,745 [c422126f-6486-4976-ac4b-383283fcc5dc@group-C1C16E742C67:LeaderElection67] INFO  server.RaftServerConfigKeys (ConfUtils.java:logGet(43)) - raft.server.watch.element-limit = 65536 (default)
2019-09-26 13:31:51,748 [c422126f-6486-4976-ac4b-383283fcc5dc@group-48DC7DAE93D8:LeaderElection68] INFO  impl.RoleInfo (RoleInfo.java:updateAndGet(143)) - c422126f-6486-4976-ac4b-383283fcc5dc: start LeaderState
2019-09-26 13:31:51,748 [c422126f-6486-4976-ac4b-383283fcc5dc@group-C1C16E742C67:LeaderElection67] INFO  impl.RoleInfo (RoleInfo.java:updateAndGet(143)) - c422126f-6486-4976-ac4b-383283fcc5dc: start LeaderState
2019-09-26 13:31:51,748 [c422126f-6486-4976-ac4b-383283fcc5dc@group-48DC7DAE93D8:LeaderElection68] INFO  segmented.SegmentedRaftLogWorker (SegmentedRaftLogWorker.java:startLogSegment(380)) - c422126f-6486-4976-ac4b-383283fcc5dc@group-48DC7DAE93D8-SegmentedRaftLogWorker: Starting segment from index:0
2019-09-26 13:31:51,748 [c422126f-6486-4976-ac4b-383283fcc5dc@group-C1C16E742C67:LeaderElection67] INFO  segmented.SegmentedRaftLogWorker (SegmentedRaftLogWorker.java:startLogSegment(380)) - c422126f-6486-4976-ac4b-383283fcc5dc@group-C1C16E742C67-SegmentedRaftLogWorker: Starting segment from index:0
2019-09-26 13:31:51,749 [c422126f-6486-4976-ac4b-383283fcc5dc@group-48DC7DAE93D8:LeaderElection68] INFO  impl.RaftServerImpl (ServerState.java:setRaftConf(354)) - c422126f-6486-4976-ac4b-383283fcc5dc@group-48DC7DAE93D8: set configuration 0: [c422126f-6486-4976-ac4b-383283fcc5dc:192.168.164.238:37658], old=null at 0
2019-09-26 13:31:51,749 [c422126f-6486-4976-ac4b-383283fcc5dc@group-C1C16E742C67:LeaderElection67] INFO  impl.RaftServerImpl (ServerState.java:setRaftConf(354)) - c422126f-6486-4976-ac4b-383283fcc5dc@group-C1C16E742C67: set configuration 0: [c422126f-6486-4976-ac4b-383283fcc5dc:192.168.164.238:37658], old=null at 0
2019-09-26 13:31:51,761 [Thread-1026] INFO  impl.FollowerState (FollowerState.java:run(106)) - ac27144f-f6d7-46ce-b0ea-6a1298397a0b:group-DCE99FDC8866 changes to CANDIDATE, lastRpcTime:5067, electionTimeout:5067ms
2019-09-26 13:31:51,761 [Thread-1026] INFO  impl.RoleInfo (RoleInfo.java:shutdownFollowerState(121)) - ac27144f-f6d7-46ce-b0ea-6a1298397a0b: shutdown FollowerState
2019-09-26 13:31:51,762 [Thread-1026] INFO  impl.RaftServerImpl (RaftServerImpl.java:setRole(174)) - ac27144f-f6d7-46ce-b0ea-6a1298397a0b@group-DCE99FDC8866: changes role from  FOLLOWER to CANDIDATE at term 0 for changeToCandidate
2019-09-26 13:31:51,762 [Thread-1026] INFO  impl.RoleInfo (RoleInfo.java:updateAndGet(143)) - ac27144f-f6d7-46ce-b0ea-6a1298397a0b: start LeaderElection
2019-09-26 13:31:51,815 [c422126f-6486-4976-ac4b-383283fcc5dc@group-48DC7DAE93D8-SegmentedRaftLogWorker] INFO  segmented.SegmentedRaftLogWorker (SegmentedRaftLogWorker.java:execute(569)) - c422126f-6486-4976-ac4b-383283fcc5dc@group-48DC7DAE93D8-SegmentedRaftLogWorker: created new log segment /workdir/hadoop-ozone/ozonefs/target/test-dir/MiniOzoneClusterImpl-a8a0317b-72d7-48ce-9e7f-dfff25f47ca1/datanode-1/data/ratis/46b7abb4-2f97-409b-8859-48dc7dae93d8/current/log_inprogress_0
2019-09-26 13:31:51,815 [c422126f-6486-4976-ac4b-383283fcc5dc@group-C1C16E742C67-SegmentedRaftLogWorker] INFO  segmented.SegmentedRaftLogWorker (SegmentedRaftLogWorker.java:execute(569)) - c422126f-6486-4976-ac4b-383283fcc5dc@group-C1C16E742C67-SegmentedRaftLogWorker: created new log segment /workdir/hadoop-ozone/ozonefs/target/test-dir/MiniOzoneClusterImpl-a8a0317b-72d7-48ce-9e7f-dfff25f47ca1/datanode-1/data/ratis/a7b91329-dc89-43bd-8229-c1c16e742c67/current/log_inprogress_0
2019-09-26 13:31:51,815 [ac27144f-f6d7-46ce-b0ea-6a1298397a0b@group-DCE99FDC8866:LeaderElection69] INFO  impl.LeaderElection (LeaderElection.java:askForVotes(182)) - ac27144f-f6d7-46ce-b0ea-6a1298397a0b@group-DCE99FDC8866:LeaderElection69: begin an election at term 1 for -1: [ac27144f-f6d7-46ce-b0ea-6a1298397a0b:192.168.164.238:41017], old=null
2019-09-26 13:31:51,816 [ac27144f-f6d7-46ce-b0ea-6a1298397a0b@group-DCE99FDC8866:LeaderElection69] INFO  impl.RoleInfo (RoleInfo.java:shutdownLeaderElection(134)) - ac27144f-f6d7-46ce-b0ea-6a1298397a0b: shutdown LeaderElection
2019-09-26 13:31:51,816 [ac27144f-f6d7-46ce-b0ea-6a1298397a0b@group-DCE99FDC8866:LeaderElection69] INFO  impl.RaftServerImpl (RaftServerImpl.java:setRole(174)) - ac27144f-f6d7-46ce-b0ea-6a1298397a0b@group-DCE99FDC8866: changes role from CANDIDATE to LEADER at term 1 for changeToLeader
2019-09-26 13:31:51,816 [ac27144f-f6d7-46ce-b0ea-6a1298397a0b@group-DCE99FDC8866:LeaderElection69] INFO  impl.RaftServerImpl (ServerState.java:setLeader(253)) - ac27144f-f6d7-46ce-b0ea-6a1298397a0b@group-DCE99FDC8866: change Leader from null to ac27144f-f6d7-46ce-b0ea-6a1298397a0b at term 1 for becomeLeader, leader elected after 5126ms
2019-09-26 13:31:51,816 [ac27144f-f6d7-46ce-b0ea-6a1298397a0b@group-DCE99FDC8866:LeaderElection69] INFO  server.RaftServerConfigKeys (ConfUtils.java:logGet(43)) - raft.server.staging.catchup.gap = 1000 (default)
2019-09-26 13:31:51,816 [ac27144f-f6d7-46ce-b0ea-6a1298397a0b@group-DCE99FDC8866:LeaderElection69] INFO  server.RaftServerConfigKeys (ConfUtils.java:logGet(43)) - raft.server.rpc.sleep.time = 25ms (default)
2019-09-26 13:31:51,817 [ac27144f-f6d7-46ce-b0ea-6a1298397a0b@group-DCE99FDC8866:LeaderElection69] INFO  server.RaftServerConfigKeys (ConfUtils.java:logGet(43)) - raft.server.write.element-limit = 4096 (default)
2019-09-26 13:31:51,817 [ac27144f-f6d7-46ce-b0ea-6a1298397a0b@group-DCE99FDC8866:LeaderElection69] INFO  server.RaftServerConfigKeys (ConfUtils.java:logGet(43)) - raft.server.watch.timeout = 10s (default)
2019-09-26 13:31:51,817 [ac27144f-f6d7-46ce-b0ea-6a1298397a0b@group-DCE99FDC8866:LeaderElection69] INFO  server.RaftServerConfigKeys (ConfUtils.java:logGet(43)) - raft.server.watch.timeout.denomination = 1s (default)
2019-09-26 13:31:51,817 [ac27144f-f6d7-46ce-b0ea-6a1298397a0b@group-DCE99FDC8866:LeaderElection69] INFO  server.RaftServerConfigKeys (ConfUtils.java:logGet(43)) - raft.server.watch.element-limit = 65536 (default)
2019-09-26 13:31:51,819 [ac27144f-f6d7-46ce-b0ea-6a1298397a0b@group-DCE99FDC8866:LeaderElection69] INFO  impl.RoleInfo (RoleInfo.java:updateAndGet(143)) - ac27144f-f6d7-46ce-b0ea-6a1298397a0b: start LeaderState
2019-09-26 13:31:51,820 [ac27144f-f6d7-46ce-b0ea-6a1298397a0b@group-DCE99FDC8866:LeaderElection69] INFO  segmented.SegmentedRaftLogWorker (SegmentedRaftLogWorker.java:startLogSegment(380)) - ac27144f-f6d7-46ce-b0ea-6a1298397a0b@group-DCE99FDC8866-SegmentedRaftLogWorker: Starting segment from index:0
2019-09-26 13:31:51,820 [ac27144f-f6d7-46ce-b0ea-6a1298397a0b@group-DCE99FDC8866:LeaderElection69] INFO  impl.RaftServerImpl (ServerState.java:setRaftConf(354)) - ac27144f-f6d7-46ce-b0ea-6a1298397a0b@group-DCE99FDC8866: set configuration 0: [ac27144f-f6d7-46ce-b0ea-6a1298397a0b:192.168.164.238:41017], old=null at 0
2019-09-26 13:31:51,873 [ac27144f-f6d7-46ce-b0ea-6a1298397a0b@group-DCE99FDC8866-SegmentedRaftLogWorker] INFO  segmented.SegmentedRaftLogWorker (SegmentedRaftLogWorker.java:execute(569)) - ac27144f-f6d7-46ce-b0ea-6a1298397a0b@group-DCE99FDC8866-SegmentedRaftLogWorker: created new log segment /workdir/hadoop-ozone/ozonefs/target/test-dir/MiniOzoneClusterImpl-a8a0317b-72d7-48ce-9e7f-dfff25f47ca1/datanode-0/data/ratis/180873ff-049b-404b-8653-dce99fdc8866/current/log_inprogress_0
2019-09-26 13:31:51,891 [Thread-1035] INFO  impl.FollowerState (FollowerState.java:run(106)) - 47bbf92c-dbb6-43bb-9d18-a90dedc65edb:group-BC1D6E51AEAD changes to CANDIDATE, lastRpcTime:5036, electionTimeout:5036ms
2019-09-26 13:31:51,891 [Thread-1035] INFO  impl.RoleInfo (RoleInfo.java:shutdownFollowerState(121)) - 47bbf92c-dbb6-43bb-9d18-a90dedc65edb: shutdown FollowerState
2019-09-26 13:31:51,891 [Thread-1035] INFO  impl.RaftServerImpl (RaftServerImpl.java:setRole(174)) - 47bbf92c-dbb6-43bb-9d18-a90dedc65edb@group-BC1D6E51AEAD: changes role from  FOLLOWER to CANDIDATE at term 0 for changeToCandidate
2019-09-26 13:31:51,891 [Thread-1035] INFO  impl.RoleInfo (RoleInfo.java:updateAndGet(143)) - 47bbf92c-dbb6-43bb-9d18-a90dedc65edb: start LeaderElection
2019-09-26 13:31:51,907 [47bbf92c-dbb6-43bb-9d18-a90dedc65edb@group-BC1D6E51AEAD:LeaderElection70] INFO  impl.LeaderElection (LeaderElection.java:askForVotes(182)) - 47bbf92c-dbb6-43bb-9d18-a90dedc65edb@group-BC1D6E51AEAD:LeaderElection70: begin an election at term 1 for -1: [47bbf92c-dbb6-43bb-9d18-a90dedc65edb:192.168.164.238:45788], old=null
2019-09-26 13:31:51,907 [47bbf92c-dbb6-43bb-9d18-a90dedc65edb@group-BC1D6E51AEAD:LeaderElection70] INFO  impl.RoleInfo (RoleInfo.java:shutdownLeaderElection(134)) - 47bbf92c-dbb6-43bb-9d18-a90dedc65edb: shutdown LeaderElection
2019-09-26 13:31:51,907 [47bbf92c-dbb6-43bb-9d18-a90dedc65edb@group-BC1D6E51AEAD:LeaderElection70] INFO  impl.RaftServerImpl (RaftServerImpl.java:setRole(174)) - 47bbf92c-dbb6-43bb-9d18-a90dedc65edb@group-BC1D6E51AEAD: changes role from CANDIDATE to LEADER at term 1 for changeToLeader
2019-09-26 13:31:51,908 [47bbf92c-dbb6-43bb-9d18-a90dedc65edb@group-BC1D6E51AEAD:LeaderElection70] INFO  impl.RaftServerImpl (ServerState.java:setLeader(253)) - 47bbf92c-dbb6-43bb-9d18-a90dedc65edb@group-BC1D6E51AEAD: change Leader from null to 47bbf92c-dbb6-43bb-9d18-a90dedc65edb at term 1 for becomeLeader, leader elected after 5060ms
2019-09-26 13:31:51,908 [47bbf92c-dbb6-43bb-9d18-a90dedc65edb@group-BC1D6E51AEAD:LeaderElection70] INFO  server.RaftServerConfigKeys (ConfUtils.java:logGet(43)) - raft.server.staging.catchup.gap = 1000 (default)
2019-09-26 13:31:51,908 [47bbf92c-dbb6-43bb-9d18-a90dedc65edb@group-BC1D6E51AEAD:LeaderElection70] INFO  server.RaftServerConfigKeys (ConfUtils.java:logGet(43)) - raft.server.rpc.sleep.time = 25ms (default)
2019-09-26 13:31:51,908 [47bbf92c-dbb6-43bb-9d18-a90dedc65edb@group-BC1D6E51AEAD:LeaderElection70] INFO  server.RaftServerConfigKeys (ConfUtils.java:logGet(43)) - raft.server.write.element-limit = 4096 (default)
2019-09-26 13:31:51,908 [47bbf92c-dbb6-43bb-9d18-a90dedc65edb@group-BC1D6E51AEAD:LeaderElection70] INFO  server.RaftServerConfigKeys (ConfUtils.java:logGet(43)) - raft.server.watch.timeout = 10s (default)
2019-09-26 13:31:51,908 [47bbf92c-dbb6-43bb-9d18-a90dedc65edb@group-BC1D6E51AEAD:LeaderElection70] INFO  server.RaftServerConfigKeys (ConfUtils.java:logGet(43)) - raft.server.watch.timeout.denomination = 1s (default)
2019-09-26 13:31:51,909 [47bbf92c-dbb6-43bb-9d18-a90dedc65edb@group-BC1D6E51AEAD:LeaderElection70] INFO  server.RaftServerConfigKeys (ConfUtils.java:logGet(43)) - raft.server.watch.element-limit = 65536 (default)
2019-09-26 13:31:51,911 [47bbf92c-dbb6-43bb-9d18-a90dedc65edb@group-BC1D6E51AEAD:LeaderElection70] INFO  impl.RoleInfo (RoleInfo.java:updateAndGet(143)) - 47bbf92c-dbb6-43bb-9d18-a90dedc65edb: start LeaderState
2019-09-26 13:31:51,911 [47bbf92c-dbb6-43bb-9d18-a90dedc65edb@group-BC1D6E51AEAD:LeaderElection70] INFO  segmented.SegmentedRaftLogWorker (SegmentedRaftLogWorker.java:startLogSegment(380)) - 47bbf92c-dbb6-43bb-9d18-a90dedc65edb@group-BC1D6E51AEAD-SegmentedRaftLogWorker: Starting segment from index:0
2019-09-26 13:31:51,912 [47bbf92c-dbb6-43bb-9d18-a90dedc65edb@group-BC1D6E51AEAD:LeaderElection70] INFO  impl.RaftServerImpl (ServerState.java:setRaftConf(354)) - 47bbf92c-dbb6-43bb-9d18-a90dedc65edb@group-BC1D6E51AEAD: set configuration 0: [47bbf92c-dbb6-43bb-9d18-a90dedc65edb:192.168.164.238:45788], old=null at 0
2019-09-26 13:31:51,922 [Thread-1029] INFO  impl.FollowerState (FollowerState.java:run(106)) - c422126f-6486-4976-ac4b-383283fcc5dc:group-57DB9DA5F047 changes to CANDIDATE, lastRpcTime:5186, electionTimeout:5186ms
2019-09-26 13:31:51,922 [Thread-1029] INFO  impl.RoleInfo (RoleInfo.java:shutdownFollowerState(121)) - c422126f-6486-4976-ac4b-383283fcc5dc: shutdown FollowerState
2019-09-26 13:31:51,923 [Thread-1029] INFO  impl.RaftServerImpl (RaftServerImpl.java:setRole(174)) - c422126f-6486-4976-ac4b-383283fcc5dc@group-57DB9DA5F047: changes role from  FOLLOWER to CANDIDATE at term 0 for changeToCandidate
2019-09-26 13:31:51,923 [Thread-1029] INFO  impl.RoleInfo (RoleInfo.java:updateAndGet(143)) - c422126f-6486-4976-ac4b-383283fcc5dc: start LeaderElection
2019-09-26 13:31:51,977 [47bbf92c-dbb6-43bb-9d18-a90dedc65edb@group-BC1D6E51AEAD-SegmentedRaftLogWorker] INFO  segmented.SegmentedRaftLogWorker (SegmentedRaftLogWorker.java:execute(569)) - 47bbf92c-dbb6-43bb-9d18-a90dedc65edb@group-BC1D6E51AEAD-SegmentedRaftLogWorker: created new log segment /workdir/hadoop-ozone/ozonefs/target/test-dir/MiniOzoneClusterImpl-a8a0317b-72d7-48ce-9e7f-dfff25f47ca1/datanode-2/data/ratis/1fc48efc-c165-4337-8a6d-bc1d6e51aead/current/log_inprogress_0
2019-09-26 13:31:51,978 [c422126f-6486-4976-ac4b-383283fcc5dc@group-57DB9DA5F047:LeaderElection71] INFO  impl.LeaderElection (LeaderElection.java:askForVotes(182)) - c422126f-6486-4976-ac4b-383283fcc5dc@group-57DB9DA5F047:LeaderElection71: begin an election at term 1 for -1: [c422126f-6486-4976-ac4b-383283fcc5dc:192.168.164.238:37658], old=null
2019-09-26 13:31:51,978 [c422126f-6486-4976-ac4b-383283fcc5dc@group-57DB9DA5F047:LeaderElection71] INFO  impl.RoleInfo (RoleInfo.java:shutdownLeaderElection(134)) - c422126f-6486-4976-ac4b-383283fcc5dc: shutdown LeaderElection
2019-09-26 13:31:51,978 [c422126f-6486-4976-ac4b-383283fcc5dc@group-57DB9DA5F047:LeaderElection71] INFO  impl.RaftServerImpl (RaftServerImpl.java:setRole(174)) - c422126f-6486-4976-ac4b-383283fcc5dc@group-57DB9DA5F047: changes role from CANDIDATE to LEADER at term 1 for changeToLeader
2019-09-26 13:31:51,978 [c422126f-6486-4976-ac4b-383283fcc5dc@group-57DB9DA5F047:LeaderElection71] INFO  impl.RaftServerImpl (ServerState.java:setLeader(253)) - c422126f-6486-4976-ac4b-383283fcc5dc@group-57DB9DA5F047: change Leader from null to c422126f-6486-4976-ac4b-383283fcc5dc at term 1 for becomeLeader, leader elected after 5245ms
2019-09-26 13:31:51,978 [c422126f-6486-4976-ac4b-383283fcc5dc@group-57DB9DA5F047:LeaderElection71] INFO  server.RaftServerConfigKeys (ConfUtils.java:logGet(43)) - raft.server.staging.catchup.gap = 1000 (default)
2019-09-26 13:31:51,978 [c422126f-6486-4976-ac4b-383283fcc5dc@group-57DB9DA5F047:LeaderElection71] INFO  server.RaftServerConfigKeys (ConfUtils.java:logGet(43)) - raft.server.rpc.sleep.time = 25ms (default)
2019-09-26 13:31:51,979 [c422126f-6486-4976-ac4b-383283fcc5dc@group-57DB9DA5F047:LeaderElection71] INFO  server.RaftServerConfigKeys (ConfUtils.java:logGet(43)) - raft.server.write.element-limit = 4096 (default)
2019-09-26 13:31:51,979 [c422126f-6486-4976-ac4b-383283fcc5dc@group-57DB9DA5F047:LeaderElection71] INFO  server.RaftServerConfigKeys (ConfUtils.java:logGet(43)) - raft.server.watch.timeout = 10s (default)
2019-09-26 13:31:51,979 [c422126f-6486-4976-ac4b-383283fcc5dc@group-57DB9DA5F047:LeaderElection71] INFO  server.RaftServerConfigKeys (ConfUtils.java:logGet(43)) - raft.server.watch.timeout.denomination = 1s (default)
2019-09-26 13:31:51,979 [c422126f-6486-4976-ac4b-383283fcc5dc@group-57DB9DA5F047:LeaderElection71] INFO  server.RaftServerConfigKeys (ConfUtils.java:logGet(43)) - raft.server.watch.element-limit = 65536 (default)
2019-09-26 13:31:51,981 [c422126f-6486-4976-ac4b-383283fcc5dc@group-57DB9DA5F047:LeaderElection71] INFO  impl.RoleInfo (RoleInfo.java:updateAndGet(143)) - c422126f-6486-4976-ac4b-383283fcc5dc: start LeaderState
2019-09-26 13:31:51,982 [c422126f-6486-4976-ac4b-383283fcc5dc@group-57DB9DA5F047:LeaderElection71] INFO  segmented.SegmentedRaftLogWorker (SegmentedRaftLogWorker.java:startLogSegment(380)) - c422126f-6486-4976-ac4b-383283fcc5dc@group-57DB9DA5F047-SegmentedRaftLogWorker: Starting segment from index:0
2019-09-26 13:31:51,982 [c422126f-6486-4976-ac4b-383283fcc5dc@group-57DB9DA5F047:LeaderElection71] INFO  impl.RaftServerImpl (ServerState.java:setRaftConf(354)) - c422126f-6486-4976-ac4b-383283fcc5dc@group-57DB9DA5F047: set configuration 0: [c422126f-6486-4976-ac4b-383283fcc5dc:192.168.164.238:37658], old=null at 0
2019-09-26 13:31:51,987 [Thread-1032] INFO  impl.FollowerState (FollowerState.java:run(106)) - 47bbf92c-dbb6-43bb-9d18-a90dedc65edb:group-76CAD15E417D changes to CANDIDATE, lastRpcTime:5199, electionTimeout:5199ms
2019-09-26 13:31:51,988 [Thread-1032] INFO  impl.RoleInfo (RoleInfo.java:shutdownFollowerState(121)) - 47bbf92c-dbb6-43bb-9d18-a90dedc65edb: shutdown FollowerState
2019-09-26 13:31:51,988 [Thread-1032] INFO  impl.RaftServerImpl (RaftServerImpl.java:setRole(174)) - 47bbf92c-dbb6-43bb-9d18-a90dedc65edb@group-76CAD15E417D: changes role from  FOLLOWER to CANDIDATE at term 0 for changeToCandidate
2019-09-26 13:31:51,988 [Thread-1032] INFO  impl.RoleInfo (RoleInfo.java:updateAndGet(143)) - 47bbf92c-dbb6-43bb-9d18-a90dedc65edb: start LeaderElection
2019-09-26 13:31:52,041 [c422126f-6486-4976-ac4b-383283fcc5dc@group-57DB9DA5F047-SegmentedRaftLogWorker] INFO  segmented.SegmentedRaftLogWorker (SegmentedRaftLogWorker.java:execute(569)) - c422126f-6486-4976-ac4b-383283fcc5dc@group-57DB9DA5F047-SegmentedRaftLogWorker: created new log segment /workdir/hadoop-ozone/ozonefs/target/test-dir/MiniOzoneClusterImpl-a8a0317b-72d7-48ce-9e7f-dfff25f47ca1/datanode-1/data/ratis/1dac6fb1-3145-40b3-a66d-57db9da5f047/current/log_inprogress_0
2019-09-26 13:31:52,042 [47bbf92c-dbb6-43bb-9d18-a90dedc65edb@group-76CAD15E417D:LeaderElection72] INFO  impl.LeaderElection (LeaderElection.java:askForVotes(182)) - 47bbf92c-dbb6-43bb-9d18-a90dedc65edb@group-76CAD15E417D:LeaderElection72: begin an election at term 1 for -1: [47bbf92c-dbb6-43bb-9d18-a90dedc65edb:192.168.164.238:45788], old=null
2019-09-26 13:31:52,042 [47bbf92c-dbb6-43bb-9d18-a90dedc65edb@group-76CAD15E417D:LeaderElection72] INFO  impl.RoleInfo (RoleInfo.java:shutdownLeaderElection(134)) - 47bbf92c-dbb6-43bb-9d18-a90dedc65edb: shutdown LeaderElection
2019-09-26 13:31:52,042 [47bbf92c-dbb6-43bb-9d18-a90dedc65edb@group-76CAD15E417D:LeaderElection72] INFO  impl.RaftServerImpl (RaftServerImpl.java:setRole(174)) - 47bbf92c-dbb6-43bb-9d18-a90dedc65edb@group-76CAD15E417D: changes role from CANDIDATE to LEADER at term 1 for changeToLeader
2019-09-26 13:31:52,042 [47bbf92c-dbb6-43bb-9d18-a90dedc65edb@group-76CAD15E417D:LeaderElection72] INFO  impl.RaftServerImpl (ServerState.java:setLeader(253)) - 47bbf92c-dbb6-43bb-9d18-a90dedc65edb@group-76CAD15E417D: change Leader from null to 47bbf92c-dbb6-43bb-9d18-a90dedc65edb at term 1 for becomeLeader, leader elected after 5263ms
2019-09-26 13:31:52,042 [47bbf92c-dbb6-43bb-9d18-a90dedc65edb@group-76CAD15E417D:LeaderElection72] INFO  server.RaftServerConfigKeys (ConfUtils.java:logGet(43)) - raft.server.staging.catchup.gap = 1000 (default)
2019-09-26 13:31:52,043 [47bbf92c-dbb6-43bb-9d18-a90dedc65edb@group-76CAD15E417D:LeaderElection72] INFO  server.RaftServerConfigKeys (ConfUtils.java:logGet(43)) - raft.server.rpc.sleep.time = 25ms (default)
2019-09-26 13:31:52,043 [47bbf92c-dbb6-43bb-9d18-a90dedc65edb@group-76CAD15E417D:LeaderElection72] INFO  server.RaftServerConfigKeys (ConfUtils.java:logGet(43)) - raft.server.write.element-limit = 4096 (default)
2019-09-26 13:31:52,043 [47bbf92c-dbb6-43bb-9d18-a90dedc65edb@group-76CAD15E417D:LeaderElection72] INFO  server.RaftServerConfigKeys (ConfUtils.java:logGet(43)) - raft.server.watch.timeout = 10s (default)
2019-09-26 13:31:52,043 [47bbf92c-dbb6-43bb-9d18-a90dedc65edb@group-76CAD15E417D:LeaderElection72] INFO  server.RaftServerConfigKeys (ConfUtils.java:logGet(43)) - raft.server.watch.timeout.denomination = 1s (default)
2019-09-26 13:31:52,043 [47bbf92c-dbb6-43bb-9d18-a90dedc65edb@group-76CAD15E417D:LeaderElection72] INFO  server.RaftServerConfigKeys (ConfUtils.java:logGet(43)) - raft.server.watch.element-limit = 65536 (default)
2019-09-26 13:31:52,045 [47bbf92c-dbb6-43bb-9d18-a90dedc65edb@group-76CAD15E417D:LeaderElection72] INFO  impl.RoleInfo (RoleInfo.java:updateAndGet(143)) - 47bbf92c-dbb6-43bb-9d18-a90dedc65edb: start LeaderState
2019-09-26 13:31:52,046 [47bbf92c-dbb6-43bb-9d18-a90dedc65edb@group-76CAD15E417D:LeaderElection72] INFO  segmented.SegmentedRaftLogWorker (SegmentedRaftLogWorker.java:startLogSegment(380)) - 47bbf92c-dbb6-43bb-9d18-a90dedc65edb@group-76CAD15E417D-SegmentedRaftLogWorker: Starting segment from index:0
2019-09-26 13:31:52,046 [47bbf92c-dbb6-43bb-9d18-a90dedc65edb@group-76CAD15E417D:LeaderElection72] INFO  impl.RaftServerImpl (ServerState.java:setRaftConf(354)) - 47bbf92c-dbb6-43bb-9d18-a90dedc65edb@group-76CAD15E417D: set configuration 0: [47bbf92c-dbb6-43bb-9d18-a90dedc65edb:192.168.164.238:45788], old=null at 0
2019-09-26 13:31:52,107 [47bbf92c-dbb6-43bb-9d18-a90dedc65edb@group-76CAD15E417D-SegmentedRaftLogWorker] INFO  segmented.SegmentedRaftLogWorker (SegmentedRaftLogWorker.java:execute(569)) - 47bbf92c-dbb6-43bb-9d18-a90dedc65edb@group-76CAD15E417D-SegmentedRaftLogWorker: created new log segment /workdir/hadoop-ozone/ozonefs/target/test-dir/MiniOzoneClusterImpl-a8a0317b-72d7-48ce-9e7f-dfff25f47ca1/datanode-2/data/ratis/64970448-72c3-440c-8aef-76cad15e417d/current/log_inprogress_0
2019-09-26 13:31:52,270 [ForkJoinPool.commonPool-worker-1] INFO  ozoneimpl.OzoneContainer (OzoneContainer.java:stop(231)) - Attempting to stop container services.
2019-09-26 13:31:52,270 [Thread-810] INFO  ozoneimpl.OzoneContainer (OzoneContainer.java:stop(231)) - Attempting to stop container services.
2019-09-26 13:31:52,270 [ForkJoinPool.commonPool-worker-1] INFO  impl.RaftServerProxy (RaftServerProxy.java:lambda$close$4(314)) - ac27144f-f6d7-46ce-b0ea-6a1298397a0b: close
2019-09-26 13:31:52,270 [Thread-810] INFO  impl.RaftServerProxy (RaftServerProxy.java:lambda$close$4(314)) - c422126f-6486-4976-ac4b-383283fcc5dc: close
2019-09-26 13:31:52,270 [ForkJoinPool.commonPool-worker-1] INFO  impl.RaftServerImpl (RaftServerImpl.java:lambda$shutdown$3(251)) - ac27144f-f6d7-46ce-b0ea-6a1298397a0b@group-EBCD5A0DA805: shutdown
2019-09-26 13:31:52,270 [Thread-810] INFO  impl.RaftServerImpl (RaftServerImpl.java:lambda$shutdown$3(251)) - c422126f-6486-4976-ac4b-383283fcc5dc@group-C3FD1247BF42: shutdown
2019-09-26 13:31:52,271 [ForkJoinPool.commonPool-worker-1] INFO  util.JmxRegister (JmxRegister.java:unregister(73)) - Successfully un-registered JMX Bean with object name Ratis:service=RaftServer,group=group-EBCD5A0DA805,id=ac27144f-f6d7-46ce-b0ea-6a1298397a0b
2019-09-26 13:31:52,271 [Thread-810] INFO  util.JmxRegister (JmxRegister.java:unregister(73)) - Successfully un-registered JMX Bean with object name Ratis:service=RaftServer,group=group-C3FD1247BF42,id=c422126f-6486-4976-ac4b-383283fcc5dc
2019-09-26 13:31:52,271 [ForkJoinPool.commonPool-worker-1] INFO  impl.RoleInfo (RoleInfo.java:shutdownLeaderState(104)) - ac27144f-f6d7-46ce-b0ea-6a1298397a0b: shutdown LeaderState
2019-09-26 13:31:52,271 [Thread-810] INFO  impl.RoleInfo (RoleInfo.java:shutdownLeaderState(104)) - c422126f-6486-4976-ac4b-383283fcc5dc: shutdown LeaderState
2019-09-26 13:31:52,272 [ForkJoinPool.commonPool-worker-1] INFO  impl.PendingRequests (PendingRequests.java:sendNotLeaderResponses(202)) - ac27144f-f6d7-46ce-b0ea-6a1298397a0b-PendingRequests: sendNotLeaderResponses
2019-09-26 13:31:52,272 [Thread-810] INFO  impl.PendingRequests (PendingRequests.java:sendNotLeaderResponses(202)) - c422126f-6486-4976-ac4b-383283fcc5dc-PendingRequests: sendNotLeaderResponses
2019-09-26 13:31:52,272 [ForkJoinPool.commonPool-worker-1] INFO  impl.StateMachineUpdater (StateMachineUpdater.java:stopAndJoin(125)) - ac27144f-f6d7-46ce-b0ea-6a1298397a0b@group-EBCD5A0DA805-StateMachineUpdater: set stopIndex = 0
2019-09-26 13:31:52,272 [Thread-810] INFO  impl.StateMachineUpdater (StateMachineUpdater.java:stopAndJoin(125)) - c422126f-6486-4976-ac4b-383283fcc5dc@group-C3FD1247BF42-StateMachineUpdater: set stopIndex = 0
2019-09-26 13:31:52,272 [ForkJoinPool.commonPool-worker-1] INFO  impl.RaftServerImpl (ServerState.java:close(385)) - ac27144f-f6d7-46ce-b0ea-6a1298397a0b@group-EBCD5A0DA805: closes. applyIndex: 0
2019-09-26 13:31:52,273 [ac27144f-f6d7-46ce-b0ea-6a1298397a0b@group-EBCD5A0DA805-SegmentedRaftLogWorker] INFO  segmented.SegmentedRaftLogWorker (SegmentedRaftLogWorker.java:run(313)) - ac27144f-f6d7-46ce-b0ea-6a1298397a0b@group-EBCD5A0DA805-SegmentedRaftLogWorker was interrupted, exiting. There are 0 tasks remaining in the queue.
2019-09-26 13:31:52,273 [ForkJoinPool.commonPool-worker-1] INFO  segmented.SegmentedRaftLogWorker (SegmentedRaftLogWorker.java:close(228)) - ac27144f-f6d7-46ce-b0ea-6a1298397a0b@group-EBCD5A0DA805-SegmentedRaftLogWorker close()
2019-09-26 13:31:52,276 [ForkJoinPool.commonPool-worker-1] INFO  impl.RaftServerImpl (RaftServerImpl.java:lambda$shutdown$3(251)) - ac27144f-f6d7-46ce-b0ea-6a1298397a0b@group-DCE99FDC8866: shutdown
2019-09-26 13:31:52,276 [Thread-810] INFO  impl.RaftServerImpl (ServerState.java:close(385)) - c422126f-6486-4976-ac4b-383283fcc5dc@group-C3FD1247BF42: closes. applyIndex: 0
2019-09-26 13:31:52,277 [ForkJoinPool.commonPool-worker-1] INFO  util.JmxRegister (JmxRegister.java:unregister(73)) - Successfully un-registered JMX Bean with object name Ratis:service=RaftServer,group=group-DCE99FDC8866,id=ac27144f-f6d7-46ce-b0ea-6a1298397a0b
2019-09-26 13:31:52,277 [ForkJoinPool.commonPool-worker-1] INFO  impl.RoleInfo (RoleInfo.java:shutdownLeaderState(104)) - ac27144f-f6d7-46ce-b0ea-6a1298397a0b: shutdown LeaderState
2019-09-26 13:31:52,277 [c422126f-6486-4976-ac4b-383283fcc5dc@group-C3FD1247BF42-SegmentedRaftLogWorker] INFO  segmented.SegmentedRaftLogWorker (SegmentedRaftLogWorker.java:run(313)) - c422126f-6486-4976-ac4b-383283fcc5dc@group-C3FD1247BF42-SegmentedRaftLogWorker was interrupted, exiting. There are 0 tasks remaining in the queue.
2019-09-26 13:31:52,277 [ForkJoinPool.commonPool-worker-1] INFO  impl.PendingRequests (PendingRequests.java:sendNotLeaderResponses(202)) - ac27144f-f6d7-46ce-b0ea-6a1298397a0b-PendingRequests: sendNotLeaderResponses
2019-09-26 13:31:52,277 [Thread-810] INFO  segmented.SegmentedRaftLogWorker (SegmentedRaftLogWorker.java:close(228)) - c422126f-6486-4976-ac4b-383283fcc5dc@group-C3FD1247BF42-SegmentedRaftLogWorker close()
2019-09-26 13:31:52,278 [ForkJoinPool.commonPool-worker-1] INFO  impl.StateMachineUpdater (StateMachineUpdater.java:stopAndJoin(125)) - ac27144f-f6d7-46ce-b0ea-6a1298397a0b@group-DCE99FDC8866-StateMachineUpdater: set stopIndex = 0
2019-09-26 13:31:52,280 [Thread-810] INFO  impl.RaftServerImpl (RaftServerImpl.java:lambda$shutdown$3(251)) - c422126f-6486-4976-ac4b-383283fcc5dc@group-92909C8643D6: shutdown
2019-09-26 13:31:52,280 [ForkJoinPool.commonPool-worker-1] INFO  impl.RaftServerImpl (ServerState.java:close(385)) - ac27144f-f6d7-46ce-b0ea-6a1298397a0b@group-DCE99FDC8866: closes. applyIndex: 0
2019-09-26 13:31:52,280 [Thread-810] INFO  util.JmxRegister (JmxRegister.java:unregister(73)) - Successfully un-registered JMX Bean with object name Ratis:service=RaftServer,group=group-92909C8643D6,id=c422126f-6486-4976-ac4b-383283fcc5dc
2019-09-26 13:31:52,281 [Thread-810] INFO  impl.RoleInfo (RoleInfo.java:shutdownLeaderState(104)) - c422126f-6486-4976-ac4b-383283fcc5dc: shutdown LeaderState
2019-09-26 13:31:52,280 [ac27144f-f6d7-46ce-b0ea-6a1298397a0b@group-DCE99FDC8866-SegmentedRaftLogWorker] INFO  segmented.SegmentedRaftLogWorker (SegmentedRaftLogWorker.java:run(313)) - ac27144f-f6d7-46ce-b0ea-6a1298397a0b@group-DCE99FDC8866-SegmentedRaftLogWorker was interrupted, exiting. There are 0 tasks remaining in the queue.
2019-09-26 13:31:52,281 [Thread-810] INFO  impl.PendingRequests (PendingRequests.java:sendNotLeaderResponses(202)) - c422126f-6486-4976-ac4b-383283fcc5dc-PendingRequests: sendNotLeaderResponses
2019-09-26 13:31:52,281 [ForkJoinPool.commonPool-worker-1] INFO  segmented.SegmentedRaftLogWorker (SegmentedRaftLogWorker.java:close(228)) - ac27144f-f6d7-46ce-b0ea-6a1298397a0b@group-DCE99FDC8866-SegmentedRaftLogWorker close()
2019-09-26 13:31:52,281 [Thread-810] INFO  impl.StateMachineUpdater (StateMachineUpdater.java:stopAndJoin(125)) - c422126f-6486-4976-ac4b-383283fcc5dc@group-92909C8643D6-StateMachineUpdater: set stopIndex = 0
2019-09-26 13:31:52,283 [ForkJoinPool.commonPool-worker-1] INFO  impl.RaftServerImpl (RaftServerImpl.java:lambda$shutdown$3(251)) - ac27144f-f6d7-46ce-b0ea-6a1298397a0b@group-2C5DDB182EEA: shutdown
2019-09-26 13:31:52,283 [Thread-810] INFO  impl.RaftServerImpl (ServerState.java:close(385)) - c422126f-6486-4976-ac4b-383283fcc5dc@group-92909C8643D6: closes. applyIndex: 0
2019-09-26 13:31:52,284 [ForkJoinPool.commonPool-worker-1] INFO  util.JmxRegister (JmxRegister.java:unregister(73)) - Successfully un-registered JMX Bean with object name Ratis:service=RaftServer,group=group-2C5DDB182EEA,id=ac27144f-f6d7-46ce-b0ea-6a1298397a0b
2019-09-26 13:31:52,284 [c422126f-6486-4976-ac4b-383283fcc5dc@group-92909C8643D6-SegmentedRaftLogWorker] INFO  segmented.SegmentedRaftLogWorker (SegmentedRaftLogWorker.java:run(313)) - c422126f-6486-4976-ac4b-383283fcc5dc@group-92909C8643D6-SegmentedRaftLogWorker was interrupted, exiting. There are 0 tasks remaining in the queue.
2019-09-26 13:31:52,284 [ForkJoinPool.commonPool-worker-1] INFO  impl.RoleInfo (RoleInfo.java:shutdownLeaderState(104)) - ac27144f-f6d7-46ce-b0ea-6a1298397a0b: shutdown LeaderState
2019-09-26 13:31:52,284 [Thread-810] INFO  segmented.SegmentedRaftLogWorker (SegmentedRaftLogWorker.java:close(228)) - c422126f-6486-4976-ac4b-383283fcc5dc@group-92909C8643D6-SegmentedRaftLogWorker close()
2019-09-26 13:31:52,284 [ForkJoinPool.commonPool-worker-1] INFO  impl.PendingRequests (PendingRequests.java:sendNotLeaderResponses(202)) - ac27144f-f6d7-46ce-b0ea-6a1298397a0b-PendingRequests: sendNotLeaderResponses
2019-09-26 13:31:52,286 [Thread-810] INFO  impl.RaftServerImpl (RaftServerImpl.java:lambda$shutdown$3(251)) - c422126f-6486-4976-ac4b-383283fcc5dc@group-4E3EB3C0F57B: shutdown
2019-09-26 13:31:52,286 [ForkJoinPool.commonPool-worker-1] INFO  impl.StateMachineUpdater (StateMachineUpdater.java:stopAndJoin(125)) - ac27144f-f6d7-46ce-b0ea-6a1298397a0b@group-2C5DDB182EEA-StateMachineUpdater: set stopIndex = 0
2019-09-26 13:31:52,287 [Thread-810] INFO  util.JmxRegister (JmxRegister.java:unregister(73)) - Successfully un-registered JMX Bean with object name Ratis:service=RaftServer,group=group-4E3EB3C0F57B,id=c422126f-6486-4976-ac4b-383283fcc5dc
2019-09-26 13:31:52,287 [ForkJoinPool.commonPool-worker-1] INFO  impl.RaftServerImpl (ServerState.java:close(385)) - ac27144f-f6d7-46ce-b0ea-6a1298397a0b@group-2C5DDB182EEA: closes. applyIndex: 0
2019-09-26 13:31:52,287 [Thread-810] INFO  impl.RoleInfo (RoleInfo.java:shutdownLeaderState(104)) - c422126f-6486-4976-ac4b-383283fcc5dc: shutdown LeaderState
2019-09-26 13:31:52,287 [ac27144f-f6d7-46ce-b0ea-6a1298397a0b@group-2C5DDB182EEA-SegmentedRaftLogWorker] INFO  segmented.SegmentedRaftLogWorker (SegmentedRaftLogWorker.java:run(313)) - ac27144f-f6d7-46ce-b0ea-6a1298397a0b@group-2C5DDB182EEA-SegmentedRaftLogWorker was interrupted, exiting. There are 0 tasks remaining in the queue.
2019-09-26 13:31:52,287 [Thread-810] INFO  impl.PendingRequests (PendingRequests.java:sendNotLeaderResponses(202)) - c422126f-6486-4976-ac4b-383283fcc5dc-PendingRequests: sendNotLeaderResponses
2019-09-26 13:31:52,288 [ForkJoinPool.commonPool-worker-1] INFO  segmented.SegmentedRaftLogWorker (SegmentedRaftLogWorker.java:close(228)) - ac27144f-f6d7-46ce-b0ea-6a1298397a0b@group-2C5DDB182EEA-SegmentedRaftLogWorker close()
2019-09-26 13:31:52,288 [Thread-810] INFO  impl.StateMachineUpdater (StateMachineUpdater.java:stopAndJoin(125)) - c422126f-6486-4976-ac4b-383283fcc5dc@group-4E3EB3C0F57B-StateMachineUpdater: set stopIndex = 0
2019-09-26 13:31:52,290 [Thread-810] INFO  impl.RaftServerImpl (ServerState.java:close(385)) - c422126f-6486-4976-ac4b-383283fcc5dc@group-4E3EB3C0F57B: closes. applyIndex: 0
2019-09-26 13:31:52,290 [ForkJoinPool.commonPool-worker-1] INFO  impl.RaftServerImpl (RaftServerImpl.java:lambda$shutdown$3(251)) - ac27144f-f6d7-46ce-b0ea-6a1298397a0b@group-2421FD9FCDDF: shutdown
2019-09-26 13:31:52,290 [c422126f-6486-4976-ac4b-383283fcc5dc@group-4E3EB3C0F57B-SegmentedRaftLogWorker] INFO  segmented.SegmentedRaftLogWorker (SegmentedRaftLogWorker.java:run(313)) - c422126f-6486-4976-ac4b-383283fcc5dc@group-4E3EB3C0F57B-SegmentedRaftLogWorker was interrupted, exiting. There are 0 tasks remaining in the queue.
2019-09-26 13:31:52,290 [ForkJoinPool.commonPool-worker-1] INFO  util.JmxRegister (JmxRegister.java:unregister(73)) - Successfully un-registered JMX Bean with object name Ratis:service=RaftServer,group=group-2421FD9FCDDF,id=ac27144f-f6d7-46ce-b0ea-6a1298397a0b
2019-09-26 13:31:52,290 [Thread-810] INFO  segmented.SegmentedRaftLogWorker (SegmentedRaftLogWorker.java:close(228)) - c422126f-6486-4976-ac4b-383283fcc5dc@group-4E3EB3C0F57B-SegmentedRaftLogWorker close()
2019-09-26 13:31:52,290 [ForkJoinPool.commonPool-worker-1] INFO  impl.RoleInfo (RoleInfo.java:shutdownLeaderState(104)) - ac27144f-f6d7-46ce-b0ea-6a1298397a0b: shutdown LeaderState
2019-09-26 13:31:52,292 [Thread-810] INFO  impl.RaftServerImpl (RaftServerImpl.java:lambda$shutdown$3(251)) - c422126f-6486-4976-ac4b-383283fcc5dc@group-48DC7DAE93D8: shutdown
2019-09-26 13:31:52,292 [ForkJoinPool.commonPool-worker-1] INFO  impl.PendingRequests (PendingRequests.java:sendNotLeaderResponses(202)) - ac27144f-f6d7-46ce-b0ea-6a1298397a0b-PendingRequests: sendNotLeaderResponses
2019-09-26 13:31:52,293 [Thread-810] INFO  util.JmxRegister (JmxRegister.java:unregister(73)) - Successfully un-registered JMX Bean with object name Ratis:service=RaftServer,group=group-48DC7DAE93D8,id=c422126f-6486-4976-ac4b-383283fcc5dc
2019-09-26 13:31:52,293 [ForkJoinPool.commonPool-worker-1] INFO  impl.StateMachineUpdater (StateMachineUpdater.java:stopAndJoin(125)) - ac27144f-f6d7-46ce-b0ea-6a1298397a0b@group-2421FD9FCDDF-StateMachineUpdater: set stopIndex = 0
2019-09-26 13:31:52,293 [Thread-810] INFO  impl.RoleInfo (RoleInfo.java:shutdownLeaderState(104)) - c422126f-6486-4976-ac4b-383283fcc5dc: shutdown LeaderState
2019-09-26 13:31:52,293 [ForkJoinPool.commonPool-worker-1] INFO  impl.RaftServerImpl (ServerState.java:close(385)) - ac27144f-f6d7-46ce-b0ea-6a1298397a0b@group-2421FD9FCDDF: closes. applyIndex: 0
2019-09-26 13:31:52,293 [Thread-810] INFO  impl.PendingRequests (PendingRequests.java:sendNotLeaderResponses(202)) - c422126f-6486-4976-ac4b-383283fcc5dc-PendingRequests: sendNotLeaderResponses
2019-09-26 13:31:52,294 [ac27144f-f6d7-46ce-b0ea-6a1298397a0b@group-2421FD9FCDDF-SegmentedRaftLogWorker] INFO  segmented.SegmentedRaftLogWorker (SegmentedRaftLogWorker.java:run(313)) - ac27144f-f6d7-46ce-b0ea-6a1298397a0b@group-2421FD9FCDDF-SegmentedRaftLogWorker was interrupted, exiting. There are 0 tasks remaining in the queue.
2019-09-26 13:31:52,294 [Thread-810] INFO  impl.StateMachineUpdater (StateMachineUpdater.java:stopAndJoin(125)) - c422126f-6486-4976-ac4b-383283fcc5dc@group-48DC7DAE93D8-StateMachineUpdater: set stopIndex = 0
2019-09-26 13:31:52,294 [ForkJoinPool.commonPool-worker-1] INFO  segmented.SegmentedRaftLogWorker (SegmentedRaftLogWorker.java:close(228)) - ac27144f-f6d7-46ce-b0ea-6a1298397a0b@group-2421FD9FCDDF-SegmentedRaftLogWorker close()
2019-09-26 13:31:52,294 [Thread-810] INFO  impl.RaftServerImpl (ServerState.java:close(385)) - c422126f-6486-4976-ac4b-383283fcc5dc@group-48DC7DAE93D8: closes. applyIndex: 0
2019-09-26 13:31:52,296 [ForkJoinPool.commonPool-worker-1] INFO  impl.RaftServerImpl (RaftServerImpl.java:lambda$shutdown$3(251)) - ac27144f-f6d7-46ce-b0ea-6a1298397a0b@group-245F7FE652B0: shutdown
2019-09-26 13:31:52,296 [c422126f-6486-4976-ac4b-383283fcc5dc@group-48DC7DAE93D8-SegmentedRaftLogWorker] INFO  segmented.SegmentedRaftLogWorker (SegmentedRaftLogWorker.java:run(313)) - c422126f-6486-4976-ac4b-383283fcc5dc@group-48DC7DAE93D8-SegmentedRaftLogWorker was interrupted, exiting. There are 0 tasks remaining in the queue.
2019-09-26 13:31:52,296 [ForkJoinPool.commonPool-worker-1] INFO  util.JmxRegister (JmxRegister.java:unregister(73)) - Successfully un-registered JMX Bean with object name Ratis:service=RaftServer,group=group-245F7FE652B0,id=ac27144f-f6d7-46ce-b0ea-6a1298397a0b
2019-09-26 13:31:52,297 [Thread-810] INFO  segmented.SegmentedRaftLogWorker (SegmentedRaftLogWorker.java:close(228)) - c422126f-6486-4976-ac4b-383283fcc5dc@group-48DC7DAE93D8-SegmentedRaftLogWorker close()
2019-09-26 13:31:52,297 [ForkJoinPool.commonPool-worker-1] INFO  impl.RoleInfo (RoleInfo.java:shutdownLeaderState(104)) - ac27144f-f6d7-46ce-b0ea-6a1298397a0b: shutdown LeaderState
2019-09-26 13:31:52,298 [Thread-810] INFO  impl.RaftServerImpl (RaftServerImpl.java:lambda$shutdown$3(251)) - c422126f-6486-4976-ac4b-383283fcc5dc@group-C1C16E742C67: shutdown
2019-09-26 13:31:52,299 [ForkJoinPool.commonPool-worker-1] INFO  impl.PendingRequests (PendingRequests.java:sendNotLeaderResponses(202)) - ac27144f-f6d7-46ce-b0ea-6a1298397a0b-PendingRequests: sendNotLeaderResponses
2019-09-26 13:31:52,299 [Thread-810] INFO  util.JmxRegister (JmxRegister.java:unregister(73)) - Successfully un-registered JMX Bean with object name Ratis:service=RaftServer,group=group-C1C16E742C67,id=c422126f-6486-4976-ac4b-383283fcc5dc
2019-09-26 13:31:52,299 [ForkJoinPool.commonPool-worker-1] INFO  impl.StateMachineUpdater (StateMachineUpdater.java:stopAndJoin(125)) - ac27144f-f6d7-46ce-b0ea-6a1298397a0b@group-245F7FE652B0-StateMachineUpdater: set stopIndex = 0
2019-09-26 13:31:52,300 [Thread-810] INFO  impl.RoleInfo (RoleInfo.java:shutdownLeaderState(104)) - c422126f-6486-4976-ac4b-383283fcc5dc: shutdown LeaderState
2019-09-26 13:31:52,300 [ForkJoinPool.commonPool-worker-1] INFO  impl.RaftServerImpl (ServerState.java:close(385)) - ac27144f-f6d7-46ce-b0ea-6a1298397a0b@group-245F7FE652B0: closes. applyIndex: 0
2019-09-26 13:31:52,300 [Thread-810] INFO  impl.PendingRequests (PendingRequests.java:sendNotLeaderResponses(202)) - c422126f-6486-4976-ac4b-383283fcc5dc-PendingRequests: sendNotLeaderResponses
2019-09-26 13:31:52,300 [ac27144f-f6d7-46ce-b0ea-6a1298397a0b@group-245F7FE652B0-SegmentedRaftLogWorker] INFO  segmented.SegmentedRaftLogWorker (SegmentedRaftLogWorker.java:run(313)) - ac27144f-f6d7-46ce-b0ea-6a1298397a0b@group-245F7FE652B0-SegmentedRaftLogWorker was interrupted, exiting. There are 0 tasks remaining in the queue.
2019-09-26 13:31:52,301 [Thread-810] INFO  impl.StateMachineUpdater (StateMachineUpdater.java:stopAndJoin(125)) - c422126f-6486-4976-ac4b-383283fcc5dc@group-C1C16E742C67-StateMachineUpdater: set stopIndex = 0
2019-09-26 13:31:52,301 [ForkJoinPool.commonPool-worker-1] INFO  segmented.SegmentedRaftLogWorker (SegmentedRaftLogWorker.java:close(228)) - ac27144f-f6d7-46ce-b0ea-6a1298397a0b@group-245F7FE652B0-SegmentedRaftLogWorker close()
2019-09-26 13:31:52,301 [Thread-810] INFO  impl.RaftServerImpl (ServerState.java:close(385)) - c422126f-6486-4976-ac4b-383283fcc5dc@group-C1C16E742C67: closes. applyIndex: 0
2019-09-26 13:31:52,303 [ForkJoinPool.commonPool-worker-1] INFO  impl.RaftServerImpl (RaftServerImpl.java:lambda$shutdown$3(251)) - ac27144f-f6d7-46ce-b0ea-6a1298397a0b@group-0082DC123203: shutdown
2019-09-26 13:31:52,304 [c422126f-6486-4976-ac4b-383283fcc5dc@group-C1C16E742C67-SegmentedRaftLogWorker] INFO  segmented.SegmentedRaftLogWorker (SegmentedRaftLogWorker.java:run(313)) - c422126f-6486-4976-ac4b-383283fcc5dc@group-C1C16E742C67-SegmentedRaftLogWorker was interrupted, exiting. There are 0 tasks remaining in the queue.
2019-09-26 13:31:52,304 [ForkJoinPool.commonPool-worker-1] INFO  util.JmxRegister (JmxRegister.java:unregister(73)) - Successfully un-registered JMX Bean with object name Ratis:service=RaftServer,group=group-0082DC123203,id=ac27144f-f6d7-46ce-b0ea-6a1298397a0b
2019-09-26 13:31:52,304 [Thread-810] INFO  segmented.SegmentedRaftLogWorker (SegmentedRaftLogWorker.java:close(228)) - c422126f-6486-4976-ac4b-383283fcc5dc@group-C1C16E742C67-SegmentedRaftLogWorker close()
2019-09-26 13:31:52,304 [ForkJoinPool.commonPool-worker-1] INFO  impl.RoleInfo (RoleInfo.java:shutdownLeaderState(104)) - ac27144f-f6d7-46ce-b0ea-6a1298397a0b: shutdown LeaderState
2019-09-26 13:31:52,306 [Thread-810] INFO  impl.RaftServerImpl (RaftServerImpl.java:lambda$shutdown$3(251)) - c422126f-6486-4976-ac4b-383283fcc5dc@group-57DB9DA5F047: shutdown
2019-09-26 13:31:52,306 [ForkJoinPool.commonPool-worker-1] INFO  impl.PendingRequests (PendingRequests.java:sendNotLeaderResponses(202)) - ac27144f-f6d7-46ce-b0ea-6a1298397a0b-PendingRequests: sendNotLeaderResponses
2019-09-26 13:31:52,307 [Thread-810] INFO  util.JmxRegister (JmxRegister.java:unregister(73)) - Successfully un-registered JMX Bean with object name Ratis:service=RaftServer,group=group-57DB9DA5F047,id=c422126f-6486-4976-ac4b-383283fcc5dc
2019-09-26 13:31:52,307 [ForkJoinPool.commonPool-worker-1] INFO  impl.StateMachineUpdater (StateMachineUpdater.java:stopAndJoin(125)) - ac27144f-f6d7-46ce-b0ea-6a1298397a0b@group-0082DC123203-StateMachineUpdater: set stopIndex = 0
2019-09-26 13:31:52,307 [Thread-810] INFO  impl.RoleInfo (RoleInfo.java:shutdownLeaderState(104)) - c422126f-6486-4976-ac4b-383283fcc5dc: shutdown LeaderState
2019-09-26 13:31:52,307 [ForkJoinPool.commonPool-worker-1] INFO  impl.RaftServerImpl (ServerState.java:close(385)) - ac27144f-f6d7-46ce-b0ea-6a1298397a0b@group-0082DC123203: closes. applyIndex: 0
2019-09-26 13:31:52,308 [Thread-810] INFO  impl.PendingRequests (PendingRequests.java:sendNotLeaderResponses(202)) - c422126f-6486-4976-ac4b-383283fcc5dc-PendingRequests: sendNotLeaderResponses
2019-09-26 13:31:52,308 [ac27144f-f6d7-46ce-b0ea-6a1298397a0b@group-0082DC123203-SegmentedRaftLogWorker] INFO  segmented.SegmentedRaftLogWorker (SegmentedRaftLogWorker.java:run(313)) - ac27144f-f6d7-46ce-b0ea-6a1298397a0b@group-0082DC123203-SegmentedRaftLogWorker was interrupted, exiting. There are 0 tasks remaining in the queue.
2019-09-26 13:31:52,308 [Thread-810] INFO  impl.StateMachineUpdater (StateMachineUpdater.java:stopAndJoin(125)) - c422126f-6486-4976-ac4b-383283fcc5dc@group-57DB9DA5F047-StateMachineUpdater: set stopIndex = 0
2019-09-26 13:31:52,309 [ForkJoinPool.commonPool-worker-1] INFO  segmented.SegmentedRaftLogWorker (SegmentedRaftLogWorker.java:close(228)) - ac27144f-f6d7-46ce-b0ea-6a1298397a0b@group-0082DC123203-SegmentedRaftLogWorker close()
2019-09-26 13:31:52,309 [Thread-810] INFO  impl.RaftServerImpl (ServerState.java:close(385)) - c422126f-6486-4976-ac4b-383283fcc5dc@group-57DB9DA5F047: closes. applyIndex: 0
2019-09-26 13:31:52,311 [ForkJoinPool.commonPool-worker-1] INFO  server.GrpcService (GrpcService.java:closeImpl(164)) - ac27144f-f6d7-46ce-b0ea-6a1298397a0b: shutdown server with port 41017 now
2019-09-26 13:31:52,311 [c422126f-6486-4976-ac4b-383283fcc5dc@group-57DB9DA5F047-SegmentedRaftLogWorker] INFO  segmented.SegmentedRaftLogWorker (SegmentedRaftLogWorker.java:run(313)) - c422126f-6486-4976-ac4b-383283fcc5dc@group-57DB9DA5F047-SegmentedRaftLogWorker was interrupted, exiting. There are 0 tasks remaining in the queue.
2019-09-26 13:31:52,312 [Thread-810] INFO  segmented.SegmentedRaftLogWorker (SegmentedRaftLogWorker.java:close(228)) - c422126f-6486-4976-ac4b-383283fcc5dc@group-57DB9DA5F047-SegmentedRaftLogWorker close()
2019-09-26 13:31:52,313 [ForkJoinPool.commonPool-worker-1] INFO  server.GrpcService (GrpcService.java:closeImpl(172)) - ac27144f-f6d7-46ce-b0ea-6a1298397a0b: shutdown server with port 41017 successfully
2019-09-26 13:31:52,315 [Thread-810] INFO  server.GrpcService (GrpcService.java:closeImpl(164)) - c422126f-6486-4976-ac4b-383283fcc5dc: shutdown server with port 37658 now
2019-09-26 13:31:52,317 [Thread-810] INFO  server.GrpcService (GrpcService.java:closeImpl(172)) - c422126f-6486-4976-ac4b-383283fcc5dc: shutdown server with port 37658 successfully
2019-09-26 13:31:52,324 [refreshUsed-/workdir/hadoop-ozone/ozonefs/target/test-dir/MiniOzoneClusterImpl-a8a0317b-72d7-48ce-9e7f-dfff25f47ca1/datanode-0/data/containers] WARN  fs.CachingGetSpaceUsed (CachingGetSpaceUsed.java:run(183)) - Thread Interrupted waiting to refresh disk information: sleep interrupted
2019-09-26 13:31:52,326 [refreshUsed-/workdir/hadoop-ozone/ozonefs/target/test-dir/MiniOzoneClusterImpl-a8a0317b-72d7-48ce-9e7f-dfff25f47ca1/datanode-1/data/containers] WARN  fs.CachingGetSpaceUsed (CachingGetSpaceUsed.java:run(183)) - Thread Interrupted waiting to refresh disk information: sleep interrupted
2019-09-26 13:31:52,349 [Thread-810] INFO  utils.BackgroundService (BackgroundService.java:shutdown(148)) - Shutting down service BlockDeletingService
2019-09-26 13:31:52,354 [Thread-810] INFO  statemachine.DatanodeStateMachine (DatanodeStateMachine.java:stopDaemon(395)) - Ozone container server stopped.
2019-09-26 13:31:52,355 [ForkJoinPool.commonPool-worker-1] INFO  utils.BackgroundService (BackgroundService.java:shutdown(148)) - Shutting down service BlockDeletingService
2019-09-26 13:31:52,355 [Thread-810] INFO  handler.ContextHandler (ContextHandler.java:doStop(910)) - Stopped o.e.j.w.WebAppContext@1b8b312a{/,null,UNAVAILABLE}{/hddsDatanode}
2019-09-26 13:31:52,360 [ForkJoinPool.commonPool-worker-1] INFO  statemachine.DatanodeStateMachine (DatanodeStateMachine.java:stopDaemon(395)) - Ozone container server stopped.
2019-09-26 13:31:52,363 [Thread-810] INFO  server.AbstractConnector (AbstractConnector.java:doStop(318)) - Stopped ServerConnector@128a02cc{HTTP/1.1,[http/1.1]}{0.0.0.0:0}
2019-09-26 13:31:52,365 [Thread-810] INFO  handler.ContextHandler (ContextHandler.java:doStop(910)) - Stopped o.e.j.s.ServletContextHandler@203098ca{/static,jar:file:/home/user/.m2/repository/org/apache/hadoop/hadoop-hdds-container-service/0.5.0-SNAPSHOT/hadoop-hdds-container-service-0.5.0-SNAPSHOT.jar!/webapps/static,UNAVAILABLE}
2019-09-26 13:31:52,367 [ForkJoinPool.commonPool-worker-1] INFO  handler.ContextHandler (ContextHandler.java:doStop(910)) - Stopped o.e.j.w.WebAppContext@31b247ac{/,null,UNAVAILABLE}{/hddsDatanode}
2019-09-26 13:31:52,367 [Thread-810] INFO  handler.ContextHandler (ContextHandler.java:doStop(910)) - Stopped o.e.j.s.ServletContextHandler@498567a6{/logs,file:///workdir/hadoop-ozone/ozonefs/target/log,UNAVAILABLE}
2019-09-26 13:31:52,367 [ForkJoinPool.commonPool-worker-1] INFO  server.AbstractConnector (AbstractConnector.java:doStop(318)) - Stopped ServerConnector@219f76c4{HTTP/1.1,[http/1.1]}{0.0.0.0:0}
2019-09-26 13:31:52,369 [ForkJoinPool.commonPool-worker-1] INFO  handler.ContextHandler (ContextHandler.java:doStop(910)) - Stopped o.e.j.s.ServletContextHandler@3b2b69b7{/static,jar:file:/home/user/.m2/repository/org/apache/hadoop/hadoop-hdds-container-service/0.5.0-SNAPSHOT/hadoop-hdds-container-service-0.5.0-SNAPSHOT.jar!/webapps/static,UNAVAILABLE}
2019-09-26 13:31:52,370 [ForkJoinPool.commonPool-worker-1] INFO  handler.ContextHandler (ContextHandler.java:doStop(910)) - Stopped o.e.j.s.ServletContextHandler@30d779d9{/logs,file:///workdir/hadoop-ozone/ozonefs/target/log,UNAVAILABLE}
2019-09-26 13:31:53,130 [Datanode State Machine Thread - 0] INFO  statemachine.DatanodeStateMachine (DatanodeStateMachine.java:lambda$startDaemon$0(350)) - Ozone container server started.
2019-09-26 13:31:57,371 [Thread-810] INFO  ozoneimpl.OzoneContainer (OzoneContainer.java:stop(231)) - Attempting to stop container services.
2019-09-26 13:31:57,372 [Thread-810] INFO  impl.RaftServerProxy (RaftServerProxy.java:lambda$close$4(314)) - 47bbf92c-dbb6-43bb-9d18-a90dedc65edb: close
2019-09-26 13:31:57,372 [Thread-810] INFO  impl.RaftServerImpl (RaftServerImpl.java:lambda$shutdown$3(251)) - 47bbf92c-dbb6-43bb-9d18-a90dedc65edb@group-76CAD15E417D: shutdown
2019-09-26 13:31:57,373 [ForkJoinPool.commonPool-worker-0] INFO  impl.RaftServerImpl (RaftServerImpl.java:lambda$shutdown$3(251)) - 47bbf92c-dbb6-43bb-9d18-a90dedc65edb@group-3960EA708249: shutdown
2019-09-26 13:31:57,373 [Thread-810] INFO  util.JmxRegister (JmxRegister.java:unregister(73)) - Successfully un-registered JMX Bean with object name Ratis:service=RaftServer,group=group-76CAD15E417D,id=47bbf92c-dbb6-43bb-9d18-a90dedc65edb
2019-09-26 13:31:57,373 [ForkJoinPool.commonPool-worker-0] INFO  util.JmxRegister (JmxRegister.java:unregister(73)) - Successfully un-registered JMX Bean with object name Ratis:service=RaftServer,group=group-3960EA708249,id=47bbf92c-dbb6-43bb-9d18-a90dedc65edb
2019-09-26 13:31:57,374 [Thread-810] INFO  impl.RoleInfo (RoleInfo.java:shutdownLeaderState(104)) - 47bbf92c-dbb6-43bb-9d18-a90dedc65edb: shutdown LeaderState
2019-09-26 13:31:57,374 [ForkJoinPool.commonPool-worker-0] INFO  impl.RoleInfo (RoleInfo.java:shutdownLeaderState(104)) - 47bbf92c-dbb6-43bb-9d18-a90dedc65edb: shutdown LeaderState
2019-09-26 13:31:57,374 [Thread-810] INFO  impl.PendingRequests (PendingRequests.java:sendNotLeaderResponses(202)) - 47bbf92c-dbb6-43bb-9d18-a90dedc65edb-PendingRequests: sendNotLeaderResponses
2019-09-26 13:31:57,374 [ForkJoinPool.commonPool-worker-0] INFO  impl.PendingRequests (PendingRequests.java:sendNotLeaderResponses(202)) - 47bbf92c-dbb6-43bb-9d18-a90dedc65edb-PendingRequests: sendNotLeaderResponses
2019-09-26 13:31:57,375 [Thread-810] INFO  impl.StateMachineUpdater (StateMachineUpdater.java:stopAndJoin(125)) - 47bbf92c-dbb6-43bb-9d18-a90dedc65edb@group-76CAD15E417D-StateMachineUpdater: set stopIndex = 0
2019-09-26 13:31:57,375 [ForkJoinPool.commonPool-worker-0] INFO  impl.StateMachineUpdater (StateMachineUpdater.java:stopAndJoin(125)) - 47bbf92c-dbb6-43bb-9d18-a90dedc65edb@group-3960EA708249-StateMachineUpdater: set stopIndex = 0
2019-09-26 13:31:57,375 [Thread-810] INFO  impl.RaftServerImpl (ServerState.java:close(385)) - 47bbf92c-dbb6-43bb-9d18-a90dedc65edb@group-76CAD15E417D: closes. applyIndex: 0
2019-09-26 13:31:57,375 [ForkJoinPool.commonPool-worker-0] INFO  impl.RaftServerImpl (ServerState.java:close(385)) - 47bbf92c-dbb6-43bb-9d18-a90dedc65edb@group-3960EA708249: closes. applyIndex: 0
2019-09-26 13:31:57,376 [47bbf92c-dbb6-43bb-9d18-a90dedc65edb@group-76CAD15E417D-SegmentedRaftLogWorker] INFO  segmented.SegmentedRaftLogWorker (SegmentedRaftLogWorker.java:run(313)) - 47bbf92c-dbb6-43bb-9d18-a90dedc65edb@group-76CAD15E417D-SegmentedRaftLogWorker was interrupted, exiting. There are 0 tasks remaining in the queue.
2019-09-26 13:31:57,376 [47bbf92c-dbb6-43bb-9d18-a90dedc65edb@group-3960EA708249-SegmentedRaftLogWorker] INFO  segmented.SegmentedRaftLogWorker (SegmentedRaftLogWorker.java:run(313)) - 47bbf92c-dbb6-43bb-9d18-a90dedc65edb@group-3960EA708249-SegmentedRaftLogWorker was interrupted, exiting. There are 0 tasks remaining in the queue.
2019-09-26 13:31:57,376 [Thread-810] INFO  segmented.SegmentedRaftLogWorker (SegmentedRaftLogWorker.java:close(228)) - 47bbf92c-dbb6-43bb-9d18-a90dedc65edb@group-76CAD15E417D-SegmentedRaftLogWorker close()
2019-09-26 13:31:57,377 [ForkJoinPool.commonPool-worker-0] INFO  segmented.SegmentedRaftLogWorker (SegmentedRaftLogWorker.java:close(228)) - 47bbf92c-dbb6-43bb-9d18-a90dedc65edb@group-3960EA708249-SegmentedRaftLogWorker close()
2019-09-26 13:31:57,379 [Thread-810] INFO  impl.RaftServerImpl (RaftServerImpl.java:lambda$shutdown$3(251)) - 47bbf92c-dbb6-43bb-9d18-a90dedc65edb@group-BC1D6E51AEAD: shutdown
2019-09-26 13:31:57,380 [ForkJoinPool.commonPool-worker-0] INFO  impl.RaftServerImpl (RaftServerImpl.java:lambda$shutdown$3(251)) - 47bbf92c-dbb6-43bb-9d18-a90dedc65edb@group-80DDE8C8A7AB: shutdown
2019-09-26 13:31:57,381 [Thread-810] INFO  util.JmxRegister (JmxRegister.java:unregister(73)) - Successfully un-registered JMX Bean with object name Ratis:service=RaftServer,group=group-BC1D6E51AEAD,id=47bbf92c-dbb6-43bb-9d18-a90dedc65edb
2019-09-26 13:31:57,381 [ForkJoinPool.commonPool-worker-0] INFO  util.JmxRegister (JmxRegister.java:unregister(73)) - Successfully un-registered JMX Bean with object name Ratis:service=RaftServer,group=group-80DDE8C8A7AB,id=47bbf92c-dbb6-43bb-9d18-a90dedc65edb
2019-09-26 13:31:57,381 [Thread-810] INFO  impl.RoleInfo (RoleInfo.java:shutdownLeaderState(104)) - 47bbf92c-dbb6-43bb-9d18-a90dedc65edb: shutdown LeaderState
2019-09-26 13:31:57,381 [ForkJoinPool.commonPool-worker-0] INFO  impl.RoleInfo (RoleInfo.java:shutdownLeaderState(104)) - 47bbf92c-dbb6-43bb-9d18-a90dedc65edb: shutdown LeaderState
2019-09-26 13:31:57,382 [Thread-810] INFO  impl.PendingRequests (PendingRequests.java:sendNotLeaderResponses(202)) - 47bbf92c-dbb6-43bb-9d18-a90dedc65edb-PendingRequests: sendNotLeaderResponses
2019-09-26 13:31:57,382 [ForkJoinPool.commonPool-worker-0] INFO  impl.PendingRequests (PendingRequests.java:sendNotLeaderResponses(202)) - 47bbf92c-dbb6-43bb-9d18-a90dedc65edb-PendingRequests: sendNotLeaderResponses
2019-09-26 13:31:57,382 [Thread-810] INFO  impl.StateMachineUpdater (StateMachineUpdater.java:stopAndJoin(125)) - 47bbf92c-dbb6-43bb-9d18-a90dedc65edb@group-BC1D6E51AEAD-StateMachineUpdater: set stopIndex = 0
2019-09-26 13:31:57,382 [ForkJoinPool.commonPool-worker-0] INFO  impl.StateMachineUpdater (StateMachineUpdater.java:stopAndJoin(125)) - 47bbf92c-dbb6-43bb-9d18-a90dedc65edb@group-80DDE8C8A7AB-StateMachineUpdater: set stopIndex = 0
2019-09-26 13:31:57,383 [Thread-810] INFO  impl.RaftServerImpl (ServerState.java:close(385)) - 47bbf92c-dbb6-43bb-9d18-a90dedc65edb@group-BC1D6E51AEAD: closes. applyIndex: 0
2019-09-26 13:31:57,383 [ForkJoinPool.commonPool-worker-0] INFO  impl.RaftServerImpl (ServerState.java:close(385)) - 47bbf92c-dbb6-43bb-9d18-a90dedc65edb@group-80DDE8C8A7AB: closes. applyIndex: 0
2019-09-26 13:31:57,383 [47bbf92c-dbb6-43bb-9d18-a90dedc65edb@group-BC1D6E51AEAD-SegmentedRaftLogWorker] INFO  segmented.SegmentedRaftLogWorker (SegmentedRaftLogWorker.java:run(313)) - 47bbf92c-dbb6-43bb-9d18-a90dedc65edb@group-BC1D6E51AEAD-SegmentedRaftLogWorker was interrupted, exiting. There are 0 tasks remaining in the queue.
2019-09-26 13:31:57,383 [47bbf92c-dbb6-43bb-9d18-a90dedc65edb@group-80DDE8C8A7AB-SegmentedRaftLogWorker] INFO  segmented.SegmentedRaftLogWorker (SegmentedRaftLogWorker.java:run(313)) - 47bbf92c-dbb6-43bb-9d18-a90dedc65edb@group-80DDE8C8A7AB-SegmentedRaftLogWorker was interrupted, exiting. There are 0 tasks remaining in the queue.
2019-09-26 13:31:57,384 [Thread-810] INFO  segmented.SegmentedRaftLogWorker (SegmentedRaftLogWorker.java:close(228)) - 47bbf92c-dbb6-43bb-9d18-a90dedc65edb@group-BC1D6E51AEAD-SegmentedRaftLogWorker close()
2019-09-26 13:31:57,384 [ForkJoinPool.commonPool-worker-0] INFO  segmented.SegmentedRaftLogWorker (SegmentedRaftLogWorker.java:close(228)) - 47bbf92c-dbb6-43bb-9d18-a90dedc65edb@group-80DDE8C8A7AB-SegmentedRaftLogWorker close()
2019-09-26 13:31:57,387 [ForkJoinPool.commonPool-worker-0] INFO  impl.RaftServerImpl (RaftServerImpl.java:lambda$shutdown$3(251)) - 47bbf92c-dbb6-43bb-9d18-a90dedc65edb@group-F3CCE71B1BC5: shutdown
2019-09-26 13:31:57,387 [ForkJoinPool.commonPool-worker-0] INFO  util.JmxRegister (JmxRegister.java:unregister(73)) - Successfully un-registered JMX Bean with object name Ratis:service=RaftServer,group=group-F3CCE71B1BC5,id=47bbf92c-dbb6-43bb-9d18-a90dedc65edb
2019-09-26 13:31:57,387 [ForkJoinPool.commonPool-worker-0] INFO  impl.RoleInfo (RoleInfo.java:shutdownLeaderState(104)) - 47bbf92c-dbb6-43bb-9d18-a90dedc65edb: shutdown LeaderState
2019-09-26 13:31:57,387 [ForkJoinPool.commonPool-worker-0] INFO  impl.PendingRequests (PendingRequests.java:sendNotLeaderResponses(202)) - 47bbf92c-dbb6-43bb-9d18-a90dedc65edb-PendingRequests: sendNotLeaderResponses
2019-09-26 13:31:57,388 [ForkJoinPool.commonPool-worker-0] INFO  impl.StateMachineUpdater (StateMachineUpdater.java:stopAndJoin(125)) - 47bbf92c-dbb6-43bb-9d18-a90dedc65edb@group-F3CCE71B1BC5-StateMachineUpdater: set stopIndex = 0
2019-09-26 13:31:57,388 [ForkJoinPool.commonPool-worker-0] INFO  impl.RaftServerImpl (ServerState.java:close(385)) - 47bbf92c-dbb6-43bb-9d18-a90dedc65edb@group-F3CCE71B1BC5: closes. applyIndex: 0
2019-09-26 13:31:57,388 [47bbf92c-dbb6-43bb-9d18-a90dedc65edb@group-F3CCE71B1BC5-SegmentedRaftLogWorker] INFO  segmented.SegmentedRaftLogWorker (SegmentedRaftLogWorker.java:run(313)) - 47bbf92c-dbb6-43bb-9d18-a90dedc65edb@group-F3CCE71B1BC5-SegmentedRaftLogWorker was interrupted, exiting. There are 0 tasks remaining in the queue.
2019-09-26 13:31:57,389 [ForkJoinPool.commonPool-worker-0] INFO  segmented.SegmentedRaftLogWorker (SegmentedRaftLogWorker.java:close(228)) - 47bbf92c-dbb6-43bb-9d18-a90dedc65edb@group-F3CCE71B1BC5-SegmentedRaftLogWorker close()
2019-09-26 13:31:57,390 [ForkJoinPool.commonPool-worker-0] INFO  impl.RaftServerImpl (RaftServerImpl.java:lambda$shutdown$3(251)) - 47bbf92c-dbb6-43bb-9d18-a90dedc65edb@group-A4F18C8E43D6: shutdown
2019-09-26 13:31:57,390 [ForkJoinPool.commonPool-worker-0] INFO  util.JmxRegister (JmxRegister.java:unregister(73)) - Successfully un-registered JMX Bean with object name Ratis:service=RaftServer,group=group-A4F18C8E43D6,id=47bbf92c-dbb6-43bb-9d18-a90dedc65edb
2019-09-26 13:31:57,391 [ForkJoinPool.commonPool-worker-0] INFO  impl.RoleInfo (RoleInfo.java:shutdownLeaderState(104)) - 47bbf92c-dbb6-43bb-9d18-a90dedc65edb: shutdown LeaderState
2019-09-26 13:31:57,391 [ForkJoinPool.commonPool-worker-0] INFO  impl.PendingRequests (PendingRequests.java:sendNotLeaderResponses(202)) - 47bbf92c-dbb6-43bb-9d18-a90dedc65edb-PendingRequests: sendNotLeaderResponses
2019-09-26 13:31:57,391 [ForkJoinPool.commonPool-worker-0] INFO  impl.StateMachineUpdater (StateMachineUpdater.java:stopAndJoin(125)) - 47bbf92c-dbb6-43bb-9d18-a90dedc65edb@group-A4F18C8E43D6-StateMachineUpdater: set stopIndex = 0
2019-09-26 13:31:57,391 [ForkJoinPool.commonPool-worker-0] INFO  impl.RaftServerImpl (ServerState.java:close(385)) - 47bbf92c-dbb6-43bb-9d18-a90dedc65edb@group-A4F18C8E43D6: closes. applyIndex: 0
2019-09-26 13:31:57,392 [47bbf92c-dbb6-43bb-9d18-a90dedc65edb@group-A4F18C8E43D6-SegmentedRaftLogWorker] INFO  segmented.SegmentedRaftLogWorker (SegmentedRaftLogWorker.java:run(313)) - 47bbf92c-dbb6-43bb-9d18-a90dedc65edb@group-A4F18C8E43D6-SegmentedRaftLogWorker was interrupted, exiting. There are 0 tasks remaining in the queue.
2019-09-26 13:31:57,392 [ForkJoinPool.commonPool-worker-0] INFO  segmented.SegmentedRaftLogWorker (SegmentedRaftLogWorker.java:close(228)) - 47bbf92c-dbb6-43bb-9d18-a90dedc65edb@group-A4F18C8E43D6-SegmentedRaftLogWorker close()
2019-09-26 13:31:57,393 [Thread-810] INFO  server.GrpcService (GrpcService.java:closeImpl(164)) - 47bbf92c-dbb6-43bb-9d18-a90dedc65edb: shutdown server with port 45788 now
2019-09-26 13:31:57,395 [Thread-810] INFO  server.GrpcService (GrpcService.java:closeImpl(172)) - 47bbf92c-dbb6-43bb-9d18-a90dedc65edb: shutdown server with port 45788 successfully
2019-09-26 13:31:57,399 [refreshUsed-/workdir/hadoop-ozone/ozonefs/target/test-dir/MiniOzoneClusterImpl-a8a0317b-72d7-48ce-9e7f-dfff25f47ca1/datanode-2/data/containers] WARN  fs.CachingGetSpaceUsed (CachingGetSpaceUsed.java:run(183)) - Thread Interrupted waiting to refresh disk information: sleep interrupted
2019-09-26 13:31:57,428 [Thread-810] INFO  utils.BackgroundService (BackgroundService.java:shutdown(148)) - Shutting down service BlockDeletingService
2019-09-26 13:31:57,432 [Thread-810] INFO  statemachine.DatanodeStateMachine (DatanodeStateMachine.java:stopDaemon(395)) - Ozone container server stopped.
2019-09-26 13:31:57,433 [Thread-810] INFO  handler.ContextHandler (ContextHandler.java:doStop(910)) - Stopped o.e.j.w.WebAppContext@5b453100{/,null,UNAVAILABLE}{/hddsDatanode}
2019-09-26 13:31:57,434 [Thread-810] INFO  server.AbstractConnector (AbstractConnector.java:doStop(318)) - Stopped ServerConnector@3624233a{HTTP/1.1,[http/1.1]}{0.0.0.0:0}
2019-09-26 13:31:57,434 [Thread-810] INFO  handler.ContextHandler (ContextHandler.java:doStop(910)) - Stopped o.e.j.s.ServletContextHandler@3bba4533{/static,jar:file:/home/user/.m2/repository/org/apache/hadoop/hadoop-hdds-container-service/0.5.0-SNAPSHOT/hadoop-hdds-container-service-0.5.0-SNAPSHOT.jar!/webapps/static,UNAVAILABLE}
2019-09-26 13:31:57,434 [Thread-810] INFO  handler.ContextHandler (ContextHandler.java:doStop(910)) - Stopped o.e.j.s.ServletContextHandler@58b5050b{/logs,file:///workdir/hadoop-ozone/ozonefs/target/log,UNAVAILABLE}
2019-09-26 13:31:57,436 [Thread-810] INFO  ozone.MiniOzoneClusterImpl (MiniOzoneClusterImpl.java:stopSCM(392)) - Stopping the StorageContainerManager
2019-09-26 13:31:57,436 [Thread-810] INFO  server.StorageContainerManager (StorageContainerManager.java:stop(808)) - Stopping Replication Manager Service.
2019-09-26 13:31:57,436 [Thread-810] INFO  container.ReplicationManager (ReplicationManager.java:stop(204)) - Stopping Replication Monitor Thread.
2019-09-26 13:31:57,436 [Thread-810] INFO  server.StorageContainerManager (StorageContainerManager.java:stop(815)) - Stopping Lease Manager of the command watchers
2019-09-26 13:31:57,436 [Thread-810] INFO  server.StorageContainerManager (StorageContainerManager.java:stop(822)) - Stopping datanode service RPC server
2019-09-26 13:31:57,436 [Thread-810] INFO  server.SCMDatanodeProtocolServer (SCMDatanodeProtocolServer.java:stop(367)) - Stopping the RPC server for DataNodes
2019-09-26 13:31:57,437 [Thread-810] INFO  ipc.Server (Server.java:stop(3082)) - Stopping server on 37647
2019-09-26 13:31:57,438 [IPC Server listener on 37647] INFO  ipc.Server (Server.java:run(1185)) - Stopping IPC Server listener on 37647
2019-09-26 13:31:57,440 [IPC Server Responder] INFO  ipc.Server (Server.java:run(1319)) - Stopping IPC Server Responder
2019-09-26 13:31:57,526 [SCM Heartbeat Processing Thread - 0] WARN  node.NodeStateManager (NodeStateManager.java:scheduleNextHealthCheck(655)) - Current Thread is interrupted, shutting down HB processing thread for Node Manager.
2019-09-26 13:31:57,526 [Thread-810] INFO  server.StorageContainerManager (StorageContainerManager.java:stop(830)) - Stopping block service RPC server
2019-09-26 13:31:57,527 [Thread-810] INFO  server.SCMBlockProtocolServer (SCMBlockProtocolServer.java:stop(155)) - Stopping the RPC server for Block Protocol
2019-09-26 13:31:57,527 [Thread-810] INFO  ipc.Server (Server.java:stop(3082)) - Stopping server on 44016
2019-09-26 13:31:57,529 [Thread-810] INFO  server.StorageContainerManager (StorageContainerManager.java:stop(837)) - Stopping the StorageContainerLocationProtocol RPC server
2019-09-26 13:31:57,529 [Thread-810] INFO  server.SCMClientProtocolServer (SCMClientProtocolServer.java:stop(159)) - Stopping the RPC server for Client Protocol
2019-09-26 13:31:57,529 [IPC Server listener on 44016] INFO  ipc.Server (Server.java:run(1185)) - Stopping IPC Server listener on 44016
2019-09-26 13:31:57,529 [Thread-810] INFO  ipc.Server (Server.java:stop(3082)) - Stopping server on 40714
2019-09-26 13:31:57,529 [IPC Server Responder] INFO  ipc.Server (Server.java:run(1319)) - Stopping IPC Server Responder
2019-09-26 13:31:57,532 [IPC Server listener on 40714] INFO  ipc.Server (Server.java:run(1185)) - Stopping IPC Server listener on 40714
2019-09-26 13:31:57,532 [Thread-810] INFO  server.StorageContainerManager (StorageContainerManager.java:stop(844)) - Stopping Storage Container Manager HTTP server.
2019-09-26 13:31:57,534 [IPC Server Responder] INFO  ipc.Server (Server.java:run(1319)) - Stopping IPC Server Responder
2019-09-26 13:31:57,536 [Thread-810] INFO  handler.ContextHandler (ContextHandler.java:doStop(910)) - Stopped o.e.j.w.WebAppContext@5e97caa4{/,null,UNAVAILABLE}{/scm}
2019-09-26 13:31:57,537 [Thread-810] INFO  server.AbstractConnector (AbstractConnector.java:doStop(318)) - Stopped ServerConnector@2d06ca9d{HTTP/1.1,[http/1.1]}{0.0.0.0:0}
2019-09-26 13:31:57,538 [Thread-810] INFO  handler.ContextHandler (ContextHandler.java:doStop(910)) - Stopped o.e.j.s.ServletContextHandler@e248ab0{/static,jar:file:/home/user/.m2/repository/org/apache/hadoop/hadoop-hdds-server-scm/0.5.0-SNAPSHOT/hadoop-hdds-server-scm-0.5.0-SNAPSHOT.jar!/webapps/static,UNAVAILABLE}
2019-09-26 13:31:57,538 [Thread-810] INFO  handler.ContextHandler (ContextHandler.java:doStop(910)) - Stopped o.e.j.s.ServletContextHandler@3a1a7f3a{/logs,file:///workdir/hadoop-ozone/ozonefs/target/log,UNAVAILABLE}
2019-09-26 13:31:57,539 [Thread-810] INFO  server.StorageContainerManager (StorageContainerManager.java:stop(855)) - Stopping Block Manager Service.
2019-09-26 13:31:57,540 [Thread-810] INFO  utils.BackgroundService (BackgroundService.java:shutdown(148)) - Shutting down service SCMBlockDeletingService
2019-09-26 13:31:57,540 [Thread-810] INFO  utils.BackgroundService (BackgroundService.java:shutdown(148)) - Shutting down service SCMBlockDeletingService
2019-09-26 13:31:57,540 [Thread-810] INFO  server.StorageContainerManager (StorageContainerManager.java:stop(877)) - Stopping SCM Event Queue.
2019-09-26 13:31:57,547 [Thread-810] INFO  impl.MetricsSystemImpl (MetricsSystemImpl.java:stop(210)) - Stopping HddsDatanode metrics system...
2019-09-26 13:31:57,556 [Thread-810] INFO  impl.MetricsSystemImpl (MetricsSystemImpl.java:stop(216)) - HddsDatanode metrics system stopped.
]]></system-out>
  </testcase>
  <testcase name="testCreateDoesNotAddParentDirKeys" classname="org.apache.hadoop.fs.ozone.TestOzoneFileSystem" time="16.857">
    <error message="Allocated 0 blocks. Requested 1 blocks" type="INTERNAL_ERROR org.apache.hadoop.ozone.om.exceptions.OMException">INTERNAL_ERROR org.apache.hadoop.ozone.om.exceptions.OMException: Allocated 0 blocks. Requested 1 blocks
	at org.apache.hadoop.ozone.om.protocolPB.OzoneManagerProtocolClientSideTranslatorPB.handleError(OzoneManagerProtocolClientSideTranslatorPB.java:732)
	at org.apache.hadoop.ozone.om.protocolPB.OzoneManagerProtocolClientSideTranslatorPB.createFile(OzoneManagerProtocolClientSideTranslatorPB.java:1536)
	at sun.reflect.NativeMethodAccessorImpl.invoke0(Native Method)
	at sun.reflect.NativeMethodAccessorImpl.invoke(NativeMethodAccessorImpl.java:62)
	at sun.reflect.DelegatingMethodAccessorImpl.invoke(DelegatingMethodAccessorImpl.java:43)
	at java.lang.reflect.Method.invoke(Method.java:498)
	at org.apache.hadoop.hdds.tracing.TraceAllMethod.invoke(TraceAllMethod.java:66)
	at com.sun.proxy.$Proxy38.createFile(Unknown Source)
	at org.apache.hadoop.ozone.client.rpc.RpcClient.createFile(RpcClient.java:1006)
	at org.apache.hadoop.ozone.client.OzoneBucket.createFile(OzoneBucket.java:537)
	at org.apache.hadoop.fs.ozone.BasicOzoneClientAdapterImpl.createFile(BasicOzoneClientAdapterImpl.java:205)
	at org.apache.hadoop.fs.ozone.BasicOzoneFileSystem.createOutputStream(BasicOzoneFileSystem.java:250)
	at org.apache.hadoop.fs.ozone.BasicOzoneFileSystem.create(BasicOzoneFileSystem.java:231)
	at org.apache.hadoop.fs.FileSystem.create(FileSystem.java:1118)
	at org.apache.hadoop.fs.FileSystem.create(FileSystem.java:1098)
	at org.apache.hadoop.fs.FileSystem.create(FileSystem.java:987)
	at org.apache.hadoop.fs.contract.ContractTestUtils.createFile(ContractTestUtils.java:633)
	at org.apache.hadoop.fs.contract.ContractTestUtils.touch(ContractTestUtils.java:669)
	at org.apache.hadoop.fs.ozone.TestOzoneFileSystem.testCreateDoesNotAddParentDirKeys(TestOzoneFileSystem.java:110)
	at sun.reflect.NativeMethodAccessorImpl.invoke0(Native Method)
	at sun.reflect.NativeMethodAccessorImpl.invoke(NativeMethodAccessorImpl.java:62)
	at sun.reflect.DelegatingMethodAccessorImpl.invoke(DelegatingMethodAccessorImpl.java:43)
	at java.lang.reflect.Method.invoke(Method.java:498)
	at org.junit.runners.model.FrameworkMethod$1.runReflectiveCall(FrameworkMethod.java:47)
	at org.junit.internal.runners.model.ReflectiveCallable.run(ReflectiveCallable.java:12)
	at org.junit.runners.model.FrameworkMethod.invokeExplosively(FrameworkMethod.java:44)
	at org.junit.internal.runners.statements.InvokeMethod.evaluate(InvokeMethod.java:17)
	at org.junit.internal.runners.statements.RunBefores.evaluate(RunBefores.java:26)
	at org.junit.internal.runners.statements.RunAfters.evaluate(RunAfters.java:27)
	at org.junit.internal.runners.statements.FailOnTimeout$StatementThread.run(FailOnTimeout.java:74)
</error>
    <system-out><![CDATA[2019-09-26 13:31:57,608 [Thread-1077] WARN  server.ServerUtils (ServerUtils.java:getScmDbDir(145)) - ozone.scm.db.dirs is not configured. We recommend adding this setting. Falling back to ozone.metadata.dirs instead.
2019-09-26 13:31:57,635 [Thread-1077] WARN  server.ServerUtils (ServerUtils.java:getScmDbDir(145)) - ozone.scm.db.dirs is not configured. We recommend adding this setting. Falling back to ozone.metadata.dirs instead.
2019-09-26 13:31:57,635 [Thread-1077] WARN  server.ServerUtils (ServerUtils.java:getScmDbDir(145)) - ozone.scm.db.dirs is not configured. We recommend adding this setting. Falling back to ozone.metadata.dirs instead.
2019-09-26 13:31:57,636 [Thread-1077] INFO  db.DBStoreBuilder (DBStoreBuilder.java:addTable(110)) - using custom profile for table: deletedBlocks
2019-09-26 13:31:57,636 [Thread-1077] INFO  db.DBStoreBuilder (DBStoreBuilder.java:processTables(161)) - Using default column profile:DBProfile.DISK for Table:deletedBlocks
2019-09-26 13:31:57,636 [Thread-1077] INFO  db.DBStoreBuilder (DBStoreBuilder.java:addTable(110)) - using custom profile for table: validCerts
2019-09-26 13:31:57,636 [Thread-1077] INFO  db.DBStoreBuilder (DBStoreBuilder.java:processTables(161)) - Using default column profile:DBProfile.DISK for Table:validCerts
2019-09-26 13:31:57,637 [Thread-1077] INFO  db.DBStoreBuilder (DBStoreBuilder.java:addTable(110)) - using custom profile for table: revokedCerts
2019-09-26 13:31:57,637 [Thread-1077] INFO  db.DBStoreBuilder (DBStoreBuilder.java:processTables(161)) - Using default column profile:DBProfile.DISK for Table:revokedCerts
2019-09-26 13:31:57,637 [Thread-1077] INFO  db.DBStoreBuilder (DBStoreBuilder.java:addTable(110)) - using custom profile for table: default
2019-09-26 13:31:57,637 [Thread-1077] INFO  db.DBStoreBuilder (DBStoreBuilder.java:processTables(167)) - Using default column profile:DBProfile.DISK for Table:default
2019-09-26 13:31:57,637 [Thread-1077] INFO  db.DBStoreBuilder (DBStoreBuilder.java:getDbProfile(198)) - Using default options. DBProfile.DISK
2019-09-26 13:31:57,855 [Thread-1077] INFO  net.NodeSchemaLoader (NodeSchemaLoader.java:loadSchemaFromFile(125)) - Loading file from sun.misc.CompoundEnumeration@358857d2
2019-09-26 13:31:57,855 [Thread-1077] INFO  net.NodeSchemaLoader (NodeSchemaLoader.java:loadSchema(171)) - Loading network topology layer schema file
2019-09-26 13:31:57,861 [Thread-1077] WARN  server.ServerUtils (ServerUtils.java:sanitizeUserArgs(70)) - ozone.scm.stale.node.interval value = 300000 is larger than max = 100000 based on the key value of ozone.scm.heartbeat.thread.interval, reset to the max value 100000.
2019-09-26 13:31:57,862 [Thread-1077] WARN  server.ServerUtils (ServerUtils.java:sanitizeUserArgs(70)) - ozone.scm.stale.node.interval value = 300000 is larger than max = 100000 based on the key value of ozone.scm.heartbeat.thread.interval, reset to the max value 100000.
2019-09-26 13:31:57,862 [Thread-1077] INFO  node.SCMNodeManager (SCMNodeManager.java:<init>(114)) - Entering startup safe mode.
2019-09-26 13:31:57,863 [Thread-1077] INFO  algorithms.ContainerPlacementPolicyFactory (ContainerPlacementPolicyFactory.java:getPolicy(59)) - Create container placement policy of type org.apache.hadoop.hdds.scm.container.placement.algorithms.SCMContainerPlacementRandom
2019-09-26 13:31:57,863 [Thread-1077] WARN  server.ServerUtils (ServerUtils.java:getScmDbDir(145)) - ozone.scm.db.dirs is not configured. We recommend adding this setting. Falling back to ozone.metadata.dirs instead.
2019-09-26 13:31:57,941 [Thread-1077] INFO  pipeline.SCMPipelineManager (SCMPipelineManager.java:initializePipelineState(132)) - No pipeline exists in current db
2019-09-26 13:31:57,941 [Thread-1077] WARN  server.ServerUtils (ServerUtils.java:getScmDbDir(145)) - ozone.scm.db.dirs is not configured. We recommend adding this setting. Falling back to ozone.metadata.dirs instead.
2019-09-26 13:31:58,015 [Thread-1077] WARN  events.EventQueue (EventQueue.java:fireEvent(183)) - No event handler registered for event TypedEvent{payloadType=SafeModeStatus, name='SafeModeStatus'}
2019-09-26 13:31:58,016 [Thread-1077] INFO  ipc.CallQueueManager (CallQueueManager.java:<init>(84)) - Using callQueue: class java.util.concurrent.LinkedBlockingQueue, queueCapacity: 2000, scheduler: class org.apache.hadoop.ipc.DefaultRpcScheduler, ipcBackoff: false.
2019-09-26 13:31:58,017 [Socket Reader #1 for port 40137] INFO  ipc.Server (Server.java:run(1074)) - Starting Socket Reader #1 for port 40137
2019-09-26 13:31:58,019 [Thread-1077] INFO  ipc.CallQueueManager (CallQueueManager.java:<init>(84)) - Using callQueue: class java.util.concurrent.LinkedBlockingQueue, queueCapacity: 2000, scheduler: class org.apache.hadoop.ipc.DefaultRpcScheduler, ipcBackoff: false.
2019-09-26 13:31:58,020 [Socket Reader #1 for port 43014] INFO  ipc.Server (Server.java:run(1074)) - Starting Socket Reader #1 for port 43014
2019-09-26 13:31:58,022 [Thread-1077] INFO  ipc.CallQueueManager (CallQueueManager.java:<init>(84)) - Using callQueue: class java.util.concurrent.LinkedBlockingQueue, queueCapacity: 2000, scheduler: class org.apache.hadoop.ipc.DefaultRpcScheduler, ipcBackoff: false.
2019-09-26 13:31:58,023 [Socket Reader #1 for port 38496] INFO  ipc.Server (Server.java:run(1074)) - Starting Socket Reader #1 for port 38496
2019-09-26 13:31:58,025 [Thread-1077] INFO  hdfs.DFSUtil (DFSUtil.java:httpServerTemplateForNNAndJN(1641)) - Starting Web-server for scm at: http://0.0.0.0:0
2019-09-26 13:31:58,031 [Thread-1077] INFO  server.AuthenticationFilter (AuthenticationFilter.java:constructSecretProvider(240)) - Unable to initialize FileSignerSecretProvider, falling back to use random secrets.
2019-09-26 13:31:58,032 [Thread-1077] WARN  http.HttpRequestLog (HttpRequestLog.java:getRequestLog(97)) - Jetty request log can only be enabled using Log4j
2019-09-26 13:31:58,035 [Thread-1077] INFO  http.HttpServer2 (HttpServer2.java:addGlobalFilter(975)) - Added global filter 'safety' (class=org.apache.hadoop.http.HttpServer2$QuotingInputFilter)
2019-09-26 13:31:58,035 [Thread-1077] INFO  http.HttpServer2 (HttpServer2.java:addFilter(948)) - Added filter static_user_filter (class=org.apache.hadoop.http.lib.StaticUserWebFilter$StaticUserFilter) to context scm
2019-09-26 13:31:58,035 [Thread-1077] INFO  http.HttpServer2 (HttpServer2.java:addFilter(958)) - Added filter static_user_filter (class=org.apache.hadoop.http.lib.StaticUserWebFilter$StaticUserFilter) to context logs
2019-09-26 13:31:58,035 [Thread-1077] INFO  http.HttpServer2 (HttpServer2.java:addFilter(958)) - Added filter static_user_filter (class=org.apache.hadoop.http.lib.StaticUserWebFilter$StaticUserFilter) to context static
2019-09-26 13:31:58,037 [Thread-1077] INFO  server.StorageContainerManager (StorageContainerManager.java:start(770)) - StorageContainerLocationProtocol RPC server is listening at /0.0.0.0:38496
2019-09-26 13:31:58,039 [Thread-1077] WARN  impl.MetricsConfig (MetricsConfig.java:loadFirst(134)) - Cannot locate configuration: tried hadoop-metrics2-storagecontainermanager.properties,hadoop-metrics2.properties
2019-09-26 13:31:58,040 [Thread-1077] INFO  impl.MetricsSystemImpl (MetricsSystemImpl.java:startTimer(374)) - Scheduled Metric snapshot period at 10 second(s).
2019-09-26 13:31:58,040 [Thread-1077] INFO  impl.MetricsSystemImpl (MetricsSystemImpl.java:start(191)) - StorageContainerManager metrics system started
2019-09-26 13:31:58,057 [Thread-1077] WARN  impl.MetricsSystemImpl (MetricsSystemImpl.java:register(276)) - Sink prometheus already exists!
2019-09-26 13:31:58,122 [Thread-1077] INFO  server.SCMClientProtocolServer (SCMClientProtocolServer.java:start(151)) - RPC server for Client  is listening at /0.0.0.0:38496
2019-09-26 13:31:58,123 [IPC Server Responder] INFO  ipc.Server (Server.java:run(1314)) - IPC Server Responder: starting
2019-09-26 13:31:58,123 [IPC Server listener on 38496] INFO  ipc.Server (Server.java:run(1153)) - IPC Server listener on 38496: starting
2019-09-26 13:31:58,125 [Thread-1077] INFO  server.StorageContainerManager (StorageContainerManager.java:start(780)) - ScmBlockLocationProtocol RPC server is listening at /0.0.0.0:43014
2019-09-26 13:31:58,125 [Thread-1077] INFO  server.SCMBlockProtocolServer (SCMBlockProtocolServer.java:start(146)) - RPC server for Block Protocol is listening at /0.0.0.0:43014
2019-09-26 13:31:58,126 [IPC Server Responder] INFO  ipc.Server (Server.java:run(1314)) - IPC Server Responder: starting
2019-09-26 13:31:58,126 [IPC Server listener on 43014] INFO  ipc.Server (Server.java:run(1153)) - IPC Server listener on 43014: starting
2019-09-26 13:31:58,129 [Thread-1077] INFO  server.StorageContainerManager (StorageContainerManager.java:start(784)) - ScmDatanodeProtocl RPC server is listening at /0.0.0.0:40137
2019-09-26 13:31:58,129 [Thread-1077] INFO  server.SCMDatanodeProtocolServer (SCMDatanodeProtocolServer.java:start(191)) - RPC server for DataNodes is listening at /0.0.0.0:40137
2019-09-26 13:31:58,129 [IPC Server Responder] INFO  ipc.Server (Server.java:run(1314)) - IPC Server Responder: starting
2019-09-26 13:31:58,129 [IPC Server listener on 40137] INFO  ipc.Server (Server.java:run(1153)) - IPC Server listener on 40137: starting
2019-09-26 13:31:58,135 [Thread-1077] INFO  http.HttpServer2 (HttpServer2.java:bindListener(1191)) - Jetty bound to port 43790
2019-09-26 13:31:58,135 [Thread-1077] INFO  server.Server (Server.java:doStart(351)) - jetty-9.3.25.v20180904, build timestamp: 2018-09-04T21:11:46Z, git hash: 3ce520221d0240229c862b122d2b06c12a625732
2019-09-26 13:31:58,137 [Thread-1077] INFO  handler.ContextHandler (ContextHandler.java:doStart(781)) - Started o.e.j.s.ServletContextHandler@39b63967{/logs,file:///workdir/hadoop-ozone/ozonefs/target/log,AVAILABLE}
2019-09-26 13:31:58,137 [Thread-1077] INFO  handler.ContextHandler (ContextHandler.java:doStart(781)) - Started o.e.j.s.ServletContextHandler@464589f8{/static,jar:file:/home/user/.m2/repository/org/apache/hadoop/hadoop-hdds-server-scm/0.5.0-SNAPSHOT/hadoop-hdds-server-scm-0.5.0-SNAPSHOT.jar!/webapps/static,AVAILABLE}
2019-09-26 13:31:58,178 [Thread-1077] INFO  handler.ContextHandler (ContextHandler.java:doStart(781)) - Started o.e.j.w.WebAppContext@398430d2{/,file:///tmp/jetty-0.0.0.0-43790-scm-_-any-4743708117883487136.dir/webapp/,AVAILABLE}{/scm}
2019-09-26 13:31:58,179 [Thread-1077] INFO  server.AbstractConnector (AbstractConnector.java:doStart(278)) - Started ServerConnector@1bb215b8{HTTP/1.1,[http/1.1]}{0.0.0.0:43790}
2019-09-26 13:31:58,183 [Thread-1077] INFO  server.Server (Server.java:doStart(419)) - Started @73602ms
2019-09-26 13:31:58,183 [Thread-1077] WARN  impl.MetricsSystemImpl (MetricsSystemImpl.java:register(276)) - Sink prometheus already exists!
2019-09-26 13:31:58,184 [Thread-1077] INFO  server.BaseHttpServer (BaseHttpServer.java:updateConnectorAddress(215)) - HTTP server of SCM is listening at http://0.0.0.0:43790
2019-09-26 13:31:58,187 [Thread-1077] WARN  server.ServerUtils (ServerUtils.java:getDBPath(222)) - ozone.om.db.dirs is not configured. We recommend adding this setting. Falling back to ozone.metadata.dirs instead.
2019-09-26 13:31:58,187 [org.apache.hadoop.util.JvmPauseMonitor$Monitor@7d7ff992] INFO  util.JvmPauseMonitor (JvmPauseMonitor.java:run(188)) - Starting JVM pause monitor
2019-09-26 13:31:58,203 [Thread-1077] WARN  server.ServerUtils (ServerUtils.java:getDBPath(222)) - ozone.om.db.dirs is not configured. We recommend adding this setting. Falling back to ozone.metadata.dirs instead.
2019-09-26 13:31:58,203 [Thread-1077] WARN  server.ServerUtils (ServerUtils.java:getDBPath(222)) - ozone.om.db.dirs is not configured. We recommend adding this setting. Falling back to ozone.metadata.dirs instead.
2019-09-26 13:31:58,203 [Thread-1077] INFO  om.OzoneManager (OzoneManager.java:setOMNodeDetails(652)) - OM Service ID is not set. Setting it to the default ID: omServiceIdDefault
2019-09-26 13:31:58,204 [Thread-1077] INFO  om.OzoneManager (OzoneManager.java:setOMNodeDetails(658)) - OM Node ID is not set. Setting it to the OmStorage's OmID: 14b020c0-3c61-4791-8461-d61f31ed2888
2019-09-26 13:31:58,204 [Thread-1077] INFO  om.OzoneManager (OzoneManager.java:loadOMHAConfigs(609)) - Found matching OM address with OMServiceId: null, OMNodeId: null, RPC Address: localhost:0 and Ratis port: 9872
2019-09-26 13:31:58,211 [Thread-1077] WARN  server.ServerUtils (ServerUtils.java:getDBPath(222)) - ozone.om.db.dirs is not configured. We recommend adding this setting. Falling back to ozone.metadata.dirs instead.
2019-09-26 13:31:58,212 [Thread-1077] INFO  db.DBStoreBuilder (DBStoreBuilder.java:addTable(110)) - using custom profile for table: userTable
2019-09-26 13:31:58,212 [Thread-1077] INFO  db.DBStoreBuilder (DBStoreBuilder.java:processTables(161)) - Using default column profile:DBProfile.DISK for Table:userTable
2019-09-26 13:31:58,212 [Thread-1077] INFO  db.DBStoreBuilder (DBStoreBuilder.java:addTable(110)) - using custom profile for table: volumeTable
2019-09-26 13:31:58,213 [Thread-1077] INFO  db.DBStoreBuilder (DBStoreBuilder.java:processTables(161)) - Using default column profile:DBProfile.DISK for Table:volumeTable
2019-09-26 13:31:58,213 [Thread-1077] INFO  db.DBStoreBuilder (DBStoreBuilder.java:addTable(110)) - using custom profile for table: bucketTable
2019-09-26 13:31:58,213 [Thread-1077] INFO  db.DBStoreBuilder (DBStoreBuilder.java:processTables(161)) - Using default column profile:DBProfile.DISK for Table:bucketTable
2019-09-26 13:31:58,213 [Thread-1077] INFO  db.DBStoreBuilder (DBStoreBuilder.java:addTable(110)) - using custom profile for table: keyTable
2019-09-26 13:31:58,213 [Thread-1077] INFO  db.DBStoreBuilder (DBStoreBuilder.java:processTables(161)) - Using default column profile:DBProfile.DISK for Table:keyTable
2019-09-26 13:31:58,214 [Thread-1077] INFO  db.DBStoreBuilder (DBStoreBuilder.java:addTable(110)) - using custom profile for table: deletedTable
2019-09-26 13:31:58,214 [Thread-1077] INFO  db.DBStoreBuilder (DBStoreBuilder.java:processTables(161)) - Using default column profile:DBProfile.DISK for Table:deletedTable
2019-09-26 13:31:58,214 [Thread-1077] INFO  db.DBStoreBuilder (DBStoreBuilder.java:addTable(110)) - using custom profile for table: openKeyTable
2019-09-26 13:31:58,214 [Thread-1077] INFO  db.DBStoreBuilder (DBStoreBuilder.java:processTables(161)) - Using default column profile:DBProfile.DISK for Table:openKeyTable
2019-09-26 13:31:58,215 [Thread-1077] INFO  db.DBStoreBuilder (DBStoreBuilder.java:addTable(110)) - using custom profile for table: s3Table
2019-09-26 13:31:58,215 [Thread-1077] INFO  db.DBStoreBuilder (DBStoreBuilder.java:processTables(161)) - Using default column profile:DBProfile.DISK for Table:s3Table
2019-09-26 13:31:58,215 [Thread-1077] INFO  db.DBStoreBuilder (DBStoreBuilder.java:addTable(110)) - using custom profile for table: multipartInfoTable
2019-09-26 13:31:58,215 [Thread-1077] INFO  db.DBStoreBuilder (DBStoreBuilder.java:processTables(161)) - Using default column profile:DBProfile.DISK for Table:multipartInfoTable
2019-09-26 13:31:58,215 [Thread-1077] INFO  db.DBStoreBuilder (DBStoreBuilder.java:addTable(110)) - using custom profile for table: dTokenTable
2019-09-26 13:31:58,216 [Thread-1077] INFO  db.DBStoreBuilder (DBStoreBuilder.java:processTables(161)) - Using default column profile:DBProfile.DISK for Table:dTokenTable
2019-09-26 13:31:58,216 [Thread-1077] INFO  db.DBStoreBuilder (DBStoreBuilder.java:addTable(110)) - using custom profile for table: s3SecretTable
2019-09-26 13:31:58,216 [Thread-1077] INFO  db.DBStoreBuilder (DBStoreBuilder.java:processTables(161)) - Using default column profile:DBProfile.DISK for Table:s3SecretTable
2019-09-26 13:31:58,216 [Thread-1077] INFO  db.DBStoreBuilder (DBStoreBuilder.java:addTable(110)) - using custom profile for table: prefixTable
2019-09-26 13:31:58,216 [Thread-1077] INFO  db.DBStoreBuilder (DBStoreBuilder.java:processTables(161)) - Using default column profile:DBProfile.DISK for Table:prefixTable
2019-09-26 13:31:58,217 [Thread-1077] INFO  db.DBStoreBuilder (DBStoreBuilder.java:addTable(110)) - using custom profile for table: default
2019-09-26 13:31:58,217 [Thread-1077] INFO  db.DBStoreBuilder (DBStoreBuilder.java:processTables(167)) - Using default column profile:DBProfile.DISK for Table:default
2019-09-26 13:31:58,217 [Thread-1077] INFO  db.DBStoreBuilder (DBStoreBuilder.java:getDbProfile(198)) - Using default options. DBProfile.DISK
2019-09-26 13:31:58,663 [Thread-1077] INFO  ipc.CallQueueManager (CallQueueManager.java:<init>(84)) - Using callQueue: class java.util.concurrent.LinkedBlockingQueue, queueCapacity: 2000, scheduler: class org.apache.hadoop.ipc.DefaultRpcScheduler, ipcBackoff: false.
2019-09-26 13:31:58,664 [Socket Reader #1 for port 45698] INFO  ipc.Server (Server.java:run(1074)) - Starting Socket Reader #1 for port 45698
2019-09-26 13:31:58,689 [Thread-1077] INFO  om.OzoneManager (OzoneManager.java:start(1243)) - OzoneManager RPC server is listening at localhost/127.0.0.1:45698
2019-09-26 13:31:58,689 [Thread-1077] INFO  impl.MetricsSystemImpl (MetricsSystemImpl.java:init(158)) - OzoneManager metrics system started (again)
2019-09-26 13:31:58,690 [IPC Server Responder] INFO  ipc.Server (Server.java:run(1314)) - IPC Server Responder: starting
2019-09-26 13:31:58,690 [IPC Server listener on 45698] INFO  ipc.Server (Server.java:run(1153)) - IPC Server listener on 45698: starting
2019-09-26 13:31:58,696 [Thread-1077] INFO  hdfs.DFSUtil (DFSUtil.java:httpServerTemplateForNNAndJN(1641)) - Starting Web-server for ozoneManager at: http://0.0.0.0:0
2019-09-26 13:31:58,699 [Thread-1077] INFO  server.AuthenticationFilter (AuthenticationFilter.java:constructSecretProvider(240)) - Unable to initialize FileSignerSecretProvider, falling back to use random secrets.
2019-09-26 13:31:58,699 [Thread-1077] WARN  http.HttpRequestLog (HttpRequestLog.java:getRequestLog(97)) - Jetty request log can only be enabled using Log4j
2019-09-26 13:31:58,701 [Thread-1077] INFO  http.HttpServer2 (HttpServer2.java:addGlobalFilter(975)) - Added global filter 'safety' (class=org.apache.hadoop.http.HttpServer2$QuotingInputFilter)
2019-09-26 13:31:58,702 [Thread-1077] INFO  http.HttpServer2 (HttpServer2.java:addFilter(948)) - Added filter static_user_filter (class=org.apache.hadoop.http.lib.StaticUserWebFilter$StaticUserFilter) to context ozoneManager
2019-09-26 13:31:58,702 [Thread-1077] INFO  http.HttpServer2 (HttpServer2.java:addFilter(958)) - Added filter static_user_filter (class=org.apache.hadoop.http.lib.StaticUserWebFilter$StaticUserFilter) to context logs
2019-09-26 13:31:58,702 [Thread-1077] INFO  http.HttpServer2 (HttpServer2.java:addFilter(958)) - Added filter static_user_filter (class=org.apache.hadoop.http.lib.StaticUserWebFilter$StaticUserFilter) to context static
2019-09-26 13:31:58,703 [Thread-1077] INFO  http.HttpServer2 (HttpServer2.java:bindListener(1191)) - Jetty bound to port 35252
2019-09-26 13:31:58,703 [Thread-1077] INFO  server.Server (Server.java:doStart(351)) - jetty-9.3.25.v20180904, build timestamp: 2018-09-04T21:11:46Z, git hash: 3ce520221d0240229c862b122d2b06c12a625732
2019-09-26 13:31:58,705 [Thread-1077] INFO  handler.ContextHandler (ContextHandler.java:doStart(781)) - Started o.e.j.s.ServletContextHandler@5f076e95{/logs,file:///workdir/hadoop-ozone/ozonefs/target/log,AVAILABLE}
2019-09-26 13:31:58,705 [Thread-1077] INFO  handler.ContextHandler (ContextHandler.java:doStart(781)) - Started o.e.j.s.ServletContextHandler@1ffb81ad{/static,jar:file:/home/user/.m2/repository/org/apache/hadoop/hadoop-ozone-ozone-manager/0.5.0-SNAPSHOT/hadoop-ozone-ozone-manager-0.5.0-SNAPSHOT.jar!/webapps/static,AVAILABLE}
2019-09-26 13:31:58,755 [Thread-1077] INFO  handler.ContextHandler (ContextHandler.java:doStart(781)) - Started o.e.j.w.WebAppContext@1b80d970{/,file:///tmp/jetty-0.0.0.0-35252-ozoneManager-_-any-8839304666619181917.dir/webapp/,AVAILABLE}{/ozoneManager}
2019-09-26 13:31:58,755 [Thread-1077] INFO  server.AbstractConnector (AbstractConnector.java:doStart(278)) - Started ServerConnector@19acf757{HTTP/1.1,[http/1.1]}{0.0.0.0:35252}
2019-09-26 13:31:58,756 [Thread-1077] INFO  server.Server (Server.java:doStart(419)) - Started @74176ms
2019-09-26 13:31:58,757 [Thread-1077] WARN  impl.MetricsSystemImpl (MetricsSystemImpl.java:register(276)) - Sink prometheus already exists!
2019-09-26 13:31:58,757 [Thread-1077] INFO  server.BaseHttpServer (BaseHttpServer.java:updateConnectorAddress(215)) - HTTP server of OZONEMANAGER is listening at http://0.0.0.0:35252
2019-09-26 13:31:58,767 [Thread-1077] INFO  impl.MetricsSystemImpl (MetricsSystemImpl.java:init(158)) - HddsDatanode metrics system started (again)
2019-09-26 13:31:58,771 [Thread-1077] INFO  ozone.HddsDatanodeService (HddsDatanodeService.java:start(184)) - HddsDatanodeService host:pr-hdds-1569-87zkn-1081879488 ip:192.168.164.238
2019-09-26 13:31:58,778 [Thread-1077] INFO  volume.HddsVolume (HddsVolume.java:<init>(176)) - Creating Volume: /workdir/hadoop-ozone/ozonefs/target/test-dir/MiniOzoneClusterImpl-f978b247-e176-4f00-b4b9-b4bec99d4730/datanode-0/data/containers/hdds of  storage type : DISK and capacity : 1482555576320
2019-09-26 13:31:58,778 [Thread-1077] INFO  volume.VolumeSet (VolumeSet.java:initializeVolumeSet(170)) - Added Volume : /workdir/hadoop-ozone/ozonefs/target/test-dir/MiniOzoneClusterImpl-f978b247-e176-4f00-b4b9-b4bec99d4730/datanode-0/data/containers/hdds to VolumeSet
2019-09-26 13:31:58,778 [Thread-1077] INFO  volume.ThrottledAsyncChecker (ThrottledAsyncChecker.java:schedule(139)) - Scheduling a check for org.apache.hadoop.ozone.container.common.volume.HddsVolume@5e7fbe71
2019-09-26 13:31:58,779 [Thread-1077] INFO  volume.HddsVolumeChecker (HddsVolumeChecker.java:checkAllVolumes(202)) - Scheduled health check for volume org.apache.hadoop.ozone.container.common.volume.HddsVolume@5e7fbe71
2019-09-26 13:31:58,805 [Thread-1077] INFO  impl.RaftServerProxy (ConfUtils.java:logGet(43)) - raft.rpc.type = GRPC (default)
2019-09-26 13:31:58,805 [Thread-1077] INFO  grpc.GrpcFactory (GrpcFactory.java:checkPooledByteBufAllocatorUseCacheForAllThreads(45)) - PERFORMANCE WARNING: useCacheForAllThreads is true that may cause Netty to create a lot garbage objects and, as a result, trigger GC.
	It is recommended to disable useCacheForAllThreads by setting -Dorg.apache.ratis.thirdparty.io.netty.allocator.useCacheForAllThreads=false in command line.
2019-09-26 13:31:58,806 [Thread-1077] INFO  grpc.GrpcConfigKeys$Server (ConfUtils.java:logGet(43)) - raft.grpc.server.port = 0 (default)
2019-09-26 13:31:58,806 [Thread-1077] INFO  server.GrpcService (ConfUtils.java:logGet(43)) - raft.grpc.message.size.max = 33570816 (custom)
2019-09-26 13:31:58,806 [Thread-1077] INFO  server.RaftServerConfigKeys (ConfUtils.java:logGet(43)) - raft.server.log.appender.buffer.byte-limit = 33554432 (custom)
2019-09-26 13:31:58,806 [Thread-1077] INFO  server.GrpcService (ConfUtils.java:logGet(43)) - raft.grpc.flow.control.window = 1MB (=1048576) (default)
2019-09-26 13:31:58,806 [Thread-1077] INFO  server.RaftServerConfigKeys (ConfUtils.java:logGet(43)) - raft.server.rpc.request.timeout = 3000ms (default)
2019-09-26 13:31:58,807 [Thread-1077] INFO  server.RaftServerConfigKeys (ConfUtils.java:logGet(43)) - raft.server.storage.dir = [/workdir/hadoop-ozone/ozonefs/target/test-dir/MiniOzoneClusterImpl-f978b247-e176-4f00-b4b9-b4bec99d4730/datanode-0/data/ratis] (custom)
2019-09-26 13:31:58,809 [Thread-1077] INFO  hdfs.DFSUtil (DFSUtil.java:httpServerTemplateForNNAndJN(1641)) - Starting Web-server for hddsDatanode at: http://0.0.0.0:0
2019-09-26 13:31:58,811 [Thread-1077] INFO  server.AuthenticationFilter (AuthenticationFilter.java:constructSecretProvider(240)) - Unable to initialize FileSignerSecretProvider, falling back to use random secrets.
2019-09-26 13:31:58,811 [Thread-1077] WARN  http.HttpRequestLog (HttpRequestLog.java:getRequestLog(97)) - Jetty request log can only be enabled using Log4j
2019-09-26 13:31:58,813 [Thread-1077] INFO  http.HttpServer2 (HttpServer2.java:addGlobalFilter(975)) - Added global filter 'safety' (class=org.apache.hadoop.http.HttpServer2$QuotingInputFilter)
2019-09-26 13:31:58,814 [Thread-1077] INFO  http.HttpServer2 (HttpServer2.java:addFilter(948)) - Added filter static_user_filter (class=org.apache.hadoop.http.lib.StaticUserWebFilter$StaticUserFilter) to context hddsDatanode
2019-09-26 13:31:58,814 [Thread-1077] INFO  http.HttpServer2 (HttpServer2.java:addFilter(958)) - Added filter static_user_filter (class=org.apache.hadoop.http.lib.StaticUserWebFilter$StaticUserFilter) to context logs
2019-09-26 13:31:58,814 [Thread-1077] INFO  http.HttpServer2 (HttpServer2.java:addFilter(958)) - Added filter static_user_filter (class=org.apache.hadoop.http.lib.StaticUserWebFilter$StaticUserFilter) to context static
2019-09-26 13:31:58,815 [Thread-1077] INFO  http.HttpServer2 (HttpServer2.java:bindListener(1191)) - Jetty bound to port 34350
2019-09-26 13:31:58,815 [Thread-1077] INFO  server.Server (Server.java:doStart(351)) - jetty-9.3.25.v20180904, build timestamp: 2018-09-04T21:11:46Z, git hash: 3ce520221d0240229c862b122d2b06c12a625732
2019-09-26 13:31:58,817 [Thread-1077] INFO  handler.ContextHandler (ContextHandler.java:doStart(781)) - Started o.e.j.s.ServletContextHandler@8f6c5fa{/logs,file:///workdir/hadoop-ozone/ozonefs/target/log,AVAILABLE}
2019-09-26 13:31:58,817 [Thread-1077] INFO  handler.ContextHandler (ContextHandler.java:doStart(781)) - Started o.e.j.s.ServletContextHandler@56a49968{/static,jar:file:/home/user/.m2/repository/org/apache/hadoop/hadoop-hdds-container-service/0.5.0-SNAPSHOT/hadoop-hdds-container-service-0.5.0-SNAPSHOT.jar!/webapps/static,AVAILABLE}
2019-09-26 13:31:58,847 [Thread-1077] INFO  handler.ContextHandler (ContextHandler.java:doStart(781)) - Started o.e.j.w.WebAppContext@acb462a{/,file:///tmp/jetty-0.0.0.0-34350-hddsDatanode-_-any-8758613959696842098.dir/webapp/,AVAILABLE}{/hddsDatanode}
2019-09-26 13:31:58,849 [Thread-1077] INFO  server.AbstractConnector (AbstractConnector.java:doStart(278)) - Started ServerConnector@17be1d2b{HTTP/1.1,[http/1.1]}{0.0.0.0:34350}
2019-09-26 13:31:58,849 [Thread-1077] INFO  server.Server (Server.java:doStart(419)) - Started @74268ms
2019-09-26 13:31:58,849 [Thread-1077] WARN  impl.MetricsSystemImpl (MetricsSystemImpl.java:register(276)) - Sink prometheus already exists!
2019-09-26 13:31:58,850 [Thread-1077] INFO  server.BaseHttpServer (BaseHttpServer.java:updateConnectorAddress(215)) - HTTP server of HDDSDATANODE is listening at http://0.0.0.0:34350
2019-09-26 13:31:58,851 [Thread-1077] INFO  impl.MetricsSystemImpl (MetricsSystemImpl.java:init(158)) - HddsDatanode metrics system started (again)
2019-09-26 13:31:58,854 [org.apache.hadoop.util.JvmPauseMonitor$Monitor@134fbfd5] INFO  util.JvmPauseMonitor (JvmPauseMonitor.java:run(188)) - Starting JVM pause monitor
2019-09-26 13:31:58,855 [Thread-1077] INFO  ozone.HddsDatanodeService (HddsDatanodeService.java:start(184)) - HddsDatanodeService host:pr-hdds-1569-87zkn-1081879488 ip:192.168.164.238
2019-09-26 13:31:58,857 [Datanode State Machine Thread - 0] INFO  datanode.InitDatanodeState (InitDatanodeState.java:persistContainerDatanodeDetails(140)) - DatanodeDetails is persisted to /workdir/hadoop-ozone/ozonefs/target/test-dir/MiniOzoneClusterImpl-f978b247-e176-4f00-b4b9-b4bec99d4730/datanode-0/meta/datanode.id
2019-09-26 13:31:58,863 [Thread-1077] INFO  volume.HddsVolume (HddsVolume.java:<init>(176)) - Creating Volume: /workdir/hadoop-ozone/ozonefs/target/test-dir/MiniOzoneClusterImpl-f978b247-e176-4f00-b4b9-b4bec99d4730/datanode-1/data/containers/hdds of  storage type : DISK and capacity : 1482555576320
2019-09-26 13:31:58,864 [Thread-1077] INFO  volume.VolumeSet (VolumeSet.java:initializeVolumeSet(170)) - Added Volume : /workdir/hadoop-ozone/ozonefs/target/test-dir/MiniOzoneClusterImpl-f978b247-e176-4f00-b4b9-b4bec99d4730/datanode-1/data/containers/hdds to VolumeSet
2019-09-26 13:31:58,864 [Thread-1077] INFO  volume.ThrottledAsyncChecker (ThrottledAsyncChecker.java:schedule(139)) - Scheduling a check for org.apache.hadoop.ozone.container.common.volume.HddsVolume@51732fa7
2019-09-26 13:31:58,864 [Thread-1077] INFO  volume.HddsVolumeChecker (HddsVolumeChecker.java:checkAllVolumes(202)) - Scheduled health check for volume org.apache.hadoop.ozone.container.common.volume.HddsVolume@51732fa7
2019-09-26 13:31:58,884 [Thread-1077] INFO  impl.RaftServerProxy (ConfUtils.java:logGet(43)) - raft.rpc.type = GRPC (default)
2019-09-26 13:31:58,884 [Thread-1077] INFO  grpc.GrpcFactory (GrpcFactory.java:checkPooledByteBufAllocatorUseCacheForAllThreads(45)) - PERFORMANCE WARNING: useCacheForAllThreads is true that may cause Netty to create a lot garbage objects and, as a result, trigger GC.
	It is recommended to disable useCacheForAllThreads by setting -Dorg.apache.ratis.thirdparty.io.netty.allocator.useCacheForAllThreads=false in command line.
2019-09-26 13:31:58,885 [Thread-1077] INFO  grpc.GrpcConfigKeys$Server (ConfUtils.java:logGet(43)) - raft.grpc.server.port = 0 (default)
2019-09-26 13:31:58,885 [Thread-1077] INFO  server.GrpcService (ConfUtils.java:logGet(43)) - raft.grpc.message.size.max = 33570816 (custom)
2019-09-26 13:31:58,885 [Thread-1077] INFO  server.RaftServerConfigKeys (ConfUtils.java:logGet(43)) - raft.server.log.appender.buffer.byte-limit = 33554432 (custom)
2019-09-26 13:31:58,885 [Thread-1077] INFO  server.GrpcService (ConfUtils.java:logGet(43)) - raft.grpc.flow.control.window = 1MB (=1048576) (default)
2019-09-26 13:31:58,885 [Thread-1077] INFO  server.RaftServerConfigKeys (ConfUtils.java:logGet(43)) - raft.server.rpc.request.timeout = 3000ms (default)
2019-09-26 13:31:58,885 [Thread-1077] INFO  server.RaftServerConfigKeys (ConfUtils.java:logGet(43)) - raft.server.storage.dir = [/workdir/hadoop-ozone/ozonefs/target/test-dir/MiniOzoneClusterImpl-f978b247-e176-4f00-b4b9-b4bec99d4730/datanode-1/data/ratis] (custom)
2019-09-26 13:31:58,887 [Thread-1077] INFO  hdfs.DFSUtil (DFSUtil.java:httpServerTemplateForNNAndJN(1641)) - Starting Web-server for hddsDatanode at: http://0.0.0.0:0
2019-09-26 13:31:58,889 [Thread-1077] INFO  server.AuthenticationFilter (AuthenticationFilter.java:constructSecretProvider(240)) - Unable to initialize FileSignerSecretProvider, falling back to use random secrets.
2019-09-26 13:31:58,890 [Thread-1077] WARN  http.HttpRequestLog (HttpRequestLog.java:getRequestLog(97)) - Jetty request log can only be enabled using Log4j
2019-09-26 13:31:58,891 [Thread-1077] INFO  http.HttpServer2 (HttpServer2.java:addGlobalFilter(975)) - Added global filter 'safety' (class=org.apache.hadoop.http.HttpServer2$QuotingInputFilter)
2019-09-26 13:31:58,892 [Thread-1077] INFO  http.HttpServer2 (HttpServer2.java:addFilter(948)) - Added filter static_user_filter (class=org.apache.hadoop.http.lib.StaticUserWebFilter$StaticUserFilter) to context hddsDatanode
2019-09-26 13:31:58,892 [Thread-1077] INFO  http.HttpServer2 (HttpServer2.java:addFilter(958)) - Added filter static_user_filter (class=org.apache.hadoop.http.lib.StaticUserWebFilter$StaticUserFilter) to context static
2019-09-26 13:31:58,892 [Thread-1077] INFO  http.HttpServer2 (HttpServer2.java:addFilter(958)) - Added filter static_user_filter (class=org.apache.hadoop.http.lib.StaticUserWebFilter$StaticUserFilter) to context logs
2019-09-26 13:31:58,893 [Thread-1077] INFO  http.HttpServer2 (HttpServer2.java:bindListener(1191)) - Jetty bound to port 43565
2019-09-26 13:31:58,893 [Thread-1077] INFO  server.Server (Server.java:doStart(351)) - jetty-9.3.25.v20180904, build timestamp: 2018-09-04T21:11:46Z, git hash: 3ce520221d0240229c862b122d2b06c12a625732
2019-09-26 13:31:58,894 [Thread-1077] INFO  handler.ContextHandler (ContextHandler.java:doStart(781)) - Started o.e.j.s.ServletContextHandler@6bbf74c6{/logs,file:///workdir/hadoop-ozone/ozonefs/target/log,AVAILABLE}
2019-09-26 13:31:58,895 [Thread-1077] INFO  handler.ContextHandler (ContextHandler.java:doStart(781)) - Started o.e.j.s.ServletContextHandler@2e0380d1{/static,jar:file:/home/user/.m2/repository/org/apache/hadoop/hadoop-hdds-container-service/0.5.0-SNAPSHOT/hadoop-hdds-container-service-0.5.0-SNAPSHOT.jar!/webapps/static,AVAILABLE}
2019-09-26 13:31:58,923 [Thread-1077] INFO  handler.ContextHandler (ContextHandler.java:doStart(781)) - Started o.e.j.w.WebAppContext@4b5d74a4{/,file:///tmp/jetty-0.0.0.0-43565-hddsDatanode-_-any-3029956857217917231.dir/webapp/,AVAILABLE}{/hddsDatanode}
2019-09-26 13:31:58,923 [Thread-1077] INFO  server.AbstractConnector (AbstractConnector.java:doStart(278)) - Started ServerConnector@748f99eb{HTTP/1.1,[http/1.1]}{0.0.0.0:43565}
2019-09-26 13:31:58,924 [Thread-1077] INFO  server.Server (Server.java:doStart(419)) - Started @74344ms
2019-09-26 13:31:58,925 [Thread-1077] WARN  impl.MetricsSystemImpl (MetricsSystemImpl.java:register(276)) - Sink prometheus already exists!
2019-09-26 13:31:58,925 [Thread-1077] INFO  server.BaseHttpServer (BaseHttpServer.java:updateConnectorAddress(215)) - HTTP server of HDDSDATANODE is listening at http://0.0.0.0:43565
2019-09-26 13:31:58,925 [Thread-1077] INFO  impl.MetricsSystemImpl (MetricsSystemImpl.java:init(158)) - HddsDatanode metrics system started (again)
2019-09-26 13:31:58,929 [org.apache.hadoop.util.JvmPauseMonitor$Monitor@1ceb1a40] INFO  util.JvmPauseMonitor (JvmPauseMonitor.java:run(188)) - Starting JVM pause monitor
2019-09-26 13:31:58,930 [Thread-1077] INFO  ozone.HddsDatanodeService (HddsDatanodeService.java:start(184)) - HddsDatanodeService host:pr-hdds-1569-87zkn-1081879488 ip:192.168.164.238
2019-09-26 13:31:58,931 [Datanode State Machine Thread - 0] INFO  datanode.InitDatanodeState (InitDatanodeState.java:persistContainerDatanodeDetails(140)) - DatanodeDetails is persisted to /workdir/hadoop-ozone/ozonefs/target/test-dir/MiniOzoneClusterImpl-f978b247-e176-4f00-b4b9-b4bec99d4730/datanode-1/meta/datanode.id
2019-09-26 13:31:58,938 [Thread-1077] INFO  volume.HddsVolume (HddsVolume.java:<init>(176)) - Creating Volume: /workdir/hadoop-ozone/ozonefs/target/test-dir/MiniOzoneClusterImpl-f978b247-e176-4f00-b4b9-b4bec99d4730/datanode-2/data/containers/hdds of  storage type : DISK and capacity : 1482555576320
2019-09-26 13:31:58,938 [Thread-1077] INFO  volume.VolumeSet (VolumeSet.java:initializeVolumeSet(170)) - Added Volume : /workdir/hadoop-ozone/ozonefs/target/test-dir/MiniOzoneClusterImpl-f978b247-e176-4f00-b4b9-b4bec99d4730/datanode-2/data/containers/hdds to VolumeSet
2019-09-26 13:31:58,938 [Thread-1077] INFO  volume.ThrottledAsyncChecker (ThrottledAsyncChecker.java:schedule(139)) - Scheduling a check for org.apache.hadoop.ozone.container.common.volume.HddsVolume@1d285129
2019-09-26 13:31:58,939 [Thread-1077] INFO  volume.HddsVolumeChecker (HddsVolumeChecker.java:checkAllVolumes(202)) - Scheduled health check for volume org.apache.hadoop.ozone.container.common.volume.HddsVolume@1d285129
2019-09-26 13:31:58,962 [Thread-1077] INFO  impl.RaftServerProxy (ConfUtils.java:logGet(43)) - raft.rpc.type = GRPC (default)
2019-09-26 13:31:58,962 [Thread-1077] INFO  grpc.GrpcFactory (GrpcFactory.java:checkPooledByteBufAllocatorUseCacheForAllThreads(45)) - PERFORMANCE WARNING: useCacheForAllThreads is true that may cause Netty to create a lot garbage objects and, as a result, trigger GC.
	It is recommended to disable useCacheForAllThreads by setting -Dorg.apache.ratis.thirdparty.io.netty.allocator.useCacheForAllThreads=false in command line.
2019-09-26 13:31:58,962 [Thread-1077] INFO  grpc.GrpcConfigKeys$Server (ConfUtils.java:logGet(43)) - raft.grpc.server.port = 0 (default)
2019-09-26 13:31:58,962 [Thread-1077] INFO  server.GrpcService (ConfUtils.java:logGet(43)) - raft.grpc.message.size.max = 33570816 (custom)
2019-09-26 13:31:58,963 [Thread-1077] INFO  server.RaftServerConfigKeys (ConfUtils.java:logGet(43)) - raft.server.log.appender.buffer.byte-limit = 33554432 (custom)
2019-09-26 13:31:58,963 [Thread-1077] INFO  server.GrpcService (ConfUtils.java:logGet(43)) - raft.grpc.flow.control.window = 1MB (=1048576) (default)
2019-09-26 13:31:58,963 [Thread-1077] INFO  server.RaftServerConfigKeys (ConfUtils.java:logGet(43)) - raft.server.rpc.request.timeout = 3000ms (default)
2019-09-26 13:31:58,963 [Thread-1077] INFO  server.RaftServerConfigKeys (ConfUtils.java:logGet(43)) - raft.server.storage.dir = [/workdir/hadoop-ozone/ozonefs/target/test-dir/MiniOzoneClusterImpl-f978b247-e176-4f00-b4b9-b4bec99d4730/datanode-2/data/ratis] (custom)
2019-09-26 13:31:58,965 [Thread-1077] INFO  hdfs.DFSUtil (DFSUtil.java:httpServerTemplateForNNAndJN(1641)) - Starting Web-server for hddsDatanode at: http://0.0.0.0:0
2019-09-26 13:31:58,966 [Thread-1077] INFO  server.AuthenticationFilter (AuthenticationFilter.java:constructSecretProvider(240)) - Unable to initialize FileSignerSecretProvider, falling back to use random secrets.
2019-09-26 13:31:58,967 [Thread-1077] WARN  http.HttpRequestLog (HttpRequestLog.java:getRequestLog(97)) - Jetty request log can only be enabled using Log4j
2019-09-26 13:31:58,968 [Thread-1077] INFO  http.HttpServer2 (HttpServer2.java:addGlobalFilter(975)) - Added global filter 'safety' (class=org.apache.hadoop.http.HttpServer2$QuotingInputFilter)
2019-09-26 13:31:58,969 [Thread-1077] INFO  http.HttpServer2 (HttpServer2.java:addFilter(948)) - Added filter static_user_filter (class=org.apache.hadoop.http.lib.StaticUserWebFilter$StaticUserFilter) to context hddsDatanode
2019-09-26 13:31:58,969 [Thread-1077] INFO  http.HttpServer2 (HttpServer2.java:addFilter(958)) - Added filter static_user_filter (class=org.apache.hadoop.http.lib.StaticUserWebFilter$StaticUserFilter) to context static
2019-09-26 13:31:58,969 [Thread-1077] INFO  http.HttpServer2 (HttpServer2.java:addFilter(958)) - Added filter static_user_filter (class=org.apache.hadoop.http.lib.StaticUserWebFilter$StaticUserFilter) to context logs
2019-09-26 13:31:58,970 [Thread-1077] INFO  http.HttpServer2 (HttpServer2.java:bindListener(1191)) - Jetty bound to port 40820
2019-09-26 13:31:58,970 [Thread-1077] INFO  server.Server (Server.java:doStart(351)) - jetty-9.3.25.v20180904, build timestamp: 2018-09-04T21:11:46Z, git hash: 3ce520221d0240229c862b122d2b06c12a625732
2019-09-26 13:31:58,971 [Thread-1077] INFO  handler.ContextHandler (ContextHandler.java:doStart(781)) - Started o.e.j.s.ServletContextHandler@11f3ceaa{/logs,file:///workdir/hadoop-ozone/ozonefs/target/log,AVAILABLE}
2019-09-26 13:31:58,972 [Thread-1077] INFO  handler.ContextHandler (ContextHandler.java:doStart(781)) - Started o.e.j.s.ServletContextHandler@4cf971af{/static,jar:file:/home/user/.m2/repository/org/apache/hadoop/hadoop-hdds-container-service/0.5.0-SNAPSHOT/hadoop-hdds-container-service-0.5.0-SNAPSHOT.jar!/webapps/static,AVAILABLE}
2019-09-26 13:31:59,000 [Thread-1077] INFO  handler.ContextHandler (ContextHandler.java:doStart(781)) - Started o.e.j.w.WebAppContext@dcad301{/,file:///tmp/jetty-0.0.0.0-40820-hddsDatanode-_-any-728955600132823722.dir/webapp/,AVAILABLE}{/hddsDatanode}
2019-09-26 13:31:59,000 [Thread-1077] INFO  server.AbstractConnector (AbstractConnector.java:doStart(278)) - Started ServerConnector@75d3e40b{HTTP/1.1,[http/1.1]}{0.0.0.0:40820}
2019-09-26 13:31:59,002 [Thread-1077] INFO  server.Server (Server.java:doStart(419)) - Started @74421ms
2019-09-26 13:31:59,002 [Thread-1077] WARN  impl.MetricsSystemImpl (MetricsSystemImpl.java:register(276)) - Sink prometheus already exists!
2019-09-26 13:31:59,002 [Thread-1077] INFO  server.BaseHttpServer (BaseHttpServer.java:updateConnectorAddress(215)) - HTTP server of HDDSDATANODE is listening at http://0.0.0.0:40820
2019-09-26 13:31:59,003 [Thread-1077] INFO  ozone.MiniOzoneClusterImpl (MiniOzoneClusterImpl.java:lambda$waitForClusterToBeReady$0(147)) - Waiting for cluster to be ready. Got 0 of 3 DN Heartbeats.
2019-09-26 13:31:59,004 [org.apache.hadoop.util.JvmPauseMonitor$Monitor@42989895] INFO  util.JvmPauseMonitor (JvmPauseMonitor.java:run(188)) - Starting JVM pause monitor
2019-09-26 13:31:59,006 [Datanode State Machine Thread - 0] INFO  datanode.InitDatanodeState (InitDatanodeState.java:persistContainerDatanodeDetails(140)) - DatanodeDetails is persisted to /workdir/hadoop-ozone/ozonefs/target/test-dir/MiniOzoneClusterImpl-f978b247-e176-4f00-b4b9-b4bec99d4730/datanode-2/meta/datanode.id
2019-09-26 13:32:00,003 [Thread-1077] INFO  ozone.MiniOzoneClusterImpl (MiniOzoneClusterImpl.java:lambda$waitForClusterToBeReady$0(147)) - Waiting for cluster to be ready. Got 0 of 3 DN Heartbeats.
2019-09-26 13:32:00,876 [Datanode State Machine Thread - 0] INFO  ozoneimpl.OzoneContainer (OzoneContainer.java:start(217)) - Attempting to start container services.
2019-09-26 13:32:00,876 [Datanode State Machine Thread - 0] INFO  ozoneimpl.OzoneContainer (OzoneContainer.java:startContainerScrub(179)) - Background container scanner has been disabled.
2019-09-26 13:32:00,877 [Datanode State Machine Thread - 0] INFO  ratis.XceiverServerRatis (XceiverServerRatis.java:start(411)) - Starting XceiverServerRatis dacd514e-d0f2-4f80-a7b7-f5c48675eb53 at port 0
2019-09-26 13:32:00,884 [Datanode State Machine Thread - 0] INFO  impl.RaftServerProxy (RaftServerProxy.java:lambda$start$3(299)) - dacd514e-d0f2-4f80-a7b7-f5c48675eb53: start RPC server
2019-09-26 13:32:00,886 [Datanode State Machine Thread - 0] INFO  server.GrpcService (GrpcService.java:startImpl(158)) - dacd514e-d0f2-4f80-a7b7-f5c48675eb53: GrpcService started, listening on 0.0.0.0/0.0.0.0:34147
2019-09-26 13:32:00,887 [Datanode State Machine Thread - 0] INFO  ratis.XceiverServerRatis (XceiverServerRatis.java:start(421)) - XceiverServerRatis dacd514e-d0f2-4f80-a7b7-f5c48675eb53 is started using port 34147
2019-09-26 13:32:00,889 [Datanode State Machine Thread - 0] INFO  server.XceiverServerGrpc (XceiverServerGrpc.java:start(149)) - XceiverServerGrpc dacd514e-d0f2-4f80-a7b7-f5c48675eb53 is started using port 46628
2019-09-26 13:32:00,947 [Datanode State Machine Thread - 0] INFO  ozoneimpl.OzoneContainer (OzoneContainer.java:start(217)) - Attempting to start container services.
2019-09-26 13:32:00,947 [Datanode State Machine Thread - 0] INFO  ozoneimpl.OzoneContainer (OzoneContainer.java:startContainerScrub(179)) - Background container scanner has been disabled.
2019-09-26 13:32:00,947 [Datanode State Machine Thread - 0] INFO  ratis.XceiverServerRatis (XceiverServerRatis.java:start(411)) - Starting XceiverServerRatis 1f806e80-696f-4e1e-8d02-ece25156c36a at port 0
2019-09-26 13:32:00,955 [Datanode State Machine Thread - 0] INFO  impl.RaftServerProxy (RaftServerProxy.java:lambda$start$3(299)) - 1f806e80-696f-4e1e-8d02-ece25156c36a: start RPC server
2019-09-26 13:32:00,957 [Datanode State Machine Thread - 0] INFO  server.GrpcService (GrpcService.java:startImpl(158)) - 1f806e80-696f-4e1e-8d02-ece25156c36a: GrpcService started, listening on 0.0.0.0/0.0.0.0:40523
2019-09-26 13:32:00,957 [Datanode State Machine Thread - 0] INFO  ratis.XceiverServerRatis (XceiverServerRatis.java:start(421)) - XceiverServerRatis 1f806e80-696f-4e1e-8d02-ece25156c36a is started using port 40523
2019-09-26 13:32:00,957 [Datanode State Machine Thread - 0] INFO  server.XceiverServerGrpc (XceiverServerGrpc.java:start(149)) - XceiverServerGrpc 1f806e80-696f-4e1e-8d02-ece25156c36a is started using port 45411
2019-09-26 13:32:01,004 [Thread-1077] INFO  ozone.MiniOzoneClusterImpl (MiniOzoneClusterImpl.java:lambda$waitForClusterToBeReady$0(147)) - Waiting for cluster to be ready. Got 0 of 3 DN Heartbeats.
2019-09-26 13:32:01,018 [Datanode State Machine Thread - 0] INFO  ozoneimpl.OzoneContainer (OzoneContainer.java:start(217)) - Attempting to start container services.
2019-09-26 13:32:01,019 [Datanode State Machine Thread - 0] INFO  ozoneimpl.OzoneContainer (OzoneContainer.java:startContainerScrub(179)) - Background container scanner has been disabled.
2019-09-26 13:32:01,019 [Datanode State Machine Thread - 0] INFO  ratis.XceiverServerRatis (XceiverServerRatis.java:start(411)) - Starting XceiverServerRatis e16dff8c-a16b-40c6-b6a2-90a35c3deb9f at port 0
2019-09-26 13:32:01,027 [Datanode State Machine Thread - 0] INFO  impl.RaftServerProxy (RaftServerProxy.java:lambda$start$3(299)) - e16dff8c-a16b-40c6-b6a2-90a35c3deb9f: start RPC server
2019-09-26 13:32:01,028 [Datanode State Machine Thread - 0] INFO  server.GrpcService (GrpcService.java:startImpl(158)) - e16dff8c-a16b-40c6-b6a2-90a35c3deb9f: GrpcService started, listening on 0.0.0.0/0.0.0.0:44441
2019-09-26 13:32:01,029 [Datanode State Machine Thread - 0] INFO  ratis.XceiverServerRatis (XceiverServerRatis.java:start(421)) - XceiverServerRatis e16dff8c-a16b-40c6-b6a2-90a35c3deb9f is started using port 44441
2019-09-26 13:32:01,029 [Datanode State Machine Thread - 0] INFO  server.XceiverServerGrpc (XceiverServerGrpc.java:start(149)) - XceiverServerGrpc e16dff8c-a16b-40c6-b6a2-90a35c3deb9f is started using port 35144
2019-09-26 13:32:02,004 [Thread-1077] INFO  ozone.MiniOzoneClusterImpl (MiniOzoneClusterImpl.java:lambda$waitForClusterToBeReady$0(147)) - Waiting for cluster to be ready. Got 0 of 3 DN Heartbeats.
2019-09-26 13:32:02,859 [IPC Server handler 0 on 40137] INFO  net.NetworkTopology (NetworkTopologyImpl.java:add(111)) - Added a new node: /default-rack/dacd514e-d0f2-4f80-a7b7-f5c48675eb53
2019-09-26 13:32:02,862 [IPC Server handler 0 on 40137] INFO  node.SCMNodeManager (SCMNodeManager.java:register(266)) - Registered Data node : dacd514e-d0f2-4f80-a7b7-f5c48675eb53{ip: 192.168.164.238, host: pr-hdds-1569-87zkn-1081879488, networkLocation: /default-rack, certSerialId: null}
2019-09-26 13:32:02,863 [EventQueue-NodeRegistrationContainerReportForDataNodeSafeModeRule] INFO  safemode.SCMSafeModeManager (DataNodeSafeModeRule.java:process(71)) - SCM in safe mode. 1 DataNodes registered, 1 required.
2019-09-26 13:32:02,866 [EventQueue-NodeRegistrationContainerReportForDataNodeSafeModeRule] INFO  safemode.SCMSafeModeManager (SCMSafeModeManager.java:validateSafeModeExitRules(177)) - ScmSafeModeManager, all rules are successfully validated
2019-09-26 13:32:02,866 [EventQueue-NodeRegistrationContainerReportForDataNodeSafeModeRule] INFO  safemode.SCMSafeModeManager (SCMSafeModeManager.java:exitSafeMode(193)) - SCM exiting safe mode.
2019-09-26 13:32:02,882 [grpc-default-executor-0] INFO  impl.RaftServerProxy (RaftServerProxy.java:addNew(89)) - dacd514e-d0f2-4f80-a7b7-f5c48675eb53: addNew group-2EF9077E48FA:[dacd514e-d0f2-4f80-a7b7-f5c48675eb53:192.168.164.238:34147] returns group-2EF9077E48FA:java.util.concurrent.CompletableFuture@51b30bd7[Not completed]
2019-09-26 13:32:02,884 [pool-227-thread-1] INFO  impl.RaftServerImpl (RaftServerImpl.java:<init>(95)) - dacd514e-d0f2-4f80-a7b7-f5c48675eb53: new RaftServerImpl for group-2EF9077E48FA:[dacd514e-d0f2-4f80-a7b7-f5c48675eb53:192.168.164.238:34147] with ContainerStateMachine:uninitialized
2019-09-26 13:32:02,884 [pool-227-thread-1] INFO  server.RaftServerConfigKeys (ConfUtils.java:logGet(43)) - raft.server.rpc.timeout.min = 5s (custom)
2019-09-26 13:32:02,884 [pool-227-thread-1] INFO  server.RaftServerConfigKeys (ConfUtils.java:logGet(43)) - raft.server.rpc.timeout.max = 5200ms (custom)
2019-09-26 13:32:02,885 [pool-227-thread-1] INFO  server.RaftServerConfigKeys (ConfUtils.java:logGet(43)) - raft.server.rpcslowness.timeout = 120s (custom)
2019-09-26 13:32:02,885 [pool-227-thread-1] INFO  server.RaftServerConfigKeys (ConfUtils.java:logGet(43)) - raft.server.sleep.deviation.threshold = 300 (default)
2019-09-26 13:32:02,885 [pool-227-thread-1] INFO  server.RaftServerConfigKeys (ConfUtils.java:logGet(43)) - raft.server.log.appender.install.snapshot.enabled = false (custom)
2019-09-26 13:32:02,885 [pool-227-thread-1] INFO  impl.RaftServerImpl (ServerState.java:<init>(103)) - dacd514e-d0f2-4f80-a7b7-f5c48675eb53@group-2EF9077E48FA: ConfigurationManager, init=-1: [dacd514e-d0f2-4f80-a7b7-f5c48675eb53:192.168.164.238:34147], old=null, confs=<EMPTY_MAP>
2019-09-26 13:32:02,885 [pool-227-thread-1] INFO  server.RaftServerConfigKeys (ConfUtils.java:logGet(43)) - raft.server.storage.dir = [/workdir/hadoop-ozone/ozonefs/target/test-dir/MiniOzoneClusterImpl-f978b247-e176-4f00-b4b9-b4bec99d4730/datanode-0/data/ratis] (custom)
2019-09-26 13:32:02,886 [pool-227-thread-1] INFO  storage.RaftStorageDirectory (RaftStorageDirectory.java:analyzeStorage(246)) - The storage directory /workdir/hadoop-ozone/ozonefs/target/test-dir/MiniOzoneClusterImpl-f978b247-e176-4f00-b4b9-b4bec99d4730/datanode-0/data/ratis/346a482b-e5a6-4450-8c25-2ef9077e48fa does not exist. Creating ...
2019-09-26 13:32:02,912 [pool-227-thread-1] INFO  storage.RaftStorageDirectory (RaftStorageDirectory.java:tryLock(328)) - Lock on /workdir/hadoop-ozone/ozonefs/target/test-dir/MiniOzoneClusterImpl-f978b247-e176-4f00-b4b9-b4bec99d4730/datanode-0/data/ratis/346a482b-e5a6-4450-8c25-2ef9077e48fa/in_use.lock acquired by nodename 10147@pr-hdds-1569-87zkn-1081879488
2019-09-26 13:32:02,925 [pool-227-thread-1] INFO  storage.RaftStorage (RaftStorage.java:format(72)) - Storage directory /workdir/hadoop-ozone/ozonefs/target/test-dir/MiniOzoneClusterImpl-f978b247-e176-4f00-b4b9-b4bec99d4730/datanode-0/data/ratis/346a482b-e5a6-4450-8c25-2ef9077e48fa has been successfully formatted.
2019-09-26 13:32:02,925 [pool-227-thread-1] INFO  ratis.ContainerStateMachine (ContainerStateMachine.java:loadSnapshot(230)) - group-2EF9077E48FA: The snapshot info is null. Setting the last applied indexto:(t:0, i:~)
2019-09-26 13:32:02,926 [pool-227-thread-1] INFO  server.RaftServerConfigKeys (ConfUtils.java:logGet(43)) - raft.server.notification.no-leader.timeout = 120s (custom)
2019-09-26 13:32:02,926 [pool-227-thread-1] INFO  server.RaftServerConfigKeys (ConfUtils.java:logGet(43)) - raft.server.log.use.memory = false (default)
2019-09-26 13:32:02,926 [pool-227-thread-1] INFO  server.RaftServerConfigKeys (ConfUtils.java:logGet(43)) - raft.server.log.purge.gap = 1000000 (custom)
2019-09-26 13:32:02,926 [pool-227-thread-1] INFO  server.RaftServerConfigKeys (ConfUtils.java:logGet(43)) - raft.server.log.appender.buffer.byte-limit = 33554432 (custom)
2019-09-26 13:32:02,926 [pool-227-thread-1] INFO  server.RaftServerConfigKeys (ConfUtils.java:logGet(43)) - raft.server.log.segment.size.max = 1048576 (custom)
2019-09-26 13:32:02,926 [pool-227-thread-1] INFO  server.RaftServerConfigKeys (ConfUtils.java:logGet(43)) - raft.server.log.segment.cache.num.max = 2 (custom)
2019-09-26 13:32:02,927 [pool-227-thread-1] INFO  segmented.SegmentedRaftLogWorker (SegmentedRaftLogWorker.java:<init>(172)) - new dacd514e-d0f2-4f80-a7b7-f5c48675eb53@group-2EF9077E48FA-SegmentedRaftLogWorker for RaftStorage:Storage Directory /workdir/hadoop-ozone/ozonefs/target/test-dir/MiniOzoneClusterImpl-f978b247-e176-4f00-b4b9-b4bec99d4730/datanode-0/data/ratis/346a482b-e5a6-4450-8c25-2ef9077e48fa
2019-09-26 13:32:02,929 [pool-227-thread-1] INFO  server.RaftServerConfigKeys (ConfUtils.java:logGet(43)) - raft.server.log.queue.byte-limit = 2147483647 (custom)
2019-09-26 13:32:02,929 [pool-227-thread-1] INFO  server.RaftServerConfigKeys (ConfUtils.java:logGet(43)) - raft.server.log.queue.element-limit = 1024 (custom)
2019-09-26 13:32:02,929 [pool-227-thread-1] INFO  server.RaftServerConfigKeys (ConfUtils.java:logGet(43)) - raft.server.log.segment.size.max = 1048576 (custom)
2019-09-26 13:32:02,930 [pool-227-thread-1] INFO  server.RaftServerConfigKeys (ConfUtils.java:logGet(43)) - raft.server.log.preallocated.size = 16384 (custom)
2019-09-26 13:32:02,930 [pool-227-thread-1] INFO  server.RaftServerConfigKeys (ConfUtils.java:logGet(43)) - raft.server.log.write.buffer.size = 33554432 (custom)
2019-09-26 13:32:02,930 [pool-227-thread-1] INFO  server.RaftServerConfigKeys (ConfUtils.java:logGet(43)) - raft.server.log.force.sync.num = 128 (default)
2019-09-26 13:32:02,930 [pool-227-thread-1] INFO  server.RaftServerConfigKeys (ConfUtils.java:logGet(43)) - raft.server.log.statemachine.data.sync = true (default)
2019-09-26 13:32:02,930 [pool-227-thread-1] INFO  server.RaftServerConfigKeys (ConfUtils.java:logGet(43)) - raft.server.log.statemachine.data.sync.timeout = 10s (default)
2019-09-26 13:32:02,931 [pool-227-thread-1] INFO  server.RaftServerConfigKeys (ConfUtils.java:logGet(43)) - raft.server.log.statemachine.data.sync.timeout.retry = -1 (default)
2019-09-26 13:32:02,931 [IPC Server handler 1 on 40137] INFO  net.NetworkTopology (NetworkTopologyImpl.java:add(111)) - Added a new node: /default-rack/1f806e80-696f-4e1e-8d02-ece25156c36a
2019-09-26 13:32:02,931 [pool-227-thread-1] INFO  server.RaftServerConfigKeys (ConfUtils.java:logGet(43)) - raft.server.log.statemachine.data.caching.enabled = true (custom)
2019-09-26 13:32:02,931 [IPC Server handler 1 on 40137] INFO  node.SCMNodeManager (SCMNodeManager.java:register(266)) - Registered Data node : 1f806e80-696f-4e1e-8d02-ece25156c36a{ip: 192.168.164.238, host: pr-hdds-1569-87zkn-1081879488, networkLocation: /default-rack, certSerialId: null}
2019-09-26 13:32:02,932 [pool-227-thread-1] INFO  segmented.SegmentedRaftLogWorker (SegmentedRaftLogWorker.java:lambda$new$0(132)) - dacd514e-d0f2-4f80-a7b7-f5c48675eb53@group-2EF9077E48FA-SegmentedRaftLogWorker: flushIndex: setUnconditionally 0 -> -1
2019-09-26 13:32:02,932 [pool-227-thread-1] INFO  server.RaftServerConfigKeys (ConfUtils.java:logGet(43)) - raft.server.snapshot.auto.trigger.enabled = true (custom)
2019-09-26 13:32:02,932 [pool-227-thread-1] INFO  server.RaftServerConfigKeys (ConfUtils.java:logGet(43)) - raft.server.snapshot.auto.trigger.threshold = 10000 (custom)
2019-09-26 13:32:02,932 [pool-227-thread-1] INFO  server.RaftServerConfigKeys (ConfUtils.java:logGet(43)) - raft.server.snapshot.retention.num.files = 5 (custom)
2019-09-26 13:32:02,933 [pool-227-thread-1] INFO  server.RaftServerConfigKeys (ConfUtils.java:logGet(43)) - raft.server.retrycache.expirytime = 600000ms (custom)
2019-09-26 13:32:02,935 [pool-227-thread-1] INFO  impl.RaftServerImpl (RaftServerImpl.java:start(185)) - dacd514e-d0f2-4f80-a7b7-f5c48675eb53@group-2EF9077E48FA: start as a follower, conf=-1: [dacd514e-d0f2-4f80-a7b7-f5c48675eb53:192.168.164.238:34147], old=null
2019-09-26 13:32:02,935 [pool-227-thread-1] INFO  impl.RaftServerImpl (RaftServerImpl.java:setRole(174)) - dacd514e-d0f2-4f80-a7b7-f5c48675eb53@group-2EF9077E48FA: changes role from      null to FOLLOWER at term 0 for startAsFollower
2019-09-26 13:32:02,935 [pool-227-thread-1] INFO  impl.RoleInfo (RoleInfo.java:updateAndGet(143)) - dacd514e-d0f2-4f80-a7b7-f5c48675eb53: start FollowerState
2019-09-26 13:32:02,936 [pool-227-thread-1] INFO  util.JmxRegister (JmxRegister.java:tryRegister(44)) - Successfully registered JMX Bean with object name Ratis:service=RaftServer,group=group-2EF9077E48FA,id=dacd514e-d0f2-4f80-a7b7-f5c48675eb53
2019-09-26 13:32:02,940 [RatisPipelineUtilsThread] INFO  pipeline.PipelineStateManager (PipelineStateManager.java:addPipeline(56)) - Created pipeline Pipeline[ Id: 346a482b-e5a6-4450-8c25-2ef9077e48fa, Nodes: dacd514e-d0f2-4f80-a7b7-f5c48675eb53{ip: 192.168.164.238, host: pr-hdds-1569-87zkn-1081879488, networkLocation: /default-rack, certSerialId: null}, Type:RATIS, Factor:ONE, State:OPEN]
2019-09-26 13:32:02,946 [grpc-default-executor-0] INFO  impl.RaftServerProxy (RaftServerProxy.java:addNew(89)) - dacd514e-d0f2-4f80-a7b7-f5c48675eb53: addNew group-C7B3DAB1BD24:[dacd514e-d0f2-4f80-a7b7-f5c48675eb53:192.168.164.238:34147] returns group-C7B3DAB1BD24:java.util.concurrent.CompletableFuture@60a89e74[Not completed]
2019-09-26 13:32:02,948 [pool-227-thread-1] INFO  impl.RaftServerImpl (RaftServerImpl.java:<init>(95)) - dacd514e-d0f2-4f80-a7b7-f5c48675eb53: new RaftServerImpl for group-C7B3DAB1BD24:[dacd514e-d0f2-4f80-a7b7-f5c48675eb53:192.168.164.238:34147] with ContainerStateMachine:uninitialized
2019-09-26 13:32:02,948 [pool-227-thread-1] INFO  server.RaftServerConfigKeys (ConfUtils.java:logGet(43)) - raft.server.rpc.timeout.min = 5s (custom)
2019-09-26 13:32:02,948 [pool-227-thread-1] INFO  server.RaftServerConfigKeys (ConfUtils.java:logGet(43)) - raft.server.rpc.timeout.max = 5200ms (custom)
2019-09-26 13:32:02,948 [pool-227-thread-1] INFO  server.RaftServerConfigKeys (ConfUtils.java:logGet(43)) - raft.server.rpcslowness.timeout = 120s (custom)
2019-09-26 13:32:02,948 [pool-227-thread-1] INFO  server.RaftServerConfigKeys (ConfUtils.java:logGet(43)) - raft.server.sleep.deviation.threshold = 300 (default)
2019-09-26 13:32:02,948 [pool-227-thread-1] INFO  server.RaftServerConfigKeys (ConfUtils.java:logGet(43)) - raft.server.log.appender.install.snapshot.enabled = false (custom)
2019-09-26 13:32:02,949 [pool-227-thread-1] INFO  impl.RaftServerImpl (ServerState.java:<init>(103)) - dacd514e-d0f2-4f80-a7b7-f5c48675eb53@group-C7B3DAB1BD24: ConfigurationManager, init=-1: [dacd514e-d0f2-4f80-a7b7-f5c48675eb53:192.168.164.238:34147], old=null, confs=<EMPTY_MAP>
2019-09-26 13:32:02,949 [pool-227-thread-1] INFO  server.RaftServerConfigKeys (ConfUtils.java:logGet(43)) - raft.server.storage.dir = [/workdir/hadoop-ozone/ozonefs/target/test-dir/MiniOzoneClusterImpl-f978b247-e176-4f00-b4b9-b4bec99d4730/datanode-0/data/ratis] (custom)
2019-09-26 13:32:02,949 [pool-227-thread-1] INFO  storage.RaftStorageDirectory (RaftStorageDirectory.java:analyzeStorage(246)) - The storage directory /workdir/hadoop-ozone/ozonefs/target/test-dir/MiniOzoneClusterImpl-f978b247-e176-4f00-b4b9-b4bec99d4730/datanode-0/data/ratis/72959453-5c8d-4b04-beae-c7b3dab1bd24 does not exist. Creating ...
2019-09-26 13:32:02,962 [pool-227-thread-1] INFO  storage.RaftStorageDirectory (RaftStorageDirectory.java:tryLock(328)) - Lock on /workdir/hadoop-ozone/ozonefs/target/test-dir/MiniOzoneClusterImpl-f978b247-e176-4f00-b4b9-b4bec99d4730/datanode-0/data/ratis/72959453-5c8d-4b04-beae-c7b3dab1bd24/in_use.lock acquired by nodename 10147@pr-hdds-1569-87zkn-1081879488
2019-09-26 13:32:02,974 [pool-227-thread-1] INFO  storage.RaftStorage (RaftStorage.java:format(72)) - Storage directory /workdir/hadoop-ozone/ozonefs/target/test-dir/MiniOzoneClusterImpl-f978b247-e176-4f00-b4b9-b4bec99d4730/datanode-0/data/ratis/72959453-5c8d-4b04-beae-c7b3dab1bd24 has been successfully formatted.
2019-09-26 13:32:02,975 [pool-227-thread-1] INFO  ratis.ContainerStateMachine (ContainerStateMachine.java:loadSnapshot(230)) - group-C7B3DAB1BD24: The snapshot info is null. Setting the last applied indexto:(t:0, i:~)
2019-09-26 13:32:02,975 [pool-227-thread-1] INFO  server.RaftServerConfigKeys (ConfUtils.java:logGet(43)) - raft.server.notification.no-leader.timeout = 120s (custom)
2019-09-26 13:32:02,975 [pool-227-thread-1] INFO  server.RaftServerConfigKeys (ConfUtils.java:logGet(43)) - raft.server.log.use.memory = false (default)
2019-09-26 13:32:02,975 [pool-227-thread-1] INFO  server.RaftServerConfigKeys (ConfUtils.java:logGet(43)) - raft.server.log.purge.gap = 1000000 (custom)
2019-09-26 13:32:02,975 [pool-227-thread-1] INFO  server.RaftServerConfigKeys (ConfUtils.java:logGet(43)) - raft.server.log.appender.buffer.byte-limit = 33554432 (custom)
2019-09-26 13:32:02,975 [pool-227-thread-1] INFO  server.RaftServerConfigKeys (ConfUtils.java:logGet(43)) - raft.server.log.segment.size.max = 1048576 (custom)
2019-09-26 13:32:02,976 [pool-227-thread-1] INFO  server.RaftServerConfigKeys (ConfUtils.java:logGet(43)) - raft.server.log.segment.cache.num.max = 2 (custom)
2019-09-26 13:32:02,976 [pool-227-thread-1] INFO  segmented.SegmentedRaftLogWorker (SegmentedRaftLogWorker.java:<init>(172)) - new dacd514e-d0f2-4f80-a7b7-f5c48675eb53@group-C7B3DAB1BD24-SegmentedRaftLogWorker for RaftStorage:Storage Directory /workdir/hadoop-ozone/ozonefs/target/test-dir/MiniOzoneClusterImpl-f978b247-e176-4f00-b4b9-b4bec99d4730/datanode-0/data/ratis/72959453-5c8d-4b04-beae-c7b3dab1bd24
2019-09-26 13:32:02,976 [pool-227-thread-1] INFO  server.RaftServerConfigKeys (ConfUtils.java:logGet(43)) - raft.server.log.queue.byte-limit = 2147483647 (custom)
2019-09-26 13:32:02,976 [pool-227-thread-1] INFO  server.RaftServerConfigKeys (ConfUtils.java:logGet(43)) - raft.server.log.queue.element-limit = 1024 (custom)
2019-09-26 13:32:02,976 [pool-227-thread-1] INFO  server.RaftServerConfigKeys (ConfUtils.java:logGet(43)) - raft.server.log.segment.size.max = 1048576 (custom)
2019-09-26 13:32:02,976 [pool-227-thread-1] INFO  server.RaftServerConfigKeys (ConfUtils.java:logGet(43)) - raft.server.log.preallocated.size = 16384 (custom)
2019-09-26 13:32:02,976 [pool-227-thread-1] INFO  server.RaftServerConfigKeys (ConfUtils.java:logGet(43)) - raft.server.log.write.buffer.size = 33554432 (custom)
2019-09-26 13:32:02,977 [pool-227-thread-1] INFO  server.RaftServerConfigKeys (ConfUtils.java:logGet(43)) - raft.server.log.force.sync.num = 128 (default)
2019-09-26 13:32:02,977 [pool-227-thread-1] INFO  server.RaftServerConfigKeys (ConfUtils.java:logGet(43)) - raft.server.log.statemachine.data.sync = true (default)
2019-09-26 13:32:02,977 [pool-227-thread-1] INFO  server.RaftServerConfigKeys (ConfUtils.java:logGet(43)) - raft.server.log.statemachine.data.sync.timeout = 10s (default)
2019-09-26 13:32:02,977 [pool-227-thread-1] INFO  server.RaftServerConfigKeys (ConfUtils.java:logGet(43)) - raft.server.log.statemachine.data.sync.timeout.retry = -1 (default)
2019-09-26 13:32:02,977 [pool-227-thread-1] INFO  server.RaftServerConfigKeys (ConfUtils.java:logGet(43)) - raft.server.log.statemachine.data.caching.enabled = true (custom)
2019-09-26 13:32:02,978 [pool-227-thread-1] INFO  segmented.SegmentedRaftLogWorker (SegmentedRaftLogWorker.java:lambda$new$0(132)) - dacd514e-d0f2-4f80-a7b7-f5c48675eb53@group-C7B3DAB1BD24-SegmentedRaftLogWorker: flushIndex: setUnconditionally 0 -> -1
2019-09-26 13:32:02,978 [pool-227-thread-1] INFO  server.RaftServerConfigKeys (ConfUtils.java:logGet(43)) - raft.server.snapshot.auto.trigger.enabled = true (custom)
2019-09-26 13:32:02,978 [pool-227-thread-1] INFO  server.RaftServerConfigKeys (ConfUtils.java:logGet(43)) - raft.server.snapshot.auto.trigger.threshold = 10000 (custom)
2019-09-26 13:32:02,978 [pool-227-thread-1] INFO  server.RaftServerConfigKeys (ConfUtils.java:logGet(43)) - raft.server.snapshot.retention.num.files = 5 (custom)
2019-09-26 13:32:02,979 [pool-227-thread-1] INFO  server.RaftServerConfigKeys (ConfUtils.java:logGet(43)) - raft.server.retrycache.expirytime = 600000ms (custom)
2019-09-26 13:32:02,981 [pool-227-thread-1] INFO  impl.RaftServerImpl (RaftServerImpl.java:start(185)) - dacd514e-d0f2-4f80-a7b7-f5c48675eb53@group-C7B3DAB1BD24: start as a follower, conf=-1: [dacd514e-d0f2-4f80-a7b7-f5c48675eb53:192.168.164.238:34147], old=null
2019-09-26 13:32:02,981 [pool-227-thread-1] INFO  impl.RaftServerImpl (RaftServerImpl.java:setRole(174)) - dacd514e-d0f2-4f80-a7b7-f5c48675eb53@group-C7B3DAB1BD24: changes role from      null to FOLLOWER at term 0 for startAsFollower
2019-09-26 13:32:02,981 [pool-227-thread-1] INFO  impl.RoleInfo (RoleInfo.java:updateAndGet(143)) - dacd514e-d0f2-4f80-a7b7-f5c48675eb53: start FollowerState
2019-09-26 13:32:02,982 [pool-227-thread-1] INFO  util.JmxRegister (JmxRegister.java:tryRegister(44)) - Successfully registered JMX Bean with object name Ratis:service=RaftServer,group=group-C7B3DAB1BD24,id=dacd514e-d0f2-4f80-a7b7-f5c48675eb53
2019-09-26 13:32:02,985 [RatisPipelineUtilsThread] INFO  pipeline.PipelineStateManager (PipelineStateManager.java:addPipeline(56)) - Created pipeline Pipeline[ Id: 72959453-5c8d-4b04-beae-c7b3dab1bd24, Nodes: dacd514e-d0f2-4f80-a7b7-f5c48675eb53{ip: 192.168.164.238, host: pr-hdds-1569-87zkn-1081879488, networkLocation: /default-rack, certSerialId: null}, Type:RATIS, Factor:ONE, State:OPEN]
2019-09-26 13:32:02,992 [grpc-default-executor-0] INFO  impl.RaftServerProxy (RaftServerProxy.java:addNew(89)) - dacd514e-d0f2-4f80-a7b7-f5c48675eb53: addNew group-141FA4C9B9B7:[dacd514e-d0f2-4f80-a7b7-f5c48675eb53:192.168.164.238:34147] returns group-141FA4C9B9B7:java.util.concurrent.CompletableFuture@319cf498[Not completed]
2019-09-26 13:32:02,994 [pool-227-thread-1] INFO  impl.RaftServerImpl (RaftServerImpl.java:<init>(95)) - dacd514e-d0f2-4f80-a7b7-f5c48675eb53: new RaftServerImpl for group-141FA4C9B9B7:[dacd514e-d0f2-4f80-a7b7-f5c48675eb53:192.168.164.238:34147] with ContainerStateMachine:uninitialized
2019-09-26 13:32:02,994 [pool-227-thread-1] INFO  server.RaftServerConfigKeys (ConfUtils.java:logGet(43)) - raft.server.rpc.timeout.min = 5s (custom)
2019-09-26 13:32:02,994 [pool-227-thread-1] INFO  server.RaftServerConfigKeys (ConfUtils.java:logGet(43)) - raft.server.rpc.timeout.max = 5200ms (custom)
2019-09-26 13:32:02,994 [pool-227-thread-1] INFO  server.RaftServerConfigKeys (ConfUtils.java:logGet(43)) - raft.server.rpcslowness.timeout = 120s (custom)
2019-09-26 13:32:02,994 [pool-227-thread-1] INFO  server.RaftServerConfigKeys (ConfUtils.java:logGet(43)) - raft.server.sleep.deviation.threshold = 300 (default)
2019-09-26 13:32:02,994 [pool-227-thread-1] INFO  server.RaftServerConfigKeys (ConfUtils.java:logGet(43)) - raft.server.log.appender.install.snapshot.enabled = false (custom)
2019-09-26 13:32:02,994 [pool-227-thread-1] INFO  impl.RaftServerImpl (ServerState.java:<init>(103)) - dacd514e-d0f2-4f80-a7b7-f5c48675eb53@group-141FA4C9B9B7: ConfigurationManager, init=-1: [dacd514e-d0f2-4f80-a7b7-f5c48675eb53:192.168.164.238:34147], old=null, confs=<EMPTY_MAP>
2019-09-26 13:32:02,995 [pool-227-thread-1] INFO  server.RaftServerConfigKeys (ConfUtils.java:logGet(43)) - raft.server.storage.dir = [/workdir/hadoop-ozone/ozonefs/target/test-dir/MiniOzoneClusterImpl-f978b247-e176-4f00-b4b9-b4bec99d4730/datanode-0/data/ratis] (custom)
2019-09-26 13:32:02,995 [pool-227-thread-1] INFO  storage.RaftStorageDirectory (RaftStorageDirectory.java:analyzeStorage(246)) - The storage directory /workdir/hadoop-ozone/ozonefs/target/test-dir/MiniOzoneClusterImpl-f978b247-e176-4f00-b4b9-b4bec99d4730/datanode-0/data/ratis/9d460cec-d101-43f8-b6eb-141fa4c9b9b7 does not exist. Creating ...
2019-09-26 13:32:03,004 [Thread-1077] INFO  ozone.MiniOzoneClusterImpl (MiniOzoneClusterImpl.java:lambda$waitForClusterToBeReady$0(147)) - Waiting for cluster to be ready. Got 2 of 3 DN Heartbeats.
2019-09-26 13:32:03,005 [IPC Server handler 3 on 40137] INFO  net.NetworkTopology (NetworkTopologyImpl.java:add(111)) - Added a new node: /default-rack/e16dff8c-a16b-40c6-b6a2-90a35c3deb9f
2019-09-26 13:32:03,006 [IPC Server handler 3 on 40137] INFO  node.SCMNodeManager (SCMNodeManager.java:register(266)) - Registered Data node : e16dff8c-a16b-40c6-b6a2-90a35c3deb9f{ip: 192.168.164.238, host: pr-hdds-1569-87zkn-1081879488, networkLocation: /default-rack, certSerialId: null}
2019-09-26 13:32:03,008 [pool-227-thread-1] INFO  storage.RaftStorageDirectory (RaftStorageDirectory.java:tryLock(328)) - Lock on /workdir/hadoop-ozone/ozonefs/target/test-dir/MiniOzoneClusterImpl-f978b247-e176-4f00-b4b9-b4bec99d4730/datanode-0/data/ratis/9d460cec-d101-43f8-b6eb-141fa4c9b9b7/in_use.lock acquired by nodename 10147@pr-hdds-1569-87zkn-1081879488
2019-09-26 13:32:03,021 [pool-227-thread-1] INFO  storage.RaftStorage (RaftStorage.java:format(72)) - Storage directory /workdir/hadoop-ozone/ozonefs/target/test-dir/MiniOzoneClusterImpl-f978b247-e176-4f00-b4b9-b4bec99d4730/datanode-0/data/ratis/9d460cec-d101-43f8-b6eb-141fa4c9b9b7 has been successfully formatted.
2019-09-26 13:32:03,021 [pool-227-thread-1] INFO  ratis.ContainerStateMachine (ContainerStateMachine.java:loadSnapshot(230)) - group-141FA4C9B9B7: The snapshot info is null. Setting the last applied indexto:(t:0, i:~)
2019-09-26 13:32:03,021 [pool-227-thread-1] INFO  server.RaftServerConfigKeys (ConfUtils.java:logGet(43)) - raft.server.notification.no-leader.timeout = 120s (custom)
2019-09-26 13:32:03,021 [pool-227-thread-1] INFO  server.RaftServerConfigKeys (ConfUtils.java:logGet(43)) - raft.server.log.use.memory = false (default)
2019-09-26 13:32:03,021 [pool-227-thread-1] INFO  server.RaftServerConfigKeys (ConfUtils.java:logGet(43)) - raft.server.log.purge.gap = 1000000 (custom)
2019-09-26 13:32:03,021 [pool-227-thread-1] INFO  server.RaftServerConfigKeys (ConfUtils.java:logGet(43)) - raft.server.log.appender.buffer.byte-limit = 33554432 (custom)
2019-09-26 13:32:03,021 [pool-227-thread-1] INFO  server.RaftServerConfigKeys (ConfUtils.java:logGet(43)) - raft.server.log.segment.size.max = 1048576 (custom)
2019-09-26 13:32:03,022 [pool-227-thread-1] INFO  server.RaftServerConfigKeys (ConfUtils.java:logGet(43)) - raft.server.log.segment.cache.num.max = 2 (custom)
2019-09-26 13:32:03,022 [pool-227-thread-1] INFO  segmented.SegmentedRaftLogWorker (SegmentedRaftLogWorker.java:<init>(172)) - new dacd514e-d0f2-4f80-a7b7-f5c48675eb53@group-141FA4C9B9B7-SegmentedRaftLogWorker for RaftStorage:Storage Directory /workdir/hadoop-ozone/ozonefs/target/test-dir/MiniOzoneClusterImpl-f978b247-e176-4f00-b4b9-b4bec99d4730/datanode-0/data/ratis/9d460cec-d101-43f8-b6eb-141fa4c9b9b7
2019-09-26 13:32:03,022 [pool-227-thread-1] INFO  server.RaftServerConfigKeys (ConfUtils.java:logGet(43)) - raft.server.log.queue.byte-limit = 2147483647 (custom)
2019-09-26 13:32:03,022 [pool-227-thread-1] INFO  server.RaftServerConfigKeys (ConfUtils.java:logGet(43)) - raft.server.log.queue.element-limit = 1024 (custom)
2019-09-26 13:32:03,022 [pool-227-thread-1] INFO  server.RaftServerConfigKeys (ConfUtils.java:logGet(43)) - raft.server.log.segment.size.max = 1048576 (custom)
2019-09-26 13:32:03,022 [pool-227-thread-1] INFO  server.RaftServerConfigKeys (ConfUtils.java:logGet(43)) - raft.server.log.preallocated.size = 16384 (custom)
2019-09-26 13:32:03,022 [pool-227-thread-1] INFO  server.RaftServerConfigKeys (ConfUtils.java:logGet(43)) - raft.server.log.write.buffer.size = 33554432 (custom)
2019-09-26 13:32:03,022 [pool-227-thread-1] INFO  server.RaftServerConfigKeys (ConfUtils.java:logGet(43)) - raft.server.log.force.sync.num = 128 (default)
2019-09-26 13:32:03,022 [pool-227-thread-1] INFO  server.RaftServerConfigKeys (ConfUtils.java:logGet(43)) - raft.server.log.statemachine.data.sync = true (default)
2019-09-26 13:32:03,023 [pool-227-thread-1] INFO  server.RaftServerConfigKeys (ConfUtils.java:logGet(43)) - raft.server.log.statemachine.data.sync.timeout = 10s (default)
2019-09-26 13:32:03,023 [pool-227-thread-1] INFO  server.RaftServerConfigKeys (ConfUtils.java:logGet(43)) - raft.server.log.statemachine.data.sync.timeout.retry = -1 (default)
2019-09-26 13:32:03,023 [pool-227-thread-1] INFO  server.RaftServerConfigKeys (ConfUtils.java:logGet(43)) - raft.server.log.statemachine.data.caching.enabled = true (custom)
2019-09-26 13:32:03,023 [pool-227-thread-1] INFO  segmented.SegmentedRaftLogWorker (SegmentedRaftLogWorker.java:lambda$new$0(132)) - dacd514e-d0f2-4f80-a7b7-f5c48675eb53@group-141FA4C9B9B7-SegmentedRaftLogWorker: flushIndex: setUnconditionally 0 -> -1
2019-09-26 13:32:03,023 [pool-227-thread-1] INFO  server.RaftServerConfigKeys (ConfUtils.java:logGet(43)) - raft.server.snapshot.auto.trigger.enabled = true (custom)
2019-09-26 13:32:03,023 [pool-227-thread-1] INFO  server.RaftServerConfigKeys (ConfUtils.java:logGet(43)) - raft.server.snapshot.auto.trigger.threshold = 10000 (custom)
2019-09-26 13:32:03,024 [pool-227-thread-1] INFO  server.RaftServerConfigKeys (ConfUtils.java:logGet(43)) - raft.server.snapshot.retention.num.files = 5 (custom)
2019-09-26 13:32:03,024 [pool-227-thread-1] INFO  server.RaftServerConfigKeys (ConfUtils.java:logGet(43)) - raft.server.retrycache.expirytime = 600000ms (custom)
2019-09-26 13:32:03,025 [pool-227-thread-1] INFO  impl.RaftServerImpl (RaftServerImpl.java:start(185)) - dacd514e-d0f2-4f80-a7b7-f5c48675eb53@group-141FA4C9B9B7: start as a follower, conf=-1: [dacd514e-d0f2-4f80-a7b7-f5c48675eb53:192.168.164.238:34147], old=null
2019-09-26 13:32:03,025 [pool-227-thread-1] INFO  impl.RaftServerImpl (RaftServerImpl.java:setRole(174)) - dacd514e-d0f2-4f80-a7b7-f5c48675eb53@group-141FA4C9B9B7: changes role from      null to FOLLOWER at term 0 for startAsFollower
2019-09-26 13:32:03,025 [pool-227-thread-1] INFO  impl.RoleInfo (RoleInfo.java:updateAndGet(143)) - dacd514e-d0f2-4f80-a7b7-f5c48675eb53: start FollowerState
2019-09-26 13:32:03,026 [pool-227-thread-1] INFO  util.JmxRegister (JmxRegister.java:tryRegister(44)) - Successfully registered JMX Bean with object name Ratis:service=RaftServer,group=group-141FA4C9B9B7,id=dacd514e-d0f2-4f80-a7b7-f5c48675eb53
2019-09-26 13:32:03,029 [RatisPipelineUtilsThread] INFO  pipeline.PipelineStateManager (PipelineStateManager.java:addPipeline(56)) - Created pipeline Pipeline[ Id: 9d460cec-d101-43f8-b6eb-141fa4c9b9b7, Nodes: dacd514e-d0f2-4f80-a7b7-f5c48675eb53{ip: 192.168.164.238, host: pr-hdds-1569-87zkn-1081879488, networkLocation: /default-rack, certSerialId: null}, Type:RATIS, Factor:ONE, State:OPEN]
2019-09-26 13:32:03,038 [grpc-default-executor-0] INFO  impl.RaftServerProxy (RaftServerProxy.java:addNew(89)) - 1f806e80-696f-4e1e-8d02-ece25156c36a: addNew group-8C53778F9814:[1f806e80-696f-4e1e-8d02-ece25156c36a:192.168.164.238:40523] returns group-8C53778F9814:java.util.concurrent.CompletableFuture@63bc2976[Not completed]
2019-09-26 13:32:03,039 [pool-237-thread-1] INFO  impl.RaftServerImpl (RaftServerImpl.java:<init>(95)) - 1f806e80-696f-4e1e-8d02-ece25156c36a: new RaftServerImpl for group-8C53778F9814:[1f806e80-696f-4e1e-8d02-ece25156c36a:192.168.164.238:40523] with ContainerStateMachine:uninitialized
2019-09-26 13:32:03,040 [pool-237-thread-1] INFO  server.RaftServerConfigKeys (ConfUtils.java:logGet(43)) - raft.server.rpc.timeout.min = 5s (custom)
2019-09-26 13:32:03,040 [pool-237-thread-1] INFO  server.RaftServerConfigKeys (ConfUtils.java:logGet(43)) - raft.server.rpc.timeout.max = 5200ms (custom)
2019-09-26 13:32:03,040 [pool-237-thread-1] INFO  server.RaftServerConfigKeys (ConfUtils.java:logGet(43)) - raft.server.rpcslowness.timeout = 120s (custom)
2019-09-26 13:32:03,040 [pool-237-thread-1] INFO  server.RaftServerConfigKeys (ConfUtils.java:logGet(43)) - raft.server.sleep.deviation.threshold = 300 (default)
2019-09-26 13:32:03,040 [pool-237-thread-1] INFO  server.RaftServerConfigKeys (ConfUtils.java:logGet(43)) - raft.server.log.appender.install.snapshot.enabled = false (custom)
2019-09-26 13:32:03,040 [pool-237-thread-1] INFO  impl.RaftServerImpl (ServerState.java:<init>(103)) - 1f806e80-696f-4e1e-8d02-ece25156c36a@group-8C53778F9814: ConfigurationManager, init=-1: [1f806e80-696f-4e1e-8d02-ece25156c36a:192.168.164.238:40523], old=null, confs=<EMPTY_MAP>
2019-09-26 13:32:03,041 [pool-237-thread-1] INFO  server.RaftServerConfigKeys (ConfUtils.java:logGet(43)) - raft.server.storage.dir = [/workdir/hadoop-ozone/ozonefs/target/test-dir/MiniOzoneClusterImpl-f978b247-e176-4f00-b4b9-b4bec99d4730/datanode-1/data/ratis] (custom)
2019-09-26 13:32:03,041 [pool-237-thread-1] INFO  storage.RaftStorageDirectory (RaftStorageDirectory.java:analyzeStorage(246)) - The storage directory /workdir/hadoop-ozone/ozonefs/target/test-dir/MiniOzoneClusterImpl-f978b247-e176-4f00-b4b9-b4bec99d4730/datanode-1/data/ratis/b4fc7eed-a841-47ca-92bd-8c53778f9814 does not exist. Creating ...
2019-09-26 13:32:03,054 [pool-237-thread-1] INFO  storage.RaftStorageDirectory (RaftStorageDirectory.java:tryLock(328)) - Lock on /workdir/hadoop-ozone/ozonefs/target/test-dir/MiniOzoneClusterImpl-f978b247-e176-4f00-b4b9-b4bec99d4730/datanode-1/data/ratis/b4fc7eed-a841-47ca-92bd-8c53778f9814/in_use.lock acquired by nodename 10147@pr-hdds-1569-87zkn-1081879488
2019-09-26 13:32:03,067 [pool-237-thread-1] INFO  storage.RaftStorage (RaftStorage.java:format(72)) - Storage directory /workdir/hadoop-ozone/ozonefs/target/test-dir/MiniOzoneClusterImpl-f978b247-e176-4f00-b4b9-b4bec99d4730/datanode-1/data/ratis/b4fc7eed-a841-47ca-92bd-8c53778f9814 has been successfully formatted.
2019-09-26 13:32:03,068 [pool-237-thread-1] INFO  ratis.ContainerStateMachine (ContainerStateMachine.java:loadSnapshot(230)) - group-8C53778F9814: The snapshot info is null. Setting the last applied indexto:(t:0, i:~)
2019-09-26 13:32:03,068 [pool-237-thread-1] INFO  server.RaftServerConfigKeys (ConfUtils.java:logGet(43)) - raft.server.notification.no-leader.timeout = 120s (custom)
2019-09-26 13:32:03,068 [pool-237-thread-1] INFO  server.RaftServerConfigKeys (ConfUtils.java:logGet(43)) - raft.server.log.use.memory = false (default)
2019-09-26 13:32:03,068 [pool-237-thread-1] INFO  server.RaftServerConfigKeys (ConfUtils.java:logGet(43)) - raft.server.log.purge.gap = 1000000 (custom)
2019-09-26 13:32:03,068 [pool-237-thread-1] INFO  server.RaftServerConfigKeys (ConfUtils.java:logGet(43)) - raft.server.log.appender.buffer.byte-limit = 33554432 (custom)
2019-09-26 13:32:03,068 [pool-237-thread-1] INFO  server.RaftServerConfigKeys (ConfUtils.java:logGet(43)) - raft.server.log.segment.size.max = 1048576 (custom)
2019-09-26 13:32:03,069 [pool-237-thread-1] INFO  server.RaftServerConfigKeys (ConfUtils.java:logGet(43)) - raft.server.log.segment.cache.num.max = 2 (custom)
2019-09-26 13:32:03,069 [pool-237-thread-1] INFO  segmented.SegmentedRaftLogWorker (SegmentedRaftLogWorker.java:<init>(172)) - new 1f806e80-696f-4e1e-8d02-ece25156c36a@group-8C53778F9814-SegmentedRaftLogWorker for RaftStorage:Storage Directory /workdir/hadoop-ozone/ozonefs/target/test-dir/MiniOzoneClusterImpl-f978b247-e176-4f00-b4b9-b4bec99d4730/datanode-1/data/ratis/b4fc7eed-a841-47ca-92bd-8c53778f9814
2019-09-26 13:32:03,071 [pool-237-thread-1] INFO  server.RaftServerConfigKeys (ConfUtils.java:logGet(43)) - raft.server.log.queue.byte-limit = 2147483647 (custom)
2019-09-26 13:32:03,071 [pool-237-thread-1] INFO  server.RaftServerConfigKeys (ConfUtils.java:logGet(43)) - raft.server.log.queue.element-limit = 1024 (custom)
2019-09-26 13:32:03,071 [pool-237-thread-1] INFO  server.RaftServerConfigKeys (ConfUtils.java:logGet(43)) - raft.server.log.segment.size.max = 1048576 (custom)
2019-09-26 13:32:03,071 [pool-237-thread-1] INFO  server.RaftServerConfigKeys (ConfUtils.java:logGet(43)) - raft.server.log.preallocated.size = 16384 (custom)
2019-09-26 13:32:03,071 [pool-237-thread-1] INFO  server.RaftServerConfigKeys (ConfUtils.java:logGet(43)) - raft.server.log.write.buffer.size = 33554432 (custom)
2019-09-26 13:32:03,071 [pool-237-thread-1] INFO  server.RaftServerConfigKeys (ConfUtils.java:logGet(43)) - raft.server.log.force.sync.num = 128 (default)
2019-09-26 13:32:03,072 [pool-237-thread-1] INFO  server.RaftServerConfigKeys (ConfUtils.java:logGet(43)) - raft.server.log.statemachine.data.sync = true (default)
2019-09-26 13:32:03,072 [pool-237-thread-1] INFO  server.RaftServerConfigKeys (ConfUtils.java:logGet(43)) - raft.server.log.statemachine.data.sync.timeout = 10s (default)
2019-09-26 13:32:03,072 [pool-237-thread-1] INFO  server.RaftServerConfigKeys (ConfUtils.java:logGet(43)) - raft.server.log.statemachine.data.sync.timeout.retry = -1 (default)
2019-09-26 13:32:03,072 [pool-237-thread-1] INFO  server.RaftServerConfigKeys (ConfUtils.java:logGet(43)) - raft.server.log.statemachine.data.caching.enabled = true (custom)
2019-09-26 13:32:03,072 [pool-237-thread-1] INFO  segmented.SegmentedRaftLogWorker (SegmentedRaftLogWorker.java:lambda$new$0(132)) - 1f806e80-696f-4e1e-8d02-ece25156c36a@group-8C53778F9814-SegmentedRaftLogWorker: flushIndex: setUnconditionally 0 -> -1
2019-09-26 13:32:03,073 [pool-237-thread-1] INFO  server.RaftServerConfigKeys (ConfUtils.java:logGet(43)) - raft.server.snapshot.auto.trigger.enabled = true (custom)
2019-09-26 13:32:03,073 [pool-237-thread-1] INFO  server.RaftServerConfigKeys (ConfUtils.java:logGet(43)) - raft.server.snapshot.auto.trigger.threshold = 10000 (custom)
2019-09-26 13:32:03,073 [pool-237-thread-1] INFO  server.RaftServerConfigKeys (ConfUtils.java:logGet(43)) - raft.server.snapshot.retention.num.files = 5 (custom)
2019-09-26 13:32:03,073 [pool-237-thread-1] INFO  server.RaftServerConfigKeys (ConfUtils.java:logGet(43)) - raft.server.retrycache.expirytime = 600000ms (custom)
2019-09-26 13:32:03,075 [pool-237-thread-1] INFO  impl.RaftServerImpl (RaftServerImpl.java:start(185)) - 1f806e80-696f-4e1e-8d02-ece25156c36a@group-8C53778F9814: start as a follower, conf=-1: [1f806e80-696f-4e1e-8d02-ece25156c36a:192.168.164.238:40523], old=null
2019-09-26 13:32:03,075 [pool-237-thread-1] INFO  impl.RaftServerImpl (RaftServerImpl.java:setRole(174)) - 1f806e80-696f-4e1e-8d02-ece25156c36a@group-8C53778F9814: changes role from      null to FOLLOWER at term 0 for startAsFollower
2019-09-26 13:32:03,075 [pool-237-thread-1] INFO  impl.RoleInfo (RoleInfo.java:updateAndGet(143)) - 1f806e80-696f-4e1e-8d02-ece25156c36a: start FollowerState
2019-09-26 13:32:03,076 [pool-237-thread-1] INFO  util.JmxRegister (JmxRegister.java:tryRegister(44)) - Successfully registered JMX Bean with object name Ratis:service=RaftServer,group=group-8C53778F9814,id=1f806e80-696f-4e1e-8d02-ece25156c36a
2019-09-26 13:32:03,079 [RatisPipelineUtilsThread] INFO  pipeline.PipelineStateManager (PipelineStateManager.java:addPipeline(56)) - Created pipeline Pipeline[ Id: b4fc7eed-a841-47ca-92bd-8c53778f9814, Nodes: 1f806e80-696f-4e1e-8d02-ece25156c36a{ip: 192.168.164.238, host: pr-hdds-1569-87zkn-1081879488, networkLocation: /default-rack, certSerialId: null}, Type:RATIS, Factor:ONE, State:OPEN]
2019-09-26 13:32:03,089 [grpc-default-executor-0] INFO  impl.RaftServerProxy (RaftServerProxy.java:addNew(89)) - e16dff8c-a16b-40c6-b6a2-90a35c3deb9f: addNew group-676DC8C44BE6:[e16dff8c-a16b-40c6-b6a2-90a35c3deb9f:192.168.164.238:44441] returns group-676DC8C44BE6:java.util.concurrent.CompletableFuture@6a22d281[Not completed]
2019-09-26 13:32:03,090 [pool-247-thread-1] INFO  impl.RaftServerImpl (RaftServerImpl.java:<init>(95)) - e16dff8c-a16b-40c6-b6a2-90a35c3deb9f: new RaftServerImpl for group-676DC8C44BE6:[e16dff8c-a16b-40c6-b6a2-90a35c3deb9f:192.168.164.238:44441] with ContainerStateMachine:uninitialized
2019-09-26 13:32:03,090 [pool-247-thread-1] INFO  server.RaftServerConfigKeys (ConfUtils.java:logGet(43)) - raft.server.rpc.timeout.min = 5s (custom)
2019-09-26 13:32:03,090 [pool-247-thread-1] INFO  server.RaftServerConfigKeys (ConfUtils.java:logGet(43)) - raft.server.rpc.timeout.max = 5200ms (custom)
2019-09-26 13:32:03,090 [pool-247-thread-1] INFO  server.RaftServerConfigKeys (ConfUtils.java:logGet(43)) - raft.server.rpcslowness.timeout = 120s (custom)
2019-09-26 13:32:03,090 [pool-247-thread-1] INFO  server.RaftServerConfigKeys (ConfUtils.java:logGet(43)) - raft.server.sleep.deviation.threshold = 300 (default)
2019-09-26 13:32:03,090 [pool-247-thread-1] INFO  server.RaftServerConfigKeys (ConfUtils.java:logGet(43)) - raft.server.log.appender.install.snapshot.enabled = false (custom)
2019-09-26 13:32:03,091 [pool-247-thread-1] INFO  impl.RaftServerImpl (ServerState.java:<init>(103)) - e16dff8c-a16b-40c6-b6a2-90a35c3deb9f@group-676DC8C44BE6: ConfigurationManager, init=-1: [e16dff8c-a16b-40c6-b6a2-90a35c3deb9f:192.168.164.238:44441], old=null, confs=<EMPTY_MAP>
2019-09-26 13:32:03,091 [pool-247-thread-1] INFO  server.RaftServerConfigKeys (ConfUtils.java:logGet(43)) - raft.server.storage.dir = [/workdir/hadoop-ozone/ozonefs/target/test-dir/MiniOzoneClusterImpl-f978b247-e176-4f00-b4b9-b4bec99d4730/datanode-2/data/ratis] (custom)
2019-09-26 13:32:03,091 [pool-247-thread-1] INFO  storage.RaftStorageDirectory (RaftStorageDirectory.java:analyzeStorage(246)) - The storage directory /workdir/hadoop-ozone/ozonefs/target/test-dir/MiniOzoneClusterImpl-f978b247-e176-4f00-b4b9-b4bec99d4730/datanode-2/data/ratis/4e08917b-d742-4496-b696-676dc8c44be6 does not exist. Creating ...
2019-09-26 13:32:03,094 [pool-247-thread-1] INFO  storage.RaftStorageDirectory (RaftStorageDirectory.java:tryLock(328)) - Lock on /workdir/hadoop-ozone/ozonefs/target/test-dir/MiniOzoneClusterImpl-f978b247-e176-4f00-b4b9-b4bec99d4730/datanode-2/data/ratis/4e08917b-d742-4496-b696-676dc8c44be6/in_use.lock acquired by nodename 10147@pr-hdds-1569-87zkn-1081879488
2019-09-26 13:32:03,097 [pool-247-thread-1] INFO  storage.RaftStorage (RaftStorage.java:format(72)) - Storage directory /workdir/hadoop-ozone/ozonefs/target/test-dir/MiniOzoneClusterImpl-f978b247-e176-4f00-b4b9-b4bec99d4730/datanode-2/data/ratis/4e08917b-d742-4496-b696-676dc8c44be6 has been successfully formatted.
2019-09-26 13:32:03,097 [pool-247-thread-1] INFO  ratis.ContainerStateMachine (ContainerStateMachine.java:loadSnapshot(230)) - group-676DC8C44BE6: The snapshot info is null. Setting the last applied indexto:(t:0, i:~)
2019-09-26 13:32:03,097 [pool-247-thread-1] INFO  server.RaftServerConfigKeys (ConfUtils.java:logGet(43)) - raft.server.notification.no-leader.timeout = 120s (custom)
2019-09-26 13:32:03,097 [pool-247-thread-1] INFO  server.RaftServerConfigKeys (ConfUtils.java:logGet(43)) - raft.server.log.use.memory = false (default)
2019-09-26 13:32:03,097 [pool-247-thread-1] INFO  server.RaftServerConfigKeys (ConfUtils.java:logGet(43)) - raft.server.log.purge.gap = 1000000 (custom)
2019-09-26 13:32:03,097 [pool-247-thread-1] INFO  server.RaftServerConfigKeys (ConfUtils.java:logGet(43)) - raft.server.log.appender.buffer.byte-limit = 33554432 (custom)
2019-09-26 13:32:03,097 [pool-247-thread-1] INFO  server.RaftServerConfigKeys (ConfUtils.java:logGet(43)) - raft.server.log.segment.size.max = 1048576 (custom)
2019-09-26 13:32:03,098 [pool-247-thread-1] INFO  server.RaftServerConfigKeys (ConfUtils.java:logGet(43)) - raft.server.log.segment.cache.num.max = 2 (custom)
2019-09-26 13:32:03,098 [pool-247-thread-1] INFO  segmented.SegmentedRaftLogWorker (SegmentedRaftLogWorker.java:<init>(172)) - new e16dff8c-a16b-40c6-b6a2-90a35c3deb9f@group-676DC8C44BE6-SegmentedRaftLogWorker for RaftStorage:Storage Directory /workdir/hadoop-ozone/ozonefs/target/test-dir/MiniOzoneClusterImpl-f978b247-e176-4f00-b4b9-b4bec99d4730/datanode-2/data/ratis/4e08917b-d742-4496-b696-676dc8c44be6
2019-09-26 13:32:03,099 [pool-247-thread-1] INFO  server.RaftServerConfigKeys (ConfUtils.java:logGet(43)) - raft.server.log.queue.byte-limit = 2147483647 (custom)
2019-09-26 13:32:03,099 [pool-247-thread-1] INFO  server.RaftServerConfigKeys (ConfUtils.java:logGet(43)) - raft.server.log.queue.element-limit = 1024 (custom)
2019-09-26 13:32:03,099 [pool-247-thread-1] INFO  server.RaftServerConfigKeys (ConfUtils.java:logGet(43)) - raft.server.log.segment.size.max = 1048576 (custom)
2019-09-26 13:32:03,099 [pool-247-thread-1] INFO  server.RaftServerConfigKeys (ConfUtils.java:logGet(43)) - raft.server.log.preallocated.size = 16384 (custom)
2019-09-26 13:32:03,100 [pool-247-thread-1] INFO  server.RaftServerConfigKeys (ConfUtils.java:logGet(43)) - raft.server.log.write.buffer.size = 33554432 (custom)
2019-09-26 13:32:03,100 [pool-247-thread-1] INFO  server.RaftServerConfigKeys (ConfUtils.java:logGet(43)) - raft.server.log.force.sync.num = 128 (default)
2019-09-26 13:32:03,100 [pool-247-thread-1] INFO  server.RaftServerConfigKeys (ConfUtils.java:logGet(43)) - raft.server.log.statemachine.data.sync = true (default)
2019-09-26 13:32:03,100 [pool-247-thread-1] INFO  server.RaftServerConfigKeys (ConfUtils.java:logGet(43)) - raft.server.log.statemachine.data.sync.timeout = 10s (default)
2019-09-26 13:32:03,100 [pool-247-thread-1] INFO  server.RaftServerConfigKeys (ConfUtils.java:logGet(43)) - raft.server.log.statemachine.data.sync.timeout.retry = -1 (default)
2019-09-26 13:32:03,100 [pool-247-thread-1] INFO  server.RaftServerConfigKeys (ConfUtils.java:logGet(43)) - raft.server.log.statemachine.data.caching.enabled = true (custom)
2019-09-26 13:32:03,101 [pool-247-thread-1] INFO  segmented.SegmentedRaftLogWorker (SegmentedRaftLogWorker.java:lambda$new$0(132)) - e16dff8c-a16b-40c6-b6a2-90a35c3deb9f@group-676DC8C44BE6-SegmentedRaftLogWorker: flushIndex: setUnconditionally 0 -> -1
2019-09-26 13:32:03,101 [pool-247-thread-1] INFO  server.RaftServerConfigKeys (ConfUtils.java:logGet(43)) - raft.server.snapshot.auto.trigger.enabled = true (custom)
2019-09-26 13:32:03,101 [pool-247-thread-1] INFO  server.RaftServerConfigKeys (ConfUtils.java:logGet(43)) - raft.server.snapshot.auto.trigger.threshold = 10000 (custom)
2019-09-26 13:32:03,101 [pool-247-thread-1] INFO  server.RaftServerConfigKeys (ConfUtils.java:logGet(43)) - raft.server.snapshot.retention.num.files = 5 (custom)
2019-09-26 13:32:03,101 [pool-247-thread-1] INFO  server.RaftServerConfigKeys (ConfUtils.java:logGet(43)) - raft.server.retrycache.expirytime = 600000ms (custom)
2019-09-26 13:32:03,103 [pool-247-thread-1] INFO  impl.RaftServerImpl (RaftServerImpl.java:start(185)) - e16dff8c-a16b-40c6-b6a2-90a35c3deb9f@group-676DC8C44BE6: start as a follower, conf=-1: [e16dff8c-a16b-40c6-b6a2-90a35c3deb9f:192.168.164.238:44441], old=null
2019-09-26 13:32:03,103 [pool-247-thread-1] INFO  impl.RaftServerImpl (RaftServerImpl.java:setRole(174)) - e16dff8c-a16b-40c6-b6a2-90a35c3deb9f@group-676DC8C44BE6: changes role from      null to FOLLOWER at term 0 for startAsFollower
2019-09-26 13:32:03,103 [pool-247-thread-1] INFO  impl.RoleInfo (RoleInfo.java:updateAndGet(143)) - e16dff8c-a16b-40c6-b6a2-90a35c3deb9f: start FollowerState
2019-09-26 13:32:03,103 [pool-247-thread-1] INFO  util.JmxRegister (JmxRegister.java:tryRegister(44)) - Successfully registered JMX Bean with object name Ratis:service=RaftServer,group=group-676DC8C44BE6,id=e16dff8c-a16b-40c6-b6a2-90a35c3deb9f
2019-09-26 13:32:03,107 [RatisPipelineUtilsThread] INFO  pipeline.PipelineStateManager (PipelineStateManager.java:addPipeline(56)) - Created pipeline Pipeline[ Id: 4e08917b-d742-4496-b696-676dc8c44be6, Nodes: e16dff8c-a16b-40c6-b6a2-90a35c3deb9f{ip: 192.168.164.238, host: pr-hdds-1569-87zkn-1081879488, networkLocation: /default-rack, certSerialId: null}, Type:RATIS, Factor:ONE, State:OPEN]
2019-09-26 13:32:03,113 [grpc-default-executor-0] INFO  impl.RaftServerProxy (RaftServerProxy.java:addNew(89)) - dacd514e-d0f2-4f80-a7b7-f5c48675eb53: addNew group-5757460B3C87:[dacd514e-d0f2-4f80-a7b7-f5c48675eb53:192.168.164.238:34147] returns group-5757460B3C87:java.util.concurrent.CompletableFuture@4c6c72cc[Not completed]
2019-09-26 13:32:03,114 [pool-227-thread-1] INFO  impl.RaftServerImpl (RaftServerImpl.java:<init>(95)) - dacd514e-d0f2-4f80-a7b7-f5c48675eb53: new RaftServerImpl for group-5757460B3C87:[dacd514e-d0f2-4f80-a7b7-f5c48675eb53:192.168.164.238:34147] with ContainerStateMachine:uninitialized
2019-09-26 13:32:03,114 [pool-227-thread-1] INFO  server.RaftServerConfigKeys (ConfUtils.java:logGet(43)) - raft.server.rpc.timeout.min = 5s (custom)
2019-09-26 13:32:03,114 [pool-227-thread-1] INFO  server.RaftServerConfigKeys (ConfUtils.java:logGet(43)) - raft.server.rpc.timeout.max = 5200ms (custom)
2019-09-26 13:32:03,115 [pool-227-thread-1] INFO  server.RaftServerConfigKeys (ConfUtils.java:logGet(43)) - raft.server.rpcslowness.timeout = 120s (custom)
2019-09-26 13:32:03,115 [pool-227-thread-1] INFO  server.RaftServerConfigKeys (ConfUtils.java:logGet(43)) - raft.server.sleep.deviation.threshold = 300 (default)
2019-09-26 13:32:03,115 [pool-227-thread-1] INFO  server.RaftServerConfigKeys (ConfUtils.java:logGet(43)) - raft.server.log.appender.install.snapshot.enabled = false (custom)
2019-09-26 13:32:03,115 [pool-227-thread-1] INFO  impl.RaftServerImpl (ServerState.java:<init>(103)) - dacd514e-d0f2-4f80-a7b7-f5c48675eb53@group-5757460B3C87: ConfigurationManager, init=-1: [dacd514e-d0f2-4f80-a7b7-f5c48675eb53:192.168.164.238:34147], old=null, confs=<EMPTY_MAP>
2019-09-26 13:32:03,115 [pool-227-thread-1] INFO  server.RaftServerConfigKeys (ConfUtils.java:logGet(43)) - raft.server.storage.dir = [/workdir/hadoop-ozone/ozonefs/target/test-dir/MiniOzoneClusterImpl-f978b247-e176-4f00-b4b9-b4bec99d4730/datanode-0/data/ratis] (custom)
2019-09-26 13:32:03,116 [pool-227-thread-1] INFO  storage.RaftStorageDirectory (RaftStorageDirectory.java:analyzeStorage(246)) - The storage directory /workdir/hadoop-ozone/ozonefs/target/test-dir/MiniOzoneClusterImpl-f978b247-e176-4f00-b4b9-b4bec99d4730/datanode-0/data/ratis/f32a07b5-3feb-48ae-8758-5757460b3c87 does not exist. Creating ...
2019-09-26 13:32:03,118 [pool-227-thread-1] INFO  storage.RaftStorageDirectory (RaftStorageDirectory.java:tryLock(328)) - Lock on /workdir/hadoop-ozone/ozonefs/target/test-dir/MiniOzoneClusterImpl-f978b247-e176-4f00-b4b9-b4bec99d4730/datanode-0/data/ratis/f32a07b5-3feb-48ae-8758-5757460b3c87/in_use.lock acquired by nodename 10147@pr-hdds-1569-87zkn-1081879488
2019-09-26 13:32:03,121 [pool-227-thread-1] INFO  storage.RaftStorage (RaftStorage.java:format(72)) - Storage directory /workdir/hadoop-ozone/ozonefs/target/test-dir/MiniOzoneClusterImpl-f978b247-e176-4f00-b4b9-b4bec99d4730/datanode-0/data/ratis/f32a07b5-3feb-48ae-8758-5757460b3c87 has been successfully formatted.
2019-09-26 13:32:03,122 [pool-227-thread-1] INFO  ratis.ContainerStateMachine (ContainerStateMachine.java:loadSnapshot(230)) - group-5757460B3C87: The snapshot info is null. Setting the last applied indexto:(t:0, i:~)
2019-09-26 13:32:03,122 [pool-227-thread-1] INFO  server.RaftServerConfigKeys (ConfUtils.java:logGet(43)) - raft.server.notification.no-leader.timeout = 120s (custom)
2019-09-26 13:32:03,122 [pool-227-thread-1] INFO  server.RaftServerConfigKeys (ConfUtils.java:logGet(43)) - raft.server.log.use.memory = false (default)
2019-09-26 13:32:03,122 [pool-227-thread-1] INFO  server.RaftServerConfigKeys (ConfUtils.java:logGet(43)) - raft.server.log.purge.gap = 1000000 (custom)
2019-09-26 13:32:03,122 [pool-227-thread-1] INFO  server.RaftServerConfigKeys (ConfUtils.java:logGet(43)) - raft.server.log.appender.buffer.byte-limit = 33554432 (custom)
2019-09-26 13:32:03,122 [pool-227-thread-1] INFO  server.RaftServerConfigKeys (ConfUtils.java:logGet(43)) - raft.server.log.segment.size.max = 1048576 (custom)
2019-09-26 13:32:03,122 [pool-227-thread-1] INFO  server.RaftServerConfigKeys (ConfUtils.java:logGet(43)) - raft.server.log.segment.cache.num.max = 2 (custom)
2019-09-26 13:32:03,122 [pool-227-thread-1] INFO  segmented.SegmentedRaftLogWorker (SegmentedRaftLogWorker.java:<init>(172)) - new dacd514e-d0f2-4f80-a7b7-f5c48675eb53@group-5757460B3C87-SegmentedRaftLogWorker for RaftStorage:Storage Directory /workdir/hadoop-ozone/ozonefs/target/test-dir/MiniOzoneClusterImpl-f978b247-e176-4f00-b4b9-b4bec99d4730/datanode-0/data/ratis/f32a07b5-3feb-48ae-8758-5757460b3c87
2019-09-26 13:32:03,123 [pool-227-thread-1] INFO  server.RaftServerConfigKeys (ConfUtils.java:logGet(43)) - raft.server.log.queue.byte-limit = 2147483647 (custom)
2019-09-26 13:32:03,123 [pool-227-thread-1] INFO  server.RaftServerConfigKeys (ConfUtils.java:logGet(43)) - raft.server.log.queue.element-limit = 1024 (custom)
2019-09-26 13:32:03,123 [pool-227-thread-1] INFO  server.RaftServerConfigKeys (ConfUtils.java:logGet(43)) - raft.server.log.segment.size.max = 1048576 (custom)
2019-09-26 13:32:03,123 [pool-227-thread-1] INFO  server.RaftServerConfigKeys (ConfUtils.java:logGet(43)) - raft.server.log.preallocated.size = 16384 (custom)
2019-09-26 13:32:03,123 [pool-227-thread-1] INFO  server.RaftServerConfigKeys (ConfUtils.java:logGet(43)) - raft.server.log.write.buffer.size = 33554432 (custom)
2019-09-26 13:32:03,123 [pool-227-thread-1] INFO  server.RaftServerConfigKeys (ConfUtils.java:logGet(43)) - raft.server.log.force.sync.num = 128 (default)
2019-09-26 13:32:03,123 [pool-227-thread-1] INFO  server.RaftServerConfigKeys (ConfUtils.java:logGet(43)) - raft.server.log.statemachine.data.sync = true (default)
2019-09-26 13:32:03,123 [pool-227-thread-1] INFO  server.RaftServerConfigKeys (ConfUtils.java:logGet(43)) - raft.server.log.statemachine.data.sync.timeout = 10s (default)
2019-09-26 13:32:03,123 [pool-227-thread-1] INFO  server.RaftServerConfigKeys (ConfUtils.java:logGet(43)) - raft.server.log.statemachine.data.sync.timeout.retry = -1 (default)
2019-09-26 13:32:03,123 [pool-227-thread-1] INFO  server.RaftServerConfigKeys (ConfUtils.java:logGet(43)) - raft.server.log.statemachine.data.caching.enabled = true (custom)
2019-09-26 13:32:03,124 [pool-227-thread-1] INFO  segmented.SegmentedRaftLogWorker (SegmentedRaftLogWorker.java:lambda$new$0(132)) - dacd514e-d0f2-4f80-a7b7-f5c48675eb53@group-5757460B3C87-SegmentedRaftLogWorker: flushIndex: setUnconditionally 0 -> -1
2019-09-26 13:32:03,124 [pool-227-thread-1] INFO  server.RaftServerConfigKeys (ConfUtils.java:logGet(43)) - raft.server.snapshot.auto.trigger.enabled = true (custom)
2019-09-26 13:32:03,124 [pool-227-thread-1] INFO  server.RaftServerConfigKeys (ConfUtils.java:logGet(43)) - raft.server.snapshot.auto.trigger.threshold = 10000 (custom)
2019-09-26 13:32:03,124 [pool-227-thread-1] INFO  server.RaftServerConfigKeys (ConfUtils.java:logGet(43)) - raft.server.snapshot.retention.num.files = 5 (custom)
2019-09-26 13:32:03,124 [pool-227-thread-1] INFO  server.RaftServerConfigKeys (ConfUtils.java:logGet(43)) - raft.server.retrycache.expirytime = 600000ms (custom)
2019-09-26 13:32:03,126 [pool-227-thread-1] INFO  impl.RaftServerImpl (RaftServerImpl.java:start(185)) - dacd514e-d0f2-4f80-a7b7-f5c48675eb53@group-5757460B3C87: start as a follower, conf=-1: [dacd514e-d0f2-4f80-a7b7-f5c48675eb53:192.168.164.238:34147], old=null
2019-09-26 13:32:03,126 [pool-227-thread-1] INFO  impl.RaftServerImpl (RaftServerImpl.java:setRole(174)) - dacd514e-d0f2-4f80-a7b7-f5c48675eb53@group-5757460B3C87: changes role from      null to FOLLOWER at term 0 for startAsFollower
2019-09-26 13:32:03,126 [pool-227-thread-1] INFO  impl.RoleInfo (RoleInfo.java:updateAndGet(143)) - dacd514e-d0f2-4f80-a7b7-f5c48675eb53: start FollowerState
2019-09-26 13:32:03,126 [pool-227-thread-1] INFO  util.JmxRegister (JmxRegister.java:tryRegister(44)) - Successfully registered JMX Bean with object name Ratis:service=RaftServer,group=group-5757460B3C87,id=dacd514e-d0f2-4f80-a7b7-f5c48675eb53
2019-09-26 13:32:03,129 [RatisPipelineUtilsThread] INFO  pipeline.PipelineStateManager (PipelineStateManager.java:addPipeline(56)) - Created pipeline Pipeline[ Id: f32a07b5-3feb-48ae-8758-5757460b3c87, Nodes: dacd514e-d0f2-4f80-a7b7-f5c48675eb53{ip: 192.168.164.238, host: pr-hdds-1569-87zkn-1081879488, networkLocation: /default-rack, certSerialId: null}, Type:RATIS, Factor:ONE, State:OPEN]
2019-09-26 13:32:03,134 [grpc-default-executor-0] INFO  impl.RaftServerProxy (RaftServerProxy.java:addNew(89)) - 1f806e80-696f-4e1e-8d02-ece25156c36a: addNew group-95A51C2742B0:[1f806e80-696f-4e1e-8d02-ece25156c36a:192.168.164.238:40523] returns group-95A51C2742B0:java.util.concurrent.CompletableFuture@5c1edeb1[Not completed]
2019-09-26 13:32:03,135 [pool-237-thread-1] INFO  impl.RaftServerImpl (RaftServerImpl.java:<init>(95)) - 1f806e80-696f-4e1e-8d02-ece25156c36a: new RaftServerImpl for group-95A51C2742B0:[1f806e80-696f-4e1e-8d02-ece25156c36a:192.168.164.238:40523] with ContainerStateMachine:uninitialized
2019-09-26 13:32:03,135 [pool-237-thread-1] INFO  server.RaftServerConfigKeys (ConfUtils.java:logGet(43)) - raft.server.rpc.timeout.min = 5s (custom)
2019-09-26 13:32:03,136 [pool-237-thread-1] INFO  server.RaftServerConfigKeys (ConfUtils.java:logGet(43)) - raft.server.rpc.timeout.max = 5200ms (custom)
2019-09-26 13:32:03,136 [pool-237-thread-1] INFO  server.RaftServerConfigKeys (ConfUtils.java:logGet(43)) - raft.server.rpcslowness.timeout = 120s (custom)
2019-09-26 13:32:03,136 [pool-237-thread-1] INFO  server.RaftServerConfigKeys (ConfUtils.java:logGet(43)) - raft.server.sleep.deviation.threshold = 300 (default)
2019-09-26 13:32:03,136 [pool-237-thread-1] INFO  server.RaftServerConfigKeys (ConfUtils.java:logGet(43)) - raft.server.log.appender.install.snapshot.enabled = false (custom)
2019-09-26 13:32:03,136 [pool-237-thread-1] INFO  impl.RaftServerImpl (ServerState.java:<init>(103)) - 1f806e80-696f-4e1e-8d02-ece25156c36a@group-95A51C2742B0: ConfigurationManager, init=-1: [1f806e80-696f-4e1e-8d02-ece25156c36a:192.168.164.238:40523], old=null, confs=<EMPTY_MAP>
2019-09-26 13:32:03,136 [pool-237-thread-1] INFO  server.RaftServerConfigKeys (ConfUtils.java:logGet(43)) - raft.server.storage.dir = [/workdir/hadoop-ozone/ozonefs/target/test-dir/MiniOzoneClusterImpl-f978b247-e176-4f00-b4b9-b4bec99d4730/datanode-1/data/ratis] (custom)
2019-09-26 13:32:03,137 [pool-237-thread-1] INFO  storage.RaftStorageDirectory (RaftStorageDirectory.java:analyzeStorage(246)) - The storage directory /workdir/hadoop-ozone/ozonefs/target/test-dir/MiniOzoneClusterImpl-f978b247-e176-4f00-b4b9-b4bec99d4730/datanode-1/data/ratis/2eb93515-194e-4ee9-ad18-95a51c2742b0 does not exist. Creating ...
2019-09-26 13:32:03,141 [pool-237-thread-1] INFO  storage.RaftStorageDirectory (RaftStorageDirectory.java:tryLock(328)) - Lock on /workdir/hadoop-ozone/ozonefs/target/test-dir/MiniOzoneClusterImpl-f978b247-e176-4f00-b4b9-b4bec99d4730/datanode-1/data/ratis/2eb93515-194e-4ee9-ad18-95a51c2742b0/in_use.lock acquired by nodename 10147@pr-hdds-1569-87zkn-1081879488
2019-09-26 13:32:03,144 [pool-237-thread-1] INFO  storage.RaftStorage (RaftStorage.java:format(72)) - Storage directory /workdir/hadoop-ozone/ozonefs/target/test-dir/MiniOzoneClusterImpl-f978b247-e176-4f00-b4b9-b4bec99d4730/datanode-1/data/ratis/2eb93515-194e-4ee9-ad18-95a51c2742b0 has been successfully formatted.
2019-09-26 13:32:03,144 [pool-237-thread-1] INFO  ratis.ContainerStateMachine (ContainerStateMachine.java:loadSnapshot(230)) - group-95A51C2742B0: The snapshot info is null. Setting the last applied indexto:(t:0, i:~)
2019-09-26 13:32:03,144 [pool-237-thread-1] INFO  server.RaftServerConfigKeys (ConfUtils.java:logGet(43)) - raft.server.notification.no-leader.timeout = 120s (custom)
2019-09-26 13:32:03,144 [pool-237-thread-1] INFO  server.RaftServerConfigKeys (ConfUtils.java:logGet(43)) - raft.server.log.use.memory = false (default)
2019-09-26 13:32:03,145 [pool-237-thread-1] INFO  server.RaftServerConfigKeys (ConfUtils.java:logGet(43)) - raft.server.log.purge.gap = 1000000 (custom)
2019-09-26 13:32:03,145 [pool-237-thread-1] INFO  server.RaftServerConfigKeys (ConfUtils.java:logGet(43)) - raft.server.log.appender.buffer.byte-limit = 33554432 (custom)
2019-09-26 13:32:03,145 [pool-237-thread-1] INFO  server.RaftServerConfigKeys (ConfUtils.java:logGet(43)) - raft.server.log.segment.size.max = 1048576 (custom)
2019-09-26 13:32:03,145 [pool-237-thread-1] INFO  server.RaftServerConfigKeys (ConfUtils.java:logGet(43)) - raft.server.log.segment.cache.num.max = 2 (custom)
2019-09-26 13:32:03,145 [pool-237-thread-1] INFO  segmented.SegmentedRaftLogWorker (SegmentedRaftLogWorker.java:<init>(172)) - new 1f806e80-696f-4e1e-8d02-ece25156c36a@group-95A51C2742B0-SegmentedRaftLogWorker for RaftStorage:Storage Directory /workdir/hadoop-ozone/ozonefs/target/test-dir/MiniOzoneClusterImpl-f978b247-e176-4f00-b4b9-b4bec99d4730/datanode-1/data/ratis/2eb93515-194e-4ee9-ad18-95a51c2742b0
2019-09-26 13:32:03,145 [pool-237-thread-1] INFO  server.RaftServerConfigKeys (ConfUtils.java:logGet(43)) - raft.server.log.queue.byte-limit = 2147483647 (custom)
2019-09-26 13:32:03,145 [pool-237-thread-1] INFO  server.RaftServerConfigKeys (ConfUtils.java:logGet(43)) - raft.server.log.queue.element-limit = 1024 (custom)
2019-09-26 13:32:03,145 [pool-237-thread-1] INFO  server.RaftServerConfigKeys (ConfUtils.java:logGet(43)) - raft.server.log.segment.size.max = 1048576 (custom)
2019-09-26 13:32:03,146 [pool-237-thread-1] INFO  server.RaftServerConfigKeys (ConfUtils.java:logGet(43)) - raft.server.log.preallocated.size = 16384 (custom)
2019-09-26 13:32:03,146 [pool-237-thread-1] INFO  server.RaftServerConfigKeys (ConfUtils.java:logGet(43)) - raft.server.log.write.buffer.size = 33554432 (custom)
2019-09-26 13:32:03,146 [pool-237-thread-1] INFO  server.RaftServerConfigKeys (ConfUtils.java:logGet(43)) - raft.server.log.force.sync.num = 128 (default)
2019-09-26 13:32:03,146 [pool-237-thread-1] INFO  server.RaftServerConfigKeys (ConfUtils.java:logGet(43)) - raft.server.log.statemachine.data.sync = true (default)
2019-09-26 13:32:03,146 [pool-237-thread-1] INFO  server.RaftServerConfigKeys (ConfUtils.java:logGet(43)) - raft.server.log.statemachine.data.sync.timeout = 10s (default)
2019-09-26 13:32:03,146 [pool-237-thread-1] INFO  server.RaftServerConfigKeys (ConfUtils.java:logGet(43)) - raft.server.log.statemachine.data.sync.timeout.retry = -1 (default)
2019-09-26 13:32:03,146 [pool-237-thread-1] INFO  server.RaftServerConfigKeys (ConfUtils.java:logGet(43)) - raft.server.log.statemachine.data.caching.enabled = true (custom)
2019-09-26 13:32:03,147 [pool-237-thread-1] INFO  segmented.SegmentedRaftLogWorker (SegmentedRaftLogWorker.java:lambda$new$0(132)) - 1f806e80-696f-4e1e-8d02-ece25156c36a@group-95A51C2742B0-SegmentedRaftLogWorker: flushIndex: setUnconditionally 0 -> -1
2019-09-26 13:32:03,147 [pool-237-thread-1] INFO  server.RaftServerConfigKeys (ConfUtils.java:logGet(43)) - raft.server.snapshot.auto.trigger.enabled = true (custom)
2019-09-26 13:32:03,147 [pool-237-thread-1] INFO  server.RaftServerConfigKeys (ConfUtils.java:logGet(43)) - raft.server.snapshot.auto.trigger.threshold = 10000 (custom)
2019-09-26 13:32:03,147 [pool-237-thread-1] INFO  server.RaftServerConfigKeys (ConfUtils.java:logGet(43)) - raft.server.snapshot.retention.num.files = 5 (custom)
2019-09-26 13:32:03,147 [pool-237-thread-1] INFO  server.RaftServerConfigKeys (ConfUtils.java:logGet(43)) - raft.server.retrycache.expirytime = 600000ms (custom)
2019-09-26 13:32:03,149 [pool-237-thread-1] INFO  impl.RaftServerImpl (RaftServerImpl.java:start(185)) - 1f806e80-696f-4e1e-8d02-ece25156c36a@group-95A51C2742B0: start as a follower, conf=-1: [1f806e80-696f-4e1e-8d02-ece25156c36a:192.168.164.238:40523], old=null
2019-09-26 13:32:03,149 [pool-237-thread-1] INFO  impl.RaftServerImpl (RaftServerImpl.java:setRole(174)) - 1f806e80-696f-4e1e-8d02-ece25156c36a@group-95A51C2742B0: changes role from      null to FOLLOWER at term 0 for startAsFollower
2019-09-26 13:32:03,149 [pool-237-thread-1] INFO  impl.RoleInfo (RoleInfo.java:updateAndGet(143)) - 1f806e80-696f-4e1e-8d02-ece25156c36a: start FollowerState
2019-09-26 13:32:03,149 [pool-237-thread-1] INFO  util.JmxRegister (JmxRegister.java:tryRegister(44)) - Successfully registered JMX Bean with object name Ratis:service=RaftServer,group=group-95A51C2742B0,id=1f806e80-696f-4e1e-8d02-ece25156c36a
2019-09-26 13:32:03,152 [RatisPipelineUtilsThread] INFO  pipeline.PipelineStateManager (PipelineStateManager.java:addPipeline(56)) - Created pipeline Pipeline[ Id: 2eb93515-194e-4ee9-ad18-95a51c2742b0, Nodes: 1f806e80-696f-4e1e-8d02-ece25156c36a{ip: 192.168.164.238, host: pr-hdds-1569-87zkn-1081879488, networkLocation: /default-rack, certSerialId: null}, Type:RATIS, Factor:ONE, State:OPEN]
2019-09-26 13:32:03,157 [grpc-default-executor-0] INFO  impl.RaftServerProxy (RaftServerProxy.java:addNew(89)) - dacd514e-d0f2-4f80-a7b7-f5c48675eb53: addNew group-54BB061E4A53:[dacd514e-d0f2-4f80-a7b7-f5c48675eb53:192.168.164.238:34147] returns group-54BB061E4A53:java.util.concurrent.CompletableFuture@26400315[Not completed]
2019-09-26 13:32:03,159 [pool-227-thread-1] INFO  impl.RaftServerImpl (RaftServerImpl.java:<init>(95)) - dacd514e-d0f2-4f80-a7b7-f5c48675eb53: new RaftServerImpl for group-54BB061E4A53:[dacd514e-d0f2-4f80-a7b7-f5c48675eb53:192.168.164.238:34147] with ContainerStateMachine:uninitialized
2019-09-26 13:32:03,159 [pool-227-thread-1] INFO  server.RaftServerConfigKeys (ConfUtils.java:logGet(43)) - raft.server.rpc.timeout.min = 5s (custom)
2019-09-26 13:32:03,159 [pool-227-thread-1] INFO  server.RaftServerConfigKeys (ConfUtils.java:logGet(43)) - raft.server.rpc.timeout.max = 5200ms (custom)
2019-09-26 13:32:03,160 [pool-227-thread-1] INFO  server.RaftServerConfigKeys (ConfUtils.java:logGet(43)) - raft.server.rpcslowness.timeout = 120s (custom)
2019-09-26 13:32:03,160 [pool-227-thread-1] INFO  server.RaftServerConfigKeys (ConfUtils.java:logGet(43)) - raft.server.sleep.deviation.threshold = 300 (default)
2019-09-26 13:32:03,160 [pool-227-thread-1] INFO  server.RaftServerConfigKeys (ConfUtils.java:logGet(43)) - raft.server.log.appender.install.snapshot.enabled = false (custom)
2019-09-26 13:32:03,160 [pool-227-thread-1] INFO  impl.RaftServerImpl (ServerState.java:<init>(103)) - dacd514e-d0f2-4f80-a7b7-f5c48675eb53@group-54BB061E4A53: ConfigurationManager, init=-1: [dacd514e-d0f2-4f80-a7b7-f5c48675eb53:192.168.164.238:34147], old=null, confs=<EMPTY_MAP>
2019-09-26 13:32:03,160 [pool-227-thread-1] INFO  server.RaftServerConfigKeys (ConfUtils.java:logGet(43)) - raft.server.storage.dir = [/workdir/hadoop-ozone/ozonefs/target/test-dir/MiniOzoneClusterImpl-f978b247-e176-4f00-b4b9-b4bec99d4730/datanode-0/data/ratis] (custom)
2019-09-26 13:32:03,161 [pool-227-thread-1] INFO  storage.RaftStorageDirectory (RaftStorageDirectory.java:analyzeStorage(246)) - The storage directory /workdir/hadoop-ozone/ozonefs/target/test-dir/MiniOzoneClusterImpl-f978b247-e176-4f00-b4b9-b4bec99d4730/datanode-0/data/ratis/88bbeff3-b973-401e-9c55-54bb061e4a53 does not exist. Creating ...
2019-09-26 13:32:03,179 [pool-227-thread-1] INFO  storage.RaftStorageDirectory (RaftStorageDirectory.java:tryLock(328)) - Lock on /workdir/hadoop-ozone/ozonefs/target/test-dir/MiniOzoneClusterImpl-f978b247-e176-4f00-b4b9-b4bec99d4730/datanode-0/data/ratis/88bbeff3-b973-401e-9c55-54bb061e4a53/in_use.lock acquired by nodename 10147@pr-hdds-1569-87zkn-1081879488
2019-09-26 13:32:03,194 [pool-227-thread-1] INFO  storage.RaftStorage (RaftStorage.java:format(72)) - Storage directory /workdir/hadoop-ozone/ozonefs/target/test-dir/MiniOzoneClusterImpl-f978b247-e176-4f00-b4b9-b4bec99d4730/datanode-0/data/ratis/88bbeff3-b973-401e-9c55-54bb061e4a53 has been successfully formatted.
2019-09-26 13:32:03,195 [pool-227-thread-1] INFO  ratis.ContainerStateMachine (ContainerStateMachine.java:loadSnapshot(230)) - group-54BB061E4A53: The snapshot info is null. Setting the last applied indexto:(t:0, i:~)
2019-09-26 13:32:03,195 [pool-227-thread-1] INFO  server.RaftServerConfigKeys (ConfUtils.java:logGet(43)) - raft.server.notification.no-leader.timeout = 120s (custom)
2019-09-26 13:32:03,195 [pool-227-thread-1] INFO  server.RaftServerConfigKeys (ConfUtils.java:logGet(43)) - raft.server.log.use.memory = false (default)
2019-09-26 13:32:03,195 [pool-227-thread-1] INFO  server.RaftServerConfigKeys (ConfUtils.java:logGet(43)) - raft.server.log.purge.gap = 1000000 (custom)
2019-09-26 13:32:03,195 [pool-227-thread-1] INFO  server.RaftServerConfigKeys (ConfUtils.java:logGet(43)) - raft.server.log.appender.buffer.byte-limit = 33554432 (custom)
2019-09-26 13:32:03,196 [pool-227-thread-1] INFO  server.RaftServerConfigKeys (ConfUtils.java:logGet(43)) - raft.server.log.segment.size.max = 1048576 (custom)
2019-09-26 13:32:03,196 [pool-227-thread-1] INFO  server.RaftServerConfigKeys (ConfUtils.java:logGet(43)) - raft.server.log.segment.cache.num.max = 2 (custom)
2019-09-26 13:32:03,196 [pool-227-thread-1] INFO  segmented.SegmentedRaftLogWorker (SegmentedRaftLogWorker.java:<init>(172)) - new dacd514e-d0f2-4f80-a7b7-f5c48675eb53@group-54BB061E4A53-SegmentedRaftLogWorker for RaftStorage:Storage Directory /workdir/hadoop-ozone/ozonefs/target/test-dir/MiniOzoneClusterImpl-f978b247-e176-4f00-b4b9-b4bec99d4730/datanode-0/data/ratis/88bbeff3-b973-401e-9c55-54bb061e4a53
2019-09-26 13:32:03,196 [pool-227-thread-1] INFO  server.RaftServerConfigKeys (ConfUtils.java:logGet(43)) - raft.server.log.queue.byte-limit = 2147483647 (custom)
2019-09-26 13:32:03,196 [pool-227-thread-1] INFO  server.RaftServerConfigKeys (ConfUtils.java:logGet(43)) - raft.server.log.queue.element-limit = 1024 (custom)
2019-09-26 13:32:03,196 [pool-227-thread-1] INFO  server.RaftServerConfigKeys (ConfUtils.java:logGet(43)) - raft.server.log.segment.size.max = 1048576 (custom)
2019-09-26 13:32:03,196 [pool-227-thread-1] INFO  server.RaftServerConfigKeys (ConfUtils.java:logGet(43)) - raft.server.log.preallocated.size = 16384 (custom)
2019-09-26 13:32:03,197 [pool-227-thread-1] INFO  server.RaftServerConfigKeys (ConfUtils.java:logGet(43)) - raft.server.log.write.buffer.size = 33554432 (custom)
2019-09-26 13:32:03,197 [pool-227-thread-1] INFO  server.RaftServerConfigKeys (ConfUtils.java:logGet(43)) - raft.server.log.force.sync.num = 128 (default)
2019-09-26 13:32:03,197 [pool-227-thread-1] INFO  server.RaftServerConfigKeys (ConfUtils.java:logGet(43)) - raft.server.log.statemachine.data.sync = true (default)
2019-09-26 13:32:03,197 [pool-227-thread-1] INFO  server.RaftServerConfigKeys (ConfUtils.java:logGet(43)) - raft.server.log.statemachine.data.sync.timeout = 10s (default)
2019-09-26 13:32:03,197 [pool-227-thread-1] INFO  server.RaftServerConfigKeys (ConfUtils.java:logGet(43)) - raft.server.log.statemachine.data.sync.timeout.retry = -1 (default)
2019-09-26 13:32:03,197 [pool-227-thread-1] INFO  server.RaftServerConfigKeys (ConfUtils.java:logGet(43)) - raft.server.log.statemachine.data.caching.enabled = true (custom)
2019-09-26 13:32:03,198 [pool-227-thread-1] INFO  segmented.SegmentedRaftLogWorker (SegmentedRaftLogWorker.java:lambda$new$0(132)) - dacd514e-d0f2-4f80-a7b7-f5c48675eb53@group-54BB061E4A53-SegmentedRaftLogWorker: flushIndex: setUnconditionally 0 -> -1
2019-09-26 13:32:03,198 [pool-227-thread-1] INFO  server.RaftServerConfigKeys (ConfUtils.java:logGet(43)) - raft.server.snapshot.auto.trigger.enabled = true (custom)
2019-09-26 13:32:03,198 [pool-227-thread-1] INFO  server.RaftServerConfigKeys (ConfUtils.java:logGet(43)) - raft.server.snapshot.auto.trigger.threshold = 10000 (custom)
2019-09-26 13:32:03,198 [pool-227-thread-1] INFO  server.RaftServerConfigKeys (ConfUtils.java:logGet(43)) - raft.server.snapshot.retention.num.files = 5 (custom)
2019-09-26 13:32:03,198 [pool-227-thread-1] INFO  server.RaftServerConfigKeys (ConfUtils.java:logGet(43)) - raft.server.retrycache.expirytime = 600000ms (custom)
2019-09-26 13:32:03,200 [pool-227-thread-1] INFO  impl.RaftServerImpl (RaftServerImpl.java:start(185)) - dacd514e-d0f2-4f80-a7b7-f5c48675eb53@group-54BB061E4A53: start as a follower, conf=-1: [dacd514e-d0f2-4f80-a7b7-f5c48675eb53:192.168.164.238:34147], old=null
2019-09-26 13:32:03,200 [pool-227-thread-1] INFO  impl.RaftServerImpl (RaftServerImpl.java:setRole(174)) - dacd514e-d0f2-4f80-a7b7-f5c48675eb53@group-54BB061E4A53: changes role from      null to FOLLOWER at term 0 for startAsFollower
2019-09-26 13:32:03,201 [pool-227-thread-1] INFO  impl.RoleInfo (RoleInfo.java:updateAndGet(143)) - dacd514e-d0f2-4f80-a7b7-f5c48675eb53: start FollowerState
2019-09-26 13:32:03,201 [pool-227-thread-1] INFO  util.JmxRegister (JmxRegister.java:tryRegister(44)) - Successfully registered JMX Bean with object name Ratis:service=RaftServer,group=group-54BB061E4A53,id=dacd514e-d0f2-4f80-a7b7-f5c48675eb53
2019-09-26 13:32:03,203 [RatisPipelineUtilsThread] INFO  pipeline.PipelineStateManager (PipelineStateManager.java:addPipeline(56)) - Created pipeline Pipeline[ Id: 88bbeff3-b973-401e-9c55-54bb061e4a53, Nodes: dacd514e-d0f2-4f80-a7b7-f5c48675eb53{ip: 192.168.164.238, host: pr-hdds-1569-87zkn-1081879488, networkLocation: /default-rack, certSerialId: null}, Type:RATIS, Factor:ONE, State:OPEN]
2019-09-26 13:32:03,207 [grpc-default-executor-0] INFO  impl.RaftServerProxy (RaftServerProxy.java:addNew(89)) - dacd514e-d0f2-4f80-a7b7-f5c48675eb53: addNew group-6B9B8B4BD647:[dacd514e-d0f2-4f80-a7b7-f5c48675eb53:192.168.164.238:34147] returns group-6B9B8B4BD647:java.util.concurrent.CompletableFuture@9677b98[Not completed]
2019-09-26 13:32:03,208 [pool-227-thread-1] INFO  impl.RaftServerImpl (RaftServerImpl.java:<init>(95)) - dacd514e-d0f2-4f80-a7b7-f5c48675eb53: new RaftServerImpl for group-6B9B8B4BD647:[dacd514e-d0f2-4f80-a7b7-f5c48675eb53:192.168.164.238:34147] with ContainerStateMachine:uninitialized
2019-09-26 13:32:03,208 [pool-227-thread-1] INFO  server.RaftServerConfigKeys (ConfUtils.java:logGet(43)) - raft.server.rpc.timeout.min = 5s (custom)
2019-09-26 13:32:03,208 [pool-227-thread-1] INFO  server.RaftServerConfigKeys (ConfUtils.java:logGet(43)) - raft.server.rpc.timeout.max = 5200ms (custom)
2019-09-26 13:32:03,208 [pool-227-thread-1] INFO  server.RaftServerConfigKeys (ConfUtils.java:logGet(43)) - raft.server.rpcslowness.timeout = 120s (custom)
2019-09-26 13:32:03,209 [pool-227-thread-1] INFO  server.RaftServerConfigKeys (ConfUtils.java:logGet(43)) - raft.server.sleep.deviation.threshold = 300 (default)
2019-09-26 13:32:03,209 [pool-227-thread-1] INFO  server.RaftServerConfigKeys (ConfUtils.java:logGet(43)) - raft.server.log.appender.install.snapshot.enabled = false (custom)
2019-09-26 13:32:03,209 [pool-227-thread-1] INFO  impl.RaftServerImpl (ServerState.java:<init>(103)) - dacd514e-d0f2-4f80-a7b7-f5c48675eb53@group-6B9B8B4BD647: ConfigurationManager, init=-1: [dacd514e-d0f2-4f80-a7b7-f5c48675eb53:192.168.164.238:34147], old=null, confs=<EMPTY_MAP>
2019-09-26 13:32:03,209 [pool-227-thread-1] INFO  server.RaftServerConfigKeys (ConfUtils.java:logGet(43)) - raft.server.storage.dir = [/workdir/hadoop-ozone/ozonefs/target/test-dir/MiniOzoneClusterImpl-f978b247-e176-4f00-b4b9-b4bec99d4730/datanode-0/data/ratis] (custom)
2019-09-26 13:32:03,209 [pool-227-thread-1] INFO  storage.RaftStorageDirectory (RaftStorageDirectory.java:analyzeStorage(246)) - The storage directory /workdir/hadoop-ozone/ozonefs/target/test-dir/MiniOzoneClusterImpl-f978b247-e176-4f00-b4b9-b4bec99d4730/datanode-0/data/ratis/a2461974-4b59-4fed-b298-6b9b8b4bd647 does not exist. Creating ...
2019-09-26 13:32:03,222 [pool-227-thread-1] INFO  storage.RaftStorageDirectory (RaftStorageDirectory.java:tryLock(328)) - Lock on /workdir/hadoop-ozone/ozonefs/target/test-dir/MiniOzoneClusterImpl-f978b247-e176-4f00-b4b9-b4bec99d4730/datanode-0/data/ratis/a2461974-4b59-4fed-b298-6b9b8b4bd647/in_use.lock acquired by nodename 10147@pr-hdds-1569-87zkn-1081879488
2019-09-26 13:32:03,235 [pool-227-thread-1] INFO  storage.RaftStorage (RaftStorage.java:format(72)) - Storage directory /workdir/hadoop-ozone/ozonefs/target/test-dir/MiniOzoneClusterImpl-f978b247-e176-4f00-b4b9-b4bec99d4730/datanode-0/data/ratis/a2461974-4b59-4fed-b298-6b9b8b4bd647 has been successfully formatted.
2019-09-26 13:32:03,235 [pool-227-thread-1] INFO  ratis.ContainerStateMachine (ContainerStateMachine.java:loadSnapshot(230)) - group-6B9B8B4BD647: The snapshot info is null. Setting the last applied indexto:(t:0, i:~)
2019-09-26 13:32:03,235 [pool-227-thread-1] INFO  server.RaftServerConfigKeys (ConfUtils.java:logGet(43)) - raft.server.notification.no-leader.timeout = 120s (custom)
2019-09-26 13:32:03,235 [pool-227-thread-1] INFO  server.RaftServerConfigKeys (ConfUtils.java:logGet(43)) - raft.server.log.use.memory = false (default)
2019-09-26 13:32:03,235 [pool-227-thread-1] INFO  server.RaftServerConfigKeys (ConfUtils.java:logGet(43)) - raft.server.log.purge.gap = 1000000 (custom)
2019-09-26 13:32:03,236 [pool-227-thread-1] INFO  server.RaftServerConfigKeys (ConfUtils.java:logGet(43)) - raft.server.log.appender.buffer.byte-limit = 33554432 (custom)
2019-09-26 13:32:03,236 [pool-227-thread-1] INFO  server.RaftServerConfigKeys (ConfUtils.java:logGet(43)) - raft.server.log.segment.size.max = 1048576 (custom)
2019-09-26 13:32:03,236 [pool-227-thread-1] INFO  server.RaftServerConfigKeys (ConfUtils.java:logGet(43)) - raft.server.log.segment.cache.num.max = 2 (custom)
2019-09-26 13:32:03,236 [pool-227-thread-1] INFO  segmented.SegmentedRaftLogWorker (SegmentedRaftLogWorker.java:<init>(172)) - new dacd514e-d0f2-4f80-a7b7-f5c48675eb53@group-6B9B8B4BD647-SegmentedRaftLogWorker for RaftStorage:Storage Directory /workdir/hadoop-ozone/ozonefs/target/test-dir/MiniOzoneClusterImpl-f978b247-e176-4f00-b4b9-b4bec99d4730/datanode-0/data/ratis/a2461974-4b59-4fed-b298-6b9b8b4bd647
2019-09-26 13:32:03,236 [pool-227-thread-1] INFO  server.RaftServerConfigKeys (ConfUtils.java:logGet(43)) - raft.server.log.queue.byte-limit = 2147483647 (custom)
2019-09-26 13:32:03,236 [pool-227-thread-1] INFO  server.RaftServerConfigKeys (ConfUtils.java:logGet(43)) - raft.server.log.queue.element-limit = 1024 (custom)
2019-09-26 13:32:03,236 [pool-227-thread-1] INFO  server.RaftServerConfigKeys (ConfUtils.java:logGet(43)) - raft.server.log.segment.size.max = 1048576 (custom)
2019-09-26 13:32:03,236 [pool-227-thread-1] INFO  server.RaftServerConfigKeys (ConfUtils.java:logGet(43)) - raft.server.log.preallocated.size = 16384 (custom)
2019-09-26 13:32:03,237 [pool-227-thread-1] INFO  server.RaftServerConfigKeys (ConfUtils.java:logGet(43)) - raft.server.log.write.buffer.size = 33554432 (custom)
2019-09-26 13:32:03,237 [pool-227-thread-1] INFO  server.RaftServerConfigKeys (ConfUtils.java:logGet(43)) - raft.server.log.force.sync.num = 128 (default)
2019-09-26 13:32:03,237 [pool-227-thread-1] INFO  server.RaftServerConfigKeys (ConfUtils.java:logGet(43)) - raft.server.log.statemachine.data.sync = true (default)
2019-09-26 13:32:03,237 [pool-227-thread-1] INFO  server.RaftServerConfigKeys (ConfUtils.java:logGet(43)) - raft.server.log.statemachine.data.sync.timeout = 10s (default)
2019-09-26 13:32:03,237 [pool-227-thread-1] INFO  server.RaftServerConfigKeys (ConfUtils.java:logGet(43)) - raft.server.log.statemachine.data.sync.timeout.retry = -1 (default)
2019-09-26 13:32:03,237 [pool-227-thread-1] INFO  server.RaftServerConfigKeys (ConfUtils.java:logGet(43)) - raft.server.log.statemachine.data.caching.enabled = true (custom)
2019-09-26 13:32:03,237 [pool-227-thread-1] INFO  segmented.SegmentedRaftLogWorker (SegmentedRaftLogWorker.java:lambda$new$0(132)) - dacd514e-d0f2-4f80-a7b7-f5c48675eb53@group-6B9B8B4BD647-SegmentedRaftLogWorker: flushIndex: setUnconditionally 0 -> -1
2019-09-26 13:32:03,238 [pool-227-thread-1] INFO  server.RaftServerConfigKeys (ConfUtils.java:logGet(43)) - raft.server.snapshot.auto.trigger.enabled = true (custom)
2019-09-26 13:32:03,238 [pool-227-thread-1] INFO  server.RaftServerConfigKeys (ConfUtils.java:logGet(43)) - raft.server.snapshot.auto.trigger.threshold = 10000 (custom)
2019-09-26 13:32:03,238 [pool-227-thread-1] INFO  server.RaftServerConfigKeys (ConfUtils.java:logGet(43)) - raft.server.snapshot.retention.num.files = 5 (custom)
2019-09-26 13:32:03,238 [pool-227-thread-1] INFO  server.RaftServerConfigKeys (ConfUtils.java:logGet(43)) - raft.server.retrycache.expirytime = 600000ms (custom)
2019-09-26 13:32:03,240 [pool-227-thread-1] INFO  impl.RaftServerImpl (RaftServerImpl.java:start(185)) - dacd514e-d0f2-4f80-a7b7-f5c48675eb53@group-6B9B8B4BD647: start as a follower, conf=-1: [dacd514e-d0f2-4f80-a7b7-f5c48675eb53:192.168.164.238:34147], old=null
2019-09-26 13:32:03,240 [pool-227-thread-1] INFO  impl.RaftServerImpl (RaftServerImpl.java:setRole(174)) - dacd514e-d0f2-4f80-a7b7-f5c48675eb53@group-6B9B8B4BD647: changes role from      null to FOLLOWER at term 0 for startAsFollower
2019-09-26 13:32:03,240 [pool-227-thread-1] INFO  impl.RoleInfo (RoleInfo.java:updateAndGet(143)) - dacd514e-d0f2-4f80-a7b7-f5c48675eb53: start FollowerState
2019-09-26 13:32:03,240 [pool-227-thread-1] INFO  util.JmxRegister (JmxRegister.java:tryRegister(44)) - Successfully registered JMX Bean with object name Ratis:service=RaftServer,group=group-6B9B8B4BD647,id=dacd514e-d0f2-4f80-a7b7-f5c48675eb53
2019-09-26 13:32:03,242 [RatisPipelineUtilsThread] INFO  pipeline.PipelineStateManager (PipelineStateManager.java:addPipeline(56)) - Created pipeline Pipeline[ Id: a2461974-4b59-4fed-b298-6b9b8b4bd647, Nodes: dacd514e-d0f2-4f80-a7b7-f5c48675eb53{ip: 192.168.164.238, host: pr-hdds-1569-87zkn-1081879488, networkLocation: /default-rack, certSerialId: null}, Type:RATIS, Factor:ONE, State:OPEN]
2019-09-26 13:32:03,242 [RatisPipelineUtilsThread] INFO  pipeline.PipelinePlacementPolicy (PipelinePlacementPolicy.java:meetCriteria(91)) - Pipeline Placement: can't place more pipeline on heavy datanode： dacd514e-d0f2-4f80-a7b7-f5c48675eb53 Heaviness: 6 limit: 5
2019-09-26 13:32:03,246 [grpc-default-executor-0] INFO  impl.RaftServerProxy (RaftServerProxy.java:addNew(89)) - e16dff8c-a16b-40c6-b6a2-90a35c3deb9f: addNew group-7B4FDFBAB1BB:[e16dff8c-a16b-40c6-b6a2-90a35c3deb9f:192.168.164.238:44441] returns group-7B4FDFBAB1BB:java.util.concurrent.CompletableFuture@9fdfc21[Not completed]
2019-09-26 13:32:03,247 [pool-247-thread-1] INFO  impl.RaftServerImpl (RaftServerImpl.java:<init>(95)) - e16dff8c-a16b-40c6-b6a2-90a35c3deb9f: new RaftServerImpl for group-7B4FDFBAB1BB:[e16dff8c-a16b-40c6-b6a2-90a35c3deb9f:192.168.164.238:44441] with ContainerStateMachine:uninitialized
2019-09-26 13:32:03,247 [pool-247-thread-1] INFO  server.RaftServerConfigKeys (ConfUtils.java:logGet(43)) - raft.server.rpc.timeout.min = 5s (custom)
2019-09-26 13:32:03,247 [pool-247-thread-1] INFO  server.RaftServerConfigKeys (ConfUtils.java:logGet(43)) - raft.server.rpc.timeout.max = 5200ms (custom)
2019-09-26 13:32:03,247 [pool-247-thread-1] INFO  server.RaftServerConfigKeys (ConfUtils.java:logGet(43)) - raft.server.rpcslowness.timeout = 120s (custom)
2019-09-26 13:32:03,247 [pool-247-thread-1] INFO  server.RaftServerConfigKeys (ConfUtils.java:logGet(43)) - raft.server.sleep.deviation.threshold = 300 (default)
2019-09-26 13:32:03,247 [pool-247-thread-1] INFO  server.RaftServerConfigKeys (ConfUtils.java:logGet(43)) - raft.server.log.appender.install.snapshot.enabled = false (custom)
2019-09-26 13:32:03,247 [pool-247-thread-1] INFO  impl.RaftServerImpl (ServerState.java:<init>(103)) - e16dff8c-a16b-40c6-b6a2-90a35c3deb9f@group-7B4FDFBAB1BB: ConfigurationManager, init=-1: [e16dff8c-a16b-40c6-b6a2-90a35c3deb9f:192.168.164.238:44441], old=null, confs=<EMPTY_MAP>
2019-09-26 13:32:03,248 [pool-247-thread-1] INFO  server.RaftServerConfigKeys (ConfUtils.java:logGet(43)) - raft.server.storage.dir = [/workdir/hadoop-ozone/ozonefs/target/test-dir/MiniOzoneClusterImpl-f978b247-e176-4f00-b4b9-b4bec99d4730/datanode-2/data/ratis] (custom)
2019-09-26 13:32:03,248 [pool-247-thread-1] INFO  storage.RaftStorageDirectory (RaftStorageDirectory.java:analyzeStorage(246)) - The storage directory /workdir/hadoop-ozone/ozonefs/target/test-dir/MiniOzoneClusterImpl-f978b247-e176-4f00-b4b9-b4bec99d4730/datanode-2/data/ratis/15e2e067-1c7f-47d8-9802-7b4fdfbab1bb does not exist. Creating ...
2019-09-26 13:32:03,260 [pool-247-thread-1] INFO  storage.RaftStorageDirectory (RaftStorageDirectory.java:tryLock(328)) - Lock on /workdir/hadoop-ozone/ozonefs/target/test-dir/MiniOzoneClusterImpl-f978b247-e176-4f00-b4b9-b4bec99d4730/datanode-2/data/ratis/15e2e067-1c7f-47d8-9802-7b4fdfbab1bb/in_use.lock acquired by nodename 10147@pr-hdds-1569-87zkn-1081879488
2019-09-26 13:32:03,273 [pool-247-thread-1] INFO  storage.RaftStorage (RaftStorage.java:format(72)) - Storage directory /workdir/hadoop-ozone/ozonefs/target/test-dir/MiniOzoneClusterImpl-f978b247-e176-4f00-b4b9-b4bec99d4730/datanode-2/data/ratis/15e2e067-1c7f-47d8-9802-7b4fdfbab1bb has been successfully formatted.
2019-09-26 13:32:03,273 [pool-247-thread-1] INFO  ratis.ContainerStateMachine (ContainerStateMachine.java:loadSnapshot(230)) - group-7B4FDFBAB1BB: The snapshot info is null. Setting the last applied indexto:(t:0, i:~)
2019-09-26 13:32:03,273 [pool-247-thread-1] INFO  server.RaftServerConfigKeys (ConfUtils.java:logGet(43)) - raft.server.notification.no-leader.timeout = 120s (custom)
2019-09-26 13:32:03,273 [pool-247-thread-1] INFO  server.RaftServerConfigKeys (ConfUtils.java:logGet(43)) - raft.server.log.use.memory = false (default)
2019-09-26 13:32:03,274 [pool-247-thread-1] INFO  server.RaftServerConfigKeys (ConfUtils.java:logGet(43)) - raft.server.log.purge.gap = 1000000 (custom)
2019-09-26 13:32:03,274 [pool-247-thread-1] INFO  server.RaftServerConfigKeys (ConfUtils.java:logGet(43)) - raft.server.log.appender.buffer.byte-limit = 33554432 (custom)
2019-09-26 13:32:03,274 [pool-247-thread-1] INFO  server.RaftServerConfigKeys (ConfUtils.java:logGet(43)) - raft.server.log.segment.size.max = 1048576 (custom)
2019-09-26 13:32:03,274 [pool-247-thread-1] INFO  server.RaftServerConfigKeys (ConfUtils.java:logGet(43)) - raft.server.log.segment.cache.num.max = 2 (custom)
2019-09-26 13:32:03,274 [pool-247-thread-1] INFO  segmented.SegmentedRaftLogWorker (SegmentedRaftLogWorker.java:<init>(172)) - new e16dff8c-a16b-40c6-b6a2-90a35c3deb9f@group-7B4FDFBAB1BB-SegmentedRaftLogWorker for RaftStorage:Storage Directory /workdir/hadoop-ozone/ozonefs/target/test-dir/MiniOzoneClusterImpl-f978b247-e176-4f00-b4b9-b4bec99d4730/datanode-2/data/ratis/15e2e067-1c7f-47d8-9802-7b4fdfbab1bb
2019-09-26 13:32:03,274 [pool-247-thread-1] INFO  server.RaftServerConfigKeys (ConfUtils.java:logGet(43)) - raft.server.log.queue.byte-limit = 2147483647 (custom)
2019-09-26 13:32:03,274 [pool-247-thread-1] INFO  server.RaftServerConfigKeys (ConfUtils.java:logGet(43)) - raft.server.log.queue.element-limit = 1024 (custom)
2019-09-26 13:32:03,275 [pool-247-thread-1] INFO  server.RaftServerConfigKeys (ConfUtils.java:logGet(43)) - raft.server.log.segment.size.max = 1048576 (custom)
2019-09-26 13:32:03,275 [pool-247-thread-1] INFO  server.RaftServerConfigKeys (ConfUtils.java:logGet(43)) - raft.server.log.preallocated.size = 16384 (custom)
2019-09-26 13:32:03,275 [pool-247-thread-1] INFO  server.RaftServerConfigKeys (ConfUtils.java:logGet(43)) - raft.server.log.write.buffer.size = 33554432 (custom)
2019-09-26 13:32:03,275 [pool-247-thread-1] INFO  server.RaftServerConfigKeys (ConfUtils.java:logGet(43)) - raft.server.log.force.sync.num = 128 (default)
2019-09-26 13:32:03,275 [pool-247-thread-1] INFO  server.RaftServerConfigKeys (ConfUtils.java:logGet(43)) - raft.server.log.statemachine.data.sync = true (default)
2019-09-26 13:32:03,275 [pool-247-thread-1] INFO  server.RaftServerConfigKeys (ConfUtils.java:logGet(43)) - raft.server.log.statemachine.data.sync.timeout = 10s (default)
2019-09-26 13:32:03,275 [pool-247-thread-1] INFO  server.RaftServerConfigKeys (ConfUtils.java:logGet(43)) - raft.server.log.statemachine.data.sync.timeout.retry = -1 (default)
2019-09-26 13:32:03,276 [pool-247-thread-1] INFO  server.RaftServerConfigKeys (ConfUtils.java:logGet(43)) - raft.server.log.statemachine.data.caching.enabled = true (custom)
2019-09-26 13:32:03,276 [pool-247-thread-1] INFO  segmented.SegmentedRaftLogWorker (SegmentedRaftLogWorker.java:lambda$new$0(132)) - e16dff8c-a16b-40c6-b6a2-90a35c3deb9f@group-7B4FDFBAB1BB-SegmentedRaftLogWorker: flushIndex: setUnconditionally 0 -> -1
2019-09-26 13:32:03,276 [pool-247-thread-1] INFO  server.RaftServerConfigKeys (ConfUtils.java:logGet(43)) - raft.server.snapshot.auto.trigger.enabled = true (custom)
2019-09-26 13:32:03,276 [pool-247-thread-1] INFO  server.RaftServerConfigKeys (ConfUtils.java:logGet(43)) - raft.server.snapshot.auto.trigger.threshold = 10000 (custom)
2019-09-26 13:32:03,276 [pool-247-thread-1] INFO  server.RaftServerConfigKeys (ConfUtils.java:logGet(43)) - raft.server.snapshot.retention.num.files = 5 (custom)
2019-09-26 13:32:03,276 [pool-247-thread-1] INFO  server.RaftServerConfigKeys (ConfUtils.java:logGet(43)) - raft.server.retrycache.expirytime = 600000ms (custom)
2019-09-26 13:32:03,278 [pool-247-thread-1] INFO  impl.RaftServerImpl (RaftServerImpl.java:start(185)) - e16dff8c-a16b-40c6-b6a2-90a35c3deb9f@group-7B4FDFBAB1BB: start as a follower, conf=-1: [e16dff8c-a16b-40c6-b6a2-90a35c3deb9f:192.168.164.238:44441], old=null
2019-09-26 13:32:03,278 [pool-247-thread-1] INFO  impl.RaftServerImpl (RaftServerImpl.java:setRole(174)) - e16dff8c-a16b-40c6-b6a2-90a35c3deb9f@group-7B4FDFBAB1BB: changes role from      null to FOLLOWER at term 0 for startAsFollower
2019-09-26 13:32:03,278 [pool-247-thread-1] INFO  impl.RoleInfo (RoleInfo.java:updateAndGet(143)) - e16dff8c-a16b-40c6-b6a2-90a35c3deb9f: start FollowerState
2019-09-26 13:32:03,279 [pool-247-thread-1] INFO  util.JmxRegister (JmxRegister.java:tryRegister(44)) - Successfully registered JMX Bean with object name Ratis:service=RaftServer,group=group-7B4FDFBAB1BB,id=e16dff8c-a16b-40c6-b6a2-90a35c3deb9f
2019-09-26 13:32:03,281 [RatisPipelineUtilsThread] INFO  pipeline.PipelineStateManager (PipelineStateManager.java:addPipeline(56)) - Created pipeline Pipeline[ Id: 15e2e067-1c7f-47d8-9802-7b4fdfbab1bb, Nodes: e16dff8c-a16b-40c6-b6a2-90a35c3deb9f{ip: 192.168.164.238, host: pr-hdds-1569-87zkn-1081879488, networkLocation: /default-rack, certSerialId: null}, Type:RATIS, Factor:ONE, State:OPEN]
2019-09-26 13:32:03,281 [RatisPipelineUtilsThread] INFO  pipeline.PipelinePlacementPolicy (PipelinePlacementPolicy.java:meetCriteria(91)) - Pipeline Placement: can't place more pipeline on heavy datanode： dacd514e-d0f2-4f80-a7b7-f5c48675eb53 Heaviness: 6 limit: 5
2019-09-26 13:32:03,286 [grpc-default-executor-0] INFO  impl.RaftServerProxy (RaftServerProxy.java:addNew(89)) - e16dff8c-a16b-40c6-b6a2-90a35c3deb9f: addNew group-8F9763E920B0:[e16dff8c-a16b-40c6-b6a2-90a35c3deb9f:192.168.164.238:44441] returns group-8F9763E920B0:java.util.concurrent.CompletableFuture@2e575237[Not completed]
2019-09-26 13:32:03,290 [pool-247-thread-1] INFO  impl.RaftServerImpl (RaftServerImpl.java:<init>(95)) - e16dff8c-a16b-40c6-b6a2-90a35c3deb9f: new RaftServerImpl for group-8F9763E920B0:[e16dff8c-a16b-40c6-b6a2-90a35c3deb9f:192.168.164.238:44441] with ContainerStateMachine:uninitialized
2019-09-26 13:32:03,290 [pool-247-thread-1] INFO  server.RaftServerConfigKeys (ConfUtils.java:logGet(43)) - raft.server.rpc.timeout.min = 5s (custom)
2019-09-26 13:32:03,290 [pool-247-thread-1] INFO  server.RaftServerConfigKeys (ConfUtils.java:logGet(43)) - raft.server.rpc.timeout.max = 5200ms (custom)
2019-09-26 13:32:03,290 [pool-247-thread-1] INFO  server.RaftServerConfigKeys (ConfUtils.java:logGet(43)) - raft.server.rpcslowness.timeout = 120s (custom)
2019-09-26 13:32:03,290 [pool-247-thread-1] INFO  server.RaftServerConfigKeys (ConfUtils.java:logGet(43)) - raft.server.sleep.deviation.threshold = 300 (default)
2019-09-26 13:32:03,290 [pool-247-thread-1] INFO  server.RaftServerConfigKeys (ConfUtils.java:logGet(43)) - raft.server.log.appender.install.snapshot.enabled = false (custom)
2019-09-26 13:32:03,290 [pool-247-thread-1] INFO  impl.RaftServerImpl (ServerState.java:<init>(103)) - e16dff8c-a16b-40c6-b6a2-90a35c3deb9f@group-8F9763E920B0: ConfigurationManager, init=-1: [e16dff8c-a16b-40c6-b6a2-90a35c3deb9f:192.168.164.238:44441], old=null, confs=<EMPTY_MAP>
2019-09-26 13:32:03,291 [pool-247-thread-1] INFO  server.RaftServerConfigKeys (ConfUtils.java:logGet(43)) - raft.server.storage.dir = [/workdir/hadoop-ozone/ozonefs/target/test-dir/MiniOzoneClusterImpl-f978b247-e176-4f00-b4b9-b4bec99d4730/datanode-2/data/ratis] (custom)
2019-09-26 13:32:03,291 [pool-247-thread-1] INFO  storage.RaftStorageDirectory (RaftStorageDirectory.java:analyzeStorage(246)) - The storage directory /workdir/hadoop-ozone/ozonefs/target/test-dir/MiniOzoneClusterImpl-f978b247-e176-4f00-b4b9-b4bec99d4730/datanode-2/data/ratis/f5844f80-e218-4617-bc9b-8f9763e920b0 does not exist. Creating ...
2019-09-26 13:32:03,303 [pool-247-thread-1] INFO  storage.RaftStorageDirectory (RaftStorageDirectory.java:tryLock(328)) - Lock on /workdir/hadoop-ozone/ozonefs/target/test-dir/MiniOzoneClusterImpl-f978b247-e176-4f00-b4b9-b4bec99d4730/datanode-2/data/ratis/f5844f80-e218-4617-bc9b-8f9763e920b0/in_use.lock acquired by nodename 10147@pr-hdds-1569-87zkn-1081879488
2019-09-26 13:32:03,316 [pool-247-thread-1] INFO  storage.RaftStorage (RaftStorage.java:format(72)) - Storage directory /workdir/hadoop-ozone/ozonefs/target/test-dir/MiniOzoneClusterImpl-f978b247-e176-4f00-b4b9-b4bec99d4730/datanode-2/data/ratis/f5844f80-e218-4617-bc9b-8f9763e920b0 has been successfully formatted.
2019-09-26 13:32:03,316 [pool-247-thread-1] INFO  ratis.ContainerStateMachine (ContainerStateMachine.java:loadSnapshot(230)) - group-8F9763E920B0: The snapshot info is null. Setting the last applied indexto:(t:0, i:~)
2019-09-26 13:32:03,316 [pool-247-thread-1] INFO  server.RaftServerConfigKeys (ConfUtils.java:logGet(43)) - raft.server.notification.no-leader.timeout = 120s (custom)
2019-09-26 13:32:03,316 [pool-247-thread-1] INFO  server.RaftServerConfigKeys (ConfUtils.java:logGet(43)) - raft.server.log.use.memory = false (default)
2019-09-26 13:32:03,316 [pool-247-thread-1] INFO  server.RaftServerConfigKeys (ConfUtils.java:logGet(43)) - raft.server.log.purge.gap = 1000000 (custom)
2019-09-26 13:32:03,316 [pool-247-thread-1] INFO  server.RaftServerConfigKeys (ConfUtils.java:logGet(43)) - raft.server.log.appender.buffer.byte-limit = 33554432 (custom)
2019-09-26 13:32:03,317 [pool-247-thread-1] INFO  server.RaftServerConfigKeys (ConfUtils.java:logGet(43)) - raft.server.log.segment.size.max = 1048576 (custom)
2019-09-26 13:32:03,317 [pool-247-thread-1] INFO  server.RaftServerConfigKeys (ConfUtils.java:logGet(43)) - raft.server.log.segment.cache.num.max = 2 (custom)
2019-09-26 13:32:03,317 [pool-247-thread-1] INFO  segmented.SegmentedRaftLogWorker (SegmentedRaftLogWorker.java:<init>(172)) - new e16dff8c-a16b-40c6-b6a2-90a35c3deb9f@group-8F9763E920B0-SegmentedRaftLogWorker for RaftStorage:Storage Directory /workdir/hadoop-ozone/ozonefs/target/test-dir/MiniOzoneClusterImpl-f978b247-e176-4f00-b4b9-b4bec99d4730/datanode-2/data/ratis/f5844f80-e218-4617-bc9b-8f9763e920b0
2019-09-26 13:32:03,317 [pool-247-thread-1] INFO  server.RaftServerConfigKeys (ConfUtils.java:logGet(43)) - raft.server.log.queue.byte-limit = 2147483647 (custom)
2019-09-26 13:32:03,317 [pool-247-thread-1] INFO  server.RaftServerConfigKeys (ConfUtils.java:logGet(43)) - raft.server.log.queue.element-limit = 1024 (custom)
2019-09-26 13:32:03,317 [pool-247-thread-1] INFO  server.RaftServerConfigKeys (ConfUtils.java:logGet(43)) - raft.server.log.segment.size.max = 1048576 (custom)
2019-09-26 13:32:03,317 [pool-247-thread-1] INFO  server.RaftServerConfigKeys (ConfUtils.java:logGet(43)) - raft.server.log.preallocated.size = 16384 (custom)
2019-09-26 13:32:03,318 [pool-247-thread-1] INFO  server.RaftServerConfigKeys (ConfUtils.java:logGet(43)) - raft.server.log.write.buffer.size = 33554432 (custom)
2019-09-26 13:32:03,318 [pool-247-thread-1] INFO  server.RaftServerConfigKeys (ConfUtils.java:logGet(43)) - raft.server.log.force.sync.num = 128 (default)
2019-09-26 13:32:03,318 [pool-247-thread-1] INFO  server.RaftServerConfigKeys (ConfUtils.java:logGet(43)) - raft.server.log.statemachine.data.sync = true (default)
2019-09-26 13:32:03,318 [pool-247-thread-1] INFO  server.RaftServerConfigKeys (ConfUtils.java:logGet(43)) - raft.server.log.statemachine.data.sync.timeout = 10s (default)
2019-09-26 13:32:03,318 [pool-247-thread-1] INFO  server.RaftServerConfigKeys (ConfUtils.java:logGet(43)) - raft.server.log.statemachine.data.sync.timeout.retry = -1 (default)
2019-09-26 13:32:03,318 [pool-247-thread-1] INFO  server.RaftServerConfigKeys (ConfUtils.java:logGet(43)) - raft.server.log.statemachine.data.caching.enabled = true (custom)
2019-09-26 13:32:03,318 [pool-247-thread-1] INFO  segmented.SegmentedRaftLogWorker (SegmentedRaftLogWorker.java:lambda$new$0(132)) - e16dff8c-a16b-40c6-b6a2-90a35c3deb9f@group-8F9763E920B0-SegmentedRaftLogWorker: flushIndex: setUnconditionally 0 -> -1
2019-09-26 13:32:03,319 [pool-247-thread-1] INFO  server.RaftServerConfigKeys (ConfUtils.java:logGet(43)) - raft.server.snapshot.auto.trigger.enabled = true (custom)
2019-09-26 13:32:03,319 [pool-247-thread-1] INFO  server.RaftServerConfigKeys (ConfUtils.java:logGet(43)) - raft.server.snapshot.auto.trigger.threshold = 10000 (custom)
2019-09-26 13:32:03,319 [pool-247-thread-1] INFO  server.RaftServerConfigKeys (ConfUtils.java:logGet(43)) - raft.server.snapshot.retention.num.files = 5 (custom)
2019-09-26 13:32:03,319 [pool-247-thread-1] INFO  server.RaftServerConfigKeys (ConfUtils.java:logGet(43)) - raft.server.retrycache.expirytime = 600000ms (custom)
2019-09-26 13:32:03,321 [pool-247-thread-1] INFO  impl.RaftServerImpl (RaftServerImpl.java:start(185)) - e16dff8c-a16b-40c6-b6a2-90a35c3deb9f@group-8F9763E920B0: start as a follower, conf=-1: [e16dff8c-a16b-40c6-b6a2-90a35c3deb9f:192.168.164.238:44441], old=null
2019-09-26 13:32:03,321 [pool-247-thread-1] INFO  impl.RaftServerImpl (RaftServerImpl.java:setRole(174)) - e16dff8c-a16b-40c6-b6a2-90a35c3deb9f@group-8F9763E920B0: changes role from      null to FOLLOWER at term 0 for startAsFollower
2019-09-26 13:32:03,321 [pool-247-thread-1] INFO  impl.RoleInfo (RoleInfo.java:updateAndGet(143)) - e16dff8c-a16b-40c6-b6a2-90a35c3deb9f: start FollowerState
2019-09-26 13:32:03,321 [pool-247-thread-1] INFO  util.JmxRegister (JmxRegister.java:tryRegister(44)) - Successfully registered JMX Bean with object name Ratis:service=RaftServer,group=group-8F9763E920B0,id=e16dff8c-a16b-40c6-b6a2-90a35c3deb9f
2019-09-26 13:32:03,324 [RatisPipelineUtilsThread] INFO  pipeline.PipelineStateManager (PipelineStateManager.java:addPipeline(56)) - Created pipeline Pipeline[ Id: f5844f80-e218-4617-bc9b-8f9763e920b0, Nodes: e16dff8c-a16b-40c6-b6a2-90a35c3deb9f{ip: 192.168.164.238, host: pr-hdds-1569-87zkn-1081879488, networkLocation: /default-rack, certSerialId: null}, Type:RATIS, Factor:ONE, State:OPEN]
2019-09-26 13:32:03,324 [RatisPipelineUtilsThread] INFO  pipeline.PipelinePlacementPolicy (PipelinePlacementPolicy.java:meetCriteria(91)) - Pipeline Placement: can't place more pipeline on heavy datanode： dacd514e-d0f2-4f80-a7b7-f5c48675eb53 Heaviness: 6 limit: 5
2019-09-26 13:32:03,329 [grpc-default-executor-0] INFO  impl.RaftServerProxy (RaftServerProxy.java:addNew(89)) - 1f806e80-696f-4e1e-8d02-ece25156c36a: addNew group-92E130E41070:[1f806e80-696f-4e1e-8d02-ece25156c36a:192.168.164.238:40523] returns group-92E130E41070:java.util.concurrent.CompletableFuture@7fca9e93[Not completed]
2019-09-26 13:32:03,330 [pool-237-thread-1] INFO  impl.RaftServerImpl (RaftServerImpl.java:<init>(95)) - 1f806e80-696f-4e1e-8d02-ece25156c36a: new RaftServerImpl for group-92E130E41070:[1f806e80-696f-4e1e-8d02-ece25156c36a:192.168.164.238:40523] with ContainerStateMachine:uninitialized
2019-09-26 13:32:03,330 [pool-237-thread-1] INFO  server.RaftServerConfigKeys (ConfUtils.java:logGet(43)) - raft.server.rpc.timeout.min = 5s (custom)
2019-09-26 13:32:03,330 [pool-237-thread-1] INFO  server.RaftServerConfigKeys (ConfUtils.java:logGet(43)) - raft.server.rpc.timeout.max = 5200ms (custom)
2019-09-26 13:32:03,330 [pool-237-thread-1] INFO  server.RaftServerConfigKeys (ConfUtils.java:logGet(43)) - raft.server.rpcslowness.timeout = 120s (custom)
2019-09-26 13:32:03,330 [pool-237-thread-1] INFO  server.RaftServerConfigKeys (ConfUtils.java:logGet(43)) - raft.server.sleep.deviation.threshold = 300 (default)
2019-09-26 13:32:03,330 [pool-237-thread-1] INFO  server.RaftServerConfigKeys (ConfUtils.java:logGet(43)) - raft.server.log.appender.install.snapshot.enabled = false (custom)
2019-09-26 13:32:03,330 [pool-237-thread-1] INFO  impl.RaftServerImpl (ServerState.java:<init>(103)) - 1f806e80-696f-4e1e-8d02-ece25156c36a@group-92E130E41070: ConfigurationManager, init=-1: [1f806e80-696f-4e1e-8d02-ece25156c36a:192.168.164.238:40523], old=null, confs=<EMPTY_MAP>
2019-09-26 13:32:03,331 [pool-237-thread-1] INFO  server.RaftServerConfigKeys (ConfUtils.java:logGet(43)) - raft.server.storage.dir = [/workdir/hadoop-ozone/ozonefs/target/test-dir/MiniOzoneClusterImpl-f978b247-e176-4f00-b4b9-b4bec99d4730/datanode-1/data/ratis] (custom)
2019-09-26 13:32:03,331 [pool-237-thread-1] INFO  storage.RaftStorageDirectory (RaftStorageDirectory.java:analyzeStorage(246)) - The storage directory /workdir/hadoop-ozone/ozonefs/target/test-dir/MiniOzoneClusterImpl-f978b247-e176-4f00-b4b9-b4bec99d4730/datanode-1/data/ratis/6ca6d4e5-f5b9-45dd-95fe-92e130e41070 does not exist. Creating ...
2019-09-26 13:32:03,343 [pool-237-thread-1] INFO  storage.RaftStorageDirectory (RaftStorageDirectory.java:tryLock(328)) - Lock on /workdir/hadoop-ozone/ozonefs/target/test-dir/MiniOzoneClusterImpl-f978b247-e176-4f00-b4b9-b4bec99d4730/datanode-1/data/ratis/6ca6d4e5-f5b9-45dd-95fe-92e130e41070/in_use.lock acquired by nodename 10147@pr-hdds-1569-87zkn-1081879488
2019-09-26 13:32:03,356 [pool-237-thread-1] INFO  storage.RaftStorage (RaftStorage.java:format(72)) - Storage directory /workdir/hadoop-ozone/ozonefs/target/test-dir/MiniOzoneClusterImpl-f978b247-e176-4f00-b4b9-b4bec99d4730/datanode-1/data/ratis/6ca6d4e5-f5b9-45dd-95fe-92e130e41070 has been successfully formatted.
2019-09-26 13:32:03,356 [pool-237-thread-1] INFO  ratis.ContainerStateMachine (ContainerStateMachine.java:loadSnapshot(230)) - group-92E130E41070: The snapshot info is null. Setting the last applied indexto:(t:0, i:~)
2019-09-26 13:32:03,357 [pool-237-thread-1] INFO  server.RaftServerConfigKeys (ConfUtils.java:logGet(43)) - raft.server.notification.no-leader.timeout = 120s (custom)
2019-09-26 13:32:03,357 [pool-237-thread-1] INFO  server.RaftServerConfigKeys (ConfUtils.java:logGet(43)) - raft.server.log.use.memory = false (default)
2019-09-26 13:32:03,357 [pool-237-thread-1] INFO  server.RaftServerConfigKeys (ConfUtils.java:logGet(43)) - raft.server.log.purge.gap = 1000000 (custom)
2019-09-26 13:32:03,357 [pool-237-thread-1] INFO  server.RaftServerConfigKeys (ConfUtils.java:logGet(43)) - raft.server.log.appender.buffer.byte-limit = 33554432 (custom)
2019-09-26 13:32:03,357 [pool-237-thread-1] INFO  server.RaftServerConfigKeys (ConfUtils.java:logGet(43)) - raft.server.log.segment.size.max = 1048576 (custom)
2019-09-26 13:32:03,357 [pool-237-thread-1] INFO  server.RaftServerConfigKeys (ConfUtils.java:logGet(43)) - raft.server.log.segment.cache.num.max = 2 (custom)
2019-09-26 13:32:03,357 [pool-237-thread-1] INFO  segmented.SegmentedRaftLogWorker (SegmentedRaftLogWorker.java:<init>(172)) - new 1f806e80-696f-4e1e-8d02-ece25156c36a@group-92E130E41070-SegmentedRaftLogWorker for RaftStorage:Storage Directory /workdir/hadoop-ozone/ozonefs/target/test-dir/MiniOzoneClusterImpl-f978b247-e176-4f00-b4b9-b4bec99d4730/datanode-1/data/ratis/6ca6d4e5-f5b9-45dd-95fe-92e130e41070
2019-09-26 13:32:03,357 [pool-237-thread-1] INFO  server.RaftServerConfigKeys (ConfUtils.java:logGet(43)) - raft.server.log.queue.byte-limit = 2147483647 (custom)
2019-09-26 13:32:03,357 [pool-237-thread-1] INFO  server.RaftServerConfigKeys (ConfUtils.java:logGet(43)) - raft.server.log.queue.element-limit = 1024 (custom)
2019-09-26 13:32:03,358 [pool-237-thread-1] INFO  server.RaftServerConfigKeys (ConfUtils.java:logGet(43)) - raft.server.log.segment.size.max = 1048576 (custom)
2019-09-26 13:32:03,358 [pool-237-thread-1] INFO  server.RaftServerConfigKeys (ConfUtils.java:logGet(43)) - raft.server.log.preallocated.size = 16384 (custom)
2019-09-26 13:32:03,358 [pool-237-thread-1] INFO  server.RaftServerConfigKeys (ConfUtils.java:logGet(43)) - raft.server.log.write.buffer.size = 33554432 (custom)
2019-09-26 13:32:03,358 [pool-237-thread-1] INFO  server.RaftServerConfigKeys (ConfUtils.java:logGet(43)) - raft.server.log.force.sync.num = 128 (default)
2019-09-26 13:32:03,358 [pool-237-thread-1] INFO  server.RaftServerConfigKeys (ConfUtils.java:logGet(43)) - raft.server.log.statemachine.data.sync = true (default)
2019-09-26 13:32:03,358 [pool-237-thread-1] INFO  server.RaftServerConfigKeys (ConfUtils.java:logGet(43)) - raft.server.log.statemachine.data.sync.timeout = 10s (default)
2019-09-26 13:32:03,358 [pool-237-thread-1] INFO  server.RaftServerConfigKeys (ConfUtils.java:logGet(43)) - raft.server.log.statemachine.data.sync.timeout.retry = -1 (default)
2019-09-26 13:32:03,358 [pool-237-thread-1] INFO  server.RaftServerConfigKeys (ConfUtils.java:logGet(43)) - raft.server.log.statemachine.data.caching.enabled = true (custom)
2019-09-26 13:32:03,358 [pool-237-thread-1] INFO  segmented.SegmentedRaftLogWorker (SegmentedRaftLogWorker.java:lambda$new$0(132)) - 1f806e80-696f-4e1e-8d02-ece25156c36a@group-92E130E41070-SegmentedRaftLogWorker: flushIndex: setUnconditionally 0 -> -1
2019-09-26 13:32:03,359 [pool-237-thread-1] INFO  server.RaftServerConfigKeys (ConfUtils.java:logGet(43)) - raft.server.snapshot.auto.trigger.enabled = true (custom)
2019-09-26 13:32:03,359 [pool-237-thread-1] INFO  server.RaftServerConfigKeys (ConfUtils.java:logGet(43)) - raft.server.snapshot.auto.trigger.threshold = 10000 (custom)
2019-09-26 13:32:03,359 [pool-237-thread-1] INFO  server.RaftServerConfigKeys (ConfUtils.java:logGet(43)) - raft.server.snapshot.retention.num.files = 5 (custom)
2019-09-26 13:32:03,359 [pool-237-thread-1] INFO  server.RaftServerConfigKeys (ConfUtils.java:logGet(43)) - raft.server.retrycache.expirytime = 600000ms (custom)
2019-09-26 13:32:03,360 [pool-237-thread-1] INFO  impl.RaftServerImpl (RaftServerImpl.java:start(185)) - 1f806e80-696f-4e1e-8d02-ece25156c36a@group-92E130E41070: start as a follower, conf=-1: [1f806e80-696f-4e1e-8d02-ece25156c36a:192.168.164.238:40523], old=null
2019-09-26 13:32:03,361 [pool-237-thread-1] INFO  impl.RaftServerImpl (RaftServerImpl.java:setRole(174)) - 1f806e80-696f-4e1e-8d02-ece25156c36a@group-92E130E41070: changes role from      null to FOLLOWER at term 0 for startAsFollower
2019-09-26 13:32:03,361 [pool-237-thread-1] INFO  impl.RoleInfo (RoleInfo.java:updateAndGet(143)) - 1f806e80-696f-4e1e-8d02-ece25156c36a: start FollowerState
2019-09-26 13:32:03,361 [pool-237-thread-1] INFO  util.JmxRegister (JmxRegister.java:tryRegister(44)) - Successfully registered JMX Bean with object name Ratis:service=RaftServer,group=group-92E130E41070,id=1f806e80-696f-4e1e-8d02-ece25156c36a
2019-09-26 13:32:03,364 [RatisPipelineUtilsThread] INFO  pipeline.PipelineStateManager (PipelineStateManager.java:addPipeline(56)) - Created pipeline Pipeline[ Id: 6ca6d4e5-f5b9-45dd-95fe-92e130e41070, Nodes: 1f806e80-696f-4e1e-8d02-ece25156c36a{ip: 192.168.164.238, host: pr-hdds-1569-87zkn-1081879488, networkLocation: /default-rack, certSerialId: null}, Type:RATIS, Factor:ONE, State:OPEN]
2019-09-26 13:32:03,364 [RatisPipelineUtilsThread] INFO  pipeline.PipelinePlacementPolicy (PipelinePlacementPolicy.java:meetCriteria(91)) - Pipeline Placement: can't place more pipeline on heavy datanode： dacd514e-d0f2-4f80-a7b7-f5c48675eb53 Heaviness: 6 limit: 5
2019-09-26 13:32:03,370 [grpc-default-executor-0] INFO  impl.RaftServerProxy (RaftServerProxy.java:addNew(89)) - 1f806e80-696f-4e1e-8d02-ece25156c36a: addNew group-C6CB94029418:[1f806e80-696f-4e1e-8d02-ece25156c36a:192.168.164.238:40523] returns group-C6CB94029418:java.util.concurrent.CompletableFuture@5a454af[Not completed]
2019-09-26 13:32:03,371 [pool-237-thread-1] INFO  impl.RaftServerImpl (RaftServerImpl.java:<init>(95)) - 1f806e80-696f-4e1e-8d02-ece25156c36a: new RaftServerImpl for group-C6CB94029418:[1f806e80-696f-4e1e-8d02-ece25156c36a:192.168.164.238:40523] with ContainerStateMachine:uninitialized
2019-09-26 13:32:03,371 [pool-237-thread-1] INFO  server.RaftServerConfigKeys (ConfUtils.java:logGet(43)) - raft.server.rpc.timeout.min = 5s (custom)
2019-09-26 13:32:03,371 [pool-237-thread-1] INFO  server.RaftServerConfigKeys (ConfUtils.java:logGet(43)) - raft.server.rpc.timeout.max = 5200ms (custom)
2019-09-26 13:32:03,371 [pool-237-thread-1] INFO  server.RaftServerConfigKeys (ConfUtils.java:logGet(43)) - raft.server.rpcslowness.timeout = 120s (custom)
2019-09-26 13:32:03,371 [pool-237-thread-1] INFO  server.RaftServerConfigKeys (ConfUtils.java:logGet(43)) - raft.server.sleep.deviation.threshold = 300 (default)
2019-09-26 13:32:03,371 [pool-237-thread-1] INFO  server.RaftServerConfigKeys (ConfUtils.java:logGet(43)) - raft.server.log.appender.install.snapshot.enabled = false (custom)
2019-09-26 13:32:03,371 [pool-237-thread-1] INFO  impl.RaftServerImpl (ServerState.java:<init>(103)) - 1f806e80-696f-4e1e-8d02-ece25156c36a@group-C6CB94029418: ConfigurationManager, init=-1: [1f806e80-696f-4e1e-8d02-ece25156c36a:192.168.164.238:40523], old=null, confs=<EMPTY_MAP>
2019-09-26 13:32:03,371 [pool-237-thread-1] INFO  server.RaftServerConfigKeys (ConfUtils.java:logGet(43)) - raft.server.storage.dir = [/workdir/hadoop-ozone/ozonefs/target/test-dir/MiniOzoneClusterImpl-f978b247-e176-4f00-b4b9-b4bec99d4730/datanode-1/data/ratis] (custom)
2019-09-26 13:32:03,372 [pool-237-thread-1] INFO  storage.RaftStorageDirectory (RaftStorageDirectory.java:analyzeStorage(246)) - The storage directory /workdir/hadoop-ozone/ozonefs/target/test-dir/MiniOzoneClusterImpl-f978b247-e176-4f00-b4b9-b4bec99d4730/datanode-1/data/ratis/e6e2849d-00b3-4c69-aa8c-c6cb94029418 does not exist. Creating ...
2019-09-26 13:32:03,384 [pool-237-thread-1] INFO  storage.RaftStorageDirectory (RaftStorageDirectory.java:tryLock(328)) - Lock on /workdir/hadoop-ozone/ozonefs/target/test-dir/MiniOzoneClusterImpl-f978b247-e176-4f00-b4b9-b4bec99d4730/datanode-1/data/ratis/e6e2849d-00b3-4c69-aa8c-c6cb94029418/in_use.lock acquired by nodename 10147@pr-hdds-1569-87zkn-1081879488
2019-09-26 13:32:03,386 [pool-237-thread-1] INFO  storage.RaftStorage (RaftStorage.java:format(72)) - Storage directory /workdir/hadoop-ozone/ozonefs/target/test-dir/MiniOzoneClusterImpl-f978b247-e176-4f00-b4b9-b4bec99d4730/datanode-1/data/ratis/e6e2849d-00b3-4c69-aa8c-c6cb94029418 has been successfully formatted.
2019-09-26 13:32:03,387 [pool-237-thread-1] INFO  ratis.ContainerStateMachine (ContainerStateMachine.java:loadSnapshot(230)) - group-C6CB94029418: The snapshot info is null. Setting the last applied indexto:(t:0, i:~)
2019-09-26 13:32:03,387 [pool-237-thread-1] INFO  server.RaftServerConfigKeys (ConfUtils.java:logGet(43)) - raft.server.notification.no-leader.timeout = 120s (custom)
2019-09-26 13:32:03,387 [pool-237-thread-1] INFO  server.RaftServerConfigKeys (ConfUtils.java:logGet(43)) - raft.server.log.use.memory = false (default)
2019-09-26 13:32:03,387 [pool-237-thread-1] INFO  server.RaftServerConfigKeys (ConfUtils.java:logGet(43)) - raft.server.log.purge.gap = 1000000 (custom)
2019-09-26 13:32:03,387 [pool-237-thread-1] INFO  server.RaftServerConfigKeys (ConfUtils.java:logGet(43)) - raft.server.log.appender.buffer.byte-limit = 33554432 (custom)
2019-09-26 13:32:03,387 [pool-237-thread-1] INFO  server.RaftServerConfigKeys (ConfUtils.java:logGet(43)) - raft.server.log.segment.size.max = 1048576 (custom)
2019-09-26 13:32:03,387 [pool-237-thread-1] INFO  server.RaftServerConfigKeys (ConfUtils.java:logGet(43)) - raft.server.log.segment.cache.num.max = 2 (custom)
2019-09-26 13:32:03,387 [pool-237-thread-1] INFO  segmented.SegmentedRaftLogWorker (SegmentedRaftLogWorker.java:<init>(172)) - new 1f806e80-696f-4e1e-8d02-ece25156c36a@group-C6CB94029418-SegmentedRaftLogWorker for RaftStorage:Storage Directory /workdir/hadoop-ozone/ozonefs/target/test-dir/MiniOzoneClusterImpl-f978b247-e176-4f00-b4b9-b4bec99d4730/datanode-1/data/ratis/e6e2849d-00b3-4c69-aa8c-c6cb94029418
2019-09-26 13:32:03,388 [pool-237-thread-1] INFO  server.RaftServerConfigKeys (ConfUtils.java:logGet(43)) - raft.server.log.queue.byte-limit = 2147483647 (custom)
2019-09-26 13:32:03,388 [pool-237-thread-1] INFO  server.RaftServerConfigKeys (ConfUtils.java:logGet(43)) - raft.server.log.queue.element-limit = 1024 (custom)
2019-09-26 13:32:03,388 [pool-237-thread-1] INFO  server.RaftServerConfigKeys (ConfUtils.java:logGet(43)) - raft.server.log.segment.size.max = 1048576 (custom)
2019-09-26 13:32:03,388 [pool-237-thread-1] INFO  server.RaftServerConfigKeys (ConfUtils.java:logGet(43)) - raft.server.log.preallocated.size = 16384 (custom)
2019-09-26 13:32:03,388 [pool-237-thread-1] INFO  server.RaftServerConfigKeys (ConfUtils.java:logGet(43)) - raft.server.log.write.buffer.size = 33554432 (custom)
2019-09-26 13:32:03,388 [pool-237-thread-1] INFO  server.RaftServerConfigKeys (ConfUtils.java:logGet(43)) - raft.server.log.force.sync.num = 128 (default)
2019-09-26 13:32:03,388 [pool-237-thread-1] INFO  server.RaftServerConfigKeys (ConfUtils.java:logGet(43)) - raft.server.log.statemachine.data.sync = true (default)
2019-09-26 13:32:03,388 [pool-237-thread-1] INFO  server.RaftServerConfigKeys (ConfUtils.java:logGet(43)) - raft.server.log.statemachine.data.sync.timeout = 10s (default)
2019-09-26 13:32:03,388 [pool-237-thread-1] INFO  server.RaftServerConfigKeys (ConfUtils.java:logGet(43)) - raft.server.log.statemachine.data.sync.timeout.retry = -1 (default)
2019-09-26 13:32:03,388 [pool-237-thread-1] INFO  server.RaftServerConfigKeys (ConfUtils.java:logGet(43)) - raft.server.log.statemachine.data.caching.enabled = true (custom)
2019-09-26 13:32:03,389 [pool-237-thread-1] INFO  segmented.SegmentedRaftLogWorker (SegmentedRaftLogWorker.java:lambda$new$0(132)) - 1f806e80-696f-4e1e-8d02-ece25156c36a@group-C6CB94029418-SegmentedRaftLogWorker: flushIndex: setUnconditionally 0 -> -1
2019-09-26 13:32:03,389 [pool-237-thread-1] INFO  server.RaftServerConfigKeys (ConfUtils.java:logGet(43)) - raft.server.snapshot.auto.trigger.enabled = true (custom)
2019-09-26 13:32:03,389 [pool-237-thread-1] INFO  server.RaftServerConfigKeys (ConfUtils.java:logGet(43)) - raft.server.snapshot.auto.trigger.threshold = 10000 (custom)
2019-09-26 13:32:03,389 [pool-237-thread-1] INFO  server.RaftServerConfigKeys (ConfUtils.java:logGet(43)) - raft.server.snapshot.retention.num.files = 5 (custom)
2019-09-26 13:32:03,389 [pool-237-thread-1] INFO  server.RaftServerConfigKeys (ConfUtils.java:logGet(43)) - raft.server.retrycache.expirytime = 600000ms (custom)
2019-09-26 13:32:03,391 [pool-237-thread-1] INFO  impl.RaftServerImpl (RaftServerImpl.java:start(185)) - 1f806e80-696f-4e1e-8d02-ece25156c36a@group-C6CB94029418: start as a follower, conf=-1: [1f806e80-696f-4e1e-8d02-ece25156c36a:192.168.164.238:40523], old=null
2019-09-26 13:32:03,391 [pool-237-thread-1] INFO  impl.RaftServerImpl (RaftServerImpl.java:setRole(174)) - 1f806e80-696f-4e1e-8d02-ece25156c36a@group-C6CB94029418: changes role from      null to FOLLOWER at term 0 for startAsFollower
2019-09-26 13:32:03,391 [pool-237-thread-1] INFO  impl.RoleInfo (RoleInfo.java:updateAndGet(143)) - 1f806e80-696f-4e1e-8d02-ece25156c36a: start FollowerState
2019-09-26 13:32:03,391 [pool-237-thread-1] INFO  util.JmxRegister (JmxRegister.java:tryRegister(44)) - Successfully registered JMX Bean with object name Ratis:service=RaftServer,group=group-C6CB94029418,id=1f806e80-696f-4e1e-8d02-ece25156c36a
2019-09-26 13:32:03,394 [RatisPipelineUtilsThread] INFO  pipeline.PipelineStateManager (PipelineStateManager.java:addPipeline(56)) - Created pipeline Pipeline[ Id: e6e2849d-00b3-4c69-aa8c-c6cb94029418, Nodes: 1f806e80-696f-4e1e-8d02-ece25156c36a{ip: 192.168.164.238, host: pr-hdds-1569-87zkn-1081879488, networkLocation: /default-rack, certSerialId: null}, Type:RATIS, Factor:ONE, State:OPEN]
2019-09-26 13:32:03,394 [RatisPipelineUtilsThread] INFO  pipeline.PipelinePlacementPolicy (PipelinePlacementPolicy.java:meetCriteria(91)) - Pipeline Placement: can't place more pipeline on heavy datanode： dacd514e-d0f2-4f80-a7b7-f5c48675eb53 Heaviness: 6 limit: 5
2019-09-26 13:32:03,400 [grpc-default-executor-0] INFO  impl.RaftServerProxy (RaftServerProxy.java:addNew(89)) - 1f806e80-696f-4e1e-8d02-ece25156c36a: addNew group-FEAEE19E6028:[1f806e80-696f-4e1e-8d02-ece25156c36a:192.168.164.238:40523] returns group-FEAEE19E6028:java.util.concurrent.CompletableFuture@34b0117f[Not completed]
2019-09-26 13:32:03,402 [pool-237-thread-1] INFO  impl.RaftServerImpl (RaftServerImpl.java:<init>(95)) - 1f806e80-696f-4e1e-8d02-ece25156c36a: new RaftServerImpl for group-FEAEE19E6028:[1f806e80-696f-4e1e-8d02-ece25156c36a:192.168.164.238:40523] with ContainerStateMachine:uninitialized
2019-09-26 13:32:03,402 [pool-237-thread-1] INFO  server.RaftServerConfigKeys (ConfUtils.java:logGet(43)) - raft.server.rpc.timeout.min = 5s (custom)
2019-09-26 13:32:03,403 [pool-237-thread-1] INFO  server.RaftServerConfigKeys (ConfUtils.java:logGet(43)) - raft.server.rpc.timeout.max = 5200ms (custom)
2019-09-26 13:32:03,403 [pool-237-thread-1] INFO  server.RaftServerConfigKeys (ConfUtils.java:logGet(43)) - raft.server.rpcslowness.timeout = 120s (custom)
2019-09-26 13:32:03,403 [pool-237-thread-1] INFO  server.RaftServerConfigKeys (ConfUtils.java:logGet(43)) - raft.server.sleep.deviation.threshold = 300 (default)
2019-09-26 13:32:03,403 [pool-237-thread-1] INFO  server.RaftServerConfigKeys (ConfUtils.java:logGet(43)) - raft.server.log.appender.install.snapshot.enabled = false (custom)
2019-09-26 13:32:03,403 [pool-237-thread-1] INFO  impl.RaftServerImpl (ServerState.java:<init>(103)) - 1f806e80-696f-4e1e-8d02-ece25156c36a@group-FEAEE19E6028: ConfigurationManager, init=-1: [1f806e80-696f-4e1e-8d02-ece25156c36a:192.168.164.238:40523], old=null, confs=<EMPTY_MAP>
2019-09-26 13:32:03,403 [pool-237-thread-1] INFO  server.RaftServerConfigKeys (ConfUtils.java:logGet(43)) - raft.server.storage.dir = [/workdir/hadoop-ozone/ozonefs/target/test-dir/MiniOzoneClusterImpl-f978b247-e176-4f00-b4b9-b4bec99d4730/datanode-1/data/ratis] (custom)
2019-09-26 13:32:03,404 [pool-237-thread-1] INFO  storage.RaftStorageDirectory (RaftStorageDirectory.java:analyzeStorage(246)) - The storage directory /workdir/hadoop-ozone/ozonefs/target/test-dir/MiniOzoneClusterImpl-f978b247-e176-4f00-b4b9-b4bec99d4730/datanode-1/data/ratis/2670bd13-1945-4afd-a9ae-feaee19e6028 does not exist. Creating ...
2019-09-26 13:32:03,406 [pool-237-thread-1] INFO  storage.RaftStorageDirectory (RaftStorageDirectory.java:tryLock(328)) - Lock on /workdir/hadoop-ozone/ozonefs/target/test-dir/MiniOzoneClusterImpl-f978b247-e176-4f00-b4b9-b4bec99d4730/datanode-1/data/ratis/2670bd13-1945-4afd-a9ae-feaee19e6028/in_use.lock acquired by nodename 10147@pr-hdds-1569-87zkn-1081879488
2019-09-26 13:32:03,442 [pool-237-thread-1] INFO  storage.RaftStorage (RaftStorage.java:format(72)) - Storage directory /workdir/hadoop-ozone/ozonefs/target/test-dir/MiniOzoneClusterImpl-f978b247-e176-4f00-b4b9-b4bec99d4730/datanode-1/data/ratis/2670bd13-1945-4afd-a9ae-feaee19e6028 has been successfully formatted.
2019-09-26 13:32:03,443 [pool-237-thread-1] INFO  ratis.ContainerStateMachine (ContainerStateMachine.java:loadSnapshot(230)) - group-FEAEE19E6028: The snapshot info is null. Setting the last applied indexto:(t:0, i:~)
2019-09-26 13:32:03,443 [pool-237-thread-1] INFO  server.RaftServerConfigKeys (ConfUtils.java:logGet(43)) - raft.server.notification.no-leader.timeout = 120s (custom)
2019-09-26 13:32:03,443 [pool-237-thread-1] INFO  server.RaftServerConfigKeys (ConfUtils.java:logGet(43)) - raft.server.log.use.memory = false (default)
2019-09-26 13:32:03,443 [pool-237-thread-1] INFO  server.RaftServerConfigKeys (ConfUtils.java:logGet(43)) - raft.server.log.purge.gap = 1000000 (custom)
2019-09-26 13:32:03,443 [pool-237-thread-1] INFO  server.RaftServerConfigKeys (ConfUtils.java:logGet(43)) - raft.server.log.appender.buffer.byte-limit = 33554432 (custom)
2019-09-26 13:32:03,443 [pool-237-thread-1] INFO  server.RaftServerConfigKeys (ConfUtils.java:logGet(43)) - raft.server.log.segment.size.max = 1048576 (custom)
2019-09-26 13:32:03,443 [pool-237-thread-1] INFO  server.RaftServerConfigKeys (ConfUtils.java:logGet(43)) - raft.server.log.segment.cache.num.max = 2 (custom)
2019-09-26 13:32:03,444 [pool-237-thread-1] INFO  segmented.SegmentedRaftLogWorker (SegmentedRaftLogWorker.java:<init>(172)) - new 1f806e80-696f-4e1e-8d02-ece25156c36a@group-FEAEE19E6028-SegmentedRaftLogWorker for RaftStorage:Storage Directory /workdir/hadoop-ozone/ozonefs/target/test-dir/MiniOzoneClusterImpl-f978b247-e176-4f00-b4b9-b4bec99d4730/datanode-1/data/ratis/2670bd13-1945-4afd-a9ae-feaee19e6028
2019-09-26 13:32:03,444 [pool-237-thread-1] INFO  server.RaftServerConfigKeys (ConfUtils.java:logGet(43)) - raft.server.log.queue.byte-limit = 2147483647 (custom)
2019-09-26 13:32:03,444 [pool-237-thread-1] INFO  server.RaftServerConfigKeys (ConfUtils.java:logGet(43)) - raft.server.log.queue.element-limit = 1024 (custom)
2019-09-26 13:32:03,444 [pool-237-thread-1] INFO  server.RaftServerConfigKeys (ConfUtils.java:logGet(43)) - raft.server.log.segment.size.max = 1048576 (custom)
2019-09-26 13:32:03,444 [pool-237-thread-1] INFO  server.RaftServerConfigKeys (ConfUtils.java:logGet(43)) - raft.server.log.preallocated.size = 16384 (custom)
2019-09-26 13:32:03,444 [pool-237-thread-1] INFO  server.RaftServerConfigKeys (ConfUtils.java:logGet(43)) - raft.server.log.write.buffer.size = 33554432 (custom)
2019-09-26 13:32:03,444 [pool-237-thread-1] INFO  server.RaftServerConfigKeys (ConfUtils.java:logGet(43)) - raft.server.log.force.sync.num = 128 (default)
2019-09-26 13:32:03,444 [pool-237-thread-1] INFO  server.RaftServerConfigKeys (ConfUtils.java:logGet(43)) - raft.server.log.statemachine.data.sync = true (default)
2019-09-26 13:32:03,445 [pool-237-thread-1] INFO  server.RaftServerConfigKeys (ConfUtils.java:logGet(43)) - raft.server.log.statemachine.data.sync.timeout = 10s (default)
2019-09-26 13:32:03,445 [pool-237-thread-1] INFO  server.RaftServerConfigKeys (ConfUtils.java:logGet(43)) - raft.server.log.statemachine.data.sync.timeout.retry = -1 (default)
2019-09-26 13:32:03,445 [pool-237-thread-1] INFO  server.RaftServerConfigKeys (ConfUtils.java:logGet(43)) - raft.server.log.statemachine.data.caching.enabled = true (custom)
2019-09-26 13:32:03,445 [pool-237-thread-1] INFO  segmented.SegmentedRaftLogWorker (SegmentedRaftLogWorker.java:lambda$new$0(132)) - 1f806e80-696f-4e1e-8d02-ece25156c36a@group-FEAEE19E6028-SegmentedRaftLogWorker: flushIndex: setUnconditionally 0 -> -1
2019-09-26 13:32:03,446 [pool-237-thread-1] INFO  server.RaftServerConfigKeys (ConfUtils.java:logGet(43)) - raft.server.snapshot.auto.trigger.enabled = true (custom)
2019-09-26 13:32:03,446 [pool-237-thread-1] INFO  server.RaftServerConfigKeys (ConfUtils.java:logGet(43)) - raft.server.snapshot.auto.trigger.threshold = 10000 (custom)
2019-09-26 13:32:03,446 [pool-237-thread-1] INFO  server.RaftServerConfigKeys (ConfUtils.java:logGet(43)) - raft.server.snapshot.retention.num.files = 5 (custom)
2019-09-26 13:32:03,446 [pool-237-thread-1] INFO  server.RaftServerConfigKeys (ConfUtils.java:logGet(43)) - raft.server.retrycache.expirytime = 600000ms (custom)
2019-09-26 13:32:03,448 [pool-237-thread-1] INFO  impl.RaftServerImpl (RaftServerImpl.java:start(185)) - 1f806e80-696f-4e1e-8d02-ece25156c36a@group-FEAEE19E6028: start as a follower, conf=-1: [1f806e80-696f-4e1e-8d02-ece25156c36a:192.168.164.238:40523], old=null
2019-09-26 13:32:03,448 [pool-237-thread-1] INFO  impl.RaftServerImpl (RaftServerImpl.java:setRole(174)) - 1f806e80-696f-4e1e-8d02-ece25156c36a@group-FEAEE19E6028: changes role from      null to FOLLOWER at term 0 for startAsFollower
2019-09-26 13:32:03,448 [pool-237-thread-1] INFO  impl.RoleInfo (RoleInfo.java:updateAndGet(143)) - 1f806e80-696f-4e1e-8d02-ece25156c36a: start FollowerState
2019-09-26 13:32:03,448 [pool-237-thread-1] INFO  util.JmxRegister (JmxRegister.java:tryRegister(44)) - Successfully registered JMX Bean with object name Ratis:service=RaftServer,group=group-FEAEE19E6028,id=1f806e80-696f-4e1e-8d02-ece25156c36a
2019-09-26 13:32:03,452 [RatisPipelineUtilsThread] INFO  pipeline.PipelineStateManager (PipelineStateManager.java:addPipeline(56)) - Created pipeline Pipeline[ Id: 2670bd13-1945-4afd-a9ae-feaee19e6028, Nodes: 1f806e80-696f-4e1e-8d02-ece25156c36a{ip: 192.168.164.238, host: pr-hdds-1569-87zkn-1081879488, networkLocation: /default-rack, certSerialId: null}, Type:RATIS, Factor:ONE, State:OPEN]
2019-09-26 13:32:03,452 [RatisPipelineUtilsThread] INFO  pipeline.PipelinePlacementPolicy (PipelinePlacementPolicy.java:meetCriteria(91)) - Pipeline Placement: can't place more pipeline on heavy datanode： dacd514e-d0f2-4f80-a7b7-f5c48675eb53 Heaviness: 6 limit: 5
2019-09-26 13:32:03,459 [grpc-default-executor-0] INFO  impl.RaftServerProxy (RaftServerProxy.java:addNew(89)) - 1f806e80-696f-4e1e-8d02-ece25156c36a: addNew group-C27D012E2712:[1f806e80-696f-4e1e-8d02-ece25156c36a:192.168.164.238:40523] returns group-C27D012E2712:java.util.concurrent.CompletableFuture@319016fa[Not completed]
2019-09-26 13:32:03,460 [pool-237-thread-1] INFO  impl.RaftServerImpl (RaftServerImpl.java:<init>(95)) - 1f806e80-696f-4e1e-8d02-ece25156c36a: new RaftServerImpl for group-C27D012E2712:[1f806e80-696f-4e1e-8d02-ece25156c36a:192.168.164.238:40523] with ContainerStateMachine:uninitialized
2019-09-26 13:32:03,460 [pool-237-thread-1] INFO  server.RaftServerConfigKeys (ConfUtils.java:logGet(43)) - raft.server.rpc.timeout.min = 5s (custom)
2019-09-26 13:32:03,460 [pool-237-thread-1] INFO  server.RaftServerConfigKeys (ConfUtils.java:logGet(43)) - raft.server.rpc.timeout.max = 5200ms (custom)
2019-09-26 13:32:03,460 [pool-237-thread-1] INFO  server.RaftServerConfigKeys (ConfUtils.java:logGet(43)) - raft.server.rpcslowness.timeout = 120s (custom)
2019-09-26 13:32:03,460 [pool-237-thread-1] INFO  server.RaftServerConfigKeys (ConfUtils.java:logGet(43)) - raft.server.sleep.deviation.threshold = 300 (default)
2019-09-26 13:32:03,461 [pool-237-thread-1] INFO  server.RaftServerConfigKeys (ConfUtils.java:logGet(43)) - raft.server.log.appender.install.snapshot.enabled = false (custom)
2019-09-26 13:32:03,461 [pool-237-thread-1] INFO  impl.RaftServerImpl (ServerState.java:<init>(103)) - 1f806e80-696f-4e1e-8d02-ece25156c36a@group-C27D012E2712: ConfigurationManager, init=-1: [1f806e80-696f-4e1e-8d02-ece25156c36a:192.168.164.238:40523], old=null, confs=<EMPTY_MAP>
2019-09-26 13:32:03,461 [pool-237-thread-1] INFO  server.RaftServerConfigKeys (ConfUtils.java:logGet(43)) - raft.server.storage.dir = [/workdir/hadoop-ozone/ozonefs/target/test-dir/MiniOzoneClusterImpl-f978b247-e176-4f00-b4b9-b4bec99d4730/datanode-1/data/ratis] (custom)
2019-09-26 13:32:03,461 [pool-237-thread-1] INFO  storage.RaftStorageDirectory (RaftStorageDirectory.java:analyzeStorage(246)) - The storage directory /workdir/hadoop-ozone/ozonefs/target/test-dir/MiniOzoneClusterImpl-f978b247-e176-4f00-b4b9-b4bec99d4730/datanode-1/data/ratis/100f6fa2-d8e8-41e9-80c8-c27d012e2712 does not exist. Creating ...
2019-09-26 13:32:03,486 [pool-237-thread-1] INFO  storage.RaftStorageDirectory (RaftStorageDirectory.java:tryLock(328)) - Lock on /workdir/hadoop-ozone/ozonefs/target/test-dir/MiniOzoneClusterImpl-f978b247-e176-4f00-b4b9-b4bec99d4730/datanode-1/data/ratis/100f6fa2-d8e8-41e9-80c8-c27d012e2712/in_use.lock acquired by nodename 10147@pr-hdds-1569-87zkn-1081879488
2019-09-26 13:32:03,499 [pool-237-thread-1] INFO  storage.RaftStorage (RaftStorage.java:format(72)) - Storage directory /workdir/hadoop-ozone/ozonefs/target/test-dir/MiniOzoneClusterImpl-f978b247-e176-4f00-b4b9-b4bec99d4730/datanode-1/data/ratis/100f6fa2-d8e8-41e9-80c8-c27d012e2712 has been successfully formatted.
2019-09-26 13:32:03,500 [pool-237-thread-1] INFO  ratis.ContainerStateMachine (ContainerStateMachine.java:loadSnapshot(230)) - group-C27D012E2712: The snapshot info is null. Setting the last applied indexto:(t:0, i:~)
2019-09-26 13:32:03,500 [pool-237-thread-1] INFO  server.RaftServerConfigKeys (ConfUtils.java:logGet(43)) - raft.server.notification.no-leader.timeout = 120s (custom)
2019-09-26 13:32:03,500 [pool-237-thread-1] INFO  server.RaftServerConfigKeys (ConfUtils.java:logGet(43)) - raft.server.log.use.memory = false (default)
2019-09-26 13:32:03,500 [pool-237-thread-1] INFO  server.RaftServerConfigKeys (ConfUtils.java:logGet(43)) - raft.server.log.purge.gap = 1000000 (custom)
2019-09-26 13:32:03,500 [pool-237-thread-1] INFO  server.RaftServerConfigKeys (ConfUtils.java:logGet(43)) - raft.server.log.appender.buffer.byte-limit = 33554432 (custom)
2019-09-26 13:32:03,501 [pool-237-thread-1] INFO  server.RaftServerConfigKeys (ConfUtils.java:logGet(43)) - raft.server.log.segment.size.max = 1048576 (custom)
2019-09-26 13:32:03,501 [pool-237-thread-1] INFO  server.RaftServerConfigKeys (ConfUtils.java:logGet(43)) - raft.server.log.segment.cache.num.max = 2 (custom)
2019-09-26 13:32:03,501 [pool-237-thread-1] INFO  segmented.SegmentedRaftLogWorker (SegmentedRaftLogWorker.java:<init>(172)) - new 1f806e80-696f-4e1e-8d02-ece25156c36a@group-C27D012E2712-SegmentedRaftLogWorker for RaftStorage:Storage Directory /workdir/hadoop-ozone/ozonefs/target/test-dir/MiniOzoneClusterImpl-f978b247-e176-4f00-b4b9-b4bec99d4730/datanode-1/data/ratis/100f6fa2-d8e8-41e9-80c8-c27d012e2712
2019-09-26 13:32:03,501 [pool-237-thread-1] INFO  server.RaftServerConfigKeys (ConfUtils.java:logGet(43)) - raft.server.log.queue.byte-limit = 2147483647 (custom)
2019-09-26 13:32:03,501 [pool-237-thread-1] INFO  server.RaftServerConfigKeys (ConfUtils.java:logGet(43)) - raft.server.log.queue.element-limit = 1024 (custom)
2019-09-26 13:32:03,501 [pool-237-thread-1] INFO  server.RaftServerConfigKeys (ConfUtils.java:logGet(43)) - raft.server.log.segment.size.max = 1048576 (custom)
2019-09-26 13:32:03,501 [pool-237-thread-1] INFO  server.RaftServerConfigKeys (ConfUtils.java:logGet(43)) - raft.server.log.preallocated.size = 16384 (custom)
2019-09-26 13:32:03,502 [pool-237-thread-1] INFO  server.RaftServerConfigKeys (ConfUtils.java:logGet(43)) - raft.server.log.write.buffer.size = 33554432 (custom)
2019-09-26 13:32:03,502 [pool-237-thread-1] INFO  server.RaftServerConfigKeys (ConfUtils.java:logGet(43)) - raft.server.log.force.sync.num = 128 (default)
2019-09-26 13:32:03,502 [pool-237-thread-1] INFO  server.RaftServerConfigKeys (ConfUtils.java:logGet(43)) - raft.server.log.statemachine.data.sync = true (default)
2019-09-26 13:32:03,502 [pool-237-thread-1] INFO  server.RaftServerConfigKeys (ConfUtils.java:logGet(43)) - raft.server.log.statemachine.data.sync.timeout = 10s (default)
2019-09-26 13:32:03,502 [pool-237-thread-1] INFO  server.RaftServerConfigKeys (ConfUtils.java:logGet(43)) - raft.server.log.statemachine.data.sync.timeout.retry = -1 (default)
2019-09-26 13:32:03,502 [pool-237-thread-1] INFO  server.RaftServerConfigKeys (ConfUtils.java:logGet(43)) - raft.server.log.statemachine.data.caching.enabled = true (custom)
2019-09-26 13:32:03,503 [pool-237-thread-1] INFO  segmented.SegmentedRaftLogWorker (SegmentedRaftLogWorker.java:lambda$new$0(132)) - 1f806e80-696f-4e1e-8d02-ece25156c36a@group-C27D012E2712-SegmentedRaftLogWorker: flushIndex: setUnconditionally 0 -> -1
2019-09-26 13:32:03,503 [pool-237-thread-1] INFO  server.RaftServerConfigKeys (ConfUtils.java:logGet(43)) - raft.server.snapshot.auto.trigger.enabled = true (custom)
2019-09-26 13:32:03,503 [pool-237-thread-1] INFO  server.RaftServerConfigKeys (ConfUtils.java:logGet(43)) - raft.server.snapshot.auto.trigger.threshold = 10000 (custom)
2019-09-26 13:32:03,503 [pool-237-thread-1] INFO  server.RaftServerConfigKeys (ConfUtils.java:logGet(43)) - raft.server.snapshot.retention.num.files = 5 (custom)
2019-09-26 13:32:03,503 [pool-237-thread-1] INFO  server.RaftServerConfigKeys (ConfUtils.java:logGet(43)) - raft.server.retrycache.expirytime = 600000ms (custom)
2019-09-26 13:32:03,505 [pool-237-thread-1] INFO  impl.RaftServerImpl (RaftServerImpl.java:start(185)) - 1f806e80-696f-4e1e-8d02-ece25156c36a@group-C27D012E2712: start as a follower, conf=-1: [1f806e80-696f-4e1e-8d02-ece25156c36a:192.168.164.238:40523], old=null
2019-09-26 13:32:03,505 [pool-237-thread-1] INFO  impl.RaftServerImpl (RaftServerImpl.java:setRole(174)) - 1f806e80-696f-4e1e-8d02-ece25156c36a@group-C27D012E2712: changes role from      null to FOLLOWER at term 0 for startAsFollower
2019-09-26 13:32:03,506 [pool-237-thread-1] INFO  impl.RoleInfo (RoleInfo.java:updateAndGet(143)) - 1f806e80-696f-4e1e-8d02-ece25156c36a: start FollowerState
2019-09-26 13:32:03,506 [pool-237-thread-1] INFO  util.JmxRegister (JmxRegister.java:tryRegister(44)) - Successfully registered JMX Bean with object name Ratis:service=RaftServer,group=group-C27D012E2712,id=1f806e80-696f-4e1e-8d02-ece25156c36a
2019-09-26 13:32:03,509 [RatisPipelineUtilsThread] INFO  pipeline.PipelineStateManager (PipelineStateManager.java:addPipeline(56)) - Created pipeline Pipeline[ Id: 100f6fa2-d8e8-41e9-80c8-c27d012e2712, Nodes: 1f806e80-696f-4e1e-8d02-ece25156c36a{ip: 192.168.164.238, host: pr-hdds-1569-87zkn-1081879488, networkLocation: /default-rack, certSerialId: null}, Type:RATIS, Factor:ONE, State:OPEN]
2019-09-26 13:32:03,510 [RatisPipelineUtilsThread] INFO  pipeline.PipelinePlacementPolicy (PipelinePlacementPolicy.java:meetCriteria(91)) - Pipeline Placement: can't place more pipeline on heavy datanode： dacd514e-d0f2-4f80-a7b7-f5c48675eb53 Heaviness: 6 limit: 5
2019-09-26 13:32:03,510 [RatisPipelineUtilsThread] INFO  pipeline.PipelinePlacementPolicy (PipelinePlacementPolicy.java:meetCriteria(91)) - Pipeline Placement: can't place more pipeline on heavy datanode： 1f806e80-696f-4e1e-8d02-ece25156c36a Heaviness: 6 limit: 5
2019-09-26 13:32:03,516 [grpc-default-executor-0] INFO  impl.RaftServerProxy (RaftServerProxy.java:addNew(89)) - e16dff8c-a16b-40c6-b6a2-90a35c3deb9f: addNew group-9AEBD61A4A2A:[e16dff8c-a16b-40c6-b6a2-90a35c3deb9f:192.168.164.238:44441] returns group-9AEBD61A4A2A:java.util.concurrent.CompletableFuture@335c6d60[Not completed]
2019-09-26 13:32:03,518 [pool-247-thread-1] INFO  impl.RaftServerImpl (RaftServerImpl.java:<init>(95)) - e16dff8c-a16b-40c6-b6a2-90a35c3deb9f: new RaftServerImpl for group-9AEBD61A4A2A:[e16dff8c-a16b-40c6-b6a2-90a35c3deb9f:192.168.164.238:44441] with ContainerStateMachine:uninitialized
2019-09-26 13:32:03,518 [pool-247-thread-1] INFO  server.RaftServerConfigKeys (ConfUtils.java:logGet(43)) - raft.server.rpc.timeout.min = 5s (custom)
2019-09-26 13:32:03,518 [pool-247-thread-1] INFO  server.RaftServerConfigKeys (ConfUtils.java:logGet(43)) - raft.server.rpc.timeout.max = 5200ms (custom)
2019-09-26 13:32:03,518 [pool-247-thread-1] INFO  server.RaftServerConfigKeys (ConfUtils.java:logGet(43)) - raft.server.rpcslowness.timeout = 120s (custom)
2019-09-26 13:32:03,518 [pool-247-thread-1] INFO  server.RaftServerConfigKeys (ConfUtils.java:logGet(43)) - raft.server.sleep.deviation.threshold = 300 (default)
2019-09-26 13:32:03,518 [pool-247-thread-1] INFO  server.RaftServerConfigKeys (ConfUtils.java:logGet(43)) - raft.server.log.appender.install.snapshot.enabled = false (custom)
2019-09-26 13:32:03,519 [pool-247-thread-1] INFO  impl.RaftServerImpl (ServerState.java:<init>(103)) - e16dff8c-a16b-40c6-b6a2-90a35c3deb9f@group-9AEBD61A4A2A: ConfigurationManager, init=-1: [e16dff8c-a16b-40c6-b6a2-90a35c3deb9f:192.168.164.238:44441], old=null, confs=<EMPTY_MAP>
2019-09-26 13:32:03,519 [pool-247-thread-1] INFO  server.RaftServerConfigKeys (ConfUtils.java:logGet(43)) - raft.server.storage.dir = [/workdir/hadoop-ozone/ozonefs/target/test-dir/MiniOzoneClusterImpl-f978b247-e176-4f00-b4b9-b4bec99d4730/datanode-2/data/ratis] (custom)
2019-09-26 13:32:03,519 [pool-247-thread-1] INFO  storage.RaftStorageDirectory (RaftStorageDirectory.java:analyzeStorage(246)) - The storage directory /workdir/hadoop-ozone/ozonefs/target/test-dir/MiniOzoneClusterImpl-f978b247-e176-4f00-b4b9-b4bec99d4730/datanode-2/data/ratis/6bd19ea5-ee27-4bd3-8e81-9aebd61a4a2a does not exist. Creating ...
2019-09-26 13:32:03,532 [pool-247-thread-1] INFO  storage.RaftStorageDirectory (RaftStorageDirectory.java:tryLock(328)) - Lock on /workdir/hadoop-ozone/ozonefs/target/test-dir/MiniOzoneClusterImpl-f978b247-e176-4f00-b4b9-b4bec99d4730/datanode-2/data/ratis/6bd19ea5-ee27-4bd3-8e81-9aebd61a4a2a/in_use.lock acquired by nodename 10147@pr-hdds-1569-87zkn-1081879488
2019-09-26 13:32:03,545 [pool-247-thread-1] INFO  storage.RaftStorage (RaftStorage.java:format(72)) - Storage directory /workdir/hadoop-ozone/ozonefs/target/test-dir/MiniOzoneClusterImpl-f978b247-e176-4f00-b4b9-b4bec99d4730/datanode-2/data/ratis/6bd19ea5-ee27-4bd3-8e81-9aebd61a4a2a has been successfully formatted.
2019-09-26 13:32:03,545 [pool-247-thread-1] INFO  ratis.ContainerStateMachine (ContainerStateMachine.java:loadSnapshot(230)) - group-9AEBD61A4A2A: The snapshot info is null. Setting the last applied indexto:(t:0, i:~)
2019-09-26 13:32:03,546 [pool-247-thread-1] INFO  server.RaftServerConfigKeys (ConfUtils.java:logGet(43)) - raft.server.notification.no-leader.timeout = 120s (custom)
2019-09-26 13:32:03,546 [pool-247-thread-1] INFO  server.RaftServerConfigKeys (ConfUtils.java:logGet(43)) - raft.server.log.use.memory = false (default)
2019-09-26 13:32:03,546 [pool-247-thread-1] INFO  server.RaftServerConfigKeys (ConfUtils.java:logGet(43)) - raft.server.log.purge.gap = 1000000 (custom)
2019-09-26 13:32:03,546 [pool-247-thread-1] INFO  server.RaftServerConfigKeys (ConfUtils.java:logGet(43)) - raft.server.log.appender.buffer.byte-limit = 33554432 (custom)
2019-09-26 13:32:03,546 [pool-247-thread-1] INFO  server.RaftServerConfigKeys (ConfUtils.java:logGet(43)) - raft.server.log.segment.size.max = 1048576 (custom)
2019-09-26 13:32:03,546 [pool-247-thread-1] INFO  server.RaftServerConfigKeys (ConfUtils.java:logGet(43)) - raft.server.log.segment.cache.num.max = 2 (custom)
2019-09-26 13:32:03,547 [pool-247-thread-1] INFO  segmented.SegmentedRaftLogWorker (SegmentedRaftLogWorker.java:<init>(172)) - new e16dff8c-a16b-40c6-b6a2-90a35c3deb9f@group-9AEBD61A4A2A-SegmentedRaftLogWorker for RaftStorage:Storage Directory /workdir/hadoop-ozone/ozonefs/target/test-dir/MiniOzoneClusterImpl-f978b247-e176-4f00-b4b9-b4bec99d4730/datanode-2/data/ratis/6bd19ea5-ee27-4bd3-8e81-9aebd61a4a2a
2019-09-26 13:32:03,547 [pool-247-thread-1] INFO  server.RaftServerConfigKeys (ConfUtils.java:logGet(43)) - raft.server.log.queue.byte-limit = 2147483647 (custom)
2019-09-26 13:32:03,547 [pool-247-thread-1] INFO  server.RaftServerConfigKeys (ConfUtils.java:logGet(43)) - raft.server.log.queue.element-limit = 1024 (custom)
2019-09-26 13:32:03,547 [pool-247-thread-1] INFO  server.RaftServerConfigKeys (ConfUtils.java:logGet(43)) - raft.server.log.segment.size.max = 1048576 (custom)
2019-09-26 13:32:03,547 [pool-247-thread-1] INFO  server.RaftServerConfigKeys (ConfUtils.java:logGet(43)) - raft.server.log.preallocated.size = 16384 (custom)
2019-09-26 13:32:03,547 [pool-247-thread-1] INFO  server.RaftServerConfigKeys (ConfUtils.java:logGet(43)) - raft.server.log.write.buffer.size = 33554432 (custom)
2019-09-26 13:32:03,548 [pool-247-thread-1] INFO  server.RaftServerConfigKeys (ConfUtils.java:logGet(43)) - raft.server.log.force.sync.num = 128 (default)
2019-09-26 13:32:03,548 [pool-247-thread-1] INFO  server.RaftServerConfigKeys (ConfUtils.java:logGet(43)) - raft.server.log.statemachine.data.sync = true (default)
2019-09-26 13:32:03,548 [pool-247-thread-1] INFO  server.RaftServerConfigKeys (ConfUtils.java:logGet(43)) - raft.server.log.statemachine.data.sync.timeout = 10s (default)
2019-09-26 13:32:03,548 [pool-247-thread-1] INFO  server.RaftServerConfigKeys (ConfUtils.java:logGet(43)) - raft.server.log.statemachine.data.sync.timeout.retry = -1 (default)
2019-09-26 13:32:03,548 [pool-247-thread-1] INFO  server.RaftServerConfigKeys (ConfUtils.java:logGet(43)) - raft.server.log.statemachine.data.caching.enabled = true (custom)
2019-09-26 13:32:03,549 [pool-247-thread-1] INFO  segmented.SegmentedRaftLogWorker (SegmentedRaftLogWorker.java:lambda$new$0(132)) - e16dff8c-a16b-40c6-b6a2-90a35c3deb9f@group-9AEBD61A4A2A-SegmentedRaftLogWorker: flushIndex: setUnconditionally 0 -> -1
2019-09-26 13:32:03,549 [pool-247-thread-1] INFO  server.RaftServerConfigKeys (ConfUtils.java:logGet(43)) - raft.server.snapshot.auto.trigger.enabled = true (custom)
2019-09-26 13:32:03,549 [pool-247-thread-1] INFO  server.RaftServerConfigKeys (ConfUtils.java:logGet(43)) - raft.server.snapshot.auto.trigger.threshold = 10000 (custom)
2019-09-26 13:32:03,549 [pool-247-thread-1] INFO  server.RaftServerConfigKeys (ConfUtils.java:logGet(43)) - raft.server.snapshot.retention.num.files = 5 (custom)
2019-09-26 13:32:03,549 [pool-247-thread-1] INFO  server.RaftServerConfigKeys (ConfUtils.java:logGet(43)) - raft.server.retrycache.expirytime = 600000ms (custom)
2019-09-26 13:32:03,551 [pool-247-thread-1] INFO  impl.RaftServerImpl (RaftServerImpl.java:start(185)) - e16dff8c-a16b-40c6-b6a2-90a35c3deb9f@group-9AEBD61A4A2A: start as a follower, conf=-1: [e16dff8c-a16b-40c6-b6a2-90a35c3deb9f:192.168.164.238:44441], old=null
2019-09-26 13:32:03,551 [pool-247-thread-1] INFO  impl.RaftServerImpl (RaftServerImpl.java:setRole(174)) - e16dff8c-a16b-40c6-b6a2-90a35c3deb9f@group-9AEBD61A4A2A: changes role from      null to FOLLOWER at term 0 for startAsFollower
2019-09-26 13:32:03,551 [pool-247-thread-1] INFO  impl.RoleInfo (RoleInfo.java:updateAndGet(143)) - e16dff8c-a16b-40c6-b6a2-90a35c3deb9f: start FollowerState
2019-09-26 13:32:03,551 [pool-247-thread-1] INFO  util.JmxRegister (JmxRegister.java:tryRegister(44)) - Successfully registered JMX Bean with object name Ratis:service=RaftServer,group=group-9AEBD61A4A2A,id=e16dff8c-a16b-40c6-b6a2-90a35c3deb9f
2019-09-26 13:32:03,554 [RatisPipelineUtilsThread] INFO  pipeline.PipelineStateManager (PipelineStateManager.java:addPipeline(56)) - Created pipeline Pipeline[ Id: 6bd19ea5-ee27-4bd3-8e81-9aebd61a4a2a, Nodes: e16dff8c-a16b-40c6-b6a2-90a35c3deb9f{ip: 192.168.164.238, host: pr-hdds-1569-87zkn-1081879488, networkLocation: /default-rack, certSerialId: null}, Type:RATIS, Factor:ONE, State:OPEN]
2019-09-26 13:32:03,554 [RatisPipelineUtilsThread] INFO  pipeline.PipelinePlacementPolicy (PipelinePlacementPolicy.java:meetCriteria(91)) - Pipeline Placement: can't place more pipeline on heavy datanode： dacd514e-d0f2-4f80-a7b7-f5c48675eb53 Heaviness: 6 limit: 5
2019-09-26 13:32:03,554 [RatisPipelineUtilsThread] INFO  pipeline.PipelinePlacementPolicy (PipelinePlacementPolicy.java:meetCriteria(91)) - Pipeline Placement: can't place more pipeline on heavy datanode： 1f806e80-696f-4e1e-8d02-ece25156c36a Heaviness: 6 limit: 5
2019-09-26 13:32:03,560 [grpc-default-executor-0] INFO  impl.RaftServerProxy (RaftServerProxy.java:addNew(89)) - e16dff8c-a16b-40c6-b6a2-90a35c3deb9f: addNew group-01551FC8C180:[e16dff8c-a16b-40c6-b6a2-90a35c3deb9f:192.168.164.238:44441] returns group-01551FC8C180:java.util.concurrent.CompletableFuture@2516a2c9[Not completed]
2019-09-26 13:32:03,560 [pool-247-thread-1] INFO  impl.RaftServerImpl (RaftServerImpl.java:<init>(95)) - e16dff8c-a16b-40c6-b6a2-90a35c3deb9f: new RaftServerImpl for group-01551FC8C180:[e16dff8c-a16b-40c6-b6a2-90a35c3deb9f:192.168.164.238:44441] with ContainerStateMachine:uninitialized
2019-09-26 13:32:03,560 [pool-247-thread-1] INFO  server.RaftServerConfigKeys (ConfUtils.java:logGet(43)) - raft.server.rpc.timeout.min = 5s (custom)
2019-09-26 13:32:03,561 [pool-247-thread-1] INFO  server.RaftServerConfigKeys (ConfUtils.java:logGet(43)) - raft.server.rpc.timeout.max = 5200ms (custom)
2019-09-26 13:32:03,561 [pool-247-thread-1] INFO  server.RaftServerConfigKeys (ConfUtils.java:logGet(43)) - raft.server.rpcslowness.timeout = 120s (custom)
2019-09-26 13:32:03,561 [pool-247-thread-1] INFO  server.RaftServerConfigKeys (ConfUtils.java:logGet(43)) - raft.server.sleep.deviation.threshold = 300 (default)
2019-09-26 13:32:03,561 [pool-247-thread-1] INFO  server.RaftServerConfigKeys (ConfUtils.java:logGet(43)) - raft.server.log.appender.install.snapshot.enabled = false (custom)
2019-09-26 13:32:03,561 [pool-247-thread-1] INFO  impl.RaftServerImpl (ServerState.java:<init>(103)) - e16dff8c-a16b-40c6-b6a2-90a35c3deb9f@group-01551FC8C180: ConfigurationManager, init=-1: [e16dff8c-a16b-40c6-b6a2-90a35c3deb9f:192.168.164.238:44441], old=null, confs=<EMPTY_MAP>
2019-09-26 13:32:03,561 [pool-247-thread-1] INFO  server.RaftServerConfigKeys (ConfUtils.java:logGet(43)) - raft.server.storage.dir = [/workdir/hadoop-ozone/ozonefs/target/test-dir/MiniOzoneClusterImpl-f978b247-e176-4f00-b4b9-b4bec99d4730/datanode-2/data/ratis] (custom)
2019-09-26 13:32:03,561 [pool-247-thread-1] INFO  storage.RaftStorageDirectory (RaftStorageDirectory.java:analyzeStorage(246)) - The storage directory /workdir/hadoop-ozone/ozonefs/target/test-dir/MiniOzoneClusterImpl-f978b247-e176-4f00-b4b9-b4bec99d4730/datanode-2/data/ratis/bf907fd3-5bde-43c2-ac92-01551fc8c180 does not exist. Creating ...
2019-09-26 13:32:03,574 [pool-247-thread-1] INFO  storage.RaftStorageDirectory (RaftStorageDirectory.java:tryLock(328)) - Lock on /workdir/hadoop-ozone/ozonefs/target/test-dir/MiniOzoneClusterImpl-f978b247-e176-4f00-b4b9-b4bec99d4730/datanode-2/data/ratis/bf907fd3-5bde-43c2-ac92-01551fc8c180/in_use.lock acquired by nodename 10147@pr-hdds-1569-87zkn-1081879488
2019-09-26 13:32:03,586 [pool-247-thread-1] INFO  storage.RaftStorage (RaftStorage.java:format(72)) - Storage directory /workdir/hadoop-ozone/ozonefs/target/test-dir/MiniOzoneClusterImpl-f978b247-e176-4f00-b4b9-b4bec99d4730/datanode-2/data/ratis/bf907fd3-5bde-43c2-ac92-01551fc8c180 has been successfully formatted.
2019-09-26 13:32:03,587 [pool-247-thread-1] INFO  ratis.ContainerStateMachine (ContainerStateMachine.java:loadSnapshot(230)) - group-01551FC8C180: The snapshot info is null. Setting the last applied indexto:(t:0, i:~)
2019-09-26 13:32:03,587 [pool-247-thread-1] INFO  server.RaftServerConfigKeys (ConfUtils.java:logGet(43)) - raft.server.notification.no-leader.timeout = 120s (custom)
2019-09-26 13:32:03,587 [pool-247-thread-1] INFO  server.RaftServerConfigKeys (ConfUtils.java:logGet(43)) - raft.server.log.use.memory = false (default)
2019-09-26 13:32:03,587 [pool-247-thread-1] INFO  server.RaftServerConfigKeys (ConfUtils.java:logGet(43)) - raft.server.log.purge.gap = 1000000 (custom)
2019-09-26 13:32:03,587 [pool-247-thread-1] INFO  server.RaftServerConfigKeys (ConfUtils.java:logGet(43)) - raft.server.log.appender.buffer.byte-limit = 33554432 (custom)
2019-09-26 13:32:03,587 [pool-247-thread-1] INFO  server.RaftServerConfigKeys (ConfUtils.java:logGet(43)) - raft.server.log.segment.size.max = 1048576 (custom)
2019-09-26 13:32:03,587 [pool-247-thread-1] INFO  server.RaftServerConfigKeys (ConfUtils.java:logGet(43)) - raft.server.log.segment.cache.num.max = 2 (custom)
2019-09-26 13:32:03,588 [pool-247-thread-1] INFO  segmented.SegmentedRaftLogWorker (SegmentedRaftLogWorker.java:<init>(172)) - new e16dff8c-a16b-40c6-b6a2-90a35c3deb9f@group-01551FC8C180-SegmentedRaftLogWorker for RaftStorage:Storage Directory /workdir/hadoop-ozone/ozonefs/target/test-dir/MiniOzoneClusterImpl-f978b247-e176-4f00-b4b9-b4bec99d4730/datanode-2/data/ratis/bf907fd3-5bde-43c2-ac92-01551fc8c180
2019-09-26 13:32:03,588 [pool-247-thread-1] INFO  server.RaftServerConfigKeys (ConfUtils.java:logGet(43)) - raft.server.log.queue.byte-limit = 2147483647 (custom)
2019-09-26 13:32:03,588 [pool-247-thread-1] INFO  server.RaftServerConfigKeys (ConfUtils.java:logGet(43)) - raft.server.log.queue.element-limit = 1024 (custom)
2019-09-26 13:32:03,588 [pool-247-thread-1] INFO  server.RaftServerConfigKeys (ConfUtils.java:logGet(43)) - raft.server.log.segment.size.max = 1048576 (custom)
2019-09-26 13:32:03,588 [pool-247-thread-1] INFO  server.RaftServerConfigKeys (ConfUtils.java:logGet(43)) - raft.server.log.preallocated.size = 16384 (custom)
2019-09-26 13:32:03,588 [pool-247-thread-1] INFO  server.RaftServerConfigKeys (ConfUtils.java:logGet(43)) - raft.server.log.write.buffer.size = 33554432 (custom)
2019-09-26 13:32:03,588 [pool-247-thread-1] INFO  server.RaftServerConfigKeys (ConfUtils.java:logGet(43)) - raft.server.log.force.sync.num = 128 (default)
2019-09-26 13:32:03,588 [pool-247-thread-1] INFO  server.RaftServerConfigKeys (ConfUtils.java:logGet(43)) - raft.server.log.statemachine.data.sync = true (default)
2019-09-26 13:32:03,588 [pool-247-thread-1] INFO  server.RaftServerConfigKeys (ConfUtils.java:logGet(43)) - raft.server.log.statemachine.data.sync.timeout = 10s (default)
2019-09-26 13:32:03,588 [pool-247-thread-1] INFO  server.RaftServerConfigKeys (ConfUtils.java:logGet(43)) - raft.server.log.statemachine.data.sync.timeout.retry = -1 (default)
2019-09-26 13:32:03,589 [pool-247-thread-1] INFO  server.RaftServerConfigKeys (ConfUtils.java:logGet(43)) - raft.server.log.statemachine.data.caching.enabled = true (custom)
2019-09-26 13:32:03,589 [pool-247-thread-1] INFO  segmented.SegmentedRaftLogWorker (SegmentedRaftLogWorker.java:lambda$new$0(132)) - e16dff8c-a16b-40c6-b6a2-90a35c3deb9f@group-01551FC8C180-SegmentedRaftLogWorker: flushIndex: setUnconditionally 0 -> -1
2019-09-26 13:32:03,589 [pool-247-thread-1] INFO  server.RaftServerConfigKeys (ConfUtils.java:logGet(43)) - raft.server.snapshot.auto.trigger.enabled = true (custom)
2019-09-26 13:32:03,589 [pool-247-thread-1] INFO  server.RaftServerConfigKeys (ConfUtils.java:logGet(43)) - raft.server.snapshot.auto.trigger.threshold = 10000 (custom)
2019-09-26 13:32:03,589 [pool-247-thread-1] INFO  server.RaftServerConfigKeys (ConfUtils.java:logGet(43)) - raft.server.snapshot.retention.num.files = 5 (custom)
2019-09-26 13:32:03,590 [pool-247-thread-1] INFO  server.RaftServerConfigKeys (ConfUtils.java:logGet(43)) - raft.server.retrycache.expirytime = 600000ms (custom)
2019-09-26 13:32:03,591 [pool-247-thread-1] INFO  impl.RaftServerImpl (RaftServerImpl.java:start(185)) - e16dff8c-a16b-40c6-b6a2-90a35c3deb9f@group-01551FC8C180: start as a follower, conf=-1: [e16dff8c-a16b-40c6-b6a2-90a35c3deb9f:192.168.164.238:44441], old=null
2019-09-26 13:32:03,591 [pool-247-thread-1] INFO  impl.RaftServerImpl (RaftServerImpl.java:setRole(174)) - e16dff8c-a16b-40c6-b6a2-90a35c3deb9f@group-01551FC8C180: changes role from      null to FOLLOWER at term 0 for startAsFollower
2019-09-26 13:32:03,591 [pool-247-thread-1] INFO  impl.RoleInfo (RoleInfo.java:updateAndGet(143)) - e16dff8c-a16b-40c6-b6a2-90a35c3deb9f: start FollowerState
2019-09-26 13:32:03,592 [pool-247-thread-1] INFO  util.JmxRegister (JmxRegister.java:tryRegister(44)) - Successfully registered JMX Bean with object name Ratis:service=RaftServer,group=group-01551FC8C180,id=e16dff8c-a16b-40c6-b6a2-90a35c3deb9f
2019-09-26 13:32:03,595 [RatisPipelineUtilsThread] INFO  pipeline.PipelineStateManager (PipelineStateManager.java:addPipeline(56)) - Created pipeline Pipeline[ Id: bf907fd3-5bde-43c2-ac92-01551fc8c180, Nodes: e16dff8c-a16b-40c6-b6a2-90a35c3deb9f{ip: 192.168.164.238, host: pr-hdds-1569-87zkn-1081879488, networkLocation: /default-rack, certSerialId: null}, Type:RATIS, Factor:ONE, State:OPEN]
2019-09-26 13:32:03,595 [RatisPipelineUtilsThread] INFO  pipeline.PipelinePlacementPolicy (PipelinePlacementPolicy.java:meetCriteria(91)) - Pipeline Placement: can't place more pipeline on heavy datanode： dacd514e-d0f2-4f80-a7b7-f5c48675eb53 Heaviness: 6 limit: 5
2019-09-26 13:32:03,596 [RatisPipelineUtilsThread] INFO  pipeline.PipelinePlacementPolicy (PipelinePlacementPolicy.java:meetCriteria(91)) - Pipeline Placement: can't place more pipeline on heavy datanode： 1f806e80-696f-4e1e-8d02-ece25156c36a Heaviness: 6 limit: 5
2019-09-26 13:32:03,601 [grpc-default-executor-0] INFO  impl.RaftServerProxy (RaftServerProxy.java:addNew(89)) - e16dff8c-a16b-40c6-b6a2-90a35c3deb9f: addNew group-4EC7548C01E3:[e16dff8c-a16b-40c6-b6a2-90a35c3deb9f:192.168.164.238:44441] returns group-4EC7548C01E3:java.util.concurrent.CompletableFuture@6fc01fc1[Not completed]
2019-09-26 13:32:03,601 [pool-247-thread-1] INFO  impl.RaftServerImpl (RaftServerImpl.java:<init>(95)) - e16dff8c-a16b-40c6-b6a2-90a35c3deb9f: new RaftServerImpl for group-4EC7548C01E3:[e16dff8c-a16b-40c6-b6a2-90a35c3deb9f:192.168.164.238:44441] with ContainerStateMachine:uninitialized
2019-09-26 13:32:03,602 [pool-247-thread-1] INFO  server.RaftServerConfigKeys (ConfUtils.java:logGet(43)) - raft.server.rpc.timeout.min = 5s (custom)
2019-09-26 13:32:03,602 [pool-247-thread-1] INFO  server.RaftServerConfigKeys (ConfUtils.java:logGet(43)) - raft.server.rpc.timeout.max = 5200ms (custom)
2019-09-26 13:32:03,602 [pool-247-thread-1] INFO  server.RaftServerConfigKeys (ConfUtils.java:logGet(43)) - raft.server.rpcslowness.timeout = 120s (custom)
2019-09-26 13:32:03,602 [pool-247-thread-1] INFO  server.RaftServerConfigKeys (ConfUtils.java:logGet(43)) - raft.server.sleep.deviation.threshold = 300 (default)
2019-09-26 13:32:03,602 [pool-247-thread-1] INFO  server.RaftServerConfigKeys (ConfUtils.java:logGet(43)) - raft.server.log.appender.install.snapshot.enabled = false (custom)
2019-09-26 13:32:03,602 [pool-247-thread-1] INFO  impl.RaftServerImpl (ServerState.java:<init>(103)) - e16dff8c-a16b-40c6-b6a2-90a35c3deb9f@group-4EC7548C01E3: ConfigurationManager, init=-1: [e16dff8c-a16b-40c6-b6a2-90a35c3deb9f:192.168.164.238:44441], old=null, confs=<EMPTY_MAP>
2019-09-26 13:32:03,602 [pool-247-thread-1] INFO  server.RaftServerConfigKeys (ConfUtils.java:logGet(43)) - raft.server.storage.dir = [/workdir/hadoop-ozone/ozonefs/target/test-dir/MiniOzoneClusterImpl-f978b247-e176-4f00-b4b9-b4bec99d4730/datanode-2/data/ratis] (custom)
2019-09-26 13:32:03,602 [pool-247-thread-1] INFO  storage.RaftStorageDirectory (RaftStorageDirectory.java:analyzeStorage(246)) - The storage directory /workdir/hadoop-ozone/ozonefs/target/test-dir/MiniOzoneClusterImpl-f978b247-e176-4f00-b4b9-b4bec99d4730/datanode-2/data/ratis/4cbec03b-c525-4003-b3fc-4ec7548c01e3 does not exist. Creating ...
2019-09-26 13:32:03,615 [pool-247-thread-1] INFO  storage.RaftStorageDirectory (RaftStorageDirectory.java:tryLock(328)) - Lock on /workdir/hadoop-ozone/ozonefs/target/test-dir/MiniOzoneClusterImpl-f978b247-e176-4f00-b4b9-b4bec99d4730/datanode-2/data/ratis/4cbec03b-c525-4003-b3fc-4ec7548c01e3/in_use.lock acquired by nodename 10147@pr-hdds-1569-87zkn-1081879488
2019-09-26 13:32:03,627 [pool-247-thread-1] INFO  storage.RaftStorage (RaftStorage.java:format(72)) - Storage directory /workdir/hadoop-ozone/ozonefs/target/test-dir/MiniOzoneClusterImpl-f978b247-e176-4f00-b4b9-b4bec99d4730/datanode-2/data/ratis/4cbec03b-c525-4003-b3fc-4ec7548c01e3 has been successfully formatted.
2019-09-26 13:32:03,628 [pool-247-thread-1] INFO  ratis.ContainerStateMachine (ContainerStateMachine.java:loadSnapshot(230)) - group-4EC7548C01E3: The snapshot info is null. Setting the last applied indexto:(t:0, i:~)
2019-09-26 13:32:03,628 [pool-247-thread-1] INFO  server.RaftServerConfigKeys (ConfUtils.java:logGet(43)) - raft.server.notification.no-leader.timeout = 120s (custom)
2019-09-26 13:32:03,628 [pool-247-thread-1] INFO  server.RaftServerConfigKeys (ConfUtils.java:logGet(43)) - raft.server.log.use.memory = false (default)
2019-09-26 13:32:03,628 [pool-247-thread-1] INFO  server.RaftServerConfigKeys (ConfUtils.java:logGet(43)) - raft.server.log.purge.gap = 1000000 (custom)
2019-09-26 13:32:03,628 [pool-247-thread-1] INFO  server.RaftServerConfigKeys (ConfUtils.java:logGet(43)) - raft.server.log.appender.buffer.byte-limit = 33554432 (custom)
2019-09-26 13:32:03,628 [pool-247-thread-1] INFO  server.RaftServerConfigKeys (ConfUtils.java:logGet(43)) - raft.server.log.segment.size.max = 1048576 (custom)
2019-09-26 13:32:03,628 [pool-247-thread-1] INFO  server.RaftServerConfigKeys (ConfUtils.java:logGet(43)) - raft.server.log.segment.cache.num.max = 2 (custom)
2019-09-26 13:32:03,628 [pool-247-thread-1] INFO  segmented.SegmentedRaftLogWorker (SegmentedRaftLogWorker.java:<init>(172)) - new e16dff8c-a16b-40c6-b6a2-90a35c3deb9f@group-4EC7548C01E3-SegmentedRaftLogWorker for RaftStorage:Storage Directory /workdir/hadoop-ozone/ozonefs/target/test-dir/MiniOzoneClusterImpl-f978b247-e176-4f00-b4b9-b4bec99d4730/datanode-2/data/ratis/4cbec03b-c525-4003-b3fc-4ec7548c01e3
2019-09-26 13:32:03,629 [pool-247-thread-1] INFO  server.RaftServerConfigKeys (ConfUtils.java:logGet(43)) - raft.server.log.queue.byte-limit = 2147483647 (custom)
2019-09-26 13:32:03,629 [pool-247-thread-1] INFO  server.RaftServerConfigKeys (ConfUtils.java:logGet(43)) - raft.server.log.queue.element-limit = 1024 (custom)
2019-09-26 13:32:03,629 [pool-247-thread-1] INFO  server.RaftServerConfigKeys (ConfUtils.java:logGet(43)) - raft.server.log.segment.size.max = 1048576 (custom)
2019-09-26 13:32:03,629 [pool-247-thread-1] INFO  server.RaftServerConfigKeys (ConfUtils.java:logGet(43)) - raft.server.log.preallocated.size = 16384 (custom)
2019-09-26 13:32:03,629 [pool-247-thread-1] INFO  server.RaftServerConfigKeys (ConfUtils.java:logGet(43)) - raft.server.log.write.buffer.size = 33554432 (custom)
2019-09-26 13:32:03,629 [pool-247-thread-1] INFO  server.RaftServerConfigKeys (ConfUtils.java:logGet(43)) - raft.server.log.force.sync.num = 128 (default)
2019-09-26 13:32:03,629 [pool-247-thread-1] INFO  server.RaftServerConfigKeys (ConfUtils.java:logGet(43)) - raft.server.log.statemachine.data.sync = true (default)
2019-09-26 13:32:03,629 [pool-247-thread-1] INFO  server.RaftServerConfigKeys (ConfUtils.java:logGet(43)) - raft.server.log.statemachine.data.sync.timeout = 10s (default)
2019-09-26 13:32:03,629 [pool-247-thread-1] INFO  server.RaftServerConfigKeys (ConfUtils.java:logGet(43)) - raft.server.log.statemachine.data.sync.timeout.retry = -1 (default)
2019-09-26 13:32:03,629 [pool-247-thread-1] INFO  server.RaftServerConfigKeys (ConfUtils.java:logGet(43)) - raft.server.log.statemachine.data.caching.enabled = true (custom)
2019-09-26 13:32:03,630 [pool-247-thread-1] INFO  segmented.SegmentedRaftLogWorker (SegmentedRaftLogWorker.java:lambda$new$0(132)) - e16dff8c-a16b-40c6-b6a2-90a35c3deb9f@group-4EC7548C01E3-SegmentedRaftLogWorker: flushIndex: setUnconditionally 0 -> -1
2019-09-26 13:32:03,630 [pool-247-thread-1] INFO  server.RaftServerConfigKeys (ConfUtils.java:logGet(43)) - raft.server.snapshot.auto.trigger.enabled = true (custom)
2019-09-26 13:32:03,630 [pool-247-thread-1] INFO  server.RaftServerConfigKeys (ConfUtils.java:logGet(43)) - raft.server.snapshot.auto.trigger.threshold = 10000 (custom)
2019-09-26 13:32:03,630 [pool-247-thread-1] INFO  server.RaftServerConfigKeys (ConfUtils.java:logGet(43)) - raft.server.snapshot.retention.num.files = 5 (custom)
2019-09-26 13:32:03,630 [pool-247-thread-1] INFO  server.RaftServerConfigKeys (ConfUtils.java:logGet(43)) - raft.server.retrycache.expirytime = 600000ms (custom)
2019-09-26 13:32:03,631 [pool-247-thread-1] INFO  impl.RaftServerImpl (RaftServerImpl.java:start(185)) - e16dff8c-a16b-40c6-b6a2-90a35c3deb9f@group-4EC7548C01E3: start as a follower, conf=-1: [e16dff8c-a16b-40c6-b6a2-90a35c3deb9f:192.168.164.238:44441], old=null
2019-09-26 13:32:03,632 [pool-247-thread-1] INFO  impl.RaftServerImpl (RaftServerImpl.java:setRole(174)) - e16dff8c-a16b-40c6-b6a2-90a35c3deb9f@group-4EC7548C01E3: changes role from      null to FOLLOWER at term 0 for startAsFollower
2019-09-26 13:32:03,632 [pool-247-thread-1] INFO  impl.RoleInfo (RoleInfo.java:updateAndGet(143)) - e16dff8c-a16b-40c6-b6a2-90a35c3deb9f: start FollowerState
2019-09-26 13:32:03,632 [pool-247-thread-1] INFO  util.JmxRegister (JmxRegister.java:tryRegister(44)) - Successfully registered JMX Bean with object name Ratis:service=RaftServer,group=group-4EC7548C01E3,id=e16dff8c-a16b-40c6-b6a2-90a35c3deb9f
2019-09-26 13:32:03,634 [RatisPipelineUtilsThread] INFO  pipeline.PipelineStateManager (PipelineStateManager.java:addPipeline(56)) - Created pipeline Pipeline[ Id: 4cbec03b-c525-4003-b3fc-4ec7548c01e3, Nodes: e16dff8c-a16b-40c6-b6a2-90a35c3deb9f{ip: 192.168.164.238, host: pr-hdds-1569-87zkn-1081879488, networkLocation: /default-rack, certSerialId: null}, Type:RATIS, Factor:ONE, State:OPEN]
2019-09-26 13:32:03,635 [RatisPipelineUtilsThread] INFO  pipeline.PipelinePlacementPolicy (PipelinePlacementPolicy.java:meetCriteria(91)) - Pipeline Placement: can't place more pipeline on heavy datanode： dacd514e-d0f2-4f80-a7b7-f5c48675eb53 Heaviness: 6 limit: 5
2019-09-26 13:32:03,635 [RatisPipelineUtilsThread] INFO  pipeline.PipelinePlacementPolicy (PipelinePlacementPolicy.java:meetCriteria(91)) - Pipeline Placement: can't place more pipeline on heavy datanode： 1f806e80-696f-4e1e-8d02-ece25156c36a Heaviness: 6 limit: 5
2019-09-26 13:32:03,635 [RatisPipelineUtilsThread] INFO  pipeline.PipelinePlacementPolicy (PipelinePlacementPolicy.java:meetCriteria(91)) - Pipeline Placement: can't place more pipeline on heavy datanode： e16dff8c-a16b-40c6-b6a2-90a35c3deb9f Heaviness: 6 limit: 5
2019-09-26 13:32:03,635 [RatisPipelineUtilsThread] ERROR pipeline.PipelinePlacementPolicy (PipelinePlacementPolicy.java:filterViableNodes(148)) - Unable to find enough nodes that meet the criteria that cannot engage in more than 5 pipelines. Nodes required: 1 Found: 0, healthy nodes count inNodeManager: 3.
2019-09-26 13:32:03,635 [RatisPipelineUtilsThread] ERROR pipeline.SCMPipelineManager (SCMPipelineManager.java:createPipeline(167)) - Pipeline creation failed.
org.apache.hadoop.hdds.scm.exceptions.SCMException: Unable to find enough nodes that meet the criteria that cannot engage in more than 5 pipelines. Nodes required: 1 Found: 0, healthy nodes count inNodeManager: 3.
	at org.apache.hadoop.hdds.scm.pipeline.PipelinePlacementPolicy.filterViableNodes(PipelinePlacementPolicy.java:149)
	at org.apache.hadoop.hdds.scm.pipeline.PipelinePlacementPolicy.chooseDatanodes(PipelinePlacementPolicy.java:172)
	at org.apache.hadoop.hdds.scm.pipeline.RatisPipelineProvider.create(RatisPipelineProvider.java:93)
	at org.apache.hadoop.hdds.scm.pipeline.PipelineFactory.create(PipelineFactory.java:58)
	at org.apache.hadoop.hdds.scm.pipeline.SCMPipelineManager.createPipeline(SCMPipelineManager.java:155)
	at org.apache.hadoop.hdds.scm.pipeline.BackgroundPipelineCreator.createPipelines(BackgroundPipelineCreator.java:99)
	at java.util.concurrent.Executors$RunnableAdapter.call(Executors.java:511)
	at java.util.concurrent.FutureTask.run(FutureTask.java:266)
	at java.util.concurrent.ScheduledThreadPoolExecutor$ScheduledFutureTask.access$201(ScheduledThreadPoolExecutor.java:180)
	at java.util.concurrent.ScheduledThreadPoolExecutor$ScheduledFutureTask.run(ScheduledThreadPoolExecutor.java:293)
	at java.util.concurrent.ThreadPoolExecutor.runWorker(ThreadPoolExecutor.java:1149)
	at java.util.concurrent.ThreadPoolExecutor$Worker.run(ThreadPoolExecutor.java:624)
	at java.lang.Thread.run(Thread.java:748)
2019-09-26 13:32:03,636 [RatisPipelineUtilsThread] INFO  pipeline.PipelinePlacementPolicy (PipelinePlacementPolicy.java:meetCriteria(91)) - Pipeline Placement: can't place more pipeline on heavy datanode： dacd514e-d0f2-4f80-a7b7-f5c48675eb53 Heaviness: 6 limit: 5
2019-09-26 13:32:03,636 [RatisPipelineUtilsThread] INFO  pipeline.PipelinePlacementPolicy (PipelinePlacementPolicy.java:meetCriteria(91)) - Pipeline Placement: can't place more pipeline on heavy datanode： 1f806e80-696f-4e1e-8d02-ece25156c36a Heaviness: 6 limit: 5
2019-09-26 13:32:03,636 [RatisPipelineUtilsThread] INFO  pipeline.PipelinePlacementPolicy (PipelinePlacementPolicy.java:meetCriteria(91)) - Pipeline Placement: can't place more pipeline on heavy datanode： e16dff8c-a16b-40c6-b6a2-90a35c3deb9f Heaviness: 6 limit: 5
2019-09-26 13:32:03,637 [RatisPipelineUtilsThread] ERROR pipeline.PipelinePlacementPolicy (PipelinePlacementPolicy.java:filterViableNodes(148)) - Unable to find enough nodes that meet the criteria that cannot engage in more than 5 pipelines. Nodes required: 3 Found: 0, healthy nodes count inNodeManager: 3.
2019-09-26 13:32:03,637 [RatisPipelineUtilsThread] ERROR pipeline.SCMPipelineManager (SCMPipelineManager.java:createPipeline(167)) - Pipeline creation failed.
org.apache.hadoop.hdds.scm.exceptions.SCMException: Unable to find enough nodes that meet the criteria that cannot engage in more than 5 pipelines. Nodes required: 3 Found: 0, healthy nodes count inNodeManager: 3.
	at org.apache.hadoop.hdds.scm.pipeline.PipelinePlacementPolicy.filterViableNodes(PipelinePlacementPolicy.java:149)
	at org.apache.hadoop.hdds.scm.pipeline.PipelinePlacementPolicy.chooseDatanodes(PipelinePlacementPolicy.java:172)
	at org.apache.hadoop.hdds.scm.pipeline.RatisPipelineProvider.create(RatisPipelineProvider.java:93)
	at org.apache.hadoop.hdds.scm.pipeline.PipelineFactory.create(PipelineFactory.java:58)
	at org.apache.hadoop.hdds.scm.pipeline.SCMPipelineManager.createPipeline(SCMPipelineManager.java:155)
	at org.apache.hadoop.hdds.scm.pipeline.BackgroundPipelineCreator.createPipelines(BackgroundPipelineCreator.java:99)
	at java.util.concurrent.Executors$RunnableAdapter.call(Executors.java:511)
	at java.util.concurrent.FutureTask.run(FutureTask.java:266)
	at java.util.concurrent.ScheduledThreadPoolExecutor$ScheduledFutureTask.access$201(ScheduledThreadPoolExecutor.java:180)
	at java.util.concurrent.ScheduledThreadPoolExecutor$ScheduledFutureTask.run(ScheduledThreadPoolExecutor.java:293)
	at java.util.concurrent.ThreadPoolExecutor.runWorker(ThreadPoolExecutor.java:1149)
	at java.util.concurrent.ThreadPoolExecutor$Worker.run(ThreadPoolExecutor.java:624)
	at java.lang.Thread.run(Thread.java:748)
2019-09-26 13:32:03,650 [RatisPipelineUtilsThread] INFO  pipeline.PipelinePlacementPolicy (PipelinePlacementPolicy.java:meetCriteria(91)) - Pipeline Placement: can't place more pipeline on heavy datanode： dacd514e-d0f2-4f80-a7b7-f5c48675eb53 Heaviness: 6 limit: 5
2019-09-26 13:32:03,650 [RatisPipelineUtilsThread] INFO  pipeline.PipelinePlacementPolicy (PipelinePlacementPolicy.java:meetCriteria(91)) - Pipeline Placement: can't place more pipeline on heavy datanode： 1f806e80-696f-4e1e-8d02-ece25156c36a Heaviness: 6 limit: 5
2019-09-26 13:32:03,651 [RatisPipelineUtilsThread] INFO  pipeline.PipelinePlacementPolicy (PipelinePlacementPolicy.java:meetCriteria(91)) - Pipeline Placement: can't place more pipeline on heavy datanode： e16dff8c-a16b-40c6-b6a2-90a35c3deb9f Heaviness: 6 limit: 5
2019-09-26 13:32:03,651 [RatisPipelineUtilsThread] ERROR pipeline.PipelinePlacementPolicy (PipelinePlacementPolicy.java:filterViableNodes(148)) - Unable to find enough nodes that meet the criteria that cannot engage in more than 5 pipelines. Nodes required: 1 Found: 0, healthy nodes count inNodeManager: 3.
2019-09-26 13:32:03,651 [RatisPipelineUtilsThread] ERROR pipeline.SCMPipelineManager (SCMPipelineManager.java:createPipeline(167)) - Pipeline creation failed.
org.apache.hadoop.hdds.scm.exceptions.SCMException: Unable to find enough nodes that meet the criteria that cannot engage in more than 5 pipelines. Nodes required: 1 Found: 0, healthy nodes count inNodeManager: 3.
	at org.apache.hadoop.hdds.scm.pipeline.PipelinePlacementPolicy.filterViableNodes(PipelinePlacementPolicy.java:149)
	at org.apache.hadoop.hdds.scm.pipeline.PipelinePlacementPolicy.chooseDatanodes(PipelinePlacementPolicy.java:172)
	at org.apache.hadoop.hdds.scm.pipeline.RatisPipelineProvider.create(RatisPipelineProvider.java:93)
	at org.apache.hadoop.hdds.scm.pipeline.PipelineFactory.create(PipelineFactory.java:58)
	at org.apache.hadoop.hdds.scm.pipeline.SCMPipelineManager.createPipeline(SCMPipelineManager.java:155)
	at org.apache.hadoop.hdds.scm.pipeline.BackgroundPipelineCreator.createPipelines(BackgroundPipelineCreator.java:99)
	at org.apache.hadoop.hdds.scm.pipeline.BackgroundPipelineCreator.lambda$startFixedIntervalPipelineCreator$0(BackgroundPipelineCreator.java:70)
	at java.util.concurrent.Executors$RunnableAdapter.call(Executors.java:511)
	at java.util.concurrent.FutureTask.runAndReset(FutureTask.java:308)
	at java.util.concurrent.ScheduledThreadPoolExecutor$ScheduledFutureTask.access$301(ScheduledThreadPoolExecutor.java:180)
	at java.util.concurrent.ScheduledThreadPoolExecutor$ScheduledFutureTask.run(ScheduledThreadPoolExecutor.java:294)
	at java.util.concurrent.ThreadPoolExecutor.runWorker(ThreadPoolExecutor.java:1149)
	at java.util.concurrent.ThreadPoolExecutor$Worker.run(ThreadPoolExecutor.java:624)
	at java.lang.Thread.run(Thread.java:748)
2019-09-26 13:32:03,652 [RatisPipelineUtilsThread] INFO  pipeline.PipelinePlacementPolicy (PipelinePlacementPolicy.java:meetCriteria(91)) - Pipeline Placement: can't place more pipeline on heavy datanode： dacd514e-d0f2-4f80-a7b7-f5c48675eb53 Heaviness: 6 limit: 5
2019-09-26 13:32:03,652 [RatisPipelineUtilsThread] INFO  pipeline.PipelinePlacementPolicy (PipelinePlacementPolicy.java:meetCriteria(91)) - Pipeline Placement: can't place more pipeline on heavy datanode： 1f806e80-696f-4e1e-8d02-ece25156c36a Heaviness: 6 limit: 5
2019-09-26 13:32:03,652 [RatisPipelineUtilsThread] INFO  pipeline.PipelinePlacementPolicy (PipelinePlacementPolicy.java:meetCriteria(91)) - Pipeline Placement: can't place more pipeline on heavy datanode： e16dff8c-a16b-40c6-b6a2-90a35c3deb9f Heaviness: 6 limit: 5
2019-09-26 13:32:03,652 [RatisPipelineUtilsThread] ERROR pipeline.PipelinePlacementPolicy (PipelinePlacementPolicy.java:filterViableNodes(148)) - Unable to find enough nodes that meet the criteria that cannot engage in more than 5 pipelines. Nodes required: 3 Found: 0, healthy nodes count inNodeManager: 3.
2019-09-26 13:32:03,652 [RatisPipelineUtilsThread] ERROR pipeline.SCMPipelineManager (SCMPipelineManager.java:createPipeline(167)) - Pipeline creation failed.
org.apache.hadoop.hdds.scm.exceptions.SCMException: Unable to find enough nodes that meet the criteria that cannot engage in more than 5 pipelines. Nodes required: 3 Found: 0, healthy nodes count inNodeManager: 3.
	at org.apache.hadoop.hdds.scm.pipeline.PipelinePlacementPolicy.filterViableNodes(PipelinePlacementPolicy.java:149)
	at org.apache.hadoop.hdds.scm.pipeline.PipelinePlacementPolicy.chooseDatanodes(PipelinePlacementPolicy.java:172)
	at org.apache.hadoop.hdds.scm.pipeline.RatisPipelineProvider.create(RatisPipelineProvider.java:93)
	at org.apache.hadoop.hdds.scm.pipeline.PipelineFactory.create(PipelineFactory.java:58)
	at org.apache.hadoop.hdds.scm.pipeline.SCMPipelineManager.createPipeline(SCMPipelineManager.java:155)
	at org.apache.hadoop.hdds.scm.pipeline.BackgroundPipelineCreator.createPipelines(BackgroundPipelineCreator.java:99)
	at org.apache.hadoop.hdds.scm.pipeline.BackgroundPipelineCreator.lambda$startFixedIntervalPipelineCreator$0(BackgroundPipelineCreator.java:70)
	at java.util.concurrent.Executors$RunnableAdapter.call(Executors.java:511)
	at java.util.concurrent.FutureTask.runAndReset(FutureTask.java:308)
	at java.util.concurrent.ScheduledThreadPoolExecutor$ScheduledFutureTask.access$301(ScheduledThreadPoolExecutor.java:180)
	at java.util.concurrent.ScheduledThreadPoolExecutor$ScheduledFutureTask.run(ScheduledThreadPoolExecutor.java:294)
	at java.util.concurrent.ThreadPoolExecutor.runWorker(ThreadPoolExecutor.java:1149)
	at java.util.concurrent.ThreadPoolExecutor$Worker.run(ThreadPoolExecutor.java:624)
	at java.lang.Thread.run(Thread.java:748)
2019-09-26 13:32:04,005 [Thread-1077] INFO  ozone.MiniOzoneClusterImpl (MiniOzoneClusterImpl.java:lambda$waitForClusterToBeReady$0(147)) - Cluster is ready. Got 3 of 3 DN Heartbeats.
2019-09-26 13:32:04,059 [Thread-1077] INFO  rpc.RpcClient (RpcClient.java:createVolume(276)) - Creating Volume: volume23316, with user40215 as owner.
2019-09-26 13:32:04,062 [IPC Server handler 2 on 45698] INFO  volume.OMVolumeCreateRequest (OMVolumeCreateRequest.java:validateAndUpdateCache(189)) - created volume:volume23316 for user:user40215
2019-09-26 13:32:04,074 [Thread-1077] INFO  rpc.RpcClient (RpcClient.java:createBucket(415)) - Creating Bucket: volume23316/bucket27435, with Versioning false and Storage Type set to DISK and Encryption set to false 
2019-09-26 13:32:04,148 [IPC Server handler 0 on 43014] INFO  pipeline.PipelinePlacementPolicy (PipelinePlacementPolicy.java:meetCriteria(91)) - Pipeline Placement: can't place more pipeline on heavy datanode： dacd514e-d0f2-4f80-a7b7-f5c48675eb53 Heaviness: 6 limit: 5
2019-09-26 13:32:04,149 [IPC Server handler 0 on 43014] INFO  pipeline.PipelinePlacementPolicy (PipelinePlacementPolicy.java:meetCriteria(91)) - Pipeline Placement: can't place more pipeline on heavy datanode： 1f806e80-696f-4e1e-8d02-ece25156c36a Heaviness: 6 limit: 5
2019-09-26 13:32:04,149 [IPC Server handler 0 on 43014] INFO  pipeline.PipelinePlacementPolicy (PipelinePlacementPolicy.java:meetCriteria(91)) - Pipeline Placement: can't place more pipeline on heavy datanode： e16dff8c-a16b-40c6-b6a2-90a35c3deb9f Heaviness: 6 limit: 5
2019-09-26 13:32:04,149 [IPC Server handler 0 on 43014] ERROR pipeline.PipelinePlacementPolicy (PipelinePlacementPolicy.java:filterViableNodes(148)) - Unable to find enough nodes that meet the criteria that cannot engage in more than 5 pipelines. Nodes required: 3 Found: 0, healthy nodes count inNodeManager: 3.
2019-09-26 13:32:04,149 [IPC Server handler 0 on 43014] ERROR pipeline.SCMPipelineManager (SCMPipelineManager.java:createPipeline(167)) - Pipeline creation failed.
org.apache.hadoop.hdds.scm.exceptions.SCMException: Unable to find enough nodes that meet the criteria that cannot engage in more than 5 pipelines. Nodes required: 3 Found: 0, healthy nodes count inNodeManager: 3.
	at org.apache.hadoop.hdds.scm.pipeline.PipelinePlacementPolicy.filterViableNodes(PipelinePlacementPolicy.java:149)
	at org.apache.hadoop.hdds.scm.pipeline.PipelinePlacementPolicy.chooseDatanodes(PipelinePlacementPolicy.java:172)
	at org.apache.hadoop.hdds.scm.pipeline.RatisPipelineProvider.create(RatisPipelineProvider.java:93)
	at org.apache.hadoop.hdds.scm.pipeline.PipelineFactory.create(PipelineFactory.java:58)
	at org.apache.hadoop.hdds.scm.pipeline.SCMPipelineManager.createPipeline(SCMPipelineManager.java:155)
	at org.apache.hadoop.hdds.scm.block.BlockManagerImpl.allocateBlock(BlockManagerImpl.java:190)
	at org.apache.hadoop.hdds.scm.server.SCMBlockProtocolServer.allocateBlock(SCMBlockProtocolServer.java:182)
	at org.apache.hadoop.ozone.protocolPB.ScmBlockLocationProtocolServerSideTranslatorPB.allocateScmBlock(ScmBlockLocationProtocolServerSideTranslatorPB.java:183)
	at org.apache.hadoop.ozone.protocolPB.ScmBlockLocationProtocolServerSideTranslatorPB.processMessage(ScmBlockLocationProtocolServerSideTranslatorPB.java:141)
	at org.apache.hadoop.ozone.protocolPB.ScmBlockLocationProtocolServerSideTranslatorPB.send(ScmBlockLocationProtocolServerSideTranslatorPB.java:116)
	at org.apache.hadoop.hdds.protocol.proto.ScmBlockLocationProtocolProtos$ScmBlockLocationProtocolService$2.callBlockingMethod(ScmBlockLocationProtocolProtos.java:13157)
	at org.apache.hadoop.ipc.ProtobufRpcEngine$Server$ProtoBufRpcInvoker.call(ProtobufRpcEngine.java:524)
	at org.apache.hadoop.ipc.RPC$Server.call(RPC.java:1025)
	at org.apache.hadoop.ipc.Server$RpcCall.run(Server.java:876)
	at org.apache.hadoop.ipc.Server$RpcCall.run(Server.java:822)
	at java.security.AccessController.doPrivileged(Native Method)
	at javax.security.auth.Subject.doAs(Subject.java:422)
	at org.apache.hadoop.security.UserGroupInformation.doAs(UserGroupInformation.java:1730)
	at org.apache.hadoop.ipc.Server$Handler.run(Server.java:2682)
2019-09-26 13:32:04,149 [IPC Server handler 0 on 43014] WARN  block.BlockManagerImpl (BlockManagerImpl.java:allocateBlock(192)) - Pipeline creation failed for type:RATIS factor:THREE. Retrying get pipelines call once.
org.apache.hadoop.hdds.scm.exceptions.SCMException: Unable to find enough nodes that meet the criteria that cannot engage in more than 5 pipelines. Nodes required: 3 Found: 0, healthy nodes count inNodeManager: 3.
	at org.apache.hadoop.hdds.scm.pipeline.PipelinePlacementPolicy.filterViableNodes(PipelinePlacementPolicy.java:149)
	at org.apache.hadoop.hdds.scm.pipeline.PipelinePlacementPolicy.chooseDatanodes(PipelinePlacementPolicy.java:172)
	at org.apache.hadoop.hdds.scm.pipeline.RatisPipelineProvider.create(RatisPipelineProvider.java:93)
	at org.apache.hadoop.hdds.scm.pipeline.PipelineFactory.create(PipelineFactory.java:58)
	at org.apache.hadoop.hdds.scm.pipeline.SCMPipelineManager.createPipeline(SCMPipelineManager.java:155)
	at org.apache.hadoop.hdds.scm.block.BlockManagerImpl.allocateBlock(BlockManagerImpl.java:190)
	at org.apache.hadoop.hdds.scm.server.SCMBlockProtocolServer.allocateBlock(SCMBlockProtocolServer.java:182)
	at org.apache.hadoop.ozone.protocolPB.ScmBlockLocationProtocolServerSideTranslatorPB.allocateScmBlock(ScmBlockLocationProtocolServerSideTranslatorPB.java:183)
	at org.apache.hadoop.ozone.protocolPB.ScmBlockLocationProtocolServerSideTranslatorPB.processMessage(ScmBlockLocationProtocolServerSideTranslatorPB.java:141)
	at org.apache.hadoop.ozone.protocolPB.ScmBlockLocationProtocolServerSideTranslatorPB.send(ScmBlockLocationProtocolServerSideTranslatorPB.java:116)
	at org.apache.hadoop.hdds.protocol.proto.ScmBlockLocationProtocolProtos$ScmBlockLocationProtocolService$2.callBlockingMethod(ScmBlockLocationProtocolProtos.java:13157)
	at org.apache.hadoop.ipc.ProtobufRpcEngine$Server$ProtoBufRpcInvoker.call(ProtobufRpcEngine.java:524)
	at org.apache.hadoop.ipc.RPC$Server.call(RPC.java:1025)
	at org.apache.hadoop.ipc.Server$RpcCall.run(Server.java:876)
	at org.apache.hadoop.ipc.Server$RpcCall.run(Server.java:822)
	at java.security.AccessController.doPrivileged(Native Method)
	at javax.security.auth.Subject.doAs(Subject.java:422)
	at org.apache.hadoop.security.UserGroupInformation.doAs(UserGroupInformation.java:1730)
	at org.apache.hadoop.ipc.Server$Handler.run(Server.java:2682)
2019-09-26 13:32:04,150 [IPC Server handler 0 on 43014] INFO  block.BlockManagerImpl (BlockManagerImpl.java:allocateBlock(198)) - Could not find available pipeline of type:RATIS and factor:THREE even after retrying
2019-09-26 13:32:04,150 [IPC Server handler 0 on 43014] ERROR block.BlockManagerImpl (BlockManagerImpl.java:allocateBlock(222)) - Unable to allocate a block for the size: 4194304, type: RATIS, factor: THREE
2019-09-26 13:32:04,151 [Thread-1077] INFO  ozone.MiniOzoneClusterImpl (MiniOzoneClusterImpl.java:shutdown(314)) - Shutting down the Mini Ozone Cluster
2019-09-26 13:32:04,151 [Thread-1077] INFO  ozone.MiniOzoneClusterImpl (MiniOzoneClusterImpl.java:stop(330)) - Stopping the Mini Ozone Cluster
2019-09-26 13:32:04,152 [Thread-1077] INFO  ozone.MiniOzoneClusterImpl (MiniOzoneClusterImpl.java:stopOM(400)) - Stopping the OzoneManager
2019-09-26 13:32:04,152 [Thread-1077] INFO  ipc.Server (Server.java:stop(3082)) - Stopping server on 45698
2019-09-26 13:32:04,159 [IPC Server listener on 45698] INFO  ipc.Server (Server.java:run(1185)) - Stopping IPC Server listener on 45698
2019-09-26 13:32:04,159 [IPC Server Responder] INFO  ipc.Server (Server.java:run(1319)) - Stopping IPC Server Responder
2019-09-26 13:32:04,159 [Thread-1077] INFO  ratis.OzoneManagerDoubleBuffer (OzoneManagerDoubleBuffer.java:stop(248)) - Stopping OMDoubleBuffer flush thread
2019-09-26 13:32:04,162 [OMDoubleBufferFlushThread] INFO  ratis.OzoneManagerDoubleBuffer (OzoneManagerDoubleBuffer.java:flushTransactions(191)) - OMDoubleBuffer flush thread OMDoubleBufferFlushThread is interrupted and will exit. OMDoubleBufferFlushThread
2019-09-26 13:32:04,162 [Thread-1077] INFO  utils.BackgroundService (BackgroundService.java:shutdown(148)) - Shutting down service KeyDeletingService
2019-09-26 13:32:04,163 [Thread-1077] INFO  handler.ContextHandler (ContextHandler.java:doStop(910)) - Stopped o.e.j.w.WebAppContext@1b80d970{/,null,UNAVAILABLE}{/ozoneManager}
2019-09-26 13:32:04,164 [Thread-1077] INFO  server.AbstractConnector (AbstractConnector.java:doStop(318)) - Stopped ServerConnector@19acf757{HTTP/1.1,[http/1.1]}{0.0.0.0:0}
2019-09-26 13:32:04,164 [Thread-1077] INFO  handler.ContextHandler (ContextHandler.java:doStop(910)) - Stopped o.e.j.s.ServletContextHandler@1ffb81ad{/static,jar:file:/home/user/.m2/repository/org/apache/hadoop/hadoop-ozone-ozone-manager/0.5.0-SNAPSHOT/hadoop-ozone-ozone-manager-0.5.0-SNAPSHOT.jar!/webapps/static,UNAVAILABLE}
2019-09-26 13:32:04,165 [Thread-1077] INFO  handler.ContextHandler (ContextHandler.java:doStop(910)) - Stopped o.e.j.s.ServletContextHandler@5f076e95{/logs,file:///workdir/hadoop-ozone/ozonefs/target/log,UNAVAILABLE}
2019-09-26 13:32:04,166 [Thread-1077] INFO  ozone.MiniOzoneClusterImpl (MiniOzoneClusterImpl.java:stopDatanodes(377)) - Stopping the HddsDatanodes
2019-09-26 13:32:04,854 [Datanode State Machine Thread - 0] INFO  statemachine.DatanodeStateMachine (DatanodeStateMachine.java:lambda$startDaemon$0(350)) - Ozone container server started.
2019-09-26 13:32:04,929 [Datanode State Machine Thread - 0] INFO  statemachine.DatanodeStateMachine (DatanodeStateMachine.java:lambda$startDaemon$0(350)) - Ozone container server started.
2019-09-26 13:32:05,868 [Thread-1249] INFO  container.ReplicationManager (ReplicationManager.java:start(163)) - Starting Replication Monitor Thread.
2019-09-26 13:32:05,871 [ReplicationMonitor] INFO  container.ReplicationManager (ReplicationManager.java:run(226)) - Replication Monitor Thread took 1 milliseconds for processing 0 containers.
2019-09-26 13:32:08,086 [Thread-1257] INFO  impl.FollowerState (FollowerState.java:run(106)) - dacd514e-d0f2-4f80-a7b7-f5c48675eb53:group-141FA4C9B9B7 changes to CANDIDATE, lastRpcTime:5060, electionTimeout:5060ms
2019-09-26 13:32:08,086 [Thread-1257] INFO  impl.RoleInfo (RoleInfo.java:shutdownFollowerState(121)) - dacd514e-d0f2-4f80-a7b7-f5c48675eb53: shutdown FollowerState
2019-09-26 13:32:08,086 [Thread-1257] INFO  impl.RaftServerImpl (RaftServerImpl.java:setRole(174)) - dacd514e-d0f2-4f80-a7b7-f5c48675eb53@group-141FA4C9B9B7: changes role from  FOLLOWER to CANDIDATE at term 0 for changeToCandidate
2019-09-26 13:32:08,087 [Thread-1257] INFO  impl.RoleInfo (RoleInfo.java:updateAndGet(143)) - dacd514e-d0f2-4f80-a7b7-f5c48675eb53: start LeaderElection
2019-09-26 13:32:08,087 [Thread-1251] INFO  impl.FollowerState (FollowerState.java:run(106)) - dacd514e-d0f2-4f80-a7b7-f5c48675eb53:group-2EF9077E48FA changes to CANDIDATE, lastRpcTime:5151, electionTimeout:5151ms
2019-09-26 13:32:08,090 [Thread-1251] INFO  impl.RoleInfo (RoleInfo.java:shutdownFollowerState(121)) - dacd514e-d0f2-4f80-a7b7-f5c48675eb53: shutdown FollowerState
2019-09-26 13:32:08,090 [Thread-1251] INFO  impl.RaftServerImpl (RaftServerImpl.java:setRole(174)) - dacd514e-d0f2-4f80-a7b7-f5c48675eb53@group-2EF9077E48FA: changes role from  FOLLOWER to CANDIDATE at term 0 for changeToCandidate
2019-09-26 13:32:08,090 [Thread-1251] INFO  impl.RoleInfo (RoleInfo.java:updateAndGet(143)) - dacd514e-d0f2-4f80-a7b7-f5c48675eb53: start LeaderElection
2019-09-26 13:32:08,116 [dacd514e-d0f2-4f80-a7b7-f5c48675eb53@group-2EF9077E48FA:LeaderElection74] INFO  impl.LeaderElection (LeaderElection.java:askForVotes(182)) - dacd514e-d0f2-4f80-a7b7-f5c48675eb53@group-2EF9077E48FA:LeaderElection74: begin an election at term 1 for -1: [dacd514e-d0f2-4f80-a7b7-f5c48675eb53:192.168.164.238:34147], old=null
2019-09-26 13:32:08,116 [dacd514e-d0f2-4f80-a7b7-f5c48675eb53@group-141FA4C9B9B7:LeaderElection73] INFO  impl.LeaderElection (LeaderElection.java:askForVotes(182)) - dacd514e-d0f2-4f80-a7b7-f5c48675eb53@group-141FA4C9B9B7:LeaderElection73: begin an election at term 1 for -1: [dacd514e-d0f2-4f80-a7b7-f5c48675eb53:192.168.164.238:34147], old=null
2019-09-26 13:32:08,116 [dacd514e-d0f2-4f80-a7b7-f5c48675eb53@group-2EF9077E48FA:LeaderElection74] INFO  impl.RoleInfo (RoleInfo.java:shutdownLeaderElection(134)) - dacd514e-d0f2-4f80-a7b7-f5c48675eb53: shutdown LeaderElection
2019-09-26 13:32:08,116 [dacd514e-d0f2-4f80-a7b7-f5c48675eb53@group-141FA4C9B9B7:LeaderElection73] INFO  impl.RoleInfo (RoleInfo.java:shutdownLeaderElection(134)) - dacd514e-d0f2-4f80-a7b7-f5c48675eb53: shutdown LeaderElection
2019-09-26 13:32:08,116 [dacd514e-d0f2-4f80-a7b7-f5c48675eb53@group-2EF9077E48FA:LeaderElection74] INFO  impl.RaftServerImpl (RaftServerImpl.java:setRole(174)) - dacd514e-d0f2-4f80-a7b7-f5c48675eb53@group-2EF9077E48FA: changes role from CANDIDATE to LEADER at term 1 for changeToLeader
2019-09-26 13:32:08,116 [dacd514e-d0f2-4f80-a7b7-f5c48675eb53@group-141FA4C9B9B7:LeaderElection73] INFO  impl.RaftServerImpl (RaftServerImpl.java:setRole(174)) - dacd514e-d0f2-4f80-a7b7-f5c48675eb53@group-141FA4C9B9B7: changes role from CANDIDATE to LEADER at term 1 for changeToLeader
2019-09-26 13:32:08,116 [dacd514e-d0f2-4f80-a7b7-f5c48675eb53@group-2EF9077E48FA:LeaderElection74] INFO  impl.RaftServerImpl (ServerState.java:setLeader(253)) - dacd514e-d0f2-4f80-a7b7-f5c48675eb53@group-2EF9077E48FA: change Leader from null to dacd514e-d0f2-4f80-a7b7-f5c48675eb53 at term 1 for becomeLeader, leader elected after 5190ms
2019-09-26 13:32:08,116 [dacd514e-d0f2-4f80-a7b7-f5c48675eb53@group-141FA4C9B9B7:LeaderElection73] INFO  impl.RaftServerImpl (ServerState.java:setLeader(253)) - dacd514e-d0f2-4f80-a7b7-f5c48675eb53@group-141FA4C9B9B7: change Leader from null to dacd514e-d0f2-4f80-a7b7-f5c48675eb53 at term 1 for becomeLeader, leader elected after 5095ms
2019-09-26 13:32:08,116 [dacd514e-d0f2-4f80-a7b7-f5c48675eb53@group-2EF9077E48FA:LeaderElection74] INFO  server.RaftServerConfigKeys (ConfUtils.java:logGet(43)) - raft.server.staging.catchup.gap = 1000 (default)
2019-09-26 13:32:08,117 [dacd514e-d0f2-4f80-a7b7-f5c48675eb53@group-141FA4C9B9B7:LeaderElection73] INFO  server.RaftServerConfigKeys (ConfUtils.java:logGet(43)) - raft.server.staging.catchup.gap = 1000 (default)
2019-09-26 13:32:08,117 [dacd514e-d0f2-4f80-a7b7-f5c48675eb53@group-2EF9077E48FA:LeaderElection74] INFO  server.RaftServerConfigKeys (ConfUtils.java:logGet(43)) - raft.server.rpc.sleep.time = 25ms (default)
2019-09-26 13:32:08,117 [dacd514e-d0f2-4f80-a7b7-f5c48675eb53@group-141FA4C9B9B7:LeaderElection73] INFO  server.RaftServerConfigKeys (ConfUtils.java:logGet(43)) - raft.server.rpc.sleep.time = 25ms (default)
2019-09-26 13:32:08,117 [dacd514e-d0f2-4f80-a7b7-f5c48675eb53@group-2EF9077E48FA:LeaderElection74] INFO  server.RaftServerConfigKeys (ConfUtils.java:logGet(43)) - raft.server.write.element-limit = 4096 (default)
2019-09-26 13:32:08,117 [dacd514e-d0f2-4f80-a7b7-f5c48675eb53@group-141FA4C9B9B7:LeaderElection73] INFO  server.RaftServerConfigKeys (ConfUtils.java:logGet(43)) - raft.server.write.element-limit = 4096 (default)
2019-09-26 13:32:08,117 [dacd514e-d0f2-4f80-a7b7-f5c48675eb53@group-2EF9077E48FA:LeaderElection74] INFO  server.RaftServerConfigKeys (ConfUtils.java:logGet(43)) - raft.server.watch.timeout = 10s (default)
2019-09-26 13:32:08,117 [dacd514e-d0f2-4f80-a7b7-f5c48675eb53@group-141FA4C9B9B7:LeaderElection73] INFO  server.RaftServerConfigKeys (ConfUtils.java:logGet(43)) - raft.server.watch.timeout = 10s (default)
2019-09-26 13:32:08,117 [dacd514e-d0f2-4f80-a7b7-f5c48675eb53@group-2EF9077E48FA:LeaderElection74] INFO  server.RaftServerConfigKeys (ConfUtils.java:logGet(43)) - raft.server.watch.timeout.denomination = 1s (default)
2019-09-26 13:32:08,117 [dacd514e-d0f2-4f80-a7b7-f5c48675eb53@group-141FA4C9B9B7:LeaderElection73] INFO  server.RaftServerConfigKeys (ConfUtils.java:logGet(43)) - raft.server.watch.timeout.denomination = 1s (default)
2019-09-26 13:32:08,118 [dacd514e-d0f2-4f80-a7b7-f5c48675eb53@group-2EF9077E48FA:LeaderElection74] INFO  server.RaftServerConfigKeys (ConfUtils.java:logGet(43)) - raft.server.watch.element-limit = 65536 (default)
2019-09-26 13:32:08,118 [dacd514e-d0f2-4f80-a7b7-f5c48675eb53@group-141FA4C9B9B7:LeaderElection73] INFO  server.RaftServerConfigKeys (ConfUtils.java:logGet(43)) - raft.server.watch.element-limit = 65536 (default)
2019-09-26 13:32:08,120 [dacd514e-d0f2-4f80-a7b7-f5c48675eb53@group-2EF9077E48FA:LeaderElection74] INFO  impl.RoleInfo (RoleInfo.java:updateAndGet(143)) - dacd514e-d0f2-4f80-a7b7-f5c48675eb53: start LeaderState
2019-09-26 13:32:08,120 [dacd514e-d0f2-4f80-a7b7-f5c48675eb53@group-141FA4C9B9B7:LeaderElection73] INFO  impl.RoleInfo (RoleInfo.java:updateAndGet(143)) - dacd514e-d0f2-4f80-a7b7-f5c48675eb53: start LeaderState
2019-09-26 13:32:08,120 [dacd514e-d0f2-4f80-a7b7-f5c48675eb53@group-2EF9077E48FA:LeaderElection74] INFO  segmented.SegmentedRaftLogWorker (SegmentedRaftLogWorker.java:startLogSegment(380)) - dacd514e-d0f2-4f80-a7b7-f5c48675eb53@group-2EF9077E48FA-SegmentedRaftLogWorker: Starting segment from index:0
2019-09-26 13:32:08,120 [dacd514e-d0f2-4f80-a7b7-f5c48675eb53@group-141FA4C9B9B7:LeaderElection73] INFO  segmented.SegmentedRaftLogWorker (SegmentedRaftLogWorker.java:startLogSegment(380)) - dacd514e-d0f2-4f80-a7b7-f5c48675eb53@group-141FA4C9B9B7-SegmentedRaftLogWorker: Starting segment from index:0
2019-09-26 13:32:08,121 [dacd514e-d0f2-4f80-a7b7-f5c48675eb53@group-2EF9077E48FA:LeaderElection74] INFO  impl.RaftServerImpl (ServerState.java:setRaftConf(354)) - dacd514e-d0f2-4f80-a7b7-f5c48675eb53@group-2EF9077E48FA: set configuration 0: [dacd514e-d0f2-4f80-a7b7-f5c48675eb53:192.168.164.238:34147], old=null at 0
2019-09-26 13:32:08,121 [dacd514e-d0f2-4f80-a7b7-f5c48675eb53@group-141FA4C9B9B7:LeaderElection73] INFO  impl.RaftServerImpl (ServerState.java:setRaftConf(354)) - dacd514e-d0f2-4f80-a7b7-f5c48675eb53@group-141FA4C9B9B7: set configuration 0: [dacd514e-d0f2-4f80-a7b7-f5c48675eb53:192.168.164.238:34147], old=null at 0
2019-09-26 13:32:08,126 [Thread-1260] INFO  impl.FollowerState (FollowerState.java:run(106)) - 1f806e80-696f-4e1e-8d02-ece25156c36a:group-8C53778F9814 changes to CANDIDATE, lastRpcTime:5050, electionTimeout:5050ms
2019-09-26 13:32:08,126 [Thread-1260] INFO  impl.RoleInfo (RoleInfo.java:shutdownFollowerState(121)) - 1f806e80-696f-4e1e-8d02-ece25156c36a: shutdown FollowerState
2019-09-26 13:32:08,126 [Thread-1260] INFO  impl.RaftServerImpl (RaftServerImpl.java:setRole(174)) - 1f806e80-696f-4e1e-8d02-ece25156c36a@group-8C53778F9814: changes role from  FOLLOWER to CANDIDATE at term 0 for changeToCandidate
2019-09-26 13:32:08,126 [Thread-1260] INFO  impl.RoleInfo (RoleInfo.java:updateAndGet(143)) - 1f806e80-696f-4e1e-8d02-ece25156c36a: start LeaderElection
2019-09-26 13:32:08,127 [Thread-1254] INFO  impl.FollowerState (FollowerState.java:run(106)) - dacd514e-d0f2-4f80-a7b7-f5c48675eb53:group-C7B3DAB1BD24 changes to CANDIDATE, lastRpcTime:5145, electionTimeout:5145ms
2019-09-26 13:32:08,127 [Thread-1254] INFO  impl.RoleInfo (RoleInfo.java:shutdownFollowerState(121)) - dacd514e-d0f2-4f80-a7b7-f5c48675eb53: shutdown FollowerState
2019-09-26 13:32:08,127 [Thread-1254] INFO  impl.RaftServerImpl (RaftServerImpl.java:setRole(174)) - dacd514e-d0f2-4f80-a7b7-f5c48675eb53@group-C7B3DAB1BD24: changes role from  FOLLOWER to CANDIDATE at term 0 for changeToCandidate
2019-09-26 13:32:08,127 [Thread-1254] INFO  impl.RoleInfo (RoleInfo.java:updateAndGet(143)) - dacd514e-d0f2-4f80-a7b7-f5c48675eb53: start LeaderElection
2019-09-26 13:32:08,139 [dacd514e-d0f2-4f80-a7b7-f5c48675eb53@group-C7B3DAB1BD24:LeaderElection76] INFO  impl.LeaderElection (LeaderElection.java:askForVotes(182)) - dacd514e-d0f2-4f80-a7b7-f5c48675eb53@group-C7B3DAB1BD24:LeaderElection76: begin an election at term 1 for -1: [dacd514e-d0f2-4f80-a7b7-f5c48675eb53:192.168.164.238:34147], old=null
2019-09-26 13:32:08,139 [1f806e80-696f-4e1e-8d02-ece25156c36a@group-8C53778F9814:LeaderElection75] INFO  impl.LeaderElection (LeaderElection.java:askForVotes(182)) - 1f806e80-696f-4e1e-8d02-ece25156c36a@group-8C53778F9814:LeaderElection75: begin an election at term 1 for -1: [1f806e80-696f-4e1e-8d02-ece25156c36a:192.168.164.238:40523], old=null
2019-09-26 13:32:08,139 [dacd514e-d0f2-4f80-a7b7-f5c48675eb53@group-C7B3DAB1BD24:LeaderElection76] INFO  impl.RoleInfo (RoleInfo.java:shutdownLeaderElection(134)) - dacd514e-d0f2-4f80-a7b7-f5c48675eb53: shutdown LeaderElection
2019-09-26 13:32:08,139 [1f806e80-696f-4e1e-8d02-ece25156c36a@group-8C53778F9814:LeaderElection75] INFO  impl.RoleInfo (RoleInfo.java:shutdownLeaderElection(134)) - 1f806e80-696f-4e1e-8d02-ece25156c36a: shutdown LeaderElection
2019-09-26 13:32:08,139 [dacd514e-d0f2-4f80-a7b7-f5c48675eb53@group-C7B3DAB1BD24:LeaderElection76] INFO  impl.RaftServerImpl (RaftServerImpl.java:setRole(174)) - dacd514e-d0f2-4f80-a7b7-f5c48675eb53@group-C7B3DAB1BD24: changes role from CANDIDATE to LEADER at term 1 for changeToLeader
2019-09-26 13:32:08,140 [1f806e80-696f-4e1e-8d02-ece25156c36a@group-8C53778F9814:LeaderElection75] INFO  impl.RaftServerImpl (RaftServerImpl.java:setRole(174)) - 1f806e80-696f-4e1e-8d02-ece25156c36a@group-8C53778F9814: changes role from CANDIDATE to LEADER at term 1 for changeToLeader
2019-09-26 13:32:08,140 [dacd514e-d0f2-4f80-a7b7-f5c48675eb53@group-C7B3DAB1BD24:LeaderElection76] INFO  impl.RaftServerImpl (ServerState.java:setLeader(253)) - dacd514e-d0f2-4f80-a7b7-f5c48675eb53@group-C7B3DAB1BD24: change Leader from null to dacd514e-d0f2-4f80-a7b7-f5c48675eb53 at term 1 for becomeLeader, leader elected after 5164ms
2019-09-26 13:32:08,140 [1f806e80-696f-4e1e-8d02-ece25156c36a@group-8C53778F9814:LeaderElection75] INFO  impl.RaftServerImpl (ServerState.java:setLeader(253)) - 1f806e80-696f-4e1e-8d02-ece25156c36a@group-8C53778F9814: change Leader from null to 1f806e80-696f-4e1e-8d02-ece25156c36a at term 1 for becomeLeader, leader elected after 5071ms
2019-09-26 13:32:08,140 [dacd514e-d0f2-4f80-a7b7-f5c48675eb53@group-C7B3DAB1BD24:LeaderElection76] INFO  server.RaftServerConfigKeys (ConfUtils.java:logGet(43)) - raft.server.staging.catchup.gap = 1000 (default)
2019-09-26 13:32:08,140 [1f806e80-696f-4e1e-8d02-ece25156c36a@group-8C53778F9814:LeaderElection75] INFO  server.RaftServerConfigKeys (ConfUtils.java:logGet(43)) - raft.server.staging.catchup.gap = 1000 (default)
2019-09-26 13:32:08,140 [dacd514e-d0f2-4f80-a7b7-f5c48675eb53@group-C7B3DAB1BD24:LeaderElection76] INFO  server.RaftServerConfigKeys (ConfUtils.java:logGet(43)) - raft.server.rpc.sleep.time = 25ms (default)
2019-09-26 13:32:08,140 [1f806e80-696f-4e1e-8d02-ece25156c36a@group-8C53778F9814:LeaderElection75] INFO  server.RaftServerConfigKeys (ConfUtils.java:logGet(43)) - raft.server.rpc.sleep.time = 25ms (default)
2019-09-26 13:32:08,140 [dacd514e-d0f2-4f80-a7b7-f5c48675eb53@group-C7B3DAB1BD24:LeaderElection76] INFO  server.RaftServerConfigKeys (ConfUtils.java:logGet(43)) - raft.server.write.element-limit = 4096 (default)
2019-09-26 13:32:08,140 [1f806e80-696f-4e1e-8d02-ece25156c36a@group-8C53778F9814:LeaderElection75] INFO  server.RaftServerConfigKeys (ConfUtils.java:logGet(43)) - raft.server.write.element-limit = 4096 (default)
2019-09-26 13:32:08,140 [dacd514e-d0f2-4f80-a7b7-f5c48675eb53@group-C7B3DAB1BD24:LeaderElection76] INFO  server.RaftServerConfigKeys (ConfUtils.java:logGet(43)) - raft.server.watch.timeout = 10s (default)
2019-09-26 13:32:08,140 [1f806e80-696f-4e1e-8d02-ece25156c36a@group-8C53778F9814:LeaderElection75] INFO  server.RaftServerConfigKeys (ConfUtils.java:logGet(43)) - raft.server.watch.timeout = 10s (default)
2019-09-26 13:32:08,140 [dacd514e-d0f2-4f80-a7b7-f5c48675eb53@group-C7B3DAB1BD24:LeaderElection76] INFO  server.RaftServerConfigKeys (ConfUtils.java:logGet(43)) - raft.server.watch.timeout.denomination = 1s (default)
2019-09-26 13:32:08,141 [1f806e80-696f-4e1e-8d02-ece25156c36a@group-8C53778F9814:LeaderElection75] INFO  server.RaftServerConfigKeys (ConfUtils.java:logGet(43)) - raft.server.watch.timeout.denomination = 1s (default)
2019-09-26 13:32:08,141 [dacd514e-d0f2-4f80-a7b7-f5c48675eb53@group-C7B3DAB1BD24:LeaderElection76] INFO  server.RaftServerConfigKeys (ConfUtils.java:logGet(43)) - raft.server.watch.element-limit = 65536 (default)
2019-09-26 13:32:08,141 [1f806e80-696f-4e1e-8d02-ece25156c36a@group-8C53778F9814:LeaderElection75] INFO  server.RaftServerConfigKeys (ConfUtils.java:logGet(43)) - raft.server.watch.element-limit = 65536 (default)
2019-09-26 13:32:08,143 [dacd514e-d0f2-4f80-a7b7-f5c48675eb53@group-C7B3DAB1BD24:LeaderElection76] INFO  impl.RoleInfo (RoleInfo.java:updateAndGet(143)) - dacd514e-d0f2-4f80-a7b7-f5c48675eb53: start LeaderState
2019-09-26 13:32:08,143 [dacd514e-d0f2-4f80-a7b7-f5c48675eb53@group-C7B3DAB1BD24:LeaderElection76] INFO  segmented.SegmentedRaftLogWorker (SegmentedRaftLogWorker.java:startLogSegment(380)) - dacd514e-d0f2-4f80-a7b7-f5c48675eb53@group-C7B3DAB1BD24-SegmentedRaftLogWorker: Starting segment from index:0
2019-09-26 13:32:08,143 [1f806e80-696f-4e1e-8d02-ece25156c36a@group-8C53778F9814:LeaderElection75] INFO  impl.RoleInfo (RoleInfo.java:updateAndGet(143)) - 1f806e80-696f-4e1e-8d02-ece25156c36a: start LeaderState
2019-09-26 13:32:08,144 [dacd514e-d0f2-4f80-a7b7-f5c48675eb53@group-C7B3DAB1BD24:LeaderElection76] INFO  impl.RaftServerImpl (ServerState.java:setRaftConf(354)) - dacd514e-d0f2-4f80-a7b7-f5c48675eb53@group-C7B3DAB1BD24: set configuration 0: [dacd514e-d0f2-4f80-a7b7-f5c48675eb53:192.168.164.238:34147], old=null at 0
2019-09-26 13:32:08,144 [1f806e80-696f-4e1e-8d02-ece25156c36a@group-8C53778F9814:LeaderElection75] INFO  segmented.SegmentedRaftLogWorker (SegmentedRaftLogWorker.java:startLogSegment(380)) - 1f806e80-696f-4e1e-8d02-ece25156c36a@group-8C53778F9814-SegmentedRaftLogWorker: Starting segment from index:0
2019-09-26 13:32:08,144 [1f806e80-696f-4e1e-8d02-ece25156c36a@group-8C53778F9814:LeaderElection75] INFO  impl.RaftServerImpl (ServerState.java:setRaftConf(354)) - 1f806e80-696f-4e1e-8d02-ece25156c36a@group-8C53778F9814: set configuration 0: [1f806e80-696f-4e1e-8d02-ece25156c36a:192.168.164.238:40523], old=null at 0
2019-09-26 13:32:08,154 [dacd514e-d0f2-4f80-a7b7-f5c48675eb53@group-141FA4C9B9B7-SegmentedRaftLogWorker] INFO  segmented.SegmentedRaftLogWorker (SegmentedRaftLogWorker.java:execute(569)) - dacd514e-d0f2-4f80-a7b7-f5c48675eb53@group-141FA4C9B9B7-SegmentedRaftLogWorker: created new log segment /workdir/hadoop-ozone/ozonefs/target/test-dir/MiniOzoneClusterImpl-f978b247-e176-4f00-b4b9-b4bec99d4730/datanode-0/data/ratis/9d460cec-d101-43f8-b6eb-141fa4c9b9b7/current/log_inprogress_0
2019-09-26 13:32:08,157 [dacd514e-d0f2-4f80-a7b7-f5c48675eb53@group-2EF9077E48FA-SegmentedRaftLogWorker] INFO  segmented.SegmentedRaftLogWorker (SegmentedRaftLogWorker.java:execute(569)) - dacd514e-d0f2-4f80-a7b7-f5c48675eb53@group-2EF9077E48FA-SegmentedRaftLogWorker: created new log segment /workdir/hadoop-ozone/ozonefs/target/test-dir/MiniOzoneClusterImpl-f978b247-e176-4f00-b4b9-b4bec99d4730/datanode-0/data/ratis/346a482b-e5a6-4450-8c25-2ef9077e48fa/current/log_inprogress_0
2019-09-26 13:32:08,158 [Thread-1263] INFO  impl.FollowerState (FollowerState.java:run(106)) - e16dff8c-a16b-40c6-b6a2-90a35c3deb9f:group-676DC8C44BE6 changes to CANDIDATE, lastRpcTime:5055, electionTimeout:5055ms
2019-09-26 13:32:08,159 [Thread-1263] INFO  impl.RoleInfo (RoleInfo.java:shutdownFollowerState(121)) - e16dff8c-a16b-40c6-b6a2-90a35c3deb9f: shutdown FollowerState
2019-09-26 13:32:08,159 [Thread-1263] INFO  impl.RaftServerImpl (RaftServerImpl.java:setRole(174)) - e16dff8c-a16b-40c6-b6a2-90a35c3deb9f@group-676DC8C44BE6: changes role from  FOLLOWER to CANDIDATE at term 0 for changeToCandidate
2019-09-26 13:32:08,159 [Thread-1263] INFO  impl.RoleInfo (RoleInfo.java:updateAndGet(143)) - e16dff8c-a16b-40c6-b6a2-90a35c3deb9f: start LeaderElection
2019-09-26 13:32:08,162 [e16dff8c-a16b-40c6-b6a2-90a35c3deb9f@group-676DC8C44BE6:LeaderElection77] INFO  impl.LeaderElection (LeaderElection.java:askForVotes(182)) - e16dff8c-a16b-40c6-b6a2-90a35c3deb9f@group-676DC8C44BE6:LeaderElection77: begin an election at term 1 for -1: [e16dff8c-a16b-40c6-b6a2-90a35c3deb9f:192.168.164.238:44441], old=null
2019-09-26 13:32:08,162 [e16dff8c-a16b-40c6-b6a2-90a35c3deb9f@group-676DC8C44BE6:LeaderElection77] INFO  impl.RoleInfo (RoleInfo.java:shutdownLeaderElection(134)) - e16dff8c-a16b-40c6-b6a2-90a35c3deb9f: shutdown LeaderElection
2019-09-26 13:32:08,162 [e16dff8c-a16b-40c6-b6a2-90a35c3deb9f@group-676DC8C44BE6:LeaderElection77] INFO  impl.RaftServerImpl (RaftServerImpl.java:setRole(174)) - e16dff8c-a16b-40c6-b6a2-90a35c3deb9f@group-676DC8C44BE6: changes role from CANDIDATE to LEADER at term 1 for changeToLeader
2019-09-26 13:32:08,163 [e16dff8c-a16b-40c6-b6a2-90a35c3deb9f@group-676DC8C44BE6:LeaderElection77] INFO  impl.RaftServerImpl (ServerState.java:setLeader(253)) - e16dff8c-a16b-40c6-b6a2-90a35c3deb9f@group-676DC8C44BE6: change Leader from null to e16dff8c-a16b-40c6-b6a2-90a35c3deb9f at term 1 for becomeLeader, leader elected after 5065ms
2019-09-26 13:32:08,163 [e16dff8c-a16b-40c6-b6a2-90a35c3deb9f@group-676DC8C44BE6:LeaderElection77] INFO  server.RaftServerConfigKeys (ConfUtils.java:logGet(43)) - raft.server.staging.catchup.gap = 1000 (default)
2019-09-26 13:32:08,163 [e16dff8c-a16b-40c6-b6a2-90a35c3deb9f@group-676DC8C44BE6:LeaderElection77] INFO  server.RaftServerConfigKeys (ConfUtils.java:logGet(43)) - raft.server.rpc.sleep.time = 25ms (default)
2019-09-26 13:32:08,163 [e16dff8c-a16b-40c6-b6a2-90a35c3deb9f@group-676DC8C44BE6:LeaderElection77] INFO  server.RaftServerConfigKeys (ConfUtils.java:logGet(43)) - raft.server.write.element-limit = 4096 (default)
2019-09-26 13:32:08,163 [e16dff8c-a16b-40c6-b6a2-90a35c3deb9f@group-676DC8C44BE6:LeaderElection77] INFO  server.RaftServerConfigKeys (ConfUtils.java:logGet(43)) - raft.server.watch.timeout = 10s (default)
2019-09-26 13:32:08,163 [e16dff8c-a16b-40c6-b6a2-90a35c3deb9f@group-676DC8C44BE6:LeaderElection77] INFO  server.RaftServerConfigKeys (ConfUtils.java:logGet(43)) - raft.server.watch.timeout.denomination = 1s (default)
2019-09-26 13:32:08,163 [e16dff8c-a16b-40c6-b6a2-90a35c3deb9f@group-676DC8C44BE6:LeaderElection77] INFO  server.RaftServerConfigKeys (ConfUtils.java:logGet(43)) - raft.server.watch.element-limit = 65536 (default)
2019-09-26 13:32:08,165 [e16dff8c-a16b-40c6-b6a2-90a35c3deb9f@group-676DC8C44BE6:LeaderElection77] INFO  impl.RoleInfo (RoleInfo.java:updateAndGet(143)) - e16dff8c-a16b-40c6-b6a2-90a35c3deb9f: start LeaderState
2019-09-26 13:32:08,165 [e16dff8c-a16b-40c6-b6a2-90a35c3deb9f@group-676DC8C44BE6:LeaderElection77] INFO  segmented.SegmentedRaftLogWorker (SegmentedRaftLogWorker.java:startLogSegment(380)) - e16dff8c-a16b-40c6-b6a2-90a35c3deb9f@group-676DC8C44BE6-SegmentedRaftLogWorker: Starting segment from index:0
2019-09-26 13:32:08,166 [e16dff8c-a16b-40c6-b6a2-90a35c3deb9f@group-676DC8C44BE6:LeaderElection77] INFO  impl.RaftServerImpl (ServerState.java:setRaftConf(354)) - e16dff8c-a16b-40c6-b6a2-90a35c3deb9f@group-676DC8C44BE6: set configuration 0: [e16dff8c-a16b-40c6-b6a2-90a35c3deb9f:192.168.164.238:44441], old=null at 0
2019-09-26 13:32:08,186 [1f806e80-696f-4e1e-8d02-ece25156c36a@group-8C53778F9814-SegmentedRaftLogWorker] INFO  segmented.SegmentedRaftLogWorker (SegmentedRaftLogWorker.java:execute(569)) - 1f806e80-696f-4e1e-8d02-ece25156c36a@group-8C53778F9814-SegmentedRaftLogWorker: created new log segment /workdir/hadoop-ozone/ozonefs/target/test-dir/MiniOzoneClusterImpl-f978b247-e176-4f00-b4b9-b4bec99d4730/datanode-1/data/ratis/b4fc7eed-a841-47ca-92bd-8c53778f9814/current/log_inprogress_0
2019-09-26 13:32:08,186 [dacd514e-d0f2-4f80-a7b7-f5c48675eb53@group-C7B3DAB1BD24-SegmentedRaftLogWorker] INFO  segmented.SegmentedRaftLogWorker (SegmentedRaftLogWorker.java:execute(569)) - dacd514e-d0f2-4f80-a7b7-f5c48675eb53@group-C7B3DAB1BD24-SegmentedRaftLogWorker: created new log segment /workdir/hadoop-ozone/ozonefs/target/test-dir/MiniOzoneClusterImpl-f978b247-e176-4f00-b4b9-b4bec99d4730/datanode-0/data/ratis/72959453-5c8d-4b04-beae-c7b3dab1bd24/current/log_inprogress_0
2019-09-26 13:32:08,203 [e16dff8c-a16b-40c6-b6a2-90a35c3deb9f@group-676DC8C44BE6-SegmentedRaftLogWorker] INFO  segmented.SegmentedRaftLogWorker (SegmentedRaftLogWorker.java:execute(569)) - e16dff8c-a16b-40c6-b6a2-90a35c3deb9f@group-676DC8C44BE6-SegmentedRaftLogWorker: created new log segment /workdir/hadoop-ozone/ozonefs/target/test-dir/MiniOzoneClusterImpl-f978b247-e176-4f00-b4b9-b4bec99d4730/datanode-2/data/ratis/4e08917b-d742-4496-b696-676dc8c44be6/current/log_inprogress_0
2019-09-26 13:32:08,242 [Thread-1275] INFO  impl.FollowerState (FollowerState.java:run(106)) - dacd514e-d0f2-4f80-a7b7-f5c48675eb53:group-6B9B8B4BD647 changes to CANDIDATE, lastRpcTime:5002, electionTimeout:5002ms
2019-09-26 13:32:08,243 [Thread-1275] INFO  impl.RoleInfo (RoleInfo.java:shutdownFollowerState(121)) - dacd514e-d0f2-4f80-a7b7-f5c48675eb53: shutdown FollowerState
2019-09-26 13:32:08,243 [Thread-1275] INFO  impl.RaftServerImpl (RaftServerImpl.java:setRole(174)) - dacd514e-d0f2-4f80-a7b7-f5c48675eb53@group-6B9B8B4BD647: changes role from  FOLLOWER to CANDIDATE at term 0 for changeToCandidate
2019-09-26 13:32:08,243 [Thread-1275] INFO  impl.RoleInfo (RoleInfo.java:updateAndGet(143)) - dacd514e-d0f2-4f80-a7b7-f5c48675eb53: start LeaderElection
2019-09-26 13:32:08,245 [Thread-1272] INFO  impl.FollowerState (FollowerState.java:run(106)) - dacd514e-d0f2-4f80-a7b7-f5c48675eb53:group-54BB061E4A53 changes to CANDIDATE, lastRpcTime:5044, electionTimeout:5044ms
2019-09-26 13:32:08,245 [Thread-1272] INFO  impl.RoleInfo (RoleInfo.java:shutdownFollowerState(121)) - dacd514e-d0f2-4f80-a7b7-f5c48675eb53: shutdown FollowerState
2019-09-26 13:32:08,245 [Thread-1272] INFO  impl.RaftServerImpl (RaftServerImpl.java:setRole(174)) - dacd514e-d0f2-4f80-a7b7-f5c48675eb53@group-54BB061E4A53: changes role from  FOLLOWER to CANDIDATE at term 0 for changeToCandidate
2019-09-26 13:32:08,246 [Thread-1272] INFO  impl.RoleInfo (RoleInfo.java:updateAndGet(143)) - dacd514e-d0f2-4f80-a7b7-f5c48675eb53: start LeaderElection
2019-09-26 13:32:08,256 [dacd514e-d0f2-4f80-a7b7-f5c48675eb53@group-6B9B8B4BD647:LeaderElection78] INFO  impl.LeaderElection (LeaderElection.java:askForVotes(182)) - dacd514e-d0f2-4f80-a7b7-f5c48675eb53@group-6B9B8B4BD647:LeaderElection78: begin an election at term 1 for -1: [dacd514e-d0f2-4f80-a7b7-f5c48675eb53:192.168.164.238:34147], old=null
2019-09-26 13:32:08,256 [dacd514e-d0f2-4f80-a7b7-f5c48675eb53@group-54BB061E4A53:LeaderElection79] INFO  impl.LeaderElection (LeaderElection.java:askForVotes(182)) - dacd514e-d0f2-4f80-a7b7-f5c48675eb53@group-54BB061E4A53:LeaderElection79: begin an election at term 1 for -1: [dacd514e-d0f2-4f80-a7b7-f5c48675eb53:192.168.164.238:34147], old=null
2019-09-26 13:32:08,256 [dacd514e-d0f2-4f80-a7b7-f5c48675eb53@group-6B9B8B4BD647:LeaderElection78] INFO  impl.RoleInfo (RoleInfo.java:shutdownLeaderElection(134)) - dacd514e-d0f2-4f80-a7b7-f5c48675eb53: shutdown LeaderElection
2019-09-26 13:32:08,256 [dacd514e-d0f2-4f80-a7b7-f5c48675eb53@group-54BB061E4A53:LeaderElection79] INFO  impl.RoleInfo (RoleInfo.java:shutdownLeaderElection(134)) - dacd514e-d0f2-4f80-a7b7-f5c48675eb53: shutdown LeaderElection
2019-09-26 13:32:08,256 [dacd514e-d0f2-4f80-a7b7-f5c48675eb53@group-6B9B8B4BD647:LeaderElection78] INFO  impl.RaftServerImpl (RaftServerImpl.java:setRole(174)) - dacd514e-d0f2-4f80-a7b7-f5c48675eb53@group-6B9B8B4BD647: changes role from CANDIDATE to LEADER at term 1 for changeToLeader
2019-09-26 13:32:08,256 [dacd514e-d0f2-4f80-a7b7-f5c48675eb53@group-54BB061E4A53:LeaderElection79] INFO  impl.RaftServerImpl (RaftServerImpl.java:setRole(174)) - dacd514e-d0f2-4f80-a7b7-f5c48675eb53@group-54BB061E4A53: changes role from CANDIDATE to LEADER at term 1 for changeToLeader
2019-09-26 13:32:08,256 [dacd514e-d0f2-4f80-a7b7-f5c48675eb53@group-6B9B8B4BD647:LeaderElection78] INFO  impl.RaftServerImpl (ServerState.java:setLeader(253)) - dacd514e-d0f2-4f80-a7b7-f5c48675eb53@group-6B9B8B4BD647: change Leader from null to dacd514e-d0f2-4f80-a7b7-f5c48675eb53 at term 1 for becomeLeader, leader elected after 5021ms
2019-09-26 13:32:08,257 [dacd514e-d0f2-4f80-a7b7-f5c48675eb53@group-54BB061E4A53:LeaderElection79] INFO  impl.RaftServerImpl (ServerState.java:setLeader(253)) - dacd514e-d0f2-4f80-a7b7-f5c48675eb53@group-54BB061E4A53: change Leader from null to dacd514e-d0f2-4f80-a7b7-f5c48675eb53 at term 1 for becomeLeader, leader elected after 5061ms
2019-09-26 13:32:08,257 [dacd514e-d0f2-4f80-a7b7-f5c48675eb53@group-6B9B8B4BD647:LeaderElection78] INFO  server.RaftServerConfigKeys (ConfUtils.java:logGet(43)) - raft.server.staging.catchup.gap = 1000 (default)
2019-09-26 13:32:08,257 [dacd514e-d0f2-4f80-a7b7-f5c48675eb53@group-54BB061E4A53:LeaderElection79] INFO  server.RaftServerConfigKeys (ConfUtils.java:logGet(43)) - raft.server.staging.catchup.gap = 1000 (default)
2019-09-26 13:32:08,257 [dacd514e-d0f2-4f80-a7b7-f5c48675eb53@group-6B9B8B4BD647:LeaderElection78] INFO  server.RaftServerConfigKeys (ConfUtils.java:logGet(43)) - raft.server.rpc.sleep.time = 25ms (default)
2019-09-26 13:32:08,257 [dacd514e-d0f2-4f80-a7b7-f5c48675eb53@group-54BB061E4A53:LeaderElection79] INFO  server.RaftServerConfigKeys (ConfUtils.java:logGet(43)) - raft.server.rpc.sleep.time = 25ms (default)
2019-09-26 13:32:08,257 [dacd514e-d0f2-4f80-a7b7-f5c48675eb53@group-6B9B8B4BD647:LeaderElection78] INFO  server.RaftServerConfigKeys (ConfUtils.java:logGet(43)) - raft.server.write.element-limit = 4096 (default)
2019-09-26 13:32:08,257 [dacd514e-d0f2-4f80-a7b7-f5c48675eb53@group-54BB061E4A53:LeaderElection79] INFO  server.RaftServerConfigKeys (ConfUtils.java:logGet(43)) - raft.server.write.element-limit = 4096 (default)
2019-09-26 13:32:08,257 [dacd514e-d0f2-4f80-a7b7-f5c48675eb53@group-6B9B8B4BD647:LeaderElection78] INFO  server.RaftServerConfigKeys (ConfUtils.java:logGet(43)) - raft.server.watch.timeout = 10s (default)
2019-09-26 13:32:08,258 [dacd514e-d0f2-4f80-a7b7-f5c48675eb53@group-54BB061E4A53:LeaderElection79] INFO  server.RaftServerConfigKeys (ConfUtils.java:logGet(43)) - raft.server.watch.timeout = 10s (default)
2019-09-26 13:32:08,258 [dacd514e-d0f2-4f80-a7b7-f5c48675eb53@group-6B9B8B4BD647:LeaderElection78] INFO  server.RaftServerConfigKeys (ConfUtils.java:logGet(43)) - raft.server.watch.timeout.denomination = 1s (default)
2019-09-26 13:32:08,258 [dacd514e-d0f2-4f80-a7b7-f5c48675eb53@group-54BB061E4A53:LeaderElection79] INFO  server.RaftServerConfigKeys (ConfUtils.java:logGet(43)) - raft.server.watch.timeout.denomination = 1s (default)
2019-09-26 13:32:08,258 [dacd514e-d0f2-4f80-a7b7-f5c48675eb53@group-6B9B8B4BD647:LeaderElection78] INFO  server.RaftServerConfigKeys (ConfUtils.java:logGet(43)) - raft.server.watch.element-limit = 65536 (default)
2019-09-26 13:32:08,258 [dacd514e-d0f2-4f80-a7b7-f5c48675eb53@group-54BB061E4A53:LeaderElection79] INFO  server.RaftServerConfigKeys (ConfUtils.java:logGet(43)) - raft.server.watch.element-limit = 65536 (default)
2019-09-26 13:32:08,260 [dacd514e-d0f2-4f80-a7b7-f5c48675eb53@group-6B9B8B4BD647:LeaderElection78] INFO  impl.RoleInfo (RoleInfo.java:updateAndGet(143)) - dacd514e-d0f2-4f80-a7b7-f5c48675eb53: start LeaderState
2019-09-26 13:32:08,260 [dacd514e-d0f2-4f80-a7b7-f5c48675eb53@group-6B9B8B4BD647:LeaderElection78] INFO  segmented.SegmentedRaftLogWorker (SegmentedRaftLogWorker.java:startLogSegment(380)) - dacd514e-d0f2-4f80-a7b7-f5c48675eb53@group-6B9B8B4BD647-SegmentedRaftLogWorker: Starting segment from index:0
2019-09-26 13:32:08,261 [dacd514e-d0f2-4f80-a7b7-f5c48675eb53@group-6B9B8B4BD647:LeaderElection78] INFO  impl.RaftServerImpl (ServerState.java:setRaftConf(354)) - dacd514e-d0f2-4f80-a7b7-f5c48675eb53@group-6B9B8B4BD647: set configuration 0: [dacd514e-d0f2-4f80-a7b7-f5c48675eb53:192.168.164.238:34147], old=null at 0
2019-09-26 13:32:08,261 [dacd514e-d0f2-4f80-a7b7-f5c48675eb53@group-54BB061E4A53:LeaderElection79] INFO  impl.RoleInfo (RoleInfo.java:updateAndGet(143)) - dacd514e-d0f2-4f80-a7b7-f5c48675eb53: start LeaderState
2019-09-26 13:32:08,261 [dacd514e-d0f2-4f80-a7b7-f5c48675eb53@group-54BB061E4A53:LeaderElection79] INFO  segmented.SegmentedRaftLogWorker (SegmentedRaftLogWorker.java:startLogSegment(380)) - dacd514e-d0f2-4f80-a7b7-f5c48675eb53@group-54BB061E4A53-SegmentedRaftLogWorker: Starting segment from index:0
2019-09-26 13:32:08,261 [dacd514e-d0f2-4f80-a7b7-f5c48675eb53@group-54BB061E4A53:LeaderElection79] INFO  impl.RaftServerImpl (ServerState.java:setRaftConf(354)) - dacd514e-d0f2-4f80-a7b7-f5c48675eb53@group-54BB061E4A53: set configuration 0: [dacd514e-d0f2-4f80-a7b7-f5c48675eb53:192.168.164.238:34147], old=null at 0
2019-09-26 13:32:08,305 [dacd514e-d0f2-4f80-a7b7-f5c48675eb53@group-54BB061E4A53-SegmentedRaftLogWorker] INFO  segmented.SegmentedRaftLogWorker (SegmentedRaftLogWorker.java:execute(569)) - dacd514e-d0f2-4f80-a7b7-f5c48675eb53@group-54BB061E4A53-SegmentedRaftLogWorker: created new log segment /workdir/hadoop-ozone/ozonefs/target/test-dir/MiniOzoneClusterImpl-f978b247-e176-4f00-b4b9-b4bec99d4730/datanode-0/data/ratis/88bbeff3-b973-401e-9c55-54bb061e4a53/current/log_inprogress_0
2019-09-26 13:32:08,305 [dacd514e-d0f2-4f80-a7b7-f5c48675eb53@group-6B9B8B4BD647-SegmentedRaftLogWorker] INFO  segmented.SegmentedRaftLogWorker (SegmentedRaftLogWorker.java:execute(569)) - dacd514e-d0f2-4f80-a7b7-f5c48675eb53@group-6B9B8B4BD647-SegmentedRaftLogWorker: created new log segment /workdir/hadoop-ozone/ozonefs/target/test-dir/MiniOzoneClusterImpl-f978b247-e176-4f00-b4b9-b4bec99d4730/datanode-0/data/ratis/a2461974-4b59-4fed-b298-6b9b8b4bd647/current/log_inprogress_0
2019-09-26 13:32:08,315 [Thread-1266] INFO  impl.FollowerState (FollowerState.java:run(106)) - dacd514e-d0f2-4f80-a7b7-f5c48675eb53:group-5757460B3C87 changes to CANDIDATE, lastRpcTime:5189, electionTimeout:5189ms
2019-09-26 13:32:08,316 [Thread-1266] INFO  impl.RoleInfo (RoleInfo.java:shutdownFollowerState(121)) - dacd514e-d0f2-4f80-a7b7-f5c48675eb53: shutdown FollowerState
2019-09-26 13:32:08,316 [Thread-1266] INFO  impl.RaftServerImpl (RaftServerImpl.java:setRole(174)) - dacd514e-d0f2-4f80-a7b7-f5c48675eb53@group-5757460B3C87: changes role from  FOLLOWER to CANDIDATE at term 0 for changeToCandidate
2019-09-26 13:32:08,316 [Thread-1266] INFO  impl.RoleInfo (RoleInfo.java:updateAndGet(143)) - dacd514e-d0f2-4f80-a7b7-f5c48675eb53: start LeaderElection
2019-09-26 13:32:08,327 [dacd514e-d0f2-4f80-a7b7-f5c48675eb53@group-5757460B3C87:LeaderElection80] INFO  impl.LeaderElection (LeaderElection.java:askForVotes(182)) - dacd514e-d0f2-4f80-a7b7-f5c48675eb53@group-5757460B3C87:LeaderElection80: begin an election at term 1 for -1: [dacd514e-d0f2-4f80-a7b7-f5c48675eb53:192.168.164.238:34147], old=null
2019-09-26 13:32:08,327 [dacd514e-d0f2-4f80-a7b7-f5c48675eb53@group-5757460B3C87:LeaderElection80] INFO  impl.RoleInfo (RoleInfo.java:shutdownLeaderElection(134)) - dacd514e-d0f2-4f80-a7b7-f5c48675eb53: shutdown LeaderElection
2019-09-26 13:32:08,327 [dacd514e-d0f2-4f80-a7b7-f5c48675eb53@group-5757460B3C87:LeaderElection80] INFO  impl.RaftServerImpl (RaftServerImpl.java:setRole(174)) - dacd514e-d0f2-4f80-a7b7-f5c48675eb53@group-5757460B3C87: changes role from CANDIDATE to LEADER at term 1 for changeToLeader
2019-09-26 13:32:08,327 [dacd514e-d0f2-4f80-a7b7-f5c48675eb53@group-5757460B3C87:LeaderElection80] INFO  impl.RaftServerImpl (ServerState.java:setLeader(253)) - dacd514e-d0f2-4f80-a7b7-f5c48675eb53@group-5757460B3C87: change Leader from null to dacd514e-d0f2-4f80-a7b7-f5c48675eb53 at term 1 for becomeLeader, leader elected after 5205ms
2019-09-26 13:32:08,328 [dacd514e-d0f2-4f80-a7b7-f5c48675eb53@group-5757460B3C87:LeaderElection80] INFO  server.RaftServerConfigKeys (ConfUtils.java:logGet(43)) - raft.server.staging.catchup.gap = 1000 (default)
2019-09-26 13:32:08,328 [dacd514e-d0f2-4f80-a7b7-f5c48675eb53@group-5757460B3C87:LeaderElection80] INFO  server.RaftServerConfigKeys (ConfUtils.java:logGet(43)) - raft.server.rpc.sleep.time = 25ms (default)
2019-09-26 13:32:08,328 [dacd514e-d0f2-4f80-a7b7-f5c48675eb53@group-5757460B3C87:LeaderElection80] INFO  server.RaftServerConfigKeys (ConfUtils.java:logGet(43)) - raft.server.write.element-limit = 4096 (default)
2019-09-26 13:32:08,328 [dacd514e-d0f2-4f80-a7b7-f5c48675eb53@group-5757460B3C87:LeaderElection80] INFO  server.RaftServerConfigKeys (ConfUtils.java:logGet(43)) - raft.server.watch.timeout = 10s (default)
2019-09-26 13:32:08,328 [dacd514e-d0f2-4f80-a7b7-f5c48675eb53@group-5757460B3C87:LeaderElection80] INFO  server.RaftServerConfigKeys (ConfUtils.java:logGet(43)) - raft.server.watch.timeout.denomination = 1s (default)
2019-09-26 13:32:08,328 [dacd514e-d0f2-4f80-a7b7-f5c48675eb53@group-5757460B3C87:LeaderElection80] INFO  server.RaftServerConfigKeys (ConfUtils.java:logGet(43)) - raft.server.watch.element-limit = 65536 (default)
2019-09-26 13:32:08,330 [dacd514e-d0f2-4f80-a7b7-f5c48675eb53@group-5757460B3C87:LeaderElection80] INFO  impl.RoleInfo (RoleInfo.java:updateAndGet(143)) - dacd514e-d0f2-4f80-a7b7-f5c48675eb53: start LeaderState
2019-09-26 13:32:08,330 [dacd514e-d0f2-4f80-a7b7-f5c48675eb53@group-5757460B3C87:LeaderElection80] INFO  segmented.SegmentedRaftLogWorker (SegmentedRaftLogWorker.java:startLogSegment(380)) - dacd514e-d0f2-4f80-a7b7-f5c48675eb53@group-5757460B3C87-SegmentedRaftLogWorker: Starting segment from index:0
2019-09-26 13:32:08,330 [dacd514e-d0f2-4f80-a7b7-f5c48675eb53@group-5757460B3C87:LeaderElection80] INFO  impl.RaftServerImpl (ServerState.java:setRaftConf(354)) - dacd514e-d0f2-4f80-a7b7-f5c48675eb53@group-5757460B3C87: set configuration 0: [dacd514e-d0f2-4f80-a7b7-f5c48675eb53:192.168.164.238:34147], old=null at 0
2019-09-26 13:32:08,331 [Thread-1269] INFO  impl.FollowerState (FollowerState.java:run(106)) - 1f806e80-696f-4e1e-8d02-ece25156c36a:group-95A51C2742B0 changes to CANDIDATE, lastRpcTime:5182, electionTimeout:5182ms
2019-09-26 13:32:08,331 [Thread-1269] INFO  impl.RoleInfo (RoleInfo.java:shutdownFollowerState(121)) - 1f806e80-696f-4e1e-8d02-ece25156c36a: shutdown FollowerState
2019-09-26 13:32:08,331 [Thread-1269] INFO  impl.RaftServerImpl (RaftServerImpl.java:setRole(174)) - 1f806e80-696f-4e1e-8d02-ece25156c36a@group-95A51C2742B0: changes role from  FOLLOWER to CANDIDATE at term 0 for changeToCandidate
2019-09-26 13:32:08,332 [Thread-1269] INFO  impl.RoleInfo (RoleInfo.java:updateAndGet(143)) - 1f806e80-696f-4e1e-8d02-ece25156c36a: start LeaderElection
2019-09-26 13:32:08,341 [Thread-1278] INFO  impl.FollowerState (FollowerState.java:run(106)) - e16dff8c-a16b-40c6-b6a2-90a35c3deb9f:group-7B4FDFBAB1BB changes to CANDIDATE, lastRpcTime:5062, electionTimeout:5062ms
2019-09-26 13:32:08,341 [Thread-1278] INFO  impl.RoleInfo (RoleInfo.java:shutdownFollowerState(121)) - e16dff8c-a16b-40c6-b6a2-90a35c3deb9f: shutdown FollowerState
2019-09-26 13:32:08,341 [Thread-1278] INFO  impl.RaftServerImpl (RaftServerImpl.java:setRole(174)) - e16dff8c-a16b-40c6-b6a2-90a35c3deb9f@group-7B4FDFBAB1BB: changes role from  FOLLOWER to CANDIDATE at term 0 for changeToCandidate
2019-09-26 13:32:08,341 [Thread-1278] INFO  impl.RoleInfo (RoleInfo.java:updateAndGet(143)) - e16dff8c-a16b-40c6-b6a2-90a35c3deb9f: start LeaderElection
2019-09-26 13:32:08,345 [1f806e80-696f-4e1e-8d02-ece25156c36a@group-95A51C2742B0:LeaderElection81] INFO  impl.LeaderElection (LeaderElection.java:askForVotes(182)) - 1f806e80-696f-4e1e-8d02-ece25156c36a@group-95A51C2742B0:LeaderElection81: begin an election at term 1 for -1: [1f806e80-696f-4e1e-8d02-ece25156c36a:192.168.164.238:40523], old=null
2019-09-26 13:32:08,345 [1f806e80-696f-4e1e-8d02-ece25156c36a@group-95A51C2742B0:LeaderElection81] INFO  impl.RoleInfo (RoleInfo.java:shutdownLeaderElection(134)) - 1f806e80-696f-4e1e-8d02-ece25156c36a: shutdown LeaderElection
2019-09-26 13:32:08,345 [1f806e80-696f-4e1e-8d02-ece25156c36a@group-95A51C2742B0:LeaderElection81] INFO  impl.RaftServerImpl (RaftServerImpl.java:setRole(174)) - 1f806e80-696f-4e1e-8d02-ece25156c36a@group-95A51C2742B0: changes role from CANDIDATE to LEADER at term 1 for changeToLeader
2019-09-26 13:32:08,345 [1f806e80-696f-4e1e-8d02-ece25156c36a@group-95A51C2742B0:LeaderElection81] INFO  impl.RaftServerImpl (ServerState.java:setLeader(253)) - 1f806e80-696f-4e1e-8d02-ece25156c36a@group-95A51C2742B0: change Leader from null to 1f806e80-696f-4e1e-8d02-ece25156c36a at term 1 for becomeLeader, leader elected after 5201ms
2019-09-26 13:32:08,346 [1f806e80-696f-4e1e-8d02-ece25156c36a@group-95A51C2742B0:LeaderElection81] INFO  server.RaftServerConfigKeys (ConfUtils.java:logGet(43)) - raft.server.staging.catchup.gap = 1000 (default)
2019-09-26 13:32:08,346 [1f806e80-696f-4e1e-8d02-ece25156c36a@group-95A51C2742B0:LeaderElection81] INFO  server.RaftServerConfigKeys (ConfUtils.java:logGet(43)) - raft.server.rpc.sleep.time = 25ms (default)
2019-09-26 13:32:08,346 [1f806e80-696f-4e1e-8d02-ece25156c36a@group-95A51C2742B0:LeaderElection81] INFO  server.RaftServerConfigKeys (ConfUtils.java:logGet(43)) - raft.server.write.element-limit = 4096 (default)
2019-09-26 13:32:08,346 [1f806e80-696f-4e1e-8d02-ece25156c36a@group-95A51C2742B0:LeaderElection81] INFO  server.RaftServerConfigKeys (ConfUtils.java:logGet(43)) - raft.server.watch.timeout = 10s (default)
2019-09-26 13:32:08,346 [1f806e80-696f-4e1e-8d02-ece25156c36a@group-95A51C2742B0:LeaderElection81] INFO  server.RaftServerConfigKeys (ConfUtils.java:logGet(43)) - raft.server.watch.timeout.denomination = 1s (default)
2019-09-26 13:32:08,346 [1f806e80-696f-4e1e-8d02-ece25156c36a@group-95A51C2742B0:LeaderElection81] INFO  server.RaftServerConfigKeys (ConfUtils.java:logGet(43)) - raft.server.watch.element-limit = 65536 (default)
2019-09-26 13:32:08,347 [e16dff8c-a16b-40c6-b6a2-90a35c3deb9f@group-7B4FDFBAB1BB:LeaderElection82] INFO  impl.LeaderElection (LeaderElection.java:askForVotes(182)) - e16dff8c-a16b-40c6-b6a2-90a35c3deb9f@group-7B4FDFBAB1BB:LeaderElection82: begin an election at term 1 for -1: [e16dff8c-a16b-40c6-b6a2-90a35c3deb9f:192.168.164.238:44441], old=null
2019-09-26 13:32:08,347 [e16dff8c-a16b-40c6-b6a2-90a35c3deb9f@group-7B4FDFBAB1BB:LeaderElection82] INFO  impl.RoleInfo (RoleInfo.java:shutdownLeaderElection(134)) - e16dff8c-a16b-40c6-b6a2-90a35c3deb9f: shutdown LeaderElection
2019-09-26 13:32:08,347 [e16dff8c-a16b-40c6-b6a2-90a35c3deb9f@group-7B4FDFBAB1BB:LeaderElection82] INFO  impl.RaftServerImpl (RaftServerImpl.java:setRole(174)) - e16dff8c-a16b-40c6-b6a2-90a35c3deb9f@group-7B4FDFBAB1BB: changes role from CANDIDATE to LEADER at term 1 for changeToLeader
2019-09-26 13:32:08,347 [e16dff8c-a16b-40c6-b6a2-90a35c3deb9f@group-7B4FDFBAB1BB:LeaderElection82] INFO  impl.RaftServerImpl (ServerState.java:setLeader(253)) - e16dff8c-a16b-40c6-b6a2-90a35c3deb9f@group-7B4FDFBAB1BB: change Leader from null to e16dff8c-a16b-40c6-b6a2-90a35c3deb9f at term 1 for becomeLeader, leader elected after 5073ms
2019-09-26 13:32:08,347 [1f806e80-696f-4e1e-8d02-ece25156c36a@group-95A51C2742B0:LeaderElection81] INFO  impl.RoleInfo (RoleInfo.java:updateAndGet(143)) - 1f806e80-696f-4e1e-8d02-ece25156c36a: start LeaderState
2019-09-26 13:32:08,347 [e16dff8c-a16b-40c6-b6a2-90a35c3deb9f@group-7B4FDFBAB1BB:LeaderElection82] INFO  server.RaftServerConfigKeys (ConfUtils.java:logGet(43)) - raft.server.staging.catchup.gap = 1000 (default)
2019-09-26 13:32:08,347 [1f806e80-696f-4e1e-8d02-ece25156c36a@group-95A51C2742B0:LeaderElection81] INFO  segmented.SegmentedRaftLogWorker (SegmentedRaftLogWorker.java:startLogSegment(380)) - 1f806e80-696f-4e1e-8d02-ece25156c36a@group-95A51C2742B0-SegmentedRaftLogWorker: Starting segment from index:0
2019-09-26 13:32:08,348 [e16dff8c-a16b-40c6-b6a2-90a35c3deb9f@group-7B4FDFBAB1BB:LeaderElection82] INFO  server.RaftServerConfigKeys (ConfUtils.java:logGet(43)) - raft.server.rpc.sleep.time = 25ms (default)
2019-09-26 13:32:08,348 [e16dff8c-a16b-40c6-b6a2-90a35c3deb9f@group-7B4FDFBAB1BB:LeaderElection82] INFO  server.RaftServerConfigKeys (ConfUtils.java:logGet(43)) - raft.server.write.element-limit = 4096 (default)
2019-09-26 13:32:08,348 [1f806e80-696f-4e1e-8d02-ece25156c36a@group-95A51C2742B0:LeaderElection81] INFO  impl.RaftServerImpl (ServerState.java:setRaftConf(354)) - 1f806e80-696f-4e1e-8d02-ece25156c36a@group-95A51C2742B0: set configuration 0: [1f806e80-696f-4e1e-8d02-ece25156c36a:192.168.164.238:40523], old=null at 0
2019-09-26 13:32:08,348 [e16dff8c-a16b-40c6-b6a2-90a35c3deb9f@group-7B4FDFBAB1BB:LeaderElection82] INFO  server.RaftServerConfigKeys (ConfUtils.java:logGet(43)) - raft.server.watch.timeout = 10s (default)
2019-09-26 13:32:08,348 [e16dff8c-a16b-40c6-b6a2-90a35c3deb9f@group-7B4FDFBAB1BB:LeaderElection82] INFO  server.RaftServerConfigKeys (ConfUtils.java:logGet(43)) - raft.server.watch.timeout.denomination = 1s (default)
2019-09-26 13:32:08,348 [e16dff8c-a16b-40c6-b6a2-90a35c3deb9f@group-7B4FDFBAB1BB:LeaderElection82] INFO  server.RaftServerConfigKeys (ConfUtils.java:logGet(43)) - raft.server.watch.element-limit = 65536 (default)
2019-09-26 13:32:08,350 [e16dff8c-a16b-40c6-b6a2-90a35c3deb9f@group-7B4FDFBAB1BB:LeaderElection82] INFO  impl.RoleInfo (RoleInfo.java:updateAndGet(143)) - e16dff8c-a16b-40c6-b6a2-90a35c3deb9f: start LeaderState
2019-09-26 13:32:08,350 [e16dff8c-a16b-40c6-b6a2-90a35c3deb9f@group-7B4FDFBAB1BB:LeaderElection82] INFO  segmented.SegmentedRaftLogWorker (SegmentedRaftLogWorker.java:startLogSegment(380)) - e16dff8c-a16b-40c6-b6a2-90a35c3deb9f@group-7B4FDFBAB1BB-SegmentedRaftLogWorker: Starting segment from index:0
2019-09-26 13:32:08,351 [e16dff8c-a16b-40c6-b6a2-90a35c3deb9f@group-7B4FDFBAB1BB:LeaderElection82] INFO  impl.RaftServerImpl (ServerState.java:setRaftConf(354)) - e16dff8c-a16b-40c6-b6a2-90a35c3deb9f@group-7B4FDFBAB1BB: set configuration 0: [e16dff8c-a16b-40c6-b6a2-90a35c3deb9f:192.168.164.238:44441], old=null at 0
2019-09-26 13:32:08,366 [dacd514e-d0f2-4f80-a7b7-f5c48675eb53@group-5757460B3C87-SegmentedRaftLogWorker] INFO  segmented.SegmentedRaftLogWorker (SegmentedRaftLogWorker.java:execute(569)) - dacd514e-d0f2-4f80-a7b7-f5c48675eb53@group-5757460B3C87-SegmentedRaftLogWorker: created new log segment /workdir/hadoop-ozone/ozonefs/target/test-dir/MiniOzoneClusterImpl-f978b247-e176-4f00-b4b9-b4bec99d4730/datanode-0/data/ratis/f32a07b5-3feb-48ae-8758-5757460b3c87/current/log_inprogress_0
2019-09-26 13:32:08,387 [e16dff8c-a16b-40c6-b6a2-90a35c3deb9f@group-7B4FDFBAB1BB-SegmentedRaftLogWorker] INFO  segmented.SegmentedRaftLogWorker (SegmentedRaftLogWorker.java:execute(569)) - e16dff8c-a16b-40c6-b6a2-90a35c3deb9f@group-7B4FDFBAB1BB-SegmentedRaftLogWorker: created new log segment /workdir/hadoop-ozone/ozonefs/target/test-dir/MiniOzoneClusterImpl-f978b247-e176-4f00-b4b9-b4bec99d4730/datanode-2/data/ratis/15e2e067-1c7f-47d8-9802-7b4fdfbab1bb/current/log_inprogress_0
2019-09-26 13:32:08,387 [1f806e80-696f-4e1e-8d02-ece25156c36a@group-95A51C2742B0-SegmentedRaftLogWorker] INFO  segmented.SegmentedRaftLogWorker (SegmentedRaftLogWorker.java:execute(569)) - 1f806e80-696f-4e1e-8d02-ece25156c36a@group-95A51C2742B0-SegmentedRaftLogWorker: created new log segment /workdir/hadoop-ozone/ozonefs/target/test-dir/MiniOzoneClusterImpl-f978b247-e176-4f00-b4b9-b4bec99d4730/datanode-1/data/ratis/2eb93515-194e-4ee9-ad18-95a51c2742b0/current/log_inprogress_0
2019-09-26 13:32:08,432 [Thread-1281] INFO  impl.FollowerState (FollowerState.java:run(106)) - e16dff8c-a16b-40c6-b6a2-90a35c3deb9f:group-8F9763E920B0 changes to CANDIDATE, lastRpcTime:5111, electionTimeout:5111ms
2019-09-26 13:32:08,433 [Thread-1281] INFO  impl.RoleInfo (RoleInfo.java:shutdownFollowerState(121)) - e16dff8c-a16b-40c6-b6a2-90a35c3deb9f: shutdown FollowerState
2019-09-26 13:32:08,433 [Thread-1281] INFO  impl.RaftServerImpl (RaftServerImpl.java:setRole(174)) - e16dff8c-a16b-40c6-b6a2-90a35c3deb9f@group-8F9763E920B0: changes role from  FOLLOWER to CANDIDATE at term 0 for changeToCandidate
2019-09-26 13:32:08,433 [Thread-1281] INFO  impl.RoleInfo (RoleInfo.java:updateAndGet(143)) - e16dff8c-a16b-40c6-b6a2-90a35c3deb9f: start LeaderElection
2019-09-26 13:32:08,447 [e16dff8c-a16b-40c6-b6a2-90a35c3deb9f@group-8F9763E920B0:LeaderElection83] INFO  impl.LeaderElection (LeaderElection.java:askForVotes(182)) - e16dff8c-a16b-40c6-b6a2-90a35c3deb9f@group-8F9763E920B0:LeaderElection83: begin an election at term 1 for -1: [e16dff8c-a16b-40c6-b6a2-90a35c3deb9f:192.168.164.238:44441], old=null
2019-09-26 13:32:08,447 [e16dff8c-a16b-40c6-b6a2-90a35c3deb9f@group-8F9763E920B0:LeaderElection83] INFO  impl.RoleInfo (RoleInfo.java:shutdownLeaderElection(134)) - e16dff8c-a16b-40c6-b6a2-90a35c3deb9f: shutdown LeaderElection
2019-09-26 13:32:08,447 [e16dff8c-a16b-40c6-b6a2-90a35c3deb9f@group-8F9763E920B0:LeaderElection83] INFO  impl.RaftServerImpl (RaftServerImpl.java:setRole(174)) - e16dff8c-a16b-40c6-b6a2-90a35c3deb9f@group-8F9763E920B0: changes role from CANDIDATE to LEADER at term 1 for changeToLeader
2019-09-26 13:32:08,448 [e16dff8c-a16b-40c6-b6a2-90a35c3deb9f@group-8F9763E920B0:LeaderElection83] INFO  impl.RaftServerImpl (ServerState.java:setLeader(253)) - e16dff8c-a16b-40c6-b6a2-90a35c3deb9f@group-8F9763E920B0: change Leader from null to e16dff8c-a16b-40c6-b6a2-90a35c3deb9f at term 1 for becomeLeader, leader elected after 5131ms
2019-09-26 13:32:08,448 [e16dff8c-a16b-40c6-b6a2-90a35c3deb9f@group-8F9763E920B0:LeaderElection83] INFO  server.RaftServerConfigKeys (ConfUtils.java:logGet(43)) - raft.server.staging.catchup.gap = 1000 (default)
2019-09-26 13:32:08,448 [e16dff8c-a16b-40c6-b6a2-90a35c3deb9f@group-8F9763E920B0:LeaderElection83] INFO  server.RaftServerConfigKeys (ConfUtils.java:logGet(43)) - raft.server.rpc.sleep.time = 25ms (default)
2019-09-26 13:32:08,448 [e16dff8c-a16b-40c6-b6a2-90a35c3deb9f@group-8F9763E920B0:LeaderElection83] INFO  server.RaftServerConfigKeys (ConfUtils.java:logGet(43)) - raft.server.write.element-limit = 4096 (default)
2019-09-26 13:32:08,448 [e16dff8c-a16b-40c6-b6a2-90a35c3deb9f@group-8F9763E920B0:LeaderElection83] INFO  server.RaftServerConfigKeys (ConfUtils.java:logGet(43)) - raft.server.watch.timeout = 10s (default)
2019-09-26 13:32:08,449 [e16dff8c-a16b-40c6-b6a2-90a35c3deb9f@group-8F9763E920B0:LeaderElection83] INFO  server.RaftServerConfigKeys (ConfUtils.java:logGet(43)) - raft.server.watch.timeout.denomination = 1s (default)
2019-09-26 13:32:08,449 [e16dff8c-a16b-40c6-b6a2-90a35c3deb9f@group-8F9763E920B0:LeaderElection83] INFO  server.RaftServerConfigKeys (ConfUtils.java:logGet(43)) - raft.server.watch.element-limit = 65536 (default)
2019-09-26 13:32:08,451 [e16dff8c-a16b-40c6-b6a2-90a35c3deb9f@group-8F9763E920B0:LeaderElection83] INFO  impl.RoleInfo (RoleInfo.java:updateAndGet(143)) - e16dff8c-a16b-40c6-b6a2-90a35c3deb9f: start LeaderState
2019-09-26 13:32:08,452 [e16dff8c-a16b-40c6-b6a2-90a35c3deb9f@group-8F9763E920B0:LeaderElection83] INFO  segmented.SegmentedRaftLogWorker (SegmentedRaftLogWorker.java:startLogSegment(380)) - e16dff8c-a16b-40c6-b6a2-90a35c3deb9f@group-8F9763E920B0-SegmentedRaftLogWorker: Starting segment from index:0
2019-09-26 13:32:08,452 [e16dff8c-a16b-40c6-b6a2-90a35c3deb9f@group-8F9763E920B0:LeaderElection83] INFO  impl.RaftServerImpl (ServerState.java:setRaftConf(354)) - e16dff8c-a16b-40c6-b6a2-90a35c3deb9f@group-8F9763E920B0: set configuration 0: [e16dff8c-a16b-40c6-b6a2-90a35c3deb9f:192.168.164.238:44441], old=null at 0
2019-09-26 13:32:08,481 [Thread-1284] INFO  impl.FollowerState (FollowerState.java:run(106)) - 1f806e80-696f-4e1e-8d02-ece25156c36a:group-92E130E41070 changes to CANDIDATE, lastRpcTime:5120, electionTimeout:5120ms
2019-09-26 13:32:08,481 [Thread-1284] INFO  impl.RoleInfo (RoleInfo.java:shutdownFollowerState(121)) - 1f806e80-696f-4e1e-8d02-ece25156c36a: shutdown FollowerState
2019-09-26 13:32:08,482 [Thread-1284] INFO  impl.RaftServerImpl (RaftServerImpl.java:setRole(174)) - 1f806e80-696f-4e1e-8d02-ece25156c36a@group-92E130E41070: changes role from  FOLLOWER to CANDIDATE at term 0 for changeToCandidate
2019-09-26 13:32:08,482 [Thread-1284] INFO  impl.RoleInfo (RoleInfo.java:updateAndGet(143)) - 1f806e80-696f-4e1e-8d02-ece25156c36a: start LeaderElection
2019-09-26 13:32:08,493 [e16dff8c-a16b-40c6-b6a2-90a35c3deb9f@group-8F9763E920B0-SegmentedRaftLogWorker] INFO  segmented.SegmentedRaftLogWorker (SegmentedRaftLogWorker.java:execute(569)) - e16dff8c-a16b-40c6-b6a2-90a35c3deb9f@group-8F9763E920B0-SegmentedRaftLogWorker: created new log segment /workdir/hadoop-ozone/ozonefs/target/test-dir/MiniOzoneClusterImpl-f978b247-e176-4f00-b4b9-b4bec99d4730/datanode-2/data/ratis/f5844f80-e218-4617-bc9b-8f9763e920b0/current/log_inprogress_0
2019-09-26 13:32:08,493 [1f806e80-696f-4e1e-8d02-ece25156c36a@group-92E130E41070:LeaderElection84] INFO  impl.LeaderElection (LeaderElection.java:askForVotes(182)) - 1f806e80-696f-4e1e-8d02-ece25156c36a@group-92E130E41070:LeaderElection84: begin an election at term 1 for -1: [1f806e80-696f-4e1e-8d02-ece25156c36a:192.168.164.238:40523], old=null
2019-09-26 13:32:08,493 [1f806e80-696f-4e1e-8d02-ece25156c36a@group-92E130E41070:LeaderElection84] INFO  impl.RoleInfo (RoleInfo.java:shutdownLeaderElection(134)) - 1f806e80-696f-4e1e-8d02-ece25156c36a: shutdown LeaderElection
2019-09-26 13:32:08,493 [1f806e80-696f-4e1e-8d02-ece25156c36a@group-92E130E41070:LeaderElection84] INFO  impl.RaftServerImpl (RaftServerImpl.java:setRole(174)) - 1f806e80-696f-4e1e-8d02-ece25156c36a@group-92E130E41070: changes role from CANDIDATE to LEADER at term 1 for changeToLeader
2019-09-26 13:32:08,493 [1f806e80-696f-4e1e-8d02-ece25156c36a@group-92E130E41070:LeaderElection84] INFO  impl.RaftServerImpl (ServerState.java:setLeader(253)) - 1f806e80-696f-4e1e-8d02-ece25156c36a@group-92E130E41070: change Leader from null to 1f806e80-696f-4e1e-8d02-ece25156c36a at term 1 for becomeLeader, leader elected after 5136ms
2019-09-26 13:32:08,493 [1f806e80-696f-4e1e-8d02-ece25156c36a@group-92E130E41070:LeaderElection84] INFO  server.RaftServerConfigKeys (ConfUtils.java:logGet(43)) - raft.server.staging.catchup.gap = 1000 (default)
2019-09-26 13:32:08,494 [1f806e80-696f-4e1e-8d02-ece25156c36a@group-92E130E41070:LeaderElection84] INFO  server.RaftServerConfigKeys (ConfUtils.java:logGet(43)) - raft.server.rpc.sleep.time = 25ms (default)
2019-09-26 13:32:08,494 [1f806e80-696f-4e1e-8d02-ece25156c36a@group-92E130E41070:LeaderElection84] INFO  server.RaftServerConfigKeys (ConfUtils.java:logGet(43)) - raft.server.write.element-limit = 4096 (default)
2019-09-26 13:32:08,494 [1f806e80-696f-4e1e-8d02-ece25156c36a@group-92E130E41070:LeaderElection84] INFO  server.RaftServerConfigKeys (ConfUtils.java:logGet(43)) - raft.server.watch.timeout = 10s (default)
2019-09-26 13:32:08,494 [1f806e80-696f-4e1e-8d02-ece25156c36a@group-92E130E41070:LeaderElection84] INFO  server.RaftServerConfigKeys (ConfUtils.java:logGet(43)) - raft.server.watch.timeout.denomination = 1s (default)
2019-09-26 13:32:08,494 [1f806e80-696f-4e1e-8d02-ece25156c36a@group-92E130E41070:LeaderElection84] INFO  server.RaftServerConfigKeys (ConfUtils.java:logGet(43)) - raft.server.watch.element-limit = 65536 (default)
2019-09-26 13:32:08,497 [1f806e80-696f-4e1e-8d02-ece25156c36a@group-92E130E41070:LeaderElection84] INFO  impl.RoleInfo (RoleInfo.java:updateAndGet(143)) - 1f806e80-696f-4e1e-8d02-ece25156c36a: start LeaderState
2019-09-26 13:32:08,497 [1f806e80-696f-4e1e-8d02-ece25156c36a@group-92E130E41070:LeaderElection84] INFO  segmented.SegmentedRaftLogWorker (SegmentedRaftLogWorker.java:startLogSegment(380)) - 1f806e80-696f-4e1e-8d02-ece25156c36a@group-92E130E41070-SegmentedRaftLogWorker: Starting segment from index:0
2019-09-26 13:32:08,498 [1f806e80-696f-4e1e-8d02-ece25156c36a@group-92E130E41070:LeaderElection84] INFO  impl.RaftServerImpl (ServerState.java:setRaftConf(354)) - 1f806e80-696f-4e1e-8d02-ece25156c36a@group-92E130E41070: set configuration 0: [1f806e80-696f-4e1e-8d02-ece25156c36a:192.168.164.238:40523], old=null at 0
2019-09-26 13:32:08,528 [Thread-1290] INFO  impl.FollowerState (FollowerState.java:run(106)) - 1f806e80-696f-4e1e-8d02-ece25156c36a:group-FEAEE19E6028 changes to CANDIDATE, lastRpcTime:5079, electionTimeout:5079ms
2019-09-26 13:32:08,528 [Thread-1290] INFO  impl.RoleInfo (RoleInfo.java:shutdownFollowerState(121)) - 1f806e80-696f-4e1e-8d02-ece25156c36a: shutdown FollowerState
2019-09-26 13:32:08,528 [Thread-1290] INFO  impl.RaftServerImpl (RaftServerImpl.java:setRole(174)) - 1f806e80-696f-4e1e-8d02-ece25156c36a@group-FEAEE19E6028: changes role from  FOLLOWER to CANDIDATE at term 0 for changeToCandidate
2019-09-26 13:32:08,528 [Thread-1290] INFO  impl.RoleInfo (RoleInfo.java:updateAndGet(143)) - 1f806e80-696f-4e1e-8d02-ece25156c36a: start LeaderElection
2019-09-26 13:32:08,539 [1f806e80-696f-4e1e-8d02-ece25156c36a@group-92E130E41070-SegmentedRaftLogWorker] INFO  segmented.SegmentedRaftLogWorker (SegmentedRaftLogWorker.java:execute(569)) - 1f806e80-696f-4e1e-8d02-ece25156c36a@group-92E130E41070-SegmentedRaftLogWorker: created new log segment /workdir/hadoop-ozone/ozonefs/target/test-dir/MiniOzoneClusterImpl-f978b247-e176-4f00-b4b9-b4bec99d4730/datanode-1/data/ratis/6ca6d4e5-f5b9-45dd-95fe-92e130e41070/current/log_inprogress_0
2019-09-26 13:32:08,539 [1f806e80-696f-4e1e-8d02-ece25156c36a@group-FEAEE19E6028:LeaderElection85] INFO  impl.LeaderElection (LeaderElection.java:askForVotes(182)) - 1f806e80-696f-4e1e-8d02-ece25156c36a@group-FEAEE19E6028:LeaderElection85: begin an election at term 1 for -1: [1f806e80-696f-4e1e-8d02-ece25156c36a:192.168.164.238:40523], old=null
2019-09-26 13:32:08,539 [1f806e80-696f-4e1e-8d02-ece25156c36a@group-FEAEE19E6028:LeaderElection85] INFO  impl.RoleInfo (RoleInfo.java:shutdownLeaderElection(134)) - 1f806e80-696f-4e1e-8d02-ece25156c36a: shutdown LeaderElection
2019-09-26 13:32:08,540 [1f806e80-696f-4e1e-8d02-ece25156c36a@group-FEAEE19E6028:LeaderElection85] INFO  impl.RaftServerImpl (RaftServerImpl.java:setRole(174)) - 1f806e80-696f-4e1e-8d02-ece25156c36a@group-FEAEE19E6028: changes role from CANDIDATE to LEADER at term 1 for changeToLeader
2019-09-26 13:32:08,540 [1f806e80-696f-4e1e-8d02-ece25156c36a@group-FEAEE19E6028:LeaderElection85] INFO  impl.RaftServerImpl (ServerState.java:setLeader(253)) - 1f806e80-696f-4e1e-8d02-ece25156c36a@group-FEAEE19E6028: change Leader from null to 1f806e80-696f-4e1e-8d02-ece25156c36a at term 1 for becomeLeader, leader elected after 5096ms
2019-09-26 13:32:08,540 [1f806e80-696f-4e1e-8d02-ece25156c36a@group-FEAEE19E6028:LeaderElection85] INFO  server.RaftServerConfigKeys (ConfUtils.java:logGet(43)) - raft.server.staging.catchup.gap = 1000 (default)
2019-09-26 13:32:08,540 [1f806e80-696f-4e1e-8d02-ece25156c36a@group-FEAEE19E6028:LeaderElection85] INFO  server.RaftServerConfigKeys (ConfUtils.java:logGet(43)) - raft.server.rpc.sleep.time = 25ms (default)
2019-09-26 13:32:08,540 [1f806e80-696f-4e1e-8d02-ece25156c36a@group-FEAEE19E6028:LeaderElection85] INFO  server.RaftServerConfigKeys (ConfUtils.java:logGet(43)) - raft.server.write.element-limit = 4096 (default)
2019-09-26 13:32:08,540 [1f806e80-696f-4e1e-8d02-ece25156c36a@group-FEAEE19E6028:LeaderElection85] INFO  server.RaftServerConfigKeys (ConfUtils.java:logGet(43)) - raft.server.watch.timeout = 10s (default)
2019-09-26 13:32:08,540 [1f806e80-696f-4e1e-8d02-ece25156c36a@group-FEAEE19E6028:LeaderElection85] INFO  server.RaftServerConfigKeys (ConfUtils.java:logGet(43)) - raft.server.watch.timeout.denomination = 1s (default)
2019-09-26 13:32:08,540 [1f806e80-696f-4e1e-8d02-ece25156c36a@group-FEAEE19E6028:LeaderElection85] INFO  server.RaftServerConfigKeys (ConfUtils.java:logGet(43)) - raft.server.watch.element-limit = 65536 (default)
2019-09-26 13:32:08,541 [1f806e80-696f-4e1e-8d02-ece25156c36a@group-FEAEE19E6028:LeaderElection85] INFO  impl.RoleInfo (RoleInfo.java:updateAndGet(143)) - 1f806e80-696f-4e1e-8d02-ece25156c36a: start LeaderState
2019-09-26 13:32:08,542 [1f806e80-696f-4e1e-8d02-ece25156c36a@group-FEAEE19E6028:LeaderElection85] INFO  segmented.SegmentedRaftLogWorker (SegmentedRaftLogWorker.java:startLogSegment(380)) - 1f806e80-696f-4e1e-8d02-ece25156c36a@group-FEAEE19E6028-SegmentedRaftLogWorker: Starting segment from index:0
2019-09-26 13:32:08,542 [1f806e80-696f-4e1e-8d02-ece25156c36a@group-FEAEE19E6028:LeaderElection85] INFO  impl.RaftServerImpl (ServerState.java:setRaftConf(354)) - 1f806e80-696f-4e1e-8d02-ece25156c36a@group-FEAEE19E6028: set configuration 0: [1f806e80-696f-4e1e-8d02-ece25156c36a:192.168.164.238:40523], old=null at 0
2019-09-26 13:32:08,554 [Thread-1287] INFO  impl.FollowerState (FollowerState.java:run(106)) - 1f806e80-696f-4e1e-8d02-ece25156c36a:group-C6CB94029418 changes to CANDIDATE, lastRpcTime:5163, electionTimeout:5163ms
2019-09-26 13:32:08,554 [Thread-1287] INFO  impl.RoleInfo (RoleInfo.java:shutdownFollowerState(121)) - 1f806e80-696f-4e1e-8d02-ece25156c36a: shutdown FollowerState
2019-09-26 13:32:08,555 [Thread-1287] INFO  impl.RaftServerImpl (RaftServerImpl.java:setRole(174)) - 1f806e80-696f-4e1e-8d02-ece25156c36a@group-C6CB94029418: changes role from  FOLLOWER to CANDIDATE at term 0 for changeToCandidate
2019-09-26 13:32:08,555 [Thread-1287] INFO  impl.RoleInfo (RoleInfo.java:updateAndGet(143)) - 1f806e80-696f-4e1e-8d02-ece25156c36a: start LeaderElection
2019-09-26 13:32:08,569 [1f806e80-696f-4e1e-8d02-ece25156c36a@group-C6CB94029418:LeaderElection86] INFO  impl.LeaderElection (LeaderElection.java:askForVotes(182)) - 1f806e80-696f-4e1e-8d02-ece25156c36a@group-C6CB94029418:LeaderElection86: begin an election at term 1 for -1: [1f806e80-696f-4e1e-8d02-ece25156c36a:192.168.164.238:40523], old=null
2019-09-26 13:32:08,569 [1f806e80-696f-4e1e-8d02-ece25156c36a@group-C6CB94029418:LeaderElection86] INFO  impl.RoleInfo (RoleInfo.java:shutdownLeaderElection(134)) - 1f806e80-696f-4e1e-8d02-ece25156c36a: shutdown LeaderElection
2019-09-26 13:32:08,569 [1f806e80-696f-4e1e-8d02-ece25156c36a@group-C6CB94029418:LeaderElection86] INFO  impl.RaftServerImpl (RaftServerImpl.java:setRole(174)) - 1f806e80-696f-4e1e-8d02-ece25156c36a@group-C6CB94029418: changes role from CANDIDATE to LEADER at term 1 for changeToLeader
2019-09-26 13:32:08,569 [1f806e80-696f-4e1e-8d02-ece25156c36a@group-C6CB94029418:LeaderElection86] INFO  impl.RaftServerImpl (ServerState.java:setLeader(253)) - 1f806e80-696f-4e1e-8d02-ece25156c36a@group-C6CB94029418: change Leader from null to 1f806e80-696f-4e1e-8d02-ece25156c36a at term 1 for becomeLeader, leader elected after 5182ms
2019-09-26 13:32:08,569 [1f806e80-696f-4e1e-8d02-ece25156c36a@group-C6CB94029418:LeaderElection86] INFO  server.RaftServerConfigKeys (ConfUtils.java:logGet(43)) - raft.server.staging.catchup.gap = 1000 (default)
2019-09-26 13:32:08,569 [1f806e80-696f-4e1e-8d02-ece25156c36a@group-C6CB94029418:LeaderElection86] INFO  server.RaftServerConfigKeys (ConfUtils.java:logGet(43)) - raft.server.rpc.sleep.time = 25ms (default)
2019-09-26 13:32:08,570 [1f806e80-696f-4e1e-8d02-ece25156c36a@group-C6CB94029418:LeaderElection86] INFO  server.RaftServerConfigKeys (ConfUtils.java:logGet(43)) - raft.server.write.element-limit = 4096 (default)
2019-09-26 13:32:08,570 [1f806e80-696f-4e1e-8d02-ece25156c36a@group-C6CB94029418:LeaderElection86] INFO  server.RaftServerConfigKeys (ConfUtils.java:logGet(43)) - raft.server.watch.timeout = 10s (default)
2019-09-26 13:32:08,570 [1f806e80-696f-4e1e-8d02-ece25156c36a@group-C6CB94029418:LeaderElection86] INFO  server.RaftServerConfigKeys (ConfUtils.java:logGet(43)) - raft.server.watch.timeout.denomination = 1s (default)
2019-09-26 13:32:08,570 [1f806e80-696f-4e1e-8d02-ece25156c36a@group-C6CB94029418:LeaderElection86] INFO  server.RaftServerConfigKeys (ConfUtils.java:logGet(43)) - raft.server.watch.element-limit = 65536 (default)
2019-09-26 13:32:08,571 [1f806e80-696f-4e1e-8d02-ece25156c36a@group-C6CB94029418:LeaderElection86] INFO  impl.RoleInfo (RoleInfo.java:updateAndGet(143)) - 1f806e80-696f-4e1e-8d02-ece25156c36a: start LeaderState
2019-09-26 13:32:08,571 [1f806e80-696f-4e1e-8d02-ece25156c36a@group-C6CB94029418:LeaderElection86] INFO  segmented.SegmentedRaftLogWorker (SegmentedRaftLogWorker.java:startLogSegment(380)) - 1f806e80-696f-4e1e-8d02-ece25156c36a@group-C6CB94029418-SegmentedRaftLogWorker: Starting segment from index:0
2019-09-26 13:32:08,571 [1f806e80-696f-4e1e-8d02-ece25156c36a@group-C6CB94029418:LeaderElection86] INFO  impl.RaftServerImpl (ServerState.java:setRaftConf(354)) - 1f806e80-696f-4e1e-8d02-ece25156c36a@group-C6CB94029418: set configuration 0: [1f806e80-696f-4e1e-8d02-ece25156c36a:192.168.164.238:40523], old=null at 0
2019-09-26 13:32:08,581 [1f806e80-696f-4e1e-8d02-ece25156c36a@group-FEAEE19E6028-SegmentedRaftLogWorker] INFO  segmented.SegmentedRaftLogWorker (SegmentedRaftLogWorker.java:execute(569)) - 1f806e80-696f-4e1e-8d02-ece25156c36a@group-FEAEE19E6028-SegmentedRaftLogWorker: created new log segment /workdir/hadoop-ozone/ozonefs/target/test-dir/MiniOzoneClusterImpl-f978b247-e176-4f00-b4b9-b4bec99d4730/datanode-1/data/ratis/2670bd13-1945-4afd-a9ae-feaee19e6028/current/log_inprogress_0
2019-09-26 13:32:08,613 [1f806e80-696f-4e1e-8d02-ece25156c36a@group-C6CB94029418-SegmentedRaftLogWorker] INFO  segmented.SegmentedRaftLogWorker (SegmentedRaftLogWorker.java:execute(569)) - 1f806e80-696f-4e1e-8d02-ece25156c36a@group-C6CB94029418-SegmentedRaftLogWorker: created new log segment /workdir/hadoop-ozone/ozonefs/target/test-dir/MiniOzoneClusterImpl-f978b247-e176-4f00-b4b9-b4bec99d4730/datanode-1/data/ratis/e6e2849d-00b3-4c69-aa8c-c6cb94029418/current/log_inprogress_0
2019-09-26 13:32:08,692 [Thread-1296] INFO  impl.FollowerState (FollowerState.java:run(106)) - e16dff8c-a16b-40c6-b6a2-90a35c3deb9f:group-9AEBD61A4A2A changes to CANDIDATE, lastRpcTime:5141, electionTimeout:5141ms
2019-09-26 13:32:08,693 [Thread-1296] INFO  impl.RoleInfo (RoleInfo.java:shutdownFollowerState(121)) - e16dff8c-a16b-40c6-b6a2-90a35c3deb9f: shutdown FollowerState
2019-09-26 13:32:08,693 [Thread-1296] INFO  impl.RaftServerImpl (RaftServerImpl.java:setRole(174)) - e16dff8c-a16b-40c6-b6a2-90a35c3deb9f@group-9AEBD61A4A2A: changes role from  FOLLOWER to CANDIDATE at term 0 for changeToCandidate
2019-09-26 13:32:08,693 [Thread-1296] INFO  impl.RoleInfo (RoleInfo.java:updateAndGet(143)) - e16dff8c-a16b-40c6-b6a2-90a35c3deb9f: start LeaderElection
2019-09-26 13:32:08,697 [Thread-1293] INFO  impl.FollowerState (FollowerState.java:run(106)) - 1f806e80-696f-4e1e-8d02-ece25156c36a:group-C27D012E2712 changes to CANDIDATE, lastRpcTime:5191, electionTimeout:5191ms
2019-09-26 13:32:08,698 [Thread-1293] INFO  impl.RoleInfo (RoleInfo.java:shutdownFollowerState(121)) - 1f806e80-696f-4e1e-8d02-ece25156c36a: shutdown FollowerState
2019-09-26 13:32:08,698 [Thread-1293] INFO  impl.RaftServerImpl (RaftServerImpl.java:setRole(174)) - 1f806e80-696f-4e1e-8d02-ece25156c36a@group-C27D012E2712: changes role from  FOLLOWER to CANDIDATE at term 0 for changeToCandidate
2019-09-26 13:32:08,698 [Thread-1293] INFO  impl.RoleInfo (RoleInfo.java:updateAndGet(143)) - 1f806e80-696f-4e1e-8d02-ece25156c36a: start LeaderElection
2019-09-26 13:32:08,709 [1f806e80-696f-4e1e-8d02-ece25156c36a@group-C27D012E2712:LeaderElection88] INFO  impl.LeaderElection (LeaderElection.java:askForVotes(182)) - 1f806e80-696f-4e1e-8d02-ece25156c36a@group-C27D012E2712:LeaderElection88: begin an election at term 1 for -1: [1f806e80-696f-4e1e-8d02-ece25156c36a:192.168.164.238:40523], old=null
2019-09-26 13:32:08,709 [e16dff8c-a16b-40c6-b6a2-90a35c3deb9f@group-9AEBD61A4A2A:LeaderElection87] INFO  impl.LeaderElection (LeaderElection.java:askForVotes(182)) - e16dff8c-a16b-40c6-b6a2-90a35c3deb9f@group-9AEBD61A4A2A:LeaderElection87: begin an election at term 1 for -1: [e16dff8c-a16b-40c6-b6a2-90a35c3deb9f:192.168.164.238:44441], old=null
2019-09-26 13:32:08,709 [1f806e80-696f-4e1e-8d02-ece25156c36a@group-C27D012E2712:LeaderElection88] INFO  impl.RoleInfo (RoleInfo.java:shutdownLeaderElection(134)) - 1f806e80-696f-4e1e-8d02-ece25156c36a: shutdown LeaderElection
2019-09-26 13:32:08,709 [e16dff8c-a16b-40c6-b6a2-90a35c3deb9f@group-9AEBD61A4A2A:LeaderElection87] INFO  impl.RoleInfo (RoleInfo.java:shutdownLeaderElection(134)) - e16dff8c-a16b-40c6-b6a2-90a35c3deb9f: shutdown LeaderElection
2019-09-26 13:32:08,709 [1f806e80-696f-4e1e-8d02-ece25156c36a@group-C27D012E2712:LeaderElection88] INFO  impl.RaftServerImpl (RaftServerImpl.java:setRole(174)) - 1f806e80-696f-4e1e-8d02-ece25156c36a@group-C27D012E2712: changes role from CANDIDATE to LEADER at term 1 for changeToLeader
2019-09-26 13:32:08,709 [e16dff8c-a16b-40c6-b6a2-90a35c3deb9f@group-9AEBD61A4A2A:LeaderElection87] INFO  impl.RaftServerImpl (RaftServerImpl.java:setRole(174)) - e16dff8c-a16b-40c6-b6a2-90a35c3deb9f@group-9AEBD61A4A2A: changes role from CANDIDATE to LEADER at term 1 for changeToLeader
2019-09-26 13:32:08,709 [1f806e80-696f-4e1e-8d02-ece25156c36a@group-C27D012E2712:LeaderElection88] INFO  impl.RaftServerImpl (ServerState.java:setLeader(253)) - 1f806e80-696f-4e1e-8d02-ece25156c36a@group-C27D012E2712: change Leader from null to 1f806e80-696f-4e1e-8d02-ece25156c36a at term 1 for becomeLeader, leader elected after 5209ms
2019-09-26 13:32:08,710 [e16dff8c-a16b-40c6-b6a2-90a35c3deb9f@group-9AEBD61A4A2A:LeaderElection87] INFO  impl.RaftServerImpl (ServerState.java:setLeader(253)) - e16dff8c-a16b-40c6-b6a2-90a35c3deb9f@group-9AEBD61A4A2A: change Leader from null to e16dff8c-a16b-40c6-b6a2-90a35c3deb9f at term 1 for becomeLeader, leader elected after 5164ms
2019-09-26 13:32:08,710 [1f806e80-696f-4e1e-8d02-ece25156c36a@group-C27D012E2712:LeaderElection88] INFO  server.RaftServerConfigKeys (ConfUtils.java:logGet(43)) - raft.server.staging.catchup.gap = 1000 (default)
2019-09-26 13:32:08,710 [e16dff8c-a16b-40c6-b6a2-90a35c3deb9f@group-9AEBD61A4A2A:LeaderElection87] INFO  server.RaftServerConfigKeys (ConfUtils.java:logGet(43)) - raft.server.staging.catchup.gap = 1000 (default)
2019-09-26 13:32:08,710 [1f806e80-696f-4e1e-8d02-ece25156c36a@group-C27D012E2712:LeaderElection88] INFO  server.RaftServerConfigKeys (ConfUtils.java:logGet(43)) - raft.server.rpc.sleep.time = 25ms (default)
2019-09-26 13:32:08,710 [Thread-1302] INFO  impl.FollowerState (FollowerState.java:run(106)) - e16dff8c-a16b-40c6-b6a2-90a35c3deb9f:group-4EC7548C01E3 changes to CANDIDATE, lastRpcTime:5078, electionTimeout:5078ms
2019-09-26 13:32:08,710 [1f806e80-696f-4e1e-8d02-ece25156c36a@group-C27D012E2712:LeaderElection88] INFO  server.RaftServerConfigKeys (ConfUtils.java:logGet(43)) - raft.server.write.element-limit = 4096 (default)
2019-09-26 13:32:08,710 [e16dff8c-a16b-40c6-b6a2-90a35c3deb9f@group-9AEBD61A4A2A:LeaderElection87] INFO  server.RaftServerConfigKeys (ConfUtils.java:logGet(43)) - raft.server.rpc.sleep.time = 25ms (default)
2019-09-26 13:32:08,710 [1f806e80-696f-4e1e-8d02-ece25156c36a@group-C27D012E2712:LeaderElection88] INFO  server.RaftServerConfigKeys (ConfUtils.java:logGet(43)) - raft.server.watch.timeout = 10s (default)
2019-09-26 13:32:08,710 [Thread-1302] INFO  impl.RoleInfo (RoleInfo.java:shutdownFollowerState(121)) - e16dff8c-a16b-40c6-b6a2-90a35c3deb9f: shutdown FollowerState
2019-09-26 13:32:08,711 [1f806e80-696f-4e1e-8d02-ece25156c36a@group-C27D012E2712:LeaderElection88] INFO  server.RaftServerConfigKeys (ConfUtils.java:logGet(43)) - raft.server.watch.timeout.denomination = 1s (default)
2019-09-26 13:32:08,711 [e16dff8c-a16b-40c6-b6a2-90a35c3deb9f@group-9AEBD61A4A2A:LeaderElection87] INFO  server.RaftServerConfigKeys (ConfUtils.java:logGet(43)) - raft.server.write.element-limit = 4096 (default)
2019-09-26 13:32:08,711 [1f806e80-696f-4e1e-8d02-ece25156c36a@group-C27D012E2712:LeaderElection88] INFO  server.RaftServerConfigKeys (ConfUtils.java:logGet(43)) - raft.server.watch.element-limit = 65536 (default)
2019-09-26 13:32:08,711 [Thread-1302] INFO  impl.RaftServerImpl (RaftServerImpl.java:setRole(174)) - e16dff8c-a16b-40c6-b6a2-90a35c3deb9f@group-4EC7548C01E3: changes role from  FOLLOWER to CANDIDATE at term 0 for changeToCandidate
2019-09-26 13:32:08,711 [e16dff8c-a16b-40c6-b6a2-90a35c3deb9f@group-9AEBD61A4A2A:LeaderElection87] INFO  server.RaftServerConfigKeys (ConfUtils.java:logGet(43)) - raft.server.watch.timeout = 10s (default)
2019-09-26 13:32:08,711 [Thread-1302] INFO  impl.RoleInfo (RoleInfo.java:updateAndGet(143)) - e16dff8c-a16b-40c6-b6a2-90a35c3deb9f: start LeaderElection
2019-09-26 13:32:08,711 [e16dff8c-a16b-40c6-b6a2-90a35c3deb9f@group-9AEBD61A4A2A:LeaderElection87] INFO  server.RaftServerConfigKeys (ConfUtils.java:logGet(43)) - raft.server.watch.timeout.denomination = 1s (default)
2019-09-26 13:32:08,711 [e16dff8c-a16b-40c6-b6a2-90a35c3deb9f@group-9AEBD61A4A2A:LeaderElection87] INFO  server.RaftServerConfigKeys (ConfUtils.java:logGet(43)) - raft.server.watch.element-limit = 65536 (default)
2019-09-26 13:32:08,713 [1f806e80-696f-4e1e-8d02-ece25156c36a@group-C27D012E2712:LeaderElection88] INFO  impl.RoleInfo (RoleInfo.java:updateAndGet(143)) - 1f806e80-696f-4e1e-8d02-ece25156c36a: start LeaderState
2019-09-26 13:32:08,714 [1f806e80-696f-4e1e-8d02-ece25156c36a@group-C27D012E2712:LeaderElection88] INFO  segmented.SegmentedRaftLogWorker (SegmentedRaftLogWorker.java:startLogSegment(380)) - 1f806e80-696f-4e1e-8d02-ece25156c36a@group-C27D012E2712-SegmentedRaftLogWorker: Starting segment from index:0
2019-09-26 13:32:08,714 [1f806e80-696f-4e1e-8d02-ece25156c36a@group-C27D012E2712:LeaderElection88] INFO  impl.RaftServerImpl (ServerState.java:setRaftConf(354)) - 1f806e80-696f-4e1e-8d02-ece25156c36a@group-C27D012E2712: set configuration 0: [1f806e80-696f-4e1e-8d02-ece25156c36a:192.168.164.238:40523], old=null at 0
2019-09-26 13:32:08,714 [e16dff8c-a16b-40c6-b6a2-90a35c3deb9f@group-9AEBD61A4A2A:LeaderElection87] INFO  impl.RoleInfo (RoleInfo.java:updateAndGet(143)) - e16dff8c-a16b-40c6-b6a2-90a35c3deb9f: start LeaderState
2019-09-26 13:32:08,715 [e16dff8c-a16b-40c6-b6a2-90a35c3deb9f@group-9AEBD61A4A2A:LeaderElection87] INFO  segmented.SegmentedRaftLogWorker (SegmentedRaftLogWorker.java:startLogSegment(380)) - e16dff8c-a16b-40c6-b6a2-90a35c3deb9f@group-9AEBD61A4A2A-SegmentedRaftLogWorker: Starting segment from index:0
2019-09-26 13:32:08,715 [e16dff8c-a16b-40c6-b6a2-90a35c3deb9f@group-9AEBD61A4A2A:LeaderElection87] INFO  impl.RaftServerImpl (ServerState.java:setRaftConf(354)) - e16dff8c-a16b-40c6-b6a2-90a35c3deb9f@group-9AEBD61A4A2A: set configuration 0: [e16dff8c-a16b-40c6-b6a2-90a35c3deb9f:192.168.164.238:44441], old=null at 0
2019-09-26 13:32:08,725 [e16dff8c-a16b-40c6-b6a2-90a35c3deb9f@group-4EC7548C01E3:LeaderElection89] INFO  impl.LeaderElection (LeaderElection.java:askForVotes(182)) - e16dff8c-a16b-40c6-b6a2-90a35c3deb9f@group-4EC7548C01E3:LeaderElection89: begin an election at term 1 for -1: [e16dff8c-a16b-40c6-b6a2-90a35c3deb9f:192.168.164.238:44441], old=null
2019-09-26 13:32:08,725 [e16dff8c-a16b-40c6-b6a2-90a35c3deb9f@group-4EC7548C01E3:LeaderElection89] INFO  impl.RoleInfo (RoleInfo.java:shutdownLeaderElection(134)) - e16dff8c-a16b-40c6-b6a2-90a35c3deb9f: shutdown LeaderElection
2019-09-26 13:32:08,725 [e16dff8c-a16b-40c6-b6a2-90a35c3deb9f@group-4EC7548C01E3:LeaderElection89] INFO  impl.RaftServerImpl (RaftServerImpl.java:setRole(174)) - e16dff8c-a16b-40c6-b6a2-90a35c3deb9f@group-4EC7548C01E3: changes role from CANDIDATE to LEADER at term 1 for changeToLeader
2019-09-26 13:32:08,725 [e16dff8c-a16b-40c6-b6a2-90a35c3deb9f@group-4EC7548C01E3:LeaderElection89] INFO  impl.RaftServerImpl (ServerState.java:setLeader(253)) - e16dff8c-a16b-40c6-b6a2-90a35c3deb9f@group-4EC7548C01E3: change Leader from null to e16dff8c-a16b-40c6-b6a2-90a35c3deb9f at term 1 for becomeLeader, leader elected after 5097ms
2019-09-26 13:32:08,725 [e16dff8c-a16b-40c6-b6a2-90a35c3deb9f@group-4EC7548C01E3:LeaderElection89] INFO  server.RaftServerConfigKeys (ConfUtils.java:logGet(43)) - raft.server.staging.catchup.gap = 1000 (default)
2019-09-26 13:32:08,725 [e16dff8c-a16b-40c6-b6a2-90a35c3deb9f@group-4EC7548C01E3:LeaderElection89] INFO  server.RaftServerConfigKeys (ConfUtils.java:logGet(43)) - raft.server.rpc.sleep.time = 25ms (default)
2019-09-26 13:32:08,726 [e16dff8c-a16b-40c6-b6a2-90a35c3deb9f@group-4EC7548C01E3:LeaderElection89] INFO  server.RaftServerConfigKeys (ConfUtils.java:logGet(43)) - raft.server.write.element-limit = 4096 (default)
2019-09-26 13:32:08,726 [e16dff8c-a16b-40c6-b6a2-90a35c3deb9f@group-4EC7548C01E3:LeaderElection89] INFO  server.RaftServerConfigKeys (ConfUtils.java:logGet(43)) - raft.server.watch.timeout = 10s (default)
2019-09-26 13:32:08,726 [e16dff8c-a16b-40c6-b6a2-90a35c3deb9f@group-4EC7548C01E3:LeaderElection89] INFO  server.RaftServerConfigKeys (ConfUtils.java:logGet(43)) - raft.server.watch.timeout.denomination = 1s (default)
2019-09-26 13:32:08,726 [e16dff8c-a16b-40c6-b6a2-90a35c3deb9f@group-4EC7548C01E3:LeaderElection89] INFO  server.RaftServerConfigKeys (ConfUtils.java:logGet(43)) - raft.server.watch.element-limit = 65536 (default)
2019-09-26 13:32:08,728 [e16dff8c-a16b-40c6-b6a2-90a35c3deb9f@group-4EC7548C01E3:LeaderElection89] INFO  impl.RoleInfo (RoleInfo.java:updateAndGet(143)) - e16dff8c-a16b-40c6-b6a2-90a35c3deb9f: start LeaderState
2019-09-26 13:32:08,728 [e16dff8c-a16b-40c6-b6a2-90a35c3deb9f@group-4EC7548C01E3:LeaderElection89] INFO  segmented.SegmentedRaftLogWorker (SegmentedRaftLogWorker.java:startLogSegment(380)) - e16dff8c-a16b-40c6-b6a2-90a35c3deb9f@group-4EC7548C01E3-SegmentedRaftLogWorker: Starting segment from index:0
2019-09-26 13:32:08,728 [e16dff8c-a16b-40c6-b6a2-90a35c3deb9f@group-4EC7548C01E3:LeaderElection89] INFO  impl.RaftServerImpl (ServerState.java:setRaftConf(354)) - e16dff8c-a16b-40c6-b6a2-90a35c3deb9f@group-4EC7548C01E3: set configuration 0: [e16dff8c-a16b-40c6-b6a2-90a35c3deb9f:192.168.164.238:44441], old=null at 0
2019-09-26 13:32:08,739 [Thread-1299] INFO  impl.FollowerState (FollowerState.java:run(106)) - e16dff8c-a16b-40c6-b6a2-90a35c3deb9f:group-01551FC8C180 changes to CANDIDATE, lastRpcTime:5147, electionTimeout:5147ms
2019-09-26 13:32:08,739 [Thread-1299] INFO  impl.RoleInfo (RoleInfo.java:shutdownFollowerState(121)) - e16dff8c-a16b-40c6-b6a2-90a35c3deb9f: shutdown FollowerState
2019-09-26 13:32:08,739 [Thread-1299] INFO  impl.RaftServerImpl (RaftServerImpl.java:setRole(174)) - e16dff8c-a16b-40c6-b6a2-90a35c3deb9f@group-01551FC8C180: changes role from  FOLLOWER to CANDIDATE at term 0 for changeToCandidate
2019-09-26 13:32:08,739 [Thread-1299] INFO  impl.RoleInfo (RoleInfo.java:updateAndGet(143)) - e16dff8c-a16b-40c6-b6a2-90a35c3deb9f: start LeaderElection
2019-09-26 13:32:08,766 [e16dff8c-a16b-40c6-b6a2-90a35c3deb9f@group-01551FC8C180:LeaderElection90] INFO  impl.LeaderElection (LeaderElection.java:askForVotes(182)) - e16dff8c-a16b-40c6-b6a2-90a35c3deb9f@group-01551FC8C180:LeaderElection90: begin an election at term 1 for -1: [e16dff8c-a16b-40c6-b6a2-90a35c3deb9f:192.168.164.238:44441], old=null
2019-09-26 13:32:08,766 [e16dff8c-a16b-40c6-b6a2-90a35c3deb9f@group-01551FC8C180:LeaderElection90] INFO  impl.RoleInfo (RoleInfo.java:shutdownLeaderElection(134)) - e16dff8c-a16b-40c6-b6a2-90a35c3deb9f: shutdown LeaderElection
2019-09-26 13:32:08,766 [e16dff8c-a16b-40c6-b6a2-90a35c3deb9f@group-01551FC8C180:LeaderElection90] INFO  impl.RaftServerImpl (RaftServerImpl.java:setRole(174)) - e16dff8c-a16b-40c6-b6a2-90a35c3deb9f@group-01551FC8C180: changes role from CANDIDATE to LEADER at term 1 for changeToLeader
2019-09-26 13:32:08,766 [e16dff8c-a16b-40c6-b6a2-90a35c3deb9f@group-01551FC8C180:LeaderElection90] INFO  impl.RaftServerImpl (ServerState.java:setLeader(253)) - e16dff8c-a16b-40c6-b6a2-90a35c3deb9f@group-01551FC8C180: change Leader from null to e16dff8c-a16b-40c6-b6a2-90a35c3deb9f at term 1 for becomeLeader, leader elected after 5179ms
2019-09-26 13:32:08,766 [e16dff8c-a16b-40c6-b6a2-90a35c3deb9f@group-01551FC8C180:LeaderElection90] INFO  server.RaftServerConfigKeys (ConfUtils.java:logGet(43)) - raft.server.staging.catchup.gap = 1000 (default)
2019-09-26 13:32:08,767 [e16dff8c-a16b-40c6-b6a2-90a35c3deb9f@group-01551FC8C180:LeaderElection90] INFO  server.RaftServerConfigKeys (ConfUtils.java:logGet(43)) - raft.server.rpc.sleep.time = 25ms (default)
2019-09-26 13:32:08,767 [e16dff8c-a16b-40c6-b6a2-90a35c3deb9f@group-01551FC8C180:LeaderElection90] INFO  server.RaftServerConfigKeys (ConfUtils.java:logGet(43)) - raft.server.write.element-limit = 4096 (default)
2019-09-26 13:32:08,767 [e16dff8c-a16b-40c6-b6a2-90a35c3deb9f@group-01551FC8C180:LeaderElection90] INFO  server.RaftServerConfigKeys (ConfUtils.java:logGet(43)) - raft.server.watch.timeout = 10s (default)
2019-09-26 13:32:08,767 [e16dff8c-a16b-40c6-b6a2-90a35c3deb9f@group-01551FC8C180:LeaderElection90] INFO  server.RaftServerConfigKeys (ConfUtils.java:logGet(43)) - raft.server.watch.timeout.denomination = 1s (default)
2019-09-26 13:32:08,767 [e16dff8c-a16b-40c6-b6a2-90a35c3deb9f@group-01551FC8C180:LeaderElection90] INFO  server.RaftServerConfigKeys (ConfUtils.java:logGet(43)) - raft.server.watch.element-limit = 65536 (default)
2019-09-26 13:32:08,770 [e16dff8c-a16b-40c6-b6a2-90a35c3deb9f@group-01551FC8C180:LeaderElection90] INFO  impl.RoleInfo (RoleInfo.java:updateAndGet(143)) - e16dff8c-a16b-40c6-b6a2-90a35c3deb9f: start LeaderState
2019-09-26 13:32:08,770 [e16dff8c-a16b-40c6-b6a2-90a35c3deb9f@group-01551FC8C180:LeaderElection90] INFO  segmented.SegmentedRaftLogWorker (SegmentedRaftLogWorker.java:startLogSegment(380)) - e16dff8c-a16b-40c6-b6a2-90a35c3deb9f@group-01551FC8C180-SegmentedRaftLogWorker: Starting segment from index:0
2019-09-26 13:32:08,770 [e16dff8c-a16b-40c6-b6a2-90a35c3deb9f@group-01551FC8C180:LeaderElection90] INFO  impl.RaftServerImpl (ServerState.java:setRaftConf(354)) - e16dff8c-a16b-40c6-b6a2-90a35c3deb9f@group-01551FC8C180: set configuration 0: [e16dff8c-a16b-40c6-b6a2-90a35c3deb9f:192.168.164.238:44441], old=null at 0
2019-09-26 13:32:08,779 [e16dff8c-a16b-40c6-b6a2-90a35c3deb9f@group-4EC7548C01E3-SegmentedRaftLogWorker] INFO  segmented.SegmentedRaftLogWorker (SegmentedRaftLogWorker.java:execute(569)) - e16dff8c-a16b-40c6-b6a2-90a35c3deb9f@group-4EC7548C01E3-SegmentedRaftLogWorker: created new log segment /workdir/hadoop-ozone/ozonefs/target/test-dir/MiniOzoneClusterImpl-f978b247-e176-4f00-b4b9-b4bec99d4730/datanode-2/data/ratis/4cbec03b-c525-4003-b3fc-4ec7548c01e3/current/log_inprogress_0
2019-09-26 13:32:08,779 [e16dff8c-a16b-40c6-b6a2-90a35c3deb9f@group-9AEBD61A4A2A-SegmentedRaftLogWorker] INFO  segmented.SegmentedRaftLogWorker (SegmentedRaftLogWorker.java:execute(569)) - e16dff8c-a16b-40c6-b6a2-90a35c3deb9f@group-9AEBD61A4A2A-SegmentedRaftLogWorker: created new log segment /workdir/hadoop-ozone/ozonefs/target/test-dir/MiniOzoneClusterImpl-f978b247-e176-4f00-b4b9-b4bec99d4730/datanode-2/data/ratis/6bd19ea5-ee27-4bd3-8e81-9aebd61a4a2a/current/log_inprogress_0
2019-09-26 13:32:08,779 [1f806e80-696f-4e1e-8d02-ece25156c36a@group-C27D012E2712-SegmentedRaftLogWorker] INFO  segmented.SegmentedRaftLogWorker (SegmentedRaftLogWorker.java:execute(569)) - 1f806e80-696f-4e1e-8d02-ece25156c36a@group-C27D012E2712-SegmentedRaftLogWorker: created new log segment /workdir/hadoop-ozone/ozonefs/target/test-dir/MiniOzoneClusterImpl-f978b247-e176-4f00-b4b9-b4bec99d4730/datanode-1/data/ratis/100f6fa2-d8e8-41e9-80c8-c27d012e2712/current/log_inprogress_0
2019-09-26 13:32:08,817 [e16dff8c-a16b-40c6-b6a2-90a35c3deb9f@group-01551FC8C180-SegmentedRaftLogWorker] INFO  segmented.SegmentedRaftLogWorker (SegmentedRaftLogWorker.java:execute(569)) - e16dff8c-a16b-40c6-b6a2-90a35c3deb9f@group-01551FC8C180-SegmentedRaftLogWorker: created new log segment /workdir/hadoop-ozone/ozonefs/target/test-dir/MiniOzoneClusterImpl-f978b247-e176-4f00-b4b9-b4bec99d4730/datanode-2/data/ratis/bf907fd3-5bde-43c2-ac92-01551fc8c180/current/log_inprogress_0
2019-09-26 13:32:09,167 [Thread-1077] INFO  ozoneimpl.OzoneContainer (OzoneContainer.java:stop(231)) - Attempting to stop container services.
2019-09-26 13:32:09,167 [ForkJoinPool.commonPool-worker-1] INFO  ozoneimpl.OzoneContainer (OzoneContainer.java:stop(231)) - Attempting to stop container services.
2019-09-26 13:32:09,168 [Thread-1077] INFO  impl.RaftServerProxy (RaftServerProxy.java:lambda$close$4(314)) - 1f806e80-696f-4e1e-8d02-ece25156c36a: close
2019-09-26 13:32:09,168 [ForkJoinPool.commonPool-worker-1] INFO  impl.RaftServerProxy (RaftServerProxy.java:lambda$close$4(314)) - dacd514e-d0f2-4f80-a7b7-f5c48675eb53: close
2019-09-26 13:32:09,168 [Thread-1077] INFO  impl.RaftServerImpl (RaftServerImpl.java:lambda$shutdown$3(251)) - 1f806e80-696f-4e1e-8d02-ece25156c36a@group-C27D012E2712: shutdown
2019-09-26 13:32:09,168 [ForkJoinPool.commonPool-worker-1] INFO  impl.RaftServerImpl (RaftServerImpl.java:lambda$shutdown$3(251)) - dacd514e-d0f2-4f80-a7b7-f5c48675eb53@group-54BB061E4A53: shutdown
2019-09-26 13:32:09,169 [Thread-1077] INFO  util.JmxRegister (JmxRegister.java:unregister(73)) - Successfully un-registered JMX Bean with object name Ratis:service=RaftServer,group=group-C27D012E2712,id=1f806e80-696f-4e1e-8d02-ece25156c36a
2019-09-26 13:32:09,169 [ForkJoinPool.commonPool-worker-1] INFO  util.JmxRegister (JmxRegister.java:unregister(73)) - Successfully un-registered JMX Bean with object name Ratis:service=RaftServer,group=group-54BB061E4A53,id=dacd514e-d0f2-4f80-a7b7-f5c48675eb53
2019-09-26 13:32:09,169 [Thread-1077] INFO  impl.RoleInfo (RoleInfo.java:shutdownLeaderState(104)) - 1f806e80-696f-4e1e-8d02-ece25156c36a: shutdown LeaderState
2019-09-26 13:32:09,170 [ForkJoinPool.commonPool-worker-1] INFO  impl.RoleInfo (RoleInfo.java:shutdownLeaderState(104)) - dacd514e-d0f2-4f80-a7b7-f5c48675eb53: shutdown LeaderState
2019-09-26 13:32:09,170 [Thread-1077] INFO  impl.PendingRequests (PendingRequests.java:sendNotLeaderResponses(202)) - 1f806e80-696f-4e1e-8d02-ece25156c36a-PendingRequests: sendNotLeaderResponses
2019-09-26 13:32:09,170 [ForkJoinPool.commonPool-worker-1] INFO  impl.PendingRequests (PendingRequests.java:sendNotLeaderResponses(202)) - dacd514e-d0f2-4f80-a7b7-f5c48675eb53-PendingRequests: sendNotLeaderResponses
2019-09-26 13:32:09,171 [Thread-1077] INFO  impl.StateMachineUpdater (StateMachineUpdater.java:stopAndJoin(125)) - 1f806e80-696f-4e1e-8d02-ece25156c36a@group-C27D012E2712-StateMachineUpdater: set stopIndex = 0
2019-09-26 13:32:09,171 [ForkJoinPool.commonPool-worker-1] INFO  impl.StateMachineUpdater (StateMachineUpdater.java:stopAndJoin(125)) - dacd514e-d0f2-4f80-a7b7-f5c48675eb53@group-54BB061E4A53-StateMachineUpdater: set stopIndex = 0
2019-09-26 13:32:09,171 [Thread-1077] INFO  impl.RaftServerImpl (ServerState.java:close(385)) - 1f806e80-696f-4e1e-8d02-ece25156c36a@group-C27D012E2712: closes. applyIndex: 0
2019-09-26 13:32:09,172 [ForkJoinPool.commonPool-worker-1] INFO  impl.RaftServerImpl (ServerState.java:close(385)) - dacd514e-d0f2-4f80-a7b7-f5c48675eb53@group-54BB061E4A53: closes. applyIndex: 0
2019-09-26 13:32:09,172 [1f806e80-696f-4e1e-8d02-ece25156c36a@group-C27D012E2712-SegmentedRaftLogWorker] INFO  segmented.SegmentedRaftLogWorker (SegmentedRaftLogWorker.java:run(313)) - 1f806e80-696f-4e1e-8d02-ece25156c36a@group-C27D012E2712-SegmentedRaftLogWorker was interrupted, exiting. There are 0 tasks remaining in the queue.
2019-09-26 13:32:09,173 [dacd514e-d0f2-4f80-a7b7-f5c48675eb53@group-54BB061E4A53-SegmentedRaftLogWorker] INFO  segmented.SegmentedRaftLogWorker (SegmentedRaftLogWorker.java:run(313)) - dacd514e-d0f2-4f80-a7b7-f5c48675eb53@group-54BB061E4A53-SegmentedRaftLogWorker was interrupted, exiting. There are 0 tasks remaining in the queue.
2019-09-26 13:32:09,173 [Thread-1077] INFO  segmented.SegmentedRaftLogWorker (SegmentedRaftLogWorker.java:close(228)) - 1f806e80-696f-4e1e-8d02-ece25156c36a@group-C27D012E2712-SegmentedRaftLogWorker close()
2019-09-26 13:32:09,173 [ForkJoinPool.commonPool-worker-1] INFO  segmented.SegmentedRaftLogWorker (SegmentedRaftLogWorker.java:close(228)) - dacd514e-d0f2-4f80-a7b7-f5c48675eb53@group-54BB061E4A53-SegmentedRaftLogWorker close()
2019-09-26 13:32:09,176 [Thread-1077] INFO  impl.RaftServerImpl (RaftServerImpl.java:lambda$shutdown$3(251)) - 1f806e80-696f-4e1e-8d02-ece25156c36a@group-95A51C2742B0: shutdown
2019-09-26 13:32:09,184 [ForkJoinPool.commonPool-worker-1] INFO  impl.RaftServerImpl (RaftServerImpl.java:lambda$shutdown$3(251)) - dacd514e-d0f2-4f80-a7b7-f5c48675eb53@group-C7B3DAB1BD24: shutdown
2019-09-26 13:32:09,185 [Thread-1077] INFO  util.JmxRegister (JmxRegister.java:unregister(73)) - Successfully un-registered JMX Bean with object name Ratis:service=RaftServer,group=group-95A51C2742B0,id=1f806e80-696f-4e1e-8d02-ece25156c36a
2019-09-26 13:32:09,185 [ForkJoinPool.commonPool-worker-1] INFO  util.JmxRegister (JmxRegister.java:unregister(73)) - Successfully un-registered JMX Bean with object name Ratis:service=RaftServer,group=group-C7B3DAB1BD24,id=dacd514e-d0f2-4f80-a7b7-f5c48675eb53
2019-09-26 13:32:09,185 [Thread-1077] INFO  impl.RoleInfo (RoleInfo.java:shutdownLeaderState(104)) - 1f806e80-696f-4e1e-8d02-ece25156c36a: shutdown LeaderState
2019-09-26 13:32:09,186 [ForkJoinPool.commonPool-worker-1] INFO  impl.RoleInfo (RoleInfo.java:shutdownLeaderState(104)) - dacd514e-d0f2-4f80-a7b7-f5c48675eb53: shutdown LeaderState
2019-09-26 13:32:09,186 [Thread-1077] INFO  impl.PendingRequests (PendingRequests.java:sendNotLeaderResponses(202)) - 1f806e80-696f-4e1e-8d02-ece25156c36a-PendingRequests: sendNotLeaderResponses
2019-09-26 13:32:09,186 [ForkJoinPool.commonPool-worker-1] INFO  impl.PendingRequests (PendingRequests.java:sendNotLeaderResponses(202)) - dacd514e-d0f2-4f80-a7b7-f5c48675eb53-PendingRequests: sendNotLeaderResponses
2019-09-26 13:32:09,186 [Thread-1077] INFO  impl.StateMachineUpdater (StateMachineUpdater.java:stopAndJoin(125)) - 1f806e80-696f-4e1e-8d02-ece25156c36a@group-95A51C2742B0-StateMachineUpdater: set stopIndex = 0
2019-09-26 13:32:09,187 [Thread-1077] INFO  impl.RaftServerImpl (ServerState.java:close(385)) - 1f806e80-696f-4e1e-8d02-ece25156c36a@group-95A51C2742B0: closes. applyIndex: 0
2019-09-26 13:32:09,187 [ForkJoinPool.commonPool-worker-1] INFO  impl.StateMachineUpdater (StateMachineUpdater.java:stopAndJoin(125)) - dacd514e-d0f2-4f80-a7b7-f5c48675eb53@group-C7B3DAB1BD24-StateMachineUpdater: set stopIndex = 0
2019-09-26 13:32:09,188 [ForkJoinPool.commonPool-worker-1] INFO  impl.RaftServerImpl (ServerState.java:close(385)) - dacd514e-d0f2-4f80-a7b7-f5c48675eb53@group-C7B3DAB1BD24: closes. applyIndex: 0
2019-09-26 13:32:09,188 [1f806e80-696f-4e1e-8d02-ece25156c36a@group-95A51C2742B0-SegmentedRaftLogWorker] INFO  segmented.SegmentedRaftLogWorker (SegmentedRaftLogWorker.java:run(313)) - 1f806e80-696f-4e1e-8d02-ece25156c36a@group-95A51C2742B0-SegmentedRaftLogWorker was interrupted, exiting. There are 0 tasks remaining in the queue.
2019-09-26 13:32:09,188 [dacd514e-d0f2-4f80-a7b7-f5c48675eb53@group-C7B3DAB1BD24-SegmentedRaftLogWorker] INFO  segmented.SegmentedRaftLogWorker (SegmentedRaftLogWorker.java:run(313)) - dacd514e-d0f2-4f80-a7b7-f5c48675eb53@group-C7B3DAB1BD24-SegmentedRaftLogWorker was interrupted, exiting. There are 0 tasks remaining in the queue.
2019-09-26 13:32:09,188 [Thread-1077] INFO  segmented.SegmentedRaftLogWorker (SegmentedRaftLogWorker.java:close(228)) - 1f806e80-696f-4e1e-8d02-ece25156c36a@group-95A51C2742B0-SegmentedRaftLogWorker close()
2019-09-26 13:32:09,188 [ForkJoinPool.commonPool-worker-1] INFO  segmented.SegmentedRaftLogWorker (SegmentedRaftLogWorker.java:close(228)) - dacd514e-d0f2-4f80-a7b7-f5c48675eb53@group-C7B3DAB1BD24-SegmentedRaftLogWorker close()
2019-09-26 13:32:09,189 [Thread-1077] INFO  impl.RaftServerImpl (RaftServerImpl.java:lambda$shutdown$3(251)) - 1f806e80-696f-4e1e-8d02-ece25156c36a@group-C6CB94029418: shutdown
2019-09-26 13:32:09,189 [ForkJoinPool.commonPool-worker-1] INFO  impl.RaftServerImpl (RaftServerImpl.java:lambda$shutdown$3(251)) - dacd514e-d0f2-4f80-a7b7-f5c48675eb53@group-141FA4C9B9B7: shutdown
2019-09-26 13:32:09,189 [Thread-1077] INFO  util.JmxRegister (JmxRegister.java:unregister(73)) - Successfully un-registered JMX Bean with object name Ratis:service=RaftServer,group=group-C6CB94029418,id=1f806e80-696f-4e1e-8d02-ece25156c36a
2019-09-26 13:32:09,190 [Thread-1077] INFO  impl.RoleInfo (RoleInfo.java:shutdownLeaderState(104)) - 1f806e80-696f-4e1e-8d02-ece25156c36a: shutdown LeaderState
2019-09-26 13:32:09,190 [ForkJoinPool.commonPool-worker-1] INFO  util.JmxRegister (JmxRegister.java:unregister(73)) - Successfully un-registered JMX Bean with object name Ratis:service=RaftServer,group=group-141FA4C9B9B7,id=dacd514e-d0f2-4f80-a7b7-f5c48675eb53
2019-09-26 13:32:09,190 [Thread-1077] INFO  impl.PendingRequests (PendingRequests.java:sendNotLeaderResponses(202)) - 1f806e80-696f-4e1e-8d02-ece25156c36a-PendingRequests: sendNotLeaderResponses
2019-09-26 13:32:09,191 [ForkJoinPool.commonPool-worker-1] INFO  impl.RoleInfo (RoleInfo.java:shutdownLeaderState(104)) - dacd514e-d0f2-4f80-a7b7-f5c48675eb53: shutdown LeaderState
2019-09-26 13:32:09,191 [Thread-1077] INFO  impl.StateMachineUpdater (StateMachineUpdater.java:stopAndJoin(125)) - 1f806e80-696f-4e1e-8d02-ece25156c36a@group-C6CB94029418-StateMachineUpdater: set stopIndex = 0
2019-09-26 13:32:09,191 [ForkJoinPool.commonPool-worker-1] INFO  impl.PendingRequests (PendingRequests.java:sendNotLeaderResponses(202)) - dacd514e-d0f2-4f80-a7b7-f5c48675eb53-PendingRequests: sendNotLeaderResponses
2019-09-26 13:32:09,191 [Thread-1077] INFO  impl.RaftServerImpl (ServerState.java:close(385)) - 1f806e80-696f-4e1e-8d02-ece25156c36a@group-C6CB94029418: closes. applyIndex: 0
2019-09-26 13:32:09,192 [ForkJoinPool.commonPool-worker-1] INFO  impl.StateMachineUpdater (StateMachineUpdater.java:stopAndJoin(125)) - dacd514e-d0f2-4f80-a7b7-f5c48675eb53@group-141FA4C9B9B7-StateMachineUpdater: set stopIndex = 0
2019-09-26 13:32:09,192 [1f806e80-696f-4e1e-8d02-ece25156c36a@group-C6CB94029418-SegmentedRaftLogWorker] INFO  segmented.SegmentedRaftLogWorker (SegmentedRaftLogWorker.java:run(313)) - 1f806e80-696f-4e1e-8d02-ece25156c36a@group-C6CB94029418-SegmentedRaftLogWorker was interrupted, exiting. There are 0 tasks remaining in the queue.
2019-09-26 13:32:09,192 [ForkJoinPool.commonPool-worker-1] INFO  impl.RaftServerImpl (ServerState.java:close(385)) - dacd514e-d0f2-4f80-a7b7-f5c48675eb53@group-141FA4C9B9B7: closes. applyIndex: 0
2019-09-26 13:32:09,192 [Thread-1077] INFO  segmented.SegmentedRaftLogWorker (SegmentedRaftLogWorker.java:close(228)) - 1f806e80-696f-4e1e-8d02-ece25156c36a@group-C6CB94029418-SegmentedRaftLogWorker close()
2019-09-26 13:32:09,193 [dacd514e-d0f2-4f80-a7b7-f5c48675eb53@group-141FA4C9B9B7-SegmentedRaftLogWorker] INFO  segmented.SegmentedRaftLogWorker (SegmentedRaftLogWorker.java:run(313)) - dacd514e-d0f2-4f80-a7b7-f5c48675eb53@group-141FA4C9B9B7-SegmentedRaftLogWorker was interrupted, exiting. There are 0 tasks remaining in the queue.
2019-09-26 13:32:09,193 [Thread-1077] INFO  impl.RaftServerImpl (RaftServerImpl.java:lambda$shutdown$3(251)) - 1f806e80-696f-4e1e-8d02-ece25156c36a@group-92E130E41070: shutdown
2019-09-26 13:32:09,193 [ForkJoinPool.commonPool-worker-1] INFO  segmented.SegmentedRaftLogWorker (SegmentedRaftLogWorker.java:close(228)) - dacd514e-d0f2-4f80-a7b7-f5c48675eb53@group-141FA4C9B9B7-SegmentedRaftLogWorker close()
2019-09-26 13:32:09,193 [Thread-1077] INFO  util.JmxRegister (JmxRegister.java:unregister(73)) - Successfully un-registered JMX Bean with object name Ratis:service=RaftServer,group=group-92E130E41070,id=1f806e80-696f-4e1e-8d02-ece25156c36a
2019-09-26 13:32:09,194 [Thread-1077] INFO  impl.RoleInfo (RoleInfo.java:shutdownLeaderState(104)) - 1f806e80-696f-4e1e-8d02-ece25156c36a: shutdown LeaderState
2019-09-26 13:32:09,194 [ForkJoinPool.commonPool-worker-1] INFO  impl.RaftServerImpl (RaftServerImpl.java:lambda$shutdown$3(251)) - dacd514e-d0f2-4f80-a7b7-f5c48675eb53@group-5757460B3C87: shutdown
2019-09-26 13:32:09,194 [Thread-1077] INFO  impl.PendingRequests (PendingRequests.java:sendNotLeaderResponses(202)) - 1f806e80-696f-4e1e-8d02-ece25156c36a-PendingRequests: sendNotLeaderResponses
2019-09-26 13:32:09,195 [ForkJoinPool.commonPool-worker-1] INFO  util.JmxRegister (JmxRegister.java:unregister(73)) - Successfully un-registered JMX Bean with object name Ratis:service=RaftServer,group=group-5757460B3C87,id=dacd514e-d0f2-4f80-a7b7-f5c48675eb53
2019-09-26 13:32:09,195 [Thread-1077] INFO  impl.StateMachineUpdater (StateMachineUpdater.java:stopAndJoin(125)) - 1f806e80-696f-4e1e-8d02-ece25156c36a@group-92E130E41070-StateMachineUpdater: set stopIndex = 0
2019-09-26 13:32:09,195 [Thread-1077] INFO  impl.RaftServerImpl (ServerState.java:close(385)) - 1f806e80-696f-4e1e-8d02-ece25156c36a@group-92E130E41070: closes. applyIndex: 0
2019-09-26 13:32:09,195 [ForkJoinPool.commonPool-worker-1] INFO  impl.RoleInfo (RoleInfo.java:shutdownLeaderState(104)) - dacd514e-d0f2-4f80-a7b7-f5c48675eb53: shutdown LeaderState
2019-09-26 13:32:09,196 [1f806e80-696f-4e1e-8d02-ece25156c36a@group-92E130E41070-SegmentedRaftLogWorker] INFO  segmented.SegmentedRaftLogWorker (SegmentedRaftLogWorker.java:run(313)) - 1f806e80-696f-4e1e-8d02-ece25156c36a@group-92E130E41070-SegmentedRaftLogWorker was interrupted, exiting. There are 0 tasks remaining in the queue.
2019-09-26 13:32:09,196 [ForkJoinPool.commonPool-worker-1] INFO  impl.PendingRequests (PendingRequests.java:sendNotLeaderResponses(202)) - dacd514e-d0f2-4f80-a7b7-f5c48675eb53-PendingRequests: sendNotLeaderResponses
2019-09-26 13:32:09,196 [Thread-1077] INFO  segmented.SegmentedRaftLogWorker (SegmentedRaftLogWorker.java:close(228)) - 1f806e80-696f-4e1e-8d02-ece25156c36a@group-92E130E41070-SegmentedRaftLogWorker close()
2019-09-26 13:32:09,196 [ForkJoinPool.commonPool-worker-1] INFO  impl.StateMachineUpdater (StateMachineUpdater.java:stopAndJoin(125)) - dacd514e-d0f2-4f80-a7b7-f5c48675eb53@group-5757460B3C87-StateMachineUpdater: set stopIndex = 0
2019-09-26 13:32:09,197 [Thread-1077] INFO  impl.RaftServerImpl (RaftServerImpl.java:lambda$shutdown$3(251)) - 1f806e80-696f-4e1e-8d02-ece25156c36a@group-FEAEE19E6028: shutdown
2019-09-26 13:32:09,197 [ForkJoinPool.commonPool-worker-1] INFO  impl.RaftServerImpl (ServerState.java:close(385)) - dacd514e-d0f2-4f80-a7b7-f5c48675eb53@group-5757460B3C87: closes. applyIndex: 0
2019-09-26 13:32:09,197 [Thread-1077] INFO  util.JmxRegister (JmxRegister.java:unregister(73)) - Successfully un-registered JMX Bean with object name Ratis:service=RaftServer,group=group-FEAEE19E6028,id=1f806e80-696f-4e1e-8d02-ece25156c36a
2019-09-26 13:32:09,198 [dacd514e-d0f2-4f80-a7b7-f5c48675eb53@group-5757460B3C87-SegmentedRaftLogWorker] INFO  segmented.SegmentedRaftLogWorker (SegmentedRaftLogWorker.java:run(313)) - dacd514e-d0f2-4f80-a7b7-f5c48675eb53@group-5757460B3C87-SegmentedRaftLogWorker was interrupted, exiting. There are 0 tasks remaining in the queue.
2019-09-26 13:32:09,198 [Thread-1077] INFO  impl.RoleInfo (RoleInfo.java:shutdownLeaderState(104)) - 1f806e80-696f-4e1e-8d02-ece25156c36a: shutdown LeaderState
2019-09-26 13:32:09,198 [ForkJoinPool.commonPool-worker-1] INFO  segmented.SegmentedRaftLogWorker (SegmentedRaftLogWorker.java:close(228)) - dacd514e-d0f2-4f80-a7b7-f5c48675eb53@group-5757460B3C87-SegmentedRaftLogWorker close()
2019-09-26 13:32:09,198 [Thread-1077] INFO  impl.PendingRequests (PendingRequests.java:sendNotLeaderResponses(202)) - 1f806e80-696f-4e1e-8d02-ece25156c36a-PendingRequests: sendNotLeaderResponses
2019-09-26 13:32:09,198 [ForkJoinPool.commonPool-worker-1] INFO  impl.RaftServerImpl (RaftServerImpl.java:lambda$shutdown$3(251)) - dacd514e-d0f2-4f80-a7b7-f5c48675eb53@group-6B9B8B4BD647: shutdown
2019-09-26 13:32:09,199 [Thread-1077] INFO  impl.StateMachineUpdater (StateMachineUpdater.java:stopAndJoin(125)) - 1f806e80-696f-4e1e-8d02-ece25156c36a@group-FEAEE19E6028-StateMachineUpdater: set stopIndex = 0
2019-09-26 13:32:09,199 [ForkJoinPool.commonPool-worker-1] INFO  util.JmxRegister (JmxRegister.java:unregister(73)) - Successfully un-registered JMX Bean with object name Ratis:service=RaftServer,group=group-6B9B8B4BD647,id=dacd514e-d0f2-4f80-a7b7-f5c48675eb53
2019-09-26 13:32:09,199 [Thread-1077] INFO  impl.RaftServerImpl (ServerState.java:close(385)) - 1f806e80-696f-4e1e-8d02-ece25156c36a@group-FEAEE19E6028: closes. applyIndex: 0
2019-09-26 13:32:09,200 [ForkJoinPool.commonPool-worker-1] INFO  impl.RoleInfo (RoleInfo.java:shutdownLeaderState(104)) - dacd514e-d0f2-4f80-a7b7-f5c48675eb53: shutdown LeaderState
2019-09-26 13:32:09,200 [1f806e80-696f-4e1e-8d02-ece25156c36a@group-FEAEE19E6028-SegmentedRaftLogWorker] INFO  segmented.SegmentedRaftLogWorker (SegmentedRaftLogWorker.java:run(313)) - 1f806e80-696f-4e1e-8d02-ece25156c36a@group-FEAEE19E6028-SegmentedRaftLogWorker was interrupted, exiting. There are 0 tasks remaining in the queue.
2019-09-26 13:32:09,200 [ForkJoinPool.commonPool-worker-1] INFO  impl.PendingRequests (PendingRequests.java:sendNotLeaderResponses(202)) - dacd514e-d0f2-4f80-a7b7-f5c48675eb53-PendingRequests: sendNotLeaderResponses
2019-09-26 13:32:09,200 [Thread-1077] INFO  segmented.SegmentedRaftLogWorker (SegmentedRaftLogWorker.java:close(228)) - 1f806e80-696f-4e1e-8d02-ece25156c36a@group-FEAEE19E6028-SegmentedRaftLogWorker close()
2019-09-26 13:32:09,201 [ForkJoinPool.commonPool-worker-1] INFO  impl.StateMachineUpdater (StateMachineUpdater.java:stopAndJoin(125)) - dacd514e-d0f2-4f80-a7b7-f5c48675eb53@group-6B9B8B4BD647-StateMachineUpdater: set stopIndex = 0
2019-09-26 13:32:09,201 [ForkJoinPool.commonPool-worker-1] INFO  impl.RaftServerImpl (ServerState.java:close(385)) - dacd514e-d0f2-4f80-a7b7-f5c48675eb53@group-6B9B8B4BD647: closes. applyIndex: 0
2019-09-26 13:32:09,201 [Thread-1077] INFO  impl.RaftServerImpl (RaftServerImpl.java:lambda$shutdown$3(251)) - 1f806e80-696f-4e1e-8d02-ece25156c36a@group-8C53778F9814: shutdown
2019-09-26 13:32:09,201 [dacd514e-d0f2-4f80-a7b7-f5c48675eb53@group-6B9B8B4BD647-SegmentedRaftLogWorker] INFO  segmented.SegmentedRaftLogWorker (SegmentedRaftLogWorker.java:run(313)) - dacd514e-d0f2-4f80-a7b7-f5c48675eb53@group-6B9B8B4BD647-SegmentedRaftLogWorker was interrupted, exiting. There are 0 tasks remaining in the queue.
2019-09-26 13:32:09,202 [Thread-1077] INFO  util.JmxRegister (JmxRegister.java:unregister(73)) - Successfully un-registered JMX Bean with object name Ratis:service=RaftServer,group=group-8C53778F9814,id=1f806e80-696f-4e1e-8d02-ece25156c36a
2019-09-26 13:32:09,202 [ForkJoinPool.commonPool-worker-1] INFO  segmented.SegmentedRaftLogWorker (SegmentedRaftLogWorker.java:close(228)) - dacd514e-d0f2-4f80-a7b7-f5c48675eb53@group-6B9B8B4BD647-SegmentedRaftLogWorker close()
2019-09-26 13:32:09,202 [Thread-1077] INFO  impl.RoleInfo (RoleInfo.java:shutdownLeaderState(104)) - 1f806e80-696f-4e1e-8d02-ece25156c36a: shutdown LeaderState
2019-09-26 13:32:09,202 [ForkJoinPool.commonPool-worker-1] INFO  impl.RaftServerImpl (RaftServerImpl.java:lambda$shutdown$3(251)) - dacd514e-d0f2-4f80-a7b7-f5c48675eb53@group-2EF9077E48FA: shutdown
2019-09-26 13:32:09,203 [Thread-1077] INFO  impl.PendingRequests (PendingRequests.java:sendNotLeaderResponses(202)) - 1f806e80-696f-4e1e-8d02-ece25156c36a-PendingRequests: sendNotLeaderResponses
2019-09-26 13:32:09,203 [ForkJoinPool.commonPool-worker-1] INFO  util.JmxRegister (JmxRegister.java:unregister(73)) - Successfully un-registered JMX Bean with object name Ratis:service=RaftServer,group=group-2EF9077E48FA,id=dacd514e-d0f2-4f80-a7b7-f5c48675eb53
2019-09-26 13:32:09,203 [Thread-1077] INFO  impl.StateMachineUpdater (StateMachineUpdater.java:stopAndJoin(125)) - 1f806e80-696f-4e1e-8d02-ece25156c36a@group-8C53778F9814-StateMachineUpdater: set stopIndex = 0
2019-09-26 13:32:09,204 [Thread-1077] INFO  impl.RaftServerImpl (ServerState.java:close(385)) - 1f806e80-696f-4e1e-8d02-ece25156c36a@group-8C53778F9814: closes. applyIndex: 0
2019-09-26 13:32:09,203 [ForkJoinPool.commonPool-worker-1] INFO  impl.RoleInfo (RoleInfo.java:shutdownLeaderState(104)) - dacd514e-d0f2-4f80-a7b7-f5c48675eb53: shutdown LeaderState
2019-09-26 13:32:09,204 [1f806e80-696f-4e1e-8d02-ece25156c36a@group-8C53778F9814-SegmentedRaftLogWorker] INFO  segmented.SegmentedRaftLogWorker (SegmentedRaftLogWorker.java:run(313)) - 1f806e80-696f-4e1e-8d02-ece25156c36a@group-8C53778F9814-SegmentedRaftLogWorker was interrupted, exiting. There are 0 tasks remaining in the queue.
2019-09-26 13:32:09,204 [ForkJoinPool.commonPool-worker-1] INFO  impl.PendingRequests (PendingRequests.java:sendNotLeaderResponses(202)) - dacd514e-d0f2-4f80-a7b7-f5c48675eb53-PendingRequests: sendNotLeaderResponses
2019-09-26 13:32:09,205 [Thread-1077] INFO  segmented.SegmentedRaftLogWorker (SegmentedRaftLogWorker.java:close(228)) - 1f806e80-696f-4e1e-8d02-ece25156c36a@group-8C53778F9814-SegmentedRaftLogWorker close()
2019-09-26 13:32:09,205 [ForkJoinPool.commonPool-worker-1] INFO  impl.StateMachineUpdater (StateMachineUpdater.java:stopAndJoin(125)) - dacd514e-d0f2-4f80-a7b7-f5c48675eb53@group-2EF9077E48FA-StateMachineUpdater: set stopIndex = 0
2019-09-26 13:32:09,205 [Thread-1077] INFO  server.GrpcService (GrpcService.java:closeImpl(164)) - 1f806e80-696f-4e1e-8d02-ece25156c36a: shutdown server with port 40523 now
2019-09-26 13:32:09,205 [ForkJoinPool.commonPool-worker-1] INFO  impl.RaftServerImpl (ServerState.java:close(385)) - dacd514e-d0f2-4f80-a7b7-f5c48675eb53@group-2EF9077E48FA: closes. applyIndex: 0
2019-09-26 13:32:09,208 [dacd514e-d0f2-4f80-a7b7-f5c48675eb53@group-2EF9077E48FA-SegmentedRaftLogWorker] INFO  segmented.SegmentedRaftLogWorker (SegmentedRaftLogWorker.java:run(313)) - dacd514e-d0f2-4f80-a7b7-f5c48675eb53@group-2EF9077E48FA-SegmentedRaftLogWorker was interrupted, exiting. There are 0 tasks remaining in the queue.
2019-09-26 13:32:09,208 [Thread-1077] INFO  server.GrpcService (GrpcService.java:closeImpl(172)) - 1f806e80-696f-4e1e-8d02-ece25156c36a: shutdown server with port 40523 successfully
2019-09-26 13:32:09,208 [ForkJoinPool.commonPool-worker-1] INFO  segmented.SegmentedRaftLogWorker (SegmentedRaftLogWorker.java:close(228)) - dacd514e-d0f2-4f80-a7b7-f5c48675eb53@group-2EF9077E48FA-SegmentedRaftLogWorker close()
2019-09-26 13:32:09,209 [ForkJoinPool.commonPool-worker-1] INFO  server.GrpcService (GrpcService.java:closeImpl(164)) - dacd514e-d0f2-4f80-a7b7-f5c48675eb53: shutdown server with port 34147 now
2019-09-26 13:32:09,210 [ForkJoinPool.commonPool-worker-1] INFO  server.GrpcService (GrpcService.java:closeImpl(172)) - dacd514e-d0f2-4f80-a7b7-f5c48675eb53: shutdown server with port 34147 successfully
2019-09-26 13:32:09,211 [refreshUsed-/workdir/hadoop-ozone/ozonefs/target/test-dir/MiniOzoneClusterImpl-f978b247-e176-4f00-b4b9-b4bec99d4730/datanode-1/data/containers] WARN  fs.CachingGetSpaceUsed (CachingGetSpaceUsed.java:run(183)) - Thread Interrupted waiting to refresh disk information: sleep interrupted
2019-09-26 13:32:09,212 [refreshUsed-/workdir/hadoop-ozone/ozonefs/target/test-dir/MiniOzoneClusterImpl-f978b247-e176-4f00-b4b9-b4bec99d4730/datanode-0/data/containers] WARN  fs.CachingGetSpaceUsed (CachingGetSpaceUsed.java:run(183)) - Thread Interrupted waiting to refresh disk information: sleep interrupted
2019-09-26 13:32:09,242 [Thread-1077] INFO  utils.BackgroundService (BackgroundService.java:shutdown(148)) - Shutting down service BlockDeletingService
2019-09-26 13:32:09,246 [Thread-1077] INFO  statemachine.DatanodeStateMachine (DatanodeStateMachine.java:stopDaemon(395)) - Ozone container server stopped.
2019-09-26 13:32:09,246 [ForkJoinPool.commonPool-worker-1] INFO  utils.BackgroundService (BackgroundService.java:shutdown(148)) - Shutting down service BlockDeletingService
2019-09-26 13:32:09,247 [Thread-1077] INFO  handler.ContextHandler (ContextHandler.java:doStop(910)) - Stopped o.e.j.w.WebAppContext@4b5d74a4{/,null,UNAVAILABLE}{/hddsDatanode}
2019-09-26 13:32:09,250 [ForkJoinPool.commonPool-worker-1] INFO  statemachine.DatanodeStateMachine (DatanodeStateMachine.java:stopDaemon(395)) - Ozone container server stopped.
2019-09-26 13:32:09,253 [Thread-1077] INFO  server.AbstractConnector (AbstractConnector.java:doStop(318)) - Stopped ServerConnector@748f99eb{HTTP/1.1,[http/1.1]}{0.0.0.0:0}
2019-09-26 13:32:09,255 [ForkJoinPool.commonPool-worker-1] INFO  handler.ContextHandler (ContextHandler.java:doStop(910)) - Stopped o.e.j.w.WebAppContext@acb462a{/,null,UNAVAILABLE}{/hddsDatanode}
2019-09-26 13:32:09,255 [Thread-1077] INFO  handler.ContextHandler (ContextHandler.java:doStop(910)) - Stopped o.e.j.s.ServletContextHandler@2e0380d1{/static,jar:file:/home/user/.m2/repository/org/apache/hadoop/hadoop-hdds-container-service/0.5.0-SNAPSHOT/hadoop-hdds-container-service-0.5.0-SNAPSHOT.jar!/webapps/static,UNAVAILABLE}
2019-09-26 13:32:09,255 [Thread-1077] INFO  handler.ContextHandler (ContextHandler.java:doStop(910)) - Stopped o.e.j.s.ServletContextHandler@6bbf74c6{/logs,file:///workdir/hadoop-ozone/ozonefs/target/log,UNAVAILABLE}
2019-09-26 13:32:09,255 [ForkJoinPool.commonPool-worker-1] INFO  server.AbstractConnector (AbstractConnector.java:doStop(318)) - Stopped ServerConnector@17be1d2b{HTTP/1.1,[http/1.1]}{0.0.0.0:0}
2019-09-26 13:32:09,261 [ForkJoinPool.commonPool-worker-1] INFO  handler.ContextHandler (ContextHandler.java:doStop(910)) - Stopped o.e.j.s.ServletContextHandler@56a49968{/static,jar:file:/home/user/.m2/repository/org/apache/hadoop/hadoop-hdds-container-service/0.5.0-SNAPSHOT/hadoop-hdds-container-service-0.5.0-SNAPSHOT.jar!/webapps/static,UNAVAILABLE}
2019-09-26 13:32:09,262 [ForkJoinPool.commonPool-worker-1] INFO  handler.ContextHandler (ContextHandler.java:doStop(910)) - Stopped o.e.j.s.ServletContextHandler@8f6c5fa{/logs,file:///workdir/hadoop-ozone/ozonefs/target/log,UNAVAILABLE}
2019-09-26 13:32:10,004 [Datanode State Machine Thread - 0] INFO  statemachine.DatanodeStateMachine (DatanodeStateMachine.java:lambda$startDaemon$0(350)) - Ozone container server started.
2019-09-26 13:32:14,262 [Thread-1077] INFO  ozoneimpl.OzoneContainer (OzoneContainer.java:stop(231)) - Attempting to stop container services.
2019-09-26 13:32:14,263 [Thread-1077] INFO  impl.RaftServerProxy (RaftServerProxy.java:lambda$close$4(314)) - e16dff8c-a16b-40c6-b6a2-90a35c3deb9f: close
2019-09-26 13:32:14,264 [Thread-1077] INFO  impl.RaftServerImpl (RaftServerImpl.java:lambda$shutdown$3(251)) - e16dff8c-a16b-40c6-b6a2-90a35c3deb9f@group-4EC7548C01E3: shutdown
2019-09-26 13:32:14,264 [ForkJoinPool.commonPool-worker-0] INFO  impl.RaftServerImpl (RaftServerImpl.java:lambda$shutdown$3(251)) - e16dff8c-a16b-40c6-b6a2-90a35c3deb9f@group-9AEBD61A4A2A: shutdown
2019-09-26 13:32:14,264 [Thread-1077] INFO  util.JmxRegister (JmxRegister.java:unregister(73)) - Successfully un-registered JMX Bean with object name Ratis:service=RaftServer,group=group-4EC7548C01E3,id=e16dff8c-a16b-40c6-b6a2-90a35c3deb9f
2019-09-26 13:32:14,264 [Thread-1077] INFO  impl.RoleInfo (RoleInfo.java:shutdownLeaderState(104)) - e16dff8c-a16b-40c6-b6a2-90a35c3deb9f: shutdown LeaderState
2019-09-26 13:32:14,264 [ForkJoinPool.commonPool-worker-0] INFO  util.JmxRegister (JmxRegister.java:unregister(73)) - Successfully un-registered JMX Bean with object name Ratis:service=RaftServer,group=group-9AEBD61A4A2A,id=e16dff8c-a16b-40c6-b6a2-90a35c3deb9f
2019-09-26 13:32:14,265 [Thread-1077] INFO  impl.PendingRequests (PendingRequests.java:sendNotLeaderResponses(202)) - e16dff8c-a16b-40c6-b6a2-90a35c3deb9f-PendingRequests: sendNotLeaderResponses
2019-09-26 13:32:14,265 [ForkJoinPool.commonPool-worker-0] INFO  impl.RoleInfo (RoleInfo.java:shutdownLeaderState(104)) - e16dff8c-a16b-40c6-b6a2-90a35c3deb9f: shutdown LeaderState
2019-09-26 13:32:14,265 [Thread-1077] INFO  impl.StateMachineUpdater (StateMachineUpdater.java:stopAndJoin(125)) - e16dff8c-a16b-40c6-b6a2-90a35c3deb9f@group-4EC7548C01E3-StateMachineUpdater: set stopIndex = 0
2019-09-26 13:32:14,266 [ForkJoinPool.commonPool-worker-0] INFO  impl.PendingRequests (PendingRequests.java:sendNotLeaderResponses(202)) - e16dff8c-a16b-40c6-b6a2-90a35c3deb9f-PendingRequests: sendNotLeaderResponses
2019-09-26 13:32:14,266 [Thread-1077] INFO  impl.RaftServerImpl (ServerState.java:close(385)) - e16dff8c-a16b-40c6-b6a2-90a35c3deb9f@group-4EC7548C01E3: closes. applyIndex: 0
2019-09-26 13:32:14,266 [ForkJoinPool.commonPool-worker-0] INFO  impl.StateMachineUpdater (StateMachineUpdater.java:stopAndJoin(125)) - e16dff8c-a16b-40c6-b6a2-90a35c3deb9f@group-9AEBD61A4A2A-StateMachineUpdater: set stopIndex = 0
2019-09-26 13:32:14,267 [ForkJoinPool.commonPool-worker-0] INFO  impl.RaftServerImpl (ServerState.java:close(385)) - e16dff8c-a16b-40c6-b6a2-90a35c3deb9f@group-9AEBD61A4A2A: closes. applyIndex: 0
2019-09-26 13:32:14,267 [e16dff8c-a16b-40c6-b6a2-90a35c3deb9f@group-4EC7548C01E3-SegmentedRaftLogWorker] INFO  segmented.SegmentedRaftLogWorker (SegmentedRaftLogWorker.java:run(313)) - e16dff8c-a16b-40c6-b6a2-90a35c3deb9f@group-4EC7548C01E3-SegmentedRaftLogWorker was interrupted, exiting. There are 0 tasks remaining in the queue.
2019-09-26 13:32:14,267 [e16dff8c-a16b-40c6-b6a2-90a35c3deb9f@group-9AEBD61A4A2A-SegmentedRaftLogWorker] INFO  segmented.SegmentedRaftLogWorker (SegmentedRaftLogWorker.java:run(313)) - e16dff8c-a16b-40c6-b6a2-90a35c3deb9f@group-9AEBD61A4A2A-SegmentedRaftLogWorker was interrupted, exiting. There are 0 tasks remaining in the queue.
2019-09-26 13:32:14,267 [Thread-1077] INFO  segmented.SegmentedRaftLogWorker (SegmentedRaftLogWorker.java:close(228)) - e16dff8c-a16b-40c6-b6a2-90a35c3deb9f@group-4EC7548C01E3-SegmentedRaftLogWorker close()
2019-09-26 13:32:14,267 [ForkJoinPool.commonPool-worker-0] INFO  segmented.SegmentedRaftLogWorker (SegmentedRaftLogWorker.java:close(228)) - e16dff8c-a16b-40c6-b6a2-90a35c3deb9f@group-9AEBD61A4A2A-SegmentedRaftLogWorker close()
2019-09-26 13:32:14,268 [Thread-1077] INFO  impl.RaftServerImpl (RaftServerImpl.java:lambda$shutdown$3(251)) - e16dff8c-a16b-40c6-b6a2-90a35c3deb9f@group-01551FC8C180: shutdown
2019-09-26 13:32:14,268 [ForkJoinPool.commonPool-worker-0] INFO  impl.RaftServerImpl (RaftServerImpl.java:lambda$shutdown$3(251)) - e16dff8c-a16b-40c6-b6a2-90a35c3deb9f@group-676DC8C44BE6: shutdown
2019-09-26 13:32:14,268 [Thread-1077] INFO  util.JmxRegister (JmxRegister.java:unregister(73)) - Successfully un-registered JMX Bean with object name Ratis:service=RaftServer,group=group-01551FC8C180,id=e16dff8c-a16b-40c6-b6a2-90a35c3deb9f
2019-09-26 13:32:14,268 [ForkJoinPool.commonPool-worker-0] INFO  util.JmxRegister (JmxRegister.java:unregister(73)) - Successfully un-registered JMX Bean with object name Ratis:service=RaftServer,group=group-676DC8C44BE6,id=e16dff8c-a16b-40c6-b6a2-90a35c3deb9f
2019-09-26 13:32:14,268 [Thread-1077] INFO  impl.RoleInfo (RoleInfo.java:shutdownLeaderState(104)) - e16dff8c-a16b-40c6-b6a2-90a35c3deb9f: shutdown LeaderState
2019-09-26 13:32:14,269 [ForkJoinPool.commonPool-worker-0] INFO  impl.RoleInfo (RoleInfo.java:shutdownLeaderState(104)) - e16dff8c-a16b-40c6-b6a2-90a35c3deb9f: shutdown LeaderState
2019-09-26 13:32:14,269 [Thread-1077] INFO  impl.PendingRequests (PendingRequests.java:sendNotLeaderResponses(202)) - e16dff8c-a16b-40c6-b6a2-90a35c3deb9f-PendingRequests: sendNotLeaderResponses
2019-09-26 13:32:14,269 [ForkJoinPool.commonPool-worker-0] INFO  impl.PendingRequests (PendingRequests.java:sendNotLeaderResponses(202)) - e16dff8c-a16b-40c6-b6a2-90a35c3deb9f-PendingRequests: sendNotLeaderResponses
2019-09-26 13:32:14,269 [Thread-1077] INFO  impl.StateMachineUpdater (StateMachineUpdater.java:stopAndJoin(125)) - e16dff8c-a16b-40c6-b6a2-90a35c3deb9f@group-01551FC8C180-StateMachineUpdater: set stopIndex = 0
2019-09-26 13:32:14,269 [ForkJoinPool.commonPool-worker-0] INFO  impl.StateMachineUpdater (StateMachineUpdater.java:stopAndJoin(125)) - e16dff8c-a16b-40c6-b6a2-90a35c3deb9f@group-676DC8C44BE6-StateMachineUpdater: set stopIndex = 0
2019-09-26 13:32:14,270 [ForkJoinPool.commonPool-worker-0] INFO  impl.RaftServerImpl (ServerState.java:close(385)) - e16dff8c-a16b-40c6-b6a2-90a35c3deb9f@group-676DC8C44BE6: closes. applyIndex: 0
2019-09-26 13:32:14,270 [Thread-1077] INFO  impl.RaftServerImpl (ServerState.java:close(385)) - e16dff8c-a16b-40c6-b6a2-90a35c3deb9f@group-01551FC8C180: closes. applyIndex: 0
2019-09-26 13:32:14,270 [e16dff8c-a16b-40c6-b6a2-90a35c3deb9f@group-676DC8C44BE6-SegmentedRaftLogWorker] INFO  segmented.SegmentedRaftLogWorker (SegmentedRaftLogWorker.java:run(313)) - e16dff8c-a16b-40c6-b6a2-90a35c3deb9f@group-676DC8C44BE6-SegmentedRaftLogWorker was interrupted, exiting. There are 0 tasks remaining in the queue.
2019-09-26 13:32:14,270 [e16dff8c-a16b-40c6-b6a2-90a35c3deb9f@group-01551FC8C180-SegmentedRaftLogWorker] INFO  segmented.SegmentedRaftLogWorker (SegmentedRaftLogWorker.java:run(313)) - e16dff8c-a16b-40c6-b6a2-90a35c3deb9f@group-01551FC8C180-SegmentedRaftLogWorker was interrupted, exiting. There are 0 tasks remaining in the queue.
2019-09-26 13:32:14,280 [Thread-1077] INFO  segmented.SegmentedRaftLogWorker (SegmentedRaftLogWorker.java:close(228)) - e16dff8c-a16b-40c6-b6a2-90a35c3deb9f@group-01551FC8C180-SegmentedRaftLogWorker close()
2019-09-26 13:32:14,280 [ForkJoinPool.commonPool-worker-0] INFO  segmented.SegmentedRaftLogWorker (SegmentedRaftLogWorker.java:close(228)) - e16dff8c-a16b-40c6-b6a2-90a35c3deb9f@group-676DC8C44BE6-SegmentedRaftLogWorker close()
2019-09-26 13:32:14,280 [ForkJoinPool.commonPool-worker-0] INFO  impl.RaftServerImpl (RaftServerImpl.java:lambda$shutdown$3(251)) - e16dff8c-a16b-40c6-b6a2-90a35c3deb9f@group-7B4FDFBAB1BB: shutdown
2019-09-26 13:32:14,280 [ForkJoinPool.commonPool-worker-0] INFO  util.JmxRegister (JmxRegister.java:unregister(73)) - Successfully un-registered JMX Bean with object name Ratis:service=RaftServer,group=group-7B4FDFBAB1BB,id=e16dff8c-a16b-40c6-b6a2-90a35c3deb9f
2019-09-26 13:32:14,280 [ForkJoinPool.commonPool-worker-0] INFO  impl.RoleInfo (RoleInfo.java:shutdownLeaderState(104)) - e16dff8c-a16b-40c6-b6a2-90a35c3deb9f: shutdown LeaderState
2019-09-26 13:32:14,280 [ForkJoinPool.commonPool-worker-0] INFO  impl.PendingRequests (PendingRequests.java:sendNotLeaderResponses(202)) - e16dff8c-a16b-40c6-b6a2-90a35c3deb9f-PendingRequests: sendNotLeaderResponses
2019-09-26 13:32:14,281 [ForkJoinPool.commonPool-worker-0] INFO  impl.StateMachineUpdater (StateMachineUpdater.java:stopAndJoin(125)) - e16dff8c-a16b-40c6-b6a2-90a35c3deb9f@group-7B4FDFBAB1BB-StateMachineUpdater: set stopIndex = 0
2019-09-26 13:32:14,281 [ForkJoinPool.commonPool-worker-0] INFO  impl.RaftServerImpl (ServerState.java:close(385)) - e16dff8c-a16b-40c6-b6a2-90a35c3deb9f@group-7B4FDFBAB1BB: closes. applyIndex: 0
2019-09-26 13:32:14,281 [e16dff8c-a16b-40c6-b6a2-90a35c3deb9f@group-7B4FDFBAB1BB-SegmentedRaftLogWorker] INFO  segmented.SegmentedRaftLogWorker (SegmentedRaftLogWorker.java:run(313)) - e16dff8c-a16b-40c6-b6a2-90a35c3deb9f@group-7B4FDFBAB1BB-SegmentedRaftLogWorker was interrupted, exiting. There are 0 tasks remaining in the queue.
2019-09-26 13:32:14,281 [ForkJoinPool.commonPool-worker-0] INFO  segmented.SegmentedRaftLogWorker (SegmentedRaftLogWorker.java:close(228)) - e16dff8c-a16b-40c6-b6a2-90a35c3deb9f@group-7B4FDFBAB1BB-SegmentedRaftLogWorker close()
2019-09-26 13:32:14,281 [ForkJoinPool.commonPool-worker-0] INFO  impl.RaftServerImpl (RaftServerImpl.java:lambda$shutdown$3(251)) - e16dff8c-a16b-40c6-b6a2-90a35c3deb9f@group-8F9763E920B0: shutdown
2019-09-26 13:32:14,281 [ForkJoinPool.commonPool-worker-0] INFO  util.JmxRegister (JmxRegister.java:unregister(73)) - Successfully un-registered JMX Bean with object name Ratis:service=RaftServer,group=group-8F9763E920B0,id=e16dff8c-a16b-40c6-b6a2-90a35c3deb9f
2019-09-26 13:32:14,282 [ForkJoinPool.commonPool-worker-0] INFO  impl.RoleInfo (RoleInfo.java:shutdownLeaderState(104)) - e16dff8c-a16b-40c6-b6a2-90a35c3deb9f: shutdown LeaderState
2019-09-26 13:32:14,282 [ForkJoinPool.commonPool-worker-0] INFO  impl.PendingRequests (PendingRequests.java:sendNotLeaderResponses(202)) - e16dff8c-a16b-40c6-b6a2-90a35c3deb9f-PendingRequests: sendNotLeaderResponses
2019-09-26 13:32:14,282 [ForkJoinPool.commonPool-worker-0] INFO  impl.StateMachineUpdater (StateMachineUpdater.java:stopAndJoin(125)) - e16dff8c-a16b-40c6-b6a2-90a35c3deb9f@group-8F9763E920B0-StateMachineUpdater: set stopIndex = 0
2019-09-26 13:32:14,282 [ForkJoinPool.commonPool-worker-0] INFO  impl.RaftServerImpl (ServerState.java:close(385)) - e16dff8c-a16b-40c6-b6a2-90a35c3deb9f@group-8F9763E920B0: closes. applyIndex: 0
2019-09-26 13:32:14,282 [e16dff8c-a16b-40c6-b6a2-90a35c3deb9f@group-8F9763E920B0-SegmentedRaftLogWorker] INFO  segmented.SegmentedRaftLogWorker (SegmentedRaftLogWorker.java:run(313)) - e16dff8c-a16b-40c6-b6a2-90a35c3deb9f@group-8F9763E920B0-SegmentedRaftLogWorker was interrupted, exiting. There are 0 tasks remaining in the queue.
2019-09-26 13:32:14,282 [ForkJoinPool.commonPool-worker-0] INFO  segmented.SegmentedRaftLogWorker (SegmentedRaftLogWorker.java:close(228)) - e16dff8c-a16b-40c6-b6a2-90a35c3deb9f@group-8F9763E920B0-SegmentedRaftLogWorker close()
2019-09-26 13:32:14,283 [Thread-1077] INFO  server.GrpcService (GrpcService.java:closeImpl(164)) - e16dff8c-a16b-40c6-b6a2-90a35c3deb9f: shutdown server with port 44441 now
2019-09-26 13:32:14,286 [Thread-1077] INFO  server.GrpcService (GrpcService.java:closeImpl(172)) - e16dff8c-a16b-40c6-b6a2-90a35c3deb9f: shutdown server with port 44441 successfully
2019-09-26 13:32:14,289 [refreshUsed-/workdir/hadoop-ozone/ozonefs/target/test-dir/MiniOzoneClusterImpl-f978b247-e176-4f00-b4b9-b4bec99d4730/datanode-2/data/containers] WARN  fs.CachingGetSpaceUsed (CachingGetSpaceUsed.java:run(183)) - Thread Interrupted waiting to refresh disk information: sleep interrupted
2019-09-26 13:32:14,312 [Thread-1077] INFO  utils.BackgroundService (BackgroundService.java:shutdown(148)) - Shutting down service BlockDeletingService
2019-09-26 13:32:14,316 [Thread-1077] INFO  statemachine.DatanodeStateMachine (DatanodeStateMachine.java:stopDaemon(395)) - Ozone container server stopped.
2019-09-26 13:32:14,317 [Thread-1077] INFO  handler.ContextHandler (ContextHandler.java:doStop(910)) - Stopped o.e.j.w.WebAppContext@dcad301{/,null,UNAVAILABLE}{/hddsDatanode}
2019-09-26 13:32:14,317 [Thread-1077] INFO  server.AbstractConnector (AbstractConnector.java:doStop(318)) - Stopped ServerConnector@75d3e40b{HTTP/1.1,[http/1.1]}{0.0.0.0:0}
2019-09-26 13:32:14,318 [Thread-1077] INFO  handler.ContextHandler (ContextHandler.java:doStop(910)) - Stopped o.e.j.s.ServletContextHandler@4cf971af{/static,jar:file:/home/user/.m2/repository/org/apache/hadoop/hadoop-hdds-container-service/0.5.0-SNAPSHOT/hadoop-hdds-container-service-0.5.0-SNAPSHOT.jar!/webapps/static,UNAVAILABLE}
2019-09-26 13:32:14,318 [Thread-1077] INFO  handler.ContextHandler (ContextHandler.java:doStop(910)) - Stopped o.e.j.s.ServletContextHandler@11f3ceaa{/logs,file:///workdir/hadoop-ozone/ozonefs/target/log,UNAVAILABLE}
2019-09-26 13:32:14,319 [Thread-1077] INFO  ozone.MiniOzoneClusterImpl (MiniOzoneClusterImpl.java:stopSCM(392)) - Stopping the StorageContainerManager
2019-09-26 13:32:14,319 [Thread-1077] INFO  server.StorageContainerManager (StorageContainerManager.java:stop(808)) - Stopping Replication Manager Service.
2019-09-26 13:32:14,319 [Thread-1077] INFO  container.ReplicationManager (ReplicationManager.java:stop(204)) - Stopping Replication Monitor Thread.
2019-09-26 13:32:14,319 [Thread-1077] INFO  server.StorageContainerManager (StorageContainerManager.java:stop(815)) - Stopping Lease Manager of the command watchers
2019-09-26 13:32:14,319 [Thread-1077] INFO  server.StorageContainerManager (StorageContainerManager.java:stop(822)) - Stopping datanode service RPC server
2019-09-26 13:32:14,320 [Thread-1077] INFO  server.SCMDatanodeProtocolServer (SCMDatanodeProtocolServer.java:stop(367)) - Stopping the RPC server for DataNodes
2019-09-26 13:32:14,320 [Thread-1077] INFO  ipc.Server (Server.java:stop(3082)) - Stopping server on 40137
2019-09-26 13:32:14,324 [IPC Server listener on 40137] INFO  ipc.Server (Server.java:run(1185)) - Stopping IPC Server listener on 40137
2019-09-26 13:32:14,324 [IPC Server Responder] INFO  ipc.Server (Server.java:run(1319)) - Stopping IPC Server Responder
2019-09-26 13:32:14,392 [SCM Heartbeat Processing Thread - 0] WARN  node.NodeStateManager (NodeStateManager.java:scheduleNextHealthCheck(655)) - Current Thread is interrupted, shutting down HB processing thread for Node Manager.
2019-09-26 13:32:14,392 [Thread-1077] INFO  server.StorageContainerManager (StorageContainerManager.java:stop(830)) - Stopping block service RPC server
2019-09-26 13:32:14,393 [Thread-1077] INFO  server.SCMBlockProtocolServer (SCMBlockProtocolServer.java:stop(155)) - Stopping the RPC server for Block Protocol
2019-09-26 13:32:14,393 [Thread-1077] INFO  ipc.Server (Server.java:stop(3082)) - Stopping server on 43014
2019-09-26 13:32:14,395 [IPC Server listener on 43014] INFO  ipc.Server (Server.java:run(1185)) - Stopping IPC Server listener on 43014
2019-09-26 13:32:14,395 [IPC Server Responder] INFO  ipc.Server (Server.java:run(1319)) - Stopping IPC Server Responder
2019-09-26 13:32:14,395 [Thread-1077] INFO  server.StorageContainerManager (StorageContainerManager.java:stop(837)) - Stopping the StorageContainerLocationProtocol RPC server
2019-09-26 13:32:14,397 [Thread-1077] INFO  server.SCMClientProtocolServer (SCMClientProtocolServer.java:stop(159)) - Stopping the RPC server for Client Protocol
2019-09-26 13:32:14,397 [Thread-1077] INFO  ipc.Server (Server.java:stop(3082)) - Stopping server on 38496
2019-09-26 13:32:14,398 [IPC Server listener on 38496] INFO  ipc.Server (Server.java:run(1185)) - Stopping IPC Server listener on 38496
2019-09-26 13:32:14,398 [Thread-1077] INFO  server.StorageContainerManager (StorageContainerManager.java:stop(844)) - Stopping Storage Container Manager HTTP server.
2019-09-26 13:32:14,398 [IPC Server Responder] INFO  ipc.Server (Server.java:run(1319)) - Stopping IPC Server Responder
2019-09-26 13:32:14,401 [Thread-1077] INFO  handler.ContextHandler (ContextHandler.java:doStop(910)) - Stopped o.e.j.w.WebAppContext@398430d2{/,null,UNAVAILABLE}{/scm}
2019-09-26 13:32:14,402 [Thread-1077] INFO  server.AbstractConnector (AbstractConnector.java:doStop(318)) - Stopped ServerConnector@1bb215b8{HTTP/1.1,[http/1.1]}{0.0.0.0:0}
2019-09-26 13:32:14,402 [Thread-1077] INFO  handler.ContextHandler (ContextHandler.java:doStop(910)) - Stopped o.e.j.s.ServletContextHandler@464589f8{/static,jar:file:/home/user/.m2/repository/org/apache/hadoop/hadoop-hdds-server-scm/0.5.0-SNAPSHOT/hadoop-hdds-server-scm-0.5.0-SNAPSHOT.jar!/webapps/static,UNAVAILABLE}
2019-09-26 13:32:14,402 [Thread-1077] INFO  handler.ContextHandler (ContextHandler.java:doStop(910)) - Stopped o.e.j.s.ServletContextHandler@39b63967{/logs,file:///workdir/hadoop-ozone/ozonefs/target/log,UNAVAILABLE}
2019-09-26 13:32:14,403 [Thread-1077] INFO  server.StorageContainerManager (StorageContainerManager.java:stop(855)) - Stopping Block Manager Service.
2019-09-26 13:32:14,403 [Thread-1077] INFO  utils.BackgroundService (BackgroundService.java:shutdown(148)) - Shutting down service SCMBlockDeletingService
2019-09-26 13:32:14,404 [Thread-1077] INFO  utils.BackgroundService (BackgroundService.java:shutdown(148)) - Shutting down service SCMBlockDeletingService
2019-09-26 13:32:14,405 [Thread-1077] INFO  server.StorageContainerManager (StorageContainerManager.java:stop(877)) - Stopping SCM Event Queue.
2019-09-26 13:32:14,407 [Thread-1077] INFO  impl.MetricsSystemImpl (MetricsSystemImpl.java:stop(210)) - Stopping HddsDatanode metrics system...
2019-09-26 13:32:14,414 [Thread-1077] INFO  impl.MetricsSystemImpl (MetricsSystemImpl.java:stop(216)) - HddsDatanode metrics system stopped.
]]></system-out>
  </testcase>
  <testcase name="testDeleteCreatesFakeParentDir" classname="org.apache.hadoop.fs.ozone.TestOzoneFileSystem" time="17.025">
    <error message="Allocated 0 blocks. Requested 1 blocks" type="INTERNAL_ERROR org.apache.hadoop.ozone.om.exceptions.OMException">INTERNAL_ERROR org.apache.hadoop.ozone.om.exceptions.OMException: Allocated 0 blocks. Requested 1 blocks
	at org.apache.hadoop.ozone.om.protocolPB.OzoneManagerProtocolClientSideTranslatorPB.handleError(OzoneManagerProtocolClientSideTranslatorPB.java:732)
	at org.apache.hadoop.ozone.om.protocolPB.OzoneManagerProtocolClientSideTranslatorPB.createFile(OzoneManagerProtocolClientSideTranslatorPB.java:1536)
	at sun.reflect.NativeMethodAccessorImpl.invoke0(Native Method)
	at sun.reflect.NativeMethodAccessorImpl.invoke(NativeMethodAccessorImpl.java:62)
	at sun.reflect.DelegatingMethodAccessorImpl.invoke(DelegatingMethodAccessorImpl.java:43)
	at java.lang.reflect.Method.invoke(Method.java:498)
	at org.apache.hadoop.hdds.tracing.TraceAllMethod.invoke(TraceAllMethod.java:66)
	at com.sun.proxy.$Proxy38.createFile(Unknown Source)
	at org.apache.hadoop.ozone.client.rpc.RpcClient.createFile(RpcClient.java:1006)
	at org.apache.hadoop.ozone.client.OzoneBucket.createFile(OzoneBucket.java:537)
	at org.apache.hadoop.fs.ozone.BasicOzoneClientAdapterImpl.createFile(BasicOzoneClientAdapterImpl.java:205)
	at org.apache.hadoop.fs.ozone.BasicOzoneFileSystem.createOutputStream(BasicOzoneFileSystem.java:250)
	at org.apache.hadoop.fs.ozone.BasicOzoneFileSystem.create(BasicOzoneFileSystem.java:231)
	at org.apache.hadoop.fs.FileSystem.create(FileSystem.java:1118)
	at org.apache.hadoop.fs.FileSystem.create(FileSystem.java:1098)
	at org.apache.hadoop.fs.FileSystem.create(FileSystem.java:987)
	at org.apache.hadoop.fs.contract.ContractTestUtils.createFile(ContractTestUtils.java:633)
	at org.apache.hadoop.fs.contract.ContractTestUtils.touch(ContractTestUtils.java:669)
	at org.apache.hadoop.fs.ozone.TestOzoneFileSystem.testDeleteCreatesFakeParentDir(TestOzoneFileSystem.java:134)
	at sun.reflect.NativeMethodAccessorImpl.invoke0(Native Method)
	at sun.reflect.NativeMethodAccessorImpl.invoke(NativeMethodAccessorImpl.java:62)
	at sun.reflect.DelegatingMethodAccessorImpl.invoke(DelegatingMethodAccessorImpl.java:43)
	at java.lang.reflect.Method.invoke(Method.java:498)
	at org.junit.runners.model.FrameworkMethod$1.runReflectiveCall(FrameworkMethod.java:47)
	at org.junit.internal.runners.model.ReflectiveCallable.run(ReflectiveCallable.java:12)
	at org.junit.runners.model.FrameworkMethod.invokeExplosively(FrameworkMethod.java:44)
	at org.junit.internal.runners.statements.InvokeMethod.evaluate(InvokeMethod.java:17)
	at org.junit.internal.runners.statements.RunBefores.evaluate(RunBefores.java:26)
	at org.junit.internal.runners.statements.RunAfters.evaluate(RunAfters.java:27)
	at org.junit.internal.runners.statements.FailOnTimeout$StatementThread.run(FailOnTimeout.java:74)
</error>
    <system-out><![CDATA[2019-09-26 13:32:14,454 [Thread-1344] WARN  server.ServerUtils (ServerUtils.java:getScmDbDir(145)) - ozone.scm.db.dirs is not configured. We recommend adding this setting. Falling back to ozone.metadata.dirs instead.
2019-09-26 13:32:14,468 [Thread-1344] WARN  server.ServerUtils (ServerUtils.java:getScmDbDir(145)) - ozone.scm.db.dirs is not configured. We recommend adding this setting. Falling back to ozone.metadata.dirs instead.
2019-09-26 13:32:14,469 [Thread-1344] WARN  server.ServerUtils (ServerUtils.java:getScmDbDir(145)) - ozone.scm.db.dirs is not configured. We recommend adding this setting. Falling back to ozone.metadata.dirs instead.
2019-09-26 13:32:14,469 [Thread-1344] INFO  db.DBStoreBuilder (DBStoreBuilder.java:addTable(110)) - using custom profile for table: deletedBlocks
2019-09-26 13:32:14,469 [Thread-1344] INFO  db.DBStoreBuilder (DBStoreBuilder.java:processTables(161)) - Using default column profile:DBProfile.DISK for Table:deletedBlocks
2019-09-26 13:32:14,469 [Thread-1344] INFO  db.DBStoreBuilder (DBStoreBuilder.java:addTable(110)) - using custom profile for table: validCerts
2019-09-26 13:32:14,470 [Thread-1344] INFO  db.DBStoreBuilder (DBStoreBuilder.java:processTables(161)) - Using default column profile:DBProfile.DISK for Table:validCerts
2019-09-26 13:32:14,470 [Thread-1344] INFO  db.DBStoreBuilder (DBStoreBuilder.java:addTable(110)) - using custom profile for table: revokedCerts
2019-09-26 13:32:14,470 [Thread-1344] INFO  db.DBStoreBuilder (DBStoreBuilder.java:processTables(161)) - Using default column profile:DBProfile.DISK for Table:revokedCerts
2019-09-26 13:32:14,470 [Thread-1344] INFO  db.DBStoreBuilder (DBStoreBuilder.java:addTable(110)) - using custom profile for table: default
2019-09-26 13:32:14,470 [Thread-1344] INFO  db.DBStoreBuilder (DBStoreBuilder.java:processTables(167)) - Using default column profile:DBProfile.DISK for Table:default
2019-09-26 13:32:14,470 [Thread-1344] INFO  db.DBStoreBuilder (DBStoreBuilder.java:getDbProfile(198)) - Using default options. DBProfile.DISK
2019-09-26 13:32:14,625 [Thread-1344] INFO  net.NodeSchemaLoader (NodeSchemaLoader.java:loadSchemaFromFile(125)) - Loading file from sun.misc.CompoundEnumeration@510ec1a2
2019-09-26 13:32:14,625 [Thread-1344] INFO  net.NodeSchemaLoader (NodeSchemaLoader.java:loadSchema(171)) - Loading network topology layer schema file
2019-09-26 13:32:14,629 [Thread-1344] WARN  server.ServerUtils (ServerUtils.java:sanitizeUserArgs(70)) - ozone.scm.stale.node.interval value = 300000 is larger than max = 100000 based on the key value of ozone.scm.heartbeat.thread.interval, reset to the max value 100000.
2019-09-26 13:32:14,629 [Thread-1344] WARN  server.ServerUtils (ServerUtils.java:sanitizeUserArgs(70)) - ozone.scm.stale.node.interval value = 300000 is larger than max = 100000 based on the key value of ozone.scm.heartbeat.thread.interval, reset to the max value 100000.
2019-09-26 13:32:14,630 [Thread-1344] INFO  node.SCMNodeManager (SCMNodeManager.java:<init>(114)) - Entering startup safe mode.
2019-09-26 13:32:14,630 [Thread-1344] INFO  algorithms.ContainerPlacementPolicyFactory (ContainerPlacementPolicyFactory.java:getPolicy(59)) - Create container placement policy of type org.apache.hadoop.hdds.scm.container.placement.algorithms.SCMContainerPlacementRandom
2019-09-26 13:32:14,630 [Thread-1344] WARN  server.ServerUtils (ServerUtils.java:getScmDbDir(145)) - ozone.scm.db.dirs is not configured. We recommend adding this setting. Falling back to ozone.metadata.dirs instead.
2019-09-26 13:32:14,690 [Thread-1344] INFO  pipeline.SCMPipelineManager (SCMPipelineManager.java:initializePipelineState(132)) - No pipeline exists in current db
2019-09-26 13:32:14,690 [Thread-1344] WARN  server.ServerUtils (ServerUtils.java:getScmDbDir(145)) - ozone.scm.db.dirs is not configured. We recommend adding this setting. Falling back to ozone.metadata.dirs instead.
2019-09-26 13:32:14,731 [Thread-1344] WARN  events.EventQueue (EventQueue.java:fireEvent(183)) - No event handler registered for event TypedEvent{payloadType=SafeModeStatus, name='SafeModeStatus'}
2019-09-26 13:32:14,732 [Thread-1344] INFO  ipc.CallQueueManager (CallQueueManager.java:<init>(84)) - Using callQueue: class java.util.concurrent.LinkedBlockingQueue, queueCapacity: 2000, scheduler: class org.apache.hadoop.ipc.DefaultRpcScheduler, ipcBackoff: false.
2019-09-26 13:32:14,733 [Socket Reader #1 for port 42879] INFO  ipc.Server (Server.java:run(1074)) - Starting Socket Reader #1 for port 42879
2019-09-26 13:32:14,735 [Thread-1344] INFO  ipc.CallQueueManager (CallQueueManager.java:<init>(84)) - Using callQueue: class java.util.concurrent.LinkedBlockingQueue, queueCapacity: 2000, scheduler: class org.apache.hadoop.ipc.DefaultRpcScheduler, ipcBackoff: false.
2019-09-26 13:32:14,736 [Socket Reader #1 for port 34688] INFO  ipc.Server (Server.java:run(1074)) - Starting Socket Reader #1 for port 34688
2019-09-26 13:32:14,737 [Thread-1344] INFO  ipc.CallQueueManager (CallQueueManager.java:<init>(84)) - Using callQueue: class java.util.concurrent.LinkedBlockingQueue, queueCapacity: 2000, scheduler: class org.apache.hadoop.ipc.DefaultRpcScheduler, ipcBackoff: false.
2019-09-26 13:32:14,738 [Socket Reader #1 for port 39725] INFO  ipc.Server (Server.java:run(1074)) - Starting Socket Reader #1 for port 39725
2019-09-26 13:32:14,744 [Thread-1344] INFO  hdfs.DFSUtil (DFSUtil.java:httpServerTemplateForNNAndJN(1641)) - Starting Web-server for scm at: http://0.0.0.0:0
2019-09-26 13:32:14,747 [Thread-1344] INFO  server.AuthenticationFilter (AuthenticationFilter.java:constructSecretProvider(240)) - Unable to initialize FileSignerSecretProvider, falling back to use random secrets.
2019-09-26 13:32:14,748 [Thread-1344] WARN  http.HttpRequestLog (HttpRequestLog.java:getRequestLog(97)) - Jetty request log can only be enabled using Log4j
2019-09-26 13:32:14,752 [Thread-1344] INFO  http.HttpServer2 (HttpServer2.java:addGlobalFilter(975)) - Added global filter 'safety' (class=org.apache.hadoop.http.HttpServer2$QuotingInputFilter)
2019-09-26 13:32:14,753 [Thread-1344] INFO  http.HttpServer2 (HttpServer2.java:addFilter(948)) - Added filter static_user_filter (class=org.apache.hadoop.http.lib.StaticUserWebFilter$StaticUserFilter) to context scm
2019-09-26 13:32:14,753 [Thread-1344] INFO  http.HttpServer2 (HttpServer2.java:addFilter(958)) - Added filter static_user_filter (class=org.apache.hadoop.http.lib.StaticUserWebFilter$StaticUserFilter) to context logs
2019-09-26 13:32:14,754 [Thread-1344] INFO  http.HttpServer2 (HttpServer2.java:addFilter(958)) - Added filter static_user_filter (class=org.apache.hadoop.http.lib.StaticUserWebFilter$StaticUserFilter) to context static
2019-09-26 13:32:14,757 [Thread-1344] INFO  server.StorageContainerManager (StorageContainerManager.java:start(770)) - StorageContainerLocationProtocol RPC server is listening at /0.0.0.0:39725
2019-09-26 13:32:14,760 [Thread-1344] WARN  impl.MetricsConfig (MetricsConfig.java:loadFirst(134)) - Cannot locate configuration: tried hadoop-metrics2-storagecontainermanager.properties,hadoop-metrics2.properties
2019-09-26 13:32:14,761 [Thread-1344] INFO  impl.MetricsSystemImpl (MetricsSystemImpl.java:startTimer(374)) - Scheduled Metric snapshot period at 10 second(s).
2019-09-26 13:32:14,761 [Thread-1344] INFO  impl.MetricsSystemImpl (MetricsSystemImpl.java:start(191)) - StorageContainerManager metrics system started
2019-09-26 13:32:14,835 [Thread-1344] WARN  impl.MetricsSystemImpl (MetricsSystemImpl.java:register(276)) - Sink prometheus already exists!
2019-09-26 13:32:14,888 [Thread-1344] INFO  server.SCMClientProtocolServer (SCMClientProtocolServer.java:start(151)) - RPC server for Client  is listening at /0.0.0.0:39725
2019-09-26 13:32:14,888 [IPC Server Responder] INFO  ipc.Server (Server.java:run(1314)) - IPC Server Responder: starting
2019-09-26 13:32:14,888 [IPC Server listener on 39725] INFO  ipc.Server (Server.java:run(1153)) - IPC Server listener on 39725: starting
2019-09-26 13:32:14,893 [Thread-1344] INFO  server.StorageContainerManager (StorageContainerManager.java:start(780)) - ScmBlockLocationProtocol RPC server is listening at /0.0.0.0:34688
2019-09-26 13:32:14,893 [Thread-1344] INFO  server.SCMBlockProtocolServer (SCMBlockProtocolServer.java:start(146)) - RPC server for Block Protocol is listening at /0.0.0.0:34688
2019-09-26 13:32:14,893 [IPC Server Responder] INFO  ipc.Server (Server.java:run(1314)) - IPC Server Responder: starting
2019-09-26 13:32:14,894 [IPC Server listener on 34688] INFO  ipc.Server (Server.java:run(1153)) - IPC Server listener on 34688: starting
2019-09-26 13:32:14,898 [Thread-1344] INFO  server.StorageContainerManager (StorageContainerManager.java:start(784)) - ScmDatanodeProtocl RPC server is listening at /0.0.0.0:42879
2019-09-26 13:32:14,898 [Thread-1344] INFO  server.SCMDatanodeProtocolServer (SCMDatanodeProtocolServer.java:start(191)) - RPC server for DataNodes is listening at /0.0.0.0:42879
2019-09-26 13:32:14,899 [IPC Server Responder] INFO  ipc.Server (Server.java:run(1314)) - IPC Server Responder: starting
2019-09-26 13:32:14,899 [IPC Server listener on 42879] INFO  ipc.Server (Server.java:run(1153)) - IPC Server listener on 42879: starting
2019-09-26 13:32:14,911 [Thread-1344] INFO  http.HttpServer2 (HttpServer2.java:bindListener(1191)) - Jetty bound to port 41759
2019-09-26 13:32:14,911 [Thread-1344] INFO  server.Server (Server.java:doStart(351)) - jetty-9.3.25.v20180904, build timestamp: 2018-09-04T21:11:46Z, git hash: 3ce520221d0240229c862b122d2b06c12a625732
2019-09-26 13:32:14,913 [Thread-1344] INFO  handler.ContextHandler (ContextHandler.java:doStart(781)) - Started o.e.j.s.ServletContextHandler@4fe6818c{/logs,file:///workdir/hadoop-ozone/ozonefs/target/log,AVAILABLE}
2019-09-26 13:32:14,913 [Thread-1344] INFO  handler.ContextHandler (ContextHandler.java:doStart(781)) - Started o.e.j.s.ServletContextHandler@7a45af0a{/static,jar:file:/home/user/.m2/repository/org/apache/hadoop/hadoop-hdds-server-scm/0.5.0-SNAPSHOT/hadoop-hdds-server-scm-0.5.0-SNAPSHOT.jar!/webapps/static,AVAILABLE}
2019-09-26 13:32:14,953 [Thread-1344] INFO  handler.ContextHandler (ContextHandler.java:doStart(781)) - Started o.e.j.w.WebAppContext@616c8569{/,file:///tmp/jetty-0.0.0.0-41759-scm-_-any-1708581389508815120.dir/webapp/,AVAILABLE}{/scm}
2019-09-26 13:32:14,954 [Thread-1344] INFO  server.AbstractConnector (AbstractConnector.java:doStart(278)) - Started ServerConnector@428d5aff{HTTP/1.1,[http/1.1]}{0.0.0.0:41759}
2019-09-26 13:32:14,955 [Thread-1344] INFO  server.Server (Server.java:doStart(419)) - Started @90374ms
2019-09-26 13:32:14,955 [Thread-1344] WARN  impl.MetricsSystemImpl (MetricsSystemImpl.java:register(276)) - Sink prometheus already exists!
2019-09-26 13:32:14,956 [Thread-1344] INFO  server.BaseHttpServer (BaseHttpServer.java:updateConnectorAddress(215)) - HTTP server of SCM is listening at http://0.0.0.0:41759
2019-09-26 13:32:14,957 [Thread-1344] WARN  server.ServerUtils (ServerUtils.java:getDBPath(222)) - ozone.om.db.dirs is not configured. We recommend adding this setting. Falling back to ozone.metadata.dirs instead.
2019-09-26 13:32:14,958 [org.apache.hadoop.util.JvmPauseMonitor$Monitor@7ad636f8] INFO  util.JvmPauseMonitor (JvmPauseMonitor.java:run(188)) - Starting JVM pause monitor
2019-09-26 13:32:14,971 [Thread-1344] WARN  server.ServerUtils (ServerUtils.java:getDBPath(222)) - ozone.om.db.dirs is not configured. We recommend adding this setting. Falling back to ozone.metadata.dirs instead.
2019-09-26 13:32:14,972 [Thread-1344] WARN  server.ServerUtils (ServerUtils.java:getDBPath(222)) - ozone.om.db.dirs is not configured. We recommend adding this setting. Falling back to ozone.metadata.dirs instead.
2019-09-26 13:32:14,972 [Thread-1344] INFO  om.OzoneManager (OzoneManager.java:setOMNodeDetails(652)) - OM Service ID is not set. Setting it to the default ID: omServiceIdDefault
2019-09-26 13:32:14,972 [Thread-1344] INFO  om.OzoneManager (OzoneManager.java:setOMNodeDetails(658)) - OM Node ID is not set. Setting it to the OmStorage's OmID: eabd1dc4-b83c-4765-86c4-5f7244f9c4f8
2019-09-26 13:32:14,972 [Thread-1344] INFO  om.OzoneManager (OzoneManager.java:loadOMHAConfigs(609)) - Found matching OM address with OMServiceId: null, OMNodeId: null, RPC Address: localhost:0 and Ratis port: 9872
2019-09-26 13:32:14,987 [Thread-1344] WARN  server.ServerUtils (ServerUtils.java:getDBPath(222)) - ozone.om.db.dirs is not configured. We recommend adding this setting. Falling back to ozone.metadata.dirs instead.
2019-09-26 13:32:14,987 [Thread-1344] INFO  db.DBStoreBuilder (DBStoreBuilder.java:addTable(110)) - using custom profile for table: userTable
2019-09-26 13:32:14,987 [Thread-1344] INFO  db.DBStoreBuilder (DBStoreBuilder.java:processTables(161)) - Using default column profile:DBProfile.DISK for Table:userTable
2019-09-26 13:32:14,987 [Thread-1344] INFO  db.DBStoreBuilder (DBStoreBuilder.java:addTable(110)) - using custom profile for table: volumeTable
2019-09-26 13:32:14,987 [Thread-1344] INFO  db.DBStoreBuilder (DBStoreBuilder.java:processTables(161)) - Using default column profile:DBProfile.DISK for Table:volumeTable
2019-09-26 13:32:14,988 [Thread-1344] INFO  db.DBStoreBuilder (DBStoreBuilder.java:addTable(110)) - using custom profile for table: bucketTable
2019-09-26 13:32:14,988 [Thread-1344] INFO  db.DBStoreBuilder (DBStoreBuilder.java:processTables(161)) - Using default column profile:DBProfile.DISK for Table:bucketTable
2019-09-26 13:32:14,988 [Thread-1344] INFO  db.DBStoreBuilder (DBStoreBuilder.java:addTable(110)) - using custom profile for table: keyTable
2019-09-26 13:32:14,988 [Thread-1344] INFO  db.DBStoreBuilder (DBStoreBuilder.java:processTables(161)) - Using default column profile:DBProfile.DISK for Table:keyTable
2019-09-26 13:32:14,988 [Thread-1344] INFO  db.DBStoreBuilder (DBStoreBuilder.java:addTable(110)) - using custom profile for table: deletedTable
2019-09-26 13:32:14,988 [Thread-1344] INFO  db.DBStoreBuilder (DBStoreBuilder.java:processTables(161)) - Using default column profile:DBProfile.DISK for Table:deletedTable
2019-09-26 13:32:14,989 [Thread-1344] INFO  db.DBStoreBuilder (DBStoreBuilder.java:addTable(110)) - using custom profile for table: openKeyTable
2019-09-26 13:32:14,989 [Thread-1344] INFO  db.DBStoreBuilder (DBStoreBuilder.java:processTables(161)) - Using default column profile:DBProfile.DISK for Table:openKeyTable
2019-09-26 13:32:14,989 [Thread-1344] INFO  db.DBStoreBuilder (DBStoreBuilder.java:addTable(110)) - using custom profile for table: s3Table
2019-09-26 13:32:14,989 [Thread-1344] INFO  db.DBStoreBuilder (DBStoreBuilder.java:processTables(161)) - Using default column profile:DBProfile.DISK for Table:s3Table
2019-09-26 13:32:14,989 [Thread-1344] INFO  db.DBStoreBuilder (DBStoreBuilder.java:addTable(110)) - using custom profile for table: multipartInfoTable
2019-09-26 13:32:14,989 [Thread-1344] INFO  db.DBStoreBuilder (DBStoreBuilder.java:processTables(161)) - Using default column profile:DBProfile.DISK for Table:multipartInfoTable
2019-09-26 13:32:14,989 [Thread-1344] INFO  db.DBStoreBuilder (DBStoreBuilder.java:addTable(110)) - using custom profile for table: dTokenTable
2019-09-26 13:32:14,990 [Thread-1344] INFO  db.DBStoreBuilder (DBStoreBuilder.java:processTables(161)) - Using default column profile:DBProfile.DISK for Table:dTokenTable
2019-09-26 13:32:14,990 [Thread-1344] INFO  db.DBStoreBuilder (DBStoreBuilder.java:addTable(110)) - using custom profile for table: s3SecretTable
2019-09-26 13:32:14,990 [Thread-1344] INFO  db.DBStoreBuilder (DBStoreBuilder.java:processTables(161)) - Using default column profile:DBProfile.DISK for Table:s3SecretTable
2019-09-26 13:32:14,990 [Thread-1344] INFO  db.DBStoreBuilder (DBStoreBuilder.java:addTable(110)) - using custom profile for table: prefixTable
2019-09-26 13:32:14,990 [Thread-1344] INFO  db.DBStoreBuilder (DBStoreBuilder.java:processTables(161)) - Using default column profile:DBProfile.DISK for Table:prefixTable
2019-09-26 13:32:14,990 [Thread-1344] INFO  db.DBStoreBuilder (DBStoreBuilder.java:addTable(110)) - using custom profile for table: default
2019-09-26 13:32:14,991 [Thread-1344] INFO  db.DBStoreBuilder (DBStoreBuilder.java:processTables(167)) - Using default column profile:DBProfile.DISK for Table:default
2019-09-26 13:32:14,991 [Thread-1344] INFO  db.DBStoreBuilder (DBStoreBuilder.java:getDbProfile(198)) - Using default options. DBProfile.DISK
2019-09-26 13:32:15,550 [Thread-1344] INFO  ipc.CallQueueManager (CallQueueManager.java:<init>(84)) - Using callQueue: class java.util.concurrent.LinkedBlockingQueue, queueCapacity: 2000, scheduler: class org.apache.hadoop.ipc.DefaultRpcScheduler, ipcBackoff: false.
2019-09-26 13:32:15,551 [Socket Reader #1 for port 37259] INFO  ipc.Server (Server.java:run(1074)) - Starting Socket Reader #1 for port 37259
2019-09-26 13:32:15,581 [Thread-1344] INFO  om.OzoneManager (OzoneManager.java:start(1243)) - OzoneManager RPC server is listening at localhost/127.0.0.1:37259
2019-09-26 13:32:15,581 [Thread-1344] INFO  impl.MetricsSystemImpl (MetricsSystemImpl.java:init(158)) - OzoneManager metrics system started (again)
2019-09-26 13:32:15,582 [IPC Server Responder] INFO  ipc.Server (Server.java:run(1314)) - IPC Server Responder: starting
2019-09-26 13:32:15,582 [IPC Server listener on 37259] INFO  ipc.Server (Server.java:run(1153)) - IPC Server listener on 37259: starting
2019-09-26 13:32:15,590 [Thread-1344] INFO  hdfs.DFSUtil (DFSUtil.java:httpServerTemplateForNNAndJN(1641)) - Starting Web-server for ozoneManager at: http://0.0.0.0:0
2019-09-26 13:32:15,593 [Thread-1344] INFO  server.AuthenticationFilter (AuthenticationFilter.java:constructSecretProvider(240)) - Unable to initialize FileSignerSecretProvider, falling back to use random secrets.
2019-09-26 13:32:15,594 [Thread-1344] WARN  http.HttpRequestLog (HttpRequestLog.java:getRequestLog(97)) - Jetty request log can only be enabled using Log4j
2019-09-26 13:32:15,597 [Thread-1344] INFO  http.HttpServer2 (HttpServer2.java:addGlobalFilter(975)) - Added global filter 'safety' (class=org.apache.hadoop.http.HttpServer2$QuotingInputFilter)
2019-09-26 13:32:15,598 [Thread-1344] INFO  http.HttpServer2 (HttpServer2.java:addFilter(948)) - Added filter static_user_filter (class=org.apache.hadoop.http.lib.StaticUserWebFilter$StaticUserFilter) to context ozoneManager
2019-09-26 13:32:15,598 [Thread-1344] INFO  http.HttpServer2 (HttpServer2.java:addFilter(958)) - Added filter static_user_filter (class=org.apache.hadoop.http.lib.StaticUserWebFilter$StaticUserFilter) to context logs
2019-09-26 13:32:15,598 [Thread-1344] INFO  http.HttpServer2 (HttpServer2.java:addFilter(958)) - Added filter static_user_filter (class=org.apache.hadoop.http.lib.StaticUserWebFilter$StaticUserFilter) to context static
2019-09-26 13:32:15,599 [Thread-1344] INFO  http.HttpServer2 (HttpServer2.java:bindListener(1191)) - Jetty bound to port 40427
2019-09-26 13:32:15,600 [Thread-1344] INFO  server.Server (Server.java:doStart(351)) - jetty-9.3.25.v20180904, build timestamp: 2018-09-04T21:11:46Z, git hash: 3ce520221d0240229c862b122d2b06c12a625732
2019-09-26 13:32:15,602 [Thread-1344] INFO  handler.ContextHandler (ContextHandler.java:doStart(781)) - Started o.e.j.s.ServletContextHandler@251e0ade{/logs,file:///workdir/hadoop-ozone/ozonefs/target/log,AVAILABLE}
2019-09-26 13:32:15,603 [Thread-1344] INFO  handler.ContextHandler (ContextHandler.java:doStart(781)) - Started o.e.j.s.ServletContextHandler@3db8e86c{/static,jar:file:/home/user/.m2/repository/org/apache/hadoop/hadoop-ozone-ozone-manager/0.5.0-SNAPSHOT/hadoop-ozone-ozone-manager-0.5.0-SNAPSHOT.jar!/webapps/static,AVAILABLE}
2019-09-26 13:32:15,654 [Thread-1344] INFO  handler.ContextHandler (ContextHandler.java:doStart(781)) - Started o.e.j.w.WebAppContext@1cb87a25{/,file:///tmp/jetty-0.0.0.0-40427-ozoneManager-_-any-2058896514960863101.dir/webapp/,AVAILABLE}{/ozoneManager}
2019-09-26 13:32:15,655 [Thread-1344] INFO  server.AbstractConnector (AbstractConnector.java:doStart(278)) - Started ServerConnector@7d0e5831{HTTP/1.1,[http/1.1]}{0.0.0.0:40427}
2019-09-26 13:32:15,656 [Thread-1344] INFO  server.Server (Server.java:doStart(419)) - Started @91076ms
2019-09-26 13:32:15,657 [Thread-1344] WARN  impl.MetricsSystemImpl (MetricsSystemImpl.java:register(276)) - Sink prometheus already exists!
2019-09-26 13:32:15,657 [Thread-1344] INFO  server.BaseHttpServer (BaseHttpServer.java:updateConnectorAddress(215)) - HTTP server of OZONEMANAGER is listening at http://0.0.0.0:40427
2019-09-26 13:32:15,670 [Thread-1344] INFO  impl.MetricsSystemImpl (MetricsSystemImpl.java:init(158)) - HddsDatanode metrics system started (again)
2019-09-26 13:32:15,678 [Thread-1344] INFO  ozone.HddsDatanodeService (HddsDatanodeService.java:start(184)) - HddsDatanodeService host:pr-hdds-1569-87zkn-1081879488 ip:192.168.164.238
2019-09-26 13:32:15,687 [Thread-1344] INFO  volume.HddsVolume (HddsVolume.java:<init>(176)) - Creating Volume: /workdir/hadoop-ozone/ozonefs/target/test-dir/MiniOzoneClusterImpl-d13f4c17-e694-49b3-9e13-851dfc20fd5b/datanode-0/data/containers/hdds of  storage type : DISK and capacity : 1482555576320
2019-09-26 13:32:15,688 [Thread-1344] INFO  volume.VolumeSet (VolumeSet.java:initializeVolumeSet(170)) - Added Volume : /workdir/hadoop-ozone/ozonefs/target/test-dir/MiniOzoneClusterImpl-d13f4c17-e694-49b3-9e13-851dfc20fd5b/datanode-0/data/containers/hdds to VolumeSet
2019-09-26 13:32:15,688 [Thread-1344] INFO  volume.ThrottledAsyncChecker (ThrottledAsyncChecker.java:schedule(139)) - Scheduling a check for org.apache.hadoop.ozone.container.common.volume.HddsVolume@7107ac25
2019-09-26 13:32:15,689 [Thread-1344] INFO  volume.HddsVolumeChecker (HddsVolumeChecker.java:checkAllVolumes(202)) - Scheduled health check for volume org.apache.hadoop.ozone.container.common.volume.HddsVolume@7107ac25
2019-09-26 13:32:15,720 [Thread-1344] INFO  impl.RaftServerProxy (ConfUtils.java:logGet(43)) - raft.rpc.type = GRPC (default)
2019-09-26 13:32:15,721 [Thread-1344] INFO  grpc.GrpcFactory (GrpcFactory.java:checkPooledByteBufAllocatorUseCacheForAllThreads(45)) - PERFORMANCE WARNING: useCacheForAllThreads is true that may cause Netty to create a lot garbage objects and, as a result, trigger GC.
	It is recommended to disable useCacheForAllThreads by setting -Dorg.apache.ratis.thirdparty.io.netty.allocator.useCacheForAllThreads=false in command line.
2019-09-26 13:32:15,721 [Thread-1344] INFO  grpc.GrpcConfigKeys$Server (ConfUtils.java:logGet(43)) - raft.grpc.server.port = 0 (default)
2019-09-26 13:32:15,721 [Thread-1344] INFO  server.GrpcService (ConfUtils.java:logGet(43)) - raft.grpc.message.size.max = 33570816 (custom)
2019-09-26 13:32:15,721 [Thread-1344] INFO  server.RaftServerConfigKeys (ConfUtils.java:logGet(43)) - raft.server.log.appender.buffer.byte-limit = 33554432 (custom)
2019-09-26 13:32:15,722 [Thread-1344] INFO  server.GrpcService (ConfUtils.java:logGet(43)) - raft.grpc.flow.control.window = 1MB (=1048576) (default)
2019-09-26 13:32:15,722 [Thread-1344] INFO  server.RaftServerConfigKeys (ConfUtils.java:logGet(43)) - raft.server.rpc.request.timeout = 3000ms (default)
2019-09-26 13:32:15,722 [Thread-1344] INFO  server.RaftServerConfigKeys (ConfUtils.java:logGet(43)) - raft.server.storage.dir = [/workdir/hadoop-ozone/ozonefs/target/test-dir/MiniOzoneClusterImpl-d13f4c17-e694-49b3-9e13-851dfc20fd5b/datanode-0/data/ratis] (custom)
2019-09-26 13:32:15,726 [Thread-1344] INFO  hdfs.DFSUtil (DFSUtil.java:httpServerTemplateForNNAndJN(1641)) - Starting Web-server for hddsDatanode at: http://0.0.0.0:0
2019-09-26 13:32:15,729 [Thread-1344] INFO  server.AuthenticationFilter (AuthenticationFilter.java:constructSecretProvider(240)) - Unable to initialize FileSignerSecretProvider, falling back to use random secrets.
2019-09-26 13:32:15,729 [Thread-1344] WARN  http.HttpRequestLog (HttpRequestLog.java:getRequestLog(97)) - Jetty request log can only be enabled using Log4j
2019-09-26 13:32:15,732 [Thread-1344] INFO  http.HttpServer2 (HttpServer2.java:addGlobalFilter(975)) - Added global filter 'safety' (class=org.apache.hadoop.http.HttpServer2$QuotingInputFilter)
2019-09-26 13:32:15,737 [Thread-1344] INFO  http.HttpServer2 (HttpServer2.java:addFilter(948)) - Added filter static_user_filter (class=org.apache.hadoop.http.lib.StaticUserWebFilter$StaticUserFilter) to context hddsDatanode
2019-09-26 13:32:15,737 [Thread-1344] INFO  http.HttpServer2 (HttpServer2.java:addFilter(958)) - Added filter static_user_filter (class=org.apache.hadoop.http.lib.StaticUserWebFilter$StaticUserFilter) to context logs
2019-09-26 13:32:15,738 [Thread-1344] INFO  http.HttpServer2 (HttpServer2.java:addFilter(958)) - Added filter static_user_filter (class=org.apache.hadoop.http.lib.StaticUserWebFilter$StaticUserFilter) to context static
2019-09-26 13:32:15,739 [Thread-1344] INFO  http.HttpServer2 (HttpServer2.java:bindListener(1191)) - Jetty bound to port 36987
2019-09-26 13:32:15,739 [Thread-1344] INFO  server.Server (Server.java:doStart(351)) - jetty-9.3.25.v20180904, build timestamp: 2018-09-04T21:11:46Z, git hash: 3ce520221d0240229c862b122d2b06c12a625732
2019-09-26 13:32:15,742 [Thread-1344] INFO  handler.ContextHandler (ContextHandler.java:doStart(781)) - Started o.e.j.s.ServletContextHandler@73803a22{/logs,file:///workdir/hadoop-ozone/ozonefs/target/log,AVAILABLE}
2019-09-26 13:32:15,743 [Thread-1344] INFO  handler.ContextHandler (ContextHandler.java:doStart(781)) - Started o.e.j.s.ServletContextHandler@652fe591{/static,jar:file:/home/user/.m2/repository/org/apache/hadoop/hadoop-hdds-container-service/0.5.0-SNAPSHOT/hadoop-hdds-container-service-0.5.0-SNAPSHOT.jar!/webapps/static,AVAILABLE}
2019-09-26 13:32:15,782 [Thread-1344] INFO  handler.ContextHandler (ContextHandler.java:doStart(781)) - Started o.e.j.w.WebAppContext@602b4bf3{/,file:///tmp/jetty-0.0.0.0-36987-hddsDatanode-_-any-8625162328399594769.dir/webapp/,AVAILABLE}{/hddsDatanode}
2019-09-26 13:32:15,783 [Thread-1344] INFO  server.AbstractConnector (AbstractConnector.java:doStart(278)) - Started ServerConnector@2ad9d84b{HTTP/1.1,[http/1.1]}{0.0.0.0:36987}
2019-09-26 13:32:15,788 [Thread-1344] INFO  server.Server (Server.java:doStart(419)) - Started @91207ms
2019-09-26 13:32:15,788 [Thread-1344] WARN  impl.MetricsSystemImpl (MetricsSystemImpl.java:register(276)) - Sink prometheus already exists!
2019-09-26 13:32:15,789 [Thread-1344] INFO  server.BaseHttpServer (BaseHttpServer.java:updateConnectorAddress(215)) - HTTP server of HDDSDATANODE is listening at http://0.0.0.0:36987
2019-09-26 13:32:15,789 [Thread-1344] INFO  impl.MetricsSystemImpl (MetricsSystemImpl.java:init(158)) - HddsDatanode metrics system started (again)
2019-09-26 13:32:15,797 [org.apache.hadoop.util.JvmPauseMonitor$Monitor@1dce7ce2] INFO  util.JvmPauseMonitor (JvmPauseMonitor.java:run(188)) - Starting JVM pause monitor
2019-09-26 13:32:15,799 [Thread-1344] INFO  ozone.HddsDatanodeService (HddsDatanodeService.java:start(184)) - HddsDatanodeService host:pr-hdds-1569-87zkn-1081879488 ip:192.168.164.238
2019-09-26 13:32:15,802 [Datanode State Machine Thread - 0] INFO  datanode.InitDatanodeState (InitDatanodeState.java:persistContainerDatanodeDetails(140)) - DatanodeDetails is persisted to /workdir/hadoop-ozone/ozonefs/target/test-dir/MiniOzoneClusterImpl-d13f4c17-e694-49b3-9e13-851dfc20fd5b/datanode-0/meta/datanode.id
2019-09-26 13:32:15,807 [Thread-1344] INFO  volume.HddsVolume (HddsVolume.java:<init>(176)) - Creating Volume: /workdir/hadoop-ozone/ozonefs/target/test-dir/MiniOzoneClusterImpl-d13f4c17-e694-49b3-9e13-851dfc20fd5b/datanode-1/data/containers/hdds of  storage type : DISK and capacity : 1482555576320
2019-09-26 13:32:15,807 [Thread-1344] INFO  volume.VolumeSet (VolumeSet.java:initializeVolumeSet(170)) - Added Volume : /workdir/hadoop-ozone/ozonefs/target/test-dir/MiniOzoneClusterImpl-d13f4c17-e694-49b3-9e13-851dfc20fd5b/datanode-1/data/containers/hdds to VolumeSet
2019-09-26 13:32:15,807 [Thread-1344] INFO  volume.ThrottledAsyncChecker (ThrottledAsyncChecker.java:schedule(139)) - Scheduling a check for org.apache.hadoop.ozone.container.common.volume.HddsVolume@550c1a02
2019-09-26 13:32:15,808 [Thread-1344] INFO  volume.HddsVolumeChecker (HddsVolumeChecker.java:checkAllVolumes(202)) - Scheduled health check for volume org.apache.hadoop.ozone.container.common.volume.HddsVolume@550c1a02
2019-09-26 13:32:15,838 [Thread-1344] INFO  impl.RaftServerProxy (ConfUtils.java:logGet(43)) - raft.rpc.type = GRPC (default)
2019-09-26 13:32:15,839 [Thread-1344] INFO  grpc.GrpcFactory (GrpcFactory.java:checkPooledByteBufAllocatorUseCacheForAllThreads(45)) - PERFORMANCE WARNING: useCacheForAllThreads is true that may cause Netty to create a lot garbage objects and, as a result, trigger GC.
	It is recommended to disable useCacheForAllThreads by setting -Dorg.apache.ratis.thirdparty.io.netty.allocator.useCacheForAllThreads=false in command line.
2019-09-26 13:32:15,839 [Thread-1344] INFO  grpc.GrpcConfigKeys$Server (ConfUtils.java:logGet(43)) - raft.grpc.server.port = 0 (default)
2019-09-26 13:32:15,839 [Thread-1344] INFO  server.GrpcService (ConfUtils.java:logGet(43)) - raft.grpc.message.size.max = 33570816 (custom)
2019-09-26 13:32:15,840 [Thread-1344] INFO  server.RaftServerConfigKeys (ConfUtils.java:logGet(43)) - raft.server.log.appender.buffer.byte-limit = 33554432 (custom)
2019-09-26 13:32:15,840 [Thread-1344] INFO  server.GrpcService (ConfUtils.java:logGet(43)) - raft.grpc.flow.control.window = 1MB (=1048576) (default)
2019-09-26 13:32:15,840 [Thread-1344] INFO  server.RaftServerConfigKeys (ConfUtils.java:logGet(43)) - raft.server.rpc.request.timeout = 3000ms (default)
2019-09-26 13:32:15,841 [Thread-1344] INFO  server.RaftServerConfigKeys (ConfUtils.java:logGet(43)) - raft.server.storage.dir = [/workdir/hadoop-ozone/ozonefs/target/test-dir/MiniOzoneClusterImpl-d13f4c17-e694-49b3-9e13-851dfc20fd5b/datanode-1/data/ratis] (custom)
2019-09-26 13:32:15,843 [Thread-1344] INFO  hdfs.DFSUtil (DFSUtil.java:httpServerTemplateForNNAndJN(1641)) - Starting Web-server for hddsDatanode at: http://0.0.0.0:0
2019-09-26 13:32:15,847 [Thread-1344] INFO  server.AuthenticationFilter (AuthenticationFilter.java:constructSecretProvider(240)) - Unable to initialize FileSignerSecretProvider, falling back to use random secrets.
2019-09-26 13:32:15,848 [Thread-1344] WARN  http.HttpRequestLog (HttpRequestLog.java:getRequestLog(97)) - Jetty request log can only be enabled using Log4j
2019-09-26 13:32:15,854 [Thread-1344] INFO  http.HttpServer2 (HttpServer2.java:addGlobalFilter(975)) - Added global filter 'safety' (class=org.apache.hadoop.http.HttpServer2$QuotingInputFilter)
2019-09-26 13:32:15,856 [Thread-1344] INFO  http.HttpServer2 (HttpServer2.java:addFilter(948)) - Added filter static_user_filter (class=org.apache.hadoop.http.lib.StaticUserWebFilter$StaticUserFilter) to context hddsDatanode
2019-09-26 13:32:15,857 [Thread-1344] INFO  http.HttpServer2 (HttpServer2.java:addFilter(958)) - Added filter static_user_filter (class=org.apache.hadoop.http.lib.StaticUserWebFilter$StaticUserFilter) to context static
2019-09-26 13:32:15,857 [Thread-1344] INFO  http.HttpServer2 (HttpServer2.java:addFilter(958)) - Added filter static_user_filter (class=org.apache.hadoop.http.lib.StaticUserWebFilter$StaticUserFilter) to context logs
2019-09-26 13:32:15,858 [Thread-1344] INFO  http.HttpServer2 (HttpServer2.java:bindListener(1191)) - Jetty bound to port 43038
2019-09-26 13:32:15,858 [Thread-1344] INFO  server.Server (Server.java:doStart(351)) - jetty-9.3.25.v20180904, build timestamp: 2018-09-04T21:11:46Z, git hash: 3ce520221d0240229c862b122d2b06c12a625732
2019-09-26 13:32:15,860 [Thread-1344] INFO  handler.ContextHandler (ContextHandler.java:doStart(781)) - Started o.e.j.s.ServletContextHandler@3e308f66{/logs,file:///workdir/hadoop-ozone/ozonefs/target/log,AVAILABLE}
2019-09-26 13:32:15,861 [Thread-1344] INFO  handler.ContextHandler (ContextHandler.java:doStart(781)) - Started o.e.j.s.ServletContextHandler@e37fe36{/static,jar:file:/home/user/.m2/repository/org/apache/hadoop/hadoop-hdds-container-service/0.5.0-SNAPSHOT/hadoop-hdds-container-service-0.5.0-SNAPSHOT.jar!/webapps/static,AVAILABLE}
2019-09-26 13:32:15,896 [Thread-1344] INFO  handler.ContextHandler (ContextHandler.java:doStart(781)) - Started o.e.j.w.WebAppContext@f909411{/,file:///tmp/jetty-0.0.0.0-43038-hddsDatanode-_-any-3100271938847860201.dir/webapp/,AVAILABLE}{/hddsDatanode}
2019-09-26 13:32:15,896 [Thread-1344] INFO  server.AbstractConnector (AbstractConnector.java:doStart(278)) - Started ServerConnector@69eb3642{HTTP/1.1,[http/1.1]}{0.0.0.0:43038}
2019-09-26 13:32:15,899 [Thread-1344] INFO  server.Server (Server.java:doStart(419)) - Started @91318ms
2019-09-26 13:32:15,899 [Thread-1344] WARN  impl.MetricsSystemImpl (MetricsSystemImpl.java:register(276)) - Sink prometheus already exists!
2019-09-26 13:32:15,900 [Thread-1344] INFO  server.BaseHttpServer (BaseHttpServer.java:updateConnectorAddress(215)) - HTTP server of HDDSDATANODE is listening at http://0.0.0.0:43038
2019-09-26 13:32:15,900 [Thread-1344] INFO  impl.MetricsSystemImpl (MetricsSystemImpl.java:init(158)) - HddsDatanode metrics system started (again)
2019-09-26 13:32:15,906 [org.apache.hadoop.util.JvmPauseMonitor$Monitor@32ca709d] INFO  util.JvmPauseMonitor (JvmPauseMonitor.java:run(188)) - Starting JVM pause monitor
2019-09-26 13:32:15,906 [Thread-1344] INFO  ozone.HddsDatanodeService (HddsDatanodeService.java:start(184)) - HddsDatanodeService host:pr-hdds-1569-87zkn-1081879488 ip:192.168.164.238
2019-09-26 13:32:15,907 [Datanode State Machine Thread - 0] INFO  datanode.InitDatanodeState (InitDatanodeState.java:persistContainerDatanodeDetails(140)) - DatanodeDetails is persisted to /workdir/hadoop-ozone/ozonefs/target/test-dir/MiniOzoneClusterImpl-d13f4c17-e694-49b3-9e13-851dfc20fd5b/datanode-1/meta/datanode.id
2019-09-26 13:32:15,913 [Thread-1344] INFO  volume.HddsVolume (HddsVolume.java:<init>(176)) - Creating Volume: /workdir/hadoop-ozone/ozonefs/target/test-dir/MiniOzoneClusterImpl-d13f4c17-e694-49b3-9e13-851dfc20fd5b/datanode-2/data/containers/hdds of  storage type : DISK and capacity : 1482555576320
2019-09-26 13:32:15,914 [Thread-1344] INFO  volume.VolumeSet (VolumeSet.java:initializeVolumeSet(170)) - Added Volume : /workdir/hadoop-ozone/ozonefs/target/test-dir/MiniOzoneClusterImpl-d13f4c17-e694-49b3-9e13-851dfc20fd5b/datanode-2/data/containers/hdds to VolumeSet
2019-09-26 13:32:15,914 [Thread-1344] INFO  volume.ThrottledAsyncChecker (ThrottledAsyncChecker.java:schedule(139)) - Scheduling a check for org.apache.hadoop.ozone.container.common.volume.HddsVolume@17430bfa
2019-09-26 13:32:15,914 [Thread-1344] INFO  volume.HddsVolumeChecker (HddsVolumeChecker.java:checkAllVolumes(202)) - Scheduled health check for volume org.apache.hadoop.ozone.container.common.volume.HddsVolume@17430bfa
2019-09-26 13:32:15,939 [Thread-1344] INFO  impl.RaftServerProxy (ConfUtils.java:logGet(43)) - raft.rpc.type = GRPC (default)
2019-09-26 13:32:15,939 [Thread-1344] INFO  grpc.GrpcFactory (GrpcFactory.java:checkPooledByteBufAllocatorUseCacheForAllThreads(45)) - PERFORMANCE WARNING: useCacheForAllThreads is true that may cause Netty to create a lot garbage objects and, as a result, trigger GC.
	It is recommended to disable useCacheForAllThreads by setting -Dorg.apache.ratis.thirdparty.io.netty.allocator.useCacheForAllThreads=false in command line.
2019-09-26 13:32:15,939 [Thread-1344] INFO  grpc.GrpcConfigKeys$Server (ConfUtils.java:logGet(43)) - raft.grpc.server.port = 0 (default)
2019-09-26 13:32:15,940 [Thread-1344] INFO  server.GrpcService (ConfUtils.java:logGet(43)) - raft.grpc.message.size.max = 33570816 (custom)
2019-09-26 13:32:15,940 [Thread-1344] INFO  server.RaftServerConfigKeys (ConfUtils.java:logGet(43)) - raft.server.log.appender.buffer.byte-limit = 33554432 (custom)
2019-09-26 13:32:15,940 [Thread-1344] INFO  server.GrpcService (ConfUtils.java:logGet(43)) - raft.grpc.flow.control.window = 1MB (=1048576) (default)
2019-09-26 13:32:15,940 [Thread-1344] INFO  server.RaftServerConfigKeys (ConfUtils.java:logGet(43)) - raft.server.rpc.request.timeout = 3000ms (default)
2019-09-26 13:32:15,941 [Thread-1344] INFO  server.RaftServerConfigKeys (ConfUtils.java:logGet(43)) - raft.server.storage.dir = [/workdir/hadoop-ozone/ozonefs/target/test-dir/MiniOzoneClusterImpl-d13f4c17-e694-49b3-9e13-851dfc20fd5b/datanode-2/data/ratis] (custom)
2019-09-26 13:32:15,942 [Thread-1344] INFO  hdfs.DFSUtil (DFSUtil.java:httpServerTemplateForNNAndJN(1641)) - Starting Web-server for hddsDatanode at: http://0.0.0.0:0
2019-09-26 13:32:15,945 [Thread-1344] INFO  server.AuthenticationFilter (AuthenticationFilter.java:constructSecretProvider(240)) - Unable to initialize FileSignerSecretProvider, falling back to use random secrets.
2019-09-26 13:32:15,945 [Thread-1344] WARN  http.HttpRequestLog (HttpRequestLog.java:getRequestLog(97)) - Jetty request log can only be enabled using Log4j
2019-09-26 13:32:15,947 [Thread-1344] INFO  http.HttpServer2 (HttpServer2.java:addGlobalFilter(975)) - Added global filter 'safety' (class=org.apache.hadoop.http.HttpServer2$QuotingInputFilter)
2019-09-26 13:32:15,948 [Thread-1344] INFO  http.HttpServer2 (HttpServer2.java:addFilter(948)) - Added filter static_user_filter (class=org.apache.hadoop.http.lib.StaticUserWebFilter$StaticUserFilter) to context hddsDatanode
2019-09-26 13:32:15,948 [Thread-1344] INFO  http.HttpServer2 (HttpServer2.java:addFilter(958)) - Added filter static_user_filter (class=org.apache.hadoop.http.lib.StaticUserWebFilter$StaticUserFilter) to context static
2019-09-26 13:32:15,948 [Thread-1344] INFO  http.HttpServer2 (HttpServer2.java:addFilter(958)) - Added filter static_user_filter (class=org.apache.hadoop.http.lib.StaticUserWebFilter$StaticUserFilter) to context logs
2019-09-26 13:32:15,949 [Thread-1344] INFO  http.HttpServer2 (HttpServer2.java:bindListener(1191)) - Jetty bound to port 34731
2019-09-26 13:32:15,949 [Thread-1344] INFO  server.Server (Server.java:doStart(351)) - jetty-9.3.25.v20180904, build timestamp: 2018-09-04T21:11:46Z, git hash: 3ce520221d0240229c862b122d2b06c12a625732
2019-09-26 13:32:15,951 [Thread-1344] INFO  handler.ContextHandler (ContextHandler.java:doStart(781)) - Started o.e.j.s.ServletContextHandler@192ed077{/logs,file:///workdir/hadoop-ozone/ozonefs/target/log,AVAILABLE}
2019-09-26 13:32:15,952 [Thread-1344] INFO  handler.ContextHandler (ContextHandler.java:doStart(781)) - Started o.e.j.s.ServletContextHandler@2b59735c{/static,jar:file:/home/user/.m2/repository/org/apache/hadoop/hadoop-hdds-container-service/0.5.0-SNAPSHOT/hadoop-hdds-container-service-0.5.0-SNAPSHOT.jar!/webapps/static,AVAILABLE}
2019-09-26 13:32:15,989 [Thread-1344] INFO  handler.ContextHandler (ContextHandler.java:doStart(781)) - Started o.e.j.w.WebAppContext@119b0254{/,file:///tmp/jetty-0.0.0.0-34731-hddsDatanode-_-any-7028463987522439063.dir/webapp/,AVAILABLE}{/hddsDatanode}
2019-09-26 13:32:15,990 [Thread-1344] INFO  server.AbstractConnector (AbstractConnector.java:doStart(278)) - Started ServerConnector@7c8b0ac8{HTTP/1.1,[http/1.1]}{0.0.0.0:34731}
2019-09-26 13:32:15,992 [Thread-1344] INFO  server.Server (Server.java:doStart(419)) - Started @91411ms
2019-09-26 13:32:15,992 [Thread-1344] WARN  impl.MetricsSystemImpl (MetricsSystemImpl.java:register(276)) - Sink prometheus already exists!
2019-09-26 13:32:15,993 [Thread-1344] INFO  server.BaseHttpServer (BaseHttpServer.java:updateConnectorAddress(215)) - HTTP server of HDDSDATANODE is listening at http://0.0.0.0:34731
2019-09-26 13:32:15,993 [Thread-1344] INFO  ozone.MiniOzoneClusterImpl (MiniOzoneClusterImpl.java:lambda$waitForClusterToBeReady$0(147)) - Waiting for cluster to be ready. Got 0 of 3 DN Heartbeats.
2019-09-26 13:32:15,994 [org.apache.hadoop.util.JvmPauseMonitor$Monitor@3bfa8e22] INFO  util.JvmPauseMonitor (JvmPauseMonitor.java:run(188)) - Starting JVM pause monitor
2019-09-26 13:32:15,997 [Datanode State Machine Thread - 0] INFO  datanode.InitDatanodeState (InitDatanodeState.java:persistContainerDatanodeDetails(140)) - DatanodeDetails is persisted to /workdir/hadoop-ozone/ozonefs/target/test-dir/MiniOzoneClusterImpl-d13f4c17-e694-49b3-9e13-851dfc20fd5b/datanode-2/meta/datanode.id
2019-09-26 13:32:16,993 [Thread-1344] INFO  ozone.MiniOzoneClusterImpl (MiniOzoneClusterImpl.java:lambda$waitForClusterToBeReady$0(147)) - Waiting for cluster to be ready. Got 0 of 3 DN Heartbeats.
2019-09-26 13:32:17,835 [Datanode State Machine Thread - 0] INFO  ozoneimpl.OzoneContainer (OzoneContainer.java:start(217)) - Attempting to start container services.
2019-09-26 13:32:17,837 [Datanode State Machine Thread - 0] INFO  ozoneimpl.OzoneContainer (OzoneContainer.java:startContainerScrub(179)) - Background container scanner has been disabled.
2019-09-26 13:32:17,837 [Datanode State Machine Thread - 0] INFO  ratis.XceiverServerRatis (XceiverServerRatis.java:start(411)) - Starting XceiverServerRatis d996ac0f-d7fa-44b8-9629-cc45741e2b0c at port 0
2019-09-26 13:32:17,846 [Datanode State Machine Thread - 0] INFO  impl.RaftServerProxy (RaftServerProxy.java:lambda$start$3(299)) - d996ac0f-d7fa-44b8-9629-cc45741e2b0c: start RPC server
2019-09-26 13:32:17,849 [Datanode State Machine Thread - 0] INFO  server.GrpcService (GrpcService.java:startImpl(158)) - d996ac0f-d7fa-44b8-9629-cc45741e2b0c: GrpcService started, listening on 0.0.0.0/0.0.0.0:38392
2019-09-26 13:32:17,849 [Datanode State Machine Thread - 0] INFO  ratis.XceiverServerRatis (XceiverServerRatis.java:start(421)) - XceiverServerRatis d996ac0f-d7fa-44b8-9629-cc45741e2b0c is started using port 38392
2019-09-26 13:32:17,849 [Datanode State Machine Thread - 0] INFO  server.XceiverServerGrpc (XceiverServerGrpc.java:start(149)) - XceiverServerGrpc d996ac0f-d7fa-44b8-9629-cc45741e2b0c is started using port 34943
2019-09-26 13:32:17,935 [Datanode State Machine Thread - 0] INFO  ozoneimpl.OzoneContainer (OzoneContainer.java:start(217)) - Attempting to start container services.
2019-09-26 13:32:17,935 [Datanode State Machine Thread - 0] INFO  ozoneimpl.OzoneContainer (OzoneContainer.java:startContainerScrub(179)) - Background container scanner has been disabled.
2019-09-26 13:32:17,936 [Datanode State Machine Thread - 0] INFO  ratis.XceiverServerRatis (XceiverServerRatis.java:start(411)) - Starting XceiverServerRatis 7f96d7ec-09ec-4bbe-aec6-0e54f41a3b22 at port 0
2019-09-26 13:32:17,943 [Datanode State Machine Thread - 0] INFO  impl.RaftServerProxy (RaftServerProxy.java:lambda$start$3(299)) - 7f96d7ec-09ec-4bbe-aec6-0e54f41a3b22: start RPC server
2019-09-26 13:32:17,944 [Datanode State Machine Thread - 0] INFO  server.GrpcService (GrpcService.java:startImpl(158)) - 7f96d7ec-09ec-4bbe-aec6-0e54f41a3b22: GrpcService started, listening on 0.0.0.0/0.0.0.0:33436
2019-09-26 13:32:17,944 [Datanode State Machine Thread - 0] INFO  ratis.XceiverServerRatis (XceiverServerRatis.java:start(421)) - XceiverServerRatis 7f96d7ec-09ec-4bbe-aec6-0e54f41a3b22 is started using port 33436
2019-09-26 13:32:17,945 [Datanode State Machine Thread - 0] INFO  server.XceiverServerGrpc (XceiverServerGrpc.java:start(149)) - XceiverServerGrpc 7f96d7ec-09ec-4bbe-aec6-0e54f41a3b22 is started using port 42922
2019-09-26 13:32:17,994 [Thread-1344] INFO  ozone.MiniOzoneClusterImpl (MiniOzoneClusterImpl.java:lambda$waitForClusterToBeReady$0(147)) - Waiting for cluster to be ready. Got 0 of 3 DN Heartbeats.
2019-09-26 13:32:18,008 [Datanode State Machine Thread - 0] INFO  ozoneimpl.OzoneContainer (OzoneContainer.java:start(217)) - Attempting to start container services.
2019-09-26 13:32:18,008 [Datanode State Machine Thread - 0] INFO  ozoneimpl.OzoneContainer (OzoneContainer.java:startContainerScrub(179)) - Background container scanner has been disabled.
2019-09-26 13:32:18,008 [Datanode State Machine Thread - 0] INFO  ratis.XceiverServerRatis (XceiverServerRatis.java:start(411)) - Starting XceiverServerRatis 7640920c-e43d-4271-86d9-e94fdcad330b at port 0
2019-09-26 13:32:18,016 [Datanode State Machine Thread - 0] INFO  impl.RaftServerProxy (RaftServerProxy.java:lambda$start$3(299)) - 7640920c-e43d-4271-86d9-e94fdcad330b: start RPC server
2019-09-26 13:32:18,017 [Datanode State Machine Thread - 0] INFO  server.GrpcService (GrpcService.java:startImpl(158)) - 7640920c-e43d-4271-86d9-e94fdcad330b: GrpcService started, listening on 0.0.0.0/0.0.0.0:37849
2019-09-26 13:32:18,017 [Datanode State Machine Thread - 0] INFO  ratis.XceiverServerRatis (XceiverServerRatis.java:start(421)) - XceiverServerRatis 7640920c-e43d-4271-86d9-e94fdcad330b is started using port 37849
2019-09-26 13:32:18,018 [Datanode State Machine Thread - 0] INFO  server.XceiverServerGrpc (XceiverServerGrpc.java:start(149)) - XceiverServerGrpc 7640920c-e43d-4271-86d9-e94fdcad330b is started using port 36307
2019-09-26 13:32:18,994 [Thread-1344] INFO  ozone.MiniOzoneClusterImpl (MiniOzoneClusterImpl.java:lambda$waitForClusterToBeReady$0(147)) - Waiting for cluster to be ready. Got 0 of 3 DN Heartbeats.
2019-09-26 13:32:19,803 [IPC Server handler 1 on 42879] INFO  net.NetworkTopology (NetworkTopologyImpl.java:add(111)) - Added a new node: /default-rack/d996ac0f-d7fa-44b8-9629-cc45741e2b0c
2019-09-26 13:32:19,809 [IPC Server handler 1 on 42879] INFO  node.SCMNodeManager (SCMNodeManager.java:register(266)) - Registered Data node : d996ac0f-d7fa-44b8-9629-cc45741e2b0c{ip: 192.168.164.238, host: pr-hdds-1569-87zkn-1081879488, networkLocation: /default-rack, certSerialId: null}
2019-09-26 13:32:19,811 [EventQueue-NodeRegistrationContainerReportForDataNodeSafeModeRule] INFO  safemode.SCMSafeModeManager (DataNodeSafeModeRule.java:process(71)) - SCM in safe mode. 1 DataNodes registered, 1 required.
2019-09-26 13:32:19,813 [EventQueue-NodeRegistrationContainerReportForDataNodeSafeModeRule] INFO  safemode.SCMSafeModeManager (SCMSafeModeManager.java:validateSafeModeExitRules(177)) - ScmSafeModeManager, all rules are successfully validated
2019-09-26 13:32:19,813 [EventQueue-NodeRegistrationContainerReportForDataNodeSafeModeRule] INFO  safemode.SCMSafeModeManager (SCMSafeModeManager.java:exitSafeMode(193)) - SCM exiting safe mode.
2019-09-26 13:32:19,826 [grpc-default-executor-0] INFO  impl.RaftServerProxy (RaftServerProxy.java:addNew(89)) - d996ac0f-d7fa-44b8-9629-cc45741e2b0c: addNew group-AE17051A29C5:[d996ac0f-d7fa-44b8-9629-cc45741e2b0c:192.168.164.238:38392] returns group-AE17051A29C5:java.util.concurrent.CompletableFuture@745c2a64[Not completed]
2019-09-26 13:32:19,828 [pool-277-thread-1] INFO  impl.RaftServerImpl (RaftServerImpl.java:<init>(95)) - d996ac0f-d7fa-44b8-9629-cc45741e2b0c: new RaftServerImpl for group-AE17051A29C5:[d996ac0f-d7fa-44b8-9629-cc45741e2b0c:192.168.164.238:38392] with ContainerStateMachine:uninitialized
2019-09-26 13:32:19,829 [pool-277-thread-1] INFO  server.RaftServerConfigKeys (ConfUtils.java:logGet(43)) - raft.server.rpc.timeout.min = 5s (custom)
2019-09-26 13:32:19,829 [pool-277-thread-1] INFO  server.RaftServerConfigKeys (ConfUtils.java:logGet(43)) - raft.server.rpc.timeout.max = 5200ms (custom)
2019-09-26 13:32:19,829 [pool-277-thread-1] INFO  server.RaftServerConfigKeys (ConfUtils.java:logGet(43)) - raft.server.rpcslowness.timeout = 120s (custom)
2019-09-26 13:32:19,829 [pool-277-thread-1] INFO  server.RaftServerConfigKeys (ConfUtils.java:logGet(43)) - raft.server.sleep.deviation.threshold = 300 (default)
2019-09-26 13:32:19,829 [pool-277-thread-1] INFO  server.RaftServerConfigKeys (ConfUtils.java:logGet(43)) - raft.server.log.appender.install.snapshot.enabled = false (custom)
2019-09-26 13:32:19,830 [pool-277-thread-1] INFO  impl.RaftServerImpl (ServerState.java:<init>(103)) - d996ac0f-d7fa-44b8-9629-cc45741e2b0c@group-AE17051A29C5: ConfigurationManager, init=-1: [d996ac0f-d7fa-44b8-9629-cc45741e2b0c:192.168.164.238:38392], old=null, confs=<EMPTY_MAP>
2019-09-26 13:32:19,830 [pool-277-thread-1] INFO  server.RaftServerConfigKeys (ConfUtils.java:logGet(43)) - raft.server.storage.dir = [/workdir/hadoop-ozone/ozonefs/target/test-dir/MiniOzoneClusterImpl-d13f4c17-e694-49b3-9e13-851dfc20fd5b/datanode-0/data/ratis] (custom)
2019-09-26 13:32:19,830 [pool-277-thread-1] INFO  storage.RaftStorageDirectory (RaftStorageDirectory.java:analyzeStorage(246)) - The storage directory /workdir/hadoop-ozone/ozonefs/target/test-dir/MiniOzoneClusterImpl-d13f4c17-e694-49b3-9e13-851dfc20fd5b/datanode-0/data/ratis/98c7bfc1-947c-4e7a-a975-ae17051a29c5 does not exist. Creating ...
2019-09-26 13:32:19,845 [pool-277-thread-1] INFO  storage.RaftStorageDirectory (RaftStorageDirectory.java:tryLock(328)) - Lock on /workdir/hadoop-ozone/ozonefs/target/test-dir/MiniOzoneClusterImpl-d13f4c17-e694-49b3-9e13-851dfc20fd5b/datanode-0/data/ratis/98c7bfc1-947c-4e7a-a975-ae17051a29c5/in_use.lock acquired by nodename 10147@pr-hdds-1569-87zkn-1081879488
2019-09-26 13:32:19,858 [pool-277-thread-1] INFO  storage.RaftStorage (RaftStorage.java:format(72)) - Storage directory /workdir/hadoop-ozone/ozonefs/target/test-dir/MiniOzoneClusterImpl-d13f4c17-e694-49b3-9e13-851dfc20fd5b/datanode-0/data/ratis/98c7bfc1-947c-4e7a-a975-ae17051a29c5 has been successfully formatted.
2019-09-26 13:32:19,858 [pool-277-thread-1] INFO  ratis.ContainerStateMachine (ContainerStateMachine.java:loadSnapshot(230)) - group-AE17051A29C5: The snapshot info is null. Setting the last applied indexto:(t:0, i:~)
2019-09-26 13:32:19,858 [pool-277-thread-1] INFO  server.RaftServerConfigKeys (ConfUtils.java:logGet(43)) - raft.server.notification.no-leader.timeout = 120s (custom)
2019-09-26 13:32:19,859 [pool-277-thread-1] INFO  server.RaftServerConfigKeys (ConfUtils.java:logGet(43)) - raft.server.log.use.memory = false (default)
2019-09-26 13:32:19,859 [pool-277-thread-1] INFO  server.RaftServerConfigKeys (ConfUtils.java:logGet(43)) - raft.server.log.purge.gap = 1000000 (custom)
2019-09-26 13:32:19,859 [pool-277-thread-1] INFO  server.RaftServerConfigKeys (ConfUtils.java:logGet(43)) - raft.server.log.appender.buffer.byte-limit = 33554432 (custom)
2019-09-26 13:32:19,859 [pool-277-thread-1] INFO  server.RaftServerConfigKeys (ConfUtils.java:logGet(43)) - raft.server.log.segment.size.max = 1048576 (custom)
2019-09-26 13:32:19,859 [pool-277-thread-1] INFO  server.RaftServerConfigKeys (ConfUtils.java:logGet(43)) - raft.server.log.segment.cache.num.max = 2 (custom)
2019-09-26 13:32:19,860 [pool-277-thread-1] INFO  segmented.SegmentedRaftLogWorker (SegmentedRaftLogWorker.java:<init>(172)) - new d996ac0f-d7fa-44b8-9629-cc45741e2b0c@group-AE17051A29C5-SegmentedRaftLogWorker for RaftStorage:Storage Directory /workdir/hadoop-ozone/ozonefs/target/test-dir/MiniOzoneClusterImpl-d13f4c17-e694-49b3-9e13-851dfc20fd5b/datanode-0/data/ratis/98c7bfc1-947c-4e7a-a975-ae17051a29c5
2019-09-26 13:32:19,862 [pool-277-thread-1] INFO  server.RaftServerConfigKeys (ConfUtils.java:logGet(43)) - raft.server.log.queue.byte-limit = 2147483647 (custom)
2019-09-26 13:32:19,862 [pool-277-thread-1] INFO  server.RaftServerConfigKeys (ConfUtils.java:logGet(43)) - raft.server.log.queue.element-limit = 1024 (custom)
2019-09-26 13:32:19,863 [pool-277-thread-1] INFO  server.RaftServerConfigKeys (ConfUtils.java:logGet(43)) - raft.server.log.segment.size.max = 1048576 (custom)
2019-09-26 13:32:19,863 [pool-277-thread-1] INFO  server.RaftServerConfigKeys (ConfUtils.java:logGet(43)) - raft.server.log.preallocated.size = 16384 (custom)
2019-09-26 13:32:19,863 [pool-277-thread-1] INFO  server.RaftServerConfigKeys (ConfUtils.java:logGet(43)) - raft.server.log.write.buffer.size = 33554432 (custom)
2019-09-26 13:32:19,863 [pool-277-thread-1] INFO  server.RaftServerConfigKeys (ConfUtils.java:logGet(43)) - raft.server.log.force.sync.num = 128 (default)
2019-09-26 13:32:19,863 [pool-277-thread-1] INFO  server.RaftServerConfigKeys (ConfUtils.java:logGet(43)) - raft.server.log.statemachine.data.sync = true (default)
2019-09-26 13:32:19,863 [pool-277-thread-1] INFO  server.RaftServerConfigKeys (ConfUtils.java:logGet(43)) - raft.server.log.statemachine.data.sync.timeout = 10s (default)
2019-09-26 13:32:19,864 [pool-277-thread-1] INFO  server.RaftServerConfigKeys (ConfUtils.java:logGet(43)) - raft.server.log.statemachine.data.sync.timeout.retry = -1 (default)
2019-09-26 13:32:19,864 [pool-277-thread-1] INFO  server.RaftServerConfigKeys (ConfUtils.java:logGet(43)) - raft.server.log.statemachine.data.caching.enabled = true (custom)
2019-09-26 13:32:19,864 [pool-277-thread-1] INFO  segmented.SegmentedRaftLogWorker (SegmentedRaftLogWorker.java:lambda$new$0(132)) - d996ac0f-d7fa-44b8-9629-cc45741e2b0c@group-AE17051A29C5-SegmentedRaftLogWorker: flushIndex: setUnconditionally 0 -> -1
2019-09-26 13:32:19,865 [pool-277-thread-1] INFO  server.RaftServerConfigKeys (ConfUtils.java:logGet(43)) - raft.server.snapshot.auto.trigger.enabled = true (custom)
2019-09-26 13:32:19,865 [pool-277-thread-1] INFO  server.RaftServerConfigKeys (ConfUtils.java:logGet(43)) - raft.server.snapshot.auto.trigger.threshold = 10000 (custom)
2019-09-26 13:32:19,865 [pool-277-thread-1] INFO  server.RaftServerConfigKeys (ConfUtils.java:logGet(43)) - raft.server.snapshot.retention.num.files = 5 (custom)
2019-09-26 13:32:19,865 [pool-277-thread-1] INFO  server.RaftServerConfigKeys (ConfUtils.java:logGet(43)) - raft.server.retrycache.expirytime = 600000ms (custom)
2019-09-26 13:32:19,868 [pool-277-thread-1] INFO  impl.RaftServerImpl (RaftServerImpl.java:start(185)) - d996ac0f-d7fa-44b8-9629-cc45741e2b0c@group-AE17051A29C5: start as a follower, conf=-1: [d996ac0f-d7fa-44b8-9629-cc45741e2b0c:192.168.164.238:38392], old=null
2019-09-26 13:32:19,868 [pool-277-thread-1] INFO  impl.RaftServerImpl (RaftServerImpl.java:setRole(174)) - d996ac0f-d7fa-44b8-9629-cc45741e2b0c@group-AE17051A29C5: changes role from      null to FOLLOWER at term 0 for startAsFollower
2019-09-26 13:32:19,868 [pool-277-thread-1] INFO  impl.RoleInfo (RoleInfo.java:updateAndGet(143)) - d996ac0f-d7fa-44b8-9629-cc45741e2b0c: start FollowerState
2019-09-26 13:32:19,868 [pool-277-thread-1] INFO  util.JmxRegister (JmxRegister.java:tryRegister(44)) - Successfully registered JMX Bean with object name Ratis:service=RaftServer,group=group-AE17051A29C5,id=d996ac0f-d7fa-44b8-9629-cc45741e2b0c
2019-09-26 13:32:19,873 [RatisPipelineUtilsThread] INFO  pipeline.PipelineStateManager (PipelineStateManager.java:addPipeline(56)) - Created pipeline Pipeline[ Id: 98c7bfc1-947c-4e7a-a975-ae17051a29c5, Nodes: d996ac0f-d7fa-44b8-9629-cc45741e2b0c{ip: 192.168.164.238, host: pr-hdds-1569-87zkn-1081879488, networkLocation: /default-rack, certSerialId: null}, Type:RATIS, Factor:ONE, State:OPEN]
2019-09-26 13:32:19,879 [grpc-default-executor-0] INFO  impl.RaftServerProxy (RaftServerProxy.java:addNew(89)) - d996ac0f-d7fa-44b8-9629-cc45741e2b0c: addNew group-6672E98B5151:[d996ac0f-d7fa-44b8-9629-cc45741e2b0c:192.168.164.238:38392] returns group-6672E98B5151:java.util.concurrent.CompletableFuture@45e2fd15[Not completed]
2019-09-26 13:32:19,881 [pool-277-thread-1] INFO  impl.RaftServerImpl (RaftServerImpl.java:<init>(95)) - d996ac0f-d7fa-44b8-9629-cc45741e2b0c: new RaftServerImpl for group-6672E98B5151:[d996ac0f-d7fa-44b8-9629-cc45741e2b0c:192.168.164.238:38392] with ContainerStateMachine:uninitialized
2019-09-26 13:32:19,881 [pool-277-thread-1] INFO  server.RaftServerConfigKeys (ConfUtils.java:logGet(43)) - raft.server.rpc.timeout.min = 5s (custom)
2019-09-26 13:32:19,881 [pool-277-thread-1] INFO  server.RaftServerConfigKeys (ConfUtils.java:logGet(43)) - raft.server.rpc.timeout.max = 5200ms (custom)
2019-09-26 13:32:19,881 [pool-277-thread-1] INFO  server.RaftServerConfigKeys (ConfUtils.java:logGet(43)) - raft.server.rpcslowness.timeout = 120s (custom)
2019-09-26 13:32:19,881 [pool-277-thread-1] INFO  server.RaftServerConfigKeys (ConfUtils.java:logGet(43)) - raft.server.sleep.deviation.threshold = 300 (default)
2019-09-26 13:32:19,881 [pool-277-thread-1] INFO  server.RaftServerConfigKeys (ConfUtils.java:logGet(43)) - raft.server.log.appender.install.snapshot.enabled = false (custom)
2019-09-26 13:32:19,882 [pool-277-thread-1] INFO  impl.RaftServerImpl (ServerState.java:<init>(103)) - d996ac0f-d7fa-44b8-9629-cc45741e2b0c@group-6672E98B5151: ConfigurationManager, init=-1: [d996ac0f-d7fa-44b8-9629-cc45741e2b0c:192.168.164.238:38392], old=null, confs=<EMPTY_MAP>
2019-09-26 13:32:19,882 [pool-277-thread-1] INFO  server.RaftServerConfigKeys (ConfUtils.java:logGet(43)) - raft.server.storage.dir = [/workdir/hadoop-ozone/ozonefs/target/test-dir/MiniOzoneClusterImpl-d13f4c17-e694-49b3-9e13-851dfc20fd5b/datanode-0/data/ratis] (custom)
2019-09-26 13:32:19,882 [pool-277-thread-1] INFO  storage.RaftStorageDirectory (RaftStorageDirectory.java:analyzeStorage(246)) - The storage directory /workdir/hadoop-ozone/ozonefs/target/test-dir/MiniOzoneClusterImpl-d13f4c17-e694-49b3-9e13-851dfc20fd5b/datanode-0/data/ratis/faf1e77e-2ea7-4645-a243-6672e98b5151 does not exist. Creating ...
2019-09-26 13:32:19,895 [pool-277-thread-1] INFO  storage.RaftStorageDirectory (RaftStorageDirectory.java:tryLock(328)) - Lock on /workdir/hadoop-ozone/ozonefs/target/test-dir/MiniOzoneClusterImpl-d13f4c17-e694-49b3-9e13-851dfc20fd5b/datanode-0/data/ratis/faf1e77e-2ea7-4645-a243-6672e98b5151/in_use.lock acquired by nodename 10147@pr-hdds-1569-87zkn-1081879488
2019-09-26 13:32:19,908 [IPC Server handler 2 on 42879] INFO  net.NetworkTopology (NetworkTopologyImpl.java:add(111)) - Added a new node: /default-rack/7f96d7ec-09ec-4bbe-aec6-0e54f41a3b22
2019-09-26 13:32:19,908 [IPC Server handler 2 on 42879] INFO  node.SCMNodeManager (SCMNodeManager.java:register(266)) - Registered Data node : 7f96d7ec-09ec-4bbe-aec6-0e54f41a3b22{ip: 192.168.164.238, host: pr-hdds-1569-87zkn-1081879488, networkLocation: /default-rack, certSerialId: null}
2019-09-26 13:32:19,927 [pool-277-thread-1] INFO  storage.RaftStorage (RaftStorage.java:format(72)) - Storage directory /workdir/hadoop-ozone/ozonefs/target/test-dir/MiniOzoneClusterImpl-d13f4c17-e694-49b3-9e13-851dfc20fd5b/datanode-0/data/ratis/faf1e77e-2ea7-4645-a243-6672e98b5151 has been successfully formatted.
2019-09-26 13:32:19,927 [pool-277-thread-1] INFO  ratis.ContainerStateMachine (ContainerStateMachine.java:loadSnapshot(230)) - group-6672E98B5151: The snapshot info is null. Setting the last applied indexto:(t:0, i:~)
2019-09-26 13:32:19,928 [pool-277-thread-1] INFO  server.RaftServerConfigKeys (ConfUtils.java:logGet(43)) - raft.server.notification.no-leader.timeout = 120s (custom)
2019-09-26 13:32:19,928 [pool-277-thread-1] INFO  server.RaftServerConfigKeys (ConfUtils.java:logGet(43)) - raft.server.log.use.memory = false (default)
2019-09-26 13:32:19,928 [pool-277-thread-1] INFO  server.RaftServerConfigKeys (ConfUtils.java:logGet(43)) - raft.server.log.purge.gap = 1000000 (custom)
2019-09-26 13:32:19,928 [pool-277-thread-1] INFO  server.RaftServerConfigKeys (ConfUtils.java:logGet(43)) - raft.server.log.appender.buffer.byte-limit = 33554432 (custom)
2019-09-26 13:32:19,928 [pool-277-thread-1] INFO  server.RaftServerConfigKeys (ConfUtils.java:logGet(43)) - raft.server.log.segment.size.max = 1048576 (custom)
2019-09-26 13:32:19,928 [pool-277-thread-1] INFO  server.RaftServerConfigKeys (ConfUtils.java:logGet(43)) - raft.server.log.segment.cache.num.max = 2 (custom)
2019-09-26 13:32:19,928 [pool-277-thread-1] INFO  segmented.SegmentedRaftLogWorker (SegmentedRaftLogWorker.java:<init>(172)) - new d996ac0f-d7fa-44b8-9629-cc45741e2b0c@group-6672E98B5151-SegmentedRaftLogWorker for RaftStorage:Storage Directory /workdir/hadoop-ozone/ozonefs/target/test-dir/MiniOzoneClusterImpl-d13f4c17-e694-49b3-9e13-851dfc20fd5b/datanode-0/data/ratis/faf1e77e-2ea7-4645-a243-6672e98b5151
2019-09-26 13:32:19,928 [pool-277-thread-1] INFO  server.RaftServerConfigKeys (ConfUtils.java:logGet(43)) - raft.server.log.queue.byte-limit = 2147483647 (custom)
2019-09-26 13:32:19,929 [pool-277-thread-1] INFO  server.RaftServerConfigKeys (ConfUtils.java:logGet(43)) - raft.server.log.queue.element-limit = 1024 (custom)
2019-09-26 13:32:19,929 [pool-277-thread-1] INFO  server.RaftServerConfigKeys (ConfUtils.java:logGet(43)) - raft.server.log.segment.size.max = 1048576 (custom)
2019-09-26 13:32:19,929 [pool-277-thread-1] INFO  server.RaftServerConfigKeys (ConfUtils.java:logGet(43)) - raft.server.log.preallocated.size = 16384 (custom)
2019-09-26 13:32:19,929 [pool-277-thread-1] INFO  server.RaftServerConfigKeys (ConfUtils.java:logGet(43)) - raft.server.log.write.buffer.size = 33554432 (custom)
2019-09-26 13:32:19,929 [pool-277-thread-1] INFO  server.RaftServerConfigKeys (ConfUtils.java:logGet(43)) - raft.server.log.force.sync.num = 128 (default)
2019-09-26 13:32:19,929 [pool-277-thread-1] INFO  server.RaftServerConfigKeys (ConfUtils.java:logGet(43)) - raft.server.log.statemachine.data.sync = true (default)
2019-09-26 13:32:19,929 [pool-277-thread-1] INFO  server.RaftServerConfigKeys (ConfUtils.java:logGet(43)) - raft.server.log.statemachine.data.sync.timeout = 10s (default)
2019-09-26 13:32:19,929 [pool-277-thread-1] INFO  server.RaftServerConfigKeys (ConfUtils.java:logGet(43)) - raft.server.log.statemachine.data.sync.timeout.retry = -1 (default)
2019-09-26 13:32:19,930 [pool-277-thread-1] INFO  server.RaftServerConfigKeys (ConfUtils.java:logGet(43)) - raft.server.log.statemachine.data.caching.enabled = true (custom)
2019-09-26 13:32:19,930 [pool-277-thread-1] INFO  segmented.SegmentedRaftLogWorker (SegmentedRaftLogWorker.java:lambda$new$0(132)) - d996ac0f-d7fa-44b8-9629-cc45741e2b0c@group-6672E98B5151-SegmentedRaftLogWorker: flushIndex: setUnconditionally 0 -> -1
2019-09-26 13:32:19,930 [pool-277-thread-1] INFO  server.RaftServerConfigKeys (ConfUtils.java:logGet(43)) - raft.server.snapshot.auto.trigger.enabled = true (custom)
2019-09-26 13:32:19,930 [pool-277-thread-1] INFO  server.RaftServerConfigKeys (ConfUtils.java:logGet(43)) - raft.server.snapshot.auto.trigger.threshold = 10000 (custom)
2019-09-26 13:32:19,931 [pool-277-thread-1] INFO  server.RaftServerConfigKeys (ConfUtils.java:logGet(43)) - raft.server.snapshot.retention.num.files = 5 (custom)
2019-09-26 13:32:19,931 [pool-277-thread-1] INFO  server.RaftServerConfigKeys (ConfUtils.java:logGet(43)) - raft.server.retrycache.expirytime = 600000ms (custom)
2019-09-26 13:32:19,932 [pool-277-thread-1] INFO  impl.RaftServerImpl (RaftServerImpl.java:start(185)) - d996ac0f-d7fa-44b8-9629-cc45741e2b0c@group-6672E98B5151: start as a follower, conf=-1: [d996ac0f-d7fa-44b8-9629-cc45741e2b0c:192.168.164.238:38392], old=null
2019-09-26 13:32:19,933 [pool-277-thread-1] INFO  impl.RaftServerImpl (RaftServerImpl.java:setRole(174)) - d996ac0f-d7fa-44b8-9629-cc45741e2b0c@group-6672E98B5151: changes role from      null to FOLLOWER at term 0 for startAsFollower
2019-09-26 13:32:19,933 [pool-277-thread-1] INFO  impl.RoleInfo (RoleInfo.java:updateAndGet(143)) - d996ac0f-d7fa-44b8-9629-cc45741e2b0c: start FollowerState
2019-09-26 13:32:19,933 [pool-277-thread-1] INFO  util.JmxRegister (JmxRegister.java:tryRegister(44)) - Successfully registered JMX Bean with object name Ratis:service=RaftServer,group=group-6672E98B5151,id=d996ac0f-d7fa-44b8-9629-cc45741e2b0c
2019-09-26 13:32:19,936 [RatisPipelineUtilsThread] INFO  pipeline.PipelineStateManager (PipelineStateManager.java:addPipeline(56)) - Created pipeline Pipeline[ Id: faf1e77e-2ea7-4645-a243-6672e98b5151, Nodes: d996ac0f-d7fa-44b8-9629-cc45741e2b0c{ip: 192.168.164.238, host: pr-hdds-1569-87zkn-1081879488, networkLocation: /default-rack, certSerialId: null}, Type:RATIS, Factor:ONE, State:OPEN]
2019-09-26 13:32:19,946 [grpc-default-executor-0] INFO  impl.RaftServerProxy (RaftServerProxy.java:addNew(89)) - 7f96d7ec-09ec-4bbe-aec6-0e54f41a3b22: addNew group-3F5F6B7E9520:[7f96d7ec-09ec-4bbe-aec6-0e54f41a3b22:192.168.164.238:33436] returns group-3F5F6B7E9520:java.util.concurrent.CompletableFuture@790d6e1[Not completed]
2019-09-26 13:32:19,947 [pool-287-thread-1] INFO  impl.RaftServerImpl (RaftServerImpl.java:<init>(95)) - 7f96d7ec-09ec-4bbe-aec6-0e54f41a3b22: new RaftServerImpl for group-3F5F6B7E9520:[7f96d7ec-09ec-4bbe-aec6-0e54f41a3b22:192.168.164.238:33436] with ContainerStateMachine:uninitialized
2019-09-26 13:32:19,947 [pool-287-thread-1] INFO  server.RaftServerConfigKeys (ConfUtils.java:logGet(43)) - raft.server.rpc.timeout.min = 5s (custom)
2019-09-26 13:32:19,947 [pool-287-thread-1] INFO  server.RaftServerConfigKeys (ConfUtils.java:logGet(43)) - raft.server.rpc.timeout.max = 5200ms (custom)
2019-09-26 13:32:19,947 [pool-287-thread-1] INFO  server.RaftServerConfigKeys (ConfUtils.java:logGet(43)) - raft.server.rpcslowness.timeout = 120s (custom)
2019-09-26 13:32:19,948 [pool-287-thread-1] INFO  server.RaftServerConfigKeys (ConfUtils.java:logGet(43)) - raft.server.sleep.deviation.threshold = 300 (default)
2019-09-26 13:32:19,948 [pool-287-thread-1] INFO  server.RaftServerConfigKeys (ConfUtils.java:logGet(43)) - raft.server.log.appender.install.snapshot.enabled = false (custom)
2019-09-26 13:32:19,948 [pool-287-thread-1] INFO  impl.RaftServerImpl (ServerState.java:<init>(103)) - 7f96d7ec-09ec-4bbe-aec6-0e54f41a3b22@group-3F5F6B7E9520: ConfigurationManager, init=-1: [7f96d7ec-09ec-4bbe-aec6-0e54f41a3b22:192.168.164.238:33436], old=null, confs=<EMPTY_MAP>
2019-09-26 13:32:19,948 [pool-287-thread-1] INFO  server.RaftServerConfigKeys (ConfUtils.java:logGet(43)) - raft.server.storage.dir = [/workdir/hadoop-ozone/ozonefs/target/test-dir/MiniOzoneClusterImpl-d13f4c17-e694-49b3-9e13-851dfc20fd5b/datanode-1/data/ratis] (custom)
2019-09-26 13:32:19,948 [pool-287-thread-1] INFO  storage.RaftStorageDirectory (RaftStorageDirectory.java:analyzeStorage(246)) - The storage directory /workdir/hadoop-ozone/ozonefs/target/test-dir/MiniOzoneClusterImpl-d13f4c17-e694-49b3-9e13-851dfc20fd5b/datanode-1/data/ratis/997bd994-21b3-41c0-8390-3f5f6b7e9520 does not exist. Creating ...
2019-09-26 13:32:19,961 [pool-287-thread-1] INFO  storage.RaftStorageDirectory (RaftStorageDirectory.java:tryLock(328)) - Lock on /workdir/hadoop-ozone/ozonefs/target/test-dir/MiniOzoneClusterImpl-d13f4c17-e694-49b3-9e13-851dfc20fd5b/datanode-1/data/ratis/997bd994-21b3-41c0-8390-3f5f6b7e9520/in_use.lock acquired by nodename 10147@pr-hdds-1569-87zkn-1081879488
2019-09-26 13:32:19,973 [pool-287-thread-1] INFO  storage.RaftStorage (RaftStorage.java:format(72)) - Storage directory /workdir/hadoop-ozone/ozonefs/target/test-dir/MiniOzoneClusterImpl-d13f4c17-e694-49b3-9e13-851dfc20fd5b/datanode-1/data/ratis/997bd994-21b3-41c0-8390-3f5f6b7e9520 has been successfully formatted.
2019-09-26 13:32:19,974 [pool-287-thread-1] INFO  ratis.ContainerStateMachine (ContainerStateMachine.java:loadSnapshot(230)) - group-3F5F6B7E9520: The snapshot info is null. Setting the last applied indexto:(t:0, i:~)
2019-09-26 13:32:19,974 [pool-287-thread-1] INFO  server.RaftServerConfigKeys (ConfUtils.java:logGet(43)) - raft.server.notification.no-leader.timeout = 120s (custom)
2019-09-26 13:32:19,974 [pool-287-thread-1] INFO  server.RaftServerConfigKeys (ConfUtils.java:logGet(43)) - raft.server.log.use.memory = false (default)
2019-09-26 13:32:19,974 [pool-287-thread-1] INFO  server.RaftServerConfigKeys (ConfUtils.java:logGet(43)) - raft.server.log.purge.gap = 1000000 (custom)
2019-09-26 13:32:19,974 [pool-287-thread-1] INFO  server.RaftServerConfigKeys (ConfUtils.java:logGet(43)) - raft.server.log.appender.buffer.byte-limit = 33554432 (custom)
2019-09-26 13:32:19,974 [pool-287-thread-1] INFO  server.RaftServerConfigKeys (ConfUtils.java:logGet(43)) - raft.server.log.segment.size.max = 1048576 (custom)
2019-09-26 13:32:19,974 [pool-287-thread-1] INFO  server.RaftServerConfigKeys (ConfUtils.java:logGet(43)) - raft.server.log.segment.cache.num.max = 2 (custom)
2019-09-26 13:32:19,975 [pool-287-thread-1] INFO  segmented.SegmentedRaftLogWorker (SegmentedRaftLogWorker.java:<init>(172)) - new 7f96d7ec-09ec-4bbe-aec6-0e54f41a3b22@group-3F5F6B7E9520-SegmentedRaftLogWorker for RaftStorage:Storage Directory /workdir/hadoop-ozone/ozonefs/target/test-dir/MiniOzoneClusterImpl-d13f4c17-e694-49b3-9e13-851dfc20fd5b/datanode-1/data/ratis/997bd994-21b3-41c0-8390-3f5f6b7e9520
2019-09-26 13:32:19,977 [pool-287-thread-1] INFO  server.RaftServerConfigKeys (ConfUtils.java:logGet(43)) - raft.server.log.queue.byte-limit = 2147483647 (custom)
2019-09-26 13:32:19,977 [pool-287-thread-1] INFO  server.RaftServerConfigKeys (ConfUtils.java:logGet(43)) - raft.server.log.queue.element-limit = 1024 (custom)
2019-09-26 13:32:19,977 [pool-287-thread-1] INFO  server.RaftServerConfigKeys (ConfUtils.java:logGet(43)) - raft.server.log.segment.size.max = 1048576 (custom)
2019-09-26 13:32:19,977 [pool-287-thread-1] INFO  server.RaftServerConfigKeys (ConfUtils.java:logGet(43)) - raft.server.log.preallocated.size = 16384 (custom)
2019-09-26 13:32:19,977 [pool-287-thread-1] INFO  server.RaftServerConfigKeys (ConfUtils.java:logGet(43)) - raft.server.log.write.buffer.size = 33554432 (custom)
2019-09-26 13:32:19,977 [pool-287-thread-1] INFO  server.RaftServerConfigKeys (ConfUtils.java:logGet(43)) - raft.server.log.force.sync.num = 128 (default)
2019-09-26 13:32:19,977 [pool-287-thread-1] INFO  server.RaftServerConfigKeys (ConfUtils.java:logGet(43)) - raft.server.log.statemachine.data.sync = true (default)
2019-09-26 13:32:19,978 [pool-287-thread-1] INFO  server.RaftServerConfigKeys (ConfUtils.java:logGet(43)) - raft.server.log.statemachine.data.sync.timeout = 10s (default)
2019-09-26 13:32:19,978 [pool-287-thread-1] INFO  server.RaftServerConfigKeys (ConfUtils.java:logGet(43)) - raft.server.log.statemachine.data.sync.timeout.retry = -1 (default)
2019-09-26 13:32:19,978 [pool-287-thread-1] INFO  server.RaftServerConfigKeys (ConfUtils.java:logGet(43)) - raft.server.log.statemachine.data.caching.enabled = true (custom)
2019-09-26 13:32:19,978 [pool-287-thread-1] INFO  segmented.SegmentedRaftLogWorker (SegmentedRaftLogWorker.java:lambda$new$0(132)) - 7f96d7ec-09ec-4bbe-aec6-0e54f41a3b22@group-3F5F6B7E9520-SegmentedRaftLogWorker: flushIndex: setUnconditionally 0 -> -1
2019-09-26 13:32:19,979 [pool-287-thread-1] INFO  server.RaftServerConfigKeys (ConfUtils.java:logGet(43)) - raft.server.snapshot.auto.trigger.enabled = true (custom)
2019-09-26 13:32:19,979 [pool-287-thread-1] INFO  server.RaftServerConfigKeys (ConfUtils.java:logGet(43)) - raft.server.snapshot.auto.trigger.threshold = 10000 (custom)
2019-09-26 13:32:19,979 [pool-287-thread-1] INFO  server.RaftServerConfigKeys (ConfUtils.java:logGet(43)) - raft.server.snapshot.retention.num.files = 5 (custom)
2019-09-26 13:32:19,979 [pool-287-thread-1] INFO  server.RaftServerConfigKeys (ConfUtils.java:logGet(43)) - raft.server.retrycache.expirytime = 600000ms (custom)
2019-09-26 13:32:19,981 [pool-287-thread-1] INFO  impl.RaftServerImpl (RaftServerImpl.java:start(185)) - 7f96d7ec-09ec-4bbe-aec6-0e54f41a3b22@group-3F5F6B7E9520: start as a follower, conf=-1: [7f96d7ec-09ec-4bbe-aec6-0e54f41a3b22:192.168.164.238:33436], old=null
2019-09-26 13:32:19,981 [pool-287-thread-1] INFO  impl.RaftServerImpl (RaftServerImpl.java:setRole(174)) - 7f96d7ec-09ec-4bbe-aec6-0e54f41a3b22@group-3F5F6B7E9520: changes role from      null to FOLLOWER at term 0 for startAsFollower
2019-09-26 13:32:19,981 [pool-287-thread-1] INFO  impl.RoleInfo (RoleInfo.java:updateAndGet(143)) - 7f96d7ec-09ec-4bbe-aec6-0e54f41a3b22: start FollowerState
2019-09-26 13:32:19,982 [pool-287-thread-1] INFO  util.JmxRegister (JmxRegister.java:tryRegister(44)) - Successfully registered JMX Bean with object name Ratis:service=RaftServer,group=group-3F5F6B7E9520,id=7f96d7ec-09ec-4bbe-aec6-0e54f41a3b22
2019-09-26 13:32:19,985 [RatisPipelineUtilsThread] INFO  pipeline.PipelineStateManager (PipelineStateManager.java:addPipeline(56)) - Created pipeline Pipeline[ Id: 997bd994-21b3-41c0-8390-3f5f6b7e9520, Nodes: 7f96d7ec-09ec-4bbe-aec6-0e54f41a3b22{ip: 192.168.164.238, host: pr-hdds-1569-87zkn-1081879488, networkLocation: /default-rack, certSerialId: null}, Type:RATIS, Factor:ONE, State:OPEN]
2019-09-26 13:32:19,991 [grpc-default-executor-0] INFO  impl.RaftServerProxy (RaftServerProxy.java:addNew(89)) - d996ac0f-d7fa-44b8-9629-cc45741e2b0c: addNew group-F699C0A678FF:[d996ac0f-d7fa-44b8-9629-cc45741e2b0c:192.168.164.238:38392] returns group-F699C0A678FF:java.util.concurrent.CompletableFuture@1a6df912[Not completed]
2019-09-26 13:32:19,993 [pool-277-thread-1] INFO  impl.RaftServerImpl (RaftServerImpl.java:<init>(95)) - d996ac0f-d7fa-44b8-9629-cc45741e2b0c: new RaftServerImpl for group-F699C0A678FF:[d996ac0f-d7fa-44b8-9629-cc45741e2b0c:192.168.164.238:38392] with ContainerStateMachine:uninitialized
2019-09-26 13:32:19,993 [pool-277-thread-1] INFO  server.RaftServerConfigKeys (ConfUtils.java:logGet(43)) - raft.server.rpc.timeout.min = 5s (custom)
2019-09-26 13:32:19,993 [pool-277-thread-1] INFO  server.RaftServerConfigKeys (ConfUtils.java:logGet(43)) - raft.server.rpc.timeout.max = 5200ms (custom)
2019-09-26 13:32:19,994 [pool-277-thread-1] INFO  server.RaftServerConfigKeys (ConfUtils.java:logGet(43)) - raft.server.rpcslowness.timeout = 120s (custom)
2019-09-26 13:32:19,994 [pool-277-thread-1] INFO  server.RaftServerConfigKeys (ConfUtils.java:logGet(43)) - raft.server.sleep.deviation.threshold = 300 (default)
2019-09-26 13:32:19,994 [pool-277-thread-1] INFO  server.RaftServerConfigKeys (ConfUtils.java:logGet(43)) - raft.server.log.appender.install.snapshot.enabled = false (custom)
2019-09-26 13:32:19,994 [pool-277-thread-1] INFO  impl.RaftServerImpl (ServerState.java:<init>(103)) - d996ac0f-d7fa-44b8-9629-cc45741e2b0c@group-F699C0A678FF: ConfigurationManager, init=-1: [d996ac0f-d7fa-44b8-9629-cc45741e2b0c:192.168.164.238:38392], old=null, confs=<EMPTY_MAP>
2019-09-26 13:32:19,995 [pool-277-thread-1] INFO  server.RaftServerConfigKeys (ConfUtils.java:logGet(43)) - raft.server.storage.dir = [/workdir/hadoop-ozone/ozonefs/target/test-dir/MiniOzoneClusterImpl-d13f4c17-e694-49b3-9e13-851dfc20fd5b/datanode-0/data/ratis] (custom)
2019-09-26 13:32:19,995 [Thread-1344] INFO  ozone.MiniOzoneClusterImpl (MiniOzoneClusterImpl.java:lambda$waitForClusterToBeReady$0(147)) - Waiting for cluster to be ready. Got 2 of 3 DN Heartbeats.
2019-09-26 13:32:19,995 [pool-277-thread-1] INFO  storage.RaftStorageDirectory (RaftStorageDirectory.java:analyzeStorage(246)) - The storage directory /workdir/hadoop-ozone/ozonefs/target/test-dir/MiniOzoneClusterImpl-d13f4c17-e694-49b3-9e13-851dfc20fd5b/datanode-0/data/ratis/e3092eb1-57c8-4d7f-a990-f699c0a678ff does not exist. Creating ...
2019-09-26 13:32:19,995 [IPC Server handler 0 on 42879] INFO  net.NetworkTopology (NetworkTopologyImpl.java:add(111)) - Added a new node: /default-rack/7640920c-e43d-4271-86d9-e94fdcad330b
2019-09-26 13:32:19,996 [IPC Server handler 0 on 42879] INFO  node.SCMNodeManager (SCMNodeManager.java:register(266)) - Registered Data node : 7640920c-e43d-4271-86d9-e94fdcad330b{ip: 192.168.164.238, host: pr-hdds-1569-87zkn-1081879488, networkLocation: /default-rack, certSerialId: null}
2019-09-26 13:32:20,008 [pool-277-thread-1] INFO  storage.RaftStorageDirectory (RaftStorageDirectory.java:tryLock(328)) - Lock on /workdir/hadoop-ozone/ozonefs/target/test-dir/MiniOzoneClusterImpl-d13f4c17-e694-49b3-9e13-851dfc20fd5b/datanode-0/data/ratis/e3092eb1-57c8-4d7f-a990-f699c0a678ff/in_use.lock acquired by nodename 10147@pr-hdds-1569-87zkn-1081879488
2019-09-26 13:32:20,021 [pool-277-thread-1] INFO  storage.RaftStorage (RaftStorage.java:format(72)) - Storage directory /workdir/hadoop-ozone/ozonefs/target/test-dir/MiniOzoneClusterImpl-d13f4c17-e694-49b3-9e13-851dfc20fd5b/datanode-0/data/ratis/e3092eb1-57c8-4d7f-a990-f699c0a678ff has been successfully formatted.
2019-09-26 13:32:20,021 [pool-277-thread-1] INFO  ratis.ContainerStateMachine (ContainerStateMachine.java:loadSnapshot(230)) - group-F699C0A678FF: The snapshot info is null. Setting the last applied indexto:(t:0, i:~)
2019-09-26 13:32:20,022 [pool-277-thread-1] INFO  server.RaftServerConfigKeys (ConfUtils.java:logGet(43)) - raft.server.notification.no-leader.timeout = 120s (custom)
2019-09-26 13:32:20,022 [pool-277-thread-1] INFO  server.RaftServerConfigKeys (ConfUtils.java:logGet(43)) - raft.server.log.use.memory = false (default)
2019-09-26 13:32:20,022 [pool-277-thread-1] INFO  server.RaftServerConfigKeys (ConfUtils.java:logGet(43)) - raft.server.log.purge.gap = 1000000 (custom)
2019-09-26 13:32:20,022 [pool-277-thread-1] INFO  server.RaftServerConfigKeys (ConfUtils.java:logGet(43)) - raft.server.log.appender.buffer.byte-limit = 33554432 (custom)
2019-09-26 13:32:20,022 [pool-277-thread-1] INFO  server.RaftServerConfigKeys (ConfUtils.java:logGet(43)) - raft.server.log.segment.size.max = 1048576 (custom)
2019-09-26 13:32:20,022 [pool-277-thread-1] INFO  server.RaftServerConfigKeys (ConfUtils.java:logGet(43)) - raft.server.log.segment.cache.num.max = 2 (custom)
2019-09-26 13:32:20,022 [pool-277-thread-1] INFO  segmented.SegmentedRaftLogWorker (SegmentedRaftLogWorker.java:<init>(172)) - new d996ac0f-d7fa-44b8-9629-cc45741e2b0c@group-F699C0A678FF-SegmentedRaftLogWorker for RaftStorage:Storage Directory /workdir/hadoop-ozone/ozonefs/target/test-dir/MiniOzoneClusterImpl-d13f4c17-e694-49b3-9e13-851dfc20fd5b/datanode-0/data/ratis/e3092eb1-57c8-4d7f-a990-f699c0a678ff
2019-09-26 13:32:20,022 [pool-277-thread-1] INFO  server.RaftServerConfigKeys (ConfUtils.java:logGet(43)) - raft.server.log.queue.byte-limit = 2147483647 (custom)
2019-09-26 13:32:20,023 [pool-277-thread-1] INFO  server.RaftServerConfigKeys (ConfUtils.java:logGet(43)) - raft.server.log.queue.element-limit = 1024 (custom)
2019-09-26 13:32:20,023 [pool-277-thread-1] INFO  server.RaftServerConfigKeys (ConfUtils.java:logGet(43)) - raft.server.log.segment.size.max = 1048576 (custom)
2019-09-26 13:32:20,023 [pool-277-thread-1] INFO  server.RaftServerConfigKeys (ConfUtils.java:logGet(43)) - raft.server.log.preallocated.size = 16384 (custom)
2019-09-26 13:32:20,023 [pool-277-thread-1] INFO  server.RaftServerConfigKeys (ConfUtils.java:logGet(43)) - raft.server.log.write.buffer.size = 33554432 (custom)
2019-09-26 13:32:20,023 [pool-277-thread-1] INFO  server.RaftServerConfigKeys (ConfUtils.java:logGet(43)) - raft.server.log.force.sync.num = 128 (default)
2019-09-26 13:32:20,023 [pool-277-thread-1] INFO  server.RaftServerConfigKeys (ConfUtils.java:logGet(43)) - raft.server.log.statemachine.data.sync = true (default)
2019-09-26 13:32:20,023 [pool-277-thread-1] INFO  server.RaftServerConfigKeys (ConfUtils.java:logGet(43)) - raft.server.log.statemachine.data.sync.timeout = 10s (default)
2019-09-26 13:32:20,024 [pool-277-thread-1] INFO  server.RaftServerConfigKeys (ConfUtils.java:logGet(43)) - raft.server.log.statemachine.data.sync.timeout.retry = -1 (default)
2019-09-26 13:32:20,024 [pool-277-thread-1] INFO  server.RaftServerConfigKeys (ConfUtils.java:logGet(43)) - raft.server.log.statemachine.data.caching.enabled = true (custom)
2019-09-26 13:32:20,024 [pool-277-thread-1] INFO  segmented.SegmentedRaftLogWorker (SegmentedRaftLogWorker.java:lambda$new$0(132)) - d996ac0f-d7fa-44b8-9629-cc45741e2b0c@group-F699C0A678FF-SegmentedRaftLogWorker: flushIndex: setUnconditionally 0 -> -1
2019-09-26 13:32:20,024 [pool-277-thread-1] INFO  server.RaftServerConfigKeys (ConfUtils.java:logGet(43)) - raft.server.snapshot.auto.trigger.enabled = true (custom)
2019-09-26 13:32:20,025 [pool-277-thread-1] INFO  server.RaftServerConfigKeys (ConfUtils.java:logGet(43)) - raft.server.snapshot.auto.trigger.threshold = 10000 (custom)
2019-09-26 13:32:20,025 [pool-277-thread-1] INFO  server.RaftServerConfigKeys (ConfUtils.java:logGet(43)) - raft.server.snapshot.retention.num.files = 5 (custom)
2019-09-26 13:32:20,025 [pool-277-thread-1] INFO  server.RaftServerConfigKeys (ConfUtils.java:logGet(43)) - raft.server.retrycache.expirytime = 600000ms (custom)
2019-09-26 13:32:20,027 [pool-277-thread-1] INFO  impl.RaftServerImpl (RaftServerImpl.java:start(185)) - d996ac0f-d7fa-44b8-9629-cc45741e2b0c@group-F699C0A678FF: start as a follower, conf=-1: [d996ac0f-d7fa-44b8-9629-cc45741e2b0c:192.168.164.238:38392], old=null
2019-09-26 13:32:20,027 [pool-277-thread-1] INFO  impl.RaftServerImpl (RaftServerImpl.java:setRole(174)) - d996ac0f-d7fa-44b8-9629-cc45741e2b0c@group-F699C0A678FF: changes role from      null to FOLLOWER at term 0 for startAsFollower
2019-09-26 13:32:20,027 [pool-277-thread-1] INFO  impl.RoleInfo (RoleInfo.java:updateAndGet(143)) - d996ac0f-d7fa-44b8-9629-cc45741e2b0c: start FollowerState
2019-09-26 13:32:20,027 [pool-277-thread-1] INFO  util.JmxRegister (JmxRegister.java:tryRegister(44)) - Successfully registered JMX Bean with object name Ratis:service=RaftServer,group=group-F699C0A678FF,id=d996ac0f-d7fa-44b8-9629-cc45741e2b0c
2019-09-26 13:32:20,031 [RatisPipelineUtilsThread] INFO  pipeline.PipelineStateManager (PipelineStateManager.java:addPipeline(56)) - Created pipeline Pipeline[ Id: e3092eb1-57c8-4d7f-a990-f699c0a678ff, Nodes: d996ac0f-d7fa-44b8-9629-cc45741e2b0c{ip: 192.168.164.238, host: pr-hdds-1569-87zkn-1081879488, networkLocation: /default-rack, certSerialId: null}, Type:RATIS, Factor:ONE, State:OPEN]
2019-09-26 13:32:20,037 [grpc-default-executor-0] INFO  impl.RaftServerProxy (RaftServerProxy.java:addNew(89)) - d996ac0f-d7fa-44b8-9629-cc45741e2b0c: addNew group-E4379E7083D2:[d996ac0f-d7fa-44b8-9629-cc45741e2b0c:192.168.164.238:38392] returns group-E4379E7083D2:java.util.concurrent.CompletableFuture@119b46c1[Not completed]
2019-09-26 13:32:20,038 [pool-277-thread-1] INFO  impl.RaftServerImpl (RaftServerImpl.java:<init>(95)) - d996ac0f-d7fa-44b8-9629-cc45741e2b0c: new RaftServerImpl for group-E4379E7083D2:[d996ac0f-d7fa-44b8-9629-cc45741e2b0c:192.168.164.238:38392] with ContainerStateMachine:uninitialized
2019-09-26 13:32:20,038 [pool-277-thread-1] INFO  server.RaftServerConfigKeys (ConfUtils.java:logGet(43)) - raft.server.rpc.timeout.min = 5s (custom)
2019-09-26 13:32:20,038 [pool-277-thread-1] INFO  server.RaftServerConfigKeys (ConfUtils.java:logGet(43)) - raft.server.rpc.timeout.max = 5200ms (custom)
2019-09-26 13:32:20,038 [pool-277-thread-1] INFO  server.RaftServerConfigKeys (ConfUtils.java:logGet(43)) - raft.server.rpcslowness.timeout = 120s (custom)
2019-09-26 13:32:20,038 [pool-277-thread-1] INFO  server.RaftServerConfigKeys (ConfUtils.java:logGet(43)) - raft.server.sleep.deviation.threshold = 300 (default)
2019-09-26 13:32:20,038 [pool-277-thread-1] INFO  server.RaftServerConfigKeys (ConfUtils.java:logGet(43)) - raft.server.log.appender.install.snapshot.enabled = false (custom)
2019-09-26 13:32:20,038 [pool-277-thread-1] INFO  impl.RaftServerImpl (ServerState.java:<init>(103)) - d996ac0f-d7fa-44b8-9629-cc45741e2b0c@group-E4379E7083D2: ConfigurationManager, init=-1: [d996ac0f-d7fa-44b8-9629-cc45741e2b0c:192.168.164.238:38392], old=null, confs=<EMPTY_MAP>
2019-09-26 13:32:20,039 [pool-277-thread-1] INFO  server.RaftServerConfigKeys (ConfUtils.java:logGet(43)) - raft.server.storage.dir = [/workdir/hadoop-ozone/ozonefs/target/test-dir/MiniOzoneClusterImpl-d13f4c17-e694-49b3-9e13-851dfc20fd5b/datanode-0/data/ratis] (custom)
2019-09-26 13:32:20,039 [pool-277-thread-1] INFO  storage.RaftStorageDirectory (RaftStorageDirectory.java:analyzeStorage(246)) - The storage directory /workdir/hadoop-ozone/ozonefs/target/test-dir/MiniOzoneClusterImpl-d13f4c17-e694-49b3-9e13-851dfc20fd5b/datanode-0/data/ratis/274a3628-c68e-4e5c-980f-e4379e7083d2 does not exist. Creating ...
2019-09-26 13:32:20,042 [pool-277-thread-1] INFO  storage.RaftStorageDirectory (RaftStorageDirectory.java:tryLock(328)) - Lock on /workdir/hadoop-ozone/ozonefs/target/test-dir/MiniOzoneClusterImpl-d13f4c17-e694-49b3-9e13-851dfc20fd5b/datanode-0/data/ratis/274a3628-c68e-4e5c-980f-e4379e7083d2/in_use.lock acquired by nodename 10147@pr-hdds-1569-87zkn-1081879488
2019-09-26 13:32:20,045 [pool-277-thread-1] INFO  storage.RaftStorage (RaftStorage.java:format(72)) - Storage directory /workdir/hadoop-ozone/ozonefs/target/test-dir/MiniOzoneClusterImpl-d13f4c17-e694-49b3-9e13-851dfc20fd5b/datanode-0/data/ratis/274a3628-c68e-4e5c-980f-e4379e7083d2 has been successfully formatted.
2019-09-26 13:32:20,046 [pool-277-thread-1] INFO  ratis.ContainerStateMachine (ContainerStateMachine.java:loadSnapshot(230)) - group-E4379E7083D2: The snapshot info is null. Setting the last applied indexto:(t:0, i:~)
2019-09-26 13:32:20,046 [pool-277-thread-1] INFO  server.RaftServerConfigKeys (ConfUtils.java:logGet(43)) - raft.server.notification.no-leader.timeout = 120s (custom)
2019-09-26 13:32:20,046 [pool-277-thread-1] INFO  server.RaftServerConfigKeys (ConfUtils.java:logGet(43)) - raft.server.log.use.memory = false (default)
2019-09-26 13:32:20,046 [pool-277-thread-1] INFO  server.RaftServerConfigKeys (ConfUtils.java:logGet(43)) - raft.server.log.purge.gap = 1000000 (custom)
2019-09-26 13:32:20,046 [pool-277-thread-1] INFO  server.RaftServerConfigKeys (ConfUtils.java:logGet(43)) - raft.server.log.appender.buffer.byte-limit = 33554432 (custom)
2019-09-26 13:32:20,047 [pool-277-thread-1] INFO  server.RaftServerConfigKeys (ConfUtils.java:logGet(43)) - raft.server.log.segment.size.max = 1048576 (custom)
2019-09-26 13:32:20,047 [pool-277-thread-1] INFO  server.RaftServerConfigKeys (ConfUtils.java:logGet(43)) - raft.server.log.segment.cache.num.max = 2 (custom)
2019-09-26 13:32:20,047 [pool-277-thread-1] INFO  segmented.SegmentedRaftLogWorker (SegmentedRaftLogWorker.java:<init>(172)) - new d996ac0f-d7fa-44b8-9629-cc45741e2b0c@group-E4379E7083D2-SegmentedRaftLogWorker for RaftStorage:Storage Directory /workdir/hadoop-ozone/ozonefs/target/test-dir/MiniOzoneClusterImpl-d13f4c17-e694-49b3-9e13-851dfc20fd5b/datanode-0/data/ratis/274a3628-c68e-4e5c-980f-e4379e7083d2
2019-09-26 13:32:20,047 [pool-277-thread-1] INFO  server.RaftServerConfigKeys (ConfUtils.java:logGet(43)) - raft.server.log.queue.byte-limit = 2147483647 (custom)
2019-09-26 13:32:20,047 [pool-277-thread-1] INFO  server.RaftServerConfigKeys (ConfUtils.java:logGet(43)) - raft.server.log.queue.element-limit = 1024 (custom)
2019-09-26 13:32:20,048 [pool-277-thread-1] INFO  server.RaftServerConfigKeys (ConfUtils.java:logGet(43)) - raft.server.log.segment.size.max = 1048576 (custom)
2019-09-26 13:32:20,048 [pool-277-thread-1] INFO  server.RaftServerConfigKeys (ConfUtils.java:logGet(43)) - raft.server.log.preallocated.size = 16384 (custom)
2019-09-26 13:32:20,048 [pool-277-thread-1] INFO  server.RaftServerConfigKeys (ConfUtils.java:logGet(43)) - raft.server.log.write.buffer.size = 33554432 (custom)
2019-09-26 13:32:20,048 [pool-277-thread-1] INFO  server.RaftServerConfigKeys (ConfUtils.java:logGet(43)) - raft.server.log.force.sync.num = 128 (default)
2019-09-26 13:32:20,049 [pool-277-thread-1] INFO  server.RaftServerConfigKeys (ConfUtils.java:logGet(43)) - raft.server.log.statemachine.data.sync = true (default)
2019-09-26 13:32:20,049 [pool-277-thread-1] INFO  server.RaftServerConfigKeys (ConfUtils.java:logGet(43)) - raft.server.log.statemachine.data.sync.timeout = 10s (default)
2019-09-26 13:32:20,049 [pool-277-thread-1] INFO  server.RaftServerConfigKeys (ConfUtils.java:logGet(43)) - raft.server.log.statemachine.data.sync.timeout.retry = -1 (default)
2019-09-26 13:32:20,049 [pool-277-thread-1] INFO  server.RaftServerConfigKeys (ConfUtils.java:logGet(43)) - raft.server.log.statemachine.data.caching.enabled = true (custom)
2019-09-26 13:32:20,050 [pool-277-thread-1] INFO  segmented.SegmentedRaftLogWorker (SegmentedRaftLogWorker.java:lambda$new$0(132)) - d996ac0f-d7fa-44b8-9629-cc45741e2b0c@group-E4379E7083D2-SegmentedRaftLogWorker: flushIndex: setUnconditionally 0 -> -1
2019-09-26 13:32:20,050 [pool-277-thread-1] INFO  server.RaftServerConfigKeys (ConfUtils.java:logGet(43)) - raft.server.snapshot.auto.trigger.enabled = true (custom)
2019-09-26 13:32:20,050 [pool-277-thread-1] INFO  server.RaftServerConfigKeys (ConfUtils.java:logGet(43)) - raft.server.snapshot.auto.trigger.threshold = 10000 (custom)
2019-09-26 13:32:20,050 [pool-277-thread-1] INFO  server.RaftServerConfigKeys (ConfUtils.java:logGet(43)) - raft.server.snapshot.retention.num.files = 5 (custom)
2019-09-26 13:32:20,051 [pool-277-thread-1] INFO  server.RaftServerConfigKeys (ConfUtils.java:logGet(43)) - raft.server.retrycache.expirytime = 600000ms (custom)
2019-09-26 13:32:20,053 [pool-277-thread-1] INFO  impl.RaftServerImpl (RaftServerImpl.java:start(185)) - d996ac0f-d7fa-44b8-9629-cc45741e2b0c@group-E4379E7083D2: start as a follower, conf=-1: [d996ac0f-d7fa-44b8-9629-cc45741e2b0c:192.168.164.238:38392], old=null
2019-09-26 13:32:20,053 [pool-277-thread-1] INFO  impl.RaftServerImpl (RaftServerImpl.java:setRole(174)) - d996ac0f-d7fa-44b8-9629-cc45741e2b0c@group-E4379E7083D2: changes role from      null to FOLLOWER at term 0 for startAsFollower
2019-09-26 13:32:20,053 [pool-277-thread-1] INFO  impl.RoleInfo (RoleInfo.java:updateAndGet(143)) - d996ac0f-d7fa-44b8-9629-cc45741e2b0c: start FollowerState
2019-09-26 13:32:20,054 [pool-277-thread-1] INFO  util.JmxRegister (JmxRegister.java:tryRegister(44)) - Successfully registered JMX Bean with object name Ratis:service=RaftServer,group=group-E4379E7083D2,id=d996ac0f-d7fa-44b8-9629-cc45741e2b0c
2019-09-26 13:32:20,057 [RatisPipelineUtilsThread] INFO  pipeline.PipelineStateManager (PipelineStateManager.java:addPipeline(56)) - Created pipeline Pipeline[ Id: 274a3628-c68e-4e5c-980f-e4379e7083d2, Nodes: d996ac0f-d7fa-44b8-9629-cc45741e2b0c{ip: 192.168.164.238, host: pr-hdds-1569-87zkn-1081879488, networkLocation: /default-rack, certSerialId: null}, Type:RATIS, Factor:ONE, State:OPEN]
2019-09-26 13:32:20,062 [grpc-default-executor-0] INFO  impl.RaftServerProxy (RaftServerProxy.java:addNew(89)) - d996ac0f-d7fa-44b8-9629-cc45741e2b0c: addNew group-DFA37B46B599:[d996ac0f-d7fa-44b8-9629-cc45741e2b0c:192.168.164.238:38392] returns group-DFA37B46B599:java.util.concurrent.CompletableFuture@75d81bca[Not completed]
2019-09-26 13:32:20,063 [pool-277-thread-1] INFO  impl.RaftServerImpl (RaftServerImpl.java:<init>(95)) - d996ac0f-d7fa-44b8-9629-cc45741e2b0c: new RaftServerImpl for group-DFA37B46B599:[d996ac0f-d7fa-44b8-9629-cc45741e2b0c:192.168.164.238:38392] with ContainerStateMachine:uninitialized
2019-09-26 13:32:20,063 [pool-277-thread-1] INFO  server.RaftServerConfigKeys (ConfUtils.java:logGet(43)) - raft.server.rpc.timeout.min = 5s (custom)
2019-09-26 13:32:20,064 [pool-277-thread-1] INFO  server.RaftServerConfigKeys (ConfUtils.java:logGet(43)) - raft.server.rpc.timeout.max = 5200ms (custom)
2019-09-26 13:32:20,064 [pool-277-thread-1] INFO  server.RaftServerConfigKeys (ConfUtils.java:logGet(43)) - raft.server.rpcslowness.timeout = 120s (custom)
2019-09-26 13:32:20,064 [pool-277-thread-1] INFO  server.RaftServerConfigKeys (ConfUtils.java:logGet(43)) - raft.server.sleep.deviation.threshold = 300 (default)
2019-09-26 13:32:20,064 [pool-277-thread-1] INFO  server.RaftServerConfigKeys (ConfUtils.java:logGet(43)) - raft.server.log.appender.install.snapshot.enabled = false (custom)
2019-09-26 13:32:20,064 [pool-277-thread-1] INFO  impl.RaftServerImpl (ServerState.java:<init>(103)) - d996ac0f-d7fa-44b8-9629-cc45741e2b0c@group-DFA37B46B599: ConfigurationManager, init=-1: [d996ac0f-d7fa-44b8-9629-cc45741e2b0c:192.168.164.238:38392], old=null, confs=<EMPTY_MAP>
2019-09-26 13:32:20,064 [pool-277-thread-1] INFO  server.RaftServerConfigKeys (ConfUtils.java:logGet(43)) - raft.server.storage.dir = [/workdir/hadoop-ozone/ozonefs/target/test-dir/MiniOzoneClusterImpl-d13f4c17-e694-49b3-9e13-851dfc20fd5b/datanode-0/data/ratis] (custom)
2019-09-26 13:32:20,065 [pool-277-thread-1] INFO  storage.RaftStorageDirectory (RaftStorageDirectory.java:analyzeStorage(246)) - The storage directory /workdir/hadoop-ozone/ozonefs/target/test-dir/MiniOzoneClusterImpl-d13f4c17-e694-49b3-9e13-851dfc20fd5b/datanode-0/data/ratis/6a104266-035f-4665-93ce-dfa37b46b599 does not exist. Creating ...
2019-09-26 13:32:20,068 [pool-277-thread-1] INFO  storage.RaftStorageDirectory (RaftStorageDirectory.java:tryLock(328)) - Lock on /workdir/hadoop-ozone/ozonefs/target/test-dir/MiniOzoneClusterImpl-d13f4c17-e694-49b3-9e13-851dfc20fd5b/datanode-0/data/ratis/6a104266-035f-4665-93ce-dfa37b46b599/in_use.lock acquired by nodename 10147@pr-hdds-1569-87zkn-1081879488
2019-09-26 13:32:20,072 [pool-277-thread-1] INFO  storage.RaftStorage (RaftStorage.java:format(72)) - Storage directory /workdir/hadoop-ozone/ozonefs/target/test-dir/MiniOzoneClusterImpl-d13f4c17-e694-49b3-9e13-851dfc20fd5b/datanode-0/data/ratis/6a104266-035f-4665-93ce-dfa37b46b599 has been successfully formatted.
2019-09-26 13:32:20,072 [pool-277-thread-1] INFO  ratis.ContainerStateMachine (ContainerStateMachine.java:loadSnapshot(230)) - group-DFA37B46B599: The snapshot info is null. Setting the last applied indexto:(t:0, i:~)
2019-09-26 13:32:20,072 [pool-277-thread-1] INFO  server.RaftServerConfigKeys (ConfUtils.java:logGet(43)) - raft.server.notification.no-leader.timeout = 120s (custom)
2019-09-26 13:32:20,072 [pool-277-thread-1] INFO  server.RaftServerConfigKeys (ConfUtils.java:logGet(43)) - raft.server.log.use.memory = false (default)
2019-09-26 13:32:20,073 [pool-277-thread-1] INFO  server.RaftServerConfigKeys (ConfUtils.java:logGet(43)) - raft.server.log.purge.gap = 1000000 (custom)
2019-09-26 13:32:20,073 [pool-277-thread-1] INFO  server.RaftServerConfigKeys (ConfUtils.java:logGet(43)) - raft.server.log.appender.buffer.byte-limit = 33554432 (custom)
2019-09-26 13:32:20,073 [pool-277-thread-1] INFO  server.RaftServerConfigKeys (ConfUtils.java:logGet(43)) - raft.server.log.segment.size.max = 1048576 (custom)
2019-09-26 13:32:20,073 [pool-277-thread-1] INFO  server.RaftServerConfigKeys (ConfUtils.java:logGet(43)) - raft.server.log.segment.cache.num.max = 2 (custom)
2019-09-26 13:32:20,073 [pool-277-thread-1] INFO  segmented.SegmentedRaftLogWorker (SegmentedRaftLogWorker.java:<init>(172)) - new d996ac0f-d7fa-44b8-9629-cc45741e2b0c@group-DFA37B46B599-SegmentedRaftLogWorker for RaftStorage:Storage Directory /workdir/hadoop-ozone/ozonefs/target/test-dir/MiniOzoneClusterImpl-d13f4c17-e694-49b3-9e13-851dfc20fd5b/datanode-0/data/ratis/6a104266-035f-4665-93ce-dfa37b46b599
2019-09-26 13:32:20,073 [pool-277-thread-1] INFO  server.RaftServerConfigKeys (ConfUtils.java:logGet(43)) - raft.server.log.queue.byte-limit = 2147483647 (custom)
2019-09-26 13:32:20,073 [pool-277-thread-1] INFO  server.RaftServerConfigKeys (ConfUtils.java:logGet(43)) - raft.server.log.queue.element-limit = 1024 (custom)
2019-09-26 13:32:20,073 [pool-277-thread-1] INFO  server.RaftServerConfigKeys (ConfUtils.java:logGet(43)) - raft.server.log.segment.size.max = 1048576 (custom)
2019-09-26 13:32:20,073 [pool-277-thread-1] INFO  server.RaftServerConfigKeys (ConfUtils.java:logGet(43)) - raft.server.log.preallocated.size = 16384 (custom)
2019-09-26 13:32:20,073 [pool-277-thread-1] INFO  server.RaftServerConfigKeys (ConfUtils.java:logGet(43)) - raft.server.log.write.buffer.size = 33554432 (custom)
2019-09-26 13:32:20,074 [pool-277-thread-1] INFO  server.RaftServerConfigKeys (ConfUtils.java:logGet(43)) - raft.server.log.force.sync.num = 128 (default)
2019-09-26 13:32:20,074 [pool-277-thread-1] INFO  server.RaftServerConfigKeys (ConfUtils.java:logGet(43)) - raft.server.log.statemachine.data.sync = true (default)
2019-09-26 13:32:20,074 [pool-277-thread-1] INFO  server.RaftServerConfigKeys (ConfUtils.java:logGet(43)) - raft.server.log.statemachine.data.sync.timeout = 10s (default)
2019-09-26 13:32:20,074 [pool-277-thread-1] INFO  server.RaftServerConfigKeys (ConfUtils.java:logGet(43)) - raft.server.log.statemachine.data.sync.timeout.retry = -1 (default)
2019-09-26 13:32:20,074 [pool-277-thread-1] INFO  server.RaftServerConfigKeys (ConfUtils.java:logGet(43)) - raft.server.log.statemachine.data.caching.enabled = true (custom)
2019-09-26 13:32:20,074 [pool-277-thread-1] INFO  segmented.SegmentedRaftLogWorker (SegmentedRaftLogWorker.java:lambda$new$0(132)) - d996ac0f-d7fa-44b8-9629-cc45741e2b0c@group-DFA37B46B599-SegmentedRaftLogWorker: flushIndex: setUnconditionally 0 -> -1
2019-09-26 13:32:20,075 [pool-277-thread-1] INFO  server.RaftServerConfigKeys (ConfUtils.java:logGet(43)) - raft.server.snapshot.auto.trigger.enabled = true (custom)
2019-09-26 13:32:20,075 [pool-277-thread-1] INFO  server.RaftServerConfigKeys (ConfUtils.java:logGet(43)) - raft.server.snapshot.auto.trigger.threshold = 10000 (custom)
2019-09-26 13:32:20,075 [pool-277-thread-1] INFO  server.RaftServerConfigKeys (ConfUtils.java:logGet(43)) - raft.server.snapshot.retention.num.files = 5 (custom)
2019-09-26 13:32:20,075 [pool-277-thread-1] INFO  server.RaftServerConfigKeys (ConfUtils.java:logGet(43)) - raft.server.retrycache.expirytime = 600000ms (custom)
2019-09-26 13:32:20,076 [pool-277-thread-1] INFO  impl.RaftServerImpl (RaftServerImpl.java:start(185)) - d996ac0f-d7fa-44b8-9629-cc45741e2b0c@group-DFA37B46B599: start as a follower, conf=-1: [d996ac0f-d7fa-44b8-9629-cc45741e2b0c:192.168.164.238:38392], old=null
2019-09-26 13:32:20,076 [pool-277-thread-1] INFO  impl.RaftServerImpl (RaftServerImpl.java:setRole(174)) - d996ac0f-d7fa-44b8-9629-cc45741e2b0c@group-DFA37B46B599: changes role from      null to FOLLOWER at term 0 for startAsFollower
2019-09-26 13:32:20,076 [pool-277-thread-1] INFO  impl.RoleInfo (RoleInfo.java:updateAndGet(143)) - d996ac0f-d7fa-44b8-9629-cc45741e2b0c: start FollowerState
2019-09-26 13:32:20,077 [pool-277-thread-1] INFO  util.JmxRegister (JmxRegister.java:tryRegister(44)) - Successfully registered JMX Bean with object name Ratis:service=RaftServer,group=group-DFA37B46B599,id=d996ac0f-d7fa-44b8-9629-cc45741e2b0c
2019-09-26 13:32:20,080 [RatisPipelineUtilsThread] INFO  pipeline.PipelineStateManager (PipelineStateManager.java:addPipeline(56)) - Created pipeline Pipeline[ Id: 6a104266-035f-4665-93ce-dfa37b46b599, Nodes: d996ac0f-d7fa-44b8-9629-cc45741e2b0c{ip: 192.168.164.238, host: pr-hdds-1569-87zkn-1081879488, networkLocation: /default-rack, certSerialId: null}, Type:RATIS, Factor:ONE, State:OPEN]
2019-09-26 13:32:20,086 [grpc-default-executor-0] INFO  impl.RaftServerProxy (RaftServerProxy.java:addNew(89)) - 7f96d7ec-09ec-4bbe-aec6-0e54f41a3b22: addNew group-0D53531E0093:[7f96d7ec-09ec-4bbe-aec6-0e54f41a3b22:192.168.164.238:33436] returns group-0D53531E0093:java.util.concurrent.CompletableFuture@4391c07c[Not completed]
2019-09-26 13:32:20,087 [pool-287-thread-1] INFO  impl.RaftServerImpl (RaftServerImpl.java:<init>(95)) - 7f96d7ec-09ec-4bbe-aec6-0e54f41a3b22: new RaftServerImpl for group-0D53531E0093:[7f96d7ec-09ec-4bbe-aec6-0e54f41a3b22:192.168.164.238:33436] with ContainerStateMachine:uninitialized
2019-09-26 13:32:20,088 [pool-287-thread-1] INFO  server.RaftServerConfigKeys (ConfUtils.java:logGet(43)) - raft.server.rpc.timeout.min = 5s (custom)
2019-09-26 13:32:20,088 [pool-287-thread-1] INFO  server.RaftServerConfigKeys (ConfUtils.java:logGet(43)) - raft.server.rpc.timeout.max = 5200ms (custom)
2019-09-26 13:32:20,088 [pool-287-thread-1] INFO  server.RaftServerConfigKeys (ConfUtils.java:logGet(43)) - raft.server.rpcslowness.timeout = 120s (custom)
2019-09-26 13:32:20,088 [pool-287-thread-1] INFO  server.RaftServerConfigKeys (ConfUtils.java:logGet(43)) - raft.server.sleep.deviation.threshold = 300 (default)
2019-09-26 13:32:20,088 [pool-287-thread-1] INFO  server.RaftServerConfigKeys (ConfUtils.java:logGet(43)) - raft.server.log.appender.install.snapshot.enabled = false (custom)
2019-09-26 13:32:20,089 [pool-287-thread-1] INFO  impl.RaftServerImpl (ServerState.java:<init>(103)) - 7f96d7ec-09ec-4bbe-aec6-0e54f41a3b22@group-0D53531E0093: ConfigurationManager, init=-1: [7f96d7ec-09ec-4bbe-aec6-0e54f41a3b22:192.168.164.238:33436], old=null, confs=<EMPTY_MAP>
2019-09-26 13:32:20,089 [pool-287-thread-1] INFO  server.RaftServerConfigKeys (ConfUtils.java:logGet(43)) - raft.server.storage.dir = [/workdir/hadoop-ozone/ozonefs/target/test-dir/MiniOzoneClusterImpl-d13f4c17-e694-49b3-9e13-851dfc20fd5b/datanode-1/data/ratis] (custom)
2019-09-26 13:32:20,089 [pool-287-thread-1] INFO  storage.RaftStorageDirectory (RaftStorageDirectory.java:analyzeStorage(246)) - The storage directory /workdir/hadoop-ozone/ozonefs/target/test-dir/MiniOzoneClusterImpl-d13f4c17-e694-49b3-9e13-851dfc20fd5b/datanode-1/data/ratis/f1e64272-7c66-4939-aaee-0d53531e0093 does not exist. Creating ...
2019-09-26 13:32:20,102 [pool-287-thread-1] INFO  storage.RaftStorageDirectory (RaftStorageDirectory.java:tryLock(328)) - Lock on /workdir/hadoop-ozone/ozonefs/target/test-dir/MiniOzoneClusterImpl-d13f4c17-e694-49b3-9e13-851dfc20fd5b/datanode-1/data/ratis/f1e64272-7c66-4939-aaee-0d53531e0093/in_use.lock acquired by nodename 10147@pr-hdds-1569-87zkn-1081879488
2019-09-26 13:32:20,131 [pool-287-thread-1] INFO  storage.RaftStorage (RaftStorage.java:format(72)) - Storage directory /workdir/hadoop-ozone/ozonefs/target/test-dir/MiniOzoneClusterImpl-d13f4c17-e694-49b3-9e13-851dfc20fd5b/datanode-1/data/ratis/f1e64272-7c66-4939-aaee-0d53531e0093 has been successfully formatted.
2019-09-26 13:32:20,132 [pool-287-thread-1] INFO  ratis.ContainerStateMachine (ContainerStateMachine.java:loadSnapshot(230)) - group-0D53531E0093: The snapshot info is null. Setting the last applied indexto:(t:0, i:~)
2019-09-26 13:32:20,132 [pool-287-thread-1] INFO  server.RaftServerConfigKeys (ConfUtils.java:logGet(43)) - raft.server.notification.no-leader.timeout = 120s (custom)
2019-09-26 13:32:20,132 [pool-287-thread-1] INFO  server.RaftServerConfigKeys (ConfUtils.java:logGet(43)) - raft.server.log.use.memory = false (default)
2019-09-26 13:32:20,132 [pool-287-thread-1] INFO  server.RaftServerConfigKeys (ConfUtils.java:logGet(43)) - raft.server.log.purge.gap = 1000000 (custom)
2019-09-26 13:32:20,132 [pool-287-thread-1] INFO  server.RaftServerConfigKeys (ConfUtils.java:logGet(43)) - raft.server.log.appender.buffer.byte-limit = 33554432 (custom)
2019-09-26 13:32:20,132 [pool-287-thread-1] INFO  server.RaftServerConfigKeys (ConfUtils.java:logGet(43)) - raft.server.log.segment.size.max = 1048576 (custom)
2019-09-26 13:32:20,133 [pool-287-thread-1] INFO  server.RaftServerConfigKeys (ConfUtils.java:logGet(43)) - raft.server.log.segment.cache.num.max = 2 (custom)
2019-09-26 13:32:20,133 [pool-287-thread-1] INFO  segmented.SegmentedRaftLogWorker (SegmentedRaftLogWorker.java:<init>(172)) - new 7f96d7ec-09ec-4bbe-aec6-0e54f41a3b22@group-0D53531E0093-SegmentedRaftLogWorker for RaftStorage:Storage Directory /workdir/hadoop-ozone/ozonefs/target/test-dir/MiniOzoneClusterImpl-d13f4c17-e694-49b3-9e13-851dfc20fd5b/datanode-1/data/ratis/f1e64272-7c66-4939-aaee-0d53531e0093
2019-09-26 13:32:20,133 [pool-287-thread-1] INFO  server.RaftServerConfigKeys (ConfUtils.java:logGet(43)) - raft.server.log.queue.byte-limit = 2147483647 (custom)
2019-09-26 13:32:20,133 [pool-287-thread-1] INFO  server.RaftServerConfigKeys (ConfUtils.java:logGet(43)) - raft.server.log.queue.element-limit = 1024 (custom)
2019-09-26 13:32:20,133 [pool-287-thread-1] INFO  server.RaftServerConfigKeys (ConfUtils.java:logGet(43)) - raft.server.log.segment.size.max = 1048576 (custom)
2019-09-26 13:32:20,134 [pool-287-thread-1] INFO  server.RaftServerConfigKeys (ConfUtils.java:logGet(43)) - raft.server.log.preallocated.size = 16384 (custom)
2019-09-26 13:32:20,134 [pool-287-thread-1] INFO  server.RaftServerConfigKeys (ConfUtils.java:logGet(43)) - raft.server.log.write.buffer.size = 33554432 (custom)
2019-09-26 13:32:20,134 [pool-287-thread-1] INFO  server.RaftServerConfigKeys (ConfUtils.java:logGet(43)) - raft.server.log.force.sync.num = 128 (default)
2019-09-26 13:32:20,134 [pool-287-thread-1] INFO  server.RaftServerConfigKeys (ConfUtils.java:logGet(43)) - raft.server.log.statemachine.data.sync = true (default)
2019-09-26 13:32:20,134 [pool-287-thread-1] INFO  server.RaftServerConfigKeys (ConfUtils.java:logGet(43)) - raft.server.log.statemachine.data.sync.timeout = 10s (default)
2019-09-26 13:32:20,134 [pool-287-thread-1] INFO  server.RaftServerConfigKeys (ConfUtils.java:logGet(43)) - raft.server.log.statemachine.data.sync.timeout.retry = -1 (default)
2019-09-26 13:32:20,134 [pool-287-thread-1] INFO  server.RaftServerConfigKeys (ConfUtils.java:logGet(43)) - raft.server.log.statemachine.data.caching.enabled = true (custom)
2019-09-26 13:32:20,135 [pool-287-thread-1] INFO  segmented.SegmentedRaftLogWorker (SegmentedRaftLogWorker.java:lambda$new$0(132)) - 7f96d7ec-09ec-4bbe-aec6-0e54f41a3b22@group-0D53531E0093-SegmentedRaftLogWorker: flushIndex: setUnconditionally 0 -> -1
2019-09-26 13:32:20,135 [pool-287-thread-1] INFO  server.RaftServerConfigKeys (ConfUtils.java:logGet(43)) - raft.server.snapshot.auto.trigger.enabled = true (custom)
2019-09-26 13:32:20,135 [pool-287-thread-1] INFO  server.RaftServerConfigKeys (ConfUtils.java:logGet(43)) - raft.server.snapshot.auto.trigger.threshold = 10000 (custom)
2019-09-26 13:32:20,136 [pool-287-thread-1] INFO  server.RaftServerConfigKeys (ConfUtils.java:logGet(43)) - raft.server.snapshot.retention.num.files = 5 (custom)
2019-09-26 13:32:20,136 [pool-287-thread-1] INFO  server.RaftServerConfigKeys (ConfUtils.java:logGet(43)) - raft.server.retrycache.expirytime = 600000ms (custom)
2019-09-26 13:32:20,138 [pool-287-thread-1] INFO  impl.RaftServerImpl (RaftServerImpl.java:start(185)) - 7f96d7ec-09ec-4bbe-aec6-0e54f41a3b22@group-0D53531E0093: start as a follower, conf=-1: [7f96d7ec-09ec-4bbe-aec6-0e54f41a3b22:192.168.164.238:33436], old=null
2019-09-26 13:32:20,138 [pool-287-thread-1] INFO  impl.RaftServerImpl (RaftServerImpl.java:setRole(174)) - 7f96d7ec-09ec-4bbe-aec6-0e54f41a3b22@group-0D53531E0093: changes role from      null to FOLLOWER at term 0 for startAsFollower
2019-09-26 13:32:20,138 [pool-287-thread-1] INFO  impl.RoleInfo (RoleInfo.java:updateAndGet(143)) - 7f96d7ec-09ec-4bbe-aec6-0e54f41a3b22: start FollowerState
2019-09-26 13:32:20,138 [pool-287-thread-1] INFO  util.JmxRegister (JmxRegister.java:tryRegister(44)) - Successfully registered JMX Bean with object name Ratis:service=RaftServer,group=group-0D53531E0093,id=7f96d7ec-09ec-4bbe-aec6-0e54f41a3b22
2019-09-26 13:32:20,142 [RatisPipelineUtilsThread] INFO  pipeline.PipelineStateManager (PipelineStateManager.java:addPipeline(56)) - Created pipeline Pipeline[ Id: f1e64272-7c66-4939-aaee-0d53531e0093, Nodes: 7f96d7ec-09ec-4bbe-aec6-0e54f41a3b22{ip: 192.168.164.238, host: pr-hdds-1569-87zkn-1081879488, networkLocation: /default-rack, certSerialId: null}, Type:RATIS, Factor:ONE, State:OPEN]
2019-09-26 13:32:20,148 [grpc-default-executor-0] INFO  impl.RaftServerProxy (RaftServerProxy.java:addNew(89)) - 7f96d7ec-09ec-4bbe-aec6-0e54f41a3b22: addNew group-792509DBFE4D:[7f96d7ec-09ec-4bbe-aec6-0e54f41a3b22:192.168.164.238:33436] returns group-792509DBFE4D:java.util.concurrent.CompletableFuture@30d167c4[Not completed]
2019-09-26 13:32:20,149 [pool-287-thread-1] INFO  impl.RaftServerImpl (RaftServerImpl.java:<init>(95)) - 7f96d7ec-09ec-4bbe-aec6-0e54f41a3b22: new RaftServerImpl for group-792509DBFE4D:[7f96d7ec-09ec-4bbe-aec6-0e54f41a3b22:192.168.164.238:33436] with ContainerStateMachine:uninitialized
2019-09-26 13:32:20,150 [pool-287-thread-1] INFO  server.RaftServerConfigKeys (ConfUtils.java:logGet(43)) - raft.server.rpc.timeout.min = 5s (custom)
2019-09-26 13:32:20,150 [pool-287-thread-1] INFO  server.RaftServerConfigKeys (ConfUtils.java:logGet(43)) - raft.server.rpc.timeout.max = 5200ms (custom)
2019-09-26 13:32:20,150 [pool-287-thread-1] INFO  server.RaftServerConfigKeys (ConfUtils.java:logGet(43)) - raft.server.rpcslowness.timeout = 120s (custom)
2019-09-26 13:32:20,150 [pool-287-thread-1] INFO  server.RaftServerConfigKeys (ConfUtils.java:logGet(43)) - raft.server.sleep.deviation.threshold = 300 (default)
2019-09-26 13:32:20,150 [pool-287-thread-1] INFO  server.RaftServerConfigKeys (ConfUtils.java:logGet(43)) - raft.server.log.appender.install.snapshot.enabled = false (custom)
2019-09-26 13:32:20,150 [pool-287-thread-1] INFO  impl.RaftServerImpl (ServerState.java:<init>(103)) - 7f96d7ec-09ec-4bbe-aec6-0e54f41a3b22@group-792509DBFE4D: ConfigurationManager, init=-1: [7f96d7ec-09ec-4bbe-aec6-0e54f41a3b22:192.168.164.238:33436], old=null, confs=<EMPTY_MAP>
2019-09-26 13:32:20,151 [pool-287-thread-1] INFO  server.RaftServerConfigKeys (ConfUtils.java:logGet(43)) - raft.server.storage.dir = [/workdir/hadoop-ozone/ozonefs/target/test-dir/MiniOzoneClusterImpl-d13f4c17-e694-49b3-9e13-851dfc20fd5b/datanode-1/data/ratis] (custom)
2019-09-26 13:32:20,151 [pool-287-thread-1] INFO  storage.RaftStorageDirectory (RaftStorageDirectory.java:analyzeStorage(246)) - The storage directory /workdir/hadoop-ozone/ozonefs/target/test-dir/MiniOzoneClusterImpl-d13f4c17-e694-49b3-9e13-851dfc20fd5b/datanode-1/data/ratis/450d3a45-5f5e-4bc3-969f-792509dbfe4d does not exist. Creating ...
2019-09-26 13:32:20,172 [pool-287-thread-1] INFO  storage.RaftStorageDirectory (RaftStorageDirectory.java:tryLock(328)) - Lock on /workdir/hadoop-ozone/ozonefs/target/test-dir/MiniOzoneClusterImpl-d13f4c17-e694-49b3-9e13-851dfc20fd5b/datanode-1/data/ratis/450d3a45-5f5e-4bc3-969f-792509dbfe4d/in_use.lock acquired by nodename 10147@pr-hdds-1569-87zkn-1081879488
2019-09-26 13:32:20,186 [pool-287-thread-1] INFO  storage.RaftStorage (RaftStorage.java:format(72)) - Storage directory /workdir/hadoop-ozone/ozonefs/target/test-dir/MiniOzoneClusterImpl-d13f4c17-e694-49b3-9e13-851dfc20fd5b/datanode-1/data/ratis/450d3a45-5f5e-4bc3-969f-792509dbfe4d has been successfully formatted.
2019-09-26 13:32:20,187 [pool-287-thread-1] INFO  ratis.ContainerStateMachine (ContainerStateMachine.java:loadSnapshot(230)) - group-792509DBFE4D: The snapshot info is null. Setting the last applied indexto:(t:0, i:~)
2019-09-26 13:32:20,187 [pool-287-thread-1] INFO  server.RaftServerConfigKeys (ConfUtils.java:logGet(43)) - raft.server.notification.no-leader.timeout = 120s (custom)
2019-09-26 13:32:20,187 [pool-287-thread-1] INFO  server.RaftServerConfigKeys (ConfUtils.java:logGet(43)) - raft.server.log.use.memory = false (default)
2019-09-26 13:32:20,187 [pool-287-thread-1] INFO  server.RaftServerConfigKeys (ConfUtils.java:logGet(43)) - raft.server.log.purge.gap = 1000000 (custom)
2019-09-26 13:32:20,187 [pool-287-thread-1] INFO  server.RaftServerConfigKeys (ConfUtils.java:logGet(43)) - raft.server.log.appender.buffer.byte-limit = 33554432 (custom)
2019-09-26 13:32:20,188 [pool-287-thread-1] INFO  server.RaftServerConfigKeys (ConfUtils.java:logGet(43)) - raft.server.log.segment.size.max = 1048576 (custom)
2019-09-26 13:32:20,188 [pool-287-thread-1] INFO  server.RaftServerConfigKeys (ConfUtils.java:logGet(43)) - raft.server.log.segment.cache.num.max = 2 (custom)
2019-09-26 13:32:20,188 [pool-287-thread-1] INFO  segmented.SegmentedRaftLogWorker (SegmentedRaftLogWorker.java:<init>(172)) - new 7f96d7ec-09ec-4bbe-aec6-0e54f41a3b22@group-792509DBFE4D-SegmentedRaftLogWorker for RaftStorage:Storage Directory /workdir/hadoop-ozone/ozonefs/target/test-dir/MiniOzoneClusterImpl-d13f4c17-e694-49b3-9e13-851dfc20fd5b/datanode-1/data/ratis/450d3a45-5f5e-4bc3-969f-792509dbfe4d
2019-09-26 13:32:20,188 [pool-287-thread-1] INFO  server.RaftServerConfigKeys (ConfUtils.java:logGet(43)) - raft.server.log.queue.byte-limit = 2147483647 (custom)
2019-09-26 13:32:20,188 [pool-287-thread-1] INFO  server.RaftServerConfigKeys (ConfUtils.java:logGet(43)) - raft.server.log.queue.element-limit = 1024 (custom)
2019-09-26 13:32:20,188 [pool-287-thread-1] INFO  server.RaftServerConfigKeys (ConfUtils.java:logGet(43)) - raft.server.log.segment.size.max = 1048576 (custom)
2019-09-26 13:32:20,188 [pool-287-thread-1] INFO  server.RaftServerConfigKeys (ConfUtils.java:logGet(43)) - raft.server.log.preallocated.size = 16384 (custom)
2019-09-26 13:32:20,188 [pool-287-thread-1] INFO  server.RaftServerConfigKeys (ConfUtils.java:logGet(43)) - raft.server.log.write.buffer.size = 33554432 (custom)
2019-09-26 13:32:20,189 [pool-287-thread-1] INFO  server.RaftServerConfigKeys (ConfUtils.java:logGet(43)) - raft.server.log.force.sync.num = 128 (default)
2019-09-26 13:32:20,189 [pool-287-thread-1] INFO  server.RaftServerConfigKeys (ConfUtils.java:logGet(43)) - raft.server.log.statemachine.data.sync = true (default)
2019-09-26 13:32:20,189 [pool-287-thread-1] INFO  server.RaftServerConfigKeys (ConfUtils.java:logGet(43)) - raft.server.log.statemachine.data.sync.timeout = 10s (default)
2019-09-26 13:32:20,189 [pool-287-thread-1] INFO  server.RaftServerConfigKeys (ConfUtils.java:logGet(43)) - raft.server.log.statemachine.data.sync.timeout.retry = -1 (default)
2019-09-26 13:32:20,189 [pool-287-thread-1] INFO  server.RaftServerConfigKeys (ConfUtils.java:logGet(43)) - raft.server.log.statemachine.data.caching.enabled = true (custom)
2019-09-26 13:32:20,189 [pool-287-thread-1] INFO  segmented.SegmentedRaftLogWorker (SegmentedRaftLogWorker.java:lambda$new$0(132)) - 7f96d7ec-09ec-4bbe-aec6-0e54f41a3b22@group-792509DBFE4D-SegmentedRaftLogWorker: flushIndex: setUnconditionally 0 -> -1
2019-09-26 13:32:20,190 [pool-287-thread-1] INFO  server.RaftServerConfigKeys (ConfUtils.java:logGet(43)) - raft.server.snapshot.auto.trigger.enabled = true (custom)
2019-09-26 13:32:20,190 [pool-287-thread-1] INFO  server.RaftServerConfigKeys (ConfUtils.java:logGet(43)) - raft.server.snapshot.auto.trigger.threshold = 10000 (custom)
2019-09-26 13:32:20,190 [pool-287-thread-1] INFO  server.RaftServerConfigKeys (ConfUtils.java:logGet(43)) - raft.server.snapshot.retention.num.files = 5 (custom)
2019-09-26 13:32:20,190 [pool-287-thread-1] INFO  server.RaftServerConfigKeys (ConfUtils.java:logGet(43)) - raft.server.retrycache.expirytime = 600000ms (custom)
2019-09-26 13:32:20,192 [pool-287-thread-1] INFO  impl.RaftServerImpl (RaftServerImpl.java:start(185)) - 7f96d7ec-09ec-4bbe-aec6-0e54f41a3b22@group-792509DBFE4D: start as a follower, conf=-1: [7f96d7ec-09ec-4bbe-aec6-0e54f41a3b22:192.168.164.238:33436], old=null
2019-09-26 13:32:20,193 [pool-287-thread-1] INFO  impl.RaftServerImpl (RaftServerImpl.java:setRole(174)) - 7f96d7ec-09ec-4bbe-aec6-0e54f41a3b22@group-792509DBFE4D: changes role from      null to FOLLOWER at term 0 for startAsFollower
2019-09-26 13:32:20,193 [pool-287-thread-1] INFO  impl.RoleInfo (RoleInfo.java:updateAndGet(143)) - 7f96d7ec-09ec-4bbe-aec6-0e54f41a3b22: start FollowerState
2019-09-26 13:32:20,193 [pool-287-thread-1] INFO  util.JmxRegister (JmxRegister.java:tryRegister(44)) - Successfully registered JMX Bean with object name Ratis:service=RaftServer,group=group-792509DBFE4D,id=7f96d7ec-09ec-4bbe-aec6-0e54f41a3b22
2019-09-26 13:32:20,196 [RatisPipelineUtilsThread] INFO  pipeline.PipelineStateManager (PipelineStateManager.java:addPipeline(56)) - Created pipeline Pipeline[ Id: 450d3a45-5f5e-4bc3-969f-792509dbfe4d, Nodes: 7f96d7ec-09ec-4bbe-aec6-0e54f41a3b22{ip: 192.168.164.238, host: pr-hdds-1569-87zkn-1081879488, networkLocation: /default-rack, certSerialId: null}, Type:RATIS, Factor:ONE, State:OPEN]
2019-09-26 13:32:20,201 [grpc-default-executor-0] INFO  impl.RaftServerProxy (RaftServerProxy.java:addNew(89)) - 7f96d7ec-09ec-4bbe-aec6-0e54f41a3b22: addNew group-C3B91A68D38D:[7f96d7ec-09ec-4bbe-aec6-0e54f41a3b22:192.168.164.238:33436] returns group-C3B91A68D38D:java.util.concurrent.CompletableFuture@4c5f6915[Not completed]
2019-09-26 13:32:20,202 [pool-287-thread-1] INFO  impl.RaftServerImpl (RaftServerImpl.java:<init>(95)) - 7f96d7ec-09ec-4bbe-aec6-0e54f41a3b22: new RaftServerImpl for group-C3B91A68D38D:[7f96d7ec-09ec-4bbe-aec6-0e54f41a3b22:192.168.164.238:33436] with ContainerStateMachine:uninitialized
2019-09-26 13:32:20,202 [pool-287-thread-1] INFO  server.RaftServerConfigKeys (ConfUtils.java:logGet(43)) - raft.server.rpc.timeout.min = 5s (custom)
2019-09-26 13:32:20,202 [pool-287-thread-1] INFO  server.RaftServerConfigKeys (ConfUtils.java:logGet(43)) - raft.server.rpc.timeout.max = 5200ms (custom)
2019-09-26 13:32:20,202 [pool-287-thread-1] INFO  server.RaftServerConfigKeys (ConfUtils.java:logGet(43)) - raft.server.rpcslowness.timeout = 120s (custom)
2019-09-26 13:32:20,202 [pool-287-thread-1] INFO  server.RaftServerConfigKeys (ConfUtils.java:logGet(43)) - raft.server.sleep.deviation.threshold = 300 (default)
2019-09-26 13:32:20,203 [pool-287-thread-1] INFO  server.RaftServerConfigKeys (ConfUtils.java:logGet(43)) - raft.server.log.appender.install.snapshot.enabled = false (custom)
2019-09-26 13:32:20,203 [pool-287-thread-1] INFO  impl.RaftServerImpl (ServerState.java:<init>(103)) - 7f96d7ec-09ec-4bbe-aec6-0e54f41a3b22@group-C3B91A68D38D: ConfigurationManager, init=-1: [7f96d7ec-09ec-4bbe-aec6-0e54f41a3b22:192.168.164.238:33436], old=null, confs=<EMPTY_MAP>
2019-09-26 13:32:20,203 [pool-287-thread-1] INFO  server.RaftServerConfigKeys (ConfUtils.java:logGet(43)) - raft.server.storage.dir = [/workdir/hadoop-ozone/ozonefs/target/test-dir/MiniOzoneClusterImpl-d13f4c17-e694-49b3-9e13-851dfc20fd5b/datanode-1/data/ratis] (custom)
2019-09-26 13:32:20,203 [pool-287-thread-1] INFO  storage.RaftStorageDirectory (RaftStorageDirectory.java:analyzeStorage(246)) - The storage directory /workdir/hadoop-ozone/ozonefs/target/test-dir/MiniOzoneClusterImpl-d13f4c17-e694-49b3-9e13-851dfc20fd5b/datanode-1/data/ratis/510f7588-09f9-41c1-96d1-c3b91a68d38d does not exist. Creating ...
2019-09-26 13:32:20,216 [pool-287-thread-1] INFO  storage.RaftStorageDirectory (RaftStorageDirectory.java:tryLock(328)) - Lock on /workdir/hadoop-ozone/ozonefs/target/test-dir/MiniOzoneClusterImpl-d13f4c17-e694-49b3-9e13-851dfc20fd5b/datanode-1/data/ratis/510f7588-09f9-41c1-96d1-c3b91a68d38d/in_use.lock acquired by nodename 10147@pr-hdds-1569-87zkn-1081879488
2019-09-26 13:32:20,229 [pool-287-thread-1] INFO  storage.RaftStorage (RaftStorage.java:format(72)) - Storage directory /workdir/hadoop-ozone/ozonefs/target/test-dir/MiniOzoneClusterImpl-d13f4c17-e694-49b3-9e13-851dfc20fd5b/datanode-1/data/ratis/510f7588-09f9-41c1-96d1-c3b91a68d38d has been successfully formatted.
2019-09-26 13:32:20,229 [pool-287-thread-1] INFO  ratis.ContainerStateMachine (ContainerStateMachine.java:loadSnapshot(230)) - group-C3B91A68D38D: The snapshot info is null. Setting the last applied indexto:(t:0, i:~)
2019-09-26 13:32:20,229 [pool-287-thread-1] INFO  server.RaftServerConfigKeys (ConfUtils.java:logGet(43)) - raft.server.notification.no-leader.timeout = 120s (custom)
2019-09-26 13:32:20,229 [pool-287-thread-1] INFO  server.RaftServerConfigKeys (ConfUtils.java:logGet(43)) - raft.server.log.use.memory = false (default)
2019-09-26 13:32:20,229 [pool-287-thread-1] INFO  server.RaftServerConfigKeys (ConfUtils.java:logGet(43)) - raft.server.log.purge.gap = 1000000 (custom)
2019-09-26 13:32:20,229 [pool-287-thread-1] INFO  server.RaftServerConfigKeys (ConfUtils.java:logGet(43)) - raft.server.log.appender.buffer.byte-limit = 33554432 (custom)
2019-09-26 13:32:20,229 [pool-287-thread-1] INFO  server.RaftServerConfigKeys (ConfUtils.java:logGet(43)) - raft.server.log.segment.size.max = 1048576 (custom)
2019-09-26 13:32:20,229 [pool-287-thread-1] INFO  server.RaftServerConfigKeys (ConfUtils.java:logGet(43)) - raft.server.log.segment.cache.num.max = 2 (custom)
2019-09-26 13:32:20,230 [pool-287-thread-1] INFO  segmented.SegmentedRaftLogWorker (SegmentedRaftLogWorker.java:<init>(172)) - new 7f96d7ec-09ec-4bbe-aec6-0e54f41a3b22@group-C3B91A68D38D-SegmentedRaftLogWorker for RaftStorage:Storage Directory /workdir/hadoop-ozone/ozonefs/target/test-dir/MiniOzoneClusterImpl-d13f4c17-e694-49b3-9e13-851dfc20fd5b/datanode-1/data/ratis/510f7588-09f9-41c1-96d1-c3b91a68d38d
2019-09-26 13:32:20,230 [pool-287-thread-1] INFO  server.RaftServerConfigKeys (ConfUtils.java:logGet(43)) - raft.server.log.queue.byte-limit = 2147483647 (custom)
2019-09-26 13:32:20,230 [pool-287-thread-1] INFO  server.RaftServerConfigKeys (ConfUtils.java:logGet(43)) - raft.server.log.queue.element-limit = 1024 (custom)
2019-09-26 13:32:20,230 [pool-287-thread-1] INFO  server.RaftServerConfigKeys (ConfUtils.java:logGet(43)) - raft.server.log.segment.size.max = 1048576 (custom)
2019-09-26 13:32:20,230 [pool-287-thread-1] INFO  server.RaftServerConfigKeys (ConfUtils.java:logGet(43)) - raft.server.log.preallocated.size = 16384 (custom)
2019-09-26 13:32:20,230 [pool-287-thread-1] INFO  server.RaftServerConfigKeys (ConfUtils.java:logGet(43)) - raft.server.log.write.buffer.size = 33554432 (custom)
2019-09-26 13:32:20,230 [pool-287-thread-1] INFO  server.RaftServerConfigKeys (ConfUtils.java:logGet(43)) - raft.server.log.force.sync.num = 128 (default)
2019-09-26 13:32:20,230 [pool-287-thread-1] INFO  server.RaftServerConfigKeys (ConfUtils.java:logGet(43)) - raft.server.log.statemachine.data.sync = true (default)
2019-09-26 13:32:20,230 [pool-287-thread-1] INFO  server.RaftServerConfigKeys (ConfUtils.java:logGet(43)) - raft.server.log.statemachine.data.sync.timeout = 10s (default)
2019-09-26 13:32:20,230 [pool-287-thread-1] INFO  server.RaftServerConfigKeys (ConfUtils.java:logGet(43)) - raft.server.log.statemachine.data.sync.timeout.retry = -1 (default)
2019-09-26 13:32:20,231 [pool-287-thread-1] INFO  server.RaftServerConfigKeys (ConfUtils.java:logGet(43)) - raft.server.log.statemachine.data.caching.enabled = true (custom)
2019-09-26 13:32:20,231 [pool-287-thread-1] INFO  segmented.SegmentedRaftLogWorker (SegmentedRaftLogWorker.java:lambda$new$0(132)) - 7f96d7ec-09ec-4bbe-aec6-0e54f41a3b22@group-C3B91A68D38D-SegmentedRaftLogWorker: flushIndex: setUnconditionally 0 -> -1
2019-09-26 13:32:20,231 [pool-287-thread-1] INFO  server.RaftServerConfigKeys (ConfUtils.java:logGet(43)) - raft.server.snapshot.auto.trigger.enabled = true (custom)
2019-09-26 13:32:20,231 [pool-287-thread-1] INFO  server.RaftServerConfigKeys (ConfUtils.java:logGet(43)) - raft.server.snapshot.auto.trigger.threshold = 10000 (custom)
2019-09-26 13:32:20,231 [pool-287-thread-1] INFO  server.RaftServerConfigKeys (ConfUtils.java:logGet(43)) - raft.server.snapshot.retention.num.files = 5 (custom)
2019-09-26 13:32:20,232 [pool-287-thread-1] INFO  server.RaftServerConfigKeys (ConfUtils.java:logGet(43)) - raft.server.retrycache.expirytime = 600000ms (custom)
2019-09-26 13:32:20,233 [pool-287-thread-1] INFO  impl.RaftServerImpl (RaftServerImpl.java:start(185)) - 7f96d7ec-09ec-4bbe-aec6-0e54f41a3b22@group-C3B91A68D38D: start as a follower, conf=-1: [7f96d7ec-09ec-4bbe-aec6-0e54f41a3b22:192.168.164.238:33436], old=null
2019-09-26 13:32:20,233 [pool-287-thread-1] INFO  impl.RaftServerImpl (RaftServerImpl.java:setRole(174)) - 7f96d7ec-09ec-4bbe-aec6-0e54f41a3b22@group-C3B91A68D38D: changes role from      null to FOLLOWER at term 0 for startAsFollower
2019-09-26 13:32:20,233 [pool-287-thread-1] INFO  impl.RoleInfo (RoleInfo.java:updateAndGet(143)) - 7f96d7ec-09ec-4bbe-aec6-0e54f41a3b22: start FollowerState
2019-09-26 13:32:20,233 [pool-287-thread-1] INFO  util.JmxRegister (JmxRegister.java:tryRegister(44)) - Successfully registered JMX Bean with object name Ratis:service=RaftServer,group=group-C3B91A68D38D,id=7f96d7ec-09ec-4bbe-aec6-0e54f41a3b22
2019-09-26 13:32:20,236 [RatisPipelineUtilsThread] INFO  pipeline.PipelineStateManager (PipelineStateManager.java:addPipeline(56)) - Created pipeline Pipeline[ Id: 510f7588-09f9-41c1-96d1-c3b91a68d38d, Nodes: 7f96d7ec-09ec-4bbe-aec6-0e54f41a3b22{ip: 192.168.164.238, host: pr-hdds-1569-87zkn-1081879488, networkLocation: /default-rack, certSerialId: null}, Type:RATIS, Factor:ONE, State:OPEN]
2019-09-26 13:32:20,240 [grpc-default-executor-0] INFO  impl.RaftServerProxy (RaftServerProxy.java:addNew(89)) - d996ac0f-d7fa-44b8-9629-cc45741e2b0c: addNew group-2247D99750B2:[d996ac0f-d7fa-44b8-9629-cc45741e2b0c:192.168.164.238:38392] returns group-2247D99750B2:java.util.concurrent.CompletableFuture@632a1489[Not completed]
2019-09-26 13:32:20,241 [pool-277-thread-1] INFO  impl.RaftServerImpl (RaftServerImpl.java:<init>(95)) - d996ac0f-d7fa-44b8-9629-cc45741e2b0c: new RaftServerImpl for group-2247D99750B2:[d996ac0f-d7fa-44b8-9629-cc45741e2b0c:192.168.164.238:38392] with ContainerStateMachine:uninitialized
2019-09-26 13:32:20,241 [pool-277-thread-1] INFO  server.RaftServerConfigKeys (ConfUtils.java:logGet(43)) - raft.server.rpc.timeout.min = 5s (custom)
2019-09-26 13:32:20,241 [pool-277-thread-1] INFO  server.RaftServerConfigKeys (ConfUtils.java:logGet(43)) - raft.server.rpc.timeout.max = 5200ms (custom)
2019-09-26 13:32:20,242 [pool-277-thread-1] INFO  server.RaftServerConfigKeys (ConfUtils.java:logGet(43)) - raft.server.rpcslowness.timeout = 120s (custom)
2019-09-26 13:32:20,242 [pool-277-thread-1] INFO  server.RaftServerConfigKeys (ConfUtils.java:logGet(43)) - raft.server.sleep.deviation.threshold = 300 (default)
2019-09-26 13:32:20,242 [pool-277-thread-1] INFO  server.RaftServerConfigKeys (ConfUtils.java:logGet(43)) - raft.server.log.appender.install.snapshot.enabled = false (custom)
2019-09-26 13:32:20,242 [pool-277-thread-1] INFO  impl.RaftServerImpl (ServerState.java:<init>(103)) - d996ac0f-d7fa-44b8-9629-cc45741e2b0c@group-2247D99750B2: ConfigurationManager, init=-1: [d996ac0f-d7fa-44b8-9629-cc45741e2b0c:192.168.164.238:38392], old=null, confs=<EMPTY_MAP>
2019-09-26 13:32:20,242 [pool-277-thread-1] INFO  server.RaftServerConfigKeys (ConfUtils.java:logGet(43)) - raft.server.storage.dir = [/workdir/hadoop-ozone/ozonefs/target/test-dir/MiniOzoneClusterImpl-d13f4c17-e694-49b3-9e13-851dfc20fd5b/datanode-0/data/ratis] (custom)
2019-09-26 13:32:20,243 [pool-277-thread-1] INFO  storage.RaftStorageDirectory (RaftStorageDirectory.java:analyzeStorage(246)) - The storage directory /workdir/hadoop-ozone/ozonefs/target/test-dir/MiniOzoneClusterImpl-d13f4c17-e694-49b3-9e13-851dfc20fd5b/datanode-0/data/ratis/fe3fe4ed-55d9-418a-822c-2247d99750b2 does not exist. Creating ...
2019-09-26 13:32:20,257 [pool-277-thread-1] INFO  storage.RaftStorageDirectory (RaftStorageDirectory.java:tryLock(328)) - Lock on /workdir/hadoop-ozone/ozonefs/target/test-dir/MiniOzoneClusterImpl-d13f4c17-e694-49b3-9e13-851dfc20fd5b/datanode-0/data/ratis/fe3fe4ed-55d9-418a-822c-2247d99750b2/in_use.lock acquired by nodename 10147@pr-hdds-1569-87zkn-1081879488
2019-09-26 13:32:20,269 [pool-277-thread-1] INFO  storage.RaftStorage (RaftStorage.java:format(72)) - Storage directory /workdir/hadoop-ozone/ozonefs/target/test-dir/MiniOzoneClusterImpl-d13f4c17-e694-49b3-9e13-851dfc20fd5b/datanode-0/data/ratis/fe3fe4ed-55d9-418a-822c-2247d99750b2 has been successfully formatted.
2019-09-26 13:32:20,270 [pool-277-thread-1] INFO  ratis.ContainerStateMachine (ContainerStateMachine.java:loadSnapshot(230)) - group-2247D99750B2: The snapshot info is null. Setting the last applied indexto:(t:0, i:~)
2019-09-26 13:32:20,270 [pool-277-thread-1] INFO  server.RaftServerConfigKeys (ConfUtils.java:logGet(43)) - raft.server.notification.no-leader.timeout = 120s (custom)
2019-09-26 13:32:20,270 [pool-277-thread-1] INFO  server.RaftServerConfigKeys (ConfUtils.java:logGet(43)) - raft.server.log.use.memory = false (default)
2019-09-26 13:32:20,270 [pool-277-thread-1] INFO  server.RaftServerConfigKeys (ConfUtils.java:logGet(43)) - raft.server.log.purge.gap = 1000000 (custom)
2019-09-26 13:32:20,270 [pool-277-thread-1] INFO  server.RaftServerConfigKeys (ConfUtils.java:logGet(43)) - raft.server.log.appender.buffer.byte-limit = 33554432 (custom)
2019-09-26 13:32:20,270 [pool-277-thread-1] INFO  server.RaftServerConfigKeys (ConfUtils.java:logGet(43)) - raft.server.log.segment.size.max = 1048576 (custom)
2019-09-26 13:32:20,270 [pool-277-thread-1] INFO  server.RaftServerConfigKeys (ConfUtils.java:logGet(43)) - raft.server.log.segment.cache.num.max = 2 (custom)
2019-09-26 13:32:20,271 [pool-277-thread-1] INFO  segmented.SegmentedRaftLogWorker (SegmentedRaftLogWorker.java:<init>(172)) - new d996ac0f-d7fa-44b8-9629-cc45741e2b0c@group-2247D99750B2-SegmentedRaftLogWorker for RaftStorage:Storage Directory /workdir/hadoop-ozone/ozonefs/target/test-dir/MiniOzoneClusterImpl-d13f4c17-e694-49b3-9e13-851dfc20fd5b/datanode-0/data/ratis/fe3fe4ed-55d9-418a-822c-2247d99750b2
2019-09-26 13:32:20,271 [pool-277-thread-1] INFO  server.RaftServerConfigKeys (ConfUtils.java:logGet(43)) - raft.server.log.queue.byte-limit = 2147483647 (custom)
2019-09-26 13:32:20,271 [pool-277-thread-1] INFO  server.RaftServerConfigKeys (ConfUtils.java:logGet(43)) - raft.server.log.queue.element-limit = 1024 (custom)
2019-09-26 13:32:20,271 [pool-277-thread-1] INFO  server.RaftServerConfigKeys (ConfUtils.java:logGet(43)) - raft.server.log.segment.size.max = 1048576 (custom)
2019-09-26 13:32:20,271 [pool-277-thread-1] INFO  server.RaftServerConfigKeys (ConfUtils.java:logGet(43)) - raft.server.log.preallocated.size = 16384 (custom)
2019-09-26 13:32:20,271 [pool-277-thread-1] INFO  server.RaftServerConfigKeys (ConfUtils.java:logGet(43)) - raft.server.log.write.buffer.size = 33554432 (custom)
2019-09-26 13:32:20,271 [pool-277-thread-1] INFO  server.RaftServerConfigKeys (ConfUtils.java:logGet(43)) - raft.server.log.force.sync.num = 128 (default)
2019-09-26 13:32:20,271 [pool-277-thread-1] INFO  server.RaftServerConfigKeys (ConfUtils.java:logGet(43)) - raft.server.log.statemachine.data.sync = true (default)
2019-09-26 13:32:20,271 [pool-277-thread-1] INFO  server.RaftServerConfigKeys (ConfUtils.java:logGet(43)) - raft.server.log.statemachine.data.sync.timeout = 10s (default)
2019-09-26 13:32:20,271 [pool-277-thread-1] INFO  server.RaftServerConfigKeys (ConfUtils.java:logGet(43)) - raft.server.log.statemachine.data.sync.timeout.retry = -1 (default)
2019-09-26 13:32:20,272 [pool-277-thread-1] INFO  server.RaftServerConfigKeys (ConfUtils.java:logGet(43)) - raft.server.log.statemachine.data.caching.enabled = true (custom)
2019-09-26 13:32:20,272 [pool-277-thread-1] INFO  segmented.SegmentedRaftLogWorker (SegmentedRaftLogWorker.java:lambda$new$0(132)) - d996ac0f-d7fa-44b8-9629-cc45741e2b0c@group-2247D99750B2-SegmentedRaftLogWorker: flushIndex: setUnconditionally 0 -> -1
2019-09-26 13:32:20,272 [pool-277-thread-1] INFO  server.RaftServerConfigKeys (ConfUtils.java:logGet(43)) - raft.server.snapshot.auto.trigger.enabled = true (custom)
2019-09-26 13:32:20,272 [pool-277-thread-1] INFO  server.RaftServerConfigKeys (ConfUtils.java:logGet(43)) - raft.server.snapshot.auto.trigger.threshold = 10000 (custom)
2019-09-26 13:32:20,272 [pool-277-thread-1] INFO  server.RaftServerConfigKeys (ConfUtils.java:logGet(43)) - raft.server.snapshot.retention.num.files = 5 (custom)
2019-09-26 13:32:20,273 [pool-277-thread-1] INFO  server.RaftServerConfigKeys (ConfUtils.java:logGet(43)) - raft.server.retrycache.expirytime = 600000ms (custom)
2019-09-26 13:32:20,274 [pool-277-thread-1] INFO  impl.RaftServerImpl (RaftServerImpl.java:start(185)) - d996ac0f-d7fa-44b8-9629-cc45741e2b0c@group-2247D99750B2: start as a follower, conf=-1: [d996ac0f-d7fa-44b8-9629-cc45741e2b0c:192.168.164.238:38392], old=null
2019-09-26 13:32:20,274 [pool-277-thread-1] INFO  impl.RaftServerImpl (RaftServerImpl.java:setRole(174)) - d996ac0f-d7fa-44b8-9629-cc45741e2b0c@group-2247D99750B2: changes role from      null to FOLLOWER at term 0 for startAsFollower
2019-09-26 13:32:20,274 [pool-277-thread-1] INFO  impl.RoleInfo (RoleInfo.java:updateAndGet(143)) - d996ac0f-d7fa-44b8-9629-cc45741e2b0c: start FollowerState
2019-09-26 13:32:20,275 [pool-277-thread-1] INFO  util.JmxRegister (JmxRegister.java:tryRegister(44)) - Successfully registered JMX Bean with object name Ratis:service=RaftServer,group=group-2247D99750B2,id=d996ac0f-d7fa-44b8-9629-cc45741e2b0c
2019-09-26 13:32:20,278 [RatisPipelineUtilsThread] INFO  pipeline.PipelineStateManager (PipelineStateManager.java:addPipeline(56)) - Created pipeline Pipeline[ Id: fe3fe4ed-55d9-418a-822c-2247d99750b2, Nodes: d996ac0f-d7fa-44b8-9629-cc45741e2b0c{ip: 192.168.164.238, host: pr-hdds-1569-87zkn-1081879488, networkLocation: /default-rack, certSerialId: null}, Type:RATIS, Factor:ONE, State:OPEN]
2019-09-26 13:32:20,278 [RatisPipelineUtilsThread] INFO  pipeline.PipelinePlacementPolicy (PipelinePlacementPolicy.java:meetCriteria(91)) - Pipeline Placement: can't place more pipeline on heavy datanode： d996ac0f-d7fa-44b8-9629-cc45741e2b0c Heaviness: 6 limit: 5
2019-09-26 13:32:20,286 [grpc-default-executor-0] INFO  impl.RaftServerProxy (RaftServerProxy.java:addNew(89)) - 7640920c-e43d-4271-86d9-e94fdcad330b: addNew group-1B311C31AEC2:[7640920c-e43d-4271-86d9-e94fdcad330b:192.168.164.238:37849] returns group-1B311C31AEC2:java.util.concurrent.CompletableFuture@7e3d593c[Not completed]
2019-09-26 13:32:20,287 [pool-297-thread-1] INFO  impl.RaftServerImpl (RaftServerImpl.java:<init>(95)) - 7640920c-e43d-4271-86d9-e94fdcad330b: new RaftServerImpl for group-1B311C31AEC2:[7640920c-e43d-4271-86d9-e94fdcad330b:192.168.164.238:37849] with ContainerStateMachine:uninitialized
2019-09-26 13:32:20,287 [pool-297-thread-1] INFO  server.RaftServerConfigKeys (ConfUtils.java:logGet(43)) - raft.server.rpc.timeout.min = 5s (custom)
2019-09-26 13:32:20,288 [pool-297-thread-1] INFO  server.RaftServerConfigKeys (ConfUtils.java:logGet(43)) - raft.server.rpc.timeout.max = 5200ms (custom)
2019-09-26 13:32:20,288 [pool-297-thread-1] INFO  server.RaftServerConfigKeys (ConfUtils.java:logGet(43)) - raft.server.rpcslowness.timeout = 120s (custom)
2019-09-26 13:32:20,288 [pool-297-thread-1] INFO  server.RaftServerConfigKeys (ConfUtils.java:logGet(43)) - raft.server.sleep.deviation.threshold = 300 (default)
2019-09-26 13:32:20,288 [pool-297-thread-1] INFO  server.RaftServerConfigKeys (ConfUtils.java:logGet(43)) - raft.server.log.appender.install.snapshot.enabled = false (custom)
2019-09-26 13:32:20,288 [pool-297-thread-1] INFO  impl.RaftServerImpl (ServerState.java:<init>(103)) - 7640920c-e43d-4271-86d9-e94fdcad330b@group-1B311C31AEC2: ConfigurationManager, init=-1: [7640920c-e43d-4271-86d9-e94fdcad330b:192.168.164.238:37849], old=null, confs=<EMPTY_MAP>
2019-09-26 13:32:20,288 [pool-297-thread-1] INFO  server.RaftServerConfigKeys (ConfUtils.java:logGet(43)) - raft.server.storage.dir = [/workdir/hadoop-ozone/ozonefs/target/test-dir/MiniOzoneClusterImpl-d13f4c17-e694-49b3-9e13-851dfc20fd5b/datanode-2/data/ratis] (custom)
2019-09-26 13:32:20,288 [pool-297-thread-1] INFO  storage.RaftStorageDirectory (RaftStorageDirectory.java:analyzeStorage(246)) - The storage directory /workdir/hadoop-ozone/ozonefs/target/test-dir/MiniOzoneClusterImpl-d13f4c17-e694-49b3-9e13-851dfc20fd5b/datanode-2/data/ratis/42a67e78-0840-43d9-a078-1b311c31aec2 does not exist. Creating ...
2019-09-26 13:32:20,301 [pool-297-thread-1] INFO  storage.RaftStorageDirectory (RaftStorageDirectory.java:tryLock(328)) - Lock on /workdir/hadoop-ozone/ozonefs/target/test-dir/MiniOzoneClusterImpl-d13f4c17-e694-49b3-9e13-851dfc20fd5b/datanode-2/data/ratis/42a67e78-0840-43d9-a078-1b311c31aec2/in_use.lock acquired by nodename 10147@pr-hdds-1569-87zkn-1081879488
2019-09-26 13:32:20,313 [pool-297-thread-1] INFO  storage.RaftStorage (RaftStorage.java:format(72)) - Storage directory /workdir/hadoop-ozone/ozonefs/target/test-dir/MiniOzoneClusterImpl-d13f4c17-e694-49b3-9e13-851dfc20fd5b/datanode-2/data/ratis/42a67e78-0840-43d9-a078-1b311c31aec2 has been successfully formatted.
2019-09-26 13:32:20,314 [pool-297-thread-1] INFO  ratis.ContainerStateMachine (ContainerStateMachine.java:loadSnapshot(230)) - group-1B311C31AEC2: The snapshot info is null. Setting the last applied indexto:(t:0, i:~)
2019-09-26 13:32:20,314 [pool-297-thread-1] INFO  server.RaftServerConfigKeys (ConfUtils.java:logGet(43)) - raft.server.notification.no-leader.timeout = 120s (custom)
2019-09-26 13:32:20,314 [pool-297-thread-1] INFO  server.RaftServerConfigKeys (ConfUtils.java:logGet(43)) - raft.server.log.use.memory = false (default)
2019-09-26 13:32:20,314 [pool-297-thread-1] INFO  server.RaftServerConfigKeys (ConfUtils.java:logGet(43)) - raft.server.log.purge.gap = 1000000 (custom)
2019-09-26 13:32:20,314 [pool-297-thread-1] INFO  server.RaftServerConfigKeys (ConfUtils.java:logGet(43)) - raft.server.log.appender.buffer.byte-limit = 33554432 (custom)
2019-09-26 13:32:20,314 [pool-297-thread-1] INFO  server.RaftServerConfigKeys (ConfUtils.java:logGet(43)) - raft.server.log.segment.size.max = 1048576 (custom)
2019-09-26 13:32:20,314 [pool-297-thread-1] INFO  server.RaftServerConfigKeys (ConfUtils.java:logGet(43)) - raft.server.log.segment.cache.num.max = 2 (custom)
2019-09-26 13:32:20,315 [pool-297-thread-1] INFO  segmented.SegmentedRaftLogWorker (SegmentedRaftLogWorker.java:<init>(172)) - new 7640920c-e43d-4271-86d9-e94fdcad330b@group-1B311C31AEC2-SegmentedRaftLogWorker for RaftStorage:Storage Directory /workdir/hadoop-ozone/ozonefs/target/test-dir/MiniOzoneClusterImpl-d13f4c17-e694-49b3-9e13-851dfc20fd5b/datanode-2/data/ratis/42a67e78-0840-43d9-a078-1b311c31aec2
2019-09-26 13:32:20,316 [pool-297-thread-1] INFO  server.RaftServerConfigKeys (ConfUtils.java:logGet(43)) - raft.server.log.queue.byte-limit = 2147483647 (custom)
2019-09-26 13:32:20,316 [pool-297-thread-1] INFO  server.RaftServerConfigKeys (ConfUtils.java:logGet(43)) - raft.server.log.queue.element-limit = 1024 (custom)
2019-09-26 13:32:20,316 [pool-297-thread-1] INFO  server.RaftServerConfigKeys (ConfUtils.java:logGet(43)) - raft.server.log.segment.size.max = 1048576 (custom)
2019-09-26 13:32:20,317 [pool-297-thread-1] INFO  server.RaftServerConfigKeys (ConfUtils.java:logGet(43)) - raft.server.log.preallocated.size = 16384 (custom)
2019-09-26 13:32:20,317 [pool-297-thread-1] INFO  server.RaftServerConfigKeys (ConfUtils.java:logGet(43)) - raft.server.log.write.buffer.size = 33554432 (custom)
2019-09-26 13:32:20,317 [pool-297-thread-1] INFO  server.RaftServerConfigKeys (ConfUtils.java:logGet(43)) - raft.server.log.force.sync.num = 128 (default)
2019-09-26 13:32:20,317 [pool-297-thread-1] INFO  server.RaftServerConfigKeys (ConfUtils.java:logGet(43)) - raft.server.log.statemachine.data.sync = true (default)
2019-09-26 13:32:20,317 [pool-297-thread-1] INFO  server.RaftServerConfigKeys (ConfUtils.java:logGet(43)) - raft.server.log.statemachine.data.sync.timeout = 10s (default)
2019-09-26 13:32:20,317 [pool-297-thread-1] INFO  server.RaftServerConfigKeys (ConfUtils.java:logGet(43)) - raft.server.log.statemachine.data.sync.timeout.retry = -1 (default)
2019-09-26 13:32:20,317 [pool-297-thread-1] INFO  server.RaftServerConfigKeys (ConfUtils.java:logGet(43)) - raft.server.log.statemachine.data.caching.enabled = true (custom)
2019-09-26 13:32:20,317 [pool-297-thread-1] INFO  segmented.SegmentedRaftLogWorker (SegmentedRaftLogWorker.java:lambda$new$0(132)) - 7640920c-e43d-4271-86d9-e94fdcad330b@group-1B311C31AEC2-SegmentedRaftLogWorker: flushIndex: setUnconditionally 0 -> -1
2019-09-26 13:32:20,318 [pool-297-thread-1] INFO  server.RaftServerConfigKeys (ConfUtils.java:logGet(43)) - raft.server.snapshot.auto.trigger.enabled = true (custom)
2019-09-26 13:32:20,318 [pool-297-thread-1] INFO  server.RaftServerConfigKeys (ConfUtils.java:logGet(43)) - raft.server.snapshot.auto.trigger.threshold = 10000 (custom)
2019-09-26 13:32:20,318 [pool-297-thread-1] INFO  server.RaftServerConfigKeys (ConfUtils.java:logGet(43)) - raft.server.snapshot.retention.num.files = 5 (custom)
2019-09-26 13:32:20,318 [pool-297-thread-1] INFO  server.RaftServerConfigKeys (ConfUtils.java:logGet(43)) - raft.server.retrycache.expirytime = 600000ms (custom)
2019-09-26 13:32:20,319 [pool-297-thread-1] INFO  impl.RaftServerImpl (RaftServerImpl.java:start(185)) - 7640920c-e43d-4271-86d9-e94fdcad330b@group-1B311C31AEC2: start as a follower, conf=-1: [7640920c-e43d-4271-86d9-e94fdcad330b:192.168.164.238:37849], old=null
2019-09-26 13:32:20,320 [pool-297-thread-1] INFO  impl.RaftServerImpl (RaftServerImpl.java:setRole(174)) - 7640920c-e43d-4271-86d9-e94fdcad330b@group-1B311C31AEC2: changes role from      null to FOLLOWER at term 0 for startAsFollower
2019-09-26 13:32:20,320 [pool-297-thread-1] INFO  impl.RoleInfo (RoleInfo.java:updateAndGet(143)) - 7640920c-e43d-4271-86d9-e94fdcad330b: start FollowerState
2019-09-26 13:32:20,320 [pool-297-thread-1] INFO  util.JmxRegister (JmxRegister.java:tryRegister(44)) - Successfully registered JMX Bean with object name Ratis:service=RaftServer,group=group-1B311C31AEC2,id=7640920c-e43d-4271-86d9-e94fdcad330b
2019-09-26 13:32:20,322 [RatisPipelineUtilsThread] INFO  pipeline.PipelineStateManager (PipelineStateManager.java:addPipeline(56)) - Created pipeline Pipeline[ Id: 42a67e78-0840-43d9-a078-1b311c31aec2, Nodes: 7640920c-e43d-4271-86d9-e94fdcad330b{ip: 192.168.164.238, host: pr-hdds-1569-87zkn-1081879488, networkLocation: /default-rack, certSerialId: null}, Type:RATIS, Factor:ONE, State:OPEN]
2019-09-26 13:32:20,323 [RatisPipelineUtilsThread] INFO  pipeline.PipelinePlacementPolicy (PipelinePlacementPolicy.java:meetCriteria(91)) - Pipeline Placement: can't place more pipeline on heavy datanode： d996ac0f-d7fa-44b8-9629-cc45741e2b0c Heaviness: 6 limit: 5
2019-09-26 13:32:20,327 [grpc-default-executor-0] INFO  impl.RaftServerProxy (RaftServerProxy.java:addNew(89)) - 7f96d7ec-09ec-4bbe-aec6-0e54f41a3b22: addNew group-9851EC810493:[7f96d7ec-09ec-4bbe-aec6-0e54f41a3b22:192.168.164.238:33436] returns group-9851EC810493:java.util.concurrent.CompletableFuture@1f200f78[Not completed]
2019-09-26 13:32:20,329 [pool-287-thread-1] INFO  impl.RaftServerImpl (RaftServerImpl.java:<init>(95)) - 7f96d7ec-09ec-4bbe-aec6-0e54f41a3b22: new RaftServerImpl for group-9851EC810493:[7f96d7ec-09ec-4bbe-aec6-0e54f41a3b22:192.168.164.238:33436] with ContainerStateMachine:uninitialized
2019-09-26 13:32:20,329 [pool-287-thread-1] INFO  server.RaftServerConfigKeys (ConfUtils.java:logGet(43)) - raft.server.rpc.timeout.min = 5s (custom)
2019-09-26 13:32:20,329 [pool-287-thread-1] INFO  server.RaftServerConfigKeys (ConfUtils.java:logGet(43)) - raft.server.rpc.timeout.max = 5200ms (custom)
2019-09-26 13:32:20,329 [pool-287-thread-1] INFO  server.RaftServerConfigKeys (ConfUtils.java:logGet(43)) - raft.server.rpcslowness.timeout = 120s (custom)
2019-09-26 13:32:20,329 [pool-287-thread-1] INFO  server.RaftServerConfigKeys (ConfUtils.java:logGet(43)) - raft.server.sleep.deviation.threshold = 300 (default)
2019-09-26 13:32:20,330 [pool-287-thread-1] INFO  server.RaftServerConfigKeys (ConfUtils.java:logGet(43)) - raft.server.log.appender.install.snapshot.enabled = false (custom)
2019-09-26 13:32:20,330 [pool-287-thread-1] INFO  impl.RaftServerImpl (ServerState.java:<init>(103)) - 7f96d7ec-09ec-4bbe-aec6-0e54f41a3b22@group-9851EC810493: ConfigurationManager, init=-1: [7f96d7ec-09ec-4bbe-aec6-0e54f41a3b22:192.168.164.238:33436], old=null, confs=<EMPTY_MAP>
2019-09-26 13:32:20,330 [pool-287-thread-1] INFO  server.RaftServerConfigKeys (ConfUtils.java:logGet(43)) - raft.server.storage.dir = [/workdir/hadoop-ozone/ozonefs/target/test-dir/MiniOzoneClusterImpl-d13f4c17-e694-49b3-9e13-851dfc20fd5b/datanode-1/data/ratis] (custom)
2019-09-26 13:32:20,330 [pool-287-thread-1] INFO  storage.RaftStorageDirectory (RaftStorageDirectory.java:analyzeStorage(246)) - The storage directory /workdir/hadoop-ozone/ozonefs/target/test-dir/MiniOzoneClusterImpl-d13f4c17-e694-49b3-9e13-851dfc20fd5b/datanode-1/data/ratis/2ceab820-90f3-49bd-bfbf-9851ec810493 does not exist. Creating ...
2019-09-26 13:32:20,355 [pool-287-thread-1] INFO  storage.RaftStorageDirectory (RaftStorageDirectory.java:tryLock(328)) - Lock on /workdir/hadoop-ozone/ozonefs/target/test-dir/MiniOzoneClusterImpl-d13f4c17-e694-49b3-9e13-851dfc20fd5b/datanode-1/data/ratis/2ceab820-90f3-49bd-bfbf-9851ec810493/in_use.lock acquired by nodename 10147@pr-hdds-1569-87zkn-1081879488
2019-09-26 13:32:20,376 [pool-287-thread-1] INFO  storage.RaftStorage (RaftStorage.java:format(72)) - Storage directory /workdir/hadoop-ozone/ozonefs/target/test-dir/MiniOzoneClusterImpl-d13f4c17-e694-49b3-9e13-851dfc20fd5b/datanode-1/data/ratis/2ceab820-90f3-49bd-bfbf-9851ec810493 has been successfully formatted.
2019-09-26 13:32:20,378 [pool-287-thread-1] INFO  ratis.ContainerStateMachine (ContainerStateMachine.java:loadSnapshot(230)) - group-9851EC810493: The snapshot info is null. Setting the last applied indexto:(t:0, i:~)
2019-09-26 13:32:20,378 [pool-287-thread-1] INFO  server.RaftServerConfigKeys (ConfUtils.java:logGet(43)) - raft.server.notification.no-leader.timeout = 120s (custom)
2019-09-26 13:32:20,378 [pool-287-thread-1] INFO  server.RaftServerConfigKeys (ConfUtils.java:logGet(43)) - raft.server.log.use.memory = false (default)
2019-09-26 13:32:20,378 [pool-287-thread-1] INFO  server.RaftServerConfigKeys (ConfUtils.java:logGet(43)) - raft.server.log.purge.gap = 1000000 (custom)
2019-09-26 13:32:20,378 [pool-287-thread-1] INFO  server.RaftServerConfigKeys (ConfUtils.java:logGet(43)) - raft.server.log.appender.buffer.byte-limit = 33554432 (custom)
2019-09-26 13:32:20,379 [pool-287-thread-1] INFO  server.RaftServerConfigKeys (ConfUtils.java:logGet(43)) - raft.server.log.segment.size.max = 1048576 (custom)
2019-09-26 13:32:20,379 [pool-287-thread-1] INFO  server.RaftServerConfigKeys (ConfUtils.java:logGet(43)) - raft.server.log.segment.cache.num.max = 2 (custom)
2019-09-26 13:32:20,379 [pool-287-thread-1] INFO  segmented.SegmentedRaftLogWorker (SegmentedRaftLogWorker.java:<init>(172)) - new 7f96d7ec-09ec-4bbe-aec6-0e54f41a3b22@group-9851EC810493-SegmentedRaftLogWorker for RaftStorage:Storage Directory /workdir/hadoop-ozone/ozonefs/target/test-dir/MiniOzoneClusterImpl-d13f4c17-e694-49b3-9e13-851dfc20fd5b/datanode-1/data/ratis/2ceab820-90f3-49bd-bfbf-9851ec810493
2019-09-26 13:32:20,379 [pool-287-thread-1] INFO  server.RaftServerConfigKeys (ConfUtils.java:logGet(43)) - raft.server.log.queue.byte-limit = 2147483647 (custom)
2019-09-26 13:32:20,379 [pool-287-thread-1] INFO  server.RaftServerConfigKeys (ConfUtils.java:logGet(43)) - raft.server.log.queue.element-limit = 1024 (custom)
2019-09-26 13:32:20,380 [pool-287-thread-1] INFO  server.RaftServerConfigKeys (ConfUtils.java:logGet(43)) - raft.server.log.segment.size.max = 1048576 (custom)
2019-09-26 13:32:20,380 [pool-287-thread-1] INFO  server.RaftServerConfigKeys (ConfUtils.java:logGet(43)) - raft.server.log.preallocated.size = 16384 (custom)
2019-09-26 13:32:20,380 [pool-287-thread-1] INFO  server.RaftServerConfigKeys (ConfUtils.java:logGet(43)) - raft.server.log.write.buffer.size = 33554432 (custom)
2019-09-26 13:32:20,380 [pool-287-thread-1] INFO  server.RaftServerConfigKeys (ConfUtils.java:logGet(43)) - raft.server.log.force.sync.num = 128 (default)
2019-09-26 13:32:20,380 [pool-287-thread-1] INFO  server.RaftServerConfigKeys (ConfUtils.java:logGet(43)) - raft.server.log.statemachine.data.sync = true (default)
2019-09-26 13:32:20,380 [pool-287-thread-1] INFO  server.RaftServerConfigKeys (ConfUtils.java:logGet(43)) - raft.server.log.statemachine.data.sync.timeout = 10s (default)
2019-09-26 13:32:20,381 [pool-287-thread-1] INFO  server.RaftServerConfigKeys (ConfUtils.java:logGet(43)) - raft.server.log.statemachine.data.sync.timeout.retry = -1 (default)
2019-09-26 13:32:20,381 [pool-287-thread-1] INFO  server.RaftServerConfigKeys (ConfUtils.java:logGet(43)) - raft.server.log.statemachine.data.caching.enabled = true (custom)
2019-09-26 13:32:20,382 [pool-287-thread-1] INFO  segmented.SegmentedRaftLogWorker (SegmentedRaftLogWorker.java:lambda$new$0(132)) - 7f96d7ec-09ec-4bbe-aec6-0e54f41a3b22@group-9851EC810493-SegmentedRaftLogWorker: flushIndex: setUnconditionally 0 -> -1
2019-09-26 13:32:20,382 [pool-287-thread-1] INFO  server.RaftServerConfigKeys (ConfUtils.java:logGet(43)) - raft.server.snapshot.auto.trigger.enabled = true (custom)
2019-09-26 13:32:20,382 [pool-287-thread-1] INFO  server.RaftServerConfigKeys (ConfUtils.java:logGet(43)) - raft.server.snapshot.auto.trigger.threshold = 10000 (custom)
2019-09-26 13:32:20,383 [pool-287-thread-1] INFO  server.RaftServerConfigKeys (ConfUtils.java:logGet(43)) - raft.server.snapshot.retention.num.files = 5 (custom)
2019-09-26 13:32:20,383 [pool-287-thread-1] INFO  server.RaftServerConfigKeys (ConfUtils.java:logGet(43)) - raft.server.retrycache.expirytime = 600000ms (custom)
2019-09-26 13:32:20,385 [pool-287-thread-1] INFO  impl.RaftServerImpl (RaftServerImpl.java:start(185)) - 7f96d7ec-09ec-4bbe-aec6-0e54f41a3b22@group-9851EC810493: start as a follower, conf=-1: [7f96d7ec-09ec-4bbe-aec6-0e54f41a3b22:192.168.164.238:33436], old=null
2019-09-26 13:32:20,385 [pool-287-thread-1] INFO  impl.RaftServerImpl (RaftServerImpl.java:setRole(174)) - 7f96d7ec-09ec-4bbe-aec6-0e54f41a3b22@group-9851EC810493: changes role from      null to FOLLOWER at term 0 for startAsFollower
2019-09-26 13:32:20,385 [pool-287-thread-1] INFO  impl.RoleInfo (RoleInfo.java:updateAndGet(143)) - 7f96d7ec-09ec-4bbe-aec6-0e54f41a3b22: start FollowerState
2019-09-26 13:32:20,386 [pool-287-thread-1] INFO  util.JmxRegister (JmxRegister.java:tryRegister(44)) - Successfully registered JMX Bean with object name Ratis:service=RaftServer,group=group-9851EC810493,id=7f96d7ec-09ec-4bbe-aec6-0e54f41a3b22
2019-09-26 13:32:20,389 [RatisPipelineUtilsThread] INFO  pipeline.PipelineStateManager (PipelineStateManager.java:addPipeline(56)) - Created pipeline Pipeline[ Id: 2ceab820-90f3-49bd-bfbf-9851ec810493, Nodes: 7f96d7ec-09ec-4bbe-aec6-0e54f41a3b22{ip: 192.168.164.238, host: pr-hdds-1569-87zkn-1081879488, networkLocation: /default-rack, certSerialId: null}, Type:RATIS, Factor:ONE, State:OPEN]
2019-09-26 13:32:20,389 [RatisPipelineUtilsThread] INFO  pipeline.PipelinePlacementPolicy (PipelinePlacementPolicy.java:meetCriteria(91)) - Pipeline Placement: can't place more pipeline on heavy datanode： d996ac0f-d7fa-44b8-9629-cc45741e2b0c Heaviness: 6 limit: 5
2019-09-26 13:32:20,396 [grpc-default-executor-0] INFO  impl.RaftServerProxy (RaftServerProxy.java:addNew(89)) - 7640920c-e43d-4271-86d9-e94fdcad330b: addNew group-E5E2BA6FE3E5:[7640920c-e43d-4271-86d9-e94fdcad330b:192.168.164.238:37849] returns group-E5E2BA6FE3E5:java.util.concurrent.CompletableFuture@68233427[Not completed]
2019-09-26 13:32:20,397 [pool-297-thread-1] INFO  impl.RaftServerImpl (RaftServerImpl.java:<init>(95)) - 7640920c-e43d-4271-86d9-e94fdcad330b: new RaftServerImpl for group-E5E2BA6FE3E5:[7640920c-e43d-4271-86d9-e94fdcad330b:192.168.164.238:37849] with ContainerStateMachine:uninitialized
2019-09-26 13:32:20,397 [pool-297-thread-1] INFO  server.RaftServerConfigKeys (ConfUtils.java:logGet(43)) - raft.server.rpc.timeout.min = 5s (custom)
2019-09-26 13:32:20,397 [pool-297-thread-1] INFO  server.RaftServerConfigKeys (ConfUtils.java:logGet(43)) - raft.server.rpc.timeout.max = 5200ms (custom)
2019-09-26 13:32:20,398 [pool-297-thread-1] INFO  server.RaftServerConfigKeys (ConfUtils.java:logGet(43)) - raft.server.rpcslowness.timeout = 120s (custom)
2019-09-26 13:32:20,398 [pool-297-thread-1] INFO  server.RaftServerConfigKeys (ConfUtils.java:logGet(43)) - raft.server.sleep.deviation.threshold = 300 (default)
2019-09-26 13:32:20,398 [pool-297-thread-1] INFO  server.RaftServerConfigKeys (ConfUtils.java:logGet(43)) - raft.server.log.appender.install.snapshot.enabled = false (custom)
2019-09-26 13:32:20,398 [pool-297-thread-1] INFO  impl.RaftServerImpl (ServerState.java:<init>(103)) - 7640920c-e43d-4271-86d9-e94fdcad330b@group-E5E2BA6FE3E5: ConfigurationManager, init=-1: [7640920c-e43d-4271-86d9-e94fdcad330b:192.168.164.238:37849], old=null, confs=<EMPTY_MAP>
2019-09-26 13:32:20,398 [pool-297-thread-1] INFO  server.RaftServerConfigKeys (ConfUtils.java:logGet(43)) - raft.server.storage.dir = [/workdir/hadoop-ozone/ozonefs/target/test-dir/MiniOzoneClusterImpl-d13f4c17-e694-49b3-9e13-851dfc20fd5b/datanode-2/data/ratis] (custom)
2019-09-26 13:32:20,399 [pool-297-thread-1] INFO  storage.RaftStorageDirectory (RaftStorageDirectory.java:analyzeStorage(246)) - The storage directory /workdir/hadoop-ozone/ozonefs/target/test-dir/MiniOzoneClusterImpl-d13f4c17-e694-49b3-9e13-851dfc20fd5b/datanode-2/data/ratis/6a3b8446-6ec1-44c8-ba88-e5e2ba6fe3e5 does not exist. Creating ...
2019-09-26 13:32:20,413 [pool-297-thread-1] INFO  storage.RaftStorageDirectory (RaftStorageDirectory.java:tryLock(328)) - Lock on /workdir/hadoop-ozone/ozonefs/target/test-dir/MiniOzoneClusterImpl-d13f4c17-e694-49b3-9e13-851dfc20fd5b/datanode-2/data/ratis/6a3b8446-6ec1-44c8-ba88-e5e2ba6fe3e5/in_use.lock acquired by nodename 10147@pr-hdds-1569-87zkn-1081879488
2019-09-26 13:32:20,426 [pool-297-thread-1] INFO  storage.RaftStorage (RaftStorage.java:format(72)) - Storage directory /workdir/hadoop-ozone/ozonefs/target/test-dir/MiniOzoneClusterImpl-d13f4c17-e694-49b3-9e13-851dfc20fd5b/datanode-2/data/ratis/6a3b8446-6ec1-44c8-ba88-e5e2ba6fe3e5 has been successfully formatted.
2019-09-26 13:32:20,427 [pool-297-thread-1] INFO  ratis.ContainerStateMachine (ContainerStateMachine.java:loadSnapshot(230)) - group-E5E2BA6FE3E5: The snapshot info is null. Setting the last applied indexto:(t:0, i:~)
2019-09-26 13:32:20,427 [pool-297-thread-1] INFO  server.RaftServerConfigKeys (ConfUtils.java:logGet(43)) - raft.server.notification.no-leader.timeout = 120s (custom)
2019-09-26 13:32:20,427 [pool-297-thread-1] INFO  server.RaftServerConfigKeys (ConfUtils.java:logGet(43)) - raft.server.log.use.memory = false (default)
2019-09-26 13:32:20,427 [pool-297-thread-1] INFO  server.RaftServerConfigKeys (ConfUtils.java:logGet(43)) - raft.server.log.purge.gap = 1000000 (custom)
2019-09-26 13:32:20,427 [pool-297-thread-1] INFO  server.RaftServerConfigKeys (ConfUtils.java:logGet(43)) - raft.server.log.appender.buffer.byte-limit = 33554432 (custom)
2019-09-26 13:32:20,428 [pool-297-thread-1] INFO  server.RaftServerConfigKeys (ConfUtils.java:logGet(43)) - raft.server.log.segment.size.max = 1048576 (custom)
2019-09-26 13:32:20,428 [pool-297-thread-1] INFO  server.RaftServerConfigKeys (ConfUtils.java:logGet(43)) - raft.server.log.segment.cache.num.max = 2 (custom)
2019-09-26 13:32:20,428 [pool-297-thread-1] INFO  segmented.SegmentedRaftLogWorker (SegmentedRaftLogWorker.java:<init>(172)) - new 7640920c-e43d-4271-86d9-e94fdcad330b@group-E5E2BA6FE3E5-SegmentedRaftLogWorker for RaftStorage:Storage Directory /workdir/hadoop-ozone/ozonefs/target/test-dir/MiniOzoneClusterImpl-d13f4c17-e694-49b3-9e13-851dfc20fd5b/datanode-2/data/ratis/6a3b8446-6ec1-44c8-ba88-e5e2ba6fe3e5
2019-09-26 13:32:20,428 [pool-297-thread-1] INFO  server.RaftServerConfigKeys (ConfUtils.java:logGet(43)) - raft.server.log.queue.byte-limit = 2147483647 (custom)
2019-09-26 13:32:20,428 [pool-297-thread-1] INFO  server.RaftServerConfigKeys (ConfUtils.java:logGet(43)) - raft.server.log.queue.element-limit = 1024 (custom)
2019-09-26 13:32:20,428 [pool-297-thread-1] INFO  server.RaftServerConfigKeys (ConfUtils.java:logGet(43)) - raft.server.log.segment.size.max = 1048576 (custom)
2019-09-26 13:32:20,429 [pool-297-thread-1] INFO  server.RaftServerConfigKeys (ConfUtils.java:logGet(43)) - raft.server.log.preallocated.size = 16384 (custom)
2019-09-26 13:32:20,429 [pool-297-thread-1] INFO  server.RaftServerConfigKeys (ConfUtils.java:logGet(43)) - raft.server.log.write.buffer.size = 33554432 (custom)
2019-09-26 13:32:20,429 [pool-297-thread-1] INFO  server.RaftServerConfigKeys (ConfUtils.java:logGet(43)) - raft.server.log.force.sync.num = 128 (default)
2019-09-26 13:32:20,429 [pool-297-thread-1] INFO  server.RaftServerConfigKeys (ConfUtils.java:logGet(43)) - raft.server.log.statemachine.data.sync = true (default)
2019-09-26 13:32:20,429 [pool-297-thread-1] INFO  server.RaftServerConfigKeys (ConfUtils.java:logGet(43)) - raft.server.log.statemachine.data.sync.timeout = 10s (default)
2019-09-26 13:32:20,429 [pool-297-thread-1] INFO  server.RaftServerConfigKeys (ConfUtils.java:logGet(43)) - raft.server.log.statemachine.data.sync.timeout.retry = -1 (default)
2019-09-26 13:32:20,430 [pool-297-thread-1] INFO  server.RaftServerConfigKeys (ConfUtils.java:logGet(43)) - raft.server.log.statemachine.data.caching.enabled = true (custom)
2019-09-26 13:32:20,430 [pool-297-thread-1] INFO  segmented.SegmentedRaftLogWorker (SegmentedRaftLogWorker.java:lambda$new$0(132)) - 7640920c-e43d-4271-86d9-e94fdcad330b@group-E5E2BA6FE3E5-SegmentedRaftLogWorker: flushIndex: setUnconditionally 0 -> -1
2019-09-26 13:32:20,430 [pool-297-thread-1] INFO  server.RaftServerConfigKeys (ConfUtils.java:logGet(43)) - raft.server.snapshot.auto.trigger.enabled = true (custom)
2019-09-26 13:32:20,431 [pool-297-thread-1] INFO  server.RaftServerConfigKeys (ConfUtils.java:logGet(43)) - raft.server.snapshot.auto.trigger.threshold = 10000 (custom)
2019-09-26 13:32:20,431 [pool-297-thread-1] INFO  server.RaftServerConfigKeys (ConfUtils.java:logGet(43)) - raft.server.snapshot.retention.num.files = 5 (custom)
2019-09-26 13:32:20,431 [pool-297-thread-1] INFO  server.RaftServerConfigKeys (ConfUtils.java:logGet(43)) - raft.server.retrycache.expirytime = 600000ms (custom)
2019-09-26 13:32:20,433 [pool-297-thread-1] INFO  impl.RaftServerImpl (RaftServerImpl.java:start(185)) - 7640920c-e43d-4271-86d9-e94fdcad330b@group-E5E2BA6FE3E5: start as a follower, conf=-1: [7640920c-e43d-4271-86d9-e94fdcad330b:192.168.164.238:37849], old=null
2019-09-26 13:32:20,433 [pool-297-thread-1] INFO  impl.RaftServerImpl (RaftServerImpl.java:setRole(174)) - 7640920c-e43d-4271-86d9-e94fdcad330b@group-E5E2BA6FE3E5: changes role from      null to FOLLOWER at term 0 for startAsFollower
2019-09-26 13:32:20,434 [pool-297-thread-1] INFO  impl.RoleInfo (RoleInfo.java:updateAndGet(143)) - 7640920c-e43d-4271-86d9-e94fdcad330b: start FollowerState
2019-09-26 13:32:20,434 [pool-297-thread-1] INFO  util.JmxRegister (JmxRegister.java:tryRegister(44)) - Successfully registered JMX Bean with object name Ratis:service=RaftServer,group=group-E5E2BA6FE3E5,id=7640920c-e43d-4271-86d9-e94fdcad330b
2019-09-26 13:32:20,437 [RatisPipelineUtilsThread] INFO  pipeline.PipelineStateManager (PipelineStateManager.java:addPipeline(56)) - Created pipeline Pipeline[ Id: 6a3b8446-6ec1-44c8-ba88-e5e2ba6fe3e5, Nodes: 7640920c-e43d-4271-86d9-e94fdcad330b{ip: 192.168.164.238, host: pr-hdds-1569-87zkn-1081879488, networkLocation: /default-rack, certSerialId: null}, Type:RATIS, Factor:ONE, State:OPEN]
2019-09-26 13:32:20,438 [RatisPipelineUtilsThread] INFO  pipeline.PipelinePlacementPolicy (PipelinePlacementPolicy.java:meetCriteria(91)) - Pipeline Placement: can't place more pipeline on heavy datanode： d996ac0f-d7fa-44b8-9629-cc45741e2b0c Heaviness: 6 limit: 5
2019-09-26 13:32:20,443 [grpc-default-executor-0] INFO  impl.RaftServerProxy (RaftServerProxy.java:addNew(89)) - 7f96d7ec-09ec-4bbe-aec6-0e54f41a3b22: addNew group-707A06CBBC40:[7f96d7ec-09ec-4bbe-aec6-0e54f41a3b22:192.168.164.238:33436] returns group-707A06CBBC40:java.util.concurrent.CompletableFuture@3e0fec67[Not completed]
2019-09-26 13:32:20,444 [pool-287-thread-1] INFO  impl.RaftServerImpl (RaftServerImpl.java:<init>(95)) - 7f96d7ec-09ec-4bbe-aec6-0e54f41a3b22: new RaftServerImpl for group-707A06CBBC40:[7f96d7ec-09ec-4bbe-aec6-0e54f41a3b22:192.168.164.238:33436] with ContainerStateMachine:uninitialized
2019-09-26 13:32:20,444 [pool-287-thread-1] INFO  server.RaftServerConfigKeys (ConfUtils.java:logGet(43)) - raft.server.rpc.timeout.min = 5s (custom)
2019-09-26 13:32:20,444 [pool-287-thread-1] INFO  server.RaftServerConfigKeys (ConfUtils.java:logGet(43)) - raft.server.rpc.timeout.max = 5200ms (custom)
2019-09-26 13:32:20,444 [pool-287-thread-1] INFO  server.RaftServerConfigKeys (ConfUtils.java:logGet(43)) - raft.server.rpcslowness.timeout = 120s (custom)
2019-09-26 13:32:20,445 [pool-287-thread-1] INFO  server.RaftServerConfigKeys (ConfUtils.java:logGet(43)) - raft.server.sleep.deviation.threshold = 300 (default)
2019-09-26 13:32:20,445 [pool-287-thread-1] INFO  server.RaftServerConfigKeys (ConfUtils.java:logGet(43)) - raft.server.log.appender.install.snapshot.enabled = false (custom)
2019-09-26 13:32:20,445 [pool-287-thread-1] INFO  impl.RaftServerImpl (ServerState.java:<init>(103)) - 7f96d7ec-09ec-4bbe-aec6-0e54f41a3b22@group-707A06CBBC40: ConfigurationManager, init=-1: [7f96d7ec-09ec-4bbe-aec6-0e54f41a3b22:192.168.164.238:33436], old=null, confs=<EMPTY_MAP>
2019-09-26 13:32:20,445 [pool-287-thread-1] INFO  server.RaftServerConfigKeys (ConfUtils.java:logGet(43)) - raft.server.storage.dir = [/workdir/hadoop-ozone/ozonefs/target/test-dir/MiniOzoneClusterImpl-d13f4c17-e694-49b3-9e13-851dfc20fd5b/datanode-1/data/ratis] (custom)
2019-09-26 13:32:20,446 [pool-287-thread-1] INFO  storage.RaftStorageDirectory (RaftStorageDirectory.java:analyzeStorage(246)) - The storage directory /workdir/hadoop-ozone/ozonefs/target/test-dir/MiniOzoneClusterImpl-d13f4c17-e694-49b3-9e13-851dfc20fd5b/datanode-1/data/ratis/d8505340-0672-4e30-a6ae-707a06cbbc40 does not exist. Creating ...
2019-09-26 13:32:20,459 [pool-287-thread-1] INFO  storage.RaftStorageDirectory (RaftStorageDirectory.java:tryLock(328)) - Lock on /workdir/hadoop-ozone/ozonefs/target/test-dir/MiniOzoneClusterImpl-d13f4c17-e694-49b3-9e13-851dfc20fd5b/datanode-1/data/ratis/d8505340-0672-4e30-a6ae-707a06cbbc40/in_use.lock acquired by nodename 10147@pr-hdds-1569-87zkn-1081879488
2019-09-26 13:32:20,472 [pool-287-thread-1] INFO  storage.RaftStorage (RaftStorage.java:format(72)) - Storage directory /workdir/hadoop-ozone/ozonefs/target/test-dir/MiniOzoneClusterImpl-d13f4c17-e694-49b3-9e13-851dfc20fd5b/datanode-1/data/ratis/d8505340-0672-4e30-a6ae-707a06cbbc40 has been successfully formatted.
2019-09-26 13:32:20,472 [pool-287-thread-1] INFO  ratis.ContainerStateMachine (ContainerStateMachine.java:loadSnapshot(230)) - group-707A06CBBC40: The snapshot info is null. Setting the last applied indexto:(t:0, i:~)
2019-09-26 13:32:20,472 [pool-287-thread-1] INFO  server.RaftServerConfigKeys (ConfUtils.java:logGet(43)) - raft.server.notification.no-leader.timeout = 120s (custom)
2019-09-26 13:32:20,473 [pool-287-thread-1] INFO  server.RaftServerConfigKeys (ConfUtils.java:logGet(43)) - raft.server.log.use.memory = false (default)
2019-09-26 13:32:20,473 [pool-287-thread-1] INFO  server.RaftServerConfigKeys (ConfUtils.java:logGet(43)) - raft.server.log.purge.gap = 1000000 (custom)
2019-09-26 13:32:20,473 [pool-287-thread-1] INFO  server.RaftServerConfigKeys (ConfUtils.java:logGet(43)) - raft.server.log.appender.buffer.byte-limit = 33554432 (custom)
2019-09-26 13:32:20,473 [pool-287-thread-1] INFO  server.RaftServerConfigKeys (ConfUtils.java:logGet(43)) - raft.server.log.segment.size.max = 1048576 (custom)
2019-09-26 13:32:20,473 [pool-287-thread-1] INFO  server.RaftServerConfigKeys (ConfUtils.java:logGet(43)) - raft.server.log.segment.cache.num.max = 2 (custom)
2019-09-26 13:32:20,473 [pool-287-thread-1] INFO  segmented.SegmentedRaftLogWorker (SegmentedRaftLogWorker.java:<init>(172)) - new 7f96d7ec-09ec-4bbe-aec6-0e54f41a3b22@group-707A06CBBC40-SegmentedRaftLogWorker for RaftStorage:Storage Directory /workdir/hadoop-ozone/ozonefs/target/test-dir/MiniOzoneClusterImpl-d13f4c17-e694-49b3-9e13-851dfc20fd5b/datanode-1/data/ratis/d8505340-0672-4e30-a6ae-707a06cbbc40
2019-09-26 13:32:20,474 [pool-287-thread-1] INFO  server.RaftServerConfigKeys (ConfUtils.java:logGet(43)) - raft.server.log.queue.byte-limit = 2147483647 (custom)
2019-09-26 13:32:20,474 [pool-287-thread-1] INFO  server.RaftServerConfigKeys (ConfUtils.java:logGet(43)) - raft.server.log.queue.element-limit = 1024 (custom)
2019-09-26 13:32:20,474 [pool-287-thread-1] INFO  server.RaftServerConfigKeys (ConfUtils.java:logGet(43)) - raft.server.log.segment.size.max = 1048576 (custom)
2019-09-26 13:32:20,474 [pool-287-thread-1] INFO  server.RaftServerConfigKeys (ConfUtils.java:logGet(43)) - raft.server.log.preallocated.size = 16384 (custom)
2019-09-26 13:32:20,474 [pool-287-thread-1] INFO  server.RaftServerConfigKeys (ConfUtils.java:logGet(43)) - raft.server.log.write.buffer.size = 33554432 (custom)
2019-09-26 13:32:20,474 [pool-287-thread-1] INFO  server.RaftServerConfigKeys (ConfUtils.java:logGet(43)) - raft.server.log.force.sync.num = 128 (default)
2019-09-26 13:32:20,475 [pool-287-thread-1] INFO  server.RaftServerConfigKeys (ConfUtils.java:logGet(43)) - raft.server.log.statemachine.data.sync = true (default)
2019-09-26 13:32:20,475 [pool-287-thread-1] INFO  server.RaftServerConfigKeys (ConfUtils.java:logGet(43)) - raft.server.log.statemachine.data.sync.timeout = 10s (default)
2019-09-26 13:32:20,475 [pool-287-thread-1] INFO  server.RaftServerConfigKeys (ConfUtils.java:logGet(43)) - raft.server.log.statemachine.data.sync.timeout.retry = -1 (default)
2019-09-26 13:32:20,475 [pool-287-thread-1] INFO  server.RaftServerConfigKeys (ConfUtils.java:logGet(43)) - raft.server.log.statemachine.data.caching.enabled = true (custom)
2019-09-26 13:32:20,475 [pool-287-thread-1] INFO  segmented.SegmentedRaftLogWorker (SegmentedRaftLogWorker.java:lambda$new$0(132)) - 7f96d7ec-09ec-4bbe-aec6-0e54f41a3b22@group-707A06CBBC40-SegmentedRaftLogWorker: flushIndex: setUnconditionally 0 -> -1
2019-09-26 13:32:20,476 [pool-287-thread-1] INFO  server.RaftServerConfigKeys (ConfUtils.java:logGet(43)) - raft.server.snapshot.auto.trigger.enabled = true (custom)
2019-09-26 13:32:20,476 [pool-287-thread-1] INFO  server.RaftServerConfigKeys (ConfUtils.java:logGet(43)) - raft.server.snapshot.auto.trigger.threshold = 10000 (custom)
2019-09-26 13:32:20,476 [pool-287-thread-1] INFO  server.RaftServerConfigKeys (ConfUtils.java:logGet(43)) - raft.server.snapshot.retention.num.files = 5 (custom)
2019-09-26 13:32:20,476 [pool-287-thread-1] INFO  server.RaftServerConfigKeys (ConfUtils.java:logGet(43)) - raft.server.retrycache.expirytime = 600000ms (custom)
2019-09-26 13:32:20,479 [pool-287-thread-1] INFO  impl.RaftServerImpl (RaftServerImpl.java:start(185)) - 7f96d7ec-09ec-4bbe-aec6-0e54f41a3b22@group-707A06CBBC40: start as a follower, conf=-1: [7f96d7ec-09ec-4bbe-aec6-0e54f41a3b22:192.168.164.238:33436], old=null
2019-09-26 13:32:20,479 [pool-287-thread-1] INFO  impl.RaftServerImpl (RaftServerImpl.java:setRole(174)) - 7f96d7ec-09ec-4bbe-aec6-0e54f41a3b22@group-707A06CBBC40: changes role from      null to FOLLOWER at term 0 for startAsFollower
2019-09-26 13:32:20,479 [pool-287-thread-1] INFO  impl.RoleInfo (RoleInfo.java:updateAndGet(143)) - 7f96d7ec-09ec-4bbe-aec6-0e54f41a3b22: start FollowerState
2019-09-26 13:32:20,479 [pool-287-thread-1] INFO  util.JmxRegister (JmxRegister.java:tryRegister(44)) - Successfully registered JMX Bean with object name Ratis:service=RaftServer,group=group-707A06CBBC40,id=7f96d7ec-09ec-4bbe-aec6-0e54f41a3b22
2019-09-26 13:32:20,483 [RatisPipelineUtilsThread] INFO  pipeline.PipelineStateManager (PipelineStateManager.java:addPipeline(56)) - Created pipeline Pipeline[ Id: d8505340-0672-4e30-a6ae-707a06cbbc40, Nodes: 7f96d7ec-09ec-4bbe-aec6-0e54f41a3b22{ip: 192.168.164.238, host: pr-hdds-1569-87zkn-1081879488, networkLocation: /default-rack, certSerialId: null}, Type:RATIS, Factor:ONE, State:OPEN]
2019-09-26 13:32:20,483 [RatisPipelineUtilsThread] INFO  pipeline.PipelinePlacementPolicy (PipelinePlacementPolicy.java:meetCriteria(91)) - Pipeline Placement: can't place more pipeline on heavy datanode： 7f96d7ec-09ec-4bbe-aec6-0e54f41a3b22 Heaviness: 6 limit: 5
2019-09-26 13:32:20,483 [RatisPipelineUtilsThread] INFO  pipeline.PipelinePlacementPolicy (PipelinePlacementPolicy.java:meetCriteria(91)) - Pipeline Placement: can't place more pipeline on heavy datanode： d996ac0f-d7fa-44b8-9629-cc45741e2b0c Heaviness: 6 limit: 5
2019-09-26 13:32:20,489 [grpc-default-executor-0] INFO  impl.RaftServerProxy (RaftServerProxy.java:addNew(89)) - 7640920c-e43d-4271-86d9-e94fdcad330b: addNew group-97C64A320463:[7640920c-e43d-4271-86d9-e94fdcad330b:192.168.164.238:37849] returns group-97C64A320463:java.util.concurrent.CompletableFuture@28e9ba32[Not completed]
2019-09-26 13:32:20,490 [pool-297-thread-1] INFO  impl.RaftServerImpl (RaftServerImpl.java:<init>(95)) - 7640920c-e43d-4271-86d9-e94fdcad330b: new RaftServerImpl for group-97C64A320463:[7640920c-e43d-4271-86d9-e94fdcad330b:192.168.164.238:37849] with ContainerStateMachine:uninitialized
2019-09-26 13:32:20,490 [pool-297-thread-1] INFO  server.RaftServerConfigKeys (ConfUtils.java:logGet(43)) - raft.server.rpc.timeout.min = 5s (custom)
2019-09-26 13:32:20,491 [pool-297-thread-1] INFO  server.RaftServerConfigKeys (ConfUtils.java:logGet(43)) - raft.server.rpc.timeout.max = 5200ms (custom)
2019-09-26 13:32:20,491 [pool-297-thread-1] INFO  server.RaftServerConfigKeys (ConfUtils.java:logGet(43)) - raft.server.rpcslowness.timeout = 120s (custom)
2019-09-26 13:32:20,491 [pool-297-thread-1] INFO  server.RaftServerConfigKeys (ConfUtils.java:logGet(43)) - raft.server.sleep.deviation.threshold = 300 (default)
2019-09-26 13:32:20,491 [pool-297-thread-1] INFO  server.RaftServerConfigKeys (ConfUtils.java:logGet(43)) - raft.server.log.appender.install.snapshot.enabled = false (custom)
2019-09-26 13:32:20,491 [pool-297-thread-1] INFO  impl.RaftServerImpl (ServerState.java:<init>(103)) - 7640920c-e43d-4271-86d9-e94fdcad330b@group-97C64A320463: ConfigurationManager, init=-1: [7640920c-e43d-4271-86d9-e94fdcad330b:192.168.164.238:37849], old=null, confs=<EMPTY_MAP>
2019-09-26 13:32:20,491 [pool-297-thread-1] INFO  server.RaftServerConfigKeys (ConfUtils.java:logGet(43)) - raft.server.storage.dir = [/workdir/hadoop-ozone/ozonefs/target/test-dir/MiniOzoneClusterImpl-d13f4c17-e694-49b3-9e13-851dfc20fd5b/datanode-2/data/ratis] (custom)
2019-09-26 13:32:20,492 [pool-297-thread-1] INFO  storage.RaftStorageDirectory (RaftStorageDirectory.java:analyzeStorage(246)) - The storage directory /workdir/hadoop-ozone/ozonefs/target/test-dir/MiniOzoneClusterImpl-d13f4c17-e694-49b3-9e13-851dfc20fd5b/datanode-2/data/ratis/93025004-330f-492c-9c44-97c64a320463 does not exist. Creating ...
2019-09-26 13:32:20,504 [pool-297-thread-1] INFO  storage.RaftStorageDirectory (RaftStorageDirectory.java:tryLock(328)) - Lock on /workdir/hadoop-ozone/ozonefs/target/test-dir/MiniOzoneClusterImpl-d13f4c17-e694-49b3-9e13-851dfc20fd5b/datanode-2/data/ratis/93025004-330f-492c-9c44-97c64a320463/in_use.lock acquired by nodename 10147@pr-hdds-1569-87zkn-1081879488
2019-09-26 13:32:20,517 [pool-297-thread-1] INFO  storage.RaftStorage (RaftStorage.java:format(72)) - Storage directory /workdir/hadoop-ozone/ozonefs/target/test-dir/MiniOzoneClusterImpl-d13f4c17-e694-49b3-9e13-851dfc20fd5b/datanode-2/data/ratis/93025004-330f-492c-9c44-97c64a320463 has been successfully formatted.
2019-09-26 13:32:20,518 [pool-297-thread-1] INFO  ratis.ContainerStateMachine (ContainerStateMachine.java:loadSnapshot(230)) - group-97C64A320463: The snapshot info is null. Setting the last applied indexto:(t:0, i:~)
2019-09-26 13:32:20,518 [pool-297-thread-1] INFO  server.RaftServerConfigKeys (ConfUtils.java:logGet(43)) - raft.server.notification.no-leader.timeout = 120s (custom)
2019-09-26 13:32:20,518 [pool-297-thread-1] INFO  server.RaftServerConfigKeys (ConfUtils.java:logGet(43)) - raft.server.log.use.memory = false (default)
2019-09-26 13:32:20,518 [pool-297-thread-1] INFO  server.RaftServerConfigKeys (ConfUtils.java:logGet(43)) - raft.server.log.purge.gap = 1000000 (custom)
2019-09-26 13:32:20,519 [pool-297-thread-1] INFO  server.RaftServerConfigKeys (ConfUtils.java:logGet(43)) - raft.server.log.appender.buffer.byte-limit = 33554432 (custom)
2019-09-26 13:32:20,519 [pool-297-thread-1] INFO  server.RaftServerConfigKeys (ConfUtils.java:logGet(43)) - raft.server.log.segment.size.max = 1048576 (custom)
2019-09-26 13:32:20,519 [pool-297-thread-1] INFO  server.RaftServerConfigKeys (ConfUtils.java:logGet(43)) - raft.server.log.segment.cache.num.max = 2 (custom)
2019-09-26 13:32:20,519 [pool-297-thread-1] INFO  segmented.SegmentedRaftLogWorker (SegmentedRaftLogWorker.java:<init>(172)) - new 7640920c-e43d-4271-86d9-e94fdcad330b@group-97C64A320463-SegmentedRaftLogWorker for RaftStorage:Storage Directory /workdir/hadoop-ozone/ozonefs/target/test-dir/MiniOzoneClusterImpl-d13f4c17-e694-49b3-9e13-851dfc20fd5b/datanode-2/data/ratis/93025004-330f-492c-9c44-97c64a320463
2019-09-26 13:32:20,519 [pool-297-thread-1] INFO  server.RaftServerConfigKeys (ConfUtils.java:logGet(43)) - raft.server.log.queue.byte-limit = 2147483647 (custom)
2019-09-26 13:32:20,519 [pool-297-thread-1] INFO  server.RaftServerConfigKeys (ConfUtils.java:logGet(43)) - raft.server.log.queue.element-limit = 1024 (custom)
2019-09-26 13:32:20,520 [pool-297-thread-1] INFO  server.RaftServerConfigKeys (ConfUtils.java:logGet(43)) - raft.server.log.segment.size.max = 1048576 (custom)
2019-09-26 13:32:20,520 [pool-297-thread-1] INFO  server.RaftServerConfigKeys (ConfUtils.java:logGet(43)) - raft.server.log.preallocated.size = 16384 (custom)
2019-09-26 13:32:20,520 [pool-297-thread-1] INFO  server.RaftServerConfigKeys (ConfUtils.java:logGet(43)) - raft.server.log.write.buffer.size = 33554432 (custom)
2019-09-26 13:32:20,520 [pool-297-thread-1] INFO  server.RaftServerConfigKeys (ConfUtils.java:logGet(43)) - raft.server.log.force.sync.num = 128 (default)
2019-09-26 13:32:20,520 [pool-297-thread-1] INFO  server.RaftServerConfigKeys (ConfUtils.java:logGet(43)) - raft.server.log.statemachine.data.sync = true (default)
2019-09-26 13:32:20,520 [pool-297-thread-1] INFO  server.RaftServerConfigKeys (ConfUtils.java:logGet(43)) - raft.server.log.statemachine.data.sync.timeout = 10s (default)
2019-09-26 13:32:20,520 [pool-297-thread-1] INFO  server.RaftServerConfigKeys (ConfUtils.java:logGet(43)) - raft.server.log.statemachine.data.sync.timeout.retry = -1 (default)
2019-09-26 13:32:20,521 [pool-297-thread-1] INFO  server.RaftServerConfigKeys (ConfUtils.java:logGet(43)) - raft.server.log.statemachine.data.caching.enabled = true (custom)
2019-09-26 13:32:20,521 [pool-297-thread-1] INFO  segmented.SegmentedRaftLogWorker (SegmentedRaftLogWorker.java:lambda$new$0(132)) - 7640920c-e43d-4271-86d9-e94fdcad330b@group-97C64A320463-SegmentedRaftLogWorker: flushIndex: setUnconditionally 0 -> -1
2019-09-26 13:32:20,521 [pool-297-thread-1] INFO  server.RaftServerConfigKeys (ConfUtils.java:logGet(43)) - raft.server.snapshot.auto.trigger.enabled = true (custom)
2019-09-26 13:32:20,522 [pool-297-thread-1] INFO  server.RaftServerConfigKeys (ConfUtils.java:logGet(43)) - raft.server.snapshot.auto.trigger.threshold = 10000 (custom)
2019-09-26 13:32:20,522 [pool-297-thread-1] INFO  server.RaftServerConfigKeys (ConfUtils.java:logGet(43)) - raft.server.snapshot.retention.num.files = 5 (custom)
2019-09-26 13:32:20,522 [pool-297-thread-1] INFO  server.RaftServerConfigKeys (ConfUtils.java:logGet(43)) - raft.server.retrycache.expirytime = 600000ms (custom)
2019-09-26 13:32:20,524 [pool-297-thread-1] INFO  impl.RaftServerImpl (RaftServerImpl.java:start(185)) - 7640920c-e43d-4271-86d9-e94fdcad330b@group-97C64A320463: start as a follower, conf=-1: [7640920c-e43d-4271-86d9-e94fdcad330b:192.168.164.238:37849], old=null
2019-09-26 13:32:20,524 [pool-297-thread-1] INFO  impl.RaftServerImpl (RaftServerImpl.java:setRole(174)) - 7640920c-e43d-4271-86d9-e94fdcad330b@group-97C64A320463: changes role from      null to FOLLOWER at term 0 for startAsFollower
2019-09-26 13:32:20,524 [pool-297-thread-1] INFO  impl.RoleInfo (RoleInfo.java:updateAndGet(143)) - 7640920c-e43d-4271-86d9-e94fdcad330b: start FollowerState
2019-09-26 13:32:20,525 [pool-297-thread-1] INFO  util.JmxRegister (JmxRegister.java:tryRegister(44)) - Successfully registered JMX Bean with object name Ratis:service=RaftServer,group=group-97C64A320463,id=7640920c-e43d-4271-86d9-e94fdcad330b
2019-09-26 13:32:20,528 [RatisPipelineUtilsThread] INFO  pipeline.PipelineStateManager (PipelineStateManager.java:addPipeline(56)) - Created pipeline Pipeline[ Id: 93025004-330f-492c-9c44-97c64a320463, Nodes: 7640920c-e43d-4271-86d9-e94fdcad330b{ip: 192.168.164.238, host: pr-hdds-1569-87zkn-1081879488, networkLocation: /default-rack, certSerialId: null}, Type:RATIS, Factor:ONE, State:OPEN]
2019-09-26 13:32:20,528 [RatisPipelineUtilsThread] INFO  pipeline.PipelinePlacementPolicy (PipelinePlacementPolicy.java:meetCriteria(91)) - Pipeline Placement: can't place more pipeline on heavy datanode： 7f96d7ec-09ec-4bbe-aec6-0e54f41a3b22 Heaviness: 6 limit: 5
2019-09-26 13:32:20,529 [RatisPipelineUtilsThread] INFO  pipeline.PipelinePlacementPolicy (PipelinePlacementPolicy.java:meetCriteria(91)) - Pipeline Placement: can't place more pipeline on heavy datanode： d996ac0f-d7fa-44b8-9629-cc45741e2b0c Heaviness: 6 limit: 5
2019-09-26 13:32:20,534 [grpc-default-executor-0] INFO  impl.RaftServerProxy (RaftServerProxy.java:addNew(89)) - 7640920c-e43d-4271-86d9-e94fdcad330b: addNew group-7BBB28E79746:[7640920c-e43d-4271-86d9-e94fdcad330b:192.168.164.238:37849] returns group-7BBB28E79746:java.util.concurrent.CompletableFuture@13121516[Not completed]
2019-09-26 13:32:20,535 [pool-297-thread-1] INFO  impl.RaftServerImpl (RaftServerImpl.java:<init>(95)) - 7640920c-e43d-4271-86d9-e94fdcad330b: new RaftServerImpl for group-7BBB28E79746:[7640920c-e43d-4271-86d9-e94fdcad330b:192.168.164.238:37849] with ContainerStateMachine:uninitialized
2019-09-26 13:32:20,535 [pool-297-thread-1] INFO  server.RaftServerConfigKeys (ConfUtils.java:logGet(43)) - raft.server.rpc.timeout.min = 5s (custom)
2019-09-26 13:32:20,535 [pool-297-thread-1] INFO  server.RaftServerConfigKeys (ConfUtils.java:logGet(43)) - raft.server.rpc.timeout.max = 5200ms (custom)
2019-09-26 13:32:20,536 [pool-297-thread-1] INFO  server.RaftServerConfigKeys (ConfUtils.java:logGet(43)) - raft.server.rpcslowness.timeout = 120s (custom)
2019-09-26 13:32:20,536 [pool-297-thread-1] INFO  server.RaftServerConfigKeys (ConfUtils.java:logGet(43)) - raft.server.sleep.deviation.threshold = 300 (default)
2019-09-26 13:32:20,536 [pool-297-thread-1] INFO  server.RaftServerConfigKeys (ConfUtils.java:logGet(43)) - raft.server.log.appender.install.snapshot.enabled = false (custom)
2019-09-26 13:32:20,536 [pool-297-thread-1] INFO  impl.RaftServerImpl (ServerState.java:<init>(103)) - 7640920c-e43d-4271-86d9-e94fdcad330b@group-7BBB28E79746: ConfigurationManager, init=-1: [7640920c-e43d-4271-86d9-e94fdcad330b:192.168.164.238:37849], old=null, confs=<EMPTY_MAP>
2019-09-26 13:32:20,536 [pool-297-thread-1] INFO  server.RaftServerConfigKeys (ConfUtils.java:logGet(43)) - raft.server.storage.dir = [/workdir/hadoop-ozone/ozonefs/target/test-dir/MiniOzoneClusterImpl-d13f4c17-e694-49b3-9e13-851dfc20fd5b/datanode-2/data/ratis] (custom)
2019-09-26 13:32:20,537 [pool-297-thread-1] INFO  storage.RaftStorageDirectory (RaftStorageDirectory.java:analyzeStorage(246)) - The storage directory /workdir/hadoop-ozone/ozonefs/target/test-dir/MiniOzoneClusterImpl-d13f4c17-e694-49b3-9e13-851dfc20fd5b/datanode-2/data/ratis/0119e4fc-57f4-4920-b7a1-7bbb28e79746 does not exist. Creating ...
2019-09-26 13:32:20,549 [pool-297-thread-1] INFO  storage.RaftStorageDirectory (RaftStorageDirectory.java:tryLock(328)) - Lock on /workdir/hadoop-ozone/ozonefs/target/test-dir/MiniOzoneClusterImpl-d13f4c17-e694-49b3-9e13-851dfc20fd5b/datanode-2/data/ratis/0119e4fc-57f4-4920-b7a1-7bbb28e79746/in_use.lock acquired by nodename 10147@pr-hdds-1569-87zkn-1081879488
2019-09-26 13:32:20,562 [pool-297-thread-1] INFO  storage.RaftStorage (RaftStorage.java:format(72)) - Storage directory /workdir/hadoop-ozone/ozonefs/target/test-dir/MiniOzoneClusterImpl-d13f4c17-e694-49b3-9e13-851dfc20fd5b/datanode-2/data/ratis/0119e4fc-57f4-4920-b7a1-7bbb28e79746 has been successfully formatted.
2019-09-26 13:32:20,562 [pool-297-thread-1] INFO  ratis.ContainerStateMachine (ContainerStateMachine.java:loadSnapshot(230)) - group-7BBB28E79746: The snapshot info is null. Setting the last applied indexto:(t:0, i:~)
2019-09-26 13:32:20,562 [pool-297-thread-1] INFO  server.RaftServerConfigKeys (ConfUtils.java:logGet(43)) - raft.server.notification.no-leader.timeout = 120s (custom)
2019-09-26 13:32:20,563 [pool-297-thread-1] INFO  server.RaftServerConfigKeys (ConfUtils.java:logGet(43)) - raft.server.log.use.memory = false (default)
2019-09-26 13:32:20,563 [pool-297-thread-1] INFO  server.RaftServerConfigKeys (ConfUtils.java:logGet(43)) - raft.server.log.purge.gap = 1000000 (custom)
2019-09-26 13:32:20,563 [pool-297-thread-1] INFO  server.RaftServerConfigKeys (ConfUtils.java:logGet(43)) - raft.server.log.appender.buffer.byte-limit = 33554432 (custom)
2019-09-26 13:32:20,563 [pool-297-thread-1] INFO  server.RaftServerConfigKeys (ConfUtils.java:logGet(43)) - raft.server.log.segment.size.max = 1048576 (custom)
2019-09-26 13:32:20,563 [pool-297-thread-1] INFO  server.RaftServerConfigKeys (ConfUtils.java:logGet(43)) - raft.server.log.segment.cache.num.max = 2 (custom)
2019-09-26 13:32:20,563 [pool-297-thread-1] INFO  segmented.SegmentedRaftLogWorker (SegmentedRaftLogWorker.java:<init>(172)) - new 7640920c-e43d-4271-86d9-e94fdcad330b@group-7BBB28E79746-SegmentedRaftLogWorker for RaftStorage:Storage Directory /workdir/hadoop-ozone/ozonefs/target/test-dir/MiniOzoneClusterImpl-d13f4c17-e694-49b3-9e13-851dfc20fd5b/datanode-2/data/ratis/0119e4fc-57f4-4920-b7a1-7bbb28e79746
2019-09-26 13:32:20,563 [pool-297-thread-1] INFO  server.RaftServerConfigKeys (ConfUtils.java:logGet(43)) - raft.server.log.queue.byte-limit = 2147483647 (custom)
2019-09-26 13:32:20,563 [pool-297-thread-1] INFO  server.RaftServerConfigKeys (ConfUtils.java:logGet(43)) - raft.server.log.queue.element-limit = 1024 (custom)
2019-09-26 13:32:20,564 [pool-297-thread-1] INFO  server.RaftServerConfigKeys (ConfUtils.java:logGet(43)) - raft.server.log.segment.size.max = 1048576 (custom)
2019-09-26 13:32:20,564 [pool-297-thread-1] INFO  server.RaftServerConfigKeys (ConfUtils.java:logGet(43)) - raft.server.log.preallocated.size = 16384 (custom)
2019-09-26 13:32:20,564 [pool-297-thread-1] INFO  server.RaftServerConfigKeys (ConfUtils.java:logGet(43)) - raft.server.log.write.buffer.size = 33554432 (custom)
2019-09-26 13:32:20,564 [pool-297-thread-1] INFO  server.RaftServerConfigKeys (ConfUtils.java:logGet(43)) - raft.server.log.force.sync.num = 128 (default)
2019-09-26 13:32:20,564 [pool-297-thread-1] INFO  server.RaftServerConfigKeys (ConfUtils.java:logGet(43)) - raft.server.log.statemachine.data.sync = true (default)
2019-09-26 13:32:20,564 [pool-297-thread-1] INFO  server.RaftServerConfigKeys (ConfUtils.java:logGet(43)) - raft.server.log.statemachine.data.sync.timeout = 10s (default)
2019-09-26 13:32:20,564 [pool-297-thread-1] INFO  server.RaftServerConfigKeys (ConfUtils.java:logGet(43)) - raft.server.log.statemachine.data.sync.timeout.retry = -1 (default)
2019-09-26 13:32:20,565 [pool-297-thread-1] INFO  server.RaftServerConfigKeys (ConfUtils.java:logGet(43)) - raft.server.log.statemachine.data.caching.enabled = true (custom)
2019-09-26 13:32:20,565 [pool-297-thread-1] INFO  segmented.SegmentedRaftLogWorker (SegmentedRaftLogWorker.java:lambda$new$0(132)) - 7640920c-e43d-4271-86d9-e94fdcad330b@group-7BBB28E79746-SegmentedRaftLogWorker: flushIndex: setUnconditionally 0 -> -1
2019-09-26 13:32:20,565 [pool-297-thread-1] INFO  server.RaftServerConfigKeys (ConfUtils.java:logGet(43)) - raft.server.snapshot.auto.trigger.enabled = true (custom)
2019-09-26 13:32:20,565 [pool-297-thread-1] INFO  server.RaftServerConfigKeys (ConfUtils.java:logGet(43)) - raft.server.snapshot.auto.trigger.threshold = 10000 (custom)
2019-09-26 13:32:20,565 [pool-297-thread-1] INFO  server.RaftServerConfigKeys (ConfUtils.java:logGet(43)) - raft.server.snapshot.retention.num.files = 5 (custom)
2019-09-26 13:32:20,566 [pool-297-thread-1] INFO  server.RaftServerConfigKeys (ConfUtils.java:logGet(43)) - raft.server.retrycache.expirytime = 600000ms (custom)
2019-09-26 13:32:20,567 [pool-297-thread-1] INFO  impl.RaftServerImpl (RaftServerImpl.java:start(185)) - 7640920c-e43d-4271-86d9-e94fdcad330b@group-7BBB28E79746: start as a follower, conf=-1: [7640920c-e43d-4271-86d9-e94fdcad330b:192.168.164.238:37849], old=null
2019-09-26 13:32:20,567 [pool-297-thread-1] INFO  impl.RaftServerImpl (RaftServerImpl.java:setRole(174)) - 7640920c-e43d-4271-86d9-e94fdcad330b@group-7BBB28E79746: changes role from      null to FOLLOWER at term 0 for startAsFollower
2019-09-26 13:32:20,568 [pool-297-thread-1] INFO  impl.RoleInfo (RoleInfo.java:updateAndGet(143)) - 7640920c-e43d-4271-86d9-e94fdcad330b: start FollowerState
2019-09-26 13:32:20,568 [pool-297-thread-1] INFO  util.JmxRegister (JmxRegister.java:tryRegister(44)) - Successfully registered JMX Bean with object name Ratis:service=RaftServer,group=group-7BBB28E79746,id=7640920c-e43d-4271-86d9-e94fdcad330b
2019-09-26 13:32:20,575 [RatisPipelineUtilsThread] INFO  pipeline.PipelineStateManager (PipelineStateManager.java:addPipeline(56)) - Created pipeline Pipeline[ Id: 0119e4fc-57f4-4920-b7a1-7bbb28e79746, Nodes: 7640920c-e43d-4271-86d9-e94fdcad330b{ip: 192.168.164.238, host: pr-hdds-1569-87zkn-1081879488, networkLocation: /default-rack, certSerialId: null}, Type:RATIS, Factor:ONE, State:OPEN]
2019-09-26 13:32:20,576 [RatisPipelineUtilsThread] INFO  pipeline.PipelinePlacementPolicy (PipelinePlacementPolicy.java:meetCriteria(91)) - Pipeline Placement: can't place more pipeline on heavy datanode： 7f96d7ec-09ec-4bbe-aec6-0e54f41a3b22 Heaviness: 6 limit: 5
2019-09-26 13:32:20,576 [RatisPipelineUtilsThread] INFO  pipeline.PipelinePlacementPolicy (PipelinePlacementPolicy.java:meetCriteria(91)) - Pipeline Placement: can't place more pipeline on heavy datanode： d996ac0f-d7fa-44b8-9629-cc45741e2b0c Heaviness: 6 limit: 5
2019-09-26 13:32:20,582 [grpc-default-executor-0] INFO  impl.RaftServerProxy (RaftServerProxy.java:addNew(89)) - 7640920c-e43d-4271-86d9-e94fdcad330b: addNew group-DC63D022E8B1:[7640920c-e43d-4271-86d9-e94fdcad330b:192.168.164.238:37849] returns group-DC63D022E8B1:java.util.concurrent.CompletableFuture@7ea49ac6[Not completed]
2019-09-26 13:32:20,583 [pool-297-thread-1] INFO  impl.RaftServerImpl (RaftServerImpl.java:<init>(95)) - 7640920c-e43d-4271-86d9-e94fdcad330b: new RaftServerImpl for group-DC63D022E8B1:[7640920c-e43d-4271-86d9-e94fdcad330b:192.168.164.238:37849] with ContainerStateMachine:uninitialized
2019-09-26 13:32:20,583 [pool-297-thread-1] INFO  server.RaftServerConfigKeys (ConfUtils.java:logGet(43)) - raft.server.rpc.timeout.min = 5s (custom)
2019-09-26 13:32:20,583 [pool-297-thread-1] INFO  server.RaftServerConfigKeys (ConfUtils.java:logGet(43)) - raft.server.rpc.timeout.max = 5200ms (custom)
2019-09-26 13:32:20,583 [pool-297-thread-1] INFO  server.RaftServerConfigKeys (ConfUtils.java:logGet(43)) - raft.server.rpcslowness.timeout = 120s (custom)
2019-09-26 13:32:20,583 [pool-297-thread-1] INFO  server.RaftServerConfigKeys (ConfUtils.java:logGet(43)) - raft.server.sleep.deviation.threshold = 300 (default)
2019-09-26 13:32:20,583 [pool-297-thread-1] INFO  server.RaftServerConfigKeys (ConfUtils.java:logGet(43)) - raft.server.log.appender.install.snapshot.enabled = false (custom)
2019-09-26 13:32:20,584 [pool-297-thread-1] INFO  impl.RaftServerImpl (ServerState.java:<init>(103)) - 7640920c-e43d-4271-86d9-e94fdcad330b@group-DC63D022E8B1: ConfigurationManager, init=-1: [7640920c-e43d-4271-86d9-e94fdcad330b:192.168.164.238:37849], old=null, confs=<EMPTY_MAP>
2019-09-26 13:32:20,584 [pool-297-thread-1] INFO  server.RaftServerConfigKeys (ConfUtils.java:logGet(43)) - raft.server.storage.dir = [/workdir/hadoop-ozone/ozonefs/target/test-dir/MiniOzoneClusterImpl-d13f4c17-e694-49b3-9e13-851dfc20fd5b/datanode-2/data/ratis] (custom)
2019-09-26 13:32:20,584 [pool-297-thread-1] INFO  storage.RaftStorageDirectory (RaftStorageDirectory.java:analyzeStorage(246)) - The storage directory /workdir/hadoop-ozone/ozonefs/target/test-dir/MiniOzoneClusterImpl-d13f4c17-e694-49b3-9e13-851dfc20fd5b/datanode-2/data/ratis/5c884f3f-b1df-49fd-83a7-dc63d022e8b1 does not exist. Creating ...
2019-09-26 13:32:20,587 [pool-297-thread-1] INFO  storage.RaftStorageDirectory (RaftStorageDirectory.java:tryLock(328)) - Lock on /workdir/hadoop-ozone/ozonefs/target/test-dir/MiniOzoneClusterImpl-d13f4c17-e694-49b3-9e13-851dfc20fd5b/datanode-2/data/ratis/5c884f3f-b1df-49fd-83a7-dc63d022e8b1/in_use.lock acquired by nodename 10147@pr-hdds-1569-87zkn-1081879488
2019-09-26 13:32:20,590 [pool-297-thread-1] INFO  storage.RaftStorage (RaftStorage.java:format(72)) - Storage directory /workdir/hadoop-ozone/ozonefs/target/test-dir/MiniOzoneClusterImpl-d13f4c17-e694-49b3-9e13-851dfc20fd5b/datanode-2/data/ratis/5c884f3f-b1df-49fd-83a7-dc63d022e8b1 has been successfully formatted.
2019-09-26 13:32:20,591 [pool-297-thread-1] INFO  ratis.ContainerStateMachine (ContainerStateMachine.java:loadSnapshot(230)) - group-DC63D022E8B1: The snapshot info is null. Setting the last applied indexto:(t:0, i:~)
2019-09-26 13:32:20,591 [pool-297-thread-1] INFO  server.RaftServerConfigKeys (ConfUtils.java:logGet(43)) - raft.server.notification.no-leader.timeout = 120s (custom)
2019-09-26 13:32:20,591 [pool-297-thread-1] INFO  server.RaftServerConfigKeys (ConfUtils.java:logGet(43)) - raft.server.log.use.memory = false (default)
2019-09-26 13:32:20,591 [pool-297-thread-1] INFO  server.RaftServerConfigKeys (ConfUtils.java:logGet(43)) - raft.server.log.purge.gap = 1000000 (custom)
2019-09-26 13:32:20,591 [pool-297-thread-1] INFO  server.RaftServerConfigKeys (ConfUtils.java:logGet(43)) - raft.server.log.appender.buffer.byte-limit = 33554432 (custom)
2019-09-26 13:32:20,591 [pool-297-thread-1] INFO  server.RaftServerConfigKeys (ConfUtils.java:logGet(43)) - raft.server.log.segment.size.max = 1048576 (custom)
2019-09-26 13:32:20,591 [pool-297-thread-1] INFO  server.RaftServerConfigKeys (ConfUtils.java:logGet(43)) - raft.server.log.segment.cache.num.max = 2 (custom)
2019-09-26 13:32:20,592 [pool-297-thread-1] INFO  segmented.SegmentedRaftLogWorker (SegmentedRaftLogWorker.java:<init>(172)) - new 7640920c-e43d-4271-86d9-e94fdcad330b@group-DC63D022E8B1-SegmentedRaftLogWorker for RaftStorage:Storage Directory /workdir/hadoop-ozone/ozonefs/target/test-dir/MiniOzoneClusterImpl-d13f4c17-e694-49b3-9e13-851dfc20fd5b/datanode-2/data/ratis/5c884f3f-b1df-49fd-83a7-dc63d022e8b1
2019-09-26 13:32:20,592 [pool-297-thread-1] INFO  server.RaftServerConfigKeys (ConfUtils.java:logGet(43)) - raft.server.log.queue.byte-limit = 2147483647 (custom)
2019-09-26 13:32:20,592 [pool-297-thread-1] INFO  server.RaftServerConfigKeys (ConfUtils.java:logGet(43)) - raft.server.log.queue.element-limit = 1024 (custom)
2019-09-26 13:32:20,592 [pool-297-thread-1] INFO  server.RaftServerConfigKeys (ConfUtils.java:logGet(43)) - raft.server.log.segment.size.max = 1048576 (custom)
2019-09-26 13:32:20,592 [pool-297-thread-1] INFO  server.RaftServerConfigKeys (ConfUtils.java:logGet(43)) - raft.server.log.preallocated.size = 16384 (custom)
2019-09-26 13:32:20,592 [pool-297-thread-1] INFO  server.RaftServerConfigKeys (ConfUtils.java:logGet(43)) - raft.server.log.write.buffer.size = 33554432 (custom)
2019-09-26 13:32:20,592 [pool-297-thread-1] INFO  server.RaftServerConfigKeys (ConfUtils.java:logGet(43)) - raft.server.log.force.sync.num = 128 (default)
2019-09-26 13:32:20,593 [pool-297-thread-1] INFO  server.RaftServerConfigKeys (ConfUtils.java:logGet(43)) - raft.server.log.statemachine.data.sync = true (default)
2019-09-26 13:32:20,593 [pool-297-thread-1] INFO  server.RaftServerConfigKeys (ConfUtils.java:logGet(43)) - raft.server.log.statemachine.data.sync.timeout = 10s (default)
2019-09-26 13:32:20,593 [pool-297-thread-1] INFO  server.RaftServerConfigKeys (ConfUtils.java:logGet(43)) - raft.server.log.statemachine.data.sync.timeout.retry = -1 (default)
2019-09-26 13:32:20,593 [pool-297-thread-1] INFO  server.RaftServerConfigKeys (ConfUtils.java:logGet(43)) - raft.server.log.statemachine.data.caching.enabled = true (custom)
2019-09-26 13:32:20,593 [pool-297-thread-1] INFO  segmented.SegmentedRaftLogWorker (SegmentedRaftLogWorker.java:lambda$new$0(132)) - 7640920c-e43d-4271-86d9-e94fdcad330b@group-DC63D022E8B1-SegmentedRaftLogWorker: flushIndex: setUnconditionally 0 -> -1
2019-09-26 13:32:20,594 [pool-297-thread-1] INFO  server.RaftServerConfigKeys (ConfUtils.java:logGet(43)) - raft.server.snapshot.auto.trigger.enabled = true (custom)
2019-09-26 13:32:20,594 [pool-297-thread-1] INFO  server.RaftServerConfigKeys (ConfUtils.java:logGet(43)) - raft.server.snapshot.auto.trigger.threshold = 10000 (custom)
2019-09-26 13:32:20,594 [pool-297-thread-1] INFO  server.RaftServerConfigKeys (ConfUtils.java:logGet(43)) - raft.server.snapshot.retention.num.files = 5 (custom)
2019-09-26 13:32:20,594 [pool-297-thread-1] INFO  server.RaftServerConfigKeys (ConfUtils.java:logGet(43)) - raft.server.retrycache.expirytime = 600000ms (custom)
2019-09-26 13:32:20,596 [pool-297-thread-1] INFO  impl.RaftServerImpl (RaftServerImpl.java:start(185)) - 7640920c-e43d-4271-86d9-e94fdcad330b@group-DC63D022E8B1: start as a follower, conf=-1: [7640920c-e43d-4271-86d9-e94fdcad330b:192.168.164.238:37849], old=null
2019-09-26 13:32:20,596 [pool-297-thread-1] INFO  impl.RaftServerImpl (RaftServerImpl.java:setRole(174)) - 7640920c-e43d-4271-86d9-e94fdcad330b@group-DC63D022E8B1: changes role from      null to FOLLOWER at term 0 for startAsFollower
2019-09-26 13:32:20,596 [pool-297-thread-1] INFO  impl.RoleInfo (RoleInfo.java:updateAndGet(143)) - 7640920c-e43d-4271-86d9-e94fdcad330b: start FollowerState
2019-09-26 13:32:20,596 [pool-297-thread-1] INFO  util.JmxRegister (JmxRegister.java:tryRegister(44)) - Successfully registered JMX Bean with object name Ratis:service=RaftServer,group=group-DC63D022E8B1,id=7640920c-e43d-4271-86d9-e94fdcad330b
2019-09-26 13:32:20,599 [RatisPipelineUtilsThread] INFO  pipeline.PipelineStateManager (PipelineStateManager.java:addPipeline(56)) - Created pipeline Pipeline[ Id: 5c884f3f-b1df-49fd-83a7-dc63d022e8b1, Nodes: 7640920c-e43d-4271-86d9-e94fdcad330b{ip: 192.168.164.238, host: pr-hdds-1569-87zkn-1081879488, networkLocation: /default-rack, certSerialId: null}, Type:RATIS, Factor:ONE, State:OPEN]
2019-09-26 13:32:20,600 [RatisPipelineUtilsThread] INFO  pipeline.PipelinePlacementPolicy (PipelinePlacementPolicy.java:meetCriteria(91)) - Pipeline Placement: can't place more pipeline on heavy datanode： 7f96d7ec-09ec-4bbe-aec6-0e54f41a3b22 Heaviness: 6 limit: 5
2019-09-26 13:32:20,600 [RatisPipelineUtilsThread] INFO  pipeline.PipelinePlacementPolicy (PipelinePlacementPolicy.java:meetCriteria(91)) - Pipeline Placement: can't place more pipeline on heavy datanode： d996ac0f-d7fa-44b8-9629-cc45741e2b0c Heaviness: 6 limit: 5
2019-09-26 13:32:20,605 [grpc-default-executor-0] INFO  impl.RaftServerProxy (RaftServerProxy.java:addNew(89)) - 7640920c-e43d-4271-86d9-e94fdcad330b: addNew group-B7E2B47C6FBC:[7640920c-e43d-4271-86d9-e94fdcad330b:192.168.164.238:37849] returns group-B7E2B47C6FBC:java.util.concurrent.CompletableFuture@52b2a745[Not completed]
2019-09-26 13:32:20,606 [pool-297-thread-1] INFO  impl.RaftServerImpl (RaftServerImpl.java:<init>(95)) - 7640920c-e43d-4271-86d9-e94fdcad330b: new RaftServerImpl for group-B7E2B47C6FBC:[7640920c-e43d-4271-86d9-e94fdcad330b:192.168.164.238:37849] with ContainerStateMachine:uninitialized
2019-09-26 13:32:20,606 [pool-297-thread-1] INFO  server.RaftServerConfigKeys (ConfUtils.java:logGet(43)) - raft.server.rpc.timeout.min = 5s (custom)
2019-09-26 13:32:20,606 [pool-297-thread-1] INFO  server.RaftServerConfigKeys (ConfUtils.java:logGet(43)) - raft.server.rpc.timeout.max = 5200ms (custom)
2019-09-26 13:32:20,606 [pool-297-thread-1] INFO  server.RaftServerConfigKeys (ConfUtils.java:logGet(43)) - raft.server.rpcslowness.timeout = 120s (custom)
2019-09-26 13:32:20,606 [pool-297-thread-1] INFO  server.RaftServerConfigKeys (ConfUtils.java:logGet(43)) - raft.server.sleep.deviation.threshold = 300 (default)
2019-09-26 13:32:20,606 [pool-297-thread-1] INFO  server.RaftServerConfigKeys (ConfUtils.java:logGet(43)) - raft.server.log.appender.install.snapshot.enabled = false (custom)
2019-09-26 13:32:20,607 [pool-297-thread-1] INFO  impl.RaftServerImpl (ServerState.java:<init>(103)) - 7640920c-e43d-4271-86d9-e94fdcad330b@group-B7E2B47C6FBC: ConfigurationManager, init=-1: [7640920c-e43d-4271-86d9-e94fdcad330b:192.168.164.238:37849], old=null, confs=<EMPTY_MAP>
2019-09-26 13:32:20,607 [pool-297-thread-1] INFO  server.RaftServerConfigKeys (ConfUtils.java:logGet(43)) - raft.server.storage.dir = [/workdir/hadoop-ozone/ozonefs/target/test-dir/MiniOzoneClusterImpl-d13f4c17-e694-49b3-9e13-851dfc20fd5b/datanode-2/data/ratis] (custom)
2019-09-26 13:32:20,607 [pool-297-thread-1] INFO  storage.RaftStorageDirectory (RaftStorageDirectory.java:analyzeStorage(246)) - The storage directory /workdir/hadoop-ozone/ozonefs/target/test-dir/MiniOzoneClusterImpl-d13f4c17-e694-49b3-9e13-851dfc20fd5b/datanode-2/data/ratis/7c5018ff-b136-4b29-85d5-b7e2b47c6fbc does not exist. Creating ...
2019-09-26 13:32:20,630 [pool-297-thread-1] INFO  storage.RaftStorageDirectory (RaftStorageDirectory.java:tryLock(328)) - Lock on /workdir/hadoop-ozone/ozonefs/target/test-dir/MiniOzoneClusterImpl-d13f4c17-e694-49b3-9e13-851dfc20fd5b/datanode-2/data/ratis/7c5018ff-b136-4b29-85d5-b7e2b47c6fbc/in_use.lock acquired by nodename 10147@pr-hdds-1569-87zkn-1081879488
2019-09-26 13:32:20,655 [pool-297-thread-1] INFO  storage.RaftStorage (RaftStorage.java:format(72)) - Storage directory /workdir/hadoop-ozone/ozonefs/target/test-dir/MiniOzoneClusterImpl-d13f4c17-e694-49b3-9e13-851dfc20fd5b/datanode-2/data/ratis/7c5018ff-b136-4b29-85d5-b7e2b47c6fbc has been successfully formatted.
2019-09-26 13:32:20,656 [pool-297-thread-1] INFO  ratis.ContainerStateMachine (ContainerStateMachine.java:loadSnapshot(230)) - group-B7E2B47C6FBC: The snapshot info is null. Setting the last applied indexto:(t:0, i:~)
2019-09-26 13:32:20,656 [pool-297-thread-1] INFO  server.RaftServerConfigKeys (ConfUtils.java:logGet(43)) - raft.server.notification.no-leader.timeout = 120s (custom)
2019-09-26 13:32:20,656 [pool-297-thread-1] INFO  server.RaftServerConfigKeys (ConfUtils.java:logGet(43)) - raft.server.log.use.memory = false (default)
2019-09-26 13:32:20,656 [pool-297-thread-1] INFO  server.RaftServerConfigKeys (ConfUtils.java:logGet(43)) - raft.server.log.purge.gap = 1000000 (custom)
2019-09-26 13:32:20,656 [pool-297-thread-1] INFO  server.RaftServerConfigKeys (ConfUtils.java:logGet(43)) - raft.server.log.appender.buffer.byte-limit = 33554432 (custom)
2019-09-26 13:32:20,656 [pool-297-thread-1] INFO  server.RaftServerConfigKeys (ConfUtils.java:logGet(43)) - raft.server.log.segment.size.max = 1048576 (custom)
2019-09-26 13:32:20,657 [pool-297-thread-1] INFO  server.RaftServerConfigKeys (ConfUtils.java:logGet(43)) - raft.server.log.segment.cache.num.max = 2 (custom)
2019-09-26 13:32:20,657 [pool-297-thread-1] INFO  segmented.SegmentedRaftLogWorker (SegmentedRaftLogWorker.java:<init>(172)) - new 7640920c-e43d-4271-86d9-e94fdcad330b@group-B7E2B47C6FBC-SegmentedRaftLogWorker for RaftStorage:Storage Directory /workdir/hadoop-ozone/ozonefs/target/test-dir/MiniOzoneClusterImpl-d13f4c17-e694-49b3-9e13-851dfc20fd5b/datanode-2/data/ratis/7c5018ff-b136-4b29-85d5-b7e2b47c6fbc
2019-09-26 13:32:20,657 [pool-297-thread-1] INFO  server.RaftServerConfigKeys (ConfUtils.java:logGet(43)) - raft.server.log.queue.byte-limit = 2147483647 (custom)
2019-09-26 13:32:20,657 [pool-297-thread-1] INFO  server.RaftServerConfigKeys (ConfUtils.java:logGet(43)) - raft.server.log.queue.element-limit = 1024 (custom)
2019-09-26 13:32:20,657 [pool-297-thread-1] INFO  server.RaftServerConfigKeys (ConfUtils.java:logGet(43)) - raft.server.log.segment.size.max = 1048576 (custom)
2019-09-26 13:32:20,657 [pool-297-thread-1] INFO  server.RaftServerConfigKeys (ConfUtils.java:logGet(43)) - raft.server.log.preallocated.size = 16384 (custom)
2019-09-26 13:32:20,658 [pool-297-thread-1] INFO  server.RaftServerConfigKeys (ConfUtils.java:logGet(43)) - raft.server.log.write.buffer.size = 33554432 (custom)
2019-09-26 13:32:20,658 [pool-297-thread-1] INFO  server.RaftServerConfigKeys (ConfUtils.java:logGet(43)) - raft.server.log.force.sync.num = 128 (default)
2019-09-26 13:32:20,658 [pool-297-thread-1] INFO  server.RaftServerConfigKeys (ConfUtils.java:logGet(43)) - raft.server.log.statemachine.data.sync = true (default)
2019-09-26 13:32:20,658 [pool-297-thread-1] INFO  server.RaftServerConfigKeys (ConfUtils.java:logGet(43)) - raft.server.log.statemachine.data.sync.timeout = 10s (default)
2019-09-26 13:32:20,658 [pool-297-thread-1] INFO  server.RaftServerConfigKeys (ConfUtils.java:logGet(43)) - raft.server.log.statemachine.data.sync.timeout.retry = -1 (default)
2019-09-26 13:32:20,658 [pool-297-thread-1] INFO  server.RaftServerConfigKeys (ConfUtils.java:logGet(43)) - raft.server.log.statemachine.data.caching.enabled = true (custom)
2019-09-26 13:32:20,659 [pool-297-thread-1] INFO  segmented.SegmentedRaftLogWorker (SegmentedRaftLogWorker.java:lambda$new$0(132)) - 7640920c-e43d-4271-86d9-e94fdcad330b@group-B7E2B47C6FBC-SegmentedRaftLogWorker: flushIndex: setUnconditionally 0 -> -1
2019-09-26 13:32:20,659 [pool-297-thread-1] INFO  server.RaftServerConfigKeys (ConfUtils.java:logGet(43)) - raft.server.snapshot.auto.trigger.enabled = true (custom)
2019-09-26 13:32:20,659 [pool-297-thread-1] INFO  server.RaftServerConfigKeys (ConfUtils.java:logGet(43)) - raft.server.snapshot.auto.trigger.threshold = 10000 (custom)
2019-09-26 13:32:20,660 [pool-297-thread-1] INFO  server.RaftServerConfigKeys (ConfUtils.java:logGet(43)) - raft.server.snapshot.retention.num.files = 5 (custom)
2019-09-26 13:32:20,660 [pool-297-thread-1] INFO  server.RaftServerConfigKeys (ConfUtils.java:logGet(43)) - raft.server.retrycache.expirytime = 600000ms (custom)
2019-09-26 13:32:20,662 [pool-297-thread-1] INFO  impl.RaftServerImpl (RaftServerImpl.java:start(185)) - 7640920c-e43d-4271-86d9-e94fdcad330b@group-B7E2B47C6FBC: start as a follower, conf=-1: [7640920c-e43d-4271-86d9-e94fdcad330b:192.168.164.238:37849], old=null
2019-09-26 13:32:20,662 [pool-297-thread-1] INFO  impl.RaftServerImpl (RaftServerImpl.java:setRole(174)) - 7640920c-e43d-4271-86d9-e94fdcad330b@group-B7E2B47C6FBC: changes role from      null to FOLLOWER at term 0 for startAsFollower
2019-09-26 13:32:20,662 [pool-297-thread-1] INFO  impl.RoleInfo (RoleInfo.java:updateAndGet(143)) - 7640920c-e43d-4271-86d9-e94fdcad330b: start FollowerState
2019-09-26 13:32:20,663 [pool-297-thread-1] INFO  util.JmxRegister (JmxRegister.java:tryRegister(44)) - Successfully registered JMX Bean with object name Ratis:service=RaftServer,group=group-B7E2B47C6FBC,id=7640920c-e43d-4271-86d9-e94fdcad330b
2019-09-26 13:32:20,666 [RatisPipelineUtilsThread] INFO  pipeline.PipelineStateManager (PipelineStateManager.java:addPipeline(56)) - Created pipeline Pipeline[ Id: 7c5018ff-b136-4b29-85d5-b7e2b47c6fbc, Nodes: 7640920c-e43d-4271-86d9-e94fdcad330b{ip: 192.168.164.238, host: pr-hdds-1569-87zkn-1081879488, networkLocation: /default-rack, certSerialId: null}, Type:RATIS, Factor:ONE, State:OPEN]
2019-09-26 13:32:20,666 [RatisPipelineUtilsThread] INFO  pipeline.PipelinePlacementPolicy (PipelinePlacementPolicy.java:meetCriteria(91)) - Pipeline Placement: can't place more pipeline on heavy datanode： 7640920c-e43d-4271-86d9-e94fdcad330b Heaviness: 6 limit: 5
2019-09-26 13:32:20,666 [RatisPipelineUtilsThread] INFO  pipeline.PipelinePlacementPolicy (PipelinePlacementPolicy.java:meetCriteria(91)) - Pipeline Placement: can't place more pipeline on heavy datanode： 7f96d7ec-09ec-4bbe-aec6-0e54f41a3b22 Heaviness: 6 limit: 5
2019-09-26 13:32:20,666 [RatisPipelineUtilsThread] INFO  pipeline.PipelinePlacementPolicy (PipelinePlacementPolicy.java:meetCriteria(91)) - Pipeline Placement: can't place more pipeline on heavy datanode： d996ac0f-d7fa-44b8-9629-cc45741e2b0c Heaviness: 6 limit: 5
2019-09-26 13:32:20,666 [RatisPipelineUtilsThread] ERROR pipeline.PipelinePlacementPolicy (PipelinePlacementPolicy.java:filterViableNodes(148)) - Unable to find enough nodes that meet the criteria that cannot engage in more than 5 pipelines. Nodes required: 1 Found: 0, healthy nodes count inNodeManager: 3.
2019-09-26 13:32:20,667 [RatisPipelineUtilsThread] ERROR pipeline.SCMPipelineManager (SCMPipelineManager.java:createPipeline(167)) - Pipeline creation failed.
org.apache.hadoop.hdds.scm.exceptions.SCMException: Unable to find enough nodes that meet the criteria that cannot engage in more than 5 pipelines. Nodes required: 1 Found: 0, healthy nodes count inNodeManager: 3.
	at org.apache.hadoop.hdds.scm.pipeline.PipelinePlacementPolicy.filterViableNodes(PipelinePlacementPolicy.java:149)
	at org.apache.hadoop.hdds.scm.pipeline.PipelinePlacementPolicy.chooseDatanodes(PipelinePlacementPolicy.java:172)
	at org.apache.hadoop.hdds.scm.pipeline.RatisPipelineProvider.create(RatisPipelineProvider.java:93)
	at org.apache.hadoop.hdds.scm.pipeline.PipelineFactory.create(PipelineFactory.java:58)
	at org.apache.hadoop.hdds.scm.pipeline.SCMPipelineManager.createPipeline(SCMPipelineManager.java:155)
	at org.apache.hadoop.hdds.scm.pipeline.BackgroundPipelineCreator.createPipelines(BackgroundPipelineCreator.java:99)
	at java.util.concurrent.Executors$RunnableAdapter.call(Executors.java:511)
	at java.util.concurrent.FutureTask.run(FutureTask.java:266)
	at java.util.concurrent.ScheduledThreadPoolExecutor$ScheduledFutureTask.access$201(ScheduledThreadPoolExecutor.java:180)
	at java.util.concurrent.ScheduledThreadPoolExecutor$ScheduledFutureTask.run(ScheduledThreadPoolExecutor.java:293)
	at java.util.concurrent.ThreadPoolExecutor.runWorker(ThreadPoolExecutor.java:1149)
	at java.util.concurrent.ThreadPoolExecutor$Worker.run(ThreadPoolExecutor.java:624)
	at java.lang.Thread.run(Thread.java:748)
2019-09-26 13:32:20,667 [RatisPipelineUtilsThread] INFO  pipeline.PipelinePlacementPolicy (PipelinePlacementPolicy.java:meetCriteria(91)) - Pipeline Placement: can't place more pipeline on heavy datanode： 7640920c-e43d-4271-86d9-e94fdcad330b Heaviness: 6 limit: 5
2019-09-26 13:32:20,667 [RatisPipelineUtilsThread] INFO  pipeline.PipelinePlacementPolicy (PipelinePlacementPolicy.java:meetCriteria(91)) - Pipeline Placement: can't place more pipeline on heavy datanode： 7f96d7ec-09ec-4bbe-aec6-0e54f41a3b22 Heaviness: 6 limit: 5
2019-09-26 13:32:20,667 [RatisPipelineUtilsThread] INFO  pipeline.PipelinePlacementPolicy (PipelinePlacementPolicy.java:meetCriteria(91)) - Pipeline Placement: can't place more pipeline on heavy datanode： d996ac0f-d7fa-44b8-9629-cc45741e2b0c Heaviness: 6 limit: 5
2019-09-26 13:32:20,668 [RatisPipelineUtilsThread] ERROR pipeline.PipelinePlacementPolicy (PipelinePlacementPolicy.java:filterViableNodes(148)) - Unable to find enough nodes that meet the criteria that cannot engage in more than 5 pipelines. Nodes required: 3 Found: 0, healthy nodes count inNodeManager: 3.
2019-09-26 13:32:20,668 [RatisPipelineUtilsThread] ERROR pipeline.SCMPipelineManager (SCMPipelineManager.java:createPipeline(167)) - Pipeline creation failed.
org.apache.hadoop.hdds.scm.exceptions.SCMException: Unable to find enough nodes that meet the criteria that cannot engage in more than 5 pipelines. Nodes required: 3 Found: 0, healthy nodes count inNodeManager: 3.
	at org.apache.hadoop.hdds.scm.pipeline.PipelinePlacementPolicy.filterViableNodes(PipelinePlacementPolicy.java:149)
	at org.apache.hadoop.hdds.scm.pipeline.PipelinePlacementPolicy.chooseDatanodes(PipelinePlacementPolicy.java:172)
	at org.apache.hadoop.hdds.scm.pipeline.RatisPipelineProvider.create(RatisPipelineProvider.java:93)
	at org.apache.hadoop.hdds.scm.pipeline.PipelineFactory.create(PipelineFactory.java:58)
	at org.apache.hadoop.hdds.scm.pipeline.SCMPipelineManager.createPipeline(SCMPipelineManager.java:155)
	at org.apache.hadoop.hdds.scm.pipeline.BackgroundPipelineCreator.createPipelines(BackgroundPipelineCreator.java:99)
	at java.util.concurrent.Executors$RunnableAdapter.call(Executors.java:511)
	at java.util.concurrent.FutureTask.run(FutureTask.java:266)
	at java.util.concurrent.ScheduledThreadPoolExecutor$ScheduledFutureTask.access$201(ScheduledThreadPoolExecutor.java:180)
	at java.util.concurrent.ScheduledThreadPoolExecutor$ScheduledFutureTask.run(ScheduledThreadPoolExecutor.java:293)
	at java.util.concurrent.ThreadPoolExecutor.runWorker(ThreadPoolExecutor.java:1149)
	at java.util.concurrent.ThreadPoolExecutor$Worker.run(ThreadPoolExecutor.java:624)
	at java.lang.Thread.run(Thread.java:748)
2019-09-26 13:32:20,668 [RatisPipelineUtilsThread] INFO  pipeline.PipelinePlacementPolicy (PipelinePlacementPolicy.java:meetCriteria(91)) - Pipeline Placement: can't place more pipeline on heavy datanode： 7640920c-e43d-4271-86d9-e94fdcad330b Heaviness: 6 limit: 5
2019-09-26 13:32:20,668 [RatisPipelineUtilsThread] INFO  pipeline.PipelinePlacementPolicy (PipelinePlacementPolicy.java:meetCriteria(91)) - Pipeline Placement: can't place more pipeline on heavy datanode： 7f96d7ec-09ec-4bbe-aec6-0e54f41a3b22 Heaviness: 6 limit: 5
2019-09-26 13:32:20,668 [RatisPipelineUtilsThread] INFO  pipeline.PipelinePlacementPolicy (PipelinePlacementPolicy.java:meetCriteria(91)) - Pipeline Placement: can't place more pipeline on heavy datanode： d996ac0f-d7fa-44b8-9629-cc45741e2b0c Heaviness: 6 limit: 5
2019-09-26 13:32:20,669 [RatisPipelineUtilsThread] ERROR pipeline.PipelinePlacementPolicy (PipelinePlacementPolicy.java:filterViableNodes(148)) - Unable to find enough nodes that meet the criteria that cannot engage in more than 5 pipelines. Nodes required: 1 Found: 0, healthy nodes count inNodeManager: 3.
2019-09-26 13:32:20,669 [RatisPipelineUtilsThread] ERROR pipeline.SCMPipelineManager (SCMPipelineManager.java:createPipeline(167)) - Pipeline creation failed.
org.apache.hadoop.hdds.scm.exceptions.SCMException: Unable to find enough nodes that meet the criteria that cannot engage in more than 5 pipelines. Nodes required: 1 Found: 0, healthy nodes count inNodeManager: 3.
	at org.apache.hadoop.hdds.scm.pipeline.PipelinePlacementPolicy.filterViableNodes(PipelinePlacementPolicy.java:149)
	at org.apache.hadoop.hdds.scm.pipeline.PipelinePlacementPolicy.chooseDatanodes(PipelinePlacementPolicy.java:172)
	at org.apache.hadoop.hdds.scm.pipeline.RatisPipelineProvider.create(RatisPipelineProvider.java:93)
	at org.apache.hadoop.hdds.scm.pipeline.PipelineFactory.create(PipelineFactory.java:58)
	at org.apache.hadoop.hdds.scm.pipeline.SCMPipelineManager.createPipeline(SCMPipelineManager.java:155)
	at org.apache.hadoop.hdds.scm.pipeline.BackgroundPipelineCreator.createPipelines(BackgroundPipelineCreator.java:99)
	at org.apache.hadoop.hdds.scm.pipeline.BackgroundPipelineCreator.lambda$startFixedIntervalPipelineCreator$0(BackgroundPipelineCreator.java:70)
	at java.util.concurrent.Executors$RunnableAdapter.call(Executors.java:511)
	at java.util.concurrent.FutureTask.runAndReset(FutureTask.java:308)
	at java.util.concurrent.ScheduledThreadPoolExecutor$ScheduledFutureTask.access$301(ScheduledThreadPoolExecutor.java:180)
	at java.util.concurrent.ScheduledThreadPoolExecutor$ScheduledFutureTask.run(ScheduledThreadPoolExecutor.java:294)
	at java.util.concurrent.ThreadPoolExecutor.runWorker(ThreadPoolExecutor.java:1149)
	at java.util.concurrent.ThreadPoolExecutor$Worker.run(ThreadPoolExecutor.java:624)
	at java.lang.Thread.run(Thread.java:748)
2019-09-26 13:32:20,669 [RatisPipelineUtilsThread] INFO  pipeline.PipelinePlacementPolicy (PipelinePlacementPolicy.java:meetCriteria(91)) - Pipeline Placement: can't place more pipeline on heavy datanode： 7640920c-e43d-4271-86d9-e94fdcad330b Heaviness: 6 limit: 5
2019-09-26 13:32:20,670 [RatisPipelineUtilsThread] INFO  pipeline.PipelinePlacementPolicy (PipelinePlacementPolicy.java:meetCriteria(91)) - Pipeline Placement: can't place more pipeline on heavy datanode： 7f96d7ec-09ec-4bbe-aec6-0e54f41a3b22 Heaviness: 6 limit: 5
2019-09-26 13:32:20,670 [RatisPipelineUtilsThread] INFO  pipeline.PipelinePlacementPolicy (PipelinePlacementPolicy.java:meetCriteria(91)) - Pipeline Placement: can't place more pipeline on heavy datanode： d996ac0f-d7fa-44b8-9629-cc45741e2b0c Heaviness: 6 limit: 5
2019-09-26 13:32:20,670 [RatisPipelineUtilsThread] ERROR pipeline.PipelinePlacementPolicy (PipelinePlacementPolicy.java:filterViableNodes(148)) - Unable to find enough nodes that meet the criteria that cannot engage in more than 5 pipelines. Nodes required: 3 Found: 0, healthy nodes count inNodeManager: 3.
2019-09-26 13:32:20,670 [RatisPipelineUtilsThread] ERROR pipeline.SCMPipelineManager (SCMPipelineManager.java:createPipeline(167)) - Pipeline creation failed.
org.apache.hadoop.hdds.scm.exceptions.SCMException: Unable to find enough nodes that meet the criteria that cannot engage in more than 5 pipelines. Nodes required: 3 Found: 0, healthy nodes count inNodeManager: 3.
	at org.apache.hadoop.hdds.scm.pipeline.PipelinePlacementPolicy.filterViableNodes(PipelinePlacementPolicy.java:149)
	at org.apache.hadoop.hdds.scm.pipeline.PipelinePlacementPolicy.chooseDatanodes(PipelinePlacementPolicy.java:172)
	at org.apache.hadoop.hdds.scm.pipeline.RatisPipelineProvider.create(RatisPipelineProvider.java:93)
	at org.apache.hadoop.hdds.scm.pipeline.PipelineFactory.create(PipelineFactory.java:58)
	at org.apache.hadoop.hdds.scm.pipeline.SCMPipelineManager.createPipeline(SCMPipelineManager.java:155)
	at org.apache.hadoop.hdds.scm.pipeline.BackgroundPipelineCreator.createPipelines(BackgroundPipelineCreator.java:99)
	at org.apache.hadoop.hdds.scm.pipeline.BackgroundPipelineCreator.lambda$startFixedIntervalPipelineCreator$0(BackgroundPipelineCreator.java:70)
	at java.util.concurrent.Executors$RunnableAdapter.call(Executors.java:511)
	at java.util.concurrent.FutureTask.runAndReset(FutureTask.java:308)
	at java.util.concurrent.ScheduledThreadPoolExecutor$ScheduledFutureTask.access$301(ScheduledThreadPoolExecutor.java:180)
	at java.util.concurrent.ScheduledThreadPoolExecutor$ScheduledFutureTask.run(ScheduledThreadPoolExecutor.java:294)
	at java.util.concurrent.ThreadPoolExecutor.runWorker(ThreadPoolExecutor.java:1149)
	at java.util.concurrent.ThreadPoolExecutor$Worker.run(ThreadPoolExecutor.java:624)
	at java.lang.Thread.run(Thread.java:748)
2019-09-26 13:32:20,995 [Thread-1344] INFO  ozone.MiniOzoneClusterImpl (MiniOzoneClusterImpl.java:lambda$waitForClusterToBeReady$0(147)) - Cluster is ready. Got 3 of 3 DN Heartbeats.
2019-09-26 13:32:21,044 [Thread-1344] INFO  rpc.RpcClient (RpcClient.java:createVolume(276)) - Creating Volume: volume51360, with user88192 as owner.
2019-09-26 13:32:21,048 [IPC Server handler 1 on 37259] INFO  volume.OMVolumeCreateRequest (OMVolumeCreateRequest.java:validateAndUpdateCache(189)) - created volume:volume51360 for user:user88192
2019-09-26 13:32:21,063 [Thread-1344] INFO  rpc.RpcClient (RpcClient.java:createBucket(415)) - Creating Bucket: volume51360/bucket65040, with Versioning false and Storage Type set to DISK and Encryption set to false 
2019-09-26 13:32:21,109 [IPC Server handler 1 on 34688] INFO  pipeline.PipelinePlacementPolicy (PipelinePlacementPolicy.java:meetCriteria(91)) - Pipeline Placement: can't place more pipeline on heavy datanode： 7640920c-e43d-4271-86d9-e94fdcad330b Heaviness: 6 limit: 5
2019-09-26 13:32:21,109 [IPC Server handler 1 on 34688] INFO  pipeline.PipelinePlacementPolicy (PipelinePlacementPolicy.java:meetCriteria(91)) - Pipeline Placement: can't place more pipeline on heavy datanode： 7f96d7ec-09ec-4bbe-aec6-0e54f41a3b22 Heaviness: 6 limit: 5
2019-09-26 13:32:21,110 [IPC Server handler 1 on 34688] INFO  pipeline.PipelinePlacementPolicy (PipelinePlacementPolicy.java:meetCriteria(91)) - Pipeline Placement: can't place more pipeline on heavy datanode： d996ac0f-d7fa-44b8-9629-cc45741e2b0c Heaviness: 6 limit: 5
2019-09-26 13:32:21,110 [IPC Server handler 1 on 34688] ERROR pipeline.PipelinePlacementPolicy (PipelinePlacementPolicy.java:filterViableNodes(148)) - Unable to find enough nodes that meet the criteria that cannot engage in more than 5 pipelines. Nodes required: 3 Found: 0, healthy nodes count inNodeManager: 3.
2019-09-26 13:32:21,110 [IPC Server handler 1 on 34688] ERROR pipeline.SCMPipelineManager (SCMPipelineManager.java:createPipeline(167)) - Pipeline creation failed.
org.apache.hadoop.hdds.scm.exceptions.SCMException: Unable to find enough nodes that meet the criteria that cannot engage in more than 5 pipelines. Nodes required: 3 Found: 0, healthy nodes count inNodeManager: 3.
	at org.apache.hadoop.hdds.scm.pipeline.PipelinePlacementPolicy.filterViableNodes(PipelinePlacementPolicy.java:149)
	at org.apache.hadoop.hdds.scm.pipeline.PipelinePlacementPolicy.chooseDatanodes(PipelinePlacementPolicy.java:172)
	at org.apache.hadoop.hdds.scm.pipeline.RatisPipelineProvider.create(RatisPipelineProvider.java:93)
	at org.apache.hadoop.hdds.scm.pipeline.PipelineFactory.create(PipelineFactory.java:58)
	at org.apache.hadoop.hdds.scm.pipeline.SCMPipelineManager.createPipeline(SCMPipelineManager.java:155)
	at org.apache.hadoop.hdds.scm.block.BlockManagerImpl.allocateBlock(BlockManagerImpl.java:190)
	at org.apache.hadoop.hdds.scm.server.SCMBlockProtocolServer.allocateBlock(SCMBlockProtocolServer.java:182)
	at org.apache.hadoop.ozone.protocolPB.ScmBlockLocationProtocolServerSideTranslatorPB.allocateScmBlock(ScmBlockLocationProtocolServerSideTranslatorPB.java:183)
	at org.apache.hadoop.ozone.protocolPB.ScmBlockLocationProtocolServerSideTranslatorPB.processMessage(ScmBlockLocationProtocolServerSideTranslatorPB.java:141)
	at org.apache.hadoop.ozone.protocolPB.ScmBlockLocationProtocolServerSideTranslatorPB.send(ScmBlockLocationProtocolServerSideTranslatorPB.java:116)
	at org.apache.hadoop.hdds.protocol.proto.ScmBlockLocationProtocolProtos$ScmBlockLocationProtocolService$2.callBlockingMethod(ScmBlockLocationProtocolProtos.java:13157)
	at org.apache.hadoop.ipc.ProtobufRpcEngine$Server$ProtoBufRpcInvoker.call(ProtobufRpcEngine.java:524)
	at org.apache.hadoop.ipc.RPC$Server.call(RPC.java:1025)
	at org.apache.hadoop.ipc.Server$RpcCall.run(Server.java:876)
	at org.apache.hadoop.ipc.Server$RpcCall.run(Server.java:822)
	at java.security.AccessController.doPrivileged(Native Method)
	at javax.security.auth.Subject.doAs(Subject.java:422)
	at org.apache.hadoop.security.UserGroupInformation.doAs(UserGroupInformation.java:1730)
	at org.apache.hadoop.ipc.Server$Handler.run(Server.java:2682)
2019-09-26 13:32:21,110 [IPC Server handler 1 on 34688] WARN  block.BlockManagerImpl (BlockManagerImpl.java:allocateBlock(192)) - Pipeline creation failed for type:RATIS factor:THREE. Retrying get pipelines call once.
org.apache.hadoop.hdds.scm.exceptions.SCMException: Unable to find enough nodes that meet the criteria that cannot engage in more than 5 pipelines. Nodes required: 3 Found: 0, healthy nodes count inNodeManager: 3.
	at org.apache.hadoop.hdds.scm.pipeline.PipelinePlacementPolicy.filterViableNodes(PipelinePlacementPolicy.java:149)
	at org.apache.hadoop.hdds.scm.pipeline.PipelinePlacementPolicy.chooseDatanodes(PipelinePlacementPolicy.java:172)
	at org.apache.hadoop.hdds.scm.pipeline.RatisPipelineProvider.create(RatisPipelineProvider.java:93)
	at org.apache.hadoop.hdds.scm.pipeline.PipelineFactory.create(PipelineFactory.java:58)
	at org.apache.hadoop.hdds.scm.pipeline.SCMPipelineManager.createPipeline(SCMPipelineManager.java:155)
	at org.apache.hadoop.hdds.scm.block.BlockManagerImpl.allocateBlock(BlockManagerImpl.java:190)
	at org.apache.hadoop.hdds.scm.server.SCMBlockProtocolServer.allocateBlock(SCMBlockProtocolServer.java:182)
	at org.apache.hadoop.ozone.protocolPB.ScmBlockLocationProtocolServerSideTranslatorPB.allocateScmBlock(ScmBlockLocationProtocolServerSideTranslatorPB.java:183)
	at org.apache.hadoop.ozone.protocolPB.ScmBlockLocationProtocolServerSideTranslatorPB.processMessage(ScmBlockLocationProtocolServerSideTranslatorPB.java:141)
	at org.apache.hadoop.ozone.protocolPB.ScmBlockLocationProtocolServerSideTranslatorPB.send(ScmBlockLocationProtocolServerSideTranslatorPB.java:116)
	at org.apache.hadoop.hdds.protocol.proto.ScmBlockLocationProtocolProtos$ScmBlockLocationProtocolService$2.callBlockingMethod(ScmBlockLocationProtocolProtos.java:13157)
	at org.apache.hadoop.ipc.ProtobufRpcEngine$Server$ProtoBufRpcInvoker.call(ProtobufRpcEngine.java:524)
	at org.apache.hadoop.ipc.RPC$Server.call(RPC.java:1025)
	at org.apache.hadoop.ipc.Server$RpcCall.run(Server.java:876)
	at org.apache.hadoop.ipc.Server$RpcCall.run(Server.java:822)
	at java.security.AccessController.doPrivileged(Native Method)
	at javax.security.auth.Subject.doAs(Subject.java:422)
	at org.apache.hadoop.security.UserGroupInformation.doAs(UserGroupInformation.java:1730)
	at org.apache.hadoop.ipc.Server$Handler.run(Server.java:2682)
2019-09-26 13:32:21,111 [IPC Server handler 1 on 34688] INFO  block.BlockManagerImpl (BlockManagerImpl.java:allocateBlock(198)) - Could not find available pipeline of type:RATIS and factor:THREE even after retrying
2019-09-26 13:32:21,111 [IPC Server handler 1 on 34688] ERROR block.BlockManagerImpl (BlockManagerImpl.java:allocateBlock(222)) - Unable to allocate a block for the size: 4194304, type: RATIS, factor: THREE
2019-09-26 13:32:21,114 [Thread-1344] INFO  ozone.MiniOzoneClusterImpl (MiniOzoneClusterImpl.java:shutdown(314)) - Shutting down the Mini Ozone Cluster
2019-09-26 13:32:21,114 [Thread-1344] INFO  ozone.MiniOzoneClusterImpl (MiniOzoneClusterImpl.java:stop(330)) - Stopping the Mini Ozone Cluster
2019-09-26 13:32:21,115 [Thread-1344] INFO  ozone.MiniOzoneClusterImpl (MiniOzoneClusterImpl.java:stopOM(400)) - Stopping the OzoneManager
2019-09-26 13:32:21,115 [Thread-1344] INFO  ipc.Server (Server.java:stop(3082)) - Stopping server on 37259
2019-09-26 13:32:21,120 [IPC Server listener on 37259] INFO  ipc.Server (Server.java:run(1185)) - Stopping IPC Server listener on 37259
2019-09-26 13:32:21,120 [Thread-1344] INFO  ratis.OzoneManagerDoubleBuffer (OzoneManagerDoubleBuffer.java:stop(248)) - Stopping OMDoubleBuffer flush thread
2019-09-26 13:32:21,120 [IPC Server Responder] INFO  ipc.Server (Server.java:run(1319)) - Stopping IPC Server Responder
2019-09-26 13:32:21,123 [OMDoubleBufferFlushThread] INFO  ratis.OzoneManagerDoubleBuffer (OzoneManagerDoubleBuffer.java:flushTransactions(191)) - OMDoubleBuffer flush thread OMDoubleBufferFlushThread is interrupted and will exit. OMDoubleBufferFlushThread
2019-09-26 13:32:21,123 [Thread-1344] INFO  utils.BackgroundService (BackgroundService.java:shutdown(148)) - Shutting down service KeyDeletingService
2019-09-26 13:32:21,125 [Thread-1344] INFO  handler.ContextHandler (ContextHandler.java:doStop(910)) - Stopped o.e.j.w.WebAppContext@1cb87a25{/,null,UNAVAILABLE}{/ozoneManager}
2019-09-26 13:32:21,125 [Thread-1344] INFO  server.AbstractConnector (AbstractConnector.java:doStop(318)) - Stopped ServerConnector@7d0e5831{HTTP/1.1,[http/1.1]}{0.0.0.0:0}
2019-09-26 13:32:21,126 [Thread-1344] INFO  handler.ContextHandler (ContextHandler.java:doStop(910)) - Stopped o.e.j.s.ServletContextHandler@3db8e86c{/static,jar:file:/home/user/.m2/repository/org/apache/hadoop/hadoop-ozone-ozone-manager/0.5.0-SNAPSHOT/hadoop-ozone-ozone-manager-0.5.0-SNAPSHOT.jar!/webapps/static,UNAVAILABLE}
2019-09-26 13:32:21,126 [Thread-1344] INFO  handler.ContextHandler (ContextHandler.java:doStop(910)) - Stopped o.e.j.s.ServletContextHandler@251e0ade{/logs,file:///workdir/hadoop-ozone/ozonefs/target/log,UNAVAILABLE}
2019-09-26 13:32:21,128 [Thread-1344] INFO  ozone.MiniOzoneClusterImpl (MiniOzoneClusterImpl.java:stopDatanodes(377)) - Stopping the HddsDatanodes
2019-09-26 13:32:21,797 [Datanode State Machine Thread - 0] INFO  statemachine.DatanodeStateMachine (DatanodeStateMachine.java:lambda$startDaemon$0(350)) - Ozone container server started.
2019-09-26 13:32:21,907 [Datanode State Machine Thread - 0] INFO  statemachine.DatanodeStateMachine (DatanodeStateMachine.java:lambda$startDaemon$0(350)) - Ozone container server started.
2019-09-26 13:32:22,815 [Thread-1516] INFO  container.ReplicationManager (ReplicationManager.java:start(163)) - Starting Replication Monitor Thread.
2019-09-26 13:32:22,819 [ReplicationMonitor] INFO  container.ReplicationManager (ReplicationManager.java:run(226)) - Replication Monitor Thread took 1 milliseconds for processing 0 containers.
2019-09-26 13:32:24,900 [Thread-1518] INFO  impl.FollowerState (FollowerState.java:run(106)) - d996ac0f-d7fa-44b8-9629-cc45741e2b0c:group-AE17051A29C5 changes to CANDIDATE, lastRpcTime:5032, electionTimeout:5032ms
2019-09-26 13:32:24,901 [Thread-1518] INFO  impl.RoleInfo (RoleInfo.java:shutdownFollowerState(121)) - d996ac0f-d7fa-44b8-9629-cc45741e2b0c: shutdown FollowerState
2019-09-26 13:32:24,901 [Thread-1518] INFO  impl.RaftServerImpl (RaftServerImpl.java:setRole(174)) - d996ac0f-d7fa-44b8-9629-cc45741e2b0c@group-AE17051A29C5: changes role from  FOLLOWER to CANDIDATE at term 0 for changeToCandidate
2019-09-26 13:32:24,901 [Thread-1518] INFO  impl.RoleInfo (RoleInfo.java:updateAndGet(143)) - d996ac0f-d7fa-44b8-9629-cc45741e2b0c: start LeaderElection
2019-09-26 13:32:24,931 [d996ac0f-d7fa-44b8-9629-cc45741e2b0c@group-AE17051A29C5:LeaderElection91] INFO  impl.LeaderElection (LeaderElection.java:askForVotes(182)) - d996ac0f-d7fa-44b8-9629-cc45741e2b0c@group-AE17051A29C5:LeaderElection91: begin an election at term 1 for -1: [d996ac0f-d7fa-44b8-9629-cc45741e2b0c:192.168.164.238:38392], old=null
2019-09-26 13:32:24,931 [d996ac0f-d7fa-44b8-9629-cc45741e2b0c@group-AE17051A29C5:LeaderElection91] INFO  impl.RoleInfo (RoleInfo.java:shutdownLeaderElection(134)) - d996ac0f-d7fa-44b8-9629-cc45741e2b0c: shutdown LeaderElection
2019-09-26 13:32:24,932 [d996ac0f-d7fa-44b8-9629-cc45741e2b0c@group-AE17051A29C5:LeaderElection91] INFO  impl.RaftServerImpl (RaftServerImpl.java:setRole(174)) - d996ac0f-d7fa-44b8-9629-cc45741e2b0c@group-AE17051A29C5: changes role from CANDIDATE to LEADER at term 1 for changeToLeader
2019-09-26 13:32:24,932 [d996ac0f-d7fa-44b8-9629-cc45741e2b0c@group-AE17051A29C5:LeaderElection91] INFO  impl.RaftServerImpl (ServerState.java:setLeader(253)) - d996ac0f-d7fa-44b8-9629-cc45741e2b0c@group-AE17051A29C5: change Leader from null to d996ac0f-d7fa-44b8-9629-cc45741e2b0c at term 1 for becomeLeader, leader elected after 5073ms
2019-09-26 13:32:24,932 [d996ac0f-d7fa-44b8-9629-cc45741e2b0c@group-AE17051A29C5:LeaderElection91] INFO  server.RaftServerConfigKeys (ConfUtils.java:logGet(43)) - raft.server.staging.catchup.gap = 1000 (default)
2019-09-26 13:32:24,932 [d996ac0f-d7fa-44b8-9629-cc45741e2b0c@group-AE17051A29C5:LeaderElection91] INFO  server.RaftServerConfigKeys (ConfUtils.java:logGet(43)) - raft.server.rpc.sleep.time = 25ms (default)
2019-09-26 13:32:24,932 [d996ac0f-d7fa-44b8-9629-cc45741e2b0c@group-AE17051A29C5:LeaderElection91] INFO  server.RaftServerConfigKeys (ConfUtils.java:logGet(43)) - raft.server.write.element-limit = 4096 (default)
2019-09-26 13:32:24,933 [d996ac0f-d7fa-44b8-9629-cc45741e2b0c@group-AE17051A29C5:LeaderElection91] INFO  server.RaftServerConfigKeys (ConfUtils.java:logGet(43)) - raft.server.watch.timeout = 10s (default)
2019-09-26 13:32:24,933 [d996ac0f-d7fa-44b8-9629-cc45741e2b0c@group-AE17051A29C5:LeaderElection91] INFO  server.RaftServerConfigKeys (ConfUtils.java:logGet(43)) - raft.server.watch.timeout.denomination = 1s (default)
2019-09-26 13:32:24,933 [d996ac0f-d7fa-44b8-9629-cc45741e2b0c@group-AE17051A29C5:LeaderElection91] INFO  server.RaftServerConfigKeys (ConfUtils.java:logGet(43)) - raft.server.watch.element-limit = 65536 (default)
2019-09-26 13:32:24,935 [d996ac0f-d7fa-44b8-9629-cc45741e2b0c@group-AE17051A29C5:LeaderElection91] INFO  impl.RoleInfo (RoleInfo.java:updateAndGet(143)) - d996ac0f-d7fa-44b8-9629-cc45741e2b0c: start LeaderState
2019-09-26 13:32:24,935 [d996ac0f-d7fa-44b8-9629-cc45741e2b0c@group-AE17051A29C5:LeaderElection91] INFO  segmented.SegmentedRaftLogWorker (SegmentedRaftLogWorker.java:startLogSegment(380)) - d996ac0f-d7fa-44b8-9629-cc45741e2b0c@group-AE17051A29C5-SegmentedRaftLogWorker: Starting segment from index:0
2019-09-26 13:32:24,936 [d996ac0f-d7fa-44b8-9629-cc45741e2b0c@group-AE17051A29C5:LeaderElection91] INFO  impl.RaftServerImpl (ServerState.java:setRaftConf(354)) - d996ac0f-d7fa-44b8-9629-cc45741e2b0c@group-AE17051A29C5: set configuration 0: [d996ac0f-d7fa-44b8-9629-cc45741e2b0c:192.168.164.238:38392], old=null at 0
2019-09-26 13:32:24,938 [Thread-1521] INFO  impl.FollowerState (FollowerState.java:run(106)) - d996ac0f-d7fa-44b8-9629-cc45741e2b0c:group-6672E98B5151 changes to CANDIDATE, lastRpcTime:5005, electionTimeout:5005ms
2019-09-26 13:32:24,939 [Thread-1521] INFO  impl.RoleInfo (RoleInfo.java:shutdownFollowerState(121)) - d996ac0f-d7fa-44b8-9629-cc45741e2b0c: shutdown FollowerState
2019-09-26 13:32:24,939 [Thread-1521] INFO  impl.RaftServerImpl (RaftServerImpl.java:setRole(174)) - d996ac0f-d7fa-44b8-9629-cc45741e2b0c@group-6672E98B5151: changes role from  FOLLOWER to CANDIDATE at term 0 for changeToCandidate
2019-09-26 13:32:24,939 [Thread-1521] INFO  impl.RoleInfo (RoleInfo.java:updateAndGet(143)) - d996ac0f-d7fa-44b8-9629-cc45741e2b0c: start LeaderElection
2019-09-26 13:32:24,998 [d996ac0f-d7fa-44b8-9629-cc45741e2b0c@group-AE17051A29C5-SegmentedRaftLogWorker] INFO  segmented.SegmentedRaftLogWorker (SegmentedRaftLogWorker.java:execute(569)) - d996ac0f-d7fa-44b8-9629-cc45741e2b0c@group-AE17051A29C5-SegmentedRaftLogWorker: created new log segment /workdir/hadoop-ozone/ozonefs/target/test-dir/MiniOzoneClusterImpl-d13f4c17-e694-49b3-9e13-851dfc20fd5b/datanode-0/data/ratis/98c7bfc1-947c-4e7a-a975-ae17051a29c5/current/log_inprogress_0
2019-09-26 13:32:24,999 [d996ac0f-d7fa-44b8-9629-cc45741e2b0c@group-6672E98B5151:LeaderElection92] INFO  impl.LeaderElection (LeaderElection.java:askForVotes(182)) - d996ac0f-d7fa-44b8-9629-cc45741e2b0c@group-6672E98B5151:LeaderElection92: begin an election at term 1 for -1: [d996ac0f-d7fa-44b8-9629-cc45741e2b0c:192.168.164.238:38392], old=null
2019-09-26 13:32:24,999 [d996ac0f-d7fa-44b8-9629-cc45741e2b0c@group-6672E98B5151:LeaderElection92] INFO  impl.RoleInfo (RoleInfo.java:shutdownLeaderElection(134)) - d996ac0f-d7fa-44b8-9629-cc45741e2b0c: shutdown LeaderElection
2019-09-26 13:32:24,999 [d996ac0f-d7fa-44b8-9629-cc45741e2b0c@group-6672E98B5151:LeaderElection92] INFO  impl.RaftServerImpl (RaftServerImpl.java:setRole(174)) - d996ac0f-d7fa-44b8-9629-cc45741e2b0c@group-6672E98B5151: changes role from CANDIDATE to LEADER at term 1 for changeToLeader
2019-09-26 13:32:24,999 [d996ac0f-d7fa-44b8-9629-cc45741e2b0c@group-6672E98B5151:LeaderElection92] INFO  impl.RaftServerImpl (ServerState.java:setLeader(253)) - d996ac0f-d7fa-44b8-9629-cc45741e2b0c@group-6672E98B5151: change Leader from null to d996ac0f-d7fa-44b8-9629-cc45741e2b0c at term 1 for becomeLeader, leader elected after 5071ms
2019-09-26 13:32:24,999 [d996ac0f-d7fa-44b8-9629-cc45741e2b0c@group-6672E98B5151:LeaderElection92] INFO  server.RaftServerConfigKeys (ConfUtils.java:logGet(43)) - raft.server.staging.catchup.gap = 1000 (default)
2019-09-26 13:32:24,999 [d996ac0f-d7fa-44b8-9629-cc45741e2b0c@group-6672E98B5151:LeaderElection92] INFO  server.RaftServerConfigKeys (ConfUtils.java:logGet(43)) - raft.server.rpc.sleep.time = 25ms (default)
2019-09-26 13:32:24,999 [d996ac0f-d7fa-44b8-9629-cc45741e2b0c@group-6672E98B5151:LeaderElection92] INFO  server.RaftServerConfigKeys (ConfUtils.java:logGet(43)) - raft.server.write.element-limit = 4096 (default)
2019-09-26 13:32:24,999 [d996ac0f-d7fa-44b8-9629-cc45741e2b0c@group-6672E98B5151:LeaderElection92] INFO  server.RaftServerConfigKeys (ConfUtils.java:logGet(43)) - raft.server.watch.timeout = 10s (default)
2019-09-26 13:32:25,000 [d996ac0f-d7fa-44b8-9629-cc45741e2b0c@group-6672E98B5151:LeaderElection92] INFO  server.RaftServerConfigKeys (ConfUtils.java:logGet(43)) - raft.server.watch.timeout.denomination = 1s (default)
2019-09-26 13:32:25,000 [d996ac0f-d7fa-44b8-9629-cc45741e2b0c@group-6672E98B5151:LeaderElection92] INFO  server.RaftServerConfigKeys (ConfUtils.java:logGet(43)) - raft.server.watch.element-limit = 65536 (default)
2019-09-26 13:32:25,001 [d996ac0f-d7fa-44b8-9629-cc45741e2b0c@group-6672E98B5151:LeaderElection92] INFO  impl.RoleInfo (RoleInfo.java:updateAndGet(143)) - d996ac0f-d7fa-44b8-9629-cc45741e2b0c: start LeaderState
2019-09-26 13:32:25,001 [d996ac0f-d7fa-44b8-9629-cc45741e2b0c@group-6672E98B5151:LeaderElection92] INFO  segmented.SegmentedRaftLogWorker (SegmentedRaftLogWorker.java:startLogSegment(380)) - d996ac0f-d7fa-44b8-9629-cc45741e2b0c@group-6672E98B5151-SegmentedRaftLogWorker: Starting segment from index:0
2019-09-26 13:32:25,002 [d996ac0f-d7fa-44b8-9629-cc45741e2b0c@group-6672E98B5151:LeaderElection92] INFO  impl.RaftServerImpl (ServerState.java:setRaftConf(354)) - d996ac0f-d7fa-44b8-9629-cc45741e2b0c@group-6672E98B5151: set configuration 0: [d996ac0f-d7fa-44b8-9629-cc45741e2b0c:192.168.164.238:38392], old=null at 0
2019-09-26 13:32:25,040 [d996ac0f-d7fa-44b8-9629-cc45741e2b0c@group-6672E98B5151-SegmentedRaftLogWorker] INFO  segmented.SegmentedRaftLogWorker (SegmentedRaftLogWorker.java:execute(569)) - d996ac0f-d7fa-44b8-9629-cc45741e2b0c@group-6672E98B5151-SegmentedRaftLogWorker: created new log segment /workdir/hadoop-ozone/ozonefs/target/test-dir/MiniOzoneClusterImpl-d13f4c17-e694-49b3-9e13-851dfc20fd5b/datanode-0/data/ratis/faf1e77e-2ea7-4645-a243-6672e98b5151/current/log_inprogress_0
2019-09-26 13:32:25,085 [Thread-1524] INFO  impl.FollowerState (FollowerState.java:run(106)) - 7f96d7ec-09ec-4bbe-aec6-0e54f41a3b22:group-3F5F6B7E9520 changes to CANDIDATE, lastRpcTime:5103, electionTimeout:5103ms
2019-09-26 13:32:25,085 [Thread-1524] INFO  impl.RoleInfo (RoleInfo.java:shutdownFollowerState(121)) - 7f96d7ec-09ec-4bbe-aec6-0e54f41a3b22: shutdown FollowerState
2019-09-26 13:32:25,085 [Thread-1524] INFO  impl.RaftServerImpl (RaftServerImpl.java:setRole(174)) - 7f96d7ec-09ec-4bbe-aec6-0e54f41a3b22@group-3F5F6B7E9520: changes role from  FOLLOWER to CANDIDATE at term 0 for changeToCandidate
2019-09-26 13:32:25,086 [Thread-1524] INFO  impl.RoleInfo (RoleInfo.java:updateAndGet(143)) - 7f96d7ec-09ec-4bbe-aec6-0e54f41a3b22: start LeaderElection
2019-09-26 13:32:25,102 [7f96d7ec-09ec-4bbe-aec6-0e54f41a3b22@group-3F5F6B7E9520:LeaderElection93] INFO  impl.LeaderElection (LeaderElection.java:askForVotes(182)) - 7f96d7ec-09ec-4bbe-aec6-0e54f41a3b22@group-3F5F6B7E9520:LeaderElection93: begin an election at term 1 for -1: [7f96d7ec-09ec-4bbe-aec6-0e54f41a3b22:192.168.164.238:33436], old=null
2019-09-26 13:32:25,102 [7f96d7ec-09ec-4bbe-aec6-0e54f41a3b22@group-3F5F6B7E9520:LeaderElection93] INFO  impl.RoleInfo (RoleInfo.java:shutdownLeaderElection(134)) - 7f96d7ec-09ec-4bbe-aec6-0e54f41a3b22: shutdown LeaderElection
2019-09-26 13:32:25,102 [7f96d7ec-09ec-4bbe-aec6-0e54f41a3b22@group-3F5F6B7E9520:LeaderElection93] INFO  impl.RaftServerImpl (RaftServerImpl.java:setRole(174)) - 7f96d7ec-09ec-4bbe-aec6-0e54f41a3b22@group-3F5F6B7E9520: changes role from CANDIDATE to LEADER at term 1 for changeToLeader
2019-09-26 13:32:25,103 [7f96d7ec-09ec-4bbe-aec6-0e54f41a3b22@group-3F5F6B7E9520:LeaderElection93] INFO  impl.RaftServerImpl (ServerState.java:setLeader(253)) - 7f96d7ec-09ec-4bbe-aec6-0e54f41a3b22@group-3F5F6B7E9520: change Leader from null to 7f96d7ec-09ec-4bbe-aec6-0e54f41a3b22 at term 1 for becomeLeader, leader elected after 5128ms
2019-09-26 13:32:25,103 [7f96d7ec-09ec-4bbe-aec6-0e54f41a3b22@group-3F5F6B7E9520:LeaderElection93] INFO  server.RaftServerConfigKeys (ConfUtils.java:logGet(43)) - raft.server.staging.catchup.gap = 1000 (default)
2019-09-26 13:32:25,103 [7f96d7ec-09ec-4bbe-aec6-0e54f41a3b22@group-3F5F6B7E9520:LeaderElection93] INFO  server.RaftServerConfigKeys (ConfUtils.java:logGet(43)) - raft.server.rpc.sleep.time = 25ms (default)
2019-09-26 13:32:25,103 [7f96d7ec-09ec-4bbe-aec6-0e54f41a3b22@group-3F5F6B7E9520:LeaderElection93] INFO  server.RaftServerConfigKeys (ConfUtils.java:logGet(43)) - raft.server.write.element-limit = 4096 (default)
2019-09-26 13:32:25,103 [7f96d7ec-09ec-4bbe-aec6-0e54f41a3b22@group-3F5F6B7E9520:LeaderElection93] INFO  server.RaftServerConfigKeys (ConfUtils.java:logGet(43)) - raft.server.watch.timeout = 10s (default)
2019-09-26 13:32:25,103 [7f96d7ec-09ec-4bbe-aec6-0e54f41a3b22@group-3F5F6B7E9520:LeaderElection93] INFO  server.RaftServerConfigKeys (ConfUtils.java:logGet(43)) - raft.server.watch.timeout.denomination = 1s (default)
2019-09-26 13:32:25,103 [7f96d7ec-09ec-4bbe-aec6-0e54f41a3b22@group-3F5F6B7E9520:LeaderElection93] INFO  server.RaftServerConfigKeys (ConfUtils.java:logGet(43)) - raft.server.watch.element-limit = 65536 (default)
2019-09-26 13:32:25,106 [7f96d7ec-09ec-4bbe-aec6-0e54f41a3b22@group-3F5F6B7E9520:LeaderElection93] INFO  impl.RoleInfo (RoleInfo.java:updateAndGet(143)) - 7f96d7ec-09ec-4bbe-aec6-0e54f41a3b22: start LeaderState
2019-09-26 13:32:25,106 [7f96d7ec-09ec-4bbe-aec6-0e54f41a3b22@group-3F5F6B7E9520:LeaderElection93] INFO  segmented.SegmentedRaftLogWorker (SegmentedRaftLogWorker.java:startLogSegment(380)) - 7f96d7ec-09ec-4bbe-aec6-0e54f41a3b22@group-3F5F6B7E9520-SegmentedRaftLogWorker: Starting segment from index:0
2019-09-26 13:32:25,106 [7f96d7ec-09ec-4bbe-aec6-0e54f41a3b22@group-3F5F6B7E9520:LeaderElection93] INFO  impl.RaftServerImpl (ServerState.java:setRaftConf(354)) - 7f96d7ec-09ec-4bbe-aec6-0e54f41a3b22@group-3F5F6B7E9520: set configuration 0: [7f96d7ec-09ec-4bbe-aec6-0e54f41a3b22:192.168.164.238:33436], old=null at 0
2019-09-26 13:32:25,158 [7f96d7ec-09ec-4bbe-aec6-0e54f41a3b22@group-3F5F6B7E9520-SegmentedRaftLogWorker] INFO  segmented.SegmentedRaftLogWorker (SegmentedRaftLogWorker.java:execute(569)) - 7f96d7ec-09ec-4bbe-aec6-0e54f41a3b22@group-3F5F6B7E9520-SegmentedRaftLogWorker: created new log segment /workdir/hadoop-ozone/ozonefs/target/test-dir/MiniOzoneClusterImpl-d13f4c17-e694-49b3-9e13-851dfc20fd5b/datanode-1/data/ratis/997bd994-21b3-41c0-8390-3f5f6b7e9520/current/log_inprogress_0
2019-09-26 13:32:25,161 [Thread-1530] INFO  impl.FollowerState (FollowerState.java:run(106)) - d996ac0f-d7fa-44b8-9629-cc45741e2b0c:group-E4379E7083D2 changes to CANDIDATE, lastRpcTime:5107, electionTimeout:5107ms
2019-09-26 13:32:25,161 [Thread-1530] INFO  impl.RoleInfo (RoleInfo.java:shutdownFollowerState(121)) - d996ac0f-d7fa-44b8-9629-cc45741e2b0c: shutdown FollowerState
2019-09-26 13:32:25,161 [Thread-1530] INFO  impl.RaftServerImpl (RaftServerImpl.java:setRole(174)) - d996ac0f-d7fa-44b8-9629-cc45741e2b0c@group-E4379E7083D2: changes role from  FOLLOWER to CANDIDATE at term 0 for changeToCandidate
2019-09-26 13:32:25,162 [Thread-1530] INFO  impl.RoleInfo (RoleInfo.java:updateAndGet(143)) - d996ac0f-d7fa-44b8-9629-cc45741e2b0c: start LeaderElection
2019-09-26 13:32:25,168 [d996ac0f-d7fa-44b8-9629-cc45741e2b0c@group-E4379E7083D2:LeaderElection94] INFO  impl.LeaderElection (LeaderElection.java:askForVotes(182)) - d996ac0f-d7fa-44b8-9629-cc45741e2b0c@group-E4379E7083D2:LeaderElection94: begin an election at term 1 for -1: [d996ac0f-d7fa-44b8-9629-cc45741e2b0c:192.168.164.238:38392], old=null
2019-09-26 13:32:25,169 [d996ac0f-d7fa-44b8-9629-cc45741e2b0c@group-E4379E7083D2:LeaderElection94] INFO  impl.RoleInfo (RoleInfo.java:shutdownLeaderElection(134)) - d996ac0f-d7fa-44b8-9629-cc45741e2b0c: shutdown LeaderElection
2019-09-26 13:32:25,169 [d996ac0f-d7fa-44b8-9629-cc45741e2b0c@group-E4379E7083D2:LeaderElection94] INFO  impl.RaftServerImpl (RaftServerImpl.java:setRole(174)) - d996ac0f-d7fa-44b8-9629-cc45741e2b0c@group-E4379E7083D2: changes role from CANDIDATE to LEADER at term 1 for changeToLeader
2019-09-26 13:32:25,169 [d996ac0f-d7fa-44b8-9629-cc45741e2b0c@group-E4379E7083D2:LeaderElection94] INFO  impl.RaftServerImpl (ServerState.java:setLeader(253)) - d996ac0f-d7fa-44b8-9629-cc45741e2b0c@group-E4379E7083D2: change Leader from null to d996ac0f-d7fa-44b8-9629-cc45741e2b0c at term 1 for becomeLeader, leader elected after 5123ms
2019-09-26 13:32:25,169 [d996ac0f-d7fa-44b8-9629-cc45741e2b0c@group-E4379E7083D2:LeaderElection94] INFO  server.RaftServerConfigKeys (ConfUtils.java:logGet(43)) - raft.server.staging.catchup.gap = 1000 (default)
2019-09-26 13:32:25,169 [d996ac0f-d7fa-44b8-9629-cc45741e2b0c@group-E4379E7083D2:LeaderElection94] INFO  server.RaftServerConfigKeys (ConfUtils.java:logGet(43)) - raft.server.rpc.sleep.time = 25ms (default)
2019-09-26 13:32:25,169 [d996ac0f-d7fa-44b8-9629-cc45741e2b0c@group-E4379E7083D2:LeaderElection94] INFO  server.RaftServerConfigKeys (ConfUtils.java:logGet(43)) - raft.server.write.element-limit = 4096 (default)
2019-09-26 13:32:25,169 [d996ac0f-d7fa-44b8-9629-cc45741e2b0c@group-E4379E7083D2:LeaderElection94] INFO  server.RaftServerConfigKeys (ConfUtils.java:logGet(43)) - raft.server.watch.timeout = 10s (default)
2019-09-26 13:32:25,169 [d996ac0f-d7fa-44b8-9629-cc45741e2b0c@group-E4379E7083D2:LeaderElection94] INFO  server.RaftServerConfigKeys (ConfUtils.java:logGet(43)) - raft.server.watch.timeout.denomination = 1s (default)
2019-09-26 13:32:25,170 [d996ac0f-d7fa-44b8-9629-cc45741e2b0c@group-E4379E7083D2:LeaderElection94] INFO  server.RaftServerConfigKeys (ConfUtils.java:logGet(43)) - raft.server.watch.element-limit = 65536 (default)
2019-09-26 13:32:25,171 [d996ac0f-d7fa-44b8-9629-cc45741e2b0c@group-E4379E7083D2:LeaderElection94] INFO  impl.RoleInfo (RoleInfo.java:updateAndGet(143)) - d996ac0f-d7fa-44b8-9629-cc45741e2b0c: start LeaderState
2019-09-26 13:32:25,171 [d996ac0f-d7fa-44b8-9629-cc45741e2b0c@group-E4379E7083D2:LeaderElection94] INFO  segmented.SegmentedRaftLogWorker (SegmentedRaftLogWorker.java:startLogSegment(380)) - d996ac0f-d7fa-44b8-9629-cc45741e2b0c@group-E4379E7083D2-SegmentedRaftLogWorker: Starting segment from index:0
2019-09-26 13:32:25,172 [d996ac0f-d7fa-44b8-9629-cc45741e2b0c@group-E4379E7083D2:LeaderElection94] INFO  impl.RaftServerImpl (ServerState.java:setRaftConf(354)) - d996ac0f-d7fa-44b8-9629-cc45741e2b0c@group-E4379E7083D2: set configuration 0: [d996ac0f-d7fa-44b8-9629-cc45741e2b0c:192.168.164.238:38392], old=null at 0
2019-09-26 13:32:25,180 [Thread-1536] INFO  impl.FollowerState (FollowerState.java:run(106)) - 7f96d7ec-09ec-4bbe-aec6-0e54f41a3b22:group-0D53531E0093 changes to CANDIDATE, lastRpcTime:5041, electionTimeout:5041ms
2019-09-26 13:32:25,180 [Thread-1536] INFO  impl.RoleInfo (RoleInfo.java:shutdownFollowerState(121)) - 7f96d7ec-09ec-4bbe-aec6-0e54f41a3b22: shutdown FollowerState
2019-09-26 13:32:25,180 [Thread-1536] INFO  impl.RaftServerImpl (RaftServerImpl.java:setRole(174)) - 7f96d7ec-09ec-4bbe-aec6-0e54f41a3b22@group-0D53531E0093: changes role from  FOLLOWER to CANDIDATE at term 0 for changeToCandidate
2019-09-26 13:32:25,180 [Thread-1536] INFO  impl.RoleInfo (RoleInfo.java:updateAndGet(143)) - 7f96d7ec-09ec-4bbe-aec6-0e54f41a3b22: start LeaderElection
2019-09-26 13:32:25,225 [Thread-1527] INFO  impl.FollowerState (FollowerState.java:run(106)) - d996ac0f-d7fa-44b8-9629-cc45741e2b0c:group-F699C0A678FF changes to CANDIDATE, lastRpcTime:5198, electionTimeout:5198ms
2019-09-26 13:32:25,226 [Thread-1527] INFO  impl.RoleInfo (RoleInfo.java:shutdownFollowerState(121)) - d996ac0f-d7fa-44b8-9629-cc45741e2b0c: shutdown FollowerState
2019-09-26 13:32:25,226 [Thread-1527] INFO  impl.RaftServerImpl (RaftServerImpl.java:setRole(174)) - d996ac0f-d7fa-44b8-9629-cc45741e2b0c@group-F699C0A678FF: changes role from  FOLLOWER to CANDIDATE at term 0 for changeToCandidate
2019-09-26 13:32:25,226 [Thread-1527] INFO  impl.RoleInfo (RoleInfo.java:updateAndGet(143)) - d996ac0f-d7fa-44b8-9629-cc45741e2b0c: start LeaderElection
2019-09-26 13:32:25,229 [d996ac0f-d7fa-44b8-9629-cc45741e2b0c@group-E4379E7083D2-SegmentedRaftLogWorker] INFO  segmented.SegmentedRaftLogWorker (SegmentedRaftLogWorker.java:execute(569)) - d996ac0f-d7fa-44b8-9629-cc45741e2b0c@group-E4379E7083D2-SegmentedRaftLogWorker: created new log segment /workdir/hadoop-ozone/ozonefs/target/test-dir/MiniOzoneClusterImpl-d13f4c17-e694-49b3-9e13-851dfc20fd5b/datanode-0/data/ratis/274a3628-c68e-4e5c-980f-e4379e7083d2/current/log_inprogress_0
2019-09-26 13:32:25,229 [7f96d7ec-09ec-4bbe-aec6-0e54f41a3b22@group-0D53531E0093:LeaderElection95] INFO  impl.LeaderElection (LeaderElection.java:askForVotes(182)) - 7f96d7ec-09ec-4bbe-aec6-0e54f41a3b22@group-0D53531E0093:LeaderElection95: begin an election at term 1 for -1: [7f96d7ec-09ec-4bbe-aec6-0e54f41a3b22:192.168.164.238:33436], old=null
2019-09-26 13:32:25,230 [7f96d7ec-09ec-4bbe-aec6-0e54f41a3b22@group-0D53531E0093:LeaderElection95] INFO  impl.RoleInfo (RoleInfo.java:shutdownLeaderElection(134)) - 7f96d7ec-09ec-4bbe-aec6-0e54f41a3b22: shutdown LeaderElection
2019-09-26 13:32:25,230 [7f96d7ec-09ec-4bbe-aec6-0e54f41a3b22@group-0D53531E0093:LeaderElection95] INFO  impl.RaftServerImpl (RaftServerImpl.java:setRole(174)) - 7f96d7ec-09ec-4bbe-aec6-0e54f41a3b22@group-0D53531E0093: changes role from CANDIDATE to LEADER at term 1 for changeToLeader
2019-09-26 13:32:25,230 [7f96d7ec-09ec-4bbe-aec6-0e54f41a3b22@group-0D53531E0093:LeaderElection95] INFO  impl.RaftServerImpl (ServerState.java:setLeader(253)) - 7f96d7ec-09ec-4bbe-aec6-0e54f41a3b22@group-0D53531E0093: change Leader from null to 7f96d7ec-09ec-4bbe-aec6-0e54f41a3b22 at term 1 for becomeLeader, leader elected after 5098ms
2019-09-26 13:32:25,230 [7f96d7ec-09ec-4bbe-aec6-0e54f41a3b22@group-0D53531E0093:LeaderElection95] INFO  server.RaftServerConfigKeys (ConfUtils.java:logGet(43)) - raft.server.staging.catchup.gap = 1000 (default)
2019-09-26 13:32:25,230 [7f96d7ec-09ec-4bbe-aec6-0e54f41a3b22@group-0D53531E0093:LeaderElection95] INFO  server.RaftServerConfigKeys (ConfUtils.java:logGet(43)) - raft.server.rpc.sleep.time = 25ms (default)
2019-09-26 13:32:25,230 [7f96d7ec-09ec-4bbe-aec6-0e54f41a3b22@group-0D53531E0093:LeaderElection95] INFO  server.RaftServerConfigKeys (ConfUtils.java:logGet(43)) - raft.server.write.element-limit = 4096 (default)
2019-09-26 13:32:25,231 [7f96d7ec-09ec-4bbe-aec6-0e54f41a3b22@group-0D53531E0093:LeaderElection95] INFO  server.RaftServerConfigKeys (ConfUtils.java:logGet(43)) - raft.server.watch.timeout = 10s (default)
2019-09-26 13:32:25,231 [7f96d7ec-09ec-4bbe-aec6-0e54f41a3b22@group-0D53531E0093:LeaderElection95] INFO  server.RaftServerConfigKeys (ConfUtils.java:logGet(43)) - raft.server.watch.timeout.denomination = 1s (default)
2019-09-26 13:32:25,231 [7f96d7ec-09ec-4bbe-aec6-0e54f41a3b22@group-0D53531E0093:LeaderElection95] INFO  server.RaftServerConfigKeys (ConfUtils.java:logGet(43)) - raft.server.watch.element-limit = 65536 (default)
2019-09-26 13:32:25,233 [7f96d7ec-09ec-4bbe-aec6-0e54f41a3b22@group-0D53531E0093:LeaderElection95] INFO  impl.RoleInfo (RoleInfo.java:updateAndGet(143)) - 7f96d7ec-09ec-4bbe-aec6-0e54f41a3b22: start LeaderState
2019-09-26 13:32:25,233 [7f96d7ec-09ec-4bbe-aec6-0e54f41a3b22@group-0D53531E0093:LeaderElection95] INFO  segmented.SegmentedRaftLogWorker (SegmentedRaftLogWorker.java:startLogSegment(380)) - 7f96d7ec-09ec-4bbe-aec6-0e54f41a3b22@group-0D53531E0093-SegmentedRaftLogWorker: Starting segment from index:0
2019-09-26 13:32:25,234 [7f96d7ec-09ec-4bbe-aec6-0e54f41a3b22@group-0D53531E0093:LeaderElection95] INFO  impl.RaftServerImpl (ServerState.java:setRaftConf(354)) - 7f96d7ec-09ec-4bbe-aec6-0e54f41a3b22@group-0D53531E0093: set configuration 0: [7f96d7ec-09ec-4bbe-aec6-0e54f41a3b22:192.168.164.238:33436], old=null at 0
2019-09-26 13:32:25,235 [Thread-1533] INFO  impl.FollowerState (FollowerState.java:run(106)) - d996ac0f-d7fa-44b8-9629-cc45741e2b0c:group-DFA37B46B599 changes to CANDIDATE, lastRpcTime:5158, electionTimeout:5158ms
2019-09-26 13:32:25,235 [Thread-1533] INFO  impl.RoleInfo (RoleInfo.java:shutdownFollowerState(121)) - d996ac0f-d7fa-44b8-9629-cc45741e2b0c: shutdown FollowerState
2019-09-26 13:32:25,235 [Thread-1533] INFO  impl.RaftServerImpl (RaftServerImpl.java:setRole(174)) - d996ac0f-d7fa-44b8-9629-cc45741e2b0c@group-DFA37B46B599: changes role from  FOLLOWER to CANDIDATE at term 0 for changeToCandidate
2019-09-26 13:32:25,235 [Thread-1533] INFO  impl.RoleInfo (RoleInfo.java:updateAndGet(143)) - d996ac0f-d7fa-44b8-9629-cc45741e2b0c: start LeaderElection
2019-09-26 13:32:25,274 [d996ac0f-d7fa-44b8-9629-cc45741e2b0c@group-F699C0A678FF:LeaderElection96] INFO  impl.LeaderElection (LeaderElection.java:askForVotes(182)) - d996ac0f-d7fa-44b8-9629-cc45741e2b0c@group-F699C0A678FF:LeaderElection96: begin an election at term 1 for -1: [d996ac0f-d7fa-44b8-9629-cc45741e2b0c:192.168.164.238:38392], old=null
2019-09-26 13:32:25,274 [d996ac0f-d7fa-44b8-9629-cc45741e2b0c@group-F699C0A678FF:LeaderElection96] INFO  impl.RoleInfo (RoleInfo.java:shutdownLeaderElection(134)) - d996ac0f-d7fa-44b8-9629-cc45741e2b0c: shutdown LeaderElection
2019-09-26 13:32:25,274 [d996ac0f-d7fa-44b8-9629-cc45741e2b0c@group-F699C0A678FF:LeaderElection96] INFO  impl.RaftServerImpl (RaftServerImpl.java:setRole(174)) - d996ac0f-d7fa-44b8-9629-cc45741e2b0c@group-F699C0A678FF: changes role from CANDIDATE to LEADER at term 1 for changeToLeader
2019-09-26 13:32:25,274 [d996ac0f-d7fa-44b8-9629-cc45741e2b0c@group-F699C0A678FF:LeaderElection96] INFO  impl.RaftServerImpl (ServerState.java:setLeader(253)) - d996ac0f-d7fa-44b8-9629-cc45741e2b0c@group-F699C0A678FF: change Leader from null to d996ac0f-d7fa-44b8-9629-cc45741e2b0c at term 1 for becomeLeader, leader elected after 5252ms
2019-09-26 13:32:25,274 [d996ac0f-d7fa-44b8-9629-cc45741e2b0c@group-F699C0A678FF:LeaderElection96] INFO  server.RaftServerConfigKeys (ConfUtils.java:logGet(43)) - raft.server.staging.catchup.gap = 1000 (default)
2019-09-26 13:32:25,274 [d996ac0f-d7fa-44b8-9629-cc45741e2b0c@group-F699C0A678FF:LeaderElection96] INFO  server.RaftServerConfigKeys (ConfUtils.java:logGet(43)) - raft.server.rpc.sleep.time = 25ms (default)
2019-09-26 13:32:25,275 [d996ac0f-d7fa-44b8-9629-cc45741e2b0c@group-F699C0A678FF:LeaderElection96] INFO  server.RaftServerConfigKeys (ConfUtils.java:logGet(43)) - raft.server.write.element-limit = 4096 (default)
2019-09-26 13:32:25,275 [d996ac0f-d7fa-44b8-9629-cc45741e2b0c@group-F699C0A678FF:LeaderElection96] INFO  server.RaftServerConfigKeys (ConfUtils.java:logGet(43)) - raft.server.watch.timeout = 10s (default)
2019-09-26 13:32:25,275 [d996ac0f-d7fa-44b8-9629-cc45741e2b0c@group-F699C0A678FF:LeaderElection96] INFO  server.RaftServerConfigKeys (ConfUtils.java:logGet(43)) - raft.server.watch.timeout.denomination = 1s (default)
2019-09-26 13:32:25,275 [d996ac0f-d7fa-44b8-9629-cc45741e2b0c@group-F699C0A678FF:LeaderElection96] INFO  server.RaftServerConfigKeys (ConfUtils.java:logGet(43)) - raft.server.watch.element-limit = 65536 (default)
2019-09-26 13:32:25,277 [d996ac0f-d7fa-44b8-9629-cc45741e2b0c@group-F699C0A678FF:LeaderElection96] INFO  impl.RoleInfo (RoleInfo.java:updateAndGet(143)) - d996ac0f-d7fa-44b8-9629-cc45741e2b0c: start LeaderState
2019-09-26 13:32:25,277 [d996ac0f-d7fa-44b8-9629-cc45741e2b0c@group-F699C0A678FF:LeaderElection96] INFO  segmented.SegmentedRaftLogWorker (SegmentedRaftLogWorker.java:startLogSegment(380)) - d996ac0f-d7fa-44b8-9629-cc45741e2b0c@group-F699C0A678FF-SegmentedRaftLogWorker: Starting segment from index:0
2019-09-26 13:32:25,277 [d996ac0f-d7fa-44b8-9629-cc45741e2b0c@group-F699C0A678FF:LeaderElection96] INFO  impl.RaftServerImpl (ServerState.java:setRaftConf(354)) - d996ac0f-d7fa-44b8-9629-cc45741e2b0c@group-F699C0A678FF: set configuration 0: [d996ac0f-d7fa-44b8-9629-cc45741e2b0c:192.168.164.238:38392], old=null at 0
2019-09-26 13:32:25,286 [7f96d7ec-09ec-4bbe-aec6-0e54f41a3b22@group-0D53531E0093-SegmentedRaftLogWorker] INFO  segmented.SegmentedRaftLogWorker (SegmentedRaftLogWorker.java:execute(569)) - 7f96d7ec-09ec-4bbe-aec6-0e54f41a3b22@group-0D53531E0093-SegmentedRaftLogWorker: created new log segment /workdir/hadoop-ozone/ozonefs/target/test-dir/MiniOzoneClusterImpl-d13f4c17-e694-49b3-9e13-851dfc20fd5b/datanode-1/data/ratis/f1e64272-7c66-4939-aaee-0d53531e0093/current/log_inprogress_0
2019-09-26 13:32:25,286 [d996ac0f-d7fa-44b8-9629-cc45741e2b0c@group-DFA37B46B599:LeaderElection97] INFO  impl.LeaderElection (LeaderElection.java:askForVotes(182)) - d996ac0f-d7fa-44b8-9629-cc45741e2b0c@group-DFA37B46B599:LeaderElection97: begin an election at term 1 for -1: [d996ac0f-d7fa-44b8-9629-cc45741e2b0c:192.168.164.238:38392], old=null
2019-09-26 13:32:25,287 [d996ac0f-d7fa-44b8-9629-cc45741e2b0c@group-DFA37B46B599:LeaderElection97] INFO  impl.RoleInfo (RoleInfo.java:shutdownLeaderElection(134)) - d996ac0f-d7fa-44b8-9629-cc45741e2b0c: shutdown LeaderElection
2019-09-26 13:32:25,287 [d996ac0f-d7fa-44b8-9629-cc45741e2b0c@group-DFA37B46B599:LeaderElection97] INFO  impl.RaftServerImpl (RaftServerImpl.java:setRole(174)) - d996ac0f-d7fa-44b8-9629-cc45741e2b0c@group-DFA37B46B599: changes role from CANDIDATE to LEADER at term 1 for changeToLeader
2019-09-26 13:32:25,287 [d996ac0f-d7fa-44b8-9629-cc45741e2b0c@group-DFA37B46B599:LeaderElection97] INFO  impl.RaftServerImpl (ServerState.java:setLeader(253)) - d996ac0f-d7fa-44b8-9629-cc45741e2b0c@group-DFA37B46B599: change Leader from null to d996ac0f-d7fa-44b8-9629-cc45741e2b0c at term 1 for becomeLeader, leader elected after 5214ms
2019-09-26 13:32:25,287 [d996ac0f-d7fa-44b8-9629-cc45741e2b0c@group-DFA37B46B599:LeaderElection97] INFO  server.RaftServerConfigKeys (ConfUtils.java:logGet(43)) - raft.server.staging.catchup.gap = 1000 (default)
2019-09-26 13:32:25,287 [d996ac0f-d7fa-44b8-9629-cc45741e2b0c@group-DFA37B46B599:LeaderElection97] INFO  server.RaftServerConfigKeys (ConfUtils.java:logGet(43)) - raft.server.rpc.sleep.time = 25ms (default)
2019-09-26 13:32:25,287 [d996ac0f-d7fa-44b8-9629-cc45741e2b0c@group-DFA37B46B599:LeaderElection97] INFO  server.RaftServerConfigKeys (ConfUtils.java:logGet(43)) - raft.server.write.element-limit = 4096 (default)
2019-09-26 13:32:25,288 [d996ac0f-d7fa-44b8-9629-cc45741e2b0c@group-DFA37B46B599:LeaderElection97] INFO  server.RaftServerConfigKeys (ConfUtils.java:logGet(43)) - raft.server.watch.timeout = 10s (default)
2019-09-26 13:32:25,288 [d996ac0f-d7fa-44b8-9629-cc45741e2b0c@group-DFA37B46B599:LeaderElection97] INFO  server.RaftServerConfigKeys (ConfUtils.java:logGet(43)) - raft.server.watch.timeout.denomination = 1s (default)
2019-09-26 13:32:25,288 [d996ac0f-d7fa-44b8-9629-cc45741e2b0c@group-DFA37B46B599:LeaderElection97] INFO  server.RaftServerConfigKeys (ConfUtils.java:logGet(43)) - raft.server.watch.element-limit = 65536 (default)
2019-09-26 13:32:25,291 [d996ac0f-d7fa-44b8-9629-cc45741e2b0c@group-DFA37B46B599:LeaderElection97] INFO  impl.RoleInfo (RoleInfo.java:updateAndGet(143)) - d996ac0f-d7fa-44b8-9629-cc45741e2b0c: start LeaderState
2019-09-26 13:32:25,291 [d996ac0f-d7fa-44b8-9629-cc45741e2b0c@group-DFA37B46B599:LeaderElection97] INFO  segmented.SegmentedRaftLogWorker (SegmentedRaftLogWorker.java:startLogSegment(380)) - d996ac0f-d7fa-44b8-9629-cc45741e2b0c@group-DFA37B46B599-SegmentedRaftLogWorker: Starting segment from index:0
2019-09-26 13:32:25,291 [d996ac0f-d7fa-44b8-9629-cc45741e2b0c@group-DFA37B46B599:LeaderElection97] INFO  impl.RaftServerImpl (ServerState.java:setRaftConf(354)) - d996ac0f-d7fa-44b8-9629-cc45741e2b0c@group-DFA37B46B599: set configuration 0: [d996ac0f-d7fa-44b8-9629-cc45741e2b0c:192.168.164.238:38392], old=null at 0
2019-09-26 13:32:25,298 [Thread-1539] INFO  impl.FollowerState (FollowerState.java:run(106)) - 7f96d7ec-09ec-4bbe-aec6-0e54f41a3b22:group-792509DBFE4D changes to CANDIDATE, lastRpcTime:5105, electionTimeout:5105ms
2019-09-26 13:32:25,299 [Thread-1539] INFO  impl.RoleInfo (RoleInfo.java:shutdownFollowerState(121)) - 7f96d7ec-09ec-4bbe-aec6-0e54f41a3b22: shutdown FollowerState
2019-09-26 13:32:25,299 [Thread-1539] INFO  impl.RaftServerImpl (RaftServerImpl.java:setRole(174)) - 7f96d7ec-09ec-4bbe-aec6-0e54f41a3b22@group-792509DBFE4D: changes role from  FOLLOWER to CANDIDATE at term 0 for changeToCandidate
2019-09-26 13:32:25,299 [Thread-1539] INFO  impl.RoleInfo (RoleInfo.java:updateAndGet(143)) - 7f96d7ec-09ec-4bbe-aec6-0e54f41a3b22: start LeaderElection
2019-09-26 13:32:25,344 [d996ac0f-d7fa-44b8-9629-cc45741e2b0c@group-DFA37B46B599-SegmentedRaftLogWorker] INFO  segmented.SegmentedRaftLogWorker (SegmentedRaftLogWorker.java:execute(569)) - d996ac0f-d7fa-44b8-9629-cc45741e2b0c@group-DFA37B46B599-SegmentedRaftLogWorker: created new log segment /workdir/hadoop-ozone/ozonefs/target/test-dir/MiniOzoneClusterImpl-d13f4c17-e694-49b3-9e13-851dfc20fd5b/datanode-0/data/ratis/6a104266-035f-4665-93ce-dfa37b46b599/current/log_inprogress_0
2019-09-26 13:32:25,344 [7f96d7ec-09ec-4bbe-aec6-0e54f41a3b22@group-792509DBFE4D:LeaderElection98] INFO  impl.LeaderElection (LeaderElection.java:askForVotes(182)) - 7f96d7ec-09ec-4bbe-aec6-0e54f41a3b22@group-792509DBFE4D:LeaderElection98: begin an election at term 1 for -1: [7f96d7ec-09ec-4bbe-aec6-0e54f41a3b22:192.168.164.238:33436], old=null
2019-09-26 13:32:25,344 [d996ac0f-d7fa-44b8-9629-cc45741e2b0c@group-F699C0A678FF-SegmentedRaftLogWorker] INFO  segmented.SegmentedRaftLogWorker (SegmentedRaftLogWorker.java:execute(569)) - d996ac0f-d7fa-44b8-9629-cc45741e2b0c@group-F699C0A678FF-SegmentedRaftLogWorker: created new log segment /workdir/hadoop-ozone/ozonefs/target/test-dir/MiniOzoneClusterImpl-d13f4c17-e694-49b3-9e13-851dfc20fd5b/datanode-0/data/ratis/e3092eb1-57c8-4d7f-a990-f699c0a678ff/current/log_inprogress_0
2019-09-26 13:32:25,345 [7f96d7ec-09ec-4bbe-aec6-0e54f41a3b22@group-792509DBFE4D:LeaderElection98] INFO  impl.RoleInfo (RoleInfo.java:shutdownLeaderElection(134)) - 7f96d7ec-09ec-4bbe-aec6-0e54f41a3b22: shutdown LeaderElection
2019-09-26 13:32:25,345 [7f96d7ec-09ec-4bbe-aec6-0e54f41a3b22@group-792509DBFE4D:LeaderElection98] INFO  impl.RaftServerImpl (RaftServerImpl.java:setRole(174)) - 7f96d7ec-09ec-4bbe-aec6-0e54f41a3b22@group-792509DBFE4D: changes role from CANDIDATE to LEADER at term 1 for changeToLeader
2019-09-26 13:32:25,345 [7f96d7ec-09ec-4bbe-aec6-0e54f41a3b22@group-792509DBFE4D:LeaderElection98] INFO  impl.RaftServerImpl (ServerState.java:setLeader(253)) - 7f96d7ec-09ec-4bbe-aec6-0e54f41a3b22@group-792509DBFE4D: change Leader from null to 7f96d7ec-09ec-4bbe-aec6-0e54f41a3b22 at term 1 for becomeLeader, leader elected after 5158ms
2019-09-26 13:32:25,345 [7f96d7ec-09ec-4bbe-aec6-0e54f41a3b22@group-792509DBFE4D:LeaderElection98] INFO  server.RaftServerConfigKeys (ConfUtils.java:logGet(43)) - raft.server.staging.catchup.gap = 1000 (default)
2019-09-26 13:32:25,345 [7f96d7ec-09ec-4bbe-aec6-0e54f41a3b22@group-792509DBFE4D:LeaderElection98] INFO  server.RaftServerConfigKeys (ConfUtils.java:logGet(43)) - raft.server.rpc.sleep.time = 25ms (default)
2019-09-26 13:32:25,345 [7f96d7ec-09ec-4bbe-aec6-0e54f41a3b22@group-792509DBFE4D:LeaderElection98] INFO  server.RaftServerConfigKeys (ConfUtils.java:logGet(43)) - raft.server.write.element-limit = 4096 (default)
2019-09-26 13:32:25,346 [7f96d7ec-09ec-4bbe-aec6-0e54f41a3b22@group-792509DBFE4D:LeaderElection98] INFO  server.RaftServerConfigKeys (ConfUtils.java:logGet(43)) - raft.server.watch.timeout = 10s (default)
2019-09-26 13:32:25,346 [7f96d7ec-09ec-4bbe-aec6-0e54f41a3b22@group-792509DBFE4D:LeaderElection98] INFO  server.RaftServerConfigKeys (ConfUtils.java:logGet(43)) - raft.server.watch.timeout.denomination = 1s (default)
2019-09-26 13:32:25,346 [7f96d7ec-09ec-4bbe-aec6-0e54f41a3b22@group-792509DBFE4D:LeaderElection98] INFO  server.RaftServerConfigKeys (ConfUtils.java:logGet(43)) - raft.server.watch.element-limit = 65536 (default)
2019-09-26 13:32:25,348 [7f96d7ec-09ec-4bbe-aec6-0e54f41a3b22@group-792509DBFE4D:LeaderElection98] INFO  impl.RoleInfo (RoleInfo.java:updateAndGet(143)) - 7f96d7ec-09ec-4bbe-aec6-0e54f41a3b22: start LeaderState
2019-09-26 13:32:25,348 [7f96d7ec-09ec-4bbe-aec6-0e54f41a3b22@group-792509DBFE4D:LeaderElection98] INFO  segmented.SegmentedRaftLogWorker (SegmentedRaftLogWorker.java:startLogSegment(380)) - 7f96d7ec-09ec-4bbe-aec6-0e54f41a3b22@group-792509DBFE4D-SegmentedRaftLogWorker: Starting segment from index:0
2019-09-26 13:32:25,348 [7f96d7ec-09ec-4bbe-aec6-0e54f41a3b22@group-792509DBFE4D:LeaderElection98] INFO  impl.RaftServerImpl (ServerState.java:setRaftConf(354)) - 7f96d7ec-09ec-4bbe-aec6-0e54f41a3b22@group-792509DBFE4D: set configuration 0: [7f96d7ec-09ec-4bbe-aec6-0e54f41a3b22:192.168.164.238:33436], old=null at 0
2019-09-26 13:32:25,356 [Thread-1542] INFO  impl.FollowerState (FollowerState.java:run(106)) - 7f96d7ec-09ec-4bbe-aec6-0e54f41a3b22:group-C3B91A68D38D changes to CANDIDATE, lastRpcTime:5122, electionTimeout:5122ms
2019-09-26 13:32:25,356 [Thread-1542] INFO  impl.RoleInfo (RoleInfo.java:shutdownFollowerState(121)) - 7f96d7ec-09ec-4bbe-aec6-0e54f41a3b22: shutdown FollowerState
2019-09-26 13:32:25,356 [Thread-1542] INFO  impl.RaftServerImpl (RaftServerImpl.java:setRole(174)) - 7f96d7ec-09ec-4bbe-aec6-0e54f41a3b22@group-C3B91A68D38D: changes role from  FOLLOWER to CANDIDATE at term 0 for changeToCandidate
2019-09-26 13:32:25,356 [Thread-1542] INFO  impl.RoleInfo (RoleInfo.java:updateAndGet(143)) - 7f96d7ec-09ec-4bbe-aec6-0e54f41a3b22: start LeaderElection
2019-09-26 13:32:25,388 [Thread-1551] INFO  impl.FollowerState (FollowerState.java:run(106)) - 7f96d7ec-09ec-4bbe-aec6-0e54f41a3b22:group-9851EC810493 changes to CANDIDATE, lastRpcTime:5002, electionTimeout:5002ms
2019-09-26 13:32:25,388 [Thread-1551] INFO  impl.RoleInfo (RoleInfo.java:shutdownFollowerState(121)) - 7f96d7ec-09ec-4bbe-aec6-0e54f41a3b22: shutdown FollowerState
2019-09-26 13:32:25,388 [Thread-1551] INFO  impl.RaftServerImpl (RaftServerImpl.java:setRole(174)) - 7f96d7ec-09ec-4bbe-aec6-0e54f41a3b22@group-9851EC810493: changes role from  FOLLOWER to CANDIDATE at term 0 for changeToCandidate
2019-09-26 13:32:25,388 [Thread-1551] INFO  impl.RoleInfo (RoleInfo.java:updateAndGet(143)) - 7f96d7ec-09ec-4bbe-aec6-0e54f41a3b22: start LeaderElection
2019-09-26 13:32:25,398 [7f96d7ec-09ec-4bbe-aec6-0e54f41a3b22@group-792509DBFE4D-SegmentedRaftLogWorker] INFO  segmented.SegmentedRaftLogWorker (SegmentedRaftLogWorker.java:execute(569)) - 7f96d7ec-09ec-4bbe-aec6-0e54f41a3b22@group-792509DBFE4D-SegmentedRaftLogWorker: created new log segment /workdir/hadoop-ozone/ozonefs/target/test-dir/MiniOzoneClusterImpl-d13f4c17-e694-49b3-9e13-851dfc20fd5b/datanode-1/data/ratis/450d3a45-5f5e-4bc3-969f-792509dbfe4d/current/log_inprogress_0
2019-09-26 13:32:25,398 [7f96d7ec-09ec-4bbe-aec6-0e54f41a3b22@group-9851EC810493:LeaderElection100] INFO  impl.LeaderElection (LeaderElection.java:askForVotes(182)) - 7f96d7ec-09ec-4bbe-aec6-0e54f41a3b22@group-9851EC810493:LeaderElection100: begin an election at term 1 for -1: [7f96d7ec-09ec-4bbe-aec6-0e54f41a3b22:192.168.164.238:33436], old=null
2019-09-26 13:32:25,398 [7f96d7ec-09ec-4bbe-aec6-0e54f41a3b22@group-C3B91A68D38D:LeaderElection99] INFO  impl.LeaderElection (LeaderElection.java:askForVotes(182)) - 7f96d7ec-09ec-4bbe-aec6-0e54f41a3b22@group-C3B91A68D38D:LeaderElection99: begin an election at term 1 for -1: [7f96d7ec-09ec-4bbe-aec6-0e54f41a3b22:192.168.164.238:33436], old=null
2019-09-26 13:32:25,398 [7f96d7ec-09ec-4bbe-aec6-0e54f41a3b22@group-9851EC810493:LeaderElection100] INFO  impl.RoleInfo (RoleInfo.java:shutdownLeaderElection(134)) - 7f96d7ec-09ec-4bbe-aec6-0e54f41a3b22: shutdown LeaderElection
2019-09-26 13:32:25,398 [7f96d7ec-09ec-4bbe-aec6-0e54f41a3b22@group-C3B91A68D38D:LeaderElection99] INFO  impl.RoleInfo (RoleInfo.java:shutdownLeaderElection(134)) - 7f96d7ec-09ec-4bbe-aec6-0e54f41a3b22: shutdown LeaderElection
2019-09-26 13:32:25,398 [7f96d7ec-09ec-4bbe-aec6-0e54f41a3b22@group-9851EC810493:LeaderElection100] INFO  impl.RaftServerImpl (RaftServerImpl.java:setRole(174)) - 7f96d7ec-09ec-4bbe-aec6-0e54f41a3b22@group-9851EC810493: changes role from CANDIDATE to LEADER at term 1 for changeToLeader
2019-09-26 13:32:25,398 [7f96d7ec-09ec-4bbe-aec6-0e54f41a3b22@group-C3B91A68D38D:LeaderElection99] INFO  impl.RaftServerImpl (RaftServerImpl.java:setRole(174)) - 7f96d7ec-09ec-4bbe-aec6-0e54f41a3b22@group-C3B91A68D38D: changes role from CANDIDATE to LEADER at term 1 for changeToLeader
2019-09-26 13:32:25,398 [7f96d7ec-09ec-4bbe-aec6-0e54f41a3b22@group-9851EC810493:LeaderElection100] INFO  impl.RaftServerImpl (ServerState.java:setLeader(253)) - 7f96d7ec-09ec-4bbe-aec6-0e54f41a3b22@group-9851EC810493: change Leader from null to 7f96d7ec-09ec-4bbe-aec6-0e54f41a3b22 at term 1 for becomeLeader, leader elected after 5020ms
2019-09-26 13:32:25,399 [7f96d7ec-09ec-4bbe-aec6-0e54f41a3b22@group-C3B91A68D38D:LeaderElection99] INFO  impl.RaftServerImpl (ServerState.java:setLeader(253)) - 7f96d7ec-09ec-4bbe-aec6-0e54f41a3b22@group-C3B91A68D38D: change Leader from null to 7f96d7ec-09ec-4bbe-aec6-0e54f41a3b22 at term 1 for becomeLeader, leader elected after 5169ms
2019-09-26 13:32:25,399 [7f96d7ec-09ec-4bbe-aec6-0e54f41a3b22@group-9851EC810493:LeaderElection100] INFO  server.RaftServerConfigKeys (ConfUtils.java:logGet(43)) - raft.server.staging.catchup.gap = 1000 (default)
2019-09-26 13:32:25,399 [7f96d7ec-09ec-4bbe-aec6-0e54f41a3b22@group-C3B91A68D38D:LeaderElection99] INFO  server.RaftServerConfigKeys (ConfUtils.java:logGet(43)) - raft.server.staging.catchup.gap = 1000 (default)
2019-09-26 13:32:25,399 [7f96d7ec-09ec-4bbe-aec6-0e54f41a3b22@group-9851EC810493:LeaderElection100] INFO  server.RaftServerConfigKeys (ConfUtils.java:logGet(43)) - raft.server.rpc.sleep.time = 25ms (default)
2019-09-26 13:32:25,399 [7f96d7ec-09ec-4bbe-aec6-0e54f41a3b22@group-C3B91A68D38D:LeaderElection99] INFO  server.RaftServerConfigKeys (ConfUtils.java:logGet(43)) - raft.server.rpc.sleep.time = 25ms (default)
2019-09-26 13:32:25,399 [7f96d7ec-09ec-4bbe-aec6-0e54f41a3b22@group-9851EC810493:LeaderElection100] INFO  server.RaftServerConfigKeys (ConfUtils.java:logGet(43)) - raft.server.write.element-limit = 4096 (default)
2019-09-26 13:32:25,399 [7f96d7ec-09ec-4bbe-aec6-0e54f41a3b22@group-C3B91A68D38D:LeaderElection99] INFO  server.RaftServerConfigKeys (ConfUtils.java:logGet(43)) - raft.server.write.element-limit = 4096 (default)
2019-09-26 13:32:25,399 [7f96d7ec-09ec-4bbe-aec6-0e54f41a3b22@group-9851EC810493:LeaderElection100] INFO  server.RaftServerConfigKeys (ConfUtils.java:logGet(43)) - raft.server.watch.timeout = 10s (default)
2019-09-26 13:32:25,399 [7f96d7ec-09ec-4bbe-aec6-0e54f41a3b22@group-C3B91A68D38D:LeaderElection99] INFO  server.RaftServerConfigKeys (ConfUtils.java:logGet(43)) - raft.server.watch.timeout = 10s (default)
2019-09-26 13:32:25,399 [7f96d7ec-09ec-4bbe-aec6-0e54f41a3b22@group-9851EC810493:LeaderElection100] INFO  server.RaftServerConfigKeys (ConfUtils.java:logGet(43)) - raft.server.watch.timeout.denomination = 1s (default)
2019-09-26 13:32:25,400 [7f96d7ec-09ec-4bbe-aec6-0e54f41a3b22@group-C3B91A68D38D:LeaderElection99] INFO  server.RaftServerConfigKeys (ConfUtils.java:logGet(43)) - raft.server.watch.timeout.denomination = 1s (default)
2019-09-26 13:32:25,400 [7f96d7ec-09ec-4bbe-aec6-0e54f41a3b22@group-9851EC810493:LeaderElection100] INFO  server.RaftServerConfigKeys (ConfUtils.java:logGet(43)) - raft.server.watch.element-limit = 65536 (default)
2019-09-26 13:32:25,400 [7f96d7ec-09ec-4bbe-aec6-0e54f41a3b22@group-C3B91A68D38D:LeaderElection99] INFO  server.RaftServerConfigKeys (ConfUtils.java:logGet(43)) - raft.server.watch.element-limit = 65536 (default)
2019-09-26 13:32:25,403 [7f96d7ec-09ec-4bbe-aec6-0e54f41a3b22@group-9851EC810493:LeaderElection100] INFO  impl.RoleInfo (RoleInfo.java:updateAndGet(143)) - 7f96d7ec-09ec-4bbe-aec6-0e54f41a3b22: start LeaderState
2019-09-26 13:32:25,403 [7f96d7ec-09ec-4bbe-aec6-0e54f41a3b22@group-C3B91A68D38D:LeaderElection99] INFO  impl.RoleInfo (RoleInfo.java:updateAndGet(143)) - 7f96d7ec-09ec-4bbe-aec6-0e54f41a3b22: start LeaderState
2019-09-26 13:32:25,403 [7f96d7ec-09ec-4bbe-aec6-0e54f41a3b22@group-9851EC810493:LeaderElection100] INFO  segmented.SegmentedRaftLogWorker (SegmentedRaftLogWorker.java:startLogSegment(380)) - 7f96d7ec-09ec-4bbe-aec6-0e54f41a3b22@group-9851EC810493-SegmentedRaftLogWorker: Starting segment from index:0
2019-09-26 13:32:25,403 [7f96d7ec-09ec-4bbe-aec6-0e54f41a3b22@group-C3B91A68D38D:LeaderElection99] INFO  segmented.SegmentedRaftLogWorker (SegmentedRaftLogWorker.java:startLogSegment(380)) - 7f96d7ec-09ec-4bbe-aec6-0e54f41a3b22@group-C3B91A68D38D-SegmentedRaftLogWorker: Starting segment from index:0
2019-09-26 13:32:25,403 [7f96d7ec-09ec-4bbe-aec6-0e54f41a3b22@group-9851EC810493:LeaderElection100] INFO  impl.RaftServerImpl (ServerState.java:setRaftConf(354)) - 7f96d7ec-09ec-4bbe-aec6-0e54f41a3b22@group-9851EC810493: set configuration 0: [7f96d7ec-09ec-4bbe-aec6-0e54f41a3b22:192.168.164.238:33436], old=null at 0
2019-09-26 13:32:25,404 [7f96d7ec-09ec-4bbe-aec6-0e54f41a3b22@group-C3B91A68D38D:LeaderElection99] INFO  impl.RaftServerImpl (ServerState.java:setRaftConf(354)) - 7f96d7ec-09ec-4bbe-aec6-0e54f41a3b22@group-C3B91A68D38D: set configuration 0: [7f96d7ec-09ec-4bbe-aec6-0e54f41a3b22:192.168.164.238:33436], old=null at 0
2019-09-26 13:32:25,443 [7f96d7ec-09ec-4bbe-aec6-0e54f41a3b22@group-C3B91A68D38D-SegmentedRaftLogWorker] INFO  segmented.SegmentedRaftLogWorker (SegmentedRaftLogWorker.java:execute(569)) - 7f96d7ec-09ec-4bbe-aec6-0e54f41a3b22@group-C3B91A68D38D-SegmentedRaftLogWorker: created new log segment /workdir/hadoop-ozone/ozonefs/target/test-dir/MiniOzoneClusterImpl-d13f4c17-e694-49b3-9e13-851dfc20fd5b/datanode-1/data/ratis/510f7588-09f9-41c1-96d1-c3b91a68d38d/current/log_inprogress_0
2019-09-26 13:32:25,443 [7f96d7ec-09ec-4bbe-aec6-0e54f41a3b22@group-9851EC810493-SegmentedRaftLogWorker] INFO  segmented.SegmentedRaftLogWorker (SegmentedRaftLogWorker.java:execute(569)) - 7f96d7ec-09ec-4bbe-aec6-0e54f41a3b22@group-9851EC810493-SegmentedRaftLogWorker: created new log segment /workdir/hadoop-ozone/ozonefs/target/test-dir/MiniOzoneClusterImpl-d13f4c17-e694-49b3-9e13-851dfc20fd5b/datanode-1/data/ratis/2ceab820-90f3-49bd-bfbf-9851ec810493/current/log_inprogress_0
2019-09-26 13:32:25,454 [Thread-1554] INFO  impl.FollowerState (FollowerState.java:run(106)) - 7640920c-e43d-4271-86d9-e94fdcad330b:group-E5E2BA6FE3E5 changes to CANDIDATE, lastRpcTime:5020, electionTimeout:5020ms
2019-09-26 13:32:25,454 [Thread-1554] INFO  impl.RoleInfo (RoleInfo.java:shutdownFollowerState(121)) - 7640920c-e43d-4271-86d9-e94fdcad330b: shutdown FollowerState
2019-09-26 13:32:25,455 [Thread-1554] INFO  impl.RaftServerImpl (RaftServerImpl.java:setRole(174)) - 7640920c-e43d-4271-86d9-e94fdcad330b@group-E5E2BA6FE3E5: changes role from  FOLLOWER to CANDIDATE at term 0 for changeToCandidate
2019-09-26 13:32:25,455 [Thread-1554] INFO  impl.RoleInfo (RoleInfo.java:updateAndGet(143)) - 7640920c-e43d-4271-86d9-e94fdcad330b: start LeaderElection
2019-09-26 13:32:25,458 [Thread-1545] INFO  impl.FollowerState (FollowerState.java:run(106)) - d996ac0f-d7fa-44b8-9629-cc45741e2b0c:group-2247D99750B2 changes to CANDIDATE, lastRpcTime:5183, electionTimeout:5182ms
2019-09-26 13:32:25,459 [Thread-1545] INFO  impl.RoleInfo (RoleInfo.java:shutdownFollowerState(121)) - d996ac0f-d7fa-44b8-9629-cc45741e2b0c: shutdown FollowerState
2019-09-26 13:32:25,459 [Thread-1545] INFO  impl.RaftServerImpl (RaftServerImpl.java:setRole(174)) - d996ac0f-d7fa-44b8-9629-cc45741e2b0c@group-2247D99750B2: changes role from  FOLLOWER to CANDIDATE at term 0 for changeToCandidate
2019-09-26 13:32:25,459 [Thread-1545] INFO  impl.RoleInfo (RoleInfo.java:updateAndGet(143)) - d996ac0f-d7fa-44b8-9629-cc45741e2b0c: start LeaderElection
2019-09-26 13:32:25,465 [Thread-1548] INFO  impl.FollowerState (FollowerState.java:run(106)) - 7640920c-e43d-4271-86d9-e94fdcad330b:group-1B311C31AEC2 changes to CANDIDATE, lastRpcTime:5145, electionTimeout:5145ms
2019-09-26 13:32:25,465 [Thread-1548] INFO  impl.RoleInfo (RoleInfo.java:shutdownFollowerState(121)) - 7640920c-e43d-4271-86d9-e94fdcad330b: shutdown FollowerState
2019-09-26 13:32:25,466 [Thread-1548] INFO  impl.RaftServerImpl (RaftServerImpl.java:setRole(174)) - 7640920c-e43d-4271-86d9-e94fdcad330b@group-1B311C31AEC2: changes role from  FOLLOWER to CANDIDATE at term 0 for changeToCandidate
2019-09-26 13:32:25,466 [Thread-1548] INFO  impl.RoleInfo (RoleInfo.java:updateAndGet(143)) - 7640920c-e43d-4271-86d9-e94fdcad330b: start LeaderElection
2019-09-26 13:32:25,483 [d996ac0f-d7fa-44b8-9629-cc45741e2b0c@group-2247D99750B2:LeaderElection102] INFO  impl.LeaderElection (LeaderElection.java:askForVotes(182)) - d996ac0f-d7fa-44b8-9629-cc45741e2b0c@group-2247D99750B2:LeaderElection102: begin an election at term 1 for -1: [d996ac0f-d7fa-44b8-9629-cc45741e2b0c:192.168.164.238:38392], old=null
2019-09-26 13:32:25,483 [7640920c-e43d-4271-86d9-e94fdcad330b@group-E5E2BA6FE3E5:LeaderElection101] INFO  impl.LeaderElection (LeaderElection.java:askForVotes(182)) - 7640920c-e43d-4271-86d9-e94fdcad330b@group-E5E2BA6FE3E5:LeaderElection101: begin an election at term 1 for -1: [7640920c-e43d-4271-86d9-e94fdcad330b:192.168.164.238:37849], old=null
2019-09-26 13:32:25,483 [d996ac0f-d7fa-44b8-9629-cc45741e2b0c@group-2247D99750B2:LeaderElection102] INFO  impl.RoleInfo (RoleInfo.java:shutdownLeaderElection(134)) - d996ac0f-d7fa-44b8-9629-cc45741e2b0c: shutdown LeaderElection
2019-09-26 13:32:25,483 [7640920c-e43d-4271-86d9-e94fdcad330b@group-1B311C31AEC2:LeaderElection103] INFO  impl.LeaderElection (LeaderElection.java:askForVotes(182)) - 7640920c-e43d-4271-86d9-e94fdcad330b@group-1B311C31AEC2:LeaderElection103: begin an election at term 1 for -1: [7640920c-e43d-4271-86d9-e94fdcad330b:192.168.164.238:37849], old=null
2019-09-26 13:32:25,483 [d996ac0f-d7fa-44b8-9629-cc45741e2b0c@group-2247D99750B2:LeaderElection102] INFO  impl.RaftServerImpl (RaftServerImpl.java:setRole(174)) - d996ac0f-d7fa-44b8-9629-cc45741e2b0c@group-2247D99750B2: changes role from CANDIDATE to LEADER at term 1 for changeToLeader
2019-09-26 13:32:25,483 [d996ac0f-d7fa-44b8-9629-cc45741e2b0c@group-2247D99750B2:LeaderElection102] INFO  impl.RaftServerImpl (ServerState.java:setLeader(253)) - d996ac0f-d7fa-44b8-9629-cc45741e2b0c@group-2247D99750B2: change Leader from null to d996ac0f-d7fa-44b8-9629-cc45741e2b0c at term 1 for becomeLeader, leader elected after 5213ms
2019-09-26 13:32:25,483 [7640920c-e43d-4271-86d9-e94fdcad330b@group-E5E2BA6FE3E5:LeaderElection101] INFO  impl.RoleInfo (RoleInfo.java:shutdownLeaderElection(134)) - 7640920c-e43d-4271-86d9-e94fdcad330b: shutdown LeaderElection
2019-09-26 13:32:25,483 [d996ac0f-d7fa-44b8-9629-cc45741e2b0c@group-2247D99750B2:LeaderElection102] INFO  server.RaftServerConfigKeys (ConfUtils.java:logGet(43)) - raft.server.staging.catchup.gap = 1000 (default)
2019-09-26 13:32:25,484 [d996ac0f-d7fa-44b8-9629-cc45741e2b0c@group-2247D99750B2:LeaderElection102] INFO  server.RaftServerConfigKeys (ConfUtils.java:logGet(43)) - raft.server.rpc.sleep.time = 25ms (default)
2019-09-26 13:32:25,483 [7640920c-e43d-4271-86d9-e94fdcad330b@group-1B311C31AEC2:LeaderElection103] INFO  impl.RoleInfo (RoleInfo.java:shutdownLeaderElection(134)) - 7640920c-e43d-4271-86d9-e94fdcad330b: shutdown LeaderElection
2019-09-26 13:32:25,484 [d996ac0f-d7fa-44b8-9629-cc45741e2b0c@group-2247D99750B2:LeaderElection102] INFO  server.RaftServerConfigKeys (ConfUtils.java:logGet(43)) - raft.server.write.element-limit = 4096 (default)
2019-09-26 13:32:25,483 [7640920c-e43d-4271-86d9-e94fdcad330b@group-E5E2BA6FE3E5:LeaderElection101] INFO  impl.RaftServerImpl (RaftServerImpl.java:setRole(174)) - 7640920c-e43d-4271-86d9-e94fdcad330b@group-E5E2BA6FE3E5: changes role from CANDIDATE to LEADER at term 1 for changeToLeader
2019-09-26 13:32:25,484 [d996ac0f-d7fa-44b8-9629-cc45741e2b0c@group-2247D99750B2:LeaderElection102] INFO  server.RaftServerConfigKeys (ConfUtils.java:logGet(43)) - raft.server.watch.timeout = 10s (default)
2019-09-26 13:32:25,484 [d996ac0f-d7fa-44b8-9629-cc45741e2b0c@group-2247D99750B2:LeaderElection102] INFO  server.RaftServerConfigKeys (ConfUtils.java:logGet(43)) - raft.server.watch.timeout.denomination = 1s (default)
2019-09-26 13:32:25,484 [7640920c-e43d-4271-86d9-e94fdcad330b@group-1B311C31AEC2:LeaderElection103] INFO  impl.RaftServerImpl (RaftServerImpl.java:setRole(174)) - 7640920c-e43d-4271-86d9-e94fdcad330b@group-1B311C31AEC2: changes role from CANDIDATE to LEADER at term 1 for changeToLeader
2019-09-26 13:32:25,484 [d996ac0f-d7fa-44b8-9629-cc45741e2b0c@group-2247D99750B2:LeaderElection102] INFO  server.RaftServerConfigKeys (ConfUtils.java:logGet(43)) - raft.server.watch.element-limit = 65536 (default)
2019-09-26 13:32:25,484 [7640920c-e43d-4271-86d9-e94fdcad330b@group-E5E2BA6FE3E5:LeaderElection101] INFO  impl.RaftServerImpl (ServerState.java:setLeader(253)) - 7640920c-e43d-4271-86d9-e94fdcad330b@group-E5E2BA6FE3E5: change Leader from null to 7640920c-e43d-4271-86d9-e94fdcad330b at term 1 for becomeLeader, leader elected after 5057ms
2019-09-26 13:32:25,484 [7640920c-e43d-4271-86d9-e94fdcad330b@group-1B311C31AEC2:LeaderElection103] INFO  impl.RaftServerImpl (ServerState.java:setLeader(253)) - 7640920c-e43d-4271-86d9-e94fdcad330b@group-1B311C31AEC2: change Leader from null to 7640920c-e43d-4271-86d9-e94fdcad330b at term 1 for becomeLeader, leader elected after 5170ms
2019-09-26 13:32:25,485 [7640920c-e43d-4271-86d9-e94fdcad330b@group-E5E2BA6FE3E5:LeaderElection101] INFO  server.RaftServerConfigKeys (ConfUtils.java:logGet(43)) - raft.server.staging.catchup.gap = 1000 (default)
2019-09-26 13:32:25,485 [7640920c-e43d-4271-86d9-e94fdcad330b@group-1B311C31AEC2:LeaderElection103] INFO  server.RaftServerConfigKeys (ConfUtils.java:logGet(43)) - raft.server.staging.catchup.gap = 1000 (default)
2019-09-26 13:32:25,485 [7640920c-e43d-4271-86d9-e94fdcad330b@group-E5E2BA6FE3E5:LeaderElection101] INFO  server.RaftServerConfigKeys (ConfUtils.java:logGet(43)) - raft.server.rpc.sleep.time = 25ms (default)
2019-09-26 13:32:25,485 [7640920c-e43d-4271-86d9-e94fdcad330b@group-1B311C31AEC2:LeaderElection103] INFO  server.RaftServerConfigKeys (ConfUtils.java:logGet(43)) - raft.server.rpc.sleep.time = 25ms (default)
2019-09-26 13:32:25,485 [7640920c-e43d-4271-86d9-e94fdcad330b@group-E5E2BA6FE3E5:LeaderElection101] INFO  server.RaftServerConfigKeys (ConfUtils.java:logGet(43)) - raft.server.write.element-limit = 4096 (default)
2019-09-26 13:32:25,486 [7640920c-e43d-4271-86d9-e94fdcad330b@group-1B311C31AEC2:LeaderElection103] INFO  server.RaftServerConfigKeys (ConfUtils.java:logGet(43)) - raft.server.write.element-limit = 4096 (default)
2019-09-26 13:32:25,486 [7640920c-e43d-4271-86d9-e94fdcad330b@group-E5E2BA6FE3E5:LeaderElection101] INFO  server.RaftServerConfigKeys (ConfUtils.java:logGet(43)) - raft.server.watch.timeout = 10s (default)
2019-09-26 13:32:25,486 [7640920c-e43d-4271-86d9-e94fdcad330b@group-1B311C31AEC2:LeaderElection103] INFO  server.RaftServerConfigKeys (ConfUtils.java:logGet(43)) - raft.server.watch.timeout = 10s (default)
2019-09-26 13:32:25,486 [d996ac0f-d7fa-44b8-9629-cc45741e2b0c@group-2247D99750B2:LeaderElection102] INFO  impl.RoleInfo (RoleInfo.java:updateAndGet(143)) - d996ac0f-d7fa-44b8-9629-cc45741e2b0c: start LeaderState
2019-09-26 13:32:25,486 [7640920c-e43d-4271-86d9-e94fdcad330b@group-E5E2BA6FE3E5:LeaderElection101] INFO  server.RaftServerConfigKeys (ConfUtils.java:logGet(43)) - raft.server.watch.timeout.denomination = 1s (default)
2019-09-26 13:32:25,486 [d996ac0f-d7fa-44b8-9629-cc45741e2b0c@group-2247D99750B2:LeaderElection102] INFO  segmented.SegmentedRaftLogWorker (SegmentedRaftLogWorker.java:startLogSegment(380)) - d996ac0f-d7fa-44b8-9629-cc45741e2b0c@group-2247D99750B2-SegmentedRaftLogWorker: Starting segment from index:0
2019-09-26 13:32:25,486 [7640920c-e43d-4271-86d9-e94fdcad330b@group-1B311C31AEC2:LeaderElection103] INFO  server.RaftServerConfigKeys (ConfUtils.java:logGet(43)) - raft.server.watch.timeout.denomination = 1s (default)
2019-09-26 13:32:25,486 [7640920c-e43d-4271-86d9-e94fdcad330b@group-E5E2BA6FE3E5:LeaderElection101] INFO  server.RaftServerConfigKeys (ConfUtils.java:logGet(43)) - raft.server.watch.element-limit = 65536 (default)
2019-09-26 13:32:25,487 [d996ac0f-d7fa-44b8-9629-cc45741e2b0c@group-2247D99750B2:LeaderElection102] INFO  impl.RaftServerImpl (ServerState.java:setRaftConf(354)) - d996ac0f-d7fa-44b8-9629-cc45741e2b0c@group-2247D99750B2: set configuration 0: [d996ac0f-d7fa-44b8-9629-cc45741e2b0c:192.168.164.238:38392], old=null at 0
2019-09-26 13:32:25,487 [7640920c-e43d-4271-86d9-e94fdcad330b@group-1B311C31AEC2:LeaderElection103] INFO  server.RaftServerConfigKeys (ConfUtils.java:logGet(43)) - raft.server.watch.element-limit = 65536 (default)
2019-09-26 13:32:25,490 [7640920c-e43d-4271-86d9-e94fdcad330b@group-E5E2BA6FE3E5:LeaderElection101] INFO  impl.RoleInfo (RoleInfo.java:updateAndGet(143)) - 7640920c-e43d-4271-86d9-e94fdcad330b: start LeaderState
2019-09-26 13:32:25,491 [7640920c-e43d-4271-86d9-e94fdcad330b@group-E5E2BA6FE3E5:LeaderElection101] INFO  segmented.SegmentedRaftLogWorker (SegmentedRaftLogWorker.java:startLogSegment(380)) - 7640920c-e43d-4271-86d9-e94fdcad330b@group-E5E2BA6FE3E5-SegmentedRaftLogWorker: Starting segment from index:0
2019-09-26 13:32:25,491 [7640920c-e43d-4271-86d9-e94fdcad330b@group-1B311C31AEC2:LeaderElection103] INFO  impl.RoleInfo (RoleInfo.java:updateAndGet(143)) - 7640920c-e43d-4271-86d9-e94fdcad330b: start LeaderState
2019-09-26 13:32:25,491 [7640920c-e43d-4271-86d9-e94fdcad330b@group-1B311C31AEC2:LeaderElection103] INFO  segmented.SegmentedRaftLogWorker (SegmentedRaftLogWorker.java:startLogSegment(380)) - 7640920c-e43d-4271-86d9-e94fdcad330b@group-1B311C31AEC2-SegmentedRaftLogWorker: Starting segment from index:0
2019-09-26 13:32:25,491 [7640920c-e43d-4271-86d9-e94fdcad330b@group-E5E2BA6FE3E5:LeaderElection101] INFO  impl.RaftServerImpl (ServerState.java:setRaftConf(354)) - 7640920c-e43d-4271-86d9-e94fdcad330b@group-E5E2BA6FE3E5: set configuration 0: [7640920c-e43d-4271-86d9-e94fdcad330b:192.168.164.238:37849], old=null at 0
2019-09-26 13:32:25,492 [7640920c-e43d-4271-86d9-e94fdcad330b@group-1B311C31AEC2:LeaderElection103] INFO  impl.RaftServerImpl (ServerState.java:setRaftConf(354)) - 7640920c-e43d-4271-86d9-e94fdcad330b@group-1B311C31AEC2: set configuration 0: [7640920c-e43d-4271-86d9-e94fdcad330b:192.168.164.238:37849], old=null at 0
2019-09-26 13:32:25,529 [Thread-1560] INFO  impl.FollowerState (FollowerState.java:run(106)) - 7640920c-e43d-4271-86d9-e94fdcad330b:group-97C64A320463 changes to CANDIDATE, lastRpcTime:5004, electionTimeout:5004ms
2019-09-26 13:32:25,529 [Thread-1560] INFO  impl.RoleInfo (RoleInfo.java:shutdownFollowerState(121)) - 7640920c-e43d-4271-86d9-e94fdcad330b: shutdown FollowerState
2019-09-26 13:32:25,529 [Thread-1560] INFO  impl.RaftServerImpl (RaftServerImpl.java:setRole(174)) - 7640920c-e43d-4271-86d9-e94fdcad330b@group-97C64A320463: changes role from  FOLLOWER to CANDIDATE at term 0 for changeToCandidate
2019-09-26 13:32:25,530 [Thread-1560] INFO  impl.RoleInfo (RoleInfo.java:updateAndGet(143)) - 7640920c-e43d-4271-86d9-e94fdcad330b: start LeaderElection
2019-09-26 13:32:25,539 [d996ac0f-d7fa-44b8-9629-cc45741e2b0c@group-2247D99750B2-SegmentedRaftLogWorker] INFO  segmented.SegmentedRaftLogWorker (SegmentedRaftLogWorker.java:execute(569)) - d996ac0f-d7fa-44b8-9629-cc45741e2b0c@group-2247D99750B2-SegmentedRaftLogWorker: created new log segment /workdir/hadoop-ozone/ozonefs/target/test-dir/MiniOzoneClusterImpl-d13f4c17-e694-49b3-9e13-851dfc20fd5b/datanode-0/data/ratis/fe3fe4ed-55d9-418a-822c-2247d99750b2/current/log_inprogress_0
2019-09-26 13:32:25,539 [7640920c-e43d-4271-86d9-e94fdcad330b@group-1B311C31AEC2-SegmentedRaftLogWorker] INFO  segmented.SegmentedRaftLogWorker (SegmentedRaftLogWorker.java:execute(569)) - 7640920c-e43d-4271-86d9-e94fdcad330b@group-1B311C31AEC2-SegmentedRaftLogWorker: created new log segment /workdir/hadoop-ozone/ozonefs/target/test-dir/MiniOzoneClusterImpl-d13f4c17-e694-49b3-9e13-851dfc20fd5b/datanode-2/data/ratis/42a67e78-0840-43d9-a078-1b311c31aec2/current/log_inprogress_0
2019-09-26 13:32:25,539 [7640920c-e43d-4271-86d9-e94fdcad330b@group-97C64A320463:LeaderElection104] INFO  impl.LeaderElection (LeaderElection.java:askForVotes(182)) - 7640920c-e43d-4271-86d9-e94fdcad330b@group-97C64A320463:LeaderElection104: begin an election at term 1 for -1: [7640920c-e43d-4271-86d9-e94fdcad330b:192.168.164.238:37849], old=null
2019-09-26 13:32:25,539 [7640920c-e43d-4271-86d9-e94fdcad330b@group-E5E2BA6FE3E5-SegmentedRaftLogWorker] INFO  segmented.SegmentedRaftLogWorker (SegmentedRaftLogWorker.java:execute(569)) - 7640920c-e43d-4271-86d9-e94fdcad330b@group-E5E2BA6FE3E5-SegmentedRaftLogWorker: created new log segment /workdir/hadoop-ozone/ozonefs/target/test-dir/MiniOzoneClusterImpl-d13f4c17-e694-49b3-9e13-851dfc20fd5b/datanode-2/data/ratis/6a3b8446-6ec1-44c8-ba88-e5e2ba6fe3e5/current/log_inprogress_0
2019-09-26 13:32:25,539 [7640920c-e43d-4271-86d9-e94fdcad330b@group-97C64A320463:LeaderElection104] INFO  impl.RoleInfo (RoleInfo.java:shutdownLeaderElection(134)) - 7640920c-e43d-4271-86d9-e94fdcad330b: shutdown LeaderElection
2019-09-26 13:32:25,540 [7640920c-e43d-4271-86d9-e94fdcad330b@group-97C64A320463:LeaderElection104] INFO  impl.RaftServerImpl (RaftServerImpl.java:setRole(174)) - 7640920c-e43d-4271-86d9-e94fdcad330b@group-97C64A320463: changes role from CANDIDATE to LEADER at term 1 for changeToLeader
2019-09-26 13:32:25,540 [7640920c-e43d-4271-86d9-e94fdcad330b@group-97C64A320463:LeaderElection104] INFO  impl.RaftServerImpl (ServerState.java:setLeader(253)) - 7640920c-e43d-4271-86d9-e94fdcad330b@group-97C64A320463: change Leader from null to 7640920c-e43d-4271-86d9-e94fdcad330b at term 1 for becomeLeader, leader elected after 5021ms
2019-09-26 13:32:25,540 [7640920c-e43d-4271-86d9-e94fdcad330b@group-97C64A320463:LeaderElection104] INFO  server.RaftServerConfigKeys (ConfUtils.java:logGet(43)) - raft.server.staging.catchup.gap = 1000 (default)
2019-09-26 13:32:25,540 [7640920c-e43d-4271-86d9-e94fdcad330b@group-97C64A320463:LeaderElection104] INFO  server.RaftServerConfigKeys (ConfUtils.java:logGet(43)) - raft.server.rpc.sleep.time = 25ms (default)
2019-09-26 13:32:25,540 [7640920c-e43d-4271-86d9-e94fdcad330b@group-97C64A320463:LeaderElection104] INFO  server.RaftServerConfigKeys (ConfUtils.java:logGet(43)) - raft.server.write.element-limit = 4096 (default)
2019-09-26 13:32:25,540 [7640920c-e43d-4271-86d9-e94fdcad330b@group-97C64A320463:LeaderElection104] INFO  server.RaftServerConfigKeys (ConfUtils.java:logGet(43)) - raft.server.watch.timeout = 10s (default)
2019-09-26 13:32:25,540 [7640920c-e43d-4271-86d9-e94fdcad330b@group-97C64A320463:LeaderElection104] INFO  server.RaftServerConfigKeys (ConfUtils.java:logGet(43)) - raft.server.watch.timeout.denomination = 1s (default)
2019-09-26 13:32:25,540 [7640920c-e43d-4271-86d9-e94fdcad330b@group-97C64A320463:LeaderElection104] INFO  server.RaftServerConfigKeys (ConfUtils.java:logGet(43)) - raft.server.watch.element-limit = 65536 (default)
2019-09-26 13:32:25,542 [7640920c-e43d-4271-86d9-e94fdcad330b@group-97C64A320463:LeaderElection104] INFO  impl.RoleInfo (RoleInfo.java:updateAndGet(143)) - 7640920c-e43d-4271-86d9-e94fdcad330b: start LeaderState
2019-09-26 13:32:25,542 [7640920c-e43d-4271-86d9-e94fdcad330b@group-97C64A320463:LeaderElection104] INFO  segmented.SegmentedRaftLogWorker (SegmentedRaftLogWorker.java:startLogSegment(380)) - 7640920c-e43d-4271-86d9-e94fdcad330b@group-97C64A320463-SegmentedRaftLogWorker: Starting segment from index:0
2019-09-26 13:32:25,543 [7640920c-e43d-4271-86d9-e94fdcad330b@group-97C64A320463:LeaderElection104] INFO  impl.RaftServerImpl (ServerState.java:setRaftConf(354)) - 7640920c-e43d-4271-86d9-e94fdcad330b@group-97C64A320463: set configuration 0: [7640920c-e43d-4271-86d9-e94fdcad330b:192.168.164.238:37849], old=null at 0
2019-09-26 13:32:25,559 [Thread-1557] INFO  impl.FollowerState (FollowerState.java:run(106)) - 7f96d7ec-09ec-4bbe-aec6-0e54f41a3b22:group-707A06CBBC40 changes to CANDIDATE, lastRpcTime:5080, electionTimeout:5080ms
2019-09-26 13:32:25,560 [Thread-1557] INFO  impl.RoleInfo (RoleInfo.java:shutdownFollowerState(121)) - 7f96d7ec-09ec-4bbe-aec6-0e54f41a3b22: shutdown FollowerState
2019-09-26 13:32:25,560 [Thread-1557] INFO  impl.RaftServerImpl (RaftServerImpl.java:setRole(174)) - 7f96d7ec-09ec-4bbe-aec6-0e54f41a3b22@group-707A06CBBC40: changes role from  FOLLOWER to CANDIDATE at term 0 for changeToCandidate
2019-09-26 13:32:25,560 [Thread-1557] INFO  impl.RoleInfo (RoleInfo.java:updateAndGet(143)) - 7f96d7ec-09ec-4bbe-aec6-0e54f41a3b22: start LeaderElection
2019-09-26 13:32:25,593 [7640920c-e43d-4271-86d9-e94fdcad330b@group-97C64A320463-SegmentedRaftLogWorker] INFO  segmented.SegmentedRaftLogWorker (SegmentedRaftLogWorker.java:execute(569)) - 7640920c-e43d-4271-86d9-e94fdcad330b@group-97C64A320463-SegmentedRaftLogWorker: created new log segment /workdir/hadoop-ozone/ozonefs/target/test-dir/MiniOzoneClusterImpl-d13f4c17-e694-49b3-9e13-851dfc20fd5b/datanode-2/data/ratis/93025004-330f-492c-9c44-97c64a320463/current/log_inprogress_0
2019-09-26 13:32:25,593 [7f96d7ec-09ec-4bbe-aec6-0e54f41a3b22@group-707A06CBBC40:LeaderElection105] INFO  impl.LeaderElection (LeaderElection.java:askForVotes(182)) - 7f96d7ec-09ec-4bbe-aec6-0e54f41a3b22@group-707A06CBBC40:LeaderElection105: begin an election at term 1 for -1: [7f96d7ec-09ec-4bbe-aec6-0e54f41a3b22:192.168.164.238:33436], old=null
2019-09-26 13:32:25,594 [7f96d7ec-09ec-4bbe-aec6-0e54f41a3b22@group-707A06CBBC40:LeaderElection105] INFO  impl.RoleInfo (RoleInfo.java:shutdownLeaderElection(134)) - 7f96d7ec-09ec-4bbe-aec6-0e54f41a3b22: shutdown LeaderElection
2019-09-26 13:32:25,594 [7f96d7ec-09ec-4bbe-aec6-0e54f41a3b22@group-707A06CBBC40:LeaderElection105] INFO  impl.RaftServerImpl (RaftServerImpl.java:setRole(174)) - 7f96d7ec-09ec-4bbe-aec6-0e54f41a3b22@group-707A06CBBC40: changes role from CANDIDATE to LEADER at term 1 for changeToLeader
2019-09-26 13:32:25,594 [7f96d7ec-09ec-4bbe-aec6-0e54f41a3b22@group-707A06CBBC40:LeaderElection105] INFO  impl.RaftServerImpl (ServerState.java:setLeader(253)) - 7f96d7ec-09ec-4bbe-aec6-0e54f41a3b22@group-707A06CBBC40: change Leader from null to 7f96d7ec-09ec-4bbe-aec6-0e54f41a3b22 at term 1 for becomeLeader, leader elected after 5121ms
2019-09-26 13:32:25,594 [7f96d7ec-09ec-4bbe-aec6-0e54f41a3b22@group-707A06CBBC40:LeaderElection105] INFO  server.RaftServerConfigKeys (ConfUtils.java:logGet(43)) - raft.server.staging.catchup.gap = 1000 (default)
2019-09-26 13:32:25,594 [7f96d7ec-09ec-4bbe-aec6-0e54f41a3b22@group-707A06CBBC40:LeaderElection105] INFO  server.RaftServerConfigKeys (ConfUtils.java:logGet(43)) - raft.server.rpc.sleep.time = 25ms (default)
2019-09-26 13:32:25,594 [7f96d7ec-09ec-4bbe-aec6-0e54f41a3b22@group-707A06CBBC40:LeaderElection105] INFO  server.RaftServerConfigKeys (ConfUtils.java:logGet(43)) - raft.server.write.element-limit = 4096 (default)
2019-09-26 13:32:25,594 [7f96d7ec-09ec-4bbe-aec6-0e54f41a3b22@group-707A06CBBC40:LeaderElection105] INFO  server.RaftServerConfigKeys (ConfUtils.java:logGet(43)) - raft.server.watch.timeout = 10s (default)
2019-09-26 13:32:25,595 [7f96d7ec-09ec-4bbe-aec6-0e54f41a3b22@group-707A06CBBC40:LeaderElection105] INFO  server.RaftServerConfigKeys (ConfUtils.java:logGet(43)) - raft.server.watch.timeout.denomination = 1s (default)
2019-09-26 13:32:25,595 [7f96d7ec-09ec-4bbe-aec6-0e54f41a3b22@group-707A06CBBC40:LeaderElection105] INFO  server.RaftServerConfigKeys (ConfUtils.java:logGet(43)) - raft.server.watch.element-limit = 65536 (default)
2019-09-26 13:32:25,596 [7f96d7ec-09ec-4bbe-aec6-0e54f41a3b22@group-707A06CBBC40:LeaderElection105] INFO  impl.RoleInfo (RoleInfo.java:updateAndGet(143)) - 7f96d7ec-09ec-4bbe-aec6-0e54f41a3b22: start LeaderState
2019-09-26 13:32:25,596 [7f96d7ec-09ec-4bbe-aec6-0e54f41a3b22@group-707A06CBBC40:LeaderElection105] INFO  segmented.SegmentedRaftLogWorker (SegmentedRaftLogWorker.java:startLogSegment(380)) - 7f96d7ec-09ec-4bbe-aec6-0e54f41a3b22@group-707A06CBBC40-SegmentedRaftLogWorker: Starting segment from index:0
2019-09-26 13:32:25,597 [7f96d7ec-09ec-4bbe-aec6-0e54f41a3b22@group-707A06CBBC40:LeaderElection105] INFO  impl.RaftServerImpl (ServerState.java:setRaftConf(354)) - 7f96d7ec-09ec-4bbe-aec6-0e54f41a3b22@group-707A06CBBC40: set configuration 0: [7f96d7ec-09ec-4bbe-aec6-0e54f41a3b22:192.168.164.238:33436], old=null at 0
2019-09-26 13:32:25,646 [7f96d7ec-09ec-4bbe-aec6-0e54f41a3b22@group-707A06CBBC40-SegmentedRaftLogWorker] INFO  segmented.SegmentedRaftLogWorker (SegmentedRaftLogWorker.java:execute(569)) - 7f96d7ec-09ec-4bbe-aec6-0e54f41a3b22@group-707A06CBBC40-SegmentedRaftLogWorker: created new log segment /workdir/hadoop-ozone/ozonefs/target/test-dir/MiniOzoneClusterImpl-d13f4c17-e694-49b3-9e13-851dfc20fd5b/datanode-1/data/ratis/d8505340-0672-4e30-a6ae-707a06cbbc40/current/log_inprogress_0
2019-09-26 13:32:25,646 [Thread-1563] INFO  impl.FollowerState (FollowerState.java:run(106)) - 7640920c-e43d-4271-86d9-e94fdcad330b:group-7BBB28E79746 changes to CANDIDATE, lastRpcTime:5078, electionTimeout:5078ms
2019-09-26 13:32:25,647 [Thread-1563] INFO  impl.RoleInfo (RoleInfo.java:shutdownFollowerState(121)) - 7640920c-e43d-4271-86d9-e94fdcad330b: shutdown FollowerState
2019-09-26 13:32:25,647 [Thread-1563] INFO  impl.RaftServerImpl (RaftServerImpl.java:setRole(174)) - 7640920c-e43d-4271-86d9-e94fdcad330b@group-7BBB28E79746: changes role from  FOLLOWER to CANDIDATE at term 0 for changeToCandidate
2019-09-26 13:32:25,647 [Thread-1563] INFO  impl.RoleInfo (RoleInfo.java:updateAndGet(143)) - 7640920c-e43d-4271-86d9-e94fdcad330b: start LeaderElection
2019-09-26 13:32:25,659 [7640920c-e43d-4271-86d9-e94fdcad330b@group-7BBB28E79746:LeaderElection106] INFO  impl.LeaderElection (LeaderElection.java:askForVotes(182)) - 7640920c-e43d-4271-86d9-e94fdcad330b@group-7BBB28E79746:LeaderElection106: begin an election at term 1 for -1: [7640920c-e43d-4271-86d9-e94fdcad330b:192.168.164.238:37849], old=null
2019-09-26 13:32:25,659 [7640920c-e43d-4271-86d9-e94fdcad330b@group-7BBB28E79746:LeaderElection106] INFO  impl.RoleInfo (RoleInfo.java:shutdownLeaderElection(134)) - 7640920c-e43d-4271-86d9-e94fdcad330b: shutdown LeaderElection
2019-09-26 13:32:25,659 [7640920c-e43d-4271-86d9-e94fdcad330b@group-7BBB28E79746:LeaderElection106] INFO  impl.RaftServerImpl (RaftServerImpl.java:setRole(174)) - 7640920c-e43d-4271-86d9-e94fdcad330b@group-7BBB28E79746: changes role from CANDIDATE to LEADER at term 1 for changeToLeader
2019-09-26 13:32:25,659 [7640920c-e43d-4271-86d9-e94fdcad330b@group-7BBB28E79746:LeaderElection106] INFO  impl.RaftServerImpl (ServerState.java:setLeader(253)) - 7640920c-e43d-4271-86d9-e94fdcad330b@group-7BBB28E79746: change Leader from null to 7640920c-e43d-4271-86d9-e94fdcad330b at term 1 for becomeLeader, leader elected after 5096ms
2019-09-26 13:32:25,659 [7640920c-e43d-4271-86d9-e94fdcad330b@group-7BBB28E79746:LeaderElection106] INFO  server.RaftServerConfigKeys (ConfUtils.java:logGet(43)) - raft.server.staging.catchup.gap = 1000 (default)
2019-09-26 13:32:25,659 [7640920c-e43d-4271-86d9-e94fdcad330b@group-7BBB28E79746:LeaderElection106] INFO  server.RaftServerConfigKeys (ConfUtils.java:logGet(43)) - raft.server.rpc.sleep.time = 25ms (default)
2019-09-26 13:32:25,660 [7640920c-e43d-4271-86d9-e94fdcad330b@group-7BBB28E79746:LeaderElection106] INFO  server.RaftServerConfigKeys (ConfUtils.java:logGet(43)) - raft.server.write.element-limit = 4096 (default)
2019-09-26 13:32:25,660 [7640920c-e43d-4271-86d9-e94fdcad330b@group-7BBB28E79746:LeaderElection106] INFO  server.RaftServerConfigKeys (ConfUtils.java:logGet(43)) - raft.server.watch.timeout = 10s (default)
2019-09-26 13:32:25,660 [7640920c-e43d-4271-86d9-e94fdcad330b@group-7BBB28E79746:LeaderElection106] INFO  server.RaftServerConfigKeys (ConfUtils.java:logGet(43)) - raft.server.watch.timeout.denomination = 1s (default)
2019-09-26 13:32:25,660 [7640920c-e43d-4271-86d9-e94fdcad330b@group-7BBB28E79746:LeaderElection106] INFO  server.RaftServerConfigKeys (ConfUtils.java:logGet(43)) - raft.server.watch.element-limit = 65536 (default)
2019-09-26 13:32:25,662 [7640920c-e43d-4271-86d9-e94fdcad330b@group-7BBB28E79746:LeaderElection106] INFO  impl.RoleInfo (RoleInfo.java:updateAndGet(143)) - 7640920c-e43d-4271-86d9-e94fdcad330b: start LeaderState
2019-09-26 13:32:25,662 [7640920c-e43d-4271-86d9-e94fdcad330b@group-7BBB28E79746:LeaderElection106] INFO  segmented.SegmentedRaftLogWorker (SegmentedRaftLogWorker.java:startLogSegment(380)) - 7640920c-e43d-4271-86d9-e94fdcad330b@group-7BBB28E79746-SegmentedRaftLogWorker: Starting segment from index:0
2019-09-26 13:32:25,663 [7640920c-e43d-4271-86d9-e94fdcad330b@group-7BBB28E79746:LeaderElection106] INFO  impl.RaftServerImpl (ServerState.java:setRaftConf(354)) - 7640920c-e43d-4271-86d9-e94fdcad330b@group-7BBB28E79746: set configuration 0: [7640920c-e43d-4271-86d9-e94fdcad330b:192.168.164.238:37849], old=null at 0
2019-09-26 13:32:25,713 [7640920c-e43d-4271-86d9-e94fdcad330b@group-7BBB28E79746-SegmentedRaftLogWorker] INFO  segmented.SegmentedRaftLogWorker (SegmentedRaftLogWorker.java:execute(569)) - 7640920c-e43d-4271-86d9-e94fdcad330b@group-7BBB28E79746-SegmentedRaftLogWorker: created new log segment /workdir/hadoop-ozone/ozonefs/target/test-dir/MiniOzoneClusterImpl-d13f4c17-e694-49b3-9e13-851dfc20fd5b/datanode-2/data/ratis/0119e4fc-57f4-4920-b7a1-7bbb28e79746/current/log_inprogress_0
2019-09-26 13:32:25,771 [Thread-1566] INFO  impl.FollowerState (FollowerState.java:run(106)) - 7640920c-e43d-4271-86d9-e94fdcad330b:group-DC63D022E8B1 changes to CANDIDATE, lastRpcTime:5174, electionTimeout:5174ms
2019-09-26 13:32:25,771 [Thread-1566] INFO  impl.RoleInfo (RoleInfo.java:shutdownFollowerState(121)) - 7640920c-e43d-4271-86d9-e94fdcad330b: shutdown FollowerState
2019-09-26 13:32:25,771 [Thread-1566] INFO  impl.RaftServerImpl (RaftServerImpl.java:setRole(174)) - 7640920c-e43d-4271-86d9-e94fdcad330b@group-DC63D022E8B1: changes role from  FOLLOWER to CANDIDATE at term 0 for changeToCandidate
2019-09-26 13:32:25,771 [Thread-1566] INFO  impl.RoleInfo (RoleInfo.java:updateAndGet(143)) - 7640920c-e43d-4271-86d9-e94fdcad330b: start LeaderElection
2019-09-26 13:32:25,789 [7640920c-e43d-4271-86d9-e94fdcad330b@group-DC63D022E8B1:LeaderElection107] INFO  impl.LeaderElection (LeaderElection.java:askForVotes(182)) - 7640920c-e43d-4271-86d9-e94fdcad330b@group-DC63D022E8B1:LeaderElection107: begin an election at term 1 for -1: [7640920c-e43d-4271-86d9-e94fdcad330b:192.168.164.238:37849], old=null
2019-09-26 13:32:25,789 [7640920c-e43d-4271-86d9-e94fdcad330b@group-DC63D022E8B1:LeaderElection107] INFO  impl.RoleInfo (RoleInfo.java:shutdownLeaderElection(134)) - 7640920c-e43d-4271-86d9-e94fdcad330b: shutdown LeaderElection
2019-09-26 13:32:25,789 [7640920c-e43d-4271-86d9-e94fdcad330b@group-DC63D022E8B1:LeaderElection107] INFO  impl.RaftServerImpl (RaftServerImpl.java:setRole(174)) - 7640920c-e43d-4271-86d9-e94fdcad330b@group-DC63D022E8B1: changes role from CANDIDATE to LEADER at term 1 for changeToLeader
2019-09-26 13:32:25,789 [7640920c-e43d-4271-86d9-e94fdcad330b@group-DC63D022E8B1:LeaderElection107] INFO  impl.RaftServerImpl (ServerState.java:setLeader(253)) - 7640920c-e43d-4271-86d9-e94fdcad330b@group-DC63D022E8B1: change Leader from null to 7640920c-e43d-4271-86d9-e94fdcad330b at term 1 for becomeLeader, leader elected after 5198ms
2019-09-26 13:32:25,789 [7640920c-e43d-4271-86d9-e94fdcad330b@group-DC63D022E8B1:LeaderElection107] INFO  server.RaftServerConfigKeys (ConfUtils.java:logGet(43)) - raft.server.staging.catchup.gap = 1000 (default)
2019-09-26 13:32:25,790 [7640920c-e43d-4271-86d9-e94fdcad330b@group-DC63D022E8B1:LeaderElection107] INFO  server.RaftServerConfigKeys (ConfUtils.java:logGet(43)) - raft.server.rpc.sleep.time = 25ms (default)
2019-09-26 13:32:25,790 [7640920c-e43d-4271-86d9-e94fdcad330b@group-DC63D022E8B1:LeaderElection107] INFO  server.RaftServerConfigKeys (ConfUtils.java:logGet(43)) - raft.server.write.element-limit = 4096 (default)
2019-09-26 13:32:25,790 [7640920c-e43d-4271-86d9-e94fdcad330b@group-DC63D022E8B1:LeaderElection107] INFO  server.RaftServerConfigKeys (ConfUtils.java:logGet(43)) - raft.server.watch.timeout = 10s (default)
2019-09-26 13:32:25,790 [7640920c-e43d-4271-86d9-e94fdcad330b@group-DC63D022E8B1:LeaderElection107] INFO  server.RaftServerConfigKeys (ConfUtils.java:logGet(43)) - raft.server.watch.timeout.denomination = 1s (default)
2019-09-26 13:32:25,790 [7640920c-e43d-4271-86d9-e94fdcad330b@group-DC63D022E8B1:LeaderElection107] INFO  server.RaftServerConfigKeys (ConfUtils.java:logGet(43)) - raft.server.watch.element-limit = 65536 (default)
2019-09-26 13:32:25,793 [7640920c-e43d-4271-86d9-e94fdcad330b@group-DC63D022E8B1:LeaderElection107] INFO  impl.RoleInfo (RoleInfo.java:updateAndGet(143)) - 7640920c-e43d-4271-86d9-e94fdcad330b: start LeaderState
2019-09-26 13:32:25,793 [7640920c-e43d-4271-86d9-e94fdcad330b@group-DC63D022E8B1:LeaderElection107] INFO  segmented.SegmentedRaftLogWorker (SegmentedRaftLogWorker.java:startLogSegment(380)) - 7640920c-e43d-4271-86d9-e94fdcad330b@group-DC63D022E8B1-SegmentedRaftLogWorker: Starting segment from index:0
2019-09-26 13:32:25,794 [7640920c-e43d-4271-86d9-e94fdcad330b@group-DC63D022E8B1:LeaderElection107] INFO  impl.RaftServerImpl (ServerState.java:setRaftConf(354)) - 7640920c-e43d-4271-86d9-e94fdcad330b@group-DC63D022E8B1: set configuration 0: [7640920c-e43d-4271-86d9-e94fdcad330b:192.168.164.238:37849], old=null at 0
2019-09-26 13:32:25,841 [7640920c-e43d-4271-86d9-e94fdcad330b@group-DC63D022E8B1-SegmentedRaftLogWorker] INFO  segmented.SegmentedRaftLogWorker (SegmentedRaftLogWorker.java:execute(569)) - 7640920c-e43d-4271-86d9-e94fdcad330b@group-DC63D022E8B1-SegmentedRaftLogWorker: created new log segment /workdir/hadoop-ozone/ozonefs/target/test-dir/MiniOzoneClusterImpl-d13f4c17-e694-49b3-9e13-851dfc20fd5b/datanode-2/data/ratis/5c884f3f-b1df-49fd-83a7-dc63d022e8b1/current/log_inprogress_0
2019-09-26 13:32:25,852 [Thread-1569] INFO  impl.FollowerState (FollowerState.java:run(106)) - 7640920c-e43d-4271-86d9-e94fdcad330b:group-B7E2B47C6FBC changes to CANDIDATE, lastRpcTime:5189, electionTimeout:5189ms
2019-09-26 13:32:25,852 [Thread-1569] INFO  impl.RoleInfo (RoleInfo.java:shutdownFollowerState(121)) - 7640920c-e43d-4271-86d9-e94fdcad330b: shutdown FollowerState
2019-09-26 13:32:25,852 [Thread-1569] INFO  impl.RaftServerImpl (RaftServerImpl.java:setRole(174)) - 7640920c-e43d-4271-86d9-e94fdcad330b@group-B7E2B47C6FBC: changes role from  FOLLOWER to CANDIDATE at term 0 for changeToCandidate
2019-09-26 13:32:25,852 [Thread-1569] INFO  impl.RoleInfo (RoleInfo.java:updateAndGet(143)) - 7640920c-e43d-4271-86d9-e94fdcad330b: start LeaderElection
2019-09-26 13:32:25,869 [7640920c-e43d-4271-86d9-e94fdcad330b@group-B7E2B47C6FBC:LeaderElection108] INFO  impl.LeaderElection (LeaderElection.java:askForVotes(182)) - 7640920c-e43d-4271-86d9-e94fdcad330b@group-B7E2B47C6FBC:LeaderElection108: begin an election at term 1 for -1: [7640920c-e43d-4271-86d9-e94fdcad330b:192.168.164.238:37849], old=null
2019-09-26 13:32:25,870 [7640920c-e43d-4271-86d9-e94fdcad330b@group-B7E2B47C6FBC:LeaderElection108] INFO  impl.RoleInfo (RoleInfo.java:shutdownLeaderElection(134)) - 7640920c-e43d-4271-86d9-e94fdcad330b: shutdown LeaderElection
2019-09-26 13:32:25,870 [7640920c-e43d-4271-86d9-e94fdcad330b@group-B7E2B47C6FBC:LeaderElection108] INFO  impl.RaftServerImpl (RaftServerImpl.java:setRole(174)) - 7640920c-e43d-4271-86d9-e94fdcad330b@group-B7E2B47C6FBC: changes role from CANDIDATE to LEADER at term 1 for changeToLeader
2019-09-26 13:32:25,870 [7640920c-e43d-4271-86d9-e94fdcad330b@group-B7E2B47C6FBC:LeaderElection108] INFO  impl.RaftServerImpl (ServerState.java:setLeader(253)) - 7640920c-e43d-4271-86d9-e94fdcad330b@group-B7E2B47C6FBC: change Leader from null to 7640920c-e43d-4271-86d9-e94fdcad330b at term 1 for becomeLeader, leader elected after 5214ms
2019-09-26 13:32:25,870 [7640920c-e43d-4271-86d9-e94fdcad330b@group-B7E2B47C6FBC:LeaderElection108] INFO  server.RaftServerConfigKeys (ConfUtils.java:logGet(43)) - raft.server.staging.catchup.gap = 1000 (default)
2019-09-26 13:32:25,870 [7640920c-e43d-4271-86d9-e94fdcad330b@group-B7E2B47C6FBC:LeaderElection108] INFO  server.RaftServerConfigKeys (ConfUtils.java:logGet(43)) - raft.server.rpc.sleep.time = 25ms (default)
2019-09-26 13:32:25,871 [7640920c-e43d-4271-86d9-e94fdcad330b@group-B7E2B47C6FBC:LeaderElection108] INFO  server.RaftServerConfigKeys (ConfUtils.java:logGet(43)) - raft.server.write.element-limit = 4096 (default)
2019-09-26 13:32:25,871 [7640920c-e43d-4271-86d9-e94fdcad330b@group-B7E2B47C6FBC:LeaderElection108] INFO  server.RaftServerConfigKeys (ConfUtils.java:logGet(43)) - raft.server.watch.timeout = 10s (default)
2019-09-26 13:32:25,871 [7640920c-e43d-4271-86d9-e94fdcad330b@group-B7E2B47C6FBC:LeaderElection108] INFO  server.RaftServerConfigKeys (ConfUtils.java:logGet(43)) - raft.server.watch.timeout.denomination = 1s (default)
2019-09-26 13:32:25,871 [7640920c-e43d-4271-86d9-e94fdcad330b@group-B7E2B47C6FBC:LeaderElection108] INFO  server.RaftServerConfigKeys (ConfUtils.java:logGet(43)) - raft.server.watch.element-limit = 65536 (default)
2019-09-26 13:32:25,874 [7640920c-e43d-4271-86d9-e94fdcad330b@group-B7E2B47C6FBC:LeaderElection108] INFO  impl.RoleInfo (RoleInfo.java:updateAndGet(143)) - 7640920c-e43d-4271-86d9-e94fdcad330b: start LeaderState
2019-09-26 13:32:25,874 [7640920c-e43d-4271-86d9-e94fdcad330b@group-B7E2B47C6FBC:LeaderElection108] INFO  segmented.SegmentedRaftLogWorker (SegmentedRaftLogWorker.java:startLogSegment(380)) - 7640920c-e43d-4271-86d9-e94fdcad330b@group-B7E2B47C6FBC-SegmentedRaftLogWorker: Starting segment from index:0
2019-09-26 13:32:25,875 [7640920c-e43d-4271-86d9-e94fdcad330b@group-B7E2B47C6FBC:LeaderElection108] INFO  impl.RaftServerImpl (ServerState.java:setRaftConf(354)) - 7640920c-e43d-4271-86d9-e94fdcad330b@group-B7E2B47C6FBC: set configuration 0: [7640920c-e43d-4271-86d9-e94fdcad330b:192.168.164.238:37849], old=null at 0
2019-09-26 13:32:25,920 [7640920c-e43d-4271-86d9-e94fdcad330b@group-B7E2B47C6FBC-SegmentedRaftLogWorker] INFO  segmented.SegmentedRaftLogWorker (SegmentedRaftLogWorker.java:execute(569)) - 7640920c-e43d-4271-86d9-e94fdcad330b@group-B7E2B47C6FBC-SegmentedRaftLogWorker: created new log segment /workdir/hadoop-ozone/ozonefs/target/test-dir/MiniOzoneClusterImpl-d13f4c17-e694-49b3-9e13-851dfc20fd5b/datanode-2/data/ratis/7c5018ff-b136-4b29-85d5-b7e2b47c6fbc/current/log_inprogress_0
2019-09-26 13:32:26,129 [Thread-1344] INFO  ozoneimpl.OzoneContainer (OzoneContainer.java:stop(231)) - Attempting to stop container services.
2019-09-26 13:32:26,130 [ForkJoinPool.commonPool-worker-1] INFO  ozoneimpl.OzoneContainer (OzoneContainer.java:stop(231)) - Attempting to stop container services.
2019-09-26 13:32:26,130 [Thread-1344] INFO  impl.RaftServerProxy (RaftServerProxy.java:lambda$close$4(314)) - 7f96d7ec-09ec-4bbe-aec6-0e54f41a3b22: close
2019-09-26 13:32:26,130 [ForkJoinPool.commonPool-worker-1] INFO  impl.RaftServerProxy (RaftServerProxy.java:lambda$close$4(314)) - d996ac0f-d7fa-44b8-9629-cc45741e2b0c: close
2019-09-26 13:32:26,130 [Thread-1344] INFO  impl.RaftServerImpl (RaftServerImpl.java:lambda$shutdown$3(251)) - 7f96d7ec-09ec-4bbe-aec6-0e54f41a3b22@group-C3B91A68D38D: shutdown
2019-09-26 13:32:26,131 [ForkJoinPool.commonPool-worker-1] INFO  impl.RaftServerImpl (RaftServerImpl.java:lambda$shutdown$3(251)) - d996ac0f-d7fa-44b8-9629-cc45741e2b0c@group-6672E98B5151: shutdown
2019-09-26 13:32:26,131 [Thread-1344] INFO  util.JmxRegister (JmxRegister.java:unregister(73)) - Successfully un-registered JMX Bean with object name Ratis:service=RaftServer,group=group-C3B91A68D38D,id=7f96d7ec-09ec-4bbe-aec6-0e54f41a3b22
2019-09-26 13:32:26,131 [ForkJoinPool.commonPool-worker-1] INFO  util.JmxRegister (JmxRegister.java:unregister(73)) - Successfully un-registered JMX Bean with object name Ratis:service=RaftServer,group=group-6672E98B5151,id=d996ac0f-d7fa-44b8-9629-cc45741e2b0c
2019-09-26 13:32:26,131 [Thread-1344] INFO  impl.RoleInfo (RoleInfo.java:shutdownLeaderState(104)) - 7f96d7ec-09ec-4bbe-aec6-0e54f41a3b22: shutdown LeaderState
2019-09-26 13:32:26,132 [ForkJoinPool.commonPool-worker-1] INFO  impl.RoleInfo (RoleInfo.java:shutdownLeaderState(104)) - d996ac0f-d7fa-44b8-9629-cc45741e2b0c: shutdown LeaderState
2019-09-26 13:32:26,132 [Thread-1344] INFO  impl.PendingRequests (PendingRequests.java:sendNotLeaderResponses(202)) - 7f96d7ec-09ec-4bbe-aec6-0e54f41a3b22-PendingRequests: sendNotLeaderResponses
2019-09-26 13:32:26,132 [ForkJoinPool.commonPool-worker-1] INFO  impl.PendingRequests (PendingRequests.java:sendNotLeaderResponses(202)) - d996ac0f-d7fa-44b8-9629-cc45741e2b0c-PendingRequests: sendNotLeaderResponses
2019-09-26 13:32:26,133 [Thread-1344] INFO  impl.StateMachineUpdater (StateMachineUpdater.java:stopAndJoin(125)) - 7f96d7ec-09ec-4bbe-aec6-0e54f41a3b22@group-C3B91A68D38D-StateMachineUpdater: set stopIndex = 0
2019-09-26 13:32:26,133 [ForkJoinPool.commonPool-worker-1] INFO  impl.StateMachineUpdater (StateMachineUpdater.java:stopAndJoin(125)) - d996ac0f-d7fa-44b8-9629-cc45741e2b0c@group-6672E98B5151-StateMachineUpdater: set stopIndex = 0
2019-09-26 13:32:26,133 [Thread-1344] INFO  impl.RaftServerImpl (ServerState.java:close(385)) - 7f96d7ec-09ec-4bbe-aec6-0e54f41a3b22@group-C3B91A68D38D: closes. applyIndex: 0
2019-09-26 13:32:26,133 [ForkJoinPool.commonPool-worker-1] INFO  impl.RaftServerImpl (ServerState.java:close(385)) - d996ac0f-d7fa-44b8-9629-cc45741e2b0c@group-6672E98B5151: closes. applyIndex: 0
2019-09-26 13:32:26,134 [7f96d7ec-09ec-4bbe-aec6-0e54f41a3b22@group-C3B91A68D38D-SegmentedRaftLogWorker] INFO  segmented.SegmentedRaftLogWorker (SegmentedRaftLogWorker.java:run(313)) - 7f96d7ec-09ec-4bbe-aec6-0e54f41a3b22@group-C3B91A68D38D-SegmentedRaftLogWorker was interrupted, exiting. There are 0 tasks remaining in the queue.
2019-09-26 13:32:26,134 [d996ac0f-d7fa-44b8-9629-cc45741e2b0c@group-6672E98B5151-SegmentedRaftLogWorker] INFO  segmented.SegmentedRaftLogWorker (SegmentedRaftLogWorker.java:run(313)) - d996ac0f-d7fa-44b8-9629-cc45741e2b0c@group-6672E98B5151-SegmentedRaftLogWorker was interrupted, exiting. There are 0 tasks remaining in the queue.
2019-09-26 13:32:26,134 [Thread-1344] INFO  segmented.SegmentedRaftLogWorker (SegmentedRaftLogWorker.java:close(228)) - 7f96d7ec-09ec-4bbe-aec6-0e54f41a3b22@group-C3B91A68D38D-SegmentedRaftLogWorker close()
2019-09-26 13:32:26,134 [ForkJoinPool.commonPool-worker-1] INFO  segmented.SegmentedRaftLogWorker (SegmentedRaftLogWorker.java:close(228)) - d996ac0f-d7fa-44b8-9629-cc45741e2b0c@group-6672E98B5151-SegmentedRaftLogWorker close()
2019-09-26 13:32:26,137 [Thread-1344] INFO  impl.RaftServerImpl (RaftServerImpl.java:lambda$shutdown$3(251)) - 7f96d7ec-09ec-4bbe-aec6-0e54f41a3b22@group-9851EC810493: shutdown
2019-09-26 13:32:26,139 [ForkJoinPool.commonPool-worker-1] INFO  impl.RaftServerImpl (RaftServerImpl.java:lambda$shutdown$3(251)) - d996ac0f-d7fa-44b8-9629-cc45741e2b0c@group-E4379E7083D2: shutdown
2019-09-26 13:32:26,140 [Thread-1344] INFO  util.JmxRegister (JmxRegister.java:unregister(73)) - Successfully un-registered JMX Bean with object name Ratis:service=RaftServer,group=group-9851EC810493,id=7f96d7ec-09ec-4bbe-aec6-0e54f41a3b22
2019-09-26 13:32:26,140 [ForkJoinPool.commonPool-worker-1] INFO  util.JmxRegister (JmxRegister.java:unregister(73)) - Successfully un-registered JMX Bean with object name Ratis:service=RaftServer,group=group-E4379E7083D2,id=d996ac0f-d7fa-44b8-9629-cc45741e2b0c
2019-09-26 13:32:26,140 [Thread-1344] INFO  impl.RoleInfo (RoleInfo.java:shutdownLeaderState(104)) - 7f96d7ec-09ec-4bbe-aec6-0e54f41a3b22: shutdown LeaderState
2019-09-26 13:32:26,140 [ForkJoinPool.commonPool-worker-1] INFO  impl.RoleInfo (RoleInfo.java:shutdownLeaderState(104)) - d996ac0f-d7fa-44b8-9629-cc45741e2b0c: shutdown LeaderState
2019-09-26 13:32:26,140 [Thread-1344] INFO  impl.PendingRequests (PendingRequests.java:sendNotLeaderResponses(202)) - 7f96d7ec-09ec-4bbe-aec6-0e54f41a3b22-PendingRequests: sendNotLeaderResponses
2019-09-26 13:32:26,141 [ForkJoinPool.commonPool-worker-1] INFO  impl.PendingRequests (PendingRequests.java:sendNotLeaderResponses(202)) - d996ac0f-d7fa-44b8-9629-cc45741e2b0c-PendingRequests: sendNotLeaderResponses
2019-09-26 13:32:26,141 [Thread-1344] INFO  impl.StateMachineUpdater (StateMachineUpdater.java:stopAndJoin(125)) - 7f96d7ec-09ec-4bbe-aec6-0e54f41a3b22@group-9851EC810493-StateMachineUpdater: set stopIndex = 0
2019-09-26 13:32:26,141 [ForkJoinPool.commonPool-worker-1] INFO  impl.StateMachineUpdater (StateMachineUpdater.java:stopAndJoin(125)) - d996ac0f-d7fa-44b8-9629-cc45741e2b0c@group-E4379E7083D2-StateMachineUpdater: set stopIndex = 0
2019-09-26 13:32:26,141 [Thread-1344] INFO  impl.RaftServerImpl (ServerState.java:close(385)) - 7f96d7ec-09ec-4bbe-aec6-0e54f41a3b22@group-9851EC810493: closes. applyIndex: 0
2019-09-26 13:32:26,142 [ForkJoinPool.commonPool-worker-1] INFO  impl.RaftServerImpl (ServerState.java:close(385)) - d996ac0f-d7fa-44b8-9629-cc45741e2b0c@group-E4379E7083D2: closes. applyIndex: 0
2019-09-26 13:32:26,142 [7f96d7ec-09ec-4bbe-aec6-0e54f41a3b22@group-9851EC810493-SegmentedRaftLogWorker] INFO  segmented.SegmentedRaftLogWorker (SegmentedRaftLogWorker.java:run(313)) - 7f96d7ec-09ec-4bbe-aec6-0e54f41a3b22@group-9851EC810493-SegmentedRaftLogWorker was interrupted, exiting. There are 0 tasks remaining in the queue.
2019-09-26 13:32:26,142 [d996ac0f-d7fa-44b8-9629-cc45741e2b0c@group-E4379E7083D2-SegmentedRaftLogWorker] INFO  segmented.SegmentedRaftLogWorker (SegmentedRaftLogWorker.java:run(313)) - d996ac0f-d7fa-44b8-9629-cc45741e2b0c@group-E4379E7083D2-SegmentedRaftLogWorker was interrupted, exiting. There are 0 tasks remaining in the queue.
2019-09-26 13:32:26,142 [Thread-1344] INFO  segmented.SegmentedRaftLogWorker (SegmentedRaftLogWorker.java:close(228)) - 7f96d7ec-09ec-4bbe-aec6-0e54f41a3b22@group-9851EC810493-SegmentedRaftLogWorker close()
2019-09-26 13:32:26,142 [ForkJoinPool.commonPool-worker-1] INFO  segmented.SegmentedRaftLogWorker (SegmentedRaftLogWorker.java:close(228)) - d996ac0f-d7fa-44b8-9629-cc45741e2b0c@group-E4379E7083D2-SegmentedRaftLogWorker close()
2019-09-26 13:32:26,145 [Thread-1344] INFO  impl.RaftServerImpl (RaftServerImpl.java:lambda$shutdown$3(251)) - 7f96d7ec-09ec-4bbe-aec6-0e54f41a3b22@group-792509DBFE4D: shutdown
2019-09-26 13:32:26,146 [ForkJoinPool.commonPool-worker-1] INFO  impl.RaftServerImpl (RaftServerImpl.java:lambda$shutdown$3(251)) - d996ac0f-d7fa-44b8-9629-cc45741e2b0c@group-AE17051A29C5: shutdown
2019-09-26 13:32:26,147 [Thread-1344] INFO  util.JmxRegister (JmxRegister.java:unregister(73)) - Successfully un-registered JMX Bean with object name Ratis:service=RaftServer,group=group-792509DBFE4D,id=7f96d7ec-09ec-4bbe-aec6-0e54f41a3b22
2019-09-26 13:32:26,147 [Thread-1344] INFO  impl.RoleInfo (RoleInfo.java:shutdownLeaderState(104)) - 7f96d7ec-09ec-4bbe-aec6-0e54f41a3b22: shutdown LeaderState
2019-09-26 13:32:26,147 [ForkJoinPool.commonPool-worker-1] INFO  util.JmxRegister (JmxRegister.java:unregister(73)) - Successfully un-registered JMX Bean with object name Ratis:service=RaftServer,group=group-AE17051A29C5,id=d996ac0f-d7fa-44b8-9629-cc45741e2b0c
2019-09-26 13:32:26,147 [Thread-1344] INFO  impl.PendingRequests (PendingRequests.java:sendNotLeaderResponses(202)) - 7f96d7ec-09ec-4bbe-aec6-0e54f41a3b22-PendingRequests: sendNotLeaderResponses
2019-09-26 13:32:26,148 [ForkJoinPool.commonPool-worker-1] INFO  impl.RoleInfo (RoleInfo.java:shutdownLeaderState(104)) - d996ac0f-d7fa-44b8-9629-cc45741e2b0c: shutdown LeaderState
2019-09-26 13:32:26,148 [Thread-1344] INFO  impl.StateMachineUpdater (StateMachineUpdater.java:stopAndJoin(125)) - 7f96d7ec-09ec-4bbe-aec6-0e54f41a3b22@group-792509DBFE4D-StateMachineUpdater: set stopIndex = 0
2019-09-26 13:32:26,148 [ForkJoinPool.commonPool-worker-1] INFO  impl.PendingRequests (PendingRequests.java:sendNotLeaderResponses(202)) - d996ac0f-d7fa-44b8-9629-cc45741e2b0c-PendingRequests: sendNotLeaderResponses
2019-09-26 13:32:26,148 [Thread-1344] INFO  impl.RaftServerImpl (ServerState.java:close(385)) - 7f96d7ec-09ec-4bbe-aec6-0e54f41a3b22@group-792509DBFE4D: closes. applyIndex: 0
2019-09-26 13:32:26,149 [ForkJoinPool.commonPool-worker-1] INFO  impl.StateMachineUpdater (StateMachineUpdater.java:stopAndJoin(125)) - d996ac0f-d7fa-44b8-9629-cc45741e2b0c@group-AE17051A29C5-StateMachineUpdater: set stopIndex = 0
2019-09-26 13:32:26,149 [ForkJoinPool.commonPool-worker-1] INFO  impl.RaftServerImpl (ServerState.java:close(385)) - d996ac0f-d7fa-44b8-9629-cc45741e2b0c@group-AE17051A29C5: closes. applyIndex: 0
2019-09-26 13:32:26,149 [7f96d7ec-09ec-4bbe-aec6-0e54f41a3b22@group-792509DBFE4D-SegmentedRaftLogWorker] INFO  segmented.SegmentedRaftLogWorker (SegmentedRaftLogWorker.java:run(313)) - 7f96d7ec-09ec-4bbe-aec6-0e54f41a3b22@group-792509DBFE4D-SegmentedRaftLogWorker was interrupted, exiting. There are 0 tasks remaining in the queue.
2019-09-26 13:32:26,149 [d996ac0f-d7fa-44b8-9629-cc45741e2b0c@group-AE17051A29C5-SegmentedRaftLogWorker] INFO  segmented.SegmentedRaftLogWorker (SegmentedRaftLogWorker.java:run(313)) - d996ac0f-d7fa-44b8-9629-cc45741e2b0c@group-AE17051A29C5-SegmentedRaftLogWorker was interrupted, exiting. There are 0 tasks remaining in the queue.
2019-09-26 13:32:26,149 [Thread-1344] INFO  segmented.SegmentedRaftLogWorker (SegmentedRaftLogWorker.java:close(228)) - 7f96d7ec-09ec-4bbe-aec6-0e54f41a3b22@group-792509DBFE4D-SegmentedRaftLogWorker close()
2019-09-26 13:32:26,149 [ForkJoinPool.commonPool-worker-1] INFO  segmented.SegmentedRaftLogWorker (SegmentedRaftLogWorker.java:close(228)) - d996ac0f-d7fa-44b8-9629-cc45741e2b0c@group-AE17051A29C5-SegmentedRaftLogWorker close()
2019-09-26 13:32:26,151 [Thread-1344] INFO  impl.RaftServerImpl (RaftServerImpl.java:lambda$shutdown$3(251)) - 7f96d7ec-09ec-4bbe-aec6-0e54f41a3b22@group-0D53531E0093: shutdown
2019-09-26 13:32:26,152 [ForkJoinPool.commonPool-worker-1] INFO  impl.RaftServerImpl (RaftServerImpl.java:lambda$shutdown$3(251)) - d996ac0f-d7fa-44b8-9629-cc45741e2b0c@group-DFA37B46B599: shutdown
2019-09-26 13:32:26,153 [Thread-1344] INFO  util.JmxRegister (JmxRegister.java:unregister(73)) - Successfully un-registered JMX Bean with object name Ratis:service=RaftServer,group=group-0D53531E0093,id=7f96d7ec-09ec-4bbe-aec6-0e54f41a3b22
2019-09-26 13:32:26,153 [Thread-1344] INFO  impl.RoleInfo (RoleInfo.java:shutdownLeaderState(104)) - 7f96d7ec-09ec-4bbe-aec6-0e54f41a3b22: shutdown LeaderState
2019-09-26 13:32:26,153 [ForkJoinPool.commonPool-worker-1] INFO  util.JmxRegister (JmxRegister.java:unregister(73)) - Successfully un-registered JMX Bean with object name Ratis:service=RaftServer,group=group-DFA37B46B599,id=d996ac0f-d7fa-44b8-9629-cc45741e2b0c
2019-09-26 13:32:26,154 [Thread-1344] INFO  impl.PendingRequests (PendingRequests.java:sendNotLeaderResponses(202)) - 7f96d7ec-09ec-4bbe-aec6-0e54f41a3b22-PendingRequests: sendNotLeaderResponses
2019-09-26 13:32:26,154 [ForkJoinPool.commonPool-worker-1] INFO  impl.RoleInfo (RoleInfo.java:shutdownLeaderState(104)) - d996ac0f-d7fa-44b8-9629-cc45741e2b0c: shutdown LeaderState
2019-09-26 13:32:26,154 [Thread-1344] INFO  impl.StateMachineUpdater (StateMachineUpdater.java:stopAndJoin(125)) - 7f96d7ec-09ec-4bbe-aec6-0e54f41a3b22@group-0D53531E0093-StateMachineUpdater: set stopIndex = 0
2019-09-26 13:32:26,154 [ForkJoinPool.commonPool-worker-1] INFO  impl.PendingRequests (PendingRequests.java:sendNotLeaderResponses(202)) - d996ac0f-d7fa-44b8-9629-cc45741e2b0c-PendingRequests: sendNotLeaderResponses
2019-09-26 13:32:26,154 [Thread-1344] INFO  impl.RaftServerImpl (ServerState.java:close(385)) - 7f96d7ec-09ec-4bbe-aec6-0e54f41a3b22@group-0D53531E0093: closes. applyIndex: 0
2019-09-26 13:32:26,155 [ForkJoinPool.commonPool-worker-1] INFO  impl.StateMachineUpdater (StateMachineUpdater.java:stopAndJoin(125)) - d996ac0f-d7fa-44b8-9629-cc45741e2b0c@group-DFA37B46B599-StateMachineUpdater: set stopIndex = 0
2019-09-26 13:32:26,155 [ForkJoinPool.commonPool-worker-1] INFO  impl.RaftServerImpl (ServerState.java:close(385)) - d996ac0f-d7fa-44b8-9629-cc45741e2b0c@group-DFA37B46B599: closes. applyIndex: 0
2019-09-26 13:32:26,155 [7f96d7ec-09ec-4bbe-aec6-0e54f41a3b22@group-0D53531E0093-SegmentedRaftLogWorker] INFO  segmented.SegmentedRaftLogWorker (SegmentedRaftLogWorker.java:run(313)) - 7f96d7ec-09ec-4bbe-aec6-0e54f41a3b22@group-0D53531E0093-SegmentedRaftLogWorker was interrupted, exiting. There are 0 tasks remaining in the queue.
2019-09-26 13:32:26,155 [d996ac0f-d7fa-44b8-9629-cc45741e2b0c@group-DFA37B46B599-SegmentedRaftLogWorker] INFO  segmented.SegmentedRaftLogWorker (SegmentedRaftLogWorker.java:run(313)) - d996ac0f-d7fa-44b8-9629-cc45741e2b0c@group-DFA37B46B599-SegmentedRaftLogWorker was interrupted, exiting. There are 0 tasks remaining in the queue.
2019-09-26 13:32:26,155 [Thread-1344] INFO  segmented.SegmentedRaftLogWorker (SegmentedRaftLogWorker.java:close(228)) - 7f96d7ec-09ec-4bbe-aec6-0e54f41a3b22@group-0D53531E0093-SegmentedRaftLogWorker close()
2019-09-26 13:32:26,156 [ForkJoinPool.commonPool-worker-1] INFO  segmented.SegmentedRaftLogWorker (SegmentedRaftLogWorker.java:close(228)) - d996ac0f-d7fa-44b8-9629-cc45741e2b0c@group-DFA37B46B599-SegmentedRaftLogWorker close()
2019-09-26 13:32:26,157 [Thread-1344] INFO  impl.RaftServerImpl (RaftServerImpl.java:lambda$shutdown$3(251)) - 7f96d7ec-09ec-4bbe-aec6-0e54f41a3b22@group-3F5F6B7E9520: shutdown
2019-09-26 13:32:26,159 [ForkJoinPool.commonPool-worker-1] INFO  impl.RaftServerImpl (RaftServerImpl.java:lambda$shutdown$3(251)) - d996ac0f-d7fa-44b8-9629-cc45741e2b0c@group-F699C0A678FF: shutdown
2019-09-26 13:32:26,159 [Thread-1344] INFO  util.JmxRegister (JmxRegister.java:unregister(73)) - Successfully un-registered JMX Bean with object name Ratis:service=RaftServer,group=group-3F5F6B7E9520,id=7f96d7ec-09ec-4bbe-aec6-0e54f41a3b22
2019-09-26 13:32:26,159 [ForkJoinPool.commonPool-worker-1] INFO  util.JmxRegister (JmxRegister.java:unregister(73)) - Successfully un-registered JMX Bean with object name Ratis:service=RaftServer,group=group-F699C0A678FF,id=d996ac0f-d7fa-44b8-9629-cc45741e2b0c
2019-09-26 13:32:26,159 [Thread-1344] INFO  impl.RoleInfo (RoleInfo.java:shutdownLeaderState(104)) - 7f96d7ec-09ec-4bbe-aec6-0e54f41a3b22: shutdown LeaderState
2019-09-26 13:32:26,160 [ForkJoinPool.commonPool-worker-1] INFO  impl.RoleInfo (RoleInfo.java:shutdownLeaderState(104)) - d996ac0f-d7fa-44b8-9629-cc45741e2b0c: shutdown LeaderState
2019-09-26 13:32:26,160 [Thread-1344] INFO  impl.PendingRequests (PendingRequests.java:sendNotLeaderResponses(202)) - 7f96d7ec-09ec-4bbe-aec6-0e54f41a3b22-PendingRequests: sendNotLeaderResponses
2019-09-26 13:32:26,160 [ForkJoinPool.commonPool-worker-1] INFO  impl.PendingRequests (PendingRequests.java:sendNotLeaderResponses(202)) - d996ac0f-d7fa-44b8-9629-cc45741e2b0c-PendingRequests: sendNotLeaderResponses
2019-09-26 13:32:26,160 [Thread-1344] INFO  impl.StateMachineUpdater (StateMachineUpdater.java:stopAndJoin(125)) - 7f96d7ec-09ec-4bbe-aec6-0e54f41a3b22@group-3F5F6B7E9520-StateMachineUpdater: set stopIndex = 0
2019-09-26 13:32:26,161 [Thread-1344] INFO  impl.RaftServerImpl (ServerState.java:close(385)) - 7f96d7ec-09ec-4bbe-aec6-0e54f41a3b22@group-3F5F6B7E9520: closes. applyIndex: 0
2019-09-26 13:32:26,161 [ForkJoinPool.commonPool-worker-1] INFO  impl.StateMachineUpdater (StateMachineUpdater.java:stopAndJoin(125)) - d996ac0f-d7fa-44b8-9629-cc45741e2b0c@group-F699C0A678FF-StateMachineUpdater: set stopIndex = 0
2019-09-26 13:32:26,161 [7f96d7ec-09ec-4bbe-aec6-0e54f41a3b22@group-3F5F6B7E9520-SegmentedRaftLogWorker] INFO  segmented.SegmentedRaftLogWorker (SegmentedRaftLogWorker.java:run(313)) - 7f96d7ec-09ec-4bbe-aec6-0e54f41a3b22@group-3F5F6B7E9520-SegmentedRaftLogWorker was interrupted, exiting. There are 0 tasks remaining in the queue.
2019-09-26 13:32:26,161 [ForkJoinPool.commonPool-worker-1] INFO  impl.RaftServerImpl (ServerState.java:close(385)) - d996ac0f-d7fa-44b8-9629-cc45741e2b0c@group-F699C0A678FF: closes. applyIndex: 0
2019-09-26 13:32:26,162 [Thread-1344] INFO  segmented.SegmentedRaftLogWorker (SegmentedRaftLogWorker.java:close(228)) - 7f96d7ec-09ec-4bbe-aec6-0e54f41a3b22@group-3F5F6B7E9520-SegmentedRaftLogWorker close()
2019-09-26 13:32:26,162 [d996ac0f-d7fa-44b8-9629-cc45741e2b0c@group-F699C0A678FF-SegmentedRaftLogWorker] INFO  segmented.SegmentedRaftLogWorker (SegmentedRaftLogWorker.java:run(313)) - d996ac0f-d7fa-44b8-9629-cc45741e2b0c@group-F699C0A678FF-SegmentedRaftLogWorker was interrupted, exiting. There are 0 tasks remaining in the queue.
2019-09-26 13:32:26,163 [Thread-1344] INFO  impl.RaftServerImpl (RaftServerImpl.java:lambda$shutdown$3(251)) - 7f96d7ec-09ec-4bbe-aec6-0e54f41a3b22@group-707A06CBBC40: shutdown
2019-09-26 13:32:26,164 [ForkJoinPool.commonPool-worker-1] INFO  segmented.SegmentedRaftLogWorker (SegmentedRaftLogWorker.java:close(228)) - d996ac0f-d7fa-44b8-9629-cc45741e2b0c@group-F699C0A678FF-SegmentedRaftLogWorker close()
2019-09-26 13:32:26,164 [Thread-1344] INFO  util.JmxRegister (JmxRegister.java:unregister(73)) - Successfully un-registered JMX Bean with object name Ratis:service=RaftServer,group=group-707A06CBBC40,id=7f96d7ec-09ec-4bbe-aec6-0e54f41a3b22
2019-09-26 13:32:26,166 [Thread-1344] INFO  impl.RoleInfo (RoleInfo.java:shutdownLeaderState(104)) - 7f96d7ec-09ec-4bbe-aec6-0e54f41a3b22: shutdown LeaderState
2019-09-26 13:32:26,165 [ForkJoinPool.commonPool-worker-1] INFO  impl.RaftServerImpl (RaftServerImpl.java:lambda$shutdown$3(251)) - d996ac0f-d7fa-44b8-9629-cc45741e2b0c@group-2247D99750B2: shutdown
2019-09-26 13:32:26,166 [Thread-1344] INFO  impl.PendingRequests (PendingRequests.java:sendNotLeaderResponses(202)) - 7f96d7ec-09ec-4bbe-aec6-0e54f41a3b22-PendingRequests: sendNotLeaderResponses
2019-09-26 13:32:26,166 [ForkJoinPool.commonPool-worker-1] INFO  util.JmxRegister (JmxRegister.java:unregister(73)) - Successfully un-registered JMX Bean with object name Ratis:service=RaftServer,group=group-2247D99750B2,id=d996ac0f-d7fa-44b8-9629-cc45741e2b0c
2019-09-26 13:32:26,166 [Thread-1344] INFO  impl.StateMachineUpdater (StateMachineUpdater.java:stopAndJoin(125)) - 7f96d7ec-09ec-4bbe-aec6-0e54f41a3b22@group-707A06CBBC40-StateMachineUpdater: set stopIndex = 0
2019-09-26 13:32:26,167 [Thread-1344] INFO  impl.RaftServerImpl (ServerState.java:close(385)) - 7f96d7ec-09ec-4bbe-aec6-0e54f41a3b22@group-707A06CBBC40: closes. applyIndex: 0
2019-09-26 13:32:26,167 [ForkJoinPool.commonPool-worker-1] INFO  impl.RoleInfo (RoleInfo.java:shutdownLeaderState(104)) - d996ac0f-d7fa-44b8-9629-cc45741e2b0c: shutdown LeaderState
2019-09-26 13:32:26,167 [7f96d7ec-09ec-4bbe-aec6-0e54f41a3b22@group-707A06CBBC40-SegmentedRaftLogWorker] INFO  segmented.SegmentedRaftLogWorker (SegmentedRaftLogWorker.java:run(313)) - 7f96d7ec-09ec-4bbe-aec6-0e54f41a3b22@group-707A06CBBC40-SegmentedRaftLogWorker was interrupted, exiting. There are 0 tasks remaining in the queue.
2019-09-26 13:32:26,167 [ForkJoinPool.commonPool-worker-1] INFO  impl.PendingRequests (PendingRequests.java:sendNotLeaderResponses(202)) - d996ac0f-d7fa-44b8-9629-cc45741e2b0c-PendingRequests: sendNotLeaderResponses
2019-09-26 13:32:26,167 [Thread-1344] INFO  segmented.SegmentedRaftLogWorker (SegmentedRaftLogWorker.java:close(228)) - 7f96d7ec-09ec-4bbe-aec6-0e54f41a3b22@group-707A06CBBC40-SegmentedRaftLogWorker close()
2019-09-26 13:32:26,168 [ForkJoinPool.commonPool-worker-1] INFO  impl.StateMachineUpdater (StateMachineUpdater.java:stopAndJoin(125)) - d996ac0f-d7fa-44b8-9629-cc45741e2b0c@group-2247D99750B2-StateMachineUpdater: set stopIndex = 0
2019-09-26 13:32:26,169 [Thread-1344] INFO  server.GrpcService (GrpcService.java:closeImpl(164)) - 7f96d7ec-09ec-4bbe-aec6-0e54f41a3b22: shutdown server with port 33436 now
2019-09-26 13:32:26,169 [ForkJoinPool.commonPool-worker-1] INFO  impl.RaftServerImpl (ServerState.java:close(385)) - d996ac0f-d7fa-44b8-9629-cc45741e2b0c@group-2247D99750B2: closes. applyIndex: 0
2019-09-26 13:32:26,170 [d996ac0f-d7fa-44b8-9629-cc45741e2b0c@group-2247D99750B2-SegmentedRaftLogWorker] INFO  segmented.SegmentedRaftLogWorker (SegmentedRaftLogWorker.java:run(313)) - d996ac0f-d7fa-44b8-9629-cc45741e2b0c@group-2247D99750B2-SegmentedRaftLogWorker was interrupted, exiting. There are 0 tasks remaining in the queue.
2019-09-26 13:32:26,171 [Thread-1344] INFO  server.GrpcService (GrpcService.java:closeImpl(172)) - 7f96d7ec-09ec-4bbe-aec6-0e54f41a3b22: shutdown server with port 33436 successfully
2019-09-26 13:32:26,172 [ForkJoinPool.commonPool-worker-1] INFO  segmented.SegmentedRaftLogWorker (SegmentedRaftLogWorker.java:close(228)) - d996ac0f-d7fa-44b8-9629-cc45741e2b0c@group-2247D99750B2-SegmentedRaftLogWorker close()
2019-09-26 13:32:26,173 [ForkJoinPool.commonPool-worker-1] INFO  server.GrpcService (GrpcService.java:closeImpl(164)) - d996ac0f-d7fa-44b8-9629-cc45741e2b0c: shutdown server with port 38392 now
2019-09-26 13:32:26,175 [ForkJoinPool.commonPool-worker-1] INFO  server.GrpcService (GrpcService.java:closeImpl(172)) - d996ac0f-d7fa-44b8-9629-cc45741e2b0c: shutdown server with port 38392 successfully
2019-09-26 13:32:26,176 [refreshUsed-/workdir/hadoop-ozone/ozonefs/target/test-dir/MiniOzoneClusterImpl-d13f4c17-e694-49b3-9e13-851dfc20fd5b/datanode-1/data/containers] WARN  fs.CachingGetSpaceUsed (CachingGetSpaceUsed.java:run(183)) - Thread Interrupted waiting to refresh disk information: sleep interrupted
2019-09-26 13:32:26,177 [refreshUsed-/workdir/hadoop-ozone/ozonefs/target/test-dir/MiniOzoneClusterImpl-d13f4c17-e694-49b3-9e13-851dfc20fd5b/datanode-0/data/containers] WARN  fs.CachingGetSpaceUsed (CachingGetSpaceUsed.java:run(183)) - Thread Interrupted waiting to refresh disk information: sleep interrupted
2019-09-26 13:32:26,201 [ForkJoinPool.commonPool-worker-1] INFO  utils.BackgroundService (BackgroundService.java:shutdown(148)) - Shutting down service BlockDeletingService
2019-09-26 13:32:26,212 [ForkJoinPool.commonPool-worker-1] INFO  statemachine.DatanodeStateMachine (DatanodeStateMachine.java:stopDaemon(395)) - Ozone container server stopped.
2019-09-26 13:32:26,216 [ForkJoinPool.commonPool-worker-1] INFO  handler.ContextHandler (ContextHandler.java:doStop(910)) - Stopped o.e.j.w.WebAppContext@602b4bf3{/,null,UNAVAILABLE}{/hddsDatanode}
2019-09-26 13:32:26,216 [Thread-1344] INFO  utils.BackgroundService (BackgroundService.java:shutdown(148)) - Shutting down service BlockDeletingService
2019-09-26 13:32:26,217 [ForkJoinPool.commonPool-worker-1] INFO  server.AbstractConnector (AbstractConnector.java:doStop(318)) - Stopped ServerConnector@2ad9d84b{HTTP/1.1,[http/1.1]}{0.0.0.0:0}
2019-09-26 13:32:26,220 [Thread-1344] INFO  statemachine.DatanodeStateMachine (DatanodeStateMachine.java:stopDaemon(395)) - Ozone container server stopped.
2019-09-26 13:32:26,220 [ForkJoinPool.commonPool-worker-1] INFO  handler.ContextHandler (ContextHandler.java:doStop(910)) - Stopped o.e.j.s.ServletContextHandler@652fe591{/static,jar:file:/home/user/.m2/repository/org/apache/hadoop/hadoop-hdds-container-service/0.5.0-SNAPSHOT/hadoop-hdds-container-service-0.5.0-SNAPSHOT.jar!/webapps/static,UNAVAILABLE}
2019-09-26 13:32:26,221 [ForkJoinPool.commonPool-worker-1] INFO  handler.ContextHandler (ContextHandler.java:doStop(910)) - Stopped o.e.j.s.ServletContextHandler@73803a22{/logs,file:///workdir/hadoop-ozone/ozonefs/target/log,UNAVAILABLE}
2019-09-26 13:32:26,222 [Thread-1344] INFO  handler.ContextHandler (ContextHandler.java:doStop(910)) - Stopped o.e.j.w.WebAppContext@f909411{/,null,UNAVAILABLE}{/hddsDatanode}
2019-09-26 13:32:26,222 [Thread-1344] INFO  server.AbstractConnector (AbstractConnector.java:doStop(318)) - Stopped ServerConnector@69eb3642{HTTP/1.1,[http/1.1]}{0.0.0.0:0}
2019-09-26 13:32:26,222 [Thread-1344] INFO  handler.ContextHandler (ContextHandler.java:doStop(910)) - Stopped o.e.j.s.ServletContextHandler@e37fe36{/static,jar:file:/home/user/.m2/repository/org/apache/hadoop/hadoop-hdds-container-service/0.5.0-SNAPSHOT/hadoop-hdds-container-service-0.5.0-SNAPSHOT.jar!/webapps/static,UNAVAILABLE}
2019-09-26 13:32:26,223 [Thread-1344] INFO  handler.ContextHandler (ContextHandler.java:doStop(910)) - Stopped o.e.j.s.ServletContextHandler@3e308f66{/logs,file:///workdir/hadoop-ozone/ozonefs/target/log,UNAVAILABLE}
2019-09-26 13:32:26,993 [Datanode State Machine Thread - 0] INFO  statemachine.DatanodeStateMachine (DatanodeStateMachine.java:lambda$startDaemon$0(350)) - Ozone container server started.
2019-09-26 13:32:31,223 [ForkJoinPool.commonPool-worker-1] INFO  ozoneimpl.OzoneContainer (OzoneContainer.java:stop(231)) - Attempting to stop container services.
2019-09-26 13:32:31,223 [ForkJoinPool.commonPool-worker-1] INFO  impl.RaftServerProxy (RaftServerProxy.java:lambda$close$4(314)) - 7640920c-e43d-4271-86d9-e94fdcad330b: close
2019-09-26 13:32:31,223 [ForkJoinPool.commonPool-worker-1] INFO  impl.RaftServerImpl (RaftServerImpl.java:lambda$shutdown$3(251)) - 7640920c-e43d-4271-86d9-e94fdcad330b@group-E5E2BA6FE3E5: shutdown
2019-09-26 13:32:31,224 [ForkJoinPool.commonPool-worker-1] INFO  util.JmxRegister (JmxRegister.java:unregister(73)) - Successfully un-registered JMX Bean with object name Ratis:service=RaftServer,group=group-E5E2BA6FE3E5,id=7640920c-e43d-4271-86d9-e94fdcad330b
2019-09-26 13:32:31,224 [ForkJoinPool.commonPool-worker-1] INFO  impl.RoleInfo (RoleInfo.java:shutdownLeaderState(104)) - 7640920c-e43d-4271-86d9-e94fdcad330b: shutdown LeaderState
2019-09-26 13:32:31,225 [ForkJoinPool.commonPool-worker-1] INFO  impl.PendingRequests (PendingRequests.java:sendNotLeaderResponses(202)) - 7640920c-e43d-4271-86d9-e94fdcad330b-PendingRequests: sendNotLeaderResponses
2019-09-26 13:32:31,225 [ForkJoinPool.commonPool-worker-1] INFO  impl.StateMachineUpdater (StateMachineUpdater.java:stopAndJoin(125)) - 7640920c-e43d-4271-86d9-e94fdcad330b@group-E5E2BA6FE3E5-StateMachineUpdater: set stopIndex = 0
2019-09-26 13:32:31,225 [ForkJoinPool.commonPool-worker-1] INFO  impl.RaftServerImpl (ServerState.java:close(385)) - 7640920c-e43d-4271-86d9-e94fdcad330b@group-E5E2BA6FE3E5: closes. applyIndex: 0
2019-09-26 13:32:31,226 [7640920c-e43d-4271-86d9-e94fdcad330b@group-E5E2BA6FE3E5-SegmentedRaftLogWorker] INFO  segmented.SegmentedRaftLogWorker (SegmentedRaftLogWorker.java:run(313)) - 7640920c-e43d-4271-86d9-e94fdcad330b@group-E5E2BA6FE3E5-SegmentedRaftLogWorker was interrupted, exiting. There are 0 tasks remaining in the queue.
2019-09-26 13:32:31,237 [ForkJoinPool.commonPool-worker-1] INFO  segmented.SegmentedRaftLogWorker (SegmentedRaftLogWorker.java:close(228)) - 7640920c-e43d-4271-86d9-e94fdcad330b@group-E5E2BA6FE3E5-SegmentedRaftLogWorker close()
2019-09-26 13:32:31,239 [ForkJoinPool.commonPool-worker-1] INFO  impl.RaftServerImpl (RaftServerImpl.java:lambda$shutdown$3(251)) - 7640920c-e43d-4271-86d9-e94fdcad330b@group-97C64A320463: shutdown
2019-09-26 13:32:31,240 [ForkJoinPool.commonPool-worker-1] INFO  util.JmxRegister (JmxRegister.java:unregister(73)) - Successfully un-registered JMX Bean with object name Ratis:service=RaftServer,group=group-97C64A320463,id=7640920c-e43d-4271-86d9-e94fdcad330b
2019-09-26 13:32:31,240 [ForkJoinPool.commonPool-worker-1] INFO  impl.RoleInfo (RoleInfo.java:shutdownLeaderState(104)) - 7640920c-e43d-4271-86d9-e94fdcad330b: shutdown LeaderState
2019-09-26 13:32:31,240 [ForkJoinPool.commonPool-worker-1] INFO  impl.PendingRequests (PendingRequests.java:sendNotLeaderResponses(202)) - 7640920c-e43d-4271-86d9-e94fdcad330b-PendingRequests: sendNotLeaderResponses
2019-09-26 13:32:31,240 [ForkJoinPool.commonPool-worker-1] INFO  impl.StateMachineUpdater (StateMachineUpdater.java:stopAndJoin(125)) - 7640920c-e43d-4271-86d9-e94fdcad330b@group-97C64A320463-StateMachineUpdater: set stopIndex = 0
2019-09-26 13:32:31,241 [ForkJoinPool.commonPool-worker-1] INFO  impl.RaftServerImpl (ServerState.java:close(385)) - 7640920c-e43d-4271-86d9-e94fdcad330b@group-97C64A320463: closes. applyIndex: 0
2019-09-26 13:32:31,241 [7640920c-e43d-4271-86d9-e94fdcad330b@group-97C64A320463-SegmentedRaftLogWorker] INFO  segmented.SegmentedRaftLogWorker (SegmentedRaftLogWorker.java:run(313)) - 7640920c-e43d-4271-86d9-e94fdcad330b@group-97C64A320463-SegmentedRaftLogWorker was interrupted, exiting. There are 0 tasks remaining in the queue.
2019-09-26 13:32:31,241 [ForkJoinPool.commonPool-worker-1] INFO  segmented.SegmentedRaftLogWorker (SegmentedRaftLogWorker.java:close(228)) - 7640920c-e43d-4271-86d9-e94fdcad330b@group-97C64A320463-SegmentedRaftLogWorker close()
2019-09-26 13:32:31,243 [ForkJoinPool.commonPool-worker-1] INFO  impl.RaftServerImpl (RaftServerImpl.java:lambda$shutdown$3(251)) - 7640920c-e43d-4271-86d9-e94fdcad330b@group-B7E2B47C6FBC: shutdown
2019-09-26 13:32:31,243 [ForkJoinPool.commonPool-worker-1] INFO  util.JmxRegister (JmxRegister.java:unregister(73)) - Successfully un-registered JMX Bean with object name Ratis:service=RaftServer,group=group-B7E2B47C6FBC,id=7640920c-e43d-4271-86d9-e94fdcad330b
2019-09-26 13:32:31,244 [ForkJoinPool.commonPool-worker-1] INFO  impl.RoleInfo (RoleInfo.java:shutdownLeaderState(104)) - 7640920c-e43d-4271-86d9-e94fdcad330b: shutdown LeaderState
2019-09-26 13:32:31,244 [ForkJoinPool.commonPool-worker-1] INFO  impl.PendingRequests (PendingRequests.java:sendNotLeaderResponses(202)) - 7640920c-e43d-4271-86d9-e94fdcad330b-PendingRequests: sendNotLeaderResponses
2019-09-26 13:32:31,244 [ForkJoinPool.commonPool-worker-1] INFO  impl.StateMachineUpdater (StateMachineUpdater.java:stopAndJoin(125)) - 7640920c-e43d-4271-86d9-e94fdcad330b@group-B7E2B47C6FBC-StateMachineUpdater: set stopIndex = 0
2019-09-26 13:32:31,245 [ForkJoinPool.commonPool-worker-1] INFO  impl.RaftServerImpl (ServerState.java:close(385)) - 7640920c-e43d-4271-86d9-e94fdcad330b@group-B7E2B47C6FBC: closes. applyIndex: 0
2019-09-26 13:32:31,245 [7640920c-e43d-4271-86d9-e94fdcad330b@group-B7E2B47C6FBC-SegmentedRaftLogWorker] INFO  segmented.SegmentedRaftLogWorker (SegmentedRaftLogWorker.java:run(313)) - 7640920c-e43d-4271-86d9-e94fdcad330b@group-B7E2B47C6FBC-SegmentedRaftLogWorker was interrupted, exiting. There are 0 tasks remaining in the queue.
2019-09-26 13:32:31,245 [ForkJoinPool.commonPool-worker-1] INFO  segmented.SegmentedRaftLogWorker (SegmentedRaftLogWorker.java:close(228)) - 7640920c-e43d-4271-86d9-e94fdcad330b@group-B7E2B47C6FBC-SegmentedRaftLogWorker close()
2019-09-26 13:32:31,247 [ForkJoinPool.commonPool-worker-1] INFO  impl.RaftServerImpl (RaftServerImpl.java:lambda$shutdown$3(251)) - 7640920c-e43d-4271-86d9-e94fdcad330b@group-DC63D022E8B1: shutdown
2019-09-26 13:32:31,247 [ForkJoinPool.commonPool-worker-1] INFO  util.JmxRegister (JmxRegister.java:unregister(73)) - Successfully un-registered JMX Bean with object name Ratis:service=RaftServer,group=group-DC63D022E8B1,id=7640920c-e43d-4271-86d9-e94fdcad330b
2019-09-26 13:32:31,248 [ForkJoinPool.commonPool-worker-1] INFO  impl.RoleInfo (RoleInfo.java:shutdownLeaderState(104)) - 7640920c-e43d-4271-86d9-e94fdcad330b: shutdown LeaderState
2019-09-26 13:32:31,248 [ForkJoinPool.commonPool-worker-1] INFO  impl.PendingRequests (PendingRequests.java:sendNotLeaderResponses(202)) - 7640920c-e43d-4271-86d9-e94fdcad330b-PendingRequests: sendNotLeaderResponses
2019-09-26 13:32:31,248 [ForkJoinPool.commonPool-worker-1] INFO  impl.StateMachineUpdater (StateMachineUpdater.java:stopAndJoin(125)) - 7640920c-e43d-4271-86d9-e94fdcad330b@group-DC63D022E8B1-StateMachineUpdater: set stopIndex = 0
2019-09-26 13:32:31,248 [ForkJoinPool.commonPool-worker-1] INFO  impl.RaftServerImpl (ServerState.java:close(385)) - 7640920c-e43d-4271-86d9-e94fdcad330b@group-DC63D022E8B1: closes. applyIndex: 0
2019-09-26 13:32:31,249 [7640920c-e43d-4271-86d9-e94fdcad330b@group-DC63D022E8B1-SegmentedRaftLogWorker] INFO  segmented.SegmentedRaftLogWorker (SegmentedRaftLogWorker.java:run(313)) - 7640920c-e43d-4271-86d9-e94fdcad330b@group-DC63D022E8B1-SegmentedRaftLogWorker was interrupted, exiting. There are 0 tasks remaining in the queue.
2019-09-26 13:32:31,249 [ForkJoinPool.commonPool-worker-1] INFO  segmented.SegmentedRaftLogWorker (SegmentedRaftLogWorker.java:close(228)) - 7640920c-e43d-4271-86d9-e94fdcad330b@group-DC63D022E8B1-SegmentedRaftLogWorker close()
2019-09-26 13:32:31,251 [ForkJoinPool.commonPool-worker-1] INFO  impl.RaftServerImpl (RaftServerImpl.java:lambda$shutdown$3(251)) - 7640920c-e43d-4271-86d9-e94fdcad330b@group-7BBB28E79746: shutdown
2019-09-26 13:32:31,251 [ForkJoinPool.commonPool-worker-1] INFO  util.JmxRegister (JmxRegister.java:unregister(73)) - Successfully un-registered JMX Bean with object name Ratis:service=RaftServer,group=group-7BBB28E79746,id=7640920c-e43d-4271-86d9-e94fdcad330b
2019-09-26 13:32:31,251 [ForkJoinPool.commonPool-worker-1] INFO  impl.RoleInfo (RoleInfo.java:shutdownLeaderState(104)) - 7640920c-e43d-4271-86d9-e94fdcad330b: shutdown LeaderState
2019-09-26 13:32:31,252 [ForkJoinPool.commonPool-worker-1] INFO  impl.PendingRequests (PendingRequests.java:sendNotLeaderResponses(202)) - 7640920c-e43d-4271-86d9-e94fdcad330b-PendingRequests: sendNotLeaderResponses
2019-09-26 13:32:31,252 [ForkJoinPool.commonPool-worker-1] INFO  impl.StateMachineUpdater (StateMachineUpdater.java:stopAndJoin(125)) - 7640920c-e43d-4271-86d9-e94fdcad330b@group-7BBB28E79746-StateMachineUpdater: set stopIndex = 0
2019-09-26 13:32:31,252 [ForkJoinPool.commonPool-worker-1] INFO  impl.RaftServerImpl (ServerState.java:close(385)) - 7640920c-e43d-4271-86d9-e94fdcad330b@group-7BBB28E79746: closes. applyIndex: 0
2019-09-26 13:32:31,253 [7640920c-e43d-4271-86d9-e94fdcad330b@group-7BBB28E79746-SegmentedRaftLogWorker] INFO  segmented.SegmentedRaftLogWorker (SegmentedRaftLogWorker.java:run(313)) - 7640920c-e43d-4271-86d9-e94fdcad330b@group-7BBB28E79746-SegmentedRaftLogWorker was interrupted, exiting. There are 0 tasks remaining in the queue.
2019-09-26 13:32:31,253 [ForkJoinPool.commonPool-worker-1] INFO  segmented.SegmentedRaftLogWorker (SegmentedRaftLogWorker.java:close(228)) - 7640920c-e43d-4271-86d9-e94fdcad330b@group-7BBB28E79746-SegmentedRaftLogWorker close()
2019-09-26 13:32:31,255 [ForkJoinPool.commonPool-worker-1] INFO  impl.RaftServerImpl (RaftServerImpl.java:lambda$shutdown$3(251)) - 7640920c-e43d-4271-86d9-e94fdcad330b@group-1B311C31AEC2: shutdown
2019-09-26 13:32:31,255 [ForkJoinPool.commonPool-worker-1] INFO  util.JmxRegister (JmxRegister.java:unregister(73)) - Successfully un-registered JMX Bean with object name Ratis:service=RaftServer,group=group-1B311C31AEC2,id=7640920c-e43d-4271-86d9-e94fdcad330b
2019-09-26 13:32:31,255 [ForkJoinPool.commonPool-worker-1] INFO  impl.RoleInfo (RoleInfo.java:shutdownLeaderState(104)) - 7640920c-e43d-4271-86d9-e94fdcad330b: shutdown LeaderState
2019-09-26 13:32:31,256 [ForkJoinPool.commonPool-worker-1] INFO  impl.PendingRequests (PendingRequests.java:sendNotLeaderResponses(202)) - 7640920c-e43d-4271-86d9-e94fdcad330b-PendingRequests: sendNotLeaderResponses
2019-09-26 13:32:31,256 [ForkJoinPool.commonPool-worker-1] INFO  impl.StateMachineUpdater (StateMachineUpdater.java:stopAndJoin(125)) - 7640920c-e43d-4271-86d9-e94fdcad330b@group-1B311C31AEC2-StateMachineUpdater: set stopIndex = 0
2019-09-26 13:32:31,256 [ForkJoinPool.commonPool-worker-1] INFO  impl.RaftServerImpl (ServerState.java:close(385)) - 7640920c-e43d-4271-86d9-e94fdcad330b@group-1B311C31AEC2: closes. applyIndex: 0
2019-09-26 13:32:31,256 [7640920c-e43d-4271-86d9-e94fdcad330b@group-1B311C31AEC2-SegmentedRaftLogWorker] INFO  segmented.SegmentedRaftLogWorker (SegmentedRaftLogWorker.java:run(313)) - 7640920c-e43d-4271-86d9-e94fdcad330b@group-1B311C31AEC2-SegmentedRaftLogWorker was interrupted, exiting. There are 0 tasks remaining in the queue.
2019-09-26 13:32:31,257 [ForkJoinPool.commonPool-worker-1] INFO  segmented.SegmentedRaftLogWorker (SegmentedRaftLogWorker.java:close(228)) - 7640920c-e43d-4271-86d9-e94fdcad330b@group-1B311C31AEC2-SegmentedRaftLogWorker close()
2019-09-26 13:32:31,258 [ForkJoinPool.commonPool-worker-1] INFO  server.GrpcService (GrpcService.java:closeImpl(164)) - 7640920c-e43d-4271-86d9-e94fdcad330b: shutdown server with port 37849 now
2019-09-26 13:32:31,260 [ForkJoinPool.commonPool-worker-1] INFO  server.GrpcService (GrpcService.java:closeImpl(172)) - 7640920c-e43d-4271-86d9-e94fdcad330b: shutdown server with port 37849 successfully
2019-09-26 13:32:31,263 [refreshUsed-/workdir/hadoop-ozone/ozonefs/target/test-dir/MiniOzoneClusterImpl-d13f4c17-e694-49b3-9e13-851dfc20fd5b/datanode-2/data/containers] WARN  fs.CachingGetSpaceUsed (CachingGetSpaceUsed.java:run(183)) - Thread Interrupted waiting to refresh disk information: sleep interrupted
2019-09-26 13:32:31,286 [ForkJoinPool.commonPool-worker-1] INFO  utils.BackgroundService (BackgroundService.java:shutdown(148)) - Shutting down service BlockDeletingService
2019-09-26 13:32:31,290 [ForkJoinPool.commonPool-worker-1] INFO  statemachine.DatanodeStateMachine (DatanodeStateMachine.java:stopDaemon(395)) - Ozone container server stopped.
2019-09-26 13:32:31,296 [ForkJoinPool.commonPool-worker-1] INFO  handler.ContextHandler (ContextHandler.java:doStop(910)) - Stopped o.e.j.w.WebAppContext@119b0254{/,null,UNAVAILABLE}{/hddsDatanode}
2019-09-26 13:32:31,297 [ForkJoinPool.commonPool-worker-1] INFO  server.AbstractConnector (AbstractConnector.java:doStop(318)) - Stopped ServerConnector@7c8b0ac8{HTTP/1.1,[http/1.1]}{0.0.0.0:0}
2019-09-26 13:32:31,299 [ForkJoinPool.commonPool-worker-1] INFO  handler.ContextHandler (ContextHandler.java:doStop(910)) - Stopped o.e.j.s.ServletContextHandler@2b59735c{/static,jar:file:/home/user/.m2/repository/org/apache/hadoop/hadoop-hdds-container-service/0.5.0-SNAPSHOT/hadoop-hdds-container-service-0.5.0-SNAPSHOT.jar!/webapps/static,UNAVAILABLE}
2019-09-26 13:32:31,300 [ForkJoinPool.commonPool-worker-1] INFO  handler.ContextHandler (ContextHandler.java:doStop(910)) - Stopped o.e.j.s.ServletContextHandler@192ed077{/logs,file:///workdir/hadoop-ozone/ozonefs/target/log,UNAVAILABLE}
2019-09-26 13:32:31,301 [Thread-1344] INFO  ozone.MiniOzoneClusterImpl (MiniOzoneClusterImpl.java:stopSCM(392)) - Stopping the StorageContainerManager
2019-09-26 13:32:31,301 [Thread-1344] INFO  server.StorageContainerManager (StorageContainerManager.java:stop(808)) - Stopping Replication Manager Service.
2019-09-26 13:32:31,301 [Thread-1344] INFO  container.ReplicationManager (ReplicationManager.java:stop(204)) - Stopping Replication Monitor Thread.
2019-09-26 13:32:31,301 [Thread-1344] INFO  server.StorageContainerManager (StorageContainerManager.java:stop(815)) - Stopping Lease Manager of the command watchers
2019-09-26 13:32:31,302 [Thread-1344] INFO  server.StorageContainerManager (StorageContainerManager.java:stop(822)) - Stopping datanode service RPC server
2019-09-26 13:32:31,302 [Thread-1344] INFO  server.SCMDatanodeProtocolServer (SCMDatanodeProtocolServer.java:stop(367)) - Stopping the RPC server for DataNodes
2019-09-26 13:32:31,302 [Thread-1344] INFO  ipc.Server (Server.java:stop(3082)) - Stopping server on 42879
2019-09-26 13:32:31,304 [IPC Server listener on 42879] INFO  ipc.Server (Server.java:run(1185)) - Stopping IPC Server listener on 42879
2019-09-26 13:32:31,306 [IPC Server Responder] INFO  ipc.Server (Server.java:run(1319)) - Stopping IPC Server Responder
2019-09-26 13:32:31,394 [SCM Heartbeat Processing Thread - 0] WARN  node.NodeStateManager (NodeStateManager.java:scheduleNextHealthCheck(655)) - Current Thread is interrupted, shutting down HB processing thread for Node Manager.
2019-09-26 13:32:31,394 [Thread-1344] INFO  server.StorageContainerManager (StorageContainerManager.java:stop(830)) - Stopping block service RPC server
2019-09-26 13:32:31,395 [Thread-1344] INFO  server.SCMBlockProtocolServer (SCMBlockProtocolServer.java:stop(155)) - Stopping the RPC server for Block Protocol
2019-09-26 13:32:31,395 [Thread-1344] INFO  ipc.Server (Server.java:stop(3082)) - Stopping server on 34688
2019-09-26 13:32:31,398 [IPC Server listener on 34688] INFO  ipc.Server (Server.java:run(1185)) - Stopping IPC Server listener on 34688
2019-09-26 13:32:31,405 [IPC Server Responder] INFO  ipc.Server (Server.java:run(1319)) - Stopping IPC Server Responder
2019-09-26 13:32:31,405 [Thread-1344] INFO  server.StorageContainerManager (StorageContainerManager.java:stop(837)) - Stopping the StorageContainerLocationProtocol RPC server
2019-09-26 13:32:31,407 [Thread-1344] INFO  server.SCMClientProtocolServer (SCMClientProtocolServer.java:stop(159)) - Stopping the RPC server for Client Protocol
2019-09-26 13:32:31,407 [Thread-1344] INFO  ipc.Server (Server.java:stop(3082)) - Stopping server on 39725
2019-09-26 13:32:31,411 [IPC Server listener on 39725] INFO  ipc.Server (Server.java:run(1185)) - Stopping IPC Server listener on 39725
2019-09-26 13:32:31,411 [Thread-1344] INFO  server.StorageContainerManager (StorageContainerManager.java:stop(844)) - Stopping Storage Container Manager HTTP server.
2019-09-26 13:32:31,411 [IPC Server Responder] INFO  ipc.Server (Server.java:run(1319)) - Stopping IPC Server Responder
2019-09-26 13:32:31,414 [Thread-1344] INFO  handler.ContextHandler (ContextHandler.java:doStop(910)) - Stopped o.e.j.w.WebAppContext@616c8569{/,null,UNAVAILABLE}{/scm}
2019-09-26 13:32:31,415 [Thread-1344] INFO  server.AbstractConnector (AbstractConnector.java:doStop(318)) - Stopped ServerConnector@428d5aff{HTTP/1.1,[http/1.1]}{0.0.0.0:0}
2019-09-26 13:32:31,415 [Thread-1344] INFO  handler.ContextHandler (ContextHandler.java:doStop(910)) - Stopped o.e.j.s.ServletContextHandler@7a45af0a{/static,jar:file:/home/user/.m2/repository/org/apache/hadoop/hadoop-hdds-server-scm/0.5.0-SNAPSHOT/hadoop-hdds-server-scm-0.5.0-SNAPSHOT.jar!/webapps/static,UNAVAILABLE}
2019-09-26 13:32:31,416 [Thread-1344] INFO  handler.ContextHandler (ContextHandler.java:doStop(910)) - Stopped o.e.j.s.ServletContextHandler@4fe6818c{/logs,file:///workdir/hadoop-ozone/ozonefs/target/log,UNAVAILABLE}
2019-09-26 13:32:31,417 [Thread-1344] INFO  server.StorageContainerManager (StorageContainerManager.java:stop(855)) - Stopping Block Manager Service.
2019-09-26 13:32:31,417 [Thread-1344] INFO  utils.BackgroundService (BackgroundService.java:shutdown(148)) - Shutting down service SCMBlockDeletingService
2019-09-26 13:32:31,417 [Thread-1344] INFO  utils.BackgroundService (BackgroundService.java:shutdown(148)) - Shutting down service SCMBlockDeletingService
2019-09-26 13:32:31,418 [Thread-1344] INFO  server.StorageContainerManager (StorageContainerManager.java:stop(877)) - Stopping SCM Event Queue.
2019-09-26 13:32:31,422 [Thread-1344] INFO  impl.MetricsSystemImpl (MetricsSystemImpl.java:stop(210)) - Stopping HddsDatanode metrics system...
2019-09-26 13:32:31,437 [Thread-1344] INFO  impl.MetricsSystemImpl (MetricsSystemImpl.java:stop(216)) - HddsDatanode metrics system stopped.
]]></system-out>
  </testcase>
  <testcase name="testNonExplicitlyCreatedPathExistsAfterItsLeafsWereRemoved" classname="org.apache.hadoop.fs.ozone.TestOzoneFileSystem" time="17.582"/>
  <testcase name="testListStatusOnLargeDirectory" classname="org.apache.hadoop.fs.ozone.TestOzoneFileSystem" time="20.522"/>
</testsuite>