<?xml version="1.0" encoding="UTF-8"?>
<testsuite xmlns:xsi="http://www.w3.org/2001/XMLSchema-instance" xsi:noNamespaceSchemaLocation="https://maven.apache.org/surefire/maven-surefire-plugin/xsd/surefire-test-report.xsd" name="org.apache.hadoop.fs.ozone.TestOzoneFileInterfaces" time="205.65" tests="12" errors="2" skipped="0" failures="0">
  <properties>
    <property name="awt.toolkit" value="sun.awt.X11.XToolkit"/>
    <property name="file.encoding.pkg" value="sun.io"/>
    <property name="java.specification.version" value="1.8"/>
    <property name="sun.cpu.isalist" value=""/>
    <property name="sun.jnu.encoding" value="UTF-8"/>
    <property name="java.class.path" value="/workdir/hadoop-ozone/ozonefs/target/test-classes:/workdir/hadoop-ozone/ozonefs/target/classes:/home/user/.m2/repository/org/apache/hadoop/hadoop-common/3.2.0/hadoop-common-3.2.0.jar:/home/user/.m2/repository/org/apache/hadoop/hadoop-annotations/3.2.0/hadoop-annotations-3.2.0.jar:/usr/lib/jvm/java-1.8-openjdk/jre/../lib/tools.jar:/home/user/.m2/repository/com/google/guava/guava/11.0.2/guava-11.0.2.jar:/home/user/.m2/repository/commons-cli/commons-cli/1.2/commons-cli-1.2.jar:/home/user/.m2/repository/org/apache/commons/commons-math3/3.1.1/commons-math3-3.1.1.jar:/home/user/.m2/repository/org/apache/httpcomponents/httpclient/4.5.2/httpclient-4.5.2.jar:/home/user/.m2/repository/org/apache/httpcomponents/httpcore/4.4.4/httpcore-4.4.4.jar:/home/user/.m2/repository/commons-codec/commons-codec/1.11/commons-codec-1.11.jar:/home/user/.m2/repository/commons-io/commons-io/2.5/commons-io-2.5.jar:/home/user/.m2/repository/commons-net/commons-net/3.6/commons-net-3.6.jar:/home/user/.m2/repository/commons-collections/commons-collections/3.2.2/commons-collections-3.2.2.jar:/home/user/.m2/repository/javax/servlet/javax.servlet-api/3.1.0/javax.servlet-api-3.1.0.jar:/home/user/.m2/repository/org/eclipse/jetty/jetty-server/9.3.25.v20180904/jetty-server-9.3.25.v20180904.jar:/home/user/.m2/repository/org/eclipse/jetty/jetty-http/9.3.25.v20180904/jetty-http-9.3.25.v20180904.jar:/home/user/.m2/repository/org/eclipse/jetty/jetty-io/9.3.25.v20180904/jetty-io-9.3.25.v20180904.jar:/home/user/.m2/repository/org/eclipse/jetty/jetty-util/9.3.25.v20180904/jetty-util-9.3.25.v20180904.jar:/home/user/.m2/repository/org/eclipse/jetty/jetty-servlet/9.3.25.v20180904/jetty-servlet-9.3.25.v20180904.jar:/home/user/.m2/repository/org/eclipse/jetty/jetty-security/9.3.25.v20180904/jetty-security-9.3.25.v20180904.jar:/home/user/.m2/repository/org/eclipse/jetty/jetty-webapp/9.3.25.v20180904/jetty-webapp-9.3.25.v20180904.jar:/home/user/.m2/repository/org/eclipse/jetty/jetty-xml/9.3.25.v20180904/jetty-xml-9.3.25.v20180904.jar:/home/user/.m2/repository/javax/servlet/jsp/jsp-api/2.1/jsp-api-2.1.jar:/home/user/.m2/repository/com/sun/jersey/jersey-core/1.19/jersey-core-1.19.jar:/home/user/.m2/repository/javax/ws/rs/jsr311-api/1.1.1/jsr311-api-1.1.1.jar:/home/user/.m2/repository/com/sun/jersey/jersey-servlet/1.19/jersey-servlet-1.19.jar:/home/user/.m2/repository/com/sun/jersey/jersey-json/1.19/jersey-json-1.19.jar:/home/user/.m2/repository/org/codehaus/jettison/jettison/1.1/jettison-1.1.jar:/home/user/.m2/repository/com/sun/xml/bind/jaxb-impl/2.3.0.1/jaxb-impl-2.3.0.1.jar:/home/user/.m2/repository/org/codehaus/jackson/jackson-core-asl/1.9.13/jackson-core-asl-1.9.13.jar:/home/user/.m2/repository/org/codehaus/jackson/jackson-mapper-asl/1.9.13/jackson-mapper-asl-1.9.13.jar:/home/user/.m2/repository/org/codehaus/jackson/jackson-jaxrs/1.9.13/jackson-jaxrs-1.9.13.jar:/home/user/.m2/repository/org/codehaus/jackson/jackson-xc/1.9.13/jackson-xc-1.9.13.jar:/home/user/.m2/repository/com/sun/jersey/jersey-server/1.19/jersey-server-1.19.jar:/home/user/.m2/repository/commons-logging/commons-logging/1.1.3/commons-logging-1.1.3.jar:/home/user/.m2/repository/log4j/log4j/1.2.17/log4j-1.2.17.jar:/home/user/.m2/repository/commons-beanutils/commons-beanutils/1.9.4/commons-beanutils-1.9.4.jar:/home/user/.m2/repository/org/apache/commons/commons-configuration2/2.1.1/commons-configuration2-2.1.1.jar:/home/user/.m2/repository/org/apache/commons/commons-lang3/3.7/commons-lang3-3.7.jar:/home/user/.m2/repository/org/apache/commons/commons-text/1.4/commons-text-1.4.jar:/home/user/.m2/repository/org/slf4j/slf4j-api/1.7.25/slf4j-api-1.7.25.jar:/home/user/.m2/repository/org/slf4j/slf4j-log4j12/1.7.25/slf4j-log4j12-1.7.25.jar:/home/user/.m2/repository/org/apache/avro/avro/1.7.7/avro-1.7.7.jar:/home/user/.m2/repository/com/thoughtworks/paranamer/paranamer/2.3/paranamer-2.3.jar:/home/user/.m2/repository/org/xerial/snappy/snappy-java/1.0.5/snappy-java-1.0.5.jar:/home/user/.m2/repository/com/google/re2j/re2j/1.1/re2j-1.1.jar:/home/user/.m2/repository/com/google/protobuf/protobuf-java/2.5.0/protobuf-java-2.5.0.jar:/home/user/.m2/repository/com/google/code/gson/gson/2.2.4/gson-2.2.4.jar:/home/user/.m2/repository/org/apache/hadoop/hadoop-auth/3.2.0/hadoop-auth-3.2.0.jar:/home/user/.m2/repository/com/nimbusds/nimbus-jose-jwt/4.41.1/nimbus-jose-jwt-4.41.1.jar:/home/user/.m2/repository/com/github/stephenc/jcip/jcip-annotations/1.0-1/jcip-annotations-1.0-1.jar:/home/user/.m2/repository/net/minidev/json-smart/2.3/json-smart-2.3.jar:/home/user/.m2/repository/net/minidev/accessors-smart/1.2/accessors-smart-1.2.jar:/home/user/.m2/repository/org/apache/curator/curator-framework/2.12.0/curator-framework-2.12.0.jar:/home/user/.m2/repository/com/jcraft/jsch/0.1.54/jsch-0.1.54.jar:/home/user/.m2/repository/org/apache/curator/curator-client/2.12.0/curator-client-2.12.0.jar:/home/user/.m2/repository/org/apache/curator/curator-recipes/2.12.0/curator-recipes-2.12.0.jar:/home/user/.m2/repository/com/google/code/findbugs/jsr305/3.0.0/jsr305-3.0.0.jar:/home/user/.m2/repository/org/apache/htrace/htrace-core4/4.1.0-incubating/htrace-core4-4.1.0-incubating.jar:/home/user/.m2/repository/org/apache/zookeeper/zookeeper/3.4.13/zookeeper-3.4.13.jar:/home/user/.m2/repository/jline/jline/0.9.94/jline-0.9.94.jar:/home/user/.m2/repository/org/apache/yetus/audience-annotations/0.5.0/audience-annotations-0.5.0.jar:/home/user/.m2/repository/org/apache/commons/commons-compress/1.4.1/commons-compress-1.4.1.jar:/home/user/.m2/repository/org/tukaani/xz/1.0/xz-1.0.jar:/home/user/.m2/repository/org/apache/kerby/kerb-simplekdc/1.0.1/kerb-simplekdc-1.0.1.jar:/home/user/.m2/repository/org/apache/kerby/kerb-client/1.0.1/kerb-client-1.0.1.jar:/home/user/.m2/repository/org/apache/kerby/kerby-config/1.0.1/kerby-config-1.0.1.jar:/home/user/.m2/repository/org/apache/kerby/kerb-core/1.0.1/kerb-core-1.0.1.jar:/home/user/.m2/repository/org/apache/kerby/kerby-pkix/1.0.1/kerby-pkix-1.0.1.jar:/home/user/.m2/repository/org/apache/kerby/kerby-asn1/1.0.1/kerby-asn1-1.0.1.jar:/home/user/.m2/repository/org/apache/kerby/kerby-util/1.0.1/kerby-util-1.0.1.jar:/home/user/.m2/repository/org/apache/kerby/kerb-common/1.0.1/kerb-common-1.0.1.jar:/home/user/.m2/repository/org/apache/kerby/kerb-crypto/1.0.1/kerb-crypto-1.0.1.jar:/home/user/.m2/repository/org/apache/kerby/kerb-util/1.0.1/kerb-util-1.0.1.jar:/home/user/.m2/repository/org/apache/kerby/token-provider/1.0.1/token-provider-1.0.1.jar:/home/user/.m2/repository/org/apache/kerby/kerb-admin/1.0.1/kerb-admin-1.0.1.jar:/home/user/.m2/repository/org/apache/kerby/kerb-server/1.0.1/kerb-server-1.0.1.jar:/home/user/.m2/repository/org/apache/kerby/kerb-identity/1.0.1/kerb-identity-1.0.1.jar:/home/user/.m2/repository/org/apache/kerby/kerby-xdr/1.0.1/kerby-xdr-1.0.1.jar:/home/user/.m2/repository/com/fasterxml/jackson/core/jackson-databind/2.9.9/jackson-databind-2.9.9.jar:/home/user/.m2/repository/com/fasterxml/jackson/core/jackson-annotations/2.9.9/jackson-annotations-2.9.9.jar:/home/user/.m2/repository/com/fasterxml/jackson/core/jackson-core/2.9.9/jackson-core-2.9.9.jar:/home/user/.m2/repository/org/codehaus/woodstox/stax2-api/3.1.4/stax2-api-3.1.4.jar:/home/user/.m2/repository/com/fasterxml/woodstox/woodstox-core/5.0.3/woodstox-core-5.0.3.jar:/home/user/.m2/repository/dnsjava/dnsjava/2.1.7/dnsjava-2.1.7.jar:/home/user/.m2/repository/org/apache/hadoop/hadoop-hdfs/3.2.0/hadoop-hdfs-3.2.0.jar:/home/user/.m2/repository/org/eclipse/jetty/jetty-util-ajax/9.3.25.v20180904/jetty-util-ajax-9.3.25.v20180904.jar:/home/user/.m2/repository/commons-daemon/commons-daemon/1.0.13/commons-daemon-1.0.13.jar:/home/user/.m2/repository/io/netty/netty/3.10.5.Final/netty-3.10.5.Final.jar:/home/user/.m2/repository/io/netty/netty-all/4.0.52.Final/netty-all-4.0.52.Final.jar:/home/user/.m2/repository/org/fusesource/leveldbjni/leveldbjni-all/1.8/leveldbjni-all-1.8.jar:/home/user/.m2/repository/org/apache/hadoop/hadoop-hdds-common/0.5.0-SNAPSHOT/hadoop-hdds-common-0.5.0-SNAPSHOT.jar:/home/user/.m2/repository/org/apache/hadoop/hadoop-hdds-config/0.5.0-SNAPSHOT/hadoop-hdds-config-0.5.0-SNAPSHOT.jar:/home/user/.m2/repository/javax/annotation/javax.annotation-api/1.2/javax.annotation-api-1.2.jar:/home/user/.m2/repository/org/apache/ratis/ratis-server/0.4.0/ratis-server-0.4.0.jar:/home/user/.m2/repository/org/apache/ratis/ratis-thirdparty-misc/0.2.0/ratis-thirdparty-misc-0.2.0.jar:/home/user/.m2/repository/org/apache/ratis/ratis-proto/0.4.0/ratis-proto-0.4.0.jar:/home/user/.m2/repository/org/apache/ratis/ratis-common/0.4.0/ratis-common-0.4.0.jar:/home/user/.m2/repository/org/apache/ratis/ratis-client/0.4.0/ratis-client-0.4.0.jar:/home/user/.m2/repository/org/apache/ratis/ratis-metrics/0.4.0/ratis-metrics-0.4.0.jar:/home/user/.m2/repository/com/github/joshelser/dropwizard-metrics-hadoop-metrics2-reporter/0.1.2/dropwizard-metrics-hadoop-metrics2-reporter-0.1.2.jar:/home/user/.m2/repository/io/dropwizard/metrics/metrics-jvm/3.2.5/metrics-jvm-3.2.5.jar:/home/user/.m2/repository/io/dropwizard/metrics/metrics-ganglia/3.2.5/metrics-ganglia-3.2.5.jar:/home/user/.m2/repository/info/ganglia/gmetric4j/gmetric4j/1.0.7/gmetric4j-1.0.7.jar:/home/user/.m2/repository/org/apache/ratis/ratis-netty/0.4.0/ratis-netty-0.4.0.jar:/home/user/.m2/repository/org/apache/ratis/ratis-grpc/0.4.0/ratis-grpc-0.4.0.jar:/home/user/.m2/repository/org/rocksdb/rocksdbjni/6.0.1/rocksdbjni-6.0.1.jar:/home/user/.m2/repository/org/apache/logging/log4j/log4j-api/2.11.0/log4j-api-2.11.0.jar:/home/user/.m2/repository/org/apache/logging/log4j/log4j-core/2.11.0/log4j-core-2.11.0.jar:/home/user/.m2/repository/com/lmax/disruptor/3.4.2/disruptor-3.4.2.jar:/home/user/.m2/repository/org/apache/commons/commons-pool2/2.6.0/commons-pool2-2.6.0.jar:/home/user/.m2/repository/org/bouncycastle/bcpkix-jdk15on/1.60/bcpkix-jdk15on-1.60.jar:/home/user/.m2/repository/commons-validator/commons-validator/1.6/commons-validator-1.6.jar:/home/user/.m2/repository/commons-digester/commons-digester/1.8.1/commons-digester-1.8.1.jar:/home/user/.m2/repository/io/jaegertracing/jaeger-client/0.34.0/jaeger-client-0.34.0.jar:/home/user/.m2/repository/io/jaegertracing/jaeger-thrift/0.34.0/jaeger-thrift-0.34.0.jar:/home/user/.m2/repository/org/apache/thrift/libthrift/0.12.0/libthrift-0.12.0.jar:/home/user/.m2/repository/com/squareup/okhttp3/okhttp/3.9.0/okhttp-3.9.0.jar:/home/user/.m2/repository/com/squareup/okio/okio/1.13.0/okio-1.13.0.jar:/home/user/.m2/repository/io/jaegertracing/jaeger-core/0.34.0/jaeger-core-0.34.0.jar:/home/user/.m2/repository/io/jaegertracing/jaeger-tracerresolver/0.34.0/jaeger-tracerresolver-0.34.0.jar:/home/user/.m2/repository/io/opentracing/contrib/opentracing-tracerresolver/0.1.5/opentracing-tracerresolver-0.1.5.jar:/home/user/.m2/repository/io/opentracing/opentracing-util/0.31.0/opentracing-util-0.31.0.jar:/home/user/.m2/repository/io/opentracing/opentracing-api/0.31.0/opentracing-api-0.31.0.jar:/home/user/.m2/repository/io/opentracing/opentracing-noop/0.31.0/opentracing-noop-0.31.0.jar:/home/user/.m2/repository/org/yaml/snakeyaml/1.16/snakeyaml-1.16.jar:/home/user/.m2/repository/org/apache/hadoop/hadoop-hdfs-client/3.2.0/hadoop-hdfs-client-3.2.0.jar:/home/user/.m2/repository/info/picocli/picocli/3.9.6/picocli-3.9.6.jar:/home/user/.m2/repository/org/apache/hadoop/hadoop-hdds-server-scm/0.5.0-SNAPSHOT/hadoop-hdds-server-scm-0.5.0-SNAPSHOT.jar:/home/user/.m2/repository/org/apache/hadoop/hadoop-hdds-docs/0.5.0-SNAPSHOT/hadoop-hdds-docs-0.5.0-SNAPSHOT.jar:/home/user/.m2/repository/io/dropwizard/metrics/metrics-core/3.2.4/metrics-core-3.2.4.jar:/home/user/.m2/repository/org/hamcrest/hamcrest-all/1.3/hamcrest-all-1.3.jar:/home/user/.m2/repository/org/bouncycastle/bcprov-jdk15on/1.60/bcprov-jdk15on-1.60.jar:/home/user/.m2/repository/org/apache/hadoop/hadoop-hdds-server-framework/0.5.0-SNAPSHOT/hadoop-hdds-server-framework-0.5.0-SNAPSHOT.jar:/home/user/.m2/repository/org/apache/hadoop/hadoop-ozone-ozone-manager/0.5.0-SNAPSHOT/hadoop-ozone-ozone-manager-0.5.0-SNAPSHOT.jar:/home/user/.m2/repository/org/apache/hadoop/hadoop-hdds-container-service/0.5.0-SNAPSHOT/hadoop-hdds-container-service-0.5.0-SNAPSHOT.jar:/home/user/.m2/repository/org/apache/hadoop/hadoop-hdds-client/0.5.0-SNAPSHOT/hadoop-hdds-client-0.5.0-SNAPSHOT.jar:/home/user/.m2/repository/org/apache/hadoop/hadoop-ozone-common/0.5.0-SNAPSHOT/hadoop-ozone-common-0.5.0-SNAPSHOT.jar:/home/user/.m2/repository/org/apache/hadoop/hadoop-hdds-tools/0.5.0-SNAPSHOT/hadoop-hdds-tools-0.5.0-SNAPSHOT.jar:/home/user/.m2/repository/org/xerial/sqlite-jdbc/3.25.2/sqlite-jdbc-3.25.2.jar:/home/user/.m2/repository/com/google/code/findbugs/findbugs/3.0.1/findbugs-3.0.1.jar:/home/user/.m2/repository/net/jcip/jcip-annotations/1.0/jcip-annotations-1.0.jar:/home/user/.m2/repository/com/google/code/findbugs/bcel-findbugs/6.0/bcel-findbugs-6.0.jar:/home/user/.m2/repository/com/google/code/findbugs/jFormatString/2.0.1/jFormatString-2.0.1.jar:/home/user/.m2/repository/dom4j/dom4j/1.6.1/dom4j-1.6.1.jar:/home/user/.m2/repository/xml-apis/xml-apis/1.0.b2/xml-apis-1.0.b2.jar:/home/user/.m2/repository/org/ow2/asm/asm-debug-all/5.0.2/asm-debug-all-5.0.2.jar:/home/user/.m2/repository/org/ow2/asm/asm-commons/5.0.2/asm-commons-5.0.2.jar:/home/user/.m2/repository/org/ow2/asm/asm-tree/5.0.2/asm-tree-5.0.2.jar:/home/user/.m2/repository/org/ow2/asm/asm/5.0.4/asm-5.0.4.jar:/home/user/.m2/repository/commons-lang/commons-lang/2.6/commons-lang-2.6.jar:/home/user/.m2/repository/com/apple/AppleJavaExtensions/1.4/AppleJavaExtensions-1.4.jar:/home/user/.m2/repository/jaxen/jaxen/1.1.6/jaxen-1.1.6.jar:/home/user/.m2/repository/org/apache/hadoop/hadoop-common/3.2.0/hadoop-common-3.2.0-tests.jar:/home/user/.m2/repository/org/apache/hadoop/hadoop-ozone-client/0.5.0-SNAPSHOT/hadoop-ozone-client-0.5.0-SNAPSHOT.jar:/home/user/.m2/repository/org/apache/hadoop/hadoop-hdfs/3.2.0/hadoop-hdfs-3.2.0-tests.jar:/workdir/hadoop-ozone/integration-test/target/test-classes:/home/user/.m2/repository/org/apache/hadoop/hadoop-ozone-s3gateway/0.5.0-SNAPSHOT/hadoop-ozone-s3gateway-0.5.0-SNAPSHOT.jar:/home/user/.m2/repository/org/jboss/weld/servlet/weld-servlet/2.4.7.Final/weld-servlet-2.4.7.Final.jar:/home/user/.m2/repository/org/glassfish/jersey/containers/jersey-container-servlet-core/2.27/jersey-container-servlet-core-2.27.jar:/home/user/.m2/repository/org/glassfish/hk2/external/javax.inject/2.5.0-b42/javax.inject-2.5.0-b42.jar:/home/user/.m2/repository/org/glassfish/jersey/core/jersey-common/2.27/jersey-common-2.27.jar:/home/user/.m2/repository/org/glassfish/hk2/osgi-resource-locator/1.0.1/osgi-resource-locator-1.0.1.jar:/home/user/.m2/repository/javax/ws/rs/javax.ws.rs-api/2.1/javax.ws.rs-api-2.1.jar:/home/user/.m2/repository/org/glassfish/jersey/ext/cdi/jersey-cdi1x/2.27/jersey-cdi1x-2.27.jar:/home/user/.m2/repository/org/glassfish/jersey/inject/jersey-hk2/2.27/jersey-hk2-2.27.jar:/home/user/.m2/repository/org/glassfish/hk2/hk2-locator/2.5.0-b42/hk2-locator-2.5.0-b42.jar:/home/user/.m2/repository/org/javassist/javassist/3.22.0-CR2/javassist-3.22.0-CR2.jar:/home/user/.m2/repository/org/glassfish/hk2/hk2-api/2.5.0/hk2-api-2.5.0.jar:/home/user/.m2/repository/org/glassfish/hk2/external/jakarta.inject/2.5.0/jakarta.inject-2.5.0.jar:/home/user/.m2/repository/org/glassfish/hk2/hk2-utils/2.5.0/hk2-utils-2.5.0.jar:/home/user/.m2/repository/jakarta/annotation/jakarta.annotation-api/1.3.4/jakarta.annotation-api-1.3.4.jar:/home/user/.m2/repository/org/glassfish/hk2/external/aopalliance-repackaged/2.5.0/aopalliance-repackaged-2.5.0.jar:/home/user/.m2/repository/com/fasterxml/jackson/dataformat/jackson-dataformat-xml/2.9.0/jackson-dataformat-xml-2.9.0.jar:/home/user/.m2/repository/com/fasterxml/jackson/module/jackson-module-jaxb-annotations/2.9.9/jackson-module-jaxb-annotations-2.9.9.jar:/home/user/.m2/repository/javax/enterprise/cdi-api/1.2/cdi-api-1.2.jar:/home/user/.m2/repository/javax/el/javax.el-api/3.0.0/javax.el-api-3.0.0.jar:/home/user/.m2/repository/javax/interceptor/javax.interceptor-api/1.2/javax.interceptor-api-1.2.jar:/home/user/.m2/repository/javax/inject/javax.inject/1/javax.inject-1.jar:/home/user/.m2/repository/com/sun/xml/bind/jaxb-core/2.3.0.1/jaxb-core-2.3.0.1.jar:/home/user/.m2/repository/javax/xml/bind/jaxb-api/2.3.0/jaxb-api-2.3.0.jar:/home/user/.m2/repository/javax/activation/activation/1.1.1/activation-1.1.1.jar:/home/user/.m2/repository/org/apache/hadoop/hadoop-ozone-csi/0.5.0-SNAPSHOT/hadoop-ozone-csi-0.5.0-SNAPSHOT.jar:/home/user/.m2/repository/com/google/protobuf/protobuf-java-util/3.5.1/protobuf-java-util-3.5.1.jar:/home/user/.m2/repository/io/grpc/grpc-netty/1.17.1/grpc-netty-1.17.1.jar:/home/user/.m2/repository/io/grpc/grpc-core/1.17.1/grpc-core-1.17.1.jar:/home/user/.m2/repository/io/grpc/grpc-context/1.17.1/grpc-context-1.17.1.jar:/home/user/.m2/repository/com/google/errorprone/error_prone_annotations/2.2.0/error_prone_annotations-2.2.0.jar:/home/user/.m2/repository/org/codehaus/mojo/animal-sniffer-annotations/1.17/animal-sniffer-annotations-1.17.jar:/home/user/.m2/repository/io/opencensus/opencensus-api/0.17.0/opencensus-api-0.17.0.jar:/home/user/.m2/repository/io/opencensus/opencensus-contrib-grpc-metrics/0.17.0/opencensus-contrib-grpc-metrics-0.17.0.jar:/home/user/.m2/repository/io/netty/netty-codec-http2/4.1.30.Final/netty-codec-http2-4.1.30.Final.jar:/home/user/.m2/repository/io/netty/netty-codec-http/4.1.30.Final/netty-codec-http-4.1.30.Final.jar:/home/user/.m2/repository/io/netty/netty-codec/4.1.30.Final/netty-codec-4.1.30.Final.jar:/home/user/.m2/repository/io/netty/netty-handler/4.1.30.Final/netty-handler-4.1.30.Final.jar:/home/user/.m2/repository/io/netty/netty-handler-proxy/4.1.30.Final/netty-handler-proxy-4.1.30.Final.jar:/home/user/.m2/repository/io/netty/netty-codec-socks/4.1.30.Final/netty-codec-socks-4.1.30.Final.jar:/home/user/.m2/repository/io/netty/netty-transport-native-epoll/4.1.30.Final/netty-transport-native-epoll-4.1.30.Final.jar:/home/user/.m2/repository/io/netty/netty-common/4.1.30.Final/netty-common-4.1.30.Final.jar:/home/user/.m2/repository/io/netty/netty-buffer/4.1.30.Final/netty-buffer-4.1.30.Final.jar:/home/user/.m2/repository/io/netty/netty-transport/4.1.30.Final/netty-transport-4.1.30.Final.jar:/home/user/.m2/repository/io/netty/netty-resolver/4.1.30.Final/netty-resolver-4.1.30.Final.jar:/home/user/.m2/repository/io/netty/netty-transport-native-unix-common/4.1.30.Final/netty-transport-native-unix-common-4.1.30.Final.jar:/home/user/.m2/repository/io/grpc/grpc-protobuf/1.17.1/grpc-protobuf-1.17.1.jar:/home/user/.m2/repository/com/google/api/grpc/proto-google-common-protos/1.0.0/proto-google-common-protos-1.0.0.jar:/home/user/.m2/repository/io/grpc/grpc-protobuf-lite/1.17.1/grpc-protobuf-lite-1.17.1.jar:/home/user/.m2/repository/io/grpc/grpc-stub/1.17.1/grpc-stub-1.17.1.jar:/home/user/.m2/repository/org/apache/hadoop/hadoop-ozone-recon/0.5.0-SNAPSHOT/hadoop-ozone-recon-0.5.0-SNAPSHOT.jar:/home/user/.m2/repository/org/apache/hadoop/hadoop-ozone-reconcodegen/0.5.0-SNAPSHOT/hadoop-ozone-reconcodegen-0.5.0-SNAPSHOT.jar:/home/user/.m2/repository/com/google/inject/extensions/guice-multibindings/4.0/guice-multibindings-4.0.jar:/home/user/.m2/repository/com/google/inject/guice/4.0/guice-4.0.jar:/home/user/.m2/repository/aopalliance/aopalliance/1.0/aopalliance-1.0.jar:/home/user/.m2/repository/org/glassfish/jersey/containers/jersey-container-servlet/2.27/jersey-container-servlet-2.27.jar:/home/user/.m2/repository/org/glassfish/hk2/guice-bridge/2.5.0/guice-bridge-2.5.0.jar:/home/user/.m2/repository/org/glassfish/jersey/core/jersey-server/2.27/jersey-server-2.27.jar:/home/user/.m2/repository/org/glassfish/jersey/core/jersey-client/2.27/jersey-client-2.27.jar:/home/user/.m2/repository/org/glassfish/jersey/media/jersey-media-jaxb/2.27/jersey-media-jaxb-2.27.jar:/home/user/.m2/repository/javax/validation/validation-api/1.1.0.Final/validation-api-1.1.0.Final.jar:/home/user/.m2/repository/org/glassfish/jersey/media/jersey-media-json-jackson/2.27/jersey-media-json-jackson-2.27.jar:/home/user/.m2/repository/org/glassfish/jersey/ext/jersey-entity-filtering/2.27/jersey-entity-filtering-2.27.jar:/home/user/.m2/repository/com/google/inject/extensions/guice-assistedinject/4.0/guice-assistedinject-4.0.jar:/home/user/.m2/repository/org/jooq/jooq/3.11.10/jooq-3.11.10.jar:/home/user/.m2/repository/org/jooq/jooq-meta/3.11.10/jooq-meta-3.11.10.jar:/home/user/.m2/repository/org/jooq/jooq-codegen/3.11.10/jooq-codegen-3.11.10.jar:/home/user/.m2/repository/com/jolbox/bonecp/0.8.0.RELEASE/bonecp-0.8.0.RELEASE.jar:/home/user/.m2/repository/org/springframework/spring-jdbc/5.1.3.RELEASE/spring-jdbc-5.1.3.RELEASE.jar:/home/user/.m2/repository/org/springframework/spring-beans/5.1.3.RELEASE/spring-beans-5.1.3.RELEASE.jar:/home/user/.m2/repository/org/springframework/spring-core/5.1.3.RELEASE/spring-core-5.1.3.RELEASE.jar:/home/user/.m2/repository/org/springframework/spring-jcl/5.1.3.RELEASE/spring-jcl-5.1.3.RELEASE.jar:/home/user/.m2/repository/org/springframework/spring-tx/5.1.3.RELEASE/spring-tx-5.1.3.RELEASE.jar:/home/user/.m2/repository/org/mockito/mockito-all/1.10.19/mockito-all-1.10.19.jar:/home/user/.m2/repository/junit/junit/4.11/junit-4.11.jar:/home/user/.m2/repository/org/hamcrest/hamcrest-core/1.3/hamcrest-core-1.3.jar:/home/user/.m2/repository/org/apache/hadoop/hadoop-distcp/3.2.0/hadoop-distcp-3.2.0.jar:/home/user/.m2/repository/org/apache/hadoop/hadoop-distcp/3.2.0/hadoop-distcp-3.2.0-tests.jar:/home/user/.m2/repository/org/apache/hadoop/hadoop-mapreduce-client-jobclient/3.2.0/hadoop-mapreduce-client-jobclient-3.2.0.jar:/home/user/.m2/repository/org/apache/hadoop/hadoop-mapreduce-client-common/3.2.0/hadoop-mapreduce-client-common-3.2.0.jar:/home/user/.m2/repository/org/apache/hadoop/hadoop-yarn-common/3.2.0/hadoop-yarn-common-3.2.0.jar:/home/user/.m2/repository/org/apache/hadoop/hadoop-yarn-api/3.2.0/hadoop-yarn-api-3.2.0.jar:/home/user/.m2/repository/com/sun/jersey/jersey-client/1.19/jersey-client-1.19.jar:/home/user/.m2/repository/com/sun/jersey/contribs/jersey-guice/1.19/jersey-guice-1.19.jar:/home/user/.m2/repository/com/fasterxml/jackson/jaxrs/jackson-jaxrs-json-provider/2.9.9/jackson-jaxrs-json-provider-2.9.9.jar:/home/user/.m2/repository/com/fasterxml/jackson/jaxrs/jackson-jaxrs-base/2.9.9/jackson-jaxrs-base-2.9.9.jar:/home/user/.m2/repository/org/apache/hadoop/hadoop-yarn-client/3.2.0/hadoop-yarn-client-3.2.0.jar:/home/user/.m2/repository/org/apache/hadoop/hadoop-mapreduce-client-core/3.2.0/hadoop-mapreduce-client-core-3.2.0.jar:/home/user/.m2/repository/com/google/inject/extensions/guice-servlet/4.0/guice-servlet-4.0.jar:/home/user/.m2/repository/org/powermock/powermock-module-junit4/1.6.5/powermock-module-junit4-1.6.5.jar:/home/user/.m2/repository/org/powermock/powermock-module-junit4-common/1.6.5/powermock-module-junit4-common-1.6.5.jar:/home/user/.m2/repository/org/powermock/powermock-core/1.6.5/powermock-core-1.6.5.jar:/home/user/.m2/repository/org/powermock/powermock-reflect/1.6.5/powermock-reflect-1.6.5.jar:/home/user/.m2/repository/org/powermock/powermock-api-mockito/1.6.5/powermock-api-mockito-1.6.5.jar:/home/user/.m2/repository/org/mockito/mockito-core/1.10.19/mockito-core-1.10.19.jar:/home/user/.m2/repository/org/objenesis/objenesis/1.0/objenesis-1.0.jar:/home/user/.m2/repository/org/powermock/powermock-api-mockito-common/1.6.5/powermock-api-mockito-common-1.6.5.jar:/home/user/.m2/repository/org/powermock/powermock-api-support/1.6.5/powermock-api-support-1.6.5.jar:"/>
    <property name="java.vm.vendor" value="IcedTea"/>
    <property name="sun.arch.data.model" value="64"/>
    <property name="test.build.dir" value="/workdir/hadoop-ozone/ozonefs/target/test-dir"/>
    <property name="test.cache.data" value=""/>
    <property name="java.vendor.url" value="https://icedtea.classpath.org"/>
    <property name="user.timezone" value=""/>
    <property name="java.vm.specification.version" value="1.8"/>
    <property name="os.name" value="Linux"/>
    <property name="test.build.data" value="/workdir/hadoop-ozone/ozonefs/target/test-dir"/>
    <property name="user.country" value="US"/>
    <property name="sun.java.launcher" value="SUN_STANDARD"/>
    <property name="sun.boot.library.path" value="/usr/lib/jvm/java-1.8-openjdk/jre/lib/amd64"/>
    <property name="sun.java.command" value="/workdir/hadoop-ozone/ozonefs/target/surefire/surefirebooter1664404969202703048.jar /workdir/hadoop-ozone/ozonefs/target/surefire 2019-09-26T11-49-28_115-jvmRun1 surefire359786469956558417tmp surefire_918964500401724501472tmp"/>
    <property name="test" value="!TestMiniChaosOzoneCluster"/>
    <property name="surefire.test.class.path" value="/workdir/hadoop-ozone/ozonefs/target/test-classes:/workdir/hadoop-ozone/ozonefs/target/classes:/home/user/.m2/repository/org/apache/hadoop/hadoop-common/3.2.0/hadoop-common-3.2.0.jar:/home/user/.m2/repository/org/apache/hadoop/hadoop-annotations/3.2.0/hadoop-annotations-3.2.0.jar:/usr/lib/jvm/java-1.8-openjdk/jre/../lib/tools.jar:/home/user/.m2/repository/com/google/guava/guava/11.0.2/guava-11.0.2.jar:/home/user/.m2/repository/commons-cli/commons-cli/1.2/commons-cli-1.2.jar:/home/user/.m2/repository/org/apache/commons/commons-math3/3.1.1/commons-math3-3.1.1.jar:/home/user/.m2/repository/org/apache/httpcomponents/httpclient/4.5.2/httpclient-4.5.2.jar:/home/user/.m2/repository/org/apache/httpcomponents/httpcore/4.4.4/httpcore-4.4.4.jar:/home/user/.m2/repository/commons-codec/commons-codec/1.11/commons-codec-1.11.jar:/home/user/.m2/repository/commons-io/commons-io/2.5/commons-io-2.5.jar:/home/user/.m2/repository/commons-net/commons-net/3.6/commons-net-3.6.jar:/home/user/.m2/repository/commons-collections/commons-collections/3.2.2/commons-collections-3.2.2.jar:/home/user/.m2/repository/javax/servlet/javax.servlet-api/3.1.0/javax.servlet-api-3.1.0.jar:/home/user/.m2/repository/org/eclipse/jetty/jetty-server/9.3.25.v20180904/jetty-server-9.3.25.v20180904.jar:/home/user/.m2/repository/org/eclipse/jetty/jetty-http/9.3.25.v20180904/jetty-http-9.3.25.v20180904.jar:/home/user/.m2/repository/org/eclipse/jetty/jetty-io/9.3.25.v20180904/jetty-io-9.3.25.v20180904.jar:/home/user/.m2/repository/org/eclipse/jetty/jetty-util/9.3.25.v20180904/jetty-util-9.3.25.v20180904.jar:/home/user/.m2/repository/org/eclipse/jetty/jetty-servlet/9.3.25.v20180904/jetty-servlet-9.3.25.v20180904.jar:/home/user/.m2/repository/org/eclipse/jetty/jetty-security/9.3.25.v20180904/jetty-security-9.3.25.v20180904.jar:/home/user/.m2/repository/org/eclipse/jetty/jetty-webapp/9.3.25.v20180904/jetty-webapp-9.3.25.v20180904.jar:/home/user/.m2/repository/org/eclipse/jetty/jetty-xml/9.3.25.v20180904/jetty-xml-9.3.25.v20180904.jar:/home/user/.m2/repository/javax/servlet/jsp/jsp-api/2.1/jsp-api-2.1.jar:/home/user/.m2/repository/com/sun/jersey/jersey-core/1.19/jersey-core-1.19.jar:/home/user/.m2/repository/javax/ws/rs/jsr311-api/1.1.1/jsr311-api-1.1.1.jar:/home/user/.m2/repository/com/sun/jersey/jersey-servlet/1.19/jersey-servlet-1.19.jar:/home/user/.m2/repository/com/sun/jersey/jersey-json/1.19/jersey-json-1.19.jar:/home/user/.m2/repository/org/codehaus/jettison/jettison/1.1/jettison-1.1.jar:/home/user/.m2/repository/com/sun/xml/bind/jaxb-impl/2.3.0.1/jaxb-impl-2.3.0.1.jar:/home/user/.m2/repository/org/codehaus/jackson/jackson-core-asl/1.9.13/jackson-core-asl-1.9.13.jar:/home/user/.m2/repository/org/codehaus/jackson/jackson-mapper-asl/1.9.13/jackson-mapper-asl-1.9.13.jar:/home/user/.m2/repository/org/codehaus/jackson/jackson-jaxrs/1.9.13/jackson-jaxrs-1.9.13.jar:/home/user/.m2/repository/org/codehaus/jackson/jackson-xc/1.9.13/jackson-xc-1.9.13.jar:/home/user/.m2/repository/com/sun/jersey/jersey-server/1.19/jersey-server-1.19.jar:/home/user/.m2/repository/commons-logging/commons-logging/1.1.3/commons-logging-1.1.3.jar:/home/user/.m2/repository/log4j/log4j/1.2.17/log4j-1.2.17.jar:/home/user/.m2/repository/commons-beanutils/commons-beanutils/1.9.4/commons-beanutils-1.9.4.jar:/home/user/.m2/repository/org/apache/commons/commons-configuration2/2.1.1/commons-configuration2-2.1.1.jar:/home/user/.m2/repository/org/apache/commons/commons-lang3/3.7/commons-lang3-3.7.jar:/home/user/.m2/repository/org/apache/commons/commons-text/1.4/commons-text-1.4.jar:/home/user/.m2/repository/org/slf4j/slf4j-api/1.7.25/slf4j-api-1.7.25.jar:/home/user/.m2/repository/org/slf4j/slf4j-log4j12/1.7.25/slf4j-log4j12-1.7.25.jar:/home/user/.m2/repository/org/apache/avro/avro/1.7.7/avro-1.7.7.jar:/home/user/.m2/repository/com/thoughtworks/paranamer/paranamer/2.3/paranamer-2.3.jar:/home/user/.m2/repository/org/xerial/snappy/snappy-java/1.0.5/snappy-java-1.0.5.jar:/home/user/.m2/repository/com/google/re2j/re2j/1.1/re2j-1.1.jar:/home/user/.m2/repository/com/google/protobuf/protobuf-java/2.5.0/protobuf-java-2.5.0.jar:/home/user/.m2/repository/com/google/code/gson/gson/2.2.4/gson-2.2.4.jar:/home/user/.m2/repository/org/apache/hadoop/hadoop-auth/3.2.0/hadoop-auth-3.2.0.jar:/home/user/.m2/repository/com/nimbusds/nimbus-jose-jwt/4.41.1/nimbus-jose-jwt-4.41.1.jar:/home/user/.m2/repository/com/github/stephenc/jcip/jcip-annotations/1.0-1/jcip-annotations-1.0-1.jar:/home/user/.m2/repository/net/minidev/json-smart/2.3/json-smart-2.3.jar:/home/user/.m2/repository/net/minidev/accessors-smart/1.2/accessors-smart-1.2.jar:/home/user/.m2/repository/org/apache/curator/curator-framework/2.12.0/curator-framework-2.12.0.jar:/home/user/.m2/repository/com/jcraft/jsch/0.1.54/jsch-0.1.54.jar:/home/user/.m2/repository/org/apache/curator/curator-client/2.12.0/curator-client-2.12.0.jar:/home/user/.m2/repository/org/apache/curator/curator-recipes/2.12.0/curator-recipes-2.12.0.jar:/home/user/.m2/repository/com/google/code/findbugs/jsr305/3.0.0/jsr305-3.0.0.jar:/home/user/.m2/repository/org/apache/htrace/htrace-core4/4.1.0-incubating/htrace-core4-4.1.0-incubating.jar:/home/user/.m2/repository/org/apache/zookeeper/zookeeper/3.4.13/zookeeper-3.4.13.jar:/home/user/.m2/repository/jline/jline/0.9.94/jline-0.9.94.jar:/home/user/.m2/repository/org/apache/yetus/audience-annotations/0.5.0/audience-annotations-0.5.0.jar:/home/user/.m2/repository/org/apache/commons/commons-compress/1.4.1/commons-compress-1.4.1.jar:/home/user/.m2/repository/org/tukaani/xz/1.0/xz-1.0.jar:/home/user/.m2/repository/org/apache/kerby/kerb-simplekdc/1.0.1/kerb-simplekdc-1.0.1.jar:/home/user/.m2/repository/org/apache/kerby/kerb-client/1.0.1/kerb-client-1.0.1.jar:/home/user/.m2/repository/org/apache/kerby/kerby-config/1.0.1/kerby-config-1.0.1.jar:/home/user/.m2/repository/org/apache/kerby/kerb-core/1.0.1/kerb-core-1.0.1.jar:/home/user/.m2/repository/org/apache/kerby/kerby-pkix/1.0.1/kerby-pkix-1.0.1.jar:/home/user/.m2/repository/org/apache/kerby/kerby-asn1/1.0.1/kerby-asn1-1.0.1.jar:/home/user/.m2/repository/org/apache/kerby/kerby-util/1.0.1/kerby-util-1.0.1.jar:/home/user/.m2/repository/org/apache/kerby/kerb-common/1.0.1/kerb-common-1.0.1.jar:/home/user/.m2/repository/org/apache/kerby/kerb-crypto/1.0.1/kerb-crypto-1.0.1.jar:/home/user/.m2/repository/org/apache/kerby/kerb-util/1.0.1/kerb-util-1.0.1.jar:/home/user/.m2/repository/org/apache/kerby/token-provider/1.0.1/token-provider-1.0.1.jar:/home/user/.m2/repository/org/apache/kerby/kerb-admin/1.0.1/kerb-admin-1.0.1.jar:/home/user/.m2/repository/org/apache/kerby/kerb-server/1.0.1/kerb-server-1.0.1.jar:/home/user/.m2/repository/org/apache/kerby/kerb-identity/1.0.1/kerb-identity-1.0.1.jar:/home/user/.m2/repository/org/apache/kerby/kerby-xdr/1.0.1/kerby-xdr-1.0.1.jar:/home/user/.m2/repository/com/fasterxml/jackson/core/jackson-databind/2.9.9/jackson-databind-2.9.9.jar:/home/user/.m2/repository/com/fasterxml/jackson/core/jackson-annotations/2.9.9/jackson-annotations-2.9.9.jar:/home/user/.m2/repository/com/fasterxml/jackson/core/jackson-core/2.9.9/jackson-core-2.9.9.jar:/home/user/.m2/repository/org/codehaus/woodstox/stax2-api/3.1.4/stax2-api-3.1.4.jar:/home/user/.m2/repository/com/fasterxml/woodstox/woodstox-core/5.0.3/woodstox-core-5.0.3.jar:/home/user/.m2/repository/dnsjava/dnsjava/2.1.7/dnsjava-2.1.7.jar:/home/user/.m2/repository/org/apache/hadoop/hadoop-hdfs/3.2.0/hadoop-hdfs-3.2.0.jar:/home/user/.m2/repository/org/eclipse/jetty/jetty-util-ajax/9.3.25.v20180904/jetty-util-ajax-9.3.25.v20180904.jar:/home/user/.m2/repository/commons-daemon/commons-daemon/1.0.13/commons-daemon-1.0.13.jar:/home/user/.m2/repository/io/netty/netty/3.10.5.Final/netty-3.10.5.Final.jar:/home/user/.m2/repository/io/netty/netty-all/4.0.52.Final/netty-all-4.0.52.Final.jar:/home/user/.m2/repository/org/fusesource/leveldbjni/leveldbjni-all/1.8/leveldbjni-all-1.8.jar:/home/user/.m2/repository/org/apache/hadoop/hadoop-hdds-common/0.5.0-SNAPSHOT/hadoop-hdds-common-0.5.0-SNAPSHOT.jar:/home/user/.m2/repository/org/apache/hadoop/hadoop-hdds-config/0.5.0-SNAPSHOT/hadoop-hdds-config-0.5.0-SNAPSHOT.jar:/home/user/.m2/repository/javax/annotation/javax.annotation-api/1.2/javax.annotation-api-1.2.jar:/home/user/.m2/repository/org/apache/ratis/ratis-server/0.4.0/ratis-server-0.4.0.jar:/home/user/.m2/repository/org/apache/ratis/ratis-thirdparty-misc/0.2.0/ratis-thirdparty-misc-0.2.0.jar:/home/user/.m2/repository/org/apache/ratis/ratis-proto/0.4.0/ratis-proto-0.4.0.jar:/home/user/.m2/repository/org/apache/ratis/ratis-common/0.4.0/ratis-common-0.4.0.jar:/home/user/.m2/repository/org/apache/ratis/ratis-client/0.4.0/ratis-client-0.4.0.jar:/home/user/.m2/repository/org/apache/ratis/ratis-metrics/0.4.0/ratis-metrics-0.4.0.jar:/home/user/.m2/repository/com/github/joshelser/dropwizard-metrics-hadoop-metrics2-reporter/0.1.2/dropwizard-metrics-hadoop-metrics2-reporter-0.1.2.jar:/home/user/.m2/repository/io/dropwizard/metrics/metrics-jvm/3.2.5/metrics-jvm-3.2.5.jar:/home/user/.m2/repository/io/dropwizard/metrics/metrics-ganglia/3.2.5/metrics-ganglia-3.2.5.jar:/home/user/.m2/repository/info/ganglia/gmetric4j/gmetric4j/1.0.7/gmetric4j-1.0.7.jar:/home/user/.m2/repository/org/apache/ratis/ratis-netty/0.4.0/ratis-netty-0.4.0.jar:/home/user/.m2/repository/org/apache/ratis/ratis-grpc/0.4.0/ratis-grpc-0.4.0.jar:/home/user/.m2/repository/org/rocksdb/rocksdbjni/6.0.1/rocksdbjni-6.0.1.jar:/home/user/.m2/repository/org/apache/logging/log4j/log4j-api/2.11.0/log4j-api-2.11.0.jar:/home/user/.m2/repository/org/apache/logging/log4j/log4j-core/2.11.0/log4j-core-2.11.0.jar:/home/user/.m2/repository/com/lmax/disruptor/3.4.2/disruptor-3.4.2.jar:/home/user/.m2/repository/org/apache/commons/commons-pool2/2.6.0/commons-pool2-2.6.0.jar:/home/user/.m2/repository/org/bouncycastle/bcpkix-jdk15on/1.60/bcpkix-jdk15on-1.60.jar:/home/user/.m2/repository/commons-validator/commons-validator/1.6/commons-validator-1.6.jar:/home/user/.m2/repository/commons-digester/commons-digester/1.8.1/commons-digester-1.8.1.jar:/home/user/.m2/repository/io/jaegertracing/jaeger-client/0.34.0/jaeger-client-0.34.0.jar:/home/user/.m2/repository/io/jaegertracing/jaeger-thrift/0.34.0/jaeger-thrift-0.34.0.jar:/home/user/.m2/repository/org/apache/thrift/libthrift/0.12.0/libthrift-0.12.0.jar:/home/user/.m2/repository/com/squareup/okhttp3/okhttp/3.9.0/okhttp-3.9.0.jar:/home/user/.m2/repository/com/squareup/okio/okio/1.13.0/okio-1.13.0.jar:/home/user/.m2/repository/io/jaegertracing/jaeger-core/0.34.0/jaeger-core-0.34.0.jar:/home/user/.m2/repository/io/jaegertracing/jaeger-tracerresolver/0.34.0/jaeger-tracerresolver-0.34.0.jar:/home/user/.m2/repository/io/opentracing/contrib/opentracing-tracerresolver/0.1.5/opentracing-tracerresolver-0.1.5.jar:/home/user/.m2/repository/io/opentracing/opentracing-util/0.31.0/opentracing-util-0.31.0.jar:/home/user/.m2/repository/io/opentracing/opentracing-api/0.31.0/opentracing-api-0.31.0.jar:/home/user/.m2/repository/io/opentracing/opentracing-noop/0.31.0/opentracing-noop-0.31.0.jar:/home/user/.m2/repository/org/yaml/snakeyaml/1.16/snakeyaml-1.16.jar:/home/user/.m2/repository/org/apache/hadoop/hadoop-hdfs-client/3.2.0/hadoop-hdfs-client-3.2.0.jar:/home/user/.m2/repository/info/picocli/picocli/3.9.6/picocli-3.9.6.jar:/home/user/.m2/repository/org/apache/hadoop/hadoop-hdds-server-scm/0.5.0-SNAPSHOT/hadoop-hdds-server-scm-0.5.0-SNAPSHOT.jar:/home/user/.m2/repository/org/apache/hadoop/hadoop-hdds-docs/0.5.0-SNAPSHOT/hadoop-hdds-docs-0.5.0-SNAPSHOT.jar:/home/user/.m2/repository/io/dropwizard/metrics/metrics-core/3.2.4/metrics-core-3.2.4.jar:/home/user/.m2/repository/org/hamcrest/hamcrest-all/1.3/hamcrest-all-1.3.jar:/home/user/.m2/repository/org/bouncycastle/bcprov-jdk15on/1.60/bcprov-jdk15on-1.60.jar:/home/user/.m2/repository/org/apache/hadoop/hadoop-hdds-server-framework/0.5.0-SNAPSHOT/hadoop-hdds-server-framework-0.5.0-SNAPSHOT.jar:/home/user/.m2/repository/org/apache/hadoop/hadoop-ozone-ozone-manager/0.5.0-SNAPSHOT/hadoop-ozone-ozone-manager-0.5.0-SNAPSHOT.jar:/home/user/.m2/repository/org/apache/hadoop/hadoop-hdds-container-service/0.5.0-SNAPSHOT/hadoop-hdds-container-service-0.5.0-SNAPSHOT.jar:/home/user/.m2/repository/org/apache/hadoop/hadoop-hdds-client/0.5.0-SNAPSHOT/hadoop-hdds-client-0.5.0-SNAPSHOT.jar:/home/user/.m2/repository/org/apache/hadoop/hadoop-ozone-common/0.5.0-SNAPSHOT/hadoop-ozone-common-0.5.0-SNAPSHOT.jar:/home/user/.m2/repository/org/apache/hadoop/hadoop-hdds-tools/0.5.0-SNAPSHOT/hadoop-hdds-tools-0.5.0-SNAPSHOT.jar:/home/user/.m2/repository/org/xerial/sqlite-jdbc/3.25.2/sqlite-jdbc-3.25.2.jar:/home/user/.m2/repository/com/google/code/findbugs/findbugs/3.0.1/findbugs-3.0.1.jar:/home/user/.m2/repository/net/jcip/jcip-annotations/1.0/jcip-annotations-1.0.jar:/home/user/.m2/repository/com/google/code/findbugs/bcel-findbugs/6.0/bcel-findbugs-6.0.jar:/home/user/.m2/repository/com/google/code/findbugs/jFormatString/2.0.1/jFormatString-2.0.1.jar:/home/user/.m2/repository/dom4j/dom4j/1.6.1/dom4j-1.6.1.jar:/home/user/.m2/repository/xml-apis/xml-apis/1.0.b2/xml-apis-1.0.b2.jar:/home/user/.m2/repository/org/ow2/asm/asm-debug-all/5.0.2/asm-debug-all-5.0.2.jar:/home/user/.m2/repository/org/ow2/asm/asm-commons/5.0.2/asm-commons-5.0.2.jar:/home/user/.m2/repository/org/ow2/asm/asm-tree/5.0.2/asm-tree-5.0.2.jar:/home/user/.m2/repository/org/ow2/asm/asm/5.0.4/asm-5.0.4.jar:/home/user/.m2/repository/commons-lang/commons-lang/2.6/commons-lang-2.6.jar:/home/user/.m2/repository/com/apple/AppleJavaExtensions/1.4/AppleJavaExtensions-1.4.jar:/home/user/.m2/repository/jaxen/jaxen/1.1.6/jaxen-1.1.6.jar:/home/user/.m2/repository/org/apache/hadoop/hadoop-common/3.2.0/hadoop-common-3.2.0-tests.jar:/home/user/.m2/repository/org/apache/hadoop/hadoop-ozone-client/0.5.0-SNAPSHOT/hadoop-ozone-client-0.5.0-SNAPSHOT.jar:/home/user/.m2/repository/org/apache/hadoop/hadoop-hdfs/3.2.0/hadoop-hdfs-3.2.0-tests.jar:/workdir/hadoop-ozone/integration-test/target/test-classes:/home/user/.m2/repository/org/apache/hadoop/hadoop-ozone-s3gateway/0.5.0-SNAPSHOT/hadoop-ozone-s3gateway-0.5.0-SNAPSHOT.jar:/home/user/.m2/repository/org/jboss/weld/servlet/weld-servlet/2.4.7.Final/weld-servlet-2.4.7.Final.jar:/home/user/.m2/repository/org/glassfish/jersey/containers/jersey-container-servlet-core/2.27/jersey-container-servlet-core-2.27.jar:/home/user/.m2/repository/org/glassfish/hk2/external/javax.inject/2.5.0-b42/javax.inject-2.5.0-b42.jar:/home/user/.m2/repository/org/glassfish/jersey/core/jersey-common/2.27/jersey-common-2.27.jar:/home/user/.m2/repository/org/glassfish/hk2/osgi-resource-locator/1.0.1/osgi-resource-locator-1.0.1.jar:/home/user/.m2/repository/javax/ws/rs/javax.ws.rs-api/2.1/javax.ws.rs-api-2.1.jar:/home/user/.m2/repository/org/glassfish/jersey/ext/cdi/jersey-cdi1x/2.27/jersey-cdi1x-2.27.jar:/home/user/.m2/repository/org/glassfish/jersey/inject/jersey-hk2/2.27/jersey-hk2-2.27.jar:/home/user/.m2/repository/org/glassfish/hk2/hk2-locator/2.5.0-b42/hk2-locator-2.5.0-b42.jar:/home/user/.m2/repository/org/javassist/javassist/3.22.0-CR2/javassist-3.22.0-CR2.jar:/home/user/.m2/repository/org/glassfish/hk2/hk2-api/2.5.0/hk2-api-2.5.0.jar:/home/user/.m2/repository/org/glassfish/hk2/external/jakarta.inject/2.5.0/jakarta.inject-2.5.0.jar:/home/user/.m2/repository/org/glassfish/hk2/hk2-utils/2.5.0/hk2-utils-2.5.0.jar:/home/user/.m2/repository/jakarta/annotation/jakarta.annotation-api/1.3.4/jakarta.annotation-api-1.3.4.jar:/home/user/.m2/repository/org/glassfish/hk2/external/aopalliance-repackaged/2.5.0/aopalliance-repackaged-2.5.0.jar:/home/user/.m2/repository/com/fasterxml/jackson/dataformat/jackson-dataformat-xml/2.9.0/jackson-dataformat-xml-2.9.0.jar:/home/user/.m2/repository/com/fasterxml/jackson/module/jackson-module-jaxb-annotations/2.9.9/jackson-module-jaxb-annotations-2.9.9.jar:/home/user/.m2/repository/javax/enterprise/cdi-api/1.2/cdi-api-1.2.jar:/home/user/.m2/repository/javax/el/javax.el-api/3.0.0/javax.el-api-3.0.0.jar:/home/user/.m2/repository/javax/interceptor/javax.interceptor-api/1.2/javax.interceptor-api-1.2.jar:/home/user/.m2/repository/javax/inject/javax.inject/1/javax.inject-1.jar:/home/user/.m2/repository/com/sun/xml/bind/jaxb-core/2.3.0.1/jaxb-core-2.3.0.1.jar:/home/user/.m2/repository/javax/xml/bind/jaxb-api/2.3.0/jaxb-api-2.3.0.jar:/home/user/.m2/repository/javax/activation/activation/1.1.1/activation-1.1.1.jar:/home/user/.m2/repository/org/apache/hadoop/hadoop-ozone-csi/0.5.0-SNAPSHOT/hadoop-ozone-csi-0.5.0-SNAPSHOT.jar:/home/user/.m2/repository/com/google/protobuf/protobuf-java-util/3.5.1/protobuf-java-util-3.5.1.jar:/home/user/.m2/repository/io/grpc/grpc-netty/1.17.1/grpc-netty-1.17.1.jar:/home/user/.m2/repository/io/grpc/grpc-core/1.17.1/grpc-core-1.17.1.jar:/home/user/.m2/repository/io/grpc/grpc-context/1.17.1/grpc-context-1.17.1.jar:/home/user/.m2/repository/com/google/errorprone/error_prone_annotations/2.2.0/error_prone_annotations-2.2.0.jar:/home/user/.m2/repository/org/codehaus/mojo/animal-sniffer-annotations/1.17/animal-sniffer-annotations-1.17.jar:/home/user/.m2/repository/io/opencensus/opencensus-api/0.17.0/opencensus-api-0.17.0.jar:/home/user/.m2/repository/io/opencensus/opencensus-contrib-grpc-metrics/0.17.0/opencensus-contrib-grpc-metrics-0.17.0.jar:/home/user/.m2/repository/io/netty/netty-codec-http2/4.1.30.Final/netty-codec-http2-4.1.30.Final.jar:/home/user/.m2/repository/io/netty/netty-codec-http/4.1.30.Final/netty-codec-http-4.1.30.Final.jar:/home/user/.m2/repository/io/netty/netty-codec/4.1.30.Final/netty-codec-4.1.30.Final.jar:/home/user/.m2/repository/io/netty/netty-handler/4.1.30.Final/netty-handler-4.1.30.Final.jar:/home/user/.m2/repository/io/netty/netty-handler-proxy/4.1.30.Final/netty-handler-proxy-4.1.30.Final.jar:/home/user/.m2/repository/io/netty/netty-codec-socks/4.1.30.Final/netty-codec-socks-4.1.30.Final.jar:/home/user/.m2/repository/io/netty/netty-transport-native-epoll/4.1.30.Final/netty-transport-native-epoll-4.1.30.Final.jar:/home/user/.m2/repository/io/netty/netty-common/4.1.30.Final/netty-common-4.1.30.Final.jar:/home/user/.m2/repository/io/netty/netty-buffer/4.1.30.Final/netty-buffer-4.1.30.Final.jar:/home/user/.m2/repository/io/netty/netty-transport/4.1.30.Final/netty-transport-4.1.30.Final.jar:/home/user/.m2/repository/io/netty/netty-resolver/4.1.30.Final/netty-resolver-4.1.30.Final.jar:/home/user/.m2/repository/io/netty/netty-transport-native-unix-common/4.1.30.Final/netty-transport-native-unix-common-4.1.30.Final.jar:/home/user/.m2/repository/io/grpc/grpc-protobuf/1.17.1/grpc-protobuf-1.17.1.jar:/home/user/.m2/repository/com/google/api/grpc/proto-google-common-protos/1.0.0/proto-google-common-protos-1.0.0.jar:/home/user/.m2/repository/io/grpc/grpc-protobuf-lite/1.17.1/grpc-protobuf-lite-1.17.1.jar:/home/user/.m2/repository/io/grpc/grpc-stub/1.17.1/grpc-stub-1.17.1.jar:/home/user/.m2/repository/org/apache/hadoop/hadoop-ozone-recon/0.5.0-SNAPSHOT/hadoop-ozone-recon-0.5.0-SNAPSHOT.jar:/home/user/.m2/repository/org/apache/hadoop/hadoop-ozone-reconcodegen/0.5.0-SNAPSHOT/hadoop-ozone-reconcodegen-0.5.0-SNAPSHOT.jar:/home/user/.m2/repository/com/google/inject/extensions/guice-multibindings/4.0/guice-multibindings-4.0.jar:/home/user/.m2/repository/com/google/inject/guice/4.0/guice-4.0.jar:/home/user/.m2/repository/aopalliance/aopalliance/1.0/aopalliance-1.0.jar:/home/user/.m2/repository/org/glassfish/jersey/containers/jersey-container-servlet/2.27/jersey-container-servlet-2.27.jar:/home/user/.m2/repository/org/glassfish/hk2/guice-bridge/2.5.0/guice-bridge-2.5.0.jar:/home/user/.m2/repository/org/glassfish/jersey/core/jersey-server/2.27/jersey-server-2.27.jar:/home/user/.m2/repository/org/glassfish/jersey/core/jersey-client/2.27/jersey-client-2.27.jar:/home/user/.m2/repository/org/glassfish/jersey/media/jersey-media-jaxb/2.27/jersey-media-jaxb-2.27.jar:/home/user/.m2/repository/javax/validation/validation-api/1.1.0.Final/validation-api-1.1.0.Final.jar:/home/user/.m2/repository/org/glassfish/jersey/media/jersey-media-json-jackson/2.27/jersey-media-json-jackson-2.27.jar:/home/user/.m2/repository/org/glassfish/jersey/ext/jersey-entity-filtering/2.27/jersey-entity-filtering-2.27.jar:/home/user/.m2/repository/com/google/inject/extensions/guice-assistedinject/4.0/guice-assistedinject-4.0.jar:/home/user/.m2/repository/org/jooq/jooq/3.11.10/jooq-3.11.10.jar:/home/user/.m2/repository/org/jooq/jooq-meta/3.11.10/jooq-meta-3.11.10.jar:/home/user/.m2/repository/org/jooq/jooq-codegen/3.11.10/jooq-codegen-3.11.10.jar:/home/user/.m2/repository/com/jolbox/bonecp/0.8.0.RELEASE/bonecp-0.8.0.RELEASE.jar:/home/user/.m2/repository/org/springframework/spring-jdbc/5.1.3.RELEASE/spring-jdbc-5.1.3.RELEASE.jar:/home/user/.m2/repository/org/springframework/spring-beans/5.1.3.RELEASE/spring-beans-5.1.3.RELEASE.jar:/home/user/.m2/repository/org/springframework/spring-core/5.1.3.RELEASE/spring-core-5.1.3.RELEASE.jar:/home/user/.m2/repository/org/springframework/spring-jcl/5.1.3.RELEASE/spring-jcl-5.1.3.RELEASE.jar:/home/user/.m2/repository/org/springframework/spring-tx/5.1.3.RELEASE/spring-tx-5.1.3.RELEASE.jar:/home/user/.m2/repository/org/mockito/mockito-all/1.10.19/mockito-all-1.10.19.jar:/home/user/.m2/repository/junit/junit/4.11/junit-4.11.jar:/home/user/.m2/repository/org/hamcrest/hamcrest-core/1.3/hamcrest-core-1.3.jar:/home/user/.m2/repository/org/apache/hadoop/hadoop-distcp/3.2.0/hadoop-distcp-3.2.0.jar:/home/user/.m2/repository/org/apache/hadoop/hadoop-distcp/3.2.0/hadoop-distcp-3.2.0-tests.jar:/home/user/.m2/repository/org/apache/hadoop/hadoop-mapreduce-client-jobclient/3.2.0/hadoop-mapreduce-client-jobclient-3.2.0.jar:/home/user/.m2/repository/org/apache/hadoop/hadoop-mapreduce-client-common/3.2.0/hadoop-mapreduce-client-common-3.2.0.jar:/home/user/.m2/repository/org/apache/hadoop/hadoop-yarn-common/3.2.0/hadoop-yarn-common-3.2.0.jar:/home/user/.m2/repository/org/apache/hadoop/hadoop-yarn-api/3.2.0/hadoop-yarn-api-3.2.0.jar:/home/user/.m2/repository/com/sun/jersey/jersey-client/1.19/jersey-client-1.19.jar:/home/user/.m2/repository/com/sun/jersey/contribs/jersey-guice/1.19/jersey-guice-1.19.jar:/home/user/.m2/repository/com/fasterxml/jackson/jaxrs/jackson-jaxrs-json-provider/2.9.9/jackson-jaxrs-json-provider-2.9.9.jar:/home/user/.m2/repository/com/fasterxml/jackson/jaxrs/jackson-jaxrs-base/2.9.9/jackson-jaxrs-base-2.9.9.jar:/home/user/.m2/repository/org/apache/hadoop/hadoop-yarn-client/3.2.0/hadoop-yarn-client-3.2.0.jar:/home/user/.m2/repository/org/apache/hadoop/hadoop-mapreduce-client-core/3.2.0/hadoop-mapreduce-client-core-3.2.0.jar:/home/user/.m2/repository/com/google/inject/extensions/guice-servlet/4.0/guice-servlet-4.0.jar:/home/user/.m2/repository/org/powermock/powermock-module-junit4/1.6.5/powermock-module-junit4-1.6.5.jar:/home/user/.m2/repository/org/powermock/powermock-module-junit4-common/1.6.5/powermock-module-junit4-common-1.6.5.jar:/home/user/.m2/repository/org/powermock/powermock-core/1.6.5/powermock-core-1.6.5.jar:/home/user/.m2/repository/org/powermock/powermock-reflect/1.6.5/powermock-reflect-1.6.5.jar:/home/user/.m2/repository/org/powermock/powermock-api-mockito/1.6.5/powermock-api-mockito-1.6.5.jar:/home/user/.m2/repository/org/mockito/mockito-core/1.10.19/mockito-core-1.10.19.jar:/home/user/.m2/repository/org/objenesis/objenesis/1.0/objenesis-1.0.jar:/home/user/.m2/repository/org/powermock/powermock-api-mockito-common/1.6.5/powermock-api-mockito-common-1.6.5.jar:/home/user/.m2/repository/org/powermock/powermock-api-support/1.6.5/powermock-api-support-1.6.5.jar:"/>
    <property name="sun.cpu.endian" value="little"/>
    <property name="user.home" value="/home/user"/>
    <property name="user.language" value="en"/>
    <property name="java.specification.vendor" value="Oracle Corporation"/>
    <property name="java.home" value="/usr/lib/jvm/java-1.8-openjdk/jre"/>
    <property name="java.security.krb5.conf" value="/workdir/hadoop-ozone/ozonefs/target/test-classes/krb5.conf"/>
    <property name="basedir" value="/workdir/hadoop-ozone/ozonefs"/>
    <property name="file.separator" value="/"/>
    <property name="line.separator" value="&#10;"/>
    <property name="java.vm.specification.vendor" value="Oracle Corporation"/>
    <property name="java.specification.name" value="Java Platform API Specification"/>
    <property name="java.awt.graphicsenv" value="sun.awt.X11GraphicsEnvironment"/>
    <property name="surefire.real.class.path" value="/workdir/hadoop-ozone/ozonefs/target/surefire/surefirebooter1664404969202703048.jar"/>
    <property name="hadoop.log.dir" value="/workdir/hadoop-ozone/ozonefs/target/log"/>
    <property name="sun.boot.class.path" value="/usr/lib/jvm/java-1.8-openjdk/jre/lib/resources.jar:/usr/lib/jvm/java-1.8-openjdk/jre/lib/rt.jar:/usr/lib/jvm/java-1.8-openjdk/jre/lib/sunrsasign.jar:/usr/lib/jvm/java-1.8-openjdk/jre/lib/jsse.jar:/usr/lib/jvm/java-1.8-openjdk/jre/lib/jce.jar:/usr/lib/jvm/java-1.8-openjdk/jre/lib/charsets.jar:/usr/lib/jvm/java-1.8-openjdk/jre/lib/jfr.jar:/usr/lib/jvm/java-1.8-openjdk/jre/classes"/>
    <property name="sun.management.compiler" value="HotSpot 64-Bit Tiered Compilers"/>
    <property name="java.runtime.version" value="1.8.0_212-b04"/>
    <property name="java.net.preferIPv4Stack" value="true"/>
    <property name="user.name" value="jenkins1000"/>
    <property name="path.separator" value=":"/>
    <property name="java.security.egd" value="file:///dev/urandom"/>
    <property name="os.version" value="3.10.0-957.12.2.el7.x86_64"/>
    <property name="java.endorsed.dirs" value="/usr/lib/jvm/java-1.8-openjdk/jre/lib/endorsed"/>
    <property name="java.runtime.name" value="OpenJDK Runtime Environment"/>
    <property name="file.encoding" value="UTF-8"/>
    <property name="java.vm.name" value="OpenJDK 64-Bit Server VM"/>
    <property name="test.build.webapps" value=""/>
    <property name="localRepository" value="/home/user/.m2/repository"/>
    <property name="java.vendor.url.bug" value="https://icedtea.classpath.org/bugzilla"/>
    <property name="java.io.tmpdir" value="/tmp"/>
    <property name="require.test.libhadoop" value=""/>
    <property name="java.version" value="1.8.0_212"/>
    <property name="user.dir" value="/workdir/hadoop-ozone/ozonefs"/>
    <property name="os.arch" value="amd64"/>
    <property name="java.vm.specification.name" value="Java Virtual Machine Specification"/>
    <property name="test.build.classes" value="/workdir/hadoop-ozone/ozonefs/target/test-classes"/>
    <property name="java.awt.printerjob" value="sun.print.PSPrinterJob"/>
    <property name="sun.os.patch.level" value="unknown"/>
    <property name="hadoop.tmp.dir" value="/workdir/hadoop-ozone/ozonefs/target/tmp"/>
    <property name="java.library.path" value="/usr/lib/jvm/java-1.8-openjdk/jre/lib/amd64/server:/usr/lib/jvm/java-1.8-openjdk/jre/lib/amd64:/usr/lib/jvm/java-1.8-openjdk/jre/../lib/amd64:/workdir/hadoop-ozone/ozonefs/target/native/target/usr/local/lib:/workdir/hadoop-ozone/ozonefs/../../hadoop-common-project/hadoop-common/target/native/target/usr/local/lib:/usr/java/packages/lib/amd64:/usr/lib64:/lib64:/lib:/usr/lib"/>
    <property name="java.vm.info" value="mixed mode"/>
    <property name="java.vendor" value="IcedTea"/>
    <property name="java.vm.version" value="25.212-b04"/>
    <property name="java.ext.dirs" value="/usr/lib/jvm/java-1.8-openjdk/jre/lib/ext:/usr/java/packages/lib/ext"/>
    <property name="sun.io.unicode.encoding" value="UnicodeLittle"/>
    <property name="java.class.version" value="52.0"/>
  </properties>
  <testcase name="testOzoneManagerFileSystemInterface[0]" classname="org.apache.hadoop.fs.ozone.TestOzoneFileInterfaces" time="21.183"/>
  <testcase name="testListStatus[0]" classname="org.apache.hadoop.fs.ozone.TestOzoneFileInterfaces" time="16.867"/>
  <testcase name="testDirectory[0]" classname="org.apache.hadoop.fs.ozone.TestOzoneFileInterfaces" time="15.727"/>
  <testcase name="testPathToKey[0]" classname="org.apache.hadoop.fs.ozone.TestOzoneFileInterfaces" time="16.744"/>
  <testcase name="testFileSystemInit[0]" classname="org.apache.hadoop.fs.ozone.TestOzoneFileInterfaces" time="16.787"/>
  <testcase name="testOzFsReadWrite[0]" classname="org.apache.hadoop.fs.ozone.TestOzoneFileInterfaces" time="16.779">
    <error message="Allocated 0 blocks. Requested 1 blocks" type="INTERNAL_ERROR org.apache.hadoop.ozone.om.exceptions.OMException">INTERNAL_ERROR org.apache.hadoop.ozone.om.exceptions.OMException: Allocated 0 blocks. Requested 1 blocks
	at org.apache.hadoop.ozone.om.protocolPB.OzoneManagerProtocolClientSideTranslatorPB.handleError(OzoneManagerProtocolClientSideTranslatorPB.java:732)
	at org.apache.hadoop.ozone.om.protocolPB.OzoneManagerProtocolClientSideTranslatorPB.createFile(OzoneManagerProtocolClientSideTranslatorPB.java:1536)
	at sun.reflect.NativeMethodAccessorImpl.invoke0(Native Method)
	at sun.reflect.NativeMethodAccessorImpl.invoke(NativeMethodAccessorImpl.java:62)
	at sun.reflect.DelegatingMethodAccessorImpl.invoke(DelegatingMethodAccessorImpl.java:43)
	at java.lang.reflect.Method.invoke(Method.java:498)
	at org.apache.hadoop.hdds.tracing.TraceAllMethod.invoke(TraceAllMethod.java:66)
	at com.sun.proxy.$Proxy39.createFile(Unknown Source)
	at org.apache.hadoop.ozone.client.rpc.RpcClient.createFile(RpcClient.java:1006)
	at org.apache.hadoop.ozone.client.OzoneBucket.createFile(OzoneBucket.java:537)
	at org.apache.hadoop.fs.ozone.BasicOzoneClientAdapterImpl.createFile(BasicOzoneClientAdapterImpl.java:205)
	at org.apache.hadoop.fs.ozone.BasicOzoneFileSystem.createOutputStream(BasicOzoneFileSystem.java:250)
	at org.apache.hadoop.fs.ozone.BasicOzoneFileSystem.create(BasicOzoneFileSystem.java:231)
	at org.apache.hadoop.fs.FileSystem.create(FileSystem.java:1118)
	at org.apache.hadoop.fs.FileSystem.create(FileSystem.java:1098)
	at org.apache.hadoop.fs.FileSystem.create(FileSystem.java:987)
	at org.apache.hadoop.fs.FileSystem.create(FileSystem.java:975)
	at org.apache.hadoop.fs.ozone.TestOzoneFileInterfaces.testOzFsReadWrite(TestOzoneFileInterfaces.java:169)
	at sun.reflect.NativeMethodAccessorImpl.invoke0(Native Method)
	at sun.reflect.NativeMethodAccessorImpl.invoke(NativeMethodAccessorImpl.java:62)
	at sun.reflect.DelegatingMethodAccessorImpl.invoke(DelegatingMethodAccessorImpl.java:43)
	at java.lang.reflect.Method.invoke(Method.java:498)
	at org.junit.runners.model.FrameworkMethod$1.runReflectiveCall(FrameworkMethod.java:47)
	at org.junit.internal.runners.model.ReflectiveCallable.run(ReflectiveCallable.java:12)
	at org.junit.runners.model.FrameworkMethod.invokeExplosively(FrameworkMethod.java:44)
	at org.junit.internal.runners.statements.InvokeMethod.evaluate(InvokeMethod.java:17)
	at org.junit.internal.runners.statements.RunBefores.evaluate(RunBefores.java:26)
	at org.junit.internal.runners.statements.RunAfters.evaluate(RunAfters.java:27)
	at org.junit.runners.ParentRunner.runLeaf(ParentRunner.java:271)
	at org.junit.runners.BlockJUnit4ClassRunner.runChild(BlockJUnit4ClassRunner.java:70)
	at org.junit.runners.BlockJUnit4ClassRunner.runChild(BlockJUnit4ClassRunner.java:50)
	at org.junit.runners.ParentRunner$3.run(ParentRunner.java:238)
	at org.junit.runners.ParentRunner$1.schedule(ParentRunner.java:63)
	at org.junit.runners.ParentRunner.runChildren(ParentRunner.java:236)
	at org.junit.runners.ParentRunner.access$000(ParentRunner.java:53)
	at org.junit.runners.ParentRunner$2.evaluate(ParentRunner.java:229)
	at org.junit.runners.ParentRunner.run(ParentRunner.java:309)
	at org.junit.runners.Suite.runChild(Suite.java:127)
	at org.junit.runners.Suite.runChild(Suite.java:26)
	at org.junit.runners.ParentRunner$3.run(ParentRunner.java:238)
	at org.junit.runners.ParentRunner$1.schedule(ParentRunner.java:63)
	at org.junit.runners.ParentRunner.runChildren(ParentRunner.java:236)
	at org.junit.runners.ParentRunner.access$000(ParentRunner.java:53)
	at org.junit.runners.ParentRunner$2.evaluate(ParentRunner.java:229)
	at org.junit.runners.ParentRunner.run(ParentRunner.java:309)
	at org.apache.maven.surefire.junit4.JUnit4Provider.execute(JUnit4Provider.java:365)
	at org.apache.maven.surefire.junit4.JUnit4Provider.executeWithRerun(JUnit4Provider.java:273)
	at org.apache.maven.surefire.junit4.JUnit4Provider.executeTestSet(JUnit4Provider.java:238)
	at org.apache.maven.surefire.junit4.JUnit4Provider.invoke(JUnit4Provider.java:159)
	at org.apache.maven.surefire.booter.ForkedBooter.invokeProviderInSameClassLoader(ForkedBooter.java:384)
	at org.apache.maven.surefire.booter.ForkedBooter.runSuitesInProcess(ForkedBooter.java:345)
	at org.apache.maven.surefire.booter.ForkedBooter.execute(ForkedBooter.java:126)
	at org.apache.maven.surefire.booter.ForkedBooter.main(ForkedBooter.java:418)
</error>
    <system-out><![CDATA[2019-09-26 13:21:14,604 [main] WARN  server.ServerUtils (ServerUtils.java:getScmDbDir(145)) - ozone.scm.db.dirs is not configured. We recommend adding this setting. Falling back to ozone.metadata.dirs instead.
2019-09-26 13:21:14,630 [main] WARN  server.ServerUtils (ServerUtils.java:getScmDbDir(145)) - ozone.scm.db.dirs is not configured. We recommend adding this setting. Falling back to ozone.metadata.dirs instead.
2019-09-26 13:21:14,631 [main] WARN  server.ServerUtils (ServerUtils.java:getScmDbDir(145)) - ozone.scm.db.dirs is not configured. We recommend adding this setting. Falling back to ozone.metadata.dirs instead.
2019-09-26 13:21:14,631 [main] INFO  db.DBStoreBuilder (DBStoreBuilder.java:addTable(110)) - using custom profile for table: deletedBlocks
2019-09-26 13:21:14,631 [main] INFO  db.DBStoreBuilder (DBStoreBuilder.java:processTables(161)) - Using default column profile:DBProfile.DISK for Table:deletedBlocks
2019-09-26 13:21:14,632 [main] INFO  db.DBStoreBuilder (DBStoreBuilder.java:addTable(110)) - using custom profile for table: validCerts
2019-09-26 13:21:14,632 [main] INFO  db.DBStoreBuilder (DBStoreBuilder.java:processTables(161)) - Using default column profile:DBProfile.DISK for Table:validCerts
2019-09-26 13:21:14,632 [main] INFO  db.DBStoreBuilder (DBStoreBuilder.java:addTable(110)) - using custom profile for table: revokedCerts
2019-09-26 13:21:14,632 [main] INFO  db.DBStoreBuilder (DBStoreBuilder.java:processTables(161)) - Using default column profile:DBProfile.DISK for Table:revokedCerts
2019-09-26 13:21:14,632 [main] INFO  db.DBStoreBuilder (DBStoreBuilder.java:addTable(110)) - using custom profile for table: default
2019-09-26 13:21:14,632 [main] INFO  db.DBStoreBuilder (DBStoreBuilder.java:processTables(167)) - Using default column profile:DBProfile.DISK for Table:default
2019-09-26 13:21:14,633 [main] INFO  db.DBStoreBuilder (DBStoreBuilder.java:getDbProfile(198)) - Using default options. DBProfile.DISK
2019-09-26 13:21:14,765 [main] INFO  net.NodeSchemaLoader (NodeSchemaLoader.java:loadSchemaFromFile(125)) - Loading file from sun.misc.CompoundEnumeration@111c229c
2019-09-26 13:21:14,765 [main] INFO  net.NodeSchemaLoader (NodeSchemaLoader.java:loadSchema(171)) - Loading network topology layer schema file
2019-09-26 13:21:14,771 [main] WARN  server.ServerUtils (ServerUtils.java:sanitizeUserArgs(70)) - ozone.scm.stale.node.interval value = 300000 is larger than max = 100000 based on the key value of ozone.scm.heartbeat.thread.interval, reset to the max value 100000.
2019-09-26 13:21:14,771 [main] WARN  server.ServerUtils (ServerUtils.java:sanitizeUserArgs(70)) - ozone.scm.stale.node.interval value = 300000 is larger than max = 100000 based on the key value of ozone.scm.heartbeat.thread.interval, reset to the max value 100000.
2019-09-26 13:21:14,771 [main] INFO  node.SCMNodeManager (SCMNodeManager.java:<init>(114)) - Entering startup safe mode.
2019-09-26 13:21:14,772 [main] INFO  algorithms.ContainerPlacementPolicyFactory (ContainerPlacementPolicyFactory.java:getPolicy(59)) - Create container placement policy of type org.apache.hadoop.hdds.scm.container.placement.algorithms.SCMContainerPlacementRandom
2019-09-26 13:21:14,772 [main] WARN  server.ServerUtils (ServerUtils.java:getScmDbDir(145)) - ozone.scm.db.dirs is not configured. We recommend adding this setting. Falling back to ozone.metadata.dirs instead.
2019-09-26 13:21:14,794 [main] INFO  pipeline.SCMPipelineManager (SCMPipelineManager.java:initializePipelineState(132)) - No pipeline exists in current db
2019-09-26 13:21:14,794 [main] WARN  server.ServerUtils (ServerUtils.java:getScmDbDir(145)) - ozone.scm.db.dirs is not configured. We recommend adding this setting. Falling back to ozone.metadata.dirs instead.
2019-09-26 13:21:14,845 [main] WARN  events.EventQueue (EventQueue.java:fireEvent(183)) - No event handler registered for event TypedEvent{payloadType=SafeModeStatus, name='SafeModeStatus'}
2019-09-26 13:21:14,846 [main] INFO  ipc.CallQueueManager (CallQueueManager.java:<init>(84)) - Using callQueue: class java.util.concurrent.LinkedBlockingQueue, queueCapacity: 2000, scheduler: class org.apache.hadoop.ipc.DefaultRpcScheduler, ipcBackoff: false.
2019-09-26 13:21:14,848 [Socket Reader #1 for port 32922] INFO  ipc.Server (Server.java:run(1074)) - Starting Socket Reader #1 for port 32922
2019-09-26 13:21:14,850 [main] INFO  ipc.CallQueueManager (CallQueueManager.java:<init>(84)) - Using callQueue: class java.util.concurrent.LinkedBlockingQueue, queueCapacity: 2000, scheduler: class org.apache.hadoop.ipc.DefaultRpcScheduler, ipcBackoff: false.
2019-09-26 13:21:14,851 [Socket Reader #1 for port 36087] INFO  ipc.Server (Server.java:run(1074)) - Starting Socket Reader #1 for port 36087
2019-09-26 13:21:14,854 [main] INFO  ipc.CallQueueManager (CallQueueManager.java:<init>(84)) - Using callQueue: class java.util.concurrent.LinkedBlockingQueue, queueCapacity: 2000, scheduler: class org.apache.hadoop.ipc.DefaultRpcScheduler, ipcBackoff: false.
2019-09-26 13:21:14,855 [Socket Reader #1 for port 46358] INFO  ipc.Server (Server.java:run(1074)) - Starting Socket Reader #1 for port 46358
2019-09-26 13:21:14,862 [main] INFO  hdfs.DFSUtil (DFSUtil.java:httpServerTemplateForNNAndJN(1641)) - Starting Web-server for scm at: http://0.0.0.0:0
2019-09-26 13:21:14,865 [main] INFO  server.AuthenticationFilter (AuthenticationFilter.java:constructSecretProvider(240)) - Unable to initialize FileSignerSecretProvider, falling back to use random secrets.
2019-09-26 13:21:14,866 [main] WARN  http.HttpRequestLog (HttpRequestLog.java:getRequestLog(97)) - Jetty request log can only be enabled using Log4j
2019-09-26 13:21:14,870 [main] INFO  http.HttpServer2 (HttpServer2.java:addGlobalFilter(975)) - Added global filter 'safety' (class=org.apache.hadoop.http.HttpServer2$QuotingInputFilter)
2019-09-26 13:21:14,871 [main] INFO  http.HttpServer2 (HttpServer2.java:addFilter(948)) - Added filter static_user_filter (class=org.apache.hadoop.http.lib.StaticUserWebFilter$StaticUserFilter) to context scm
2019-09-26 13:21:14,871 [main] INFO  http.HttpServer2 (HttpServer2.java:addFilter(958)) - Added filter static_user_filter (class=org.apache.hadoop.http.lib.StaticUserWebFilter$StaticUserFilter) to context static
2019-09-26 13:21:14,872 [main] INFO  http.HttpServer2 (HttpServer2.java:addFilter(958)) - Added filter static_user_filter (class=org.apache.hadoop.http.lib.StaticUserWebFilter$StaticUserFilter) to context logs
2019-09-26 13:21:14,874 [main] INFO  server.StorageContainerManager (StorageContainerManager.java:start(770)) - StorageContainerLocationProtocol RPC server is listening at /0.0.0.0:46358
2019-09-26 13:21:14,877 [main] WARN  impl.MetricsConfig (MetricsConfig.java:loadFirst(134)) - Cannot locate configuration: tried hadoop-metrics2-storagecontainermanager.properties,hadoop-metrics2.properties
2019-09-26 13:21:14,878 [main] INFO  impl.MetricsSystemImpl (MetricsSystemImpl.java:startTimer(374)) - Scheduled Metric snapshot period at 10 second(s).
2019-09-26 13:21:14,879 [main] INFO  impl.MetricsSystemImpl (MetricsSystemImpl.java:start(191)) - StorageContainerManager metrics system started
2019-09-26 13:21:14,928 [main] WARN  impl.MetricsSystemImpl (MetricsSystemImpl.java:register(276)) - Sink prometheus already exists!
2019-09-26 13:21:15,005 [main] INFO  server.SCMClientProtocolServer (SCMClientProtocolServer.java:start(151)) - RPC server for Client  is listening at /0.0.0.0:46358
2019-09-26 13:21:15,006 [IPC Server Responder] INFO  ipc.Server (Server.java:run(1314)) - IPC Server Responder: starting
2019-09-26 13:21:15,006 [IPC Server listener on 46358] INFO  ipc.Server (Server.java:run(1153)) - IPC Server listener on 46358: starting
2019-09-26 13:21:15,010 [main] INFO  server.StorageContainerManager (StorageContainerManager.java:start(780)) - ScmBlockLocationProtocol RPC server is listening at /0.0.0.0:36087
2019-09-26 13:21:15,010 [main] INFO  server.SCMBlockProtocolServer (SCMBlockProtocolServer.java:start(146)) - RPC server for Block Protocol is listening at /0.0.0.0:36087
2019-09-26 13:21:15,010 [IPC Server Responder] INFO  ipc.Server (Server.java:run(1314)) - IPC Server Responder: starting
2019-09-26 13:21:15,010 [IPC Server listener on 36087] INFO  ipc.Server (Server.java:run(1153)) - IPC Server listener on 36087: starting
2019-09-26 13:21:15,014 [main] INFO  server.StorageContainerManager (StorageContainerManager.java:start(784)) - ScmDatanodeProtocl RPC server is listening at /0.0.0.0:32922
2019-09-26 13:21:15,014 [main] INFO  server.SCMDatanodeProtocolServer (SCMDatanodeProtocolServer.java:start(191)) - RPC server for DataNodes is listening at /0.0.0.0:32922
2019-09-26 13:21:15,014 [IPC Server Responder] INFO  ipc.Server (Server.java:run(1314)) - IPC Server Responder: starting
2019-09-26 13:21:15,017 [IPC Server listener on 32922] INFO  ipc.Server (Server.java:run(1153)) - IPC Server listener on 32922: starting
2019-09-26 13:21:15,021 [main] INFO  http.HttpServer2 (HttpServer2.java:bindListener(1191)) - Jetty bound to port 35652
2019-09-26 13:21:15,022 [main] INFO  server.Server (Server.java:doStart(351)) - jetty-9.3.25.v20180904, build timestamp: 2018-09-04T21:11:46Z, git hash: 3ce520221d0240229c862b122d2b06c12a625732
2019-09-26 13:21:15,024 [main] INFO  handler.ContextHandler (ContextHandler.java:doStart(781)) - Started o.e.j.s.ServletContextHandler@20440c6c{/logs,file:///workdir/hadoop-ozone/ozonefs/target/log,AVAILABLE}
2019-09-26 13:21:15,024 [main] INFO  handler.ContextHandler (ContextHandler.java:doStart(781)) - Started o.e.j.s.ServletContextHandler@560271a1{/static,jar:file:/home/user/.m2/repository/org/apache/hadoop/hadoop-hdds-server-scm/0.5.0-SNAPSHOT/hadoop-hdds-server-scm-0.5.0-SNAPSHOT.jar!/webapps/static,AVAILABLE}
2019-09-26 13:21:15,064 [main] INFO  handler.ContextHandler (ContextHandler.java:doStart(781)) - Started o.e.j.w.WebAppContext@67acfde9{/,file:///tmp/jetty-0.0.0.0-35652-scm-_-any-5384641131426361371.dir/webapp/,AVAILABLE}{/scm}
2019-09-26 13:21:15,065 [main] INFO  server.AbstractConnector (AbstractConnector.java:doStart(278)) - Started ServerConnector@3b088163{HTTP/1.1,[http/1.1]}{0.0.0.0:35652}
2019-09-26 13:21:15,066 [main] INFO  server.Server (Server.java:doStart(419)) - Started @88233ms
2019-09-26 13:21:15,067 [main] WARN  impl.MetricsSystemImpl (MetricsSystemImpl.java:register(276)) - Sink prometheus already exists!
2019-09-26 13:21:15,067 [main] INFO  server.BaseHttpServer (BaseHttpServer.java:updateConnectorAddress(215)) - HTTP server of SCM is listening at http://0.0.0.0:35652
2019-09-26 13:21:15,070 [main] WARN  server.ServerUtils (ServerUtils.java:getDBPath(222)) - ozone.om.db.dirs is not configured. We recommend adding this setting. Falling back to ozone.metadata.dirs instead.
2019-09-26 13:21:15,070 [org.apache.hadoop.util.JvmPauseMonitor$Monitor@611d0763] INFO  util.JvmPauseMonitor (JvmPauseMonitor.java:run(188)) - Starting JVM pause monitor
2019-09-26 13:21:15,083 [main] WARN  server.ServerUtils (ServerUtils.java:getDBPath(222)) - ozone.om.db.dirs is not configured. We recommend adding this setting. Falling back to ozone.metadata.dirs instead.
2019-09-26 13:21:15,084 [main] WARN  server.ServerUtils (ServerUtils.java:getDBPath(222)) - ozone.om.db.dirs is not configured. We recommend adding this setting. Falling back to ozone.metadata.dirs instead.
2019-09-26 13:21:15,084 [main] INFO  om.OzoneManager (OzoneManager.java:setOMNodeDetails(652)) - OM Service ID is not set. Setting it to the default ID: omServiceIdDefault
2019-09-26 13:21:15,085 [main] INFO  om.OzoneManager (OzoneManager.java:setOMNodeDetails(658)) - OM Node ID is not set. Setting it to the OmStorage's OmID: 054eeb26-5c23-4455-b2a2-8ecd8d0547da
2019-09-26 13:21:15,085 [main] INFO  om.OzoneManager (OzoneManager.java:loadOMHAConfigs(609)) - Found matching OM address with OMServiceId: null, OMNodeId: null, RPC Address: localhost:0 and Ratis port: 9872
2019-09-26 13:21:15,102 [main] WARN  server.ServerUtils (ServerUtils.java:getDBPath(222)) - ozone.om.db.dirs is not configured. We recommend adding this setting. Falling back to ozone.metadata.dirs instead.
2019-09-26 13:21:15,103 [main] INFO  db.DBStoreBuilder (DBStoreBuilder.java:addTable(110)) - using custom profile for table: userTable
2019-09-26 13:21:15,103 [main] INFO  db.DBStoreBuilder (DBStoreBuilder.java:processTables(161)) - Using default column profile:DBProfile.DISK for Table:userTable
2019-09-26 13:21:15,104 [main] INFO  db.DBStoreBuilder (DBStoreBuilder.java:addTable(110)) - using custom profile for table: volumeTable
2019-09-26 13:21:15,104 [main] INFO  db.DBStoreBuilder (DBStoreBuilder.java:processTables(161)) - Using default column profile:DBProfile.DISK for Table:volumeTable
2019-09-26 13:21:15,104 [main] INFO  db.DBStoreBuilder (DBStoreBuilder.java:addTable(110)) - using custom profile for table: bucketTable
2019-09-26 13:21:15,104 [main] INFO  db.DBStoreBuilder (DBStoreBuilder.java:processTables(161)) - Using default column profile:DBProfile.DISK for Table:bucketTable
2019-09-26 13:21:15,105 [main] INFO  db.DBStoreBuilder (DBStoreBuilder.java:addTable(110)) - using custom profile for table: keyTable
2019-09-26 13:21:15,105 [main] INFO  db.DBStoreBuilder (DBStoreBuilder.java:processTables(161)) - Using default column profile:DBProfile.DISK for Table:keyTable
2019-09-26 13:21:15,105 [main] INFO  db.DBStoreBuilder (DBStoreBuilder.java:addTable(110)) - using custom profile for table: deletedTable
2019-09-26 13:21:15,105 [main] INFO  db.DBStoreBuilder (DBStoreBuilder.java:processTables(161)) - Using default column profile:DBProfile.DISK for Table:deletedTable
2019-09-26 13:21:15,106 [main] INFO  db.DBStoreBuilder (DBStoreBuilder.java:addTable(110)) - using custom profile for table: openKeyTable
2019-09-26 13:21:15,106 [main] INFO  db.DBStoreBuilder (DBStoreBuilder.java:processTables(161)) - Using default column profile:DBProfile.DISK for Table:openKeyTable
2019-09-26 13:21:15,106 [main] INFO  db.DBStoreBuilder (DBStoreBuilder.java:addTable(110)) - using custom profile for table: s3Table
2019-09-26 13:21:15,106 [main] INFO  db.DBStoreBuilder (DBStoreBuilder.java:processTables(161)) - Using default column profile:DBProfile.DISK for Table:s3Table
2019-09-26 13:21:15,106 [main] INFO  db.DBStoreBuilder (DBStoreBuilder.java:addTable(110)) - using custom profile for table: multipartInfoTable
2019-09-26 13:21:15,107 [main] INFO  db.DBStoreBuilder (DBStoreBuilder.java:processTables(161)) - Using default column profile:DBProfile.DISK for Table:multipartInfoTable
2019-09-26 13:21:15,107 [main] INFO  db.DBStoreBuilder (DBStoreBuilder.java:addTable(110)) - using custom profile for table: dTokenTable
2019-09-26 13:21:15,107 [main] INFO  db.DBStoreBuilder (DBStoreBuilder.java:processTables(161)) - Using default column profile:DBProfile.DISK for Table:dTokenTable
2019-09-26 13:21:15,107 [main] INFO  db.DBStoreBuilder (DBStoreBuilder.java:addTable(110)) - using custom profile for table: s3SecretTable
2019-09-26 13:21:15,108 [main] INFO  db.DBStoreBuilder (DBStoreBuilder.java:processTables(161)) - Using default column profile:DBProfile.DISK for Table:s3SecretTable
2019-09-26 13:21:15,108 [main] INFO  db.DBStoreBuilder (DBStoreBuilder.java:addTable(110)) - using custom profile for table: prefixTable
2019-09-26 13:21:15,108 [main] INFO  db.DBStoreBuilder (DBStoreBuilder.java:processTables(161)) - Using default column profile:DBProfile.DISK for Table:prefixTable
2019-09-26 13:21:15,108 [main] INFO  db.DBStoreBuilder (DBStoreBuilder.java:addTable(110)) - using custom profile for table: default
2019-09-26 13:21:15,109 [main] INFO  db.DBStoreBuilder (DBStoreBuilder.java:processTables(167)) - Using default column profile:DBProfile.DISK for Table:default
2019-09-26 13:21:15,109 [main] INFO  db.DBStoreBuilder (DBStoreBuilder.java:getDbProfile(198)) - Using default options. DBProfile.DISK
2019-09-26 13:21:15,525 [main] INFO  ipc.CallQueueManager (CallQueueManager.java:<init>(84)) - Using callQueue: class java.util.concurrent.LinkedBlockingQueue, queueCapacity: 2000, scheduler: class org.apache.hadoop.ipc.DefaultRpcScheduler, ipcBackoff: false.
2019-09-26 13:21:15,527 [Socket Reader #1 for port 38518] INFO  ipc.Server (Server.java:run(1074)) - Starting Socket Reader #1 for port 38518
2019-09-26 13:21:15,554 [main] INFO  om.OzoneManager (OzoneManager.java:start(1243)) - OzoneManager RPC server is listening at localhost/127.0.0.1:38518
2019-09-26 13:21:15,554 [main] INFO  impl.MetricsSystemImpl (MetricsSystemImpl.java:init(158)) - OzoneManager metrics system started (again)
2019-09-26 13:21:15,555 [IPC Server Responder] INFO  ipc.Server (Server.java:run(1314)) - IPC Server Responder: starting
2019-09-26 13:21:15,555 [IPC Server listener on 38518] INFO  ipc.Server (Server.java:run(1153)) - IPC Server listener on 38518: starting
2019-09-26 13:21:15,561 [main] INFO  hdfs.DFSUtil (DFSUtil.java:httpServerTemplateForNNAndJN(1641)) - Starting Web-server for ozoneManager at: http://0.0.0.0:0
2019-09-26 13:21:15,563 [main] INFO  server.AuthenticationFilter (AuthenticationFilter.java:constructSecretProvider(240)) - Unable to initialize FileSignerSecretProvider, falling back to use random secrets.
2019-09-26 13:21:15,564 [main] WARN  http.HttpRequestLog (HttpRequestLog.java:getRequestLog(97)) - Jetty request log can only be enabled using Log4j
2019-09-26 13:21:15,566 [main] INFO  http.HttpServer2 (HttpServer2.java:addGlobalFilter(975)) - Added global filter 'safety' (class=org.apache.hadoop.http.HttpServer2$QuotingInputFilter)
2019-09-26 13:21:15,567 [main] INFO  http.HttpServer2 (HttpServer2.java:addFilter(948)) - Added filter static_user_filter (class=org.apache.hadoop.http.lib.StaticUserWebFilter$StaticUserFilter) to context ozoneManager
2019-09-26 13:21:15,567 [main] INFO  http.HttpServer2 (HttpServer2.java:addFilter(958)) - Added filter static_user_filter (class=org.apache.hadoop.http.lib.StaticUserWebFilter$StaticUserFilter) to context static
2019-09-26 13:21:15,567 [main] INFO  http.HttpServer2 (HttpServer2.java:addFilter(958)) - Added filter static_user_filter (class=org.apache.hadoop.http.lib.StaticUserWebFilter$StaticUserFilter) to context logs
2019-09-26 13:21:15,568 [main] INFO  http.HttpServer2 (HttpServer2.java:bindListener(1191)) - Jetty bound to port 39856
2019-09-26 13:21:15,568 [main] INFO  server.Server (Server.java:doStart(351)) - jetty-9.3.25.v20180904, build timestamp: 2018-09-04T21:11:46Z, git hash: 3ce520221d0240229c862b122d2b06c12a625732
2019-09-26 13:21:15,570 [main] INFO  handler.ContextHandler (ContextHandler.java:doStart(781)) - Started o.e.j.s.ServletContextHandler@496cc217{/logs,file:///workdir/hadoop-ozone/ozonefs/target/log,AVAILABLE}
2019-09-26 13:21:15,571 [main] INFO  handler.ContextHandler (ContextHandler.java:doStart(781)) - Started o.e.j.s.ServletContextHandler@1cd2ff5b{/static,jar:file:/home/user/.m2/repository/org/apache/hadoop/hadoop-ozone-ozone-manager/0.5.0-SNAPSHOT/hadoop-ozone-ozone-manager-0.5.0-SNAPSHOT.jar!/webapps/static,AVAILABLE}
2019-09-26 13:21:15,622 [main] INFO  handler.ContextHandler (ContextHandler.java:doStart(781)) - Started o.e.j.w.WebAppContext@7558633{/,file:///tmp/jetty-0.0.0.0-39856-ozoneManager-_-any-2141393224490844222.dir/webapp/,AVAILABLE}{/ozoneManager}
2019-09-26 13:21:15,622 [main] INFO  server.AbstractConnector (AbstractConnector.java:doStart(278)) - Started ServerConnector@5657967b{HTTP/1.1,[http/1.1]}{0.0.0.0:39856}
2019-09-26 13:21:15,624 [main] INFO  server.Server (Server.java:doStart(419)) - Started @88790ms
2019-09-26 13:21:15,624 [main] WARN  impl.MetricsSystemImpl (MetricsSystemImpl.java:register(276)) - Sink prometheus already exists!
2019-09-26 13:21:15,625 [main] INFO  server.BaseHttpServer (BaseHttpServer.java:updateConnectorAddress(215)) - HTTP server of OZONEMANAGER is listening at http://0.0.0.0:39856
2019-09-26 13:21:15,639 [main] INFO  impl.MetricsSystemImpl (MetricsSystemImpl.java:init(158)) - HddsDatanode metrics system started (again)
2019-09-26 13:21:15,646 [main] INFO  ozone.HddsDatanodeService (HddsDatanodeService.java:start(184)) - HddsDatanodeService host:pr-hdds-1569-87zkn-1081879488 ip:192.168.164.238
2019-09-26 13:21:15,655 [main] INFO  volume.HddsVolume (HddsVolume.java:<init>(176)) - Creating Volume: /workdir/hadoop-ozone/ozonefs/target/test-dir/MiniOzoneClusterImpl-2c717051-d98f-4757-bca5-e960ea56bcc7/datanode-0/data/containers/hdds of  storage type : DISK and capacity : 1482555576320
2019-09-26 13:21:15,656 [main] INFO  volume.VolumeSet (VolumeSet.java:initializeVolumeSet(170)) - Added Volume : /workdir/hadoop-ozone/ozonefs/target/test-dir/MiniOzoneClusterImpl-2c717051-d98f-4757-bca5-e960ea56bcc7/datanode-0/data/containers/hdds to VolumeSet
2019-09-26 13:21:15,656 [main] INFO  volume.ThrottledAsyncChecker (ThrottledAsyncChecker.java:schedule(139)) - Scheduling a check for org.apache.hadoop.ozone.container.common.volume.HddsVolume@65cc5252
2019-09-26 13:21:15,657 [main] INFO  volume.HddsVolumeChecker (HddsVolumeChecker.java:checkAllVolumes(202)) - Scheduled health check for volume org.apache.hadoop.ozone.container.common.volume.HddsVolume@65cc5252
2019-09-26 13:21:15,692 [main] INFO  impl.RaftServerProxy (ConfUtils.java:logGet(43)) - raft.rpc.type = GRPC (default)
2019-09-26 13:21:15,692 [main] INFO  grpc.GrpcFactory (GrpcFactory.java:checkPooledByteBufAllocatorUseCacheForAllThreads(45)) - PERFORMANCE WARNING: useCacheForAllThreads is true that may cause Netty to create a lot garbage objects and, as a result, trigger GC.
	It is recommended to disable useCacheForAllThreads by setting -Dorg.apache.ratis.thirdparty.io.netty.allocator.useCacheForAllThreads=false in command line.
2019-09-26 13:21:15,693 [main] INFO  grpc.GrpcConfigKeys$Server (ConfUtils.java:logGet(43)) - raft.grpc.server.port = 0 (default)
2019-09-26 13:21:15,693 [main] INFO  server.GrpcService (ConfUtils.java:logGet(43)) - raft.grpc.message.size.max = 33570816 (custom)
2019-09-26 13:21:15,693 [main] INFO  server.RaftServerConfigKeys (ConfUtils.java:logGet(43)) - raft.server.log.appender.buffer.byte-limit = 33554432 (custom)
2019-09-26 13:21:15,693 [main] INFO  server.GrpcService (ConfUtils.java:logGet(43)) - raft.grpc.flow.control.window = 1MB (=1048576) (default)
2019-09-26 13:21:15,694 [main] INFO  server.RaftServerConfigKeys (ConfUtils.java:logGet(43)) - raft.server.rpc.request.timeout = 3000ms (default)
2019-09-26 13:21:15,695 [main] INFO  server.RaftServerConfigKeys (ConfUtils.java:logGet(43)) - raft.server.storage.dir = [/workdir/hadoop-ozone/ozonefs/target/test-dir/MiniOzoneClusterImpl-2c717051-d98f-4757-bca5-e960ea56bcc7/datanode-0/data/ratis] (custom)
2019-09-26 13:21:15,698 [main] INFO  hdfs.DFSUtil (DFSUtil.java:httpServerTemplateForNNAndJN(1641)) - Starting Web-server for hddsDatanode at: http://0.0.0.0:0
2019-09-26 13:21:15,701 [main] INFO  server.AuthenticationFilter (AuthenticationFilter.java:constructSecretProvider(240)) - Unable to initialize FileSignerSecretProvider, falling back to use random secrets.
2019-09-26 13:21:15,702 [main] WARN  http.HttpRequestLog (HttpRequestLog.java:getRequestLog(97)) - Jetty request log can only be enabled using Log4j
2019-09-26 13:21:15,704 [main] INFO  http.HttpServer2 (HttpServer2.java:addGlobalFilter(975)) - Added global filter 'safety' (class=org.apache.hadoop.http.HttpServer2$QuotingInputFilter)
2019-09-26 13:21:15,705 [main] INFO  http.HttpServer2 (HttpServer2.java:addFilter(948)) - Added filter static_user_filter (class=org.apache.hadoop.http.lib.StaticUserWebFilter$StaticUserFilter) to context hddsDatanode
2019-09-26 13:21:15,706 [main] INFO  http.HttpServer2 (HttpServer2.java:addFilter(958)) - Added filter static_user_filter (class=org.apache.hadoop.http.lib.StaticUserWebFilter$StaticUserFilter) to context logs
2019-09-26 13:21:15,706 [main] INFO  http.HttpServer2 (HttpServer2.java:addFilter(958)) - Added filter static_user_filter (class=org.apache.hadoop.http.lib.StaticUserWebFilter$StaticUserFilter) to context static
2019-09-26 13:21:15,707 [main] INFO  http.HttpServer2 (HttpServer2.java:bindListener(1191)) - Jetty bound to port 37648
2019-09-26 13:21:15,707 [main] INFO  server.Server (Server.java:doStart(351)) - jetty-9.3.25.v20180904, build timestamp: 2018-09-04T21:11:46Z, git hash: 3ce520221d0240229c862b122d2b06c12a625732
2019-09-26 13:21:15,710 [main] INFO  handler.ContextHandler (ContextHandler.java:doStart(781)) - Started o.e.j.s.ServletContextHandler@2dd178f3{/logs,file:///workdir/hadoop-ozone/ozonefs/target/log,AVAILABLE}
2019-09-26 13:21:15,711 [main] INFO  handler.ContextHandler (ContextHandler.java:doStart(781)) - Started o.e.j.s.ServletContextHandler@6870cfac{/static,jar:file:/home/user/.m2/repository/org/apache/hadoop/hadoop-hdds-container-service/0.5.0-SNAPSHOT/hadoop-hdds-container-service-0.5.0-SNAPSHOT.jar!/webapps/static,AVAILABLE}
2019-09-26 13:21:15,750 [main] INFO  handler.ContextHandler (ContextHandler.java:doStart(781)) - Started o.e.j.w.WebAppContext@43d76a92{/,file:///tmp/jetty-0.0.0.0-37648-hddsDatanode-_-any-3710327687666001916.dir/webapp/,AVAILABLE}{/hddsDatanode}
2019-09-26 13:21:15,750 [main] INFO  server.AbstractConnector (AbstractConnector.java:doStart(278)) - Started ServerConnector@4a2bf50f{HTTP/1.1,[http/1.1]}{0.0.0.0:37648}
2019-09-26 13:21:15,753 [main] INFO  server.Server (Server.java:doStart(419)) - Started @88919ms
2019-09-26 13:21:15,753 [main] WARN  impl.MetricsSystemImpl (MetricsSystemImpl.java:register(276)) - Sink prometheus already exists!
2019-09-26 13:21:15,754 [main] INFO  server.BaseHttpServer (BaseHttpServer.java:updateConnectorAddress(215)) - HTTP server of HDDSDATANODE is listening at http://0.0.0.0:37648
2019-09-26 13:21:15,754 [main] INFO  impl.MetricsSystemImpl (MetricsSystemImpl.java:init(158)) - HddsDatanode metrics system started (again)
2019-09-26 13:21:15,760 [org.apache.hadoop.util.JvmPauseMonitor$Monitor@69ebcb9] INFO  util.JvmPauseMonitor (JvmPauseMonitor.java:run(188)) - Starting JVM pause monitor
2019-09-26 13:21:15,762 [main] INFO  ozone.HddsDatanodeService (HddsDatanodeService.java:start(184)) - HddsDatanodeService host:pr-hdds-1569-87zkn-1081879488 ip:192.168.164.238
2019-09-26 13:21:15,764 [Datanode State Machine Thread - 0] INFO  datanode.InitDatanodeState (InitDatanodeState.java:persistContainerDatanodeDetails(140)) - DatanodeDetails is persisted to /workdir/hadoop-ozone/ozonefs/target/test-dir/MiniOzoneClusterImpl-2c717051-d98f-4757-bca5-e960ea56bcc7/datanode-0/meta/datanode.id
2019-09-26 13:21:15,770 [main] INFO  volume.HddsVolume (HddsVolume.java:<init>(176)) - Creating Volume: /workdir/hadoop-ozone/ozonefs/target/test-dir/MiniOzoneClusterImpl-2c717051-d98f-4757-bca5-e960ea56bcc7/datanode-1/data/containers/hdds of  storage type : DISK and capacity : 1482555576320
2019-09-26 13:21:15,771 [main] INFO  volume.VolumeSet (VolumeSet.java:initializeVolumeSet(170)) - Added Volume : /workdir/hadoop-ozone/ozonefs/target/test-dir/MiniOzoneClusterImpl-2c717051-d98f-4757-bca5-e960ea56bcc7/datanode-1/data/containers/hdds to VolumeSet
2019-09-26 13:21:15,771 [main] INFO  volume.ThrottledAsyncChecker (ThrottledAsyncChecker.java:schedule(139)) - Scheduling a check for org.apache.hadoop.ozone.container.common.volume.HddsVolume@6075b369
2019-09-26 13:21:15,772 [main] INFO  volume.HddsVolumeChecker (HddsVolumeChecker.java:checkAllVolumes(202)) - Scheduled health check for volume org.apache.hadoop.ozone.container.common.volume.HddsVolume@6075b369
2019-09-26 13:21:15,800 [main] INFO  impl.RaftServerProxy (ConfUtils.java:logGet(43)) - raft.rpc.type = GRPC (default)
2019-09-26 13:21:15,800 [main] INFO  grpc.GrpcFactory (GrpcFactory.java:checkPooledByteBufAllocatorUseCacheForAllThreads(45)) - PERFORMANCE WARNING: useCacheForAllThreads is true that may cause Netty to create a lot garbage objects and, as a result, trigger GC.
	It is recommended to disable useCacheForAllThreads by setting -Dorg.apache.ratis.thirdparty.io.netty.allocator.useCacheForAllThreads=false in command line.
2019-09-26 13:21:15,800 [main] INFO  grpc.GrpcConfigKeys$Server (ConfUtils.java:logGet(43)) - raft.grpc.server.port = 0 (default)
2019-09-26 13:21:15,801 [main] INFO  server.GrpcService (ConfUtils.java:logGet(43)) - raft.grpc.message.size.max = 33570816 (custom)
2019-09-26 13:21:15,801 [main] INFO  server.RaftServerConfigKeys (ConfUtils.java:logGet(43)) - raft.server.log.appender.buffer.byte-limit = 33554432 (custom)
2019-09-26 13:21:15,801 [main] INFO  server.GrpcService (ConfUtils.java:logGet(43)) - raft.grpc.flow.control.window = 1MB (=1048576) (default)
2019-09-26 13:21:15,801 [main] INFO  server.RaftServerConfigKeys (ConfUtils.java:logGet(43)) - raft.server.rpc.request.timeout = 3000ms (default)
2019-09-26 13:21:15,802 [main] INFO  server.RaftServerConfigKeys (ConfUtils.java:logGet(43)) - raft.server.storage.dir = [/workdir/hadoop-ozone/ozonefs/target/test-dir/MiniOzoneClusterImpl-2c717051-d98f-4757-bca5-e960ea56bcc7/datanode-1/data/ratis] (custom)
2019-09-26 13:21:15,803 [main] INFO  hdfs.DFSUtil (DFSUtil.java:httpServerTemplateForNNAndJN(1641)) - Starting Web-server for hddsDatanode at: http://0.0.0.0:0
2019-09-26 13:21:15,806 [main] INFO  server.AuthenticationFilter (AuthenticationFilter.java:constructSecretProvider(240)) - Unable to initialize FileSignerSecretProvider, falling back to use random secrets.
2019-09-26 13:21:15,806 [main] WARN  http.HttpRequestLog (HttpRequestLog.java:getRequestLog(97)) - Jetty request log can only be enabled using Log4j
2019-09-26 13:21:15,808 [main] INFO  http.HttpServer2 (HttpServer2.java:addGlobalFilter(975)) - Added global filter 'safety' (class=org.apache.hadoop.http.HttpServer2$QuotingInputFilter)
2019-09-26 13:21:15,809 [main] INFO  http.HttpServer2 (HttpServer2.java:addFilter(948)) - Added filter static_user_filter (class=org.apache.hadoop.http.lib.StaticUserWebFilter$StaticUserFilter) to context hddsDatanode
2019-09-26 13:21:15,810 [main] INFO  http.HttpServer2 (HttpServer2.java:addFilter(958)) - Added filter static_user_filter (class=org.apache.hadoop.http.lib.StaticUserWebFilter$StaticUserFilter) to context logs
2019-09-26 13:21:15,810 [main] INFO  http.HttpServer2 (HttpServer2.java:addFilter(958)) - Added filter static_user_filter (class=org.apache.hadoop.http.lib.StaticUserWebFilter$StaticUserFilter) to context static
2019-09-26 13:21:15,811 [main] INFO  http.HttpServer2 (HttpServer2.java:bindListener(1191)) - Jetty bound to port 44482
2019-09-26 13:21:15,811 [main] INFO  server.Server (Server.java:doStart(351)) - jetty-9.3.25.v20180904, build timestamp: 2018-09-04T21:11:46Z, git hash: 3ce520221d0240229c862b122d2b06c12a625732
2019-09-26 13:21:15,813 [main] INFO  handler.ContextHandler (ContextHandler.java:doStart(781)) - Started o.e.j.s.ServletContextHandler@4f235107{/logs,file:///workdir/hadoop-ozone/ozonefs/target/log,AVAILABLE}
2019-09-26 13:21:15,814 [main] INFO  handler.ContextHandler (ContextHandler.java:doStart(781)) - Started o.e.j.s.ServletContextHandler@1c5d3a37{/static,jar:file:/home/user/.m2/repository/org/apache/hadoop/hadoop-hdds-container-service/0.5.0-SNAPSHOT/hadoop-hdds-container-service-0.5.0-SNAPSHOT.jar!/webapps/static,AVAILABLE}
2019-09-26 13:21:15,852 [main] INFO  handler.ContextHandler (ContextHandler.java:doStart(781)) - Started o.e.j.w.WebAppContext@5a7b309b{/,file:///tmp/jetty-0.0.0.0-44482-hddsDatanode-_-any-7807901152774123264.dir/webapp/,AVAILABLE}{/hddsDatanode}
2019-09-26 13:21:15,852 [main] INFO  server.AbstractConnector (AbstractConnector.java:doStart(278)) - Started ServerConnector@4602f874{HTTP/1.1,[http/1.1]}{0.0.0.0:44482}
2019-09-26 13:21:15,854 [main] INFO  server.Server (Server.java:doStart(419)) - Started @89021ms
2019-09-26 13:21:15,855 [main] WARN  impl.MetricsSystemImpl (MetricsSystemImpl.java:register(276)) - Sink prometheus already exists!
2019-09-26 13:21:15,856 [main] INFO  server.BaseHttpServer (BaseHttpServer.java:updateConnectorAddress(215)) - HTTP server of HDDSDATANODE is listening at http://0.0.0.0:44482
2019-09-26 13:21:15,856 [main] INFO  impl.MetricsSystemImpl (MetricsSystemImpl.java:init(158)) - HddsDatanode metrics system started (again)
2019-09-26 13:21:15,861 [org.apache.hadoop.util.JvmPauseMonitor$Monitor@2dfd6d1d] INFO  util.JvmPauseMonitor (JvmPauseMonitor.java:run(188)) - Starting JVM pause monitor
2019-09-26 13:21:15,861 [main] INFO  ozone.HddsDatanodeService (HddsDatanodeService.java:start(184)) - HddsDatanodeService host:pr-hdds-1569-87zkn-1081879488 ip:192.168.164.238
2019-09-26 13:21:15,863 [Datanode State Machine Thread - 0] INFO  datanode.InitDatanodeState (InitDatanodeState.java:persistContainerDatanodeDetails(140)) - DatanodeDetails is persisted to /workdir/hadoop-ozone/ozonefs/target/test-dir/MiniOzoneClusterImpl-2c717051-d98f-4757-bca5-e960ea56bcc7/datanode-1/meta/datanode.id
2019-09-26 13:21:15,868 [main] INFO  volume.HddsVolume (HddsVolume.java:<init>(176)) - Creating Volume: /workdir/hadoop-ozone/ozonefs/target/test-dir/MiniOzoneClusterImpl-2c717051-d98f-4757-bca5-e960ea56bcc7/datanode-2/data/containers/hdds of  storage type : DISK and capacity : 1482555576320
2019-09-26 13:21:15,869 [main] INFO  volume.VolumeSet (VolumeSet.java:initializeVolumeSet(170)) - Added Volume : /workdir/hadoop-ozone/ozonefs/target/test-dir/MiniOzoneClusterImpl-2c717051-d98f-4757-bca5-e960ea56bcc7/datanode-2/data/containers/hdds to VolumeSet
2019-09-26 13:21:15,869 [main] INFO  volume.ThrottledAsyncChecker (ThrottledAsyncChecker.java:schedule(139)) - Scheduling a check for org.apache.hadoop.ozone.container.common.volume.HddsVolume@43c7fe8a
2019-09-26 13:21:15,870 [main] INFO  volume.HddsVolumeChecker (HddsVolumeChecker.java:checkAllVolumes(202)) - Scheduled health check for volume org.apache.hadoop.ozone.container.common.volume.HddsVolume@43c7fe8a
2019-09-26 13:21:15,892 [main] INFO  impl.RaftServerProxy (ConfUtils.java:logGet(43)) - raft.rpc.type = GRPC (default)
2019-09-26 13:21:15,893 [main] INFO  grpc.GrpcFactory (GrpcFactory.java:checkPooledByteBufAllocatorUseCacheForAllThreads(45)) - PERFORMANCE WARNING: useCacheForAllThreads is true that may cause Netty to create a lot garbage objects and, as a result, trigger GC.
	It is recommended to disable useCacheForAllThreads by setting -Dorg.apache.ratis.thirdparty.io.netty.allocator.useCacheForAllThreads=false in command line.
2019-09-26 13:21:15,893 [main] INFO  grpc.GrpcConfigKeys$Server (ConfUtils.java:logGet(43)) - raft.grpc.server.port = 0 (default)
2019-09-26 13:21:15,893 [main] INFO  server.GrpcService (ConfUtils.java:logGet(43)) - raft.grpc.message.size.max = 33570816 (custom)
2019-09-26 13:21:15,893 [main] INFO  server.RaftServerConfigKeys (ConfUtils.java:logGet(43)) - raft.server.log.appender.buffer.byte-limit = 33554432 (custom)
2019-09-26 13:21:15,893 [main] INFO  server.GrpcService (ConfUtils.java:logGet(43)) - raft.grpc.flow.control.window = 1MB (=1048576) (default)
2019-09-26 13:21:15,894 [main] INFO  server.RaftServerConfigKeys (ConfUtils.java:logGet(43)) - raft.server.rpc.request.timeout = 3000ms (default)
2019-09-26 13:21:15,894 [main] INFO  server.RaftServerConfigKeys (ConfUtils.java:logGet(43)) - raft.server.storage.dir = [/workdir/hadoop-ozone/ozonefs/target/test-dir/MiniOzoneClusterImpl-2c717051-d98f-4757-bca5-e960ea56bcc7/datanode-2/data/ratis] (custom)
2019-09-26 13:21:15,895 [main] INFO  hdfs.DFSUtil (DFSUtil.java:httpServerTemplateForNNAndJN(1641)) - Starting Web-server for hddsDatanode at: http://0.0.0.0:0
2019-09-26 13:21:15,898 [main] INFO  server.AuthenticationFilter (AuthenticationFilter.java:constructSecretProvider(240)) - Unable to initialize FileSignerSecretProvider, falling back to use random secrets.
2019-09-26 13:21:15,898 [main] WARN  http.HttpRequestLog (HttpRequestLog.java:getRequestLog(97)) - Jetty request log can only be enabled using Log4j
2019-09-26 13:21:15,900 [main] INFO  http.HttpServer2 (HttpServer2.java:addGlobalFilter(975)) - Added global filter 'safety' (class=org.apache.hadoop.http.HttpServer2$QuotingInputFilter)
2019-09-26 13:21:15,901 [main] INFO  http.HttpServer2 (HttpServer2.java:addFilter(948)) - Added filter static_user_filter (class=org.apache.hadoop.http.lib.StaticUserWebFilter$StaticUserFilter) to context hddsDatanode
2019-09-26 13:21:15,901 [main] INFO  http.HttpServer2 (HttpServer2.java:addFilter(958)) - Added filter static_user_filter (class=org.apache.hadoop.http.lib.StaticUserWebFilter$StaticUserFilter) to context logs
2019-09-26 13:21:15,901 [main] INFO  http.HttpServer2 (HttpServer2.java:addFilter(958)) - Added filter static_user_filter (class=org.apache.hadoop.http.lib.StaticUserWebFilter$StaticUserFilter) to context static
2019-09-26 13:21:15,902 [main] INFO  http.HttpServer2 (HttpServer2.java:bindListener(1191)) - Jetty bound to port 39894
2019-09-26 13:21:15,902 [main] INFO  server.Server (Server.java:doStart(351)) - jetty-9.3.25.v20180904, build timestamp: 2018-09-04T21:11:46Z, git hash: 3ce520221d0240229c862b122d2b06c12a625732
2019-09-26 13:21:15,904 [main] INFO  handler.ContextHandler (ContextHandler.java:doStart(781)) - Started o.e.j.s.ServletContextHandler@72c9ebfa{/logs,file:///workdir/hadoop-ozone/ozonefs/target/log,AVAILABLE}
2019-09-26 13:21:15,904 [main] INFO  handler.ContextHandler (ContextHandler.java:doStart(781)) - Started o.e.j.s.ServletContextHandler@747f6c5a{/static,jar:file:/home/user/.m2/repository/org/apache/hadoop/hadoop-hdds-container-service/0.5.0-SNAPSHOT/hadoop-hdds-container-service-0.5.0-SNAPSHOT.jar!/webapps/static,AVAILABLE}
2019-09-26 13:21:15,951 [main] INFO  handler.ContextHandler (ContextHandler.java:doStart(781)) - Started o.e.j.w.WebAppContext@52f8a6f4{/,file:///tmp/jetty-0.0.0.0-39894-hddsDatanode-_-any-6209948197224510693.dir/webapp/,AVAILABLE}{/hddsDatanode}
2019-09-26 13:21:15,952 [main] INFO  server.AbstractConnector (AbstractConnector.java:doStart(278)) - Started ServerConnector@5012c571{HTTP/1.1,[http/1.1]}{0.0.0.0:39894}
2019-09-26 13:21:15,954 [main] INFO  server.Server (Server.java:doStart(419)) - Started @89120ms
2019-09-26 13:21:15,954 [main] WARN  impl.MetricsSystemImpl (MetricsSystemImpl.java:register(276)) - Sink prometheus already exists!
2019-09-26 13:21:15,955 [main] INFO  server.BaseHttpServer (BaseHttpServer.java:updateConnectorAddress(215)) - HTTP server of HDDSDATANODE is listening at http://0.0.0.0:39894
2019-09-26 13:21:15,956 [main] INFO  ozone.MiniOzoneClusterImpl (MiniOzoneClusterImpl.java:lambda$waitForClusterToBeReady$0(147)) - Waiting for cluster to be ready. Got 0 of 3 DN Heartbeats.
2019-09-26 13:21:15,957 [org.apache.hadoop.util.JvmPauseMonitor$Monitor@444c41f] INFO  util.JvmPauseMonitor (JvmPauseMonitor.java:run(188)) - Starting JVM pause monitor
2019-09-26 13:21:15,959 [Datanode State Machine Thread - 0] INFO  datanode.InitDatanodeState (InitDatanodeState.java:persistContainerDatanodeDetails(140)) - DatanodeDetails is persisted to /workdir/hadoop-ozone/ozonefs/target/test-dir/MiniOzoneClusterImpl-2c717051-d98f-4757-bca5-e960ea56bcc7/datanode-2/meta/datanode.id
2019-09-26 13:21:16,956 [main] INFO  ozone.MiniOzoneClusterImpl (MiniOzoneClusterImpl.java:lambda$waitForClusterToBeReady$0(147)) - Waiting for cluster to be ready. Got 0 of 3 DN Heartbeats.
2019-09-26 13:21:17,852 [Datanode State Machine Thread - 0] INFO  ozoneimpl.OzoneContainer (OzoneContainer.java:start(217)) - Attempting to start container services.
2019-09-26 13:21:17,854 [Datanode State Machine Thread - 0] INFO  ozoneimpl.OzoneContainer (OzoneContainer.java:startContainerScrub(179)) - Background container scanner has been disabled.
2019-09-26 13:21:17,854 [Datanode State Machine Thread - 0] INFO  ratis.XceiverServerRatis (XceiverServerRatis.java:start(411)) - Starting XceiverServerRatis 8c369612-1079-4b1c-b5d4-8e378861e933 at port 0
2019-09-26 13:21:17,859 [Datanode State Machine Thread - 0] INFO  impl.RaftServerProxy (RaftServerProxy.java:lambda$start$3(299)) - 8c369612-1079-4b1c-b5d4-8e378861e933: start RPC server
2019-09-26 13:21:17,861 [Datanode State Machine Thread - 0] INFO  server.GrpcService (GrpcService.java:startImpl(158)) - 8c369612-1079-4b1c-b5d4-8e378861e933: GrpcService started, listening on 0.0.0.0/0.0.0.0:34192
2019-09-26 13:21:17,862 [Datanode State Machine Thread - 0] INFO  ratis.XceiverServerRatis (XceiverServerRatis.java:start(421)) - XceiverServerRatis 8c369612-1079-4b1c-b5d4-8e378861e933 is started using port 34192
2019-09-26 13:21:17,865 [Datanode State Machine Thread - 0] INFO  server.XceiverServerGrpc (XceiverServerGrpc.java:start(149)) - XceiverServerGrpc 8c369612-1079-4b1c-b5d4-8e378861e933 is started using port 42017
2019-09-26 13:21:17,888 [Datanode State Machine Thread - 0] INFO  ozoneimpl.OzoneContainer (OzoneContainer.java:start(217)) - Attempting to start container services.
2019-09-26 13:21:17,888 [Datanode State Machine Thread - 0] INFO  ozoneimpl.OzoneContainer (OzoneContainer.java:startContainerScrub(179)) - Background container scanner has been disabled.
2019-09-26 13:21:17,889 [Datanode State Machine Thread - 0] INFO  ratis.XceiverServerRatis (XceiverServerRatis.java:start(411)) - Starting XceiverServerRatis 7c6e08d0-8593-4f06-8d99-677ce7e140bf at port 0
2019-09-26 13:21:17,894 [Datanode State Machine Thread - 0] INFO  impl.RaftServerProxy (RaftServerProxy.java:lambda$start$3(299)) - 7c6e08d0-8593-4f06-8d99-677ce7e140bf: start RPC server
2019-09-26 13:21:17,895 [Datanode State Machine Thread - 0] INFO  server.GrpcService (GrpcService.java:startImpl(158)) - 7c6e08d0-8593-4f06-8d99-677ce7e140bf: GrpcService started, listening on 0.0.0.0/0.0.0.0:38697
2019-09-26 13:21:17,895 [Datanode State Machine Thread - 0] INFO  ratis.XceiverServerRatis (XceiverServerRatis.java:start(421)) - XceiverServerRatis 7c6e08d0-8593-4f06-8d99-677ce7e140bf is started using port 38697
2019-09-26 13:21:17,895 [Datanode State Machine Thread - 0] INFO  server.XceiverServerGrpc (XceiverServerGrpc.java:start(149)) - XceiverServerGrpc 7c6e08d0-8593-4f06-8d99-677ce7e140bf is started using port 35522
2019-09-26 13:21:17,957 [main] INFO  ozone.MiniOzoneClusterImpl (MiniOzoneClusterImpl.java:lambda$waitForClusterToBeReady$0(147)) - Waiting for cluster to be ready. Got 0 of 3 DN Heartbeats.
2019-09-26 13:21:17,976 [Datanode State Machine Thread - 0] INFO  ozoneimpl.OzoneContainer (OzoneContainer.java:start(217)) - Attempting to start container services.
2019-09-26 13:21:17,977 [Datanode State Machine Thread - 0] INFO  ozoneimpl.OzoneContainer (OzoneContainer.java:startContainerScrub(179)) - Background container scanner has been disabled.
2019-09-26 13:21:17,977 [Datanode State Machine Thread - 0] INFO  ratis.XceiverServerRatis (XceiverServerRatis.java:start(411)) - Starting XceiverServerRatis 62684552-2d14-4fa0-a8ac-9ab43a1e29b8 at port 0
2019-09-26 13:21:17,983 [Datanode State Machine Thread - 0] INFO  impl.RaftServerProxy (RaftServerProxy.java:lambda$start$3(299)) - 62684552-2d14-4fa0-a8ac-9ab43a1e29b8: start RPC server
2019-09-26 13:21:17,984 [Datanode State Machine Thread - 0] INFO  server.GrpcService (GrpcService.java:startImpl(158)) - 62684552-2d14-4fa0-a8ac-9ab43a1e29b8: GrpcService started, listening on 0.0.0.0/0.0.0.0:45794
2019-09-26 13:21:17,984 [Datanode State Machine Thread - 0] INFO  ratis.XceiverServerRatis (XceiverServerRatis.java:start(421)) - XceiverServerRatis 62684552-2d14-4fa0-a8ac-9ab43a1e29b8 is started using port 45794
2019-09-26 13:21:17,985 [Datanode State Machine Thread - 0] INFO  server.XceiverServerGrpc (XceiverServerGrpc.java:start(149)) - XceiverServerGrpc 62684552-2d14-4fa0-a8ac-9ab43a1e29b8 is started using port 33546
2019-09-26 13:21:18,957 [main] INFO  ozone.MiniOzoneClusterImpl (MiniOzoneClusterImpl.java:lambda$waitForClusterToBeReady$0(147)) - Waiting for cluster to be ready. Got 0 of 3 DN Heartbeats.
2019-09-26 13:21:19,767 [IPC Server handler 0 on 32922] INFO  net.NetworkTopology (NetworkTopologyImpl.java:add(111)) - Added a new node: /default-rack/8c369612-1079-4b1c-b5d4-8e378861e933
2019-09-26 13:21:19,771 [IPC Server handler 0 on 32922] INFO  node.SCMNodeManager (SCMNodeManager.java:register(266)) - Registered Data node : 8c369612-1079-4b1c-b5d4-8e378861e933{ip: 192.168.164.238, host: pr-hdds-1569-87zkn-1081879488, networkLocation: /default-rack, certSerialId: null}
2019-09-26 13:21:19,772 [EventQueue-NodeRegistrationContainerReportForDataNodeSafeModeRule] INFO  safemode.SCMSafeModeManager (DataNodeSafeModeRule.java:process(71)) - SCM in safe mode. 1 DataNodes registered, 1 required.
2019-09-26 13:21:19,775 [EventQueue-NodeRegistrationContainerReportForDataNodeSafeModeRule] INFO  safemode.SCMSafeModeManager (SCMSafeModeManager.java:validateSafeModeExitRules(177)) - ScmSafeModeManager, all rules are successfully validated
2019-09-26 13:21:19,775 [EventQueue-NodeRegistrationContainerReportForDataNodeSafeModeRule] INFO  safemode.SCMSafeModeManager (SCMSafeModeManager.java:exitSafeMode(193)) - SCM exiting safe mode.
2019-09-26 13:21:19,792 [grpc-default-executor-0] INFO  impl.RaftServerProxy (RaftServerProxy.java:addNew(89)) - 8c369612-1079-4b1c-b5d4-8e378861e933: addNew group-8249D322612C:[8c369612-1079-4b1c-b5d4-8e378861e933:192.168.164.238:34192] returns group-8249D322612C:java.util.concurrent.CompletableFuture@2de155cd[Not completed]
2019-09-26 13:21:19,794 [pool-277-thread-1] INFO  impl.RaftServerImpl (RaftServerImpl.java:<init>(95)) - 8c369612-1079-4b1c-b5d4-8e378861e933: new RaftServerImpl for group-8249D322612C:[8c369612-1079-4b1c-b5d4-8e378861e933:192.168.164.238:34192] with ContainerStateMachine:uninitialized
2019-09-26 13:21:19,794 [pool-277-thread-1] INFO  server.RaftServerConfigKeys (ConfUtils.java:logGet(43)) - raft.server.rpc.timeout.min = 5s (custom)
2019-09-26 13:21:19,794 [pool-277-thread-1] INFO  server.RaftServerConfigKeys (ConfUtils.java:logGet(43)) - raft.server.rpc.timeout.max = 5200ms (custom)
2019-09-26 13:21:19,794 [pool-277-thread-1] INFO  server.RaftServerConfigKeys (ConfUtils.java:logGet(43)) - raft.server.rpcslowness.timeout = 120s (custom)
2019-09-26 13:21:19,794 [pool-277-thread-1] INFO  server.RaftServerConfigKeys (ConfUtils.java:logGet(43)) - raft.server.sleep.deviation.threshold = 300 (default)
2019-09-26 13:21:19,794 [pool-277-thread-1] INFO  server.RaftServerConfigKeys (ConfUtils.java:logGet(43)) - raft.server.log.appender.install.snapshot.enabled = false (custom)
2019-09-26 13:21:19,795 [pool-277-thread-1] INFO  impl.RaftServerImpl (ServerState.java:<init>(103)) - 8c369612-1079-4b1c-b5d4-8e378861e933@group-8249D322612C: ConfigurationManager, init=-1: [8c369612-1079-4b1c-b5d4-8e378861e933:192.168.164.238:34192], old=null, confs=<EMPTY_MAP>
2019-09-26 13:21:19,795 [pool-277-thread-1] INFO  server.RaftServerConfigKeys (ConfUtils.java:logGet(43)) - raft.server.storage.dir = [/workdir/hadoop-ozone/ozonefs/target/test-dir/MiniOzoneClusterImpl-2c717051-d98f-4757-bca5-e960ea56bcc7/datanode-0/data/ratis] (custom)
2019-09-26 13:21:19,795 [pool-277-thread-1] INFO  storage.RaftStorageDirectory (RaftStorageDirectory.java:analyzeStorage(246)) - The storage directory /workdir/hadoop-ozone/ozonefs/target/test-dir/MiniOzoneClusterImpl-2c717051-d98f-4757-bca5-e960ea56bcc7/datanode-0/data/ratis/62e13486-c2c6-42b1-94dc-8249d322612c does not exist. Creating ...
2019-09-26 13:21:19,816 [pool-277-thread-1] INFO  storage.RaftStorageDirectory (RaftStorageDirectory.java:tryLock(328)) - Lock on /workdir/hadoop-ozone/ozonefs/target/test-dir/MiniOzoneClusterImpl-2c717051-d98f-4757-bca5-e960ea56bcc7/datanode-0/data/ratis/62e13486-c2c6-42b1-94dc-8249d322612c/in_use.lock acquired by nodename 20384@pr-hdds-1569-87zkn-1081879488
2019-09-26 13:21:19,827 [pool-277-thread-1] INFO  storage.RaftStorage (RaftStorage.java:format(72)) - Storage directory /workdir/hadoop-ozone/ozonefs/target/test-dir/MiniOzoneClusterImpl-2c717051-d98f-4757-bca5-e960ea56bcc7/datanode-0/data/ratis/62e13486-c2c6-42b1-94dc-8249d322612c has been successfully formatted.
2019-09-26 13:21:19,828 [pool-277-thread-1] INFO  ratis.ContainerStateMachine (ContainerStateMachine.java:loadSnapshot(230)) - group-8249D322612C: The snapshot info is null. Setting the last applied indexto:(t:0, i:~)
2019-09-26 13:21:19,828 [pool-277-thread-1] INFO  server.RaftServerConfigKeys (ConfUtils.java:logGet(43)) - raft.server.notification.no-leader.timeout = 120s (custom)
2019-09-26 13:21:19,828 [pool-277-thread-1] INFO  server.RaftServerConfigKeys (ConfUtils.java:logGet(43)) - raft.server.log.use.memory = false (default)
2019-09-26 13:21:19,828 [pool-277-thread-1] INFO  server.RaftServerConfigKeys (ConfUtils.java:logGet(43)) - raft.server.log.purge.gap = 1000000 (custom)
2019-09-26 13:21:19,828 [pool-277-thread-1] INFO  server.RaftServerConfigKeys (ConfUtils.java:logGet(43)) - raft.server.log.appender.buffer.byte-limit = 33554432 (custom)
2019-09-26 13:21:19,828 [pool-277-thread-1] INFO  server.RaftServerConfigKeys (ConfUtils.java:logGet(43)) - raft.server.log.segment.size.max = 1048576 (custom)
2019-09-26 13:21:19,828 [pool-277-thread-1] INFO  server.RaftServerConfigKeys (ConfUtils.java:logGet(43)) - raft.server.log.segment.cache.num.max = 2 (custom)
2019-09-26 13:21:19,829 [pool-277-thread-1] INFO  segmented.SegmentedRaftLogWorker (SegmentedRaftLogWorker.java:<init>(172)) - new 8c369612-1079-4b1c-b5d4-8e378861e933@group-8249D322612C-SegmentedRaftLogWorker for RaftStorage:Storage Directory /workdir/hadoop-ozone/ozonefs/target/test-dir/MiniOzoneClusterImpl-2c717051-d98f-4757-bca5-e960ea56bcc7/datanode-0/data/ratis/62e13486-c2c6-42b1-94dc-8249d322612c
2019-09-26 13:21:19,830 [pool-277-thread-1] INFO  server.RaftServerConfigKeys (ConfUtils.java:logGet(43)) - raft.server.log.queue.byte-limit = 2147483647 (custom)
2019-09-26 13:21:19,830 [pool-277-thread-1] INFO  server.RaftServerConfigKeys (ConfUtils.java:logGet(43)) - raft.server.log.queue.element-limit = 1024 (custom)
2019-09-26 13:21:19,831 [pool-277-thread-1] INFO  server.RaftServerConfigKeys (ConfUtils.java:logGet(43)) - raft.server.log.segment.size.max = 1048576 (custom)
2019-09-26 13:21:19,831 [pool-277-thread-1] INFO  server.RaftServerConfigKeys (ConfUtils.java:logGet(43)) - raft.server.log.preallocated.size = 16384 (custom)
2019-09-26 13:21:19,831 [pool-277-thread-1] INFO  server.RaftServerConfigKeys (ConfUtils.java:logGet(43)) - raft.server.log.write.buffer.size = 33554432 (custom)
2019-09-26 13:21:19,831 [pool-277-thread-1] INFO  server.RaftServerConfigKeys (ConfUtils.java:logGet(43)) - raft.server.log.force.sync.num = 128 (default)
2019-09-26 13:21:19,831 [pool-277-thread-1] INFO  server.RaftServerConfigKeys (ConfUtils.java:logGet(43)) - raft.server.log.statemachine.data.sync = true (default)
2019-09-26 13:21:19,831 [pool-277-thread-1] INFO  server.RaftServerConfigKeys (ConfUtils.java:logGet(43)) - raft.server.log.statemachine.data.sync.timeout = 10s (default)
2019-09-26 13:21:19,831 [pool-277-thread-1] INFO  server.RaftServerConfigKeys (ConfUtils.java:logGet(43)) - raft.server.log.statemachine.data.sync.timeout.retry = -1 (default)
2019-09-26 13:21:19,831 [pool-277-thread-1] INFO  server.RaftServerConfigKeys (ConfUtils.java:logGet(43)) - raft.server.log.statemachine.data.caching.enabled = true (custom)
2019-09-26 13:21:19,832 [pool-277-thread-1] INFO  segmented.SegmentedRaftLogWorker (SegmentedRaftLogWorker.java:lambda$new$0(132)) - 8c369612-1079-4b1c-b5d4-8e378861e933@group-8249D322612C-SegmentedRaftLogWorker: flushIndex: setUnconditionally 0 -> -1
2019-09-26 13:21:19,832 [pool-277-thread-1] INFO  server.RaftServerConfigKeys (ConfUtils.java:logGet(43)) - raft.server.snapshot.auto.trigger.enabled = true (custom)
2019-09-26 13:21:19,832 [pool-277-thread-1] INFO  server.RaftServerConfigKeys (ConfUtils.java:logGet(43)) - raft.server.snapshot.auto.trigger.threshold = 10000 (custom)
2019-09-26 13:21:19,832 [pool-277-thread-1] INFO  server.RaftServerConfigKeys (ConfUtils.java:logGet(43)) - raft.server.snapshot.retention.num.files = 5 (custom)
2019-09-26 13:21:19,832 [pool-277-thread-1] INFO  server.RaftServerConfigKeys (ConfUtils.java:logGet(43)) - raft.server.retrycache.expirytime = 600000ms (custom)
2019-09-26 13:21:19,834 [pool-277-thread-1] INFO  impl.RaftServerImpl (RaftServerImpl.java:start(185)) - 8c369612-1079-4b1c-b5d4-8e378861e933@group-8249D322612C: start as a follower, conf=-1: [8c369612-1079-4b1c-b5d4-8e378861e933:192.168.164.238:34192], old=null
2019-09-26 13:21:19,834 [pool-277-thread-1] INFO  impl.RaftServerImpl (RaftServerImpl.java:setRole(174)) - 8c369612-1079-4b1c-b5d4-8e378861e933@group-8249D322612C: changes role from      null to FOLLOWER at term 0 for startAsFollower
2019-09-26 13:21:19,834 [pool-277-thread-1] INFO  impl.RoleInfo (RoleInfo.java:updateAndGet(143)) - 8c369612-1079-4b1c-b5d4-8e378861e933: start FollowerState
2019-09-26 13:21:19,834 [pool-277-thread-1] INFO  util.JmxRegister (JmxRegister.java:tryRegister(44)) - Successfully registered JMX Bean with object name Ratis:service=RaftServer,group=group-8249D322612C,id=8c369612-1079-4b1c-b5d4-8e378861e933
2019-09-26 13:21:19,839 [RatisPipelineUtilsThread] INFO  pipeline.PipelineStateManager (PipelineStateManager.java:addPipeline(56)) - Created pipeline Pipeline[ Id: 62e13486-c2c6-42b1-94dc-8249d322612c, Nodes: 8c369612-1079-4b1c-b5d4-8e378861e933{ip: 192.168.164.238, host: pr-hdds-1569-87zkn-1081879488, networkLocation: /default-rack, certSerialId: null}, Type:RATIS, Factor:ONE, State:OPEN]
2019-09-26 13:21:19,845 [grpc-default-executor-0] INFO  impl.RaftServerProxy (RaftServerProxy.java:addNew(89)) - 8c369612-1079-4b1c-b5d4-8e378861e933: addNew group-22EE3031B2C4:[8c369612-1079-4b1c-b5d4-8e378861e933:192.168.164.238:34192] returns group-22EE3031B2C4:java.util.concurrent.CompletableFuture@1c067e6d[Not completed]
2019-09-26 13:21:19,846 [pool-277-thread-1] INFO  impl.RaftServerImpl (RaftServerImpl.java:<init>(95)) - 8c369612-1079-4b1c-b5d4-8e378861e933: new RaftServerImpl for group-22EE3031B2C4:[8c369612-1079-4b1c-b5d4-8e378861e933:192.168.164.238:34192] with ContainerStateMachine:uninitialized
2019-09-26 13:21:19,847 [pool-277-thread-1] INFO  server.RaftServerConfigKeys (ConfUtils.java:logGet(43)) - raft.server.rpc.timeout.min = 5s (custom)
2019-09-26 13:21:19,847 [pool-277-thread-1] INFO  server.RaftServerConfigKeys (ConfUtils.java:logGet(43)) - raft.server.rpc.timeout.max = 5200ms (custom)
2019-09-26 13:21:19,847 [pool-277-thread-1] INFO  server.RaftServerConfigKeys (ConfUtils.java:logGet(43)) - raft.server.rpcslowness.timeout = 120s (custom)
2019-09-26 13:21:19,847 [pool-277-thread-1] INFO  server.RaftServerConfigKeys (ConfUtils.java:logGet(43)) - raft.server.sleep.deviation.threshold = 300 (default)
2019-09-26 13:21:19,847 [pool-277-thread-1] INFO  server.RaftServerConfigKeys (ConfUtils.java:logGet(43)) - raft.server.log.appender.install.snapshot.enabled = false (custom)
2019-09-26 13:21:19,847 [pool-277-thread-1] INFO  impl.RaftServerImpl (ServerState.java:<init>(103)) - 8c369612-1079-4b1c-b5d4-8e378861e933@group-22EE3031B2C4: ConfigurationManager, init=-1: [8c369612-1079-4b1c-b5d4-8e378861e933:192.168.164.238:34192], old=null, confs=<EMPTY_MAP>
2019-09-26 13:21:19,847 [pool-277-thread-1] INFO  server.RaftServerConfigKeys (ConfUtils.java:logGet(43)) - raft.server.storage.dir = [/workdir/hadoop-ozone/ozonefs/target/test-dir/MiniOzoneClusterImpl-2c717051-d98f-4757-bca5-e960ea56bcc7/datanode-0/data/ratis] (custom)
2019-09-26 13:21:19,848 [pool-277-thread-1] INFO  storage.RaftStorageDirectory (RaftStorageDirectory.java:analyzeStorage(246)) - The storage directory /workdir/hadoop-ozone/ozonefs/target/test-dir/MiniOzoneClusterImpl-2c717051-d98f-4757-bca5-e960ea56bcc7/datanode-0/data/ratis/de49c011-a1a8-4932-8508-22ee3031b2c4 does not exist. Creating ...
2019-09-26 13:21:19,857 [pool-277-thread-1] INFO  storage.RaftStorageDirectory (RaftStorageDirectory.java:tryLock(328)) - Lock on /workdir/hadoop-ozone/ozonefs/target/test-dir/MiniOzoneClusterImpl-2c717051-d98f-4757-bca5-e960ea56bcc7/datanode-0/data/ratis/de49c011-a1a8-4932-8508-22ee3031b2c4/in_use.lock acquired by nodename 20384@pr-hdds-1569-87zkn-1081879488
2019-09-26 13:21:19,863 [IPC Server handler 1 on 32922] INFO  net.NetworkTopology (NetworkTopologyImpl.java:add(111)) - Added a new node: /default-rack/7c6e08d0-8593-4f06-8d99-677ce7e140bf
2019-09-26 13:21:19,863 [IPC Server handler 1 on 32922] INFO  node.SCMNodeManager (SCMNodeManager.java:register(266)) - Registered Data node : 7c6e08d0-8593-4f06-8d99-677ce7e140bf{ip: 192.168.164.238, host: pr-hdds-1569-87zkn-1081879488, networkLocation: /default-rack, certSerialId: null}
2019-09-26 13:21:19,871 [pool-277-thread-1] INFO  storage.RaftStorage (RaftStorage.java:format(72)) - Storage directory /workdir/hadoop-ozone/ozonefs/target/test-dir/MiniOzoneClusterImpl-2c717051-d98f-4757-bca5-e960ea56bcc7/datanode-0/data/ratis/de49c011-a1a8-4932-8508-22ee3031b2c4 has been successfully formatted.
2019-09-26 13:21:19,871 [pool-277-thread-1] INFO  ratis.ContainerStateMachine (ContainerStateMachine.java:loadSnapshot(230)) - group-22EE3031B2C4: The snapshot info is null. Setting the last applied indexto:(t:0, i:~)
2019-09-26 13:21:19,871 [pool-277-thread-1] INFO  server.RaftServerConfigKeys (ConfUtils.java:logGet(43)) - raft.server.notification.no-leader.timeout = 120s (custom)
2019-09-26 13:21:19,872 [pool-277-thread-1] INFO  server.RaftServerConfigKeys (ConfUtils.java:logGet(43)) - raft.server.log.use.memory = false (default)
2019-09-26 13:21:19,872 [pool-277-thread-1] INFO  server.RaftServerConfigKeys (ConfUtils.java:logGet(43)) - raft.server.log.purge.gap = 1000000 (custom)
2019-09-26 13:21:19,872 [pool-277-thread-1] INFO  server.RaftServerConfigKeys (ConfUtils.java:logGet(43)) - raft.server.log.appender.buffer.byte-limit = 33554432 (custom)
2019-09-26 13:21:19,872 [pool-277-thread-1] INFO  server.RaftServerConfigKeys (ConfUtils.java:logGet(43)) - raft.server.log.segment.size.max = 1048576 (custom)
2019-09-26 13:21:19,872 [pool-277-thread-1] INFO  server.RaftServerConfigKeys (ConfUtils.java:logGet(43)) - raft.server.log.segment.cache.num.max = 2 (custom)
2019-09-26 13:21:19,872 [pool-277-thread-1] INFO  segmented.SegmentedRaftLogWorker (SegmentedRaftLogWorker.java:<init>(172)) - new 8c369612-1079-4b1c-b5d4-8e378861e933@group-22EE3031B2C4-SegmentedRaftLogWorker for RaftStorage:Storage Directory /workdir/hadoop-ozone/ozonefs/target/test-dir/MiniOzoneClusterImpl-2c717051-d98f-4757-bca5-e960ea56bcc7/datanode-0/data/ratis/de49c011-a1a8-4932-8508-22ee3031b2c4
2019-09-26 13:21:19,873 [pool-277-thread-1] INFO  server.RaftServerConfigKeys (ConfUtils.java:logGet(43)) - raft.server.log.queue.byte-limit = 2147483647 (custom)
2019-09-26 13:21:19,873 [pool-277-thread-1] INFO  server.RaftServerConfigKeys (ConfUtils.java:logGet(43)) - raft.server.log.queue.element-limit = 1024 (custom)
2019-09-26 13:21:19,873 [pool-277-thread-1] INFO  server.RaftServerConfigKeys (ConfUtils.java:logGet(43)) - raft.server.log.segment.size.max = 1048576 (custom)
2019-09-26 13:21:19,873 [pool-277-thread-1] INFO  server.RaftServerConfigKeys (ConfUtils.java:logGet(43)) - raft.server.log.preallocated.size = 16384 (custom)
2019-09-26 13:21:19,873 [pool-277-thread-1] INFO  server.RaftServerConfigKeys (ConfUtils.java:logGet(43)) - raft.server.log.write.buffer.size = 33554432 (custom)
2019-09-26 13:21:19,873 [pool-277-thread-1] INFO  server.RaftServerConfigKeys (ConfUtils.java:logGet(43)) - raft.server.log.force.sync.num = 128 (default)
2019-09-26 13:21:19,873 [pool-277-thread-1] INFO  server.RaftServerConfigKeys (ConfUtils.java:logGet(43)) - raft.server.log.statemachine.data.sync = true (default)
2019-09-26 13:21:19,874 [pool-277-thread-1] INFO  server.RaftServerConfigKeys (ConfUtils.java:logGet(43)) - raft.server.log.statemachine.data.sync.timeout = 10s (default)
2019-09-26 13:21:19,874 [pool-277-thread-1] INFO  server.RaftServerConfigKeys (ConfUtils.java:logGet(43)) - raft.server.log.statemachine.data.sync.timeout.retry = -1 (default)
2019-09-26 13:21:19,874 [pool-277-thread-1] INFO  server.RaftServerConfigKeys (ConfUtils.java:logGet(43)) - raft.server.log.statemachine.data.caching.enabled = true (custom)
2019-09-26 13:21:19,874 [pool-277-thread-1] INFO  segmented.SegmentedRaftLogWorker (SegmentedRaftLogWorker.java:lambda$new$0(132)) - 8c369612-1079-4b1c-b5d4-8e378861e933@group-22EE3031B2C4-SegmentedRaftLogWorker: flushIndex: setUnconditionally 0 -> -1
2019-09-26 13:21:19,875 [pool-277-thread-1] INFO  server.RaftServerConfigKeys (ConfUtils.java:logGet(43)) - raft.server.snapshot.auto.trigger.enabled = true (custom)
2019-09-26 13:21:19,875 [pool-277-thread-1] INFO  server.RaftServerConfigKeys (ConfUtils.java:logGet(43)) - raft.server.snapshot.auto.trigger.threshold = 10000 (custom)
2019-09-26 13:21:19,875 [pool-277-thread-1] INFO  server.RaftServerConfigKeys (ConfUtils.java:logGet(43)) - raft.server.snapshot.retention.num.files = 5 (custom)
2019-09-26 13:21:19,875 [pool-277-thread-1] INFO  server.RaftServerConfigKeys (ConfUtils.java:logGet(43)) - raft.server.retrycache.expirytime = 600000ms (custom)
2019-09-26 13:21:19,877 [pool-277-thread-1] INFO  impl.RaftServerImpl (RaftServerImpl.java:start(185)) - 8c369612-1079-4b1c-b5d4-8e378861e933@group-22EE3031B2C4: start as a follower, conf=-1: [8c369612-1079-4b1c-b5d4-8e378861e933:192.168.164.238:34192], old=null
2019-09-26 13:21:19,877 [pool-277-thread-1] INFO  impl.RaftServerImpl (RaftServerImpl.java:setRole(174)) - 8c369612-1079-4b1c-b5d4-8e378861e933@group-22EE3031B2C4: changes role from      null to FOLLOWER at term 0 for startAsFollower
2019-09-26 13:21:19,877 [pool-277-thread-1] INFO  impl.RoleInfo (RoleInfo.java:updateAndGet(143)) - 8c369612-1079-4b1c-b5d4-8e378861e933: start FollowerState
2019-09-26 13:21:19,878 [pool-277-thread-1] INFO  util.JmxRegister (JmxRegister.java:tryRegister(44)) - Successfully registered JMX Bean with object name Ratis:service=RaftServer,group=group-22EE3031B2C4,id=8c369612-1079-4b1c-b5d4-8e378861e933
2019-09-26 13:21:19,881 [RatisPipelineUtilsThread] INFO  pipeline.PipelineStateManager (PipelineStateManager.java:addPipeline(56)) - Created pipeline Pipeline[ Id: de49c011-a1a8-4932-8508-22ee3031b2c4, Nodes: 8c369612-1079-4b1c-b5d4-8e378861e933{ip: 192.168.164.238, host: pr-hdds-1569-87zkn-1081879488, networkLocation: /default-rack, certSerialId: null}, Type:RATIS, Factor:ONE, State:OPEN]
2019-09-26 13:21:19,887 [grpc-default-executor-0] INFO  impl.RaftServerProxy (RaftServerProxy.java:addNew(89)) - 8c369612-1079-4b1c-b5d4-8e378861e933: addNew group-39E6ED973FF0:[8c369612-1079-4b1c-b5d4-8e378861e933:192.168.164.238:34192] returns group-39E6ED973FF0:java.util.concurrent.CompletableFuture@4dceaa82[Not completed]
2019-09-26 13:21:19,888 [pool-277-thread-1] INFO  impl.RaftServerImpl (RaftServerImpl.java:<init>(95)) - 8c369612-1079-4b1c-b5d4-8e378861e933: new RaftServerImpl for group-39E6ED973FF0:[8c369612-1079-4b1c-b5d4-8e378861e933:192.168.164.238:34192] with ContainerStateMachine:uninitialized
2019-09-26 13:21:19,888 [pool-277-thread-1] INFO  server.RaftServerConfigKeys (ConfUtils.java:logGet(43)) - raft.server.rpc.timeout.min = 5s (custom)
2019-09-26 13:21:19,888 [pool-277-thread-1] INFO  server.RaftServerConfigKeys (ConfUtils.java:logGet(43)) - raft.server.rpc.timeout.max = 5200ms (custom)
2019-09-26 13:21:19,888 [pool-277-thread-1] INFO  server.RaftServerConfigKeys (ConfUtils.java:logGet(43)) - raft.server.rpcslowness.timeout = 120s (custom)
2019-09-26 13:21:19,888 [pool-277-thread-1] INFO  server.RaftServerConfigKeys (ConfUtils.java:logGet(43)) - raft.server.sleep.deviation.threshold = 300 (default)
2019-09-26 13:21:19,888 [pool-277-thread-1] INFO  server.RaftServerConfigKeys (ConfUtils.java:logGet(43)) - raft.server.log.appender.install.snapshot.enabled = false (custom)
2019-09-26 13:21:19,889 [pool-277-thread-1] INFO  impl.RaftServerImpl (ServerState.java:<init>(103)) - 8c369612-1079-4b1c-b5d4-8e378861e933@group-39E6ED973FF0: ConfigurationManager, init=-1: [8c369612-1079-4b1c-b5d4-8e378861e933:192.168.164.238:34192], old=null, confs=<EMPTY_MAP>
2019-09-26 13:21:19,889 [pool-277-thread-1] INFO  server.RaftServerConfigKeys (ConfUtils.java:logGet(43)) - raft.server.storage.dir = [/workdir/hadoop-ozone/ozonefs/target/test-dir/MiniOzoneClusterImpl-2c717051-d98f-4757-bca5-e960ea56bcc7/datanode-0/data/ratis] (custom)
2019-09-26 13:21:19,889 [pool-277-thread-1] INFO  storage.RaftStorageDirectory (RaftStorageDirectory.java:analyzeStorage(246)) - The storage directory /workdir/hadoop-ozone/ozonefs/target/test-dir/MiniOzoneClusterImpl-2c717051-d98f-4757-bca5-e960ea56bcc7/datanode-0/data/ratis/4655c069-4c12-44ed-baeb-39e6ed973ff0 does not exist. Creating ...
2019-09-26 13:21:19,902 [pool-277-thread-1] INFO  storage.RaftStorageDirectory (RaftStorageDirectory.java:tryLock(328)) - Lock on /workdir/hadoop-ozone/ozonefs/target/test-dir/MiniOzoneClusterImpl-2c717051-d98f-4757-bca5-e960ea56bcc7/datanode-0/data/ratis/4655c069-4c12-44ed-baeb-39e6ed973ff0/in_use.lock acquired by nodename 20384@pr-hdds-1569-87zkn-1081879488
2019-09-26 13:21:19,915 [pool-277-thread-1] INFO  storage.RaftStorage (RaftStorage.java:format(72)) - Storage directory /workdir/hadoop-ozone/ozonefs/target/test-dir/MiniOzoneClusterImpl-2c717051-d98f-4757-bca5-e960ea56bcc7/datanode-0/data/ratis/4655c069-4c12-44ed-baeb-39e6ed973ff0 has been successfully formatted.
2019-09-26 13:21:19,916 [pool-277-thread-1] INFO  ratis.ContainerStateMachine (ContainerStateMachine.java:loadSnapshot(230)) - group-39E6ED973FF0: The snapshot info is null. Setting the last applied indexto:(t:0, i:~)
2019-09-26 13:21:19,916 [pool-277-thread-1] INFO  server.RaftServerConfigKeys (ConfUtils.java:logGet(43)) - raft.server.notification.no-leader.timeout = 120s (custom)
2019-09-26 13:21:19,916 [pool-277-thread-1] INFO  server.RaftServerConfigKeys (ConfUtils.java:logGet(43)) - raft.server.log.use.memory = false (default)
2019-09-26 13:21:19,916 [pool-277-thread-1] INFO  server.RaftServerConfigKeys (ConfUtils.java:logGet(43)) - raft.server.log.purge.gap = 1000000 (custom)
2019-09-26 13:21:19,916 [pool-277-thread-1] INFO  server.RaftServerConfigKeys (ConfUtils.java:logGet(43)) - raft.server.log.appender.buffer.byte-limit = 33554432 (custom)
2019-09-26 13:21:19,916 [pool-277-thread-1] INFO  server.RaftServerConfigKeys (ConfUtils.java:logGet(43)) - raft.server.log.segment.size.max = 1048576 (custom)
2019-09-26 13:21:19,916 [pool-277-thread-1] INFO  server.RaftServerConfigKeys (ConfUtils.java:logGet(43)) - raft.server.log.segment.cache.num.max = 2 (custom)
2019-09-26 13:21:19,917 [pool-277-thread-1] INFO  segmented.SegmentedRaftLogWorker (SegmentedRaftLogWorker.java:<init>(172)) - new 8c369612-1079-4b1c-b5d4-8e378861e933@group-39E6ED973FF0-SegmentedRaftLogWorker for RaftStorage:Storage Directory /workdir/hadoop-ozone/ozonefs/target/test-dir/MiniOzoneClusterImpl-2c717051-d98f-4757-bca5-e960ea56bcc7/datanode-0/data/ratis/4655c069-4c12-44ed-baeb-39e6ed973ff0
2019-09-26 13:21:19,917 [pool-277-thread-1] INFO  server.RaftServerConfigKeys (ConfUtils.java:logGet(43)) - raft.server.log.queue.byte-limit = 2147483647 (custom)
2019-09-26 13:21:19,917 [pool-277-thread-1] INFO  server.RaftServerConfigKeys (ConfUtils.java:logGet(43)) - raft.server.log.queue.element-limit = 1024 (custom)
2019-09-26 13:21:19,917 [pool-277-thread-1] INFO  server.RaftServerConfigKeys (ConfUtils.java:logGet(43)) - raft.server.log.segment.size.max = 1048576 (custom)
2019-09-26 13:21:19,917 [pool-277-thread-1] INFO  server.RaftServerConfigKeys (ConfUtils.java:logGet(43)) - raft.server.log.preallocated.size = 16384 (custom)
2019-09-26 13:21:19,917 [pool-277-thread-1] INFO  server.RaftServerConfigKeys (ConfUtils.java:logGet(43)) - raft.server.log.write.buffer.size = 33554432 (custom)
2019-09-26 13:21:19,917 [pool-277-thread-1] INFO  server.RaftServerConfigKeys (ConfUtils.java:logGet(43)) - raft.server.log.force.sync.num = 128 (default)
2019-09-26 13:21:19,918 [pool-277-thread-1] INFO  server.RaftServerConfigKeys (ConfUtils.java:logGet(43)) - raft.server.log.statemachine.data.sync = true (default)
2019-09-26 13:21:19,918 [pool-277-thread-1] INFO  server.RaftServerConfigKeys (ConfUtils.java:logGet(43)) - raft.server.log.statemachine.data.sync.timeout = 10s (default)
2019-09-26 13:21:19,918 [pool-277-thread-1] INFO  server.RaftServerConfigKeys (ConfUtils.java:logGet(43)) - raft.server.log.statemachine.data.sync.timeout.retry = -1 (default)
2019-09-26 13:21:19,918 [pool-277-thread-1] INFO  server.RaftServerConfigKeys (ConfUtils.java:logGet(43)) - raft.server.log.statemachine.data.caching.enabled = true (custom)
2019-09-26 13:21:19,918 [pool-277-thread-1] INFO  segmented.SegmentedRaftLogWorker (SegmentedRaftLogWorker.java:lambda$new$0(132)) - 8c369612-1079-4b1c-b5d4-8e378861e933@group-39E6ED973FF0-SegmentedRaftLogWorker: flushIndex: setUnconditionally 0 -> -1
2019-09-26 13:21:19,919 [pool-277-thread-1] INFO  server.RaftServerConfigKeys (ConfUtils.java:logGet(43)) - raft.server.snapshot.auto.trigger.enabled = true (custom)
2019-09-26 13:21:19,919 [pool-277-thread-1] INFO  server.RaftServerConfigKeys (ConfUtils.java:logGet(43)) - raft.server.snapshot.auto.trigger.threshold = 10000 (custom)
2019-09-26 13:21:19,919 [pool-277-thread-1] INFO  server.RaftServerConfigKeys (ConfUtils.java:logGet(43)) - raft.server.snapshot.retention.num.files = 5 (custom)
2019-09-26 13:21:19,919 [pool-277-thread-1] INFO  server.RaftServerConfigKeys (ConfUtils.java:logGet(43)) - raft.server.retrycache.expirytime = 600000ms (custom)
2019-09-26 13:21:19,921 [pool-277-thread-1] INFO  impl.RaftServerImpl (RaftServerImpl.java:start(185)) - 8c369612-1079-4b1c-b5d4-8e378861e933@group-39E6ED973FF0: start as a follower, conf=-1: [8c369612-1079-4b1c-b5d4-8e378861e933:192.168.164.238:34192], old=null
2019-09-26 13:21:19,921 [pool-277-thread-1] INFO  impl.RaftServerImpl (RaftServerImpl.java:setRole(174)) - 8c369612-1079-4b1c-b5d4-8e378861e933@group-39E6ED973FF0: changes role from      null to FOLLOWER at term 0 for startAsFollower
2019-09-26 13:21:19,921 [pool-277-thread-1] INFO  impl.RoleInfo (RoleInfo.java:updateAndGet(143)) - 8c369612-1079-4b1c-b5d4-8e378861e933: start FollowerState
2019-09-26 13:21:19,922 [pool-277-thread-1] INFO  util.JmxRegister (JmxRegister.java:tryRegister(44)) - Successfully registered JMX Bean with object name Ratis:service=RaftServer,group=group-39E6ED973FF0,id=8c369612-1079-4b1c-b5d4-8e378861e933
2019-09-26 13:21:19,925 [RatisPipelineUtilsThread] INFO  pipeline.PipelineStateManager (PipelineStateManager.java:addPipeline(56)) - Created pipeline Pipeline[ Id: 4655c069-4c12-44ed-baeb-39e6ed973ff0, Nodes: 8c369612-1079-4b1c-b5d4-8e378861e933{ip: 192.168.164.238, host: pr-hdds-1569-87zkn-1081879488, networkLocation: /default-rack, certSerialId: null}, Type:RATIS, Factor:ONE, State:OPEN]
2019-09-26 13:21:19,934 [grpc-default-executor-0] INFO  impl.RaftServerProxy (RaftServerProxy.java:addNew(89)) - 7c6e08d0-8593-4f06-8d99-677ce7e140bf: addNew group-46229E0D4CC0:[7c6e08d0-8593-4f06-8d99-677ce7e140bf:192.168.164.238:38697] returns group-46229E0D4CC0:java.util.concurrent.CompletableFuture@7122adf1[Not completed]
2019-09-26 13:21:19,935 [pool-287-thread-1] INFO  impl.RaftServerImpl (RaftServerImpl.java:<init>(95)) - 7c6e08d0-8593-4f06-8d99-677ce7e140bf: new RaftServerImpl for group-46229E0D4CC0:[7c6e08d0-8593-4f06-8d99-677ce7e140bf:192.168.164.238:38697] with ContainerStateMachine:uninitialized
2019-09-26 13:21:19,935 [pool-287-thread-1] INFO  server.RaftServerConfigKeys (ConfUtils.java:logGet(43)) - raft.server.rpc.timeout.min = 5s (custom)
2019-09-26 13:21:19,936 [pool-287-thread-1] INFO  server.RaftServerConfigKeys (ConfUtils.java:logGet(43)) - raft.server.rpc.timeout.max = 5200ms (custom)
2019-09-26 13:21:19,936 [pool-287-thread-1] INFO  server.RaftServerConfigKeys (ConfUtils.java:logGet(43)) - raft.server.rpcslowness.timeout = 120s (custom)
2019-09-26 13:21:19,936 [pool-287-thread-1] INFO  server.RaftServerConfigKeys (ConfUtils.java:logGet(43)) - raft.server.sleep.deviation.threshold = 300 (default)
2019-09-26 13:21:19,936 [pool-287-thread-1] INFO  server.RaftServerConfigKeys (ConfUtils.java:logGet(43)) - raft.server.log.appender.install.snapshot.enabled = false (custom)
2019-09-26 13:21:19,936 [pool-287-thread-1] INFO  impl.RaftServerImpl (ServerState.java:<init>(103)) - 7c6e08d0-8593-4f06-8d99-677ce7e140bf@group-46229E0D4CC0: ConfigurationManager, init=-1: [7c6e08d0-8593-4f06-8d99-677ce7e140bf:192.168.164.238:38697], old=null, confs=<EMPTY_MAP>
2019-09-26 13:21:19,936 [pool-287-thread-1] INFO  server.RaftServerConfigKeys (ConfUtils.java:logGet(43)) - raft.server.storage.dir = [/workdir/hadoop-ozone/ozonefs/target/test-dir/MiniOzoneClusterImpl-2c717051-d98f-4757-bca5-e960ea56bcc7/datanode-1/data/ratis] (custom)
2019-09-26 13:21:19,937 [pool-287-thread-1] INFO  storage.RaftStorageDirectory (RaftStorageDirectory.java:analyzeStorage(246)) - The storage directory /workdir/hadoop-ozone/ozonefs/target/test-dir/MiniOzoneClusterImpl-2c717051-d98f-4757-bca5-e960ea56bcc7/datanode-1/data/ratis/894681fa-2a6d-4a52-be8e-46229e0d4cc0 does not exist. Creating ...
2019-09-26 13:21:19,949 [pool-287-thread-1] INFO  storage.RaftStorageDirectory (RaftStorageDirectory.java:tryLock(328)) - Lock on /workdir/hadoop-ozone/ozonefs/target/test-dir/MiniOzoneClusterImpl-2c717051-d98f-4757-bca5-e960ea56bcc7/datanode-1/data/ratis/894681fa-2a6d-4a52-be8e-46229e0d4cc0/in_use.lock acquired by nodename 20384@pr-hdds-1569-87zkn-1081879488
2019-09-26 13:21:19,958 [main] INFO  ozone.MiniOzoneClusterImpl (MiniOzoneClusterImpl.java:lambda$waitForClusterToBeReady$0(147)) - Waiting for cluster to be ready. Got 2 of 3 DN Heartbeats.
2019-09-26 13:21:19,959 [IPC Server handler 3 on 32922] INFO  net.NetworkTopology (NetworkTopologyImpl.java:add(111)) - Added a new node: /default-rack/62684552-2d14-4fa0-a8ac-9ab43a1e29b8
2019-09-26 13:21:19,959 [IPC Server handler 3 on 32922] INFO  node.SCMNodeManager (SCMNodeManager.java:register(266)) - Registered Data node : 62684552-2d14-4fa0-a8ac-9ab43a1e29b8{ip: 192.168.164.238, host: pr-hdds-1569-87zkn-1081879488, networkLocation: /default-rack, certSerialId: null}
2019-09-26 13:21:19,962 [pool-287-thread-1] INFO  storage.RaftStorage (RaftStorage.java:format(72)) - Storage directory /workdir/hadoop-ozone/ozonefs/target/test-dir/MiniOzoneClusterImpl-2c717051-d98f-4757-bca5-e960ea56bcc7/datanode-1/data/ratis/894681fa-2a6d-4a52-be8e-46229e0d4cc0 has been successfully formatted.
2019-09-26 13:21:19,962 [pool-287-thread-1] INFO  ratis.ContainerStateMachine (ContainerStateMachine.java:loadSnapshot(230)) - group-46229E0D4CC0: The snapshot info is null. Setting the last applied indexto:(t:0, i:~)
2019-09-26 13:21:19,962 [pool-287-thread-1] INFO  server.RaftServerConfigKeys (ConfUtils.java:logGet(43)) - raft.server.notification.no-leader.timeout = 120s (custom)
2019-09-26 13:21:19,963 [pool-287-thread-1] INFO  server.RaftServerConfigKeys (ConfUtils.java:logGet(43)) - raft.server.log.use.memory = false (default)
2019-09-26 13:21:19,963 [pool-287-thread-1] INFO  server.RaftServerConfigKeys (ConfUtils.java:logGet(43)) - raft.server.log.purge.gap = 1000000 (custom)
2019-09-26 13:21:19,963 [pool-287-thread-1] INFO  server.RaftServerConfigKeys (ConfUtils.java:logGet(43)) - raft.server.log.appender.buffer.byte-limit = 33554432 (custom)
2019-09-26 13:21:19,963 [pool-287-thread-1] INFO  server.RaftServerConfigKeys (ConfUtils.java:logGet(43)) - raft.server.log.segment.size.max = 1048576 (custom)
2019-09-26 13:21:19,963 [pool-287-thread-1] INFO  server.RaftServerConfigKeys (ConfUtils.java:logGet(43)) - raft.server.log.segment.cache.num.max = 2 (custom)
2019-09-26 13:21:19,963 [pool-287-thread-1] INFO  segmented.SegmentedRaftLogWorker (SegmentedRaftLogWorker.java:<init>(172)) - new 7c6e08d0-8593-4f06-8d99-677ce7e140bf@group-46229E0D4CC0-SegmentedRaftLogWorker for RaftStorage:Storage Directory /workdir/hadoop-ozone/ozonefs/target/test-dir/MiniOzoneClusterImpl-2c717051-d98f-4757-bca5-e960ea56bcc7/datanode-1/data/ratis/894681fa-2a6d-4a52-be8e-46229e0d4cc0
2019-09-26 13:21:19,964 [pool-287-thread-1] INFO  server.RaftServerConfigKeys (ConfUtils.java:logGet(43)) - raft.server.log.queue.byte-limit = 2147483647 (custom)
2019-09-26 13:21:19,965 [pool-287-thread-1] INFO  server.RaftServerConfigKeys (ConfUtils.java:logGet(43)) - raft.server.log.queue.element-limit = 1024 (custom)
2019-09-26 13:21:19,965 [pool-287-thread-1] INFO  server.RaftServerConfigKeys (ConfUtils.java:logGet(43)) - raft.server.log.segment.size.max = 1048576 (custom)
2019-09-26 13:21:19,965 [pool-287-thread-1] INFO  server.RaftServerConfigKeys (ConfUtils.java:logGet(43)) - raft.server.log.preallocated.size = 16384 (custom)
2019-09-26 13:21:19,965 [pool-287-thread-1] INFO  server.RaftServerConfigKeys (ConfUtils.java:logGet(43)) - raft.server.log.write.buffer.size = 33554432 (custom)
2019-09-26 13:21:19,965 [pool-287-thread-1] INFO  server.RaftServerConfigKeys (ConfUtils.java:logGet(43)) - raft.server.log.force.sync.num = 128 (default)
2019-09-26 13:21:19,965 [pool-287-thread-1] INFO  server.RaftServerConfigKeys (ConfUtils.java:logGet(43)) - raft.server.log.statemachine.data.sync = true (default)
2019-09-26 13:21:19,965 [pool-287-thread-1] INFO  server.RaftServerConfigKeys (ConfUtils.java:logGet(43)) - raft.server.log.statemachine.data.sync.timeout = 10s (default)
2019-09-26 13:21:19,965 [pool-287-thread-1] INFO  server.RaftServerConfigKeys (ConfUtils.java:logGet(43)) - raft.server.log.statemachine.data.sync.timeout.retry = -1 (default)
2019-09-26 13:21:19,965 [pool-287-thread-1] INFO  server.RaftServerConfigKeys (ConfUtils.java:logGet(43)) - raft.server.log.statemachine.data.caching.enabled = true (custom)
2019-09-26 13:21:19,966 [pool-287-thread-1] INFO  segmented.SegmentedRaftLogWorker (SegmentedRaftLogWorker.java:lambda$new$0(132)) - 7c6e08d0-8593-4f06-8d99-677ce7e140bf@group-46229E0D4CC0-SegmentedRaftLogWorker: flushIndex: setUnconditionally 0 -> -1
2019-09-26 13:21:19,966 [pool-287-thread-1] INFO  server.RaftServerConfigKeys (ConfUtils.java:logGet(43)) - raft.server.snapshot.auto.trigger.enabled = true (custom)
2019-09-26 13:21:19,966 [pool-287-thread-1] INFO  server.RaftServerConfigKeys (ConfUtils.java:logGet(43)) - raft.server.snapshot.auto.trigger.threshold = 10000 (custom)
2019-09-26 13:21:19,966 [pool-287-thread-1] INFO  server.RaftServerConfigKeys (ConfUtils.java:logGet(43)) - raft.server.snapshot.retention.num.files = 5 (custom)
2019-09-26 13:21:19,966 [pool-287-thread-1] INFO  server.RaftServerConfigKeys (ConfUtils.java:logGet(43)) - raft.server.retrycache.expirytime = 600000ms (custom)
2019-09-26 13:21:19,967 [pool-287-thread-1] INFO  impl.RaftServerImpl (RaftServerImpl.java:start(185)) - 7c6e08d0-8593-4f06-8d99-677ce7e140bf@group-46229E0D4CC0: start as a follower, conf=-1: [7c6e08d0-8593-4f06-8d99-677ce7e140bf:192.168.164.238:38697], old=null
2019-09-26 13:21:19,968 [pool-287-thread-1] INFO  impl.RaftServerImpl (RaftServerImpl.java:setRole(174)) - 7c6e08d0-8593-4f06-8d99-677ce7e140bf@group-46229E0D4CC0: changes role from      null to FOLLOWER at term 0 for startAsFollower
2019-09-26 13:21:19,968 [pool-287-thread-1] INFO  impl.RoleInfo (RoleInfo.java:updateAndGet(143)) - 7c6e08d0-8593-4f06-8d99-677ce7e140bf: start FollowerState
2019-09-26 13:21:19,968 [pool-287-thread-1] INFO  util.JmxRegister (JmxRegister.java:tryRegister(44)) - Successfully registered JMX Bean with object name Ratis:service=RaftServer,group=group-46229E0D4CC0,id=7c6e08d0-8593-4f06-8d99-677ce7e140bf
2019-09-26 13:21:19,971 [RatisPipelineUtilsThread] INFO  pipeline.PipelineStateManager (PipelineStateManager.java:addPipeline(56)) - Created pipeline Pipeline[ Id: 894681fa-2a6d-4a52-be8e-46229e0d4cc0, Nodes: 7c6e08d0-8593-4f06-8d99-677ce7e140bf{ip: 192.168.164.238, host: pr-hdds-1569-87zkn-1081879488, networkLocation: /default-rack, certSerialId: null}, Type:RATIS, Factor:ONE, State:OPEN]
2019-09-26 13:21:19,979 [grpc-default-executor-0] INFO  impl.RaftServerProxy (RaftServerProxy.java:addNew(89)) - 62684552-2d14-4fa0-a8ac-9ab43a1e29b8: addNew group-A8EC5EF97DFA:[62684552-2d14-4fa0-a8ac-9ab43a1e29b8:192.168.164.238:45794] returns group-A8EC5EF97DFA:java.util.concurrent.CompletableFuture@31bb48bf[Not completed]
2019-09-26 13:21:19,981 [pool-297-thread-1] INFO  impl.RaftServerImpl (RaftServerImpl.java:<init>(95)) - 62684552-2d14-4fa0-a8ac-9ab43a1e29b8: new RaftServerImpl for group-A8EC5EF97DFA:[62684552-2d14-4fa0-a8ac-9ab43a1e29b8:192.168.164.238:45794] with ContainerStateMachine:uninitialized
2019-09-26 13:21:19,981 [pool-297-thread-1] INFO  server.RaftServerConfigKeys (ConfUtils.java:logGet(43)) - raft.server.rpc.timeout.min = 5s (custom)
2019-09-26 13:21:19,981 [pool-297-thread-1] INFO  server.RaftServerConfigKeys (ConfUtils.java:logGet(43)) - raft.server.rpc.timeout.max = 5200ms (custom)
2019-09-26 13:21:19,981 [pool-297-thread-1] INFO  server.RaftServerConfigKeys (ConfUtils.java:logGet(43)) - raft.server.rpcslowness.timeout = 120s (custom)
2019-09-26 13:21:19,982 [pool-297-thread-1] INFO  server.RaftServerConfigKeys (ConfUtils.java:logGet(43)) - raft.server.sleep.deviation.threshold = 300 (default)
2019-09-26 13:21:19,982 [pool-297-thread-1] INFO  server.RaftServerConfigKeys (ConfUtils.java:logGet(43)) - raft.server.log.appender.install.snapshot.enabled = false (custom)
2019-09-26 13:21:19,982 [pool-297-thread-1] INFO  impl.RaftServerImpl (ServerState.java:<init>(103)) - 62684552-2d14-4fa0-a8ac-9ab43a1e29b8@group-A8EC5EF97DFA: ConfigurationManager, init=-1: [62684552-2d14-4fa0-a8ac-9ab43a1e29b8:192.168.164.238:45794], old=null, confs=<EMPTY_MAP>
2019-09-26 13:21:19,982 [pool-297-thread-1] INFO  server.RaftServerConfigKeys (ConfUtils.java:logGet(43)) - raft.server.storage.dir = [/workdir/hadoop-ozone/ozonefs/target/test-dir/MiniOzoneClusterImpl-2c717051-d98f-4757-bca5-e960ea56bcc7/datanode-2/data/ratis] (custom)
2019-09-26 13:21:19,982 [pool-297-thread-1] INFO  storage.RaftStorageDirectory (RaftStorageDirectory.java:analyzeStorage(246)) - The storage directory /workdir/hadoop-ozone/ozonefs/target/test-dir/MiniOzoneClusterImpl-2c717051-d98f-4757-bca5-e960ea56bcc7/datanode-2/data/ratis/fadd8715-fed8-4d38-a9ec-a8ec5ef97dfa does not exist. Creating ...
2019-09-26 13:21:19,996 [pool-297-thread-1] INFO  storage.RaftStorageDirectory (RaftStorageDirectory.java:tryLock(328)) - Lock on /workdir/hadoop-ozone/ozonefs/target/test-dir/MiniOzoneClusterImpl-2c717051-d98f-4757-bca5-e960ea56bcc7/datanode-2/data/ratis/fadd8715-fed8-4d38-a9ec-a8ec5ef97dfa/in_use.lock acquired by nodename 20384@pr-hdds-1569-87zkn-1081879488
2019-09-26 13:21:20,009 [pool-297-thread-1] INFO  storage.RaftStorage (RaftStorage.java:format(72)) - Storage directory /workdir/hadoop-ozone/ozonefs/target/test-dir/MiniOzoneClusterImpl-2c717051-d98f-4757-bca5-e960ea56bcc7/datanode-2/data/ratis/fadd8715-fed8-4d38-a9ec-a8ec5ef97dfa has been successfully formatted.
2019-09-26 13:21:20,009 [pool-297-thread-1] INFO  ratis.ContainerStateMachine (ContainerStateMachine.java:loadSnapshot(230)) - group-A8EC5EF97DFA: The snapshot info is null. Setting the last applied indexto:(t:0, i:~)
2019-09-26 13:21:20,009 [pool-297-thread-1] INFO  server.RaftServerConfigKeys (ConfUtils.java:logGet(43)) - raft.server.notification.no-leader.timeout = 120s (custom)
2019-09-26 13:21:20,009 [pool-297-thread-1] INFO  server.RaftServerConfigKeys (ConfUtils.java:logGet(43)) - raft.server.log.use.memory = false (default)
2019-09-26 13:21:20,009 [pool-297-thread-1] INFO  server.RaftServerConfigKeys (ConfUtils.java:logGet(43)) - raft.server.log.purge.gap = 1000000 (custom)
2019-09-26 13:21:20,010 [pool-297-thread-1] INFO  server.RaftServerConfigKeys (ConfUtils.java:logGet(43)) - raft.server.log.appender.buffer.byte-limit = 33554432 (custom)
2019-09-26 13:21:20,010 [pool-297-thread-1] INFO  server.RaftServerConfigKeys (ConfUtils.java:logGet(43)) - raft.server.log.segment.size.max = 1048576 (custom)
2019-09-26 13:21:20,010 [pool-297-thread-1] INFO  server.RaftServerConfigKeys (ConfUtils.java:logGet(43)) - raft.server.log.segment.cache.num.max = 2 (custom)
2019-09-26 13:21:20,010 [pool-297-thread-1] INFO  segmented.SegmentedRaftLogWorker (SegmentedRaftLogWorker.java:<init>(172)) - new 62684552-2d14-4fa0-a8ac-9ab43a1e29b8@group-A8EC5EF97DFA-SegmentedRaftLogWorker for RaftStorage:Storage Directory /workdir/hadoop-ozone/ozonefs/target/test-dir/MiniOzoneClusterImpl-2c717051-d98f-4757-bca5-e960ea56bcc7/datanode-2/data/ratis/fadd8715-fed8-4d38-a9ec-a8ec5ef97dfa
2019-09-26 13:21:20,013 [pool-297-thread-1] INFO  server.RaftServerConfigKeys (ConfUtils.java:logGet(43)) - raft.server.log.queue.byte-limit = 2147483647 (custom)
2019-09-26 13:21:20,013 [pool-297-thread-1] INFO  server.RaftServerConfigKeys (ConfUtils.java:logGet(43)) - raft.server.log.queue.element-limit = 1024 (custom)
2019-09-26 13:21:20,013 [pool-297-thread-1] INFO  server.RaftServerConfigKeys (ConfUtils.java:logGet(43)) - raft.server.log.segment.size.max = 1048576 (custom)
2019-09-26 13:21:20,013 [pool-297-thread-1] INFO  server.RaftServerConfigKeys (ConfUtils.java:logGet(43)) - raft.server.log.preallocated.size = 16384 (custom)
2019-09-26 13:21:20,013 [pool-297-thread-1] INFO  server.RaftServerConfigKeys (ConfUtils.java:logGet(43)) - raft.server.log.write.buffer.size = 33554432 (custom)
2019-09-26 13:21:20,013 [pool-297-thread-1] INFO  server.RaftServerConfigKeys (ConfUtils.java:logGet(43)) - raft.server.log.force.sync.num = 128 (default)
2019-09-26 13:21:20,014 [pool-297-thread-1] INFO  server.RaftServerConfigKeys (ConfUtils.java:logGet(43)) - raft.server.log.statemachine.data.sync = true (default)
2019-09-26 13:21:20,014 [pool-297-thread-1] INFO  server.RaftServerConfigKeys (ConfUtils.java:logGet(43)) - raft.server.log.statemachine.data.sync.timeout = 10s (default)
2019-09-26 13:21:20,014 [pool-297-thread-1] INFO  server.RaftServerConfigKeys (ConfUtils.java:logGet(43)) - raft.server.log.statemachine.data.sync.timeout.retry = -1 (default)
2019-09-26 13:21:20,014 [pool-297-thread-1] INFO  server.RaftServerConfigKeys (ConfUtils.java:logGet(43)) - raft.server.log.statemachine.data.caching.enabled = true (custom)
2019-09-26 13:21:20,014 [pool-297-thread-1] INFO  segmented.SegmentedRaftLogWorker (SegmentedRaftLogWorker.java:lambda$new$0(132)) - 62684552-2d14-4fa0-a8ac-9ab43a1e29b8@group-A8EC5EF97DFA-SegmentedRaftLogWorker: flushIndex: setUnconditionally 0 -> -1
2019-09-26 13:21:20,015 [pool-297-thread-1] INFO  server.RaftServerConfigKeys (ConfUtils.java:logGet(43)) - raft.server.snapshot.auto.trigger.enabled = true (custom)
2019-09-26 13:21:20,015 [pool-297-thread-1] INFO  server.RaftServerConfigKeys (ConfUtils.java:logGet(43)) - raft.server.snapshot.auto.trigger.threshold = 10000 (custom)
2019-09-26 13:21:20,015 [pool-297-thread-1] INFO  server.RaftServerConfigKeys (ConfUtils.java:logGet(43)) - raft.server.snapshot.retention.num.files = 5 (custom)
2019-09-26 13:21:20,015 [pool-297-thread-1] INFO  server.RaftServerConfigKeys (ConfUtils.java:logGet(43)) - raft.server.retrycache.expirytime = 600000ms (custom)
2019-09-26 13:21:20,016 [pool-297-thread-1] INFO  impl.RaftServerImpl (RaftServerImpl.java:start(185)) - 62684552-2d14-4fa0-a8ac-9ab43a1e29b8@group-A8EC5EF97DFA: start as a follower, conf=-1: [62684552-2d14-4fa0-a8ac-9ab43a1e29b8:192.168.164.238:45794], old=null
2019-09-26 13:21:20,016 [pool-297-thread-1] INFO  impl.RaftServerImpl (RaftServerImpl.java:setRole(174)) - 62684552-2d14-4fa0-a8ac-9ab43a1e29b8@group-A8EC5EF97DFA: changes role from      null to FOLLOWER at term 0 for startAsFollower
2019-09-26 13:21:20,016 [pool-297-thread-1] INFO  impl.RoleInfo (RoleInfo.java:updateAndGet(143)) - 62684552-2d14-4fa0-a8ac-9ab43a1e29b8: start FollowerState
2019-09-26 13:21:20,017 [pool-297-thread-1] INFO  util.JmxRegister (JmxRegister.java:tryRegister(44)) - Successfully registered JMX Bean with object name Ratis:service=RaftServer,group=group-A8EC5EF97DFA,id=62684552-2d14-4fa0-a8ac-9ab43a1e29b8
2019-09-26 13:21:20,020 [RatisPipelineUtilsThread] INFO  pipeline.PipelineStateManager (PipelineStateManager.java:addPipeline(56)) - Created pipeline Pipeline[ Id: fadd8715-fed8-4d38-a9ec-a8ec5ef97dfa, Nodes: 62684552-2d14-4fa0-a8ac-9ab43a1e29b8{ip: 192.168.164.238, host: pr-hdds-1569-87zkn-1081879488, networkLocation: /default-rack, certSerialId: null}, Type:RATIS, Factor:ONE, State:OPEN]
2019-09-26 13:21:20,025 [grpc-default-executor-0] INFO  impl.RaftServerProxy (RaftServerProxy.java:addNew(89)) - 8c369612-1079-4b1c-b5d4-8e378861e933: addNew group-39F32D9B576C:[8c369612-1079-4b1c-b5d4-8e378861e933:192.168.164.238:34192] returns group-39F32D9B576C:java.util.concurrent.CompletableFuture@18c0d8e8[Not completed]
2019-09-26 13:21:20,026 [pool-277-thread-1] INFO  impl.RaftServerImpl (RaftServerImpl.java:<init>(95)) - 8c369612-1079-4b1c-b5d4-8e378861e933: new RaftServerImpl for group-39F32D9B576C:[8c369612-1079-4b1c-b5d4-8e378861e933:192.168.164.238:34192] with ContainerStateMachine:uninitialized
2019-09-26 13:21:20,026 [pool-277-thread-1] INFO  server.RaftServerConfigKeys (ConfUtils.java:logGet(43)) - raft.server.rpc.timeout.min = 5s (custom)
2019-09-26 13:21:20,026 [pool-277-thread-1] INFO  server.RaftServerConfigKeys (ConfUtils.java:logGet(43)) - raft.server.rpc.timeout.max = 5200ms (custom)
2019-09-26 13:21:20,026 [pool-277-thread-1] INFO  server.RaftServerConfigKeys (ConfUtils.java:logGet(43)) - raft.server.rpcslowness.timeout = 120s (custom)
2019-09-26 13:21:20,027 [pool-277-thread-1] INFO  server.RaftServerConfigKeys (ConfUtils.java:logGet(43)) - raft.server.sleep.deviation.threshold = 300 (default)
2019-09-26 13:21:20,027 [pool-277-thread-1] INFO  server.RaftServerConfigKeys (ConfUtils.java:logGet(43)) - raft.server.log.appender.install.snapshot.enabled = false (custom)
2019-09-26 13:21:20,027 [pool-277-thread-1] INFO  impl.RaftServerImpl (ServerState.java:<init>(103)) - 8c369612-1079-4b1c-b5d4-8e378861e933@group-39F32D9B576C: ConfigurationManager, init=-1: [8c369612-1079-4b1c-b5d4-8e378861e933:192.168.164.238:34192], old=null, confs=<EMPTY_MAP>
2019-09-26 13:21:20,027 [pool-277-thread-1] INFO  server.RaftServerConfigKeys (ConfUtils.java:logGet(43)) - raft.server.storage.dir = [/workdir/hadoop-ozone/ozonefs/target/test-dir/MiniOzoneClusterImpl-2c717051-d98f-4757-bca5-e960ea56bcc7/datanode-0/data/ratis] (custom)
2019-09-26 13:21:20,027 [pool-277-thread-1] INFO  storage.RaftStorageDirectory (RaftStorageDirectory.java:analyzeStorage(246)) - The storage directory /workdir/hadoop-ozone/ozonefs/target/test-dir/MiniOzoneClusterImpl-2c717051-d98f-4757-bca5-e960ea56bcc7/datanode-0/data/ratis/74a726de-062a-44cb-94d4-39f32d9b576c does not exist. Creating ...
2019-09-26 13:21:20,040 [pool-277-thread-1] INFO  storage.RaftStorageDirectory (RaftStorageDirectory.java:tryLock(328)) - Lock on /workdir/hadoop-ozone/ozonefs/target/test-dir/MiniOzoneClusterImpl-2c717051-d98f-4757-bca5-e960ea56bcc7/datanode-0/data/ratis/74a726de-062a-44cb-94d4-39f32d9b576c/in_use.lock acquired by nodename 20384@pr-hdds-1569-87zkn-1081879488
2019-09-26 13:21:20,044 [pool-277-thread-1] INFO  storage.RaftStorage (RaftStorage.java:format(72)) - Storage directory /workdir/hadoop-ozone/ozonefs/target/test-dir/MiniOzoneClusterImpl-2c717051-d98f-4757-bca5-e960ea56bcc7/datanode-0/data/ratis/74a726de-062a-44cb-94d4-39f32d9b576c has been successfully formatted.
2019-09-26 13:21:20,044 [pool-277-thread-1] INFO  ratis.ContainerStateMachine (ContainerStateMachine.java:loadSnapshot(230)) - group-39F32D9B576C: The snapshot info is null. Setting the last applied indexto:(t:0, i:~)
2019-09-26 13:21:20,044 [pool-277-thread-1] INFO  server.RaftServerConfigKeys (ConfUtils.java:logGet(43)) - raft.server.notification.no-leader.timeout = 120s (custom)
2019-09-26 13:21:20,045 [pool-277-thread-1] INFO  server.RaftServerConfigKeys (ConfUtils.java:logGet(43)) - raft.server.log.use.memory = false (default)
2019-09-26 13:21:20,045 [pool-277-thread-1] INFO  server.RaftServerConfigKeys (ConfUtils.java:logGet(43)) - raft.server.log.purge.gap = 1000000 (custom)
2019-09-26 13:21:20,045 [pool-277-thread-1] INFO  server.RaftServerConfigKeys (ConfUtils.java:logGet(43)) - raft.server.log.appender.buffer.byte-limit = 33554432 (custom)
2019-09-26 13:21:20,045 [pool-277-thread-1] INFO  server.RaftServerConfigKeys (ConfUtils.java:logGet(43)) - raft.server.log.segment.size.max = 1048576 (custom)
2019-09-26 13:21:20,045 [pool-277-thread-1] INFO  server.RaftServerConfigKeys (ConfUtils.java:logGet(43)) - raft.server.log.segment.cache.num.max = 2 (custom)
2019-09-26 13:21:20,046 [pool-277-thread-1] INFO  segmented.SegmentedRaftLogWorker (SegmentedRaftLogWorker.java:<init>(172)) - new 8c369612-1079-4b1c-b5d4-8e378861e933@group-39F32D9B576C-SegmentedRaftLogWorker for RaftStorage:Storage Directory /workdir/hadoop-ozone/ozonefs/target/test-dir/MiniOzoneClusterImpl-2c717051-d98f-4757-bca5-e960ea56bcc7/datanode-0/data/ratis/74a726de-062a-44cb-94d4-39f32d9b576c
2019-09-26 13:21:20,046 [pool-277-thread-1] INFO  server.RaftServerConfigKeys (ConfUtils.java:logGet(43)) - raft.server.log.queue.byte-limit = 2147483647 (custom)
2019-09-26 13:21:20,046 [pool-277-thread-1] INFO  server.RaftServerConfigKeys (ConfUtils.java:logGet(43)) - raft.server.log.queue.element-limit = 1024 (custom)
2019-09-26 13:21:20,046 [pool-277-thread-1] INFO  server.RaftServerConfigKeys (ConfUtils.java:logGet(43)) - raft.server.log.segment.size.max = 1048576 (custom)
2019-09-26 13:21:20,046 [pool-277-thread-1] INFO  server.RaftServerConfigKeys (ConfUtils.java:logGet(43)) - raft.server.log.preallocated.size = 16384 (custom)
2019-09-26 13:21:20,046 [pool-277-thread-1] INFO  server.RaftServerConfigKeys (ConfUtils.java:logGet(43)) - raft.server.log.write.buffer.size = 33554432 (custom)
2019-09-26 13:21:20,047 [pool-277-thread-1] INFO  server.RaftServerConfigKeys (ConfUtils.java:logGet(43)) - raft.server.log.force.sync.num = 128 (default)
2019-09-26 13:21:20,047 [pool-277-thread-1] INFO  server.RaftServerConfigKeys (ConfUtils.java:logGet(43)) - raft.server.log.statemachine.data.sync = true (default)
2019-09-26 13:21:20,047 [pool-277-thread-1] INFO  server.RaftServerConfigKeys (ConfUtils.java:logGet(43)) - raft.server.log.statemachine.data.sync.timeout = 10s (default)
2019-09-26 13:21:20,047 [pool-277-thread-1] INFO  server.RaftServerConfigKeys (ConfUtils.java:logGet(43)) - raft.server.log.statemachine.data.sync.timeout.retry = -1 (default)
2019-09-26 13:21:20,047 [pool-277-thread-1] INFO  server.RaftServerConfigKeys (ConfUtils.java:logGet(43)) - raft.server.log.statemachine.data.caching.enabled = true (custom)
2019-09-26 13:21:20,048 [pool-277-thread-1] INFO  segmented.SegmentedRaftLogWorker (SegmentedRaftLogWorker.java:lambda$new$0(132)) - 8c369612-1079-4b1c-b5d4-8e378861e933@group-39F32D9B576C-SegmentedRaftLogWorker: flushIndex: setUnconditionally 0 -> -1
2019-09-26 13:21:20,048 [pool-277-thread-1] INFO  server.RaftServerConfigKeys (ConfUtils.java:logGet(43)) - raft.server.snapshot.auto.trigger.enabled = true (custom)
2019-09-26 13:21:20,048 [pool-277-thread-1] INFO  server.RaftServerConfigKeys (ConfUtils.java:logGet(43)) - raft.server.snapshot.auto.trigger.threshold = 10000 (custom)
2019-09-26 13:21:20,048 [pool-277-thread-1] INFO  server.RaftServerConfigKeys (ConfUtils.java:logGet(43)) - raft.server.snapshot.retention.num.files = 5 (custom)
2019-09-26 13:21:20,049 [pool-277-thread-1] INFO  server.RaftServerConfigKeys (ConfUtils.java:logGet(43)) - raft.server.retrycache.expirytime = 600000ms (custom)
2019-09-26 13:21:20,051 [pool-277-thread-1] INFO  impl.RaftServerImpl (RaftServerImpl.java:start(185)) - 8c369612-1079-4b1c-b5d4-8e378861e933@group-39F32D9B576C: start as a follower, conf=-1: [8c369612-1079-4b1c-b5d4-8e378861e933:192.168.164.238:34192], old=null
2019-09-26 13:21:20,051 [pool-277-thread-1] INFO  impl.RaftServerImpl (RaftServerImpl.java:setRole(174)) - 8c369612-1079-4b1c-b5d4-8e378861e933@group-39F32D9B576C: changes role from      null to FOLLOWER at term 0 for startAsFollower
2019-09-26 13:21:20,051 [pool-277-thread-1] INFO  impl.RoleInfo (RoleInfo.java:updateAndGet(143)) - 8c369612-1079-4b1c-b5d4-8e378861e933: start FollowerState
2019-09-26 13:21:20,052 [pool-277-thread-1] INFO  util.JmxRegister (JmxRegister.java:tryRegister(44)) - Successfully registered JMX Bean with object name Ratis:service=RaftServer,group=group-39F32D9B576C,id=8c369612-1079-4b1c-b5d4-8e378861e933
2019-09-26 13:21:20,055 [RatisPipelineUtilsThread] INFO  pipeline.PipelineStateManager (PipelineStateManager.java:addPipeline(56)) - Created pipeline Pipeline[ Id: 74a726de-062a-44cb-94d4-39f32d9b576c, Nodes: 8c369612-1079-4b1c-b5d4-8e378861e933{ip: 192.168.164.238, host: pr-hdds-1569-87zkn-1081879488, networkLocation: /default-rack, certSerialId: null}, Type:RATIS, Factor:ONE, State:OPEN]
2019-09-26 13:21:20,061 [grpc-default-executor-0] INFO  impl.RaftServerProxy (RaftServerProxy.java:addNew(89)) - 8c369612-1079-4b1c-b5d4-8e378861e933: addNew group-661569B8793A:[8c369612-1079-4b1c-b5d4-8e378861e933:192.168.164.238:34192] returns group-661569B8793A:java.util.concurrent.CompletableFuture@2db8579d[Not completed]
2019-09-26 13:21:20,062 [pool-277-thread-1] INFO  impl.RaftServerImpl (RaftServerImpl.java:<init>(95)) - 8c369612-1079-4b1c-b5d4-8e378861e933: new RaftServerImpl for group-661569B8793A:[8c369612-1079-4b1c-b5d4-8e378861e933:192.168.164.238:34192] with ContainerStateMachine:uninitialized
2019-09-26 13:21:20,062 [pool-277-thread-1] INFO  server.RaftServerConfigKeys (ConfUtils.java:logGet(43)) - raft.server.rpc.timeout.min = 5s (custom)
2019-09-26 13:21:20,062 [pool-277-thread-1] INFO  server.RaftServerConfigKeys (ConfUtils.java:logGet(43)) - raft.server.rpc.timeout.max = 5200ms (custom)
2019-09-26 13:21:20,062 [pool-277-thread-1] INFO  server.RaftServerConfigKeys (ConfUtils.java:logGet(43)) - raft.server.rpcslowness.timeout = 120s (custom)
2019-09-26 13:21:20,062 [pool-277-thread-1] INFO  server.RaftServerConfigKeys (ConfUtils.java:logGet(43)) - raft.server.sleep.deviation.threshold = 300 (default)
2019-09-26 13:21:20,063 [pool-277-thread-1] INFO  server.RaftServerConfigKeys (ConfUtils.java:logGet(43)) - raft.server.log.appender.install.snapshot.enabled = false (custom)
2019-09-26 13:21:20,063 [pool-277-thread-1] INFO  impl.RaftServerImpl (ServerState.java:<init>(103)) - 8c369612-1079-4b1c-b5d4-8e378861e933@group-661569B8793A: ConfigurationManager, init=-1: [8c369612-1079-4b1c-b5d4-8e378861e933:192.168.164.238:34192], old=null, confs=<EMPTY_MAP>
2019-09-26 13:21:20,063 [pool-277-thread-1] INFO  server.RaftServerConfigKeys (ConfUtils.java:logGet(43)) - raft.server.storage.dir = [/workdir/hadoop-ozone/ozonefs/target/test-dir/MiniOzoneClusterImpl-2c717051-d98f-4757-bca5-e960ea56bcc7/datanode-0/data/ratis] (custom)
2019-09-26 13:21:20,063 [pool-277-thread-1] INFO  storage.RaftStorageDirectory (RaftStorageDirectory.java:analyzeStorage(246)) - The storage directory /workdir/hadoop-ozone/ozonefs/target/test-dir/MiniOzoneClusterImpl-2c717051-d98f-4757-bca5-e960ea56bcc7/datanode-0/data/ratis/6b322319-d891-4788-8010-661569b8793a does not exist. Creating ...
2019-09-26 13:21:20,085 [pool-277-thread-1] INFO  storage.RaftStorageDirectory (RaftStorageDirectory.java:tryLock(328)) - Lock on /workdir/hadoop-ozone/ozonefs/target/test-dir/MiniOzoneClusterImpl-2c717051-d98f-4757-bca5-e960ea56bcc7/datanode-0/data/ratis/6b322319-d891-4788-8010-661569b8793a/in_use.lock acquired by nodename 20384@pr-hdds-1569-87zkn-1081879488
2019-09-26 13:21:20,099 [pool-277-thread-1] INFO  storage.RaftStorage (RaftStorage.java:format(72)) - Storage directory /workdir/hadoop-ozone/ozonefs/target/test-dir/MiniOzoneClusterImpl-2c717051-d98f-4757-bca5-e960ea56bcc7/datanode-0/data/ratis/6b322319-d891-4788-8010-661569b8793a has been successfully formatted.
2019-09-26 13:21:20,099 [pool-277-thread-1] INFO  ratis.ContainerStateMachine (ContainerStateMachine.java:loadSnapshot(230)) - group-661569B8793A: The snapshot info is null. Setting the last applied indexto:(t:0, i:~)
2019-09-26 13:21:20,100 [pool-277-thread-1] INFO  server.RaftServerConfigKeys (ConfUtils.java:logGet(43)) - raft.server.notification.no-leader.timeout = 120s (custom)
2019-09-26 13:21:20,100 [pool-277-thread-1] INFO  server.RaftServerConfigKeys (ConfUtils.java:logGet(43)) - raft.server.log.use.memory = false (default)
2019-09-26 13:21:20,100 [pool-277-thread-1] INFO  server.RaftServerConfigKeys (ConfUtils.java:logGet(43)) - raft.server.log.purge.gap = 1000000 (custom)
2019-09-26 13:21:20,100 [pool-277-thread-1] INFO  server.RaftServerConfigKeys (ConfUtils.java:logGet(43)) - raft.server.log.appender.buffer.byte-limit = 33554432 (custom)
2019-09-26 13:21:20,100 [pool-277-thread-1] INFO  server.RaftServerConfigKeys (ConfUtils.java:logGet(43)) - raft.server.log.segment.size.max = 1048576 (custom)
2019-09-26 13:21:20,100 [pool-277-thread-1] INFO  server.RaftServerConfigKeys (ConfUtils.java:logGet(43)) - raft.server.log.segment.cache.num.max = 2 (custom)
2019-09-26 13:21:20,101 [pool-277-thread-1] INFO  segmented.SegmentedRaftLogWorker (SegmentedRaftLogWorker.java:<init>(172)) - new 8c369612-1079-4b1c-b5d4-8e378861e933@group-661569B8793A-SegmentedRaftLogWorker for RaftStorage:Storage Directory /workdir/hadoop-ozone/ozonefs/target/test-dir/MiniOzoneClusterImpl-2c717051-d98f-4757-bca5-e960ea56bcc7/datanode-0/data/ratis/6b322319-d891-4788-8010-661569b8793a
2019-09-26 13:21:20,101 [pool-277-thread-1] INFO  server.RaftServerConfigKeys (ConfUtils.java:logGet(43)) - raft.server.log.queue.byte-limit = 2147483647 (custom)
2019-09-26 13:21:20,101 [pool-277-thread-1] INFO  server.RaftServerConfigKeys (ConfUtils.java:logGet(43)) - raft.server.log.queue.element-limit = 1024 (custom)
2019-09-26 13:21:20,101 [pool-277-thread-1] INFO  server.RaftServerConfigKeys (ConfUtils.java:logGet(43)) - raft.server.log.segment.size.max = 1048576 (custom)
2019-09-26 13:21:20,101 [pool-277-thread-1] INFO  server.RaftServerConfigKeys (ConfUtils.java:logGet(43)) - raft.server.log.preallocated.size = 16384 (custom)
2019-09-26 13:21:20,101 [pool-277-thread-1] INFO  server.RaftServerConfigKeys (ConfUtils.java:logGet(43)) - raft.server.log.write.buffer.size = 33554432 (custom)
2019-09-26 13:21:20,101 [pool-277-thread-1] INFO  server.RaftServerConfigKeys (ConfUtils.java:logGet(43)) - raft.server.log.force.sync.num = 128 (default)
2019-09-26 13:21:20,102 [pool-277-thread-1] INFO  server.RaftServerConfigKeys (ConfUtils.java:logGet(43)) - raft.server.log.statemachine.data.sync = true (default)
2019-09-26 13:21:20,102 [pool-277-thread-1] INFO  server.RaftServerConfigKeys (ConfUtils.java:logGet(43)) - raft.server.log.statemachine.data.sync.timeout = 10s (default)
2019-09-26 13:21:20,102 [pool-277-thread-1] INFO  server.RaftServerConfigKeys (ConfUtils.java:logGet(43)) - raft.server.log.statemachine.data.sync.timeout.retry = -1 (default)
2019-09-26 13:21:20,102 [pool-277-thread-1] INFO  server.RaftServerConfigKeys (ConfUtils.java:logGet(43)) - raft.server.log.statemachine.data.caching.enabled = true (custom)
2019-09-26 13:21:20,102 [pool-277-thread-1] INFO  segmented.SegmentedRaftLogWorker (SegmentedRaftLogWorker.java:lambda$new$0(132)) - 8c369612-1079-4b1c-b5d4-8e378861e933@group-661569B8793A-SegmentedRaftLogWorker: flushIndex: setUnconditionally 0 -> -1
2019-09-26 13:21:20,103 [pool-277-thread-1] INFO  server.RaftServerConfigKeys (ConfUtils.java:logGet(43)) - raft.server.snapshot.auto.trigger.enabled = true (custom)
2019-09-26 13:21:20,103 [pool-277-thread-1] INFO  server.RaftServerConfigKeys (ConfUtils.java:logGet(43)) - raft.server.snapshot.auto.trigger.threshold = 10000 (custom)
2019-09-26 13:21:20,103 [pool-277-thread-1] INFO  server.RaftServerConfigKeys (ConfUtils.java:logGet(43)) - raft.server.snapshot.retention.num.files = 5 (custom)
2019-09-26 13:21:20,103 [pool-277-thread-1] INFO  server.RaftServerConfigKeys (ConfUtils.java:logGet(43)) - raft.server.retrycache.expirytime = 600000ms (custom)
2019-09-26 13:21:20,105 [pool-277-thread-1] INFO  impl.RaftServerImpl (RaftServerImpl.java:start(185)) - 8c369612-1079-4b1c-b5d4-8e378861e933@group-661569B8793A: start as a follower, conf=-1: [8c369612-1079-4b1c-b5d4-8e378861e933:192.168.164.238:34192], old=null
2019-09-26 13:21:20,105 [pool-277-thread-1] INFO  impl.RaftServerImpl (RaftServerImpl.java:setRole(174)) - 8c369612-1079-4b1c-b5d4-8e378861e933@group-661569B8793A: changes role from      null to FOLLOWER at term 0 for startAsFollower
2019-09-26 13:21:20,105 [pool-277-thread-1] INFO  impl.RoleInfo (RoleInfo.java:updateAndGet(143)) - 8c369612-1079-4b1c-b5d4-8e378861e933: start FollowerState
2019-09-26 13:21:20,105 [pool-277-thread-1] INFO  util.JmxRegister (JmxRegister.java:tryRegister(44)) - Successfully registered JMX Bean with object name Ratis:service=RaftServer,group=group-661569B8793A,id=8c369612-1079-4b1c-b5d4-8e378861e933
2019-09-26 13:21:20,108 [RatisPipelineUtilsThread] INFO  pipeline.PipelineStateManager (PipelineStateManager.java:addPipeline(56)) - Created pipeline Pipeline[ Id: 6b322319-d891-4788-8010-661569b8793a, Nodes: 8c369612-1079-4b1c-b5d4-8e378861e933{ip: 192.168.164.238, host: pr-hdds-1569-87zkn-1081879488, networkLocation: /default-rack, certSerialId: null}, Type:RATIS, Factor:ONE, State:OPEN]
2019-09-26 13:21:20,113 [grpc-default-executor-0] INFO  impl.RaftServerProxy (RaftServerProxy.java:addNew(89)) - 7c6e08d0-8593-4f06-8d99-677ce7e140bf: addNew group-00EC05CBDA9F:[7c6e08d0-8593-4f06-8d99-677ce7e140bf:192.168.164.238:38697] returns group-00EC05CBDA9F:java.util.concurrent.CompletableFuture@77c526fb[Not completed]
2019-09-26 13:21:20,114 [pool-287-thread-1] INFO  impl.RaftServerImpl (RaftServerImpl.java:<init>(95)) - 7c6e08d0-8593-4f06-8d99-677ce7e140bf: new RaftServerImpl for group-00EC05CBDA9F:[7c6e08d0-8593-4f06-8d99-677ce7e140bf:192.168.164.238:38697] with ContainerStateMachine:uninitialized
2019-09-26 13:21:20,115 [pool-287-thread-1] INFO  server.RaftServerConfigKeys (ConfUtils.java:logGet(43)) - raft.server.rpc.timeout.min = 5s (custom)
2019-09-26 13:21:20,115 [pool-287-thread-1] INFO  server.RaftServerConfigKeys (ConfUtils.java:logGet(43)) - raft.server.rpc.timeout.max = 5200ms (custom)
2019-09-26 13:21:20,115 [pool-287-thread-1] INFO  server.RaftServerConfigKeys (ConfUtils.java:logGet(43)) - raft.server.rpcslowness.timeout = 120s (custom)
2019-09-26 13:21:20,115 [pool-287-thread-1] INFO  server.RaftServerConfigKeys (ConfUtils.java:logGet(43)) - raft.server.sleep.deviation.threshold = 300 (default)
2019-09-26 13:21:20,115 [pool-287-thread-1] INFO  server.RaftServerConfigKeys (ConfUtils.java:logGet(43)) - raft.server.log.appender.install.snapshot.enabled = false (custom)
2019-09-26 13:21:20,115 [pool-287-thread-1] INFO  impl.RaftServerImpl (ServerState.java:<init>(103)) - 7c6e08d0-8593-4f06-8d99-677ce7e140bf@group-00EC05CBDA9F: ConfigurationManager, init=-1: [7c6e08d0-8593-4f06-8d99-677ce7e140bf:192.168.164.238:38697], old=null, confs=<EMPTY_MAP>
2019-09-26 13:21:20,115 [pool-287-thread-1] INFO  server.RaftServerConfigKeys (ConfUtils.java:logGet(43)) - raft.server.storage.dir = [/workdir/hadoop-ozone/ozonefs/target/test-dir/MiniOzoneClusterImpl-2c717051-d98f-4757-bca5-e960ea56bcc7/datanode-1/data/ratis] (custom)
2019-09-26 13:21:20,116 [pool-287-thread-1] INFO  storage.RaftStorageDirectory (RaftStorageDirectory.java:analyzeStorage(246)) - The storage directory /workdir/hadoop-ozone/ozonefs/target/test-dir/MiniOzoneClusterImpl-2c717051-d98f-4757-bca5-e960ea56bcc7/datanode-1/data/ratis/64178a26-92c5-4247-b21b-00ec05cbda9f does not exist. Creating ...
2019-09-26 13:21:20,129 [pool-287-thread-1] INFO  storage.RaftStorageDirectory (RaftStorageDirectory.java:tryLock(328)) - Lock on /workdir/hadoop-ozone/ozonefs/target/test-dir/MiniOzoneClusterImpl-2c717051-d98f-4757-bca5-e960ea56bcc7/datanode-1/data/ratis/64178a26-92c5-4247-b21b-00ec05cbda9f/in_use.lock acquired by nodename 20384@pr-hdds-1569-87zkn-1081879488
2019-09-26 13:21:20,141 [pool-287-thread-1] INFO  storage.RaftStorage (RaftStorage.java:format(72)) - Storage directory /workdir/hadoop-ozone/ozonefs/target/test-dir/MiniOzoneClusterImpl-2c717051-d98f-4757-bca5-e960ea56bcc7/datanode-1/data/ratis/64178a26-92c5-4247-b21b-00ec05cbda9f has been successfully formatted.
2019-09-26 13:21:20,141 [pool-287-thread-1] INFO  ratis.ContainerStateMachine (ContainerStateMachine.java:loadSnapshot(230)) - group-00EC05CBDA9F: The snapshot info is null. Setting the last applied indexto:(t:0, i:~)
2019-09-26 13:21:20,142 [pool-287-thread-1] INFO  server.RaftServerConfigKeys (ConfUtils.java:logGet(43)) - raft.server.notification.no-leader.timeout = 120s (custom)
2019-09-26 13:21:20,142 [pool-287-thread-1] INFO  server.RaftServerConfigKeys (ConfUtils.java:logGet(43)) - raft.server.log.use.memory = false (default)
2019-09-26 13:21:20,142 [pool-287-thread-1] INFO  server.RaftServerConfigKeys (ConfUtils.java:logGet(43)) - raft.server.log.purge.gap = 1000000 (custom)
2019-09-26 13:21:20,142 [pool-287-thread-1] INFO  server.RaftServerConfigKeys (ConfUtils.java:logGet(43)) - raft.server.log.appender.buffer.byte-limit = 33554432 (custom)
2019-09-26 13:21:20,142 [pool-287-thread-1] INFO  server.RaftServerConfigKeys (ConfUtils.java:logGet(43)) - raft.server.log.segment.size.max = 1048576 (custom)
2019-09-26 13:21:20,142 [pool-287-thread-1] INFO  server.RaftServerConfigKeys (ConfUtils.java:logGet(43)) - raft.server.log.segment.cache.num.max = 2 (custom)
2019-09-26 13:21:20,142 [pool-287-thread-1] INFO  segmented.SegmentedRaftLogWorker (SegmentedRaftLogWorker.java:<init>(172)) - new 7c6e08d0-8593-4f06-8d99-677ce7e140bf@group-00EC05CBDA9F-SegmentedRaftLogWorker for RaftStorage:Storage Directory /workdir/hadoop-ozone/ozonefs/target/test-dir/MiniOzoneClusterImpl-2c717051-d98f-4757-bca5-e960ea56bcc7/datanode-1/data/ratis/64178a26-92c5-4247-b21b-00ec05cbda9f
2019-09-26 13:21:20,142 [pool-287-thread-1] INFO  server.RaftServerConfigKeys (ConfUtils.java:logGet(43)) - raft.server.log.queue.byte-limit = 2147483647 (custom)
2019-09-26 13:21:20,142 [pool-287-thread-1] INFO  server.RaftServerConfigKeys (ConfUtils.java:logGet(43)) - raft.server.log.queue.element-limit = 1024 (custom)
2019-09-26 13:21:20,143 [pool-287-thread-1] INFO  server.RaftServerConfigKeys (ConfUtils.java:logGet(43)) - raft.server.log.segment.size.max = 1048576 (custom)
2019-09-26 13:21:20,143 [pool-287-thread-1] INFO  server.RaftServerConfigKeys (ConfUtils.java:logGet(43)) - raft.server.log.preallocated.size = 16384 (custom)
2019-09-26 13:21:20,143 [pool-287-thread-1] INFO  server.RaftServerConfigKeys (ConfUtils.java:logGet(43)) - raft.server.log.write.buffer.size = 33554432 (custom)
2019-09-26 13:21:20,143 [pool-287-thread-1] INFO  server.RaftServerConfigKeys (ConfUtils.java:logGet(43)) - raft.server.log.force.sync.num = 128 (default)
2019-09-26 13:21:20,143 [pool-287-thread-1] INFO  server.RaftServerConfigKeys (ConfUtils.java:logGet(43)) - raft.server.log.statemachine.data.sync = true (default)
2019-09-26 13:21:20,143 [pool-287-thread-1] INFO  server.RaftServerConfigKeys (ConfUtils.java:logGet(43)) - raft.server.log.statemachine.data.sync.timeout = 10s (default)
2019-09-26 13:21:20,143 [pool-287-thread-1] INFO  server.RaftServerConfigKeys (ConfUtils.java:logGet(43)) - raft.server.log.statemachine.data.sync.timeout.retry = -1 (default)
2019-09-26 13:21:20,143 [pool-287-thread-1] INFO  server.RaftServerConfigKeys (ConfUtils.java:logGet(43)) - raft.server.log.statemachine.data.caching.enabled = true (custom)
2019-09-26 13:21:20,144 [pool-287-thread-1] INFO  segmented.SegmentedRaftLogWorker (SegmentedRaftLogWorker.java:lambda$new$0(132)) - 7c6e08d0-8593-4f06-8d99-677ce7e140bf@group-00EC05CBDA9F-SegmentedRaftLogWorker: flushIndex: setUnconditionally 0 -> -1
2019-09-26 13:21:20,144 [pool-287-thread-1] INFO  server.RaftServerConfigKeys (ConfUtils.java:logGet(43)) - raft.server.snapshot.auto.trigger.enabled = true (custom)
2019-09-26 13:21:20,144 [pool-287-thread-1] INFO  server.RaftServerConfigKeys (ConfUtils.java:logGet(43)) - raft.server.snapshot.auto.trigger.threshold = 10000 (custom)
2019-09-26 13:21:20,144 [pool-287-thread-1] INFO  server.RaftServerConfigKeys (ConfUtils.java:logGet(43)) - raft.server.snapshot.retention.num.files = 5 (custom)
2019-09-26 13:21:20,144 [pool-287-thread-1] INFO  server.RaftServerConfigKeys (ConfUtils.java:logGet(43)) - raft.server.retrycache.expirytime = 600000ms (custom)
2019-09-26 13:21:20,146 [pool-287-thread-1] INFO  impl.RaftServerImpl (RaftServerImpl.java:start(185)) - 7c6e08d0-8593-4f06-8d99-677ce7e140bf@group-00EC05CBDA9F: start as a follower, conf=-1: [7c6e08d0-8593-4f06-8d99-677ce7e140bf:192.168.164.238:38697], old=null
2019-09-26 13:21:20,146 [pool-287-thread-1] INFO  impl.RaftServerImpl (RaftServerImpl.java:setRole(174)) - 7c6e08d0-8593-4f06-8d99-677ce7e140bf@group-00EC05CBDA9F: changes role from      null to FOLLOWER at term 0 for startAsFollower
2019-09-26 13:21:20,146 [pool-287-thread-1] INFO  impl.RoleInfo (RoleInfo.java:updateAndGet(143)) - 7c6e08d0-8593-4f06-8d99-677ce7e140bf: start FollowerState
2019-09-26 13:21:20,146 [pool-287-thread-1] INFO  util.JmxRegister (JmxRegister.java:tryRegister(44)) - Successfully registered JMX Bean with object name Ratis:service=RaftServer,group=group-00EC05CBDA9F,id=7c6e08d0-8593-4f06-8d99-677ce7e140bf
2019-09-26 13:21:20,149 [RatisPipelineUtilsThread] INFO  pipeline.PipelineStateManager (PipelineStateManager.java:addPipeline(56)) - Created pipeline Pipeline[ Id: 64178a26-92c5-4247-b21b-00ec05cbda9f, Nodes: 7c6e08d0-8593-4f06-8d99-677ce7e140bf{ip: 192.168.164.238, host: pr-hdds-1569-87zkn-1081879488, networkLocation: /default-rack, certSerialId: null}, Type:RATIS, Factor:ONE, State:OPEN]
2019-09-26 13:21:20,155 [grpc-default-executor-0] INFO  impl.RaftServerProxy (RaftServerProxy.java:addNew(89)) - 8c369612-1079-4b1c-b5d4-8e378861e933: addNew group-44C7415CFF4D:[8c369612-1079-4b1c-b5d4-8e378861e933:192.168.164.238:34192] returns group-44C7415CFF4D:java.util.concurrent.CompletableFuture@36a79676[Not completed]
2019-09-26 13:21:20,157 [pool-277-thread-1] INFO  impl.RaftServerImpl (RaftServerImpl.java:<init>(95)) - 8c369612-1079-4b1c-b5d4-8e378861e933: new RaftServerImpl for group-44C7415CFF4D:[8c369612-1079-4b1c-b5d4-8e378861e933:192.168.164.238:34192] with ContainerStateMachine:uninitialized
2019-09-26 13:21:20,157 [pool-277-thread-1] INFO  server.RaftServerConfigKeys (ConfUtils.java:logGet(43)) - raft.server.rpc.timeout.min = 5s (custom)
2019-09-26 13:21:20,157 [pool-277-thread-1] INFO  server.RaftServerConfigKeys (ConfUtils.java:logGet(43)) - raft.server.rpc.timeout.max = 5200ms (custom)
2019-09-26 13:21:20,157 [pool-277-thread-1] INFO  server.RaftServerConfigKeys (ConfUtils.java:logGet(43)) - raft.server.rpcslowness.timeout = 120s (custom)
2019-09-26 13:21:20,157 [pool-277-thread-1] INFO  server.RaftServerConfigKeys (ConfUtils.java:logGet(43)) - raft.server.sleep.deviation.threshold = 300 (default)
2019-09-26 13:21:20,157 [pool-277-thread-1] INFO  server.RaftServerConfigKeys (ConfUtils.java:logGet(43)) - raft.server.log.appender.install.snapshot.enabled = false (custom)
2019-09-26 13:21:20,158 [pool-277-thread-1] INFO  impl.RaftServerImpl (ServerState.java:<init>(103)) - 8c369612-1079-4b1c-b5d4-8e378861e933@group-44C7415CFF4D: ConfigurationManager, init=-1: [8c369612-1079-4b1c-b5d4-8e378861e933:192.168.164.238:34192], old=null, confs=<EMPTY_MAP>
2019-09-26 13:21:20,158 [pool-277-thread-1] INFO  server.RaftServerConfigKeys (ConfUtils.java:logGet(43)) - raft.server.storage.dir = [/workdir/hadoop-ozone/ozonefs/target/test-dir/MiniOzoneClusterImpl-2c717051-d98f-4757-bca5-e960ea56bcc7/datanode-0/data/ratis] (custom)
2019-09-26 13:21:20,158 [pool-277-thread-1] INFO  storage.RaftStorageDirectory (RaftStorageDirectory.java:analyzeStorage(246)) - The storage directory /workdir/hadoop-ozone/ozonefs/target/test-dir/MiniOzoneClusterImpl-2c717051-d98f-4757-bca5-e960ea56bcc7/datanode-0/data/ratis/9298e8bc-ad2d-46bd-90fe-44c7415cff4d does not exist. Creating ...
2019-09-26 13:21:20,172 [pool-277-thread-1] INFO  storage.RaftStorageDirectory (RaftStorageDirectory.java:tryLock(328)) - Lock on /workdir/hadoop-ozone/ozonefs/target/test-dir/MiniOzoneClusterImpl-2c717051-d98f-4757-bca5-e960ea56bcc7/datanode-0/data/ratis/9298e8bc-ad2d-46bd-90fe-44c7415cff4d/in_use.lock acquired by nodename 20384@pr-hdds-1569-87zkn-1081879488
2019-09-26 13:21:20,185 [pool-277-thread-1] INFO  storage.RaftStorage (RaftStorage.java:format(72)) - Storage directory /workdir/hadoop-ozone/ozonefs/target/test-dir/MiniOzoneClusterImpl-2c717051-d98f-4757-bca5-e960ea56bcc7/datanode-0/data/ratis/9298e8bc-ad2d-46bd-90fe-44c7415cff4d has been successfully formatted.
2019-09-26 13:21:20,185 [pool-277-thread-1] INFO  ratis.ContainerStateMachine (ContainerStateMachine.java:loadSnapshot(230)) - group-44C7415CFF4D: The snapshot info is null. Setting the last applied indexto:(t:0, i:~)
2019-09-26 13:21:20,185 [pool-277-thread-1] INFO  server.RaftServerConfigKeys (ConfUtils.java:logGet(43)) - raft.server.notification.no-leader.timeout = 120s (custom)
2019-09-26 13:21:20,185 [pool-277-thread-1] INFO  server.RaftServerConfigKeys (ConfUtils.java:logGet(43)) - raft.server.log.use.memory = false (default)
2019-09-26 13:21:20,186 [pool-277-thread-1] INFO  server.RaftServerConfigKeys (ConfUtils.java:logGet(43)) - raft.server.log.purge.gap = 1000000 (custom)
2019-09-26 13:21:20,186 [pool-277-thread-1] INFO  server.RaftServerConfigKeys (ConfUtils.java:logGet(43)) - raft.server.log.appender.buffer.byte-limit = 33554432 (custom)
2019-09-26 13:21:20,186 [pool-277-thread-1] INFO  server.RaftServerConfigKeys (ConfUtils.java:logGet(43)) - raft.server.log.segment.size.max = 1048576 (custom)
2019-09-26 13:21:20,186 [pool-277-thread-1] INFO  server.RaftServerConfigKeys (ConfUtils.java:logGet(43)) - raft.server.log.segment.cache.num.max = 2 (custom)
2019-09-26 13:21:20,186 [pool-277-thread-1] INFO  segmented.SegmentedRaftLogWorker (SegmentedRaftLogWorker.java:<init>(172)) - new 8c369612-1079-4b1c-b5d4-8e378861e933@group-44C7415CFF4D-SegmentedRaftLogWorker for RaftStorage:Storage Directory /workdir/hadoop-ozone/ozonefs/target/test-dir/MiniOzoneClusterImpl-2c717051-d98f-4757-bca5-e960ea56bcc7/datanode-0/data/ratis/9298e8bc-ad2d-46bd-90fe-44c7415cff4d
2019-09-26 13:21:20,186 [pool-277-thread-1] INFO  server.RaftServerConfigKeys (ConfUtils.java:logGet(43)) - raft.server.log.queue.byte-limit = 2147483647 (custom)
2019-09-26 13:21:20,187 [pool-277-thread-1] INFO  server.RaftServerConfigKeys (ConfUtils.java:logGet(43)) - raft.server.log.queue.element-limit = 1024 (custom)
2019-09-26 13:21:20,187 [pool-277-thread-1] INFO  server.RaftServerConfigKeys (ConfUtils.java:logGet(43)) - raft.server.log.segment.size.max = 1048576 (custom)
2019-09-26 13:21:20,187 [pool-277-thread-1] INFO  server.RaftServerConfigKeys (ConfUtils.java:logGet(43)) - raft.server.log.preallocated.size = 16384 (custom)
2019-09-26 13:21:20,187 [pool-277-thread-1] INFO  server.RaftServerConfigKeys (ConfUtils.java:logGet(43)) - raft.server.log.write.buffer.size = 33554432 (custom)
2019-09-26 13:21:20,187 [pool-277-thread-1] INFO  server.RaftServerConfigKeys (ConfUtils.java:logGet(43)) - raft.server.log.force.sync.num = 128 (default)
2019-09-26 13:21:20,187 [pool-277-thread-1] INFO  server.RaftServerConfigKeys (ConfUtils.java:logGet(43)) - raft.server.log.statemachine.data.sync = true (default)
2019-09-26 13:21:20,188 [pool-277-thread-1] INFO  server.RaftServerConfigKeys (ConfUtils.java:logGet(43)) - raft.server.log.statemachine.data.sync.timeout = 10s (default)
2019-09-26 13:21:20,188 [pool-277-thread-1] INFO  server.RaftServerConfigKeys (ConfUtils.java:logGet(43)) - raft.server.log.statemachine.data.sync.timeout.retry = -1 (default)
2019-09-26 13:21:20,188 [pool-277-thread-1] INFO  server.RaftServerConfigKeys (ConfUtils.java:logGet(43)) - raft.server.log.statemachine.data.caching.enabled = true (custom)
2019-09-26 13:21:20,188 [pool-277-thread-1] INFO  segmented.SegmentedRaftLogWorker (SegmentedRaftLogWorker.java:lambda$new$0(132)) - 8c369612-1079-4b1c-b5d4-8e378861e933@group-44C7415CFF4D-SegmentedRaftLogWorker: flushIndex: setUnconditionally 0 -> -1
2019-09-26 13:21:20,189 [pool-277-thread-1] INFO  server.RaftServerConfigKeys (ConfUtils.java:logGet(43)) - raft.server.snapshot.auto.trigger.enabled = true (custom)
2019-09-26 13:21:20,189 [pool-277-thread-1] INFO  server.RaftServerConfigKeys (ConfUtils.java:logGet(43)) - raft.server.snapshot.auto.trigger.threshold = 10000 (custom)
2019-09-26 13:21:20,189 [pool-277-thread-1] INFO  server.RaftServerConfigKeys (ConfUtils.java:logGet(43)) - raft.server.snapshot.retention.num.files = 5 (custom)
2019-09-26 13:21:20,189 [pool-277-thread-1] INFO  server.RaftServerConfigKeys (ConfUtils.java:logGet(43)) - raft.server.retrycache.expirytime = 600000ms (custom)
2019-09-26 13:21:20,192 [pool-277-thread-1] INFO  impl.RaftServerImpl (RaftServerImpl.java:start(185)) - 8c369612-1079-4b1c-b5d4-8e378861e933@group-44C7415CFF4D: start as a follower, conf=-1: [8c369612-1079-4b1c-b5d4-8e378861e933:192.168.164.238:34192], old=null
2019-09-26 13:21:20,192 [pool-277-thread-1] INFO  impl.RaftServerImpl (RaftServerImpl.java:setRole(174)) - 8c369612-1079-4b1c-b5d4-8e378861e933@group-44C7415CFF4D: changes role from      null to FOLLOWER at term 0 for startAsFollower
2019-09-26 13:21:20,192 [pool-277-thread-1] INFO  impl.RoleInfo (RoleInfo.java:updateAndGet(143)) - 8c369612-1079-4b1c-b5d4-8e378861e933: start FollowerState
2019-09-26 13:21:20,193 [pool-277-thread-1] INFO  util.JmxRegister (JmxRegister.java:tryRegister(44)) - Successfully registered JMX Bean with object name Ratis:service=RaftServer,group=group-44C7415CFF4D,id=8c369612-1079-4b1c-b5d4-8e378861e933
2019-09-26 13:21:20,195 [RatisPipelineUtilsThread] INFO  pipeline.PipelineStateManager (PipelineStateManager.java:addPipeline(56)) - Created pipeline Pipeline[ Id: 9298e8bc-ad2d-46bd-90fe-44c7415cff4d, Nodes: 8c369612-1079-4b1c-b5d4-8e378861e933{ip: 192.168.164.238, host: pr-hdds-1569-87zkn-1081879488, networkLocation: /default-rack, certSerialId: null}, Type:RATIS, Factor:ONE, State:OPEN]
2019-09-26 13:21:20,195 [RatisPipelineUtilsThread] INFO  pipeline.PipelinePlacementPolicy (PipelinePlacementPolicy.java:meetCriteria(91)) - Pipeline Placement: can't place more pipeline on heavy datanode： 8c369612-1079-4b1c-b5d4-8e378861e933 Heaviness: 6 limit: 5
2019-09-26 13:21:20,203 [grpc-default-executor-0] INFO  impl.RaftServerProxy (RaftServerProxy.java:addNew(89)) - 62684552-2d14-4fa0-a8ac-9ab43a1e29b8: addNew group-1469D711682F:[62684552-2d14-4fa0-a8ac-9ab43a1e29b8:192.168.164.238:45794] returns group-1469D711682F:java.util.concurrent.CompletableFuture@647e4679[Not completed]
2019-09-26 13:21:20,204 [pool-297-thread-1] INFO  impl.RaftServerImpl (RaftServerImpl.java:<init>(95)) - 62684552-2d14-4fa0-a8ac-9ab43a1e29b8: new RaftServerImpl for group-1469D711682F:[62684552-2d14-4fa0-a8ac-9ab43a1e29b8:192.168.164.238:45794] with ContainerStateMachine:uninitialized
2019-09-26 13:21:20,204 [pool-297-thread-1] INFO  server.RaftServerConfigKeys (ConfUtils.java:logGet(43)) - raft.server.rpc.timeout.min = 5s (custom)
2019-09-26 13:21:20,204 [pool-297-thread-1] INFO  server.RaftServerConfigKeys (ConfUtils.java:logGet(43)) - raft.server.rpc.timeout.max = 5200ms (custom)
2019-09-26 13:21:20,204 [pool-297-thread-1] INFO  server.RaftServerConfigKeys (ConfUtils.java:logGet(43)) - raft.server.rpcslowness.timeout = 120s (custom)
2019-09-26 13:21:20,204 [pool-297-thread-1] INFO  server.RaftServerConfigKeys (ConfUtils.java:logGet(43)) - raft.server.sleep.deviation.threshold = 300 (default)
2019-09-26 13:21:20,204 [pool-297-thread-1] INFO  server.RaftServerConfigKeys (ConfUtils.java:logGet(43)) - raft.server.log.appender.install.snapshot.enabled = false (custom)
2019-09-26 13:21:20,205 [pool-297-thread-1] INFO  impl.RaftServerImpl (ServerState.java:<init>(103)) - 62684552-2d14-4fa0-a8ac-9ab43a1e29b8@group-1469D711682F: ConfigurationManager, init=-1: [62684552-2d14-4fa0-a8ac-9ab43a1e29b8:192.168.164.238:45794], old=null, confs=<EMPTY_MAP>
2019-09-26 13:21:20,205 [pool-297-thread-1] INFO  server.RaftServerConfigKeys (ConfUtils.java:logGet(43)) - raft.server.storage.dir = [/workdir/hadoop-ozone/ozonefs/target/test-dir/MiniOzoneClusterImpl-2c717051-d98f-4757-bca5-e960ea56bcc7/datanode-2/data/ratis] (custom)
2019-09-26 13:21:20,205 [pool-297-thread-1] INFO  storage.RaftStorageDirectory (RaftStorageDirectory.java:analyzeStorage(246)) - The storage directory /workdir/hadoop-ozone/ozonefs/target/test-dir/MiniOzoneClusterImpl-2c717051-d98f-4757-bca5-e960ea56bcc7/datanode-2/data/ratis/e47d984e-798e-45a6-b946-1469d711682f does not exist. Creating ...
2019-09-26 13:21:20,218 [pool-297-thread-1] INFO  storage.RaftStorageDirectory (RaftStorageDirectory.java:tryLock(328)) - Lock on /workdir/hadoop-ozone/ozonefs/target/test-dir/MiniOzoneClusterImpl-2c717051-d98f-4757-bca5-e960ea56bcc7/datanode-2/data/ratis/e47d984e-798e-45a6-b946-1469d711682f/in_use.lock acquired by nodename 20384@pr-hdds-1569-87zkn-1081879488
2019-09-26 13:21:20,231 [pool-297-thread-1] INFO  storage.RaftStorage (RaftStorage.java:format(72)) - Storage directory /workdir/hadoop-ozone/ozonefs/target/test-dir/MiniOzoneClusterImpl-2c717051-d98f-4757-bca5-e960ea56bcc7/datanode-2/data/ratis/e47d984e-798e-45a6-b946-1469d711682f has been successfully formatted.
2019-09-26 13:21:20,231 [pool-297-thread-1] INFO  ratis.ContainerStateMachine (ContainerStateMachine.java:loadSnapshot(230)) - group-1469D711682F: The snapshot info is null. Setting the last applied indexto:(t:0, i:~)
2019-09-26 13:21:20,232 [pool-297-thread-1] INFO  server.RaftServerConfigKeys (ConfUtils.java:logGet(43)) - raft.server.notification.no-leader.timeout = 120s (custom)
2019-09-26 13:21:20,232 [pool-297-thread-1] INFO  server.RaftServerConfigKeys (ConfUtils.java:logGet(43)) - raft.server.log.use.memory = false (default)
2019-09-26 13:21:20,232 [pool-297-thread-1] INFO  server.RaftServerConfigKeys (ConfUtils.java:logGet(43)) - raft.server.log.purge.gap = 1000000 (custom)
2019-09-26 13:21:20,232 [pool-297-thread-1] INFO  server.RaftServerConfigKeys (ConfUtils.java:logGet(43)) - raft.server.log.appender.buffer.byte-limit = 33554432 (custom)
2019-09-26 13:21:20,232 [pool-297-thread-1] INFO  server.RaftServerConfigKeys (ConfUtils.java:logGet(43)) - raft.server.log.segment.size.max = 1048576 (custom)
2019-09-26 13:21:20,232 [pool-297-thread-1] INFO  server.RaftServerConfigKeys (ConfUtils.java:logGet(43)) - raft.server.log.segment.cache.num.max = 2 (custom)
2019-09-26 13:21:20,232 [pool-297-thread-1] INFO  segmented.SegmentedRaftLogWorker (SegmentedRaftLogWorker.java:<init>(172)) - new 62684552-2d14-4fa0-a8ac-9ab43a1e29b8@group-1469D711682F-SegmentedRaftLogWorker for RaftStorage:Storage Directory /workdir/hadoop-ozone/ozonefs/target/test-dir/MiniOzoneClusterImpl-2c717051-d98f-4757-bca5-e960ea56bcc7/datanode-2/data/ratis/e47d984e-798e-45a6-b946-1469d711682f
2019-09-26 13:21:20,233 [pool-297-thread-1] INFO  server.RaftServerConfigKeys (ConfUtils.java:logGet(43)) - raft.server.log.queue.byte-limit = 2147483647 (custom)
2019-09-26 13:21:20,233 [pool-297-thread-1] INFO  server.RaftServerConfigKeys (ConfUtils.java:logGet(43)) - raft.server.log.queue.element-limit = 1024 (custom)
2019-09-26 13:21:20,233 [pool-297-thread-1] INFO  server.RaftServerConfigKeys (ConfUtils.java:logGet(43)) - raft.server.log.segment.size.max = 1048576 (custom)
2019-09-26 13:21:20,233 [pool-297-thread-1] INFO  server.RaftServerConfigKeys (ConfUtils.java:logGet(43)) - raft.server.log.preallocated.size = 16384 (custom)
2019-09-26 13:21:20,233 [pool-297-thread-1] INFO  server.RaftServerConfigKeys (ConfUtils.java:logGet(43)) - raft.server.log.write.buffer.size = 33554432 (custom)
2019-09-26 13:21:20,233 [pool-297-thread-1] INFO  server.RaftServerConfigKeys (ConfUtils.java:logGet(43)) - raft.server.log.force.sync.num = 128 (default)
2019-09-26 13:21:20,233 [pool-297-thread-1] INFO  server.RaftServerConfigKeys (ConfUtils.java:logGet(43)) - raft.server.log.statemachine.data.sync = true (default)
2019-09-26 13:21:20,233 [pool-297-thread-1] INFO  server.RaftServerConfigKeys (ConfUtils.java:logGet(43)) - raft.server.log.statemachine.data.sync.timeout = 10s (default)
2019-09-26 13:21:20,233 [pool-297-thread-1] INFO  server.RaftServerConfigKeys (ConfUtils.java:logGet(43)) - raft.server.log.statemachine.data.sync.timeout.retry = -1 (default)
2019-09-26 13:21:20,234 [pool-297-thread-1] INFO  server.RaftServerConfigKeys (ConfUtils.java:logGet(43)) - raft.server.log.statemachine.data.caching.enabled = true (custom)
2019-09-26 13:21:20,234 [pool-297-thread-1] INFO  segmented.SegmentedRaftLogWorker (SegmentedRaftLogWorker.java:lambda$new$0(132)) - 62684552-2d14-4fa0-a8ac-9ab43a1e29b8@group-1469D711682F-SegmentedRaftLogWorker: flushIndex: setUnconditionally 0 -> -1
2019-09-26 13:21:20,234 [pool-297-thread-1] INFO  server.RaftServerConfigKeys (ConfUtils.java:logGet(43)) - raft.server.snapshot.auto.trigger.enabled = true (custom)
2019-09-26 13:21:20,234 [pool-297-thread-1] INFO  server.RaftServerConfigKeys (ConfUtils.java:logGet(43)) - raft.server.snapshot.auto.trigger.threshold = 10000 (custom)
2019-09-26 13:21:20,234 [pool-297-thread-1] INFO  server.RaftServerConfigKeys (ConfUtils.java:logGet(43)) - raft.server.snapshot.retention.num.files = 5 (custom)
2019-09-26 13:21:20,235 [pool-297-thread-1] INFO  server.RaftServerConfigKeys (ConfUtils.java:logGet(43)) - raft.server.retrycache.expirytime = 600000ms (custom)
2019-09-26 13:21:20,236 [pool-297-thread-1] INFO  impl.RaftServerImpl (RaftServerImpl.java:start(185)) - 62684552-2d14-4fa0-a8ac-9ab43a1e29b8@group-1469D711682F: start as a follower, conf=-1: [62684552-2d14-4fa0-a8ac-9ab43a1e29b8:192.168.164.238:45794], old=null
2019-09-26 13:21:20,236 [pool-297-thread-1] INFO  impl.RaftServerImpl (RaftServerImpl.java:setRole(174)) - 62684552-2d14-4fa0-a8ac-9ab43a1e29b8@group-1469D711682F: changes role from      null to FOLLOWER at term 0 for startAsFollower
2019-09-26 13:21:20,236 [pool-297-thread-1] INFO  impl.RoleInfo (RoleInfo.java:updateAndGet(143)) - 62684552-2d14-4fa0-a8ac-9ab43a1e29b8: start FollowerState
2019-09-26 13:21:20,237 [pool-297-thread-1] INFO  util.JmxRegister (JmxRegister.java:tryRegister(44)) - Successfully registered JMX Bean with object name Ratis:service=RaftServer,group=group-1469D711682F,id=62684552-2d14-4fa0-a8ac-9ab43a1e29b8
2019-09-26 13:21:20,241 [RatisPipelineUtilsThread] INFO  pipeline.PipelineStateManager (PipelineStateManager.java:addPipeline(56)) - Created pipeline Pipeline[ Id: e47d984e-798e-45a6-b946-1469d711682f, Nodes: 62684552-2d14-4fa0-a8ac-9ab43a1e29b8{ip: 192.168.164.238, host: pr-hdds-1569-87zkn-1081879488, networkLocation: /default-rack, certSerialId: null}, Type:RATIS, Factor:ONE, State:OPEN]
2019-09-26 13:21:20,241 [RatisPipelineUtilsThread] INFO  pipeline.PipelinePlacementPolicy (PipelinePlacementPolicy.java:meetCriteria(91)) - Pipeline Placement: can't place more pipeline on heavy datanode： 8c369612-1079-4b1c-b5d4-8e378861e933 Heaviness: 6 limit: 5
2019-09-26 13:21:20,248 [grpc-default-executor-0] INFO  impl.RaftServerProxy (RaftServerProxy.java:addNew(89)) - 62684552-2d14-4fa0-a8ac-9ab43a1e29b8: addNew group-F27E462E12D5:[62684552-2d14-4fa0-a8ac-9ab43a1e29b8:192.168.164.238:45794] returns group-F27E462E12D5:java.util.concurrent.CompletableFuture@56274202[Not completed]
2019-09-26 13:21:20,248 [pool-297-thread-1] INFO  impl.RaftServerImpl (RaftServerImpl.java:<init>(95)) - 62684552-2d14-4fa0-a8ac-9ab43a1e29b8: new RaftServerImpl for group-F27E462E12D5:[62684552-2d14-4fa0-a8ac-9ab43a1e29b8:192.168.164.238:45794] with ContainerStateMachine:uninitialized
2019-09-26 13:21:20,249 [pool-297-thread-1] INFO  server.RaftServerConfigKeys (ConfUtils.java:logGet(43)) - raft.server.rpc.timeout.min = 5s (custom)
2019-09-26 13:21:20,249 [pool-297-thread-1] INFO  server.RaftServerConfigKeys (ConfUtils.java:logGet(43)) - raft.server.rpc.timeout.max = 5200ms (custom)
2019-09-26 13:21:20,249 [pool-297-thread-1] INFO  server.RaftServerConfigKeys (ConfUtils.java:logGet(43)) - raft.server.rpcslowness.timeout = 120s (custom)
2019-09-26 13:21:20,249 [pool-297-thread-1] INFO  server.RaftServerConfigKeys (ConfUtils.java:logGet(43)) - raft.server.sleep.deviation.threshold = 300 (default)
2019-09-26 13:21:20,249 [pool-297-thread-1] INFO  server.RaftServerConfigKeys (ConfUtils.java:logGet(43)) - raft.server.log.appender.install.snapshot.enabled = false (custom)
2019-09-26 13:21:20,249 [pool-297-thread-1] INFO  impl.RaftServerImpl (ServerState.java:<init>(103)) - 62684552-2d14-4fa0-a8ac-9ab43a1e29b8@group-F27E462E12D5: ConfigurationManager, init=-1: [62684552-2d14-4fa0-a8ac-9ab43a1e29b8:192.168.164.238:45794], old=null, confs=<EMPTY_MAP>
2019-09-26 13:21:20,249 [pool-297-thread-1] INFO  server.RaftServerConfigKeys (ConfUtils.java:logGet(43)) - raft.server.storage.dir = [/workdir/hadoop-ozone/ozonefs/target/test-dir/MiniOzoneClusterImpl-2c717051-d98f-4757-bca5-e960ea56bcc7/datanode-2/data/ratis] (custom)
2019-09-26 13:21:20,250 [pool-297-thread-1] INFO  storage.RaftStorageDirectory (RaftStorageDirectory.java:analyzeStorage(246)) - The storage directory /workdir/hadoop-ozone/ozonefs/target/test-dir/MiniOzoneClusterImpl-2c717051-d98f-4757-bca5-e960ea56bcc7/datanode-2/data/ratis/cc6c18f9-9c4a-484f-b438-f27e462e12d5 does not exist. Creating ...
2019-09-26 13:21:20,262 [pool-297-thread-1] INFO  storage.RaftStorageDirectory (RaftStorageDirectory.java:tryLock(328)) - Lock on /workdir/hadoop-ozone/ozonefs/target/test-dir/MiniOzoneClusterImpl-2c717051-d98f-4757-bca5-e960ea56bcc7/datanode-2/data/ratis/cc6c18f9-9c4a-484f-b438-f27e462e12d5/in_use.lock acquired by nodename 20384@pr-hdds-1569-87zkn-1081879488
2019-09-26 13:21:20,266 [pool-297-thread-1] INFO  storage.RaftStorage (RaftStorage.java:format(72)) - Storage directory /workdir/hadoop-ozone/ozonefs/target/test-dir/MiniOzoneClusterImpl-2c717051-d98f-4757-bca5-e960ea56bcc7/datanode-2/data/ratis/cc6c18f9-9c4a-484f-b438-f27e462e12d5 has been successfully formatted.
2019-09-26 13:21:20,266 [pool-297-thread-1] INFO  ratis.ContainerStateMachine (ContainerStateMachine.java:loadSnapshot(230)) - group-F27E462E12D5: The snapshot info is null. Setting the last applied indexto:(t:0, i:~)
2019-09-26 13:21:20,266 [pool-297-thread-1] INFO  server.RaftServerConfigKeys (ConfUtils.java:logGet(43)) - raft.server.notification.no-leader.timeout = 120s (custom)
2019-09-26 13:21:20,266 [pool-297-thread-1] INFO  server.RaftServerConfigKeys (ConfUtils.java:logGet(43)) - raft.server.log.use.memory = false (default)
2019-09-26 13:21:20,266 [pool-297-thread-1] INFO  server.RaftServerConfigKeys (ConfUtils.java:logGet(43)) - raft.server.log.purge.gap = 1000000 (custom)
2019-09-26 13:21:20,266 [pool-297-thread-1] INFO  server.RaftServerConfigKeys (ConfUtils.java:logGet(43)) - raft.server.log.appender.buffer.byte-limit = 33554432 (custom)
2019-09-26 13:21:20,266 [pool-297-thread-1] INFO  server.RaftServerConfigKeys (ConfUtils.java:logGet(43)) - raft.server.log.segment.size.max = 1048576 (custom)
2019-09-26 13:21:20,266 [pool-297-thread-1] INFO  server.RaftServerConfigKeys (ConfUtils.java:logGet(43)) - raft.server.log.segment.cache.num.max = 2 (custom)
2019-09-26 13:21:20,267 [pool-297-thread-1] INFO  segmented.SegmentedRaftLogWorker (SegmentedRaftLogWorker.java:<init>(172)) - new 62684552-2d14-4fa0-a8ac-9ab43a1e29b8@group-F27E462E12D5-SegmentedRaftLogWorker for RaftStorage:Storage Directory /workdir/hadoop-ozone/ozonefs/target/test-dir/MiniOzoneClusterImpl-2c717051-d98f-4757-bca5-e960ea56bcc7/datanode-2/data/ratis/cc6c18f9-9c4a-484f-b438-f27e462e12d5
2019-09-26 13:21:20,267 [pool-297-thread-1] INFO  server.RaftServerConfigKeys (ConfUtils.java:logGet(43)) - raft.server.log.queue.byte-limit = 2147483647 (custom)
2019-09-26 13:21:20,267 [pool-297-thread-1] INFO  server.RaftServerConfigKeys (ConfUtils.java:logGet(43)) - raft.server.log.queue.element-limit = 1024 (custom)
2019-09-26 13:21:20,267 [pool-297-thread-1] INFO  server.RaftServerConfigKeys (ConfUtils.java:logGet(43)) - raft.server.log.segment.size.max = 1048576 (custom)
2019-09-26 13:21:20,267 [pool-297-thread-1] INFO  server.RaftServerConfigKeys (ConfUtils.java:logGet(43)) - raft.server.log.preallocated.size = 16384 (custom)
2019-09-26 13:21:20,267 [pool-297-thread-1] INFO  server.RaftServerConfigKeys (ConfUtils.java:logGet(43)) - raft.server.log.write.buffer.size = 33554432 (custom)
2019-09-26 13:21:20,267 [pool-297-thread-1] INFO  server.RaftServerConfigKeys (ConfUtils.java:logGet(43)) - raft.server.log.force.sync.num = 128 (default)
2019-09-26 13:21:20,267 [pool-297-thread-1] INFO  server.RaftServerConfigKeys (ConfUtils.java:logGet(43)) - raft.server.log.statemachine.data.sync = true (default)
2019-09-26 13:21:20,267 [pool-297-thread-1] INFO  server.RaftServerConfigKeys (ConfUtils.java:logGet(43)) - raft.server.log.statemachine.data.sync.timeout = 10s (default)
2019-09-26 13:21:20,267 [pool-297-thread-1] INFO  server.RaftServerConfigKeys (ConfUtils.java:logGet(43)) - raft.server.log.statemachine.data.sync.timeout.retry = -1 (default)
2019-09-26 13:21:20,267 [pool-297-thread-1] INFO  server.RaftServerConfigKeys (ConfUtils.java:logGet(43)) - raft.server.log.statemachine.data.caching.enabled = true (custom)
2019-09-26 13:21:20,268 [pool-297-thread-1] INFO  segmented.SegmentedRaftLogWorker (SegmentedRaftLogWorker.java:lambda$new$0(132)) - 62684552-2d14-4fa0-a8ac-9ab43a1e29b8@group-F27E462E12D5-SegmentedRaftLogWorker: flushIndex: setUnconditionally 0 -> -1
2019-09-26 13:21:20,268 [pool-297-thread-1] INFO  server.RaftServerConfigKeys (ConfUtils.java:logGet(43)) - raft.server.snapshot.auto.trigger.enabled = true (custom)
2019-09-26 13:21:20,268 [pool-297-thread-1] INFO  server.RaftServerConfigKeys (ConfUtils.java:logGet(43)) - raft.server.snapshot.auto.trigger.threshold = 10000 (custom)
2019-09-26 13:21:20,268 [pool-297-thread-1] INFO  server.RaftServerConfigKeys (ConfUtils.java:logGet(43)) - raft.server.snapshot.retention.num.files = 5 (custom)
2019-09-26 13:21:20,268 [pool-297-thread-1] INFO  server.RaftServerConfigKeys (ConfUtils.java:logGet(43)) - raft.server.retrycache.expirytime = 600000ms (custom)
2019-09-26 13:21:20,269 [pool-297-thread-1] INFO  impl.RaftServerImpl (RaftServerImpl.java:start(185)) - 62684552-2d14-4fa0-a8ac-9ab43a1e29b8@group-F27E462E12D5: start as a follower, conf=-1: [62684552-2d14-4fa0-a8ac-9ab43a1e29b8:192.168.164.238:45794], old=null
2019-09-26 13:21:20,270 [pool-297-thread-1] INFO  impl.RaftServerImpl (RaftServerImpl.java:setRole(174)) - 62684552-2d14-4fa0-a8ac-9ab43a1e29b8@group-F27E462E12D5: changes role from      null to FOLLOWER at term 0 for startAsFollower
2019-09-26 13:21:20,270 [pool-297-thread-1] INFO  impl.RoleInfo (RoleInfo.java:updateAndGet(143)) - 62684552-2d14-4fa0-a8ac-9ab43a1e29b8: start FollowerState
2019-09-26 13:21:20,270 [pool-297-thread-1] INFO  util.JmxRegister (JmxRegister.java:tryRegister(44)) - Successfully registered JMX Bean with object name Ratis:service=RaftServer,group=group-F27E462E12D5,id=62684552-2d14-4fa0-a8ac-9ab43a1e29b8
2019-09-26 13:21:20,273 [RatisPipelineUtilsThread] INFO  pipeline.PipelineStateManager (PipelineStateManager.java:addPipeline(56)) - Created pipeline Pipeline[ Id: cc6c18f9-9c4a-484f-b438-f27e462e12d5, Nodes: 62684552-2d14-4fa0-a8ac-9ab43a1e29b8{ip: 192.168.164.238, host: pr-hdds-1569-87zkn-1081879488, networkLocation: /default-rack, certSerialId: null}, Type:RATIS, Factor:ONE, State:OPEN]
2019-09-26 13:21:20,274 [RatisPipelineUtilsThread] INFO  pipeline.PipelinePlacementPolicy (PipelinePlacementPolicy.java:meetCriteria(91)) - Pipeline Placement: can't place more pipeline on heavy datanode： 8c369612-1079-4b1c-b5d4-8e378861e933 Heaviness: 6 limit: 5
2019-09-26 13:21:20,279 [grpc-default-executor-0] INFO  impl.RaftServerProxy (RaftServerProxy.java:addNew(89)) - 7c6e08d0-8593-4f06-8d99-677ce7e140bf: addNew group-2263A64E71D7:[7c6e08d0-8593-4f06-8d99-677ce7e140bf:192.168.164.238:38697] returns group-2263A64E71D7:java.util.concurrent.CompletableFuture@686fd23c[Not completed]
2019-09-26 13:21:20,280 [pool-287-thread-1] INFO  impl.RaftServerImpl (RaftServerImpl.java:<init>(95)) - 7c6e08d0-8593-4f06-8d99-677ce7e140bf: new RaftServerImpl for group-2263A64E71D7:[7c6e08d0-8593-4f06-8d99-677ce7e140bf:192.168.164.238:38697] with ContainerStateMachine:uninitialized
2019-09-26 13:21:20,280 [pool-287-thread-1] INFO  server.RaftServerConfigKeys (ConfUtils.java:logGet(43)) - raft.server.rpc.timeout.min = 5s (custom)
2019-09-26 13:21:20,280 [pool-287-thread-1] INFO  server.RaftServerConfigKeys (ConfUtils.java:logGet(43)) - raft.server.rpc.timeout.max = 5200ms (custom)
2019-09-26 13:21:20,281 [pool-287-thread-1] INFO  server.RaftServerConfigKeys (ConfUtils.java:logGet(43)) - raft.server.rpcslowness.timeout = 120s (custom)
2019-09-26 13:21:20,281 [pool-287-thread-1] INFO  server.RaftServerConfigKeys (ConfUtils.java:logGet(43)) - raft.server.sleep.deviation.threshold = 300 (default)
2019-09-26 13:21:20,281 [pool-287-thread-1] INFO  server.RaftServerConfigKeys (ConfUtils.java:logGet(43)) - raft.server.log.appender.install.snapshot.enabled = false (custom)
2019-09-26 13:21:20,281 [pool-287-thread-1] INFO  impl.RaftServerImpl (ServerState.java:<init>(103)) - 7c6e08d0-8593-4f06-8d99-677ce7e140bf@group-2263A64E71D7: ConfigurationManager, init=-1: [7c6e08d0-8593-4f06-8d99-677ce7e140bf:192.168.164.238:38697], old=null, confs=<EMPTY_MAP>
2019-09-26 13:21:20,281 [pool-287-thread-1] INFO  server.RaftServerConfigKeys (ConfUtils.java:logGet(43)) - raft.server.storage.dir = [/workdir/hadoop-ozone/ozonefs/target/test-dir/MiniOzoneClusterImpl-2c717051-d98f-4757-bca5-e960ea56bcc7/datanode-1/data/ratis] (custom)
2019-09-26 13:21:20,282 [pool-287-thread-1] INFO  storage.RaftStorageDirectory (RaftStorageDirectory.java:analyzeStorage(246)) - The storage directory /workdir/hadoop-ozone/ozonefs/target/test-dir/MiniOzoneClusterImpl-2c717051-d98f-4757-bca5-e960ea56bcc7/datanode-1/data/ratis/3cdfdf43-8c30-47af-b60a-2263a64e71d7 does not exist. Creating ...
2019-09-26 13:21:20,299 [pool-287-thread-1] INFO  storage.RaftStorageDirectory (RaftStorageDirectory.java:tryLock(328)) - Lock on /workdir/hadoop-ozone/ozonefs/target/test-dir/MiniOzoneClusterImpl-2c717051-d98f-4757-bca5-e960ea56bcc7/datanode-1/data/ratis/3cdfdf43-8c30-47af-b60a-2263a64e71d7/in_use.lock acquired by nodename 20384@pr-hdds-1569-87zkn-1081879488
2019-09-26 13:21:20,320 [pool-287-thread-1] INFO  storage.RaftStorage (RaftStorage.java:format(72)) - Storage directory /workdir/hadoop-ozone/ozonefs/target/test-dir/MiniOzoneClusterImpl-2c717051-d98f-4757-bca5-e960ea56bcc7/datanode-1/data/ratis/3cdfdf43-8c30-47af-b60a-2263a64e71d7 has been successfully formatted.
2019-09-26 13:21:20,320 [pool-287-thread-1] INFO  ratis.ContainerStateMachine (ContainerStateMachine.java:loadSnapshot(230)) - group-2263A64E71D7: The snapshot info is null. Setting the last applied indexto:(t:0, i:~)
2019-09-26 13:21:20,320 [pool-287-thread-1] INFO  server.RaftServerConfigKeys (ConfUtils.java:logGet(43)) - raft.server.notification.no-leader.timeout = 120s (custom)
2019-09-26 13:21:20,321 [pool-287-thread-1] INFO  server.RaftServerConfigKeys (ConfUtils.java:logGet(43)) - raft.server.log.use.memory = false (default)
2019-09-26 13:21:20,321 [pool-287-thread-1] INFO  server.RaftServerConfigKeys (ConfUtils.java:logGet(43)) - raft.server.log.purge.gap = 1000000 (custom)
2019-09-26 13:21:20,321 [pool-287-thread-1] INFO  server.RaftServerConfigKeys (ConfUtils.java:logGet(43)) - raft.server.log.appender.buffer.byte-limit = 33554432 (custom)
2019-09-26 13:21:20,321 [pool-287-thread-1] INFO  server.RaftServerConfigKeys (ConfUtils.java:logGet(43)) - raft.server.log.segment.size.max = 1048576 (custom)
2019-09-26 13:21:20,321 [pool-287-thread-1] INFO  server.RaftServerConfigKeys (ConfUtils.java:logGet(43)) - raft.server.log.segment.cache.num.max = 2 (custom)
2019-09-26 13:21:20,321 [pool-287-thread-1] INFO  segmented.SegmentedRaftLogWorker (SegmentedRaftLogWorker.java:<init>(172)) - new 7c6e08d0-8593-4f06-8d99-677ce7e140bf@group-2263A64E71D7-SegmentedRaftLogWorker for RaftStorage:Storage Directory /workdir/hadoop-ozone/ozonefs/target/test-dir/MiniOzoneClusterImpl-2c717051-d98f-4757-bca5-e960ea56bcc7/datanode-1/data/ratis/3cdfdf43-8c30-47af-b60a-2263a64e71d7
2019-09-26 13:21:20,321 [pool-287-thread-1] INFO  server.RaftServerConfigKeys (ConfUtils.java:logGet(43)) - raft.server.log.queue.byte-limit = 2147483647 (custom)
2019-09-26 13:21:20,322 [pool-287-thread-1] INFO  server.RaftServerConfigKeys (ConfUtils.java:logGet(43)) - raft.server.log.queue.element-limit = 1024 (custom)
2019-09-26 13:21:20,322 [pool-287-thread-1] INFO  server.RaftServerConfigKeys (ConfUtils.java:logGet(43)) - raft.server.log.segment.size.max = 1048576 (custom)
2019-09-26 13:21:20,322 [pool-287-thread-1] INFO  server.RaftServerConfigKeys (ConfUtils.java:logGet(43)) - raft.server.log.preallocated.size = 16384 (custom)
2019-09-26 13:21:20,322 [pool-287-thread-1] INFO  server.RaftServerConfigKeys (ConfUtils.java:logGet(43)) - raft.server.log.write.buffer.size = 33554432 (custom)
2019-09-26 13:21:20,322 [pool-287-thread-1] INFO  server.RaftServerConfigKeys (ConfUtils.java:logGet(43)) - raft.server.log.force.sync.num = 128 (default)
2019-09-26 13:21:20,322 [pool-287-thread-1] INFO  server.RaftServerConfigKeys (ConfUtils.java:logGet(43)) - raft.server.log.statemachine.data.sync = true (default)
2019-09-26 13:21:20,322 [pool-287-thread-1] INFO  server.RaftServerConfigKeys (ConfUtils.java:logGet(43)) - raft.server.log.statemachine.data.sync.timeout = 10s (default)
2019-09-26 13:21:20,323 [pool-287-thread-1] INFO  server.RaftServerConfigKeys (ConfUtils.java:logGet(43)) - raft.server.log.statemachine.data.sync.timeout.retry = -1 (default)
2019-09-26 13:21:20,323 [pool-287-thread-1] INFO  server.RaftServerConfigKeys (ConfUtils.java:logGet(43)) - raft.server.log.statemachine.data.caching.enabled = true (custom)
2019-09-26 13:21:20,323 [pool-287-thread-1] INFO  segmented.SegmentedRaftLogWorker (SegmentedRaftLogWorker.java:lambda$new$0(132)) - 7c6e08d0-8593-4f06-8d99-677ce7e140bf@group-2263A64E71D7-SegmentedRaftLogWorker: flushIndex: setUnconditionally 0 -> -1
2019-09-26 13:21:20,324 [pool-287-thread-1] INFO  server.RaftServerConfigKeys (ConfUtils.java:logGet(43)) - raft.server.snapshot.auto.trigger.enabled = true (custom)
2019-09-26 13:21:20,324 [pool-287-thread-1] INFO  server.RaftServerConfigKeys (ConfUtils.java:logGet(43)) - raft.server.snapshot.auto.trigger.threshold = 10000 (custom)
2019-09-26 13:21:20,324 [pool-287-thread-1] INFO  server.RaftServerConfigKeys (ConfUtils.java:logGet(43)) - raft.server.snapshot.retention.num.files = 5 (custom)
2019-09-26 13:21:20,324 [pool-287-thread-1] INFO  server.RaftServerConfigKeys (ConfUtils.java:logGet(43)) - raft.server.retrycache.expirytime = 600000ms (custom)
2019-09-26 13:21:20,326 [pool-287-thread-1] INFO  impl.RaftServerImpl (RaftServerImpl.java:start(185)) - 7c6e08d0-8593-4f06-8d99-677ce7e140bf@group-2263A64E71D7: start as a follower, conf=-1: [7c6e08d0-8593-4f06-8d99-677ce7e140bf:192.168.164.238:38697], old=null
2019-09-26 13:21:20,326 [pool-287-thread-1] INFO  impl.RaftServerImpl (RaftServerImpl.java:setRole(174)) - 7c6e08d0-8593-4f06-8d99-677ce7e140bf@group-2263A64E71D7: changes role from      null to FOLLOWER at term 0 for startAsFollower
2019-09-26 13:21:20,326 [pool-287-thread-1] INFO  impl.RoleInfo (RoleInfo.java:updateAndGet(143)) - 7c6e08d0-8593-4f06-8d99-677ce7e140bf: start FollowerState
2019-09-26 13:21:20,327 [pool-287-thread-1] INFO  util.JmxRegister (JmxRegister.java:tryRegister(44)) - Successfully registered JMX Bean with object name Ratis:service=RaftServer,group=group-2263A64E71D7,id=7c6e08d0-8593-4f06-8d99-677ce7e140bf
2019-09-26 13:21:20,330 [RatisPipelineUtilsThread] INFO  pipeline.PipelineStateManager (PipelineStateManager.java:addPipeline(56)) - Created pipeline Pipeline[ Id: 3cdfdf43-8c30-47af-b60a-2263a64e71d7, Nodes: 7c6e08d0-8593-4f06-8d99-677ce7e140bf{ip: 192.168.164.238, host: pr-hdds-1569-87zkn-1081879488, networkLocation: /default-rack, certSerialId: null}, Type:RATIS, Factor:ONE, State:OPEN]
2019-09-26 13:21:20,330 [RatisPipelineUtilsThread] INFO  pipeline.PipelinePlacementPolicy (PipelinePlacementPolicy.java:meetCriteria(91)) - Pipeline Placement: can't place more pipeline on heavy datanode： 8c369612-1079-4b1c-b5d4-8e378861e933 Heaviness: 6 limit: 5
2019-09-26 13:21:20,335 [grpc-default-executor-0] INFO  impl.RaftServerProxy (RaftServerProxy.java:addNew(89)) - 7c6e08d0-8593-4f06-8d99-677ce7e140bf: addNew group-3C417C58D99A:[7c6e08d0-8593-4f06-8d99-677ce7e140bf:192.168.164.238:38697] returns group-3C417C58D99A:java.util.concurrent.CompletableFuture@13c41114[Not completed]
2019-09-26 13:21:20,337 [pool-287-thread-1] INFO  impl.RaftServerImpl (RaftServerImpl.java:<init>(95)) - 7c6e08d0-8593-4f06-8d99-677ce7e140bf: new RaftServerImpl for group-3C417C58D99A:[7c6e08d0-8593-4f06-8d99-677ce7e140bf:192.168.164.238:38697] with ContainerStateMachine:uninitialized
2019-09-26 13:21:20,337 [pool-287-thread-1] INFO  server.RaftServerConfigKeys (ConfUtils.java:logGet(43)) - raft.server.rpc.timeout.min = 5s (custom)
2019-09-26 13:21:20,337 [pool-287-thread-1] INFO  server.RaftServerConfigKeys (ConfUtils.java:logGet(43)) - raft.server.rpc.timeout.max = 5200ms (custom)
2019-09-26 13:21:20,337 [pool-287-thread-1] INFO  server.RaftServerConfigKeys (ConfUtils.java:logGet(43)) - raft.server.rpcslowness.timeout = 120s (custom)
2019-09-26 13:21:20,338 [pool-287-thread-1] INFO  server.RaftServerConfigKeys (ConfUtils.java:logGet(43)) - raft.server.sleep.deviation.threshold = 300 (default)
2019-09-26 13:21:20,338 [pool-287-thread-1] INFO  server.RaftServerConfigKeys (ConfUtils.java:logGet(43)) - raft.server.log.appender.install.snapshot.enabled = false (custom)
2019-09-26 13:21:20,338 [pool-287-thread-1] INFO  impl.RaftServerImpl (ServerState.java:<init>(103)) - 7c6e08d0-8593-4f06-8d99-677ce7e140bf@group-3C417C58D99A: ConfigurationManager, init=-1: [7c6e08d0-8593-4f06-8d99-677ce7e140bf:192.168.164.238:38697], old=null, confs=<EMPTY_MAP>
2019-09-26 13:21:20,338 [pool-287-thread-1] INFO  server.RaftServerConfigKeys (ConfUtils.java:logGet(43)) - raft.server.storage.dir = [/workdir/hadoop-ozone/ozonefs/target/test-dir/MiniOzoneClusterImpl-2c717051-d98f-4757-bca5-e960ea56bcc7/datanode-1/data/ratis] (custom)
2019-09-26 13:21:20,338 [pool-287-thread-1] INFO  storage.RaftStorageDirectory (RaftStorageDirectory.java:analyzeStorage(246)) - The storage directory /workdir/hadoop-ozone/ozonefs/target/test-dir/MiniOzoneClusterImpl-2c717051-d98f-4757-bca5-e960ea56bcc7/datanode-1/data/ratis/1b416fa4-bf17-4d92-86a5-3c417c58d99a does not exist. Creating ...
2019-09-26 13:21:20,352 [pool-287-thread-1] INFO  storage.RaftStorageDirectory (RaftStorageDirectory.java:tryLock(328)) - Lock on /workdir/hadoop-ozone/ozonefs/target/test-dir/MiniOzoneClusterImpl-2c717051-d98f-4757-bca5-e960ea56bcc7/datanode-1/data/ratis/1b416fa4-bf17-4d92-86a5-3c417c58d99a/in_use.lock acquired by nodename 20384@pr-hdds-1569-87zkn-1081879488
2019-09-26 13:21:20,365 [pool-287-thread-1] INFO  storage.RaftStorage (RaftStorage.java:format(72)) - Storage directory /workdir/hadoop-ozone/ozonefs/target/test-dir/MiniOzoneClusterImpl-2c717051-d98f-4757-bca5-e960ea56bcc7/datanode-1/data/ratis/1b416fa4-bf17-4d92-86a5-3c417c58d99a has been successfully formatted.
2019-09-26 13:21:20,365 [pool-287-thread-1] INFO  ratis.ContainerStateMachine (ContainerStateMachine.java:loadSnapshot(230)) - group-3C417C58D99A: The snapshot info is null. Setting the last applied indexto:(t:0, i:~)
2019-09-26 13:21:20,365 [pool-287-thread-1] INFO  server.RaftServerConfigKeys (ConfUtils.java:logGet(43)) - raft.server.notification.no-leader.timeout = 120s (custom)
2019-09-26 13:21:20,365 [pool-287-thread-1] INFO  server.RaftServerConfigKeys (ConfUtils.java:logGet(43)) - raft.server.log.use.memory = false (default)
2019-09-26 13:21:20,366 [pool-287-thread-1] INFO  server.RaftServerConfigKeys (ConfUtils.java:logGet(43)) - raft.server.log.purge.gap = 1000000 (custom)
2019-09-26 13:21:20,366 [pool-287-thread-1] INFO  server.RaftServerConfigKeys (ConfUtils.java:logGet(43)) - raft.server.log.appender.buffer.byte-limit = 33554432 (custom)
2019-09-26 13:21:20,366 [pool-287-thread-1] INFO  server.RaftServerConfigKeys (ConfUtils.java:logGet(43)) - raft.server.log.segment.size.max = 1048576 (custom)
2019-09-26 13:21:20,366 [pool-287-thread-1] INFO  server.RaftServerConfigKeys (ConfUtils.java:logGet(43)) - raft.server.log.segment.cache.num.max = 2 (custom)
2019-09-26 13:21:20,366 [pool-287-thread-1] INFO  segmented.SegmentedRaftLogWorker (SegmentedRaftLogWorker.java:<init>(172)) - new 7c6e08d0-8593-4f06-8d99-677ce7e140bf@group-3C417C58D99A-SegmentedRaftLogWorker for RaftStorage:Storage Directory /workdir/hadoop-ozone/ozonefs/target/test-dir/MiniOzoneClusterImpl-2c717051-d98f-4757-bca5-e960ea56bcc7/datanode-1/data/ratis/1b416fa4-bf17-4d92-86a5-3c417c58d99a
2019-09-26 13:21:20,366 [pool-287-thread-1] INFO  server.RaftServerConfigKeys (ConfUtils.java:logGet(43)) - raft.server.log.queue.byte-limit = 2147483647 (custom)
2019-09-26 13:21:20,367 [pool-287-thread-1] INFO  server.RaftServerConfigKeys (ConfUtils.java:logGet(43)) - raft.server.log.queue.element-limit = 1024 (custom)
2019-09-26 13:21:20,367 [pool-287-thread-1] INFO  server.RaftServerConfigKeys (ConfUtils.java:logGet(43)) - raft.server.log.segment.size.max = 1048576 (custom)
2019-09-26 13:21:20,367 [pool-287-thread-1] INFO  server.RaftServerConfigKeys (ConfUtils.java:logGet(43)) - raft.server.log.preallocated.size = 16384 (custom)
2019-09-26 13:21:20,367 [pool-287-thread-1] INFO  server.RaftServerConfigKeys (ConfUtils.java:logGet(43)) - raft.server.log.write.buffer.size = 33554432 (custom)
2019-09-26 13:21:20,367 [pool-287-thread-1] INFO  server.RaftServerConfigKeys (ConfUtils.java:logGet(43)) - raft.server.log.force.sync.num = 128 (default)
2019-09-26 13:21:20,367 [pool-287-thread-1] INFO  server.RaftServerConfigKeys (ConfUtils.java:logGet(43)) - raft.server.log.statemachine.data.sync = true (default)
2019-09-26 13:21:20,368 [pool-287-thread-1] INFO  server.RaftServerConfigKeys (ConfUtils.java:logGet(43)) - raft.server.log.statemachine.data.sync.timeout = 10s (default)
2019-09-26 13:21:20,368 [pool-287-thread-1] INFO  server.RaftServerConfigKeys (ConfUtils.java:logGet(43)) - raft.server.log.statemachine.data.sync.timeout.retry = -1 (default)
2019-09-26 13:21:20,368 [pool-287-thread-1] INFO  server.RaftServerConfigKeys (ConfUtils.java:logGet(43)) - raft.server.log.statemachine.data.caching.enabled = true (custom)
2019-09-26 13:21:20,368 [pool-287-thread-1] INFO  segmented.SegmentedRaftLogWorker (SegmentedRaftLogWorker.java:lambda$new$0(132)) - 7c6e08d0-8593-4f06-8d99-677ce7e140bf@group-3C417C58D99A-SegmentedRaftLogWorker: flushIndex: setUnconditionally 0 -> -1
2019-09-26 13:21:20,369 [pool-287-thread-1] INFO  server.RaftServerConfigKeys (ConfUtils.java:logGet(43)) - raft.server.snapshot.auto.trigger.enabled = true (custom)
2019-09-26 13:21:20,369 [pool-287-thread-1] INFO  server.RaftServerConfigKeys (ConfUtils.java:logGet(43)) - raft.server.snapshot.auto.trigger.threshold = 10000 (custom)
2019-09-26 13:21:20,369 [pool-287-thread-1] INFO  server.RaftServerConfigKeys (ConfUtils.java:logGet(43)) - raft.server.snapshot.retention.num.files = 5 (custom)
2019-09-26 13:21:20,369 [pool-287-thread-1] INFO  server.RaftServerConfigKeys (ConfUtils.java:logGet(43)) - raft.server.retrycache.expirytime = 600000ms (custom)
2019-09-26 13:21:20,372 [pool-287-thread-1] INFO  impl.RaftServerImpl (RaftServerImpl.java:start(185)) - 7c6e08d0-8593-4f06-8d99-677ce7e140bf@group-3C417C58D99A: start as a follower, conf=-1: [7c6e08d0-8593-4f06-8d99-677ce7e140bf:192.168.164.238:38697], old=null
2019-09-26 13:21:20,372 [pool-287-thread-1] INFO  impl.RaftServerImpl (RaftServerImpl.java:setRole(174)) - 7c6e08d0-8593-4f06-8d99-677ce7e140bf@group-3C417C58D99A: changes role from      null to FOLLOWER at term 0 for startAsFollower
2019-09-26 13:21:20,372 [pool-287-thread-1] INFO  impl.RoleInfo (RoleInfo.java:updateAndGet(143)) - 7c6e08d0-8593-4f06-8d99-677ce7e140bf: start FollowerState
2019-09-26 13:21:20,372 [pool-287-thread-1] INFO  util.JmxRegister (JmxRegister.java:tryRegister(44)) - Successfully registered JMX Bean with object name Ratis:service=RaftServer,group=group-3C417C58D99A,id=7c6e08d0-8593-4f06-8d99-677ce7e140bf
2019-09-26 13:21:20,376 [RatisPipelineUtilsThread] INFO  pipeline.PipelineStateManager (PipelineStateManager.java:addPipeline(56)) - Created pipeline Pipeline[ Id: 1b416fa4-bf17-4d92-86a5-3c417c58d99a, Nodes: 7c6e08d0-8593-4f06-8d99-677ce7e140bf{ip: 192.168.164.238, host: pr-hdds-1569-87zkn-1081879488, networkLocation: /default-rack, certSerialId: null}, Type:RATIS, Factor:ONE, State:OPEN]
2019-09-26 13:21:20,376 [RatisPipelineUtilsThread] INFO  pipeline.PipelinePlacementPolicy (PipelinePlacementPolicy.java:meetCriteria(91)) - Pipeline Placement: can't place more pipeline on heavy datanode： 8c369612-1079-4b1c-b5d4-8e378861e933 Heaviness: 6 limit: 5
2019-09-26 13:21:20,382 [grpc-default-executor-0] INFO  impl.RaftServerProxy (RaftServerProxy.java:addNew(89)) - 7c6e08d0-8593-4f06-8d99-677ce7e140bf: addNew group-374BB4086926:[7c6e08d0-8593-4f06-8d99-677ce7e140bf:192.168.164.238:38697] returns group-374BB4086926:java.util.concurrent.CompletableFuture@5b367422[Not completed]
2019-09-26 13:21:20,383 [pool-287-thread-1] INFO  impl.RaftServerImpl (RaftServerImpl.java:<init>(95)) - 7c6e08d0-8593-4f06-8d99-677ce7e140bf: new RaftServerImpl for group-374BB4086926:[7c6e08d0-8593-4f06-8d99-677ce7e140bf:192.168.164.238:38697] with ContainerStateMachine:uninitialized
2019-09-26 13:21:20,384 [pool-287-thread-1] INFO  server.RaftServerConfigKeys (ConfUtils.java:logGet(43)) - raft.server.rpc.timeout.min = 5s (custom)
2019-09-26 13:21:20,384 [pool-287-thread-1] INFO  server.RaftServerConfigKeys (ConfUtils.java:logGet(43)) - raft.server.rpc.timeout.max = 5200ms (custom)
2019-09-26 13:21:20,384 [pool-287-thread-1] INFO  server.RaftServerConfigKeys (ConfUtils.java:logGet(43)) - raft.server.rpcslowness.timeout = 120s (custom)
2019-09-26 13:21:20,384 [pool-287-thread-1] INFO  server.RaftServerConfigKeys (ConfUtils.java:logGet(43)) - raft.server.sleep.deviation.threshold = 300 (default)
2019-09-26 13:21:20,384 [pool-287-thread-1] INFO  server.RaftServerConfigKeys (ConfUtils.java:logGet(43)) - raft.server.log.appender.install.snapshot.enabled = false (custom)
2019-09-26 13:21:20,384 [pool-287-thread-1] INFO  impl.RaftServerImpl (ServerState.java:<init>(103)) - 7c6e08d0-8593-4f06-8d99-677ce7e140bf@group-374BB4086926: ConfigurationManager, init=-1: [7c6e08d0-8593-4f06-8d99-677ce7e140bf:192.168.164.238:38697], old=null, confs=<EMPTY_MAP>
2019-09-26 13:21:20,384 [pool-287-thread-1] INFO  server.RaftServerConfigKeys (ConfUtils.java:logGet(43)) - raft.server.storage.dir = [/workdir/hadoop-ozone/ozonefs/target/test-dir/MiniOzoneClusterImpl-2c717051-d98f-4757-bca5-e960ea56bcc7/datanode-1/data/ratis] (custom)
2019-09-26 13:21:20,385 [pool-287-thread-1] INFO  storage.RaftStorageDirectory (RaftStorageDirectory.java:analyzeStorage(246)) - The storage directory /workdir/hadoop-ozone/ozonefs/target/test-dir/MiniOzoneClusterImpl-2c717051-d98f-4757-bca5-e960ea56bcc7/datanode-1/data/ratis/7ded1c04-9340-4417-b8c6-374bb4086926 does not exist. Creating ...
2019-09-26 13:21:20,398 [pool-287-thread-1] INFO  storage.RaftStorageDirectory (RaftStorageDirectory.java:tryLock(328)) - Lock on /workdir/hadoop-ozone/ozonefs/target/test-dir/MiniOzoneClusterImpl-2c717051-d98f-4757-bca5-e960ea56bcc7/datanode-1/data/ratis/7ded1c04-9340-4417-b8c6-374bb4086926/in_use.lock acquired by nodename 20384@pr-hdds-1569-87zkn-1081879488
2019-09-26 13:21:20,411 [pool-287-thread-1] INFO  storage.RaftStorage (RaftStorage.java:format(72)) - Storage directory /workdir/hadoop-ozone/ozonefs/target/test-dir/MiniOzoneClusterImpl-2c717051-d98f-4757-bca5-e960ea56bcc7/datanode-1/data/ratis/7ded1c04-9340-4417-b8c6-374bb4086926 has been successfully formatted.
2019-09-26 13:21:20,411 [pool-287-thread-1] INFO  ratis.ContainerStateMachine (ContainerStateMachine.java:loadSnapshot(230)) - group-374BB4086926: The snapshot info is null. Setting the last applied indexto:(t:0, i:~)
2019-09-26 13:21:20,411 [pool-287-thread-1] INFO  server.RaftServerConfigKeys (ConfUtils.java:logGet(43)) - raft.server.notification.no-leader.timeout = 120s (custom)
2019-09-26 13:21:20,411 [pool-287-thread-1] INFO  server.RaftServerConfigKeys (ConfUtils.java:logGet(43)) - raft.server.log.use.memory = false (default)
2019-09-26 13:21:20,411 [pool-287-thread-1] INFO  server.RaftServerConfigKeys (ConfUtils.java:logGet(43)) - raft.server.log.purge.gap = 1000000 (custom)
2019-09-26 13:21:20,412 [pool-287-thread-1] INFO  server.RaftServerConfigKeys (ConfUtils.java:logGet(43)) - raft.server.log.appender.buffer.byte-limit = 33554432 (custom)
2019-09-26 13:21:20,412 [pool-287-thread-1] INFO  server.RaftServerConfigKeys (ConfUtils.java:logGet(43)) - raft.server.log.segment.size.max = 1048576 (custom)
2019-09-26 13:21:20,412 [pool-287-thread-1] INFO  server.RaftServerConfigKeys (ConfUtils.java:logGet(43)) - raft.server.log.segment.cache.num.max = 2 (custom)
2019-09-26 13:21:20,412 [pool-287-thread-1] INFO  segmented.SegmentedRaftLogWorker (SegmentedRaftLogWorker.java:<init>(172)) - new 7c6e08d0-8593-4f06-8d99-677ce7e140bf@group-374BB4086926-SegmentedRaftLogWorker for RaftStorage:Storage Directory /workdir/hadoop-ozone/ozonefs/target/test-dir/MiniOzoneClusterImpl-2c717051-d98f-4757-bca5-e960ea56bcc7/datanode-1/data/ratis/7ded1c04-9340-4417-b8c6-374bb4086926
2019-09-26 13:21:20,412 [pool-287-thread-1] INFO  server.RaftServerConfigKeys (ConfUtils.java:logGet(43)) - raft.server.log.queue.byte-limit = 2147483647 (custom)
2019-09-26 13:21:20,412 [pool-287-thread-1] INFO  server.RaftServerConfigKeys (ConfUtils.java:logGet(43)) - raft.server.log.queue.element-limit = 1024 (custom)
2019-09-26 13:21:20,413 [pool-287-thread-1] INFO  server.RaftServerConfigKeys (ConfUtils.java:logGet(43)) - raft.server.log.segment.size.max = 1048576 (custom)
2019-09-26 13:21:20,413 [pool-287-thread-1] INFO  server.RaftServerConfigKeys (ConfUtils.java:logGet(43)) - raft.server.log.preallocated.size = 16384 (custom)
2019-09-26 13:21:20,413 [pool-287-thread-1] INFO  server.RaftServerConfigKeys (ConfUtils.java:logGet(43)) - raft.server.log.write.buffer.size = 33554432 (custom)
2019-09-26 13:21:20,413 [pool-287-thread-1] INFO  server.RaftServerConfigKeys (ConfUtils.java:logGet(43)) - raft.server.log.force.sync.num = 128 (default)
2019-09-26 13:21:20,413 [pool-287-thread-1] INFO  server.RaftServerConfigKeys (ConfUtils.java:logGet(43)) - raft.server.log.statemachine.data.sync = true (default)
2019-09-26 13:21:20,413 [pool-287-thread-1] INFO  server.RaftServerConfigKeys (ConfUtils.java:logGet(43)) - raft.server.log.statemachine.data.sync.timeout = 10s (default)
2019-09-26 13:21:20,414 [pool-287-thread-1] INFO  server.RaftServerConfigKeys (ConfUtils.java:logGet(43)) - raft.server.log.statemachine.data.sync.timeout.retry = -1 (default)
2019-09-26 13:21:20,414 [pool-287-thread-1] INFO  server.RaftServerConfigKeys (ConfUtils.java:logGet(43)) - raft.server.log.statemachine.data.caching.enabled = true (custom)
2019-09-26 13:21:20,414 [pool-287-thread-1] INFO  segmented.SegmentedRaftLogWorker (SegmentedRaftLogWorker.java:lambda$new$0(132)) - 7c6e08d0-8593-4f06-8d99-677ce7e140bf@group-374BB4086926-SegmentedRaftLogWorker: flushIndex: setUnconditionally 0 -> -1
2019-09-26 13:21:20,414 [pool-287-thread-1] INFO  server.RaftServerConfigKeys (ConfUtils.java:logGet(43)) - raft.server.snapshot.auto.trigger.enabled = true (custom)
2019-09-26 13:21:20,415 [pool-287-thread-1] INFO  server.RaftServerConfigKeys (ConfUtils.java:logGet(43)) - raft.server.snapshot.auto.trigger.threshold = 10000 (custom)
2019-09-26 13:21:20,415 [pool-287-thread-1] INFO  server.RaftServerConfigKeys (ConfUtils.java:logGet(43)) - raft.server.snapshot.retention.num.files = 5 (custom)
2019-09-26 13:21:20,415 [pool-287-thread-1] INFO  server.RaftServerConfigKeys (ConfUtils.java:logGet(43)) - raft.server.retrycache.expirytime = 600000ms (custom)
2019-09-26 13:21:20,417 [pool-287-thread-1] INFO  impl.RaftServerImpl (RaftServerImpl.java:start(185)) - 7c6e08d0-8593-4f06-8d99-677ce7e140bf@group-374BB4086926: start as a follower, conf=-1: [7c6e08d0-8593-4f06-8d99-677ce7e140bf:192.168.164.238:38697], old=null
2019-09-26 13:21:20,418 [pool-287-thread-1] INFO  impl.RaftServerImpl (RaftServerImpl.java:setRole(174)) - 7c6e08d0-8593-4f06-8d99-677ce7e140bf@group-374BB4086926: changes role from      null to FOLLOWER at term 0 for startAsFollower
2019-09-26 13:21:20,418 [pool-287-thread-1] INFO  impl.RoleInfo (RoleInfo.java:updateAndGet(143)) - 7c6e08d0-8593-4f06-8d99-677ce7e140bf: start FollowerState
2019-09-26 13:21:20,418 [pool-287-thread-1] INFO  util.JmxRegister (JmxRegister.java:tryRegister(44)) - Successfully registered JMX Bean with object name Ratis:service=RaftServer,group=group-374BB4086926,id=7c6e08d0-8593-4f06-8d99-677ce7e140bf
2019-09-26 13:21:20,421 [RatisPipelineUtilsThread] INFO  pipeline.PipelineStateManager (PipelineStateManager.java:addPipeline(56)) - Created pipeline Pipeline[ Id: 7ded1c04-9340-4417-b8c6-374bb4086926, Nodes: 7c6e08d0-8593-4f06-8d99-677ce7e140bf{ip: 192.168.164.238, host: pr-hdds-1569-87zkn-1081879488, networkLocation: /default-rack, certSerialId: null}, Type:RATIS, Factor:ONE, State:OPEN]
2019-09-26 13:21:20,422 [RatisPipelineUtilsThread] INFO  pipeline.PipelinePlacementPolicy (PipelinePlacementPolicy.java:meetCriteria(91)) - Pipeline Placement: can't place more pipeline on heavy datanode： 8c369612-1079-4b1c-b5d4-8e378861e933 Heaviness: 6 limit: 5
2019-09-26 13:21:20,427 [grpc-default-executor-0] INFO  impl.RaftServerProxy (RaftServerProxy.java:addNew(89)) - 7c6e08d0-8593-4f06-8d99-677ce7e140bf: addNew group-450998A78B4C:[7c6e08d0-8593-4f06-8d99-677ce7e140bf:192.168.164.238:38697] returns group-450998A78B4C:java.util.concurrent.CompletableFuture@6c0f987b[Not completed]
2019-09-26 13:21:20,428 [pool-287-thread-1] INFO  impl.RaftServerImpl (RaftServerImpl.java:<init>(95)) - 7c6e08d0-8593-4f06-8d99-677ce7e140bf: new RaftServerImpl for group-450998A78B4C:[7c6e08d0-8593-4f06-8d99-677ce7e140bf:192.168.164.238:38697] with ContainerStateMachine:uninitialized
2019-09-26 13:21:20,428 [pool-287-thread-1] INFO  server.RaftServerConfigKeys (ConfUtils.java:logGet(43)) - raft.server.rpc.timeout.min = 5s (custom)
2019-09-26 13:21:20,429 [pool-287-thread-1] INFO  server.RaftServerConfigKeys (ConfUtils.java:logGet(43)) - raft.server.rpc.timeout.max = 5200ms (custom)
2019-09-26 13:21:20,429 [pool-287-thread-1] INFO  server.RaftServerConfigKeys (ConfUtils.java:logGet(43)) - raft.server.rpcslowness.timeout = 120s (custom)
2019-09-26 13:21:20,429 [pool-287-thread-1] INFO  server.RaftServerConfigKeys (ConfUtils.java:logGet(43)) - raft.server.sleep.deviation.threshold = 300 (default)
2019-09-26 13:21:20,429 [pool-287-thread-1] INFO  server.RaftServerConfigKeys (ConfUtils.java:logGet(43)) - raft.server.log.appender.install.snapshot.enabled = false (custom)
2019-09-26 13:21:20,429 [pool-287-thread-1] INFO  impl.RaftServerImpl (ServerState.java:<init>(103)) - 7c6e08d0-8593-4f06-8d99-677ce7e140bf@group-450998A78B4C: ConfigurationManager, init=-1: [7c6e08d0-8593-4f06-8d99-677ce7e140bf:192.168.164.238:38697], old=null, confs=<EMPTY_MAP>
2019-09-26 13:21:20,429 [pool-287-thread-1] INFO  server.RaftServerConfigKeys (ConfUtils.java:logGet(43)) - raft.server.storage.dir = [/workdir/hadoop-ozone/ozonefs/target/test-dir/MiniOzoneClusterImpl-2c717051-d98f-4757-bca5-e960ea56bcc7/datanode-1/data/ratis] (custom)
2019-09-26 13:21:20,430 [pool-287-thread-1] INFO  storage.RaftStorageDirectory (RaftStorageDirectory.java:analyzeStorage(246)) - The storage directory /workdir/hadoop-ozone/ozonefs/target/test-dir/MiniOzoneClusterImpl-2c717051-d98f-4757-bca5-e960ea56bcc7/datanode-1/data/ratis/de03eb95-8229-4cc3-acb6-450998a78b4c does not exist. Creating ...
2019-09-26 13:21:20,442 [pool-287-thread-1] INFO  storage.RaftStorageDirectory (RaftStorageDirectory.java:tryLock(328)) - Lock on /workdir/hadoop-ozone/ozonefs/target/test-dir/MiniOzoneClusterImpl-2c717051-d98f-4757-bca5-e960ea56bcc7/datanode-1/data/ratis/de03eb95-8229-4cc3-acb6-450998a78b4c/in_use.lock acquired by nodename 20384@pr-hdds-1569-87zkn-1081879488
2019-09-26 13:21:20,455 [pool-287-thread-1] INFO  storage.RaftStorage (RaftStorage.java:format(72)) - Storage directory /workdir/hadoop-ozone/ozonefs/target/test-dir/MiniOzoneClusterImpl-2c717051-d98f-4757-bca5-e960ea56bcc7/datanode-1/data/ratis/de03eb95-8229-4cc3-acb6-450998a78b4c has been successfully formatted.
2019-09-26 13:21:20,456 [pool-287-thread-1] INFO  ratis.ContainerStateMachine (ContainerStateMachine.java:loadSnapshot(230)) - group-450998A78B4C: The snapshot info is null. Setting the last applied indexto:(t:0, i:~)
2019-09-26 13:21:20,456 [pool-287-thread-1] INFO  server.RaftServerConfigKeys (ConfUtils.java:logGet(43)) - raft.server.notification.no-leader.timeout = 120s (custom)
2019-09-26 13:21:20,456 [pool-287-thread-1] INFO  server.RaftServerConfigKeys (ConfUtils.java:logGet(43)) - raft.server.log.use.memory = false (default)
2019-09-26 13:21:20,456 [pool-287-thread-1] INFO  server.RaftServerConfigKeys (ConfUtils.java:logGet(43)) - raft.server.log.purge.gap = 1000000 (custom)
2019-09-26 13:21:20,456 [pool-287-thread-1] INFO  server.RaftServerConfigKeys (ConfUtils.java:logGet(43)) - raft.server.log.appender.buffer.byte-limit = 33554432 (custom)
2019-09-26 13:21:20,456 [pool-287-thread-1] INFO  server.RaftServerConfigKeys (ConfUtils.java:logGet(43)) - raft.server.log.segment.size.max = 1048576 (custom)
2019-09-26 13:21:20,456 [pool-287-thread-1] INFO  server.RaftServerConfigKeys (ConfUtils.java:logGet(43)) - raft.server.log.segment.cache.num.max = 2 (custom)
2019-09-26 13:21:20,457 [pool-287-thread-1] INFO  segmented.SegmentedRaftLogWorker (SegmentedRaftLogWorker.java:<init>(172)) - new 7c6e08d0-8593-4f06-8d99-677ce7e140bf@group-450998A78B4C-SegmentedRaftLogWorker for RaftStorage:Storage Directory /workdir/hadoop-ozone/ozonefs/target/test-dir/MiniOzoneClusterImpl-2c717051-d98f-4757-bca5-e960ea56bcc7/datanode-1/data/ratis/de03eb95-8229-4cc3-acb6-450998a78b4c
2019-09-26 13:21:20,457 [pool-287-thread-1] INFO  server.RaftServerConfigKeys (ConfUtils.java:logGet(43)) - raft.server.log.queue.byte-limit = 2147483647 (custom)
2019-09-26 13:21:20,457 [pool-287-thread-1] INFO  server.RaftServerConfigKeys (ConfUtils.java:logGet(43)) - raft.server.log.queue.element-limit = 1024 (custom)
2019-09-26 13:21:20,457 [pool-287-thread-1] INFO  server.RaftServerConfigKeys (ConfUtils.java:logGet(43)) - raft.server.log.segment.size.max = 1048576 (custom)
2019-09-26 13:21:20,457 [pool-287-thread-1] INFO  server.RaftServerConfigKeys (ConfUtils.java:logGet(43)) - raft.server.log.preallocated.size = 16384 (custom)
2019-09-26 13:21:20,457 [pool-287-thread-1] INFO  server.RaftServerConfigKeys (ConfUtils.java:logGet(43)) - raft.server.log.write.buffer.size = 33554432 (custom)
2019-09-26 13:21:20,457 [pool-287-thread-1] INFO  server.RaftServerConfigKeys (ConfUtils.java:logGet(43)) - raft.server.log.force.sync.num = 128 (default)
2019-09-26 13:21:20,458 [pool-287-thread-1] INFO  server.RaftServerConfigKeys (ConfUtils.java:logGet(43)) - raft.server.log.statemachine.data.sync = true (default)
2019-09-26 13:21:20,458 [pool-287-thread-1] INFO  server.RaftServerConfigKeys (ConfUtils.java:logGet(43)) - raft.server.log.statemachine.data.sync.timeout = 10s (default)
2019-09-26 13:21:20,458 [pool-287-thread-1] INFO  server.RaftServerConfigKeys (ConfUtils.java:logGet(43)) - raft.server.log.statemachine.data.sync.timeout.retry = -1 (default)
2019-09-26 13:21:20,458 [pool-287-thread-1] INFO  server.RaftServerConfigKeys (ConfUtils.java:logGet(43)) - raft.server.log.statemachine.data.caching.enabled = true (custom)
2019-09-26 13:21:20,458 [pool-287-thread-1] INFO  segmented.SegmentedRaftLogWorker (SegmentedRaftLogWorker.java:lambda$new$0(132)) - 7c6e08d0-8593-4f06-8d99-677ce7e140bf@group-450998A78B4C-SegmentedRaftLogWorker: flushIndex: setUnconditionally 0 -> -1
2019-09-26 13:21:20,459 [pool-287-thread-1] INFO  server.RaftServerConfigKeys (ConfUtils.java:logGet(43)) - raft.server.snapshot.auto.trigger.enabled = true (custom)
2019-09-26 13:21:20,459 [pool-287-thread-1] INFO  server.RaftServerConfigKeys (ConfUtils.java:logGet(43)) - raft.server.snapshot.auto.trigger.threshold = 10000 (custom)
2019-09-26 13:21:20,459 [pool-287-thread-1] INFO  server.RaftServerConfigKeys (ConfUtils.java:logGet(43)) - raft.server.snapshot.retention.num.files = 5 (custom)
2019-09-26 13:21:20,459 [pool-287-thread-1] INFO  server.RaftServerConfigKeys (ConfUtils.java:logGet(43)) - raft.server.retrycache.expirytime = 600000ms (custom)
2019-09-26 13:21:20,461 [pool-287-thread-1] INFO  impl.RaftServerImpl (RaftServerImpl.java:start(185)) - 7c6e08d0-8593-4f06-8d99-677ce7e140bf@group-450998A78B4C: start as a follower, conf=-1: [7c6e08d0-8593-4f06-8d99-677ce7e140bf:192.168.164.238:38697], old=null
2019-09-26 13:21:20,461 [pool-287-thread-1] INFO  impl.RaftServerImpl (RaftServerImpl.java:setRole(174)) - 7c6e08d0-8593-4f06-8d99-677ce7e140bf@group-450998A78B4C: changes role from      null to FOLLOWER at term 0 for startAsFollower
2019-09-26 13:21:20,461 [pool-287-thread-1] INFO  impl.RoleInfo (RoleInfo.java:updateAndGet(143)) - 7c6e08d0-8593-4f06-8d99-677ce7e140bf: start FollowerState
2019-09-26 13:21:20,462 [pool-287-thread-1] INFO  util.JmxRegister (JmxRegister.java:tryRegister(44)) - Successfully registered JMX Bean with object name Ratis:service=RaftServer,group=group-450998A78B4C,id=7c6e08d0-8593-4f06-8d99-677ce7e140bf
2019-09-26 13:21:20,465 [RatisPipelineUtilsThread] INFO  pipeline.PipelineStateManager (PipelineStateManager.java:addPipeline(56)) - Created pipeline Pipeline[ Id: de03eb95-8229-4cc3-acb6-450998a78b4c, Nodes: 7c6e08d0-8593-4f06-8d99-677ce7e140bf{ip: 192.168.164.238, host: pr-hdds-1569-87zkn-1081879488, networkLocation: /default-rack, certSerialId: null}, Type:RATIS, Factor:ONE, State:OPEN]
2019-09-26 13:21:20,465 [RatisPipelineUtilsThread] INFO  pipeline.PipelinePlacementPolicy (PipelinePlacementPolicy.java:meetCriteria(91)) - Pipeline Placement: can't place more pipeline on heavy datanode： 8c369612-1079-4b1c-b5d4-8e378861e933 Heaviness: 6 limit: 5
2019-09-26 13:21:20,465 [RatisPipelineUtilsThread] INFO  pipeline.PipelinePlacementPolicy (PipelinePlacementPolicy.java:meetCriteria(91)) - Pipeline Placement: can't place more pipeline on heavy datanode： 7c6e08d0-8593-4f06-8d99-677ce7e140bf Heaviness: 6 limit: 5
2019-09-26 13:21:20,472 [grpc-default-executor-0] INFO  impl.RaftServerProxy (RaftServerProxy.java:addNew(89)) - 62684552-2d14-4fa0-a8ac-9ab43a1e29b8: addNew group-5710EEAEDE3A:[62684552-2d14-4fa0-a8ac-9ab43a1e29b8:192.168.164.238:45794] returns group-5710EEAEDE3A:java.util.concurrent.CompletableFuture@3c9a273e[Not completed]
2019-09-26 13:21:20,474 [pool-297-thread-1] INFO  impl.RaftServerImpl (RaftServerImpl.java:<init>(95)) - 62684552-2d14-4fa0-a8ac-9ab43a1e29b8: new RaftServerImpl for group-5710EEAEDE3A:[62684552-2d14-4fa0-a8ac-9ab43a1e29b8:192.168.164.238:45794] with ContainerStateMachine:uninitialized
2019-09-26 13:21:20,474 [pool-297-thread-1] INFO  server.RaftServerConfigKeys (ConfUtils.java:logGet(43)) - raft.server.rpc.timeout.min = 5s (custom)
2019-09-26 13:21:20,474 [pool-297-thread-1] INFO  server.RaftServerConfigKeys (ConfUtils.java:logGet(43)) - raft.server.rpc.timeout.max = 5200ms (custom)
2019-09-26 13:21:20,474 [pool-297-thread-1] INFO  server.RaftServerConfigKeys (ConfUtils.java:logGet(43)) - raft.server.rpcslowness.timeout = 120s (custom)
2019-09-26 13:21:20,474 [pool-297-thread-1] INFO  server.RaftServerConfigKeys (ConfUtils.java:logGet(43)) - raft.server.sleep.deviation.threshold = 300 (default)
2019-09-26 13:21:20,475 [pool-297-thread-1] INFO  server.RaftServerConfigKeys (ConfUtils.java:logGet(43)) - raft.server.log.appender.install.snapshot.enabled = false (custom)
2019-09-26 13:21:20,475 [pool-297-thread-1] INFO  impl.RaftServerImpl (ServerState.java:<init>(103)) - 62684552-2d14-4fa0-a8ac-9ab43a1e29b8@group-5710EEAEDE3A: ConfigurationManager, init=-1: [62684552-2d14-4fa0-a8ac-9ab43a1e29b8:192.168.164.238:45794], old=null, confs=<EMPTY_MAP>
2019-09-26 13:21:20,475 [pool-297-thread-1] INFO  server.RaftServerConfigKeys (ConfUtils.java:logGet(43)) - raft.server.storage.dir = [/workdir/hadoop-ozone/ozonefs/target/test-dir/MiniOzoneClusterImpl-2c717051-d98f-4757-bca5-e960ea56bcc7/datanode-2/data/ratis] (custom)
2019-09-26 13:21:20,475 [pool-297-thread-1] INFO  storage.RaftStorageDirectory (RaftStorageDirectory.java:analyzeStorage(246)) - The storage directory /workdir/hadoop-ozone/ozonefs/target/test-dir/MiniOzoneClusterImpl-2c717051-d98f-4757-bca5-e960ea56bcc7/datanode-2/data/ratis/5af39ff8-1891-4977-b142-5710eeaede3a does not exist. Creating ...
2019-09-26 13:21:20,488 [pool-297-thread-1] INFO  storage.RaftStorageDirectory (RaftStorageDirectory.java:tryLock(328)) - Lock on /workdir/hadoop-ozone/ozonefs/target/test-dir/MiniOzoneClusterImpl-2c717051-d98f-4757-bca5-e960ea56bcc7/datanode-2/data/ratis/5af39ff8-1891-4977-b142-5710eeaede3a/in_use.lock acquired by nodename 20384@pr-hdds-1569-87zkn-1081879488
2019-09-26 13:21:20,502 [pool-297-thread-1] INFO  storage.RaftStorage (RaftStorage.java:format(72)) - Storage directory /workdir/hadoop-ozone/ozonefs/target/test-dir/MiniOzoneClusterImpl-2c717051-d98f-4757-bca5-e960ea56bcc7/datanode-2/data/ratis/5af39ff8-1891-4977-b142-5710eeaede3a has been successfully formatted.
2019-09-26 13:21:20,502 [pool-297-thread-1] INFO  ratis.ContainerStateMachine (ContainerStateMachine.java:loadSnapshot(230)) - group-5710EEAEDE3A: The snapshot info is null. Setting the last applied indexto:(t:0, i:~)
2019-09-26 13:21:20,502 [pool-297-thread-1] INFO  server.RaftServerConfigKeys (ConfUtils.java:logGet(43)) - raft.server.notification.no-leader.timeout = 120s (custom)
2019-09-26 13:21:20,502 [pool-297-thread-1] INFO  server.RaftServerConfigKeys (ConfUtils.java:logGet(43)) - raft.server.log.use.memory = false (default)
2019-09-26 13:21:20,503 [pool-297-thread-1] INFO  server.RaftServerConfigKeys (ConfUtils.java:logGet(43)) - raft.server.log.purge.gap = 1000000 (custom)
2019-09-26 13:21:20,503 [pool-297-thread-1] INFO  server.RaftServerConfigKeys (ConfUtils.java:logGet(43)) - raft.server.log.appender.buffer.byte-limit = 33554432 (custom)
2019-09-26 13:21:20,503 [pool-297-thread-1] INFO  server.RaftServerConfigKeys (ConfUtils.java:logGet(43)) - raft.server.log.segment.size.max = 1048576 (custom)
2019-09-26 13:21:20,503 [pool-297-thread-1] INFO  server.RaftServerConfigKeys (ConfUtils.java:logGet(43)) - raft.server.log.segment.cache.num.max = 2 (custom)
2019-09-26 13:21:20,503 [pool-297-thread-1] INFO  segmented.SegmentedRaftLogWorker (SegmentedRaftLogWorker.java:<init>(172)) - new 62684552-2d14-4fa0-a8ac-9ab43a1e29b8@group-5710EEAEDE3A-SegmentedRaftLogWorker for RaftStorage:Storage Directory /workdir/hadoop-ozone/ozonefs/target/test-dir/MiniOzoneClusterImpl-2c717051-d98f-4757-bca5-e960ea56bcc7/datanode-2/data/ratis/5af39ff8-1891-4977-b142-5710eeaede3a
2019-09-26 13:21:20,503 [pool-297-thread-1] INFO  server.RaftServerConfigKeys (ConfUtils.java:logGet(43)) - raft.server.log.queue.byte-limit = 2147483647 (custom)
2019-09-26 13:21:20,504 [pool-297-thread-1] INFO  server.RaftServerConfigKeys (ConfUtils.java:logGet(43)) - raft.server.log.queue.element-limit = 1024 (custom)
2019-09-26 13:21:20,504 [pool-297-thread-1] INFO  server.RaftServerConfigKeys (ConfUtils.java:logGet(43)) - raft.server.log.segment.size.max = 1048576 (custom)
2019-09-26 13:21:20,504 [pool-297-thread-1] INFO  server.RaftServerConfigKeys (ConfUtils.java:logGet(43)) - raft.server.log.preallocated.size = 16384 (custom)
2019-09-26 13:21:20,504 [pool-297-thread-1] INFO  server.RaftServerConfigKeys (ConfUtils.java:logGet(43)) - raft.server.log.write.buffer.size = 33554432 (custom)
2019-09-26 13:21:20,504 [pool-297-thread-1] INFO  server.RaftServerConfigKeys (ConfUtils.java:logGet(43)) - raft.server.log.force.sync.num = 128 (default)
2019-09-26 13:21:20,504 [pool-297-thread-1] INFO  server.RaftServerConfigKeys (ConfUtils.java:logGet(43)) - raft.server.log.statemachine.data.sync = true (default)
2019-09-26 13:21:20,505 [pool-297-thread-1] INFO  server.RaftServerConfigKeys (ConfUtils.java:logGet(43)) - raft.server.log.statemachine.data.sync.timeout = 10s (default)
2019-09-26 13:21:20,505 [pool-297-thread-1] INFO  server.RaftServerConfigKeys (ConfUtils.java:logGet(43)) - raft.server.log.statemachine.data.sync.timeout.retry = -1 (default)
2019-09-26 13:21:20,505 [pool-297-thread-1] INFO  server.RaftServerConfigKeys (ConfUtils.java:logGet(43)) - raft.server.log.statemachine.data.caching.enabled = true (custom)
2019-09-26 13:21:20,505 [pool-297-thread-1] INFO  segmented.SegmentedRaftLogWorker (SegmentedRaftLogWorker.java:lambda$new$0(132)) - 62684552-2d14-4fa0-a8ac-9ab43a1e29b8@group-5710EEAEDE3A-SegmentedRaftLogWorker: flushIndex: setUnconditionally 0 -> -1
2019-09-26 13:21:20,506 [pool-297-thread-1] INFO  server.RaftServerConfigKeys (ConfUtils.java:logGet(43)) - raft.server.snapshot.auto.trigger.enabled = true (custom)
2019-09-26 13:21:20,506 [pool-297-thread-1] INFO  server.RaftServerConfigKeys (ConfUtils.java:logGet(43)) - raft.server.snapshot.auto.trigger.threshold = 10000 (custom)
2019-09-26 13:21:20,506 [pool-297-thread-1] INFO  server.RaftServerConfigKeys (ConfUtils.java:logGet(43)) - raft.server.snapshot.retention.num.files = 5 (custom)
2019-09-26 13:21:20,506 [pool-297-thread-1] INFO  server.RaftServerConfigKeys (ConfUtils.java:logGet(43)) - raft.server.retrycache.expirytime = 600000ms (custom)
2019-09-26 13:21:20,509 [pool-297-thread-1] INFO  impl.RaftServerImpl (RaftServerImpl.java:start(185)) - 62684552-2d14-4fa0-a8ac-9ab43a1e29b8@group-5710EEAEDE3A: start as a follower, conf=-1: [62684552-2d14-4fa0-a8ac-9ab43a1e29b8:192.168.164.238:45794], old=null
2019-09-26 13:21:20,509 [pool-297-thread-1] INFO  impl.RaftServerImpl (RaftServerImpl.java:setRole(174)) - 62684552-2d14-4fa0-a8ac-9ab43a1e29b8@group-5710EEAEDE3A: changes role from      null to FOLLOWER at term 0 for startAsFollower
2019-09-26 13:21:20,509 [pool-297-thread-1] INFO  impl.RoleInfo (RoleInfo.java:updateAndGet(143)) - 62684552-2d14-4fa0-a8ac-9ab43a1e29b8: start FollowerState
2019-09-26 13:21:20,509 [pool-297-thread-1] INFO  util.JmxRegister (JmxRegister.java:tryRegister(44)) - Successfully registered JMX Bean with object name Ratis:service=RaftServer,group=group-5710EEAEDE3A,id=62684552-2d14-4fa0-a8ac-9ab43a1e29b8
2019-09-26 13:21:20,513 [RatisPipelineUtilsThread] INFO  pipeline.PipelineStateManager (PipelineStateManager.java:addPipeline(56)) - Created pipeline Pipeline[ Id: 5af39ff8-1891-4977-b142-5710eeaede3a, Nodes: 62684552-2d14-4fa0-a8ac-9ab43a1e29b8{ip: 192.168.164.238, host: pr-hdds-1569-87zkn-1081879488, networkLocation: /default-rack, certSerialId: null}, Type:RATIS, Factor:ONE, State:OPEN]
2019-09-26 13:21:20,513 [RatisPipelineUtilsThread] INFO  pipeline.PipelinePlacementPolicy (PipelinePlacementPolicy.java:meetCriteria(91)) - Pipeline Placement: can't place more pipeline on heavy datanode： 8c369612-1079-4b1c-b5d4-8e378861e933 Heaviness: 6 limit: 5
2019-09-26 13:21:20,513 [RatisPipelineUtilsThread] INFO  pipeline.PipelinePlacementPolicy (PipelinePlacementPolicy.java:meetCriteria(91)) - Pipeline Placement: can't place more pipeline on heavy datanode： 7c6e08d0-8593-4f06-8d99-677ce7e140bf Heaviness: 6 limit: 5
2019-09-26 13:21:20,520 [grpc-default-executor-0] INFO  impl.RaftServerProxy (RaftServerProxy.java:addNew(89)) - 62684552-2d14-4fa0-a8ac-9ab43a1e29b8: addNew group-1D7D20715D94:[62684552-2d14-4fa0-a8ac-9ab43a1e29b8:192.168.164.238:45794] returns group-1D7D20715D94:java.util.concurrent.CompletableFuture@701bdfd0[Not completed]
2019-09-26 13:21:20,522 [pool-297-thread-1] INFO  impl.RaftServerImpl (RaftServerImpl.java:<init>(95)) - 62684552-2d14-4fa0-a8ac-9ab43a1e29b8: new RaftServerImpl for group-1D7D20715D94:[62684552-2d14-4fa0-a8ac-9ab43a1e29b8:192.168.164.238:45794] with ContainerStateMachine:uninitialized
2019-09-26 13:21:20,522 [pool-297-thread-1] INFO  server.RaftServerConfigKeys (ConfUtils.java:logGet(43)) - raft.server.rpc.timeout.min = 5s (custom)
2019-09-26 13:21:20,522 [pool-297-thread-1] INFO  server.RaftServerConfigKeys (ConfUtils.java:logGet(43)) - raft.server.rpc.timeout.max = 5200ms (custom)
2019-09-26 13:21:20,522 [pool-297-thread-1] INFO  server.RaftServerConfigKeys (ConfUtils.java:logGet(43)) - raft.server.rpcslowness.timeout = 120s (custom)
2019-09-26 13:21:20,522 [pool-297-thread-1] INFO  server.RaftServerConfigKeys (ConfUtils.java:logGet(43)) - raft.server.sleep.deviation.threshold = 300 (default)
2019-09-26 13:21:20,522 [pool-297-thread-1] INFO  server.RaftServerConfigKeys (ConfUtils.java:logGet(43)) - raft.server.log.appender.install.snapshot.enabled = false (custom)
2019-09-26 13:21:20,523 [pool-297-thread-1] INFO  impl.RaftServerImpl (ServerState.java:<init>(103)) - 62684552-2d14-4fa0-a8ac-9ab43a1e29b8@group-1D7D20715D94: ConfigurationManager, init=-1: [62684552-2d14-4fa0-a8ac-9ab43a1e29b8:192.168.164.238:45794], old=null, confs=<EMPTY_MAP>
2019-09-26 13:21:20,523 [pool-297-thread-1] INFO  server.RaftServerConfigKeys (ConfUtils.java:logGet(43)) - raft.server.storage.dir = [/workdir/hadoop-ozone/ozonefs/target/test-dir/MiniOzoneClusterImpl-2c717051-d98f-4757-bca5-e960ea56bcc7/datanode-2/data/ratis] (custom)
2019-09-26 13:21:20,523 [pool-297-thread-1] INFO  storage.RaftStorageDirectory (RaftStorageDirectory.java:analyzeStorage(246)) - The storage directory /workdir/hadoop-ozone/ozonefs/target/test-dir/MiniOzoneClusterImpl-2c717051-d98f-4757-bca5-e960ea56bcc7/datanode-2/data/ratis/2a3808e3-7307-4f0b-a13a-1d7d20715d94 does not exist. Creating ...
2019-09-26 13:21:20,527 [pool-297-thread-1] INFO  storage.RaftStorageDirectory (RaftStorageDirectory.java:tryLock(328)) - Lock on /workdir/hadoop-ozone/ozonefs/target/test-dir/MiniOzoneClusterImpl-2c717051-d98f-4757-bca5-e960ea56bcc7/datanode-2/data/ratis/2a3808e3-7307-4f0b-a13a-1d7d20715d94/in_use.lock acquired by nodename 20384@pr-hdds-1569-87zkn-1081879488
2019-09-26 13:21:20,552 [pool-297-thread-1] INFO  storage.RaftStorage (RaftStorage.java:format(72)) - Storage directory /workdir/hadoop-ozone/ozonefs/target/test-dir/MiniOzoneClusterImpl-2c717051-d98f-4757-bca5-e960ea56bcc7/datanode-2/data/ratis/2a3808e3-7307-4f0b-a13a-1d7d20715d94 has been successfully formatted.
2019-09-26 13:21:20,552 [pool-297-thread-1] INFO  ratis.ContainerStateMachine (ContainerStateMachine.java:loadSnapshot(230)) - group-1D7D20715D94: The snapshot info is null. Setting the last applied indexto:(t:0, i:~)
2019-09-26 13:21:20,553 [pool-297-thread-1] INFO  server.RaftServerConfigKeys (ConfUtils.java:logGet(43)) - raft.server.notification.no-leader.timeout = 120s (custom)
2019-09-26 13:21:20,553 [pool-297-thread-1] INFO  server.RaftServerConfigKeys (ConfUtils.java:logGet(43)) - raft.server.log.use.memory = false (default)
2019-09-26 13:21:20,553 [pool-297-thread-1] INFO  server.RaftServerConfigKeys (ConfUtils.java:logGet(43)) - raft.server.log.purge.gap = 1000000 (custom)
2019-09-26 13:21:20,553 [pool-297-thread-1] INFO  server.RaftServerConfigKeys (ConfUtils.java:logGet(43)) - raft.server.log.appender.buffer.byte-limit = 33554432 (custom)
2019-09-26 13:21:20,553 [pool-297-thread-1] INFO  server.RaftServerConfigKeys (ConfUtils.java:logGet(43)) - raft.server.log.segment.size.max = 1048576 (custom)
2019-09-26 13:21:20,554 [pool-297-thread-1] INFO  server.RaftServerConfigKeys (ConfUtils.java:logGet(43)) - raft.server.log.segment.cache.num.max = 2 (custom)
2019-09-26 13:21:20,554 [pool-297-thread-1] INFO  segmented.SegmentedRaftLogWorker (SegmentedRaftLogWorker.java:<init>(172)) - new 62684552-2d14-4fa0-a8ac-9ab43a1e29b8@group-1D7D20715D94-SegmentedRaftLogWorker for RaftStorage:Storage Directory /workdir/hadoop-ozone/ozonefs/target/test-dir/MiniOzoneClusterImpl-2c717051-d98f-4757-bca5-e960ea56bcc7/datanode-2/data/ratis/2a3808e3-7307-4f0b-a13a-1d7d20715d94
2019-09-26 13:21:20,554 [pool-297-thread-1] INFO  server.RaftServerConfigKeys (ConfUtils.java:logGet(43)) - raft.server.log.queue.byte-limit = 2147483647 (custom)
2019-09-26 13:21:20,554 [pool-297-thread-1] INFO  server.RaftServerConfigKeys (ConfUtils.java:logGet(43)) - raft.server.log.queue.element-limit = 1024 (custom)
2019-09-26 13:21:20,554 [pool-297-thread-1] INFO  server.RaftServerConfigKeys (ConfUtils.java:logGet(43)) - raft.server.log.segment.size.max = 1048576 (custom)
2019-09-26 13:21:20,555 [pool-297-thread-1] INFO  server.RaftServerConfigKeys (ConfUtils.java:logGet(43)) - raft.server.log.preallocated.size = 16384 (custom)
2019-09-26 13:21:20,555 [pool-297-thread-1] INFO  server.RaftServerConfigKeys (ConfUtils.java:logGet(43)) - raft.server.log.write.buffer.size = 33554432 (custom)
2019-09-26 13:21:20,555 [pool-297-thread-1] INFO  server.RaftServerConfigKeys (ConfUtils.java:logGet(43)) - raft.server.log.force.sync.num = 128 (default)
2019-09-26 13:21:20,555 [pool-297-thread-1] INFO  server.RaftServerConfigKeys (ConfUtils.java:logGet(43)) - raft.server.log.statemachine.data.sync = true (default)
2019-09-26 13:21:20,555 [pool-297-thread-1] INFO  server.RaftServerConfigKeys (ConfUtils.java:logGet(43)) - raft.server.log.statemachine.data.sync.timeout = 10s (default)
2019-09-26 13:21:20,555 [pool-297-thread-1] INFO  server.RaftServerConfigKeys (ConfUtils.java:logGet(43)) - raft.server.log.statemachine.data.sync.timeout.retry = -1 (default)
2019-09-26 13:21:20,556 [pool-297-thread-1] INFO  server.RaftServerConfigKeys (ConfUtils.java:logGet(43)) - raft.server.log.statemachine.data.caching.enabled = true (custom)
2019-09-26 13:21:20,556 [pool-297-thread-1] INFO  segmented.SegmentedRaftLogWorker (SegmentedRaftLogWorker.java:lambda$new$0(132)) - 62684552-2d14-4fa0-a8ac-9ab43a1e29b8@group-1D7D20715D94-SegmentedRaftLogWorker: flushIndex: setUnconditionally 0 -> -1
2019-09-26 13:21:20,557 [pool-297-thread-1] INFO  server.RaftServerConfigKeys (ConfUtils.java:logGet(43)) - raft.server.snapshot.auto.trigger.enabled = true (custom)
2019-09-26 13:21:20,557 [pool-297-thread-1] INFO  server.RaftServerConfigKeys (ConfUtils.java:logGet(43)) - raft.server.snapshot.auto.trigger.threshold = 10000 (custom)
2019-09-26 13:21:20,557 [pool-297-thread-1] INFO  server.RaftServerConfigKeys (ConfUtils.java:logGet(43)) - raft.server.snapshot.retention.num.files = 5 (custom)
2019-09-26 13:21:20,557 [pool-297-thread-1] INFO  server.RaftServerConfigKeys (ConfUtils.java:logGet(43)) - raft.server.retrycache.expirytime = 600000ms (custom)
2019-09-26 13:21:20,559 [pool-297-thread-1] INFO  impl.RaftServerImpl (RaftServerImpl.java:start(185)) - 62684552-2d14-4fa0-a8ac-9ab43a1e29b8@group-1D7D20715D94: start as a follower, conf=-1: [62684552-2d14-4fa0-a8ac-9ab43a1e29b8:192.168.164.238:45794], old=null
2019-09-26 13:21:20,559 [pool-297-thread-1] INFO  impl.RaftServerImpl (RaftServerImpl.java:setRole(174)) - 62684552-2d14-4fa0-a8ac-9ab43a1e29b8@group-1D7D20715D94: changes role from      null to FOLLOWER at term 0 for startAsFollower
2019-09-26 13:21:20,560 [pool-297-thread-1] INFO  impl.RoleInfo (RoleInfo.java:updateAndGet(143)) - 62684552-2d14-4fa0-a8ac-9ab43a1e29b8: start FollowerState
2019-09-26 13:21:20,560 [pool-297-thread-1] INFO  util.JmxRegister (JmxRegister.java:tryRegister(44)) - Successfully registered JMX Bean with object name Ratis:service=RaftServer,group=group-1D7D20715D94,id=62684552-2d14-4fa0-a8ac-9ab43a1e29b8
2019-09-26 13:21:20,564 [RatisPipelineUtilsThread] INFO  pipeline.PipelineStateManager (PipelineStateManager.java:addPipeline(56)) - Created pipeline Pipeline[ Id: 2a3808e3-7307-4f0b-a13a-1d7d20715d94, Nodes: 62684552-2d14-4fa0-a8ac-9ab43a1e29b8{ip: 192.168.164.238, host: pr-hdds-1569-87zkn-1081879488, networkLocation: /default-rack, certSerialId: null}, Type:RATIS, Factor:ONE, State:OPEN]
2019-09-26 13:21:20,564 [RatisPipelineUtilsThread] INFO  pipeline.PipelinePlacementPolicy (PipelinePlacementPolicy.java:meetCriteria(91)) - Pipeline Placement: can't place more pipeline on heavy datanode： 8c369612-1079-4b1c-b5d4-8e378861e933 Heaviness: 6 limit: 5
2019-09-26 13:21:20,565 [RatisPipelineUtilsThread] INFO  pipeline.PipelinePlacementPolicy (PipelinePlacementPolicy.java:meetCriteria(91)) - Pipeline Placement: can't place more pipeline on heavy datanode： 7c6e08d0-8593-4f06-8d99-677ce7e140bf Heaviness: 6 limit: 5
2019-09-26 13:21:20,571 [grpc-default-executor-0] INFO  impl.RaftServerProxy (RaftServerProxy.java:addNew(89)) - 62684552-2d14-4fa0-a8ac-9ab43a1e29b8: addNew group-3737B0526B85:[62684552-2d14-4fa0-a8ac-9ab43a1e29b8:192.168.164.238:45794] returns group-3737B0526B85:java.util.concurrent.CompletableFuture@673dc8fe[Not completed]
2019-09-26 13:21:20,572 [pool-297-thread-1] INFO  impl.RaftServerImpl (RaftServerImpl.java:<init>(95)) - 62684552-2d14-4fa0-a8ac-9ab43a1e29b8: new RaftServerImpl for group-3737B0526B85:[62684552-2d14-4fa0-a8ac-9ab43a1e29b8:192.168.164.238:45794] with ContainerStateMachine:uninitialized
2019-09-26 13:21:20,572 [pool-297-thread-1] INFO  server.RaftServerConfigKeys (ConfUtils.java:logGet(43)) - raft.server.rpc.timeout.min = 5s (custom)
2019-09-26 13:21:20,573 [pool-297-thread-1] INFO  server.RaftServerConfigKeys (ConfUtils.java:logGet(43)) - raft.server.rpc.timeout.max = 5200ms (custom)
2019-09-26 13:21:20,573 [pool-297-thread-1] INFO  server.RaftServerConfigKeys (ConfUtils.java:logGet(43)) - raft.server.rpcslowness.timeout = 120s (custom)
2019-09-26 13:21:20,573 [pool-297-thread-1] INFO  server.RaftServerConfigKeys (ConfUtils.java:logGet(43)) - raft.server.sleep.deviation.threshold = 300 (default)
2019-09-26 13:21:20,573 [pool-297-thread-1] INFO  server.RaftServerConfigKeys (ConfUtils.java:logGet(43)) - raft.server.log.appender.install.snapshot.enabled = false (custom)
2019-09-26 13:21:20,573 [pool-297-thread-1] INFO  impl.RaftServerImpl (ServerState.java:<init>(103)) - 62684552-2d14-4fa0-a8ac-9ab43a1e29b8@group-3737B0526B85: ConfigurationManager, init=-1: [62684552-2d14-4fa0-a8ac-9ab43a1e29b8:192.168.164.238:45794], old=null, confs=<EMPTY_MAP>
2019-09-26 13:21:20,573 [pool-297-thread-1] INFO  server.RaftServerConfigKeys (ConfUtils.java:logGet(43)) - raft.server.storage.dir = [/workdir/hadoop-ozone/ozonefs/target/test-dir/MiniOzoneClusterImpl-2c717051-d98f-4757-bca5-e960ea56bcc7/datanode-2/data/ratis] (custom)
2019-09-26 13:21:20,574 [pool-297-thread-1] INFO  storage.RaftStorageDirectory (RaftStorageDirectory.java:analyzeStorage(246)) - The storage directory /workdir/hadoop-ozone/ozonefs/target/test-dir/MiniOzoneClusterImpl-2c717051-d98f-4757-bca5-e960ea56bcc7/datanode-2/data/ratis/e57d0e68-da84-423f-8587-3737b0526b85 does not exist. Creating ...
2019-09-26 13:21:20,586 [pool-297-thread-1] INFO  storage.RaftStorageDirectory (RaftStorageDirectory.java:tryLock(328)) - Lock on /workdir/hadoop-ozone/ozonefs/target/test-dir/MiniOzoneClusterImpl-2c717051-d98f-4757-bca5-e960ea56bcc7/datanode-2/data/ratis/e57d0e68-da84-423f-8587-3737b0526b85/in_use.lock acquired by nodename 20384@pr-hdds-1569-87zkn-1081879488
2019-09-26 13:21:20,599 [pool-297-thread-1] INFO  storage.RaftStorage (RaftStorage.java:format(72)) - Storage directory /workdir/hadoop-ozone/ozonefs/target/test-dir/MiniOzoneClusterImpl-2c717051-d98f-4757-bca5-e960ea56bcc7/datanode-2/data/ratis/e57d0e68-da84-423f-8587-3737b0526b85 has been successfully formatted.
2019-09-26 13:21:20,599 [pool-297-thread-1] INFO  ratis.ContainerStateMachine (ContainerStateMachine.java:loadSnapshot(230)) - group-3737B0526B85: The snapshot info is null. Setting the last applied indexto:(t:0, i:~)
2019-09-26 13:21:20,599 [pool-297-thread-1] INFO  server.RaftServerConfigKeys (ConfUtils.java:logGet(43)) - raft.server.notification.no-leader.timeout = 120s (custom)
2019-09-26 13:21:20,599 [pool-297-thread-1] INFO  server.RaftServerConfigKeys (ConfUtils.java:logGet(43)) - raft.server.log.use.memory = false (default)
2019-09-26 13:21:20,599 [pool-297-thread-1] INFO  server.RaftServerConfigKeys (ConfUtils.java:logGet(43)) - raft.server.log.purge.gap = 1000000 (custom)
2019-09-26 13:21:20,599 [pool-297-thread-1] INFO  server.RaftServerConfigKeys (ConfUtils.java:logGet(43)) - raft.server.log.appender.buffer.byte-limit = 33554432 (custom)
2019-09-26 13:21:20,600 [pool-297-thread-1] INFO  server.RaftServerConfigKeys (ConfUtils.java:logGet(43)) - raft.server.log.segment.size.max = 1048576 (custom)
2019-09-26 13:21:20,600 [pool-297-thread-1] INFO  server.RaftServerConfigKeys (ConfUtils.java:logGet(43)) - raft.server.log.segment.cache.num.max = 2 (custom)
2019-09-26 13:21:20,600 [pool-297-thread-1] INFO  segmented.SegmentedRaftLogWorker (SegmentedRaftLogWorker.java:<init>(172)) - new 62684552-2d14-4fa0-a8ac-9ab43a1e29b8@group-3737B0526B85-SegmentedRaftLogWorker for RaftStorage:Storage Directory /workdir/hadoop-ozone/ozonefs/target/test-dir/MiniOzoneClusterImpl-2c717051-d98f-4757-bca5-e960ea56bcc7/datanode-2/data/ratis/e57d0e68-da84-423f-8587-3737b0526b85
2019-09-26 13:21:20,600 [pool-297-thread-1] INFO  server.RaftServerConfigKeys (ConfUtils.java:logGet(43)) - raft.server.log.queue.byte-limit = 2147483647 (custom)
2019-09-26 13:21:20,600 [pool-297-thread-1] INFO  server.RaftServerConfigKeys (ConfUtils.java:logGet(43)) - raft.server.log.queue.element-limit = 1024 (custom)
2019-09-26 13:21:20,600 [pool-297-thread-1] INFO  server.RaftServerConfigKeys (ConfUtils.java:logGet(43)) - raft.server.log.segment.size.max = 1048576 (custom)
2019-09-26 13:21:20,600 [pool-297-thread-1] INFO  server.RaftServerConfigKeys (ConfUtils.java:logGet(43)) - raft.server.log.preallocated.size = 16384 (custom)
2019-09-26 13:21:20,600 [pool-297-thread-1] INFO  server.RaftServerConfigKeys (ConfUtils.java:logGet(43)) - raft.server.log.write.buffer.size = 33554432 (custom)
2019-09-26 13:21:20,601 [pool-297-thread-1] INFO  server.RaftServerConfigKeys (ConfUtils.java:logGet(43)) - raft.server.log.force.sync.num = 128 (default)
2019-09-26 13:21:20,601 [pool-297-thread-1] INFO  server.RaftServerConfigKeys (ConfUtils.java:logGet(43)) - raft.server.log.statemachine.data.sync = true (default)
2019-09-26 13:21:20,601 [pool-297-thread-1] INFO  server.RaftServerConfigKeys (ConfUtils.java:logGet(43)) - raft.server.log.statemachine.data.sync.timeout = 10s (default)
2019-09-26 13:21:20,601 [pool-297-thread-1] INFO  server.RaftServerConfigKeys (ConfUtils.java:logGet(43)) - raft.server.log.statemachine.data.sync.timeout.retry = -1 (default)
2019-09-26 13:21:20,601 [pool-297-thread-1] INFO  server.RaftServerConfigKeys (ConfUtils.java:logGet(43)) - raft.server.log.statemachine.data.caching.enabled = true (custom)
2019-09-26 13:21:20,602 [pool-297-thread-1] INFO  segmented.SegmentedRaftLogWorker (SegmentedRaftLogWorker.java:lambda$new$0(132)) - 62684552-2d14-4fa0-a8ac-9ab43a1e29b8@group-3737B0526B85-SegmentedRaftLogWorker: flushIndex: setUnconditionally 0 -> -1
2019-09-26 13:21:20,602 [pool-297-thread-1] INFO  server.RaftServerConfigKeys (ConfUtils.java:logGet(43)) - raft.server.snapshot.auto.trigger.enabled = true (custom)
2019-09-26 13:21:20,602 [pool-297-thread-1] INFO  server.RaftServerConfigKeys (ConfUtils.java:logGet(43)) - raft.server.snapshot.auto.trigger.threshold = 10000 (custom)
2019-09-26 13:21:20,602 [pool-297-thread-1] INFO  server.RaftServerConfigKeys (ConfUtils.java:logGet(43)) - raft.server.snapshot.retention.num.files = 5 (custom)
2019-09-26 13:21:20,602 [pool-297-thread-1] INFO  server.RaftServerConfigKeys (ConfUtils.java:logGet(43)) - raft.server.retrycache.expirytime = 600000ms (custom)
2019-09-26 13:21:20,604 [pool-297-thread-1] INFO  impl.RaftServerImpl (RaftServerImpl.java:start(185)) - 62684552-2d14-4fa0-a8ac-9ab43a1e29b8@group-3737B0526B85: start as a follower, conf=-1: [62684552-2d14-4fa0-a8ac-9ab43a1e29b8:192.168.164.238:45794], old=null
2019-09-26 13:21:20,604 [pool-297-thread-1] INFO  impl.RaftServerImpl (RaftServerImpl.java:setRole(174)) - 62684552-2d14-4fa0-a8ac-9ab43a1e29b8@group-3737B0526B85: changes role from      null to FOLLOWER at term 0 for startAsFollower
2019-09-26 13:21:20,604 [pool-297-thread-1] INFO  impl.RoleInfo (RoleInfo.java:updateAndGet(143)) - 62684552-2d14-4fa0-a8ac-9ab43a1e29b8: start FollowerState
2019-09-26 13:21:20,604 [pool-297-thread-1] INFO  util.JmxRegister (JmxRegister.java:tryRegister(44)) - Successfully registered JMX Bean with object name Ratis:service=RaftServer,group=group-3737B0526B85,id=62684552-2d14-4fa0-a8ac-9ab43a1e29b8
2019-09-26 13:21:20,607 [RatisPipelineUtilsThread] INFO  pipeline.PipelineStateManager (PipelineStateManager.java:addPipeline(56)) - Created pipeline Pipeline[ Id: e57d0e68-da84-423f-8587-3737b0526b85, Nodes: 62684552-2d14-4fa0-a8ac-9ab43a1e29b8{ip: 192.168.164.238, host: pr-hdds-1569-87zkn-1081879488, networkLocation: /default-rack, certSerialId: null}, Type:RATIS, Factor:ONE, State:OPEN]
2019-09-26 13:21:20,607 [RatisPipelineUtilsThread] INFO  pipeline.PipelinePlacementPolicy (PipelinePlacementPolicy.java:meetCriteria(91)) - Pipeline Placement: can't place more pipeline on heavy datanode： 8c369612-1079-4b1c-b5d4-8e378861e933 Heaviness: 6 limit: 5
2019-09-26 13:21:20,608 [RatisPipelineUtilsThread] INFO  pipeline.PipelinePlacementPolicy (PipelinePlacementPolicy.java:meetCriteria(91)) - Pipeline Placement: can't place more pipeline on heavy datanode： 7c6e08d0-8593-4f06-8d99-677ce7e140bf Heaviness: 6 limit: 5
2019-09-26 13:21:20,608 [RatisPipelineUtilsThread] INFO  pipeline.PipelinePlacementPolicy (PipelinePlacementPolicy.java:meetCriteria(91)) - Pipeline Placement: can't place more pipeline on heavy datanode： 62684552-2d14-4fa0-a8ac-9ab43a1e29b8 Heaviness: 6 limit: 5
2019-09-26 13:21:20,608 [RatisPipelineUtilsThread] ERROR pipeline.PipelinePlacementPolicy (PipelinePlacementPolicy.java:filterViableNodes(148)) - Unable to find enough nodes that meet the criteria that cannot engage in more than 5 pipelines. Nodes required: 1 Found: 0, healthy nodes count inNodeManager: 3.
2019-09-26 13:21:20,608 [RatisPipelineUtilsThread] ERROR pipeline.SCMPipelineManager (SCMPipelineManager.java:createPipeline(167)) - Pipeline creation failed.
org.apache.hadoop.hdds.scm.exceptions.SCMException: Unable to find enough nodes that meet the criteria that cannot engage in more than 5 pipelines. Nodes required: 1 Found: 0, healthy nodes count inNodeManager: 3.
	at org.apache.hadoop.hdds.scm.pipeline.PipelinePlacementPolicy.filterViableNodes(PipelinePlacementPolicy.java:149)
	at org.apache.hadoop.hdds.scm.pipeline.PipelinePlacementPolicy.chooseDatanodes(PipelinePlacementPolicy.java:172)
	at org.apache.hadoop.hdds.scm.pipeline.RatisPipelineProvider.create(RatisPipelineProvider.java:93)
	at org.apache.hadoop.hdds.scm.pipeline.PipelineFactory.create(PipelineFactory.java:58)
	at org.apache.hadoop.hdds.scm.pipeline.SCMPipelineManager.createPipeline(SCMPipelineManager.java:155)
	at org.apache.hadoop.hdds.scm.pipeline.BackgroundPipelineCreator.createPipelines(BackgroundPipelineCreator.java:99)
	at java.util.concurrent.Executors$RunnableAdapter.call(Executors.java:511)
	at java.util.concurrent.FutureTask.run(FutureTask.java:266)
	at java.util.concurrent.ScheduledThreadPoolExecutor$ScheduledFutureTask.access$201(ScheduledThreadPoolExecutor.java:180)
	at java.util.concurrent.ScheduledThreadPoolExecutor$ScheduledFutureTask.run(ScheduledThreadPoolExecutor.java:293)
	at java.util.concurrent.ThreadPoolExecutor.runWorker(ThreadPoolExecutor.java:1149)
	at java.util.concurrent.ThreadPoolExecutor$Worker.run(ThreadPoolExecutor.java:624)
	at java.lang.Thread.run(Thread.java:748)
2019-09-26 13:21:20,609 [RatisPipelineUtilsThread] INFO  pipeline.PipelinePlacementPolicy (PipelinePlacementPolicy.java:meetCriteria(91)) - Pipeline Placement: can't place more pipeline on heavy datanode： 8c369612-1079-4b1c-b5d4-8e378861e933 Heaviness: 6 limit: 5
2019-09-26 13:21:20,609 [RatisPipelineUtilsThread] INFO  pipeline.PipelinePlacementPolicy (PipelinePlacementPolicy.java:meetCriteria(91)) - Pipeline Placement: can't place more pipeline on heavy datanode： 7c6e08d0-8593-4f06-8d99-677ce7e140bf Heaviness: 6 limit: 5
2019-09-26 13:21:20,609 [RatisPipelineUtilsThread] INFO  pipeline.PipelinePlacementPolicy (PipelinePlacementPolicy.java:meetCriteria(91)) - Pipeline Placement: can't place more pipeline on heavy datanode： 62684552-2d14-4fa0-a8ac-9ab43a1e29b8 Heaviness: 6 limit: 5
2019-09-26 13:21:20,609 [RatisPipelineUtilsThread] ERROR pipeline.PipelinePlacementPolicy (PipelinePlacementPolicy.java:filterViableNodes(148)) - Unable to find enough nodes that meet the criteria that cannot engage in more than 5 pipelines. Nodes required: 3 Found: 0, healthy nodes count inNodeManager: 3.
2019-09-26 13:21:20,609 [RatisPipelineUtilsThread] ERROR pipeline.SCMPipelineManager (SCMPipelineManager.java:createPipeline(167)) - Pipeline creation failed.
org.apache.hadoop.hdds.scm.exceptions.SCMException: Unable to find enough nodes that meet the criteria that cannot engage in more than 5 pipelines. Nodes required: 3 Found: 0, healthy nodes count inNodeManager: 3.
	at org.apache.hadoop.hdds.scm.pipeline.PipelinePlacementPolicy.filterViableNodes(PipelinePlacementPolicy.java:149)
	at org.apache.hadoop.hdds.scm.pipeline.PipelinePlacementPolicy.chooseDatanodes(PipelinePlacementPolicy.java:172)
	at org.apache.hadoop.hdds.scm.pipeline.RatisPipelineProvider.create(RatisPipelineProvider.java:93)
	at org.apache.hadoop.hdds.scm.pipeline.PipelineFactory.create(PipelineFactory.java:58)
	at org.apache.hadoop.hdds.scm.pipeline.SCMPipelineManager.createPipeline(SCMPipelineManager.java:155)
	at org.apache.hadoop.hdds.scm.pipeline.BackgroundPipelineCreator.createPipelines(BackgroundPipelineCreator.java:99)
	at java.util.concurrent.Executors$RunnableAdapter.call(Executors.java:511)
	at java.util.concurrent.FutureTask.run(FutureTask.java:266)
	at java.util.concurrent.ScheduledThreadPoolExecutor$ScheduledFutureTask.access$201(ScheduledThreadPoolExecutor.java:180)
	at java.util.concurrent.ScheduledThreadPoolExecutor$ScheduledFutureTask.run(ScheduledThreadPoolExecutor.java:293)
	at java.util.concurrent.ThreadPoolExecutor.runWorker(ThreadPoolExecutor.java:1149)
	at java.util.concurrent.ThreadPoolExecutor$Worker.run(ThreadPoolExecutor.java:624)
	at java.lang.Thread.run(Thread.java:748)
2019-09-26 13:21:20,609 [RatisPipelineUtilsThread] INFO  pipeline.PipelinePlacementPolicy (PipelinePlacementPolicy.java:meetCriteria(91)) - Pipeline Placement: can't place more pipeline on heavy datanode： 8c369612-1079-4b1c-b5d4-8e378861e933 Heaviness: 6 limit: 5
2019-09-26 13:21:20,610 [RatisPipelineUtilsThread] INFO  pipeline.PipelinePlacementPolicy (PipelinePlacementPolicy.java:meetCriteria(91)) - Pipeline Placement: can't place more pipeline on heavy datanode： 7c6e08d0-8593-4f06-8d99-677ce7e140bf Heaviness: 6 limit: 5
2019-09-26 13:21:20,610 [RatisPipelineUtilsThread] INFO  pipeline.PipelinePlacementPolicy (PipelinePlacementPolicy.java:meetCriteria(91)) - Pipeline Placement: can't place more pipeline on heavy datanode： 62684552-2d14-4fa0-a8ac-9ab43a1e29b8 Heaviness: 6 limit: 5
2019-09-26 13:21:20,610 [RatisPipelineUtilsThread] ERROR pipeline.PipelinePlacementPolicy (PipelinePlacementPolicy.java:filterViableNodes(148)) - Unable to find enough nodes that meet the criteria that cannot engage in more than 5 pipelines. Nodes required: 1 Found: 0, healthy nodes count inNodeManager: 3.
2019-09-26 13:21:20,610 [RatisPipelineUtilsThread] ERROR pipeline.SCMPipelineManager (SCMPipelineManager.java:createPipeline(167)) - Pipeline creation failed.
org.apache.hadoop.hdds.scm.exceptions.SCMException: Unable to find enough nodes that meet the criteria that cannot engage in more than 5 pipelines. Nodes required: 1 Found: 0, healthy nodes count inNodeManager: 3.
	at org.apache.hadoop.hdds.scm.pipeline.PipelinePlacementPolicy.filterViableNodes(PipelinePlacementPolicy.java:149)
	at org.apache.hadoop.hdds.scm.pipeline.PipelinePlacementPolicy.chooseDatanodes(PipelinePlacementPolicy.java:172)
	at org.apache.hadoop.hdds.scm.pipeline.RatisPipelineProvider.create(RatisPipelineProvider.java:93)
	at org.apache.hadoop.hdds.scm.pipeline.PipelineFactory.create(PipelineFactory.java:58)
	at org.apache.hadoop.hdds.scm.pipeline.SCMPipelineManager.createPipeline(SCMPipelineManager.java:155)
	at org.apache.hadoop.hdds.scm.pipeline.BackgroundPipelineCreator.createPipelines(BackgroundPipelineCreator.java:99)
	at org.apache.hadoop.hdds.scm.pipeline.BackgroundPipelineCreator.lambda$startFixedIntervalPipelineCreator$0(BackgroundPipelineCreator.java:70)
	at java.util.concurrent.Executors$RunnableAdapter.call(Executors.java:511)
	at java.util.concurrent.FutureTask.runAndReset(FutureTask.java:308)
	at java.util.concurrent.ScheduledThreadPoolExecutor$ScheduledFutureTask.access$301(ScheduledThreadPoolExecutor.java:180)
	at java.util.concurrent.ScheduledThreadPoolExecutor$ScheduledFutureTask.run(ScheduledThreadPoolExecutor.java:294)
	at java.util.concurrent.ThreadPoolExecutor.runWorker(ThreadPoolExecutor.java:1149)
	at java.util.concurrent.ThreadPoolExecutor$Worker.run(ThreadPoolExecutor.java:624)
	at java.lang.Thread.run(Thread.java:748)
2019-09-26 13:21:20,610 [RatisPipelineUtilsThread] INFO  pipeline.PipelinePlacementPolicy (PipelinePlacementPolicy.java:meetCriteria(91)) - Pipeline Placement: can't place more pipeline on heavy datanode： 8c369612-1079-4b1c-b5d4-8e378861e933 Heaviness: 6 limit: 5
2019-09-26 13:21:20,610 [RatisPipelineUtilsThread] INFO  pipeline.PipelinePlacementPolicy (PipelinePlacementPolicy.java:meetCriteria(91)) - Pipeline Placement: can't place more pipeline on heavy datanode： 7c6e08d0-8593-4f06-8d99-677ce7e140bf Heaviness: 6 limit: 5
2019-09-26 13:21:20,610 [RatisPipelineUtilsThread] INFO  pipeline.PipelinePlacementPolicy (PipelinePlacementPolicy.java:meetCriteria(91)) - Pipeline Placement: can't place more pipeline on heavy datanode： 62684552-2d14-4fa0-a8ac-9ab43a1e29b8 Heaviness: 6 limit: 5
2019-09-26 13:21:20,611 [RatisPipelineUtilsThread] ERROR pipeline.PipelinePlacementPolicy (PipelinePlacementPolicy.java:filterViableNodes(148)) - Unable to find enough nodes that meet the criteria that cannot engage in more than 5 pipelines. Nodes required: 3 Found: 0, healthy nodes count inNodeManager: 3.
2019-09-26 13:21:20,611 [RatisPipelineUtilsThread] ERROR pipeline.SCMPipelineManager (SCMPipelineManager.java:createPipeline(167)) - Pipeline creation failed.
org.apache.hadoop.hdds.scm.exceptions.SCMException: Unable to find enough nodes that meet the criteria that cannot engage in more than 5 pipelines. Nodes required: 3 Found: 0, healthy nodes count inNodeManager: 3.
	at org.apache.hadoop.hdds.scm.pipeline.PipelinePlacementPolicy.filterViableNodes(PipelinePlacementPolicy.java:149)
	at org.apache.hadoop.hdds.scm.pipeline.PipelinePlacementPolicy.chooseDatanodes(PipelinePlacementPolicy.java:172)
	at org.apache.hadoop.hdds.scm.pipeline.RatisPipelineProvider.create(RatisPipelineProvider.java:93)
	at org.apache.hadoop.hdds.scm.pipeline.PipelineFactory.create(PipelineFactory.java:58)
	at org.apache.hadoop.hdds.scm.pipeline.SCMPipelineManager.createPipeline(SCMPipelineManager.java:155)
	at org.apache.hadoop.hdds.scm.pipeline.BackgroundPipelineCreator.createPipelines(BackgroundPipelineCreator.java:99)
	at org.apache.hadoop.hdds.scm.pipeline.BackgroundPipelineCreator.lambda$startFixedIntervalPipelineCreator$0(BackgroundPipelineCreator.java:70)
	at java.util.concurrent.Executors$RunnableAdapter.call(Executors.java:511)
	at java.util.concurrent.FutureTask.runAndReset(FutureTask.java:308)
	at java.util.concurrent.ScheduledThreadPoolExecutor$ScheduledFutureTask.access$301(ScheduledThreadPoolExecutor.java:180)
	at java.util.concurrent.ScheduledThreadPoolExecutor$ScheduledFutureTask.run(ScheduledThreadPoolExecutor.java:294)
	at java.util.concurrent.ThreadPoolExecutor.runWorker(ThreadPoolExecutor.java:1149)
	at java.util.concurrent.ThreadPoolExecutor$Worker.run(ThreadPoolExecutor.java:624)
	at java.lang.Thread.run(Thread.java:748)
2019-09-26 13:21:20,958 [main] INFO  ozone.MiniOzoneClusterImpl (MiniOzoneClusterImpl.java:lambda$waitForClusterToBeReady$0(147)) - Cluster is ready. Got 3 of 3 DN Heartbeats.
2019-09-26 13:21:21,007 [main] INFO  rpc.RpcClient (RpcClient.java:createVolume(276)) - Creating Volume: istnvywmcx, with user97485 as owner.
2019-09-26 13:21:21,010 [IPC Server handler 1 on 38518] INFO  volume.OMVolumeCreateRequest (OMVolumeCreateRequest.java:validateAndUpdateCache(189)) - created volume:istnvywmcx for user:user97485
2019-09-26 13:21:21,036 [main] INFO  rpc.RpcClient (RpcClient.java:createBucket(415)) - Creating Bucket: istnvywmcx/dlkgpbtsfv, with Versioning false and Storage Type set to DISK and Encryption set to false 
2019-09-26 13:21:21,122 [IPC Server handler 1 on 36087] INFO  pipeline.PipelinePlacementPolicy (PipelinePlacementPolicy.java:meetCriteria(91)) - Pipeline Placement: can't place more pipeline on heavy datanode： 8c369612-1079-4b1c-b5d4-8e378861e933 Heaviness: 6 limit: 5
2019-09-26 13:21:21,122 [IPC Server handler 1 on 36087] INFO  pipeline.PipelinePlacementPolicy (PipelinePlacementPolicy.java:meetCriteria(91)) - Pipeline Placement: can't place more pipeline on heavy datanode： 7c6e08d0-8593-4f06-8d99-677ce7e140bf Heaviness: 6 limit: 5
2019-09-26 13:21:21,123 [IPC Server handler 1 on 36087] INFO  pipeline.PipelinePlacementPolicy (PipelinePlacementPolicy.java:meetCriteria(91)) - Pipeline Placement: can't place more pipeline on heavy datanode： 62684552-2d14-4fa0-a8ac-9ab43a1e29b8 Heaviness: 6 limit: 5
2019-09-26 13:21:21,123 [IPC Server handler 1 on 36087] ERROR pipeline.PipelinePlacementPolicy (PipelinePlacementPolicy.java:filterViableNodes(148)) - Unable to find enough nodes that meet the criteria that cannot engage in more than 5 pipelines. Nodes required: 3 Found: 0, healthy nodes count inNodeManager: 3.
2019-09-26 13:21:21,123 [IPC Server handler 1 on 36087] ERROR pipeline.SCMPipelineManager (SCMPipelineManager.java:createPipeline(167)) - Pipeline creation failed.
org.apache.hadoop.hdds.scm.exceptions.SCMException: Unable to find enough nodes that meet the criteria that cannot engage in more than 5 pipelines. Nodes required: 3 Found: 0, healthy nodes count inNodeManager: 3.
	at org.apache.hadoop.hdds.scm.pipeline.PipelinePlacementPolicy.filterViableNodes(PipelinePlacementPolicy.java:149)
	at org.apache.hadoop.hdds.scm.pipeline.PipelinePlacementPolicy.chooseDatanodes(PipelinePlacementPolicy.java:172)
	at org.apache.hadoop.hdds.scm.pipeline.RatisPipelineProvider.create(RatisPipelineProvider.java:93)
	at org.apache.hadoop.hdds.scm.pipeline.PipelineFactory.create(PipelineFactory.java:58)
	at org.apache.hadoop.hdds.scm.pipeline.SCMPipelineManager.createPipeline(SCMPipelineManager.java:155)
	at org.apache.hadoop.hdds.scm.block.BlockManagerImpl.allocateBlock(BlockManagerImpl.java:190)
	at org.apache.hadoop.hdds.scm.server.SCMBlockProtocolServer.allocateBlock(SCMBlockProtocolServer.java:182)
	at org.apache.hadoop.ozone.protocolPB.ScmBlockLocationProtocolServerSideTranslatorPB.allocateScmBlock(ScmBlockLocationProtocolServerSideTranslatorPB.java:183)
	at org.apache.hadoop.ozone.protocolPB.ScmBlockLocationProtocolServerSideTranslatorPB.processMessage(ScmBlockLocationProtocolServerSideTranslatorPB.java:141)
	at org.apache.hadoop.ozone.protocolPB.ScmBlockLocationProtocolServerSideTranslatorPB.send(ScmBlockLocationProtocolServerSideTranslatorPB.java:116)
	at org.apache.hadoop.hdds.protocol.proto.ScmBlockLocationProtocolProtos$ScmBlockLocationProtocolService$2.callBlockingMethod(ScmBlockLocationProtocolProtos.java:13157)
	at org.apache.hadoop.ipc.ProtobufRpcEngine$Server$ProtoBufRpcInvoker.call(ProtobufRpcEngine.java:524)
	at org.apache.hadoop.ipc.RPC$Server.call(RPC.java:1025)
	at org.apache.hadoop.ipc.Server$RpcCall.run(Server.java:876)
	at org.apache.hadoop.ipc.Server$RpcCall.run(Server.java:822)
	at java.security.AccessController.doPrivileged(Native Method)
	at javax.security.auth.Subject.doAs(Subject.java:422)
	at org.apache.hadoop.security.UserGroupInformation.doAs(UserGroupInformation.java:1730)
	at org.apache.hadoop.ipc.Server$Handler.run(Server.java:2682)
2019-09-26 13:21:21,124 [IPC Server handler 1 on 36087] WARN  block.BlockManagerImpl (BlockManagerImpl.java:allocateBlock(192)) - Pipeline creation failed for type:RATIS factor:THREE. Retrying get pipelines call once.
org.apache.hadoop.hdds.scm.exceptions.SCMException: Unable to find enough nodes that meet the criteria that cannot engage in more than 5 pipelines. Nodes required: 3 Found: 0, healthy nodes count inNodeManager: 3.
	at org.apache.hadoop.hdds.scm.pipeline.PipelinePlacementPolicy.filterViableNodes(PipelinePlacementPolicy.java:149)
	at org.apache.hadoop.hdds.scm.pipeline.PipelinePlacementPolicy.chooseDatanodes(PipelinePlacementPolicy.java:172)
	at org.apache.hadoop.hdds.scm.pipeline.RatisPipelineProvider.create(RatisPipelineProvider.java:93)
	at org.apache.hadoop.hdds.scm.pipeline.PipelineFactory.create(PipelineFactory.java:58)
	at org.apache.hadoop.hdds.scm.pipeline.SCMPipelineManager.createPipeline(SCMPipelineManager.java:155)
	at org.apache.hadoop.hdds.scm.block.BlockManagerImpl.allocateBlock(BlockManagerImpl.java:190)
	at org.apache.hadoop.hdds.scm.server.SCMBlockProtocolServer.allocateBlock(SCMBlockProtocolServer.java:182)
	at org.apache.hadoop.ozone.protocolPB.ScmBlockLocationProtocolServerSideTranslatorPB.allocateScmBlock(ScmBlockLocationProtocolServerSideTranslatorPB.java:183)
	at org.apache.hadoop.ozone.protocolPB.ScmBlockLocationProtocolServerSideTranslatorPB.processMessage(ScmBlockLocationProtocolServerSideTranslatorPB.java:141)
	at org.apache.hadoop.ozone.protocolPB.ScmBlockLocationProtocolServerSideTranslatorPB.send(ScmBlockLocationProtocolServerSideTranslatorPB.java:116)
	at org.apache.hadoop.hdds.protocol.proto.ScmBlockLocationProtocolProtos$ScmBlockLocationProtocolService$2.callBlockingMethod(ScmBlockLocationProtocolProtos.java:13157)
	at org.apache.hadoop.ipc.ProtobufRpcEngine$Server$ProtoBufRpcInvoker.call(ProtobufRpcEngine.java:524)
	at org.apache.hadoop.ipc.RPC$Server.call(RPC.java:1025)
	at org.apache.hadoop.ipc.Server$RpcCall.run(Server.java:876)
	at org.apache.hadoop.ipc.Server$RpcCall.run(Server.java:822)
	at java.security.AccessController.doPrivileged(Native Method)
	at javax.security.auth.Subject.doAs(Subject.java:422)
	at org.apache.hadoop.security.UserGroupInformation.doAs(UserGroupInformation.java:1730)
	at org.apache.hadoop.ipc.Server$Handler.run(Server.java:2682)
2019-09-26 13:21:21,124 [IPC Server handler 1 on 36087] INFO  block.BlockManagerImpl (BlockManagerImpl.java:allocateBlock(198)) - Could not find available pipeline of type:RATIS and factor:THREE even after retrying
2019-09-26 13:21:21,124 [IPC Server handler 1 on 36087] ERROR block.BlockManagerImpl (BlockManagerImpl.java:allocateBlock(222)) - Unable to allocate a block for the size: 4194304, type: RATIS, factor: THREE
2019-09-26 13:21:21,133 [main] INFO  ozone.MiniOzoneClusterImpl (MiniOzoneClusterImpl.java:shutdown(314)) - Shutting down the Mini Ozone Cluster
2019-09-26 13:21:21,133 [main] INFO  ozone.MiniOzoneClusterImpl (MiniOzoneClusterImpl.java:stop(330)) - Stopping the Mini Ozone Cluster
2019-09-26 13:21:21,133 [main] INFO  ozone.MiniOzoneClusterImpl (MiniOzoneClusterImpl.java:stopOM(400)) - Stopping the OzoneManager
2019-09-26 13:21:21,134 [main] INFO  ipc.Server (Server.java:stop(3082)) - Stopping server on 38518
2019-09-26 13:21:21,138 [IPC Server listener on 38518] INFO  ipc.Server (Server.java:run(1185)) - Stopping IPC Server listener on 38518
2019-09-26 13:21:21,139 [IPC Server Responder] INFO  ipc.Server (Server.java:run(1319)) - Stopping IPC Server Responder
2019-09-26 13:21:21,138 [main] INFO  ratis.OzoneManagerDoubleBuffer (OzoneManagerDoubleBuffer.java:stop(248)) - Stopping OMDoubleBuffer flush thread
2019-09-26 13:21:21,142 [OMDoubleBufferFlushThread] INFO  ratis.OzoneManagerDoubleBuffer (OzoneManagerDoubleBuffer.java:flushTransactions(191)) - OMDoubleBuffer flush thread OMDoubleBufferFlushThread is interrupted and will exit. OMDoubleBufferFlushThread
2019-09-26 13:21:21,142 [main] INFO  utils.BackgroundService (BackgroundService.java:shutdown(148)) - Shutting down service KeyDeletingService
2019-09-26 13:21:21,144 [main] INFO  handler.ContextHandler (ContextHandler.java:doStop(910)) - Stopped o.e.j.w.WebAppContext@7558633{/,null,UNAVAILABLE}{/ozoneManager}
2019-09-26 13:21:21,145 [main] INFO  server.AbstractConnector (AbstractConnector.java:doStop(318)) - Stopped ServerConnector@5657967b{HTTP/1.1,[http/1.1]}{0.0.0.0:0}
2019-09-26 13:21:21,145 [main] INFO  handler.ContextHandler (ContextHandler.java:doStop(910)) - Stopped o.e.j.s.ServletContextHandler@1cd2ff5b{/static,jar:file:/home/user/.m2/repository/org/apache/hadoop/hadoop-ozone-ozone-manager/0.5.0-SNAPSHOT/hadoop-ozone-ozone-manager-0.5.0-SNAPSHOT.jar!/webapps/static,UNAVAILABLE}
2019-09-26 13:21:21,146 [main] INFO  handler.ContextHandler (ContextHandler.java:doStop(910)) - Stopped o.e.j.s.ServletContextHandler@496cc217{/logs,file:///workdir/hadoop-ozone/ozonefs/target/log,UNAVAILABLE}
2019-09-26 13:21:21,148 [main] INFO  ozone.MiniOzoneClusterImpl (MiniOzoneClusterImpl.java:stopDatanodes(377)) - Stopping the HddsDatanodes
2019-09-26 13:21:21,759 [Datanode State Machine Thread - 0] INFO  statemachine.DatanodeStateMachine (DatanodeStateMachine.java:lambda$startDaemon$0(350)) - Ozone container server started.
2019-09-26 13:21:21,861 [Datanode State Machine Thread - 0] INFO  statemachine.DatanodeStateMachine (DatanodeStateMachine.java:lambda$startDaemon$0(350)) - Ozone container server started.
2019-09-26 13:21:22,777 [Thread-1472] INFO  container.ReplicationManager (ReplicationManager.java:start(163)) - Starting Replication Monitor Thread.
2019-09-26 13:21:22,781 [ReplicationMonitor] INFO  container.ReplicationManager (ReplicationManager.java:run(226)) - Replication Monitor Thread took 0 milliseconds for processing 0 containers.
2019-09-26 13:21:24,952 [Thread-1474] INFO  impl.FollowerState (FollowerState.java:run(106)) - 8c369612-1079-4b1c-b5d4-8e378861e933:group-8249D322612C changes to CANDIDATE, lastRpcTime:5117, electionTimeout:5117ms
2019-09-26 13:21:24,952 [Thread-1474] INFO  impl.RoleInfo (RoleInfo.java:shutdownFollowerState(121)) - 8c369612-1079-4b1c-b5d4-8e378861e933: shutdown FollowerState
2019-09-26 13:21:24,952 [Thread-1474] INFO  impl.RaftServerImpl (RaftServerImpl.java:setRole(174)) - 8c369612-1079-4b1c-b5d4-8e378861e933@group-8249D322612C: changes role from  FOLLOWER to CANDIDATE at term 0 for changeToCandidate
2019-09-26 13:21:24,952 [Thread-1474] INFO  impl.RoleInfo (RoleInfo.java:updateAndGet(143)) - 8c369612-1079-4b1c-b5d4-8e378861e933: start LeaderElection
2019-09-26 13:21:24,971 [8c369612-1079-4b1c-b5d4-8e378861e933@group-8249D322612C:LeaderElection73] INFO  impl.LeaderElection (LeaderElection.java:askForVotes(182)) - 8c369612-1079-4b1c-b5d4-8e378861e933@group-8249D322612C:LeaderElection73: begin an election at term 1 for -1: [8c369612-1079-4b1c-b5d4-8e378861e933:192.168.164.238:34192], old=null
2019-09-26 13:21:24,971 [8c369612-1079-4b1c-b5d4-8e378861e933@group-8249D322612C:LeaderElection73] INFO  impl.RoleInfo (RoleInfo.java:shutdownLeaderElection(134)) - 8c369612-1079-4b1c-b5d4-8e378861e933: shutdown LeaderElection
2019-09-26 13:21:24,971 [8c369612-1079-4b1c-b5d4-8e378861e933@group-8249D322612C:LeaderElection73] INFO  impl.RaftServerImpl (RaftServerImpl.java:setRole(174)) - 8c369612-1079-4b1c-b5d4-8e378861e933@group-8249D322612C: changes role from CANDIDATE to LEADER at term 1 for changeToLeader
2019-09-26 13:21:24,971 [8c369612-1079-4b1c-b5d4-8e378861e933@group-8249D322612C:LeaderElection73] INFO  impl.RaftServerImpl (ServerState.java:setLeader(253)) - 8c369612-1079-4b1c-b5d4-8e378861e933@group-8249D322612C: change Leader from null to 8c369612-1079-4b1c-b5d4-8e378861e933 at term 1 for becomeLeader, leader elected after 5143ms
2019-09-26 13:21:24,972 [8c369612-1079-4b1c-b5d4-8e378861e933@group-8249D322612C:LeaderElection73] INFO  server.RaftServerConfigKeys (ConfUtils.java:logGet(43)) - raft.server.staging.catchup.gap = 1000 (default)
2019-09-26 13:21:24,972 [8c369612-1079-4b1c-b5d4-8e378861e933@group-8249D322612C:LeaderElection73] INFO  server.RaftServerConfigKeys (ConfUtils.java:logGet(43)) - raft.server.rpc.sleep.time = 25ms (default)
2019-09-26 13:21:24,972 [8c369612-1079-4b1c-b5d4-8e378861e933@group-8249D322612C:LeaderElection73] INFO  server.RaftServerConfigKeys (ConfUtils.java:logGet(43)) - raft.server.write.element-limit = 4096 (default)
2019-09-26 13:21:24,972 [8c369612-1079-4b1c-b5d4-8e378861e933@group-8249D322612C:LeaderElection73] INFO  server.RaftServerConfigKeys (ConfUtils.java:logGet(43)) - raft.server.watch.timeout = 10s (default)
2019-09-26 13:21:24,972 [8c369612-1079-4b1c-b5d4-8e378861e933@group-8249D322612C:LeaderElection73] INFO  server.RaftServerConfigKeys (ConfUtils.java:logGet(43)) - raft.server.watch.timeout.denomination = 1s (default)
2019-09-26 13:21:24,972 [8c369612-1079-4b1c-b5d4-8e378861e933@group-8249D322612C:LeaderElection73] INFO  server.RaftServerConfigKeys (ConfUtils.java:logGet(43)) - raft.server.watch.element-limit = 65536 (default)
2019-09-26 13:21:24,974 [8c369612-1079-4b1c-b5d4-8e378861e933@group-8249D322612C:LeaderElection73] INFO  impl.RoleInfo (RoleInfo.java:updateAndGet(143)) - 8c369612-1079-4b1c-b5d4-8e378861e933: start LeaderState
2019-09-26 13:21:24,974 [8c369612-1079-4b1c-b5d4-8e378861e933@group-8249D322612C:LeaderElection73] INFO  segmented.SegmentedRaftLogWorker (SegmentedRaftLogWorker.java:startLogSegment(380)) - 8c369612-1079-4b1c-b5d4-8e378861e933@group-8249D322612C-SegmentedRaftLogWorker: Starting segment from index:0
2019-09-26 13:21:24,974 [8c369612-1079-4b1c-b5d4-8e378861e933@group-8249D322612C:LeaderElection73] INFO  impl.RaftServerImpl (ServerState.java:setRaftConf(354)) - 8c369612-1079-4b1c-b5d4-8e378861e933@group-8249D322612C: set configuration 0: [8c369612-1079-4b1c-b5d4-8e378861e933:192.168.164.238:34192], old=null at 0
2019-09-26 13:21:25,011 [8c369612-1079-4b1c-b5d4-8e378861e933@group-8249D322612C-SegmentedRaftLogWorker] INFO  segmented.SegmentedRaftLogWorker (SegmentedRaftLogWorker.java:execute(569)) - 8c369612-1079-4b1c-b5d4-8e378861e933@group-8249D322612C-SegmentedRaftLogWorker: created new log segment /workdir/hadoop-ozone/ozonefs/target/test-dir/MiniOzoneClusterImpl-2c717051-d98f-4757-bca5-e960ea56bcc7/datanode-0/data/ratis/62e13486-c2c6-42b1-94dc-8249d322612c/current/log_inprogress_0
2019-09-26 13:21:25,022 [Thread-1477] INFO  impl.FollowerState (FollowerState.java:run(106)) - 8c369612-1079-4b1c-b5d4-8e378861e933:group-22EE3031B2C4 changes to CANDIDATE, lastRpcTime:5144, electionTimeout:5144ms
2019-09-26 13:21:25,022 [Thread-1477] INFO  impl.RoleInfo (RoleInfo.java:shutdownFollowerState(121)) - 8c369612-1079-4b1c-b5d4-8e378861e933: shutdown FollowerState
2019-09-26 13:21:25,022 [Thread-1477] INFO  impl.RaftServerImpl (RaftServerImpl.java:setRole(174)) - 8c369612-1079-4b1c-b5d4-8e378861e933@group-22EE3031B2C4: changes role from  FOLLOWER to CANDIDATE at term 0 for changeToCandidate
2019-09-26 13:21:25,022 [Thread-1477] INFO  impl.RoleInfo (RoleInfo.java:updateAndGet(143)) - 8c369612-1079-4b1c-b5d4-8e378861e933: start LeaderElection
2019-09-26 13:21:25,039 [8c369612-1079-4b1c-b5d4-8e378861e933@group-22EE3031B2C4:LeaderElection74] INFO  impl.LeaderElection (LeaderElection.java:askForVotes(182)) - 8c369612-1079-4b1c-b5d4-8e378861e933@group-22EE3031B2C4:LeaderElection74: begin an election at term 1 for -1: [8c369612-1079-4b1c-b5d4-8e378861e933:192.168.164.238:34192], old=null
2019-09-26 13:21:25,040 [8c369612-1079-4b1c-b5d4-8e378861e933@group-22EE3031B2C4:LeaderElection74] INFO  impl.RoleInfo (RoleInfo.java:shutdownLeaderElection(134)) - 8c369612-1079-4b1c-b5d4-8e378861e933: shutdown LeaderElection
2019-09-26 13:21:25,040 [8c369612-1079-4b1c-b5d4-8e378861e933@group-22EE3031B2C4:LeaderElection74] INFO  impl.RaftServerImpl (RaftServerImpl.java:setRole(174)) - 8c369612-1079-4b1c-b5d4-8e378861e933@group-22EE3031B2C4: changes role from CANDIDATE to LEADER at term 1 for changeToLeader
2019-09-26 13:21:25,040 [8c369612-1079-4b1c-b5d4-8e378861e933@group-22EE3031B2C4:LeaderElection74] INFO  impl.RaftServerImpl (ServerState.java:setLeader(253)) - 8c369612-1079-4b1c-b5d4-8e378861e933@group-22EE3031B2C4: change Leader from null to 8c369612-1079-4b1c-b5d4-8e378861e933 at term 1 for becomeLeader, leader elected after 5168ms
2019-09-26 13:21:25,040 [8c369612-1079-4b1c-b5d4-8e378861e933@group-22EE3031B2C4:LeaderElection74] INFO  server.RaftServerConfigKeys (ConfUtils.java:logGet(43)) - raft.server.staging.catchup.gap = 1000 (default)
2019-09-26 13:21:25,040 [8c369612-1079-4b1c-b5d4-8e378861e933@group-22EE3031B2C4:LeaderElection74] INFO  server.RaftServerConfigKeys (ConfUtils.java:logGet(43)) - raft.server.rpc.sleep.time = 25ms (default)
2019-09-26 13:21:25,040 [8c369612-1079-4b1c-b5d4-8e378861e933@group-22EE3031B2C4:LeaderElection74] INFO  server.RaftServerConfigKeys (ConfUtils.java:logGet(43)) - raft.server.write.element-limit = 4096 (default)
2019-09-26 13:21:25,040 [8c369612-1079-4b1c-b5d4-8e378861e933@group-22EE3031B2C4:LeaderElection74] INFO  server.RaftServerConfigKeys (ConfUtils.java:logGet(43)) - raft.server.watch.timeout = 10s (default)
2019-09-26 13:21:25,040 [8c369612-1079-4b1c-b5d4-8e378861e933@group-22EE3031B2C4:LeaderElection74] INFO  server.RaftServerConfigKeys (ConfUtils.java:logGet(43)) - raft.server.watch.timeout.denomination = 1s (default)
2019-09-26 13:21:25,040 [8c369612-1079-4b1c-b5d4-8e378861e933@group-22EE3031B2C4:LeaderElection74] INFO  server.RaftServerConfigKeys (ConfUtils.java:logGet(43)) - raft.server.watch.element-limit = 65536 (default)
2019-09-26 13:21:25,042 [8c369612-1079-4b1c-b5d4-8e378861e933@group-22EE3031B2C4:LeaderElection74] INFO  impl.RoleInfo (RoleInfo.java:updateAndGet(143)) - 8c369612-1079-4b1c-b5d4-8e378861e933: start LeaderState
2019-09-26 13:21:25,042 [8c369612-1079-4b1c-b5d4-8e378861e933@group-22EE3031B2C4:LeaderElection74] INFO  segmented.SegmentedRaftLogWorker (SegmentedRaftLogWorker.java:startLogSegment(380)) - 8c369612-1079-4b1c-b5d4-8e378861e933@group-22EE3031B2C4-SegmentedRaftLogWorker: Starting segment from index:0
2019-09-26 13:21:25,043 [8c369612-1079-4b1c-b5d4-8e378861e933@group-22EE3031B2C4:LeaderElection74] INFO  impl.RaftServerImpl (ServerState.java:setRaftConf(354)) - 8c369612-1079-4b1c-b5d4-8e378861e933@group-22EE3031B2C4: set configuration 0: [8c369612-1079-4b1c-b5d4-8e378861e933:192.168.164.238:34192], old=null at 0
2019-09-26 13:21:25,047 [Thread-1486] INFO  impl.FollowerState (FollowerState.java:run(106)) - 62684552-2d14-4fa0-a8ac-9ab43a1e29b8:group-A8EC5EF97DFA changes to CANDIDATE, lastRpcTime:5030, electionTimeout:5030ms
2019-09-26 13:21:25,047 [Thread-1486] INFO  impl.RoleInfo (RoleInfo.java:shutdownFollowerState(121)) - 62684552-2d14-4fa0-a8ac-9ab43a1e29b8: shutdown FollowerState
2019-09-26 13:21:25,047 [Thread-1486] INFO  impl.RaftServerImpl (RaftServerImpl.java:setRole(174)) - 62684552-2d14-4fa0-a8ac-9ab43a1e29b8@group-A8EC5EF97DFA: changes role from  FOLLOWER to CANDIDATE at term 0 for changeToCandidate
2019-09-26 13:21:25,047 [Thread-1486] INFO  impl.RoleInfo (RoleInfo.java:updateAndGet(143)) - 62684552-2d14-4fa0-a8ac-9ab43a1e29b8: start LeaderElection
2019-09-26 13:21:25,074 [Thread-1483] INFO  impl.FollowerState (FollowerState.java:run(106)) - 7c6e08d0-8593-4f06-8d99-677ce7e140bf:group-46229E0D4CC0 changes to CANDIDATE, lastRpcTime:5106, electionTimeout:5083ms
2019-09-26 13:21:25,085 [Thread-1483] INFO  impl.RoleInfo (RoleInfo.java:shutdownFollowerState(121)) - 7c6e08d0-8593-4f06-8d99-677ce7e140bf: shutdown FollowerState
2019-09-26 13:21:25,085 [Thread-1483] INFO  impl.RaftServerImpl (RaftServerImpl.java:setRole(174)) - 7c6e08d0-8593-4f06-8d99-677ce7e140bf@group-46229E0D4CC0: changes role from  FOLLOWER to CANDIDATE at term 0 for changeToCandidate
2019-09-26 13:21:25,085 [Thread-1483] INFO  impl.RoleInfo (RoleInfo.java:updateAndGet(143)) - 7c6e08d0-8593-4f06-8d99-677ce7e140bf: start LeaderElection
2019-09-26 13:21:25,087 [8c369612-1079-4b1c-b5d4-8e378861e933@group-22EE3031B2C4-SegmentedRaftLogWorker] INFO  segmented.SegmentedRaftLogWorker (SegmentedRaftLogWorker.java:execute(569)) - 8c369612-1079-4b1c-b5d4-8e378861e933@group-22EE3031B2C4-SegmentedRaftLogWorker: created new log segment /workdir/hadoop-ozone/ozonefs/target/test-dir/MiniOzoneClusterImpl-2c717051-d98f-4757-bca5-e960ea56bcc7/datanode-0/data/ratis/de49c011-a1a8-4932-8508-22ee3031b2c4/current/log_inprogress_0
2019-09-26 13:21:25,100 [62684552-2d14-4fa0-a8ac-9ab43a1e29b8@group-A8EC5EF97DFA:LeaderElection75] INFO  impl.LeaderElection (LeaderElection.java:askForVotes(182)) - 62684552-2d14-4fa0-a8ac-9ab43a1e29b8@group-A8EC5EF97DFA:LeaderElection75: begin an election at term 1 for -1: [62684552-2d14-4fa0-a8ac-9ab43a1e29b8:192.168.164.238:45794], old=null
2019-09-26 13:21:25,100 [7c6e08d0-8593-4f06-8d99-677ce7e140bf@group-46229E0D4CC0:LeaderElection76] INFO  impl.LeaderElection (LeaderElection.java:askForVotes(182)) - 7c6e08d0-8593-4f06-8d99-677ce7e140bf@group-46229E0D4CC0:LeaderElection76: begin an election at term 1 for -1: [7c6e08d0-8593-4f06-8d99-677ce7e140bf:192.168.164.238:38697], old=null
2019-09-26 13:21:25,100 [62684552-2d14-4fa0-a8ac-9ab43a1e29b8@group-A8EC5EF97DFA:LeaderElection75] INFO  impl.RoleInfo (RoleInfo.java:shutdownLeaderElection(134)) - 62684552-2d14-4fa0-a8ac-9ab43a1e29b8: shutdown LeaderElection
2019-09-26 13:21:25,101 [7c6e08d0-8593-4f06-8d99-677ce7e140bf@group-46229E0D4CC0:LeaderElection76] INFO  impl.RoleInfo (RoleInfo.java:shutdownLeaderElection(134)) - 7c6e08d0-8593-4f06-8d99-677ce7e140bf: shutdown LeaderElection
2019-09-26 13:21:25,101 [62684552-2d14-4fa0-a8ac-9ab43a1e29b8@group-A8EC5EF97DFA:LeaderElection75] INFO  impl.RaftServerImpl (RaftServerImpl.java:setRole(174)) - 62684552-2d14-4fa0-a8ac-9ab43a1e29b8@group-A8EC5EF97DFA: changes role from CANDIDATE to LEADER at term 1 for changeToLeader
2019-09-26 13:21:25,101 [7c6e08d0-8593-4f06-8d99-677ce7e140bf@group-46229E0D4CC0:LeaderElection76] INFO  impl.RaftServerImpl (RaftServerImpl.java:setRole(174)) - 7c6e08d0-8593-4f06-8d99-677ce7e140bf@group-46229E0D4CC0: changes role from CANDIDATE to LEADER at term 1 for changeToLeader
2019-09-26 13:21:25,101 [62684552-2d14-4fa0-a8ac-9ab43a1e29b8@group-A8EC5EF97DFA:LeaderElection75] INFO  impl.RaftServerImpl (ServerState.java:setLeader(253)) - 62684552-2d14-4fa0-a8ac-9ab43a1e29b8@group-A8EC5EF97DFA: change Leader from null to 62684552-2d14-4fa0-a8ac-9ab43a1e29b8 at term 1 for becomeLeader, leader elected after 5091ms
2019-09-26 13:21:25,101 [7c6e08d0-8593-4f06-8d99-677ce7e140bf@group-46229E0D4CC0:LeaderElection76] INFO  impl.RaftServerImpl (ServerState.java:setLeader(253)) - 7c6e08d0-8593-4f06-8d99-677ce7e140bf@group-46229E0D4CC0: change Leader from null to 7c6e08d0-8593-4f06-8d99-677ce7e140bf at term 1 for becomeLeader, leader elected after 5138ms
2019-09-26 13:21:25,101 [62684552-2d14-4fa0-a8ac-9ab43a1e29b8@group-A8EC5EF97DFA:LeaderElection75] INFO  server.RaftServerConfigKeys (ConfUtils.java:logGet(43)) - raft.server.staging.catchup.gap = 1000 (default)
2019-09-26 13:21:25,101 [7c6e08d0-8593-4f06-8d99-677ce7e140bf@group-46229E0D4CC0:LeaderElection76] INFO  server.RaftServerConfigKeys (ConfUtils.java:logGet(43)) - raft.server.staging.catchup.gap = 1000 (default)
2019-09-26 13:21:25,101 [62684552-2d14-4fa0-a8ac-9ab43a1e29b8@group-A8EC5EF97DFA:LeaderElection75] INFO  server.RaftServerConfigKeys (ConfUtils.java:logGet(43)) - raft.server.rpc.sleep.time = 25ms (default)
2019-09-26 13:21:25,101 [7c6e08d0-8593-4f06-8d99-677ce7e140bf@group-46229E0D4CC0:LeaderElection76] INFO  server.RaftServerConfigKeys (ConfUtils.java:logGet(43)) - raft.server.rpc.sleep.time = 25ms (default)
2019-09-26 13:21:25,102 [62684552-2d14-4fa0-a8ac-9ab43a1e29b8@group-A8EC5EF97DFA:LeaderElection75] INFO  server.RaftServerConfigKeys (ConfUtils.java:logGet(43)) - raft.server.write.element-limit = 4096 (default)
2019-09-26 13:21:25,102 [7c6e08d0-8593-4f06-8d99-677ce7e140bf@group-46229E0D4CC0:LeaderElection76] INFO  server.RaftServerConfigKeys (ConfUtils.java:logGet(43)) - raft.server.write.element-limit = 4096 (default)
2019-09-26 13:21:25,102 [62684552-2d14-4fa0-a8ac-9ab43a1e29b8@group-A8EC5EF97DFA:LeaderElection75] INFO  server.RaftServerConfigKeys (ConfUtils.java:logGet(43)) - raft.server.watch.timeout = 10s (default)
2019-09-26 13:21:25,102 [7c6e08d0-8593-4f06-8d99-677ce7e140bf@group-46229E0D4CC0:LeaderElection76] INFO  server.RaftServerConfigKeys (ConfUtils.java:logGet(43)) - raft.server.watch.timeout = 10s (default)
2019-09-26 13:21:25,102 [62684552-2d14-4fa0-a8ac-9ab43a1e29b8@group-A8EC5EF97DFA:LeaderElection75] INFO  server.RaftServerConfigKeys (ConfUtils.java:logGet(43)) - raft.server.watch.timeout.denomination = 1s (default)
2019-09-26 13:21:25,102 [7c6e08d0-8593-4f06-8d99-677ce7e140bf@group-46229E0D4CC0:LeaderElection76] INFO  server.RaftServerConfigKeys (ConfUtils.java:logGet(43)) - raft.server.watch.timeout.denomination = 1s (default)
2019-09-26 13:21:25,102 [62684552-2d14-4fa0-a8ac-9ab43a1e29b8@group-A8EC5EF97DFA:LeaderElection75] INFO  server.RaftServerConfigKeys (ConfUtils.java:logGet(43)) - raft.server.watch.element-limit = 65536 (default)
2019-09-26 13:21:25,102 [7c6e08d0-8593-4f06-8d99-677ce7e140bf@group-46229E0D4CC0:LeaderElection76] INFO  server.RaftServerConfigKeys (ConfUtils.java:logGet(43)) - raft.server.watch.element-limit = 65536 (default)
2019-09-26 13:21:25,105 [62684552-2d14-4fa0-a8ac-9ab43a1e29b8@group-A8EC5EF97DFA:LeaderElection75] INFO  impl.RoleInfo (RoleInfo.java:updateAndGet(143)) - 62684552-2d14-4fa0-a8ac-9ab43a1e29b8: start LeaderState
2019-09-26 13:21:25,105 [62684552-2d14-4fa0-a8ac-9ab43a1e29b8@group-A8EC5EF97DFA:LeaderElection75] INFO  segmented.SegmentedRaftLogWorker (SegmentedRaftLogWorker.java:startLogSegment(380)) - 62684552-2d14-4fa0-a8ac-9ab43a1e29b8@group-A8EC5EF97DFA-SegmentedRaftLogWorker: Starting segment from index:0
2019-09-26 13:21:25,106 [7c6e08d0-8593-4f06-8d99-677ce7e140bf@group-46229E0D4CC0:LeaderElection76] INFO  impl.RoleInfo (RoleInfo.java:updateAndGet(143)) - 7c6e08d0-8593-4f06-8d99-677ce7e140bf: start LeaderState
2019-09-26 13:21:25,106 [7c6e08d0-8593-4f06-8d99-677ce7e140bf@group-46229E0D4CC0:LeaderElection76] INFO  segmented.SegmentedRaftLogWorker (SegmentedRaftLogWorker.java:startLogSegment(380)) - 7c6e08d0-8593-4f06-8d99-677ce7e140bf@group-46229E0D4CC0-SegmentedRaftLogWorker: Starting segment from index:0
2019-09-26 13:21:25,106 [62684552-2d14-4fa0-a8ac-9ab43a1e29b8@group-A8EC5EF97DFA:LeaderElection75] INFO  impl.RaftServerImpl (ServerState.java:setRaftConf(354)) - 62684552-2d14-4fa0-a8ac-9ab43a1e29b8@group-A8EC5EF97DFA: set configuration 0: [62684552-2d14-4fa0-a8ac-9ab43a1e29b8:192.168.164.238:45794], old=null at 0
2019-09-26 13:21:25,107 [7c6e08d0-8593-4f06-8d99-677ce7e140bf@group-46229E0D4CC0:LeaderElection76] INFO  impl.RaftServerImpl (ServerState.java:setRaftConf(354)) - 7c6e08d0-8593-4f06-8d99-677ce7e140bf@group-46229E0D4CC0: set configuration 0: [7c6e08d0-8593-4f06-8d99-677ce7e140bf:192.168.164.238:38697], old=null at 0
2019-09-26 13:21:25,116 [Thread-1480] INFO  impl.FollowerState (FollowerState.java:run(106)) - 8c369612-1079-4b1c-b5d4-8e378861e933:group-39E6ED973FF0 changes to CANDIDATE, lastRpcTime:5194, electionTimeout:5194ms
2019-09-26 13:21:25,116 [Thread-1480] INFO  impl.RoleInfo (RoleInfo.java:shutdownFollowerState(121)) - 8c369612-1079-4b1c-b5d4-8e378861e933: shutdown FollowerState
2019-09-26 13:21:25,116 [Thread-1480] INFO  impl.RaftServerImpl (RaftServerImpl.java:setRole(174)) - 8c369612-1079-4b1c-b5d4-8e378861e933@group-39E6ED973FF0: changes role from  FOLLOWER to CANDIDATE at term 0 for changeToCandidate
2019-09-26 13:21:25,116 [Thread-1480] INFO  impl.RoleInfo (RoleInfo.java:updateAndGet(143)) - 8c369612-1079-4b1c-b5d4-8e378861e933: start LeaderElection
2019-09-26 13:21:25,161 [62684552-2d14-4fa0-a8ac-9ab43a1e29b8@group-A8EC5EF97DFA-SegmentedRaftLogWorker] INFO  segmented.SegmentedRaftLogWorker (SegmentedRaftLogWorker.java:execute(569)) - 62684552-2d14-4fa0-a8ac-9ab43a1e29b8@group-A8EC5EF97DFA-SegmentedRaftLogWorker: created new log segment /workdir/hadoop-ozone/ozonefs/target/test-dir/MiniOzoneClusterImpl-2c717051-d98f-4757-bca5-e960ea56bcc7/datanode-2/data/ratis/fadd8715-fed8-4d38-a9ec-a8ec5ef97dfa/current/log_inprogress_0
2019-09-26 13:21:25,161 [7c6e08d0-8593-4f06-8d99-677ce7e140bf@group-46229E0D4CC0-SegmentedRaftLogWorker] INFO  segmented.SegmentedRaftLogWorker (SegmentedRaftLogWorker.java:execute(569)) - 7c6e08d0-8593-4f06-8d99-677ce7e140bf@group-46229E0D4CC0-SegmentedRaftLogWorker: created new log segment /workdir/hadoop-ozone/ozonefs/target/test-dir/MiniOzoneClusterImpl-2c717051-d98f-4757-bca5-e960ea56bcc7/datanode-1/data/ratis/894681fa-2a6d-4a52-be8e-46229e0d4cc0/current/log_inprogress_0
2019-09-26 13:21:25,162 [8c369612-1079-4b1c-b5d4-8e378861e933@group-39E6ED973FF0:LeaderElection77] INFO  impl.LeaderElection (LeaderElection.java:askForVotes(182)) - 8c369612-1079-4b1c-b5d4-8e378861e933@group-39E6ED973FF0:LeaderElection77: begin an election at term 1 for -1: [8c369612-1079-4b1c-b5d4-8e378861e933:192.168.164.238:34192], old=null
2019-09-26 13:21:25,162 [8c369612-1079-4b1c-b5d4-8e378861e933@group-39E6ED973FF0:LeaderElection77] INFO  impl.RoleInfo (RoleInfo.java:shutdownLeaderElection(134)) - 8c369612-1079-4b1c-b5d4-8e378861e933: shutdown LeaderElection
2019-09-26 13:21:25,162 [8c369612-1079-4b1c-b5d4-8e378861e933@group-39E6ED973FF0:LeaderElection77] INFO  impl.RaftServerImpl (RaftServerImpl.java:setRole(174)) - 8c369612-1079-4b1c-b5d4-8e378861e933@group-39E6ED973FF0: changes role from CANDIDATE to LEADER at term 1 for changeToLeader
2019-09-26 13:21:25,162 [8c369612-1079-4b1c-b5d4-8e378861e933@group-39E6ED973FF0:LeaderElection77] INFO  impl.RaftServerImpl (ServerState.java:setLeader(253)) - 8c369612-1079-4b1c-b5d4-8e378861e933@group-39E6ED973FF0: change Leader from null to 8c369612-1079-4b1c-b5d4-8e378861e933 at term 1 for becomeLeader, leader elected after 5246ms
2019-09-26 13:21:25,162 [8c369612-1079-4b1c-b5d4-8e378861e933@group-39E6ED973FF0:LeaderElection77] INFO  server.RaftServerConfigKeys (ConfUtils.java:logGet(43)) - raft.server.staging.catchup.gap = 1000 (default)
2019-09-26 13:21:25,162 [8c369612-1079-4b1c-b5d4-8e378861e933@group-39E6ED973FF0:LeaderElection77] INFO  server.RaftServerConfigKeys (ConfUtils.java:logGet(43)) - raft.server.rpc.sleep.time = 25ms (default)
2019-09-26 13:21:25,163 [8c369612-1079-4b1c-b5d4-8e378861e933@group-39E6ED973FF0:LeaderElection77] INFO  server.RaftServerConfigKeys (ConfUtils.java:logGet(43)) - raft.server.write.element-limit = 4096 (default)
2019-09-26 13:21:25,163 [8c369612-1079-4b1c-b5d4-8e378861e933@group-39E6ED973FF0:LeaderElection77] INFO  server.RaftServerConfigKeys (ConfUtils.java:logGet(43)) - raft.server.watch.timeout = 10s (default)
2019-09-26 13:21:25,163 [8c369612-1079-4b1c-b5d4-8e378861e933@group-39E6ED973FF0:LeaderElection77] INFO  server.RaftServerConfigKeys (ConfUtils.java:logGet(43)) - raft.server.watch.timeout.denomination = 1s (default)
2019-09-26 13:21:25,163 [8c369612-1079-4b1c-b5d4-8e378861e933@group-39E6ED973FF0:LeaderElection77] INFO  server.RaftServerConfigKeys (ConfUtils.java:logGet(43)) - raft.server.watch.element-limit = 65536 (default)
2019-09-26 13:21:25,165 [8c369612-1079-4b1c-b5d4-8e378861e933@group-39E6ED973FF0:LeaderElection77] INFO  impl.RoleInfo (RoleInfo.java:updateAndGet(143)) - 8c369612-1079-4b1c-b5d4-8e378861e933: start LeaderState
2019-09-26 13:21:25,165 [8c369612-1079-4b1c-b5d4-8e378861e933@group-39E6ED973FF0:LeaderElection77] INFO  segmented.SegmentedRaftLogWorker (SegmentedRaftLogWorker.java:startLogSegment(380)) - 8c369612-1079-4b1c-b5d4-8e378861e933@group-39E6ED973FF0-SegmentedRaftLogWorker: Starting segment from index:0
2019-09-26 13:21:25,165 [8c369612-1079-4b1c-b5d4-8e378861e933@group-39E6ED973FF0:LeaderElection77] INFO  impl.RaftServerImpl (ServerState.java:setRaftConf(354)) - 8c369612-1079-4b1c-b5d4-8e378861e933@group-39E6ED973FF0: set configuration 0: [8c369612-1079-4b1c-b5d4-8e378861e933:192.168.164.238:34192], old=null at 0
2019-09-26 13:21:25,171 [Thread-1492] INFO  impl.FollowerState (FollowerState.java:run(106)) - 8c369612-1079-4b1c-b5d4-8e378861e933:group-661569B8793A changes to CANDIDATE, lastRpcTime:5065, electionTimeout:5065ms
2019-09-26 13:21:25,171 [Thread-1492] INFO  impl.RoleInfo (RoleInfo.java:shutdownFollowerState(121)) - 8c369612-1079-4b1c-b5d4-8e378861e933: shutdown FollowerState
2019-09-26 13:21:25,171 [Thread-1492] INFO  impl.RaftServerImpl (RaftServerImpl.java:setRole(174)) - 8c369612-1079-4b1c-b5d4-8e378861e933@group-661569B8793A: changes role from  FOLLOWER to CANDIDATE at term 0 for changeToCandidate
2019-09-26 13:21:25,171 [Thread-1492] INFO  impl.RoleInfo (RoleInfo.java:updateAndGet(143)) - 8c369612-1079-4b1c-b5d4-8e378861e933: start LeaderElection
2019-09-26 13:21:25,199 [8c369612-1079-4b1c-b5d4-8e378861e933@group-39E6ED973FF0-SegmentedRaftLogWorker] INFO  segmented.SegmentedRaftLogWorker (SegmentedRaftLogWorker.java:execute(569)) - 8c369612-1079-4b1c-b5d4-8e378861e933@group-39E6ED973FF0-SegmentedRaftLogWorker: created new log segment /workdir/hadoop-ozone/ozonefs/target/test-dir/MiniOzoneClusterImpl-2c717051-d98f-4757-bca5-e960ea56bcc7/datanode-0/data/ratis/4655c069-4c12-44ed-baeb-39e6ed973ff0/current/log_inprogress_0
2019-09-26 13:21:25,199 [8c369612-1079-4b1c-b5d4-8e378861e933@group-661569B8793A:LeaderElection78] INFO  impl.LeaderElection (LeaderElection.java:askForVotes(182)) - 8c369612-1079-4b1c-b5d4-8e378861e933@group-661569B8793A:LeaderElection78: begin an election at term 1 for -1: [8c369612-1079-4b1c-b5d4-8e378861e933:192.168.164.238:34192], old=null
2019-09-26 13:21:25,199 [8c369612-1079-4b1c-b5d4-8e378861e933@group-661569B8793A:LeaderElection78] INFO  impl.RoleInfo (RoleInfo.java:shutdownLeaderElection(134)) - 8c369612-1079-4b1c-b5d4-8e378861e933: shutdown LeaderElection
2019-09-26 13:21:25,199 [8c369612-1079-4b1c-b5d4-8e378861e933@group-661569B8793A:LeaderElection78] INFO  impl.RaftServerImpl (RaftServerImpl.java:setRole(174)) - 8c369612-1079-4b1c-b5d4-8e378861e933@group-661569B8793A: changes role from CANDIDATE to LEADER at term 1 for changeToLeader
2019-09-26 13:21:25,199 [8c369612-1079-4b1c-b5d4-8e378861e933@group-661569B8793A:LeaderElection78] INFO  impl.RaftServerImpl (ServerState.java:setLeader(253)) - 8c369612-1079-4b1c-b5d4-8e378861e933@group-661569B8793A: change Leader from null to 8c369612-1079-4b1c-b5d4-8e378861e933 at term 1 for becomeLeader, leader elected after 5099ms
2019-09-26 13:21:25,200 [8c369612-1079-4b1c-b5d4-8e378861e933@group-661569B8793A:LeaderElection78] INFO  server.RaftServerConfigKeys (ConfUtils.java:logGet(43)) - raft.server.staging.catchup.gap = 1000 (default)
2019-09-26 13:21:25,200 [8c369612-1079-4b1c-b5d4-8e378861e933@group-661569B8793A:LeaderElection78] INFO  server.RaftServerConfigKeys (ConfUtils.java:logGet(43)) - raft.server.rpc.sleep.time = 25ms (default)
2019-09-26 13:21:25,200 [8c369612-1079-4b1c-b5d4-8e378861e933@group-661569B8793A:LeaderElection78] INFO  server.RaftServerConfigKeys (ConfUtils.java:logGet(43)) - raft.server.write.element-limit = 4096 (default)
2019-09-26 13:21:25,200 [8c369612-1079-4b1c-b5d4-8e378861e933@group-661569B8793A:LeaderElection78] INFO  server.RaftServerConfigKeys (ConfUtils.java:logGet(43)) - raft.server.watch.timeout = 10s (default)
2019-09-26 13:21:25,200 [8c369612-1079-4b1c-b5d4-8e378861e933@group-661569B8793A:LeaderElection78] INFO  server.RaftServerConfigKeys (ConfUtils.java:logGet(43)) - raft.server.watch.timeout.denomination = 1s (default)
2019-09-26 13:21:25,200 [8c369612-1079-4b1c-b5d4-8e378861e933@group-661569B8793A:LeaderElection78] INFO  server.RaftServerConfigKeys (ConfUtils.java:logGet(43)) - raft.server.watch.element-limit = 65536 (default)
2019-09-26 13:21:25,201 [8c369612-1079-4b1c-b5d4-8e378861e933@group-661569B8793A:LeaderElection78] INFO  impl.RoleInfo (RoleInfo.java:updateAndGet(143)) - 8c369612-1079-4b1c-b5d4-8e378861e933: start LeaderState
2019-09-26 13:21:25,202 [8c369612-1079-4b1c-b5d4-8e378861e933@group-661569B8793A:LeaderElection78] INFO  segmented.SegmentedRaftLogWorker (SegmentedRaftLogWorker.java:startLogSegment(380)) - 8c369612-1079-4b1c-b5d4-8e378861e933@group-661569B8793A-SegmentedRaftLogWorker: Starting segment from index:0
2019-09-26 13:21:25,202 [8c369612-1079-4b1c-b5d4-8e378861e933@group-661569B8793A:LeaderElection78] INFO  impl.RaftServerImpl (ServerState.java:setRaftConf(354)) - 8c369612-1079-4b1c-b5d4-8e378861e933@group-661569B8793A: set configuration 0: [8c369612-1079-4b1c-b5d4-8e378861e933:192.168.164.238:34192], old=null at 0
2019-09-26 13:21:25,215 [Thread-1489] INFO  impl.FollowerState (FollowerState.java:run(106)) - 8c369612-1079-4b1c-b5d4-8e378861e933:group-39F32D9B576C changes to CANDIDATE, lastRpcTime:5163, electionTimeout:5163ms
2019-09-26 13:21:25,215 [Thread-1489] INFO  impl.RoleInfo (RoleInfo.java:shutdownFollowerState(121)) - 8c369612-1079-4b1c-b5d4-8e378861e933: shutdown FollowerState
2019-09-26 13:21:25,215 [Thread-1489] INFO  impl.RaftServerImpl (RaftServerImpl.java:setRole(174)) - 8c369612-1079-4b1c-b5d4-8e378861e933@group-39F32D9B576C: changes role from  FOLLOWER to CANDIDATE at term 0 for changeToCandidate
2019-09-26 13:21:25,215 [Thread-1489] INFO  impl.RoleInfo (RoleInfo.java:updateAndGet(143)) - 8c369612-1079-4b1c-b5d4-8e378861e933: start LeaderElection
2019-09-26 13:21:25,231 [Thread-1495] INFO  impl.FollowerState (FollowerState.java:run(106)) - 7c6e08d0-8593-4f06-8d99-677ce7e140bf:group-00EC05CBDA9F changes to CANDIDATE, lastRpcTime:5084, electionTimeout:5084ms
2019-09-26 13:21:25,231 [Thread-1495] INFO  impl.RoleInfo (RoleInfo.java:shutdownFollowerState(121)) - 7c6e08d0-8593-4f06-8d99-677ce7e140bf: shutdown FollowerState
2019-09-26 13:21:25,231 [Thread-1495] INFO  impl.RaftServerImpl (RaftServerImpl.java:setRole(174)) - 7c6e08d0-8593-4f06-8d99-677ce7e140bf@group-00EC05CBDA9F: changes role from  FOLLOWER to CANDIDATE at term 0 for changeToCandidate
2019-09-26 13:21:25,231 [Thread-1495] INFO  impl.RoleInfo (RoleInfo.java:updateAndGet(143)) - 7c6e08d0-8593-4f06-8d99-677ce7e140bf: start LeaderElection
2019-09-26 13:21:25,241 [8c369612-1079-4b1c-b5d4-8e378861e933@group-661569B8793A-SegmentedRaftLogWorker] INFO  segmented.SegmentedRaftLogWorker (SegmentedRaftLogWorker.java:execute(569)) - 8c369612-1079-4b1c-b5d4-8e378861e933@group-661569B8793A-SegmentedRaftLogWorker: created new log segment /workdir/hadoop-ozone/ozonefs/target/test-dir/MiniOzoneClusterImpl-2c717051-d98f-4757-bca5-e960ea56bcc7/datanode-0/data/ratis/6b322319-d891-4788-8010-661569b8793a/current/log_inprogress_0
2019-09-26 13:21:25,241 [7c6e08d0-8593-4f06-8d99-677ce7e140bf@group-00EC05CBDA9F:LeaderElection80] INFO  impl.LeaderElection (LeaderElection.java:askForVotes(182)) - 7c6e08d0-8593-4f06-8d99-677ce7e140bf@group-00EC05CBDA9F:LeaderElection80: begin an election at term 1 for -1: [7c6e08d0-8593-4f06-8d99-677ce7e140bf:192.168.164.238:38697], old=null
2019-09-26 13:21:25,241 [8c369612-1079-4b1c-b5d4-8e378861e933@group-39F32D9B576C:LeaderElection79] INFO  impl.LeaderElection (LeaderElection.java:askForVotes(182)) - 8c369612-1079-4b1c-b5d4-8e378861e933@group-39F32D9B576C:LeaderElection79: begin an election at term 1 for -1: [8c369612-1079-4b1c-b5d4-8e378861e933:192.168.164.238:34192], old=null
2019-09-26 13:21:25,242 [7c6e08d0-8593-4f06-8d99-677ce7e140bf@group-00EC05CBDA9F:LeaderElection80] INFO  impl.RoleInfo (RoleInfo.java:shutdownLeaderElection(134)) - 7c6e08d0-8593-4f06-8d99-677ce7e140bf: shutdown LeaderElection
2019-09-26 13:21:25,242 [8c369612-1079-4b1c-b5d4-8e378861e933@group-39F32D9B576C:LeaderElection79] INFO  impl.RoleInfo (RoleInfo.java:shutdownLeaderElection(134)) - 8c369612-1079-4b1c-b5d4-8e378861e933: shutdown LeaderElection
2019-09-26 13:21:25,242 [7c6e08d0-8593-4f06-8d99-677ce7e140bf@group-00EC05CBDA9F:LeaderElection80] INFO  impl.RaftServerImpl (RaftServerImpl.java:setRole(174)) - 7c6e08d0-8593-4f06-8d99-677ce7e140bf@group-00EC05CBDA9F: changes role from CANDIDATE to LEADER at term 1 for changeToLeader
2019-09-26 13:21:25,242 [8c369612-1079-4b1c-b5d4-8e378861e933@group-39F32D9B576C:LeaderElection79] INFO  impl.RaftServerImpl (RaftServerImpl.java:setRole(174)) - 8c369612-1079-4b1c-b5d4-8e378861e933@group-39F32D9B576C: changes role from CANDIDATE to LEADER at term 1 for changeToLeader
2019-09-26 13:21:25,242 [7c6e08d0-8593-4f06-8d99-677ce7e140bf@group-00EC05CBDA9F:LeaderElection80] INFO  impl.RaftServerImpl (ServerState.java:setLeader(253)) - 7c6e08d0-8593-4f06-8d99-677ce7e140bf@group-00EC05CBDA9F: change Leader from null to 7c6e08d0-8593-4f06-8d99-677ce7e140bf at term 1 for becomeLeader, leader elected after 5100ms
2019-09-26 13:21:25,242 [8c369612-1079-4b1c-b5d4-8e378861e933@group-39F32D9B576C:LeaderElection79] INFO  impl.RaftServerImpl (ServerState.java:setLeader(253)) - 8c369612-1079-4b1c-b5d4-8e378861e933@group-39F32D9B576C: change Leader from null to 8c369612-1079-4b1c-b5d4-8e378861e933 at term 1 for becomeLeader, leader elected after 5197ms
2019-09-26 13:21:25,242 [7c6e08d0-8593-4f06-8d99-677ce7e140bf@group-00EC05CBDA9F:LeaderElection80] INFO  server.RaftServerConfigKeys (ConfUtils.java:logGet(43)) - raft.server.staging.catchup.gap = 1000 (default)
2019-09-26 13:21:25,242 [8c369612-1079-4b1c-b5d4-8e378861e933@group-39F32D9B576C:LeaderElection79] INFO  server.RaftServerConfigKeys (ConfUtils.java:logGet(43)) - raft.server.staging.catchup.gap = 1000 (default)
2019-09-26 13:21:25,242 [7c6e08d0-8593-4f06-8d99-677ce7e140bf@group-00EC05CBDA9F:LeaderElection80] INFO  server.RaftServerConfigKeys (ConfUtils.java:logGet(43)) - raft.server.rpc.sleep.time = 25ms (default)
2019-09-26 13:21:25,243 [8c369612-1079-4b1c-b5d4-8e378861e933@group-39F32D9B576C:LeaderElection79] INFO  server.RaftServerConfigKeys (ConfUtils.java:logGet(43)) - raft.server.rpc.sleep.time = 25ms (default)
2019-09-26 13:21:25,243 [7c6e08d0-8593-4f06-8d99-677ce7e140bf@group-00EC05CBDA9F:LeaderElection80] INFO  server.RaftServerConfigKeys (ConfUtils.java:logGet(43)) - raft.server.write.element-limit = 4096 (default)
2019-09-26 13:21:25,243 [8c369612-1079-4b1c-b5d4-8e378861e933@group-39F32D9B576C:LeaderElection79] INFO  server.RaftServerConfigKeys (ConfUtils.java:logGet(43)) - raft.server.write.element-limit = 4096 (default)
2019-09-26 13:21:25,243 [7c6e08d0-8593-4f06-8d99-677ce7e140bf@group-00EC05CBDA9F:LeaderElection80] INFO  server.RaftServerConfigKeys (ConfUtils.java:logGet(43)) - raft.server.watch.timeout = 10s (default)
2019-09-26 13:21:25,243 [8c369612-1079-4b1c-b5d4-8e378861e933@group-39F32D9B576C:LeaderElection79] INFO  server.RaftServerConfigKeys (ConfUtils.java:logGet(43)) - raft.server.watch.timeout = 10s (default)
2019-09-26 13:21:25,243 [7c6e08d0-8593-4f06-8d99-677ce7e140bf@group-00EC05CBDA9F:LeaderElection80] INFO  server.RaftServerConfigKeys (ConfUtils.java:logGet(43)) - raft.server.watch.timeout.denomination = 1s (default)
2019-09-26 13:21:25,243 [8c369612-1079-4b1c-b5d4-8e378861e933@group-39F32D9B576C:LeaderElection79] INFO  server.RaftServerConfigKeys (ConfUtils.java:logGet(43)) - raft.server.watch.timeout.denomination = 1s (default)
2019-09-26 13:21:25,243 [7c6e08d0-8593-4f06-8d99-677ce7e140bf@group-00EC05CBDA9F:LeaderElection80] INFO  server.RaftServerConfigKeys (ConfUtils.java:logGet(43)) - raft.server.watch.element-limit = 65536 (default)
2019-09-26 13:21:25,243 [8c369612-1079-4b1c-b5d4-8e378861e933@group-39F32D9B576C:LeaderElection79] INFO  server.RaftServerConfigKeys (ConfUtils.java:logGet(43)) - raft.server.watch.element-limit = 65536 (default)
2019-09-26 13:21:25,246 [7c6e08d0-8593-4f06-8d99-677ce7e140bf@group-00EC05CBDA9F:LeaderElection80] INFO  impl.RoleInfo (RoleInfo.java:updateAndGet(143)) - 7c6e08d0-8593-4f06-8d99-677ce7e140bf: start LeaderState
2019-09-26 13:21:25,247 [8c369612-1079-4b1c-b5d4-8e378861e933@group-39F32D9B576C:LeaderElection79] INFO  impl.RoleInfo (RoleInfo.java:updateAndGet(143)) - 8c369612-1079-4b1c-b5d4-8e378861e933: start LeaderState
2019-09-26 13:21:25,247 [7c6e08d0-8593-4f06-8d99-677ce7e140bf@group-00EC05CBDA9F:LeaderElection80] INFO  segmented.SegmentedRaftLogWorker (SegmentedRaftLogWorker.java:startLogSegment(380)) - 7c6e08d0-8593-4f06-8d99-677ce7e140bf@group-00EC05CBDA9F-SegmentedRaftLogWorker: Starting segment from index:0
2019-09-26 13:21:25,247 [8c369612-1079-4b1c-b5d4-8e378861e933@group-39F32D9B576C:LeaderElection79] INFO  segmented.SegmentedRaftLogWorker (SegmentedRaftLogWorker.java:startLogSegment(380)) - 8c369612-1079-4b1c-b5d4-8e378861e933@group-39F32D9B576C-SegmentedRaftLogWorker: Starting segment from index:0
2019-09-26 13:21:25,247 [7c6e08d0-8593-4f06-8d99-677ce7e140bf@group-00EC05CBDA9F:LeaderElection80] INFO  impl.RaftServerImpl (ServerState.java:setRaftConf(354)) - 7c6e08d0-8593-4f06-8d99-677ce7e140bf@group-00EC05CBDA9F: set configuration 0: [7c6e08d0-8593-4f06-8d99-677ce7e140bf:192.168.164.238:38697], old=null at 0
2019-09-26 13:21:25,247 [8c369612-1079-4b1c-b5d4-8e378861e933@group-39F32D9B576C:LeaderElection79] INFO  impl.RaftServerImpl (ServerState.java:setRaftConf(354)) - 8c369612-1079-4b1c-b5d4-8e378861e933@group-39F32D9B576C: set configuration 0: [8c369612-1079-4b1c-b5d4-8e378861e933:192.168.164.238:34192], old=null at 0
2019-09-26 13:21:25,285 [Thread-1504] INFO  impl.FollowerState (FollowerState.java:run(106)) - 62684552-2d14-4fa0-a8ac-9ab43a1e29b8:group-F27E462E12D5 changes to CANDIDATE, lastRpcTime:5015, electionTimeout:5015ms
2019-09-26 13:21:25,285 [Thread-1504] INFO  impl.RoleInfo (RoleInfo.java:shutdownFollowerState(121)) - 62684552-2d14-4fa0-a8ac-9ab43a1e29b8: shutdown FollowerState
2019-09-26 13:21:25,285 [Thread-1504] INFO  impl.RaftServerImpl (RaftServerImpl.java:setRole(174)) - 62684552-2d14-4fa0-a8ac-9ab43a1e29b8@group-F27E462E12D5: changes role from  FOLLOWER to CANDIDATE at term 0 for changeToCandidate
2019-09-26 13:21:25,285 [Thread-1504] INFO  impl.RoleInfo (RoleInfo.java:updateAndGet(143)) - 62684552-2d14-4fa0-a8ac-9ab43a1e29b8: start LeaderElection
2019-09-26 13:21:25,288 [7c6e08d0-8593-4f06-8d99-677ce7e140bf@group-00EC05CBDA9F-SegmentedRaftLogWorker] INFO  segmented.SegmentedRaftLogWorker (SegmentedRaftLogWorker.java:execute(569)) - 7c6e08d0-8593-4f06-8d99-677ce7e140bf@group-00EC05CBDA9F-SegmentedRaftLogWorker: created new log segment /workdir/hadoop-ozone/ozonefs/target/test-dir/MiniOzoneClusterImpl-2c717051-d98f-4757-bca5-e960ea56bcc7/datanode-1/data/ratis/64178a26-92c5-4247-b21b-00ec05cbda9f/current/log_inprogress_0
2019-09-26 13:21:25,288 [8c369612-1079-4b1c-b5d4-8e378861e933@group-39F32D9B576C-SegmentedRaftLogWorker] INFO  segmented.SegmentedRaftLogWorker (SegmentedRaftLogWorker.java:execute(569)) - 8c369612-1079-4b1c-b5d4-8e378861e933@group-39F32D9B576C-SegmentedRaftLogWorker: created new log segment /workdir/hadoop-ozone/ozonefs/target/test-dir/MiniOzoneClusterImpl-2c717051-d98f-4757-bca5-e960ea56bcc7/datanode-0/data/ratis/74a726de-062a-44cb-94d4-39f32d9b576c/current/log_inprogress_0
2019-09-26 13:21:25,301 [62684552-2d14-4fa0-a8ac-9ab43a1e29b8@group-F27E462E12D5:LeaderElection81] INFO  impl.LeaderElection (LeaderElection.java:askForVotes(182)) - 62684552-2d14-4fa0-a8ac-9ab43a1e29b8@group-F27E462E12D5:LeaderElection81: begin an election at term 1 for -1: [62684552-2d14-4fa0-a8ac-9ab43a1e29b8:192.168.164.238:45794], old=null
2019-09-26 13:21:25,302 [62684552-2d14-4fa0-a8ac-9ab43a1e29b8@group-F27E462E12D5:LeaderElection81] INFO  impl.RoleInfo (RoleInfo.java:shutdownLeaderElection(134)) - 62684552-2d14-4fa0-a8ac-9ab43a1e29b8: shutdown LeaderElection
2019-09-26 13:21:25,302 [62684552-2d14-4fa0-a8ac-9ab43a1e29b8@group-F27E462E12D5:LeaderElection81] INFO  impl.RaftServerImpl (RaftServerImpl.java:setRole(174)) - 62684552-2d14-4fa0-a8ac-9ab43a1e29b8@group-F27E462E12D5: changes role from CANDIDATE to LEADER at term 1 for changeToLeader
2019-09-26 13:21:25,302 [62684552-2d14-4fa0-a8ac-9ab43a1e29b8@group-F27E462E12D5:LeaderElection81] INFO  impl.RaftServerImpl (ServerState.java:setLeader(253)) - 62684552-2d14-4fa0-a8ac-9ab43a1e29b8@group-F27E462E12D5: change Leader from null to 62684552-2d14-4fa0-a8ac-9ab43a1e29b8 at term 1 for becomeLeader, leader elected after 5035ms
2019-09-26 13:21:25,302 [62684552-2d14-4fa0-a8ac-9ab43a1e29b8@group-F27E462E12D5:LeaderElection81] INFO  server.RaftServerConfigKeys (ConfUtils.java:logGet(43)) - raft.server.staging.catchup.gap = 1000 (default)
2019-09-26 13:21:25,302 [62684552-2d14-4fa0-a8ac-9ab43a1e29b8@group-F27E462E12D5:LeaderElection81] INFO  server.RaftServerConfigKeys (ConfUtils.java:logGet(43)) - raft.server.rpc.sleep.time = 25ms (default)
2019-09-26 13:21:25,302 [62684552-2d14-4fa0-a8ac-9ab43a1e29b8@group-F27E462E12D5:LeaderElection81] INFO  server.RaftServerConfigKeys (ConfUtils.java:logGet(43)) - raft.server.write.element-limit = 4096 (default)
2019-09-26 13:21:25,302 [62684552-2d14-4fa0-a8ac-9ab43a1e29b8@group-F27E462E12D5:LeaderElection81] INFO  server.RaftServerConfigKeys (ConfUtils.java:logGet(43)) - raft.server.watch.timeout = 10s (default)
2019-09-26 13:21:25,302 [62684552-2d14-4fa0-a8ac-9ab43a1e29b8@group-F27E462E12D5:LeaderElection81] INFO  server.RaftServerConfigKeys (ConfUtils.java:logGet(43)) - raft.server.watch.timeout.denomination = 1s (default)
2019-09-26 13:21:25,303 [62684552-2d14-4fa0-a8ac-9ab43a1e29b8@group-F27E462E12D5:LeaderElection81] INFO  server.RaftServerConfigKeys (ConfUtils.java:logGet(43)) - raft.server.watch.element-limit = 65536 (default)
2019-09-26 13:21:25,304 [62684552-2d14-4fa0-a8ac-9ab43a1e29b8@group-F27E462E12D5:LeaderElection81] INFO  impl.RoleInfo (RoleInfo.java:updateAndGet(143)) - 62684552-2d14-4fa0-a8ac-9ab43a1e29b8: start LeaderState
2019-09-26 13:21:25,305 [62684552-2d14-4fa0-a8ac-9ab43a1e29b8@group-F27E462E12D5:LeaderElection81] INFO  segmented.SegmentedRaftLogWorker (SegmentedRaftLogWorker.java:startLogSegment(380)) - 62684552-2d14-4fa0-a8ac-9ab43a1e29b8@group-F27E462E12D5-SegmentedRaftLogWorker: Starting segment from index:0
2019-09-26 13:21:25,305 [62684552-2d14-4fa0-a8ac-9ab43a1e29b8@group-F27E462E12D5:LeaderElection81] INFO  impl.RaftServerImpl (ServerState.java:setRaftConf(354)) - 62684552-2d14-4fa0-a8ac-9ab43a1e29b8@group-F27E462E12D5: set configuration 0: [62684552-2d14-4fa0-a8ac-9ab43a1e29b8:192.168.164.238:45794], old=null at 0
2019-09-26 13:21:25,313 [Thread-1501] INFO  impl.FollowerState (FollowerState.java:run(106)) - 62684552-2d14-4fa0-a8ac-9ab43a1e29b8:group-1469D711682F changes to CANDIDATE, lastRpcTime:5076, electionTimeout:5076ms
2019-09-26 13:21:25,313 [Thread-1501] INFO  impl.RoleInfo (RoleInfo.java:shutdownFollowerState(121)) - 62684552-2d14-4fa0-a8ac-9ab43a1e29b8: shutdown FollowerState
2019-09-26 13:21:25,313 [Thread-1501] INFO  impl.RaftServerImpl (RaftServerImpl.java:setRole(174)) - 62684552-2d14-4fa0-a8ac-9ab43a1e29b8@group-1469D711682F: changes role from  FOLLOWER to CANDIDATE at term 0 for changeToCandidate
2019-09-26 13:21:25,313 [Thread-1501] INFO  impl.RoleInfo (RoleInfo.java:updateAndGet(143)) - 62684552-2d14-4fa0-a8ac-9ab43a1e29b8: start LeaderElection
2019-09-26 13:21:25,340 [Thread-1507] INFO  impl.FollowerState (FollowerState.java:run(106)) - 7c6e08d0-8593-4f06-8d99-677ce7e140bf:group-2263A64E71D7 changes to CANDIDATE, lastRpcTime:5013, electionTimeout:5001ms
2019-09-26 13:21:25,340 [Thread-1507] INFO  impl.RoleInfo (RoleInfo.java:shutdownFollowerState(121)) - 7c6e08d0-8593-4f06-8d99-677ce7e140bf: shutdown FollowerState
2019-09-26 13:21:25,340 [Thread-1507] INFO  impl.RaftServerImpl (RaftServerImpl.java:setRole(174)) - 7c6e08d0-8593-4f06-8d99-677ce7e140bf@group-2263A64E71D7: changes role from  FOLLOWER to CANDIDATE at term 0 for changeToCandidate
2019-09-26 13:21:25,341 [Thread-1507] INFO  impl.RoleInfo (RoleInfo.java:updateAndGet(143)) - 7c6e08d0-8593-4f06-8d99-677ce7e140bf: start LeaderElection
2019-09-26 13:21:25,353 [62684552-2d14-4fa0-a8ac-9ab43a1e29b8@group-F27E462E12D5-SegmentedRaftLogWorker] INFO  segmented.SegmentedRaftLogWorker (SegmentedRaftLogWorker.java:execute(569)) - 62684552-2d14-4fa0-a8ac-9ab43a1e29b8@group-F27E462E12D5-SegmentedRaftLogWorker: created new log segment /workdir/hadoop-ozone/ozonefs/target/test-dir/MiniOzoneClusterImpl-2c717051-d98f-4757-bca5-e960ea56bcc7/datanode-2/data/ratis/cc6c18f9-9c4a-484f-b438-f27e462e12d5/current/log_inprogress_0
2019-09-26 13:21:25,353 [7c6e08d0-8593-4f06-8d99-677ce7e140bf@group-2263A64E71D7:LeaderElection83] INFO  impl.LeaderElection (LeaderElection.java:askForVotes(182)) - 7c6e08d0-8593-4f06-8d99-677ce7e140bf@group-2263A64E71D7:LeaderElection83: begin an election at term 1 for -1: [7c6e08d0-8593-4f06-8d99-677ce7e140bf:192.168.164.238:38697], old=null
2019-09-26 13:21:25,353 [62684552-2d14-4fa0-a8ac-9ab43a1e29b8@group-1469D711682F:LeaderElection82] INFO  impl.LeaderElection (LeaderElection.java:askForVotes(182)) - 62684552-2d14-4fa0-a8ac-9ab43a1e29b8@group-1469D711682F:LeaderElection82: begin an election at term 1 for -1: [62684552-2d14-4fa0-a8ac-9ab43a1e29b8:192.168.164.238:45794], old=null
2019-09-26 13:21:25,353 [7c6e08d0-8593-4f06-8d99-677ce7e140bf@group-2263A64E71D7:LeaderElection83] INFO  impl.RoleInfo (RoleInfo.java:shutdownLeaderElection(134)) - 7c6e08d0-8593-4f06-8d99-677ce7e140bf: shutdown LeaderElection
2019-09-26 13:21:25,353 [62684552-2d14-4fa0-a8ac-9ab43a1e29b8@group-1469D711682F:LeaderElection82] INFO  impl.RoleInfo (RoleInfo.java:shutdownLeaderElection(134)) - 62684552-2d14-4fa0-a8ac-9ab43a1e29b8: shutdown LeaderElection
2019-09-26 13:21:25,353 [7c6e08d0-8593-4f06-8d99-677ce7e140bf@group-2263A64E71D7:LeaderElection83] INFO  impl.RaftServerImpl (RaftServerImpl.java:setRole(174)) - 7c6e08d0-8593-4f06-8d99-677ce7e140bf@group-2263A64E71D7: changes role from CANDIDATE to LEADER at term 1 for changeToLeader
2019-09-26 13:21:25,354 [62684552-2d14-4fa0-a8ac-9ab43a1e29b8@group-1469D711682F:LeaderElection82] INFO  impl.RaftServerImpl (RaftServerImpl.java:setRole(174)) - 62684552-2d14-4fa0-a8ac-9ab43a1e29b8@group-1469D711682F: changes role from CANDIDATE to LEADER at term 1 for changeToLeader
2019-09-26 13:21:25,354 [7c6e08d0-8593-4f06-8d99-677ce7e140bf@group-2263A64E71D7:LeaderElection83] INFO  impl.RaftServerImpl (ServerState.java:setLeader(253)) - 7c6e08d0-8593-4f06-8d99-677ce7e140bf@group-2263A64E71D7: change Leader from null to 7c6e08d0-8593-4f06-8d99-677ce7e140bf at term 1 for becomeLeader, leader elected after 5033ms
2019-09-26 13:21:25,354 [62684552-2d14-4fa0-a8ac-9ab43a1e29b8@group-1469D711682F:LeaderElection82] INFO  impl.RaftServerImpl (ServerState.java:setLeader(253)) - 62684552-2d14-4fa0-a8ac-9ab43a1e29b8@group-1469D711682F: change Leader from null to 62684552-2d14-4fa0-a8ac-9ab43a1e29b8 at term 1 for becomeLeader, leader elected after 5122ms
2019-09-26 13:21:25,354 [7c6e08d0-8593-4f06-8d99-677ce7e140bf@group-2263A64E71D7:LeaderElection83] INFO  server.RaftServerConfigKeys (ConfUtils.java:logGet(43)) - raft.server.staging.catchup.gap = 1000 (default)
2019-09-26 13:21:25,354 [62684552-2d14-4fa0-a8ac-9ab43a1e29b8@group-1469D711682F:LeaderElection82] INFO  server.RaftServerConfigKeys (ConfUtils.java:logGet(43)) - raft.server.staging.catchup.gap = 1000 (default)
2019-09-26 13:21:25,354 [7c6e08d0-8593-4f06-8d99-677ce7e140bf@group-2263A64E71D7:LeaderElection83] INFO  server.RaftServerConfigKeys (ConfUtils.java:logGet(43)) - raft.server.rpc.sleep.time = 25ms (default)
2019-09-26 13:21:25,354 [62684552-2d14-4fa0-a8ac-9ab43a1e29b8@group-1469D711682F:LeaderElection82] INFO  server.RaftServerConfigKeys (ConfUtils.java:logGet(43)) - raft.server.rpc.sleep.time = 25ms (default)
2019-09-26 13:21:25,354 [7c6e08d0-8593-4f06-8d99-677ce7e140bf@group-2263A64E71D7:LeaderElection83] INFO  server.RaftServerConfigKeys (ConfUtils.java:logGet(43)) - raft.server.write.element-limit = 4096 (default)
2019-09-26 13:21:25,354 [62684552-2d14-4fa0-a8ac-9ab43a1e29b8@group-1469D711682F:LeaderElection82] INFO  server.RaftServerConfigKeys (ConfUtils.java:logGet(43)) - raft.server.write.element-limit = 4096 (default)
2019-09-26 13:21:25,354 [7c6e08d0-8593-4f06-8d99-677ce7e140bf@group-2263A64E71D7:LeaderElection83] INFO  server.RaftServerConfigKeys (ConfUtils.java:logGet(43)) - raft.server.watch.timeout = 10s (default)
2019-09-26 13:21:25,354 [62684552-2d14-4fa0-a8ac-9ab43a1e29b8@group-1469D711682F:LeaderElection82] INFO  server.RaftServerConfigKeys (ConfUtils.java:logGet(43)) - raft.server.watch.timeout = 10s (default)
2019-09-26 13:21:25,354 [7c6e08d0-8593-4f06-8d99-677ce7e140bf@group-2263A64E71D7:LeaderElection83] INFO  server.RaftServerConfigKeys (ConfUtils.java:logGet(43)) - raft.server.watch.timeout.denomination = 1s (default)
2019-09-26 13:21:25,355 [62684552-2d14-4fa0-a8ac-9ab43a1e29b8@group-1469D711682F:LeaderElection82] INFO  server.RaftServerConfigKeys (ConfUtils.java:logGet(43)) - raft.server.watch.timeout.denomination = 1s (default)
2019-09-26 13:21:25,355 [7c6e08d0-8593-4f06-8d99-677ce7e140bf@group-2263A64E71D7:LeaderElection83] INFO  server.RaftServerConfigKeys (ConfUtils.java:logGet(43)) - raft.server.watch.element-limit = 65536 (default)
2019-09-26 13:21:25,355 [62684552-2d14-4fa0-a8ac-9ab43a1e29b8@group-1469D711682F:LeaderElection82] INFO  server.RaftServerConfigKeys (ConfUtils.java:logGet(43)) - raft.server.watch.element-limit = 65536 (default)
2019-09-26 13:21:25,357 [7c6e08d0-8593-4f06-8d99-677ce7e140bf@group-2263A64E71D7:LeaderElection83] INFO  impl.RoleInfo (RoleInfo.java:updateAndGet(143)) - 7c6e08d0-8593-4f06-8d99-677ce7e140bf: start LeaderState
2019-09-26 13:21:25,357 [7c6e08d0-8593-4f06-8d99-677ce7e140bf@group-2263A64E71D7:LeaderElection83] INFO  segmented.SegmentedRaftLogWorker (SegmentedRaftLogWorker.java:startLogSegment(380)) - 7c6e08d0-8593-4f06-8d99-677ce7e140bf@group-2263A64E71D7-SegmentedRaftLogWorker: Starting segment from index:0
2019-09-26 13:21:25,357 [62684552-2d14-4fa0-a8ac-9ab43a1e29b8@group-1469D711682F:LeaderElection82] INFO  impl.RoleInfo (RoleInfo.java:updateAndGet(143)) - 62684552-2d14-4fa0-a8ac-9ab43a1e29b8: start LeaderState
2019-09-26 13:21:25,357 [62684552-2d14-4fa0-a8ac-9ab43a1e29b8@group-1469D711682F:LeaderElection82] INFO  segmented.SegmentedRaftLogWorker (SegmentedRaftLogWorker.java:startLogSegment(380)) - 62684552-2d14-4fa0-a8ac-9ab43a1e29b8@group-1469D711682F-SegmentedRaftLogWorker: Starting segment from index:0
2019-09-26 13:21:25,357 [7c6e08d0-8593-4f06-8d99-677ce7e140bf@group-2263A64E71D7:LeaderElection83] INFO  impl.RaftServerImpl (ServerState.java:setRaftConf(354)) - 7c6e08d0-8593-4f06-8d99-677ce7e140bf@group-2263A64E71D7: set configuration 0: [7c6e08d0-8593-4f06-8d99-677ce7e140bf:192.168.164.238:38697], old=null at 0
2019-09-26 13:21:25,358 [62684552-2d14-4fa0-a8ac-9ab43a1e29b8@group-1469D711682F:LeaderElection82] INFO  impl.RaftServerImpl (ServerState.java:setRaftConf(354)) - 62684552-2d14-4fa0-a8ac-9ab43a1e29b8@group-1469D711682F: set configuration 0: [62684552-2d14-4fa0-a8ac-9ab43a1e29b8:192.168.164.238:45794], old=null at 0
2019-09-26 13:21:25,387 [Thread-1498] INFO  impl.FollowerState (FollowerState.java:run(106)) - 8c369612-1079-4b1c-b5d4-8e378861e933:group-44C7415CFF4D changes to CANDIDATE, lastRpcTime:5194, electionTimeout:5194ms
2019-09-26 13:21:25,387 [Thread-1498] INFO  impl.RoleInfo (RoleInfo.java:shutdownFollowerState(121)) - 8c369612-1079-4b1c-b5d4-8e378861e933: shutdown FollowerState
2019-09-26 13:21:25,387 [Thread-1498] INFO  impl.RaftServerImpl (RaftServerImpl.java:setRole(174)) - 8c369612-1079-4b1c-b5d4-8e378861e933@group-44C7415CFF4D: changes role from  FOLLOWER to CANDIDATE at term 0 for changeToCandidate
2019-09-26 13:21:25,387 [Thread-1498] INFO  impl.RoleInfo (RoleInfo.java:updateAndGet(143)) - 8c369612-1079-4b1c-b5d4-8e378861e933: start LeaderElection
2019-09-26 13:21:25,412 [7c6e08d0-8593-4f06-8d99-677ce7e140bf@group-2263A64E71D7-SegmentedRaftLogWorker] INFO  segmented.SegmentedRaftLogWorker (SegmentedRaftLogWorker.java:execute(569)) - 7c6e08d0-8593-4f06-8d99-677ce7e140bf@group-2263A64E71D7-SegmentedRaftLogWorker: created new log segment /workdir/hadoop-ozone/ozonefs/target/test-dir/MiniOzoneClusterImpl-2c717051-d98f-4757-bca5-e960ea56bcc7/datanode-1/data/ratis/3cdfdf43-8c30-47af-b60a-2263a64e71d7/current/log_inprogress_0
2019-09-26 13:21:25,413 [8c369612-1079-4b1c-b5d4-8e378861e933@group-44C7415CFF4D:LeaderElection84] INFO  impl.LeaderElection (LeaderElection.java:askForVotes(182)) - 8c369612-1079-4b1c-b5d4-8e378861e933@group-44C7415CFF4D:LeaderElection84: begin an election at term 1 for -1: [8c369612-1079-4b1c-b5d4-8e378861e933:192.168.164.238:34192], old=null
2019-09-26 13:21:25,413 [62684552-2d14-4fa0-a8ac-9ab43a1e29b8@group-1469D711682F-SegmentedRaftLogWorker] INFO  segmented.SegmentedRaftLogWorker (SegmentedRaftLogWorker.java:execute(569)) - 62684552-2d14-4fa0-a8ac-9ab43a1e29b8@group-1469D711682F-SegmentedRaftLogWorker: created new log segment /workdir/hadoop-ozone/ozonefs/target/test-dir/MiniOzoneClusterImpl-2c717051-d98f-4757-bca5-e960ea56bcc7/datanode-2/data/ratis/e47d984e-798e-45a6-b946-1469d711682f/current/log_inprogress_0
2019-09-26 13:21:25,413 [8c369612-1079-4b1c-b5d4-8e378861e933@group-44C7415CFF4D:LeaderElection84] INFO  impl.RoleInfo (RoleInfo.java:shutdownLeaderElection(134)) - 8c369612-1079-4b1c-b5d4-8e378861e933: shutdown LeaderElection
2019-09-26 13:21:25,413 [8c369612-1079-4b1c-b5d4-8e378861e933@group-44C7415CFF4D:LeaderElection84] INFO  impl.RaftServerImpl (RaftServerImpl.java:setRole(174)) - 8c369612-1079-4b1c-b5d4-8e378861e933@group-44C7415CFF4D: changes role from CANDIDATE to LEADER at term 1 for changeToLeader
2019-09-26 13:21:25,413 [8c369612-1079-4b1c-b5d4-8e378861e933@group-44C7415CFF4D:LeaderElection84] INFO  impl.RaftServerImpl (ServerState.java:setLeader(253)) - 8c369612-1079-4b1c-b5d4-8e378861e933@group-44C7415CFF4D: change Leader from null to 8c369612-1079-4b1c-b5d4-8e378861e933 at term 1 for becomeLeader, leader elected after 5228ms
2019-09-26 13:21:25,413 [8c369612-1079-4b1c-b5d4-8e378861e933@group-44C7415CFF4D:LeaderElection84] INFO  server.RaftServerConfigKeys (ConfUtils.java:logGet(43)) - raft.server.staging.catchup.gap = 1000 (default)
2019-09-26 13:21:25,414 [8c369612-1079-4b1c-b5d4-8e378861e933@group-44C7415CFF4D:LeaderElection84] INFO  server.RaftServerConfigKeys (ConfUtils.java:logGet(43)) - raft.server.rpc.sleep.time = 25ms (default)
2019-09-26 13:21:25,414 [8c369612-1079-4b1c-b5d4-8e378861e933@group-44C7415CFF4D:LeaderElection84] INFO  server.RaftServerConfigKeys (ConfUtils.java:logGet(43)) - raft.server.write.element-limit = 4096 (default)
2019-09-26 13:21:25,414 [8c369612-1079-4b1c-b5d4-8e378861e933@group-44C7415CFF4D:LeaderElection84] INFO  server.RaftServerConfigKeys (ConfUtils.java:logGet(43)) - raft.server.watch.timeout = 10s (default)
2019-09-26 13:21:25,414 [8c369612-1079-4b1c-b5d4-8e378861e933@group-44C7415CFF4D:LeaderElection84] INFO  server.RaftServerConfigKeys (ConfUtils.java:logGet(43)) - raft.server.watch.timeout.denomination = 1s (default)
2019-09-26 13:21:25,414 [8c369612-1079-4b1c-b5d4-8e378861e933@group-44C7415CFF4D:LeaderElection84] INFO  server.RaftServerConfigKeys (ConfUtils.java:logGet(43)) - raft.server.watch.element-limit = 65536 (default)
2019-09-26 13:21:25,416 [8c369612-1079-4b1c-b5d4-8e378861e933@group-44C7415CFF4D:LeaderElection84] INFO  impl.RoleInfo (RoleInfo.java:updateAndGet(143)) - 8c369612-1079-4b1c-b5d4-8e378861e933: start LeaderState
2019-09-26 13:21:25,417 [8c369612-1079-4b1c-b5d4-8e378861e933@group-44C7415CFF4D:LeaderElection84] INFO  segmented.SegmentedRaftLogWorker (SegmentedRaftLogWorker.java:startLogSegment(380)) - 8c369612-1079-4b1c-b5d4-8e378861e933@group-44C7415CFF4D-SegmentedRaftLogWorker: Starting segment from index:0
2019-09-26 13:21:25,417 [8c369612-1079-4b1c-b5d4-8e378861e933@group-44C7415CFF4D:LeaderElection84] INFO  impl.RaftServerImpl (ServerState.java:setRaftConf(354)) - 8c369612-1079-4b1c-b5d4-8e378861e933@group-44C7415CFF4D: set configuration 0: [8c369612-1079-4b1c-b5d4-8e378861e933:192.168.164.238:34192], old=null at 0
2019-09-26 13:21:25,467 [8c369612-1079-4b1c-b5d4-8e378861e933@group-44C7415CFF4D-SegmentedRaftLogWorker] INFO  segmented.SegmentedRaftLogWorker (SegmentedRaftLogWorker.java:execute(569)) - 8c369612-1079-4b1c-b5d4-8e378861e933@group-44C7415CFF4D-SegmentedRaftLogWorker: created new log segment /workdir/hadoop-ozone/ozonefs/target/test-dir/MiniOzoneClusterImpl-2c717051-d98f-4757-bca5-e960ea56bcc7/datanode-0/data/ratis/9298e8bc-ad2d-46bd-90fe-44c7415cff4d/current/log_inprogress_0
2019-09-26 13:21:25,507 [Thread-1510] INFO  impl.FollowerState (FollowerState.java:run(106)) - 7c6e08d0-8593-4f06-8d99-677ce7e140bf:group-3C417C58D99A changes to CANDIDATE, lastRpcTime:5134, electionTimeout:5134ms
2019-09-26 13:21:25,507 [Thread-1510] INFO  impl.RoleInfo (RoleInfo.java:shutdownFollowerState(121)) - 7c6e08d0-8593-4f06-8d99-677ce7e140bf: shutdown FollowerState
2019-09-26 13:21:25,507 [Thread-1510] INFO  impl.RaftServerImpl (RaftServerImpl.java:setRole(174)) - 7c6e08d0-8593-4f06-8d99-677ce7e140bf@group-3C417C58D99A: changes role from  FOLLOWER to CANDIDATE at term 0 for changeToCandidate
2019-09-26 13:21:25,507 [Thread-1510] INFO  impl.RoleInfo (RoleInfo.java:updateAndGet(143)) - 7c6e08d0-8593-4f06-8d99-677ce7e140bf: start LeaderElection
2019-09-26 13:21:25,525 [7c6e08d0-8593-4f06-8d99-677ce7e140bf@group-3C417C58D99A:LeaderElection85] INFO  impl.LeaderElection (LeaderElection.java:askForVotes(182)) - 7c6e08d0-8593-4f06-8d99-677ce7e140bf@group-3C417C58D99A:LeaderElection85: begin an election at term 1 for -1: [7c6e08d0-8593-4f06-8d99-677ce7e140bf:192.168.164.238:38697], old=null
2019-09-26 13:21:25,525 [7c6e08d0-8593-4f06-8d99-677ce7e140bf@group-3C417C58D99A:LeaderElection85] INFO  impl.RoleInfo (RoleInfo.java:shutdownLeaderElection(134)) - 7c6e08d0-8593-4f06-8d99-677ce7e140bf: shutdown LeaderElection
2019-09-26 13:21:25,525 [7c6e08d0-8593-4f06-8d99-677ce7e140bf@group-3C417C58D99A:LeaderElection85] INFO  impl.RaftServerImpl (RaftServerImpl.java:setRole(174)) - 7c6e08d0-8593-4f06-8d99-677ce7e140bf@group-3C417C58D99A: changes role from CANDIDATE to LEADER at term 1 for changeToLeader
2019-09-26 13:21:25,525 [7c6e08d0-8593-4f06-8d99-677ce7e140bf@group-3C417C58D99A:LeaderElection85] INFO  impl.RaftServerImpl (ServerState.java:setLeader(253)) - 7c6e08d0-8593-4f06-8d99-677ce7e140bf@group-3C417C58D99A: change Leader from null to 7c6e08d0-8593-4f06-8d99-677ce7e140bf at term 1 for becomeLeader, leader elected after 5159ms
2019-09-26 13:21:25,525 [7c6e08d0-8593-4f06-8d99-677ce7e140bf@group-3C417C58D99A:LeaderElection85] INFO  server.RaftServerConfigKeys (ConfUtils.java:logGet(43)) - raft.server.staging.catchup.gap = 1000 (default)
2019-09-26 13:21:25,525 [7c6e08d0-8593-4f06-8d99-677ce7e140bf@group-3C417C58D99A:LeaderElection85] INFO  server.RaftServerConfigKeys (ConfUtils.java:logGet(43)) - raft.server.rpc.sleep.time = 25ms (default)
2019-09-26 13:21:25,525 [7c6e08d0-8593-4f06-8d99-677ce7e140bf@group-3C417C58D99A:LeaderElection85] INFO  server.RaftServerConfigKeys (ConfUtils.java:logGet(43)) - raft.server.write.element-limit = 4096 (default)
2019-09-26 13:21:25,526 [7c6e08d0-8593-4f06-8d99-677ce7e140bf@group-3C417C58D99A:LeaderElection85] INFO  server.RaftServerConfigKeys (ConfUtils.java:logGet(43)) - raft.server.watch.timeout = 10s (default)
2019-09-26 13:21:25,526 [7c6e08d0-8593-4f06-8d99-677ce7e140bf@group-3C417C58D99A:LeaderElection85] INFO  server.RaftServerConfigKeys (ConfUtils.java:logGet(43)) - raft.server.watch.timeout.denomination = 1s (default)
2019-09-26 13:21:25,526 [7c6e08d0-8593-4f06-8d99-677ce7e140bf@group-3C417C58D99A:LeaderElection85] INFO  server.RaftServerConfigKeys (ConfUtils.java:logGet(43)) - raft.server.watch.element-limit = 65536 (default)
2019-09-26 13:21:25,528 [7c6e08d0-8593-4f06-8d99-677ce7e140bf@group-3C417C58D99A:LeaderElection85] INFO  impl.RoleInfo (RoleInfo.java:updateAndGet(143)) - 7c6e08d0-8593-4f06-8d99-677ce7e140bf: start LeaderState
2019-09-26 13:21:25,528 [7c6e08d0-8593-4f06-8d99-677ce7e140bf@group-3C417C58D99A:LeaderElection85] INFO  segmented.SegmentedRaftLogWorker (SegmentedRaftLogWorker.java:startLogSegment(380)) - 7c6e08d0-8593-4f06-8d99-677ce7e140bf@group-3C417C58D99A-SegmentedRaftLogWorker: Starting segment from index:0
2019-09-26 13:21:25,528 [7c6e08d0-8593-4f06-8d99-677ce7e140bf@group-3C417C58D99A:LeaderElection85] INFO  impl.RaftServerImpl (ServerState.java:setRaftConf(354)) - 7c6e08d0-8593-4f06-8d99-677ce7e140bf@group-3C417C58D99A: set configuration 0: [7c6e08d0-8593-4f06-8d99-677ce7e140bf:192.168.164.238:38697], old=null at 0
2019-09-26 13:21:25,563 [Thread-1519] INFO  impl.FollowerState (FollowerState.java:run(106)) - 62684552-2d14-4fa0-a8ac-9ab43a1e29b8:group-5710EEAEDE3A changes to CANDIDATE, lastRpcTime:5053, electionTimeout:5053ms
2019-09-26 13:21:25,563 [Thread-1519] INFO  impl.RoleInfo (RoleInfo.java:shutdownFollowerState(121)) - 62684552-2d14-4fa0-a8ac-9ab43a1e29b8: shutdown FollowerState
2019-09-26 13:21:25,563 [Thread-1519] INFO  impl.RaftServerImpl (RaftServerImpl.java:setRole(174)) - 62684552-2d14-4fa0-a8ac-9ab43a1e29b8@group-5710EEAEDE3A: changes role from  FOLLOWER to CANDIDATE at term 0 for changeToCandidate
2019-09-26 13:21:25,563 [Thread-1519] INFO  impl.RoleInfo (RoleInfo.java:updateAndGet(143)) - 62684552-2d14-4fa0-a8ac-9ab43a1e29b8: start LeaderElection
2019-09-26 13:21:25,583 [7c6e08d0-8593-4f06-8d99-677ce7e140bf@group-3C417C58D99A-SegmentedRaftLogWorker] INFO  segmented.SegmentedRaftLogWorker (SegmentedRaftLogWorker.java:execute(569)) - 7c6e08d0-8593-4f06-8d99-677ce7e140bf@group-3C417C58D99A-SegmentedRaftLogWorker: created new log segment /workdir/hadoop-ozone/ozonefs/target/test-dir/MiniOzoneClusterImpl-2c717051-d98f-4757-bca5-e960ea56bcc7/datanode-1/data/ratis/1b416fa4-bf17-4d92-86a5-3c417c58d99a/current/log_inprogress_0
2019-09-26 13:21:25,584 [62684552-2d14-4fa0-a8ac-9ab43a1e29b8@group-5710EEAEDE3A:LeaderElection86] INFO  impl.LeaderElection (LeaderElection.java:askForVotes(182)) - 62684552-2d14-4fa0-a8ac-9ab43a1e29b8@group-5710EEAEDE3A:LeaderElection86: begin an election at term 1 for -1: [62684552-2d14-4fa0-a8ac-9ab43a1e29b8:192.168.164.238:45794], old=null
2019-09-26 13:21:25,584 [62684552-2d14-4fa0-a8ac-9ab43a1e29b8@group-5710EEAEDE3A:LeaderElection86] INFO  impl.RoleInfo (RoleInfo.java:shutdownLeaderElection(134)) - 62684552-2d14-4fa0-a8ac-9ab43a1e29b8: shutdown LeaderElection
2019-09-26 13:21:25,584 [62684552-2d14-4fa0-a8ac-9ab43a1e29b8@group-5710EEAEDE3A:LeaderElection86] INFO  impl.RaftServerImpl (RaftServerImpl.java:setRole(174)) - 62684552-2d14-4fa0-a8ac-9ab43a1e29b8@group-5710EEAEDE3A: changes role from CANDIDATE to LEADER at term 1 for changeToLeader
2019-09-26 13:21:25,584 [62684552-2d14-4fa0-a8ac-9ab43a1e29b8@group-5710EEAEDE3A:LeaderElection86] INFO  impl.RaftServerImpl (ServerState.java:setLeader(253)) - 62684552-2d14-4fa0-a8ac-9ab43a1e29b8@group-5710EEAEDE3A: change Leader from null to 62684552-2d14-4fa0-a8ac-9ab43a1e29b8 at term 1 for becomeLeader, leader elected after 5081ms
2019-09-26 13:21:25,584 [62684552-2d14-4fa0-a8ac-9ab43a1e29b8@group-5710EEAEDE3A:LeaderElection86] INFO  server.RaftServerConfigKeys (ConfUtils.java:logGet(43)) - raft.server.staging.catchup.gap = 1000 (default)
2019-09-26 13:21:25,584 [62684552-2d14-4fa0-a8ac-9ab43a1e29b8@group-5710EEAEDE3A:LeaderElection86] INFO  server.RaftServerConfigKeys (ConfUtils.java:logGet(43)) - raft.server.rpc.sleep.time = 25ms (default)
2019-09-26 13:21:25,585 [62684552-2d14-4fa0-a8ac-9ab43a1e29b8@group-5710EEAEDE3A:LeaderElection86] INFO  server.RaftServerConfigKeys (ConfUtils.java:logGet(43)) - raft.server.write.element-limit = 4096 (default)
2019-09-26 13:21:25,585 [62684552-2d14-4fa0-a8ac-9ab43a1e29b8@group-5710EEAEDE3A:LeaderElection86] INFO  server.RaftServerConfigKeys (ConfUtils.java:logGet(43)) - raft.server.watch.timeout = 10s (default)
2019-09-26 13:21:25,585 [62684552-2d14-4fa0-a8ac-9ab43a1e29b8@group-5710EEAEDE3A:LeaderElection86] INFO  server.RaftServerConfigKeys (ConfUtils.java:logGet(43)) - raft.server.watch.timeout.denomination = 1s (default)
2019-09-26 13:21:25,585 [62684552-2d14-4fa0-a8ac-9ab43a1e29b8@group-5710EEAEDE3A:LeaderElection86] INFO  server.RaftServerConfigKeys (ConfUtils.java:logGet(43)) - raft.server.watch.element-limit = 65536 (default)
2019-09-26 13:21:25,587 [62684552-2d14-4fa0-a8ac-9ab43a1e29b8@group-5710EEAEDE3A:LeaderElection86] INFO  impl.RoleInfo (RoleInfo.java:updateAndGet(143)) - 62684552-2d14-4fa0-a8ac-9ab43a1e29b8: start LeaderState
2019-09-26 13:21:25,587 [62684552-2d14-4fa0-a8ac-9ab43a1e29b8@group-5710EEAEDE3A:LeaderElection86] INFO  segmented.SegmentedRaftLogWorker (SegmentedRaftLogWorker.java:startLogSegment(380)) - 62684552-2d14-4fa0-a8ac-9ab43a1e29b8@group-5710EEAEDE3A-SegmentedRaftLogWorker: Starting segment from index:0
2019-09-26 13:21:25,588 [62684552-2d14-4fa0-a8ac-9ab43a1e29b8@group-5710EEAEDE3A:LeaderElection86] INFO  impl.RaftServerImpl (ServerState.java:setRaftConf(354)) - 62684552-2d14-4fa0-a8ac-9ab43a1e29b8@group-5710EEAEDE3A: set configuration 0: [62684552-2d14-4fa0-a8ac-9ab43a1e29b8:192.168.164.238:45794], old=null at 0
2019-09-26 13:21:25,616 [Thread-1513] INFO  impl.FollowerState (FollowerState.java:run(106)) - 7c6e08d0-8593-4f06-8d99-677ce7e140bf:group-374BB4086926 changes to CANDIDATE, lastRpcTime:5197, electionTimeout:5197ms
2019-09-26 13:21:25,616 [Thread-1513] INFO  impl.RoleInfo (RoleInfo.java:shutdownFollowerState(121)) - 7c6e08d0-8593-4f06-8d99-677ce7e140bf: shutdown FollowerState
2019-09-26 13:21:25,616 [Thread-1513] INFO  impl.RaftServerImpl (RaftServerImpl.java:setRole(174)) - 7c6e08d0-8593-4f06-8d99-677ce7e140bf@group-374BB4086926: changes role from  FOLLOWER to CANDIDATE at term 0 for changeToCandidate
2019-09-26 13:21:25,616 [Thread-1513] INFO  impl.RoleInfo (RoleInfo.java:updateAndGet(143)) - 7c6e08d0-8593-4f06-8d99-677ce7e140bf: start LeaderElection
2019-09-26 13:21:25,623 [Thread-1522] INFO  impl.FollowerState (FollowerState.java:run(106)) - 62684552-2d14-4fa0-a8ac-9ab43a1e29b8:group-1D7D20715D94 changes to CANDIDATE, lastRpcTime:5063, electionTimeout:5058ms
2019-09-26 13:21:25,623 [Thread-1522] INFO  impl.RoleInfo (RoleInfo.java:shutdownFollowerState(121)) - 62684552-2d14-4fa0-a8ac-9ab43a1e29b8: shutdown FollowerState
2019-09-26 13:21:25,623 [Thread-1522] INFO  impl.RaftServerImpl (RaftServerImpl.java:setRole(174)) - 62684552-2d14-4fa0-a8ac-9ab43a1e29b8@group-1D7D20715D94: changes role from  FOLLOWER to CANDIDATE at term 0 for changeToCandidate
2019-09-26 13:21:25,623 [Thread-1522] INFO  impl.RoleInfo (RoleInfo.java:updateAndGet(143)) - 62684552-2d14-4fa0-a8ac-9ab43a1e29b8: start LeaderElection
2019-09-26 13:21:25,634 [62684552-2d14-4fa0-a8ac-9ab43a1e29b8@group-5710EEAEDE3A-SegmentedRaftLogWorker] INFO  segmented.SegmentedRaftLogWorker (SegmentedRaftLogWorker.java:execute(569)) - 62684552-2d14-4fa0-a8ac-9ab43a1e29b8@group-5710EEAEDE3A-SegmentedRaftLogWorker: created new log segment /workdir/hadoop-ozone/ozonefs/target/test-dir/MiniOzoneClusterImpl-2c717051-d98f-4757-bca5-e960ea56bcc7/datanode-2/data/ratis/5af39ff8-1891-4977-b142-5710eeaede3a/current/log_inprogress_0
2019-09-26 13:21:25,634 [62684552-2d14-4fa0-a8ac-9ab43a1e29b8@group-1D7D20715D94:LeaderElection88] INFO  impl.LeaderElection (LeaderElection.java:askForVotes(182)) - 62684552-2d14-4fa0-a8ac-9ab43a1e29b8@group-1D7D20715D94:LeaderElection88: begin an election at term 1 for -1: [62684552-2d14-4fa0-a8ac-9ab43a1e29b8:192.168.164.238:45794], old=null
2019-09-26 13:21:25,634 [7c6e08d0-8593-4f06-8d99-677ce7e140bf@group-374BB4086926:LeaderElection87] INFO  impl.LeaderElection (LeaderElection.java:askForVotes(182)) - 7c6e08d0-8593-4f06-8d99-677ce7e140bf@group-374BB4086926:LeaderElection87: begin an election at term 1 for -1: [7c6e08d0-8593-4f06-8d99-677ce7e140bf:192.168.164.238:38697], old=null
2019-09-26 13:21:25,635 [62684552-2d14-4fa0-a8ac-9ab43a1e29b8@group-1D7D20715D94:LeaderElection88] INFO  impl.RoleInfo (RoleInfo.java:shutdownLeaderElection(134)) - 62684552-2d14-4fa0-a8ac-9ab43a1e29b8: shutdown LeaderElection
2019-09-26 13:21:25,635 [7c6e08d0-8593-4f06-8d99-677ce7e140bf@group-374BB4086926:LeaderElection87] INFO  impl.RoleInfo (RoleInfo.java:shutdownLeaderElection(134)) - 7c6e08d0-8593-4f06-8d99-677ce7e140bf: shutdown LeaderElection
2019-09-26 13:21:25,635 [62684552-2d14-4fa0-a8ac-9ab43a1e29b8@group-1D7D20715D94:LeaderElection88] INFO  impl.RaftServerImpl (RaftServerImpl.java:setRole(174)) - 62684552-2d14-4fa0-a8ac-9ab43a1e29b8@group-1D7D20715D94: changes role from CANDIDATE to LEADER at term 1 for changeToLeader
2019-09-26 13:21:25,635 [7c6e08d0-8593-4f06-8d99-677ce7e140bf@group-374BB4086926:LeaderElection87] INFO  impl.RaftServerImpl (RaftServerImpl.java:setRole(174)) - 7c6e08d0-8593-4f06-8d99-677ce7e140bf@group-374BB4086926: changes role from CANDIDATE to LEADER at term 1 for changeToLeader
2019-09-26 13:21:25,635 [62684552-2d14-4fa0-a8ac-9ab43a1e29b8@group-1D7D20715D94:LeaderElection88] INFO  impl.RaftServerImpl (ServerState.java:setLeader(253)) - 62684552-2d14-4fa0-a8ac-9ab43a1e29b8@group-1D7D20715D94: change Leader from null to 62684552-2d14-4fa0-a8ac-9ab43a1e29b8 at term 1 for becomeLeader, leader elected after 5082ms
2019-09-26 13:21:25,635 [7c6e08d0-8593-4f06-8d99-677ce7e140bf@group-374BB4086926:LeaderElection87] INFO  impl.RaftServerImpl (ServerState.java:setLeader(253)) - 7c6e08d0-8593-4f06-8d99-677ce7e140bf@group-374BB4086926: change Leader from null to 7c6e08d0-8593-4f06-8d99-677ce7e140bf at term 1 for becomeLeader, leader elected after 5223ms
2019-09-26 13:21:25,635 [62684552-2d14-4fa0-a8ac-9ab43a1e29b8@group-1D7D20715D94:LeaderElection88] INFO  server.RaftServerConfigKeys (ConfUtils.java:logGet(43)) - raft.server.staging.catchup.gap = 1000 (default)
2019-09-26 13:21:25,635 [7c6e08d0-8593-4f06-8d99-677ce7e140bf@group-374BB4086926:LeaderElection87] INFO  server.RaftServerConfigKeys (ConfUtils.java:logGet(43)) - raft.server.staging.catchup.gap = 1000 (default)
2019-09-26 13:21:25,635 [62684552-2d14-4fa0-a8ac-9ab43a1e29b8@group-1D7D20715D94:LeaderElection88] INFO  server.RaftServerConfigKeys (ConfUtils.java:logGet(43)) - raft.server.rpc.sleep.time = 25ms (default)
2019-09-26 13:21:25,635 [7c6e08d0-8593-4f06-8d99-677ce7e140bf@group-374BB4086926:LeaderElection87] INFO  server.RaftServerConfigKeys (ConfUtils.java:logGet(43)) - raft.server.rpc.sleep.time = 25ms (default)
2019-09-26 13:21:25,635 [62684552-2d14-4fa0-a8ac-9ab43a1e29b8@group-1D7D20715D94:LeaderElection88] INFO  server.RaftServerConfigKeys (ConfUtils.java:logGet(43)) - raft.server.write.element-limit = 4096 (default)
2019-09-26 13:21:25,635 [7c6e08d0-8593-4f06-8d99-677ce7e140bf@group-374BB4086926:LeaderElection87] INFO  server.RaftServerConfigKeys (ConfUtils.java:logGet(43)) - raft.server.write.element-limit = 4096 (default)
2019-09-26 13:21:25,636 [62684552-2d14-4fa0-a8ac-9ab43a1e29b8@group-1D7D20715D94:LeaderElection88] INFO  server.RaftServerConfigKeys (ConfUtils.java:logGet(43)) - raft.server.watch.timeout = 10s (default)
2019-09-26 13:21:25,636 [7c6e08d0-8593-4f06-8d99-677ce7e140bf@group-374BB4086926:LeaderElection87] INFO  server.RaftServerConfigKeys (ConfUtils.java:logGet(43)) - raft.server.watch.timeout = 10s (default)
2019-09-26 13:21:25,636 [62684552-2d14-4fa0-a8ac-9ab43a1e29b8@group-1D7D20715D94:LeaderElection88] INFO  server.RaftServerConfigKeys (ConfUtils.java:logGet(43)) - raft.server.watch.timeout.denomination = 1s (default)
2019-09-26 13:21:25,636 [7c6e08d0-8593-4f06-8d99-677ce7e140bf@group-374BB4086926:LeaderElection87] INFO  server.RaftServerConfigKeys (ConfUtils.java:logGet(43)) - raft.server.watch.timeout.denomination = 1s (default)
2019-09-26 13:21:25,636 [62684552-2d14-4fa0-a8ac-9ab43a1e29b8@group-1D7D20715D94:LeaderElection88] INFO  server.RaftServerConfigKeys (ConfUtils.java:logGet(43)) - raft.server.watch.element-limit = 65536 (default)
2019-09-26 13:21:25,636 [7c6e08d0-8593-4f06-8d99-677ce7e140bf@group-374BB4086926:LeaderElection87] INFO  server.RaftServerConfigKeys (ConfUtils.java:logGet(43)) - raft.server.watch.element-limit = 65536 (default)
2019-09-26 13:21:25,638 [62684552-2d14-4fa0-a8ac-9ab43a1e29b8@group-1D7D20715D94:LeaderElection88] INFO  impl.RoleInfo (RoleInfo.java:updateAndGet(143)) - 62684552-2d14-4fa0-a8ac-9ab43a1e29b8: start LeaderState
2019-09-26 13:21:25,638 [7c6e08d0-8593-4f06-8d99-677ce7e140bf@group-374BB4086926:LeaderElection87] INFO  impl.RoleInfo (RoleInfo.java:updateAndGet(143)) - 7c6e08d0-8593-4f06-8d99-677ce7e140bf: start LeaderState
2019-09-26 13:21:25,638 [62684552-2d14-4fa0-a8ac-9ab43a1e29b8@group-1D7D20715D94:LeaderElection88] INFO  segmented.SegmentedRaftLogWorker (SegmentedRaftLogWorker.java:startLogSegment(380)) - 62684552-2d14-4fa0-a8ac-9ab43a1e29b8@group-1D7D20715D94-SegmentedRaftLogWorker: Starting segment from index:0
2019-09-26 13:21:25,638 [7c6e08d0-8593-4f06-8d99-677ce7e140bf@group-374BB4086926:LeaderElection87] INFO  segmented.SegmentedRaftLogWorker (SegmentedRaftLogWorker.java:startLogSegment(380)) - 7c6e08d0-8593-4f06-8d99-677ce7e140bf@group-374BB4086926-SegmentedRaftLogWorker: Starting segment from index:0
2019-09-26 13:21:25,639 [62684552-2d14-4fa0-a8ac-9ab43a1e29b8@group-1D7D20715D94:LeaderElection88] INFO  impl.RaftServerImpl (ServerState.java:setRaftConf(354)) - 62684552-2d14-4fa0-a8ac-9ab43a1e29b8@group-1D7D20715D94: set configuration 0: [62684552-2d14-4fa0-a8ac-9ab43a1e29b8:192.168.164.238:45794], old=null at 0
2019-09-26 13:21:25,639 [7c6e08d0-8593-4f06-8d99-677ce7e140bf@group-374BB4086926:LeaderElection87] INFO  impl.RaftServerImpl (ServerState.java:setRaftConf(354)) - 7c6e08d0-8593-4f06-8d99-677ce7e140bf@group-374BB4086926: set configuration 0: [7c6e08d0-8593-4f06-8d99-677ce7e140bf:192.168.164.238:38697], old=null at 0
2019-09-26 13:21:25,652 [Thread-1516] INFO  impl.FollowerState (FollowerState.java:run(106)) - 7c6e08d0-8593-4f06-8d99-677ce7e140bf:group-450998A78B4C changes to CANDIDATE, lastRpcTime:5190, electionTimeout:5190ms
2019-09-26 13:21:25,652 [Thread-1516] INFO  impl.RoleInfo (RoleInfo.java:shutdownFollowerState(121)) - 7c6e08d0-8593-4f06-8d99-677ce7e140bf: shutdown FollowerState
2019-09-26 13:21:25,652 [Thread-1516] INFO  impl.RaftServerImpl (RaftServerImpl.java:setRole(174)) - 7c6e08d0-8593-4f06-8d99-677ce7e140bf@group-450998A78B4C: changes role from  FOLLOWER to CANDIDATE at term 0 for changeToCandidate
2019-09-26 13:21:25,652 [Thread-1516] INFO  impl.RoleInfo (RoleInfo.java:updateAndGet(143)) - 7c6e08d0-8593-4f06-8d99-677ce7e140bf: start LeaderElection
2019-09-26 13:21:25,680 [Thread-1525] INFO  impl.FollowerState (FollowerState.java:run(106)) - 62684552-2d14-4fa0-a8ac-9ab43a1e29b8:group-3737B0526B85 changes to CANDIDATE, lastRpcTime:5076, electionTimeout:5063ms
2019-09-26 13:21:25,681 [Thread-1525] INFO  impl.RoleInfo (RoleInfo.java:shutdownFollowerState(121)) - 62684552-2d14-4fa0-a8ac-9ab43a1e29b8: shutdown FollowerState
2019-09-26 13:21:25,681 [Thread-1525] INFO  impl.RaftServerImpl (RaftServerImpl.java:setRole(174)) - 62684552-2d14-4fa0-a8ac-9ab43a1e29b8@group-3737B0526B85: changes role from  FOLLOWER to CANDIDATE at term 0 for changeToCandidate
2019-09-26 13:21:25,681 [Thread-1525] INFO  impl.RoleInfo (RoleInfo.java:updateAndGet(143)) - 62684552-2d14-4fa0-a8ac-9ab43a1e29b8: start LeaderElection
2019-09-26 13:21:25,694 [7c6e08d0-8593-4f06-8d99-677ce7e140bf@group-374BB4086926-SegmentedRaftLogWorker] INFO  segmented.SegmentedRaftLogWorker (SegmentedRaftLogWorker.java:execute(569)) - 7c6e08d0-8593-4f06-8d99-677ce7e140bf@group-374BB4086926-SegmentedRaftLogWorker: created new log segment /workdir/hadoop-ozone/ozonefs/target/test-dir/MiniOzoneClusterImpl-2c717051-d98f-4757-bca5-e960ea56bcc7/datanode-1/data/ratis/7ded1c04-9340-4417-b8c6-374bb4086926/current/log_inprogress_0
2019-09-26 13:21:25,694 [7c6e08d0-8593-4f06-8d99-677ce7e140bf@group-450998A78B4C:LeaderElection89] INFO  impl.LeaderElection (LeaderElection.java:askForVotes(182)) - 7c6e08d0-8593-4f06-8d99-677ce7e140bf@group-450998A78B4C:LeaderElection89: begin an election at term 1 for -1: [7c6e08d0-8593-4f06-8d99-677ce7e140bf:192.168.164.238:38697], old=null
2019-09-26 13:21:25,694 [62684552-2d14-4fa0-a8ac-9ab43a1e29b8@group-3737B0526B85:LeaderElection90] INFO  impl.LeaderElection (LeaderElection.java:askForVotes(182)) - 62684552-2d14-4fa0-a8ac-9ab43a1e29b8@group-3737B0526B85:LeaderElection90: begin an election at term 1 for -1: [62684552-2d14-4fa0-a8ac-9ab43a1e29b8:192.168.164.238:45794], old=null
2019-09-26 13:21:25,694 [62684552-2d14-4fa0-a8ac-9ab43a1e29b8@group-1D7D20715D94-SegmentedRaftLogWorker] INFO  segmented.SegmentedRaftLogWorker (SegmentedRaftLogWorker.java:execute(569)) - 62684552-2d14-4fa0-a8ac-9ab43a1e29b8@group-1D7D20715D94-SegmentedRaftLogWorker: created new log segment /workdir/hadoop-ozone/ozonefs/target/test-dir/MiniOzoneClusterImpl-2c717051-d98f-4757-bca5-e960ea56bcc7/datanode-2/data/ratis/2a3808e3-7307-4f0b-a13a-1d7d20715d94/current/log_inprogress_0
2019-09-26 13:21:25,694 [62684552-2d14-4fa0-a8ac-9ab43a1e29b8@group-3737B0526B85:LeaderElection90] INFO  impl.RoleInfo (RoleInfo.java:shutdownLeaderElection(134)) - 62684552-2d14-4fa0-a8ac-9ab43a1e29b8: shutdown LeaderElection
2019-09-26 13:21:25,694 [7c6e08d0-8593-4f06-8d99-677ce7e140bf@group-450998A78B4C:LeaderElection89] INFO  impl.RoleInfo (RoleInfo.java:shutdownLeaderElection(134)) - 7c6e08d0-8593-4f06-8d99-677ce7e140bf: shutdown LeaderElection
2019-09-26 13:21:25,694 [62684552-2d14-4fa0-a8ac-9ab43a1e29b8@group-3737B0526B85:LeaderElection90] INFO  impl.RaftServerImpl (RaftServerImpl.java:setRole(174)) - 62684552-2d14-4fa0-a8ac-9ab43a1e29b8@group-3737B0526B85: changes role from CANDIDATE to LEADER at term 1 for changeToLeader
2019-09-26 13:21:25,694 [7c6e08d0-8593-4f06-8d99-677ce7e140bf@group-450998A78B4C:LeaderElection89] INFO  impl.RaftServerImpl (RaftServerImpl.java:setRole(174)) - 7c6e08d0-8593-4f06-8d99-677ce7e140bf@group-450998A78B4C: changes role from CANDIDATE to LEADER at term 1 for changeToLeader
2019-09-26 13:21:25,694 [62684552-2d14-4fa0-a8ac-9ab43a1e29b8@group-3737B0526B85:LeaderElection90] INFO  impl.RaftServerImpl (ServerState.java:setLeader(253)) - 62684552-2d14-4fa0-a8ac-9ab43a1e29b8@group-3737B0526B85: change Leader from null to 62684552-2d14-4fa0-a8ac-9ab43a1e29b8 at term 1 for becomeLeader, leader elected after 5095ms
2019-09-26 13:21:25,694 [7c6e08d0-8593-4f06-8d99-677ce7e140bf@group-450998A78B4C:LeaderElection89] INFO  impl.RaftServerImpl (ServerState.java:setLeader(253)) - 7c6e08d0-8593-4f06-8d99-677ce7e140bf@group-450998A78B4C: change Leader from null to 7c6e08d0-8593-4f06-8d99-677ce7e140bf at term 1 for becomeLeader, leader elected after 5238ms
2019-09-26 13:21:25,695 [62684552-2d14-4fa0-a8ac-9ab43a1e29b8@group-3737B0526B85:LeaderElection90] INFO  server.RaftServerConfigKeys (ConfUtils.java:logGet(43)) - raft.server.staging.catchup.gap = 1000 (default)
2019-09-26 13:21:25,695 [7c6e08d0-8593-4f06-8d99-677ce7e140bf@group-450998A78B4C:LeaderElection89] INFO  server.RaftServerConfigKeys (ConfUtils.java:logGet(43)) - raft.server.staging.catchup.gap = 1000 (default)
2019-09-26 13:21:25,695 [62684552-2d14-4fa0-a8ac-9ab43a1e29b8@group-3737B0526B85:LeaderElection90] INFO  server.RaftServerConfigKeys (ConfUtils.java:logGet(43)) - raft.server.rpc.sleep.time = 25ms (default)
2019-09-26 13:21:25,695 [7c6e08d0-8593-4f06-8d99-677ce7e140bf@group-450998A78B4C:LeaderElection89] INFO  server.RaftServerConfigKeys (ConfUtils.java:logGet(43)) - raft.server.rpc.sleep.time = 25ms (default)
2019-09-26 13:21:25,695 [62684552-2d14-4fa0-a8ac-9ab43a1e29b8@group-3737B0526B85:LeaderElection90] INFO  server.RaftServerConfigKeys (ConfUtils.java:logGet(43)) - raft.server.write.element-limit = 4096 (default)
2019-09-26 13:21:25,695 [7c6e08d0-8593-4f06-8d99-677ce7e140bf@group-450998A78B4C:LeaderElection89] INFO  server.RaftServerConfigKeys (ConfUtils.java:logGet(43)) - raft.server.write.element-limit = 4096 (default)
2019-09-26 13:21:25,695 [62684552-2d14-4fa0-a8ac-9ab43a1e29b8@group-3737B0526B85:LeaderElection90] INFO  server.RaftServerConfigKeys (ConfUtils.java:logGet(43)) - raft.server.watch.timeout = 10s (default)
2019-09-26 13:21:25,696 [7c6e08d0-8593-4f06-8d99-677ce7e140bf@group-450998A78B4C:LeaderElection89] INFO  server.RaftServerConfigKeys (ConfUtils.java:logGet(43)) - raft.server.watch.timeout = 10s (default)
2019-09-26 13:21:25,696 [62684552-2d14-4fa0-a8ac-9ab43a1e29b8@group-3737B0526B85:LeaderElection90] INFO  server.RaftServerConfigKeys (ConfUtils.java:logGet(43)) - raft.server.watch.timeout.denomination = 1s (default)
2019-09-26 13:21:25,696 [7c6e08d0-8593-4f06-8d99-677ce7e140bf@group-450998A78B4C:LeaderElection89] INFO  server.RaftServerConfigKeys (ConfUtils.java:logGet(43)) - raft.server.watch.timeout.denomination = 1s (default)
2019-09-26 13:21:25,696 [62684552-2d14-4fa0-a8ac-9ab43a1e29b8@group-3737B0526B85:LeaderElection90] INFO  server.RaftServerConfigKeys (ConfUtils.java:logGet(43)) - raft.server.watch.element-limit = 65536 (default)
2019-09-26 13:21:25,696 [7c6e08d0-8593-4f06-8d99-677ce7e140bf@group-450998A78B4C:LeaderElection89] INFO  server.RaftServerConfigKeys (ConfUtils.java:logGet(43)) - raft.server.watch.element-limit = 65536 (default)
2019-09-26 13:21:25,699 [62684552-2d14-4fa0-a8ac-9ab43a1e29b8@group-3737B0526B85:LeaderElection90] INFO  impl.RoleInfo (RoleInfo.java:updateAndGet(143)) - 62684552-2d14-4fa0-a8ac-9ab43a1e29b8: start LeaderState
2019-09-26 13:21:25,700 [62684552-2d14-4fa0-a8ac-9ab43a1e29b8@group-3737B0526B85:LeaderElection90] INFO  segmented.SegmentedRaftLogWorker (SegmentedRaftLogWorker.java:startLogSegment(380)) - 62684552-2d14-4fa0-a8ac-9ab43a1e29b8@group-3737B0526B85-SegmentedRaftLogWorker: Starting segment from index:0
2019-09-26 13:21:25,700 [7c6e08d0-8593-4f06-8d99-677ce7e140bf@group-450998A78B4C:LeaderElection89] INFO  impl.RoleInfo (RoleInfo.java:updateAndGet(143)) - 7c6e08d0-8593-4f06-8d99-677ce7e140bf: start LeaderState
2019-09-26 13:21:25,700 [62684552-2d14-4fa0-a8ac-9ab43a1e29b8@group-3737B0526B85:LeaderElection90] INFO  impl.RaftServerImpl (ServerState.java:setRaftConf(354)) - 62684552-2d14-4fa0-a8ac-9ab43a1e29b8@group-3737B0526B85: set configuration 0: [62684552-2d14-4fa0-a8ac-9ab43a1e29b8:192.168.164.238:45794], old=null at 0
2019-09-26 13:21:25,700 [7c6e08d0-8593-4f06-8d99-677ce7e140bf@group-450998A78B4C:LeaderElection89] INFO  segmented.SegmentedRaftLogWorker (SegmentedRaftLogWorker.java:startLogSegment(380)) - 7c6e08d0-8593-4f06-8d99-677ce7e140bf@group-450998A78B4C-SegmentedRaftLogWorker: Starting segment from index:0
2019-09-26 13:21:25,701 [7c6e08d0-8593-4f06-8d99-677ce7e140bf@group-450998A78B4C:LeaderElection89] INFO  impl.RaftServerImpl (ServerState.java:setRaftConf(354)) - 7c6e08d0-8593-4f06-8d99-677ce7e140bf@group-450998A78B4C: set configuration 0: [7c6e08d0-8593-4f06-8d99-677ce7e140bf:192.168.164.238:38697], old=null at 0
2019-09-26 13:21:25,734 [62684552-2d14-4fa0-a8ac-9ab43a1e29b8@group-3737B0526B85-SegmentedRaftLogWorker] INFO  segmented.SegmentedRaftLogWorker (SegmentedRaftLogWorker.java:execute(569)) - 62684552-2d14-4fa0-a8ac-9ab43a1e29b8@group-3737B0526B85-SegmentedRaftLogWorker: created new log segment /workdir/hadoop-ozone/ozonefs/target/test-dir/MiniOzoneClusterImpl-2c717051-d98f-4757-bca5-e960ea56bcc7/datanode-2/data/ratis/e57d0e68-da84-423f-8587-3737b0526b85/current/log_inprogress_0
2019-09-26 13:21:25,734 [7c6e08d0-8593-4f06-8d99-677ce7e140bf@group-450998A78B4C-SegmentedRaftLogWorker] INFO  segmented.SegmentedRaftLogWorker (SegmentedRaftLogWorker.java:execute(569)) - 7c6e08d0-8593-4f06-8d99-677ce7e140bf@group-450998A78B4C-SegmentedRaftLogWorker: created new log segment /workdir/hadoop-ozone/ozonefs/target/test-dir/MiniOzoneClusterImpl-2c717051-d98f-4757-bca5-e960ea56bcc7/datanode-1/data/ratis/de03eb95-8229-4cc3-acb6-450998a78b4c/current/log_inprogress_0
2019-09-26 13:21:26,149 [main] INFO  ozoneimpl.OzoneContainer (OzoneContainer.java:stop(231)) - Attempting to stop container services.
2019-09-26 13:21:26,149 [ForkJoinPool.commonPool-worker-1] INFO  ozoneimpl.OzoneContainer (OzoneContainer.java:stop(231)) - Attempting to stop container services.
2019-09-26 13:21:26,150 [main] INFO  impl.RaftServerProxy (RaftServerProxy.java:lambda$close$4(314)) - 7c6e08d0-8593-4f06-8d99-677ce7e140bf: close
2019-09-26 13:21:26,150 [ForkJoinPool.commonPool-worker-1] INFO  impl.RaftServerProxy (RaftServerProxy.java:lambda$close$4(314)) - 8c369612-1079-4b1c-b5d4-8e378861e933: close
2019-09-26 13:21:26,150 [main] INFO  impl.RaftServerImpl (RaftServerImpl.java:lambda$shutdown$3(251)) - 7c6e08d0-8593-4f06-8d99-677ce7e140bf@group-3C417C58D99A: shutdown
2019-09-26 13:21:26,150 [ForkJoinPool.commonPool-worker-1] INFO  impl.RaftServerImpl (RaftServerImpl.java:lambda$shutdown$3(251)) - 8c369612-1079-4b1c-b5d4-8e378861e933@group-661569B8793A: shutdown
2019-09-26 13:21:26,151 [main] INFO  util.JmxRegister (JmxRegister.java:unregister(73)) - Successfully un-registered JMX Bean with object name Ratis:service=RaftServer,group=group-3C417C58D99A,id=7c6e08d0-8593-4f06-8d99-677ce7e140bf
2019-09-26 13:21:26,151 [ForkJoinPool.commonPool-worker-1] INFO  util.JmxRegister (JmxRegister.java:unregister(73)) - Successfully un-registered JMX Bean with object name Ratis:service=RaftServer,group=group-661569B8793A,id=8c369612-1079-4b1c-b5d4-8e378861e933
2019-09-26 13:21:26,151 [main] INFO  impl.RoleInfo (RoleInfo.java:shutdownLeaderState(104)) - 7c6e08d0-8593-4f06-8d99-677ce7e140bf: shutdown LeaderState
2019-09-26 13:21:26,151 [ForkJoinPool.commonPool-worker-1] INFO  impl.RoleInfo (RoleInfo.java:shutdownLeaderState(104)) - 8c369612-1079-4b1c-b5d4-8e378861e933: shutdown LeaderState
2019-09-26 13:21:26,152 [main] INFO  impl.PendingRequests (PendingRequests.java:sendNotLeaderResponses(202)) - 7c6e08d0-8593-4f06-8d99-677ce7e140bf-PendingRequests: sendNotLeaderResponses
2019-09-26 13:21:26,152 [ForkJoinPool.commonPool-worker-1] INFO  impl.PendingRequests (PendingRequests.java:sendNotLeaderResponses(202)) - 8c369612-1079-4b1c-b5d4-8e378861e933-PendingRequests: sendNotLeaderResponses
2019-09-26 13:21:26,152 [main] INFO  impl.StateMachineUpdater (StateMachineUpdater.java:stopAndJoin(125)) - 7c6e08d0-8593-4f06-8d99-677ce7e140bf@group-3C417C58D99A-StateMachineUpdater: set stopIndex = 0
2019-09-26 13:21:26,152 [ForkJoinPool.commonPool-worker-1] INFO  impl.StateMachineUpdater (StateMachineUpdater.java:stopAndJoin(125)) - 8c369612-1079-4b1c-b5d4-8e378861e933@group-661569B8793A-StateMachineUpdater: set stopIndex = 0
2019-09-26 13:21:26,153 [main] INFO  impl.RaftServerImpl (ServerState.java:close(385)) - 7c6e08d0-8593-4f06-8d99-677ce7e140bf@group-3C417C58D99A: closes. applyIndex: 0
2019-09-26 13:21:26,153 [ForkJoinPool.commonPool-worker-1] INFO  impl.RaftServerImpl (ServerState.java:close(385)) - 8c369612-1079-4b1c-b5d4-8e378861e933@group-661569B8793A: closes. applyIndex: 0
2019-09-26 13:21:26,154 [7c6e08d0-8593-4f06-8d99-677ce7e140bf@group-3C417C58D99A-SegmentedRaftLogWorker] INFO  segmented.SegmentedRaftLogWorker (SegmentedRaftLogWorker.java:run(313)) - 7c6e08d0-8593-4f06-8d99-677ce7e140bf@group-3C417C58D99A-SegmentedRaftLogWorker was interrupted, exiting. There are 0 tasks remaining in the queue.
2019-09-26 13:21:26,154 [8c369612-1079-4b1c-b5d4-8e378861e933@group-661569B8793A-SegmentedRaftLogWorker] INFO  segmented.SegmentedRaftLogWorker (SegmentedRaftLogWorker.java:run(313)) - 8c369612-1079-4b1c-b5d4-8e378861e933@group-661569B8793A-SegmentedRaftLogWorker was interrupted, exiting. There are 0 tasks remaining in the queue.
2019-09-26 13:21:26,154 [main] INFO  segmented.SegmentedRaftLogWorker (SegmentedRaftLogWorker.java:close(228)) - 7c6e08d0-8593-4f06-8d99-677ce7e140bf@group-3C417C58D99A-SegmentedRaftLogWorker close()
2019-09-26 13:21:26,154 [ForkJoinPool.commonPool-worker-1] INFO  segmented.SegmentedRaftLogWorker (SegmentedRaftLogWorker.java:close(228)) - 8c369612-1079-4b1c-b5d4-8e378861e933@group-661569B8793A-SegmentedRaftLogWorker close()
2019-09-26 13:21:26,157 [main] INFO  impl.RaftServerImpl (RaftServerImpl.java:lambda$shutdown$3(251)) - 7c6e08d0-8593-4f06-8d99-677ce7e140bf@group-00EC05CBDA9F: shutdown
2019-09-26 13:21:26,158 [ForkJoinPool.commonPool-worker-1] INFO  impl.RaftServerImpl (RaftServerImpl.java:lambda$shutdown$3(251)) - 8c369612-1079-4b1c-b5d4-8e378861e933@group-22EE3031B2C4: shutdown
2019-09-26 13:21:26,159 [main] INFO  util.JmxRegister (JmxRegister.java:unregister(73)) - Successfully un-registered JMX Bean with object name Ratis:service=RaftServer,group=group-00EC05CBDA9F,id=7c6e08d0-8593-4f06-8d99-677ce7e140bf
2019-09-26 13:21:26,159 [ForkJoinPool.commonPool-worker-1] INFO  util.JmxRegister (JmxRegister.java:unregister(73)) - Successfully un-registered JMX Bean with object name Ratis:service=RaftServer,group=group-22EE3031B2C4,id=8c369612-1079-4b1c-b5d4-8e378861e933
2019-09-26 13:21:26,159 [main] INFO  impl.RoleInfo (RoleInfo.java:shutdownLeaderState(104)) - 7c6e08d0-8593-4f06-8d99-677ce7e140bf: shutdown LeaderState
2019-09-26 13:21:26,159 [ForkJoinPool.commonPool-worker-1] INFO  impl.RoleInfo (RoleInfo.java:shutdownLeaderState(104)) - 8c369612-1079-4b1c-b5d4-8e378861e933: shutdown LeaderState
2019-09-26 13:21:26,160 [main] INFO  impl.PendingRequests (PendingRequests.java:sendNotLeaderResponses(202)) - 7c6e08d0-8593-4f06-8d99-677ce7e140bf-PendingRequests: sendNotLeaderResponses
2019-09-26 13:21:26,160 [ForkJoinPool.commonPool-worker-1] INFO  impl.PendingRequests (PendingRequests.java:sendNotLeaderResponses(202)) - 8c369612-1079-4b1c-b5d4-8e378861e933-PendingRequests: sendNotLeaderResponses
2019-09-26 13:21:26,160 [main] INFO  impl.StateMachineUpdater (StateMachineUpdater.java:stopAndJoin(125)) - 7c6e08d0-8593-4f06-8d99-677ce7e140bf@group-00EC05CBDA9F-StateMachineUpdater: set stopIndex = 0
2019-09-26 13:21:26,160 [main] INFO  impl.RaftServerImpl (ServerState.java:close(385)) - 7c6e08d0-8593-4f06-8d99-677ce7e140bf@group-00EC05CBDA9F: closes. applyIndex: 0
2019-09-26 13:21:26,160 [ForkJoinPool.commonPool-worker-1] INFO  impl.StateMachineUpdater (StateMachineUpdater.java:stopAndJoin(125)) - 8c369612-1079-4b1c-b5d4-8e378861e933@group-22EE3031B2C4-StateMachineUpdater: set stopIndex = 0
2019-09-26 13:21:26,161 [ForkJoinPool.commonPool-worker-1] INFO  impl.RaftServerImpl (ServerState.java:close(385)) - 8c369612-1079-4b1c-b5d4-8e378861e933@group-22EE3031B2C4: closes. applyIndex: 0
2019-09-26 13:21:26,161 [7c6e08d0-8593-4f06-8d99-677ce7e140bf@group-00EC05CBDA9F-SegmentedRaftLogWorker] INFO  segmented.SegmentedRaftLogWorker (SegmentedRaftLogWorker.java:run(313)) - 7c6e08d0-8593-4f06-8d99-677ce7e140bf@group-00EC05CBDA9F-SegmentedRaftLogWorker was interrupted, exiting. There are 0 tasks remaining in the queue.
2019-09-26 13:21:26,161 [8c369612-1079-4b1c-b5d4-8e378861e933@group-22EE3031B2C4-SegmentedRaftLogWorker] INFO  segmented.SegmentedRaftLogWorker (SegmentedRaftLogWorker.java:run(313)) - 8c369612-1079-4b1c-b5d4-8e378861e933@group-22EE3031B2C4-SegmentedRaftLogWorker was interrupted, exiting. There are 0 tasks remaining in the queue.
2019-09-26 13:21:26,161 [main] INFO  segmented.SegmentedRaftLogWorker (SegmentedRaftLogWorker.java:close(228)) - 7c6e08d0-8593-4f06-8d99-677ce7e140bf@group-00EC05CBDA9F-SegmentedRaftLogWorker close()
2019-09-26 13:21:26,161 [ForkJoinPool.commonPool-worker-1] INFO  segmented.SegmentedRaftLogWorker (SegmentedRaftLogWorker.java:close(228)) - 8c369612-1079-4b1c-b5d4-8e378861e933@group-22EE3031B2C4-SegmentedRaftLogWorker close()
2019-09-26 13:21:26,163 [main] INFO  impl.RaftServerImpl (RaftServerImpl.java:lambda$shutdown$3(251)) - 7c6e08d0-8593-4f06-8d99-677ce7e140bf@group-46229E0D4CC0: shutdown
2019-09-26 13:21:26,165 [ForkJoinPool.commonPool-worker-1] INFO  impl.RaftServerImpl (RaftServerImpl.java:lambda$shutdown$3(251)) - 8c369612-1079-4b1c-b5d4-8e378861e933@group-39F32D9B576C: shutdown
2019-09-26 13:21:26,165 [main] INFO  util.JmxRegister (JmxRegister.java:unregister(73)) - Successfully un-registered JMX Bean with object name Ratis:service=RaftServer,group=group-46229E0D4CC0,id=7c6e08d0-8593-4f06-8d99-677ce7e140bf
2019-09-26 13:21:26,165 [ForkJoinPool.commonPool-worker-1] INFO  util.JmxRegister (JmxRegister.java:unregister(73)) - Successfully un-registered JMX Bean with object name Ratis:service=RaftServer,group=group-39F32D9B576C,id=8c369612-1079-4b1c-b5d4-8e378861e933
2019-09-26 13:21:26,165 [main] INFO  impl.RoleInfo (RoleInfo.java:shutdownLeaderState(104)) - 7c6e08d0-8593-4f06-8d99-677ce7e140bf: shutdown LeaderState
2019-09-26 13:21:26,165 [ForkJoinPool.commonPool-worker-1] INFO  impl.RoleInfo (RoleInfo.java:shutdownLeaderState(104)) - 8c369612-1079-4b1c-b5d4-8e378861e933: shutdown LeaderState
2019-09-26 13:21:26,166 [main] INFO  impl.PendingRequests (PendingRequests.java:sendNotLeaderResponses(202)) - 7c6e08d0-8593-4f06-8d99-677ce7e140bf-PendingRequests: sendNotLeaderResponses
2019-09-26 13:21:26,166 [ForkJoinPool.commonPool-worker-1] INFO  impl.PendingRequests (PendingRequests.java:sendNotLeaderResponses(202)) - 8c369612-1079-4b1c-b5d4-8e378861e933-PendingRequests: sendNotLeaderResponses
2019-09-26 13:21:26,166 [main] INFO  impl.StateMachineUpdater (StateMachineUpdater.java:stopAndJoin(125)) - 7c6e08d0-8593-4f06-8d99-677ce7e140bf@group-46229E0D4CC0-StateMachineUpdater: set stopIndex = 0
2019-09-26 13:21:26,166 [ForkJoinPool.commonPool-worker-1] INFO  impl.StateMachineUpdater (StateMachineUpdater.java:stopAndJoin(125)) - 8c369612-1079-4b1c-b5d4-8e378861e933@group-39F32D9B576C-StateMachineUpdater: set stopIndex = 0
2019-09-26 13:21:26,167 [main] INFO  impl.RaftServerImpl (ServerState.java:close(385)) - 7c6e08d0-8593-4f06-8d99-677ce7e140bf@group-46229E0D4CC0: closes. applyIndex: 0
2019-09-26 13:21:26,167 [ForkJoinPool.commonPool-worker-1] INFO  impl.RaftServerImpl (ServerState.java:close(385)) - 8c369612-1079-4b1c-b5d4-8e378861e933@group-39F32D9B576C: closes. applyIndex: 0
2019-09-26 13:21:26,167 [7c6e08d0-8593-4f06-8d99-677ce7e140bf@group-46229E0D4CC0-SegmentedRaftLogWorker] INFO  segmented.SegmentedRaftLogWorker (SegmentedRaftLogWorker.java:run(313)) - 7c6e08d0-8593-4f06-8d99-677ce7e140bf@group-46229E0D4CC0-SegmentedRaftLogWorker was interrupted, exiting. There are 0 tasks remaining in the queue.
2019-09-26 13:21:26,167 [8c369612-1079-4b1c-b5d4-8e378861e933@group-39F32D9B576C-SegmentedRaftLogWorker] INFO  segmented.SegmentedRaftLogWorker (SegmentedRaftLogWorker.java:run(313)) - 8c369612-1079-4b1c-b5d4-8e378861e933@group-39F32D9B576C-SegmentedRaftLogWorker was interrupted, exiting. There are 0 tasks remaining in the queue.
2019-09-26 13:21:26,167 [main] INFO  segmented.SegmentedRaftLogWorker (SegmentedRaftLogWorker.java:close(228)) - 7c6e08d0-8593-4f06-8d99-677ce7e140bf@group-46229E0D4CC0-SegmentedRaftLogWorker close()
2019-09-26 13:21:26,168 [ForkJoinPool.commonPool-worker-1] INFO  segmented.SegmentedRaftLogWorker (SegmentedRaftLogWorker.java:close(228)) - 8c369612-1079-4b1c-b5d4-8e378861e933@group-39F32D9B576C-SegmentedRaftLogWorker close()
2019-09-26 13:21:26,170 [main] INFO  impl.RaftServerImpl (RaftServerImpl.java:lambda$shutdown$3(251)) - 7c6e08d0-8593-4f06-8d99-677ce7e140bf@group-2263A64E71D7: shutdown
2019-09-26 13:21:26,171 [ForkJoinPool.commonPool-worker-1] INFO  impl.RaftServerImpl (RaftServerImpl.java:lambda$shutdown$3(251)) - 8c369612-1079-4b1c-b5d4-8e378861e933@group-39E6ED973FF0: shutdown
2019-09-26 13:21:26,171 [main] INFO  util.JmxRegister (JmxRegister.java:unregister(73)) - Successfully un-registered JMX Bean with object name Ratis:service=RaftServer,group=group-2263A64E71D7,id=7c6e08d0-8593-4f06-8d99-677ce7e140bf
2019-09-26 13:21:26,172 [main] INFO  impl.RoleInfo (RoleInfo.java:shutdownLeaderState(104)) - 7c6e08d0-8593-4f06-8d99-677ce7e140bf: shutdown LeaderState
2019-09-26 13:21:26,172 [ForkJoinPool.commonPool-worker-1] INFO  util.JmxRegister (JmxRegister.java:unregister(73)) - Successfully un-registered JMX Bean with object name Ratis:service=RaftServer,group=group-39E6ED973FF0,id=8c369612-1079-4b1c-b5d4-8e378861e933
2019-09-26 13:21:26,172 [main] INFO  impl.PendingRequests (PendingRequests.java:sendNotLeaderResponses(202)) - 7c6e08d0-8593-4f06-8d99-677ce7e140bf-PendingRequests: sendNotLeaderResponses
2019-09-26 13:21:26,172 [ForkJoinPool.commonPool-worker-1] INFO  impl.RoleInfo (RoleInfo.java:shutdownLeaderState(104)) - 8c369612-1079-4b1c-b5d4-8e378861e933: shutdown LeaderState
2019-09-26 13:21:26,173 [main] INFO  impl.StateMachineUpdater (StateMachineUpdater.java:stopAndJoin(125)) - 7c6e08d0-8593-4f06-8d99-677ce7e140bf@group-2263A64E71D7-StateMachineUpdater: set stopIndex = 0
2019-09-26 13:21:26,173 [ForkJoinPool.commonPool-worker-1] INFO  impl.PendingRequests (PendingRequests.java:sendNotLeaderResponses(202)) - 8c369612-1079-4b1c-b5d4-8e378861e933-PendingRequests: sendNotLeaderResponses
2019-09-26 13:21:26,173 [main] INFO  impl.RaftServerImpl (ServerState.java:close(385)) - 7c6e08d0-8593-4f06-8d99-677ce7e140bf@group-2263A64E71D7: closes. applyIndex: 0
2019-09-26 13:21:26,173 [ForkJoinPool.commonPool-worker-1] INFO  impl.StateMachineUpdater (StateMachineUpdater.java:stopAndJoin(125)) - 8c369612-1079-4b1c-b5d4-8e378861e933@group-39E6ED973FF0-StateMachineUpdater: set stopIndex = 0
2019-09-26 13:21:26,174 [ForkJoinPool.commonPool-worker-1] INFO  impl.RaftServerImpl (ServerState.java:close(385)) - 8c369612-1079-4b1c-b5d4-8e378861e933@group-39E6ED973FF0: closes. applyIndex: 0
2019-09-26 13:21:26,174 [7c6e08d0-8593-4f06-8d99-677ce7e140bf@group-2263A64E71D7-SegmentedRaftLogWorker] INFO  segmented.SegmentedRaftLogWorker (SegmentedRaftLogWorker.java:run(313)) - 7c6e08d0-8593-4f06-8d99-677ce7e140bf@group-2263A64E71D7-SegmentedRaftLogWorker was interrupted, exiting. There are 0 tasks remaining in the queue.
2019-09-26 13:21:26,174 [8c369612-1079-4b1c-b5d4-8e378861e933@group-39E6ED973FF0-SegmentedRaftLogWorker] INFO  segmented.SegmentedRaftLogWorker (SegmentedRaftLogWorker.java:run(313)) - 8c369612-1079-4b1c-b5d4-8e378861e933@group-39E6ED973FF0-SegmentedRaftLogWorker was interrupted, exiting. There are 0 tasks remaining in the queue.
2019-09-26 13:21:26,174 [main] INFO  segmented.SegmentedRaftLogWorker (SegmentedRaftLogWorker.java:close(228)) - 7c6e08d0-8593-4f06-8d99-677ce7e140bf@group-2263A64E71D7-SegmentedRaftLogWorker close()
2019-09-26 13:21:26,174 [ForkJoinPool.commonPool-worker-1] INFO  segmented.SegmentedRaftLogWorker (SegmentedRaftLogWorker.java:close(228)) - 8c369612-1079-4b1c-b5d4-8e378861e933@group-39E6ED973FF0-SegmentedRaftLogWorker close()
2019-09-26 13:21:26,176 [main] INFO  impl.RaftServerImpl (RaftServerImpl.java:lambda$shutdown$3(251)) - 7c6e08d0-8593-4f06-8d99-677ce7e140bf@group-450998A78B4C: shutdown
2019-09-26 13:21:26,177 [ForkJoinPool.commonPool-worker-1] INFO  impl.RaftServerImpl (RaftServerImpl.java:lambda$shutdown$3(251)) - 8c369612-1079-4b1c-b5d4-8e378861e933@group-8249D322612C: shutdown
2019-09-26 13:21:26,178 [main] INFO  util.JmxRegister (JmxRegister.java:unregister(73)) - Successfully un-registered JMX Bean with object name Ratis:service=RaftServer,group=group-450998A78B4C,id=7c6e08d0-8593-4f06-8d99-677ce7e140bf
2019-09-26 13:21:26,178 [main] INFO  impl.RoleInfo (RoleInfo.java:shutdownLeaderState(104)) - 7c6e08d0-8593-4f06-8d99-677ce7e140bf: shutdown LeaderState
2019-09-26 13:21:26,178 [ForkJoinPool.commonPool-worker-1] INFO  util.JmxRegister (JmxRegister.java:unregister(73)) - Successfully un-registered JMX Bean with object name Ratis:service=RaftServer,group=group-8249D322612C,id=8c369612-1079-4b1c-b5d4-8e378861e933
2019-09-26 13:21:26,178 [main] INFO  impl.PendingRequests (PendingRequests.java:sendNotLeaderResponses(202)) - 7c6e08d0-8593-4f06-8d99-677ce7e140bf-PendingRequests: sendNotLeaderResponses
2019-09-26 13:21:26,179 [ForkJoinPool.commonPool-worker-1] INFO  impl.RoleInfo (RoleInfo.java:shutdownLeaderState(104)) - 8c369612-1079-4b1c-b5d4-8e378861e933: shutdown LeaderState
2019-09-26 13:21:26,179 [main] INFO  impl.StateMachineUpdater (StateMachineUpdater.java:stopAndJoin(125)) - 7c6e08d0-8593-4f06-8d99-677ce7e140bf@group-450998A78B4C-StateMachineUpdater: set stopIndex = 0
2019-09-26 13:21:26,179 [main] INFO  impl.RaftServerImpl (ServerState.java:close(385)) - 7c6e08d0-8593-4f06-8d99-677ce7e140bf@group-450998A78B4C: closes. applyIndex: 0
2019-09-26 13:21:26,179 [ForkJoinPool.commonPool-worker-1] INFO  impl.PendingRequests (PendingRequests.java:sendNotLeaderResponses(202)) - 8c369612-1079-4b1c-b5d4-8e378861e933-PendingRequests: sendNotLeaderResponses
2019-09-26 13:21:26,180 [7c6e08d0-8593-4f06-8d99-677ce7e140bf@group-450998A78B4C-SegmentedRaftLogWorker] INFO  segmented.SegmentedRaftLogWorker (SegmentedRaftLogWorker.java:run(313)) - 7c6e08d0-8593-4f06-8d99-677ce7e140bf@group-450998A78B4C-SegmentedRaftLogWorker was interrupted, exiting. There are 0 tasks remaining in the queue.
2019-09-26 13:21:26,180 [ForkJoinPool.commonPool-worker-1] INFO  impl.StateMachineUpdater (StateMachineUpdater.java:stopAndJoin(125)) - 8c369612-1079-4b1c-b5d4-8e378861e933@group-8249D322612C-StateMachineUpdater: set stopIndex = 0
2019-09-26 13:21:26,180 [main] INFO  segmented.SegmentedRaftLogWorker (SegmentedRaftLogWorker.java:close(228)) - 7c6e08d0-8593-4f06-8d99-677ce7e140bf@group-450998A78B4C-SegmentedRaftLogWorker close()
2019-09-26 13:21:26,180 [ForkJoinPool.commonPool-worker-1] INFO  impl.RaftServerImpl (ServerState.java:close(385)) - 8c369612-1079-4b1c-b5d4-8e378861e933@group-8249D322612C: closes. applyIndex: 0
2019-09-26 13:21:26,182 [main] INFO  impl.RaftServerImpl (RaftServerImpl.java:lambda$shutdown$3(251)) - 7c6e08d0-8593-4f06-8d99-677ce7e140bf@group-374BB4086926: shutdown
2019-09-26 13:21:26,182 [8c369612-1079-4b1c-b5d4-8e378861e933@group-8249D322612C-SegmentedRaftLogWorker] INFO  segmented.SegmentedRaftLogWorker (SegmentedRaftLogWorker.java:run(313)) - 8c369612-1079-4b1c-b5d4-8e378861e933@group-8249D322612C-SegmentedRaftLogWorker was interrupted, exiting. There are 0 tasks remaining in the queue.
2019-09-26 13:21:26,182 [main] INFO  util.JmxRegister (JmxRegister.java:unregister(73)) - Successfully un-registered JMX Bean with object name Ratis:service=RaftServer,group=group-374BB4086926,id=7c6e08d0-8593-4f06-8d99-677ce7e140bf
2019-09-26 13:21:26,183 [ForkJoinPool.commonPool-worker-1] INFO  segmented.SegmentedRaftLogWorker (SegmentedRaftLogWorker.java:close(228)) - 8c369612-1079-4b1c-b5d4-8e378861e933@group-8249D322612C-SegmentedRaftLogWorker close()
2019-09-26 13:21:26,183 [main] INFO  impl.RoleInfo (RoleInfo.java:shutdownLeaderState(104)) - 7c6e08d0-8593-4f06-8d99-677ce7e140bf: shutdown LeaderState
2019-09-26 13:21:26,184 [ForkJoinPool.commonPool-worker-1] INFO  impl.RaftServerImpl (RaftServerImpl.java:lambda$shutdown$3(251)) - 8c369612-1079-4b1c-b5d4-8e378861e933@group-44C7415CFF4D: shutdown
2019-09-26 13:21:26,185 [main] INFO  impl.PendingRequests (PendingRequests.java:sendNotLeaderResponses(202)) - 7c6e08d0-8593-4f06-8d99-677ce7e140bf-PendingRequests: sendNotLeaderResponses
2019-09-26 13:21:26,185 [ForkJoinPool.commonPool-worker-1] INFO  util.JmxRegister (JmxRegister.java:unregister(73)) - Successfully un-registered JMX Bean with object name Ratis:service=RaftServer,group=group-44C7415CFF4D,id=8c369612-1079-4b1c-b5d4-8e378861e933
2019-09-26 13:21:26,185 [main] INFO  impl.StateMachineUpdater (StateMachineUpdater.java:stopAndJoin(125)) - 7c6e08d0-8593-4f06-8d99-677ce7e140bf@group-374BB4086926-StateMachineUpdater: set stopIndex = 0
2019-09-26 13:21:26,185 [main] INFO  impl.RaftServerImpl (ServerState.java:close(385)) - 7c6e08d0-8593-4f06-8d99-677ce7e140bf@group-374BB4086926: closes. applyIndex: 0
2019-09-26 13:21:26,185 [ForkJoinPool.commonPool-worker-1] INFO  impl.RoleInfo (RoleInfo.java:shutdownLeaderState(104)) - 8c369612-1079-4b1c-b5d4-8e378861e933: shutdown LeaderState
2019-09-26 13:21:26,186 [7c6e08d0-8593-4f06-8d99-677ce7e140bf@group-374BB4086926-SegmentedRaftLogWorker] INFO  segmented.SegmentedRaftLogWorker (SegmentedRaftLogWorker.java:run(313)) - 7c6e08d0-8593-4f06-8d99-677ce7e140bf@group-374BB4086926-SegmentedRaftLogWorker was interrupted, exiting. There are 0 tasks remaining in the queue.
2019-09-26 13:21:26,186 [ForkJoinPool.commonPool-worker-1] INFO  impl.PendingRequests (PendingRequests.java:sendNotLeaderResponses(202)) - 8c369612-1079-4b1c-b5d4-8e378861e933-PendingRequests: sendNotLeaderResponses
2019-09-26 13:21:26,186 [main] INFO  segmented.SegmentedRaftLogWorker (SegmentedRaftLogWorker.java:close(228)) - 7c6e08d0-8593-4f06-8d99-677ce7e140bf@group-374BB4086926-SegmentedRaftLogWorker close()
2019-09-26 13:21:26,186 [ForkJoinPool.commonPool-worker-1] INFO  impl.StateMachineUpdater (StateMachineUpdater.java:stopAndJoin(125)) - 8c369612-1079-4b1c-b5d4-8e378861e933@group-44C7415CFF4D-StateMachineUpdater: set stopIndex = 0
2019-09-26 13:21:26,188 [main] INFO  server.GrpcService (GrpcService.java:closeImpl(164)) - 7c6e08d0-8593-4f06-8d99-677ce7e140bf: shutdown server with port 38697 now
2019-09-26 13:21:26,188 [ForkJoinPool.commonPool-worker-1] INFO  impl.RaftServerImpl (ServerState.java:close(385)) - 8c369612-1079-4b1c-b5d4-8e378861e933@group-44C7415CFF4D: closes. applyIndex: 0
2019-09-26 13:21:26,190 [main] INFO  server.GrpcService (GrpcService.java:closeImpl(172)) - 7c6e08d0-8593-4f06-8d99-677ce7e140bf: shutdown server with port 38697 successfully
2019-09-26 13:21:26,190 [8c369612-1079-4b1c-b5d4-8e378861e933@group-44C7415CFF4D-SegmentedRaftLogWorker] INFO  segmented.SegmentedRaftLogWorker (SegmentedRaftLogWorker.java:run(313)) - 8c369612-1079-4b1c-b5d4-8e378861e933@group-44C7415CFF4D-SegmentedRaftLogWorker was interrupted, exiting. There are 0 tasks remaining in the queue.
2019-09-26 13:21:26,190 [ForkJoinPool.commonPool-worker-1] INFO  segmented.SegmentedRaftLogWorker (SegmentedRaftLogWorker.java:close(228)) - 8c369612-1079-4b1c-b5d4-8e378861e933@group-44C7415CFF4D-SegmentedRaftLogWorker close()
2019-09-26 13:21:26,192 [ForkJoinPool.commonPool-worker-1] INFO  server.GrpcService (GrpcService.java:closeImpl(164)) - 8c369612-1079-4b1c-b5d4-8e378861e933: shutdown server with port 34192 now
2019-09-26 13:21:26,193 [ForkJoinPool.commonPool-worker-1] INFO  server.GrpcService (GrpcService.java:closeImpl(172)) - 8c369612-1079-4b1c-b5d4-8e378861e933: shutdown server with port 34192 successfully
2019-09-26 13:21:26,194 [refreshUsed-/workdir/hadoop-ozone/ozonefs/target/test-dir/MiniOzoneClusterImpl-2c717051-d98f-4757-bca5-e960ea56bcc7/datanode-1/data/containers] WARN  fs.CachingGetSpaceUsed (CachingGetSpaceUsed.java:run(183)) - Thread Interrupted waiting to refresh disk information: sleep interrupted
2019-09-26 13:21:26,198 [refreshUsed-/workdir/hadoop-ozone/ozonefs/target/test-dir/MiniOzoneClusterImpl-2c717051-d98f-4757-bca5-e960ea56bcc7/datanode-0/data/containers] WARN  fs.CachingGetSpaceUsed (CachingGetSpaceUsed.java:run(183)) - Thread Interrupted waiting to refresh disk information: sleep interrupted
2019-09-26 13:21:26,220 [main] INFO  utils.BackgroundService (BackgroundService.java:shutdown(148)) - Shutting down service BlockDeletingService
2019-09-26 13:21:26,229 [main] INFO  statemachine.DatanodeStateMachine (DatanodeStateMachine.java:stopDaemon(395)) - Ozone container server stopped.
2019-09-26 13:21:26,230 [ForkJoinPool.commonPool-worker-1] INFO  utils.BackgroundService (BackgroundService.java:shutdown(148)) - Shutting down service BlockDeletingService
2019-09-26 13:21:26,234 [ForkJoinPool.commonPool-worker-1] INFO  statemachine.DatanodeStateMachine (DatanodeStateMachine.java:stopDaemon(395)) - Ozone container server stopped.
2019-09-26 13:21:26,237 [main] INFO  handler.ContextHandler (ContextHandler.java:doStop(910)) - Stopped o.e.j.w.WebAppContext@5a7b309b{/,null,UNAVAILABLE}{/hddsDatanode}
2019-09-26 13:21:26,238 [ForkJoinPool.commonPool-worker-1] INFO  handler.ContextHandler (ContextHandler.java:doStop(910)) - Stopped o.e.j.w.WebAppContext@43d76a92{/,null,UNAVAILABLE}{/hddsDatanode}
2019-09-26 13:21:26,239 [main] INFO  server.AbstractConnector (AbstractConnector.java:doStop(318)) - Stopped ServerConnector@4602f874{HTTP/1.1,[http/1.1]}{0.0.0.0:0}
2019-09-26 13:21:26,239 [ForkJoinPool.commonPool-worker-1] INFO  server.AbstractConnector (AbstractConnector.java:doStop(318)) - Stopped ServerConnector@4a2bf50f{HTTP/1.1,[http/1.1]}{0.0.0.0:0}
2019-09-26 13:21:26,240 [main] INFO  handler.ContextHandler (ContextHandler.java:doStop(910)) - Stopped o.e.j.s.ServletContextHandler@1c5d3a37{/static,jar:file:/home/user/.m2/repository/org/apache/hadoop/hadoop-hdds-container-service/0.5.0-SNAPSHOT/hadoop-hdds-container-service-0.5.0-SNAPSHOT.jar!/webapps/static,UNAVAILABLE}
2019-09-26 13:21:26,241 [ForkJoinPool.commonPool-worker-1] INFO  handler.ContextHandler (ContextHandler.java:doStop(910)) - Stopped o.e.j.s.ServletContextHandler@6870cfac{/static,jar:file:/home/user/.m2/repository/org/apache/hadoop/hadoop-hdds-container-service/0.5.0-SNAPSHOT/hadoop-hdds-container-service-0.5.0-SNAPSHOT.jar!/webapps/static,UNAVAILABLE}
2019-09-26 13:21:26,241 [main] INFO  handler.ContextHandler (ContextHandler.java:doStop(910)) - Stopped o.e.j.s.ServletContextHandler@4f235107{/logs,file:///workdir/hadoop-ozone/ozonefs/target/log,UNAVAILABLE}
2019-09-26 13:21:26,242 [ForkJoinPool.commonPool-worker-1] INFO  handler.ContextHandler (ContextHandler.java:doStop(910)) - Stopped o.e.j.s.ServletContextHandler@2dd178f3{/logs,file:///workdir/hadoop-ozone/ozonefs/target/log,UNAVAILABLE}
2019-09-26 13:21:26,958 [Datanode State Machine Thread - 0] INFO  statemachine.DatanodeStateMachine (DatanodeStateMachine.java:lambda$startDaemon$0(350)) - Ozone container server started.
2019-09-26 13:21:31,244 [main] INFO  ozoneimpl.OzoneContainer (OzoneContainer.java:stop(231)) - Attempting to stop container services.
2019-09-26 13:21:31,244 [main] INFO  impl.RaftServerProxy (RaftServerProxy.java:lambda$close$4(314)) - 62684552-2d14-4fa0-a8ac-9ab43a1e29b8: close
2019-09-26 13:21:31,245 [main] INFO  impl.RaftServerImpl (RaftServerImpl.java:lambda$shutdown$3(251)) - 62684552-2d14-4fa0-a8ac-9ab43a1e29b8@group-1D7D20715D94: shutdown
2019-09-26 13:21:31,245 [ForkJoinPool.commonPool-worker-0] INFO  impl.RaftServerImpl (RaftServerImpl.java:lambda$shutdown$3(251)) - 62684552-2d14-4fa0-a8ac-9ab43a1e29b8@group-3737B0526B85: shutdown
2019-09-26 13:21:31,245 [main] INFO  util.JmxRegister (JmxRegister.java:unregister(73)) - Successfully un-registered JMX Bean with object name Ratis:service=RaftServer,group=group-1D7D20715D94,id=62684552-2d14-4fa0-a8ac-9ab43a1e29b8
2019-09-26 13:21:31,246 [ForkJoinPool.commonPool-worker-0] INFO  util.JmxRegister (JmxRegister.java:unregister(73)) - Successfully un-registered JMX Bean with object name Ratis:service=RaftServer,group=group-3737B0526B85,id=62684552-2d14-4fa0-a8ac-9ab43a1e29b8
2019-09-26 13:21:31,246 [main] INFO  impl.RoleInfo (RoleInfo.java:shutdownLeaderState(104)) - 62684552-2d14-4fa0-a8ac-9ab43a1e29b8: shutdown LeaderState
2019-09-26 13:21:31,246 [ForkJoinPool.commonPool-worker-0] INFO  impl.RoleInfo (RoleInfo.java:shutdownLeaderState(104)) - 62684552-2d14-4fa0-a8ac-9ab43a1e29b8: shutdown LeaderState
2019-09-26 13:21:31,246 [main] INFO  impl.PendingRequests (PendingRequests.java:sendNotLeaderResponses(202)) - 62684552-2d14-4fa0-a8ac-9ab43a1e29b8-PendingRequests: sendNotLeaderResponses
2019-09-26 13:21:31,247 [ForkJoinPool.commonPool-worker-0] INFO  impl.PendingRequests (PendingRequests.java:sendNotLeaderResponses(202)) - 62684552-2d14-4fa0-a8ac-9ab43a1e29b8-PendingRequests: sendNotLeaderResponses
2019-09-26 13:21:31,247 [main] INFO  impl.StateMachineUpdater (StateMachineUpdater.java:stopAndJoin(125)) - 62684552-2d14-4fa0-a8ac-9ab43a1e29b8@group-1D7D20715D94-StateMachineUpdater: set stopIndex = 0
2019-09-26 13:21:31,247 [ForkJoinPool.commonPool-worker-0] INFO  impl.StateMachineUpdater (StateMachineUpdater.java:stopAndJoin(125)) - 62684552-2d14-4fa0-a8ac-9ab43a1e29b8@group-3737B0526B85-StateMachineUpdater: set stopIndex = 0
2019-09-26 13:21:31,247 [main] INFO  impl.RaftServerImpl (ServerState.java:close(385)) - 62684552-2d14-4fa0-a8ac-9ab43a1e29b8@group-1D7D20715D94: closes. applyIndex: 0
2019-09-26 13:21:31,248 [62684552-2d14-4fa0-a8ac-9ab43a1e29b8@group-1D7D20715D94-SegmentedRaftLogWorker] INFO  segmented.SegmentedRaftLogWorker (SegmentedRaftLogWorker.java:run(313)) - 62684552-2d14-4fa0-a8ac-9ab43a1e29b8@group-1D7D20715D94-SegmentedRaftLogWorker was interrupted, exiting. There are 0 tasks remaining in the queue.
2019-09-26 13:21:31,248 [main] INFO  segmented.SegmentedRaftLogWorker (SegmentedRaftLogWorker.java:close(228)) - 62684552-2d14-4fa0-a8ac-9ab43a1e29b8@group-1D7D20715D94-SegmentedRaftLogWorker close()
2019-09-26 13:21:31,249 [ForkJoinPool.commonPool-worker-0] INFO  impl.RaftServerImpl (ServerState.java:close(385)) - 62684552-2d14-4fa0-a8ac-9ab43a1e29b8@group-3737B0526B85: closes. applyIndex: 0
2019-09-26 13:21:31,251 [main] INFO  impl.RaftServerImpl (RaftServerImpl.java:lambda$shutdown$3(251)) - 62684552-2d14-4fa0-a8ac-9ab43a1e29b8@group-F27E462E12D5: shutdown
2019-09-26 13:21:31,251 [62684552-2d14-4fa0-a8ac-9ab43a1e29b8@group-3737B0526B85-SegmentedRaftLogWorker] INFO  segmented.SegmentedRaftLogWorker (SegmentedRaftLogWorker.java:run(313)) - 62684552-2d14-4fa0-a8ac-9ab43a1e29b8@group-3737B0526B85-SegmentedRaftLogWorker was interrupted, exiting. There are 0 tasks remaining in the queue.
2019-09-26 13:21:31,251 [main] INFO  util.JmxRegister (JmxRegister.java:unregister(73)) - Successfully un-registered JMX Bean with object name Ratis:service=RaftServer,group=group-F27E462E12D5,id=62684552-2d14-4fa0-a8ac-9ab43a1e29b8
2019-09-26 13:21:31,252 [ForkJoinPool.commonPool-worker-0] INFO  segmented.SegmentedRaftLogWorker (SegmentedRaftLogWorker.java:close(228)) - 62684552-2d14-4fa0-a8ac-9ab43a1e29b8@group-3737B0526B85-SegmentedRaftLogWorker close()
2019-09-26 13:21:31,252 [main] INFO  impl.RoleInfo (RoleInfo.java:shutdownLeaderState(104)) - 62684552-2d14-4fa0-a8ac-9ab43a1e29b8: shutdown LeaderState
2019-09-26 13:21:31,253 [ForkJoinPool.commonPool-worker-0] INFO  impl.RaftServerImpl (RaftServerImpl.java:lambda$shutdown$3(251)) - 62684552-2d14-4fa0-a8ac-9ab43a1e29b8@group-1469D711682F: shutdown
2019-09-26 13:21:31,254 [main] INFO  impl.PendingRequests (PendingRequests.java:sendNotLeaderResponses(202)) - 62684552-2d14-4fa0-a8ac-9ab43a1e29b8-PendingRequests: sendNotLeaderResponses
2019-09-26 13:21:31,254 [ForkJoinPool.commonPool-worker-0] INFO  util.JmxRegister (JmxRegister.java:unregister(73)) - Successfully un-registered JMX Bean with object name Ratis:service=RaftServer,group=group-1469D711682F,id=62684552-2d14-4fa0-a8ac-9ab43a1e29b8
2019-09-26 13:21:31,254 [main] INFO  impl.StateMachineUpdater (StateMachineUpdater.java:stopAndJoin(125)) - 62684552-2d14-4fa0-a8ac-9ab43a1e29b8@group-F27E462E12D5-StateMachineUpdater: set stopIndex = 0
2019-09-26 13:21:31,254 [ForkJoinPool.commonPool-worker-0] INFO  impl.RoleInfo (RoleInfo.java:shutdownLeaderState(104)) - 62684552-2d14-4fa0-a8ac-9ab43a1e29b8: shutdown LeaderState
2019-09-26 13:21:31,255 [main] INFO  impl.RaftServerImpl (ServerState.java:close(385)) - 62684552-2d14-4fa0-a8ac-9ab43a1e29b8@group-F27E462E12D5: closes. applyIndex: 0
2019-09-26 13:21:31,255 [ForkJoinPool.commonPool-worker-0] INFO  impl.PendingRequests (PendingRequests.java:sendNotLeaderResponses(202)) - 62684552-2d14-4fa0-a8ac-9ab43a1e29b8-PendingRequests: sendNotLeaderResponses
2019-09-26 13:21:31,255 [62684552-2d14-4fa0-a8ac-9ab43a1e29b8@group-F27E462E12D5-SegmentedRaftLogWorker] INFO  segmented.SegmentedRaftLogWorker (SegmentedRaftLogWorker.java:run(313)) - 62684552-2d14-4fa0-a8ac-9ab43a1e29b8@group-F27E462E12D5-SegmentedRaftLogWorker was interrupted, exiting. There are 0 tasks remaining in the queue.
2019-09-26 13:21:31,255 [ForkJoinPool.commonPool-worker-0] INFO  impl.StateMachineUpdater (StateMachineUpdater.java:stopAndJoin(125)) - 62684552-2d14-4fa0-a8ac-9ab43a1e29b8@group-1469D711682F-StateMachineUpdater: set stopIndex = 0
2019-09-26 13:21:31,256 [main] INFO  segmented.SegmentedRaftLogWorker (SegmentedRaftLogWorker.java:close(228)) - 62684552-2d14-4fa0-a8ac-9ab43a1e29b8@group-F27E462E12D5-SegmentedRaftLogWorker close()
2019-09-26 13:21:31,256 [ForkJoinPool.commonPool-worker-0] INFO  impl.RaftServerImpl (ServerState.java:close(385)) - 62684552-2d14-4fa0-a8ac-9ab43a1e29b8@group-1469D711682F: closes. applyIndex: 0
2019-09-26 13:21:31,257 [62684552-2d14-4fa0-a8ac-9ab43a1e29b8@group-1469D711682F-SegmentedRaftLogWorker] INFO  segmented.SegmentedRaftLogWorker (SegmentedRaftLogWorker.java:run(313)) - 62684552-2d14-4fa0-a8ac-9ab43a1e29b8@group-1469D711682F-SegmentedRaftLogWorker was interrupted, exiting. There are 0 tasks remaining in the queue.
2019-09-26 13:21:31,258 [ForkJoinPool.commonPool-worker-0] INFO  segmented.SegmentedRaftLogWorker (SegmentedRaftLogWorker.java:close(228)) - 62684552-2d14-4fa0-a8ac-9ab43a1e29b8@group-1469D711682F-SegmentedRaftLogWorker close()
2019-09-26 13:21:31,259 [ForkJoinPool.commonPool-worker-0] INFO  impl.RaftServerImpl (RaftServerImpl.java:lambda$shutdown$3(251)) - 62684552-2d14-4fa0-a8ac-9ab43a1e29b8@group-A8EC5EF97DFA: shutdown
2019-09-26 13:21:31,259 [ForkJoinPool.commonPool-worker-0] INFO  util.JmxRegister (JmxRegister.java:unregister(73)) - Successfully un-registered JMX Bean with object name Ratis:service=RaftServer,group=group-A8EC5EF97DFA,id=62684552-2d14-4fa0-a8ac-9ab43a1e29b8
2019-09-26 13:21:31,259 [ForkJoinPool.commonPool-worker-0] INFO  impl.RoleInfo (RoleInfo.java:shutdownLeaderState(104)) - 62684552-2d14-4fa0-a8ac-9ab43a1e29b8: shutdown LeaderState
2019-09-26 13:21:31,259 [ForkJoinPool.commonPool-worker-0] INFO  impl.PendingRequests (PendingRequests.java:sendNotLeaderResponses(202)) - 62684552-2d14-4fa0-a8ac-9ab43a1e29b8-PendingRequests: sendNotLeaderResponses
2019-09-26 13:21:31,259 [ForkJoinPool.commonPool-worker-0] INFO  impl.StateMachineUpdater (StateMachineUpdater.java:stopAndJoin(125)) - 62684552-2d14-4fa0-a8ac-9ab43a1e29b8@group-A8EC5EF97DFA-StateMachineUpdater: set stopIndex = 0
2019-09-26 13:21:31,260 [ForkJoinPool.commonPool-worker-0] INFO  impl.RaftServerImpl (ServerState.java:close(385)) - 62684552-2d14-4fa0-a8ac-9ab43a1e29b8@group-A8EC5EF97DFA: closes. applyIndex: 0
2019-09-26 13:21:31,263 [62684552-2d14-4fa0-a8ac-9ab43a1e29b8@group-A8EC5EF97DFA-SegmentedRaftLogWorker] INFO  segmented.SegmentedRaftLogWorker (SegmentedRaftLogWorker.java:run(313)) - 62684552-2d14-4fa0-a8ac-9ab43a1e29b8@group-A8EC5EF97DFA-SegmentedRaftLogWorker was interrupted, exiting. There are 0 tasks remaining in the queue.
2019-09-26 13:21:31,263 [ForkJoinPool.commonPool-worker-0] INFO  segmented.SegmentedRaftLogWorker (SegmentedRaftLogWorker.java:close(228)) - 62684552-2d14-4fa0-a8ac-9ab43a1e29b8@group-A8EC5EF97DFA-SegmentedRaftLogWorker close()
2019-09-26 13:21:31,268 [ForkJoinPool.commonPool-worker-0] INFO  impl.RaftServerImpl (RaftServerImpl.java:lambda$shutdown$3(251)) - 62684552-2d14-4fa0-a8ac-9ab43a1e29b8@group-5710EEAEDE3A: shutdown
2019-09-26 13:21:31,269 [ForkJoinPool.commonPool-worker-0] INFO  util.JmxRegister (JmxRegister.java:unregister(73)) - Successfully un-registered JMX Bean with object name Ratis:service=RaftServer,group=group-5710EEAEDE3A,id=62684552-2d14-4fa0-a8ac-9ab43a1e29b8
2019-09-26 13:21:31,269 [ForkJoinPool.commonPool-worker-0] INFO  impl.RoleInfo (RoleInfo.java:shutdownLeaderState(104)) - 62684552-2d14-4fa0-a8ac-9ab43a1e29b8: shutdown LeaderState
2019-09-26 13:21:31,269 [ForkJoinPool.commonPool-worker-0] INFO  impl.PendingRequests (PendingRequests.java:sendNotLeaderResponses(202)) - 62684552-2d14-4fa0-a8ac-9ab43a1e29b8-PendingRequests: sendNotLeaderResponses
2019-09-26 13:21:31,269 [ForkJoinPool.commonPool-worker-0] INFO  impl.StateMachineUpdater (StateMachineUpdater.java:stopAndJoin(125)) - 62684552-2d14-4fa0-a8ac-9ab43a1e29b8@group-5710EEAEDE3A-StateMachineUpdater: set stopIndex = 0
2019-09-26 13:21:31,269 [ForkJoinPool.commonPool-worker-0] INFO  impl.RaftServerImpl (ServerState.java:close(385)) - 62684552-2d14-4fa0-a8ac-9ab43a1e29b8@group-5710EEAEDE3A: closes. applyIndex: 0
2019-09-26 13:21:31,270 [62684552-2d14-4fa0-a8ac-9ab43a1e29b8@group-5710EEAEDE3A-SegmentedRaftLogWorker] INFO  segmented.SegmentedRaftLogWorker (SegmentedRaftLogWorker.java:run(313)) - 62684552-2d14-4fa0-a8ac-9ab43a1e29b8@group-5710EEAEDE3A-SegmentedRaftLogWorker was interrupted, exiting. There are 0 tasks remaining in the queue.
2019-09-26 13:21:31,270 [ForkJoinPool.commonPool-worker-0] INFO  segmented.SegmentedRaftLogWorker (SegmentedRaftLogWorker.java:close(228)) - 62684552-2d14-4fa0-a8ac-9ab43a1e29b8@group-5710EEAEDE3A-SegmentedRaftLogWorker close()
2019-09-26 13:21:31,271 [main] INFO  server.GrpcService (GrpcService.java:closeImpl(164)) - 62684552-2d14-4fa0-a8ac-9ab43a1e29b8: shutdown server with port 45794 now
2019-09-26 13:21:31,273 [main] INFO  server.GrpcService (GrpcService.java:closeImpl(172)) - 62684552-2d14-4fa0-a8ac-9ab43a1e29b8: shutdown server with port 45794 successfully
2019-09-26 13:21:31,276 [refreshUsed-/workdir/hadoop-ozone/ozonefs/target/test-dir/MiniOzoneClusterImpl-2c717051-d98f-4757-bca5-e960ea56bcc7/datanode-2/data/containers] WARN  fs.CachingGetSpaceUsed (CachingGetSpaceUsed.java:run(183)) - Thread Interrupted waiting to refresh disk information: sleep interrupted
2019-09-26 13:21:31,296 [main] INFO  utils.BackgroundService (BackgroundService.java:shutdown(148)) - Shutting down service BlockDeletingService
2019-09-26 13:21:31,299 [main] INFO  statemachine.DatanodeStateMachine (DatanodeStateMachine.java:stopDaemon(395)) - Ozone container server stopped.
2019-09-26 13:21:31,300 [main] INFO  handler.ContextHandler (ContextHandler.java:doStop(910)) - Stopped o.e.j.w.WebAppContext@52f8a6f4{/,null,UNAVAILABLE}{/hddsDatanode}
2019-09-26 13:21:31,301 [main] INFO  server.AbstractConnector (AbstractConnector.java:doStop(318)) - Stopped ServerConnector@5012c571{HTTP/1.1,[http/1.1]}{0.0.0.0:0}
2019-09-26 13:21:31,301 [main] INFO  handler.ContextHandler (ContextHandler.java:doStop(910)) - Stopped o.e.j.s.ServletContextHandler@747f6c5a{/static,jar:file:/home/user/.m2/repository/org/apache/hadoop/hadoop-hdds-container-service/0.5.0-SNAPSHOT/hadoop-hdds-container-service-0.5.0-SNAPSHOT.jar!/webapps/static,UNAVAILABLE}
2019-09-26 13:21:31,302 [main] INFO  handler.ContextHandler (ContextHandler.java:doStop(910)) - Stopped o.e.j.s.ServletContextHandler@72c9ebfa{/logs,file:///workdir/hadoop-ozone/ozonefs/target/log,UNAVAILABLE}
2019-09-26 13:21:31,303 [main] INFO  ozone.MiniOzoneClusterImpl (MiniOzoneClusterImpl.java:stopSCM(392)) - Stopping the StorageContainerManager
2019-09-26 13:21:31,303 [main] INFO  server.StorageContainerManager (StorageContainerManager.java:stop(808)) - Stopping Replication Manager Service.
2019-09-26 13:21:31,303 [main] INFO  container.ReplicationManager (ReplicationManager.java:stop(204)) - Stopping Replication Monitor Thread.
2019-09-26 13:21:31,303 [main] INFO  server.StorageContainerManager (StorageContainerManager.java:stop(815)) - Stopping Lease Manager of the command watchers
2019-09-26 13:21:31,303 [main] INFO  server.StorageContainerManager (StorageContainerManager.java:stop(822)) - Stopping datanode service RPC server
2019-09-26 13:21:31,304 [main] INFO  server.SCMDatanodeProtocolServer (SCMDatanodeProtocolServer.java:stop(367)) - Stopping the RPC server for DataNodes
2019-09-26 13:21:31,304 [main] INFO  ipc.Server (Server.java:stop(3082)) - Stopping server on 32922
2019-09-26 13:21:31,306 [IPC Server listener on 32922] INFO  ipc.Server (Server.java:run(1185)) - Stopping IPC Server listener on 32922
2019-09-26 13:21:31,306 [IPC Server Responder] INFO  ipc.Server (Server.java:run(1319)) - Stopping IPC Server Responder
2019-09-26 13:21:31,308 [SCM Heartbeat Processing Thread - 0] WARN  node.NodeStateManager (NodeStateManager.java:scheduleNextHealthCheck(655)) - Current Thread is interrupted, shutting down HB processing thread for Node Manager.
2019-09-26 13:21:31,308 [main] INFO  server.StorageContainerManager (StorageContainerManager.java:stop(830)) - Stopping block service RPC server
2019-09-26 13:21:31,308 [main] INFO  server.SCMBlockProtocolServer (SCMBlockProtocolServer.java:stop(155)) - Stopping the RPC server for Block Protocol
2019-09-26 13:21:31,308 [main] INFO  ipc.Server (Server.java:stop(3082)) - Stopping server on 36087
2019-09-26 13:21:31,315 [main] INFO  server.StorageContainerManager (StorageContainerManager.java:stop(837)) - Stopping the StorageContainerLocationProtocol RPC server
2019-09-26 13:21:31,315 [IPC Server Responder] INFO  ipc.Server (Server.java:run(1319)) - Stopping IPC Server Responder
2019-09-26 13:21:31,316 [main] INFO  server.SCMClientProtocolServer (SCMClientProtocolServer.java:stop(159)) - Stopping the RPC server for Client Protocol
2019-09-26 13:21:31,316 [main] INFO  ipc.Server (Server.java:stop(3082)) - Stopping server on 46358
2019-09-26 13:21:31,315 [IPC Server listener on 36087] INFO  ipc.Server (Server.java:run(1185)) - Stopping IPC Server listener on 36087
2019-09-26 13:21:31,319 [IPC Server listener on 46358] INFO  ipc.Server (Server.java:run(1185)) - Stopping IPC Server listener on 46358
2019-09-26 13:21:31,319 [main] INFO  server.StorageContainerManager (StorageContainerManager.java:stop(844)) - Stopping Storage Container Manager HTTP server.
2019-09-26 13:21:31,319 [IPC Server Responder] INFO  ipc.Server (Server.java:run(1319)) - Stopping IPC Server Responder
2019-09-26 13:21:31,321 [main] INFO  handler.ContextHandler (ContextHandler.java:doStop(910)) - Stopped o.e.j.w.WebAppContext@67acfde9{/,null,UNAVAILABLE}{/scm}
2019-09-26 13:21:31,321 [main] INFO  server.AbstractConnector (AbstractConnector.java:doStop(318)) - Stopped ServerConnector@3b088163{HTTP/1.1,[http/1.1]}{0.0.0.0:0}
2019-09-26 13:21:31,322 [main] INFO  handler.ContextHandler (ContextHandler.java:doStop(910)) - Stopped o.e.j.s.ServletContextHandler@560271a1{/static,jar:file:/home/user/.m2/repository/org/apache/hadoop/hadoop-hdds-server-scm/0.5.0-SNAPSHOT/hadoop-hdds-server-scm-0.5.0-SNAPSHOT.jar!/webapps/static,UNAVAILABLE}
2019-09-26 13:21:31,322 [main] INFO  handler.ContextHandler (ContextHandler.java:doStop(910)) - Stopped o.e.j.s.ServletContextHandler@20440c6c{/logs,file:///workdir/hadoop-ozone/ozonefs/target/log,UNAVAILABLE}
2019-09-26 13:21:31,322 [main] INFO  server.StorageContainerManager (StorageContainerManager.java:stop(855)) - Stopping Block Manager Service.
2019-09-26 13:21:31,323 [main] INFO  utils.BackgroundService (BackgroundService.java:shutdown(148)) - Shutting down service SCMBlockDeletingService
2019-09-26 13:21:31,323 [main] INFO  utils.BackgroundService (BackgroundService.java:shutdown(148)) - Shutting down service SCMBlockDeletingService
2019-09-26 13:21:31,323 [main] INFO  server.StorageContainerManager (StorageContainerManager.java:stop(877)) - Stopping SCM Event Queue.
2019-09-26 13:21:31,328 [main] INFO  impl.MetricsSystemImpl (MetricsSystemImpl.java:stop(210)) - Stopping HddsDatanode metrics system...
2019-09-26 13:21:31,336 [main] INFO  impl.MetricsSystemImpl (MetricsSystemImpl.java:stop(216)) - HddsDatanode metrics system stopped.
]]></system-out>
  </testcase>
  <testcase name="testOzoneManagerFileSystemInterface[1]" classname="org.apache.hadoop.fs.ozone.TestOzoneFileInterfaces" time="16.993"/>
  <testcase name="testListStatus[1]" classname="org.apache.hadoop.fs.ozone.TestOzoneFileInterfaces" time="15.894"/>
  <testcase name="testDirectory[1]" classname="org.apache.hadoop.fs.ozone.TestOzoneFileInterfaces" time="16.773"/>
  <testcase name="testPathToKey[1]" classname="org.apache.hadoop.fs.ozone.TestOzoneFileInterfaces" time="17.049"/>
  <testcase name="testFileSystemInit[1]" classname="org.apache.hadoop.fs.ozone.TestOzoneFileInterfaces" time="17.369"/>
  <testcase name="testOzFsReadWrite[1]" classname="org.apache.hadoop.fs.ozone.TestOzoneFileInterfaces" time="17.394">
    <error message="Allocated 0 blocks. Requested 1 blocks" type="INTERNAL_ERROR org.apache.hadoop.ozone.om.exceptions.OMException">INTERNAL_ERROR org.apache.hadoop.ozone.om.exceptions.OMException: Allocated 0 blocks. Requested 1 blocks
	at org.apache.hadoop.ozone.om.protocolPB.OzoneManagerProtocolClientSideTranslatorPB.handleError(OzoneManagerProtocolClientSideTranslatorPB.java:732)
	at org.apache.hadoop.ozone.om.protocolPB.OzoneManagerProtocolClientSideTranslatorPB.createFile(OzoneManagerProtocolClientSideTranslatorPB.java:1536)
	at sun.reflect.NativeMethodAccessorImpl.invoke0(Native Method)
	at sun.reflect.NativeMethodAccessorImpl.invoke(NativeMethodAccessorImpl.java:62)
	at sun.reflect.DelegatingMethodAccessorImpl.invoke(DelegatingMethodAccessorImpl.java:43)
	at java.lang.reflect.Method.invoke(Method.java:498)
	at org.apache.hadoop.hdds.tracing.TraceAllMethod.invoke(TraceAllMethod.java:66)
	at com.sun.proxy.$Proxy39.createFile(Unknown Source)
	at org.apache.hadoop.ozone.client.rpc.RpcClient.createFile(RpcClient.java:1006)
	at org.apache.hadoop.ozone.client.OzoneBucket.createFile(OzoneBucket.java:537)
	at org.apache.hadoop.fs.ozone.BasicOzoneClientAdapterImpl.createFile(BasicOzoneClientAdapterImpl.java:205)
	at org.apache.hadoop.fs.ozone.BasicOzoneFileSystem.createOutputStream(BasicOzoneFileSystem.java:250)
	at org.apache.hadoop.fs.ozone.BasicOzoneFileSystem.create(BasicOzoneFileSystem.java:231)
	at org.apache.hadoop.fs.FileSystem.create(FileSystem.java:1118)
	at org.apache.hadoop.fs.FileSystem.create(FileSystem.java:1098)
	at org.apache.hadoop.fs.FileSystem.create(FileSystem.java:987)
	at org.apache.hadoop.fs.FileSystem.create(FileSystem.java:975)
	at org.apache.hadoop.fs.ozone.TestOzoneFileInterfaces.testOzFsReadWrite(TestOzoneFileInterfaces.java:169)
	at sun.reflect.NativeMethodAccessorImpl.invoke0(Native Method)
	at sun.reflect.NativeMethodAccessorImpl.invoke(NativeMethodAccessorImpl.java:62)
	at sun.reflect.DelegatingMethodAccessorImpl.invoke(DelegatingMethodAccessorImpl.java:43)
	at java.lang.reflect.Method.invoke(Method.java:498)
	at org.junit.runners.model.FrameworkMethod$1.runReflectiveCall(FrameworkMethod.java:47)
	at org.junit.internal.runners.model.ReflectiveCallable.run(ReflectiveCallable.java:12)
	at org.junit.runners.model.FrameworkMethod.invokeExplosively(FrameworkMethod.java:44)
	at org.junit.internal.runners.statements.InvokeMethod.evaluate(InvokeMethod.java:17)
	at org.junit.internal.runners.statements.RunBefores.evaluate(RunBefores.java:26)
	at org.junit.internal.runners.statements.RunAfters.evaluate(RunAfters.java:27)
	at org.junit.runners.ParentRunner.runLeaf(ParentRunner.java:271)
	at org.junit.runners.BlockJUnit4ClassRunner.runChild(BlockJUnit4ClassRunner.java:70)
	at org.junit.runners.BlockJUnit4ClassRunner.runChild(BlockJUnit4ClassRunner.java:50)
	at org.junit.runners.ParentRunner$3.run(ParentRunner.java:238)
	at org.junit.runners.ParentRunner$1.schedule(ParentRunner.java:63)
	at org.junit.runners.ParentRunner.runChildren(ParentRunner.java:236)
	at org.junit.runners.ParentRunner.access$000(ParentRunner.java:53)
	at org.junit.runners.ParentRunner$2.evaluate(ParentRunner.java:229)
	at org.junit.runners.ParentRunner.run(ParentRunner.java:309)
	at org.junit.runners.Suite.runChild(Suite.java:127)
	at org.junit.runners.Suite.runChild(Suite.java:26)
	at org.junit.runners.ParentRunner$3.run(ParentRunner.java:238)
	at org.junit.runners.ParentRunner$1.schedule(ParentRunner.java:63)
	at org.junit.runners.ParentRunner.runChildren(ParentRunner.java:236)
	at org.junit.runners.ParentRunner.access$000(ParentRunner.java:53)
	at org.junit.runners.ParentRunner$2.evaluate(ParentRunner.java:229)
	at org.junit.runners.ParentRunner.run(ParentRunner.java:309)
	at org.apache.maven.surefire.junit4.JUnit4Provider.execute(JUnit4Provider.java:365)
	at org.apache.maven.surefire.junit4.JUnit4Provider.executeWithRerun(JUnit4Provider.java:273)
	at org.apache.maven.surefire.junit4.JUnit4Provider.executeTestSet(JUnit4Provider.java:238)
	at org.apache.maven.surefire.junit4.JUnit4Provider.invoke(JUnit4Provider.java:159)
	at org.apache.maven.surefire.booter.ForkedBooter.invokeProviderInSameClassLoader(ForkedBooter.java:384)
	at org.apache.maven.surefire.booter.ForkedBooter.runSuitesInProcess(ForkedBooter.java:345)
	at org.apache.maven.surefire.booter.ForkedBooter.execute(ForkedBooter.java:126)
	at org.apache.maven.surefire.booter.ForkedBooter.main(ForkedBooter.java:418)
</error>
    <system-out><![CDATA[2019-09-26 13:22:55,456 [main] WARN  server.ServerUtils (ServerUtils.java:getScmDbDir(145)) - ozone.scm.db.dirs is not configured. We recommend adding this setting. Falling back to ozone.metadata.dirs instead.
2019-09-26 13:22:55,526 [main] WARN  server.ServerUtils (ServerUtils.java:getScmDbDir(145)) - ozone.scm.db.dirs is not configured. We recommend adding this setting. Falling back to ozone.metadata.dirs instead.
2019-09-26 13:22:55,526 [main] WARN  server.ServerUtils (ServerUtils.java:getScmDbDir(145)) - ozone.scm.db.dirs is not configured. We recommend adding this setting. Falling back to ozone.metadata.dirs instead.
2019-09-26 13:22:55,527 [main] INFO  db.DBStoreBuilder (DBStoreBuilder.java:addTable(110)) - using custom profile for table: deletedBlocks
2019-09-26 13:22:55,527 [main] INFO  db.DBStoreBuilder (DBStoreBuilder.java:processTables(161)) - Using default column profile:DBProfile.DISK for Table:deletedBlocks
2019-09-26 13:22:55,527 [main] INFO  db.DBStoreBuilder (DBStoreBuilder.java:addTable(110)) - using custom profile for table: validCerts
2019-09-26 13:22:55,528 [main] INFO  db.DBStoreBuilder (DBStoreBuilder.java:processTables(161)) - Using default column profile:DBProfile.DISK for Table:validCerts
2019-09-26 13:22:55,528 [main] INFO  db.DBStoreBuilder (DBStoreBuilder.java:addTable(110)) - using custom profile for table: revokedCerts
2019-09-26 13:22:55,528 [main] INFO  db.DBStoreBuilder (DBStoreBuilder.java:processTables(161)) - Using default column profile:DBProfile.DISK for Table:revokedCerts
2019-09-26 13:22:55,528 [main] INFO  db.DBStoreBuilder (DBStoreBuilder.java:addTable(110)) - using custom profile for table: default
2019-09-26 13:22:55,529 [main] INFO  db.DBStoreBuilder (DBStoreBuilder.java:processTables(167)) - Using default column profile:DBProfile.DISK for Table:default
2019-09-26 13:22:55,529 [main] INFO  db.DBStoreBuilder (DBStoreBuilder.java:getDbProfile(198)) - Using default options. DBProfile.DISK
2019-09-26 13:22:55,733 [main] INFO  net.NodeSchemaLoader (NodeSchemaLoader.java:loadSchemaFromFile(125)) - Loading file from sun.misc.CompoundEnumeration@460eb276
2019-09-26 13:22:55,733 [main] INFO  net.NodeSchemaLoader (NodeSchemaLoader.java:loadSchema(171)) - Loading network topology layer schema file
2019-09-26 13:22:55,737 [main] WARN  server.ServerUtils (ServerUtils.java:sanitizeUserArgs(70)) - ozone.scm.stale.node.interval value = 300000 is larger than max = 100000 based on the key value of ozone.scm.heartbeat.thread.interval, reset to the max value 100000.
2019-09-26 13:22:55,737 [main] WARN  server.ServerUtils (ServerUtils.java:sanitizeUserArgs(70)) - ozone.scm.stale.node.interval value = 300000 is larger than max = 100000 based on the key value of ozone.scm.heartbeat.thread.interval, reset to the max value 100000.
2019-09-26 13:22:55,738 [main] INFO  node.SCMNodeManager (SCMNodeManager.java:<init>(114)) - Entering startup safe mode.
2019-09-26 13:22:55,738 [main] INFO  algorithms.ContainerPlacementPolicyFactory (ContainerPlacementPolicyFactory.java:getPolicy(59)) - Create container placement policy of type org.apache.hadoop.hdds.scm.container.placement.algorithms.SCMContainerPlacementRandom
2019-09-26 13:22:55,739 [main] WARN  server.ServerUtils (ServerUtils.java:getScmDbDir(145)) - ozone.scm.db.dirs is not configured. We recommend adding this setting. Falling back to ozone.metadata.dirs instead.
2019-09-26 13:22:55,769 [main] INFO  pipeline.SCMPipelineManager (SCMPipelineManager.java:initializePipelineState(132)) - No pipeline exists in current db
2019-09-26 13:22:55,769 [main] WARN  server.ServerUtils (ServerUtils.java:getScmDbDir(145)) - ozone.scm.db.dirs is not configured. We recommend adding this setting. Falling back to ozone.metadata.dirs instead.
2019-09-26 13:22:55,814 [main] WARN  events.EventQueue (EventQueue.java:fireEvent(183)) - No event handler registered for event TypedEvent{payloadType=SafeModeStatus, name='SafeModeStatus'}
2019-09-26 13:22:55,815 [main] INFO  ipc.CallQueueManager (CallQueueManager.java:<init>(84)) - Using callQueue: class java.util.concurrent.LinkedBlockingQueue, queueCapacity: 2000, scheduler: class org.apache.hadoop.ipc.DefaultRpcScheduler, ipcBackoff: false.
2019-09-26 13:22:55,816 [Socket Reader #1 for port 42035] INFO  ipc.Server (Server.java:run(1074)) - Starting Socket Reader #1 for port 42035
2019-09-26 13:22:55,819 [main] INFO  ipc.CallQueueManager (CallQueueManager.java:<init>(84)) - Using callQueue: class java.util.concurrent.LinkedBlockingQueue, queueCapacity: 2000, scheduler: class org.apache.hadoop.ipc.DefaultRpcScheduler, ipcBackoff: false.
2019-09-26 13:22:55,820 [Socket Reader #1 for port 44552] INFO  ipc.Server (Server.java:run(1074)) - Starting Socket Reader #1 for port 44552
2019-09-26 13:22:55,822 [main] INFO  ipc.CallQueueManager (CallQueueManager.java:<init>(84)) - Using callQueue: class java.util.concurrent.LinkedBlockingQueue, queueCapacity: 2000, scheduler: class org.apache.hadoop.ipc.DefaultRpcScheduler, ipcBackoff: false.
2019-09-26 13:22:55,823 [Socket Reader #1 for port 34400] INFO  ipc.Server (Server.java:run(1074)) - Starting Socket Reader #1 for port 34400
2019-09-26 13:22:55,826 [main] INFO  hdfs.DFSUtil (DFSUtil.java:httpServerTemplateForNNAndJN(1641)) - Starting Web-server for scm at: http://0.0.0.0:0
2019-09-26 13:22:55,828 [main] INFO  server.AuthenticationFilter (AuthenticationFilter.java:constructSecretProvider(240)) - Unable to initialize FileSignerSecretProvider, falling back to use random secrets.
2019-09-26 13:22:55,829 [main] WARN  http.HttpRequestLog (HttpRequestLog.java:getRequestLog(97)) - Jetty request log can only be enabled using Log4j
2019-09-26 13:22:55,830 [main] INFO  http.HttpServer2 (HttpServer2.java:addGlobalFilter(975)) - Added global filter 'safety' (class=org.apache.hadoop.http.HttpServer2$QuotingInputFilter)
2019-09-26 13:22:55,831 [main] INFO  http.HttpServer2 (HttpServer2.java:addFilter(948)) - Added filter static_user_filter (class=org.apache.hadoop.http.lib.StaticUserWebFilter$StaticUserFilter) to context scm
2019-09-26 13:22:55,831 [main] INFO  http.HttpServer2 (HttpServer2.java:addFilter(958)) - Added filter static_user_filter (class=org.apache.hadoop.http.lib.StaticUserWebFilter$StaticUserFilter) to context static
2019-09-26 13:22:55,831 [main] INFO  http.HttpServer2 (HttpServer2.java:addFilter(958)) - Added filter static_user_filter (class=org.apache.hadoop.http.lib.StaticUserWebFilter$StaticUserFilter) to context logs
2019-09-26 13:22:55,832 [main] INFO  server.StorageContainerManager (StorageContainerManager.java:start(770)) - StorageContainerLocationProtocol RPC server is listening at /0.0.0.0:34400
2019-09-26 13:22:55,835 [main] WARN  impl.MetricsConfig (MetricsConfig.java:loadFirst(134)) - Cannot locate configuration: tried hadoop-metrics2-storagecontainermanager.properties,hadoop-metrics2.properties
2019-09-26 13:22:55,835 [main] INFO  impl.MetricsSystemImpl (MetricsSystemImpl.java:startTimer(374)) - Scheduled Metric snapshot period at 10 second(s).
2019-09-26 13:22:55,836 [main] INFO  impl.MetricsSystemImpl (MetricsSystemImpl.java:start(191)) - StorageContainerManager metrics system started
2019-09-26 13:22:55,964 [main] WARN  impl.MetricsSystemImpl (MetricsSystemImpl.java:register(276)) - Sink prometheus already exists!
2019-09-26 13:22:56,213 [main] INFO  server.SCMClientProtocolServer (SCMClientProtocolServer.java:start(151)) - RPC server for Client  is listening at /0.0.0.0:34400
2019-09-26 13:22:56,213 [IPC Server Responder] INFO  ipc.Server (Server.java:run(1314)) - IPC Server Responder: starting
2019-09-26 13:22:56,213 [IPC Server listener on 34400] INFO  ipc.Server (Server.java:run(1153)) - IPC Server listener on 34400: starting
2019-09-26 13:22:56,220 [main] INFO  server.StorageContainerManager (StorageContainerManager.java:start(780)) - ScmBlockLocationProtocol RPC server is listening at /0.0.0.0:44552
2019-09-26 13:22:56,220 [main] INFO  server.SCMBlockProtocolServer (SCMBlockProtocolServer.java:start(146)) - RPC server for Block Protocol is listening at /0.0.0.0:44552
2019-09-26 13:22:56,220 [IPC Server Responder] INFO  ipc.Server (Server.java:run(1314)) - IPC Server Responder: starting
2019-09-26 13:22:56,220 [IPC Server listener on 44552] INFO  ipc.Server (Server.java:run(1153)) - IPC Server listener on 44552: starting
2019-09-26 13:22:56,226 [main] INFO  server.StorageContainerManager (StorageContainerManager.java:start(784)) - ScmDatanodeProtocl RPC server is listening at /0.0.0.0:42035
2019-09-26 13:22:56,226 [main] INFO  server.SCMDatanodeProtocolServer (SCMDatanodeProtocolServer.java:start(191)) - RPC server for DataNodes is listening at /0.0.0.0:42035
2019-09-26 13:22:56,226 [IPC Server Responder] INFO  ipc.Server (Server.java:run(1314)) - IPC Server Responder: starting
2019-09-26 13:22:56,226 [IPC Server listener on 42035] INFO  ipc.Server (Server.java:run(1153)) - IPC Server listener on 42035: starting
2019-09-26 13:22:56,232 [main] INFO  http.HttpServer2 (HttpServer2.java:bindListener(1191)) - Jetty bound to port 44926
2019-09-26 13:22:56,232 [main] INFO  server.Server (Server.java:doStart(351)) - jetty-9.3.25.v20180904, build timestamp: 2018-09-04T21:11:46Z, git hash: 3ce520221d0240229c862b122d2b06c12a625732
2019-09-26 13:22:56,234 [main] INFO  handler.ContextHandler (ContextHandler.java:doStart(781)) - Started o.e.j.s.ServletContextHandler@8549c5f{/logs,file:///workdir/hadoop-ozone/ozonefs/target/log,AVAILABLE}
2019-09-26 13:22:56,234 [main] INFO  handler.ContextHandler (ContextHandler.java:doStart(781)) - Started o.e.j.s.ServletContextHandler@50f3ba6a{/static,jar:file:/home/user/.m2/repository/org/apache/hadoop/hadoop-hdds-server-scm/0.5.0-SNAPSHOT/hadoop-hdds-server-scm-0.5.0-SNAPSHOT.jar!/webapps/static,AVAILABLE}
2019-09-26 13:22:56,285 [main] INFO  handler.ContextHandler (ContextHandler.java:doStart(781)) - Started o.e.j.w.WebAppContext@74830d73{/,file:///tmp/jetty-0.0.0.0-44926-scm-_-any-2642630127319296832.dir/webapp/,AVAILABLE}{/scm}
2019-09-26 13:22:56,285 [main] INFO  server.AbstractConnector (AbstractConnector.java:doStart(278)) - Started ServerConnector@1827fc4e{HTTP/1.1,[http/1.1]}{0.0.0.0:44926}
2019-09-26 13:22:56,286 [main] INFO  server.Server (Server.java:doStart(419)) - Started @189453ms
2019-09-26 13:22:56,287 [main] WARN  impl.MetricsSystemImpl (MetricsSystemImpl.java:register(276)) - Sink prometheus already exists!
2019-09-26 13:22:56,288 [main] INFO  server.BaseHttpServer (BaseHttpServer.java:updateConnectorAddress(215)) - HTTP server of SCM is listening at http://0.0.0.0:44926
2019-09-26 13:22:56,289 [main] WARN  server.ServerUtils (ServerUtils.java:getDBPath(222)) - ozone.om.db.dirs is not configured. We recommend adding this setting. Falling back to ozone.metadata.dirs instead.
2019-09-26 13:22:56,289 [org.apache.hadoop.util.JvmPauseMonitor$Monitor@2faf6e4a] INFO  util.JvmPauseMonitor (JvmPauseMonitor.java:run(188)) - Starting JVM pause monitor
2019-09-26 13:22:56,304 [main] WARN  server.ServerUtils (ServerUtils.java:getDBPath(222)) - ozone.om.db.dirs is not configured. We recommend adding this setting. Falling back to ozone.metadata.dirs instead.
2019-09-26 13:22:56,305 [main] WARN  server.ServerUtils (ServerUtils.java:getDBPath(222)) - ozone.om.db.dirs is not configured. We recommend adding this setting. Falling back to ozone.metadata.dirs instead.
2019-09-26 13:22:56,305 [main] INFO  om.OzoneManager (OzoneManager.java:setOMNodeDetails(652)) - OM Service ID is not set. Setting it to the default ID: omServiceIdDefault
2019-09-26 13:22:56,305 [main] INFO  om.OzoneManager (OzoneManager.java:setOMNodeDetails(658)) - OM Node ID is not set. Setting it to the OmStorage's OmID: e346e0b5-d03e-4955-be83-957414e898d0
2019-09-26 13:22:56,305 [main] INFO  om.OzoneManager (OzoneManager.java:loadOMHAConfigs(609)) - Found matching OM address with OMServiceId: null, OMNodeId: null, RPC Address: localhost:0 and Ratis port: 9872
2019-09-26 13:22:56,314 [main] WARN  server.ServerUtils (ServerUtils.java:getDBPath(222)) - ozone.om.db.dirs is not configured. We recommend adding this setting. Falling back to ozone.metadata.dirs instead.
2019-09-26 13:22:56,315 [main] INFO  db.DBStoreBuilder (DBStoreBuilder.java:addTable(110)) - using custom profile for table: userTable
2019-09-26 13:22:56,315 [main] INFO  db.DBStoreBuilder (DBStoreBuilder.java:processTables(161)) - Using default column profile:DBProfile.DISK for Table:userTable
2019-09-26 13:22:56,315 [main] INFO  db.DBStoreBuilder (DBStoreBuilder.java:addTable(110)) - using custom profile for table: volumeTable
2019-09-26 13:22:56,316 [main] INFO  db.DBStoreBuilder (DBStoreBuilder.java:processTables(161)) - Using default column profile:DBProfile.DISK for Table:volumeTable
2019-09-26 13:22:56,316 [main] INFO  db.DBStoreBuilder (DBStoreBuilder.java:addTable(110)) - using custom profile for table: bucketTable
2019-09-26 13:22:56,316 [main] INFO  db.DBStoreBuilder (DBStoreBuilder.java:processTables(161)) - Using default column profile:DBProfile.DISK for Table:bucketTable
2019-09-26 13:22:56,316 [main] INFO  db.DBStoreBuilder (DBStoreBuilder.java:addTable(110)) - using custom profile for table: keyTable
2019-09-26 13:22:56,317 [main] INFO  db.DBStoreBuilder (DBStoreBuilder.java:processTables(161)) - Using default column profile:DBProfile.DISK for Table:keyTable
2019-09-26 13:22:56,317 [main] INFO  db.DBStoreBuilder (DBStoreBuilder.java:addTable(110)) - using custom profile for table: deletedTable
2019-09-26 13:22:56,317 [main] INFO  db.DBStoreBuilder (DBStoreBuilder.java:processTables(161)) - Using default column profile:DBProfile.DISK for Table:deletedTable
2019-09-26 13:22:56,318 [main] INFO  db.DBStoreBuilder (DBStoreBuilder.java:addTable(110)) - using custom profile for table: openKeyTable
2019-09-26 13:22:56,318 [main] INFO  db.DBStoreBuilder (DBStoreBuilder.java:processTables(161)) - Using default column profile:DBProfile.DISK for Table:openKeyTable
2019-09-26 13:22:56,318 [main] INFO  db.DBStoreBuilder (DBStoreBuilder.java:addTable(110)) - using custom profile for table: s3Table
2019-09-26 13:22:56,318 [main] INFO  db.DBStoreBuilder (DBStoreBuilder.java:processTables(161)) - Using default column profile:DBProfile.DISK for Table:s3Table
2019-09-26 13:22:56,319 [main] INFO  db.DBStoreBuilder (DBStoreBuilder.java:addTable(110)) - using custom profile for table: multipartInfoTable
2019-09-26 13:22:56,319 [main] INFO  db.DBStoreBuilder (DBStoreBuilder.java:processTables(161)) - Using default column profile:DBProfile.DISK for Table:multipartInfoTable
2019-09-26 13:22:56,319 [main] INFO  db.DBStoreBuilder (DBStoreBuilder.java:addTable(110)) - using custom profile for table: dTokenTable
2019-09-26 13:22:56,320 [main] INFO  db.DBStoreBuilder (DBStoreBuilder.java:processTables(161)) - Using default column profile:DBProfile.DISK for Table:dTokenTable
2019-09-26 13:22:56,320 [main] INFO  db.DBStoreBuilder (DBStoreBuilder.java:addTable(110)) - using custom profile for table: s3SecretTable
2019-09-26 13:22:56,320 [main] INFO  db.DBStoreBuilder (DBStoreBuilder.java:processTables(161)) - Using default column profile:DBProfile.DISK for Table:s3SecretTable
2019-09-26 13:22:56,320 [main] INFO  db.DBStoreBuilder (DBStoreBuilder.java:addTable(110)) - using custom profile for table: prefixTable
2019-09-26 13:22:56,321 [main] INFO  db.DBStoreBuilder (DBStoreBuilder.java:processTables(161)) - Using default column profile:DBProfile.DISK for Table:prefixTable
2019-09-26 13:22:56,321 [main] INFO  db.DBStoreBuilder (DBStoreBuilder.java:addTable(110)) - using custom profile for table: default
2019-09-26 13:22:56,321 [main] INFO  db.DBStoreBuilder (DBStoreBuilder.java:processTables(167)) - Using default column profile:DBProfile.DISK for Table:default
2019-09-26 13:22:56,321 [main] INFO  db.DBStoreBuilder (DBStoreBuilder.java:getDbProfile(198)) - Using default options. DBProfile.DISK
2019-09-26 13:22:56,912 [main] INFO  ipc.CallQueueManager (CallQueueManager.java:<init>(84)) - Using callQueue: class java.util.concurrent.LinkedBlockingQueue, queueCapacity: 2000, scheduler: class org.apache.hadoop.ipc.DefaultRpcScheduler, ipcBackoff: false.
2019-09-26 13:22:56,913 [Socket Reader #1 for port 33359] INFO  ipc.Server (Server.java:run(1074)) - Starting Socket Reader #1 for port 33359
2019-09-26 13:22:56,957 [main] INFO  om.OzoneManager (OzoneManager.java:start(1243)) - OzoneManager RPC server is listening at localhost/127.0.0.1:33359
2019-09-26 13:22:56,958 [main] INFO  impl.MetricsSystemImpl (MetricsSystemImpl.java:init(158)) - OzoneManager metrics system started (again)
2019-09-26 13:22:56,959 [IPC Server Responder] INFO  ipc.Server (Server.java:run(1314)) - IPC Server Responder: starting
2019-09-26 13:22:56,959 [IPC Server listener on 33359] INFO  ipc.Server (Server.java:run(1153)) - IPC Server listener on 33359: starting
2019-09-26 13:22:56,978 [main] INFO  hdfs.DFSUtil (DFSUtil.java:httpServerTemplateForNNAndJN(1641)) - Starting Web-server for ozoneManager at: http://0.0.0.0:0
2019-09-26 13:22:56,981 [main] INFO  server.AuthenticationFilter (AuthenticationFilter.java:constructSecretProvider(240)) - Unable to initialize FileSignerSecretProvider, falling back to use random secrets.
2019-09-26 13:22:56,982 [main] WARN  http.HttpRequestLog (HttpRequestLog.java:getRequestLog(97)) - Jetty request log can only be enabled using Log4j
2019-09-26 13:22:56,985 [main] INFO  http.HttpServer2 (HttpServer2.java:addGlobalFilter(975)) - Added global filter 'safety' (class=org.apache.hadoop.http.HttpServer2$QuotingInputFilter)
2019-09-26 13:22:56,986 [main] INFO  http.HttpServer2 (HttpServer2.java:addFilter(948)) - Added filter static_user_filter (class=org.apache.hadoop.http.lib.StaticUserWebFilter$StaticUserFilter) to context ozoneManager
2019-09-26 13:22:56,986 [main] INFO  http.HttpServer2 (HttpServer2.java:addFilter(958)) - Added filter static_user_filter (class=org.apache.hadoop.http.lib.StaticUserWebFilter$StaticUserFilter) to context logs
2019-09-26 13:22:56,986 [main] INFO  http.HttpServer2 (HttpServer2.java:addFilter(958)) - Added filter static_user_filter (class=org.apache.hadoop.http.lib.StaticUserWebFilter$StaticUserFilter) to context static
2019-09-26 13:22:56,987 [main] INFO  http.HttpServer2 (HttpServer2.java:bindListener(1191)) - Jetty bound to port 36990
2019-09-26 13:22:56,988 [main] INFO  server.Server (Server.java:doStart(351)) - jetty-9.3.25.v20180904, build timestamp: 2018-09-04T21:11:46Z, git hash: 3ce520221d0240229c862b122d2b06c12a625732
2019-09-26 13:22:56,990 [main] INFO  handler.ContextHandler (ContextHandler.java:doStart(781)) - Started o.e.j.s.ServletContextHandler@7c3c3d67{/logs,file:///workdir/hadoop-ozone/ozonefs/target/log,AVAILABLE}
2019-09-26 13:22:56,991 [main] INFO  handler.ContextHandler (ContextHandler.java:doStart(781)) - Started o.e.j.s.ServletContextHandler@2b6fcca1{/static,jar:file:/home/user/.m2/repository/org/apache/hadoop/hadoop-ozone-ozone-manager/0.5.0-SNAPSHOT/hadoop-ozone-ozone-manager-0.5.0-SNAPSHOT.jar!/webapps/static,AVAILABLE}
2019-09-26 13:22:57,054 [main] INFO  handler.ContextHandler (ContextHandler.java:doStart(781)) - Started o.e.j.w.WebAppContext@31f5b923{/,file:///tmp/jetty-0.0.0.0-36990-ozoneManager-_-any-3969958178697941439.dir/webapp/,AVAILABLE}{/ozoneManager}
2019-09-26 13:22:57,055 [main] INFO  server.AbstractConnector (AbstractConnector.java:doStart(278)) - Started ServerConnector@79e2606f{HTTP/1.1,[http/1.1]}{0.0.0.0:36990}
2019-09-26 13:22:57,057 [main] INFO  server.Server (Server.java:doStart(419)) - Started @190223ms
2019-09-26 13:22:57,057 [main] WARN  impl.MetricsSystemImpl (MetricsSystemImpl.java:register(276)) - Sink prometheus already exists!
2019-09-26 13:22:57,059 [main] INFO  server.BaseHttpServer (BaseHttpServer.java:updateConnectorAddress(215)) - HTTP server of OZONEMANAGER is listening at http://0.0.0.0:36990
2019-09-26 13:22:57,068 [main] INFO  impl.MetricsSystemImpl (MetricsSystemImpl.java:init(158)) - HddsDatanode metrics system started (again)
2019-09-26 13:22:57,080 [main] INFO  ozone.HddsDatanodeService (HddsDatanodeService.java:start(184)) - HddsDatanodeService host:pr-hdds-1569-87zkn-1081879488 ip:192.168.164.238
2019-09-26 13:22:57,088 [main] INFO  volume.HddsVolume (HddsVolume.java:<init>(176)) - Creating Volume: /workdir/hadoop-ozone/ozonefs/target/test-dir/MiniOzoneClusterImpl-65334931-5d7a-4f00-a9a9-1cddd3067b9f/datanode-0/data/containers/hdds of  storage type : DISK and capacity : 1482555576320
2019-09-26 13:22:57,088 [main] INFO  volume.VolumeSet (VolumeSet.java:initializeVolumeSet(170)) - Added Volume : /workdir/hadoop-ozone/ozonefs/target/test-dir/MiniOzoneClusterImpl-65334931-5d7a-4f00-a9a9-1cddd3067b9f/datanode-0/data/containers/hdds to VolumeSet
2019-09-26 13:22:57,088 [main] INFO  volume.ThrottledAsyncChecker (ThrottledAsyncChecker.java:schedule(139)) - Scheduling a check for org.apache.hadoop.ozone.container.common.volume.HddsVolume@714c74eb
2019-09-26 13:22:57,089 [main] INFO  volume.HddsVolumeChecker (HddsVolumeChecker.java:checkAllVolumes(202)) - Scheduled health check for volume org.apache.hadoop.ozone.container.common.volume.HddsVolume@714c74eb
2019-09-26 13:22:57,111 [main] INFO  impl.RaftServerProxy (ConfUtils.java:logGet(43)) - raft.rpc.type = GRPC (default)
2019-09-26 13:22:57,112 [main] INFO  grpc.GrpcFactory (GrpcFactory.java:checkPooledByteBufAllocatorUseCacheForAllThreads(45)) - PERFORMANCE WARNING: useCacheForAllThreads is true that may cause Netty to create a lot garbage objects and, as a result, trigger GC.
	It is recommended to disable useCacheForAllThreads by setting -Dorg.apache.ratis.thirdparty.io.netty.allocator.useCacheForAllThreads=false in command line.
2019-09-26 13:22:57,112 [main] INFO  grpc.GrpcConfigKeys$Server (ConfUtils.java:logGet(43)) - raft.grpc.server.port = 0 (default)
2019-09-26 13:22:57,112 [main] INFO  server.GrpcService (ConfUtils.java:logGet(43)) - raft.grpc.message.size.max = 33570816 (custom)
2019-09-26 13:22:57,112 [main] INFO  server.RaftServerConfigKeys (ConfUtils.java:logGet(43)) - raft.server.log.appender.buffer.byte-limit = 33554432 (custom)
2019-09-26 13:22:57,113 [main] INFO  server.GrpcService (ConfUtils.java:logGet(43)) - raft.grpc.flow.control.window = 1MB (=1048576) (default)
2019-09-26 13:22:57,113 [main] INFO  server.RaftServerConfigKeys (ConfUtils.java:logGet(43)) - raft.server.rpc.request.timeout = 3000ms (default)
2019-09-26 13:22:57,113 [main] INFO  server.RaftServerConfigKeys (ConfUtils.java:logGet(43)) - raft.server.storage.dir = [/workdir/hadoop-ozone/ozonefs/target/test-dir/MiniOzoneClusterImpl-65334931-5d7a-4f00-a9a9-1cddd3067b9f/datanode-0/data/ratis] (custom)
2019-09-26 13:22:57,115 [main] INFO  hdfs.DFSUtil (DFSUtil.java:httpServerTemplateForNNAndJN(1641)) - Starting Web-server for hddsDatanode at: http://0.0.0.0:0
2019-09-26 13:22:57,116 [main] INFO  server.AuthenticationFilter (AuthenticationFilter.java:constructSecretProvider(240)) - Unable to initialize FileSignerSecretProvider, falling back to use random secrets.
2019-09-26 13:22:57,116 [main] WARN  http.HttpRequestLog (HttpRequestLog.java:getRequestLog(97)) - Jetty request log can only be enabled using Log4j
2019-09-26 13:22:57,118 [main] INFO  http.HttpServer2 (HttpServer2.java:addGlobalFilter(975)) - Added global filter 'safety' (class=org.apache.hadoop.http.HttpServer2$QuotingInputFilter)
2019-09-26 13:22:57,118 [main] INFO  http.HttpServer2 (HttpServer2.java:addFilter(948)) - Added filter static_user_filter (class=org.apache.hadoop.http.lib.StaticUserWebFilter$StaticUserFilter) to context hddsDatanode
2019-09-26 13:22:57,119 [main] INFO  http.HttpServer2 (HttpServer2.java:addFilter(958)) - Added filter static_user_filter (class=org.apache.hadoop.http.lib.StaticUserWebFilter$StaticUserFilter) to context static
2019-09-26 13:22:57,119 [main] INFO  http.HttpServer2 (HttpServer2.java:addFilter(958)) - Added filter static_user_filter (class=org.apache.hadoop.http.lib.StaticUserWebFilter$StaticUserFilter) to context logs
2019-09-26 13:22:57,119 [main] INFO  http.HttpServer2 (HttpServer2.java:bindListener(1191)) - Jetty bound to port 32807
2019-09-26 13:22:57,120 [main] INFO  server.Server (Server.java:doStart(351)) - jetty-9.3.25.v20180904, build timestamp: 2018-09-04T21:11:46Z, git hash: 3ce520221d0240229c862b122d2b06c12a625732
2019-09-26 13:22:57,121 [main] INFO  handler.ContextHandler (ContextHandler.java:doStart(781)) - Started o.e.j.s.ServletContextHandler@bfd97fb{/logs,file:///workdir/hadoop-ozone/ozonefs/target/log,AVAILABLE}
2019-09-26 13:22:57,122 [main] INFO  handler.ContextHandler (ContextHandler.java:doStart(781)) - Started o.e.j.s.ServletContextHandler@7e3d168e{/static,jar:file:/home/user/.m2/repository/org/apache/hadoop/hadoop-hdds-container-service/0.5.0-SNAPSHOT/hadoop-hdds-container-service-0.5.0-SNAPSHOT.jar!/webapps/static,AVAILABLE}
2019-09-26 13:22:57,149 [main] INFO  handler.ContextHandler (ContextHandler.java:doStart(781)) - Started o.e.j.w.WebAppContext@51508029{/,file:///tmp/jetty-0.0.0.0-32807-hddsDatanode-_-any-3929214487267839491.dir/webapp/,AVAILABLE}{/hddsDatanode}
2019-09-26 13:22:57,149 [main] INFO  server.AbstractConnector (AbstractConnector.java:doStart(278)) - Started ServerConnector@5f20b6fe{HTTP/1.1,[http/1.1]}{0.0.0.0:32807}
2019-09-26 13:22:57,151 [main] INFO  server.Server (Server.java:doStart(419)) - Started @190317ms
2019-09-26 13:22:57,151 [main] WARN  impl.MetricsSystemImpl (MetricsSystemImpl.java:register(276)) - Sink prometheus already exists!
2019-09-26 13:22:57,152 [main] INFO  server.BaseHttpServer (BaseHttpServer.java:updateConnectorAddress(215)) - HTTP server of HDDSDATANODE is listening at http://0.0.0.0:32807
2019-09-26 13:22:57,152 [main] INFO  impl.MetricsSystemImpl (MetricsSystemImpl.java:init(158)) - HddsDatanode metrics system started (again)
2019-09-26 13:22:57,162 [org.apache.hadoop.util.JvmPauseMonitor$Monitor@1a29dadd] INFO  util.JvmPauseMonitor (JvmPauseMonitor.java:run(188)) - Starting JVM pause monitor
2019-09-26 13:22:57,163 [main] INFO  ozone.HddsDatanodeService (HddsDatanodeService.java:start(184)) - HddsDatanodeService host:pr-hdds-1569-87zkn-1081879488 ip:192.168.164.238
2019-09-26 13:22:57,164 [Datanode State Machine Thread - 0] INFO  datanode.InitDatanodeState (InitDatanodeState.java:persistContainerDatanodeDetails(140)) - DatanodeDetails is persisted to /workdir/hadoop-ozone/ozonefs/target/test-dir/MiniOzoneClusterImpl-65334931-5d7a-4f00-a9a9-1cddd3067b9f/datanode-0/meta/datanode.id
2019-09-26 13:22:57,169 [main] INFO  volume.HddsVolume (HddsVolume.java:<init>(176)) - Creating Volume: /workdir/hadoop-ozone/ozonefs/target/test-dir/MiniOzoneClusterImpl-65334931-5d7a-4f00-a9a9-1cddd3067b9f/datanode-1/data/containers/hdds of  storage type : DISK and capacity : 1482555576320
2019-09-26 13:22:57,170 [main] INFO  volume.VolumeSet (VolumeSet.java:initializeVolumeSet(170)) - Added Volume : /workdir/hadoop-ozone/ozonefs/target/test-dir/MiniOzoneClusterImpl-65334931-5d7a-4f00-a9a9-1cddd3067b9f/datanode-1/data/containers/hdds to VolumeSet
2019-09-26 13:22:57,170 [main] INFO  volume.ThrottledAsyncChecker (ThrottledAsyncChecker.java:schedule(139)) - Scheduling a check for org.apache.hadoop.ozone.container.common.volume.HddsVolume@2c54c497
2019-09-26 13:22:57,170 [main] INFO  volume.HddsVolumeChecker (HddsVolumeChecker.java:checkAllVolumes(202)) - Scheduled health check for volume org.apache.hadoop.ozone.container.common.volume.HddsVolume@2c54c497
2019-09-26 13:22:57,192 [main] INFO  impl.RaftServerProxy (ConfUtils.java:logGet(43)) - raft.rpc.type = GRPC (default)
2019-09-26 13:22:57,192 [main] INFO  grpc.GrpcFactory (GrpcFactory.java:checkPooledByteBufAllocatorUseCacheForAllThreads(45)) - PERFORMANCE WARNING: useCacheForAllThreads is true that may cause Netty to create a lot garbage objects and, as a result, trigger GC.
	It is recommended to disable useCacheForAllThreads by setting -Dorg.apache.ratis.thirdparty.io.netty.allocator.useCacheForAllThreads=false in command line.
2019-09-26 13:22:57,193 [main] INFO  grpc.GrpcConfigKeys$Server (ConfUtils.java:logGet(43)) - raft.grpc.server.port = 0 (default)
2019-09-26 13:22:57,193 [main] INFO  server.GrpcService (ConfUtils.java:logGet(43)) - raft.grpc.message.size.max = 33570816 (custom)
2019-09-26 13:22:57,193 [main] INFO  server.RaftServerConfigKeys (ConfUtils.java:logGet(43)) - raft.server.log.appender.buffer.byte-limit = 33554432 (custom)
2019-09-26 13:22:57,193 [main] INFO  server.GrpcService (ConfUtils.java:logGet(43)) - raft.grpc.flow.control.window = 1MB (=1048576) (default)
2019-09-26 13:22:57,193 [main] INFO  server.RaftServerConfigKeys (ConfUtils.java:logGet(43)) - raft.server.rpc.request.timeout = 3000ms (default)
2019-09-26 13:22:57,194 [main] INFO  server.RaftServerConfigKeys (ConfUtils.java:logGet(43)) - raft.server.storage.dir = [/workdir/hadoop-ozone/ozonefs/target/test-dir/MiniOzoneClusterImpl-65334931-5d7a-4f00-a9a9-1cddd3067b9f/datanode-1/data/ratis] (custom)
2019-09-26 13:22:57,195 [main] INFO  hdfs.DFSUtil (DFSUtil.java:httpServerTemplateForNNAndJN(1641)) - Starting Web-server for hddsDatanode at: http://0.0.0.0:0
2019-09-26 13:22:57,196 [main] INFO  server.AuthenticationFilter (AuthenticationFilter.java:constructSecretProvider(240)) - Unable to initialize FileSignerSecretProvider, falling back to use random secrets.
2019-09-26 13:22:57,196 [main] WARN  http.HttpRequestLog (HttpRequestLog.java:getRequestLog(97)) - Jetty request log can only be enabled using Log4j
2019-09-26 13:22:57,198 [main] INFO  http.HttpServer2 (HttpServer2.java:addGlobalFilter(975)) - Added global filter 'safety' (class=org.apache.hadoop.http.HttpServer2$QuotingInputFilter)
2019-09-26 13:22:57,198 [main] INFO  http.HttpServer2 (HttpServer2.java:addFilter(948)) - Added filter static_user_filter (class=org.apache.hadoop.http.lib.StaticUserWebFilter$StaticUserFilter) to context hddsDatanode
2019-09-26 13:22:57,199 [main] INFO  http.HttpServer2 (HttpServer2.java:addFilter(958)) - Added filter static_user_filter (class=org.apache.hadoop.http.lib.StaticUserWebFilter$StaticUserFilter) to context static
2019-09-26 13:22:57,199 [main] INFO  http.HttpServer2 (HttpServer2.java:addFilter(958)) - Added filter static_user_filter (class=org.apache.hadoop.http.lib.StaticUserWebFilter$StaticUserFilter) to context logs
2019-09-26 13:22:57,199 [main] INFO  http.HttpServer2 (HttpServer2.java:bindListener(1191)) - Jetty bound to port 42622
2019-09-26 13:22:57,199 [main] INFO  server.Server (Server.java:doStart(351)) - jetty-9.3.25.v20180904, build timestamp: 2018-09-04T21:11:46Z, git hash: 3ce520221d0240229c862b122d2b06c12a625732
2019-09-26 13:22:57,201 [main] INFO  handler.ContextHandler (ContextHandler.java:doStart(781)) - Started o.e.j.s.ServletContextHandler@5c41b8d8{/logs,file:///workdir/hadoop-ozone/ozonefs/target/log,AVAILABLE}
2019-09-26 13:22:57,201 [main] INFO  handler.ContextHandler (ContextHandler.java:doStart(781)) - Started o.e.j.s.ServletContextHandler@5f166f2e{/static,jar:file:/home/user/.m2/repository/org/apache/hadoop/hadoop-hdds-container-service/0.5.0-SNAPSHOT/hadoop-hdds-container-service-0.5.0-SNAPSHOT.jar!/webapps/static,AVAILABLE}
2019-09-26 13:22:57,228 [main] INFO  handler.ContextHandler (ContextHandler.java:doStart(781)) - Started o.e.j.w.WebAppContext@69bc4024{/,file:///tmp/jetty-0.0.0.0-42622-hddsDatanode-_-any-5704192942065410758.dir/webapp/,AVAILABLE}{/hddsDatanode}
2019-09-26 13:22:57,229 [main] INFO  server.AbstractConnector (AbstractConnector.java:doStart(278)) - Started ServerConnector@3578a45b{HTTP/1.1,[http/1.1]}{0.0.0.0:42622}
2019-09-26 13:22:57,232 [main] INFO  server.Server (Server.java:doStart(419)) - Started @190398ms
2019-09-26 13:22:57,232 [main] WARN  impl.MetricsSystemImpl (MetricsSystemImpl.java:register(276)) - Sink prometheus already exists!
2019-09-26 13:22:57,233 [main] INFO  server.BaseHttpServer (BaseHttpServer.java:updateConnectorAddress(215)) - HTTP server of HDDSDATANODE is listening at http://0.0.0.0:42622
2019-09-26 13:22:57,233 [main] INFO  impl.MetricsSystemImpl (MetricsSystemImpl.java:init(158)) - HddsDatanode metrics system started (again)
2019-09-26 13:22:57,245 [org.apache.hadoop.util.JvmPauseMonitor$Monitor@74ec0ba2] INFO  util.JvmPauseMonitor (JvmPauseMonitor.java:run(188)) - Starting JVM pause monitor
2019-09-26 13:22:57,246 [main] INFO  ozone.HddsDatanodeService (HddsDatanodeService.java:start(184)) - HddsDatanodeService host:pr-hdds-1569-87zkn-1081879488 ip:192.168.164.238
2019-09-26 13:22:57,247 [Datanode State Machine Thread - 0] INFO  datanode.InitDatanodeState (InitDatanodeState.java:persistContainerDatanodeDetails(140)) - DatanodeDetails is persisted to /workdir/hadoop-ozone/ozonefs/target/test-dir/MiniOzoneClusterImpl-65334931-5d7a-4f00-a9a9-1cddd3067b9f/datanode-1/meta/datanode.id
2019-09-26 13:22:57,252 [main] INFO  volume.HddsVolume (HddsVolume.java:<init>(176)) - Creating Volume: /workdir/hadoop-ozone/ozonefs/target/test-dir/MiniOzoneClusterImpl-65334931-5d7a-4f00-a9a9-1cddd3067b9f/datanode-2/data/containers/hdds of  storage type : DISK and capacity : 1482555576320
2019-09-26 13:22:57,253 [main] INFO  volume.VolumeSet (VolumeSet.java:initializeVolumeSet(170)) - Added Volume : /workdir/hadoop-ozone/ozonefs/target/test-dir/MiniOzoneClusterImpl-65334931-5d7a-4f00-a9a9-1cddd3067b9f/datanode-2/data/containers/hdds to VolumeSet
2019-09-26 13:22:57,253 [main] INFO  volume.ThrottledAsyncChecker (ThrottledAsyncChecker.java:schedule(139)) - Scheduling a check for org.apache.hadoop.ozone.container.common.volume.HddsVolume@347b370c
2019-09-26 13:22:57,253 [main] INFO  volume.HddsVolumeChecker (HddsVolumeChecker.java:checkAllVolumes(202)) - Scheduled health check for volume org.apache.hadoop.ozone.container.common.volume.HddsVolume@347b370c
2019-09-26 13:22:57,278 [main] INFO  impl.RaftServerProxy (ConfUtils.java:logGet(43)) - raft.rpc.type = GRPC (default)
2019-09-26 13:22:57,278 [main] INFO  grpc.GrpcFactory (GrpcFactory.java:checkPooledByteBufAllocatorUseCacheForAllThreads(45)) - PERFORMANCE WARNING: useCacheForAllThreads is true that may cause Netty to create a lot garbage objects and, as a result, trigger GC.
	It is recommended to disable useCacheForAllThreads by setting -Dorg.apache.ratis.thirdparty.io.netty.allocator.useCacheForAllThreads=false in command line.
2019-09-26 13:22:57,278 [main] INFO  grpc.GrpcConfigKeys$Server (ConfUtils.java:logGet(43)) - raft.grpc.server.port = 0 (default)
2019-09-26 13:22:57,279 [main] INFO  server.GrpcService (ConfUtils.java:logGet(43)) - raft.grpc.message.size.max = 33570816 (custom)
2019-09-26 13:22:57,279 [main] INFO  server.RaftServerConfigKeys (ConfUtils.java:logGet(43)) - raft.server.log.appender.buffer.byte-limit = 33554432 (custom)
2019-09-26 13:22:57,279 [main] INFO  server.GrpcService (ConfUtils.java:logGet(43)) - raft.grpc.flow.control.window = 1MB (=1048576) (default)
2019-09-26 13:22:57,279 [main] INFO  server.RaftServerConfigKeys (ConfUtils.java:logGet(43)) - raft.server.rpc.request.timeout = 3000ms (default)
2019-09-26 13:22:57,280 [main] INFO  server.RaftServerConfigKeys (ConfUtils.java:logGet(43)) - raft.server.storage.dir = [/workdir/hadoop-ozone/ozonefs/target/test-dir/MiniOzoneClusterImpl-65334931-5d7a-4f00-a9a9-1cddd3067b9f/datanode-2/data/ratis] (custom)
2019-09-26 13:22:57,281 [main] INFO  hdfs.DFSUtil (DFSUtil.java:httpServerTemplateForNNAndJN(1641)) - Starting Web-server for hddsDatanode at: http://0.0.0.0:0
2019-09-26 13:22:57,283 [main] INFO  server.AuthenticationFilter (AuthenticationFilter.java:constructSecretProvider(240)) - Unable to initialize FileSignerSecretProvider, falling back to use random secrets.
2019-09-26 13:22:57,283 [main] WARN  http.HttpRequestLog (HttpRequestLog.java:getRequestLog(97)) - Jetty request log can only be enabled using Log4j
2019-09-26 13:22:57,285 [main] INFO  http.HttpServer2 (HttpServer2.java:addGlobalFilter(975)) - Added global filter 'safety' (class=org.apache.hadoop.http.HttpServer2$QuotingInputFilter)
2019-09-26 13:22:57,285 [main] INFO  http.HttpServer2 (HttpServer2.java:addFilter(948)) - Added filter static_user_filter (class=org.apache.hadoop.http.lib.StaticUserWebFilter$StaticUserFilter) to context hddsDatanode
2019-09-26 13:22:57,285 [main] INFO  http.HttpServer2 (HttpServer2.java:addFilter(958)) - Added filter static_user_filter (class=org.apache.hadoop.http.lib.StaticUserWebFilter$StaticUserFilter) to context static
2019-09-26 13:22:57,286 [main] INFO  http.HttpServer2 (HttpServer2.java:addFilter(958)) - Added filter static_user_filter (class=org.apache.hadoop.http.lib.StaticUserWebFilter$StaticUserFilter) to context logs
2019-09-26 13:22:57,286 [main] INFO  http.HttpServer2 (HttpServer2.java:bindListener(1191)) - Jetty bound to port 37490
2019-09-26 13:22:57,286 [main] INFO  server.Server (Server.java:doStart(351)) - jetty-9.3.25.v20180904, build timestamp: 2018-09-04T21:11:46Z, git hash: 3ce520221d0240229c862b122d2b06c12a625732
2019-09-26 13:22:57,288 [main] INFO  handler.ContextHandler (ContextHandler.java:doStart(781)) - Started o.e.j.s.ServletContextHandler@457692cb{/logs,file:///workdir/hadoop-ozone/ozonefs/target/log,AVAILABLE}
2019-09-26 13:22:57,288 [main] INFO  handler.ContextHandler (ContextHandler.java:doStart(781)) - Started o.e.j.s.ServletContextHandler@5d297d4d{/static,jar:file:/home/user/.m2/repository/org/apache/hadoop/hadoop-hdds-container-service/0.5.0-SNAPSHOT/hadoop-hdds-container-service-0.5.0-SNAPSHOT.jar!/webapps/static,AVAILABLE}
2019-09-26 13:22:57,319 [main] INFO  handler.ContextHandler (ContextHandler.java:doStart(781)) - Started o.e.j.w.WebAppContext@6dd38df2{/,file:///tmp/jetty-0.0.0.0-37490-hddsDatanode-_-any-7578190008314126726.dir/webapp/,AVAILABLE}{/hddsDatanode}
2019-09-26 13:22:57,320 [main] INFO  server.AbstractConnector (AbstractConnector.java:doStart(278)) - Started ServerConnector@99c3cee{HTTP/1.1,[http/1.1]}{0.0.0.0:37490}
2019-09-26 13:22:57,320 [main] INFO  server.Server (Server.java:doStart(419)) - Started @190486ms
2019-09-26 13:22:57,322 [main] WARN  impl.MetricsSystemImpl (MetricsSystemImpl.java:register(276)) - Sink prometheus already exists!
2019-09-26 13:22:57,323 [main] INFO  server.BaseHttpServer (BaseHttpServer.java:updateConnectorAddress(215)) - HTTP server of HDDSDATANODE is listening at http://0.0.0.0:37490
2019-09-26 13:22:57,323 [main] INFO  ozone.MiniOzoneClusterImpl (MiniOzoneClusterImpl.java:lambda$waitForClusterToBeReady$0(147)) - Waiting for cluster to be ready. Got 0 of 3 DN Heartbeats.
2019-09-26 13:22:57,325 [org.apache.hadoop.util.JvmPauseMonitor$Monitor@19fdc3ae] INFO  util.JvmPauseMonitor (JvmPauseMonitor.java:run(188)) - Starting JVM pause monitor
2019-09-26 13:22:57,326 [Datanode State Machine Thread - 0] INFO  datanode.InitDatanodeState (InitDatanodeState.java:persistContainerDatanodeDetails(140)) - DatanodeDetails is persisted to /workdir/hadoop-ozone/ozonefs/target/test-dir/MiniOzoneClusterImpl-65334931-5d7a-4f00-a9a9-1cddd3067b9f/datanode-2/meta/datanode.id
2019-09-26 13:22:58,323 [main] INFO  ozone.MiniOzoneClusterImpl (MiniOzoneClusterImpl.java:lambda$waitForClusterToBeReady$0(147)) - Waiting for cluster to be ready. Got 0 of 3 DN Heartbeats.
2019-09-26 13:22:59,188 [Datanode State Machine Thread - 0] INFO  ozoneimpl.OzoneContainer (OzoneContainer.java:start(217)) - Attempting to start container services.
2019-09-26 13:22:59,189 [Datanode State Machine Thread - 0] INFO  ozoneimpl.OzoneContainer (OzoneContainer.java:startContainerScrub(179)) - Background container scanner has been disabled.
2019-09-26 13:22:59,189 [Datanode State Machine Thread - 0] INFO  ratis.XceiverServerRatis (XceiverServerRatis.java:start(411)) - Starting XceiverServerRatis df29ace5-11ac-4506-8343-2185a80235e7 at port 0
2019-09-26 13:22:59,197 [Datanode State Machine Thread - 0] INFO  impl.RaftServerProxy (RaftServerProxy.java:lambda$start$3(299)) - df29ace5-11ac-4506-8343-2185a80235e7: start RPC server
2019-09-26 13:22:59,200 [Datanode State Machine Thread - 0] INFO  server.GrpcService (GrpcService.java:startImpl(158)) - df29ace5-11ac-4506-8343-2185a80235e7: GrpcService started, listening on 0.0.0.0/0.0.0.0:44950
2019-09-26 13:22:59,200 [Datanode State Machine Thread - 0] INFO  ratis.XceiverServerRatis (XceiverServerRatis.java:start(421)) - XceiverServerRatis df29ace5-11ac-4506-8343-2185a80235e7 is started using port 44950
2019-09-26 13:22:59,213 [Datanode State Machine Thread - 0] INFO  server.XceiverServerGrpc (XceiverServerGrpc.java:start(149)) - XceiverServerGrpc df29ace5-11ac-4506-8343-2185a80235e7 is started using port 33500
2019-09-26 13:22:59,260 [Datanode State Machine Thread - 0] INFO  ozoneimpl.OzoneContainer (OzoneContainer.java:start(217)) - Attempting to start container services.
2019-09-26 13:22:59,260 [Datanode State Machine Thread - 0] INFO  ozoneimpl.OzoneContainer (OzoneContainer.java:startContainerScrub(179)) - Background container scanner has been disabled.
2019-09-26 13:22:59,260 [Datanode State Machine Thread - 0] INFO  ratis.XceiverServerRatis (XceiverServerRatis.java:start(411)) - Starting XceiverServerRatis fa1bb472-1576-4faf-80b1-ccac17e16c4f at port 0
2019-09-26 13:22:59,269 [Datanode State Machine Thread - 0] INFO  impl.RaftServerProxy (RaftServerProxy.java:lambda$start$3(299)) - fa1bb472-1576-4faf-80b1-ccac17e16c4f: start RPC server
2019-09-26 13:22:59,273 [Datanode State Machine Thread - 0] INFO  server.GrpcService (GrpcService.java:startImpl(158)) - fa1bb472-1576-4faf-80b1-ccac17e16c4f: GrpcService started, listening on 0.0.0.0/0.0.0.0:32981
2019-09-26 13:22:59,273 [Datanode State Machine Thread - 0] INFO  ratis.XceiverServerRatis (XceiverServerRatis.java:start(421)) - XceiverServerRatis fa1bb472-1576-4faf-80b1-ccac17e16c4f is started using port 32981
2019-09-26 13:22:59,275 [Datanode State Machine Thread - 0] INFO  server.XceiverServerGrpc (XceiverServerGrpc.java:start(149)) - XceiverServerGrpc fa1bb472-1576-4faf-80b1-ccac17e16c4f is started using port 41443
2019-09-26 13:22:59,324 [main] INFO  ozone.MiniOzoneClusterImpl (MiniOzoneClusterImpl.java:lambda$waitForClusterToBeReady$0(147)) - Waiting for cluster to be ready. Got 0 of 3 DN Heartbeats.
2019-09-26 13:22:59,341 [Datanode State Machine Thread - 0] INFO  ozoneimpl.OzoneContainer (OzoneContainer.java:start(217)) - Attempting to start container services.
2019-09-26 13:22:59,341 [Datanode State Machine Thread - 0] INFO  ozoneimpl.OzoneContainer (OzoneContainer.java:startContainerScrub(179)) - Background container scanner has been disabled.
2019-09-26 13:22:59,341 [Datanode State Machine Thread - 0] INFO  ratis.XceiverServerRatis (XceiverServerRatis.java:start(411)) - Starting XceiverServerRatis 0960db07-db6c-4a00-837c-4772f3756226 at port 0
2019-09-26 13:22:59,350 [Datanode State Machine Thread - 0] INFO  impl.RaftServerProxy (RaftServerProxy.java:lambda$start$3(299)) - 0960db07-db6c-4a00-837c-4772f3756226: start RPC server
2019-09-26 13:22:59,351 [Datanode State Machine Thread - 0] INFO  server.GrpcService (GrpcService.java:startImpl(158)) - 0960db07-db6c-4a00-837c-4772f3756226: GrpcService started, listening on 0.0.0.0/0.0.0.0:36415
2019-09-26 13:22:59,351 [Datanode State Machine Thread - 0] INFO  ratis.XceiverServerRatis (XceiverServerRatis.java:start(421)) - XceiverServerRatis 0960db07-db6c-4a00-837c-4772f3756226 is started using port 36415
2019-09-26 13:22:59,351 [Datanode State Machine Thread - 0] INFO  server.XceiverServerGrpc (XceiverServerGrpc.java:start(149)) - XceiverServerGrpc 0960db07-db6c-4a00-837c-4772f3756226 is started using port 36210
2019-09-26 13:23:00,325 [main] INFO  ozone.MiniOzoneClusterImpl (MiniOzoneClusterImpl.java:lambda$waitForClusterToBeReady$0(147)) - Waiting for cluster to be ready. Got 0 of 3 DN Heartbeats.
2019-09-26 13:23:01,168 [IPC Server handler 2 on 42035] INFO  net.NetworkTopology (NetworkTopologyImpl.java:add(111)) - Added a new node: /default-rack/df29ace5-11ac-4506-8343-2185a80235e7
2019-09-26 13:23:01,170 [IPC Server handler 2 on 42035] INFO  node.SCMNodeManager (SCMNodeManager.java:register(266)) - Registered Data node : df29ace5-11ac-4506-8343-2185a80235e7{ip: 192.168.164.238, host: pr-hdds-1569-87zkn-1081879488, networkLocation: /default-rack, certSerialId: null}
2019-09-26 13:23:01,171 [EventQueue-NodeRegistrationContainerReportForDataNodeSafeModeRule] INFO  safemode.SCMSafeModeManager (DataNodeSafeModeRule.java:process(71)) - SCM in safe mode. 1 DataNodes registered, 1 required.
2019-09-26 13:23:01,173 [EventQueue-NodeRegistrationContainerReportForDataNodeSafeModeRule] INFO  safemode.SCMSafeModeManager (SCMSafeModeManager.java:validateSafeModeExitRules(177)) - ScmSafeModeManager, all rules are successfully validated
2019-09-26 13:23:01,173 [EventQueue-NodeRegistrationContainerReportForDataNodeSafeModeRule] INFO  safemode.SCMSafeModeManager (SCMSafeModeManager.java:exitSafeMode(193)) - SCM exiting safe mode.
2019-09-26 13:23:01,185 [grpc-default-executor-0] INFO  impl.RaftServerProxy (RaftServerProxy.java:addNew(89)) - df29ace5-11ac-4506-8343-2185a80235e7: addNew group-CA6B20A2A88E:[df29ace5-11ac-4506-8343-2185a80235e7:192.168.164.238:44950] returns group-CA6B20A2A88E:java.util.concurrent.CompletableFuture@1a76534e[Not completed]
2019-09-26 13:23:01,186 [pool-577-thread-1] INFO  impl.RaftServerImpl (RaftServerImpl.java:<init>(95)) - df29ace5-11ac-4506-8343-2185a80235e7: new RaftServerImpl for group-CA6B20A2A88E:[df29ace5-11ac-4506-8343-2185a80235e7:192.168.164.238:44950] with ContainerStateMachine:uninitialized
2019-09-26 13:23:01,186 [pool-577-thread-1] INFO  server.RaftServerConfigKeys (ConfUtils.java:logGet(43)) - raft.server.rpc.timeout.min = 5s (custom)
2019-09-26 13:23:01,186 [pool-577-thread-1] INFO  server.RaftServerConfigKeys (ConfUtils.java:logGet(43)) - raft.server.rpc.timeout.max = 5200ms (custom)
2019-09-26 13:23:01,186 [pool-577-thread-1] INFO  server.RaftServerConfigKeys (ConfUtils.java:logGet(43)) - raft.server.rpcslowness.timeout = 120s (custom)
2019-09-26 13:23:01,186 [pool-577-thread-1] INFO  server.RaftServerConfigKeys (ConfUtils.java:logGet(43)) - raft.server.sleep.deviation.threshold = 300 (default)
2019-09-26 13:23:01,186 [pool-577-thread-1] INFO  server.RaftServerConfigKeys (ConfUtils.java:logGet(43)) - raft.server.log.appender.install.snapshot.enabled = false (custom)
2019-09-26 13:23:01,186 [pool-577-thread-1] INFO  impl.RaftServerImpl (ServerState.java:<init>(103)) - df29ace5-11ac-4506-8343-2185a80235e7@group-CA6B20A2A88E: ConfigurationManager, init=-1: [df29ace5-11ac-4506-8343-2185a80235e7:192.168.164.238:44950], old=null, confs=<EMPTY_MAP>
2019-09-26 13:23:01,186 [pool-577-thread-1] INFO  server.RaftServerConfigKeys (ConfUtils.java:logGet(43)) - raft.server.storage.dir = [/workdir/hadoop-ozone/ozonefs/target/test-dir/MiniOzoneClusterImpl-65334931-5d7a-4f00-a9a9-1cddd3067b9f/datanode-0/data/ratis] (custom)
2019-09-26 13:23:01,187 [pool-577-thread-1] INFO  storage.RaftStorageDirectory (RaftStorageDirectory.java:analyzeStorage(246)) - The storage directory /workdir/hadoop-ozone/ozonefs/target/test-dir/MiniOzoneClusterImpl-65334931-5d7a-4f00-a9a9-1cddd3067b9f/datanode-0/data/ratis/1d00e475-040a-4de6-962b-ca6b20a2a88e does not exist. Creating ...
2019-09-26 13:23:01,200 [pool-577-thread-1] INFO  storage.RaftStorageDirectory (RaftStorageDirectory.java:tryLock(328)) - Lock on /workdir/hadoop-ozone/ozonefs/target/test-dir/MiniOzoneClusterImpl-65334931-5d7a-4f00-a9a9-1cddd3067b9f/datanode-0/data/ratis/1d00e475-040a-4de6-962b-ca6b20a2a88e/in_use.lock acquired by nodename 20384@pr-hdds-1569-87zkn-1081879488
2019-09-26 13:23:01,214 [pool-577-thread-1] INFO  storage.RaftStorage (RaftStorage.java:format(72)) - Storage directory /workdir/hadoop-ozone/ozonefs/target/test-dir/MiniOzoneClusterImpl-65334931-5d7a-4f00-a9a9-1cddd3067b9f/datanode-0/data/ratis/1d00e475-040a-4de6-962b-ca6b20a2a88e has been successfully formatted.
2019-09-26 13:23:01,215 [pool-577-thread-1] INFO  ratis.ContainerStateMachine (ContainerStateMachine.java:loadSnapshot(230)) - group-CA6B20A2A88E: The snapshot info is null. Setting the last applied indexto:(t:0, i:~)
2019-09-26 13:23:01,215 [pool-577-thread-1] INFO  server.RaftServerConfigKeys (ConfUtils.java:logGet(43)) - raft.server.notification.no-leader.timeout = 120s (custom)
2019-09-26 13:23:01,215 [pool-577-thread-1] INFO  server.RaftServerConfigKeys (ConfUtils.java:logGet(43)) - raft.server.log.use.memory = false (default)
2019-09-26 13:23:01,215 [pool-577-thread-1] INFO  server.RaftServerConfigKeys (ConfUtils.java:logGet(43)) - raft.server.log.purge.gap = 1000000 (custom)
2019-09-26 13:23:01,215 [pool-577-thread-1] INFO  server.RaftServerConfigKeys (ConfUtils.java:logGet(43)) - raft.server.log.appender.buffer.byte-limit = 33554432 (custom)
2019-09-26 13:23:01,215 [pool-577-thread-1] INFO  server.RaftServerConfigKeys (ConfUtils.java:logGet(43)) - raft.server.log.segment.size.max = 1048576 (custom)
2019-09-26 13:23:01,215 [pool-577-thread-1] INFO  server.RaftServerConfigKeys (ConfUtils.java:logGet(43)) - raft.server.log.segment.cache.num.max = 2 (custom)
2019-09-26 13:23:01,216 [pool-577-thread-1] INFO  segmented.SegmentedRaftLogWorker (SegmentedRaftLogWorker.java:<init>(172)) - new df29ace5-11ac-4506-8343-2185a80235e7@group-CA6B20A2A88E-SegmentedRaftLogWorker for RaftStorage:Storage Directory /workdir/hadoop-ozone/ozonefs/target/test-dir/MiniOzoneClusterImpl-65334931-5d7a-4f00-a9a9-1cddd3067b9f/datanode-0/data/ratis/1d00e475-040a-4de6-962b-ca6b20a2a88e
2019-09-26 13:23:01,217 [pool-577-thread-1] INFO  server.RaftServerConfigKeys (ConfUtils.java:logGet(43)) - raft.server.log.queue.byte-limit = 2147483647 (custom)
2019-09-26 13:23:01,218 [pool-577-thread-1] INFO  server.RaftServerConfigKeys (ConfUtils.java:logGet(43)) - raft.server.log.queue.element-limit = 1024 (custom)
2019-09-26 13:23:01,218 [pool-577-thread-1] INFO  server.RaftServerConfigKeys (ConfUtils.java:logGet(43)) - raft.server.log.segment.size.max = 1048576 (custom)
2019-09-26 13:23:01,218 [pool-577-thread-1] INFO  server.RaftServerConfigKeys (ConfUtils.java:logGet(43)) - raft.server.log.preallocated.size = 16384 (custom)
2019-09-26 13:23:01,218 [pool-577-thread-1] INFO  server.RaftServerConfigKeys (ConfUtils.java:logGet(43)) - raft.server.log.write.buffer.size = 33554432 (custom)
2019-09-26 13:23:01,218 [pool-577-thread-1] INFO  server.RaftServerConfigKeys (ConfUtils.java:logGet(43)) - raft.server.log.force.sync.num = 128 (default)
2019-09-26 13:23:01,218 [pool-577-thread-1] INFO  server.RaftServerConfigKeys (ConfUtils.java:logGet(43)) - raft.server.log.statemachine.data.sync = true (default)
2019-09-26 13:23:01,218 [pool-577-thread-1] INFO  server.RaftServerConfigKeys (ConfUtils.java:logGet(43)) - raft.server.log.statemachine.data.sync.timeout = 10s (default)
2019-09-26 13:23:01,219 [pool-577-thread-1] INFO  server.RaftServerConfigKeys (ConfUtils.java:logGet(43)) - raft.server.log.statemachine.data.sync.timeout.retry = -1 (default)
2019-09-26 13:23:01,219 [pool-577-thread-1] INFO  server.RaftServerConfigKeys (ConfUtils.java:logGet(43)) - raft.server.log.statemachine.data.caching.enabled = true (custom)
2019-09-26 13:23:01,219 [pool-577-thread-1] INFO  segmented.SegmentedRaftLogWorker (SegmentedRaftLogWorker.java:lambda$new$0(132)) - df29ace5-11ac-4506-8343-2185a80235e7@group-CA6B20A2A88E-SegmentedRaftLogWorker: flushIndex: setUnconditionally 0 -> -1
2019-09-26 13:23:01,220 [pool-577-thread-1] INFO  server.RaftServerConfigKeys (ConfUtils.java:logGet(43)) - raft.server.snapshot.auto.trigger.enabled = true (custom)
2019-09-26 13:23:01,220 [pool-577-thread-1] INFO  server.RaftServerConfigKeys (ConfUtils.java:logGet(43)) - raft.server.snapshot.auto.trigger.threshold = 10000 (custom)
2019-09-26 13:23:01,220 [pool-577-thread-1] INFO  server.RaftServerConfigKeys (ConfUtils.java:logGet(43)) - raft.server.snapshot.retention.num.files = 5 (custom)
2019-09-26 13:23:01,220 [pool-577-thread-1] INFO  server.RaftServerConfigKeys (ConfUtils.java:logGet(43)) - raft.server.retrycache.expirytime = 600000ms (custom)
2019-09-26 13:23:01,222 [pool-577-thread-1] INFO  impl.RaftServerImpl (RaftServerImpl.java:start(185)) - df29ace5-11ac-4506-8343-2185a80235e7@group-CA6B20A2A88E: start as a follower, conf=-1: [df29ace5-11ac-4506-8343-2185a80235e7:192.168.164.238:44950], old=null
2019-09-26 13:23:01,222 [pool-577-thread-1] INFO  impl.RaftServerImpl (RaftServerImpl.java:setRole(174)) - df29ace5-11ac-4506-8343-2185a80235e7@group-CA6B20A2A88E: changes role from      null to FOLLOWER at term 0 for startAsFollower
2019-09-26 13:23:01,222 [pool-577-thread-1] INFO  impl.RoleInfo (RoleInfo.java:updateAndGet(143)) - df29ace5-11ac-4506-8343-2185a80235e7: start FollowerState
2019-09-26 13:23:01,222 [pool-577-thread-1] INFO  util.JmxRegister (JmxRegister.java:tryRegister(44)) - Successfully registered JMX Bean with object name Ratis:service=RaftServer,group=group-CA6B20A2A88E,id=df29ace5-11ac-4506-8343-2185a80235e7
2019-09-26 13:23:01,226 [RatisPipelineUtilsThread] INFO  pipeline.PipelineStateManager (PipelineStateManager.java:addPipeline(56)) - Created pipeline Pipeline[ Id: 1d00e475-040a-4de6-962b-ca6b20a2a88e, Nodes: df29ace5-11ac-4506-8343-2185a80235e7{ip: 192.168.164.238, host: pr-hdds-1569-87zkn-1081879488, networkLocation: /default-rack, certSerialId: null}, Type:RATIS, Factor:ONE, State:OPEN]
2019-09-26 13:23:01,231 [grpc-default-executor-0] INFO  impl.RaftServerProxy (RaftServerProxy.java:addNew(89)) - df29ace5-11ac-4506-8343-2185a80235e7: addNew group-61D8717D7DCD:[df29ace5-11ac-4506-8343-2185a80235e7:192.168.164.238:44950] returns group-61D8717D7DCD:java.util.concurrent.CompletableFuture@2ba6c869[Not completed]
2019-09-26 13:23:01,232 [pool-577-thread-1] INFO  impl.RaftServerImpl (RaftServerImpl.java:<init>(95)) - df29ace5-11ac-4506-8343-2185a80235e7: new RaftServerImpl for group-61D8717D7DCD:[df29ace5-11ac-4506-8343-2185a80235e7:192.168.164.238:44950] with ContainerStateMachine:uninitialized
2019-09-26 13:23:01,232 [pool-577-thread-1] INFO  server.RaftServerConfigKeys (ConfUtils.java:logGet(43)) - raft.server.rpc.timeout.min = 5s (custom)
2019-09-26 13:23:01,232 [pool-577-thread-1] INFO  server.RaftServerConfigKeys (ConfUtils.java:logGet(43)) - raft.server.rpc.timeout.max = 5200ms (custom)
2019-09-26 13:23:01,232 [pool-577-thread-1] INFO  server.RaftServerConfigKeys (ConfUtils.java:logGet(43)) - raft.server.rpcslowness.timeout = 120s (custom)
2019-09-26 13:23:01,232 [pool-577-thread-1] INFO  server.RaftServerConfigKeys (ConfUtils.java:logGet(43)) - raft.server.sleep.deviation.threshold = 300 (default)
2019-09-26 13:23:01,233 [pool-577-thread-1] INFO  server.RaftServerConfigKeys (ConfUtils.java:logGet(43)) - raft.server.log.appender.install.snapshot.enabled = false (custom)
2019-09-26 13:23:01,233 [pool-577-thread-1] INFO  impl.RaftServerImpl (ServerState.java:<init>(103)) - df29ace5-11ac-4506-8343-2185a80235e7@group-61D8717D7DCD: ConfigurationManager, init=-1: [df29ace5-11ac-4506-8343-2185a80235e7:192.168.164.238:44950], old=null, confs=<EMPTY_MAP>
2019-09-26 13:23:01,233 [pool-577-thread-1] INFO  server.RaftServerConfigKeys (ConfUtils.java:logGet(43)) - raft.server.storage.dir = [/workdir/hadoop-ozone/ozonefs/target/test-dir/MiniOzoneClusterImpl-65334931-5d7a-4f00-a9a9-1cddd3067b9f/datanode-0/data/ratis] (custom)
2019-09-26 13:23:01,233 [pool-577-thread-1] INFO  storage.RaftStorageDirectory (RaftStorageDirectory.java:analyzeStorage(246)) - The storage directory /workdir/hadoop-ozone/ozonefs/target/test-dir/MiniOzoneClusterImpl-65334931-5d7a-4f00-a9a9-1cddd3067b9f/datanode-0/data/ratis/b27b38ed-e850-4f9a-ba71-61d8717d7dcd does not exist. Creating ...
2019-09-26 13:23:01,246 [pool-577-thread-1] INFO  storage.RaftStorageDirectory (RaftStorageDirectory.java:tryLock(328)) - Lock on /workdir/hadoop-ozone/ozonefs/target/test-dir/MiniOzoneClusterImpl-65334931-5d7a-4f00-a9a9-1cddd3067b9f/datanode-0/data/ratis/b27b38ed-e850-4f9a-ba71-61d8717d7dcd/in_use.lock acquired by nodename 20384@pr-hdds-1569-87zkn-1081879488
2019-09-26 13:23:01,248 [IPC Server handler 1 on 42035] INFO  net.NetworkTopology (NetworkTopologyImpl.java:add(111)) - Added a new node: /default-rack/fa1bb472-1576-4faf-80b1-ccac17e16c4f
2019-09-26 13:23:01,248 [IPC Server handler 1 on 42035] INFO  node.SCMNodeManager (SCMNodeManager.java:register(266)) - Registered Data node : fa1bb472-1576-4faf-80b1-ccac17e16c4f{ip: 192.168.164.238, host: pr-hdds-1569-87zkn-1081879488, networkLocation: /default-rack, certSerialId: null}
2019-09-26 13:23:01,259 [pool-577-thread-1] INFO  storage.RaftStorage (RaftStorage.java:format(72)) - Storage directory /workdir/hadoop-ozone/ozonefs/target/test-dir/MiniOzoneClusterImpl-65334931-5d7a-4f00-a9a9-1cddd3067b9f/datanode-0/data/ratis/b27b38ed-e850-4f9a-ba71-61d8717d7dcd has been successfully formatted.
2019-09-26 13:23:01,260 [pool-577-thread-1] INFO  ratis.ContainerStateMachine (ContainerStateMachine.java:loadSnapshot(230)) - group-61D8717D7DCD: The snapshot info is null. Setting the last applied indexto:(t:0, i:~)
2019-09-26 13:23:01,260 [pool-577-thread-1] INFO  server.RaftServerConfigKeys (ConfUtils.java:logGet(43)) - raft.server.notification.no-leader.timeout = 120s (custom)
2019-09-26 13:23:01,260 [pool-577-thread-1] INFO  server.RaftServerConfigKeys (ConfUtils.java:logGet(43)) - raft.server.log.use.memory = false (default)
2019-09-26 13:23:01,260 [pool-577-thread-1] INFO  server.RaftServerConfigKeys (ConfUtils.java:logGet(43)) - raft.server.log.purge.gap = 1000000 (custom)
2019-09-26 13:23:01,260 [pool-577-thread-1] INFO  server.RaftServerConfigKeys (ConfUtils.java:logGet(43)) - raft.server.log.appender.buffer.byte-limit = 33554432 (custom)
2019-09-26 13:23:01,260 [pool-577-thread-1] INFO  server.RaftServerConfigKeys (ConfUtils.java:logGet(43)) - raft.server.log.segment.size.max = 1048576 (custom)
2019-09-26 13:23:01,260 [pool-577-thread-1] INFO  server.RaftServerConfigKeys (ConfUtils.java:logGet(43)) - raft.server.log.segment.cache.num.max = 2 (custom)
2019-09-26 13:23:01,261 [pool-577-thread-1] INFO  segmented.SegmentedRaftLogWorker (SegmentedRaftLogWorker.java:<init>(172)) - new df29ace5-11ac-4506-8343-2185a80235e7@group-61D8717D7DCD-SegmentedRaftLogWorker for RaftStorage:Storage Directory /workdir/hadoop-ozone/ozonefs/target/test-dir/MiniOzoneClusterImpl-65334931-5d7a-4f00-a9a9-1cddd3067b9f/datanode-0/data/ratis/b27b38ed-e850-4f9a-ba71-61d8717d7dcd
2019-09-26 13:23:01,261 [pool-577-thread-1] INFO  server.RaftServerConfigKeys (ConfUtils.java:logGet(43)) - raft.server.log.queue.byte-limit = 2147483647 (custom)
2019-09-26 13:23:01,261 [pool-577-thread-1] INFO  server.RaftServerConfigKeys (ConfUtils.java:logGet(43)) - raft.server.log.queue.element-limit = 1024 (custom)
2019-09-26 13:23:01,261 [pool-577-thread-1] INFO  server.RaftServerConfigKeys (ConfUtils.java:logGet(43)) - raft.server.log.segment.size.max = 1048576 (custom)
2019-09-26 13:23:01,261 [pool-577-thread-1] INFO  server.RaftServerConfigKeys (ConfUtils.java:logGet(43)) - raft.server.log.preallocated.size = 16384 (custom)
2019-09-26 13:23:01,261 [pool-577-thread-1] INFO  server.RaftServerConfigKeys (ConfUtils.java:logGet(43)) - raft.server.log.write.buffer.size = 33554432 (custom)
2019-09-26 13:23:01,262 [pool-577-thread-1] INFO  server.RaftServerConfigKeys (ConfUtils.java:logGet(43)) - raft.server.log.force.sync.num = 128 (default)
2019-09-26 13:23:01,262 [pool-577-thread-1] INFO  server.RaftServerConfigKeys (ConfUtils.java:logGet(43)) - raft.server.log.statemachine.data.sync = true (default)
2019-09-26 13:23:01,262 [pool-577-thread-1] INFO  server.RaftServerConfigKeys (ConfUtils.java:logGet(43)) - raft.server.log.statemachine.data.sync.timeout = 10s (default)
2019-09-26 13:23:01,262 [pool-577-thread-1] INFO  server.RaftServerConfigKeys (ConfUtils.java:logGet(43)) - raft.server.log.statemachine.data.sync.timeout.retry = -1 (default)
2019-09-26 13:23:01,262 [pool-577-thread-1] INFO  server.RaftServerConfigKeys (ConfUtils.java:logGet(43)) - raft.server.log.statemachine.data.caching.enabled = true (custom)
2019-09-26 13:23:01,263 [pool-577-thread-1] INFO  segmented.SegmentedRaftLogWorker (SegmentedRaftLogWorker.java:lambda$new$0(132)) - df29ace5-11ac-4506-8343-2185a80235e7@group-61D8717D7DCD-SegmentedRaftLogWorker: flushIndex: setUnconditionally 0 -> -1
2019-09-26 13:23:01,263 [pool-577-thread-1] INFO  server.RaftServerConfigKeys (ConfUtils.java:logGet(43)) - raft.server.snapshot.auto.trigger.enabled = true (custom)
2019-09-26 13:23:01,263 [pool-577-thread-1] INFO  server.RaftServerConfigKeys (ConfUtils.java:logGet(43)) - raft.server.snapshot.auto.trigger.threshold = 10000 (custom)
2019-09-26 13:23:01,263 [pool-577-thread-1] INFO  server.RaftServerConfigKeys (ConfUtils.java:logGet(43)) - raft.server.snapshot.retention.num.files = 5 (custom)
2019-09-26 13:23:01,263 [pool-577-thread-1] INFO  server.RaftServerConfigKeys (ConfUtils.java:logGet(43)) - raft.server.retrycache.expirytime = 600000ms (custom)
2019-09-26 13:23:01,265 [pool-577-thread-1] INFO  impl.RaftServerImpl (RaftServerImpl.java:start(185)) - df29ace5-11ac-4506-8343-2185a80235e7@group-61D8717D7DCD: start as a follower, conf=-1: [df29ace5-11ac-4506-8343-2185a80235e7:192.168.164.238:44950], old=null
2019-09-26 13:23:01,265 [pool-577-thread-1] INFO  impl.RaftServerImpl (RaftServerImpl.java:setRole(174)) - df29ace5-11ac-4506-8343-2185a80235e7@group-61D8717D7DCD: changes role from      null to FOLLOWER at term 0 for startAsFollower
2019-09-26 13:23:01,266 [pool-577-thread-1] INFO  impl.RoleInfo (RoleInfo.java:updateAndGet(143)) - df29ace5-11ac-4506-8343-2185a80235e7: start FollowerState
2019-09-26 13:23:01,266 [pool-577-thread-1] INFO  util.JmxRegister (JmxRegister.java:tryRegister(44)) - Successfully registered JMX Bean with object name Ratis:service=RaftServer,group=group-61D8717D7DCD,id=df29ace5-11ac-4506-8343-2185a80235e7
2019-09-26 13:23:01,269 [RatisPipelineUtilsThread] INFO  pipeline.PipelineStateManager (PipelineStateManager.java:addPipeline(56)) - Created pipeline Pipeline[ Id: b27b38ed-e850-4f9a-ba71-61d8717d7dcd, Nodes: df29ace5-11ac-4506-8343-2185a80235e7{ip: 192.168.164.238, host: pr-hdds-1569-87zkn-1081879488, networkLocation: /default-rack, certSerialId: null}, Type:RATIS, Factor:ONE, State:OPEN]
2019-09-26 13:23:01,273 [grpc-default-executor-0] INFO  impl.RaftServerProxy (RaftServerProxy.java:addNew(89)) - df29ace5-11ac-4506-8343-2185a80235e7: addNew group-CD151F390FF7:[df29ace5-11ac-4506-8343-2185a80235e7:192.168.164.238:44950] returns group-CD151F390FF7:java.util.concurrent.CompletableFuture@7a59ac01[Not completed]
2019-09-26 13:23:01,275 [pool-577-thread-1] INFO  impl.RaftServerImpl (RaftServerImpl.java:<init>(95)) - df29ace5-11ac-4506-8343-2185a80235e7: new RaftServerImpl for group-CD151F390FF7:[df29ace5-11ac-4506-8343-2185a80235e7:192.168.164.238:44950] with ContainerStateMachine:uninitialized
2019-09-26 13:23:01,275 [pool-577-thread-1] INFO  server.RaftServerConfigKeys (ConfUtils.java:logGet(43)) - raft.server.rpc.timeout.min = 5s (custom)
2019-09-26 13:23:01,275 [pool-577-thread-1] INFO  server.RaftServerConfigKeys (ConfUtils.java:logGet(43)) - raft.server.rpc.timeout.max = 5200ms (custom)
2019-09-26 13:23:01,275 [pool-577-thread-1] INFO  server.RaftServerConfigKeys (ConfUtils.java:logGet(43)) - raft.server.rpcslowness.timeout = 120s (custom)
2019-09-26 13:23:01,275 [pool-577-thread-1] INFO  server.RaftServerConfigKeys (ConfUtils.java:logGet(43)) - raft.server.sleep.deviation.threshold = 300 (default)
2019-09-26 13:23:01,275 [pool-577-thread-1] INFO  server.RaftServerConfigKeys (ConfUtils.java:logGet(43)) - raft.server.log.appender.install.snapshot.enabled = false (custom)
2019-09-26 13:23:01,275 [pool-577-thread-1] INFO  impl.RaftServerImpl (ServerState.java:<init>(103)) - df29ace5-11ac-4506-8343-2185a80235e7@group-CD151F390FF7: ConfigurationManager, init=-1: [df29ace5-11ac-4506-8343-2185a80235e7:192.168.164.238:44950], old=null, confs=<EMPTY_MAP>
2019-09-26 13:23:01,275 [pool-577-thread-1] INFO  server.RaftServerConfigKeys (ConfUtils.java:logGet(43)) - raft.server.storage.dir = [/workdir/hadoop-ozone/ozonefs/target/test-dir/MiniOzoneClusterImpl-65334931-5d7a-4f00-a9a9-1cddd3067b9f/datanode-0/data/ratis] (custom)
2019-09-26 13:23:01,276 [pool-577-thread-1] INFO  storage.RaftStorageDirectory (RaftStorageDirectory.java:analyzeStorage(246)) - The storage directory /workdir/hadoop-ozone/ozonefs/target/test-dir/MiniOzoneClusterImpl-65334931-5d7a-4f00-a9a9-1cddd3067b9f/datanode-0/data/ratis/c7eb23dd-f539-4028-8eda-cd151f390ff7 does not exist. Creating ...
2019-09-26 13:23:01,288 [pool-577-thread-1] INFO  storage.RaftStorageDirectory (RaftStorageDirectory.java:tryLock(328)) - Lock on /workdir/hadoop-ozone/ozonefs/target/test-dir/MiniOzoneClusterImpl-65334931-5d7a-4f00-a9a9-1cddd3067b9f/datanode-0/data/ratis/c7eb23dd-f539-4028-8eda-cd151f390ff7/in_use.lock acquired by nodename 20384@pr-hdds-1569-87zkn-1081879488
2019-09-26 13:23:01,301 [pool-577-thread-1] INFO  storage.RaftStorage (RaftStorage.java:format(72)) - Storage directory /workdir/hadoop-ozone/ozonefs/target/test-dir/MiniOzoneClusterImpl-65334931-5d7a-4f00-a9a9-1cddd3067b9f/datanode-0/data/ratis/c7eb23dd-f539-4028-8eda-cd151f390ff7 has been successfully formatted.
2019-09-26 13:23:01,301 [pool-577-thread-1] INFO  ratis.ContainerStateMachine (ContainerStateMachine.java:loadSnapshot(230)) - group-CD151F390FF7: The snapshot info is null. Setting the last applied indexto:(t:0, i:~)
2019-09-26 13:23:01,301 [pool-577-thread-1] INFO  server.RaftServerConfigKeys (ConfUtils.java:logGet(43)) - raft.server.notification.no-leader.timeout = 120s (custom)
2019-09-26 13:23:01,301 [pool-577-thread-1] INFO  server.RaftServerConfigKeys (ConfUtils.java:logGet(43)) - raft.server.log.use.memory = false (default)
2019-09-26 13:23:01,302 [pool-577-thread-1] INFO  server.RaftServerConfigKeys (ConfUtils.java:logGet(43)) - raft.server.log.purge.gap = 1000000 (custom)
2019-09-26 13:23:01,302 [pool-577-thread-1] INFO  server.RaftServerConfigKeys (ConfUtils.java:logGet(43)) - raft.server.log.appender.buffer.byte-limit = 33554432 (custom)
2019-09-26 13:23:01,302 [pool-577-thread-1] INFO  server.RaftServerConfigKeys (ConfUtils.java:logGet(43)) - raft.server.log.segment.size.max = 1048576 (custom)
2019-09-26 13:23:01,302 [pool-577-thread-1] INFO  server.RaftServerConfigKeys (ConfUtils.java:logGet(43)) - raft.server.log.segment.cache.num.max = 2 (custom)
2019-09-26 13:23:01,302 [pool-577-thread-1] INFO  segmented.SegmentedRaftLogWorker (SegmentedRaftLogWorker.java:<init>(172)) - new df29ace5-11ac-4506-8343-2185a80235e7@group-CD151F390FF7-SegmentedRaftLogWorker for RaftStorage:Storage Directory /workdir/hadoop-ozone/ozonefs/target/test-dir/MiniOzoneClusterImpl-65334931-5d7a-4f00-a9a9-1cddd3067b9f/datanode-0/data/ratis/c7eb23dd-f539-4028-8eda-cd151f390ff7
2019-09-26 13:23:01,302 [pool-577-thread-1] INFO  server.RaftServerConfigKeys (ConfUtils.java:logGet(43)) - raft.server.log.queue.byte-limit = 2147483647 (custom)
2019-09-26 13:23:01,302 [pool-577-thread-1] INFO  server.RaftServerConfigKeys (ConfUtils.java:logGet(43)) - raft.server.log.queue.element-limit = 1024 (custom)
2019-09-26 13:23:01,302 [pool-577-thread-1] INFO  server.RaftServerConfigKeys (ConfUtils.java:logGet(43)) - raft.server.log.segment.size.max = 1048576 (custom)
2019-09-26 13:23:01,302 [pool-577-thread-1] INFO  server.RaftServerConfigKeys (ConfUtils.java:logGet(43)) - raft.server.log.preallocated.size = 16384 (custom)
2019-09-26 13:23:01,303 [pool-577-thread-1] INFO  server.RaftServerConfigKeys (ConfUtils.java:logGet(43)) - raft.server.log.write.buffer.size = 33554432 (custom)
2019-09-26 13:23:01,303 [pool-577-thread-1] INFO  server.RaftServerConfigKeys (ConfUtils.java:logGet(43)) - raft.server.log.force.sync.num = 128 (default)
2019-09-26 13:23:01,303 [pool-577-thread-1] INFO  server.RaftServerConfigKeys (ConfUtils.java:logGet(43)) - raft.server.log.statemachine.data.sync = true (default)
2019-09-26 13:23:01,303 [pool-577-thread-1] INFO  server.RaftServerConfigKeys (ConfUtils.java:logGet(43)) - raft.server.log.statemachine.data.sync.timeout = 10s (default)
2019-09-26 13:23:01,303 [pool-577-thread-1] INFO  server.RaftServerConfigKeys (ConfUtils.java:logGet(43)) - raft.server.log.statemachine.data.sync.timeout.retry = -1 (default)
2019-09-26 13:23:01,303 [pool-577-thread-1] INFO  server.RaftServerConfigKeys (ConfUtils.java:logGet(43)) - raft.server.log.statemachine.data.caching.enabled = true (custom)
2019-09-26 13:23:01,303 [pool-577-thread-1] INFO  segmented.SegmentedRaftLogWorker (SegmentedRaftLogWorker.java:lambda$new$0(132)) - df29ace5-11ac-4506-8343-2185a80235e7@group-CD151F390FF7-SegmentedRaftLogWorker: flushIndex: setUnconditionally 0 -> -1
2019-09-26 13:23:01,304 [pool-577-thread-1] INFO  server.RaftServerConfigKeys (ConfUtils.java:logGet(43)) - raft.server.snapshot.auto.trigger.enabled = true (custom)
2019-09-26 13:23:01,304 [pool-577-thread-1] INFO  server.RaftServerConfigKeys (ConfUtils.java:logGet(43)) - raft.server.snapshot.auto.trigger.threshold = 10000 (custom)
2019-09-26 13:23:01,304 [pool-577-thread-1] INFO  server.RaftServerConfigKeys (ConfUtils.java:logGet(43)) - raft.server.snapshot.retention.num.files = 5 (custom)
2019-09-26 13:23:01,304 [pool-577-thread-1] INFO  server.RaftServerConfigKeys (ConfUtils.java:logGet(43)) - raft.server.retrycache.expirytime = 600000ms (custom)
2019-09-26 13:23:01,305 [pool-577-thread-1] INFO  impl.RaftServerImpl (RaftServerImpl.java:start(185)) - df29ace5-11ac-4506-8343-2185a80235e7@group-CD151F390FF7: start as a follower, conf=-1: [df29ace5-11ac-4506-8343-2185a80235e7:192.168.164.238:44950], old=null
2019-09-26 13:23:01,305 [pool-577-thread-1] INFO  impl.RaftServerImpl (RaftServerImpl.java:setRole(174)) - df29ace5-11ac-4506-8343-2185a80235e7@group-CD151F390FF7: changes role from      null to FOLLOWER at term 0 for startAsFollower
2019-09-26 13:23:01,306 [pool-577-thread-1] INFO  impl.RoleInfo (RoleInfo.java:updateAndGet(143)) - df29ace5-11ac-4506-8343-2185a80235e7: start FollowerState
2019-09-26 13:23:01,306 [pool-577-thread-1] INFO  util.JmxRegister (JmxRegister.java:tryRegister(44)) - Successfully registered JMX Bean with object name Ratis:service=RaftServer,group=group-CD151F390FF7,id=df29ace5-11ac-4506-8343-2185a80235e7
2019-09-26 13:23:01,309 [RatisPipelineUtilsThread] INFO  pipeline.PipelineStateManager (PipelineStateManager.java:addPipeline(56)) - Created pipeline Pipeline[ Id: c7eb23dd-f539-4028-8eda-cd151f390ff7, Nodes: df29ace5-11ac-4506-8343-2185a80235e7{ip: 192.168.164.238, host: pr-hdds-1569-87zkn-1081879488, networkLocation: /default-rack, certSerialId: null}, Type:RATIS, Factor:ONE, State:OPEN]
2019-09-26 13:23:01,315 [grpc-default-executor-0] INFO  impl.RaftServerProxy (RaftServerProxy.java:addNew(89)) - df29ace5-11ac-4506-8343-2185a80235e7: addNew group-8133C374E9E6:[df29ace5-11ac-4506-8343-2185a80235e7:192.168.164.238:44950] returns group-8133C374E9E6:java.util.concurrent.CompletableFuture@70f47ddf[Not completed]
2019-09-26 13:23:01,315 [pool-577-thread-1] INFO  impl.RaftServerImpl (RaftServerImpl.java:<init>(95)) - df29ace5-11ac-4506-8343-2185a80235e7: new RaftServerImpl for group-8133C374E9E6:[df29ace5-11ac-4506-8343-2185a80235e7:192.168.164.238:44950] with ContainerStateMachine:uninitialized
2019-09-26 13:23:01,316 [pool-577-thread-1] INFO  server.RaftServerConfigKeys (ConfUtils.java:logGet(43)) - raft.server.rpc.timeout.min = 5s (custom)
2019-09-26 13:23:01,316 [pool-577-thread-1] INFO  server.RaftServerConfigKeys (ConfUtils.java:logGet(43)) - raft.server.rpc.timeout.max = 5200ms (custom)
2019-09-26 13:23:01,316 [pool-577-thread-1] INFO  server.RaftServerConfigKeys (ConfUtils.java:logGet(43)) - raft.server.rpcslowness.timeout = 120s (custom)
2019-09-26 13:23:01,316 [pool-577-thread-1] INFO  server.RaftServerConfigKeys (ConfUtils.java:logGet(43)) - raft.server.sleep.deviation.threshold = 300 (default)
2019-09-26 13:23:01,316 [pool-577-thread-1] INFO  server.RaftServerConfigKeys (ConfUtils.java:logGet(43)) - raft.server.log.appender.install.snapshot.enabled = false (custom)
2019-09-26 13:23:01,316 [pool-577-thread-1] INFO  impl.RaftServerImpl (ServerState.java:<init>(103)) - df29ace5-11ac-4506-8343-2185a80235e7@group-8133C374E9E6: ConfigurationManager, init=-1: [df29ace5-11ac-4506-8343-2185a80235e7:192.168.164.238:44950], old=null, confs=<EMPTY_MAP>
2019-09-26 13:23:01,316 [pool-577-thread-1] INFO  server.RaftServerConfigKeys (ConfUtils.java:logGet(43)) - raft.server.storage.dir = [/workdir/hadoop-ozone/ozonefs/target/test-dir/MiniOzoneClusterImpl-65334931-5d7a-4f00-a9a9-1cddd3067b9f/datanode-0/data/ratis] (custom)
2019-09-26 13:23:01,316 [pool-577-thread-1] INFO  storage.RaftStorageDirectory (RaftStorageDirectory.java:analyzeStorage(246)) - The storage directory /workdir/hadoop-ozone/ozonefs/target/test-dir/MiniOzoneClusterImpl-65334931-5d7a-4f00-a9a9-1cddd3067b9f/datanode-0/data/ratis/55027fe8-2a76-4eda-a182-8133c374e9e6 does not exist. Creating ...
2019-09-26 13:23:01,325 [main] INFO  ozone.MiniOzoneClusterImpl (MiniOzoneClusterImpl.java:lambda$waitForClusterToBeReady$0(147)) - Waiting for cluster to be ready. Got 2 of 3 DN Heartbeats.
2019-09-26 13:23:01,326 [IPC Server handler 2 on 42035] INFO  net.NetworkTopology (NetworkTopologyImpl.java:add(111)) - Added a new node: /default-rack/0960db07-db6c-4a00-837c-4772f3756226
2019-09-26 13:23:01,326 [IPC Server handler 2 on 42035] INFO  node.SCMNodeManager (SCMNodeManager.java:register(266)) - Registered Data node : 0960db07-db6c-4a00-837c-4772f3756226{ip: 192.168.164.238, host: pr-hdds-1569-87zkn-1081879488, networkLocation: /default-rack, certSerialId: null}
2019-09-26 13:23:01,329 [pool-577-thread-1] INFO  storage.RaftStorageDirectory (RaftStorageDirectory.java:tryLock(328)) - Lock on /workdir/hadoop-ozone/ozonefs/target/test-dir/MiniOzoneClusterImpl-65334931-5d7a-4f00-a9a9-1cddd3067b9f/datanode-0/data/ratis/55027fe8-2a76-4eda-a182-8133c374e9e6/in_use.lock acquired by nodename 20384@pr-hdds-1569-87zkn-1081879488
2019-09-26 13:23:01,342 [pool-577-thread-1] INFO  storage.RaftStorage (RaftStorage.java:format(72)) - Storage directory /workdir/hadoop-ozone/ozonefs/target/test-dir/MiniOzoneClusterImpl-65334931-5d7a-4f00-a9a9-1cddd3067b9f/datanode-0/data/ratis/55027fe8-2a76-4eda-a182-8133c374e9e6 has been successfully formatted.
2019-09-26 13:23:01,342 [pool-577-thread-1] INFO  ratis.ContainerStateMachine (ContainerStateMachine.java:loadSnapshot(230)) - group-8133C374E9E6: The snapshot info is null. Setting the last applied indexto:(t:0, i:~)
2019-09-26 13:23:01,342 [pool-577-thread-1] INFO  server.RaftServerConfigKeys (ConfUtils.java:logGet(43)) - raft.server.notification.no-leader.timeout = 120s (custom)
2019-09-26 13:23:01,342 [pool-577-thread-1] INFO  server.RaftServerConfigKeys (ConfUtils.java:logGet(43)) - raft.server.log.use.memory = false (default)
2019-09-26 13:23:01,342 [pool-577-thread-1] INFO  server.RaftServerConfigKeys (ConfUtils.java:logGet(43)) - raft.server.log.purge.gap = 1000000 (custom)
2019-09-26 13:23:01,343 [pool-577-thread-1] INFO  server.RaftServerConfigKeys (ConfUtils.java:logGet(43)) - raft.server.log.appender.buffer.byte-limit = 33554432 (custom)
2019-09-26 13:23:01,343 [pool-577-thread-1] INFO  server.RaftServerConfigKeys (ConfUtils.java:logGet(43)) - raft.server.log.segment.size.max = 1048576 (custom)
2019-09-26 13:23:01,343 [pool-577-thread-1] INFO  server.RaftServerConfigKeys (ConfUtils.java:logGet(43)) - raft.server.log.segment.cache.num.max = 2 (custom)
2019-09-26 13:23:01,343 [pool-577-thread-1] INFO  segmented.SegmentedRaftLogWorker (SegmentedRaftLogWorker.java:<init>(172)) - new df29ace5-11ac-4506-8343-2185a80235e7@group-8133C374E9E6-SegmentedRaftLogWorker for RaftStorage:Storage Directory /workdir/hadoop-ozone/ozonefs/target/test-dir/MiniOzoneClusterImpl-65334931-5d7a-4f00-a9a9-1cddd3067b9f/datanode-0/data/ratis/55027fe8-2a76-4eda-a182-8133c374e9e6
2019-09-26 13:23:01,343 [pool-577-thread-1] INFO  server.RaftServerConfigKeys (ConfUtils.java:logGet(43)) - raft.server.log.queue.byte-limit = 2147483647 (custom)
2019-09-26 13:23:01,343 [pool-577-thread-1] INFO  server.RaftServerConfigKeys (ConfUtils.java:logGet(43)) - raft.server.log.queue.element-limit = 1024 (custom)
2019-09-26 13:23:01,343 [pool-577-thread-1] INFO  server.RaftServerConfigKeys (ConfUtils.java:logGet(43)) - raft.server.log.segment.size.max = 1048576 (custom)
2019-09-26 13:23:01,343 [pool-577-thread-1] INFO  server.RaftServerConfigKeys (ConfUtils.java:logGet(43)) - raft.server.log.preallocated.size = 16384 (custom)
2019-09-26 13:23:01,343 [pool-577-thread-1] INFO  server.RaftServerConfigKeys (ConfUtils.java:logGet(43)) - raft.server.log.write.buffer.size = 33554432 (custom)
2019-09-26 13:23:01,344 [pool-577-thread-1] INFO  server.RaftServerConfigKeys (ConfUtils.java:logGet(43)) - raft.server.log.force.sync.num = 128 (default)
2019-09-26 13:23:01,344 [pool-577-thread-1] INFO  server.RaftServerConfigKeys (ConfUtils.java:logGet(43)) - raft.server.log.statemachine.data.sync = true (default)
2019-09-26 13:23:01,344 [pool-577-thread-1] INFO  server.RaftServerConfigKeys (ConfUtils.java:logGet(43)) - raft.server.log.statemachine.data.sync.timeout = 10s (default)
2019-09-26 13:23:01,344 [pool-577-thread-1] INFO  server.RaftServerConfigKeys (ConfUtils.java:logGet(43)) - raft.server.log.statemachine.data.sync.timeout.retry = -1 (default)
2019-09-26 13:23:01,344 [pool-577-thread-1] INFO  server.RaftServerConfigKeys (ConfUtils.java:logGet(43)) - raft.server.log.statemachine.data.caching.enabled = true (custom)
2019-09-26 13:23:01,344 [pool-577-thread-1] INFO  segmented.SegmentedRaftLogWorker (SegmentedRaftLogWorker.java:lambda$new$0(132)) - df29ace5-11ac-4506-8343-2185a80235e7@group-8133C374E9E6-SegmentedRaftLogWorker: flushIndex: setUnconditionally 0 -> -1
2019-09-26 13:23:01,345 [pool-577-thread-1] INFO  server.RaftServerConfigKeys (ConfUtils.java:logGet(43)) - raft.server.snapshot.auto.trigger.enabled = true (custom)
2019-09-26 13:23:01,345 [pool-577-thread-1] INFO  server.RaftServerConfigKeys (ConfUtils.java:logGet(43)) - raft.server.snapshot.auto.trigger.threshold = 10000 (custom)
2019-09-26 13:23:01,345 [pool-577-thread-1] INFO  server.RaftServerConfigKeys (ConfUtils.java:logGet(43)) - raft.server.snapshot.retention.num.files = 5 (custom)
2019-09-26 13:23:01,345 [pool-577-thread-1] INFO  server.RaftServerConfigKeys (ConfUtils.java:logGet(43)) - raft.server.retrycache.expirytime = 600000ms (custom)
2019-09-26 13:23:01,346 [pool-577-thread-1] INFO  impl.RaftServerImpl (RaftServerImpl.java:start(185)) - df29ace5-11ac-4506-8343-2185a80235e7@group-8133C374E9E6: start as a follower, conf=-1: [df29ace5-11ac-4506-8343-2185a80235e7:192.168.164.238:44950], old=null
2019-09-26 13:23:01,346 [pool-577-thread-1] INFO  impl.RaftServerImpl (RaftServerImpl.java:setRole(174)) - df29ace5-11ac-4506-8343-2185a80235e7@group-8133C374E9E6: changes role from      null to FOLLOWER at term 0 for startAsFollower
2019-09-26 13:23:01,346 [pool-577-thread-1] INFO  impl.RoleInfo (RoleInfo.java:updateAndGet(143)) - df29ace5-11ac-4506-8343-2185a80235e7: start FollowerState
2019-09-26 13:23:01,347 [pool-577-thread-1] INFO  util.JmxRegister (JmxRegister.java:tryRegister(44)) - Successfully registered JMX Bean with object name Ratis:service=RaftServer,group=group-8133C374E9E6,id=df29ace5-11ac-4506-8343-2185a80235e7
2019-09-26 13:23:01,349 [RatisPipelineUtilsThread] INFO  pipeline.PipelineStateManager (PipelineStateManager.java:addPipeline(56)) - Created pipeline Pipeline[ Id: 55027fe8-2a76-4eda-a182-8133c374e9e6, Nodes: df29ace5-11ac-4506-8343-2185a80235e7{ip: 192.168.164.238, host: pr-hdds-1569-87zkn-1081879488, networkLocation: /default-rack, certSerialId: null}, Type:RATIS, Factor:ONE, State:OPEN]
2019-09-26 13:23:01,354 [grpc-default-executor-0] INFO  impl.RaftServerProxy (RaftServerProxy.java:addNew(89)) - df29ace5-11ac-4506-8343-2185a80235e7: addNew group-08956269DAFC:[df29ace5-11ac-4506-8343-2185a80235e7:192.168.164.238:44950] returns group-08956269DAFC:java.util.concurrent.CompletableFuture@7e17b2f9[Not completed]
2019-09-26 13:23:01,355 [pool-577-thread-1] INFO  impl.RaftServerImpl (RaftServerImpl.java:<init>(95)) - df29ace5-11ac-4506-8343-2185a80235e7: new RaftServerImpl for group-08956269DAFC:[df29ace5-11ac-4506-8343-2185a80235e7:192.168.164.238:44950] with ContainerStateMachine:uninitialized
2019-09-26 13:23:01,355 [pool-577-thread-1] INFO  server.RaftServerConfigKeys (ConfUtils.java:logGet(43)) - raft.server.rpc.timeout.min = 5s (custom)
2019-09-26 13:23:01,355 [pool-577-thread-1] INFO  server.RaftServerConfigKeys (ConfUtils.java:logGet(43)) - raft.server.rpc.timeout.max = 5200ms (custom)
2019-09-26 13:23:01,355 [pool-577-thread-1] INFO  server.RaftServerConfigKeys (ConfUtils.java:logGet(43)) - raft.server.rpcslowness.timeout = 120s (custom)
2019-09-26 13:23:01,356 [pool-577-thread-1] INFO  server.RaftServerConfigKeys (ConfUtils.java:logGet(43)) - raft.server.sleep.deviation.threshold = 300 (default)
2019-09-26 13:23:01,356 [pool-577-thread-1] INFO  server.RaftServerConfigKeys (ConfUtils.java:logGet(43)) - raft.server.log.appender.install.snapshot.enabled = false (custom)
2019-09-26 13:23:01,356 [pool-577-thread-1] INFO  impl.RaftServerImpl (ServerState.java:<init>(103)) - df29ace5-11ac-4506-8343-2185a80235e7@group-08956269DAFC: ConfigurationManager, init=-1: [df29ace5-11ac-4506-8343-2185a80235e7:192.168.164.238:44950], old=null, confs=<EMPTY_MAP>
2019-09-26 13:23:01,356 [pool-577-thread-1] INFO  server.RaftServerConfigKeys (ConfUtils.java:logGet(43)) - raft.server.storage.dir = [/workdir/hadoop-ozone/ozonefs/target/test-dir/MiniOzoneClusterImpl-65334931-5d7a-4f00-a9a9-1cddd3067b9f/datanode-0/data/ratis] (custom)
2019-09-26 13:23:01,356 [pool-577-thread-1] INFO  storage.RaftStorageDirectory (RaftStorageDirectory.java:analyzeStorage(246)) - The storage directory /workdir/hadoop-ozone/ozonefs/target/test-dir/MiniOzoneClusterImpl-65334931-5d7a-4f00-a9a9-1cddd3067b9f/datanode-0/data/ratis/2ec1717a-3306-4418-95f7-08956269dafc does not exist. Creating ...
2019-09-26 13:23:01,368 [pool-577-thread-1] INFO  storage.RaftStorageDirectory (RaftStorageDirectory.java:tryLock(328)) - Lock on /workdir/hadoop-ozone/ozonefs/target/test-dir/MiniOzoneClusterImpl-65334931-5d7a-4f00-a9a9-1cddd3067b9f/datanode-0/data/ratis/2ec1717a-3306-4418-95f7-08956269dafc/in_use.lock acquired by nodename 20384@pr-hdds-1569-87zkn-1081879488
2019-09-26 13:23:01,371 [pool-577-thread-1] INFO  storage.RaftStorage (RaftStorage.java:format(72)) - Storage directory /workdir/hadoop-ozone/ozonefs/target/test-dir/MiniOzoneClusterImpl-65334931-5d7a-4f00-a9a9-1cddd3067b9f/datanode-0/data/ratis/2ec1717a-3306-4418-95f7-08956269dafc has been successfully formatted.
2019-09-26 13:23:01,371 [pool-577-thread-1] INFO  ratis.ContainerStateMachine (ContainerStateMachine.java:loadSnapshot(230)) - group-08956269DAFC: The snapshot info is null. Setting the last applied indexto:(t:0, i:~)
2019-09-26 13:23:01,372 [pool-577-thread-1] INFO  server.RaftServerConfigKeys (ConfUtils.java:logGet(43)) - raft.server.notification.no-leader.timeout = 120s (custom)
2019-09-26 13:23:01,372 [pool-577-thread-1] INFO  server.RaftServerConfigKeys (ConfUtils.java:logGet(43)) - raft.server.log.use.memory = false (default)
2019-09-26 13:23:01,372 [pool-577-thread-1] INFO  server.RaftServerConfigKeys (ConfUtils.java:logGet(43)) - raft.server.log.purge.gap = 1000000 (custom)
2019-09-26 13:23:01,372 [pool-577-thread-1] INFO  server.RaftServerConfigKeys (ConfUtils.java:logGet(43)) - raft.server.log.appender.buffer.byte-limit = 33554432 (custom)
2019-09-26 13:23:01,372 [pool-577-thread-1] INFO  server.RaftServerConfigKeys (ConfUtils.java:logGet(43)) - raft.server.log.segment.size.max = 1048576 (custom)
2019-09-26 13:23:01,372 [pool-577-thread-1] INFO  server.RaftServerConfigKeys (ConfUtils.java:logGet(43)) - raft.server.log.segment.cache.num.max = 2 (custom)
2019-09-26 13:23:01,372 [pool-577-thread-1] INFO  segmented.SegmentedRaftLogWorker (SegmentedRaftLogWorker.java:<init>(172)) - new df29ace5-11ac-4506-8343-2185a80235e7@group-08956269DAFC-SegmentedRaftLogWorker for RaftStorage:Storage Directory /workdir/hadoop-ozone/ozonefs/target/test-dir/MiniOzoneClusterImpl-65334931-5d7a-4f00-a9a9-1cddd3067b9f/datanode-0/data/ratis/2ec1717a-3306-4418-95f7-08956269dafc
2019-09-26 13:23:01,372 [pool-577-thread-1] INFO  server.RaftServerConfigKeys (ConfUtils.java:logGet(43)) - raft.server.log.queue.byte-limit = 2147483647 (custom)
2019-09-26 13:23:01,372 [pool-577-thread-1] INFO  server.RaftServerConfigKeys (ConfUtils.java:logGet(43)) - raft.server.log.queue.element-limit = 1024 (custom)
2019-09-26 13:23:01,372 [pool-577-thread-1] INFO  server.RaftServerConfigKeys (ConfUtils.java:logGet(43)) - raft.server.log.segment.size.max = 1048576 (custom)
2019-09-26 13:23:01,373 [pool-577-thread-1] INFO  server.RaftServerConfigKeys (ConfUtils.java:logGet(43)) - raft.server.log.preallocated.size = 16384 (custom)
2019-09-26 13:23:01,373 [pool-577-thread-1] INFO  server.RaftServerConfigKeys (ConfUtils.java:logGet(43)) - raft.server.log.write.buffer.size = 33554432 (custom)
2019-09-26 13:23:01,373 [pool-577-thread-1] INFO  server.RaftServerConfigKeys (ConfUtils.java:logGet(43)) - raft.server.log.force.sync.num = 128 (default)
2019-09-26 13:23:01,373 [pool-577-thread-1] INFO  server.RaftServerConfigKeys (ConfUtils.java:logGet(43)) - raft.server.log.statemachine.data.sync = true (default)
2019-09-26 13:23:01,373 [pool-577-thread-1] INFO  server.RaftServerConfigKeys (ConfUtils.java:logGet(43)) - raft.server.log.statemachine.data.sync.timeout = 10s (default)
2019-09-26 13:23:01,373 [pool-577-thread-1] INFO  server.RaftServerConfigKeys (ConfUtils.java:logGet(43)) - raft.server.log.statemachine.data.sync.timeout.retry = -1 (default)
2019-09-26 13:23:01,373 [pool-577-thread-1] INFO  server.RaftServerConfigKeys (ConfUtils.java:logGet(43)) - raft.server.log.statemachine.data.caching.enabled = true (custom)
2019-09-26 13:23:01,373 [pool-577-thread-1] INFO  segmented.SegmentedRaftLogWorker (SegmentedRaftLogWorker.java:lambda$new$0(132)) - df29ace5-11ac-4506-8343-2185a80235e7@group-08956269DAFC-SegmentedRaftLogWorker: flushIndex: setUnconditionally 0 -> -1
2019-09-26 13:23:01,374 [pool-577-thread-1] INFO  server.RaftServerConfigKeys (ConfUtils.java:logGet(43)) - raft.server.snapshot.auto.trigger.enabled = true (custom)
2019-09-26 13:23:01,374 [pool-577-thread-1] INFO  server.RaftServerConfigKeys (ConfUtils.java:logGet(43)) - raft.server.snapshot.auto.trigger.threshold = 10000 (custom)
2019-09-26 13:23:01,374 [pool-577-thread-1] INFO  server.RaftServerConfigKeys (ConfUtils.java:logGet(43)) - raft.server.snapshot.retention.num.files = 5 (custom)
2019-09-26 13:23:01,374 [pool-577-thread-1] INFO  server.RaftServerConfigKeys (ConfUtils.java:logGet(43)) - raft.server.retrycache.expirytime = 600000ms (custom)
2019-09-26 13:23:01,375 [pool-577-thread-1] INFO  impl.RaftServerImpl (RaftServerImpl.java:start(185)) - df29ace5-11ac-4506-8343-2185a80235e7@group-08956269DAFC: start as a follower, conf=-1: [df29ace5-11ac-4506-8343-2185a80235e7:192.168.164.238:44950], old=null
2019-09-26 13:23:01,375 [pool-577-thread-1] INFO  impl.RaftServerImpl (RaftServerImpl.java:setRole(174)) - df29ace5-11ac-4506-8343-2185a80235e7@group-08956269DAFC: changes role from      null to FOLLOWER at term 0 for startAsFollower
2019-09-26 13:23:01,375 [pool-577-thread-1] INFO  impl.RoleInfo (RoleInfo.java:updateAndGet(143)) - df29ace5-11ac-4506-8343-2185a80235e7: start FollowerState
2019-09-26 13:23:01,375 [pool-577-thread-1] INFO  util.JmxRegister (JmxRegister.java:tryRegister(44)) - Successfully registered JMX Bean with object name Ratis:service=RaftServer,group=group-08956269DAFC,id=df29ace5-11ac-4506-8343-2185a80235e7
2019-09-26 13:23:01,378 [RatisPipelineUtilsThread] INFO  pipeline.PipelineStateManager (PipelineStateManager.java:addPipeline(56)) - Created pipeline Pipeline[ Id: 2ec1717a-3306-4418-95f7-08956269dafc, Nodes: df29ace5-11ac-4506-8343-2185a80235e7{ip: 192.168.164.238, host: pr-hdds-1569-87zkn-1081879488, networkLocation: /default-rack, certSerialId: null}, Type:RATIS, Factor:ONE, State:OPEN]
2019-09-26 13:23:01,386 [grpc-default-executor-0] INFO  impl.RaftServerProxy (RaftServerProxy.java:addNew(89)) - 0960db07-db6c-4a00-837c-4772f3756226: addNew group-5CE0672C48AD:[0960db07-db6c-4a00-837c-4772f3756226:192.168.164.238:36415] returns group-5CE0672C48AD:java.util.concurrent.CompletableFuture@20d95113[Not completed]
2019-09-26 13:23:01,387 [pool-597-thread-1] INFO  impl.RaftServerImpl (RaftServerImpl.java:<init>(95)) - 0960db07-db6c-4a00-837c-4772f3756226: new RaftServerImpl for group-5CE0672C48AD:[0960db07-db6c-4a00-837c-4772f3756226:192.168.164.238:36415] with ContainerStateMachine:uninitialized
2019-09-26 13:23:01,387 [pool-597-thread-1] INFO  server.RaftServerConfigKeys (ConfUtils.java:logGet(43)) - raft.server.rpc.timeout.min = 5s (custom)
2019-09-26 13:23:01,387 [pool-597-thread-1] INFO  server.RaftServerConfigKeys (ConfUtils.java:logGet(43)) - raft.server.rpc.timeout.max = 5200ms (custom)
2019-09-26 13:23:01,387 [pool-597-thread-1] INFO  server.RaftServerConfigKeys (ConfUtils.java:logGet(43)) - raft.server.rpcslowness.timeout = 120s (custom)
2019-09-26 13:23:01,387 [pool-597-thread-1] INFO  server.RaftServerConfigKeys (ConfUtils.java:logGet(43)) - raft.server.sleep.deviation.threshold = 300 (default)
2019-09-26 13:23:01,387 [pool-597-thread-1] INFO  server.RaftServerConfigKeys (ConfUtils.java:logGet(43)) - raft.server.log.appender.install.snapshot.enabled = false (custom)
2019-09-26 13:23:01,388 [pool-597-thread-1] INFO  impl.RaftServerImpl (ServerState.java:<init>(103)) - 0960db07-db6c-4a00-837c-4772f3756226@group-5CE0672C48AD: ConfigurationManager, init=-1: [0960db07-db6c-4a00-837c-4772f3756226:192.168.164.238:36415], old=null, confs=<EMPTY_MAP>
2019-09-26 13:23:01,388 [pool-597-thread-1] INFO  server.RaftServerConfigKeys (ConfUtils.java:logGet(43)) - raft.server.storage.dir = [/workdir/hadoop-ozone/ozonefs/target/test-dir/MiniOzoneClusterImpl-65334931-5d7a-4f00-a9a9-1cddd3067b9f/datanode-2/data/ratis] (custom)
2019-09-26 13:23:01,388 [pool-597-thread-1] INFO  storage.RaftStorageDirectory (RaftStorageDirectory.java:analyzeStorage(246)) - The storage directory /workdir/hadoop-ozone/ozonefs/target/test-dir/MiniOzoneClusterImpl-65334931-5d7a-4f00-a9a9-1cddd3067b9f/datanode-2/data/ratis/c305992c-4cf2-4645-b794-5ce0672c48ad does not exist. Creating ...
2019-09-26 13:23:01,391 [pool-597-thread-1] INFO  storage.RaftStorageDirectory (RaftStorageDirectory.java:tryLock(328)) - Lock on /workdir/hadoop-ozone/ozonefs/target/test-dir/MiniOzoneClusterImpl-65334931-5d7a-4f00-a9a9-1cddd3067b9f/datanode-2/data/ratis/c305992c-4cf2-4645-b794-5ce0672c48ad/in_use.lock acquired by nodename 20384@pr-hdds-1569-87zkn-1081879488
2019-09-26 13:23:01,394 [pool-597-thread-1] INFO  storage.RaftStorage (RaftStorage.java:format(72)) - Storage directory /workdir/hadoop-ozone/ozonefs/target/test-dir/MiniOzoneClusterImpl-65334931-5d7a-4f00-a9a9-1cddd3067b9f/datanode-2/data/ratis/c305992c-4cf2-4645-b794-5ce0672c48ad has been successfully formatted.
2019-09-26 13:23:01,394 [pool-597-thread-1] INFO  ratis.ContainerStateMachine (ContainerStateMachine.java:loadSnapshot(230)) - group-5CE0672C48AD: The snapshot info is null. Setting the last applied indexto:(t:0, i:~)
2019-09-26 13:23:01,394 [pool-597-thread-1] INFO  server.RaftServerConfigKeys (ConfUtils.java:logGet(43)) - raft.server.notification.no-leader.timeout = 120s (custom)
2019-09-26 13:23:01,394 [pool-597-thread-1] INFO  server.RaftServerConfigKeys (ConfUtils.java:logGet(43)) - raft.server.log.use.memory = false (default)
2019-09-26 13:23:01,394 [pool-597-thread-1] INFO  server.RaftServerConfigKeys (ConfUtils.java:logGet(43)) - raft.server.log.purge.gap = 1000000 (custom)
2019-09-26 13:23:01,395 [pool-597-thread-1] INFO  server.RaftServerConfigKeys (ConfUtils.java:logGet(43)) - raft.server.log.appender.buffer.byte-limit = 33554432 (custom)
2019-09-26 13:23:01,395 [pool-597-thread-1] INFO  server.RaftServerConfigKeys (ConfUtils.java:logGet(43)) - raft.server.log.segment.size.max = 1048576 (custom)
2019-09-26 13:23:01,395 [pool-597-thread-1] INFO  server.RaftServerConfigKeys (ConfUtils.java:logGet(43)) - raft.server.log.segment.cache.num.max = 2 (custom)
2019-09-26 13:23:01,395 [pool-597-thread-1] INFO  segmented.SegmentedRaftLogWorker (SegmentedRaftLogWorker.java:<init>(172)) - new 0960db07-db6c-4a00-837c-4772f3756226@group-5CE0672C48AD-SegmentedRaftLogWorker for RaftStorage:Storage Directory /workdir/hadoop-ozone/ozonefs/target/test-dir/MiniOzoneClusterImpl-65334931-5d7a-4f00-a9a9-1cddd3067b9f/datanode-2/data/ratis/c305992c-4cf2-4645-b794-5ce0672c48ad
2019-09-26 13:23:01,396 [pool-597-thread-1] INFO  server.RaftServerConfigKeys (ConfUtils.java:logGet(43)) - raft.server.log.queue.byte-limit = 2147483647 (custom)
2019-09-26 13:23:01,396 [pool-597-thread-1] INFO  server.RaftServerConfigKeys (ConfUtils.java:logGet(43)) - raft.server.log.queue.element-limit = 1024 (custom)
2019-09-26 13:23:01,396 [pool-597-thread-1] INFO  server.RaftServerConfigKeys (ConfUtils.java:logGet(43)) - raft.server.log.segment.size.max = 1048576 (custom)
2019-09-26 13:23:01,396 [pool-597-thread-1] INFO  server.RaftServerConfigKeys (ConfUtils.java:logGet(43)) - raft.server.log.preallocated.size = 16384 (custom)
2019-09-26 13:23:01,396 [pool-597-thread-1] INFO  server.RaftServerConfigKeys (ConfUtils.java:logGet(43)) - raft.server.log.write.buffer.size = 33554432 (custom)
2019-09-26 13:23:01,397 [pool-597-thread-1] INFO  server.RaftServerConfigKeys (ConfUtils.java:logGet(43)) - raft.server.log.force.sync.num = 128 (default)
2019-09-26 13:23:01,397 [pool-597-thread-1] INFO  server.RaftServerConfigKeys (ConfUtils.java:logGet(43)) - raft.server.log.statemachine.data.sync = true (default)
2019-09-26 13:23:01,397 [pool-597-thread-1] INFO  server.RaftServerConfigKeys (ConfUtils.java:logGet(43)) - raft.server.log.statemachine.data.sync.timeout = 10s (default)
2019-09-26 13:23:01,397 [pool-597-thread-1] INFO  server.RaftServerConfigKeys (ConfUtils.java:logGet(43)) - raft.server.log.statemachine.data.sync.timeout.retry = -1 (default)
2019-09-26 13:23:01,397 [pool-597-thread-1] INFO  server.RaftServerConfigKeys (ConfUtils.java:logGet(43)) - raft.server.log.statemachine.data.caching.enabled = true (custom)
2019-09-26 13:23:01,397 [pool-597-thread-1] INFO  segmented.SegmentedRaftLogWorker (SegmentedRaftLogWorker.java:lambda$new$0(132)) - 0960db07-db6c-4a00-837c-4772f3756226@group-5CE0672C48AD-SegmentedRaftLogWorker: flushIndex: setUnconditionally 0 -> -1
2019-09-26 13:23:01,398 [pool-597-thread-1] INFO  server.RaftServerConfigKeys (ConfUtils.java:logGet(43)) - raft.server.snapshot.auto.trigger.enabled = true (custom)
2019-09-26 13:23:01,398 [pool-597-thread-1] INFO  server.RaftServerConfigKeys (ConfUtils.java:logGet(43)) - raft.server.snapshot.auto.trigger.threshold = 10000 (custom)
2019-09-26 13:23:01,398 [pool-597-thread-1] INFO  server.RaftServerConfigKeys (ConfUtils.java:logGet(43)) - raft.server.snapshot.retention.num.files = 5 (custom)
2019-09-26 13:23:01,398 [pool-597-thread-1] INFO  server.RaftServerConfigKeys (ConfUtils.java:logGet(43)) - raft.server.retrycache.expirytime = 600000ms (custom)
2019-09-26 13:23:01,399 [pool-597-thread-1] INFO  impl.RaftServerImpl (RaftServerImpl.java:start(185)) - 0960db07-db6c-4a00-837c-4772f3756226@group-5CE0672C48AD: start as a follower, conf=-1: [0960db07-db6c-4a00-837c-4772f3756226:192.168.164.238:36415], old=null
2019-09-26 13:23:01,399 [pool-597-thread-1] INFO  impl.RaftServerImpl (RaftServerImpl.java:setRole(174)) - 0960db07-db6c-4a00-837c-4772f3756226@group-5CE0672C48AD: changes role from      null to FOLLOWER at term 0 for startAsFollower
2019-09-26 13:23:01,399 [pool-597-thread-1] INFO  impl.RoleInfo (RoleInfo.java:updateAndGet(143)) - 0960db07-db6c-4a00-837c-4772f3756226: start FollowerState
2019-09-26 13:23:01,399 [pool-597-thread-1] INFO  util.JmxRegister (JmxRegister.java:tryRegister(44)) - Successfully registered JMX Bean with object name Ratis:service=RaftServer,group=group-5CE0672C48AD,id=0960db07-db6c-4a00-837c-4772f3756226
2019-09-26 13:23:01,402 [RatisPipelineUtilsThread] INFO  pipeline.PipelineStateManager (PipelineStateManager.java:addPipeline(56)) - Created pipeline Pipeline[ Id: c305992c-4cf2-4645-b794-5ce0672c48ad, Nodes: 0960db07-db6c-4a00-837c-4772f3756226{ip: 192.168.164.238, host: pr-hdds-1569-87zkn-1081879488, networkLocation: /default-rack, certSerialId: null}, Type:RATIS, Factor:ONE, State:OPEN]
2019-09-26 13:23:01,406 [grpc-default-executor-0] INFO  impl.RaftServerProxy (RaftServerProxy.java:addNew(89)) - 0960db07-db6c-4a00-837c-4772f3756226: addNew group-F9B209428433:[0960db07-db6c-4a00-837c-4772f3756226:192.168.164.238:36415] returns group-F9B209428433:java.util.concurrent.CompletableFuture@41822141[Not completed]
2019-09-26 13:23:01,407 [pool-597-thread-1] INFO  impl.RaftServerImpl (RaftServerImpl.java:<init>(95)) - 0960db07-db6c-4a00-837c-4772f3756226: new RaftServerImpl for group-F9B209428433:[0960db07-db6c-4a00-837c-4772f3756226:192.168.164.238:36415] with ContainerStateMachine:uninitialized
2019-09-26 13:23:01,407 [pool-597-thread-1] INFO  server.RaftServerConfigKeys (ConfUtils.java:logGet(43)) - raft.server.rpc.timeout.min = 5s (custom)
2019-09-26 13:23:01,407 [pool-597-thread-1] INFO  server.RaftServerConfigKeys (ConfUtils.java:logGet(43)) - raft.server.rpc.timeout.max = 5200ms (custom)
2019-09-26 13:23:01,407 [pool-597-thread-1] INFO  server.RaftServerConfigKeys (ConfUtils.java:logGet(43)) - raft.server.rpcslowness.timeout = 120s (custom)
2019-09-26 13:23:01,407 [pool-597-thread-1] INFO  server.RaftServerConfigKeys (ConfUtils.java:logGet(43)) - raft.server.sleep.deviation.threshold = 300 (default)
2019-09-26 13:23:01,407 [pool-597-thread-1] INFO  server.RaftServerConfigKeys (ConfUtils.java:logGet(43)) - raft.server.log.appender.install.snapshot.enabled = false (custom)
2019-09-26 13:23:01,407 [pool-597-thread-1] INFO  impl.RaftServerImpl (ServerState.java:<init>(103)) - 0960db07-db6c-4a00-837c-4772f3756226@group-F9B209428433: ConfigurationManager, init=-1: [0960db07-db6c-4a00-837c-4772f3756226:192.168.164.238:36415], old=null, confs=<EMPTY_MAP>
2019-09-26 13:23:01,407 [pool-597-thread-1] INFO  server.RaftServerConfigKeys (ConfUtils.java:logGet(43)) - raft.server.storage.dir = [/workdir/hadoop-ozone/ozonefs/target/test-dir/MiniOzoneClusterImpl-65334931-5d7a-4f00-a9a9-1cddd3067b9f/datanode-2/data/ratis] (custom)
2019-09-26 13:23:01,407 [pool-597-thread-1] INFO  storage.RaftStorageDirectory (RaftStorageDirectory.java:analyzeStorage(246)) - The storage directory /workdir/hadoop-ozone/ozonefs/target/test-dir/MiniOzoneClusterImpl-65334931-5d7a-4f00-a9a9-1cddd3067b9f/datanode-2/data/ratis/b21351c5-da2a-4411-b783-f9b209428433 does not exist. Creating ...
2019-09-26 13:23:01,411 [pool-597-thread-1] INFO  storage.RaftStorageDirectory (RaftStorageDirectory.java:tryLock(328)) - Lock on /workdir/hadoop-ozone/ozonefs/target/test-dir/MiniOzoneClusterImpl-65334931-5d7a-4f00-a9a9-1cddd3067b9f/datanode-2/data/ratis/b21351c5-da2a-4411-b783-f9b209428433/in_use.lock acquired by nodename 20384@pr-hdds-1569-87zkn-1081879488
2019-09-26 13:23:01,414 [pool-597-thread-1] INFO  storage.RaftStorage (RaftStorage.java:format(72)) - Storage directory /workdir/hadoop-ozone/ozonefs/target/test-dir/MiniOzoneClusterImpl-65334931-5d7a-4f00-a9a9-1cddd3067b9f/datanode-2/data/ratis/b21351c5-da2a-4411-b783-f9b209428433 has been successfully formatted.
2019-09-26 13:23:01,414 [pool-597-thread-1] INFO  ratis.ContainerStateMachine (ContainerStateMachine.java:loadSnapshot(230)) - group-F9B209428433: The snapshot info is null. Setting the last applied indexto:(t:0, i:~)
2019-09-26 13:23:01,414 [pool-597-thread-1] INFO  server.RaftServerConfigKeys (ConfUtils.java:logGet(43)) - raft.server.notification.no-leader.timeout = 120s (custom)
2019-09-26 13:23:01,414 [pool-597-thread-1] INFO  server.RaftServerConfigKeys (ConfUtils.java:logGet(43)) - raft.server.log.use.memory = false (default)
2019-09-26 13:23:01,414 [pool-597-thread-1] INFO  server.RaftServerConfigKeys (ConfUtils.java:logGet(43)) - raft.server.log.purge.gap = 1000000 (custom)
2019-09-26 13:23:01,414 [pool-597-thread-1] INFO  server.RaftServerConfigKeys (ConfUtils.java:logGet(43)) - raft.server.log.appender.buffer.byte-limit = 33554432 (custom)
2019-09-26 13:23:01,414 [pool-597-thread-1] INFO  server.RaftServerConfigKeys (ConfUtils.java:logGet(43)) - raft.server.log.segment.size.max = 1048576 (custom)
2019-09-26 13:23:01,414 [pool-597-thread-1] INFO  server.RaftServerConfigKeys (ConfUtils.java:logGet(43)) - raft.server.log.segment.cache.num.max = 2 (custom)
2019-09-26 13:23:01,415 [pool-597-thread-1] INFO  segmented.SegmentedRaftLogWorker (SegmentedRaftLogWorker.java:<init>(172)) - new 0960db07-db6c-4a00-837c-4772f3756226@group-F9B209428433-SegmentedRaftLogWorker for RaftStorage:Storage Directory /workdir/hadoop-ozone/ozonefs/target/test-dir/MiniOzoneClusterImpl-65334931-5d7a-4f00-a9a9-1cddd3067b9f/datanode-2/data/ratis/b21351c5-da2a-4411-b783-f9b209428433
2019-09-26 13:23:01,415 [pool-597-thread-1] INFO  server.RaftServerConfigKeys (ConfUtils.java:logGet(43)) - raft.server.log.queue.byte-limit = 2147483647 (custom)
2019-09-26 13:23:01,415 [pool-597-thread-1] INFO  server.RaftServerConfigKeys (ConfUtils.java:logGet(43)) - raft.server.log.queue.element-limit = 1024 (custom)
2019-09-26 13:23:01,415 [pool-597-thread-1] INFO  server.RaftServerConfigKeys (ConfUtils.java:logGet(43)) - raft.server.log.segment.size.max = 1048576 (custom)
2019-09-26 13:23:01,415 [pool-597-thread-1] INFO  server.RaftServerConfigKeys (ConfUtils.java:logGet(43)) - raft.server.log.preallocated.size = 16384 (custom)
2019-09-26 13:23:01,415 [pool-597-thread-1] INFO  server.RaftServerConfigKeys (ConfUtils.java:logGet(43)) - raft.server.log.write.buffer.size = 33554432 (custom)
2019-09-26 13:23:01,415 [pool-597-thread-1] INFO  server.RaftServerConfigKeys (ConfUtils.java:logGet(43)) - raft.server.log.force.sync.num = 128 (default)
2019-09-26 13:23:01,415 [pool-597-thread-1] INFO  server.RaftServerConfigKeys (ConfUtils.java:logGet(43)) - raft.server.log.statemachine.data.sync = true (default)
2019-09-26 13:23:01,415 [pool-597-thread-1] INFO  server.RaftServerConfigKeys (ConfUtils.java:logGet(43)) - raft.server.log.statemachine.data.sync.timeout = 10s (default)
2019-09-26 13:23:01,415 [pool-597-thread-1] INFO  server.RaftServerConfigKeys (ConfUtils.java:logGet(43)) - raft.server.log.statemachine.data.sync.timeout.retry = -1 (default)
2019-09-26 13:23:01,415 [pool-597-thread-1] INFO  server.RaftServerConfigKeys (ConfUtils.java:logGet(43)) - raft.server.log.statemachine.data.caching.enabled = true (custom)
2019-09-26 13:23:01,416 [pool-597-thread-1] INFO  segmented.SegmentedRaftLogWorker (SegmentedRaftLogWorker.java:lambda$new$0(132)) - 0960db07-db6c-4a00-837c-4772f3756226@group-F9B209428433-SegmentedRaftLogWorker: flushIndex: setUnconditionally 0 -> -1
2019-09-26 13:23:01,416 [pool-597-thread-1] INFO  server.RaftServerConfigKeys (ConfUtils.java:logGet(43)) - raft.server.snapshot.auto.trigger.enabled = true (custom)
2019-09-26 13:23:01,416 [pool-597-thread-1] INFO  server.RaftServerConfigKeys (ConfUtils.java:logGet(43)) - raft.server.snapshot.auto.trigger.threshold = 10000 (custom)
2019-09-26 13:23:01,416 [pool-597-thread-1] INFO  server.RaftServerConfigKeys (ConfUtils.java:logGet(43)) - raft.server.snapshot.retention.num.files = 5 (custom)
2019-09-26 13:23:01,416 [pool-597-thread-1] INFO  server.RaftServerConfigKeys (ConfUtils.java:logGet(43)) - raft.server.retrycache.expirytime = 600000ms (custom)
2019-09-26 13:23:01,417 [pool-597-thread-1] INFO  impl.RaftServerImpl (RaftServerImpl.java:start(185)) - 0960db07-db6c-4a00-837c-4772f3756226@group-F9B209428433: start as a follower, conf=-1: [0960db07-db6c-4a00-837c-4772f3756226:192.168.164.238:36415], old=null
2019-09-26 13:23:01,417 [pool-597-thread-1] INFO  impl.RaftServerImpl (RaftServerImpl.java:setRole(174)) - 0960db07-db6c-4a00-837c-4772f3756226@group-F9B209428433: changes role from      null to FOLLOWER at term 0 for startAsFollower
2019-09-26 13:23:01,417 [pool-597-thread-1] INFO  impl.RoleInfo (RoleInfo.java:updateAndGet(143)) - 0960db07-db6c-4a00-837c-4772f3756226: start FollowerState
2019-09-26 13:23:01,418 [pool-597-thread-1] INFO  util.JmxRegister (JmxRegister.java:tryRegister(44)) - Successfully registered JMX Bean with object name Ratis:service=RaftServer,group=group-F9B209428433,id=0960db07-db6c-4a00-837c-4772f3756226
2019-09-26 13:23:01,420 [RatisPipelineUtilsThread] INFO  pipeline.PipelineStateManager (PipelineStateManager.java:addPipeline(56)) - Created pipeline Pipeline[ Id: b21351c5-da2a-4411-b783-f9b209428433, Nodes: 0960db07-db6c-4a00-837c-4772f3756226{ip: 192.168.164.238, host: pr-hdds-1569-87zkn-1081879488, networkLocation: /default-rack, certSerialId: null}, Type:RATIS, Factor:ONE, State:OPEN]
2019-09-26 13:23:01,424 [grpc-default-executor-0] INFO  impl.RaftServerProxy (RaftServerProxy.java:addNew(89)) - df29ace5-11ac-4506-8343-2185a80235e7: addNew group-89713092FA1B:[df29ace5-11ac-4506-8343-2185a80235e7:192.168.164.238:44950] returns group-89713092FA1B:java.util.concurrent.CompletableFuture@16fe154e[Not completed]
2019-09-26 13:23:01,425 [pool-577-thread-1] INFO  impl.RaftServerImpl (RaftServerImpl.java:<init>(95)) - df29ace5-11ac-4506-8343-2185a80235e7: new RaftServerImpl for group-89713092FA1B:[df29ace5-11ac-4506-8343-2185a80235e7:192.168.164.238:44950] with ContainerStateMachine:uninitialized
2019-09-26 13:23:01,425 [pool-577-thread-1] INFO  server.RaftServerConfigKeys (ConfUtils.java:logGet(43)) - raft.server.rpc.timeout.min = 5s (custom)
2019-09-26 13:23:01,425 [pool-577-thread-1] INFO  server.RaftServerConfigKeys (ConfUtils.java:logGet(43)) - raft.server.rpc.timeout.max = 5200ms (custom)
2019-09-26 13:23:01,425 [pool-577-thread-1] INFO  server.RaftServerConfigKeys (ConfUtils.java:logGet(43)) - raft.server.rpcslowness.timeout = 120s (custom)
2019-09-26 13:23:01,425 [pool-577-thread-1] INFO  server.RaftServerConfigKeys (ConfUtils.java:logGet(43)) - raft.server.sleep.deviation.threshold = 300 (default)
2019-09-26 13:23:01,425 [pool-577-thread-1] INFO  server.RaftServerConfigKeys (ConfUtils.java:logGet(43)) - raft.server.log.appender.install.snapshot.enabled = false (custom)
2019-09-26 13:23:01,425 [pool-577-thread-1] INFO  impl.RaftServerImpl (ServerState.java:<init>(103)) - df29ace5-11ac-4506-8343-2185a80235e7@group-89713092FA1B: ConfigurationManager, init=-1: [df29ace5-11ac-4506-8343-2185a80235e7:192.168.164.238:44950], old=null, confs=<EMPTY_MAP>
2019-09-26 13:23:01,426 [pool-577-thread-1] INFO  server.RaftServerConfigKeys (ConfUtils.java:logGet(43)) - raft.server.storage.dir = [/workdir/hadoop-ozone/ozonefs/target/test-dir/MiniOzoneClusterImpl-65334931-5d7a-4f00-a9a9-1cddd3067b9f/datanode-0/data/ratis] (custom)
2019-09-26 13:23:01,426 [pool-577-thread-1] INFO  storage.RaftStorageDirectory (RaftStorageDirectory.java:analyzeStorage(246)) - The storage directory /workdir/hadoop-ozone/ozonefs/target/test-dir/MiniOzoneClusterImpl-65334931-5d7a-4f00-a9a9-1cddd3067b9f/datanode-0/data/ratis/04c49b7d-1cb7-4169-8bef-89713092fa1b does not exist. Creating ...
2019-09-26 13:23:01,437 [pool-577-thread-1] INFO  storage.RaftStorageDirectory (RaftStorageDirectory.java:tryLock(328)) - Lock on /workdir/hadoop-ozone/ozonefs/target/test-dir/MiniOzoneClusterImpl-65334931-5d7a-4f00-a9a9-1cddd3067b9f/datanode-0/data/ratis/04c49b7d-1cb7-4169-8bef-89713092fa1b/in_use.lock acquired by nodename 20384@pr-hdds-1569-87zkn-1081879488
2019-09-26 13:23:01,440 [pool-577-thread-1] INFO  storage.RaftStorage (RaftStorage.java:format(72)) - Storage directory /workdir/hadoop-ozone/ozonefs/target/test-dir/MiniOzoneClusterImpl-65334931-5d7a-4f00-a9a9-1cddd3067b9f/datanode-0/data/ratis/04c49b7d-1cb7-4169-8bef-89713092fa1b has been successfully formatted.
2019-09-26 13:23:01,440 [pool-577-thread-1] INFO  ratis.ContainerStateMachine (ContainerStateMachine.java:loadSnapshot(230)) - group-89713092FA1B: The snapshot info is null. Setting the last applied indexto:(t:0, i:~)
2019-09-26 13:23:01,440 [pool-577-thread-1] INFO  server.RaftServerConfigKeys (ConfUtils.java:logGet(43)) - raft.server.notification.no-leader.timeout = 120s (custom)
2019-09-26 13:23:01,440 [pool-577-thread-1] INFO  server.RaftServerConfigKeys (ConfUtils.java:logGet(43)) - raft.server.log.use.memory = false (default)
2019-09-26 13:23:01,440 [pool-577-thread-1] INFO  server.RaftServerConfigKeys (ConfUtils.java:logGet(43)) - raft.server.log.purge.gap = 1000000 (custom)
2019-09-26 13:23:01,440 [pool-577-thread-1] INFO  server.RaftServerConfigKeys (ConfUtils.java:logGet(43)) - raft.server.log.appender.buffer.byte-limit = 33554432 (custom)
2019-09-26 13:23:01,440 [pool-577-thread-1] INFO  server.RaftServerConfigKeys (ConfUtils.java:logGet(43)) - raft.server.log.segment.size.max = 1048576 (custom)
2019-09-26 13:23:01,440 [pool-577-thread-1] INFO  server.RaftServerConfigKeys (ConfUtils.java:logGet(43)) - raft.server.log.segment.cache.num.max = 2 (custom)
2019-09-26 13:23:01,441 [pool-577-thread-1] INFO  segmented.SegmentedRaftLogWorker (SegmentedRaftLogWorker.java:<init>(172)) - new df29ace5-11ac-4506-8343-2185a80235e7@group-89713092FA1B-SegmentedRaftLogWorker for RaftStorage:Storage Directory /workdir/hadoop-ozone/ozonefs/target/test-dir/MiniOzoneClusterImpl-65334931-5d7a-4f00-a9a9-1cddd3067b9f/datanode-0/data/ratis/04c49b7d-1cb7-4169-8bef-89713092fa1b
2019-09-26 13:23:01,441 [pool-577-thread-1] INFO  server.RaftServerConfigKeys (ConfUtils.java:logGet(43)) - raft.server.log.queue.byte-limit = 2147483647 (custom)
2019-09-26 13:23:01,441 [pool-577-thread-1] INFO  server.RaftServerConfigKeys (ConfUtils.java:logGet(43)) - raft.server.log.queue.element-limit = 1024 (custom)
2019-09-26 13:23:01,441 [pool-577-thread-1] INFO  server.RaftServerConfigKeys (ConfUtils.java:logGet(43)) - raft.server.log.segment.size.max = 1048576 (custom)
2019-09-26 13:23:01,441 [pool-577-thread-1] INFO  server.RaftServerConfigKeys (ConfUtils.java:logGet(43)) - raft.server.log.preallocated.size = 16384 (custom)
2019-09-26 13:23:01,441 [pool-577-thread-1] INFO  server.RaftServerConfigKeys (ConfUtils.java:logGet(43)) - raft.server.log.write.buffer.size = 33554432 (custom)
2019-09-26 13:23:01,441 [pool-577-thread-1] INFO  server.RaftServerConfigKeys (ConfUtils.java:logGet(43)) - raft.server.log.force.sync.num = 128 (default)
2019-09-26 13:23:01,441 [pool-577-thread-1] INFO  server.RaftServerConfigKeys (ConfUtils.java:logGet(43)) - raft.server.log.statemachine.data.sync = true (default)
2019-09-26 13:23:01,441 [pool-577-thread-1] INFO  server.RaftServerConfigKeys (ConfUtils.java:logGet(43)) - raft.server.log.statemachine.data.sync.timeout = 10s (default)
2019-09-26 13:23:01,441 [pool-577-thread-1] INFO  server.RaftServerConfigKeys (ConfUtils.java:logGet(43)) - raft.server.log.statemachine.data.sync.timeout.retry = -1 (default)
2019-09-26 13:23:01,441 [pool-577-thread-1] INFO  server.RaftServerConfigKeys (ConfUtils.java:logGet(43)) - raft.server.log.statemachine.data.caching.enabled = true (custom)
2019-09-26 13:23:01,442 [pool-577-thread-1] INFO  segmented.SegmentedRaftLogWorker (SegmentedRaftLogWorker.java:lambda$new$0(132)) - df29ace5-11ac-4506-8343-2185a80235e7@group-89713092FA1B-SegmentedRaftLogWorker: flushIndex: setUnconditionally 0 -> -1
2019-09-26 13:23:01,442 [pool-577-thread-1] INFO  server.RaftServerConfigKeys (ConfUtils.java:logGet(43)) - raft.server.snapshot.auto.trigger.enabled = true (custom)
2019-09-26 13:23:01,442 [pool-577-thread-1] INFO  server.RaftServerConfigKeys (ConfUtils.java:logGet(43)) - raft.server.snapshot.auto.trigger.threshold = 10000 (custom)
2019-09-26 13:23:01,442 [pool-577-thread-1] INFO  server.RaftServerConfigKeys (ConfUtils.java:logGet(43)) - raft.server.snapshot.retention.num.files = 5 (custom)
2019-09-26 13:23:01,442 [pool-577-thread-1] INFO  server.RaftServerConfigKeys (ConfUtils.java:logGet(43)) - raft.server.retrycache.expirytime = 600000ms (custom)
2019-09-26 13:23:01,443 [pool-577-thread-1] INFO  impl.RaftServerImpl (RaftServerImpl.java:start(185)) - df29ace5-11ac-4506-8343-2185a80235e7@group-89713092FA1B: start as a follower, conf=-1: [df29ace5-11ac-4506-8343-2185a80235e7:192.168.164.238:44950], old=null
2019-09-26 13:23:01,443 [pool-577-thread-1] INFO  impl.RaftServerImpl (RaftServerImpl.java:setRole(174)) - df29ace5-11ac-4506-8343-2185a80235e7@group-89713092FA1B: changes role from      null to FOLLOWER at term 0 for startAsFollower
2019-09-26 13:23:01,444 [pool-577-thread-1] INFO  impl.RoleInfo (RoleInfo.java:updateAndGet(143)) - df29ace5-11ac-4506-8343-2185a80235e7: start FollowerState
2019-09-26 13:23:01,444 [pool-577-thread-1] INFO  util.JmxRegister (JmxRegister.java:tryRegister(44)) - Successfully registered JMX Bean with object name Ratis:service=RaftServer,group=group-89713092FA1B,id=df29ace5-11ac-4506-8343-2185a80235e7
2019-09-26 13:23:01,446 [RatisPipelineUtilsThread] INFO  pipeline.PipelineStateManager (PipelineStateManager.java:addPipeline(56)) - Created pipeline Pipeline[ Id: 04c49b7d-1cb7-4169-8bef-89713092fa1b, Nodes: df29ace5-11ac-4506-8343-2185a80235e7{ip: 192.168.164.238, host: pr-hdds-1569-87zkn-1081879488, networkLocation: /default-rack, certSerialId: null}, Type:RATIS, Factor:ONE, State:OPEN]
2019-09-26 13:23:01,446 [RatisPipelineUtilsThread] INFO  pipeline.PipelinePlacementPolicy (PipelinePlacementPolicy.java:meetCriteria(91)) - Pipeline Placement: can't place more pipeline on heavy datanode： df29ace5-11ac-4506-8343-2185a80235e7 Heaviness: 6 limit: 5
2019-09-26 13:23:01,455 [grpc-default-executor-0] INFO  impl.RaftServerProxy (RaftServerProxy.java:addNew(89)) - fa1bb472-1576-4faf-80b1-ccac17e16c4f: addNew group-FA0D4C58FCD6:[fa1bb472-1576-4faf-80b1-ccac17e16c4f:192.168.164.238:32981] returns group-FA0D4C58FCD6:java.util.concurrent.CompletableFuture@20730a70[Not completed]
2019-09-26 13:23:01,457 [pool-587-thread-1] INFO  impl.RaftServerImpl (RaftServerImpl.java:<init>(95)) - fa1bb472-1576-4faf-80b1-ccac17e16c4f: new RaftServerImpl for group-FA0D4C58FCD6:[fa1bb472-1576-4faf-80b1-ccac17e16c4f:192.168.164.238:32981] with ContainerStateMachine:uninitialized
2019-09-26 13:23:01,457 [pool-587-thread-1] INFO  server.RaftServerConfigKeys (ConfUtils.java:logGet(43)) - raft.server.rpc.timeout.min = 5s (custom)
2019-09-26 13:23:01,457 [pool-587-thread-1] INFO  server.RaftServerConfigKeys (ConfUtils.java:logGet(43)) - raft.server.rpc.timeout.max = 5200ms (custom)
2019-09-26 13:23:01,457 [pool-587-thread-1] INFO  server.RaftServerConfigKeys (ConfUtils.java:logGet(43)) - raft.server.rpcslowness.timeout = 120s (custom)
2019-09-26 13:23:01,457 [pool-587-thread-1] INFO  server.RaftServerConfigKeys (ConfUtils.java:logGet(43)) - raft.server.sleep.deviation.threshold = 300 (default)
2019-09-26 13:23:01,457 [pool-587-thread-1] INFO  server.RaftServerConfigKeys (ConfUtils.java:logGet(43)) - raft.server.log.appender.install.snapshot.enabled = false (custom)
2019-09-26 13:23:01,457 [pool-587-thread-1] INFO  impl.RaftServerImpl (ServerState.java:<init>(103)) - fa1bb472-1576-4faf-80b1-ccac17e16c4f@group-FA0D4C58FCD6: ConfigurationManager, init=-1: [fa1bb472-1576-4faf-80b1-ccac17e16c4f:192.168.164.238:32981], old=null, confs=<EMPTY_MAP>
2019-09-26 13:23:01,457 [pool-587-thread-1] INFO  server.RaftServerConfigKeys (ConfUtils.java:logGet(43)) - raft.server.storage.dir = [/workdir/hadoop-ozone/ozonefs/target/test-dir/MiniOzoneClusterImpl-65334931-5d7a-4f00-a9a9-1cddd3067b9f/datanode-1/data/ratis] (custom)
2019-09-26 13:23:01,458 [pool-587-thread-1] INFO  storage.RaftStorageDirectory (RaftStorageDirectory.java:analyzeStorage(246)) - The storage directory /workdir/hadoop-ozone/ozonefs/target/test-dir/MiniOzoneClusterImpl-65334931-5d7a-4f00-a9a9-1cddd3067b9f/datanode-1/data/ratis/6d19d7dd-0f43-4dd7-9f36-fa0d4c58fcd6 does not exist. Creating ...
2019-09-26 13:23:01,483 [pool-587-thread-1] INFO  storage.RaftStorageDirectory (RaftStorageDirectory.java:tryLock(328)) - Lock on /workdir/hadoop-ozone/ozonefs/target/test-dir/MiniOzoneClusterImpl-65334931-5d7a-4f00-a9a9-1cddd3067b9f/datanode-1/data/ratis/6d19d7dd-0f43-4dd7-9f36-fa0d4c58fcd6/in_use.lock acquired by nodename 20384@pr-hdds-1569-87zkn-1081879488
2019-09-26 13:23:01,505 [pool-587-thread-1] INFO  storage.RaftStorage (RaftStorage.java:format(72)) - Storage directory /workdir/hadoop-ozone/ozonefs/target/test-dir/MiniOzoneClusterImpl-65334931-5d7a-4f00-a9a9-1cddd3067b9f/datanode-1/data/ratis/6d19d7dd-0f43-4dd7-9f36-fa0d4c58fcd6 has been successfully formatted.
2019-09-26 13:23:01,505 [pool-587-thread-1] INFO  ratis.ContainerStateMachine (ContainerStateMachine.java:loadSnapshot(230)) - group-FA0D4C58FCD6: The snapshot info is null. Setting the last applied indexto:(t:0, i:~)
2019-09-26 13:23:01,505 [pool-587-thread-1] INFO  server.RaftServerConfigKeys (ConfUtils.java:logGet(43)) - raft.server.notification.no-leader.timeout = 120s (custom)
2019-09-26 13:23:01,505 [pool-587-thread-1] INFO  server.RaftServerConfigKeys (ConfUtils.java:logGet(43)) - raft.server.log.use.memory = false (default)
2019-09-26 13:23:01,505 [pool-587-thread-1] INFO  server.RaftServerConfigKeys (ConfUtils.java:logGet(43)) - raft.server.log.purge.gap = 1000000 (custom)
2019-09-26 13:23:01,505 [pool-587-thread-1] INFO  server.RaftServerConfigKeys (ConfUtils.java:logGet(43)) - raft.server.log.appender.buffer.byte-limit = 33554432 (custom)
2019-09-26 13:23:01,506 [pool-587-thread-1] INFO  server.RaftServerConfigKeys (ConfUtils.java:logGet(43)) - raft.server.log.segment.size.max = 1048576 (custom)
2019-09-26 13:23:01,506 [pool-587-thread-1] INFO  server.RaftServerConfigKeys (ConfUtils.java:logGet(43)) - raft.server.log.segment.cache.num.max = 2 (custom)
2019-09-26 13:23:01,506 [pool-587-thread-1] INFO  segmented.SegmentedRaftLogWorker (SegmentedRaftLogWorker.java:<init>(172)) - new fa1bb472-1576-4faf-80b1-ccac17e16c4f@group-FA0D4C58FCD6-SegmentedRaftLogWorker for RaftStorage:Storage Directory /workdir/hadoop-ozone/ozonefs/target/test-dir/MiniOzoneClusterImpl-65334931-5d7a-4f00-a9a9-1cddd3067b9f/datanode-1/data/ratis/6d19d7dd-0f43-4dd7-9f36-fa0d4c58fcd6
2019-09-26 13:23:01,507 [pool-587-thread-1] INFO  server.RaftServerConfigKeys (ConfUtils.java:logGet(43)) - raft.server.log.queue.byte-limit = 2147483647 (custom)
2019-09-26 13:23:01,508 [pool-587-thread-1] INFO  server.RaftServerConfigKeys (ConfUtils.java:logGet(43)) - raft.server.log.queue.element-limit = 1024 (custom)
2019-09-26 13:23:01,508 [pool-587-thread-1] INFO  server.RaftServerConfigKeys (ConfUtils.java:logGet(43)) - raft.server.log.segment.size.max = 1048576 (custom)
2019-09-26 13:23:01,508 [pool-587-thread-1] INFO  server.RaftServerConfigKeys (ConfUtils.java:logGet(43)) - raft.server.log.preallocated.size = 16384 (custom)
2019-09-26 13:23:01,508 [pool-587-thread-1] INFO  server.RaftServerConfigKeys (ConfUtils.java:logGet(43)) - raft.server.log.write.buffer.size = 33554432 (custom)
2019-09-26 13:23:01,508 [pool-587-thread-1] INFO  server.RaftServerConfigKeys (ConfUtils.java:logGet(43)) - raft.server.log.force.sync.num = 128 (default)
2019-09-26 13:23:01,508 [pool-587-thread-1] INFO  server.RaftServerConfigKeys (ConfUtils.java:logGet(43)) - raft.server.log.statemachine.data.sync = true (default)
2019-09-26 13:23:01,508 [pool-587-thread-1] INFO  server.RaftServerConfigKeys (ConfUtils.java:logGet(43)) - raft.server.log.statemachine.data.sync.timeout = 10s (default)
2019-09-26 13:23:01,508 [pool-587-thread-1] INFO  server.RaftServerConfigKeys (ConfUtils.java:logGet(43)) - raft.server.log.statemachine.data.sync.timeout.retry = -1 (default)
2019-09-26 13:23:01,508 [pool-587-thread-1] INFO  server.RaftServerConfigKeys (ConfUtils.java:logGet(43)) - raft.server.log.statemachine.data.caching.enabled = true (custom)
2019-09-26 13:23:01,509 [pool-587-thread-1] INFO  segmented.SegmentedRaftLogWorker (SegmentedRaftLogWorker.java:lambda$new$0(132)) - fa1bb472-1576-4faf-80b1-ccac17e16c4f@group-FA0D4C58FCD6-SegmentedRaftLogWorker: flushIndex: setUnconditionally 0 -> -1
2019-09-26 13:23:01,509 [pool-587-thread-1] INFO  server.RaftServerConfigKeys (ConfUtils.java:logGet(43)) - raft.server.snapshot.auto.trigger.enabled = true (custom)
2019-09-26 13:23:01,509 [pool-587-thread-1] INFO  server.RaftServerConfigKeys (ConfUtils.java:logGet(43)) - raft.server.snapshot.auto.trigger.threshold = 10000 (custom)
2019-09-26 13:23:01,509 [pool-587-thread-1] INFO  server.RaftServerConfigKeys (ConfUtils.java:logGet(43)) - raft.server.snapshot.retention.num.files = 5 (custom)
2019-09-26 13:23:01,509 [pool-587-thread-1] INFO  server.RaftServerConfigKeys (ConfUtils.java:logGet(43)) - raft.server.retrycache.expirytime = 600000ms (custom)
2019-09-26 13:23:01,511 [pool-587-thread-1] INFO  impl.RaftServerImpl (RaftServerImpl.java:start(185)) - fa1bb472-1576-4faf-80b1-ccac17e16c4f@group-FA0D4C58FCD6: start as a follower, conf=-1: [fa1bb472-1576-4faf-80b1-ccac17e16c4f:192.168.164.238:32981], old=null
2019-09-26 13:23:01,511 [pool-587-thread-1] INFO  impl.RaftServerImpl (RaftServerImpl.java:setRole(174)) - fa1bb472-1576-4faf-80b1-ccac17e16c4f@group-FA0D4C58FCD6: changes role from      null to FOLLOWER at term 0 for startAsFollower
2019-09-26 13:23:01,511 [pool-587-thread-1] INFO  impl.RoleInfo (RoleInfo.java:updateAndGet(143)) - fa1bb472-1576-4faf-80b1-ccac17e16c4f: start FollowerState
2019-09-26 13:23:01,511 [pool-587-thread-1] INFO  util.JmxRegister (JmxRegister.java:tryRegister(44)) - Successfully registered JMX Bean with object name Ratis:service=RaftServer,group=group-FA0D4C58FCD6,id=fa1bb472-1576-4faf-80b1-ccac17e16c4f
2019-09-26 13:23:01,515 [RatisPipelineUtilsThread] INFO  pipeline.PipelineStateManager (PipelineStateManager.java:addPipeline(56)) - Created pipeline Pipeline[ Id: 6d19d7dd-0f43-4dd7-9f36-fa0d4c58fcd6, Nodes: fa1bb472-1576-4faf-80b1-ccac17e16c4f{ip: 192.168.164.238, host: pr-hdds-1569-87zkn-1081879488, networkLocation: /default-rack, certSerialId: null}, Type:RATIS, Factor:ONE, State:OPEN]
2019-09-26 13:23:01,515 [RatisPipelineUtilsThread] INFO  pipeline.PipelinePlacementPolicy (PipelinePlacementPolicy.java:meetCriteria(91)) - Pipeline Placement: can't place more pipeline on heavy datanode： df29ace5-11ac-4506-8343-2185a80235e7 Heaviness: 6 limit: 5
2019-09-26 13:23:01,520 [grpc-default-executor-0] INFO  impl.RaftServerProxy (RaftServerProxy.java:addNew(89)) - fa1bb472-1576-4faf-80b1-ccac17e16c4f: addNew group-C8812CD0D4EB:[fa1bb472-1576-4faf-80b1-ccac17e16c4f:192.168.164.238:32981] returns group-C8812CD0D4EB:java.util.concurrent.CompletableFuture@1688c08e[Not completed]
2019-09-26 13:23:01,521 [pool-587-thread-1] INFO  impl.RaftServerImpl (RaftServerImpl.java:<init>(95)) - fa1bb472-1576-4faf-80b1-ccac17e16c4f: new RaftServerImpl for group-C8812CD0D4EB:[fa1bb472-1576-4faf-80b1-ccac17e16c4f:192.168.164.238:32981] with ContainerStateMachine:uninitialized
2019-09-26 13:23:01,521 [pool-587-thread-1] INFO  server.RaftServerConfigKeys (ConfUtils.java:logGet(43)) - raft.server.rpc.timeout.min = 5s (custom)
2019-09-26 13:23:01,522 [pool-587-thread-1] INFO  server.RaftServerConfigKeys (ConfUtils.java:logGet(43)) - raft.server.rpc.timeout.max = 5200ms (custom)
2019-09-26 13:23:01,522 [pool-587-thread-1] INFO  server.RaftServerConfigKeys (ConfUtils.java:logGet(43)) - raft.server.rpcslowness.timeout = 120s (custom)
2019-09-26 13:23:01,522 [pool-587-thread-1] INFO  server.RaftServerConfigKeys (ConfUtils.java:logGet(43)) - raft.server.sleep.deviation.threshold = 300 (default)
2019-09-26 13:23:01,522 [pool-587-thread-1] INFO  server.RaftServerConfigKeys (ConfUtils.java:logGet(43)) - raft.server.log.appender.install.snapshot.enabled = false (custom)
2019-09-26 13:23:01,522 [pool-587-thread-1] INFO  impl.RaftServerImpl (ServerState.java:<init>(103)) - fa1bb472-1576-4faf-80b1-ccac17e16c4f@group-C8812CD0D4EB: ConfigurationManager, init=-1: [fa1bb472-1576-4faf-80b1-ccac17e16c4f:192.168.164.238:32981], old=null, confs=<EMPTY_MAP>
2019-09-26 13:23:01,522 [pool-587-thread-1] INFO  server.RaftServerConfigKeys (ConfUtils.java:logGet(43)) - raft.server.storage.dir = [/workdir/hadoop-ozone/ozonefs/target/test-dir/MiniOzoneClusterImpl-65334931-5d7a-4f00-a9a9-1cddd3067b9f/datanode-1/data/ratis] (custom)
2019-09-26 13:23:01,522 [pool-587-thread-1] INFO  storage.RaftStorageDirectory (RaftStorageDirectory.java:analyzeStorage(246)) - The storage directory /workdir/hadoop-ozone/ozonefs/target/test-dir/MiniOzoneClusterImpl-65334931-5d7a-4f00-a9a9-1cddd3067b9f/datanode-1/data/ratis/5a344b5f-3ef9-4306-a974-c8812cd0d4eb does not exist. Creating ...
2019-09-26 13:23:01,547 [pool-587-thread-1] INFO  storage.RaftStorageDirectory (RaftStorageDirectory.java:tryLock(328)) - Lock on /workdir/hadoop-ozone/ozonefs/target/test-dir/MiniOzoneClusterImpl-65334931-5d7a-4f00-a9a9-1cddd3067b9f/datanode-1/data/ratis/5a344b5f-3ef9-4306-a974-c8812cd0d4eb/in_use.lock acquired by nodename 20384@pr-hdds-1569-87zkn-1081879488
2019-09-26 13:23:01,560 [pool-587-thread-1] INFO  storage.RaftStorage (RaftStorage.java:format(72)) - Storage directory /workdir/hadoop-ozone/ozonefs/target/test-dir/MiniOzoneClusterImpl-65334931-5d7a-4f00-a9a9-1cddd3067b9f/datanode-1/data/ratis/5a344b5f-3ef9-4306-a974-c8812cd0d4eb has been successfully formatted.
2019-09-26 13:23:01,560 [pool-587-thread-1] INFO  ratis.ContainerStateMachine (ContainerStateMachine.java:loadSnapshot(230)) - group-C8812CD0D4EB: The snapshot info is null. Setting the last applied indexto:(t:0, i:~)
2019-09-26 13:23:01,560 [pool-587-thread-1] INFO  server.RaftServerConfigKeys (ConfUtils.java:logGet(43)) - raft.server.notification.no-leader.timeout = 120s (custom)
2019-09-26 13:23:01,560 [pool-587-thread-1] INFO  server.RaftServerConfigKeys (ConfUtils.java:logGet(43)) - raft.server.log.use.memory = false (default)
2019-09-26 13:23:01,560 [pool-587-thread-1] INFO  server.RaftServerConfigKeys (ConfUtils.java:logGet(43)) - raft.server.log.purge.gap = 1000000 (custom)
2019-09-26 13:23:01,560 [pool-587-thread-1] INFO  server.RaftServerConfigKeys (ConfUtils.java:logGet(43)) - raft.server.log.appender.buffer.byte-limit = 33554432 (custom)
2019-09-26 13:23:01,560 [pool-587-thread-1] INFO  server.RaftServerConfigKeys (ConfUtils.java:logGet(43)) - raft.server.log.segment.size.max = 1048576 (custom)
2019-09-26 13:23:01,561 [pool-587-thread-1] INFO  server.RaftServerConfigKeys (ConfUtils.java:logGet(43)) - raft.server.log.segment.cache.num.max = 2 (custom)
2019-09-26 13:23:01,561 [pool-587-thread-1] INFO  segmented.SegmentedRaftLogWorker (SegmentedRaftLogWorker.java:<init>(172)) - new fa1bb472-1576-4faf-80b1-ccac17e16c4f@group-C8812CD0D4EB-SegmentedRaftLogWorker for RaftStorage:Storage Directory /workdir/hadoop-ozone/ozonefs/target/test-dir/MiniOzoneClusterImpl-65334931-5d7a-4f00-a9a9-1cddd3067b9f/datanode-1/data/ratis/5a344b5f-3ef9-4306-a974-c8812cd0d4eb
2019-09-26 13:23:01,561 [pool-587-thread-1] INFO  server.RaftServerConfigKeys (ConfUtils.java:logGet(43)) - raft.server.log.queue.byte-limit = 2147483647 (custom)
2019-09-26 13:23:01,561 [pool-587-thread-1] INFO  server.RaftServerConfigKeys (ConfUtils.java:logGet(43)) - raft.server.log.queue.element-limit = 1024 (custom)
2019-09-26 13:23:01,561 [pool-587-thread-1] INFO  server.RaftServerConfigKeys (ConfUtils.java:logGet(43)) - raft.server.log.segment.size.max = 1048576 (custom)
2019-09-26 13:23:01,561 [pool-587-thread-1] INFO  server.RaftServerConfigKeys (ConfUtils.java:logGet(43)) - raft.server.log.preallocated.size = 16384 (custom)
2019-09-26 13:23:01,561 [pool-587-thread-1] INFO  server.RaftServerConfigKeys (ConfUtils.java:logGet(43)) - raft.server.log.write.buffer.size = 33554432 (custom)
2019-09-26 13:23:01,561 [pool-587-thread-1] INFO  server.RaftServerConfigKeys (ConfUtils.java:logGet(43)) - raft.server.log.force.sync.num = 128 (default)
2019-09-26 13:23:01,561 [pool-587-thread-1] INFO  server.RaftServerConfigKeys (ConfUtils.java:logGet(43)) - raft.server.log.statemachine.data.sync = true (default)
2019-09-26 13:23:01,561 [pool-587-thread-1] INFO  server.RaftServerConfigKeys (ConfUtils.java:logGet(43)) - raft.server.log.statemachine.data.sync.timeout = 10s (default)
2019-09-26 13:23:01,562 [pool-587-thread-1] INFO  server.RaftServerConfigKeys (ConfUtils.java:logGet(43)) - raft.server.log.statemachine.data.sync.timeout.retry = -1 (default)
2019-09-26 13:23:01,562 [pool-587-thread-1] INFO  server.RaftServerConfigKeys (ConfUtils.java:logGet(43)) - raft.server.log.statemachine.data.caching.enabled = true (custom)
2019-09-26 13:23:01,562 [pool-587-thread-1] INFO  segmented.SegmentedRaftLogWorker (SegmentedRaftLogWorker.java:lambda$new$0(132)) - fa1bb472-1576-4faf-80b1-ccac17e16c4f@group-C8812CD0D4EB-SegmentedRaftLogWorker: flushIndex: setUnconditionally 0 -> -1
2019-09-26 13:23:01,562 [pool-587-thread-1] INFO  server.RaftServerConfigKeys (ConfUtils.java:logGet(43)) - raft.server.snapshot.auto.trigger.enabled = true (custom)
2019-09-26 13:23:01,562 [pool-587-thread-1] INFO  server.RaftServerConfigKeys (ConfUtils.java:logGet(43)) - raft.server.snapshot.auto.trigger.threshold = 10000 (custom)
2019-09-26 13:23:01,562 [pool-587-thread-1] INFO  server.RaftServerConfigKeys (ConfUtils.java:logGet(43)) - raft.server.snapshot.retention.num.files = 5 (custom)
2019-09-26 13:23:01,562 [pool-587-thread-1] INFO  server.RaftServerConfigKeys (ConfUtils.java:logGet(43)) - raft.server.retrycache.expirytime = 600000ms (custom)
2019-09-26 13:23:01,564 [pool-587-thread-1] INFO  impl.RaftServerImpl (RaftServerImpl.java:start(185)) - fa1bb472-1576-4faf-80b1-ccac17e16c4f@group-C8812CD0D4EB: start as a follower, conf=-1: [fa1bb472-1576-4faf-80b1-ccac17e16c4f:192.168.164.238:32981], old=null
2019-09-26 13:23:01,564 [pool-587-thread-1] INFO  impl.RaftServerImpl (RaftServerImpl.java:setRole(174)) - fa1bb472-1576-4faf-80b1-ccac17e16c4f@group-C8812CD0D4EB: changes role from      null to FOLLOWER at term 0 for startAsFollower
2019-09-26 13:23:01,564 [pool-587-thread-1] INFO  impl.RoleInfo (RoleInfo.java:updateAndGet(143)) - fa1bb472-1576-4faf-80b1-ccac17e16c4f: start FollowerState
2019-09-26 13:23:01,564 [pool-587-thread-1] INFO  util.JmxRegister (JmxRegister.java:tryRegister(44)) - Successfully registered JMX Bean with object name Ratis:service=RaftServer,group=group-C8812CD0D4EB,id=fa1bb472-1576-4faf-80b1-ccac17e16c4f
2019-09-26 13:23:01,567 [RatisPipelineUtilsThread] INFO  pipeline.PipelineStateManager (PipelineStateManager.java:addPipeline(56)) - Created pipeline Pipeline[ Id: 5a344b5f-3ef9-4306-a974-c8812cd0d4eb, Nodes: fa1bb472-1576-4faf-80b1-ccac17e16c4f{ip: 192.168.164.238, host: pr-hdds-1569-87zkn-1081879488, networkLocation: /default-rack, certSerialId: null}, Type:RATIS, Factor:ONE, State:OPEN]
2019-09-26 13:23:01,567 [RatisPipelineUtilsThread] INFO  pipeline.PipelinePlacementPolicy (PipelinePlacementPolicy.java:meetCriteria(91)) - Pipeline Placement: can't place more pipeline on heavy datanode： df29ace5-11ac-4506-8343-2185a80235e7 Heaviness: 6 limit: 5
2019-09-26 13:23:01,571 [grpc-default-executor-0] INFO  impl.RaftServerProxy (RaftServerProxy.java:addNew(89)) - 0960db07-db6c-4a00-837c-4772f3756226: addNew group-E9752C9744F3:[0960db07-db6c-4a00-837c-4772f3756226:192.168.164.238:36415] returns group-E9752C9744F3:java.util.concurrent.CompletableFuture@6b3f3b72[Not completed]
2019-09-26 13:23:01,572 [pool-597-thread-1] INFO  impl.RaftServerImpl (RaftServerImpl.java:<init>(95)) - 0960db07-db6c-4a00-837c-4772f3756226: new RaftServerImpl for group-E9752C9744F3:[0960db07-db6c-4a00-837c-4772f3756226:192.168.164.238:36415] with ContainerStateMachine:uninitialized
2019-09-26 13:23:01,572 [pool-597-thread-1] INFO  server.RaftServerConfigKeys (ConfUtils.java:logGet(43)) - raft.server.rpc.timeout.min = 5s (custom)
2019-09-26 13:23:01,572 [pool-597-thread-1] INFO  server.RaftServerConfigKeys (ConfUtils.java:logGet(43)) - raft.server.rpc.timeout.max = 5200ms (custom)
2019-09-26 13:23:01,572 [pool-597-thread-1] INFO  server.RaftServerConfigKeys (ConfUtils.java:logGet(43)) - raft.server.rpcslowness.timeout = 120s (custom)
2019-09-26 13:23:01,572 [pool-597-thread-1] INFO  server.RaftServerConfigKeys (ConfUtils.java:logGet(43)) - raft.server.sleep.deviation.threshold = 300 (default)
2019-09-26 13:23:01,572 [pool-597-thread-1] INFO  server.RaftServerConfigKeys (ConfUtils.java:logGet(43)) - raft.server.log.appender.install.snapshot.enabled = false (custom)
2019-09-26 13:23:01,572 [pool-597-thread-1] INFO  impl.RaftServerImpl (ServerState.java:<init>(103)) - 0960db07-db6c-4a00-837c-4772f3756226@group-E9752C9744F3: ConfigurationManager, init=-1: [0960db07-db6c-4a00-837c-4772f3756226:192.168.164.238:36415], old=null, confs=<EMPTY_MAP>
2019-09-26 13:23:01,573 [pool-597-thread-1] INFO  server.RaftServerConfigKeys (ConfUtils.java:logGet(43)) - raft.server.storage.dir = [/workdir/hadoop-ozone/ozonefs/target/test-dir/MiniOzoneClusterImpl-65334931-5d7a-4f00-a9a9-1cddd3067b9f/datanode-2/data/ratis] (custom)
2019-09-26 13:23:01,573 [pool-597-thread-1] INFO  storage.RaftStorageDirectory (RaftStorageDirectory.java:analyzeStorage(246)) - The storage directory /workdir/hadoop-ozone/ozonefs/target/test-dir/MiniOzoneClusterImpl-65334931-5d7a-4f00-a9a9-1cddd3067b9f/datanode-2/data/ratis/2557e665-5c10-4ce8-83bb-e9752c9744f3 does not exist. Creating ...
2019-09-26 13:23:01,588 [pool-597-thread-1] INFO  storage.RaftStorageDirectory (RaftStorageDirectory.java:tryLock(328)) - Lock on /workdir/hadoop-ozone/ozonefs/target/test-dir/MiniOzoneClusterImpl-65334931-5d7a-4f00-a9a9-1cddd3067b9f/datanode-2/data/ratis/2557e665-5c10-4ce8-83bb-e9752c9744f3/in_use.lock acquired by nodename 20384@pr-hdds-1569-87zkn-1081879488
2019-09-26 13:23:01,601 [pool-597-thread-1] INFO  storage.RaftStorage (RaftStorage.java:format(72)) - Storage directory /workdir/hadoop-ozone/ozonefs/target/test-dir/MiniOzoneClusterImpl-65334931-5d7a-4f00-a9a9-1cddd3067b9f/datanode-2/data/ratis/2557e665-5c10-4ce8-83bb-e9752c9744f3 has been successfully formatted.
2019-09-26 13:23:01,601 [pool-597-thread-1] INFO  ratis.ContainerStateMachine (ContainerStateMachine.java:loadSnapshot(230)) - group-E9752C9744F3: The snapshot info is null. Setting the last applied indexto:(t:0, i:~)
2019-09-26 13:23:01,601 [pool-597-thread-1] INFO  server.RaftServerConfigKeys (ConfUtils.java:logGet(43)) - raft.server.notification.no-leader.timeout = 120s (custom)
2019-09-26 13:23:01,601 [pool-597-thread-1] INFO  server.RaftServerConfigKeys (ConfUtils.java:logGet(43)) - raft.server.log.use.memory = false (default)
2019-09-26 13:23:01,601 [pool-597-thread-1] INFO  server.RaftServerConfigKeys (ConfUtils.java:logGet(43)) - raft.server.log.purge.gap = 1000000 (custom)
2019-09-26 13:23:01,601 [pool-597-thread-1] INFO  server.RaftServerConfigKeys (ConfUtils.java:logGet(43)) - raft.server.log.appender.buffer.byte-limit = 33554432 (custom)
2019-09-26 13:23:01,601 [pool-597-thread-1] INFO  server.RaftServerConfigKeys (ConfUtils.java:logGet(43)) - raft.server.log.segment.size.max = 1048576 (custom)
2019-09-26 13:23:01,601 [pool-597-thread-1] INFO  server.RaftServerConfigKeys (ConfUtils.java:logGet(43)) - raft.server.log.segment.cache.num.max = 2 (custom)
2019-09-26 13:23:01,602 [pool-597-thread-1] INFO  segmented.SegmentedRaftLogWorker (SegmentedRaftLogWorker.java:<init>(172)) - new 0960db07-db6c-4a00-837c-4772f3756226@group-E9752C9744F3-SegmentedRaftLogWorker for RaftStorage:Storage Directory /workdir/hadoop-ozone/ozonefs/target/test-dir/MiniOzoneClusterImpl-65334931-5d7a-4f00-a9a9-1cddd3067b9f/datanode-2/data/ratis/2557e665-5c10-4ce8-83bb-e9752c9744f3
2019-09-26 13:23:01,602 [pool-597-thread-1] INFO  server.RaftServerConfigKeys (ConfUtils.java:logGet(43)) - raft.server.log.queue.byte-limit = 2147483647 (custom)
2019-09-26 13:23:01,602 [pool-597-thread-1] INFO  server.RaftServerConfigKeys (ConfUtils.java:logGet(43)) - raft.server.log.queue.element-limit = 1024 (custom)
2019-09-26 13:23:01,602 [pool-597-thread-1] INFO  server.RaftServerConfigKeys (ConfUtils.java:logGet(43)) - raft.server.log.segment.size.max = 1048576 (custom)
2019-09-26 13:23:01,602 [pool-597-thread-1] INFO  server.RaftServerConfigKeys (ConfUtils.java:logGet(43)) - raft.server.log.preallocated.size = 16384 (custom)
2019-09-26 13:23:01,602 [pool-597-thread-1] INFO  server.RaftServerConfigKeys (ConfUtils.java:logGet(43)) - raft.server.log.write.buffer.size = 33554432 (custom)
2019-09-26 13:23:01,602 [pool-597-thread-1] INFO  server.RaftServerConfigKeys (ConfUtils.java:logGet(43)) - raft.server.log.force.sync.num = 128 (default)
2019-09-26 13:23:01,602 [pool-597-thread-1] INFO  server.RaftServerConfigKeys (ConfUtils.java:logGet(43)) - raft.server.log.statemachine.data.sync = true (default)
2019-09-26 13:23:01,602 [pool-597-thread-1] INFO  server.RaftServerConfigKeys (ConfUtils.java:logGet(43)) - raft.server.log.statemachine.data.sync.timeout = 10s (default)
2019-09-26 13:23:01,602 [pool-597-thread-1] INFO  server.RaftServerConfigKeys (ConfUtils.java:logGet(43)) - raft.server.log.statemachine.data.sync.timeout.retry = -1 (default)
2019-09-26 13:23:01,603 [pool-597-thread-1] INFO  server.RaftServerConfigKeys (ConfUtils.java:logGet(43)) - raft.server.log.statemachine.data.caching.enabled = true (custom)
2019-09-26 13:23:01,603 [pool-597-thread-1] INFO  segmented.SegmentedRaftLogWorker (SegmentedRaftLogWorker.java:lambda$new$0(132)) - 0960db07-db6c-4a00-837c-4772f3756226@group-E9752C9744F3-SegmentedRaftLogWorker: flushIndex: setUnconditionally 0 -> -1
2019-09-26 13:23:01,603 [pool-597-thread-1] INFO  server.RaftServerConfigKeys (ConfUtils.java:logGet(43)) - raft.server.snapshot.auto.trigger.enabled = true (custom)
2019-09-26 13:23:01,603 [pool-597-thread-1] INFO  server.RaftServerConfigKeys (ConfUtils.java:logGet(43)) - raft.server.snapshot.auto.trigger.threshold = 10000 (custom)
2019-09-26 13:23:01,603 [pool-597-thread-1] INFO  server.RaftServerConfigKeys (ConfUtils.java:logGet(43)) - raft.server.snapshot.retention.num.files = 5 (custom)
2019-09-26 13:23:01,603 [pool-597-thread-1] INFO  server.RaftServerConfigKeys (ConfUtils.java:logGet(43)) - raft.server.retrycache.expirytime = 600000ms (custom)
2019-09-26 13:23:01,605 [pool-597-thread-1] INFO  impl.RaftServerImpl (RaftServerImpl.java:start(185)) - 0960db07-db6c-4a00-837c-4772f3756226@group-E9752C9744F3: start as a follower, conf=-1: [0960db07-db6c-4a00-837c-4772f3756226:192.168.164.238:36415], old=null
2019-09-26 13:23:01,605 [pool-597-thread-1] INFO  impl.RaftServerImpl (RaftServerImpl.java:setRole(174)) - 0960db07-db6c-4a00-837c-4772f3756226@group-E9752C9744F3: changes role from      null to FOLLOWER at term 0 for startAsFollower
2019-09-26 13:23:01,605 [pool-597-thread-1] INFO  impl.RoleInfo (RoleInfo.java:updateAndGet(143)) - 0960db07-db6c-4a00-837c-4772f3756226: start FollowerState
2019-09-26 13:23:01,605 [pool-597-thread-1] INFO  util.JmxRegister (JmxRegister.java:tryRegister(44)) - Successfully registered JMX Bean with object name Ratis:service=RaftServer,group=group-E9752C9744F3,id=0960db07-db6c-4a00-837c-4772f3756226
2019-09-26 13:23:01,607 [RatisPipelineUtilsThread] INFO  pipeline.PipelineStateManager (PipelineStateManager.java:addPipeline(56)) - Created pipeline Pipeline[ Id: 2557e665-5c10-4ce8-83bb-e9752c9744f3, Nodes: 0960db07-db6c-4a00-837c-4772f3756226{ip: 192.168.164.238, host: pr-hdds-1569-87zkn-1081879488, networkLocation: /default-rack, certSerialId: null}, Type:RATIS, Factor:ONE, State:OPEN]
2019-09-26 13:23:01,608 [RatisPipelineUtilsThread] INFO  pipeline.PipelinePlacementPolicy (PipelinePlacementPolicy.java:meetCriteria(91)) - Pipeline Placement: can't place more pipeline on heavy datanode： df29ace5-11ac-4506-8343-2185a80235e7 Heaviness: 6 limit: 5
2019-09-26 13:23:01,612 [grpc-default-executor-0] INFO  impl.RaftServerProxy (RaftServerProxy.java:addNew(89)) - 0960db07-db6c-4a00-837c-4772f3756226: addNew group-B959596DFB98:[0960db07-db6c-4a00-837c-4772f3756226:192.168.164.238:36415] returns group-B959596DFB98:java.util.concurrent.CompletableFuture@74972270[Not completed]
2019-09-26 13:23:01,613 [pool-597-thread-1] INFO  impl.RaftServerImpl (RaftServerImpl.java:<init>(95)) - 0960db07-db6c-4a00-837c-4772f3756226: new RaftServerImpl for group-B959596DFB98:[0960db07-db6c-4a00-837c-4772f3756226:192.168.164.238:36415] with ContainerStateMachine:uninitialized
2019-09-26 13:23:01,613 [pool-597-thread-1] INFO  server.RaftServerConfigKeys (ConfUtils.java:logGet(43)) - raft.server.rpc.timeout.min = 5s (custom)
2019-09-26 13:23:01,613 [pool-597-thread-1] INFO  server.RaftServerConfigKeys (ConfUtils.java:logGet(43)) - raft.server.rpc.timeout.max = 5200ms (custom)
2019-09-26 13:23:01,613 [pool-597-thread-1] INFO  server.RaftServerConfigKeys (ConfUtils.java:logGet(43)) - raft.server.rpcslowness.timeout = 120s (custom)
2019-09-26 13:23:01,613 [pool-597-thread-1] INFO  server.RaftServerConfigKeys (ConfUtils.java:logGet(43)) - raft.server.sleep.deviation.threshold = 300 (default)
2019-09-26 13:23:01,614 [pool-597-thread-1] INFO  server.RaftServerConfigKeys (ConfUtils.java:logGet(43)) - raft.server.log.appender.install.snapshot.enabled = false (custom)
2019-09-26 13:23:01,614 [pool-597-thread-1] INFO  impl.RaftServerImpl (ServerState.java:<init>(103)) - 0960db07-db6c-4a00-837c-4772f3756226@group-B959596DFB98: ConfigurationManager, init=-1: [0960db07-db6c-4a00-837c-4772f3756226:192.168.164.238:36415], old=null, confs=<EMPTY_MAP>
2019-09-26 13:23:01,614 [pool-597-thread-1] INFO  server.RaftServerConfigKeys (ConfUtils.java:logGet(43)) - raft.server.storage.dir = [/workdir/hadoop-ozone/ozonefs/target/test-dir/MiniOzoneClusterImpl-65334931-5d7a-4f00-a9a9-1cddd3067b9f/datanode-2/data/ratis] (custom)
2019-09-26 13:23:01,614 [pool-597-thread-1] INFO  storage.RaftStorageDirectory (RaftStorageDirectory.java:analyzeStorage(246)) - The storage directory /workdir/hadoop-ozone/ozonefs/target/test-dir/MiniOzoneClusterImpl-65334931-5d7a-4f00-a9a9-1cddd3067b9f/datanode-2/data/ratis/2b960071-06de-407d-843b-b959596dfb98 does not exist. Creating ...
2019-09-26 13:23:01,627 [pool-597-thread-1] INFO  storage.RaftStorageDirectory (RaftStorageDirectory.java:tryLock(328)) - Lock on /workdir/hadoop-ozone/ozonefs/target/test-dir/MiniOzoneClusterImpl-65334931-5d7a-4f00-a9a9-1cddd3067b9f/datanode-2/data/ratis/2b960071-06de-407d-843b-b959596dfb98/in_use.lock acquired by nodename 20384@pr-hdds-1569-87zkn-1081879488
2019-09-26 13:23:01,639 [pool-597-thread-1] INFO  storage.RaftStorage (RaftStorage.java:format(72)) - Storage directory /workdir/hadoop-ozone/ozonefs/target/test-dir/MiniOzoneClusterImpl-65334931-5d7a-4f00-a9a9-1cddd3067b9f/datanode-2/data/ratis/2b960071-06de-407d-843b-b959596dfb98 has been successfully formatted.
2019-09-26 13:23:01,640 [pool-597-thread-1] INFO  ratis.ContainerStateMachine (ContainerStateMachine.java:loadSnapshot(230)) - group-B959596DFB98: The snapshot info is null. Setting the last applied indexto:(t:0, i:~)
2019-09-26 13:23:01,640 [pool-597-thread-1] INFO  server.RaftServerConfigKeys (ConfUtils.java:logGet(43)) - raft.server.notification.no-leader.timeout = 120s (custom)
2019-09-26 13:23:01,640 [pool-597-thread-1] INFO  server.RaftServerConfigKeys (ConfUtils.java:logGet(43)) - raft.server.log.use.memory = false (default)
2019-09-26 13:23:01,640 [pool-597-thread-1] INFO  server.RaftServerConfigKeys (ConfUtils.java:logGet(43)) - raft.server.log.purge.gap = 1000000 (custom)
2019-09-26 13:23:01,640 [pool-597-thread-1] INFO  server.RaftServerConfigKeys (ConfUtils.java:logGet(43)) - raft.server.log.appender.buffer.byte-limit = 33554432 (custom)
2019-09-26 13:23:01,640 [pool-597-thread-1] INFO  server.RaftServerConfigKeys (ConfUtils.java:logGet(43)) - raft.server.log.segment.size.max = 1048576 (custom)
2019-09-26 13:23:01,640 [pool-597-thread-1] INFO  server.RaftServerConfigKeys (ConfUtils.java:logGet(43)) - raft.server.log.segment.cache.num.max = 2 (custom)
2019-09-26 13:23:01,641 [pool-597-thread-1] INFO  segmented.SegmentedRaftLogWorker (SegmentedRaftLogWorker.java:<init>(172)) - new 0960db07-db6c-4a00-837c-4772f3756226@group-B959596DFB98-SegmentedRaftLogWorker for RaftStorage:Storage Directory /workdir/hadoop-ozone/ozonefs/target/test-dir/MiniOzoneClusterImpl-65334931-5d7a-4f00-a9a9-1cddd3067b9f/datanode-2/data/ratis/2b960071-06de-407d-843b-b959596dfb98
2019-09-26 13:23:01,641 [pool-597-thread-1] INFO  server.RaftServerConfigKeys (ConfUtils.java:logGet(43)) - raft.server.log.queue.byte-limit = 2147483647 (custom)
2019-09-26 13:23:01,641 [pool-597-thread-1] INFO  server.RaftServerConfigKeys (ConfUtils.java:logGet(43)) - raft.server.log.queue.element-limit = 1024 (custom)
2019-09-26 13:23:01,641 [pool-597-thread-1] INFO  server.RaftServerConfigKeys (ConfUtils.java:logGet(43)) - raft.server.log.segment.size.max = 1048576 (custom)
2019-09-26 13:23:01,641 [pool-597-thread-1] INFO  server.RaftServerConfigKeys (ConfUtils.java:logGet(43)) - raft.server.log.preallocated.size = 16384 (custom)
2019-09-26 13:23:01,641 [pool-597-thread-1] INFO  server.RaftServerConfigKeys (ConfUtils.java:logGet(43)) - raft.server.log.write.buffer.size = 33554432 (custom)
2019-09-26 13:23:01,641 [pool-597-thread-1] INFO  server.RaftServerConfigKeys (ConfUtils.java:logGet(43)) - raft.server.log.force.sync.num = 128 (default)
2019-09-26 13:23:01,641 [pool-597-thread-1] INFO  server.RaftServerConfigKeys (ConfUtils.java:logGet(43)) - raft.server.log.statemachine.data.sync = true (default)
2019-09-26 13:23:01,641 [pool-597-thread-1] INFO  server.RaftServerConfigKeys (ConfUtils.java:logGet(43)) - raft.server.log.statemachine.data.sync.timeout = 10s (default)
2019-09-26 13:23:01,642 [pool-597-thread-1] INFO  server.RaftServerConfigKeys (ConfUtils.java:logGet(43)) - raft.server.log.statemachine.data.sync.timeout.retry = -1 (default)
2019-09-26 13:23:01,642 [pool-597-thread-1] INFO  server.RaftServerConfigKeys (ConfUtils.java:logGet(43)) - raft.server.log.statemachine.data.caching.enabled = true (custom)
2019-09-26 13:23:01,642 [pool-597-thread-1] INFO  segmented.SegmentedRaftLogWorker (SegmentedRaftLogWorker.java:lambda$new$0(132)) - 0960db07-db6c-4a00-837c-4772f3756226@group-B959596DFB98-SegmentedRaftLogWorker: flushIndex: setUnconditionally 0 -> -1
2019-09-26 13:23:01,642 [pool-597-thread-1] INFO  server.RaftServerConfigKeys (ConfUtils.java:logGet(43)) - raft.server.snapshot.auto.trigger.enabled = true (custom)
2019-09-26 13:23:01,642 [pool-597-thread-1] INFO  server.RaftServerConfigKeys (ConfUtils.java:logGet(43)) - raft.server.snapshot.auto.trigger.threshold = 10000 (custom)
2019-09-26 13:23:01,643 [pool-597-thread-1] INFO  server.RaftServerConfigKeys (ConfUtils.java:logGet(43)) - raft.server.snapshot.retention.num.files = 5 (custom)
2019-09-26 13:23:01,643 [pool-597-thread-1] INFO  server.RaftServerConfigKeys (ConfUtils.java:logGet(43)) - raft.server.retrycache.expirytime = 600000ms (custom)
2019-09-26 13:23:01,644 [pool-597-thread-1] INFO  impl.RaftServerImpl (RaftServerImpl.java:start(185)) - 0960db07-db6c-4a00-837c-4772f3756226@group-B959596DFB98: start as a follower, conf=-1: [0960db07-db6c-4a00-837c-4772f3756226:192.168.164.238:36415], old=null
2019-09-26 13:23:01,644 [pool-597-thread-1] INFO  impl.RaftServerImpl (RaftServerImpl.java:setRole(174)) - 0960db07-db6c-4a00-837c-4772f3756226@group-B959596DFB98: changes role from      null to FOLLOWER at term 0 for startAsFollower
2019-09-26 13:23:01,644 [pool-597-thread-1] INFO  impl.RoleInfo (RoleInfo.java:updateAndGet(143)) - 0960db07-db6c-4a00-837c-4772f3756226: start FollowerState
2019-09-26 13:23:01,645 [pool-597-thread-1] INFO  util.JmxRegister (JmxRegister.java:tryRegister(44)) - Successfully registered JMX Bean with object name Ratis:service=RaftServer,group=group-B959596DFB98,id=0960db07-db6c-4a00-837c-4772f3756226
2019-09-26 13:23:01,647 [RatisPipelineUtilsThread] INFO  pipeline.PipelineStateManager (PipelineStateManager.java:addPipeline(56)) - Created pipeline Pipeline[ Id: 2b960071-06de-407d-843b-b959596dfb98, Nodes: 0960db07-db6c-4a00-837c-4772f3756226{ip: 192.168.164.238, host: pr-hdds-1569-87zkn-1081879488, networkLocation: /default-rack, certSerialId: null}, Type:RATIS, Factor:ONE, State:OPEN]
2019-09-26 13:23:01,648 [RatisPipelineUtilsThread] INFO  pipeline.PipelinePlacementPolicy (PipelinePlacementPolicy.java:meetCriteria(91)) - Pipeline Placement: can't place more pipeline on heavy datanode： df29ace5-11ac-4506-8343-2185a80235e7 Heaviness: 6 limit: 5
2019-09-26 13:23:01,653 [grpc-default-executor-0] INFO  impl.RaftServerProxy (RaftServerProxy.java:addNew(89)) - 0960db07-db6c-4a00-837c-4772f3756226: addNew group-4F989592177C:[0960db07-db6c-4a00-837c-4772f3756226:192.168.164.238:36415] returns group-4F989592177C:java.util.concurrent.CompletableFuture@9f6e3dc[Not completed]
2019-09-26 13:23:01,654 [pool-597-thread-1] INFO  impl.RaftServerImpl (RaftServerImpl.java:<init>(95)) - 0960db07-db6c-4a00-837c-4772f3756226: new RaftServerImpl for group-4F989592177C:[0960db07-db6c-4a00-837c-4772f3756226:192.168.164.238:36415] with ContainerStateMachine:uninitialized
2019-09-26 13:23:01,654 [pool-597-thread-1] INFO  server.RaftServerConfigKeys (ConfUtils.java:logGet(43)) - raft.server.rpc.timeout.min = 5s (custom)
2019-09-26 13:23:01,654 [pool-597-thread-1] INFO  server.RaftServerConfigKeys (ConfUtils.java:logGet(43)) - raft.server.rpc.timeout.max = 5200ms (custom)
2019-09-26 13:23:01,654 [pool-597-thread-1] INFO  server.RaftServerConfigKeys (ConfUtils.java:logGet(43)) - raft.server.rpcslowness.timeout = 120s (custom)
2019-09-26 13:23:01,654 [pool-597-thread-1] INFO  server.RaftServerConfigKeys (ConfUtils.java:logGet(43)) - raft.server.sleep.deviation.threshold = 300 (default)
2019-09-26 13:23:01,654 [pool-597-thread-1] INFO  server.RaftServerConfigKeys (ConfUtils.java:logGet(43)) - raft.server.log.appender.install.snapshot.enabled = false (custom)
2019-09-26 13:23:01,654 [pool-597-thread-1] INFO  impl.RaftServerImpl (ServerState.java:<init>(103)) - 0960db07-db6c-4a00-837c-4772f3756226@group-4F989592177C: ConfigurationManager, init=-1: [0960db07-db6c-4a00-837c-4772f3756226:192.168.164.238:36415], old=null, confs=<EMPTY_MAP>
2019-09-26 13:23:01,654 [pool-597-thread-1] INFO  server.RaftServerConfigKeys (ConfUtils.java:logGet(43)) - raft.server.storage.dir = [/workdir/hadoop-ozone/ozonefs/target/test-dir/MiniOzoneClusterImpl-65334931-5d7a-4f00-a9a9-1cddd3067b9f/datanode-2/data/ratis] (custom)
2019-09-26 13:23:01,655 [pool-597-thread-1] INFO  storage.RaftStorageDirectory (RaftStorageDirectory.java:analyzeStorage(246)) - The storage directory /workdir/hadoop-ozone/ozonefs/target/test-dir/MiniOzoneClusterImpl-65334931-5d7a-4f00-a9a9-1cddd3067b9f/datanode-2/data/ratis/d6432080-f180-4a7a-9aad-4f989592177c does not exist. Creating ...
2019-09-26 13:23:01,667 [pool-597-thread-1] INFO  storage.RaftStorageDirectory (RaftStorageDirectory.java:tryLock(328)) - Lock on /workdir/hadoop-ozone/ozonefs/target/test-dir/MiniOzoneClusterImpl-65334931-5d7a-4f00-a9a9-1cddd3067b9f/datanode-2/data/ratis/d6432080-f180-4a7a-9aad-4f989592177c/in_use.lock acquired by nodename 20384@pr-hdds-1569-87zkn-1081879488
2019-09-26 13:23:01,680 [pool-597-thread-1] INFO  storage.RaftStorage (RaftStorage.java:format(72)) - Storage directory /workdir/hadoop-ozone/ozonefs/target/test-dir/MiniOzoneClusterImpl-65334931-5d7a-4f00-a9a9-1cddd3067b9f/datanode-2/data/ratis/d6432080-f180-4a7a-9aad-4f989592177c has been successfully formatted.
2019-09-26 13:23:01,680 [pool-597-thread-1] INFO  ratis.ContainerStateMachine (ContainerStateMachine.java:loadSnapshot(230)) - group-4F989592177C: The snapshot info is null. Setting the last applied indexto:(t:0, i:~)
2019-09-26 13:23:01,680 [pool-597-thread-1] INFO  server.RaftServerConfigKeys (ConfUtils.java:logGet(43)) - raft.server.notification.no-leader.timeout = 120s (custom)
2019-09-26 13:23:01,680 [pool-597-thread-1] INFO  server.RaftServerConfigKeys (ConfUtils.java:logGet(43)) - raft.server.log.use.memory = false (default)
2019-09-26 13:23:01,681 [pool-597-thread-1] INFO  server.RaftServerConfigKeys (ConfUtils.java:logGet(43)) - raft.server.log.purge.gap = 1000000 (custom)
2019-09-26 13:23:01,681 [pool-597-thread-1] INFO  server.RaftServerConfigKeys (ConfUtils.java:logGet(43)) - raft.server.log.appender.buffer.byte-limit = 33554432 (custom)
2019-09-26 13:23:01,681 [pool-597-thread-1] INFO  server.RaftServerConfigKeys (ConfUtils.java:logGet(43)) - raft.server.log.segment.size.max = 1048576 (custom)
2019-09-26 13:23:01,681 [pool-597-thread-1] INFO  server.RaftServerConfigKeys (ConfUtils.java:logGet(43)) - raft.server.log.segment.cache.num.max = 2 (custom)
2019-09-26 13:23:01,681 [pool-597-thread-1] INFO  segmented.SegmentedRaftLogWorker (SegmentedRaftLogWorker.java:<init>(172)) - new 0960db07-db6c-4a00-837c-4772f3756226@group-4F989592177C-SegmentedRaftLogWorker for RaftStorage:Storage Directory /workdir/hadoop-ozone/ozonefs/target/test-dir/MiniOzoneClusterImpl-65334931-5d7a-4f00-a9a9-1cddd3067b9f/datanode-2/data/ratis/d6432080-f180-4a7a-9aad-4f989592177c
2019-09-26 13:23:01,681 [pool-597-thread-1] INFO  server.RaftServerConfigKeys (ConfUtils.java:logGet(43)) - raft.server.log.queue.byte-limit = 2147483647 (custom)
2019-09-26 13:23:01,681 [pool-597-thread-1] INFO  server.RaftServerConfigKeys (ConfUtils.java:logGet(43)) - raft.server.log.queue.element-limit = 1024 (custom)
2019-09-26 13:23:01,681 [pool-597-thread-1] INFO  server.RaftServerConfigKeys (ConfUtils.java:logGet(43)) - raft.server.log.segment.size.max = 1048576 (custom)
2019-09-26 13:23:01,681 [pool-597-thread-1] INFO  server.RaftServerConfigKeys (ConfUtils.java:logGet(43)) - raft.server.log.preallocated.size = 16384 (custom)
2019-09-26 13:23:01,682 [pool-597-thread-1] INFO  server.RaftServerConfigKeys (ConfUtils.java:logGet(43)) - raft.server.log.write.buffer.size = 33554432 (custom)
2019-09-26 13:23:01,682 [pool-597-thread-1] INFO  server.RaftServerConfigKeys (ConfUtils.java:logGet(43)) - raft.server.log.force.sync.num = 128 (default)
2019-09-26 13:23:01,682 [pool-597-thread-1] INFO  server.RaftServerConfigKeys (ConfUtils.java:logGet(43)) - raft.server.log.statemachine.data.sync = true (default)
2019-09-26 13:23:01,682 [pool-597-thread-1] INFO  server.RaftServerConfigKeys (ConfUtils.java:logGet(43)) - raft.server.log.statemachine.data.sync.timeout = 10s (default)
2019-09-26 13:23:01,682 [pool-597-thread-1] INFO  server.RaftServerConfigKeys (ConfUtils.java:logGet(43)) - raft.server.log.statemachine.data.sync.timeout.retry = -1 (default)
2019-09-26 13:23:01,682 [pool-597-thread-1] INFO  server.RaftServerConfigKeys (ConfUtils.java:logGet(43)) - raft.server.log.statemachine.data.caching.enabled = true (custom)
2019-09-26 13:23:01,682 [pool-597-thread-1] INFO  segmented.SegmentedRaftLogWorker (SegmentedRaftLogWorker.java:lambda$new$0(132)) - 0960db07-db6c-4a00-837c-4772f3756226@group-4F989592177C-SegmentedRaftLogWorker: flushIndex: setUnconditionally 0 -> -1
2019-09-26 13:23:01,683 [pool-597-thread-1] INFO  server.RaftServerConfigKeys (ConfUtils.java:logGet(43)) - raft.server.snapshot.auto.trigger.enabled = true (custom)
2019-09-26 13:23:01,683 [pool-597-thread-1] INFO  server.RaftServerConfigKeys (ConfUtils.java:logGet(43)) - raft.server.snapshot.auto.trigger.threshold = 10000 (custom)
2019-09-26 13:23:01,683 [pool-597-thread-1] INFO  server.RaftServerConfigKeys (ConfUtils.java:logGet(43)) - raft.server.snapshot.retention.num.files = 5 (custom)
2019-09-26 13:23:01,683 [pool-597-thread-1] INFO  server.RaftServerConfigKeys (ConfUtils.java:logGet(43)) - raft.server.retrycache.expirytime = 600000ms (custom)
2019-09-26 13:23:01,684 [pool-597-thread-1] INFO  impl.RaftServerImpl (RaftServerImpl.java:start(185)) - 0960db07-db6c-4a00-837c-4772f3756226@group-4F989592177C: start as a follower, conf=-1: [0960db07-db6c-4a00-837c-4772f3756226:192.168.164.238:36415], old=null
2019-09-26 13:23:01,684 [pool-597-thread-1] INFO  impl.RaftServerImpl (RaftServerImpl.java:setRole(174)) - 0960db07-db6c-4a00-837c-4772f3756226@group-4F989592177C: changes role from      null to FOLLOWER at term 0 for startAsFollower
2019-09-26 13:23:01,684 [pool-597-thread-1] INFO  impl.RoleInfo (RoleInfo.java:updateAndGet(143)) - 0960db07-db6c-4a00-837c-4772f3756226: start FollowerState
2019-09-26 13:23:01,685 [pool-597-thread-1] INFO  util.JmxRegister (JmxRegister.java:tryRegister(44)) - Successfully registered JMX Bean with object name Ratis:service=RaftServer,group=group-4F989592177C,id=0960db07-db6c-4a00-837c-4772f3756226
2019-09-26 13:23:01,687 [RatisPipelineUtilsThread] INFO  pipeline.PipelineStateManager (PipelineStateManager.java:addPipeline(56)) - Created pipeline Pipeline[ Id: d6432080-f180-4a7a-9aad-4f989592177c, Nodes: 0960db07-db6c-4a00-837c-4772f3756226{ip: 192.168.164.238, host: pr-hdds-1569-87zkn-1081879488, networkLocation: /default-rack, certSerialId: null}, Type:RATIS, Factor:ONE, State:OPEN]
2019-09-26 13:23:01,687 [RatisPipelineUtilsThread] INFO  pipeline.PipelinePlacementPolicy (PipelinePlacementPolicy.java:meetCriteria(91)) - Pipeline Placement: can't place more pipeline on heavy datanode： df29ace5-11ac-4506-8343-2185a80235e7 Heaviness: 6 limit: 5
2019-09-26 13:23:01,692 [grpc-default-executor-0] INFO  impl.RaftServerProxy (RaftServerProxy.java:addNew(89)) - fa1bb472-1576-4faf-80b1-ccac17e16c4f: addNew group-634F5446A38B:[fa1bb472-1576-4faf-80b1-ccac17e16c4f:192.168.164.238:32981] returns group-634F5446A38B:java.util.concurrent.CompletableFuture@385e75f7[Not completed]
2019-09-26 13:23:01,692 [pool-587-thread-1] INFO  impl.RaftServerImpl (RaftServerImpl.java:<init>(95)) - fa1bb472-1576-4faf-80b1-ccac17e16c4f: new RaftServerImpl for group-634F5446A38B:[fa1bb472-1576-4faf-80b1-ccac17e16c4f:192.168.164.238:32981] with ContainerStateMachine:uninitialized
2019-09-26 13:23:01,693 [pool-587-thread-1] INFO  server.RaftServerConfigKeys (ConfUtils.java:logGet(43)) - raft.server.rpc.timeout.min = 5s (custom)
2019-09-26 13:23:01,693 [pool-587-thread-1] INFO  server.RaftServerConfigKeys (ConfUtils.java:logGet(43)) - raft.server.rpc.timeout.max = 5200ms (custom)
2019-09-26 13:23:01,693 [pool-587-thread-1] INFO  server.RaftServerConfigKeys (ConfUtils.java:logGet(43)) - raft.server.rpcslowness.timeout = 120s (custom)
2019-09-26 13:23:01,693 [pool-587-thread-1] INFO  server.RaftServerConfigKeys (ConfUtils.java:logGet(43)) - raft.server.sleep.deviation.threshold = 300 (default)
2019-09-26 13:23:01,693 [pool-587-thread-1] INFO  server.RaftServerConfigKeys (ConfUtils.java:logGet(43)) - raft.server.log.appender.install.snapshot.enabled = false (custom)
2019-09-26 13:23:01,693 [pool-587-thread-1] INFO  impl.RaftServerImpl (ServerState.java:<init>(103)) - fa1bb472-1576-4faf-80b1-ccac17e16c4f@group-634F5446A38B: ConfigurationManager, init=-1: [fa1bb472-1576-4faf-80b1-ccac17e16c4f:192.168.164.238:32981], old=null, confs=<EMPTY_MAP>
2019-09-26 13:23:01,693 [pool-587-thread-1] INFO  server.RaftServerConfigKeys (ConfUtils.java:logGet(43)) - raft.server.storage.dir = [/workdir/hadoop-ozone/ozonefs/target/test-dir/MiniOzoneClusterImpl-65334931-5d7a-4f00-a9a9-1cddd3067b9f/datanode-1/data/ratis] (custom)
2019-09-26 13:23:01,693 [pool-587-thread-1] INFO  storage.RaftStorageDirectory (RaftStorageDirectory.java:analyzeStorage(246)) - The storage directory /workdir/hadoop-ozone/ozonefs/target/test-dir/MiniOzoneClusterImpl-65334931-5d7a-4f00-a9a9-1cddd3067b9f/datanode-1/data/ratis/1d449d3a-0728-4c55-a2c8-634f5446a38b does not exist. Creating ...
2019-09-26 13:23:01,696 [pool-587-thread-1] INFO  storage.RaftStorageDirectory (RaftStorageDirectory.java:tryLock(328)) - Lock on /workdir/hadoop-ozone/ozonefs/target/test-dir/MiniOzoneClusterImpl-65334931-5d7a-4f00-a9a9-1cddd3067b9f/datanode-1/data/ratis/1d449d3a-0728-4c55-a2c8-634f5446a38b/in_use.lock acquired by nodename 20384@pr-hdds-1569-87zkn-1081879488
2019-09-26 13:23:01,699 [pool-587-thread-1] INFO  storage.RaftStorage (RaftStorage.java:format(72)) - Storage directory /workdir/hadoop-ozone/ozonefs/target/test-dir/MiniOzoneClusterImpl-65334931-5d7a-4f00-a9a9-1cddd3067b9f/datanode-1/data/ratis/1d449d3a-0728-4c55-a2c8-634f5446a38b has been successfully formatted.
2019-09-26 13:23:01,700 [pool-587-thread-1] INFO  ratis.ContainerStateMachine (ContainerStateMachine.java:loadSnapshot(230)) - group-634F5446A38B: The snapshot info is null. Setting the last applied indexto:(t:0, i:~)
2019-09-26 13:23:01,700 [pool-587-thread-1] INFO  server.RaftServerConfigKeys (ConfUtils.java:logGet(43)) - raft.server.notification.no-leader.timeout = 120s (custom)
2019-09-26 13:23:01,700 [pool-587-thread-1] INFO  server.RaftServerConfigKeys (ConfUtils.java:logGet(43)) - raft.server.log.use.memory = false (default)
2019-09-26 13:23:01,700 [pool-587-thread-1] INFO  server.RaftServerConfigKeys (ConfUtils.java:logGet(43)) - raft.server.log.purge.gap = 1000000 (custom)
2019-09-26 13:23:01,700 [pool-587-thread-1] INFO  server.RaftServerConfigKeys (ConfUtils.java:logGet(43)) - raft.server.log.appender.buffer.byte-limit = 33554432 (custom)
2019-09-26 13:23:01,700 [pool-587-thread-1] INFO  server.RaftServerConfigKeys (ConfUtils.java:logGet(43)) - raft.server.log.segment.size.max = 1048576 (custom)
2019-09-26 13:23:01,700 [pool-587-thread-1] INFO  server.RaftServerConfigKeys (ConfUtils.java:logGet(43)) - raft.server.log.segment.cache.num.max = 2 (custom)
2019-09-26 13:23:01,700 [pool-587-thread-1] INFO  segmented.SegmentedRaftLogWorker (SegmentedRaftLogWorker.java:<init>(172)) - new fa1bb472-1576-4faf-80b1-ccac17e16c4f@group-634F5446A38B-SegmentedRaftLogWorker for RaftStorage:Storage Directory /workdir/hadoop-ozone/ozonefs/target/test-dir/MiniOzoneClusterImpl-65334931-5d7a-4f00-a9a9-1cddd3067b9f/datanode-1/data/ratis/1d449d3a-0728-4c55-a2c8-634f5446a38b
2019-09-26 13:23:01,701 [pool-587-thread-1] INFO  server.RaftServerConfigKeys (ConfUtils.java:logGet(43)) - raft.server.log.queue.byte-limit = 2147483647 (custom)
2019-09-26 13:23:01,701 [pool-587-thread-1] INFO  server.RaftServerConfigKeys (ConfUtils.java:logGet(43)) - raft.server.log.queue.element-limit = 1024 (custom)
2019-09-26 13:23:01,701 [pool-587-thread-1] INFO  server.RaftServerConfigKeys (ConfUtils.java:logGet(43)) - raft.server.log.segment.size.max = 1048576 (custom)
2019-09-26 13:23:01,701 [pool-587-thread-1] INFO  server.RaftServerConfigKeys (ConfUtils.java:logGet(43)) - raft.server.log.preallocated.size = 16384 (custom)
2019-09-26 13:23:01,701 [pool-587-thread-1] INFO  server.RaftServerConfigKeys (ConfUtils.java:logGet(43)) - raft.server.log.write.buffer.size = 33554432 (custom)
2019-09-26 13:23:01,701 [pool-587-thread-1] INFO  server.RaftServerConfigKeys (ConfUtils.java:logGet(43)) - raft.server.log.force.sync.num = 128 (default)
2019-09-26 13:23:01,701 [pool-587-thread-1] INFO  server.RaftServerConfigKeys (ConfUtils.java:logGet(43)) - raft.server.log.statemachine.data.sync = true (default)
2019-09-26 13:23:01,701 [pool-587-thread-1] INFO  server.RaftServerConfigKeys (ConfUtils.java:logGet(43)) - raft.server.log.statemachine.data.sync.timeout = 10s (default)
2019-09-26 13:23:01,701 [pool-587-thread-1] INFO  server.RaftServerConfigKeys (ConfUtils.java:logGet(43)) - raft.server.log.statemachine.data.sync.timeout.retry = -1 (default)
2019-09-26 13:23:01,701 [pool-587-thread-1] INFO  server.RaftServerConfigKeys (ConfUtils.java:logGet(43)) - raft.server.log.statemachine.data.caching.enabled = true (custom)
2019-09-26 13:23:01,702 [pool-587-thread-1] INFO  segmented.SegmentedRaftLogWorker (SegmentedRaftLogWorker.java:lambda$new$0(132)) - fa1bb472-1576-4faf-80b1-ccac17e16c4f@group-634F5446A38B-SegmentedRaftLogWorker: flushIndex: setUnconditionally 0 -> -1
2019-09-26 13:23:01,702 [pool-587-thread-1] INFO  server.RaftServerConfigKeys (ConfUtils.java:logGet(43)) - raft.server.snapshot.auto.trigger.enabled = true (custom)
2019-09-26 13:23:01,702 [pool-587-thread-1] INFO  server.RaftServerConfigKeys (ConfUtils.java:logGet(43)) - raft.server.snapshot.auto.trigger.threshold = 10000 (custom)
2019-09-26 13:23:01,702 [pool-587-thread-1] INFO  server.RaftServerConfigKeys (ConfUtils.java:logGet(43)) - raft.server.snapshot.retention.num.files = 5 (custom)
2019-09-26 13:23:01,702 [pool-587-thread-1] INFO  server.RaftServerConfigKeys (ConfUtils.java:logGet(43)) - raft.server.retrycache.expirytime = 600000ms (custom)
2019-09-26 13:23:01,704 [pool-587-thread-1] INFO  impl.RaftServerImpl (RaftServerImpl.java:start(185)) - fa1bb472-1576-4faf-80b1-ccac17e16c4f@group-634F5446A38B: start as a follower, conf=-1: [fa1bb472-1576-4faf-80b1-ccac17e16c4f:192.168.164.238:32981], old=null
2019-09-26 13:23:01,704 [pool-587-thread-1] INFO  impl.RaftServerImpl (RaftServerImpl.java:setRole(174)) - fa1bb472-1576-4faf-80b1-ccac17e16c4f@group-634F5446A38B: changes role from      null to FOLLOWER at term 0 for startAsFollower
2019-09-26 13:23:01,704 [pool-587-thread-1] INFO  impl.RoleInfo (RoleInfo.java:updateAndGet(143)) - fa1bb472-1576-4faf-80b1-ccac17e16c4f: start FollowerState
2019-09-26 13:23:01,704 [pool-587-thread-1] INFO  util.JmxRegister (JmxRegister.java:tryRegister(44)) - Successfully registered JMX Bean with object name Ratis:service=RaftServer,group=group-634F5446A38B,id=fa1bb472-1576-4faf-80b1-ccac17e16c4f
2019-09-26 13:23:01,707 [RatisPipelineUtilsThread] INFO  pipeline.PipelineStateManager (PipelineStateManager.java:addPipeline(56)) - Created pipeline Pipeline[ Id: 1d449d3a-0728-4c55-a2c8-634f5446a38b, Nodes: fa1bb472-1576-4faf-80b1-ccac17e16c4f{ip: 192.168.164.238, host: pr-hdds-1569-87zkn-1081879488, networkLocation: /default-rack, certSerialId: null}, Type:RATIS, Factor:ONE, State:OPEN]
2019-09-26 13:23:01,707 [RatisPipelineUtilsThread] INFO  pipeline.PipelinePlacementPolicy (PipelinePlacementPolicy.java:meetCriteria(91)) - Pipeline Placement: can't place more pipeline on heavy datanode： df29ace5-11ac-4506-8343-2185a80235e7 Heaviness: 6 limit: 5
2019-09-26 13:23:01,711 [grpc-default-executor-0] INFO  impl.RaftServerProxy (RaftServerProxy.java:addNew(89)) - 0960db07-db6c-4a00-837c-4772f3756226: addNew group-D6F8FB99A61C:[0960db07-db6c-4a00-837c-4772f3756226:192.168.164.238:36415] returns group-D6F8FB99A61C:java.util.concurrent.CompletableFuture@186d6186[Not completed]
2019-09-26 13:23:01,712 [pool-597-thread-1] INFO  impl.RaftServerImpl (RaftServerImpl.java:<init>(95)) - 0960db07-db6c-4a00-837c-4772f3756226: new RaftServerImpl for group-D6F8FB99A61C:[0960db07-db6c-4a00-837c-4772f3756226:192.168.164.238:36415] with ContainerStateMachine:uninitialized
2019-09-26 13:23:01,712 [pool-597-thread-1] INFO  server.RaftServerConfigKeys (ConfUtils.java:logGet(43)) - raft.server.rpc.timeout.min = 5s (custom)
2019-09-26 13:23:01,712 [pool-597-thread-1] INFO  server.RaftServerConfigKeys (ConfUtils.java:logGet(43)) - raft.server.rpc.timeout.max = 5200ms (custom)
2019-09-26 13:23:01,712 [pool-597-thread-1] INFO  server.RaftServerConfigKeys (ConfUtils.java:logGet(43)) - raft.server.rpcslowness.timeout = 120s (custom)
2019-09-26 13:23:01,712 [pool-597-thread-1] INFO  server.RaftServerConfigKeys (ConfUtils.java:logGet(43)) - raft.server.sleep.deviation.threshold = 300 (default)
2019-09-26 13:23:01,713 [pool-597-thread-1] INFO  server.RaftServerConfigKeys (ConfUtils.java:logGet(43)) - raft.server.log.appender.install.snapshot.enabled = false (custom)
2019-09-26 13:23:01,713 [pool-597-thread-1] INFO  impl.RaftServerImpl (ServerState.java:<init>(103)) - 0960db07-db6c-4a00-837c-4772f3756226@group-D6F8FB99A61C: ConfigurationManager, init=-1: [0960db07-db6c-4a00-837c-4772f3756226:192.168.164.238:36415], old=null, confs=<EMPTY_MAP>
2019-09-26 13:23:01,713 [pool-597-thread-1] INFO  server.RaftServerConfigKeys (ConfUtils.java:logGet(43)) - raft.server.storage.dir = [/workdir/hadoop-ozone/ozonefs/target/test-dir/MiniOzoneClusterImpl-65334931-5d7a-4f00-a9a9-1cddd3067b9f/datanode-2/data/ratis] (custom)
2019-09-26 13:23:01,713 [pool-597-thread-1] INFO  storage.RaftStorageDirectory (RaftStorageDirectory.java:analyzeStorage(246)) - The storage directory /workdir/hadoop-ozone/ozonefs/target/test-dir/MiniOzoneClusterImpl-65334931-5d7a-4f00-a9a9-1cddd3067b9f/datanode-2/data/ratis/0ee619e5-7702-4f0b-986b-d6f8fb99a61c does not exist. Creating ...
2019-09-26 13:23:01,716 [pool-597-thread-1] INFO  storage.RaftStorageDirectory (RaftStorageDirectory.java:tryLock(328)) - Lock on /workdir/hadoop-ozone/ozonefs/target/test-dir/MiniOzoneClusterImpl-65334931-5d7a-4f00-a9a9-1cddd3067b9f/datanode-2/data/ratis/0ee619e5-7702-4f0b-986b-d6f8fb99a61c/in_use.lock acquired by nodename 20384@pr-hdds-1569-87zkn-1081879488
2019-09-26 13:23:01,719 [pool-597-thread-1] INFO  storage.RaftStorage (RaftStorage.java:format(72)) - Storage directory /workdir/hadoop-ozone/ozonefs/target/test-dir/MiniOzoneClusterImpl-65334931-5d7a-4f00-a9a9-1cddd3067b9f/datanode-2/data/ratis/0ee619e5-7702-4f0b-986b-d6f8fb99a61c has been successfully formatted.
2019-09-26 13:23:01,720 [pool-597-thread-1] INFO  ratis.ContainerStateMachine (ContainerStateMachine.java:loadSnapshot(230)) - group-D6F8FB99A61C: The snapshot info is null. Setting the last applied indexto:(t:0, i:~)
2019-09-26 13:23:01,720 [pool-597-thread-1] INFO  server.RaftServerConfigKeys (ConfUtils.java:logGet(43)) - raft.server.notification.no-leader.timeout = 120s (custom)
2019-09-26 13:23:01,720 [pool-597-thread-1] INFO  server.RaftServerConfigKeys (ConfUtils.java:logGet(43)) - raft.server.log.use.memory = false (default)
2019-09-26 13:23:01,720 [pool-597-thread-1] INFO  server.RaftServerConfigKeys (ConfUtils.java:logGet(43)) - raft.server.log.purge.gap = 1000000 (custom)
2019-09-26 13:23:01,720 [pool-597-thread-1] INFO  server.RaftServerConfigKeys (ConfUtils.java:logGet(43)) - raft.server.log.appender.buffer.byte-limit = 33554432 (custom)
2019-09-26 13:23:01,720 [pool-597-thread-1] INFO  server.RaftServerConfigKeys (ConfUtils.java:logGet(43)) - raft.server.log.segment.size.max = 1048576 (custom)
2019-09-26 13:23:01,720 [pool-597-thread-1] INFO  server.RaftServerConfigKeys (ConfUtils.java:logGet(43)) - raft.server.log.segment.cache.num.max = 2 (custom)
2019-09-26 13:23:01,720 [pool-597-thread-1] INFO  segmented.SegmentedRaftLogWorker (SegmentedRaftLogWorker.java:<init>(172)) - new 0960db07-db6c-4a00-837c-4772f3756226@group-D6F8FB99A61C-SegmentedRaftLogWorker for RaftStorage:Storage Directory /workdir/hadoop-ozone/ozonefs/target/test-dir/MiniOzoneClusterImpl-65334931-5d7a-4f00-a9a9-1cddd3067b9f/datanode-2/data/ratis/0ee619e5-7702-4f0b-986b-d6f8fb99a61c
2019-09-26 13:23:01,721 [pool-597-thread-1] INFO  server.RaftServerConfigKeys (ConfUtils.java:logGet(43)) - raft.server.log.queue.byte-limit = 2147483647 (custom)
2019-09-26 13:23:01,721 [pool-597-thread-1] INFO  server.RaftServerConfigKeys (ConfUtils.java:logGet(43)) - raft.server.log.queue.element-limit = 1024 (custom)
2019-09-26 13:23:01,721 [pool-597-thread-1] INFO  server.RaftServerConfigKeys (ConfUtils.java:logGet(43)) - raft.server.log.segment.size.max = 1048576 (custom)
2019-09-26 13:23:01,721 [pool-597-thread-1] INFO  server.RaftServerConfigKeys (ConfUtils.java:logGet(43)) - raft.server.log.preallocated.size = 16384 (custom)
2019-09-26 13:23:01,721 [pool-597-thread-1] INFO  server.RaftServerConfigKeys (ConfUtils.java:logGet(43)) - raft.server.log.write.buffer.size = 33554432 (custom)
2019-09-26 13:23:01,721 [pool-597-thread-1] INFO  server.RaftServerConfigKeys (ConfUtils.java:logGet(43)) - raft.server.log.force.sync.num = 128 (default)
2019-09-26 13:23:01,721 [pool-597-thread-1] INFO  server.RaftServerConfigKeys (ConfUtils.java:logGet(43)) - raft.server.log.statemachine.data.sync = true (default)
2019-09-26 13:23:01,721 [pool-597-thread-1] INFO  server.RaftServerConfigKeys (ConfUtils.java:logGet(43)) - raft.server.log.statemachine.data.sync.timeout = 10s (default)
2019-09-26 13:23:01,721 [pool-597-thread-1] INFO  server.RaftServerConfigKeys (ConfUtils.java:logGet(43)) - raft.server.log.statemachine.data.sync.timeout.retry = -1 (default)
2019-09-26 13:23:01,722 [pool-597-thread-1] INFO  server.RaftServerConfigKeys (ConfUtils.java:logGet(43)) - raft.server.log.statemachine.data.caching.enabled = true (custom)
2019-09-26 13:23:01,722 [pool-597-thread-1] INFO  segmented.SegmentedRaftLogWorker (SegmentedRaftLogWorker.java:lambda$new$0(132)) - 0960db07-db6c-4a00-837c-4772f3756226@group-D6F8FB99A61C-SegmentedRaftLogWorker: flushIndex: setUnconditionally 0 -> -1
2019-09-26 13:23:01,722 [pool-597-thread-1] INFO  server.RaftServerConfigKeys (ConfUtils.java:logGet(43)) - raft.server.snapshot.auto.trigger.enabled = true (custom)
2019-09-26 13:23:01,722 [pool-597-thread-1] INFO  server.RaftServerConfigKeys (ConfUtils.java:logGet(43)) - raft.server.snapshot.auto.trigger.threshold = 10000 (custom)
2019-09-26 13:23:01,722 [pool-597-thread-1] INFO  server.RaftServerConfigKeys (ConfUtils.java:logGet(43)) - raft.server.snapshot.retention.num.files = 5 (custom)
2019-09-26 13:23:01,722 [pool-597-thread-1] INFO  server.RaftServerConfigKeys (ConfUtils.java:logGet(43)) - raft.server.retrycache.expirytime = 600000ms (custom)
2019-09-26 13:23:01,724 [pool-597-thread-1] INFO  impl.RaftServerImpl (RaftServerImpl.java:start(185)) - 0960db07-db6c-4a00-837c-4772f3756226@group-D6F8FB99A61C: start as a follower, conf=-1: [0960db07-db6c-4a00-837c-4772f3756226:192.168.164.238:36415], old=null
2019-09-26 13:23:01,724 [pool-597-thread-1] INFO  impl.RaftServerImpl (RaftServerImpl.java:setRole(174)) - 0960db07-db6c-4a00-837c-4772f3756226@group-D6F8FB99A61C: changes role from      null to FOLLOWER at term 0 for startAsFollower
2019-09-26 13:23:01,724 [pool-597-thread-1] INFO  impl.RoleInfo (RoleInfo.java:updateAndGet(143)) - 0960db07-db6c-4a00-837c-4772f3756226: start FollowerState
2019-09-26 13:23:01,724 [pool-597-thread-1] INFO  util.JmxRegister (JmxRegister.java:tryRegister(44)) - Successfully registered JMX Bean with object name Ratis:service=RaftServer,group=group-D6F8FB99A61C,id=0960db07-db6c-4a00-837c-4772f3756226
2019-09-26 13:23:01,727 [RatisPipelineUtilsThread] INFO  pipeline.PipelineStateManager (PipelineStateManager.java:addPipeline(56)) - Created pipeline Pipeline[ Id: 0ee619e5-7702-4f0b-986b-d6f8fb99a61c, Nodes: 0960db07-db6c-4a00-837c-4772f3756226{ip: 192.168.164.238, host: pr-hdds-1569-87zkn-1081879488, networkLocation: /default-rack, certSerialId: null}, Type:RATIS, Factor:ONE, State:OPEN]
2019-09-26 13:23:01,727 [RatisPipelineUtilsThread] INFO  pipeline.PipelinePlacementPolicy (PipelinePlacementPolicy.java:meetCriteria(91)) - Pipeline Placement: can't place more pipeline on heavy datanode： df29ace5-11ac-4506-8343-2185a80235e7 Heaviness: 6 limit: 5
2019-09-26 13:23:01,727 [RatisPipelineUtilsThread] INFO  pipeline.PipelinePlacementPolicy (PipelinePlacementPolicy.java:meetCriteria(91)) - Pipeline Placement: can't place more pipeline on heavy datanode： 0960db07-db6c-4a00-837c-4772f3756226 Heaviness: 6 limit: 5
2019-09-26 13:23:01,732 [grpc-default-executor-0] INFO  impl.RaftServerProxy (RaftServerProxy.java:addNew(89)) - fa1bb472-1576-4faf-80b1-ccac17e16c4f: addNew group-B4814838B5EC:[fa1bb472-1576-4faf-80b1-ccac17e16c4f:192.168.164.238:32981] returns group-B4814838B5EC:java.util.concurrent.CompletableFuture@1c635a28[Not completed]
2019-09-26 13:23:01,733 [pool-587-thread-1] INFO  impl.RaftServerImpl (RaftServerImpl.java:<init>(95)) - fa1bb472-1576-4faf-80b1-ccac17e16c4f: new RaftServerImpl for group-B4814838B5EC:[fa1bb472-1576-4faf-80b1-ccac17e16c4f:192.168.164.238:32981] with ContainerStateMachine:uninitialized
2019-09-26 13:23:01,733 [pool-587-thread-1] INFO  server.RaftServerConfigKeys (ConfUtils.java:logGet(43)) - raft.server.rpc.timeout.min = 5s (custom)
2019-09-26 13:23:01,733 [pool-587-thread-1] INFO  server.RaftServerConfigKeys (ConfUtils.java:logGet(43)) - raft.server.rpc.timeout.max = 5200ms (custom)
2019-09-26 13:23:01,733 [pool-587-thread-1] INFO  server.RaftServerConfigKeys (ConfUtils.java:logGet(43)) - raft.server.rpcslowness.timeout = 120s (custom)
2019-09-26 13:23:01,733 [pool-587-thread-1] INFO  server.RaftServerConfigKeys (ConfUtils.java:logGet(43)) - raft.server.sleep.deviation.threshold = 300 (default)
2019-09-26 13:23:01,733 [pool-587-thread-1] INFO  server.RaftServerConfigKeys (ConfUtils.java:logGet(43)) - raft.server.log.appender.install.snapshot.enabled = false (custom)
2019-09-26 13:23:01,733 [pool-587-thread-1] INFO  impl.RaftServerImpl (ServerState.java:<init>(103)) - fa1bb472-1576-4faf-80b1-ccac17e16c4f@group-B4814838B5EC: ConfigurationManager, init=-1: [fa1bb472-1576-4faf-80b1-ccac17e16c4f:192.168.164.238:32981], old=null, confs=<EMPTY_MAP>
2019-09-26 13:23:01,734 [pool-587-thread-1] INFO  server.RaftServerConfigKeys (ConfUtils.java:logGet(43)) - raft.server.storage.dir = [/workdir/hadoop-ozone/ozonefs/target/test-dir/MiniOzoneClusterImpl-65334931-5d7a-4f00-a9a9-1cddd3067b9f/datanode-1/data/ratis] (custom)
2019-09-26 13:23:01,734 [pool-587-thread-1] INFO  storage.RaftStorageDirectory (RaftStorageDirectory.java:analyzeStorage(246)) - The storage directory /workdir/hadoop-ozone/ozonefs/target/test-dir/MiniOzoneClusterImpl-65334931-5d7a-4f00-a9a9-1cddd3067b9f/datanode-1/data/ratis/150288a9-3466-4d0c-9d4a-b4814838b5ec does not exist. Creating ...
2019-09-26 13:23:01,758 [pool-587-thread-1] INFO  storage.RaftStorageDirectory (RaftStorageDirectory.java:tryLock(328)) - Lock on /workdir/hadoop-ozone/ozonefs/target/test-dir/MiniOzoneClusterImpl-65334931-5d7a-4f00-a9a9-1cddd3067b9f/datanode-1/data/ratis/150288a9-3466-4d0c-9d4a-b4814838b5ec/in_use.lock acquired by nodename 20384@pr-hdds-1569-87zkn-1081879488
2019-09-26 13:23:01,771 [pool-587-thread-1] INFO  storage.RaftStorage (RaftStorage.java:format(72)) - Storage directory /workdir/hadoop-ozone/ozonefs/target/test-dir/MiniOzoneClusterImpl-65334931-5d7a-4f00-a9a9-1cddd3067b9f/datanode-1/data/ratis/150288a9-3466-4d0c-9d4a-b4814838b5ec has been successfully formatted.
2019-09-26 13:23:01,771 [pool-587-thread-1] INFO  ratis.ContainerStateMachine (ContainerStateMachine.java:loadSnapshot(230)) - group-B4814838B5EC: The snapshot info is null. Setting the last applied indexto:(t:0, i:~)
2019-09-26 13:23:01,771 [pool-587-thread-1] INFO  server.RaftServerConfigKeys (ConfUtils.java:logGet(43)) - raft.server.notification.no-leader.timeout = 120s (custom)
2019-09-26 13:23:01,771 [pool-587-thread-1] INFO  server.RaftServerConfigKeys (ConfUtils.java:logGet(43)) - raft.server.log.use.memory = false (default)
2019-09-26 13:23:01,771 [pool-587-thread-1] INFO  server.RaftServerConfigKeys (ConfUtils.java:logGet(43)) - raft.server.log.purge.gap = 1000000 (custom)
2019-09-26 13:23:01,771 [pool-587-thread-1] INFO  server.RaftServerConfigKeys (ConfUtils.java:logGet(43)) - raft.server.log.appender.buffer.byte-limit = 33554432 (custom)
2019-09-26 13:23:01,771 [pool-587-thread-1] INFO  server.RaftServerConfigKeys (ConfUtils.java:logGet(43)) - raft.server.log.segment.size.max = 1048576 (custom)
2019-09-26 13:23:01,771 [pool-587-thread-1] INFO  server.RaftServerConfigKeys (ConfUtils.java:logGet(43)) - raft.server.log.segment.cache.num.max = 2 (custom)
2019-09-26 13:23:01,772 [pool-587-thread-1] INFO  segmented.SegmentedRaftLogWorker (SegmentedRaftLogWorker.java:<init>(172)) - new fa1bb472-1576-4faf-80b1-ccac17e16c4f@group-B4814838B5EC-SegmentedRaftLogWorker for RaftStorage:Storage Directory /workdir/hadoop-ozone/ozonefs/target/test-dir/MiniOzoneClusterImpl-65334931-5d7a-4f00-a9a9-1cddd3067b9f/datanode-1/data/ratis/150288a9-3466-4d0c-9d4a-b4814838b5ec
2019-09-26 13:23:01,772 [pool-587-thread-1] INFO  server.RaftServerConfigKeys (ConfUtils.java:logGet(43)) - raft.server.log.queue.byte-limit = 2147483647 (custom)
2019-09-26 13:23:01,772 [pool-587-thread-1] INFO  server.RaftServerConfigKeys (ConfUtils.java:logGet(43)) - raft.server.log.queue.element-limit = 1024 (custom)
2019-09-26 13:23:01,772 [pool-587-thread-1] INFO  server.RaftServerConfigKeys (ConfUtils.java:logGet(43)) - raft.server.log.segment.size.max = 1048576 (custom)
2019-09-26 13:23:01,772 [pool-587-thread-1] INFO  server.RaftServerConfigKeys (ConfUtils.java:logGet(43)) - raft.server.log.preallocated.size = 16384 (custom)
2019-09-26 13:23:01,772 [pool-587-thread-1] INFO  server.RaftServerConfigKeys (ConfUtils.java:logGet(43)) - raft.server.log.write.buffer.size = 33554432 (custom)
2019-09-26 13:23:01,772 [pool-587-thread-1] INFO  server.RaftServerConfigKeys (ConfUtils.java:logGet(43)) - raft.server.log.force.sync.num = 128 (default)
2019-09-26 13:23:01,772 [pool-587-thread-1] INFO  server.RaftServerConfigKeys (ConfUtils.java:logGet(43)) - raft.server.log.statemachine.data.sync = true (default)
2019-09-26 13:23:01,772 [pool-587-thread-1] INFO  server.RaftServerConfigKeys (ConfUtils.java:logGet(43)) - raft.server.log.statemachine.data.sync.timeout = 10s (default)
2019-09-26 13:23:01,772 [pool-587-thread-1] INFO  server.RaftServerConfigKeys (ConfUtils.java:logGet(43)) - raft.server.log.statemachine.data.sync.timeout.retry = -1 (default)
2019-09-26 13:23:01,773 [pool-587-thread-1] INFO  server.RaftServerConfigKeys (ConfUtils.java:logGet(43)) - raft.server.log.statemachine.data.caching.enabled = true (custom)
2019-09-26 13:23:01,773 [pool-587-thread-1] INFO  segmented.SegmentedRaftLogWorker (SegmentedRaftLogWorker.java:lambda$new$0(132)) - fa1bb472-1576-4faf-80b1-ccac17e16c4f@group-B4814838B5EC-SegmentedRaftLogWorker: flushIndex: setUnconditionally 0 -> -1
2019-09-26 13:23:01,773 [pool-587-thread-1] INFO  server.RaftServerConfigKeys (ConfUtils.java:logGet(43)) - raft.server.snapshot.auto.trigger.enabled = true (custom)
2019-09-26 13:23:01,773 [pool-587-thread-1] INFO  server.RaftServerConfigKeys (ConfUtils.java:logGet(43)) - raft.server.snapshot.auto.trigger.threshold = 10000 (custom)
2019-09-26 13:23:01,773 [pool-587-thread-1] INFO  server.RaftServerConfigKeys (ConfUtils.java:logGet(43)) - raft.server.snapshot.retention.num.files = 5 (custom)
2019-09-26 13:23:01,773 [pool-587-thread-1] INFO  server.RaftServerConfigKeys (ConfUtils.java:logGet(43)) - raft.server.retrycache.expirytime = 600000ms (custom)
2019-09-26 13:23:01,775 [pool-587-thread-1] INFO  impl.RaftServerImpl (RaftServerImpl.java:start(185)) - fa1bb472-1576-4faf-80b1-ccac17e16c4f@group-B4814838B5EC: start as a follower, conf=-1: [fa1bb472-1576-4faf-80b1-ccac17e16c4f:192.168.164.238:32981], old=null
2019-09-26 13:23:01,775 [pool-587-thread-1] INFO  impl.RaftServerImpl (RaftServerImpl.java:setRole(174)) - fa1bb472-1576-4faf-80b1-ccac17e16c4f@group-B4814838B5EC: changes role from      null to FOLLOWER at term 0 for startAsFollower
2019-09-26 13:23:01,775 [pool-587-thread-1] INFO  impl.RoleInfo (RoleInfo.java:updateAndGet(143)) - fa1bb472-1576-4faf-80b1-ccac17e16c4f: start FollowerState
2019-09-26 13:23:01,775 [pool-587-thread-1] INFO  util.JmxRegister (JmxRegister.java:tryRegister(44)) - Successfully registered JMX Bean with object name Ratis:service=RaftServer,group=group-B4814838B5EC,id=fa1bb472-1576-4faf-80b1-ccac17e16c4f
2019-09-26 13:23:01,778 [RatisPipelineUtilsThread] INFO  pipeline.PipelineStateManager (PipelineStateManager.java:addPipeline(56)) - Created pipeline Pipeline[ Id: 150288a9-3466-4d0c-9d4a-b4814838b5ec, Nodes: fa1bb472-1576-4faf-80b1-ccac17e16c4f{ip: 192.168.164.238, host: pr-hdds-1569-87zkn-1081879488, networkLocation: /default-rack, certSerialId: null}, Type:RATIS, Factor:ONE, State:OPEN]
2019-09-26 13:23:01,778 [RatisPipelineUtilsThread] INFO  pipeline.PipelinePlacementPolicy (PipelinePlacementPolicy.java:meetCriteria(91)) - Pipeline Placement: can't place more pipeline on heavy datanode： df29ace5-11ac-4506-8343-2185a80235e7 Heaviness: 6 limit: 5
2019-09-26 13:23:01,778 [RatisPipelineUtilsThread] INFO  pipeline.PipelinePlacementPolicy (PipelinePlacementPolicy.java:meetCriteria(91)) - Pipeline Placement: can't place more pipeline on heavy datanode： 0960db07-db6c-4a00-837c-4772f3756226 Heaviness: 6 limit: 5
2019-09-26 13:23:01,783 [grpc-default-executor-0] INFO  impl.RaftServerProxy (RaftServerProxy.java:addNew(89)) - fa1bb472-1576-4faf-80b1-ccac17e16c4f: addNew group-DABA261B5A8A:[fa1bb472-1576-4faf-80b1-ccac17e16c4f:192.168.164.238:32981] returns group-DABA261B5A8A:java.util.concurrent.CompletableFuture@15c4c4d9[Not completed]
2019-09-26 13:23:01,784 [pool-587-thread-1] INFO  impl.RaftServerImpl (RaftServerImpl.java:<init>(95)) - fa1bb472-1576-4faf-80b1-ccac17e16c4f: new RaftServerImpl for group-DABA261B5A8A:[fa1bb472-1576-4faf-80b1-ccac17e16c4f:192.168.164.238:32981] with ContainerStateMachine:uninitialized
2019-09-26 13:23:01,784 [pool-587-thread-1] INFO  server.RaftServerConfigKeys (ConfUtils.java:logGet(43)) - raft.server.rpc.timeout.min = 5s (custom)
2019-09-26 13:23:01,784 [pool-587-thread-1] INFO  server.RaftServerConfigKeys (ConfUtils.java:logGet(43)) - raft.server.rpc.timeout.max = 5200ms (custom)
2019-09-26 13:23:01,785 [pool-587-thread-1] INFO  server.RaftServerConfigKeys (ConfUtils.java:logGet(43)) - raft.server.rpcslowness.timeout = 120s (custom)
2019-09-26 13:23:01,785 [pool-587-thread-1] INFO  server.RaftServerConfigKeys (ConfUtils.java:logGet(43)) - raft.server.sleep.deviation.threshold = 300 (default)
2019-09-26 13:23:01,785 [pool-587-thread-1] INFO  server.RaftServerConfigKeys (ConfUtils.java:logGet(43)) - raft.server.log.appender.install.snapshot.enabled = false (custom)
2019-09-26 13:23:01,785 [pool-587-thread-1] INFO  impl.RaftServerImpl (ServerState.java:<init>(103)) - fa1bb472-1576-4faf-80b1-ccac17e16c4f@group-DABA261B5A8A: ConfigurationManager, init=-1: [fa1bb472-1576-4faf-80b1-ccac17e16c4f:192.168.164.238:32981], old=null, confs=<EMPTY_MAP>
2019-09-26 13:23:01,785 [pool-587-thread-1] INFO  server.RaftServerConfigKeys (ConfUtils.java:logGet(43)) - raft.server.storage.dir = [/workdir/hadoop-ozone/ozonefs/target/test-dir/MiniOzoneClusterImpl-65334931-5d7a-4f00-a9a9-1cddd3067b9f/datanode-1/data/ratis] (custom)
2019-09-26 13:23:01,786 [pool-587-thread-1] INFO  storage.RaftStorageDirectory (RaftStorageDirectory.java:analyzeStorage(246)) - The storage directory /workdir/hadoop-ozone/ozonefs/target/test-dir/MiniOzoneClusterImpl-65334931-5d7a-4f00-a9a9-1cddd3067b9f/datanode-1/data/ratis/d0a77e5d-26a7-4cc2-a910-daba261b5a8a does not exist. Creating ...
2019-09-26 13:23:01,798 [pool-587-thread-1] INFO  storage.RaftStorageDirectory (RaftStorageDirectory.java:tryLock(328)) - Lock on /workdir/hadoop-ozone/ozonefs/target/test-dir/MiniOzoneClusterImpl-65334931-5d7a-4f00-a9a9-1cddd3067b9f/datanode-1/data/ratis/d0a77e5d-26a7-4cc2-a910-daba261b5a8a/in_use.lock acquired by nodename 20384@pr-hdds-1569-87zkn-1081879488
2019-09-26 13:23:01,811 [pool-587-thread-1] INFO  storage.RaftStorage (RaftStorage.java:format(72)) - Storage directory /workdir/hadoop-ozone/ozonefs/target/test-dir/MiniOzoneClusterImpl-65334931-5d7a-4f00-a9a9-1cddd3067b9f/datanode-1/data/ratis/d0a77e5d-26a7-4cc2-a910-daba261b5a8a has been successfully formatted.
2019-09-26 13:23:01,811 [pool-587-thread-1] INFO  ratis.ContainerStateMachine (ContainerStateMachine.java:loadSnapshot(230)) - group-DABA261B5A8A: The snapshot info is null. Setting the last applied indexto:(t:0, i:~)
2019-09-26 13:23:01,811 [pool-587-thread-1] INFO  server.RaftServerConfigKeys (ConfUtils.java:logGet(43)) - raft.server.notification.no-leader.timeout = 120s (custom)
2019-09-26 13:23:01,811 [pool-587-thread-1] INFO  server.RaftServerConfigKeys (ConfUtils.java:logGet(43)) - raft.server.log.use.memory = false (default)
2019-09-26 13:23:01,812 [pool-587-thread-1] INFO  server.RaftServerConfigKeys (ConfUtils.java:logGet(43)) - raft.server.log.purge.gap = 1000000 (custom)
2019-09-26 13:23:01,812 [pool-587-thread-1] INFO  server.RaftServerConfigKeys (ConfUtils.java:logGet(43)) - raft.server.log.appender.buffer.byte-limit = 33554432 (custom)
2019-09-26 13:23:01,812 [pool-587-thread-1] INFO  server.RaftServerConfigKeys (ConfUtils.java:logGet(43)) - raft.server.log.segment.size.max = 1048576 (custom)
2019-09-26 13:23:01,812 [pool-587-thread-1] INFO  server.RaftServerConfigKeys (ConfUtils.java:logGet(43)) - raft.server.log.segment.cache.num.max = 2 (custom)
2019-09-26 13:23:01,812 [pool-587-thread-1] INFO  segmented.SegmentedRaftLogWorker (SegmentedRaftLogWorker.java:<init>(172)) - new fa1bb472-1576-4faf-80b1-ccac17e16c4f@group-DABA261B5A8A-SegmentedRaftLogWorker for RaftStorage:Storage Directory /workdir/hadoop-ozone/ozonefs/target/test-dir/MiniOzoneClusterImpl-65334931-5d7a-4f00-a9a9-1cddd3067b9f/datanode-1/data/ratis/d0a77e5d-26a7-4cc2-a910-daba261b5a8a
2019-09-26 13:23:01,812 [pool-587-thread-1] INFO  server.RaftServerConfigKeys (ConfUtils.java:logGet(43)) - raft.server.log.queue.byte-limit = 2147483647 (custom)
2019-09-26 13:23:01,812 [pool-587-thread-1] INFO  server.RaftServerConfigKeys (ConfUtils.java:logGet(43)) - raft.server.log.queue.element-limit = 1024 (custom)
2019-09-26 13:23:01,812 [pool-587-thread-1] INFO  server.RaftServerConfigKeys (ConfUtils.java:logGet(43)) - raft.server.log.segment.size.max = 1048576 (custom)
2019-09-26 13:23:01,813 [pool-587-thread-1] INFO  server.RaftServerConfigKeys (ConfUtils.java:logGet(43)) - raft.server.log.preallocated.size = 16384 (custom)
2019-09-26 13:23:01,813 [pool-587-thread-1] INFO  server.RaftServerConfigKeys (ConfUtils.java:logGet(43)) - raft.server.log.write.buffer.size = 33554432 (custom)
2019-09-26 13:23:01,813 [pool-587-thread-1] INFO  server.RaftServerConfigKeys (ConfUtils.java:logGet(43)) - raft.server.log.force.sync.num = 128 (default)
2019-09-26 13:23:01,813 [pool-587-thread-1] INFO  server.RaftServerConfigKeys (ConfUtils.java:logGet(43)) - raft.server.log.statemachine.data.sync = true (default)
2019-09-26 13:23:01,813 [pool-587-thread-1] INFO  server.RaftServerConfigKeys (ConfUtils.java:logGet(43)) - raft.server.log.statemachine.data.sync.timeout = 10s (default)
2019-09-26 13:23:01,813 [pool-587-thread-1] INFO  server.RaftServerConfigKeys (ConfUtils.java:logGet(43)) - raft.server.log.statemachine.data.sync.timeout.retry = -1 (default)
2019-09-26 13:23:01,813 [pool-587-thread-1] INFO  server.RaftServerConfigKeys (ConfUtils.java:logGet(43)) - raft.server.log.statemachine.data.caching.enabled = true (custom)
2019-09-26 13:23:01,814 [pool-587-thread-1] INFO  segmented.SegmentedRaftLogWorker (SegmentedRaftLogWorker.java:lambda$new$0(132)) - fa1bb472-1576-4faf-80b1-ccac17e16c4f@group-DABA261B5A8A-SegmentedRaftLogWorker: flushIndex: setUnconditionally 0 -> -1
2019-09-26 13:23:01,814 [pool-587-thread-1] INFO  server.RaftServerConfigKeys (ConfUtils.java:logGet(43)) - raft.server.snapshot.auto.trigger.enabled = true (custom)
2019-09-26 13:23:01,814 [pool-587-thread-1] INFO  server.RaftServerConfigKeys (ConfUtils.java:logGet(43)) - raft.server.snapshot.auto.trigger.threshold = 10000 (custom)
2019-09-26 13:23:01,814 [pool-587-thread-1] INFO  server.RaftServerConfigKeys (ConfUtils.java:logGet(43)) - raft.server.snapshot.retention.num.files = 5 (custom)
2019-09-26 13:23:01,814 [pool-587-thread-1] INFO  server.RaftServerConfigKeys (ConfUtils.java:logGet(43)) - raft.server.retrycache.expirytime = 600000ms (custom)
2019-09-26 13:23:01,816 [pool-587-thread-1] INFO  impl.RaftServerImpl (RaftServerImpl.java:start(185)) - fa1bb472-1576-4faf-80b1-ccac17e16c4f@group-DABA261B5A8A: start as a follower, conf=-1: [fa1bb472-1576-4faf-80b1-ccac17e16c4f:192.168.164.238:32981], old=null
2019-09-26 13:23:01,816 [pool-587-thread-1] INFO  impl.RaftServerImpl (RaftServerImpl.java:setRole(174)) - fa1bb472-1576-4faf-80b1-ccac17e16c4f@group-DABA261B5A8A: changes role from      null to FOLLOWER at term 0 for startAsFollower
2019-09-26 13:23:01,816 [pool-587-thread-1] INFO  impl.RoleInfo (RoleInfo.java:updateAndGet(143)) - fa1bb472-1576-4faf-80b1-ccac17e16c4f: start FollowerState
2019-09-26 13:23:01,816 [pool-587-thread-1] INFO  util.JmxRegister (JmxRegister.java:tryRegister(44)) - Successfully registered JMX Bean with object name Ratis:service=RaftServer,group=group-DABA261B5A8A,id=fa1bb472-1576-4faf-80b1-ccac17e16c4f
2019-09-26 13:23:01,819 [RatisPipelineUtilsThread] INFO  pipeline.PipelineStateManager (PipelineStateManager.java:addPipeline(56)) - Created pipeline Pipeline[ Id: d0a77e5d-26a7-4cc2-a910-daba261b5a8a, Nodes: fa1bb472-1576-4faf-80b1-ccac17e16c4f{ip: 192.168.164.238, host: pr-hdds-1569-87zkn-1081879488, networkLocation: /default-rack, certSerialId: null}, Type:RATIS, Factor:ONE, State:OPEN]
2019-09-26 13:23:01,819 [RatisPipelineUtilsThread] INFO  pipeline.PipelinePlacementPolicy (PipelinePlacementPolicy.java:meetCriteria(91)) - Pipeline Placement: can't place more pipeline on heavy datanode： df29ace5-11ac-4506-8343-2185a80235e7 Heaviness: 6 limit: 5
2019-09-26 13:23:01,819 [RatisPipelineUtilsThread] INFO  pipeline.PipelinePlacementPolicy (PipelinePlacementPolicy.java:meetCriteria(91)) - Pipeline Placement: can't place more pipeline on heavy datanode： 0960db07-db6c-4a00-837c-4772f3756226 Heaviness: 6 limit: 5
2019-09-26 13:23:01,823 [grpc-default-executor-0] INFO  impl.RaftServerProxy (RaftServerProxy.java:addNew(89)) - fa1bb472-1576-4faf-80b1-ccac17e16c4f: addNew group-102AC71A4AEC:[fa1bb472-1576-4faf-80b1-ccac17e16c4f:192.168.164.238:32981] returns group-102AC71A4AEC:java.util.concurrent.CompletableFuture@fd265b2[Not completed]
2019-09-26 13:23:01,825 [pool-587-thread-1] INFO  impl.RaftServerImpl (RaftServerImpl.java:<init>(95)) - fa1bb472-1576-4faf-80b1-ccac17e16c4f: new RaftServerImpl for group-102AC71A4AEC:[fa1bb472-1576-4faf-80b1-ccac17e16c4f:192.168.164.238:32981] with ContainerStateMachine:uninitialized
2019-09-26 13:23:01,825 [pool-587-thread-1] INFO  server.RaftServerConfigKeys (ConfUtils.java:logGet(43)) - raft.server.rpc.timeout.min = 5s (custom)
2019-09-26 13:23:01,825 [pool-587-thread-1] INFO  server.RaftServerConfigKeys (ConfUtils.java:logGet(43)) - raft.server.rpc.timeout.max = 5200ms (custom)
2019-09-26 13:23:01,825 [pool-587-thread-1] INFO  server.RaftServerConfigKeys (ConfUtils.java:logGet(43)) - raft.server.rpcslowness.timeout = 120s (custom)
2019-09-26 13:23:01,825 [pool-587-thread-1] INFO  server.RaftServerConfigKeys (ConfUtils.java:logGet(43)) - raft.server.sleep.deviation.threshold = 300 (default)
2019-09-26 13:23:01,825 [pool-587-thread-1] INFO  server.RaftServerConfigKeys (ConfUtils.java:logGet(43)) - raft.server.log.appender.install.snapshot.enabled = false (custom)
2019-09-26 13:23:01,825 [pool-587-thread-1] INFO  impl.RaftServerImpl (ServerState.java:<init>(103)) - fa1bb472-1576-4faf-80b1-ccac17e16c4f@group-102AC71A4AEC: ConfigurationManager, init=-1: [fa1bb472-1576-4faf-80b1-ccac17e16c4f:192.168.164.238:32981], old=null, confs=<EMPTY_MAP>
2019-09-26 13:23:01,825 [pool-587-thread-1] INFO  server.RaftServerConfigKeys (ConfUtils.java:logGet(43)) - raft.server.storage.dir = [/workdir/hadoop-ozone/ozonefs/target/test-dir/MiniOzoneClusterImpl-65334931-5d7a-4f00-a9a9-1cddd3067b9f/datanode-1/data/ratis] (custom)
2019-09-26 13:23:01,826 [pool-587-thread-1] INFO  storage.RaftStorageDirectory (RaftStorageDirectory.java:analyzeStorage(246)) - The storage directory /workdir/hadoop-ozone/ozonefs/target/test-dir/MiniOzoneClusterImpl-65334931-5d7a-4f00-a9a9-1cddd3067b9f/datanode-1/data/ratis/e184592e-5e47-4dc3-9c7d-102ac71a4aec does not exist. Creating ...
2019-09-26 13:23:01,838 [pool-587-thread-1] INFO  storage.RaftStorageDirectory (RaftStorageDirectory.java:tryLock(328)) - Lock on /workdir/hadoop-ozone/ozonefs/target/test-dir/MiniOzoneClusterImpl-65334931-5d7a-4f00-a9a9-1cddd3067b9f/datanode-1/data/ratis/e184592e-5e47-4dc3-9c7d-102ac71a4aec/in_use.lock acquired by nodename 20384@pr-hdds-1569-87zkn-1081879488
2019-09-26 13:23:01,851 [pool-587-thread-1] INFO  storage.RaftStorage (RaftStorage.java:format(72)) - Storage directory /workdir/hadoop-ozone/ozonefs/target/test-dir/MiniOzoneClusterImpl-65334931-5d7a-4f00-a9a9-1cddd3067b9f/datanode-1/data/ratis/e184592e-5e47-4dc3-9c7d-102ac71a4aec has been successfully formatted.
2019-09-26 13:23:01,851 [pool-587-thread-1] INFO  ratis.ContainerStateMachine (ContainerStateMachine.java:loadSnapshot(230)) - group-102AC71A4AEC: The snapshot info is null. Setting the last applied indexto:(t:0, i:~)
2019-09-26 13:23:01,851 [pool-587-thread-1] INFO  server.RaftServerConfigKeys (ConfUtils.java:logGet(43)) - raft.server.notification.no-leader.timeout = 120s (custom)
2019-09-26 13:23:01,851 [pool-587-thread-1] INFO  server.RaftServerConfigKeys (ConfUtils.java:logGet(43)) - raft.server.log.use.memory = false (default)
2019-09-26 13:23:01,852 [pool-587-thread-1] INFO  server.RaftServerConfigKeys (ConfUtils.java:logGet(43)) - raft.server.log.purge.gap = 1000000 (custom)
2019-09-26 13:23:01,852 [pool-587-thread-1] INFO  server.RaftServerConfigKeys (ConfUtils.java:logGet(43)) - raft.server.log.appender.buffer.byte-limit = 33554432 (custom)
2019-09-26 13:23:01,852 [pool-587-thread-1] INFO  server.RaftServerConfigKeys (ConfUtils.java:logGet(43)) - raft.server.log.segment.size.max = 1048576 (custom)
2019-09-26 13:23:01,852 [pool-587-thread-1] INFO  server.RaftServerConfigKeys (ConfUtils.java:logGet(43)) - raft.server.log.segment.cache.num.max = 2 (custom)
2019-09-26 13:23:01,852 [pool-587-thread-1] INFO  segmented.SegmentedRaftLogWorker (SegmentedRaftLogWorker.java:<init>(172)) - new fa1bb472-1576-4faf-80b1-ccac17e16c4f@group-102AC71A4AEC-SegmentedRaftLogWorker for RaftStorage:Storage Directory /workdir/hadoop-ozone/ozonefs/target/test-dir/MiniOzoneClusterImpl-65334931-5d7a-4f00-a9a9-1cddd3067b9f/datanode-1/data/ratis/e184592e-5e47-4dc3-9c7d-102ac71a4aec
2019-09-26 13:23:01,852 [pool-587-thread-1] INFO  server.RaftServerConfigKeys (ConfUtils.java:logGet(43)) - raft.server.log.queue.byte-limit = 2147483647 (custom)
2019-09-26 13:23:01,852 [pool-587-thread-1] INFO  server.RaftServerConfigKeys (ConfUtils.java:logGet(43)) - raft.server.log.queue.element-limit = 1024 (custom)
2019-09-26 13:23:01,852 [pool-587-thread-1] INFO  server.RaftServerConfigKeys (ConfUtils.java:logGet(43)) - raft.server.log.segment.size.max = 1048576 (custom)
2019-09-26 13:23:01,852 [pool-587-thread-1] INFO  server.RaftServerConfigKeys (ConfUtils.java:logGet(43)) - raft.server.log.preallocated.size = 16384 (custom)
2019-09-26 13:23:01,852 [pool-587-thread-1] INFO  server.RaftServerConfigKeys (ConfUtils.java:logGet(43)) - raft.server.log.write.buffer.size = 33554432 (custom)
2019-09-26 13:23:01,852 [pool-587-thread-1] INFO  server.RaftServerConfigKeys (ConfUtils.java:logGet(43)) - raft.server.log.force.sync.num = 128 (default)
2019-09-26 13:23:01,853 [pool-587-thread-1] INFO  server.RaftServerConfigKeys (ConfUtils.java:logGet(43)) - raft.server.log.statemachine.data.sync = true (default)
2019-09-26 13:23:01,853 [pool-587-thread-1] INFO  server.RaftServerConfigKeys (ConfUtils.java:logGet(43)) - raft.server.log.statemachine.data.sync.timeout = 10s (default)
2019-09-26 13:23:01,853 [pool-587-thread-1] INFO  server.RaftServerConfigKeys (ConfUtils.java:logGet(43)) - raft.server.log.statemachine.data.sync.timeout.retry = -1 (default)
2019-09-26 13:23:01,853 [pool-587-thread-1] INFO  server.RaftServerConfigKeys (ConfUtils.java:logGet(43)) - raft.server.log.statemachine.data.caching.enabled = true (custom)
2019-09-26 13:23:01,853 [pool-587-thread-1] INFO  segmented.SegmentedRaftLogWorker (SegmentedRaftLogWorker.java:lambda$new$0(132)) - fa1bb472-1576-4faf-80b1-ccac17e16c4f@group-102AC71A4AEC-SegmentedRaftLogWorker: flushIndex: setUnconditionally 0 -> -1
2019-09-26 13:23:01,853 [pool-587-thread-1] INFO  server.RaftServerConfigKeys (ConfUtils.java:logGet(43)) - raft.server.snapshot.auto.trigger.enabled = true (custom)
2019-09-26 13:23:01,853 [pool-587-thread-1] INFO  server.RaftServerConfigKeys (ConfUtils.java:logGet(43)) - raft.server.snapshot.auto.trigger.threshold = 10000 (custom)
2019-09-26 13:23:01,854 [pool-587-thread-1] INFO  server.RaftServerConfigKeys (ConfUtils.java:logGet(43)) - raft.server.snapshot.retention.num.files = 5 (custom)
2019-09-26 13:23:01,854 [pool-587-thread-1] INFO  server.RaftServerConfigKeys (ConfUtils.java:logGet(43)) - raft.server.retrycache.expirytime = 600000ms (custom)
2019-09-26 13:23:01,856 [pool-587-thread-1] INFO  impl.RaftServerImpl (RaftServerImpl.java:start(185)) - fa1bb472-1576-4faf-80b1-ccac17e16c4f@group-102AC71A4AEC: start as a follower, conf=-1: [fa1bb472-1576-4faf-80b1-ccac17e16c4f:192.168.164.238:32981], old=null
2019-09-26 13:23:01,856 [pool-587-thread-1] INFO  impl.RaftServerImpl (RaftServerImpl.java:setRole(174)) - fa1bb472-1576-4faf-80b1-ccac17e16c4f@group-102AC71A4AEC: changes role from      null to FOLLOWER at term 0 for startAsFollower
2019-09-26 13:23:01,856 [pool-587-thread-1] INFO  impl.RoleInfo (RoleInfo.java:updateAndGet(143)) - fa1bb472-1576-4faf-80b1-ccac17e16c4f: start FollowerState
2019-09-26 13:23:01,856 [pool-587-thread-1] INFO  util.JmxRegister (JmxRegister.java:tryRegister(44)) - Successfully registered JMX Bean with object name Ratis:service=RaftServer,group=group-102AC71A4AEC,id=fa1bb472-1576-4faf-80b1-ccac17e16c4f
2019-09-26 13:23:01,859 [RatisPipelineUtilsThread] INFO  pipeline.PipelineStateManager (PipelineStateManager.java:addPipeline(56)) - Created pipeline Pipeline[ Id: e184592e-5e47-4dc3-9c7d-102ac71a4aec, Nodes: fa1bb472-1576-4faf-80b1-ccac17e16c4f{ip: 192.168.164.238, host: pr-hdds-1569-87zkn-1081879488, networkLocation: /default-rack, certSerialId: null}, Type:RATIS, Factor:ONE, State:OPEN]
2019-09-26 13:23:01,859 [RatisPipelineUtilsThread] INFO  pipeline.PipelinePlacementPolicy (PipelinePlacementPolicy.java:meetCriteria(91)) - Pipeline Placement: can't place more pipeline on heavy datanode： fa1bb472-1576-4faf-80b1-ccac17e16c4f Heaviness: 6 limit: 5
2019-09-26 13:23:01,859 [RatisPipelineUtilsThread] INFO  pipeline.PipelinePlacementPolicy (PipelinePlacementPolicy.java:meetCriteria(91)) - Pipeline Placement: can't place more pipeline on heavy datanode： df29ace5-11ac-4506-8343-2185a80235e7 Heaviness: 6 limit: 5
2019-09-26 13:23:01,860 [RatisPipelineUtilsThread] INFO  pipeline.PipelinePlacementPolicy (PipelinePlacementPolicy.java:meetCriteria(91)) - Pipeline Placement: can't place more pipeline on heavy datanode： 0960db07-db6c-4a00-837c-4772f3756226 Heaviness: 6 limit: 5
2019-09-26 13:23:01,860 [RatisPipelineUtilsThread] ERROR pipeline.PipelinePlacementPolicy (PipelinePlacementPolicy.java:filterViableNodes(148)) - Unable to find enough nodes that meet the criteria that cannot engage in more than 5 pipelines. Nodes required: 1 Found: 0, healthy nodes count inNodeManager: 3.
2019-09-26 13:23:01,860 [RatisPipelineUtilsThread] ERROR pipeline.SCMPipelineManager (SCMPipelineManager.java:createPipeline(167)) - Pipeline creation failed.
org.apache.hadoop.hdds.scm.exceptions.SCMException: Unable to find enough nodes that meet the criteria that cannot engage in more than 5 pipelines. Nodes required: 1 Found: 0, healthy nodes count inNodeManager: 3.
	at org.apache.hadoop.hdds.scm.pipeline.PipelinePlacementPolicy.filterViableNodes(PipelinePlacementPolicy.java:149)
	at org.apache.hadoop.hdds.scm.pipeline.PipelinePlacementPolicy.chooseDatanodes(PipelinePlacementPolicy.java:172)
	at org.apache.hadoop.hdds.scm.pipeline.RatisPipelineProvider.create(RatisPipelineProvider.java:93)
	at org.apache.hadoop.hdds.scm.pipeline.PipelineFactory.create(PipelineFactory.java:58)
	at org.apache.hadoop.hdds.scm.pipeline.SCMPipelineManager.createPipeline(SCMPipelineManager.java:155)
	at org.apache.hadoop.hdds.scm.pipeline.BackgroundPipelineCreator.createPipelines(BackgroundPipelineCreator.java:99)
	at java.util.concurrent.Executors$RunnableAdapter.call(Executors.java:511)
	at java.util.concurrent.FutureTask.run(FutureTask.java:266)
	at java.util.concurrent.ScheduledThreadPoolExecutor$ScheduledFutureTask.access$201(ScheduledThreadPoolExecutor.java:180)
	at java.util.concurrent.ScheduledThreadPoolExecutor$ScheduledFutureTask.run(ScheduledThreadPoolExecutor.java:293)
	at java.util.concurrent.ThreadPoolExecutor.runWorker(ThreadPoolExecutor.java:1149)
	at java.util.concurrent.ThreadPoolExecutor$Worker.run(ThreadPoolExecutor.java:624)
	at java.lang.Thread.run(Thread.java:748)
2019-09-26 13:23:01,860 [RatisPipelineUtilsThread] INFO  pipeline.PipelinePlacementPolicy (PipelinePlacementPolicy.java:meetCriteria(91)) - Pipeline Placement: can't place more pipeline on heavy datanode： fa1bb472-1576-4faf-80b1-ccac17e16c4f Heaviness: 6 limit: 5
2019-09-26 13:23:01,860 [RatisPipelineUtilsThread] INFO  pipeline.PipelinePlacementPolicy (PipelinePlacementPolicy.java:meetCriteria(91)) - Pipeline Placement: can't place more pipeline on heavy datanode： df29ace5-11ac-4506-8343-2185a80235e7 Heaviness: 6 limit: 5
2019-09-26 13:23:01,860 [RatisPipelineUtilsThread] INFO  pipeline.PipelinePlacementPolicy (PipelinePlacementPolicy.java:meetCriteria(91)) - Pipeline Placement: can't place more pipeline on heavy datanode： 0960db07-db6c-4a00-837c-4772f3756226 Heaviness: 6 limit: 5
2019-09-26 13:23:01,860 [RatisPipelineUtilsThread] ERROR pipeline.PipelinePlacementPolicy (PipelinePlacementPolicy.java:filterViableNodes(148)) - Unable to find enough nodes that meet the criteria that cannot engage in more than 5 pipelines. Nodes required: 3 Found: 0, healthy nodes count inNodeManager: 3.
2019-09-26 13:23:01,861 [RatisPipelineUtilsThread] ERROR pipeline.SCMPipelineManager (SCMPipelineManager.java:createPipeline(167)) - Pipeline creation failed.
org.apache.hadoop.hdds.scm.exceptions.SCMException: Unable to find enough nodes that meet the criteria that cannot engage in more than 5 pipelines. Nodes required: 3 Found: 0, healthy nodes count inNodeManager: 3.
	at org.apache.hadoop.hdds.scm.pipeline.PipelinePlacementPolicy.filterViableNodes(PipelinePlacementPolicy.java:149)
	at org.apache.hadoop.hdds.scm.pipeline.PipelinePlacementPolicy.chooseDatanodes(PipelinePlacementPolicy.java:172)
	at org.apache.hadoop.hdds.scm.pipeline.RatisPipelineProvider.create(RatisPipelineProvider.java:93)
	at org.apache.hadoop.hdds.scm.pipeline.PipelineFactory.create(PipelineFactory.java:58)
	at org.apache.hadoop.hdds.scm.pipeline.SCMPipelineManager.createPipeline(SCMPipelineManager.java:155)
	at org.apache.hadoop.hdds.scm.pipeline.BackgroundPipelineCreator.createPipelines(BackgroundPipelineCreator.java:99)
	at java.util.concurrent.Executors$RunnableAdapter.call(Executors.java:511)
	at java.util.concurrent.FutureTask.run(FutureTask.java:266)
	at java.util.concurrent.ScheduledThreadPoolExecutor$ScheduledFutureTask.access$201(ScheduledThreadPoolExecutor.java:180)
	at java.util.concurrent.ScheduledThreadPoolExecutor$ScheduledFutureTask.run(ScheduledThreadPoolExecutor.java:293)
	at java.util.concurrent.ThreadPoolExecutor.runWorker(ThreadPoolExecutor.java:1149)
	at java.util.concurrent.ThreadPoolExecutor$Worker.run(ThreadPoolExecutor.java:624)
	at java.lang.Thread.run(Thread.java:748)
2019-09-26 13:23:01,861 [RatisPipelineUtilsThread] INFO  pipeline.PipelinePlacementPolicy (PipelinePlacementPolicy.java:meetCriteria(91)) - Pipeline Placement: can't place more pipeline on heavy datanode： fa1bb472-1576-4faf-80b1-ccac17e16c4f Heaviness: 6 limit: 5
2019-09-26 13:23:01,861 [RatisPipelineUtilsThread] INFO  pipeline.PipelinePlacementPolicy (PipelinePlacementPolicy.java:meetCriteria(91)) - Pipeline Placement: can't place more pipeline on heavy datanode： df29ace5-11ac-4506-8343-2185a80235e7 Heaviness: 6 limit: 5
2019-09-26 13:23:01,861 [RatisPipelineUtilsThread] INFO  pipeline.PipelinePlacementPolicy (PipelinePlacementPolicy.java:meetCriteria(91)) - Pipeline Placement: can't place more pipeline on heavy datanode： 0960db07-db6c-4a00-837c-4772f3756226 Heaviness: 6 limit: 5
2019-09-26 13:23:01,861 [RatisPipelineUtilsThread] ERROR pipeline.PipelinePlacementPolicy (PipelinePlacementPolicy.java:filterViableNodes(148)) - Unable to find enough nodes that meet the criteria that cannot engage in more than 5 pipelines. Nodes required: 1 Found: 0, healthy nodes count inNodeManager: 3.
2019-09-26 13:23:01,861 [RatisPipelineUtilsThread] ERROR pipeline.SCMPipelineManager (SCMPipelineManager.java:createPipeline(167)) - Pipeline creation failed.
org.apache.hadoop.hdds.scm.exceptions.SCMException: Unable to find enough nodes that meet the criteria that cannot engage in more than 5 pipelines. Nodes required: 1 Found: 0, healthy nodes count inNodeManager: 3.
	at org.apache.hadoop.hdds.scm.pipeline.PipelinePlacementPolicy.filterViableNodes(PipelinePlacementPolicy.java:149)
	at org.apache.hadoop.hdds.scm.pipeline.PipelinePlacementPolicy.chooseDatanodes(PipelinePlacementPolicy.java:172)
	at org.apache.hadoop.hdds.scm.pipeline.RatisPipelineProvider.create(RatisPipelineProvider.java:93)
	at org.apache.hadoop.hdds.scm.pipeline.PipelineFactory.create(PipelineFactory.java:58)
	at org.apache.hadoop.hdds.scm.pipeline.SCMPipelineManager.createPipeline(SCMPipelineManager.java:155)
	at org.apache.hadoop.hdds.scm.pipeline.BackgroundPipelineCreator.createPipelines(BackgroundPipelineCreator.java:99)
	at org.apache.hadoop.hdds.scm.pipeline.BackgroundPipelineCreator.lambda$startFixedIntervalPipelineCreator$0(BackgroundPipelineCreator.java:70)
	at java.util.concurrent.Executors$RunnableAdapter.call(Executors.java:511)
	at java.util.concurrent.FutureTask.runAndReset(FutureTask.java:308)
	at java.util.concurrent.ScheduledThreadPoolExecutor$ScheduledFutureTask.access$301(ScheduledThreadPoolExecutor.java:180)
	at java.util.concurrent.ScheduledThreadPoolExecutor$ScheduledFutureTask.run(ScheduledThreadPoolExecutor.java:294)
	at java.util.concurrent.ThreadPoolExecutor.runWorker(ThreadPoolExecutor.java:1149)
	at java.util.concurrent.ThreadPoolExecutor$Worker.run(ThreadPoolExecutor.java:624)
	at java.lang.Thread.run(Thread.java:748)
2019-09-26 13:23:01,862 [RatisPipelineUtilsThread] INFO  pipeline.PipelinePlacementPolicy (PipelinePlacementPolicy.java:meetCriteria(91)) - Pipeline Placement: can't place more pipeline on heavy datanode： fa1bb472-1576-4faf-80b1-ccac17e16c4f Heaviness: 6 limit: 5
2019-09-26 13:23:01,862 [RatisPipelineUtilsThread] INFO  pipeline.PipelinePlacementPolicy (PipelinePlacementPolicy.java:meetCriteria(91)) - Pipeline Placement: can't place more pipeline on heavy datanode： df29ace5-11ac-4506-8343-2185a80235e7 Heaviness: 6 limit: 5
2019-09-26 13:23:01,862 [RatisPipelineUtilsThread] INFO  pipeline.PipelinePlacementPolicy (PipelinePlacementPolicy.java:meetCriteria(91)) - Pipeline Placement: can't place more pipeline on heavy datanode： 0960db07-db6c-4a00-837c-4772f3756226 Heaviness: 6 limit: 5
2019-09-26 13:23:01,862 [RatisPipelineUtilsThread] ERROR pipeline.PipelinePlacementPolicy (PipelinePlacementPolicy.java:filterViableNodes(148)) - Unable to find enough nodes that meet the criteria that cannot engage in more than 5 pipelines. Nodes required: 3 Found: 0, healthy nodes count inNodeManager: 3.
2019-09-26 13:23:01,862 [RatisPipelineUtilsThread] ERROR pipeline.SCMPipelineManager (SCMPipelineManager.java:createPipeline(167)) - Pipeline creation failed.
org.apache.hadoop.hdds.scm.exceptions.SCMException: Unable to find enough nodes that meet the criteria that cannot engage in more than 5 pipelines. Nodes required: 3 Found: 0, healthy nodes count inNodeManager: 3.
	at org.apache.hadoop.hdds.scm.pipeline.PipelinePlacementPolicy.filterViableNodes(PipelinePlacementPolicy.java:149)
	at org.apache.hadoop.hdds.scm.pipeline.PipelinePlacementPolicy.chooseDatanodes(PipelinePlacementPolicy.java:172)
	at org.apache.hadoop.hdds.scm.pipeline.RatisPipelineProvider.create(RatisPipelineProvider.java:93)
	at org.apache.hadoop.hdds.scm.pipeline.PipelineFactory.create(PipelineFactory.java:58)
	at org.apache.hadoop.hdds.scm.pipeline.SCMPipelineManager.createPipeline(SCMPipelineManager.java:155)
	at org.apache.hadoop.hdds.scm.pipeline.BackgroundPipelineCreator.createPipelines(BackgroundPipelineCreator.java:99)
	at org.apache.hadoop.hdds.scm.pipeline.BackgroundPipelineCreator.lambda$startFixedIntervalPipelineCreator$0(BackgroundPipelineCreator.java:70)
	at java.util.concurrent.Executors$RunnableAdapter.call(Executors.java:511)
	at java.util.concurrent.FutureTask.runAndReset(FutureTask.java:308)
	at java.util.concurrent.ScheduledThreadPoolExecutor$ScheduledFutureTask.access$301(ScheduledThreadPoolExecutor.java:180)
	at java.util.concurrent.ScheduledThreadPoolExecutor$ScheduledFutureTask.run(ScheduledThreadPoolExecutor.java:294)
	at java.util.concurrent.ThreadPoolExecutor.runWorker(ThreadPoolExecutor.java:1149)
	at java.util.concurrent.ThreadPoolExecutor$Worker.run(ThreadPoolExecutor.java:624)
	at java.lang.Thread.run(Thread.java:748)
2019-09-26 13:23:02,326 [main] INFO  ozone.MiniOzoneClusterImpl (MiniOzoneClusterImpl.java:lambda$waitForClusterToBeReady$0(147)) - Cluster is ready. Got 3 of 3 DN Heartbeats.
2019-09-26 13:23:02,402 [main] INFO  rpc.RpcClient (RpcClient.java:createVolume(276)) - Creating Volume: iqnettiotq, with user95981 as owner.
2019-09-26 13:23:02,405 [IPC Server handler 1 on 33359] INFO  volume.OMVolumeCreateRequest (OMVolumeCreateRequest.java:validateAndUpdateCache(189)) - created volume:iqnettiotq for user:user95981
2019-09-26 13:23:02,418 [main] INFO  rpc.RpcClient (RpcClient.java:createBucket(415)) - Creating Bucket: iqnettiotq/rmhcgktfml, with Versioning false and Storage Type set to DISK and Encryption set to false 
2019-09-26 13:23:02,454 [IPC Server handler 1 on 44552] INFO  pipeline.PipelinePlacementPolicy (PipelinePlacementPolicy.java:meetCriteria(91)) - Pipeline Placement: can't place more pipeline on heavy datanode： fa1bb472-1576-4faf-80b1-ccac17e16c4f Heaviness: 6 limit: 5
2019-09-26 13:23:02,454 [IPC Server handler 1 on 44552] INFO  pipeline.PipelinePlacementPolicy (PipelinePlacementPolicy.java:meetCriteria(91)) - Pipeline Placement: can't place more pipeline on heavy datanode： df29ace5-11ac-4506-8343-2185a80235e7 Heaviness: 6 limit: 5
2019-09-26 13:23:02,455 [IPC Server handler 1 on 44552] INFO  pipeline.PipelinePlacementPolicy (PipelinePlacementPolicy.java:meetCriteria(91)) - Pipeline Placement: can't place more pipeline on heavy datanode： 0960db07-db6c-4a00-837c-4772f3756226 Heaviness: 6 limit: 5
2019-09-26 13:23:02,455 [IPC Server handler 1 on 44552] ERROR pipeline.PipelinePlacementPolicy (PipelinePlacementPolicy.java:filterViableNodes(148)) - Unable to find enough nodes that meet the criteria that cannot engage in more than 5 pipelines. Nodes required: 3 Found: 0, healthy nodes count inNodeManager: 3.
2019-09-26 13:23:02,455 [IPC Server handler 1 on 44552] ERROR pipeline.SCMPipelineManager (SCMPipelineManager.java:createPipeline(167)) - Pipeline creation failed.
org.apache.hadoop.hdds.scm.exceptions.SCMException: Unable to find enough nodes that meet the criteria that cannot engage in more than 5 pipelines. Nodes required: 3 Found: 0, healthy nodes count inNodeManager: 3.
	at org.apache.hadoop.hdds.scm.pipeline.PipelinePlacementPolicy.filterViableNodes(PipelinePlacementPolicy.java:149)
	at org.apache.hadoop.hdds.scm.pipeline.PipelinePlacementPolicy.chooseDatanodes(PipelinePlacementPolicy.java:172)
	at org.apache.hadoop.hdds.scm.pipeline.RatisPipelineProvider.create(RatisPipelineProvider.java:93)
	at org.apache.hadoop.hdds.scm.pipeline.PipelineFactory.create(PipelineFactory.java:58)
	at org.apache.hadoop.hdds.scm.pipeline.SCMPipelineManager.createPipeline(SCMPipelineManager.java:155)
	at org.apache.hadoop.hdds.scm.block.BlockManagerImpl.allocateBlock(BlockManagerImpl.java:190)
	at org.apache.hadoop.hdds.scm.server.SCMBlockProtocolServer.allocateBlock(SCMBlockProtocolServer.java:182)
	at org.apache.hadoop.ozone.protocolPB.ScmBlockLocationProtocolServerSideTranslatorPB.allocateScmBlock(ScmBlockLocationProtocolServerSideTranslatorPB.java:183)
	at org.apache.hadoop.ozone.protocolPB.ScmBlockLocationProtocolServerSideTranslatorPB.processMessage(ScmBlockLocationProtocolServerSideTranslatorPB.java:141)
	at org.apache.hadoop.ozone.protocolPB.ScmBlockLocationProtocolServerSideTranslatorPB.send(ScmBlockLocationProtocolServerSideTranslatorPB.java:116)
	at org.apache.hadoop.hdds.protocol.proto.ScmBlockLocationProtocolProtos$ScmBlockLocationProtocolService$2.callBlockingMethod(ScmBlockLocationProtocolProtos.java:13157)
	at org.apache.hadoop.ipc.ProtobufRpcEngine$Server$ProtoBufRpcInvoker.call(ProtobufRpcEngine.java:524)
	at org.apache.hadoop.ipc.RPC$Server.call(RPC.java:1025)
	at org.apache.hadoop.ipc.Server$RpcCall.run(Server.java:876)
	at org.apache.hadoop.ipc.Server$RpcCall.run(Server.java:822)
	at java.security.AccessController.doPrivileged(Native Method)
	at javax.security.auth.Subject.doAs(Subject.java:422)
	at org.apache.hadoop.security.UserGroupInformation.doAs(UserGroupInformation.java:1730)
	at org.apache.hadoop.ipc.Server$Handler.run(Server.java:2682)
2019-09-26 13:23:02,456 [IPC Server handler 1 on 44552] WARN  block.BlockManagerImpl (BlockManagerImpl.java:allocateBlock(192)) - Pipeline creation failed for type:RATIS factor:THREE. Retrying get pipelines call once.
org.apache.hadoop.hdds.scm.exceptions.SCMException: Unable to find enough nodes that meet the criteria that cannot engage in more than 5 pipelines. Nodes required: 3 Found: 0, healthy nodes count inNodeManager: 3.
	at org.apache.hadoop.hdds.scm.pipeline.PipelinePlacementPolicy.filterViableNodes(PipelinePlacementPolicy.java:149)
	at org.apache.hadoop.hdds.scm.pipeline.PipelinePlacementPolicy.chooseDatanodes(PipelinePlacementPolicy.java:172)
	at org.apache.hadoop.hdds.scm.pipeline.RatisPipelineProvider.create(RatisPipelineProvider.java:93)
	at org.apache.hadoop.hdds.scm.pipeline.PipelineFactory.create(PipelineFactory.java:58)
	at org.apache.hadoop.hdds.scm.pipeline.SCMPipelineManager.createPipeline(SCMPipelineManager.java:155)
	at org.apache.hadoop.hdds.scm.block.BlockManagerImpl.allocateBlock(BlockManagerImpl.java:190)
	at org.apache.hadoop.hdds.scm.server.SCMBlockProtocolServer.allocateBlock(SCMBlockProtocolServer.java:182)
	at org.apache.hadoop.ozone.protocolPB.ScmBlockLocationProtocolServerSideTranslatorPB.allocateScmBlock(ScmBlockLocationProtocolServerSideTranslatorPB.java:183)
	at org.apache.hadoop.ozone.protocolPB.ScmBlockLocationProtocolServerSideTranslatorPB.processMessage(ScmBlockLocationProtocolServerSideTranslatorPB.java:141)
	at org.apache.hadoop.ozone.protocolPB.ScmBlockLocationProtocolServerSideTranslatorPB.send(ScmBlockLocationProtocolServerSideTranslatorPB.java:116)
	at org.apache.hadoop.hdds.protocol.proto.ScmBlockLocationProtocolProtos$ScmBlockLocationProtocolService$2.callBlockingMethod(ScmBlockLocationProtocolProtos.java:13157)
	at org.apache.hadoop.ipc.ProtobufRpcEngine$Server$ProtoBufRpcInvoker.call(ProtobufRpcEngine.java:524)
	at org.apache.hadoop.ipc.RPC$Server.call(RPC.java:1025)
	at org.apache.hadoop.ipc.Server$RpcCall.run(Server.java:876)
	at org.apache.hadoop.ipc.Server$RpcCall.run(Server.java:822)
	at java.security.AccessController.doPrivileged(Native Method)
	at javax.security.auth.Subject.doAs(Subject.java:422)
	at org.apache.hadoop.security.UserGroupInformation.doAs(UserGroupInformation.java:1730)
	at org.apache.hadoop.ipc.Server$Handler.run(Server.java:2682)
2019-09-26 13:23:02,456 [IPC Server handler 1 on 44552] INFO  block.BlockManagerImpl (BlockManagerImpl.java:allocateBlock(198)) - Could not find available pipeline of type:RATIS and factor:THREE even after retrying
2019-09-26 13:23:02,456 [IPC Server handler 1 on 44552] ERROR block.BlockManagerImpl (BlockManagerImpl.java:allocateBlock(222)) - Unable to allocate a block for the size: 4194304, type: RATIS, factor: THREE
2019-09-26 13:23:02,459 [main] INFO  ozone.MiniOzoneClusterImpl (MiniOzoneClusterImpl.java:shutdown(314)) - Shutting down the Mini Ozone Cluster
2019-09-26 13:23:02,460 [main] INFO  ozone.MiniOzoneClusterImpl (MiniOzoneClusterImpl.java:stop(330)) - Stopping the Mini Ozone Cluster
2019-09-26 13:23:02,460 [main] INFO  ozone.MiniOzoneClusterImpl (MiniOzoneClusterImpl.java:stopOM(400)) - Stopping the OzoneManager
2019-09-26 13:23:02,460 [main] INFO  ipc.Server (Server.java:stop(3082)) - Stopping server on 33359
2019-09-26 13:23:02,467 [IPC Server listener on 33359] INFO  ipc.Server (Server.java:run(1185)) - Stopping IPC Server listener on 33359
2019-09-26 13:23:02,468 [IPC Server Responder] INFO  ipc.Server (Server.java:run(1319)) - Stopping IPC Server Responder
2019-09-26 13:23:02,467 [main] INFO  ratis.OzoneManagerDoubleBuffer (OzoneManagerDoubleBuffer.java:stop(248)) - Stopping OMDoubleBuffer flush thread
2019-09-26 13:23:02,470 [OMDoubleBufferFlushThread] INFO  ratis.OzoneManagerDoubleBuffer (OzoneManagerDoubleBuffer.java:flushTransactions(191)) - OMDoubleBuffer flush thread OMDoubleBufferFlushThread is interrupted and will exit. OMDoubleBufferFlushThread
2019-09-26 13:23:02,470 [main] INFO  utils.BackgroundService (BackgroundService.java:shutdown(148)) - Shutting down service KeyDeletingService
2019-09-26 13:23:02,471 [main] INFO  handler.ContextHandler (ContextHandler.java:doStop(910)) - Stopped o.e.j.w.WebAppContext@31f5b923{/,null,UNAVAILABLE}{/ozoneManager}
2019-09-26 13:23:02,472 [main] INFO  server.AbstractConnector (AbstractConnector.java:doStop(318)) - Stopped ServerConnector@79e2606f{HTTP/1.1,[http/1.1]}{0.0.0.0:0}
2019-09-26 13:23:02,472 [main] INFO  handler.ContextHandler (ContextHandler.java:doStop(910)) - Stopped o.e.j.s.ServletContextHandler@2b6fcca1{/static,jar:file:/home/user/.m2/repository/org/apache/hadoop/hadoop-ozone-ozone-manager/0.5.0-SNAPSHOT/hadoop-ozone-ozone-manager-0.5.0-SNAPSHOT.jar!/webapps/static,UNAVAILABLE}
2019-09-26 13:23:02,472 [main] INFO  handler.ContextHandler (ContextHandler.java:doStop(910)) - Stopped o.e.j.s.ServletContextHandler@7c3c3d67{/logs,file:///workdir/hadoop-ozone/ozonefs/target/log,UNAVAILABLE}
2019-09-26 13:23:02,474 [main] INFO  ozone.MiniOzoneClusterImpl (MiniOzoneClusterImpl.java:stopDatanodes(377)) - Stopping the HddsDatanodes
2019-09-26 13:23:03,162 [Datanode State Machine Thread - 0] INFO  statemachine.DatanodeStateMachine (DatanodeStateMachine.java:lambda$startDaemon$0(350)) - Ozone container server started.
2019-09-26 13:23:03,246 [Datanode State Machine Thread - 0] INFO  statemachine.DatanodeStateMachine (DatanodeStateMachine.java:lambda$startDaemon$0(350)) - Ozone container server started.
2019-09-26 13:23:04,174 [Thread-3048] INFO  container.ReplicationManager (ReplicationManager.java:start(163)) - Starting Replication Monitor Thread.
2019-09-26 13:23:04,178 [ReplicationMonitor] INFO  container.ReplicationManager (ReplicationManager.java:run(226)) - Replication Monitor Thread took 1 milliseconds for processing 0 containers.
2019-09-26 13:23:06,283 [Thread-3053] INFO  impl.FollowerState (FollowerState.java:run(106)) - df29ace5-11ac-4506-8343-2185a80235e7:group-61D8717D7DCD changes to CANDIDATE, lastRpcTime:5017, electionTimeout:5017ms
2019-09-26 13:23:06,284 [Thread-3053] INFO  impl.RoleInfo (RoleInfo.java:shutdownFollowerState(121)) - df29ace5-11ac-4506-8343-2185a80235e7: shutdown FollowerState
2019-09-26 13:23:06,284 [Thread-3053] INFO  impl.RaftServerImpl (RaftServerImpl.java:setRole(174)) - df29ace5-11ac-4506-8343-2185a80235e7@group-61D8717D7DCD: changes role from  FOLLOWER to CANDIDATE at term 0 for changeToCandidate
2019-09-26 13:23:06,284 [Thread-3053] INFO  impl.RoleInfo (RoleInfo.java:updateAndGet(143)) - df29ace5-11ac-4506-8343-2185a80235e7: start LeaderElection
2019-09-26 13:23:06,302 [df29ace5-11ac-4506-8343-2185a80235e7@group-61D8717D7DCD:LeaderElection171] INFO  impl.LeaderElection (LeaderElection.java:askForVotes(182)) - df29ace5-11ac-4506-8343-2185a80235e7@group-61D8717D7DCD:LeaderElection171: begin an election at term 1 for -1: [df29ace5-11ac-4506-8343-2185a80235e7:192.168.164.238:44950], old=null
2019-09-26 13:23:06,302 [df29ace5-11ac-4506-8343-2185a80235e7@group-61D8717D7DCD:LeaderElection171] INFO  impl.RoleInfo (RoleInfo.java:shutdownLeaderElection(134)) - df29ace5-11ac-4506-8343-2185a80235e7: shutdown LeaderElection
2019-09-26 13:23:06,302 [df29ace5-11ac-4506-8343-2185a80235e7@group-61D8717D7DCD:LeaderElection171] INFO  impl.RaftServerImpl (RaftServerImpl.java:setRole(174)) - df29ace5-11ac-4506-8343-2185a80235e7@group-61D8717D7DCD: changes role from CANDIDATE to LEADER at term 1 for changeToLeader
2019-09-26 13:23:06,302 [df29ace5-11ac-4506-8343-2185a80235e7@group-61D8717D7DCD:LeaderElection171] INFO  impl.RaftServerImpl (ServerState.java:setLeader(253)) - df29ace5-11ac-4506-8343-2185a80235e7@group-61D8717D7DCD: change Leader from null to df29ace5-11ac-4506-8343-2185a80235e7 at term 1 for becomeLeader, leader elected after 5042ms
2019-09-26 13:23:06,302 [df29ace5-11ac-4506-8343-2185a80235e7@group-61D8717D7DCD:LeaderElection171] INFO  server.RaftServerConfigKeys (ConfUtils.java:logGet(43)) - raft.server.staging.catchup.gap = 1000 (default)
2019-09-26 13:23:06,303 [df29ace5-11ac-4506-8343-2185a80235e7@group-61D8717D7DCD:LeaderElection171] INFO  server.RaftServerConfigKeys (ConfUtils.java:logGet(43)) - raft.server.rpc.sleep.time = 25ms (default)
2019-09-26 13:23:06,303 [df29ace5-11ac-4506-8343-2185a80235e7@group-61D8717D7DCD:LeaderElection171] INFO  server.RaftServerConfigKeys (ConfUtils.java:logGet(43)) - raft.server.write.element-limit = 4096 (default)
2019-09-26 13:23:06,303 [df29ace5-11ac-4506-8343-2185a80235e7@group-61D8717D7DCD:LeaderElection171] INFO  server.RaftServerConfigKeys (ConfUtils.java:logGet(43)) - raft.server.watch.timeout = 10s (default)
2019-09-26 13:23:06,303 [df29ace5-11ac-4506-8343-2185a80235e7@group-61D8717D7DCD:LeaderElection171] INFO  server.RaftServerConfigKeys (ConfUtils.java:logGet(43)) - raft.server.watch.timeout.denomination = 1s (default)
2019-09-26 13:23:06,303 [df29ace5-11ac-4506-8343-2185a80235e7@group-61D8717D7DCD:LeaderElection171] INFO  server.RaftServerConfigKeys (ConfUtils.java:logGet(43)) - raft.server.watch.element-limit = 65536 (default)
2019-09-26 13:23:06,305 [df29ace5-11ac-4506-8343-2185a80235e7@group-61D8717D7DCD:LeaderElection171] INFO  impl.RoleInfo (RoleInfo.java:updateAndGet(143)) - df29ace5-11ac-4506-8343-2185a80235e7: start LeaderState
2019-09-26 13:23:06,306 [df29ace5-11ac-4506-8343-2185a80235e7@group-61D8717D7DCD:LeaderElection171] INFO  segmented.SegmentedRaftLogWorker (SegmentedRaftLogWorker.java:startLogSegment(380)) - df29ace5-11ac-4506-8343-2185a80235e7@group-61D8717D7DCD-SegmentedRaftLogWorker: Starting segment from index:0
2019-09-26 13:23:06,307 [df29ace5-11ac-4506-8343-2185a80235e7@group-61D8717D7DCD:LeaderElection171] INFO  impl.RaftServerImpl (ServerState.java:setRaftConf(354)) - df29ace5-11ac-4506-8343-2185a80235e7@group-61D8717D7DCD: set configuration 0: [df29ace5-11ac-4506-8343-2185a80235e7:192.168.164.238:44950], old=null at 0
2019-09-26 13:23:06,359 [df29ace5-11ac-4506-8343-2185a80235e7@group-61D8717D7DCD-SegmentedRaftLogWorker] INFO  segmented.SegmentedRaftLogWorker (SegmentedRaftLogWorker.java:execute(569)) - df29ace5-11ac-4506-8343-2185a80235e7@group-61D8717D7DCD-SegmentedRaftLogWorker: created new log segment /workdir/hadoop-ozone/ozonefs/target/test-dir/MiniOzoneClusterImpl-65334931-5d7a-4f00-a9a9-1cddd3067b9f/datanode-0/data/ratis/b27b38ed-e850-4f9a-ba71-61d8717d7dcd/current/log_inprogress_0
2019-09-26 13:23:06,411 [Thread-3050] INFO  impl.FollowerState (FollowerState.java:run(106)) - df29ace5-11ac-4506-8343-2185a80235e7:group-CA6B20A2A88E changes to CANDIDATE, lastRpcTime:5188, electionTimeout:5188ms
2019-09-26 13:23:06,411 [Thread-3050] INFO  impl.RoleInfo (RoleInfo.java:shutdownFollowerState(121)) - df29ace5-11ac-4506-8343-2185a80235e7: shutdown FollowerState
2019-09-26 13:23:06,411 [Thread-3050] INFO  impl.RaftServerImpl (RaftServerImpl.java:setRole(174)) - df29ace5-11ac-4506-8343-2185a80235e7@group-CA6B20A2A88E: changes role from  FOLLOWER to CANDIDATE at term 0 for changeToCandidate
2019-09-26 13:23:06,411 [Thread-3050] INFO  impl.RoleInfo (RoleInfo.java:updateAndGet(143)) - df29ace5-11ac-4506-8343-2185a80235e7: start LeaderElection
2019-09-26 13:23:06,441 [df29ace5-11ac-4506-8343-2185a80235e7@group-CA6B20A2A88E:LeaderElection172] INFO  impl.LeaderElection (LeaderElection.java:askForVotes(182)) - df29ace5-11ac-4506-8343-2185a80235e7@group-CA6B20A2A88E:LeaderElection172: begin an election at term 1 for -1: [df29ace5-11ac-4506-8343-2185a80235e7:192.168.164.238:44950], old=null
2019-09-26 13:23:06,442 [df29ace5-11ac-4506-8343-2185a80235e7@group-CA6B20A2A88E:LeaderElection172] INFO  impl.RoleInfo (RoleInfo.java:shutdownLeaderElection(134)) - df29ace5-11ac-4506-8343-2185a80235e7: shutdown LeaderElection
2019-09-26 13:23:06,442 [df29ace5-11ac-4506-8343-2185a80235e7@group-CA6B20A2A88E:LeaderElection172] INFO  impl.RaftServerImpl (RaftServerImpl.java:setRole(174)) - df29ace5-11ac-4506-8343-2185a80235e7@group-CA6B20A2A88E: changes role from CANDIDATE to LEADER at term 1 for changeToLeader
2019-09-26 13:23:06,442 [df29ace5-11ac-4506-8343-2185a80235e7@group-CA6B20A2A88E:LeaderElection172] INFO  impl.RaftServerImpl (ServerState.java:setLeader(253)) - df29ace5-11ac-4506-8343-2185a80235e7@group-CA6B20A2A88E: change Leader from null to df29ace5-11ac-4506-8343-2185a80235e7 at term 1 for becomeLeader, leader elected after 5227ms
2019-09-26 13:23:06,442 [df29ace5-11ac-4506-8343-2185a80235e7@group-CA6B20A2A88E:LeaderElection172] INFO  server.RaftServerConfigKeys (ConfUtils.java:logGet(43)) - raft.server.staging.catchup.gap = 1000 (default)
2019-09-26 13:23:06,443 [df29ace5-11ac-4506-8343-2185a80235e7@group-CA6B20A2A88E:LeaderElection172] INFO  server.RaftServerConfigKeys (ConfUtils.java:logGet(43)) - raft.server.rpc.sleep.time = 25ms (default)
2019-09-26 13:23:06,443 [df29ace5-11ac-4506-8343-2185a80235e7@group-CA6B20A2A88E:LeaderElection172] INFO  server.RaftServerConfigKeys (ConfUtils.java:logGet(43)) - raft.server.write.element-limit = 4096 (default)
2019-09-26 13:23:06,443 [df29ace5-11ac-4506-8343-2185a80235e7@group-CA6B20A2A88E:LeaderElection172] INFO  server.RaftServerConfigKeys (ConfUtils.java:logGet(43)) - raft.server.watch.timeout = 10s (default)
2019-09-26 13:23:06,443 [df29ace5-11ac-4506-8343-2185a80235e7@group-CA6B20A2A88E:LeaderElection172] INFO  server.RaftServerConfigKeys (ConfUtils.java:logGet(43)) - raft.server.watch.timeout.denomination = 1s (default)
2019-09-26 13:23:06,444 [df29ace5-11ac-4506-8343-2185a80235e7@group-CA6B20A2A88E:LeaderElection172] INFO  server.RaftServerConfigKeys (ConfUtils.java:logGet(43)) - raft.server.watch.element-limit = 65536 (default)
2019-09-26 13:23:06,446 [df29ace5-11ac-4506-8343-2185a80235e7@group-CA6B20A2A88E:LeaderElection172] INFO  impl.RoleInfo (RoleInfo.java:updateAndGet(143)) - df29ace5-11ac-4506-8343-2185a80235e7: start LeaderState
2019-09-26 13:23:06,446 [df29ace5-11ac-4506-8343-2185a80235e7@group-CA6B20A2A88E:LeaderElection172] INFO  segmented.SegmentedRaftLogWorker (SegmentedRaftLogWorker.java:startLogSegment(380)) - df29ace5-11ac-4506-8343-2185a80235e7@group-CA6B20A2A88E-SegmentedRaftLogWorker: Starting segment from index:0
2019-09-26 13:23:06,447 [df29ace5-11ac-4506-8343-2185a80235e7@group-CA6B20A2A88E:LeaderElection172] INFO  impl.RaftServerImpl (ServerState.java:setRaftConf(354)) - df29ace5-11ac-4506-8343-2185a80235e7@group-CA6B20A2A88E: set configuration 0: [df29ace5-11ac-4506-8343-2185a80235e7:192.168.164.238:44950], old=null at 0
2019-09-26 13:23:06,469 [Thread-3056] INFO  impl.FollowerState (FollowerState.java:run(106)) - df29ace5-11ac-4506-8343-2185a80235e7:group-CD151F390FF7 changes to CANDIDATE, lastRpcTime:5163, electionTimeout:5163ms
2019-09-26 13:23:06,469 [Thread-3056] INFO  impl.RoleInfo (RoleInfo.java:shutdownFollowerState(121)) - df29ace5-11ac-4506-8343-2185a80235e7: shutdown FollowerState
2019-09-26 13:23:06,470 [Thread-3056] INFO  impl.RaftServerImpl (RaftServerImpl.java:setRole(174)) - df29ace5-11ac-4506-8343-2185a80235e7@group-CD151F390FF7: changes role from  FOLLOWER to CANDIDATE at term 0 for changeToCandidate
2019-09-26 13:23:06,470 [Thread-3056] INFO  impl.RoleInfo (RoleInfo.java:updateAndGet(143)) - df29ace5-11ac-4506-8343-2185a80235e7: start LeaderElection
2019-09-26 13:23:06,490 [Thread-3062] INFO  impl.FollowerState (FollowerState.java:run(106)) - df29ace5-11ac-4506-8343-2185a80235e7:group-08956269DAFC changes to CANDIDATE, lastRpcTime:5114, electionTimeout:5103ms
2019-09-26 13:23:06,490 [Thread-3062] INFO  impl.RoleInfo (RoleInfo.java:shutdownFollowerState(121)) - df29ace5-11ac-4506-8343-2185a80235e7: shutdown FollowerState
2019-09-26 13:23:06,490 [Thread-3062] INFO  impl.RaftServerImpl (RaftServerImpl.java:setRole(174)) - df29ace5-11ac-4506-8343-2185a80235e7@group-08956269DAFC: changes role from  FOLLOWER to CANDIDATE at term 0 for changeToCandidate
2019-09-26 13:23:06,491 [Thread-3062] INFO  impl.RoleInfo (RoleInfo.java:updateAndGet(143)) - df29ace5-11ac-4506-8343-2185a80235e7: start LeaderElection
2019-09-26 13:23:06,493 [Thread-3059] INFO  impl.FollowerState (FollowerState.java:run(106)) - df29ace5-11ac-4506-8343-2185a80235e7:group-8133C374E9E6 changes to CANDIDATE, lastRpcTime:5146, electionTimeout:5144ms
2019-09-26 13:23:06,494 [Thread-3059] INFO  impl.RoleInfo (RoleInfo.java:shutdownFollowerState(121)) - df29ace5-11ac-4506-8343-2185a80235e7: shutdown FollowerState
2019-09-26 13:23:06,494 [Thread-3059] INFO  impl.RaftServerImpl (RaftServerImpl.java:setRole(174)) - df29ace5-11ac-4506-8343-2185a80235e7@group-8133C374E9E6: changes role from  FOLLOWER to CANDIDATE at term 0 for changeToCandidate
2019-09-26 13:23:06,494 [Thread-3059] INFO  impl.RoleInfo (RoleInfo.java:updateAndGet(143)) - df29ace5-11ac-4506-8343-2185a80235e7: start LeaderElection
2019-09-26 13:23:06,497 [Thread-3071] INFO  impl.FollowerState (FollowerState.java:run(106)) - df29ace5-11ac-4506-8343-2185a80235e7:group-89713092FA1B changes to CANDIDATE, lastRpcTime:5052, electionTimeout:5052ms
2019-09-26 13:23:06,497 [Thread-3071] INFO  impl.RoleInfo (RoleInfo.java:shutdownFollowerState(121)) - df29ace5-11ac-4506-8343-2185a80235e7: shutdown FollowerState
2019-09-26 13:23:06,497 [Thread-3071] INFO  impl.RaftServerImpl (RaftServerImpl.java:setRole(174)) - df29ace5-11ac-4506-8343-2185a80235e7@group-89713092FA1B: changes role from  FOLLOWER to CANDIDATE at term 0 for changeToCandidate
2019-09-26 13:23:06,497 [Thread-3071] INFO  impl.RoleInfo (RoleInfo.java:updateAndGet(143)) - df29ace5-11ac-4506-8343-2185a80235e7: start LeaderElection
2019-09-26 13:23:06,500 [Thread-3068] INFO  impl.FollowerState (FollowerState.java:run(106)) - 0960db07-db6c-4a00-837c-4772f3756226:group-F9B209428433 changes to CANDIDATE, lastRpcTime:5082, electionTimeout:5081ms
2019-09-26 13:23:06,501 [Thread-3068] INFO  impl.RoleInfo (RoleInfo.java:shutdownFollowerState(121)) - 0960db07-db6c-4a00-837c-4772f3756226: shutdown FollowerState
2019-09-26 13:23:06,501 [Thread-3068] INFO  impl.RaftServerImpl (RaftServerImpl.java:setRole(174)) - 0960db07-db6c-4a00-837c-4772f3756226@group-F9B209428433: changes role from  FOLLOWER to CANDIDATE at term 0 for changeToCandidate
2019-09-26 13:23:06,501 [Thread-3068] INFO  impl.RoleInfo (RoleInfo.java:updateAndGet(143)) - 0960db07-db6c-4a00-837c-4772f3756226: start LeaderElection
2019-09-26 13:23:06,542 [Thread-3074] INFO  impl.FollowerState (FollowerState.java:run(106)) - fa1bb472-1576-4faf-80b1-ccac17e16c4f:group-FA0D4C58FCD6 changes to CANDIDATE, lastRpcTime:5030, electionTimeout:5030ms
2019-09-26 13:23:06,542 [Thread-3074] INFO  impl.RoleInfo (RoleInfo.java:shutdownFollowerState(121)) - fa1bb472-1576-4faf-80b1-ccac17e16c4f: shutdown FollowerState
2019-09-26 13:23:06,542 [Thread-3074] INFO  impl.RaftServerImpl (RaftServerImpl.java:setRole(174)) - fa1bb472-1576-4faf-80b1-ccac17e16c4f@group-FA0D4C58FCD6: changes role from  FOLLOWER to CANDIDATE at term 0 for changeToCandidate
2019-09-26 13:23:06,542 [Thread-3074] INFO  impl.RoleInfo (RoleInfo.java:updateAndGet(143)) - fa1bb472-1576-4faf-80b1-ccac17e16c4f: start LeaderElection
2019-09-26 13:23:06,555 [Thread-3065] INFO  impl.FollowerState (FollowerState.java:run(106)) - 0960db07-db6c-4a00-837c-4772f3756226:group-5CE0672C48AD changes to CANDIDATE, lastRpcTime:5155, electionTimeout:5155ms
2019-09-26 13:23:06,555 [Thread-3065] INFO  impl.RoleInfo (RoleInfo.java:shutdownFollowerState(121)) - 0960db07-db6c-4a00-837c-4772f3756226: shutdown FollowerState
2019-09-26 13:23:06,555 [Thread-3065] INFO  impl.RaftServerImpl (RaftServerImpl.java:setRole(174)) - 0960db07-db6c-4a00-837c-4772f3756226@group-5CE0672C48AD: changes role from  FOLLOWER to CANDIDATE at term 0 for changeToCandidate
2019-09-26 13:23:06,555 [Thread-3065] INFO  impl.RoleInfo (RoleInfo.java:updateAndGet(143)) - 0960db07-db6c-4a00-837c-4772f3756226: start LeaderElection
2019-09-26 13:23:06,607 [df29ace5-11ac-4506-8343-2185a80235e7@group-CA6B20A2A88E-SegmentedRaftLogWorker] INFO  segmented.SegmentedRaftLogWorker (SegmentedRaftLogWorker.java:execute(569)) - df29ace5-11ac-4506-8343-2185a80235e7@group-CA6B20A2A88E-SegmentedRaftLogWorker: created new log segment /workdir/hadoop-ozone/ozonefs/target/test-dir/MiniOzoneClusterImpl-65334931-5d7a-4f00-a9a9-1cddd3067b9f/datanode-0/data/ratis/1d00e475-040a-4de6-962b-ca6b20a2a88e/current/log_inprogress_0
2019-09-26 13:23:06,608 [df29ace5-11ac-4506-8343-2185a80235e7@group-08956269DAFC:LeaderElection174] INFO  impl.LeaderElection (LeaderElection.java:askForVotes(182)) - df29ace5-11ac-4506-8343-2185a80235e7@group-08956269DAFC:LeaderElection174: begin an election at term 1 for -1: [df29ace5-11ac-4506-8343-2185a80235e7:192.168.164.238:44950], old=null
2019-09-26 13:23:06,608 [df29ace5-11ac-4506-8343-2185a80235e7@group-CD151F390FF7:LeaderElection173] INFO  impl.LeaderElection (LeaderElection.java:askForVotes(182)) - df29ace5-11ac-4506-8343-2185a80235e7@group-CD151F390FF7:LeaderElection173: begin an election at term 1 for -1: [df29ace5-11ac-4506-8343-2185a80235e7:192.168.164.238:44950], old=null
2019-09-26 13:23:06,608 [df29ace5-11ac-4506-8343-2185a80235e7@group-8133C374E9E6:LeaderElection175] INFO  impl.LeaderElection (LeaderElection.java:askForVotes(182)) - df29ace5-11ac-4506-8343-2185a80235e7@group-8133C374E9E6:LeaderElection175: begin an election at term 1 for -1: [df29ace5-11ac-4506-8343-2185a80235e7:192.168.164.238:44950], old=null
2019-09-26 13:23:06,608 [0960db07-db6c-4a00-837c-4772f3756226@group-F9B209428433:LeaderElection177] INFO  impl.LeaderElection (LeaderElection.java:askForVotes(182)) - 0960db07-db6c-4a00-837c-4772f3756226@group-F9B209428433:LeaderElection177: begin an election at term 1 for -1: [0960db07-db6c-4a00-837c-4772f3756226:192.168.164.238:36415], old=null
2019-09-26 13:23:06,608 [df29ace5-11ac-4506-8343-2185a80235e7@group-89713092FA1B:LeaderElection176] INFO  impl.LeaderElection (LeaderElection.java:askForVotes(182)) - df29ace5-11ac-4506-8343-2185a80235e7@group-89713092FA1B:LeaderElection176: begin an election at term 1 for -1: [df29ace5-11ac-4506-8343-2185a80235e7:192.168.164.238:44950], old=null
2019-09-26 13:23:06,608 [0960db07-db6c-4a00-837c-4772f3756226@group-F9B209428433:LeaderElection177] INFO  impl.RoleInfo (RoleInfo.java:shutdownLeaderElection(134)) - 0960db07-db6c-4a00-837c-4772f3756226: shutdown LeaderElection
2019-09-26 13:23:06,608 [df29ace5-11ac-4506-8343-2185a80235e7@group-8133C374E9E6:LeaderElection175] INFO  impl.RoleInfo (RoleInfo.java:shutdownLeaderElection(134)) - df29ace5-11ac-4506-8343-2185a80235e7: shutdown LeaderElection
2019-09-26 13:23:06,609 [df29ace5-11ac-4506-8343-2185a80235e7@group-8133C374E9E6:LeaderElection175] INFO  impl.RaftServerImpl (RaftServerImpl.java:setRole(174)) - df29ace5-11ac-4506-8343-2185a80235e7@group-8133C374E9E6: changes role from CANDIDATE to LEADER at term 1 for changeToLeader
2019-09-26 13:23:06,608 [df29ace5-11ac-4506-8343-2185a80235e7@group-CD151F390FF7:LeaderElection173] INFO  impl.RoleInfo (RoleInfo.java:shutdownLeaderElection(134)) - df29ace5-11ac-4506-8343-2185a80235e7: shutdown LeaderElection
2019-09-26 13:23:06,609 [df29ace5-11ac-4506-8343-2185a80235e7@group-CD151F390FF7:LeaderElection173] INFO  impl.RaftServerImpl (RaftServerImpl.java:setRole(174)) - df29ace5-11ac-4506-8343-2185a80235e7@group-CD151F390FF7: changes role from CANDIDATE to LEADER at term 1 for changeToLeader
2019-09-26 13:23:06,608 [df29ace5-11ac-4506-8343-2185a80235e7@group-08956269DAFC:LeaderElection174] INFO  impl.RoleInfo (RoleInfo.java:shutdownLeaderElection(134)) - df29ace5-11ac-4506-8343-2185a80235e7: shutdown LeaderElection
2019-09-26 13:23:06,609 [df29ace5-11ac-4506-8343-2185a80235e7@group-CD151F390FF7:LeaderElection173] INFO  impl.RaftServerImpl (ServerState.java:setLeader(253)) - df29ace5-11ac-4506-8343-2185a80235e7@group-CD151F390FF7: change Leader from null to df29ace5-11ac-4506-8343-2185a80235e7 at term 1 for becomeLeader, leader elected after 5307ms
2019-09-26 13:23:06,609 [df29ace5-11ac-4506-8343-2185a80235e7@group-8133C374E9E6:LeaderElection175] INFO  impl.RaftServerImpl (ServerState.java:setLeader(253)) - df29ace5-11ac-4506-8343-2185a80235e7@group-8133C374E9E6: change Leader from null to df29ace5-11ac-4506-8343-2185a80235e7 at term 1 for becomeLeader, leader elected after 5266ms
2019-09-26 13:23:06,609 [0960db07-db6c-4a00-837c-4772f3756226@group-F9B209428433:LeaderElection177] INFO  impl.RaftServerImpl (RaftServerImpl.java:setRole(174)) - 0960db07-db6c-4a00-837c-4772f3756226@group-F9B209428433: changes role from CANDIDATE to LEADER at term 1 for changeToLeader
2019-09-26 13:23:06,610 [0960db07-db6c-4a00-837c-4772f3756226@group-F9B209428433:LeaderElection177] INFO  impl.RaftServerImpl (ServerState.java:setLeader(253)) - 0960db07-db6c-4a00-837c-4772f3756226@group-F9B209428433: change Leader from null to 0960db07-db6c-4a00-837c-4772f3756226 at term 1 for becomeLeader, leader elected after 5195ms
2019-09-26 13:23:06,608 [df29ace5-11ac-4506-8343-2185a80235e7@group-89713092FA1B:LeaderElection176] INFO  impl.RoleInfo (RoleInfo.java:shutdownLeaderElection(134)) - df29ace5-11ac-4506-8343-2185a80235e7: shutdown LeaderElection
2019-09-26 13:23:06,610 [0960db07-db6c-4a00-837c-4772f3756226@group-F9B209428433:LeaderElection177] INFO  server.RaftServerConfigKeys (ConfUtils.java:logGet(43)) - raft.server.staging.catchup.gap = 1000 (default)
2019-09-26 13:23:06,610 [df29ace5-11ac-4506-8343-2185a80235e7@group-8133C374E9E6:LeaderElection175] INFO  server.RaftServerConfigKeys (ConfUtils.java:logGet(43)) - raft.server.staging.catchup.gap = 1000 (default)
2019-09-26 13:23:06,610 [df29ace5-11ac-4506-8343-2185a80235e7@group-CD151F390FF7:LeaderElection173] INFO  server.RaftServerConfigKeys (ConfUtils.java:logGet(43)) - raft.server.staging.catchup.gap = 1000 (default)
2019-09-26 13:23:06,611 [df29ace5-11ac-4506-8343-2185a80235e7@group-CD151F390FF7:LeaderElection173] INFO  server.RaftServerConfigKeys (ConfUtils.java:logGet(43)) - raft.server.rpc.sleep.time = 25ms (default)
2019-09-26 13:23:06,609 [df29ace5-11ac-4506-8343-2185a80235e7@group-08956269DAFC:LeaderElection174] INFO  impl.RaftServerImpl (RaftServerImpl.java:setRole(174)) - df29ace5-11ac-4506-8343-2185a80235e7@group-08956269DAFC: changes role from CANDIDATE to LEADER at term 1 for changeToLeader
2019-09-26 13:23:06,611 [df29ace5-11ac-4506-8343-2185a80235e7@group-CD151F390FF7:LeaderElection173] INFO  server.RaftServerConfigKeys (ConfUtils.java:logGet(43)) - raft.server.write.element-limit = 4096 (default)
2019-09-26 13:23:06,611 [df29ace5-11ac-4506-8343-2185a80235e7@group-8133C374E9E6:LeaderElection175] INFO  server.RaftServerConfigKeys (ConfUtils.java:logGet(43)) - raft.server.rpc.sleep.time = 25ms (default)
2019-09-26 13:23:06,610 [0960db07-db6c-4a00-837c-4772f3756226@group-F9B209428433:LeaderElection177] INFO  server.RaftServerConfigKeys (ConfUtils.java:logGet(43)) - raft.server.rpc.sleep.time = 25ms (default)
2019-09-26 13:23:06,610 [df29ace5-11ac-4506-8343-2185a80235e7@group-89713092FA1B:LeaderElection176] INFO  impl.RaftServerImpl (RaftServerImpl.java:setRole(174)) - df29ace5-11ac-4506-8343-2185a80235e7@group-89713092FA1B: changes role from CANDIDATE to LEADER at term 1 for changeToLeader
2019-09-26 13:23:06,612 [0960db07-db6c-4a00-837c-4772f3756226@group-F9B209428433:LeaderElection177] INFO  server.RaftServerConfigKeys (ConfUtils.java:logGet(43)) - raft.server.write.element-limit = 4096 (default)
2019-09-26 13:23:06,611 [df29ace5-11ac-4506-8343-2185a80235e7@group-8133C374E9E6:LeaderElection175] INFO  server.RaftServerConfigKeys (ConfUtils.java:logGet(43)) - raft.server.write.element-limit = 4096 (default)
2019-09-26 13:23:06,611 [df29ace5-11ac-4506-8343-2185a80235e7@group-CD151F390FF7:LeaderElection173] INFO  server.RaftServerConfigKeys (ConfUtils.java:logGet(43)) - raft.server.watch.timeout = 10s (default)
2019-09-26 13:23:06,612 [df29ace5-11ac-4506-8343-2185a80235e7@group-CD151F390FF7:LeaderElection173] INFO  server.RaftServerConfigKeys (ConfUtils.java:logGet(43)) - raft.server.watch.timeout.denomination = 1s (default)
2019-09-26 13:23:06,611 [df29ace5-11ac-4506-8343-2185a80235e7@group-08956269DAFC:LeaderElection174] INFO  impl.RaftServerImpl (ServerState.java:setLeader(253)) - df29ace5-11ac-4506-8343-2185a80235e7@group-08956269DAFC: change Leader from null to df29ace5-11ac-4506-8343-2185a80235e7 at term 1 for becomeLeader, leader elected after 5239ms
2019-09-26 13:23:06,612 [df29ace5-11ac-4506-8343-2185a80235e7@group-CD151F390FF7:LeaderElection173] INFO  server.RaftServerConfigKeys (ConfUtils.java:logGet(43)) - raft.server.watch.element-limit = 65536 (default)
2019-09-26 13:23:06,612 [df29ace5-11ac-4506-8343-2185a80235e7@group-8133C374E9E6:LeaderElection175] INFO  server.RaftServerConfigKeys (ConfUtils.java:logGet(43)) - raft.server.watch.timeout = 10s (default)
2019-09-26 13:23:06,612 [0960db07-db6c-4a00-837c-4772f3756226@group-F9B209428433:LeaderElection177] INFO  server.RaftServerConfigKeys (ConfUtils.java:logGet(43)) - raft.server.watch.timeout = 10s (default)
2019-09-26 13:23:06,612 [df29ace5-11ac-4506-8343-2185a80235e7@group-89713092FA1B:LeaderElection176] INFO  impl.RaftServerImpl (ServerState.java:setLeader(253)) - df29ace5-11ac-4506-8343-2185a80235e7@group-89713092FA1B: change Leader from null to df29ace5-11ac-4506-8343-2185a80235e7 at term 1 for becomeLeader, leader elected after 5171ms
2019-09-26 13:23:06,613 [0960db07-db6c-4a00-837c-4772f3756226@group-F9B209428433:LeaderElection177] INFO  server.RaftServerConfigKeys (ConfUtils.java:logGet(43)) - raft.server.watch.timeout.denomination = 1s (default)
2019-09-26 13:23:06,613 [df29ace5-11ac-4506-8343-2185a80235e7@group-8133C374E9E6:LeaderElection175] INFO  server.RaftServerConfigKeys (ConfUtils.java:logGet(43)) - raft.server.watch.timeout.denomination = 1s (default)
2019-09-26 13:23:06,613 [df29ace5-11ac-4506-8343-2185a80235e7@group-08956269DAFC:LeaderElection174] INFO  server.RaftServerConfigKeys (ConfUtils.java:logGet(43)) - raft.server.staging.catchup.gap = 1000 (default)
2019-09-26 13:23:06,614 [df29ace5-11ac-4506-8343-2185a80235e7@group-8133C374E9E6:LeaderElection175] INFO  server.RaftServerConfigKeys (ConfUtils.java:logGet(43)) - raft.server.watch.element-limit = 65536 (default)
2019-09-26 13:23:06,613 [0960db07-db6c-4a00-837c-4772f3756226@group-F9B209428433:LeaderElection177] INFO  server.RaftServerConfigKeys (ConfUtils.java:logGet(43)) - raft.server.watch.element-limit = 65536 (default)
2019-09-26 13:23:06,613 [df29ace5-11ac-4506-8343-2185a80235e7@group-89713092FA1B:LeaderElection176] INFO  server.RaftServerConfigKeys (ConfUtils.java:logGet(43)) - raft.server.staging.catchup.gap = 1000 (default)
2019-09-26 13:23:06,614 [df29ace5-11ac-4506-8343-2185a80235e7@group-08956269DAFC:LeaderElection174] INFO  server.RaftServerConfigKeys (ConfUtils.java:logGet(43)) - raft.server.rpc.sleep.time = 25ms (default)
2019-09-26 13:23:06,614 [df29ace5-11ac-4506-8343-2185a80235e7@group-89713092FA1B:LeaderElection176] INFO  server.RaftServerConfigKeys (ConfUtils.java:logGet(43)) - raft.server.rpc.sleep.time = 25ms (default)
2019-09-26 13:23:06,614 [df29ace5-11ac-4506-8343-2185a80235e7@group-08956269DAFC:LeaderElection174] INFO  server.RaftServerConfigKeys (ConfUtils.java:logGet(43)) - raft.server.write.element-limit = 4096 (default)
2019-09-26 13:23:06,615 [df29ace5-11ac-4506-8343-2185a80235e7@group-89713092FA1B:LeaderElection176] INFO  server.RaftServerConfigKeys (ConfUtils.java:logGet(43)) - raft.server.write.element-limit = 4096 (default)
2019-09-26 13:23:06,615 [df29ace5-11ac-4506-8343-2185a80235e7@group-08956269DAFC:LeaderElection174] INFO  server.RaftServerConfigKeys (ConfUtils.java:logGet(43)) - raft.server.watch.timeout = 10s (default)
2019-09-26 13:23:06,615 [df29ace5-11ac-4506-8343-2185a80235e7@group-CD151F390FF7:LeaderElection173] INFO  impl.RoleInfo (RoleInfo.java:updateAndGet(143)) - df29ace5-11ac-4506-8343-2185a80235e7: start LeaderState
2019-09-26 13:23:06,615 [df29ace5-11ac-4506-8343-2185a80235e7@group-89713092FA1B:LeaderElection176] INFO  server.RaftServerConfigKeys (ConfUtils.java:logGet(43)) - raft.server.watch.timeout = 10s (default)
2019-09-26 13:23:06,615 [df29ace5-11ac-4506-8343-2185a80235e7@group-08956269DAFC:LeaderElection174] INFO  server.RaftServerConfigKeys (ConfUtils.java:logGet(43)) - raft.server.watch.timeout.denomination = 1s (default)
2019-09-26 13:23:06,615 [df29ace5-11ac-4506-8343-2185a80235e7@group-CD151F390FF7:LeaderElection173] INFO  segmented.SegmentedRaftLogWorker (SegmentedRaftLogWorker.java:startLogSegment(380)) - df29ace5-11ac-4506-8343-2185a80235e7@group-CD151F390FF7-SegmentedRaftLogWorker: Starting segment from index:0
2019-09-26 13:23:06,615 [df29ace5-11ac-4506-8343-2185a80235e7@group-89713092FA1B:LeaderElection176] INFO  server.RaftServerConfigKeys (ConfUtils.java:logGet(43)) - raft.server.watch.timeout.denomination = 1s (default)
2019-09-26 13:23:06,615 [df29ace5-11ac-4506-8343-2185a80235e7@group-08956269DAFC:LeaderElection174] INFO  server.RaftServerConfigKeys (ConfUtils.java:logGet(43)) - raft.server.watch.element-limit = 65536 (default)
2019-09-26 13:23:06,616 [df29ace5-11ac-4506-8343-2185a80235e7@group-89713092FA1B:LeaderElection176] INFO  server.RaftServerConfigKeys (ConfUtils.java:logGet(43)) - raft.server.watch.element-limit = 65536 (default)
2019-09-26 13:23:06,616 [df29ace5-11ac-4506-8343-2185a80235e7@group-CD151F390FF7:LeaderElection173] INFO  impl.RaftServerImpl (ServerState.java:setRaftConf(354)) - df29ace5-11ac-4506-8343-2185a80235e7@group-CD151F390FF7: set configuration 0: [df29ace5-11ac-4506-8343-2185a80235e7:192.168.164.238:44950], old=null at 0
2019-09-26 13:23:06,620 [df29ace5-11ac-4506-8343-2185a80235e7@group-8133C374E9E6:LeaderElection175] INFO  impl.RoleInfo (RoleInfo.java:updateAndGet(143)) - df29ace5-11ac-4506-8343-2185a80235e7: start LeaderState
2019-09-26 13:23:06,620 [df29ace5-11ac-4506-8343-2185a80235e7@group-8133C374E9E6:LeaderElection175] INFO  segmented.SegmentedRaftLogWorker (SegmentedRaftLogWorker.java:startLogSegment(380)) - df29ace5-11ac-4506-8343-2185a80235e7@group-8133C374E9E6-SegmentedRaftLogWorker: Starting segment from index:0
2019-09-26 13:23:06,620 [0960db07-db6c-4a00-837c-4772f3756226@group-F9B209428433:LeaderElection177] INFO  impl.RoleInfo (RoleInfo.java:updateAndGet(143)) - 0960db07-db6c-4a00-837c-4772f3756226: start LeaderState
2019-09-26 13:23:06,620 [0960db07-db6c-4a00-837c-4772f3756226@group-F9B209428433:LeaderElection177] INFO  segmented.SegmentedRaftLogWorker (SegmentedRaftLogWorker.java:startLogSegment(380)) - 0960db07-db6c-4a00-837c-4772f3756226@group-F9B209428433-SegmentedRaftLogWorker: Starting segment from index:0
2019-09-26 13:23:06,620 [df29ace5-11ac-4506-8343-2185a80235e7@group-8133C374E9E6:LeaderElection175] INFO  impl.RaftServerImpl (ServerState.java:setRaftConf(354)) - df29ace5-11ac-4506-8343-2185a80235e7@group-8133C374E9E6: set configuration 0: [df29ace5-11ac-4506-8343-2185a80235e7:192.168.164.238:44950], old=null at 0
2019-09-26 13:23:06,621 [df29ace5-11ac-4506-8343-2185a80235e7@group-08956269DAFC:LeaderElection174] INFO  impl.RoleInfo (RoleInfo.java:updateAndGet(143)) - df29ace5-11ac-4506-8343-2185a80235e7: start LeaderState
2019-09-26 13:23:06,621 [0960db07-db6c-4a00-837c-4772f3756226@group-F9B209428433:LeaderElection177] INFO  impl.RaftServerImpl (ServerState.java:setRaftConf(354)) - 0960db07-db6c-4a00-837c-4772f3756226@group-F9B209428433: set configuration 0: [0960db07-db6c-4a00-837c-4772f3756226:192.168.164.238:36415], old=null at 0
2019-09-26 13:23:06,621 [df29ace5-11ac-4506-8343-2185a80235e7@group-89713092FA1B:LeaderElection176] INFO  impl.RoleInfo (RoleInfo.java:updateAndGet(143)) - df29ace5-11ac-4506-8343-2185a80235e7: start LeaderState
2019-09-26 13:23:06,621 [df29ace5-11ac-4506-8343-2185a80235e7@group-08956269DAFC:LeaderElection174] INFO  segmented.SegmentedRaftLogWorker (SegmentedRaftLogWorker.java:startLogSegment(380)) - df29ace5-11ac-4506-8343-2185a80235e7@group-08956269DAFC-SegmentedRaftLogWorker: Starting segment from index:0
2019-09-26 13:23:06,621 [df29ace5-11ac-4506-8343-2185a80235e7@group-89713092FA1B:LeaderElection176] INFO  segmented.SegmentedRaftLogWorker (SegmentedRaftLogWorker.java:startLogSegment(380)) - df29ace5-11ac-4506-8343-2185a80235e7@group-89713092FA1B-SegmentedRaftLogWorker: Starting segment from index:0
2019-09-26 13:23:06,622 [df29ace5-11ac-4506-8343-2185a80235e7@group-08956269DAFC:LeaderElection174] INFO  impl.RaftServerImpl (ServerState.java:setRaftConf(354)) - df29ace5-11ac-4506-8343-2185a80235e7@group-08956269DAFC: set configuration 0: [df29ace5-11ac-4506-8343-2185a80235e7:192.168.164.238:44950], old=null at 0
2019-09-26 13:23:06,622 [fa1bb472-1576-4faf-80b1-ccac17e16c4f@group-FA0D4C58FCD6:LeaderElection178] INFO  impl.LeaderElection (LeaderElection.java:askForVotes(182)) - fa1bb472-1576-4faf-80b1-ccac17e16c4f@group-FA0D4C58FCD6:LeaderElection178: begin an election at term 1 for -1: [fa1bb472-1576-4faf-80b1-ccac17e16c4f:192.168.164.238:32981], old=null
2019-09-26 13:23:06,622 [0960db07-db6c-4a00-837c-4772f3756226@group-5CE0672C48AD:LeaderElection179] INFO  impl.LeaderElection (LeaderElection.java:askForVotes(182)) - 0960db07-db6c-4a00-837c-4772f3756226@group-5CE0672C48AD:LeaderElection179: begin an election at term 1 for -1: [0960db07-db6c-4a00-837c-4772f3756226:192.168.164.238:36415], old=null
2019-09-26 13:23:06,622 [fa1bb472-1576-4faf-80b1-ccac17e16c4f@group-FA0D4C58FCD6:LeaderElection178] INFO  impl.RoleInfo (RoleInfo.java:shutdownLeaderElection(134)) - fa1bb472-1576-4faf-80b1-ccac17e16c4f: shutdown LeaderElection
2019-09-26 13:23:06,622 [df29ace5-11ac-4506-8343-2185a80235e7@group-89713092FA1B:LeaderElection176] INFO  impl.RaftServerImpl (ServerState.java:setRaftConf(354)) - df29ace5-11ac-4506-8343-2185a80235e7@group-89713092FA1B: set configuration 0: [df29ace5-11ac-4506-8343-2185a80235e7:192.168.164.238:44950], old=null at 0
2019-09-26 13:23:06,622 [fa1bb472-1576-4faf-80b1-ccac17e16c4f@group-FA0D4C58FCD6:LeaderElection178] INFO  impl.RaftServerImpl (RaftServerImpl.java:setRole(174)) - fa1bb472-1576-4faf-80b1-ccac17e16c4f@group-FA0D4C58FCD6: changes role from CANDIDATE to LEADER at term 1 for changeToLeader
2019-09-26 13:23:06,622 [0960db07-db6c-4a00-837c-4772f3756226@group-5CE0672C48AD:LeaderElection179] INFO  impl.RoleInfo (RoleInfo.java:shutdownLeaderElection(134)) - 0960db07-db6c-4a00-837c-4772f3756226: shutdown LeaderElection
2019-09-26 13:23:06,623 [fa1bb472-1576-4faf-80b1-ccac17e16c4f@group-FA0D4C58FCD6:LeaderElection178] INFO  impl.RaftServerImpl (ServerState.java:setLeader(253)) - fa1bb472-1576-4faf-80b1-ccac17e16c4f@group-FA0D4C58FCD6: change Leader from null to fa1bb472-1576-4faf-80b1-ccac17e16c4f at term 1 for becomeLeader, leader elected after 5117ms
2019-09-26 13:23:06,623 [0960db07-db6c-4a00-837c-4772f3756226@group-5CE0672C48AD:LeaderElection179] INFO  impl.RaftServerImpl (RaftServerImpl.java:setRole(174)) - 0960db07-db6c-4a00-837c-4772f3756226@group-5CE0672C48AD: changes role from CANDIDATE to LEADER at term 1 for changeToLeader
2019-09-26 13:23:06,623 [fa1bb472-1576-4faf-80b1-ccac17e16c4f@group-FA0D4C58FCD6:LeaderElection178] INFO  server.RaftServerConfigKeys (ConfUtils.java:logGet(43)) - raft.server.staging.catchup.gap = 1000 (default)
2019-09-26 13:23:06,623 [0960db07-db6c-4a00-837c-4772f3756226@group-5CE0672C48AD:LeaderElection179] INFO  impl.RaftServerImpl (ServerState.java:setLeader(253)) - 0960db07-db6c-4a00-837c-4772f3756226@group-5CE0672C48AD: change Leader from null to 0960db07-db6c-4a00-837c-4772f3756226 at term 1 for becomeLeader, leader elected after 5228ms
2019-09-26 13:23:06,623 [fa1bb472-1576-4faf-80b1-ccac17e16c4f@group-FA0D4C58FCD6:LeaderElection178] INFO  server.RaftServerConfigKeys (ConfUtils.java:logGet(43)) - raft.server.rpc.sleep.time = 25ms (default)
2019-09-26 13:23:06,623 [0960db07-db6c-4a00-837c-4772f3756226@group-5CE0672C48AD:LeaderElection179] INFO  server.RaftServerConfigKeys (ConfUtils.java:logGet(43)) - raft.server.staging.catchup.gap = 1000 (default)
2019-09-26 13:23:06,623 [fa1bb472-1576-4faf-80b1-ccac17e16c4f@group-FA0D4C58FCD6:LeaderElection178] INFO  server.RaftServerConfigKeys (ConfUtils.java:logGet(43)) - raft.server.write.element-limit = 4096 (default)
2019-09-26 13:23:06,623 [0960db07-db6c-4a00-837c-4772f3756226@group-5CE0672C48AD:LeaderElection179] INFO  server.RaftServerConfigKeys (ConfUtils.java:logGet(43)) - raft.server.rpc.sleep.time = 25ms (default)
2019-09-26 13:23:06,624 [fa1bb472-1576-4faf-80b1-ccac17e16c4f@group-FA0D4C58FCD6:LeaderElection178] INFO  server.RaftServerConfigKeys (ConfUtils.java:logGet(43)) - raft.server.watch.timeout = 10s (default)
2019-09-26 13:23:06,624 [0960db07-db6c-4a00-837c-4772f3756226@group-5CE0672C48AD:LeaderElection179] INFO  server.RaftServerConfigKeys (ConfUtils.java:logGet(43)) - raft.server.write.element-limit = 4096 (default)
2019-09-26 13:23:06,624 [fa1bb472-1576-4faf-80b1-ccac17e16c4f@group-FA0D4C58FCD6:LeaderElection178] INFO  server.RaftServerConfigKeys (ConfUtils.java:logGet(43)) - raft.server.watch.timeout.denomination = 1s (default)
2019-09-26 13:23:06,624 [0960db07-db6c-4a00-837c-4772f3756226@group-5CE0672C48AD:LeaderElection179] INFO  server.RaftServerConfigKeys (ConfUtils.java:logGet(43)) - raft.server.watch.timeout = 10s (default)
2019-09-26 13:23:06,624 [fa1bb472-1576-4faf-80b1-ccac17e16c4f@group-FA0D4C58FCD6:LeaderElection178] INFO  server.RaftServerConfigKeys (ConfUtils.java:logGet(43)) - raft.server.watch.element-limit = 65536 (default)
2019-09-26 13:23:06,624 [0960db07-db6c-4a00-837c-4772f3756226@group-5CE0672C48AD:LeaderElection179] INFO  server.RaftServerConfigKeys (ConfUtils.java:logGet(43)) - raft.server.watch.timeout.denomination = 1s (default)
2019-09-26 13:23:06,624 [0960db07-db6c-4a00-837c-4772f3756226@group-5CE0672C48AD:LeaderElection179] INFO  server.RaftServerConfigKeys (ConfUtils.java:logGet(43)) - raft.server.watch.element-limit = 65536 (default)
2019-09-26 13:23:06,627 [fa1bb472-1576-4faf-80b1-ccac17e16c4f@group-FA0D4C58FCD6:LeaderElection178] INFO  impl.RoleInfo (RoleInfo.java:updateAndGet(143)) - fa1bb472-1576-4faf-80b1-ccac17e16c4f: start LeaderState
2019-09-26 13:23:06,627 [0960db07-db6c-4a00-837c-4772f3756226@group-5CE0672C48AD:LeaderElection179] INFO  impl.RoleInfo (RoleInfo.java:updateAndGet(143)) - 0960db07-db6c-4a00-837c-4772f3756226: start LeaderState
2019-09-26 13:23:06,627 [fa1bb472-1576-4faf-80b1-ccac17e16c4f@group-FA0D4C58FCD6:LeaderElection178] INFO  segmented.SegmentedRaftLogWorker (SegmentedRaftLogWorker.java:startLogSegment(380)) - fa1bb472-1576-4faf-80b1-ccac17e16c4f@group-FA0D4C58FCD6-SegmentedRaftLogWorker: Starting segment from index:0
2019-09-26 13:23:06,627 [0960db07-db6c-4a00-837c-4772f3756226@group-5CE0672C48AD:LeaderElection179] INFO  segmented.SegmentedRaftLogWorker (SegmentedRaftLogWorker.java:startLogSegment(380)) - 0960db07-db6c-4a00-837c-4772f3756226@group-5CE0672C48AD-SegmentedRaftLogWorker: Starting segment from index:0
2019-09-26 13:23:06,627 [fa1bb472-1576-4faf-80b1-ccac17e16c4f@group-FA0D4C58FCD6:LeaderElection178] INFO  impl.RaftServerImpl (ServerState.java:setRaftConf(354)) - fa1bb472-1576-4faf-80b1-ccac17e16c4f@group-FA0D4C58FCD6: set configuration 0: [fa1bb472-1576-4faf-80b1-ccac17e16c4f:192.168.164.238:32981], old=null at 0
2019-09-26 13:23:06,628 [0960db07-db6c-4a00-837c-4772f3756226@group-5CE0672C48AD:LeaderElection179] INFO  impl.RaftServerImpl (ServerState.java:setRaftConf(354)) - 0960db07-db6c-4a00-837c-4772f3756226@group-5CE0672C48AD: set configuration 0: [0960db07-db6c-4a00-837c-4772f3756226:192.168.164.238:36415], old=null at 0
2019-09-26 13:23:06,674 [df29ace5-11ac-4506-8343-2185a80235e7@group-8133C374E9E6-SegmentedRaftLogWorker] INFO  segmented.SegmentedRaftLogWorker (SegmentedRaftLogWorker.java:execute(569)) - df29ace5-11ac-4506-8343-2185a80235e7@group-8133C374E9E6-SegmentedRaftLogWorker: created new log segment /workdir/hadoop-ozone/ozonefs/target/test-dir/MiniOzoneClusterImpl-65334931-5d7a-4f00-a9a9-1cddd3067b9f/datanode-0/data/ratis/55027fe8-2a76-4eda-a182-8133c374e9e6/current/log_inprogress_0
2019-09-26 13:23:06,674 [df29ace5-11ac-4506-8343-2185a80235e7@group-89713092FA1B-SegmentedRaftLogWorker] INFO  segmented.SegmentedRaftLogWorker (SegmentedRaftLogWorker.java:execute(569)) - df29ace5-11ac-4506-8343-2185a80235e7@group-89713092FA1B-SegmentedRaftLogWorker: created new log segment /workdir/hadoop-ozone/ozonefs/target/test-dir/MiniOzoneClusterImpl-65334931-5d7a-4f00-a9a9-1cddd3067b9f/datanode-0/data/ratis/04c49b7d-1cb7-4169-8bef-89713092fa1b/current/log_inprogress_0
2019-09-26 13:23:06,674 [df29ace5-11ac-4506-8343-2185a80235e7@group-08956269DAFC-SegmentedRaftLogWorker] INFO  segmented.SegmentedRaftLogWorker (SegmentedRaftLogWorker.java:execute(569)) - df29ace5-11ac-4506-8343-2185a80235e7@group-08956269DAFC-SegmentedRaftLogWorker: created new log segment /workdir/hadoop-ozone/ozonefs/target/test-dir/MiniOzoneClusterImpl-65334931-5d7a-4f00-a9a9-1cddd3067b9f/datanode-0/data/ratis/2ec1717a-3306-4418-95f7-08956269dafc/current/log_inprogress_0
2019-09-26 13:23:06,674 [fa1bb472-1576-4faf-80b1-ccac17e16c4f@group-FA0D4C58FCD6-SegmentedRaftLogWorker] INFO  segmented.SegmentedRaftLogWorker (SegmentedRaftLogWorker.java:execute(569)) - fa1bb472-1576-4faf-80b1-ccac17e16c4f@group-FA0D4C58FCD6-SegmentedRaftLogWorker: created new log segment /workdir/hadoop-ozone/ozonefs/target/test-dir/MiniOzoneClusterImpl-65334931-5d7a-4f00-a9a9-1cddd3067b9f/datanode-1/data/ratis/6d19d7dd-0f43-4dd7-9f36-fa0d4c58fcd6/current/log_inprogress_0
2019-09-26 13:23:06,674 [0960db07-db6c-4a00-837c-4772f3756226@group-5CE0672C48AD-SegmentedRaftLogWorker] INFO  segmented.SegmentedRaftLogWorker (SegmentedRaftLogWorker.java:execute(569)) - 0960db07-db6c-4a00-837c-4772f3756226@group-5CE0672C48AD-SegmentedRaftLogWorker: created new log segment /workdir/hadoop-ozone/ozonefs/target/test-dir/MiniOzoneClusterImpl-65334931-5d7a-4f00-a9a9-1cddd3067b9f/datanode-2/data/ratis/c305992c-4cf2-4645-b794-5ce0672c48ad/current/log_inprogress_0
2019-09-26 13:23:06,674 [0960db07-db6c-4a00-837c-4772f3756226@group-F9B209428433-SegmentedRaftLogWorker] INFO  segmented.SegmentedRaftLogWorker (SegmentedRaftLogWorker.java:execute(569)) - 0960db07-db6c-4a00-837c-4772f3756226@group-F9B209428433-SegmentedRaftLogWorker: created new log segment /workdir/hadoop-ozone/ozonefs/target/test-dir/MiniOzoneClusterImpl-65334931-5d7a-4f00-a9a9-1cddd3067b9f/datanode-2/data/ratis/b21351c5-da2a-4411-b783-f9b209428433/current/log_inprogress_0
2019-09-26 13:23:06,674 [df29ace5-11ac-4506-8343-2185a80235e7@group-CD151F390FF7-SegmentedRaftLogWorker] INFO  segmented.SegmentedRaftLogWorker (SegmentedRaftLogWorker.java:execute(569)) - df29ace5-11ac-4506-8343-2185a80235e7@group-CD151F390FF7-SegmentedRaftLogWorker: created new log segment /workdir/hadoop-ozone/ozonefs/target/test-dir/MiniOzoneClusterImpl-65334931-5d7a-4f00-a9a9-1cddd3067b9f/datanode-0/data/ratis/c7eb23dd-f539-4028-8eda-cd151f390ff7/current/log_inprogress_0
2019-09-26 13:23:06,680 [Thread-3080] INFO  impl.FollowerState (FollowerState.java:run(106)) - 0960db07-db6c-4a00-837c-4772f3756226:group-E9752C9744F3 changes to CANDIDATE, lastRpcTime:5075, electionTimeout:5075ms
2019-09-26 13:23:06,680 [Thread-3080] INFO  impl.RoleInfo (RoleInfo.java:shutdownFollowerState(121)) - 0960db07-db6c-4a00-837c-4772f3756226: shutdown FollowerState
2019-09-26 13:23:06,681 [Thread-3080] INFO  impl.RaftServerImpl (RaftServerImpl.java:setRole(174)) - 0960db07-db6c-4a00-837c-4772f3756226@group-E9752C9744F3: changes role from  FOLLOWER to CANDIDATE at term 0 for changeToCandidate
2019-09-26 13:23:06,681 [Thread-3080] INFO  impl.RoleInfo (RoleInfo.java:updateAndGet(143)) - 0960db07-db6c-4a00-837c-4772f3756226: start LeaderElection
2019-09-26 13:23:06,702 [0960db07-db6c-4a00-837c-4772f3756226@group-E9752C9744F3:LeaderElection180] INFO  impl.LeaderElection (LeaderElection.java:askForVotes(182)) - 0960db07-db6c-4a00-837c-4772f3756226@group-E9752C9744F3:LeaderElection180: begin an election at term 1 for -1: [0960db07-db6c-4a00-837c-4772f3756226:192.168.164.238:36415], old=null
2019-09-26 13:23:06,702 [Thread-3086] INFO  impl.FollowerState (FollowerState.java:run(106)) - 0960db07-db6c-4a00-837c-4772f3756226:group-4F989592177C changes to CANDIDATE, lastRpcTime:5017, electionTimeout:5017ms
2019-09-26 13:23:06,702 [0960db07-db6c-4a00-837c-4772f3756226@group-E9752C9744F3:LeaderElection180] INFO  impl.RoleInfo (RoleInfo.java:shutdownLeaderElection(134)) - 0960db07-db6c-4a00-837c-4772f3756226: shutdown LeaderElection
2019-09-26 13:23:06,702 [Thread-3086] INFO  impl.RoleInfo (RoleInfo.java:shutdownFollowerState(121)) - 0960db07-db6c-4a00-837c-4772f3756226: shutdown FollowerState
2019-09-26 13:23:06,702 [0960db07-db6c-4a00-837c-4772f3756226@group-E9752C9744F3:LeaderElection180] INFO  impl.RaftServerImpl (RaftServerImpl.java:setRole(174)) - 0960db07-db6c-4a00-837c-4772f3756226@group-E9752C9744F3: changes role from CANDIDATE to LEADER at term 1 for changeToLeader
2019-09-26 13:23:06,702 [Thread-3086] INFO  impl.RaftServerImpl (RaftServerImpl.java:setRole(174)) - 0960db07-db6c-4a00-837c-4772f3756226@group-4F989592177C: changes role from  FOLLOWER to CANDIDATE at term 0 for changeToCandidate
2019-09-26 13:23:06,702 [0960db07-db6c-4a00-837c-4772f3756226@group-E9752C9744F3:LeaderElection180] INFO  impl.RaftServerImpl (ServerState.java:setLeader(253)) - 0960db07-db6c-4a00-837c-4772f3756226@group-E9752C9744F3: change Leader from null to 0960db07-db6c-4a00-837c-4772f3756226 at term 1 for becomeLeader, leader elected after 5101ms
2019-09-26 13:23:06,703 [Thread-3086] INFO  impl.RoleInfo (RoleInfo.java:updateAndGet(143)) - 0960db07-db6c-4a00-837c-4772f3756226: start LeaderElection
2019-09-26 13:23:06,703 [0960db07-db6c-4a00-837c-4772f3756226@group-E9752C9744F3:LeaderElection180] INFO  server.RaftServerConfigKeys (ConfUtils.java:logGet(43)) - raft.server.staging.catchup.gap = 1000 (default)
2019-09-26 13:23:06,703 [0960db07-db6c-4a00-837c-4772f3756226@group-E9752C9744F3:LeaderElection180] INFO  server.RaftServerConfigKeys (ConfUtils.java:logGet(43)) - raft.server.rpc.sleep.time = 25ms (default)
2019-09-26 13:23:06,706 [0960db07-db6c-4a00-837c-4772f3756226@group-E9752C9744F3:LeaderElection180] INFO  server.RaftServerConfigKeys (ConfUtils.java:logGet(43)) - raft.server.write.element-limit = 4096 (default)
2019-09-26 13:23:06,706 [0960db07-db6c-4a00-837c-4772f3756226@group-E9752C9744F3:LeaderElection180] INFO  server.RaftServerConfigKeys (ConfUtils.java:logGet(43)) - raft.server.watch.timeout = 10s (default)
2019-09-26 13:23:06,706 [0960db07-db6c-4a00-837c-4772f3756226@group-E9752C9744F3:LeaderElection180] INFO  server.RaftServerConfigKeys (ConfUtils.java:logGet(43)) - raft.server.watch.timeout.denomination = 1s (default)
2019-09-26 13:23:06,706 [0960db07-db6c-4a00-837c-4772f3756226@group-E9752C9744F3:LeaderElection180] INFO  server.RaftServerConfigKeys (ConfUtils.java:logGet(43)) - raft.server.watch.element-limit = 65536 (default)
2019-09-26 13:23:06,708 [0960db07-db6c-4a00-837c-4772f3756226@group-E9752C9744F3:LeaderElection180] INFO  impl.RoleInfo (RoleInfo.java:updateAndGet(143)) - 0960db07-db6c-4a00-837c-4772f3756226: start LeaderState
2019-09-26 13:23:06,708 [0960db07-db6c-4a00-837c-4772f3756226@group-E9752C9744F3:LeaderElection180] INFO  segmented.SegmentedRaftLogWorker (SegmentedRaftLogWorker.java:startLogSegment(380)) - 0960db07-db6c-4a00-837c-4772f3756226@group-E9752C9744F3-SegmentedRaftLogWorker: Starting segment from index:0
2019-09-26 13:23:06,709 [0960db07-db6c-4a00-837c-4772f3756226@group-E9752C9744F3:LeaderElection180] INFO  impl.RaftServerImpl (ServerState.java:setRaftConf(354)) - 0960db07-db6c-4a00-837c-4772f3756226@group-E9752C9744F3: set configuration 0: [0960db07-db6c-4a00-837c-4772f3756226:192.168.164.238:36415], old=null at 0
2019-09-26 13:23:06,721 [Thread-3077] INFO  impl.FollowerState (FollowerState.java:run(106)) - fa1bb472-1576-4faf-80b1-ccac17e16c4f:group-C8812CD0D4EB changes to CANDIDATE, lastRpcTime:5157, electionTimeout:5157ms
2019-09-26 13:23:06,722 [Thread-3077] INFO  impl.RoleInfo (RoleInfo.java:shutdownFollowerState(121)) - fa1bb472-1576-4faf-80b1-ccac17e16c4f: shutdown FollowerState
2019-09-26 13:23:06,722 [Thread-3077] INFO  impl.RaftServerImpl (RaftServerImpl.java:setRole(174)) - fa1bb472-1576-4faf-80b1-ccac17e16c4f@group-C8812CD0D4EB: changes role from  FOLLOWER to CANDIDATE at term 0 for changeToCandidate
2019-09-26 13:23:06,722 [Thread-3077] INFO  impl.RoleInfo (RoleInfo.java:updateAndGet(143)) - fa1bb472-1576-4faf-80b1-ccac17e16c4f: start LeaderElection
2019-09-26 13:23:06,741 [0960db07-db6c-4a00-837c-4772f3756226@group-4F989592177C:LeaderElection181] INFO  impl.LeaderElection (LeaderElection.java:askForVotes(182)) - 0960db07-db6c-4a00-837c-4772f3756226@group-4F989592177C:LeaderElection181: begin an election at term 1 for -1: [0960db07-db6c-4a00-837c-4772f3756226:192.168.164.238:36415], old=null
2019-09-26 13:23:06,741 [0960db07-db6c-4a00-837c-4772f3756226@group-4F989592177C:LeaderElection181] INFO  impl.RoleInfo (RoleInfo.java:shutdownLeaderElection(134)) - 0960db07-db6c-4a00-837c-4772f3756226: shutdown LeaderElection
2019-09-26 13:23:06,741 [0960db07-db6c-4a00-837c-4772f3756226@group-4F989592177C:LeaderElection181] INFO  impl.RaftServerImpl (RaftServerImpl.java:setRole(174)) - 0960db07-db6c-4a00-837c-4772f3756226@group-4F989592177C: changes role from CANDIDATE to LEADER at term 1 for changeToLeader
2019-09-26 13:23:06,741 [0960db07-db6c-4a00-837c-4772f3756226@group-4F989592177C:LeaderElection181] INFO  impl.RaftServerImpl (ServerState.java:setLeader(253)) - 0960db07-db6c-4a00-837c-4772f3756226@group-4F989592177C: change Leader from null to 0960db07-db6c-4a00-837c-4772f3756226 at term 1 for becomeLeader, leader elected after 5060ms
2019-09-26 13:23:06,741 [0960db07-db6c-4a00-837c-4772f3756226@group-4F989592177C:LeaderElection181] INFO  server.RaftServerConfigKeys (ConfUtils.java:logGet(43)) - raft.server.staging.catchup.gap = 1000 (default)
2019-09-26 13:23:06,741 [0960db07-db6c-4a00-837c-4772f3756226@group-4F989592177C:LeaderElection181] INFO  server.RaftServerConfigKeys (ConfUtils.java:logGet(43)) - raft.server.rpc.sleep.time = 25ms (default)
2019-09-26 13:23:06,741 [0960db07-db6c-4a00-837c-4772f3756226@group-4F989592177C:LeaderElection181] INFO  server.RaftServerConfigKeys (ConfUtils.java:logGet(43)) - raft.server.write.element-limit = 4096 (default)
2019-09-26 13:23:06,741 [0960db07-db6c-4a00-837c-4772f3756226@group-4F989592177C:LeaderElection181] INFO  server.RaftServerConfigKeys (ConfUtils.java:logGet(43)) - raft.server.watch.timeout = 10s (default)
2019-09-26 13:23:06,742 [0960db07-db6c-4a00-837c-4772f3756226@group-4F989592177C:LeaderElection181] INFO  server.RaftServerConfigKeys (ConfUtils.java:logGet(43)) - raft.server.watch.timeout.denomination = 1s (default)
2019-09-26 13:23:06,742 [0960db07-db6c-4a00-837c-4772f3756226@group-4F989592177C:LeaderElection181] INFO  server.RaftServerConfigKeys (ConfUtils.java:logGet(43)) - raft.server.watch.element-limit = 65536 (default)
2019-09-26 13:23:06,743 [0960db07-db6c-4a00-837c-4772f3756226@group-4F989592177C:LeaderElection181] INFO  impl.RoleInfo (RoleInfo.java:updateAndGet(143)) - 0960db07-db6c-4a00-837c-4772f3756226: start LeaderState
2019-09-26 13:23:06,743 [0960db07-db6c-4a00-837c-4772f3756226@group-4F989592177C:LeaderElection181] INFO  segmented.SegmentedRaftLogWorker (SegmentedRaftLogWorker.java:startLogSegment(380)) - 0960db07-db6c-4a00-837c-4772f3756226@group-4F989592177C-SegmentedRaftLogWorker: Starting segment from index:0
2019-09-26 13:23:06,744 [0960db07-db6c-4a00-837c-4772f3756226@group-4F989592177C:LeaderElection181] INFO  impl.RaftServerImpl (ServerState.java:setRaftConf(354)) - 0960db07-db6c-4a00-837c-4772f3756226@group-4F989592177C: set configuration 0: [0960db07-db6c-4a00-837c-4772f3756226:192.168.164.238:36415], old=null at 0
2019-09-26 13:23:06,759 [0960db07-db6c-4a00-837c-4772f3756226@group-E9752C9744F3-SegmentedRaftLogWorker] INFO  segmented.SegmentedRaftLogWorker (SegmentedRaftLogWorker.java:execute(569)) - 0960db07-db6c-4a00-837c-4772f3756226@group-E9752C9744F3-SegmentedRaftLogWorker: created new log segment /workdir/hadoop-ozone/ozonefs/target/test-dir/MiniOzoneClusterImpl-65334931-5d7a-4f00-a9a9-1cddd3067b9f/datanode-2/data/ratis/2557e665-5c10-4ce8-83bb-e9752c9744f3/current/log_inprogress_0
2019-09-26 13:23:06,760 [fa1bb472-1576-4faf-80b1-ccac17e16c4f@group-C8812CD0D4EB:LeaderElection182] INFO  impl.LeaderElection (LeaderElection.java:askForVotes(182)) - fa1bb472-1576-4faf-80b1-ccac17e16c4f@group-C8812CD0D4EB:LeaderElection182: begin an election at term 1 for -1: [fa1bb472-1576-4faf-80b1-ccac17e16c4f:192.168.164.238:32981], old=null
2019-09-26 13:23:06,760 [fa1bb472-1576-4faf-80b1-ccac17e16c4f@group-C8812CD0D4EB:LeaderElection182] INFO  impl.RoleInfo (RoleInfo.java:shutdownLeaderElection(134)) - fa1bb472-1576-4faf-80b1-ccac17e16c4f: shutdown LeaderElection
2019-09-26 13:23:06,760 [fa1bb472-1576-4faf-80b1-ccac17e16c4f@group-C8812CD0D4EB:LeaderElection182] INFO  impl.RaftServerImpl (RaftServerImpl.java:setRole(174)) - fa1bb472-1576-4faf-80b1-ccac17e16c4f@group-C8812CD0D4EB: changes role from CANDIDATE to LEADER at term 1 for changeToLeader
2019-09-26 13:23:06,760 [fa1bb472-1576-4faf-80b1-ccac17e16c4f@group-C8812CD0D4EB:LeaderElection182] INFO  impl.RaftServerImpl (ServerState.java:setLeader(253)) - fa1bb472-1576-4faf-80b1-ccac17e16c4f@group-C8812CD0D4EB: change Leader from null to fa1bb472-1576-4faf-80b1-ccac17e16c4f at term 1 for becomeLeader, leader elected after 5199ms
2019-09-26 13:23:06,760 [fa1bb472-1576-4faf-80b1-ccac17e16c4f@group-C8812CD0D4EB:LeaderElection182] INFO  server.RaftServerConfigKeys (ConfUtils.java:logGet(43)) - raft.server.staging.catchup.gap = 1000 (default)
2019-09-26 13:23:06,760 [fa1bb472-1576-4faf-80b1-ccac17e16c4f@group-C8812CD0D4EB:LeaderElection182] INFO  server.RaftServerConfigKeys (ConfUtils.java:logGet(43)) - raft.server.rpc.sleep.time = 25ms (default)
2019-09-26 13:23:06,760 [fa1bb472-1576-4faf-80b1-ccac17e16c4f@group-C8812CD0D4EB:LeaderElection182] INFO  server.RaftServerConfigKeys (ConfUtils.java:logGet(43)) - raft.server.write.element-limit = 4096 (default)
2019-09-26 13:23:06,760 [fa1bb472-1576-4faf-80b1-ccac17e16c4f@group-C8812CD0D4EB:LeaderElection182] INFO  server.RaftServerConfigKeys (ConfUtils.java:logGet(43)) - raft.server.watch.timeout = 10s (default)
2019-09-26 13:23:06,760 [fa1bb472-1576-4faf-80b1-ccac17e16c4f@group-C8812CD0D4EB:LeaderElection182] INFO  server.RaftServerConfigKeys (ConfUtils.java:logGet(43)) - raft.server.watch.timeout.denomination = 1s (default)
2019-09-26 13:23:06,760 [fa1bb472-1576-4faf-80b1-ccac17e16c4f@group-C8812CD0D4EB:LeaderElection182] INFO  server.RaftServerConfigKeys (ConfUtils.java:logGet(43)) - raft.server.watch.element-limit = 65536 (default)
2019-09-26 13:23:06,762 [fa1bb472-1576-4faf-80b1-ccac17e16c4f@group-C8812CD0D4EB:LeaderElection182] INFO  impl.RoleInfo (RoleInfo.java:updateAndGet(143)) - fa1bb472-1576-4faf-80b1-ccac17e16c4f: start LeaderState
2019-09-26 13:23:06,762 [fa1bb472-1576-4faf-80b1-ccac17e16c4f@group-C8812CD0D4EB:LeaderElection182] INFO  segmented.SegmentedRaftLogWorker (SegmentedRaftLogWorker.java:startLogSegment(380)) - fa1bb472-1576-4faf-80b1-ccac17e16c4f@group-C8812CD0D4EB-SegmentedRaftLogWorker: Starting segment from index:0
2019-09-26 13:23:06,763 [fa1bb472-1576-4faf-80b1-ccac17e16c4f@group-C8812CD0D4EB:LeaderElection182] INFO  impl.RaftServerImpl (ServerState.java:setRaftConf(354)) - fa1bb472-1576-4faf-80b1-ccac17e16c4f@group-C8812CD0D4EB: set configuration 0: [fa1bb472-1576-4faf-80b1-ccac17e16c4f:192.168.164.238:32981], old=null at 0
2019-09-26 13:23:06,786 [0960db07-db6c-4a00-837c-4772f3756226@group-4F989592177C-SegmentedRaftLogWorker] INFO  segmented.SegmentedRaftLogWorker (SegmentedRaftLogWorker.java:execute(569)) - 0960db07-db6c-4a00-837c-4772f3756226@group-4F989592177C-SegmentedRaftLogWorker: created new log segment /workdir/hadoop-ozone/ozonefs/target/test-dir/MiniOzoneClusterImpl-65334931-5d7a-4f00-a9a9-1cddd3067b9f/datanode-2/data/ratis/d6432080-f180-4a7a-9aad-4f989592177c/current/log_inprogress_0
2019-09-26 13:23:06,787 [Thread-3083] INFO  impl.FollowerState (FollowerState.java:run(106)) - 0960db07-db6c-4a00-837c-4772f3756226:group-B959596DFB98 changes to CANDIDATE, lastRpcTime:5142, electionTimeout:5142ms
2019-09-26 13:23:06,787 [Thread-3083] INFO  impl.RoleInfo (RoleInfo.java:shutdownFollowerState(121)) - 0960db07-db6c-4a00-837c-4772f3756226: shutdown FollowerState
2019-09-26 13:23:06,787 [Thread-3083] INFO  impl.RaftServerImpl (RaftServerImpl.java:setRole(174)) - 0960db07-db6c-4a00-837c-4772f3756226@group-B959596DFB98: changes role from  FOLLOWER to CANDIDATE at term 0 for changeToCandidate
2019-09-26 13:23:06,787 [Thread-3083] INFO  impl.RoleInfo (RoleInfo.java:updateAndGet(143)) - 0960db07-db6c-4a00-837c-4772f3756226: start LeaderElection
2019-09-26 13:23:06,809 [fa1bb472-1576-4faf-80b1-ccac17e16c4f@group-C8812CD0D4EB-SegmentedRaftLogWorker] INFO  segmented.SegmentedRaftLogWorker (SegmentedRaftLogWorker.java:execute(569)) - fa1bb472-1576-4faf-80b1-ccac17e16c4f@group-C8812CD0D4EB-SegmentedRaftLogWorker: created new log segment /workdir/hadoop-ozone/ozonefs/target/test-dir/MiniOzoneClusterImpl-65334931-5d7a-4f00-a9a9-1cddd3067b9f/datanode-1/data/ratis/5a344b5f-3ef9-4306-a974-c8812cd0d4eb/current/log_inprogress_0
2019-09-26 13:23:06,809 [0960db07-db6c-4a00-837c-4772f3756226@group-B959596DFB98:LeaderElection183] INFO  impl.LeaderElection (LeaderElection.java:askForVotes(182)) - 0960db07-db6c-4a00-837c-4772f3756226@group-B959596DFB98:LeaderElection183: begin an election at term 1 for -1: [0960db07-db6c-4a00-837c-4772f3756226:192.168.164.238:36415], old=null
2019-09-26 13:23:06,809 [0960db07-db6c-4a00-837c-4772f3756226@group-B959596DFB98:LeaderElection183] INFO  impl.RoleInfo (RoleInfo.java:shutdownLeaderElection(134)) - 0960db07-db6c-4a00-837c-4772f3756226: shutdown LeaderElection
2019-09-26 13:23:06,809 [0960db07-db6c-4a00-837c-4772f3756226@group-B959596DFB98:LeaderElection183] INFO  impl.RaftServerImpl (RaftServerImpl.java:setRole(174)) - 0960db07-db6c-4a00-837c-4772f3756226@group-B959596DFB98: changes role from CANDIDATE to LEADER at term 1 for changeToLeader
2019-09-26 13:23:06,809 [0960db07-db6c-4a00-837c-4772f3756226@group-B959596DFB98:LeaderElection183] INFO  impl.RaftServerImpl (ServerState.java:setLeader(253)) - 0960db07-db6c-4a00-837c-4772f3756226@group-B959596DFB98: change Leader from null to 0960db07-db6c-4a00-837c-4772f3756226 at term 1 for becomeLeader, leader elected after 5169ms
2019-09-26 13:23:06,809 [0960db07-db6c-4a00-837c-4772f3756226@group-B959596DFB98:LeaderElection183] INFO  server.RaftServerConfigKeys (ConfUtils.java:logGet(43)) - raft.server.staging.catchup.gap = 1000 (default)
2019-09-26 13:23:06,809 [0960db07-db6c-4a00-837c-4772f3756226@group-B959596DFB98:LeaderElection183] INFO  server.RaftServerConfigKeys (ConfUtils.java:logGet(43)) - raft.server.rpc.sleep.time = 25ms (default)
2019-09-26 13:23:06,810 [0960db07-db6c-4a00-837c-4772f3756226@group-B959596DFB98:LeaderElection183] INFO  server.RaftServerConfigKeys (ConfUtils.java:logGet(43)) - raft.server.write.element-limit = 4096 (default)
2019-09-26 13:23:06,810 [0960db07-db6c-4a00-837c-4772f3756226@group-B959596DFB98:LeaderElection183] INFO  server.RaftServerConfigKeys (ConfUtils.java:logGet(43)) - raft.server.watch.timeout = 10s (default)
2019-09-26 13:23:06,810 [0960db07-db6c-4a00-837c-4772f3756226@group-B959596DFB98:LeaderElection183] INFO  server.RaftServerConfigKeys (ConfUtils.java:logGet(43)) - raft.server.watch.timeout.denomination = 1s (default)
2019-09-26 13:23:06,810 [0960db07-db6c-4a00-837c-4772f3756226@group-B959596DFB98:LeaderElection183] INFO  server.RaftServerConfigKeys (ConfUtils.java:logGet(43)) - raft.server.watch.element-limit = 65536 (default)
2019-09-26 13:23:06,811 [0960db07-db6c-4a00-837c-4772f3756226@group-B959596DFB98:LeaderElection183] INFO  impl.RoleInfo (RoleInfo.java:updateAndGet(143)) - 0960db07-db6c-4a00-837c-4772f3756226: start LeaderState
2019-09-26 13:23:06,811 [0960db07-db6c-4a00-837c-4772f3756226@group-B959596DFB98:LeaderElection183] INFO  segmented.SegmentedRaftLogWorker (SegmentedRaftLogWorker.java:startLogSegment(380)) - 0960db07-db6c-4a00-837c-4772f3756226@group-B959596DFB98-SegmentedRaftLogWorker: Starting segment from index:0
2019-09-26 13:23:06,812 [0960db07-db6c-4a00-837c-4772f3756226@group-B959596DFB98:LeaderElection183] INFO  impl.RaftServerImpl (ServerState.java:setRaftConf(354)) - 0960db07-db6c-4a00-837c-4772f3756226@group-B959596DFB98: set configuration 0: [0960db07-db6c-4a00-837c-4772f3756226:192.168.164.238:36415], old=null at 0
2019-09-26 13:23:06,830 [Thread-3098] INFO  impl.FollowerState (FollowerState.java:run(106)) - fa1bb472-1576-4faf-80b1-ccac17e16c4f:group-DABA261B5A8A changes to CANDIDATE, lastRpcTime:5014, electionTimeout:5014ms
2019-09-26 13:23:06,831 [Thread-3098] INFO  impl.RoleInfo (RoleInfo.java:shutdownFollowerState(121)) - fa1bb472-1576-4faf-80b1-ccac17e16c4f: shutdown FollowerState
2019-09-26 13:23:06,831 [Thread-3098] INFO  impl.RaftServerImpl (RaftServerImpl.java:setRole(174)) - fa1bb472-1576-4faf-80b1-ccac17e16c4f@group-DABA261B5A8A: changes role from  FOLLOWER to CANDIDATE at term 0 for changeToCandidate
2019-09-26 13:23:06,831 [Thread-3098] INFO  impl.RoleInfo (RoleInfo.java:updateAndGet(143)) - fa1bb472-1576-4faf-80b1-ccac17e16c4f: start LeaderElection
2019-09-26 13:23:06,856 [Thread-3089] INFO  impl.FollowerState (FollowerState.java:run(106)) - fa1bb472-1576-4faf-80b1-ccac17e16c4f:group-634F5446A38B changes to CANDIDATE, lastRpcTime:5152, electionTimeout:5152ms
2019-09-26 13:23:06,857 [Thread-3089] INFO  impl.RoleInfo (RoleInfo.java:shutdownFollowerState(121)) - fa1bb472-1576-4faf-80b1-ccac17e16c4f: shutdown FollowerState
2019-09-26 13:23:06,857 [Thread-3089] INFO  impl.RaftServerImpl (RaftServerImpl.java:setRole(174)) - fa1bb472-1576-4faf-80b1-ccac17e16c4f@group-634F5446A38B: changes role from  FOLLOWER to CANDIDATE at term 0 for changeToCandidate
2019-09-26 13:23:06,857 [Thread-3089] INFO  impl.RoleInfo (RoleInfo.java:updateAndGet(143)) - fa1bb472-1576-4faf-80b1-ccac17e16c4f: start LeaderElection
2019-09-26 13:23:06,860 [0960db07-db6c-4a00-837c-4772f3756226@group-B959596DFB98-SegmentedRaftLogWorker] INFO  segmented.SegmentedRaftLogWorker (SegmentedRaftLogWorker.java:execute(569)) - 0960db07-db6c-4a00-837c-4772f3756226@group-B959596DFB98-SegmentedRaftLogWorker: created new log segment /workdir/hadoop-ozone/ozonefs/target/test-dir/MiniOzoneClusterImpl-65334931-5d7a-4f00-a9a9-1cddd3067b9f/datanode-2/data/ratis/2b960071-06de-407d-843b-b959596dfb98/current/log_inprogress_0
2019-09-26 13:23:06,861 [fa1bb472-1576-4faf-80b1-ccac17e16c4f@group-DABA261B5A8A:LeaderElection184] INFO  impl.LeaderElection (LeaderElection.java:askForVotes(182)) - fa1bb472-1576-4faf-80b1-ccac17e16c4f@group-DABA261B5A8A:LeaderElection184: begin an election at term 1 for -1: [fa1bb472-1576-4faf-80b1-ccac17e16c4f:192.168.164.238:32981], old=null
2019-09-26 13:23:06,861 [fa1bb472-1576-4faf-80b1-ccac17e16c4f@group-DABA261B5A8A:LeaderElection184] INFO  impl.RoleInfo (RoleInfo.java:shutdownLeaderElection(134)) - fa1bb472-1576-4faf-80b1-ccac17e16c4f: shutdown LeaderElection
2019-09-26 13:23:06,861 [fa1bb472-1576-4faf-80b1-ccac17e16c4f@group-DABA261B5A8A:LeaderElection184] INFO  impl.RaftServerImpl (RaftServerImpl.java:setRole(174)) - fa1bb472-1576-4faf-80b1-ccac17e16c4f@group-DABA261B5A8A: changes role from CANDIDATE to LEADER at term 1 for changeToLeader
2019-09-26 13:23:06,861 [fa1bb472-1576-4faf-80b1-ccac17e16c4f@group-DABA261B5A8A:LeaderElection184] INFO  impl.RaftServerImpl (ServerState.java:setLeader(253)) - fa1bb472-1576-4faf-80b1-ccac17e16c4f@group-DABA261B5A8A: change Leader from null to fa1bb472-1576-4faf-80b1-ccac17e16c4f at term 1 for becomeLeader, leader elected after 5049ms
2019-09-26 13:23:06,861 [fa1bb472-1576-4faf-80b1-ccac17e16c4f@group-DABA261B5A8A:LeaderElection184] INFO  server.RaftServerConfigKeys (ConfUtils.java:logGet(43)) - raft.server.staging.catchup.gap = 1000 (default)
2019-09-26 13:23:06,861 [fa1bb472-1576-4faf-80b1-ccac17e16c4f@group-DABA261B5A8A:LeaderElection184] INFO  server.RaftServerConfigKeys (ConfUtils.java:logGet(43)) - raft.server.rpc.sleep.time = 25ms (default)
2019-09-26 13:23:06,862 [fa1bb472-1576-4faf-80b1-ccac17e16c4f@group-DABA261B5A8A:LeaderElection184] INFO  server.RaftServerConfigKeys (ConfUtils.java:logGet(43)) - raft.server.write.element-limit = 4096 (default)
2019-09-26 13:23:06,862 [fa1bb472-1576-4faf-80b1-ccac17e16c4f@group-DABA261B5A8A:LeaderElection184] INFO  server.RaftServerConfigKeys (ConfUtils.java:logGet(43)) - raft.server.watch.timeout = 10s (default)
2019-09-26 13:23:06,862 [fa1bb472-1576-4faf-80b1-ccac17e16c4f@group-DABA261B5A8A:LeaderElection184] INFO  server.RaftServerConfigKeys (ConfUtils.java:logGet(43)) - raft.server.watch.timeout.denomination = 1s (default)
2019-09-26 13:23:06,862 [fa1bb472-1576-4faf-80b1-ccac17e16c4f@group-DABA261B5A8A:LeaderElection184] INFO  server.RaftServerConfigKeys (ConfUtils.java:logGet(43)) - raft.server.watch.element-limit = 65536 (default)
2019-09-26 13:23:06,864 [fa1bb472-1576-4faf-80b1-ccac17e16c4f@group-DABA261B5A8A:LeaderElection184] INFO  impl.RoleInfo (RoleInfo.java:updateAndGet(143)) - fa1bb472-1576-4faf-80b1-ccac17e16c4f: start LeaderState
2019-09-26 13:23:06,864 [fa1bb472-1576-4faf-80b1-ccac17e16c4f@group-DABA261B5A8A:LeaderElection184] INFO  segmented.SegmentedRaftLogWorker (SegmentedRaftLogWorker.java:startLogSegment(380)) - fa1bb472-1576-4faf-80b1-ccac17e16c4f@group-DABA261B5A8A-SegmentedRaftLogWorker: Starting segment from index:0
2019-09-26 13:23:06,865 [fa1bb472-1576-4faf-80b1-ccac17e16c4f@group-DABA261B5A8A:LeaderElection184] INFO  impl.RaftServerImpl (ServerState.java:setRaftConf(354)) - fa1bb472-1576-4faf-80b1-ccac17e16c4f@group-DABA261B5A8A: set configuration 0: [fa1bb472-1576-4faf-80b1-ccac17e16c4f:192.168.164.238:32981], old=null at 0
2019-09-26 13:23:06,873 [fa1bb472-1576-4faf-80b1-ccac17e16c4f@group-634F5446A38B:LeaderElection185] INFO  impl.LeaderElection (LeaderElection.java:askForVotes(182)) - fa1bb472-1576-4faf-80b1-ccac17e16c4f@group-634F5446A38B:LeaderElection185: begin an election at term 1 for -1: [fa1bb472-1576-4faf-80b1-ccac17e16c4f:192.168.164.238:32981], old=null
2019-09-26 13:23:06,873 [fa1bb472-1576-4faf-80b1-ccac17e16c4f@group-634F5446A38B:LeaderElection185] INFO  impl.RoleInfo (RoleInfo.java:shutdownLeaderElection(134)) - fa1bb472-1576-4faf-80b1-ccac17e16c4f: shutdown LeaderElection
2019-09-26 13:23:06,874 [fa1bb472-1576-4faf-80b1-ccac17e16c4f@group-634F5446A38B:LeaderElection185] INFO  impl.RaftServerImpl (RaftServerImpl.java:setRole(174)) - fa1bb472-1576-4faf-80b1-ccac17e16c4f@group-634F5446A38B: changes role from CANDIDATE to LEADER at term 1 for changeToLeader
2019-09-26 13:23:06,874 [fa1bb472-1576-4faf-80b1-ccac17e16c4f@group-634F5446A38B:LeaderElection185] INFO  impl.RaftServerImpl (ServerState.java:setLeader(253)) - fa1bb472-1576-4faf-80b1-ccac17e16c4f@group-634F5446A38B: change Leader from null to fa1bb472-1576-4faf-80b1-ccac17e16c4f at term 1 for becomeLeader, leader elected after 5173ms
2019-09-26 13:23:06,874 [fa1bb472-1576-4faf-80b1-ccac17e16c4f@group-634F5446A38B:LeaderElection185] INFO  server.RaftServerConfigKeys (ConfUtils.java:logGet(43)) - raft.server.staging.catchup.gap = 1000 (default)
2019-09-26 13:23:06,874 [fa1bb472-1576-4faf-80b1-ccac17e16c4f@group-634F5446A38B:LeaderElection185] INFO  server.RaftServerConfigKeys (ConfUtils.java:logGet(43)) - raft.server.rpc.sleep.time = 25ms (default)
2019-09-26 13:23:06,874 [fa1bb472-1576-4faf-80b1-ccac17e16c4f@group-634F5446A38B:LeaderElection185] INFO  server.RaftServerConfigKeys (ConfUtils.java:logGet(43)) - raft.server.write.element-limit = 4096 (default)
2019-09-26 13:23:06,874 [fa1bb472-1576-4faf-80b1-ccac17e16c4f@group-634F5446A38B:LeaderElection185] INFO  server.RaftServerConfigKeys (ConfUtils.java:logGet(43)) - raft.server.watch.timeout = 10s (default)
2019-09-26 13:23:06,874 [fa1bb472-1576-4faf-80b1-ccac17e16c4f@group-634F5446A38B:LeaderElection185] INFO  server.RaftServerConfigKeys (ConfUtils.java:logGet(43)) - raft.server.watch.timeout.denomination = 1s (default)
2019-09-26 13:23:06,875 [fa1bb472-1576-4faf-80b1-ccac17e16c4f@group-634F5446A38B:LeaderElection185] INFO  server.RaftServerConfigKeys (ConfUtils.java:logGet(43)) - raft.server.watch.element-limit = 65536 (default)
2019-09-26 13:23:06,876 [fa1bb472-1576-4faf-80b1-ccac17e16c4f@group-634F5446A38B:LeaderElection185] INFO  impl.RoleInfo (RoleInfo.java:updateAndGet(143)) - fa1bb472-1576-4faf-80b1-ccac17e16c4f: start LeaderState
2019-09-26 13:23:06,877 [fa1bb472-1576-4faf-80b1-ccac17e16c4f@group-634F5446A38B:LeaderElection185] INFO  segmented.SegmentedRaftLogWorker (SegmentedRaftLogWorker.java:startLogSegment(380)) - fa1bb472-1576-4faf-80b1-ccac17e16c4f@group-634F5446A38B-SegmentedRaftLogWorker: Starting segment from index:0
2019-09-26 13:23:06,877 [fa1bb472-1576-4faf-80b1-ccac17e16c4f@group-634F5446A38B:LeaderElection185] INFO  impl.RaftServerImpl (ServerState.java:setRaftConf(354)) - fa1bb472-1576-4faf-80b1-ccac17e16c4f@group-634F5446A38B: set configuration 0: [fa1bb472-1576-4faf-80b1-ccac17e16c4f:192.168.164.238:32981], old=null at 0
2019-09-26 13:23:06,903 [Thread-3092] INFO  impl.FollowerState (FollowerState.java:run(106)) - 0960db07-db6c-4a00-837c-4772f3756226:group-D6F8FB99A61C changes to CANDIDATE, lastRpcTime:5178, electionTimeout:5178ms
2019-09-26 13:23:06,903 [Thread-3092] INFO  impl.RoleInfo (RoleInfo.java:shutdownFollowerState(121)) - 0960db07-db6c-4a00-837c-4772f3756226: shutdown FollowerState
2019-09-26 13:23:06,903 [Thread-3092] INFO  impl.RaftServerImpl (RaftServerImpl.java:setRole(174)) - 0960db07-db6c-4a00-837c-4772f3756226@group-D6F8FB99A61C: changes role from  FOLLOWER to CANDIDATE at term 0 for changeToCandidate
2019-09-26 13:23:06,903 [Thread-3092] INFO  impl.RoleInfo (RoleInfo.java:updateAndGet(143)) - 0960db07-db6c-4a00-837c-4772f3756226: start LeaderElection
2019-09-26 13:23:06,913 [fa1bb472-1576-4faf-80b1-ccac17e16c4f@group-DABA261B5A8A-SegmentedRaftLogWorker] INFO  segmented.SegmentedRaftLogWorker (SegmentedRaftLogWorker.java:execute(569)) - fa1bb472-1576-4faf-80b1-ccac17e16c4f@group-DABA261B5A8A-SegmentedRaftLogWorker: created new log segment /workdir/hadoop-ozone/ozonefs/target/test-dir/MiniOzoneClusterImpl-65334931-5d7a-4f00-a9a9-1cddd3067b9f/datanode-1/data/ratis/d0a77e5d-26a7-4cc2-a910-daba261b5a8a/current/log_inprogress_0
2019-09-26 13:23:06,927 [fa1bb472-1576-4faf-80b1-ccac17e16c4f@group-634F5446A38B-SegmentedRaftLogWorker] INFO  segmented.SegmentedRaftLogWorker (SegmentedRaftLogWorker.java:execute(569)) - fa1bb472-1576-4faf-80b1-ccac17e16c4f@group-634F5446A38B-SegmentedRaftLogWorker: created new log segment /workdir/hadoop-ozone/ozonefs/target/test-dir/MiniOzoneClusterImpl-65334931-5d7a-4f00-a9a9-1cddd3067b9f/datanode-1/data/ratis/1d449d3a-0728-4c55-a2c8-634f5446a38b/current/log_inprogress_0
2019-09-26 13:23:06,927 [0960db07-db6c-4a00-837c-4772f3756226@group-D6F8FB99A61C:LeaderElection186] INFO  impl.LeaderElection (LeaderElection.java:askForVotes(182)) - 0960db07-db6c-4a00-837c-4772f3756226@group-D6F8FB99A61C:LeaderElection186: begin an election at term 1 for -1: [0960db07-db6c-4a00-837c-4772f3756226:192.168.164.238:36415], old=null
2019-09-26 13:23:06,927 [0960db07-db6c-4a00-837c-4772f3756226@group-D6F8FB99A61C:LeaderElection186] INFO  impl.RoleInfo (RoleInfo.java:shutdownLeaderElection(134)) - 0960db07-db6c-4a00-837c-4772f3756226: shutdown LeaderElection
2019-09-26 13:23:06,927 [0960db07-db6c-4a00-837c-4772f3756226@group-D6F8FB99A61C:LeaderElection186] INFO  impl.RaftServerImpl (RaftServerImpl.java:setRole(174)) - 0960db07-db6c-4a00-837c-4772f3756226@group-D6F8FB99A61C: changes role from CANDIDATE to LEADER at term 1 for changeToLeader
2019-09-26 13:23:06,928 [0960db07-db6c-4a00-837c-4772f3756226@group-D6F8FB99A61C:LeaderElection186] INFO  impl.RaftServerImpl (ServerState.java:setLeader(253)) - 0960db07-db6c-4a00-837c-4772f3756226@group-D6F8FB99A61C: change Leader from null to 0960db07-db6c-4a00-837c-4772f3756226 at term 1 for becomeLeader, leader elected after 5207ms
2019-09-26 13:23:06,928 [0960db07-db6c-4a00-837c-4772f3756226@group-D6F8FB99A61C:LeaderElection186] INFO  server.RaftServerConfigKeys (ConfUtils.java:logGet(43)) - raft.server.staging.catchup.gap = 1000 (default)
2019-09-26 13:23:06,928 [0960db07-db6c-4a00-837c-4772f3756226@group-D6F8FB99A61C:LeaderElection186] INFO  server.RaftServerConfigKeys (ConfUtils.java:logGet(43)) - raft.server.rpc.sleep.time = 25ms (default)
2019-09-26 13:23:06,928 [0960db07-db6c-4a00-837c-4772f3756226@group-D6F8FB99A61C:LeaderElection186] INFO  server.RaftServerConfigKeys (ConfUtils.java:logGet(43)) - raft.server.write.element-limit = 4096 (default)
2019-09-26 13:23:06,928 [0960db07-db6c-4a00-837c-4772f3756226@group-D6F8FB99A61C:LeaderElection186] INFO  server.RaftServerConfigKeys (ConfUtils.java:logGet(43)) - raft.server.watch.timeout = 10s (default)
2019-09-26 13:23:06,928 [0960db07-db6c-4a00-837c-4772f3756226@group-D6F8FB99A61C:LeaderElection186] INFO  server.RaftServerConfigKeys (ConfUtils.java:logGet(43)) - raft.server.watch.timeout.denomination = 1s (default)
2019-09-26 13:23:06,928 [0960db07-db6c-4a00-837c-4772f3756226@group-D6F8FB99A61C:LeaderElection186] INFO  server.RaftServerConfigKeys (ConfUtils.java:logGet(43)) - raft.server.watch.element-limit = 65536 (default)
2019-09-26 13:23:06,930 [0960db07-db6c-4a00-837c-4772f3756226@group-D6F8FB99A61C:LeaderElection186] INFO  impl.RoleInfo (RoleInfo.java:updateAndGet(143)) - 0960db07-db6c-4a00-837c-4772f3756226: start LeaderState
2019-09-26 13:23:06,930 [0960db07-db6c-4a00-837c-4772f3756226@group-D6F8FB99A61C:LeaderElection186] INFO  segmented.SegmentedRaftLogWorker (SegmentedRaftLogWorker.java:startLogSegment(380)) - 0960db07-db6c-4a00-837c-4772f3756226@group-D6F8FB99A61C-SegmentedRaftLogWorker: Starting segment from index:0
2019-09-26 13:23:06,931 [0960db07-db6c-4a00-837c-4772f3756226@group-D6F8FB99A61C:LeaderElection186] INFO  impl.RaftServerImpl (ServerState.java:setRaftConf(354)) - 0960db07-db6c-4a00-837c-4772f3756226@group-D6F8FB99A61C: set configuration 0: [0960db07-db6c-4a00-837c-4772f3756226:192.168.164.238:36415], old=null at 0
2019-09-26 13:23:06,932 [Thread-3095] INFO  impl.FollowerState (FollowerState.java:run(106)) - fa1bb472-1576-4faf-80b1-ccac17e16c4f:group-B4814838B5EC changes to CANDIDATE, lastRpcTime:5157, electionTimeout:5157ms
2019-09-26 13:23:06,933 [Thread-3095] INFO  impl.RoleInfo (RoleInfo.java:shutdownFollowerState(121)) - fa1bb472-1576-4faf-80b1-ccac17e16c4f: shutdown FollowerState
2019-09-26 13:23:06,933 [Thread-3095] INFO  impl.RaftServerImpl (RaftServerImpl.java:setRole(174)) - fa1bb472-1576-4faf-80b1-ccac17e16c4f@group-B4814838B5EC: changes role from  FOLLOWER to CANDIDATE at term 0 for changeToCandidate
2019-09-26 13:23:06,933 [Thread-3095] INFO  impl.RoleInfo (RoleInfo.java:updateAndGet(143)) - fa1bb472-1576-4faf-80b1-ccac17e16c4f: start LeaderElection
2019-09-26 13:23:06,984 [0960db07-db6c-4a00-837c-4772f3756226@group-D6F8FB99A61C-SegmentedRaftLogWorker] INFO  segmented.SegmentedRaftLogWorker (SegmentedRaftLogWorker.java:execute(569)) - 0960db07-db6c-4a00-837c-4772f3756226@group-D6F8FB99A61C-SegmentedRaftLogWorker: created new log segment /workdir/hadoop-ozone/ozonefs/target/test-dir/MiniOzoneClusterImpl-65334931-5d7a-4f00-a9a9-1cddd3067b9f/datanode-2/data/ratis/0ee619e5-7702-4f0b-986b-d6f8fb99a61c/current/log_inprogress_0
2019-09-26 13:23:06,984 [fa1bb472-1576-4faf-80b1-ccac17e16c4f@group-B4814838B5EC:LeaderElection187] INFO  impl.LeaderElection (LeaderElection.java:askForVotes(182)) - fa1bb472-1576-4faf-80b1-ccac17e16c4f@group-B4814838B5EC:LeaderElection187: begin an election at term 1 for -1: [fa1bb472-1576-4faf-80b1-ccac17e16c4f:192.168.164.238:32981], old=null
2019-09-26 13:23:06,984 [fa1bb472-1576-4faf-80b1-ccac17e16c4f@group-B4814838B5EC:LeaderElection187] INFO  impl.RoleInfo (RoleInfo.java:shutdownLeaderElection(134)) - fa1bb472-1576-4faf-80b1-ccac17e16c4f: shutdown LeaderElection
2019-09-26 13:23:06,984 [fa1bb472-1576-4faf-80b1-ccac17e16c4f@group-B4814838B5EC:LeaderElection187] INFO  impl.RaftServerImpl (RaftServerImpl.java:setRole(174)) - fa1bb472-1576-4faf-80b1-ccac17e16c4f@group-B4814838B5EC: changes role from CANDIDATE to LEADER at term 1 for changeToLeader
2019-09-26 13:23:06,984 [fa1bb472-1576-4faf-80b1-ccac17e16c4f@group-B4814838B5EC:LeaderElection187] INFO  impl.RaftServerImpl (ServerState.java:setLeader(253)) - fa1bb472-1576-4faf-80b1-ccac17e16c4f@group-B4814838B5EC: change Leader from null to fa1bb472-1576-4faf-80b1-ccac17e16c4f at term 1 for becomeLeader, leader elected after 5213ms
2019-09-26 13:23:06,984 [fa1bb472-1576-4faf-80b1-ccac17e16c4f@group-B4814838B5EC:LeaderElection187] INFO  server.RaftServerConfigKeys (ConfUtils.java:logGet(43)) - raft.server.staging.catchup.gap = 1000 (default)
2019-09-26 13:23:06,985 [fa1bb472-1576-4faf-80b1-ccac17e16c4f@group-B4814838B5EC:LeaderElection187] INFO  server.RaftServerConfigKeys (ConfUtils.java:logGet(43)) - raft.server.rpc.sleep.time = 25ms (default)
2019-09-26 13:23:06,985 [fa1bb472-1576-4faf-80b1-ccac17e16c4f@group-B4814838B5EC:LeaderElection187] INFO  server.RaftServerConfigKeys (ConfUtils.java:logGet(43)) - raft.server.write.element-limit = 4096 (default)
2019-09-26 13:23:06,985 [fa1bb472-1576-4faf-80b1-ccac17e16c4f@group-B4814838B5EC:LeaderElection187] INFO  server.RaftServerConfigKeys (ConfUtils.java:logGet(43)) - raft.server.watch.timeout = 10s (default)
2019-09-26 13:23:06,985 [fa1bb472-1576-4faf-80b1-ccac17e16c4f@group-B4814838B5EC:LeaderElection187] INFO  server.RaftServerConfigKeys (ConfUtils.java:logGet(43)) - raft.server.watch.timeout.denomination = 1s (default)
2019-09-26 13:23:06,985 [fa1bb472-1576-4faf-80b1-ccac17e16c4f@group-B4814838B5EC:LeaderElection187] INFO  server.RaftServerConfigKeys (ConfUtils.java:logGet(43)) - raft.server.watch.element-limit = 65536 (default)
2019-09-26 13:23:06,987 [fa1bb472-1576-4faf-80b1-ccac17e16c4f@group-B4814838B5EC:LeaderElection187] INFO  impl.RoleInfo (RoleInfo.java:updateAndGet(143)) - fa1bb472-1576-4faf-80b1-ccac17e16c4f: start LeaderState
2019-09-26 13:23:06,987 [fa1bb472-1576-4faf-80b1-ccac17e16c4f@group-B4814838B5EC:LeaderElection187] INFO  segmented.SegmentedRaftLogWorker (SegmentedRaftLogWorker.java:startLogSegment(380)) - fa1bb472-1576-4faf-80b1-ccac17e16c4f@group-B4814838B5EC-SegmentedRaftLogWorker: Starting segment from index:0
2019-09-26 13:23:06,988 [fa1bb472-1576-4faf-80b1-ccac17e16c4f@group-B4814838B5EC:LeaderElection187] INFO  impl.RaftServerImpl (ServerState.java:setRaftConf(354)) - fa1bb472-1576-4faf-80b1-ccac17e16c4f@group-B4814838B5EC: set configuration 0: [fa1bb472-1576-4faf-80b1-ccac17e16c4f:192.168.164.238:32981], old=null at 0
2019-09-26 13:23:06,989 [Thread-3101] INFO  impl.FollowerState (FollowerState.java:run(106)) - fa1bb472-1576-4faf-80b1-ccac17e16c4f:group-102AC71A4AEC changes to CANDIDATE, lastRpcTime:5132, electionTimeout:5132ms
2019-09-26 13:23:06,989 [Thread-3101] INFO  impl.RoleInfo (RoleInfo.java:shutdownFollowerState(121)) - fa1bb472-1576-4faf-80b1-ccac17e16c4f: shutdown FollowerState
2019-09-26 13:23:06,989 [Thread-3101] INFO  impl.RaftServerImpl (RaftServerImpl.java:setRole(174)) - fa1bb472-1576-4faf-80b1-ccac17e16c4f@group-102AC71A4AEC: changes role from  FOLLOWER to CANDIDATE at term 0 for changeToCandidate
2019-09-26 13:23:06,989 [Thread-3101] INFO  impl.RoleInfo (RoleInfo.java:updateAndGet(143)) - fa1bb472-1576-4faf-80b1-ccac17e16c4f: start LeaderElection
2019-09-26 13:23:07,042 [fa1bb472-1576-4faf-80b1-ccac17e16c4f@group-B4814838B5EC-SegmentedRaftLogWorker] INFO  segmented.SegmentedRaftLogWorker (SegmentedRaftLogWorker.java:execute(569)) - fa1bb472-1576-4faf-80b1-ccac17e16c4f@group-B4814838B5EC-SegmentedRaftLogWorker: created new log segment /workdir/hadoop-ozone/ozonefs/target/test-dir/MiniOzoneClusterImpl-65334931-5d7a-4f00-a9a9-1cddd3067b9f/datanode-1/data/ratis/150288a9-3466-4d0c-9d4a-b4814838b5ec/current/log_inprogress_0
2019-09-26 13:23:07,043 [fa1bb472-1576-4faf-80b1-ccac17e16c4f@group-102AC71A4AEC:LeaderElection188] INFO  impl.LeaderElection (LeaderElection.java:askForVotes(182)) - fa1bb472-1576-4faf-80b1-ccac17e16c4f@group-102AC71A4AEC:LeaderElection188: begin an election at term 1 for -1: [fa1bb472-1576-4faf-80b1-ccac17e16c4f:192.168.164.238:32981], old=null
2019-09-26 13:23:07,043 [fa1bb472-1576-4faf-80b1-ccac17e16c4f@group-102AC71A4AEC:LeaderElection188] INFO  impl.RoleInfo (RoleInfo.java:shutdownLeaderElection(134)) - fa1bb472-1576-4faf-80b1-ccac17e16c4f: shutdown LeaderElection
2019-09-26 13:23:07,043 [fa1bb472-1576-4faf-80b1-ccac17e16c4f@group-102AC71A4AEC:LeaderElection188] INFO  impl.RaftServerImpl (RaftServerImpl.java:setRole(174)) - fa1bb472-1576-4faf-80b1-ccac17e16c4f@group-102AC71A4AEC: changes role from CANDIDATE to LEADER at term 1 for changeToLeader
2019-09-26 13:23:07,043 [fa1bb472-1576-4faf-80b1-ccac17e16c4f@group-102AC71A4AEC:LeaderElection188] INFO  impl.RaftServerImpl (ServerState.java:setLeader(253)) - fa1bb472-1576-4faf-80b1-ccac17e16c4f@group-102AC71A4AEC: change Leader from null to fa1bb472-1576-4faf-80b1-ccac17e16c4f at term 1 for becomeLeader, leader elected after 5191ms
2019-09-26 13:23:07,043 [fa1bb472-1576-4faf-80b1-ccac17e16c4f@group-102AC71A4AEC:LeaderElection188] INFO  server.RaftServerConfigKeys (ConfUtils.java:logGet(43)) - raft.server.staging.catchup.gap = 1000 (default)
2019-09-26 13:23:07,043 [fa1bb472-1576-4faf-80b1-ccac17e16c4f@group-102AC71A4AEC:LeaderElection188] INFO  server.RaftServerConfigKeys (ConfUtils.java:logGet(43)) - raft.server.rpc.sleep.time = 25ms (default)
2019-09-26 13:23:07,043 [fa1bb472-1576-4faf-80b1-ccac17e16c4f@group-102AC71A4AEC:LeaderElection188] INFO  server.RaftServerConfigKeys (ConfUtils.java:logGet(43)) - raft.server.write.element-limit = 4096 (default)
2019-09-26 13:23:07,044 [fa1bb472-1576-4faf-80b1-ccac17e16c4f@group-102AC71A4AEC:LeaderElection188] INFO  server.RaftServerConfigKeys (ConfUtils.java:logGet(43)) - raft.server.watch.timeout = 10s (default)
2019-09-26 13:23:07,044 [fa1bb472-1576-4faf-80b1-ccac17e16c4f@group-102AC71A4AEC:LeaderElection188] INFO  server.RaftServerConfigKeys (ConfUtils.java:logGet(43)) - raft.server.watch.timeout.denomination = 1s (default)
2019-09-26 13:23:07,044 [fa1bb472-1576-4faf-80b1-ccac17e16c4f@group-102AC71A4AEC:LeaderElection188] INFO  server.RaftServerConfigKeys (ConfUtils.java:logGet(43)) - raft.server.watch.element-limit = 65536 (default)
2019-09-26 13:23:07,046 [fa1bb472-1576-4faf-80b1-ccac17e16c4f@group-102AC71A4AEC:LeaderElection188] INFO  impl.RoleInfo (RoleInfo.java:updateAndGet(143)) - fa1bb472-1576-4faf-80b1-ccac17e16c4f: start LeaderState
2019-09-26 13:23:07,046 [fa1bb472-1576-4faf-80b1-ccac17e16c4f@group-102AC71A4AEC:LeaderElection188] INFO  segmented.SegmentedRaftLogWorker (SegmentedRaftLogWorker.java:startLogSegment(380)) - fa1bb472-1576-4faf-80b1-ccac17e16c4f@group-102AC71A4AEC-SegmentedRaftLogWorker: Starting segment from index:0
2019-09-26 13:23:07,046 [fa1bb472-1576-4faf-80b1-ccac17e16c4f@group-102AC71A4AEC:LeaderElection188] INFO  impl.RaftServerImpl (ServerState.java:setRaftConf(354)) - fa1bb472-1576-4faf-80b1-ccac17e16c4f@group-102AC71A4AEC: set configuration 0: [fa1bb472-1576-4faf-80b1-ccac17e16c4f:192.168.164.238:32981], old=null at 0
2019-09-26 13:23:07,107 [fa1bb472-1576-4faf-80b1-ccac17e16c4f@group-102AC71A4AEC-SegmentedRaftLogWorker] INFO  segmented.SegmentedRaftLogWorker (SegmentedRaftLogWorker.java:execute(569)) - fa1bb472-1576-4faf-80b1-ccac17e16c4f@group-102AC71A4AEC-SegmentedRaftLogWorker: created new log segment /workdir/hadoop-ozone/ozonefs/target/test-dir/MiniOzoneClusterImpl-65334931-5d7a-4f00-a9a9-1cddd3067b9f/datanode-1/data/ratis/e184592e-5e47-4dc3-9c7d-102ac71a4aec/current/log_inprogress_0
2019-09-26 13:23:07,474 [main] INFO  ozoneimpl.OzoneContainer (OzoneContainer.java:stop(231)) - Attempting to stop container services.
2019-09-26 13:23:07,474 [ForkJoinPool.commonPool-worker-1] INFO  ozoneimpl.OzoneContainer (OzoneContainer.java:stop(231)) - Attempting to stop container services.
2019-09-26 13:23:07,475 [main] INFO  impl.RaftServerProxy (RaftServerProxy.java:lambda$close$4(314)) - fa1bb472-1576-4faf-80b1-ccac17e16c4f: close
2019-09-26 13:23:07,475 [ForkJoinPool.commonPool-worker-1] INFO  impl.RaftServerProxy (RaftServerProxy.java:lambda$close$4(314)) - df29ace5-11ac-4506-8343-2185a80235e7: close
2019-09-26 13:23:07,476 [main] INFO  impl.RaftServerImpl (RaftServerImpl.java:lambda$shutdown$3(251)) - fa1bb472-1576-4faf-80b1-ccac17e16c4f@group-DABA261B5A8A: shutdown
2019-09-26 13:23:07,476 [ForkJoinPool.commonPool-worker-1] INFO  impl.RaftServerImpl (RaftServerImpl.java:lambda$shutdown$3(251)) - df29ace5-11ac-4506-8343-2185a80235e7@group-CA6B20A2A88E: shutdown
2019-09-26 13:23:07,476 [main] INFO  util.JmxRegister (JmxRegister.java:unregister(73)) - Successfully un-registered JMX Bean with object name Ratis:service=RaftServer,group=group-DABA261B5A8A,id=fa1bb472-1576-4faf-80b1-ccac17e16c4f
2019-09-26 13:23:07,477 [ForkJoinPool.commonPool-worker-1] INFO  util.JmxRegister (JmxRegister.java:unregister(73)) - Successfully un-registered JMX Bean with object name Ratis:service=RaftServer,group=group-CA6B20A2A88E,id=df29ace5-11ac-4506-8343-2185a80235e7
2019-09-26 13:23:07,477 [main] INFO  impl.RoleInfo (RoleInfo.java:shutdownLeaderState(104)) - fa1bb472-1576-4faf-80b1-ccac17e16c4f: shutdown LeaderState
2019-09-26 13:23:07,477 [ForkJoinPool.commonPool-worker-1] INFO  impl.RoleInfo (RoleInfo.java:shutdownLeaderState(104)) - df29ace5-11ac-4506-8343-2185a80235e7: shutdown LeaderState
2019-09-26 13:23:07,478 [main] INFO  impl.PendingRequests (PendingRequests.java:sendNotLeaderResponses(202)) - fa1bb472-1576-4faf-80b1-ccac17e16c4f-PendingRequests: sendNotLeaderResponses
2019-09-26 13:23:07,478 [ForkJoinPool.commonPool-worker-1] INFO  impl.PendingRequests (PendingRequests.java:sendNotLeaderResponses(202)) - df29ace5-11ac-4506-8343-2185a80235e7-PendingRequests: sendNotLeaderResponses
2019-09-26 13:23:07,478 [main] INFO  impl.StateMachineUpdater (StateMachineUpdater.java:stopAndJoin(125)) - fa1bb472-1576-4faf-80b1-ccac17e16c4f@group-DABA261B5A8A-StateMachineUpdater: set stopIndex = 0
2019-09-26 13:23:07,479 [main] INFO  impl.RaftServerImpl (ServerState.java:close(385)) - fa1bb472-1576-4faf-80b1-ccac17e16c4f@group-DABA261B5A8A: closes. applyIndex: 0
2019-09-26 13:23:07,479 [ForkJoinPool.commonPool-worker-1] INFO  impl.StateMachineUpdater (StateMachineUpdater.java:stopAndJoin(125)) - df29ace5-11ac-4506-8343-2185a80235e7@group-CA6B20A2A88E-StateMachineUpdater: set stopIndex = 0
2019-09-26 13:23:07,480 [fa1bb472-1576-4faf-80b1-ccac17e16c4f@group-DABA261B5A8A-SegmentedRaftLogWorker] INFO  segmented.SegmentedRaftLogWorker (SegmentedRaftLogWorker.java:run(313)) - fa1bb472-1576-4faf-80b1-ccac17e16c4f@group-DABA261B5A8A-SegmentedRaftLogWorker was interrupted, exiting. There are 0 tasks remaining in the queue.
2019-09-26 13:23:07,480 [ForkJoinPool.commonPool-worker-1] INFO  impl.RaftServerImpl (ServerState.java:close(385)) - df29ace5-11ac-4506-8343-2185a80235e7@group-CA6B20A2A88E: closes. applyIndex: 0
2019-09-26 13:23:07,480 [main] INFO  segmented.SegmentedRaftLogWorker (SegmentedRaftLogWorker.java:close(228)) - fa1bb472-1576-4faf-80b1-ccac17e16c4f@group-DABA261B5A8A-SegmentedRaftLogWorker close()
2019-09-26 13:23:07,480 [df29ace5-11ac-4506-8343-2185a80235e7@group-CA6B20A2A88E-SegmentedRaftLogWorker] INFO  segmented.SegmentedRaftLogWorker (SegmentedRaftLogWorker.java:run(313)) - df29ace5-11ac-4506-8343-2185a80235e7@group-CA6B20A2A88E-SegmentedRaftLogWorker was interrupted, exiting. There are 0 tasks remaining in the queue.
2019-09-26 13:23:07,484 [main] INFO  impl.RaftServerImpl (RaftServerImpl.java:lambda$shutdown$3(251)) - fa1bb472-1576-4faf-80b1-ccac17e16c4f@group-FA0D4C58FCD6: shutdown
2019-09-26 13:23:07,485 [main] INFO  util.JmxRegister (JmxRegister.java:unregister(73)) - Successfully un-registered JMX Bean with object name Ratis:service=RaftServer,group=group-FA0D4C58FCD6,id=fa1bb472-1576-4faf-80b1-ccac17e16c4f
2019-09-26 13:23:07,485 [main] INFO  impl.RoleInfo (RoleInfo.java:shutdownLeaderState(104)) - fa1bb472-1576-4faf-80b1-ccac17e16c4f: shutdown LeaderState
2019-09-26 13:23:07,485 [ForkJoinPool.commonPool-worker-1] INFO  segmented.SegmentedRaftLogWorker (SegmentedRaftLogWorker.java:close(228)) - df29ace5-11ac-4506-8343-2185a80235e7@group-CA6B20A2A88E-SegmentedRaftLogWorker close()
2019-09-26 13:23:07,486 [main] INFO  impl.PendingRequests (PendingRequests.java:sendNotLeaderResponses(202)) - fa1bb472-1576-4faf-80b1-ccac17e16c4f-PendingRequests: sendNotLeaderResponses
2019-09-26 13:23:07,489 [ForkJoinPool.commonPool-worker-1] INFO  impl.RaftServerImpl (RaftServerImpl.java:lambda$shutdown$3(251)) - df29ace5-11ac-4506-8343-2185a80235e7@group-61D8717D7DCD: shutdown
2019-09-26 13:23:07,489 [main] INFO  impl.StateMachineUpdater (StateMachineUpdater.java:stopAndJoin(125)) - fa1bb472-1576-4faf-80b1-ccac17e16c4f@group-FA0D4C58FCD6-StateMachineUpdater: set stopIndex = 0
2019-09-26 13:23:07,490 [main] INFO  impl.RaftServerImpl (ServerState.java:close(385)) - fa1bb472-1576-4faf-80b1-ccac17e16c4f@group-FA0D4C58FCD6: closes. applyIndex: 0
2019-09-26 13:23:07,489 [ForkJoinPool.commonPool-worker-1] INFO  util.JmxRegister (JmxRegister.java:unregister(73)) - Successfully un-registered JMX Bean with object name Ratis:service=RaftServer,group=group-61D8717D7DCD,id=df29ace5-11ac-4506-8343-2185a80235e7
2019-09-26 13:23:07,490 [ForkJoinPool.commonPool-worker-1] INFO  impl.RoleInfo (RoleInfo.java:shutdownLeaderState(104)) - df29ace5-11ac-4506-8343-2185a80235e7: shutdown LeaderState
2019-09-26 13:23:07,490 [fa1bb472-1576-4faf-80b1-ccac17e16c4f@group-FA0D4C58FCD6-SegmentedRaftLogWorker] INFO  segmented.SegmentedRaftLogWorker (SegmentedRaftLogWorker.java:run(313)) - fa1bb472-1576-4faf-80b1-ccac17e16c4f@group-FA0D4C58FCD6-SegmentedRaftLogWorker was interrupted, exiting. There are 0 tasks remaining in the queue.
2019-09-26 13:23:07,490 [ForkJoinPool.commonPool-worker-1] INFO  impl.PendingRequests (PendingRequests.java:sendNotLeaderResponses(202)) - df29ace5-11ac-4506-8343-2185a80235e7-PendingRequests: sendNotLeaderResponses
2019-09-26 13:23:07,491 [main] INFO  segmented.SegmentedRaftLogWorker (SegmentedRaftLogWorker.java:close(228)) - fa1bb472-1576-4faf-80b1-ccac17e16c4f@group-FA0D4C58FCD6-SegmentedRaftLogWorker close()
2019-09-26 13:23:07,491 [ForkJoinPool.commonPool-worker-1] INFO  impl.StateMachineUpdater (StateMachineUpdater.java:stopAndJoin(125)) - df29ace5-11ac-4506-8343-2185a80235e7@group-61D8717D7DCD-StateMachineUpdater: set stopIndex = 0
2019-09-26 13:23:07,494 [main] INFO  impl.RaftServerImpl (RaftServerImpl.java:lambda$shutdown$3(251)) - fa1bb472-1576-4faf-80b1-ccac17e16c4f@group-634F5446A38B: shutdown
2019-09-26 13:23:07,494 [ForkJoinPool.commonPool-worker-1] INFO  impl.RaftServerImpl (ServerState.java:close(385)) - df29ace5-11ac-4506-8343-2185a80235e7@group-61D8717D7DCD: closes. applyIndex: 0
2019-09-26 13:23:07,494 [main] INFO  util.JmxRegister (JmxRegister.java:unregister(73)) - Successfully un-registered JMX Bean with object name Ratis:service=RaftServer,group=group-634F5446A38B,id=fa1bb472-1576-4faf-80b1-ccac17e16c4f
2019-09-26 13:23:07,495 [df29ace5-11ac-4506-8343-2185a80235e7@group-61D8717D7DCD-SegmentedRaftLogWorker] INFO  segmented.SegmentedRaftLogWorker (SegmentedRaftLogWorker.java:run(313)) - df29ace5-11ac-4506-8343-2185a80235e7@group-61D8717D7DCD-SegmentedRaftLogWorker was interrupted, exiting. There are 0 tasks remaining in the queue.
2019-09-26 13:23:07,495 [main] INFO  impl.RoleInfo (RoleInfo.java:shutdownLeaderState(104)) - fa1bb472-1576-4faf-80b1-ccac17e16c4f: shutdown LeaderState
2019-09-26 13:23:07,495 [ForkJoinPool.commonPool-worker-1] INFO  segmented.SegmentedRaftLogWorker (SegmentedRaftLogWorker.java:close(228)) - df29ace5-11ac-4506-8343-2185a80235e7@group-61D8717D7DCD-SegmentedRaftLogWorker close()
2019-09-26 13:23:07,495 [main] INFO  impl.PendingRequests (PendingRequests.java:sendNotLeaderResponses(202)) - fa1bb472-1576-4faf-80b1-ccac17e16c4f-PendingRequests: sendNotLeaderResponses
2019-09-26 13:23:07,498 [ForkJoinPool.commonPool-worker-1] INFO  impl.RaftServerImpl (RaftServerImpl.java:lambda$shutdown$3(251)) - df29ace5-11ac-4506-8343-2185a80235e7@group-8133C374E9E6: shutdown
2019-09-26 13:23:07,498 [main] INFO  impl.StateMachineUpdater (StateMachineUpdater.java:stopAndJoin(125)) - fa1bb472-1576-4faf-80b1-ccac17e16c4f@group-634F5446A38B-StateMachineUpdater: set stopIndex = 0
2019-09-26 13:23:07,498 [ForkJoinPool.commonPool-worker-1] INFO  util.JmxRegister (JmxRegister.java:unregister(73)) - Successfully un-registered JMX Bean with object name Ratis:service=RaftServer,group=group-8133C374E9E6,id=df29ace5-11ac-4506-8343-2185a80235e7
2019-09-26 13:23:07,499 [main] INFO  impl.RaftServerImpl (ServerState.java:close(385)) - fa1bb472-1576-4faf-80b1-ccac17e16c4f@group-634F5446A38B: closes. applyIndex: 0
2019-09-26 13:23:07,499 [ForkJoinPool.commonPool-worker-1] INFO  impl.RoleInfo (RoleInfo.java:shutdownLeaderState(104)) - df29ace5-11ac-4506-8343-2185a80235e7: shutdown LeaderState
2019-09-26 13:23:07,500 [fa1bb472-1576-4faf-80b1-ccac17e16c4f@group-634F5446A38B-SegmentedRaftLogWorker] INFO  segmented.SegmentedRaftLogWorker (SegmentedRaftLogWorker.java:run(313)) - fa1bb472-1576-4faf-80b1-ccac17e16c4f@group-634F5446A38B-SegmentedRaftLogWorker was interrupted, exiting. There are 0 tasks remaining in the queue.
2019-09-26 13:23:07,500 [ForkJoinPool.commonPool-worker-1] INFO  impl.PendingRequests (PendingRequests.java:sendNotLeaderResponses(202)) - df29ace5-11ac-4506-8343-2185a80235e7-PendingRequests: sendNotLeaderResponses
2019-09-26 13:23:07,500 [main] INFO  segmented.SegmentedRaftLogWorker (SegmentedRaftLogWorker.java:close(228)) - fa1bb472-1576-4faf-80b1-ccac17e16c4f@group-634F5446A38B-SegmentedRaftLogWorker close()
2019-09-26 13:23:07,500 [ForkJoinPool.commonPool-worker-1] INFO  impl.StateMachineUpdater (StateMachineUpdater.java:stopAndJoin(125)) - df29ace5-11ac-4506-8343-2185a80235e7@group-8133C374E9E6-StateMachineUpdater: set stopIndex = 0
2019-09-26 13:23:07,503 [main] INFO  impl.RaftServerImpl (RaftServerImpl.java:lambda$shutdown$3(251)) - fa1bb472-1576-4faf-80b1-ccac17e16c4f@group-C8812CD0D4EB: shutdown
2019-09-26 13:23:07,503 [ForkJoinPool.commonPool-worker-1] INFO  impl.RaftServerImpl (ServerState.java:close(385)) - df29ace5-11ac-4506-8343-2185a80235e7@group-8133C374E9E6: closes. applyIndex: 0
2019-09-26 13:23:07,503 [main] INFO  util.JmxRegister (JmxRegister.java:unregister(73)) - Successfully un-registered JMX Bean with object name Ratis:service=RaftServer,group=group-C8812CD0D4EB,id=fa1bb472-1576-4faf-80b1-ccac17e16c4f
2019-09-26 13:23:07,504 [df29ace5-11ac-4506-8343-2185a80235e7@group-8133C374E9E6-SegmentedRaftLogWorker] INFO  segmented.SegmentedRaftLogWorker (SegmentedRaftLogWorker.java:run(313)) - df29ace5-11ac-4506-8343-2185a80235e7@group-8133C374E9E6-SegmentedRaftLogWorker was interrupted, exiting. There are 0 tasks remaining in the queue.
2019-09-26 13:23:07,504 [main] INFO  impl.RoleInfo (RoleInfo.java:shutdownLeaderState(104)) - fa1bb472-1576-4faf-80b1-ccac17e16c4f: shutdown LeaderState
2019-09-26 13:23:07,504 [ForkJoinPool.commonPool-worker-1] INFO  segmented.SegmentedRaftLogWorker (SegmentedRaftLogWorker.java:close(228)) - df29ace5-11ac-4506-8343-2185a80235e7@group-8133C374E9E6-SegmentedRaftLogWorker close()
2019-09-26 13:23:07,504 [main] INFO  impl.PendingRequests (PendingRequests.java:sendNotLeaderResponses(202)) - fa1bb472-1576-4faf-80b1-ccac17e16c4f-PendingRequests: sendNotLeaderResponses
2019-09-26 13:23:07,507 [ForkJoinPool.commonPool-worker-1] INFO  impl.RaftServerImpl (RaftServerImpl.java:lambda$shutdown$3(251)) - df29ace5-11ac-4506-8343-2185a80235e7@group-CD151F390FF7: shutdown
2019-09-26 13:23:07,507 [main] INFO  impl.StateMachineUpdater (StateMachineUpdater.java:stopAndJoin(125)) - fa1bb472-1576-4faf-80b1-ccac17e16c4f@group-C8812CD0D4EB-StateMachineUpdater: set stopIndex = 0
2019-09-26 13:23:07,508 [main] INFO  impl.RaftServerImpl (ServerState.java:close(385)) - fa1bb472-1576-4faf-80b1-ccac17e16c4f@group-C8812CD0D4EB: closes. applyIndex: 0
2019-09-26 13:23:07,508 [ForkJoinPool.commonPool-worker-1] INFO  util.JmxRegister (JmxRegister.java:unregister(73)) - Successfully un-registered JMX Bean with object name Ratis:service=RaftServer,group=group-CD151F390FF7,id=df29ace5-11ac-4506-8343-2185a80235e7
2019-09-26 13:23:07,509 [fa1bb472-1576-4faf-80b1-ccac17e16c4f@group-C8812CD0D4EB-SegmentedRaftLogWorker] INFO  segmented.SegmentedRaftLogWorker (SegmentedRaftLogWorker.java:run(313)) - fa1bb472-1576-4faf-80b1-ccac17e16c4f@group-C8812CD0D4EB-SegmentedRaftLogWorker was interrupted, exiting. There are 0 tasks remaining in the queue.
2019-09-26 13:23:07,509 [ForkJoinPool.commonPool-worker-1] INFO  impl.RoleInfo (RoleInfo.java:shutdownLeaderState(104)) - df29ace5-11ac-4506-8343-2185a80235e7: shutdown LeaderState
2019-09-26 13:23:07,509 [main] INFO  segmented.SegmentedRaftLogWorker (SegmentedRaftLogWorker.java:close(228)) - fa1bb472-1576-4faf-80b1-ccac17e16c4f@group-C8812CD0D4EB-SegmentedRaftLogWorker close()
2019-09-26 13:23:07,509 [ForkJoinPool.commonPool-worker-1] INFO  impl.PendingRequests (PendingRequests.java:sendNotLeaderResponses(202)) - df29ace5-11ac-4506-8343-2185a80235e7-PendingRequests: sendNotLeaderResponses
2019-09-26 13:23:07,512 [main] INFO  impl.RaftServerImpl (RaftServerImpl.java:lambda$shutdown$3(251)) - fa1bb472-1576-4faf-80b1-ccac17e16c4f@group-B4814838B5EC: shutdown
2019-09-26 13:23:07,512 [ForkJoinPool.commonPool-worker-1] INFO  impl.StateMachineUpdater (StateMachineUpdater.java:stopAndJoin(125)) - df29ace5-11ac-4506-8343-2185a80235e7@group-CD151F390FF7-StateMachineUpdater: set stopIndex = 0
2019-09-26 13:23:07,513 [main] INFO  util.JmxRegister (JmxRegister.java:unregister(73)) - Successfully un-registered JMX Bean with object name Ratis:service=RaftServer,group=group-B4814838B5EC,id=fa1bb472-1576-4faf-80b1-ccac17e16c4f
2019-09-26 13:23:07,513 [main] INFO  impl.RoleInfo (RoleInfo.java:shutdownLeaderState(104)) - fa1bb472-1576-4faf-80b1-ccac17e16c4f: shutdown LeaderState
2019-09-26 13:23:07,513 [ForkJoinPool.commonPool-worker-1] INFO  impl.RaftServerImpl (ServerState.java:close(385)) - df29ace5-11ac-4506-8343-2185a80235e7@group-CD151F390FF7: closes. applyIndex: 0
2019-09-26 13:23:07,514 [main] INFO  impl.PendingRequests (PendingRequests.java:sendNotLeaderResponses(202)) - fa1bb472-1576-4faf-80b1-ccac17e16c4f-PendingRequests: sendNotLeaderResponses
2019-09-26 13:23:07,514 [df29ace5-11ac-4506-8343-2185a80235e7@group-CD151F390FF7-SegmentedRaftLogWorker] INFO  segmented.SegmentedRaftLogWorker (SegmentedRaftLogWorker.java:run(313)) - df29ace5-11ac-4506-8343-2185a80235e7@group-CD151F390FF7-SegmentedRaftLogWorker was interrupted, exiting. There are 0 tasks remaining in the queue.
2019-09-26 13:23:07,514 [main] INFO  impl.StateMachineUpdater (StateMachineUpdater.java:stopAndJoin(125)) - fa1bb472-1576-4faf-80b1-ccac17e16c4f@group-B4814838B5EC-StateMachineUpdater: set stopIndex = 0
2019-09-26 13:23:07,515 [main] INFO  impl.RaftServerImpl (ServerState.java:close(385)) - fa1bb472-1576-4faf-80b1-ccac17e16c4f@group-B4814838B5EC: closes. applyIndex: 0
2019-09-26 13:23:07,515 [ForkJoinPool.commonPool-worker-1] INFO  segmented.SegmentedRaftLogWorker (SegmentedRaftLogWorker.java:close(228)) - df29ace5-11ac-4506-8343-2185a80235e7@group-CD151F390FF7-SegmentedRaftLogWorker close()
2019-09-26 13:23:07,516 [fa1bb472-1576-4faf-80b1-ccac17e16c4f@group-B4814838B5EC-SegmentedRaftLogWorker] INFO  segmented.SegmentedRaftLogWorker (SegmentedRaftLogWorker.java:run(313)) - fa1bb472-1576-4faf-80b1-ccac17e16c4f@group-B4814838B5EC-SegmentedRaftLogWorker was interrupted, exiting. There are 0 tasks remaining in the queue.
2019-09-26 13:23:07,518 [ForkJoinPool.commonPool-worker-1] INFO  impl.RaftServerImpl (RaftServerImpl.java:lambda$shutdown$3(251)) - df29ace5-11ac-4506-8343-2185a80235e7@group-89713092FA1B: shutdown
2019-09-26 13:23:07,518 [main] INFO  segmented.SegmentedRaftLogWorker (SegmentedRaftLogWorker.java:close(228)) - fa1bb472-1576-4faf-80b1-ccac17e16c4f@group-B4814838B5EC-SegmentedRaftLogWorker close()
2019-09-26 13:23:07,518 [ForkJoinPool.commonPool-worker-1] INFO  util.JmxRegister (JmxRegister.java:unregister(73)) - Successfully un-registered JMX Bean with object name Ratis:service=RaftServer,group=group-89713092FA1B,id=df29ace5-11ac-4506-8343-2185a80235e7
2019-09-26 13:23:07,521 [main] INFO  impl.RaftServerImpl (RaftServerImpl.java:lambda$shutdown$3(251)) - fa1bb472-1576-4faf-80b1-ccac17e16c4f@group-102AC71A4AEC: shutdown
2019-09-26 13:23:07,521 [ForkJoinPool.commonPool-worker-1] INFO  impl.RoleInfo (RoleInfo.java:shutdownLeaderState(104)) - df29ace5-11ac-4506-8343-2185a80235e7: shutdown LeaderState
2019-09-26 13:23:07,521 [main] INFO  util.JmxRegister (JmxRegister.java:unregister(73)) - Successfully un-registered JMX Bean with object name Ratis:service=RaftServer,group=group-102AC71A4AEC,id=fa1bb472-1576-4faf-80b1-ccac17e16c4f
2019-09-26 13:23:07,521 [ForkJoinPool.commonPool-worker-1] INFO  impl.PendingRequests (PendingRequests.java:sendNotLeaderResponses(202)) - df29ace5-11ac-4506-8343-2185a80235e7-PendingRequests: sendNotLeaderResponses
2019-09-26 13:23:07,522 [main] INFO  impl.RoleInfo (RoleInfo.java:shutdownLeaderState(104)) - fa1bb472-1576-4faf-80b1-ccac17e16c4f: shutdown LeaderState
2019-09-26 13:23:07,522 [ForkJoinPool.commonPool-worker-1] INFO  impl.StateMachineUpdater (StateMachineUpdater.java:stopAndJoin(125)) - df29ace5-11ac-4506-8343-2185a80235e7@group-89713092FA1B-StateMachineUpdater: set stopIndex = 0
2019-09-26 13:23:07,523 [ForkJoinPool.commonPool-worker-1] INFO  impl.RaftServerImpl (ServerState.java:close(385)) - df29ace5-11ac-4506-8343-2185a80235e7@group-89713092FA1B: closes. applyIndex: 0
2019-09-26 13:23:07,522 [main] INFO  impl.PendingRequests (PendingRequests.java:sendNotLeaderResponses(202)) - fa1bb472-1576-4faf-80b1-ccac17e16c4f-PendingRequests: sendNotLeaderResponses
2019-09-26 13:23:07,523 [df29ace5-11ac-4506-8343-2185a80235e7@group-89713092FA1B-SegmentedRaftLogWorker] INFO  segmented.SegmentedRaftLogWorker (SegmentedRaftLogWorker.java:run(313)) - df29ace5-11ac-4506-8343-2185a80235e7@group-89713092FA1B-SegmentedRaftLogWorker was interrupted, exiting. There are 0 tasks remaining in the queue.
2019-09-26 13:23:07,523 [main] INFO  impl.StateMachineUpdater (StateMachineUpdater.java:stopAndJoin(125)) - fa1bb472-1576-4faf-80b1-ccac17e16c4f@group-102AC71A4AEC-StateMachineUpdater: set stopIndex = 0
2019-09-26 13:23:07,524 [main] INFO  impl.RaftServerImpl (ServerState.java:close(385)) - fa1bb472-1576-4faf-80b1-ccac17e16c4f@group-102AC71A4AEC: closes. applyIndex: 0
2019-09-26 13:23:07,523 [ForkJoinPool.commonPool-worker-1] INFO  segmented.SegmentedRaftLogWorker (SegmentedRaftLogWorker.java:close(228)) - df29ace5-11ac-4506-8343-2185a80235e7@group-89713092FA1B-SegmentedRaftLogWorker close()
2019-09-26 13:23:07,524 [fa1bb472-1576-4faf-80b1-ccac17e16c4f@group-102AC71A4AEC-SegmentedRaftLogWorker] INFO  segmented.SegmentedRaftLogWorker (SegmentedRaftLogWorker.java:run(313)) - fa1bb472-1576-4faf-80b1-ccac17e16c4f@group-102AC71A4AEC-SegmentedRaftLogWorker was interrupted, exiting. There are 0 tasks remaining in the queue.
2019-09-26 13:23:07,527 [ForkJoinPool.commonPool-worker-1] INFO  impl.RaftServerImpl (RaftServerImpl.java:lambda$shutdown$3(251)) - df29ace5-11ac-4506-8343-2185a80235e7@group-08956269DAFC: shutdown
2019-09-26 13:23:07,527 [main] INFO  segmented.SegmentedRaftLogWorker (SegmentedRaftLogWorker.java:close(228)) - fa1bb472-1576-4faf-80b1-ccac17e16c4f@group-102AC71A4AEC-SegmentedRaftLogWorker close()
2019-09-26 13:23:07,527 [ForkJoinPool.commonPool-worker-1] INFO  util.JmxRegister (JmxRegister.java:unregister(73)) - Successfully un-registered JMX Bean with object name Ratis:service=RaftServer,group=group-08956269DAFC,id=df29ace5-11ac-4506-8343-2185a80235e7
2019-09-26 13:23:07,530 [main] INFO  server.GrpcService (GrpcService.java:closeImpl(164)) - fa1bb472-1576-4faf-80b1-ccac17e16c4f: shutdown server with port 32981 now
2019-09-26 13:23:07,530 [ForkJoinPool.commonPool-worker-1] INFO  impl.RoleInfo (RoleInfo.java:shutdownLeaderState(104)) - df29ace5-11ac-4506-8343-2185a80235e7: shutdown LeaderState
2019-09-26 13:23:07,533 [main] INFO  server.GrpcService (GrpcService.java:closeImpl(172)) - fa1bb472-1576-4faf-80b1-ccac17e16c4f: shutdown server with port 32981 successfully
2019-09-26 13:23:07,534 [ForkJoinPool.commonPool-worker-1] INFO  impl.PendingRequests (PendingRequests.java:sendNotLeaderResponses(202)) - df29ace5-11ac-4506-8343-2185a80235e7-PendingRequests: sendNotLeaderResponses
2019-09-26 13:23:07,534 [ForkJoinPool.commonPool-worker-1] INFO  impl.StateMachineUpdater (StateMachineUpdater.java:stopAndJoin(125)) - df29ace5-11ac-4506-8343-2185a80235e7@group-08956269DAFC-StateMachineUpdater: set stopIndex = 0
2019-09-26 13:23:07,535 [ForkJoinPool.commonPool-worker-1] INFO  impl.RaftServerImpl (ServerState.java:close(385)) - df29ace5-11ac-4506-8343-2185a80235e7@group-08956269DAFC: closes. applyIndex: 0
2019-09-26 13:23:07,535 [df29ace5-11ac-4506-8343-2185a80235e7@group-08956269DAFC-SegmentedRaftLogWorker] INFO  segmented.SegmentedRaftLogWorker (SegmentedRaftLogWorker.java:run(313)) - df29ace5-11ac-4506-8343-2185a80235e7@group-08956269DAFC-SegmentedRaftLogWorker was interrupted, exiting. There are 0 tasks remaining in the queue.
2019-09-26 13:23:07,535 [ForkJoinPool.commonPool-worker-1] INFO  segmented.SegmentedRaftLogWorker (SegmentedRaftLogWorker.java:close(228)) - df29ace5-11ac-4506-8343-2185a80235e7@group-08956269DAFC-SegmentedRaftLogWorker close()
2019-09-26 13:23:07,538 [ForkJoinPool.commonPool-worker-1] INFO  server.GrpcService (GrpcService.java:closeImpl(164)) - df29ace5-11ac-4506-8343-2185a80235e7: shutdown server with port 44950 now
2019-09-26 13:23:07,540 [ForkJoinPool.commonPool-worker-1] INFO  server.GrpcService (GrpcService.java:closeImpl(172)) - df29ace5-11ac-4506-8343-2185a80235e7: shutdown server with port 44950 successfully
2019-09-26 13:23:07,542 [refreshUsed-/workdir/hadoop-ozone/ozonefs/target/test-dir/MiniOzoneClusterImpl-65334931-5d7a-4f00-a9a9-1cddd3067b9f/datanode-0/data/containers] WARN  fs.CachingGetSpaceUsed (CachingGetSpaceUsed.java:run(183)) - Thread Interrupted waiting to refresh disk information: sleep interrupted
2019-09-26 13:23:07,545 [refreshUsed-/workdir/hadoop-ozone/ozonefs/target/test-dir/MiniOzoneClusterImpl-65334931-5d7a-4f00-a9a9-1cddd3067b9f/datanode-1/data/containers] WARN  fs.CachingGetSpaceUsed (CachingGetSpaceUsed.java:run(183)) - Thread Interrupted waiting to refresh disk information: sleep interrupted
2019-09-26 13:23:07,583 [main] INFO  utils.BackgroundService (BackgroundService.java:shutdown(148)) - Shutting down service BlockDeletingService
2019-09-26 13:23:07,583 [ForkJoinPool.commonPool-worker-1] INFO  utils.BackgroundService (BackgroundService.java:shutdown(148)) - Shutting down service BlockDeletingService
2019-09-26 13:23:07,594 [main] INFO  statemachine.DatanodeStateMachine (DatanodeStateMachine.java:stopDaemon(395)) - Ozone container server stopped.
2019-09-26 13:23:07,596 [ForkJoinPool.commonPool-worker-1] INFO  statemachine.DatanodeStateMachine (DatanodeStateMachine.java:stopDaemon(395)) - Ozone container server stopped.
2019-09-26 13:23:07,601 [main] INFO  handler.ContextHandler (ContextHandler.java:doStop(910)) - Stopped o.e.j.w.WebAppContext@69bc4024{/,null,UNAVAILABLE}{/hddsDatanode}
2019-09-26 13:23:07,603 [ForkJoinPool.commonPool-worker-1] INFO  handler.ContextHandler (ContextHandler.java:doStop(910)) - Stopped o.e.j.w.WebAppContext@51508029{/,null,UNAVAILABLE}{/hddsDatanode}
2019-09-26 13:23:07,603 [main] INFO  server.AbstractConnector (AbstractConnector.java:doStop(318)) - Stopped ServerConnector@3578a45b{HTTP/1.1,[http/1.1]}{0.0.0.0:0}
2019-09-26 13:23:07,603 [ForkJoinPool.commonPool-worker-1] INFO  server.AbstractConnector (AbstractConnector.java:doStop(318)) - Stopped ServerConnector@5f20b6fe{HTTP/1.1,[http/1.1]}{0.0.0.0:0}
2019-09-26 13:23:07,604 [main] INFO  handler.ContextHandler (ContextHandler.java:doStop(910)) - Stopped o.e.j.s.ServletContextHandler@5f166f2e{/static,jar:file:/home/user/.m2/repository/org/apache/hadoop/hadoop-hdds-container-service/0.5.0-SNAPSHOT/hadoop-hdds-container-service-0.5.0-SNAPSHOT.jar!/webapps/static,UNAVAILABLE}
2019-09-26 13:23:07,606 [ForkJoinPool.commonPool-worker-1] INFO  handler.ContextHandler (ContextHandler.java:doStop(910)) - Stopped o.e.j.s.ServletContextHandler@7e3d168e{/static,jar:file:/home/user/.m2/repository/org/apache/hadoop/hadoop-hdds-container-service/0.5.0-SNAPSHOT/hadoop-hdds-container-service-0.5.0-SNAPSHOT.jar!/webapps/static,UNAVAILABLE}
2019-09-26 13:23:07,606 [main] INFO  handler.ContextHandler (ContextHandler.java:doStop(910)) - Stopped o.e.j.s.ServletContextHandler@5c41b8d8{/logs,file:///workdir/hadoop-ozone/ozonefs/target/log,UNAVAILABLE}
2019-09-26 13:23:07,608 [ForkJoinPool.commonPool-worker-1] INFO  handler.ContextHandler (ContextHandler.java:doStop(910)) - Stopped o.e.j.s.ServletContextHandler@bfd97fb{/logs,file:///workdir/hadoop-ozone/ozonefs/target/log,UNAVAILABLE}
2019-09-26 13:23:08,326 [Datanode State Machine Thread - 0] INFO  statemachine.DatanodeStateMachine (DatanodeStateMachine.java:lambda$startDaemon$0(350)) - Ozone container server started.
2019-09-26 13:23:12,609 [main] INFO  ozoneimpl.OzoneContainer (OzoneContainer.java:stop(231)) - Attempting to stop container services.
2019-09-26 13:23:12,610 [main] INFO  impl.RaftServerProxy (RaftServerProxy.java:lambda$close$4(314)) - 0960db07-db6c-4a00-837c-4772f3756226: close
2019-09-26 13:23:12,610 [main] INFO  impl.RaftServerImpl (RaftServerImpl.java:lambda$shutdown$3(251)) - 0960db07-db6c-4a00-837c-4772f3756226@group-E9752C9744F3: shutdown
2019-09-26 13:23:12,610 [ForkJoinPool.commonPool-worker-0] INFO  impl.RaftServerImpl (RaftServerImpl.java:lambda$shutdown$3(251)) - 0960db07-db6c-4a00-837c-4772f3756226@group-5CE0672C48AD: shutdown
2019-09-26 13:23:12,611 [main] INFO  util.JmxRegister (JmxRegister.java:unregister(73)) - Successfully un-registered JMX Bean with object name Ratis:service=RaftServer,group=group-E9752C9744F3,id=0960db07-db6c-4a00-837c-4772f3756226
2019-09-26 13:23:12,611 [ForkJoinPool.commonPool-worker-0] INFO  util.JmxRegister (JmxRegister.java:unregister(73)) - Successfully un-registered JMX Bean with object name Ratis:service=RaftServer,group=group-5CE0672C48AD,id=0960db07-db6c-4a00-837c-4772f3756226
2019-09-26 13:23:12,611 [main] INFO  impl.RoleInfo (RoleInfo.java:shutdownLeaderState(104)) - 0960db07-db6c-4a00-837c-4772f3756226: shutdown LeaderState
2019-09-26 13:23:12,611 [ForkJoinPool.commonPool-worker-0] INFO  impl.RoleInfo (RoleInfo.java:shutdownLeaderState(104)) - 0960db07-db6c-4a00-837c-4772f3756226: shutdown LeaderState
2019-09-26 13:23:12,612 [main] INFO  impl.PendingRequests (PendingRequests.java:sendNotLeaderResponses(202)) - 0960db07-db6c-4a00-837c-4772f3756226-PendingRequests: sendNotLeaderResponses
2019-09-26 13:23:12,612 [ForkJoinPool.commonPool-worker-0] INFO  impl.PendingRequests (PendingRequests.java:sendNotLeaderResponses(202)) - 0960db07-db6c-4a00-837c-4772f3756226-PendingRequests: sendNotLeaderResponses
2019-09-26 13:23:12,612 [main] INFO  impl.StateMachineUpdater (StateMachineUpdater.java:stopAndJoin(125)) - 0960db07-db6c-4a00-837c-4772f3756226@group-E9752C9744F3-StateMachineUpdater: set stopIndex = 0
2019-09-26 13:23:12,613 [main] INFO  impl.RaftServerImpl (ServerState.java:close(385)) - 0960db07-db6c-4a00-837c-4772f3756226@group-E9752C9744F3: closes. applyIndex: 0
2019-09-26 13:23:12,613 [ForkJoinPool.commonPool-worker-0] INFO  impl.StateMachineUpdater (StateMachineUpdater.java:stopAndJoin(125)) - 0960db07-db6c-4a00-837c-4772f3756226@group-5CE0672C48AD-StateMachineUpdater: set stopIndex = 0
2019-09-26 13:23:12,613 [0960db07-db6c-4a00-837c-4772f3756226@group-E9752C9744F3-SegmentedRaftLogWorker] INFO  segmented.SegmentedRaftLogWorker (SegmentedRaftLogWorker.java:run(313)) - 0960db07-db6c-4a00-837c-4772f3756226@group-E9752C9744F3-SegmentedRaftLogWorker was interrupted, exiting. There are 0 tasks remaining in the queue.
2019-09-26 13:23:12,614 [ForkJoinPool.commonPool-worker-0] INFO  impl.RaftServerImpl (ServerState.java:close(385)) - 0960db07-db6c-4a00-837c-4772f3756226@group-5CE0672C48AD: closes. applyIndex: 0
2019-09-26 13:23:12,614 [main] INFO  segmented.SegmentedRaftLogWorker (SegmentedRaftLogWorker.java:close(228)) - 0960db07-db6c-4a00-837c-4772f3756226@group-E9752C9744F3-SegmentedRaftLogWorker close()
2019-09-26 13:23:12,614 [0960db07-db6c-4a00-837c-4772f3756226@group-5CE0672C48AD-SegmentedRaftLogWorker] INFO  segmented.SegmentedRaftLogWorker (SegmentedRaftLogWorker.java:run(313)) - 0960db07-db6c-4a00-837c-4772f3756226@group-5CE0672C48AD-SegmentedRaftLogWorker was interrupted, exiting. There are 0 tasks remaining in the queue.
2019-09-26 13:23:12,617 [main] INFO  impl.RaftServerImpl (RaftServerImpl.java:lambda$shutdown$3(251)) - 0960db07-db6c-4a00-837c-4772f3756226@group-4F989592177C: shutdown
2019-09-26 13:23:12,617 [ForkJoinPool.commonPool-worker-0] INFO  segmented.SegmentedRaftLogWorker (SegmentedRaftLogWorker.java:close(228)) - 0960db07-db6c-4a00-837c-4772f3756226@group-5CE0672C48AD-SegmentedRaftLogWorker close()
2019-09-26 13:23:12,617 [main] INFO  util.JmxRegister (JmxRegister.java:unregister(73)) - Successfully un-registered JMX Bean with object name Ratis:service=RaftServer,group=group-4F989592177C,id=0960db07-db6c-4a00-837c-4772f3756226
2019-09-26 13:23:12,619 [ForkJoinPool.commonPool-worker-0] INFO  impl.RaftServerImpl (RaftServerImpl.java:lambda$shutdown$3(251)) - 0960db07-db6c-4a00-837c-4772f3756226@group-D6F8FB99A61C: shutdown
2019-09-26 13:23:12,619 [main] INFO  impl.RoleInfo (RoleInfo.java:shutdownLeaderState(104)) - 0960db07-db6c-4a00-837c-4772f3756226: shutdown LeaderState
2019-09-26 13:23:12,620 [ForkJoinPool.commonPool-worker-0] INFO  util.JmxRegister (JmxRegister.java:unregister(73)) - Successfully un-registered JMX Bean with object name Ratis:service=RaftServer,group=group-D6F8FB99A61C,id=0960db07-db6c-4a00-837c-4772f3756226
2019-09-26 13:23:12,620 [main] INFO  impl.PendingRequests (PendingRequests.java:sendNotLeaderResponses(202)) - 0960db07-db6c-4a00-837c-4772f3756226-PendingRequests: sendNotLeaderResponses
2019-09-26 13:23:12,620 [ForkJoinPool.commonPool-worker-0] INFO  impl.RoleInfo (RoleInfo.java:shutdownLeaderState(104)) - 0960db07-db6c-4a00-837c-4772f3756226: shutdown LeaderState
2019-09-26 13:23:12,620 [main] INFO  impl.StateMachineUpdater (StateMachineUpdater.java:stopAndJoin(125)) - 0960db07-db6c-4a00-837c-4772f3756226@group-4F989592177C-StateMachineUpdater: set stopIndex = 0
2019-09-26 13:23:12,621 [main] INFO  impl.RaftServerImpl (ServerState.java:close(385)) - 0960db07-db6c-4a00-837c-4772f3756226@group-4F989592177C: closes. applyIndex: 0
2019-09-26 13:23:12,621 [ForkJoinPool.commonPool-worker-0] INFO  impl.PendingRequests (PendingRequests.java:sendNotLeaderResponses(202)) - 0960db07-db6c-4a00-837c-4772f3756226-PendingRequests: sendNotLeaderResponses
2019-09-26 13:23:12,621 [0960db07-db6c-4a00-837c-4772f3756226@group-4F989592177C-SegmentedRaftLogWorker] INFO  segmented.SegmentedRaftLogWorker (SegmentedRaftLogWorker.java:run(313)) - 0960db07-db6c-4a00-837c-4772f3756226@group-4F989592177C-SegmentedRaftLogWorker was interrupted, exiting. There are 0 tasks remaining in the queue.
2019-09-26 13:23:12,622 [ForkJoinPool.commonPool-worker-0] INFO  impl.StateMachineUpdater (StateMachineUpdater.java:stopAndJoin(125)) - 0960db07-db6c-4a00-837c-4772f3756226@group-D6F8FB99A61C-StateMachineUpdater: set stopIndex = 0
2019-09-26 13:23:12,622 [main] INFO  segmented.SegmentedRaftLogWorker (SegmentedRaftLogWorker.java:close(228)) - 0960db07-db6c-4a00-837c-4772f3756226@group-4F989592177C-SegmentedRaftLogWorker close()
2019-09-26 13:23:12,622 [ForkJoinPool.commonPool-worker-0] INFO  impl.RaftServerImpl (ServerState.java:close(385)) - 0960db07-db6c-4a00-837c-4772f3756226@group-D6F8FB99A61C: closes. applyIndex: 0
2019-09-26 13:23:12,624 [main] INFO  impl.RaftServerImpl (RaftServerImpl.java:lambda$shutdown$3(251)) - 0960db07-db6c-4a00-837c-4772f3756226@group-B959596DFB98: shutdown
2019-09-26 13:23:12,624 [0960db07-db6c-4a00-837c-4772f3756226@group-D6F8FB99A61C-SegmentedRaftLogWorker] INFO  segmented.SegmentedRaftLogWorker (SegmentedRaftLogWorker.java:run(313)) - 0960db07-db6c-4a00-837c-4772f3756226@group-D6F8FB99A61C-SegmentedRaftLogWorker was interrupted, exiting. There are 0 tasks remaining in the queue.
2019-09-26 13:23:12,624 [main] INFO  util.JmxRegister (JmxRegister.java:unregister(73)) - Successfully un-registered JMX Bean with object name Ratis:service=RaftServer,group=group-B959596DFB98,id=0960db07-db6c-4a00-837c-4772f3756226
2019-09-26 13:23:12,625 [ForkJoinPool.commonPool-worker-0] INFO  segmented.SegmentedRaftLogWorker (SegmentedRaftLogWorker.java:close(228)) - 0960db07-db6c-4a00-837c-4772f3756226@group-D6F8FB99A61C-SegmentedRaftLogWorker close()
2019-09-26 13:23:12,625 [main] INFO  impl.RoleInfo (RoleInfo.java:shutdownLeaderState(104)) - 0960db07-db6c-4a00-837c-4772f3756226: shutdown LeaderState
2019-09-26 13:23:12,627 [ForkJoinPool.commonPool-worker-0] INFO  impl.RaftServerImpl (RaftServerImpl.java:lambda$shutdown$3(251)) - 0960db07-db6c-4a00-837c-4772f3756226@group-F9B209428433: shutdown
2019-09-26 13:23:12,627 [main] INFO  impl.PendingRequests (PendingRequests.java:sendNotLeaderResponses(202)) - 0960db07-db6c-4a00-837c-4772f3756226-PendingRequests: sendNotLeaderResponses
2019-09-26 13:23:12,627 [ForkJoinPool.commonPool-worker-0] INFO  util.JmxRegister (JmxRegister.java:unregister(73)) - Successfully un-registered JMX Bean with object name Ratis:service=RaftServer,group=group-F9B209428433,id=0960db07-db6c-4a00-837c-4772f3756226
2019-09-26 13:23:12,627 [main] INFO  impl.StateMachineUpdater (StateMachineUpdater.java:stopAndJoin(125)) - 0960db07-db6c-4a00-837c-4772f3756226@group-B959596DFB98-StateMachineUpdater: set stopIndex = 0
2019-09-26 13:23:12,628 [main] INFO  impl.RaftServerImpl (ServerState.java:close(385)) - 0960db07-db6c-4a00-837c-4772f3756226@group-B959596DFB98: closes. applyIndex: 0
2019-09-26 13:23:12,628 [ForkJoinPool.commonPool-worker-0] INFO  impl.RoleInfo (RoleInfo.java:shutdownLeaderState(104)) - 0960db07-db6c-4a00-837c-4772f3756226: shutdown LeaderState
2019-09-26 13:23:12,628 [0960db07-db6c-4a00-837c-4772f3756226@group-B959596DFB98-SegmentedRaftLogWorker] INFO  segmented.SegmentedRaftLogWorker (SegmentedRaftLogWorker.java:run(313)) - 0960db07-db6c-4a00-837c-4772f3756226@group-B959596DFB98-SegmentedRaftLogWorker was interrupted, exiting. There are 0 tasks remaining in the queue.
2019-09-26 13:23:12,628 [ForkJoinPool.commonPool-worker-0] INFO  impl.PendingRequests (PendingRequests.java:sendNotLeaderResponses(202)) - 0960db07-db6c-4a00-837c-4772f3756226-PendingRequests: sendNotLeaderResponses
2019-09-26 13:23:12,629 [main] INFO  segmented.SegmentedRaftLogWorker (SegmentedRaftLogWorker.java:close(228)) - 0960db07-db6c-4a00-837c-4772f3756226@group-B959596DFB98-SegmentedRaftLogWorker close()
2019-09-26 13:23:12,629 [ForkJoinPool.commonPool-worker-0] INFO  impl.StateMachineUpdater (StateMachineUpdater.java:stopAndJoin(125)) - 0960db07-db6c-4a00-837c-4772f3756226@group-F9B209428433-StateMachineUpdater: set stopIndex = 0
2019-09-26 13:23:12,631 [ForkJoinPool.commonPool-worker-0] INFO  impl.RaftServerImpl (ServerState.java:close(385)) - 0960db07-db6c-4a00-837c-4772f3756226@group-F9B209428433: closes. applyIndex: 0
2019-09-26 13:23:12,631 [0960db07-db6c-4a00-837c-4772f3756226@group-F9B209428433-SegmentedRaftLogWorker] INFO  segmented.SegmentedRaftLogWorker (SegmentedRaftLogWorker.java:run(313)) - 0960db07-db6c-4a00-837c-4772f3756226@group-F9B209428433-SegmentedRaftLogWorker was interrupted, exiting. There are 0 tasks remaining in the queue.
2019-09-26 13:23:12,631 [ForkJoinPool.commonPool-worker-0] INFO  segmented.SegmentedRaftLogWorker (SegmentedRaftLogWorker.java:close(228)) - 0960db07-db6c-4a00-837c-4772f3756226@group-F9B209428433-SegmentedRaftLogWorker close()
2019-09-26 13:23:12,633 [main] INFO  server.GrpcService (GrpcService.java:closeImpl(164)) - 0960db07-db6c-4a00-837c-4772f3756226: shutdown server with port 36415 now
2019-09-26 13:23:12,635 [main] INFO  server.GrpcService (GrpcService.java:closeImpl(172)) - 0960db07-db6c-4a00-837c-4772f3756226: shutdown server with port 36415 successfully
2019-09-26 13:23:12,637 [refreshUsed-/workdir/hadoop-ozone/ozonefs/target/test-dir/MiniOzoneClusterImpl-65334931-5d7a-4f00-a9a9-1cddd3067b9f/datanode-2/data/containers] WARN  fs.CachingGetSpaceUsed (CachingGetSpaceUsed.java:run(183)) - Thread Interrupted waiting to refresh disk information: sleep interrupted
2019-09-26 13:23:12,663 [main] INFO  utils.BackgroundService (BackgroundService.java:shutdown(148)) - Shutting down service BlockDeletingService
2019-09-26 13:23:12,670 [main] INFO  statemachine.DatanodeStateMachine (DatanodeStateMachine.java:stopDaemon(395)) - Ozone container server stopped.
2019-09-26 13:23:12,671 [main] INFO  handler.ContextHandler (ContextHandler.java:doStop(910)) - Stopped o.e.j.w.WebAppContext@6dd38df2{/,null,UNAVAILABLE}{/hddsDatanode}
2019-09-26 13:23:12,672 [main] INFO  server.AbstractConnector (AbstractConnector.java:doStop(318)) - Stopped ServerConnector@99c3cee{HTTP/1.1,[http/1.1]}{0.0.0.0:0}
2019-09-26 13:23:12,672 [main] INFO  handler.ContextHandler (ContextHandler.java:doStop(910)) - Stopped o.e.j.s.ServletContextHandler@5d297d4d{/static,jar:file:/home/user/.m2/repository/org/apache/hadoop/hadoop-hdds-container-service/0.5.0-SNAPSHOT/hadoop-hdds-container-service-0.5.0-SNAPSHOT.jar!/webapps/static,UNAVAILABLE}
2019-09-26 13:23:12,672 [main] INFO  handler.ContextHandler (ContextHandler.java:doStop(910)) - Stopped o.e.j.s.ServletContextHandler@457692cb{/logs,file:///workdir/hadoop-ozone/ozonefs/target/log,UNAVAILABLE}
2019-09-26 13:23:12,673 [main] INFO  ozone.MiniOzoneClusterImpl (MiniOzoneClusterImpl.java:stopSCM(392)) - Stopping the StorageContainerManager
2019-09-26 13:23:12,673 [main] INFO  server.StorageContainerManager (StorageContainerManager.java:stop(808)) - Stopping Replication Manager Service.
2019-09-26 13:23:12,673 [main] INFO  container.ReplicationManager (ReplicationManager.java:stop(204)) - Stopping Replication Monitor Thread.
2019-09-26 13:23:12,674 [main] INFO  server.StorageContainerManager (StorageContainerManager.java:stop(815)) - Stopping Lease Manager of the command watchers
2019-09-26 13:23:12,674 [main] INFO  server.StorageContainerManager (StorageContainerManager.java:stop(822)) - Stopping datanode service RPC server
2019-09-26 13:23:12,674 [main] INFO  server.SCMDatanodeProtocolServer (SCMDatanodeProtocolServer.java:stop(367)) - Stopping the RPC server for DataNodes
2019-09-26 13:23:12,674 [main] INFO  ipc.Server (Server.java:stop(3082)) - Stopping server on 42035
2019-09-26 13:23:12,677 [IPC Server listener on 42035] INFO  ipc.Server (Server.java:run(1185)) - Stopping IPC Server listener on 42035
2019-09-26 13:23:12,677 [IPC Server Responder] INFO  ipc.Server (Server.java:run(1319)) - Stopping IPC Server Responder
2019-09-26 13:23:12,772 [SCM Heartbeat Processing Thread - 0] WARN  node.NodeStateManager (NodeStateManager.java:scheduleNextHealthCheck(655)) - Current Thread is interrupted, shutting down HB processing thread for Node Manager.
2019-09-26 13:23:12,772 [main] INFO  server.StorageContainerManager (StorageContainerManager.java:stop(830)) - Stopping block service RPC server
2019-09-26 13:23:12,772 [main] INFO  server.SCMBlockProtocolServer (SCMBlockProtocolServer.java:stop(155)) - Stopping the RPC server for Block Protocol
2019-09-26 13:23:12,773 [main] INFO  ipc.Server (Server.java:stop(3082)) - Stopping server on 44552
2019-09-26 13:23:12,775 [IPC Server listener on 44552] INFO  ipc.Server (Server.java:run(1185)) - Stopping IPC Server listener on 44552
2019-09-26 13:23:12,775 [main] INFO  server.StorageContainerManager (StorageContainerManager.java:stop(837)) - Stopping the StorageContainerLocationProtocol RPC server
2019-09-26 13:23:12,778 [main] INFO  server.SCMClientProtocolServer (SCMClientProtocolServer.java:stop(159)) - Stopping the RPC server for Client Protocol
2019-09-26 13:23:12,778 [main] INFO  ipc.Server (Server.java:stop(3082)) - Stopping server on 34400
2019-09-26 13:23:12,775 [IPC Server Responder] INFO  ipc.Server (Server.java:run(1319)) - Stopping IPC Server Responder
2019-09-26 13:23:12,781 [IPC Server listener on 34400] INFO  ipc.Server (Server.java:run(1185)) - Stopping IPC Server listener on 34400
2019-09-26 13:23:12,781 [IPC Server Responder] INFO  ipc.Server (Server.java:run(1319)) - Stopping IPC Server Responder
2019-09-26 13:23:12,781 [main] INFO  server.StorageContainerManager (StorageContainerManager.java:stop(844)) - Stopping Storage Container Manager HTTP server.
2019-09-26 13:23:12,785 [main] INFO  handler.ContextHandler (ContextHandler.java:doStop(910)) - Stopped o.e.j.w.WebAppContext@74830d73{/,null,UNAVAILABLE}{/scm}
2019-09-26 13:23:12,786 [main] INFO  server.AbstractConnector (AbstractConnector.java:doStop(318)) - Stopped ServerConnector@1827fc4e{HTTP/1.1,[http/1.1]}{0.0.0.0:0}
2019-09-26 13:23:12,786 [main] INFO  handler.ContextHandler (ContextHandler.java:doStop(910)) - Stopped o.e.j.s.ServletContextHandler@50f3ba6a{/static,jar:file:/home/user/.m2/repository/org/apache/hadoop/hadoop-hdds-server-scm/0.5.0-SNAPSHOT/hadoop-hdds-server-scm-0.5.0-SNAPSHOT.jar!/webapps/static,UNAVAILABLE}
2019-09-26 13:23:12,786 [main] INFO  handler.ContextHandler (ContextHandler.java:doStop(910)) - Stopped o.e.j.s.ServletContextHandler@8549c5f{/logs,file:///workdir/hadoop-ozone/ozonefs/target/log,UNAVAILABLE}
2019-09-26 13:23:12,787 [main] INFO  server.StorageContainerManager (StorageContainerManager.java:stop(855)) - Stopping Block Manager Service.
2019-09-26 13:23:12,787 [main] INFO  utils.BackgroundService (BackgroundService.java:shutdown(148)) - Shutting down service SCMBlockDeletingService
2019-09-26 13:23:12,787 [main] INFO  utils.BackgroundService (BackgroundService.java:shutdown(148)) - Shutting down service SCMBlockDeletingService
2019-09-26 13:23:12,788 [main] INFO  server.StorageContainerManager (StorageContainerManager.java:stop(877)) - Stopping SCM Event Queue.
2019-09-26 13:23:12,798 [main] INFO  impl.MetricsSystemImpl (MetricsSystemImpl.java:stop(210)) - Stopping HddsDatanode metrics system...
2019-09-26 13:23:12,811 [main] INFO  impl.MetricsSystemImpl (MetricsSystemImpl.java:stop(216)) - HddsDatanode metrics system stopped.
]]></system-out>
  </testcase>
</testsuite>