<?xml version="1.0" encoding="UTF-8"?>
<testsuite xmlns:xsi="http://www.w3.org/2001/XMLSchema-instance" xsi:noNamespaceSchemaLocation="https://maven.apache.org/surefire/maven-surefire-plugin/xsd/surefire-test-report.xsd" name="org.apache.hadoop.fs.ozone.TestOzoneFSInputStream" time="46.249" tests="1" errors="1" skipped="0" failures="0">
  <properties>
    <property name="awt.toolkit" value="sun.awt.X11.XToolkit"/>
    <property name="file.encoding.pkg" value="sun.io"/>
    <property name="java.specification.version" value="1.8"/>
    <property name="sun.cpu.isalist" value=""/>
    <property name="sun.jnu.encoding" value="UTF-8"/>
    <property name="java.class.path" value="/workdir/hadoop-ozone/ozonefs/target/test-classes:/workdir/hadoop-ozone/ozonefs/target/classes:/home/user/.m2/repository/org/apache/hadoop/hadoop-common/3.2.0/hadoop-common-3.2.0.jar:/home/user/.m2/repository/org/apache/hadoop/hadoop-annotations/3.2.0/hadoop-annotations-3.2.0.jar:/usr/lib/jvm/java-1.8-openjdk/jre/../lib/tools.jar:/home/user/.m2/repository/com/google/guava/guava/11.0.2/guava-11.0.2.jar:/home/user/.m2/repository/commons-cli/commons-cli/1.2/commons-cli-1.2.jar:/home/user/.m2/repository/org/apache/commons/commons-math3/3.1.1/commons-math3-3.1.1.jar:/home/user/.m2/repository/org/apache/httpcomponents/httpclient/4.5.2/httpclient-4.5.2.jar:/home/user/.m2/repository/org/apache/httpcomponents/httpcore/4.4.4/httpcore-4.4.4.jar:/home/user/.m2/repository/commons-codec/commons-codec/1.11/commons-codec-1.11.jar:/home/user/.m2/repository/commons-io/commons-io/2.5/commons-io-2.5.jar:/home/user/.m2/repository/commons-net/commons-net/3.6/commons-net-3.6.jar:/home/user/.m2/repository/commons-collections/commons-collections/3.2.2/commons-collections-3.2.2.jar:/home/user/.m2/repository/javax/servlet/javax.servlet-api/3.1.0/javax.servlet-api-3.1.0.jar:/home/user/.m2/repository/org/eclipse/jetty/jetty-server/9.3.25.v20180904/jetty-server-9.3.25.v20180904.jar:/home/user/.m2/repository/org/eclipse/jetty/jetty-http/9.3.25.v20180904/jetty-http-9.3.25.v20180904.jar:/home/user/.m2/repository/org/eclipse/jetty/jetty-io/9.3.25.v20180904/jetty-io-9.3.25.v20180904.jar:/home/user/.m2/repository/org/eclipse/jetty/jetty-util/9.3.25.v20180904/jetty-util-9.3.25.v20180904.jar:/home/user/.m2/repository/org/eclipse/jetty/jetty-servlet/9.3.25.v20180904/jetty-servlet-9.3.25.v20180904.jar:/home/user/.m2/repository/org/eclipse/jetty/jetty-security/9.3.25.v20180904/jetty-security-9.3.25.v20180904.jar:/home/user/.m2/repository/org/eclipse/jetty/jetty-webapp/9.3.25.v20180904/jetty-webapp-9.3.25.v20180904.jar:/home/user/.m2/repository/org/eclipse/jetty/jetty-xml/9.3.25.v20180904/jetty-xml-9.3.25.v20180904.jar:/home/user/.m2/repository/javax/servlet/jsp/jsp-api/2.1/jsp-api-2.1.jar:/home/user/.m2/repository/com/sun/jersey/jersey-core/1.19/jersey-core-1.19.jar:/home/user/.m2/repository/javax/ws/rs/jsr311-api/1.1.1/jsr311-api-1.1.1.jar:/home/user/.m2/repository/com/sun/jersey/jersey-servlet/1.19/jersey-servlet-1.19.jar:/home/user/.m2/repository/com/sun/jersey/jersey-json/1.19/jersey-json-1.19.jar:/home/user/.m2/repository/org/codehaus/jettison/jettison/1.1/jettison-1.1.jar:/home/user/.m2/repository/com/sun/xml/bind/jaxb-impl/2.3.0.1/jaxb-impl-2.3.0.1.jar:/home/user/.m2/repository/org/codehaus/jackson/jackson-core-asl/1.9.13/jackson-core-asl-1.9.13.jar:/home/user/.m2/repository/org/codehaus/jackson/jackson-mapper-asl/1.9.13/jackson-mapper-asl-1.9.13.jar:/home/user/.m2/repository/org/codehaus/jackson/jackson-jaxrs/1.9.13/jackson-jaxrs-1.9.13.jar:/home/user/.m2/repository/org/codehaus/jackson/jackson-xc/1.9.13/jackson-xc-1.9.13.jar:/home/user/.m2/repository/com/sun/jersey/jersey-server/1.19/jersey-server-1.19.jar:/home/user/.m2/repository/commons-logging/commons-logging/1.1.3/commons-logging-1.1.3.jar:/home/user/.m2/repository/log4j/log4j/1.2.17/log4j-1.2.17.jar:/home/user/.m2/repository/commons-beanutils/commons-beanutils/1.9.4/commons-beanutils-1.9.4.jar:/home/user/.m2/repository/org/apache/commons/commons-configuration2/2.1.1/commons-configuration2-2.1.1.jar:/home/user/.m2/repository/org/apache/commons/commons-lang3/3.7/commons-lang3-3.7.jar:/home/user/.m2/repository/org/apache/commons/commons-text/1.4/commons-text-1.4.jar:/home/user/.m2/repository/org/slf4j/slf4j-api/1.7.25/slf4j-api-1.7.25.jar:/home/user/.m2/repository/org/slf4j/slf4j-log4j12/1.7.25/slf4j-log4j12-1.7.25.jar:/home/user/.m2/repository/org/apache/avro/avro/1.7.7/avro-1.7.7.jar:/home/user/.m2/repository/com/thoughtworks/paranamer/paranamer/2.3/paranamer-2.3.jar:/home/user/.m2/repository/org/xerial/snappy/snappy-java/1.0.5/snappy-java-1.0.5.jar:/home/user/.m2/repository/com/google/re2j/re2j/1.1/re2j-1.1.jar:/home/user/.m2/repository/com/google/protobuf/protobuf-java/2.5.0/protobuf-java-2.5.0.jar:/home/user/.m2/repository/com/google/code/gson/gson/2.2.4/gson-2.2.4.jar:/home/user/.m2/repository/org/apache/hadoop/hadoop-auth/3.2.0/hadoop-auth-3.2.0.jar:/home/user/.m2/repository/com/nimbusds/nimbus-jose-jwt/4.41.1/nimbus-jose-jwt-4.41.1.jar:/home/user/.m2/repository/com/github/stephenc/jcip/jcip-annotations/1.0-1/jcip-annotations-1.0-1.jar:/home/user/.m2/repository/net/minidev/json-smart/2.3/json-smart-2.3.jar:/home/user/.m2/repository/net/minidev/accessors-smart/1.2/accessors-smart-1.2.jar:/home/user/.m2/repository/org/apache/curator/curator-framework/2.12.0/curator-framework-2.12.0.jar:/home/user/.m2/repository/com/jcraft/jsch/0.1.54/jsch-0.1.54.jar:/home/user/.m2/repository/org/apache/curator/curator-client/2.12.0/curator-client-2.12.0.jar:/home/user/.m2/repository/org/apache/curator/curator-recipes/2.12.0/curator-recipes-2.12.0.jar:/home/user/.m2/repository/com/google/code/findbugs/jsr305/3.0.0/jsr305-3.0.0.jar:/home/user/.m2/repository/org/apache/htrace/htrace-core4/4.1.0-incubating/htrace-core4-4.1.0-incubating.jar:/home/user/.m2/repository/org/apache/zookeeper/zookeeper/3.4.13/zookeeper-3.4.13.jar:/home/user/.m2/repository/jline/jline/0.9.94/jline-0.9.94.jar:/home/user/.m2/repository/org/apache/yetus/audience-annotations/0.5.0/audience-annotations-0.5.0.jar:/home/user/.m2/repository/org/apache/commons/commons-compress/1.4.1/commons-compress-1.4.1.jar:/home/user/.m2/repository/org/tukaani/xz/1.0/xz-1.0.jar:/home/user/.m2/repository/org/apache/kerby/kerb-simplekdc/1.0.1/kerb-simplekdc-1.0.1.jar:/home/user/.m2/repository/org/apache/kerby/kerb-client/1.0.1/kerb-client-1.0.1.jar:/home/user/.m2/repository/org/apache/kerby/kerby-config/1.0.1/kerby-config-1.0.1.jar:/home/user/.m2/repository/org/apache/kerby/kerb-core/1.0.1/kerb-core-1.0.1.jar:/home/user/.m2/repository/org/apache/kerby/kerby-pkix/1.0.1/kerby-pkix-1.0.1.jar:/home/user/.m2/repository/org/apache/kerby/kerby-asn1/1.0.1/kerby-asn1-1.0.1.jar:/home/user/.m2/repository/org/apache/kerby/kerby-util/1.0.1/kerby-util-1.0.1.jar:/home/user/.m2/repository/org/apache/kerby/kerb-common/1.0.1/kerb-common-1.0.1.jar:/home/user/.m2/repository/org/apache/kerby/kerb-crypto/1.0.1/kerb-crypto-1.0.1.jar:/home/user/.m2/repository/org/apache/kerby/kerb-util/1.0.1/kerb-util-1.0.1.jar:/home/user/.m2/repository/org/apache/kerby/token-provider/1.0.1/token-provider-1.0.1.jar:/home/user/.m2/repository/org/apache/kerby/kerb-admin/1.0.1/kerb-admin-1.0.1.jar:/home/user/.m2/repository/org/apache/kerby/kerb-server/1.0.1/kerb-server-1.0.1.jar:/home/user/.m2/repository/org/apache/kerby/kerb-identity/1.0.1/kerb-identity-1.0.1.jar:/home/user/.m2/repository/org/apache/kerby/kerby-xdr/1.0.1/kerby-xdr-1.0.1.jar:/home/user/.m2/repository/com/fasterxml/jackson/core/jackson-databind/2.9.9/jackson-databind-2.9.9.jar:/home/user/.m2/repository/com/fasterxml/jackson/core/jackson-annotations/2.9.9/jackson-annotations-2.9.9.jar:/home/user/.m2/repository/com/fasterxml/jackson/core/jackson-core/2.9.9/jackson-core-2.9.9.jar:/home/user/.m2/repository/org/codehaus/woodstox/stax2-api/3.1.4/stax2-api-3.1.4.jar:/home/user/.m2/repository/com/fasterxml/woodstox/woodstox-core/5.0.3/woodstox-core-5.0.3.jar:/home/user/.m2/repository/dnsjava/dnsjava/2.1.7/dnsjava-2.1.7.jar:/home/user/.m2/repository/org/apache/hadoop/hadoop-hdfs/3.2.0/hadoop-hdfs-3.2.0.jar:/home/user/.m2/repository/org/eclipse/jetty/jetty-util-ajax/9.3.25.v20180904/jetty-util-ajax-9.3.25.v20180904.jar:/home/user/.m2/repository/commons-daemon/commons-daemon/1.0.13/commons-daemon-1.0.13.jar:/home/user/.m2/repository/io/netty/netty/3.10.5.Final/netty-3.10.5.Final.jar:/home/user/.m2/repository/io/netty/netty-all/4.0.52.Final/netty-all-4.0.52.Final.jar:/home/user/.m2/repository/org/fusesource/leveldbjni/leveldbjni-all/1.8/leveldbjni-all-1.8.jar:/home/user/.m2/repository/org/apache/hadoop/hadoop-hdds-common/0.5.0-SNAPSHOT/hadoop-hdds-common-0.5.0-SNAPSHOT.jar:/home/user/.m2/repository/org/apache/hadoop/hadoop-hdds-config/0.5.0-SNAPSHOT/hadoop-hdds-config-0.5.0-SNAPSHOT.jar:/home/user/.m2/repository/javax/annotation/javax.annotation-api/1.2/javax.annotation-api-1.2.jar:/home/user/.m2/repository/org/apache/ratis/ratis-server/0.4.0/ratis-server-0.4.0.jar:/home/user/.m2/repository/org/apache/ratis/ratis-thirdparty-misc/0.2.0/ratis-thirdparty-misc-0.2.0.jar:/home/user/.m2/repository/org/apache/ratis/ratis-proto/0.4.0/ratis-proto-0.4.0.jar:/home/user/.m2/repository/org/apache/ratis/ratis-common/0.4.0/ratis-common-0.4.0.jar:/home/user/.m2/repository/org/apache/ratis/ratis-client/0.4.0/ratis-client-0.4.0.jar:/home/user/.m2/repository/org/apache/ratis/ratis-metrics/0.4.0/ratis-metrics-0.4.0.jar:/home/user/.m2/repository/com/github/joshelser/dropwizard-metrics-hadoop-metrics2-reporter/0.1.2/dropwizard-metrics-hadoop-metrics2-reporter-0.1.2.jar:/home/user/.m2/repository/io/dropwizard/metrics/metrics-jvm/3.2.5/metrics-jvm-3.2.5.jar:/home/user/.m2/repository/io/dropwizard/metrics/metrics-ganglia/3.2.5/metrics-ganglia-3.2.5.jar:/home/user/.m2/repository/info/ganglia/gmetric4j/gmetric4j/1.0.7/gmetric4j-1.0.7.jar:/home/user/.m2/repository/org/apache/ratis/ratis-netty/0.4.0/ratis-netty-0.4.0.jar:/home/user/.m2/repository/org/apache/ratis/ratis-grpc/0.4.0/ratis-grpc-0.4.0.jar:/home/user/.m2/repository/org/rocksdb/rocksdbjni/6.0.1/rocksdbjni-6.0.1.jar:/home/user/.m2/repository/org/apache/logging/log4j/log4j-api/2.11.0/log4j-api-2.11.0.jar:/home/user/.m2/repository/org/apache/logging/log4j/log4j-core/2.11.0/log4j-core-2.11.0.jar:/home/user/.m2/repository/com/lmax/disruptor/3.4.2/disruptor-3.4.2.jar:/home/user/.m2/repository/org/apache/commons/commons-pool2/2.6.0/commons-pool2-2.6.0.jar:/home/user/.m2/repository/org/bouncycastle/bcpkix-jdk15on/1.60/bcpkix-jdk15on-1.60.jar:/home/user/.m2/repository/commons-validator/commons-validator/1.6/commons-validator-1.6.jar:/home/user/.m2/repository/commons-digester/commons-digester/1.8.1/commons-digester-1.8.1.jar:/home/user/.m2/repository/io/jaegertracing/jaeger-client/0.34.0/jaeger-client-0.34.0.jar:/home/user/.m2/repository/io/jaegertracing/jaeger-thrift/0.34.0/jaeger-thrift-0.34.0.jar:/home/user/.m2/repository/org/apache/thrift/libthrift/0.12.0/libthrift-0.12.0.jar:/home/user/.m2/repository/com/squareup/okhttp3/okhttp/3.9.0/okhttp-3.9.0.jar:/home/user/.m2/repository/com/squareup/okio/okio/1.13.0/okio-1.13.0.jar:/home/user/.m2/repository/io/jaegertracing/jaeger-core/0.34.0/jaeger-core-0.34.0.jar:/home/user/.m2/repository/io/jaegertracing/jaeger-tracerresolver/0.34.0/jaeger-tracerresolver-0.34.0.jar:/home/user/.m2/repository/io/opentracing/contrib/opentracing-tracerresolver/0.1.5/opentracing-tracerresolver-0.1.5.jar:/home/user/.m2/repository/io/opentracing/opentracing-util/0.31.0/opentracing-util-0.31.0.jar:/home/user/.m2/repository/io/opentracing/opentracing-api/0.31.0/opentracing-api-0.31.0.jar:/home/user/.m2/repository/io/opentracing/opentracing-noop/0.31.0/opentracing-noop-0.31.0.jar:/home/user/.m2/repository/org/yaml/snakeyaml/1.16/snakeyaml-1.16.jar:/home/user/.m2/repository/org/apache/hadoop/hadoop-hdfs-client/3.2.0/hadoop-hdfs-client-3.2.0.jar:/home/user/.m2/repository/info/picocli/picocli/3.9.6/picocli-3.9.6.jar:/home/user/.m2/repository/org/apache/hadoop/hadoop-hdds-server-scm/0.5.0-SNAPSHOT/hadoop-hdds-server-scm-0.5.0-SNAPSHOT.jar:/home/user/.m2/repository/org/apache/hadoop/hadoop-hdds-docs/0.5.0-SNAPSHOT/hadoop-hdds-docs-0.5.0-SNAPSHOT.jar:/home/user/.m2/repository/io/dropwizard/metrics/metrics-core/3.2.4/metrics-core-3.2.4.jar:/home/user/.m2/repository/org/hamcrest/hamcrest-all/1.3/hamcrest-all-1.3.jar:/home/user/.m2/repository/org/bouncycastle/bcprov-jdk15on/1.60/bcprov-jdk15on-1.60.jar:/home/user/.m2/repository/org/apache/hadoop/hadoop-hdds-server-framework/0.5.0-SNAPSHOT/hadoop-hdds-server-framework-0.5.0-SNAPSHOT.jar:/home/user/.m2/repository/org/apache/hadoop/hadoop-ozone-ozone-manager/0.5.0-SNAPSHOT/hadoop-ozone-ozone-manager-0.5.0-SNAPSHOT.jar:/home/user/.m2/repository/org/apache/hadoop/hadoop-hdds-container-service/0.5.0-SNAPSHOT/hadoop-hdds-container-service-0.5.0-SNAPSHOT.jar:/home/user/.m2/repository/org/apache/hadoop/hadoop-hdds-client/0.5.0-SNAPSHOT/hadoop-hdds-client-0.5.0-SNAPSHOT.jar:/home/user/.m2/repository/org/apache/hadoop/hadoop-ozone-common/0.5.0-SNAPSHOT/hadoop-ozone-common-0.5.0-SNAPSHOT.jar:/home/user/.m2/repository/org/apache/hadoop/hadoop-hdds-tools/0.5.0-SNAPSHOT/hadoop-hdds-tools-0.5.0-SNAPSHOT.jar:/home/user/.m2/repository/org/xerial/sqlite-jdbc/3.25.2/sqlite-jdbc-3.25.2.jar:/home/user/.m2/repository/com/google/code/findbugs/findbugs/3.0.1/findbugs-3.0.1.jar:/home/user/.m2/repository/net/jcip/jcip-annotations/1.0/jcip-annotations-1.0.jar:/home/user/.m2/repository/com/google/code/findbugs/bcel-findbugs/6.0/bcel-findbugs-6.0.jar:/home/user/.m2/repository/com/google/code/findbugs/jFormatString/2.0.1/jFormatString-2.0.1.jar:/home/user/.m2/repository/dom4j/dom4j/1.6.1/dom4j-1.6.1.jar:/home/user/.m2/repository/xml-apis/xml-apis/1.0.b2/xml-apis-1.0.b2.jar:/home/user/.m2/repository/org/ow2/asm/asm-debug-all/5.0.2/asm-debug-all-5.0.2.jar:/home/user/.m2/repository/org/ow2/asm/asm-commons/5.0.2/asm-commons-5.0.2.jar:/home/user/.m2/repository/org/ow2/asm/asm-tree/5.0.2/asm-tree-5.0.2.jar:/home/user/.m2/repository/org/ow2/asm/asm/5.0.4/asm-5.0.4.jar:/home/user/.m2/repository/commons-lang/commons-lang/2.6/commons-lang-2.6.jar:/home/user/.m2/repository/com/apple/AppleJavaExtensions/1.4/AppleJavaExtensions-1.4.jar:/home/user/.m2/repository/jaxen/jaxen/1.1.6/jaxen-1.1.6.jar:/home/user/.m2/repository/org/apache/hadoop/hadoop-common/3.2.0/hadoop-common-3.2.0-tests.jar:/home/user/.m2/repository/org/apache/hadoop/hadoop-ozone-client/0.5.0-SNAPSHOT/hadoop-ozone-client-0.5.0-SNAPSHOT.jar:/home/user/.m2/repository/org/apache/hadoop/hadoop-hdfs/3.2.0/hadoop-hdfs-3.2.0-tests.jar:/workdir/hadoop-ozone/integration-test/target/test-classes:/home/user/.m2/repository/org/apache/hadoop/hadoop-ozone-s3gateway/0.5.0-SNAPSHOT/hadoop-ozone-s3gateway-0.5.0-SNAPSHOT.jar:/home/user/.m2/repository/org/jboss/weld/servlet/weld-servlet/2.4.7.Final/weld-servlet-2.4.7.Final.jar:/home/user/.m2/repository/org/glassfish/jersey/containers/jersey-container-servlet-core/2.27/jersey-container-servlet-core-2.27.jar:/home/user/.m2/repository/org/glassfish/hk2/external/javax.inject/2.5.0-b42/javax.inject-2.5.0-b42.jar:/home/user/.m2/repository/org/glassfish/jersey/core/jersey-common/2.27/jersey-common-2.27.jar:/home/user/.m2/repository/org/glassfish/hk2/osgi-resource-locator/1.0.1/osgi-resource-locator-1.0.1.jar:/home/user/.m2/repository/javax/ws/rs/javax.ws.rs-api/2.1/javax.ws.rs-api-2.1.jar:/home/user/.m2/repository/org/glassfish/jersey/ext/cdi/jersey-cdi1x/2.27/jersey-cdi1x-2.27.jar:/home/user/.m2/repository/org/glassfish/jersey/inject/jersey-hk2/2.27/jersey-hk2-2.27.jar:/home/user/.m2/repository/org/glassfish/hk2/hk2-locator/2.5.0-b42/hk2-locator-2.5.0-b42.jar:/home/user/.m2/repository/org/javassist/javassist/3.22.0-CR2/javassist-3.22.0-CR2.jar:/home/user/.m2/repository/org/glassfish/hk2/hk2-api/2.5.0/hk2-api-2.5.0.jar:/home/user/.m2/repository/org/glassfish/hk2/external/jakarta.inject/2.5.0/jakarta.inject-2.5.0.jar:/home/user/.m2/repository/org/glassfish/hk2/hk2-utils/2.5.0/hk2-utils-2.5.0.jar:/home/user/.m2/repository/jakarta/annotation/jakarta.annotation-api/1.3.4/jakarta.annotation-api-1.3.4.jar:/home/user/.m2/repository/org/glassfish/hk2/external/aopalliance-repackaged/2.5.0/aopalliance-repackaged-2.5.0.jar:/home/user/.m2/repository/com/fasterxml/jackson/dataformat/jackson-dataformat-xml/2.9.0/jackson-dataformat-xml-2.9.0.jar:/home/user/.m2/repository/com/fasterxml/jackson/module/jackson-module-jaxb-annotations/2.9.9/jackson-module-jaxb-annotations-2.9.9.jar:/home/user/.m2/repository/javax/enterprise/cdi-api/1.2/cdi-api-1.2.jar:/home/user/.m2/repository/javax/el/javax.el-api/3.0.0/javax.el-api-3.0.0.jar:/home/user/.m2/repository/javax/interceptor/javax.interceptor-api/1.2/javax.interceptor-api-1.2.jar:/home/user/.m2/repository/javax/inject/javax.inject/1/javax.inject-1.jar:/home/user/.m2/repository/com/sun/xml/bind/jaxb-core/2.3.0.1/jaxb-core-2.3.0.1.jar:/home/user/.m2/repository/javax/xml/bind/jaxb-api/2.3.0/jaxb-api-2.3.0.jar:/home/user/.m2/repository/javax/activation/activation/1.1.1/activation-1.1.1.jar:/home/user/.m2/repository/org/apache/hadoop/hadoop-ozone-csi/0.5.0-SNAPSHOT/hadoop-ozone-csi-0.5.0-SNAPSHOT.jar:/home/user/.m2/repository/com/google/protobuf/protobuf-java-util/3.5.1/protobuf-java-util-3.5.1.jar:/home/user/.m2/repository/io/grpc/grpc-netty/1.17.1/grpc-netty-1.17.1.jar:/home/user/.m2/repository/io/grpc/grpc-core/1.17.1/grpc-core-1.17.1.jar:/home/user/.m2/repository/io/grpc/grpc-context/1.17.1/grpc-context-1.17.1.jar:/home/user/.m2/repository/com/google/errorprone/error_prone_annotations/2.2.0/error_prone_annotations-2.2.0.jar:/home/user/.m2/repository/org/codehaus/mojo/animal-sniffer-annotations/1.17/animal-sniffer-annotations-1.17.jar:/home/user/.m2/repository/io/opencensus/opencensus-api/0.17.0/opencensus-api-0.17.0.jar:/home/user/.m2/repository/io/opencensus/opencensus-contrib-grpc-metrics/0.17.0/opencensus-contrib-grpc-metrics-0.17.0.jar:/home/user/.m2/repository/io/netty/netty-codec-http2/4.1.30.Final/netty-codec-http2-4.1.30.Final.jar:/home/user/.m2/repository/io/netty/netty-codec-http/4.1.30.Final/netty-codec-http-4.1.30.Final.jar:/home/user/.m2/repository/io/netty/netty-codec/4.1.30.Final/netty-codec-4.1.30.Final.jar:/home/user/.m2/repository/io/netty/netty-handler/4.1.30.Final/netty-handler-4.1.30.Final.jar:/home/user/.m2/repository/io/netty/netty-handler-proxy/4.1.30.Final/netty-handler-proxy-4.1.30.Final.jar:/home/user/.m2/repository/io/netty/netty-codec-socks/4.1.30.Final/netty-codec-socks-4.1.30.Final.jar:/home/user/.m2/repository/io/netty/netty-transport-native-epoll/4.1.30.Final/netty-transport-native-epoll-4.1.30.Final.jar:/home/user/.m2/repository/io/netty/netty-common/4.1.30.Final/netty-common-4.1.30.Final.jar:/home/user/.m2/repository/io/netty/netty-buffer/4.1.30.Final/netty-buffer-4.1.30.Final.jar:/home/user/.m2/repository/io/netty/netty-transport/4.1.30.Final/netty-transport-4.1.30.Final.jar:/home/user/.m2/repository/io/netty/netty-resolver/4.1.30.Final/netty-resolver-4.1.30.Final.jar:/home/user/.m2/repository/io/netty/netty-transport-native-unix-common/4.1.30.Final/netty-transport-native-unix-common-4.1.30.Final.jar:/home/user/.m2/repository/io/grpc/grpc-protobuf/1.17.1/grpc-protobuf-1.17.1.jar:/home/user/.m2/repository/com/google/api/grpc/proto-google-common-protos/1.0.0/proto-google-common-protos-1.0.0.jar:/home/user/.m2/repository/io/grpc/grpc-protobuf-lite/1.17.1/grpc-protobuf-lite-1.17.1.jar:/home/user/.m2/repository/io/grpc/grpc-stub/1.17.1/grpc-stub-1.17.1.jar:/home/user/.m2/repository/org/apache/hadoop/hadoop-ozone-recon/0.5.0-SNAPSHOT/hadoop-ozone-recon-0.5.0-SNAPSHOT.jar:/home/user/.m2/repository/org/apache/hadoop/hadoop-ozone-reconcodegen/0.5.0-SNAPSHOT/hadoop-ozone-reconcodegen-0.5.0-SNAPSHOT.jar:/home/user/.m2/repository/com/google/inject/extensions/guice-multibindings/4.0/guice-multibindings-4.0.jar:/home/user/.m2/repository/com/google/inject/guice/4.0/guice-4.0.jar:/home/user/.m2/repository/aopalliance/aopalliance/1.0/aopalliance-1.0.jar:/home/user/.m2/repository/org/glassfish/jersey/containers/jersey-container-servlet/2.27/jersey-container-servlet-2.27.jar:/home/user/.m2/repository/org/glassfish/hk2/guice-bridge/2.5.0/guice-bridge-2.5.0.jar:/home/user/.m2/repository/org/glassfish/jersey/core/jersey-server/2.27/jersey-server-2.27.jar:/home/user/.m2/repository/org/glassfish/jersey/core/jersey-client/2.27/jersey-client-2.27.jar:/home/user/.m2/repository/org/glassfish/jersey/media/jersey-media-jaxb/2.27/jersey-media-jaxb-2.27.jar:/home/user/.m2/repository/javax/validation/validation-api/1.1.0.Final/validation-api-1.1.0.Final.jar:/home/user/.m2/repository/org/glassfish/jersey/media/jersey-media-json-jackson/2.27/jersey-media-json-jackson-2.27.jar:/home/user/.m2/repository/org/glassfish/jersey/ext/jersey-entity-filtering/2.27/jersey-entity-filtering-2.27.jar:/home/user/.m2/repository/com/google/inject/extensions/guice-assistedinject/4.0/guice-assistedinject-4.0.jar:/home/user/.m2/repository/org/jooq/jooq/3.11.10/jooq-3.11.10.jar:/home/user/.m2/repository/org/jooq/jooq-meta/3.11.10/jooq-meta-3.11.10.jar:/home/user/.m2/repository/org/jooq/jooq-codegen/3.11.10/jooq-codegen-3.11.10.jar:/home/user/.m2/repository/com/jolbox/bonecp/0.8.0.RELEASE/bonecp-0.8.0.RELEASE.jar:/home/user/.m2/repository/org/springframework/spring-jdbc/5.1.3.RELEASE/spring-jdbc-5.1.3.RELEASE.jar:/home/user/.m2/repository/org/springframework/spring-beans/5.1.3.RELEASE/spring-beans-5.1.3.RELEASE.jar:/home/user/.m2/repository/org/springframework/spring-core/5.1.3.RELEASE/spring-core-5.1.3.RELEASE.jar:/home/user/.m2/repository/org/springframework/spring-jcl/5.1.3.RELEASE/spring-jcl-5.1.3.RELEASE.jar:/home/user/.m2/repository/org/springframework/spring-tx/5.1.3.RELEASE/spring-tx-5.1.3.RELEASE.jar:/home/user/.m2/repository/org/mockito/mockito-all/1.10.19/mockito-all-1.10.19.jar:/home/user/.m2/repository/junit/junit/4.11/junit-4.11.jar:/home/user/.m2/repository/org/hamcrest/hamcrest-core/1.3/hamcrest-core-1.3.jar:/home/user/.m2/repository/org/apache/hadoop/hadoop-distcp/3.2.0/hadoop-distcp-3.2.0.jar:/home/user/.m2/repository/org/apache/hadoop/hadoop-distcp/3.2.0/hadoop-distcp-3.2.0-tests.jar:/home/user/.m2/repository/org/apache/hadoop/hadoop-mapreduce-client-jobclient/3.2.0/hadoop-mapreduce-client-jobclient-3.2.0.jar:/home/user/.m2/repository/org/apache/hadoop/hadoop-mapreduce-client-common/3.2.0/hadoop-mapreduce-client-common-3.2.0.jar:/home/user/.m2/repository/org/apache/hadoop/hadoop-yarn-common/3.2.0/hadoop-yarn-common-3.2.0.jar:/home/user/.m2/repository/org/apache/hadoop/hadoop-yarn-api/3.2.0/hadoop-yarn-api-3.2.0.jar:/home/user/.m2/repository/com/sun/jersey/jersey-client/1.19/jersey-client-1.19.jar:/home/user/.m2/repository/com/sun/jersey/contribs/jersey-guice/1.19/jersey-guice-1.19.jar:/home/user/.m2/repository/com/fasterxml/jackson/jaxrs/jackson-jaxrs-json-provider/2.9.9/jackson-jaxrs-json-provider-2.9.9.jar:/home/user/.m2/repository/com/fasterxml/jackson/jaxrs/jackson-jaxrs-base/2.9.9/jackson-jaxrs-base-2.9.9.jar:/home/user/.m2/repository/org/apache/hadoop/hadoop-yarn-client/3.2.0/hadoop-yarn-client-3.2.0.jar:/home/user/.m2/repository/org/apache/hadoop/hadoop-mapreduce-client-core/3.2.0/hadoop-mapreduce-client-core-3.2.0.jar:/home/user/.m2/repository/com/google/inject/extensions/guice-servlet/4.0/guice-servlet-4.0.jar:/home/user/.m2/repository/org/powermock/powermock-module-junit4/1.6.5/powermock-module-junit4-1.6.5.jar:/home/user/.m2/repository/org/powermock/powermock-module-junit4-common/1.6.5/powermock-module-junit4-common-1.6.5.jar:/home/user/.m2/repository/org/powermock/powermock-core/1.6.5/powermock-core-1.6.5.jar:/home/user/.m2/repository/org/powermock/powermock-reflect/1.6.5/powermock-reflect-1.6.5.jar:/home/user/.m2/repository/org/powermock/powermock-api-mockito/1.6.5/powermock-api-mockito-1.6.5.jar:/home/user/.m2/repository/org/mockito/mockito-core/1.10.19/mockito-core-1.10.19.jar:/home/user/.m2/repository/org/objenesis/objenesis/1.0/objenesis-1.0.jar:/home/user/.m2/repository/org/powermock/powermock-api-mockito-common/1.6.5/powermock-api-mockito-common-1.6.5.jar:/home/user/.m2/repository/org/powermock/powermock-api-support/1.6.5/powermock-api-support-1.6.5.jar:"/>
    <property name="java.vm.vendor" value="IcedTea"/>
    <property name="sun.arch.data.model" value="64"/>
    <property name="test.build.dir" value="/workdir/hadoop-ozone/ozonefs/target/test-dir"/>
    <property name="test.cache.data" value=""/>
    <property name="java.vendor.url" value="https://icedtea.classpath.org"/>
    <property name="user.timezone" value=""/>
    <property name="java.vm.specification.version" value="1.8"/>
    <property name="os.name" value="Linux"/>
    <property name="test.build.data" value="/workdir/hadoop-ozone/ozonefs/target/test-dir"/>
    <property name="user.country" value="US"/>
    <property name="sun.java.launcher" value="SUN_STANDARD"/>
    <property name="sun.boot.library.path" value="/usr/lib/jvm/java-1.8-openjdk/jre/lib/amd64"/>
    <property name="sun.java.command" value="/workdir/hadoop-ozone/ozonefs/target/surefire/surefirebooter6805705698604018906.jar /workdir/hadoop-ozone/ozonefs/target/surefire 2019-09-26T11-49-28_115-jvmRun1 surefire1145861768350451500tmp surefire_1023705580647007622883tmp"/>
    <property name="test" value="!TestMiniChaosOzoneCluster"/>
    <property name="surefire.test.class.path" value="/workdir/hadoop-ozone/ozonefs/target/test-classes:/workdir/hadoop-ozone/ozonefs/target/classes:/home/user/.m2/repository/org/apache/hadoop/hadoop-common/3.2.0/hadoop-common-3.2.0.jar:/home/user/.m2/repository/org/apache/hadoop/hadoop-annotations/3.2.0/hadoop-annotations-3.2.0.jar:/usr/lib/jvm/java-1.8-openjdk/jre/../lib/tools.jar:/home/user/.m2/repository/com/google/guava/guava/11.0.2/guava-11.0.2.jar:/home/user/.m2/repository/commons-cli/commons-cli/1.2/commons-cli-1.2.jar:/home/user/.m2/repository/org/apache/commons/commons-math3/3.1.1/commons-math3-3.1.1.jar:/home/user/.m2/repository/org/apache/httpcomponents/httpclient/4.5.2/httpclient-4.5.2.jar:/home/user/.m2/repository/org/apache/httpcomponents/httpcore/4.4.4/httpcore-4.4.4.jar:/home/user/.m2/repository/commons-codec/commons-codec/1.11/commons-codec-1.11.jar:/home/user/.m2/repository/commons-io/commons-io/2.5/commons-io-2.5.jar:/home/user/.m2/repository/commons-net/commons-net/3.6/commons-net-3.6.jar:/home/user/.m2/repository/commons-collections/commons-collections/3.2.2/commons-collections-3.2.2.jar:/home/user/.m2/repository/javax/servlet/javax.servlet-api/3.1.0/javax.servlet-api-3.1.0.jar:/home/user/.m2/repository/org/eclipse/jetty/jetty-server/9.3.25.v20180904/jetty-server-9.3.25.v20180904.jar:/home/user/.m2/repository/org/eclipse/jetty/jetty-http/9.3.25.v20180904/jetty-http-9.3.25.v20180904.jar:/home/user/.m2/repository/org/eclipse/jetty/jetty-io/9.3.25.v20180904/jetty-io-9.3.25.v20180904.jar:/home/user/.m2/repository/org/eclipse/jetty/jetty-util/9.3.25.v20180904/jetty-util-9.3.25.v20180904.jar:/home/user/.m2/repository/org/eclipse/jetty/jetty-servlet/9.3.25.v20180904/jetty-servlet-9.3.25.v20180904.jar:/home/user/.m2/repository/org/eclipse/jetty/jetty-security/9.3.25.v20180904/jetty-security-9.3.25.v20180904.jar:/home/user/.m2/repository/org/eclipse/jetty/jetty-webapp/9.3.25.v20180904/jetty-webapp-9.3.25.v20180904.jar:/home/user/.m2/repository/org/eclipse/jetty/jetty-xml/9.3.25.v20180904/jetty-xml-9.3.25.v20180904.jar:/home/user/.m2/repository/javax/servlet/jsp/jsp-api/2.1/jsp-api-2.1.jar:/home/user/.m2/repository/com/sun/jersey/jersey-core/1.19/jersey-core-1.19.jar:/home/user/.m2/repository/javax/ws/rs/jsr311-api/1.1.1/jsr311-api-1.1.1.jar:/home/user/.m2/repository/com/sun/jersey/jersey-servlet/1.19/jersey-servlet-1.19.jar:/home/user/.m2/repository/com/sun/jersey/jersey-json/1.19/jersey-json-1.19.jar:/home/user/.m2/repository/org/codehaus/jettison/jettison/1.1/jettison-1.1.jar:/home/user/.m2/repository/com/sun/xml/bind/jaxb-impl/2.3.0.1/jaxb-impl-2.3.0.1.jar:/home/user/.m2/repository/org/codehaus/jackson/jackson-core-asl/1.9.13/jackson-core-asl-1.9.13.jar:/home/user/.m2/repository/org/codehaus/jackson/jackson-mapper-asl/1.9.13/jackson-mapper-asl-1.9.13.jar:/home/user/.m2/repository/org/codehaus/jackson/jackson-jaxrs/1.9.13/jackson-jaxrs-1.9.13.jar:/home/user/.m2/repository/org/codehaus/jackson/jackson-xc/1.9.13/jackson-xc-1.9.13.jar:/home/user/.m2/repository/com/sun/jersey/jersey-server/1.19/jersey-server-1.19.jar:/home/user/.m2/repository/commons-logging/commons-logging/1.1.3/commons-logging-1.1.3.jar:/home/user/.m2/repository/log4j/log4j/1.2.17/log4j-1.2.17.jar:/home/user/.m2/repository/commons-beanutils/commons-beanutils/1.9.4/commons-beanutils-1.9.4.jar:/home/user/.m2/repository/org/apache/commons/commons-configuration2/2.1.1/commons-configuration2-2.1.1.jar:/home/user/.m2/repository/org/apache/commons/commons-lang3/3.7/commons-lang3-3.7.jar:/home/user/.m2/repository/org/apache/commons/commons-text/1.4/commons-text-1.4.jar:/home/user/.m2/repository/org/slf4j/slf4j-api/1.7.25/slf4j-api-1.7.25.jar:/home/user/.m2/repository/org/slf4j/slf4j-log4j12/1.7.25/slf4j-log4j12-1.7.25.jar:/home/user/.m2/repository/org/apache/avro/avro/1.7.7/avro-1.7.7.jar:/home/user/.m2/repository/com/thoughtworks/paranamer/paranamer/2.3/paranamer-2.3.jar:/home/user/.m2/repository/org/xerial/snappy/snappy-java/1.0.5/snappy-java-1.0.5.jar:/home/user/.m2/repository/com/google/re2j/re2j/1.1/re2j-1.1.jar:/home/user/.m2/repository/com/google/protobuf/protobuf-java/2.5.0/protobuf-java-2.5.0.jar:/home/user/.m2/repository/com/google/code/gson/gson/2.2.4/gson-2.2.4.jar:/home/user/.m2/repository/org/apache/hadoop/hadoop-auth/3.2.0/hadoop-auth-3.2.0.jar:/home/user/.m2/repository/com/nimbusds/nimbus-jose-jwt/4.41.1/nimbus-jose-jwt-4.41.1.jar:/home/user/.m2/repository/com/github/stephenc/jcip/jcip-annotations/1.0-1/jcip-annotations-1.0-1.jar:/home/user/.m2/repository/net/minidev/json-smart/2.3/json-smart-2.3.jar:/home/user/.m2/repository/net/minidev/accessors-smart/1.2/accessors-smart-1.2.jar:/home/user/.m2/repository/org/apache/curator/curator-framework/2.12.0/curator-framework-2.12.0.jar:/home/user/.m2/repository/com/jcraft/jsch/0.1.54/jsch-0.1.54.jar:/home/user/.m2/repository/org/apache/curator/curator-client/2.12.0/curator-client-2.12.0.jar:/home/user/.m2/repository/org/apache/curator/curator-recipes/2.12.0/curator-recipes-2.12.0.jar:/home/user/.m2/repository/com/google/code/findbugs/jsr305/3.0.0/jsr305-3.0.0.jar:/home/user/.m2/repository/org/apache/htrace/htrace-core4/4.1.0-incubating/htrace-core4-4.1.0-incubating.jar:/home/user/.m2/repository/org/apache/zookeeper/zookeeper/3.4.13/zookeeper-3.4.13.jar:/home/user/.m2/repository/jline/jline/0.9.94/jline-0.9.94.jar:/home/user/.m2/repository/org/apache/yetus/audience-annotations/0.5.0/audience-annotations-0.5.0.jar:/home/user/.m2/repository/org/apache/commons/commons-compress/1.4.1/commons-compress-1.4.1.jar:/home/user/.m2/repository/org/tukaani/xz/1.0/xz-1.0.jar:/home/user/.m2/repository/org/apache/kerby/kerb-simplekdc/1.0.1/kerb-simplekdc-1.0.1.jar:/home/user/.m2/repository/org/apache/kerby/kerb-client/1.0.1/kerb-client-1.0.1.jar:/home/user/.m2/repository/org/apache/kerby/kerby-config/1.0.1/kerby-config-1.0.1.jar:/home/user/.m2/repository/org/apache/kerby/kerb-core/1.0.1/kerb-core-1.0.1.jar:/home/user/.m2/repository/org/apache/kerby/kerby-pkix/1.0.1/kerby-pkix-1.0.1.jar:/home/user/.m2/repository/org/apache/kerby/kerby-asn1/1.0.1/kerby-asn1-1.0.1.jar:/home/user/.m2/repository/org/apache/kerby/kerby-util/1.0.1/kerby-util-1.0.1.jar:/home/user/.m2/repository/org/apache/kerby/kerb-common/1.0.1/kerb-common-1.0.1.jar:/home/user/.m2/repository/org/apache/kerby/kerb-crypto/1.0.1/kerb-crypto-1.0.1.jar:/home/user/.m2/repository/org/apache/kerby/kerb-util/1.0.1/kerb-util-1.0.1.jar:/home/user/.m2/repository/org/apache/kerby/token-provider/1.0.1/token-provider-1.0.1.jar:/home/user/.m2/repository/org/apache/kerby/kerb-admin/1.0.1/kerb-admin-1.0.1.jar:/home/user/.m2/repository/org/apache/kerby/kerb-server/1.0.1/kerb-server-1.0.1.jar:/home/user/.m2/repository/org/apache/kerby/kerb-identity/1.0.1/kerb-identity-1.0.1.jar:/home/user/.m2/repository/org/apache/kerby/kerby-xdr/1.0.1/kerby-xdr-1.0.1.jar:/home/user/.m2/repository/com/fasterxml/jackson/core/jackson-databind/2.9.9/jackson-databind-2.9.9.jar:/home/user/.m2/repository/com/fasterxml/jackson/core/jackson-annotations/2.9.9/jackson-annotations-2.9.9.jar:/home/user/.m2/repository/com/fasterxml/jackson/core/jackson-core/2.9.9/jackson-core-2.9.9.jar:/home/user/.m2/repository/org/codehaus/woodstox/stax2-api/3.1.4/stax2-api-3.1.4.jar:/home/user/.m2/repository/com/fasterxml/woodstox/woodstox-core/5.0.3/woodstox-core-5.0.3.jar:/home/user/.m2/repository/dnsjava/dnsjava/2.1.7/dnsjava-2.1.7.jar:/home/user/.m2/repository/org/apache/hadoop/hadoop-hdfs/3.2.0/hadoop-hdfs-3.2.0.jar:/home/user/.m2/repository/org/eclipse/jetty/jetty-util-ajax/9.3.25.v20180904/jetty-util-ajax-9.3.25.v20180904.jar:/home/user/.m2/repository/commons-daemon/commons-daemon/1.0.13/commons-daemon-1.0.13.jar:/home/user/.m2/repository/io/netty/netty/3.10.5.Final/netty-3.10.5.Final.jar:/home/user/.m2/repository/io/netty/netty-all/4.0.52.Final/netty-all-4.0.52.Final.jar:/home/user/.m2/repository/org/fusesource/leveldbjni/leveldbjni-all/1.8/leveldbjni-all-1.8.jar:/home/user/.m2/repository/org/apache/hadoop/hadoop-hdds-common/0.5.0-SNAPSHOT/hadoop-hdds-common-0.5.0-SNAPSHOT.jar:/home/user/.m2/repository/org/apache/hadoop/hadoop-hdds-config/0.5.0-SNAPSHOT/hadoop-hdds-config-0.5.0-SNAPSHOT.jar:/home/user/.m2/repository/javax/annotation/javax.annotation-api/1.2/javax.annotation-api-1.2.jar:/home/user/.m2/repository/org/apache/ratis/ratis-server/0.4.0/ratis-server-0.4.0.jar:/home/user/.m2/repository/org/apache/ratis/ratis-thirdparty-misc/0.2.0/ratis-thirdparty-misc-0.2.0.jar:/home/user/.m2/repository/org/apache/ratis/ratis-proto/0.4.0/ratis-proto-0.4.0.jar:/home/user/.m2/repository/org/apache/ratis/ratis-common/0.4.0/ratis-common-0.4.0.jar:/home/user/.m2/repository/org/apache/ratis/ratis-client/0.4.0/ratis-client-0.4.0.jar:/home/user/.m2/repository/org/apache/ratis/ratis-metrics/0.4.0/ratis-metrics-0.4.0.jar:/home/user/.m2/repository/com/github/joshelser/dropwizard-metrics-hadoop-metrics2-reporter/0.1.2/dropwizard-metrics-hadoop-metrics2-reporter-0.1.2.jar:/home/user/.m2/repository/io/dropwizard/metrics/metrics-jvm/3.2.5/metrics-jvm-3.2.5.jar:/home/user/.m2/repository/io/dropwizard/metrics/metrics-ganglia/3.2.5/metrics-ganglia-3.2.5.jar:/home/user/.m2/repository/info/ganglia/gmetric4j/gmetric4j/1.0.7/gmetric4j-1.0.7.jar:/home/user/.m2/repository/org/apache/ratis/ratis-netty/0.4.0/ratis-netty-0.4.0.jar:/home/user/.m2/repository/org/apache/ratis/ratis-grpc/0.4.0/ratis-grpc-0.4.0.jar:/home/user/.m2/repository/org/rocksdb/rocksdbjni/6.0.1/rocksdbjni-6.0.1.jar:/home/user/.m2/repository/org/apache/logging/log4j/log4j-api/2.11.0/log4j-api-2.11.0.jar:/home/user/.m2/repository/org/apache/logging/log4j/log4j-core/2.11.0/log4j-core-2.11.0.jar:/home/user/.m2/repository/com/lmax/disruptor/3.4.2/disruptor-3.4.2.jar:/home/user/.m2/repository/org/apache/commons/commons-pool2/2.6.0/commons-pool2-2.6.0.jar:/home/user/.m2/repository/org/bouncycastle/bcpkix-jdk15on/1.60/bcpkix-jdk15on-1.60.jar:/home/user/.m2/repository/commons-validator/commons-validator/1.6/commons-validator-1.6.jar:/home/user/.m2/repository/commons-digester/commons-digester/1.8.1/commons-digester-1.8.1.jar:/home/user/.m2/repository/io/jaegertracing/jaeger-client/0.34.0/jaeger-client-0.34.0.jar:/home/user/.m2/repository/io/jaegertracing/jaeger-thrift/0.34.0/jaeger-thrift-0.34.0.jar:/home/user/.m2/repository/org/apache/thrift/libthrift/0.12.0/libthrift-0.12.0.jar:/home/user/.m2/repository/com/squareup/okhttp3/okhttp/3.9.0/okhttp-3.9.0.jar:/home/user/.m2/repository/com/squareup/okio/okio/1.13.0/okio-1.13.0.jar:/home/user/.m2/repository/io/jaegertracing/jaeger-core/0.34.0/jaeger-core-0.34.0.jar:/home/user/.m2/repository/io/jaegertracing/jaeger-tracerresolver/0.34.0/jaeger-tracerresolver-0.34.0.jar:/home/user/.m2/repository/io/opentracing/contrib/opentracing-tracerresolver/0.1.5/opentracing-tracerresolver-0.1.5.jar:/home/user/.m2/repository/io/opentracing/opentracing-util/0.31.0/opentracing-util-0.31.0.jar:/home/user/.m2/repository/io/opentracing/opentracing-api/0.31.0/opentracing-api-0.31.0.jar:/home/user/.m2/repository/io/opentracing/opentracing-noop/0.31.0/opentracing-noop-0.31.0.jar:/home/user/.m2/repository/org/yaml/snakeyaml/1.16/snakeyaml-1.16.jar:/home/user/.m2/repository/org/apache/hadoop/hadoop-hdfs-client/3.2.0/hadoop-hdfs-client-3.2.0.jar:/home/user/.m2/repository/info/picocli/picocli/3.9.6/picocli-3.9.6.jar:/home/user/.m2/repository/org/apache/hadoop/hadoop-hdds-server-scm/0.5.0-SNAPSHOT/hadoop-hdds-server-scm-0.5.0-SNAPSHOT.jar:/home/user/.m2/repository/org/apache/hadoop/hadoop-hdds-docs/0.5.0-SNAPSHOT/hadoop-hdds-docs-0.5.0-SNAPSHOT.jar:/home/user/.m2/repository/io/dropwizard/metrics/metrics-core/3.2.4/metrics-core-3.2.4.jar:/home/user/.m2/repository/org/hamcrest/hamcrest-all/1.3/hamcrest-all-1.3.jar:/home/user/.m2/repository/org/bouncycastle/bcprov-jdk15on/1.60/bcprov-jdk15on-1.60.jar:/home/user/.m2/repository/org/apache/hadoop/hadoop-hdds-server-framework/0.5.0-SNAPSHOT/hadoop-hdds-server-framework-0.5.0-SNAPSHOT.jar:/home/user/.m2/repository/org/apache/hadoop/hadoop-ozone-ozone-manager/0.5.0-SNAPSHOT/hadoop-ozone-ozone-manager-0.5.0-SNAPSHOT.jar:/home/user/.m2/repository/org/apache/hadoop/hadoop-hdds-container-service/0.5.0-SNAPSHOT/hadoop-hdds-container-service-0.5.0-SNAPSHOT.jar:/home/user/.m2/repository/org/apache/hadoop/hadoop-hdds-client/0.5.0-SNAPSHOT/hadoop-hdds-client-0.5.0-SNAPSHOT.jar:/home/user/.m2/repository/org/apache/hadoop/hadoop-ozone-common/0.5.0-SNAPSHOT/hadoop-ozone-common-0.5.0-SNAPSHOT.jar:/home/user/.m2/repository/org/apache/hadoop/hadoop-hdds-tools/0.5.0-SNAPSHOT/hadoop-hdds-tools-0.5.0-SNAPSHOT.jar:/home/user/.m2/repository/org/xerial/sqlite-jdbc/3.25.2/sqlite-jdbc-3.25.2.jar:/home/user/.m2/repository/com/google/code/findbugs/findbugs/3.0.1/findbugs-3.0.1.jar:/home/user/.m2/repository/net/jcip/jcip-annotations/1.0/jcip-annotations-1.0.jar:/home/user/.m2/repository/com/google/code/findbugs/bcel-findbugs/6.0/bcel-findbugs-6.0.jar:/home/user/.m2/repository/com/google/code/findbugs/jFormatString/2.0.1/jFormatString-2.0.1.jar:/home/user/.m2/repository/dom4j/dom4j/1.6.1/dom4j-1.6.1.jar:/home/user/.m2/repository/xml-apis/xml-apis/1.0.b2/xml-apis-1.0.b2.jar:/home/user/.m2/repository/org/ow2/asm/asm-debug-all/5.0.2/asm-debug-all-5.0.2.jar:/home/user/.m2/repository/org/ow2/asm/asm-commons/5.0.2/asm-commons-5.0.2.jar:/home/user/.m2/repository/org/ow2/asm/asm-tree/5.0.2/asm-tree-5.0.2.jar:/home/user/.m2/repository/org/ow2/asm/asm/5.0.4/asm-5.0.4.jar:/home/user/.m2/repository/commons-lang/commons-lang/2.6/commons-lang-2.6.jar:/home/user/.m2/repository/com/apple/AppleJavaExtensions/1.4/AppleJavaExtensions-1.4.jar:/home/user/.m2/repository/jaxen/jaxen/1.1.6/jaxen-1.1.6.jar:/home/user/.m2/repository/org/apache/hadoop/hadoop-common/3.2.0/hadoop-common-3.2.0-tests.jar:/home/user/.m2/repository/org/apache/hadoop/hadoop-ozone-client/0.5.0-SNAPSHOT/hadoop-ozone-client-0.5.0-SNAPSHOT.jar:/home/user/.m2/repository/org/apache/hadoop/hadoop-hdfs/3.2.0/hadoop-hdfs-3.2.0-tests.jar:/workdir/hadoop-ozone/integration-test/target/test-classes:/home/user/.m2/repository/org/apache/hadoop/hadoop-ozone-s3gateway/0.5.0-SNAPSHOT/hadoop-ozone-s3gateway-0.5.0-SNAPSHOT.jar:/home/user/.m2/repository/org/jboss/weld/servlet/weld-servlet/2.4.7.Final/weld-servlet-2.4.7.Final.jar:/home/user/.m2/repository/org/glassfish/jersey/containers/jersey-container-servlet-core/2.27/jersey-container-servlet-core-2.27.jar:/home/user/.m2/repository/org/glassfish/hk2/external/javax.inject/2.5.0-b42/javax.inject-2.5.0-b42.jar:/home/user/.m2/repository/org/glassfish/jersey/core/jersey-common/2.27/jersey-common-2.27.jar:/home/user/.m2/repository/org/glassfish/hk2/osgi-resource-locator/1.0.1/osgi-resource-locator-1.0.1.jar:/home/user/.m2/repository/javax/ws/rs/javax.ws.rs-api/2.1/javax.ws.rs-api-2.1.jar:/home/user/.m2/repository/org/glassfish/jersey/ext/cdi/jersey-cdi1x/2.27/jersey-cdi1x-2.27.jar:/home/user/.m2/repository/org/glassfish/jersey/inject/jersey-hk2/2.27/jersey-hk2-2.27.jar:/home/user/.m2/repository/org/glassfish/hk2/hk2-locator/2.5.0-b42/hk2-locator-2.5.0-b42.jar:/home/user/.m2/repository/org/javassist/javassist/3.22.0-CR2/javassist-3.22.0-CR2.jar:/home/user/.m2/repository/org/glassfish/hk2/hk2-api/2.5.0/hk2-api-2.5.0.jar:/home/user/.m2/repository/org/glassfish/hk2/external/jakarta.inject/2.5.0/jakarta.inject-2.5.0.jar:/home/user/.m2/repository/org/glassfish/hk2/hk2-utils/2.5.0/hk2-utils-2.5.0.jar:/home/user/.m2/repository/jakarta/annotation/jakarta.annotation-api/1.3.4/jakarta.annotation-api-1.3.4.jar:/home/user/.m2/repository/org/glassfish/hk2/external/aopalliance-repackaged/2.5.0/aopalliance-repackaged-2.5.0.jar:/home/user/.m2/repository/com/fasterxml/jackson/dataformat/jackson-dataformat-xml/2.9.0/jackson-dataformat-xml-2.9.0.jar:/home/user/.m2/repository/com/fasterxml/jackson/module/jackson-module-jaxb-annotations/2.9.9/jackson-module-jaxb-annotations-2.9.9.jar:/home/user/.m2/repository/javax/enterprise/cdi-api/1.2/cdi-api-1.2.jar:/home/user/.m2/repository/javax/el/javax.el-api/3.0.0/javax.el-api-3.0.0.jar:/home/user/.m2/repository/javax/interceptor/javax.interceptor-api/1.2/javax.interceptor-api-1.2.jar:/home/user/.m2/repository/javax/inject/javax.inject/1/javax.inject-1.jar:/home/user/.m2/repository/com/sun/xml/bind/jaxb-core/2.3.0.1/jaxb-core-2.3.0.1.jar:/home/user/.m2/repository/javax/xml/bind/jaxb-api/2.3.0/jaxb-api-2.3.0.jar:/home/user/.m2/repository/javax/activation/activation/1.1.1/activation-1.1.1.jar:/home/user/.m2/repository/org/apache/hadoop/hadoop-ozone-csi/0.5.0-SNAPSHOT/hadoop-ozone-csi-0.5.0-SNAPSHOT.jar:/home/user/.m2/repository/com/google/protobuf/protobuf-java-util/3.5.1/protobuf-java-util-3.5.1.jar:/home/user/.m2/repository/io/grpc/grpc-netty/1.17.1/grpc-netty-1.17.1.jar:/home/user/.m2/repository/io/grpc/grpc-core/1.17.1/grpc-core-1.17.1.jar:/home/user/.m2/repository/io/grpc/grpc-context/1.17.1/grpc-context-1.17.1.jar:/home/user/.m2/repository/com/google/errorprone/error_prone_annotations/2.2.0/error_prone_annotations-2.2.0.jar:/home/user/.m2/repository/org/codehaus/mojo/animal-sniffer-annotations/1.17/animal-sniffer-annotations-1.17.jar:/home/user/.m2/repository/io/opencensus/opencensus-api/0.17.0/opencensus-api-0.17.0.jar:/home/user/.m2/repository/io/opencensus/opencensus-contrib-grpc-metrics/0.17.0/opencensus-contrib-grpc-metrics-0.17.0.jar:/home/user/.m2/repository/io/netty/netty-codec-http2/4.1.30.Final/netty-codec-http2-4.1.30.Final.jar:/home/user/.m2/repository/io/netty/netty-codec-http/4.1.30.Final/netty-codec-http-4.1.30.Final.jar:/home/user/.m2/repository/io/netty/netty-codec/4.1.30.Final/netty-codec-4.1.30.Final.jar:/home/user/.m2/repository/io/netty/netty-handler/4.1.30.Final/netty-handler-4.1.30.Final.jar:/home/user/.m2/repository/io/netty/netty-handler-proxy/4.1.30.Final/netty-handler-proxy-4.1.30.Final.jar:/home/user/.m2/repository/io/netty/netty-codec-socks/4.1.30.Final/netty-codec-socks-4.1.30.Final.jar:/home/user/.m2/repository/io/netty/netty-transport-native-epoll/4.1.30.Final/netty-transport-native-epoll-4.1.30.Final.jar:/home/user/.m2/repository/io/netty/netty-common/4.1.30.Final/netty-common-4.1.30.Final.jar:/home/user/.m2/repository/io/netty/netty-buffer/4.1.30.Final/netty-buffer-4.1.30.Final.jar:/home/user/.m2/repository/io/netty/netty-transport/4.1.30.Final/netty-transport-4.1.30.Final.jar:/home/user/.m2/repository/io/netty/netty-resolver/4.1.30.Final/netty-resolver-4.1.30.Final.jar:/home/user/.m2/repository/io/netty/netty-transport-native-unix-common/4.1.30.Final/netty-transport-native-unix-common-4.1.30.Final.jar:/home/user/.m2/repository/io/grpc/grpc-protobuf/1.17.1/grpc-protobuf-1.17.1.jar:/home/user/.m2/repository/com/google/api/grpc/proto-google-common-protos/1.0.0/proto-google-common-protos-1.0.0.jar:/home/user/.m2/repository/io/grpc/grpc-protobuf-lite/1.17.1/grpc-protobuf-lite-1.17.1.jar:/home/user/.m2/repository/io/grpc/grpc-stub/1.17.1/grpc-stub-1.17.1.jar:/home/user/.m2/repository/org/apache/hadoop/hadoop-ozone-recon/0.5.0-SNAPSHOT/hadoop-ozone-recon-0.5.0-SNAPSHOT.jar:/home/user/.m2/repository/org/apache/hadoop/hadoop-ozone-reconcodegen/0.5.0-SNAPSHOT/hadoop-ozone-reconcodegen-0.5.0-SNAPSHOT.jar:/home/user/.m2/repository/com/google/inject/extensions/guice-multibindings/4.0/guice-multibindings-4.0.jar:/home/user/.m2/repository/com/google/inject/guice/4.0/guice-4.0.jar:/home/user/.m2/repository/aopalliance/aopalliance/1.0/aopalliance-1.0.jar:/home/user/.m2/repository/org/glassfish/jersey/containers/jersey-container-servlet/2.27/jersey-container-servlet-2.27.jar:/home/user/.m2/repository/org/glassfish/hk2/guice-bridge/2.5.0/guice-bridge-2.5.0.jar:/home/user/.m2/repository/org/glassfish/jersey/core/jersey-server/2.27/jersey-server-2.27.jar:/home/user/.m2/repository/org/glassfish/jersey/core/jersey-client/2.27/jersey-client-2.27.jar:/home/user/.m2/repository/org/glassfish/jersey/media/jersey-media-jaxb/2.27/jersey-media-jaxb-2.27.jar:/home/user/.m2/repository/javax/validation/validation-api/1.1.0.Final/validation-api-1.1.0.Final.jar:/home/user/.m2/repository/org/glassfish/jersey/media/jersey-media-json-jackson/2.27/jersey-media-json-jackson-2.27.jar:/home/user/.m2/repository/org/glassfish/jersey/ext/jersey-entity-filtering/2.27/jersey-entity-filtering-2.27.jar:/home/user/.m2/repository/com/google/inject/extensions/guice-assistedinject/4.0/guice-assistedinject-4.0.jar:/home/user/.m2/repository/org/jooq/jooq/3.11.10/jooq-3.11.10.jar:/home/user/.m2/repository/org/jooq/jooq-meta/3.11.10/jooq-meta-3.11.10.jar:/home/user/.m2/repository/org/jooq/jooq-codegen/3.11.10/jooq-codegen-3.11.10.jar:/home/user/.m2/repository/com/jolbox/bonecp/0.8.0.RELEASE/bonecp-0.8.0.RELEASE.jar:/home/user/.m2/repository/org/springframework/spring-jdbc/5.1.3.RELEASE/spring-jdbc-5.1.3.RELEASE.jar:/home/user/.m2/repository/org/springframework/spring-beans/5.1.3.RELEASE/spring-beans-5.1.3.RELEASE.jar:/home/user/.m2/repository/org/springframework/spring-core/5.1.3.RELEASE/spring-core-5.1.3.RELEASE.jar:/home/user/.m2/repository/org/springframework/spring-jcl/5.1.3.RELEASE/spring-jcl-5.1.3.RELEASE.jar:/home/user/.m2/repository/org/springframework/spring-tx/5.1.3.RELEASE/spring-tx-5.1.3.RELEASE.jar:/home/user/.m2/repository/org/mockito/mockito-all/1.10.19/mockito-all-1.10.19.jar:/home/user/.m2/repository/junit/junit/4.11/junit-4.11.jar:/home/user/.m2/repository/org/hamcrest/hamcrest-core/1.3/hamcrest-core-1.3.jar:/home/user/.m2/repository/org/apache/hadoop/hadoop-distcp/3.2.0/hadoop-distcp-3.2.0.jar:/home/user/.m2/repository/org/apache/hadoop/hadoop-distcp/3.2.0/hadoop-distcp-3.2.0-tests.jar:/home/user/.m2/repository/org/apache/hadoop/hadoop-mapreduce-client-jobclient/3.2.0/hadoop-mapreduce-client-jobclient-3.2.0.jar:/home/user/.m2/repository/org/apache/hadoop/hadoop-mapreduce-client-common/3.2.0/hadoop-mapreduce-client-common-3.2.0.jar:/home/user/.m2/repository/org/apache/hadoop/hadoop-yarn-common/3.2.0/hadoop-yarn-common-3.2.0.jar:/home/user/.m2/repository/org/apache/hadoop/hadoop-yarn-api/3.2.0/hadoop-yarn-api-3.2.0.jar:/home/user/.m2/repository/com/sun/jersey/jersey-client/1.19/jersey-client-1.19.jar:/home/user/.m2/repository/com/sun/jersey/contribs/jersey-guice/1.19/jersey-guice-1.19.jar:/home/user/.m2/repository/com/fasterxml/jackson/jaxrs/jackson-jaxrs-json-provider/2.9.9/jackson-jaxrs-json-provider-2.9.9.jar:/home/user/.m2/repository/com/fasterxml/jackson/jaxrs/jackson-jaxrs-base/2.9.9/jackson-jaxrs-base-2.9.9.jar:/home/user/.m2/repository/org/apache/hadoop/hadoop-yarn-client/3.2.0/hadoop-yarn-client-3.2.0.jar:/home/user/.m2/repository/org/apache/hadoop/hadoop-mapreduce-client-core/3.2.0/hadoop-mapreduce-client-core-3.2.0.jar:/home/user/.m2/repository/com/google/inject/extensions/guice-servlet/4.0/guice-servlet-4.0.jar:/home/user/.m2/repository/org/powermock/powermock-module-junit4/1.6.5/powermock-module-junit4-1.6.5.jar:/home/user/.m2/repository/org/powermock/powermock-module-junit4-common/1.6.5/powermock-module-junit4-common-1.6.5.jar:/home/user/.m2/repository/org/powermock/powermock-core/1.6.5/powermock-core-1.6.5.jar:/home/user/.m2/repository/org/powermock/powermock-reflect/1.6.5/powermock-reflect-1.6.5.jar:/home/user/.m2/repository/org/powermock/powermock-api-mockito/1.6.5/powermock-api-mockito-1.6.5.jar:/home/user/.m2/repository/org/mockito/mockito-core/1.10.19/mockito-core-1.10.19.jar:/home/user/.m2/repository/org/objenesis/objenesis/1.0/objenesis-1.0.jar:/home/user/.m2/repository/org/powermock/powermock-api-mockito-common/1.6.5/powermock-api-mockito-common-1.6.5.jar:/home/user/.m2/repository/org/powermock/powermock-api-support/1.6.5/powermock-api-support-1.6.5.jar:"/>
    <property name="sun.cpu.endian" value="little"/>
    <property name="user.home" value="/home/user"/>
    <property name="user.language" value="en"/>
    <property name="java.specification.vendor" value="Oracle Corporation"/>
    <property name="java.home" value="/usr/lib/jvm/java-1.8-openjdk/jre"/>
    <property name="java.security.krb5.conf" value="/workdir/hadoop-ozone/ozonefs/target/test-classes/krb5.conf"/>
    <property name="basedir" value="/workdir/hadoop-ozone/ozonefs"/>
    <property name="file.separator" value="/"/>
    <property name="line.separator" value="&#10;"/>
    <property name="java.vm.specification.vendor" value="Oracle Corporation"/>
    <property name="java.specification.name" value="Java Platform API Specification"/>
    <property name="java.awt.graphicsenv" value="sun.awt.X11GraphicsEnvironment"/>
    <property name="surefire.real.class.path" value="/workdir/hadoop-ozone/ozonefs/target/surefire/surefirebooter6805705698604018906.jar"/>
    <property name="hadoop.log.dir" value="/workdir/hadoop-ozone/ozonefs/target/log"/>
    <property name="sun.boot.class.path" value="/usr/lib/jvm/java-1.8-openjdk/jre/lib/resources.jar:/usr/lib/jvm/java-1.8-openjdk/jre/lib/rt.jar:/usr/lib/jvm/java-1.8-openjdk/jre/lib/sunrsasign.jar:/usr/lib/jvm/java-1.8-openjdk/jre/lib/jsse.jar:/usr/lib/jvm/java-1.8-openjdk/jre/lib/jce.jar:/usr/lib/jvm/java-1.8-openjdk/jre/lib/charsets.jar:/usr/lib/jvm/java-1.8-openjdk/jre/lib/jfr.jar:/usr/lib/jvm/java-1.8-openjdk/jre/classes"/>
    <property name="sun.management.compiler" value="HotSpot 64-Bit Tiered Compilers"/>
    <property name="java.runtime.version" value="1.8.0_212-b04"/>
    <property name="java.net.preferIPv4Stack" value="true"/>
    <property name="user.name" value="jenkins1000"/>
    <property name="path.separator" value=":"/>
    <property name="java.security.egd" value="file:///dev/urandom"/>
    <property name="os.version" value="3.10.0-957.12.2.el7.x86_64"/>
    <property name="java.endorsed.dirs" value="/usr/lib/jvm/java-1.8-openjdk/jre/lib/endorsed"/>
    <property name="java.runtime.name" value="OpenJDK Runtime Environment"/>
    <property name="file.encoding" value="UTF-8"/>
    <property name="java.vm.name" value="OpenJDK 64-Bit Server VM"/>
    <property name="test.build.webapps" value=""/>
    <property name="localRepository" value="/home/user/.m2/repository"/>
    <property name="java.vendor.url.bug" value="https://icedtea.classpath.org/bugzilla"/>
    <property name="java.io.tmpdir" value="/tmp"/>
    <property name="require.test.libhadoop" value=""/>
    <property name="java.version" value="1.8.0_212"/>
    <property name="user.dir" value="/workdir/hadoop-ozone/ozonefs"/>
    <property name="os.arch" value="amd64"/>
    <property name="java.vm.specification.name" value="Java Virtual Machine Specification"/>
    <property name="test.build.classes" value="/workdir/hadoop-ozone/ozonefs/target/test-classes"/>
    <property name="java.awt.printerjob" value="sun.print.PSPrinterJob"/>
    <property name="sun.os.patch.level" value="unknown"/>
    <property name="hadoop.tmp.dir" value="/workdir/hadoop-ozone/ozonefs/target/tmp"/>
    <property name="java.library.path" value="/usr/lib/jvm/java-1.8-openjdk/jre/lib/amd64/server:/usr/lib/jvm/java-1.8-openjdk/jre/lib/amd64:/usr/lib/jvm/java-1.8-openjdk/jre/../lib/amd64:/workdir/hadoop-ozone/ozonefs/target/native/target/usr/local/lib:/workdir/hadoop-ozone/ozonefs/../../hadoop-common-project/hadoop-common/target/native/target/usr/local/lib:/usr/java/packages/lib/amd64:/usr/lib64:/lib64:/lib:/usr/lib"/>
    <property name="java.vm.info" value="mixed mode"/>
    <property name="java.vendor" value="IcedTea"/>
    <property name="java.vm.version" value="25.212-b04"/>
    <property name="java.ext.dirs" value="/usr/lib/jvm/java-1.8-openjdk/jre/lib/ext:/usr/java/packages/lib/ext"/>
    <property name="sun.io.unicode.encoding" value="UnicodeLittle"/>
    <property name="java.class.version" value="52.0"/>
  </properties>
  <testcase name="org.apache.hadoop.fs.ozone.TestOzoneFSInputStream" classname="org.apache.hadoop.fs.ozone.TestOzoneFSInputStream" time="46.249">
    <error message="Allocated 0 blocks. Requested 1 blocks" type="INTERNAL_ERROR org.apache.hadoop.ozone.om.exceptions.OMException">INTERNAL_ERROR org.apache.hadoop.ozone.om.exceptions.OMException: Allocated 0 blocks. Requested 1 blocks
	at org.apache.hadoop.ozone.om.protocolPB.OzoneManagerProtocolClientSideTranslatorPB.handleError(OzoneManagerProtocolClientSideTranslatorPB.java:732)
	at org.apache.hadoop.ozone.om.protocolPB.OzoneManagerProtocolClientSideTranslatorPB.createFile(OzoneManagerProtocolClientSideTranslatorPB.java:1536)
	at sun.reflect.NativeMethodAccessorImpl.invoke0(Native Method)
	at sun.reflect.NativeMethodAccessorImpl.invoke(NativeMethodAccessorImpl.java:62)
	at sun.reflect.DelegatingMethodAccessorImpl.invoke(DelegatingMethodAccessorImpl.java:43)
	at java.lang.reflect.Method.invoke(Method.java:498)
	at org.apache.hadoop.hdds.tracing.TraceAllMethod.invoke(TraceAllMethod.java:66)
	at com.sun.proxy.$Proxy37.createFile(Unknown Source)
	at org.apache.hadoop.ozone.client.rpc.RpcClient.createFile(RpcClient.java:1006)
	at org.apache.hadoop.ozone.client.OzoneBucket.createFile(OzoneBucket.java:537)
	at org.apache.hadoop.fs.ozone.BasicOzoneClientAdapterImpl.createFile(BasicOzoneClientAdapterImpl.java:205)
	at org.apache.hadoop.fs.ozone.BasicOzoneFileSystem.createOutputStream(BasicOzoneFileSystem.java:250)
	at org.apache.hadoop.fs.ozone.BasicOzoneFileSystem.create(BasicOzoneFileSystem.java:231)
	at org.apache.hadoop.fs.FileSystem.create(FileSystem.java:1118)
	at org.apache.hadoop.fs.FileSystem.create(FileSystem.java:1098)
	at org.apache.hadoop.fs.FileSystem.create(FileSystem.java:987)
	at org.apache.hadoop.fs.FileSystem.create(FileSystem.java:975)
	at org.apache.hadoop.fs.ozone.TestOzoneFSInputStream.init(TestOzoneFSInputStream.java:86)
	at sun.reflect.NativeMethodAccessorImpl.invoke0(Native Method)
	at sun.reflect.NativeMethodAccessorImpl.invoke(NativeMethodAccessorImpl.java:62)
	at sun.reflect.DelegatingMethodAccessorImpl.invoke(DelegatingMethodAccessorImpl.java:43)
	at java.lang.reflect.Method.invoke(Method.java:498)
	at org.junit.runners.model.FrameworkMethod$1.runReflectiveCall(FrameworkMethod.java:47)
	at org.junit.internal.runners.model.ReflectiveCallable.run(ReflectiveCallable.java:12)
	at org.junit.runners.model.FrameworkMethod.invokeExplosively(FrameworkMethod.java:44)
	at org.junit.internal.runners.statements.RunBefores.evaluate(RunBefores.java:24)
	at org.junit.internal.runners.statements.RunAfters.evaluate(RunAfters.java:27)
	at org.junit.runners.ParentRunner.run(ParentRunner.java:309)
	at org.apache.maven.surefire.junit4.JUnit4Provider.execute(JUnit4Provider.java:365)
	at org.apache.maven.surefire.junit4.JUnit4Provider.executeWithRerun(JUnit4Provider.java:273)
	at org.apache.maven.surefire.junit4.JUnit4Provider.executeTestSet(JUnit4Provider.java:238)
	at org.apache.maven.surefire.junit4.JUnit4Provider.invoke(JUnit4Provider.java:159)
	at org.apache.maven.surefire.booter.ForkedBooter.invokeProviderInSameClassLoader(ForkedBooter.java:384)
	at org.apache.maven.surefire.booter.ForkedBooter.runSuitesInProcess(ForkedBooter.java:345)
	at org.apache.maven.surefire.booter.ForkedBooter.execute(ForkedBooter.java:126)
	at org.apache.maven.surefire.booter.ForkedBooter.main(ForkedBooter.java:418)
</error>
    <system-out><![CDATA[2019-09-26 13:29:03,410 [main] WARN  server.ServerUtils (ServerUtils.java:getScmDbDir(145)) - ozone.scm.db.dirs is not configured. We recommend adding this setting. Falling back to ozone.metadata.dirs instead.
2019-09-26 13:29:03,513 [main] WARN  server.ServerUtils (ServerUtils.java:getScmDbDir(145)) - ozone.scm.db.dirs is not configured. We recommend adding this setting. Falling back to ozone.metadata.dirs instead.
2019-09-26 13:29:03,517 [main] WARN  server.ServerUtils (ServerUtils.java:getScmDbDir(145)) - ozone.scm.db.dirs is not configured. We recommend adding this setting. Falling back to ozone.metadata.dirs instead.
2019-09-26 13:29:03,537 [main] INFO  util.log (Log.java:initialized(192)) - Logging initialized @840ms
2019-09-26 13:29:03,655 [main] INFO  db.DBStoreBuilder (DBStoreBuilder.java:addTable(110)) - using custom profile for table: deletedBlocks
2019-09-26 13:29:03,655 [main] INFO  db.DBStoreBuilder (DBStoreBuilder.java:processTables(161)) - Using default column profile:DBProfile.DISK for Table:deletedBlocks
2019-09-26 13:29:03,655 [main] INFO  db.DBStoreBuilder (DBStoreBuilder.java:addTable(110)) - using custom profile for table: validCerts
2019-09-26 13:29:03,656 [main] INFO  db.DBStoreBuilder (DBStoreBuilder.java:processTables(161)) - Using default column profile:DBProfile.DISK for Table:validCerts
2019-09-26 13:29:03,656 [main] INFO  db.DBStoreBuilder (DBStoreBuilder.java:addTable(110)) - using custom profile for table: revokedCerts
2019-09-26 13:29:03,656 [main] INFO  db.DBStoreBuilder (DBStoreBuilder.java:processTables(161)) - Using default column profile:DBProfile.DISK for Table:revokedCerts
2019-09-26 13:29:03,669 [main] INFO  db.DBStoreBuilder (DBStoreBuilder.java:addTable(110)) - using custom profile for table: default
2019-09-26 13:29:03,669 [main] INFO  db.DBStoreBuilder (DBStoreBuilder.java:processTables(167)) - Using default column profile:DBProfile.DISK for Table:default
2019-09-26 13:29:03,670 [main] INFO  db.DBStoreBuilder (DBStoreBuilder.java:getDbProfile(198)) - Using default options. DBProfile.DISK
2019-09-26 13:29:04,001 [main] INFO  net.NodeSchemaLoader (NodeSchemaLoader.java:loadSchemaFromFile(125)) - Loading file from sun.misc.CompoundEnumeration@6771beb3
2019-09-26 13:29:04,003 [main] INFO  net.NodeSchemaLoader (NodeSchemaLoader.java:loadSchema(171)) - Loading network topology layer schema file
2019-09-26 13:29:04,073 [main] WARN  server.ServerUtils (ServerUtils.java:sanitizeUserArgs(70)) - ozone.scm.stale.node.interval value = 300000 is larger than max = 100000 based on the key value of ozone.scm.heartbeat.thread.interval, reset to the max value 100000.
2019-09-26 13:29:04,075 [main] WARN  server.ServerUtils (ServerUtils.java:sanitizeUserArgs(70)) - ozone.scm.stale.node.interval value = 300000 is larger than max = 100000 based on the key value of ozone.scm.heartbeat.thread.interval, reset to the max value 100000.
2019-09-26 13:29:04,078 [main] INFO  node.SCMNodeManager (SCMNodeManager.java:<init>(114)) - Entering startup safe mode.
2019-09-26 13:29:04,202 [main] INFO  algorithms.ContainerPlacementPolicyFactory (ContainerPlacementPolicyFactory.java:getPolicy(59)) - Create container placement policy of type org.apache.hadoop.hdds.scm.container.placement.algorithms.SCMContainerPlacementRandom
2019-09-26 13:29:04,218 [main] WARN  server.ServerUtils (ServerUtils.java:getScmDbDir(145)) - ozone.scm.db.dirs is not configured. We recommend adding this setting. Falling back to ozone.metadata.dirs instead.
2019-09-26 13:29:04,315 [main] INFO  pipeline.SCMPipelineManager (SCMPipelineManager.java:initializePipelineState(132)) - No pipeline exists in current db
2019-09-26 13:29:04,318 [main] WARN  server.ServerUtils (ServerUtils.java:getScmDbDir(145)) - ozone.scm.db.dirs is not configured. We recommend adding this setting. Falling back to ozone.metadata.dirs instead.
2019-09-26 13:29:04,456 [main] WARN  events.EventQueue (EventQueue.java:fireEvent(183)) - No event handler registered for event TypedEvent{payloadType=SafeModeStatus, name='SafeModeStatus'}
2019-09-26 13:29:04,843 [main] INFO  ipc.CallQueueManager (CallQueueManager.java:<init>(84)) - Using callQueue: class java.util.concurrent.LinkedBlockingQueue, queueCapacity: 2000, scheduler: class org.apache.hadoop.ipc.DefaultRpcScheduler, ipcBackoff: false.
2019-09-26 13:29:04,968 [Socket Reader #1 for port 43453] INFO  ipc.Server (Server.java:run(1074)) - Starting Socket Reader #1 for port 43453
2019-09-26 13:29:04,994 [main] INFO  ipc.CallQueueManager (CallQueueManager.java:<init>(84)) - Using callQueue: class java.util.concurrent.LinkedBlockingQueue, queueCapacity: 2000, scheduler: class org.apache.hadoop.ipc.DefaultRpcScheduler, ipcBackoff: false.
2019-09-26 13:29:04,995 [Socket Reader #1 for port 34539] INFO  ipc.Server (Server.java:run(1074)) - Starting Socket Reader #1 for port 34539
2019-09-26 13:29:05,004 [main] INFO  ipc.CallQueueManager (CallQueueManager.java:<init>(84)) - Using callQueue: class java.util.concurrent.LinkedBlockingQueue, queueCapacity: 2000, scheduler: class org.apache.hadoop.ipc.DefaultRpcScheduler, ipcBackoff: false.
2019-09-26 13:29:05,005 [Socket Reader #1 for port 37523] INFO  ipc.Server (Server.java:run(1074)) - Starting Socket Reader #1 for port 37523
2019-09-26 13:29:05,026 [main] INFO  hdfs.DFSUtil (DFSUtil.java:httpServerTemplateForNNAndJN(1641)) - Starting Web-server for scm at: http://0.0.0.0:0
2019-09-26 13:29:05,172 [main] INFO  server.AuthenticationFilter (AuthenticationFilter.java:constructSecretProvider(240)) - Unable to initialize FileSignerSecretProvider, falling back to use random secrets.
2019-09-26 13:29:05,190 [main] WARN  http.HttpRequestLog (HttpRequestLog.java:getRequestLog(97)) - Jetty request log can only be enabled using Log4j
2019-09-26 13:29:05,205 [main] INFO  http.HttpServer2 (HttpServer2.java:addGlobalFilter(975)) - Added global filter 'safety' (class=org.apache.hadoop.http.HttpServer2$QuotingInputFilter)
2019-09-26 13:29:05,207 [main] INFO  http.HttpServer2 (HttpServer2.java:addFilter(948)) - Added filter static_user_filter (class=org.apache.hadoop.http.lib.StaticUserWebFilter$StaticUserFilter) to context scm
2019-09-26 13:29:05,207 [main] INFO  http.HttpServer2 (HttpServer2.java:addFilter(958)) - Added filter static_user_filter (class=org.apache.hadoop.http.lib.StaticUserWebFilter$StaticUserFilter) to context logs
2019-09-26 13:29:05,208 [main] INFO  http.HttpServer2 (HttpServer2.java:addFilter(958)) - Added filter static_user_filter (class=org.apache.hadoop.http.lib.StaticUserWebFilter$StaticUserFilter) to context static
2019-09-26 13:29:05,237 [main] INFO  server.StorageContainerManager (StorageContainerManager.java:start(770)) - StorageContainerLocationProtocol RPC server is listening at /0.0.0.0:37523
2019-09-26 13:29:05,290 [main] WARN  impl.MetricsConfig (MetricsConfig.java:loadFirst(134)) - Cannot locate configuration: tried hadoop-metrics2-storagecontainermanager.properties,hadoop-metrics2.properties
2019-09-26 13:29:05,303 [main] INFO  impl.MetricsSystemImpl (MetricsSystemImpl.java:startTimer(374)) - Scheduled Metric snapshot period at 10 second(s).
2019-09-26 13:29:05,304 [main] INFO  impl.MetricsSystemImpl (MetricsSystemImpl.java:start(191)) - StorageContainerManager metrics system started
2019-09-26 13:29:05,515 [main] INFO  server.SCMClientProtocolServer (SCMClientProtocolServer.java:start(151)) - RPC server for Client  is listening at /0.0.0.0:37523
2019-09-26 13:29:05,516 [IPC Server Responder] INFO  ipc.Server (Server.java:run(1314)) - IPC Server Responder: starting
2019-09-26 13:29:05,516 [IPC Server listener on 37523] INFO  ipc.Server (Server.java:run(1153)) - IPC Server listener on 37523: starting
2019-09-26 13:29:05,518 [main] INFO  server.StorageContainerManager (StorageContainerManager.java:start(780)) - ScmBlockLocationProtocol RPC server is listening at /0.0.0.0:34539
2019-09-26 13:29:05,519 [main] INFO  server.SCMBlockProtocolServer (SCMBlockProtocolServer.java:start(146)) - RPC server for Block Protocol is listening at /0.0.0.0:34539
2019-09-26 13:29:05,520 [IPC Server Responder] INFO  ipc.Server (Server.java:run(1314)) - IPC Server Responder: starting
2019-09-26 13:29:05,520 [IPC Server listener on 34539] INFO  ipc.Server (Server.java:run(1153)) - IPC Server listener on 34539: starting
2019-09-26 13:29:05,522 [main] INFO  server.StorageContainerManager (StorageContainerManager.java:start(784)) - ScmDatanodeProtocl RPC server is listening at /0.0.0.0:43453
2019-09-26 13:29:05,522 [main] INFO  server.SCMDatanodeProtocolServer (SCMDatanodeProtocolServer.java:start(191)) - RPC server for DataNodes is listening at /0.0.0.0:43453
2019-09-26 13:29:05,522 [IPC Server Responder] INFO  ipc.Server (Server.java:run(1314)) - IPC Server Responder: starting
2019-09-26 13:29:05,522 [IPC Server listener on 43453] INFO  ipc.Server (Server.java:run(1153)) - IPC Server listener on 43453: starting
2019-09-26 13:29:05,525 [main] INFO  http.HttpServer2 (HttpServer2.java:bindListener(1191)) - Jetty bound to port 38992
2019-09-26 13:29:05,526 [main] INFO  server.Server (Server.java:doStart(351)) - jetty-9.3.25.v20180904, build timestamp: 2018-09-04T21:11:46Z, git hash: 3ce520221d0240229c862b122d2b06c12a625732
2019-09-26 13:29:05,562 [main] INFO  handler.ContextHandler (ContextHandler.java:doStart(781)) - Started o.e.j.s.ServletContextHandler@68fa0ba8{/logs,file:///workdir/hadoop-ozone/ozonefs/target/log,AVAILABLE}
2019-09-26 13:29:05,563 [main] INFO  handler.ContextHandler (ContextHandler.java:doStart(781)) - Started o.e.j.s.ServletContextHandler@5c10f1c3{/static,jar:file:/home/user/.m2/repository/org/apache/hadoop/hadoop-hdds-server-scm/0.5.0-SNAPSHOT/hadoop-hdds-server-scm-0.5.0-SNAPSHOT.jar!/webapps/static,AVAILABLE}
2019-09-26 13:29:05,632 [main] INFO  handler.ContextHandler (ContextHandler.java:doStart(781)) - Started o.e.j.w.WebAppContext@5a021cb9{/,file:///tmp/jetty-0.0.0.0-38992-scm-_-any-1432089511521378173.dir/webapp/,AVAILABLE}{/scm}
2019-09-26 13:29:05,636 [main] INFO  server.AbstractConnector (AbstractConnector.java:doStart(278)) - Started ServerConnector@287f94b1{HTTP/1.1,[http/1.1]}{0.0.0.0:38992}
2019-09-26 13:29:05,637 [main] INFO  server.Server (Server.java:doStart(419)) - Started @2939ms
2019-09-26 13:29:05,639 [main] INFO  impl.MetricsSinkAdapter (MetricsSinkAdapter.java:start(204)) - Sink prometheus started
2019-09-26 13:29:05,639 [main] INFO  impl.MetricsSystemImpl (MetricsSystemImpl.java:registerSink(301)) - Registered sink prometheus
2019-09-26 13:29:05,641 [main] INFO  server.BaseHttpServer (BaseHttpServer.java:updateConnectorAddress(215)) - HTTP server of SCM is listening at http://0.0.0.0:38992
2019-09-26 13:29:05,645 [org.apache.hadoop.util.JvmPauseMonitor$Monitor@324c64cd] INFO  util.JvmPauseMonitor (JvmPauseMonitor.java:run(188)) - Starting JVM pause monitor
2019-09-26 13:29:05,648 [main] WARN  server.ServerUtils (ServerUtils.java:getDBPath(222)) - ozone.om.db.dirs is not configured. We recommend adding this setting. Falling back to ozone.metadata.dirs instead.
2019-09-26 13:29:05,748 [main] WARN  server.ServerUtils (ServerUtils.java:getDBPath(222)) - ozone.om.db.dirs is not configured. We recommend adding this setting. Falling back to ozone.metadata.dirs instead.
2019-09-26 13:29:05,749 [main] WARN  server.ServerUtils (ServerUtils.java:getDBPath(222)) - ozone.om.db.dirs is not configured. We recommend adding this setting. Falling back to ozone.metadata.dirs instead.
2019-09-26 13:29:05,749 [main] INFO  om.OzoneManager (OzoneManager.java:setOMNodeDetails(652)) - OM Service ID is not set. Setting it to the default ID: omServiceIdDefault
2019-09-26 13:29:05,750 [main] INFO  om.OzoneManager (OzoneManager.java:setOMNodeDetails(658)) - OM Node ID is not set. Setting it to the OmStorage's OmID: c4763219-6c0a-4ea7-acca-fb239f5fc175
2019-09-26 13:29:05,751 [main] INFO  om.OzoneManager (OzoneManager.java:loadOMHAConfigs(609)) - Found matching OM address with OMServiceId: null, OMNodeId: null, RPC Address: localhost:0 and Ratis port: 9872
2019-09-26 13:29:06,439 [main] WARN  server.ServerUtils (ServerUtils.java:getDBPath(222)) - ozone.om.db.dirs is not configured. We recommend adding this setting. Falling back to ozone.metadata.dirs instead.
2019-09-26 13:29:06,448 [main] INFO  db.DBStoreBuilder (DBStoreBuilder.java:addTable(110)) - using custom profile for table: userTable
2019-09-26 13:29:06,449 [main] INFO  db.DBStoreBuilder (DBStoreBuilder.java:processTables(161)) - Using default column profile:DBProfile.DISK for Table:userTable
2019-09-26 13:29:06,449 [main] INFO  db.DBStoreBuilder (DBStoreBuilder.java:addTable(110)) - using custom profile for table: volumeTable
2019-09-26 13:29:06,449 [main] INFO  db.DBStoreBuilder (DBStoreBuilder.java:processTables(161)) - Using default column profile:DBProfile.DISK for Table:volumeTable
2019-09-26 13:29:06,449 [main] INFO  db.DBStoreBuilder (DBStoreBuilder.java:addTable(110)) - using custom profile for table: bucketTable
2019-09-26 13:29:06,450 [main] INFO  db.DBStoreBuilder (DBStoreBuilder.java:processTables(161)) - Using default column profile:DBProfile.DISK for Table:bucketTable
2019-09-26 13:29:06,450 [main] INFO  db.DBStoreBuilder (DBStoreBuilder.java:addTable(110)) - using custom profile for table: keyTable
2019-09-26 13:29:06,450 [main] INFO  db.DBStoreBuilder (DBStoreBuilder.java:processTables(161)) - Using default column profile:DBProfile.DISK for Table:keyTable
2019-09-26 13:29:06,450 [main] INFO  db.DBStoreBuilder (DBStoreBuilder.java:addTable(110)) - using custom profile for table: deletedTable
2019-09-26 13:29:06,451 [main] INFO  db.DBStoreBuilder (DBStoreBuilder.java:processTables(161)) - Using default column profile:DBProfile.DISK for Table:deletedTable
2019-09-26 13:29:06,451 [main] INFO  db.DBStoreBuilder (DBStoreBuilder.java:addTable(110)) - using custom profile for table: openKeyTable
2019-09-26 13:29:06,451 [main] INFO  db.DBStoreBuilder (DBStoreBuilder.java:processTables(161)) - Using default column profile:DBProfile.DISK for Table:openKeyTable
2019-09-26 13:29:06,451 [main] INFO  db.DBStoreBuilder (DBStoreBuilder.java:addTable(110)) - using custom profile for table: s3Table
2019-09-26 13:29:06,451 [main] INFO  db.DBStoreBuilder (DBStoreBuilder.java:processTables(161)) - Using default column profile:DBProfile.DISK for Table:s3Table
2019-09-26 13:29:06,452 [main] INFO  db.DBStoreBuilder (DBStoreBuilder.java:addTable(110)) - using custom profile for table: multipartInfoTable
2019-09-26 13:29:06,452 [main] INFO  db.DBStoreBuilder (DBStoreBuilder.java:processTables(161)) - Using default column profile:DBProfile.DISK for Table:multipartInfoTable
2019-09-26 13:29:06,452 [main] INFO  db.DBStoreBuilder (DBStoreBuilder.java:addTable(110)) - using custom profile for table: dTokenTable
2019-09-26 13:29:06,452 [main] INFO  db.DBStoreBuilder (DBStoreBuilder.java:processTables(161)) - Using default column profile:DBProfile.DISK for Table:dTokenTable
2019-09-26 13:29:06,453 [main] INFO  db.DBStoreBuilder (DBStoreBuilder.java:addTable(110)) - using custom profile for table: s3SecretTable
2019-09-26 13:29:06,453 [main] INFO  db.DBStoreBuilder (DBStoreBuilder.java:processTables(161)) - Using default column profile:DBProfile.DISK for Table:s3SecretTable
2019-09-26 13:29:06,453 [main] INFO  db.DBStoreBuilder (DBStoreBuilder.java:addTable(110)) - using custom profile for table: prefixTable
2019-09-26 13:29:06,453 [main] INFO  db.DBStoreBuilder (DBStoreBuilder.java:processTables(161)) - Using default column profile:DBProfile.DISK for Table:prefixTable
2019-09-26 13:29:06,453 [main] INFO  db.DBStoreBuilder (DBStoreBuilder.java:addTable(110)) - using custom profile for table: default
2019-09-26 13:29:06,454 [main] INFO  db.DBStoreBuilder (DBStoreBuilder.java:processTables(167)) - Using default column profile:DBProfile.DISK for Table:default
2019-09-26 13:29:06,454 [main] INFO  db.DBStoreBuilder (DBStoreBuilder.java:getDbProfile(198)) - Using default options. DBProfile.DISK
2019-09-26 13:29:06,939 [main] INFO  ipc.CallQueueManager (CallQueueManager.java:<init>(84)) - Using callQueue: class java.util.concurrent.LinkedBlockingQueue, queueCapacity: 2000, scheduler: class org.apache.hadoop.ipc.DefaultRpcScheduler, ipcBackoff: false.
2019-09-26 13:29:06,941 [Socket Reader #1 for port 42806] INFO  ipc.Server (Server.java:run(1074)) - Starting Socket Reader #1 for port 42806
2019-09-26 13:29:06,979 [main] INFO  om.OzoneManager (OzoneManager.java:start(1243)) - OzoneManager RPC server is listening at localhost/127.0.0.1:42806
2019-09-26 13:29:06,979 [main] INFO  impl.MetricsSystemImpl (MetricsSystemImpl.java:init(158)) - OzoneManager metrics system started (again)
2019-09-26 13:29:06,980 [IPC Server listener on 42806] INFO  ipc.Server (Server.java:run(1153)) - IPC Server listener on 42806: starting
2019-09-26 13:29:06,980 [IPC Server Responder] INFO  ipc.Server (Server.java:run(1314)) - IPC Server Responder: starting
2019-09-26 13:29:06,985 [main] INFO  hdfs.DFSUtil (DFSUtil.java:httpServerTemplateForNNAndJN(1641)) - Starting Web-server for ozoneManager at: http://0.0.0.0:0
2019-09-26 13:29:06,987 [main] INFO  server.AuthenticationFilter (AuthenticationFilter.java:constructSecretProvider(240)) - Unable to initialize FileSignerSecretProvider, falling back to use random secrets.
2019-09-26 13:29:06,987 [main] WARN  http.HttpRequestLog (HttpRequestLog.java:getRequestLog(97)) - Jetty request log can only be enabled using Log4j
2019-09-26 13:29:06,989 [main] INFO  http.HttpServer2 (HttpServer2.java:addGlobalFilter(975)) - Added global filter 'safety' (class=org.apache.hadoop.http.HttpServer2$QuotingInputFilter)
2019-09-26 13:29:06,991 [main] INFO  http.HttpServer2 (HttpServer2.java:addFilter(948)) - Added filter static_user_filter (class=org.apache.hadoop.http.lib.StaticUserWebFilter$StaticUserFilter) to context ozoneManager
2019-09-26 13:29:06,991 [main] INFO  http.HttpServer2 (HttpServer2.java:addFilter(958)) - Added filter static_user_filter (class=org.apache.hadoop.http.lib.StaticUserWebFilter$StaticUserFilter) to context logs
2019-09-26 13:29:06,991 [main] INFO  http.HttpServer2 (HttpServer2.java:addFilter(958)) - Added filter static_user_filter (class=org.apache.hadoop.http.lib.StaticUserWebFilter$StaticUserFilter) to context static
2019-09-26 13:29:06,993 [main] INFO  http.HttpServer2 (HttpServer2.java:bindListener(1191)) - Jetty bound to port 46072
2019-09-26 13:29:06,994 [main] INFO  server.Server (Server.java:doStart(351)) - jetty-9.3.25.v20180904, build timestamp: 2018-09-04T21:11:46Z, git hash: 3ce520221d0240229c862b122d2b06c12a625732
2019-09-26 13:29:06,995 [main] INFO  handler.ContextHandler (ContextHandler.java:doStart(781)) - Started o.e.j.s.ServletContextHandler@56303475{/logs,file:///workdir/hadoop-ozone/ozonefs/target/log,AVAILABLE}
2019-09-26 13:29:06,996 [main] INFO  handler.ContextHandler (ContextHandler.java:doStart(781)) - Started o.e.j.s.ServletContextHandler@1dcca8d3{/static,jar:file:/home/user/.m2/repository/org/apache/hadoop/hadoop-ozone-ozone-manager/0.5.0-SNAPSHOT/hadoop-ozone-ozone-manager-0.5.0-SNAPSHOT.jar!/webapps/static,AVAILABLE}
2019-09-26 13:29:07,060 [main] INFO  handler.ContextHandler (ContextHandler.java:doStart(781)) - Started o.e.j.w.WebAppContext@298d9a05{/,file:///tmp/jetty-0.0.0.0-46072-ozoneManager-_-any-1651113655596972659.dir/webapp/,AVAILABLE}{/ozoneManager}
2019-09-26 13:29:07,061 [main] INFO  server.AbstractConnector (AbstractConnector.java:doStart(278)) - Started ServerConnector@58399d82{HTTP/1.1,[http/1.1]}{0.0.0.0:46072}
2019-09-26 13:29:07,062 [main] INFO  server.Server (Server.java:doStart(419)) - Started @4365ms
2019-09-26 13:29:07,062 [main] WARN  impl.MetricsSystemImpl (MetricsSystemImpl.java:register(276)) - Sink prometheus already exists!
2019-09-26 13:29:07,063 [main] INFO  server.BaseHttpServer (BaseHttpServer.java:updateConnectorAddress(215)) - HTTP server of OZONEMANAGER is listening at http://0.0.0.0:46072
2019-09-26 13:29:07,368 [main] INFO  impl.MetricsSystemImpl (MetricsSystemImpl.java:init(158)) - HddsDatanode metrics system started (again)
2019-09-26 13:29:07,423 [main] INFO  ozone.HddsDatanodeService (HddsDatanodeService.java:start(184)) - HddsDatanodeService host:pr-hdds-1569-87zkn-1081879488 ip:192.168.164.238
2019-09-26 13:29:07,457 [main] INFO  volume.HddsVolume (HddsVolume.java:<init>(176)) - Creating Volume: /workdir/hadoop-ozone/ozonefs/target/test-dir/MiniOzoneClusterImpl-8b6a8972-8eda-4f33-b3cf-a560ba2c5b87/datanode-0/data/containers/hdds of  storage type : DISK and capacity : 1482555576320
2019-09-26 13:29:07,459 [main] INFO  volume.VolumeSet (VolumeSet.java:initializeVolumeSet(170)) - Added Volume : /workdir/hadoop-ozone/ozonefs/target/test-dir/MiniOzoneClusterImpl-8b6a8972-8eda-4f33-b3cf-a560ba2c5b87/datanode-0/data/containers/hdds to VolumeSet
2019-09-26 13:29:07,462 [main] INFO  volume.ThrottledAsyncChecker (ThrottledAsyncChecker.java:schedule(139)) - Scheduling a check for org.apache.hadoop.ozone.container.common.volume.HddsVolume@4ba380c7
2019-09-26 13:29:07,479 [main] INFO  volume.HddsVolumeChecker (HddsVolumeChecker.java:checkAllVolumes(202)) - Scheduled health check for volume org.apache.hadoop.ozone.container.common.volume.HddsVolume@4ba380c7
2019-09-26 13:29:07,640 [main] INFO  impl.RaftServerProxy (ConfUtils.java:logGet(43)) - raft.rpc.type = GRPC (default)
2019-09-26 13:29:07,733 [main] INFO  grpc.GrpcFactory (GrpcFactory.java:checkPooledByteBufAllocatorUseCacheForAllThreads(45)) - PERFORMANCE WARNING: useCacheForAllThreads is true that may cause Netty to create a lot garbage objects and, as a result, trigger GC.
	It is recommended to disable useCacheForAllThreads by setting -Dorg.apache.ratis.thirdparty.io.netty.allocator.useCacheForAllThreads=false in command line.
2019-09-26 13:29:07,739 [main] INFO  grpc.GrpcConfigKeys$Server (ConfUtils.java:logGet(43)) - raft.grpc.server.port = 0 (default)
2019-09-26 13:29:07,740 [main] INFO  server.GrpcService (ConfUtils.java:logGet(43)) - raft.grpc.message.size.max = 33570816 (custom)
2019-09-26 13:29:07,742 [main] INFO  server.RaftServerConfigKeys (ConfUtils.java:logGet(43)) - raft.server.log.appender.buffer.byte-limit = 33554432 (custom)
2019-09-26 13:29:07,743 [main] INFO  server.GrpcService (ConfUtils.java:logGet(43)) - raft.grpc.flow.control.window = 1MB (=1048576) (default)
2019-09-26 13:29:07,743 [main] INFO  server.RaftServerConfigKeys (ConfUtils.java:logGet(43)) - raft.server.rpc.request.timeout = 3000ms (default)
2019-09-26 13:29:07,938 [main] INFO  server.RaftServerConfigKeys (ConfUtils.java:logGet(43)) - raft.server.storage.dir = [/workdir/hadoop-ozone/ozonefs/target/test-dir/MiniOzoneClusterImpl-8b6a8972-8eda-4f33-b3cf-a560ba2c5b87/datanode-0/data/ratis] (custom)
2019-09-26 13:29:08,004 [main] INFO  hdfs.DFSUtil (DFSUtil.java:httpServerTemplateForNNAndJN(1641)) - Starting Web-server for hddsDatanode at: http://0.0.0.0:0
2019-09-26 13:29:08,007 [main] INFO  server.AuthenticationFilter (AuthenticationFilter.java:constructSecretProvider(240)) - Unable to initialize FileSignerSecretProvider, falling back to use random secrets.
2019-09-26 13:29:08,009 [main] WARN  http.HttpRequestLog (HttpRequestLog.java:getRequestLog(97)) - Jetty request log can only be enabled using Log4j
2019-09-26 13:29:08,011 [main] INFO  http.HttpServer2 (HttpServer2.java:addGlobalFilter(975)) - Added global filter 'safety' (class=org.apache.hadoop.http.HttpServer2$QuotingInputFilter)
2019-09-26 13:29:08,012 [main] INFO  http.HttpServer2 (HttpServer2.java:addFilter(948)) - Added filter static_user_filter (class=org.apache.hadoop.http.lib.StaticUserWebFilter$StaticUserFilter) to context hddsDatanode
2019-09-26 13:29:08,012 [main] INFO  http.HttpServer2 (HttpServer2.java:addFilter(958)) - Added filter static_user_filter (class=org.apache.hadoop.http.lib.StaticUserWebFilter$StaticUserFilter) to context logs
2019-09-26 13:29:08,012 [main] INFO  http.HttpServer2 (HttpServer2.java:addFilter(958)) - Added filter static_user_filter (class=org.apache.hadoop.http.lib.StaticUserWebFilter$StaticUserFilter) to context static
2019-09-26 13:29:08,014 [main] INFO  http.HttpServer2 (HttpServer2.java:bindListener(1191)) - Jetty bound to port 40428
2019-09-26 13:29:08,014 [main] INFO  server.Server (Server.java:doStart(351)) - jetty-9.3.25.v20180904, build timestamp: 2018-09-04T21:11:46Z, git hash: 3ce520221d0240229c862b122d2b06c12a625732
2019-09-26 13:29:08,016 [main] INFO  handler.ContextHandler (ContextHandler.java:doStart(781)) - Started o.e.j.s.ServletContextHandler@1981d861{/logs,file:///workdir/hadoop-ozone/ozonefs/target/log,AVAILABLE}
2019-09-26 13:29:08,017 [main] INFO  handler.ContextHandler (ContextHandler.java:doStart(781)) - Started o.e.j.s.ServletContextHandler@53f4c1e6{/static,jar:file:/home/user/.m2/repository/org/apache/hadoop/hadoop-hdds-container-service/0.5.0-SNAPSHOT/hadoop-hdds-container-service-0.5.0-SNAPSHOT.jar!/webapps/static,AVAILABLE}
2019-09-26 13:29:08,046 [main] INFO  handler.ContextHandler (ContextHandler.java:doStart(781)) - Started o.e.j.w.WebAppContext@5e7c141d{/,file:///tmp/jetty-0.0.0.0-40428-hddsDatanode-_-any-1709476223001818195.dir/webapp/,AVAILABLE}{/hddsDatanode}
2019-09-26 13:29:08,047 [main] INFO  server.AbstractConnector (AbstractConnector.java:doStart(278)) - Started ServerConnector@43af351a{HTTP/1.1,[http/1.1]}{0.0.0.0:40428}
2019-09-26 13:29:08,048 [main] INFO  server.Server (Server.java:doStart(419)) - Started @5350ms
2019-09-26 13:29:08,048 [main] WARN  impl.MetricsSystemImpl (MetricsSystemImpl.java:register(276)) - Sink prometheus already exists!
2019-09-26 13:29:08,049 [main] INFO  server.BaseHttpServer (BaseHttpServer.java:updateConnectorAddress(215)) - HTTP server of HDDSDATANODE is listening at http://0.0.0.0:40428
2019-09-26 13:29:08,050 [main] INFO  impl.MetricsSystemImpl (MetricsSystemImpl.java:init(158)) - HddsDatanode metrics system started (again)
2019-09-26 13:29:08,054 [main] INFO  ozone.HddsDatanodeService (HddsDatanodeService.java:start(184)) - HddsDatanodeService host:pr-hdds-1569-87zkn-1081879488 ip:192.168.164.238
2019-09-26 13:29:08,055 [org.apache.hadoop.util.JvmPauseMonitor$Monitor@4d1aac30] INFO  util.JvmPauseMonitor (JvmPauseMonitor.java:run(188)) - Starting JVM pause monitor
2019-09-26 13:29:08,062 [main] INFO  volume.HddsVolume (HddsVolume.java:<init>(176)) - Creating Volume: /workdir/hadoop-ozone/ozonefs/target/test-dir/MiniOzoneClusterImpl-8b6a8972-8eda-4f33-b3cf-a560ba2c5b87/datanode-1/data/containers/hdds of  storage type : DISK and capacity : 1482555576320
2019-09-26 13:29:08,063 [main] INFO  volume.VolumeSet (VolumeSet.java:initializeVolumeSet(170)) - Added Volume : /workdir/hadoop-ozone/ozonefs/target/test-dir/MiniOzoneClusterImpl-8b6a8972-8eda-4f33-b3cf-a560ba2c5b87/datanode-1/data/containers/hdds to VolumeSet
2019-09-26 13:29:08,063 [main] INFO  volume.ThrottledAsyncChecker (ThrottledAsyncChecker.java:schedule(139)) - Scheduling a check for org.apache.hadoop.ozone.container.common.volume.HddsVolume@698fee9a
2019-09-26 13:29:08,064 [main] INFO  volume.HddsVolumeChecker (HddsVolumeChecker.java:checkAllVolumes(202)) - Scheduled health check for volume org.apache.hadoop.ozone.container.common.volume.HddsVolume@698fee9a
2019-09-26 13:29:08,084 [main] INFO  impl.RaftServerProxy (ConfUtils.java:logGet(43)) - raft.rpc.type = GRPC (default)
2019-09-26 13:29:08,084 [main] INFO  grpc.GrpcFactory (GrpcFactory.java:checkPooledByteBufAllocatorUseCacheForAllThreads(45)) - PERFORMANCE WARNING: useCacheForAllThreads is true that may cause Netty to create a lot garbage objects and, as a result, trigger GC.
	It is recommended to disable useCacheForAllThreads by setting -Dorg.apache.ratis.thirdparty.io.netty.allocator.useCacheForAllThreads=false in command line.
2019-09-26 13:29:08,085 [main] INFO  grpc.GrpcConfigKeys$Server (ConfUtils.java:logGet(43)) - raft.grpc.server.port = 0 (default)
2019-09-26 13:29:08,085 [main] INFO  server.GrpcService (ConfUtils.java:logGet(43)) - raft.grpc.message.size.max = 33570816 (custom)
2019-09-26 13:29:08,085 [main] INFO  server.RaftServerConfigKeys (ConfUtils.java:logGet(43)) - raft.server.log.appender.buffer.byte-limit = 33554432 (custom)
2019-09-26 13:29:08,085 [main] INFO  server.GrpcService (ConfUtils.java:logGet(43)) - raft.grpc.flow.control.window = 1MB (=1048576) (default)
2019-09-26 13:29:08,086 [main] INFO  server.RaftServerConfigKeys (ConfUtils.java:logGet(43)) - raft.server.rpc.request.timeout = 3000ms (default)
2019-09-26 13:29:08,086 [main] INFO  server.RaftServerConfigKeys (ConfUtils.java:logGet(43)) - raft.server.storage.dir = [/workdir/hadoop-ozone/ozonefs/target/test-dir/MiniOzoneClusterImpl-8b6a8972-8eda-4f33-b3cf-a560ba2c5b87/datanode-1/data/ratis] (custom)
2019-09-26 13:29:08,089 [main] INFO  hdfs.DFSUtil (DFSUtil.java:httpServerTemplateForNNAndJN(1641)) - Starting Web-server for hddsDatanode at: http://0.0.0.0:0
2019-09-26 13:29:08,091 [main] INFO  server.AuthenticationFilter (AuthenticationFilter.java:constructSecretProvider(240)) - Unable to initialize FileSignerSecretProvider, falling back to use random secrets.
2019-09-26 13:29:08,091 [main] WARN  http.HttpRequestLog (HttpRequestLog.java:getRequestLog(97)) - Jetty request log can only be enabled using Log4j
2019-09-26 13:29:08,093 [main] INFO  http.HttpServer2 (HttpServer2.java:addGlobalFilter(975)) - Added global filter 'safety' (class=org.apache.hadoop.http.HttpServer2$QuotingInputFilter)
2019-09-26 13:29:08,094 [main] INFO  http.HttpServer2 (HttpServer2.java:addFilter(948)) - Added filter static_user_filter (class=org.apache.hadoop.http.lib.StaticUserWebFilter$StaticUserFilter) to context hddsDatanode
2019-09-26 13:29:08,094 [main] INFO  http.HttpServer2 (HttpServer2.java:addFilter(958)) - Added filter static_user_filter (class=org.apache.hadoop.http.lib.StaticUserWebFilter$StaticUserFilter) to context static
2019-09-26 13:29:08,094 [main] INFO  http.HttpServer2 (HttpServer2.java:addFilter(958)) - Added filter static_user_filter (class=org.apache.hadoop.http.lib.StaticUserWebFilter$StaticUserFilter) to context logs
2019-09-26 13:29:08,095 [main] INFO  http.HttpServer2 (HttpServer2.java:bindListener(1191)) - Jetty bound to port 44237
2019-09-26 13:29:08,095 [main] INFO  server.Server (Server.java:doStart(351)) - jetty-9.3.25.v20180904, build timestamp: 2018-09-04T21:11:46Z, git hash: 3ce520221d0240229c862b122d2b06c12a625732
2019-09-26 13:29:08,099 [main] INFO  handler.ContextHandler (ContextHandler.java:doStart(781)) - Started o.e.j.s.ServletContextHandler@2f897dab{/logs,file:///workdir/hadoop-ozone/ozonefs/target/log,AVAILABLE}
2019-09-26 13:29:08,099 [main] INFO  handler.ContextHandler (ContextHandler.java:doStart(781)) - Started o.e.j.s.ServletContextHandler@242b6e1a{/static,jar:file:/home/user/.m2/repository/org/apache/hadoop/hadoop-hdds-container-service/0.5.0-SNAPSHOT/hadoop-hdds-container-service-0.5.0-SNAPSHOT.jar!/webapps/static,AVAILABLE}
2019-09-26 13:29:08,137 [main] INFO  handler.ContextHandler (ContextHandler.java:doStart(781)) - Started o.e.j.w.WebAppContext@2a369e14{/,file:///tmp/jetty-0.0.0.0-44237-hddsDatanode-_-any-3730289078938299974.dir/webapp/,AVAILABLE}{/hddsDatanode}
2019-09-26 13:29:08,139 [main] INFO  server.AbstractConnector (AbstractConnector.java:doStart(278)) - Started ServerConnector@25aeb5ac{HTTP/1.1,[http/1.1]}{0.0.0.0:44237}
2019-09-26 13:29:08,140 [main] INFO  server.Server (Server.java:doStart(419)) - Started @5443ms
2019-09-26 13:29:08,140 [main] WARN  impl.MetricsSystemImpl (MetricsSystemImpl.java:register(276)) - Sink prometheus already exists!
2019-09-26 13:29:08,141 [main] INFO  server.BaseHttpServer (BaseHttpServer.java:updateConnectorAddress(215)) - HTTP server of HDDSDATANODE is listening at http://0.0.0.0:44237
2019-09-26 13:29:08,142 [main] INFO  impl.MetricsSystemImpl (MetricsSystemImpl.java:init(158)) - HddsDatanode metrics system started (again)
2019-09-26 13:29:08,146 [org.apache.hadoop.util.JvmPauseMonitor$Monitor@7d187923] INFO  util.JvmPauseMonitor (JvmPauseMonitor.java:run(188)) - Starting JVM pause monitor
2019-09-26 13:29:08,146 [main] INFO  ozone.HddsDatanodeService (HddsDatanodeService.java:start(184)) - HddsDatanodeService host:pr-hdds-1569-87zkn-1081879488 ip:192.168.164.238
2019-09-26 13:29:08,154 [main] INFO  volume.HddsVolume (HddsVolume.java:<init>(176)) - Creating Volume: /workdir/hadoop-ozone/ozonefs/target/test-dir/MiniOzoneClusterImpl-8b6a8972-8eda-4f33-b3cf-a560ba2c5b87/datanode-2/data/containers/hdds of  storage type : DISK and capacity : 1482555576320
2019-09-26 13:29:08,155 [main] INFO  volume.VolumeSet (VolumeSet.java:initializeVolumeSet(170)) - Added Volume : /workdir/hadoop-ozone/ozonefs/target/test-dir/MiniOzoneClusterImpl-8b6a8972-8eda-4f33-b3cf-a560ba2c5b87/datanode-2/data/containers/hdds to VolumeSet
2019-09-26 13:29:08,156 [main] INFO  volume.ThrottledAsyncChecker (ThrottledAsyncChecker.java:schedule(139)) - Scheduling a check for org.apache.hadoop.ozone.container.common.volume.HddsVolume@4dba773d
2019-09-26 13:29:08,156 [main] INFO  volume.HddsVolumeChecker (HddsVolumeChecker.java:checkAllVolumes(202)) - Scheduled health check for volume org.apache.hadoop.ozone.container.common.volume.HddsVolume@4dba773d
2019-09-26 13:29:08,182 [main] INFO  impl.RaftServerProxy (ConfUtils.java:logGet(43)) - raft.rpc.type = GRPC (default)
2019-09-26 13:29:08,183 [main] INFO  grpc.GrpcFactory (GrpcFactory.java:checkPooledByteBufAllocatorUseCacheForAllThreads(45)) - PERFORMANCE WARNING: useCacheForAllThreads is true that may cause Netty to create a lot garbage objects and, as a result, trigger GC.
	It is recommended to disable useCacheForAllThreads by setting -Dorg.apache.ratis.thirdparty.io.netty.allocator.useCacheForAllThreads=false in command line.
2019-09-26 13:29:08,183 [main] INFO  grpc.GrpcConfigKeys$Server (ConfUtils.java:logGet(43)) - raft.grpc.server.port = 0 (default)
2019-09-26 13:29:08,183 [main] INFO  server.GrpcService (ConfUtils.java:logGet(43)) - raft.grpc.message.size.max = 33570816 (custom)
2019-09-26 13:29:08,183 [main] INFO  server.RaftServerConfigKeys (ConfUtils.java:logGet(43)) - raft.server.log.appender.buffer.byte-limit = 33554432 (custom)
2019-09-26 13:29:08,184 [main] INFO  server.GrpcService (ConfUtils.java:logGet(43)) - raft.grpc.flow.control.window = 1MB (=1048576) (default)
2019-09-26 13:29:08,184 [main] INFO  server.RaftServerConfigKeys (ConfUtils.java:logGet(43)) - raft.server.rpc.request.timeout = 3000ms (default)
2019-09-26 13:29:08,184 [Datanode State Machine Thread - 0] INFO  datanode.InitDatanodeState (InitDatanodeState.java:persistContainerDatanodeDetails(140)) - DatanodeDetails is persisted to /workdir/hadoop-ozone/ozonefs/target/test-dir/MiniOzoneClusterImpl-8b6a8972-8eda-4f33-b3cf-a560ba2c5b87/datanode-0/meta/datanode.id
2019-09-26 13:29:08,185 [main] INFO  server.RaftServerConfigKeys (ConfUtils.java:logGet(43)) - raft.server.storage.dir = [/workdir/hadoop-ozone/ozonefs/target/test-dir/MiniOzoneClusterImpl-8b6a8972-8eda-4f33-b3cf-a560ba2c5b87/datanode-2/data/ratis] (custom)
2019-09-26 13:29:08,188 [Datanode State Machine Thread - 0] INFO  datanode.InitDatanodeState (InitDatanodeState.java:persistContainerDatanodeDetails(140)) - DatanodeDetails is persisted to /workdir/hadoop-ozone/ozonefs/target/test-dir/MiniOzoneClusterImpl-8b6a8972-8eda-4f33-b3cf-a560ba2c5b87/datanode-1/meta/datanode.id
2019-09-26 13:29:08,189 [main] INFO  hdfs.DFSUtil (DFSUtil.java:httpServerTemplateForNNAndJN(1641)) - Starting Web-server for hddsDatanode at: http://0.0.0.0:0
2019-09-26 13:29:08,191 [main] INFO  server.AuthenticationFilter (AuthenticationFilter.java:constructSecretProvider(240)) - Unable to initialize FileSignerSecretProvider, falling back to use random secrets.
2019-09-26 13:29:08,191 [main] WARN  http.HttpRequestLog (HttpRequestLog.java:getRequestLog(97)) - Jetty request log can only be enabled using Log4j
2019-09-26 13:29:08,193 [main] INFO  http.HttpServer2 (HttpServer2.java:addGlobalFilter(975)) - Added global filter 'safety' (class=org.apache.hadoop.http.HttpServer2$QuotingInputFilter)
2019-09-26 13:29:08,195 [main] INFO  http.HttpServer2 (HttpServer2.java:addFilter(948)) - Added filter static_user_filter (class=org.apache.hadoop.http.lib.StaticUserWebFilter$StaticUserFilter) to context hddsDatanode
2019-09-26 13:29:08,195 [main] INFO  http.HttpServer2 (HttpServer2.java:addFilter(958)) - Added filter static_user_filter (class=org.apache.hadoop.http.lib.StaticUserWebFilter$StaticUserFilter) to context static
2019-09-26 13:29:08,195 [main] INFO  http.HttpServer2 (HttpServer2.java:addFilter(958)) - Added filter static_user_filter (class=org.apache.hadoop.http.lib.StaticUserWebFilter$StaticUserFilter) to context logs
2019-09-26 13:29:08,196 [main] INFO  http.HttpServer2 (HttpServer2.java:bindListener(1191)) - Jetty bound to port 33252
2019-09-26 13:29:08,196 [main] INFO  server.Server (Server.java:doStart(351)) - jetty-9.3.25.v20180904, build timestamp: 2018-09-04T21:11:46Z, git hash: 3ce520221d0240229c862b122d2b06c12a625732
2019-09-26 13:29:08,198 [main] INFO  handler.ContextHandler (ContextHandler.java:doStart(781)) - Started o.e.j.s.ServletContextHandler@5f481b73{/logs,file:///workdir/hadoop-ozone/ozonefs/target/log,AVAILABLE}
2019-09-26 13:29:08,199 [main] INFO  handler.ContextHandler (ContextHandler.java:doStart(781)) - Started o.e.j.s.ServletContextHandler@41294371{/static,jar:file:/home/user/.m2/repository/org/apache/hadoop/hadoop-hdds-container-service/0.5.0-SNAPSHOT/hadoop-hdds-container-service-0.5.0-SNAPSHOT.jar!/webapps/static,AVAILABLE}
2019-09-26 13:29:08,233 [main] INFO  handler.ContextHandler (ContextHandler.java:doStart(781)) - Started o.e.j.w.WebAppContext@b887730{/,file:///tmp/jetty-0.0.0.0-33252-hddsDatanode-_-any-3603324379784248357.dir/webapp/,AVAILABLE}{/hddsDatanode}
2019-09-26 13:29:08,234 [main] INFO  server.AbstractConnector (AbstractConnector.java:doStart(278)) - Started ServerConnector@26586b74{HTTP/1.1,[http/1.1]}{0.0.0.0:33252}
2019-09-26 13:29:08,235 [main] INFO  server.Server (Server.java:doStart(419)) - Started @5537ms
2019-09-26 13:29:08,235 [main] WARN  impl.MetricsSystemImpl (MetricsSystemImpl.java:register(276)) - Sink prometheus already exists!
2019-09-26 13:29:08,236 [main] INFO  server.BaseHttpServer (BaseHttpServer.java:updateConnectorAddress(215)) - HTTP server of HDDSDATANODE is listening at http://0.0.0.0:33252
2019-09-26 13:29:08,237 [main] INFO  impl.MetricsSystemImpl (MetricsSystemImpl.java:init(158)) - HddsDatanode metrics system started (again)
2019-09-26 13:29:08,239 [org.apache.hadoop.util.JvmPauseMonitor$Monitor@937c0f7] INFO  util.JvmPauseMonitor (JvmPauseMonitor.java:run(188)) - Starting JVM pause monitor
2019-09-26 13:29:08,240 [main] INFO  ozone.HddsDatanodeService (HddsDatanodeService.java:start(184)) - HddsDatanodeService host:pr-hdds-1569-87zkn-1081879488 ip:192.168.164.238
2019-09-26 13:29:08,242 [Datanode State Machine Thread - 0] INFO  datanode.InitDatanodeState (InitDatanodeState.java:persistContainerDatanodeDetails(140)) - DatanodeDetails is persisted to /workdir/hadoop-ozone/ozonefs/target/test-dir/MiniOzoneClusterImpl-8b6a8972-8eda-4f33-b3cf-a560ba2c5b87/datanode-2/meta/datanode.id
2019-09-26 13:29:08,248 [main] INFO  volume.HddsVolume (HddsVolume.java:<init>(176)) - Creating Volume: /workdir/hadoop-ozone/ozonefs/target/test-dir/MiniOzoneClusterImpl-8b6a8972-8eda-4f33-b3cf-a560ba2c5b87/datanode-3/data/containers/hdds of  storage type : DISK and capacity : 1482555576320
2019-09-26 13:29:08,248 [main] INFO  volume.VolumeSet (VolumeSet.java:initializeVolumeSet(170)) - Added Volume : /workdir/hadoop-ozone/ozonefs/target/test-dir/MiniOzoneClusterImpl-8b6a8972-8eda-4f33-b3cf-a560ba2c5b87/datanode-3/data/containers/hdds to VolumeSet
2019-09-26 13:29:08,248 [main] INFO  volume.ThrottledAsyncChecker (ThrottledAsyncChecker.java:schedule(139)) - Scheduling a check for org.apache.hadoop.ozone.container.common.volume.HddsVolume@10f7918f
2019-09-26 13:29:08,249 [main] INFO  volume.HddsVolumeChecker (HddsVolumeChecker.java:checkAllVolumes(202)) - Scheduled health check for volume org.apache.hadoop.ozone.container.common.volume.HddsVolume@10f7918f
2019-09-26 13:29:08,275 [main] INFO  impl.RaftServerProxy (ConfUtils.java:logGet(43)) - raft.rpc.type = GRPC (default)
2019-09-26 13:29:08,275 [main] INFO  grpc.GrpcFactory (GrpcFactory.java:checkPooledByteBufAllocatorUseCacheForAllThreads(45)) - PERFORMANCE WARNING: useCacheForAllThreads is true that may cause Netty to create a lot garbage objects and, as a result, trigger GC.
	It is recommended to disable useCacheForAllThreads by setting -Dorg.apache.ratis.thirdparty.io.netty.allocator.useCacheForAllThreads=false in command line.
2019-09-26 13:29:08,275 [main] INFO  grpc.GrpcConfigKeys$Server (ConfUtils.java:logGet(43)) - raft.grpc.server.port = 0 (default)
2019-09-26 13:29:08,276 [main] INFO  server.GrpcService (ConfUtils.java:logGet(43)) - raft.grpc.message.size.max = 33570816 (custom)
2019-09-26 13:29:08,276 [main] INFO  server.RaftServerConfigKeys (ConfUtils.java:logGet(43)) - raft.server.log.appender.buffer.byte-limit = 33554432 (custom)
2019-09-26 13:29:08,276 [main] INFO  server.GrpcService (ConfUtils.java:logGet(43)) - raft.grpc.flow.control.window = 1MB (=1048576) (default)
2019-09-26 13:29:08,276 [main] INFO  server.RaftServerConfigKeys (ConfUtils.java:logGet(43)) - raft.server.rpc.request.timeout = 3000ms (default)
2019-09-26 13:29:08,277 [main] INFO  server.RaftServerConfigKeys (ConfUtils.java:logGet(43)) - raft.server.storage.dir = [/workdir/hadoop-ozone/ozonefs/target/test-dir/MiniOzoneClusterImpl-8b6a8972-8eda-4f33-b3cf-a560ba2c5b87/datanode-3/data/ratis] (custom)
2019-09-26 13:29:08,279 [main] INFO  hdfs.DFSUtil (DFSUtil.java:httpServerTemplateForNNAndJN(1641)) - Starting Web-server for hddsDatanode at: http://0.0.0.0:0
2019-09-26 13:29:08,282 [main] INFO  server.AuthenticationFilter (AuthenticationFilter.java:constructSecretProvider(240)) - Unable to initialize FileSignerSecretProvider, falling back to use random secrets.
2019-09-26 13:29:08,282 [main] WARN  http.HttpRequestLog (HttpRequestLog.java:getRequestLog(97)) - Jetty request log can only be enabled using Log4j
2019-09-26 13:29:08,285 [main] INFO  http.HttpServer2 (HttpServer2.java:addGlobalFilter(975)) - Added global filter 'safety' (class=org.apache.hadoop.http.HttpServer2$QuotingInputFilter)
2019-09-26 13:29:08,286 [main] INFO  http.HttpServer2 (HttpServer2.java:addFilter(948)) - Added filter static_user_filter (class=org.apache.hadoop.http.lib.StaticUserWebFilter$StaticUserFilter) to context hddsDatanode
2019-09-26 13:29:08,286 [main] INFO  http.HttpServer2 (HttpServer2.java:addFilter(958)) - Added filter static_user_filter (class=org.apache.hadoop.http.lib.StaticUserWebFilter$StaticUserFilter) to context logs
2019-09-26 13:29:08,286 [main] INFO  http.HttpServer2 (HttpServer2.java:addFilter(958)) - Added filter static_user_filter (class=org.apache.hadoop.http.lib.StaticUserWebFilter$StaticUserFilter) to context static
2019-09-26 13:29:08,287 [main] INFO  http.HttpServer2 (HttpServer2.java:bindListener(1191)) - Jetty bound to port 33942
2019-09-26 13:29:08,287 [main] INFO  server.Server (Server.java:doStart(351)) - jetty-9.3.25.v20180904, build timestamp: 2018-09-04T21:11:46Z, git hash: 3ce520221d0240229c862b122d2b06c12a625732
2019-09-26 13:29:08,293 [main] INFO  handler.ContextHandler (ContextHandler.java:doStart(781)) - Started o.e.j.s.ServletContextHandler@1a22e0ef{/logs,file:///workdir/hadoop-ozone/ozonefs/target/log,AVAILABLE}
2019-09-26 13:29:08,293 [main] INFO  handler.ContextHandler (ContextHandler.java:doStart(781)) - Started o.e.j.s.ServletContextHandler@3b920bdc{/static,jar:file:/home/user/.m2/repository/org/apache/hadoop/hadoop-hdds-container-service/0.5.0-SNAPSHOT/hadoop-hdds-container-service-0.5.0-SNAPSHOT.jar!/webapps/static,AVAILABLE}
2019-09-26 13:29:08,323 [main] INFO  handler.ContextHandler (ContextHandler.java:doStart(781)) - Started o.e.j.w.WebAppContext@6e4c0d8c{/,file:///tmp/jetty-0.0.0.0-33942-hddsDatanode-_-any-4870562549015120831.dir/webapp/,AVAILABLE}{/hddsDatanode}
2019-09-26 13:29:08,323 [main] INFO  server.AbstractConnector (AbstractConnector.java:doStart(278)) - Started ServerConnector@3e3315d9{HTTP/1.1,[http/1.1]}{0.0.0.0:33942}
2019-09-26 13:29:08,324 [main] INFO  server.Server (Server.java:doStart(419)) - Started @5627ms
2019-09-26 13:29:08,325 [main] WARN  impl.MetricsSystemImpl (MetricsSystemImpl.java:register(276)) - Sink prometheus already exists!
2019-09-26 13:29:08,325 [main] INFO  server.BaseHttpServer (BaseHttpServer.java:updateConnectorAddress(215)) - HTTP server of HDDSDATANODE is listening at http://0.0.0.0:33942
2019-09-26 13:29:08,326 [main] INFO  impl.MetricsSystemImpl (MetricsSystemImpl.java:init(158)) - HddsDatanode metrics system started (again)
2019-09-26 13:29:08,330 [org.apache.hadoop.util.JvmPauseMonitor$Monitor@160e678d] INFO  util.JvmPauseMonitor (JvmPauseMonitor.java:run(188)) - Starting JVM pause monitor
2019-09-26 13:29:08,332 [main] INFO  ozone.HddsDatanodeService (HddsDatanodeService.java:start(184)) - HddsDatanodeService host:pr-hdds-1569-87zkn-1081879488 ip:192.168.164.238
2019-09-26 13:29:08,334 [Datanode State Machine Thread - 0] INFO  datanode.InitDatanodeState (InitDatanodeState.java:persistContainerDatanodeDetails(140)) - DatanodeDetails is persisted to /workdir/hadoop-ozone/ozonefs/target/test-dir/MiniOzoneClusterImpl-8b6a8972-8eda-4f33-b3cf-a560ba2c5b87/datanode-3/meta/datanode.id
2019-09-26 13:29:08,339 [main] INFO  volume.HddsVolume (HddsVolume.java:<init>(176)) - Creating Volume: /workdir/hadoop-ozone/ozonefs/target/test-dir/MiniOzoneClusterImpl-8b6a8972-8eda-4f33-b3cf-a560ba2c5b87/datanode-4/data/containers/hdds of  storage type : DISK and capacity : 1482555576320
2019-09-26 13:29:08,339 [main] INFO  volume.VolumeSet (VolumeSet.java:initializeVolumeSet(170)) - Added Volume : /workdir/hadoop-ozone/ozonefs/target/test-dir/MiniOzoneClusterImpl-8b6a8972-8eda-4f33-b3cf-a560ba2c5b87/datanode-4/data/containers/hdds to VolumeSet
2019-09-26 13:29:08,339 [main] INFO  volume.ThrottledAsyncChecker (ThrottledAsyncChecker.java:schedule(139)) - Scheduling a check for org.apache.hadoop.ozone.container.common.volume.HddsVolume@43f1bb92
2019-09-26 13:29:08,340 [main] INFO  volume.HddsVolumeChecker (HddsVolumeChecker.java:checkAllVolumes(202)) - Scheduled health check for volume org.apache.hadoop.ozone.container.common.volume.HddsVolume@43f1bb92
2019-09-26 13:29:08,363 [main] INFO  impl.RaftServerProxy (ConfUtils.java:logGet(43)) - raft.rpc.type = GRPC (default)
2019-09-26 13:29:08,363 [main] INFO  grpc.GrpcFactory (GrpcFactory.java:checkPooledByteBufAllocatorUseCacheForAllThreads(45)) - PERFORMANCE WARNING: useCacheForAllThreads is true that may cause Netty to create a lot garbage objects and, as a result, trigger GC.
	It is recommended to disable useCacheForAllThreads by setting -Dorg.apache.ratis.thirdparty.io.netty.allocator.useCacheForAllThreads=false in command line.
2019-09-26 13:29:08,363 [main] INFO  grpc.GrpcConfigKeys$Server (ConfUtils.java:logGet(43)) - raft.grpc.server.port = 0 (default)
2019-09-26 13:29:08,364 [main] INFO  server.GrpcService (ConfUtils.java:logGet(43)) - raft.grpc.message.size.max = 33570816 (custom)
2019-09-26 13:29:08,364 [main] INFO  server.RaftServerConfigKeys (ConfUtils.java:logGet(43)) - raft.server.log.appender.buffer.byte-limit = 33554432 (custom)
2019-09-26 13:29:08,364 [main] INFO  server.GrpcService (ConfUtils.java:logGet(43)) - raft.grpc.flow.control.window = 1MB (=1048576) (default)
2019-09-26 13:29:08,364 [main] INFO  server.RaftServerConfigKeys (ConfUtils.java:logGet(43)) - raft.server.rpc.request.timeout = 3000ms (default)
2019-09-26 13:29:08,365 [main] INFO  server.RaftServerConfigKeys (ConfUtils.java:logGet(43)) - raft.server.storage.dir = [/workdir/hadoop-ozone/ozonefs/target/test-dir/MiniOzoneClusterImpl-8b6a8972-8eda-4f33-b3cf-a560ba2c5b87/datanode-4/data/ratis] (custom)
2019-09-26 13:29:08,366 [main] INFO  hdfs.DFSUtil (DFSUtil.java:httpServerTemplateForNNAndJN(1641)) - Starting Web-server for hddsDatanode at: http://0.0.0.0:0
2019-09-26 13:29:08,368 [main] INFO  server.AuthenticationFilter (AuthenticationFilter.java:constructSecretProvider(240)) - Unable to initialize FileSignerSecretProvider, falling back to use random secrets.
2019-09-26 13:29:08,369 [main] WARN  http.HttpRequestLog (HttpRequestLog.java:getRequestLog(97)) - Jetty request log can only be enabled using Log4j
2019-09-26 13:29:08,371 [main] INFO  http.HttpServer2 (HttpServer2.java:addGlobalFilter(975)) - Added global filter 'safety' (class=org.apache.hadoop.http.HttpServer2$QuotingInputFilter)
2019-09-26 13:29:08,372 [main] INFO  http.HttpServer2 (HttpServer2.java:addFilter(948)) - Added filter static_user_filter (class=org.apache.hadoop.http.lib.StaticUserWebFilter$StaticUserFilter) to context hddsDatanode
2019-09-26 13:29:08,372 [main] INFO  http.HttpServer2 (HttpServer2.java:addFilter(958)) - Added filter static_user_filter (class=org.apache.hadoop.http.lib.StaticUserWebFilter$StaticUserFilter) to context logs
2019-09-26 13:29:08,372 [main] INFO  http.HttpServer2 (HttpServer2.java:addFilter(958)) - Added filter static_user_filter (class=org.apache.hadoop.http.lib.StaticUserWebFilter$StaticUserFilter) to context static
2019-09-26 13:29:08,373 [main] INFO  http.HttpServer2 (HttpServer2.java:bindListener(1191)) - Jetty bound to port 36619
2019-09-26 13:29:08,373 [main] INFO  server.Server (Server.java:doStart(351)) - jetty-9.3.25.v20180904, build timestamp: 2018-09-04T21:11:46Z, git hash: 3ce520221d0240229c862b122d2b06c12a625732
2019-09-26 13:29:08,375 [main] INFO  handler.ContextHandler (ContextHandler.java:doStart(781)) - Started o.e.j.s.ServletContextHandler@1b1c538d{/logs,file:///workdir/hadoop-ozone/ozonefs/target/log,AVAILABLE}
2019-09-26 13:29:08,375 [main] INFO  handler.ContextHandler (ContextHandler.java:doStart(781)) - Started o.e.j.s.ServletContextHandler@6325f352{/static,jar:file:/home/user/.m2/repository/org/apache/hadoop/hadoop-hdds-container-service/0.5.0-SNAPSHOT/hadoop-hdds-container-service-0.5.0-SNAPSHOT.jar!/webapps/static,AVAILABLE}
2019-09-26 13:29:08,405 [main] INFO  handler.ContextHandler (ContextHandler.java:doStart(781)) - Started o.e.j.w.WebAppContext@340a8894{/,file:///tmp/jetty-0.0.0.0-36619-hddsDatanode-_-any-735309104577777539.dir/webapp/,AVAILABLE}{/hddsDatanode}
2019-09-26 13:29:08,406 [main] INFO  server.AbstractConnector (AbstractConnector.java:doStart(278)) - Started ServerConnector@7a8b9166{HTTP/1.1,[http/1.1]}{0.0.0.0:36619}
2019-09-26 13:29:08,407 [main] INFO  server.Server (Server.java:doStart(419)) - Started @5710ms
2019-09-26 13:29:08,407 [main] WARN  impl.MetricsSystemImpl (MetricsSystemImpl.java:register(276)) - Sink prometheus already exists!
2019-09-26 13:29:08,408 [main] INFO  server.BaseHttpServer (BaseHttpServer.java:updateConnectorAddress(215)) - HTTP server of HDDSDATANODE is listening at http://0.0.0.0:36619
2019-09-26 13:29:08,409 [main] INFO  impl.MetricsSystemImpl (MetricsSystemImpl.java:init(158)) - HddsDatanode metrics system started (again)
2019-09-26 13:29:08,411 [org.apache.hadoop.util.JvmPauseMonitor$Monitor@1f4dc166] INFO  util.JvmPauseMonitor (JvmPauseMonitor.java:run(188)) - Starting JVM pause monitor
2019-09-26 13:29:08,413 [main] INFO  ozone.HddsDatanodeService (HddsDatanodeService.java:start(184)) - HddsDatanodeService host:pr-hdds-1569-87zkn-1081879488 ip:192.168.164.238
2019-09-26 13:29:08,414 [Datanode State Machine Thread - 0] INFO  datanode.InitDatanodeState (InitDatanodeState.java:persistContainerDatanodeDetails(140)) - DatanodeDetails is persisted to /workdir/hadoop-ozone/ozonefs/target/test-dir/MiniOzoneClusterImpl-8b6a8972-8eda-4f33-b3cf-a560ba2c5b87/datanode-4/meta/datanode.id
2019-09-26 13:29:08,420 [main] INFO  volume.HddsVolume (HddsVolume.java:<init>(176)) - Creating Volume: /workdir/hadoop-ozone/ozonefs/target/test-dir/MiniOzoneClusterImpl-8b6a8972-8eda-4f33-b3cf-a560ba2c5b87/datanode-5/data/containers/hdds of  storage type : DISK and capacity : 1482555576320
2019-09-26 13:29:08,421 [main] INFO  volume.VolumeSet (VolumeSet.java:initializeVolumeSet(170)) - Added Volume : /workdir/hadoop-ozone/ozonefs/target/test-dir/MiniOzoneClusterImpl-8b6a8972-8eda-4f33-b3cf-a560ba2c5b87/datanode-5/data/containers/hdds to VolumeSet
2019-09-26 13:29:08,421 [main] INFO  volume.ThrottledAsyncChecker (ThrottledAsyncChecker.java:schedule(139)) - Scheduling a check for org.apache.hadoop.ozone.container.common.volume.HddsVolume@2264ea32
2019-09-26 13:29:08,422 [main] INFO  volume.HddsVolumeChecker (HddsVolumeChecker.java:checkAllVolumes(202)) - Scheduled health check for volume org.apache.hadoop.ozone.container.common.volume.HddsVolume@2264ea32
2019-09-26 13:29:08,444 [main] INFO  impl.RaftServerProxy (ConfUtils.java:logGet(43)) - raft.rpc.type = GRPC (default)
2019-09-26 13:29:08,444 [main] INFO  grpc.GrpcFactory (GrpcFactory.java:checkPooledByteBufAllocatorUseCacheForAllThreads(45)) - PERFORMANCE WARNING: useCacheForAllThreads is true that may cause Netty to create a lot garbage objects and, as a result, trigger GC.
	It is recommended to disable useCacheForAllThreads by setting -Dorg.apache.ratis.thirdparty.io.netty.allocator.useCacheForAllThreads=false in command line.
2019-09-26 13:29:08,444 [main] INFO  grpc.GrpcConfigKeys$Server (ConfUtils.java:logGet(43)) - raft.grpc.server.port = 0 (default)
2019-09-26 13:29:08,445 [main] INFO  server.GrpcService (ConfUtils.java:logGet(43)) - raft.grpc.message.size.max = 33570816 (custom)
2019-09-26 13:29:08,445 [main] INFO  server.RaftServerConfigKeys (ConfUtils.java:logGet(43)) - raft.server.log.appender.buffer.byte-limit = 33554432 (custom)
2019-09-26 13:29:08,445 [main] INFO  server.GrpcService (ConfUtils.java:logGet(43)) - raft.grpc.flow.control.window = 1MB (=1048576) (default)
2019-09-26 13:29:08,445 [main] INFO  server.RaftServerConfigKeys (ConfUtils.java:logGet(43)) - raft.server.rpc.request.timeout = 3000ms (default)
2019-09-26 13:29:08,446 [main] INFO  server.RaftServerConfigKeys (ConfUtils.java:logGet(43)) - raft.server.storage.dir = [/workdir/hadoop-ozone/ozonefs/target/test-dir/MiniOzoneClusterImpl-8b6a8972-8eda-4f33-b3cf-a560ba2c5b87/datanode-5/data/ratis] (custom)
2019-09-26 13:29:08,447 [main] INFO  hdfs.DFSUtil (DFSUtil.java:httpServerTemplateForNNAndJN(1641)) - Starting Web-server for hddsDatanode at: http://0.0.0.0:0
2019-09-26 13:29:08,449 [main] INFO  server.AuthenticationFilter (AuthenticationFilter.java:constructSecretProvider(240)) - Unable to initialize FileSignerSecretProvider, falling back to use random secrets.
2019-09-26 13:29:08,450 [main] WARN  http.HttpRequestLog (HttpRequestLog.java:getRequestLog(97)) - Jetty request log can only be enabled using Log4j
2019-09-26 13:29:08,452 [main] INFO  http.HttpServer2 (HttpServer2.java:addGlobalFilter(975)) - Added global filter 'safety' (class=org.apache.hadoop.http.HttpServer2$QuotingInputFilter)
2019-09-26 13:29:08,452 [main] INFO  http.HttpServer2 (HttpServer2.java:addFilter(948)) - Added filter static_user_filter (class=org.apache.hadoop.http.lib.StaticUserWebFilter$StaticUserFilter) to context hddsDatanode
2019-09-26 13:29:08,452 [main] INFO  http.HttpServer2 (HttpServer2.java:addFilter(958)) - Added filter static_user_filter (class=org.apache.hadoop.http.lib.StaticUserWebFilter$StaticUserFilter) to context logs
2019-09-26 13:29:08,453 [main] INFO  http.HttpServer2 (HttpServer2.java:addFilter(958)) - Added filter static_user_filter (class=org.apache.hadoop.http.lib.StaticUserWebFilter$StaticUserFilter) to context static
2019-09-26 13:29:08,453 [main] INFO  http.HttpServer2 (HttpServer2.java:bindListener(1191)) - Jetty bound to port 36558
2019-09-26 13:29:08,454 [main] INFO  server.Server (Server.java:doStart(351)) - jetty-9.3.25.v20180904, build timestamp: 2018-09-04T21:11:46Z, git hash: 3ce520221d0240229c862b122d2b06c12a625732
2019-09-26 13:29:08,455 [main] INFO  handler.ContextHandler (ContextHandler.java:doStart(781)) - Started o.e.j.s.ServletContextHandler@37468787{/logs,file:///workdir/hadoop-ozone/ozonefs/target/log,AVAILABLE}
2019-09-26 13:29:08,456 [main] INFO  handler.ContextHandler (ContextHandler.java:doStart(781)) - Started o.e.j.s.ServletContextHandler@714f3da4{/static,jar:file:/home/user/.m2/repository/org/apache/hadoop/hadoop-hdds-container-service/0.5.0-SNAPSHOT/hadoop-hdds-container-service-0.5.0-SNAPSHOT.jar!/webapps/static,AVAILABLE}
2019-09-26 13:29:08,484 [main] INFO  handler.ContextHandler (ContextHandler.java:doStart(781)) - Started o.e.j.w.WebAppContext@3722c145{/,file:///tmp/jetty-0.0.0.0-36558-hddsDatanode-_-any-4884861184266676618.dir/webapp/,AVAILABLE}{/hddsDatanode}
2019-09-26 13:29:08,485 [main] INFO  server.AbstractConnector (AbstractConnector.java:doStart(278)) - Started ServerConnector@4cbc2e3b{HTTP/1.1,[http/1.1]}{0.0.0.0:36558}
2019-09-26 13:29:08,485 [main] INFO  server.Server (Server.java:doStart(419)) - Started @5788ms
2019-09-26 13:29:08,486 [main] WARN  impl.MetricsSystemImpl (MetricsSystemImpl.java:register(276)) - Sink prometheus already exists!
2019-09-26 13:29:08,487 [main] INFO  server.BaseHttpServer (BaseHttpServer.java:updateConnectorAddress(215)) - HTTP server of HDDSDATANODE is listening at http://0.0.0.0:36558
2019-09-26 13:29:08,487 [main] INFO  impl.MetricsSystemImpl (MetricsSystemImpl.java:init(158)) - HddsDatanode metrics system started (again)
2019-09-26 13:29:08,490 [org.apache.hadoop.util.JvmPauseMonitor$Monitor@7bab4a5e] INFO  util.JvmPauseMonitor (JvmPauseMonitor.java:run(188)) - Starting JVM pause monitor
2019-09-26 13:29:08,491 [main] INFO  ozone.HddsDatanodeService (HddsDatanodeService.java:start(184)) - HddsDatanodeService host:pr-hdds-1569-87zkn-1081879488 ip:192.168.164.238
2019-09-26 13:29:08,493 [Datanode State Machine Thread - 0] INFO  datanode.InitDatanodeState (InitDatanodeState.java:persistContainerDatanodeDetails(140)) - DatanodeDetails is persisted to /workdir/hadoop-ozone/ozonefs/target/test-dir/MiniOzoneClusterImpl-8b6a8972-8eda-4f33-b3cf-a560ba2c5b87/datanode-5/meta/datanode.id
2019-09-26 13:29:08,497 [main] INFO  volume.HddsVolume (HddsVolume.java:<init>(176)) - Creating Volume: /workdir/hadoop-ozone/ozonefs/target/test-dir/MiniOzoneClusterImpl-8b6a8972-8eda-4f33-b3cf-a560ba2c5b87/datanode-6/data/containers/hdds of  storage type : DISK and capacity : 1482555576320
2019-09-26 13:29:08,497 [main] INFO  volume.VolumeSet (VolumeSet.java:initializeVolumeSet(170)) - Added Volume : /workdir/hadoop-ozone/ozonefs/target/test-dir/MiniOzoneClusterImpl-8b6a8972-8eda-4f33-b3cf-a560ba2c5b87/datanode-6/data/containers/hdds to VolumeSet
2019-09-26 13:29:08,497 [main] INFO  volume.ThrottledAsyncChecker (ThrottledAsyncChecker.java:schedule(139)) - Scheduling a check for org.apache.hadoop.ozone.container.common.volume.HddsVolume@4d18b73a
2019-09-26 13:29:08,498 [main] INFO  volume.HddsVolumeChecker (HddsVolumeChecker.java:checkAllVolumes(202)) - Scheduled health check for volume org.apache.hadoop.ozone.container.common.volume.HddsVolume@4d18b73a
2019-09-26 13:29:08,522 [main] INFO  impl.RaftServerProxy (ConfUtils.java:logGet(43)) - raft.rpc.type = GRPC (default)
2019-09-26 13:29:08,522 [main] INFO  grpc.GrpcFactory (GrpcFactory.java:checkPooledByteBufAllocatorUseCacheForAllThreads(45)) - PERFORMANCE WARNING: useCacheForAllThreads is true that may cause Netty to create a lot garbage objects and, as a result, trigger GC.
	It is recommended to disable useCacheForAllThreads by setting -Dorg.apache.ratis.thirdparty.io.netty.allocator.useCacheForAllThreads=false in command line.
2019-09-26 13:29:08,522 [main] INFO  grpc.GrpcConfigKeys$Server (ConfUtils.java:logGet(43)) - raft.grpc.server.port = 0 (default)
2019-09-26 13:29:08,522 [main] INFO  server.GrpcService (ConfUtils.java:logGet(43)) - raft.grpc.message.size.max = 33570816 (custom)
2019-09-26 13:29:08,523 [main] INFO  server.RaftServerConfigKeys (ConfUtils.java:logGet(43)) - raft.server.log.appender.buffer.byte-limit = 33554432 (custom)
2019-09-26 13:29:08,523 [main] INFO  server.GrpcService (ConfUtils.java:logGet(43)) - raft.grpc.flow.control.window = 1MB (=1048576) (default)
2019-09-26 13:29:08,523 [main] INFO  server.RaftServerConfigKeys (ConfUtils.java:logGet(43)) - raft.server.rpc.request.timeout = 3000ms (default)
2019-09-26 13:29:08,524 [main] INFO  server.RaftServerConfigKeys (ConfUtils.java:logGet(43)) - raft.server.storage.dir = [/workdir/hadoop-ozone/ozonefs/target/test-dir/MiniOzoneClusterImpl-8b6a8972-8eda-4f33-b3cf-a560ba2c5b87/datanode-6/data/ratis] (custom)
2019-09-26 13:29:08,525 [main] INFO  hdfs.DFSUtil (DFSUtil.java:httpServerTemplateForNNAndJN(1641)) - Starting Web-server for hddsDatanode at: http://0.0.0.0:0
2019-09-26 13:29:08,527 [main] INFO  server.AuthenticationFilter (AuthenticationFilter.java:constructSecretProvider(240)) - Unable to initialize FileSignerSecretProvider, falling back to use random secrets.
2019-09-26 13:29:08,528 [main] WARN  http.HttpRequestLog (HttpRequestLog.java:getRequestLog(97)) - Jetty request log can only be enabled using Log4j
2019-09-26 13:29:08,529 [main] INFO  http.HttpServer2 (HttpServer2.java:addGlobalFilter(975)) - Added global filter 'safety' (class=org.apache.hadoop.http.HttpServer2$QuotingInputFilter)
2019-09-26 13:29:08,530 [main] INFO  http.HttpServer2 (HttpServer2.java:addFilter(948)) - Added filter static_user_filter (class=org.apache.hadoop.http.lib.StaticUserWebFilter$StaticUserFilter) to context hddsDatanode
2019-09-26 13:29:08,530 [main] INFO  http.HttpServer2 (HttpServer2.java:addFilter(958)) - Added filter static_user_filter (class=org.apache.hadoop.http.lib.StaticUserWebFilter$StaticUserFilter) to context logs
2019-09-26 13:29:08,530 [main] INFO  http.HttpServer2 (HttpServer2.java:addFilter(958)) - Added filter static_user_filter (class=org.apache.hadoop.http.lib.StaticUserWebFilter$StaticUserFilter) to context static
2019-09-26 13:29:08,531 [main] INFO  http.HttpServer2 (HttpServer2.java:bindListener(1191)) - Jetty bound to port 46402
2019-09-26 13:29:08,531 [main] INFO  server.Server (Server.java:doStart(351)) - jetty-9.3.25.v20180904, build timestamp: 2018-09-04T21:11:46Z, git hash: 3ce520221d0240229c862b122d2b06c12a625732
2019-09-26 13:29:08,533 [main] INFO  handler.ContextHandler (ContextHandler.java:doStart(781)) - Started o.e.j.s.ServletContextHandler@ed91d8d{/logs,file:///workdir/hadoop-ozone/ozonefs/target/log,AVAILABLE}
2019-09-26 13:29:08,534 [main] INFO  handler.ContextHandler (ContextHandler.java:doStart(781)) - Started o.e.j.s.ServletContextHandler@429f7919{/static,jar:file:/home/user/.m2/repository/org/apache/hadoop/hadoop-hdds-container-service/0.5.0-SNAPSHOT/hadoop-hdds-container-service-0.5.0-SNAPSHOT.jar!/webapps/static,AVAILABLE}
2019-09-26 13:29:08,559 [main] INFO  handler.ContextHandler (ContextHandler.java:doStart(781)) - Started o.e.j.w.WebAppContext@fd53053{/,file:///tmp/jetty-0.0.0.0-46402-hddsDatanode-_-any-7657606707793480746.dir/webapp/,AVAILABLE}{/hddsDatanode}
2019-09-26 13:29:08,560 [main] INFO  server.AbstractConnector (AbstractConnector.java:doStart(278)) - Started ServerConnector@4527f70a{HTTP/1.1,[http/1.1]}{0.0.0.0:46402}
2019-09-26 13:29:08,560 [main] INFO  server.Server (Server.java:doStart(419)) - Started @5863ms
2019-09-26 13:29:08,561 [main] WARN  impl.MetricsSystemImpl (MetricsSystemImpl.java:register(276)) - Sink prometheus already exists!
2019-09-26 13:29:08,561 [main] INFO  server.BaseHttpServer (BaseHttpServer.java:updateConnectorAddress(215)) - HTTP server of HDDSDATANODE is listening at http://0.0.0.0:46402
2019-09-26 13:29:08,562 [main] INFO  impl.MetricsSystemImpl (MetricsSystemImpl.java:init(158)) - HddsDatanode metrics system started (again)
2019-09-26 13:29:08,565 [org.apache.hadoop.util.JvmPauseMonitor$Monitor@43a9e10f] INFO  util.JvmPauseMonitor (JvmPauseMonitor.java:run(188)) - Starting JVM pause monitor
2019-09-26 13:29:08,566 [main] INFO  ozone.HddsDatanodeService (HddsDatanodeService.java:start(184)) - HddsDatanodeService host:pr-hdds-1569-87zkn-1081879488 ip:192.168.164.238
2019-09-26 13:29:08,567 [Datanode State Machine Thread - 0] INFO  datanode.InitDatanodeState (InitDatanodeState.java:persistContainerDatanodeDetails(140)) - DatanodeDetails is persisted to /workdir/hadoop-ozone/ozonefs/target/test-dir/MiniOzoneClusterImpl-8b6a8972-8eda-4f33-b3cf-a560ba2c5b87/datanode-6/meta/datanode.id
2019-09-26 13:29:08,572 [main] INFO  volume.HddsVolume (HddsVolume.java:<init>(176)) - Creating Volume: /workdir/hadoop-ozone/ozonefs/target/test-dir/MiniOzoneClusterImpl-8b6a8972-8eda-4f33-b3cf-a560ba2c5b87/datanode-7/data/containers/hdds of  storage type : DISK and capacity : 1482555576320
2019-09-26 13:29:08,572 [main] INFO  volume.VolumeSet (VolumeSet.java:initializeVolumeSet(170)) - Added Volume : /workdir/hadoop-ozone/ozonefs/target/test-dir/MiniOzoneClusterImpl-8b6a8972-8eda-4f33-b3cf-a560ba2c5b87/datanode-7/data/containers/hdds to VolumeSet
2019-09-26 13:29:08,572 [main] INFO  volume.ThrottledAsyncChecker (ThrottledAsyncChecker.java:schedule(139)) - Scheduling a check for org.apache.hadoop.ozone.container.common.volume.HddsVolume@366d8b97
2019-09-26 13:29:08,573 [main] INFO  volume.HddsVolumeChecker (HddsVolumeChecker.java:checkAllVolumes(202)) - Scheduled health check for volume org.apache.hadoop.ozone.container.common.volume.HddsVolume@366d8b97
2019-09-26 13:29:08,590 [main] INFO  impl.RaftServerProxy (ConfUtils.java:logGet(43)) - raft.rpc.type = GRPC (default)
2019-09-26 13:29:08,590 [main] INFO  grpc.GrpcFactory (GrpcFactory.java:checkPooledByteBufAllocatorUseCacheForAllThreads(45)) - PERFORMANCE WARNING: useCacheForAllThreads is true that may cause Netty to create a lot garbage objects and, as a result, trigger GC.
	It is recommended to disable useCacheForAllThreads by setting -Dorg.apache.ratis.thirdparty.io.netty.allocator.useCacheForAllThreads=false in command line.
2019-09-26 13:29:08,590 [main] INFO  grpc.GrpcConfigKeys$Server (ConfUtils.java:logGet(43)) - raft.grpc.server.port = 0 (default)
2019-09-26 13:29:08,590 [main] INFO  server.GrpcService (ConfUtils.java:logGet(43)) - raft.grpc.message.size.max = 33570816 (custom)
2019-09-26 13:29:08,590 [main] INFO  server.RaftServerConfigKeys (ConfUtils.java:logGet(43)) - raft.server.log.appender.buffer.byte-limit = 33554432 (custom)
2019-09-26 13:29:08,591 [main] INFO  server.GrpcService (ConfUtils.java:logGet(43)) - raft.grpc.flow.control.window = 1MB (=1048576) (default)
2019-09-26 13:29:08,591 [main] INFO  server.RaftServerConfigKeys (ConfUtils.java:logGet(43)) - raft.server.rpc.request.timeout = 3000ms (default)
2019-09-26 13:29:08,592 [main] INFO  server.RaftServerConfigKeys (ConfUtils.java:logGet(43)) - raft.server.storage.dir = [/workdir/hadoop-ozone/ozonefs/target/test-dir/MiniOzoneClusterImpl-8b6a8972-8eda-4f33-b3cf-a560ba2c5b87/datanode-7/data/ratis] (custom)
2019-09-26 13:29:08,593 [main] INFO  hdfs.DFSUtil (DFSUtil.java:httpServerTemplateForNNAndJN(1641)) - Starting Web-server for hddsDatanode at: http://0.0.0.0:0
2019-09-26 13:29:08,595 [main] INFO  server.AuthenticationFilter (AuthenticationFilter.java:constructSecretProvider(240)) - Unable to initialize FileSignerSecretProvider, falling back to use random secrets.
2019-09-26 13:29:08,595 [main] WARN  http.HttpRequestLog (HttpRequestLog.java:getRequestLog(97)) - Jetty request log can only be enabled using Log4j
2019-09-26 13:29:08,596 [main] INFO  http.HttpServer2 (HttpServer2.java:addGlobalFilter(975)) - Added global filter 'safety' (class=org.apache.hadoop.http.HttpServer2$QuotingInputFilter)
2019-09-26 13:29:08,597 [main] INFO  http.HttpServer2 (HttpServer2.java:addFilter(948)) - Added filter static_user_filter (class=org.apache.hadoop.http.lib.StaticUserWebFilter$StaticUserFilter) to context hddsDatanode
2019-09-26 13:29:08,597 [main] INFO  http.HttpServer2 (HttpServer2.java:addFilter(958)) - Added filter static_user_filter (class=org.apache.hadoop.http.lib.StaticUserWebFilter$StaticUserFilter) to context static
2019-09-26 13:29:08,597 [main] INFO  http.HttpServer2 (HttpServer2.java:addFilter(958)) - Added filter static_user_filter (class=org.apache.hadoop.http.lib.StaticUserWebFilter$StaticUserFilter) to context logs
2019-09-26 13:29:08,598 [main] INFO  http.HttpServer2 (HttpServer2.java:bindListener(1191)) - Jetty bound to port 41045
2019-09-26 13:29:08,598 [main] INFO  server.Server (Server.java:doStart(351)) - jetty-9.3.25.v20180904, build timestamp: 2018-09-04T21:11:46Z, git hash: 3ce520221d0240229c862b122d2b06c12a625732
2019-09-26 13:29:08,600 [main] INFO  handler.ContextHandler (ContextHandler.java:doStart(781)) - Started o.e.j.s.ServletContextHandler@1886991b{/logs,file:///workdir/hadoop-ozone/ozonefs/target/log,AVAILABLE}
2019-09-26 13:29:08,600 [main] INFO  handler.ContextHandler (ContextHandler.java:doStart(781)) - Started o.e.j.s.ServletContextHandler@1f03fba0{/static,jar:file:/home/user/.m2/repository/org/apache/hadoop/hadoop-hdds-container-service/0.5.0-SNAPSHOT/hadoop-hdds-container-service-0.5.0-SNAPSHOT.jar!/webapps/static,AVAILABLE}
2019-09-26 13:29:08,629 [main] INFO  handler.ContextHandler (ContextHandler.java:doStart(781)) - Started o.e.j.w.WebAppContext@354e7004{/,file:///tmp/jetty-0.0.0.0-41045-hddsDatanode-_-any-7653498776717155073.dir/webapp/,AVAILABLE}{/hddsDatanode}
2019-09-26 13:29:08,633 [main] INFO  server.AbstractConnector (AbstractConnector.java:doStart(278)) - Started ServerConnector@22ebccb9{HTTP/1.1,[http/1.1]}{0.0.0.0:41045}
2019-09-26 13:29:08,633 [main] INFO  server.Server (Server.java:doStart(419)) - Started @5936ms
2019-09-26 13:29:08,634 [main] WARN  impl.MetricsSystemImpl (MetricsSystemImpl.java:register(276)) - Sink prometheus already exists!
2019-09-26 13:29:08,635 [main] INFO  server.BaseHttpServer (BaseHttpServer.java:updateConnectorAddress(215)) - HTTP server of HDDSDATANODE is listening at http://0.0.0.0:41045
2019-09-26 13:29:08,636 [main] INFO  impl.MetricsSystemImpl (MetricsSystemImpl.java:init(158)) - HddsDatanode metrics system started (again)
2019-09-26 13:29:08,641 [org.apache.hadoop.util.JvmPauseMonitor$Monitor@40436cf6] INFO  util.JvmPauseMonitor (JvmPauseMonitor.java:run(188)) - Starting JVM pause monitor
2019-09-26 13:29:08,647 [Datanode State Machine Thread - 0] INFO  datanode.InitDatanodeState (InitDatanodeState.java:persistContainerDatanodeDetails(140)) - DatanodeDetails is persisted to /workdir/hadoop-ozone/ozonefs/target/test-dir/MiniOzoneClusterImpl-8b6a8972-8eda-4f33-b3cf-a560ba2c5b87/datanode-7/meta/datanode.id
2019-09-26 13:29:08,648 [main] INFO  ozone.HddsDatanodeService (HddsDatanodeService.java:start(184)) - HddsDatanodeService host:pr-hdds-1569-87zkn-1081879488 ip:192.168.164.238
2019-09-26 13:29:08,660 [main] INFO  volume.HddsVolume (HddsVolume.java:<init>(176)) - Creating Volume: /workdir/hadoop-ozone/ozonefs/target/test-dir/MiniOzoneClusterImpl-8b6a8972-8eda-4f33-b3cf-a560ba2c5b87/datanode-8/data/containers/hdds of  storage type : DISK and capacity : 1482555576320
2019-09-26 13:29:08,661 [main] INFO  volume.VolumeSet (VolumeSet.java:initializeVolumeSet(170)) - Added Volume : /workdir/hadoop-ozone/ozonefs/target/test-dir/MiniOzoneClusterImpl-8b6a8972-8eda-4f33-b3cf-a560ba2c5b87/datanode-8/data/containers/hdds to VolumeSet
2019-09-26 13:29:08,661 [main] INFO  volume.ThrottledAsyncChecker (ThrottledAsyncChecker.java:schedule(139)) - Scheduling a check for org.apache.hadoop.ozone.container.common.volume.HddsVolume@6f231ced
2019-09-26 13:29:08,661 [main] INFO  volume.HddsVolumeChecker (HddsVolumeChecker.java:checkAllVolumes(202)) - Scheduled health check for volume org.apache.hadoop.ozone.container.common.volume.HddsVolume@6f231ced
2019-09-26 13:29:08,689 [main] INFO  impl.RaftServerProxy (ConfUtils.java:logGet(43)) - raft.rpc.type = GRPC (default)
2019-09-26 13:29:08,689 [main] INFO  grpc.GrpcFactory (GrpcFactory.java:checkPooledByteBufAllocatorUseCacheForAllThreads(45)) - PERFORMANCE WARNING: useCacheForAllThreads is true that may cause Netty to create a lot garbage objects and, as a result, trigger GC.
	It is recommended to disable useCacheForAllThreads by setting -Dorg.apache.ratis.thirdparty.io.netty.allocator.useCacheForAllThreads=false in command line.
2019-09-26 13:29:08,689 [main] INFO  grpc.GrpcConfigKeys$Server (ConfUtils.java:logGet(43)) - raft.grpc.server.port = 0 (default)
2019-09-26 13:29:08,690 [main] INFO  server.GrpcService (ConfUtils.java:logGet(43)) - raft.grpc.message.size.max = 33570816 (custom)
2019-09-26 13:29:08,690 [main] INFO  server.RaftServerConfigKeys (ConfUtils.java:logGet(43)) - raft.server.log.appender.buffer.byte-limit = 33554432 (custom)
2019-09-26 13:29:08,690 [main] INFO  server.GrpcService (ConfUtils.java:logGet(43)) - raft.grpc.flow.control.window = 1MB (=1048576) (default)
2019-09-26 13:29:08,690 [main] INFO  server.RaftServerConfigKeys (ConfUtils.java:logGet(43)) - raft.server.rpc.request.timeout = 3000ms (default)
2019-09-26 13:29:08,691 [main] INFO  server.RaftServerConfigKeys (ConfUtils.java:logGet(43)) - raft.server.storage.dir = [/workdir/hadoop-ozone/ozonefs/target/test-dir/MiniOzoneClusterImpl-8b6a8972-8eda-4f33-b3cf-a560ba2c5b87/datanode-8/data/ratis] (custom)
2019-09-26 13:29:08,693 [main] INFO  hdfs.DFSUtil (DFSUtil.java:httpServerTemplateForNNAndJN(1641)) - Starting Web-server for hddsDatanode at: http://0.0.0.0:0
2019-09-26 13:29:08,695 [main] INFO  server.AuthenticationFilter (AuthenticationFilter.java:constructSecretProvider(240)) - Unable to initialize FileSignerSecretProvider, falling back to use random secrets.
2019-09-26 13:29:08,696 [main] WARN  http.HttpRequestLog (HttpRequestLog.java:getRequestLog(97)) - Jetty request log can only be enabled using Log4j
2019-09-26 13:29:08,698 [main] INFO  http.HttpServer2 (HttpServer2.java:addGlobalFilter(975)) - Added global filter 'safety' (class=org.apache.hadoop.http.HttpServer2$QuotingInputFilter)
2019-09-26 13:29:08,699 [main] INFO  http.HttpServer2 (HttpServer2.java:addFilter(948)) - Added filter static_user_filter (class=org.apache.hadoop.http.lib.StaticUserWebFilter$StaticUserFilter) to context hddsDatanode
2019-09-26 13:29:08,699 [main] INFO  http.HttpServer2 (HttpServer2.java:addFilter(958)) - Added filter static_user_filter (class=org.apache.hadoop.http.lib.StaticUserWebFilter$StaticUserFilter) to context static
2019-09-26 13:29:08,699 [main] INFO  http.HttpServer2 (HttpServer2.java:addFilter(958)) - Added filter static_user_filter (class=org.apache.hadoop.http.lib.StaticUserWebFilter$StaticUserFilter) to context logs
2019-09-26 13:29:08,700 [main] INFO  http.HttpServer2 (HttpServer2.java:bindListener(1191)) - Jetty bound to port 45012
2019-09-26 13:29:08,700 [main] INFO  server.Server (Server.java:doStart(351)) - jetty-9.3.25.v20180904, build timestamp: 2018-09-04T21:11:46Z, git hash: 3ce520221d0240229c862b122d2b06c12a625732
2019-09-26 13:29:08,702 [main] INFO  handler.ContextHandler (ContextHandler.java:doStart(781)) - Started o.e.j.s.ServletContextHandler@4784efd9{/logs,file:///workdir/hadoop-ozone/ozonefs/target/log,AVAILABLE}
2019-09-26 13:29:08,702 [main] INFO  handler.ContextHandler (ContextHandler.java:doStart(781)) - Started o.e.j.s.ServletContextHandler@427ae189{/static,jar:file:/home/user/.m2/repository/org/apache/hadoop/hadoop-hdds-container-service/0.5.0-SNAPSHOT/hadoop-hdds-container-service-0.5.0-SNAPSHOT.jar!/webapps/static,AVAILABLE}
2019-09-26 13:29:08,735 [main] INFO  handler.ContextHandler (ContextHandler.java:doStart(781)) - Started o.e.j.w.WebAppContext@474821de{/,file:///tmp/jetty-0.0.0.0-45012-hddsDatanode-_-any-1816844665758263501.dir/webapp/,AVAILABLE}{/hddsDatanode}
2019-09-26 13:29:08,737 [main] INFO  server.AbstractConnector (AbstractConnector.java:doStart(278)) - Started ServerConnector@3d64c581{HTTP/1.1,[http/1.1]}{0.0.0.0:45012}
2019-09-26 13:29:08,737 [main] INFO  server.Server (Server.java:doStart(419)) - Started @6040ms
2019-09-26 13:29:08,737 [main] WARN  impl.MetricsSystemImpl (MetricsSystemImpl.java:register(276)) - Sink prometheus already exists!
2019-09-26 13:29:08,738 [main] INFO  server.BaseHttpServer (BaseHttpServer.java:updateConnectorAddress(215)) - HTTP server of HDDSDATANODE is listening at http://0.0.0.0:45012
2019-09-26 13:29:08,739 [main] INFO  impl.MetricsSystemImpl (MetricsSystemImpl.java:init(158)) - HddsDatanode metrics system started (again)
2019-09-26 13:29:08,743 [org.apache.hadoop.util.JvmPauseMonitor$Monitor@693160ce] INFO  util.JvmPauseMonitor (JvmPauseMonitor.java:run(188)) - Starting JVM pause monitor
2019-09-26 13:29:08,745 [main] INFO  ozone.HddsDatanodeService (HddsDatanodeService.java:start(184)) - HddsDatanodeService host:pr-hdds-1569-87zkn-1081879488 ip:192.168.164.238
2019-09-26 13:29:08,745 [Datanode State Machine Thread - 0] INFO  datanode.InitDatanodeState (InitDatanodeState.java:persistContainerDatanodeDetails(140)) - DatanodeDetails is persisted to /workdir/hadoop-ozone/ozonefs/target/test-dir/MiniOzoneClusterImpl-8b6a8972-8eda-4f33-b3cf-a560ba2c5b87/datanode-8/meta/datanode.id
2019-09-26 13:29:08,751 [main] INFO  volume.HddsVolume (HddsVolume.java:<init>(176)) - Creating Volume: /workdir/hadoop-ozone/ozonefs/target/test-dir/MiniOzoneClusterImpl-8b6a8972-8eda-4f33-b3cf-a560ba2c5b87/datanode-9/data/containers/hdds of  storage type : DISK and capacity : 1482555576320
2019-09-26 13:29:08,752 [main] INFO  volume.VolumeSet (VolumeSet.java:initializeVolumeSet(170)) - Added Volume : /workdir/hadoop-ozone/ozonefs/target/test-dir/MiniOzoneClusterImpl-8b6a8972-8eda-4f33-b3cf-a560ba2c5b87/datanode-9/data/containers/hdds to VolumeSet
2019-09-26 13:29:08,752 [main] INFO  volume.ThrottledAsyncChecker (ThrottledAsyncChecker.java:schedule(139)) - Scheduling a check for org.apache.hadoop.ozone.container.common.volume.HddsVolume@534e58b6
2019-09-26 13:29:08,752 [main] INFO  volume.HddsVolumeChecker (HddsVolumeChecker.java:checkAllVolumes(202)) - Scheduled health check for volume org.apache.hadoop.ozone.container.common.volume.HddsVolume@534e58b6
2019-09-26 13:29:08,774 [main] INFO  impl.RaftServerProxy (ConfUtils.java:logGet(43)) - raft.rpc.type = GRPC (default)
2019-09-26 13:29:08,774 [main] INFO  grpc.GrpcFactory (GrpcFactory.java:checkPooledByteBufAllocatorUseCacheForAllThreads(45)) - PERFORMANCE WARNING: useCacheForAllThreads is true that may cause Netty to create a lot garbage objects and, as a result, trigger GC.
	It is recommended to disable useCacheForAllThreads by setting -Dorg.apache.ratis.thirdparty.io.netty.allocator.useCacheForAllThreads=false in command line.
2019-09-26 13:29:08,774 [main] INFO  grpc.GrpcConfigKeys$Server (ConfUtils.java:logGet(43)) - raft.grpc.server.port = 0 (default)
2019-09-26 13:29:08,775 [main] INFO  server.GrpcService (ConfUtils.java:logGet(43)) - raft.grpc.message.size.max = 33570816 (custom)
2019-09-26 13:29:08,775 [main] INFO  server.RaftServerConfigKeys (ConfUtils.java:logGet(43)) - raft.server.log.appender.buffer.byte-limit = 33554432 (custom)
2019-09-26 13:29:08,775 [main] INFO  server.GrpcService (ConfUtils.java:logGet(43)) - raft.grpc.flow.control.window = 1MB (=1048576) (default)
2019-09-26 13:29:08,775 [main] INFO  server.RaftServerConfigKeys (ConfUtils.java:logGet(43)) - raft.server.rpc.request.timeout = 3000ms (default)
2019-09-26 13:29:08,776 [main] INFO  server.RaftServerConfigKeys (ConfUtils.java:logGet(43)) - raft.server.storage.dir = [/workdir/hadoop-ozone/ozonefs/target/test-dir/MiniOzoneClusterImpl-8b6a8972-8eda-4f33-b3cf-a560ba2c5b87/datanode-9/data/ratis] (custom)
2019-09-26 13:29:08,777 [main] INFO  hdfs.DFSUtil (DFSUtil.java:httpServerTemplateForNNAndJN(1641)) - Starting Web-server for hddsDatanode at: http://0.0.0.0:0
2019-09-26 13:29:08,779 [main] INFO  server.AuthenticationFilter (AuthenticationFilter.java:constructSecretProvider(240)) - Unable to initialize FileSignerSecretProvider, falling back to use random secrets.
2019-09-26 13:29:08,780 [main] WARN  http.HttpRequestLog (HttpRequestLog.java:getRequestLog(97)) - Jetty request log can only be enabled using Log4j
2019-09-26 13:29:08,781 [main] INFO  http.HttpServer2 (HttpServer2.java:addGlobalFilter(975)) - Added global filter 'safety' (class=org.apache.hadoop.http.HttpServer2$QuotingInputFilter)
2019-09-26 13:29:08,782 [main] INFO  http.HttpServer2 (HttpServer2.java:addFilter(948)) - Added filter static_user_filter (class=org.apache.hadoop.http.lib.StaticUserWebFilter$StaticUserFilter) to context hddsDatanode
2019-09-26 13:29:08,782 [main] INFO  http.HttpServer2 (HttpServer2.java:addFilter(958)) - Added filter static_user_filter (class=org.apache.hadoop.http.lib.StaticUserWebFilter$StaticUserFilter) to context static
2019-09-26 13:29:08,782 [main] INFO  http.HttpServer2 (HttpServer2.java:addFilter(958)) - Added filter static_user_filter (class=org.apache.hadoop.http.lib.StaticUserWebFilter$StaticUserFilter) to context logs
2019-09-26 13:29:08,783 [main] INFO  http.HttpServer2 (HttpServer2.java:bindListener(1191)) - Jetty bound to port 41982
2019-09-26 13:29:08,783 [main] INFO  server.Server (Server.java:doStart(351)) - jetty-9.3.25.v20180904, build timestamp: 2018-09-04T21:11:46Z, git hash: 3ce520221d0240229c862b122d2b06c12a625732
2019-09-26 13:29:08,785 [main] INFO  handler.ContextHandler (ContextHandler.java:doStart(781)) - Started o.e.j.s.ServletContextHandler@41853299{/logs,file:///workdir/hadoop-ozone/ozonefs/target/log,AVAILABLE}
2019-09-26 13:29:08,785 [main] INFO  handler.ContextHandler (ContextHandler.java:doStart(781)) - Started o.e.j.s.ServletContextHandler@2e5b7fba{/static,jar:file:/home/user/.m2/repository/org/apache/hadoop/hadoop-hdds-container-service/0.5.0-SNAPSHOT/hadoop-hdds-container-service-0.5.0-SNAPSHOT.jar!/webapps/static,AVAILABLE}
2019-09-26 13:29:08,812 [main] INFO  handler.ContextHandler (ContextHandler.java:doStart(781)) - Started o.e.j.w.WebAppContext@6242ae3b{/,file:///tmp/jetty-0.0.0.0-41982-hddsDatanode-_-any-1103562618288895638.dir/webapp/,AVAILABLE}{/hddsDatanode}
2019-09-26 13:29:08,814 [main] INFO  server.AbstractConnector (AbstractConnector.java:doStart(278)) - Started ServerConnector@65ddee5a{HTTP/1.1,[http/1.1]}{0.0.0.0:41982}
2019-09-26 13:29:08,814 [main] INFO  server.Server (Server.java:doStart(419)) - Started @6117ms
2019-09-26 13:29:08,814 [main] WARN  impl.MetricsSystemImpl (MetricsSystemImpl.java:register(276)) - Sink prometheus already exists!
2019-09-26 13:29:08,815 [main] INFO  server.BaseHttpServer (BaseHttpServer.java:updateConnectorAddress(215)) - HTTP server of HDDSDATANODE is listening at http://0.0.0.0:41982
2019-09-26 13:29:08,819 [org.apache.hadoop.util.JvmPauseMonitor$Monitor@6f1df62] INFO  util.JvmPauseMonitor (JvmPauseMonitor.java:run(188)) - Starting JVM pause monitor
2019-09-26 13:29:08,820 [main] INFO  ozone.MiniOzoneClusterImpl (MiniOzoneClusterImpl.java:lambda$waitForClusterToBeReady$0(147)) - Waiting for cluster to be ready. Got 0 of 10 DN Heartbeats.
2019-09-26 13:29:08,823 [Datanode State Machine Thread - 0] INFO  datanode.InitDatanodeState (InitDatanodeState.java:persistContainerDatanodeDetails(140)) - DatanodeDetails is persisted to /workdir/hadoop-ozone/ozonefs/target/test-dir/MiniOzoneClusterImpl-8b6a8972-8eda-4f33-b3cf-a560ba2c5b87/datanode-9/meta/datanode.id
2019-09-26 13:29:09,821 [main] INFO  ozone.MiniOzoneClusterImpl (MiniOzoneClusterImpl.java:lambda$waitForClusterToBeReady$0(147)) - Waiting for cluster to be ready. Got 0 of 10 DN Heartbeats.
2019-09-26 13:29:10,102 [Datanode State Machine Thread - 0] INFO  ozoneimpl.OzoneContainer (OzoneContainer.java:start(217)) - Attempting to start container services.
2019-09-26 13:29:10,104 [Datanode State Machine Thread - 0] INFO  ozoneimpl.OzoneContainer (OzoneContainer.java:startContainerScrub(179)) - Background container scanner has been disabled.
2019-09-26 13:29:10,104 [Datanode State Machine Thread - 0] INFO  ratis.XceiverServerRatis (XceiverServerRatis.java:start(411)) - Starting XceiverServerRatis 2bceee89-654d-4083-a39a-484f868bd9b7 at port 0
2019-09-26 13:29:10,125 [Datanode State Machine Thread - 0] INFO  impl.RaftServerProxy (RaftServerProxy.java:lambda$start$3(299)) - 2bceee89-654d-4083-a39a-484f868bd9b7: start RPC server
2019-09-26 13:29:10,162 [Datanode State Machine Thread - 0] INFO  ozoneimpl.OzoneContainer (OzoneContainer.java:start(217)) - Attempting to start container services.
2019-09-26 13:29:10,167 [Datanode State Machine Thread - 0] INFO  ozoneimpl.OzoneContainer (OzoneContainer.java:startContainerScrub(179)) - Background container scanner has been disabled.
2019-09-26 13:29:10,168 [Datanode State Machine Thread - 0] INFO  ratis.XceiverServerRatis (XceiverServerRatis.java:start(411)) - Starting XceiverServerRatis 921dbd79-5e7d-43e7-a946-6392aa4a26bd at port 0
2019-09-26 13:29:10,175 [Datanode State Machine Thread - 0] INFO  impl.RaftServerProxy (RaftServerProxy.java:lambda$start$3(299)) - 921dbd79-5e7d-43e7-a946-6392aa4a26bd: start RPC server
2019-09-26 13:29:10,258 [Datanode State Machine Thread - 0] INFO  ozoneimpl.OzoneContainer (OzoneContainer.java:start(217)) - Attempting to start container services.
2019-09-26 13:29:10,258 [Datanode State Machine Thread - 0] INFO  ozoneimpl.OzoneContainer (OzoneContainer.java:startContainerScrub(179)) - Background container scanner has been disabled.
2019-09-26 13:29:10,259 [Datanode State Machine Thread - 0] INFO  ratis.XceiverServerRatis (XceiverServerRatis.java:start(411)) - Starting XceiverServerRatis 84fdec62-d817-45bb-98fc-971264b4d85b at port 0
2019-09-26 13:29:10,274 [Datanode State Machine Thread - 0] INFO  impl.RaftServerProxy (RaftServerProxy.java:lambda$start$3(299)) - 84fdec62-d817-45bb-98fc-971264b4d85b: start RPC server
2019-09-26 13:29:10,293 [Datanode State Machine Thread - 0] INFO  server.GrpcService (GrpcService.java:startImpl(158)) - 2bceee89-654d-4083-a39a-484f868bd9b7: GrpcService started, listening on 0.0.0.0/0.0.0.0:38284
2019-09-26 13:29:10,293 [Datanode State Machine Thread - 0] INFO  server.GrpcService (GrpcService.java:startImpl(158)) - 921dbd79-5e7d-43e7-a946-6392aa4a26bd: GrpcService started, listening on 0.0.0.0/0.0.0.0:34388
2019-09-26 13:29:10,293 [Datanode State Machine Thread - 0] INFO  server.GrpcService (GrpcService.java:startImpl(158)) - 84fdec62-d817-45bb-98fc-971264b4d85b: GrpcService started, listening on 0.0.0.0/0.0.0.0:44616
2019-09-26 13:29:10,295 [Datanode State Machine Thread - 0] INFO  ratis.XceiverServerRatis (XceiverServerRatis.java:start(421)) - XceiverServerRatis 921dbd79-5e7d-43e7-a946-6392aa4a26bd is started using port 34388
2019-09-26 13:29:10,295 [Datanode State Machine Thread - 0] INFO  ratis.XceiverServerRatis (XceiverServerRatis.java:start(421)) - XceiverServerRatis 2bceee89-654d-4083-a39a-484f868bd9b7 is started using port 38284
2019-09-26 13:29:10,295 [Datanode State Machine Thread - 0] INFO  ratis.XceiverServerRatis (XceiverServerRatis.java:start(421)) - XceiverServerRatis 84fdec62-d817-45bb-98fc-971264b4d85b is started using port 44616
2019-09-26 13:29:10,306 [Datanode State Machine Thread - 0] INFO  server.XceiverServerGrpc (XceiverServerGrpc.java:start(149)) - XceiverServerGrpc 2bceee89-654d-4083-a39a-484f868bd9b7 is started using port 43773
2019-09-26 13:29:10,306 [Datanode State Machine Thread - 0] INFO  server.XceiverServerGrpc (XceiverServerGrpc.java:start(149)) - XceiverServerGrpc 84fdec62-d817-45bb-98fc-971264b4d85b is started using port 37143
2019-09-26 13:29:10,306 [Datanode State Machine Thread - 0] INFO  server.XceiverServerGrpc (XceiverServerGrpc.java:start(149)) - XceiverServerGrpc 921dbd79-5e7d-43e7-a946-6392aa4a26bd is started using port 40663
2019-09-26 13:29:10,348 [Datanode State Machine Thread - 0] INFO  ozoneimpl.OzoneContainer (OzoneContainer.java:start(217)) - Attempting to start container services.
2019-09-26 13:29:10,348 [Datanode State Machine Thread - 0] INFO  ozoneimpl.OzoneContainer (OzoneContainer.java:startContainerScrub(179)) - Background container scanner has been disabled.
2019-09-26 13:29:10,348 [Datanode State Machine Thread - 0] INFO  ratis.XceiverServerRatis (XceiverServerRatis.java:start(411)) - Starting XceiverServerRatis 6bbb30bf-68fb-49c7-a700-39ca06a4595f at port 0
2019-09-26 13:29:10,356 [Datanode State Machine Thread - 0] INFO  impl.RaftServerProxy (RaftServerProxy.java:lambda$start$3(299)) - 6bbb30bf-68fb-49c7-a700-39ca06a4595f: start RPC server
2019-09-26 13:29:10,359 [Datanode State Machine Thread - 0] INFO  server.GrpcService (GrpcService.java:startImpl(158)) - 6bbb30bf-68fb-49c7-a700-39ca06a4595f: GrpcService started, listening on 0.0.0.0/0.0.0.0:44498
2019-09-26 13:29:10,359 [Datanode State Machine Thread - 0] INFO  ratis.XceiverServerRatis (XceiverServerRatis.java:start(421)) - XceiverServerRatis 6bbb30bf-68fb-49c7-a700-39ca06a4595f is started using port 44498
2019-09-26 13:29:10,361 [Datanode State Machine Thread - 0] INFO  server.XceiverServerGrpc (XceiverServerGrpc.java:start(149)) - XceiverServerGrpc 6bbb30bf-68fb-49c7-a700-39ca06a4595f is started using port 33487
2019-09-26 13:29:10,419 [Datanode State Machine Thread - 0] INFO  ozoneimpl.OzoneContainer (OzoneContainer.java:start(217)) - Attempting to start container services.
2019-09-26 13:29:10,420 [Datanode State Machine Thread - 0] INFO  ozoneimpl.OzoneContainer (OzoneContainer.java:startContainerScrub(179)) - Background container scanner has been disabled.
2019-09-26 13:29:10,420 [Datanode State Machine Thread - 0] INFO  ratis.XceiverServerRatis (XceiverServerRatis.java:start(411)) - Starting XceiverServerRatis 281e93f8-a9fe-4958-a33a-388335a7b504 at port 0
2019-09-26 13:29:10,425 [Datanode State Machine Thread - 0] INFO  impl.RaftServerProxy (RaftServerProxy.java:lambda$start$3(299)) - 281e93f8-a9fe-4958-a33a-388335a7b504: start RPC server
2019-09-26 13:29:10,429 [Datanode State Machine Thread - 0] INFO  server.GrpcService (GrpcService.java:startImpl(158)) - 281e93f8-a9fe-4958-a33a-388335a7b504: GrpcService started, listening on 0.0.0.0/0.0.0.0:40240
2019-09-26 13:29:10,429 [Datanode State Machine Thread - 0] INFO  ratis.XceiverServerRatis (XceiverServerRatis.java:start(421)) - XceiverServerRatis 281e93f8-a9fe-4958-a33a-388335a7b504 is started using port 40240
2019-09-26 13:29:10,431 [Datanode State Machine Thread - 0] INFO  server.XceiverServerGrpc (XceiverServerGrpc.java:start(149)) - XceiverServerGrpc 281e93f8-a9fe-4958-a33a-388335a7b504 is started using port 45358
2019-09-26 13:29:10,506 [Datanode State Machine Thread - 0] INFO  ozoneimpl.OzoneContainer (OzoneContainer.java:start(217)) - Attempting to start container services.
2019-09-26 13:29:10,507 [Datanode State Machine Thread - 0] INFO  ozoneimpl.OzoneContainer (OzoneContainer.java:startContainerScrub(179)) - Background container scanner has been disabled.
2019-09-26 13:29:10,507 [Datanode State Machine Thread - 0] INFO  ratis.XceiverServerRatis (XceiverServerRatis.java:start(411)) - Starting XceiverServerRatis 1987c896-e32f-4a06-ac9a-08216b278c2b at port 0
2019-09-26 13:29:10,515 [Datanode State Machine Thread - 0] INFO  impl.RaftServerProxy (RaftServerProxy.java:lambda$start$3(299)) - 1987c896-e32f-4a06-ac9a-08216b278c2b: start RPC server
2019-09-26 13:29:10,520 [Datanode State Machine Thread - 0] INFO  server.GrpcService (GrpcService.java:startImpl(158)) - 1987c896-e32f-4a06-ac9a-08216b278c2b: GrpcService started, listening on 0.0.0.0/0.0.0.0:46271
2019-09-26 13:29:10,521 [Datanode State Machine Thread - 0] INFO  ratis.XceiverServerRatis (XceiverServerRatis.java:start(421)) - XceiverServerRatis 1987c896-e32f-4a06-ac9a-08216b278c2b is started using port 46271
2019-09-26 13:29:10,524 [Datanode State Machine Thread - 0] INFO  server.XceiverServerGrpc (XceiverServerGrpc.java:start(149)) - XceiverServerGrpc 1987c896-e32f-4a06-ac9a-08216b278c2b is started using port 33184
2019-09-26 13:29:10,582 [Datanode State Machine Thread - 0] INFO  ozoneimpl.OzoneContainer (OzoneContainer.java:start(217)) - Attempting to start container services.
2019-09-26 13:29:10,583 [Datanode State Machine Thread - 0] INFO  ozoneimpl.OzoneContainer (OzoneContainer.java:startContainerScrub(179)) - Background container scanner has been disabled.
2019-09-26 13:29:10,583 [Datanode State Machine Thread - 0] INFO  ratis.XceiverServerRatis (XceiverServerRatis.java:start(411)) - Starting XceiverServerRatis e1d07e13-fba7-421e-90fa-c7d02cfb4ed9 at port 0
2019-09-26 13:29:10,590 [Datanode State Machine Thread - 0] INFO  impl.RaftServerProxy (RaftServerProxy.java:lambda$start$3(299)) - e1d07e13-fba7-421e-90fa-c7d02cfb4ed9: start RPC server
2019-09-26 13:29:10,595 [Datanode State Machine Thread - 0] INFO  server.GrpcService (GrpcService.java:startImpl(158)) - e1d07e13-fba7-421e-90fa-c7d02cfb4ed9: GrpcService started, listening on 0.0.0.0/0.0.0.0:39231
2019-09-26 13:29:10,595 [Datanode State Machine Thread - 0] INFO  ratis.XceiverServerRatis (XceiverServerRatis.java:start(421)) - XceiverServerRatis e1d07e13-fba7-421e-90fa-c7d02cfb4ed9 is started using port 39231
2019-09-26 13:29:10,599 [Datanode State Machine Thread - 0] INFO  server.XceiverServerGrpc (XceiverServerGrpc.java:start(149)) - XceiverServerGrpc e1d07e13-fba7-421e-90fa-c7d02cfb4ed9 is started using port 41118
2019-09-26 13:29:10,657 [Datanode State Machine Thread - 0] INFO  ozoneimpl.OzoneContainer (OzoneContainer.java:start(217)) - Attempting to start container services.
2019-09-26 13:29:10,658 [Datanode State Machine Thread - 0] INFO  ozoneimpl.OzoneContainer (OzoneContainer.java:startContainerScrub(179)) - Background container scanner has been disabled.
2019-09-26 13:29:10,658 [Datanode State Machine Thread - 0] INFO  ratis.XceiverServerRatis (XceiverServerRatis.java:start(411)) - Starting XceiverServerRatis 8cfabaed-6bfa-4340-a894-a45e2e16f787 at port 0
2019-09-26 13:29:10,665 [Datanode State Machine Thread - 0] INFO  impl.RaftServerProxy (RaftServerProxy.java:lambda$start$3(299)) - 8cfabaed-6bfa-4340-a894-a45e2e16f787: start RPC server
2019-09-26 13:29:10,670 [Datanode State Machine Thread - 0] INFO  server.GrpcService (GrpcService.java:startImpl(158)) - 8cfabaed-6bfa-4340-a894-a45e2e16f787: GrpcService started, listening on 0.0.0.0/0.0.0.0:43170
2019-09-26 13:29:10,670 [Datanode State Machine Thread - 0] INFO  ratis.XceiverServerRatis (XceiverServerRatis.java:start(421)) - XceiverServerRatis 8cfabaed-6bfa-4340-a894-a45e2e16f787 is started using port 43170
2019-09-26 13:29:10,674 [Datanode State Machine Thread - 0] INFO  server.XceiverServerGrpc (XceiverServerGrpc.java:start(149)) - XceiverServerGrpc 8cfabaed-6bfa-4340-a894-a45e2e16f787 is started using port 45313
2019-09-26 13:29:10,750 [Datanode State Machine Thread - 0] INFO  ozoneimpl.OzoneContainer (OzoneContainer.java:start(217)) - Attempting to start container services.
2019-09-26 13:29:10,750 [Datanode State Machine Thread - 0] INFO  ozoneimpl.OzoneContainer (OzoneContainer.java:startContainerScrub(179)) - Background container scanner has been disabled.
2019-09-26 13:29:10,750 [Datanode State Machine Thread - 0] INFO  ratis.XceiverServerRatis (XceiverServerRatis.java:start(411)) - Starting XceiverServerRatis 84b4f0f2-647b-40e2-8663-a3f3ce0b3f80 at port 0
2019-09-26 13:29:10,756 [Datanode State Machine Thread - 0] INFO  impl.RaftServerProxy (RaftServerProxy.java:lambda$start$3(299)) - 84b4f0f2-647b-40e2-8663-a3f3ce0b3f80: start RPC server
2019-09-26 13:29:10,761 [Datanode State Machine Thread - 0] INFO  server.GrpcService (GrpcService.java:startImpl(158)) - 84b4f0f2-647b-40e2-8663-a3f3ce0b3f80: GrpcService started, listening on 0.0.0.0/0.0.0.0:46549
2019-09-26 13:29:10,761 [Datanode State Machine Thread - 0] INFO  ratis.XceiverServerRatis (XceiverServerRatis.java:start(421)) - XceiverServerRatis 84b4f0f2-647b-40e2-8663-a3f3ce0b3f80 is started using port 46549
2019-09-26 13:29:10,764 [Datanode State Machine Thread - 0] INFO  server.XceiverServerGrpc (XceiverServerGrpc.java:start(149)) - XceiverServerGrpc 84b4f0f2-647b-40e2-8663-a3f3ce0b3f80 is started using port 40758
2019-09-26 13:29:10,822 [main] INFO  ozone.MiniOzoneClusterImpl (MiniOzoneClusterImpl.java:lambda$waitForClusterToBeReady$0(147)) - Waiting for cluster to be ready. Got 0 of 10 DN Heartbeats.
2019-09-26 13:29:10,831 [Datanode State Machine Thread - 0] INFO  ozoneimpl.OzoneContainer (OzoneContainer.java:start(217)) - Attempting to start container services.
2019-09-26 13:29:10,831 [Datanode State Machine Thread - 0] INFO  ozoneimpl.OzoneContainer (OzoneContainer.java:startContainerScrub(179)) - Background container scanner has been disabled.
2019-09-26 13:29:10,831 [Datanode State Machine Thread - 0] INFO  ratis.XceiverServerRatis (XceiverServerRatis.java:start(411)) - Starting XceiverServerRatis ca8c9a5b-93b8-4627-a261-13e3335d5af1 at port 0
2019-09-26 13:29:10,877 [Datanode State Machine Thread - 0] INFO  impl.RaftServerProxy (RaftServerProxy.java:lambda$start$3(299)) - ca8c9a5b-93b8-4627-a261-13e3335d5af1: start RPC server
2019-09-26 13:29:10,893 [Datanode State Machine Thread - 0] INFO  server.GrpcService (GrpcService.java:startImpl(158)) - ca8c9a5b-93b8-4627-a261-13e3335d5af1: GrpcService started, listening on 0.0.0.0/0.0.0.0:36992
2019-09-26 13:29:10,895 [Datanode State Machine Thread - 0] INFO  ratis.XceiverServerRatis (XceiverServerRatis.java:start(421)) - XceiverServerRatis ca8c9a5b-93b8-4627-a261-13e3335d5af1 is started using port 36992
2019-09-26 13:29:10,947 [Datanode State Machine Thread - 0] INFO  server.XceiverServerGrpc (XceiverServerGrpc.java:start(149)) - XceiverServerGrpc ca8c9a5b-93b8-4627-a261-13e3335d5af1 is started using port 39115
2019-09-26 13:29:11,822 [main] INFO  ozone.MiniOzoneClusterImpl (MiniOzoneClusterImpl.java:lambda$waitForClusterToBeReady$0(147)) - Waiting for cluster to be ready. Got 0 of 10 DN Heartbeats.
2019-09-26 13:29:12,095 [IPC Server handler 3 on 43453] INFO  net.NetworkTopology (NetworkTopologyImpl.java:add(111)) - Added a new node: /default-rack/2bceee89-654d-4083-a39a-484f868bd9b7
2019-09-26 13:29:12,095 [IPC Server handler 3 on 43453] INFO  node.SCMNodeManager (SCMNodeManager.java:register(266)) - Registered Data node : 2bceee89-654d-4083-a39a-484f868bd9b7{ip: 192.168.164.238, host: pr-hdds-1569-87zkn-1081879488, networkLocation: /default-rack, certSerialId: null}
2019-09-26 13:29:12,101 [EventQueue-NodeRegistrationContainerReportForDataNodeSafeModeRule] INFO  safemode.SCMSafeModeManager (DataNodeSafeModeRule.java:process(71)) - SCM in safe mode. 1 DataNodes registered, 1 required.
2019-09-26 13:29:12,101 [EventQueue-NodeRegistrationContainerReportForDataNodeSafeModeRule] INFO  safemode.SCMSafeModeManager (SCMSafeModeManager.java:validateSafeModeExitRules(177)) - ScmSafeModeManager, all rules are successfully validated
2019-09-26 13:29:12,101 [EventQueue-NodeRegistrationContainerReportForDataNodeSafeModeRule] INFO  safemode.SCMSafeModeManager (SCMSafeModeManager.java:exitSafeMode(193)) - SCM exiting safe mode.
2019-09-26 13:29:12,155 [IPC Server handler 6 on 43453] INFO  net.NetworkTopology (NetworkTopologyImpl.java:add(111)) - Added a new node: /default-rack/921dbd79-5e7d-43e7-a946-6392aa4a26bd
2019-09-26 13:29:12,159 [IPC Server handler 6 on 43453] INFO  node.SCMNodeManager (SCMNodeManager.java:register(266)) - Registered Data node : 921dbd79-5e7d-43e7-a946-6392aa4a26bd{ip: 192.168.164.238, host: pr-hdds-1569-87zkn-1081879488, networkLocation: /default-rack, certSerialId: null}
2019-09-26 13:29:12,243 [IPC Server handler 5 on 43453] INFO  net.NetworkTopology (NetworkTopologyImpl.java:add(111)) - Added a new node: /default-rack/84fdec62-d817-45bb-98fc-971264b4d85b
2019-09-26 13:29:12,243 [IPC Server handler 5 on 43453] INFO  node.SCMNodeManager (SCMNodeManager.java:register(266)) - Registered Data node : 84fdec62-d817-45bb-98fc-971264b4d85b{ip: 192.168.164.238, host: pr-hdds-1569-87zkn-1081879488, networkLocation: /default-rack, certSerialId: null}
2019-09-26 13:29:12,333 [IPC Server handler 7 on 43453] INFO  net.NetworkTopology (NetworkTopologyImpl.java:add(111)) - Added a new node: /default-rack/6bbb30bf-68fb-49c7-a700-39ca06a4595f
2019-09-26 13:29:12,334 [IPC Server handler 7 on 43453] INFO  node.SCMNodeManager (SCMNodeManager.java:register(266)) - Registered Data node : 6bbb30bf-68fb-49c7-a700-39ca06a4595f{ip: 192.168.164.238, host: pr-hdds-1569-87zkn-1081879488, networkLocation: /default-rack, certSerialId: null}
2019-09-26 13:29:12,418 [IPC Server handler 8 on 43453] INFO  net.NetworkTopology (NetworkTopologyImpl.java:add(111)) - Added a new node: /default-rack/281e93f8-a9fe-4958-a33a-388335a7b504
2019-09-26 13:29:12,418 [IPC Server handler 8 on 43453] INFO  node.SCMNodeManager (SCMNodeManager.java:register(266)) - Registered Data node : 281e93f8-a9fe-4958-a33a-388335a7b504{ip: 192.168.164.238, host: pr-hdds-1569-87zkn-1081879488, networkLocation: /default-rack, certSerialId: null}
2019-09-26 13:29:12,495 [IPC Server handler 10 on 43453] INFO  net.NetworkTopology (NetworkTopologyImpl.java:add(111)) - Added a new node: /default-rack/1987c896-e32f-4a06-ac9a-08216b278c2b
2019-09-26 13:29:12,495 [IPC Server handler 10 on 43453] INFO  node.SCMNodeManager (SCMNodeManager.java:register(266)) - Registered Data node : 1987c896-e32f-4a06-ac9a-08216b278c2b{ip: 192.168.164.238, host: pr-hdds-1569-87zkn-1081879488, networkLocation: /default-rack, certSerialId: null}
2019-09-26 13:29:12,569 [IPC Server handler 1 on 43453] INFO  net.NetworkTopology (NetworkTopologyImpl.java:add(111)) - Added a new node: /default-rack/e1d07e13-fba7-421e-90fa-c7d02cfb4ed9
2019-09-26 13:29:12,570 [IPC Server handler 1 on 43453] INFO  node.SCMNodeManager (SCMNodeManager.java:register(266)) - Registered Data node : e1d07e13-fba7-421e-90fa-c7d02cfb4ed9{ip: 192.168.164.238, host: pr-hdds-1569-87zkn-1081879488, networkLocation: /default-rack, certSerialId: null}
2019-09-26 13:29:12,645 [IPC Server handler 2 on 43453] INFO  net.NetworkTopology (NetworkTopologyImpl.java:add(111)) - Added a new node: /default-rack/8cfabaed-6bfa-4340-a894-a45e2e16f787
2019-09-26 13:29:12,645 [IPC Server handler 2 on 43453] INFO  node.SCMNodeManager (SCMNodeManager.java:register(266)) - Registered Data node : 8cfabaed-6bfa-4340-a894-a45e2e16f787{ip: 192.168.164.238, host: pr-hdds-1569-87zkn-1081879488, networkLocation: /default-rack, certSerialId: null}
2019-09-26 13:29:12,728 [grpc-default-executor-0] INFO  impl.RaftServerProxy (RaftServerProxy.java:addNew(89)) - 2bceee89-654d-4083-a39a-484f868bd9b7: addNew group-50AC4509AA27:[2bceee89-654d-4083-a39a-484f868bd9b7:192.168.164.238:38284] returns group-50AC4509AA27:java.util.concurrent.CompletableFuture@3f74b65f[Not completed]
2019-09-26 13:29:12,749 [IPC Server handler 4 on 43453] INFO  net.NetworkTopology (NetworkTopologyImpl.java:add(111)) - Added a new node: /default-rack/84b4f0f2-647b-40e2-8663-a3f3ce0b3f80
2019-09-26 13:29:12,749 [IPC Server handler 4 on 43453] INFO  node.SCMNodeManager (SCMNodeManager.java:register(266)) - Registered Data node : 84b4f0f2-647b-40e2-8663-a3f3ce0b3f80{ip: 192.168.164.238, host: pr-hdds-1569-87zkn-1081879488, networkLocation: /default-rack, certSerialId: null}
2019-09-26 13:29:12,757 [pool-27-thread-1] INFO  impl.RaftServerImpl (RaftServerImpl.java:<init>(95)) - 2bceee89-654d-4083-a39a-484f868bd9b7: new RaftServerImpl for group-50AC4509AA27:[2bceee89-654d-4083-a39a-484f868bd9b7:192.168.164.238:38284] with ContainerStateMachine:uninitialized
2019-09-26 13:29:12,759 [pool-27-thread-1] INFO  server.RaftServerConfigKeys (ConfUtils.java:logGet(43)) - raft.server.rpc.timeout.min = 5s (custom)
2019-09-26 13:29:12,761 [pool-27-thread-1] INFO  server.RaftServerConfigKeys (ConfUtils.java:logGet(43)) - raft.server.rpc.timeout.max = 5200ms (custom)
2019-09-26 13:29:12,761 [pool-27-thread-1] INFO  server.RaftServerConfigKeys (ConfUtils.java:logGet(43)) - raft.server.rpcslowness.timeout = 120s (custom)
2019-09-26 13:29:12,762 [pool-27-thread-1] INFO  server.RaftServerConfigKeys (ConfUtils.java:logGet(43)) - raft.server.sleep.deviation.threshold = 300 (default)
2019-09-26 13:29:12,762 [pool-27-thread-1] INFO  server.RaftServerConfigKeys (ConfUtils.java:logGet(43)) - raft.server.log.appender.install.snapshot.enabled = false (custom)
2019-09-26 13:29:12,770 [pool-27-thread-1] INFO  impl.RaftServerImpl (ServerState.java:<init>(103)) - 2bceee89-654d-4083-a39a-484f868bd9b7@group-50AC4509AA27: ConfigurationManager, init=-1: [2bceee89-654d-4083-a39a-484f868bd9b7:192.168.164.238:38284], old=null, confs=<EMPTY_MAP>
2019-09-26 13:29:12,770 [pool-27-thread-1] INFO  server.RaftServerConfigKeys (ConfUtils.java:logGet(43)) - raft.server.storage.dir = [/workdir/hadoop-ozone/ozonefs/target/test-dir/MiniOzoneClusterImpl-8b6a8972-8eda-4f33-b3cf-a560ba2c5b87/datanode-0/data/ratis] (custom)
2019-09-26 13:29:12,778 [pool-27-thread-1] INFO  storage.RaftStorageDirectory (RaftStorageDirectory.java:analyzeStorage(246)) - The storage directory /workdir/hadoop-ozone/ozonefs/target/test-dir/MiniOzoneClusterImpl-8b6a8972-8eda-4f33-b3cf-a560ba2c5b87/datanode-0/data/ratis/afcae59e-8972-459e-8628-50ac4509aa27 does not exist. Creating ...
2019-09-26 13:29:12,794 [pool-27-thread-1] INFO  storage.RaftStorageDirectory (RaftStorageDirectory.java:tryLock(328)) - Lock on /workdir/hadoop-ozone/ozonefs/target/test-dir/MiniOzoneClusterImpl-8b6a8972-8eda-4f33-b3cf-a560ba2c5b87/datanode-0/data/ratis/afcae59e-8972-459e-8628-50ac4509aa27/in_use.lock acquired by nodename 6686@pr-hdds-1569-87zkn-1081879488
2019-09-26 13:29:12,810 [pool-27-thread-1] INFO  storage.RaftStorage (RaftStorage.java:format(72)) - Storage directory /workdir/hadoop-ozone/ozonefs/target/test-dir/MiniOzoneClusterImpl-8b6a8972-8eda-4f33-b3cf-a560ba2c5b87/datanode-0/data/ratis/afcae59e-8972-459e-8628-50ac4509aa27 has been successfully formatted.
2019-09-26 13:29:12,813 [pool-27-thread-1] INFO  ratis.ContainerStateMachine (ContainerStateMachine.java:loadSnapshot(230)) - group-50AC4509AA27: The snapshot info is null. Setting the last applied indexto:(t:0, i:~)
2019-09-26 13:29:12,813 [pool-27-thread-1] INFO  server.RaftServerConfigKeys (ConfUtils.java:logGet(43)) - raft.server.notification.no-leader.timeout = 120s (custom)
2019-09-26 13:29:12,815 [pool-27-thread-1] INFO  server.RaftServerConfigKeys (ConfUtils.java:logGet(43)) - raft.server.log.use.memory = false (default)
2019-09-26 13:29:12,833 [main] INFO  ozone.MiniOzoneClusterImpl (MiniOzoneClusterImpl.java:lambda$waitForClusterToBeReady$0(147)) - Waiting for cluster to be ready. Got 9 of 10 DN Heartbeats.
2019-09-26 13:29:12,843 [IPC Server handler 3 on 43453] INFO  net.NetworkTopology (NetworkTopologyImpl.java:add(111)) - Added a new node: /default-rack/ca8c9a5b-93b8-4627-a261-13e3335d5af1
2019-09-26 13:29:12,844 [IPC Server handler 3 on 43453] INFO  node.SCMNodeManager (SCMNodeManager.java:register(266)) - Registered Data node : ca8c9a5b-93b8-4627-a261-13e3335d5af1{ip: 192.168.164.238, host: pr-hdds-1569-87zkn-1081879488, networkLocation: /default-rack, certSerialId: null}
2019-09-26 13:29:12,844 [pool-27-thread-1] INFO  server.RaftServerConfigKeys (ConfUtils.java:logGet(43)) - raft.server.log.purge.gap = 1000000 (custom)
2019-09-26 13:29:12,844 [pool-27-thread-1] INFO  server.RaftServerConfigKeys (ConfUtils.java:logGet(43)) - raft.server.log.appender.buffer.byte-limit = 33554432 (custom)
2019-09-26 13:29:12,847 [pool-27-thread-1] INFO  server.RaftServerConfigKeys (ConfUtils.java:logGet(43)) - raft.server.log.segment.size.max = 1048576 (custom)
2019-09-26 13:29:12,851 [pool-27-thread-1] INFO  server.RaftServerConfigKeys (ConfUtils.java:logGet(43)) - raft.server.log.segment.cache.num.max = 2 (custom)
2019-09-26 13:29:12,857 [pool-27-thread-1] INFO  segmented.SegmentedRaftLogWorker (SegmentedRaftLogWorker.java:<init>(172)) - new 2bceee89-654d-4083-a39a-484f868bd9b7@group-50AC4509AA27-SegmentedRaftLogWorker for RaftStorage:Storage Directory /workdir/hadoop-ozone/ozonefs/target/test-dir/MiniOzoneClusterImpl-8b6a8972-8eda-4f33-b3cf-a560ba2c5b87/datanode-0/data/ratis/afcae59e-8972-459e-8628-50ac4509aa27
2019-09-26 13:29:12,859 [pool-27-thread-1] INFO  impl.MetricsSystemImpl (MetricsSystemImpl.java:init(158)) - ratis metrics system started (again)
2019-09-26 13:29:12,865 [pool-27-thread-1] INFO  metrics.MetricRegistries (MetricRegistriesLoader.java:load(64)) - Loaded MetricRegistries class org.apache.ratis.metrics.impl.MetricRegistriesImpl
2019-09-26 13:29:12,909 [pool-27-thread-1] INFO  server.RaftServerConfigKeys (ConfUtils.java:logGet(43)) - raft.server.log.queue.byte-limit = 2147483647 (custom)
2019-09-26 13:29:12,910 [pool-27-thread-1] INFO  server.RaftServerConfigKeys (ConfUtils.java:logGet(43)) - raft.server.log.queue.element-limit = 1024 (custom)
2019-09-26 13:29:12,914 [pool-27-thread-1] INFO  server.RaftServerConfigKeys (ConfUtils.java:logGet(43)) - raft.server.log.segment.size.max = 1048576 (custom)
2019-09-26 13:29:12,915 [pool-27-thread-1] INFO  server.RaftServerConfigKeys (ConfUtils.java:logGet(43)) - raft.server.log.preallocated.size = 16384 (custom)
2019-09-26 13:29:12,915 [pool-27-thread-1] INFO  server.RaftServerConfigKeys (ConfUtils.java:logGet(43)) - raft.server.log.write.buffer.size = 33554432 (custom)
2019-09-26 13:29:12,916 [pool-27-thread-1] INFO  server.RaftServerConfigKeys (ConfUtils.java:logGet(43)) - raft.server.log.force.sync.num = 128 (default)
2019-09-26 13:29:12,918 [pool-27-thread-1] INFO  server.RaftServerConfigKeys (ConfUtils.java:logGet(43)) - raft.server.log.statemachine.data.sync = true (default)
2019-09-26 13:29:12,918 [pool-27-thread-1] INFO  server.RaftServerConfigKeys (ConfUtils.java:logGet(43)) - raft.server.log.statemachine.data.sync.timeout = 10s (default)
2019-09-26 13:29:12,919 [pool-27-thread-1] INFO  server.RaftServerConfigKeys (ConfUtils.java:logGet(43)) - raft.server.log.statemachine.data.sync.timeout.retry = -1 (default)
2019-09-26 13:29:12,930 [pool-27-thread-1] INFO  server.RaftServerConfigKeys (ConfUtils.java:logGet(43)) - raft.server.log.statemachine.data.caching.enabled = true (custom)
2019-09-26 13:29:12,937 [pool-27-thread-1] INFO  segmented.SegmentedRaftLogWorker (SegmentedRaftLogWorker.java:lambda$new$0(132)) - 2bceee89-654d-4083-a39a-484f868bd9b7@group-50AC4509AA27-SegmentedRaftLogWorker: flushIndex: setUnconditionally 0 -> -1
2019-09-26 13:29:12,943 [pool-27-thread-1] INFO  server.RaftServerConfigKeys (ConfUtils.java:logGet(43)) - raft.server.snapshot.auto.trigger.enabled = true (custom)
2019-09-26 13:29:12,944 [pool-27-thread-1] INFO  server.RaftServerConfigKeys (ConfUtils.java:logGet(43)) - raft.server.snapshot.auto.trigger.threshold = 10000 (custom)
2019-09-26 13:29:12,945 [pool-27-thread-1] INFO  server.RaftServerConfigKeys (ConfUtils.java:logGet(43)) - raft.server.snapshot.retention.num.files = 5 (custom)
2019-09-26 13:29:12,946 [pool-27-thread-1] INFO  server.RaftServerConfigKeys (ConfUtils.java:logGet(43)) - raft.server.retrycache.expirytime = 600000ms (custom)
2019-09-26 13:29:12,979 [pool-27-thread-1] INFO  impl.RaftServerImpl (RaftServerImpl.java:start(185)) - 2bceee89-654d-4083-a39a-484f868bd9b7@group-50AC4509AA27: start as a follower, conf=-1: [2bceee89-654d-4083-a39a-484f868bd9b7:192.168.164.238:38284], old=null
2019-09-26 13:29:12,981 [pool-27-thread-1] INFO  impl.RaftServerImpl (RaftServerImpl.java:setRole(174)) - 2bceee89-654d-4083-a39a-484f868bd9b7@group-50AC4509AA27: changes role from      null to FOLLOWER at term 0 for startAsFollower
2019-09-26 13:29:12,982 [pool-27-thread-1] INFO  impl.RoleInfo (RoleInfo.java:updateAndGet(143)) - 2bceee89-654d-4083-a39a-484f868bd9b7: start FollowerState
2019-09-26 13:29:12,984 [pool-27-thread-1] INFO  util.JmxRegister (JmxRegister.java:tryRegister(44)) - Successfully registered JMX Bean with object name Ratis:service=RaftServer,group=group-50AC4509AA27,id=2bceee89-654d-4083-a39a-484f868bd9b7
2019-09-26 13:29:13,074 [RatisPipelineUtilsThread] INFO  pipeline.PipelineStateManager (PipelineStateManager.java:addPipeline(56)) - Created pipeline Pipeline[ Id: afcae59e-8972-459e-8628-50ac4509aa27, Nodes: 2bceee89-654d-4083-a39a-484f868bd9b7{ip: 192.168.164.238, host: pr-hdds-1569-87zkn-1081879488, networkLocation: /default-rack, certSerialId: null}, Type:RATIS, Factor:ONE, State:OPEN]
2019-09-26 13:29:13,099 [grpc-default-executor-0] INFO  impl.RaftServerProxy (RaftServerProxy.java:addNew(89)) - 2bceee89-654d-4083-a39a-484f868bd9b7: addNew group-C9C91C20FA01:[2bceee89-654d-4083-a39a-484f868bd9b7:192.168.164.238:38284] returns group-C9C91C20FA01:java.util.concurrent.CompletableFuture@193fdd45[Not completed]
2019-09-26 13:29:13,101 [pool-27-thread-1] INFO  impl.RaftServerImpl (RaftServerImpl.java:<init>(95)) - 2bceee89-654d-4083-a39a-484f868bd9b7: new RaftServerImpl for group-C9C91C20FA01:[2bceee89-654d-4083-a39a-484f868bd9b7:192.168.164.238:38284] with ContainerStateMachine:uninitialized
2019-09-26 13:29:13,101 [pool-27-thread-1] INFO  server.RaftServerConfigKeys (ConfUtils.java:logGet(43)) - raft.server.rpc.timeout.min = 5s (custom)
2019-09-26 13:29:13,101 [pool-27-thread-1] INFO  server.RaftServerConfigKeys (ConfUtils.java:logGet(43)) - raft.server.rpc.timeout.max = 5200ms (custom)
2019-09-26 13:29:13,101 [pool-27-thread-1] INFO  server.RaftServerConfigKeys (ConfUtils.java:logGet(43)) - raft.server.rpcslowness.timeout = 120s (custom)
2019-09-26 13:29:13,102 [pool-27-thread-1] INFO  server.RaftServerConfigKeys (ConfUtils.java:logGet(43)) - raft.server.sleep.deviation.threshold = 300 (default)
2019-09-26 13:29:13,102 [pool-27-thread-1] INFO  server.RaftServerConfigKeys (ConfUtils.java:logGet(43)) - raft.server.log.appender.install.snapshot.enabled = false (custom)
2019-09-26 13:29:13,102 [pool-27-thread-1] INFO  impl.RaftServerImpl (ServerState.java:<init>(103)) - 2bceee89-654d-4083-a39a-484f868bd9b7@group-C9C91C20FA01: ConfigurationManager, init=-1: [2bceee89-654d-4083-a39a-484f868bd9b7:192.168.164.238:38284], old=null, confs=<EMPTY_MAP>
2019-09-26 13:29:13,102 [pool-27-thread-1] INFO  server.RaftServerConfigKeys (ConfUtils.java:logGet(43)) - raft.server.storage.dir = [/workdir/hadoop-ozone/ozonefs/target/test-dir/MiniOzoneClusterImpl-8b6a8972-8eda-4f33-b3cf-a560ba2c5b87/datanode-0/data/ratis] (custom)
2019-09-26 13:29:13,102 [pool-27-thread-1] INFO  storage.RaftStorageDirectory (RaftStorageDirectory.java:analyzeStorage(246)) - The storage directory /workdir/hadoop-ozone/ozonefs/target/test-dir/MiniOzoneClusterImpl-8b6a8972-8eda-4f33-b3cf-a560ba2c5b87/datanode-0/data/ratis/b00310a1-eba0-4971-88d5-c9c91c20fa01 does not exist. Creating ...
2019-09-26 13:29:13,127 [pool-27-thread-1] INFO  storage.RaftStorageDirectory (RaftStorageDirectory.java:tryLock(328)) - Lock on /workdir/hadoop-ozone/ozonefs/target/test-dir/MiniOzoneClusterImpl-8b6a8972-8eda-4f33-b3cf-a560ba2c5b87/datanode-0/data/ratis/b00310a1-eba0-4971-88d5-c9c91c20fa01/in_use.lock acquired by nodename 6686@pr-hdds-1569-87zkn-1081879488
2019-09-26 13:29:13,146 [pool-27-thread-1] INFO  storage.RaftStorage (RaftStorage.java:format(72)) - Storage directory /workdir/hadoop-ozone/ozonefs/target/test-dir/MiniOzoneClusterImpl-8b6a8972-8eda-4f33-b3cf-a560ba2c5b87/datanode-0/data/ratis/b00310a1-eba0-4971-88d5-c9c91c20fa01 has been successfully formatted.
2019-09-26 13:29:13,146 [pool-27-thread-1] INFO  ratis.ContainerStateMachine (ContainerStateMachine.java:loadSnapshot(230)) - group-C9C91C20FA01: The snapshot info is null. Setting the last applied indexto:(t:0, i:~)
2019-09-26 13:29:13,146 [pool-27-thread-1] INFO  server.RaftServerConfigKeys (ConfUtils.java:logGet(43)) - raft.server.notification.no-leader.timeout = 120s (custom)
2019-09-26 13:29:13,146 [pool-27-thread-1] INFO  server.RaftServerConfigKeys (ConfUtils.java:logGet(43)) - raft.server.log.use.memory = false (default)
2019-09-26 13:29:13,146 [pool-27-thread-1] INFO  server.RaftServerConfigKeys (ConfUtils.java:logGet(43)) - raft.server.log.purge.gap = 1000000 (custom)
2019-09-26 13:29:13,147 [pool-27-thread-1] INFO  server.RaftServerConfigKeys (ConfUtils.java:logGet(43)) - raft.server.log.appender.buffer.byte-limit = 33554432 (custom)
2019-09-26 13:29:13,147 [pool-27-thread-1] INFO  server.RaftServerConfigKeys (ConfUtils.java:logGet(43)) - raft.server.log.segment.size.max = 1048576 (custom)
2019-09-26 13:29:13,147 [pool-27-thread-1] INFO  server.RaftServerConfigKeys (ConfUtils.java:logGet(43)) - raft.server.log.segment.cache.num.max = 2 (custom)
2019-09-26 13:29:13,147 [pool-27-thread-1] INFO  segmented.SegmentedRaftLogWorker (SegmentedRaftLogWorker.java:<init>(172)) - new 2bceee89-654d-4083-a39a-484f868bd9b7@group-C9C91C20FA01-SegmentedRaftLogWorker for RaftStorage:Storage Directory /workdir/hadoop-ozone/ozonefs/target/test-dir/MiniOzoneClusterImpl-8b6a8972-8eda-4f33-b3cf-a560ba2c5b87/datanode-0/data/ratis/b00310a1-eba0-4971-88d5-c9c91c20fa01
2019-09-26 13:29:13,147 [pool-27-thread-1] INFO  server.RaftServerConfigKeys (ConfUtils.java:logGet(43)) - raft.server.log.queue.byte-limit = 2147483647 (custom)
2019-09-26 13:29:13,147 [pool-27-thread-1] INFO  server.RaftServerConfigKeys (ConfUtils.java:logGet(43)) - raft.server.log.queue.element-limit = 1024 (custom)
2019-09-26 13:29:13,147 [pool-27-thread-1] INFO  server.RaftServerConfigKeys (ConfUtils.java:logGet(43)) - raft.server.log.segment.size.max = 1048576 (custom)
2019-09-26 13:29:13,147 [pool-27-thread-1] INFO  server.RaftServerConfigKeys (ConfUtils.java:logGet(43)) - raft.server.log.preallocated.size = 16384 (custom)
2019-09-26 13:29:13,147 [pool-27-thread-1] INFO  server.RaftServerConfigKeys (ConfUtils.java:logGet(43)) - raft.server.log.write.buffer.size = 33554432 (custom)
2019-09-26 13:29:13,148 [pool-27-thread-1] INFO  server.RaftServerConfigKeys (ConfUtils.java:logGet(43)) - raft.server.log.force.sync.num = 128 (default)
2019-09-26 13:29:13,148 [pool-27-thread-1] INFO  server.RaftServerConfigKeys (ConfUtils.java:logGet(43)) - raft.server.log.statemachine.data.sync = true (default)
2019-09-26 13:29:13,148 [pool-27-thread-1] INFO  server.RaftServerConfigKeys (ConfUtils.java:logGet(43)) - raft.server.log.statemachine.data.sync.timeout = 10s (default)
2019-09-26 13:29:13,148 [pool-27-thread-1] INFO  server.RaftServerConfigKeys (ConfUtils.java:logGet(43)) - raft.server.log.statemachine.data.sync.timeout.retry = -1 (default)
2019-09-26 13:29:13,148 [pool-27-thread-1] INFO  server.RaftServerConfigKeys (ConfUtils.java:logGet(43)) - raft.server.log.statemachine.data.caching.enabled = true (custom)
2019-09-26 13:29:13,148 [pool-27-thread-1] INFO  segmented.SegmentedRaftLogWorker (SegmentedRaftLogWorker.java:lambda$new$0(132)) - 2bceee89-654d-4083-a39a-484f868bd9b7@group-C9C91C20FA01-SegmentedRaftLogWorker: flushIndex: setUnconditionally 0 -> -1
2019-09-26 13:29:13,149 [pool-27-thread-1] INFO  server.RaftServerConfigKeys (ConfUtils.java:logGet(43)) - raft.server.snapshot.auto.trigger.enabled = true (custom)
2019-09-26 13:29:13,149 [pool-27-thread-1] INFO  server.RaftServerConfigKeys (ConfUtils.java:logGet(43)) - raft.server.snapshot.auto.trigger.threshold = 10000 (custom)
2019-09-26 13:29:13,149 [pool-27-thread-1] INFO  server.RaftServerConfigKeys (ConfUtils.java:logGet(43)) - raft.server.snapshot.retention.num.files = 5 (custom)
2019-09-26 13:29:13,149 [pool-27-thread-1] INFO  server.RaftServerConfigKeys (ConfUtils.java:logGet(43)) - raft.server.retrycache.expirytime = 600000ms (custom)
2019-09-26 13:29:13,154 [pool-27-thread-1] INFO  impl.RaftServerImpl (RaftServerImpl.java:start(185)) - 2bceee89-654d-4083-a39a-484f868bd9b7@group-C9C91C20FA01: start as a follower, conf=-1: [2bceee89-654d-4083-a39a-484f868bd9b7:192.168.164.238:38284], old=null
2019-09-26 13:29:13,154 [pool-27-thread-1] INFO  impl.RaftServerImpl (RaftServerImpl.java:setRole(174)) - 2bceee89-654d-4083-a39a-484f868bd9b7@group-C9C91C20FA01: changes role from      null to FOLLOWER at term 0 for startAsFollower
2019-09-26 13:29:13,154 [pool-27-thread-1] INFO  impl.RoleInfo (RoleInfo.java:updateAndGet(143)) - 2bceee89-654d-4083-a39a-484f868bd9b7: start FollowerState
2019-09-26 13:29:13,155 [pool-27-thread-1] INFO  util.JmxRegister (JmxRegister.java:tryRegister(44)) - Successfully registered JMX Bean with object name Ratis:service=RaftServer,group=group-C9C91C20FA01,id=2bceee89-654d-4083-a39a-484f868bd9b7
2019-09-26 13:29:13,173 [RatisPipelineUtilsThread] INFO  pipeline.PipelineStateManager (PipelineStateManager.java:addPipeline(56)) - Created pipeline Pipeline[ Id: b00310a1-eba0-4971-88d5-c9c91c20fa01, Nodes: 2bceee89-654d-4083-a39a-484f868bd9b7{ip: 192.168.164.238, host: pr-hdds-1569-87zkn-1081879488, networkLocation: /default-rack, certSerialId: null}, Type:RATIS, Factor:ONE, State:OPEN]
2019-09-26 13:29:13,201 [grpc-default-executor-0] INFO  impl.RaftServerProxy (RaftServerProxy.java:addNew(89)) - 921dbd79-5e7d-43e7-a946-6392aa4a26bd: addNew group-E4069BD0C4CD:[921dbd79-5e7d-43e7-a946-6392aa4a26bd:192.168.164.238:34388] returns group-E4069BD0C4CD:java.util.concurrent.CompletableFuture@3bbd3a63[Not completed]
2019-09-26 13:29:13,269 [pool-37-thread-1] INFO  impl.RaftServerImpl (RaftServerImpl.java:<init>(95)) - 921dbd79-5e7d-43e7-a946-6392aa4a26bd: new RaftServerImpl for group-E4069BD0C4CD:[921dbd79-5e7d-43e7-a946-6392aa4a26bd:192.168.164.238:34388] with ContainerStateMachine:uninitialized
2019-09-26 13:29:13,280 [pool-37-thread-1] INFO  server.RaftServerConfigKeys (ConfUtils.java:logGet(43)) - raft.server.rpc.timeout.min = 5s (custom)
2019-09-26 13:29:13,282 [pool-37-thread-1] INFO  server.RaftServerConfigKeys (ConfUtils.java:logGet(43)) - raft.server.rpc.timeout.max = 5200ms (custom)
2019-09-26 13:29:13,282 [pool-37-thread-1] INFO  server.RaftServerConfigKeys (ConfUtils.java:logGet(43)) - raft.server.rpcslowness.timeout = 120s (custom)
2019-09-26 13:29:13,282 [pool-37-thread-1] INFO  server.RaftServerConfigKeys (ConfUtils.java:logGet(43)) - raft.server.sleep.deviation.threshold = 300 (default)
2019-09-26 13:29:13,282 [pool-37-thread-1] INFO  server.RaftServerConfigKeys (ConfUtils.java:logGet(43)) - raft.server.log.appender.install.snapshot.enabled = false (custom)
2019-09-26 13:29:13,282 [pool-37-thread-1] INFO  impl.RaftServerImpl (ServerState.java:<init>(103)) - 921dbd79-5e7d-43e7-a946-6392aa4a26bd@group-E4069BD0C4CD: ConfigurationManager, init=-1: [921dbd79-5e7d-43e7-a946-6392aa4a26bd:192.168.164.238:34388], old=null, confs=<EMPTY_MAP>
2019-09-26 13:29:13,283 [pool-37-thread-1] INFO  server.RaftServerConfigKeys (ConfUtils.java:logGet(43)) - raft.server.storage.dir = [/workdir/hadoop-ozone/ozonefs/target/test-dir/MiniOzoneClusterImpl-8b6a8972-8eda-4f33-b3cf-a560ba2c5b87/datanode-1/data/ratis] (custom)
2019-09-26 13:29:13,283 [pool-37-thread-1] INFO  storage.RaftStorageDirectory (RaftStorageDirectory.java:analyzeStorage(246)) - The storage directory /workdir/hadoop-ozone/ozonefs/target/test-dir/MiniOzoneClusterImpl-8b6a8972-8eda-4f33-b3cf-a560ba2c5b87/datanode-1/data/ratis/6b86341f-f085-4781-9602-e4069bd0c4cd does not exist. Creating ...
2019-09-26 13:29:13,294 [pool-37-thread-1] INFO  storage.RaftStorageDirectory (RaftStorageDirectory.java:tryLock(328)) - Lock on /workdir/hadoop-ozone/ozonefs/target/test-dir/MiniOzoneClusterImpl-8b6a8972-8eda-4f33-b3cf-a560ba2c5b87/datanode-1/data/ratis/6b86341f-f085-4781-9602-e4069bd0c4cd/in_use.lock acquired by nodename 6686@pr-hdds-1569-87zkn-1081879488
2019-09-26 13:29:13,299 [pool-37-thread-1] INFO  storage.RaftStorage (RaftStorage.java:format(72)) - Storage directory /workdir/hadoop-ozone/ozonefs/target/test-dir/MiniOzoneClusterImpl-8b6a8972-8eda-4f33-b3cf-a560ba2c5b87/datanode-1/data/ratis/6b86341f-f085-4781-9602-e4069bd0c4cd has been successfully formatted.
2019-09-26 13:29:13,302 [pool-37-thread-1] INFO  ratis.ContainerStateMachine (ContainerStateMachine.java:loadSnapshot(230)) - group-E4069BD0C4CD: The snapshot info is null. Setting the last applied indexto:(t:0, i:~)
2019-09-26 13:29:13,303 [pool-37-thread-1] INFO  server.RaftServerConfigKeys (ConfUtils.java:logGet(43)) - raft.server.notification.no-leader.timeout = 120s (custom)
2019-09-26 13:29:13,303 [pool-37-thread-1] INFO  server.RaftServerConfigKeys (ConfUtils.java:logGet(43)) - raft.server.log.use.memory = false (default)
2019-09-26 13:29:13,304 [pool-37-thread-1] INFO  server.RaftServerConfigKeys (ConfUtils.java:logGet(43)) - raft.server.log.purge.gap = 1000000 (custom)
2019-09-26 13:29:13,304 [pool-37-thread-1] INFO  server.RaftServerConfigKeys (ConfUtils.java:logGet(43)) - raft.server.log.appender.buffer.byte-limit = 33554432 (custom)
2019-09-26 13:29:13,304 [pool-37-thread-1] INFO  server.RaftServerConfigKeys (ConfUtils.java:logGet(43)) - raft.server.log.segment.size.max = 1048576 (custom)
2019-09-26 13:29:13,304 [pool-37-thread-1] INFO  server.RaftServerConfigKeys (ConfUtils.java:logGet(43)) - raft.server.log.segment.cache.num.max = 2 (custom)
2019-09-26 13:29:13,304 [pool-37-thread-1] INFO  segmented.SegmentedRaftLogWorker (SegmentedRaftLogWorker.java:<init>(172)) - new 921dbd79-5e7d-43e7-a946-6392aa4a26bd@group-E4069BD0C4CD-SegmentedRaftLogWorker for RaftStorage:Storage Directory /workdir/hadoop-ozone/ozonefs/target/test-dir/MiniOzoneClusterImpl-8b6a8972-8eda-4f33-b3cf-a560ba2c5b87/datanode-1/data/ratis/6b86341f-f085-4781-9602-e4069bd0c4cd
2019-09-26 13:29:13,310 [pool-37-thread-1] INFO  server.RaftServerConfigKeys (ConfUtils.java:logGet(43)) - raft.server.log.queue.byte-limit = 2147483647 (custom)
2019-09-26 13:29:13,310 [pool-37-thread-1] INFO  server.RaftServerConfigKeys (ConfUtils.java:logGet(43)) - raft.server.log.queue.element-limit = 1024 (custom)
2019-09-26 13:29:13,310 [pool-37-thread-1] INFO  server.RaftServerConfigKeys (ConfUtils.java:logGet(43)) - raft.server.log.segment.size.max = 1048576 (custom)
2019-09-26 13:29:13,310 [pool-37-thread-1] INFO  server.RaftServerConfigKeys (ConfUtils.java:logGet(43)) - raft.server.log.preallocated.size = 16384 (custom)
2019-09-26 13:29:13,310 [pool-37-thread-1] INFO  server.RaftServerConfigKeys (ConfUtils.java:logGet(43)) - raft.server.log.write.buffer.size = 33554432 (custom)
2019-09-26 13:29:13,310 [pool-37-thread-1] INFO  server.RaftServerConfigKeys (ConfUtils.java:logGet(43)) - raft.server.log.force.sync.num = 128 (default)
2019-09-26 13:29:13,310 [pool-37-thread-1] INFO  server.RaftServerConfigKeys (ConfUtils.java:logGet(43)) - raft.server.log.statemachine.data.sync = true (default)
2019-09-26 13:29:13,310 [pool-37-thread-1] INFO  server.RaftServerConfigKeys (ConfUtils.java:logGet(43)) - raft.server.log.statemachine.data.sync.timeout = 10s (default)
2019-09-26 13:29:13,311 [pool-37-thread-1] INFO  server.RaftServerConfigKeys (ConfUtils.java:logGet(43)) - raft.server.log.statemachine.data.sync.timeout.retry = -1 (default)
2019-09-26 13:29:13,311 [pool-37-thread-1] INFO  server.RaftServerConfigKeys (ConfUtils.java:logGet(43)) - raft.server.log.statemachine.data.caching.enabled = true (custom)
2019-09-26 13:29:13,311 [pool-37-thread-1] INFO  segmented.SegmentedRaftLogWorker (SegmentedRaftLogWorker.java:lambda$new$0(132)) - 921dbd79-5e7d-43e7-a946-6392aa4a26bd@group-E4069BD0C4CD-SegmentedRaftLogWorker: flushIndex: setUnconditionally 0 -> -1
2019-09-26 13:29:13,311 [pool-37-thread-1] INFO  server.RaftServerConfigKeys (ConfUtils.java:logGet(43)) - raft.server.snapshot.auto.trigger.enabled = true (custom)
2019-09-26 13:29:13,311 [pool-37-thread-1] INFO  server.RaftServerConfigKeys (ConfUtils.java:logGet(43)) - raft.server.snapshot.auto.trigger.threshold = 10000 (custom)
2019-09-26 13:29:13,312 [pool-37-thread-1] INFO  server.RaftServerConfigKeys (ConfUtils.java:logGet(43)) - raft.server.snapshot.retention.num.files = 5 (custom)
2019-09-26 13:29:13,312 [pool-37-thread-1] INFO  server.RaftServerConfigKeys (ConfUtils.java:logGet(43)) - raft.server.retrycache.expirytime = 600000ms (custom)
2019-09-26 13:29:13,316 [pool-37-thread-1] INFO  impl.RaftServerImpl (RaftServerImpl.java:start(185)) - 921dbd79-5e7d-43e7-a946-6392aa4a26bd@group-E4069BD0C4CD: start as a follower, conf=-1: [921dbd79-5e7d-43e7-a946-6392aa4a26bd:192.168.164.238:34388], old=null
2019-09-26 13:29:13,317 [pool-37-thread-1] INFO  impl.RaftServerImpl (RaftServerImpl.java:setRole(174)) - 921dbd79-5e7d-43e7-a946-6392aa4a26bd@group-E4069BD0C4CD: changes role from      null to FOLLOWER at term 0 for startAsFollower
2019-09-26 13:29:13,317 [pool-37-thread-1] INFO  impl.RoleInfo (RoleInfo.java:updateAndGet(143)) - 921dbd79-5e7d-43e7-a946-6392aa4a26bd: start FollowerState
2019-09-26 13:29:13,320 [pool-37-thread-1] INFO  util.JmxRegister (JmxRegister.java:tryRegister(44)) - Successfully registered JMX Bean with object name Ratis:service=RaftServer,group=group-E4069BD0C4CD,id=921dbd79-5e7d-43e7-a946-6392aa4a26bd
2019-09-26 13:29:13,332 [RatisPipelineUtilsThread] INFO  pipeline.PipelineStateManager (PipelineStateManager.java:addPipeline(56)) - Created pipeline Pipeline[ Id: 6b86341f-f085-4781-9602-e4069bd0c4cd, Nodes: 921dbd79-5e7d-43e7-a946-6392aa4a26bd{ip: 192.168.164.238, host: pr-hdds-1569-87zkn-1081879488, networkLocation: /default-rack, certSerialId: null}, Type:RATIS, Factor:ONE, State:OPEN]
2019-09-26 13:29:13,352 [grpc-default-executor-0] INFO  impl.RaftServerProxy (RaftServerProxy.java:addNew(89)) - 281e93f8-a9fe-4958-a33a-388335a7b504: addNew group-96E8096124DB:[281e93f8-a9fe-4958-a33a-388335a7b504:192.168.164.238:40240] returns group-96E8096124DB:java.util.concurrent.CompletableFuture@3edef348[Not completed]
2019-09-26 13:29:13,384 [pool-67-thread-1] INFO  impl.RaftServerImpl (RaftServerImpl.java:<init>(95)) - 281e93f8-a9fe-4958-a33a-388335a7b504: new RaftServerImpl for group-96E8096124DB:[281e93f8-a9fe-4958-a33a-388335a7b504:192.168.164.238:40240] with ContainerStateMachine:uninitialized
2019-09-26 13:29:13,384 [pool-67-thread-1] INFO  server.RaftServerConfigKeys (ConfUtils.java:logGet(43)) - raft.server.rpc.timeout.min = 5s (custom)
2019-09-26 13:29:13,384 [pool-67-thread-1] INFO  server.RaftServerConfigKeys (ConfUtils.java:logGet(43)) - raft.server.rpc.timeout.max = 5200ms (custom)
2019-09-26 13:29:13,384 [pool-67-thread-1] INFO  server.RaftServerConfigKeys (ConfUtils.java:logGet(43)) - raft.server.rpcslowness.timeout = 120s (custom)
2019-09-26 13:29:13,384 [pool-67-thread-1] INFO  server.RaftServerConfigKeys (ConfUtils.java:logGet(43)) - raft.server.sleep.deviation.threshold = 300 (default)
2019-09-26 13:29:13,384 [pool-67-thread-1] INFO  server.RaftServerConfigKeys (ConfUtils.java:logGet(43)) - raft.server.log.appender.install.snapshot.enabled = false (custom)
2019-09-26 13:29:13,385 [pool-67-thread-1] INFO  impl.RaftServerImpl (ServerState.java:<init>(103)) - 281e93f8-a9fe-4958-a33a-388335a7b504@group-96E8096124DB: ConfigurationManager, init=-1: [281e93f8-a9fe-4958-a33a-388335a7b504:192.168.164.238:40240], old=null, confs=<EMPTY_MAP>
2019-09-26 13:29:13,385 [pool-67-thread-1] INFO  server.RaftServerConfigKeys (ConfUtils.java:logGet(43)) - raft.server.storage.dir = [/workdir/hadoop-ozone/ozonefs/target/test-dir/MiniOzoneClusterImpl-8b6a8972-8eda-4f33-b3cf-a560ba2c5b87/datanode-4/data/ratis] (custom)
2019-09-26 13:29:13,385 [pool-67-thread-1] INFO  storage.RaftStorageDirectory (RaftStorageDirectory.java:analyzeStorage(246)) - The storage directory /workdir/hadoop-ozone/ozonefs/target/test-dir/MiniOzoneClusterImpl-8b6a8972-8eda-4f33-b3cf-a560ba2c5b87/datanode-4/data/ratis/61961ef4-8d4e-4900-958e-96e8096124db does not exist. Creating ...
2019-09-26 13:29:13,406 [pool-67-thread-1] INFO  storage.RaftStorageDirectory (RaftStorageDirectory.java:tryLock(328)) - Lock on /workdir/hadoop-ozone/ozonefs/target/test-dir/MiniOzoneClusterImpl-8b6a8972-8eda-4f33-b3cf-a560ba2c5b87/datanode-4/data/ratis/61961ef4-8d4e-4900-958e-96e8096124db/in_use.lock acquired by nodename 6686@pr-hdds-1569-87zkn-1081879488
2019-09-26 13:29:13,421 [pool-67-thread-1] INFO  storage.RaftStorage (RaftStorage.java:format(72)) - Storage directory /workdir/hadoop-ozone/ozonefs/target/test-dir/MiniOzoneClusterImpl-8b6a8972-8eda-4f33-b3cf-a560ba2c5b87/datanode-4/data/ratis/61961ef4-8d4e-4900-958e-96e8096124db has been successfully formatted.
2019-09-26 13:29:13,421 [pool-67-thread-1] INFO  ratis.ContainerStateMachine (ContainerStateMachine.java:loadSnapshot(230)) - group-96E8096124DB: The snapshot info is null. Setting the last applied indexto:(t:0, i:~)
2019-09-26 13:29:13,421 [pool-67-thread-1] INFO  server.RaftServerConfigKeys (ConfUtils.java:logGet(43)) - raft.server.notification.no-leader.timeout = 120s (custom)
2019-09-26 13:29:13,421 [pool-67-thread-1] INFO  server.RaftServerConfigKeys (ConfUtils.java:logGet(43)) - raft.server.log.use.memory = false (default)
2019-09-26 13:29:13,421 [pool-67-thread-1] INFO  server.RaftServerConfigKeys (ConfUtils.java:logGet(43)) - raft.server.log.purge.gap = 1000000 (custom)
2019-09-26 13:29:13,421 [pool-67-thread-1] INFO  server.RaftServerConfigKeys (ConfUtils.java:logGet(43)) - raft.server.log.appender.buffer.byte-limit = 33554432 (custom)
2019-09-26 13:29:13,422 [pool-67-thread-1] INFO  server.RaftServerConfigKeys (ConfUtils.java:logGet(43)) - raft.server.log.segment.size.max = 1048576 (custom)
2019-09-26 13:29:13,422 [pool-67-thread-1] INFO  server.RaftServerConfigKeys (ConfUtils.java:logGet(43)) - raft.server.log.segment.cache.num.max = 2 (custom)
2019-09-26 13:29:13,422 [pool-67-thread-1] INFO  segmented.SegmentedRaftLogWorker (SegmentedRaftLogWorker.java:<init>(172)) - new 281e93f8-a9fe-4958-a33a-388335a7b504@group-96E8096124DB-SegmentedRaftLogWorker for RaftStorage:Storage Directory /workdir/hadoop-ozone/ozonefs/target/test-dir/MiniOzoneClusterImpl-8b6a8972-8eda-4f33-b3cf-a560ba2c5b87/datanode-4/data/ratis/61961ef4-8d4e-4900-958e-96e8096124db
2019-09-26 13:29:13,463 [pool-67-thread-1] INFO  server.RaftServerConfigKeys (ConfUtils.java:logGet(43)) - raft.server.log.queue.byte-limit = 2147483647 (custom)
2019-09-26 13:29:13,464 [pool-67-thread-1] INFO  server.RaftServerConfigKeys (ConfUtils.java:logGet(43)) - raft.server.log.queue.element-limit = 1024 (custom)
2019-09-26 13:29:13,464 [pool-67-thread-1] INFO  server.RaftServerConfigKeys (ConfUtils.java:logGet(43)) - raft.server.log.segment.size.max = 1048576 (custom)
2019-09-26 13:29:13,464 [pool-67-thread-1] INFO  server.RaftServerConfigKeys (ConfUtils.java:logGet(43)) - raft.server.log.preallocated.size = 16384 (custom)
2019-09-26 13:29:13,464 [pool-67-thread-1] INFO  server.RaftServerConfigKeys (ConfUtils.java:logGet(43)) - raft.server.log.write.buffer.size = 33554432 (custom)
2019-09-26 13:29:13,464 [pool-67-thread-1] INFO  server.RaftServerConfigKeys (ConfUtils.java:logGet(43)) - raft.server.log.force.sync.num = 128 (default)
2019-09-26 13:29:13,464 [pool-67-thread-1] INFO  server.RaftServerConfigKeys (ConfUtils.java:logGet(43)) - raft.server.log.statemachine.data.sync = true (default)
2019-09-26 13:29:13,465 [pool-67-thread-1] INFO  server.RaftServerConfigKeys (ConfUtils.java:logGet(43)) - raft.server.log.statemachine.data.sync.timeout = 10s (default)
2019-09-26 13:29:13,465 [pool-67-thread-1] INFO  server.RaftServerConfigKeys (ConfUtils.java:logGet(43)) - raft.server.log.statemachine.data.sync.timeout.retry = -1 (default)
2019-09-26 13:29:13,465 [pool-67-thread-1] INFO  server.RaftServerConfigKeys (ConfUtils.java:logGet(43)) - raft.server.log.statemachine.data.caching.enabled = true (custom)
2019-09-26 13:29:13,465 [pool-67-thread-1] INFO  segmented.SegmentedRaftLogWorker (SegmentedRaftLogWorker.java:lambda$new$0(132)) - 281e93f8-a9fe-4958-a33a-388335a7b504@group-96E8096124DB-SegmentedRaftLogWorker: flushIndex: setUnconditionally 0 -> -1
2019-09-26 13:29:13,466 [pool-67-thread-1] INFO  server.RaftServerConfigKeys (ConfUtils.java:logGet(43)) - raft.server.snapshot.auto.trigger.enabled = true (custom)
2019-09-26 13:29:13,466 [pool-67-thread-1] INFO  server.RaftServerConfigKeys (ConfUtils.java:logGet(43)) - raft.server.snapshot.auto.trigger.threshold = 10000 (custom)
2019-09-26 13:29:13,466 [pool-67-thread-1] INFO  server.RaftServerConfigKeys (ConfUtils.java:logGet(43)) - raft.server.snapshot.retention.num.files = 5 (custom)
2019-09-26 13:29:13,466 [pool-67-thread-1] INFO  server.RaftServerConfigKeys (ConfUtils.java:logGet(43)) - raft.server.retrycache.expirytime = 600000ms (custom)
2019-09-26 13:29:13,476 [pool-67-thread-1] INFO  impl.RaftServerImpl (RaftServerImpl.java:start(185)) - 281e93f8-a9fe-4958-a33a-388335a7b504@group-96E8096124DB: start as a follower, conf=-1: [281e93f8-a9fe-4958-a33a-388335a7b504:192.168.164.238:40240], old=null
2019-09-26 13:29:13,476 [pool-67-thread-1] INFO  impl.RaftServerImpl (RaftServerImpl.java:setRole(174)) - 281e93f8-a9fe-4958-a33a-388335a7b504@group-96E8096124DB: changes role from      null to FOLLOWER at term 0 for startAsFollower
2019-09-26 13:29:13,476 [pool-67-thread-1] INFO  impl.RoleInfo (RoleInfo.java:updateAndGet(143)) - 281e93f8-a9fe-4958-a33a-388335a7b504: start FollowerState
2019-09-26 13:29:13,477 [pool-67-thread-1] INFO  util.JmxRegister (JmxRegister.java:tryRegister(44)) - Successfully registered JMX Bean with object name Ratis:service=RaftServer,group=group-96E8096124DB,id=281e93f8-a9fe-4958-a33a-388335a7b504
2019-09-26 13:29:13,496 [RatisPipelineUtilsThread] INFO  pipeline.PipelineStateManager (PipelineStateManager.java:addPipeline(56)) - Created pipeline Pipeline[ Id: 61961ef4-8d4e-4900-958e-96e8096124db, Nodes: 281e93f8-a9fe-4958-a33a-388335a7b504{ip: 192.168.164.238, host: pr-hdds-1569-87zkn-1081879488, networkLocation: /default-rack, certSerialId: null}, Type:RATIS, Factor:ONE, State:OPEN]
2019-09-26 13:29:13,510 [grpc-default-executor-0] INFO  impl.RaftServerProxy (RaftServerProxy.java:addNew(89)) - 921dbd79-5e7d-43e7-a946-6392aa4a26bd: addNew group-7D929503856B:[921dbd79-5e7d-43e7-a946-6392aa4a26bd:192.168.164.238:34388] returns group-7D929503856B:java.util.concurrent.CompletableFuture@4824fac7[Not completed]
2019-09-26 13:29:13,512 [pool-37-thread-1] INFO  impl.RaftServerImpl (RaftServerImpl.java:<init>(95)) - 921dbd79-5e7d-43e7-a946-6392aa4a26bd: new RaftServerImpl for group-7D929503856B:[921dbd79-5e7d-43e7-a946-6392aa4a26bd:192.168.164.238:34388] with ContainerStateMachine:uninitialized
2019-09-26 13:29:13,512 [pool-37-thread-1] INFO  server.RaftServerConfigKeys (ConfUtils.java:logGet(43)) - raft.server.rpc.timeout.min = 5s (custom)
2019-09-26 13:29:13,512 [pool-37-thread-1] INFO  server.RaftServerConfigKeys (ConfUtils.java:logGet(43)) - raft.server.rpc.timeout.max = 5200ms (custom)
2019-09-26 13:29:13,512 [pool-37-thread-1] INFO  server.RaftServerConfigKeys (ConfUtils.java:logGet(43)) - raft.server.rpcslowness.timeout = 120s (custom)
2019-09-26 13:29:13,512 [pool-37-thread-1] INFO  server.RaftServerConfigKeys (ConfUtils.java:logGet(43)) - raft.server.sleep.deviation.threshold = 300 (default)
2019-09-26 13:29:13,512 [pool-37-thread-1] INFO  server.RaftServerConfigKeys (ConfUtils.java:logGet(43)) - raft.server.log.appender.install.snapshot.enabled = false (custom)
2019-09-26 13:29:13,512 [pool-37-thread-1] INFO  impl.RaftServerImpl (ServerState.java:<init>(103)) - 921dbd79-5e7d-43e7-a946-6392aa4a26bd@group-7D929503856B: ConfigurationManager, init=-1: [921dbd79-5e7d-43e7-a946-6392aa4a26bd:192.168.164.238:34388], old=null, confs=<EMPTY_MAP>
2019-09-26 13:29:13,512 [pool-37-thread-1] INFO  server.RaftServerConfigKeys (ConfUtils.java:logGet(43)) - raft.server.storage.dir = [/workdir/hadoop-ozone/ozonefs/target/test-dir/MiniOzoneClusterImpl-8b6a8972-8eda-4f33-b3cf-a560ba2c5b87/datanode-1/data/ratis] (custom)
2019-09-26 13:29:13,513 [pool-37-thread-1] INFO  storage.RaftStorageDirectory (RaftStorageDirectory.java:analyzeStorage(246)) - The storage directory /workdir/hadoop-ozone/ozonefs/target/test-dir/MiniOzoneClusterImpl-8b6a8972-8eda-4f33-b3cf-a560ba2c5b87/datanode-1/data/ratis/93eed922-d7b7-49da-a3e7-7d929503856b does not exist. Creating ...
2019-09-26 13:29:13,526 [pool-37-thread-1] INFO  storage.RaftStorageDirectory (RaftStorageDirectory.java:tryLock(328)) - Lock on /workdir/hadoop-ozone/ozonefs/target/test-dir/MiniOzoneClusterImpl-8b6a8972-8eda-4f33-b3cf-a560ba2c5b87/datanode-1/data/ratis/93eed922-d7b7-49da-a3e7-7d929503856b/in_use.lock acquired by nodename 6686@pr-hdds-1569-87zkn-1081879488
2019-09-26 13:29:13,538 [pool-37-thread-1] INFO  storage.RaftStorage (RaftStorage.java:format(72)) - Storage directory /workdir/hadoop-ozone/ozonefs/target/test-dir/MiniOzoneClusterImpl-8b6a8972-8eda-4f33-b3cf-a560ba2c5b87/datanode-1/data/ratis/93eed922-d7b7-49da-a3e7-7d929503856b has been successfully formatted.
2019-09-26 13:29:13,539 [pool-37-thread-1] INFO  ratis.ContainerStateMachine (ContainerStateMachine.java:loadSnapshot(230)) - group-7D929503856B: The snapshot info is null. Setting the last applied indexto:(t:0, i:~)
2019-09-26 13:29:13,539 [pool-37-thread-1] INFO  server.RaftServerConfigKeys (ConfUtils.java:logGet(43)) - raft.server.notification.no-leader.timeout = 120s (custom)
2019-09-26 13:29:13,539 [pool-37-thread-1] INFO  server.RaftServerConfigKeys (ConfUtils.java:logGet(43)) - raft.server.log.use.memory = false (default)
2019-09-26 13:29:13,539 [pool-37-thread-1] INFO  server.RaftServerConfigKeys (ConfUtils.java:logGet(43)) - raft.server.log.purge.gap = 1000000 (custom)
2019-09-26 13:29:13,539 [pool-37-thread-1] INFO  server.RaftServerConfigKeys (ConfUtils.java:logGet(43)) - raft.server.log.appender.buffer.byte-limit = 33554432 (custom)
2019-09-26 13:29:13,539 [pool-37-thread-1] INFO  server.RaftServerConfigKeys (ConfUtils.java:logGet(43)) - raft.server.log.segment.size.max = 1048576 (custom)
2019-09-26 13:29:13,539 [pool-37-thread-1] INFO  server.RaftServerConfigKeys (ConfUtils.java:logGet(43)) - raft.server.log.segment.cache.num.max = 2 (custom)
2019-09-26 13:29:13,539 [pool-37-thread-1] INFO  segmented.SegmentedRaftLogWorker (SegmentedRaftLogWorker.java:<init>(172)) - new 921dbd79-5e7d-43e7-a946-6392aa4a26bd@group-7D929503856B-SegmentedRaftLogWorker for RaftStorage:Storage Directory /workdir/hadoop-ozone/ozonefs/target/test-dir/MiniOzoneClusterImpl-8b6a8972-8eda-4f33-b3cf-a560ba2c5b87/datanode-1/data/ratis/93eed922-d7b7-49da-a3e7-7d929503856b
2019-09-26 13:29:13,540 [pool-37-thread-1] INFO  server.RaftServerConfigKeys (ConfUtils.java:logGet(43)) - raft.server.log.queue.byte-limit = 2147483647 (custom)
2019-09-26 13:29:13,540 [pool-37-thread-1] INFO  server.RaftServerConfigKeys (ConfUtils.java:logGet(43)) - raft.server.log.queue.element-limit = 1024 (custom)
2019-09-26 13:29:13,540 [pool-37-thread-1] INFO  server.RaftServerConfigKeys (ConfUtils.java:logGet(43)) - raft.server.log.segment.size.max = 1048576 (custom)
2019-09-26 13:29:13,540 [pool-37-thread-1] INFO  server.RaftServerConfigKeys (ConfUtils.java:logGet(43)) - raft.server.log.preallocated.size = 16384 (custom)
2019-09-26 13:29:13,540 [pool-37-thread-1] INFO  server.RaftServerConfigKeys (ConfUtils.java:logGet(43)) - raft.server.log.write.buffer.size = 33554432 (custom)
2019-09-26 13:29:13,540 [pool-37-thread-1] INFO  server.RaftServerConfigKeys (ConfUtils.java:logGet(43)) - raft.server.log.force.sync.num = 128 (default)
2019-09-26 13:29:13,540 [pool-37-thread-1] INFO  server.RaftServerConfigKeys (ConfUtils.java:logGet(43)) - raft.server.log.statemachine.data.sync = true (default)
2019-09-26 13:29:13,540 [pool-37-thread-1] INFO  server.RaftServerConfigKeys (ConfUtils.java:logGet(43)) - raft.server.log.statemachine.data.sync.timeout = 10s (default)
2019-09-26 13:29:13,540 [pool-37-thread-1] INFO  server.RaftServerConfigKeys (ConfUtils.java:logGet(43)) - raft.server.log.statemachine.data.sync.timeout.retry = -1 (default)
2019-09-26 13:29:13,540 [pool-37-thread-1] INFO  server.RaftServerConfigKeys (ConfUtils.java:logGet(43)) - raft.server.log.statemachine.data.caching.enabled = true (custom)
2019-09-26 13:29:13,541 [pool-37-thread-1] INFO  segmented.SegmentedRaftLogWorker (SegmentedRaftLogWorker.java:lambda$new$0(132)) - 921dbd79-5e7d-43e7-a946-6392aa4a26bd@group-7D929503856B-SegmentedRaftLogWorker: flushIndex: setUnconditionally 0 -> -1
2019-09-26 13:29:13,541 [pool-37-thread-1] INFO  server.RaftServerConfigKeys (ConfUtils.java:logGet(43)) - raft.server.snapshot.auto.trigger.enabled = true (custom)
2019-09-26 13:29:13,541 [pool-37-thread-1] INFO  server.RaftServerConfigKeys (ConfUtils.java:logGet(43)) - raft.server.snapshot.auto.trigger.threshold = 10000 (custom)
2019-09-26 13:29:13,541 [pool-37-thread-1] INFO  server.RaftServerConfigKeys (ConfUtils.java:logGet(43)) - raft.server.snapshot.retention.num.files = 5 (custom)
2019-09-26 13:29:13,541 [pool-37-thread-1] INFO  server.RaftServerConfigKeys (ConfUtils.java:logGet(43)) - raft.server.retrycache.expirytime = 600000ms (custom)
2019-09-26 13:29:13,545 [pool-37-thread-1] INFO  impl.RaftServerImpl (RaftServerImpl.java:start(185)) - 921dbd79-5e7d-43e7-a946-6392aa4a26bd@group-7D929503856B: start as a follower, conf=-1: [921dbd79-5e7d-43e7-a946-6392aa4a26bd:192.168.164.238:34388], old=null
2019-09-26 13:29:13,545 [pool-37-thread-1] INFO  impl.RaftServerImpl (RaftServerImpl.java:setRole(174)) - 921dbd79-5e7d-43e7-a946-6392aa4a26bd@group-7D929503856B: changes role from      null to FOLLOWER at term 0 for startAsFollower
2019-09-26 13:29:13,546 [pool-37-thread-1] INFO  impl.RoleInfo (RoleInfo.java:updateAndGet(143)) - 921dbd79-5e7d-43e7-a946-6392aa4a26bd: start FollowerState
2019-09-26 13:29:13,546 [pool-37-thread-1] INFO  util.JmxRegister (JmxRegister.java:tryRegister(44)) - Successfully registered JMX Bean with object name Ratis:service=RaftServer,group=group-7D929503856B,id=921dbd79-5e7d-43e7-a946-6392aa4a26bd
2019-09-26 13:29:13,559 [RatisPipelineUtilsThread] INFO  pipeline.PipelineStateManager (PipelineStateManager.java:addPipeline(56)) - Created pipeline Pipeline[ Id: 93eed922-d7b7-49da-a3e7-7d929503856b, Nodes: 921dbd79-5e7d-43e7-a946-6392aa4a26bd{ip: 192.168.164.238, host: pr-hdds-1569-87zkn-1081879488, networkLocation: /default-rack, certSerialId: null}, Type:RATIS, Factor:ONE, State:OPEN]
2019-09-26 13:29:13,574 [grpc-default-executor-0] INFO  impl.RaftServerProxy (RaftServerProxy.java:addNew(89)) - 2bceee89-654d-4083-a39a-484f868bd9b7: addNew group-2893004ECC04:[2bceee89-654d-4083-a39a-484f868bd9b7:192.168.164.238:38284] returns group-2893004ECC04:java.util.concurrent.CompletableFuture@277a5c31[Not completed]
2019-09-26 13:29:13,576 [pool-27-thread-1] INFO  impl.RaftServerImpl (RaftServerImpl.java:<init>(95)) - 2bceee89-654d-4083-a39a-484f868bd9b7: new RaftServerImpl for group-2893004ECC04:[2bceee89-654d-4083-a39a-484f868bd9b7:192.168.164.238:38284] with ContainerStateMachine:uninitialized
2019-09-26 13:29:13,576 [pool-27-thread-1] INFO  server.RaftServerConfigKeys (ConfUtils.java:logGet(43)) - raft.server.rpc.timeout.min = 5s (custom)
2019-09-26 13:29:13,576 [pool-27-thread-1] INFO  server.RaftServerConfigKeys (ConfUtils.java:logGet(43)) - raft.server.rpc.timeout.max = 5200ms (custom)
2019-09-26 13:29:13,576 [pool-27-thread-1] INFO  server.RaftServerConfigKeys (ConfUtils.java:logGet(43)) - raft.server.rpcslowness.timeout = 120s (custom)
2019-09-26 13:29:13,576 [pool-27-thread-1] INFO  server.RaftServerConfigKeys (ConfUtils.java:logGet(43)) - raft.server.sleep.deviation.threshold = 300 (default)
2019-09-26 13:29:13,576 [pool-27-thread-1] INFO  server.RaftServerConfigKeys (ConfUtils.java:logGet(43)) - raft.server.log.appender.install.snapshot.enabled = false (custom)
2019-09-26 13:29:13,576 [pool-27-thread-1] INFO  impl.RaftServerImpl (ServerState.java:<init>(103)) - 2bceee89-654d-4083-a39a-484f868bd9b7@group-2893004ECC04: ConfigurationManager, init=-1: [2bceee89-654d-4083-a39a-484f868bd9b7:192.168.164.238:38284], old=null, confs=<EMPTY_MAP>
2019-09-26 13:29:13,577 [pool-27-thread-1] INFO  server.RaftServerConfigKeys (ConfUtils.java:logGet(43)) - raft.server.storage.dir = [/workdir/hadoop-ozone/ozonefs/target/test-dir/MiniOzoneClusterImpl-8b6a8972-8eda-4f33-b3cf-a560ba2c5b87/datanode-0/data/ratis] (custom)
2019-09-26 13:29:13,577 [pool-27-thread-1] INFO  storage.RaftStorageDirectory (RaftStorageDirectory.java:analyzeStorage(246)) - The storage directory /workdir/hadoop-ozone/ozonefs/target/test-dir/MiniOzoneClusterImpl-8b6a8972-8eda-4f33-b3cf-a560ba2c5b87/datanode-0/data/ratis/cdeb0a16-f7cf-4e26-bfe1-2893004ecc04 does not exist. Creating ...
2019-09-26 13:29:13,590 [pool-27-thread-1] INFO  storage.RaftStorageDirectory (RaftStorageDirectory.java:tryLock(328)) - Lock on /workdir/hadoop-ozone/ozonefs/target/test-dir/MiniOzoneClusterImpl-8b6a8972-8eda-4f33-b3cf-a560ba2c5b87/datanode-0/data/ratis/cdeb0a16-f7cf-4e26-bfe1-2893004ecc04/in_use.lock acquired by nodename 6686@pr-hdds-1569-87zkn-1081879488
2019-09-26 13:29:13,607 [pool-27-thread-1] INFO  storage.RaftStorage (RaftStorage.java:format(72)) - Storage directory /workdir/hadoop-ozone/ozonefs/target/test-dir/MiniOzoneClusterImpl-8b6a8972-8eda-4f33-b3cf-a560ba2c5b87/datanode-0/data/ratis/cdeb0a16-f7cf-4e26-bfe1-2893004ecc04 has been successfully formatted.
2019-09-26 13:29:13,607 [pool-27-thread-1] INFO  ratis.ContainerStateMachine (ContainerStateMachine.java:loadSnapshot(230)) - group-2893004ECC04: The snapshot info is null. Setting the last applied indexto:(t:0, i:~)
2019-09-26 13:29:13,607 [pool-27-thread-1] INFO  server.RaftServerConfigKeys (ConfUtils.java:logGet(43)) - raft.server.notification.no-leader.timeout = 120s (custom)
2019-09-26 13:29:13,607 [pool-27-thread-1] INFO  server.RaftServerConfigKeys (ConfUtils.java:logGet(43)) - raft.server.log.use.memory = false (default)
2019-09-26 13:29:13,608 [pool-27-thread-1] INFO  server.RaftServerConfigKeys (ConfUtils.java:logGet(43)) - raft.server.log.purge.gap = 1000000 (custom)
2019-09-26 13:29:13,608 [pool-27-thread-1] INFO  server.RaftServerConfigKeys (ConfUtils.java:logGet(43)) - raft.server.log.appender.buffer.byte-limit = 33554432 (custom)
2019-09-26 13:29:13,608 [pool-27-thread-1] INFO  server.RaftServerConfigKeys (ConfUtils.java:logGet(43)) - raft.server.log.segment.size.max = 1048576 (custom)
2019-09-26 13:29:13,608 [pool-27-thread-1] INFO  server.RaftServerConfigKeys (ConfUtils.java:logGet(43)) - raft.server.log.segment.cache.num.max = 2 (custom)
2019-09-26 13:29:13,608 [pool-27-thread-1] INFO  segmented.SegmentedRaftLogWorker (SegmentedRaftLogWorker.java:<init>(172)) - new 2bceee89-654d-4083-a39a-484f868bd9b7@group-2893004ECC04-SegmentedRaftLogWorker for RaftStorage:Storage Directory /workdir/hadoop-ozone/ozonefs/target/test-dir/MiniOzoneClusterImpl-8b6a8972-8eda-4f33-b3cf-a560ba2c5b87/datanode-0/data/ratis/cdeb0a16-f7cf-4e26-bfe1-2893004ecc04
2019-09-26 13:29:13,608 [pool-27-thread-1] INFO  server.RaftServerConfigKeys (ConfUtils.java:logGet(43)) - raft.server.log.queue.byte-limit = 2147483647 (custom)
2019-09-26 13:29:13,609 [pool-27-thread-1] INFO  server.RaftServerConfigKeys (ConfUtils.java:logGet(43)) - raft.server.log.queue.element-limit = 1024 (custom)
2019-09-26 13:29:13,609 [pool-27-thread-1] INFO  server.RaftServerConfigKeys (ConfUtils.java:logGet(43)) - raft.server.log.segment.size.max = 1048576 (custom)
2019-09-26 13:29:13,609 [pool-27-thread-1] INFO  server.RaftServerConfigKeys (ConfUtils.java:logGet(43)) - raft.server.log.preallocated.size = 16384 (custom)
2019-09-26 13:29:13,609 [pool-27-thread-1] INFO  server.RaftServerConfigKeys (ConfUtils.java:logGet(43)) - raft.server.log.write.buffer.size = 33554432 (custom)
2019-09-26 13:29:13,609 [pool-27-thread-1] INFO  server.RaftServerConfigKeys (ConfUtils.java:logGet(43)) - raft.server.log.force.sync.num = 128 (default)
2019-09-26 13:29:13,610 [pool-27-thread-1] INFO  server.RaftServerConfigKeys (ConfUtils.java:logGet(43)) - raft.server.log.statemachine.data.sync = true (default)
2019-09-26 13:29:13,610 [pool-27-thread-1] INFO  server.RaftServerConfigKeys (ConfUtils.java:logGet(43)) - raft.server.log.statemachine.data.sync.timeout = 10s (default)
2019-09-26 13:29:13,610 [pool-27-thread-1] INFO  server.RaftServerConfigKeys (ConfUtils.java:logGet(43)) - raft.server.log.statemachine.data.sync.timeout.retry = -1 (default)
2019-09-26 13:29:13,610 [pool-27-thread-1] INFO  server.RaftServerConfigKeys (ConfUtils.java:logGet(43)) - raft.server.log.statemachine.data.caching.enabled = true (custom)
2019-09-26 13:29:13,610 [pool-27-thread-1] INFO  segmented.SegmentedRaftLogWorker (SegmentedRaftLogWorker.java:lambda$new$0(132)) - 2bceee89-654d-4083-a39a-484f868bd9b7@group-2893004ECC04-SegmentedRaftLogWorker: flushIndex: setUnconditionally 0 -> -1
2019-09-26 13:29:13,611 [pool-27-thread-1] INFO  server.RaftServerConfigKeys (ConfUtils.java:logGet(43)) - raft.server.snapshot.auto.trigger.enabled = true (custom)
2019-09-26 13:29:13,611 [pool-27-thread-1] INFO  server.RaftServerConfigKeys (ConfUtils.java:logGet(43)) - raft.server.snapshot.auto.trigger.threshold = 10000 (custom)
2019-09-26 13:29:13,611 [pool-27-thread-1] INFO  server.RaftServerConfigKeys (ConfUtils.java:logGet(43)) - raft.server.snapshot.retention.num.files = 5 (custom)
2019-09-26 13:29:13,611 [pool-27-thread-1] INFO  server.RaftServerConfigKeys (ConfUtils.java:logGet(43)) - raft.server.retrycache.expirytime = 600000ms (custom)
2019-09-26 13:29:13,615 [pool-27-thread-1] INFO  impl.RaftServerImpl (RaftServerImpl.java:start(185)) - 2bceee89-654d-4083-a39a-484f868bd9b7@group-2893004ECC04: start as a follower, conf=-1: [2bceee89-654d-4083-a39a-484f868bd9b7:192.168.164.238:38284], old=null
2019-09-26 13:29:13,615 [pool-27-thread-1] INFO  impl.RaftServerImpl (RaftServerImpl.java:setRole(174)) - 2bceee89-654d-4083-a39a-484f868bd9b7@group-2893004ECC04: changes role from      null to FOLLOWER at term 0 for startAsFollower
2019-09-26 13:29:13,615 [pool-27-thread-1] INFO  impl.RoleInfo (RoleInfo.java:updateAndGet(143)) - 2bceee89-654d-4083-a39a-484f868bd9b7: start FollowerState
2019-09-26 13:29:13,616 [pool-27-thread-1] INFO  util.JmxRegister (JmxRegister.java:tryRegister(44)) - Successfully registered JMX Bean with object name Ratis:service=RaftServer,group=group-2893004ECC04,id=2bceee89-654d-4083-a39a-484f868bd9b7
2019-09-26 13:29:13,628 [RatisPipelineUtilsThread] INFO  pipeline.PipelineStateManager (PipelineStateManager.java:addPipeline(56)) - Created pipeline Pipeline[ Id: cdeb0a16-f7cf-4e26-bfe1-2893004ecc04, Nodes: 2bceee89-654d-4083-a39a-484f868bd9b7{ip: 192.168.164.238, host: pr-hdds-1569-87zkn-1081879488, networkLocation: /default-rack, certSerialId: null}, Type:RATIS, Factor:ONE, State:OPEN]
2019-09-26 13:29:13,642 [grpc-default-executor-0] INFO  impl.RaftServerProxy (RaftServerProxy.java:addNew(89)) - 2bceee89-654d-4083-a39a-484f868bd9b7: addNew group-619B1F19AB24:[2bceee89-654d-4083-a39a-484f868bd9b7:192.168.164.238:38284] returns group-619B1F19AB24:java.util.concurrent.CompletableFuture@31baeff5[Not completed]
2019-09-26 13:29:13,645 [pool-27-thread-1] INFO  impl.RaftServerImpl (RaftServerImpl.java:<init>(95)) - 2bceee89-654d-4083-a39a-484f868bd9b7: new RaftServerImpl for group-619B1F19AB24:[2bceee89-654d-4083-a39a-484f868bd9b7:192.168.164.238:38284] with ContainerStateMachine:uninitialized
2019-09-26 13:29:13,645 [pool-27-thread-1] INFO  server.RaftServerConfigKeys (ConfUtils.java:logGet(43)) - raft.server.rpc.timeout.min = 5s (custom)
2019-09-26 13:29:13,645 [pool-27-thread-1] INFO  server.RaftServerConfigKeys (ConfUtils.java:logGet(43)) - raft.server.rpc.timeout.max = 5200ms (custom)
2019-09-26 13:29:13,645 [pool-27-thread-1] INFO  server.RaftServerConfigKeys (ConfUtils.java:logGet(43)) - raft.server.rpcslowness.timeout = 120s (custom)
2019-09-26 13:29:13,645 [pool-27-thread-1] INFO  server.RaftServerConfigKeys (ConfUtils.java:logGet(43)) - raft.server.sleep.deviation.threshold = 300 (default)
2019-09-26 13:29:13,645 [pool-27-thread-1] INFO  server.RaftServerConfigKeys (ConfUtils.java:logGet(43)) - raft.server.log.appender.install.snapshot.enabled = false (custom)
2019-09-26 13:29:13,645 [pool-27-thread-1] INFO  impl.RaftServerImpl (ServerState.java:<init>(103)) - 2bceee89-654d-4083-a39a-484f868bd9b7@group-619B1F19AB24: ConfigurationManager, init=-1: [2bceee89-654d-4083-a39a-484f868bd9b7:192.168.164.238:38284], old=null, confs=<EMPTY_MAP>
2019-09-26 13:29:13,646 [pool-27-thread-1] INFO  server.RaftServerConfigKeys (ConfUtils.java:logGet(43)) - raft.server.storage.dir = [/workdir/hadoop-ozone/ozonefs/target/test-dir/MiniOzoneClusterImpl-8b6a8972-8eda-4f33-b3cf-a560ba2c5b87/datanode-0/data/ratis] (custom)
2019-09-26 13:29:13,646 [pool-27-thread-1] INFO  storage.RaftStorageDirectory (RaftStorageDirectory.java:analyzeStorage(246)) - The storage directory /workdir/hadoop-ozone/ozonefs/target/test-dir/MiniOzoneClusterImpl-8b6a8972-8eda-4f33-b3cf-a560ba2c5b87/datanode-0/data/ratis/4928ae75-4342-4e74-8541-619b1f19ab24 does not exist. Creating ...
2019-09-26 13:29:13,656 [pool-27-thread-1] INFO  storage.RaftStorageDirectory (RaftStorageDirectory.java:tryLock(328)) - Lock on /workdir/hadoop-ozone/ozonefs/target/test-dir/MiniOzoneClusterImpl-8b6a8972-8eda-4f33-b3cf-a560ba2c5b87/datanode-0/data/ratis/4928ae75-4342-4e74-8541-619b1f19ab24/in_use.lock acquired by nodename 6686@pr-hdds-1569-87zkn-1081879488
2019-09-26 13:29:13,660 [pool-27-thread-1] INFO  storage.RaftStorage (RaftStorage.java:format(72)) - Storage directory /workdir/hadoop-ozone/ozonefs/target/test-dir/MiniOzoneClusterImpl-8b6a8972-8eda-4f33-b3cf-a560ba2c5b87/datanode-0/data/ratis/4928ae75-4342-4e74-8541-619b1f19ab24 has been successfully formatted.
2019-09-26 13:29:13,660 [pool-27-thread-1] INFO  ratis.ContainerStateMachine (ContainerStateMachine.java:loadSnapshot(230)) - group-619B1F19AB24: The snapshot info is null. Setting the last applied indexto:(t:0, i:~)
2019-09-26 13:29:13,660 [pool-27-thread-1] INFO  server.RaftServerConfigKeys (ConfUtils.java:logGet(43)) - raft.server.notification.no-leader.timeout = 120s (custom)
2019-09-26 13:29:13,661 [pool-27-thread-1] INFO  server.RaftServerConfigKeys (ConfUtils.java:logGet(43)) - raft.server.log.use.memory = false (default)
2019-09-26 13:29:13,661 [pool-27-thread-1] INFO  server.RaftServerConfigKeys (ConfUtils.java:logGet(43)) - raft.server.log.purge.gap = 1000000 (custom)
2019-09-26 13:29:13,661 [pool-27-thread-1] INFO  server.RaftServerConfigKeys (ConfUtils.java:logGet(43)) - raft.server.log.appender.buffer.byte-limit = 33554432 (custom)
2019-09-26 13:29:13,661 [pool-27-thread-1] INFO  server.RaftServerConfigKeys (ConfUtils.java:logGet(43)) - raft.server.log.segment.size.max = 1048576 (custom)
2019-09-26 13:29:13,661 [pool-27-thread-1] INFO  server.RaftServerConfigKeys (ConfUtils.java:logGet(43)) - raft.server.log.segment.cache.num.max = 2 (custom)
2019-09-26 13:29:13,661 [pool-27-thread-1] INFO  segmented.SegmentedRaftLogWorker (SegmentedRaftLogWorker.java:<init>(172)) - new 2bceee89-654d-4083-a39a-484f868bd9b7@group-619B1F19AB24-SegmentedRaftLogWorker for RaftStorage:Storage Directory /workdir/hadoop-ozone/ozonefs/target/test-dir/MiniOzoneClusterImpl-8b6a8972-8eda-4f33-b3cf-a560ba2c5b87/datanode-0/data/ratis/4928ae75-4342-4e74-8541-619b1f19ab24
2019-09-26 13:29:13,662 [pool-27-thread-1] INFO  server.RaftServerConfigKeys (ConfUtils.java:logGet(43)) - raft.server.log.queue.byte-limit = 2147483647 (custom)
2019-09-26 13:29:13,662 [pool-27-thread-1] INFO  server.RaftServerConfigKeys (ConfUtils.java:logGet(43)) - raft.server.log.queue.element-limit = 1024 (custom)
2019-09-26 13:29:13,662 [pool-27-thread-1] INFO  server.RaftServerConfigKeys (ConfUtils.java:logGet(43)) - raft.server.log.segment.size.max = 1048576 (custom)
2019-09-26 13:29:13,662 [pool-27-thread-1] INFO  server.RaftServerConfigKeys (ConfUtils.java:logGet(43)) - raft.server.log.preallocated.size = 16384 (custom)
2019-09-26 13:29:13,662 [pool-27-thread-1] INFO  server.RaftServerConfigKeys (ConfUtils.java:logGet(43)) - raft.server.log.write.buffer.size = 33554432 (custom)
2019-09-26 13:29:13,662 [pool-27-thread-1] INFO  server.RaftServerConfigKeys (ConfUtils.java:logGet(43)) - raft.server.log.force.sync.num = 128 (default)
2019-09-26 13:29:13,662 [pool-27-thread-1] INFO  server.RaftServerConfigKeys (ConfUtils.java:logGet(43)) - raft.server.log.statemachine.data.sync = true (default)
2019-09-26 13:29:13,663 [pool-27-thread-1] INFO  server.RaftServerConfigKeys (ConfUtils.java:logGet(43)) - raft.server.log.statemachine.data.sync.timeout = 10s (default)
2019-09-26 13:29:13,663 [pool-27-thread-1] INFO  server.RaftServerConfigKeys (ConfUtils.java:logGet(43)) - raft.server.log.statemachine.data.sync.timeout.retry = -1 (default)
2019-09-26 13:29:13,663 [pool-27-thread-1] INFO  server.RaftServerConfigKeys (ConfUtils.java:logGet(43)) - raft.server.log.statemachine.data.caching.enabled = true (custom)
2019-09-26 13:29:13,663 [pool-27-thread-1] INFO  segmented.SegmentedRaftLogWorker (SegmentedRaftLogWorker.java:lambda$new$0(132)) - 2bceee89-654d-4083-a39a-484f868bd9b7@group-619B1F19AB24-SegmentedRaftLogWorker: flushIndex: setUnconditionally 0 -> -1
2019-09-26 13:29:13,664 [pool-27-thread-1] INFO  server.RaftServerConfigKeys (ConfUtils.java:logGet(43)) - raft.server.snapshot.auto.trigger.enabled = true (custom)
2019-09-26 13:29:13,664 [pool-27-thread-1] INFO  server.RaftServerConfigKeys (ConfUtils.java:logGet(43)) - raft.server.snapshot.auto.trigger.threshold = 10000 (custom)
2019-09-26 13:29:13,664 [pool-27-thread-1] INFO  server.RaftServerConfigKeys (ConfUtils.java:logGet(43)) - raft.server.snapshot.retention.num.files = 5 (custom)
2019-09-26 13:29:13,664 [pool-27-thread-1] INFO  server.RaftServerConfigKeys (ConfUtils.java:logGet(43)) - raft.server.retrycache.expirytime = 600000ms (custom)
2019-09-26 13:29:13,668 [pool-27-thread-1] INFO  impl.RaftServerImpl (RaftServerImpl.java:start(185)) - 2bceee89-654d-4083-a39a-484f868bd9b7@group-619B1F19AB24: start as a follower, conf=-1: [2bceee89-654d-4083-a39a-484f868bd9b7:192.168.164.238:38284], old=null
2019-09-26 13:29:13,668 [pool-27-thread-1] INFO  impl.RaftServerImpl (RaftServerImpl.java:setRole(174)) - 2bceee89-654d-4083-a39a-484f868bd9b7@group-619B1F19AB24: changes role from      null to FOLLOWER at term 0 for startAsFollower
2019-09-26 13:29:13,668 [pool-27-thread-1] INFO  impl.RoleInfo (RoleInfo.java:updateAndGet(143)) - 2bceee89-654d-4083-a39a-484f868bd9b7: start FollowerState
2019-09-26 13:29:13,669 [pool-27-thread-1] INFO  util.JmxRegister (JmxRegister.java:tryRegister(44)) - Successfully registered JMX Bean with object name Ratis:service=RaftServer,group=group-619B1F19AB24,id=2bceee89-654d-4083-a39a-484f868bd9b7
2019-09-26 13:29:13,686 [RatisPipelineUtilsThread] INFO  pipeline.PipelineStateManager (PipelineStateManager.java:addPipeline(56)) - Created pipeline Pipeline[ Id: 4928ae75-4342-4e74-8541-619b1f19ab24, Nodes: 2bceee89-654d-4083-a39a-484f868bd9b7{ip: 192.168.164.238, host: pr-hdds-1569-87zkn-1081879488, networkLocation: /default-rack, certSerialId: null}, Type:RATIS, Factor:ONE, State:OPEN]
2019-09-26 13:29:13,699 [grpc-default-executor-0] INFO  impl.RaftServerProxy (RaftServerProxy.java:addNew(89)) - e1d07e13-fba7-421e-90fa-c7d02cfb4ed9: addNew group-25A7CA3D52E6:[e1d07e13-fba7-421e-90fa-c7d02cfb4ed9:192.168.164.238:39231] returns group-25A7CA3D52E6:java.util.concurrent.CompletableFuture@77a60b58[Not completed]
2019-09-26 13:29:13,704 [pool-87-thread-1] INFO  impl.RaftServerImpl (RaftServerImpl.java:<init>(95)) - e1d07e13-fba7-421e-90fa-c7d02cfb4ed9: new RaftServerImpl for group-25A7CA3D52E6:[e1d07e13-fba7-421e-90fa-c7d02cfb4ed9:192.168.164.238:39231] with ContainerStateMachine:uninitialized
2019-09-26 13:29:13,704 [pool-87-thread-1] INFO  server.RaftServerConfigKeys (ConfUtils.java:logGet(43)) - raft.server.rpc.timeout.min = 5s (custom)
2019-09-26 13:29:13,704 [pool-87-thread-1] INFO  server.RaftServerConfigKeys (ConfUtils.java:logGet(43)) - raft.server.rpc.timeout.max = 5200ms (custom)
2019-09-26 13:29:13,704 [pool-87-thread-1] INFO  server.RaftServerConfigKeys (ConfUtils.java:logGet(43)) - raft.server.rpcslowness.timeout = 120s (custom)
2019-09-26 13:29:13,705 [pool-87-thread-1] INFO  server.RaftServerConfigKeys (ConfUtils.java:logGet(43)) - raft.server.sleep.deviation.threshold = 300 (default)
2019-09-26 13:29:13,705 [pool-87-thread-1] INFO  server.RaftServerConfigKeys (ConfUtils.java:logGet(43)) - raft.server.log.appender.install.snapshot.enabled = false (custom)
2019-09-26 13:29:13,705 [pool-87-thread-1] INFO  impl.RaftServerImpl (ServerState.java:<init>(103)) - e1d07e13-fba7-421e-90fa-c7d02cfb4ed9@group-25A7CA3D52E6: ConfigurationManager, init=-1: [e1d07e13-fba7-421e-90fa-c7d02cfb4ed9:192.168.164.238:39231], old=null, confs=<EMPTY_MAP>
2019-09-26 13:29:13,705 [pool-87-thread-1] INFO  server.RaftServerConfigKeys (ConfUtils.java:logGet(43)) - raft.server.storage.dir = [/workdir/hadoop-ozone/ozonefs/target/test-dir/MiniOzoneClusterImpl-8b6a8972-8eda-4f33-b3cf-a560ba2c5b87/datanode-6/data/ratis] (custom)
2019-09-26 13:29:13,705 [pool-87-thread-1] INFO  storage.RaftStorageDirectory (RaftStorageDirectory.java:analyzeStorage(246)) - The storage directory /workdir/hadoop-ozone/ozonefs/target/test-dir/MiniOzoneClusterImpl-8b6a8972-8eda-4f33-b3cf-a560ba2c5b87/datanode-6/data/ratis/d7ff572b-21c7-4b66-bd26-25a7ca3d52e6 does not exist. Creating ...
2019-09-26 13:29:13,719 [pool-87-thread-1] INFO  storage.RaftStorageDirectory (RaftStorageDirectory.java:tryLock(328)) - Lock on /workdir/hadoop-ozone/ozonefs/target/test-dir/MiniOzoneClusterImpl-8b6a8972-8eda-4f33-b3cf-a560ba2c5b87/datanode-6/data/ratis/d7ff572b-21c7-4b66-bd26-25a7ca3d52e6/in_use.lock acquired by nodename 6686@pr-hdds-1569-87zkn-1081879488
2019-09-26 13:29:13,736 [pool-87-thread-1] INFO  storage.RaftStorage (RaftStorage.java:format(72)) - Storage directory /workdir/hadoop-ozone/ozonefs/target/test-dir/MiniOzoneClusterImpl-8b6a8972-8eda-4f33-b3cf-a560ba2c5b87/datanode-6/data/ratis/d7ff572b-21c7-4b66-bd26-25a7ca3d52e6 has been successfully formatted.
2019-09-26 13:29:13,737 [pool-87-thread-1] INFO  ratis.ContainerStateMachine (ContainerStateMachine.java:loadSnapshot(230)) - group-25A7CA3D52E6: The snapshot info is null. Setting the last applied indexto:(t:0, i:~)
2019-09-26 13:29:13,737 [pool-87-thread-1] INFO  server.RaftServerConfigKeys (ConfUtils.java:logGet(43)) - raft.server.notification.no-leader.timeout = 120s (custom)
2019-09-26 13:29:13,737 [pool-87-thread-1] INFO  server.RaftServerConfigKeys (ConfUtils.java:logGet(43)) - raft.server.log.use.memory = false (default)
2019-09-26 13:29:13,737 [pool-87-thread-1] INFO  server.RaftServerConfigKeys (ConfUtils.java:logGet(43)) - raft.server.log.purge.gap = 1000000 (custom)
2019-09-26 13:29:13,737 [pool-87-thread-1] INFO  server.RaftServerConfigKeys (ConfUtils.java:logGet(43)) - raft.server.log.appender.buffer.byte-limit = 33554432 (custom)
2019-09-26 13:29:13,737 [pool-87-thread-1] INFO  server.RaftServerConfigKeys (ConfUtils.java:logGet(43)) - raft.server.log.segment.size.max = 1048576 (custom)
2019-09-26 13:29:13,737 [pool-87-thread-1] INFO  server.RaftServerConfigKeys (ConfUtils.java:logGet(43)) - raft.server.log.segment.cache.num.max = 2 (custom)
2019-09-26 13:29:13,737 [pool-87-thread-1] INFO  segmented.SegmentedRaftLogWorker (SegmentedRaftLogWorker.java:<init>(172)) - new e1d07e13-fba7-421e-90fa-c7d02cfb4ed9@group-25A7CA3D52E6-SegmentedRaftLogWorker for RaftStorage:Storage Directory /workdir/hadoop-ozone/ozonefs/target/test-dir/MiniOzoneClusterImpl-8b6a8972-8eda-4f33-b3cf-a560ba2c5b87/datanode-6/data/ratis/d7ff572b-21c7-4b66-bd26-25a7ca3d52e6
2019-09-26 13:29:13,740 [pool-87-thread-1] INFO  server.RaftServerConfigKeys (ConfUtils.java:logGet(43)) - raft.server.log.queue.byte-limit = 2147483647 (custom)
2019-09-26 13:29:13,740 [pool-87-thread-1] INFO  server.RaftServerConfigKeys (ConfUtils.java:logGet(43)) - raft.server.log.queue.element-limit = 1024 (custom)
2019-09-26 13:29:13,740 [pool-87-thread-1] INFO  server.RaftServerConfigKeys (ConfUtils.java:logGet(43)) - raft.server.log.segment.size.max = 1048576 (custom)
2019-09-26 13:29:13,740 [pool-87-thread-1] INFO  server.RaftServerConfigKeys (ConfUtils.java:logGet(43)) - raft.server.log.preallocated.size = 16384 (custom)
2019-09-26 13:29:13,740 [pool-87-thread-1] INFO  server.RaftServerConfigKeys (ConfUtils.java:logGet(43)) - raft.server.log.write.buffer.size = 33554432 (custom)
2019-09-26 13:29:13,740 [pool-87-thread-1] INFO  server.RaftServerConfigKeys (ConfUtils.java:logGet(43)) - raft.server.log.force.sync.num = 128 (default)
2019-09-26 13:29:13,741 [pool-87-thread-1] INFO  server.RaftServerConfigKeys (ConfUtils.java:logGet(43)) - raft.server.log.statemachine.data.sync = true (default)
2019-09-26 13:29:13,741 [pool-87-thread-1] INFO  server.RaftServerConfigKeys (ConfUtils.java:logGet(43)) - raft.server.log.statemachine.data.sync.timeout = 10s (default)
2019-09-26 13:29:13,741 [pool-87-thread-1] INFO  server.RaftServerConfigKeys (ConfUtils.java:logGet(43)) - raft.server.log.statemachine.data.sync.timeout.retry = -1 (default)
2019-09-26 13:29:13,741 [pool-87-thread-1] INFO  server.RaftServerConfigKeys (ConfUtils.java:logGet(43)) - raft.server.log.statemachine.data.caching.enabled = true (custom)
2019-09-26 13:29:13,741 [pool-87-thread-1] INFO  segmented.SegmentedRaftLogWorker (SegmentedRaftLogWorker.java:lambda$new$0(132)) - e1d07e13-fba7-421e-90fa-c7d02cfb4ed9@group-25A7CA3D52E6-SegmentedRaftLogWorker: flushIndex: setUnconditionally 0 -> -1
2019-09-26 13:29:13,741 [pool-87-thread-1] INFO  server.RaftServerConfigKeys (ConfUtils.java:logGet(43)) - raft.server.snapshot.auto.trigger.enabled = true (custom)
2019-09-26 13:29:13,742 [pool-87-thread-1] INFO  server.RaftServerConfigKeys (ConfUtils.java:logGet(43)) - raft.server.snapshot.auto.trigger.threshold = 10000 (custom)
2019-09-26 13:29:13,742 [pool-87-thread-1] INFO  server.RaftServerConfigKeys (ConfUtils.java:logGet(43)) - raft.server.snapshot.retention.num.files = 5 (custom)
2019-09-26 13:29:13,742 [pool-87-thread-1] INFO  server.RaftServerConfigKeys (ConfUtils.java:logGet(43)) - raft.server.retrycache.expirytime = 600000ms (custom)
2019-09-26 13:29:13,744 [pool-87-thread-1] INFO  impl.RaftServerImpl (RaftServerImpl.java:start(185)) - e1d07e13-fba7-421e-90fa-c7d02cfb4ed9@group-25A7CA3D52E6: start as a follower, conf=-1: [e1d07e13-fba7-421e-90fa-c7d02cfb4ed9:192.168.164.238:39231], old=null
2019-09-26 13:29:13,744 [pool-87-thread-1] INFO  impl.RaftServerImpl (RaftServerImpl.java:setRole(174)) - e1d07e13-fba7-421e-90fa-c7d02cfb4ed9@group-25A7CA3D52E6: changes role from      null to FOLLOWER at term 0 for startAsFollower
2019-09-26 13:29:13,744 [pool-87-thread-1] INFO  impl.RoleInfo (RoleInfo.java:updateAndGet(143)) - e1d07e13-fba7-421e-90fa-c7d02cfb4ed9: start FollowerState
2019-09-26 13:29:13,744 [pool-87-thread-1] INFO  util.JmxRegister (JmxRegister.java:tryRegister(44)) - Successfully registered JMX Bean with object name Ratis:service=RaftServer,group=group-25A7CA3D52E6,id=e1d07e13-fba7-421e-90fa-c7d02cfb4ed9
2019-09-26 13:29:13,756 [RatisPipelineUtilsThread] INFO  pipeline.PipelineStateManager (PipelineStateManager.java:addPipeline(56)) - Created pipeline Pipeline[ Id: d7ff572b-21c7-4b66-bd26-25a7ca3d52e6, Nodes: e1d07e13-fba7-421e-90fa-c7d02cfb4ed9{ip: 192.168.164.238, host: pr-hdds-1569-87zkn-1081879488, networkLocation: /default-rack, certSerialId: null}, Type:RATIS, Factor:ONE, State:OPEN]
2019-09-26 13:29:13,768 [grpc-default-executor-0] INFO  impl.RaftServerProxy (RaftServerProxy.java:addNew(89)) - 2bceee89-654d-4083-a39a-484f868bd9b7: addNew group-CF33BE34F437:[2bceee89-654d-4083-a39a-484f868bd9b7:192.168.164.238:38284] returns group-CF33BE34F437:java.util.concurrent.CompletableFuture@2fa5146[Not completed]
2019-09-26 13:29:13,770 [pool-27-thread-1] INFO  impl.RaftServerImpl (RaftServerImpl.java:<init>(95)) - 2bceee89-654d-4083-a39a-484f868bd9b7: new RaftServerImpl for group-CF33BE34F437:[2bceee89-654d-4083-a39a-484f868bd9b7:192.168.164.238:38284] with ContainerStateMachine:uninitialized
2019-09-26 13:29:13,770 [pool-27-thread-1] INFO  server.RaftServerConfigKeys (ConfUtils.java:logGet(43)) - raft.server.rpc.timeout.min = 5s (custom)
2019-09-26 13:29:13,770 [pool-27-thread-1] INFO  server.RaftServerConfigKeys (ConfUtils.java:logGet(43)) - raft.server.rpc.timeout.max = 5200ms (custom)
2019-09-26 13:29:13,770 [pool-27-thread-1] INFO  server.RaftServerConfigKeys (ConfUtils.java:logGet(43)) - raft.server.rpcslowness.timeout = 120s (custom)
2019-09-26 13:29:13,770 [pool-27-thread-1] INFO  server.RaftServerConfigKeys (ConfUtils.java:logGet(43)) - raft.server.sleep.deviation.threshold = 300 (default)
2019-09-26 13:29:13,770 [pool-27-thread-1] INFO  server.RaftServerConfigKeys (ConfUtils.java:logGet(43)) - raft.server.log.appender.install.snapshot.enabled = false (custom)
2019-09-26 13:29:13,770 [pool-27-thread-1] INFO  impl.RaftServerImpl (ServerState.java:<init>(103)) - 2bceee89-654d-4083-a39a-484f868bd9b7@group-CF33BE34F437: ConfigurationManager, init=-1: [2bceee89-654d-4083-a39a-484f868bd9b7:192.168.164.238:38284], old=null, confs=<EMPTY_MAP>
2019-09-26 13:29:13,770 [pool-27-thread-1] INFO  server.RaftServerConfigKeys (ConfUtils.java:logGet(43)) - raft.server.storage.dir = [/workdir/hadoop-ozone/ozonefs/target/test-dir/MiniOzoneClusterImpl-8b6a8972-8eda-4f33-b3cf-a560ba2c5b87/datanode-0/data/ratis] (custom)
2019-09-26 13:29:13,771 [pool-27-thread-1] INFO  storage.RaftStorageDirectory (RaftStorageDirectory.java:analyzeStorage(246)) - The storage directory /workdir/hadoop-ozone/ozonefs/target/test-dir/MiniOzoneClusterImpl-8b6a8972-8eda-4f33-b3cf-a560ba2c5b87/datanode-0/data/ratis/c1d9ca47-6056-4e9c-a1a0-cf33be34f437 does not exist. Creating ...
2019-09-26 13:29:13,783 [pool-27-thread-1] INFO  storage.RaftStorageDirectory (RaftStorageDirectory.java:tryLock(328)) - Lock on /workdir/hadoop-ozone/ozonefs/target/test-dir/MiniOzoneClusterImpl-8b6a8972-8eda-4f33-b3cf-a560ba2c5b87/datanode-0/data/ratis/c1d9ca47-6056-4e9c-a1a0-cf33be34f437/in_use.lock acquired by nodename 6686@pr-hdds-1569-87zkn-1081879488
2019-09-26 13:29:13,796 [pool-27-thread-1] INFO  storage.RaftStorage (RaftStorage.java:format(72)) - Storage directory /workdir/hadoop-ozone/ozonefs/target/test-dir/MiniOzoneClusterImpl-8b6a8972-8eda-4f33-b3cf-a560ba2c5b87/datanode-0/data/ratis/c1d9ca47-6056-4e9c-a1a0-cf33be34f437 has been successfully formatted.
2019-09-26 13:29:13,797 [pool-27-thread-1] INFO  ratis.ContainerStateMachine (ContainerStateMachine.java:loadSnapshot(230)) - group-CF33BE34F437: The snapshot info is null. Setting the last applied indexto:(t:0, i:~)
2019-09-26 13:29:13,797 [pool-27-thread-1] INFO  server.RaftServerConfigKeys (ConfUtils.java:logGet(43)) - raft.server.notification.no-leader.timeout = 120s (custom)
2019-09-26 13:29:13,797 [pool-27-thread-1] INFO  server.RaftServerConfigKeys (ConfUtils.java:logGet(43)) - raft.server.log.use.memory = false (default)
2019-09-26 13:29:13,797 [pool-27-thread-1] INFO  server.RaftServerConfigKeys (ConfUtils.java:logGet(43)) - raft.server.log.purge.gap = 1000000 (custom)
2019-09-26 13:29:13,797 [pool-27-thread-1] INFO  server.RaftServerConfigKeys (ConfUtils.java:logGet(43)) - raft.server.log.appender.buffer.byte-limit = 33554432 (custom)
2019-09-26 13:29:13,797 [pool-27-thread-1] INFO  server.RaftServerConfigKeys (ConfUtils.java:logGet(43)) - raft.server.log.segment.size.max = 1048576 (custom)
2019-09-26 13:29:13,797 [pool-27-thread-1] INFO  server.RaftServerConfigKeys (ConfUtils.java:logGet(43)) - raft.server.log.segment.cache.num.max = 2 (custom)
2019-09-26 13:29:13,797 [pool-27-thread-1] INFO  segmented.SegmentedRaftLogWorker (SegmentedRaftLogWorker.java:<init>(172)) - new 2bceee89-654d-4083-a39a-484f868bd9b7@group-CF33BE34F437-SegmentedRaftLogWorker for RaftStorage:Storage Directory /workdir/hadoop-ozone/ozonefs/target/test-dir/MiniOzoneClusterImpl-8b6a8972-8eda-4f33-b3cf-a560ba2c5b87/datanode-0/data/ratis/c1d9ca47-6056-4e9c-a1a0-cf33be34f437
2019-09-26 13:29:13,797 [pool-27-thread-1] INFO  server.RaftServerConfigKeys (ConfUtils.java:logGet(43)) - raft.server.log.queue.byte-limit = 2147483647 (custom)
2019-09-26 13:29:13,798 [pool-27-thread-1] INFO  server.RaftServerConfigKeys (ConfUtils.java:logGet(43)) - raft.server.log.queue.element-limit = 1024 (custom)
2019-09-26 13:29:13,798 [pool-27-thread-1] INFO  server.RaftServerConfigKeys (ConfUtils.java:logGet(43)) - raft.server.log.segment.size.max = 1048576 (custom)
2019-09-26 13:29:13,798 [pool-27-thread-1] INFO  server.RaftServerConfigKeys (ConfUtils.java:logGet(43)) - raft.server.log.preallocated.size = 16384 (custom)
2019-09-26 13:29:13,798 [pool-27-thread-1] INFO  server.RaftServerConfigKeys (ConfUtils.java:logGet(43)) - raft.server.log.write.buffer.size = 33554432 (custom)
2019-09-26 13:29:13,798 [pool-27-thread-1] INFO  server.RaftServerConfigKeys (ConfUtils.java:logGet(43)) - raft.server.log.force.sync.num = 128 (default)
2019-09-26 13:29:13,798 [pool-27-thread-1] INFO  server.RaftServerConfigKeys (ConfUtils.java:logGet(43)) - raft.server.log.statemachine.data.sync = true (default)
2019-09-26 13:29:13,798 [pool-27-thread-1] INFO  server.RaftServerConfigKeys (ConfUtils.java:logGet(43)) - raft.server.log.statemachine.data.sync.timeout = 10s (default)
2019-09-26 13:29:13,798 [pool-27-thread-1] INFO  server.RaftServerConfigKeys (ConfUtils.java:logGet(43)) - raft.server.log.statemachine.data.sync.timeout.retry = -1 (default)
2019-09-26 13:29:13,798 [pool-27-thread-1] INFO  server.RaftServerConfigKeys (ConfUtils.java:logGet(43)) - raft.server.log.statemachine.data.caching.enabled = true (custom)
2019-09-26 13:29:13,799 [pool-27-thread-1] INFO  segmented.SegmentedRaftLogWorker (SegmentedRaftLogWorker.java:lambda$new$0(132)) - 2bceee89-654d-4083-a39a-484f868bd9b7@group-CF33BE34F437-SegmentedRaftLogWorker: flushIndex: setUnconditionally 0 -> -1
2019-09-26 13:29:13,799 [pool-27-thread-1] INFO  server.RaftServerConfigKeys (ConfUtils.java:logGet(43)) - raft.server.snapshot.auto.trigger.enabled = true (custom)
2019-09-26 13:29:13,799 [pool-27-thread-1] INFO  server.RaftServerConfigKeys (ConfUtils.java:logGet(43)) - raft.server.snapshot.auto.trigger.threshold = 10000 (custom)
2019-09-26 13:29:13,799 [pool-27-thread-1] INFO  server.RaftServerConfigKeys (ConfUtils.java:logGet(43)) - raft.server.snapshot.retention.num.files = 5 (custom)
2019-09-26 13:29:13,799 [pool-27-thread-1] INFO  server.RaftServerConfigKeys (ConfUtils.java:logGet(43)) - raft.server.retrycache.expirytime = 600000ms (custom)
2019-09-26 13:29:13,801 [pool-27-thread-1] INFO  impl.RaftServerImpl (RaftServerImpl.java:start(185)) - 2bceee89-654d-4083-a39a-484f868bd9b7@group-CF33BE34F437: start as a follower, conf=-1: [2bceee89-654d-4083-a39a-484f868bd9b7:192.168.164.238:38284], old=null
2019-09-26 13:29:13,802 [pool-27-thread-1] INFO  impl.RaftServerImpl (RaftServerImpl.java:setRole(174)) - 2bceee89-654d-4083-a39a-484f868bd9b7@group-CF33BE34F437: changes role from      null to FOLLOWER at term 0 for startAsFollower
2019-09-26 13:29:13,802 [pool-27-thread-1] INFO  impl.RoleInfo (RoleInfo.java:updateAndGet(143)) - 2bceee89-654d-4083-a39a-484f868bd9b7: start FollowerState
2019-09-26 13:29:13,802 [pool-27-thread-1] INFO  util.JmxRegister (JmxRegister.java:tryRegister(44)) - Successfully registered JMX Bean with object name Ratis:service=RaftServer,group=group-CF33BE34F437,id=2bceee89-654d-4083-a39a-484f868bd9b7
2019-09-26 13:29:13,821 [RatisPipelineUtilsThread] INFO  pipeline.PipelineStateManager (PipelineStateManager.java:addPipeline(56)) - Created pipeline Pipeline[ Id: c1d9ca47-6056-4e9c-a1a0-cf33be34f437, Nodes: 2bceee89-654d-4083-a39a-484f868bd9b7{ip: 192.168.164.238, host: pr-hdds-1569-87zkn-1081879488, networkLocation: /default-rack, certSerialId: null}, Type:RATIS, Factor:ONE, State:OPEN]
2019-09-26 13:29:13,845 [main] INFO  ozone.MiniOzoneClusterImpl (MiniOzoneClusterImpl.java:lambda$waitForClusterToBeReady$0(147)) - Cluster is ready. Got 10 of 10 DN Heartbeats.
2019-09-26 13:29:13,848 [grpc-default-executor-0] INFO  impl.RaftServerProxy (RaftServerProxy.java:addNew(89)) - 6bbb30bf-68fb-49c7-a700-39ca06a4595f: addNew group-454585379C8D:[6bbb30bf-68fb-49c7-a700-39ca06a4595f:192.168.164.238:44498] returns group-454585379C8D:java.util.concurrent.CompletableFuture@6c4ac08f[Not completed]
2019-09-26 13:29:13,857 [pool-57-thread-1] INFO  impl.RaftServerImpl (RaftServerImpl.java:<init>(95)) - 6bbb30bf-68fb-49c7-a700-39ca06a4595f: new RaftServerImpl for group-454585379C8D:[6bbb30bf-68fb-49c7-a700-39ca06a4595f:192.168.164.238:44498] with ContainerStateMachine:uninitialized
2019-09-26 13:29:13,857 [pool-57-thread-1] INFO  server.RaftServerConfigKeys (ConfUtils.java:logGet(43)) - raft.server.rpc.timeout.min = 5s (custom)
2019-09-26 13:29:13,857 [pool-57-thread-1] INFO  server.RaftServerConfigKeys (ConfUtils.java:logGet(43)) - raft.server.rpc.timeout.max = 5200ms (custom)
2019-09-26 13:29:13,857 [pool-57-thread-1] INFO  server.RaftServerConfigKeys (ConfUtils.java:logGet(43)) - raft.server.rpcslowness.timeout = 120s (custom)
2019-09-26 13:29:13,857 [pool-57-thread-1] INFO  server.RaftServerConfigKeys (ConfUtils.java:logGet(43)) - raft.server.sleep.deviation.threshold = 300 (default)
2019-09-26 13:29:13,857 [pool-57-thread-1] INFO  server.RaftServerConfigKeys (ConfUtils.java:logGet(43)) - raft.server.log.appender.install.snapshot.enabled = false (custom)
2019-09-26 13:29:13,858 [pool-57-thread-1] INFO  impl.RaftServerImpl (ServerState.java:<init>(103)) - 6bbb30bf-68fb-49c7-a700-39ca06a4595f@group-454585379C8D: ConfigurationManager, init=-1: [6bbb30bf-68fb-49c7-a700-39ca06a4595f:192.168.164.238:44498], old=null, confs=<EMPTY_MAP>
2019-09-26 13:29:13,858 [pool-57-thread-1] INFO  server.RaftServerConfigKeys (ConfUtils.java:logGet(43)) - raft.server.storage.dir = [/workdir/hadoop-ozone/ozonefs/target/test-dir/MiniOzoneClusterImpl-8b6a8972-8eda-4f33-b3cf-a560ba2c5b87/datanode-3/data/ratis] (custom)
2019-09-26 13:29:13,858 [pool-57-thread-1] INFO  storage.RaftStorageDirectory (RaftStorageDirectory.java:analyzeStorage(246)) - The storage directory /workdir/hadoop-ozone/ozonefs/target/test-dir/MiniOzoneClusterImpl-8b6a8972-8eda-4f33-b3cf-a560ba2c5b87/datanode-3/data/ratis/c5428413-9ec3-4915-a23e-454585379c8d does not exist. Creating ...
2019-09-26 13:29:13,871 [pool-57-thread-1] INFO  storage.RaftStorageDirectory (RaftStorageDirectory.java:tryLock(328)) - Lock on /workdir/hadoop-ozone/ozonefs/target/test-dir/MiniOzoneClusterImpl-8b6a8972-8eda-4f33-b3cf-a560ba2c5b87/datanode-3/data/ratis/c5428413-9ec3-4915-a23e-454585379c8d/in_use.lock acquired by nodename 6686@pr-hdds-1569-87zkn-1081879488
2019-09-26 13:29:13,873 [pool-57-thread-1] INFO  storage.RaftStorage (RaftStorage.java:format(72)) - Storage directory /workdir/hadoop-ozone/ozonefs/target/test-dir/MiniOzoneClusterImpl-8b6a8972-8eda-4f33-b3cf-a560ba2c5b87/datanode-3/data/ratis/c5428413-9ec3-4915-a23e-454585379c8d has been successfully formatted.
2019-09-26 13:29:13,874 [pool-57-thread-1] INFO  ratis.ContainerStateMachine (ContainerStateMachine.java:loadSnapshot(230)) - group-454585379C8D: The snapshot info is null. Setting the last applied indexto:(t:0, i:~)
2019-09-26 13:29:13,874 [pool-57-thread-1] INFO  server.RaftServerConfigKeys (ConfUtils.java:logGet(43)) - raft.server.notification.no-leader.timeout = 120s (custom)
2019-09-26 13:29:13,874 [pool-57-thread-1] INFO  server.RaftServerConfigKeys (ConfUtils.java:logGet(43)) - raft.server.log.use.memory = false (default)
2019-09-26 13:29:13,874 [pool-57-thread-1] INFO  server.RaftServerConfigKeys (ConfUtils.java:logGet(43)) - raft.server.log.purge.gap = 1000000 (custom)
2019-09-26 13:29:13,874 [pool-57-thread-1] INFO  server.RaftServerConfigKeys (ConfUtils.java:logGet(43)) - raft.server.log.appender.buffer.byte-limit = 33554432 (custom)
2019-09-26 13:29:13,874 [pool-57-thread-1] INFO  server.RaftServerConfigKeys (ConfUtils.java:logGet(43)) - raft.server.log.segment.size.max = 1048576 (custom)
2019-09-26 13:29:13,874 [pool-57-thread-1] INFO  server.RaftServerConfigKeys (ConfUtils.java:logGet(43)) - raft.server.log.segment.cache.num.max = 2 (custom)
2019-09-26 13:29:13,875 [pool-57-thread-1] INFO  segmented.SegmentedRaftLogWorker (SegmentedRaftLogWorker.java:<init>(172)) - new 6bbb30bf-68fb-49c7-a700-39ca06a4595f@group-454585379C8D-SegmentedRaftLogWorker for RaftStorage:Storage Directory /workdir/hadoop-ozone/ozonefs/target/test-dir/MiniOzoneClusterImpl-8b6a8972-8eda-4f33-b3cf-a560ba2c5b87/datanode-3/data/ratis/c5428413-9ec3-4915-a23e-454585379c8d
2019-09-26 13:29:13,877 [pool-57-thread-1] INFO  server.RaftServerConfigKeys (ConfUtils.java:logGet(43)) - raft.server.log.queue.byte-limit = 2147483647 (custom)
2019-09-26 13:29:13,877 [pool-57-thread-1] INFO  server.RaftServerConfigKeys (ConfUtils.java:logGet(43)) - raft.server.log.queue.element-limit = 1024 (custom)
2019-09-26 13:29:13,877 [pool-57-thread-1] INFO  server.RaftServerConfigKeys (ConfUtils.java:logGet(43)) - raft.server.log.segment.size.max = 1048576 (custom)
2019-09-26 13:29:13,877 [pool-57-thread-1] INFO  server.RaftServerConfigKeys (ConfUtils.java:logGet(43)) - raft.server.log.preallocated.size = 16384 (custom)
2019-09-26 13:29:13,877 [pool-57-thread-1] INFO  server.RaftServerConfigKeys (ConfUtils.java:logGet(43)) - raft.server.log.write.buffer.size = 33554432 (custom)
2019-09-26 13:29:13,877 [pool-57-thread-1] INFO  server.RaftServerConfigKeys (ConfUtils.java:logGet(43)) - raft.server.log.force.sync.num = 128 (default)
2019-09-26 13:29:13,877 [pool-57-thread-1] INFO  server.RaftServerConfigKeys (ConfUtils.java:logGet(43)) - raft.server.log.statemachine.data.sync = true (default)
2019-09-26 13:29:13,877 [pool-57-thread-1] INFO  server.RaftServerConfigKeys (ConfUtils.java:logGet(43)) - raft.server.log.statemachine.data.sync.timeout = 10s (default)
2019-09-26 13:29:13,877 [pool-57-thread-1] INFO  server.RaftServerConfigKeys (ConfUtils.java:logGet(43)) - raft.server.log.statemachine.data.sync.timeout.retry = -1 (default)
2019-09-26 13:29:13,878 [pool-57-thread-1] INFO  server.RaftServerConfigKeys (ConfUtils.java:logGet(43)) - raft.server.log.statemachine.data.caching.enabled = true (custom)
2019-09-26 13:29:13,878 [pool-57-thread-1] INFO  segmented.SegmentedRaftLogWorker (SegmentedRaftLogWorker.java:lambda$new$0(132)) - 6bbb30bf-68fb-49c7-a700-39ca06a4595f@group-454585379C8D-SegmentedRaftLogWorker: flushIndex: setUnconditionally 0 -> -1
2019-09-26 13:29:13,878 [pool-57-thread-1] INFO  server.RaftServerConfigKeys (ConfUtils.java:logGet(43)) - raft.server.snapshot.auto.trigger.enabled = true (custom)
2019-09-26 13:29:13,878 [pool-57-thread-1] INFO  server.RaftServerConfigKeys (ConfUtils.java:logGet(43)) - raft.server.snapshot.auto.trigger.threshold = 10000 (custom)
2019-09-26 13:29:13,878 [pool-57-thread-1] INFO  server.RaftServerConfigKeys (ConfUtils.java:logGet(43)) - raft.server.snapshot.retention.num.files = 5 (custom)
2019-09-26 13:29:13,878 [pool-57-thread-1] INFO  server.RaftServerConfigKeys (ConfUtils.java:logGet(43)) - raft.server.retrycache.expirytime = 600000ms (custom)
2019-09-26 13:29:13,880 [pool-57-thread-1] INFO  impl.RaftServerImpl (RaftServerImpl.java:start(185)) - 6bbb30bf-68fb-49c7-a700-39ca06a4595f@group-454585379C8D: start as a follower, conf=-1: [6bbb30bf-68fb-49c7-a700-39ca06a4595f:192.168.164.238:44498], old=null
2019-09-26 13:29:13,880 [pool-57-thread-1] INFO  impl.RaftServerImpl (RaftServerImpl.java:setRole(174)) - 6bbb30bf-68fb-49c7-a700-39ca06a4595f@group-454585379C8D: changes role from      null to FOLLOWER at term 0 for startAsFollower
2019-09-26 13:29:13,880 [pool-57-thread-1] INFO  impl.RoleInfo (RoleInfo.java:updateAndGet(143)) - 6bbb30bf-68fb-49c7-a700-39ca06a4595f: start FollowerState
2019-09-26 13:29:13,881 [pool-57-thread-1] INFO  util.JmxRegister (JmxRegister.java:tryRegister(44)) - Successfully registered JMX Bean with object name Ratis:service=RaftServer,group=group-454585379C8D,id=6bbb30bf-68fb-49c7-a700-39ca06a4595f
2019-09-26 13:29:13,895 [RatisPipelineUtilsThread] INFO  pipeline.PipelineStateManager (PipelineStateManager.java:addPipeline(56)) - Created pipeline Pipeline[ Id: c5428413-9ec3-4915-a23e-454585379c8d, Nodes: 6bbb30bf-68fb-49c7-a700-39ca06a4595f{ip: 192.168.164.238, host: pr-hdds-1569-87zkn-1081879488, networkLocation: /default-rack, certSerialId: null}, Type:RATIS, Factor:ONE, State:OPEN]
2019-09-26 13:29:13,906 [grpc-default-executor-0] INFO  impl.RaftServerProxy (RaftServerProxy.java:addNew(89)) - 6bbb30bf-68fb-49c7-a700-39ca06a4595f: addNew group-2E05E396A487:[6bbb30bf-68fb-49c7-a700-39ca06a4595f:192.168.164.238:44498] returns group-2E05E396A487:java.util.concurrent.CompletableFuture@27ac339b[Not completed]
2019-09-26 13:29:13,906 [pool-57-thread-1] INFO  impl.RaftServerImpl (RaftServerImpl.java:<init>(95)) - 6bbb30bf-68fb-49c7-a700-39ca06a4595f: new RaftServerImpl for group-2E05E396A487:[6bbb30bf-68fb-49c7-a700-39ca06a4595f:192.168.164.238:44498] with ContainerStateMachine:uninitialized
2019-09-26 13:29:13,907 [pool-57-thread-1] INFO  server.RaftServerConfigKeys (ConfUtils.java:logGet(43)) - raft.server.rpc.timeout.min = 5s (custom)
2019-09-26 13:29:13,907 [pool-57-thread-1] INFO  server.RaftServerConfigKeys (ConfUtils.java:logGet(43)) - raft.server.rpc.timeout.max = 5200ms (custom)
2019-09-26 13:29:13,907 [pool-57-thread-1] INFO  server.RaftServerConfigKeys (ConfUtils.java:logGet(43)) - raft.server.rpcslowness.timeout = 120s (custom)
2019-09-26 13:29:13,907 [pool-57-thread-1] INFO  server.RaftServerConfigKeys (ConfUtils.java:logGet(43)) - raft.server.sleep.deviation.threshold = 300 (default)
2019-09-26 13:29:13,907 [pool-57-thread-1] INFO  server.RaftServerConfigKeys (ConfUtils.java:logGet(43)) - raft.server.log.appender.install.snapshot.enabled = false (custom)
2019-09-26 13:29:13,907 [pool-57-thread-1] INFO  impl.RaftServerImpl (ServerState.java:<init>(103)) - 6bbb30bf-68fb-49c7-a700-39ca06a4595f@group-2E05E396A487: ConfigurationManager, init=-1: [6bbb30bf-68fb-49c7-a700-39ca06a4595f:192.168.164.238:44498], old=null, confs=<EMPTY_MAP>
2019-09-26 13:29:13,907 [pool-57-thread-1] INFO  server.RaftServerConfigKeys (ConfUtils.java:logGet(43)) - raft.server.storage.dir = [/workdir/hadoop-ozone/ozonefs/target/test-dir/MiniOzoneClusterImpl-8b6a8972-8eda-4f33-b3cf-a560ba2c5b87/datanode-3/data/ratis] (custom)
2019-09-26 13:29:13,908 [pool-57-thread-1] INFO  storage.RaftStorageDirectory (RaftStorageDirectory.java:analyzeStorage(246)) - The storage directory /workdir/hadoop-ozone/ozonefs/target/test-dir/MiniOzoneClusterImpl-8b6a8972-8eda-4f33-b3cf-a560ba2c5b87/datanode-3/data/ratis/2f6d67fe-6639-4525-992c-2e05e396a487 does not exist. Creating ...
2019-09-26 13:29:13,949 [pool-57-thread-1] INFO  storage.RaftStorageDirectory (RaftStorageDirectory.java:tryLock(328)) - Lock on /workdir/hadoop-ozone/ozonefs/target/test-dir/MiniOzoneClusterImpl-8b6a8972-8eda-4f33-b3cf-a560ba2c5b87/datanode-3/data/ratis/2f6d67fe-6639-4525-992c-2e05e396a487/in_use.lock acquired by nodename 6686@pr-hdds-1569-87zkn-1081879488
2019-09-26 13:29:13,965 [pool-57-thread-1] INFO  storage.RaftStorage (RaftStorage.java:format(72)) - Storage directory /workdir/hadoop-ozone/ozonefs/target/test-dir/MiniOzoneClusterImpl-8b6a8972-8eda-4f33-b3cf-a560ba2c5b87/datanode-3/data/ratis/2f6d67fe-6639-4525-992c-2e05e396a487 has been successfully formatted.
2019-09-26 13:29:13,966 [pool-57-thread-1] INFO  ratis.ContainerStateMachine (ContainerStateMachine.java:loadSnapshot(230)) - group-2E05E396A487: The snapshot info is null. Setting the last applied indexto:(t:0, i:~)
2019-09-26 13:29:13,966 [pool-57-thread-1] INFO  server.RaftServerConfigKeys (ConfUtils.java:logGet(43)) - raft.server.notification.no-leader.timeout = 120s (custom)
2019-09-26 13:29:13,966 [pool-57-thread-1] INFO  server.RaftServerConfigKeys (ConfUtils.java:logGet(43)) - raft.server.log.use.memory = false (default)
2019-09-26 13:29:13,967 [pool-57-thread-1] INFO  server.RaftServerConfigKeys (ConfUtils.java:logGet(43)) - raft.server.log.purge.gap = 1000000 (custom)
2019-09-26 13:29:13,967 [pool-57-thread-1] INFO  server.RaftServerConfigKeys (ConfUtils.java:logGet(43)) - raft.server.log.appender.buffer.byte-limit = 33554432 (custom)
2019-09-26 13:29:13,967 [pool-57-thread-1] INFO  server.RaftServerConfigKeys (ConfUtils.java:logGet(43)) - raft.server.log.segment.size.max = 1048576 (custom)
2019-09-26 13:29:13,967 [pool-57-thread-1] INFO  server.RaftServerConfigKeys (ConfUtils.java:logGet(43)) - raft.server.log.segment.cache.num.max = 2 (custom)
2019-09-26 13:29:13,967 [pool-57-thread-1] INFO  segmented.SegmentedRaftLogWorker (SegmentedRaftLogWorker.java:<init>(172)) - new 6bbb30bf-68fb-49c7-a700-39ca06a4595f@group-2E05E396A487-SegmentedRaftLogWorker for RaftStorage:Storage Directory /workdir/hadoop-ozone/ozonefs/target/test-dir/MiniOzoneClusterImpl-8b6a8972-8eda-4f33-b3cf-a560ba2c5b87/datanode-3/data/ratis/2f6d67fe-6639-4525-992c-2e05e396a487
2019-09-26 13:29:13,967 [pool-57-thread-1] INFO  server.RaftServerConfigKeys (ConfUtils.java:logGet(43)) - raft.server.log.queue.byte-limit = 2147483647 (custom)
2019-09-26 13:29:13,970 [pool-57-thread-1] INFO  server.RaftServerConfigKeys (ConfUtils.java:logGet(43)) - raft.server.log.queue.element-limit = 1024 (custom)
2019-09-26 13:29:13,970 [pool-57-thread-1] INFO  server.RaftServerConfigKeys (ConfUtils.java:logGet(43)) - raft.server.log.segment.size.max = 1048576 (custom)
2019-09-26 13:29:13,970 [pool-57-thread-1] INFO  server.RaftServerConfigKeys (ConfUtils.java:logGet(43)) - raft.server.log.preallocated.size = 16384 (custom)
2019-09-26 13:29:13,971 [pool-57-thread-1] INFO  server.RaftServerConfigKeys (ConfUtils.java:logGet(43)) - raft.server.log.write.buffer.size = 33554432 (custom)
2019-09-26 13:29:13,971 [pool-57-thread-1] INFO  server.RaftServerConfigKeys (ConfUtils.java:logGet(43)) - raft.server.log.force.sync.num = 128 (default)
2019-09-26 13:29:13,971 [pool-57-thread-1] INFO  server.RaftServerConfigKeys (ConfUtils.java:logGet(43)) - raft.server.log.statemachine.data.sync = true (default)
2019-09-26 13:29:13,971 [pool-57-thread-1] INFO  server.RaftServerConfigKeys (ConfUtils.java:logGet(43)) - raft.server.log.statemachine.data.sync.timeout = 10s (default)
2019-09-26 13:29:13,971 [pool-57-thread-1] INFO  server.RaftServerConfigKeys (ConfUtils.java:logGet(43)) - raft.server.log.statemachine.data.sync.timeout.retry = -1 (default)
2019-09-26 13:29:13,971 [pool-57-thread-1] INFO  server.RaftServerConfigKeys (ConfUtils.java:logGet(43)) - raft.server.log.statemachine.data.caching.enabled = true (custom)
2019-09-26 13:29:13,972 [pool-57-thread-1] INFO  segmented.SegmentedRaftLogWorker (SegmentedRaftLogWorker.java:lambda$new$0(132)) - 6bbb30bf-68fb-49c7-a700-39ca06a4595f@group-2E05E396A487-SegmentedRaftLogWorker: flushIndex: setUnconditionally 0 -> -1
2019-09-26 13:29:13,972 [pool-57-thread-1] INFO  server.RaftServerConfigKeys (ConfUtils.java:logGet(43)) - raft.server.snapshot.auto.trigger.enabled = true (custom)
2019-09-26 13:29:13,972 [pool-57-thread-1] INFO  server.RaftServerConfigKeys (ConfUtils.java:logGet(43)) - raft.server.snapshot.auto.trigger.threshold = 10000 (custom)
2019-09-26 13:29:13,972 [pool-57-thread-1] INFO  server.RaftServerConfigKeys (ConfUtils.java:logGet(43)) - raft.server.snapshot.retention.num.files = 5 (custom)
2019-09-26 13:29:13,972 [pool-57-thread-1] INFO  server.RaftServerConfigKeys (ConfUtils.java:logGet(43)) - raft.server.retrycache.expirytime = 600000ms (custom)
2019-09-26 13:29:13,975 [pool-57-thread-1] INFO  impl.RaftServerImpl (RaftServerImpl.java:start(185)) - 6bbb30bf-68fb-49c7-a700-39ca06a4595f@group-2E05E396A487: start as a follower, conf=-1: [6bbb30bf-68fb-49c7-a700-39ca06a4595f:192.168.164.238:44498], old=null
2019-09-26 13:29:13,975 [pool-57-thread-1] INFO  impl.RaftServerImpl (RaftServerImpl.java:setRole(174)) - 6bbb30bf-68fb-49c7-a700-39ca06a4595f@group-2E05E396A487: changes role from      null to FOLLOWER at term 0 for startAsFollower
2019-09-26 13:29:13,975 [pool-57-thread-1] INFO  impl.RoleInfo (RoleInfo.java:updateAndGet(143)) - 6bbb30bf-68fb-49c7-a700-39ca06a4595f: start FollowerState
2019-09-26 13:29:13,976 [pool-57-thread-1] INFO  util.JmxRegister (JmxRegister.java:tryRegister(44)) - Successfully registered JMX Bean with object name Ratis:service=RaftServer,group=group-2E05E396A487,id=6bbb30bf-68fb-49c7-a700-39ca06a4595f
2019-09-26 13:29:13,989 [RatisPipelineUtilsThread] INFO  pipeline.PipelineStateManager (PipelineStateManager.java:addPipeline(56)) - Created pipeline Pipeline[ Id: 2f6d67fe-6639-4525-992c-2e05e396a487, Nodes: 6bbb30bf-68fb-49c7-a700-39ca06a4595f{ip: 192.168.164.238, host: pr-hdds-1569-87zkn-1081879488, networkLocation: /default-rack, certSerialId: null}, Type:RATIS, Factor:ONE, State:OPEN]
2019-09-26 13:29:14,001 [grpc-default-executor-0] INFO  impl.RaftServerProxy (RaftServerProxy.java:addNew(89)) - 921dbd79-5e7d-43e7-a946-6392aa4a26bd: addNew group-2BA9B3A53A3B:[921dbd79-5e7d-43e7-a946-6392aa4a26bd:192.168.164.238:34388] returns group-2BA9B3A53A3B:java.util.concurrent.CompletableFuture@1811f122[Not completed]
2019-09-26 13:29:14,002 [pool-37-thread-1] INFO  impl.RaftServerImpl (RaftServerImpl.java:<init>(95)) - 921dbd79-5e7d-43e7-a946-6392aa4a26bd: new RaftServerImpl for group-2BA9B3A53A3B:[921dbd79-5e7d-43e7-a946-6392aa4a26bd:192.168.164.238:34388] with ContainerStateMachine:uninitialized
2019-09-26 13:29:14,002 [pool-37-thread-1] INFO  server.RaftServerConfigKeys (ConfUtils.java:logGet(43)) - raft.server.rpc.timeout.min = 5s (custom)
2019-09-26 13:29:14,002 [pool-37-thread-1] INFO  server.RaftServerConfigKeys (ConfUtils.java:logGet(43)) - raft.server.rpc.timeout.max = 5200ms (custom)
2019-09-26 13:29:14,002 [pool-37-thread-1] INFO  server.RaftServerConfigKeys (ConfUtils.java:logGet(43)) - raft.server.rpcslowness.timeout = 120s (custom)
2019-09-26 13:29:14,003 [pool-37-thread-1] INFO  server.RaftServerConfigKeys (ConfUtils.java:logGet(43)) - raft.server.sleep.deviation.threshold = 300 (default)
2019-09-26 13:29:14,003 [pool-37-thread-1] INFO  server.RaftServerConfigKeys (ConfUtils.java:logGet(43)) - raft.server.log.appender.install.snapshot.enabled = false (custom)
2019-09-26 13:29:14,003 [pool-37-thread-1] INFO  impl.RaftServerImpl (ServerState.java:<init>(103)) - 921dbd79-5e7d-43e7-a946-6392aa4a26bd@group-2BA9B3A53A3B: ConfigurationManager, init=-1: [921dbd79-5e7d-43e7-a946-6392aa4a26bd:192.168.164.238:34388], old=null, confs=<EMPTY_MAP>
2019-09-26 13:29:14,003 [pool-37-thread-1] INFO  server.RaftServerConfigKeys (ConfUtils.java:logGet(43)) - raft.server.storage.dir = [/workdir/hadoop-ozone/ozonefs/target/test-dir/MiniOzoneClusterImpl-8b6a8972-8eda-4f33-b3cf-a560ba2c5b87/datanode-1/data/ratis] (custom)
2019-09-26 13:29:14,003 [pool-37-thread-1] INFO  storage.RaftStorageDirectory (RaftStorageDirectory.java:analyzeStorage(246)) - The storage directory /workdir/hadoop-ozone/ozonefs/target/test-dir/MiniOzoneClusterImpl-8b6a8972-8eda-4f33-b3cf-a560ba2c5b87/datanode-1/data/ratis/dcfab113-54d6-4c6b-be1c-2ba9b3a53a3b does not exist. Creating ...
2019-09-26 13:29:14,022 [pool-37-thread-1] INFO  storage.RaftStorageDirectory (RaftStorageDirectory.java:tryLock(328)) - Lock on /workdir/hadoop-ozone/ozonefs/target/test-dir/MiniOzoneClusterImpl-8b6a8972-8eda-4f33-b3cf-a560ba2c5b87/datanode-1/data/ratis/dcfab113-54d6-4c6b-be1c-2ba9b3a53a3b/in_use.lock acquired by nodename 6686@pr-hdds-1569-87zkn-1081879488
2019-09-26 13:29:14,051 [pool-37-thread-1] INFO  storage.RaftStorage (RaftStorage.java:format(72)) - Storage directory /workdir/hadoop-ozone/ozonefs/target/test-dir/MiniOzoneClusterImpl-8b6a8972-8eda-4f33-b3cf-a560ba2c5b87/datanode-1/data/ratis/dcfab113-54d6-4c6b-be1c-2ba9b3a53a3b has been successfully formatted.
2019-09-26 13:29:14,052 [pool-37-thread-1] INFO  ratis.ContainerStateMachine (ContainerStateMachine.java:loadSnapshot(230)) - group-2BA9B3A53A3B: The snapshot info is null. Setting the last applied indexto:(t:0, i:~)
2019-09-26 13:29:14,052 [pool-37-thread-1] INFO  server.RaftServerConfigKeys (ConfUtils.java:logGet(43)) - raft.server.notification.no-leader.timeout = 120s (custom)
2019-09-26 13:29:14,052 [pool-37-thread-1] INFO  server.RaftServerConfigKeys (ConfUtils.java:logGet(43)) - raft.server.log.use.memory = false (default)
2019-09-26 13:29:14,052 [pool-37-thread-1] INFO  server.RaftServerConfigKeys (ConfUtils.java:logGet(43)) - raft.server.log.purge.gap = 1000000 (custom)
2019-09-26 13:29:14,053 [pool-37-thread-1] INFO  server.RaftServerConfigKeys (ConfUtils.java:logGet(43)) - raft.server.log.appender.buffer.byte-limit = 33554432 (custom)
2019-09-26 13:29:14,053 [pool-37-thread-1] INFO  server.RaftServerConfigKeys (ConfUtils.java:logGet(43)) - raft.server.log.segment.size.max = 1048576 (custom)
2019-09-26 13:29:14,053 [pool-37-thread-1] INFO  server.RaftServerConfigKeys (ConfUtils.java:logGet(43)) - raft.server.log.segment.cache.num.max = 2 (custom)
2019-09-26 13:29:14,053 [pool-37-thread-1] INFO  segmented.SegmentedRaftLogWorker (SegmentedRaftLogWorker.java:<init>(172)) - new 921dbd79-5e7d-43e7-a946-6392aa4a26bd@group-2BA9B3A53A3B-SegmentedRaftLogWorker for RaftStorage:Storage Directory /workdir/hadoop-ozone/ozonefs/target/test-dir/MiniOzoneClusterImpl-8b6a8972-8eda-4f33-b3cf-a560ba2c5b87/datanode-1/data/ratis/dcfab113-54d6-4c6b-be1c-2ba9b3a53a3b
2019-09-26 13:29:14,053 [pool-37-thread-1] INFO  server.RaftServerConfigKeys (ConfUtils.java:logGet(43)) - raft.server.log.queue.byte-limit = 2147483647 (custom)
2019-09-26 13:29:14,053 [pool-37-thread-1] INFO  server.RaftServerConfigKeys (ConfUtils.java:logGet(43)) - raft.server.log.queue.element-limit = 1024 (custom)
2019-09-26 13:29:14,054 [pool-37-thread-1] INFO  server.RaftServerConfigKeys (ConfUtils.java:logGet(43)) - raft.server.log.segment.size.max = 1048576 (custom)
2019-09-26 13:29:14,054 [pool-37-thread-1] INFO  server.RaftServerConfigKeys (ConfUtils.java:logGet(43)) - raft.server.log.preallocated.size = 16384 (custom)
2019-09-26 13:29:14,054 [pool-37-thread-1] INFO  server.RaftServerConfigKeys (ConfUtils.java:logGet(43)) - raft.server.log.write.buffer.size = 33554432 (custom)
2019-09-26 13:29:14,054 [pool-37-thread-1] INFO  server.RaftServerConfigKeys (ConfUtils.java:logGet(43)) - raft.server.log.force.sync.num = 128 (default)
2019-09-26 13:29:14,054 [pool-37-thread-1] INFO  server.RaftServerConfigKeys (ConfUtils.java:logGet(43)) - raft.server.log.statemachine.data.sync = true (default)
2019-09-26 13:29:14,054 [pool-37-thread-1] INFO  server.RaftServerConfigKeys (ConfUtils.java:logGet(43)) - raft.server.log.statemachine.data.sync.timeout = 10s (default)
2019-09-26 13:29:14,054 [pool-37-thread-1] INFO  server.RaftServerConfigKeys (ConfUtils.java:logGet(43)) - raft.server.log.statemachine.data.sync.timeout.retry = -1 (default)
2019-09-26 13:29:14,055 [pool-37-thread-1] INFO  server.RaftServerConfigKeys (ConfUtils.java:logGet(43)) - raft.server.log.statemachine.data.caching.enabled = true (custom)
2019-09-26 13:29:14,055 [pool-37-thread-1] INFO  segmented.SegmentedRaftLogWorker (SegmentedRaftLogWorker.java:lambda$new$0(132)) - 921dbd79-5e7d-43e7-a946-6392aa4a26bd@group-2BA9B3A53A3B-SegmentedRaftLogWorker: flushIndex: setUnconditionally 0 -> -1
2019-09-26 13:29:14,055 [pool-37-thread-1] INFO  server.RaftServerConfigKeys (ConfUtils.java:logGet(43)) - raft.server.snapshot.auto.trigger.enabled = true (custom)
2019-09-26 13:29:14,056 [pool-37-thread-1] INFO  server.RaftServerConfigKeys (ConfUtils.java:logGet(43)) - raft.server.snapshot.auto.trigger.threshold = 10000 (custom)
2019-09-26 13:29:14,056 [pool-37-thread-1] INFO  server.RaftServerConfigKeys (ConfUtils.java:logGet(43)) - raft.server.snapshot.retention.num.files = 5 (custom)
2019-09-26 13:29:14,056 [pool-37-thread-1] INFO  server.RaftServerConfigKeys (ConfUtils.java:logGet(43)) - raft.server.retrycache.expirytime = 600000ms (custom)
2019-09-26 13:29:14,059 [pool-37-thread-1] INFO  impl.RaftServerImpl (RaftServerImpl.java:start(185)) - 921dbd79-5e7d-43e7-a946-6392aa4a26bd@group-2BA9B3A53A3B: start as a follower, conf=-1: [921dbd79-5e7d-43e7-a946-6392aa4a26bd:192.168.164.238:34388], old=null
2019-09-26 13:29:14,059 [pool-37-thread-1] INFO  impl.RaftServerImpl (RaftServerImpl.java:setRole(174)) - 921dbd79-5e7d-43e7-a946-6392aa4a26bd@group-2BA9B3A53A3B: changes role from      null to FOLLOWER at term 0 for startAsFollower
2019-09-26 13:29:14,059 [pool-37-thread-1] INFO  impl.RoleInfo (RoleInfo.java:updateAndGet(143)) - 921dbd79-5e7d-43e7-a946-6392aa4a26bd: start FollowerState
2019-09-26 13:29:14,059 [pool-37-thread-1] INFO  util.JmxRegister (JmxRegister.java:tryRegister(44)) - Successfully registered JMX Bean with object name Ratis:service=RaftServer,group=group-2BA9B3A53A3B,id=921dbd79-5e7d-43e7-a946-6392aa4a26bd
2019-09-26 13:29:14,074 [RatisPipelineUtilsThread] INFO  pipeline.PipelineStateManager (PipelineStateManager.java:addPipeline(56)) - Created pipeline Pipeline[ Id: dcfab113-54d6-4c6b-be1c-2ba9b3a53a3b, Nodes: 921dbd79-5e7d-43e7-a946-6392aa4a26bd{ip: 192.168.164.238, host: pr-hdds-1569-87zkn-1081879488, networkLocation: /default-rack, certSerialId: null}, Type:RATIS, Factor:ONE, State:OPEN]
2019-09-26 13:29:14,088 [grpc-default-executor-0] INFO  impl.RaftServerProxy (RaftServerProxy.java:addNew(89)) - 84fdec62-d817-45bb-98fc-971264b4d85b: addNew group-6BEFA130DB60:[84fdec62-d817-45bb-98fc-971264b4d85b:192.168.164.238:44616] returns group-6BEFA130DB60:java.util.concurrent.CompletableFuture@3e734a69[Not completed]
2019-09-26 13:29:14,093 [pool-47-thread-1] INFO  impl.RaftServerImpl (RaftServerImpl.java:<init>(95)) - 84fdec62-d817-45bb-98fc-971264b4d85b: new RaftServerImpl for group-6BEFA130DB60:[84fdec62-d817-45bb-98fc-971264b4d85b:192.168.164.238:44616] with ContainerStateMachine:uninitialized
2019-09-26 13:29:14,093 [pool-47-thread-1] INFO  server.RaftServerConfigKeys (ConfUtils.java:logGet(43)) - raft.server.rpc.timeout.min = 5s (custom)
2019-09-26 13:29:14,093 [pool-47-thread-1] INFO  server.RaftServerConfigKeys (ConfUtils.java:logGet(43)) - raft.server.rpc.timeout.max = 5200ms (custom)
2019-09-26 13:29:14,094 [pool-47-thread-1] INFO  server.RaftServerConfigKeys (ConfUtils.java:logGet(43)) - raft.server.rpcslowness.timeout = 120s (custom)
2019-09-26 13:29:14,094 [pool-47-thread-1] INFO  server.RaftServerConfigKeys (ConfUtils.java:logGet(43)) - raft.server.sleep.deviation.threshold = 300 (default)
2019-09-26 13:29:14,094 [pool-47-thread-1] INFO  server.RaftServerConfigKeys (ConfUtils.java:logGet(43)) - raft.server.log.appender.install.snapshot.enabled = false (custom)
2019-09-26 13:29:14,094 [pool-47-thread-1] INFO  impl.RaftServerImpl (ServerState.java:<init>(103)) - 84fdec62-d817-45bb-98fc-971264b4d85b@group-6BEFA130DB60: ConfigurationManager, init=-1: [84fdec62-d817-45bb-98fc-971264b4d85b:192.168.164.238:44616], old=null, confs=<EMPTY_MAP>
2019-09-26 13:29:14,094 [pool-47-thread-1] INFO  server.RaftServerConfigKeys (ConfUtils.java:logGet(43)) - raft.server.storage.dir = [/workdir/hadoop-ozone/ozonefs/target/test-dir/MiniOzoneClusterImpl-8b6a8972-8eda-4f33-b3cf-a560ba2c5b87/datanode-2/data/ratis] (custom)
2019-09-26 13:29:14,095 [pool-47-thread-1] INFO  storage.RaftStorageDirectory (RaftStorageDirectory.java:analyzeStorage(246)) - The storage directory /workdir/hadoop-ozone/ozonefs/target/test-dir/MiniOzoneClusterImpl-8b6a8972-8eda-4f33-b3cf-a560ba2c5b87/datanode-2/data/ratis/d0bf46b8-555e-412c-ae77-6befa130db60 does not exist. Creating ...
2019-09-26 13:29:14,101 [pool-47-thread-1] INFO  storage.RaftStorageDirectory (RaftStorageDirectory.java:tryLock(328)) - Lock on /workdir/hadoop-ozone/ozonefs/target/test-dir/MiniOzoneClusterImpl-8b6a8972-8eda-4f33-b3cf-a560ba2c5b87/datanode-2/data/ratis/d0bf46b8-555e-412c-ae77-6befa130db60/in_use.lock acquired by nodename 6686@pr-hdds-1569-87zkn-1081879488
2019-09-26 13:29:14,108 [pool-47-thread-1] INFO  storage.RaftStorage (RaftStorage.java:format(72)) - Storage directory /workdir/hadoop-ozone/ozonefs/target/test-dir/MiniOzoneClusterImpl-8b6a8972-8eda-4f33-b3cf-a560ba2c5b87/datanode-2/data/ratis/d0bf46b8-555e-412c-ae77-6befa130db60 has been successfully formatted.
2019-09-26 13:29:14,108 [pool-47-thread-1] INFO  ratis.ContainerStateMachine (ContainerStateMachine.java:loadSnapshot(230)) - group-6BEFA130DB60: The snapshot info is null. Setting the last applied indexto:(t:0, i:~)
2019-09-26 13:29:14,108 [pool-47-thread-1] INFO  server.RaftServerConfigKeys (ConfUtils.java:logGet(43)) - raft.server.notification.no-leader.timeout = 120s (custom)
2019-09-26 13:29:14,108 [pool-47-thread-1] INFO  server.RaftServerConfigKeys (ConfUtils.java:logGet(43)) - raft.server.log.use.memory = false (default)
2019-09-26 13:29:14,109 [pool-47-thread-1] INFO  server.RaftServerConfigKeys (ConfUtils.java:logGet(43)) - raft.server.log.purge.gap = 1000000 (custom)
2019-09-26 13:29:14,109 [pool-47-thread-1] INFO  server.RaftServerConfigKeys (ConfUtils.java:logGet(43)) - raft.server.log.appender.buffer.byte-limit = 33554432 (custom)
2019-09-26 13:29:14,109 [pool-47-thread-1] INFO  server.RaftServerConfigKeys (ConfUtils.java:logGet(43)) - raft.server.log.segment.size.max = 1048576 (custom)
2019-09-26 13:29:14,109 [pool-47-thread-1] INFO  server.RaftServerConfigKeys (ConfUtils.java:logGet(43)) - raft.server.log.segment.cache.num.max = 2 (custom)
2019-09-26 13:29:14,109 [pool-47-thread-1] INFO  segmented.SegmentedRaftLogWorker (SegmentedRaftLogWorker.java:<init>(172)) - new 84fdec62-d817-45bb-98fc-971264b4d85b@group-6BEFA130DB60-SegmentedRaftLogWorker for RaftStorage:Storage Directory /workdir/hadoop-ozone/ozonefs/target/test-dir/MiniOzoneClusterImpl-8b6a8972-8eda-4f33-b3cf-a560ba2c5b87/datanode-2/data/ratis/d0bf46b8-555e-412c-ae77-6befa130db60
2019-09-26 13:29:14,111 [pool-47-thread-1] INFO  server.RaftServerConfigKeys (ConfUtils.java:logGet(43)) - raft.server.log.queue.byte-limit = 2147483647 (custom)
2019-09-26 13:29:14,111 [pool-47-thread-1] INFO  server.RaftServerConfigKeys (ConfUtils.java:logGet(43)) - raft.server.log.queue.element-limit = 1024 (custom)
2019-09-26 13:29:14,111 [pool-47-thread-1] INFO  server.RaftServerConfigKeys (ConfUtils.java:logGet(43)) - raft.server.log.segment.size.max = 1048576 (custom)
2019-09-26 13:29:14,112 [pool-47-thread-1] INFO  server.RaftServerConfigKeys (ConfUtils.java:logGet(43)) - raft.server.log.preallocated.size = 16384 (custom)
2019-09-26 13:29:14,112 [pool-47-thread-1] INFO  server.RaftServerConfigKeys (ConfUtils.java:logGet(43)) - raft.server.log.write.buffer.size = 33554432 (custom)
2019-09-26 13:29:14,112 [pool-47-thread-1] INFO  server.RaftServerConfigKeys (ConfUtils.java:logGet(43)) - raft.server.log.force.sync.num = 128 (default)
2019-09-26 13:29:14,112 [pool-47-thread-1] INFO  server.RaftServerConfigKeys (ConfUtils.java:logGet(43)) - raft.server.log.statemachine.data.sync = true (default)
2019-09-26 13:29:14,112 [pool-47-thread-1] INFO  server.RaftServerConfigKeys (ConfUtils.java:logGet(43)) - raft.server.log.statemachine.data.sync.timeout = 10s (default)
2019-09-26 13:29:14,112 [pool-47-thread-1] INFO  server.RaftServerConfigKeys (ConfUtils.java:logGet(43)) - raft.server.log.statemachine.data.sync.timeout.retry = -1 (default)
2019-09-26 13:29:14,115 [pool-47-thread-1] INFO  server.RaftServerConfigKeys (ConfUtils.java:logGet(43)) - raft.server.log.statemachine.data.caching.enabled = true (custom)
2019-09-26 13:29:14,115 [pool-47-thread-1] INFO  segmented.SegmentedRaftLogWorker (SegmentedRaftLogWorker.java:lambda$new$0(132)) - 84fdec62-d817-45bb-98fc-971264b4d85b@group-6BEFA130DB60-SegmentedRaftLogWorker: flushIndex: setUnconditionally 0 -> -1
2019-09-26 13:29:14,116 [pool-47-thread-1] INFO  server.RaftServerConfigKeys (ConfUtils.java:logGet(43)) - raft.server.snapshot.auto.trigger.enabled = true (custom)
2019-09-26 13:29:14,116 [pool-47-thread-1] INFO  server.RaftServerConfigKeys (ConfUtils.java:logGet(43)) - raft.server.snapshot.auto.trigger.threshold = 10000 (custom)
2019-09-26 13:29:14,116 [pool-47-thread-1] INFO  server.RaftServerConfigKeys (ConfUtils.java:logGet(43)) - raft.server.snapshot.retention.num.files = 5 (custom)
2019-09-26 13:29:14,116 [pool-47-thread-1] INFO  server.RaftServerConfigKeys (ConfUtils.java:logGet(43)) - raft.server.retrycache.expirytime = 600000ms (custom)
2019-09-26 13:29:14,118 [pool-47-thread-1] INFO  impl.RaftServerImpl (RaftServerImpl.java:start(185)) - 84fdec62-d817-45bb-98fc-971264b4d85b@group-6BEFA130DB60: start as a follower, conf=-1: [84fdec62-d817-45bb-98fc-971264b4d85b:192.168.164.238:44616], old=null
2019-09-26 13:29:14,118 [pool-47-thread-1] INFO  impl.RaftServerImpl (RaftServerImpl.java:setRole(174)) - 84fdec62-d817-45bb-98fc-971264b4d85b@group-6BEFA130DB60: changes role from      null to FOLLOWER at term 0 for startAsFollower
2019-09-26 13:29:14,118 [pool-47-thread-1] INFO  impl.RoleInfo (RoleInfo.java:updateAndGet(143)) - 84fdec62-d817-45bb-98fc-971264b4d85b: start FollowerState
2019-09-26 13:29:14,119 [pool-47-thread-1] INFO  util.JmxRegister (JmxRegister.java:tryRegister(44)) - Successfully registered JMX Bean with object name Ratis:service=RaftServer,group=group-6BEFA130DB60,id=84fdec62-d817-45bb-98fc-971264b4d85b
2019-09-26 13:29:14,130 [RatisPipelineUtilsThread] INFO  pipeline.PipelineStateManager (PipelineStateManager.java:addPipeline(56)) - Created pipeline Pipeline[ Id: d0bf46b8-555e-412c-ae77-6befa130db60, Nodes: 84fdec62-d817-45bb-98fc-971264b4d85b{ip: 192.168.164.238, host: pr-hdds-1569-87zkn-1081879488, networkLocation: /default-rack, certSerialId: null}, Type:RATIS, Factor:ONE, State:OPEN]
2019-09-26 13:29:14,141 [grpc-default-executor-0] INFO  impl.RaftServerProxy (RaftServerProxy.java:addNew(89)) - 921dbd79-5e7d-43e7-a946-6392aa4a26bd: addNew group-CA0E9D9BFF24:[921dbd79-5e7d-43e7-a946-6392aa4a26bd:192.168.164.238:34388] returns group-CA0E9D9BFF24:java.util.concurrent.CompletableFuture@5e95aa1b[Not completed]
2019-09-26 13:29:14,142 [pool-37-thread-1] INFO  impl.RaftServerImpl (RaftServerImpl.java:<init>(95)) - 921dbd79-5e7d-43e7-a946-6392aa4a26bd: new RaftServerImpl for group-CA0E9D9BFF24:[921dbd79-5e7d-43e7-a946-6392aa4a26bd:192.168.164.238:34388] with ContainerStateMachine:uninitialized
2019-09-26 13:29:14,142 [pool-37-thread-1] INFO  server.RaftServerConfigKeys (ConfUtils.java:logGet(43)) - raft.server.rpc.timeout.min = 5s (custom)
2019-09-26 13:29:14,142 [pool-37-thread-1] INFO  server.RaftServerConfigKeys (ConfUtils.java:logGet(43)) - raft.server.rpc.timeout.max = 5200ms (custom)
2019-09-26 13:29:14,143 [pool-37-thread-1] INFO  server.RaftServerConfigKeys (ConfUtils.java:logGet(43)) - raft.server.rpcslowness.timeout = 120s (custom)
2019-09-26 13:29:14,143 [pool-37-thread-1] INFO  server.RaftServerConfigKeys (ConfUtils.java:logGet(43)) - raft.server.sleep.deviation.threshold = 300 (default)
2019-09-26 13:29:14,143 [pool-37-thread-1] INFO  server.RaftServerConfigKeys (ConfUtils.java:logGet(43)) - raft.server.log.appender.install.snapshot.enabled = false (custom)
2019-09-26 13:29:14,143 [pool-37-thread-1] INFO  impl.RaftServerImpl (ServerState.java:<init>(103)) - 921dbd79-5e7d-43e7-a946-6392aa4a26bd@group-CA0E9D9BFF24: ConfigurationManager, init=-1: [921dbd79-5e7d-43e7-a946-6392aa4a26bd:192.168.164.238:34388], old=null, confs=<EMPTY_MAP>
2019-09-26 13:29:14,143 [pool-37-thread-1] INFO  server.RaftServerConfigKeys (ConfUtils.java:logGet(43)) - raft.server.storage.dir = [/workdir/hadoop-ozone/ozonefs/target/test-dir/MiniOzoneClusterImpl-8b6a8972-8eda-4f33-b3cf-a560ba2c5b87/datanode-1/data/ratis] (custom)
2019-09-26 13:29:14,143 [pool-37-thread-1] INFO  storage.RaftStorageDirectory (RaftStorageDirectory.java:analyzeStorage(246)) - The storage directory /workdir/hadoop-ozone/ozonefs/target/test-dir/MiniOzoneClusterImpl-8b6a8972-8eda-4f33-b3cf-a560ba2c5b87/datanode-1/data/ratis/c23538bf-5738-4b3b-9bb0-ca0e9d9bff24 does not exist. Creating ...
2019-09-26 13:29:14,157 [pool-37-thread-1] INFO  storage.RaftStorageDirectory (RaftStorageDirectory.java:tryLock(328)) - Lock on /workdir/hadoop-ozone/ozonefs/target/test-dir/MiniOzoneClusterImpl-8b6a8972-8eda-4f33-b3cf-a560ba2c5b87/datanode-1/data/ratis/c23538bf-5738-4b3b-9bb0-ca0e9d9bff24/in_use.lock acquired by nodename 6686@pr-hdds-1569-87zkn-1081879488
2019-09-26 13:29:14,181 [pool-37-thread-1] INFO  storage.RaftStorage (RaftStorage.java:format(72)) - Storage directory /workdir/hadoop-ozone/ozonefs/target/test-dir/MiniOzoneClusterImpl-8b6a8972-8eda-4f33-b3cf-a560ba2c5b87/datanode-1/data/ratis/c23538bf-5738-4b3b-9bb0-ca0e9d9bff24 has been successfully formatted.
2019-09-26 13:29:14,182 [pool-37-thread-1] INFO  ratis.ContainerStateMachine (ContainerStateMachine.java:loadSnapshot(230)) - group-CA0E9D9BFF24: The snapshot info is null. Setting the last applied indexto:(t:0, i:~)
2019-09-26 13:29:14,182 [pool-37-thread-1] INFO  server.RaftServerConfigKeys (ConfUtils.java:logGet(43)) - raft.server.notification.no-leader.timeout = 120s (custom)
2019-09-26 13:29:14,182 [pool-37-thread-1] INFO  server.RaftServerConfigKeys (ConfUtils.java:logGet(43)) - raft.server.log.use.memory = false (default)
2019-09-26 13:29:14,182 [pool-37-thread-1] INFO  server.RaftServerConfigKeys (ConfUtils.java:logGet(43)) - raft.server.log.purge.gap = 1000000 (custom)
2019-09-26 13:29:14,182 [pool-37-thread-1] INFO  server.RaftServerConfigKeys (ConfUtils.java:logGet(43)) - raft.server.log.appender.buffer.byte-limit = 33554432 (custom)
2019-09-26 13:29:14,182 [pool-37-thread-1] INFO  server.RaftServerConfigKeys (ConfUtils.java:logGet(43)) - raft.server.log.segment.size.max = 1048576 (custom)
2019-09-26 13:29:14,182 [pool-37-thread-1] INFO  server.RaftServerConfigKeys (ConfUtils.java:logGet(43)) - raft.server.log.segment.cache.num.max = 2 (custom)
2019-09-26 13:29:14,182 [pool-37-thread-1] INFO  segmented.SegmentedRaftLogWorker (SegmentedRaftLogWorker.java:<init>(172)) - new 921dbd79-5e7d-43e7-a946-6392aa4a26bd@group-CA0E9D9BFF24-SegmentedRaftLogWorker for RaftStorage:Storage Directory /workdir/hadoop-ozone/ozonefs/target/test-dir/MiniOzoneClusterImpl-8b6a8972-8eda-4f33-b3cf-a560ba2c5b87/datanode-1/data/ratis/c23538bf-5738-4b3b-9bb0-ca0e9d9bff24
2019-09-26 13:29:14,182 [pool-37-thread-1] INFO  server.RaftServerConfigKeys (ConfUtils.java:logGet(43)) - raft.server.log.queue.byte-limit = 2147483647 (custom)
2019-09-26 13:29:14,182 [pool-37-thread-1] INFO  server.RaftServerConfigKeys (ConfUtils.java:logGet(43)) - raft.server.log.queue.element-limit = 1024 (custom)
2019-09-26 13:29:14,183 [pool-37-thread-1] INFO  server.RaftServerConfigKeys (ConfUtils.java:logGet(43)) - raft.server.log.segment.size.max = 1048576 (custom)
2019-09-26 13:29:14,183 [pool-37-thread-1] INFO  server.RaftServerConfigKeys (ConfUtils.java:logGet(43)) - raft.server.log.preallocated.size = 16384 (custom)
2019-09-26 13:29:14,183 [pool-37-thread-1] INFO  server.RaftServerConfigKeys (ConfUtils.java:logGet(43)) - raft.server.log.write.buffer.size = 33554432 (custom)
2019-09-26 13:29:14,183 [pool-37-thread-1] INFO  server.RaftServerConfigKeys (ConfUtils.java:logGet(43)) - raft.server.log.force.sync.num = 128 (default)
2019-09-26 13:29:14,183 [pool-37-thread-1] INFO  server.RaftServerConfigKeys (ConfUtils.java:logGet(43)) - raft.server.log.statemachine.data.sync = true (default)
2019-09-26 13:29:14,183 [pool-37-thread-1] INFO  server.RaftServerConfigKeys (ConfUtils.java:logGet(43)) - raft.server.log.statemachine.data.sync.timeout = 10s (default)
2019-09-26 13:29:14,183 [pool-37-thread-1] INFO  server.RaftServerConfigKeys (ConfUtils.java:logGet(43)) - raft.server.log.statemachine.data.sync.timeout.retry = -1 (default)
2019-09-26 13:29:14,183 [pool-37-thread-1] INFO  server.RaftServerConfigKeys (ConfUtils.java:logGet(43)) - raft.server.log.statemachine.data.caching.enabled = true (custom)
2019-09-26 13:29:14,184 [pool-37-thread-1] INFO  segmented.SegmentedRaftLogWorker (SegmentedRaftLogWorker.java:lambda$new$0(132)) - 921dbd79-5e7d-43e7-a946-6392aa4a26bd@group-CA0E9D9BFF24-SegmentedRaftLogWorker: flushIndex: setUnconditionally 0 -> -1
2019-09-26 13:29:14,184 [pool-37-thread-1] INFO  server.RaftServerConfigKeys (ConfUtils.java:logGet(43)) - raft.server.snapshot.auto.trigger.enabled = true (custom)
2019-09-26 13:29:14,184 [pool-37-thread-1] INFO  server.RaftServerConfigKeys (ConfUtils.java:logGet(43)) - raft.server.snapshot.auto.trigger.threshold = 10000 (custom)
2019-09-26 13:29:14,184 [pool-37-thread-1] INFO  server.RaftServerConfigKeys (ConfUtils.java:logGet(43)) - raft.server.snapshot.retention.num.files = 5 (custom)
2019-09-26 13:29:14,184 [pool-37-thread-1] INFO  server.RaftServerConfigKeys (ConfUtils.java:logGet(43)) - raft.server.retrycache.expirytime = 600000ms (custom)
2019-09-26 13:29:14,186 [pool-37-thread-1] INFO  impl.RaftServerImpl (RaftServerImpl.java:start(185)) - 921dbd79-5e7d-43e7-a946-6392aa4a26bd@group-CA0E9D9BFF24: start as a follower, conf=-1: [921dbd79-5e7d-43e7-a946-6392aa4a26bd:192.168.164.238:34388], old=null
2019-09-26 13:29:14,187 [pool-37-thread-1] INFO  impl.RaftServerImpl (RaftServerImpl.java:setRole(174)) - 921dbd79-5e7d-43e7-a946-6392aa4a26bd@group-CA0E9D9BFF24: changes role from      null to FOLLOWER at term 0 for startAsFollower
2019-09-26 13:29:14,187 [pool-37-thread-1] INFO  impl.RoleInfo (RoleInfo.java:updateAndGet(143)) - 921dbd79-5e7d-43e7-a946-6392aa4a26bd: start FollowerState
2019-09-26 13:29:14,187 [pool-37-thread-1] INFO  util.JmxRegister (JmxRegister.java:tryRegister(44)) - Successfully registered JMX Bean with object name Ratis:service=RaftServer,group=group-CA0E9D9BFF24,id=921dbd79-5e7d-43e7-a946-6392aa4a26bd
2019-09-26 13:29:14,205 [RatisPipelineUtilsThread] INFO  pipeline.PipelineStateManager (PipelineStateManager.java:addPipeline(56)) - Created pipeline Pipeline[ Id: c23538bf-5738-4b3b-9bb0-ca0e9d9bff24, Nodes: 921dbd79-5e7d-43e7-a946-6392aa4a26bd{ip: 192.168.164.238, host: pr-hdds-1569-87zkn-1081879488, networkLocation: /default-rack, certSerialId: null}, Type:RATIS, Factor:ONE, State:OPEN]
2019-09-26 13:29:14,219 [grpc-default-executor-0] INFO  impl.RaftServerProxy (RaftServerProxy.java:addNew(89)) - 6bbb30bf-68fb-49c7-a700-39ca06a4595f: addNew group-2BB88B1746B1:[6bbb30bf-68fb-49c7-a700-39ca06a4595f:192.168.164.238:44498] returns group-2BB88B1746B1:java.util.concurrent.CompletableFuture@7d577953[Not completed]
2019-09-26 13:29:14,222 [pool-57-thread-1] INFO  impl.RaftServerImpl (RaftServerImpl.java:<init>(95)) - 6bbb30bf-68fb-49c7-a700-39ca06a4595f: new RaftServerImpl for group-2BB88B1746B1:[6bbb30bf-68fb-49c7-a700-39ca06a4595f:192.168.164.238:44498] with ContainerStateMachine:uninitialized
2019-09-26 13:29:14,222 [pool-57-thread-1] INFO  server.RaftServerConfigKeys (ConfUtils.java:logGet(43)) - raft.server.rpc.timeout.min = 5s (custom)
2019-09-26 13:29:14,222 [pool-57-thread-1] INFO  server.RaftServerConfigKeys (ConfUtils.java:logGet(43)) - raft.server.rpc.timeout.max = 5200ms (custom)
2019-09-26 13:29:14,222 [pool-57-thread-1] INFO  server.RaftServerConfigKeys (ConfUtils.java:logGet(43)) - raft.server.rpcslowness.timeout = 120s (custom)
2019-09-26 13:29:14,222 [pool-57-thread-1] INFO  server.RaftServerConfigKeys (ConfUtils.java:logGet(43)) - raft.server.sleep.deviation.threshold = 300 (default)
2019-09-26 13:29:14,222 [pool-57-thread-1] INFO  server.RaftServerConfigKeys (ConfUtils.java:logGet(43)) - raft.server.log.appender.install.snapshot.enabled = false (custom)
2019-09-26 13:29:14,223 [pool-57-thread-1] INFO  impl.RaftServerImpl (ServerState.java:<init>(103)) - 6bbb30bf-68fb-49c7-a700-39ca06a4595f@group-2BB88B1746B1: ConfigurationManager, init=-1: [6bbb30bf-68fb-49c7-a700-39ca06a4595f:192.168.164.238:44498], old=null, confs=<EMPTY_MAP>
2019-09-26 13:29:14,223 [pool-57-thread-1] INFO  server.RaftServerConfigKeys (ConfUtils.java:logGet(43)) - raft.server.storage.dir = [/workdir/hadoop-ozone/ozonefs/target/test-dir/MiniOzoneClusterImpl-8b6a8972-8eda-4f33-b3cf-a560ba2c5b87/datanode-3/data/ratis] (custom)
2019-09-26 13:29:14,223 [pool-57-thread-1] INFO  storage.RaftStorageDirectory (RaftStorageDirectory.java:analyzeStorage(246)) - The storage directory /workdir/hadoop-ozone/ozonefs/target/test-dir/MiniOzoneClusterImpl-8b6a8972-8eda-4f33-b3cf-a560ba2c5b87/datanode-3/data/ratis/561949d0-7e79-47a7-a4a6-2bb88b1746b1 does not exist. Creating ...
2019-09-26 13:29:14,238 [pool-57-thread-1] INFO  storage.RaftStorageDirectory (RaftStorageDirectory.java:tryLock(328)) - Lock on /workdir/hadoop-ozone/ozonefs/target/test-dir/MiniOzoneClusterImpl-8b6a8972-8eda-4f33-b3cf-a560ba2c5b87/datanode-3/data/ratis/561949d0-7e79-47a7-a4a6-2bb88b1746b1/in_use.lock acquired by nodename 6686@pr-hdds-1569-87zkn-1081879488
2019-09-26 13:29:14,259 [pool-57-thread-1] INFO  storage.RaftStorage (RaftStorage.java:format(72)) - Storage directory /workdir/hadoop-ozone/ozonefs/target/test-dir/MiniOzoneClusterImpl-8b6a8972-8eda-4f33-b3cf-a560ba2c5b87/datanode-3/data/ratis/561949d0-7e79-47a7-a4a6-2bb88b1746b1 has been successfully formatted.
2019-09-26 13:29:14,260 [pool-57-thread-1] INFO  ratis.ContainerStateMachine (ContainerStateMachine.java:loadSnapshot(230)) - group-2BB88B1746B1: The snapshot info is null. Setting the last applied indexto:(t:0, i:~)
2019-09-26 13:29:14,260 [pool-57-thread-1] INFO  server.RaftServerConfigKeys (ConfUtils.java:logGet(43)) - raft.server.notification.no-leader.timeout = 120s (custom)
2019-09-26 13:29:14,260 [pool-57-thread-1] INFO  server.RaftServerConfigKeys (ConfUtils.java:logGet(43)) - raft.server.log.use.memory = false (default)
2019-09-26 13:29:14,260 [pool-57-thread-1] INFO  server.RaftServerConfigKeys (ConfUtils.java:logGet(43)) - raft.server.log.purge.gap = 1000000 (custom)
2019-09-26 13:29:14,260 [pool-57-thread-1] INFO  server.RaftServerConfigKeys (ConfUtils.java:logGet(43)) - raft.server.log.appender.buffer.byte-limit = 33554432 (custom)
2019-09-26 13:29:14,260 [pool-57-thread-1] INFO  server.RaftServerConfigKeys (ConfUtils.java:logGet(43)) - raft.server.log.segment.size.max = 1048576 (custom)
2019-09-26 13:29:14,260 [pool-57-thread-1] INFO  server.RaftServerConfigKeys (ConfUtils.java:logGet(43)) - raft.server.log.segment.cache.num.max = 2 (custom)
2019-09-26 13:29:14,261 [pool-57-thread-1] INFO  segmented.SegmentedRaftLogWorker (SegmentedRaftLogWorker.java:<init>(172)) - new 6bbb30bf-68fb-49c7-a700-39ca06a4595f@group-2BB88B1746B1-SegmentedRaftLogWorker for RaftStorage:Storage Directory /workdir/hadoop-ozone/ozonefs/target/test-dir/MiniOzoneClusterImpl-8b6a8972-8eda-4f33-b3cf-a560ba2c5b87/datanode-3/data/ratis/561949d0-7e79-47a7-a4a6-2bb88b1746b1
2019-09-26 13:29:14,261 [pool-57-thread-1] INFO  server.RaftServerConfigKeys (ConfUtils.java:logGet(43)) - raft.server.log.queue.byte-limit = 2147483647 (custom)
2019-09-26 13:29:14,261 [pool-57-thread-1] INFO  server.RaftServerConfigKeys (ConfUtils.java:logGet(43)) - raft.server.log.queue.element-limit = 1024 (custom)
2019-09-26 13:29:14,261 [pool-57-thread-1] INFO  server.RaftServerConfigKeys (ConfUtils.java:logGet(43)) - raft.server.log.segment.size.max = 1048576 (custom)
2019-09-26 13:29:14,261 [pool-57-thread-1] INFO  server.RaftServerConfigKeys (ConfUtils.java:logGet(43)) - raft.server.log.preallocated.size = 16384 (custom)
2019-09-26 13:29:14,261 [pool-57-thread-1] INFO  server.RaftServerConfigKeys (ConfUtils.java:logGet(43)) - raft.server.log.write.buffer.size = 33554432 (custom)
2019-09-26 13:29:14,261 [pool-57-thread-1] INFO  server.RaftServerConfigKeys (ConfUtils.java:logGet(43)) - raft.server.log.force.sync.num = 128 (default)
2019-09-26 13:29:14,262 [pool-57-thread-1] INFO  server.RaftServerConfigKeys (ConfUtils.java:logGet(43)) - raft.server.log.statemachine.data.sync = true (default)
2019-09-26 13:29:14,262 [pool-57-thread-1] INFO  server.RaftServerConfigKeys (ConfUtils.java:logGet(43)) - raft.server.log.statemachine.data.sync.timeout = 10s (default)
2019-09-26 13:29:14,262 [pool-57-thread-1] INFO  server.RaftServerConfigKeys (ConfUtils.java:logGet(43)) - raft.server.log.statemachine.data.sync.timeout.retry = -1 (default)
2019-09-26 13:29:14,262 [pool-57-thread-1] INFO  server.RaftServerConfigKeys (ConfUtils.java:logGet(43)) - raft.server.log.statemachine.data.caching.enabled = true (custom)
2019-09-26 13:29:14,262 [pool-57-thread-1] INFO  segmented.SegmentedRaftLogWorker (SegmentedRaftLogWorker.java:lambda$new$0(132)) - 6bbb30bf-68fb-49c7-a700-39ca06a4595f@group-2BB88B1746B1-SegmentedRaftLogWorker: flushIndex: setUnconditionally 0 -> -1
2019-09-26 13:29:14,263 [pool-57-thread-1] INFO  server.RaftServerConfigKeys (ConfUtils.java:logGet(43)) - raft.server.snapshot.auto.trigger.enabled = true (custom)
2019-09-26 13:29:14,263 [pool-57-thread-1] INFO  server.RaftServerConfigKeys (ConfUtils.java:logGet(43)) - raft.server.snapshot.auto.trigger.threshold = 10000 (custom)
2019-09-26 13:29:14,263 [pool-57-thread-1] INFO  server.RaftServerConfigKeys (ConfUtils.java:logGet(43)) - raft.server.snapshot.retention.num.files = 5 (custom)
2019-09-26 13:29:14,263 [pool-57-thread-1] INFO  server.RaftServerConfigKeys (ConfUtils.java:logGet(43)) - raft.server.retrycache.expirytime = 600000ms (custom)
2019-09-26 13:29:14,267 [pool-57-thread-1] INFO  impl.RaftServerImpl (RaftServerImpl.java:start(185)) - 6bbb30bf-68fb-49c7-a700-39ca06a4595f@group-2BB88B1746B1: start as a follower, conf=-1: [6bbb30bf-68fb-49c7-a700-39ca06a4595f:192.168.164.238:44498], old=null
2019-09-26 13:29:14,267 [pool-57-thread-1] INFO  impl.RaftServerImpl (RaftServerImpl.java:setRole(174)) - 6bbb30bf-68fb-49c7-a700-39ca06a4595f@group-2BB88B1746B1: changes role from      null to FOLLOWER at term 0 for startAsFollower
2019-09-26 13:29:14,267 [pool-57-thread-1] INFO  impl.RoleInfo (RoleInfo.java:updateAndGet(143)) - 6bbb30bf-68fb-49c7-a700-39ca06a4595f: start FollowerState
2019-09-26 13:29:14,268 [pool-57-thread-1] INFO  util.JmxRegister (JmxRegister.java:tryRegister(44)) - Successfully registered JMX Bean with object name Ratis:service=RaftServer,group=group-2BB88B1746B1,id=6bbb30bf-68fb-49c7-a700-39ca06a4595f
2019-09-26 13:29:14,274 [RatisPipelineUtilsThread] INFO  pipeline.PipelineStateManager (PipelineStateManager.java:addPipeline(56)) - Created pipeline Pipeline[ Id: 561949d0-7e79-47a7-a4a6-2bb88b1746b1, Nodes: 6bbb30bf-68fb-49c7-a700-39ca06a4595f{ip: 192.168.164.238, host: pr-hdds-1569-87zkn-1081879488, networkLocation: /default-rack, certSerialId: null}, Type:RATIS, Factor:ONE, State:OPEN]
2019-09-26 13:29:14,296 [grpc-default-executor-0] INFO  impl.RaftServerProxy (RaftServerProxy.java:addNew(89)) - 921dbd79-5e7d-43e7-a946-6392aa4a26bd: addNew group-D24318E23051:[921dbd79-5e7d-43e7-a946-6392aa4a26bd:192.168.164.238:34388] returns group-D24318E23051:java.util.concurrent.CompletableFuture@43bd7b5a[Not completed]
2019-09-26 13:29:14,298 [pool-37-thread-1] INFO  impl.RaftServerImpl (RaftServerImpl.java:<init>(95)) - 921dbd79-5e7d-43e7-a946-6392aa4a26bd: new RaftServerImpl for group-D24318E23051:[921dbd79-5e7d-43e7-a946-6392aa4a26bd:192.168.164.238:34388] with ContainerStateMachine:uninitialized
2019-09-26 13:29:14,299 [pool-37-thread-1] INFO  server.RaftServerConfigKeys (ConfUtils.java:logGet(43)) - raft.server.rpc.timeout.min = 5s (custom)
2019-09-26 13:29:14,299 [pool-37-thread-1] INFO  server.RaftServerConfigKeys (ConfUtils.java:logGet(43)) - raft.server.rpc.timeout.max = 5200ms (custom)
2019-09-26 13:29:14,299 [pool-37-thread-1] INFO  server.RaftServerConfigKeys (ConfUtils.java:logGet(43)) - raft.server.rpcslowness.timeout = 120s (custom)
2019-09-26 13:29:14,299 [pool-37-thread-1] INFO  server.RaftServerConfigKeys (ConfUtils.java:logGet(43)) - raft.server.sleep.deviation.threshold = 300 (default)
2019-09-26 13:29:14,299 [pool-37-thread-1] INFO  server.RaftServerConfigKeys (ConfUtils.java:logGet(43)) - raft.server.log.appender.install.snapshot.enabled = false (custom)
2019-09-26 13:29:14,299 [pool-37-thread-1] INFO  impl.RaftServerImpl (ServerState.java:<init>(103)) - 921dbd79-5e7d-43e7-a946-6392aa4a26bd@group-D24318E23051: ConfigurationManager, init=-1: [921dbd79-5e7d-43e7-a946-6392aa4a26bd:192.168.164.238:34388], old=null, confs=<EMPTY_MAP>
2019-09-26 13:29:14,299 [pool-37-thread-1] INFO  server.RaftServerConfigKeys (ConfUtils.java:logGet(43)) - raft.server.storage.dir = [/workdir/hadoop-ozone/ozonefs/target/test-dir/MiniOzoneClusterImpl-8b6a8972-8eda-4f33-b3cf-a560ba2c5b87/datanode-1/data/ratis] (custom)
2019-09-26 13:29:14,300 [pool-37-thread-1] INFO  storage.RaftStorageDirectory (RaftStorageDirectory.java:analyzeStorage(246)) - The storage directory /workdir/hadoop-ozone/ozonefs/target/test-dir/MiniOzoneClusterImpl-8b6a8972-8eda-4f33-b3cf-a560ba2c5b87/datanode-1/data/ratis/2e76a8a1-1684-41b2-a3c3-d24318e23051 does not exist. Creating ...
2019-09-26 13:29:14,327 [pool-37-thread-1] INFO  storage.RaftStorageDirectory (RaftStorageDirectory.java:tryLock(328)) - Lock on /workdir/hadoop-ozone/ozonefs/target/test-dir/MiniOzoneClusterImpl-8b6a8972-8eda-4f33-b3cf-a560ba2c5b87/datanode-1/data/ratis/2e76a8a1-1684-41b2-a3c3-d24318e23051/in_use.lock acquired by nodename 6686@pr-hdds-1569-87zkn-1081879488
2019-09-26 13:29:14,330 [pool-37-thread-1] INFO  storage.RaftStorage (RaftStorage.java:format(72)) - Storage directory /workdir/hadoop-ozone/ozonefs/target/test-dir/MiniOzoneClusterImpl-8b6a8972-8eda-4f33-b3cf-a560ba2c5b87/datanode-1/data/ratis/2e76a8a1-1684-41b2-a3c3-d24318e23051 has been successfully formatted.
2019-09-26 13:29:14,331 [pool-37-thread-1] INFO  ratis.ContainerStateMachine (ContainerStateMachine.java:loadSnapshot(230)) - group-D24318E23051: The snapshot info is null. Setting the last applied indexto:(t:0, i:~)
2019-09-26 13:29:14,335 [pool-37-thread-1] INFO  server.RaftServerConfigKeys (ConfUtils.java:logGet(43)) - raft.server.notification.no-leader.timeout = 120s (custom)
2019-09-26 13:29:14,335 [pool-37-thread-1] INFO  server.RaftServerConfigKeys (ConfUtils.java:logGet(43)) - raft.server.log.use.memory = false (default)
2019-09-26 13:29:14,335 [pool-37-thread-1] INFO  server.RaftServerConfigKeys (ConfUtils.java:logGet(43)) - raft.server.log.purge.gap = 1000000 (custom)
2019-09-26 13:29:14,335 [pool-37-thread-1] INFO  server.RaftServerConfigKeys (ConfUtils.java:logGet(43)) - raft.server.log.appender.buffer.byte-limit = 33554432 (custom)
2019-09-26 13:29:14,336 [pool-37-thread-1] INFO  server.RaftServerConfigKeys (ConfUtils.java:logGet(43)) - raft.server.log.segment.size.max = 1048576 (custom)
2019-09-26 13:29:14,336 [pool-37-thread-1] INFO  server.RaftServerConfigKeys (ConfUtils.java:logGet(43)) - raft.server.log.segment.cache.num.max = 2 (custom)
2019-09-26 13:29:14,336 [pool-37-thread-1] INFO  segmented.SegmentedRaftLogWorker (SegmentedRaftLogWorker.java:<init>(172)) - new 921dbd79-5e7d-43e7-a946-6392aa4a26bd@group-D24318E23051-SegmentedRaftLogWorker for RaftStorage:Storage Directory /workdir/hadoop-ozone/ozonefs/target/test-dir/MiniOzoneClusterImpl-8b6a8972-8eda-4f33-b3cf-a560ba2c5b87/datanode-1/data/ratis/2e76a8a1-1684-41b2-a3c3-d24318e23051
2019-09-26 13:29:14,336 [pool-37-thread-1] INFO  server.RaftServerConfigKeys (ConfUtils.java:logGet(43)) - raft.server.log.queue.byte-limit = 2147483647 (custom)
2019-09-26 13:29:14,336 [pool-37-thread-1] INFO  server.RaftServerConfigKeys (ConfUtils.java:logGet(43)) - raft.server.log.queue.element-limit = 1024 (custom)
2019-09-26 13:29:14,336 [pool-37-thread-1] INFO  server.RaftServerConfigKeys (ConfUtils.java:logGet(43)) - raft.server.log.segment.size.max = 1048576 (custom)
2019-09-26 13:29:14,337 [pool-37-thread-1] INFO  server.RaftServerConfigKeys (ConfUtils.java:logGet(43)) - raft.server.log.preallocated.size = 16384 (custom)
2019-09-26 13:29:14,337 [pool-37-thread-1] INFO  server.RaftServerConfigKeys (ConfUtils.java:logGet(43)) - raft.server.log.write.buffer.size = 33554432 (custom)
2019-09-26 13:29:14,337 [pool-37-thread-1] INFO  server.RaftServerConfigKeys (ConfUtils.java:logGet(43)) - raft.server.log.force.sync.num = 128 (default)
2019-09-26 13:29:14,337 [pool-37-thread-1] INFO  server.RaftServerConfigKeys (ConfUtils.java:logGet(43)) - raft.server.log.statemachine.data.sync = true (default)
2019-09-26 13:29:14,337 [pool-37-thread-1] INFO  server.RaftServerConfigKeys (ConfUtils.java:logGet(43)) - raft.server.log.statemachine.data.sync.timeout = 10s (default)
2019-09-26 13:29:14,338 [pool-37-thread-1] INFO  server.RaftServerConfigKeys (ConfUtils.java:logGet(43)) - raft.server.log.statemachine.data.sync.timeout.retry = -1 (default)
2019-09-26 13:29:14,338 [pool-37-thread-1] INFO  server.RaftServerConfigKeys (ConfUtils.java:logGet(43)) - raft.server.log.statemachine.data.caching.enabled = true (custom)
2019-09-26 13:29:14,338 [pool-37-thread-1] INFO  segmented.SegmentedRaftLogWorker (SegmentedRaftLogWorker.java:lambda$new$0(132)) - 921dbd79-5e7d-43e7-a946-6392aa4a26bd@group-D24318E23051-SegmentedRaftLogWorker: flushIndex: setUnconditionally 0 -> -1
2019-09-26 13:29:14,339 [pool-37-thread-1] INFO  server.RaftServerConfigKeys (ConfUtils.java:logGet(43)) - raft.server.snapshot.auto.trigger.enabled = true (custom)
2019-09-26 13:29:14,339 [pool-37-thread-1] INFO  server.RaftServerConfigKeys (ConfUtils.java:logGet(43)) - raft.server.snapshot.auto.trigger.threshold = 10000 (custom)
2019-09-26 13:29:14,339 [pool-37-thread-1] INFO  server.RaftServerConfigKeys (ConfUtils.java:logGet(43)) - raft.server.snapshot.retention.num.files = 5 (custom)
2019-09-26 13:29:14,339 [pool-37-thread-1] INFO  server.RaftServerConfigKeys (ConfUtils.java:logGet(43)) - raft.server.retrycache.expirytime = 600000ms (custom)
2019-09-26 13:29:14,342 [pool-37-thread-1] INFO  impl.RaftServerImpl (RaftServerImpl.java:start(185)) - 921dbd79-5e7d-43e7-a946-6392aa4a26bd@group-D24318E23051: start as a follower, conf=-1: [921dbd79-5e7d-43e7-a946-6392aa4a26bd:192.168.164.238:34388], old=null
2019-09-26 13:29:14,342 [pool-37-thread-1] INFO  impl.RaftServerImpl (RaftServerImpl.java:setRole(174)) - 921dbd79-5e7d-43e7-a946-6392aa4a26bd@group-D24318E23051: changes role from      null to FOLLOWER at term 0 for startAsFollower
2019-09-26 13:29:14,342 [pool-37-thread-1] INFO  impl.RoleInfo (RoleInfo.java:updateAndGet(143)) - 921dbd79-5e7d-43e7-a946-6392aa4a26bd: start FollowerState
2019-09-26 13:29:14,343 [pool-37-thread-1] INFO  util.JmxRegister (JmxRegister.java:tryRegister(44)) - Successfully registered JMX Bean with object name Ratis:service=RaftServer,group=group-D24318E23051,id=921dbd79-5e7d-43e7-a946-6392aa4a26bd
2019-09-26 13:29:14,350 [RatisPipelineUtilsThread] INFO  pipeline.PipelineStateManager (PipelineStateManager.java:addPipeline(56)) - Created pipeline Pipeline[ Id: 2e76a8a1-1684-41b2-a3c3-d24318e23051, Nodes: 921dbd79-5e7d-43e7-a946-6392aa4a26bd{ip: 192.168.164.238, host: pr-hdds-1569-87zkn-1081879488, networkLocation: /default-rack, certSerialId: null}, Type:RATIS, Factor:ONE, State:OPEN]
2019-09-26 13:29:14,362 [grpc-default-executor-0] INFO  impl.RaftServerProxy (RaftServerProxy.java:addNew(89)) - 921dbd79-5e7d-43e7-a946-6392aa4a26bd: addNew group-F9CCE9B6E43C:[921dbd79-5e7d-43e7-a946-6392aa4a26bd:192.168.164.238:34388] returns group-F9CCE9B6E43C:java.util.concurrent.CompletableFuture@5437c31[Not completed]
2019-09-26 13:29:14,364 [pool-37-thread-1] INFO  impl.RaftServerImpl (RaftServerImpl.java:<init>(95)) - 921dbd79-5e7d-43e7-a946-6392aa4a26bd: new RaftServerImpl for group-F9CCE9B6E43C:[921dbd79-5e7d-43e7-a946-6392aa4a26bd:192.168.164.238:34388] with ContainerStateMachine:uninitialized
2019-09-26 13:29:14,364 [pool-37-thread-1] INFO  server.RaftServerConfigKeys (ConfUtils.java:logGet(43)) - raft.server.rpc.timeout.min = 5s (custom)
2019-09-26 13:29:14,365 [pool-37-thread-1] INFO  server.RaftServerConfigKeys (ConfUtils.java:logGet(43)) - raft.server.rpc.timeout.max = 5200ms (custom)
2019-09-26 13:29:14,365 [pool-37-thread-1] INFO  server.RaftServerConfigKeys (ConfUtils.java:logGet(43)) - raft.server.rpcslowness.timeout = 120s (custom)
2019-09-26 13:29:14,365 [pool-37-thread-1] INFO  server.RaftServerConfigKeys (ConfUtils.java:logGet(43)) - raft.server.sleep.deviation.threshold = 300 (default)
2019-09-26 13:29:14,365 [pool-37-thread-1] INFO  server.RaftServerConfigKeys (ConfUtils.java:logGet(43)) - raft.server.log.appender.install.snapshot.enabled = false (custom)
2019-09-26 13:29:14,365 [pool-37-thread-1] INFO  impl.RaftServerImpl (ServerState.java:<init>(103)) - 921dbd79-5e7d-43e7-a946-6392aa4a26bd@group-F9CCE9B6E43C: ConfigurationManager, init=-1: [921dbd79-5e7d-43e7-a946-6392aa4a26bd:192.168.164.238:34388], old=null, confs=<EMPTY_MAP>
2019-09-26 13:29:14,366 [pool-37-thread-1] INFO  server.RaftServerConfigKeys (ConfUtils.java:logGet(43)) - raft.server.storage.dir = [/workdir/hadoop-ozone/ozonefs/target/test-dir/MiniOzoneClusterImpl-8b6a8972-8eda-4f33-b3cf-a560ba2c5b87/datanode-1/data/ratis] (custom)
2019-09-26 13:29:14,366 [pool-37-thread-1] INFO  storage.RaftStorageDirectory (RaftStorageDirectory.java:analyzeStorage(246)) - The storage directory /workdir/hadoop-ozone/ozonefs/target/test-dir/MiniOzoneClusterImpl-8b6a8972-8eda-4f33-b3cf-a560ba2c5b87/datanode-1/data/ratis/3c3023bd-1f7e-4a30-9afd-f9cce9b6e43c does not exist. Creating ...
2019-09-26 13:29:14,381 [pool-37-thread-1] INFO  storage.RaftStorageDirectory (RaftStorageDirectory.java:tryLock(328)) - Lock on /workdir/hadoop-ozone/ozonefs/target/test-dir/MiniOzoneClusterImpl-8b6a8972-8eda-4f33-b3cf-a560ba2c5b87/datanode-1/data/ratis/3c3023bd-1f7e-4a30-9afd-f9cce9b6e43c/in_use.lock acquired by nodename 6686@pr-hdds-1569-87zkn-1081879488
2019-09-26 13:29:14,388 [pool-37-thread-1] INFO  storage.RaftStorage (RaftStorage.java:format(72)) - Storage directory /workdir/hadoop-ozone/ozonefs/target/test-dir/MiniOzoneClusterImpl-8b6a8972-8eda-4f33-b3cf-a560ba2c5b87/datanode-1/data/ratis/3c3023bd-1f7e-4a30-9afd-f9cce9b6e43c has been successfully formatted.
2019-09-26 13:29:14,389 [pool-37-thread-1] INFO  ratis.ContainerStateMachine (ContainerStateMachine.java:loadSnapshot(230)) - group-F9CCE9B6E43C: The snapshot info is null. Setting the last applied indexto:(t:0, i:~)
2019-09-26 13:29:14,389 [pool-37-thread-1] INFO  server.RaftServerConfigKeys (ConfUtils.java:logGet(43)) - raft.server.notification.no-leader.timeout = 120s (custom)
2019-09-26 13:29:14,389 [pool-37-thread-1] INFO  server.RaftServerConfigKeys (ConfUtils.java:logGet(43)) - raft.server.log.use.memory = false (default)
2019-09-26 13:29:14,389 [pool-37-thread-1] INFO  server.RaftServerConfigKeys (ConfUtils.java:logGet(43)) - raft.server.log.purge.gap = 1000000 (custom)
2019-09-26 13:29:14,389 [pool-37-thread-1] INFO  server.RaftServerConfigKeys (ConfUtils.java:logGet(43)) - raft.server.log.appender.buffer.byte-limit = 33554432 (custom)
2019-09-26 13:29:14,389 [pool-37-thread-1] INFO  server.RaftServerConfigKeys (ConfUtils.java:logGet(43)) - raft.server.log.segment.size.max = 1048576 (custom)
2019-09-26 13:29:14,389 [pool-37-thread-1] INFO  server.RaftServerConfigKeys (ConfUtils.java:logGet(43)) - raft.server.log.segment.cache.num.max = 2 (custom)
2019-09-26 13:29:14,390 [pool-37-thread-1] INFO  segmented.SegmentedRaftLogWorker (SegmentedRaftLogWorker.java:<init>(172)) - new 921dbd79-5e7d-43e7-a946-6392aa4a26bd@group-F9CCE9B6E43C-SegmentedRaftLogWorker for RaftStorage:Storage Directory /workdir/hadoop-ozone/ozonefs/target/test-dir/MiniOzoneClusterImpl-8b6a8972-8eda-4f33-b3cf-a560ba2c5b87/datanode-1/data/ratis/3c3023bd-1f7e-4a30-9afd-f9cce9b6e43c
2019-09-26 13:29:14,390 [pool-37-thread-1] INFO  server.RaftServerConfigKeys (ConfUtils.java:logGet(43)) - raft.server.log.queue.byte-limit = 2147483647 (custom)
2019-09-26 13:29:14,390 [pool-37-thread-1] INFO  server.RaftServerConfigKeys (ConfUtils.java:logGet(43)) - raft.server.log.queue.element-limit = 1024 (custom)
2019-09-26 13:29:14,390 [pool-37-thread-1] INFO  server.RaftServerConfigKeys (ConfUtils.java:logGet(43)) - raft.server.log.segment.size.max = 1048576 (custom)
2019-09-26 13:29:14,390 [pool-37-thread-1] INFO  server.RaftServerConfigKeys (ConfUtils.java:logGet(43)) - raft.server.log.preallocated.size = 16384 (custom)
2019-09-26 13:29:14,390 [pool-37-thread-1] INFO  server.RaftServerConfigKeys (ConfUtils.java:logGet(43)) - raft.server.log.write.buffer.size = 33554432 (custom)
2019-09-26 13:29:14,390 [pool-37-thread-1] INFO  server.RaftServerConfigKeys (ConfUtils.java:logGet(43)) - raft.server.log.force.sync.num = 128 (default)
2019-09-26 13:29:14,390 [pool-37-thread-1] INFO  server.RaftServerConfigKeys (ConfUtils.java:logGet(43)) - raft.server.log.statemachine.data.sync = true (default)
2019-09-26 13:29:14,391 [pool-37-thread-1] INFO  server.RaftServerConfigKeys (ConfUtils.java:logGet(43)) - raft.server.log.statemachine.data.sync.timeout = 10s (default)
2019-09-26 13:29:14,391 [pool-37-thread-1] INFO  server.RaftServerConfigKeys (ConfUtils.java:logGet(43)) - raft.server.log.statemachine.data.sync.timeout.retry = -1 (default)
2019-09-26 13:29:14,391 [pool-37-thread-1] INFO  server.RaftServerConfigKeys (ConfUtils.java:logGet(43)) - raft.server.log.statemachine.data.caching.enabled = true (custom)
2019-09-26 13:29:14,391 [pool-37-thread-1] INFO  segmented.SegmentedRaftLogWorker (SegmentedRaftLogWorker.java:lambda$new$0(132)) - 921dbd79-5e7d-43e7-a946-6392aa4a26bd@group-F9CCE9B6E43C-SegmentedRaftLogWorker: flushIndex: setUnconditionally 0 -> -1
2019-09-26 13:29:14,391 [pool-37-thread-1] INFO  server.RaftServerConfigKeys (ConfUtils.java:logGet(43)) - raft.server.snapshot.auto.trigger.enabled = true (custom)
2019-09-26 13:29:14,392 [pool-37-thread-1] INFO  server.RaftServerConfigKeys (ConfUtils.java:logGet(43)) - raft.server.snapshot.auto.trigger.threshold = 10000 (custom)
2019-09-26 13:29:14,392 [pool-37-thread-1] INFO  server.RaftServerConfigKeys (ConfUtils.java:logGet(43)) - raft.server.snapshot.retention.num.files = 5 (custom)
2019-09-26 13:29:14,392 [pool-37-thread-1] INFO  server.RaftServerConfigKeys (ConfUtils.java:logGet(43)) - raft.server.retrycache.expirytime = 600000ms (custom)
2019-09-26 13:29:14,395 [pool-37-thread-1] INFO  impl.RaftServerImpl (RaftServerImpl.java:start(185)) - 921dbd79-5e7d-43e7-a946-6392aa4a26bd@group-F9CCE9B6E43C: start as a follower, conf=-1: [921dbd79-5e7d-43e7-a946-6392aa4a26bd:192.168.164.238:34388], old=null
2019-09-26 13:29:14,395 [pool-37-thread-1] INFO  impl.RaftServerImpl (RaftServerImpl.java:setRole(174)) - 921dbd79-5e7d-43e7-a946-6392aa4a26bd@group-F9CCE9B6E43C: changes role from      null to FOLLOWER at term 0 for startAsFollower
2019-09-26 13:29:14,395 [pool-37-thread-1] INFO  impl.RoleInfo (RoleInfo.java:updateAndGet(143)) - 921dbd79-5e7d-43e7-a946-6392aa4a26bd: start FollowerState
2019-09-26 13:29:14,395 [pool-37-thread-1] INFO  util.JmxRegister (JmxRegister.java:tryRegister(44)) - Successfully registered JMX Bean with object name Ratis:service=RaftServer,group=group-F9CCE9B6E43C,id=921dbd79-5e7d-43e7-a946-6392aa4a26bd
2019-09-26 13:29:14,403 [RatisPipelineUtilsThread] INFO  pipeline.PipelineStateManager (PipelineStateManager.java:addPipeline(56)) - Created pipeline Pipeline[ Id: 3c3023bd-1f7e-4a30-9afd-f9cce9b6e43c, Nodes: 921dbd79-5e7d-43e7-a946-6392aa4a26bd{ip: 192.168.164.238, host: pr-hdds-1569-87zkn-1081879488, networkLocation: /default-rack, certSerialId: null}, Type:RATIS, Factor:ONE, State:OPEN]
2019-09-26 13:29:14,403 [RatisPipelineUtilsThread] INFO  pipeline.PipelinePlacementPolicy (PipelinePlacementPolicy.java:meetCriteria(91)) - Pipeline Placement: can't place more pipeline on heavy datanode： 921dbd79-5e7d-43e7-a946-6392aa4a26bd Heaviness: 6 limit: 5
2019-09-26 13:29:14,417 [grpc-default-executor-0] INFO  impl.RaftServerProxy (RaftServerProxy.java:addNew(89)) - 8cfabaed-6bfa-4340-a894-a45e2e16f787: addNew group-E4C2271F0460:[8cfabaed-6bfa-4340-a894-a45e2e16f787:192.168.164.238:43170] returns group-E4C2271F0460:java.util.concurrent.CompletableFuture@42489bf1[Not completed]
2019-09-26 13:29:14,422 [pool-97-thread-1] INFO  impl.RaftServerImpl (RaftServerImpl.java:<init>(95)) - 8cfabaed-6bfa-4340-a894-a45e2e16f787: new RaftServerImpl for group-E4C2271F0460:[8cfabaed-6bfa-4340-a894-a45e2e16f787:192.168.164.238:43170] with ContainerStateMachine:uninitialized
2019-09-26 13:29:14,422 [pool-97-thread-1] INFO  server.RaftServerConfigKeys (ConfUtils.java:logGet(43)) - raft.server.rpc.timeout.min = 5s (custom)
2019-09-26 13:29:14,423 [pool-97-thread-1] INFO  server.RaftServerConfigKeys (ConfUtils.java:logGet(43)) - raft.server.rpc.timeout.max = 5200ms (custom)
2019-09-26 13:29:14,423 [pool-97-thread-1] INFO  server.RaftServerConfigKeys (ConfUtils.java:logGet(43)) - raft.server.rpcslowness.timeout = 120s (custom)
2019-09-26 13:29:14,423 [pool-97-thread-1] INFO  server.RaftServerConfigKeys (ConfUtils.java:logGet(43)) - raft.server.sleep.deviation.threshold = 300 (default)
2019-09-26 13:29:14,423 [pool-97-thread-1] INFO  server.RaftServerConfigKeys (ConfUtils.java:logGet(43)) - raft.server.log.appender.install.snapshot.enabled = false (custom)
2019-09-26 13:29:14,423 [pool-97-thread-1] INFO  impl.RaftServerImpl (ServerState.java:<init>(103)) - 8cfabaed-6bfa-4340-a894-a45e2e16f787@group-E4C2271F0460: ConfigurationManager, init=-1: [8cfabaed-6bfa-4340-a894-a45e2e16f787:192.168.164.238:43170], old=null, confs=<EMPTY_MAP>
2019-09-26 13:29:14,423 [pool-97-thread-1] INFO  server.RaftServerConfigKeys (ConfUtils.java:logGet(43)) - raft.server.storage.dir = [/workdir/hadoop-ozone/ozonefs/target/test-dir/MiniOzoneClusterImpl-8b6a8972-8eda-4f33-b3cf-a560ba2c5b87/datanode-7/data/ratis] (custom)
2019-09-26 13:29:14,424 [pool-97-thread-1] INFO  storage.RaftStorageDirectory (RaftStorageDirectory.java:analyzeStorage(246)) - The storage directory /workdir/hadoop-ozone/ozonefs/target/test-dir/MiniOzoneClusterImpl-8b6a8972-8eda-4f33-b3cf-a560ba2c5b87/datanode-7/data/ratis/a36b035b-7033-47da-8651-e4c2271f0460 does not exist. Creating ...
2019-09-26 13:29:14,431 [pool-97-thread-1] INFO  storage.RaftStorageDirectory (RaftStorageDirectory.java:tryLock(328)) - Lock on /workdir/hadoop-ozone/ozonefs/target/test-dir/MiniOzoneClusterImpl-8b6a8972-8eda-4f33-b3cf-a560ba2c5b87/datanode-7/data/ratis/a36b035b-7033-47da-8651-e4c2271f0460/in_use.lock acquired by nodename 6686@pr-hdds-1569-87zkn-1081879488
2019-09-26 13:29:14,435 [pool-97-thread-1] INFO  storage.RaftStorage (RaftStorage.java:format(72)) - Storage directory /workdir/hadoop-ozone/ozonefs/target/test-dir/MiniOzoneClusterImpl-8b6a8972-8eda-4f33-b3cf-a560ba2c5b87/datanode-7/data/ratis/a36b035b-7033-47da-8651-e4c2271f0460 has been successfully formatted.
2019-09-26 13:29:14,435 [pool-97-thread-1] INFO  ratis.ContainerStateMachine (ContainerStateMachine.java:loadSnapshot(230)) - group-E4C2271F0460: The snapshot info is null. Setting the last applied indexto:(t:0, i:~)
2019-09-26 13:29:14,436 [pool-97-thread-1] INFO  server.RaftServerConfigKeys (ConfUtils.java:logGet(43)) - raft.server.notification.no-leader.timeout = 120s (custom)
2019-09-26 13:29:14,436 [pool-97-thread-1] INFO  server.RaftServerConfigKeys (ConfUtils.java:logGet(43)) - raft.server.log.use.memory = false (default)
2019-09-26 13:29:14,436 [pool-97-thread-1] INFO  server.RaftServerConfigKeys (ConfUtils.java:logGet(43)) - raft.server.log.purge.gap = 1000000 (custom)
2019-09-26 13:29:14,436 [pool-97-thread-1] INFO  server.RaftServerConfigKeys (ConfUtils.java:logGet(43)) - raft.server.log.appender.buffer.byte-limit = 33554432 (custom)
2019-09-26 13:29:14,436 [pool-97-thread-1] INFO  server.RaftServerConfigKeys (ConfUtils.java:logGet(43)) - raft.server.log.segment.size.max = 1048576 (custom)
2019-09-26 13:29:14,436 [pool-97-thread-1] INFO  server.RaftServerConfigKeys (ConfUtils.java:logGet(43)) - raft.server.log.segment.cache.num.max = 2 (custom)
2019-09-26 13:29:14,436 [pool-97-thread-1] INFO  segmented.SegmentedRaftLogWorker (SegmentedRaftLogWorker.java:<init>(172)) - new 8cfabaed-6bfa-4340-a894-a45e2e16f787@group-E4C2271F0460-SegmentedRaftLogWorker for RaftStorage:Storage Directory /workdir/hadoop-ozone/ozonefs/target/test-dir/MiniOzoneClusterImpl-8b6a8972-8eda-4f33-b3cf-a560ba2c5b87/datanode-7/data/ratis/a36b035b-7033-47da-8651-e4c2271f0460
2019-09-26 13:29:14,439 [pool-97-thread-1] INFO  server.RaftServerConfigKeys (ConfUtils.java:logGet(43)) - raft.server.log.queue.byte-limit = 2147483647 (custom)
2019-09-26 13:29:14,439 [pool-97-thread-1] INFO  server.RaftServerConfigKeys (ConfUtils.java:logGet(43)) - raft.server.log.queue.element-limit = 1024 (custom)
2019-09-26 13:29:14,440 [pool-97-thread-1] INFO  server.RaftServerConfigKeys (ConfUtils.java:logGet(43)) - raft.server.log.segment.size.max = 1048576 (custom)
2019-09-26 13:29:14,440 [pool-97-thread-1] INFO  server.RaftServerConfigKeys (ConfUtils.java:logGet(43)) - raft.server.log.preallocated.size = 16384 (custom)
2019-09-26 13:29:14,440 [pool-97-thread-1] INFO  server.RaftServerConfigKeys (ConfUtils.java:logGet(43)) - raft.server.log.write.buffer.size = 33554432 (custom)
2019-09-26 13:29:14,440 [pool-97-thread-1] INFO  server.RaftServerConfigKeys (ConfUtils.java:logGet(43)) - raft.server.log.force.sync.num = 128 (default)
2019-09-26 13:29:14,440 [pool-97-thread-1] INFO  server.RaftServerConfigKeys (ConfUtils.java:logGet(43)) - raft.server.log.statemachine.data.sync = true (default)
2019-09-26 13:29:14,440 [pool-97-thread-1] INFO  server.RaftServerConfigKeys (ConfUtils.java:logGet(43)) - raft.server.log.statemachine.data.sync.timeout = 10s (default)
2019-09-26 13:29:14,440 [pool-97-thread-1] INFO  server.RaftServerConfigKeys (ConfUtils.java:logGet(43)) - raft.server.log.statemachine.data.sync.timeout.retry = -1 (default)
2019-09-26 13:29:14,441 [pool-97-thread-1] INFO  server.RaftServerConfigKeys (ConfUtils.java:logGet(43)) - raft.server.log.statemachine.data.caching.enabled = true (custom)
2019-09-26 13:29:14,441 [pool-97-thread-1] INFO  segmented.SegmentedRaftLogWorker (SegmentedRaftLogWorker.java:lambda$new$0(132)) - 8cfabaed-6bfa-4340-a894-a45e2e16f787@group-E4C2271F0460-SegmentedRaftLogWorker: flushIndex: setUnconditionally 0 -> -1
2019-09-26 13:29:14,441 [pool-97-thread-1] INFO  server.RaftServerConfigKeys (ConfUtils.java:logGet(43)) - raft.server.snapshot.auto.trigger.enabled = true (custom)
2019-09-26 13:29:14,441 [pool-97-thread-1] INFO  server.RaftServerConfigKeys (ConfUtils.java:logGet(43)) - raft.server.snapshot.auto.trigger.threshold = 10000 (custom)
2019-09-26 13:29:14,441 [pool-97-thread-1] INFO  server.RaftServerConfigKeys (ConfUtils.java:logGet(43)) - raft.server.snapshot.retention.num.files = 5 (custom)
2019-09-26 13:29:14,442 [pool-97-thread-1] INFO  server.RaftServerConfigKeys (ConfUtils.java:logGet(43)) - raft.server.retrycache.expirytime = 600000ms (custom)
2019-09-26 13:29:14,444 [pool-97-thread-1] INFO  impl.RaftServerImpl (RaftServerImpl.java:start(185)) - 8cfabaed-6bfa-4340-a894-a45e2e16f787@group-E4C2271F0460: start as a follower, conf=-1: [8cfabaed-6bfa-4340-a894-a45e2e16f787:192.168.164.238:43170], old=null
2019-09-26 13:29:14,444 [pool-97-thread-1] INFO  impl.RaftServerImpl (RaftServerImpl.java:setRole(174)) - 8cfabaed-6bfa-4340-a894-a45e2e16f787@group-E4C2271F0460: changes role from      null to FOLLOWER at term 0 for startAsFollower
2019-09-26 13:29:14,445 [pool-97-thread-1] INFO  impl.RoleInfo (RoleInfo.java:updateAndGet(143)) - 8cfabaed-6bfa-4340-a894-a45e2e16f787: start FollowerState
2019-09-26 13:29:14,445 [pool-97-thread-1] INFO  util.JmxRegister (JmxRegister.java:tryRegister(44)) - Successfully registered JMX Bean with object name Ratis:service=RaftServer,group=group-E4C2271F0460,id=8cfabaed-6bfa-4340-a894-a45e2e16f787
2019-09-26 13:29:14,453 [RatisPipelineUtilsThread] INFO  pipeline.PipelineStateManager (PipelineStateManager.java:addPipeline(56)) - Created pipeline Pipeline[ Id: a36b035b-7033-47da-8651-e4c2271f0460, Nodes: 8cfabaed-6bfa-4340-a894-a45e2e16f787{ip: 192.168.164.238, host: pr-hdds-1569-87zkn-1081879488, networkLocation: /default-rack, certSerialId: null}, Type:RATIS, Factor:ONE, State:OPEN]
2019-09-26 13:29:14,453 [RatisPipelineUtilsThread] INFO  pipeline.PipelinePlacementPolicy (PipelinePlacementPolicy.java:meetCriteria(91)) - Pipeline Placement: can't place more pipeline on heavy datanode： 921dbd79-5e7d-43e7-a946-6392aa4a26bd Heaviness: 6 limit: 5
2019-09-26 13:29:14,484 [grpc-default-executor-0] INFO  impl.RaftServerProxy (RaftServerProxy.java:addNew(89)) - 84fdec62-d817-45bb-98fc-971264b4d85b: addNew group-432C78D1522D:[84fdec62-d817-45bb-98fc-971264b4d85b:192.168.164.238:44616] returns group-432C78D1522D:java.util.concurrent.CompletableFuture@3c018cce[Not completed]
2019-09-26 13:29:14,485 [pool-47-thread-1] INFO  impl.RaftServerImpl (RaftServerImpl.java:<init>(95)) - 84fdec62-d817-45bb-98fc-971264b4d85b: new RaftServerImpl for group-432C78D1522D:[84fdec62-d817-45bb-98fc-971264b4d85b:192.168.164.238:44616] with ContainerStateMachine:uninitialized
2019-09-26 13:29:14,485 [pool-47-thread-1] INFO  server.RaftServerConfigKeys (ConfUtils.java:logGet(43)) - raft.server.rpc.timeout.min = 5s (custom)
2019-09-26 13:29:14,485 [pool-47-thread-1] INFO  server.RaftServerConfigKeys (ConfUtils.java:logGet(43)) - raft.server.rpc.timeout.max = 5200ms (custom)
2019-09-26 13:29:14,485 [pool-47-thread-1] INFO  server.RaftServerConfigKeys (ConfUtils.java:logGet(43)) - raft.server.rpcslowness.timeout = 120s (custom)
2019-09-26 13:29:14,485 [pool-47-thread-1] INFO  server.RaftServerConfigKeys (ConfUtils.java:logGet(43)) - raft.server.sleep.deviation.threshold = 300 (default)
2019-09-26 13:29:14,486 [pool-47-thread-1] INFO  server.RaftServerConfigKeys (ConfUtils.java:logGet(43)) - raft.server.log.appender.install.snapshot.enabled = false (custom)
2019-09-26 13:29:14,486 [pool-47-thread-1] INFO  impl.RaftServerImpl (ServerState.java:<init>(103)) - 84fdec62-d817-45bb-98fc-971264b4d85b@group-432C78D1522D: ConfigurationManager, init=-1: [84fdec62-d817-45bb-98fc-971264b4d85b:192.168.164.238:44616], old=null, confs=<EMPTY_MAP>
2019-09-26 13:29:14,486 [pool-47-thread-1] INFO  server.RaftServerConfigKeys (ConfUtils.java:logGet(43)) - raft.server.storage.dir = [/workdir/hadoop-ozone/ozonefs/target/test-dir/MiniOzoneClusterImpl-8b6a8972-8eda-4f33-b3cf-a560ba2c5b87/datanode-2/data/ratis] (custom)
2019-09-26 13:29:14,486 [pool-47-thread-1] INFO  storage.RaftStorageDirectory (RaftStorageDirectory.java:analyzeStorage(246)) - The storage directory /workdir/hadoop-ozone/ozonefs/target/test-dir/MiniOzoneClusterImpl-8b6a8972-8eda-4f33-b3cf-a560ba2c5b87/datanode-2/data/ratis/795845db-b5ab-4c8e-81aa-432c78d1522d does not exist. Creating ...
2019-09-26 13:29:14,494 [pool-47-thread-1] INFO  storage.RaftStorageDirectory (RaftStorageDirectory.java:tryLock(328)) - Lock on /workdir/hadoop-ozone/ozonefs/target/test-dir/MiniOzoneClusterImpl-8b6a8972-8eda-4f33-b3cf-a560ba2c5b87/datanode-2/data/ratis/795845db-b5ab-4c8e-81aa-432c78d1522d/in_use.lock acquired by nodename 6686@pr-hdds-1569-87zkn-1081879488
2019-09-26 13:29:14,509 [pool-47-thread-1] INFO  storage.RaftStorage (RaftStorage.java:format(72)) - Storage directory /workdir/hadoop-ozone/ozonefs/target/test-dir/MiniOzoneClusterImpl-8b6a8972-8eda-4f33-b3cf-a560ba2c5b87/datanode-2/data/ratis/795845db-b5ab-4c8e-81aa-432c78d1522d has been successfully formatted.
2019-09-26 13:29:14,510 [pool-47-thread-1] INFO  ratis.ContainerStateMachine (ContainerStateMachine.java:loadSnapshot(230)) - group-432C78D1522D: The snapshot info is null. Setting the last applied indexto:(t:0, i:~)
2019-09-26 13:29:14,510 [pool-47-thread-1] INFO  server.RaftServerConfigKeys (ConfUtils.java:logGet(43)) - raft.server.notification.no-leader.timeout = 120s (custom)
2019-09-26 13:29:14,510 [pool-47-thread-1] INFO  server.RaftServerConfigKeys (ConfUtils.java:logGet(43)) - raft.server.log.use.memory = false (default)
2019-09-26 13:29:14,510 [pool-47-thread-1] INFO  server.RaftServerConfigKeys (ConfUtils.java:logGet(43)) - raft.server.log.purge.gap = 1000000 (custom)
2019-09-26 13:29:14,510 [pool-47-thread-1] INFO  server.RaftServerConfigKeys (ConfUtils.java:logGet(43)) - raft.server.log.appender.buffer.byte-limit = 33554432 (custom)
2019-09-26 13:29:14,510 [pool-47-thread-1] INFO  server.RaftServerConfigKeys (ConfUtils.java:logGet(43)) - raft.server.log.segment.size.max = 1048576 (custom)
2019-09-26 13:29:14,510 [pool-47-thread-1] INFO  server.RaftServerConfigKeys (ConfUtils.java:logGet(43)) - raft.server.log.segment.cache.num.max = 2 (custom)
2019-09-26 13:29:14,513 [pool-47-thread-1] INFO  segmented.SegmentedRaftLogWorker (SegmentedRaftLogWorker.java:<init>(172)) - new 84fdec62-d817-45bb-98fc-971264b4d85b@group-432C78D1522D-SegmentedRaftLogWorker for RaftStorage:Storage Directory /workdir/hadoop-ozone/ozonefs/target/test-dir/MiniOzoneClusterImpl-8b6a8972-8eda-4f33-b3cf-a560ba2c5b87/datanode-2/data/ratis/795845db-b5ab-4c8e-81aa-432c78d1522d
2019-09-26 13:29:14,513 [pool-47-thread-1] INFO  server.RaftServerConfigKeys (ConfUtils.java:logGet(43)) - raft.server.log.queue.byte-limit = 2147483647 (custom)
2019-09-26 13:29:14,513 [pool-47-thread-1] INFO  server.RaftServerConfigKeys (ConfUtils.java:logGet(43)) - raft.server.log.queue.element-limit = 1024 (custom)
2019-09-26 13:29:14,513 [pool-47-thread-1] INFO  server.RaftServerConfigKeys (ConfUtils.java:logGet(43)) - raft.server.log.segment.size.max = 1048576 (custom)
2019-09-26 13:29:14,513 [pool-47-thread-1] INFO  server.RaftServerConfigKeys (ConfUtils.java:logGet(43)) - raft.server.log.preallocated.size = 16384 (custom)
2019-09-26 13:29:14,513 [pool-47-thread-1] INFO  server.RaftServerConfigKeys (ConfUtils.java:logGet(43)) - raft.server.log.write.buffer.size = 33554432 (custom)
2019-09-26 13:29:14,514 [pool-47-thread-1] INFO  server.RaftServerConfigKeys (ConfUtils.java:logGet(43)) - raft.server.log.force.sync.num = 128 (default)
2019-09-26 13:29:14,514 [pool-47-thread-1] INFO  server.RaftServerConfigKeys (ConfUtils.java:logGet(43)) - raft.server.log.statemachine.data.sync = true (default)
2019-09-26 13:29:14,514 [pool-47-thread-1] INFO  server.RaftServerConfigKeys (ConfUtils.java:logGet(43)) - raft.server.log.statemachine.data.sync.timeout = 10s (default)
2019-09-26 13:29:14,514 [pool-47-thread-1] INFO  server.RaftServerConfigKeys (ConfUtils.java:logGet(43)) - raft.server.log.statemachine.data.sync.timeout.retry = -1 (default)
2019-09-26 13:29:14,518 [pool-47-thread-1] INFO  server.RaftServerConfigKeys (ConfUtils.java:logGet(43)) - raft.server.log.statemachine.data.caching.enabled = true (custom)
2019-09-26 13:29:14,518 [pool-47-thread-1] INFO  segmented.SegmentedRaftLogWorker (SegmentedRaftLogWorker.java:lambda$new$0(132)) - 84fdec62-d817-45bb-98fc-971264b4d85b@group-432C78D1522D-SegmentedRaftLogWorker: flushIndex: setUnconditionally 0 -> -1
2019-09-26 13:29:14,518 [pool-47-thread-1] INFO  server.RaftServerConfigKeys (ConfUtils.java:logGet(43)) - raft.server.snapshot.auto.trigger.enabled = true (custom)
2019-09-26 13:29:14,519 [pool-47-thread-1] INFO  server.RaftServerConfigKeys (ConfUtils.java:logGet(43)) - raft.server.snapshot.auto.trigger.threshold = 10000 (custom)
2019-09-26 13:29:14,519 [pool-47-thread-1] INFO  server.RaftServerConfigKeys (ConfUtils.java:logGet(43)) - raft.server.snapshot.retention.num.files = 5 (custom)
2019-09-26 13:29:14,519 [pool-47-thread-1] INFO  server.RaftServerConfigKeys (ConfUtils.java:logGet(43)) - raft.server.retrycache.expirytime = 600000ms (custom)
2019-09-26 13:29:14,523 [pool-47-thread-1] INFO  impl.RaftServerImpl (RaftServerImpl.java:start(185)) - 84fdec62-d817-45bb-98fc-971264b4d85b@group-432C78D1522D: start as a follower, conf=-1: [84fdec62-d817-45bb-98fc-971264b4d85b:192.168.164.238:44616], old=null
2019-09-26 13:29:14,524 [pool-47-thread-1] INFO  impl.RaftServerImpl (RaftServerImpl.java:setRole(174)) - 84fdec62-d817-45bb-98fc-971264b4d85b@group-432C78D1522D: changes role from      null to FOLLOWER at term 0 for startAsFollower
2019-09-26 13:29:14,524 [pool-47-thread-1] INFO  impl.RoleInfo (RoleInfo.java:updateAndGet(143)) - 84fdec62-d817-45bb-98fc-971264b4d85b: start FollowerState
2019-09-26 13:29:14,524 [pool-47-thread-1] INFO  util.JmxRegister (JmxRegister.java:tryRegister(44)) - Successfully registered JMX Bean with object name Ratis:service=RaftServer,group=group-432C78D1522D,id=84fdec62-d817-45bb-98fc-971264b4d85b
2019-09-26 13:29:14,529 [RatisPipelineUtilsThread] INFO  pipeline.PipelineStateManager (PipelineStateManager.java:addPipeline(56)) - Created pipeline Pipeline[ Id: 795845db-b5ab-4c8e-81aa-432c78d1522d, Nodes: 84fdec62-d817-45bb-98fc-971264b4d85b{ip: 192.168.164.238, host: pr-hdds-1569-87zkn-1081879488, networkLocation: /default-rack, certSerialId: null}, Type:RATIS, Factor:ONE, State:OPEN]
2019-09-26 13:29:14,530 [RatisPipelineUtilsThread] INFO  pipeline.PipelinePlacementPolicy (PipelinePlacementPolicy.java:meetCriteria(91)) - Pipeline Placement: can't place more pipeline on heavy datanode： 921dbd79-5e7d-43e7-a946-6392aa4a26bd Heaviness: 6 limit: 5
2019-09-26 13:29:14,563 [grpc-default-executor-0] INFO  impl.RaftServerProxy (RaftServerProxy.java:addNew(89)) - 6bbb30bf-68fb-49c7-a700-39ca06a4595f: addNew group-DFAD47E31AE7:[6bbb30bf-68fb-49c7-a700-39ca06a4595f:192.168.164.238:44498] returns group-DFAD47E31AE7:java.util.concurrent.CompletableFuture@c2b3e48[Not completed]
2019-09-26 13:29:14,564 [pool-57-thread-1] INFO  impl.RaftServerImpl (RaftServerImpl.java:<init>(95)) - 6bbb30bf-68fb-49c7-a700-39ca06a4595f: new RaftServerImpl for group-DFAD47E31AE7:[6bbb30bf-68fb-49c7-a700-39ca06a4595f:192.168.164.238:44498] with ContainerStateMachine:uninitialized
2019-09-26 13:29:14,564 [pool-57-thread-1] INFO  server.RaftServerConfigKeys (ConfUtils.java:logGet(43)) - raft.server.rpc.timeout.min = 5s (custom)
2019-09-26 13:29:14,564 [pool-57-thread-1] INFO  server.RaftServerConfigKeys (ConfUtils.java:logGet(43)) - raft.server.rpc.timeout.max = 5200ms (custom)
2019-09-26 13:29:14,564 [pool-57-thread-1] INFO  server.RaftServerConfigKeys (ConfUtils.java:logGet(43)) - raft.server.rpcslowness.timeout = 120s (custom)
2019-09-26 13:29:14,565 [pool-57-thread-1] INFO  server.RaftServerConfigKeys (ConfUtils.java:logGet(43)) - raft.server.sleep.deviation.threshold = 300 (default)
2019-09-26 13:29:14,565 [pool-57-thread-1] INFO  server.RaftServerConfigKeys (ConfUtils.java:logGet(43)) - raft.server.log.appender.install.snapshot.enabled = false (custom)
2019-09-26 13:29:14,565 [pool-57-thread-1] INFO  impl.RaftServerImpl (ServerState.java:<init>(103)) - 6bbb30bf-68fb-49c7-a700-39ca06a4595f@group-DFAD47E31AE7: ConfigurationManager, init=-1: [6bbb30bf-68fb-49c7-a700-39ca06a4595f:192.168.164.238:44498], old=null, confs=<EMPTY_MAP>
2019-09-26 13:29:14,565 [pool-57-thread-1] INFO  server.RaftServerConfigKeys (ConfUtils.java:logGet(43)) - raft.server.storage.dir = [/workdir/hadoop-ozone/ozonefs/target/test-dir/MiniOzoneClusterImpl-8b6a8972-8eda-4f33-b3cf-a560ba2c5b87/datanode-3/data/ratis] (custom)
2019-09-26 13:29:14,565 [pool-57-thread-1] INFO  storage.RaftStorageDirectory (RaftStorageDirectory.java:analyzeStorage(246)) - The storage directory /workdir/hadoop-ozone/ozonefs/target/test-dir/MiniOzoneClusterImpl-8b6a8972-8eda-4f33-b3cf-a560ba2c5b87/datanode-3/data/ratis/28ef5497-2d1a-492c-a8dc-dfad47e31ae7 does not exist. Creating ...
2019-09-26 13:29:14,584 [pool-57-thread-1] INFO  storage.RaftStorageDirectory (RaftStorageDirectory.java:tryLock(328)) - Lock on /workdir/hadoop-ozone/ozonefs/target/test-dir/MiniOzoneClusterImpl-8b6a8972-8eda-4f33-b3cf-a560ba2c5b87/datanode-3/data/ratis/28ef5497-2d1a-492c-a8dc-dfad47e31ae7/in_use.lock acquired by nodename 6686@pr-hdds-1569-87zkn-1081879488
2019-09-26 13:29:14,604 [main] INFO  rpc.RpcClient (RpcClient.java:createVolume(276)) - Creating Volume: volume42416, with user33255 as owner.
2019-09-26 13:29:14,606 [pool-57-thread-1] INFO  storage.RaftStorage (RaftStorage.java:format(72)) - Storage directory /workdir/hadoop-ozone/ozonefs/target/test-dir/MiniOzoneClusterImpl-8b6a8972-8eda-4f33-b3cf-a560ba2c5b87/datanode-3/data/ratis/28ef5497-2d1a-492c-a8dc-dfad47e31ae7 has been successfully formatted.
2019-09-26 13:29:14,607 [pool-57-thread-1] INFO  ratis.ContainerStateMachine (ContainerStateMachine.java:loadSnapshot(230)) - group-DFAD47E31AE7: The snapshot info is null. Setting the last applied indexto:(t:0, i:~)
2019-09-26 13:29:14,607 [pool-57-thread-1] INFO  server.RaftServerConfigKeys (ConfUtils.java:logGet(43)) - raft.server.notification.no-leader.timeout = 120s (custom)
2019-09-26 13:29:14,607 [pool-57-thread-1] INFO  server.RaftServerConfigKeys (ConfUtils.java:logGet(43)) - raft.server.log.use.memory = false (default)
2019-09-26 13:29:14,607 [pool-57-thread-1] INFO  server.RaftServerConfigKeys (ConfUtils.java:logGet(43)) - raft.server.log.purge.gap = 1000000 (custom)
2019-09-26 13:29:14,607 [pool-57-thread-1] INFO  server.RaftServerConfigKeys (ConfUtils.java:logGet(43)) - raft.server.log.appender.buffer.byte-limit = 33554432 (custom)
2019-09-26 13:29:14,607 [pool-57-thread-1] INFO  server.RaftServerConfigKeys (ConfUtils.java:logGet(43)) - raft.server.log.segment.size.max = 1048576 (custom)
2019-09-26 13:29:14,607 [pool-57-thread-1] INFO  server.RaftServerConfigKeys (ConfUtils.java:logGet(43)) - raft.server.log.segment.cache.num.max = 2 (custom)
2019-09-26 13:29:14,608 [pool-57-thread-1] INFO  segmented.SegmentedRaftLogWorker (SegmentedRaftLogWorker.java:<init>(172)) - new 6bbb30bf-68fb-49c7-a700-39ca06a4595f@group-DFAD47E31AE7-SegmentedRaftLogWorker for RaftStorage:Storage Directory /workdir/hadoop-ozone/ozonefs/target/test-dir/MiniOzoneClusterImpl-8b6a8972-8eda-4f33-b3cf-a560ba2c5b87/datanode-3/data/ratis/28ef5497-2d1a-492c-a8dc-dfad47e31ae7
2019-09-26 13:29:14,608 [pool-57-thread-1] INFO  server.RaftServerConfigKeys (ConfUtils.java:logGet(43)) - raft.server.log.queue.byte-limit = 2147483647 (custom)
2019-09-26 13:29:14,608 [pool-57-thread-1] INFO  server.RaftServerConfigKeys (ConfUtils.java:logGet(43)) - raft.server.log.queue.element-limit = 1024 (custom)
2019-09-26 13:29:14,608 [pool-57-thread-1] INFO  server.RaftServerConfigKeys (ConfUtils.java:logGet(43)) - raft.server.log.segment.size.max = 1048576 (custom)
2019-09-26 13:29:14,608 [pool-57-thread-1] INFO  server.RaftServerConfigKeys (ConfUtils.java:logGet(43)) - raft.server.log.preallocated.size = 16384 (custom)
2019-09-26 13:29:14,608 [pool-57-thread-1] INFO  server.RaftServerConfigKeys (ConfUtils.java:logGet(43)) - raft.server.log.write.buffer.size = 33554432 (custom)
2019-09-26 13:29:14,608 [pool-57-thread-1] INFO  server.RaftServerConfigKeys (ConfUtils.java:logGet(43)) - raft.server.log.force.sync.num = 128 (default)
2019-09-26 13:29:14,608 [pool-57-thread-1] INFO  server.RaftServerConfigKeys (ConfUtils.java:logGet(43)) - raft.server.log.statemachine.data.sync = true (default)
2019-09-26 13:29:14,609 [pool-57-thread-1] INFO  server.RaftServerConfigKeys (ConfUtils.java:logGet(43)) - raft.server.log.statemachine.data.sync.timeout = 10s (default)
2019-09-26 13:29:14,609 [pool-57-thread-1] INFO  server.RaftServerConfigKeys (ConfUtils.java:logGet(43)) - raft.server.log.statemachine.data.sync.timeout.retry = -1 (default)
2019-09-26 13:29:14,609 [pool-57-thread-1] INFO  server.RaftServerConfigKeys (ConfUtils.java:logGet(43)) - raft.server.log.statemachine.data.caching.enabled = true (custom)
2019-09-26 13:29:14,609 [pool-57-thread-1] INFO  segmented.SegmentedRaftLogWorker (SegmentedRaftLogWorker.java:lambda$new$0(132)) - 6bbb30bf-68fb-49c7-a700-39ca06a4595f@group-DFAD47E31AE7-SegmentedRaftLogWorker: flushIndex: setUnconditionally 0 -> -1
2019-09-26 13:29:14,609 [pool-57-thread-1] INFO  server.RaftServerConfigKeys (ConfUtils.java:logGet(43)) - raft.server.snapshot.auto.trigger.enabled = true (custom)
2019-09-26 13:29:14,609 [pool-57-thread-1] INFO  server.RaftServerConfigKeys (ConfUtils.java:logGet(43)) - raft.server.snapshot.auto.trigger.threshold = 10000 (custom)
2019-09-26 13:29:14,610 [pool-57-thread-1] INFO  server.RaftServerConfigKeys (ConfUtils.java:logGet(43)) - raft.server.snapshot.retention.num.files = 5 (custom)
2019-09-26 13:29:14,614 [pool-57-thread-1] INFO  server.RaftServerConfigKeys (ConfUtils.java:logGet(43)) - raft.server.retrycache.expirytime = 600000ms (custom)
2019-09-26 13:29:14,619 [pool-57-thread-1] INFO  impl.RaftServerImpl (RaftServerImpl.java:start(185)) - 6bbb30bf-68fb-49c7-a700-39ca06a4595f@group-DFAD47E31AE7: start as a follower, conf=-1: [6bbb30bf-68fb-49c7-a700-39ca06a4595f:192.168.164.238:44498], old=null
2019-09-26 13:29:14,619 [pool-57-thread-1] INFO  impl.RaftServerImpl (RaftServerImpl.java:setRole(174)) - 6bbb30bf-68fb-49c7-a700-39ca06a4595f@group-DFAD47E31AE7: changes role from      null to FOLLOWER at term 0 for startAsFollower
2019-09-26 13:29:14,619 [pool-57-thread-1] INFO  impl.RoleInfo (RoleInfo.java:updateAndGet(143)) - 6bbb30bf-68fb-49c7-a700-39ca06a4595f: start FollowerState
2019-09-26 13:29:14,629 [pool-57-thread-1] INFO  util.JmxRegister (JmxRegister.java:tryRegister(44)) - Successfully registered JMX Bean with object name Ratis:service=RaftServer,group=group-DFAD47E31AE7,id=6bbb30bf-68fb-49c7-a700-39ca06a4595f
2019-09-26 13:29:14,651 [RatisPipelineUtilsThread] INFO  pipeline.PipelineStateManager (PipelineStateManager.java:addPipeline(56)) - Created pipeline Pipeline[ Id: 28ef5497-2d1a-492c-a8dc-dfad47e31ae7, Nodes: 6bbb30bf-68fb-49c7-a700-39ca06a4595f{ip: 192.168.164.238, host: pr-hdds-1569-87zkn-1081879488, networkLocation: /default-rack, certSerialId: null}, Type:RATIS, Factor:ONE, State:OPEN]
2019-09-26 13:29:14,651 [RatisPipelineUtilsThread] INFO  pipeline.PipelinePlacementPolicy (PipelinePlacementPolicy.java:meetCriteria(91)) - Pipeline Placement: can't place more pipeline on heavy datanode： 921dbd79-5e7d-43e7-a946-6392aa4a26bd Heaviness: 6 limit: 5
2019-09-26 13:29:14,661 [grpc-default-executor-0] INFO  impl.RaftServerProxy (RaftServerProxy.java:addNew(89)) - 84fdec62-d817-45bb-98fc-971264b4d85b: addNew group-52B849B7C193:[84fdec62-d817-45bb-98fc-971264b4d85b:192.168.164.238:44616] returns group-52B849B7C193:java.util.concurrent.CompletableFuture@4659d86e[Not completed]
2019-09-26 13:29:14,663 [pool-47-thread-1] INFO  impl.RaftServerImpl (RaftServerImpl.java:<init>(95)) - 84fdec62-d817-45bb-98fc-971264b4d85b: new RaftServerImpl for group-52B849B7C193:[84fdec62-d817-45bb-98fc-971264b4d85b:192.168.164.238:44616] with ContainerStateMachine:uninitialized
2019-09-26 13:29:14,663 [pool-47-thread-1] INFO  server.RaftServerConfigKeys (ConfUtils.java:logGet(43)) - raft.server.rpc.timeout.min = 5s (custom)
2019-09-26 13:29:14,663 [pool-47-thread-1] INFO  server.RaftServerConfigKeys (ConfUtils.java:logGet(43)) - raft.server.rpc.timeout.max = 5200ms (custom)
2019-09-26 13:29:14,663 [pool-47-thread-1] INFO  server.RaftServerConfigKeys (ConfUtils.java:logGet(43)) - raft.server.rpcslowness.timeout = 120s (custom)
2019-09-26 13:29:14,663 [pool-47-thread-1] INFO  server.RaftServerConfigKeys (ConfUtils.java:logGet(43)) - raft.server.sleep.deviation.threshold = 300 (default)
2019-09-26 13:29:14,663 [pool-47-thread-1] INFO  server.RaftServerConfigKeys (ConfUtils.java:logGet(43)) - raft.server.log.appender.install.snapshot.enabled = false (custom)
2019-09-26 13:29:14,663 [pool-47-thread-1] INFO  impl.RaftServerImpl (ServerState.java:<init>(103)) - 84fdec62-d817-45bb-98fc-971264b4d85b@group-52B849B7C193: ConfigurationManager, init=-1: [84fdec62-d817-45bb-98fc-971264b4d85b:192.168.164.238:44616], old=null, confs=<EMPTY_MAP>
2019-09-26 13:29:14,663 [pool-47-thread-1] INFO  server.RaftServerConfigKeys (ConfUtils.java:logGet(43)) - raft.server.storage.dir = [/workdir/hadoop-ozone/ozonefs/target/test-dir/MiniOzoneClusterImpl-8b6a8972-8eda-4f33-b3cf-a560ba2c5b87/datanode-2/data/ratis] (custom)
2019-09-26 13:29:14,664 [pool-47-thread-1] INFO  storage.RaftStorageDirectory (RaftStorageDirectory.java:analyzeStorage(246)) - The storage directory /workdir/hadoop-ozone/ozonefs/target/test-dir/MiniOzoneClusterImpl-8b6a8972-8eda-4f33-b3cf-a560ba2c5b87/datanode-2/data/ratis/0ec8c3e4-1baa-47ea-8cdf-52b849b7c193 does not exist. Creating ...
2019-09-26 13:29:14,684 [pool-47-thread-1] INFO  storage.RaftStorageDirectory (RaftStorageDirectory.java:tryLock(328)) - Lock on /workdir/hadoop-ozone/ozonefs/target/test-dir/MiniOzoneClusterImpl-8b6a8972-8eda-4f33-b3cf-a560ba2c5b87/datanode-2/data/ratis/0ec8c3e4-1baa-47ea-8cdf-52b849b7c193/in_use.lock acquired by nodename 6686@pr-hdds-1569-87zkn-1081879488
2019-09-26 13:29:14,699 [pool-47-thread-1] INFO  storage.RaftStorage (RaftStorage.java:format(72)) - Storage directory /workdir/hadoop-ozone/ozonefs/target/test-dir/MiniOzoneClusterImpl-8b6a8972-8eda-4f33-b3cf-a560ba2c5b87/datanode-2/data/ratis/0ec8c3e4-1baa-47ea-8cdf-52b849b7c193 has been successfully formatted.
2019-09-26 13:29:14,700 [pool-47-thread-1] INFO  ratis.ContainerStateMachine (ContainerStateMachine.java:loadSnapshot(230)) - group-52B849B7C193: The snapshot info is null. Setting the last applied indexto:(t:0, i:~)
2019-09-26 13:29:14,700 [pool-47-thread-1] INFO  server.RaftServerConfigKeys (ConfUtils.java:logGet(43)) - raft.server.notification.no-leader.timeout = 120s (custom)
2019-09-26 13:29:14,700 [pool-47-thread-1] INFO  server.RaftServerConfigKeys (ConfUtils.java:logGet(43)) - raft.server.log.use.memory = false (default)
2019-09-26 13:29:14,700 [pool-47-thread-1] INFO  server.RaftServerConfigKeys (ConfUtils.java:logGet(43)) - raft.server.log.purge.gap = 1000000 (custom)
2019-09-26 13:29:14,700 [pool-47-thread-1] INFO  server.RaftServerConfigKeys (ConfUtils.java:logGet(43)) - raft.server.log.appender.buffer.byte-limit = 33554432 (custom)
2019-09-26 13:29:14,700 [pool-47-thread-1] INFO  server.RaftServerConfigKeys (ConfUtils.java:logGet(43)) - raft.server.log.segment.size.max = 1048576 (custom)
2019-09-26 13:29:14,701 [pool-47-thread-1] INFO  server.RaftServerConfigKeys (ConfUtils.java:logGet(43)) - raft.server.log.segment.cache.num.max = 2 (custom)
2019-09-26 13:29:14,701 [pool-47-thread-1] INFO  segmented.SegmentedRaftLogWorker (SegmentedRaftLogWorker.java:<init>(172)) - new 84fdec62-d817-45bb-98fc-971264b4d85b@group-52B849B7C193-SegmentedRaftLogWorker for RaftStorage:Storage Directory /workdir/hadoop-ozone/ozonefs/target/test-dir/MiniOzoneClusterImpl-8b6a8972-8eda-4f33-b3cf-a560ba2c5b87/datanode-2/data/ratis/0ec8c3e4-1baa-47ea-8cdf-52b849b7c193
2019-09-26 13:29:14,701 [pool-47-thread-1] INFO  server.RaftServerConfigKeys (ConfUtils.java:logGet(43)) - raft.server.log.queue.byte-limit = 2147483647 (custom)
2019-09-26 13:29:14,701 [pool-47-thread-1] INFO  server.RaftServerConfigKeys (ConfUtils.java:logGet(43)) - raft.server.log.queue.element-limit = 1024 (custom)
2019-09-26 13:29:14,701 [pool-47-thread-1] INFO  server.RaftServerConfigKeys (ConfUtils.java:logGet(43)) - raft.server.log.segment.size.max = 1048576 (custom)
2019-09-26 13:29:14,701 [pool-47-thread-1] INFO  server.RaftServerConfigKeys (ConfUtils.java:logGet(43)) - raft.server.log.preallocated.size = 16384 (custom)
2019-09-26 13:29:14,701 [pool-47-thread-1] INFO  server.RaftServerConfigKeys (ConfUtils.java:logGet(43)) - raft.server.log.write.buffer.size = 33554432 (custom)
2019-09-26 13:29:14,701 [pool-47-thread-1] INFO  server.RaftServerConfigKeys (ConfUtils.java:logGet(43)) - raft.server.log.force.sync.num = 128 (default)
2019-09-26 13:29:14,702 [pool-47-thread-1] INFO  server.RaftServerConfigKeys (ConfUtils.java:logGet(43)) - raft.server.log.statemachine.data.sync = true (default)
2019-09-26 13:29:14,702 [pool-47-thread-1] INFO  server.RaftServerConfigKeys (ConfUtils.java:logGet(43)) - raft.server.log.statemachine.data.sync.timeout = 10s (default)
2019-09-26 13:29:14,702 [pool-47-thread-1] INFO  server.RaftServerConfigKeys (ConfUtils.java:logGet(43)) - raft.server.log.statemachine.data.sync.timeout.retry = -1 (default)
2019-09-26 13:29:14,702 [pool-47-thread-1] INFO  server.RaftServerConfigKeys (ConfUtils.java:logGet(43)) - raft.server.log.statemachine.data.caching.enabled = true (custom)
2019-09-26 13:29:14,702 [pool-47-thread-1] INFO  segmented.SegmentedRaftLogWorker (SegmentedRaftLogWorker.java:lambda$new$0(132)) - 84fdec62-d817-45bb-98fc-971264b4d85b@group-52B849B7C193-SegmentedRaftLogWorker: flushIndex: setUnconditionally 0 -> -1
2019-09-26 13:29:14,702 [pool-47-thread-1] INFO  server.RaftServerConfigKeys (ConfUtils.java:logGet(43)) - raft.server.snapshot.auto.trigger.enabled = true (custom)
2019-09-26 13:29:14,703 [pool-47-thread-1] INFO  server.RaftServerConfigKeys (ConfUtils.java:logGet(43)) - raft.server.snapshot.auto.trigger.threshold = 10000 (custom)
2019-09-26 13:29:14,703 [pool-47-thread-1] INFO  server.RaftServerConfigKeys (ConfUtils.java:logGet(43)) - raft.server.snapshot.retention.num.files = 5 (custom)
2019-09-26 13:29:14,703 [pool-47-thread-1] INFO  server.RaftServerConfigKeys (ConfUtils.java:logGet(43)) - raft.server.retrycache.expirytime = 600000ms (custom)
2019-09-26 13:29:14,705 [pool-47-thread-1] INFO  impl.RaftServerImpl (RaftServerImpl.java:start(185)) - 84fdec62-d817-45bb-98fc-971264b4d85b@group-52B849B7C193: start as a follower, conf=-1: [84fdec62-d817-45bb-98fc-971264b4d85b:192.168.164.238:44616], old=null
2019-09-26 13:29:14,705 [pool-47-thread-1] INFO  impl.RaftServerImpl (RaftServerImpl.java:setRole(174)) - 84fdec62-d817-45bb-98fc-971264b4d85b@group-52B849B7C193: changes role from      null to FOLLOWER at term 0 for startAsFollower
2019-09-26 13:29:14,705 [pool-47-thread-1] INFO  impl.RoleInfo (RoleInfo.java:updateAndGet(143)) - 84fdec62-d817-45bb-98fc-971264b4d85b: start FollowerState
2019-09-26 13:29:14,706 [pool-47-thread-1] INFO  util.JmxRegister (JmxRegister.java:tryRegister(44)) - Successfully registered JMX Bean with object name Ratis:service=RaftServer,group=group-52B849B7C193,id=84fdec62-d817-45bb-98fc-971264b4d85b
2019-09-26 13:29:14,711 [RatisPipelineUtilsThread] INFO  pipeline.PipelineStateManager (PipelineStateManager.java:addPipeline(56)) - Created pipeline Pipeline[ Id: 0ec8c3e4-1baa-47ea-8cdf-52b849b7c193, Nodes: 84fdec62-d817-45bb-98fc-971264b4d85b{ip: 192.168.164.238, host: pr-hdds-1569-87zkn-1081879488, networkLocation: /default-rack, certSerialId: null}, Type:RATIS, Factor:ONE, State:OPEN]
2019-09-26 13:29:14,711 [RatisPipelineUtilsThread] INFO  pipeline.PipelinePlacementPolicy (PipelinePlacementPolicy.java:meetCriteria(91)) - Pipeline Placement: can't place more pipeline on heavy datanode： 921dbd79-5e7d-43e7-a946-6392aa4a26bd Heaviness: 6 limit: 5
2019-09-26 13:29:14,723 [grpc-default-executor-0] INFO  impl.RaftServerProxy (RaftServerProxy.java:addNew(89)) - 2bceee89-654d-4083-a39a-484f868bd9b7: addNew group-E8189D1321A1:[2bceee89-654d-4083-a39a-484f868bd9b7:192.168.164.238:38284] returns group-E8189D1321A1:java.util.concurrent.CompletableFuture@4c6f5201[Not completed]
2019-09-26 13:29:14,724 [pool-27-thread-1] INFO  impl.RaftServerImpl (RaftServerImpl.java:<init>(95)) - 2bceee89-654d-4083-a39a-484f868bd9b7: new RaftServerImpl for group-E8189D1321A1:[2bceee89-654d-4083-a39a-484f868bd9b7:192.168.164.238:38284] with ContainerStateMachine:uninitialized
2019-09-26 13:29:14,724 [pool-27-thread-1] INFO  server.RaftServerConfigKeys (ConfUtils.java:logGet(43)) - raft.server.rpc.timeout.min = 5s (custom)
2019-09-26 13:29:14,724 [pool-27-thread-1] INFO  server.RaftServerConfigKeys (ConfUtils.java:logGet(43)) - raft.server.rpc.timeout.max = 5200ms (custom)
2019-09-26 13:29:14,724 [pool-27-thread-1] INFO  server.RaftServerConfigKeys (ConfUtils.java:logGet(43)) - raft.server.rpcslowness.timeout = 120s (custom)
2019-09-26 13:29:14,724 [pool-27-thread-1] INFO  server.RaftServerConfigKeys (ConfUtils.java:logGet(43)) - raft.server.sleep.deviation.threshold = 300 (default)
2019-09-26 13:29:14,724 [pool-27-thread-1] INFO  server.RaftServerConfigKeys (ConfUtils.java:logGet(43)) - raft.server.log.appender.install.snapshot.enabled = false (custom)
2019-09-26 13:29:14,725 [pool-27-thread-1] INFO  impl.RaftServerImpl (ServerState.java:<init>(103)) - 2bceee89-654d-4083-a39a-484f868bd9b7@group-E8189D1321A1: ConfigurationManager, init=-1: [2bceee89-654d-4083-a39a-484f868bd9b7:192.168.164.238:38284], old=null, confs=<EMPTY_MAP>
2019-09-26 13:29:14,725 [pool-27-thread-1] INFO  server.RaftServerConfigKeys (ConfUtils.java:logGet(43)) - raft.server.storage.dir = [/workdir/hadoop-ozone/ozonefs/target/test-dir/MiniOzoneClusterImpl-8b6a8972-8eda-4f33-b3cf-a560ba2c5b87/datanode-0/data/ratis] (custom)
2019-09-26 13:29:14,725 [pool-27-thread-1] INFO  storage.RaftStorageDirectory (RaftStorageDirectory.java:analyzeStorage(246)) - The storage directory /workdir/hadoop-ozone/ozonefs/target/test-dir/MiniOzoneClusterImpl-8b6a8972-8eda-4f33-b3cf-a560ba2c5b87/datanode-0/data/ratis/4a2732a6-fd18-4ca4-b7ea-e8189d1321a1 does not exist. Creating ...
2019-09-26 13:29:14,731 [pool-27-thread-1] INFO  storage.RaftStorageDirectory (RaftStorageDirectory.java:tryLock(328)) - Lock on /workdir/hadoop-ozone/ozonefs/target/test-dir/MiniOzoneClusterImpl-8b6a8972-8eda-4f33-b3cf-a560ba2c5b87/datanode-0/data/ratis/4a2732a6-fd18-4ca4-b7ea-e8189d1321a1/in_use.lock acquired by nodename 6686@pr-hdds-1569-87zkn-1081879488
2019-09-26 13:29:14,748 [pool-27-thread-1] INFO  storage.RaftStorage (RaftStorage.java:format(72)) - Storage directory /workdir/hadoop-ozone/ozonefs/target/test-dir/MiniOzoneClusterImpl-8b6a8972-8eda-4f33-b3cf-a560ba2c5b87/datanode-0/data/ratis/4a2732a6-fd18-4ca4-b7ea-e8189d1321a1 has been successfully formatted.
2019-09-26 13:29:14,749 [pool-27-thread-1] INFO  ratis.ContainerStateMachine (ContainerStateMachine.java:loadSnapshot(230)) - group-E8189D1321A1: The snapshot info is null. Setting the last applied indexto:(t:0, i:~)
2019-09-26 13:29:14,749 [pool-27-thread-1] INFO  server.RaftServerConfigKeys (ConfUtils.java:logGet(43)) - raft.server.notification.no-leader.timeout = 120s (custom)
2019-09-26 13:29:14,749 [pool-27-thread-1] INFO  server.RaftServerConfigKeys (ConfUtils.java:logGet(43)) - raft.server.log.use.memory = false (default)
2019-09-26 13:29:14,749 [pool-27-thread-1] INFO  server.RaftServerConfigKeys (ConfUtils.java:logGet(43)) - raft.server.log.purge.gap = 1000000 (custom)
2019-09-26 13:29:14,749 [pool-27-thread-1] INFO  server.RaftServerConfigKeys (ConfUtils.java:logGet(43)) - raft.server.log.appender.buffer.byte-limit = 33554432 (custom)
2019-09-26 13:29:14,749 [pool-27-thread-1] INFO  server.RaftServerConfigKeys (ConfUtils.java:logGet(43)) - raft.server.log.segment.size.max = 1048576 (custom)
2019-09-26 13:29:14,749 [pool-27-thread-1] INFO  server.RaftServerConfigKeys (ConfUtils.java:logGet(43)) - raft.server.log.segment.cache.num.max = 2 (custom)
2019-09-26 13:29:14,750 [pool-27-thread-1] INFO  segmented.SegmentedRaftLogWorker (SegmentedRaftLogWorker.java:<init>(172)) - new 2bceee89-654d-4083-a39a-484f868bd9b7@group-E8189D1321A1-SegmentedRaftLogWorker for RaftStorage:Storage Directory /workdir/hadoop-ozone/ozonefs/target/test-dir/MiniOzoneClusterImpl-8b6a8972-8eda-4f33-b3cf-a560ba2c5b87/datanode-0/data/ratis/4a2732a6-fd18-4ca4-b7ea-e8189d1321a1
2019-09-26 13:29:14,750 [pool-27-thread-1] INFO  server.RaftServerConfigKeys (ConfUtils.java:logGet(43)) - raft.server.log.queue.byte-limit = 2147483647 (custom)
2019-09-26 13:29:14,750 [pool-27-thread-1] INFO  server.RaftServerConfigKeys (ConfUtils.java:logGet(43)) - raft.server.log.queue.element-limit = 1024 (custom)
2019-09-26 13:29:14,750 [pool-27-thread-1] INFO  server.RaftServerConfigKeys (ConfUtils.java:logGet(43)) - raft.server.log.segment.size.max = 1048576 (custom)
2019-09-26 13:29:14,750 [pool-27-thread-1] INFO  server.RaftServerConfigKeys (ConfUtils.java:logGet(43)) - raft.server.log.preallocated.size = 16384 (custom)
2019-09-26 13:29:14,750 [pool-27-thread-1] INFO  server.RaftServerConfigKeys (ConfUtils.java:logGet(43)) - raft.server.log.write.buffer.size = 33554432 (custom)
2019-09-26 13:29:14,750 [pool-27-thread-1] INFO  server.RaftServerConfigKeys (ConfUtils.java:logGet(43)) - raft.server.log.force.sync.num = 128 (default)
2019-09-26 13:29:14,750 [pool-27-thread-1] INFO  server.RaftServerConfigKeys (ConfUtils.java:logGet(43)) - raft.server.log.statemachine.data.sync = true (default)
2019-09-26 13:29:14,750 [pool-27-thread-1] INFO  server.RaftServerConfigKeys (ConfUtils.java:logGet(43)) - raft.server.log.statemachine.data.sync.timeout = 10s (default)
2019-09-26 13:29:14,750 [pool-27-thread-1] INFO  server.RaftServerConfigKeys (ConfUtils.java:logGet(43)) - raft.server.log.statemachine.data.sync.timeout.retry = -1 (default)
2019-09-26 13:29:14,751 [pool-27-thread-1] INFO  server.RaftServerConfigKeys (ConfUtils.java:logGet(43)) - raft.server.log.statemachine.data.caching.enabled = true (custom)
2019-09-26 13:29:14,751 [pool-27-thread-1] INFO  segmented.SegmentedRaftLogWorker (SegmentedRaftLogWorker.java:lambda$new$0(132)) - 2bceee89-654d-4083-a39a-484f868bd9b7@group-E8189D1321A1-SegmentedRaftLogWorker: flushIndex: setUnconditionally 0 -> -1
2019-09-26 13:29:14,751 [pool-27-thread-1] INFO  server.RaftServerConfigKeys (ConfUtils.java:logGet(43)) - raft.server.snapshot.auto.trigger.enabled = true (custom)
2019-09-26 13:29:14,751 [pool-27-thread-1] INFO  server.RaftServerConfigKeys (ConfUtils.java:logGet(43)) - raft.server.snapshot.auto.trigger.threshold = 10000 (custom)
2019-09-26 13:29:14,751 [pool-27-thread-1] INFO  server.RaftServerConfigKeys (ConfUtils.java:logGet(43)) - raft.server.snapshot.retention.num.files = 5 (custom)
2019-09-26 13:29:14,752 [pool-27-thread-1] INFO  server.RaftServerConfigKeys (ConfUtils.java:logGet(43)) - raft.server.retrycache.expirytime = 600000ms (custom)
2019-09-26 13:29:14,754 [pool-27-thread-1] INFO  impl.RaftServerImpl (RaftServerImpl.java:start(185)) - 2bceee89-654d-4083-a39a-484f868bd9b7@group-E8189D1321A1: start as a follower, conf=-1: [2bceee89-654d-4083-a39a-484f868bd9b7:192.168.164.238:38284], old=null
2019-09-26 13:29:14,754 [pool-27-thread-1] INFO  impl.RaftServerImpl (RaftServerImpl.java:setRole(174)) - 2bceee89-654d-4083-a39a-484f868bd9b7@group-E8189D1321A1: changes role from      null to FOLLOWER at term 0 for startAsFollower
2019-09-26 13:29:14,754 [pool-27-thread-1] INFO  impl.RoleInfo (RoleInfo.java:updateAndGet(143)) - 2bceee89-654d-4083-a39a-484f868bd9b7: start FollowerState
2019-09-26 13:29:14,754 [pool-27-thread-1] INFO  util.JmxRegister (JmxRegister.java:tryRegister(44)) - Successfully registered JMX Bean with object name Ratis:service=RaftServer,group=group-E8189D1321A1,id=2bceee89-654d-4083-a39a-484f868bd9b7
2019-09-26 13:29:14,755 [IPC Server handler 5 on 42806] INFO  volume.OMVolumeCreateRequest (OMVolumeCreateRequest.java:validateAndUpdateCache(189)) - created volume:volume42416 for user:user33255
2019-09-26 13:29:14,760 [RatisPipelineUtilsThread] INFO  pipeline.PipelineStateManager (PipelineStateManager.java:addPipeline(56)) - Created pipeline Pipeline[ Id: 4a2732a6-fd18-4ca4-b7ea-e8189d1321a1, Nodes: 2bceee89-654d-4083-a39a-484f868bd9b7{ip: 192.168.164.238, host: pr-hdds-1569-87zkn-1081879488, networkLocation: /default-rack, certSerialId: null}, Type:RATIS, Factor:ONE, State:OPEN]
2019-09-26 13:29:14,760 [RatisPipelineUtilsThread] INFO  pipeline.PipelinePlacementPolicy (PipelinePlacementPolicy.java:meetCriteria(91)) - Pipeline Placement: can't place more pipeline on heavy datanode： 2bceee89-654d-4083-a39a-484f868bd9b7 Heaviness: 6 limit: 5
2019-09-26 13:29:14,760 [RatisPipelineUtilsThread] INFO  pipeline.PipelinePlacementPolicy (PipelinePlacementPolicy.java:meetCriteria(91)) - Pipeline Placement: can't place more pipeline on heavy datanode： 921dbd79-5e7d-43e7-a946-6392aa4a26bd Heaviness: 6 limit: 5
2019-09-26 13:29:14,773 [grpc-default-executor-0] INFO  impl.RaftServerProxy (RaftServerProxy.java:addNew(89)) - 1987c896-e32f-4a06-ac9a-08216b278c2b: addNew group-3C1AC10A7CEC:[1987c896-e32f-4a06-ac9a-08216b278c2b:192.168.164.238:46271] returns group-3C1AC10A7CEC:java.util.concurrent.CompletableFuture@464ec2c5[Not completed]
2019-09-26 13:29:14,777 [pool-77-thread-1] INFO  impl.RaftServerImpl (RaftServerImpl.java:<init>(95)) - 1987c896-e32f-4a06-ac9a-08216b278c2b: new RaftServerImpl for group-3C1AC10A7CEC:[1987c896-e32f-4a06-ac9a-08216b278c2b:192.168.164.238:46271] with ContainerStateMachine:uninitialized
2019-09-26 13:29:14,777 [pool-77-thread-1] INFO  server.RaftServerConfigKeys (ConfUtils.java:logGet(43)) - raft.server.rpc.timeout.min = 5s (custom)
2019-09-26 13:29:14,777 [pool-77-thread-1] INFO  server.RaftServerConfigKeys (ConfUtils.java:logGet(43)) - raft.server.rpc.timeout.max = 5200ms (custom)
2019-09-26 13:29:14,778 [pool-77-thread-1] INFO  server.RaftServerConfigKeys (ConfUtils.java:logGet(43)) - raft.server.rpcslowness.timeout = 120s (custom)
2019-09-26 13:29:14,778 [pool-77-thread-1] INFO  server.RaftServerConfigKeys (ConfUtils.java:logGet(43)) - raft.server.sleep.deviation.threshold = 300 (default)
2019-09-26 13:29:14,778 [pool-77-thread-1] INFO  server.RaftServerConfigKeys (ConfUtils.java:logGet(43)) - raft.server.log.appender.install.snapshot.enabled = false (custom)
2019-09-26 13:29:14,778 [pool-77-thread-1] INFO  impl.RaftServerImpl (ServerState.java:<init>(103)) - 1987c896-e32f-4a06-ac9a-08216b278c2b@group-3C1AC10A7CEC: ConfigurationManager, init=-1: [1987c896-e32f-4a06-ac9a-08216b278c2b:192.168.164.238:46271], old=null, confs=<EMPTY_MAP>
2019-09-26 13:29:14,778 [pool-77-thread-1] INFO  server.RaftServerConfigKeys (ConfUtils.java:logGet(43)) - raft.server.storage.dir = [/workdir/hadoop-ozone/ozonefs/target/test-dir/MiniOzoneClusterImpl-8b6a8972-8eda-4f33-b3cf-a560ba2c5b87/datanode-5/data/ratis] (custom)
2019-09-26 13:29:14,778 [pool-77-thread-1] INFO  storage.RaftStorageDirectory (RaftStorageDirectory.java:analyzeStorage(246)) - The storage directory /workdir/hadoop-ozone/ozonefs/target/test-dir/MiniOzoneClusterImpl-8b6a8972-8eda-4f33-b3cf-a560ba2c5b87/datanode-5/data/ratis/31c57239-42dc-4900-ac44-3c1ac10a7cec does not exist. Creating ...
2019-09-26 13:29:14,794 [pool-77-thread-1] INFO  storage.RaftStorageDirectory (RaftStorageDirectory.java:tryLock(328)) - Lock on /workdir/hadoop-ozone/ozonefs/target/test-dir/MiniOzoneClusterImpl-8b6a8972-8eda-4f33-b3cf-a560ba2c5b87/datanode-5/data/ratis/31c57239-42dc-4900-ac44-3c1ac10a7cec/in_use.lock acquired by nodename 6686@pr-hdds-1569-87zkn-1081879488
2019-09-26 13:29:14,818 [pool-77-thread-1] INFO  storage.RaftStorage (RaftStorage.java:format(72)) - Storage directory /workdir/hadoop-ozone/ozonefs/target/test-dir/MiniOzoneClusterImpl-8b6a8972-8eda-4f33-b3cf-a560ba2c5b87/datanode-5/data/ratis/31c57239-42dc-4900-ac44-3c1ac10a7cec has been successfully formatted.
2019-09-26 13:29:14,828 [pool-77-thread-1] INFO  ratis.ContainerStateMachine (ContainerStateMachine.java:loadSnapshot(230)) - group-3C1AC10A7CEC: The snapshot info is null. Setting the last applied indexto:(t:0, i:~)
2019-09-26 13:29:14,831 [pool-77-thread-1] INFO  server.RaftServerConfigKeys (ConfUtils.java:logGet(43)) - raft.server.notification.no-leader.timeout = 120s (custom)
2019-09-26 13:29:14,831 [pool-77-thread-1] INFO  server.RaftServerConfigKeys (ConfUtils.java:logGet(43)) - raft.server.log.use.memory = false (default)
2019-09-26 13:29:14,831 [pool-77-thread-1] INFO  server.RaftServerConfigKeys (ConfUtils.java:logGet(43)) - raft.server.log.purge.gap = 1000000 (custom)
2019-09-26 13:29:14,831 [pool-77-thread-1] INFO  server.RaftServerConfigKeys (ConfUtils.java:logGet(43)) - raft.server.log.appender.buffer.byte-limit = 33554432 (custom)
2019-09-26 13:29:14,831 [pool-77-thread-1] INFO  server.RaftServerConfigKeys (ConfUtils.java:logGet(43)) - raft.server.log.segment.size.max = 1048576 (custom)
2019-09-26 13:29:14,831 [pool-77-thread-1] INFO  server.RaftServerConfigKeys (ConfUtils.java:logGet(43)) - raft.server.log.segment.cache.num.max = 2 (custom)
2019-09-26 13:29:14,831 [pool-77-thread-1] INFO  segmented.SegmentedRaftLogWorker (SegmentedRaftLogWorker.java:<init>(172)) - new 1987c896-e32f-4a06-ac9a-08216b278c2b@group-3C1AC10A7CEC-SegmentedRaftLogWorker for RaftStorage:Storage Directory /workdir/hadoop-ozone/ozonefs/target/test-dir/MiniOzoneClusterImpl-8b6a8972-8eda-4f33-b3cf-a560ba2c5b87/datanode-5/data/ratis/31c57239-42dc-4900-ac44-3c1ac10a7cec
2019-09-26 13:29:15,194 [main] INFO  rpc.RpcClient (RpcClient.java:createBucket(415)) - Creating Bucket: volume42416/bucket55952, with Versioning false and Storage Type set to DISK and Encryption set to false 
2019-09-26 13:29:15,194 [pool-77-thread-1] INFO  server.RaftServerConfigKeys (ConfUtils.java:logGet(43)) - raft.server.log.queue.byte-limit = 2147483647 (custom)
2019-09-26 13:29:15,195 [pool-77-thread-1] INFO  server.RaftServerConfigKeys (ConfUtils.java:logGet(43)) - raft.server.log.queue.element-limit = 1024 (custom)
2019-09-26 13:29:15,195 [pool-77-thread-1] INFO  server.RaftServerConfigKeys (ConfUtils.java:logGet(43)) - raft.server.log.segment.size.max = 1048576 (custom)
2019-09-26 13:29:15,195 [pool-77-thread-1] INFO  server.RaftServerConfigKeys (ConfUtils.java:logGet(43)) - raft.server.log.preallocated.size = 16384 (custom)
2019-09-26 13:29:15,195 [pool-77-thread-1] INFO  server.RaftServerConfigKeys (ConfUtils.java:logGet(43)) - raft.server.log.write.buffer.size = 33554432 (custom)
2019-09-26 13:29:15,195 [pool-77-thread-1] INFO  server.RaftServerConfigKeys (ConfUtils.java:logGet(43)) - raft.server.log.force.sync.num = 128 (default)
2019-09-26 13:29:15,195 [pool-77-thread-1] INFO  server.RaftServerConfigKeys (ConfUtils.java:logGet(43)) - raft.server.log.statemachine.data.sync = true (default)
2019-09-26 13:29:15,196 [pool-77-thread-1] INFO  server.RaftServerConfigKeys (ConfUtils.java:logGet(43)) - raft.server.log.statemachine.data.sync.timeout = 10s (default)
2019-09-26 13:29:15,196 [pool-77-thread-1] INFO  server.RaftServerConfigKeys (ConfUtils.java:logGet(43)) - raft.server.log.statemachine.data.sync.timeout.retry = -1 (default)
2019-09-26 13:29:15,196 [pool-77-thread-1] INFO  server.RaftServerConfigKeys (ConfUtils.java:logGet(43)) - raft.server.log.statemachine.data.caching.enabled = true (custom)
2019-09-26 13:29:15,196 [pool-77-thread-1] INFO  segmented.SegmentedRaftLogWorker (SegmentedRaftLogWorker.java:lambda$new$0(132)) - 1987c896-e32f-4a06-ac9a-08216b278c2b@group-3C1AC10A7CEC-SegmentedRaftLogWorker: flushIndex: setUnconditionally 0 -> -1
2019-09-26 13:29:15,197 [pool-77-thread-1] INFO  server.RaftServerConfigKeys (ConfUtils.java:logGet(43)) - raft.server.snapshot.auto.trigger.enabled = true (custom)
2019-09-26 13:29:15,197 [pool-77-thread-1] INFO  server.RaftServerConfigKeys (ConfUtils.java:logGet(43)) - raft.server.snapshot.auto.trigger.threshold = 10000 (custom)
2019-09-26 13:29:15,197 [Thread-283] INFO  container.ReplicationManager (ReplicationManager.java:start(163)) - Starting Replication Monitor Thread.
2019-09-26 13:29:15,197 [pool-77-thread-1] INFO  server.RaftServerConfigKeys (ConfUtils.java:logGet(43)) - raft.server.snapshot.retention.num.files = 5 (custom)
2019-09-26 13:29:15,197 [pool-77-thread-1] INFO  server.RaftServerConfigKeys (ConfUtils.java:logGet(43)) - raft.server.retrycache.expirytime = 600000ms (custom)
2019-09-26 13:29:15,198 [ReplicationMonitor] INFO  container.ReplicationManager (ReplicationManager.java:run(226)) - Replication Monitor Thread took 0 milliseconds for processing 0 containers.
2019-09-26 13:29:15,199 [pool-77-thread-1] INFO  impl.RaftServerImpl (RaftServerImpl.java:start(185)) - 1987c896-e32f-4a06-ac9a-08216b278c2b@group-3C1AC10A7CEC: start as a follower, conf=-1: [1987c896-e32f-4a06-ac9a-08216b278c2b:192.168.164.238:46271], old=null
2019-09-26 13:29:15,199 [pool-77-thread-1] INFO  impl.RaftServerImpl (RaftServerImpl.java:setRole(174)) - 1987c896-e32f-4a06-ac9a-08216b278c2b@group-3C1AC10A7CEC: changes role from      null to FOLLOWER at term 0 for startAsFollower
2019-09-26 13:29:15,199 [pool-77-thread-1] INFO  impl.RoleInfo (RoleInfo.java:updateAndGet(143)) - 1987c896-e32f-4a06-ac9a-08216b278c2b: start FollowerState
2019-09-26 13:29:15,200 [pool-77-thread-1] INFO  util.JmxRegister (JmxRegister.java:tryRegister(44)) - Successfully registered JMX Bean with object name Ratis:service=RaftServer,group=group-3C1AC10A7CEC,id=1987c896-e32f-4a06-ac9a-08216b278c2b
2019-09-26 13:29:15,211 [RatisPipelineUtilsThread] INFO  pipeline.PipelineStateManager (PipelineStateManager.java:addPipeline(56)) - Created pipeline Pipeline[ Id: 31c57239-42dc-4900-ac44-3c1ac10a7cec, Nodes: 1987c896-e32f-4a06-ac9a-08216b278c2b{ip: 192.168.164.238, host: pr-hdds-1569-87zkn-1081879488, networkLocation: /default-rack, certSerialId: null}, Type:RATIS, Factor:ONE, State:OPEN]
2019-09-26 13:29:15,211 [RatisPipelineUtilsThread] INFO  pipeline.PipelinePlacementPolicy (PipelinePlacementPolicy.java:meetCriteria(91)) - Pipeline Placement: can't place more pipeline on heavy datanode： 2bceee89-654d-4083-a39a-484f868bd9b7 Heaviness: 6 limit: 5
2019-09-26 13:29:15,212 [RatisPipelineUtilsThread] INFO  pipeline.PipelinePlacementPolicy (PipelinePlacementPolicy.java:meetCriteria(91)) - Pipeline Placement: can't place more pipeline on heavy datanode： 921dbd79-5e7d-43e7-a946-6392aa4a26bd Heaviness: 6 limit: 5
2019-09-26 13:29:15,224 [grpc-default-executor-0] INFO  impl.RaftServerProxy (RaftServerProxy.java:addNew(89)) - 84fdec62-d817-45bb-98fc-971264b4d85b: addNew group-F66B4A3D4AED:[84fdec62-d817-45bb-98fc-971264b4d85b:192.168.164.238:44616] returns group-F66B4A3D4AED:java.util.concurrent.CompletableFuture@74ef31cf[Not completed]
2019-09-26 13:29:15,225 [pool-47-thread-1] INFO  impl.RaftServerImpl (RaftServerImpl.java:<init>(95)) - 84fdec62-d817-45bb-98fc-971264b4d85b: new RaftServerImpl for group-F66B4A3D4AED:[84fdec62-d817-45bb-98fc-971264b4d85b:192.168.164.238:44616] with ContainerStateMachine:uninitialized
2019-09-26 13:29:15,226 [pool-47-thread-1] INFO  server.RaftServerConfigKeys (ConfUtils.java:logGet(43)) - raft.server.rpc.timeout.min = 5s (custom)
2019-09-26 13:29:15,226 [pool-47-thread-1] INFO  server.RaftServerConfigKeys (ConfUtils.java:logGet(43)) - raft.server.rpc.timeout.max = 5200ms (custom)
2019-09-26 13:29:15,226 [pool-47-thread-1] INFO  server.RaftServerConfigKeys (ConfUtils.java:logGet(43)) - raft.server.rpcslowness.timeout = 120s (custom)
2019-09-26 13:29:15,226 [pool-47-thread-1] INFO  server.RaftServerConfigKeys (ConfUtils.java:logGet(43)) - raft.server.sleep.deviation.threshold = 300 (default)
2019-09-26 13:29:15,226 [pool-47-thread-1] INFO  server.RaftServerConfigKeys (ConfUtils.java:logGet(43)) - raft.server.log.appender.install.snapshot.enabled = false (custom)
2019-09-26 13:29:15,226 [pool-47-thread-1] INFO  impl.RaftServerImpl (ServerState.java:<init>(103)) - 84fdec62-d817-45bb-98fc-971264b4d85b@group-F66B4A3D4AED: ConfigurationManager, init=-1: [84fdec62-d817-45bb-98fc-971264b4d85b:192.168.164.238:44616], old=null, confs=<EMPTY_MAP>
2019-09-26 13:29:15,226 [pool-47-thread-1] INFO  server.RaftServerConfigKeys (ConfUtils.java:logGet(43)) - raft.server.storage.dir = [/workdir/hadoop-ozone/ozonefs/target/test-dir/MiniOzoneClusterImpl-8b6a8972-8eda-4f33-b3cf-a560ba2c5b87/datanode-2/data/ratis] (custom)
2019-09-26 13:29:15,227 [pool-47-thread-1] INFO  storage.RaftStorageDirectory (RaftStorageDirectory.java:analyzeStorage(246)) - The storage directory /workdir/hadoop-ozone/ozonefs/target/test-dir/MiniOzoneClusterImpl-8b6a8972-8eda-4f33-b3cf-a560ba2c5b87/datanode-2/data/ratis/8a59c93d-b702-4f90-988a-f66b4a3d4aed does not exist. Creating ...
2019-09-26 13:29:15,265 [pool-47-thread-1] INFO  storage.RaftStorageDirectory (RaftStorageDirectory.java:tryLock(328)) - Lock on /workdir/hadoop-ozone/ozonefs/target/test-dir/MiniOzoneClusterImpl-8b6a8972-8eda-4f33-b3cf-a560ba2c5b87/datanode-2/data/ratis/8a59c93d-b702-4f90-988a-f66b4a3d4aed/in_use.lock acquired by nodename 6686@pr-hdds-1569-87zkn-1081879488
2019-09-26 13:29:15,280 [pool-47-thread-1] INFO  storage.RaftStorage (RaftStorage.java:format(72)) - Storage directory /workdir/hadoop-ozone/ozonefs/target/test-dir/MiniOzoneClusterImpl-8b6a8972-8eda-4f33-b3cf-a560ba2c5b87/datanode-2/data/ratis/8a59c93d-b702-4f90-988a-f66b4a3d4aed has been successfully formatted.
2019-09-26 13:29:15,280 [pool-47-thread-1] INFO  ratis.ContainerStateMachine (ContainerStateMachine.java:loadSnapshot(230)) - group-F66B4A3D4AED: The snapshot info is null. Setting the last applied indexto:(t:0, i:~)
2019-09-26 13:29:15,280 [pool-47-thread-1] INFO  server.RaftServerConfigKeys (ConfUtils.java:logGet(43)) - raft.server.notification.no-leader.timeout = 120s (custom)
2019-09-26 13:29:15,280 [pool-47-thread-1] INFO  server.RaftServerConfigKeys (ConfUtils.java:logGet(43)) - raft.server.log.use.memory = false (default)
2019-09-26 13:29:15,280 [pool-47-thread-1] INFO  server.RaftServerConfigKeys (ConfUtils.java:logGet(43)) - raft.server.log.purge.gap = 1000000 (custom)
2019-09-26 13:29:15,281 [pool-47-thread-1] INFO  server.RaftServerConfigKeys (ConfUtils.java:logGet(43)) - raft.server.log.appender.buffer.byte-limit = 33554432 (custom)
2019-09-26 13:29:15,281 [pool-47-thread-1] INFO  server.RaftServerConfigKeys (ConfUtils.java:logGet(43)) - raft.server.log.segment.size.max = 1048576 (custom)
2019-09-26 13:29:15,281 [pool-47-thread-1] INFO  server.RaftServerConfigKeys (ConfUtils.java:logGet(43)) - raft.server.log.segment.cache.num.max = 2 (custom)
2019-09-26 13:29:15,281 [pool-47-thread-1] INFO  segmented.SegmentedRaftLogWorker (SegmentedRaftLogWorker.java:<init>(172)) - new 84fdec62-d817-45bb-98fc-971264b4d85b@group-F66B4A3D4AED-SegmentedRaftLogWorker for RaftStorage:Storage Directory /workdir/hadoop-ozone/ozonefs/target/test-dir/MiniOzoneClusterImpl-8b6a8972-8eda-4f33-b3cf-a560ba2c5b87/datanode-2/data/ratis/8a59c93d-b702-4f90-988a-f66b4a3d4aed
2019-09-26 13:29:15,281 [pool-47-thread-1] INFO  server.RaftServerConfigKeys (ConfUtils.java:logGet(43)) - raft.server.log.queue.byte-limit = 2147483647 (custom)
2019-09-26 13:29:15,281 [pool-47-thread-1] INFO  server.RaftServerConfigKeys (ConfUtils.java:logGet(43)) - raft.server.log.queue.element-limit = 1024 (custom)
2019-09-26 13:29:15,281 [pool-47-thread-1] INFO  server.RaftServerConfigKeys (ConfUtils.java:logGet(43)) - raft.server.log.segment.size.max = 1048576 (custom)
2019-09-26 13:29:15,281 [pool-47-thread-1] INFO  server.RaftServerConfigKeys (ConfUtils.java:logGet(43)) - raft.server.log.preallocated.size = 16384 (custom)
2019-09-26 13:29:15,282 [pool-47-thread-1] INFO  server.RaftServerConfigKeys (ConfUtils.java:logGet(43)) - raft.server.log.write.buffer.size = 33554432 (custom)
2019-09-26 13:29:15,282 [pool-47-thread-1] INFO  server.RaftServerConfigKeys (ConfUtils.java:logGet(43)) - raft.server.log.force.sync.num = 128 (default)
2019-09-26 13:29:15,282 [pool-47-thread-1] INFO  server.RaftServerConfigKeys (ConfUtils.java:logGet(43)) - raft.server.log.statemachine.data.sync = true (default)
2019-09-26 13:29:15,282 [pool-47-thread-1] INFO  server.RaftServerConfigKeys (ConfUtils.java:logGet(43)) - raft.server.log.statemachine.data.sync.timeout = 10s (default)
2019-09-26 13:29:15,282 [pool-47-thread-1] INFO  server.RaftServerConfigKeys (ConfUtils.java:logGet(43)) - raft.server.log.statemachine.data.sync.timeout.retry = -1 (default)
2019-09-26 13:29:15,282 [pool-47-thread-1] INFO  server.RaftServerConfigKeys (ConfUtils.java:logGet(43)) - raft.server.log.statemachine.data.caching.enabled = true (custom)
2019-09-26 13:29:15,282 [pool-47-thread-1] INFO  segmented.SegmentedRaftLogWorker (SegmentedRaftLogWorker.java:lambda$new$0(132)) - 84fdec62-d817-45bb-98fc-971264b4d85b@group-F66B4A3D4AED-SegmentedRaftLogWorker: flushIndex: setUnconditionally 0 -> -1
2019-09-26 13:29:15,283 [pool-47-thread-1] INFO  server.RaftServerConfigKeys (ConfUtils.java:logGet(43)) - raft.server.snapshot.auto.trigger.enabled = true (custom)
2019-09-26 13:29:15,283 [pool-47-thread-1] INFO  server.RaftServerConfigKeys (ConfUtils.java:logGet(43)) - raft.server.snapshot.auto.trigger.threshold = 10000 (custom)
2019-09-26 13:29:15,283 [pool-47-thread-1] INFO  server.RaftServerConfigKeys (ConfUtils.java:logGet(43)) - raft.server.snapshot.retention.num.files = 5 (custom)
2019-09-26 13:29:15,283 [pool-47-thread-1] INFO  server.RaftServerConfigKeys (ConfUtils.java:logGet(43)) - raft.server.retrycache.expirytime = 600000ms (custom)
2019-09-26 13:29:15,286 [pool-47-thread-1] INFO  impl.RaftServerImpl (RaftServerImpl.java:start(185)) - 84fdec62-d817-45bb-98fc-971264b4d85b@group-F66B4A3D4AED: start as a follower, conf=-1: [84fdec62-d817-45bb-98fc-971264b4d85b:192.168.164.238:44616], old=null
2019-09-26 13:29:15,286 [pool-47-thread-1] INFO  impl.RaftServerImpl (RaftServerImpl.java:setRole(174)) - 84fdec62-d817-45bb-98fc-971264b4d85b@group-F66B4A3D4AED: changes role from      null to FOLLOWER at term 0 for startAsFollower
2019-09-26 13:29:15,286 [pool-47-thread-1] INFO  impl.RoleInfo (RoleInfo.java:updateAndGet(143)) - 84fdec62-d817-45bb-98fc-971264b4d85b: start FollowerState
2019-09-26 13:29:15,286 [pool-47-thread-1] INFO  util.JmxRegister (JmxRegister.java:tryRegister(44)) - Successfully registered JMX Bean with object name Ratis:service=RaftServer,group=group-F66B4A3D4AED,id=84fdec62-d817-45bb-98fc-971264b4d85b
2019-09-26 13:29:15,292 [RatisPipelineUtilsThread] INFO  pipeline.PipelineStateManager (PipelineStateManager.java:addPipeline(56)) - Created pipeline Pipeline[ Id: 8a59c93d-b702-4f90-988a-f66b4a3d4aed, Nodes: 84fdec62-d817-45bb-98fc-971264b4d85b{ip: 192.168.164.238, host: pr-hdds-1569-87zkn-1081879488, networkLocation: /default-rack, certSerialId: null}, Type:RATIS, Factor:ONE, State:OPEN]
2019-09-26 13:29:15,292 [RatisPipelineUtilsThread] INFO  pipeline.PipelinePlacementPolicy (PipelinePlacementPolicy.java:meetCriteria(91)) - Pipeline Placement: can't place more pipeline on heavy datanode： 2bceee89-654d-4083-a39a-484f868bd9b7 Heaviness: 6 limit: 5
2019-09-26 13:29:15,292 [RatisPipelineUtilsThread] INFO  pipeline.PipelinePlacementPolicy (PipelinePlacementPolicy.java:meetCriteria(91)) - Pipeline Placement: can't place more pipeline on heavy datanode： 921dbd79-5e7d-43e7-a946-6392aa4a26bd Heaviness: 6 limit: 5
2019-09-26 13:29:15,309 [grpc-default-executor-0] INFO  impl.RaftServerProxy (RaftServerProxy.java:addNew(89)) - 1987c896-e32f-4a06-ac9a-08216b278c2b: addNew group-122200E98D2E:[1987c896-e32f-4a06-ac9a-08216b278c2b:192.168.164.238:46271] returns group-122200E98D2E:java.util.concurrent.CompletableFuture@59ba8f1b[Not completed]
2019-09-26 13:29:15,791 [pool-77-thread-1] INFO  impl.RaftServerImpl (RaftServerImpl.java:<init>(95)) - 1987c896-e32f-4a06-ac9a-08216b278c2b: new RaftServerImpl for group-122200E98D2E:[1987c896-e32f-4a06-ac9a-08216b278c2b:192.168.164.238:46271] with ContainerStateMachine:uninitialized
2019-09-26 13:29:15,791 [pool-77-thread-1] INFO  server.RaftServerConfigKeys (ConfUtils.java:logGet(43)) - raft.server.rpc.timeout.min = 5s (custom)
2019-09-26 13:29:15,791 [pool-77-thread-1] INFO  server.RaftServerConfigKeys (ConfUtils.java:logGet(43)) - raft.server.rpc.timeout.max = 5200ms (custom)
2019-09-26 13:29:15,791 [pool-77-thread-1] INFO  server.RaftServerConfigKeys (ConfUtils.java:logGet(43)) - raft.server.rpcslowness.timeout = 120s (custom)
2019-09-26 13:29:15,791 [pool-77-thread-1] INFO  server.RaftServerConfigKeys (ConfUtils.java:logGet(43)) - raft.server.sleep.deviation.threshold = 300 (default)
2019-09-26 13:29:15,792 [pool-77-thread-1] INFO  server.RaftServerConfigKeys (ConfUtils.java:logGet(43)) - raft.server.log.appender.install.snapshot.enabled = false (custom)
2019-09-26 13:29:15,792 [pool-77-thread-1] INFO  impl.RaftServerImpl (ServerState.java:<init>(103)) - 1987c896-e32f-4a06-ac9a-08216b278c2b@group-122200E98D2E: ConfigurationManager, init=-1: [1987c896-e32f-4a06-ac9a-08216b278c2b:192.168.164.238:46271], old=null, confs=<EMPTY_MAP>
2019-09-26 13:29:15,792 [pool-77-thread-1] INFO  server.RaftServerConfigKeys (ConfUtils.java:logGet(43)) - raft.server.storage.dir = [/workdir/hadoop-ozone/ozonefs/target/test-dir/MiniOzoneClusterImpl-8b6a8972-8eda-4f33-b3cf-a560ba2c5b87/datanode-5/data/ratis] (custom)
2019-09-26 13:29:15,792 [pool-77-thread-1] INFO  storage.RaftStorageDirectory (RaftStorageDirectory.java:analyzeStorage(246)) - The storage directory /workdir/hadoop-ozone/ozonefs/target/test-dir/MiniOzoneClusterImpl-8b6a8972-8eda-4f33-b3cf-a560ba2c5b87/datanode-5/data/ratis/d4b25f7f-c249-4be2-9064-122200e98d2e does not exist. Creating ...
2019-09-26 13:29:15,805 [pool-77-thread-1] INFO  storage.RaftStorageDirectory (RaftStorageDirectory.java:tryLock(328)) - Lock on /workdir/hadoop-ozone/ozonefs/target/test-dir/MiniOzoneClusterImpl-8b6a8972-8eda-4f33-b3cf-a560ba2c5b87/datanode-5/data/ratis/d4b25f7f-c249-4be2-9064-122200e98d2e/in_use.lock acquired by nodename 6686@pr-hdds-1569-87zkn-1081879488
2019-09-26 13:29:15,826 [pool-77-thread-1] INFO  storage.RaftStorage (RaftStorage.java:format(72)) - Storage directory /workdir/hadoop-ozone/ozonefs/target/test-dir/MiniOzoneClusterImpl-8b6a8972-8eda-4f33-b3cf-a560ba2c5b87/datanode-5/data/ratis/d4b25f7f-c249-4be2-9064-122200e98d2e has been successfully formatted.
2019-09-26 13:29:15,826 [pool-77-thread-1] INFO  ratis.ContainerStateMachine (ContainerStateMachine.java:loadSnapshot(230)) - group-122200E98D2E: The snapshot info is null. Setting the last applied indexto:(t:0, i:~)
2019-09-26 13:29:15,826 [pool-77-thread-1] INFO  server.RaftServerConfigKeys (ConfUtils.java:logGet(43)) - raft.server.notification.no-leader.timeout = 120s (custom)
2019-09-26 13:29:15,826 [pool-77-thread-1] INFO  server.RaftServerConfigKeys (ConfUtils.java:logGet(43)) - raft.server.log.use.memory = false (default)
2019-09-26 13:29:15,827 [pool-77-thread-1] INFO  server.RaftServerConfigKeys (ConfUtils.java:logGet(43)) - raft.server.log.purge.gap = 1000000 (custom)
2019-09-26 13:29:15,827 [pool-77-thread-1] INFO  server.RaftServerConfigKeys (ConfUtils.java:logGet(43)) - raft.server.log.appender.buffer.byte-limit = 33554432 (custom)
2019-09-26 13:29:15,827 [pool-77-thread-1] INFO  server.RaftServerConfigKeys (ConfUtils.java:logGet(43)) - raft.server.log.segment.size.max = 1048576 (custom)
2019-09-26 13:29:15,827 [pool-77-thread-1] INFO  server.RaftServerConfigKeys (ConfUtils.java:logGet(43)) - raft.server.log.segment.cache.num.max = 2 (custom)
2019-09-26 13:29:15,827 [pool-77-thread-1] INFO  segmented.SegmentedRaftLogWorker (SegmentedRaftLogWorker.java:<init>(172)) - new 1987c896-e32f-4a06-ac9a-08216b278c2b@group-122200E98D2E-SegmentedRaftLogWorker for RaftStorage:Storage Directory /workdir/hadoop-ozone/ozonefs/target/test-dir/MiniOzoneClusterImpl-8b6a8972-8eda-4f33-b3cf-a560ba2c5b87/datanode-5/data/ratis/d4b25f7f-c249-4be2-9064-122200e98d2e
2019-09-26 13:29:15,827 [pool-77-thread-1] INFO  server.RaftServerConfigKeys (ConfUtils.java:logGet(43)) - raft.server.log.queue.byte-limit = 2147483647 (custom)
2019-09-26 13:29:15,827 [pool-77-thread-1] INFO  server.RaftServerConfigKeys (ConfUtils.java:logGet(43)) - raft.server.log.queue.element-limit = 1024 (custom)
2019-09-26 13:29:15,827 [pool-77-thread-1] INFO  server.RaftServerConfigKeys (ConfUtils.java:logGet(43)) - raft.server.log.segment.size.max = 1048576 (custom)
2019-09-26 13:29:15,828 [pool-77-thread-1] INFO  server.RaftServerConfigKeys (ConfUtils.java:logGet(43)) - raft.server.log.preallocated.size = 16384 (custom)
2019-09-26 13:29:15,828 [pool-77-thread-1] INFO  server.RaftServerConfigKeys (ConfUtils.java:logGet(43)) - raft.server.log.write.buffer.size = 33554432 (custom)
2019-09-26 13:29:15,828 [pool-77-thread-1] INFO  server.RaftServerConfigKeys (ConfUtils.java:logGet(43)) - raft.server.log.force.sync.num = 128 (default)
2019-09-26 13:29:15,828 [pool-77-thread-1] INFO  server.RaftServerConfigKeys (ConfUtils.java:logGet(43)) - raft.server.log.statemachine.data.sync = true (default)
2019-09-26 13:29:15,828 [pool-77-thread-1] INFO  server.RaftServerConfigKeys (ConfUtils.java:logGet(43)) - raft.server.log.statemachine.data.sync.timeout = 10s (default)
2019-09-26 13:29:15,828 [pool-77-thread-1] INFO  server.RaftServerConfigKeys (ConfUtils.java:logGet(43)) - raft.server.log.statemachine.data.sync.timeout.retry = -1 (default)
2019-09-26 13:29:15,828 [pool-77-thread-1] INFO  server.RaftServerConfigKeys (ConfUtils.java:logGet(43)) - raft.server.log.statemachine.data.caching.enabled = true (custom)
2019-09-26 13:29:15,829 [pool-77-thread-1] INFO  segmented.SegmentedRaftLogWorker (SegmentedRaftLogWorker.java:lambda$new$0(132)) - 1987c896-e32f-4a06-ac9a-08216b278c2b@group-122200E98D2E-SegmentedRaftLogWorker: flushIndex: setUnconditionally 0 -> -1
2019-09-26 13:29:15,829 [pool-77-thread-1] INFO  server.RaftServerConfigKeys (ConfUtils.java:logGet(43)) - raft.server.snapshot.auto.trigger.enabled = true (custom)
2019-09-26 13:29:15,829 [pool-77-thread-1] INFO  server.RaftServerConfigKeys (ConfUtils.java:logGet(43)) - raft.server.snapshot.auto.trigger.threshold = 10000 (custom)
2019-09-26 13:29:15,829 [pool-77-thread-1] INFO  server.RaftServerConfigKeys (ConfUtils.java:logGet(43)) - raft.server.snapshot.retention.num.files = 5 (custom)
2019-09-26 13:29:15,829 [pool-77-thread-1] INFO  server.RaftServerConfigKeys (ConfUtils.java:logGet(43)) - raft.server.retrycache.expirytime = 600000ms (custom)
2019-09-26 13:29:15,832 [pool-77-thread-1] INFO  impl.RaftServerImpl (RaftServerImpl.java:start(185)) - 1987c896-e32f-4a06-ac9a-08216b278c2b@group-122200E98D2E: start as a follower, conf=-1: [1987c896-e32f-4a06-ac9a-08216b278c2b:192.168.164.238:46271], old=null
2019-09-26 13:29:15,832 [pool-77-thread-1] INFO  impl.RaftServerImpl (RaftServerImpl.java:setRole(174)) - 1987c896-e32f-4a06-ac9a-08216b278c2b@group-122200E98D2E: changes role from      null to FOLLOWER at term 0 for startAsFollower
2019-09-26 13:29:15,832 [pool-77-thread-1] INFO  impl.RoleInfo (RoleInfo.java:updateAndGet(143)) - 1987c896-e32f-4a06-ac9a-08216b278c2b: start FollowerState
2019-09-26 13:29:15,832 [pool-77-thread-1] INFO  util.JmxRegister (JmxRegister.java:tryRegister(44)) - Successfully registered JMX Bean with object name Ratis:service=RaftServer,group=group-122200E98D2E,id=1987c896-e32f-4a06-ac9a-08216b278c2b
2019-09-26 13:29:15,839 [RatisPipelineUtilsThread] INFO  pipeline.PipelineStateManager (PipelineStateManager.java:addPipeline(56)) - Created pipeline Pipeline[ Id: d4b25f7f-c249-4be2-9064-122200e98d2e, Nodes: 1987c896-e32f-4a06-ac9a-08216b278c2b{ip: 192.168.164.238, host: pr-hdds-1569-87zkn-1081879488, networkLocation: /default-rack, certSerialId: null}, Type:RATIS, Factor:ONE, State:OPEN]
2019-09-26 13:29:15,840 [RatisPipelineUtilsThread] INFO  pipeline.PipelinePlacementPolicy (PipelinePlacementPolicy.java:meetCriteria(91)) - Pipeline Placement: can't place more pipeline on heavy datanode： 2bceee89-654d-4083-a39a-484f868bd9b7 Heaviness: 6 limit: 5
2019-09-26 13:29:15,840 [RatisPipelineUtilsThread] INFO  pipeline.PipelinePlacementPolicy (PipelinePlacementPolicy.java:meetCriteria(91)) - Pipeline Placement: can't place more pipeline on heavy datanode： 921dbd79-5e7d-43e7-a946-6392aa4a26bd Heaviness: 6 limit: 5
2019-09-26 13:29:15,854 [grpc-default-executor-0] INFO  impl.RaftServerProxy (RaftServerProxy.java:addNew(89)) - 6bbb30bf-68fb-49c7-a700-39ca06a4595f: addNew group-EDA82BE7B498:[6bbb30bf-68fb-49c7-a700-39ca06a4595f:192.168.164.238:44498] returns group-EDA82BE7B498:java.util.concurrent.CompletableFuture@1fe0947b[Not completed]
2019-09-26 13:29:15,855 [pool-57-thread-1] INFO  impl.RaftServerImpl (RaftServerImpl.java:<init>(95)) - 6bbb30bf-68fb-49c7-a700-39ca06a4595f: new RaftServerImpl for group-EDA82BE7B498:[6bbb30bf-68fb-49c7-a700-39ca06a4595f:192.168.164.238:44498] with ContainerStateMachine:uninitialized
2019-09-26 13:29:15,856 [pool-57-thread-1] INFO  server.RaftServerConfigKeys (ConfUtils.java:logGet(43)) - raft.server.rpc.timeout.min = 5s (custom)
2019-09-26 13:29:15,856 [pool-57-thread-1] INFO  server.RaftServerConfigKeys (ConfUtils.java:logGet(43)) - raft.server.rpc.timeout.max = 5200ms (custom)
2019-09-26 13:29:15,856 [pool-57-thread-1] INFO  server.RaftServerConfigKeys (ConfUtils.java:logGet(43)) - raft.server.rpcslowness.timeout = 120s (custom)
2019-09-26 13:29:15,856 [pool-57-thread-1] INFO  server.RaftServerConfigKeys (ConfUtils.java:logGet(43)) - raft.server.sleep.deviation.threshold = 300 (default)
2019-09-26 13:29:15,856 [pool-57-thread-1] INFO  server.RaftServerConfigKeys (ConfUtils.java:logGet(43)) - raft.server.log.appender.install.snapshot.enabled = false (custom)
2019-09-26 13:29:15,856 [pool-57-thread-1] INFO  impl.RaftServerImpl (ServerState.java:<init>(103)) - 6bbb30bf-68fb-49c7-a700-39ca06a4595f@group-EDA82BE7B498: ConfigurationManager, init=-1: [6bbb30bf-68fb-49c7-a700-39ca06a4595f:192.168.164.238:44498], old=null, confs=<EMPTY_MAP>
2019-09-26 13:29:15,856 [pool-57-thread-1] INFO  server.RaftServerConfigKeys (ConfUtils.java:logGet(43)) - raft.server.storage.dir = [/workdir/hadoop-ozone/ozonefs/target/test-dir/MiniOzoneClusterImpl-8b6a8972-8eda-4f33-b3cf-a560ba2c5b87/datanode-3/data/ratis] (custom)
2019-09-26 13:29:15,857 [pool-57-thread-1] INFO  storage.RaftStorageDirectory (RaftStorageDirectory.java:analyzeStorage(246)) - The storage directory /workdir/hadoop-ozone/ozonefs/target/test-dir/MiniOzoneClusterImpl-8b6a8972-8eda-4f33-b3cf-a560ba2c5b87/datanode-3/data/ratis/309be177-87db-46d0-8088-eda82be7b498 does not exist. Creating ...
2019-09-26 13:29:15,869 [pool-57-thread-1] INFO  storage.RaftStorageDirectory (RaftStorageDirectory.java:tryLock(328)) - Lock on /workdir/hadoop-ozone/ozonefs/target/test-dir/MiniOzoneClusterImpl-8b6a8972-8eda-4f33-b3cf-a560ba2c5b87/datanode-3/data/ratis/309be177-87db-46d0-8088-eda82be7b498/in_use.lock acquired by nodename 6686@pr-hdds-1569-87zkn-1081879488
2019-09-26 13:29:15,884 [pool-57-thread-1] INFO  storage.RaftStorage (RaftStorage.java:format(72)) - Storage directory /workdir/hadoop-ozone/ozonefs/target/test-dir/MiniOzoneClusterImpl-8b6a8972-8eda-4f33-b3cf-a560ba2c5b87/datanode-3/data/ratis/309be177-87db-46d0-8088-eda82be7b498 has been successfully formatted.
2019-09-26 13:29:15,884 [pool-57-thread-1] INFO  ratis.ContainerStateMachine (ContainerStateMachine.java:loadSnapshot(230)) - group-EDA82BE7B498: The snapshot info is null. Setting the last applied indexto:(t:0, i:~)
2019-09-26 13:29:15,884 [pool-57-thread-1] INFO  server.RaftServerConfigKeys (ConfUtils.java:logGet(43)) - raft.server.notification.no-leader.timeout = 120s (custom)
2019-09-26 13:29:15,885 [pool-57-thread-1] INFO  server.RaftServerConfigKeys (ConfUtils.java:logGet(43)) - raft.server.log.use.memory = false (default)
2019-09-26 13:29:15,885 [pool-57-thread-1] INFO  server.RaftServerConfigKeys (ConfUtils.java:logGet(43)) - raft.server.log.purge.gap = 1000000 (custom)
2019-09-26 13:29:15,885 [pool-57-thread-1] INFO  server.RaftServerConfigKeys (ConfUtils.java:logGet(43)) - raft.server.log.appender.buffer.byte-limit = 33554432 (custom)
2019-09-26 13:29:15,885 [pool-57-thread-1] INFO  server.RaftServerConfigKeys (ConfUtils.java:logGet(43)) - raft.server.log.segment.size.max = 1048576 (custom)
2019-09-26 13:29:15,885 [pool-57-thread-1] INFO  server.RaftServerConfigKeys (ConfUtils.java:logGet(43)) - raft.server.log.segment.cache.num.max = 2 (custom)
2019-09-26 13:29:15,885 [pool-57-thread-1] INFO  segmented.SegmentedRaftLogWorker (SegmentedRaftLogWorker.java:<init>(172)) - new 6bbb30bf-68fb-49c7-a700-39ca06a4595f@group-EDA82BE7B498-SegmentedRaftLogWorker for RaftStorage:Storage Directory /workdir/hadoop-ozone/ozonefs/target/test-dir/MiniOzoneClusterImpl-8b6a8972-8eda-4f33-b3cf-a560ba2c5b87/datanode-3/data/ratis/309be177-87db-46d0-8088-eda82be7b498
2019-09-26 13:29:15,885 [pool-57-thread-1] INFO  server.RaftServerConfigKeys (ConfUtils.java:logGet(43)) - raft.server.log.queue.byte-limit = 2147483647 (custom)
2019-09-26 13:29:15,885 [pool-57-thread-1] INFO  server.RaftServerConfigKeys (ConfUtils.java:logGet(43)) - raft.server.log.queue.element-limit = 1024 (custom)
2019-09-26 13:29:15,885 [pool-57-thread-1] INFO  server.RaftServerConfigKeys (ConfUtils.java:logGet(43)) - raft.server.log.segment.size.max = 1048576 (custom)
2019-09-26 13:29:15,885 [pool-57-thread-1] INFO  server.RaftServerConfigKeys (ConfUtils.java:logGet(43)) - raft.server.log.preallocated.size = 16384 (custom)
2019-09-26 13:29:15,886 [pool-57-thread-1] INFO  server.RaftServerConfigKeys (ConfUtils.java:logGet(43)) - raft.server.log.write.buffer.size = 33554432 (custom)
2019-09-26 13:29:15,886 [pool-57-thread-1] INFO  server.RaftServerConfigKeys (ConfUtils.java:logGet(43)) - raft.server.log.force.sync.num = 128 (default)
2019-09-26 13:29:15,886 [pool-57-thread-1] INFO  server.RaftServerConfigKeys (ConfUtils.java:logGet(43)) - raft.server.log.statemachine.data.sync = true (default)
2019-09-26 13:29:15,886 [pool-57-thread-1] INFO  server.RaftServerConfigKeys (ConfUtils.java:logGet(43)) - raft.server.log.statemachine.data.sync.timeout = 10s (default)
2019-09-26 13:29:15,886 [pool-57-thread-1] INFO  server.RaftServerConfigKeys (ConfUtils.java:logGet(43)) - raft.server.log.statemachine.data.sync.timeout.retry = -1 (default)
2019-09-26 13:29:15,886 [pool-57-thread-1] INFO  server.RaftServerConfigKeys (ConfUtils.java:logGet(43)) - raft.server.log.statemachine.data.caching.enabled = true (custom)
2019-09-26 13:29:15,886 [pool-57-thread-1] INFO  segmented.SegmentedRaftLogWorker (SegmentedRaftLogWorker.java:lambda$new$0(132)) - 6bbb30bf-68fb-49c7-a700-39ca06a4595f@group-EDA82BE7B498-SegmentedRaftLogWorker: flushIndex: setUnconditionally 0 -> -1
2019-09-26 13:29:15,887 [pool-57-thread-1] INFO  server.RaftServerConfigKeys (ConfUtils.java:logGet(43)) - raft.server.snapshot.auto.trigger.enabled = true (custom)
2019-09-26 13:29:15,887 [pool-57-thread-1] INFO  server.RaftServerConfigKeys (ConfUtils.java:logGet(43)) - raft.server.snapshot.auto.trigger.threshold = 10000 (custom)
2019-09-26 13:29:15,887 [pool-57-thread-1] INFO  server.RaftServerConfigKeys (ConfUtils.java:logGet(43)) - raft.server.snapshot.retention.num.files = 5 (custom)
2019-09-26 13:29:15,887 [pool-57-thread-1] INFO  server.RaftServerConfigKeys (ConfUtils.java:logGet(43)) - raft.server.retrycache.expirytime = 600000ms (custom)
2019-09-26 13:29:15,889 [pool-57-thread-1] INFO  impl.RaftServerImpl (RaftServerImpl.java:start(185)) - 6bbb30bf-68fb-49c7-a700-39ca06a4595f@group-EDA82BE7B498: start as a follower, conf=-1: [6bbb30bf-68fb-49c7-a700-39ca06a4595f:192.168.164.238:44498], old=null
2019-09-26 13:29:15,889 [pool-57-thread-1] INFO  impl.RaftServerImpl (RaftServerImpl.java:setRole(174)) - 6bbb30bf-68fb-49c7-a700-39ca06a4595f@group-EDA82BE7B498: changes role from      null to FOLLOWER at term 0 for startAsFollower
2019-09-26 13:29:15,890 [pool-57-thread-1] INFO  impl.RoleInfo (RoleInfo.java:updateAndGet(143)) - 6bbb30bf-68fb-49c7-a700-39ca06a4595f: start FollowerState
2019-09-26 13:29:15,890 [pool-57-thread-1] INFO  util.JmxRegister (JmxRegister.java:tryRegister(44)) - Successfully registered JMX Bean with object name Ratis:service=RaftServer,group=group-EDA82BE7B498,id=6bbb30bf-68fb-49c7-a700-39ca06a4595f
2019-09-26 13:29:15,897 [RatisPipelineUtilsThread] INFO  pipeline.PipelineStateManager (PipelineStateManager.java:addPipeline(56)) - Created pipeline Pipeline[ Id: 309be177-87db-46d0-8088-eda82be7b498, Nodes: 6bbb30bf-68fb-49c7-a700-39ca06a4595f{ip: 192.168.164.238, host: pr-hdds-1569-87zkn-1081879488, networkLocation: /default-rack, certSerialId: null}, Type:RATIS, Factor:ONE, State:OPEN]
2019-09-26 13:29:15,898 [RatisPipelineUtilsThread] INFO  pipeline.PipelinePlacementPolicy (PipelinePlacementPolicy.java:meetCriteria(91)) - Pipeline Placement: can't place more pipeline on heavy datanode： 2bceee89-654d-4083-a39a-484f868bd9b7 Heaviness: 6 limit: 5
2019-09-26 13:29:15,898 [RatisPipelineUtilsThread] INFO  pipeline.PipelinePlacementPolicy (PipelinePlacementPolicy.java:meetCriteria(91)) - Pipeline Placement: can't place more pipeline on heavy datanode： 921dbd79-5e7d-43e7-a946-6392aa4a26bd Heaviness: 6 limit: 5
2019-09-26 13:29:15,911 [grpc-default-executor-0] INFO  impl.RaftServerProxy (RaftServerProxy.java:addNew(89)) - 84fdec62-d817-45bb-98fc-971264b4d85b: addNew group-77A4A008598D:[84fdec62-d817-45bb-98fc-971264b4d85b:192.168.164.238:44616] returns group-77A4A008598D:java.util.concurrent.CompletableFuture@6a050cec[Not completed]
2019-09-26 13:29:15,912 [pool-47-thread-1] INFO  impl.RaftServerImpl (RaftServerImpl.java:<init>(95)) - 84fdec62-d817-45bb-98fc-971264b4d85b: new RaftServerImpl for group-77A4A008598D:[84fdec62-d817-45bb-98fc-971264b4d85b:192.168.164.238:44616] with ContainerStateMachine:uninitialized
2019-09-26 13:29:15,912 [pool-47-thread-1] INFO  server.RaftServerConfigKeys (ConfUtils.java:logGet(43)) - raft.server.rpc.timeout.min = 5s (custom)
2019-09-26 13:29:15,912 [pool-47-thread-1] INFO  server.RaftServerConfigKeys (ConfUtils.java:logGet(43)) - raft.server.rpc.timeout.max = 5200ms (custom)
2019-09-26 13:29:15,913 [pool-47-thread-1] INFO  server.RaftServerConfigKeys (ConfUtils.java:logGet(43)) - raft.server.rpcslowness.timeout = 120s (custom)
2019-09-26 13:29:15,913 [pool-47-thread-1] INFO  server.RaftServerConfigKeys (ConfUtils.java:logGet(43)) - raft.server.sleep.deviation.threshold = 300 (default)
2019-09-26 13:29:15,913 [pool-47-thread-1] INFO  server.RaftServerConfigKeys (ConfUtils.java:logGet(43)) - raft.server.log.appender.install.snapshot.enabled = false (custom)
2019-09-26 13:29:15,913 [pool-47-thread-1] INFO  impl.RaftServerImpl (ServerState.java:<init>(103)) - 84fdec62-d817-45bb-98fc-971264b4d85b@group-77A4A008598D: ConfigurationManager, init=-1: [84fdec62-d817-45bb-98fc-971264b4d85b:192.168.164.238:44616], old=null, confs=<EMPTY_MAP>
2019-09-26 13:29:15,913 [pool-47-thread-1] INFO  server.RaftServerConfigKeys (ConfUtils.java:logGet(43)) - raft.server.storage.dir = [/workdir/hadoop-ozone/ozonefs/target/test-dir/MiniOzoneClusterImpl-8b6a8972-8eda-4f33-b3cf-a560ba2c5b87/datanode-2/data/ratis] (custom)
2019-09-26 13:29:15,914 [pool-47-thread-1] INFO  storage.RaftStorageDirectory (RaftStorageDirectory.java:analyzeStorage(246)) - The storage directory /workdir/hadoop-ozone/ozonefs/target/test-dir/MiniOzoneClusterImpl-8b6a8972-8eda-4f33-b3cf-a560ba2c5b87/datanode-2/data/ratis/d087485b-b648-40a5-86c7-77a4a008598d does not exist. Creating ...
2019-09-26 13:29:15,929 [pool-47-thread-1] INFO  storage.RaftStorageDirectory (RaftStorageDirectory.java:tryLock(328)) - Lock on /workdir/hadoop-ozone/ozonefs/target/test-dir/MiniOzoneClusterImpl-8b6a8972-8eda-4f33-b3cf-a560ba2c5b87/datanode-2/data/ratis/d087485b-b648-40a5-86c7-77a4a008598d/in_use.lock acquired by nodename 6686@pr-hdds-1569-87zkn-1081879488
2019-09-26 13:29:15,932 [pool-47-thread-1] INFO  storage.RaftStorage (RaftStorage.java:format(72)) - Storage directory /workdir/hadoop-ozone/ozonefs/target/test-dir/MiniOzoneClusterImpl-8b6a8972-8eda-4f33-b3cf-a560ba2c5b87/datanode-2/data/ratis/d087485b-b648-40a5-86c7-77a4a008598d has been successfully formatted.
2019-09-26 13:29:15,932 [pool-47-thread-1] INFO  ratis.ContainerStateMachine (ContainerStateMachine.java:loadSnapshot(230)) - group-77A4A008598D: The snapshot info is null. Setting the last applied indexto:(t:0, i:~)
2019-09-26 13:29:15,932 [pool-47-thread-1] INFO  server.RaftServerConfigKeys (ConfUtils.java:logGet(43)) - raft.server.notification.no-leader.timeout = 120s (custom)
2019-09-26 13:29:15,932 [pool-47-thread-1] INFO  server.RaftServerConfigKeys (ConfUtils.java:logGet(43)) - raft.server.log.use.memory = false (default)
2019-09-26 13:29:15,932 [pool-47-thread-1] INFO  server.RaftServerConfigKeys (ConfUtils.java:logGet(43)) - raft.server.log.purge.gap = 1000000 (custom)
2019-09-26 13:29:15,932 [pool-47-thread-1] INFO  server.RaftServerConfigKeys (ConfUtils.java:logGet(43)) - raft.server.log.appender.buffer.byte-limit = 33554432 (custom)
2019-09-26 13:29:15,933 [pool-47-thread-1] INFO  server.RaftServerConfigKeys (ConfUtils.java:logGet(43)) - raft.server.log.segment.size.max = 1048576 (custom)
2019-09-26 13:29:15,933 [pool-47-thread-1] INFO  server.RaftServerConfigKeys (ConfUtils.java:logGet(43)) - raft.server.log.segment.cache.num.max = 2 (custom)
2019-09-26 13:29:15,933 [pool-47-thread-1] INFO  segmented.SegmentedRaftLogWorker (SegmentedRaftLogWorker.java:<init>(172)) - new 84fdec62-d817-45bb-98fc-971264b4d85b@group-77A4A008598D-SegmentedRaftLogWorker for RaftStorage:Storage Directory /workdir/hadoop-ozone/ozonefs/target/test-dir/MiniOzoneClusterImpl-8b6a8972-8eda-4f33-b3cf-a560ba2c5b87/datanode-2/data/ratis/d087485b-b648-40a5-86c7-77a4a008598d
2019-09-26 13:29:15,933 [pool-47-thread-1] INFO  server.RaftServerConfigKeys (ConfUtils.java:logGet(43)) - raft.server.log.queue.byte-limit = 2147483647 (custom)
2019-09-26 13:29:15,933 [pool-47-thread-1] INFO  server.RaftServerConfigKeys (ConfUtils.java:logGet(43)) - raft.server.log.queue.element-limit = 1024 (custom)
2019-09-26 13:29:15,933 [pool-47-thread-1] INFO  server.RaftServerConfigKeys (ConfUtils.java:logGet(43)) - raft.server.log.segment.size.max = 1048576 (custom)
2019-09-26 13:29:15,933 [pool-47-thread-1] INFO  server.RaftServerConfigKeys (ConfUtils.java:logGet(43)) - raft.server.log.preallocated.size = 16384 (custom)
2019-09-26 13:29:15,933 [pool-47-thread-1] INFO  server.RaftServerConfigKeys (ConfUtils.java:logGet(43)) - raft.server.log.write.buffer.size = 33554432 (custom)
2019-09-26 13:29:15,933 [pool-47-thread-1] INFO  server.RaftServerConfigKeys (ConfUtils.java:logGet(43)) - raft.server.log.force.sync.num = 128 (default)
2019-09-26 13:29:15,934 [pool-47-thread-1] INFO  server.RaftServerConfigKeys (ConfUtils.java:logGet(43)) - raft.server.log.statemachine.data.sync = true (default)
2019-09-26 13:29:15,934 [pool-47-thread-1] INFO  server.RaftServerConfigKeys (ConfUtils.java:logGet(43)) - raft.server.log.statemachine.data.sync.timeout = 10s (default)
2019-09-26 13:29:15,934 [pool-47-thread-1] INFO  server.RaftServerConfigKeys (ConfUtils.java:logGet(43)) - raft.server.log.statemachine.data.sync.timeout.retry = -1 (default)
2019-09-26 13:29:15,934 [pool-47-thread-1] INFO  server.RaftServerConfigKeys (ConfUtils.java:logGet(43)) - raft.server.log.statemachine.data.caching.enabled = true (custom)
2019-09-26 13:29:15,934 [pool-47-thread-1] INFO  segmented.SegmentedRaftLogWorker (SegmentedRaftLogWorker.java:lambda$new$0(132)) - 84fdec62-d817-45bb-98fc-971264b4d85b@group-77A4A008598D-SegmentedRaftLogWorker: flushIndex: setUnconditionally 0 -> -1
2019-09-26 13:29:15,934 [pool-47-thread-1] INFO  server.RaftServerConfigKeys (ConfUtils.java:logGet(43)) - raft.server.snapshot.auto.trigger.enabled = true (custom)
2019-09-26 13:29:15,935 [pool-47-thread-1] INFO  server.RaftServerConfigKeys (ConfUtils.java:logGet(43)) - raft.server.snapshot.auto.trigger.threshold = 10000 (custom)
2019-09-26 13:29:15,935 [pool-47-thread-1] INFO  server.RaftServerConfigKeys (ConfUtils.java:logGet(43)) - raft.server.snapshot.retention.num.files = 5 (custom)
2019-09-26 13:29:15,935 [pool-47-thread-1] INFO  server.RaftServerConfigKeys (ConfUtils.java:logGet(43)) - raft.server.retrycache.expirytime = 600000ms (custom)
2019-09-26 13:29:15,937 [pool-47-thread-1] INFO  impl.RaftServerImpl (RaftServerImpl.java:start(185)) - 84fdec62-d817-45bb-98fc-971264b4d85b@group-77A4A008598D: start as a follower, conf=-1: [84fdec62-d817-45bb-98fc-971264b4d85b:192.168.164.238:44616], old=null
2019-09-26 13:29:15,937 [pool-47-thread-1] INFO  impl.RaftServerImpl (RaftServerImpl.java:setRole(174)) - 84fdec62-d817-45bb-98fc-971264b4d85b@group-77A4A008598D: changes role from      null to FOLLOWER at term 0 for startAsFollower
2019-09-26 13:29:15,937 [pool-47-thread-1] INFO  impl.RoleInfo (RoleInfo.java:updateAndGet(143)) - 84fdec62-d817-45bb-98fc-971264b4d85b: start FollowerState
2019-09-26 13:29:15,937 [pool-47-thread-1] INFO  util.JmxRegister (JmxRegister.java:tryRegister(44)) - Successfully registered JMX Bean with object name Ratis:service=RaftServer,group=group-77A4A008598D,id=84fdec62-d817-45bb-98fc-971264b4d85b
2019-09-26 13:29:15,944 [RatisPipelineUtilsThread] INFO  pipeline.PipelineStateManager (PipelineStateManager.java:addPipeline(56)) - Created pipeline Pipeline[ Id: d087485b-b648-40a5-86c7-77a4a008598d, Nodes: 84fdec62-d817-45bb-98fc-971264b4d85b{ip: 192.168.164.238, host: pr-hdds-1569-87zkn-1081879488, networkLocation: /default-rack, certSerialId: null}, Type:RATIS, Factor:ONE, State:OPEN]
2019-09-26 13:29:15,944 [RatisPipelineUtilsThread] INFO  pipeline.PipelinePlacementPolicy (PipelinePlacementPolicy.java:meetCriteria(91)) - Pipeline Placement: can't place more pipeline on heavy datanode： 2bceee89-654d-4083-a39a-484f868bd9b7 Heaviness: 6 limit: 5
2019-09-26 13:29:15,944 [RatisPipelineUtilsThread] INFO  pipeline.PipelinePlacementPolicy (PipelinePlacementPolicy.java:meetCriteria(91)) - Pipeline Placement: can't place more pipeline on heavy datanode： 921dbd79-5e7d-43e7-a946-6392aa4a26bd Heaviness: 6 limit: 5
2019-09-26 13:29:15,957 [grpc-default-executor-0] INFO  impl.RaftServerProxy (RaftServerProxy.java:addNew(89)) - e1d07e13-fba7-421e-90fa-c7d02cfb4ed9: addNew group-09118E94AB75:[e1d07e13-fba7-421e-90fa-c7d02cfb4ed9:192.168.164.238:39231] returns group-09118E94AB75:java.util.concurrent.CompletableFuture@6d32ad8[Not completed]
2019-09-26 13:29:15,959 [pool-87-thread-1] INFO  impl.RaftServerImpl (RaftServerImpl.java:<init>(95)) - e1d07e13-fba7-421e-90fa-c7d02cfb4ed9: new RaftServerImpl for group-09118E94AB75:[e1d07e13-fba7-421e-90fa-c7d02cfb4ed9:192.168.164.238:39231] with ContainerStateMachine:uninitialized
2019-09-26 13:29:15,959 [pool-87-thread-1] INFO  server.RaftServerConfigKeys (ConfUtils.java:logGet(43)) - raft.server.rpc.timeout.min = 5s (custom)
2019-09-26 13:29:15,959 [pool-87-thread-1] INFO  server.RaftServerConfigKeys (ConfUtils.java:logGet(43)) - raft.server.rpc.timeout.max = 5200ms (custom)
2019-09-26 13:29:15,959 [pool-87-thread-1] INFO  server.RaftServerConfigKeys (ConfUtils.java:logGet(43)) - raft.server.rpcslowness.timeout = 120s (custom)
2019-09-26 13:29:15,959 [pool-87-thread-1] INFO  server.RaftServerConfigKeys (ConfUtils.java:logGet(43)) - raft.server.sleep.deviation.threshold = 300 (default)
2019-09-26 13:29:15,959 [pool-87-thread-1] INFO  server.RaftServerConfigKeys (ConfUtils.java:logGet(43)) - raft.server.log.appender.install.snapshot.enabled = false (custom)
2019-09-26 13:29:15,960 [pool-87-thread-1] INFO  impl.RaftServerImpl (ServerState.java:<init>(103)) - e1d07e13-fba7-421e-90fa-c7d02cfb4ed9@group-09118E94AB75: ConfigurationManager, init=-1: [e1d07e13-fba7-421e-90fa-c7d02cfb4ed9:192.168.164.238:39231], old=null, confs=<EMPTY_MAP>
2019-09-26 13:29:15,960 [pool-87-thread-1] INFO  server.RaftServerConfigKeys (ConfUtils.java:logGet(43)) - raft.server.storage.dir = [/workdir/hadoop-ozone/ozonefs/target/test-dir/MiniOzoneClusterImpl-8b6a8972-8eda-4f33-b3cf-a560ba2c5b87/datanode-6/data/ratis] (custom)
2019-09-26 13:29:15,960 [pool-87-thread-1] INFO  storage.RaftStorageDirectory (RaftStorageDirectory.java:analyzeStorage(246)) - The storage directory /workdir/hadoop-ozone/ozonefs/target/test-dir/MiniOzoneClusterImpl-8b6a8972-8eda-4f33-b3cf-a560ba2c5b87/datanode-6/data/ratis/790d8556-b320-48b4-a9d4-09118e94ab75 does not exist. Creating ...
2019-09-26 13:29:15,971 [pool-87-thread-1] INFO  storage.RaftStorageDirectory (RaftStorageDirectory.java:tryLock(328)) - Lock on /workdir/hadoop-ozone/ozonefs/target/test-dir/MiniOzoneClusterImpl-8b6a8972-8eda-4f33-b3cf-a560ba2c5b87/datanode-6/data/ratis/790d8556-b320-48b4-a9d4-09118e94ab75/in_use.lock acquired by nodename 6686@pr-hdds-1569-87zkn-1081879488
2019-09-26 13:29:15,985 [pool-87-thread-1] INFO  storage.RaftStorage (RaftStorage.java:format(72)) - Storage directory /workdir/hadoop-ozone/ozonefs/target/test-dir/MiniOzoneClusterImpl-8b6a8972-8eda-4f33-b3cf-a560ba2c5b87/datanode-6/data/ratis/790d8556-b320-48b4-a9d4-09118e94ab75 has been successfully formatted.
2019-09-26 13:29:15,985 [pool-87-thread-1] INFO  ratis.ContainerStateMachine (ContainerStateMachine.java:loadSnapshot(230)) - group-09118E94AB75: The snapshot info is null. Setting the last applied indexto:(t:0, i:~)
2019-09-26 13:29:15,985 [pool-87-thread-1] INFO  server.RaftServerConfigKeys (ConfUtils.java:logGet(43)) - raft.server.notification.no-leader.timeout = 120s (custom)
2019-09-26 13:29:15,985 [pool-87-thread-1] INFO  server.RaftServerConfigKeys (ConfUtils.java:logGet(43)) - raft.server.log.use.memory = false (default)
2019-09-26 13:29:15,986 [pool-87-thread-1] INFO  server.RaftServerConfigKeys (ConfUtils.java:logGet(43)) - raft.server.log.purge.gap = 1000000 (custom)
2019-09-26 13:29:15,986 [pool-87-thread-1] INFO  server.RaftServerConfigKeys (ConfUtils.java:logGet(43)) - raft.server.log.appender.buffer.byte-limit = 33554432 (custom)
2019-09-26 13:29:15,986 [pool-87-thread-1] INFO  server.RaftServerConfigKeys (ConfUtils.java:logGet(43)) - raft.server.log.segment.size.max = 1048576 (custom)
2019-09-26 13:29:15,986 [pool-87-thread-1] INFO  server.RaftServerConfigKeys (ConfUtils.java:logGet(43)) - raft.server.log.segment.cache.num.max = 2 (custom)
2019-09-26 13:29:15,986 [pool-87-thread-1] INFO  segmented.SegmentedRaftLogWorker (SegmentedRaftLogWorker.java:<init>(172)) - new e1d07e13-fba7-421e-90fa-c7d02cfb4ed9@group-09118E94AB75-SegmentedRaftLogWorker for RaftStorage:Storage Directory /workdir/hadoop-ozone/ozonefs/target/test-dir/MiniOzoneClusterImpl-8b6a8972-8eda-4f33-b3cf-a560ba2c5b87/datanode-6/data/ratis/790d8556-b320-48b4-a9d4-09118e94ab75
2019-09-26 13:29:15,986 [pool-87-thread-1] INFO  server.RaftServerConfigKeys (ConfUtils.java:logGet(43)) - raft.server.log.queue.byte-limit = 2147483647 (custom)
2019-09-26 13:29:15,986 [pool-87-thread-1] INFO  server.RaftServerConfigKeys (ConfUtils.java:logGet(43)) - raft.server.log.queue.element-limit = 1024 (custom)
2019-09-26 13:29:15,987 [pool-87-thread-1] INFO  server.RaftServerConfigKeys (ConfUtils.java:logGet(43)) - raft.server.log.segment.size.max = 1048576 (custom)
2019-09-26 13:29:15,987 [pool-87-thread-1] INFO  server.RaftServerConfigKeys (ConfUtils.java:logGet(43)) - raft.server.log.preallocated.size = 16384 (custom)
2019-09-26 13:29:15,987 [pool-87-thread-1] INFO  server.RaftServerConfigKeys (ConfUtils.java:logGet(43)) - raft.server.log.write.buffer.size = 33554432 (custom)
2019-09-26 13:29:15,987 [pool-87-thread-1] INFO  server.RaftServerConfigKeys (ConfUtils.java:logGet(43)) - raft.server.log.force.sync.num = 128 (default)
2019-09-26 13:29:15,987 [pool-87-thread-1] INFO  server.RaftServerConfigKeys (ConfUtils.java:logGet(43)) - raft.server.log.statemachine.data.sync = true (default)
2019-09-26 13:29:15,987 [pool-87-thread-1] INFO  server.RaftServerConfigKeys (ConfUtils.java:logGet(43)) - raft.server.log.statemachine.data.sync.timeout = 10s (default)
2019-09-26 13:29:15,987 [pool-87-thread-1] INFO  server.RaftServerConfigKeys (ConfUtils.java:logGet(43)) - raft.server.log.statemachine.data.sync.timeout.retry = -1 (default)
2019-09-26 13:29:15,987 [pool-87-thread-1] INFO  server.RaftServerConfigKeys (ConfUtils.java:logGet(43)) - raft.server.log.statemachine.data.caching.enabled = true (custom)
2019-09-26 13:29:15,988 [pool-87-thread-1] INFO  segmented.SegmentedRaftLogWorker (SegmentedRaftLogWorker.java:lambda$new$0(132)) - e1d07e13-fba7-421e-90fa-c7d02cfb4ed9@group-09118E94AB75-SegmentedRaftLogWorker: flushIndex: setUnconditionally 0 -> -1
2019-09-26 13:29:15,988 [pool-87-thread-1] INFO  server.RaftServerConfigKeys (ConfUtils.java:logGet(43)) - raft.server.snapshot.auto.trigger.enabled = true (custom)
2019-09-26 13:29:15,988 [pool-87-thread-1] INFO  server.RaftServerConfigKeys (ConfUtils.java:logGet(43)) - raft.server.snapshot.auto.trigger.threshold = 10000 (custom)
2019-09-26 13:29:15,988 [pool-87-thread-1] INFO  server.RaftServerConfigKeys (ConfUtils.java:logGet(43)) - raft.server.snapshot.retention.num.files = 5 (custom)
2019-09-26 13:29:15,988 [pool-87-thread-1] INFO  server.RaftServerConfigKeys (ConfUtils.java:logGet(43)) - raft.server.retrycache.expirytime = 600000ms (custom)
2019-09-26 13:29:15,990 [pool-87-thread-1] INFO  impl.RaftServerImpl (RaftServerImpl.java:start(185)) - e1d07e13-fba7-421e-90fa-c7d02cfb4ed9@group-09118E94AB75: start as a follower, conf=-1: [e1d07e13-fba7-421e-90fa-c7d02cfb4ed9:192.168.164.238:39231], old=null
2019-09-26 13:29:15,990 [pool-87-thread-1] INFO  impl.RaftServerImpl (RaftServerImpl.java:setRole(174)) - e1d07e13-fba7-421e-90fa-c7d02cfb4ed9@group-09118E94AB75: changes role from      null to FOLLOWER at term 0 for startAsFollower
2019-09-26 13:29:15,990 [pool-87-thread-1] INFO  impl.RoleInfo (RoleInfo.java:updateAndGet(143)) - e1d07e13-fba7-421e-90fa-c7d02cfb4ed9: start FollowerState
2019-09-26 13:29:15,991 [pool-87-thread-1] INFO  util.JmxRegister (JmxRegister.java:tryRegister(44)) - Successfully registered JMX Bean with object name Ratis:service=RaftServer,group=group-09118E94AB75,id=e1d07e13-fba7-421e-90fa-c7d02cfb4ed9
2019-09-26 13:29:15,996 [RatisPipelineUtilsThread] INFO  pipeline.PipelineStateManager (PipelineStateManager.java:addPipeline(56)) - Created pipeline Pipeline[ Id: 790d8556-b320-48b4-a9d4-09118e94ab75, Nodes: e1d07e13-fba7-421e-90fa-c7d02cfb4ed9{ip: 192.168.164.238, host: pr-hdds-1569-87zkn-1081879488, networkLocation: /default-rack, certSerialId: null}, Type:RATIS, Factor:ONE, State:OPEN]
2019-09-26 13:29:15,996 [RatisPipelineUtilsThread] INFO  pipeline.PipelinePlacementPolicy (PipelinePlacementPolicy.java:meetCriteria(91)) - Pipeline Placement: can't place more pipeline on heavy datanode： 2bceee89-654d-4083-a39a-484f868bd9b7 Heaviness: 6 limit: 5
2019-09-26 13:29:15,996 [RatisPipelineUtilsThread] INFO  pipeline.PipelinePlacementPolicy (PipelinePlacementPolicy.java:meetCriteria(91)) - Pipeline Placement: can't place more pipeline on heavy datanode： 921dbd79-5e7d-43e7-a946-6392aa4a26bd Heaviness: 6 limit: 5
2019-09-26 13:29:16,005 [grpc-default-executor-0] INFO  impl.RaftServerProxy (RaftServerProxy.java:addNew(89)) - 84fdec62-d817-45bb-98fc-971264b4d85b: addNew group-2C358FF5FCCC:[84fdec62-d817-45bb-98fc-971264b4d85b:192.168.164.238:44616] returns group-2C358FF5FCCC:java.util.concurrent.CompletableFuture@77209f26[Not completed]
2019-09-26 13:29:16,006 [pool-47-thread-1] INFO  impl.RaftServerImpl (RaftServerImpl.java:<init>(95)) - 84fdec62-d817-45bb-98fc-971264b4d85b: new RaftServerImpl for group-2C358FF5FCCC:[84fdec62-d817-45bb-98fc-971264b4d85b:192.168.164.238:44616] with ContainerStateMachine:uninitialized
2019-09-26 13:29:16,006 [pool-47-thread-1] INFO  server.RaftServerConfigKeys (ConfUtils.java:logGet(43)) - raft.server.rpc.timeout.min = 5s (custom)
2019-09-26 13:29:16,007 [pool-47-thread-1] INFO  server.RaftServerConfigKeys (ConfUtils.java:logGet(43)) - raft.server.rpc.timeout.max = 5200ms (custom)
2019-09-26 13:29:16,007 [pool-47-thread-1] INFO  server.RaftServerConfigKeys (ConfUtils.java:logGet(43)) - raft.server.rpcslowness.timeout = 120s (custom)
2019-09-26 13:29:16,007 [pool-47-thread-1] INFO  server.RaftServerConfigKeys (ConfUtils.java:logGet(43)) - raft.server.sleep.deviation.threshold = 300 (default)
2019-09-26 13:29:16,007 [pool-47-thread-1] INFO  server.RaftServerConfigKeys (ConfUtils.java:logGet(43)) - raft.server.log.appender.install.snapshot.enabled = false (custom)
2019-09-26 13:29:16,007 [pool-47-thread-1] INFO  impl.RaftServerImpl (ServerState.java:<init>(103)) - 84fdec62-d817-45bb-98fc-971264b4d85b@group-2C358FF5FCCC: ConfigurationManager, init=-1: [84fdec62-d817-45bb-98fc-971264b4d85b:192.168.164.238:44616], old=null, confs=<EMPTY_MAP>
2019-09-26 13:29:16,007 [pool-47-thread-1] INFO  server.RaftServerConfigKeys (ConfUtils.java:logGet(43)) - raft.server.storage.dir = [/workdir/hadoop-ozone/ozonefs/target/test-dir/MiniOzoneClusterImpl-8b6a8972-8eda-4f33-b3cf-a560ba2c5b87/datanode-2/data/ratis] (custom)
2019-09-26 13:29:16,007 [pool-47-thread-1] INFO  storage.RaftStorageDirectory (RaftStorageDirectory.java:analyzeStorage(246)) - The storage directory /workdir/hadoop-ozone/ozonefs/target/test-dir/MiniOzoneClusterImpl-8b6a8972-8eda-4f33-b3cf-a560ba2c5b87/datanode-2/data/ratis/02608051-e372-4faf-96f6-2c358ff5fccc does not exist. Creating ...
2019-09-26 13:29:16,012 [pool-47-thread-1] INFO  storage.RaftStorageDirectory (RaftStorageDirectory.java:tryLock(328)) - Lock on /workdir/hadoop-ozone/ozonefs/target/test-dir/MiniOzoneClusterImpl-8b6a8972-8eda-4f33-b3cf-a560ba2c5b87/datanode-2/data/ratis/02608051-e372-4faf-96f6-2c358ff5fccc/in_use.lock acquired by nodename 6686@pr-hdds-1569-87zkn-1081879488
2019-09-26 13:29:16,017 [pool-47-thread-1] INFO  storage.RaftStorage (RaftStorage.java:format(72)) - Storage directory /workdir/hadoop-ozone/ozonefs/target/test-dir/MiniOzoneClusterImpl-8b6a8972-8eda-4f33-b3cf-a560ba2c5b87/datanode-2/data/ratis/02608051-e372-4faf-96f6-2c358ff5fccc has been successfully formatted.
2019-09-26 13:29:16,018 [pool-47-thread-1] INFO  ratis.ContainerStateMachine (ContainerStateMachine.java:loadSnapshot(230)) - group-2C358FF5FCCC: The snapshot info is null. Setting the last applied indexto:(t:0, i:~)
2019-09-26 13:29:16,018 [pool-47-thread-1] INFO  server.RaftServerConfigKeys (ConfUtils.java:logGet(43)) - raft.server.notification.no-leader.timeout = 120s (custom)
2019-09-26 13:29:16,018 [pool-47-thread-1] INFO  server.RaftServerConfigKeys (ConfUtils.java:logGet(43)) - raft.server.log.use.memory = false (default)
2019-09-26 13:29:16,018 [pool-47-thread-1] INFO  server.RaftServerConfigKeys (ConfUtils.java:logGet(43)) - raft.server.log.purge.gap = 1000000 (custom)
2019-09-26 13:29:16,018 [pool-47-thread-1] INFO  server.RaftServerConfigKeys (ConfUtils.java:logGet(43)) - raft.server.log.appender.buffer.byte-limit = 33554432 (custom)
2019-09-26 13:29:16,018 [pool-47-thread-1] INFO  server.RaftServerConfigKeys (ConfUtils.java:logGet(43)) - raft.server.log.segment.size.max = 1048576 (custom)
2019-09-26 13:29:16,018 [pool-47-thread-1] INFO  server.RaftServerConfigKeys (ConfUtils.java:logGet(43)) - raft.server.log.segment.cache.num.max = 2 (custom)
2019-09-26 13:29:16,018 [pool-47-thread-1] INFO  segmented.SegmentedRaftLogWorker (SegmentedRaftLogWorker.java:<init>(172)) - new 84fdec62-d817-45bb-98fc-971264b4d85b@group-2C358FF5FCCC-SegmentedRaftLogWorker for RaftStorage:Storage Directory /workdir/hadoop-ozone/ozonefs/target/test-dir/MiniOzoneClusterImpl-8b6a8972-8eda-4f33-b3cf-a560ba2c5b87/datanode-2/data/ratis/02608051-e372-4faf-96f6-2c358ff5fccc
2019-09-26 13:29:16,018 [pool-47-thread-1] INFO  server.RaftServerConfigKeys (ConfUtils.java:logGet(43)) - raft.server.log.queue.byte-limit = 2147483647 (custom)
2019-09-26 13:29:16,019 [pool-47-thread-1] INFO  server.RaftServerConfigKeys (ConfUtils.java:logGet(43)) - raft.server.log.queue.element-limit = 1024 (custom)
2019-09-26 13:29:16,019 [pool-47-thread-1] INFO  server.RaftServerConfigKeys (ConfUtils.java:logGet(43)) - raft.server.log.segment.size.max = 1048576 (custom)
2019-09-26 13:29:16,019 [pool-47-thread-1] INFO  server.RaftServerConfigKeys (ConfUtils.java:logGet(43)) - raft.server.log.preallocated.size = 16384 (custom)
2019-09-26 13:29:16,019 [pool-47-thread-1] INFO  server.RaftServerConfigKeys (ConfUtils.java:logGet(43)) - raft.server.log.write.buffer.size = 33554432 (custom)
2019-09-26 13:29:16,019 [pool-47-thread-1] INFO  server.RaftServerConfigKeys (ConfUtils.java:logGet(43)) - raft.server.log.force.sync.num = 128 (default)
2019-09-26 13:29:16,019 [pool-47-thread-1] INFO  server.RaftServerConfigKeys (ConfUtils.java:logGet(43)) - raft.server.log.statemachine.data.sync = true (default)
2019-09-26 13:29:16,019 [pool-47-thread-1] INFO  server.RaftServerConfigKeys (ConfUtils.java:logGet(43)) - raft.server.log.statemachine.data.sync.timeout = 10s (default)
2019-09-26 13:29:16,019 [pool-47-thread-1] INFO  server.RaftServerConfigKeys (ConfUtils.java:logGet(43)) - raft.server.log.statemachine.data.sync.timeout.retry = -1 (default)
2019-09-26 13:29:16,019 [pool-47-thread-1] INFO  server.RaftServerConfigKeys (ConfUtils.java:logGet(43)) - raft.server.log.statemachine.data.caching.enabled = true (custom)
2019-09-26 13:29:16,020 [pool-47-thread-1] INFO  segmented.SegmentedRaftLogWorker (SegmentedRaftLogWorker.java:lambda$new$0(132)) - 84fdec62-d817-45bb-98fc-971264b4d85b@group-2C358FF5FCCC-SegmentedRaftLogWorker: flushIndex: setUnconditionally 0 -> -1
2019-09-26 13:29:16,020 [pool-47-thread-1] INFO  server.RaftServerConfigKeys (ConfUtils.java:logGet(43)) - raft.server.snapshot.auto.trigger.enabled = true (custom)
2019-09-26 13:29:16,020 [pool-47-thread-1] INFO  server.RaftServerConfigKeys (ConfUtils.java:logGet(43)) - raft.server.snapshot.auto.trigger.threshold = 10000 (custom)
2019-09-26 13:29:16,020 [pool-47-thread-1] INFO  server.RaftServerConfigKeys (ConfUtils.java:logGet(43)) - raft.server.snapshot.retention.num.files = 5 (custom)
2019-09-26 13:29:16,020 [pool-47-thread-1] INFO  server.RaftServerConfigKeys (ConfUtils.java:logGet(43)) - raft.server.retrycache.expirytime = 600000ms (custom)
2019-09-26 13:29:16,022 [pool-47-thread-1] INFO  impl.RaftServerImpl (RaftServerImpl.java:start(185)) - 84fdec62-d817-45bb-98fc-971264b4d85b@group-2C358FF5FCCC: start as a follower, conf=-1: [84fdec62-d817-45bb-98fc-971264b4d85b:192.168.164.238:44616], old=null
2019-09-26 13:29:16,022 [pool-47-thread-1] INFO  impl.RaftServerImpl (RaftServerImpl.java:setRole(174)) - 84fdec62-d817-45bb-98fc-971264b4d85b@group-2C358FF5FCCC: changes role from      null to FOLLOWER at term 0 for startAsFollower
2019-09-26 13:29:16,022 [pool-47-thread-1] INFO  impl.RoleInfo (RoleInfo.java:updateAndGet(143)) - 84fdec62-d817-45bb-98fc-971264b4d85b: start FollowerState
2019-09-26 13:29:16,022 [pool-47-thread-1] INFO  util.JmxRegister (JmxRegister.java:tryRegister(44)) - Successfully registered JMX Bean with object name Ratis:service=RaftServer,group=group-2C358FF5FCCC,id=84fdec62-d817-45bb-98fc-971264b4d85b
2019-09-26 13:29:16,027 [RatisPipelineUtilsThread] INFO  pipeline.PipelineStateManager (PipelineStateManager.java:addPipeline(56)) - Created pipeline Pipeline[ Id: 02608051-e372-4faf-96f6-2c358ff5fccc, Nodes: 84fdec62-d817-45bb-98fc-971264b4d85b{ip: 192.168.164.238, host: pr-hdds-1569-87zkn-1081879488, networkLocation: /default-rack, certSerialId: null}, Type:RATIS, Factor:ONE, State:OPEN]
2019-09-26 13:29:16,028 [RatisPipelineUtilsThread] INFO  pipeline.PipelinePlacementPolicy (PipelinePlacementPolicy.java:meetCriteria(91)) - Pipeline Placement: can't place more pipeline on heavy datanode： 2bceee89-654d-4083-a39a-484f868bd9b7 Heaviness: 6 limit: 5
2019-09-26 13:29:16,028 [RatisPipelineUtilsThread] INFO  pipeline.PipelinePlacementPolicy (PipelinePlacementPolicy.java:meetCriteria(91)) - Pipeline Placement: can't place more pipeline on heavy datanode： 84fdec62-d817-45bb-98fc-971264b4d85b Heaviness: 6 limit: 5
2019-09-26 13:29:16,028 [RatisPipelineUtilsThread] INFO  pipeline.PipelinePlacementPolicy (PipelinePlacementPolicy.java:meetCriteria(91)) - Pipeline Placement: can't place more pipeline on heavy datanode： 921dbd79-5e7d-43e7-a946-6392aa4a26bd Heaviness: 6 limit: 5
2019-09-26 13:29:16,038 [grpc-default-executor-1] INFO  impl.RaftServerProxy (RaftServerProxy.java:addNew(89)) - 6bbb30bf-68fb-49c7-a700-39ca06a4595f: addNew group-7CF98C97F376:[6bbb30bf-68fb-49c7-a700-39ca06a4595f:192.168.164.238:44498] returns group-7CF98C97F376:java.util.concurrent.CompletableFuture@2fc2f86d[Not completed]
2019-09-26 13:29:16,039 [pool-57-thread-1] INFO  impl.RaftServerImpl (RaftServerImpl.java:<init>(95)) - 6bbb30bf-68fb-49c7-a700-39ca06a4595f: new RaftServerImpl for group-7CF98C97F376:[6bbb30bf-68fb-49c7-a700-39ca06a4595f:192.168.164.238:44498] with ContainerStateMachine:uninitialized
2019-09-26 13:29:16,039 [pool-57-thread-1] INFO  server.RaftServerConfigKeys (ConfUtils.java:logGet(43)) - raft.server.rpc.timeout.min = 5s (custom)
2019-09-26 13:29:16,039 [pool-57-thread-1] INFO  server.RaftServerConfigKeys (ConfUtils.java:logGet(43)) - raft.server.rpc.timeout.max = 5200ms (custom)
2019-09-26 13:29:16,039 [pool-57-thread-1] INFO  server.RaftServerConfigKeys (ConfUtils.java:logGet(43)) - raft.server.rpcslowness.timeout = 120s (custom)
2019-09-26 13:29:16,039 [pool-57-thread-1] INFO  server.RaftServerConfigKeys (ConfUtils.java:logGet(43)) - raft.server.sleep.deviation.threshold = 300 (default)
2019-09-26 13:29:16,039 [pool-57-thread-1] INFO  server.RaftServerConfigKeys (ConfUtils.java:logGet(43)) - raft.server.log.appender.install.snapshot.enabled = false (custom)
2019-09-26 13:29:16,039 [pool-57-thread-1] INFO  impl.RaftServerImpl (ServerState.java:<init>(103)) - 6bbb30bf-68fb-49c7-a700-39ca06a4595f@group-7CF98C97F376: ConfigurationManager, init=-1: [6bbb30bf-68fb-49c7-a700-39ca06a4595f:192.168.164.238:44498], old=null, confs=<EMPTY_MAP>
2019-09-26 13:29:16,040 [pool-57-thread-1] INFO  server.RaftServerConfigKeys (ConfUtils.java:logGet(43)) - raft.server.storage.dir = [/workdir/hadoop-ozone/ozonefs/target/test-dir/MiniOzoneClusterImpl-8b6a8972-8eda-4f33-b3cf-a560ba2c5b87/datanode-3/data/ratis] (custom)
2019-09-26 13:29:16,040 [pool-57-thread-1] INFO  storage.RaftStorageDirectory (RaftStorageDirectory.java:analyzeStorage(246)) - The storage directory /workdir/hadoop-ozone/ozonefs/target/test-dir/MiniOzoneClusterImpl-8b6a8972-8eda-4f33-b3cf-a560ba2c5b87/datanode-3/data/ratis/7cb729b6-cdd8-4c5f-8cb2-7cf98c97f376 does not exist. Creating ...
2019-09-26 13:29:16,049 [pool-57-thread-1] INFO  storage.RaftStorageDirectory (RaftStorageDirectory.java:tryLock(328)) - Lock on /workdir/hadoop-ozone/ozonefs/target/test-dir/MiniOzoneClusterImpl-8b6a8972-8eda-4f33-b3cf-a560ba2c5b87/datanode-3/data/ratis/7cb729b6-cdd8-4c5f-8cb2-7cf98c97f376/in_use.lock acquired by nodename 6686@pr-hdds-1569-87zkn-1081879488
2019-09-26 13:29:16,053 [pool-57-thread-1] INFO  storage.RaftStorage (RaftStorage.java:format(72)) - Storage directory /workdir/hadoop-ozone/ozonefs/target/test-dir/MiniOzoneClusterImpl-8b6a8972-8eda-4f33-b3cf-a560ba2c5b87/datanode-3/data/ratis/7cb729b6-cdd8-4c5f-8cb2-7cf98c97f376 has been successfully formatted.
2019-09-26 13:29:16,053 [pool-57-thread-1] INFO  ratis.ContainerStateMachine (ContainerStateMachine.java:loadSnapshot(230)) - group-7CF98C97F376: The snapshot info is null. Setting the last applied indexto:(t:0, i:~)
2019-09-26 13:29:16,053 [pool-57-thread-1] INFO  server.RaftServerConfigKeys (ConfUtils.java:logGet(43)) - raft.server.notification.no-leader.timeout = 120s (custom)
2019-09-26 13:29:16,053 [pool-57-thread-1] INFO  server.RaftServerConfigKeys (ConfUtils.java:logGet(43)) - raft.server.log.use.memory = false (default)
2019-09-26 13:29:16,053 [pool-57-thread-1] INFO  server.RaftServerConfigKeys (ConfUtils.java:logGet(43)) - raft.server.log.purge.gap = 1000000 (custom)
2019-09-26 13:29:16,053 [pool-57-thread-1] INFO  server.RaftServerConfigKeys (ConfUtils.java:logGet(43)) - raft.server.log.appender.buffer.byte-limit = 33554432 (custom)
2019-09-26 13:29:16,054 [pool-57-thread-1] INFO  server.RaftServerConfigKeys (ConfUtils.java:logGet(43)) - raft.server.log.segment.size.max = 1048576 (custom)
2019-09-26 13:29:16,054 [pool-57-thread-1] INFO  server.RaftServerConfigKeys (ConfUtils.java:logGet(43)) - raft.server.log.segment.cache.num.max = 2 (custom)
2019-09-26 13:29:16,054 [pool-57-thread-1] INFO  segmented.SegmentedRaftLogWorker (SegmentedRaftLogWorker.java:<init>(172)) - new 6bbb30bf-68fb-49c7-a700-39ca06a4595f@group-7CF98C97F376-SegmentedRaftLogWorker for RaftStorage:Storage Directory /workdir/hadoop-ozone/ozonefs/target/test-dir/MiniOzoneClusterImpl-8b6a8972-8eda-4f33-b3cf-a560ba2c5b87/datanode-3/data/ratis/7cb729b6-cdd8-4c5f-8cb2-7cf98c97f376
2019-09-26 13:29:16,054 [pool-57-thread-1] INFO  server.RaftServerConfigKeys (ConfUtils.java:logGet(43)) - raft.server.log.queue.byte-limit = 2147483647 (custom)
2019-09-26 13:29:16,054 [pool-57-thread-1] INFO  server.RaftServerConfigKeys (ConfUtils.java:logGet(43)) - raft.server.log.queue.element-limit = 1024 (custom)
2019-09-26 13:29:16,054 [pool-57-thread-1] INFO  server.RaftServerConfigKeys (ConfUtils.java:logGet(43)) - raft.server.log.segment.size.max = 1048576 (custom)
2019-09-26 13:29:16,054 [pool-57-thread-1] INFO  server.RaftServerConfigKeys (ConfUtils.java:logGet(43)) - raft.server.log.preallocated.size = 16384 (custom)
2019-09-26 13:29:16,054 [pool-57-thread-1] INFO  server.RaftServerConfigKeys (ConfUtils.java:logGet(43)) - raft.server.log.write.buffer.size = 33554432 (custom)
2019-09-26 13:29:16,054 [pool-57-thread-1] INFO  server.RaftServerConfigKeys (ConfUtils.java:logGet(43)) - raft.server.log.force.sync.num = 128 (default)
2019-09-26 13:29:16,054 [pool-57-thread-1] INFO  server.RaftServerConfigKeys (ConfUtils.java:logGet(43)) - raft.server.log.statemachine.data.sync = true (default)
2019-09-26 13:29:16,054 [pool-57-thread-1] INFO  server.RaftServerConfigKeys (ConfUtils.java:logGet(43)) - raft.server.log.statemachine.data.sync.timeout = 10s (default)
2019-09-26 13:29:16,055 [pool-57-thread-1] INFO  server.RaftServerConfigKeys (ConfUtils.java:logGet(43)) - raft.server.log.statemachine.data.sync.timeout.retry = -1 (default)
2019-09-26 13:29:16,055 [pool-57-thread-1] INFO  server.RaftServerConfigKeys (ConfUtils.java:logGet(43)) - raft.server.log.statemachine.data.caching.enabled = true (custom)
2019-09-26 13:29:16,055 [pool-57-thread-1] INFO  segmented.SegmentedRaftLogWorker (SegmentedRaftLogWorker.java:lambda$new$0(132)) - 6bbb30bf-68fb-49c7-a700-39ca06a4595f@group-7CF98C97F376-SegmentedRaftLogWorker: flushIndex: setUnconditionally 0 -> -1
2019-09-26 13:29:16,055 [pool-57-thread-1] INFO  server.RaftServerConfigKeys (ConfUtils.java:logGet(43)) - raft.server.snapshot.auto.trigger.enabled = true (custom)
2019-09-26 13:29:16,055 [pool-57-thread-1] INFO  server.RaftServerConfigKeys (ConfUtils.java:logGet(43)) - raft.server.snapshot.auto.trigger.threshold = 10000 (custom)
2019-09-26 13:29:16,055 [pool-57-thread-1] INFO  server.RaftServerConfigKeys (ConfUtils.java:logGet(43)) - raft.server.snapshot.retention.num.files = 5 (custom)
2019-09-26 13:29:16,055 [pool-57-thread-1] INFO  server.RaftServerConfigKeys (ConfUtils.java:logGet(43)) - raft.server.retrycache.expirytime = 600000ms (custom)
2019-09-26 13:29:16,057 [pool-57-thread-1] INFO  impl.RaftServerImpl (RaftServerImpl.java:start(185)) - 6bbb30bf-68fb-49c7-a700-39ca06a4595f@group-7CF98C97F376: start as a follower, conf=-1: [6bbb30bf-68fb-49c7-a700-39ca06a4595f:192.168.164.238:44498], old=null
2019-09-26 13:29:16,057 [pool-57-thread-1] INFO  impl.RaftServerImpl (RaftServerImpl.java:setRole(174)) - 6bbb30bf-68fb-49c7-a700-39ca06a4595f@group-7CF98C97F376: changes role from      null to FOLLOWER at term 0 for startAsFollower
2019-09-26 13:29:16,057 [pool-57-thread-1] INFO  impl.RoleInfo (RoleInfo.java:updateAndGet(143)) - 6bbb30bf-68fb-49c7-a700-39ca06a4595f: start FollowerState
2019-09-26 13:29:16,058 [pool-57-thread-1] INFO  util.JmxRegister (JmxRegister.java:tryRegister(44)) - Successfully registered JMX Bean with object name Ratis:service=RaftServer,group=group-7CF98C97F376,id=6bbb30bf-68fb-49c7-a700-39ca06a4595f
2019-09-26 13:29:16,063 [RatisPipelineUtilsThread] INFO  pipeline.PipelineStateManager (PipelineStateManager.java:addPipeline(56)) - Created pipeline Pipeline[ Id: 7cb729b6-cdd8-4c5f-8cb2-7cf98c97f376, Nodes: 6bbb30bf-68fb-49c7-a700-39ca06a4595f{ip: 192.168.164.238, host: pr-hdds-1569-87zkn-1081879488, networkLocation: /default-rack, certSerialId: null}, Type:RATIS, Factor:ONE, State:OPEN]
2019-09-26 13:29:16,063 [RatisPipelineUtilsThread] INFO  pipeline.PipelinePlacementPolicy (PipelinePlacementPolicy.java:meetCriteria(91)) - Pipeline Placement: can't place more pipeline on heavy datanode： 2bceee89-654d-4083-a39a-484f868bd9b7 Heaviness: 6 limit: 5
2019-09-26 13:29:16,063 [RatisPipelineUtilsThread] INFO  pipeline.PipelinePlacementPolicy (PipelinePlacementPolicy.java:meetCriteria(91)) - Pipeline Placement: can't place more pipeline on heavy datanode： 84fdec62-d817-45bb-98fc-971264b4d85b Heaviness: 6 limit: 5
2019-09-26 13:29:16,063 [RatisPipelineUtilsThread] INFO  pipeline.PipelinePlacementPolicy (PipelinePlacementPolicy.java:meetCriteria(91)) - Pipeline Placement: can't place more pipeline on heavy datanode： 6bbb30bf-68fb-49c7-a700-39ca06a4595f Heaviness: 6 limit: 5
2019-09-26 13:29:16,064 [RatisPipelineUtilsThread] INFO  pipeline.PipelinePlacementPolicy (PipelinePlacementPolicy.java:meetCriteria(91)) - Pipeline Placement: can't place more pipeline on heavy datanode： 921dbd79-5e7d-43e7-a946-6392aa4a26bd Heaviness: 6 limit: 5
2019-09-26 13:29:16,073 [grpc-default-executor-1] INFO  impl.RaftServerProxy (RaftServerProxy.java:addNew(89)) - e1d07e13-fba7-421e-90fa-c7d02cfb4ed9: addNew group-BDB412075F24:[e1d07e13-fba7-421e-90fa-c7d02cfb4ed9:192.168.164.238:39231] returns group-BDB412075F24:java.util.concurrent.CompletableFuture@253a931d[Not completed]
2019-09-26 13:29:16,074 [pool-87-thread-1] INFO  impl.RaftServerImpl (RaftServerImpl.java:<init>(95)) - e1d07e13-fba7-421e-90fa-c7d02cfb4ed9: new RaftServerImpl for group-BDB412075F24:[e1d07e13-fba7-421e-90fa-c7d02cfb4ed9:192.168.164.238:39231] with ContainerStateMachine:uninitialized
2019-09-26 13:29:16,074 [pool-87-thread-1] INFO  server.RaftServerConfigKeys (ConfUtils.java:logGet(43)) - raft.server.rpc.timeout.min = 5s (custom)
2019-09-26 13:29:16,074 [pool-87-thread-1] INFO  server.RaftServerConfigKeys (ConfUtils.java:logGet(43)) - raft.server.rpc.timeout.max = 5200ms (custom)
2019-09-26 13:29:16,074 [pool-87-thread-1] INFO  server.RaftServerConfigKeys (ConfUtils.java:logGet(43)) - raft.server.rpcslowness.timeout = 120s (custom)
2019-09-26 13:29:16,074 [pool-87-thread-1] INFO  server.RaftServerConfigKeys (ConfUtils.java:logGet(43)) - raft.server.sleep.deviation.threshold = 300 (default)
2019-09-26 13:29:16,074 [pool-87-thread-1] INFO  server.RaftServerConfigKeys (ConfUtils.java:logGet(43)) - raft.server.log.appender.install.snapshot.enabled = false (custom)
2019-09-26 13:29:16,074 [pool-87-thread-1] INFO  impl.RaftServerImpl (ServerState.java:<init>(103)) - e1d07e13-fba7-421e-90fa-c7d02cfb4ed9@group-BDB412075F24: ConfigurationManager, init=-1: [e1d07e13-fba7-421e-90fa-c7d02cfb4ed9:192.168.164.238:39231], old=null, confs=<EMPTY_MAP>
2019-09-26 13:29:16,074 [pool-87-thread-1] INFO  server.RaftServerConfigKeys (ConfUtils.java:logGet(43)) - raft.server.storage.dir = [/workdir/hadoop-ozone/ozonefs/target/test-dir/MiniOzoneClusterImpl-8b6a8972-8eda-4f33-b3cf-a560ba2c5b87/datanode-6/data/ratis] (custom)
2019-09-26 13:29:16,075 [pool-87-thread-1] INFO  storage.RaftStorageDirectory (RaftStorageDirectory.java:analyzeStorage(246)) - The storage directory /workdir/hadoop-ozone/ozonefs/target/test-dir/MiniOzoneClusterImpl-8b6a8972-8eda-4f33-b3cf-a560ba2c5b87/datanode-6/data/ratis/d2c1aed9-a4cc-4325-8eba-bdb412075f24 does not exist. Creating ...
2019-09-26 13:29:16,088 [pool-87-thread-1] INFO  storage.RaftStorageDirectory (RaftStorageDirectory.java:tryLock(328)) - Lock on /workdir/hadoop-ozone/ozonefs/target/test-dir/MiniOzoneClusterImpl-8b6a8972-8eda-4f33-b3cf-a560ba2c5b87/datanode-6/data/ratis/d2c1aed9-a4cc-4325-8eba-bdb412075f24/in_use.lock acquired by nodename 6686@pr-hdds-1569-87zkn-1081879488
2019-09-26 13:29:16,091 [pool-87-thread-1] INFO  storage.RaftStorage (RaftStorage.java:format(72)) - Storage directory /workdir/hadoop-ozone/ozonefs/target/test-dir/MiniOzoneClusterImpl-8b6a8972-8eda-4f33-b3cf-a560ba2c5b87/datanode-6/data/ratis/d2c1aed9-a4cc-4325-8eba-bdb412075f24 has been successfully formatted.
2019-09-26 13:29:16,091 [pool-87-thread-1] INFO  ratis.ContainerStateMachine (ContainerStateMachine.java:loadSnapshot(230)) - group-BDB412075F24: The snapshot info is null. Setting the last applied indexto:(t:0, i:~)
2019-09-26 13:29:16,091 [pool-87-thread-1] INFO  server.RaftServerConfigKeys (ConfUtils.java:logGet(43)) - raft.server.notification.no-leader.timeout = 120s (custom)
2019-09-26 13:29:16,091 [pool-87-thread-1] INFO  server.RaftServerConfigKeys (ConfUtils.java:logGet(43)) - raft.server.log.use.memory = false (default)
2019-09-26 13:29:16,091 [pool-87-thread-1] INFO  server.RaftServerConfigKeys (ConfUtils.java:logGet(43)) - raft.server.log.purge.gap = 1000000 (custom)
2019-09-26 13:29:16,091 [pool-87-thread-1] INFO  server.RaftServerConfigKeys (ConfUtils.java:logGet(43)) - raft.server.log.appender.buffer.byte-limit = 33554432 (custom)
2019-09-26 13:29:16,091 [pool-87-thread-1] INFO  server.RaftServerConfigKeys (ConfUtils.java:logGet(43)) - raft.server.log.segment.size.max = 1048576 (custom)
2019-09-26 13:29:16,091 [pool-87-thread-1] INFO  server.RaftServerConfigKeys (ConfUtils.java:logGet(43)) - raft.server.log.segment.cache.num.max = 2 (custom)
2019-09-26 13:29:16,091 [pool-87-thread-1] INFO  segmented.SegmentedRaftLogWorker (SegmentedRaftLogWorker.java:<init>(172)) - new e1d07e13-fba7-421e-90fa-c7d02cfb4ed9@group-BDB412075F24-SegmentedRaftLogWorker for RaftStorage:Storage Directory /workdir/hadoop-ozone/ozonefs/target/test-dir/MiniOzoneClusterImpl-8b6a8972-8eda-4f33-b3cf-a560ba2c5b87/datanode-6/data/ratis/d2c1aed9-a4cc-4325-8eba-bdb412075f24
2019-09-26 13:29:16,092 [pool-87-thread-1] INFO  server.RaftServerConfigKeys (ConfUtils.java:logGet(43)) - raft.server.log.queue.byte-limit = 2147483647 (custom)
2019-09-26 13:29:16,092 [pool-87-thread-1] INFO  server.RaftServerConfigKeys (ConfUtils.java:logGet(43)) - raft.server.log.queue.element-limit = 1024 (custom)
2019-09-26 13:29:16,092 [pool-87-thread-1] INFO  server.RaftServerConfigKeys (ConfUtils.java:logGet(43)) - raft.server.log.segment.size.max = 1048576 (custom)
2019-09-26 13:29:16,092 [pool-87-thread-1] INFO  server.RaftServerConfigKeys (ConfUtils.java:logGet(43)) - raft.server.log.preallocated.size = 16384 (custom)
2019-09-26 13:29:16,092 [pool-87-thread-1] INFO  server.RaftServerConfigKeys (ConfUtils.java:logGet(43)) - raft.server.log.write.buffer.size = 33554432 (custom)
2019-09-26 13:29:16,092 [pool-87-thread-1] INFO  server.RaftServerConfigKeys (ConfUtils.java:logGet(43)) - raft.server.log.force.sync.num = 128 (default)
2019-09-26 13:29:16,092 [pool-87-thread-1] INFO  server.RaftServerConfigKeys (ConfUtils.java:logGet(43)) - raft.server.log.statemachine.data.sync = true (default)
2019-09-26 13:29:16,092 [pool-87-thread-1] INFO  server.RaftServerConfigKeys (ConfUtils.java:logGet(43)) - raft.server.log.statemachine.data.sync.timeout = 10s (default)
2019-09-26 13:29:16,092 [pool-87-thread-1] INFO  server.RaftServerConfigKeys (ConfUtils.java:logGet(43)) - raft.server.log.statemachine.data.sync.timeout.retry = -1 (default)
2019-09-26 13:29:16,092 [pool-87-thread-1] INFO  server.RaftServerConfigKeys (ConfUtils.java:logGet(43)) - raft.server.log.statemachine.data.caching.enabled = true (custom)
2019-09-26 13:29:16,093 [pool-87-thread-1] INFO  segmented.SegmentedRaftLogWorker (SegmentedRaftLogWorker.java:lambda$new$0(132)) - e1d07e13-fba7-421e-90fa-c7d02cfb4ed9@group-BDB412075F24-SegmentedRaftLogWorker: flushIndex: setUnconditionally 0 -> -1
2019-09-26 13:29:16,093 [pool-87-thread-1] INFO  server.RaftServerConfigKeys (ConfUtils.java:logGet(43)) - raft.server.snapshot.auto.trigger.enabled = true (custom)
2019-09-26 13:29:16,093 [pool-87-thread-1] INFO  server.RaftServerConfigKeys (ConfUtils.java:logGet(43)) - raft.server.snapshot.auto.trigger.threshold = 10000 (custom)
2019-09-26 13:29:16,093 [pool-87-thread-1] INFO  server.RaftServerConfigKeys (ConfUtils.java:logGet(43)) - raft.server.snapshot.retention.num.files = 5 (custom)
2019-09-26 13:29:16,093 [pool-87-thread-1] INFO  server.RaftServerConfigKeys (ConfUtils.java:logGet(43)) - raft.server.retrycache.expirytime = 600000ms (custom)
2019-09-26 13:29:16,095 [pool-87-thread-1] INFO  impl.RaftServerImpl (RaftServerImpl.java:start(185)) - e1d07e13-fba7-421e-90fa-c7d02cfb4ed9@group-BDB412075F24: start as a follower, conf=-1: [e1d07e13-fba7-421e-90fa-c7d02cfb4ed9:192.168.164.238:39231], old=null
2019-09-26 13:29:16,095 [pool-87-thread-1] INFO  impl.RaftServerImpl (RaftServerImpl.java:setRole(174)) - e1d07e13-fba7-421e-90fa-c7d02cfb4ed9@group-BDB412075F24: changes role from      null to FOLLOWER at term 0 for startAsFollower
2019-09-26 13:29:16,095 [pool-87-thread-1] INFO  impl.RoleInfo (RoleInfo.java:updateAndGet(143)) - e1d07e13-fba7-421e-90fa-c7d02cfb4ed9: start FollowerState
2019-09-26 13:29:16,095 [pool-87-thread-1] INFO  util.JmxRegister (JmxRegister.java:tryRegister(44)) - Successfully registered JMX Bean with object name Ratis:service=RaftServer,group=group-BDB412075F24,id=e1d07e13-fba7-421e-90fa-c7d02cfb4ed9
2019-09-26 13:29:16,101 [RatisPipelineUtilsThread] INFO  pipeline.PipelineStateManager (PipelineStateManager.java:addPipeline(56)) - Created pipeline Pipeline[ Id: d2c1aed9-a4cc-4325-8eba-bdb412075f24, Nodes: e1d07e13-fba7-421e-90fa-c7d02cfb4ed9{ip: 192.168.164.238, host: pr-hdds-1569-87zkn-1081879488, networkLocation: /default-rack, certSerialId: null}, Type:RATIS, Factor:ONE, State:OPEN]
2019-09-26 13:29:16,101 [RatisPipelineUtilsThread] INFO  pipeline.PipelinePlacementPolicy (PipelinePlacementPolicy.java:meetCriteria(91)) - Pipeline Placement: can't place more pipeline on heavy datanode： 2bceee89-654d-4083-a39a-484f868bd9b7 Heaviness: 6 limit: 5
2019-09-26 13:29:16,101 [RatisPipelineUtilsThread] INFO  pipeline.PipelinePlacementPolicy (PipelinePlacementPolicy.java:meetCriteria(91)) - Pipeline Placement: can't place more pipeline on heavy datanode： 84fdec62-d817-45bb-98fc-971264b4d85b Heaviness: 6 limit: 5
2019-09-26 13:29:16,101 [RatisPipelineUtilsThread] INFO  pipeline.PipelinePlacementPolicy (PipelinePlacementPolicy.java:meetCriteria(91)) - Pipeline Placement: can't place more pipeline on heavy datanode： 6bbb30bf-68fb-49c7-a700-39ca06a4595f Heaviness: 6 limit: 5
2019-09-26 13:29:16,101 [RatisPipelineUtilsThread] INFO  pipeline.PipelinePlacementPolicy (PipelinePlacementPolicy.java:meetCriteria(91)) - Pipeline Placement: can't place more pipeline on heavy datanode： 921dbd79-5e7d-43e7-a946-6392aa4a26bd Heaviness: 6 limit: 5
2019-09-26 13:29:16,111 [grpc-default-executor-1] INFO  impl.RaftServerProxy (RaftServerProxy.java:addNew(89)) - 8cfabaed-6bfa-4340-a894-a45e2e16f787: addNew group-93EEFE83A09E:[8cfabaed-6bfa-4340-a894-a45e2e16f787:192.168.164.238:43170] returns group-93EEFE83A09E:java.util.concurrent.CompletableFuture@58818424[Not completed]
2019-09-26 13:29:16,112 [pool-97-thread-1] INFO  impl.RaftServerImpl (RaftServerImpl.java:<init>(95)) - 8cfabaed-6bfa-4340-a894-a45e2e16f787: new RaftServerImpl for group-93EEFE83A09E:[8cfabaed-6bfa-4340-a894-a45e2e16f787:192.168.164.238:43170] with ContainerStateMachine:uninitialized
2019-09-26 13:29:16,112 [pool-97-thread-1] INFO  server.RaftServerConfigKeys (ConfUtils.java:logGet(43)) - raft.server.rpc.timeout.min = 5s (custom)
2019-09-26 13:29:16,112 [pool-97-thread-1] INFO  server.RaftServerConfigKeys (ConfUtils.java:logGet(43)) - raft.server.rpc.timeout.max = 5200ms (custom)
2019-09-26 13:29:16,112 [pool-97-thread-1] INFO  server.RaftServerConfigKeys (ConfUtils.java:logGet(43)) - raft.server.rpcslowness.timeout = 120s (custom)
2019-09-26 13:29:16,112 [pool-97-thread-1] INFO  server.RaftServerConfigKeys (ConfUtils.java:logGet(43)) - raft.server.sleep.deviation.threshold = 300 (default)
2019-09-26 13:29:16,112 [pool-97-thread-1] INFO  server.RaftServerConfigKeys (ConfUtils.java:logGet(43)) - raft.server.log.appender.install.snapshot.enabled = false (custom)
2019-09-26 13:29:16,113 [pool-97-thread-1] INFO  impl.RaftServerImpl (ServerState.java:<init>(103)) - 8cfabaed-6bfa-4340-a894-a45e2e16f787@group-93EEFE83A09E: ConfigurationManager, init=-1: [8cfabaed-6bfa-4340-a894-a45e2e16f787:192.168.164.238:43170], old=null, confs=<EMPTY_MAP>
2019-09-26 13:29:16,113 [pool-97-thread-1] INFO  server.RaftServerConfigKeys (ConfUtils.java:logGet(43)) - raft.server.storage.dir = [/workdir/hadoop-ozone/ozonefs/target/test-dir/MiniOzoneClusterImpl-8b6a8972-8eda-4f33-b3cf-a560ba2c5b87/datanode-7/data/ratis] (custom)
2019-09-26 13:29:16,113 [pool-97-thread-1] INFO  storage.RaftStorageDirectory (RaftStorageDirectory.java:analyzeStorage(246)) - The storage directory /workdir/hadoop-ozone/ozonefs/target/test-dir/MiniOzoneClusterImpl-8b6a8972-8eda-4f33-b3cf-a560ba2c5b87/datanode-7/data/ratis/c3dd7eb8-161b-4e3b-901f-93eefe83a09e does not exist. Creating ...
2019-09-26 13:29:16,117 [pool-97-thread-1] INFO  storage.RaftStorageDirectory (RaftStorageDirectory.java:tryLock(328)) - Lock on /workdir/hadoop-ozone/ozonefs/target/test-dir/MiniOzoneClusterImpl-8b6a8972-8eda-4f33-b3cf-a560ba2c5b87/datanode-7/data/ratis/c3dd7eb8-161b-4e3b-901f-93eefe83a09e/in_use.lock acquired by nodename 6686@pr-hdds-1569-87zkn-1081879488
2019-09-26 13:29:16,130 [pool-97-thread-1] INFO  storage.RaftStorage (RaftStorage.java:format(72)) - Storage directory /workdir/hadoop-ozone/ozonefs/target/test-dir/MiniOzoneClusterImpl-8b6a8972-8eda-4f33-b3cf-a560ba2c5b87/datanode-7/data/ratis/c3dd7eb8-161b-4e3b-901f-93eefe83a09e has been successfully formatted.
2019-09-26 13:29:16,130 [pool-97-thread-1] INFO  ratis.ContainerStateMachine (ContainerStateMachine.java:loadSnapshot(230)) - group-93EEFE83A09E: The snapshot info is null. Setting the last applied indexto:(t:0, i:~)
2019-09-26 13:29:16,130 [pool-97-thread-1] INFO  server.RaftServerConfigKeys (ConfUtils.java:logGet(43)) - raft.server.notification.no-leader.timeout = 120s (custom)
2019-09-26 13:29:16,130 [pool-97-thread-1] INFO  server.RaftServerConfigKeys (ConfUtils.java:logGet(43)) - raft.server.log.use.memory = false (default)
2019-09-26 13:29:16,130 [pool-97-thread-1] INFO  server.RaftServerConfigKeys (ConfUtils.java:logGet(43)) - raft.server.log.purge.gap = 1000000 (custom)
2019-09-26 13:29:16,130 [pool-97-thread-1] INFO  server.RaftServerConfigKeys (ConfUtils.java:logGet(43)) - raft.server.log.appender.buffer.byte-limit = 33554432 (custom)
2019-09-26 13:29:16,130 [pool-97-thread-1] INFO  server.RaftServerConfigKeys (ConfUtils.java:logGet(43)) - raft.server.log.segment.size.max = 1048576 (custom)
2019-09-26 13:29:16,130 [pool-97-thread-1] INFO  server.RaftServerConfigKeys (ConfUtils.java:logGet(43)) - raft.server.log.segment.cache.num.max = 2 (custom)
2019-09-26 13:29:16,131 [pool-97-thread-1] INFO  segmented.SegmentedRaftLogWorker (SegmentedRaftLogWorker.java:<init>(172)) - new 8cfabaed-6bfa-4340-a894-a45e2e16f787@group-93EEFE83A09E-SegmentedRaftLogWorker for RaftStorage:Storage Directory /workdir/hadoop-ozone/ozonefs/target/test-dir/MiniOzoneClusterImpl-8b6a8972-8eda-4f33-b3cf-a560ba2c5b87/datanode-7/data/ratis/c3dd7eb8-161b-4e3b-901f-93eefe83a09e
2019-09-26 13:29:16,131 [pool-97-thread-1] INFO  server.RaftServerConfigKeys (ConfUtils.java:logGet(43)) - raft.server.log.queue.byte-limit = 2147483647 (custom)
2019-09-26 13:29:16,131 [pool-97-thread-1] INFO  server.RaftServerConfigKeys (ConfUtils.java:logGet(43)) - raft.server.log.queue.element-limit = 1024 (custom)
2019-09-26 13:29:16,131 [pool-97-thread-1] INFO  server.RaftServerConfigKeys (ConfUtils.java:logGet(43)) - raft.server.log.segment.size.max = 1048576 (custom)
2019-09-26 13:29:16,131 [pool-97-thread-1] INFO  server.RaftServerConfigKeys (ConfUtils.java:logGet(43)) - raft.server.log.preallocated.size = 16384 (custom)
2019-09-26 13:29:16,131 [pool-97-thread-1] INFO  server.RaftServerConfigKeys (ConfUtils.java:logGet(43)) - raft.server.log.write.buffer.size = 33554432 (custom)
2019-09-26 13:29:16,131 [pool-97-thread-1] INFO  server.RaftServerConfigKeys (ConfUtils.java:logGet(43)) - raft.server.log.force.sync.num = 128 (default)
2019-09-26 13:29:16,131 [pool-97-thread-1] INFO  server.RaftServerConfigKeys (ConfUtils.java:logGet(43)) - raft.server.log.statemachine.data.sync = true (default)
2019-09-26 13:29:16,131 [pool-97-thread-1] INFO  server.RaftServerConfigKeys (ConfUtils.java:logGet(43)) - raft.server.log.statemachine.data.sync.timeout = 10s (default)
2019-09-26 13:29:16,131 [pool-97-thread-1] INFO  server.RaftServerConfigKeys (ConfUtils.java:logGet(43)) - raft.server.log.statemachine.data.sync.timeout.retry = -1 (default)
2019-09-26 13:29:16,132 [pool-97-thread-1] INFO  server.RaftServerConfigKeys (ConfUtils.java:logGet(43)) - raft.server.log.statemachine.data.caching.enabled = true (custom)
2019-09-26 13:29:16,132 [pool-97-thread-1] INFO  segmented.SegmentedRaftLogWorker (SegmentedRaftLogWorker.java:lambda$new$0(132)) - 8cfabaed-6bfa-4340-a894-a45e2e16f787@group-93EEFE83A09E-SegmentedRaftLogWorker: flushIndex: setUnconditionally 0 -> -1
2019-09-26 13:29:16,132 [pool-97-thread-1] INFO  server.RaftServerConfigKeys (ConfUtils.java:logGet(43)) - raft.server.snapshot.auto.trigger.enabled = true (custom)
2019-09-26 13:29:16,132 [pool-97-thread-1] INFO  server.RaftServerConfigKeys (ConfUtils.java:logGet(43)) - raft.server.snapshot.auto.trigger.threshold = 10000 (custom)
2019-09-26 13:29:16,132 [pool-97-thread-1] INFO  server.RaftServerConfigKeys (ConfUtils.java:logGet(43)) - raft.server.snapshot.retention.num.files = 5 (custom)
2019-09-26 13:29:16,132 [pool-97-thread-1] INFO  server.RaftServerConfigKeys (ConfUtils.java:logGet(43)) - raft.server.retrycache.expirytime = 600000ms (custom)
2019-09-26 13:29:16,134 [pool-97-thread-1] INFO  impl.RaftServerImpl (RaftServerImpl.java:start(185)) - 8cfabaed-6bfa-4340-a894-a45e2e16f787@group-93EEFE83A09E: start as a follower, conf=-1: [8cfabaed-6bfa-4340-a894-a45e2e16f787:192.168.164.238:43170], old=null
2019-09-26 13:29:16,134 [pool-97-thread-1] INFO  impl.RaftServerImpl (RaftServerImpl.java:setRole(174)) - 8cfabaed-6bfa-4340-a894-a45e2e16f787@group-93EEFE83A09E: changes role from      null to FOLLOWER at term 0 for startAsFollower
2019-09-26 13:29:16,134 [pool-97-thread-1] INFO  impl.RoleInfo (RoleInfo.java:updateAndGet(143)) - 8cfabaed-6bfa-4340-a894-a45e2e16f787: start FollowerState
2019-09-26 13:29:16,135 [pool-97-thread-1] INFO  util.JmxRegister (JmxRegister.java:tryRegister(44)) - Successfully registered JMX Bean with object name Ratis:service=RaftServer,group=group-93EEFE83A09E,id=8cfabaed-6bfa-4340-a894-a45e2e16f787
2019-09-26 13:29:16,140 [RatisPipelineUtilsThread] INFO  pipeline.PipelineStateManager (PipelineStateManager.java:addPipeline(56)) - Created pipeline Pipeline[ Id: c3dd7eb8-161b-4e3b-901f-93eefe83a09e, Nodes: 8cfabaed-6bfa-4340-a894-a45e2e16f787{ip: 192.168.164.238, host: pr-hdds-1569-87zkn-1081879488, networkLocation: /default-rack, certSerialId: null}, Type:RATIS, Factor:ONE, State:OPEN]
2019-09-26 13:29:16,140 [RatisPipelineUtilsThread] INFO  pipeline.PipelinePlacementPolicy (PipelinePlacementPolicy.java:meetCriteria(91)) - Pipeline Placement: can't place more pipeline on heavy datanode： 2bceee89-654d-4083-a39a-484f868bd9b7 Heaviness: 6 limit: 5
2019-09-26 13:29:16,141 [RatisPipelineUtilsThread] INFO  pipeline.PipelinePlacementPolicy (PipelinePlacementPolicy.java:meetCriteria(91)) - Pipeline Placement: can't place more pipeline on heavy datanode： 84fdec62-d817-45bb-98fc-971264b4d85b Heaviness: 6 limit: 5
2019-09-26 13:29:16,141 [RatisPipelineUtilsThread] INFO  pipeline.PipelinePlacementPolicy (PipelinePlacementPolicy.java:meetCriteria(91)) - Pipeline Placement: can't place more pipeline on heavy datanode： 6bbb30bf-68fb-49c7-a700-39ca06a4595f Heaviness: 6 limit: 5
2019-09-26 13:29:16,141 [RatisPipelineUtilsThread] INFO  pipeline.PipelinePlacementPolicy (PipelinePlacementPolicy.java:meetCriteria(91)) - Pipeline Placement: can't place more pipeline on heavy datanode： 921dbd79-5e7d-43e7-a946-6392aa4a26bd Heaviness: 6 limit: 5
2019-09-26 13:29:16,152 [grpc-default-executor-1] INFO  impl.RaftServerProxy (RaftServerProxy.java:addNew(89)) - 281e93f8-a9fe-4958-a33a-388335a7b504: addNew group-F469D3B19BD4:[281e93f8-a9fe-4958-a33a-388335a7b504:192.168.164.238:40240] returns group-F469D3B19BD4:java.util.concurrent.CompletableFuture@2041fdae[Not completed]
2019-09-26 13:29:16,153 [pool-67-thread-1] INFO  impl.RaftServerImpl (RaftServerImpl.java:<init>(95)) - 281e93f8-a9fe-4958-a33a-388335a7b504: new RaftServerImpl for group-F469D3B19BD4:[281e93f8-a9fe-4958-a33a-388335a7b504:192.168.164.238:40240] with ContainerStateMachine:uninitialized
2019-09-26 13:29:16,153 [pool-67-thread-1] INFO  server.RaftServerConfigKeys (ConfUtils.java:logGet(43)) - raft.server.rpc.timeout.min = 5s (custom)
2019-09-26 13:29:16,154 [pool-67-thread-1] INFO  server.RaftServerConfigKeys (ConfUtils.java:logGet(43)) - raft.server.rpc.timeout.max = 5200ms (custom)
2019-09-26 13:29:16,154 [pool-67-thread-1] INFO  server.RaftServerConfigKeys (ConfUtils.java:logGet(43)) - raft.server.rpcslowness.timeout = 120s (custom)
2019-09-26 13:29:16,154 [pool-67-thread-1] INFO  server.RaftServerConfigKeys (ConfUtils.java:logGet(43)) - raft.server.sleep.deviation.threshold = 300 (default)
2019-09-26 13:29:16,154 [pool-67-thread-1] INFO  server.RaftServerConfigKeys (ConfUtils.java:logGet(43)) - raft.server.log.appender.install.snapshot.enabled = false (custom)
2019-09-26 13:29:16,154 [pool-67-thread-1] INFO  impl.RaftServerImpl (ServerState.java:<init>(103)) - 281e93f8-a9fe-4958-a33a-388335a7b504@group-F469D3B19BD4: ConfigurationManager, init=-1: [281e93f8-a9fe-4958-a33a-388335a7b504:192.168.164.238:40240], old=null, confs=<EMPTY_MAP>
2019-09-26 13:29:16,154 [pool-67-thread-1] INFO  server.RaftServerConfigKeys (ConfUtils.java:logGet(43)) - raft.server.storage.dir = [/workdir/hadoop-ozone/ozonefs/target/test-dir/MiniOzoneClusterImpl-8b6a8972-8eda-4f33-b3cf-a560ba2c5b87/datanode-4/data/ratis] (custom)
2019-09-26 13:29:16,154 [pool-67-thread-1] INFO  storage.RaftStorageDirectory (RaftStorageDirectory.java:analyzeStorage(246)) - The storage directory /workdir/hadoop-ozone/ozonefs/target/test-dir/MiniOzoneClusterImpl-8b6a8972-8eda-4f33-b3cf-a560ba2c5b87/datanode-4/data/ratis/2dd85cda-2f6c-4a82-b0c2-f469d3b19bd4 does not exist. Creating ...
2019-09-26 13:29:16,167 [pool-67-thread-1] INFO  storage.RaftStorageDirectory (RaftStorageDirectory.java:tryLock(328)) - Lock on /workdir/hadoop-ozone/ozonefs/target/test-dir/MiniOzoneClusterImpl-8b6a8972-8eda-4f33-b3cf-a560ba2c5b87/datanode-4/data/ratis/2dd85cda-2f6c-4a82-b0c2-f469d3b19bd4/in_use.lock acquired by nodename 6686@pr-hdds-1569-87zkn-1081879488
2019-09-26 13:29:16,180 [pool-67-thread-1] INFO  storage.RaftStorage (RaftStorage.java:format(72)) - Storage directory /workdir/hadoop-ozone/ozonefs/target/test-dir/MiniOzoneClusterImpl-8b6a8972-8eda-4f33-b3cf-a560ba2c5b87/datanode-4/data/ratis/2dd85cda-2f6c-4a82-b0c2-f469d3b19bd4 has been successfully formatted.
2019-09-26 13:29:16,180 [pool-67-thread-1] INFO  ratis.ContainerStateMachine (ContainerStateMachine.java:loadSnapshot(230)) - group-F469D3B19BD4: The snapshot info is null. Setting the last applied indexto:(t:0, i:~)
2019-09-26 13:29:16,180 [pool-67-thread-1] INFO  server.RaftServerConfigKeys (ConfUtils.java:logGet(43)) - raft.server.notification.no-leader.timeout = 120s (custom)
2019-09-26 13:29:16,180 [pool-67-thread-1] INFO  server.RaftServerConfigKeys (ConfUtils.java:logGet(43)) - raft.server.log.use.memory = false (default)
2019-09-26 13:29:16,180 [pool-67-thread-1] INFO  server.RaftServerConfigKeys (ConfUtils.java:logGet(43)) - raft.server.log.purge.gap = 1000000 (custom)
2019-09-26 13:29:16,181 [pool-67-thread-1] INFO  server.RaftServerConfigKeys (ConfUtils.java:logGet(43)) - raft.server.log.appender.buffer.byte-limit = 33554432 (custom)
2019-09-26 13:29:16,181 [pool-67-thread-1] INFO  server.RaftServerConfigKeys (ConfUtils.java:logGet(43)) - raft.server.log.segment.size.max = 1048576 (custom)
2019-09-26 13:29:16,181 [pool-67-thread-1] INFO  server.RaftServerConfigKeys (ConfUtils.java:logGet(43)) - raft.server.log.segment.cache.num.max = 2 (custom)
2019-09-26 13:29:16,181 [pool-67-thread-1] INFO  segmented.SegmentedRaftLogWorker (SegmentedRaftLogWorker.java:<init>(172)) - new 281e93f8-a9fe-4958-a33a-388335a7b504@group-F469D3B19BD4-SegmentedRaftLogWorker for RaftStorage:Storage Directory /workdir/hadoop-ozone/ozonefs/target/test-dir/MiniOzoneClusterImpl-8b6a8972-8eda-4f33-b3cf-a560ba2c5b87/datanode-4/data/ratis/2dd85cda-2f6c-4a82-b0c2-f469d3b19bd4
2019-09-26 13:29:16,181 [pool-67-thread-1] INFO  server.RaftServerConfigKeys (ConfUtils.java:logGet(43)) - raft.server.log.queue.byte-limit = 2147483647 (custom)
2019-09-26 13:29:16,181 [pool-67-thread-1] INFO  server.RaftServerConfigKeys (ConfUtils.java:logGet(43)) - raft.server.log.queue.element-limit = 1024 (custom)
2019-09-26 13:29:16,181 [pool-67-thread-1] INFO  server.RaftServerConfigKeys (ConfUtils.java:logGet(43)) - raft.server.log.segment.size.max = 1048576 (custom)
2019-09-26 13:29:16,181 [pool-67-thread-1] INFO  server.RaftServerConfigKeys (ConfUtils.java:logGet(43)) - raft.server.log.preallocated.size = 16384 (custom)
2019-09-26 13:29:16,181 [pool-67-thread-1] INFO  server.RaftServerConfigKeys (ConfUtils.java:logGet(43)) - raft.server.log.write.buffer.size = 33554432 (custom)
2019-09-26 13:29:16,181 [pool-67-thread-1] INFO  server.RaftServerConfigKeys (ConfUtils.java:logGet(43)) - raft.server.log.force.sync.num = 128 (default)
2019-09-26 13:29:16,182 [pool-67-thread-1] INFO  server.RaftServerConfigKeys (ConfUtils.java:logGet(43)) - raft.server.log.statemachine.data.sync = true (default)
2019-09-26 13:29:16,182 [pool-67-thread-1] INFO  server.RaftServerConfigKeys (ConfUtils.java:logGet(43)) - raft.server.log.statemachine.data.sync.timeout = 10s (default)
2019-09-26 13:29:16,182 [pool-67-thread-1] INFO  server.RaftServerConfigKeys (ConfUtils.java:logGet(43)) - raft.server.log.statemachine.data.sync.timeout.retry = -1 (default)
2019-09-26 13:29:16,182 [pool-67-thread-1] INFO  server.RaftServerConfigKeys (ConfUtils.java:logGet(43)) - raft.server.log.statemachine.data.caching.enabled = true (custom)
2019-09-26 13:29:16,182 [pool-67-thread-1] INFO  segmented.SegmentedRaftLogWorker (SegmentedRaftLogWorker.java:lambda$new$0(132)) - 281e93f8-a9fe-4958-a33a-388335a7b504@group-F469D3B19BD4-SegmentedRaftLogWorker: flushIndex: setUnconditionally 0 -> -1
2019-09-26 13:29:16,182 [pool-67-thread-1] INFO  server.RaftServerConfigKeys (ConfUtils.java:logGet(43)) - raft.server.snapshot.auto.trigger.enabled = true (custom)
2019-09-26 13:29:16,182 [pool-67-thread-1] INFO  server.RaftServerConfigKeys (ConfUtils.java:logGet(43)) - raft.server.snapshot.auto.trigger.threshold = 10000 (custom)
2019-09-26 13:29:16,183 [pool-67-thread-1] INFO  server.RaftServerConfigKeys (ConfUtils.java:logGet(43)) - raft.server.snapshot.retention.num.files = 5 (custom)
2019-09-26 13:29:16,183 [pool-67-thread-1] INFO  server.RaftServerConfigKeys (ConfUtils.java:logGet(43)) - raft.server.retrycache.expirytime = 600000ms (custom)
2019-09-26 13:29:16,185 [pool-67-thread-1] INFO  impl.RaftServerImpl (RaftServerImpl.java:start(185)) - 281e93f8-a9fe-4958-a33a-388335a7b504@group-F469D3B19BD4: start as a follower, conf=-1: [281e93f8-a9fe-4958-a33a-388335a7b504:192.168.164.238:40240], old=null
2019-09-26 13:29:16,185 [pool-67-thread-1] INFO  impl.RaftServerImpl (RaftServerImpl.java:setRole(174)) - 281e93f8-a9fe-4958-a33a-388335a7b504@group-F469D3B19BD4: changes role from      null to FOLLOWER at term 0 for startAsFollower
2019-09-26 13:29:16,185 [pool-67-thread-1] INFO  impl.RoleInfo (RoleInfo.java:updateAndGet(143)) - 281e93f8-a9fe-4958-a33a-388335a7b504: start FollowerState
2019-09-26 13:29:16,185 [pool-67-thread-1] INFO  util.JmxRegister (JmxRegister.java:tryRegister(44)) - Successfully registered JMX Bean with object name Ratis:service=RaftServer,group=group-F469D3B19BD4,id=281e93f8-a9fe-4958-a33a-388335a7b504
2019-09-26 13:29:16,191 [RatisPipelineUtilsThread] INFO  pipeline.PipelineStateManager (PipelineStateManager.java:addPipeline(56)) - Created pipeline Pipeline[ Id: 2dd85cda-2f6c-4a82-b0c2-f469d3b19bd4, Nodes: 281e93f8-a9fe-4958-a33a-388335a7b504{ip: 192.168.164.238, host: pr-hdds-1569-87zkn-1081879488, networkLocation: /default-rack, certSerialId: null}, Type:RATIS, Factor:ONE, State:OPEN]
2019-09-26 13:29:16,192 [RatisPipelineUtilsThread] INFO  pipeline.PipelinePlacementPolicy (PipelinePlacementPolicy.java:meetCriteria(91)) - Pipeline Placement: can't place more pipeline on heavy datanode： 2bceee89-654d-4083-a39a-484f868bd9b7 Heaviness: 6 limit: 5
2019-09-26 13:29:16,192 [RatisPipelineUtilsThread] INFO  pipeline.PipelinePlacementPolicy (PipelinePlacementPolicy.java:meetCriteria(91)) - Pipeline Placement: can't place more pipeline on heavy datanode： 84fdec62-d817-45bb-98fc-971264b4d85b Heaviness: 6 limit: 5
2019-09-26 13:29:16,192 [RatisPipelineUtilsThread] INFO  pipeline.PipelinePlacementPolicy (PipelinePlacementPolicy.java:meetCriteria(91)) - Pipeline Placement: can't place more pipeline on heavy datanode： 6bbb30bf-68fb-49c7-a700-39ca06a4595f Heaviness: 6 limit: 5
2019-09-26 13:29:16,192 [RatisPipelineUtilsThread] INFO  pipeline.PipelinePlacementPolicy (PipelinePlacementPolicy.java:meetCriteria(91)) - Pipeline Placement: can't place more pipeline on heavy datanode： 921dbd79-5e7d-43e7-a946-6392aa4a26bd Heaviness: 6 limit: 5
2019-09-26 13:29:16,203 [grpc-default-executor-1] INFO  impl.RaftServerProxy (RaftServerProxy.java:addNew(89)) - e1d07e13-fba7-421e-90fa-c7d02cfb4ed9: addNew group-486BD32D1340:[e1d07e13-fba7-421e-90fa-c7d02cfb4ed9:192.168.164.238:39231] returns group-486BD32D1340:java.util.concurrent.CompletableFuture@5463f213[Not completed]
2019-09-26 13:29:16,204 [pool-87-thread-1] INFO  impl.RaftServerImpl (RaftServerImpl.java:<init>(95)) - e1d07e13-fba7-421e-90fa-c7d02cfb4ed9: new RaftServerImpl for group-486BD32D1340:[e1d07e13-fba7-421e-90fa-c7d02cfb4ed9:192.168.164.238:39231] with ContainerStateMachine:uninitialized
2019-09-26 13:29:16,204 [pool-87-thread-1] INFO  server.RaftServerConfigKeys (ConfUtils.java:logGet(43)) - raft.server.rpc.timeout.min = 5s (custom)
2019-09-26 13:29:16,205 [pool-87-thread-1] INFO  server.RaftServerConfigKeys (ConfUtils.java:logGet(43)) - raft.server.rpc.timeout.max = 5200ms (custom)
2019-09-26 13:29:16,205 [pool-87-thread-1] INFO  server.RaftServerConfigKeys (ConfUtils.java:logGet(43)) - raft.server.rpcslowness.timeout = 120s (custom)
2019-09-26 13:29:16,205 [pool-87-thread-1] INFO  server.RaftServerConfigKeys (ConfUtils.java:logGet(43)) - raft.server.sleep.deviation.threshold = 300 (default)
2019-09-26 13:29:16,205 [pool-87-thread-1] INFO  server.RaftServerConfigKeys (ConfUtils.java:logGet(43)) - raft.server.log.appender.install.snapshot.enabled = false (custom)
2019-09-26 13:29:16,205 [pool-87-thread-1] INFO  impl.RaftServerImpl (ServerState.java:<init>(103)) - e1d07e13-fba7-421e-90fa-c7d02cfb4ed9@group-486BD32D1340: ConfigurationManager, init=-1: [e1d07e13-fba7-421e-90fa-c7d02cfb4ed9:192.168.164.238:39231], old=null, confs=<EMPTY_MAP>
2019-09-26 13:29:16,205 [pool-87-thread-1] INFO  server.RaftServerConfigKeys (ConfUtils.java:logGet(43)) - raft.server.storage.dir = [/workdir/hadoop-ozone/ozonefs/target/test-dir/MiniOzoneClusterImpl-8b6a8972-8eda-4f33-b3cf-a560ba2c5b87/datanode-6/data/ratis] (custom)
2019-09-26 13:29:16,206 [pool-87-thread-1] INFO  storage.RaftStorageDirectory (RaftStorageDirectory.java:analyzeStorage(246)) - The storage directory /workdir/hadoop-ozone/ozonefs/target/test-dir/MiniOzoneClusterImpl-8b6a8972-8eda-4f33-b3cf-a560ba2c5b87/datanode-6/data/ratis/e9ce91bc-dc96-4c07-8094-486bd32d1340 does not exist. Creating ...
2019-09-26 13:29:16,218 [pool-87-thread-1] INFO  storage.RaftStorageDirectory (RaftStorageDirectory.java:tryLock(328)) - Lock on /workdir/hadoop-ozone/ozonefs/target/test-dir/MiniOzoneClusterImpl-8b6a8972-8eda-4f33-b3cf-a560ba2c5b87/datanode-6/data/ratis/e9ce91bc-dc96-4c07-8094-486bd32d1340/in_use.lock acquired by nodename 6686@pr-hdds-1569-87zkn-1081879488
2019-09-26 13:29:16,231 [pool-87-thread-1] INFO  storage.RaftStorage (RaftStorage.java:format(72)) - Storage directory /workdir/hadoop-ozone/ozonefs/target/test-dir/MiniOzoneClusterImpl-8b6a8972-8eda-4f33-b3cf-a560ba2c5b87/datanode-6/data/ratis/e9ce91bc-dc96-4c07-8094-486bd32d1340 has been successfully formatted.
2019-09-26 13:29:16,231 [pool-87-thread-1] INFO  ratis.ContainerStateMachine (ContainerStateMachine.java:loadSnapshot(230)) - group-486BD32D1340: The snapshot info is null. Setting the last applied indexto:(t:0, i:~)
2019-09-26 13:29:16,231 [pool-87-thread-1] INFO  server.RaftServerConfigKeys (ConfUtils.java:logGet(43)) - raft.server.notification.no-leader.timeout = 120s (custom)
2019-09-26 13:29:16,231 [pool-87-thread-1] INFO  server.RaftServerConfigKeys (ConfUtils.java:logGet(43)) - raft.server.log.use.memory = false (default)
2019-09-26 13:29:16,232 [pool-87-thread-1] INFO  server.RaftServerConfigKeys (ConfUtils.java:logGet(43)) - raft.server.log.purge.gap = 1000000 (custom)
2019-09-26 13:29:16,232 [pool-87-thread-1] INFO  server.RaftServerConfigKeys (ConfUtils.java:logGet(43)) - raft.server.log.appender.buffer.byte-limit = 33554432 (custom)
2019-09-26 13:29:16,232 [pool-87-thread-1] INFO  server.RaftServerConfigKeys (ConfUtils.java:logGet(43)) - raft.server.log.segment.size.max = 1048576 (custom)
2019-09-26 13:29:16,232 [pool-87-thread-1] INFO  server.RaftServerConfigKeys (ConfUtils.java:logGet(43)) - raft.server.log.segment.cache.num.max = 2 (custom)
2019-09-26 13:29:16,232 [pool-87-thread-1] INFO  segmented.SegmentedRaftLogWorker (SegmentedRaftLogWorker.java:<init>(172)) - new e1d07e13-fba7-421e-90fa-c7d02cfb4ed9@group-486BD32D1340-SegmentedRaftLogWorker for RaftStorage:Storage Directory /workdir/hadoop-ozone/ozonefs/target/test-dir/MiniOzoneClusterImpl-8b6a8972-8eda-4f33-b3cf-a560ba2c5b87/datanode-6/data/ratis/e9ce91bc-dc96-4c07-8094-486bd32d1340
2019-09-26 13:29:16,232 [pool-87-thread-1] INFO  server.RaftServerConfigKeys (ConfUtils.java:logGet(43)) - raft.server.log.queue.byte-limit = 2147483647 (custom)
2019-09-26 13:29:16,232 [pool-87-thread-1] INFO  server.RaftServerConfigKeys (ConfUtils.java:logGet(43)) - raft.server.log.queue.element-limit = 1024 (custom)
2019-09-26 13:29:16,233 [pool-87-thread-1] INFO  server.RaftServerConfigKeys (ConfUtils.java:logGet(43)) - raft.server.log.segment.size.max = 1048576 (custom)
2019-09-26 13:29:16,233 [pool-87-thread-1] INFO  server.RaftServerConfigKeys (ConfUtils.java:logGet(43)) - raft.server.log.preallocated.size = 16384 (custom)
2019-09-26 13:29:16,233 [pool-87-thread-1] INFO  server.RaftServerConfigKeys (ConfUtils.java:logGet(43)) - raft.server.log.write.buffer.size = 33554432 (custom)
2019-09-26 13:29:16,233 [pool-87-thread-1] INFO  server.RaftServerConfigKeys (ConfUtils.java:logGet(43)) - raft.server.log.force.sync.num = 128 (default)
2019-09-26 13:29:16,233 [pool-87-thread-1] INFO  server.RaftServerConfigKeys (ConfUtils.java:logGet(43)) - raft.server.log.statemachine.data.sync = true (default)
2019-09-26 13:29:16,233 [pool-87-thread-1] INFO  server.RaftServerConfigKeys (ConfUtils.java:logGet(43)) - raft.server.log.statemachine.data.sync.timeout = 10s (default)
2019-09-26 13:29:16,233 [pool-87-thread-1] INFO  server.RaftServerConfigKeys (ConfUtils.java:logGet(43)) - raft.server.log.statemachine.data.sync.timeout.retry = -1 (default)
2019-09-26 13:29:16,234 [pool-87-thread-1] INFO  server.RaftServerConfigKeys (ConfUtils.java:logGet(43)) - raft.server.log.statemachine.data.caching.enabled = true (custom)
2019-09-26 13:29:16,234 [pool-87-thread-1] INFO  segmented.SegmentedRaftLogWorker (SegmentedRaftLogWorker.java:lambda$new$0(132)) - e1d07e13-fba7-421e-90fa-c7d02cfb4ed9@group-486BD32D1340-SegmentedRaftLogWorker: flushIndex: setUnconditionally 0 -> -1
2019-09-26 13:29:16,234 [pool-87-thread-1] INFO  server.RaftServerConfigKeys (ConfUtils.java:logGet(43)) - raft.server.snapshot.auto.trigger.enabled = true (custom)
2019-09-26 13:29:16,234 [pool-87-thread-1] INFO  server.RaftServerConfigKeys (ConfUtils.java:logGet(43)) - raft.server.snapshot.auto.trigger.threshold = 10000 (custom)
2019-09-26 13:29:16,235 [pool-87-thread-1] INFO  server.RaftServerConfigKeys (ConfUtils.java:logGet(43)) - raft.server.snapshot.retention.num.files = 5 (custom)
2019-09-26 13:29:16,235 [pool-87-thread-1] INFO  server.RaftServerConfigKeys (ConfUtils.java:logGet(43)) - raft.server.retrycache.expirytime = 600000ms (custom)
2019-09-26 13:29:16,237 [pool-87-thread-1] INFO  impl.RaftServerImpl (RaftServerImpl.java:start(185)) - e1d07e13-fba7-421e-90fa-c7d02cfb4ed9@group-486BD32D1340: start as a follower, conf=-1: [e1d07e13-fba7-421e-90fa-c7d02cfb4ed9:192.168.164.238:39231], old=null
2019-09-26 13:29:16,237 [pool-87-thread-1] INFO  impl.RaftServerImpl (RaftServerImpl.java:setRole(174)) - e1d07e13-fba7-421e-90fa-c7d02cfb4ed9@group-486BD32D1340: changes role from      null to FOLLOWER at term 0 for startAsFollower
2019-09-26 13:29:16,238 [pool-87-thread-1] INFO  impl.RoleInfo (RoleInfo.java:updateAndGet(143)) - e1d07e13-fba7-421e-90fa-c7d02cfb4ed9: start FollowerState
2019-09-26 13:29:16,238 [pool-87-thread-1] INFO  util.JmxRegister (JmxRegister.java:tryRegister(44)) - Successfully registered JMX Bean with object name Ratis:service=RaftServer,group=group-486BD32D1340,id=e1d07e13-fba7-421e-90fa-c7d02cfb4ed9
2019-09-26 13:29:16,247 [RatisPipelineUtilsThread] INFO  pipeline.PipelineStateManager (PipelineStateManager.java:addPipeline(56)) - Created pipeline Pipeline[ Id: e9ce91bc-dc96-4c07-8094-486bd32d1340, Nodes: e1d07e13-fba7-421e-90fa-c7d02cfb4ed9{ip: 192.168.164.238, host: pr-hdds-1569-87zkn-1081879488, networkLocation: /default-rack, certSerialId: null}, Type:RATIS, Factor:ONE, State:OPEN]
2019-09-26 13:29:16,247 [RatisPipelineUtilsThread] INFO  pipeline.PipelinePlacementPolicy (PipelinePlacementPolicy.java:meetCriteria(91)) - Pipeline Placement: can't place more pipeline on heavy datanode： 2bceee89-654d-4083-a39a-484f868bd9b7 Heaviness: 6 limit: 5
2019-09-26 13:29:16,247 [RatisPipelineUtilsThread] INFO  pipeline.PipelinePlacementPolicy (PipelinePlacementPolicy.java:meetCriteria(91)) - Pipeline Placement: can't place more pipeline on heavy datanode： 84fdec62-d817-45bb-98fc-971264b4d85b Heaviness: 6 limit: 5
2019-09-26 13:29:16,247 [RatisPipelineUtilsThread] INFO  pipeline.PipelinePlacementPolicy (PipelinePlacementPolicy.java:meetCriteria(91)) - Pipeline Placement: can't place more pipeline on heavy datanode： 6bbb30bf-68fb-49c7-a700-39ca06a4595f Heaviness: 6 limit: 5
2019-09-26 13:29:16,248 [RatisPipelineUtilsThread] INFO  pipeline.PipelinePlacementPolicy (PipelinePlacementPolicy.java:meetCriteria(91)) - Pipeline Placement: can't place more pipeline on heavy datanode： 921dbd79-5e7d-43e7-a946-6392aa4a26bd Heaviness: 6 limit: 5
2019-09-26 13:29:16,258 [grpc-default-executor-1] INFO  impl.RaftServerProxy (RaftServerProxy.java:addNew(89)) - 281e93f8-a9fe-4958-a33a-388335a7b504: addNew group-0A9D05BCCAE3:[281e93f8-a9fe-4958-a33a-388335a7b504:192.168.164.238:40240] returns group-0A9D05BCCAE3:java.util.concurrent.CompletableFuture@3b4550a0[Not completed]
2019-09-26 13:29:16,259 [pool-67-thread-1] INFO  impl.RaftServerImpl (RaftServerImpl.java:<init>(95)) - 281e93f8-a9fe-4958-a33a-388335a7b504: new RaftServerImpl for group-0A9D05BCCAE3:[281e93f8-a9fe-4958-a33a-388335a7b504:192.168.164.238:40240] with ContainerStateMachine:uninitialized
2019-09-26 13:29:16,259 [pool-67-thread-1] INFO  server.RaftServerConfigKeys (ConfUtils.java:logGet(43)) - raft.server.rpc.timeout.min = 5s (custom)
2019-09-26 13:29:16,259 [pool-67-thread-1] INFO  server.RaftServerConfigKeys (ConfUtils.java:logGet(43)) - raft.server.rpc.timeout.max = 5200ms (custom)
2019-09-26 13:29:16,259 [pool-67-thread-1] INFO  server.RaftServerConfigKeys (ConfUtils.java:logGet(43)) - raft.server.rpcslowness.timeout = 120s (custom)
2019-09-26 13:29:16,259 [pool-67-thread-1] INFO  server.RaftServerConfigKeys (ConfUtils.java:logGet(43)) - raft.server.sleep.deviation.threshold = 300 (default)
2019-09-26 13:29:16,259 [pool-67-thread-1] INFO  server.RaftServerConfigKeys (ConfUtils.java:logGet(43)) - raft.server.log.appender.install.snapshot.enabled = false (custom)
2019-09-26 13:29:16,259 [pool-67-thread-1] INFO  impl.RaftServerImpl (ServerState.java:<init>(103)) - 281e93f8-a9fe-4958-a33a-388335a7b504@group-0A9D05BCCAE3: ConfigurationManager, init=-1: [281e93f8-a9fe-4958-a33a-388335a7b504:192.168.164.238:40240], old=null, confs=<EMPTY_MAP>
2019-09-26 13:29:16,260 [pool-67-thread-1] INFO  server.RaftServerConfigKeys (ConfUtils.java:logGet(43)) - raft.server.storage.dir = [/workdir/hadoop-ozone/ozonefs/target/test-dir/MiniOzoneClusterImpl-8b6a8972-8eda-4f33-b3cf-a560ba2c5b87/datanode-4/data/ratis] (custom)
2019-09-26 13:29:16,260 [pool-67-thread-1] INFO  storage.RaftStorageDirectory (RaftStorageDirectory.java:analyzeStorage(246)) - The storage directory /workdir/hadoop-ozone/ozonefs/target/test-dir/MiniOzoneClusterImpl-8b6a8972-8eda-4f33-b3cf-a560ba2c5b87/datanode-4/data/ratis/b380ca16-ede1-45e4-ac3d-0a9d05bccae3 does not exist. Creating ...
2019-09-26 13:29:16,274 [pool-67-thread-1] INFO  storage.RaftStorageDirectory (RaftStorageDirectory.java:tryLock(328)) - Lock on /workdir/hadoop-ozone/ozonefs/target/test-dir/MiniOzoneClusterImpl-8b6a8972-8eda-4f33-b3cf-a560ba2c5b87/datanode-4/data/ratis/b380ca16-ede1-45e4-ac3d-0a9d05bccae3/in_use.lock acquired by nodename 6686@pr-hdds-1569-87zkn-1081879488
2019-09-26 13:29:16,287 [pool-67-thread-1] INFO  storage.RaftStorage (RaftStorage.java:format(72)) - Storage directory /workdir/hadoop-ozone/ozonefs/target/test-dir/MiniOzoneClusterImpl-8b6a8972-8eda-4f33-b3cf-a560ba2c5b87/datanode-4/data/ratis/b380ca16-ede1-45e4-ac3d-0a9d05bccae3 has been successfully formatted.
2019-09-26 13:29:16,287 [pool-67-thread-1] INFO  ratis.ContainerStateMachine (ContainerStateMachine.java:loadSnapshot(230)) - group-0A9D05BCCAE3: The snapshot info is null. Setting the last applied indexto:(t:0, i:~)
2019-09-26 13:29:16,287 [pool-67-thread-1] INFO  server.RaftServerConfigKeys (ConfUtils.java:logGet(43)) - raft.server.notification.no-leader.timeout = 120s (custom)
2019-09-26 13:29:16,287 [pool-67-thread-1] INFO  server.RaftServerConfigKeys (ConfUtils.java:logGet(43)) - raft.server.log.use.memory = false (default)
2019-09-26 13:29:16,287 [pool-67-thread-1] INFO  server.RaftServerConfigKeys (ConfUtils.java:logGet(43)) - raft.server.log.purge.gap = 1000000 (custom)
2019-09-26 13:29:16,287 [pool-67-thread-1] INFO  server.RaftServerConfigKeys (ConfUtils.java:logGet(43)) - raft.server.log.appender.buffer.byte-limit = 33554432 (custom)
2019-09-26 13:29:16,287 [pool-67-thread-1] INFO  server.RaftServerConfigKeys (ConfUtils.java:logGet(43)) - raft.server.log.segment.size.max = 1048576 (custom)
2019-09-26 13:29:16,288 [pool-67-thread-1] INFO  server.RaftServerConfigKeys (ConfUtils.java:logGet(43)) - raft.server.log.segment.cache.num.max = 2 (custom)
2019-09-26 13:29:16,288 [pool-67-thread-1] INFO  segmented.SegmentedRaftLogWorker (SegmentedRaftLogWorker.java:<init>(172)) - new 281e93f8-a9fe-4958-a33a-388335a7b504@group-0A9D05BCCAE3-SegmentedRaftLogWorker for RaftStorage:Storage Directory /workdir/hadoop-ozone/ozonefs/target/test-dir/MiniOzoneClusterImpl-8b6a8972-8eda-4f33-b3cf-a560ba2c5b87/datanode-4/data/ratis/b380ca16-ede1-45e4-ac3d-0a9d05bccae3
2019-09-26 13:29:16,288 [pool-67-thread-1] INFO  server.RaftServerConfigKeys (ConfUtils.java:logGet(43)) - raft.server.log.queue.byte-limit = 2147483647 (custom)
2019-09-26 13:29:16,288 [pool-67-thread-1] INFO  server.RaftServerConfigKeys (ConfUtils.java:logGet(43)) - raft.server.log.queue.element-limit = 1024 (custom)
2019-09-26 13:29:16,288 [pool-67-thread-1] INFO  server.RaftServerConfigKeys (ConfUtils.java:logGet(43)) - raft.server.log.segment.size.max = 1048576 (custom)
2019-09-26 13:29:16,288 [pool-67-thread-1] INFO  server.RaftServerConfigKeys (ConfUtils.java:logGet(43)) - raft.server.log.preallocated.size = 16384 (custom)
2019-09-26 13:29:16,288 [pool-67-thread-1] INFO  server.RaftServerConfigKeys (ConfUtils.java:logGet(43)) - raft.server.log.write.buffer.size = 33554432 (custom)
2019-09-26 13:29:16,288 [pool-67-thread-1] INFO  server.RaftServerConfigKeys (ConfUtils.java:logGet(43)) - raft.server.log.force.sync.num = 128 (default)
2019-09-26 13:29:16,288 [pool-67-thread-1] INFO  server.RaftServerConfigKeys (ConfUtils.java:logGet(43)) - raft.server.log.statemachine.data.sync = true (default)
2019-09-26 13:29:16,288 [pool-67-thread-1] INFO  server.RaftServerConfigKeys (ConfUtils.java:logGet(43)) - raft.server.log.statemachine.data.sync.timeout = 10s (default)
2019-09-26 13:29:16,288 [pool-67-thread-1] INFO  server.RaftServerConfigKeys (ConfUtils.java:logGet(43)) - raft.server.log.statemachine.data.sync.timeout.retry = -1 (default)
2019-09-26 13:29:16,289 [pool-67-thread-1] INFO  server.RaftServerConfigKeys (ConfUtils.java:logGet(43)) - raft.server.log.statemachine.data.caching.enabled = true (custom)
2019-09-26 13:29:16,289 [pool-67-thread-1] INFO  segmented.SegmentedRaftLogWorker (SegmentedRaftLogWorker.java:lambda$new$0(132)) - 281e93f8-a9fe-4958-a33a-388335a7b504@group-0A9D05BCCAE3-SegmentedRaftLogWorker: flushIndex: setUnconditionally 0 -> -1
2019-09-26 13:29:16,289 [pool-67-thread-1] INFO  server.RaftServerConfigKeys (ConfUtils.java:logGet(43)) - raft.server.snapshot.auto.trigger.enabled = true (custom)
2019-09-26 13:29:16,289 [pool-67-thread-1] INFO  server.RaftServerConfigKeys (ConfUtils.java:logGet(43)) - raft.server.snapshot.auto.trigger.threshold = 10000 (custom)
2019-09-26 13:29:16,289 [pool-67-thread-1] INFO  server.RaftServerConfigKeys (ConfUtils.java:logGet(43)) - raft.server.snapshot.retention.num.files = 5 (custom)
2019-09-26 13:29:16,290 [pool-67-thread-1] INFO  server.RaftServerConfigKeys (ConfUtils.java:logGet(43)) - raft.server.retrycache.expirytime = 600000ms (custom)
2019-09-26 13:29:16,292 [pool-67-thread-1] INFO  impl.RaftServerImpl (RaftServerImpl.java:start(185)) - 281e93f8-a9fe-4958-a33a-388335a7b504@group-0A9D05BCCAE3: start as a follower, conf=-1: [281e93f8-a9fe-4958-a33a-388335a7b504:192.168.164.238:40240], old=null
2019-09-26 13:29:16,292 [pool-67-thread-1] INFO  impl.RaftServerImpl (RaftServerImpl.java:setRole(174)) - 281e93f8-a9fe-4958-a33a-388335a7b504@group-0A9D05BCCAE3: changes role from      null to FOLLOWER at term 0 for startAsFollower
2019-09-26 13:29:16,292 [pool-67-thread-1] INFO  impl.RoleInfo (RoleInfo.java:updateAndGet(143)) - 281e93f8-a9fe-4958-a33a-388335a7b504: start FollowerState
2019-09-26 13:29:16,292 [pool-67-thread-1] INFO  util.JmxRegister (JmxRegister.java:tryRegister(44)) - Successfully registered JMX Bean with object name Ratis:service=RaftServer,group=group-0A9D05BCCAE3,id=281e93f8-a9fe-4958-a33a-388335a7b504
2019-09-26 13:29:16,298 [RatisPipelineUtilsThread] INFO  pipeline.PipelineStateManager (PipelineStateManager.java:addPipeline(56)) - Created pipeline Pipeline[ Id: b380ca16-ede1-45e4-ac3d-0a9d05bccae3, Nodes: 281e93f8-a9fe-4958-a33a-388335a7b504{ip: 192.168.164.238, host: pr-hdds-1569-87zkn-1081879488, networkLocation: /default-rack, certSerialId: null}, Type:RATIS, Factor:ONE, State:OPEN]
2019-09-26 13:29:16,298 [RatisPipelineUtilsThread] INFO  pipeline.PipelinePlacementPolicy (PipelinePlacementPolicy.java:meetCriteria(91)) - Pipeline Placement: can't place more pipeline on heavy datanode： 2bceee89-654d-4083-a39a-484f868bd9b7 Heaviness: 6 limit: 5
2019-09-26 13:29:16,298 [RatisPipelineUtilsThread] INFO  pipeline.PipelinePlacementPolicy (PipelinePlacementPolicy.java:meetCriteria(91)) - Pipeline Placement: can't place more pipeline on heavy datanode： 84fdec62-d817-45bb-98fc-971264b4d85b Heaviness: 6 limit: 5
2019-09-26 13:29:16,299 [RatisPipelineUtilsThread] INFO  pipeline.PipelinePlacementPolicy (PipelinePlacementPolicy.java:meetCriteria(91)) - Pipeline Placement: can't place more pipeline on heavy datanode： 6bbb30bf-68fb-49c7-a700-39ca06a4595f Heaviness: 6 limit: 5
2019-09-26 13:29:16,299 [RatisPipelineUtilsThread] INFO  pipeline.PipelinePlacementPolicy (PipelinePlacementPolicy.java:meetCriteria(91)) - Pipeline Placement: can't place more pipeline on heavy datanode： 921dbd79-5e7d-43e7-a946-6392aa4a26bd Heaviness: 6 limit: 5
2019-09-26 13:29:16,310 [grpc-default-executor-1] INFO  impl.RaftServerProxy (RaftServerProxy.java:addNew(89)) - e1d07e13-fba7-421e-90fa-c7d02cfb4ed9: addNew group-283CA6AD0098:[e1d07e13-fba7-421e-90fa-c7d02cfb4ed9:192.168.164.238:39231] returns group-283CA6AD0098:java.util.concurrent.CompletableFuture@4fe183c5[Not completed]
2019-09-26 13:29:16,311 [pool-87-thread-1] INFO  impl.RaftServerImpl (RaftServerImpl.java:<init>(95)) - e1d07e13-fba7-421e-90fa-c7d02cfb4ed9: new RaftServerImpl for group-283CA6AD0098:[e1d07e13-fba7-421e-90fa-c7d02cfb4ed9:192.168.164.238:39231] with ContainerStateMachine:uninitialized
2019-09-26 13:29:16,311 [pool-87-thread-1] INFO  server.RaftServerConfigKeys (ConfUtils.java:logGet(43)) - raft.server.rpc.timeout.min = 5s (custom)
2019-09-26 13:29:16,311 [pool-87-thread-1] INFO  server.RaftServerConfigKeys (ConfUtils.java:logGet(43)) - raft.server.rpc.timeout.max = 5200ms (custom)
2019-09-26 13:29:16,311 [pool-87-thread-1] INFO  server.RaftServerConfigKeys (ConfUtils.java:logGet(43)) - raft.server.rpcslowness.timeout = 120s (custom)
2019-09-26 13:29:16,311 [pool-87-thread-1] INFO  server.RaftServerConfigKeys (ConfUtils.java:logGet(43)) - raft.server.sleep.deviation.threshold = 300 (default)
2019-09-26 13:29:16,311 [pool-87-thread-1] INFO  server.RaftServerConfigKeys (ConfUtils.java:logGet(43)) - raft.server.log.appender.install.snapshot.enabled = false (custom)
2019-09-26 13:29:16,311 [pool-87-thread-1] INFO  impl.RaftServerImpl (ServerState.java:<init>(103)) - e1d07e13-fba7-421e-90fa-c7d02cfb4ed9@group-283CA6AD0098: ConfigurationManager, init=-1: [e1d07e13-fba7-421e-90fa-c7d02cfb4ed9:192.168.164.238:39231], old=null, confs=<EMPTY_MAP>
2019-09-26 13:29:16,312 [pool-87-thread-1] INFO  server.RaftServerConfigKeys (ConfUtils.java:logGet(43)) - raft.server.storage.dir = [/workdir/hadoop-ozone/ozonefs/target/test-dir/MiniOzoneClusterImpl-8b6a8972-8eda-4f33-b3cf-a560ba2c5b87/datanode-6/data/ratis] (custom)
2019-09-26 13:29:16,319 [pool-87-thread-1] INFO  storage.RaftStorageDirectory (RaftStorageDirectory.java:analyzeStorage(246)) - The storage directory /workdir/hadoop-ozone/ozonefs/target/test-dir/MiniOzoneClusterImpl-8b6a8972-8eda-4f33-b3cf-a560ba2c5b87/datanode-6/data/ratis/368fa056-6805-4729-bc4e-283ca6ad0098 does not exist. Creating ...
2019-09-26 13:29:16,331 [pool-87-thread-1] INFO  storage.RaftStorageDirectory (RaftStorageDirectory.java:tryLock(328)) - Lock on /workdir/hadoop-ozone/ozonefs/target/test-dir/MiniOzoneClusterImpl-8b6a8972-8eda-4f33-b3cf-a560ba2c5b87/datanode-6/data/ratis/368fa056-6805-4729-bc4e-283ca6ad0098/in_use.lock acquired by nodename 6686@pr-hdds-1569-87zkn-1081879488
2019-09-26 13:29:16,347 [pool-87-thread-1] INFO  storage.RaftStorage (RaftStorage.java:format(72)) - Storage directory /workdir/hadoop-ozone/ozonefs/target/test-dir/MiniOzoneClusterImpl-8b6a8972-8eda-4f33-b3cf-a560ba2c5b87/datanode-6/data/ratis/368fa056-6805-4729-bc4e-283ca6ad0098 has been successfully formatted.
2019-09-26 13:29:16,347 [pool-87-thread-1] INFO  ratis.ContainerStateMachine (ContainerStateMachine.java:loadSnapshot(230)) - group-283CA6AD0098: The snapshot info is null. Setting the last applied indexto:(t:0, i:~)
2019-09-26 13:29:16,347 [pool-87-thread-1] INFO  server.RaftServerConfigKeys (ConfUtils.java:logGet(43)) - raft.server.notification.no-leader.timeout = 120s (custom)
2019-09-26 13:29:16,347 [pool-87-thread-1] INFO  server.RaftServerConfigKeys (ConfUtils.java:logGet(43)) - raft.server.log.use.memory = false (default)
2019-09-26 13:29:16,348 [pool-87-thread-1] INFO  server.RaftServerConfigKeys (ConfUtils.java:logGet(43)) - raft.server.log.purge.gap = 1000000 (custom)
2019-09-26 13:29:16,348 [pool-87-thread-1] INFO  server.RaftServerConfigKeys (ConfUtils.java:logGet(43)) - raft.server.log.appender.buffer.byte-limit = 33554432 (custom)
2019-09-26 13:29:16,348 [pool-87-thread-1] INFO  server.RaftServerConfigKeys (ConfUtils.java:logGet(43)) - raft.server.log.segment.size.max = 1048576 (custom)
2019-09-26 13:29:16,348 [pool-87-thread-1] INFO  server.RaftServerConfigKeys (ConfUtils.java:logGet(43)) - raft.server.log.segment.cache.num.max = 2 (custom)
2019-09-26 13:29:16,348 [pool-87-thread-1] INFO  segmented.SegmentedRaftLogWorker (SegmentedRaftLogWorker.java:<init>(172)) - new e1d07e13-fba7-421e-90fa-c7d02cfb4ed9@group-283CA6AD0098-SegmentedRaftLogWorker for RaftStorage:Storage Directory /workdir/hadoop-ozone/ozonefs/target/test-dir/MiniOzoneClusterImpl-8b6a8972-8eda-4f33-b3cf-a560ba2c5b87/datanode-6/data/ratis/368fa056-6805-4729-bc4e-283ca6ad0098
2019-09-26 13:29:16,348 [pool-87-thread-1] INFO  server.RaftServerConfigKeys (ConfUtils.java:logGet(43)) - raft.server.log.queue.byte-limit = 2147483647 (custom)
2019-09-26 13:29:16,348 [pool-87-thread-1] INFO  server.RaftServerConfigKeys (ConfUtils.java:logGet(43)) - raft.server.log.queue.element-limit = 1024 (custom)
2019-09-26 13:29:16,348 [pool-87-thread-1] INFO  server.RaftServerConfigKeys (ConfUtils.java:logGet(43)) - raft.server.log.segment.size.max = 1048576 (custom)
2019-09-26 13:29:16,349 [pool-87-thread-1] INFO  server.RaftServerConfigKeys (ConfUtils.java:logGet(43)) - raft.server.log.preallocated.size = 16384 (custom)
2019-09-26 13:29:16,349 [pool-87-thread-1] INFO  server.RaftServerConfigKeys (ConfUtils.java:logGet(43)) - raft.server.log.write.buffer.size = 33554432 (custom)
2019-09-26 13:29:16,349 [pool-87-thread-1] INFO  server.RaftServerConfigKeys (ConfUtils.java:logGet(43)) - raft.server.log.force.sync.num = 128 (default)
2019-09-26 13:29:16,349 [pool-87-thread-1] INFO  server.RaftServerConfigKeys (ConfUtils.java:logGet(43)) - raft.server.log.statemachine.data.sync = true (default)
2019-09-26 13:29:16,349 [pool-87-thread-1] INFO  server.RaftServerConfigKeys (ConfUtils.java:logGet(43)) - raft.server.log.statemachine.data.sync.timeout = 10s (default)
2019-09-26 13:29:16,349 [pool-87-thread-1] INFO  server.RaftServerConfigKeys (ConfUtils.java:logGet(43)) - raft.server.log.statemachine.data.sync.timeout.retry = -1 (default)
2019-09-26 13:29:16,349 [pool-87-thread-1] INFO  server.RaftServerConfigKeys (ConfUtils.java:logGet(43)) - raft.server.log.statemachine.data.caching.enabled = true (custom)
2019-09-26 13:29:16,350 [pool-87-thread-1] INFO  segmented.SegmentedRaftLogWorker (SegmentedRaftLogWorker.java:lambda$new$0(132)) - e1d07e13-fba7-421e-90fa-c7d02cfb4ed9@group-283CA6AD0098-SegmentedRaftLogWorker: flushIndex: setUnconditionally 0 -> -1
2019-09-26 13:29:16,350 [pool-87-thread-1] INFO  server.RaftServerConfigKeys (ConfUtils.java:logGet(43)) - raft.server.snapshot.auto.trigger.enabled = true (custom)
2019-09-26 13:29:16,350 [pool-87-thread-1] INFO  server.RaftServerConfigKeys (ConfUtils.java:logGet(43)) - raft.server.snapshot.auto.trigger.threshold = 10000 (custom)
2019-09-26 13:29:16,350 [pool-87-thread-1] INFO  server.RaftServerConfigKeys (ConfUtils.java:logGet(43)) - raft.server.snapshot.retention.num.files = 5 (custom)
2019-09-26 13:29:16,350 [pool-87-thread-1] INFO  server.RaftServerConfigKeys (ConfUtils.java:logGet(43)) - raft.server.retrycache.expirytime = 600000ms (custom)
2019-09-26 13:29:16,353 [pool-87-thread-1] INFO  impl.RaftServerImpl (RaftServerImpl.java:start(185)) - e1d07e13-fba7-421e-90fa-c7d02cfb4ed9@group-283CA6AD0098: start as a follower, conf=-1: [e1d07e13-fba7-421e-90fa-c7d02cfb4ed9:192.168.164.238:39231], old=null
2019-09-26 13:29:16,353 [pool-87-thread-1] INFO  impl.RaftServerImpl (RaftServerImpl.java:setRole(174)) - e1d07e13-fba7-421e-90fa-c7d02cfb4ed9@group-283CA6AD0098: changes role from      null to FOLLOWER at term 0 for startAsFollower
2019-09-26 13:29:16,353 [pool-87-thread-1] INFO  impl.RoleInfo (RoleInfo.java:updateAndGet(143)) - e1d07e13-fba7-421e-90fa-c7d02cfb4ed9: start FollowerState
2019-09-26 13:29:16,353 [pool-87-thread-1] INFO  util.JmxRegister (JmxRegister.java:tryRegister(44)) - Successfully registered JMX Bean with object name Ratis:service=RaftServer,group=group-283CA6AD0098,id=e1d07e13-fba7-421e-90fa-c7d02cfb4ed9
2019-09-26 13:29:16,360 [RatisPipelineUtilsThread] INFO  pipeline.PipelineStateManager (PipelineStateManager.java:addPipeline(56)) - Created pipeline Pipeline[ Id: 368fa056-6805-4729-bc4e-283ca6ad0098, Nodes: e1d07e13-fba7-421e-90fa-c7d02cfb4ed9{ip: 192.168.164.238, host: pr-hdds-1569-87zkn-1081879488, networkLocation: /default-rack, certSerialId: null}, Type:RATIS, Factor:ONE, State:OPEN]
2019-09-26 13:29:16,360 [RatisPipelineUtilsThread] INFO  pipeline.PipelinePlacementPolicy (PipelinePlacementPolicy.java:meetCriteria(91)) - Pipeline Placement: can't place more pipeline on heavy datanode： 2bceee89-654d-4083-a39a-484f868bd9b7 Heaviness: 6 limit: 5
2019-09-26 13:29:16,361 [RatisPipelineUtilsThread] INFO  pipeline.PipelinePlacementPolicy (PipelinePlacementPolicy.java:meetCriteria(91)) - Pipeline Placement: can't place more pipeline on heavy datanode： 84fdec62-d817-45bb-98fc-971264b4d85b Heaviness: 6 limit: 5
2019-09-26 13:29:16,361 [RatisPipelineUtilsThread] INFO  pipeline.PipelinePlacementPolicy (PipelinePlacementPolicy.java:meetCriteria(91)) - Pipeline Placement: can't place more pipeline on heavy datanode： 6bbb30bf-68fb-49c7-a700-39ca06a4595f Heaviness: 6 limit: 5
2019-09-26 13:29:16,361 [RatisPipelineUtilsThread] INFO  pipeline.PipelinePlacementPolicy (PipelinePlacementPolicy.java:meetCriteria(91)) - Pipeline Placement: can't place more pipeline on heavy datanode： 921dbd79-5e7d-43e7-a946-6392aa4a26bd Heaviness: 6 limit: 5
2019-09-26 13:29:16,373 [grpc-default-executor-1] INFO  impl.RaftServerProxy (RaftServerProxy.java:addNew(89)) - 8cfabaed-6bfa-4340-a894-a45e2e16f787: addNew group-E93721A16969:[8cfabaed-6bfa-4340-a894-a45e2e16f787:192.168.164.238:43170] returns group-E93721A16969:java.util.concurrent.CompletableFuture@7949e26a[Not completed]
2019-09-26 13:29:16,374 [pool-97-thread-1] INFO  impl.RaftServerImpl (RaftServerImpl.java:<init>(95)) - 8cfabaed-6bfa-4340-a894-a45e2e16f787: new RaftServerImpl for group-E93721A16969:[8cfabaed-6bfa-4340-a894-a45e2e16f787:192.168.164.238:43170] with ContainerStateMachine:uninitialized
2019-09-26 13:29:16,374 [pool-97-thread-1] INFO  server.RaftServerConfigKeys (ConfUtils.java:logGet(43)) - raft.server.rpc.timeout.min = 5s (custom)
2019-09-26 13:29:16,374 [pool-97-thread-1] INFO  server.RaftServerConfigKeys (ConfUtils.java:logGet(43)) - raft.server.rpc.timeout.max = 5200ms (custom)
2019-09-26 13:29:16,374 [pool-97-thread-1] INFO  server.RaftServerConfigKeys (ConfUtils.java:logGet(43)) - raft.server.rpcslowness.timeout = 120s (custom)
2019-09-26 13:29:16,374 [pool-97-thread-1] INFO  server.RaftServerConfigKeys (ConfUtils.java:logGet(43)) - raft.server.sleep.deviation.threshold = 300 (default)
2019-09-26 13:29:16,374 [pool-97-thread-1] INFO  server.RaftServerConfigKeys (ConfUtils.java:logGet(43)) - raft.server.log.appender.install.snapshot.enabled = false (custom)
2019-09-26 13:29:16,374 [pool-97-thread-1] INFO  impl.RaftServerImpl (ServerState.java:<init>(103)) - 8cfabaed-6bfa-4340-a894-a45e2e16f787@group-E93721A16969: ConfigurationManager, init=-1: [8cfabaed-6bfa-4340-a894-a45e2e16f787:192.168.164.238:43170], old=null, confs=<EMPTY_MAP>
2019-09-26 13:29:16,375 [pool-97-thread-1] INFO  server.RaftServerConfigKeys (ConfUtils.java:logGet(43)) - raft.server.storage.dir = [/workdir/hadoop-ozone/ozonefs/target/test-dir/MiniOzoneClusterImpl-8b6a8972-8eda-4f33-b3cf-a560ba2c5b87/datanode-7/data/ratis] (custom)
2019-09-26 13:29:16,375 [pool-97-thread-1] INFO  storage.RaftStorageDirectory (RaftStorageDirectory.java:analyzeStorage(246)) - The storage directory /workdir/hadoop-ozone/ozonefs/target/test-dir/MiniOzoneClusterImpl-8b6a8972-8eda-4f33-b3cf-a560ba2c5b87/datanode-7/data/ratis/0bc12016-c25f-4020-a6e9-e93721a16969 does not exist. Creating ...
2019-09-26 13:29:16,387 [pool-97-thread-1] INFO  storage.RaftStorageDirectory (RaftStorageDirectory.java:tryLock(328)) - Lock on /workdir/hadoop-ozone/ozonefs/target/test-dir/MiniOzoneClusterImpl-8b6a8972-8eda-4f33-b3cf-a560ba2c5b87/datanode-7/data/ratis/0bc12016-c25f-4020-a6e9-e93721a16969/in_use.lock acquired by nodename 6686@pr-hdds-1569-87zkn-1081879488
2019-09-26 13:29:16,402 [pool-97-thread-1] INFO  storage.RaftStorage (RaftStorage.java:format(72)) - Storage directory /workdir/hadoop-ozone/ozonefs/target/test-dir/MiniOzoneClusterImpl-8b6a8972-8eda-4f33-b3cf-a560ba2c5b87/datanode-7/data/ratis/0bc12016-c25f-4020-a6e9-e93721a16969 has been successfully formatted.
2019-09-26 13:29:16,403 [pool-97-thread-1] INFO  ratis.ContainerStateMachine (ContainerStateMachine.java:loadSnapshot(230)) - group-E93721A16969: The snapshot info is null. Setting the last applied indexto:(t:0, i:~)
2019-09-26 13:29:16,403 [pool-97-thread-1] INFO  server.RaftServerConfigKeys (ConfUtils.java:logGet(43)) - raft.server.notification.no-leader.timeout = 120s (custom)
2019-09-26 13:29:16,403 [pool-97-thread-1] INFO  server.RaftServerConfigKeys (ConfUtils.java:logGet(43)) - raft.server.log.use.memory = false (default)
2019-09-26 13:29:16,403 [pool-97-thread-1] INFO  server.RaftServerConfigKeys (ConfUtils.java:logGet(43)) - raft.server.log.purge.gap = 1000000 (custom)
2019-09-26 13:29:16,403 [pool-97-thread-1] INFO  server.RaftServerConfigKeys (ConfUtils.java:logGet(43)) - raft.server.log.appender.buffer.byte-limit = 33554432 (custom)
2019-09-26 13:29:16,403 [pool-97-thread-1] INFO  server.RaftServerConfigKeys (ConfUtils.java:logGet(43)) - raft.server.log.segment.size.max = 1048576 (custom)
2019-09-26 13:29:16,404 [pool-97-thread-1] INFO  server.RaftServerConfigKeys (ConfUtils.java:logGet(43)) - raft.server.log.segment.cache.num.max = 2 (custom)
2019-09-26 13:29:16,404 [pool-97-thread-1] INFO  segmented.SegmentedRaftLogWorker (SegmentedRaftLogWorker.java:<init>(172)) - new 8cfabaed-6bfa-4340-a894-a45e2e16f787@group-E93721A16969-SegmentedRaftLogWorker for RaftStorage:Storage Directory /workdir/hadoop-ozone/ozonefs/target/test-dir/MiniOzoneClusterImpl-8b6a8972-8eda-4f33-b3cf-a560ba2c5b87/datanode-7/data/ratis/0bc12016-c25f-4020-a6e9-e93721a16969
2019-09-26 13:29:16,404 [pool-97-thread-1] INFO  server.RaftServerConfigKeys (ConfUtils.java:logGet(43)) - raft.server.log.queue.byte-limit = 2147483647 (custom)
2019-09-26 13:29:16,404 [pool-97-thread-1] INFO  server.RaftServerConfigKeys (ConfUtils.java:logGet(43)) - raft.server.log.queue.element-limit = 1024 (custom)
2019-09-26 13:29:16,404 [pool-97-thread-1] INFO  server.RaftServerConfigKeys (ConfUtils.java:logGet(43)) - raft.server.log.segment.size.max = 1048576 (custom)
2019-09-26 13:29:16,404 [pool-97-thread-1] INFO  server.RaftServerConfigKeys (ConfUtils.java:logGet(43)) - raft.server.log.preallocated.size = 16384 (custom)
2019-09-26 13:29:16,404 [pool-97-thread-1] INFO  server.RaftServerConfigKeys (ConfUtils.java:logGet(43)) - raft.server.log.write.buffer.size = 33554432 (custom)
2019-09-26 13:29:16,405 [pool-97-thread-1] INFO  server.RaftServerConfigKeys (ConfUtils.java:logGet(43)) - raft.server.log.force.sync.num = 128 (default)
2019-09-26 13:29:16,405 [pool-97-thread-1] INFO  server.RaftServerConfigKeys (ConfUtils.java:logGet(43)) - raft.server.log.statemachine.data.sync = true (default)
2019-09-26 13:29:16,405 [pool-97-thread-1] INFO  server.RaftServerConfigKeys (ConfUtils.java:logGet(43)) - raft.server.log.statemachine.data.sync.timeout = 10s (default)
2019-09-26 13:29:16,405 [pool-97-thread-1] INFO  server.RaftServerConfigKeys (ConfUtils.java:logGet(43)) - raft.server.log.statemachine.data.sync.timeout.retry = -1 (default)
2019-09-26 13:29:16,405 [pool-97-thread-1] INFO  server.RaftServerConfigKeys (ConfUtils.java:logGet(43)) - raft.server.log.statemachine.data.caching.enabled = true (custom)
2019-09-26 13:29:16,405 [pool-97-thread-1] INFO  segmented.SegmentedRaftLogWorker (SegmentedRaftLogWorker.java:lambda$new$0(132)) - 8cfabaed-6bfa-4340-a894-a45e2e16f787@group-E93721A16969-SegmentedRaftLogWorker: flushIndex: setUnconditionally 0 -> -1
2019-09-26 13:29:16,406 [pool-97-thread-1] INFO  server.RaftServerConfigKeys (ConfUtils.java:logGet(43)) - raft.server.snapshot.auto.trigger.enabled = true (custom)
2019-09-26 13:29:16,406 [pool-97-thread-1] INFO  server.RaftServerConfigKeys (ConfUtils.java:logGet(43)) - raft.server.snapshot.auto.trigger.threshold = 10000 (custom)
2019-09-26 13:29:16,406 [pool-97-thread-1] INFO  server.RaftServerConfigKeys (ConfUtils.java:logGet(43)) - raft.server.snapshot.retention.num.files = 5 (custom)
2019-09-26 13:29:16,406 [pool-97-thread-1] INFO  server.RaftServerConfigKeys (ConfUtils.java:logGet(43)) - raft.server.retrycache.expirytime = 600000ms (custom)
2019-09-26 13:29:16,408 [pool-97-thread-1] INFO  impl.RaftServerImpl (RaftServerImpl.java:start(185)) - 8cfabaed-6bfa-4340-a894-a45e2e16f787@group-E93721A16969: start as a follower, conf=-1: [8cfabaed-6bfa-4340-a894-a45e2e16f787:192.168.164.238:43170], old=null
2019-09-26 13:29:16,409 [pool-97-thread-1] INFO  impl.RaftServerImpl (RaftServerImpl.java:setRole(174)) - 8cfabaed-6bfa-4340-a894-a45e2e16f787@group-E93721A16969: changes role from      null to FOLLOWER at term 0 for startAsFollower
2019-09-26 13:29:16,409 [pool-97-thread-1] INFO  impl.RoleInfo (RoleInfo.java:updateAndGet(143)) - 8cfabaed-6bfa-4340-a894-a45e2e16f787: start FollowerState
2019-09-26 13:29:16,409 [pool-97-thread-1] INFO  util.JmxRegister (JmxRegister.java:tryRegister(44)) - Successfully registered JMX Bean with object name Ratis:service=RaftServer,group=group-E93721A16969,id=8cfabaed-6bfa-4340-a894-a45e2e16f787
2019-09-26 13:29:16,415 [RatisPipelineUtilsThread] INFO  pipeline.PipelineStateManager (PipelineStateManager.java:addPipeline(56)) - Created pipeline Pipeline[ Id: 0bc12016-c25f-4020-a6e9-e93721a16969, Nodes: 8cfabaed-6bfa-4340-a894-a45e2e16f787{ip: 192.168.164.238, host: pr-hdds-1569-87zkn-1081879488, networkLocation: /default-rack, certSerialId: null}, Type:RATIS, Factor:ONE, State:OPEN]
2019-09-26 13:29:16,415 [RatisPipelineUtilsThread] INFO  pipeline.PipelinePlacementPolicy (PipelinePlacementPolicy.java:meetCriteria(91)) - Pipeline Placement: can't place more pipeline on heavy datanode： 2bceee89-654d-4083-a39a-484f868bd9b7 Heaviness: 6 limit: 5
2019-09-26 13:29:16,416 [RatisPipelineUtilsThread] INFO  pipeline.PipelinePlacementPolicy (PipelinePlacementPolicy.java:meetCriteria(91)) - Pipeline Placement: can't place more pipeline on heavy datanode： 84fdec62-d817-45bb-98fc-971264b4d85b Heaviness: 6 limit: 5
2019-09-26 13:29:16,416 [RatisPipelineUtilsThread] INFO  pipeline.PipelinePlacementPolicy (PipelinePlacementPolicy.java:meetCriteria(91)) - Pipeline Placement: can't place more pipeline on heavy datanode： 6bbb30bf-68fb-49c7-a700-39ca06a4595f Heaviness: 6 limit: 5
2019-09-26 13:29:16,416 [RatisPipelineUtilsThread] INFO  pipeline.PipelinePlacementPolicy (PipelinePlacementPolicy.java:meetCriteria(91)) - Pipeline Placement: can't place more pipeline on heavy datanode： 921dbd79-5e7d-43e7-a946-6392aa4a26bd Heaviness: 6 limit: 5
2019-09-26 13:29:16,426 [grpc-default-executor-1] INFO  impl.RaftServerProxy (RaftServerProxy.java:addNew(89)) - 1987c896-e32f-4a06-ac9a-08216b278c2b: addNew group-0F0EADB37C4C:[1987c896-e32f-4a06-ac9a-08216b278c2b:192.168.164.238:46271] returns group-0F0EADB37C4C:java.util.concurrent.CompletableFuture@76b18519[Not completed]
2019-09-26 13:29:16,427 [pool-77-thread-1] INFO  impl.RaftServerImpl (RaftServerImpl.java:<init>(95)) - 1987c896-e32f-4a06-ac9a-08216b278c2b: new RaftServerImpl for group-0F0EADB37C4C:[1987c896-e32f-4a06-ac9a-08216b278c2b:192.168.164.238:46271] with ContainerStateMachine:uninitialized
2019-09-26 13:29:16,428 [pool-77-thread-1] INFO  server.RaftServerConfigKeys (ConfUtils.java:logGet(43)) - raft.server.rpc.timeout.min = 5s (custom)
2019-09-26 13:29:16,428 [pool-77-thread-1] INFO  server.RaftServerConfigKeys (ConfUtils.java:logGet(43)) - raft.server.rpc.timeout.max = 5200ms (custom)
2019-09-26 13:29:16,428 [pool-77-thread-1] INFO  server.RaftServerConfigKeys (ConfUtils.java:logGet(43)) - raft.server.rpcslowness.timeout = 120s (custom)
2019-09-26 13:29:16,428 [pool-77-thread-1] INFO  server.RaftServerConfigKeys (ConfUtils.java:logGet(43)) - raft.server.sleep.deviation.threshold = 300 (default)
2019-09-26 13:29:16,428 [pool-77-thread-1] INFO  server.RaftServerConfigKeys (ConfUtils.java:logGet(43)) - raft.server.log.appender.install.snapshot.enabled = false (custom)
2019-09-26 13:29:16,428 [pool-77-thread-1] INFO  impl.RaftServerImpl (ServerState.java:<init>(103)) - 1987c896-e32f-4a06-ac9a-08216b278c2b@group-0F0EADB37C4C: ConfigurationManager, init=-1: [1987c896-e32f-4a06-ac9a-08216b278c2b:192.168.164.238:46271], old=null, confs=<EMPTY_MAP>
2019-09-26 13:29:16,429 [pool-77-thread-1] INFO  server.RaftServerConfigKeys (ConfUtils.java:logGet(43)) - raft.server.storage.dir = [/workdir/hadoop-ozone/ozonefs/target/test-dir/MiniOzoneClusterImpl-8b6a8972-8eda-4f33-b3cf-a560ba2c5b87/datanode-5/data/ratis] (custom)
2019-09-26 13:29:16,429 [pool-77-thread-1] INFO  storage.RaftStorageDirectory (RaftStorageDirectory.java:analyzeStorage(246)) - The storage directory /workdir/hadoop-ozone/ozonefs/target/test-dir/MiniOzoneClusterImpl-8b6a8972-8eda-4f33-b3cf-a560ba2c5b87/datanode-5/data/ratis/7048c1c9-1783-4693-ad88-0f0eadb37c4c does not exist. Creating ...
2019-09-26 13:29:16,441 [pool-77-thread-1] INFO  storage.RaftStorageDirectory (RaftStorageDirectory.java:tryLock(328)) - Lock on /workdir/hadoop-ozone/ozonefs/target/test-dir/MiniOzoneClusterImpl-8b6a8972-8eda-4f33-b3cf-a560ba2c5b87/datanode-5/data/ratis/7048c1c9-1783-4693-ad88-0f0eadb37c4c/in_use.lock acquired by nodename 6686@pr-hdds-1569-87zkn-1081879488
2019-09-26 13:29:16,454 [pool-77-thread-1] INFO  storage.RaftStorage (RaftStorage.java:format(72)) - Storage directory /workdir/hadoop-ozone/ozonefs/target/test-dir/MiniOzoneClusterImpl-8b6a8972-8eda-4f33-b3cf-a560ba2c5b87/datanode-5/data/ratis/7048c1c9-1783-4693-ad88-0f0eadb37c4c has been successfully formatted.
2019-09-26 13:29:16,455 [pool-77-thread-1] INFO  ratis.ContainerStateMachine (ContainerStateMachine.java:loadSnapshot(230)) - group-0F0EADB37C4C: The snapshot info is null. Setting the last applied indexto:(t:0, i:~)
2019-09-26 13:29:16,455 [pool-77-thread-1] INFO  server.RaftServerConfigKeys (ConfUtils.java:logGet(43)) - raft.server.notification.no-leader.timeout = 120s (custom)
2019-09-26 13:29:16,455 [pool-77-thread-1] INFO  server.RaftServerConfigKeys (ConfUtils.java:logGet(43)) - raft.server.log.use.memory = false (default)
2019-09-26 13:29:16,455 [pool-77-thread-1] INFO  server.RaftServerConfigKeys (ConfUtils.java:logGet(43)) - raft.server.log.purge.gap = 1000000 (custom)
2019-09-26 13:29:16,455 [pool-77-thread-1] INFO  server.RaftServerConfigKeys (ConfUtils.java:logGet(43)) - raft.server.log.appender.buffer.byte-limit = 33554432 (custom)
2019-09-26 13:29:16,455 [pool-77-thread-1] INFO  server.RaftServerConfigKeys (ConfUtils.java:logGet(43)) - raft.server.log.segment.size.max = 1048576 (custom)
2019-09-26 13:29:16,455 [pool-77-thread-1] INFO  server.RaftServerConfigKeys (ConfUtils.java:logGet(43)) - raft.server.log.segment.cache.num.max = 2 (custom)
2019-09-26 13:29:16,456 [pool-77-thread-1] INFO  segmented.SegmentedRaftLogWorker (SegmentedRaftLogWorker.java:<init>(172)) - new 1987c896-e32f-4a06-ac9a-08216b278c2b@group-0F0EADB37C4C-SegmentedRaftLogWorker for RaftStorage:Storage Directory /workdir/hadoop-ozone/ozonefs/target/test-dir/MiniOzoneClusterImpl-8b6a8972-8eda-4f33-b3cf-a560ba2c5b87/datanode-5/data/ratis/7048c1c9-1783-4693-ad88-0f0eadb37c4c
2019-09-26 13:29:16,456 [pool-77-thread-1] INFO  server.RaftServerConfigKeys (ConfUtils.java:logGet(43)) - raft.server.log.queue.byte-limit = 2147483647 (custom)
2019-09-26 13:29:16,456 [pool-77-thread-1] INFO  server.RaftServerConfigKeys (ConfUtils.java:logGet(43)) - raft.server.log.queue.element-limit = 1024 (custom)
2019-09-26 13:29:16,456 [pool-77-thread-1] INFO  server.RaftServerConfigKeys (ConfUtils.java:logGet(43)) - raft.server.log.segment.size.max = 1048576 (custom)
2019-09-26 13:29:16,456 [pool-77-thread-1] INFO  server.RaftServerConfigKeys (ConfUtils.java:logGet(43)) - raft.server.log.preallocated.size = 16384 (custom)
2019-09-26 13:29:16,456 [pool-77-thread-1] INFO  server.RaftServerConfigKeys (ConfUtils.java:logGet(43)) - raft.server.log.write.buffer.size = 33554432 (custom)
2019-09-26 13:29:16,456 [pool-77-thread-1] INFO  server.RaftServerConfigKeys (ConfUtils.java:logGet(43)) - raft.server.log.force.sync.num = 128 (default)
2019-09-26 13:29:16,456 [pool-77-thread-1] INFO  server.RaftServerConfigKeys (ConfUtils.java:logGet(43)) - raft.server.log.statemachine.data.sync = true (default)
2019-09-26 13:29:16,457 [pool-77-thread-1] INFO  server.RaftServerConfigKeys (ConfUtils.java:logGet(43)) - raft.server.log.statemachine.data.sync.timeout = 10s (default)
2019-09-26 13:29:16,457 [pool-77-thread-1] INFO  server.RaftServerConfigKeys (ConfUtils.java:logGet(43)) - raft.server.log.statemachine.data.sync.timeout.retry = -1 (default)
2019-09-26 13:29:16,457 [pool-77-thread-1] INFO  server.RaftServerConfigKeys (ConfUtils.java:logGet(43)) - raft.server.log.statemachine.data.caching.enabled = true (custom)
2019-09-26 13:29:16,457 [pool-77-thread-1] INFO  segmented.SegmentedRaftLogWorker (SegmentedRaftLogWorker.java:lambda$new$0(132)) - 1987c896-e32f-4a06-ac9a-08216b278c2b@group-0F0EADB37C4C-SegmentedRaftLogWorker: flushIndex: setUnconditionally 0 -> -1
2019-09-26 13:29:16,458 [pool-77-thread-1] INFO  server.RaftServerConfigKeys (ConfUtils.java:logGet(43)) - raft.server.snapshot.auto.trigger.enabled = true (custom)
2019-09-26 13:29:16,458 [pool-77-thread-1] INFO  server.RaftServerConfigKeys (ConfUtils.java:logGet(43)) - raft.server.snapshot.auto.trigger.threshold = 10000 (custom)
2019-09-26 13:29:16,458 [pool-77-thread-1] INFO  server.RaftServerConfigKeys (ConfUtils.java:logGet(43)) - raft.server.snapshot.retention.num.files = 5 (custom)
2019-09-26 13:29:16,458 [pool-77-thread-1] INFO  server.RaftServerConfigKeys (ConfUtils.java:logGet(43)) - raft.server.retrycache.expirytime = 600000ms (custom)
2019-09-26 13:29:16,460 [pool-77-thread-1] INFO  impl.RaftServerImpl (RaftServerImpl.java:start(185)) - 1987c896-e32f-4a06-ac9a-08216b278c2b@group-0F0EADB37C4C: start as a follower, conf=-1: [1987c896-e32f-4a06-ac9a-08216b278c2b:192.168.164.238:46271], old=null
2019-09-26 13:29:16,461 [pool-77-thread-1] INFO  impl.RaftServerImpl (RaftServerImpl.java:setRole(174)) - 1987c896-e32f-4a06-ac9a-08216b278c2b@group-0F0EADB37C4C: changes role from      null to FOLLOWER at term 0 for startAsFollower
2019-09-26 13:29:16,461 [pool-77-thread-1] INFO  impl.RoleInfo (RoleInfo.java:updateAndGet(143)) - 1987c896-e32f-4a06-ac9a-08216b278c2b: start FollowerState
2019-09-26 13:29:16,461 [pool-77-thread-1] INFO  util.JmxRegister (JmxRegister.java:tryRegister(44)) - Successfully registered JMX Bean with object name Ratis:service=RaftServer,group=group-0F0EADB37C4C,id=1987c896-e32f-4a06-ac9a-08216b278c2b
2019-09-26 13:29:16,467 [RatisPipelineUtilsThread] INFO  pipeline.PipelineStateManager (PipelineStateManager.java:addPipeline(56)) - Created pipeline Pipeline[ Id: 7048c1c9-1783-4693-ad88-0f0eadb37c4c, Nodes: 1987c896-e32f-4a06-ac9a-08216b278c2b{ip: 192.168.164.238, host: pr-hdds-1569-87zkn-1081879488, networkLocation: /default-rack, certSerialId: null}, Type:RATIS, Factor:ONE, State:OPEN]
2019-09-26 13:29:16,467 [RatisPipelineUtilsThread] INFO  pipeline.PipelinePlacementPolicy (PipelinePlacementPolicy.java:meetCriteria(91)) - Pipeline Placement: can't place more pipeline on heavy datanode： 2bceee89-654d-4083-a39a-484f868bd9b7 Heaviness: 6 limit: 5
2019-09-26 13:29:16,468 [RatisPipelineUtilsThread] INFO  pipeline.PipelinePlacementPolicy (PipelinePlacementPolicy.java:meetCriteria(91)) - Pipeline Placement: can't place more pipeline on heavy datanode： 84fdec62-d817-45bb-98fc-971264b4d85b Heaviness: 6 limit: 5
2019-09-26 13:29:16,468 [RatisPipelineUtilsThread] INFO  pipeline.PipelinePlacementPolicy (PipelinePlacementPolicy.java:meetCriteria(91)) - Pipeline Placement: can't place more pipeline on heavy datanode： 6bbb30bf-68fb-49c7-a700-39ca06a4595f Heaviness: 6 limit: 5
2019-09-26 13:29:16,468 [RatisPipelineUtilsThread] INFO  pipeline.PipelinePlacementPolicy (PipelinePlacementPolicy.java:meetCriteria(91)) - Pipeline Placement: can't place more pipeline on heavy datanode： 921dbd79-5e7d-43e7-a946-6392aa4a26bd Heaviness: 6 limit: 5
2019-09-26 13:29:16,487 [grpc-default-executor-1] INFO  impl.RaftServerProxy (RaftServerProxy.java:addNew(89)) - 84b4f0f2-647b-40e2-8663-a3f3ce0b3f80: addNew group-1839775BC7F0:[84b4f0f2-647b-40e2-8663-a3f3ce0b3f80:192.168.164.238:46549] returns group-1839775BC7F0:java.util.concurrent.CompletableFuture@30fa62c5[Not completed]
2019-09-26 13:29:16,502 [pool-107-thread-1] INFO  impl.RaftServerImpl (RaftServerImpl.java:<init>(95)) - 84b4f0f2-647b-40e2-8663-a3f3ce0b3f80: new RaftServerImpl for group-1839775BC7F0:[84b4f0f2-647b-40e2-8663-a3f3ce0b3f80:192.168.164.238:46549] with ContainerStateMachine:uninitialized
2019-09-26 13:29:16,502 [pool-107-thread-1] INFO  server.RaftServerConfigKeys (ConfUtils.java:logGet(43)) - raft.server.rpc.timeout.min = 5s (custom)
2019-09-26 13:29:16,502 [pool-107-thread-1] INFO  server.RaftServerConfigKeys (ConfUtils.java:logGet(43)) - raft.server.rpc.timeout.max = 5200ms (custom)
2019-09-26 13:29:16,502 [pool-107-thread-1] INFO  server.RaftServerConfigKeys (ConfUtils.java:logGet(43)) - raft.server.rpcslowness.timeout = 120s (custom)
2019-09-26 13:29:16,502 [pool-107-thread-1] INFO  server.RaftServerConfigKeys (ConfUtils.java:logGet(43)) - raft.server.sleep.deviation.threshold = 300 (default)
2019-09-26 13:29:16,502 [pool-107-thread-1] INFO  server.RaftServerConfigKeys (ConfUtils.java:logGet(43)) - raft.server.log.appender.install.snapshot.enabled = false (custom)
2019-09-26 13:29:16,502 [pool-107-thread-1] INFO  impl.RaftServerImpl (ServerState.java:<init>(103)) - 84b4f0f2-647b-40e2-8663-a3f3ce0b3f80@group-1839775BC7F0: ConfigurationManager, init=-1: [84b4f0f2-647b-40e2-8663-a3f3ce0b3f80:192.168.164.238:46549], old=null, confs=<EMPTY_MAP>
2019-09-26 13:29:16,502 [pool-107-thread-1] INFO  server.RaftServerConfigKeys (ConfUtils.java:logGet(43)) - raft.server.storage.dir = [/workdir/hadoop-ozone/ozonefs/target/test-dir/MiniOzoneClusterImpl-8b6a8972-8eda-4f33-b3cf-a560ba2c5b87/datanode-8/data/ratis] (custom)
2019-09-26 13:29:16,503 [pool-107-thread-1] INFO  storage.RaftStorageDirectory (RaftStorageDirectory.java:analyzeStorage(246)) - The storage directory /workdir/hadoop-ozone/ozonefs/target/test-dir/MiniOzoneClusterImpl-8b6a8972-8eda-4f33-b3cf-a560ba2c5b87/datanode-8/data/ratis/c32e3824-e1aa-48a4-aafc-1839775bc7f0 does not exist. Creating ...
2019-09-26 13:29:16,515 [pool-107-thread-1] INFO  storage.RaftStorageDirectory (RaftStorageDirectory.java:tryLock(328)) - Lock on /workdir/hadoop-ozone/ozonefs/target/test-dir/MiniOzoneClusterImpl-8b6a8972-8eda-4f33-b3cf-a560ba2c5b87/datanode-8/data/ratis/c32e3824-e1aa-48a4-aafc-1839775bc7f0/in_use.lock acquired by nodename 6686@pr-hdds-1569-87zkn-1081879488
2019-09-26 13:29:16,518 [pool-107-thread-1] INFO  storage.RaftStorage (RaftStorage.java:format(72)) - Storage directory /workdir/hadoop-ozone/ozonefs/target/test-dir/MiniOzoneClusterImpl-8b6a8972-8eda-4f33-b3cf-a560ba2c5b87/datanode-8/data/ratis/c32e3824-e1aa-48a4-aafc-1839775bc7f0 has been successfully formatted.
2019-09-26 13:29:16,518 [pool-107-thread-1] INFO  ratis.ContainerStateMachine (ContainerStateMachine.java:loadSnapshot(230)) - group-1839775BC7F0: The snapshot info is null. Setting the last applied indexto:(t:0, i:~)
2019-09-26 13:29:16,518 [pool-107-thread-1] INFO  server.RaftServerConfigKeys (ConfUtils.java:logGet(43)) - raft.server.notification.no-leader.timeout = 120s (custom)
2019-09-26 13:29:16,519 [pool-107-thread-1] INFO  server.RaftServerConfigKeys (ConfUtils.java:logGet(43)) - raft.server.log.use.memory = false (default)
2019-09-26 13:29:16,519 [pool-107-thread-1] INFO  server.RaftServerConfigKeys (ConfUtils.java:logGet(43)) - raft.server.log.purge.gap = 1000000 (custom)
2019-09-26 13:29:16,519 [pool-107-thread-1] INFO  server.RaftServerConfigKeys (ConfUtils.java:logGet(43)) - raft.server.log.appender.buffer.byte-limit = 33554432 (custom)
2019-09-26 13:29:16,519 [pool-107-thread-1] INFO  server.RaftServerConfigKeys (ConfUtils.java:logGet(43)) - raft.server.log.segment.size.max = 1048576 (custom)
2019-09-26 13:29:16,519 [pool-107-thread-1] INFO  server.RaftServerConfigKeys (ConfUtils.java:logGet(43)) - raft.server.log.segment.cache.num.max = 2 (custom)
2019-09-26 13:29:16,519 [pool-107-thread-1] INFO  segmented.SegmentedRaftLogWorker (SegmentedRaftLogWorker.java:<init>(172)) - new 84b4f0f2-647b-40e2-8663-a3f3ce0b3f80@group-1839775BC7F0-SegmentedRaftLogWorker for RaftStorage:Storage Directory /workdir/hadoop-ozone/ozonefs/target/test-dir/MiniOzoneClusterImpl-8b6a8972-8eda-4f33-b3cf-a560ba2c5b87/datanode-8/data/ratis/c32e3824-e1aa-48a4-aafc-1839775bc7f0
2019-09-26 13:29:16,524 [pool-107-thread-1] INFO  server.RaftServerConfigKeys (ConfUtils.java:logGet(43)) - raft.server.log.queue.byte-limit = 2147483647 (custom)
2019-09-26 13:29:16,524 [pool-107-thread-1] INFO  server.RaftServerConfigKeys (ConfUtils.java:logGet(43)) - raft.server.log.queue.element-limit = 1024 (custom)
2019-09-26 13:29:16,524 [pool-107-thread-1] INFO  server.RaftServerConfigKeys (ConfUtils.java:logGet(43)) - raft.server.log.segment.size.max = 1048576 (custom)
2019-09-26 13:29:16,525 [pool-107-thread-1] INFO  server.RaftServerConfigKeys (ConfUtils.java:logGet(43)) - raft.server.log.preallocated.size = 16384 (custom)
2019-09-26 13:29:16,525 [pool-107-thread-1] INFO  server.RaftServerConfigKeys (ConfUtils.java:logGet(43)) - raft.server.log.write.buffer.size = 33554432 (custom)
2019-09-26 13:29:16,525 [pool-107-thread-1] INFO  server.RaftServerConfigKeys (ConfUtils.java:logGet(43)) - raft.server.log.force.sync.num = 128 (default)
2019-09-26 13:29:16,525 [pool-107-thread-1] INFO  server.RaftServerConfigKeys (ConfUtils.java:logGet(43)) - raft.server.log.statemachine.data.sync = true (default)
2019-09-26 13:29:16,525 [pool-107-thread-1] INFO  server.RaftServerConfigKeys (ConfUtils.java:logGet(43)) - raft.server.log.statemachine.data.sync.timeout = 10s (default)
2019-09-26 13:29:16,525 [pool-107-thread-1] INFO  server.RaftServerConfigKeys (ConfUtils.java:logGet(43)) - raft.server.log.statemachine.data.sync.timeout.retry = -1 (default)
2019-09-26 13:29:16,525 [pool-107-thread-1] INFO  server.RaftServerConfigKeys (ConfUtils.java:logGet(43)) - raft.server.log.statemachine.data.caching.enabled = true (custom)
2019-09-26 13:29:16,526 [pool-107-thread-1] INFO  segmented.SegmentedRaftLogWorker (SegmentedRaftLogWorker.java:lambda$new$0(132)) - 84b4f0f2-647b-40e2-8663-a3f3ce0b3f80@group-1839775BC7F0-SegmentedRaftLogWorker: flushIndex: setUnconditionally 0 -> -1
2019-09-26 13:29:16,526 [pool-107-thread-1] INFO  server.RaftServerConfigKeys (ConfUtils.java:logGet(43)) - raft.server.snapshot.auto.trigger.enabled = true (custom)
2019-09-26 13:29:16,526 [pool-107-thread-1] INFO  server.RaftServerConfigKeys (ConfUtils.java:logGet(43)) - raft.server.snapshot.auto.trigger.threshold = 10000 (custom)
2019-09-26 13:29:16,526 [pool-107-thread-1] INFO  server.RaftServerConfigKeys (ConfUtils.java:logGet(43)) - raft.server.snapshot.retention.num.files = 5 (custom)
2019-09-26 13:29:16,526 [pool-107-thread-1] INFO  server.RaftServerConfigKeys (ConfUtils.java:logGet(43)) - raft.server.retrycache.expirytime = 600000ms (custom)
2019-09-26 13:29:16,528 [pool-107-thread-1] INFO  impl.RaftServerImpl (RaftServerImpl.java:start(185)) - 84b4f0f2-647b-40e2-8663-a3f3ce0b3f80@group-1839775BC7F0: start as a follower, conf=-1: [84b4f0f2-647b-40e2-8663-a3f3ce0b3f80:192.168.164.238:46549], old=null
2019-09-26 13:29:16,528 [pool-107-thread-1] INFO  impl.RaftServerImpl (RaftServerImpl.java:setRole(174)) - 84b4f0f2-647b-40e2-8663-a3f3ce0b3f80@group-1839775BC7F0: changes role from      null to FOLLOWER at term 0 for startAsFollower
2019-09-26 13:29:16,528 [pool-107-thread-1] INFO  impl.RoleInfo (RoleInfo.java:updateAndGet(143)) - 84b4f0f2-647b-40e2-8663-a3f3ce0b3f80: start FollowerState
2019-09-26 13:29:16,529 [pool-107-thread-1] INFO  util.JmxRegister (JmxRegister.java:tryRegister(44)) - Successfully registered JMX Bean with object name Ratis:service=RaftServer,group=group-1839775BC7F0,id=84b4f0f2-647b-40e2-8663-a3f3ce0b3f80
2019-09-26 13:29:16,534 [RatisPipelineUtilsThread] INFO  pipeline.PipelineStateManager (PipelineStateManager.java:addPipeline(56)) - Created pipeline Pipeline[ Id: c32e3824-e1aa-48a4-aafc-1839775bc7f0, Nodes: 84b4f0f2-647b-40e2-8663-a3f3ce0b3f80{ip: 192.168.164.238, host: pr-hdds-1569-87zkn-1081879488, networkLocation: /default-rack, certSerialId: null}, Type:RATIS, Factor:ONE, State:OPEN]
2019-09-26 13:29:16,534 [RatisPipelineUtilsThread] INFO  pipeline.PipelinePlacementPolicy (PipelinePlacementPolicy.java:meetCriteria(91)) - Pipeline Placement: can't place more pipeline on heavy datanode： 2bceee89-654d-4083-a39a-484f868bd9b7 Heaviness: 6 limit: 5
2019-09-26 13:29:16,534 [RatisPipelineUtilsThread] INFO  pipeline.PipelinePlacementPolicy (PipelinePlacementPolicy.java:meetCriteria(91)) - Pipeline Placement: can't place more pipeline on heavy datanode： 84fdec62-d817-45bb-98fc-971264b4d85b Heaviness: 6 limit: 5
2019-09-26 13:29:16,534 [RatisPipelineUtilsThread] INFO  pipeline.PipelinePlacementPolicy (PipelinePlacementPolicy.java:meetCriteria(91)) - Pipeline Placement: can't place more pipeline on heavy datanode： 6bbb30bf-68fb-49c7-a700-39ca06a4595f Heaviness: 6 limit: 5
2019-09-26 13:29:16,535 [RatisPipelineUtilsThread] INFO  pipeline.PipelinePlacementPolicy (PipelinePlacementPolicy.java:meetCriteria(91)) - Pipeline Placement: can't place more pipeline on heavy datanode： 921dbd79-5e7d-43e7-a946-6392aa4a26bd Heaviness: 6 limit: 5
2019-09-26 13:29:16,562 [grpc-default-executor-1] INFO  impl.RaftServerProxy (RaftServerProxy.java:addNew(89)) - e1d07e13-fba7-421e-90fa-c7d02cfb4ed9: addNew group-8E737069DD2C:[e1d07e13-fba7-421e-90fa-c7d02cfb4ed9:192.168.164.238:39231] returns group-8E737069DD2C:java.util.concurrent.CompletableFuture@618fc4fc[Not completed]
2019-09-26 13:29:16,564 [pool-87-thread-1] INFO  impl.RaftServerImpl (RaftServerImpl.java:<init>(95)) - e1d07e13-fba7-421e-90fa-c7d02cfb4ed9: new RaftServerImpl for group-8E737069DD2C:[e1d07e13-fba7-421e-90fa-c7d02cfb4ed9:192.168.164.238:39231] with ContainerStateMachine:uninitialized
2019-09-26 13:29:16,564 [pool-87-thread-1] INFO  server.RaftServerConfigKeys (ConfUtils.java:logGet(43)) - raft.server.rpc.timeout.min = 5s (custom)
2019-09-26 13:29:16,564 [pool-87-thread-1] INFO  server.RaftServerConfigKeys (ConfUtils.java:logGet(43)) - raft.server.rpc.timeout.max = 5200ms (custom)
2019-09-26 13:29:16,564 [pool-87-thread-1] INFO  server.RaftServerConfigKeys (ConfUtils.java:logGet(43)) - raft.server.rpcslowness.timeout = 120s (custom)
2019-09-26 13:29:16,565 [pool-87-thread-1] INFO  server.RaftServerConfigKeys (ConfUtils.java:logGet(43)) - raft.server.sleep.deviation.threshold = 300 (default)
2019-09-26 13:29:16,565 [pool-87-thread-1] INFO  server.RaftServerConfigKeys (ConfUtils.java:logGet(43)) - raft.server.log.appender.install.snapshot.enabled = false (custom)
2019-09-26 13:29:16,565 [pool-87-thread-1] INFO  impl.RaftServerImpl (ServerState.java:<init>(103)) - e1d07e13-fba7-421e-90fa-c7d02cfb4ed9@group-8E737069DD2C: ConfigurationManager, init=-1: [e1d07e13-fba7-421e-90fa-c7d02cfb4ed9:192.168.164.238:39231], old=null, confs=<EMPTY_MAP>
2019-09-26 13:29:16,565 [pool-87-thread-1] INFO  server.RaftServerConfigKeys (ConfUtils.java:logGet(43)) - raft.server.storage.dir = [/workdir/hadoop-ozone/ozonefs/target/test-dir/MiniOzoneClusterImpl-8b6a8972-8eda-4f33-b3cf-a560ba2c5b87/datanode-6/data/ratis] (custom)
2019-09-26 13:29:16,565 [pool-87-thread-1] INFO  storage.RaftStorageDirectory (RaftStorageDirectory.java:analyzeStorage(246)) - The storage directory /workdir/hadoop-ozone/ozonefs/target/test-dir/MiniOzoneClusterImpl-8b6a8972-8eda-4f33-b3cf-a560ba2c5b87/datanode-6/data/ratis/033893b7-d334-4b25-b093-8e737069dd2c does not exist. Creating ...
2019-09-26 13:29:16,579 [pool-87-thread-1] INFO  storage.RaftStorageDirectory (RaftStorageDirectory.java:tryLock(328)) - Lock on /workdir/hadoop-ozone/ozonefs/target/test-dir/MiniOzoneClusterImpl-8b6a8972-8eda-4f33-b3cf-a560ba2c5b87/datanode-6/data/ratis/033893b7-d334-4b25-b093-8e737069dd2c/in_use.lock acquired by nodename 6686@pr-hdds-1569-87zkn-1081879488
2019-09-26 13:29:16,592 [pool-87-thread-1] INFO  storage.RaftStorage (RaftStorage.java:format(72)) - Storage directory /workdir/hadoop-ozone/ozonefs/target/test-dir/MiniOzoneClusterImpl-8b6a8972-8eda-4f33-b3cf-a560ba2c5b87/datanode-6/data/ratis/033893b7-d334-4b25-b093-8e737069dd2c has been successfully formatted.
2019-09-26 13:29:16,592 [pool-87-thread-1] INFO  ratis.ContainerStateMachine (ContainerStateMachine.java:loadSnapshot(230)) - group-8E737069DD2C: The snapshot info is null. Setting the last applied indexto:(t:0, i:~)
2019-09-26 13:29:16,592 [pool-87-thread-1] INFO  server.RaftServerConfigKeys (ConfUtils.java:logGet(43)) - raft.server.notification.no-leader.timeout = 120s (custom)
2019-09-26 13:29:16,592 [pool-87-thread-1] INFO  server.RaftServerConfigKeys (ConfUtils.java:logGet(43)) - raft.server.log.use.memory = false (default)
2019-09-26 13:29:16,592 [pool-87-thread-1] INFO  server.RaftServerConfigKeys (ConfUtils.java:logGet(43)) - raft.server.log.purge.gap = 1000000 (custom)
2019-09-26 13:29:16,592 [pool-87-thread-1] INFO  server.RaftServerConfigKeys (ConfUtils.java:logGet(43)) - raft.server.log.appender.buffer.byte-limit = 33554432 (custom)
2019-09-26 13:29:16,593 [pool-87-thread-1] INFO  server.RaftServerConfigKeys (ConfUtils.java:logGet(43)) - raft.server.log.segment.size.max = 1048576 (custom)
2019-09-26 13:29:16,593 [pool-87-thread-1] INFO  server.RaftServerConfigKeys (ConfUtils.java:logGet(43)) - raft.server.log.segment.cache.num.max = 2 (custom)
2019-09-26 13:29:16,593 [pool-87-thread-1] INFO  segmented.SegmentedRaftLogWorker (SegmentedRaftLogWorker.java:<init>(172)) - new e1d07e13-fba7-421e-90fa-c7d02cfb4ed9@group-8E737069DD2C-SegmentedRaftLogWorker for RaftStorage:Storage Directory /workdir/hadoop-ozone/ozonefs/target/test-dir/MiniOzoneClusterImpl-8b6a8972-8eda-4f33-b3cf-a560ba2c5b87/datanode-6/data/ratis/033893b7-d334-4b25-b093-8e737069dd2c
2019-09-26 13:29:16,593 [pool-87-thread-1] INFO  server.RaftServerConfigKeys (ConfUtils.java:logGet(43)) - raft.server.log.queue.byte-limit = 2147483647 (custom)
2019-09-26 13:29:16,593 [pool-87-thread-1] INFO  server.RaftServerConfigKeys (ConfUtils.java:logGet(43)) - raft.server.log.queue.element-limit = 1024 (custom)
2019-09-26 13:29:16,593 [pool-87-thread-1] INFO  server.RaftServerConfigKeys (ConfUtils.java:logGet(43)) - raft.server.log.segment.size.max = 1048576 (custom)
2019-09-26 13:29:16,594 [pool-87-thread-1] INFO  server.RaftServerConfigKeys (ConfUtils.java:logGet(43)) - raft.server.log.preallocated.size = 16384 (custom)
2019-09-26 13:29:16,594 [pool-87-thread-1] INFO  server.RaftServerConfigKeys (ConfUtils.java:logGet(43)) - raft.server.log.write.buffer.size = 33554432 (custom)
2019-09-26 13:29:16,594 [pool-87-thread-1] INFO  server.RaftServerConfigKeys (ConfUtils.java:logGet(43)) - raft.server.log.force.sync.num = 128 (default)
2019-09-26 13:29:16,604 [pool-87-thread-1] INFO  server.RaftServerConfigKeys (ConfUtils.java:logGet(43)) - raft.server.log.statemachine.data.sync = true (default)
2019-09-26 13:29:16,605 [pool-87-thread-1] INFO  server.RaftServerConfigKeys (ConfUtils.java:logGet(43)) - raft.server.log.statemachine.data.sync.timeout = 10s (default)
2019-09-26 13:29:16,605 [pool-87-thread-1] INFO  server.RaftServerConfigKeys (ConfUtils.java:logGet(43)) - raft.server.log.statemachine.data.sync.timeout.retry = -1 (default)
2019-09-26 13:29:16,605 [pool-87-thread-1] INFO  server.RaftServerConfigKeys (ConfUtils.java:logGet(43)) - raft.server.log.statemachine.data.caching.enabled = true (custom)
2019-09-26 13:29:16,605 [pool-87-thread-1] INFO  segmented.SegmentedRaftLogWorker (SegmentedRaftLogWorker.java:lambda$new$0(132)) - e1d07e13-fba7-421e-90fa-c7d02cfb4ed9@group-8E737069DD2C-SegmentedRaftLogWorker: flushIndex: setUnconditionally 0 -> -1
2019-09-26 13:29:16,606 [pool-87-thread-1] INFO  server.RaftServerConfigKeys (ConfUtils.java:logGet(43)) - raft.server.snapshot.auto.trigger.enabled = true (custom)
2019-09-26 13:29:16,606 [pool-87-thread-1] INFO  server.RaftServerConfigKeys (ConfUtils.java:logGet(43)) - raft.server.snapshot.auto.trigger.threshold = 10000 (custom)
2019-09-26 13:29:16,606 [pool-87-thread-1] INFO  server.RaftServerConfigKeys (ConfUtils.java:logGet(43)) - raft.server.snapshot.retention.num.files = 5 (custom)
2019-09-26 13:29:16,606 [pool-87-thread-1] INFO  server.RaftServerConfigKeys (ConfUtils.java:logGet(43)) - raft.server.retrycache.expirytime = 600000ms (custom)
2019-09-26 13:29:16,608 [pool-87-thread-1] INFO  impl.RaftServerImpl (RaftServerImpl.java:start(185)) - e1d07e13-fba7-421e-90fa-c7d02cfb4ed9@group-8E737069DD2C: start as a follower, conf=-1: [e1d07e13-fba7-421e-90fa-c7d02cfb4ed9:192.168.164.238:39231], old=null
2019-09-26 13:29:16,609 [pool-87-thread-1] INFO  impl.RaftServerImpl (RaftServerImpl.java:setRole(174)) - e1d07e13-fba7-421e-90fa-c7d02cfb4ed9@group-8E737069DD2C: changes role from      null to FOLLOWER at term 0 for startAsFollower
2019-09-26 13:29:16,609 [pool-87-thread-1] INFO  impl.RoleInfo (RoleInfo.java:updateAndGet(143)) - e1d07e13-fba7-421e-90fa-c7d02cfb4ed9: start FollowerState
2019-09-26 13:29:16,618 [pool-87-thread-1] INFO  util.JmxRegister (JmxRegister.java:tryRegister(44)) - Successfully registered JMX Bean with object name Ratis:service=RaftServer,group=group-8E737069DD2C,id=e1d07e13-fba7-421e-90fa-c7d02cfb4ed9
2019-09-26 13:29:16,638 [RatisPipelineUtilsThread] INFO  pipeline.PipelineStateManager (PipelineStateManager.java:addPipeline(56)) - Created pipeline Pipeline[ Id: 033893b7-d334-4b25-b093-8e737069dd2c, Nodes: e1d07e13-fba7-421e-90fa-c7d02cfb4ed9{ip: 192.168.164.238, host: pr-hdds-1569-87zkn-1081879488, networkLocation: /default-rack, certSerialId: null}, Type:RATIS, Factor:ONE, State:OPEN]
2019-09-26 13:29:16,639 [RatisPipelineUtilsThread] INFO  pipeline.PipelinePlacementPolicy (PipelinePlacementPolicy.java:meetCriteria(91)) - Pipeline Placement: can't place more pipeline on heavy datanode： 2bceee89-654d-4083-a39a-484f868bd9b7 Heaviness: 6 limit: 5
2019-09-26 13:29:16,639 [RatisPipelineUtilsThread] INFO  pipeline.PipelinePlacementPolicy (PipelinePlacementPolicy.java:meetCriteria(91)) - Pipeline Placement: can't place more pipeline on heavy datanode： 84fdec62-d817-45bb-98fc-971264b4d85b Heaviness: 6 limit: 5
2019-09-26 13:29:16,639 [RatisPipelineUtilsThread] INFO  pipeline.PipelinePlacementPolicy (PipelinePlacementPolicy.java:meetCriteria(91)) - Pipeline Placement: can't place more pipeline on heavy datanode： e1d07e13-fba7-421e-90fa-c7d02cfb4ed9 Heaviness: 6 limit: 5
2019-09-26 13:29:16,639 [RatisPipelineUtilsThread] INFO  pipeline.PipelinePlacementPolicy (PipelinePlacementPolicy.java:meetCriteria(91)) - Pipeline Placement: can't place more pipeline on heavy datanode： 6bbb30bf-68fb-49c7-a700-39ca06a4595f Heaviness: 6 limit: 5
2019-09-26 13:29:16,639 [RatisPipelineUtilsThread] INFO  pipeline.PipelinePlacementPolicy (PipelinePlacementPolicy.java:meetCriteria(91)) - Pipeline Placement: can't place more pipeline on heavy datanode： 921dbd79-5e7d-43e7-a946-6392aa4a26bd Heaviness: 6 limit: 5
2019-09-26 13:29:16,646 [grpc-default-executor-1] INFO  impl.RaftServerProxy (RaftServerProxy.java:addNew(89)) - 281e93f8-a9fe-4958-a33a-388335a7b504: addNew group-282F08F17C99:[281e93f8-a9fe-4958-a33a-388335a7b504:192.168.164.238:40240] returns group-282F08F17C99:java.util.concurrent.CompletableFuture@78b02c38[Not completed]
2019-09-26 13:29:16,647 [pool-67-thread-1] INFO  impl.RaftServerImpl (RaftServerImpl.java:<init>(95)) - 281e93f8-a9fe-4958-a33a-388335a7b504: new RaftServerImpl for group-282F08F17C99:[281e93f8-a9fe-4958-a33a-388335a7b504:192.168.164.238:40240] with ContainerStateMachine:uninitialized
2019-09-26 13:29:16,647 [pool-67-thread-1] INFO  server.RaftServerConfigKeys (ConfUtils.java:logGet(43)) - raft.server.rpc.timeout.min = 5s (custom)
2019-09-26 13:29:16,647 [pool-67-thread-1] INFO  server.RaftServerConfigKeys (ConfUtils.java:logGet(43)) - raft.server.rpc.timeout.max = 5200ms (custom)
2019-09-26 13:29:16,647 [pool-67-thread-1] INFO  server.RaftServerConfigKeys (ConfUtils.java:logGet(43)) - raft.server.rpcslowness.timeout = 120s (custom)
2019-09-26 13:29:16,647 [pool-67-thread-1] INFO  server.RaftServerConfigKeys (ConfUtils.java:logGet(43)) - raft.server.sleep.deviation.threshold = 300 (default)
2019-09-26 13:29:16,647 [pool-67-thread-1] INFO  server.RaftServerConfigKeys (ConfUtils.java:logGet(43)) - raft.server.log.appender.install.snapshot.enabled = false (custom)
2019-09-26 13:29:16,647 [pool-67-thread-1] INFO  impl.RaftServerImpl (ServerState.java:<init>(103)) - 281e93f8-a9fe-4958-a33a-388335a7b504@group-282F08F17C99: ConfigurationManager, init=-1: [281e93f8-a9fe-4958-a33a-388335a7b504:192.168.164.238:40240], old=null, confs=<EMPTY_MAP>
2019-09-26 13:29:16,648 [pool-67-thread-1] INFO  server.RaftServerConfigKeys (ConfUtils.java:logGet(43)) - raft.server.storage.dir = [/workdir/hadoop-ozone/ozonefs/target/test-dir/MiniOzoneClusterImpl-8b6a8972-8eda-4f33-b3cf-a560ba2c5b87/datanode-4/data/ratis] (custom)
2019-09-26 13:29:16,648 [pool-67-thread-1] INFO  storage.RaftStorageDirectory (RaftStorageDirectory.java:analyzeStorage(246)) - The storage directory /workdir/hadoop-ozone/ozonefs/target/test-dir/MiniOzoneClusterImpl-8b6a8972-8eda-4f33-b3cf-a560ba2c5b87/datanode-4/data/ratis/6da73670-2164-4466-b709-282f08f17c99 does not exist. Creating ...
2019-09-26 13:29:16,661 [pool-67-thread-1] INFO  storage.RaftStorageDirectory (RaftStorageDirectory.java:tryLock(328)) - Lock on /workdir/hadoop-ozone/ozonefs/target/test-dir/MiniOzoneClusterImpl-8b6a8972-8eda-4f33-b3cf-a560ba2c5b87/datanode-4/data/ratis/6da73670-2164-4466-b709-282f08f17c99/in_use.lock acquired by nodename 6686@pr-hdds-1569-87zkn-1081879488
2019-09-26 13:29:16,674 [pool-67-thread-1] INFO  storage.RaftStorage (RaftStorage.java:format(72)) - Storage directory /workdir/hadoop-ozone/ozonefs/target/test-dir/MiniOzoneClusterImpl-8b6a8972-8eda-4f33-b3cf-a560ba2c5b87/datanode-4/data/ratis/6da73670-2164-4466-b709-282f08f17c99 has been successfully formatted.
2019-09-26 13:29:16,674 [pool-67-thread-1] INFO  ratis.ContainerStateMachine (ContainerStateMachine.java:loadSnapshot(230)) - group-282F08F17C99: The snapshot info is null. Setting the last applied indexto:(t:0, i:~)
2019-09-26 13:29:16,675 [pool-67-thread-1] INFO  server.RaftServerConfigKeys (ConfUtils.java:logGet(43)) - raft.server.notification.no-leader.timeout = 120s (custom)
2019-09-26 13:29:16,675 [pool-67-thread-1] INFO  server.RaftServerConfigKeys (ConfUtils.java:logGet(43)) - raft.server.log.use.memory = false (default)
2019-09-26 13:29:16,675 [pool-67-thread-1] INFO  server.RaftServerConfigKeys (ConfUtils.java:logGet(43)) - raft.server.log.purge.gap = 1000000 (custom)
2019-09-26 13:29:16,675 [pool-67-thread-1] INFO  server.RaftServerConfigKeys (ConfUtils.java:logGet(43)) - raft.server.log.appender.buffer.byte-limit = 33554432 (custom)
2019-09-26 13:29:16,675 [pool-67-thread-1] INFO  server.RaftServerConfigKeys (ConfUtils.java:logGet(43)) - raft.server.log.segment.size.max = 1048576 (custom)
2019-09-26 13:29:16,675 [pool-67-thread-1] INFO  server.RaftServerConfigKeys (ConfUtils.java:logGet(43)) - raft.server.log.segment.cache.num.max = 2 (custom)
2019-09-26 13:29:16,675 [pool-67-thread-1] INFO  segmented.SegmentedRaftLogWorker (SegmentedRaftLogWorker.java:<init>(172)) - new 281e93f8-a9fe-4958-a33a-388335a7b504@group-282F08F17C99-SegmentedRaftLogWorker for RaftStorage:Storage Directory /workdir/hadoop-ozone/ozonefs/target/test-dir/MiniOzoneClusterImpl-8b6a8972-8eda-4f33-b3cf-a560ba2c5b87/datanode-4/data/ratis/6da73670-2164-4466-b709-282f08f17c99
2019-09-26 13:29:16,676 [pool-67-thread-1] INFO  server.RaftServerConfigKeys (ConfUtils.java:logGet(43)) - raft.server.log.queue.byte-limit = 2147483647 (custom)
2019-09-26 13:29:16,676 [pool-67-thread-1] INFO  server.RaftServerConfigKeys (ConfUtils.java:logGet(43)) - raft.server.log.queue.element-limit = 1024 (custom)
2019-09-26 13:29:16,676 [pool-67-thread-1] INFO  server.RaftServerConfigKeys (ConfUtils.java:logGet(43)) - raft.server.log.segment.size.max = 1048576 (custom)
2019-09-26 13:29:16,676 [pool-67-thread-1] INFO  server.RaftServerConfigKeys (ConfUtils.java:logGet(43)) - raft.server.log.preallocated.size = 16384 (custom)
2019-09-26 13:29:16,676 [pool-67-thread-1] INFO  server.RaftServerConfigKeys (ConfUtils.java:logGet(43)) - raft.server.log.write.buffer.size = 33554432 (custom)
2019-09-26 13:29:16,676 [pool-67-thread-1] INFO  server.RaftServerConfigKeys (ConfUtils.java:logGet(43)) - raft.server.log.force.sync.num = 128 (default)
2019-09-26 13:29:16,676 [pool-67-thread-1] INFO  server.RaftServerConfigKeys (ConfUtils.java:logGet(43)) - raft.server.log.statemachine.data.sync = true (default)
2019-09-26 13:29:16,676 [pool-67-thread-1] INFO  server.RaftServerConfigKeys (ConfUtils.java:logGet(43)) - raft.server.log.statemachine.data.sync.timeout = 10s (default)
2019-09-26 13:29:16,677 [pool-67-thread-1] INFO  server.RaftServerConfigKeys (ConfUtils.java:logGet(43)) - raft.server.log.statemachine.data.sync.timeout.retry = -1 (default)
2019-09-26 13:29:16,677 [pool-67-thread-1] INFO  server.RaftServerConfigKeys (ConfUtils.java:logGet(43)) - raft.server.log.statemachine.data.caching.enabled = true (custom)
2019-09-26 13:29:16,677 [pool-67-thread-1] INFO  segmented.SegmentedRaftLogWorker (SegmentedRaftLogWorker.java:lambda$new$0(132)) - 281e93f8-a9fe-4958-a33a-388335a7b504@group-282F08F17C99-SegmentedRaftLogWorker: flushIndex: setUnconditionally 0 -> -1
2019-09-26 13:29:16,677 [pool-67-thread-1] INFO  server.RaftServerConfigKeys (ConfUtils.java:logGet(43)) - raft.server.snapshot.auto.trigger.enabled = true (custom)
2019-09-26 13:29:16,677 [pool-67-thread-1] INFO  server.RaftServerConfigKeys (ConfUtils.java:logGet(43)) - raft.server.snapshot.auto.trigger.threshold = 10000 (custom)
2019-09-26 13:29:16,678 [pool-67-thread-1] INFO  server.RaftServerConfigKeys (ConfUtils.java:logGet(43)) - raft.server.snapshot.retention.num.files = 5 (custom)
2019-09-26 13:29:16,678 [pool-67-thread-1] INFO  server.RaftServerConfigKeys (ConfUtils.java:logGet(43)) - raft.server.retrycache.expirytime = 600000ms (custom)
2019-09-26 13:29:16,680 [pool-67-thread-1] INFO  impl.RaftServerImpl (RaftServerImpl.java:start(185)) - 281e93f8-a9fe-4958-a33a-388335a7b504@group-282F08F17C99: start as a follower, conf=-1: [281e93f8-a9fe-4958-a33a-388335a7b504:192.168.164.238:40240], old=null
2019-09-26 13:29:16,680 [pool-67-thread-1] INFO  impl.RaftServerImpl (RaftServerImpl.java:setRole(174)) - 281e93f8-a9fe-4958-a33a-388335a7b504@group-282F08F17C99: changes role from      null to FOLLOWER at term 0 for startAsFollower
2019-09-26 13:29:16,680 [pool-67-thread-1] INFO  impl.RoleInfo (RoleInfo.java:updateAndGet(143)) - 281e93f8-a9fe-4958-a33a-388335a7b504: start FollowerState
2019-09-26 13:29:16,681 [pool-67-thread-1] INFO  util.JmxRegister (JmxRegister.java:tryRegister(44)) - Successfully registered JMX Bean with object name Ratis:service=RaftServer,group=group-282F08F17C99,id=281e93f8-a9fe-4958-a33a-388335a7b504
2019-09-26 13:29:16,684 [RatisPipelineUtilsThread] INFO  pipeline.PipelineStateManager (PipelineStateManager.java:addPipeline(56)) - Created pipeline Pipeline[ Id: 6da73670-2164-4466-b709-282f08f17c99, Nodes: 281e93f8-a9fe-4958-a33a-388335a7b504{ip: 192.168.164.238, host: pr-hdds-1569-87zkn-1081879488, networkLocation: /default-rack, certSerialId: null}, Type:RATIS, Factor:ONE, State:OPEN]
2019-09-26 13:29:16,684 [RatisPipelineUtilsThread] INFO  pipeline.PipelinePlacementPolicy (PipelinePlacementPolicy.java:meetCriteria(91)) - Pipeline Placement: can't place more pipeline on heavy datanode： 2bceee89-654d-4083-a39a-484f868bd9b7 Heaviness: 6 limit: 5
2019-09-26 13:29:16,684 [RatisPipelineUtilsThread] INFO  pipeline.PipelinePlacementPolicy (PipelinePlacementPolicy.java:meetCriteria(91)) - Pipeline Placement: can't place more pipeline on heavy datanode： 84fdec62-d817-45bb-98fc-971264b4d85b Heaviness: 6 limit: 5
2019-09-26 13:29:16,684 [RatisPipelineUtilsThread] INFO  pipeline.PipelinePlacementPolicy (PipelinePlacementPolicy.java:meetCriteria(91)) - Pipeline Placement: can't place more pipeline on heavy datanode： e1d07e13-fba7-421e-90fa-c7d02cfb4ed9 Heaviness: 6 limit: 5
2019-09-26 13:29:16,684 [RatisPipelineUtilsThread] INFO  pipeline.PipelinePlacementPolicy (PipelinePlacementPolicy.java:meetCriteria(91)) - Pipeline Placement: can't place more pipeline on heavy datanode： 6bbb30bf-68fb-49c7-a700-39ca06a4595f Heaviness: 6 limit: 5
2019-09-26 13:29:16,684 [RatisPipelineUtilsThread] INFO  pipeline.PipelinePlacementPolicy (PipelinePlacementPolicy.java:meetCriteria(91)) - Pipeline Placement: can't place more pipeline on heavy datanode： 921dbd79-5e7d-43e7-a946-6392aa4a26bd Heaviness: 6 limit: 5
2019-09-26 13:29:16,690 [grpc-default-executor-1] INFO  impl.RaftServerProxy (RaftServerProxy.java:addNew(89)) - 281e93f8-a9fe-4958-a33a-388335a7b504: addNew group-E351CDDE0157:[281e93f8-a9fe-4958-a33a-388335a7b504:192.168.164.238:40240] returns group-E351CDDE0157:java.util.concurrent.CompletableFuture@601d6d5d[Not completed]
2019-09-26 13:29:16,691 [pool-67-thread-1] INFO  impl.RaftServerImpl (RaftServerImpl.java:<init>(95)) - 281e93f8-a9fe-4958-a33a-388335a7b504: new RaftServerImpl for group-E351CDDE0157:[281e93f8-a9fe-4958-a33a-388335a7b504:192.168.164.238:40240] with ContainerStateMachine:uninitialized
2019-09-26 13:29:16,691 [pool-67-thread-1] INFO  server.RaftServerConfigKeys (ConfUtils.java:logGet(43)) - raft.server.rpc.timeout.min = 5s (custom)
2019-09-26 13:29:16,691 [pool-67-thread-1] INFO  server.RaftServerConfigKeys (ConfUtils.java:logGet(43)) - raft.server.rpc.timeout.max = 5200ms (custom)
2019-09-26 13:29:16,691 [pool-67-thread-1] INFO  server.RaftServerConfigKeys (ConfUtils.java:logGet(43)) - raft.server.rpcslowness.timeout = 120s (custom)
2019-09-26 13:29:16,692 [pool-67-thread-1] INFO  server.RaftServerConfigKeys (ConfUtils.java:logGet(43)) - raft.server.sleep.deviation.threshold = 300 (default)
2019-09-26 13:29:16,692 [pool-67-thread-1] INFO  server.RaftServerConfigKeys (ConfUtils.java:logGet(43)) - raft.server.log.appender.install.snapshot.enabled = false (custom)
2019-09-26 13:29:16,692 [pool-67-thread-1] INFO  impl.RaftServerImpl (ServerState.java:<init>(103)) - 281e93f8-a9fe-4958-a33a-388335a7b504@group-E351CDDE0157: ConfigurationManager, init=-1: [281e93f8-a9fe-4958-a33a-388335a7b504:192.168.164.238:40240], old=null, confs=<EMPTY_MAP>
2019-09-26 13:29:16,692 [pool-67-thread-1] INFO  server.RaftServerConfigKeys (ConfUtils.java:logGet(43)) - raft.server.storage.dir = [/workdir/hadoop-ozone/ozonefs/target/test-dir/MiniOzoneClusterImpl-8b6a8972-8eda-4f33-b3cf-a560ba2c5b87/datanode-4/data/ratis] (custom)
2019-09-26 13:29:16,692 [pool-67-thread-1] INFO  storage.RaftStorageDirectory (RaftStorageDirectory.java:analyzeStorage(246)) - The storage directory /workdir/hadoop-ozone/ozonefs/target/test-dir/MiniOzoneClusterImpl-8b6a8972-8eda-4f33-b3cf-a560ba2c5b87/datanode-4/data/ratis/1a3427c7-9118-4417-830f-e351cdde0157 does not exist. Creating ...
2019-09-26 13:29:16,705 [pool-67-thread-1] INFO  storage.RaftStorageDirectory (RaftStorageDirectory.java:tryLock(328)) - Lock on /workdir/hadoop-ozone/ozonefs/target/test-dir/MiniOzoneClusterImpl-8b6a8972-8eda-4f33-b3cf-a560ba2c5b87/datanode-4/data/ratis/1a3427c7-9118-4417-830f-e351cdde0157/in_use.lock acquired by nodename 6686@pr-hdds-1569-87zkn-1081879488
2019-09-26 13:29:16,718 [pool-67-thread-1] INFO  storage.RaftStorage (RaftStorage.java:format(72)) - Storage directory /workdir/hadoop-ozone/ozonefs/target/test-dir/MiniOzoneClusterImpl-8b6a8972-8eda-4f33-b3cf-a560ba2c5b87/datanode-4/data/ratis/1a3427c7-9118-4417-830f-e351cdde0157 has been successfully formatted.
2019-09-26 13:29:16,718 [pool-67-thread-1] INFO  ratis.ContainerStateMachine (ContainerStateMachine.java:loadSnapshot(230)) - group-E351CDDE0157: The snapshot info is null. Setting the last applied indexto:(t:0, i:~)
2019-09-26 13:29:16,718 [pool-67-thread-1] INFO  server.RaftServerConfigKeys (ConfUtils.java:logGet(43)) - raft.server.notification.no-leader.timeout = 120s (custom)
2019-09-26 13:29:16,718 [pool-67-thread-1] INFO  server.RaftServerConfigKeys (ConfUtils.java:logGet(43)) - raft.server.log.use.memory = false (default)
2019-09-26 13:29:16,718 [pool-67-thread-1] INFO  server.RaftServerConfigKeys (ConfUtils.java:logGet(43)) - raft.server.log.purge.gap = 1000000 (custom)
2019-09-26 13:29:16,718 [pool-67-thread-1] INFO  server.RaftServerConfigKeys (ConfUtils.java:logGet(43)) - raft.server.log.appender.buffer.byte-limit = 33554432 (custom)
2019-09-26 13:29:16,719 [pool-67-thread-1] INFO  server.RaftServerConfigKeys (ConfUtils.java:logGet(43)) - raft.server.log.segment.size.max = 1048576 (custom)
2019-09-26 13:29:16,719 [pool-67-thread-1] INFO  server.RaftServerConfigKeys (ConfUtils.java:logGet(43)) - raft.server.log.segment.cache.num.max = 2 (custom)
2019-09-26 13:29:16,719 [pool-67-thread-1] INFO  segmented.SegmentedRaftLogWorker (SegmentedRaftLogWorker.java:<init>(172)) - new 281e93f8-a9fe-4958-a33a-388335a7b504@group-E351CDDE0157-SegmentedRaftLogWorker for RaftStorage:Storage Directory /workdir/hadoop-ozone/ozonefs/target/test-dir/MiniOzoneClusterImpl-8b6a8972-8eda-4f33-b3cf-a560ba2c5b87/datanode-4/data/ratis/1a3427c7-9118-4417-830f-e351cdde0157
2019-09-26 13:29:16,719 [pool-67-thread-1] INFO  server.RaftServerConfigKeys (ConfUtils.java:logGet(43)) - raft.server.log.queue.byte-limit = 2147483647 (custom)
2019-09-26 13:29:16,719 [pool-67-thread-1] INFO  server.RaftServerConfigKeys (ConfUtils.java:logGet(43)) - raft.server.log.queue.element-limit = 1024 (custom)
2019-09-26 13:29:16,719 [pool-67-thread-1] INFO  server.RaftServerConfigKeys (ConfUtils.java:logGet(43)) - raft.server.log.segment.size.max = 1048576 (custom)
2019-09-26 13:29:16,720 [pool-67-thread-1] INFO  server.RaftServerConfigKeys (ConfUtils.java:logGet(43)) - raft.server.log.preallocated.size = 16384 (custom)
2019-09-26 13:29:16,720 [pool-67-thread-1] INFO  server.RaftServerConfigKeys (ConfUtils.java:logGet(43)) - raft.server.log.write.buffer.size = 33554432 (custom)
2019-09-26 13:29:16,720 [pool-67-thread-1] INFO  server.RaftServerConfigKeys (ConfUtils.java:logGet(43)) - raft.server.log.force.sync.num = 128 (default)
2019-09-26 13:29:16,720 [pool-67-thread-1] INFO  server.RaftServerConfigKeys (ConfUtils.java:logGet(43)) - raft.server.log.statemachine.data.sync = true (default)
2019-09-26 13:29:16,720 [pool-67-thread-1] INFO  server.RaftServerConfigKeys (ConfUtils.java:logGet(43)) - raft.server.log.statemachine.data.sync.timeout = 10s (default)
2019-09-26 13:29:16,720 [pool-67-thread-1] INFO  server.RaftServerConfigKeys (ConfUtils.java:logGet(43)) - raft.server.log.statemachine.data.sync.timeout.retry = -1 (default)
2019-09-26 13:29:16,720 [pool-67-thread-1] INFO  server.RaftServerConfigKeys (ConfUtils.java:logGet(43)) - raft.server.log.statemachine.data.caching.enabled = true (custom)
2019-09-26 13:29:16,721 [pool-67-thread-1] INFO  segmented.SegmentedRaftLogWorker (SegmentedRaftLogWorker.java:lambda$new$0(132)) - 281e93f8-a9fe-4958-a33a-388335a7b504@group-E351CDDE0157-SegmentedRaftLogWorker: flushIndex: setUnconditionally 0 -> -1
2019-09-26 13:29:16,721 [pool-67-thread-1] INFO  server.RaftServerConfigKeys (ConfUtils.java:logGet(43)) - raft.server.snapshot.auto.trigger.enabled = true (custom)
2019-09-26 13:29:16,721 [pool-67-thread-1] INFO  server.RaftServerConfigKeys (ConfUtils.java:logGet(43)) - raft.server.snapshot.auto.trigger.threshold = 10000 (custom)
2019-09-26 13:29:16,721 [pool-67-thread-1] INFO  server.RaftServerConfigKeys (ConfUtils.java:logGet(43)) - raft.server.snapshot.retention.num.files = 5 (custom)
2019-09-26 13:29:16,721 [pool-67-thread-1] INFO  server.RaftServerConfigKeys (ConfUtils.java:logGet(43)) - raft.server.retrycache.expirytime = 600000ms (custom)
2019-09-26 13:29:16,724 [pool-67-thread-1] INFO  impl.RaftServerImpl (RaftServerImpl.java:start(185)) - 281e93f8-a9fe-4958-a33a-388335a7b504@group-E351CDDE0157: start as a follower, conf=-1: [281e93f8-a9fe-4958-a33a-388335a7b504:192.168.164.238:40240], old=null
2019-09-26 13:29:16,724 [pool-67-thread-1] INFO  impl.RaftServerImpl (RaftServerImpl.java:setRole(174)) - 281e93f8-a9fe-4958-a33a-388335a7b504@group-E351CDDE0157: changes role from      null to FOLLOWER at term 0 for startAsFollower
2019-09-26 13:29:16,724 [pool-67-thread-1] INFO  impl.RoleInfo (RoleInfo.java:updateAndGet(143)) - 281e93f8-a9fe-4958-a33a-388335a7b504: start FollowerState
2019-09-26 13:29:16,724 [pool-67-thread-1] INFO  util.JmxRegister (JmxRegister.java:tryRegister(44)) - Successfully registered JMX Bean with object name Ratis:service=RaftServer,group=group-E351CDDE0157,id=281e93f8-a9fe-4958-a33a-388335a7b504
2019-09-26 13:29:16,727 [RatisPipelineUtilsThread] INFO  pipeline.PipelineStateManager (PipelineStateManager.java:addPipeline(56)) - Created pipeline Pipeline[ Id: 1a3427c7-9118-4417-830f-e351cdde0157, Nodes: 281e93f8-a9fe-4958-a33a-388335a7b504{ip: 192.168.164.238, host: pr-hdds-1569-87zkn-1081879488, networkLocation: /default-rack, certSerialId: null}, Type:RATIS, Factor:ONE, State:OPEN]
2019-09-26 13:29:16,727 [RatisPipelineUtilsThread] INFO  pipeline.PipelinePlacementPolicy (PipelinePlacementPolicy.java:meetCriteria(91)) - Pipeline Placement: can't place more pipeline on heavy datanode： 2bceee89-654d-4083-a39a-484f868bd9b7 Heaviness: 6 limit: 5
2019-09-26 13:29:16,727 [RatisPipelineUtilsThread] INFO  pipeline.PipelinePlacementPolicy (PipelinePlacementPolicy.java:meetCriteria(91)) - Pipeline Placement: can't place more pipeline on heavy datanode： 84fdec62-d817-45bb-98fc-971264b4d85b Heaviness: 6 limit: 5
2019-09-26 13:29:16,727 [RatisPipelineUtilsThread] INFO  pipeline.PipelinePlacementPolicy (PipelinePlacementPolicy.java:meetCriteria(91)) - Pipeline Placement: can't place more pipeline on heavy datanode： e1d07e13-fba7-421e-90fa-c7d02cfb4ed9 Heaviness: 6 limit: 5
2019-09-26 13:29:16,727 [RatisPipelineUtilsThread] INFO  pipeline.PipelinePlacementPolicy (PipelinePlacementPolicy.java:meetCriteria(91)) - Pipeline Placement: can't place more pipeline on heavy datanode： 6bbb30bf-68fb-49c7-a700-39ca06a4595f Heaviness: 6 limit: 5
2019-09-26 13:29:16,728 [RatisPipelineUtilsThread] INFO  pipeline.PipelinePlacementPolicy (PipelinePlacementPolicy.java:meetCriteria(91)) - Pipeline Placement: can't place more pipeline on heavy datanode： 921dbd79-5e7d-43e7-a946-6392aa4a26bd Heaviness: 6 limit: 5
2019-09-26 13:29:16,733 [grpc-default-executor-1] INFO  impl.RaftServerProxy (RaftServerProxy.java:addNew(89)) - 1987c896-e32f-4a06-ac9a-08216b278c2b: addNew group-717E123B46EF:[1987c896-e32f-4a06-ac9a-08216b278c2b:192.168.164.238:46271] returns group-717E123B46EF:java.util.concurrent.CompletableFuture@7e23b4b2[Not completed]
2019-09-26 13:29:16,734 [pool-77-thread-1] INFO  impl.RaftServerImpl (RaftServerImpl.java:<init>(95)) - 1987c896-e32f-4a06-ac9a-08216b278c2b: new RaftServerImpl for group-717E123B46EF:[1987c896-e32f-4a06-ac9a-08216b278c2b:192.168.164.238:46271] with ContainerStateMachine:uninitialized
2019-09-26 13:29:16,735 [pool-77-thread-1] INFO  server.RaftServerConfigKeys (ConfUtils.java:logGet(43)) - raft.server.rpc.timeout.min = 5s (custom)
2019-09-26 13:29:16,735 [pool-77-thread-1] INFO  server.RaftServerConfigKeys (ConfUtils.java:logGet(43)) - raft.server.rpc.timeout.max = 5200ms (custom)
2019-09-26 13:29:16,735 [pool-77-thread-1] INFO  server.RaftServerConfigKeys (ConfUtils.java:logGet(43)) - raft.server.rpcslowness.timeout = 120s (custom)
2019-09-26 13:29:16,735 [pool-77-thread-1] INFO  server.RaftServerConfigKeys (ConfUtils.java:logGet(43)) - raft.server.sleep.deviation.threshold = 300 (default)
2019-09-26 13:29:16,735 [pool-77-thread-1] INFO  server.RaftServerConfigKeys (ConfUtils.java:logGet(43)) - raft.server.log.appender.install.snapshot.enabled = false (custom)
2019-09-26 13:29:16,735 [pool-77-thread-1] INFO  impl.RaftServerImpl (ServerState.java:<init>(103)) - 1987c896-e32f-4a06-ac9a-08216b278c2b@group-717E123B46EF: ConfigurationManager, init=-1: [1987c896-e32f-4a06-ac9a-08216b278c2b:192.168.164.238:46271], old=null, confs=<EMPTY_MAP>
2019-09-26 13:29:16,735 [pool-77-thread-1] INFO  server.RaftServerConfigKeys (ConfUtils.java:logGet(43)) - raft.server.storage.dir = [/workdir/hadoop-ozone/ozonefs/target/test-dir/MiniOzoneClusterImpl-8b6a8972-8eda-4f33-b3cf-a560ba2c5b87/datanode-5/data/ratis] (custom)
2019-09-26 13:29:16,736 [pool-77-thread-1] INFO  storage.RaftStorageDirectory (RaftStorageDirectory.java:analyzeStorage(246)) - The storage directory /workdir/hadoop-ozone/ozonefs/target/test-dir/MiniOzoneClusterImpl-8b6a8972-8eda-4f33-b3cf-a560ba2c5b87/datanode-5/data/ratis/f766d7ea-1831-4fda-9044-717e123b46ef does not exist. Creating ...
2019-09-26 13:29:16,749 [pool-77-thread-1] INFO  storage.RaftStorageDirectory (RaftStorageDirectory.java:tryLock(328)) - Lock on /workdir/hadoop-ozone/ozonefs/target/test-dir/MiniOzoneClusterImpl-8b6a8972-8eda-4f33-b3cf-a560ba2c5b87/datanode-5/data/ratis/f766d7ea-1831-4fda-9044-717e123b46ef/in_use.lock acquired by nodename 6686@pr-hdds-1569-87zkn-1081879488
2019-09-26 13:29:16,762 [pool-77-thread-1] INFO  storage.RaftStorage (RaftStorage.java:format(72)) - Storage directory /workdir/hadoop-ozone/ozonefs/target/test-dir/MiniOzoneClusterImpl-8b6a8972-8eda-4f33-b3cf-a560ba2c5b87/datanode-5/data/ratis/f766d7ea-1831-4fda-9044-717e123b46ef has been successfully formatted.
2019-09-26 13:29:16,762 [pool-77-thread-1] INFO  ratis.ContainerStateMachine (ContainerStateMachine.java:loadSnapshot(230)) - group-717E123B46EF: The snapshot info is null. Setting the last applied indexto:(t:0, i:~)
2019-09-26 13:29:16,762 [pool-77-thread-1] INFO  server.RaftServerConfigKeys (ConfUtils.java:logGet(43)) - raft.server.notification.no-leader.timeout = 120s (custom)
2019-09-26 13:29:16,762 [pool-77-thread-1] INFO  server.RaftServerConfigKeys (ConfUtils.java:logGet(43)) - raft.server.log.use.memory = false (default)
2019-09-26 13:29:16,763 [pool-77-thread-1] INFO  server.RaftServerConfigKeys (ConfUtils.java:logGet(43)) - raft.server.log.purge.gap = 1000000 (custom)
2019-09-26 13:29:16,763 [pool-77-thread-1] INFO  server.RaftServerConfigKeys (ConfUtils.java:logGet(43)) - raft.server.log.appender.buffer.byte-limit = 33554432 (custom)
2019-09-26 13:29:16,763 [pool-77-thread-1] INFO  server.RaftServerConfigKeys (ConfUtils.java:logGet(43)) - raft.server.log.segment.size.max = 1048576 (custom)
2019-09-26 13:29:16,763 [pool-77-thread-1] INFO  server.RaftServerConfigKeys (ConfUtils.java:logGet(43)) - raft.server.log.segment.cache.num.max = 2 (custom)
2019-09-26 13:29:16,763 [pool-77-thread-1] INFO  segmented.SegmentedRaftLogWorker (SegmentedRaftLogWorker.java:<init>(172)) - new 1987c896-e32f-4a06-ac9a-08216b278c2b@group-717E123B46EF-SegmentedRaftLogWorker for RaftStorage:Storage Directory /workdir/hadoop-ozone/ozonefs/target/test-dir/MiniOzoneClusterImpl-8b6a8972-8eda-4f33-b3cf-a560ba2c5b87/datanode-5/data/ratis/f766d7ea-1831-4fda-9044-717e123b46ef
2019-09-26 13:29:16,763 [pool-77-thread-1] INFO  server.RaftServerConfigKeys (ConfUtils.java:logGet(43)) - raft.server.log.queue.byte-limit = 2147483647 (custom)
2019-09-26 13:29:16,763 [pool-77-thread-1] INFO  server.RaftServerConfigKeys (ConfUtils.java:logGet(43)) - raft.server.log.queue.element-limit = 1024 (custom)
2019-09-26 13:29:16,764 [pool-77-thread-1] INFO  server.RaftServerConfigKeys (ConfUtils.java:logGet(43)) - raft.server.log.segment.size.max = 1048576 (custom)
2019-09-26 13:29:16,764 [pool-77-thread-1] INFO  server.RaftServerConfigKeys (ConfUtils.java:logGet(43)) - raft.server.log.preallocated.size = 16384 (custom)
2019-09-26 13:29:16,764 [pool-77-thread-1] INFO  server.RaftServerConfigKeys (ConfUtils.java:logGet(43)) - raft.server.log.write.buffer.size = 33554432 (custom)
2019-09-26 13:29:16,764 [pool-77-thread-1] INFO  server.RaftServerConfigKeys (ConfUtils.java:logGet(43)) - raft.server.log.force.sync.num = 128 (default)
2019-09-26 13:29:16,764 [pool-77-thread-1] INFO  server.RaftServerConfigKeys (ConfUtils.java:logGet(43)) - raft.server.log.statemachine.data.sync = true (default)
2019-09-26 13:29:16,764 [pool-77-thread-1] INFO  server.RaftServerConfigKeys (ConfUtils.java:logGet(43)) - raft.server.log.statemachine.data.sync.timeout = 10s (default)
2019-09-26 13:29:16,764 [pool-77-thread-1] INFO  server.RaftServerConfigKeys (ConfUtils.java:logGet(43)) - raft.server.log.statemachine.data.sync.timeout.retry = -1 (default)
2019-09-26 13:29:16,765 [pool-77-thread-1] INFO  server.RaftServerConfigKeys (ConfUtils.java:logGet(43)) - raft.server.log.statemachine.data.caching.enabled = true (custom)
2019-09-26 13:29:16,765 [pool-77-thread-1] INFO  segmented.SegmentedRaftLogWorker (SegmentedRaftLogWorker.java:lambda$new$0(132)) - 1987c896-e32f-4a06-ac9a-08216b278c2b@group-717E123B46EF-SegmentedRaftLogWorker: flushIndex: setUnconditionally 0 -> -1
2019-09-26 13:29:16,765 [pool-77-thread-1] INFO  server.RaftServerConfigKeys (ConfUtils.java:logGet(43)) - raft.server.snapshot.auto.trigger.enabled = true (custom)
2019-09-26 13:29:16,765 [pool-77-thread-1] INFO  server.RaftServerConfigKeys (ConfUtils.java:logGet(43)) - raft.server.snapshot.auto.trigger.threshold = 10000 (custom)
2019-09-26 13:29:16,766 [pool-77-thread-1] INFO  server.RaftServerConfigKeys (ConfUtils.java:logGet(43)) - raft.server.snapshot.retention.num.files = 5 (custom)
2019-09-26 13:29:16,766 [pool-77-thread-1] INFO  server.RaftServerConfigKeys (ConfUtils.java:logGet(43)) - raft.server.retrycache.expirytime = 600000ms (custom)
2019-09-26 13:29:16,768 [pool-77-thread-1] INFO  impl.RaftServerImpl (RaftServerImpl.java:start(185)) - 1987c896-e32f-4a06-ac9a-08216b278c2b@group-717E123B46EF: start as a follower, conf=-1: [1987c896-e32f-4a06-ac9a-08216b278c2b:192.168.164.238:46271], old=null
2019-09-26 13:29:16,768 [pool-77-thread-1] INFO  impl.RaftServerImpl (RaftServerImpl.java:setRole(174)) - 1987c896-e32f-4a06-ac9a-08216b278c2b@group-717E123B46EF: changes role from      null to FOLLOWER at term 0 for startAsFollower
2019-09-26 13:29:16,768 [pool-77-thread-1] INFO  impl.RoleInfo (RoleInfo.java:updateAndGet(143)) - 1987c896-e32f-4a06-ac9a-08216b278c2b: start FollowerState
2019-09-26 13:29:16,769 [pool-77-thread-1] INFO  util.JmxRegister (JmxRegister.java:tryRegister(44)) - Successfully registered JMX Bean with object name Ratis:service=RaftServer,group=group-717E123B46EF,id=1987c896-e32f-4a06-ac9a-08216b278c2b
2019-09-26 13:29:16,772 [RatisPipelineUtilsThread] INFO  pipeline.PipelineStateManager (PipelineStateManager.java:addPipeline(56)) - Created pipeline Pipeline[ Id: f766d7ea-1831-4fda-9044-717e123b46ef, Nodes: 1987c896-e32f-4a06-ac9a-08216b278c2b{ip: 192.168.164.238, host: pr-hdds-1569-87zkn-1081879488, networkLocation: /default-rack, certSerialId: null}, Type:RATIS, Factor:ONE, State:OPEN]
2019-09-26 13:29:16,772 [RatisPipelineUtilsThread] INFO  pipeline.PipelinePlacementPolicy (PipelinePlacementPolicy.java:meetCriteria(91)) - Pipeline Placement: can't place more pipeline on heavy datanode： 2bceee89-654d-4083-a39a-484f868bd9b7 Heaviness: 6 limit: 5
2019-09-26 13:29:16,773 [RatisPipelineUtilsThread] INFO  pipeline.PipelinePlacementPolicy (PipelinePlacementPolicy.java:meetCriteria(91)) - Pipeline Placement: can't place more pipeline on heavy datanode： 84fdec62-d817-45bb-98fc-971264b4d85b Heaviness: 6 limit: 5
2019-09-26 13:29:16,773 [RatisPipelineUtilsThread] INFO  pipeline.PipelinePlacementPolicy (PipelinePlacementPolicy.java:meetCriteria(91)) - Pipeline Placement: can't place more pipeline on heavy datanode： e1d07e13-fba7-421e-90fa-c7d02cfb4ed9 Heaviness: 6 limit: 5
2019-09-26 13:29:16,773 [RatisPipelineUtilsThread] INFO  pipeline.PipelinePlacementPolicy (PipelinePlacementPolicy.java:meetCriteria(91)) - Pipeline Placement: can't place more pipeline on heavy datanode： 6bbb30bf-68fb-49c7-a700-39ca06a4595f Heaviness: 6 limit: 5
2019-09-26 13:29:16,773 [RatisPipelineUtilsThread] INFO  pipeline.PipelinePlacementPolicy (PipelinePlacementPolicy.java:meetCriteria(91)) - Pipeline Placement: can't place more pipeline on heavy datanode： 921dbd79-5e7d-43e7-a946-6392aa4a26bd Heaviness: 6 limit: 5
2019-09-26 13:29:16,778 [grpc-default-executor-1] INFO  impl.RaftServerProxy (RaftServerProxy.java:addNew(89)) - 84b4f0f2-647b-40e2-8663-a3f3ce0b3f80: addNew group-964297757CD6:[84b4f0f2-647b-40e2-8663-a3f3ce0b3f80:192.168.164.238:46549] returns group-964297757CD6:java.util.concurrent.CompletableFuture@5dae747a[Not completed]
2019-09-26 13:29:16,779 [pool-107-thread-1] INFO  impl.RaftServerImpl (RaftServerImpl.java:<init>(95)) - 84b4f0f2-647b-40e2-8663-a3f3ce0b3f80: new RaftServerImpl for group-964297757CD6:[84b4f0f2-647b-40e2-8663-a3f3ce0b3f80:192.168.164.238:46549] with ContainerStateMachine:uninitialized
2019-09-26 13:29:16,779 [pool-107-thread-1] INFO  server.RaftServerConfigKeys (ConfUtils.java:logGet(43)) - raft.server.rpc.timeout.min = 5s (custom)
2019-09-26 13:29:16,779 [pool-107-thread-1] INFO  server.RaftServerConfigKeys (ConfUtils.java:logGet(43)) - raft.server.rpc.timeout.max = 5200ms (custom)
2019-09-26 13:29:16,780 [pool-107-thread-1] INFO  server.RaftServerConfigKeys (ConfUtils.java:logGet(43)) - raft.server.rpcslowness.timeout = 120s (custom)
2019-09-26 13:29:16,780 [pool-107-thread-1] INFO  server.RaftServerConfigKeys (ConfUtils.java:logGet(43)) - raft.server.sleep.deviation.threshold = 300 (default)
2019-09-26 13:29:16,780 [pool-107-thread-1] INFO  server.RaftServerConfigKeys (ConfUtils.java:logGet(43)) - raft.server.log.appender.install.snapshot.enabled = false (custom)
2019-09-26 13:29:16,780 [pool-107-thread-1] INFO  impl.RaftServerImpl (ServerState.java:<init>(103)) - 84b4f0f2-647b-40e2-8663-a3f3ce0b3f80@group-964297757CD6: ConfigurationManager, init=-1: [84b4f0f2-647b-40e2-8663-a3f3ce0b3f80:192.168.164.238:46549], old=null, confs=<EMPTY_MAP>
2019-09-26 13:29:16,780 [pool-107-thread-1] INFO  server.RaftServerConfigKeys (ConfUtils.java:logGet(43)) - raft.server.storage.dir = [/workdir/hadoop-ozone/ozonefs/target/test-dir/MiniOzoneClusterImpl-8b6a8972-8eda-4f33-b3cf-a560ba2c5b87/datanode-8/data/ratis] (custom)
2019-09-26 13:29:16,780 [pool-107-thread-1] INFO  storage.RaftStorageDirectory (RaftStorageDirectory.java:analyzeStorage(246)) - The storage directory /workdir/hadoop-ozone/ozonefs/target/test-dir/MiniOzoneClusterImpl-8b6a8972-8eda-4f33-b3cf-a560ba2c5b87/datanode-8/data/ratis/461f395d-12d1-495a-91a4-964297757cd6 does not exist. Creating ...
2019-09-26 13:29:16,787 [pool-107-thread-1] INFO  storage.RaftStorageDirectory (RaftStorageDirectory.java:tryLock(328)) - Lock on /workdir/hadoop-ozone/ozonefs/target/test-dir/MiniOzoneClusterImpl-8b6a8972-8eda-4f33-b3cf-a560ba2c5b87/datanode-8/data/ratis/461f395d-12d1-495a-91a4-964297757cd6/in_use.lock acquired by nodename 6686@pr-hdds-1569-87zkn-1081879488
2019-09-26 13:29:16,800 [pool-107-thread-1] INFO  storage.RaftStorage (RaftStorage.java:format(72)) - Storage directory /workdir/hadoop-ozone/ozonefs/target/test-dir/MiniOzoneClusterImpl-8b6a8972-8eda-4f33-b3cf-a560ba2c5b87/datanode-8/data/ratis/461f395d-12d1-495a-91a4-964297757cd6 has been successfully formatted.
2019-09-26 13:29:16,800 [pool-107-thread-1] INFO  ratis.ContainerStateMachine (ContainerStateMachine.java:loadSnapshot(230)) - group-964297757CD6: The snapshot info is null. Setting the last applied indexto:(t:0, i:~)
2019-09-26 13:29:16,800 [pool-107-thread-1] INFO  server.RaftServerConfigKeys (ConfUtils.java:logGet(43)) - raft.server.notification.no-leader.timeout = 120s (custom)
2019-09-26 13:29:16,800 [pool-107-thread-1] INFO  server.RaftServerConfigKeys (ConfUtils.java:logGet(43)) - raft.server.log.use.memory = false (default)
2019-09-26 13:29:16,801 [pool-107-thread-1] INFO  server.RaftServerConfigKeys (ConfUtils.java:logGet(43)) - raft.server.log.purge.gap = 1000000 (custom)
2019-09-26 13:29:16,801 [pool-107-thread-1] INFO  server.RaftServerConfigKeys (ConfUtils.java:logGet(43)) - raft.server.log.appender.buffer.byte-limit = 33554432 (custom)
2019-09-26 13:29:16,801 [pool-107-thread-1] INFO  server.RaftServerConfigKeys (ConfUtils.java:logGet(43)) - raft.server.log.segment.size.max = 1048576 (custom)
2019-09-26 13:29:16,801 [pool-107-thread-1] INFO  server.RaftServerConfigKeys (ConfUtils.java:logGet(43)) - raft.server.log.segment.cache.num.max = 2 (custom)
2019-09-26 13:29:16,801 [pool-107-thread-1] INFO  segmented.SegmentedRaftLogWorker (SegmentedRaftLogWorker.java:<init>(172)) - new 84b4f0f2-647b-40e2-8663-a3f3ce0b3f80@group-964297757CD6-SegmentedRaftLogWorker for RaftStorage:Storage Directory /workdir/hadoop-ozone/ozonefs/target/test-dir/MiniOzoneClusterImpl-8b6a8972-8eda-4f33-b3cf-a560ba2c5b87/datanode-8/data/ratis/461f395d-12d1-495a-91a4-964297757cd6
2019-09-26 13:29:16,801 [pool-107-thread-1] INFO  server.RaftServerConfigKeys (ConfUtils.java:logGet(43)) - raft.server.log.queue.byte-limit = 2147483647 (custom)
2019-09-26 13:29:16,801 [pool-107-thread-1] INFO  server.RaftServerConfigKeys (ConfUtils.java:logGet(43)) - raft.server.log.queue.element-limit = 1024 (custom)
2019-09-26 13:29:16,802 [pool-107-thread-1] INFO  server.RaftServerConfigKeys (ConfUtils.java:logGet(43)) - raft.server.log.segment.size.max = 1048576 (custom)
2019-09-26 13:29:16,802 [pool-107-thread-1] INFO  server.RaftServerConfigKeys (ConfUtils.java:logGet(43)) - raft.server.log.preallocated.size = 16384 (custom)
2019-09-26 13:29:16,802 [pool-107-thread-1] INFO  server.RaftServerConfigKeys (ConfUtils.java:logGet(43)) - raft.server.log.write.buffer.size = 33554432 (custom)
2019-09-26 13:29:16,802 [pool-107-thread-1] INFO  server.RaftServerConfigKeys (ConfUtils.java:logGet(43)) - raft.server.log.force.sync.num = 128 (default)
2019-09-26 13:29:16,802 [pool-107-thread-1] INFO  server.RaftServerConfigKeys (ConfUtils.java:logGet(43)) - raft.server.log.statemachine.data.sync = true (default)
2019-09-26 13:29:16,802 [pool-107-thread-1] INFO  server.RaftServerConfigKeys (ConfUtils.java:logGet(43)) - raft.server.log.statemachine.data.sync.timeout = 10s (default)
2019-09-26 13:29:16,802 [pool-107-thread-1] INFO  server.RaftServerConfigKeys (ConfUtils.java:logGet(43)) - raft.server.log.statemachine.data.sync.timeout.retry = -1 (default)
2019-09-26 13:29:16,802 [pool-107-thread-1] INFO  server.RaftServerConfigKeys (ConfUtils.java:logGet(43)) - raft.server.log.statemachine.data.caching.enabled = true (custom)
2019-09-26 13:29:16,803 [pool-107-thread-1] INFO  segmented.SegmentedRaftLogWorker (SegmentedRaftLogWorker.java:lambda$new$0(132)) - 84b4f0f2-647b-40e2-8663-a3f3ce0b3f80@group-964297757CD6-SegmentedRaftLogWorker: flushIndex: setUnconditionally 0 -> -1
2019-09-26 13:29:16,803 [pool-107-thread-1] INFO  server.RaftServerConfigKeys (ConfUtils.java:logGet(43)) - raft.server.snapshot.auto.trigger.enabled = true (custom)
2019-09-26 13:29:16,803 [pool-107-thread-1] INFO  server.RaftServerConfigKeys (ConfUtils.java:logGet(43)) - raft.server.snapshot.auto.trigger.threshold = 10000 (custom)
2019-09-26 13:29:16,803 [pool-107-thread-1] INFO  server.RaftServerConfigKeys (ConfUtils.java:logGet(43)) - raft.server.snapshot.retention.num.files = 5 (custom)
2019-09-26 13:29:16,803 [pool-107-thread-1] INFO  server.RaftServerConfigKeys (ConfUtils.java:logGet(43)) - raft.server.retrycache.expirytime = 600000ms (custom)
2019-09-26 13:29:16,805 [pool-107-thread-1] INFO  impl.RaftServerImpl (RaftServerImpl.java:start(185)) - 84b4f0f2-647b-40e2-8663-a3f3ce0b3f80@group-964297757CD6: start as a follower, conf=-1: [84b4f0f2-647b-40e2-8663-a3f3ce0b3f80:192.168.164.238:46549], old=null
2019-09-26 13:29:16,805 [pool-107-thread-1] INFO  impl.RaftServerImpl (RaftServerImpl.java:setRole(174)) - 84b4f0f2-647b-40e2-8663-a3f3ce0b3f80@group-964297757CD6: changes role from      null to FOLLOWER at term 0 for startAsFollower
2019-09-26 13:29:16,806 [pool-107-thread-1] INFO  impl.RoleInfo (RoleInfo.java:updateAndGet(143)) - 84b4f0f2-647b-40e2-8663-a3f3ce0b3f80: start FollowerState
2019-09-26 13:29:16,806 [pool-107-thread-1] INFO  util.JmxRegister (JmxRegister.java:tryRegister(44)) - Successfully registered JMX Bean with object name Ratis:service=RaftServer,group=group-964297757CD6,id=84b4f0f2-647b-40e2-8663-a3f3ce0b3f80
2019-09-26 13:29:16,808 [RatisPipelineUtilsThread] INFO  pipeline.PipelineStateManager (PipelineStateManager.java:addPipeline(56)) - Created pipeline Pipeline[ Id: 461f395d-12d1-495a-91a4-964297757cd6, Nodes: 84b4f0f2-647b-40e2-8663-a3f3ce0b3f80{ip: 192.168.164.238, host: pr-hdds-1569-87zkn-1081879488, networkLocation: /default-rack, certSerialId: null}, Type:RATIS, Factor:ONE, State:OPEN]
2019-09-26 13:29:16,808 [RatisPipelineUtilsThread] INFO  pipeline.PipelinePlacementPolicy (PipelinePlacementPolicy.java:meetCriteria(91)) - Pipeline Placement: can't place more pipeline on heavy datanode： 2bceee89-654d-4083-a39a-484f868bd9b7 Heaviness: 6 limit: 5
2019-09-26 13:29:16,808 [RatisPipelineUtilsThread] INFO  pipeline.PipelinePlacementPolicy (PipelinePlacementPolicy.java:meetCriteria(91)) - Pipeline Placement: can't place more pipeline on heavy datanode： 84fdec62-d817-45bb-98fc-971264b4d85b Heaviness: 6 limit: 5
2019-09-26 13:29:16,809 [RatisPipelineUtilsThread] INFO  pipeline.PipelinePlacementPolicy (PipelinePlacementPolicy.java:meetCriteria(91)) - Pipeline Placement: can't place more pipeline on heavy datanode： e1d07e13-fba7-421e-90fa-c7d02cfb4ed9 Heaviness: 6 limit: 5
2019-09-26 13:29:16,809 [RatisPipelineUtilsThread] INFO  pipeline.PipelinePlacementPolicy (PipelinePlacementPolicy.java:meetCriteria(91)) - Pipeline Placement: can't place more pipeline on heavy datanode： 6bbb30bf-68fb-49c7-a700-39ca06a4595f Heaviness: 6 limit: 5
2019-09-26 13:29:16,809 [RatisPipelineUtilsThread] INFO  pipeline.PipelinePlacementPolicy (PipelinePlacementPolicy.java:meetCriteria(91)) - Pipeline Placement: can't place more pipeline on heavy datanode： 921dbd79-5e7d-43e7-a946-6392aa4a26bd Heaviness: 6 limit: 5
2019-09-26 13:29:16,814 [grpc-default-executor-1] INFO  impl.RaftServerProxy (RaftServerProxy.java:addNew(89)) - 1987c896-e32f-4a06-ac9a-08216b278c2b: addNew group-8C1CA6673E23:[1987c896-e32f-4a06-ac9a-08216b278c2b:192.168.164.238:46271] returns group-8C1CA6673E23:java.util.concurrent.CompletableFuture@6557ab29[Not completed]
2019-09-26 13:29:16,815 [pool-77-thread-1] INFO  impl.RaftServerImpl (RaftServerImpl.java:<init>(95)) - 1987c896-e32f-4a06-ac9a-08216b278c2b: new RaftServerImpl for group-8C1CA6673E23:[1987c896-e32f-4a06-ac9a-08216b278c2b:192.168.164.238:46271] with ContainerStateMachine:uninitialized
2019-09-26 13:29:16,815 [pool-77-thread-1] INFO  server.RaftServerConfigKeys (ConfUtils.java:logGet(43)) - raft.server.rpc.timeout.min = 5s (custom)
2019-09-26 13:29:16,815 [pool-77-thread-1] INFO  server.RaftServerConfigKeys (ConfUtils.java:logGet(43)) - raft.server.rpc.timeout.max = 5200ms (custom)
2019-09-26 13:29:16,815 [pool-77-thread-1] INFO  server.RaftServerConfigKeys (ConfUtils.java:logGet(43)) - raft.server.rpcslowness.timeout = 120s (custom)
2019-09-26 13:29:16,815 [pool-77-thread-1] INFO  server.RaftServerConfigKeys (ConfUtils.java:logGet(43)) - raft.server.sleep.deviation.threshold = 300 (default)
2019-09-26 13:29:16,815 [pool-77-thread-1] INFO  server.RaftServerConfigKeys (ConfUtils.java:logGet(43)) - raft.server.log.appender.install.snapshot.enabled = false (custom)
2019-09-26 13:29:16,815 [pool-77-thread-1] INFO  impl.RaftServerImpl (ServerState.java:<init>(103)) - 1987c896-e32f-4a06-ac9a-08216b278c2b@group-8C1CA6673E23: ConfigurationManager, init=-1: [1987c896-e32f-4a06-ac9a-08216b278c2b:192.168.164.238:46271], old=null, confs=<EMPTY_MAP>
2019-09-26 13:29:16,815 [pool-77-thread-1] INFO  server.RaftServerConfigKeys (ConfUtils.java:logGet(43)) - raft.server.storage.dir = [/workdir/hadoop-ozone/ozonefs/target/test-dir/MiniOzoneClusterImpl-8b6a8972-8eda-4f33-b3cf-a560ba2c5b87/datanode-5/data/ratis] (custom)
2019-09-26 13:29:16,816 [pool-77-thread-1] INFO  storage.RaftStorageDirectory (RaftStorageDirectory.java:analyzeStorage(246)) - The storage directory /workdir/hadoop-ozone/ozonefs/target/test-dir/MiniOzoneClusterImpl-8b6a8972-8eda-4f33-b3cf-a560ba2c5b87/datanode-5/data/ratis/0bf4dd5d-d81f-46d3-af61-8c1ca6673e23 does not exist. Creating ...
2019-09-26 13:29:16,829 [pool-77-thread-1] INFO  storage.RaftStorageDirectory (RaftStorageDirectory.java:tryLock(328)) - Lock on /workdir/hadoop-ozone/ozonefs/target/test-dir/MiniOzoneClusterImpl-8b6a8972-8eda-4f33-b3cf-a560ba2c5b87/datanode-5/data/ratis/0bf4dd5d-d81f-46d3-af61-8c1ca6673e23/in_use.lock acquired by nodename 6686@pr-hdds-1569-87zkn-1081879488
2019-09-26 13:29:16,841 [pool-77-thread-1] INFO  storage.RaftStorage (RaftStorage.java:format(72)) - Storage directory /workdir/hadoop-ozone/ozonefs/target/test-dir/MiniOzoneClusterImpl-8b6a8972-8eda-4f33-b3cf-a560ba2c5b87/datanode-5/data/ratis/0bf4dd5d-d81f-46d3-af61-8c1ca6673e23 has been successfully formatted.
2019-09-26 13:29:16,842 [pool-77-thread-1] INFO  ratis.ContainerStateMachine (ContainerStateMachine.java:loadSnapshot(230)) - group-8C1CA6673E23: The snapshot info is null. Setting the last applied indexto:(t:0, i:~)
2019-09-26 13:29:16,842 [pool-77-thread-1] INFO  server.RaftServerConfigKeys (ConfUtils.java:logGet(43)) - raft.server.notification.no-leader.timeout = 120s (custom)
2019-09-26 13:29:16,842 [pool-77-thread-1] INFO  server.RaftServerConfigKeys (ConfUtils.java:logGet(43)) - raft.server.log.use.memory = false (default)
2019-09-26 13:29:16,842 [pool-77-thread-1] INFO  server.RaftServerConfigKeys (ConfUtils.java:logGet(43)) - raft.server.log.purge.gap = 1000000 (custom)
2019-09-26 13:29:16,842 [pool-77-thread-1] INFO  server.RaftServerConfigKeys (ConfUtils.java:logGet(43)) - raft.server.log.appender.buffer.byte-limit = 33554432 (custom)
2019-09-26 13:29:16,843 [pool-77-thread-1] INFO  server.RaftServerConfigKeys (ConfUtils.java:logGet(43)) - raft.server.log.segment.size.max = 1048576 (custom)
2019-09-26 13:29:16,843 [pool-77-thread-1] INFO  server.RaftServerConfigKeys (ConfUtils.java:logGet(43)) - raft.server.log.segment.cache.num.max = 2 (custom)
2019-09-26 13:29:16,843 [pool-77-thread-1] INFO  segmented.SegmentedRaftLogWorker (SegmentedRaftLogWorker.java:<init>(172)) - new 1987c896-e32f-4a06-ac9a-08216b278c2b@group-8C1CA6673E23-SegmentedRaftLogWorker for RaftStorage:Storage Directory /workdir/hadoop-ozone/ozonefs/target/test-dir/MiniOzoneClusterImpl-8b6a8972-8eda-4f33-b3cf-a560ba2c5b87/datanode-5/data/ratis/0bf4dd5d-d81f-46d3-af61-8c1ca6673e23
2019-09-26 13:29:16,843 [pool-77-thread-1] INFO  server.RaftServerConfigKeys (ConfUtils.java:logGet(43)) - raft.server.log.queue.byte-limit = 2147483647 (custom)
2019-09-26 13:29:16,843 [pool-77-thread-1] INFO  server.RaftServerConfigKeys (ConfUtils.java:logGet(43)) - raft.server.log.queue.element-limit = 1024 (custom)
2019-09-26 13:29:16,843 [pool-77-thread-1] INFO  server.RaftServerConfigKeys (ConfUtils.java:logGet(43)) - raft.server.log.segment.size.max = 1048576 (custom)
2019-09-26 13:29:16,843 [pool-77-thread-1] INFO  server.RaftServerConfigKeys (ConfUtils.java:logGet(43)) - raft.server.log.preallocated.size = 16384 (custom)
2019-09-26 13:29:16,844 [pool-77-thread-1] INFO  server.RaftServerConfigKeys (ConfUtils.java:logGet(43)) - raft.server.log.write.buffer.size = 33554432 (custom)
2019-09-26 13:29:16,844 [pool-77-thread-1] INFO  server.RaftServerConfigKeys (ConfUtils.java:logGet(43)) - raft.server.log.force.sync.num = 128 (default)
2019-09-26 13:29:16,844 [pool-77-thread-1] INFO  server.RaftServerConfigKeys (ConfUtils.java:logGet(43)) - raft.server.log.statemachine.data.sync = true (default)
2019-09-26 13:29:16,844 [pool-77-thread-1] INFO  server.RaftServerConfigKeys (ConfUtils.java:logGet(43)) - raft.server.log.statemachine.data.sync.timeout = 10s (default)
2019-09-26 13:29:16,844 [pool-77-thread-1] INFO  server.RaftServerConfigKeys (ConfUtils.java:logGet(43)) - raft.server.log.statemachine.data.sync.timeout.retry = -1 (default)
2019-09-26 13:29:16,844 [pool-77-thread-1] INFO  server.RaftServerConfigKeys (ConfUtils.java:logGet(43)) - raft.server.log.statemachine.data.caching.enabled = true (custom)
2019-09-26 13:29:16,845 [pool-77-thread-1] INFO  segmented.SegmentedRaftLogWorker (SegmentedRaftLogWorker.java:lambda$new$0(132)) - 1987c896-e32f-4a06-ac9a-08216b278c2b@group-8C1CA6673E23-SegmentedRaftLogWorker: flushIndex: setUnconditionally 0 -> -1
2019-09-26 13:29:16,845 [pool-77-thread-1] INFO  server.RaftServerConfigKeys (ConfUtils.java:logGet(43)) - raft.server.snapshot.auto.trigger.enabled = true (custom)
2019-09-26 13:29:16,846 [pool-77-thread-1] INFO  server.RaftServerConfigKeys (ConfUtils.java:logGet(43)) - raft.server.snapshot.auto.trigger.threshold = 10000 (custom)
2019-09-26 13:29:16,846 [pool-77-thread-1] INFO  server.RaftServerConfigKeys (ConfUtils.java:logGet(43)) - raft.server.snapshot.retention.num.files = 5 (custom)
2019-09-26 13:29:16,846 [pool-77-thread-1] INFO  server.RaftServerConfigKeys (ConfUtils.java:logGet(43)) - raft.server.retrycache.expirytime = 600000ms (custom)
2019-09-26 13:29:16,848 [pool-77-thread-1] INFO  impl.RaftServerImpl (RaftServerImpl.java:start(185)) - 1987c896-e32f-4a06-ac9a-08216b278c2b@group-8C1CA6673E23: start as a follower, conf=-1: [1987c896-e32f-4a06-ac9a-08216b278c2b:192.168.164.238:46271], old=null
2019-09-26 13:29:16,849 [pool-77-thread-1] INFO  impl.RaftServerImpl (RaftServerImpl.java:setRole(174)) - 1987c896-e32f-4a06-ac9a-08216b278c2b@group-8C1CA6673E23: changes role from      null to FOLLOWER at term 0 for startAsFollower
2019-09-26 13:29:16,849 [pool-77-thread-1] INFO  impl.RoleInfo (RoleInfo.java:updateAndGet(143)) - 1987c896-e32f-4a06-ac9a-08216b278c2b: start FollowerState
2019-09-26 13:29:16,849 [pool-77-thread-1] INFO  util.JmxRegister (JmxRegister.java:tryRegister(44)) - Successfully registered JMX Bean with object name Ratis:service=RaftServer,group=group-8C1CA6673E23,id=1987c896-e32f-4a06-ac9a-08216b278c2b
2019-09-26 13:29:16,852 [RatisPipelineUtilsThread] INFO  pipeline.PipelineStateManager (PipelineStateManager.java:addPipeline(56)) - Created pipeline Pipeline[ Id: 0bf4dd5d-d81f-46d3-af61-8c1ca6673e23, Nodes: 1987c896-e32f-4a06-ac9a-08216b278c2b{ip: 192.168.164.238, host: pr-hdds-1569-87zkn-1081879488, networkLocation: /default-rack, certSerialId: null}, Type:RATIS, Factor:ONE, State:OPEN]
2019-09-26 13:29:16,852 [RatisPipelineUtilsThread] INFO  pipeline.PipelinePlacementPolicy (PipelinePlacementPolicy.java:meetCriteria(91)) - Pipeline Placement: can't place more pipeline on heavy datanode： 2bceee89-654d-4083-a39a-484f868bd9b7 Heaviness: 6 limit: 5
2019-09-26 13:29:16,852 [RatisPipelineUtilsThread] INFO  pipeline.PipelinePlacementPolicy (PipelinePlacementPolicy.java:meetCriteria(91)) - Pipeline Placement: can't place more pipeline on heavy datanode： 84fdec62-d817-45bb-98fc-971264b4d85b Heaviness: 6 limit: 5
2019-09-26 13:29:16,852 [RatisPipelineUtilsThread] INFO  pipeline.PipelinePlacementPolicy (PipelinePlacementPolicy.java:meetCriteria(91)) - Pipeline Placement: can't place more pipeline on heavy datanode： e1d07e13-fba7-421e-90fa-c7d02cfb4ed9 Heaviness: 6 limit: 5
2019-09-26 13:29:16,853 [RatisPipelineUtilsThread] INFO  pipeline.PipelinePlacementPolicy (PipelinePlacementPolicy.java:meetCriteria(91)) - Pipeline Placement: can't place more pipeline on heavy datanode： 6bbb30bf-68fb-49c7-a700-39ca06a4595f Heaviness: 6 limit: 5
2019-09-26 13:29:16,853 [RatisPipelineUtilsThread] INFO  pipeline.PipelinePlacementPolicy (PipelinePlacementPolicy.java:meetCriteria(91)) - Pipeline Placement: can't place more pipeline on heavy datanode： 921dbd79-5e7d-43e7-a946-6392aa4a26bd Heaviness: 6 limit: 5
2019-09-26 13:29:16,859 [grpc-default-executor-1] INFO  impl.RaftServerProxy (RaftServerProxy.java:addNew(89)) - 281e93f8-a9fe-4958-a33a-388335a7b504: addNew group-CC8F608B90CB:[281e93f8-a9fe-4958-a33a-388335a7b504:192.168.164.238:40240] returns group-CC8F608B90CB:java.util.concurrent.CompletableFuture@907e78d[Not completed]
2019-09-26 13:29:16,860 [pool-67-thread-1] INFO  impl.RaftServerImpl (RaftServerImpl.java:<init>(95)) - 281e93f8-a9fe-4958-a33a-388335a7b504: new RaftServerImpl for group-CC8F608B90CB:[281e93f8-a9fe-4958-a33a-388335a7b504:192.168.164.238:40240] with ContainerStateMachine:uninitialized
2019-09-26 13:29:16,861 [pool-67-thread-1] INFO  server.RaftServerConfigKeys (ConfUtils.java:logGet(43)) - raft.server.rpc.timeout.min = 5s (custom)
2019-09-26 13:29:16,861 [pool-67-thread-1] INFO  server.RaftServerConfigKeys (ConfUtils.java:logGet(43)) - raft.server.rpc.timeout.max = 5200ms (custom)
2019-09-26 13:29:16,861 [pool-67-thread-1] INFO  server.RaftServerConfigKeys (ConfUtils.java:logGet(43)) - raft.server.rpcslowness.timeout = 120s (custom)
2019-09-26 13:29:16,861 [pool-67-thread-1] INFO  server.RaftServerConfigKeys (ConfUtils.java:logGet(43)) - raft.server.sleep.deviation.threshold = 300 (default)
2019-09-26 13:29:16,861 [pool-67-thread-1] INFO  server.RaftServerConfigKeys (ConfUtils.java:logGet(43)) - raft.server.log.appender.install.snapshot.enabled = false (custom)
2019-09-26 13:29:16,862 [pool-67-thread-1] INFO  impl.RaftServerImpl (ServerState.java:<init>(103)) - 281e93f8-a9fe-4958-a33a-388335a7b504@group-CC8F608B90CB: ConfigurationManager, init=-1: [281e93f8-a9fe-4958-a33a-388335a7b504:192.168.164.238:40240], old=null, confs=<EMPTY_MAP>
2019-09-26 13:29:16,862 [pool-67-thread-1] INFO  server.RaftServerConfigKeys (ConfUtils.java:logGet(43)) - raft.server.storage.dir = [/workdir/hadoop-ozone/ozonefs/target/test-dir/MiniOzoneClusterImpl-8b6a8972-8eda-4f33-b3cf-a560ba2c5b87/datanode-4/data/ratis] (custom)
2019-09-26 13:29:16,862 [pool-67-thread-1] INFO  storage.RaftStorageDirectory (RaftStorageDirectory.java:analyzeStorage(246)) - The storage directory /workdir/hadoop-ozone/ozonefs/target/test-dir/MiniOzoneClusterImpl-8b6a8972-8eda-4f33-b3cf-a560ba2c5b87/datanode-4/data/ratis/bf9b2855-709f-49f9-b036-cc8f608b90cb does not exist. Creating ...
2019-09-26 13:29:16,875 [pool-67-thread-1] INFO  storage.RaftStorageDirectory (RaftStorageDirectory.java:tryLock(328)) - Lock on /workdir/hadoop-ozone/ozonefs/target/test-dir/MiniOzoneClusterImpl-8b6a8972-8eda-4f33-b3cf-a560ba2c5b87/datanode-4/data/ratis/bf9b2855-709f-49f9-b036-cc8f608b90cb/in_use.lock acquired by nodename 6686@pr-hdds-1569-87zkn-1081879488
2019-09-26 13:29:16,888 [pool-67-thread-1] INFO  storage.RaftStorage (RaftStorage.java:format(72)) - Storage directory /workdir/hadoop-ozone/ozonefs/target/test-dir/MiniOzoneClusterImpl-8b6a8972-8eda-4f33-b3cf-a560ba2c5b87/datanode-4/data/ratis/bf9b2855-709f-49f9-b036-cc8f608b90cb has been successfully formatted.
2019-09-26 13:29:16,888 [pool-67-thread-1] INFO  ratis.ContainerStateMachine (ContainerStateMachine.java:loadSnapshot(230)) - group-CC8F608B90CB: The snapshot info is null. Setting the last applied indexto:(t:0, i:~)
2019-09-26 13:29:16,888 [pool-67-thread-1] INFO  server.RaftServerConfigKeys (ConfUtils.java:logGet(43)) - raft.server.notification.no-leader.timeout = 120s (custom)
2019-09-26 13:29:16,888 [pool-67-thread-1] INFO  server.RaftServerConfigKeys (ConfUtils.java:logGet(43)) - raft.server.log.use.memory = false (default)
2019-09-26 13:29:16,889 [pool-67-thread-1] INFO  server.RaftServerConfigKeys (ConfUtils.java:logGet(43)) - raft.server.log.purge.gap = 1000000 (custom)
2019-09-26 13:29:16,889 [pool-67-thread-1] INFO  server.RaftServerConfigKeys (ConfUtils.java:logGet(43)) - raft.server.log.appender.buffer.byte-limit = 33554432 (custom)
2019-09-26 13:29:16,889 [pool-67-thread-1] INFO  server.RaftServerConfigKeys (ConfUtils.java:logGet(43)) - raft.server.log.segment.size.max = 1048576 (custom)
2019-09-26 13:29:16,889 [pool-67-thread-1] INFO  server.RaftServerConfigKeys (ConfUtils.java:logGet(43)) - raft.server.log.segment.cache.num.max = 2 (custom)
2019-09-26 13:29:16,889 [pool-67-thread-1] INFO  segmented.SegmentedRaftLogWorker (SegmentedRaftLogWorker.java:<init>(172)) - new 281e93f8-a9fe-4958-a33a-388335a7b504@group-CC8F608B90CB-SegmentedRaftLogWorker for RaftStorage:Storage Directory /workdir/hadoop-ozone/ozonefs/target/test-dir/MiniOzoneClusterImpl-8b6a8972-8eda-4f33-b3cf-a560ba2c5b87/datanode-4/data/ratis/bf9b2855-709f-49f9-b036-cc8f608b90cb
2019-09-26 13:29:16,889 [pool-67-thread-1] INFO  server.RaftServerConfigKeys (ConfUtils.java:logGet(43)) - raft.server.log.queue.byte-limit = 2147483647 (custom)
2019-09-26 13:29:16,889 [pool-67-thread-1] INFO  server.RaftServerConfigKeys (ConfUtils.java:logGet(43)) - raft.server.log.queue.element-limit = 1024 (custom)
2019-09-26 13:29:16,889 [pool-67-thread-1] INFO  server.RaftServerConfigKeys (ConfUtils.java:logGet(43)) - raft.server.log.segment.size.max = 1048576 (custom)
2019-09-26 13:29:16,890 [pool-67-thread-1] INFO  server.RaftServerConfigKeys (ConfUtils.java:logGet(43)) - raft.server.log.preallocated.size = 16384 (custom)
2019-09-26 13:29:16,890 [pool-67-thread-1] INFO  server.RaftServerConfigKeys (ConfUtils.java:logGet(43)) - raft.server.log.write.buffer.size = 33554432 (custom)
2019-09-26 13:29:16,890 [pool-67-thread-1] INFO  server.RaftServerConfigKeys (ConfUtils.java:logGet(43)) - raft.server.log.force.sync.num = 128 (default)
2019-09-26 13:29:16,890 [pool-67-thread-1] INFO  server.RaftServerConfigKeys (ConfUtils.java:logGet(43)) - raft.server.log.statemachine.data.sync = true (default)
2019-09-26 13:29:16,890 [pool-67-thread-1] INFO  server.RaftServerConfigKeys (ConfUtils.java:logGet(43)) - raft.server.log.statemachine.data.sync.timeout = 10s (default)
2019-09-26 13:29:16,890 [pool-67-thread-1] INFO  server.RaftServerConfigKeys (ConfUtils.java:logGet(43)) - raft.server.log.statemachine.data.sync.timeout.retry = -1 (default)
2019-09-26 13:29:16,890 [pool-67-thread-1] INFO  server.RaftServerConfigKeys (ConfUtils.java:logGet(43)) - raft.server.log.statemachine.data.caching.enabled = true (custom)
2019-09-26 13:29:16,891 [pool-67-thread-1] INFO  segmented.SegmentedRaftLogWorker (SegmentedRaftLogWorker.java:lambda$new$0(132)) - 281e93f8-a9fe-4958-a33a-388335a7b504@group-CC8F608B90CB-SegmentedRaftLogWorker: flushIndex: setUnconditionally 0 -> -1
2019-09-26 13:29:16,891 [pool-67-thread-1] INFO  server.RaftServerConfigKeys (ConfUtils.java:logGet(43)) - raft.server.snapshot.auto.trigger.enabled = true (custom)
2019-09-26 13:29:16,891 [pool-67-thread-1] INFO  server.RaftServerConfigKeys (ConfUtils.java:logGet(43)) - raft.server.snapshot.auto.trigger.threshold = 10000 (custom)
2019-09-26 13:29:16,891 [pool-67-thread-1] INFO  server.RaftServerConfigKeys (ConfUtils.java:logGet(43)) - raft.server.snapshot.retention.num.files = 5 (custom)
2019-09-26 13:29:16,892 [pool-67-thread-1] INFO  server.RaftServerConfigKeys (ConfUtils.java:logGet(43)) - raft.server.retrycache.expirytime = 600000ms (custom)
2019-09-26 13:29:16,894 [pool-67-thread-1] INFO  impl.RaftServerImpl (RaftServerImpl.java:start(185)) - 281e93f8-a9fe-4958-a33a-388335a7b504@group-CC8F608B90CB: start as a follower, conf=-1: [281e93f8-a9fe-4958-a33a-388335a7b504:192.168.164.238:40240], old=null
2019-09-26 13:29:16,894 [pool-67-thread-1] INFO  impl.RaftServerImpl (RaftServerImpl.java:setRole(174)) - 281e93f8-a9fe-4958-a33a-388335a7b504@group-CC8F608B90CB: changes role from      null to FOLLOWER at term 0 for startAsFollower
2019-09-26 13:29:16,894 [pool-67-thread-1] INFO  impl.RoleInfo (RoleInfo.java:updateAndGet(143)) - 281e93f8-a9fe-4958-a33a-388335a7b504: start FollowerState
2019-09-26 13:29:16,894 [pool-67-thread-1] INFO  util.JmxRegister (JmxRegister.java:tryRegister(44)) - Successfully registered JMX Bean with object name Ratis:service=RaftServer,group=group-CC8F608B90CB,id=281e93f8-a9fe-4958-a33a-388335a7b504
2019-09-26 13:29:16,897 [RatisPipelineUtilsThread] INFO  pipeline.PipelineStateManager (PipelineStateManager.java:addPipeline(56)) - Created pipeline Pipeline[ Id: bf9b2855-709f-49f9-b036-cc8f608b90cb, Nodes: 281e93f8-a9fe-4958-a33a-388335a7b504{ip: 192.168.164.238, host: pr-hdds-1569-87zkn-1081879488, networkLocation: /default-rack, certSerialId: null}, Type:RATIS, Factor:ONE, State:OPEN]
2019-09-26 13:29:16,897 [RatisPipelineUtilsThread] INFO  pipeline.PipelinePlacementPolicy (PipelinePlacementPolicy.java:meetCriteria(91)) - Pipeline Placement: can't place more pipeline on heavy datanode： 2bceee89-654d-4083-a39a-484f868bd9b7 Heaviness: 6 limit: 5
2019-09-26 13:29:16,897 [RatisPipelineUtilsThread] INFO  pipeline.PipelinePlacementPolicy (PipelinePlacementPolicy.java:meetCriteria(91)) - Pipeline Placement: can't place more pipeline on heavy datanode： 84fdec62-d817-45bb-98fc-971264b4d85b Heaviness: 6 limit: 5
2019-09-26 13:29:16,897 [RatisPipelineUtilsThread] INFO  pipeline.PipelinePlacementPolicy (PipelinePlacementPolicy.java:meetCriteria(91)) - Pipeline Placement: can't place more pipeline on heavy datanode： e1d07e13-fba7-421e-90fa-c7d02cfb4ed9 Heaviness: 6 limit: 5
2019-09-26 13:29:16,897 [RatisPipelineUtilsThread] INFO  pipeline.PipelinePlacementPolicy (PipelinePlacementPolicy.java:meetCriteria(91)) - Pipeline Placement: can't place more pipeline on heavy datanode： 6bbb30bf-68fb-49c7-a700-39ca06a4595f Heaviness: 6 limit: 5
2019-09-26 13:29:16,897 [RatisPipelineUtilsThread] INFO  pipeline.PipelinePlacementPolicy (PipelinePlacementPolicy.java:meetCriteria(91)) - Pipeline Placement: can't place more pipeline on heavy datanode： 281e93f8-a9fe-4958-a33a-388335a7b504 Heaviness: 6 limit: 5
2019-09-26 13:29:16,897 [RatisPipelineUtilsThread] INFO  pipeline.PipelinePlacementPolicy (PipelinePlacementPolicy.java:meetCriteria(91)) - Pipeline Placement: can't place more pipeline on heavy datanode： 921dbd79-5e7d-43e7-a946-6392aa4a26bd Heaviness: 6 limit: 5
2019-09-26 13:29:16,903 [grpc-default-executor-1] INFO  impl.RaftServerProxy (RaftServerProxy.java:addNew(89)) - 8cfabaed-6bfa-4340-a894-a45e2e16f787: addNew group-B1DA904DD7C3:[8cfabaed-6bfa-4340-a894-a45e2e16f787:192.168.164.238:43170] returns group-B1DA904DD7C3:java.util.concurrent.CompletableFuture@473e2032[Not completed]
2019-09-26 13:29:16,904 [pool-97-thread-1] INFO  impl.RaftServerImpl (RaftServerImpl.java:<init>(95)) - 8cfabaed-6bfa-4340-a894-a45e2e16f787: new RaftServerImpl for group-B1DA904DD7C3:[8cfabaed-6bfa-4340-a894-a45e2e16f787:192.168.164.238:43170] with ContainerStateMachine:uninitialized
2019-09-26 13:29:16,904 [pool-97-thread-1] INFO  server.RaftServerConfigKeys (ConfUtils.java:logGet(43)) - raft.server.rpc.timeout.min = 5s (custom)
2019-09-26 13:29:16,904 [pool-97-thread-1] INFO  server.RaftServerConfigKeys (ConfUtils.java:logGet(43)) - raft.server.rpc.timeout.max = 5200ms (custom)
2019-09-26 13:29:16,905 [pool-97-thread-1] INFO  server.RaftServerConfigKeys (ConfUtils.java:logGet(43)) - raft.server.rpcslowness.timeout = 120s (custom)
2019-09-26 13:29:16,905 [pool-97-thread-1] INFO  server.RaftServerConfigKeys (ConfUtils.java:logGet(43)) - raft.server.sleep.deviation.threshold = 300 (default)
2019-09-26 13:29:16,905 [pool-97-thread-1] INFO  server.RaftServerConfigKeys (ConfUtils.java:logGet(43)) - raft.server.log.appender.install.snapshot.enabled = false (custom)
2019-09-26 13:29:16,905 [pool-97-thread-1] INFO  impl.RaftServerImpl (ServerState.java:<init>(103)) - 8cfabaed-6bfa-4340-a894-a45e2e16f787@group-B1DA904DD7C3: ConfigurationManager, init=-1: [8cfabaed-6bfa-4340-a894-a45e2e16f787:192.168.164.238:43170], old=null, confs=<EMPTY_MAP>
2019-09-26 13:29:16,905 [pool-97-thread-1] INFO  server.RaftServerConfigKeys (ConfUtils.java:logGet(43)) - raft.server.storage.dir = [/workdir/hadoop-ozone/ozonefs/target/test-dir/MiniOzoneClusterImpl-8b6a8972-8eda-4f33-b3cf-a560ba2c5b87/datanode-7/data/ratis] (custom)
2019-09-26 13:29:16,905 [pool-97-thread-1] INFO  storage.RaftStorageDirectory (RaftStorageDirectory.java:analyzeStorage(246)) - The storage directory /workdir/hadoop-ozone/ozonefs/target/test-dir/MiniOzoneClusterImpl-8b6a8972-8eda-4f33-b3cf-a560ba2c5b87/datanode-7/data/ratis/8e5c832d-c71e-440a-be3e-b1da904dd7c3 does not exist. Creating ...
2019-09-26 13:29:16,917 [pool-97-thread-1] INFO  storage.RaftStorageDirectory (RaftStorageDirectory.java:tryLock(328)) - Lock on /workdir/hadoop-ozone/ozonefs/target/test-dir/MiniOzoneClusterImpl-8b6a8972-8eda-4f33-b3cf-a560ba2c5b87/datanode-7/data/ratis/8e5c832d-c71e-440a-be3e-b1da904dd7c3/in_use.lock acquired by nodename 6686@pr-hdds-1569-87zkn-1081879488
2019-09-26 13:29:16,930 [pool-97-thread-1] INFO  storage.RaftStorage (RaftStorage.java:format(72)) - Storage directory /workdir/hadoop-ozone/ozonefs/target/test-dir/MiniOzoneClusterImpl-8b6a8972-8eda-4f33-b3cf-a560ba2c5b87/datanode-7/data/ratis/8e5c832d-c71e-440a-be3e-b1da904dd7c3 has been successfully formatted.
2019-09-26 13:29:16,930 [pool-97-thread-1] INFO  ratis.ContainerStateMachine (ContainerStateMachine.java:loadSnapshot(230)) - group-B1DA904DD7C3: The snapshot info is null. Setting the last applied indexto:(t:0, i:~)
2019-09-26 13:29:16,930 [pool-97-thread-1] INFO  server.RaftServerConfigKeys (ConfUtils.java:logGet(43)) - raft.server.notification.no-leader.timeout = 120s (custom)
2019-09-26 13:29:16,930 [pool-97-thread-1] INFO  server.RaftServerConfigKeys (ConfUtils.java:logGet(43)) - raft.server.log.use.memory = false (default)
2019-09-26 13:29:16,931 [pool-97-thread-1] INFO  server.RaftServerConfigKeys (ConfUtils.java:logGet(43)) - raft.server.log.purge.gap = 1000000 (custom)
2019-09-26 13:29:16,931 [pool-97-thread-1] INFO  server.RaftServerConfigKeys (ConfUtils.java:logGet(43)) - raft.server.log.appender.buffer.byte-limit = 33554432 (custom)
2019-09-26 13:29:16,931 [pool-97-thread-1] INFO  server.RaftServerConfigKeys (ConfUtils.java:logGet(43)) - raft.server.log.segment.size.max = 1048576 (custom)
2019-09-26 13:29:16,931 [pool-97-thread-1] INFO  server.RaftServerConfigKeys (ConfUtils.java:logGet(43)) - raft.server.log.segment.cache.num.max = 2 (custom)
2019-09-26 13:29:16,931 [pool-97-thread-1] INFO  segmented.SegmentedRaftLogWorker (SegmentedRaftLogWorker.java:<init>(172)) - new 8cfabaed-6bfa-4340-a894-a45e2e16f787@group-B1DA904DD7C3-SegmentedRaftLogWorker for RaftStorage:Storage Directory /workdir/hadoop-ozone/ozonefs/target/test-dir/MiniOzoneClusterImpl-8b6a8972-8eda-4f33-b3cf-a560ba2c5b87/datanode-7/data/ratis/8e5c832d-c71e-440a-be3e-b1da904dd7c3
2019-09-26 13:29:16,931 [pool-97-thread-1] INFO  server.RaftServerConfigKeys (ConfUtils.java:logGet(43)) - raft.server.log.queue.byte-limit = 2147483647 (custom)
2019-09-26 13:29:16,931 [pool-97-thread-1] INFO  server.RaftServerConfigKeys (ConfUtils.java:logGet(43)) - raft.server.log.queue.element-limit = 1024 (custom)
2019-09-26 13:29:16,931 [pool-97-thread-1] INFO  server.RaftServerConfigKeys (ConfUtils.java:logGet(43)) - raft.server.log.segment.size.max = 1048576 (custom)
2019-09-26 13:29:16,931 [pool-97-thread-1] INFO  server.RaftServerConfigKeys (ConfUtils.java:logGet(43)) - raft.server.log.preallocated.size = 16384 (custom)
2019-09-26 13:29:16,932 [pool-97-thread-1] INFO  server.RaftServerConfigKeys (ConfUtils.java:logGet(43)) - raft.server.log.write.buffer.size = 33554432 (custom)
2019-09-26 13:29:16,932 [pool-97-thread-1] INFO  server.RaftServerConfigKeys (ConfUtils.java:logGet(43)) - raft.server.log.force.sync.num = 128 (default)
2019-09-26 13:29:16,932 [pool-97-thread-1] INFO  server.RaftServerConfigKeys (ConfUtils.java:logGet(43)) - raft.server.log.statemachine.data.sync = true (default)
2019-09-26 13:29:16,932 [pool-97-thread-1] INFO  server.RaftServerConfigKeys (ConfUtils.java:logGet(43)) - raft.server.log.statemachine.data.sync.timeout = 10s (default)
2019-09-26 13:29:16,932 [pool-97-thread-1] INFO  server.RaftServerConfigKeys (ConfUtils.java:logGet(43)) - raft.server.log.statemachine.data.sync.timeout.retry = -1 (default)
2019-09-26 13:29:16,932 [pool-97-thread-1] INFO  server.RaftServerConfigKeys (ConfUtils.java:logGet(43)) - raft.server.log.statemachine.data.caching.enabled = true (custom)
2019-09-26 13:29:16,932 [pool-97-thread-1] INFO  segmented.SegmentedRaftLogWorker (SegmentedRaftLogWorker.java:lambda$new$0(132)) - 8cfabaed-6bfa-4340-a894-a45e2e16f787@group-B1DA904DD7C3-SegmentedRaftLogWorker: flushIndex: setUnconditionally 0 -> -1
2019-09-26 13:29:16,933 [pool-97-thread-1] INFO  server.RaftServerConfigKeys (ConfUtils.java:logGet(43)) - raft.server.snapshot.auto.trigger.enabled = true (custom)
2019-09-26 13:29:16,933 [pool-97-thread-1] INFO  server.RaftServerConfigKeys (ConfUtils.java:logGet(43)) - raft.server.snapshot.auto.trigger.threshold = 10000 (custom)
2019-09-26 13:29:16,933 [pool-97-thread-1] INFO  server.RaftServerConfigKeys (ConfUtils.java:logGet(43)) - raft.server.snapshot.retention.num.files = 5 (custom)
2019-09-26 13:29:16,933 [pool-97-thread-1] INFO  server.RaftServerConfigKeys (ConfUtils.java:logGet(43)) - raft.server.retrycache.expirytime = 600000ms (custom)
2019-09-26 13:29:16,935 [pool-97-thread-1] INFO  impl.RaftServerImpl (RaftServerImpl.java:start(185)) - 8cfabaed-6bfa-4340-a894-a45e2e16f787@group-B1DA904DD7C3: start as a follower, conf=-1: [8cfabaed-6bfa-4340-a894-a45e2e16f787:192.168.164.238:43170], old=null
2019-09-26 13:29:16,935 [pool-97-thread-1] INFO  impl.RaftServerImpl (RaftServerImpl.java:setRole(174)) - 8cfabaed-6bfa-4340-a894-a45e2e16f787@group-B1DA904DD7C3: changes role from      null to FOLLOWER at term 0 for startAsFollower
2019-09-26 13:29:16,935 [pool-97-thread-1] INFO  impl.RoleInfo (RoleInfo.java:updateAndGet(143)) - 8cfabaed-6bfa-4340-a894-a45e2e16f787: start FollowerState
2019-09-26 13:29:16,936 [pool-97-thread-1] INFO  util.JmxRegister (JmxRegister.java:tryRegister(44)) - Successfully registered JMX Bean with object name Ratis:service=RaftServer,group=group-B1DA904DD7C3,id=8cfabaed-6bfa-4340-a894-a45e2e16f787
2019-09-26 13:29:16,938 [RatisPipelineUtilsThread] INFO  pipeline.PipelineStateManager (PipelineStateManager.java:addPipeline(56)) - Created pipeline Pipeline[ Id: 8e5c832d-c71e-440a-be3e-b1da904dd7c3, Nodes: 8cfabaed-6bfa-4340-a894-a45e2e16f787{ip: 192.168.164.238, host: pr-hdds-1569-87zkn-1081879488, networkLocation: /default-rack, certSerialId: null}, Type:RATIS, Factor:ONE, State:OPEN]
2019-09-26 13:29:16,939 [RatisPipelineUtilsThread] INFO  pipeline.PipelinePlacementPolicy (PipelinePlacementPolicy.java:meetCriteria(91)) - Pipeline Placement: can't place more pipeline on heavy datanode： 2bceee89-654d-4083-a39a-484f868bd9b7 Heaviness: 6 limit: 5
2019-09-26 13:29:16,939 [RatisPipelineUtilsThread] INFO  pipeline.PipelinePlacementPolicy (PipelinePlacementPolicy.java:meetCriteria(91)) - Pipeline Placement: can't place more pipeline on heavy datanode： 84fdec62-d817-45bb-98fc-971264b4d85b Heaviness: 6 limit: 5
2019-09-26 13:29:16,939 [RatisPipelineUtilsThread] INFO  pipeline.PipelinePlacementPolicy (PipelinePlacementPolicy.java:meetCriteria(91)) - Pipeline Placement: can't place more pipeline on heavy datanode： e1d07e13-fba7-421e-90fa-c7d02cfb4ed9 Heaviness: 6 limit: 5
2019-09-26 13:29:16,940 [RatisPipelineUtilsThread] INFO  pipeline.PipelinePlacementPolicy (PipelinePlacementPolicy.java:meetCriteria(91)) - Pipeline Placement: can't place more pipeline on heavy datanode： 6bbb30bf-68fb-49c7-a700-39ca06a4595f Heaviness: 6 limit: 5
2019-09-26 13:29:16,940 [RatisPipelineUtilsThread] INFO  pipeline.PipelinePlacementPolicy (PipelinePlacementPolicy.java:meetCriteria(91)) - Pipeline Placement: can't place more pipeline on heavy datanode： 281e93f8-a9fe-4958-a33a-388335a7b504 Heaviness: 6 limit: 5
2019-09-26 13:29:16,940 [RatisPipelineUtilsThread] INFO  pipeline.PipelinePlacementPolicy (PipelinePlacementPolicy.java:meetCriteria(91)) - Pipeline Placement: can't place more pipeline on heavy datanode： 921dbd79-5e7d-43e7-a946-6392aa4a26bd Heaviness: 6 limit: 5
2019-09-26 13:29:16,945 [grpc-default-executor-1] INFO  impl.RaftServerProxy (RaftServerProxy.java:addNew(89)) - 8cfabaed-6bfa-4340-a894-a45e2e16f787: addNew group-E41A89FA8E46:[8cfabaed-6bfa-4340-a894-a45e2e16f787:192.168.164.238:43170] returns group-E41A89FA8E46:java.util.concurrent.CompletableFuture@74c797cb[Not completed]
2019-09-26 13:29:16,946 [pool-97-thread-1] INFO  impl.RaftServerImpl (RaftServerImpl.java:<init>(95)) - 8cfabaed-6bfa-4340-a894-a45e2e16f787: new RaftServerImpl for group-E41A89FA8E46:[8cfabaed-6bfa-4340-a894-a45e2e16f787:192.168.164.238:43170] with ContainerStateMachine:uninitialized
2019-09-26 13:29:16,946 [pool-97-thread-1] INFO  server.RaftServerConfigKeys (ConfUtils.java:logGet(43)) - raft.server.rpc.timeout.min = 5s (custom)
2019-09-26 13:29:16,946 [pool-97-thread-1] INFO  server.RaftServerConfigKeys (ConfUtils.java:logGet(43)) - raft.server.rpc.timeout.max = 5200ms (custom)
2019-09-26 13:29:16,947 [pool-97-thread-1] INFO  server.RaftServerConfigKeys (ConfUtils.java:logGet(43)) - raft.server.rpcslowness.timeout = 120s (custom)
2019-09-26 13:29:16,947 [pool-97-thread-1] INFO  server.RaftServerConfigKeys (ConfUtils.java:logGet(43)) - raft.server.sleep.deviation.threshold = 300 (default)
2019-09-26 13:29:16,947 [pool-97-thread-1] INFO  server.RaftServerConfigKeys (ConfUtils.java:logGet(43)) - raft.server.log.appender.install.snapshot.enabled = false (custom)
2019-09-26 13:29:16,947 [pool-97-thread-1] INFO  impl.RaftServerImpl (ServerState.java:<init>(103)) - 8cfabaed-6bfa-4340-a894-a45e2e16f787@group-E41A89FA8E46: ConfigurationManager, init=-1: [8cfabaed-6bfa-4340-a894-a45e2e16f787:192.168.164.238:43170], old=null, confs=<EMPTY_MAP>
2019-09-26 13:29:16,947 [pool-97-thread-1] INFO  server.RaftServerConfigKeys (ConfUtils.java:logGet(43)) - raft.server.storage.dir = [/workdir/hadoop-ozone/ozonefs/target/test-dir/MiniOzoneClusterImpl-8b6a8972-8eda-4f33-b3cf-a560ba2c5b87/datanode-7/data/ratis] (custom)
2019-09-26 13:29:16,947 [pool-97-thread-1] INFO  storage.RaftStorageDirectory (RaftStorageDirectory.java:analyzeStorage(246)) - The storage directory /workdir/hadoop-ozone/ozonefs/target/test-dir/MiniOzoneClusterImpl-8b6a8972-8eda-4f33-b3cf-a560ba2c5b87/datanode-7/data/ratis/e04696f2-982e-4f61-a7d6-e41a89fa8e46 does not exist. Creating ...
2019-09-26 13:29:16,960 [pool-97-thread-1] INFO  storage.RaftStorageDirectory (RaftStorageDirectory.java:tryLock(328)) - Lock on /workdir/hadoop-ozone/ozonefs/target/test-dir/MiniOzoneClusterImpl-8b6a8972-8eda-4f33-b3cf-a560ba2c5b87/datanode-7/data/ratis/e04696f2-982e-4f61-a7d6-e41a89fa8e46/in_use.lock acquired by nodename 6686@pr-hdds-1569-87zkn-1081879488
2019-09-26 13:29:16,972 [pool-97-thread-1] INFO  storage.RaftStorage (RaftStorage.java:format(72)) - Storage directory /workdir/hadoop-ozone/ozonefs/target/test-dir/MiniOzoneClusterImpl-8b6a8972-8eda-4f33-b3cf-a560ba2c5b87/datanode-7/data/ratis/e04696f2-982e-4f61-a7d6-e41a89fa8e46 has been successfully formatted.
2019-09-26 13:29:16,973 [pool-97-thread-1] INFO  ratis.ContainerStateMachine (ContainerStateMachine.java:loadSnapshot(230)) - group-E41A89FA8E46: The snapshot info is null. Setting the last applied indexto:(t:0, i:~)
2019-09-26 13:29:16,973 [pool-97-thread-1] INFO  server.RaftServerConfigKeys (ConfUtils.java:logGet(43)) - raft.server.notification.no-leader.timeout = 120s (custom)
2019-09-26 13:29:16,973 [pool-97-thread-1] INFO  server.RaftServerConfigKeys (ConfUtils.java:logGet(43)) - raft.server.log.use.memory = false (default)
2019-09-26 13:29:16,973 [pool-97-thread-1] INFO  server.RaftServerConfigKeys (ConfUtils.java:logGet(43)) - raft.server.log.purge.gap = 1000000 (custom)
2019-09-26 13:29:16,973 [pool-97-thread-1] INFO  server.RaftServerConfigKeys (ConfUtils.java:logGet(43)) - raft.server.log.appender.buffer.byte-limit = 33554432 (custom)
2019-09-26 13:29:16,973 [pool-97-thread-1] INFO  server.RaftServerConfigKeys (ConfUtils.java:logGet(43)) - raft.server.log.segment.size.max = 1048576 (custom)
2019-09-26 13:29:16,973 [pool-97-thread-1] INFO  server.RaftServerConfigKeys (ConfUtils.java:logGet(43)) - raft.server.log.segment.cache.num.max = 2 (custom)
2019-09-26 13:29:16,973 [pool-97-thread-1] INFO  segmented.SegmentedRaftLogWorker (SegmentedRaftLogWorker.java:<init>(172)) - new 8cfabaed-6bfa-4340-a894-a45e2e16f787@group-E41A89FA8E46-SegmentedRaftLogWorker for RaftStorage:Storage Directory /workdir/hadoop-ozone/ozonefs/target/test-dir/MiniOzoneClusterImpl-8b6a8972-8eda-4f33-b3cf-a560ba2c5b87/datanode-7/data/ratis/e04696f2-982e-4f61-a7d6-e41a89fa8e46
2019-09-26 13:29:16,974 [pool-97-thread-1] INFO  server.RaftServerConfigKeys (ConfUtils.java:logGet(43)) - raft.server.log.queue.byte-limit = 2147483647 (custom)
2019-09-26 13:29:16,974 [pool-97-thread-1] INFO  server.RaftServerConfigKeys (ConfUtils.java:logGet(43)) - raft.server.log.queue.element-limit = 1024 (custom)
2019-09-26 13:29:16,974 [pool-97-thread-1] INFO  server.RaftServerConfigKeys (ConfUtils.java:logGet(43)) - raft.server.log.segment.size.max = 1048576 (custom)
2019-09-26 13:29:16,974 [pool-97-thread-1] INFO  server.RaftServerConfigKeys (ConfUtils.java:logGet(43)) - raft.server.log.preallocated.size = 16384 (custom)
2019-09-26 13:29:16,974 [pool-97-thread-1] INFO  server.RaftServerConfigKeys (ConfUtils.java:logGet(43)) - raft.server.log.write.buffer.size = 33554432 (custom)
2019-09-26 13:29:16,974 [pool-97-thread-1] INFO  server.RaftServerConfigKeys (ConfUtils.java:logGet(43)) - raft.server.log.force.sync.num = 128 (default)
2019-09-26 13:29:16,974 [pool-97-thread-1] INFO  server.RaftServerConfigKeys (ConfUtils.java:logGet(43)) - raft.server.log.statemachine.data.sync = true (default)
2019-09-26 13:29:16,974 [pool-97-thread-1] INFO  server.RaftServerConfigKeys (ConfUtils.java:logGet(43)) - raft.server.log.statemachine.data.sync.timeout = 10s (default)
2019-09-26 13:29:16,974 [pool-97-thread-1] INFO  server.RaftServerConfigKeys (ConfUtils.java:logGet(43)) - raft.server.log.statemachine.data.sync.timeout.retry = -1 (default)
2019-09-26 13:29:16,974 [pool-97-thread-1] INFO  server.RaftServerConfigKeys (ConfUtils.java:logGet(43)) - raft.server.log.statemachine.data.caching.enabled = true (custom)
2019-09-26 13:29:16,975 [pool-97-thread-1] INFO  segmented.SegmentedRaftLogWorker (SegmentedRaftLogWorker.java:lambda$new$0(132)) - 8cfabaed-6bfa-4340-a894-a45e2e16f787@group-E41A89FA8E46-SegmentedRaftLogWorker: flushIndex: setUnconditionally 0 -> -1
2019-09-26 13:29:16,975 [pool-97-thread-1] INFO  server.RaftServerConfigKeys (ConfUtils.java:logGet(43)) - raft.server.snapshot.auto.trigger.enabled = true (custom)
2019-09-26 13:29:16,975 [pool-97-thread-1] INFO  server.RaftServerConfigKeys (ConfUtils.java:logGet(43)) - raft.server.snapshot.auto.trigger.threshold = 10000 (custom)
2019-09-26 13:29:16,975 [pool-97-thread-1] INFO  server.RaftServerConfigKeys (ConfUtils.java:logGet(43)) - raft.server.snapshot.retention.num.files = 5 (custom)
2019-09-26 13:29:16,975 [pool-97-thread-1] INFO  server.RaftServerConfigKeys (ConfUtils.java:logGet(43)) - raft.server.retrycache.expirytime = 600000ms (custom)
2019-09-26 13:29:16,977 [pool-97-thread-1] INFO  impl.RaftServerImpl (RaftServerImpl.java:start(185)) - 8cfabaed-6bfa-4340-a894-a45e2e16f787@group-E41A89FA8E46: start as a follower, conf=-1: [8cfabaed-6bfa-4340-a894-a45e2e16f787:192.168.164.238:43170], old=null
2019-09-26 13:29:16,977 [pool-97-thread-1] INFO  impl.RaftServerImpl (RaftServerImpl.java:setRole(174)) - 8cfabaed-6bfa-4340-a894-a45e2e16f787@group-E41A89FA8E46: changes role from      null to FOLLOWER at term 0 for startAsFollower
2019-09-26 13:29:16,977 [pool-97-thread-1] INFO  impl.RoleInfo (RoleInfo.java:updateAndGet(143)) - 8cfabaed-6bfa-4340-a894-a45e2e16f787: start FollowerState
2019-09-26 13:29:16,978 [pool-97-thread-1] INFO  util.JmxRegister (JmxRegister.java:tryRegister(44)) - Successfully registered JMX Bean with object name Ratis:service=RaftServer,group=group-E41A89FA8E46,id=8cfabaed-6bfa-4340-a894-a45e2e16f787
2019-09-26 13:29:16,980 [RatisPipelineUtilsThread] INFO  pipeline.PipelineStateManager (PipelineStateManager.java:addPipeline(56)) - Created pipeline Pipeline[ Id: e04696f2-982e-4f61-a7d6-e41a89fa8e46, Nodes: 8cfabaed-6bfa-4340-a894-a45e2e16f787{ip: 192.168.164.238, host: pr-hdds-1569-87zkn-1081879488, networkLocation: /default-rack, certSerialId: null}, Type:RATIS, Factor:ONE, State:OPEN]
2019-09-26 13:29:16,980 [RatisPipelineUtilsThread] INFO  pipeline.PipelinePlacementPolicy (PipelinePlacementPolicy.java:meetCriteria(91)) - Pipeline Placement: can't place more pipeline on heavy datanode： 2bceee89-654d-4083-a39a-484f868bd9b7 Heaviness: 6 limit: 5
2019-09-26 13:29:16,980 [RatisPipelineUtilsThread] INFO  pipeline.PipelinePlacementPolicy (PipelinePlacementPolicy.java:meetCriteria(91)) - Pipeline Placement: can't place more pipeline on heavy datanode： 84fdec62-d817-45bb-98fc-971264b4d85b Heaviness: 6 limit: 5
2019-09-26 13:29:16,981 [RatisPipelineUtilsThread] INFO  pipeline.PipelinePlacementPolicy (PipelinePlacementPolicy.java:meetCriteria(91)) - Pipeline Placement: can't place more pipeline on heavy datanode： e1d07e13-fba7-421e-90fa-c7d02cfb4ed9 Heaviness: 6 limit: 5
2019-09-26 13:29:16,981 [RatisPipelineUtilsThread] INFO  pipeline.PipelinePlacementPolicy (PipelinePlacementPolicy.java:meetCriteria(91)) - Pipeline Placement: can't place more pipeline on heavy datanode： 6bbb30bf-68fb-49c7-a700-39ca06a4595f Heaviness: 6 limit: 5
2019-09-26 13:29:16,981 [RatisPipelineUtilsThread] INFO  pipeline.PipelinePlacementPolicy (PipelinePlacementPolicy.java:meetCriteria(91)) - Pipeline Placement: can't place more pipeline on heavy datanode： 281e93f8-a9fe-4958-a33a-388335a7b504 Heaviness: 6 limit: 5
2019-09-26 13:29:16,981 [RatisPipelineUtilsThread] INFO  pipeline.PipelinePlacementPolicy (PipelinePlacementPolicy.java:meetCriteria(91)) - Pipeline Placement: can't place more pipeline on heavy datanode： 921dbd79-5e7d-43e7-a946-6392aa4a26bd Heaviness: 6 limit: 5
2019-09-26 13:29:16,989 [grpc-default-executor-1] INFO  impl.RaftServerProxy (RaftServerProxy.java:addNew(89)) - ca8c9a5b-93b8-4627-a261-13e3335d5af1: addNew group-EC4C30F0DE53:[ca8c9a5b-93b8-4627-a261-13e3335d5af1:192.168.164.238:36992] returns group-EC4C30F0DE53:java.util.concurrent.CompletableFuture@88a4348[Not completed]
2019-09-26 13:29:16,990 [pool-117-thread-1] INFO  impl.RaftServerImpl (RaftServerImpl.java:<init>(95)) - ca8c9a5b-93b8-4627-a261-13e3335d5af1: new RaftServerImpl for group-EC4C30F0DE53:[ca8c9a5b-93b8-4627-a261-13e3335d5af1:192.168.164.238:36992] with ContainerStateMachine:uninitialized
2019-09-26 13:29:16,991 [pool-117-thread-1] INFO  server.RaftServerConfigKeys (ConfUtils.java:logGet(43)) - raft.server.rpc.timeout.min = 5s (custom)
2019-09-26 13:29:16,991 [pool-117-thread-1] INFO  server.RaftServerConfigKeys (ConfUtils.java:logGet(43)) - raft.server.rpc.timeout.max = 5200ms (custom)
2019-09-26 13:29:16,991 [pool-117-thread-1] INFO  server.RaftServerConfigKeys (ConfUtils.java:logGet(43)) - raft.server.rpcslowness.timeout = 120s (custom)
2019-09-26 13:29:16,991 [pool-117-thread-1] INFO  server.RaftServerConfigKeys (ConfUtils.java:logGet(43)) - raft.server.sleep.deviation.threshold = 300 (default)
2019-09-26 13:29:16,991 [pool-117-thread-1] INFO  server.RaftServerConfigKeys (ConfUtils.java:logGet(43)) - raft.server.log.appender.install.snapshot.enabled = false (custom)
2019-09-26 13:29:16,991 [pool-117-thread-1] INFO  impl.RaftServerImpl (ServerState.java:<init>(103)) - ca8c9a5b-93b8-4627-a261-13e3335d5af1@group-EC4C30F0DE53: ConfigurationManager, init=-1: [ca8c9a5b-93b8-4627-a261-13e3335d5af1:192.168.164.238:36992], old=null, confs=<EMPTY_MAP>
2019-09-26 13:29:16,991 [pool-117-thread-1] INFO  server.RaftServerConfigKeys (ConfUtils.java:logGet(43)) - raft.server.storage.dir = [/workdir/hadoop-ozone/ozonefs/target/test-dir/MiniOzoneClusterImpl-8b6a8972-8eda-4f33-b3cf-a560ba2c5b87/datanode-9/data/ratis] (custom)
2019-09-26 13:29:16,992 [pool-117-thread-1] INFO  storage.RaftStorageDirectory (RaftStorageDirectory.java:analyzeStorage(246)) - The storage directory /workdir/hadoop-ozone/ozonefs/target/test-dir/MiniOzoneClusterImpl-8b6a8972-8eda-4f33-b3cf-a560ba2c5b87/datanode-9/data/ratis/56333529-89b5-40ea-9849-ec4c30f0de53 does not exist. Creating ...
2019-09-26 13:29:16,994 [pool-117-thread-1] INFO  storage.RaftStorageDirectory (RaftStorageDirectory.java:tryLock(328)) - Lock on /workdir/hadoop-ozone/ozonefs/target/test-dir/MiniOzoneClusterImpl-8b6a8972-8eda-4f33-b3cf-a560ba2c5b87/datanode-9/data/ratis/56333529-89b5-40ea-9849-ec4c30f0de53/in_use.lock acquired by nodename 6686@pr-hdds-1569-87zkn-1081879488
2019-09-26 13:29:16,998 [pool-117-thread-1] INFO  storage.RaftStorage (RaftStorage.java:format(72)) - Storage directory /workdir/hadoop-ozone/ozonefs/target/test-dir/MiniOzoneClusterImpl-8b6a8972-8eda-4f33-b3cf-a560ba2c5b87/datanode-9/data/ratis/56333529-89b5-40ea-9849-ec4c30f0de53 has been successfully formatted.
2019-09-26 13:29:16,998 [pool-117-thread-1] INFO  ratis.ContainerStateMachine (ContainerStateMachine.java:loadSnapshot(230)) - group-EC4C30F0DE53: The snapshot info is null. Setting the last applied indexto:(t:0, i:~)
2019-09-26 13:29:16,998 [pool-117-thread-1] INFO  server.RaftServerConfigKeys (ConfUtils.java:logGet(43)) - raft.server.notification.no-leader.timeout = 120s (custom)
2019-09-26 13:29:16,998 [pool-117-thread-1] INFO  server.RaftServerConfigKeys (ConfUtils.java:logGet(43)) - raft.server.log.use.memory = false (default)
2019-09-26 13:29:16,999 [pool-117-thread-1] INFO  server.RaftServerConfigKeys (ConfUtils.java:logGet(43)) - raft.server.log.purge.gap = 1000000 (custom)
2019-09-26 13:29:16,999 [pool-117-thread-1] INFO  server.RaftServerConfigKeys (ConfUtils.java:logGet(43)) - raft.server.log.appender.buffer.byte-limit = 33554432 (custom)
2019-09-26 13:29:16,999 [pool-117-thread-1] INFO  server.RaftServerConfigKeys (ConfUtils.java:logGet(43)) - raft.server.log.segment.size.max = 1048576 (custom)
2019-09-26 13:29:16,999 [pool-117-thread-1] INFO  server.RaftServerConfigKeys (ConfUtils.java:logGet(43)) - raft.server.log.segment.cache.num.max = 2 (custom)
2019-09-26 13:29:16,999 [pool-117-thread-1] INFO  segmented.SegmentedRaftLogWorker (SegmentedRaftLogWorker.java:<init>(172)) - new ca8c9a5b-93b8-4627-a261-13e3335d5af1@group-EC4C30F0DE53-SegmentedRaftLogWorker for RaftStorage:Storage Directory /workdir/hadoop-ozone/ozonefs/target/test-dir/MiniOzoneClusterImpl-8b6a8972-8eda-4f33-b3cf-a560ba2c5b87/datanode-9/data/ratis/56333529-89b5-40ea-9849-ec4c30f0de53
2019-09-26 13:29:17,001 [pool-117-thread-1] INFO  server.RaftServerConfigKeys (ConfUtils.java:logGet(43)) - raft.server.log.queue.byte-limit = 2147483647 (custom)
2019-09-26 13:29:17,001 [pool-117-thread-1] INFO  server.RaftServerConfigKeys (ConfUtils.java:logGet(43)) - raft.server.log.queue.element-limit = 1024 (custom)
2019-09-26 13:29:17,001 [pool-117-thread-1] INFO  server.RaftServerConfigKeys (ConfUtils.java:logGet(43)) - raft.server.log.segment.size.max = 1048576 (custom)
2019-09-26 13:29:17,001 [pool-117-thread-1] INFO  server.RaftServerConfigKeys (ConfUtils.java:logGet(43)) - raft.server.log.preallocated.size = 16384 (custom)
2019-09-26 13:29:17,001 [pool-117-thread-1] INFO  server.RaftServerConfigKeys (ConfUtils.java:logGet(43)) - raft.server.log.write.buffer.size = 33554432 (custom)
2019-09-26 13:29:17,001 [pool-117-thread-1] INFO  server.RaftServerConfigKeys (ConfUtils.java:logGet(43)) - raft.server.log.force.sync.num = 128 (default)
2019-09-26 13:29:17,001 [pool-117-thread-1] INFO  server.RaftServerConfigKeys (ConfUtils.java:logGet(43)) - raft.server.log.statemachine.data.sync = true (default)
2019-09-26 13:29:17,001 [pool-117-thread-1] INFO  server.RaftServerConfigKeys (ConfUtils.java:logGet(43)) - raft.server.log.statemachine.data.sync.timeout = 10s (default)
2019-09-26 13:29:17,002 [pool-117-thread-1] INFO  server.RaftServerConfigKeys (ConfUtils.java:logGet(43)) - raft.server.log.statemachine.data.sync.timeout.retry = -1 (default)
2019-09-26 13:29:17,002 [pool-117-thread-1] INFO  server.RaftServerConfigKeys (ConfUtils.java:logGet(43)) - raft.server.log.statemachine.data.caching.enabled = true (custom)
2019-09-26 13:29:17,002 [pool-117-thread-1] INFO  segmented.SegmentedRaftLogWorker (SegmentedRaftLogWorker.java:lambda$new$0(132)) - ca8c9a5b-93b8-4627-a261-13e3335d5af1@group-EC4C30F0DE53-SegmentedRaftLogWorker: flushIndex: setUnconditionally 0 -> -1
2019-09-26 13:29:17,002 [pool-117-thread-1] INFO  server.RaftServerConfigKeys (ConfUtils.java:logGet(43)) - raft.server.snapshot.auto.trigger.enabled = true (custom)
2019-09-26 13:29:17,002 [pool-117-thread-1] INFO  server.RaftServerConfigKeys (ConfUtils.java:logGet(43)) - raft.server.snapshot.auto.trigger.threshold = 10000 (custom)
2019-09-26 13:29:17,002 [pool-117-thread-1] INFO  server.RaftServerConfigKeys (ConfUtils.java:logGet(43)) - raft.server.snapshot.retention.num.files = 5 (custom)
2019-09-26 13:29:17,003 [pool-117-thread-1] INFO  server.RaftServerConfigKeys (ConfUtils.java:logGet(43)) - raft.server.retrycache.expirytime = 600000ms (custom)
2019-09-26 13:29:17,004 [pool-117-thread-1] INFO  impl.RaftServerImpl (RaftServerImpl.java:start(185)) - ca8c9a5b-93b8-4627-a261-13e3335d5af1@group-EC4C30F0DE53: start as a follower, conf=-1: [ca8c9a5b-93b8-4627-a261-13e3335d5af1:192.168.164.238:36992], old=null
2019-09-26 13:29:17,004 [pool-117-thread-1] INFO  impl.RaftServerImpl (RaftServerImpl.java:setRole(174)) - ca8c9a5b-93b8-4627-a261-13e3335d5af1@group-EC4C30F0DE53: changes role from      null to FOLLOWER at term 0 for startAsFollower
2019-09-26 13:29:17,004 [pool-117-thread-1] INFO  impl.RoleInfo (RoleInfo.java:updateAndGet(143)) - ca8c9a5b-93b8-4627-a261-13e3335d5af1: start FollowerState
2019-09-26 13:29:17,005 [pool-117-thread-1] INFO  util.JmxRegister (JmxRegister.java:tryRegister(44)) - Successfully registered JMX Bean with object name Ratis:service=RaftServer,group=group-EC4C30F0DE53,id=ca8c9a5b-93b8-4627-a261-13e3335d5af1
2019-09-26 13:29:17,007 [RatisPipelineUtilsThread] INFO  pipeline.PipelineStateManager (PipelineStateManager.java:addPipeline(56)) - Created pipeline Pipeline[ Id: 56333529-89b5-40ea-9849-ec4c30f0de53, Nodes: ca8c9a5b-93b8-4627-a261-13e3335d5af1{ip: 192.168.164.238, host: pr-hdds-1569-87zkn-1081879488, networkLocation: /default-rack, certSerialId: null}, Type:RATIS, Factor:ONE, State:OPEN]
2019-09-26 13:29:17,008 [RatisPipelineUtilsThread] INFO  pipeline.PipelinePlacementPolicy (PipelinePlacementPolicy.java:meetCriteria(91)) - Pipeline Placement: can't place more pipeline on heavy datanode： 2bceee89-654d-4083-a39a-484f868bd9b7 Heaviness: 6 limit: 5
2019-09-26 13:29:17,008 [RatisPipelineUtilsThread] INFO  pipeline.PipelinePlacementPolicy (PipelinePlacementPolicy.java:meetCriteria(91)) - Pipeline Placement: can't place more pipeline on heavy datanode： 84fdec62-d817-45bb-98fc-971264b4d85b Heaviness: 6 limit: 5
2019-09-26 13:29:17,008 [RatisPipelineUtilsThread] INFO  pipeline.PipelinePlacementPolicy (PipelinePlacementPolicy.java:meetCriteria(91)) - Pipeline Placement: can't place more pipeline on heavy datanode： e1d07e13-fba7-421e-90fa-c7d02cfb4ed9 Heaviness: 6 limit: 5
2019-09-26 13:29:17,008 [RatisPipelineUtilsThread] INFO  pipeline.PipelinePlacementPolicy (PipelinePlacementPolicy.java:meetCriteria(91)) - Pipeline Placement: can't place more pipeline on heavy datanode： 6bbb30bf-68fb-49c7-a700-39ca06a4595f Heaviness: 6 limit: 5
2019-09-26 13:29:17,008 [RatisPipelineUtilsThread] INFO  pipeline.PipelinePlacementPolicy (PipelinePlacementPolicy.java:meetCriteria(91)) - Pipeline Placement: can't place more pipeline on heavy datanode： 281e93f8-a9fe-4958-a33a-388335a7b504 Heaviness: 6 limit: 5
2019-09-26 13:29:17,009 [RatisPipelineUtilsThread] INFO  pipeline.PipelinePlacementPolicy (PipelinePlacementPolicy.java:meetCriteria(91)) - Pipeline Placement: can't place more pipeline on heavy datanode： 921dbd79-5e7d-43e7-a946-6392aa4a26bd Heaviness: 6 limit: 5
2019-09-26 13:29:17,014 [grpc-default-executor-1] INFO  impl.RaftServerProxy (RaftServerProxy.java:addNew(89)) - 1987c896-e32f-4a06-ac9a-08216b278c2b: addNew group-250EFCCDA40B:[1987c896-e32f-4a06-ac9a-08216b278c2b:192.168.164.238:46271] returns group-250EFCCDA40B:java.util.concurrent.CompletableFuture@5e9e309d[Not completed]
2019-09-26 13:29:17,015 [pool-77-thread-1] INFO  impl.RaftServerImpl (RaftServerImpl.java:<init>(95)) - 1987c896-e32f-4a06-ac9a-08216b278c2b: new RaftServerImpl for group-250EFCCDA40B:[1987c896-e32f-4a06-ac9a-08216b278c2b:192.168.164.238:46271] with ContainerStateMachine:uninitialized
2019-09-26 13:29:17,015 [pool-77-thread-1] INFO  server.RaftServerConfigKeys (ConfUtils.java:logGet(43)) - raft.server.rpc.timeout.min = 5s (custom)
2019-09-26 13:29:17,015 [pool-77-thread-1] INFO  server.RaftServerConfigKeys (ConfUtils.java:logGet(43)) - raft.server.rpc.timeout.max = 5200ms (custom)
2019-09-26 13:29:17,015 [pool-77-thread-1] INFO  server.RaftServerConfigKeys (ConfUtils.java:logGet(43)) - raft.server.rpcslowness.timeout = 120s (custom)
2019-09-26 13:29:17,015 [pool-77-thread-1] INFO  server.RaftServerConfigKeys (ConfUtils.java:logGet(43)) - raft.server.sleep.deviation.threshold = 300 (default)
2019-09-26 13:29:17,015 [pool-77-thread-1] INFO  server.RaftServerConfigKeys (ConfUtils.java:logGet(43)) - raft.server.log.appender.install.snapshot.enabled = false (custom)
2019-09-26 13:29:17,015 [pool-77-thread-1] INFO  impl.RaftServerImpl (ServerState.java:<init>(103)) - 1987c896-e32f-4a06-ac9a-08216b278c2b@group-250EFCCDA40B: ConfigurationManager, init=-1: [1987c896-e32f-4a06-ac9a-08216b278c2b:192.168.164.238:46271], old=null, confs=<EMPTY_MAP>
2019-09-26 13:29:17,015 [pool-77-thread-1] INFO  server.RaftServerConfigKeys (ConfUtils.java:logGet(43)) - raft.server.storage.dir = [/workdir/hadoop-ozone/ozonefs/target/test-dir/MiniOzoneClusterImpl-8b6a8972-8eda-4f33-b3cf-a560ba2c5b87/datanode-5/data/ratis] (custom)
2019-09-26 13:29:17,016 [pool-77-thread-1] INFO  storage.RaftStorageDirectory (RaftStorageDirectory.java:analyzeStorage(246)) - The storage directory /workdir/hadoop-ozone/ozonefs/target/test-dir/MiniOzoneClusterImpl-8b6a8972-8eda-4f33-b3cf-a560ba2c5b87/datanode-5/data/ratis/1700aaa9-0dd0-44a4-b717-250efccda40b does not exist. Creating ...
2019-09-26 13:29:17,019 [pool-77-thread-1] INFO  storage.RaftStorageDirectory (RaftStorageDirectory.java:tryLock(328)) - Lock on /workdir/hadoop-ozone/ozonefs/target/test-dir/MiniOzoneClusterImpl-8b6a8972-8eda-4f33-b3cf-a560ba2c5b87/datanode-5/data/ratis/1700aaa9-0dd0-44a4-b717-250efccda40b/in_use.lock acquired by nodename 6686@pr-hdds-1569-87zkn-1081879488
2019-09-26 13:29:17,052 [pool-77-thread-1] INFO  storage.RaftStorage (RaftStorage.java:format(72)) - Storage directory /workdir/hadoop-ozone/ozonefs/target/test-dir/MiniOzoneClusterImpl-8b6a8972-8eda-4f33-b3cf-a560ba2c5b87/datanode-5/data/ratis/1700aaa9-0dd0-44a4-b717-250efccda40b has been successfully formatted.
2019-09-26 13:29:17,052 [pool-77-thread-1] INFO  ratis.ContainerStateMachine (ContainerStateMachine.java:loadSnapshot(230)) - group-250EFCCDA40B: The snapshot info is null. Setting the last applied indexto:(t:0, i:~)
2019-09-26 13:29:17,052 [pool-77-thread-1] INFO  server.RaftServerConfigKeys (ConfUtils.java:logGet(43)) - raft.server.notification.no-leader.timeout = 120s (custom)
2019-09-26 13:29:17,053 [pool-77-thread-1] INFO  server.RaftServerConfigKeys (ConfUtils.java:logGet(43)) - raft.server.log.use.memory = false (default)
2019-09-26 13:29:17,053 [pool-77-thread-1] INFO  server.RaftServerConfigKeys (ConfUtils.java:logGet(43)) - raft.server.log.purge.gap = 1000000 (custom)
2019-09-26 13:29:17,053 [pool-77-thread-1] INFO  server.RaftServerConfigKeys (ConfUtils.java:logGet(43)) - raft.server.log.appender.buffer.byte-limit = 33554432 (custom)
2019-09-26 13:29:17,053 [pool-77-thread-1] INFO  server.RaftServerConfigKeys (ConfUtils.java:logGet(43)) - raft.server.log.segment.size.max = 1048576 (custom)
2019-09-26 13:29:17,053 [pool-77-thread-1] INFO  server.RaftServerConfigKeys (ConfUtils.java:logGet(43)) - raft.server.log.segment.cache.num.max = 2 (custom)
2019-09-26 13:29:17,053 [pool-77-thread-1] INFO  segmented.SegmentedRaftLogWorker (SegmentedRaftLogWorker.java:<init>(172)) - new 1987c896-e32f-4a06-ac9a-08216b278c2b@group-250EFCCDA40B-SegmentedRaftLogWorker for RaftStorage:Storage Directory /workdir/hadoop-ozone/ozonefs/target/test-dir/MiniOzoneClusterImpl-8b6a8972-8eda-4f33-b3cf-a560ba2c5b87/datanode-5/data/ratis/1700aaa9-0dd0-44a4-b717-250efccda40b
2019-09-26 13:29:17,053 [pool-77-thread-1] INFO  server.RaftServerConfigKeys (ConfUtils.java:logGet(43)) - raft.server.log.queue.byte-limit = 2147483647 (custom)
2019-09-26 13:29:17,053 [pool-77-thread-1] INFO  server.RaftServerConfigKeys (ConfUtils.java:logGet(43)) - raft.server.log.queue.element-limit = 1024 (custom)
2019-09-26 13:29:17,053 [pool-77-thread-1] INFO  server.RaftServerConfigKeys (ConfUtils.java:logGet(43)) - raft.server.log.segment.size.max = 1048576 (custom)
2019-09-26 13:29:17,054 [pool-77-thread-1] INFO  server.RaftServerConfigKeys (ConfUtils.java:logGet(43)) - raft.server.log.preallocated.size = 16384 (custom)
2019-09-26 13:29:17,054 [pool-77-thread-1] INFO  server.RaftServerConfigKeys (ConfUtils.java:logGet(43)) - raft.server.log.write.buffer.size = 33554432 (custom)
2019-09-26 13:29:17,054 [pool-77-thread-1] INFO  server.RaftServerConfigKeys (ConfUtils.java:logGet(43)) - raft.server.log.force.sync.num = 128 (default)
2019-09-26 13:29:17,054 [pool-77-thread-1] INFO  server.RaftServerConfigKeys (ConfUtils.java:logGet(43)) - raft.server.log.statemachine.data.sync = true (default)
2019-09-26 13:29:17,054 [pool-77-thread-1] INFO  server.RaftServerConfigKeys (ConfUtils.java:logGet(43)) - raft.server.log.statemachine.data.sync.timeout = 10s (default)
2019-09-26 13:29:17,054 [pool-77-thread-1] INFO  server.RaftServerConfigKeys (ConfUtils.java:logGet(43)) - raft.server.log.statemachine.data.sync.timeout.retry = -1 (default)
2019-09-26 13:29:17,054 [pool-77-thread-1] INFO  server.RaftServerConfigKeys (ConfUtils.java:logGet(43)) - raft.server.log.statemachine.data.caching.enabled = true (custom)
2019-09-26 13:29:17,055 [pool-77-thread-1] INFO  segmented.SegmentedRaftLogWorker (SegmentedRaftLogWorker.java:lambda$new$0(132)) - 1987c896-e32f-4a06-ac9a-08216b278c2b@group-250EFCCDA40B-SegmentedRaftLogWorker: flushIndex: setUnconditionally 0 -> -1
2019-09-26 13:29:17,055 [pool-77-thread-1] INFO  server.RaftServerConfigKeys (ConfUtils.java:logGet(43)) - raft.server.snapshot.auto.trigger.enabled = true (custom)
2019-09-26 13:29:17,055 [pool-77-thread-1] INFO  server.RaftServerConfigKeys (ConfUtils.java:logGet(43)) - raft.server.snapshot.auto.trigger.threshold = 10000 (custom)
2019-09-26 13:29:17,055 [pool-77-thread-1] INFO  server.RaftServerConfigKeys (ConfUtils.java:logGet(43)) - raft.server.snapshot.retention.num.files = 5 (custom)
2019-09-26 13:29:17,055 [pool-77-thread-1] INFO  server.RaftServerConfigKeys (ConfUtils.java:logGet(43)) - raft.server.retrycache.expirytime = 600000ms (custom)
2019-09-26 13:29:17,057 [pool-77-thread-1] INFO  impl.RaftServerImpl (RaftServerImpl.java:start(185)) - 1987c896-e32f-4a06-ac9a-08216b278c2b@group-250EFCCDA40B: start as a follower, conf=-1: [1987c896-e32f-4a06-ac9a-08216b278c2b:192.168.164.238:46271], old=null
2019-09-26 13:29:17,057 [pool-77-thread-1] INFO  impl.RaftServerImpl (RaftServerImpl.java:setRole(174)) - 1987c896-e32f-4a06-ac9a-08216b278c2b@group-250EFCCDA40B: changes role from      null to FOLLOWER at term 0 for startAsFollower
2019-09-26 13:29:17,057 [pool-77-thread-1] INFO  impl.RoleInfo (RoleInfo.java:updateAndGet(143)) - 1987c896-e32f-4a06-ac9a-08216b278c2b: start FollowerState
2019-09-26 13:29:17,058 [pool-77-thread-1] INFO  util.JmxRegister (JmxRegister.java:tryRegister(44)) - Successfully registered JMX Bean with object name Ratis:service=RaftServer,group=group-250EFCCDA40B,id=1987c896-e32f-4a06-ac9a-08216b278c2b
2019-09-26 13:29:17,060 [RatisPipelineUtilsThread] INFO  pipeline.PipelineStateManager (PipelineStateManager.java:addPipeline(56)) - Created pipeline Pipeline[ Id: 1700aaa9-0dd0-44a4-b717-250efccda40b, Nodes: 1987c896-e32f-4a06-ac9a-08216b278c2b{ip: 192.168.164.238, host: pr-hdds-1569-87zkn-1081879488, networkLocation: /default-rack, certSerialId: null}, Type:RATIS, Factor:ONE, State:OPEN]
2019-09-26 13:29:17,060 [RatisPipelineUtilsThread] INFO  pipeline.PipelinePlacementPolicy (PipelinePlacementPolicy.java:meetCriteria(91)) - Pipeline Placement: can't place more pipeline on heavy datanode： 2bceee89-654d-4083-a39a-484f868bd9b7 Heaviness: 6 limit: 5
2019-09-26 13:29:17,060 [RatisPipelineUtilsThread] INFO  pipeline.PipelinePlacementPolicy (PipelinePlacementPolicy.java:meetCriteria(91)) - Pipeline Placement: can't place more pipeline on heavy datanode： 84fdec62-d817-45bb-98fc-971264b4d85b Heaviness: 6 limit: 5
2019-09-26 13:29:17,061 [RatisPipelineUtilsThread] INFO  pipeline.PipelinePlacementPolicy (PipelinePlacementPolicy.java:meetCriteria(91)) - Pipeline Placement: can't place more pipeline on heavy datanode： e1d07e13-fba7-421e-90fa-c7d02cfb4ed9 Heaviness: 6 limit: 5
2019-09-26 13:29:17,061 [RatisPipelineUtilsThread] INFO  pipeline.PipelinePlacementPolicy (PipelinePlacementPolicy.java:meetCriteria(91)) - Pipeline Placement: can't place more pipeline on heavy datanode： 6bbb30bf-68fb-49c7-a700-39ca06a4595f Heaviness: 6 limit: 5
2019-09-26 13:29:17,061 [RatisPipelineUtilsThread] INFO  pipeline.PipelinePlacementPolicy (PipelinePlacementPolicy.java:meetCriteria(91)) - Pipeline Placement: can't place more pipeline on heavy datanode： 281e93f8-a9fe-4958-a33a-388335a7b504 Heaviness: 6 limit: 5
2019-09-26 13:29:17,061 [RatisPipelineUtilsThread] INFO  pipeline.PipelinePlacementPolicy (PipelinePlacementPolicy.java:meetCriteria(91)) - Pipeline Placement: can't place more pipeline on heavy datanode： 921dbd79-5e7d-43e7-a946-6392aa4a26bd Heaviness: 6 limit: 5
2019-09-26 13:29:17,061 [RatisPipelineUtilsThread] INFO  pipeline.PipelinePlacementPolicy (PipelinePlacementPolicy.java:meetCriteria(91)) - Pipeline Placement: can't place more pipeline on heavy datanode： 1987c896-e32f-4a06-ac9a-08216b278c2b Heaviness: 6 limit: 5
2019-09-26 13:29:17,065 [grpc-default-executor-1] INFO  impl.RaftServerProxy (RaftServerProxy.java:addNew(89)) - 8cfabaed-6bfa-4340-a894-a45e2e16f787: addNew group-EB765BD4DA04:[8cfabaed-6bfa-4340-a894-a45e2e16f787:192.168.164.238:43170] returns group-EB765BD4DA04:java.util.concurrent.CompletableFuture@6053b139[Not completed]
2019-09-26 13:29:17,066 [pool-97-thread-1] INFO  impl.RaftServerImpl (RaftServerImpl.java:<init>(95)) - 8cfabaed-6bfa-4340-a894-a45e2e16f787: new RaftServerImpl for group-EB765BD4DA04:[8cfabaed-6bfa-4340-a894-a45e2e16f787:192.168.164.238:43170] with ContainerStateMachine:uninitialized
2019-09-26 13:29:17,066 [pool-97-thread-1] INFO  server.RaftServerConfigKeys (ConfUtils.java:logGet(43)) - raft.server.rpc.timeout.min = 5s (custom)
2019-09-26 13:29:17,066 [pool-97-thread-1] INFO  server.RaftServerConfigKeys (ConfUtils.java:logGet(43)) - raft.server.rpc.timeout.max = 5200ms (custom)
2019-09-26 13:29:17,066 [pool-97-thread-1] INFO  server.RaftServerConfigKeys (ConfUtils.java:logGet(43)) - raft.server.rpcslowness.timeout = 120s (custom)
2019-09-26 13:29:17,066 [pool-97-thread-1] INFO  server.RaftServerConfigKeys (ConfUtils.java:logGet(43)) - raft.server.sleep.deviation.threshold = 300 (default)
2019-09-26 13:29:17,066 [pool-97-thread-1] INFO  server.RaftServerConfigKeys (ConfUtils.java:logGet(43)) - raft.server.log.appender.install.snapshot.enabled = false (custom)
2019-09-26 13:29:17,067 [pool-97-thread-1] INFO  impl.RaftServerImpl (ServerState.java:<init>(103)) - 8cfabaed-6bfa-4340-a894-a45e2e16f787@group-EB765BD4DA04: ConfigurationManager, init=-1: [8cfabaed-6bfa-4340-a894-a45e2e16f787:192.168.164.238:43170], old=null, confs=<EMPTY_MAP>
2019-09-26 13:29:17,067 [pool-97-thread-1] INFO  server.RaftServerConfigKeys (ConfUtils.java:logGet(43)) - raft.server.storage.dir = [/workdir/hadoop-ozone/ozonefs/target/test-dir/MiniOzoneClusterImpl-8b6a8972-8eda-4f33-b3cf-a560ba2c5b87/datanode-7/data/ratis] (custom)
2019-09-26 13:29:17,067 [pool-97-thread-1] INFO  storage.RaftStorageDirectory (RaftStorageDirectory.java:analyzeStorage(246)) - The storage directory /workdir/hadoop-ozone/ozonefs/target/test-dir/MiniOzoneClusterImpl-8b6a8972-8eda-4f33-b3cf-a560ba2c5b87/datanode-7/data/ratis/0c6b9fc9-6ec6-4292-8769-eb765bd4da04 does not exist. Creating ...
2019-09-26 13:29:17,079 [pool-97-thread-1] INFO  storage.RaftStorageDirectory (RaftStorageDirectory.java:tryLock(328)) - Lock on /workdir/hadoop-ozone/ozonefs/target/test-dir/MiniOzoneClusterImpl-8b6a8972-8eda-4f33-b3cf-a560ba2c5b87/datanode-7/data/ratis/0c6b9fc9-6ec6-4292-8769-eb765bd4da04/in_use.lock acquired by nodename 6686@pr-hdds-1569-87zkn-1081879488
2019-09-26 13:29:17,092 [pool-97-thread-1] INFO  storage.RaftStorage (RaftStorage.java:format(72)) - Storage directory /workdir/hadoop-ozone/ozonefs/target/test-dir/MiniOzoneClusterImpl-8b6a8972-8eda-4f33-b3cf-a560ba2c5b87/datanode-7/data/ratis/0c6b9fc9-6ec6-4292-8769-eb765bd4da04 has been successfully formatted.
2019-09-26 13:29:17,092 [pool-97-thread-1] INFO  ratis.ContainerStateMachine (ContainerStateMachine.java:loadSnapshot(230)) - group-EB765BD4DA04: The snapshot info is null. Setting the last applied indexto:(t:0, i:~)
2019-09-26 13:29:17,092 [pool-97-thread-1] INFO  server.RaftServerConfigKeys (ConfUtils.java:logGet(43)) - raft.server.notification.no-leader.timeout = 120s (custom)
2019-09-26 13:29:17,092 [pool-97-thread-1] INFO  server.RaftServerConfigKeys (ConfUtils.java:logGet(43)) - raft.server.log.use.memory = false (default)
2019-09-26 13:29:17,092 [pool-97-thread-1] INFO  server.RaftServerConfigKeys (ConfUtils.java:logGet(43)) - raft.server.log.purge.gap = 1000000 (custom)
2019-09-26 13:29:17,092 [pool-97-thread-1] INFO  server.RaftServerConfigKeys (ConfUtils.java:logGet(43)) - raft.server.log.appender.buffer.byte-limit = 33554432 (custom)
2019-09-26 13:29:17,093 [pool-97-thread-1] INFO  server.RaftServerConfigKeys (ConfUtils.java:logGet(43)) - raft.server.log.segment.size.max = 1048576 (custom)
2019-09-26 13:29:17,093 [pool-97-thread-1] INFO  server.RaftServerConfigKeys (ConfUtils.java:logGet(43)) - raft.server.log.segment.cache.num.max = 2 (custom)
2019-09-26 13:29:17,093 [pool-97-thread-1] INFO  segmented.SegmentedRaftLogWorker (SegmentedRaftLogWorker.java:<init>(172)) - new 8cfabaed-6bfa-4340-a894-a45e2e16f787@group-EB765BD4DA04-SegmentedRaftLogWorker for RaftStorage:Storage Directory /workdir/hadoop-ozone/ozonefs/target/test-dir/MiniOzoneClusterImpl-8b6a8972-8eda-4f33-b3cf-a560ba2c5b87/datanode-7/data/ratis/0c6b9fc9-6ec6-4292-8769-eb765bd4da04
2019-09-26 13:29:17,093 [pool-97-thread-1] INFO  server.RaftServerConfigKeys (ConfUtils.java:logGet(43)) - raft.server.log.queue.byte-limit = 2147483647 (custom)
2019-09-26 13:29:17,093 [pool-97-thread-1] INFO  server.RaftServerConfigKeys (ConfUtils.java:logGet(43)) - raft.server.log.queue.element-limit = 1024 (custom)
2019-09-26 13:29:17,093 [pool-97-thread-1] INFO  server.RaftServerConfigKeys (ConfUtils.java:logGet(43)) - raft.server.log.segment.size.max = 1048576 (custom)
2019-09-26 13:29:17,093 [pool-97-thread-1] INFO  server.RaftServerConfigKeys (ConfUtils.java:logGet(43)) - raft.server.log.preallocated.size = 16384 (custom)
2019-09-26 13:29:17,093 [pool-97-thread-1] INFO  server.RaftServerConfigKeys (ConfUtils.java:logGet(43)) - raft.server.log.write.buffer.size = 33554432 (custom)
2019-09-26 13:29:17,093 [pool-97-thread-1] INFO  server.RaftServerConfigKeys (ConfUtils.java:logGet(43)) - raft.server.log.force.sync.num = 128 (default)
2019-09-26 13:29:17,093 [pool-97-thread-1] INFO  server.RaftServerConfigKeys (ConfUtils.java:logGet(43)) - raft.server.log.statemachine.data.sync = true (default)
2019-09-26 13:29:17,094 [pool-97-thread-1] INFO  server.RaftServerConfigKeys (ConfUtils.java:logGet(43)) - raft.server.log.statemachine.data.sync.timeout = 10s (default)
2019-09-26 13:29:17,094 [pool-97-thread-1] INFO  server.RaftServerConfigKeys (ConfUtils.java:logGet(43)) - raft.server.log.statemachine.data.sync.timeout.retry = -1 (default)
2019-09-26 13:29:17,094 [pool-97-thread-1] INFO  server.RaftServerConfigKeys (ConfUtils.java:logGet(43)) - raft.server.log.statemachine.data.caching.enabled = true (custom)
2019-09-26 13:29:17,094 [pool-97-thread-1] INFO  segmented.SegmentedRaftLogWorker (SegmentedRaftLogWorker.java:lambda$new$0(132)) - 8cfabaed-6bfa-4340-a894-a45e2e16f787@group-EB765BD4DA04-SegmentedRaftLogWorker: flushIndex: setUnconditionally 0 -> -1
2019-09-26 13:29:17,094 [pool-97-thread-1] INFO  server.RaftServerConfigKeys (ConfUtils.java:logGet(43)) - raft.server.snapshot.auto.trigger.enabled = true (custom)
2019-09-26 13:29:17,094 [pool-97-thread-1] INFO  server.RaftServerConfigKeys (ConfUtils.java:logGet(43)) - raft.server.snapshot.auto.trigger.threshold = 10000 (custom)
2019-09-26 13:29:17,094 [pool-97-thread-1] INFO  server.RaftServerConfigKeys (ConfUtils.java:logGet(43)) - raft.server.snapshot.retention.num.files = 5 (custom)
2019-09-26 13:29:17,095 [pool-97-thread-1] INFO  server.RaftServerConfigKeys (ConfUtils.java:logGet(43)) - raft.server.retrycache.expirytime = 600000ms (custom)
2019-09-26 13:29:17,096 [pool-97-thread-1] INFO  impl.RaftServerImpl (RaftServerImpl.java:start(185)) - 8cfabaed-6bfa-4340-a894-a45e2e16f787@group-EB765BD4DA04: start as a follower, conf=-1: [8cfabaed-6bfa-4340-a894-a45e2e16f787:192.168.164.238:43170], old=null
2019-09-26 13:29:17,096 [pool-97-thread-1] INFO  impl.RaftServerImpl (RaftServerImpl.java:setRole(174)) - 8cfabaed-6bfa-4340-a894-a45e2e16f787@group-EB765BD4DA04: changes role from      null to FOLLOWER at term 0 for startAsFollower
2019-09-26 13:29:17,097 [pool-97-thread-1] INFO  impl.RoleInfo (RoleInfo.java:updateAndGet(143)) - 8cfabaed-6bfa-4340-a894-a45e2e16f787: start FollowerState
2019-09-26 13:29:17,097 [pool-97-thread-1] INFO  util.JmxRegister (JmxRegister.java:tryRegister(44)) - Successfully registered JMX Bean with object name Ratis:service=RaftServer,group=group-EB765BD4DA04,id=8cfabaed-6bfa-4340-a894-a45e2e16f787
2019-09-26 13:29:17,099 [RatisPipelineUtilsThread] INFO  pipeline.PipelineStateManager (PipelineStateManager.java:addPipeline(56)) - Created pipeline Pipeline[ Id: 0c6b9fc9-6ec6-4292-8769-eb765bd4da04, Nodes: 8cfabaed-6bfa-4340-a894-a45e2e16f787{ip: 192.168.164.238, host: pr-hdds-1569-87zkn-1081879488, networkLocation: /default-rack, certSerialId: null}, Type:RATIS, Factor:ONE, State:OPEN]
2019-09-26 13:29:17,100 [RatisPipelineUtilsThread] INFO  pipeline.PipelinePlacementPolicy (PipelinePlacementPolicy.java:meetCriteria(91)) - Pipeline Placement: can't place more pipeline on heavy datanode： 2bceee89-654d-4083-a39a-484f868bd9b7 Heaviness: 6 limit: 5
2019-09-26 13:29:17,100 [RatisPipelineUtilsThread] INFO  pipeline.PipelinePlacementPolicy (PipelinePlacementPolicy.java:meetCriteria(91)) - Pipeline Placement: can't place more pipeline on heavy datanode： 84fdec62-d817-45bb-98fc-971264b4d85b Heaviness: 6 limit: 5
2019-09-26 13:29:17,100 [RatisPipelineUtilsThread] INFO  pipeline.PipelinePlacementPolicy (PipelinePlacementPolicy.java:meetCriteria(91)) - Pipeline Placement: can't place more pipeline on heavy datanode： e1d07e13-fba7-421e-90fa-c7d02cfb4ed9 Heaviness: 6 limit: 5
2019-09-26 13:29:17,101 [RatisPipelineUtilsThread] INFO  pipeline.PipelinePlacementPolicy (PipelinePlacementPolicy.java:meetCriteria(91)) - Pipeline Placement: can't place more pipeline on heavy datanode： 8cfabaed-6bfa-4340-a894-a45e2e16f787 Heaviness: 6 limit: 5
2019-09-26 13:29:17,101 [RatisPipelineUtilsThread] INFO  pipeline.PipelinePlacementPolicy (PipelinePlacementPolicy.java:meetCriteria(91)) - Pipeline Placement: can't place more pipeline on heavy datanode： 6bbb30bf-68fb-49c7-a700-39ca06a4595f Heaviness: 6 limit: 5
2019-09-26 13:29:17,101 [RatisPipelineUtilsThread] INFO  pipeline.PipelinePlacementPolicy (PipelinePlacementPolicy.java:meetCriteria(91)) - Pipeline Placement: can't place more pipeline on heavy datanode： 281e93f8-a9fe-4958-a33a-388335a7b504 Heaviness: 6 limit: 5
2019-09-26 13:29:17,101 [RatisPipelineUtilsThread] INFO  pipeline.PipelinePlacementPolicy (PipelinePlacementPolicy.java:meetCriteria(91)) - Pipeline Placement: can't place more pipeline on heavy datanode： 921dbd79-5e7d-43e7-a946-6392aa4a26bd Heaviness: 6 limit: 5
2019-09-26 13:29:17,102 [RatisPipelineUtilsThread] INFO  pipeline.PipelinePlacementPolicy (PipelinePlacementPolicy.java:meetCriteria(91)) - Pipeline Placement: can't place more pipeline on heavy datanode： 1987c896-e32f-4a06-ac9a-08216b278c2b Heaviness: 6 limit: 5
2019-09-26 13:29:17,107 [grpc-default-executor-1] INFO  impl.RaftServerProxy (RaftServerProxy.java:addNew(89)) - ca8c9a5b-93b8-4627-a261-13e3335d5af1: addNew group-914AADE6CDB9:[ca8c9a5b-93b8-4627-a261-13e3335d5af1:192.168.164.238:36992] returns group-914AADE6CDB9:java.util.concurrent.CompletableFuture@5060e5dd[Not completed]
2019-09-26 13:29:17,108 [pool-117-thread-1] INFO  impl.RaftServerImpl (RaftServerImpl.java:<init>(95)) - ca8c9a5b-93b8-4627-a261-13e3335d5af1: new RaftServerImpl for group-914AADE6CDB9:[ca8c9a5b-93b8-4627-a261-13e3335d5af1:192.168.164.238:36992] with ContainerStateMachine:uninitialized
2019-09-26 13:29:17,109 [pool-117-thread-1] INFO  server.RaftServerConfigKeys (ConfUtils.java:logGet(43)) - raft.server.rpc.timeout.min = 5s (custom)
2019-09-26 13:29:17,109 [pool-117-thread-1] INFO  server.RaftServerConfigKeys (ConfUtils.java:logGet(43)) - raft.server.rpc.timeout.max = 5200ms (custom)
2019-09-26 13:29:17,109 [pool-117-thread-1] INFO  server.RaftServerConfigKeys (ConfUtils.java:logGet(43)) - raft.server.rpcslowness.timeout = 120s (custom)
2019-09-26 13:29:17,109 [pool-117-thread-1] INFO  server.RaftServerConfigKeys (ConfUtils.java:logGet(43)) - raft.server.sleep.deviation.threshold = 300 (default)
2019-09-26 13:29:17,109 [pool-117-thread-1] INFO  server.RaftServerConfigKeys (ConfUtils.java:logGet(43)) - raft.server.log.appender.install.snapshot.enabled = false (custom)
2019-09-26 13:29:17,109 [pool-117-thread-1] INFO  impl.RaftServerImpl (ServerState.java:<init>(103)) - ca8c9a5b-93b8-4627-a261-13e3335d5af1@group-914AADE6CDB9: ConfigurationManager, init=-1: [ca8c9a5b-93b8-4627-a261-13e3335d5af1:192.168.164.238:36992], old=null, confs=<EMPTY_MAP>
2019-09-26 13:29:17,110 [pool-117-thread-1] INFO  server.RaftServerConfigKeys (ConfUtils.java:logGet(43)) - raft.server.storage.dir = [/workdir/hadoop-ozone/ozonefs/target/test-dir/MiniOzoneClusterImpl-8b6a8972-8eda-4f33-b3cf-a560ba2c5b87/datanode-9/data/ratis] (custom)
2019-09-26 13:29:17,110 [pool-117-thread-1] INFO  storage.RaftStorageDirectory (RaftStorageDirectory.java:analyzeStorage(246)) - The storage directory /workdir/hadoop-ozone/ozonefs/target/test-dir/MiniOzoneClusterImpl-8b6a8972-8eda-4f33-b3cf-a560ba2c5b87/datanode-9/data/ratis/eb8bea45-b362-4916-9aac-914aade6cdb9 does not exist. Creating ...
2019-09-26 13:29:17,124 [pool-117-thread-1] INFO  storage.RaftStorageDirectory (RaftStorageDirectory.java:tryLock(328)) - Lock on /workdir/hadoop-ozone/ozonefs/target/test-dir/MiniOzoneClusterImpl-8b6a8972-8eda-4f33-b3cf-a560ba2c5b87/datanode-9/data/ratis/eb8bea45-b362-4916-9aac-914aade6cdb9/in_use.lock acquired by nodename 6686@pr-hdds-1569-87zkn-1081879488
2019-09-26 13:29:17,138 [pool-117-thread-1] INFO  storage.RaftStorage (RaftStorage.java:format(72)) - Storage directory /workdir/hadoop-ozone/ozonefs/target/test-dir/MiniOzoneClusterImpl-8b6a8972-8eda-4f33-b3cf-a560ba2c5b87/datanode-9/data/ratis/eb8bea45-b362-4916-9aac-914aade6cdb9 has been successfully formatted.
2019-09-26 13:29:17,138 [pool-117-thread-1] INFO  ratis.ContainerStateMachine (ContainerStateMachine.java:loadSnapshot(230)) - group-914AADE6CDB9: The snapshot info is null. Setting the last applied indexto:(t:0, i:~)
2019-09-26 13:29:17,138 [pool-117-thread-1] INFO  server.RaftServerConfigKeys (ConfUtils.java:logGet(43)) - raft.server.notification.no-leader.timeout = 120s (custom)
2019-09-26 13:29:17,139 [pool-117-thread-1] INFO  server.RaftServerConfigKeys (ConfUtils.java:logGet(43)) - raft.server.log.use.memory = false (default)
2019-09-26 13:29:17,139 [pool-117-thread-1] INFO  server.RaftServerConfigKeys (ConfUtils.java:logGet(43)) - raft.server.log.purge.gap = 1000000 (custom)
2019-09-26 13:29:17,139 [pool-117-thread-1] INFO  server.RaftServerConfigKeys (ConfUtils.java:logGet(43)) - raft.server.log.appender.buffer.byte-limit = 33554432 (custom)
2019-09-26 13:29:17,139 [pool-117-thread-1] INFO  server.RaftServerConfigKeys (ConfUtils.java:logGet(43)) - raft.server.log.segment.size.max = 1048576 (custom)
2019-09-26 13:29:17,139 [pool-117-thread-1] INFO  server.RaftServerConfigKeys (ConfUtils.java:logGet(43)) - raft.server.log.segment.cache.num.max = 2 (custom)
2019-09-26 13:29:17,139 [pool-117-thread-1] INFO  segmented.SegmentedRaftLogWorker (SegmentedRaftLogWorker.java:<init>(172)) - new ca8c9a5b-93b8-4627-a261-13e3335d5af1@group-914AADE6CDB9-SegmentedRaftLogWorker for RaftStorage:Storage Directory /workdir/hadoop-ozone/ozonefs/target/test-dir/MiniOzoneClusterImpl-8b6a8972-8eda-4f33-b3cf-a560ba2c5b87/datanode-9/data/ratis/eb8bea45-b362-4916-9aac-914aade6cdb9
2019-09-26 13:29:17,140 [pool-117-thread-1] INFO  server.RaftServerConfigKeys (ConfUtils.java:logGet(43)) - raft.server.log.queue.byte-limit = 2147483647 (custom)
2019-09-26 13:29:17,140 [pool-117-thread-1] INFO  server.RaftServerConfigKeys (ConfUtils.java:logGet(43)) - raft.server.log.queue.element-limit = 1024 (custom)
2019-09-26 13:29:17,140 [pool-117-thread-1] INFO  server.RaftServerConfigKeys (ConfUtils.java:logGet(43)) - raft.server.log.segment.size.max = 1048576 (custom)
2019-09-26 13:29:17,140 [pool-117-thread-1] INFO  server.RaftServerConfigKeys (ConfUtils.java:logGet(43)) - raft.server.log.preallocated.size = 16384 (custom)
2019-09-26 13:29:17,140 [pool-117-thread-1] INFO  server.RaftServerConfigKeys (ConfUtils.java:logGet(43)) - raft.server.log.write.buffer.size = 33554432 (custom)
2019-09-26 13:29:17,140 [pool-117-thread-1] INFO  server.RaftServerConfigKeys (ConfUtils.java:logGet(43)) - raft.server.log.force.sync.num = 128 (default)
2019-09-26 13:29:17,140 [pool-117-thread-1] INFO  server.RaftServerConfigKeys (ConfUtils.java:logGet(43)) - raft.server.log.statemachine.data.sync = true (default)
2019-09-26 13:29:17,141 [pool-117-thread-1] INFO  server.RaftServerConfigKeys (ConfUtils.java:logGet(43)) - raft.server.log.statemachine.data.sync.timeout = 10s (default)
2019-09-26 13:29:17,141 [pool-117-thread-1] INFO  server.RaftServerConfigKeys (ConfUtils.java:logGet(43)) - raft.server.log.statemachine.data.sync.timeout.retry = -1 (default)
2019-09-26 13:29:17,141 [pool-117-thread-1] INFO  server.RaftServerConfigKeys (ConfUtils.java:logGet(43)) - raft.server.log.statemachine.data.caching.enabled = true (custom)
2019-09-26 13:29:17,141 [pool-117-thread-1] INFO  segmented.SegmentedRaftLogWorker (SegmentedRaftLogWorker.java:lambda$new$0(132)) - ca8c9a5b-93b8-4627-a261-13e3335d5af1@group-914AADE6CDB9-SegmentedRaftLogWorker: flushIndex: setUnconditionally 0 -> -1
2019-09-26 13:29:17,142 [pool-117-thread-1] INFO  server.RaftServerConfigKeys (ConfUtils.java:logGet(43)) - raft.server.snapshot.auto.trigger.enabled = true (custom)
2019-09-26 13:29:17,142 [pool-117-thread-1] INFO  server.RaftServerConfigKeys (ConfUtils.java:logGet(43)) - raft.server.snapshot.auto.trigger.threshold = 10000 (custom)
2019-09-26 13:29:17,142 [pool-117-thread-1] INFO  server.RaftServerConfigKeys (ConfUtils.java:logGet(43)) - raft.server.snapshot.retention.num.files = 5 (custom)
2019-09-26 13:29:17,142 [pool-117-thread-1] INFO  server.RaftServerConfigKeys (ConfUtils.java:logGet(43)) - raft.server.retrycache.expirytime = 600000ms (custom)
2019-09-26 13:29:17,144 [pool-117-thread-1] INFO  impl.RaftServerImpl (RaftServerImpl.java:start(185)) - ca8c9a5b-93b8-4627-a261-13e3335d5af1@group-914AADE6CDB9: start as a follower, conf=-1: [ca8c9a5b-93b8-4627-a261-13e3335d5af1:192.168.164.238:36992], old=null
2019-09-26 13:29:17,145 [pool-117-thread-1] INFO  impl.RaftServerImpl (RaftServerImpl.java:setRole(174)) - ca8c9a5b-93b8-4627-a261-13e3335d5af1@group-914AADE6CDB9: changes role from      null to FOLLOWER at term 0 for startAsFollower
2019-09-26 13:29:17,145 [pool-117-thread-1] INFO  impl.RoleInfo (RoleInfo.java:updateAndGet(143)) - ca8c9a5b-93b8-4627-a261-13e3335d5af1: start FollowerState
2019-09-26 13:29:17,145 [pool-117-thread-1] INFO  util.JmxRegister (JmxRegister.java:tryRegister(44)) - Successfully registered JMX Bean with object name Ratis:service=RaftServer,group=group-914AADE6CDB9,id=ca8c9a5b-93b8-4627-a261-13e3335d5af1
2019-09-26 13:29:17,148 [RatisPipelineUtilsThread] INFO  pipeline.PipelineStateManager (PipelineStateManager.java:addPipeline(56)) - Created pipeline Pipeline[ Id: eb8bea45-b362-4916-9aac-914aade6cdb9, Nodes: ca8c9a5b-93b8-4627-a261-13e3335d5af1{ip: 192.168.164.238, host: pr-hdds-1569-87zkn-1081879488, networkLocation: /default-rack, certSerialId: null}, Type:RATIS, Factor:ONE, State:OPEN]
2019-09-26 13:29:17,148 [RatisPipelineUtilsThread] INFO  pipeline.PipelinePlacementPolicy (PipelinePlacementPolicy.java:meetCriteria(91)) - Pipeline Placement: can't place more pipeline on heavy datanode： 2bceee89-654d-4083-a39a-484f868bd9b7 Heaviness: 6 limit: 5
2019-09-26 13:29:17,148 [RatisPipelineUtilsThread] INFO  pipeline.PipelinePlacementPolicy (PipelinePlacementPolicy.java:meetCriteria(91)) - Pipeline Placement: can't place more pipeline on heavy datanode： 84fdec62-d817-45bb-98fc-971264b4d85b Heaviness: 6 limit: 5
2019-09-26 13:29:17,148 [RatisPipelineUtilsThread] INFO  pipeline.PipelinePlacementPolicy (PipelinePlacementPolicy.java:meetCriteria(91)) - Pipeline Placement: can't place more pipeline on heavy datanode： e1d07e13-fba7-421e-90fa-c7d02cfb4ed9 Heaviness: 6 limit: 5
2019-09-26 13:29:17,148 [RatisPipelineUtilsThread] INFO  pipeline.PipelinePlacementPolicy (PipelinePlacementPolicy.java:meetCriteria(91)) - Pipeline Placement: can't place more pipeline on heavy datanode： 8cfabaed-6bfa-4340-a894-a45e2e16f787 Heaviness: 6 limit: 5
2019-09-26 13:29:17,148 [RatisPipelineUtilsThread] INFO  pipeline.PipelinePlacementPolicy (PipelinePlacementPolicy.java:meetCriteria(91)) - Pipeline Placement: can't place more pipeline on heavy datanode： 6bbb30bf-68fb-49c7-a700-39ca06a4595f Heaviness: 6 limit: 5
2019-09-26 13:29:17,148 [RatisPipelineUtilsThread] INFO  pipeline.PipelinePlacementPolicy (PipelinePlacementPolicy.java:meetCriteria(91)) - Pipeline Placement: can't place more pipeline on heavy datanode： 281e93f8-a9fe-4958-a33a-388335a7b504 Heaviness: 6 limit: 5
2019-09-26 13:29:17,148 [RatisPipelineUtilsThread] INFO  pipeline.PipelinePlacementPolicy (PipelinePlacementPolicy.java:meetCriteria(91)) - Pipeline Placement: can't place more pipeline on heavy datanode： 921dbd79-5e7d-43e7-a946-6392aa4a26bd Heaviness: 6 limit: 5
2019-09-26 13:29:17,149 [RatisPipelineUtilsThread] INFO  pipeline.PipelinePlacementPolicy (PipelinePlacementPolicy.java:meetCriteria(91)) - Pipeline Placement: can't place more pipeline on heavy datanode： 1987c896-e32f-4a06-ac9a-08216b278c2b Heaviness: 6 limit: 5
2019-09-26 13:29:17,154 [grpc-default-executor-1] INFO  impl.RaftServerProxy (RaftServerProxy.java:addNew(89)) - 84b4f0f2-647b-40e2-8663-a3f3ce0b3f80: addNew group-2474FBCAC077:[84b4f0f2-647b-40e2-8663-a3f3ce0b3f80:192.168.164.238:46549] returns group-2474FBCAC077:java.util.concurrent.CompletableFuture@5e04c579[Not completed]
2019-09-26 13:29:17,155 [pool-107-thread-1] INFO  impl.RaftServerImpl (RaftServerImpl.java:<init>(95)) - 84b4f0f2-647b-40e2-8663-a3f3ce0b3f80: new RaftServerImpl for group-2474FBCAC077:[84b4f0f2-647b-40e2-8663-a3f3ce0b3f80:192.168.164.238:46549] with ContainerStateMachine:uninitialized
2019-09-26 13:29:17,155 [pool-107-thread-1] INFO  server.RaftServerConfigKeys (ConfUtils.java:logGet(43)) - raft.server.rpc.timeout.min = 5s (custom)
2019-09-26 13:29:17,155 [pool-107-thread-1] INFO  server.RaftServerConfigKeys (ConfUtils.java:logGet(43)) - raft.server.rpc.timeout.max = 5200ms (custom)
2019-09-26 13:29:17,155 [pool-107-thread-1] INFO  server.RaftServerConfigKeys (ConfUtils.java:logGet(43)) - raft.server.rpcslowness.timeout = 120s (custom)
2019-09-26 13:29:17,155 [pool-107-thread-1] INFO  server.RaftServerConfigKeys (ConfUtils.java:logGet(43)) - raft.server.sleep.deviation.threshold = 300 (default)
2019-09-26 13:29:17,155 [pool-107-thread-1] INFO  server.RaftServerConfigKeys (ConfUtils.java:logGet(43)) - raft.server.log.appender.install.snapshot.enabled = false (custom)
2019-09-26 13:29:17,156 [pool-107-thread-1] INFO  impl.RaftServerImpl (ServerState.java:<init>(103)) - 84b4f0f2-647b-40e2-8663-a3f3ce0b3f80@group-2474FBCAC077: ConfigurationManager, init=-1: [84b4f0f2-647b-40e2-8663-a3f3ce0b3f80:192.168.164.238:46549], old=null, confs=<EMPTY_MAP>
2019-09-26 13:29:17,156 [pool-107-thread-1] INFO  server.RaftServerConfigKeys (ConfUtils.java:logGet(43)) - raft.server.storage.dir = [/workdir/hadoop-ozone/ozonefs/target/test-dir/MiniOzoneClusterImpl-8b6a8972-8eda-4f33-b3cf-a560ba2c5b87/datanode-8/data/ratis] (custom)
2019-09-26 13:29:17,156 [pool-107-thread-1] INFO  storage.RaftStorageDirectory (RaftStorageDirectory.java:analyzeStorage(246)) - The storage directory /workdir/hadoop-ozone/ozonefs/target/test-dir/MiniOzoneClusterImpl-8b6a8972-8eda-4f33-b3cf-a560ba2c5b87/datanode-8/data/ratis/dbd7a6b0-d0af-4f2e-a4b2-2474fbcac077 does not exist. Creating ...
2019-09-26 13:29:17,169 [pool-107-thread-1] INFO  storage.RaftStorageDirectory (RaftStorageDirectory.java:tryLock(328)) - Lock on /workdir/hadoop-ozone/ozonefs/target/test-dir/MiniOzoneClusterImpl-8b6a8972-8eda-4f33-b3cf-a560ba2c5b87/datanode-8/data/ratis/dbd7a6b0-d0af-4f2e-a4b2-2474fbcac077/in_use.lock acquired by nodename 6686@pr-hdds-1569-87zkn-1081879488
2019-09-26 13:29:17,181 [pool-107-thread-1] INFO  storage.RaftStorage (RaftStorage.java:format(72)) - Storage directory /workdir/hadoop-ozone/ozonefs/target/test-dir/MiniOzoneClusterImpl-8b6a8972-8eda-4f33-b3cf-a560ba2c5b87/datanode-8/data/ratis/dbd7a6b0-d0af-4f2e-a4b2-2474fbcac077 has been successfully formatted.
2019-09-26 13:29:17,181 [pool-107-thread-1] INFO  ratis.ContainerStateMachine (ContainerStateMachine.java:loadSnapshot(230)) - group-2474FBCAC077: The snapshot info is null. Setting the last applied indexto:(t:0, i:~)
2019-09-26 13:29:17,181 [pool-107-thread-1] INFO  server.RaftServerConfigKeys (ConfUtils.java:logGet(43)) - raft.server.notification.no-leader.timeout = 120s (custom)
2019-09-26 13:29:17,181 [pool-107-thread-1] INFO  server.RaftServerConfigKeys (ConfUtils.java:logGet(43)) - raft.server.log.use.memory = false (default)
2019-09-26 13:29:17,181 [pool-107-thread-1] INFO  server.RaftServerConfigKeys (ConfUtils.java:logGet(43)) - raft.server.log.purge.gap = 1000000 (custom)
2019-09-26 13:29:17,182 [pool-107-thread-1] INFO  server.RaftServerConfigKeys (ConfUtils.java:logGet(43)) - raft.server.log.appender.buffer.byte-limit = 33554432 (custom)
2019-09-26 13:29:17,182 [pool-107-thread-1] INFO  server.RaftServerConfigKeys (ConfUtils.java:logGet(43)) - raft.server.log.segment.size.max = 1048576 (custom)
2019-09-26 13:29:17,182 [pool-107-thread-1] INFO  server.RaftServerConfigKeys (ConfUtils.java:logGet(43)) - raft.server.log.segment.cache.num.max = 2 (custom)
2019-09-26 13:29:17,182 [pool-107-thread-1] INFO  segmented.SegmentedRaftLogWorker (SegmentedRaftLogWorker.java:<init>(172)) - new 84b4f0f2-647b-40e2-8663-a3f3ce0b3f80@group-2474FBCAC077-SegmentedRaftLogWorker for RaftStorage:Storage Directory /workdir/hadoop-ozone/ozonefs/target/test-dir/MiniOzoneClusterImpl-8b6a8972-8eda-4f33-b3cf-a560ba2c5b87/datanode-8/data/ratis/dbd7a6b0-d0af-4f2e-a4b2-2474fbcac077
2019-09-26 13:29:17,182 [pool-107-thread-1] INFO  server.RaftServerConfigKeys (ConfUtils.java:logGet(43)) - raft.server.log.queue.byte-limit = 2147483647 (custom)
2019-09-26 13:29:17,182 [pool-107-thread-1] INFO  server.RaftServerConfigKeys (ConfUtils.java:logGet(43)) - raft.server.log.queue.element-limit = 1024 (custom)
2019-09-26 13:29:17,182 [pool-107-thread-1] INFO  server.RaftServerConfigKeys (ConfUtils.java:logGet(43)) - raft.server.log.segment.size.max = 1048576 (custom)
2019-09-26 13:29:17,182 [pool-107-thread-1] INFO  server.RaftServerConfigKeys (ConfUtils.java:logGet(43)) - raft.server.log.preallocated.size = 16384 (custom)
2019-09-26 13:29:17,182 [pool-107-thread-1] INFO  server.RaftServerConfigKeys (ConfUtils.java:logGet(43)) - raft.server.log.write.buffer.size = 33554432 (custom)
2019-09-26 13:29:17,182 [pool-107-thread-1] INFO  server.RaftServerConfigKeys (ConfUtils.java:logGet(43)) - raft.server.log.force.sync.num = 128 (default)
2019-09-26 13:29:17,182 [pool-107-thread-1] INFO  server.RaftServerConfigKeys (ConfUtils.java:logGet(43)) - raft.server.log.statemachine.data.sync = true (default)
2019-09-26 13:29:17,183 [pool-107-thread-1] INFO  server.RaftServerConfigKeys (ConfUtils.java:logGet(43)) - raft.server.log.statemachine.data.sync.timeout = 10s (default)
2019-09-26 13:29:17,183 [pool-107-thread-1] INFO  server.RaftServerConfigKeys (ConfUtils.java:logGet(43)) - raft.server.log.statemachine.data.sync.timeout.retry = -1 (default)
2019-09-26 13:29:17,183 [pool-107-thread-1] INFO  server.RaftServerConfigKeys (ConfUtils.java:logGet(43)) - raft.server.log.statemachine.data.caching.enabled = true (custom)
2019-09-26 13:29:17,183 [pool-107-thread-1] INFO  segmented.SegmentedRaftLogWorker (SegmentedRaftLogWorker.java:lambda$new$0(132)) - 84b4f0f2-647b-40e2-8663-a3f3ce0b3f80@group-2474FBCAC077-SegmentedRaftLogWorker: flushIndex: setUnconditionally 0 -> -1
2019-09-26 13:29:17,183 [pool-107-thread-1] INFO  server.RaftServerConfigKeys (ConfUtils.java:logGet(43)) - raft.server.snapshot.auto.trigger.enabled = true (custom)
2019-09-26 13:29:17,183 [pool-107-thread-1] INFO  server.RaftServerConfigKeys (ConfUtils.java:logGet(43)) - raft.server.snapshot.auto.trigger.threshold = 10000 (custom)
2019-09-26 13:29:17,183 [pool-107-thread-1] INFO  server.RaftServerConfigKeys (ConfUtils.java:logGet(43)) - raft.server.snapshot.retention.num.files = 5 (custom)
2019-09-26 13:29:17,184 [pool-107-thread-1] INFO  server.RaftServerConfigKeys (ConfUtils.java:logGet(43)) - raft.server.retrycache.expirytime = 600000ms (custom)
2019-09-26 13:29:17,185 [pool-107-thread-1] INFO  impl.RaftServerImpl (RaftServerImpl.java:start(185)) - 84b4f0f2-647b-40e2-8663-a3f3ce0b3f80@group-2474FBCAC077: start as a follower, conf=-1: [84b4f0f2-647b-40e2-8663-a3f3ce0b3f80:192.168.164.238:46549], old=null
2019-09-26 13:29:17,185 [pool-107-thread-1] INFO  impl.RaftServerImpl (RaftServerImpl.java:setRole(174)) - 84b4f0f2-647b-40e2-8663-a3f3ce0b3f80@group-2474FBCAC077: changes role from      null to FOLLOWER at term 0 for startAsFollower
2019-09-26 13:29:17,185 [pool-107-thread-1] INFO  impl.RoleInfo (RoleInfo.java:updateAndGet(143)) - 84b4f0f2-647b-40e2-8663-a3f3ce0b3f80: start FollowerState
2019-09-26 13:29:17,186 [pool-107-thread-1] INFO  util.JmxRegister (JmxRegister.java:tryRegister(44)) - Successfully registered JMX Bean with object name Ratis:service=RaftServer,group=group-2474FBCAC077,id=84b4f0f2-647b-40e2-8663-a3f3ce0b3f80
2019-09-26 13:29:17,188 [RatisPipelineUtilsThread] INFO  pipeline.PipelineStateManager (PipelineStateManager.java:addPipeline(56)) - Created pipeline Pipeline[ Id: dbd7a6b0-d0af-4f2e-a4b2-2474fbcac077, Nodes: 84b4f0f2-647b-40e2-8663-a3f3ce0b3f80{ip: 192.168.164.238, host: pr-hdds-1569-87zkn-1081879488, networkLocation: /default-rack, certSerialId: null}, Type:RATIS, Factor:ONE, State:OPEN]
2019-09-26 13:29:17,188 [RatisPipelineUtilsThread] INFO  pipeline.PipelinePlacementPolicy (PipelinePlacementPolicy.java:meetCriteria(91)) - Pipeline Placement: can't place more pipeline on heavy datanode： 2bceee89-654d-4083-a39a-484f868bd9b7 Heaviness: 6 limit: 5
2019-09-26 13:29:17,188 [RatisPipelineUtilsThread] INFO  pipeline.PipelinePlacementPolicy (PipelinePlacementPolicy.java:meetCriteria(91)) - Pipeline Placement: can't place more pipeline on heavy datanode： 84fdec62-d817-45bb-98fc-971264b4d85b Heaviness: 6 limit: 5
2019-09-26 13:29:17,189 [RatisPipelineUtilsThread] INFO  pipeline.PipelinePlacementPolicy (PipelinePlacementPolicy.java:meetCriteria(91)) - Pipeline Placement: can't place more pipeline on heavy datanode： e1d07e13-fba7-421e-90fa-c7d02cfb4ed9 Heaviness: 6 limit: 5
2019-09-26 13:29:17,189 [RatisPipelineUtilsThread] INFO  pipeline.PipelinePlacementPolicy (PipelinePlacementPolicy.java:meetCriteria(91)) - Pipeline Placement: can't place more pipeline on heavy datanode： 8cfabaed-6bfa-4340-a894-a45e2e16f787 Heaviness: 6 limit: 5
2019-09-26 13:29:17,189 [RatisPipelineUtilsThread] INFO  pipeline.PipelinePlacementPolicy (PipelinePlacementPolicy.java:meetCriteria(91)) - Pipeline Placement: can't place more pipeline on heavy datanode： 6bbb30bf-68fb-49c7-a700-39ca06a4595f Heaviness: 6 limit: 5
2019-09-26 13:29:17,189 [RatisPipelineUtilsThread] INFO  pipeline.PipelinePlacementPolicy (PipelinePlacementPolicy.java:meetCriteria(91)) - Pipeline Placement: can't place more pipeline on heavy datanode： 281e93f8-a9fe-4958-a33a-388335a7b504 Heaviness: 6 limit: 5
2019-09-26 13:29:17,189 [RatisPipelineUtilsThread] INFO  pipeline.PipelinePlacementPolicy (PipelinePlacementPolicy.java:meetCriteria(91)) - Pipeline Placement: can't place more pipeline on heavy datanode： 921dbd79-5e7d-43e7-a946-6392aa4a26bd Heaviness: 6 limit: 5
2019-09-26 13:29:17,189 [RatisPipelineUtilsThread] INFO  pipeline.PipelinePlacementPolicy (PipelinePlacementPolicy.java:meetCriteria(91)) - Pipeline Placement: can't place more pipeline on heavy datanode： 1987c896-e32f-4a06-ac9a-08216b278c2b Heaviness: 6 limit: 5
2019-09-26 13:29:17,195 [grpc-default-executor-1] INFO  impl.RaftServerProxy (RaftServerProxy.java:addNew(89)) - 84b4f0f2-647b-40e2-8663-a3f3ce0b3f80: addNew group-5E4AACA577C6:[84b4f0f2-647b-40e2-8663-a3f3ce0b3f80:192.168.164.238:46549] returns group-5E4AACA577C6:java.util.concurrent.CompletableFuture@5f5db22b[Not completed]
2019-09-26 13:29:17,196 [pool-107-thread-1] INFO  impl.RaftServerImpl (RaftServerImpl.java:<init>(95)) - 84b4f0f2-647b-40e2-8663-a3f3ce0b3f80: new RaftServerImpl for group-5E4AACA577C6:[84b4f0f2-647b-40e2-8663-a3f3ce0b3f80:192.168.164.238:46549] with ContainerStateMachine:uninitialized
2019-09-26 13:29:17,196 [pool-107-thread-1] INFO  server.RaftServerConfigKeys (ConfUtils.java:logGet(43)) - raft.server.rpc.timeout.min = 5s (custom)
2019-09-26 13:29:17,196 [pool-107-thread-1] INFO  server.RaftServerConfigKeys (ConfUtils.java:logGet(43)) - raft.server.rpc.timeout.max = 5200ms (custom)
2019-09-26 13:29:17,196 [pool-107-thread-1] INFO  server.RaftServerConfigKeys (ConfUtils.java:logGet(43)) - raft.server.rpcslowness.timeout = 120s (custom)
2019-09-26 13:29:17,196 [pool-107-thread-1] INFO  server.RaftServerConfigKeys (ConfUtils.java:logGet(43)) - raft.server.sleep.deviation.threshold = 300 (default)
2019-09-26 13:29:17,196 [pool-107-thread-1] INFO  server.RaftServerConfigKeys (ConfUtils.java:logGet(43)) - raft.server.log.appender.install.snapshot.enabled = false (custom)
2019-09-26 13:29:17,196 [pool-107-thread-1] INFO  impl.RaftServerImpl (ServerState.java:<init>(103)) - 84b4f0f2-647b-40e2-8663-a3f3ce0b3f80@group-5E4AACA577C6: ConfigurationManager, init=-1: [84b4f0f2-647b-40e2-8663-a3f3ce0b3f80:192.168.164.238:46549], old=null, confs=<EMPTY_MAP>
2019-09-26 13:29:17,196 [pool-107-thread-1] INFO  server.RaftServerConfigKeys (ConfUtils.java:logGet(43)) - raft.server.storage.dir = [/workdir/hadoop-ozone/ozonefs/target/test-dir/MiniOzoneClusterImpl-8b6a8972-8eda-4f33-b3cf-a560ba2c5b87/datanode-8/data/ratis] (custom)
2019-09-26 13:29:17,197 [pool-107-thread-1] INFO  storage.RaftStorageDirectory (RaftStorageDirectory.java:analyzeStorage(246)) - The storage directory /workdir/hadoop-ozone/ozonefs/target/test-dir/MiniOzoneClusterImpl-8b6a8972-8eda-4f33-b3cf-a560ba2c5b87/datanode-8/data/ratis/af98e47e-234d-4b7f-a8aa-5e4aaca577c6 does not exist. Creating ...
2019-09-26 13:29:17,209 [pool-107-thread-1] INFO  storage.RaftStorageDirectory (RaftStorageDirectory.java:tryLock(328)) - Lock on /workdir/hadoop-ozone/ozonefs/target/test-dir/MiniOzoneClusterImpl-8b6a8972-8eda-4f33-b3cf-a560ba2c5b87/datanode-8/data/ratis/af98e47e-234d-4b7f-a8aa-5e4aaca577c6/in_use.lock acquired by nodename 6686@pr-hdds-1569-87zkn-1081879488
2019-09-26 13:29:17,221 [pool-107-thread-1] INFO  storage.RaftStorage (RaftStorage.java:format(72)) - Storage directory /workdir/hadoop-ozone/ozonefs/target/test-dir/MiniOzoneClusterImpl-8b6a8972-8eda-4f33-b3cf-a560ba2c5b87/datanode-8/data/ratis/af98e47e-234d-4b7f-a8aa-5e4aaca577c6 has been successfully formatted.
2019-09-26 13:29:17,222 [pool-107-thread-1] INFO  ratis.ContainerStateMachine (ContainerStateMachine.java:loadSnapshot(230)) - group-5E4AACA577C6: The snapshot info is null. Setting the last applied indexto:(t:0, i:~)
2019-09-26 13:29:17,222 [pool-107-thread-1] INFO  server.RaftServerConfigKeys (ConfUtils.java:logGet(43)) - raft.server.notification.no-leader.timeout = 120s (custom)
2019-09-26 13:29:17,222 [pool-107-thread-1] INFO  server.RaftServerConfigKeys (ConfUtils.java:logGet(43)) - raft.server.log.use.memory = false (default)
2019-09-26 13:29:17,222 [pool-107-thread-1] INFO  server.RaftServerConfigKeys (ConfUtils.java:logGet(43)) - raft.server.log.purge.gap = 1000000 (custom)
2019-09-26 13:29:17,222 [pool-107-thread-1] INFO  server.RaftServerConfigKeys (ConfUtils.java:logGet(43)) - raft.server.log.appender.buffer.byte-limit = 33554432 (custom)
2019-09-26 13:29:17,222 [pool-107-thread-1] INFO  server.RaftServerConfigKeys (ConfUtils.java:logGet(43)) - raft.server.log.segment.size.max = 1048576 (custom)
2019-09-26 13:29:17,222 [pool-107-thread-1] INFO  server.RaftServerConfigKeys (ConfUtils.java:logGet(43)) - raft.server.log.segment.cache.num.max = 2 (custom)
2019-09-26 13:29:17,222 [pool-107-thread-1] INFO  segmented.SegmentedRaftLogWorker (SegmentedRaftLogWorker.java:<init>(172)) - new 84b4f0f2-647b-40e2-8663-a3f3ce0b3f80@group-5E4AACA577C6-SegmentedRaftLogWorker for RaftStorage:Storage Directory /workdir/hadoop-ozone/ozonefs/target/test-dir/MiniOzoneClusterImpl-8b6a8972-8eda-4f33-b3cf-a560ba2c5b87/datanode-8/data/ratis/af98e47e-234d-4b7f-a8aa-5e4aaca577c6
2019-09-26 13:29:17,222 [pool-107-thread-1] INFO  server.RaftServerConfigKeys (ConfUtils.java:logGet(43)) - raft.server.log.queue.byte-limit = 2147483647 (custom)
2019-09-26 13:29:17,222 [pool-107-thread-1] INFO  server.RaftServerConfigKeys (ConfUtils.java:logGet(43)) - raft.server.log.queue.element-limit = 1024 (custom)
2019-09-26 13:29:17,223 [pool-107-thread-1] INFO  server.RaftServerConfigKeys (ConfUtils.java:logGet(43)) - raft.server.log.segment.size.max = 1048576 (custom)
2019-09-26 13:29:17,223 [pool-107-thread-1] INFO  server.RaftServerConfigKeys (ConfUtils.java:logGet(43)) - raft.server.log.preallocated.size = 16384 (custom)
2019-09-26 13:29:17,223 [pool-107-thread-1] INFO  server.RaftServerConfigKeys (ConfUtils.java:logGet(43)) - raft.server.log.write.buffer.size = 33554432 (custom)
2019-09-26 13:29:17,223 [pool-107-thread-1] INFO  server.RaftServerConfigKeys (ConfUtils.java:logGet(43)) - raft.server.log.force.sync.num = 128 (default)
2019-09-26 13:29:17,223 [pool-107-thread-1] INFO  server.RaftServerConfigKeys (ConfUtils.java:logGet(43)) - raft.server.log.statemachine.data.sync = true (default)
2019-09-26 13:29:17,223 [pool-107-thread-1] INFO  server.RaftServerConfigKeys (ConfUtils.java:logGet(43)) - raft.server.log.statemachine.data.sync.timeout = 10s (default)
2019-09-26 13:29:17,223 [pool-107-thread-1] INFO  server.RaftServerConfigKeys (ConfUtils.java:logGet(43)) - raft.server.log.statemachine.data.sync.timeout.retry = -1 (default)
2019-09-26 13:29:17,223 [pool-107-thread-1] INFO  server.RaftServerConfigKeys (ConfUtils.java:logGet(43)) - raft.server.log.statemachine.data.caching.enabled = true (custom)
2019-09-26 13:29:17,223 [pool-107-thread-1] INFO  segmented.SegmentedRaftLogWorker (SegmentedRaftLogWorker.java:lambda$new$0(132)) - 84b4f0f2-647b-40e2-8663-a3f3ce0b3f80@group-5E4AACA577C6-SegmentedRaftLogWorker: flushIndex: setUnconditionally 0 -> -1
2019-09-26 13:29:17,224 [pool-107-thread-1] INFO  server.RaftServerConfigKeys (ConfUtils.java:logGet(43)) - raft.server.snapshot.auto.trigger.enabled = true (custom)
2019-09-26 13:29:17,224 [pool-107-thread-1] INFO  server.RaftServerConfigKeys (ConfUtils.java:logGet(43)) - raft.server.snapshot.auto.trigger.threshold = 10000 (custom)
2019-09-26 13:29:17,224 [pool-107-thread-1] INFO  server.RaftServerConfigKeys (ConfUtils.java:logGet(43)) - raft.server.snapshot.retention.num.files = 5 (custom)
2019-09-26 13:29:17,224 [pool-107-thread-1] INFO  server.RaftServerConfigKeys (ConfUtils.java:logGet(43)) - raft.server.retrycache.expirytime = 600000ms (custom)
2019-09-26 13:29:17,225 [pool-107-thread-1] INFO  impl.RaftServerImpl (RaftServerImpl.java:start(185)) - 84b4f0f2-647b-40e2-8663-a3f3ce0b3f80@group-5E4AACA577C6: start as a follower, conf=-1: [84b4f0f2-647b-40e2-8663-a3f3ce0b3f80:192.168.164.238:46549], old=null
2019-09-26 13:29:17,225 [pool-107-thread-1] INFO  impl.RaftServerImpl (RaftServerImpl.java:setRole(174)) - 84b4f0f2-647b-40e2-8663-a3f3ce0b3f80@group-5E4AACA577C6: changes role from      null to FOLLOWER at term 0 for startAsFollower
2019-09-26 13:29:17,226 [pool-107-thread-1] INFO  impl.RoleInfo (RoleInfo.java:updateAndGet(143)) - 84b4f0f2-647b-40e2-8663-a3f3ce0b3f80: start FollowerState
2019-09-26 13:29:17,226 [pool-107-thread-1] INFO  util.JmxRegister (JmxRegister.java:tryRegister(44)) - Successfully registered JMX Bean with object name Ratis:service=RaftServer,group=group-5E4AACA577C6,id=84b4f0f2-647b-40e2-8663-a3f3ce0b3f80
2019-09-26 13:29:17,229 [RatisPipelineUtilsThread] INFO  pipeline.PipelineStateManager (PipelineStateManager.java:addPipeline(56)) - Created pipeline Pipeline[ Id: af98e47e-234d-4b7f-a8aa-5e4aaca577c6, Nodes: 84b4f0f2-647b-40e2-8663-a3f3ce0b3f80{ip: 192.168.164.238, host: pr-hdds-1569-87zkn-1081879488, networkLocation: /default-rack, certSerialId: null}, Type:RATIS, Factor:ONE, State:OPEN]
2019-09-26 13:29:17,229 [RatisPipelineUtilsThread] INFO  pipeline.PipelinePlacementPolicy (PipelinePlacementPolicy.java:meetCriteria(91)) - Pipeline Placement: can't place more pipeline on heavy datanode： 2bceee89-654d-4083-a39a-484f868bd9b7 Heaviness: 6 limit: 5
2019-09-26 13:29:17,229 [RatisPipelineUtilsThread] INFO  pipeline.PipelinePlacementPolicy (PipelinePlacementPolicy.java:meetCriteria(91)) - Pipeline Placement: can't place more pipeline on heavy datanode： 84fdec62-d817-45bb-98fc-971264b4d85b Heaviness: 6 limit: 5
2019-09-26 13:29:17,229 [RatisPipelineUtilsThread] INFO  pipeline.PipelinePlacementPolicy (PipelinePlacementPolicy.java:meetCriteria(91)) - Pipeline Placement: can't place more pipeline on heavy datanode： e1d07e13-fba7-421e-90fa-c7d02cfb4ed9 Heaviness: 6 limit: 5
2019-09-26 13:29:17,229 [RatisPipelineUtilsThread] INFO  pipeline.PipelinePlacementPolicy (PipelinePlacementPolicy.java:meetCriteria(91)) - Pipeline Placement: can't place more pipeline on heavy datanode： 8cfabaed-6bfa-4340-a894-a45e2e16f787 Heaviness: 6 limit: 5
2019-09-26 13:29:17,230 [RatisPipelineUtilsThread] INFO  pipeline.PipelinePlacementPolicy (PipelinePlacementPolicy.java:meetCriteria(91)) - Pipeline Placement: can't place more pipeline on heavy datanode： 6bbb30bf-68fb-49c7-a700-39ca06a4595f Heaviness: 6 limit: 5
2019-09-26 13:29:17,230 [RatisPipelineUtilsThread] INFO  pipeline.PipelinePlacementPolicy (PipelinePlacementPolicy.java:meetCriteria(91)) - Pipeline Placement: can't place more pipeline on heavy datanode： 281e93f8-a9fe-4958-a33a-388335a7b504 Heaviness: 6 limit: 5
2019-09-26 13:29:17,230 [RatisPipelineUtilsThread] INFO  pipeline.PipelinePlacementPolicy (PipelinePlacementPolicy.java:meetCriteria(91)) - Pipeline Placement: can't place more pipeline on heavy datanode： 921dbd79-5e7d-43e7-a946-6392aa4a26bd Heaviness: 6 limit: 5
2019-09-26 13:29:17,230 [RatisPipelineUtilsThread] INFO  pipeline.PipelinePlacementPolicy (PipelinePlacementPolicy.java:meetCriteria(91)) - Pipeline Placement: can't place more pipeline on heavy datanode： 1987c896-e32f-4a06-ac9a-08216b278c2b Heaviness: 6 limit: 5
2019-09-26 13:29:17,235 [grpc-default-executor-1] INFO  impl.RaftServerProxy (RaftServerProxy.java:addNew(89)) - ca8c9a5b-93b8-4627-a261-13e3335d5af1: addNew group-6460213A71E8:[ca8c9a5b-93b8-4627-a261-13e3335d5af1:192.168.164.238:36992] returns group-6460213A71E8:java.util.concurrent.CompletableFuture@1f03ac19[Not completed]
2019-09-26 13:29:17,236 [pool-117-thread-1] INFO  impl.RaftServerImpl (RaftServerImpl.java:<init>(95)) - ca8c9a5b-93b8-4627-a261-13e3335d5af1: new RaftServerImpl for group-6460213A71E8:[ca8c9a5b-93b8-4627-a261-13e3335d5af1:192.168.164.238:36992] with ContainerStateMachine:uninitialized
2019-09-26 13:29:17,237 [pool-117-thread-1] INFO  server.RaftServerConfigKeys (ConfUtils.java:logGet(43)) - raft.server.rpc.timeout.min = 5s (custom)
2019-09-26 13:29:17,237 [pool-117-thread-1] INFO  server.RaftServerConfigKeys (ConfUtils.java:logGet(43)) - raft.server.rpc.timeout.max = 5200ms (custom)
2019-09-26 13:29:17,237 [pool-117-thread-1] INFO  server.RaftServerConfigKeys (ConfUtils.java:logGet(43)) - raft.server.rpcslowness.timeout = 120s (custom)
2019-09-26 13:29:17,237 [pool-117-thread-1] INFO  server.RaftServerConfigKeys (ConfUtils.java:logGet(43)) - raft.server.sleep.deviation.threshold = 300 (default)
2019-09-26 13:29:17,237 [pool-117-thread-1] INFO  server.RaftServerConfigKeys (ConfUtils.java:logGet(43)) - raft.server.log.appender.install.snapshot.enabled = false (custom)
2019-09-26 13:29:17,237 [pool-117-thread-1] INFO  impl.RaftServerImpl (ServerState.java:<init>(103)) - ca8c9a5b-93b8-4627-a261-13e3335d5af1@group-6460213A71E8: ConfigurationManager, init=-1: [ca8c9a5b-93b8-4627-a261-13e3335d5af1:192.168.164.238:36992], old=null, confs=<EMPTY_MAP>
2019-09-26 13:29:17,237 [pool-117-thread-1] INFO  server.RaftServerConfigKeys (ConfUtils.java:logGet(43)) - raft.server.storage.dir = [/workdir/hadoop-ozone/ozonefs/target/test-dir/MiniOzoneClusterImpl-8b6a8972-8eda-4f33-b3cf-a560ba2c5b87/datanode-9/data/ratis] (custom)
2019-09-26 13:29:17,238 [pool-117-thread-1] INFO  storage.RaftStorageDirectory (RaftStorageDirectory.java:analyzeStorage(246)) - The storage directory /workdir/hadoop-ozone/ozonefs/target/test-dir/MiniOzoneClusterImpl-8b6a8972-8eda-4f33-b3cf-a560ba2c5b87/datanode-9/data/ratis/901290bd-ff1f-473f-85a7-6460213a71e8 does not exist. Creating ...
2019-09-26 13:29:17,250 [pool-117-thread-1] INFO  storage.RaftStorageDirectory (RaftStorageDirectory.java:tryLock(328)) - Lock on /workdir/hadoop-ozone/ozonefs/target/test-dir/MiniOzoneClusterImpl-8b6a8972-8eda-4f33-b3cf-a560ba2c5b87/datanode-9/data/ratis/901290bd-ff1f-473f-85a7-6460213a71e8/in_use.lock acquired by nodename 6686@pr-hdds-1569-87zkn-1081879488
2019-09-26 13:29:17,253 [pool-117-thread-1] INFO  storage.RaftStorage (RaftStorage.java:format(72)) - Storage directory /workdir/hadoop-ozone/ozonefs/target/test-dir/MiniOzoneClusterImpl-8b6a8972-8eda-4f33-b3cf-a560ba2c5b87/datanode-9/data/ratis/901290bd-ff1f-473f-85a7-6460213a71e8 has been successfully formatted.
2019-09-26 13:29:17,253 [pool-117-thread-1] INFO  ratis.ContainerStateMachine (ContainerStateMachine.java:loadSnapshot(230)) - group-6460213A71E8: The snapshot info is null. Setting the last applied indexto:(t:0, i:~)
2019-09-26 13:29:17,253 [pool-117-thread-1] INFO  server.RaftServerConfigKeys (ConfUtils.java:logGet(43)) - raft.server.notification.no-leader.timeout = 120s (custom)
2019-09-26 13:29:17,253 [pool-117-thread-1] INFO  server.RaftServerConfigKeys (ConfUtils.java:logGet(43)) - raft.server.log.use.memory = false (default)
2019-09-26 13:29:17,254 [pool-117-thread-1] INFO  server.RaftServerConfigKeys (ConfUtils.java:logGet(43)) - raft.server.log.purge.gap = 1000000 (custom)
2019-09-26 13:29:17,254 [pool-117-thread-1] INFO  server.RaftServerConfigKeys (ConfUtils.java:logGet(43)) - raft.server.log.appender.buffer.byte-limit = 33554432 (custom)
2019-09-26 13:29:17,254 [pool-117-thread-1] INFO  server.RaftServerConfigKeys (ConfUtils.java:logGet(43)) - raft.server.log.segment.size.max = 1048576 (custom)
2019-09-26 13:29:17,254 [pool-117-thread-1] INFO  server.RaftServerConfigKeys (ConfUtils.java:logGet(43)) - raft.server.log.segment.cache.num.max = 2 (custom)
2019-09-26 13:29:17,254 [pool-117-thread-1] INFO  segmented.SegmentedRaftLogWorker (SegmentedRaftLogWorker.java:<init>(172)) - new ca8c9a5b-93b8-4627-a261-13e3335d5af1@group-6460213A71E8-SegmentedRaftLogWorker for RaftStorage:Storage Directory /workdir/hadoop-ozone/ozonefs/target/test-dir/MiniOzoneClusterImpl-8b6a8972-8eda-4f33-b3cf-a560ba2c5b87/datanode-9/data/ratis/901290bd-ff1f-473f-85a7-6460213a71e8
2019-09-26 13:29:17,254 [pool-117-thread-1] INFO  server.RaftServerConfigKeys (ConfUtils.java:logGet(43)) - raft.server.log.queue.byte-limit = 2147483647 (custom)
2019-09-26 13:29:17,254 [pool-117-thread-1] INFO  server.RaftServerConfigKeys (ConfUtils.java:logGet(43)) - raft.server.log.queue.element-limit = 1024 (custom)
2019-09-26 13:29:17,254 [pool-117-thread-1] INFO  server.RaftServerConfigKeys (ConfUtils.java:logGet(43)) - raft.server.log.segment.size.max = 1048576 (custom)
2019-09-26 13:29:17,254 [pool-117-thread-1] INFO  server.RaftServerConfigKeys (ConfUtils.java:logGet(43)) - raft.server.log.preallocated.size = 16384 (custom)
2019-09-26 13:29:17,254 [pool-117-thread-1] INFO  server.RaftServerConfigKeys (ConfUtils.java:logGet(43)) - raft.server.log.write.buffer.size = 33554432 (custom)
2019-09-26 13:29:17,255 [pool-117-thread-1] INFO  server.RaftServerConfigKeys (ConfUtils.java:logGet(43)) - raft.server.log.force.sync.num = 128 (default)
2019-09-26 13:29:17,255 [pool-117-thread-1] INFO  server.RaftServerConfigKeys (ConfUtils.java:logGet(43)) - raft.server.log.statemachine.data.sync = true (default)
2019-09-26 13:29:17,255 [pool-117-thread-1] INFO  server.RaftServerConfigKeys (ConfUtils.java:logGet(43)) - raft.server.log.statemachine.data.sync.timeout = 10s (default)
2019-09-26 13:29:17,255 [pool-117-thread-1] INFO  server.RaftServerConfigKeys (ConfUtils.java:logGet(43)) - raft.server.log.statemachine.data.sync.timeout.retry = -1 (default)
2019-09-26 13:29:17,255 [pool-117-thread-1] INFO  server.RaftServerConfigKeys (ConfUtils.java:logGet(43)) - raft.server.log.statemachine.data.caching.enabled = true (custom)
2019-09-26 13:29:17,255 [pool-117-thread-1] INFO  segmented.SegmentedRaftLogWorker (SegmentedRaftLogWorker.java:lambda$new$0(132)) - ca8c9a5b-93b8-4627-a261-13e3335d5af1@group-6460213A71E8-SegmentedRaftLogWorker: flushIndex: setUnconditionally 0 -> -1
2019-09-26 13:29:17,255 [pool-117-thread-1] INFO  server.RaftServerConfigKeys (ConfUtils.java:logGet(43)) - raft.server.snapshot.auto.trigger.enabled = true (custom)
2019-09-26 13:29:17,255 [pool-117-thread-1] INFO  server.RaftServerConfigKeys (ConfUtils.java:logGet(43)) - raft.server.snapshot.auto.trigger.threshold = 10000 (custom)
2019-09-26 13:29:17,256 [pool-117-thread-1] INFO  server.RaftServerConfigKeys (ConfUtils.java:logGet(43)) - raft.server.snapshot.retention.num.files = 5 (custom)
2019-09-26 13:29:17,256 [pool-117-thread-1] INFO  server.RaftServerConfigKeys (ConfUtils.java:logGet(43)) - raft.server.retrycache.expirytime = 600000ms (custom)
2019-09-26 13:29:17,257 [pool-117-thread-1] INFO  impl.RaftServerImpl (RaftServerImpl.java:start(185)) - ca8c9a5b-93b8-4627-a261-13e3335d5af1@group-6460213A71E8: start as a follower, conf=-1: [ca8c9a5b-93b8-4627-a261-13e3335d5af1:192.168.164.238:36992], old=null
2019-09-26 13:29:17,257 [pool-117-thread-1] INFO  impl.RaftServerImpl (RaftServerImpl.java:setRole(174)) - ca8c9a5b-93b8-4627-a261-13e3335d5af1@group-6460213A71E8: changes role from      null to FOLLOWER at term 0 for startAsFollower
2019-09-26 13:29:17,258 [pool-117-thread-1] INFO  impl.RoleInfo (RoleInfo.java:updateAndGet(143)) - ca8c9a5b-93b8-4627-a261-13e3335d5af1: start FollowerState
2019-09-26 13:29:17,258 [pool-117-thread-1] INFO  util.JmxRegister (JmxRegister.java:tryRegister(44)) - Successfully registered JMX Bean with object name Ratis:service=RaftServer,group=group-6460213A71E8,id=ca8c9a5b-93b8-4627-a261-13e3335d5af1
2019-09-26 13:29:17,260 [RatisPipelineUtilsThread] INFO  pipeline.PipelineStateManager (PipelineStateManager.java:addPipeline(56)) - Created pipeline Pipeline[ Id: 901290bd-ff1f-473f-85a7-6460213a71e8, Nodes: ca8c9a5b-93b8-4627-a261-13e3335d5af1{ip: 192.168.164.238, host: pr-hdds-1569-87zkn-1081879488, networkLocation: /default-rack, certSerialId: null}, Type:RATIS, Factor:ONE, State:OPEN]
2019-09-26 13:29:17,260 [RatisPipelineUtilsThread] INFO  pipeline.PipelinePlacementPolicy (PipelinePlacementPolicy.java:meetCriteria(91)) - Pipeline Placement: can't place more pipeline on heavy datanode： 2bceee89-654d-4083-a39a-484f868bd9b7 Heaviness: 6 limit: 5
2019-09-26 13:29:17,261 [RatisPipelineUtilsThread] INFO  pipeline.PipelinePlacementPolicy (PipelinePlacementPolicy.java:meetCriteria(91)) - Pipeline Placement: can't place more pipeline on heavy datanode： 84fdec62-d817-45bb-98fc-971264b4d85b Heaviness: 6 limit: 5
2019-09-26 13:29:17,261 [RatisPipelineUtilsThread] INFO  pipeline.PipelinePlacementPolicy (PipelinePlacementPolicy.java:meetCriteria(91)) - Pipeline Placement: can't place more pipeline on heavy datanode： e1d07e13-fba7-421e-90fa-c7d02cfb4ed9 Heaviness: 6 limit: 5
2019-09-26 13:29:17,261 [RatisPipelineUtilsThread] INFO  pipeline.PipelinePlacementPolicy (PipelinePlacementPolicy.java:meetCriteria(91)) - Pipeline Placement: can't place more pipeline on heavy datanode： 8cfabaed-6bfa-4340-a894-a45e2e16f787 Heaviness: 6 limit: 5
2019-09-26 13:29:17,261 [RatisPipelineUtilsThread] INFO  pipeline.PipelinePlacementPolicy (PipelinePlacementPolicy.java:meetCriteria(91)) - Pipeline Placement: can't place more pipeline on heavy datanode： 6bbb30bf-68fb-49c7-a700-39ca06a4595f Heaviness: 6 limit: 5
2019-09-26 13:29:17,261 [RatisPipelineUtilsThread] INFO  pipeline.PipelinePlacementPolicy (PipelinePlacementPolicy.java:meetCriteria(91)) - Pipeline Placement: can't place more pipeline on heavy datanode： 281e93f8-a9fe-4958-a33a-388335a7b504 Heaviness: 6 limit: 5
2019-09-26 13:29:17,261 [RatisPipelineUtilsThread] INFO  pipeline.PipelinePlacementPolicy (PipelinePlacementPolicy.java:meetCriteria(91)) - Pipeline Placement: can't place more pipeline on heavy datanode： 921dbd79-5e7d-43e7-a946-6392aa4a26bd Heaviness: 6 limit: 5
2019-09-26 13:29:17,261 [RatisPipelineUtilsThread] INFO  pipeline.PipelinePlacementPolicy (PipelinePlacementPolicy.java:meetCriteria(91)) - Pipeline Placement: can't place more pipeline on heavy datanode： 1987c896-e32f-4a06-ac9a-08216b278c2b Heaviness: 6 limit: 5
2019-09-26 13:29:17,267 [grpc-default-executor-1] INFO  impl.RaftServerProxy (RaftServerProxy.java:addNew(89)) - 84b4f0f2-647b-40e2-8663-a3f3ce0b3f80: addNew group-DA125C2FDD7F:[84b4f0f2-647b-40e2-8663-a3f3ce0b3f80:192.168.164.238:46549] returns group-DA125C2FDD7F:java.util.concurrent.CompletableFuture@211a4ae[Not completed]
2019-09-26 13:29:17,268 [pool-107-thread-1] INFO  impl.RaftServerImpl (RaftServerImpl.java:<init>(95)) - 84b4f0f2-647b-40e2-8663-a3f3ce0b3f80: new RaftServerImpl for group-DA125C2FDD7F:[84b4f0f2-647b-40e2-8663-a3f3ce0b3f80:192.168.164.238:46549] with ContainerStateMachine:uninitialized
2019-09-26 13:29:17,268 [pool-107-thread-1] INFO  server.RaftServerConfigKeys (ConfUtils.java:logGet(43)) - raft.server.rpc.timeout.min = 5s (custom)
2019-09-26 13:29:17,268 [pool-107-thread-1] INFO  server.RaftServerConfigKeys (ConfUtils.java:logGet(43)) - raft.server.rpc.timeout.max = 5200ms (custom)
2019-09-26 13:29:17,268 [pool-107-thread-1] INFO  server.RaftServerConfigKeys (ConfUtils.java:logGet(43)) - raft.server.rpcslowness.timeout = 120s (custom)
2019-09-26 13:29:17,268 [pool-107-thread-1] INFO  server.RaftServerConfigKeys (ConfUtils.java:logGet(43)) - raft.server.sleep.deviation.threshold = 300 (default)
2019-09-26 13:29:17,268 [pool-107-thread-1] INFO  server.RaftServerConfigKeys (ConfUtils.java:logGet(43)) - raft.server.log.appender.install.snapshot.enabled = false (custom)
2019-09-26 13:29:17,268 [pool-107-thread-1] INFO  impl.RaftServerImpl (ServerState.java:<init>(103)) - 84b4f0f2-647b-40e2-8663-a3f3ce0b3f80@group-DA125C2FDD7F: ConfigurationManager, init=-1: [84b4f0f2-647b-40e2-8663-a3f3ce0b3f80:192.168.164.238:46549], old=null, confs=<EMPTY_MAP>
2019-09-26 13:29:17,269 [pool-107-thread-1] INFO  server.RaftServerConfigKeys (ConfUtils.java:logGet(43)) - raft.server.storage.dir = [/workdir/hadoop-ozone/ozonefs/target/test-dir/MiniOzoneClusterImpl-8b6a8972-8eda-4f33-b3cf-a560ba2c5b87/datanode-8/data/ratis] (custom)
2019-09-26 13:29:17,269 [pool-107-thread-1] INFO  storage.RaftStorageDirectory (RaftStorageDirectory.java:analyzeStorage(246)) - The storage directory /workdir/hadoop-ozone/ozonefs/target/test-dir/MiniOzoneClusterImpl-8b6a8972-8eda-4f33-b3cf-a560ba2c5b87/datanode-8/data/ratis/f4f5da02-9c3c-4f5f-8e03-da125c2fdd7f does not exist. Creating ...
2019-09-26 13:29:17,272 [pool-107-thread-1] INFO  storage.RaftStorageDirectory (RaftStorageDirectory.java:tryLock(328)) - Lock on /workdir/hadoop-ozone/ozonefs/target/test-dir/MiniOzoneClusterImpl-8b6a8972-8eda-4f33-b3cf-a560ba2c5b87/datanode-8/data/ratis/f4f5da02-9c3c-4f5f-8e03-da125c2fdd7f/in_use.lock acquired by nodename 6686@pr-hdds-1569-87zkn-1081879488
2019-09-26 13:29:17,277 [pool-107-thread-1] INFO  storage.RaftStorage (RaftStorage.java:format(72)) - Storage directory /workdir/hadoop-ozone/ozonefs/target/test-dir/MiniOzoneClusterImpl-8b6a8972-8eda-4f33-b3cf-a560ba2c5b87/datanode-8/data/ratis/f4f5da02-9c3c-4f5f-8e03-da125c2fdd7f has been successfully formatted.
2019-09-26 13:29:17,277 [pool-107-thread-1] INFO  ratis.ContainerStateMachine (ContainerStateMachine.java:loadSnapshot(230)) - group-DA125C2FDD7F: The snapshot info is null. Setting the last applied indexto:(t:0, i:~)
2019-09-26 13:29:17,277 [pool-107-thread-1] INFO  server.RaftServerConfigKeys (ConfUtils.java:logGet(43)) - raft.server.notification.no-leader.timeout = 120s (custom)
2019-09-26 13:29:17,277 [pool-107-thread-1] INFO  server.RaftServerConfigKeys (ConfUtils.java:logGet(43)) - raft.server.log.use.memory = false (default)
2019-09-26 13:29:17,277 [pool-107-thread-1] INFO  server.RaftServerConfigKeys (ConfUtils.java:logGet(43)) - raft.server.log.purge.gap = 1000000 (custom)
2019-09-26 13:29:17,277 [pool-107-thread-1] INFO  server.RaftServerConfigKeys (ConfUtils.java:logGet(43)) - raft.server.log.appender.buffer.byte-limit = 33554432 (custom)
2019-09-26 13:29:17,277 [pool-107-thread-1] INFO  server.RaftServerConfigKeys (ConfUtils.java:logGet(43)) - raft.server.log.segment.size.max = 1048576 (custom)
2019-09-26 13:29:17,277 [pool-107-thread-1] INFO  server.RaftServerConfigKeys (ConfUtils.java:logGet(43)) - raft.server.log.segment.cache.num.max = 2 (custom)
2019-09-26 13:29:17,278 [pool-107-thread-1] INFO  segmented.SegmentedRaftLogWorker (SegmentedRaftLogWorker.java:<init>(172)) - new 84b4f0f2-647b-40e2-8663-a3f3ce0b3f80@group-DA125C2FDD7F-SegmentedRaftLogWorker for RaftStorage:Storage Directory /workdir/hadoop-ozone/ozonefs/target/test-dir/MiniOzoneClusterImpl-8b6a8972-8eda-4f33-b3cf-a560ba2c5b87/datanode-8/data/ratis/f4f5da02-9c3c-4f5f-8e03-da125c2fdd7f
2019-09-26 13:29:17,278 [pool-107-thread-1] INFO  server.RaftServerConfigKeys (ConfUtils.java:logGet(43)) - raft.server.log.queue.byte-limit = 2147483647 (custom)
2019-09-26 13:29:17,278 [pool-107-thread-1] INFO  server.RaftServerConfigKeys (ConfUtils.java:logGet(43)) - raft.server.log.queue.element-limit = 1024 (custom)
2019-09-26 13:29:17,278 [pool-107-thread-1] INFO  server.RaftServerConfigKeys (ConfUtils.java:logGet(43)) - raft.server.log.segment.size.max = 1048576 (custom)
2019-09-26 13:29:17,278 [pool-107-thread-1] INFO  server.RaftServerConfigKeys (ConfUtils.java:logGet(43)) - raft.server.log.preallocated.size = 16384 (custom)
2019-09-26 13:29:17,278 [pool-107-thread-1] INFO  server.RaftServerConfigKeys (ConfUtils.java:logGet(43)) - raft.server.log.write.buffer.size = 33554432 (custom)
2019-09-26 13:29:17,278 [pool-107-thread-1] INFO  server.RaftServerConfigKeys (ConfUtils.java:logGet(43)) - raft.server.log.force.sync.num = 128 (default)
2019-09-26 13:29:17,278 [pool-107-thread-1] INFO  server.RaftServerConfigKeys (ConfUtils.java:logGet(43)) - raft.server.log.statemachine.data.sync = true (default)
2019-09-26 13:29:17,278 [pool-107-thread-1] INFO  server.RaftServerConfigKeys (ConfUtils.java:logGet(43)) - raft.server.log.statemachine.data.sync.timeout = 10s (default)
2019-09-26 13:29:17,278 [pool-107-thread-1] INFO  server.RaftServerConfigKeys (ConfUtils.java:logGet(43)) - raft.server.log.statemachine.data.sync.timeout.retry = -1 (default)
2019-09-26 13:29:17,278 [pool-107-thread-1] INFO  server.RaftServerConfigKeys (ConfUtils.java:logGet(43)) - raft.server.log.statemachine.data.caching.enabled = true (custom)
2019-09-26 13:29:17,279 [pool-107-thread-1] INFO  segmented.SegmentedRaftLogWorker (SegmentedRaftLogWorker.java:lambda$new$0(132)) - 84b4f0f2-647b-40e2-8663-a3f3ce0b3f80@group-DA125C2FDD7F-SegmentedRaftLogWorker: flushIndex: setUnconditionally 0 -> -1
2019-09-26 13:29:17,279 [pool-107-thread-1] INFO  server.RaftServerConfigKeys (ConfUtils.java:logGet(43)) - raft.server.snapshot.auto.trigger.enabled = true (custom)
2019-09-26 13:29:17,279 [pool-107-thread-1] INFO  server.RaftServerConfigKeys (ConfUtils.java:logGet(43)) - raft.server.snapshot.auto.trigger.threshold = 10000 (custom)
2019-09-26 13:29:17,279 [pool-107-thread-1] INFO  server.RaftServerConfigKeys (ConfUtils.java:logGet(43)) - raft.server.snapshot.retention.num.files = 5 (custom)
2019-09-26 13:29:17,279 [pool-107-thread-1] INFO  server.RaftServerConfigKeys (ConfUtils.java:logGet(43)) - raft.server.retrycache.expirytime = 600000ms (custom)
2019-09-26 13:29:17,281 [pool-107-thread-1] INFO  impl.RaftServerImpl (RaftServerImpl.java:start(185)) - 84b4f0f2-647b-40e2-8663-a3f3ce0b3f80@group-DA125C2FDD7F: start as a follower, conf=-1: [84b4f0f2-647b-40e2-8663-a3f3ce0b3f80:192.168.164.238:46549], old=null
2019-09-26 13:29:17,281 [pool-107-thread-1] INFO  impl.RaftServerImpl (RaftServerImpl.java:setRole(174)) - 84b4f0f2-647b-40e2-8663-a3f3ce0b3f80@group-DA125C2FDD7F: changes role from      null to FOLLOWER at term 0 for startAsFollower
2019-09-26 13:29:17,281 [pool-107-thread-1] INFO  impl.RoleInfo (RoleInfo.java:updateAndGet(143)) - 84b4f0f2-647b-40e2-8663-a3f3ce0b3f80: start FollowerState
2019-09-26 13:29:17,281 [pool-107-thread-1] INFO  util.JmxRegister (JmxRegister.java:tryRegister(44)) - Successfully registered JMX Bean with object name Ratis:service=RaftServer,group=group-DA125C2FDD7F,id=84b4f0f2-647b-40e2-8663-a3f3ce0b3f80
2019-09-26 13:29:17,284 [RatisPipelineUtilsThread] INFO  pipeline.PipelineStateManager (PipelineStateManager.java:addPipeline(56)) - Created pipeline Pipeline[ Id: f4f5da02-9c3c-4f5f-8e03-da125c2fdd7f, Nodes: 84b4f0f2-647b-40e2-8663-a3f3ce0b3f80{ip: 192.168.164.238, host: pr-hdds-1569-87zkn-1081879488, networkLocation: /default-rack, certSerialId: null}, Type:RATIS, Factor:ONE, State:OPEN]
2019-09-26 13:29:17,284 [RatisPipelineUtilsThread] INFO  pipeline.PipelinePlacementPolicy (PipelinePlacementPolicy.java:meetCriteria(91)) - Pipeline Placement: can't place more pipeline on heavy datanode： 2bceee89-654d-4083-a39a-484f868bd9b7 Heaviness: 6 limit: 5
2019-09-26 13:29:17,284 [RatisPipelineUtilsThread] INFO  pipeline.PipelinePlacementPolicy (PipelinePlacementPolicy.java:meetCriteria(91)) - Pipeline Placement: can't place more pipeline on heavy datanode： 84fdec62-d817-45bb-98fc-971264b4d85b Heaviness: 6 limit: 5
2019-09-26 13:29:17,284 [RatisPipelineUtilsThread] INFO  pipeline.PipelinePlacementPolicy (PipelinePlacementPolicy.java:meetCriteria(91)) - Pipeline Placement: can't place more pipeline on heavy datanode： e1d07e13-fba7-421e-90fa-c7d02cfb4ed9 Heaviness: 6 limit: 5
2019-09-26 13:29:17,284 [RatisPipelineUtilsThread] INFO  pipeline.PipelinePlacementPolicy (PipelinePlacementPolicy.java:meetCriteria(91)) - Pipeline Placement: can't place more pipeline on heavy datanode： 8cfabaed-6bfa-4340-a894-a45e2e16f787 Heaviness: 6 limit: 5
2019-09-26 13:29:17,284 [RatisPipelineUtilsThread] INFO  pipeline.PipelinePlacementPolicy (PipelinePlacementPolicy.java:meetCriteria(91)) - Pipeline Placement: can't place more pipeline on heavy datanode： 6bbb30bf-68fb-49c7-a700-39ca06a4595f Heaviness: 6 limit: 5
2019-09-26 13:29:17,285 [RatisPipelineUtilsThread] INFO  pipeline.PipelinePlacementPolicy (PipelinePlacementPolicy.java:meetCriteria(91)) - Pipeline Placement: can't place more pipeline on heavy datanode： 281e93f8-a9fe-4958-a33a-388335a7b504 Heaviness: 6 limit: 5
2019-09-26 13:29:17,285 [RatisPipelineUtilsThread] INFO  pipeline.PipelinePlacementPolicy (PipelinePlacementPolicy.java:meetCriteria(91)) - Pipeline Placement: can't place more pipeline on heavy datanode： 921dbd79-5e7d-43e7-a946-6392aa4a26bd Heaviness: 6 limit: 5
2019-09-26 13:29:17,285 [RatisPipelineUtilsThread] INFO  pipeline.PipelinePlacementPolicy (PipelinePlacementPolicy.java:meetCriteria(91)) - Pipeline Placement: can't place more pipeline on heavy datanode： 1987c896-e32f-4a06-ac9a-08216b278c2b Heaviness: 6 limit: 5
2019-09-26 13:29:17,290 [grpc-default-executor-1] INFO  impl.RaftServerProxy (RaftServerProxy.java:addNew(89)) - 84b4f0f2-647b-40e2-8663-a3f3ce0b3f80: addNew group-7BF342E0FE5A:[84b4f0f2-647b-40e2-8663-a3f3ce0b3f80:192.168.164.238:46549] returns group-7BF342E0FE5A:java.util.concurrent.CompletableFuture@43f3411e[Not completed]
2019-09-26 13:29:17,290 [pool-107-thread-1] INFO  impl.RaftServerImpl (RaftServerImpl.java:<init>(95)) - 84b4f0f2-647b-40e2-8663-a3f3ce0b3f80: new RaftServerImpl for group-7BF342E0FE5A:[84b4f0f2-647b-40e2-8663-a3f3ce0b3f80:192.168.164.238:46549] with ContainerStateMachine:uninitialized
2019-09-26 13:29:17,290 [pool-107-thread-1] INFO  server.RaftServerConfigKeys (ConfUtils.java:logGet(43)) - raft.server.rpc.timeout.min = 5s (custom)
2019-09-26 13:29:17,290 [pool-107-thread-1] INFO  server.RaftServerConfigKeys (ConfUtils.java:logGet(43)) - raft.server.rpc.timeout.max = 5200ms (custom)
2019-09-26 13:29:17,290 [pool-107-thread-1] INFO  server.RaftServerConfigKeys (ConfUtils.java:logGet(43)) - raft.server.rpcslowness.timeout = 120s (custom)
2019-09-26 13:29:17,291 [pool-107-thread-1] INFO  server.RaftServerConfigKeys (ConfUtils.java:logGet(43)) - raft.server.sleep.deviation.threshold = 300 (default)
2019-09-26 13:29:17,291 [pool-107-thread-1] INFO  server.RaftServerConfigKeys (ConfUtils.java:logGet(43)) - raft.server.log.appender.install.snapshot.enabled = false (custom)
2019-09-26 13:29:17,291 [pool-107-thread-1] INFO  impl.RaftServerImpl (ServerState.java:<init>(103)) - 84b4f0f2-647b-40e2-8663-a3f3ce0b3f80@group-7BF342E0FE5A: ConfigurationManager, init=-1: [84b4f0f2-647b-40e2-8663-a3f3ce0b3f80:192.168.164.238:46549], old=null, confs=<EMPTY_MAP>
2019-09-26 13:29:17,291 [pool-107-thread-1] INFO  server.RaftServerConfigKeys (ConfUtils.java:logGet(43)) - raft.server.storage.dir = [/workdir/hadoop-ozone/ozonefs/target/test-dir/MiniOzoneClusterImpl-8b6a8972-8eda-4f33-b3cf-a560ba2c5b87/datanode-8/data/ratis] (custom)
2019-09-26 13:29:17,291 [pool-107-thread-1] INFO  storage.RaftStorageDirectory (RaftStorageDirectory.java:analyzeStorage(246)) - The storage directory /workdir/hadoop-ozone/ozonefs/target/test-dir/MiniOzoneClusterImpl-8b6a8972-8eda-4f33-b3cf-a560ba2c5b87/datanode-8/data/ratis/091ed810-4954-4227-8fe8-7bf342e0fe5a does not exist. Creating ...
2019-09-26 13:29:17,305 [pool-107-thread-1] INFO  storage.RaftStorageDirectory (RaftStorageDirectory.java:tryLock(328)) - Lock on /workdir/hadoop-ozone/ozonefs/target/test-dir/MiniOzoneClusterImpl-8b6a8972-8eda-4f33-b3cf-a560ba2c5b87/datanode-8/data/ratis/091ed810-4954-4227-8fe8-7bf342e0fe5a/in_use.lock acquired by nodename 6686@pr-hdds-1569-87zkn-1081879488
2019-09-26 13:29:17,318 [pool-107-thread-1] INFO  storage.RaftStorage (RaftStorage.java:format(72)) - Storage directory /workdir/hadoop-ozone/ozonefs/target/test-dir/MiniOzoneClusterImpl-8b6a8972-8eda-4f33-b3cf-a560ba2c5b87/datanode-8/data/ratis/091ed810-4954-4227-8fe8-7bf342e0fe5a has been successfully formatted.
2019-09-26 13:29:17,318 [pool-107-thread-1] INFO  ratis.ContainerStateMachine (ContainerStateMachine.java:loadSnapshot(230)) - group-7BF342E0FE5A: The snapshot info is null. Setting the last applied indexto:(t:0, i:~)
2019-09-26 13:29:17,318 [pool-107-thread-1] INFO  server.RaftServerConfigKeys (ConfUtils.java:logGet(43)) - raft.server.notification.no-leader.timeout = 120s (custom)
2019-09-26 13:29:17,318 [pool-107-thread-1] INFO  server.RaftServerConfigKeys (ConfUtils.java:logGet(43)) - raft.server.log.use.memory = false (default)
2019-09-26 13:29:17,318 [pool-107-thread-1] INFO  server.RaftServerConfigKeys (ConfUtils.java:logGet(43)) - raft.server.log.purge.gap = 1000000 (custom)
2019-09-26 13:29:17,318 [pool-107-thread-1] INFO  server.RaftServerConfigKeys (ConfUtils.java:logGet(43)) - raft.server.log.appender.buffer.byte-limit = 33554432 (custom)
2019-09-26 13:29:17,318 [pool-107-thread-1] INFO  server.RaftServerConfigKeys (ConfUtils.java:logGet(43)) - raft.server.log.segment.size.max = 1048576 (custom)
2019-09-26 13:29:17,318 [pool-107-thread-1] INFO  server.RaftServerConfigKeys (ConfUtils.java:logGet(43)) - raft.server.log.segment.cache.num.max = 2 (custom)
2019-09-26 13:29:17,318 [pool-107-thread-1] INFO  segmented.SegmentedRaftLogWorker (SegmentedRaftLogWorker.java:<init>(172)) - new 84b4f0f2-647b-40e2-8663-a3f3ce0b3f80@group-7BF342E0FE5A-SegmentedRaftLogWorker for RaftStorage:Storage Directory /workdir/hadoop-ozone/ozonefs/target/test-dir/MiniOzoneClusterImpl-8b6a8972-8eda-4f33-b3cf-a560ba2c5b87/datanode-8/data/ratis/091ed810-4954-4227-8fe8-7bf342e0fe5a
2019-09-26 13:29:17,319 [pool-107-thread-1] INFO  server.RaftServerConfigKeys (ConfUtils.java:logGet(43)) - raft.server.log.queue.byte-limit = 2147483647 (custom)
2019-09-26 13:29:17,319 [pool-107-thread-1] INFO  server.RaftServerConfigKeys (ConfUtils.java:logGet(43)) - raft.server.log.queue.element-limit = 1024 (custom)
2019-09-26 13:29:17,319 [pool-107-thread-1] INFO  server.RaftServerConfigKeys (ConfUtils.java:logGet(43)) - raft.server.log.segment.size.max = 1048576 (custom)
2019-09-26 13:29:17,319 [pool-107-thread-1] INFO  server.RaftServerConfigKeys (ConfUtils.java:logGet(43)) - raft.server.log.preallocated.size = 16384 (custom)
2019-09-26 13:29:17,319 [pool-107-thread-1] INFO  server.RaftServerConfigKeys (ConfUtils.java:logGet(43)) - raft.server.log.write.buffer.size = 33554432 (custom)
2019-09-26 13:29:17,319 [pool-107-thread-1] INFO  server.RaftServerConfigKeys (ConfUtils.java:logGet(43)) - raft.server.log.force.sync.num = 128 (default)
2019-09-26 13:29:17,319 [pool-107-thread-1] INFO  server.RaftServerConfigKeys (ConfUtils.java:logGet(43)) - raft.server.log.statemachine.data.sync = true (default)
2019-09-26 13:29:17,319 [pool-107-thread-1] INFO  server.RaftServerConfigKeys (ConfUtils.java:logGet(43)) - raft.server.log.statemachine.data.sync.timeout = 10s (default)
2019-09-26 13:29:17,319 [pool-107-thread-1] INFO  server.RaftServerConfigKeys (ConfUtils.java:logGet(43)) - raft.server.log.statemachine.data.sync.timeout.retry = -1 (default)
2019-09-26 13:29:17,319 [pool-107-thread-1] INFO  server.RaftServerConfigKeys (ConfUtils.java:logGet(43)) - raft.server.log.statemachine.data.caching.enabled = true (custom)
2019-09-26 13:29:17,320 [pool-107-thread-1] INFO  segmented.SegmentedRaftLogWorker (SegmentedRaftLogWorker.java:lambda$new$0(132)) - 84b4f0f2-647b-40e2-8663-a3f3ce0b3f80@group-7BF342E0FE5A-SegmentedRaftLogWorker: flushIndex: setUnconditionally 0 -> -1
2019-09-26 13:29:17,320 [pool-107-thread-1] INFO  server.RaftServerConfigKeys (ConfUtils.java:logGet(43)) - raft.server.snapshot.auto.trigger.enabled = true (custom)
2019-09-26 13:29:17,320 [pool-107-thread-1] INFO  server.RaftServerConfigKeys (ConfUtils.java:logGet(43)) - raft.server.snapshot.auto.trigger.threshold = 10000 (custom)
2019-09-26 13:29:17,320 [pool-107-thread-1] INFO  server.RaftServerConfigKeys (ConfUtils.java:logGet(43)) - raft.server.snapshot.retention.num.files = 5 (custom)
2019-09-26 13:29:17,320 [pool-107-thread-1] INFO  server.RaftServerConfigKeys (ConfUtils.java:logGet(43)) - raft.server.retrycache.expirytime = 600000ms (custom)
2019-09-26 13:29:17,322 [pool-107-thread-1] INFO  impl.RaftServerImpl (RaftServerImpl.java:start(185)) - 84b4f0f2-647b-40e2-8663-a3f3ce0b3f80@group-7BF342E0FE5A: start as a follower, conf=-1: [84b4f0f2-647b-40e2-8663-a3f3ce0b3f80:192.168.164.238:46549], old=null
2019-09-26 13:29:17,322 [pool-107-thread-1] INFO  impl.RaftServerImpl (RaftServerImpl.java:setRole(174)) - 84b4f0f2-647b-40e2-8663-a3f3ce0b3f80@group-7BF342E0FE5A: changes role from      null to FOLLOWER at term 0 for startAsFollower
2019-09-26 13:29:17,322 [pool-107-thread-1] INFO  impl.RoleInfo (RoleInfo.java:updateAndGet(143)) - 84b4f0f2-647b-40e2-8663-a3f3ce0b3f80: start FollowerState
2019-09-26 13:29:17,322 [pool-107-thread-1] INFO  util.JmxRegister (JmxRegister.java:tryRegister(44)) - Successfully registered JMX Bean with object name Ratis:service=RaftServer,group=group-7BF342E0FE5A,id=84b4f0f2-647b-40e2-8663-a3f3ce0b3f80
2019-09-26 13:29:17,325 [RatisPipelineUtilsThread] INFO  pipeline.PipelineStateManager (PipelineStateManager.java:addPipeline(56)) - Created pipeline Pipeline[ Id: 091ed810-4954-4227-8fe8-7bf342e0fe5a, Nodes: 84b4f0f2-647b-40e2-8663-a3f3ce0b3f80{ip: 192.168.164.238, host: pr-hdds-1569-87zkn-1081879488, networkLocation: /default-rack, certSerialId: null}, Type:RATIS, Factor:ONE, State:OPEN]
2019-09-26 13:29:17,325 [RatisPipelineUtilsThread] INFO  pipeline.PipelinePlacementPolicy (PipelinePlacementPolicy.java:meetCriteria(91)) - Pipeline Placement: can't place more pipeline on heavy datanode： 2bceee89-654d-4083-a39a-484f868bd9b7 Heaviness: 6 limit: 5
2019-09-26 13:29:17,325 [RatisPipelineUtilsThread] INFO  pipeline.PipelinePlacementPolicy (PipelinePlacementPolicy.java:meetCriteria(91)) - Pipeline Placement: can't place more pipeline on heavy datanode： 84fdec62-d817-45bb-98fc-971264b4d85b Heaviness: 6 limit: 5
2019-09-26 13:29:17,326 [RatisPipelineUtilsThread] INFO  pipeline.PipelinePlacementPolicy (PipelinePlacementPolicy.java:meetCriteria(91)) - Pipeline Placement: can't place more pipeline on heavy datanode： e1d07e13-fba7-421e-90fa-c7d02cfb4ed9 Heaviness: 6 limit: 5
2019-09-26 13:29:17,326 [RatisPipelineUtilsThread] INFO  pipeline.PipelinePlacementPolicy (PipelinePlacementPolicy.java:meetCriteria(91)) - Pipeline Placement: can't place more pipeline on heavy datanode： 84b4f0f2-647b-40e2-8663-a3f3ce0b3f80 Heaviness: 6 limit: 5
2019-09-26 13:29:17,326 [RatisPipelineUtilsThread] INFO  pipeline.PipelinePlacementPolicy (PipelinePlacementPolicy.java:meetCriteria(91)) - Pipeline Placement: can't place more pipeline on heavy datanode： 8cfabaed-6bfa-4340-a894-a45e2e16f787 Heaviness: 6 limit: 5
2019-09-26 13:29:17,326 [RatisPipelineUtilsThread] INFO  pipeline.PipelinePlacementPolicy (PipelinePlacementPolicy.java:meetCriteria(91)) - Pipeline Placement: can't place more pipeline on heavy datanode： 6bbb30bf-68fb-49c7-a700-39ca06a4595f Heaviness: 6 limit: 5
2019-09-26 13:29:17,326 [RatisPipelineUtilsThread] INFO  pipeline.PipelinePlacementPolicy (PipelinePlacementPolicy.java:meetCriteria(91)) - Pipeline Placement: can't place more pipeline on heavy datanode： 281e93f8-a9fe-4958-a33a-388335a7b504 Heaviness: 6 limit: 5
2019-09-26 13:29:17,327 [RatisPipelineUtilsThread] INFO  pipeline.PipelinePlacementPolicy (PipelinePlacementPolicy.java:meetCriteria(91)) - Pipeline Placement: can't place more pipeline on heavy datanode： 921dbd79-5e7d-43e7-a946-6392aa4a26bd Heaviness: 6 limit: 5
2019-09-26 13:29:17,327 [RatisPipelineUtilsThread] INFO  pipeline.PipelinePlacementPolicy (PipelinePlacementPolicy.java:meetCriteria(91)) - Pipeline Placement: can't place more pipeline on heavy datanode： 1987c896-e32f-4a06-ac9a-08216b278c2b Heaviness: 6 limit: 5
2019-09-26 13:29:17,332 [grpc-default-executor-1] INFO  impl.RaftServerProxy (RaftServerProxy.java:addNew(89)) - ca8c9a5b-93b8-4627-a261-13e3335d5af1: addNew group-823B4A31449A:[ca8c9a5b-93b8-4627-a261-13e3335d5af1:192.168.164.238:36992] returns group-823B4A31449A:java.util.concurrent.CompletableFuture@c87092[Not completed]
2019-09-26 13:29:17,342 [pool-117-thread-1] INFO  impl.RaftServerImpl (RaftServerImpl.java:<init>(95)) - ca8c9a5b-93b8-4627-a261-13e3335d5af1: new RaftServerImpl for group-823B4A31449A:[ca8c9a5b-93b8-4627-a261-13e3335d5af1:192.168.164.238:36992] with ContainerStateMachine:uninitialized
2019-09-26 13:29:17,342 [pool-117-thread-1] INFO  server.RaftServerConfigKeys (ConfUtils.java:logGet(43)) - raft.server.rpc.timeout.min = 5s (custom)
2019-09-26 13:29:17,342 [pool-117-thread-1] INFO  server.RaftServerConfigKeys (ConfUtils.java:logGet(43)) - raft.server.rpc.timeout.max = 5200ms (custom)
2019-09-26 13:29:17,342 [pool-117-thread-1] INFO  server.RaftServerConfigKeys (ConfUtils.java:logGet(43)) - raft.server.rpcslowness.timeout = 120s (custom)
2019-09-26 13:29:17,342 [pool-117-thread-1] INFO  server.RaftServerConfigKeys (ConfUtils.java:logGet(43)) - raft.server.sleep.deviation.threshold = 300 (default)
2019-09-26 13:29:17,342 [pool-117-thread-1] INFO  server.RaftServerConfigKeys (ConfUtils.java:logGet(43)) - raft.server.log.appender.install.snapshot.enabled = false (custom)
2019-09-26 13:29:17,342 [pool-117-thread-1] INFO  impl.RaftServerImpl (ServerState.java:<init>(103)) - ca8c9a5b-93b8-4627-a261-13e3335d5af1@group-823B4A31449A: ConfigurationManager, init=-1: [ca8c9a5b-93b8-4627-a261-13e3335d5af1:192.168.164.238:36992], old=null, confs=<EMPTY_MAP>
2019-09-26 13:29:17,343 [pool-117-thread-1] INFO  server.RaftServerConfigKeys (ConfUtils.java:logGet(43)) - raft.server.storage.dir = [/workdir/hadoop-ozone/ozonefs/target/test-dir/MiniOzoneClusterImpl-8b6a8972-8eda-4f33-b3cf-a560ba2c5b87/datanode-9/data/ratis] (custom)
2019-09-26 13:29:17,343 [pool-117-thread-1] INFO  storage.RaftStorageDirectory (RaftStorageDirectory.java:analyzeStorage(246)) - The storage directory /workdir/hadoop-ozone/ozonefs/target/test-dir/MiniOzoneClusterImpl-8b6a8972-8eda-4f33-b3cf-a560ba2c5b87/datanode-9/data/ratis/d2bdd8af-9c16-480e-9e84-823b4a31449a does not exist. Creating ...
2019-09-26 13:29:17,356 [pool-117-thread-1] INFO  storage.RaftStorageDirectory (RaftStorageDirectory.java:tryLock(328)) - Lock on /workdir/hadoop-ozone/ozonefs/target/test-dir/MiniOzoneClusterImpl-8b6a8972-8eda-4f33-b3cf-a560ba2c5b87/datanode-9/data/ratis/d2bdd8af-9c16-480e-9e84-823b4a31449a/in_use.lock acquired by nodename 6686@pr-hdds-1569-87zkn-1081879488
2019-09-26 13:29:17,369 [pool-117-thread-1] INFO  storage.RaftStorage (RaftStorage.java:format(72)) - Storage directory /workdir/hadoop-ozone/ozonefs/target/test-dir/MiniOzoneClusterImpl-8b6a8972-8eda-4f33-b3cf-a560ba2c5b87/datanode-9/data/ratis/d2bdd8af-9c16-480e-9e84-823b4a31449a has been successfully formatted.
2019-09-26 13:29:17,369 [pool-117-thread-1] INFO  ratis.ContainerStateMachine (ContainerStateMachine.java:loadSnapshot(230)) - group-823B4A31449A: The snapshot info is null. Setting the last applied indexto:(t:0, i:~)
2019-09-26 13:29:17,369 [pool-117-thread-1] INFO  server.RaftServerConfigKeys (ConfUtils.java:logGet(43)) - raft.server.notification.no-leader.timeout = 120s (custom)
2019-09-26 13:29:17,369 [pool-117-thread-1] INFO  server.RaftServerConfigKeys (ConfUtils.java:logGet(43)) - raft.server.log.use.memory = false (default)
2019-09-26 13:29:17,369 [pool-117-thread-1] INFO  server.RaftServerConfigKeys (ConfUtils.java:logGet(43)) - raft.server.log.purge.gap = 1000000 (custom)
2019-09-26 13:29:17,369 [pool-117-thread-1] INFO  server.RaftServerConfigKeys (ConfUtils.java:logGet(43)) - raft.server.log.appender.buffer.byte-limit = 33554432 (custom)
2019-09-26 13:29:17,369 [pool-117-thread-1] INFO  server.RaftServerConfigKeys (ConfUtils.java:logGet(43)) - raft.server.log.segment.size.max = 1048576 (custom)
2019-09-26 13:29:17,369 [pool-117-thread-1] INFO  server.RaftServerConfigKeys (ConfUtils.java:logGet(43)) - raft.server.log.segment.cache.num.max = 2 (custom)
2019-09-26 13:29:17,370 [pool-117-thread-1] INFO  segmented.SegmentedRaftLogWorker (SegmentedRaftLogWorker.java:<init>(172)) - new ca8c9a5b-93b8-4627-a261-13e3335d5af1@group-823B4A31449A-SegmentedRaftLogWorker for RaftStorage:Storage Directory /workdir/hadoop-ozone/ozonefs/target/test-dir/MiniOzoneClusterImpl-8b6a8972-8eda-4f33-b3cf-a560ba2c5b87/datanode-9/data/ratis/d2bdd8af-9c16-480e-9e84-823b4a31449a
2019-09-26 13:29:17,370 [pool-117-thread-1] INFO  server.RaftServerConfigKeys (ConfUtils.java:logGet(43)) - raft.server.log.queue.byte-limit = 2147483647 (custom)
2019-09-26 13:29:17,370 [pool-117-thread-1] INFO  server.RaftServerConfigKeys (ConfUtils.java:logGet(43)) - raft.server.log.queue.element-limit = 1024 (custom)
2019-09-26 13:29:17,370 [pool-117-thread-1] INFO  server.RaftServerConfigKeys (ConfUtils.java:logGet(43)) - raft.server.log.segment.size.max = 1048576 (custom)
2019-09-26 13:29:17,370 [pool-117-thread-1] INFO  server.RaftServerConfigKeys (ConfUtils.java:logGet(43)) - raft.server.log.preallocated.size = 16384 (custom)
2019-09-26 13:29:17,370 [pool-117-thread-1] INFO  server.RaftServerConfigKeys (ConfUtils.java:logGet(43)) - raft.server.log.write.buffer.size = 33554432 (custom)
2019-09-26 13:29:17,370 [pool-117-thread-1] INFO  server.RaftServerConfigKeys (ConfUtils.java:logGet(43)) - raft.server.log.force.sync.num = 128 (default)
2019-09-26 13:29:17,370 [pool-117-thread-1] INFO  server.RaftServerConfigKeys (ConfUtils.java:logGet(43)) - raft.server.log.statemachine.data.sync = true (default)
2019-09-26 13:29:17,370 [pool-117-thread-1] INFO  server.RaftServerConfigKeys (ConfUtils.java:logGet(43)) - raft.server.log.statemachine.data.sync.timeout = 10s (default)
2019-09-26 13:29:17,370 [pool-117-thread-1] INFO  server.RaftServerConfigKeys (ConfUtils.java:logGet(43)) - raft.server.log.statemachine.data.sync.timeout.retry = -1 (default)
2019-09-26 13:29:17,371 [pool-117-thread-1] INFO  server.RaftServerConfigKeys (ConfUtils.java:logGet(43)) - raft.server.log.statemachine.data.caching.enabled = true (custom)
2019-09-26 13:29:17,371 [pool-117-thread-1] INFO  segmented.SegmentedRaftLogWorker (SegmentedRaftLogWorker.java:lambda$new$0(132)) - ca8c9a5b-93b8-4627-a261-13e3335d5af1@group-823B4A31449A-SegmentedRaftLogWorker: flushIndex: setUnconditionally 0 -> -1
2019-09-26 13:29:17,371 [pool-117-thread-1] INFO  server.RaftServerConfigKeys (ConfUtils.java:logGet(43)) - raft.server.snapshot.auto.trigger.enabled = true (custom)
2019-09-26 13:29:17,371 [pool-117-thread-1] INFO  server.RaftServerConfigKeys (ConfUtils.java:logGet(43)) - raft.server.snapshot.auto.trigger.threshold = 10000 (custom)
2019-09-26 13:29:17,371 [pool-117-thread-1] INFO  server.RaftServerConfigKeys (ConfUtils.java:logGet(43)) - raft.server.snapshot.retention.num.files = 5 (custom)
2019-09-26 13:29:17,371 [pool-117-thread-1] INFO  server.RaftServerConfigKeys (ConfUtils.java:logGet(43)) - raft.server.retrycache.expirytime = 600000ms (custom)
2019-09-26 13:29:17,373 [pool-117-thread-1] INFO  impl.RaftServerImpl (RaftServerImpl.java:start(185)) - ca8c9a5b-93b8-4627-a261-13e3335d5af1@group-823B4A31449A: start as a follower, conf=-1: [ca8c9a5b-93b8-4627-a261-13e3335d5af1:192.168.164.238:36992], old=null
2019-09-26 13:29:17,373 [pool-117-thread-1] INFO  impl.RaftServerImpl (RaftServerImpl.java:setRole(174)) - ca8c9a5b-93b8-4627-a261-13e3335d5af1@group-823B4A31449A: changes role from      null to FOLLOWER at term 0 for startAsFollower
2019-09-26 13:29:17,373 [pool-117-thread-1] INFO  impl.RoleInfo (RoleInfo.java:updateAndGet(143)) - ca8c9a5b-93b8-4627-a261-13e3335d5af1: start FollowerState
2019-09-26 13:29:17,374 [pool-117-thread-1] INFO  util.JmxRegister (JmxRegister.java:tryRegister(44)) - Successfully registered JMX Bean with object name Ratis:service=RaftServer,group=group-823B4A31449A,id=ca8c9a5b-93b8-4627-a261-13e3335d5af1
2019-09-26 13:29:17,376 [RatisPipelineUtilsThread] INFO  pipeline.PipelineStateManager (PipelineStateManager.java:addPipeline(56)) - Created pipeline Pipeline[ Id: d2bdd8af-9c16-480e-9e84-823b4a31449a, Nodes: ca8c9a5b-93b8-4627-a261-13e3335d5af1{ip: 192.168.164.238, host: pr-hdds-1569-87zkn-1081879488, networkLocation: /default-rack, certSerialId: null}, Type:RATIS, Factor:ONE, State:OPEN]
2019-09-26 13:29:17,377 [RatisPipelineUtilsThread] INFO  pipeline.PipelinePlacementPolicy (PipelinePlacementPolicy.java:meetCriteria(91)) - Pipeline Placement: can't place more pipeline on heavy datanode： 2bceee89-654d-4083-a39a-484f868bd9b7 Heaviness: 6 limit: 5
2019-09-26 13:29:17,377 [RatisPipelineUtilsThread] INFO  pipeline.PipelinePlacementPolicy (PipelinePlacementPolicy.java:meetCriteria(91)) - Pipeline Placement: can't place more pipeline on heavy datanode： 84fdec62-d817-45bb-98fc-971264b4d85b Heaviness: 6 limit: 5
2019-09-26 13:29:17,377 [RatisPipelineUtilsThread] INFO  pipeline.PipelinePlacementPolicy (PipelinePlacementPolicy.java:meetCriteria(91)) - Pipeline Placement: can't place more pipeline on heavy datanode： e1d07e13-fba7-421e-90fa-c7d02cfb4ed9 Heaviness: 6 limit: 5
2019-09-26 13:29:17,377 [RatisPipelineUtilsThread] INFO  pipeline.PipelinePlacementPolicy (PipelinePlacementPolicy.java:meetCriteria(91)) - Pipeline Placement: can't place more pipeline on heavy datanode： 84b4f0f2-647b-40e2-8663-a3f3ce0b3f80 Heaviness: 6 limit: 5
2019-09-26 13:29:17,377 [RatisPipelineUtilsThread] INFO  pipeline.PipelinePlacementPolicy (PipelinePlacementPolicy.java:meetCriteria(91)) - Pipeline Placement: can't place more pipeline on heavy datanode： 8cfabaed-6bfa-4340-a894-a45e2e16f787 Heaviness: 6 limit: 5
2019-09-26 13:29:17,377 [RatisPipelineUtilsThread] INFO  pipeline.PipelinePlacementPolicy (PipelinePlacementPolicy.java:meetCriteria(91)) - Pipeline Placement: can't place more pipeline on heavy datanode： 6bbb30bf-68fb-49c7-a700-39ca06a4595f Heaviness: 6 limit: 5
2019-09-26 13:29:17,378 [RatisPipelineUtilsThread] INFO  pipeline.PipelinePlacementPolicy (PipelinePlacementPolicy.java:meetCriteria(91)) - Pipeline Placement: can't place more pipeline on heavy datanode： 281e93f8-a9fe-4958-a33a-388335a7b504 Heaviness: 6 limit: 5
2019-09-26 13:29:17,378 [RatisPipelineUtilsThread] INFO  pipeline.PipelinePlacementPolicy (PipelinePlacementPolicy.java:meetCriteria(91)) - Pipeline Placement: can't place more pipeline on heavy datanode： 921dbd79-5e7d-43e7-a946-6392aa4a26bd Heaviness: 6 limit: 5
2019-09-26 13:29:17,378 [RatisPipelineUtilsThread] INFO  pipeline.PipelinePlacementPolicy (PipelinePlacementPolicy.java:meetCriteria(91)) - Pipeline Placement: can't place more pipeline on heavy datanode： 1987c896-e32f-4a06-ac9a-08216b278c2b Heaviness: 6 limit: 5
2019-09-26 13:29:17,383 [grpc-default-executor-1] INFO  impl.RaftServerProxy (RaftServerProxy.java:addNew(89)) - ca8c9a5b-93b8-4627-a261-13e3335d5af1: addNew group-68A16851D164:[ca8c9a5b-93b8-4627-a261-13e3335d5af1:192.168.164.238:36992] returns group-68A16851D164:java.util.concurrent.CompletableFuture@a59865c[Not completed]
2019-09-26 13:29:17,384 [pool-117-thread-1] INFO  impl.RaftServerImpl (RaftServerImpl.java:<init>(95)) - ca8c9a5b-93b8-4627-a261-13e3335d5af1: new RaftServerImpl for group-68A16851D164:[ca8c9a5b-93b8-4627-a261-13e3335d5af1:192.168.164.238:36992] with ContainerStateMachine:uninitialized
2019-09-26 13:29:17,384 [pool-117-thread-1] INFO  server.RaftServerConfigKeys (ConfUtils.java:logGet(43)) - raft.server.rpc.timeout.min = 5s (custom)
2019-09-26 13:29:17,384 [pool-117-thread-1] INFO  server.RaftServerConfigKeys (ConfUtils.java:logGet(43)) - raft.server.rpc.timeout.max = 5200ms (custom)
2019-09-26 13:29:17,384 [pool-117-thread-1] INFO  server.RaftServerConfigKeys (ConfUtils.java:logGet(43)) - raft.server.rpcslowness.timeout = 120s (custom)
2019-09-26 13:29:17,384 [pool-117-thread-1] INFO  server.RaftServerConfigKeys (ConfUtils.java:logGet(43)) - raft.server.sleep.deviation.threshold = 300 (default)
2019-09-26 13:29:17,384 [pool-117-thread-1] INFO  server.RaftServerConfigKeys (ConfUtils.java:logGet(43)) - raft.server.log.appender.install.snapshot.enabled = false (custom)
2019-09-26 13:29:17,384 [pool-117-thread-1] INFO  impl.RaftServerImpl (ServerState.java:<init>(103)) - ca8c9a5b-93b8-4627-a261-13e3335d5af1@group-68A16851D164: ConfigurationManager, init=-1: [ca8c9a5b-93b8-4627-a261-13e3335d5af1:192.168.164.238:36992], old=null, confs=<EMPTY_MAP>
2019-09-26 13:29:17,384 [pool-117-thread-1] INFO  server.RaftServerConfigKeys (ConfUtils.java:logGet(43)) - raft.server.storage.dir = [/workdir/hadoop-ozone/ozonefs/target/test-dir/MiniOzoneClusterImpl-8b6a8972-8eda-4f33-b3cf-a560ba2c5b87/datanode-9/data/ratis] (custom)
2019-09-26 13:29:17,385 [pool-117-thread-1] INFO  storage.RaftStorageDirectory (RaftStorageDirectory.java:analyzeStorage(246)) - The storage directory /workdir/hadoop-ozone/ozonefs/target/test-dir/MiniOzoneClusterImpl-8b6a8972-8eda-4f33-b3cf-a560ba2c5b87/datanode-9/data/ratis/db957d05-4b05-4981-b5c1-68a16851d164 does not exist. Creating ...
2019-09-26 13:29:17,397 [pool-117-thread-1] INFO  storage.RaftStorageDirectory (RaftStorageDirectory.java:tryLock(328)) - Lock on /workdir/hadoop-ozone/ozonefs/target/test-dir/MiniOzoneClusterImpl-8b6a8972-8eda-4f33-b3cf-a560ba2c5b87/datanode-9/data/ratis/db957d05-4b05-4981-b5c1-68a16851d164/in_use.lock acquired by nodename 6686@pr-hdds-1569-87zkn-1081879488
2019-09-26 13:29:17,410 [pool-117-thread-1] INFO  storage.RaftStorage (RaftStorage.java:format(72)) - Storage directory /workdir/hadoop-ozone/ozonefs/target/test-dir/MiniOzoneClusterImpl-8b6a8972-8eda-4f33-b3cf-a560ba2c5b87/datanode-9/data/ratis/db957d05-4b05-4981-b5c1-68a16851d164 has been successfully formatted.
2019-09-26 13:29:17,410 [pool-117-thread-1] INFO  ratis.ContainerStateMachine (ContainerStateMachine.java:loadSnapshot(230)) - group-68A16851D164: The snapshot info is null. Setting the last applied indexto:(t:0, i:~)
2019-09-26 13:29:17,411 [pool-117-thread-1] INFO  server.RaftServerConfigKeys (ConfUtils.java:logGet(43)) - raft.server.notification.no-leader.timeout = 120s (custom)
2019-09-26 13:29:17,411 [pool-117-thread-1] INFO  server.RaftServerConfigKeys (ConfUtils.java:logGet(43)) - raft.server.log.use.memory = false (default)
2019-09-26 13:29:17,411 [pool-117-thread-1] INFO  server.RaftServerConfigKeys (ConfUtils.java:logGet(43)) - raft.server.log.purge.gap = 1000000 (custom)
2019-09-26 13:29:17,411 [pool-117-thread-1] INFO  server.RaftServerConfigKeys (ConfUtils.java:logGet(43)) - raft.server.log.appender.buffer.byte-limit = 33554432 (custom)
2019-09-26 13:29:17,411 [pool-117-thread-1] INFO  server.RaftServerConfigKeys (ConfUtils.java:logGet(43)) - raft.server.log.segment.size.max = 1048576 (custom)
2019-09-26 13:29:17,411 [pool-117-thread-1] INFO  server.RaftServerConfigKeys (ConfUtils.java:logGet(43)) - raft.server.log.segment.cache.num.max = 2 (custom)
2019-09-26 13:29:17,411 [pool-117-thread-1] INFO  segmented.SegmentedRaftLogWorker (SegmentedRaftLogWorker.java:<init>(172)) - new ca8c9a5b-93b8-4627-a261-13e3335d5af1@group-68A16851D164-SegmentedRaftLogWorker for RaftStorage:Storage Directory /workdir/hadoop-ozone/ozonefs/target/test-dir/MiniOzoneClusterImpl-8b6a8972-8eda-4f33-b3cf-a560ba2c5b87/datanode-9/data/ratis/db957d05-4b05-4981-b5c1-68a16851d164
2019-09-26 13:29:17,411 [pool-117-thread-1] INFO  server.RaftServerConfigKeys (ConfUtils.java:logGet(43)) - raft.server.log.queue.byte-limit = 2147483647 (custom)
2019-09-26 13:29:17,411 [pool-117-thread-1] INFO  server.RaftServerConfigKeys (ConfUtils.java:logGet(43)) - raft.server.log.queue.element-limit = 1024 (custom)
2019-09-26 13:29:17,411 [pool-117-thread-1] INFO  server.RaftServerConfigKeys (ConfUtils.java:logGet(43)) - raft.server.log.segment.size.max = 1048576 (custom)
2019-09-26 13:29:17,411 [pool-117-thread-1] INFO  server.RaftServerConfigKeys (ConfUtils.java:logGet(43)) - raft.server.log.preallocated.size = 16384 (custom)
2019-09-26 13:29:17,412 [pool-117-thread-1] INFO  server.RaftServerConfigKeys (ConfUtils.java:logGet(43)) - raft.server.log.write.buffer.size = 33554432 (custom)
2019-09-26 13:29:17,412 [pool-117-thread-1] INFO  server.RaftServerConfigKeys (ConfUtils.java:logGet(43)) - raft.server.log.force.sync.num = 128 (default)
2019-09-26 13:29:17,412 [pool-117-thread-1] INFO  server.RaftServerConfigKeys (ConfUtils.java:logGet(43)) - raft.server.log.statemachine.data.sync = true (default)
2019-09-26 13:29:17,412 [pool-117-thread-1] INFO  server.RaftServerConfigKeys (ConfUtils.java:logGet(43)) - raft.server.log.statemachine.data.sync.timeout = 10s (default)
2019-09-26 13:29:17,412 [pool-117-thread-1] INFO  server.RaftServerConfigKeys (ConfUtils.java:logGet(43)) - raft.server.log.statemachine.data.sync.timeout.retry = -1 (default)
2019-09-26 13:29:17,412 [pool-117-thread-1] INFO  server.RaftServerConfigKeys (ConfUtils.java:logGet(43)) - raft.server.log.statemachine.data.caching.enabled = true (custom)
2019-09-26 13:29:17,412 [pool-117-thread-1] INFO  segmented.SegmentedRaftLogWorker (SegmentedRaftLogWorker.java:lambda$new$0(132)) - ca8c9a5b-93b8-4627-a261-13e3335d5af1@group-68A16851D164-SegmentedRaftLogWorker: flushIndex: setUnconditionally 0 -> -1
2019-09-26 13:29:17,413 [pool-117-thread-1] INFO  server.RaftServerConfigKeys (ConfUtils.java:logGet(43)) - raft.server.snapshot.auto.trigger.enabled = true (custom)
2019-09-26 13:29:17,413 [pool-117-thread-1] INFO  server.RaftServerConfigKeys (ConfUtils.java:logGet(43)) - raft.server.snapshot.auto.trigger.threshold = 10000 (custom)
2019-09-26 13:29:17,413 [pool-117-thread-1] INFO  server.RaftServerConfigKeys (ConfUtils.java:logGet(43)) - raft.server.snapshot.retention.num.files = 5 (custom)
2019-09-26 13:29:17,413 [pool-117-thread-1] INFO  server.RaftServerConfigKeys (ConfUtils.java:logGet(43)) - raft.server.retrycache.expirytime = 600000ms (custom)
2019-09-26 13:29:17,414 [pool-117-thread-1] INFO  impl.RaftServerImpl (RaftServerImpl.java:start(185)) - ca8c9a5b-93b8-4627-a261-13e3335d5af1@group-68A16851D164: start as a follower, conf=-1: [ca8c9a5b-93b8-4627-a261-13e3335d5af1:192.168.164.238:36992], old=null
2019-09-26 13:29:17,414 [pool-117-thread-1] INFO  impl.RaftServerImpl (RaftServerImpl.java:setRole(174)) - ca8c9a5b-93b8-4627-a261-13e3335d5af1@group-68A16851D164: changes role from      null to FOLLOWER at term 0 for startAsFollower
2019-09-26 13:29:17,415 [pool-117-thread-1] INFO  impl.RoleInfo (RoleInfo.java:updateAndGet(143)) - ca8c9a5b-93b8-4627-a261-13e3335d5af1: start FollowerState
2019-09-26 13:29:17,415 [pool-117-thread-1] INFO  util.JmxRegister (JmxRegister.java:tryRegister(44)) - Successfully registered JMX Bean with object name Ratis:service=RaftServer,group=group-68A16851D164,id=ca8c9a5b-93b8-4627-a261-13e3335d5af1
2019-09-26 13:29:17,417 [RatisPipelineUtilsThread] INFO  pipeline.PipelineStateManager (PipelineStateManager.java:addPipeline(56)) - Created pipeline Pipeline[ Id: db957d05-4b05-4981-b5c1-68a16851d164, Nodes: ca8c9a5b-93b8-4627-a261-13e3335d5af1{ip: 192.168.164.238, host: pr-hdds-1569-87zkn-1081879488, networkLocation: /default-rack, certSerialId: null}, Type:RATIS, Factor:ONE, State:OPEN]
2019-09-26 13:29:17,417 [RatisPipelineUtilsThread] INFO  pipeline.PipelinePlacementPolicy (PipelinePlacementPolicy.java:meetCriteria(91)) - Pipeline Placement: can't place more pipeline on heavy datanode： 2bceee89-654d-4083-a39a-484f868bd9b7 Heaviness: 6 limit: 5
2019-09-26 13:29:17,418 [RatisPipelineUtilsThread] INFO  pipeline.PipelinePlacementPolicy (PipelinePlacementPolicy.java:meetCriteria(91)) - Pipeline Placement: can't place more pipeline on heavy datanode： 84fdec62-d817-45bb-98fc-971264b4d85b Heaviness: 6 limit: 5
2019-09-26 13:29:17,418 [RatisPipelineUtilsThread] INFO  pipeline.PipelinePlacementPolicy (PipelinePlacementPolicy.java:meetCriteria(91)) - Pipeline Placement: can't place more pipeline on heavy datanode： e1d07e13-fba7-421e-90fa-c7d02cfb4ed9 Heaviness: 6 limit: 5
2019-09-26 13:29:17,418 [RatisPipelineUtilsThread] INFO  pipeline.PipelinePlacementPolicy (PipelinePlacementPolicy.java:meetCriteria(91)) - Pipeline Placement: can't place more pipeline on heavy datanode： 84b4f0f2-647b-40e2-8663-a3f3ce0b3f80 Heaviness: 6 limit: 5
2019-09-26 13:29:17,418 [RatisPipelineUtilsThread] INFO  pipeline.PipelinePlacementPolicy (PipelinePlacementPolicy.java:meetCriteria(91)) - Pipeline Placement: can't place more pipeline on heavy datanode： 8cfabaed-6bfa-4340-a894-a45e2e16f787 Heaviness: 6 limit: 5
2019-09-26 13:29:17,418 [RatisPipelineUtilsThread] INFO  pipeline.PipelinePlacementPolicy (PipelinePlacementPolicy.java:meetCriteria(91)) - Pipeline Placement: can't place more pipeline on heavy datanode： 6bbb30bf-68fb-49c7-a700-39ca06a4595f Heaviness: 6 limit: 5
2019-09-26 13:29:17,419 [RatisPipelineUtilsThread] INFO  pipeline.PipelinePlacementPolicy (PipelinePlacementPolicy.java:meetCriteria(91)) - Pipeline Placement: can't place more pipeline on heavy datanode： 281e93f8-a9fe-4958-a33a-388335a7b504 Heaviness: 6 limit: 5
2019-09-26 13:29:17,419 [RatisPipelineUtilsThread] INFO  pipeline.PipelinePlacementPolicy (PipelinePlacementPolicy.java:meetCriteria(91)) - Pipeline Placement: can't place more pipeline on heavy datanode： 921dbd79-5e7d-43e7-a946-6392aa4a26bd Heaviness: 6 limit: 5
2019-09-26 13:29:17,419 [RatisPipelineUtilsThread] INFO  pipeline.PipelinePlacementPolicy (PipelinePlacementPolicy.java:meetCriteria(91)) - Pipeline Placement: can't place more pipeline on heavy datanode： 1987c896-e32f-4a06-ac9a-08216b278c2b Heaviness: 6 limit: 5
2019-09-26 13:29:17,424 [grpc-default-executor-1] INFO  impl.RaftServerProxy (RaftServerProxy.java:addNew(89)) - ca8c9a5b-93b8-4627-a261-13e3335d5af1: addNew group-A0217D980CA8:[ca8c9a5b-93b8-4627-a261-13e3335d5af1:192.168.164.238:36992] returns group-A0217D980CA8:java.util.concurrent.CompletableFuture@5abe62e4[Not completed]
2019-09-26 13:29:17,425 [pool-117-thread-1] INFO  impl.RaftServerImpl (RaftServerImpl.java:<init>(95)) - ca8c9a5b-93b8-4627-a261-13e3335d5af1: new RaftServerImpl for group-A0217D980CA8:[ca8c9a5b-93b8-4627-a261-13e3335d5af1:192.168.164.238:36992] with ContainerStateMachine:uninitialized
2019-09-26 13:29:17,425 [pool-117-thread-1] INFO  server.RaftServerConfigKeys (ConfUtils.java:logGet(43)) - raft.server.rpc.timeout.min = 5s (custom)
2019-09-26 13:29:17,425 [pool-117-thread-1] INFO  server.RaftServerConfigKeys (ConfUtils.java:logGet(43)) - raft.server.rpc.timeout.max = 5200ms (custom)
2019-09-26 13:29:17,425 [pool-117-thread-1] INFO  server.RaftServerConfigKeys (ConfUtils.java:logGet(43)) - raft.server.rpcslowness.timeout = 120s (custom)
2019-09-26 13:29:17,425 [pool-117-thread-1] INFO  server.RaftServerConfigKeys (ConfUtils.java:logGet(43)) - raft.server.sleep.deviation.threshold = 300 (default)
2019-09-26 13:29:17,425 [pool-117-thread-1] INFO  server.RaftServerConfigKeys (ConfUtils.java:logGet(43)) - raft.server.log.appender.install.snapshot.enabled = false (custom)
2019-09-26 13:29:17,425 [pool-117-thread-1] INFO  impl.RaftServerImpl (ServerState.java:<init>(103)) - ca8c9a5b-93b8-4627-a261-13e3335d5af1@group-A0217D980CA8: ConfigurationManager, init=-1: [ca8c9a5b-93b8-4627-a261-13e3335d5af1:192.168.164.238:36992], old=null, confs=<EMPTY_MAP>
2019-09-26 13:29:17,426 [pool-117-thread-1] INFO  server.RaftServerConfigKeys (ConfUtils.java:logGet(43)) - raft.server.storage.dir = [/workdir/hadoop-ozone/ozonefs/target/test-dir/MiniOzoneClusterImpl-8b6a8972-8eda-4f33-b3cf-a560ba2c5b87/datanode-9/data/ratis] (custom)
2019-09-26 13:29:17,426 [pool-117-thread-1] INFO  storage.RaftStorageDirectory (RaftStorageDirectory.java:analyzeStorage(246)) - The storage directory /workdir/hadoop-ozone/ozonefs/target/test-dir/MiniOzoneClusterImpl-8b6a8972-8eda-4f33-b3cf-a560ba2c5b87/datanode-9/data/ratis/f0cde088-9a8b-4660-8904-a0217d980ca8 does not exist. Creating ...
2019-09-26 13:29:17,440 [pool-117-thread-1] INFO  storage.RaftStorageDirectory (RaftStorageDirectory.java:tryLock(328)) - Lock on /workdir/hadoop-ozone/ozonefs/target/test-dir/MiniOzoneClusterImpl-8b6a8972-8eda-4f33-b3cf-a560ba2c5b87/datanode-9/data/ratis/f0cde088-9a8b-4660-8904-a0217d980ca8/in_use.lock acquired by nodename 6686@pr-hdds-1569-87zkn-1081879488
2019-09-26 13:29:17,456 [pool-117-thread-1] INFO  storage.RaftStorage (RaftStorage.java:format(72)) - Storage directory /workdir/hadoop-ozone/ozonefs/target/test-dir/MiniOzoneClusterImpl-8b6a8972-8eda-4f33-b3cf-a560ba2c5b87/datanode-9/data/ratis/f0cde088-9a8b-4660-8904-a0217d980ca8 has been successfully formatted.
2019-09-26 13:29:17,456 [pool-117-thread-1] INFO  ratis.ContainerStateMachine (ContainerStateMachine.java:loadSnapshot(230)) - group-A0217D980CA8: The snapshot info is null. Setting the last applied indexto:(t:0, i:~)
2019-09-26 13:29:17,457 [pool-117-thread-1] INFO  server.RaftServerConfigKeys (ConfUtils.java:logGet(43)) - raft.server.notification.no-leader.timeout = 120s (custom)
2019-09-26 13:29:17,457 [pool-117-thread-1] INFO  server.RaftServerConfigKeys (ConfUtils.java:logGet(43)) - raft.server.log.use.memory = false (default)
2019-09-26 13:29:17,457 [pool-117-thread-1] INFO  server.RaftServerConfigKeys (ConfUtils.java:logGet(43)) - raft.server.log.purge.gap = 1000000 (custom)
2019-09-26 13:29:17,457 [pool-117-thread-1] INFO  server.RaftServerConfigKeys (ConfUtils.java:logGet(43)) - raft.server.log.appender.buffer.byte-limit = 33554432 (custom)
2019-09-26 13:29:17,457 [pool-117-thread-1] INFO  server.RaftServerConfigKeys (ConfUtils.java:logGet(43)) - raft.server.log.segment.size.max = 1048576 (custom)
2019-09-26 13:29:17,457 [pool-117-thread-1] INFO  server.RaftServerConfigKeys (ConfUtils.java:logGet(43)) - raft.server.log.segment.cache.num.max = 2 (custom)
2019-09-26 13:29:17,457 [pool-117-thread-1] INFO  segmented.SegmentedRaftLogWorker (SegmentedRaftLogWorker.java:<init>(172)) - new ca8c9a5b-93b8-4627-a261-13e3335d5af1@group-A0217D980CA8-SegmentedRaftLogWorker for RaftStorage:Storage Directory /workdir/hadoop-ozone/ozonefs/target/test-dir/MiniOzoneClusterImpl-8b6a8972-8eda-4f33-b3cf-a560ba2c5b87/datanode-9/data/ratis/f0cde088-9a8b-4660-8904-a0217d980ca8
2019-09-26 13:29:17,457 [pool-117-thread-1] INFO  server.RaftServerConfigKeys (ConfUtils.java:logGet(43)) - raft.server.log.queue.byte-limit = 2147483647 (custom)
2019-09-26 13:29:17,458 [pool-117-thread-1] INFO  server.RaftServerConfigKeys (ConfUtils.java:logGet(43)) - raft.server.log.queue.element-limit = 1024 (custom)
2019-09-26 13:29:17,458 [pool-117-thread-1] INFO  server.RaftServerConfigKeys (ConfUtils.java:logGet(43)) - raft.server.log.segment.size.max = 1048576 (custom)
2019-09-26 13:29:17,458 [pool-117-thread-1] INFO  server.RaftServerConfigKeys (ConfUtils.java:logGet(43)) - raft.server.log.preallocated.size = 16384 (custom)
2019-09-26 13:29:17,458 [pool-117-thread-1] INFO  server.RaftServerConfigKeys (ConfUtils.java:logGet(43)) - raft.server.log.write.buffer.size = 33554432 (custom)
2019-09-26 13:29:17,458 [pool-117-thread-1] INFO  server.RaftServerConfigKeys (ConfUtils.java:logGet(43)) - raft.server.log.force.sync.num = 128 (default)
2019-09-26 13:29:17,458 [pool-117-thread-1] INFO  server.RaftServerConfigKeys (ConfUtils.java:logGet(43)) - raft.server.log.statemachine.data.sync = true (default)
2019-09-26 13:29:17,458 [pool-117-thread-1] INFO  server.RaftServerConfigKeys (ConfUtils.java:logGet(43)) - raft.server.log.statemachine.data.sync.timeout = 10s (default)
2019-09-26 13:29:17,458 [pool-117-thread-1] INFO  server.RaftServerConfigKeys (ConfUtils.java:logGet(43)) - raft.server.log.statemachine.data.sync.timeout.retry = -1 (default)
2019-09-26 13:29:17,458 [pool-117-thread-1] INFO  server.RaftServerConfigKeys (ConfUtils.java:logGet(43)) - raft.server.log.statemachine.data.caching.enabled = true (custom)
2019-09-26 13:29:17,459 [pool-117-thread-1] INFO  segmented.SegmentedRaftLogWorker (SegmentedRaftLogWorker.java:lambda$new$0(132)) - ca8c9a5b-93b8-4627-a261-13e3335d5af1@group-A0217D980CA8-SegmentedRaftLogWorker: flushIndex: setUnconditionally 0 -> -1
2019-09-26 13:29:17,459 [pool-117-thread-1] INFO  server.RaftServerConfigKeys (ConfUtils.java:logGet(43)) - raft.server.snapshot.auto.trigger.enabled = true (custom)
2019-09-26 13:29:17,459 [pool-117-thread-1] INFO  server.RaftServerConfigKeys (ConfUtils.java:logGet(43)) - raft.server.snapshot.auto.trigger.threshold = 10000 (custom)
2019-09-26 13:29:17,459 [pool-117-thread-1] INFO  server.RaftServerConfigKeys (ConfUtils.java:logGet(43)) - raft.server.snapshot.retention.num.files = 5 (custom)
2019-09-26 13:29:17,459 [pool-117-thread-1] INFO  server.RaftServerConfigKeys (ConfUtils.java:logGet(43)) - raft.server.retrycache.expirytime = 600000ms (custom)
2019-09-26 13:29:17,461 [pool-117-thread-1] INFO  impl.RaftServerImpl (RaftServerImpl.java:start(185)) - ca8c9a5b-93b8-4627-a261-13e3335d5af1@group-A0217D980CA8: start as a follower, conf=-1: [ca8c9a5b-93b8-4627-a261-13e3335d5af1:192.168.164.238:36992], old=null
2019-09-26 13:29:17,461 [pool-117-thread-1] INFO  impl.RaftServerImpl (RaftServerImpl.java:setRole(174)) - ca8c9a5b-93b8-4627-a261-13e3335d5af1@group-A0217D980CA8: changes role from      null to FOLLOWER at term 0 for startAsFollower
2019-09-26 13:29:17,461 [pool-117-thread-1] INFO  impl.RoleInfo (RoleInfo.java:updateAndGet(143)) - ca8c9a5b-93b8-4627-a261-13e3335d5af1: start FollowerState
2019-09-26 13:29:17,462 [pool-117-thread-1] INFO  util.JmxRegister (JmxRegister.java:tryRegister(44)) - Successfully registered JMX Bean with object name Ratis:service=RaftServer,group=group-A0217D980CA8,id=ca8c9a5b-93b8-4627-a261-13e3335d5af1
2019-09-26 13:29:17,465 [RatisPipelineUtilsThread] INFO  pipeline.PipelineStateManager (PipelineStateManager.java:addPipeline(56)) - Created pipeline Pipeline[ Id: f0cde088-9a8b-4660-8904-a0217d980ca8, Nodes: ca8c9a5b-93b8-4627-a261-13e3335d5af1{ip: 192.168.164.238, host: pr-hdds-1569-87zkn-1081879488, networkLocation: /default-rack, certSerialId: null}, Type:RATIS, Factor:ONE, State:OPEN]
2019-09-26 13:29:17,465 [RatisPipelineUtilsThread] INFO  pipeline.PipelinePlacementPolicy (PipelinePlacementPolicy.java:meetCriteria(91)) - Pipeline Placement: can't place more pipeline on heavy datanode： 2bceee89-654d-4083-a39a-484f868bd9b7 Heaviness: 6 limit: 5
2019-09-26 13:29:17,465 [RatisPipelineUtilsThread] INFO  pipeline.PipelinePlacementPolicy (PipelinePlacementPolicy.java:meetCriteria(91)) - Pipeline Placement: can't place more pipeline on heavy datanode： 84fdec62-d817-45bb-98fc-971264b4d85b Heaviness: 6 limit: 5
2019-09-26 13:29:17,465 [RatisPipelineUtilsThread] INFO  pipeline.PipelinePlacementPolicy (PipelinePlacementPolicy.java:meetCriteria(91)) - Pipeline Placement: can't place more pipeline on heavy datanode： e1d07e13-fba7-421e-90fa-c7d02cfb4ed9 Heaviness: 6 limit: 5
2019-09-26 13:29:17,466 [RatisPipelineUtilsThread] INFO  pipeline.PipelinePlacementPolicy (PipelinePlacementPolicy.java:meetCriteria(91)) - Pipeline Placement: can't place more pipeline on heavy datanode： 84b4f0f2-647b-40e2-8663-a3f3ce0b3f80 Heaviness: 6 limit: 5
2019-09-26 13:29:17,466 [RatisPipelineUtilsThread] INFO  pipeline.PipelinePlacementPolicy (PipelinePlacementPolicy.java:meetCriteria(91)) - Pipeline Placement: can't place more pipeline on heavy datanode： 8cfabaed-6bfa-4340-a894-a45e2e16f787 Heaviness: 6 limit: 5
2019-09-26 13:29:17,466 [RatisPipelineUtilsThread] INFO  pipeline.PipelinePlacementPolicy (PipelinePlacementPolicy.java:meetCriteria(91)) - Pipeline Placement: can't place more pipeline on heavy datanode： ca8c9a5b-93b8-4627-a261-13e3335d5af1 Heaviness: 6 limit: 5
2019-09-26 13:29:17,466 [RatisPipelineUtilsThread] INFO  pipeline.PipelinePlacementPolicy (PipelinePlacementPolicy.java:meetCriteria(91)) - Pipeline Placement: can't place more pipeline on heavy datanode： 6bbb30bf-68fb-49c7-a700-39ca06a4595f Heaviness: 6 limit: 5
2019-09-26 13:29:17,466 [RatisPipelineUtilsThread] INFO  pipeline.PipelinePlacementPolicy (PipelinePlacementPolicy.java:meetCriteria(91)) - Pipeline Placement: can't place more pipeline on heavy datanode： 281e93f8-a9fe-4958-a33a-388335a7b504 Heaviness: 6 limit: 5
2019-09-26 13:29:17,466 [RatisPipelineUtilsThread] INFO  pipeline.PipelinePlacementPolicy (PipelinePlacementPolicy.java:meetCriteria(91)) - Pipeline Placement: can't place more pipeline on heavy datanode： 921dbd79-5e7d-43e7-a946-6392aa4a26bd Heaviness: 6 limit: 5
2019-09-26 13:29:17,466 [RatisPipelineUtilsThread] INFO  pipeline.PipelinePlacementPolicy (PipelinePlacementPolicy.java:meetCriteria(91)) - Pipeline Placement: can't place more pipeline on heavy datanode： 1987c896-e32f-4a06-ac9a-08216b278c2b Heaviness: 6 limit: 5
2019-09-26 13:29:17,467 [RatisPipelineUtilsThread] ERROR pipeline.PipelinePlacementPolicy (PipelinePlacementPolicy.java:filterViableNodes(148)) - Unable to find enough nodes that meet the criteria that cannot engage in more than 5 pipelines. Nodes required: 1 Found: 0, healthy nodes count inNodeManager: 10.
2019-09-26 13:29:17,469 [RatisPipelineUtilsThread] ERROR pipeline.SCMPipelineManager (SCMPipelineManager.java:createPipeline(167)) - Pipeline creation failed.
org.apache.hadoop.hdds.scm.exceptions.SCMException: Unable to find enough nodes that meet the criteria that cannot engage in more than 5 pipelines. Nodes required: 1 Found: 0, healthy nodes count inNodeManager: 10.
	at org.apache.hadoop.hdds.scm.pipeline.PipelinePlacementPolicy.filterViableNodes(PipelinePlacementPolicy.java:149)
	at org.apache.hadoop.hdds.scm.pipeline.PipelinePlacementPolicy.chooseDatanodes(PipelinePlacementPolicy.java:172)
	at org.apache.hadoop.hdds.scm.pipeline.RatisPipelineProvider.create(RatisPipelineProvider.java:93)
	at org.apache.hadoop.hdds.scm.pipeline.PipelineFactory.create(PipelineFactory.java:58)
	at org.apache.hadoop.hdds.scm.pipeline.SCMPipelineManager.createPipeline(SCMPipelineManager.java:155)
	at org.apache.hadoop.hdds.scm.pipeline.BackgroundPipelineCreator.createPipelines(BackgroundPipelineCreator.java:99)
	at java.util.concurrent.Executors$RunnableAdapter.call(Executors.java:511)
	at java.util.concurrent.FutureTask.run(FutureTask.java:266)
	at java.util.concurrent.ScheduledThreadPoolExecutor$ScheduledFutureTask.access$201(ScheduledThreadPoolExecutor.java:180)
	at java.util.concurrent.ScheduledThreadPoolExecutor$ScheduledFutureTask.run(ScheduledThreadPoolExecutor.java:293)
	at java.util.concurrent.ThreadPoolExecutor.runWorker(ThreadPoolExecutor.java:1149)
	at java.util.concurrent.ThreadPoolExecutor$Worker.run(ThreadPoolExecutor.java:624)
	at java.lang.Thread.run(Thread.java:748)
2019-09-26 13:29:17,470 [RatisPipelineUtilsThread] INFO  pipeline.PipelinePlacementPolicy (PipelinePlacementPolicy.java:meetCriteria(91)) - Pipeline Placement: can't place more pipeline on heavy datanode： 2bceee89-654d-4083-a39a-484f868bd9b7 Heaviness: 6 limit: 5
2019-09-26 13:29:17,471 [RatisPipelineUtilsThread] INFO  pipeline.PipelinePlacementPolicy (PipelinePlacementPolicy.java:meetCriteria(91)) - Pipeline Placement: can't place more pipeline on heavy datanode： 84fdec62-d817-45bb-98fc-971264b4d85b Heaviness: 6 limit: 5
2019-09-26 13:29:17,471 [RatisPipelineUtilsThread] INFO  pipeline.PipelinePlacementPolicy (PipelinePlacementPolicy.java:meetCriteria(91)) - Pipeline Placement: can't place more pipeline on heavy datanode： e1d07e13-fba7-421e-90fa-c7d02cfb4ed9 Heaviness: 6 limit: 5
2019-09-26 13:29:17,471 [RatisPipelineUtilsThread] INFO  pipeline.PipelinePlacementPolicy (PipelinePlacementPolicy.java:meetCriteria(91)) - Pipeline Placement: can't place more pipeline on heavy datanode： 84b4f0f2-647b-40e2-8663-a3f3ce0b3f80 Heaviness: 6 limit: 5
2019-09-26 13:29:17,471 [RatisPipelineUtilsThread] INFO  pipeline.PipelinePlacementPolicy (PipelinePlacementPolicy.java:meetCriteria(91)) - Pipeline Placement: can't place more pipeline on heavy datanode： 8cfabaed-6bfa-4340-a894-a45e2e16f787 Heaviness: 6 limit: 5
2019-09-26 13:29:17,471 [RatisPipelineUtilsThread] INFO  pipeline.PipelinePlacementPolicy (PipelinePlacementPolicy.java:meetCriteria(91)) - Pipeline Placement: can't place more pipeline on heavy datanode： ca8c9a5b-93b8-4627-a261-13e3335d5af1 Heaviness: 6 limit: 5
2019-09-26 13:29:17,472 [RatisPipelineUtilsThread] INFO  pipeline.PipelinePlacementPolicy (PipelinePlacementPolicy.java:meetCriteria(91)) - Pipeline Placement: can't place more pipeline on heavy datanode： 6bbb30bf-68fb-49c7-a700-39ca06a4595f Heaviness: 6 limit: 5
2019-09-26 13:29:17,472 [RatisPipelineUtilsThread] INFO  pipeline.PipelinePlacementPolicy (PipelinePlacementPolicy.java:meetCriteria(91)) - Pipeline Placement: can't place more pipeline on heavy datanode： 281e93f8-a9fe-4958-a33a-388335a7b504 Heaviness: 6 limit: 5
2019-09-26 13:29:17,472 [RatisPipelineUtilsThread] INFO  pipeline.PipelinePlacementPolicy (PipelinePlacementPolicy.java:meetCriteria(91)) - Pipeline Placement: can't place more pipeline on heavy datanode： 921dbd79-5e7d-43e7-a946-6392aa4a26bd Heaviness: 6 limit: 5
2019-09-26 13:29:17,472 [RatisPipelineUtilsThread] INFO  pipeline.PipelinePlacementPolicy (PipelinePlacementPolicy.java:meetCriteria(91)) - Pipeline Placement: can't place more pipeline on heavy datanode： 1987c896-e32f-4a06-ac9a-08216b278c2b Heaviness: 6 limit: 5
2019-09-26 13:29:17,472 [RatisPipelineUtilsThread] ERROR pipeline.PipelinePlacementPolicy (PipelinePlacementPolicy.java:filterViableNodes(148)) - Unable to find enough nodes that meet the criteria that cannot engage in more than 5 pipelines. Nodes required: 3 Found: 0, healthy nodes count inNodeManager: 10.
2019-09-26 13:29:17,473 [RatisPipelineUtilsThread] ERROR pipeline.SCMPipelineManager (SCMPipelineManager.java:createPipeline(167)) - Pipeline creation failed.
org.apache.hadoop.hdds.scm.exceptions.SCMException: Unable to find enough nodes that meet the criteria that cannot engage in more than 5 pipelines. Nodes required: 3 Found: 0, healthy nodes count inNodeManager: 10.
	at org.apache.hadoop.hdds.scm.pipeline.PipelinePlacementPolicy.filterViableNodes(PipelinePlacementPolicy.java:149)
	at org.apache.hadoop.hdds.scm.pipeline.PipelinePlacementPolicy.chooseDatanodes(PipelinePlacementPolicy.java:172)
	at org.apache.hadoop.hdds.scm.pipeline.RatisPipelineProvider.create(RatisPipelineProvider.java:93)
	at org.apache.hadoop.hdds.scm.pipeline.PipelineFactory.create(PipelineFactory.java:58)
	at org.apache.hadoop.hdds.scm.pipeline.SCMPipelineManager.createPipeline(SCMPipelineManager.java:155)
	at org.apache.hadoop.hdds.scm.pipeline.BackgroundPipelineCreator.createPipelines(BackgroundPipelineCreator.java:99)
	at java.util.concurrent.Executors$RunnableAdapter.call(Executors.java:511)
	at java.util.concurrent.FutureTask.run(FutureTask.java:266)
	at java.util.concurrent.ScheduledThreadPoolExecutor$ScheduledFutureTask.access$201(ScheduledThreadPoolExecutor.java:180)
	at java.util.concurrent.ScheduledThreadPoolExecutor$ScheduledFutureTask.run(ScheduledThreadPoolExecutor.java:293)
	at java.util.concurrent.ThreadPoolExecutor.runWorker(ThreadPoolExecutor.java:1149)
	at java.util.concurrent.ThreadPoolExecutor$Worker.run(ThreadPoolExecutor.java:624)
	at java.lang.Thread.run(Thread.java:748)
2019-09-26 13:29:17,473 [RatisPipelineUtilsThread] INFO  pipeline.PipelinePlacementPolicy (PipelinePlacementPolicy.java:meetCriteria(91)) - Pipeline Placement: can't place more pipeline on heavy datanode： 2bceee89-654d-4083-a39a-484f868bd9b7 Heaviness: 6 limit: 5
2019-09-26 13:29:17,473 [RatisPipelineUtilsThread] INFO  pipeline.PipelinePlacementPolicy (PipelinePlacementPolicy.java:meetCriteria(91)) - Pipeline Placement: can't place more pipeline on heavy datanode： 84fdec62-d817-45bb-98fc-971264b4d85b Heaviness: 6 limit: 5
2019-09-26 13:29:17,474 [RatisPipelineUtilsThread] INFO  pipeline.PipelinePlacementPolicy (PipelinePlacementPolicy.java:meetCriteria(91)) - Pipeline Placement: can't place more pipeline on heavy datanode： e1d07e13-fba7-421e-90fa-c7d02cfb4ed9 Heaviness: 6 limit: 5
2019-09-26 13:29:17,474 [RatisPipelineUtilsThread] INFO  pipeline.PipelinePlacementPolicy (PipelinePlacementPolicy.java:meetCriteria(91)) - Pipeline Placement: can't place more pipeline on heavy datanode： 84b4f0f2-647b-40e2-8663-a3f3ce0b3f80 Heaviness: 6 limit: 5
2019-09-26 13:29:17,474 [RatisPipelineUtilsThread] INFO  pipeline.PipelinePlacementPolicy (PipelinePlacementPolicy.java:meetCriteria(91)) - Pipeline Placement: can't place more pipeline on heavy datanode： 8cfabaed-6bfa-4340-a894-a45e2e16f787 Heaviness: 6 limit: 5
2019-09-26 13:29:17,474 [RatisPipelineUtilsThread] INFO  pipeline.PipelinePlacementPolicy (PipelinePlacementPolicy.java:meetCriteria(91)) - Pipeline Placement: can't place more pipeline on heavy datanode： ca8c9a5b-93b8-4627-a261-13e3335d5af1 Heaviness: 6 limit: 5
2019-09-26 13:29:17,474 [RatisPipelineUtilsThread] INFO  pipeline.PipelinePlacementPolicy (PipelinePlacementPolicy.java:meetCriteria(91)) - Pipeline Placement: can't place more pipeline on heavy datanode： 6bbb30bf-68fb-49c7-a700-39ca06a4595f Heaviness: 6 limit: 5
2019-09-26 13:29:17,475 [RatisPipelineUtilsThread] INFO  pipeline.PipelinePlacementPolicy (PipelinePlacementPolicy.java:meetCriteria(91)) - Pipeline Placement: can't place more pipeline on heavy datanode： 281e93f8-a9fe-4958-a33a-388335a7b504 Heaviness: 6 limit: 5
2019-09-26 13:29:17,475 [RatisPipelineUtilsThread] INFO  pipeline.PipelinePlacementPolicy (PipelinePlacementPolicy.java:meetCriteria(91)) - Pipeline Placement: can't place more pipeline on heavy datanode： 921dbd79-5e7d-43e7-a946-6392aa4a26bd Heaviness: 6 limit: 5
2019-09-26 13:29:17,475 [RatisPipelineUtilsThread] INFO  pipeline.PipelinePlacementPolicy (PipelinePlacementPolicy.java:meetCriteria(91)) - Pipeline Placement: can't place more pipeline on heavy datanode： 1987c896-e32f-4a06-ac9a-08216b278c2b Heaviness: 6 limit: 5
2019-09-26 13:29:17,475 [RatisPipelineUtilsThread] ERROR pipeline.PipelinePlacementPolicy (PipelinePlacementPolicy.java:filterViableNodes(148)) - Unable to find enough nodes that meet the criteria that cannot engage in more than 5 pipelines. Nodes required: 1 Found: 0, healthy nodes count inNodeManager: 10.
2019-09-26 13:29:17,475 [RatisPipelineUtilsThread] ERROR pipeline.SCMPipelineManager (SCMPipelineManager.java:createPipeline(167)) - Pipeline creation failed.
org.apache.hadoop.hdds.scm.exceptions.SCMException: Unable to find enough nodes that meet the criteria that cannot engage in more than 5 pipelines. Nodes required: 1 Found: 0, healthy nodes count inNodeManager: 10.
	at org.apache.hadoop.hdds.scm.pipeline.PipelinePlacementPolicy.filterViableNodes(PipelinePlacementPolicy.java:149)
	at org.apache.hadoop.hdds.scm.pipeline.PipelinePlacementPolicy.chooseDatanodes(PipelinePlacementPolicy.java:172)
	at org.apache.hadoop.hdds.scm.pipeline.RatisPipelineProvider.create(RatisPipelineProvider.java:93)
	at org.apache.hadoop.hdds.scm.pipeline.PipelineFactory.create(PipelineFactory.java:58)
	at org.apache.hadoop.hdds.scm.pipeline.SCMPipelineManager.createPipeline(SCMPipelineManager.java:155)
	at org.apache.hadoop.hdds.scm.pipeline.BackgroundPipelineCreator.createPipelines(BackgroundPipelineCreator.java:99)
	at org.apache.hadoop.hdds.scm.pipeline.BackgroundPipelineCreator.lambda$startFixedIntervalPipelineCreator$0(BackgroundPipelineCreator.java:70)
	at java.util.concurrent.Executors$RunnableAdapter.call(Executors.java:511)
	at java.util.concurrent.FutureTask.runAndReset(FutureTask.java:308)
	at java.util.concurrent.ScheduledThreadPoolExecutor$ScheduledFutureTask.access$301(ScheduledThreadPoolExecutor.java:180)
	at java.util.concurrent.ScheduledThreadPoolExecutor$ScheduledFutureTask.run(ScheduledThreadPoolExecutor.java:294)
	at java.util.concurrent.ThreadPoolExecutor.runWorker(ThreadPoolExecutor.java:1149)
	at java.util.concurrent.ThreadPoolExecutor$Worker.run(ThreadPoolExecutor.java:624)
	at java.lang.Thread.run(Thread.java:748)
2019-09-26 13:29:17,476 [RatisPipelineUtilsThread] INFO  pipeline.PipelinePlacementPolicy (PipelinePlacementPolicy.java:meetCriteria(91)) - Pipeline Placement: can't place more pipeline on heavy datanode： 2bceee89-654d-4083-a39a-484f868bd9b7 Heaviness: 6 limit: 5
2019-09-26 13:29:17,476 [RatisPipelineUtilsThread] INFO  pipeline.PipelinePlacementPolicy (PipelinePlacementPolicy.java:meetCriteria(91)) - Pipeline Placement: can't place more pipeline on heavy datanode： 84fdec62-d817-45bb-98fc-971264b4d85b Heaviness: 6 limit: 5
2019-09-26 13:29:17,476 [RatisPipelineUtilsThread] INFO  pipeline.PipelinePlacementPolicy (PipelinePlacementPolicy.java:meetCriteria(91)) - Pipeline Placement: can't place more pipeline on heavy datanode： e1d07e13-fba7-421e-90fa-c7d02cfb4ed9 Heaviness: 6 limit: 5
2019-09-26 13:29:17,476 [RatisPipelineUtilsThread] INFO  pipeline.PipelinePlacementPolicy (PipelinePlacementPolicy.java:meetCriteria(91)) - Pipeline Placement: can't place more pipeline on heavy datanode： 84b4f0f2-647b-40e2-8663-a3f3ce0b3f80 Heaviness: 6 limit: 5
2019-09-26 13:29:17,477 [RatisPipelineUtilsThread] INFO  pipeline.PipelinePlacementPolicy (PipelinePlacementPolicy.java:meetCriteria(91)) - Pipeline Placement: can't place more pipeline on heavy datanode： 8cfabaed-6bfa-4340-a894-a45e2e16f787 Heaviness: 6 limit: 5
2019-09-26 13:29:17,477 [RatisPipelineUtilsThread] INFO  pipeline.PipelinePlacementPolicy (PipelinePlacementPolicy.java:meetCriteria(91)) - Pipeline Placement: can't place more pipeline on heavy datanode： ca8c9a5b-93b8-4627-a261-13e3335d5af1 Heaviness: 6 limit: 5
2019-09-26 13:29:17,477 [RatisPipelineUtilsThread] INFO  pipeline.PipelinePlacementPolicy (PipelinePlacementPolicy.java:meetCriteria(91)) - Pipeline Placement: can't place more pipeline on heavy datanode： 6bbb30bf-68fb-49c7-a700-39ca06a4595f Heaviness: 6 limit: 5
2019-09-26 13:29:17,477 [RatisPipelineUtilsThread] INFO  pipeline.PipelinePlacementPolicy (PipelinePlacementPolicy.java:meetCriteria(91)) - Pipeline Placement: can't place more pipeline on heavy datanode： 281e93f8-a9fe-4958-a33a-388335a7b504 Heaviness: 6 limit: 5
2019-09-26 13:29:17,477 [RatisPipelineUtilsThread] INFO  pipeline.PipelinePlacementPolicy (PipelinePlacementPolicy.java:meetCriteria(91)) - Pipeline Placement: can't place more pipeline on heavy datanode： 921dbd79-5e7d-43e7-a946-6392aa4a26bd Heaviness: 6 limit: 5
2019-09-26 13:29:17,477 [RatisPipelineUtilsThread] INFO  pipeline.PipelinePlacementPolicy (PipelinePlacementPolicy.java:meetCriteria(91)) - Pipeline Placement: can't place more pipeline on heavy datanode： 1987c896-e32f-4a06-ac9a-08216b278c2b Heaviness: 6 limit: 5
2019-09-26 13:29:17,477 [RatisPipelineUtilsThread] ERROR pipeline.PipelinePlacementPolicy (PipelinePlacementPolicy.java:filterViableNodes(148)) - Unable to find enough nodes that meet the criteria that cannot engage in more than 5 pipelines. Nodes required: 3 Found: 0, healthy nodes count inNodeManager: 10.
2019-09-26 13:29:17,478 [RatisPipelineUtilsThread] ERROR pipeline.SCMPipelineManager (SCMPipelineManager.java:createPipeline(167)) - Pipeline creation failed.
org.apache.hadoop.hdds.scm.exceptions.SCMException: Unable to find enough nodes that meet the criteria that cannot engage in more than 5 pipelines. Nodes required: 3 Found: 0, healthy nodes count inNodeManager: 10.
	at org.apache.hadoop.hdds.scm.pipeline.PipelinePlacementPolicy.filterViableNodes(PipelinePlacementPolicy.java:149)
	at org.apache.hadoop.hdds.scm.pipeline.PipelinePlacementPolicy.chooseDatanodes(PipelinePlacementPolicy.java:172)
	at org.apache.hadoop.hdds.scm.pipeline.RatisPipelineProvider.create(RatisPipelineProvider.java:93)
	at org.apache.hadoop.hdds.scm.pipeline.PipelineFactory.create(PipelineFactory.java:58)
	at org.apache.hadoop.hdds.scm.pipeline.SCMPipelineManager.createPipeline(SCMPipelineManager.java:155)
	at org.apache.hadoop.hdds.scm.pipeline.BackgroundPipelineCreator.createPipelines(BackgroundPipelineCreator.java:99)
	at org.apache.hadoop.hdds.scm.pipeline.BackgroundPipelineCreator.lambda$startFixedIntervalPipelineCreator$0(BackgroundPipelineCreator.java:70)
	at java.util.concurrent.Executors$RunnableAdapter.call(Executors.java:511)
	at java.util.concurrent.FutureTask.runAndReset(FutureTask.java:308)
	at java.util.concurrent.ScheduledThreadPoolExecutor$ScheduledFutureTask.access$301(ScheduledThreadPoolExecutor.java:180)
	at java.util.concurrent.ScheduledThreadPoolExecutor$ScheduledFutureTask.run(ScheduledThreadPoolExecutor.java:294)
	at java.util.concurrent.ThreadPoolExecutor.runWorker(ThreadPoolExecutor.java:1149)
	at java.util.concurrent.ThreadPoolExecutor$Worker.run(ThreadPoolExecutor.java:624)
	at java.lang.Thread.run(Thread.java:748)
2019-09-26 13:29:18,076 [Thread-285] INFO  impl.FollowerState (FollowerState.java:run(106)) - 2bceee89-654d-4083-a39a-484f868bd9b7:group-50AC4509AA27 changes to CANDIDATE, lastRpcTime:5094, electionTimeout:5093ms
2019-09-26 13:29:18,077 [Thread-285] INFO  impl.RoleInfo (RoleInfo.java:shutdownFollowerState(121)) - 2bceee89-654d-4083-a39a-484f868bd9b7: shutdown FollowerState
2019-09-26 13:29:18,078 [Thread-285] INFO  impl.RaftServerImpl (RaftServerImpl.java:setRole(174)) - 2bceee89-654d-4083-a39a-484f868bd9b7@group-50AC4509AA27: changes role from  FOLLOWER to CANDIDATE at term 0 for changeToCandidate
2019-09-26 13:29:18,080 [Thread-285] INFO  impl.RoleInfo (RoleInfo.java:updateAndGet(143)) - 2bceee89-654d-4083-a39a-484f868bd9b7: start LeaderElection
2019-09-26 13:29:18,104 [2bceee89-654d-4083-a39a-484f868bd9b7@group-50AC4509AA27:LeaderElection1] INFO  impl.LeaderElection (LeaderElection.java:askForVotes(182)) - 2bceee89-654d-4083-a39a-484f868bd9b7@group-50AC4509AA27:LeaderElection1: begin an election at term 1 for -1: [2bceee89-654d-4083-a39a-484f868bd9b7:192.168.164.238:38284], old=null
2019-09-26 13:29:18,107 [2bceee89-654d-4083-a39a-484f868bd9b7@group-50AC4509AA27:LeaderElection1] INFO  impl.RoleInfo (RoleInfo.java:shutdownLeaderElection(134)) - 2bceee89-654d-4083-a39a-484f868bd9b7: shutdown LeaderElection
2019-09-26 13:29:18,108 [2bceee89-654d-4083-a39a-484f868bd9b7@group-50AC4509AA27:LeaderElection1] INFO  impl.RaftServerImpl (RaftServerImpl.java:setRole(174)) - 2bceee89-654d-4083-a39a-484f868bd9b7@group-50AC4509AA27: changes role from CANDIDATE to LEADER at term 1 for changeToLeader
2019-09-26 13:29:18,108 [2bceee89-654d-4083-a39a-484f868bd9b7@group-50AC4509AA27:LeaderElection1] INFO  impl.RaftServerImpl (ServerState.java:setLeader(253)) - 2bceee89-654d-4083-a39a-484f868bd9b7@group-50AC4509AA27: change Leader from null to 2bceee89-654d-4083-a39a-484f868bd9b7 at term 1 for becomeLeader, leader elected after 5294ms
2019-09-26 13:29:18,115 [2bceee89-654d-4083-a39a-484f868bd9b7@group-50AC4509AA27:LeaderElection1] INFO  server.RaftServerConfigKeys (ConfUtils.java:logGet(43)) - raft.server.staging.catchup.gap = 1000 (default)
2019-09-26 13:29:18,115 [2bceee89-654d-4083-a39a-484f868bd9b7@group-50AC4509AA27:LeaderElection1] INFO  server.RaftServerConfigKeys (ConfUtils.java:logGet(43)) - raft.server.rpc.sleep.time = 25ms (default)
2019-09-26 13:29:18,117 [2bceee89-654d-4083-a39a-484f868bd9b7@group-50AC4509AA27:LeaderElection1] INFO  server.RaftServerConfigKeys (ConfUtils.java:logGet(43)) - raft.server.write.element-limit = 4096 (default)
2019-09-26 13:29:18,119 [2bceee89-654d-4083-a39a-484f868bd9b7@group-50AC4509AA27:LeaderElection1] INFO  server.RaftServerConfigKeys (ConfUtils.java:logGet(43)) - raft.server.watch.timeout = 10s (default)
2019-09-26 13:29:18,120 [2bceee89-654d-4083-a39a-484f868bd9b7@group-50AC4509AA27:LeaderElection1] INFO  server.RaftServerConfigKeys (ConfUtils.java:logGet(43)) - raft.server.watch.timeout.denomination = 1s (default)
2019-09-26 13:29:18,120 [2bceee89-654d-4083-a39a-484f868bd9b7@group-50AC4509AA27:LeaderElection1] INFO  server.RaftServerConfigKeys (ConfUtils.java:logGet(43)) - raft.server.watch.element-limit = 65536 (default)
2019-09-26 13:29:18,130 [2bceee89-654d-4083-a39a-484f868bd9b7@group-50AC4509AA27:LeaderElection1] INFO  impl.RoleInfo (RoleInfo.java:updateAndGet(143)) - 2bceee89-654d-4083-a39a-484f868bd9b7: start LeaderState
2019-09-26 13:29:18,156 [2bceee89-654d-4083-a39a-484f868bd9b7@group-50AC4509AA27:LeaderElection1] INFO  segmented.SegmentedRaftLogWorker (SegmentedRaftLogWorker.java:startLogSegment(380)) - 2bceee89-654d-4083-a39a-484f868bd9b7@group-50AC4509AA27-SegmentedRaftLogWorker: Starting segment from index:0
2019-09-26 13:29:18,165 [2bceee89-654d-4083-a39a-484f868bd9b7@group-50AC4509AA27:LeaderElection1] INFO  impl.RaftServerImpl (ServerState.java:setRaftConf(354)) - 2bceee89-654d-4083-a39a-484f868bd9b7@group-50AC4509AA27: set configuration 0: [2bceee89-654d-4083-a39a-484f868bd9b7:192.168.164.238:38284], old=null at 0
2019-09-26 13:29:18,202 [Thread-288] INFO  impl.FollowerState (FollowerState.java:run(106)) - 2bceee89-654d-4083-a39a-484f868bd9b7:group-C9C91C20FA01 changes to CANDIDATE, lastRpcTime:5047, electionTimeout:5047ms
2019-09-26 13:29:18,205 [Thread-288] INFO  impl.RoleInfo (RoleInfo.java:shutdownFollowerState(121)) - 2bceee89-654d-4083-a39a-484f868bd9b7: shutdown FollowerState
2019-09-26 13:29:18,205 [Thread-288] INFO  impl.RaftServerImpl (RaftServerImpl.java:setRole(174)) - 2bceee89-654d-4083-a39a-484f868bd9b7@group-C9C91C20FA01: changes role from  FOLLOWER to CANDIDATE at term 0 for changeToCandidate
2019-09-26 13:29:18,205 [Thread-288] INFO  impl.RoleInfo (RoleInfo.java:updateAndGet(143)) - 2bceee89-654d-4083-a39a-484f868bd9b7: start LeaderElection
2019-09-26 13:29:18,225 [2bceee89-654d-4083-a39a-484f868bd9b7@group-C9C91C20FA01:LeaderElection2] INFO  impl.LeaderElection (LeaderElection.java:askForVotes(182)) - 2bceee89-654d-4083-a39a-484f868bd9b7@group-C9C91C20FA01:LeaderElection2: begin an election at term 1 for -1: [2bceee89-654d-4083-a39a-484f868bd9b7:192.168.164.238:38284], old=null
2019-09-26 13:29:18,225 [2bceee89-654d-4083-a39a-484f868bd9b7@group-C9C91C20FA01:LeaderElection2] INFO  impl.RoleInfo (RoleInfo.java:shutdownLeaderElection(134)) - 2bceee89-654d-4083-a39a-484f868bd9b7: shutdown LeaderElection
2019-09-26 13:29:18,225 [2bceee89-654d-4083-a39a-484f868bd9b7@group-C9C91C20FA01:LeaderElection2] INFO  impl.RaftServerImpl (RaftServerImpl.java:setRole(174)) - 2bceee89-654d-4083-a39a-484f868bd9b7@group-C9C91C20FA01: changes role from CANDIDATE to LEADER at term 1 for changeToLeader
2019-09-26 13:29:18,225 [2bceee89-654d-4083-a39a-484f868bd9b7@group-C9C91C20FA01:LeaderElection2] INFO  impl.RaftServerImpl (ServerState.java:setLeader(253)) - 2bceee89-654d-4083-a39a-484f868bd9b7@group-C9C91C20FA01: change Leader from null to 2bceee89-654d-4083-a39a-484f868bd9b7 at term 1 for becomeLeader, leader elected after 5079ms
2019-09-26 13:29:18,226 [2bceee89-654d-4083-a39a-484f868bd9b7@group-C9C91C20FA01:LeaderElection2] INFO  server.RaftServerConfigKeys (ConfUtils.java:logGet(43)) - raft.server.staging.catchup.gap = 1000 (default)
2019-09-26 13:29:18,226 [2bceee89-654d-4083-a39a-484f868bd9b7@group-C9C91C20FA01:LeaderElection2] INFO  server.RaftServerConfigKeys (ConfUtils.java:logGet(43)) - raft.server.rpc.sleep.time = 25ms (default)
2019-09-26 13:29:18,226 [2bceee89-654d-4083-a39a-484f868bd9b7@group-C9C91C20FA01:LeaderElection2] INFO  server.RaftServerConfigKeys (ConfUtils.java:logGet(43)) - raft.server.write.element-limit = 4096 (default)
2019-09-26 13:29:18,226 [2bceee89-654d-4083-a39a-484f868bd9b7@group-C9C91C20FA01:LeaderElection2] INFO  server.RaftServerConfigKeys (ConfUtils.java:logGet(43)) - raft.server.watch.timeout = 10s (default)
2019-09-26 13:29:18,226 [2bceee89-654d-4083-a39a-484f868bd9b7@group-C9C91C20FA01:LeaderElection2] INFO  server.RaftServerConfigKeys (ConfUtils.java:logGet(43)) - raft.server.watch.timeout.denomination = 1s (default)
2019-09-26 13:29:18,226 [2bceee89-654d-4083-a39a-484f868bd9b7@group-C9C91C20FA01:LeaderElection2] INFO  server.RaftServerConfigKeys (ConfUtils.java:logGet(43)) - raft.server.watch.element-limit = 65536 (default)
2019-09-26 13:29:18,228 [2bceee89-654d-4083-a39a-484f868bd9b7@group-C9C91C20FA01:LeaderElection2] INFO  impl.RoleInfo (RoleInfo.java:updateAndGet(143)) - 2bceee89-654d-4083-a39a-484f868bd9b7: start LeaderState
2019-09-26 13:29:18,228 [2bceee89-654d-4083-a39a-484f868bd9b7@group-C9C91C20FA01:LeaderElection2] INFO  segmented.SegmentedRaftLogWorker (SegmentedRaftLogWorker.java:startLogSegment(380)) - 2bceee89-654d-4083-a39a-484f868bd9b7@group-C9C91C20FA01-SegmentedRaftLogWorker: Starting segment from index:0
2019-09-26 13:29:18,229 [2bceee89-654d-4083-a39a-484f868bd9b7@group-C9C91C20FA01:LeaderElection2] INFO  impl.RaftServerImpl (ServerState.java:setRaftConf(354)) - 2bceee89-654d-4083-a39a-484f868bd9b7@group-C9C91C20FA01: set configuration 0: [2bceee89-654d-4083-a39a-484f868bd9b7:192.168.164.238:38284], old=null at 0
2019-09-26 13:29:18,344 [2bceee89-654d-4083-a39a-484f868bd9b7@group-50AC4509AA27-SegmentedRaftLogWorker] INFO  segmented.SegmentedRaftLogWorker (SegmentedRaftLogWorker.java:execute(569)) - 2bceee89-654d-4083-a39a-484f868bd9b7@group-50AC4509AA27-SegmentedRaftLogWorker: created new log segment /workdir/hadoop-ozone/ozonefs/target/test-dir/MiniOzoneClusterImpl-8b6a8972-8eda-4f33-b3cf-a560ba2c5b87/datanode-0/data/ratis/afcae59e-8972-459e-8628-50ac4509aa27/current/log_inprogress_0
2019-09-26 13:29:18,365 [2bceee89-654d-4083-a39a-484f868bd9b7@group-C9C91C20FA01-SegmentedRaftLogWorker] INFO  segmented.SegmentedRaftLogWorker (SegmentedRaftLogWorker.java:execute(569)) - 2bceee89-654d-4083-a39a-484f868bd9b7@group-C9C91C20FA01-SegmentedRaftLogWorker: created new log segment /workdir/hadoop-ozone/ozonefs/target/test-dir/MiniOzoneClusterImpl-8b6a8972-8eda-4f33-b3cf-a560ba2c5b87/datanode-0/data/ratis/b00310a1-eba0-4971-88d5-c9c91c20fa01/current/log_inprogress_0
2019-09-26 13:29:18,414 [Thread-291] INFO  impl.FollowerState (FollowerState.java:run(106)) - 921dbd79-5e7d-43e7-a946-6392aa4a26bd:group-E4069BD0C4CD changes to CANDIDATE, lastRpcTime:5097, electionTimeout:5095ms
2019-09-26 13:29:18,415 [Thread-291] INFO  impl.RoleInfo (RoleInfo.java:shutdownFollowerState(121)) - 921dbd79-5e7d-43e7-a946-6392aa4a26bd: shutdown FollowerState
2019-09-26 13:29:18,415 [Thread-291] INFO  impl.RaftServerImpl (RaftServerImpl.java:setRole(174)) - 921dbd79-5e7d-43e7-a946-6392aa4a26bd@group-E4069BD0C4CD: changes role from  FOLLOWER to CANDIDATE at term 0 for changeToCandidate
2019-09-26 13:29:18,415 [Thread-291] INFO  impl.RoleInfo (RoleInfo.java:updateAndGet(143)) - 921dbd79-5e7d-43e7-a946-6392aa4a26bd: start LeaderElection
2019-09-26 13:29:18,436 [921dbd79-5e7d-43e7-a946-6392aa4a26bd@group-E4069BD0C4CD:LeaderElection3] INFO  impl.LeaderElection (LeaderElection.java:askForVotes(182)) - 921dbd79-5e7d-43e7-a946-6392aa4a26bd@group-E4069BD0C4CD:LeaderElection3: begin an election at term 1 for -1: [921dbd79-5e7d-43e7-a946-6392aa4a26bd:192.168.164.238:34388], old=null
2019-09-26 13:29:18,440 [921dbd79-5e7d-43e7-a946-6392aa4a26bd@group-E4069BD0C4CD:LeaderElection3] INFO  impl.RoleInfo (RoleInfo.java:shutdownLeaderElection(134)) - 921dbd79-5e7d-43e7-a946-6392aa4a26bd: shutdown LeaderElection
2019-09-26 13:29:18,440 [921dbd79-5e7d-43e7-a946-6392aa4a26bd@group-E4069BD0C4CD:LeaderElection3] INFO  impl.RaftServerImpl (RaftServerImpl.java:setRole(174)) - 921dbd79-5e7d-43e7-a946-6392aa4a26bd@group-E4069BD0C4CD: changes role from CANDIDATE to LEADER at term 1 for changeToLeader
2019-09-26 13:29:18,440 [921dbd79-5e7d-43e7-a946-6392aa4a26bd@group-E4069BD0C4CD:LeaderElection3] INFO  impl.RaftServerImpl (ServerState.java:setLeader(253)) - 921dbd79-5e7d-43e7-a946-6392aa4a26bd@group-E4069BD0C4CD: change Leader from null to 921dbd79-5e7d-43e7-a946-6392aa4a26bd at term 1 for becomeLeader, leader elected after 5137ms
2019-09-26 13:29:18,440 [921dbd79-5e7d-43e7-a946-6392aa4a26bd@group-E4069BD0C4CD:LeaderElection3] INFO  server.RaftServerConfigKeys (ConfUtils.java:logGet(43)) - raft.server.staging.catchup.gap = 1000 (default)
2019-09-26 13:29:18,441 [921dbd79-5e7d-43e7-a946-6392aa4a26bd@group-E4069BD0C4CD:LeaderElection3] INFO  server.RaftServerConfigKeys (ConfUtils.java:logGet(43)) - raft.server.rpc.sleep.time = 25ms (default)
2019-09-26 13:29:18,441 [921dbd79-5e7d-43e7-a946-6392aa4a26bd@group-E4069BD0C4CD:LeaderElection3] INFO  server.RaftServerConfigKeys (ConfUtils.java:logGet(43)) - raft.server.write.element-limit = 4096 (default)
2019-09-26 13:29:18,441 [921dbd79-5e7d-43e7-a946-6392aa4a26bd@group-E4069BD0C4CD:LeaderElection3] INFO  server.RaftServerConfigKeys (ConfUtils.java:logGet(43)) - raft.server.watch.timeout = 10s (default)
2019-09-26 13:29:18,441 [921dbd79-5e7d-43e7-a946-6392aa4a26bd@group-E4069BD0C4CD:LeaderElection3] INFO  server.RaftServerConfigKeys (ConfUtils.java:logGet(43)) - raft.server.watch.timeout.denomination = 1s (default)
2019-09-26 13:29:18,441 [921dbd79-5e7d-43e7-a946-6392aa4a26bd@group-E4069BD0C4CD:LeaderElection3] INFO  server.RaftServerConfigKeys (ConfUtils.java:logGet(43)) - raft.server.watch.element-limit = 65536 (default)
2019-09-26 13:29:18,443 [921dbd79-5e7d-43e7-a946-6392aa4a26bd@group-E4069BD0C4CD:LeaderElection3] INFO  impl.RoleInfo (RoleInfo.java:updateAndGet(143)) - 921dbd79-5e7d-43e7-a946-6392aa4a26bd: start LeaderState
2019-09-26 13:29:18,443 [921dbd79-5e7d-43e7-a946-6392aa4a26bd@group-E4069BD0C4CD:LeaderElection3] INFO  segmented.SegmentedRaftLogWorker (SegmentedRaftLogWorker.java:startLogSegment(380)) - 921dbd79-5e7d-43e7-a946-6392aa4a26bd@group-E4069BD0C4CD-SegmentedRaftLogWorker: Starting segment from index:0
2019-09-26 13:29:18,443 [921dbd79-5e7d-43e7-a946-6392aa4a26bd@group-E4069BD0C4CD:LeaderElection3] INFO  impl.RaftServerImpl (ServerState.java:setRaftConf(354)) - 921dbd79-5e7d-43e7-a946-6392aa4a26bd@group-E4069BD0C4CD: set configuration 0: [921dbd79-5e7d-43e7-a946-6392aa4a26bd:192.168.164.238:34388], old=null at 0
2019-09-26 13:29:18,493 [921dbd79-5e7d-43e7-a946-6392aa4a26bd@group-E4069BD0C4CD-SegmentedRaftLogWorker] INFO  segmented.SegmentedRaftLogWorker (SegmentedRaftLogWorker.java:execute(569)) - 921dbd79-5e7d-43e7-a946-6392aa4a26bd@group-E4069BD0C4CD-SegmentedRaftLogWorker: created new log segment /workdir/hadoop-ozone/ozonefs/target/test-dir/MiniOzoneClusterImpl-8b6a8972-8eda-4f33-b3cf-a560ba2c5b87/datanode-1/data/ratis/6b86341f-f085-4781-9602-e4069bd0c4cd/current/log_inprogress_0
2019-09-26 13:29:18,512 [Thread-294] INFO  impl.FollowerState (FollowerState.java:run(106)) - 281e93f8-a9fe-4958-a33a-388335a7b504:group-96E8096124DB changes to CANDIDATE, lastRpcTime:5035, electionTimeout:5035ms
2019-09-26 13:29:18,512 [Thread-294] INFO  impl.RoleInfo (RoleInfo.java:shutdownFollowerState(121)) - 281e93f8-a9fe-4958-a33a-388335a7b504: shutdown FollowerState
2019-09-26 13:29:18,512 [Thread-294] INFO  impl.RaftServerImpl (RaftServerImpl.java:setRole(174)) - 281e93f8-a9fe-4958-a33a-388335a7b504@group-96E8096124DB: changes role from  FOLLOWER to CANDIDATE at term 0 for changeToCandidate
2019-09-26 13:29:18,512 [Thread-294] INFO  impl.RoleInfo (RoleInfo.java:updateAndGet(143)) - 281e93f8-a9fe-4958-a33a-388335a7b504: start LeaderElection
2019-09-26 13:29:18,530 [281e93f8-a9fe-4958-a33a-388335a7b504@group-96E8096124DB:LeaderElection4] INFO  impl.LeaderElection (LeaderElection.java:askForVotes(182)) - 281e93f8-a9fe-4958-a33a-388335a7b504@group-96E8096124DB:LeaderElection4: begin an election at term 1 for -1: [281e93f8-a9fe-4958-a33a-388335a7b504:192.168.164.238:40240], old=null
2019-09-26 13:29:18,530 [281e93f8-a9fe-4958-a33a-388335a7b504@group-96E8096124DB:LeaderElection4] INFO  impl.RoleInfo (RoleInfo.java:shutdownLeaderElection(134)) - 281e93f8-a9fe-4958-a33a-388335a7b504: shutdown LeaderElection
2019-09-26 13:29:18,531 [281e93f8-a9fe-4958-a33a-388335a7b504@group-96E8096124DB:LeaderElection4] INFO  impl.RaftServerImpl (RaftServerImpl.java:setRole(174)) - 281e93f8-a9fe-4958-a33a-388335a7b504@group-96E8096124DB: changes role from CANDIDATE to LEADER at term 1 for changeToLeader
2019-09-26 13:29:18,531 [281e93f8-a9fe-4958-a33a-388335a7b504@group-96E8096124DB:LeaderElection4] INFO  impl.RaftServerImpl (ServerState.java:setLeader(253)) - 281e93f8-a9fe-4958-a33a-388335a7b504@group-96E8096124DB: change Leader from null to 281e93f8-a9fe-4958-a33a-388335a7b504 at term 1 for becomeLeader, leader elected after 5109ms
2019-09-26 13:29:18,531 [281e93f8-a9fe-4958-a33a-388335a7b504@group-96E8096124DB:LeaderElection4] INFO  server.RaftServerConfigKeys (ConfUtils.java:logGet(43)) - raft.server.staging.catchup.gap = 1000 (default)
2019-09-26 13:29:18,531 [281e93f8-a9fe-4958-a33a-388335a7b504@group-96E8096124DB:LeaderElection4] INFO  server.RaftServerConfigKeys (ConfUtils.java:logGet(43)) - raft.server.rpc.sleep.time = 25ms (default)
2019-09-26 13:29:18,531 [281e93f8-a9fe-4958-a33a-388335a7b504@group-96E8096124DB:LeaderElection4] INFO  server.RaftServerConfigKeys (ConfUtils.java:logGet(43)) - raft.server.write.element-limit = 4096 (default)
2019-09-26 13:29:18,531 [281e93f8-a9fe-4958-a33a-388335a7b504@group-96E8096124DB:LeaderElection4] INFO  server.RaftServerConfigKeys (ConfUtils.java:logGet(43)) - raft.server.watch.timeout = 10s (default)
2019-09-26 13:29:18,531 [281e93f8-a9fe-4958-a33a-388335a7b504@group-96E8096124DB:LeaderElection4] INFO  server.RaftServerConfigKeys (ConfUtils.java:logGet(43)) - raft.server.watch.timeout.denomination = 1s (default)
2019-09-26 13:29:18,531 [281e93f8-a9fe-4958-a33a-388335a7b504@group-96E8096124DB:LeaderElection4] INFO  server.RaftServerConfigKeys (ConfUtils.java:logGet(43)) - raft.server.watch.element-limit = 65536 (default)
2019-09-26 13:29:18,533 [281e93f8-a9fe-4958-a33a-388335a7b504@group-96E8096124DB:LeaderElection4] INFO  impl.RoleInfo (RoleInfo.java:updateAndGet(143)) - 281e93f8-a9fe-4958-a33a-388335a7b504: start LeaderState
2019-09-26 13:29:18,533 [281e93f8-a9fe-4958-a33a-388335a7b504@group-96E8096124DB:LeaderElection4] INFO  segmented.SegmentedRaftLogWorker (SegmentedRaftLogWorker.java:startLogSegment(380)) - 281e93f8-a9fe-4958-a33a-388335a7b504@group-96E8096124DB-SegmentedRaftLogWorker: Starting segment from index:0
2019-09-26 13:29:18,534 [281e93f8-a9fe-4958-a33a-388335a7b504@group-96E8096124DB:LeaderElection4] INFO  impl.RaftServerImpl (ServerState.java:setRaftConf(354)) - 281e93f8-a9fe-4958-a33a-388335a7b504@group-96E8096124DB: set configuration 0: [281e93f8-a9fe-4958-a33a-388335a7b504:192.168.164.238:40240], old=null at 0
2019-09-26 13:29:18,581 [281e93f8-a9fe-4958-a33a-388335a7b504@group-96E8096124DB-SegmentedRaftLogWorker] INFO  segmented.SegmentedRaftLogWorker (SegmentedRaftLogWorker.java:execute(569)) - 281e93f8-a9fe-4958-a33a-388335a7b504@group-96E8096124DB-SegmentedRaftLogWorker: created new log segment /workdir/hadoop-ozone/ozonefs/target/test-dir/MiniOzoneClusterImpl-8b6a8972-8eda-4f33-b3cf-a560ba2c5b87/datanode-4/data/ratis/61961ef4-8d4e-4900-958e-96e8096124db/current/log_inprogress_0
2019-09-26 13:29:18,624 [Thread-297] INFO  impl.FollowerState (FollowerState.java:run(106)) - 921dbd79-5e7d-43e7-a946-6392aa4a26bd:group-7D929503856B changes to CANDIDATE, lastRpcTime:5078, electionTimeout:5078ms
2019-09-26 13:29:18,624 [Thread-297] INFO  impl.RoleInfo (RoleInfo.java:shutdownFollowerState(121)) - 921dbd79-5e7d-43e7-a946-6392aa4a26bd: shutdown FollowerState
2019-09-26 13:29:18,624 [Thread-297] INFO  impl.RaftServerImpl (RaftServerImpl.java:setRole(174)) - 921dbd79-5e7d-43e7-a946-6392aa4a26bd@group-7D929503856B: changes role from  FOLLOWER to CANDIDATE at term 0 for changeToCandidate
2019-09-26 13:29:18,625 [Thread-297] INFO  impl.RoleInfo (RoleInfo.java:updateAndGet(143)) - 921dbd79-5e7d-43e7-a946-6392aa4a26bd: start LeaderElection
2019-09-26 13:29:18,646 [921dbd79-5e7d-43e7-a946-6392aa4a26bd@group-7D929503856B:LeaderElection5] INFO  impl.LeaderElection (LeaderElection.java:askForVotes(182)) - 921dbd79-5e7d-43e7-a946-6392aa4a26bd@group-7D929503856B:LeaderElection5: begin an election at term 1 for -1: [921dbd79-5e7d-43e7-a946-6392aa4a26bd:192.168.164.238:34388], old=null
2019-09-26 13:29:18,646 [921dbd79-5e7d-43e7-a946-6392aa4a26bd@group-7D929503856B:LeaderElection5] INFO  impl.RoleInfo (RoleInfo.java:shutdownLeaderElection(134)) - 921dbd79-5e7d-43e7-a946-6392aa4a26bd: shutdown LeaderElection
2019-09-26 13:29:18,646 [921dbd79-5e7d-43e7-a946-6392aa4a26bd@group-7D929503856B:LeaderElection5] INFO  impl.RaftServerImpl (RaftServerImpl.java:setRole(174)) - 921dbd79-5e7d-43e7-a946-6392aa4a26bd@group-7D929503856B: changes role from CANDIDATE to LEADER at term 1 for changeToLeader
2019-09-26 13:29:18,647 [921dbd79-5e7d-43e7-a946-6392aa4a26bd@group-7D929503856B:LeaderElection5] INFO  impl.RaftServerImpl (ServerState.java:setLeader(253)) - 921dbd79-5e7d-43e7-a946-6392aa4a26bd@group-7D929503856B: change Leader from null to 921dbd79-5e7d-43e7-a946-6392aa4a26bd at term 1 for becomeLeader, leader elected after 5107ms
2019-09-26 13:29:18,647 [921dbd79-5e7d-43e7-a946-6392aa4a26bd@group-7D929503856B:LeaderElection5] INFO  server.RaftServerConfigKeys (ConfUtils.java:logGet(43)) - raft.server.staging.catchup.gap = 1000 (default)
2019-09-26 13:29:18,647 [921dbd79-5e7d-43e7-a946-6392aa4a26bd@group-7D929503856B:LeaderElection5] INFO  server.RaftServerConfigKeys (ConfUtils.java:logGet(43)) - raft.server.rpc.sleep.time = 25ms (default)
2019-09-26 13:29:18,647 [921dbd79-5e7d-43e7-a946-6392aa4a26bd@group-7D929503856B:LeaderElection5] INFO  server.RaftServerConfigKeys (ConfUtils.java:logGet(43)) - raft.server.write.element-limit = 4096 (default)
2019-09-26 13:29:18,647 [921dbd79-5e7d-43e7-a946-6392aa4a26bd@group-7D929503856B:LeaderElection5] INFO  server.RaftServerConfigKeys (ConfUtils.java:logGet(43)) - raft.server.watch.timeout = 10s (default)
2019-09-26 13:29:18,647 [921dbd79-5e7d-43e7-a946-6392aa4a26bd@group-7D929503856B:LeaderElection5] INFO  server.RaftServerConfigKeys (ConfUtils.java:logGet(43)) - raft.server.watch.timeout.denomination = 1s (default)
2019-09-26 13:29:18,647 [921dbd79-5e7d-43e7-a946-6392aa4a26bd@group-7D929503856B:LeaderElection5] INFO  server.RaftServerConfigKeys (ConfUtils.java:logGet(43)) - raft.server.watch.element-limit = 65536 (default)
2019-09-26 13:29:18,649 [921dbd79-5e7d-43e7-a946-6392aa4a26bd@group-7D929503856B:LeaderElection5] INFO  impl.RoleInfo (RoleInfo.java:updateAndGet(143)) - 921dbd79-5e7d-43e7-a946-6392aa4a26bd: start LeaderState
2019-09-26 13:29:18,649 [921dbd79-5e7d-43e7-a946-6392aa4a26bd@group-7D929503856B:LeaderElection5] INFO  segmented.SegmentedRaftLogWorker (SegmentedRaftLogWorker.java:startLogSegment(380)) - 921dbd79-5e7d-43e7-a946-6392aa4a26bd@group-7D929503856B-SegmentedRaftLogWorker: Starting segment from index:0
2019-09-26 13:29:18,649 [921dbd79-5e7d-43e7-a946-6392aa4a26bd@group-7D929503856B:LeaderElection5] INFO  impl.RaftServerImpl (ServerState.java:setRaftConf(354)) - 921dbd79-5e7d-43e7-a946-6392aa4a26bd@group-7D929503856B: set configuration 0: [921dbd79-5e7d-43e7-a946-6392aa4a26bd:192.168.164.238:34388], old=null at 0
2019-09-26 13:29:18,692 [Thread-303] INFO  impl.FollowerState (FollowerState.java:run(106)) - 2bceee89-654d-4083-a39a-484f868bd9b7:group-619B1F19AB24 changes to CANDIDATE, lastRpcTime:5023, electionTimeout:5023ms
2019-09-26 13:29:18,692 [Thread-303] INFO  impl.RoleInfo (RoleInfo.java:shutdownFollowerState(121)) - 2bceee89-654d-4083-a39a-484f868bd9b7: shutdown FollowerState
2019-09-26 13:29:18,692 [Thread-303] INFO  impl.RaftServerImpl (RaftServerImpl.java:setRole(174)) - 2bceee89-654d-4083-a39a-484f868bd9b7@group-619B1F19AB24: changes role from  FOLLOWER to CANDIDATE at term 0 for changeToCandidate
2019-09-26 13:29:18,692 [Thread-303] INFO  impl.RoleInfo (RoleInfo.java:updateAndGet(143)) - 2bceee89-654d-4083-a39a-484f868bd9b7: start LeaderElection
2019-09-26 13:29:18,699 [921dbd79-5e7d-43e7-a946-6392aa4a26bd@group-7D929503856B-SegmentedRaftLogWorker] INFO  segmented.SegmentedRaftLogWorker (SegmentedRaftLogWorker.java:execute(569)) - 921dbd79-5e7d-43e7-a946-6392aa4a26bd@group-7D929503856B-SegmentedRaftLogWorker: created new log segment /workdir/hadoop-ozone/ozonefs/target/test-dir/MiniOzoneClusterImpl-8b6a8972-8eda-4f33-b3cf-a560ba2c5b87/datanode-1/data/ratis/93eed922-d7b7-49da-a3e7-7d929503856b/current/log_inprogress_0
2019-09-26 13:29:18,703 [2bceee89-654d-4083-a39a-484f868bd9b7@group-619B1F19AB24:LeaderElection6] INFO  impl.LeaderElection (LeaderElection.java:askForVotes(182)) - 2bceee89-654d-4083-a39a-484f868bd9b7@group-619B1F19AB24:LeaderElection6: begin an election at term 1 for -1: [2bceee89-654d-4083-a39a-484f868bd9b7:192.168.164.238:38284], old=null
2019-09-26 13:29:18,703 [2bceee89-654d-4083-a39a-484f868bd9b7@group-619B1F19AB24:LeaderElection6] INFO  impl.RoleInfo (RoleInfo.java:shutdownLeaderElection(134)) - 2bceee89-654d-4083-a39a-484f868bd9b7: shutdown LeaderElection
2019-09-26 13:29:18,703 [2bceee89-654d-4083-a39a-484f868bd9b7@group-619B1F19AB24:LeaderElection6] INFO  impl.RaftServerImpl (RaftServerImpl.java:setRole(174)) - 2bceee89-654d-4083-a39a-484f868bd9b7@group-619B1F19AB24: changes role from CANDIDATE to LEADER at term 1 for changeToLeader
2019-09-26 13:29:18,703 [2bceee89-654d-4083-a39a-484f868bd9b7@group-619B1F19AB24:LeaderElection6] INFO  impl.RaftServerImpl (ServerState.java:setLeader(253)) - 2bceee89-654d-4083-a39a-484f868bd9b7@group-619B1F19AB24: change Leader from null to 2bceee89-654d-4083-a39a-484f868bd9b7 at term 1 for becomeLeader, leader elected after 5042ms
2019-09-26 13:29:18,703 [2bceee89-654d-4083-a39a-484f868bd9b7@group-619B1F19AB24:LeaderElection6] INFO  server.RaftServerConfigKeys (ConfUtils.java:logGet(43)) - raft.server.staging.catchup.gap = 1000 (default)
2019-09-26 13:29:18,703 [2bceee89-654d-4083-a39a-484f868bd9b7@group-619B1F19AB24:LeaderElection6] INFO  server.RaftServerConfigKeys (ConfUtils.java:logGet(43)) - raft.server.rpc.sleep.time = 25ms (default)
2019-09-26 13:29:18,703 [2bceee89-654d-4083-a39a-484f868bd9b7@group-619B1F19AB24:LeaderElection6] INFO  server.RaftServerConfigKeys (ConfUtils.java:logGet(43)) - raft.server.write.element-limit = 4096 (default)
2019-09-26 13:29:18,704 [2bceee89-654d-4083-a39a-484f868bd9b7@group-619B1F19AB24:LeaderElection6] INFO  server.RaftServerConfigKeys (ConfUtils.java:logGet(43)) - raft.server.watch.timeout = 10s (default)
2019-09-26 13:29:18,704 [2bceee89-654d-4083-a39a-484f868bd9b7@group-619B1F19AB24:LeaderElection6] INFO  server.RaftServerConfigKeys (ConfUtils.java:logGet(43)) - raft.server.watch.timeout.denomination = 1s (default)
2019-09-26 13:29:18,704 [2bceee89-654d-4083-a39a-484f868bd9b7@group-619B1F19AB24:LeaderElection6] INFO  server.RaftServerConfigKeys (ConfUtils.java:logGet(43)) - raft.server.watch.element-limit = 65536 (default)
2019-09-26 13:29:18,705 [2bceee89-654d-4083-a39a-484f868bd9b7@group-619B1F19AB24:LeaderElection6] INFO  impl.RoleInfo (RoleInfo.java:updateAndGet(143)) - 2bceee89-654d-4083-a39a-484f868bd9b7: start LeaderState
2019-09-26 13:29:18,706 [2bceee89-654d-4083-a39a-484f868bd9b7@group-619B1F19AB24:LeaderElection6] INFO  segmented.SegmentedRaftLogWorker (SegmentedRaftLogWorker.java:startLogSegment(380)) - 2bceee89-654d-4083-a39a-484f868bd9b7@group-619B1F19AB24-SegmentedRaftLogWorker: Starting segment from index:0
2019-09-26 13:29:18,706 [2bceee89-654d-4083-a39a-484f868bd9b7@group-619B1F19AB24:LeaderElection6] INFO  impl.RaftServerImpl (ServerState.java:setRaftConf(354)) - 2bceee89-654d-4083-a39a-484f868bd9b7@group-619B1F19AB24: set configuration 0: [2bceee89-654d-4083-a39a-484f868bd9b7:192.168.164.238:38284], old=null at 0
2019-09-26 13:29:18,735 [2bceee89-654d-4083-a39a-484f868bd9b7@group-619B1F19AB24-SegmentedRaftLogWorker] INFO  segmented.SegmentedRaftLogWorker (SegmentedRaftLogWorker.java:execute(569)) - 2bceee89-654d-4083-a39a-484f868bd9b7@group-619B1F19AB24-SegmentedRaftLogWorker: created new log segment /workdir/hadoop-ozone/ozonefs/target/test-dir/MiniOzoneClusterImpl-8b6a8972-8eda-4f33-b3cf-a560ba2c5b87/datanode-0/data/ratis/4928ae75-4342-4e74-8541-619b1f19ab24/current/log_inprogress_0
2019-09-26 13:29:18,778 [Thread-300] INFO  impl.FollowerState (FollowerState.java:run(106)) - 2bceee89-654d-4083-a39a-484f868bd9b7:group-2893004ECC04 changes to CANDIDATE, lastRpcTime:5162, electionTimeout:5162ms
2019-09-26 13:29:18,778 [Thread-300] INFO  impl.RoleInfo (RoleInfo.java:shutdownFollowerState(121)) - 2bceee89-654d-4083-a39a-484f868bd9b7: shutdown FollowerState
2019-09-26 13:29:18,778 [Thread-300] INFO  impl.RaftServerImpl (RaftServerImpl.java:setRole(174)) - 2bceee89-654d-4083-a39a-484f868bd9b7@group-2893004ECC04: changes role from  FOLLOWER to CANDIDATE at term 0 for changeToCandidate
2019-09-26 13:29:18,778 [Thread-300] INFO  impl.RoleInfo (RoleInfo.java:updateAndGet(143)) - 2bceee89-654d-4083-a39a-484f868bd9b7: start LeaderElection
2019-09-26 13:29:18,798 [2bceee89-654d-4083-a39a-484f868bd9b7@group-2893004ECC04:LeaderElection7] INFO  impl.LeaderElection (LeaderElection.java:askForVotes(182)) - 2bceee89-654d-4083-a39a-484f868bd9b7@group-2893004ECC04:LeaderElection7: begin an election at term 1 for -1: [2bceee89-654d-4083-a39a-484f868bd9b7:192.168.164.238:38284], old=null
2019-09-26 13:29:18,799 [2bceee89-654d-4083-a39a-484f868bd9b7@group-2893004ECC04:LeaderElection7] INFO  impl.RoleInfo (RoleInfo.java:shutdownLeaderElection(134)) - 2bceee89-654d-4083-a39a-484f868bd9b7: shutdown LeaderElection
2019-09-26 13:29:18,799 [2bceee89-654d-4083-a39a-484f868bd9b7@group-2893004ECC04:LeaderElection7] INFO  impl.RaftServerImpl (RaftServerImpl.java:setRole(174)) - 2bceee89-654d-4083-a39a-484f868bd9b7@group-2893004ECC04: changes role from CANDIDATE to LEADER at term 1 for changeToLeader
2019-09-26 13:29:18,799 [2bceee89-654d-4083-a39a-484f868bd9b7@group-2893004ECC04:LeaderElection7] INFO  impl.RaftServerImpl (ServerState.java:setLeader(253)) - 2bceee89-654d-4083-a39a-484f868bd9b7@group-2893004ECC04: change Leader from null to 2bceee89-654d-4083-a39a-484f868bd9b7 at term 1 for becomeLeader, leader elected after 5191ms
2019-09-26 13:29:18,799 [2bceee89-654d-4083-a39a-484f868bd9b7@group-2893004ECC04:LeaderElection7] INFO  server.RaftServerConfigKeys (ConfUtils.java:logGet(43)) - raft.server.staging.catchup.gap = 1000 (default)
2019-09-26 13:29:18,799 [2bceee89-654d-4083-a39a-484f868bd9b7@group-2893004ECC04:LeaderElection7] INFO  server.RaftServerConfigKeys (ConfUtils.java:logGet(43)) - raft.server.rpc.sleep.time = 25ms (default)
2019-09-26 13:29:18,799 [2bceee89-654d-4083-a39a-484f868bd9b7@group-2893004ECC04:LeaderElection7] INFO  server.RaftServerConfigKeys (ConfUtils.java:logGet(43)) - raft.server.write.element-limit = 4096 (default)
2019-09-26 13:29:18,799 [2bceee89-654d-4083-a39a-484f868bd9b7@group-2893004ECC04:LeaderElection7] INFO  server.RaftServerConfigKeys (ConfUtils.java:logGet(43)) - raft.server.watch.timeout = 10s (default)
2019-09-26 13:29:18,799 [2bceee89-654d-4083-a39a-484f868bd9b7@group-2893004ECC04:LeaderElection7] INFO  server.RaftServerConfigKeys (ConfUtils.java:logGet(43)) - raft.server.watch.timeout.denomination = 1s (default)
2019-09-26 13:29:18,800 [2bceee89-654d-4083-a39a-484f868bd9b7@group-2893004ECC04:LeaderElection7] INFO  server.RaftServerConfigKeys (ConfUtils.java:logGet(43)) - raft.server.watch.element-limit = 65536 (default)
2019-09-26 13:29:18,801 [2bceee89-654d-4083-a39a-484f868bd9b7@group-2893004ECC04:LeaderElection7] INFO  impl.RoleInfo (RoleInfo.java:updateAndGet(143)) - 2bceee89-654d-4083-a39a-484f868bd9b7: start LeaderState
2019-09-26 13:29:18,801 [2bceee89-654d-4083-a39a-484f868bd9b7@group-2893004ECC04:LeaderElection7] INFO  segmented.SegmentedRaftLogWorker (SegmentedRaftLogWorker.java:startLogSegment(380)) - 2bceee89-654d-4083-a39a-484f868bd9b7@group-2893004ECC04-SegmentedRaftLogWorker: Starting segment from index:0
2019-09-26 13:29:18,802 [2bceee89-654d-4083-a39a-484f868bd9b7@group-2893004ECC04:LeaderElection7] INFO  impl.RaftServerImpl (ServerState.java:setRaftConf(354)) - 2bceee89-654d-4083-a39a-484f868bd9b7@group-2893004ECC04: set configuration 0: [2bceee89-654d-4083-a39a-484f868bd9b7:192.168.164.238:38284], old=null at 0
2019-09-26 13:29:18,840 [2bceee89-654d-4083-a39a-484f868bd9b7@group-2893004ECC04-SegmentedRaftLogWorker] INFO  segmented.SegmentedRaftLogWorker (SegmentedRaftLogWorker.java:execute(569)) - 2bceee89-654d-4083-a39a-484f868bd9b7@group-2893004ECC04-SegmentedRaftLogWorker: created new log segment /workdir/hadoop-ozone/ozonefs/target/test-dir/MiniOzoneClusterImpl-8b6a8972-8eda-4f33-b3cf-a560ba2c5b87/datanode-0/data/ratis/cdeb0a16-f7cf-4e26-bfe1-2893004ecc04/current/log_inprogress_0
2019-09-26 13:29:18,843 [Thread-306] INFO  impl.FollowerState (FollowerState.java:run(106)) - e1d07e13-fba7-421e-90fa-c7d02cfb4ed9:group-25A7CA3D52E6 changes to CANDIDATE, lastRpcTime:5099, electionTimeout:5099ms
2019-09-26 13:29:18,844 [Thread-306] INFO  impl.RoleInfo (RoleInfo.java:shutdownFollowerState(121)) - e1d07e13-fba7-421e-90fa-c7d02cfb4ed9: shutdown FollowerState
2019-09-26 13:29:18,844 [Thread-306] INFO  impl.RaftServerImpl (RaftServerImpl.java:setRole(174)) - e1d07e13-fba7-421e-90fa-c7d02cfb4ed9@group-25A7CA3D52E6: changes role from  FOLLOWER to CANDIDATE at term 0 for changeToCandidate
2019-09-26 13:29:18,844 [Thread-306] INFO  impl.RoleInfo (RoleInfo.java:updateAndGet(143)) - e1d07e13-fba7-421e-90fa-c7d02cfb4ed9: start LeaderElection
2019-09-26 13:29:18,870 [e1d07e13-fba7-421e-90fa-c7d02cfb4ed9@group-25A7CA3D52E6:LeaderElection8] INFO  impl.LeaderElection (LeaderElection.java:askForVotes(182)) - e1d07e13-fba7-421e-90fa-c7d02cfb4ed9@group-25A7CA3D52E6:LeaderElection8: begin an election at term 1 for -1: [e1d07e13-fba7-421e-90fa-c7d02cfb4ed9:192.168.164.238:39231], old=null
2019-09-26 13:29:18,870 [e1d07e13-fba7-421e-90fa-c7d02cfb4ed9@group-25A7CA3D52E6:LeaderElection8] INFO  impl.RoleInfo (RoleInfo.java:shutdownLeaderElection(134)) - e1d07e13-fba7-421e-90fa-c7d02cfb4ed9: shutdown LeaderElection
2019-09-26 13:29:18,871 [e1d07e13-fba7-421e-90fa-c7d02cfb4ed9@group-25A7CA3D52E6:LeaderElection8] INFO  impl.RaftServerImpl (RaftServerImpl.java:setRole(174)) - e1d07e13-fba7-421e-90fa-c7d02cfb4ed9@group-25A7CA3D52E6: changes role from CANDIDATE to LEADER at term 1 for changeToLeader
2019-09-26 13:29:18,871 [e1d07e13-fba7-421e-90fa-c7d02cfb4ed9@group-25A7CA3D52E6:LeaderElection8] INFO  impl.RaftServerImpl (ServerState.java:setLeader(253)) - e1d07e13-fba7-421e-90fa-c7d02cfb4ed9@group-25A7CA3D52E6: change Leader from null to e1d07e13-fba7-421e-90fa-c7d02cfb4ed9 at term 1 for becomeLeader, leader elected after 5134ms
2019-09-26 13:29:18,871 [e1d07e13-fba7-421e-90fa-c7d02cfb4ed9@group-25A7CA3D52E6:LeaderElection8] INFO  server.RaftServerConfigKeys (ConfUtils.java:logGet(43)) - raft.server.staging.catchup.gap = 1000 (default)
2019-09-26 13:29:18,871 [e1d07e13-fba7-421e-90fa-c7d02cfb4ed9@group-25A7CA3D52E6:LeaderElection8] INFO  server.RaftServerConfigKeys (ConfUtils.java:logGet(43)) - raft.server.rpc.sleep.time = 25ms (default)
2019-09-26 13:29:18,871 [e1d07e13-fba7-421e-90fa-c7d02cfb4ed9@group-25A7CA3D52E6:LeaderElection8] INFO  server.RaftServerConfigKeys (ConfUtils.java:logGet(43)) - raft.server.write.element-limit = 4096 (default)
2019-09-26 13:29:18,871 [e1d07e13-fba7-421e-90fa-c7d02cfb4ed9@group-25A7CA3D52E6:LeaderElection8] INFO  server.RaftServerConfigKeys (ConfUtils.java:logGet(43)) - raft.server.watch.timeout = 10s (default)
2019-09-26 13:29:18,872 [e1d07e13-fba7-421e-90fa-c7d02cfb4ed9@group-25A7CA3D52E6:LeaderElection8] INFO  server.RaftServerConfigKeys (ConfUtils.java:logGet(43)) - raft.server.watch.timeout.denomination = 1s (default)
2019-09-26 13:29:18,872 [e1d07e13-fba7-421e-90fa-c7d02cfb4ed9@group-25A7CA3D52E6:LeaderElection8] INFO  server.RaftServerConfigKeys (ConfUtils.java:logGet(43)) - raft.server.watch.element-limit = 65536 (default)
2019-09-26 13:29:18,874 [e1d07e13-fba7-421e-90fa-c7d02cfb4ed9@group-25A7CA3D52E6:LeaderElection8] INFO  impl.RoleInfo (RoleInfo.java:updateAndGet(143)) - e1d07e13-fba7-421e-90fa-c7d02cfb4ed9: start LeaderState
2019-09-26 13:29:18,874 [e1d07e13-fba7-421e-90fa-c7d02cfb4ed9@group-25A7CA3D52E6:LeaderElection8] INFO  segmented.SegmentedRaftLogWorker (SegmentedRaftLogWorker.java:startLogSegment(380)) - e1d07e13-fba7-421e-90fa-c7d02cfb4ed9@group-25A7CA3D52E6-SegmentedRaftLogWorker: Starting segment from index:0
2019-09-26 13:29:18,875 [e1d07e13-fba7-421e-90fa-c7d02cfb4ed9@group-25A7CA3D52E6:LeaderElection8] INFO  impl.RaftServerImpl (ServerState.java:setRaftConf(354)) - e1d07e13-fba7-421e-90fa-c7d02cfb4ed9@group-25A7CA3D52E6: set configuration 0: [e1d07e13-fba7-421e-90fa-c7d02cfb4ed9:192.168.164.238:39231], old=null at 0
2019-09-26 13:29:18,914 [e1d07e13-fba7-421e-90fa-c7d02cfb4ed9@group-25A7CA3D52E6-SegmentedRaftLogWorker] INFO  segmented.SegmentedRaftLogWorker (SegmentedRaftLogWorker.java:execute(569)) - e1d07e13-fba7-421e-90fa-c7d02cfb4ed9@group-25A7CA3D52E6-SegmentedRaftLogWorker: created new log segment /workdir/hadoop-ozone/ozonefs/target/test-dir/MiniOzoneClusterImpl-8b6a8972-8eda-4f33-b3cf-a560ba2c5b87/datanode-6/data/ratis/d7ff572b-21c7-4b66-bd26-25a7ca3d52e6/current/log_inprogress_0
2019-09-26 13:29:18,980 [Thread-315] INFO  impl.FollowerState (FollowerState.java:run(106)) - 6bbb30bf-68fb-49c7-a700-39ca06a4595f:group-2E05E396A487 changes to CANDIDATE, lastRpcTime:5004, electionTimeout:5004ms
2019-09-26 13:29:18,980 [Thread-315] INFO  impl.RoleInfo (RoleInfo.java:shutdownFollowerState(121)) - 6bbb30bf-68fb-49c7-a700-39ca06a4595f: shutdown FollowerState
2019-09-26 13:29:18,980 [Thread-315] INFO  impl.RaftServerImpl (RaftServerImpl.java:setRole(174)) - 6bbb30bf-68fb-49c7-a700-39ca06a4595f@group-2E05E396A487: changes role from  FOLLOWER to CANDIDATE at term 0 for changeToCandidate
2019-09-26 13:29:18,981 [Thread-315] INFO  impl.RoleInfo (RoleInfo.java:updateAndGet(143)) - 6bbb30bf-68fb-49c7-a700-39ca06a4595f: start LeaderElection
2019-09-26 13:29:18,995 [6bbb30bf-68fb-49c7-a700-39ca06a4595f@group-2E05E396A487:LeaderElection9] INFO  impl.LeaderElection (LeaderElection.java:askForVotes(182)) - 6bbb30bf-68fb-49c7-a700-39ca06a4595f@group-2E05E396A487:LeaderElection9: begin an election at term 1 for -1: [6bbb30bf-68fb-49c7-a700-39ca06a4595f:192.168.164.238:44498], old=null
2019-09-26 13:29:18,995 [6bbb30bf-68fb-49c7-a700-39ca06a4595f@group-2E05E396A487:LeaderElection9] INFO  impl.RoleInfo (RoleInfo.java:shutdownLeaderElection(134)) - 6bbb30bf-68fb-49c7-a700-39ca06a4595f: shutdown LeaderElection
2019-09-26 13:29:18,995 [Thread-309] INFO  impl.FollowerState (FollowerState.java:run(106)) - 2bceee89-654d-4083-a39a-484f868bd9b7:group-CF33BE34F437 changes to CANDIDATE, lastRpcTime:5193, electionTimeout:5193ms
2019-09-26 13:29:18,995 [6bbb30bf-68fb-49c7-a700-39ca06a4595f@group-2E05E396A487:LeaderElection9] INFO  impl.RaftServerImpl (RaftServerImpl.java:setRole(174)) - 6bbb30bf-68fb-49c7-a700-39ca06a4595f@group-2E05E396A487: changes role from CANDIDATE to LEADER at term 1 for changeToLeader
2019-09-26 13:29:18,995 [6bbb30bf-68fb-49c7-a700-39ca06a4595f@group-2E05E396A487:LeaderElection9] INFO  impl.RaftServerImpl (ServerState.java:setLeader(253)) - 6bbb30bf-68fb-49c7-a700-39ca06a4595f@group-2E05E396A487: change Leader from null to 6bbb30bf-68fb-49c7-a700-39ca06a4595f at term 1 for becomeLeader, leader elected after 5029ms
2019-09-26 13:29:18,995 [Thread-309] INFO  impl.RoleInfo (RoleInfo.java:shutdownFollowerState(121)) - 2bceee89-654d-4083-a39a-484f868bd9b7: shutdown FollowerState
2019-09-26 13:29:18,995 [6bbb30bf-68fb-49c7-a700-39ca06a4595f@group-2E05E396A487:LeaderElection9] INFO  server.RaftServerConfigKeys (ConfUtils.java:logGet(43)) - raft.server.staging.catchup.gap = 1000 (default)
2019-09-26 13:29:18,995 [Thread-309] INFO  impl.RaftServerImpl (RaftServerImpl.java:setRole(174)) - 2bceee89-654d-4083-a39a-484f868bd9b7@group-CF33BE34F437: changes role from  FOLLOWER to CANDIDATE at term 0 for changeToCandidate
2019-09-26 13:29:18,996 [6bbb30bf-68fb-49c7-a700-39ca06a4595f@group-2E05E396A487:LeaderElection9] INFO  server.RaftServerConfigKeys (ConfUtils.java:logGet(43)) - raft.server.rpc.sleep.time = 25ms (default)
2019-09-26 13:29:18,996 [Thread-309] INFO  impl.RoleInfo (RoleInfo.java:updateAndGet(143)) - 2bceee89-654d-4083-a39a-484f868bd9b7: start LeaderElection
2019-09-26 13:29:18,996 [6bbb30bf-68fb-49c7-a700-39ca06a4595f@group-2E05E396A487:LeaderElection9] INFO  server.RaftServerConfigKeys (ConfUtils.java:logGet(43)) - raft.server.write.element-limit = 4096 (default)
2019-09-26 13:29:18,996 [6bbb30bf-68fb-49c7-a700-39ca06a4595f@group-2E05E396A487:LeaderElection9] INFO  server.RaftServerConfigKeys (ConfUtils.java:logGet(43)) - raft.server.watch.timeout = 10s (default)
2019-09-26 13:29:18,996 [6bbb30bf-68fb-49c7-a700-39ca06a4595f@group-2E05E396A487:LeaderElection9] INFO  server.RaftServerConfigKeys (ConfUtils.java:logGet(43)) - raft.server.watch.timeout.denomination = 1s (default)
2019-09-26 13:29:19,002 [Thread-312] INFO  impl.FollowerState (FollowerState.java:run(106)) - 6bbb30bf-68fb-49c7-a700-39ca06a4595f:group-454585379C8D changes to CANDIDATE, lastRpcTime:5118, electionTimeout:5116ms
2019-09-26 13:29:19,002 [6bbb30bf-68fb-49c7-a700-39ca06a4595f@group-2E05E396A487:LeaderElection9] INFO  server.RaftServerConfigKeys (ConfUtils.java:logGet(43)) - raft.server.watch.element-limit = 65536 (default)
2019-09-26 13:29:19,002 [Thread-312] INFO  impl.RoleInfo (RoleInfo.java:shutdownFollowerState(121)) - 6bbb30bf-68fb-49c7-a700-39ca06a4595f: shutdown FollowerState
2019-09-26 13:29:19,002 [Thread-312] INFO  impl.RaftServerImpl (RaftServerImpl.java:setRole(174)) - 6bbb30bf-68fb-49c7-a700-39ca06a4595f@group-454585379C8D: changes role from  FOLLOWER to CANDIDATE at term 0 for changeToCandidate
2019-09-26 13:29:19,002 [Thread-312] INFO  impl.RoleInfo (RoleInfo.java:updateAndGet(143)) - 6bbb30bf-68fb-49c7-a700-39ca06a4595f: start LeaderElection
2019-09-26 13:29:19,009 [6bbb30bf-68fb-49c7-a700-39ca06a4595f@group-2E05E396A487:LeaderElection9] INFO  impl.RoleInfo (RoleInfo.java:updateAndGet(143)) - 6bbb30bf-68fb-49c7-a700-39ca06a4595f: start LeaderState
2019-09-26 13:29:19,010 [6bbb30bf-68fb-49c7-a700-39ca06a4595f@group-2E05E396A487:LeaderElection9] INFO  segmented.SegmentedRaftLogWorker (SegmentedRaftLogWorker.java:startLogSegment(380)) - 6bbb30bf-68fb-49c7-a700-39ca06a4595f@group-2E05E396A487-SegmentedRaftLogWorker: Starting segment from index:0
2019-09-26 13:29:19,010 [6bbb30bf-68fb-49c7-a700-39ca06a4595f@group-2E05E396A487:LeaderElection9] INFO  impl.RaftServerImpl (ServerState.java:setRaftConf(354)) - 6bbb30bf-68fb-49c7-a700-39ca06a4595f@group-2E05E396A487: set configuration 0: [6bbb30bf-68fb-49c7-a700-39ca06a4595f:192.168.164.238:44498], old=null at 0
2019-09-26 13:29:19,035 [6bbb30bf-68fb-49c7-a700-39ca06a4595f@group-454585379C8D:LeaderElection11] INFO  impl.LeaderElection (LeaderElection.java:askForVotes(182)) - 6bbb30bf-68fb-49c7-a700-39ca06a4595f@group-454585379C8D:LeaderElection11: begin an election at term 1 for -1: [6bbb30bf-68fb-49c7-a700-39ca06a4595f:192.168.164.238:44498], old=null
2019-09-26 13:29:19,036 [6bbb30bf-68fb-49c7-a700-39ca06a4595f@group-454585379C8D:LeaderElection11] INFO  impl.RoleInfo (RoleInfo.java:shutdownLeaderElection(134)) - 6bbb30bf-68fb-49c7-a700-39ca06a4595f: shutdown LeaderElection
2019-09-26 13:29:19,036 [6bbb30bf-68fb-49c7-a700-39ca06a4595f@group-454585379C8D:LeaderElection11] INFO  impl.RaftServerImpl (RaftServerImpl.java:setRole(174)) - 6bbb30bf-68fb-49c7-a700-39ca06a4595f@group-454585379C8D: changes role from CANDIDATE to LEADER at term 1 for changeToLeader
2019-09-26 13:29:19,036 [6bbb30bf-68fb-49c7-a700-39ca06a4595f@group-454585379C8D:LeaderElection11] INFO  impl.RaftServerImpl (ServerState.java:setLeader(253)) - 6bbb30bf-68fb-49c7-a700-39ca06a4595f@group-454585379C8D: change Leader from null to 6bbb30bf-68fb-49c7-a700-39ca06a4595f at term 1 for becomeLeader, leader elected after 5162ms
2019-09-26 13:29:19,036 [6bbb30bf-68fb-49c7-a700-39ca06a4595f@group-454585379C8D:LeaderElection11] INFO  server.RaftServerConfigKeys (ConfUtils.java:logGet(43)) - raft.server.staging.catchup.gap = 1000 (default)
2019-09-26 13:29:19,036 [6bbb30bf-68fb-49c7-a700-39ca06a4595f@group-454585379C8D:LeaderElection11] INFO  server.RaftServerConfigKeys (ConfUtils.java:logGet(43)) - raft.server.rpc.sleep.time = 25ms (default)
2019-09-26 13:29:19,037 [6bbb30bf-68fb-49c7-a700-39ca06a4595f@group-454585379C8D:LeaderElection11] INFO  server.RaftServerConfigKeys (ConfUtils.java:logGet(43)) - raft.server.write.element-limit = 4096 (default)
2019-09-26 13:29:19,037 [6bbb30bf-68fb-49c7-a700-39ca06a4595f@group-454585379C8D:LeaderElection11] INFO  server.RaftServerConfigKeys (ConfUtils.java:logGet(43)) - raft.server.watch.timeout = 10s (default)
2019-09-26 13:29:19,037 [6bbb30bf-68fb-49c7-a700-39ca06a4595f@group-454585379C8D:LeaderElection11] INFO  server.RaftServerConfigKeys (ConfUtils.java:logGet(43)) - raft.server.watch.timeout.denomination = 1s (default)
2019-09-26 13:29:19,037 [6bbb30bf-68fb-49c7-a700-39ca06a4595f@group-454585379C8D:LeaderElection11] INFO  server.RaftServerConfigKeys (ConfUtils.java:logGet(43)) - raft.server.watch.element-limit = 65536 (default)
2019-09-26 13:29:19,038 [2bceee89-654d-4083-a39a-484f868bd9b7@group-CF33BE34F437:LeaderElection10] INFO  impl.LeaderElection (LeaderElection.java:askForVotes(182)) - 2bceee89-654d-4083-a39a-484f868bd9b7@group-CF33BE34F437:LeaderElection10: begin an election at term 1 for -1: [2bceee89-654d-4083-a39a-484f868bd9b7:192.168.164.238:38284], old=null
2019-09-26 13:29:19,038 [2bceee89-654d-4083-a39a-484f868bd9b7@group-CF33BE34F437:LeaderElection10] INFO  impl.RoleInfo (RoleInfo.java:shutdownLeaderElection(134)) - 2bceee89-654d-4083-a39a-484f868bd9b7: shutdown LeaderElection
2019-09-26 13:29:19,038 [2bceee89-654d-4083-a39a-484f868bd9b7@group-CF33BE34F437:LeaderElection10] INFO  impl.RaftServerImpl (RaftServerImpl.java:setRole(174)) - 2bceee89-654d-4083-a39a-484f868bd9b7@group-CF33BE34F437: changes role from CANDIDATE to LEADER at term 1 for changeToLeader
2019-09-26 13:29:19,038 [2bceee89-654d-4083-a39a-484f868bd9b7@group-CF33BE34F437:LeaderElection10] INFO  impl.RaftServerImpl (ServerState.java:setLeader(253)) - 2bceee89-654d-4083-a39a-484f868bd9b7@group-CF33BE34F437: change Leader from null to 2bceee89-654d-4083-a39a-484f868bd9b7 at term 1 for becomeLeader, leader elected after 5241ms
2019-09-26 13:29:19,039 [2bceee89-654d-4083-a39a-484f868bd9b7@group-CF33BE34F437:LeaderElection10] INFO  server.RaftServerConfigKeys (ConfUtils.java:logGet(43)) - raft.server.staging.catchup.gap = 1000 (default)
2019-09-26 13:29:19,039 [2bceee89-654d-4083-a39a-484f868bd9b7@group-CF33BE34F437:LeaderElection10] INFO  server.RaftServerConfigKeys (ConfUtils.java:logGet(43)) - raft.server.rpc.sleep.time = 25ms (default)
2019-09-26 13:29:19,039 [6bbb30bf-68fb-49c7-a700-39ca06a4595f@group-2E05E396A487-SegmentedRaftLogWorker] INFO  segmented.SegmentedRaftLogWorker (SegmentedRaftLogWorker.java:execute(569)) - 6bbb30bf-68fb-49c7-a700-39ca06a4595f@group-2E05E396A487-SegmentedRaftLogWorker: created new log segment /workdir/hadoop-ozone/ozonefs/target/test-dir/MiniOzoneClusterImpl-8b6a8972-8eda-4f33-b3cf-a560ba2c5b87/datanode-3/data/ratis/2f6d67fe-6639-4525-992c-2e05e396a487/current/log_inprogress_0
2019-09-26 13:29:19,039 [2bceee89-654d-4083-a39a-484f868bd9b7@group-CF33BE34F437:LeaderElection10] INFO  server.RaftServerConfigKeys (ConfUtils.java:logGet(43)) - raft.server.write.element-limit = 4096 (default)
2019-09-26 13:29:19,039 [2bceee89-654d-4083-a39a-484f868bd9b7@group-CF33BE34F437:LeaderElection10] INFO  server.RaftServerConfigKeys (ConfUtils.java:logGet(43)) - raft.server.watch.timeout = 10s (default)
2019-09-26 13:29:19,039 [2bceee89-654d-4083-a39a-484f868bd9b7@group-CF33BE34F437:LeaderElection10] INFO  server.RaftServerConfigKeys (ConfUtils.java:logGet(43)) - raft.server.watch.timeout.denomination = 1s (default)
2019-09-26 13:29:19,039 [2bceee89-654d-4083-a39a-484f868bd9b7@group-CF33BE34F437:LeaderElection10] INFO  server.RaftServerConfigKeys (ConfUtils.java:logGet(43)) - raft.server.watch.element-limit = 65536 (default)
2019-09-26 13:29:19,039 [6bbb30bf-68fb-49c7-a700-39ca06a4595f@group-454585379C8D:LeaderElection11] INFO  impl.RoleInfo (RoleInfo.java:updateAndGet(143)) - 6bbb30bf-68fb-49c7-a700-39ca06a4595f: start LeaderState
2019-09-26 13:29:19,040 [6bbb30bf-68fb-49c7-a700-39ca06a4595f@group-454585379C8D:LeaderElection11] INFO  segmented.SegmentedRaftLogWorker (SegmentedRaftLogWorker.java:startLogSegment(380)) - 6bbb30bf-68fb-49c7-a700-39ca06a4595f@group-454585379C8D-SegmentedRaftLogWorker: Starting segment from index:0
2019-09-26 13:29:19,041 [2bceee89-654d-4083-a39a-484f868bd9b7@group-CF33BE34F437:LeaderElection10] INFO  impl.RoleInfo (RoleInfo.java:updateAndGet(143)) - 2bceee89-654d-4083-a39a-484f868bd9b7: start LeaderState
2019-09-26 13:29:19,042 [2bceee89-654d-4083-a39a-484f868bd9b7@group-CF33BE34F437:LeaderElection10] INFO  segmented.SegmentedRaftLogWorker (SegmentedRaftLogWorker.java:startLogSegment(380)) - 2bceee89-654d-4083-a39a-484f868bd9b7@group-CF33BE34F437-SegmentedRaftLogWorker: Starting segment from index:0
2019-09-26 13:29:19,045 [6bbb30bf-68fb-49c7-a700-39ca06a4595f@group-454585379C8D:LeaderElection11] INFO  impl.RaftServerImpl (ServerState.java:setRaftConf(354)) - 6bbb30bf-68fb-49c7-a700-39ca06a4595f@group-454585379C8D: set configuration 0: [6bbb30bf-68fb-49c7-a700-39ca06a4595f:192.168.164.238:44498], old=null at 0
2019-09-26 13:29:19,046 [2bceee89-654d-4083-a39a-484f868bd9b7@group-CF33BE34F437:LeaderElection10] INFO  impl.RaftServerImpl (ServerState.java:setRaftConf(354)) - 2bceee89-654d-4083-a39a-484f868bd9b7@group-CF33BE34F437: set configuration 0: [2bceee89-654d-4083-a39a-484f868bd9b7:192.168.164.238:38284], old=null at 0
2019-09-26 13:29:19,080 [2bceee89-654d-4083-a39a-484f868bd9b7@group-CF33BE34F437-SegmentedRaftLogWorker] INFO  segmented.SegmentedRaftLogWorker (SegmentedRaftLogWorker.java:execute(569)) - 2bceee89-654d-4083-a39a-484f868bd9b7@group-CF33BE34F437-SegmentedRaftLogWorker: created new log segment /workdir/hadoop-ozone/ozonefs/target/test-dir/MiniOzoneClusterImpl-8b6a8972-8eda-4f33-b3cf-a560ba2c5b87/datanode-0/data/ratis/c1d9ca47-6056-4e9c-a1a0-cf33be34f437/current/log_inprogress_0
2019-09-26 13:29:19,080 [6bbb30bf-68fb-49c7-a700-39ca06a4595f@group-454585379C8D-SegmentedRaftLogWorker] INFO  segmented.SegmentedRaftLogWorker (SegmentedRaftLogWorker.java:execute(569)) - 6bbb30bf-68fb-49c7-a700-39ca06a4595f@group-454585379C8D-SegmentedRaftLogWorker: created new log segment /workdir/hadoop-ozone/ozonefs/target/test-dir/MiniOzoneClusterImpl-8b6a8972-8eda-4f33-b3cf-a560ba2c5b87/datanode-3/data/ratis/c5428413-9ec3-4915-a23e-454585379c8d/current/log_inprogress_0
2019-09-26 13:29:19,164 [Thread-318] INFO  impl.FollowerState (FollowerState.java:run(106)) - 921dbd79-5e7d-43e7-a946-6392aa4a26bd:group-2BA9B3A53A3B changes to CANDIDATE, lastRpcTime:5104, electionTimeout:5104ms
2019-09-26 13:29:19,164 [Thread-318] INFO  impl.RoleInfo (RoleInfo.java:shutdownFollowerState(121)) - 921dbd79-5e7d-43e7-a946-6392aa4a26bd: shutdown FollowerState
2019-09-26 13:29:19,164 [Thread-318] INFO  impl.RaftServerImpl (RaftServerImpl.java:setRole(174)) - 921dbd79-5e7d-43e7-a946-6392aa4a26bd@group-2BA9B3A53A3B: changes role from  FOLLOWER to CANDIDATE at term 0 for changeToCandidate
2019-09-26 13:29:19,164 [Thread-318] INFO  impl.RoleInfo (RoleInfo.java:updateAndGet(143)) - 921dbd79-5e7d-43e7-a946-6392aa4a26bd: start LeaderElection
2019-09-26 13:29:19,186 [921dbd79-5e7d-43e7-a946-6392aa4a26bd@group-2BA9B3A53A3B:LeaderElection12] INFO  impl.LeaderElection (LeaderElection.java:askForVotes(182)) - 921dbd79-5e7d-43e7-a946-6392aa4a26bd@group-2BA9B3A53A3B:LeaderElection12: begin an election at term 1 for -1: [921dbd79-5e7d-43e7-a946-6392aa4a26bd:192.168.164.238:34388], old=null
2019-09-26 13:29:19,186 [921dbd79-5e7d-43e7-a946-6392aa4a26bd@group-2BA9B3A53A3B:LeaderElection12] INFO  impl.RoleInfo (RoleInfo.java:shutdownLeaderElection(134)) - 921dbd79-5e7d-43e7-a946-6392aa4a26bd: shutdown LeaderElection
2019-09-26 13:29:19,187 [921dbd79-5e7d-43e7-a946-6392aa4a26bd@group-2BA9B3A53A3B:LeaderElection12] INFO  impl.RaftServerImpl (RaftServerImpl.java:setRole(174)) - 921dbd79-5e7d-43e7-a946-6392aa4a26bd@group-2BA9B3A53A3B: changes role from CANDIDATE to LEADER at term 1 for changeToLeader
2019-09-26 13:29:19,187 [921dbd79-5e7d-43e7-a946-6392aa4a26bd@group-2BA9B3A53A3B:LeaderElection12] INFO  impl.RaftServerImpl (ServerState.java:setLeader(253)) - 921dbd79-5e7d-43e7-a946-6392aa4a26bd@group-2BA9B3A53A3B: change Leader from null to 921dbd79-5e7d-43e7-a946-6392aa4a26bd at term 1 for becomeLeader, leader elected after 5134ms
2019-09-26 13:29:19,187 [921dbd79-5e7d-43e7-a946-6392aa4a26bd@group-2BA9B3A53A3B:LeaderElection12] INFO  server.RaftServerConfigKeys (ConfUtils.java:logGet(43)) - raft.server.staging.catchup.gap = 1000 (default)
2019-09-26 13:29:19,187 [921dbd79-5e7d-43e7-a946-6392aa4a26bd@group-2BA9B3A53A3B:LeaderElection12] INFO  server.RaftServerConfigKeys (ConfUtils.java:logGet(43)) - raft.server.rpc.sleep.time = 25ms (default)
2019-09-26 13:29:19,187 [921dbd79-5e7d-43e7-a946-6392aa4a26bd@group-2BA9B3A53A3B:LeaderElection12] INFO  server.RaftServerConfigKeys (ConfUtils.java:logGet(43)) - raft.server.write.element-limit = 4096 (default)
2019-09-26 13:29:19,187 [921dbd79-5e7d-43e7-a946-6392aa4a26bd@group-2BA9B3A53A3B:LeaderElection12] INFO  server.RaftServerConfigKeys (ConfUtils.java:logGet(43)) - raft.server.watch.timeout = 10s (default)
2019-09-26 13:29:19,187 [921dbd79-5e7d-43e7-a946-6392aa4a26bd@group-2BA9B3A53A3B:LeaderElection12] INFO  server.RaftServerConfigKeys (ConfUtils.java:logGet(43)) - raft.server.watch.timeout.denomination = 1s (default)
2019-09-26 13:29:19,187 [921dbd79-5e7d-43e7-a946-6392aa4a26bd@group-2BA9B3A53A3B:LeaderElection12] INFO  server.RaftServerConfigKeys (ConfUtils.java:logGet(43)) - raft.server.watch.element-limit = 65536 (default)
2019-09-26 13:29:19,189 [921dbd79-5e7d-43e7-a946-6392aa4a26bd@group-2BA9B3A53A3B:LeaderElection12] INFO  impl.RoleInfo (RoleInfo.java:updateAndGet(143)) - 921dbd79-5e7d-43e7-a946-6392aa4a26bd: start LeaderState
2019-09-26 13:29:19,189 [921dbd79-5e7d-43e7-a946-6392aa4a26bd@group-2BA9B3A53A3B:LeaderElection12] INFO  segmented.SegmentedRaftLogWorker (SegmentedRaftLogWorker.java:startLogSegment(380)) - 921dbd79-5e7d-43e7-a946-6392aa4a26bd@group-2BA9B3A53A3B-SegmentedRaftLogWorker: Starting segment from index:0
2019-09-26 13:29:19,190 [921dbd79-5e7d-43e7-a946-6392aa4a26bd@group-2BA9B3A53A3B:LeaderElection12] INFO  impl.RaftServerImpl (ServerState.java:setRaftConf(354)) - 921dbd79-5e7d-43e7-a946-6392aa4a26bd@group-2BA9B3A53A3B: set configuration 0: [921dbd79-5e7d-43e7-a946-6392aa4a26bd:192.168.164.238:34388], old=null at 0
2019-09-26 13:29:19,241 [921dbd79-5e7d-43e7-a946-6392aa4a26bd@group-2BA9B3A53A3B-SegmentedRaftLogWorker] INFO  segmented.SegmentedRaftLogWorker (SegmentedRaftLogWorker.java:execute(569)) - 921dbd79-5e7d-43e7-a946-6392aa4a26bd@group-2BA9B3A53A3B-SegmentedRaftLogWorker: created new log segment /workdir/hadoop-ozone/ozonefs/target/test-dir/MiniOzoneClusterImpl-8b6a8972-8eda-4f33-b3cf-a560ba2c5b87/datanode-1/data/ratis/dcfab113-54d6-4c6b-be1c-2ba9b3a53a3b/current/log_inprogress_0
2019-09-26 13:29:19,309 [Thread-321] INFO  impl.FollowerState (FollowerState.java:run(106)) - 84fdec62-d817-45bb-98fc-971264b4d85b:group-6BEFA130DB60 changes to CANDIDATE, lastRpcTime:5190, electionTimeout:5190ms
2019-09-26 13:29:19,309 [Thread-321] INFO  impl.RoleInfo (RoleInfo.java:shutdownFollowerState(121)) - 84fdec62-d817-45bb-98fc-971264b4d85b: shutdown FollowerState
2019-09-26 13:29:19,309 [Thread-321] INFO  impl.RaftServerImpl (RaftServerImpl.java:setRole(174)) - 84fdec62-d817-45bb-98fc-971264b4d85b@group-6BEFA130DB60: changes role from  FOLLOWER to CANDIDATE at term 0 for changeToCandidate
2019-09-26 13:29:19,309 [Thread-321] INFO  impl.RoleInfo (RoleInfo.java:updateAndGet(143)) - 84fdec62-d817-45bb-98fc-971264b4d85b: start LeaderElection
2019-09-26 13:29:19,327 [Thread-325] INFO  impl.FollowerState (FollowerState.java:run(106)) - 921dbd79-5e7d-43e7-a946-6392aa4a26bd:group-CA0E9D9BFF24 changes to CANDIDATE, lastRpcTime:5140, electionTimeout:5140ms
2019-09-26 13:29:19,327 [Thread-325] INFO  impl.RoleInfo (RoleInfo.java:shutdownFollowerState(121)) - 921dbd79-5e7d-43e7-a946-6392aa4a26bd: shutdown FollowerState
2019-09-26 13:29:19,328 [Thread-325] INFO  impl.RaftServerImpl (RaftServerImpl.java:setRole(174)) - 921dbd79-5e7d-43e7-a946-6392aa4a26bd@group-CA0E9D9BFF24: changes role from  FOLLOWER to CANDIDATE at term 0 for changeToCandidate
2019-09-26 13:29:19,328 [Thread-325] INFO  impl.RoleInfo (RoleInfo.java:updateAndGet(143)) - 921dbd79-5e7d-43e7-a946-6392aa4a26bd: start LeaderElection
2019-09-26 13:29:19,340 [84fdec62-d817-45bb-98fc-971264b4d85b@group-6BEFA130DB60:LeaderElection13] INFO  impl.LeaderElection (LeaderElection.java:askForVotes(182)) - 84fdec62-d817-45bb-98fc-971264b4d85b@group-6BEFA130DB60:LeaderElection13: begin an election at term 1 for -1: [84fdec62-d817-45bb-98fc-971264b4d85b:192.168.164.238:44616], old=null
2019-09-26 13:29:19,340 [84fdec62-d817-45bb-98fc-971264b4d85b@group-6BEFA130DB60:LeaderElection13] INFO  impl.RoleInfo (RoleInfo.java:shutdownLeaderElection(134)) - 84fdec62-d817-45bb-98fc-971264b4d85b: shutdown LeaderElection
2019-09-26 13:29:19,340 [84fdec62-d817-45bb-98fc-971264b4d85b@group-6BEFA130DB60:LeaderElection13] INFO  impl.RaftServerImpl (RaftServerImpl.java:setRole(174)) - 84fdec62-d817-45bb-98fc-971264b4d85b@group-6BEFA130DB60: changes role from CANDIDATE to LEADER at term 1 for changeToLeader
2019-09-26 13:29:19,341 [84fdec62-d817-45bb-98fc-971264b4d85b@group-6BEFA130DB60:LeaderElection13] INFO  impl.RaftServerImpl (ServerState.java:setLeader(253)) - 84fdec62-d817-45bb-98fc-971264b4d85b@group-6BEFA130DB60: change Leader from null to 84fdec62-d817-45bb-98fc-971264b4d85b at term 1 for becomeLeader, leader elected after 5232ms
2019-09-26 13:29:19,341 [84fdec62-d817-45bb-98fc-971264b4d85b@group-6BEFA130DB60:LeaderElection13] INFO  server.RaftServerConfigKeys (ConfUtils.java:logGet(43)) - raft.server.staging.catchup.gap = 1000 (default)
2019-09-26 13:29:19,341 [84fdec62-d817-45bb-98fc-971264b4d85b@group-6BEFA130DB60:LeaderElection13] INFO  server.RaftServerConfigKeys (ConfUtils.java:logGet(43)) - raft.server.rpc.sleep.time = 25ms (default)
2019-09-26 13:29:19,341 [84fdec62-d817-45bb-98fc-971264b4d85b@group-6BEFA130DB60:LeaderElection13] INFO  server.RaftServerConfigKeys (ConfUtils.java:logGet(43)) - raft.server.write.element-limit = 4096 (default)
2019-09-26 13:29:19,341 [84fdec62-d817-45bb-98fc-971264b4d85b@group-6BEFA130DB60:LeaderElection13] INFO  server.RaftServerConfigKeys (ConfUtils.java:logGet(43)) - raft.server.watch.timeout = 10s (default)
2019-09-26 13:29:19,342 [84fdec62-d817-45bb-98fc-971264b4d85b@group-6BEFA130DB60:LeaderElection13] INFO  server.RaftServerConfigKeys (ConfUtils.java:logGet(43)) - raft.server.watch.timeout.denomination = 1s (default)
2019-09-26 13:29:19,342 [84fdec62-d817-45bb-98fc-971264b4d85b@group-6BEFA130DB60:LeaderElection13] INFO  server.RaftServerConfigKeys (ConfUtils.java:logGet(43)) - raft.server.watch.element-limit = 65536 (default)
2019-09-26 13:29:19,342 [Thread-328] INFO  impl.FollowerState (FollowerState.java:run(106)) - 6bbb30bf-68fb-49c7-a700-39ca06a4595f:group-2BB88B1746B1 changes to CANDIDATE, lastRpcTime:5075, electionTimeout:5075ms
2019-09-26 13:29:19,343 [Thread-328] INFO  impl.RoleInfo (RoleInfo.java:shutdownFollowerState(121)) - 6bbb30bf-68fb-49c7-a700-39ca06a4595f: shutdown FollowerState
2019-09-26 13:29:19,343 [Thread-328] INFO  impl.RaftServerImpl (RaftServerImpl.java:setRole(174)) - 6bbb30bf-68fb-49c7-a700-39ca06a4595f@group-2BB88B1746B1: changes role from  FOLLOWER to CANDIDATE at term 0 for changeToCandidate
2019-09-26 13:29:19,343 [Thread-328] INFO  impl.RoleInfo (RoleInfo.java:updateAndGet(143)) - 6bbb30bf-68fb-49c7-a700-39ca06a4595f: start LeaderElection
2019-09-26 13:29:19,350 [84fdec62-d817-45bb-98fc-971264b4d85b@group-6BEFA130DB60:LeaderElection13] INFO  impl.RoleInfo (RoleInfo.java:updateAndGet(143)) - 84fdec62-d817-45bb-98fc-971264b4d85b: start LeaderState
2019-09-26 13:29:19,350 [84fdec62-d817-45bb-98fc-971264b4d85b@group-6BEFA130DB60:LeaderElection13] INFO  segmented.SegmentedRaftLogWorker (SegmentedRaftLogWorker.java:startLogSegment(380)) - 84fdec62-d817-45bb-98fc-971264b4d85b@group-6BEFA130DB60-SegmentedRaftLogWorker: Starting segment from index:0
2019-09-26 13:29:19,350 [84fdec62-d817-45bb-98fc-971264b4d85b@group-6BEFA130DB60:LeaderElection13] INFO  impl.RaftServerImpl (ServerState.java:setRaftConf(354)) - 84fdec62-d817-45bb-98fc-971264b4d85b@group-6BEFA130DB60: set configuration 0: [84fdec62-d817-45bb-98fc-971264b4d85b:192.168.164.238:44616], old=null at 0
2019-09-26 13:29:19,367 [921dbd79-5e7d-43e7-a946-6392aa4a26bd@group-CA0E9D9BFF24:LeaderElection14] INFO  impl.LeaderElection (LeaderElection.java:askForVotes(182)) - 921dbd79-5e7d-43e7-a946-6392aa4a26bd@group-CA0E9D9BFF24:LeaderElection14: begin an election at term 1 for -1: [921dbd79-5e7d-43e7-a946-6392aa4a26bd:192.168.164.238:34388], old=null
2019-09-26 13:29:19,367 [921dbd79-5e7d-43e7-a946-6392aa4a26bd@group-CA0E9D9BFF24:LeaderElection14] INFO  impl.RoleInfo (RoleInfo.java:shutdownLeaderElection(134)) - 921dbd79-5e7d-43e7-a946-6392aa4a26bd: shutdown LeaderElection
2019-09-26 13:29:19,367 [921dbd79-5e7d-43e7-a946-6392aa4a26bd@group-CA0E9D9BFF24:LeaderElection14] INFO  impl.RaftServerImpl (RaftServerImpl.java:setRole(174)) - 921dbd79-5e7d-43e7-a946-6392aa4a26bd@group-CA0E9D9BFF24: changes role from CANDIDATE to LEADER at term 1 for changeToLeader
2019-09-26 13:29:19,368 [921dbd79-5e7d-43e7-a946-6392aa4a26bd@group-CA0E9D9BFF24:LeaderElection14] INFO  impl.RaftServerImpl (ServerState.java:setLeader(253)) - 921dbd79-5e7d-43e7-a946-6392aa4a26bd@group-CA0E9D9BFF24: change Leader from null to 921dbd79-5e7d-43e7-a946-6392aa4a26bd at term 1 for becomeLeader, leader elected after 5185ms
2019-09-26 13:29:19,368 [921dbd79-5e7d-43e7-a946-6392aa4a26bd@group-CA0E9D9BFF24:LeaderElection14] INFO  server.RaftServerConfigKeys (ConfUtils.java:logGet(43)) - raft.server.staging.catchup.gap = 1000 (default)
2019-09-26 13:29:19,368 [921dbd79-5e7d-43e7-a946-6392aa4a26bd@group-CA0E9D9BFF24:LeaderElection14] INFO  server.RaftServerConfigKeys (ConfUtils.java:logGet(43)) - raft.server.rpc.sleep.time = 25ms (default)
2019-09-26 13:29:19,368 [921dbd79-5e7d-43e7-a946-6392aa4a26bd@group-CA0E9D9BFF24:LeaderElection14] INFO  server.RaftServerConfigKeys (ConfUtils.java:logGet(43)) - raft.server.write.element-limit = 4096 (default)
2019-09-26 13:29:19,368 [921dbd79-5e7d-43e7-a946-6392aa4a26bd@group-CA0E9D9BFF24:LeaderElection14] INFO  server.RaftServerConfigKeys (ConfUtils.java:logGet(43)) - raft.server.watch.timeout = 10s (default)
2019-09-26 13:29:19,380 [921dbd79-5e7d-43e7-a946-6392aa4a26bd@group-CA0E9D9BFF24:LeaderElection14] INFO  server.RaftServerConfigKeys (ConfUtils.java:logGet(43)) - raft.server.watch.timeout.denomination = 1s (default)
2019-09-26 13:29:19,383 [6bbb30bf-68fb-49c7-a700-39ca06a4595f@group-2BB88B1746B1:LeaderElection15] INFO  impl.LeaderElection (LeaderElection.java:askForVotes(182)) - 6bbb30bf-68fb-49c7-a700-39ca06a4595f@group-2BB88B1746B1:LeaderElection15: begin an election at term 1 for -1: [6bbb30bf-68fb-49c7-a700-39ca06a4595f:192.168.164.238:44498], old=null
2019-09-26 13:29:19,384 [921dbd79-5e7d-43e7-a946-6392aa4a26bd@group-CA0E9D9BFF24:LeaderElection14] INFO  server.RaftServerConfigKeys (ConfUtils.java:logGet(43)) - raft.server.watch.element-limit = 65536 (default)
2019-09-26 13:29:19,384 [6bbb30bf-68fb-49c7-a700-39ca06a4595f@group-2BB88B1746B1:LeaderElection15] INFO  impl.RoleInfo (RoleInfo.java:shutdownLeaderElection(134)) - 6bbb30bf-68fb-49c7-a700-39ca06a4595f: shutdown LeaderElection
2019-09-26 13:29:19,384 [6bbb30bf-68fb-49c7-a700-39ca06a4595f@group-2BB88B1746B1:LeaderElection15] INFO  impl.RaftServerImpl (RaftServerImpl.java:setRole(174)) - 6bbb30bf-68fb-49c7-a700-39ca06a4595f@group-2BB88B1746B1: changes role from CANDIDATE to LEADER at term 1 for changeToLeader
2019-09-26 13:29:19,384 [6bbb30bf-68fb-49c7-a700-39ca06a4595f@group-2BB88B1746B1:LeaderElection15] INFO  impl.RaftServerImpl (ServerState.java:setLeader(253)) - 6bbb30bf-68fb-49c7-a700-39ca06a4595f@group-2BB88B1746B1: change Leader from null to 6bbb30bf-68fb-49c7-a700-39ca06a4595f at term 1 for becomeLeader, leader elected after 5124ms
2019-09-26 13:29:19,384 [6bbb30bf-68fb-49c7-a700-39ca06a4595f@group-2BB88B1746B1:LeaderElection15] INFO  server.RaftServerConfigKeys (ConfUtils.java:logGet(43)) - raft.server.staging.catchup.gap = 1000 (default)
2019-09-26 13:29:19,384 [6bbb30bf-68fb-49c7-a700-39ca06a4595f@group-2BB88B1746B1:LeaderElection15] INFO  server.RaftServerConfigKeys (ConfUtils.java:logGet(43)) - raft.server.rpc.sleep.time = 25ms (default)
2019-09-26 13:29:19,384 [6bbb30bf-68fb-49c7-a700-39ca06a4595f@group-2BB88B1746B1:LeaderElection15] INFO  server.RaftServerConfigKeys (ConfUtils.java:logGet(43)) - raft.server.write.element-limit = 4096 (default)
2019-09-26 13:29:19,384 [6bbb30bf-68fb-49c7-a700-39ca06a4595f@group-2BB88B1746B1:LeaderElection15] INFO  server.RaftServerConfigKeys (ConfUtils.java:logGet(43)) - raft.server.watch.timeout = 10s (default)
2019-09-26 13:29:19,384 [6bbb30bf-68fb-49c7-a700-39ca06a4595f@group-2BB88B1746B1:LeaderElection15] INFO  server.RaftServerConfigKeys (ConfUtils.java:logGet(43)) - raft.server.watch.timeout.denomination = 1s (default)
2019-09-26 13:29:19,384 [6bbb30bf-68fb-49c7-a700-39ca06a4595f@group-2BB88B1746B1:LeaderElection15] INFO  server.RaftServerConfigKeys (ConfUtils.java:logGet(43)) - raft.server.watch.element-limit = 65536 (default)
2019-09-26 13:29:19,386 [921dbd79-5e7d-43e7-a946-6392aa4a26bd@group-CA0E9D9BFF24:LeaderElection14] INFO  impl.RoleInfo (RoleInfo.java:updateAndGet(143)) - 921dbd79-5e7d-43e7-a946-6392aa4a26bd: start LeaderState
2019-09-26 13:29:19,387 [921dbd79-5e7d-43e7-a946-6392aa4a26bd@group-CA0E9D9BFF24:LeaderElection14] INFO  segmented.SegmentedRaftLogWorker (SegmentedRaftLogWorker.java:startLogSegment(380)) - 921dbd79-5e7d-43e7-a946-6392aa4a26bd@group-CA0E9D9BFF24-SegmentedRaftLogWorker: Starting segment from index:0
2019-09-26 13:29:19,387 [6bbb30bf-68fb-49c7-a700-39ca06a4595f@group-2BB88B1746B1:LeaderElection15] INFO  impl.RoleInfo (RoleInfo.java:updateAndGet(143)) - 6bbb30bf-68fb-49c7-a700-39ca06a4595f: start LeaderState
2019-09-26 13:29:19,387 [6bbb30bf-68fb-49c7-a700-39ca06a4595f@group-2BB88B1746B1:LeaderElection15] INFO  segmented.SegmentedRaftLogWorker (SegmentedRaftLogWorker.java:startLogSegment(380)) - 6bbb30bf-68fb-49c7-a700-39ca06a4595f@group-2BB88B1746B1-SegmentedRaftLogWorker: Starting segment from index:0
2019-09-26 13:29:19,387 [921dbd79-5e7d-43e7-a946-6392aa4a26bd@group-CA0E9D9BFF24:LeaderElection14] INFO  impl.RaftServerImpl (ServerState.java:setRaftConf(354)) - 921dbd79-5e7d-43e7-a946-6392aa4a26bd@group-CA0E9D9BFF24: set configuration 0: [921dbd79-5e7d-43e7-a946-6392aa4a26bd:192.168.164.238:34388], old=null at 0
2019-09-26 13:29:19,413 [6bbb30bf-68fb-49c7-a700-39ca06a4595f@group-2BB88B1746B1:LeaderElection15] INFO  impl.RaftServerImpl (ServerState.java:setRaftConf(354)) - 6bbb30bf-68fb-49c7-a700-39ca06a4595f@group-2BB88B1746B1: set configuration 0: [6bbb30bf-68fb-49c7-a700-39ca06a4595f:192.168.164.238:44498], old=null at 0
2019-09-26 13:29:19,437 [921dbd79-5e7d-43e7-a946-6392aa4a26bd@group-CA0E9D9BFF24-SegmentedRaftLogWorker] INFO  segmented.SegmentedRaftLogWorker (SegmentedRaftLogWorker.java:execute(569)) - 921dbd79-5e7d-43e7-a946-6392aa4a26bd@group-CA0E9D9BFF24-SegmentedRaftLogWorker: created new log segment /workdir/hadoop-ozone/ozonefs/target/test-dir/MiniOzoneClusterImpl-8b6a8972-8eda-4f33-b3cf-a560ba2c5b87/datanode-1/data/ratis/c23538bf-5738-4b3b-9bb0-ca0e9d9bff24/current/log_inprogress_0
2019-09-26 13:29:19,437 [84fdec62-d817-45bb-98fc-971264b4d85b@group-6BEFA130DB60-SegmentedRaftLogWorker] INFO  segmented.SegmentedRaftLogWorker (SegmentedRaftLogWorker.java:execute(569)) - 84fdec62-d817-45bb-98fc-971264b4d85b@group-6BEFA130DB60-SegmentedRaftLogWorker: created new log segment /workdir/hadoop-ozone/ozonefs/target/test-dir/MiniOzoneClusterImpl-8b6a8972-8eda-4f33-b3cf-a560ba2c5b87/datanode-2/data/ratis/d0bf46b8-555e-412c-ae77-6befa130db60/current/log_inprogress_0
2019-09-26 13:29:19,441 [6bbb30bf-68fb-49c7-a700-39ca06a4595f@group-2BB88B1746B1-SegmentedRaftLogWorker] INFO  segmented.SegmentedRaftLogWorker (SegmentedRaftLogWorker.java:execute(569)) - 6bbb30bf-68fb-49c7-a700-39ca06a4595f@group-2BB88B1746B1-SegmentedRaftLogWorker: created new log segment /workdir/hadoop-ozone/ozonefs/target/test-dir/MiniOzoneClusterImpl-8b6a8972-8eda-4f33-b3cf-a560ba2c5b87/datanode-3/data/ratis/561949d0-7e79-47a7-a4a6-2bb88b1746b1/current/log_inprogress_0
2019-09-26 13:29:19,504 [Thread-334] INFO  impl.FollowerState (FollowerState.java:run(106)) - 921dbd79-5e7d-43e7-a946-6392aa4a26bd:group-F9CCE9B6E43C changes to CANDIDATE, lastRpcTime:5109, electionTimeout:5109ms
2019-09-26 13:29:19,505 [Thread-334] INFO  impl.RoleInfo (RoleInfo.java:shutdownFollowerState(121)) - 921dbd79-5e7d-43e7-a946-6392aa4a26bd: shutdown FollowerState
2019-09-26 13:29:19,505 [Thread-334] INFO  impl.RaftServerImpl (RaftServerImpl.java:setRole(174)) - 921dbd79-5e7d-43e7-a946-6392aa4a26bd@group-F9CCE9B6E43C: changes role from  FOLLOWER to CANDIDATE at term 0 for changeToCandidate
2019-09-26 13:29:19,505 [Thread-334] INFO  impl.RoleInfo (RoleInfo.java:updateAndGet(143)) - 921dbd79-5e7d-43e7-a946-6392aa4a26bd: start LeaderElection
2019-09-26 13:29:19,520 [Thread-331] INFO  impl.FollowerState (FollowerState.java:run(106)) - 921dbd79-5e7d-43e7-a946-6392aa4a26bd:group-D24318E23051 changes to CANDIDATE, lastRpcTime:5177, electionTimeout:5177ms
2019-09-26 13:29:19,520 [Thread-331] INFO  impl.RoleInfo (RoleInfo.java:shutdownFollowerState(121)) - 921dbd79-5e7d-43e7-a946-6392aa4a26bd: shutdown FollowerState
2019-09-26 13:29:19,520 [Thread-331] INFO  impl.RaftServerImpl (RaftServerImpl.java:setRole(174)) - 921dbd79-5e7d-43e7-a946-6392aa4a26bd@group-D24318E23051: changes role from  FOLLOWER to CANDIDATE at term 0 for changeToCandidate
2019-09-26 13:29:19,520 [Thread-331] INFO  impl.RoleInfo (RoleInfo.java:updateAndGet(143)) - 921dbd79-5e7d-43e7-a946-6392aa4a26bd: start LeaderElection
2019-09-26 13:29:19,528 [921dbd79-5e7d-43e7-a946-6392aa4a26bd@group-F9CCE9B6E43C:LeaderElection16] INFO  impl.LeaderElection (LeaderElection.java:askForVotes(182)) - 921dbd79-5e7d-43e7-a946-6392aa4a26bd@group-F9CCE9B6E43C:LeaderElection16: begin an election at term 1 for -1: [921dbd79-5e7d-43e7-a946-6392aa4a26bd:192.168.164.238:34388], old=null
2019-09-26 13:29:19,528 [921dbd79-5e7d-43e7-a946-6392aa4a26bd@group-F9CCE9B6E43C:LeaderElection16] INFO  impl.RoleInfo (RoleInfo.java:shutdownLeaderElection(134)) - 921dbd79-5e7d-43e7-a946-6392aa4a26bd: shutdown LeaderElection
2019-09-26 13:29:19,529 [921dbd79-5e7d-43e7-a946-6392aa4a26bd@group-F9CCE9B6E43C:LeaderElection16] INFO  impl.RaftServerImpl (RaftServerImpl.java:setRole(174)) - 921dbd79-5e7d-43e7-a946-6392aa4a26bd@group-F9CCE9B6E43C: changes role from CANDIDATE to LEADER at term 1 for changeToLeader
2019-09-26 13:29:19,529 [921dbd79-5e7d-43e7-a946-6392aa4a26bd@group-F9CCE9B6E43C:LeaderElection16] INFO  impl.RaftServerImpl (ServerState.java:setLeader(253)) - 921dbd79-5e7d-43e7-a946-6392aa4a26bd@group-F9CCE9B6E43C: change Leader from null to 921dbd79-5e7d-43e7-a946-6392aa4a26bd at term 1 for becomeLeader, leader elected after 5139ms
2019-09-26 13:29:19,529 [921dbd79-5e7d-43e7-a946-6392aa4a26bd@group-F9CCE9B6E43C:LeaderElection16] INFO  server.RaftServerConfigKeys (ConfUtils.java:logGet(43)) - raft.server.staging.catchup.gap = 1000 (default)
2019-09-26 13:29:19,529 [921dbd79-5e7d-43e7-a946-6392aa4a26bd@group-F9CCE9B6E43C:LeaderElection16] INFO  server.RaftServerConfigKeys (ConfUtils.java:logGet(43)) - raft.server.rpc.sleep.time = 25ms (default)
2019-09-26 13:29:19,529 [921dbd79-5e7d-43e7-a946-6392aa4a26bd@group-F9CCE9B6E43C:LeaderElection16] INFO  server.RaftServerConfigKeys (ConfUtils.java:logGet(43)) - raft.server.write.element-limit = 4096 (default)
2019-09-26 13:29:19,529 [921dbd79-5e7d-43e7-a946-6392aa4a26bd@group-F9CCE9B6E43C:LeaderElection16] INFO  server.RaftServerConfigKeys (ConfUtils.java:logGet(43)) - raft.server.watch.timeout = 10s (default)
2019-09-26 13:29:19,529 [921dbd79-5e7d-43e7-a946-6392aa4a26bd@group-F9CCE9B6E43C:LeaderElection16] INFO  server.RaftServerConfigKeys (ConfUtils.java:logGet(43)) - raft.server.watch.timeout.denomination = 1s (default)
2019-09-26 13:29:19,530 [921dbd79-5e7d-43e7-a946-6392aa4a26bd@group-F9CCE9B6E43C:LeaderElection16] INFO  server.RaftServerConfigKeys (ConfUtils.java:logGet(43)) - raft.server.watch.element-limit = 65536 (default)
2019-09-26 13:29:19,530 [921dbd79-5e7d-43e7-a946-6392aa4a26bd@group-D24318E23051:LeaderElection17] INFO  impl.LeaderElection (LeaderElection.java:askForVotes(182)) - 921dbd79-5e7d-43e7-a946-6392aa4a26bd@group-D24318E23051:LeaderElection17: begin an election at term 1 for -1: [921dbd79-5e7d-43e7-a946-6392aa4a26bd:192.168.164.238:34388], old=null
2019-09-26 13:29:19,530 [921dbd79-5e7d-43e7-a946-6392aa4a26bd@group-D24318E23051:LeaderElection17] INFO  impl.RoleInfo (RoleInfo.java:shutdownLeaderElection(134)) - 921dbd79-5e7d-43e7-a946-6392aa4a26bd: shutdown LeaderElection
2019-09-26 13:29:19,530 [921dbd79-5e7d-43e7-a946-6392aa4a26bd@group-D24318E23051:LeaderElection17] INFO  impl.RaftServerImpl (RaftServerImpl.java:setRole(174)) - 921dbd79-5e7d-43e7-a946-6392aa4a26bd@group-D24318E23051: changes role from CANDIDATE to LEADER at term 1 for changeToLeader
2019-09-26 13:29:19,530 [921dbd79-5e7d-43e7-a946-6392aa4a26bd@group-D24318E23051:LeaderElection17] INFO  impl.RaftServerImpl (ServerState.java:setLeader(253)) - 921dbd79-5e7d-43e7-a946-6392aa4a26bd@group-D24318E23051: change Leader from null to 921dbd79-5e7d-43e7-a946-6392aa4a26bd at term 1 for becomeLeader, leader elected after 5195ms
2019-09-26 13:29:19,530 [921dbd79-5e7d-43e7-a946-6392aa4a26bd@group-D24318E23051:LeaderElection17] INFO  server.RaftServerConfigKeys (ConfUtils.java:logGet(43)) - raft.server.staging.catchup.gap = 1000 (default)
2019-09-26 13:29:19,531 [921dbd79-5e7d-43e7-a946-6392aa4a26bd@group-D24318E23051:LeaderElection17] INFO  server.RaftServerConfigKeys (ConfUtils.java:logGet(43)) - raft.server.rpc.sleep.time = 25ms (default)
2019-09-26 13:29:19,531 [921dbd79-5e7d-43e7-a946-6392aa4a26bd@group-D24318E23051:LeaderElection17] INFO  server.RaftServerConfigKeys (ConfUtils.java:logGet(43)) - raft.server.write.element-limit = 4096 (default)
2019-09-26 13:29:19,531 [921dbd79-5e7d-43e7-a946-6392aa4a26bd@group-D24318E23051:LeaderElection17] INFO  server.RaftServerConfigKeys (ConfUtils.java:logGet(43)) - raft.server.watch.timeout = 10s (default)
2019-09-26 13:29:19,531 [921dbd79-5e7d-43e7-a946-6392aa4a26bd@group-D24318E23051:LeaderElection17] INFO  server.RaftServerConfigKeys (ConfUtils.java:logGet(43)) - raft.server.watch.timeout.denomination = 1s (default)
2019-09-26 13:29:19,531 [921dbd79-5e7d-43e7-a946-6392aa4a26bd@group-D24318E23051:LeaderElection17] INFO  server.RaftServerConfigKeys (ConfUtils.java:logGet(43)) - raft.server.watch.element-limit = 65536 (default)
2019-09-26 13:29:19,533 [921dbd79-5e7d-43e7-a946-6392aa4a26bd@group-F9CCE9B6E43C:LeaderElection16] INFO  impl.RoleInfo (RoleInfo.java:updateAndGet(143)) - 921dbd79-5e7d-43e7-a946-6392aa4a26bd: start LeaderState
2019-09-26 13:29:19,533 [921dbd79-5e7d-43e7-a946-6392aa4a26bd@group-F9CCE9B6E43C:LeaderElection16] INFO  segmented.SegmentedRaftLogWorker (SegmentedRaftLogWorker.java:startLogSegment(380)) - 921dbd79-5e7d-43e7-a946-6392aa4a26bd@group-F9CCE9B6E43C-SegmentedRaftLogWorker: Starting segment from index:0
2019-09-26 13:29:19,534 [921dbd79-5e7d-43e7-a946-6392aa4a26bd@group-D24318E23051:LeaderElection17] INFO  impl.RoleInfo (RoleInfo.java:updateAndGet(143)) - 921dbd79-5e7d-43e7-a946-6392aa4a26bd: start LeaderState
2019-09-26 13:29:19,534 [921dbd79-5e7d-43e7-a946-6392aa4a26bd@group-D24318E23051:LeaderElection17] INFO  segmented.SegmentedRaftLogWorker (SegmentedRaftLogWorker.java:startLogSegment(380)) - 921dbd79-5e7d-43e7-a946-6392aa4a26bd@group-D24318E23051-SegmentedRaftLogWorker: Starting segment from index:0
2019-09-26 13:29:19,534 [921dbd79-5e7d-43e7-a946-6392aa4a26bd@group-F9CCE9B6E43C:LeaderElection16] INFO  impl.RaftServerImpl (ServerState.java:setRaftConf(354)) - 921dbd79-5e7d-43e7-a946-6392aa4a26bd@group-F9CCE9B6E43C: set configuration 0: [921dbd79-5e7d-43e7-a946-6392aa4a26bd:192.168.164.238:34388], old=null at 0
2019-09-26 13:29:19,564 [921dbd79-5e7d-43e7-a946-6392aa4a26bd@group-D24318E23051:LeaderElection17] INFO  impl.RaftServerImpl (ServerState.java:setRaftConf(354)) - 921dbd79-5e7d-43e7-a946-6392aa4a26bd@group-D24318E23051: set configuration 0: [921dbd79-5e7d-43e7-a946-6392aa4a26bd:192.168.164.238:34388], old=null at 0
2019-09-26 13:29:19,590 [921dbd79-5e7d-43e7-a946-6392aa4a26bd@group-F9CCE9B6E43C-SegmentedRaftLogWorker] INFO  segmented.SegmentedRaftLogWorker (SegmentedRaftLogWorker.java:execute(569)) - 921dbd79-5e7d-43e7-a946-6392aa4a26bd@group-F9CCE9B6E43C-SegmentedRaftLogWorker: created new log segment /workdir/hadoop-ozone/ozonefs/target/test-dir/MiniOzoneClusterImpl-8b6a8972-8eda-4f33-b3cf-a560ba2c5b87/datanode-1/data/ratis/3c3023bd-1f7e-4a30-9afd-f9cce9b6e43c/current/log_inprogress_0
2019-09-26 13:29:19,590 [Thread-337] INFO  impl.FollowerState (FollowerState.java:run(106)) - 8cfabaed-6bfa-4340-a894-a45e2e16f787:group-E4C2271F0460 changes to CANDIDATE, lastRpcTime:5145, electionTimeout:5119ms
2019-09-26 13:29:19,590 [Thread-341] INFO  impl.FollowerState (FollowerState.java:run(106)) - 84fdec62-d817-45bb-98fc-971264b4d85b:group-432C78D1522D changes to CANDIDATE, lastRpcTime:5066, electionTimeout:5049ms
2019-09-26 13:29:19,590 [Thread-337] INFO  impl.RoleInfo (RoleInfo.java:shutdownFollowerState(121)) - 8cfabaed-6bfa-4340-a894-a45e2e16f787: shutdown FollowerState
2019-09-26 13:29:19,590 [Thread-341] INFO  impl.RoleInfo (RoleInfo.java:shutdownFollowerState(121)) - 84fdec62-d817-45bb-98fc-971264b4d85b: shutdown FollowerState
2019-09-26 13:29:19,590 [Thread-337] INFO  impl.RaftServerImpl (RaftServerImpl.java:setRole(174)) - 8cfabaed-6bfa-4340-a894-a45e2e16f787@group-E4C2271F0460: changes role from  FOLLOWER to CANDIDATE at term 0 for changeToCandidate
2019-09-26 13:29:19,590 [Thread-341] INFO  impl.RaftServerImpl (RaftServerImpl.java:setRole(174)) - 84fdec62-d817-45bb-98fc-971264b4d85b@group-432C78D1522D: changes role from  FOLLOWER to CANDIDATE at term 0 for changeToCandidate
2019-09-26 13:29:19,591 [Thread-337] INFO  impl.RoleInfo (RoleInfo.java:updateAndGet(143)) - 8cfabaed-6bfa-4340-a894-a45e2e16f787: start LeaderElection
2019-09-26 13:29:19,591 [Thread-341] INFO  impl.RoleInfo (RoleInfo.java:updateAndGet(143)) - 84fdec62-d817-45bb-98fc-971264b4d85b: start LeaderElection
2019-09-26 13:29:19,603 [921dbd79-5e7d-43e7-a946-6392aa4a26bd@group-D24318E23051-SegmentedRaftLogWorker] INFO  segmented.SegmentedRaftLogWorker (SegmentedRaftLogWorker.java:execute(569)) - 921dbd79-5e7d-43e7-a946-6392aa4a26bd@group-D24318E23051-SegmentedRaftLogWorker: created new log segment /workdir/hadoop-ozone/ozonefs/target/test-dir/MiniOzoneClusterImpl-8b6a8972-8eda-4f33-b3cf-a560ba2c5b87/datanode-1/data/ratis/2e76a8a1-1684-41b2-a3c3-d24318e23051/current/log_inprogress_0
2019-09-26 13:29:19,606 [84fdec62-d817-45bb-98fc-971264b4d85b@group-432C78D1522D:LeaderElection19] INFO  impl.LeaderElection (LeaderElection.java:askForVotes(182)) - 84fdec62-d817-45bb-98fc-971264b4d85b@group-432C78D1522D:LeaderElection19: begin an election at term 1 for -1: [84fdec62-d817-45bb-98fc-971264b4d85b:192.168.164.238:44616], old=null
2019-09-26 13:29:19,606 [8cfabaed-6bfa-4340-a894-a45e2e16f787@group-E4C2271F0460:LeaderElection18] INFO  impl.LeaderElection (LeaderElection.java:askForVotes(182)) - 8cfabaed-6bfa-4340-a894-a45e2e16f787@group-E4C2271F0460:LeaderElection18: begin an election at term 1 for -1: [8cfabaed-6bfa-4340-a894-a45e2e16f787:192.168.164.238:43170], old=null
2019-09-26 13:29:19,607 [84fdec62-d817-45bb-98fc-971264b4d85b@group-432C78D1522D:LeaderElection19] INFO  impl.RoleInfo (RoleInfo.java:shutdownLeaderElection(134)) - 84fdec62-d817-45bb-98fc-971264b4d85b: shutdown LeaderElection
2019-09-26 13:29:19,607 [8cfabaed-6bfa-4340-a894-a45e2e16f787@group-E4C2271F0460:LeaderElection18] INFO  impl.RoleInfo (RoleInfo.java:shutdownLeaderElection(134)) - 8cfabaed-6bfa-4340-a894-a45e2e16f787: shutdown LeaderElection
2019-09-26 13:29:19,607 [84fdec62-d817-45bb-98fc-971264b4d85b@group-432C78D1522D:LeaderElection19] INFO  impl.RaftServerImpl (RaftServerImpl.java:setRole(174)) - 84fdec62-d817-45bb-98fc-971264b4d85b@group-432C78D1522D: changes role from CANDIDATE to LEADER at term 1 for changeToLeader
2019-09-26 13:29:19,607 [8cfabaed-6bfa-4340-a894-a45e2e16f787@group-E4C2271F0460:LeaderElection18] INFO  impl.RaftServerImpl (RaftServerImpl.java:setRole(174)) - 8cfabaed-6bfa-4340-a894-a45e2e16f787@group-E4C2271F0460: changes role from CANDIDATE to LEADER at term 1 for changeToLeader
2019-09-26 13:29:19,607 [84fdec62-d817-45bb-98fc-971264b4d85b@group-432C78D1522D:LeaderElection19] INFO  impl.RaftServerImpl (ServerState.java:setLeader(253)) - 84fdec62-d817-45bb-98fc-971264b4d85b@group-432C78D1522D: change Leader from null to 84fdec62-d817-45bb-98fc-971264b4d85b at term 1 for becomeLeader, leader elected after 5097ms
2019-09-26 13:29:19,607 [8cfabaed-6bfa-4340-a894-a45e2e16f787@group-E4C2271F0460:LeaderElection18] INFO  impl.RaftServerImpl (ServerState.java:setLeader(253)) - 8cfabaed-6bfa-4340-a894-a45e2e16f787@group-E4C2271F0460: change Leader from null to 8cfabaed-6bfa-4340-a894-a45e2e16f787 at term 1 for becomeLeader, leader elected after 5171ms
2019-09-26 13:29:19,607 [84fdec62-d817-45bb-98fc-971264b4d85b@group-432C78D1522D:LeaderElection19] INFO  server.RaftServerConfigKeys (ConfUtils.java:logGet(43)) - raft.server.staging.catchup.gap = 1000 (default)
2019-09-26 13:29:19,607 [8cfabaed-6bfa-4340-a894-a45e2e16f787@group-E4C2271F0460:LeaderElection18] INFO  server.RaftServerConfigKeys (ConfUtils.java:logGet(43)) - raft.server.staging.catchup.gap = 1000 (default)
2019-09-26 13:29:19,607 [84fdec62-d817-45bb-98fc-971264b4d85b@group-432C78D1522D:LeaderElection19] INFO  server.RaftServerConfigKeys (ConfUtils.java:logGet(43)) - raft.server.rpc.sleep.time = 25ms (default)
2019-09-26 13:29:19,607 [8cfabaed-6bfa-4340-a894-a45e2e16f787@group-E4C2271F0460:LeaderElection18] INFO  server.RaftServerConfigKeys (ConfUtils.java:logGet(43)) - raft.server.rpc.sleep.time = 25ms (default)
2019-09-26 13:29:19,608 [84fdec62-d817-45bb-98fc-971264b4d85b@group-432C78D1522D:LeaderElection19] INFO  server.RaftServerConfigKeys (ConfUtils.java:logGet(43)) - raft.server.write.element-limit = 4096 (default)
2019-09-26 13:29:19,608 [8cfabaed-6bfa-4340-a894-a45e2e16f787@group-E4C2271F0460:LeaderElection18] INFO  server.RaftServerConfigKeys (ConfUtils.java:logGet(43)) - raft.server.write.element-limit = 4096 (default)
2019-09-26 13:29:19,608 [84fdec62-d817-45bb-98fc-971264b4d85b@group-432C78D1522D:LeaderElection19] INFO  server.RaftServerConfigKeys (ConfUtils.java:logGet(43)) - raft.server.watch.timeout = 10s (default)
2019-09-26 13:29:19,608 [8cfabaed-6bfa-4340-a894-a45e2e16f787@group-E4C2271F0460:LeaderElection18] INFO  server.RaftServerConfigKeys (ConfUtils.java:logGet(43)) - raft.server.watch.timeout = 10s (default)
2019-09-26 13:29:19,608 [84fdec62-d817-45bb-98fc-971264b4d85b@group-432C78D1522D:LeaderElection19] INFO  server.RaftServerConfigKeys (ConfUtils.java:logGet(43)) - raft.server.watch.timeout.denomination = 1s (default)
2019-09-26 13:29:19,608 [8cfabaed-6bfa-4340-a894-a45e2e16f787@group-E4C2271F0460:LeaderElection18] INFO  server.RaftServerConfigKeys (ConfUtils.java:logGet(43)) - raft.server.watch.timeout.denomination = 1s (default)
2019-09-26 13:29:19,608 [84fdec62-d817-45bb-98fc-971264b4d85b@group-432C78D1522D:LeaderElection19] INFO  server.RaftServerConfigKeys (ConfUtils.java:logGet(43)) - raft.server.watch.element-limit = 65536 (default)
2019-09-26 13:29:19,608 [8cfabaed-6bfa-4340-a894-a45e2e16f787@group-E4C2271F0460:LeaderElection18] INFO  server.RaftServerConfigKeys (ConfUtils.java:logGet(43)) - raft.server.watch.element-limit = 65536 (default)
2019-09-26 13:29:19,611 [84fdec62-d817-45bb-98fc-971264b4d85b@group-432C78D1522D:LeaderElection19] INFO  impl.RoleInfo (RoleInfo.java:updateAndGet(143)) - 84fdec62-d817-45bb-98fc-971264b4d85b: start LeaderState
2019-09-26 13:29:19,611 [84fdec62-d817-45bb-98fc-971264b4d85b@group-432C78D1522D:LeaderElection19] INFO  segmented.SegmentedRaftLogWorker (SegmentedRaftLogWorker.java:startLogSegment(380)) - 84fdec62-d817-45bb-98fc-971264b4d85b@group-432C78D1522D-SegmentedRaftLogWorker: Starting segment from index:0
2019-09-26 13:29:19,611 [8cfabaed-6bfa-4340-a894-a45e2e16f787@group-E4C2271F0460:LeaderElection18] INFO  impl.RoleInfo (RoleInfo.java:updateAndGet(143)) - 8cfabaed-6bfa-4340-a894-a45e2e16f787: start LeaderState
2019-09-26 13:29:19,612 [8cfabaed-6bfa-4340-a894-a45e2e16f787@group-E4C2271F0460:LeaderElection18] INFO  segmented.SegmentedRaftLogWorker (SegmentedRaftLogWorker.java:startLogSegment(380)) - 8cfabaed-6bfa-4340-a894-a45e2e16f787@group-E4C2271F0460-SegmentedRaftLogWorker: Starting segment from index:0
2019-09-26 13:29:19,612 [84fdec62-d817-45bb-98fc-971264b4d85b@group-432C78D1522D:LeaderElection19] INFO  impl.RaftServerImpl (ServerState.java:setRaftConf(354)) - 84fdec62-d817-45bb-98fc-971264b4d85b@group-432C78D1522D: set configuration 0: [84fdec62-d817-45bb-98fc-971264b4d85b:192.168.164.238:44616], old=null at 0
2019-09-26 13:29:19,638 [8cfabaed-6bfa-4340-a894-a45e2e16f787@group-E4C2271F0460:LeaderElection18] INFO  impl.RaftServerImpl (ServerState.java:setRaftConf(354)) - 8cfabaed-6bfa-4340-a894-a45e2e16f787@group-E4C2271F0460: set configuration 0: [8cfabaed-6bfa-4340-a894-a45e2e16f787:192.168.164.238:43170], old=null at 0
2019-09-26 13:29:19,664 [84fdec62-d817-45bb-98fc-971264b4d85b@group-432C78D1522D-SegmentedRaftLogWorker] INFO  segmented.SegmentedRaftLogWorker (SegmentedRaftLogWorker.java:execute(569)) - 84fdec62-d817-45bb-98fc-971264b4d85b@group-432C78D1522D-SegmentedRaftLogWorker: created new log segment /workdir/hadoop-ozone/ozonefs/target/test-dir/MiniOzoneClusterImpl-8b6a8972-8eda-4f33-b3cf-a560ba2c5b87/datanode-2/data/ratis/795845db-b5ab-4c8e-81aa-432c78d1522d/current/log_inprogress_0
2019-09-26 13:29:19,669 [8cfabaed-6bfa-4340-a894-a45e2e16f787@group-E4C2271F0460-SegmentedRaftLogWorker] INFO  segmented.SegmentedRaftLogWorker (SegmentedRaftLogWorker.java:execute(569)) - 8cfabaed-6bfa-4340-a894-a45e2e16f787@group-E4C2271F0460-SegmentedRaftLogWorker: created new log segment /workdir/hadoop-ozone/ozonefs/target/test-dir/MiniOzoneClusterImpl-8b6a8972-8eda-4f33-b3cf-a560ba2c5b87/datanode-7/data/ratis/a36b035b-7033-47da-8651-e4c2271f0460/current/log_inprogress_0
2019-09-26 13:29:19,740 [Thread-345] INFO  impl.FollowerState (FollowerState.java:run(106)) - 6bbb30bf-68fb-49c7-a700-39ca06a4595f:group-DFAD47E31AE7 changes to CANDIDATE, lastRpcTime:5120, electionTimeout:5120ms
2019-09-26 13:29:19,740 [Thread-345] INFO  impl.RoleInfo (RoleInfo.java:shutdownFollowerState(121)) - 6bbb30bf-68fb-49c7-a700-39ca06a4595f: shutdown FollowerState
2019-09-26 13:29:19,740 [Thread-345] INFO  impl.RaftServerImpl (RaftServerImpl.java:setRole(174)) - 6bbb30bf-68fb-49c7-a700-39ca06a4595f@group-DFAD47E31AE7: changes role from  FOLLOWER to CANDIDATE at term 0 for changeToCandidate
2019-09-26 13:29:19,740 [Thread-345] INFO  impl.RoleInfo (RoleInfo.java:updateAndGet(143)) - 6bbb30bf-68fb-49c7-a700-39ca06a4595f: start LeaderElection
2019-09-26 13:29:19,788 [6bbb30bf-68fb-49c7-a700-39ca06a4595f@group-DFAD47E31AE7:LeaderElection20] INFO  impl.LeaderElection (LeaderElection.java:askForVotes(182)) - 6bbb30bf-68fb-49c7-a700-39ca06a4595f@group-DFAD47E31AE7:LeaderElection20: begin an election at term 1 for -1: [6bbb30bf-68fb-49c7-a700-39ca06a4595f:192.168.164.238:44498], old=null
2019-09-26 13:29:19,788 [6bbb30bf-68fb-49c7-a700-39ca06a4595f@group-DFAD47E31AE7:LeaderElection20] INFO  impl.RoleInfo (RoleInfo.java:shutdownLeaderElection(134)) - 6bbb30bf-68fb-49c7-a700-39ca06a4595f: shutdown LeaderElection
2019-09-26 13:29:19,788 [6bbb30bf-68fb-49c7-a700-39ca06a4595f@group-DFAD47E31AE7:LeaderElection20] INFO  impl.RaftServerImpl (RaftServerImpl.java:setRole(174)) - 6bbb30bf-68fb-49c7-a700-39ca06a4595f@group-DFAD47E31AE7: changes role from CANDIDATE to LEADER at term 1 for changeToLeader
2019-09-26 13:29:19,789 [6bbb30bf-68fb-49c7-a700-39ca06a4595f@group-DFAD47E31AE7:LeaderElection20] INFO  impl.RaftServerImpl (ServerState.java:setLeader(253)) - 6bbb30bf-68fb-49c7-a700-39ca06a4595f@group-DFAD47E31AE7: change Leader from null to 6bbb30bf-68fb-49c7-a700-39ca06a4595f at term 1 for becomeLeader, leader elected after 5181ms
2019-09-26 13:29:19,789 [6bbb30bf-68fb-49c7-a700-39ca06a4595f@group-DFAD47E31AE7:LeaderElection20] INFO  server.RaftServerConfigKeys (ConfUtils.java:logGet(43)) - raft.server.staging.catchup.gap = 1000 (default)
2019-09-26 13:29:19,789 [6bbb30bf-68fb-49c7-a700-39ca06a4595f@group-DFAD47E31AE7:LeaderElection20] INFO  server.RaftServerConfigKeys (ConfUtils.java:logGet(43)) - raft.server.rpc.sleep.time = 25ms (default)
2019-09-26 13:29:19,789 [6bbb30bf-68fb-49c7-a700-39ca06a4595f@group-DFAD47E31AE7:LeaderElection20] INFO  server.RaftServerConfigKeys (ConfUtils.java:logGet(43)) - raft.server.write.element-limit = 4096 (default)
2019-09-26 13:29:19,789 [6bbb30bf-68fb-49c7-a700-39ca06a4595f@group-DFAD47E31AE7:LeaderElection20] INFO  server.RaftServerConfigKeys (ConfUtils.java:logGet(43)) - raft.server.watch.timeout = 10s (default)
2019-09-26 13:29:19,789 [6bbb30bf-68fb-49c7-a700-39ca06a4595f@group-DFAD47E31AE7:LeaderElection20] INFO  server.RaftServerConfigKeys (ConfUtils.java:logGet(43)) - raft.server.watch.timeout.denomination = 1s (default)
2019-09-26 13:29:19,789 [6bbb30bf-68fb-49c7-a700-39ca06a4595f@group-DFAD47E31AE7:LeaderElection20] INFO  server.RaftServerConfigKeys (ConfUtils.java:logGet(43)) - raft.server.watch.element-limit = 65536 (default)
2019-09-26 13:29:19,793 [6bbb30bf-68fb-49c7-a700-39ca06a4595f@group-DFAD47E31AE7:LeaderElection20] INFO  impl.RoleInfo (RoleInfo.java:updateAndGet(143)) - 6bbb30bf-68fb-49c7-a700-39ca06a4595f: start LeaderState
2019-09-26 13:29:19,793 [6bbb30bf-68fb-49c7-a700-39ca06a4595f@group-DFAD47E31AE7:LeaderElection20] INFO  segmented.SegmentedRaftLogWorker (SegmentedRaftLogWorker.java:startLogSegment(380)) - 6bbb30bf-68fb-49c7-a700-39ca06a4595f@group-DFAD47E31AE7-SegmentedRaftLogWorker: Starting segment from index:0
2019-09-26 13:29:19,794 [6bbb30bf-68fb-49c7-a700-39ca06a4595f@group-DFAD47E31AE7:LeaderElection20] INFO  impl.RaftServerImpl (ServerState.java:setRaftConf(354)) - 6bbb30bf-68fb-49c7-a700-39ca06a4595f@group-DFAD47E31AE7: set configuration 0: [6bbb30bf-68fb-49c7-a700-39ca06a4595f:192.168.164.238:44498], old=null at 0
2019-09-26 13:29:19,842 [6bbb30bf-68fb-49c7-a700-39ca06a4595f@group-DFAD47E31AE7-SegmentedRaftLogWorker] INFO  segmented.SegmentedRaftLogWorker (SegmentedRaftLogWorker.java:execute(569)) - 6bbb30bf-68fb-49c7-a700-39ca06a4595f@group-DFAD47E31AE7-SegmentedRaftLogWorker: created new log segment /workdir/hadoop-ozone/ozonefs/target/test-dir/MiniOzoneClusterImpl-8b6a8972-8eda-4f33-b3cf-a560ba2c5b87/datanode-3/data/ratis/28ef5497-2d1a-492c-a8dc-dfad47e31ae7/current/log_inprogress_0
2019-09-26 13:29:19,874 [Thread-351] INFO  impl.FollowerState (FollowerState.java:run(106)) - 2bceee89-654d-4083-a39a-484f868bd9b7:group-E8189D1321A1 changes to CANDIDATE, lastRpcTime:5120, electionTimeout:5120ms
2019-09-26 13:29:19,875 [Thread-351] INFO  impl.RoleInfo (RoleInfo.java:shutdownFollowerState(121)) - 2bceee89-654d-4083-a39a-484f868bd9b7: shutdown FollowerState
2019-09-26 13:29:19,875 [Thread-351] INFO  impl.RaftServerImpl (RaftServerImpl.java:setRole(174)) - 2bceee89-654d-4083-a39a-484f868bd9b7@group-E8189D1321A1: changes role from  FOLLOWER to CANDIDATE at term 0 for changeToCandidate
2019-09-26 13:29:19,875 [Thread-351] INFO  impl.RoleInfo (RoleInfo.java:updateAndGet(143)) - 2bceee89-654d-4083-a39a-484f868bd9b7: start LeaderElection
2019-09-26 13:29:19,883 [2bceee89-654d-4083-a39a-484f868bd9b7@group-E8189D1321A1:LeaderElection21] INFO  impl.LeaderElection (LeaderElection.java:askForVotes(182)) - 2bceee89-654d-4083-a39a-484f868bd9b7@group-E8189D1321A1:LeaderElection21: begin an election at term 1 for -1: [2bceee89-654d-4083-a39a-484f868bd9b7:192.168.164.238:38284], old=null
2019-09-26 13:29:19,884 [2bceee89-654d-4083-a39a-484f868bd9b7@group-E8189D1321A1:LeaderElection21] INFO  impl.RoleInfo (RoleInfo.java:shutdownLeaderElection(134)) - 2bceee89-654d-4083-a39a-484f868bd9b7: shutdown LeaderElection
2019-09-26 13:29:19,884 [2bceee89-654d-4083-a39a-484f868bd9b7@group-E8189D1321A1:LeaderElection21] INFO  impl.RaftServerImpl (RaftServerImpl.java:setRole(174)) - 2bceee89-654d-4083-a39a-484f868bd9b7@group-E8189D1321A1: changes role from CANDIDATE to LEADER at term 1 for changeToLeader
2019-09-26 13:29:19,884 [2bceee89-654d-4083-a39a-484f868bd9b7@group-E8189D1321A1:LeaderElection21] INFO  impl.RaftServerImpl (ServerState.java:setLeader(253)) - 2bceee89-654d-4083-a39a-484f868bd9b7@group-E8189D1321A1: change Leader from null to 2bceee89-654d-4083-a39a-484f868bd9b7 at term 1 for becomeLeader, leader elected after 5134ms
2019-09-26 13:29:19,884 [2bceee89-654d-4083-a39a-484f868bd9b7@group-E8189D1321A1:LeaderElection21] INFO  server.RaftServerConfigKeys (ConfUtils.java:logGet(43)) - raft.server.staging.catchup.gap = 1000 (default)
2019-09-26 13:29:19,884 [2bceee89-654d-4083-a39a-484f868bd9b7@group-E8189D1321A1:LeaderElection21] INFO  server.RaftServerConfigKeys (ConfUtils.java:logGet(43)) - raft.server.rpc.sleep.time = 25ms (default)
2019-09-26 13:29:19,884 [2bceee89-654d-4083-a39a-484f868bd9b7@group-E8189D1321A1:LeaderElection21] INFO  server.RaftServerConfigKeys (ConfUtils.java:logGet(43)) - raft.server.write.element-limit = 4096 (default)
2019-09-26 13:29:19,884 [2bceee89-654d-4083-a39a-484f868bd9b7@group-E8189D1321A1:LeaderElection21] INFO  server.RaftServerConfigKeys (ConfUtils.java:logGet(43)) - raft.server.watch.timeout = 10s (default)
2019-09-26 13:29:19,885 [2bceee89-654d-4083-a39a-484f868bd9b7@group-E8189D1321A1:LeaderElection21] INFO  server.RaftServerConfigKeys (ConfUtils.java:logGet(43)) - raft.server.watch.timeout.denomination = 1s (default)
2019-09-26 13:29:19,885 [2bceee89-654d-4083-a39a-484f868bd9b7@group-E8189D1321A1:LeaderElection21] INFO  server.RaftServerConfigKeys (ConfUtils.java:logGet(43)) - raft.server.watch.element-limit = 65536 (default)
2019-09-26 13:29:19,887 [2bceee89-654d-4083-a39a-484f868bd9b7@group-E8189D1321A1:LeaderElection21] INFO  impl.RoleInfo (RoleInfo.java:updateAndGet(143)) - 2bceee89-654d-4083-a39a-484f868bd9b7: start LeaderState
2019-09-26 13:29:19,887 [2bceee89-654d-4083-a39a-484f868bd9b7@group-E8189D1321A1:LeaderElection21] INFO  segmented.SegmentedRaftLogWorker (SegmentedRaftLogWorker.java:startLogSegment(380)) - 2bceee89-654d-4083-a39a-484f868bd9b7@group-E8189D1321A1-SegmentedRaftLogWorker: Starting segment from index:0
2019-09-26 13:29:19,887 [2bceee89-654d-4083-a39a-484f868bd9b7@group-E8189D1321A1:LeaderElection21] INFO  impl.RaftServerImpl (ServerState.java:setRaftConf(354)) - 2bceee89-654d-4083-a39a-484f868bd9b7@group-E8189D1321A1: set configuration 0: [2bceee89-654d-4083-a39a-484f868bd9b7:192.168.164.238:38284], old=null at 0
2019-09-26 13:29:19,893 [Thread-348] INFO  impl.FollowerState (FollowerState.java:run(106)) - 84fdec62-d817-45bb-98fc-971264b4d85b:group-52B849B7C193 changes to CANDIDATE, lastRpcTime:5187, electionTimeout:5187ms
2019-09-26 13:29:19,893 [Thread-348] INFO  impl.RoleInfo (RoleInfo.java:shutdownFollowerState(121)) - 84fdec62-d817-45bb-98fc-971264b4d85b: shutdown FollowerState
2019-09-26 13:29:19,893 [Thread-348] INFO  impl.RaftServerImpl (RaftServerImpl.java:setRole(174)) - 84fdec62-d817-45bb-98fc-971264b4d85b@group-52B849B7C193: changes role from  FOLLOWER to CANDIDATE at term 0 for changeToCandidate
2019-09-26 13:29:19,893 [Thread-348] INFO  impl.RoleInfo (RoleInfo.java:updateAndGet(143)) - 84fdec62-d817-45bb-98fc-971264b4d85b: start LeaderElection
2019-09-26 13:29:19,933 [2bceee89-654d-4083-a39a-484f868bd9b7@group-E8189D1321A1-SegmentedRaftLogWorker] INFO  segmented.SegmentedRaftLogWorker (SegmentedRaftLogWorker.java:execute(569)) - 2bceee89-654d-4083-a39a-484f868bd9b7@group-E8189D1321A1-SegmentedRaftLogWorker: created new log segment /workdir/hadoop-ozone/ozonefs/target/test-dir/MiniOzoneClusterImpl-8b6a8972-8eda-4f33-b3cf-a560ba2c5b87/datanode-0/data/ratis/4a2732a6-fd18-4ca4-b7ea-e8189d1321a1/current/log_inprogress_0
2019-09-26 13:29:19,933 [84fdec62-d817-45bb-98fc-971264b4d85b@group-52B849B7C193:LeaderElection22] INFO  impl.LeaderElection (LeaderElection.java:askForVotes(182)) - 84fdec62-d817-45bb-98fc-971264b4d85b@group-52B849B7C193:LeaderElection22: begin an election at term 1 for -1: [84fdec62-d817-45bb-98fc-971264b4d85b:192.168.164.238:44616], old=null
2019-09-26 13:29:19,933 [84fdec62-d817-45bb-98fc-971264b4d85b@group-52B849B7C193:LeaderElection22] INFO  impl.RoleInfo (RoleInfo.java:shutdownLeaderElection(134)) - 84fdec62-d817-45bb-98fc-971264b4d85b: shutdown LeaderElection
2019-09-26 13:29:19,933 [84fdec62-d817-45bb-98fc-971264b4d85b@group-52B849B7C193:LeaderElection22] INFO  impl.RaftServerImpl (RaftServerImpl.java:setRole(174)) - 84fdec62-d817-45bb-98fc-971264b4d85b@group-52B849B7C193: changes role from CANDIDATE to LEADER at term 1 for changeToLeader
2019-09-26 13:29:19,934 [84fdec62-d817-45bb-98fc-971264b4d85b@group-52B849B7C193:LeaderElection22] INFO  impl.RaftServerImpl (ServerState.java:setLeader(253)) - 84fdec62-d817-45bb-98fc-971264b4d85b@group-52B849B7C193: change Leader from null to 84fdec62-d817-45bb-98fc-971264b4d85b at term 1 for becomeLeader, leader elected after 5233ms
2019-09-26 13:29:19,934 [84fdec62-d817-45bb-98fc-971264b4d85b@group-52B849B7C193:LeaderElection22] INFO  server.RaftServerConfigKeys (ConfUtils.java:logGet(43)) - raft.server.staging.catchup.gap = 1000 (default)
2019-09-26 13:29:19,934 [84fdec62-d817-45bb-98fc-971264b4d85b@group-52B849B7C193:LeaderElection22] INFO  server.RaftServerConfigKeys (ConfUtils.java:logGet(43)) - raft.server.rpc.sleep.time = 25ms (default)
2019-09-26 13:29:19,934 [84fdec62-d817-45bb-98fc-971264b4d85b@group-52B849B7C193:LeaderElection22] INFO  server.RaftServerConfigKeys (ConfUtils.java:logGet(43)) - raft.server.write.element-limit = 4096 (default)
2019-09-26 13:29:19,934 [84fdec62-d817-45bb-98fc-971264b4d85b@group-52B849B7C193:LeaderElection22] INFO  server.RaftServerConfigKeys (ConfUtils.java:logGet(43)) - raft.server.watch.timeout = 10s (default)
2019-09-26 13:29:19,934 [84fdec62-d817-45bb-98fc-971264b4d85b@group-52B849B7C193:LeaderElection22] INFO  server.RaftServerConfigKeys (ConfUtils.java:logGet(43)) - raft.server.watch.timeout.denomination = 1s (default)
2019-09-26 13:29:19,934 [84fdec62-d817-45bb-98fc-971264b4d85b@group-52B849B7C193:LeaderElection22] INFO  server.RaftServerConfigKeys (ConfUtils.java:logGet(43)) - raft.server.watch.element-limit = 65536 (default)
2019-09-26 13:29:19,936 [84fdec62-d817-45bb-98fc-971264b4d85b@group-52B849B7C193:LeaderElection22] INFO  impl.RoleInfo (RoleInfo.java:updateAndGet(143)) - 84fdec62-d817-45bb-98fc-971264b4d85b: start LeaderState
2019-09-26 13:29:19,936 [84fdec62-d817-45bb-98fc-971264b4d85b@group-52B849B7C193:LeaderElection22] INFO  segmented.SegmentedRaftLogWorker (SegmentedRaftLogWorker.java:startLogSegment(380)) - 84fdec62-d817-45bb-98fc-971264b4d85b@group-52B849B7C193-SegmentedRaftLogWorker: Starting segment from index:0
2019-09-26 13:29:19,936 [84fdec62-d817-45bb-98fc-971264b4d85b@group-52B849B7C193:LeaderElection22] INFO  impl.RaftServerImpl (ServerState.java:setRaftConf(354)) - 84fdec62-d817-45bb-98fc-971264b4d85b@group-52B849B7C193: set configuration 0: [84fdec62-d817-45bb-98fc-971264b4d85b:192.168.164.238:44616], old=null at 0
2019-09-26 13:29:19,975 [84fdec62-d817-45bb-98fc-971264b4d85b@group-52B849B7C193-SegmentedRaftLogWorker] INFO  segmented.SegmentedRaftLogWorker (SegmentedRaftLogWorker.java:execute(569)) - 84fdec62-d817-45bb-98fc-971264b4d85b@group-52B849B7C193-SegmentedRaftLogWorker: created new log segment /workdir/hadoop-ozone/ozonefs/target/test-dir/MiniOzoneClusterImpl-8b6a8972-8eda-4f33-b3cf-a560ba2c5b87/datanode-2/data/ratis/0ec8c3e4-1baa-47ea-8cdf-52b849b7c193/current/log_inprogress_0
2019-09-26 13:29:20,226 [Thread-356] INFO  impl.FollowerState (FollowerState.java:run(106)) - 1987c896-e32f-4a06-ac9a-08216b278c2b:group-3C1AC10A7CEC changes to CANDIDATE, lastRpcTime:5026, electionTimeout:5026ms
2019-09-26 13:29:20,226 [Thread-356] INFO  impl.RoleInfo (RoleInfo.java:shutdownFollowerState(121)) - 1987c896-e32f-4a06-ac9a-08216b278c2b: shutdown FollowerState
2019-09-26 13:29:20,226 [Thread-356] INFO  impl.RaftServerImpl (RaftServerImpl.java:setRole(174)) - 1987c896-e32f-4a06-ac9a-08216b278c2b@group-3C1AC10A7CEC: changes role from  FOLLOWER to CANDIDATE at term 0 for changeToCandidate
2019-09-26 13:29:20,226 [Thread-356] INFO  impl.RoleInfo (RoleInfo.java:updateAndGet(143)) - 1987c896-e32f-4a06-ac9a-08216b278c2b: start LeaderElection
2019-09-26 13:29:20,247 [1987c896-e32f-4a06-ac9a-08216b278c2b@group-3C1AC10A7CEC:LeaderElection23] INFO  impl.LeaderElection (LeaderElection.java:askForVotes(182)) - 1987c896-e32f-4a06-ac9a-08216b278c2b@group-3C1AC10A7CEC:LeaderElection23: begin an election at term 1 for -1: [1987c896-e32f-4a06-ac9a-08216b278c2b:192.168.164.238:46271], old=null
2019-09-26 13:29:20,248 [1987c896-e32f-4a06-ac9a-08216b278c2b@group-3C1AC10A7CEC:LeaderElection23] INFO  impl.RoleInfo (RoleInfo.java:shutdownLeaderElection(134)) - 1987c896-e32f-4a06-ac9a-08216b278c2b: shutdown LeaderElection
2019-09-26 13:29:20,248 [1987c896-e32f-4a06-ac9a-08216b278c2b@group-3C1AC10A7CEC:LeaderElection23] INFO  impl.RaftServerImpl (RaftServerImpl.java:setRole(174)) - 1987c896-e32f-4a06-ac9a-08216b278c2b@group-3C1AC10A7CEC: changes role from CANDIDATE to LEADER at term 1 for changeToLeader
2019-09-26 13:29:20,248 [1987c896-e32f-4a06-ac9a-08216b278c2b@group-3C1AC10A7CEC:LeaderElection23] INFO  impl.RaftServerImpl (ServerState.java:setLeader(253)) - 1987c896-e32f-4a06-ac9a-08216b278c2b@group-3C1AC10A7CEC: change Leader from null to 1987c896-e32f-4a06-ac9a-08216b278c2b at term 1 for becomeLeader, leader elected after 5419ms
2019-09-26 13:29:20,248 [1987c896-e32f-4a06-ac9a-08216b278c2b@group-3C1AC10A7CEC:LeaderElection23] INFO  server.RaftServerConfigKeys (ConfUtils.java:logGet(43)) - raft.server.staging.catchup.gap = 1000 (default)
2019-09-26 13:29:20,248 [1987c896-e32f-4a06-ac9a-08216b278c2b@group-3C1AC10A7CEC:LeaderElection23] INFO  server.RaftServerConfigKeys (ConfUtils.java:logGet(43)) - raft.server.rpc.sleep.time = 25ms (default)
2019-09-26 13:29:20,249 [1987c896-e32f-4a06-ac9a-08216b278c2b@group-3C1AC10A7CEC:LeaderElection23] INFO  server.RaftServerConfigKeys (ConfUtils.java:logGet(43)) - raft.server.write.element-limit = 4096 (default)
2019-09-26 13:29:20,249 [1987c896-e32f-4a06-ac9a-08216b278c2b@group-3C1AC10A7CEC:LeaderElection23] INFO  server.RaftServerConfigKeys (ConfUtils.java:logGet(43)) - raft.server.watch.timeout = 10s (default)
2019-09-26 13:29:20,249 [1987c896-e32f-4a06-ac9a-08216b278c2b@group-3C1AC10A7CEC:LeaderElection23] INFO  server.RaftServerConfigKeys (ConfUtils.java:logGet(43)) - raft.server.watch.timeout.denomination = 1s (default)
2019-09-26 13:29:20,249 [1987c896-e32f-4a06-ac9a-08216b278c2b@group-3C1AC10A7CEC:LeaderElection23] INFO  server.RaftServerConfigKeys (ConfUtils.java:logGet(43)) - raft.server.watch.element-limit = 65536 (default)
2019-09-26 13:29:20,251 [1987c896-e32f-4a06-ac9a-08216b278c2b@group-3C1AC10A7CEC:LeaderElection23] INFO  impl.RoleInfo (RoleInfo.java:updateAndGet(143)) - 1987c896-e32f-4a06-ac9a-08216b278c2b: start LeaderState
2019-09-26 13:29:20,251 [1987c896-e32f-4a06-ac9a-08216b278c2b@group-3C1AC10A7CEC:LeaderElection23] INFO  segmented.SegmentedRaftLogWorker (SegmentedRaftLogWorker.java:startLogSegment(380)) - 1987c896-e32f-4a06-ac9a-08216b278c2b@group-3C1AC10A7CEC-SegmentedRaftLogWorker: Starting segment from index:0
2019-09-26 13:29:20,251 [1987c896-e32f-4a06-ac9a-08216b278c2b@group-3C1AC10A7CEC:LeaderElection23] INFO  impl.RaftServerImpl (ServerState.java:setRaftConf(354)) - 1987c896-e32f-4a06-ac9a-08216b278c2b@group-3C1AC10A7CEC: set configuration 0: [1987c896-e32f-4a06-ac9a-08216b278c2b:192.168.164.238:46271], old=null at 0
2019-09-26 13:29:20,290 [1987c896-e32f-4a06-ac9a-08216b278c2b@group-3C1AC10A7CEC-SegmentedRaftLogWorker] INFO  segmented.SegmentedRaftLogWorker (SegmentedRaftLogWorker.java:execute(569)) - 1987c896-e32f-4a06-ac9a-08216b278c2b@group-3C1AC10A7CEC-SegmentedRaftLogWorker: created new log segment /workdir/hadoop-ozone/ozonefs/target/test-dir/MiniOzoneClusterImpl-8b6a8972-8eda-4f33-b3cf-a560ba2c5b87/datanode-5/data/ratis/31c57239-42dc-4900-ac44-3c1ac10a7cec/current/log_inprogress_0
2019-09-26 13:29:20,428 [Thread-359] INFO  impl.FollowerState (FollowerState.java:run(106)) - 84fdec62-d817-45bb-98fc-971264b4d85b:group-F66B4A3D4AED changes to CANDIDATE, lastRpcTime:5142, electionTimeout:5142ms
2019-09-26 13:29:20,429 [Thread-359] INFO  impl.RoleInfo (RoleInfo.java:shutdownFollowerState(121)) - 84fdec62-d817-45bb-98fc-971264b4d85b: shutdown FollowerState
2019-09-26 13:29:20,429 [Thread-359] INFO  impl.RaftServerImpl (RaftServerImpl.java:setRole(174)) - 84fdec62-d817-45bb-98fc-971264b4d85b@group-F66B4A3D4AED: changes role from  FOLLOWER to CANDIDATE at term 0 for changeToCandidate
2019-09-26 13:29:20,429 [Thread-359] INFO  impl.RoleInfo (RoleInfo.java:updateAndGet(143)) - 84fdec62-d817-45bb-98fc-971264b4d85b: start LeaderElection
2019-09-26 13:29:20,462 [84fdec62-d817-45bb-98fc-971264b4d85b@group-F66B4A3D4AED:LeaderElection24] INFO  impl.LeaderElection (LeaderElection.java:askForVotes(182)) - 84fdec62-d817-45bb-98fc-971264b4d85b@group-F66B4A3D4AED:LeaderElection24: begin an election at term 1 for -1: [84fdec62-d817-45bb-98fc-971264b4d85b:192.168.164.238:44616], old=null
2019-09-26 13:29:20,462 [84fdec62-d817-45bb-98fc-971264b4d85b@group-F66B4A3D4AED:LeaderElection24] INFO  impl.RoleInfo (RoleInfo.java:shutdownLeaderElection(134)) - 84fdec62-d817-45bb-98fc-971264b4d85b: shutdown LeaderElection
2019-09-26 13:29:20,462 [84fdec62-d817-45bb-98fc-971264b4d85b@group-F66B4A3D4AED:LeaderElection24] INFO  impl.RaftServerImpl (RaftServerImpl.java:setRole(174)) - 84fdec62-d817-45bb-98fc-971264b4d85b@group-F66B4A3D4AED: changes role from CANDIDATE to LEADER at term 1 for changeToLeader
2019-09-26 13:29:20,463 [84fdec62-d817-45bb-98fc-971264b4d85b@group-F66B4A3D4AED:LeaderElection24] INFO  impl.RaftServerImpl (ServerState.java:setLeader(253)) - 84fdec62-d817-45bb-98fc-971264b4d85b@group-F66B4A3D4AED: change Leader from null to 84fdec62-d817-45bb-98fc-971264b4d85b at term 1 for becomeLeader, leader elected after 5182ms
2019-09-26 13:29:20,463 [84fdec62-d817-45bb-98fc-971264b4d85b@group-F66B4A3D4AED:LeaderElection24] INFO  server.RaftServerConfigKeys (ConfUtils.java:logGet(43)) - raft.server.staging.catchup.gap = 1000 (default)
2019-09-26 13:29:20,463 [84fdec62-d817-45bb-98fc-971264b4d85b@group-F66B4A3D4AED:LeaderElection24] INFO  server.RaftServerConfigKeys (ConfUtils.java:logGet(43)) - raft.server.rpc.sleep.time = 25ms (default)
2019-09-26 13:29:20,463 [84fdec62-d817-45bb-98fc-971264b4d85b@group-F66B4A3D4AED:LeaderElection24] INFO  server.RaftServerConfigKeys (ConfUtils.java:logGet(43)) - raft.server.write.element-limit = 4096 (default)
2019-09-26 13:29:20,463 [84fdec62-d817-45bb-98fc-971264b4d85b@group-F66B4A3D4AED:LeaderElection24] INFO  server.RaftServerConfigKeys (ConfUtils.java:logGet(43)) - raft.server.watch.timeout = 10s (default)
2019-09-26 13:29:20,463 [84fdec62-d817-45bb-98fc-971264b4d85b@group-F66B4A3D4AED:LeaderElection24] INFO  server.RaftServerConfigKeys (ConfUtils.java:logGet(43)) - raft.server.watch.timeout.denomination = 1s (default)
2019-09-26 13:29:20,463 [84fdec62-d817-45bb-98fc-971264b4d85b@group-F66B4A3D4AED:LeaderElection24] INFO  server.RaftServerConfigKeys (ConfUtils.java:logGet(43)) - raft.server.watch.element-limit = 65536 (default)
2019-09-26 13:29:20,466 [84fdec62-d817-45bb-98fc-971264b4d85b@group-F66B4A3D4AED:LeaderElection24] INFO  impl.RoleInfo (RoleInfo.java:updateAndGet(143)) - 84fdec62-d817-45bb-98fc-971264b4d85b: start LeaderState
2019-09-26 13:29:20,466 [84fdec62-d817-45bb-98fc-971264b4d85b@group-F66B4A3D4AED:LeaderElection24] INFO  segmented.SegmentedRaftLogWorker (SegmentedRaftLogWorker.java:startLogSegment(380)) - 84fdec62-d817-45bb-98fc-971264b4d85b@group-F66B4A3D4AED-SegmentedRaftLogWorker: Starting segment from index:0
2019-09-26 13:29:20,467 [84fdec62-d817-45bb-98fc-971264b4d85b@group-F66B4A3D4AED:LeaderElection24] INFO  impl.RaftServerImpl (ServerState.java:setRaftConf(354)) - 84fdec62-d817-45bb-98fc-971264b4d85b@group-F66B4A3D4AED: set configuration 0: [84fdec62-d817-45bb-98fc-971264b4d85b:192.168.164.238:44616], old=null at 0
2019-09-26 13:29:20,504 [84fdec62-d817-45bb-98fc-971264b4d85b@group-F66B4A3D4AED-SegmentedRaftLogWorker] INFO  segmented.SegmentedRaftLogWorker (SegmentedRaftLogWorker.java:execute(569)) - 84fdec62-d817-45bb-98fc-971264b4d85b@group-F66B4A3D4AED-SegmentedRaftLogWorker: created new log segment /workdir/hadoop-ozone/ozonefs/target/test-dir/MiniOzoneClusterImpl-8b6a8972-8eda-4f33-b3cf-a560ba2c5b87/datanode-2/data/ratis/8a59c93d-b702-4f90-988a-f66b4a3d4aed/current/log_inprogress_0
2019-09-26 13:29:20,927 [Thread-363] INFO  impl.FollowerState (FollowerState.java:run(106)) - 1987c896-e32f-4a06-ac9a-08216b278c2b:group-122200E98D2E changes to CANDIDATE, lastRpcTime:5094, electionTimeout:5094ms
2019-09-26 13:29:20,927 [Thread-363] INFO  impl.RoleInfo (RoleInfo.java:shutdownFollowerState(121)) - 1987c896-e32f-4a06-ac9a-08216b278c2b: shutdown FollowerState
2019-09-26 13:29:20,927 [Thread-363] INFO  impl.RaftServerImpl (RaftServerImpl.java:setRole(174)) - 1987c896-e32f-4a06-ac9a-08216b278c2b@group-122200E98D2E: changes role from  FOLLOWER to CANDIDATE at term 0 for changeToCandidate
2019-09-26 13:29:20,927 [Thread-363] INFO  impl.RoleInfo (RoleInfo.java:updateAndGet(143)) - 1987c896-e32f-4a06-ac9a-08216b278c2b: start LeaderElection
2019-09-26 13:29:20,948 [1987c896-e32f-4a06-ac9a-08216b278c2b@group-122200E98D2E:LeaderElection25] INFO  impl.LeaderElection (LeaderElection.java:askForVotes(182)) - 1987c896-e32f-4a06-ac9a-08216b278c2b@group-122200E98D2E:LeaderElection25: begin an election at term 1 for -1: [1987c896-e32f-4a06-ac9a-08216b278c2b:192.168.164.238:46271], old=null
2019-09-26 13:29:20,948 [1987c896-e32f-4a06-ac9a-08216b278c2b@group-122200E98D2E:LeaderElection25] INFO  impl.RoleInfo (RoleInfo.java:shutdownLeaderElection(134)) - 1987c896-e32f-4a06-ac9a-08216b278c2b: shutdown LeaderElection
2019-09-26 13:29:20,949 [1987c896-e32f-4a06-ac9a-08216b278c2b@group-122200E98D2E:LeaderElection25] INFO  impl.RaftServerImpl (RaftServerImpl.java:setRole(174)) - 1987c896-e32f-4a06-ac9a-08216b278c2b@group-122200E98D2E: changes role from CANDIDATE to LEADER at term 1 for changeToLeader
2019-09-26 13:29:20,949 [1987c896-e32f-4a06-ac9a-08216b278c2b@group-122200E98D2E:LeaderElection25] INFO  impl.RaftServerImpl (ServerState.java:setLeader(253)) - 1987c896-e32f-4a06-ac9a-08216b278c2b@group-122200E98D2E: change Leader from null to 1987c896-e32f-4a06-ac9a-08216b278c2b at term 1 for becomeLeader, leader elected after 5122ms
2019-09-26 13:29:20,949 [1987c896-e32f-4a06-ac9a-08216b278c2b@group-122200E98D2E:LeaderElection25] INFO  server.RaftServerConfigKeys (ConfUtils.java:logGet(43)) - raft.server.staging.catchup.gap = 1000 (default)
2019-09-26 13:29:20,949 [1987c896-e32f-4a06-ac9a-08216b278c2b@group-122200E98D2E:LeaderElection25] INFO  server.RaftServerConfigKeys (ConfUtils.java:logGet(43)) - raft.server.rpc.sleep.time = 25ms (default)
2019-09-26 13:29:20,949 [1987c896-e32f-4a06-ac9a-08216b278c2b@group-122200E98D2E:LeaderElection25] INFO  server.RaftServerConfigKeys (ConfUtils.java:logGet(43)) - raft.server.write.element-limit = 4096 (default)
2019-09-26 13:29:20,949 [1987c896-e32f-4a06-ac9a-08216b278c2b@group-122200E98D2E:LeaderElection25] INFO  server.RaftServerConfigKeys (ConfUtils.java:logGet(43)) - raft.server.watch.timeout = 10s (default)
2019-09-26 13:29:20,950 [1987c896-e32f-4a06-ac9a-08216b278c2b@group-122200E98D2E:LeaderElection25] INFO  server.RaftServerConfigKeys (ConfUtils.java:logGet(43)) - raft.server.watch.timeout.denomination = 1s (default)
2019-09-26 13:29:20,950 [1987c896-e32f-4a06-ac9a-08216b278c2b@group-122200E98D2E:LeaderElection25] INFO  server.RaftServerConfigKeys (ConfUtils.java:logGet(43)) - raft.server.watch.element-limit = 65536 (default)
2019-09-26 13:29:20,952 [1987c896-e32f-4a06-ac9a-08216b278c2b@group-122200E98D2E:LeaderElection25] INFO  impl.RoleInfo (RoleInfo.java:updateAndGet(143)) - 1987c896-e32f-4a06-ac9a-08216b278c2b: start LeaderState
2019-09-26 13:29:20,952 [1987c896-e32f-4a06-ac9a-08216b278c2b@group-122200E98D2E:LeaderElection25] INFO  segmented.SegmentedRaftLogWorker (SegmentedRaftLogWorker.java:startLogSegment(380)) - 1987c896-e32f-4a06-ac9a-08216b278c2b@group-122200E98D2E-SegmentedRaftLogWorker: Starting segment from index:0
2019-09-26 13:29:20,953 [1987c896-e32f-4a06-ac9a-08216b278c2b@group-122200E98D2E:LeaderElection25] INFO  impl.RaftServerImpl (ServerState.java:setRaftConf(354)) - 1987c896-e32f-4a06-ac9a-08216b278c2b@group-122200E98D2E: set configuration 0: [1987c896-e32f-4a06-ac9a-08216b278c2b:192.168.164.238:46271], old=null at 0
2019-09-26 13:29:20,987 [1987c896-e32f-4a06-ac9a-08216b278c2b@group-122200E98D2E-SegmentedRaftLogWorker] INFO  segmented.SegmentedRaftLogWorker (SegmentedRaftLogWorker.java:execute(569)) - 1987c896-e32f-4a06-ac9a-08216b278c2b@group-122200E98D2E-SegmentedRaftLogWorker: created new log segment /workdir/hadoop-ozone/ozonefs/target/test-dir/MiniOzoneClusterImpl-8b6a8972-8eda-4f33-b3cf-a560ba2c5b87/datanode-5/data/ratis/d4b25f7f-c249-4be2-9064-122200e98d2e/current/log_inprogress_0
2019-09-26 13:29:20,987 [Thread-366] INFO  impl.FollowerState (FollowerState.java:run(106)) - 6bbb30bf-68fb-49c7-a700-39ca06a4595f:group-EDA82BE7B498 changes to CANDIDATE, lastRpcTime:5097, electionTimeout:5097ms
2019-09-26 13:29:20,987 [Thread-366] INFO  impl.RoleInfo (RoleInfo.java:shutdownFollowerState(121)) - 6bbb30bf-68fb-49c7-a700-39ca06a4595f: shutdown FollowerState
2019-09-26 13:29:20,988 [Thread-366] INFO  impl.RaftServerImpl (RaftServerImpl.java:setRole(174)) - 6bbb30bf-68fb-49c7-a700-39ca06a4595f@group-EDA82BE7B498: changes role from  FOLLOWER to CANDIDATE at term 0 for changeToCandidate
2019-09-26 13:29:20,988 [Thread-366] INFO  impl.RoleInfo (RoleInfo.java:updateAndGet(143)) - 6bbb30bf-68fb-49c7-a700-39ca06a4595f: start LeaderElection
2019-09-26 13:29:20,996 [Thread-369] INFO  impl.FollowerState (FollowerState.java:run(106)) - 84fdec62-d817-45bb-98fc-971264b4d85b:group-77A4A008598D changes to CANDIDATE, lastRpcTime:5059, electionTimeout:5059ms
2019-09-26 13:29:20,997 [Thread-369] INFO  impl.RoleInfo (RoleInfo.java:shutdownFollowerState(121)) - 84fdec62-d817-45bb-98fc-971264b4d85b: shutdown FollowerState
2019-09-26 13:29:20,997 [Thread-369] INFO  impl.RaftServerImpl (RaftServerImpl.java:setRole(174)) - 84fdec62-d817-45bb-98fc-971264b4d85b@group-77A4A008598D: changes role from  FOLLOWER to CANDIDATE at term 0 for changeToCandidate
2019-09-26 13:29:20,997 [Thread-369] INFO  impl.RoleInfo (RoleInfo.java:updateAndGet(143)) - 84fdec62-d817-45bb-98fc-971264b4d85b: start LeaderElection
2019-09-26 13:29:21,001 [6bbb30bf-68fb-49c7-a700-39ca06a4595f@group-EDA82BE7B498:LeaderElection26] INFO  impl.LeaderElection (LeaderElection.java:askForVotes(182)) - 6bbb30bf-68fb-49c7-a700-39ca06a4595f@group-EDA82BE7B498:LeaderElection26: begin an election at term 1 for -1: [6bbb30bf-68fb-49c7-a700-39ca06a4595f:192.168.164.238:44498], old=null
2019-09-26 13:29:21,001 [6bbb30bf-68fb-49c7-a700-39ca06a4595f@group-EDA82BE7B498:LeaderElection26] INFO  impl.RoleInfo (RoleInfo.java:shutdownLeaderElection(134)) - 6bbb30bf-68fb-49c7-a700-39ca06a4595f: shutdown LeaderElection
2019-09-26 13:29:21,001 [6bbb30bf-68fb-49c7-a700-39ca06a4595f@group-EDA82BE7B498:LeaderElection26] INFO  impl.RaftServerImpl (RaftServerImpl.java:setRole(174)) - 6bbb30bf-68fb-49c7-a700-39ca06a4595f@group-EDA82BE7B498: changes role from CANDIDATE to LEADER at term 1 for changeToLeader
2019-09-26 13:29:21,001 [6bbb30bf-68fb-49c7-a700-39ca06a4595f@group-EDA82BE7B498:LeaderElection26] INFO  impl.RaftServerImpl (ServerState.java:setLeader(253)) - 6bbb30bf-68fb-49c7-a700-39ca06a4595f@group-EDA82BE7B498: change Leader from null to 6bbb30bf-68fb-49c7-a700-39ca06a4595f at term 1 for becomeLeader, leader elected after 5117ms
2019-09-26 13:29:21,002 [6bbb30bf-68fb-49c7-a700-39ca06a4595f@group-EDA82BE7B498:LeaderElection26] INFO  server.RaftServerConfigKeys (ConfUtils.java:logGet(43)) - raft.server.staging.catchup.gap = 1000 (default)
2019-09-26 13:29:21,002 [6bbb30bf-68fb-49c7-a700-39ca06a4595f@group-EDA82BE7B498:LeaderElection26] INFO  server.RaftServerConfigKeys (ConfUtils.java:logGet(43)) - raft.server.rpc.sleep.time = 25ms (default)
2019-09-26 13:29:21,002 [6bbb30bf-68fb-49c7-a700-39ca06a4595f@group-EDA82BE7B498:LeaderElection26] INFO  server.RaftServerConfigKeys (ConfUtils.java:logGet(43)) - raft.server.write.element-limit = 4096 (default)
2019-09-26 13:29:21,002 [6bbb30bf-68fb-49c7-a700-39ca06a4595f@group-EDA82BE7B498:LeaderElection26] INFO  server.RaftServerConfigKeys (ConfUtils.java:logGet(43)) - raft.server.watch.timeout = 10s (default)
2019-09-26 13:29:21,002 [6bbb30bf-68fb-49c7-a700-39ca06a4595f@group-EDA82BE7B498:LeaderElection26] INFO  server.RaftServerConfigKeys (ConfUtils.java:logGet(43)) - raft.server.watch.timeout.denomination = 1s (default)
2019-09-26 13:29:21,002 [6bbb30bf-68fb-49c7-a700-39ca06a4595f@group-EDA82BE7B498:LeaderElection26] INFO  server.RaftServerConfigKeys (ConfUtils.java:logGet(43)) - raft.server.watch.element-limit = 65536 (default)
2019-09-26 13:29:21,003 [84fdec62-d817-45bb-98fc-971264b4d85b@group-77A4A008598D:LeaderElection27] INFO  impl.LeaderElection (LeaderElection.java:askForVotes(182)) - 84fdec62-d817-45bb-98fc-971264b4d85b@group-77A4A008598D:LeaderElection27: begin an election at term 1 for -1: [84fdec62-d817-45bb-98fc-971264b4d85b:192.168.164.238:44616], old=null
2019-09-26 13:29:21,003 [84fdec62-d817-45bb-98fc-971264b4d85b@group-77A4A008598D:LeaderElection27] INFO  impl.RoleInfo (RoleInfo.java:shutdownLeaderElection(134)) - 84fdec62-d817-45bb-98fc-971264b4d85b: shutdown LeaderElection
2019-09-26 13:29:21,003 [84fdec62-d817-45bb-98fc-971264b4d85b@group-77A4A008598D:LeaderElection27] INFO  impl.RaftServerImpl (RaftServerImpl.java:setRole(174)) - 84fdec62-d817-45bb-98fc-971264b4d85b@group-77A4A008598D: changes role from CANDIDATE to LEADER at term 1 for changeToLeader
2019-09-26 13:29:21,004 [84fdec62-d817-45bb-98fc-971264b4d85b@group-77A4A008598D:LeaderElection27] INFO  impl.RaftServerImpl (ServerState.java:setLeader(253)) - 84fdec62-d817-45bb-98fc-971264b4d85b@group-77A4A008598D: change Leader from null to 84fdec62-d817-45bb-98fc-971264b4d85b at term 1 for becomeLeader, leader elected after 5071ms
2019-09-26 13:29:21,004 [84fdec62-d817-45bb-98fc-971264b4d85b@group-77A4A008598D:LeaderElection27] INFO  server.RaftServerConfigKeys (ConfUtils.java:logGet(43)) - raft.server.staging.catchup.gap = 1000 (default)
2019-09-26 13:29:21,004 [84fdec62-d817-45bb-98fc-971264b4d85b@group-77A4A008598D:LeaderElection27] INFO  server.RaftServerConfigKeys (ConfUtils.java:logGet(43)) - raft.server.rpc.sleep.time = 25ms (default)
2019-09-26 13:29:21,004 [84fdec62-d817-45bb-98fc-971264b4d85b@group-77A4A008598D:LeaderElection27] INFO  server.RaftServerConfigKeys (ConfUtils.java:logGet(43)) - raft.server.write.element-limit = 4096 (default)
2019-09-26 13:29:21,004 [84fdec62-d817-45bb-98fc-971264b4d85b@group-77A4A008598D:LeaderElection27] INFO  server.RaftServerConfigKeys (ConfUtils.java:logGet(43)) - raft.server.watch.timeout = 10s (default)
2019-09-26 13:29:21,004 [84fdec62-d817-45bb-98fc-971264b4d85b@group-77A4A008598D:LeaderElection27] INFO  server.RaftServerConfigKeys (ConfUtils.java:logGet(43)) - raft.server.watch.timeout.denomination = 1s (default)
2019-09-26 13:29:21,004 [84fdec62-d817-45bb-98fc-971264b4d85b@group-77A4A008598D:LeaderElection27] INFO  server.RaftServerConfigKeys (ConfUtils.java:logGet(43)) - raft.server.watch.element-limit = 65536 (default)
2019-09-26 13:29:21,004 [6bbb30bf-68fb-49c7-a700-39ca06a4595f@group-EDA82BE7B498:LeaderElection26] INFO  impl.RoleInfo (RoleInfo.java:updateAndGet(143)) - 6bbb30bf-68fb-49c7-a700-39ca06a4595f: start LeaderState
2019-09-26 13:29:21,005 [6bbb30bf-68fb-49c7-a700-39ca06a4595f@group-EDA82BE7B498:LeaderElection26] INFO  segmented.SegmentedRaftLogWorker (SegmentedRaftLogWorker.java:startLogSegment(380)) - 6bbb30bf-68fb-49c7-a700-39ca06a4595f@group-EDA82BE7B498-SegmentedRaftLogWorker: Starting segment from index:0
2019-09-26 13:29:21,005 [6bbb30bf-68fb-49c7-a700-39ca06a4595f@group-EDA82BE7B498:LeaderElection26] INFO  impl.RaftServerImpl (ServerState.java:setRaftConf(354)) - 6bbb30bf-68fb-49c7-a700-39ca06a4595f@group-EDA82BE7B498: set configuration 0: [6bbb30bf-68fb-49c7-a700-39ca06a4595f:192.168.164.238:44498], old=null at 0
2019-09-26 13:29:21,032 [84fdec62-d817-45bb-98fc-971264b4d85b@group-77A4A008598D:LeaderElection27] INFO  impl.RoleInfo (RoleInfo.java:updateAndGet(143)) - 84fdec62-d817-45bb-98fc-971264b4d85b: start LeaderState
2019-09-26 13:29:21,032 [84fdec62-d817-45bb-98fc-971264b4d85b@group-77A4A008598D:LeaderElection27] INFO  segmented.SegmentedRaftLogWorker (SegmentedRaftLogWorker.java:startLogSegment(380)) - 84fdec62-d817-45bb-98fc-971264b4d85b@group-77A4A008598D-SegmentedRaftLogWorker: Starting segment from index:0
2019-09-26 13:29:21,033 [84fdec62-d817-45bb-98fc-971264b4d85b@group-77A4A008598D:LeaderElection27] INFO  impl.RaftServerImpl (ServerState.java:setRaftConf(354)) - 84fdec62-d817-45bb-98fc-971264b4d85b@group-77A4A008598D: set configuration 0: [84fdec62-d817-45bb-98fc-971264b4d85b:192.168.164.238:44616], old=null at 0
2019-09-26 13:29:21,060 [6bbb30bf-68fb-49c7-a700-39ca06a4595f@group-EDA82BE7B498-SegmentedRaftLogWorker] INFO  segmented.SegmentedRaftLogWorker (SegmentedRaftLogWorker.java:execute(569)) - 6bbb30bf-68fb-49c7-a700-39ca06a4595f@group-EDA82BE7B498-SegmentedRaftLogWorker: created new log segment /workdir/hadoop-ozone/ozonefs/target/test-dir/MiniOzoneClusterImpl-8b6a8972-8eda-4f33-b3cf-a560ba2c5b87/datanode-3/data/ratis/309be177-87db-46d0-8088-eda82be7b498/current/log_inprogress_0
2019-09-26 13:29:21,060 [Thread-375] INFO  impl.FollowerState (FollowerState.java:run(106)) - 84fdec62-d817-45bb-98fc-971264b4d85b:group-2C358FF5FCCC changes to CANDIDATE, lastRpcTime:5038, electionTimeout:5026ms
2019-09-26 13:29:21,061 [Thread-375] INFO  impl.RoleInfo (RoleInfo.java:shutdownFollowerState(121)) - 84fdec62-d817-45bb-98fc-971264b4d85b: shutdown FollowerState
2019-09-26 13:29:21,061 [Thread-375] INFO  impl.RaftServerImpl (RaftServerImpl.java:setRole(174)) - 84fdec62-d817-45bb-98fc-971264b4d85b@group-2C358FF5FCCC: changes role from  FOLLOWER to CANDIDATE at term 0 for changeToCandidate
2019-09-26 13:29:21,061 [Thread-375] INFO  impl.RoleInfo (RoleInfo.java:updateAndGet(143)) - 84fdec62-d817-45bb-98fc-971264b4d85b: start LeaderElection
2019-09-26 13:29:21,073 [84fdec62-d817-45bb-98fc-971264b4d85b@group-77A4A008598D-SegmentedRaftLogWorker] INFO  segmented.SegmentedRaftLogWorker (SegmentedRaftLogWorker.java:execute(569)) - 84fdec62-d817-45bb-98fc-971264b4d85b@group-77A4A008598D-SegmentedRaftLogWorker: created new log segment /workdir/hadoop-ozone/ozonefs/target/test-dir/MiniOzoneClusterImpl-8b6a8972-8eda-4f33-b3cf-a560ba2c5b87/datanode-2/data/ratis/d087485b-b648-40a5-86c7-77a4a008598d/current/log_inprogress_0
2019-09-26 13:29:21,073 [84fdec62-d817-45bb-98fc-971264b4d85b@group-2C358FF5FCCC:LeaderElection28] INFO  impl.LeaderElection (LeaderElection.java:askForVotes(182)) - 84fdec62-d817-45bb-98fc-971264b4d85b@group-2C358FF5FCCC:LeaderElection28: begin an election at term 1 for -1: [84fdec62-d817-45bb-98fc-971264b4d85b:192.168.164.238:44616], old=null
2019-09-26 13:29:21,073 [84fdec62-d817-45bb-98fc-971264b4d85b@group-2C358FF5FCCC:LeaderElection28] INFO  impl.RoleInfo (RoleInfo.java:shutdownLeaderElection(134)) - 84fdec62-d817-45bb-98fc-971264b4d85b: shutdown LeaderElection
2019-09-26 13:29:21,073 [84fdec62-d817-45bb-98fc-971264b4d85b@group-2C358FF5FCCC:LeaderElection28] INFO  impl.RaftServerImpl (RaftServerImpl.java:setRole(174)) - 84fdec62-d817-45bb-98fc-971264b4d85b@group-2C358FF5FCCC: changes role from CANDIDATE to LEADER at term 1 for changeToLeader
2019-09-26 13:29:21,073 [84fdec62-d817-45bb-98fc-971264b4d85b@group-2C358FF5FCCC:LeaderElection28] INFO  impl.RaftServerImpl (ServerState.java:setLeader(253)) - 84fdec62-d817-45bb-98fc-971264b4d85b@group-2C358FF5FCCC: change Leader from null to 84fdec62-d817-45bb-98fc-971264b4d85b at term 1 for becomeLeader, leader elected after 5055ms
2019-09-26 13:29:21,073 [84fdec62-d817-45bb-98fc-971264b4d85b@group-2C358FF5FCCC:LeaderElection28] INFO  server.RaftServerConfigKeys (ConfUtils.java:logGet(43)) - raft.server.staging.catchup.gap = 1000 (default)
2019-09-26 13:29:21,074 [84fdec62-d817-45bb-98fc-971264b4d85b@group-2C358FF5FCCC:LeaderElection28] INFO  server.RaftServerConfigKeys (ConfUtils.java:logGet(43)) - raft.server.rpc.sleep.time = 25ms (default)
2019-09-26 13:29:21,074 [84fdec62-d817-45bb-98fc-971264b4d85b@group-2C358FF5FCCC:LeaderElection28] INFO  server.RaftServerConfigKeys (ConfUtils.java:logGet(43)) - raft.server.write.element-limit = 4096 (default)
2019-09-26 13:29:21,074 [84fdec62-d817-45bb-98fc-971264b4d85b@group-2C358FF5FCCC:LeaderElection28] INFO  server.RaftServerConfigKeys (ConfUtils.java:logGet(43)) - raft.server.watch.timeout = 10s (default)
2019-09-26 13:29:21,074 [84fdec62-d817-45bb-98fc-971264b4d85b@group-2C358FF5FCCC:LeaderElection28] INFO  server.RaftServerConfigKeys (ConfUtils.java:logGet(43)) - raft.server.watch.timeout.denomination = 1s (default)
2019-09-26 13:29:21,074 [84fdec62-d817-45bb-98fc-971264b4d85b@group-2C358FF5FCCC:LeaderElection28] INFO  server.RaftServerConfigKeys (ConfUtils.java:logGet(43)) - raft.server.watch.element-limit = 65536 (default)
2019-09-26 13:29:21,076 [Thread-378] INFO  impl.FollowerState (FollowerState.java:run(106)) - 6bbb30bf-68fb-49c7-a700-39ca06a4595f:group-7CF98C97F376 changes to CANDIDATE, lastRpcTime:5018, electionTimeout:5018ms
2019-09-26 13:29:21,076 [Thread-378] INFO  impl.RoleInfo (RoleInfo.java:shutdownFollowerState(121)) - 6bbb30bf-68fb-49c7-a700-39ca06a4595f: shutdown FollowerState
2019-09-26 13:29:21,076 [Thread-378] INFO  impl.RaftServerImpl (RaftServerImpl.java:setRole(174)) - 6bbb30bf-68fb-49c7-a700-39ca06a4595f@group-7CF98C97F376: changes role from  FOLLOWER to CANDIDATE at term 0 for changeToCandidate
2019-09-26 13:29:21,076 [Thread-378] INFO  impl.RoleInfo (RoleInfo.java:updateAndGet(143)) - 6bbb30bf-68fb-49c7-a700-39ca06a4595f: start LeaderElection
2019-09-26 13:29:21,080 [84fdec62-d817-45bb-98fc-971264b4d85b@group-2C358FF5FCCC:LeaderElection28] INFO  impl.RoleInfo (RoleInfo.java:updateAndGet(143)) - 84fdec62-d817-45bb-98fc-971264b4d85b: start LeaderState
2019-09-26 13:29:21,081 [84fdec62-d817-45bb-98fc-971264b4d85b@group-2C358FF5FCCC:LeaderElection28] INFO  segmented.SegmentedRaftLogWorker (SegmentedRaftLogWorker.java:startLogSegment(380)) - 84fdec62-d817-45bb-98fc-971264b4d85b@group-2C358FF5FCCC-SegmentedRaftLogWorker: Starting segment from index:0
2019-09-26 13:29:21,081 [84fdec62-d817-45bb-98fc-971264b4d85b@group-2C358FF5FCCC:LeaderElection28] INFO  impl.RaftServerImpl (ServerState.java:setRaftConf(354)) - 84fdec62-d817-45bb-98fc-971264b4d85b@group-2C358FF5FCCC: set configuration 0: [84fdec62-d817-45bb-98fc-971264b4d85b:192.168.164.238:44616], old=null at 0
2019-09-26 13:29:21,109 [Thread-372] INFO  impl.FollowerState (FollowerState.java:run(106)) - e1d07e13-fba7-421e-90fa-c7d02cfb4ed9:group-09118E94AB75 changes to CANDIDATE, lastRpcTime:5118, electionTimeout:5114ms
2019-09-26 13:29:21,109 [6bbb30bf-68fb-49c7-a700-39ca06a4595f@group-7CF98C97F376:LeaderElection29] INFO  impl.LeaderElection (LeaderElection.java:askForVotes(182)) - 6bbb30bf-68fb-49c7-a700-39ca06a4595f@group-7CF98C97F376:LeaderElection29: begin an election at term 1 for -1: [6bbb30bf-68fb-49c7-a700-39ca06a4595f:192.168.164.238:44498], old=null
2019-09-26 13:29:21,109 [Thread-372] INFO  impl.RoleInfo (RoleInfo.java:shutdownFollowerState(121)) - e1d07e13-fba7-421e-90fa-c7d02cfb4ed9: shutdown FollowerState
2019-09-26 13:29:21,109 [6bbb30bf-68fb-49c7-a700-39ca06a4595f@group-7CF98C97F376:LeaderElection29] INFO  impl.RoleInfo (RoleInfo.java:shutdownLeaderElection(134)) - 6bbb30bf-68fb-49c7-a700-39ca06a4595f: shutdown LeaderElection
2019-09-26 13:29:21,109 [Thread-372] INFO  impl.RaftServerImpl (RaftServerImpl.java:setRole(174)) - e1d07e13-fba7-421e-90fa-c7d02cfb4ed9@group-09118E94AB75: changes role from  FOLLOWER to CANDIDATE at term 0 for changeToCandidate
2019-09-26 13:29:21,110 [6bbb30bf-68fb-49c7-a700-39ca06a4595f@group-7CF98C97F376:LeaderElection29] INFO  impl.RaftServerImpl (RaftServerImpl.java:setRole(174)) - 6bbb30bf-68fb-49c7-a700-39ca06a4595f@group-7CF98C97F376: changes role from CANDIDATE to LEADER at term 1 for changeToLeader
2019-09-26 13:29:21,110 [Thread-372] INFO  impl.RoleInfo (RoleInfo.java:updateAndGet(143)) - e1d07e13-fba7-421e-90fa-c7d02cfb4ed9: start LeaderElection
2019-09-26 13:29:21,110 [6bbb30bf-68fb-49c7-a700-39ca06a4595f@group-7CF98C97F376:LeaderElection29] INFO  impl.RaftServerImpl (ServerState.java:setLeader(253)) - 6bbb30bf-68fb-49c7-a700-39ca06a4595f@group-7CF98C97F376: change Leader from null to 6bbb30bf-68fb-49c7-a700-39ca06a4595f at term 1 for becomeLeader, leader elected after 5056ms
2019-09-26 13:29:21,110 [6bbb30bf-68fb-49c7-a700-39ca06a4595f@group-7CF98C97F376:LeaderElection29] INFO  server.RaftServerConfigKeys (ConfUtils.java:logGet(43)) - raft.server.staging.catchup.gap = 1000 (default)
2019-09-26 13:29:21,114 [6bbb30bf-68fb-49c7-a700-39ca06a4595f@group-7CF98C97F376:LeaderElection29] INFO  server.RaftServerConfigKeys (ConfUtils.java:logGet(43)) - raft.server.rpc.sleep.time = 25ms (default)
2019-09-26 13:29:21,115 [6bbb30bf-68fb-49c7-a700-39ca06a4595f@group-7CF98C97F376:LeaderElection29] INFO  server.RaftServerConfigKeys (ConfUtils.java:logGet(43)) - raft.server.write.element-limit = 4096 (default)
2019-09-26 13:29:21,115 [6bbb30bf-68fb-49c7-a700-39ca06a4595f@group-7CF98C97F376:LeaderElection29] INFO  server.RaftServerConfigKeys (ConfUtils.java:logGet(43)) - raft.server.watch.timeout = 10s (default)
2019-09-26 13:29:21,115 [6bbb30bf-68fb-49c7-a700-39ca06a4595f@group-7CF98C97F376:LeaderElection29] INFO  server.RaftServerConfigKeys (ConfUtils.java:logGet(43)) - raft.server.watch.timeout.denomination = 1s (default)
2019-09-26 13:29:21,115 [6bbb30bf-68fb-49c7-a700-39ca06a4595f@group-7CF98C97F376:LeaderElection29] INFO  server.RaftServerConfigKeys (ConfUtils.java:logGet(43)) - raft.server.watch.element-limit = 65536 (default)
2019-09-26 13:29:21,118 [6bbb30bf-68fb-49c7-a700-39ca06a4595f@group-7CF98C97F376:LeaderElection29] INFO  impl.RoleInfo (RoleInfo.java:updateAndGet(143)) - 6bbb30bf-68fb-49c7-a700-39ca06a4595f: start LeaderState
2019-09-26 13:29:21,118 [6bbb30bf-68fb-49c7-a700-39ca06a4595f@group-7CF98C97F376:LeaderElection29] INFO  segmented.SegmentedRaftLogWorker (SegmentedRaftLogWorker.java:startLogSegment(380)) - 6bbb30bf-68fb-49c7-a700-39ca06a4595f@group-7CF98C97F376-SegmentedRaftLogWorker: Starting segment from index:0
2019-09-26 13:29:21,118 [6bbb30bf-68fb-49c7-a700-39ca06a4595f@group-7CF98C97F376:LeaderElection29] INFO  impl.RaftServerImpl (ServerState.java:setRaftConf(354)) - 6bbb30bf-68fb-49c7-a700-39ca06a4595f@group-7CF98C97F376: set configuration 0: [6bbb30bf-68fb-49c7-a700-39ca06a4595f:192.168.164.238:44498], old=null at 0
2019-09-26 13:29:21,153 [Thread-381] INFO  impl.FollowerState (FollowerState.java:run(106)) - e1d07e13-fba7-421e-90fa-c7d02cfb4ed9:group-BDB412075F24 changes to CANDIDATE, lastRpcTime:5057, electionTimeout:5048ms
2019-09-26 13:29:21,153 [e1d07e13-fba7-421e-90fa-c7d02cfb4ed9@group-09118E94AB75:LeaderElection30] INFO  impl.LeaderElection (LeaderElection.java:askForVotes(182)) - e1d07e13-fba7-421e-90fa-c7d02cfb4ed9@group-09118E94AB75:LeaderElection30: begin an election at term 1 for -1: [e1d07e13-fba7-421e-90fa-c7d02cfb4ed9:192.168.164.238:39231], old=null
2019-09-26 13:29:21,153 [84fdec62-d817-45bb-98fc-971264b4d85b@group-2C358FF5FCCC-SegmentedRaftLogWorker] INFO  segmented.SegmentedRaftLogWorker (SegmentedRaftLogWorker.java:execute(569)) - 84fdec62-d817-45bb-98fc-971264b4d85b@group-2C358FF5FCCC-SegmentedRaftLogWorker: created new log segment /workdir/hadoop-ozone/ozonefs/target/test-dir/MiniOzoneClusterImpl-8b6a8972-8eda-4f33-b3cf-a560ba2c5b87/datanode-2/data/ratis/02608051-e372-4faf-96f6-2c358ff5fccc/current/log_inprogress_0
2019-09-26 13:29:21,153 [Thread-381] INFO  impl.RoleInfo (RoleInfo.java:shutdownFollowerState(121)) - e1d07e13-fba7-421e-90fa-c7d02cfb4ed9: shutdown FollowerState
2019-09-26 13:29:21,153 [e1d07e13-fba7-421e-90fa-c7d02cfb4ed9@group-09118E94AB75:LeaderElection30] INFO  impl.RoleInfo (RoleInfo.java:shutdownLeaderElection(134)) - e1d07e13-fba7-421e-90fa-c7d02cfb4ed9: shutdown LeaderElection
2019-09-26 13:29:21,153 [Thread-381] INFO  impl.RaftServerImpl (RaftServerImpl.java:setRole(174)) - e1d07e13-fba7-421e-90fa-c7d02cfb4ed9@group-BDB412075F24: changes role from  FOLLOWER to CANDIDATE at term 0 for changeToCandidate
2019-09-26 13:29:21,153 [e1d07e13-fba7-421e-90fa-c7d02cfb4ed9@group-09118E94AB75:LeaderElection30] INFO  impl.RaftServerImpl (RaftServerImpl.java:setRole(174)) - e1d07e13-fba7-421e-90fa-c7d02cfb4ed9@group-09118E94AB75: changes role from CANDIDATE to LEADER at term 1 for changeToLeader
2019-09-26 13:29:21,154 [e1d07e13-fba7-421e-90fa-c7d02cfb4ed9@group-09118E94AB75:LeaderElection30] INFO  impl.RaftServerImpl (ServerState.java:setLeader(253)) - e1d07e13-fba7-421e-90fa-c7d02cfb4ed9@group-09118E94AB75: change Leader from null to e1d07e13-fba7-421e-90fa-c7d02cfb4ed9 at term 1 for becomeLeader, leader elected after 5168ms
2019-09-26 13:29:21,154 [Thread-381] INFO  impl.RoleInfo (RoleInfo.java:updateAndGet(143)) - e1d07e13-fba7-421e-90fa-c7d02cfb4ed9: start LeaderElection
2019-09-26 13:29:21,154 [e1d07e13-fba7-421e-90fa-c7d02cfb4ed9@group-09118E94AB75:LeaderElection30] INFO  server.RaftServerConfigKeys (ConfUtils.java:logGet(43)) - raft.server.staging.catchup.gap = 1000 (default)
2019-09-26 13:29:21,154 [e1d07e13-fba7-421e-90fa-c7d02cfb4ed9@group-09118E94AB75:LeaderElection30] INFO  server.RaftServerConfigKeys (ConfUtils.java:logGet(43)) - raft.server.rpc.sleep.time = 25ms (default)
2019-09-26 13:29:21,154 [e1d07e13-fba7-421e-90fa-c7d02cfb4ed9@group-09118E94AB75:LeaderElection30] INFO  server.RaftServerConfigKeys (ConfUtils.java:logGet(43)) - raft.server.write.element-limit = 4096 (default)
2019-09-26 13:29:21,154 [e1d07e13-fba7-421e-90fa-c7d02cfb4ed9@group-09118E94AB75:LeaderElection30] INFO  server.RaftServerConfigKeys (ConfUtils.java:logGet(43)) - raft.server.watch.timeout = 10s (default)
2019-09-26 13:29:21,158 [e1d07e13-fba7-421e-90fa-c7d02cfb4ed9@group-09118E94AB75:LeaderElection30] INFO  server.RaftServerConfigKeys (ConfUtils.java:logGet(43)) - raft.server.watch.timeout.denomination = 1s (default)
2019-09-26 13:29:21,158 [e1d07e13-fba7-421e-90fa-c7d02cfb4ed9@group-09118E94AB75:LeaderElection30] INFO  server.RaftServerConfigKeys (ConfUtils.java:logGet(43)) - raft.server.watch.element-limit = 65536 (default)
2019-09-26 13:29:21,161 [e1d07e13-fba7-421e-90fa-c7d02cfb4ed9@group-09118E94AB75:LeaderElection30] INFO  impl.RoleInfo (RoleInfo.java:updateAndGet(143)) - e1d07e13-fba7-421e-90fa-c7d02cfb4ed9: start LeaderState
2019-09-26 13:29:21,161 [e1d07e13-fba7-421e-90fa-c7d02cfb4ed9@group-09118E94AB75:LeaderElection30] INFO  segmented.SegmentedRaftLogWorker (SegmentedRaftLogWorker.java:startLogSegment(380)) - e1d07e13-fba7-421e-90fa-c7d02cfb4ed9@group-09118E94AB75-SegmentedRaftLogWorker: Starting segment from index:0
2019-09-26 13:29:21,161 [e1d07e13-fba7-421e-90fa-c7d02cfb4ed9@group-09118E94AB75:LeaderElection30] INFO  impl.RaftServerImpl (ServerState.java:setRaftConf(354)) - e1d07e13-fba7-421e-90fa-c7d02cfb4ed9@group-09118E94AB75: set configuration 0: [e1d07e13-fba7-421e-90fa-c7d02cfb4ed9:192.168.164.238:39231], old=null at 0
2019-09-26 13:29:21,187 [6bbb30bf-68fb-49c7-a700-39ca06a4595f@group-7CF98C97F376-SegmentedRaftLogWorker] INFO  segmented.SegmentedRaftLogWorker (SegmentedRaftLogWorker.java:execute(569)) - 6bbb30bf-68fb-49c7-a700-39ca06a4595f@group-7CF98C97F376-SegmentedRaftLogWorker: created new log segment /workdir/hadoop-ozone/ozonefs/target/test-dir/MiniOzoneClusterImpl-8b6a8972-8eda-4f33-b3cf-a560ba2c5b87/datanode-3/data/ratis/7cb729b6-cdd8-4c5f-8cb2-7cf98c97f376/current/log_inprogress_0
2019-09-26 13:29:21,187 [e1d07e13-fba7-421e-90fa-c7d02cfb4ed9@group-BDB412075F24:LeaderElection31] INFO  impl.LeaderElection (LeaderElection.java:askForVotes(182)) - e1d07e13-fba7-421e-90fa-c7d02cfb4ed9@group-BDB412075F24:LeaderElection31: begin an election at term 1 for -1: [e1d07e13-fba7-421e-90fa-c7d02cfb4ed9:192.168.164.238:39231], old=null
2019-09-26 13:29:21,188 [e1d07e13-fba7-421e-90fa-c7d02cfb4ed9@group-BDB412075F24:LeaderElection31] INFO  impl.RoleInfo (RoleInfo.java:shutdownLeaderElection(134)) - e1d07e13-fba7-421e-90fa-c7d02cfb4ed9: shutdown LeaderElection
2019-09-26 13:29:21,188 [e1d07e13-fba7-421e-90fa-c7d02cfb4ed9@group-BDB412075F24:LeaderElection31] INFO  impl.RaftServerImpl (RaftServerImpl.java:setRole(174)) - e1d07e13-fba7-421e-90fa-c7d02cfb4ed9@group-BDB412075F24: changes role from CANDIDATE to LEADER at term 1 for changeToLeader
2019-09-26 13:29:21,188 [e1d07e13-fba7-421e-90fa-c7d02cfb4ed9@group-BDB412075F24:LeaderElection31] INFO  impl.RaftServerImpl (ServerState.java:setLeader(253)) - e1d07e13-fba7-421e-90fa-c7d02cfb4ed9@group-BDB412075F24: change Leader from null to e1d07e13-fba7-421e-90fa-c7d02cfb4ed9 at term 1 for becomeLeader, leader elected after 5097ms
2019-09-26 13:29:21,188 [e1d07e13-fba7-421e-90fa-c7d02cfb4ed9@group-BDB412075F24:LeaderElection31] INFO  server.RaftServerConfigKeys (ConfUtils.java:logGet(43)) - raft.server.staging.catchup.gap = 1000 (default)
2019-09-26 13:29:21,188 [e1d07e13-fba7-421e-90fa-c7d02cfb4ed9@group-BDB412075F24:LeaderElection31] INFO  server.RaftServerConfigKeys (ConfUtils.java:logGet(43)) - raft.server.rpc.sleep.time = 25ms (default)
2019-09-26 13:29:21,189 [e1d07e13-fba7-421e-90fa-c7d02cfb4ed9@group-BDB412075F24:LeaderElection31] INFO  server.RaftServerConfigKeys (ConfUtils.java:logGet(43)) - raft.server.write.element-limit = 4096 (default)
2019-09-26 13:29:21,189 [e1d07e13-fba7-421e-90fa-c7d02cfb4ed9@group-BDB412075F24:LeaderElection31] INFO  server.RaftServerConfigKeys (ConfUtils.java:logGet(43)) - raft.server.watch.timeout = 10s (default)
2019-09-26 13:29:21,189 [e1d07e13-fba7-421e-90fa-c7d02cfb4ed9@group-BDB412075F24:LeaderElection31] INFO  server.RaftServerConfigKeys (ConfUtils.java:logGet(43)) - raft.server.watch.timeout.denomination = 1s (default)
2019-09-26 13:29:21,189 [e1d07e13-fba7-421e-90fa-c7d02cfb4ed9@group-BDB412075F24:LeaderElection31] INFO  server.RaftServerConfigKeys (ConfUtils.java:logGet(43)) - raft.server.watch.element-limit = 65536 (default)
2019-09-26 13:29:21,191 [e1d07e13-fba7-421e-90fa-c7d02cfb4ed9@group-09118E94AB75-SegmentedRaftLogWorker] INFO  segmented.SegmentedRaftLogWorker (SegmentedRaftLogWorker.java:execute(569)) - e1d07e13-fba7-421e-90fa-c7d02cfb4ed9@group-09118E94AB75-SegmentedRaftLogWorker: created new log segment /workdir/hadoop-ozone/ozonefs/target/test-dir/MiniOzoneClusterImpl-8b6a8972-8eda-4f33-b3cf-a560ba2c5b87/datanode-6/data/ratis/790d8556-b320-48b4-a9d4-09118e94ab75/current/log_inprogress_0
2019-09-26 13:29:21,192 [e1d07e13-fba7-421e-90fa-c7d02cfb4ed9@group-BDB412075F24:LeaderElection31] INFO  impl.RoleInfo (RoleInfo.java:updateAndGet(143)) - e1d07e13-fba7-421e-90fa-c7d02cfb4ed9: start LeaderState
2019-09-26 13:29:21,192 [e1d07e13-fba7-421e-90fa-c7d02cfb4ed9@group-BDB412075F24:LeaderElection31] INFO  segmented.SegmentedRaftLogWorker (SegmentedRaftLogWorker.java:startLogSegment(380)) - e1d07e13-fba7-421e-90fa-c7d02cfb4ed9@group-BDB412075F24-SegmentedRaftLogWorker: Starting segment from index:0
2019-09-26 13:29:21,192 [e1d07e13-fba7-421e-90fa-c7d02cfb4ed9@group-BDB412075F24:LeaderElection31] INFO  impl.RaftServerImpl (ServerState.java:setRaftConf(354)) - e1d07e13-fba7-421e-90fa-c7d02cfb4ed9@group-BDB412075F24: set configuration 0: [e1d07e13-fba7-421e-90fa-c7d02cfb4ed9:192.168.164.238:39231], old=null at 0
2019-09-26 13:29:21,249 [e1d07e13-fba7-421e-90fa-c7d02cfb4ed9@group-BDB412075F24-SegmentedRaftLogWorker] INFO  segmented.SegmentedRaftLogWorker (SegmentedRaftLogWorker.java:execute(569)) - e1d07e13-fba7-421e-90fa-c7d02cfb4ed9@group-BDB412075F24-SegmentedRaftLogWorker: created new log segment /workdir/hadoop-ozone/ozonefs/target/test-dir/MiniOzoneClusterImpl-8b6a8972-8eda-4f33-b3cf-a560ba2c5b87/datanode-6/data/ratis/d2c1aed9-a4cc-4325-8eba-bdb412075f24/current/log_inprogress_0
2019-09-26 13:29:21,309 [Thread-384] INFO  impl.FollowerState (FollowerState.java:run(106)) - 8cfabaed-6bfa-4340-a894-a45e2e16f787:group-93EEFE83A09E changes to CANDIDATE, lastRpcTime:5174, electionTimeout:5174ms
2019-09-26 13:29:21,309 [Thread-384] INFO  impl.RoleInfo (RoleInfo.java:shutdownFollowerState(121)) - 8cfabaed-6bfa-4340-a894-a45e2e16f787: shutdown FollowerState
2019-09-26 13:29:21,309 [Thread-384] INFO  impl.RaftServerImpl (RaftServerImpl.java:setRole(174)) - 8cfabaed-6bfa-4340-a894-a45e2e16f787@group-93EEFE83A09E: changes role from  FOLLOWER to CANDIDATE at term 0 for changeToCandidate
2019-09-26 13:29:21,309 [Thread-384] INFO  impl.RoleInfo (RoleInfo.java:updateAndGet(143)) - 8cfabaed-6bfa-4340-a894-a45e2e16f787: start LeaderElection
2019-09-26 13:29:21,316 [8cfabaed-6bfa-4340-a894-a45e2e16f787@group-93EEFE83A09E:LeaderElection32] INFO  impl.LeaderElection (LeaderElection.java:askForVotes(182)) - 8cfabaed-6bfa-4340-a894-a45e2e16f787@group-93EEFE83A09E:LeaderElection32: begin an election at term 1 for -1: [8cfabaed-6bfa-4340-a894-a45e2e16f787:192.168.164.238:43170], old=null
2019-09-26 13:29:21,316 [8cfabaed-6bfa-4340-a894-a45e2e16f787@group-93EEFE83A09E:LeaderElection32] INFO  impl.RoleInfo (RoleInfo.java:shutdownLeaderElection(134)) - 8cfabaed-6bfa-4340-a894-a45e2e16f787: shutdown LeaderElection
2019-09-26 13:29:21,316 [8cfabaed-6bfa-4340-a894-a45e2e16f787@group-93EEFE83A09E:LeaderElection32] INFO  impl.RaftServerImpl (RaftServerImpl.java:setRole(174)) - 8cfabaed-6bfa-4340-a894-a45e2e16f787@group-93EEFE83A09E: changes role from CANDIDATE to LEADER at term 1 for changeToLeader
2019-09-26 13:29:21,317 [8cfabaed-6bfa-4340-a894-a45e2e16f787@group-93EEFE83A09E:LeaderElection32] INFO  impl.RaftServerImpl (ServerState.java:setLeader(253)) - 8cfabaed-6bfa-4340-a894-a45e2e16f787@group-93EEFE83A09E: change Leader from null to 8cfabaed-6bfa-4340-a894-a45e2e16f787 at term 1 for becomeLeader, leader elected after 5186ms
2019-09-26 13:29:21,317 [8cfabaed-6bfa-4340-a894-a45e2e16f787@group-93EEFE83A09E:LeaderElection32] INFO  server.RaftServerConfigKeys (ConfUtils.java:logGet(43)) - raft.server.staging.catchup.gap = 1000 (default)
2019-09-26 13:29:21,317 [8cfabaed-6bfa-4340-a894-a45e2e16f787@group-93EEFE83A09E:LeaderElection32] INFO  server.RaftServerConfigKeys (ConfUtils.java:logGet(43)) - raft.server.rpc.sleep.time = 25ms (default)
2019-09-26 13:29:21,317 [8cfabaed-6bfa-4340-a894-a45e2e16f787@group-93EEFE83A09E:LeaderElection32] INFO  server.RaftServerConfigKeys (ConfUtils.java:logGet(43)) - raft.server.write.element-limit = 4096 (default)
2019-09-26 13:29:21,317 [8cfabaed-6bfa-4340-a894-a45e2e16f787@group-93EEFE83A09E:LeaderElection32] INFO  server.RaftServerConfigKeys (ConfUtils.java:logGet(43)) - raft.server.watch.timeout = 10s (default)
2019-09-26 13:29:21,317 [8cfabaed-6bfa-4340-a894-a45e2e16f787@group-93EEFE83A09E:LeaderElection32] INFO  server.RaftServerConfigKeys (ConfUtils.java:logGet(43)) - raft.server.watch.timeout.denomination = 1s (default)
2019-09-26 13:29:21,317 [8cfabaed-6bfa-4340-a894-a45e2e16f787@group-93EEFE83A09E:LeaderElection32] INFO  server.RaftServerConfigKeys (ConfUtils.java:logGet(43)) - raft.server.watch.element-limit = 65536 (default)
2019-09-26 13:29:21,319 [8cfabaed-6bfa-4340-a894-a45e2e16f787@group-93EEFE83A09E:LeaderElection32] INFO  impl.RoleInfo (RoleInfo.java:updateAndGet(143)) - 8cfabaed-6bfa-4340-a894-a45e2e16f787: start LeaderState
2019-09-26 13:29:21,319 [8cfabaed-6bfa-4340-a894-a45e2e16f787@group-93EEFE83A09E:LeaderElection32] INFO  segmented.SegmentedRaftLogWorker (SegmentedRaftLogWorker.java:startLogSegment(380)) - 8cfabaed-6bfa-4340-a894-a45e2e16f787@group-93EEFE83A09E-SegmentedRaftLogWorker: Starting segment from index:0
2019-09-26 13:29:21,319 [8cfabaed-6bfa-4340-a894-a45e2e16f787@group-93EEFE83A09E:LeaderElection32] INFO  impl.RaftServerImpl (ServerState.java:setRaftConf(354)) - 8cfabaed-6bfa-4340-a894-a45e2e16f787@group-93EEFE83A09E: set configuration 0: [8cfabaed-6bfa-4340-a894-a45e2e16f787:192.168.164.238:43170], old=null at 0
2019-09-26 13:29:21,358 [8cfabaed-6bfa-4340-a894-a45e2e16f787@group-93EEFE83A09E-SegmentedRaftLogWorker] INFO  segmented.SegmentedRaftLogWorker (SegmentedRaftLogWorker.java:execute(569)) - 8cfabaed-6bfa-4340-a894-a45e2e16f787@group-93EEFE83A09E-SegmentedRaftLogWorker: created new log segment /workdir/hadoop-ozone/ozonefs/target/test-dir/MiniOzoneClusterImpl-8b6a8972-8eda-4f33-b3cf-a560ba2c5b87/datanode-7/data/ratis/c3dd7eb8-161b-4e3b-901f-93eefe83a09e/current/log_inprogress_0
2019-09-26 13:29:21,363 [Thread-387] INFO  impl.FollowerState (FollowerState.java:run(106)) - 281e93f8-a9fe-4958-a33a-388335a7b504:group-F469D3B19BD4 changes to CANDIDATE, lastRpcTime:5178, electionTimeout:5178ms
2019-09-26 13:29:21,364 [Thread-387] INFO  impl.RoleInfo (RoleInfo.java:shutdownFollowerState(121)) - 281e93f8-a9fe-4958-a33a-388335a7b504: shutdown FollowerState
2019-09-26 13:29:21,364 [Thread-387] INFO  impl.RaftServerImpl (RaftServerImpl.java:setRole(174)) - 281e93f8-a9fe-4958-a33a-388335a7b504@group-F469D3B19BD4: changes role from  FOLLOWER to CANDIDATE at term 0 for changeToCandidate
2019-09-26 13:29:21,364 [Thread-387] INFO  impl.RoleInfo (RoleInfo.java:updateAndGet(143)) - 281e93f8-a9fe-4958-a33a-388335a7b504: start LeaderElection
2019-09-26 13:29:21,369 [Thread-393] INFO  impl.FollowerState (FollowerState.java:run(106)) - 281e93f8-a9fe-4958-a33a-388335a7b504:group-0A9D05BCCAE3 changes to CANDIDATE, lastRpcTime:5077, electionTimeout:5077ms
2019-09-26 13:29:21,369 [Thread-393] INFO  impl.RoleInfo (RoleInfo.java:shutdownFollowerState(121)) - 281e93f8-a9fe-4958-a33a-388335a7b504: shutdown FollowerState
2019-09-26 13:29:21,369 [Thread-393] INFO  impl.RaftServerImpl (RaftServerImpl.java:setRole(174)) - 281e93f8-a9fe-4958-a33a-388335a7b504@group-0A9D05BCCAE3: changes role from  FOLLOWER to CANDIDATE at term 0 for changeToCandidate
2019-09-26 13:29:21,370 [Thread-393] INFO  impl.RoleInfo (RoleInfo.java:updateAndGet(143)) - 281e93f8-a9fe-4958-a33a-388335a7b504: start LeaderElection
2019-09-26 13:29:21,374 [281e93f8-a9fe-4958-a33a-388335a7b504@group-F469D3B19BD4:LeaderElection33] INFO  impl.LeaderElection (LeaderElection.java:askForVotes(182)) - 281e93f8-a9fe-4958-a33a-388335a7b504@group-F469D3B19BD4:LeaderElection33: begin an election at term 1 for -1: [281e93f8-a9fe-4958-a33a-388335a7b504:192.168.164.238:40240], old=null
2019-09-26 13:29:21,375 [281e93f8-a9fe-4958-a33a-388335a7b504@group-F469D3B19BD4:LeaderElection33] INFO  impl.RoleInfo (RoleInfo.java:shutdownLeaderElection(134)) - 281e93f8-a9fe-4958-a33a-388335a7b504: shutdown LeaderElection
2019-09-26 13:29:21,375 [281e93f8-a9fe-4958-a33a-388335a7b504@group-F469D3B19BD4:LeaderElection33] INFO  impl.RaftServerImpl (RaftServerImpl.java:setRole(174)) - 281e93f8-a9fe-4958-a33a-388335a7b504@group-F469D3B19BD4: changes role from CANDIDATE to LEADER at term 1 for changeToLeader
2019-09-26 13:29:21,375 [281e93f8-a9fe-4958-a33a-388335a7b504@group-F469D3B19BD4:LeaderElection33] INFO  impl.RaftServerImpl (ServerState.java:setLeader(253)) - 281e93f8-a9fe-4958-a33a-388335a7b504@group-F469D3B19BD4: change Leader from null to 281e93f8-a9fe-4958-a33a-388335a7b504 at term 1 for becomeLeader, leader elected after 5194ms
2019-09-26 13:29:21,375 [281e93f8-a9fe-4958-a33a-388335a7b504@group-F469D3B19BD4:LeaderElection33] INFO  server.RaftServerConfigKeys (ConfUtils.java:logGet(43)) - raft.server.staging.catchup.gap = 1000 (default)
2019-09-26 13:29:21,375 [281e93f8-a9fe-4958-a33a-388335a7b504@group-F469D3B19BD4:LeaderElection33] INFO  server.RaftServerConfigKeys (ConfUtils.java:logGet(43)) - raft.server.rpc.sleep.time = 25ms (default)
2019-09-26 13:29:21,375 [281e93f8-a9fe-4958-a33a-388335a7b504@group-F469D3B19BD4:LeaderElection33] INFO  server.RaftServerConfigKeys (ConfUtils.java:logGet(43)) - raft.server.write.element-limit = 4096 (default)
2019-09-26 13:29:21,375 [281e93f8-a9fe-4958-a33a-388335a7b504@group-F469D3B19BD4:LeaderElection33] INFO  server.RaftServerConfigKeys (ConfUtils.java:logGet(43)) - raft.server.watch.timeout = 10s (default)
2019-09-26 13:29:21,375 [281e93f8-a9fe-4958-a33a-388335a7b504@group-F469D3B19BD4:LeaderElection33] INFO  server.RaftServerConfigKeys (ConfUtils.java:logGet(43)) - raft.server.watch.timeout.denomination = 1s (default)
2019-09-26 13:29:21,375 [281e93f8-a9fe-4958-a33a-388335a7b504@group-F469D3B19BD4:LeaderElection33] INFO  server.RaftServerConfigKeys (ConfUtils.java:logGet(43)) - raft.server.watch.element-limit = 65536 (default)
2019-09-26 13:29:21,376 [281e93f8-a9fe-4958-a33a-388335a7b504@group-0A9D05BCCAE3:LeaderElection34] INFO  impl.LeaderElection (LeaderElection.java:askForVotes(182)) - 281e93f8-a9fe-4958-a33a-388335a7b504@group-0A9D05BCCAE3:LeaderElection34: begin an election at term 1 for -1: [281e93f8-a9fe-4958-a33a-388335a7b504:192.168.164.238:40240], old=null
2019-09-26 13:29:21,376 [281e93f8-a9fe-4958-a33a-388335a7b504@group-0A9D05BCCAE3:LeaderElection34] INFO  impl.RoleInfo (RoleInfo.java:shutdownLeaderElection(134)) - 281e93f8-a9fe-4958-a33a-388335a7b504: shutdown LeaderElection
2019-09-26 13:29:21,376 [281e93f8-a9fe-4958-a33a-388335a7b504@group-0A9D05BCCAE3:LeaderElection34] INFO  impl.RaftServerImpl (RaftServerImpl.java:setRole(174)) - 281e93f8-a9fe-4958-a33a-388335a7b504@group-0A9D05BCCAE3: changes role from CANDIDATE to LEADER at term 1 for changeToLeader
2019-09-26 13:29:21,376 [281e93f8-a9fe-4958-a33a-388335a7b504@group-0A9D05BCCAE3:LeaderElection34] INFO  impl.RaftServerImpl (ServerState.java:setLeader(253)) - 281e93f8-a9fe-4958-a33a-388335a7b504@group-0A9D05BCCAE3: change Leader from null to 281e93f8-a9fe-4958-a33a-388335a7b504 at term 1 for becomeLeader, leader elected after 5089ms
2019-09-26 13:29:21,377 [281e93f8-a9fe-4958-a33a-388335a7b504@group-0A9D05BCCAE3:LeaderElection34] INFO  server.RaftServerConfigKeys (ConfUtils.java:logGet(43)) - raft.server.staging.catchup.gap = 1000 (default)
2019-09-26 13:29:21,377 [281e93f8-a9fe-4958-a33a-388335a7b504@group-0A9D05BCCAE3:LeaderElection34] INFO  server.RaftServerConfigKeys (ConfUtils.java:logGet(43)) - raft.server.rpc.sleep.time = 25ms (default)
2019-09-26 13:29:21,377 [281e93f8-a9fe-4958-a33a-388335a7b504@group-0A9D05BCCAE3:LeaderElection34] INFO  server.RaftServerConfigKeys (ConfUtils.java:logGet(43)) - raft.server.write.element-limit = 4096 (default)
2019-09-26 13:29:21,377 [281e93f8-a9fe-4958-a33a-388335a7b504@group-0A9D05BCCAE3:LeaderElection34] INFO  server.RaftServerConfigKeys (ConfUtils.java:logGet(43)) - raft.server.watch.timeout = 10s (default)
2019-09-26 13:29:21,377 [281e93f8-a9fe-4958-a33a-388335a7b504@group-0A9D05BCCAE3:LeaderElection34] INFO  server.RaftServerConfigKeys (ConfUtils.java:logGet(43)) - raft.server.watch.timeout.denomination = 1s (default)
2019-09-26 13:29:21,377 [281e93f8-a9fe-4958-a33a-388335a7b504@group-F469D3B19BD4:LeaderElection33] INFO  impl.RoleInfo (RoleInfo.java:updateAndGet(143)) - 281e93f8-a9fe-4958-a33a-388335a7b504: start LeaderState
2019-09-26 13:29:21,377 [281e93f8-a9fe-4958-a33a-388335a7b504@group-0A9D05BCCAE3:LeaderElection34] INFO  server.RaftServerConfigKeys (ConfUtils.java:logGet(43)) - raft.server.watch.element-limit = 65536 (default)
2019-09-26 13:29:21,377 [281e93f8-a9fe-4958-a33a-388335a7b504@group-F469D3B19BD4:LeaderElection33] INFO  segmented.SegmentedRaftLogWorker (SegmentedRaftLogWorker.java:startLogSegment(380)) - 281e93f8-a9fe-4958-a33a-388335a7b504@group-F469D3B19BD4-SegmentedRaftLogWorker: Starting segment from index:0
2019-09-26 13:29:21,378 [281e93f8-a9fe-4958-a33a-388335a7b504@group-F469D3B19BD4:LeaderElection33] INFO  impl.RaftServerImpl (ServerState.java:setRaftConf(354)) - 281e93f8-a9fe-4958-a33a-388335a7b504@group-F469D3B19BD4: set configuration 0: [281e93f8-a9fe-4958-a33a-388335a7b504:192.168.164.238:40240], old=null at 0
2019-09-26 13:29:21,404 [Thread-390] INFO  impl.FollowerState (FollowerState.java:run(106)) - e1d07e13-fba7-421e-90fa-c7d02cfb4ed9:group-486BD32D1340 changes to CANDIDATE, lastRpcTime:5166, electionTimeout:5161ms
2019-09-26 13:29:21,405 [Thread-390] INFO  impl.RoleInfo (RoleInfo.java:shutdownFollowerState(121)) - e1d07e13-fba7-421e-90fa-c7d02cfb4ed9: shutdown FollowerState
2019-09-26 13:29:21,405 [Thread-390] INFO  impl.RaftServerImpl (RaftServerImpl.java:setRole(174)) - e1d07e13-fba7-421e-90fa-c7d02cfb4ed9@group-486BD32D1340: changes role from  FOLLOWER to CANDIDATE at term 0 for changeToCandidate
2019-09-26 13:29:21,405 [Thread-390] INFO  impl.RoleInfo (RoleInfo.java:updateAndGet(143)) - e1d07e13-fba7-421e-90fa-c7d02cfb4ed9: start LeaderElection
2019-09-26 13:29:21,409 [281e93f8-a9fe-4958-a33a-388335a7b504@group-0A9D05BCCAE3:LeaderElection34] INFO  impl.RoleInfo (RoleInfo.java:updateAndGet(143)) - 281e93f8-a9fe-4958-a33a-388335a7b504: start LeaderState
2019-09-26 13:29:21,409 [281e93f8-a9fe-4958-a33a-388335a7b504@group-0A9D05BCCAE3:LeaderElection34] INFO  segmented.SegmentedRaftLogWorker (SegmentedRaftLogWorker.java:startLogSegment(380)) - 281e93f8-a9fe-4958-a33a-388335a7b504@group-0A9D05BCCAE3-SegmentedRaftLogWorker: Starting segment from index:0
2019-09-26 13:29:21,410 [281e93f8-a9fe-4958-a33a-388335a7b504@group-0A9D05BCCAE3:LeaderElection34] INFO  impl.RaftServerImpl (ServerState.java:setRaftConf(354)) - 281e93f8-a9fe-4958-a33a-388335a7b504@group-0A9D05BCCAE3: set configuration 0: [281e93f8-a9fe-4958-a33a-388335a7b504:192.168.164.238:40240], old=null at 0
2019-09-26 13:29:21,436 [281e93f8-a9fe-4958-a33a-388335a7b504@group-F469D3B19BD4-SegmentedRaftLogWorker] INFO  segmented.SegmentedRaftLogWorker (SegmentedRaftLogWorker.java:execute(569)) - 281e93f8-a9fe-4958-a33a-388335a7b504@group-F469D3B19BD4-SegmentedRaftLogWorker: created new log segment /workdir/hadoop-ozone/ozonefs/target/test-dir/MiniOzoneClusterImpl-8b6a8972-8eda-4f33-b3cf-a560ba2c5b87/datanode-4/data/ratis/2dd85cda-2f6c-4a82-b0c2-f469d3b19bd4/current/log_inprogress_0
2019-09-26 13:29:21,436 [Thread-396] INFO  impl.FollowerState (FollowerState.java:run(106)) - e1d07e13-fba7-421e-90fa-c7d02cfb4ed9:group-283CA6AD0098 changes to CANDIDATE, lastRpcTime:5082, electionTimeout:5080ms
2019-09-26 13:29:21,436 [e1d07e13-fba7-421e-90fa-c7d02cfb4ed9@group-486BD32D1340:LeaderElection35] INFO  impl.LeaderElection (LeaderElection.java:askForVotes(182)) - e1d07e13-fba7-421e-90fa-c7d02cfb4ed9@group-486BD32D1340:LeaderElection35: begin an election at term 1 for -1: [e1d07e13-fba7-421e-90fa-c7d02cfb4ed9:192.168.164.238:39231], old=null
2019-09-26 13:29:21,441 [Thread-396] INFO  impl.RoleInfo (RoleInfo.java:shutdownFollowerState(121)) - e1d07e13-fba7-421e-90fa-c7d02cfb4ed9: shutdown FollowerState
2019-09-26 13:29:21,441 [e1d07e13-fba7-421e-90fa-c7d02cfb4ed9@group-486BD32D1340:LeaderElection35] INFO  impl.RoleInfo (RoleInfo.java:shutdownLeaderElection(134)) - e1d07e13-fba7-421e-90fa-c7d02cfb4ed9: shutdown LeaderElection
2019-09-26 13:29:21,441 [Thread-396] INFO  impl.RaftServerImpl (RaftServerImpl.java:setRole(174)) - e1d07e13-fba7-421e-90fa-c7d02cfb4ed9@group-283CA6AD0098: changes role from  FOLLOWER to CANDIDATE at term 0 for changeToCandidate
2019-09-26 13:29:21,441 [e1d07e13-fba7-421e-90fa-c7d02cfb4ed9@group-486BD32D1340:LeaderElection35] INFO  impl.RaftServerImpl (RaftServerImpl.java:setRole(174)) - e1d07e13-fba7-421e-90fa-c7d02cfb4ed9@group-486BD32D1340: changes role from CANDIDATE to LEADER at term 1 for changeToLeader
2019-09-26 13:29:21,441 [e1d07e13-fba7-421e-90fa-c7d02cfb4ed9@group-486BD32D1340:LeaderElection35] INFO  impl.RaftServerImpl (ServerState.java:setLeader(253)) - e1d07e13-fba7-421e-90fa-c7d02cfb4ed9@group-486BD32D1340: change Leader from null to e1d07e13-fba7-421e-90fa-c7d02cfb4ed9 at term 1 for becomeLeader, leader elected after 5209ms
2019-09-26 13:29:21,441 [Thread-396] INFO  impl.RoleInfo (RoleInfo.java:updateAndGet(143)) - e1d07e13-fba7-421e-90fa-c7d02cfb4ed9: start LeaderElection
2019-09-26 13:29:21,441 [e1d07e13-fba7-421e-90fa-c7d02cfb4ed9@group-486BD32D1340:LeaderElection35] INFO  server.RaftServerConfigKeys (ConfUtils.java:logGet(43)) - raft.server.staging.catchup.gap = 1000 (default)
2019-09-26 13:29:21,442 [e1d07e13-fba7-421e-90fa-c7d02cfb4ed9@group-486BD32D1340:LeaderElection35] INFO  server.RaftServerConfigKeys (ConfUtils.java:logGet(43)) - raft.server.rpc.sleep.time = 25ms (default)
2019-09-26 13:29:21,442 [e1d07e13-fba7-421e-90fa-c7d02cfb4ed9@group-486BD32D1340:LeaderElection35] INFO  server.RaftServerConfigKeys (ConfUtils.java:logGet(43)) - raft.server.write.element-limit = 4096 (default)
2019-09-26 13:29:21,444 [e1d07e13-fba7-421e-90fa-c7d02cfb4ed9@group-486BD32D1340:LeaderElection35] INFO  server.RaftServerConfigKeys (ConfUtils.java:logGet(43)) - raft.server.watch.timeout = 10s (default)
2019-09-26 13:29:21,444 [e1d07e13-fba7-421e-90fa-c7d02cfb4ed9@group-486BD32D1340:LeaderElection35] INFO  server.RaftServerConfigKeys (ConfUtils.java:logGet(43)) - raft.server.watch.timeout.denomination = 1s (default)
2019-09-26 13:29:21,444 [e1d07e13-fba7-421e-90fa-c7d02cfb4ed9@group-486BD32D1340:LeaderElection35] INFO  server.RaftServerConfigKeys (ConfUtils.java:logGet(43)) - raft.server.watch.element-limit = 65536 (default)
2019-09-26 13:29:21,447 [e1d07e13-fba7-421e-90fa-c7d02cfb4ed9@group-486BD32D1340:LeaderElection35] INFO  impl.RoleInfo (RoleInfo.java:updateAndGet(143)) - e1d07e13-fba7-421e-90fa-c7d02cfb4ed9: start LeaderState
2019-09-26 13:29:21,447 [e1d07e13-fba7-421e-90fa-c7d02cfb4ed9@group-486BD32D1340:LeaderElection35] INFO  segmented.SegmentedRaftLogWorker (SegmentedRaftLogWorker.java:startLogSegment(380)) - e1d07e13-fba7-421e-90fa-c7d02cfb4ed9@group-486BD32D1340-SegmentedRaftLogWorker: Starting segment from index:0
2019-09-26 13:29:21,447 [e1d07e13-fba7-421e-90fa-c7d02cfb4ed9@group-486BD32D1340:LeaderElection35] INFO  impl.RaftServerImpl (ServerState.java:setRaftConf(354)) - e1d07e13-fba7-421e-90fa-c7d02cfb4ed9@group-486BD32D1340: set configuration 0: [e1d07e13-fba7-421e-90fa-c7d02cfb4ed9:192.168.164.238:39231], old=null at 0
2019-09-26 13:29:21,451 [281e93f8-a9fe-4958-a33a-388335a7b504@group-0A9D05BCCAE3-SegmentedRaftLogWorker] INFO  segmented.SegmentedRaftLogWorker (SegmentedRaftLogWorker.java:execute(569)) - 281e93f8-a9fe-4958-a33a-388335a7b504@group-0A9D05BCCAE3-SegmentedRaftLogWorker: created new log segment /workdir/hadoop-ozone/ozonefs/target/test-dir/MiniOzoneClusterImpl-8b6a8972-8eda-4f33-b3cf-a560ba2c5b87/datanode-4/data/ratis/b380ca16-ede1-45e4-ac3d-0a9d05bccae3/current/log_inprogress_0
2019-09-26 13:29:21,451 [e1d07e13-fba7-421e-90fa-c7d02cfb4ed9@group-283CA6AD0098:LeaderElection36] INFO  impl.LeaderElection (LeaderElection.java:askForVotes(182)) - e1d07e13-fba7-421e-90fa-c7d02cfb4ed9@group-283CA6AD0098:LeaderElection36: begin an election at term 1 for -1: [e1d07e13-fba7-421e-90fa-c7d02cfb4ed9:192.168.164.238:39231], old=null
2019-09-26 13:29:21,451 [e1d07e13-fba7-421e-90fa-c7d02cfb4ed9@group-283CA6AD0098:LeaderElection36] INFO  impl.RoleInfo (RoleInfo.java:shutdownLeaderElection(134)) - e1d07e13-fba7-421e-90fa-c7d02cfb4ed9: shutdown LeaderElection
2019-09-26 13:29:21,451 [e1d07e13-fba7-421e-90fa-c7d02cfb4ed9@group-283CA6AD0098:LeaderElection36] INFO  impl.RaftServerImpl (RaftServerImpl.java:setRole(174)) - e1d07e13-fba7-421e-90fa-c7d02cfb4ed9@group-283CA6AD0098: changes role from CANDIDATE to LEADER at term 1 for changeToLeader
2019-09-26 13:29:21,451 [e1d07e13-fba7-421e-90fa-c7d02cfb4ed9@group-283CA6AD0098:LeaderElection36] INFO  impl.RaftServerImpl (ServerState.java:setLeader(253)) - e1d07e13-fba7-421e-90fa-c7d02cfb4ed9@group-283CA6AD0098: change Leader from null to e1d07e13-fba7-421e-90fa-c7d02cfb4ed9 at term 1 for becomeLeader, leader elected after 5104ms
2019-09-26 13:29:21,452 [e1d07e13-fba7-421e-90fa-c7d02cfb4ed9@group-283CA6AD0098:LeaderElection36] INFO  server.RaftServerConfigKeys (ConfUtils.java:logGet(43)) - raft.server.staging.catchup.gap = 1000 (default)
2019-09-26 13:29:21,452 [e1d07e13-fba7-421e-90fa-c7d02cfb4ed9@group-283CA6AD0098:LeaderElection36] INFO  server.RaftServerConfigKeys (ConfUtils.java:logGet(43)) - raft.server.rpc.sleep.time = 25ms (default)
2019-09-26 13:29:21,452 [e1d07e13-fba7-421e-90fa-c7d02cfb4ed9@group-283CA6AD0098:LeaderElection36] INFO  server.RaftServerConfigKeys (ConfUtils.java:logGet(43)) - raft.server.write.element-limit = 4096 (default)
2019-09-26 13:29:21,452 [e1d07e13-fba7-421e-90fa-c7d02cfb4ed9@group-283CA6AD0098:LeaderElection36] INFO  server.RaftServerConfigKeys (ConfUtils.java:logGet(43)) - raft.server.watch.timeout = 10s (default)
2019-09-26 13:29:21,452 [e1d07e13-fba7-421e-90fa-c7d02cfb4ed9@group-283CA6AD0098:LeaderElection36] INFO  server.RaftServerConfigKeys (ConfUtils.java:logGet(43)) - raft.server.watch.timeout.denomination = 1s (default)
2019-09-26 13:29:21,452 [e1d07e13-fba7-421e-90fa-c7d02cfb4ed9@group-283CA6AD0098:LeaderElection36] INFO  server.RaftServerConfigKeys (ConfUtils.java:logGet(43)) - raft.server.watch.element-limit = 65536 (default)
2019-09-26 13:29:21,454 [e1d07e13-fba7-421e-90fa-c7d02cfb4ed9@group-283CA6AD0098:LeaderElection36] INFO  impl.RoleInfo (RoleInfo.java:updateAndGet(143)) - e1d07e13-fba7-421e-90fa-c7d02cfb4ed9: start LeaderState
2019-09-26 13:29:21,454 [e1d07e13-fba7-421e-90fa-c7d02cfb4ed9@group-283CA6AD0098:LeaderElection36] INFO  segmented.SegmentedRaftLogWorker (SegmentedRaftLogWorker.java:startLogSegment(380)) - e1d07e13-fba7-421e-90fa-c7d02cfb4ed9@group-283CA6AD0098-SegmentedRaftLogWorker: Starting segment from index:0
2019-09-26 13:29:21,455 [e1d07e13-fba7-421e-90fa-c7d02cfb4ed9@group-283CA6AD0098:LeaderElection36] INFO  impl.RaftServerImpl (ServerState.java:setRaftConf(354)) - e1d07e13-fba7-421e-90fa-c7d02cfb4ed9@group-283CA6AD0098: set configuration 0: [e1d07e13-fba7-421e-90fa-c7d02cfb4ed9:192.168.164.238:39231], old=null at 0
2019-09-26 13:29:21,512 [Thread-399] INFO  impl.FollowerState (FollowerState.java:run(106)) - 8cfabaed-6bfa-4340-a894-a45e2e16f787:group-E93721A16969 changes to CANDIDATE, lastRpcTime:5103, electionTimeout:5103ms
2019-09-26 13:29:21,512 [Thread-399] INFO  impl.RoleInfo (RoleInfo.java:shutdownFollowerState(121)) - 8cfabaed-6bfa-4340-a894-a45e2e16f787: shutdown FollowerState
2019-09-26 13:29:21,513 [Thread-399] INFO  impl.RaftServerImpl (RaftServerImpl.java:setRole(174)) - 8cfabaed-6bfa-4340-a894-a45e2e16f787@group-E93721A16969: changes role from  FOLLOWER to CANDIDATE at term 0 for changeToCandidate
2019-09-26 13:29:21,513 [Thread-399] INFO  impl.RoleInfo (RoleInfo.java:updateAndGet(143)) - 8cfabaed-6bfa-4340-a894-a45e2e16f787: start LeaderElection
2019-09-26 13:29:21,517 [e1d07e13-fba7-421e-90fa-c7d02cfb4ed9@group-486BD32D1340-SegmentedRaftLogWorker] INFO  segmented.SegmentedRaftLogWorker (SegmentedRaftLogWorker.java:execute(569)) - e1d07e13-fba7-421e-90fa-c7d02cfb4ed9@group-486BD32D1340-SegmentedRaftLogWorker: created new log segment /workdir/hadoop-ozone/ozonefs/target/test-dir/MiniOzoneClusterImpl-8b6a8972-8eda-4f33-b3cf-a560ba2c5b87/datanode-6/data/ratis/e9ce91bc-dc96-4c07-8094-486bd32d1340/current/log_inprogress_0
2019-09-26 13:29:21,517 [e1d07e13-fba7-421e-90fa-c7d02cfb4ed9@group-283CA6AD0098-SegmentedRaftLogWorker] INFO  segmented.SegmentedRaftLogWorker (SegmentedRaftLogWorker.java:execute(569)) - e1d07e13-fba7-421e-90fa-c7d02cfb4ed9@group-283CA6AD0098-SegmentedRaftLogWorker: created new log segment /workdir/hadoop-ozone/ozonefs/target/test-dir/MiniOzoneClusterImpl-8b6a8972-8eda-4f33-b3cf-a560ba2c5b87/datanode-6/data/ratis/368fa056-6805-4729-bc4e-283ca6ad0098/current/log_inprogress_0
2019-09-26 13:29:21,541 [8cfabaed-6bfa-4340-a894-a45e2e16f787@group-E93721A16969:LeaderElection37] INFO  impl.LeaderElection (LeaderElection.java:askForVotes(182)) - 8cfabaed-6bfa-4340-a894-a45e2e16f787@group-E93721A16969:LeaderElection37: begin an election at term 1 for -1: [8cfabaed-6bfa-4340-a894-a45e2e16f787:192.168.164.238:43170], old=null
2019-09-26 13:29:21,541 [8cfabaed-6bfa-4340-a894-a45e2e16f787@group-E93721A16969:LeaderElection37] INFO  impl.RoleInfo (RoleInfo.java:shutdownLeaderElection(134)) - 8cfabaed-6bfa-4340-a894-a45e2e16f787: shutdown LeaderElection
2019-09-26 13:29:21,541 [8cfabaed-6bfa-4340-a894-a45e2e16f787@group-E93721A16969:LeaderElection37] INFO  impl.RaftServerImpl (RaftServerImpl.java:setRole(174)) - 8cfabaed-6bfa-4340-a894-a45e2e16f787@group-E93721A16969: changes role from CANDIDATE to LEADER at term 1 for changeToLeader
2019-09-26 13:29:21,541 [8cfabaed-6bfa-4340-a894-a45e2e16f787@group-E93721A16969:LeaderElection37] INFO  impl.RaftServerImpl (ServerState.java:setLeader(253)) - 8cfabaed-6bfa-4340-a894-a45e2e16f787@group-E93721A16969: change Leader from null to 8cfabaed-6bfa-4340-a894-a45e2e16f787 at term 1 for becomeLeader, leader elected after 5138ms
2019-09-26 13:29:21,541 [8cfabaed-6bfa-4340-a894-a45e2e16f787@group-E93721A16969:LeaderElection37] INFO  server.RaftServerConfigKeys (ConfUtils.java:logGet(43)) - raft.server.staging.catchup.gap = 1000 (default)
2019-09-26 13:29:21,541 [8cfabaed-6bfa-4340-a894-a45e2e16f787@group-E93721A16969:LeaderElection37] INFO  server.RaftServerConfigKeys (ConfUtils.java:logGet(43)) - raft.server.rpc.sleep.time = 25ms (default)
2019-09-26 13:29:21,541 [8cfabaed-6bfa-4340-a894-a45e2e16f787@group-E93721A16969:LeaderElection37] INFO  server.RaftServerConfigKeys (ConfUtils.java:logGet(43)) - raft.server.write.element-limit = 4096 (default)
2019-09-26 13:29:21,541 [8cfabaed-6bfa-4340-a894-a45e2e16f787@group-E93721A16969:LeaderElection37] INFO  server.RaftServerConfigKeys (ConfUtils.java:logGet(43)) - raft.server.watch.timeout = 10s (default)
2019-09-26 13:29:21,542 [8cfabaed-6bfa-4340-a894-a45e2e16f787@group-E93721A16969:LeaderElection37] INFO  server.RaftServerConfigKeys (ConfUtils.java:logGet(43)) - raft.server.watch.timeout.denomination = 1s (default)
2019-09-26 13:29:21,542 [8cfabaed-6bfa-4340-a894-a45e2e16f787@group-E93721A16969:LeaderElection37] INFO  server.RaftServerConfigKeys (ConfUtils.java:logGet(43)) - raft.server.watch.element-limit = 65536 (default)
2019-09-26 13:29:21,543 [8cfabaed-6bfa-4340-a894-a45e2e16f787@group-E93721A16969:LeaderElection37] INFO  impl.RoleInfo (RoleInfo.java:updateAndGet(143)) - 8cfabaed-6bfa-4340-a894-a45e2e16f787: start LeaderState
2019-09-26 13:29:21,543 [8cfabaed-6bfa-4340-a894-a45e2e16f787@group-E93721A16969:LeaderElection37] INFO  segmented.SegmentedRaftLogWorker (SegmentedRaftLogWorker.java:startLogSegment(380)) - 8cfabaed-6bfa-4340-a894-a45e2e16f787@group-E93721A16969-SegmentedRaftLogWorker: Starting segment from index:0
2019-09-26 13:29:21,544 [8cfabaed-6bfa-4340-a894-a45e2e16f787@group-E93721A16969:LeaderElection37] INFO  impl.RaftServerImpl (ServerState.java:setRaftConf(354)) - 8cfabaed-6bfa-4340-a894-a45e2e16f787@group-E93721A16969: set configuration 0: [8cfabaed-6bfa-4340-a894-a45e2e16f787:192.168.164.238:43170], old=null at 0
2019-09-26 13:29:21,570 [Thread-402] INFO  impl.FollowerState (FollowerState.java:run(106)) - 1987c896-e32f-4a06-ac9a-08216b278c2b:group-0F0EADB37C4C changes to CANDIDATE, lastRpcTime:5109, electionTimeout:5087ms
2019-09-26 13:29:21,570 [Thread-402] INFO  impl.RoleInfo (RoleInfo.java:shutdownFollowerState(121)) - 1987c896-e32f-4a06-ac9a-08216b278c2b: shutdown FollowerState
2019-09-26 13:29:21,570 [Thread-402] INFO  impl.RaftServerImpl (RaftServerImpl.java:setRole(174)) - 1987c896-e32f-4a06-ac9a-08216b278c2b@group-0F0EADB37C4C: changes role from  FOLLOWER to CANDIDATE at term 0 for changeToCandidate
2019-09-26 13:29:21,570 [Thread-402] INFO  impl.RoleInfo (RoleInfo.java:updateAndGet(143)) - 1987c896-e32f-4a06-ac9a-08216b278c2b: start LeaderElection
2019-09-26 13:29:21,573 [8cfabaed-6bfa-4340-a894-a45e2e16f787@group-E93721A16969-SegmentedRaftLogWorker] INFO  segmented.SegmentedRaftLogWorker (SegmentedRaftLogWorker.java:execute(569)) - 8cfabaed-6bfa-4340-a894-a45e2e16f787@group-E93721A16969-SegmentedRaftLogWorker: created new log segment /workdir/hadoop-ozone/ozonefs/target/test-dir/MiniOzoneClusterImpl-8b6a8972-8eda-4f33-b3cf-a560ba2c5b87/datanode-7/data/ratis/0bc12016-c25f-4020-a6e9-e93721a16969/current/log_inprogress_0
2019-09-26 13:29:21,587 [1987c896-e32f-4a06-ac9a-08216b278c2b@group-0F0EADB37C4C:LeaderElection38] INFO  impl.LeaderElection (LeaderElection.java:askForVotes(182)) - 1987c896-e32f-4a06-ac9a-08216b278c2b@group-0F0EADB37C4C:LeaderElection38: begin an election at term 1 for -1: [1987c896-e32f-4a06-ac9a-08216b278c2b:192.168.164.238:46271], old=null
2019-09-26 13:29:21,587 [1987c896-e32f-4a06-ac9a-08216b278c2b@group-0F0EADB37C4C:LeaderElection38] INFO  impl.RoleInfo (RoleInfo.java:shutdownLeaderElection(134)) - 1987c896-e32f-4a06-ac9a-08216b278c2b: shutdown LeaderElection
2019-09-26 13:29:21,587 [1987c896-e32f-4a06-ac9a-08216b278c2b@group-0F0EADB37C4C:LeaderElection38] INFO  impl.RaftServerImpl (RaftServerImpl.java:setRole(174)) - 1987c896-e32f-4a06-ac9a-08216b278c2b@group-0F0EADB37C4C: changes role from CANDIDATE to LEADER at term 1 for changeToLeader
2019-09-26 13:29:21,587 [1987c896-e32f-4a06-ac9a-08216b278c2b@group-0F0EADB37C4C:LeaderElection38] INFO  impl.RaftServerImpl (ServerState.java:setLeader(253)) - 1987c896-e32f-4a06-ac9a-08216b278c2b@group-0F0EADB37C4C: change Leader from null to 1987c896-e32f-4a06-ac9a-08216b278c2b at term 1 for becomeLeader, leader elected after 5132ms
2019-09-26 13:29:21,587 [1987c896-e32f-4a06-ac9a-08216b278c2b@group-0F0EADB37C4C:LeaderElection38] INFO  server.RaftServerConfigKeys (ConfUtils.java:logGet(43)) - raft.server.staging.catchup.gap = 1000 (default)
2019-09-26 13:29:21,588 [1987c896-e32f-4a06-ac9a-08216b278c2b@group-0F0EADB37C4C:LeaderElection38] INFO  server.RaftServerConfigKeys (ConfUtils.java:logGet(43)) - raft.server.rpc.sleep.time = 25ms (default)
2019-09-26 13:29:21,588 [1987c896-e32f-4a06-ac9a-08216b278c2b@group-0F0EADB37C4C:LeaderElection38] INFO  server.RaftServerConfigKeys (ConfUtils.java:logGet(43)) - raft.server.write.element-limit = 4096 (default)
2019-09-26 13:29:21,588 [1987c896-e32f-4a06-ac9a-08216b278c2b@group-0F0EADB37C4C:LeaderElection38] INFO  server.RaftServerConfigKeys (ConfUtils.java:logGet(43)) - raft.server.watch.timeout = 10s (default)
2019-09-26 13:29:21,588 [1987c896-e32f-4a06-ac9a-08216b278c2b@group-0F0EADB37C4C:LeaderElection38] INFO  server.RaftServerConfigKeys (ConfUtils.java:logGet(43)) - raft.server.watch.timeout.denomination = 1s (default)
2019-09-26 13:29:21,588 [1987c896-e32f-4a06-ac9a-08216b278c2b@group-0F0EADB37C4C:LeaderElection38] INFO  server.RaftServerConfigKeys (ConfUtils.java:logGet(43)) - raft.server.watch.element-limit = 65536 (default)
2019-09-26 13:29:21,589 [1987c896-e32f-4a06-ac9a-08216b278c2b@group-0F0EADB37C4C:LeaderElection38] INFO  impl.RoleInfo (RoleInfo.java:updateAndGet(143)) - 1987c896-e32f-4a06-ac9a-08216b278c2b: start LeaderState
2019-09-26 13:29:21,590 [1987c896-e32f-4a06-ac9a-08216b278c2b@group-0F0EADB37C4C:LeaderElection38] INFO  segmented.SegmentedRaftLogWorker (SegmentedRaftLogWorker.java:startLogSegment(380)) - 1987c896-e32f-4a06-ac9a-08216b278c2b@group-0F0EADB37C4C-SegmentedRaftLogWorker: Starting segment from index:0
2019-09-26 13:29:21,590 [1987c896-e32f-4a06-ac9a-08216b278c2b@group-0F0EADB37C4C:LeaderElection38] INFO  impl.RaftServerImpl (ServerState.java:setRaftConf(354)) - 1987c896-e32f-4a06-ac9a-08216b278c2b@group-0F0EADB37C4C: set configuration 0: [1987c896-e32f-4a06-ac9a-08216b278c2b:192.168.164.238:46271], old=null at 0
2019-09-26 13:29:21,629 [1987c896-e32f-4a06-ac9a-08216b278c2b@group-0F0EADB37C4C-SegmentedRaftLogWorker] INFO  segmented.SegmentedRaftLogWorker (SegmentedRaftLogWorker.java:execute(569)) - 1987c896-e32f-4a06-ac9a-08216b278c2b@group-0F0EADB37C4C-SegmentedRaftLogWorker: created new log segment /workdir/hadoop-ozone/ozonefs/target/test-dir/MiniOzoneClusterImpl-8b6a8972-8eda-4f33-b3cf-a560ba2c5b87/datanode-5/data/ratis/7048c1c9-1783-4693-ad88-0f0eadb37c4c/current/log_inprogress_0
2019-09-26 13:29:21,672 [Thread-405] INFO  impl.FollowerState (FollowerState.java:run(106)) - 84b4f0f2-647b-40e2-8663-a3f3ce0b3f80:group-1839775BC7F0 changes to CANDIDATE, lastRpcTime:5143, electionTimeout:5143ms
2019-09-26 13:29:21,672 [Thread-405] INFO  impl.RoleInfo (RoleInfo.java:shutdownFollowerState(121)) - 84b4f0f2-647b-40e2-8663-a3f3ce0b3f80: shutdown FollowerState
2019-09-26 13:29:21,672 [Thread-405] INFO  impl.RaftServerImpl (RaftServerImpl.java:setRole(174)) - 84b4f0f2-647b-40e2-8663-a3f3ce0b3f80@group-1839775BC7F0: changes role from  FOLLOWER to CANDIDATE at term 0 for changeToCandidate
2019-09-26 13:29:21,672 [Thread-405] INFO  impl.RoleInfo (RoleInfo.java:updateAndGet(143)) - 84b4f0f2-647b-40e2-8663-a3f3ce0b3f80: start LeaderElection
2019-09-26 13:29:21,693 [Thread-408] INFO  impl.FollowerState (FollowerState.java:run(106)) - e1d07e13-fba7-421e-90fa-c7d02cfb4ed9:group-8E737069DD2C changes to CANDIDATE, lastRpcTime:5083, electionTimeout:5070ms
2019-09-26 13:29:21,693 [Thread-408] INFO  impl.RoleInfo (RoleInfo.java:shutdownFollowerState(121)) - e1d07e13-fba7-421e-90fa-c7d02cfb4ed9: shutdown FollowerState
2019-09-26 13:29:21,693 [Thread-408] INFO  impl.RaftServerImpl (RaftServerImpl.java:setRole(174)) - e1d07e13-fba7-421e-90fa-c7d02cfb4ed9@group-8E737069DD2C: changes role from  FOLLOWER to CANDIDATE at term 0 for changeToCandidate
2019-09-26 13:29:21,693 [Thread-408] INFO  impl.RoleInfo (RoleInfo.java:updateAndGet(143)) - e1d07e13-fba7-421e-90fa-c7d02cfb4ed9: start LeaderElection
2019-09-26 13:29:21,706 [84b4f0f2-647b-40e2-8663-a3f3ce0b3f80@group-1839775BC7F0:LeaderElection39] INFO  impl.LeaderElection (LeaderElection.java:askForVotes(182)) - 84b4f0f2-647b-40e2-8663-a3f3ce0b3f80@group-1839775BC7F0:LeaderElection39: begin an election at term 1 for -1: [84b4f0f2-647b-40e2-8663-a3f3ce0b3f80:192.168.164.238:46549], old=null
2019-09-26 13:29:21,706 [e1d07e13-fba7-421e-90fa-c7d02cfb4ed9@group-8E737069DD2C:LeaderElection40] INFO  impl.LeaderElection (LeaderElection.java:askForVotes(182)) - e1d07e13-fba7-421e-90fa-c7d02cfb4ed9@group-8E737069DD2C:LeaderElection40: begin an election at term 1 for -1: [e1d07e13-fba7-421e-90fa-c7d02cfb4ed9:192.168.164.238:39231], old=null
2019-09-26 13:29:21,707 [84b4f0f2-647b-40e2-8663-a3f3ce0b3f80@group-1839775BC7F0:LeaderElection39] INFO  impl.RoleInfo (RoleInfo.java:shutdownLeaderElection(134)) - 84b4f0f2-647b-40e2-8663-a3f3ce0b3f80: shutdown LeaderElection
2019-09-26 13:29:21,707 [e1d07e13-fba7-421e-90fa-c7d02cfb4ed9@group-8E737069DD2C:LeaderElection40] INFO  impl.RoleInfo (RoleInfo.java:shutdownLeaderElection(134)) - e1d07e13-fba7-421e-90fa-c7d02cfb4ed9: shutdown LeaderElection
2019-09-26 13:29:21,707 [84b4f0f2-647b-40e2-8663-a3f3ce0b3f80@group-1839775BC7F0:LeaderElection39] INFO  impl.RaftServerImpl (RaftServerImpl.java:setRole(174)) - 84b4f0f2-647b-40e2-8663-a3f3ce0b3f80@group-1839775BC7F0: changes role from CANDIDATE to LEADER at term 1 for changeToLeader
2019-09-26 13:29:21,707 [e1d07e13-fba7-421e-90fa-c7d02cfb4ed9@group-8E737069DD2C:LeaderElection40] INFO  impl.RaftServerImpl (RaftServerImpl.java:setRole(174)) - e1d07e13-fba7-421e-90fa-c7d02cfb4ed9@group-8E737069DD2C: changes role from CANDIDATE to LEADER at term 1 for changeToLeader
2019-09-26 13:29:21,707 [84b4f0f2-647b-40e2-8663-a3f3ce0b3f80@group-1839775BC7F0:LeaderElection39] INFO  impl.RaftServerImpl (ServerState.java:setLeader(253)) - 84b4f0f2-647b-40e2-8663-a3f3ce0b3f80@group-1839775BC7F0: change Leader from null to 84b4f0f2-647b-40e2-8663-a3f3ce0b3f80 at term 1 for becomeLeader, leader elected after 5188ms
2019-09-26 13:29:21,707 [e1d07e13-fba7-421e-90fa-c7d02cfb4ed9@group-8E737069DD2C:LeaderElection40] INFO  impl.RaftServerImpl (ServerState.java:setLeader(253)) - e1d07e13-fba7-421e-90fa-c7d02cfb4ed9@group-8E737069DD2C: change Leader from null to e1d07e13-fba7-421e-90fa-c7d02cfb4ed9 at term 1 for becomeLeader, leader elected after 5115ms
2019-09-26 13:29:21,707 [84b4f0f2-647b-40e2-8663-a3f3ce0b3f80@group-1839775BC7F0:LeaderElection39] INFO  server.RaftServerConfigKeys (ConfUtils.java:logGet(43)) - raft.server.staging.catchup.gap = 1000 (default)
2019-09-26 13:29:21,707 [e1d07e13-fba7-421e-90fa-c7d02cfb4ed9@group-8E737069DD2C:LeaderElection40] INFO  server.RaftServerConfigKeys (ConfUtils.java:logGet(43)) - raft.server.staging.catchup.gap = 1000 (default)
2019-09-26 13:29:21,707 [84b4f0f2-647b-40e2-8663-a3f3ce0b3f80@group-1839775BC7F0:LeaderElection39] INFO  server.RaftServerConfigKeys (ConfUtils.java:logGet(43)) - raft.server.rpc.sleep.time = 25ms (default)
2019-09-26 13:29:21,708 [e1d07e13-fba7-421e-90fa-c7d02cfb4ed9@group-8E737069DD2C:LeaderElection40] INFO  server.RaftServerConfigKeys (ConfUtils.java:logGet(43)) - raft.server.rpc.sleep.time = 25ms (default)
2019-09-26 13:29:21,708 [84b4f0f2-647b-40e2-8663-a3f3ce0b3f80@group-1839775BC7F0:LeaderElection39] INFO  server.RaftServerConfigKeys (ConfUtils.java:logGet(43)) - raft.server.write.element-limit = 4096 (default)
2019-09-26 13:29:21,708 [e1d07e13-fba7-421e-90fa-c7d02cfb4ed9@group-8E737069DD2C:LeaderElection40] INFO  server.RaftServerConfigKeys (ConfUtils.java:logGet(43)) - raft.server.write.element-limit = 4096 (default)
2019-09-26 13:29:21,708 [84b4f0f2-647b-40e2-8663-a3f3ce0b3f80@group-1839775BC7F0:LeaderElection39] INFO  server.RaftServerConfigKeys (ConfUtils.java:logGet(43)) - raft.server.watch.timeout = 10s (default)
2019-09-26 13:29:21,708 [e1d07e13-fba7-421e-90fa-c7d02cfb4ed9@group-8E737069DD2C:LeaderElection40] INFO  server.RaftServerConfigKeys (ConfUtils.java:logGet(43)) - raft.server.watch.timeout = 10s (default)
2019-09-26 13:29:21,708 [84b4f0f2-647b-40e2-8663-a3f3ce0b3f80@group-1839775BC7F0:LeaderElection39] INFO  server.RaftServerConfigKeys (ConfUtils.java:logGet(43)) - raft.server.watch.timeout.denomination = 1s (default)
2019-09-26 13:29:21,708 [e1d07e13-fba7-421e-90fa-c7d02cfb4ed9@group-8E737069DD2C:LeaderElection40] INFO  server.RaftServerConfigKeys (ConfUtils.java:logGet(43)) - raft.server.watch.timeout.denomination = 1s (default)
2019-09-26 13:29:21,708 [84b4f0f2-647b-40e2-8663-a3f3ce0b3f80@group-1839775BC7F0:LeaderElection39] INFO  server.RaftServerConfigKeys (ConfUtils.java:logGet(43)) - raft.server.watch.element-limit = 65536 (default)
2019-09-26 13:29:21,708 [e1d07e13-fba7-421e-90fa-c7d02cfb4ed9@group-8E737069DD2C:LeaderElection40] INFO  server.RaftServerConfigKeys (ConfUtils.java:logGet(43)) - raft.server.watch.element-limit = 65536 (default)
2019-09-26 13:29:21,710 [84b4f0f2-647b-40e2-8663-a3f3ce0b3f80@group-1839775BC7F0:LeaderElection39] INFO  impl.RoleInfo (RoleInfo.java:updateAndGet(143)) - 84b4f0f2-647b-40e2-8663-a3f3ce0b3f80: start LeaderState
2019-09-26 13:29:21,711 [84b4f0f2-647b-40e2-8663-a3f3ce0b3f80@group-1839775BC7F0:LeaderElection39] INFO  segmented.SegmentedRaftLogWorker (SegmentedRaftLogWorker.java:startLogSegment(380)) - 84b4f0f2-647b-40e2-8663-a3f3ce0b3f80@group-1839775BC7F0-SegmentedRaftLogWorker: Starting segment from index:0
2019-09-26 13:29:21,711 [e1d07e13-fba7-421e-90fa-c7d02cfb4ed9@group-8E737069DD2C:LeaderElection40] INFO  impl.RoleInfo (RoleInfo.java:updateAndGet(143)) - e1d07e13-fba7-421e-90fa-c7d02cfb4ed9: start LeaderState
2019-09-26 13:29:21,711 [84b4f0f2-647b-40e2-8663-a3f3ce0b3f80@group-1839775BC7F0:LeaderElection39] INFO  impl.RaftServerImpl (ServerState.java:setRaftConf(354)) - 84b4f0f2-647b-40e2-8663-a3f3ce0b3f80@group-1839775BC7F0: set configuration 0: [84b4f0f2-647b-40e2-8663-a3f3ce0b3f80:192.168.164.238:46549], old=null at 0
2019-09-26 13:29:21,711 [e1d07e13-fba7-421e-90fa-c7d02cfb4ed9@group-8E737069DD2C:LeaderElection40] INFO  segmented.SegmentedRaftLogWorker (SegmentedRaftLogWorker.java:startLogSegment(380)) - e1d07e13-fba7-421e-90fa-c7d02cfb4ed9@group-8E737069DD2C-SegmentedRaftLogWorker: Starting segment from index:0
2019-09-26 13:29:21,745 [Thread-411] INFO  impl.FollowerState (FollowerState.java:run(106)) - 281e93f8-a9fe-4958-a33a-388335a7b504:group-282F08F17C99 changes to CANDIDATE, lastRpcTime:5065, electionTimeout:5045ms
2019-09-26 13:29:21,746 [Thread-411] INFO  impl.RoleInfo (RoleInfo.java:shutdownFollowerState(121)) - 281e93f8-a9fe-4958-a33a-388335a7b504: shutdown FollowerState
2019-09-26 13:29:21,746 [Thread-411] INFO  impl.RaftServerImpl (RaftServerImpl.java:setRole(174)) - 281e93f8-a9fe-4958-a33a-388335a7b504@group-282F08F17C99: changes role from  FOLLOWER to CANDIDATE at term 0 for changeToCandidate
2019-09-26 13:29:21,746 [e1d07e13-fba7-421e-90fa-c7d02cfb4ed9@group-8E737069DD2C:LeaderElection40] INFO  impl.RaftServerImpl (ServerState.java:setRaftConf(354)) - e1d07e13-fba7-421e-90fa-c7d02cfb4ed9@group-8E737069DD2C: set configuration 0: [e1d07e13-fba7-421e-90fa-c7d02cfb4ed9:192.168.164.238:39231], old=null at 0
2019-09-26 13:29:21,746 [Thread-411] INFO  impl.RoleInfo (RoleInfo.java:updateAndGet(143)) - 281e93f8-a9fe-4958-a33a-388335a7b504: start LeaderElection
2019-09-26 13:29:21,779 [84b4f0f2-647b-40e2-8663-a3f3ce0b3f80@group-1839775BC7F0-SegmentedRaftLogWorker] INFO  segmented.SegmentedRaftLogWorker (SegmentedRaftLogWorker.java:execute(569)) - 84b4f0f2-647b-40e2-8663-a3f3ce0b3f80@group-1839775BC7F0-SegmentedRaftLogWorker: created new log segment /workdir/hadoop-ozone/ozonefs/target/test-dir/MiniOzoneClusterImpl-8b6a8972-8eda-4f33-b3cf-a560ba2c5b87/datanode-8/data/ratis/c32e3824-e1aa-48a4-aafc-1839775bc7f0/current/log_inprogress_0
2019-09-26 13:29:21,794 [e1d07e13-fba7-421e-90fa-c7d02cfb4ed9@group-8E737069DD2C-SegmentedRaftLogWorker] INFO  segmented.SegmentedRaftLogWorker (SegmentedRaftLogWorker.java:execute(569)) - e1d07e13-fba7-421e-90fa-c7d02cfb4ed9@group-8E737069DD2C-SegmentedRaftLogWorker: created new log segment /workdir/hadoop-ozone/ozonefs/target/test-dir/MiniOzoneClusterImpl-8b6a8972-8eda-4f33-b3cf-a560ba2c5b87/datanode-6/data/ratis/033893b7-d334-4b25-b093-8e737069dd2c/current/log_inprogress_0
2019-09-26 13:29:21,794 [281e93f8-a9fe-4958-a33a-388335a7b504@group-282F08F17C99:LeaderElection41] INFO  impl.LeaderElection (LeaderElection.java:askForVotes(182)) - 281e93f8-a9fe-4958-a33a-388335a7b504@group-282F08F17C99:LeaderElection41: begin an election at term 1 for -1: [281e93f8-a9fe-4958-a33a-388335a7b504:192.168.164.238:40240], old=null
2019-09-26 13:29:21,794 [281e93f8-a9fe-4958-a33a-388335a7b504@group-282F08F17C99:LeaderElection41] INFO  impl.RoleInfo (RoleInfo.java:shutdownLeaderElection(134)) - 281e93f8-a9fe-4958-a33a-388335a7b504: shutdown LeaderElection
2019-09-26 13:29:21,794 [281e93f8-a9fe-4958-a33a-388335a7b504@group-282F08F17C99:LeaderElection41] INFO  impl.RaftServerImpl (RaftServerImpl.java:setRole(174)) - 281e93f8-a9fe-4958-a33a-388335a7b504@group-282F08F17C99: changes role from CANDIDATE to LEADER at term 1 for changeToLeader
2019-09-26 13:29:21,794 [281e93f8-a9fe-4958-a33a-388335a7b504@group-282F08F17C99:LeaderElection41] INFO  impl.RaftServerImpl (ServerState.java:setLeader(253)) - 281e93f8-a9fe-4958-a33a-388335a7b504@group-282F08F17C99: change Leader from null to 281e93f8-a9fe-4958-a33a-388335a7b504 at term 1 for becomeLeader, leader elected after 5119ms
2019-09-26 13:29:21,794 [281e93f8-a9fe-4958-a33a-388335a7b504@group-282F08F17C99:LeaderElection41] INFO  server.RaftServerConfigKeys (ConfUtils.java:logGet(43)) - raft.server.staging.catchup.gap = 1000 (default)
2019-09-26 13:29:21,794 [Thread-414] INFO  impl.FollowerState (FollowerState.java:run(106)) - 281e93f8-a9fe-4958-a33a-388335a7b504:group-E351CDDE0157 changes to CANDIDATE, lastRpcTime:5070, electionTimeout:5070ms
2019-09-26 13:29:21,795 [281e93f8-a9fe-4958-a33a-388335a7b504@group-282F08F17C99:LeaderElection41] INFO  server.RaftServerConfigKeys (ConfUtils.java:logGet(43)) - raft.server.rpc.sleep.time = 25ms (default)
2019-09-26 13:29:21,795 [Thread-414] INFO  impl.RoleInfo (RoleInfo.java:shutdownFollowerState(121)) - 281e93f8-a9fe-4958-a33a-388335a7b504: shutdown FollowerState
2019-09-26 13:29:21,795 [281e93f8-a9fe-4958-a33a-388335a7b504@group-282F08F17C99:LeaderElection41] INFO  server.RaftServerConfigKeys (ConfUtils.java:logGet(43)) - raft.server.write.element-limit = 4096 (default)
2019-09-26 13:29:21,795 [Thread-414] INFO  impl.RaftServerImpl (RaftServerImpl.java:setRole(174)) - 281e93f8-a9fe-4958-a33a-388335a7b504@group-E351CDDE0157: changes role from  FOLLOWER to CANDIDATE at term 0 for changeToCandidate
2019-09-26 13:29:21,795 [281e93f8-a9fe-4958-a33a-388335a7b504@group-282F08F17C99:LeaderElection41] INFO  server.RaftServerConfigKeys (ConfUtils.java:logGet(43)) - raft.server.watch.timeout = 10s (default)
2019-09-26 13:29:21,795 [Thread-414] INFO  impl.RoleInfo (RoleInfo.java:updateAndGet(143)) - 281e93f8-a9fe-4958-a33a-388335a7b504: start LeaderElection
2019-09-26 13:29:21,795 [281e93f8-a9fe-4958-a33a-388335a7b504@group-282F08F17C99:LeaderElection41] INFO  server.RaftServerConfigKeys (ConfUtils.java:logGet(43)) - raft.server.watch.timeout.denomination = 1s (default)
2019-09-26 13:29:21,795 [281e93f8-a9fe-4958-a33a-388335a7b504@group-282F08F17C99:LeaderElection41] INFO  server.RaftServerConfigKeys (ConfUtils.java:logGet(43)) - raft.server.watch.element-limit = 65536 (default)
2019-09-26 13:29:21,797 [281e93f8-a9fe-4958-a33a-388335a7b504@group-282F08F17C99:LeaderElection41] INFO  impl.RoleInfo (RoleInfo.java:updateAndGet(143)) - 281e93f8-a9fe-4958-a33a-388335a7b504: start LeaderState
2019-09-26 13:29:21,797 [281e93f8-a9fe-4958-a33a-388335a7b504@group-282F08F17C99:LeaderElection41] INFO  segmented.SegmentedRaftLogWorker (SegmentedRaftLogWorker.java:startLogSegment(380)) - 281e93f8-a9fe-4958-a33a-388335a7b504@group-282F08F17C99-SegmentedRaftLogWorker: Starting segment from index:0
2019-09-26 13:29:21,797 [281e93f8-a9fe-4958-a33a-388335a7b504@group-282F08F17C99:LeaderElection41] INFO  impl.RaftServerImpl (ServerState.java:setRaftConf(354)) - 281e93f8-a9fe-4958-a33a-388335a7b504@group-282F08F17C99: set configuration 0: [281e93f8-a9fe-4958-a33a-388335a7b504:192.168.164.238:40240], old=null at 0
2019-09-26 13:29:21,799 [Thread-417] INFO  impl.FollowerState (FollowerState.java:run(106)) - 1987c896-e32f-4a06-ac9a-08216b278c2b:group-717E123B46EF changes to CANDIDATE, lastRpcTime:5030, electionTimeout:5030ms
2019-09-26 13:29:21,799 [Thread-417] INFO  impl.RoleInfo (RoleInfo.java:shutdownFollowerState(121)) - 1987c896-e32f-4a06-ac9a-08216b278c2b: shutdown FollowerState
2019-09-26 13:29:21,799 [Thread-417] INFO  impl.RaftServerImpl (RaftServerImpl.java:setRole(174)) - 1987c896-e32f-4a06-ac9a-08216b278c2b@group-717E123B46EF: changes role from  FOLLOWER to CANDIDATE at term 0 for changeToCandidate
2019-09-26 13:29:21,799 [Thread-417] INFO  impl.RoleInfo (RoleInfo.java:updateAndGet(143)) - 1987c896-e32f-4a06-ac9a-08216b278c2b: start LeaderElection
2019-09-26 13:29:21,816 [1987c896-e32f-4a06-ac9a-08216b278c2b@group-717E123B46EF:LeaderElection43] INFO  impl.LeaderElection (LeaderElection.java:askForVotes(182)) - 1987c896-e32f-4a06-ac9a-08216b278c2b@group-717E123B46EF:LeaderElection43: begin an election at term 1 for -1: [1987c896-e32f-4a06-ac9a-08216b278c2b:192.168.164.238:46271], old=null
2019-09-26 13:29:21,816 [281e93f8-a9fe-4958-a33a-388335a7b504@group-E351CDDE0157:LeaderElection42] INFO  impl.LeaderElection (LeaderElection.java:askForVotes(182)) - 281e93f8-a9fe-4958-a33a-388335a7b504@group-E351CDDE0157:LeaderElection42: begin an election at term 1 for -1: [281e93f8-a9fe-4958-a33a-388335a7b504:192.168.164.238:40240], old=null
2019-09-26 13:29:21,816 [1987c896-e32f-4a06-ac9a-08216b278c2b@group-717E123B46EF:LeaderElection43] INFO  impl.RoleInfo (RoleInfo.java:shutdownLeaderElection(134)) - 1987c896-e32f-4a06-ac9a-08216b278c2b: shutdown LeaderElection
2019-09-26 13:29:21,817 [281e93f8-a9fe-4958-a33a-388335a7b504@group-E351CDDE0157:LeaderElection42] INFO  impl.RoleInfo (RoleInfo.java:shutdownLeaderElection(134)) - 281e93f8-a9fe-4958-a33a-388335a7b504: shutdown LeaderElection
2019-09-26 13:29:21,817 [1987c896-e32f-4a06-ac9a-08216b278c2b@group-717E123B46EF:LeaderElection43] INFO  impl.RaftServerImpl (RaftServerImpl.java:setRole(174)) - 1987c896-e32f-4a06-ac9a-08216b278c2b@group-717E123B46EF: changes role from CANDIDATE to LEADER at term 1 for changeToLeader
2019-09-26 13:29:21,817 [281e93f8-a9fe-4958-a33a-388335a7b504@group-E351CDDE0157:LeaderElection42] INFO  impl.RaftServerImpl (RaftServerImpl.java:setRole(174)) - 281e93f8-a9fe-4958-a33a-388335a7b504@group-E351CDDE0157: changes role from CANDIDATE to LEADER at term 1 for changeToLeader
2019-09-26 13:29:21,817 [1987c896-e32f-4a06-ac9a-08216b278c2b@group-717E123B46EF:LeaderElection43] INFO  impl.RaftServerImpl (ServerState.java:setLeader(253)) - 1987c896-e32f-4a06-ac9a-08216b278c2b@group-717E123B46EF: change Leader from null to 1987c896-e32f-4a06-ac9a-08216b278c2b at term 1 for becomeLeader, leader elected after 5054ms
2019-09-26 13:29:21,817 [281e93f8-a9fe-4958-a33a-388335a7b504@group-E351CDDE0157:LeaderElection42] INFO  impl.RaftServerImpl (ServerState.java:setLeader(253)) - 281e93f8-a9fe-4958-a33a-388335a7b504@group-E351CDDE0157: change Leader from null to 281e93f8-a9fe-4958-a33a-388335a7b504 at term 1 for becomeLeader, leader elected after 5098ms
2019-09-26 13:29:21,817 [1987c896-e32f-4a06-ac9a-08216b278c2b@group-717E123B46EF:LeaderElection43] INFO  server.RaftServerConfigKeys (ConfUtils.java:logGet(43)) - raft.server.staging.catchup.gap = 1000 (default)
2019-09-26 13:29:21,817 [281e93f8-a9fe-4958-a33a-388335a7b504@group-E351CDDE0157:LeaderElection42] INFO  server.RaftServerConfigKeys (ConfUtils.java:logGet(43)) - raft.server.staging.catchup.gap = 1000 (default)
2019-09-26 13:29:21,817 [1987c896-e32f-4a06-ac9a-08216b278c2b@group-717E123B46EF:LeaderElection43] INFO  server.RaftServerConfigKeys (ConfUtils.java:logGet(43)) - raft.server.rpc.sleep.time = 25ms (default)
2019-09-26 13:29:21,817 [281e93f8-a9fe-4958-a33a-388335a7b504@group-E351CDDE0157:LeaderElection42] INFO  server.RaftServerConfigKeys (ConfUtils.java:logGet(43)) - raft.server.rpc.sleep.time = 25ms (default)
2019-09-26 13:29:21,818 [1987c896-e32f-4a06-ac9a-08216b278c2b@group-717E123B46EF:LeaderElection43] INFO  server.RaftServerConfigKeys (ConfUtils.java:logGet(43)) - raft.server.write.element-limit = 4096 (default)
2019-09-26 13:29:21,818 [281e93f8-a9fe-4958-a33a-388335a7b504@group-E351CDDE0157:LeaderElection42] INFO  server.RaftServerConfigKeys (ConfUtils.java:logGet(43)) - raft.server.write.element-limit = 4096 (default)
2019-09-26 13:29:21,818 [1987c896-e32f-4a06-ac9a-08216b278c2b@group-717E123B46EF:LeaderElection43] INFO  server.RaftServerConfigKeys (ConfUtils.java:logGet(43)) - raft.server.watch.timeout = 10s (default)
2019-09-26 13:29:21,818 [281e93f8-a9fe-4958-a33a-388335a7b504@group-E351CDDE0157:LeaderElection42] INFO  server.RaftServerConfigKeys (ConfUtils.java:logGet(43)) - raft.server.watch.timeout = 10s (default)
2019-09-26 13:29:21,818 [1987c896-e32f-4a06-ac9a-08216b278c2b@group-717E123B46EF:LeaderElection43] INFO  server.RaftServerConfigKeys (ConfUtils.java:logGet(43)) - raft.server.watch.timeout.denomination = 1s (default)
2019-09-26 13:29:21,818 [281e93f8-a9fe-4958-a33a-388335a7b504@group-E351CDDE0157:LeaderElection42] INFO  server.RaftServerConfigKeys (ConfUtils.java:logGet(43)) - raft.server.watch.timeout.denomination = 1s (default)
2019-09-26 13:29:21,818 [1987c896-e32f-4a06-ac9a-08216b278c2b@group-717E123B46EF:LeaderElection43] INFO  server.RaftServerConfigKeys (ConfUtils.java:logGet(43)) - raft.server.watch.element-limit = 65536 (default)
2019-09-26 13:29:21,818 [281e93f8-a9fe-4958-a33a-388335a7b504@group-E351CDDE0157:LeaderElection42] INFO  server.RaftServerConfigKeys (ConfUtils.java:logGet(43)) - raft.server.watch.element-limit = 65536 (default)
2019-09-26 13:29:21,822 [1987c896-e32f-4a06-ac9a-08216b278c2b@group-717E123B46EF:LeaderElection43] INFO  impl.RoleInfo (RoleInfo.java:updateAndGet(143)) - 1987c896-e32f-4a06-ac9a-08216b278c2b: start LeaderState
2019-09-26 13:29:21,822 [281e93f8-a9fe-4958-a33a-388335a7b504@group-E351CDDE0157:LeaderElection42] INFO  impl.RoleInfo (RoleInfo.java:updateAndGet(143)) - 281e93f8-a9fe-4958-a33a-388335a7b504: start LeaderState
2019-09-26 13:29:21,822 [1987c896-e32f-4a06-ac9a-08216b278c2b@group-717E123B46EF:LeaderElection43] INFO  segmented.SegmentedRaftLogWorker (SegmentedRaftLogWorker.java:startLogSegment(380)) - 1987c896-e32f-4a06-ac9a-08216b278c2b@group-717E123B46EF-SegmentedRaftLogWorker: Starting segment from index:0
2019-09-26 13:29:21,822 [281e93f8-a9fe-4958-a33a-388335a7b504@group-E351CDDE0157:LeaderElection42] INFO  segmented.SegmentedRaftLogWorker (SegmentedRaftLogWorker.java:startLogSegment(380)) - 281e93f8-a9fe-4958-a33a-388335a7b504@group-E351CDDE0157-SegmentedRaftLogWorker: Starting segment from index:0
2019-09-26 13:29:21,823 [1987c896-e32f-4a06-ac9a-08216b278c2b@group-717E123B46EF:LeaderElection43] INFO  impl.RaftServerImpl (ServerState.java:setRaftConf(354)) - 1987c896-e32f-4a06-ac9a-08216b278c2b@group-717E123B46EF: set configuration 0: [1987c896-e32f-4a06-ac9a-08216b278c2b:192.168.164.238:46271], old=null at 0
2019-09-26 13:29:21,823 [281e93f8-a9fe-4958-a33a-388335a7b504@group-E351CDDE0157:LeaderElection42] INFO  impl.RaftServerImpl (ServerState.java:setRaftConf(354)) - 281e93f8-a9fe-4958-a33a-388335a7b504@group-E351CDDE0157: set configuration 0: [281e93f8-a9fe-4958-a33a-388335a7b504:192.168.164.238:40240], old=null at 0
2019-09-26 13:29:21,833 [281e93f8-a9fe-4958-a33a-388335a7b504@group-282F08F17C99-SegmentedRaftLogWorker] INFO  segmented.SegmentedRaftLogWorker (SegmentedRaftLogWorker.java:execute(569)) - 281e93f8-a9fe-4958-a33a-388335a7b504@group-282F08F17C99-SegmentedRaftLogWorker: created new log segment /workdir/hadoop-ozone/ozonefs/target/test-dir/MiniOzoneClusterImpl-8b6a8972-8eda-4f33-b3cf-a560ba2c5b87/datanode-4/data/ratis/6da73670-2164-4466-b709-282f08f17c99/current/log_inprogress_0
2019-09-26 13:29:21,862 [1987c896-e32f-4a06-ac9a-08216b278c2b@group-717E123B46EF-SegmentedRaftLogWorker] INFO  segmented.SegmentedRaftLogWorker (SegmentedRaftLogWorker.java:execute(569)) - 1987c896-e32f-4a06-ac9a-08216b278c2b@group-717E123B46EF-SegmentedRaftLogWorker: created new log segment /workdir/hadoop-ozone/ozonefs/target/test-dir/MiniOzoneClusterImpl-8b6a8972-8eda-4f33-b3cf-a560ba2c5b87/datanode-5/data/ratis/f766d7ea-1831-4fda-9044-717e123b46ef/current/log_inprogress_0
2019-09-26 13:29:21,862 [281e93f8-a9fe-4958-a33a-388335a7b504@group-E351CDDE0157-SegmentedRaftLogWorker] INFO  segmented.SegmentedRaftLogWorker (SegmentedRaftLogWorker.java:execute(569)) - 281e93f8-a9fe-4958-a33a-388335a7b504@group-E351CDDE0157-SegmentedRaftLogWorker: created new log segment /workdir/hadoop-ozone/ozonefs/target/test-dir/MiniOzoneClusterImpl-8b6a8972-8eda-4f33-b3cf-a560ba2c5b87/datanode-4/data/ratis/1a3427c7-9118-4417-830f-e351cdde0157/current/log_inprogress_0
2019-09-26 13:29:21,897 [Thread-420] INFO  impl.FollowerState (FollowerState.java:run(106)) - 84b4f0f2-647b-40e2-8663-a3f3ce0b3f80:group-964297757CD6 changes to CANDIDATE, lastRpcTime:5091, electionTimeout:5091ms
2019-09-26 13:29:21,897 [Thread-420] INFO  impl.RoleInfo (RoleInfo.java:shutdownFollowerState(121)) - 84b4f0f2-647b-40e2-8663-a3f3ce0b3f80: shutdown FollowerState
2019-09-26 13:29:21,897 [Thread-420] INFO  impl.RaftServerImpl (RaftServerImpl.java:setRole(174)) - 84b4f0f2-647b-40e2-8663-a3f3ce0b3f80@group-964297757CD6: changes role from  FOLLOWER to CANDIDATE at term 0 for changeToCandidate
2019-09-26 13:29:21,898 [Thread-420] INFO  impl.RoleInfo (RoleInfo.java:updateAndGet(143)) - 84b4f0f2-647b-40e2-8663-a3f3ce0b3f80: start LeaderElection
2019-09-26 13:29:21,909 [84b4f0f2-647b-40e2-8663-a3f3ce0b3f80@group-964297757CD6:LeaderElection44] INFO  impl.LeaderElection (LeaderElection.java:askForVotes(182)) - 84b4f0f2-647b-40e2-8663-a3f3ce0b3f80@group-964297757CD6:LeaderElection44: begin an election at term 1 for -1: [84b4f0f2-647b-40e2-8663-a3f3ce0b3f80:192.168.164.238:46549], old=null
2019-09-26 13:29:21,909 [84b4f0f2-647b-40e2-8663-a3f3ce0b3f80@group-964297757CD6:LeaderElection44] INFO  impl.RoleInfo (RoleInfo.java:shutdownLeaderElection(134)) - 84b4f0f2-647b-40e2-8663-a3f3ce0b3f80: shutdown LeaderElection
2019-09-26 13:29:21,909 [84b4f0f2-647b-40e2-8663-a3f3ce0b3f80@group-964297757CD6:LeaderElection44] INFO  impl.RaftServerImpl (RaftServerImpl.java:setRole(174)) - 84b4f0f2-647b-40e2-8663-a3f3ce0b3f80@group-964297757CD6: changes role from CANDIDATE to LEADER at term 1 for changeToLeader
2019-09-26 13:29:21,909 [84b4f0f2-647b-40e2-8663-a3f3ce0b3f80@group-964297757CD6:LeaderElection44] INFO  impl.RaftServerImpl (ServerState.java:setLeader(253)) - 84b4f0f2-647b-40e2-8663-a3f3ce0b3f80@group-964297757CD6: change Leader from null to 84b4f0f2-647b-40e2-8663-a3f3ce0b3f80 at term 1 for becomeLeader, leader elected after 5108ms
2019-09-26 13:29:21,909 [84b4f0f2-647b-40e2-8663-a3f3ce0b3f80@group-964297757CD6:LeaderElection44] INFO  server.RaftServerConfigKeys (ConfUtils.java:logGet(43)) - raft.server.staging.catchup.gap = 1000 (default)
2019-09-26 13:29:21,909 [84b4f0f2-647b-40e2-8663-a3f3ce0b3f80@group-964297757CD6:LeaderElection44] INFO  server.RaftServerConfigKeys (ConfUtils.java:logGet(43)) - raft.server.rpc.sleep.time = 25ms (default)
2019-09-26 13:29:21,909 [84b4f0f2-647b-40e2-8663-a3f3ce0b3f80@group-964297757CD6:LeaderElection44] INFO  server.RaftServerConfigKeys (ConfUtils.java:logGet(43)) - raft.server.write.element-limit = 4096 (default)
2019-09-26 13:29:21,909 [84b4f0f2-647b-40e2-8663-a3f3ce0b3f80@group-964297757CD6:LeaderElection44] INFO  server.RaftServerConfigKeys (ConfUtils.java:logGet(43)) - raft.server.watch.timeout = 10s (default)
2019-09-26 13:29:21,910 [84b4f0f2-647b-40e2-8663-a3f3ce0b3f80@group-964297757CD6:LeaderElection44] INFO  server.RaftServerConfigKeys (ConfUtils.java:logGet(43)) - raft.server.watch.timeout.denomination = 1s (default)
2019-09-26 13:29:21,910 [84b4f0f2-647b-40e2-8663-a3f3ce0b3f80@group-964297757CD6:LeaderElection44] INFO  server.RaftServerConfigKeys (ConfUtils.java:logGet(43)) - raft.server.watch.element-limit = 65536 (default)
2019-09-26 13:29:21,911 [84b4f0f2-647b-40e2-8663-a3f3ce0b3f80@group-964297757CD6:LeaderElection44] INFO  impl.RoleInfo (RoleInfo.java:updateAndGet(143)) - 84b4f0f2-647b-40e2-8663-a3f3ce0b3f80: start LeaderState
2019-09-26 13:29:21,911 [84b4f0f2-647b-40e2-8663-a3f3ce0b3f80@group-964297757CD6:LeaderElection44] INFO  segmented.SegmentedRaftLogWorker (SegmentedRaftLogWorker.java:startLogSegment(380)) - 84b4f0f2-647b-40e2-8663-a3f3ce0b3f80@group-964297757CD6-SegmentedRaftLogWorker: Starting segment from index:0
2019-09-26 13:29:21,912 [84b4f0f2-647b-40e2-8663-a3f3ce0b3f80@group-964297757CD6:LeaderElection44] INFO  impl.RaftServerImpl (ServerState.java:setRaftConf(354)) - 84b4f0f2-647b-40e2-8663-a3f3ce0b3f80@group-964297757CD6: set configuration 0: [84b4f0f2-647b-40e2-8663-a3f3ce0b3f80:192.168.164.238:46549], old=null at 0
2019-09-26 13:29:21,926 [Thread-426] INFO  impl.FollowerState (FollowerState.java:run(106)) - 281e93f8-a9fe-4958-a33a-388335a7b504:group-CC8F608B90CB changes to CANDIDATE, lastRpcTime:5031, electionTimeout:5031ms
2019-09-26 13:29:21,926 [Thread-426] INFO  impl.RoleInfo (RoleInfo.java:shutdownFollowerState(121)) - 281e93f8-a9fe-4958-a33a-388335a7b504: shutdown FollowerState
2019-09-26 13:29:21,926 [Thread-426] INFO  impl.RaftServerImpl (RaftServerImpl.java:setRole(174)) - 281e93f8-a9fe-4958-a33a-388335a7b504@group-CC8F608B90CB: changes role from  FOLLOWER to CANDIDATE at term 0 for changeToCandidate
2019-09-26 13:29:21,926 [Thread-426] INFO  impl.RoleInfo (RoleInfo.java:updateAndGet(143)) - 281e93f8-a9fe-4958-a33a-388335a7b504: start LeaderElection
2019-09-26 13:29:21,950 [84b4f0f2-647b-40e2-8663-a3f3ce0b3f80@group-964297757CD6-SegmentedRaftLogWorker] INFO  segmented.SegmentedRaftLogWorker (SegmentedRaftLogWorker.java:execute(569)) - 84b4f0f2-647b-40e2-8663-a3f3ce0b3f80@group-964297757CD6-SegmentedRaftLogWorker: created new log segment /workdir/hadoop-ozone/ozonefs/target/test-dir/MiniOzoneClusterImpl-8b6a8972-8eda-4f33-b3cf-a560ba2c5b87/datanode-8/data/ratis/461f395d-12d1-495a-91a4-964297757cd6/current/log_inprogress_0
2019-09-26 13:29:21,950 [281e93f8-a9fe-4958-a33a-388335a7b504@group-CC8F608B90CB:LeaderElection45] INFO  impl.LeaderElection (LeaderElection.java:askForVotes(182)) - 281e93f8-a9fe-4958-a33a-388335a7b504@group-CC8F608B90CB:LeaderElection45: begin an election at term 1 for -1: [281e93f8-a9fe-4958-a33a-388335a7b504:192.168.164.238:40240], old=null
2019-09-26 13:29:21,950 [281e93f8-a9fe-4958-a33a-388335a7b504@group-CC8F608B90CB:LeaderElection45] INFO  impl.RoleInfo (RoleInfo.java:shutdownLeaderElection(134)) - 281e93f8-a9fe-4958-a33a-388335a7b504: shutdown LeaderElection
2019-09-26 13:29:21,950 [281e93f8-a9fe-4958-a33a-388335a7b504@group-CC8F608B90CB:LeaderElection45] INFO  impl.RaftServerImpl (RaftServerImpl.java:setRole(174)) - 281e93f8-a9fe-4958-a33a-388335a7b504@group-CC8F608B90CB: changes role from CANDIDATE to LEADER at term 1 for changeToLeader
2019-09-26 13:29:21,951 [281e93f8-a9fe-4958-a33a-388335a7b504@group-CC8F608B90CB:LeaderElection45] INFO  impl.RaftServerImpl (ServerState.java:setLeader(253)) - 281e93f8-a9fe-4958-a33a-388335a7b504@group-CC8F608B90CB: change Leader from null to 281e93f8-a9fe-4958-a33a-388335a7b504 at term 1 for becomeLeader, leader elected after 5062ms
2019-09-26 13:29:21,951 [281e93f8-a9fe-4958-a33a-388335a7b504@group-CC8F608B90CB:LeaderElection45] INFO  server.RaftServerConfigKeys (ConfUtils.java:logGet(43)) - raft.server.staging.catchup.gap = 1000 (default)
2019-09-26 13:29:21,951 [281e93f8-a9fe-4958-a33a-388335a7b504@group-CC8F608B90CB:LeaderElection45] INFO  server.RaftServerConfigKeys (ConfUtils.java:logGet(43)) - raft.server.rpc.sleep.time = 25ms (default)
2019-09-26 13:29:21,951 [281e93f8-a9fe-4958-a33a-388335a7b504@group-CC8F608B90CB:LeaderElection45] INFO  server.RaftServerConfigKeys (ConfUtils.java:logGet(43)) - raft.server.write.element-limit = 4096 (default)
2019-09-26 13:29:21,951 [281e93f8-a9fe-4958-a33a-388335a7b504@group-CC8F608B90CB:LeaderElection45] INFO  server.RaftServerConfigKeys (ConfUtils.java:logGet(43)) - raft.server.watch.timeout = 10s (default)
2019-09-26 13:29:21,951 [281e93f8-a9fe-4958-a33a-388335a7b504@group-CC8F608B90CB:LeaderElection45] INFO  server.RaftServerConfigKeys (ConfUtils.java:logGet(43)) - raft.server.watch.timeout.denomination = 1s (default)
2019-09-26 13:29:21,951 [281e93f8-a9fe-4958-a33a-388335a7b504@group-CC8F608B90CB:LeaderElection45] INFO  server.RaftServerConfigKeys (ConfUtils.java:logGet(43)) - raft.server.watch.element-limit = 65536 (default)
2019-09-26 13:29:21,953 [281e93f8-a9fe-4958-a33a-388335a7b504@group-CC8F608B90CB:LeaderElection45] INFO  impl.RoleInfo (RoleInfo.java:updateAndGet(143)) - 281e93f8-a9fe-4958-a33a-388335a7b504: start LeaderState
2019-09-26 13:29:21,953 [281e93f8-a9fe-4958-a33a-388335a7b504@group-CC8F608B90CB:LeaderElection45] INFO  segmented.SegmentedRaftLogWorker (SegmentedRaftLogWorker.java:startLogSegment(380)) - 281e93f8-a9fe-4958-a33a-388335a7b504@group-CC8F608B90CB-SegmentedRaftLogWorker: Starting segment from index:0
2019-09-26 13:29:21,954 [281e93f8-a9fe-4958-a33a-388335a7b504@group-CC8F608B90CB:LeaderElection45] INFO  impl.RaftServerImpl (ServerState.java:setRaftConf(354)) - 281e93f8-a9fe-4958-a33a-388335a7b504@group-CC8F608B90CB: set configuration 0: [281e93f8-a9fe-4958-a33a-388335a7b504:192.168.164.238:40240], old=null at 0
2019-09-26 13:29:21,964 [Thread-423] INFO  impl.FollowerState (FollowerState.java:run(106)) - 1987c896-e32f-4a06-ac9a-08216b278c2b:group-8C1CA6673E23 changes to CANDIDATE, lastRpcTime:5115, electionTimeout:5115ms
2019-09-26 13:29:21,964 [Thread-423] INFO  impl.RoleInfo (RoleInfo.java:shutdownFollowerState(121)) - 1987c896-e32f-4a06-ac9a-08216b278c2b: shutdown FollowerState
2019-09-26 13:29:21,965 [Thread-423] INFO  impl.RaftServerImpl (RaftServerImpl.java:setRole(174)) - 1987c896-e32f-4a06-ac9a-08216b278c2b@group-8C1CA6673E23: changes role from  FOLLOWER to CANDIDATE at term 0 for changeToCandidate
2019-09-26 13:29:21,965 [Thread-423] INFO  impl.RoleInfo (RoleInfo.java:updateAndGet(143)) - 1987c896-e32f-4a06-ac9a-08216b278c2b: start LeaderElection
2019-09-26 13:29:21,995 [1987c896-e32f-4a06-ac9a-08216b278c2b@group-8C1CA6673E23:LeaderElection46] INFO  impl.LeaderElection (LeaderElection.java:askForVotes(182)) - 1987c896-e32f-4a06-ac9a-08216b278c2b@group-8C1CA6673E23:LeaderElection46: begin an election at term 1 for -1: [1987c896-e32f-4a06-ac9a-08216b278c2b:192.168.164.238:46271], old=null
2019-09-26 13:29:21,995 [1987c896-e32f-4a06-ac9a-08216b278c2b@group-8C1CA6673E23:LeaderElection46] INFO  impl.RoleInfo (RoleInfo.java:shutdownLeaderElection(134)) - 1987c896-e32f-4a06-ac9a-08216b278c2b: shutdown LeaderElection
2019-09-26 13:29:21,995 [281e93f8-a9fe-4958-a33a-388335a7b504@group-CC8F608B90CB-SegmentedRaftLogWorker] INFO  segmented.SegmentedRaftLogWorker (SegmentedRaftLogWorker.java:execute(569)) - 281e93f8-a9fe-4958-a33a-388335a7b504@group-CC8F608B90CB-SegmentedRaftLogWorker: created new log segment /workdir/hadoop-ozone/ozonefs/target/test-dir/MiniOzoneClusterImpl-8b6a8972-8eda-4f33-b3cf-a560ba2c5b87/datanode-4/data/ratis/bf9b2855-709f-49f9-b036-cc8f608b90cb/current/log_inprogress_0
2019-09-26 13:29:21,995 [1987c896-e32f-4a06-ac9a-08216b278c2b@group-8C1CA6673E23:LeaderElection46] INFO  impl.RaftServerImpl (RaftServerImpl.java:setRole(174)) - 1987c896-e32f-4a06-ac9a-08216b278c2b@group-8C1CA6673E23: changes role from CANDIDATE to LEADER at term 1 for changeToLeader
2019-09-26 13:29:21,995 [1987c896-e32f-4a06-ac9a-08216b278c2b@group-8C1CA6673E23:LeaderElection46] INFO  impl.RaftServerImpl (ServerState.java:setLeader(253)) - 1987c896-e32f-4a06-ac9a-08216b278c2b@group-8C1CA6673E23: change Leader from null to 1987c896-e32f-4a06-ac9a-08216b278c2b at term 1 for becomeLeader, leader elected after 5153ms
2019-09-26 13:29:21,995 [1987c896-e32f-4a06-ac9a-08216b278c2b@group-8C1CA6673E23:LeaderElection46] INFO  server.RaftServerConfigKeys (ConfUtils.java:logGet(43)) - raft.server.staging.catchup.gap = 1000 (default)
2019-09-26 13:29:21,995 [1987c896-e32f-4a06-ac9a-08216b278c2b@group-8C1CA6673E23:LeaderElection46] INFO  server.RaftServerConfigKeys (ConfUtils.java:logGet(43)) - raft.server.rpc.sleep.time = 25ms (default)
2019-09-26 13:29:21,996 [1987c896-e32f-4a06-ac9a-08216b278c2b@group-8C1CA6673E23:LeaderElection46] INFO  server.RaftServerConfigKeys (ConfUtils.java:logGet(43)) - raft.server.write.element-limit = 4096 (default)
2019-09-26 13:29:21,996 [1987c896-e32f-4a06-ac9a-08216b278c2b@group-8C1CA6673E23:LeaderElection46] INFO  server.RaftServerConfigKeys (ConfUtils.java:logGet(43)) - raft.server.watch.timeout = 10s (default)
2019-09-26 13:29:21,996 [1987c896-e32f-4a06-ac9a-08216b278c2b@group-8C1CA6673E23:LeaderElection46] INFO  server.RaftServerConfigKeys (ConfUtils.java:logGet(43)) - raft.server.watch.timeout.denomination = 1s (default)
2019-09-26 13:29:21,996 [1987c896-e32f-4a06-ac9a-08216b278c2b@group-8C1CA6673E23:LeaderElection46] INFO  server.RaftServerConfigKeys (ConfUtils.java:logGet(43)) - raft.server.watch.element-limit = 65536 (default)
2019-09-26 13:29:21,997 [1987c896-e32f-4a06-ac9a-08216b278c2b@group-8C1CA6673E23:LeaderElection46] INFO  impl.RoleInfo (RoleInfo.java:updateAndGet(143)) - 1987c896-e32f-4a06-ac9a-08216b278c2b: start LeaderState
2019-09-26 13:29:21,998 [1987c896-e32f-4a06-ac9a-08216b278c2b@group-8C1CA6673E23:LeaderElection46] INFO  segmented.SegmentedRaftLogWorker (SegmentedRaftLogWorker.java:startLogSegment(380)) - 1987c896-e32f-4a06-ac9a-08216b278c2b@group-8C1CA6673E23-SegmentedRaftLogWorker: Starting segment from index:0
2019-09-26 13:29:21,998 [1987c896-e32f-4a06-ac9a-08216b278c2b@group-8C1CA6673E23:LeaderElection46] INFO  impl.RaftServerImpl (ServerState.java:setRaftConf(354)) - 1987c896-e32f-4a06-ac9a-08216b278c2b@group-8C1CA6673E23: set configuration 0: [1987c896-e32f-4a06-ac9a-08216b278c2b:192.168.164.238:46271], old=null at 0
2019-09-26 13:29:22,025 [Thread-435] INFO  impl.FollowerState (FollowerState.java:run(106)) - ca8c9a5b-93b8-4627-a261-13e3335d5af1:group-EC4C30F0DE53 changes to CANDIDATE, lastRpcTime:5020, electionTimeout:5020ms
2019-09-26 13:29:22,025 [Thread-435] INFO  impl.RoleInfo (RoleInfo.java:shutdownFollowerState(121)) - ca8c9a5b-93b8-4627-a261-13e3335d5af1: shutdown FollowerState
2019-09-26 13:29:22,025 [Thread-435] INFO  impl.RaftServerImpl (RaftServerImpl.java:setRole(174)) - ca8c9a5b-93b8-4627-a261-13e3335d5af1@group-EC4C30F0DE53: changes role from  FOLLOWER to CANDIDATE at term 0 for changeToCandidate
2019-09-26 13:29:22,025 [Thread-435] INFO  impl.RoleInfo (RoleInfo.java:updateAndGet(143)) - ca8c9a5b-93b8-4627-a261-13e3335d5af1: start LeaderElection
2019-09-26 13:29:22,030 [1987c896-e32f-4a06-ac9a-08216b278c2b@group-8C1CA6673E23-SegmentedRaftLogWorker] INFO  segmented.SegmentedRaftLogWorker (SegmentedRaftLogWorker.java:execute(569)) - 1987c896-e32f-4a06-ac9a-08216b278c2b@group-8C1CA6673E23-SegmentedRaftLogWorker: created new log segment /workdir/hadoop-ozone/ozonefs/target/test-dir/MiniOzoneClusterImpl-8b6a8972-8eda-4f33-b3cf-a560ba2c5b87/datanode-5/data/ratis/0bf4dd5d-d81f-46d3-af61-8c1ca6673e23/current/log_inprogress_0
2019-09-26 13:29:22,031 [ca8c9a5b-93b8-4627-a261-13e3335d5af1@group-EC4C30F0DE53:LeaderElection47] INFO  impl.LeaderElection (LeaderElection.java:askForVotes(182)) - ca8c9a5b-93b8-4627-a261-13e3335d5af1@group-EC4C30F0DE53:LeaderElection47: begin an election at term 1 for -1: [ca8c9a5b-93b8-4627-a261-13e3335d5af1:192.168.164.238:36992], old=null
2019-09-26 13:29:22,031 [ca8c9a5b-93b8-4627-a261-13e3335d5af1@group-EC4C30F0DE53:LeaderElection47] INFO  impl.RoleInfo (RoleInfo.java:shutdownLeaderElection(134)) - ca8c9a5b-93b8-4627-a261-13e3335d5af1: shutdown LeaderElection
2019-09-26 13:29:22,031 [ca8c9a5b-93b8-4627-a261-13e3335d5af1@group-EC4C30F0DE53:LeaderElection47] INFO  impl.RaftServerImpl (RaftServerImpl.java:setRole(174)) - ca8c9a5b-93b8-4627-a261-13e3335d5af1@group-EC4C30F0DE53: changes role from CANDIDATE to LEADER at term 1 for changeToLeader
2019-09-26 13:29:22,031 [ca8c9a5b-93b8-4627-a261-13e3335d5af1@group-EC4C30F0DE53:LeaderElection47] INFO  impl.RaftServerImpl (ServerState.java:setLeader(253)) - ca8c9a5b-93b8-4627-a261-13e3335d5af1@group-EC4C30F0DE53: change Leader from null to ca8c9a5b-93b8-4627-a261-13e3335d5af1 at term 1 for becomeLeader, leader elected after 5032ms
2019-09-26 13:29:22,031 [ca8c9a5b-93b8-4627-a261-13e3335d5af1@group-EC4C30F0DE53:LeaderElection47] INFO  server.RaftServerConfigKeys (ConfUtils.java:logGet(43)) - raft.server.staging.catchup.gap = 1000 (default)
2019-09-26 13:29:22,031 [ca8c9a5b-93b8-4627-a261-13e3335d5af1@group-EC4C30F0DE53:LeaderElection47] INFO  server.RaftServerConfigKeys (ConfUtils.java:logGet(43)) - raft.server.rpc.sleep.time = 25ms (default)
2019-09-26 13:29:22,031 [ca8c9a5b-93b8-4627-a261-13e3335d5af1@group-EC4C30F0DE53:LeaderElection47] INFO  server.RaftServerConfigKeys (ConfUtils.java:logGet(43)) - raft.server.write.element-limit = 4096 (default)
2019-09-26 13:29:22,031 [ca8c9a5b-93b8-4627-a261-13e3335d5af1@group-EC4C30F0DE53:LeaderElection47] INFO  server.RaftServerConfigKeys (ConfUtils.java:logGet(43)) - raft.server.watch.timeout = 10s (default)
2019-09-26 13:29:22,031 [ca8c9a5b-93b8-4627-a261-13e3335d5af1@group-EC4C30F0DE53:LeaderElection47] INFO  server.RaftServerConfigKeys (ConfUtils.java:logGet(43)) - raft.server.watch.timeout.denomination = 1s (default)
2019-09-26 13:29:22,032 [ca8c9a5b-93b8-4627-a261-13e3335d5af1@group-EC4C30F0DE53:LeaderElection47] INFO  server.RaftServerConfigKeys (ConfUtils.java:logGet(43)) - raft.server.watch.element-limit = 65536 (default)
2019-09-26 13:29:22,033 [ca8c9a5b-93b8-4627-a261-13e3335d5af1@group-EC4C30F0DE53:LeaderElection47] INFO  impl.RoleInfo (RoleInfo.java:updateAndGet(143)) - ca8c9a5b-93b8-4627-a261-13e3335d5af1: start LeaderState
2019-09-26 13:29:22,033 [ca8c9a5b-93b8-4627-a261-13e3335d5af1@group-EC4C30F0DE53:LeaderElection47] INFO  segmented.SegmentedRaftLogWorker (SegmentedRaftLogWorker.java:startLogSegment(380)) - ca8c9a5b-93b8-4627-a261-13e3335d5af1@group-EC4C30F0DE53-SegmentedRaftLogWorker: Starting segment from index:0
2019-09-26 13:29:22,034 [ca8c9a5b-93b8-4627-a261-13e3335d5af1@group-EC4C30F0DE53:LeaderElection47] INFO  impl.RaftServerImpl (ServerState.java:setRaftConf(354)) - ca8c9a5b-93b8-4627-a261-13e3335d5af1@group-EC4C30F0DE53: set configuration 0: [ca8c9a5b-93b8-4627-a261-13e3335d5af1:192.168.164.238:36992], old=null at 0
2019-09-26 13:29:22,045 [Thread-429] INFO  impl.FollowerState (FollowerState.java:run(106)) - 8cfabaed-6bfa-4340-a894-a45e2e16f787:group-B1DA904DD7C3 changes to CANDIDATE, lastRpcTime:5109, electionTimeout:5109ms
2019-09-26 13:29:22,045 [Thread-429] INFO  impl.RoleInfo (RoleInfo.java:shutdownFollowerState(121)) - 8cfabaed-6bfa-4340-a894-a45e2e16f787: shutdown FollowerState
2019-09-26 13:29:22,045 [Thread-429] INFO  impl.RaftServerImpl (RaftServerImpl.java:setRole(174)) - 8cfabaed-6bfa-4340-a894-a45e2e16f787@group-B1DA904DD7C3: changes role from  FOLLOWER to CANDIDATE at term 0 for changeToCandidate
2019-09-26 13:29:22,045 [Thread-429] INFO  impl.RoleInfo (RoleInfo.java:updateAndGet(143)) - 8cfabaed-6bfa-4340-a894-a45e2e16f787: start LeaderElection
2019-09-26 13:29:22,058 [8cfabaed-6bfa-4340-a894-a45e2e16f787@group-B1DA904DD7C3:LeaderElection48] INFO  impl.LeaderElection (LeaderElection.java:askForVotes(182)) - 8cfabaed-6bfa-4340-a894-a45e2e16f787@group-B1DA904DD7C3:LeaderElection48: begin an election at term 1 for -1: [8cfabaed-6bfa-4340-a894-a45e2e16f787:192.168.164.238:43170], old=null
2019-09-26 13:29:22,058 [8cfabaed-6bfa-4340-a894-a45e2e16f787@group-B1DA904DD7C3:LeaderElection48] INFO  impl.RoleInfo (RoleInfo.java:shutdownLeaderElection(134)) - 8cfabaed-6bfa-4340-a894-a45e2e16f787: shutdown LeaderElection
2019-09-26 13:29:22,059 [8cfabaed-6bfa-4340-a894-a45e2e16f787@group-B1DA904DD7C3:LeaderElection48] INFO  impl.RaftServerImpl (RaftServerImpl.java:setRole(174)) - 8cfabaed-6bfa-4340-a894-a45e2e16f787@group-B1DA904DD7C3: changes role from CANDIDATE to LEADER at term 1 for changeToLeader
2019-09-26 13:29:22,059 [8cfabaed-6bfa-4340-a894-a45e2e16f787@group-B1DA904DD7C3:LeaderElection48] INFO  impl.RaftServerImpl (ServerState.java:setLeader(253)) - 8cfabaed-6bfa-4340-a894-a45e2e16f787@group-B1DA904DD7C3: change Leader from null to 8cfabaed-6bfa-4340-a894-a45e2e16f787 at term 1 for becomeLeader, leader elected after 5128ms
2019-09-26 13:29:22,059 [8cfabaed-6bfa-4340-a894-a45e2e16f787@group-B1DA904DD7C3:LeaderElection48] INFO  server.RaftServerConfigKeys (ConfUtils.java:logGet(43)) - raft.server.staging.catchup.gap = 1000 (default)
2019-09-26 13:29:22,059 [8cfabaed-6bfa-4340-a894-a45e2e16f787@group-B1DA904DD7C3:LeaderElection48] INFO  server.RaftServerConfigKeys (ConfUtils.java:logGet(43)) - raft.server.rpc.sleep.time = 25ms (default)
2019-09-26 13:29:22,059 [8cfabaed-6bfa-4340-a894-a45e2e16f787@group-B1DA904DD7C3:LeaderElection48] INFO  server.RaftServerConfigKeys (ConfUtils.java:logGet(43)) - raft.server.write.element-limit = 4096 (default)
2019-09-26 13:29:22,059 [8cfabaed-6bfa-4340-a894-a45e2e16f787@group-B1DA904DD7C3:LeaderElection48] INFO  server.RaftServerConfigKeys (ConfUtils.java:logGet(43)) - raft.server.watch.timeout = 10s (default)
2019-09-26 13:29:22,059 [8cfabaed-6bfa-4340-a894-a45e2e16f787@group-B1DA904DD7C3:LeaderElection48] INFO  server.RaftServerConfigKeys (ConfUtils.java:logGet(43)) - raft.server.watch.timeout.denomination = 1s (default)
2019-09-26 13:29:22,059 [8cfabaed-6bfa-4340-a894-a45e2e16f787@group-B1DA904DD7C3:LeaderElection48] INFO  server.RaftServerConfigKeys (ConfUtils.java:logGet(43)) - raft.server.watch.element-limit = 65536 (default)
2019-09-26 13:29:22,060 [ca8c9a5b-93b8-4627-a261-13e3335d5af1@group-EC4C30F0DE53-SegmentedRaftLogWorker] INFO  segmented.SegmentedRaftLogWorker (SegmentedRaftLogWorker.java:execute(569)) - ca8c9a5b-93b8-4627-a261-13e3335d5af1@group-EC4C30F0DE53-SegmentedRaftLogWorker: created new log segment /workdir/hadoop-ozone/ozonefs/target/test-dir/MiniOzoneClusterImpl-8b6a8972-8eda-4f33-b3cf-a560ba2c5b87/datanode-9/data/ratis/56333529-89b5-40ea-9849-ec4c30f0de53/current/log_inprogress_0
2019-09-26 13:29:22,061 [8cfabaed-6bfa-4340-a894-a45e2e16f787@group-B1DA904DD7C3:LeaderElection48] INFO  impl.RoleInfo (RoleInfo.java:updateAndGet(143)) - 8cfabaed-6bfa-4340-a894-a45e2e16f787: start LeaderState
2019-09-26 13:29:22,061 [8cfabaed-6bfa-4340-a894-a45e2e16f787@group-B1DA904DD7C3:LeaderElection48] INFO  segmented.SegmentedRaftLogWorker (SegmentedRaftLogWorker.java:startLogSegment(380)) - 8cfabaed-6bfa-4340-a894-a45e2e16f787@group-B1DA904DD7C3-SegmentedRaftLogWorker: Starting segment from index:0
2019-09-26 13:29:22,062 [8cfabaed-6bfa-4340-a894-a45e2e16f787@group-B1DA904DD7C3:LeaderElection48] INFO  impl.RaftServerImpl (ServerState.java:setRaftConf(354)) - 8cfabaed-6bfa-4340-a894-a45e2e16f787@group-B1DA904DD7C3: set configuration 0: [8cfabaed-6bfa-4340-a894-a45e2e16f787:192.168.164.238:43170], old=null at 0
2019-09-26 13:29:22,097 [8cfabaed-6bfa-4340-a894-a45e2e16f787@group-B1DA904DD7C3-SegmentedRaftLogWorker] INFO  segmented.SegmentedRaftLogWorker (SegmentedRaftLogWorker.java:execute(569)) - 8cfabaed-6bfa-4340-a894-a45e2e16f787@group-B1DA904DD7C3-SegmentedRaftLogWorker: created new log segment /workdir/hadoop-ozone/ozonefs/target/test-dir/MiniOzoneClusterImpl-8b6a8972-8eda-4f33-b3cf-a560ba2c5b87/datanode-7/data/ratis/8e5c832d-c71e-440a-be3e-b1da904dd7c3/current/log_inprogress_0
2019-09-26 13:29:22,143 [Thread-441] INFO  impl.FollowerState (FollowerState.java:run(106)) - 8cfabaed-6bfa-4340-a894-a45e2e16f787:group-EB765BD4DA04 changes to CANDIDATE, lastRpcTime:5046, electionTimeout:5046ms
2019-09-26 13:29:22,143 [Thread-441] INFO  impl.RoleInfo (RoleInfo.java:shutdownFollowerState(121)) - 8cfabaed-6bfa-4340-a894-a45e2e16f787: shutdown FollowerState
2019-09-26 13:29:22,143 [Thread-441] INFO  impl.RaftServerImpl (RaftServerImpl.java:setRole(174)) - 8cfabaed-6bfa-4340-a894-a45e2e16f787@group-EB765BD4DA04: changes role from  FOLLOWER to CANDIDATE at term 0 for changeToCandidate
2019-09-26 13:29:22,144 [Thread-441] INFO  impl.RoleInfo (RoleInfo.java:updateAndGet(143)) - 8cfabaed-6bfa-4340-a894-a45e2e16f787: start LeaderElection
2019-09-26 13:29:22,148 [8cfabaed-6bfa-4340-a894-a45e2e16f787@group-EB765BD4DA04:LeaderElection49] INFO  impl.LeaderElection (LeaderElection.java:askForVotes(182)) - 8cfabaed-6bfa-4340-a894-a45e2e16f787@group-EB765BD4DA04:LeaderElection49: begin an election at term 1 for -1: [8cfabaed-6bfa-4340-a894-a45e2e16f787:192.168.164.238:43170], old=null
2019-09-26 13:29:22,148 [8cfabaed-6bfa-4340-a894-a45e2e16f787@group-EB765BD4DA04:LeaderElection49] INFO  impl.RoleInfo (RoleInfo.java:shutdownLeaderElection(134)) - 8cfabaed-6bfa-4340-a894-a45e2e16f787: shutdown LeaderElection
2019-09-26 13:29:22,149 [8cfabaed-6bfa-4340-a894-a45e2e16f787@group-EB765BD4DA04:LeaderElection49] INFO  impl.RaftServerImpl (RaftServerImpl.java:setRole(174)) - 8cfabaed-6bfa-4340-a894-a45e2e16f787@group-EB765BD4DA04: changes role from CANDIDATE to LEADER at term 1 for changeToLeader
2019-09-26 13:29:22,149 [8cfabaed-6bfa-4340-a894-a45e2e16f787@group-EB765BD4DA04:LeaderElection49] INFO  impl.RaftServerImpl (ServerState.java:setLeader(253)) - 8cfabaed-6bfa-4340-a894-a45e2e16f787@group-EB765BD4DA04: change Leader from null to 8cfabaed-6bfa-4340-a894-a45e2e16f787 at term 1 for becomeLeader, leader elected after 5056ms
2019-09-26 13:29:22,149 [8cfabaed-6bfa-4340-a894-a45e2e16f787@group-EB765BD4DA04:LeaderElection49] INFO  server.RaftServerConfigKeys (ConfUtils.java:logGet(43)) - raft.server.staging.catchup.gap = 1000 (default)
2019-09-26 13:29:22,149 [8cfabaed-6bfa-4340-a894-a45e2e16f787@group-EB765BD4DA04:LeaderElection49] INFO  server.RaftServerConfigKeys (ConfUtils.java:logGet(43)) - raft.server.rpc.sleep.time = 25ms (default)
2019-09-26 13:29:22,149 [8cfabaed-6bfa-4340-a894-a45e2e16f787@group-EB765BD4DA04:LeaderElection49] INFO  server.RaftServerConfigKeys (ConfUtils.java:logGet(43)) - raft.server.write.element-limit = 4096 (default)
2019-09-26 13:29:22,149 [8cfabaed-6bfa-4340-a894-a45e2e16f787@group-EB765BD4DA04:LeaderElection49] INFO  server.RaftServerConfigKeys (ConfUtils.java:logGet(43)) - raft.server.watch.timeout = 10s (default)
2019-09-26 13:29:22,149 [8cfabaed-6bfa-4340-a894-a45e2e16f787@group-EB765BD4DA04:LeaderElection49] INFO  server.RaftServerConfigKeys (ConfUtils.java:logGet(43)) - raft.server.watch.timeout.denomination = 1s (default)
2019-09-26 13:29:22,150 [8cfabaed-6bfa-4340-a894-a45e2e16f787@group-EB765BD4DA04:LeaderElection49] INFO  server.RaftServerConfigKeys (ConfUtils.java:logGet(43)) - raft.server.watch.element-limit = 65536 (default)
2019-09-26 13:29:22,150 [Thread-432] INFO  impl.FollowerState (FollowerState.java:run(106)) - 8cfabaed-6bfa-4340-a894-a45e2e16f787:group-E41A89FA8E46 changes to CANDIDATE, lastRpcTime:5172, electionTimeout:5172ms
2019-09-26 13:29:22,150 [Thread-432] INFO  impl.RoleInfo (RoleInfo.java:shutdownFollowerState(121)) - 8cfabaed-6bfa-4340-a894-a45e2e16f787: shutdown FollowerState
2019-09-26 13:29:22,150 [Thread-432] INFO  impl.RaftServerImpl (RaftServerImpl.java:setRole(174)) - 8cfabaed-6bfa-4340-a894-a45e2e16f787@group-E41A89FA8E46: changes role from  FOLLOWER to CANDIDATE at term 0 for changeToCandidate
2019-09-26 13:29:22,150 [Thread-432] INFO  impl.RoleInfo (RoleInfo.java:updateAndGet(143)) - 8cfabaed-6bfa-4340-a894-a45e2e16f787: start LeaderElection
2019-09-26 13:29:22,151 [8cfabaed-6bfa-4340-a894-a45e2e16f787@group-EB765BD4DA04:LeaderElection49] INFO  impl.RoleInfo (RoleInfo.java:updateAndGet(143)) - 8cfabaed-6bfa-4340-a894-a45e2e16f787: start LeaderState
2019-09-26 13:29:22,151 [8cfabaed-6bfa-4340-a894-a45e2e16f787@group-EB765BD4DA04:LeaderElection49] INFO  segmented.SegmentedRaftLogWorker (SegmentedRaftLogWorker.java:startLogSegment(380)) - 8cfabaed-6bfa-4340-a894-a45e2e16f787@group-EB765BD4DA04-SegmentedRaftLogWorker: Starting segment from index:0
2019-09-26 13:29:22,152 [8cfabaed-6bfa-4340-a894-a45e2e16f787@group-EB765BD4DA04:LeaderElection49] INFO  impl.RaftServerImpl (ServerState.java:setRaftConf(354)) - 8cfabaed-6bfa-4340-a894-a45e2e16f787@group-EB765BD4DA04: set configuration 0: [8cfabaed-6bfa-4340-a894-a45e2e16f787:192.168.164.238:43170], old=null at 0
2019-09-26 13:29:22,176 [Thread-438] INFO  impl.FollowerState (FollowerState.java:run(106)) - 1987c896-e32f-4a06-ac9a-08216b278c2b:group-250EFCCDA40B changes to CANDIDATE, lastRpcTime:5118, electionTimeout:5118ms
2019-09-26 13:29:22,176 [8cfabaed-6bfa-4340-a894-a45e2e16f787@group-E41A89FA8E46:LeaderElection50] INFO  impl.LeaderElection (LeaderElection.java:askForVotes(182)) - 8cfabaed-6bfa-4340-a894-a45e2e16f787@group-E41A89FA8E46:LeaderElection50: begin an election at term 1 for -1: [8cfabaed-6bfa-4340-a894-a45e2e16f787:192.168.164.238:43170], old=null
2019-09-26 13:29:22,176 [Thread-438] INFO  impl.RoleInfo (RoleInfo.java:shutdownFollowerState(121)) - 1987c896-e32f-4a06-ac9a-08216b278c2b: shutdown FollowerState
2019-09-26 13:29:22,176 [8cfabaed-6bfa-4340-a894-a45e2e16f787@group-E41A89FA8E46:LeaderElection50] INFO  impl.RoleInfo (RoleInfo.java:shutdownLeaderElection(134)) - 8cfabaed-6bfa-4340-a894-a45e2e16f787: shutdown LeaderElection
2019-09-26 13:29:22,177 [Thread-438] INFO  impl.RaftServerImpl (RaftServerImpl.java:setRole(174)) - 1987c896-e32f-4a06-ac9a-08216b278c2b@group-250EFCCDA40B: changes role from  FOLLOWER to CANDIDATE at term 0 for changeToCandidate
2019-09-26 13:29:22,177 [8cfabaed-6bfa-4340-a894-a45e2e16f787@group-E41A89FA8E46:LeaderElection50] INFO  impl.RaftServerImpl (RaftServerImpl.java:setRole(174)) - 8cfabaed-6bfa-4340-a894-a45e2e16f787@group-E41A89FA8E46: changes role from CANDIDATE to LEADER at term 1 for changeToLeader
2019-09-26 13:29:22,177 [Thread-438] INFO  impl.RoleInfo (RoleInfo.java:updateAndGet(143)) - 1987c896-e32f-4a06-ac9a-08216b278c2b: start LeaderElection
2019-09-26 13:29:22,177 [8cfabaed-6bfa-4340-a894-a45e2e16f787@group-E41A89FA8E46:LeaderElection50] INFO  impl.RaftServerImpl (ServerState.java:setLeader(253)) - 8cfabaed-6bfa-4340-a894-a45e2e16f787@group-E41A89FA8E46: change Leader from null to 8cfabaed-6bfa-4340-a894-a45e2e16f787 at term 1 for becomeLeader, leader elected after 5204ms
2019-09-26 13:29:22,177 [8cfabaed-6bfa-4340-a894-a45e2e16f787@group-E41A89FA8E46:LeaderElection50] INFO  server.RaftServerConfigKeys (ConfUtils.java:logGet(43)) - raft.server.staging.catchup.gap = 1000 (default)
2019-09-26 13:29:22,177 [8cfabaed-6bfa-4340-a894-a45e2e16f787@group-E41A89FA8E46:LeaderElection50] INFO  server.RaftServerConfigKeys (ConfUtils.java:logGet(43)) - raft.server.rpc.sleep.time = 25ms (default)
2019-09-26 13:29:22,178 [8cfabaed-6bfa-4340-a894-a45e2e16f787@group-E41A89FA8E46:LeaderElection50] INFO  server.RaftServerConfigKeys (ConfUtils.java:logGet(43)) - raft.server.write.element-limit = 4096 (default)
2019-09-26 13:29:22,178 [8cfabaed-6bfa-4340-a894-a45e2e16f787@group-E41A89FA8E46:LeaderElection50] INFO  server.RaftServerConfigKeys (ConfUtils.java:logGet(43)) - raft.server.watch.timeout = 10s (default)
2019-09-26 13:29:22,178 [8cfabaed-6bfa-4340-a894-a45e2e16f787@group-E41A89FA8E46:LeaderElection50] INFO  server.RaftServerConfigKeys (ConfUtils.java:logGet(43)) - raft.server.watch.timeout.denomination = 1s (default)
2019-09-26 13:29:22,178 [8cfabaed-6bfa-4340-a894-a45e2e16f787@group-E41A89FA8E46:LeaderElection50] INFO  server.RaftServerConfigKeys (ConfUtils.java:logGet(43)) - raft.server.watch.element-limit = 65536 (default)
2019-09-26 13:29:22,178 [8cfabaed-6bfa-4340-a894-a45e2e16f787@group-EB765BD4DA04-SegmentedRaftLogWorker] INFO  segmented.SegmentedRaftLogWorker (SegmentedRaftLogWorker.java:execute(569)) - 8cfabaed-6bfa-4340-a894-a45e2e16f787@group-EB765BD4DA04-SegmentedRaftLogWorker: created new log segment /workdir/hadoop-ozone/ozonefs/target/test-dir/MiniOzoneClusterImpl-8b6a8972-8eda-4f33-b3cf-a560ba2c5b87/datanode-7/data/ratis/0c6b9fc9-6ec6-4292-8769-eb765bd4da04/current/log_inprogress_0
2019-09-26 13:29:22,180 [8cfabaed-6bfa-4340-a894-a45e2e16f787@group-E41A89FA8E46:LeaderElection50] INFO  impl.RoleInfo (RoleInfo.java:updateAndGet(143)) - 8cfabaed-6bfa-4340-a894-a45e2e16f787: start LeaderState
2019-09-26 13:29:22,180 [8cfabaed-6bfa-4340-a894-a45e2e16f787@group-E41A89FA8E46:LeaderElection50] INFO  segmented.SegmentedRaftLogWorker (SegmentedRaftLogWorker.java:startLogSegment(380)) - 8cfabaed-6bfa-4340-a894-a45e2e16f787@group-E41A89FA8E46-SegmentedRaftLogWorker: Starting segment from index:0
2019-09-26 13:29:22,181 [8cfabaed-6bfa-4340-a894-a45e2e16f787@group-E41A89FA8E46:LeaderElection50] INFO  impl.RaftServerImpl (ServerState.java:setRaftConf(354)) - 8cfabaed-6bfa-4340-a894-a45e2e16f787@group-E41A89FA8E46: set configuration 0: [8cfabaed-6bfa-4340-a894-a45e2e16f787:192.168.164.238:43170], old=null at 0
2019-09-26 13:29:22,192 [1987c896-e32f-4a06-ac9a-08216b278c2b@group-250EFCCDA40B:LeaderElection51] INFO  impl.LeaderElection (LeaderElection.java:askForVotes(182)) - 1987c896-e32f-4a06-ac9a-08216b278c2b@group-250EFCCDA40B:LeaderElection51: begin an election at term 1 for -1: [1987c896-e32f-4a06-ac9a-08216b278c2b:192.168.164.238:46271], old=null
2019-09-26 13:29:22,192 [1987c896-e32f-4a06-ac9a-08216b278c2b@group-250EFCCDA40B:LeaderElection51] INFO  impl.RoleInfo (RoleInfo.java:shutdownLeaderElection(134)) - 1987c896-e32f-4a06-ac9a-08216b278c2b: shutdown LeaderElection
2019-09-26 13:29:22,192 [1987c896-e32f-4a06-ac9a-08216b278c2b@group-250EFCCDA40B:LeaderElection51] INFO  impl.RaftServerImpl (RaftServerImpl.java:setRole(174)) - 1987c896-e32f-4a06-ac9a-08216b278c2b@group-250EFCCDA40B: changes role from CANDIDATE to LEADER at term 1 for changeToLeader
2019-09-26 13:29:22,192 [1987c896-e32f-4a06-ac9a-08216b278c2b@group-250EFCCDA40B:LeaderElection51] INFO  impl.RaftServerImpl (ServerState.java:setLeader(253)) - 1987c896-e32f-4a06-ac9a-08216b278c2b@group-250EFCCDA40B: change Leader from null to 1987c896-e32f-4a06-ac9a-08216b278c2b at term 1 for becomeLeader, leader elected after 5140ms
2019-09-26 13:29:22,193 [1987c896-e32f-4a06-ac9a-08216b278c2b@group-250EFCCDA40B:LeaderElection51] INFO  server.RaftServerConfigKeys (ConfUtils.java:logGet(43)) - raft.server.staging.catchup.gap = 1000 (default)
2019-09-26 13:29:22,193 [1987c896-e32f-4a06-ac9a-08216b278c2b@group-250EFCCDA40B:LeaderElection51] INFO  server.RaftServerConfigKeys (ConfUtils.java:logGet(43)) - raft.server.rpc.sleep.time = 25ms (default)
2019-09-26 13:29:22,193 [1987c896-e32f-4a06-ac9a-08216b278c2b@group-250EFCCDA40B:LeaderElection51] INFO  server.RaftServerConfigKeys (ConfUtils.java:logGet(43)) - raft.server.write.element-limit = 4096 (default)
2019-09-26 13:29:22,193 [1987c896-e32f-4a06-ac9a-08216b278c2b@group-250EFCCDA40B:LeaderElection51] INFO  server.RaftServerConfigKeys (ConfUtils.java:logGet(43)) - raft.server.watch.timeout = 10s (default)
2019-09-26 13:29:22,193 [1987c896-e32f-4a06-ac9a-08216b278c2b@group-250EFCCDA40B:LeaderElection51] INFO  server.RaftServerConfigKeys (ConfUtils.java:logGet(43)) - raft.server.watch.timeout.denomination = 1s (default)
2019-09-26 13:29:22,193 [1987c896-e32f-4a06-ac9a-08216b278c2b@group-250EFCCDA40B:LeaderElection51] INFO  server.RaftServerConfigKeys (ConfUtils.java:logGet(43)) - raft.server.watch.element-limit = 65536 (default)
2019-09-26 13:29:22,196 [1987c896-e32f-4a06-ac9a-08216b278c2b@group-250EFCCDA40B:LeaderElection51] INFO  impl.RoleInfo (RoleInfo.java:updateAndGet(143)) - 1987c896-e32f-4a06-ac9a-08216b278c2b: start LeaderState
2019-09-26 13:29:22,196 [1987c896-e32f-4a06-ac9a-08216b278c2b@group-250EFCCDA40B:LeaderElection51] INFO  segmented.SegmentedRaftLogWorker (SegmentedRaftLogWorker.java:startLogSegment(380)) - 1987c896-e32f-4a06-ac9a-08216b278c2b@group-250EFCCDA40B-SegmentedRaftLogWorker: Starting segment from index:0
2019-09-26 13:29:22,196 [1987c896-e32f-4a06-ac9a-08216b278c2b@group-250EFCCDA40B:LeaderElection51] INFO  impl.RaftServerImpl (ServerState.java:setRaftConf(354)) - 1987c896-e32f-4a06-ac9a-08216b278c2b@group-250EFCCDA40B: set configuration 0: [1987c896-e32f-4a06-ac9a-08216b278c2b:192.168.164.238:46271], old=null at 0
2019-09-26 13:29:22,223 [8cfabaed-6bfa-4340-a894-a45e2e16f787@group-E41A89FA8E46-SegmentedRaftLogWorker] INFO  segmented.SegmentedRaftLogWorker (SegmentedRaftLogWorker.java:execute(569)) - 8cfabaed-6bfa-4340-a894-a45e2e16f787@group-E41A89FA8E46-SegmentedRaftLogWorker: created new log segment /workdir/hadoop-ozone/ozonefs/target/test-dir/MiniOzoneClusterImpl-8b6a8972-8eda-4f33-b3cf-a560ba2c5b87/datanode-7/data/ratis/e04696f2-982e-4f61-a7d6-e41a89fa8e46/current/log_inprogress_0
2019-09-26 13:29:22,228 [1987c896-e32f-4a06-ac9a-08216b278c2b@group-250EFCCDA40B-SegmentedRaftLogWorker] INFO  segmented.SegmentedRaftLogWorker (SegmentedRaftLogWorker.java:execute(569)) - 1987c896-e32f-4a06-ac9a-08216b278c2b@group-250EFCCDA40B-SegmentedRaftLogWorker: created new log segment /workdir/hadoop-ozone/ozonefs/target/test-dir/MiniOzoneClusterImpl-8b6a8972-8eda-4f33-b3cf-a560ba2c5b87/datanode-5/data/ratis/1700aaa9-0dd0-44a4-b717-250efccda40b/current/log_inprogress_0
2019-09-26 13:29:22,261 [Thread-447] INFO  impl.FollowerState (FollowerState.java:run(106)) - 84b4f0f2-647b-40e2-8663-a3f3ce0b3f80:group-2474FBCAC077 changes to CANDIDATE, lastRpcTime:5075, electionTimeout:5075ms
2019-09-26 13:29:22,261 [Thread-447] INFO  impl.RoleInfo (RoleInfo.java:shutdownFollowerState(121)) - 84b4f0f2-647b-40e2-8663-a3f3ce0b3f80: shutdown FollowerState
2019-09-26 13:29:22,261 [Thread-447] INFO  impl.RaftServerImpl (RaftServerImpl.java:setRole(174)) - 84b4f0f2-647b-40e2-8663-a3f3ce0b3f80@group-2474FBCAC077: changes role from  FOLLOWER to CANDIDATE at term 0 for changeToCandidate
2019-09-26 13:29:22,261 [Thread-447] INFO  impl.RoleInfo (RoleInfo.java:updateAndGet(143)) - 84b4f0f2-647b-40e2-8663-a3f3ce0b3f80: start LeaderElection
2019-09-26 13:29:22,278 [84b4f0f2-647b-40e2-8663-a3f3ce0b3f80@group-2474FBCAC077:LeaderElection52] INFO  impl.LeaderElection (LeaderElection.java:askForVotes(182)) - 84b4f0f2-647b-40e2-8663-a3f3ce0b3f80@group-2474FBCAC077:LeaderElection52: begin an election at term 1 for -1: [84b4f0f2-647b-40e2-8663-a3f3ce0b3f80:192.168.164.238:46549], old=null
2019-09-26 13:29:22,278 [84b4f0f2-647b-40e2-8663-a3f3ce0b3f80@group-2474FBCAC077:LeaderElection52] INFO  impl.RoleInfo (RoleInfo.java:shutdownLeaderElection(134)) - 84b4f0f2-647b-40e2-8663-a3f3ce0b3f80: shutdown LeaderElection
2019-09-26 13:29:22,278 [84b4f0f2-647b-40e2-8663-a3f3ce0b3f80@group-2474FBCAC077:LeaderElection52] INFO  impl.RaftServerImpl (RaftServerImpl.java:setRole(174)) - 84b4f0f2-647b-40e2-8663-a3f3ce0b3f80@group-2474FBCAC077: changes role from CANDIDATE to LEADER at term 1 for changeToLeader
2019-09-26 13:29:22,278 [84b4f0f2-647b-40e2-8663-a3f3ce0b3f80@group-2474FBCAC077:LeaderElection52] INFO  impl.RaftServerImpl (ServerState.java:setLeader(253)) - 84b4f0f2-647b-40e2-8663-a3f3ce0b3f80@group-2474FBCAC077: change Leader from null to 84b4f0f2-647b-40e2-8663-a3f3ce0b3f80 at term 1 for becomeLeader, leader elected after 5096ms
2019-09-26 13:29:22,278 [84b4f0f2-647b-40e2-8663-a3f3ce0b3f80@group-2474FBCAC077:LeaderElection52] INFO  server.RaftServerConfigKeys (ConfUtils.java:logGet(43)) - raft.server.staging.catchup.gap = 1000 (default)
2019-09-26 13:29:22,278 [84b4f0f2-647b-40e2-8663-a3f3ce0b3f80@group-2474FBCAC077:LeaderElection52] INFO  server.RaftServerConfigKeys (ConfUtils.java:logGet(43)) - raft.server.rpc.sleep.time = 25ms (default)
2019-09-26 13:29:22,278 [84b4f0f2-647b-40e2-8663-a3f3ce0b3f80@group-2474FBCAC077:LeaderElection52] INFO  server.RaftServerConfigKeys (ConfUtils.java:logGet(43)) - raft.server.write.element-limit = 4096 (default)
2019-09-26 13:29:22,278 [84b4f0f2-647b-40e2-8663-a3f3ce0b3f80@group-2474FBCAC077:LeaderElection52] INFO  server.RaftServerConfigKeys (ConfUtils.java:logGet(43)) - raft.server.watch.timeout = 10s (default)
2019-09-26 13:29:22,279 [84b4f0f2-647b-40e2-8663-a3f3ce0b3f80@group-2474FBCAC077:LeaderElection52] INFO  server.RaftServerConfigKeys (ConfUtils.java:logGet(43)) - raft.server.watch.timeout.denomination = 1s (default)
2019-09-26 13:29:22,279 [84b4f0f2-647b-40e2-8663-a3f3ce0b3f80@group-2474FBCAC077:LeaderElection52] INFO  server.RaftServerConfigKeys (ConfUtils.java:logGet(43)) - raft.server.watch.element-limit = 65536 (default)
2019-09-26 13:29:22,281 [84b4f0f2-647b-40e2-8663-a3f3ce0b3f80@group-2474FBCAC077:LeaderElection52] INFO  impl.RoleInfo (RoleInfo.java:updateAndGet(143)) - 84b4f0f2-647b-40e2-8663-a3f3ce0b3f80: start LeaderState
2019-09-26 13:29:22,281 [84b4f0f2-647b-40e2-8663-a3f3ce0b3f80@group-2474FBCAC077:LeaderElection52] INFO  segmented.SegmentedRaftLogWorker (SegmentedRaftLogWorker.java:startLogSegment(380)) - 84b4f0f2-647b-40e2-8663-a3f3ce0b3f80@group-2474FBCAC077-SegmentedRaftLogWorker: Starting segment from index:0
2019-09-26 13:29:22,281 [84b4f0f2-647b-40e2-8663-a3f3ce0b3f80@group-2474FBCAC077:LeaderElection52] INFO  impl.RaftServerImpl (ServerState.java:setRaftConf(354)) - 84b4f0f2-647b-40e2-8663-a3f3ce0b3f80@group-2474FBCAC077: set configuration 0: [84b4f0f2-647b-40e2-8663-a3f3ce0b3f80:192.168.164.238:46549], old=null at 0
2019-09-26 13:29:22,311 [Thread-444] INFO  impl.FollowerState (FollowerState.java:run(106)) - ca8c9a5b-93b8-4627-a261-13e3335d5af1:group-914AADE6CDB9 changes to CANDIDATE, lastRpcTime:5166, electionTimeout:5166ms
2019-09-26 13:29:22,311 [Thread-444] INFO  impl.RoleInfo (RoleInfo.java:shutdownFollowerState(121)) - ca8c9a5b-93b8-4627-a261-13e3335d5af1: shutdown FollowerState
2019-09-26 13:29:22,312 [Thread-444] INFO  impl.RaftServerImpl (RaftServerImpl.java:setRole(174)) - ca8c9a5b-93b8-4627-a261-13e3335d5af1@group-914AADE6CDB9: changes role from  FOLLOWER to CANDIDATE at term 0 for changeToCandidate
2019-09-26 13:29:22,312 [Thread-444] INFO  impl.RoleInfo (RoleInfo.java:updateAndGet(143)) - ca8c9a5b-93b8-4627-a261-13e3335d5af1: start LeaderElection
2019-09-26 13:29:22,318 [84b4f0f2-647b-40e2-8663-a3f3ce0b3f80@group-2474FBCAC077-SegmentedRaftLogWorker] INFO  segmented.SegmentedRaftLogWorker (SegmentedRaftLogWorker.java:execute(569)) - 84b4f0f2-647b-40e2-8663-a3f3ce0b3f80@group-2474FBCAC077-SegmentedRaftLogWorker: created new log segment /workdir/hadoop-ozone/ozonefs/target/test-dir/MiniOzoneClusterImpl-8b6a8972-8eda-4f33-b3cf-a560ba2c5b87/datanode-8/data/ratis/dbd7a6b0-d0af-4f2e-a4b2-2474fbcac077/current/log_inprogress_0
2019-09-26 13:29:22,318 [ca8c9a5b-93b8-4627-a261-13e3335d5af1@group-914AADE6CDB9:LeaderElection53] INFO  impl.LeaderElection (LeaderElection.java:askForVotes(182)) - ca8c9a5b-93b8-4627-a261-13e3335d5af1@group-914AADE6CDB9:LeaderElection53: begin an election at term 1 for -1: [ca8c9a5b-93b8-4627-a261-13e3335d5af1:192.168.164.238:36992], old=null
2019-09-26 13:29:22,318 [ca8c9a5b-93b8-4627-a261-13e3335d5af1@group-914AADE6CDB9:LeaderElection53] INFO  impl.RoleInfo (RoleInfo.java:shutdownLeaderElection(134)) - ca8c9a5b-93b8-4627-a261-13e3335d5af1: shutdown LeaderElection
2019-09-26 13:29:22,319 [ca8c9a5b-93b8-4627-a261-13e3335d5af1@group-914AADE6CDB9:LeaderElection53] INFO  impl.RaftServerImpl (RaftServerImpl.java:setRole(174)) - ca8c9a5b-93b8-4627-a261-13e3335d5af1@group-914AADE6CDB9: changes role from CANDIDATE to LEADER at term 1 for changeToLeader
2019-09-26 13:29:22,319 [ca8c9a5b-93b8-4627-a261-13e3335d5af1@group-914AADE6CDB9:LeaderElection53] INFO  impl.RaftServerImpl (ServerState.java:setLeader(253)) - ca8c9a5b-93b8-4627-a261-13e3335d5af1@group-914AADE6CDB9: change Leader from null to ca8c9a5b-93b8-4627-a261-13e3335d5af1 at term 1 for becomeLeader, leader elected after 5180ms
2019-09-26 13:29:22,319 [ca8c9a5b-93b8-4627-a261-13e3335d5af1@group-914AADE6CDB9:LeaderElection53] INFO  server.RaftServerConfigKeys (ConfUtils.java:logGet(43)) - raft.server.staging.catchup.gap = 1000 (default)
2019-09-26 13:29:22,319 [ca8c9a5b-93b8-4627-a261-13e3335d5af1@group-914AADE6CDB9:LeaderElection53] INFO  server.RaftServerConfigKeys (ConfUtils.java:logGet(43)) - raft.server.rpc.sleep.time = 25ms (default)
2019-09-26 13:29:22,319 [ca8c9a5b-93b8-4627-a261-13e3335d5af1@group-914AADE6CDB9:LeaderElection53] INFO  server.RaftServerConfigKeys (ConfUtils.java:logGet(43)) - raft.server.write.element-limit = 4096 (default)
2019-09-26 13:29:22,319 [ca8c9a5b-93b8-4627-a261-13e3335d5af1@group-914AADE6CDB9:LeaderElection53] INFO  server.RaftServerConfigKeys (ConfUtils.java:logGet(43)) - raft.server.watch.timeout = 10s (default)
2019-09-26 13:29:22,319 [ca8c9a5b-93b8-4627-a261-13e3335d5af1@group-914AADE6CDB9:LeaderElection53] INFO  server.RaftServerConfigKeys (ConfUtils.java:logGet(43)) - raft.server.watch.timeout.denomination = 1s (default)
2019-09-26 13:29:22,319 [ca8c9a5b-93b8-4627-a261-13e3335d5af1@group-914AADE6CDB9:LeaderElection53] INFO  server.RaftServerConfigKeys (ConfUtils.java:logGet(43)) - raft.server.watch.element-limit = 65536 (default)
2019-09-26 13:29:22,321 [ca8c9a5b-93b8-4627-a261-13e3335d5af1@group-914AADE6CDB9:LeaderElection53] INFO  impl.RoleInfo (RoleInfo.java:updateAndGet(143)) - ca8c9a5b-93b8-4627-a261-13e3335d5af1: start LeaderState
2019-09-26 13:29:22,321 [ca8c9a5b-93b8-4627-a261-13e3335d5af1@group-914AADE6CDB9:LeaderElection53] INFO  segmented.SegmentedRaftLogWorker (SegmentedRaftLogWorker.java:startLogSegment(380)) - ca8c9a5b-93b8-4627-a261-13e3335d5af1@group-914AADE6CDB9-SegmentedRaftLogWorker: Starting segment from index:0
2019-09-26 13:29:22,322 [ca8c9a5b-93b8-4627-a261-13e3335d5af1@group-914AADE6CDB9:LeaderElection53] INFO  impl.RaftServerImpl (ServerState.java:setRaftConf(354)) - ca8c9a5b-93b8-4627-a261-13e3335d5af1@group-914AADE6CDB9: set configuration 0: [ca8c9a5b-93b8-4627-a261-13e3335d5af1:192.168.164.238:36992], old=null at 0
2019-09-26 13:29:22,349 [Thread-459] INFO  impl.FollowerState (FollowerState.java:run(106)) - 84b4f0f2-647b-40e2-8663-a3f3ce0b3f80:group-7BF342E0FE5A changes to CANDIDATE, lastRpcTime:5027, electionTimeout:5027ms
2019-09-26 13:29:22,350 [Thread-459] INFO  impl.RoleInfo (RoleInfo.java:shutdownFollowerState(121)) - 84b4f0f2-647b-40e2-8663-a3f3ce0b3f80: shutdown FollowerState
2019-09-26 13:29:22,350 [Thread-459] INFO  impl.RaftServerImpl (RaftServerImpl.java:setRole(174)) - 84b4f0f2-647b-40e2-8663-a3f3ce0b3f80@group-7BF342E0FE5A: changes role from  FOLLOWER to CANDIDATE at term 0 for changeToCandidate
2019-09-26 13:29:22,350 [Thread-459] INFO  impl.RoleInfo (RoleInfo.java:updateAndGet(143)) - 84b4f0f2-647b-40e2-8663-a3f3ce0b3f80: start LeaderElection
2019-09-26 13:29:22,357 [ca8c9a5b-93b8-4627-a261-13e3335d5af1@group-914AADE6CDB9-SegmentedRaftLogWorker] INFO  segmented.SegmentedRaftLogWorker (SegmentedRaftLogWorker.java:execute(569)) - ca8c9a5b-93b8-4627-a261-13e3335d5af1@group-914AADE6CDB9-SegmentedRaftLogWorker: created new log segment /workdir/hadoop-ozone/ozonefs/target/test-dir/MiniOzoneClusterImpl-8b6a8972-8eda-4f33-b3cf-a560ba2c5b87/datanode-9/data/ratis/eb8bea45-b362-4916-9aac-914aade6cdb9/current/log_inprogress_0
2019-09-26 13:29:22,357 [84b4f0f2-647b-40e2-8663-a3f3ce0b3f80@group-7BF342E0FE5A:LeaderElection54] INFO  impl.LeaderElection (LeaderElection.java:askForVotes(182)) - 84b4f0f2-647b-40e2-8663-a3f3ce0b3f80@group-7BF342E0FE5A:LeaderElection54: begin an election at term 1 for -1: [84b4f0f2-647b-40e2-8663-a3f3ce0b3f80:192.168.164.238:46549], old=null
2019-09-26 13:29:22,357 [84b4f0f2-647b-40e2-8663-a3f3ce0b3f80@group-7BF342E0FE5A:LeaderElection54] INFO  impl.RoleInfo (RoleInfo.java:shutdownLeaderElection(134)) - 84b4f0f2-647b-40e2-8663-a3f3ce0b3f80: shutdown LeaderElection
2019-09-26 13:29:22,357 [84b4f0f2-647b-40e2-8663-a3f3ce0b3f80@group-7BF342E0FE5A:LeaderElection54] INFO  impl.RaftServerImpl (RaftServerImpl.java:setRole(174)) - 84b4f0f2-647b-40e2-8663-a3f3ce0b3f80@group-7BF342E0FE5A: changes role from CANDIDATE to LEADER at term 1 for changeToLeader
2019-09-26 13:29:22,357 [84b4f0f2-647b-40e2-8663-a3f3ce0b3f80@group-7BF342E0FE5A:LeaderElection54] INFO  impl.RaftServerImpl (ServerState.java:setLeader(253)) - 84b4f0f2-647b-40e2-8663-a3f3ce0b3f80@group-7BF342E0FE5A: change Leader from null to 84b4f0f2-647b-40e2-8663-a3f3ce0b3f80 at term 1 for becomeLeader, leader elected after 5039ms
2019-09-26 13:29:22,357 [84b4f0f2-647b-40e2-8663-a3f3ce0b3f80@group-7BF342E0FE5A:LeaderElection54] INFO  server.RaftServerConfigKeys (ConfUtils.java:logGet(43)) - raft.server.staging.catchup.gap = 1000 (default)
2019-09-26 13:29:22,357 [84b4f0f2-647b-40e2-8663-a3f3ce0b3f80@group-7BF342E0FE5A:LeaderElection54] INFO  server.RaftServerConfigKeys (ConfUtils.java:logGet(43)) - raft.server.rpc.sleep.time = 25ms (default)
2019-09-26 13:29:22,357 [84b4f0f2-647b-40e2-8663-a3f3ce0b3f80@group-7BF342E0FE5A:LeaderElection54] INFO  server.RaftServerConfigKeys (ConfUtils.java:logGet(43)) - raft.server.write.element-limit = 4096 (default)
2019-09-26 13:29:22,358 [84b4f0f2-647b-40e2-8663-a3f3ce0b3f80@group-7BF342E0FE5A:LeaderElection54] INFO  server.RaftServerConfigKeys (ConfUtils.java:logGet(43)) - raft.server.watch.timeout = 10s (default)
2019-09-26 13:29:22,358 [84b4f0f2-647b-40e2-8663-a3f3ce0b3f80@group-7BF342E0FE5A:LeaderElection54] INFO  server.RaftServerConfigKeys (ConfUtils.java:logGet(43)) - raft.server.watch.timeout.denomination = 1s (default)
2019-09-26 13:29:22,358 [84b4f0f2-647b-40e2-8663-a3f3ce0b3f80@group-7BF342E0FE5A:LeaderElection54] INFO  server.RaftServerConfigKeys (ConfUtils.java:logGet(43)) - raft.server.watch.element-limit = 65536 (default)
2019-09-26 13:29:22,359 [84b4f0f2-647b-40e2-8663-a3f3ce0b3f80@group-7BF342E0FE5A:LeaderElection54] INFO  impl.RoleInfo (RoleInfo.java:updateAndGet(143)) - 84b4f0f2-647b-40e2-8663-a3f3ce0b3f80: start LeaderState
2019-09-26 13:29:22,359 [84b4f0f2-647b-40e2-8663-a3f3ce0b3f80@group-7BF342E0FE5A:LeaderElection54] INFO  segmented.SegmentedRaftLogWorker (SegmentedRaftLogWorker.java:startLogSegment(380)) - 84b4f0f2-647b-40e2-8663-a3f3ce0b3f80@group-7BF342E0FE5A-SegmentedRaftLogWorker: Starting segment from index:0
2019-09-26 13:29:22,360 [84b4f0f2-647b-40e2-8663-a3f3ce0b3f80@group-7BF342E0FE5A:LeaderElection54] INFO  impl.RaftServerImpl (ServerState.java:setRaftConf(354)) - 84b4f0f2-647b-40e2-8663-a3f3ce0b3f80@group-7BF342E0FE5A: set configuration 0: [84b4f0f2-647b-40e2-8663-a3f3ce0b3f80:192.168.164.238:46549], old=null at 0
2019-09-26 13:29:22,380 [Thread-453] INFO  impl.FollowerState (FollowerState.java:run(106)) - ca8c9a5b-93b8-4627-a261-13e3335d5af1:group-6460213A71E8 changes to CANDIDATE, lastRpcTime:5122, electionTimeout:5122ms
2019-09-26 13:29:22,380 [Thread-453] INFO  impl.RoleInfo (RoleInfo.java:shutdownFollowerState(121)) - ca8c9a5b-93b8-4627-a261-13e3335d5af1: shutdown FollowerState
2019-09-26 13:29:22,380 [Thread-453] INFO  impl.RaftServerImpl (RaftServerImpl.java:setRole(174)) - ca8c9a5b-93b8-4627-a261-13e3335d5af1@group-6460213A71E8: changes role from  FOLLOWER to CANDIDATE at term 0 for changeToCandidate
2019-09-26 13:29:22,380 [Thread-453] INFO  impl.RoleInfo (RoleInfo.java:updateAndGet(143)) - ca8c9a5b-93b8-4627-a261-13e3335d5af1: start LeaderElection
2019-09-26 13:29:22,381 [Thread-450] INFO  impl.FollowerState (FollowerState.java:run(106)) - 84b4f0f2-647b-40e2-8663-a3f3ce0b3f80:group-5E4AACA577C6 changes to CANDIDATE, lastRpcTime:5155, electionTimeout:5155ms
2019-09-26 13:29:22,381 [Thread-450] INFO  impl.RoleInfo (RoleInfo.java:shutdownFollowerState(121)) - 84b4f0f2-647b-40e2-8663-a3f3ce0b3f80: shutdown FollowerState
2019-09-26 13:29:22,382 [Thread-450] INFO  impl.RaftServerImpl (RaftServerImpl.java:setRole(174)) - 84b4f0f2-647b-40e2-8663-a3f3ce0b3f80@group-5E4AACA577C6: changes role from  FOLLOWER to CANDIDATE at term 0 for changeToCandidate
2019-09-26 13:29:22,382 [Thread-450] INFO  impl.RoleInfo (RoleInfo.java:updateAndGet(143)) - 84b4f0f2-647b-40e2-8663-a3f3ce0b3f80: start LeaderElection
2019-09-26 13:29:22,395 [84b4f0f2-647b-40e2-8663-a3f3ce0b3f80@group-7BF342E0FE5A-SegmentedRaftLogWorker] INFO  segmented.SegmentedRaftLogWorker (SegmentedRaftLogWorker.java:execute(569)) - 84b4f0f2-647b-40e2-8663-a3f3ce0b3f80@group-7BF342E0FE5A-SegmentedRaftLogWorker: created new log segment /workdir/hadoop-ozone/ozonefs/target/test-dir/MiniOzoneClusterImpl-8b6a8972-8eda-4f33-b3cf-a560ba2c5b87/datanode-8/data/ratis/091ed810-4954-4227-8fe8-7bf342e0fe5a/current/log_inprogress_0
2019-09-26 13:29:22,395 [84b4f0f2-647b-40e2-8663-a3f3ce0b3f80@group-5E4AACA577C6:LeaderElection56] INFO  impl.LeaderElection (LeaderElection.java:askForVotes(182)) - 84b4f0f2-647b-40e2-8663-a3f3ce0b3f80@group-5E4AACA577C6:LeaderElection56: begin an election at term 1 for -1: [84b4f0f2-647b-40e2-8663-a3f3ce0b3f80:192.168.164.238:46549], old=null
2019-09-26 13:29:22,395 [ca8c9a5b-93b8-4627-a261-13e3335d5af1@group-6460213A71E8:LeaderElection55] INFO  impl.LeaderElection (LeaderElection.java:askForVotes(182)) - ca8c9a5b-93b8-4627-a261-13e3335d5af1@group-6460213A71E8:LeaderElection55: begin an election at term 1 for -1: [ca8c9a5b-93b8-4627-a261-13e3335d5af1:192.168.164.238:36992], old=null
2019-09-26 13:29:22,395 [84b4f0f2-647b-40e2-8663-a3f3ce0b3f80@group-5E4AACA577C6:LeaderElection56] INFO  impl.RoleInfo (RoleInfo.java:shutdownLeaderElection(134)) - 84b4f0f2-647b-40e2-8663-a3f3ce0b3f80: shutdown LeaderElection
2019-09-26 13:29:22,395 [ca8c9a5b-93b8-4627-a261-13e3335d5af1@group-6460213A71E8:LeaderElection55] INFO  impl.RoleInfo (RoleInfo.java:shutdownLeaderElection(134)) - ca8c9a5b-93b8-4627-a261-13e3335d5af1: shutdown LeaderElection
2019-09-26 13:29:22,395 [84b4f0f2-647b-40e2-8663-a3f3ce0b3f80@group-5E4AACA577C6:LeaderElection56] INFO  impl.RaftServerImpl (RaftServerImpl.java:setRole(174)) - 84b4f0f2-647b-40e2-8663-a3f3ce0b3f80@group-5E4AACA577C6: changes role from CANDIDATE to LEADER at term 1 for changeToLeader
2019-09-26 13:29:22,395 [ca8c9a5b-93b8-4627-a261-13e3335d5af1@group-6460213A71E8:LeaderElection55] INFO  impl.RaftServerImpl (RaftServerImpl.java:setRole(174)) - ca8c9a5b-93b8-4627-a261-13e3335d5af1@group-6460213A71E8: changes role from CANDIDATE to LEADER at term 1 for changeToLeader
2019-09-26 13:29:22,395 [84b4f0f2-647b-40e2-8663-a3f3ce0b3f80@group-5E4AACA577C6:LeaderElection56] INFO  impl.RaftServerImpl (ServerState.java:setLeader(253)) - 84b4f0f2-647b-40e2-8663-a3f3ce0b3f80@group-5E4AACA577C6: change Leader from null to 84b4f0f2-647b-40e2-8663-a3f3ce0b3f80 at term 1 for becomeLeader, leader elected after 5173ms
2019-09-26 13:29:22,396 [ca8c9a5b-93b8-4627-a261-13e3335d5af1@group-6460213A71E8:LeaderElection55] INFO  impl.RaftServerImpl (ServerState.java:setLeader(253)) - ca8c9a5b-93b8-4627-a261-13e3335d5af1@group-6460213A71E8: change Leader from null to ca8c9a5b-93b8-4627-a261-13e3335d5af1 at term 1 for becomeLeader, leader elected after 5142ms
2019-09-26 13:29:22,396 [84b4f0f2-647b-40e2-8663-a3f3ce0b3f80@group-5E4AACA577C6:LeaderElection56] INFO  server.RaftServerConfigKeys (ConfUtils.java:logGet(43)) - raft.server.staging.catchup.gap = 1000 (default)
2019-09-26 13:29:22,396 [ca8c9a5b-93b8-4627-a261-13e3335d5af1@group-6460213A71E8:LeaderElection55] INFO  server.RaftServerConfigKeys (ConfUtils.java:logGet(43)) - raft.server.staging.catchup.gap = 1000 (default)
2019-09-26 13:29:22,396 [84b4f0f2-647b-40e2-8663-a3f3ce0b3f80@group-5E4AACA577C6:LeaderElection56] INFO  server.RaftServerConfigKeys (ConfUtils.java:logGet(43)) - raft.server.rpc.sleep.time = 25ms (default)
2019-09-26 13:29:22,396 [ca8c9a5b-93b8-4627-a261-13e3335d5af1@group-6460213A71E8:LeaderElection55] INFO  server.RaftServerConfigKeys (ConfUtils.java:logGet(43)) - raft.server.rpc.sleep.time = 25ms (default)
2019-09-26 13:29:22,396 [84b4f0f2-647b-40e2-8663-a3f3ce0b3f80@group-5E4AACA577C6:LeaderElection56] INFO  server.RaftServerConfigKeys (ConfUtils.java:logGet(43)) - raft.server.write.element-limit = 4096 (default)
2019-09-26 13:29:22,396 [ca8c9a5b-93b8-4627-a261-13e3335d5af1@group-6460213A71E8:LeaderElection55] INFO  server.RaftServerConfigKeys (ConfUtils.java:logGet(43)) - raft.server.write.element-limit = 4096 (default)
2019-09-26 13:29:22,396 [84b4f0f2-647b-40e2-8663-a3f3ce0b3f80@group-5E4AACA577C6:LeaderElection56] INFO  server.RaftServerConfigKeys (ConfUtils.java:logGet(43)) - raft.server.watch.timeout = 10s (default)
2019-09-26 13:29:22,396 [ca8c9a5b-93b8-4627-a261-13e3335d5af1@group-6460213A71E8:LeaderElection55] INFO  server.RaftServerConfigKeys (ConfUtils.java:logGet(43)) - raft.server.watch.timeout = 10s (default)
2019-09-26 13:29:22,396 [84b4f0f2-647b-40e2-8663-a3f3ce0b3f80@group-5E4AACA577C6:LeaderElection56] INFO  server.RaftServerConfigKeys (ConfUtils.java:logGet(43)) - raft.server.watch.timeout.denomination = 1s (default)
2019-09-26 13:29:22,396 [ca8c9a5b-93b8-4627-a261-13e3335d5af1@group-6460213A71E8:LeaderElection55] INFO  server.RaftServerConfigKeys (ConfUtils.java:logGet(43)) - raft.server.watch.timeout.denomination = 1s (default)
2019-09-26 13:29:22,396 [84b4f0f2-647b-40e2-8663-a3f3ce0b3f80@group-5E4AACA577C6:LeaderElection56] INFO  server.RaftServerConfigKeys (ConfUtils.java:logGet(43)) - raft.server.watch.element-limit = 65536 (default)
2019-09-26 13:29:22,396 [ca8c9a5b-93b8-4627-a261-13e3335d5af1@group-6460213A71E8:LeaderElection55] INFO  server.RaftServerConfigKeys (ConfUtils.java:logGet(43)) - raft.server.watch.element-limit = 65536 (default)
2019-09-26 13:29:22,399 [84b4f0f2-647b-40e2-8663-a3f3ce0b3f80@group-5E4AACA577C6:LeaderElection56] INFO  impl.RoleInfo (RoleInfo.java:updateAndGet(143)) - 84b4f0f2-647b-40e2-8663-a3f3ce0b3f80: start LeaderState
2019-09-26 13:29:22,399 [84b4f0f2-647b-40e2-8663-a3f3ce0b3f80@group-5E4AACA577C6:LeaderElection56] INFO  segmented.SegmentedRaftLogWorker (SegmentedRaftLogWorker.java:startLogSegment(380)) - 84b4f0f2-647b-40e2-8663-a3f3ce0b3f80@group-5E4AACA577C6-SegmentedRaftLogWorker: Starting segment from index:0
2019-09-26 13:29:22,399 [ca8c9a5b-93b8-4627-a261-13e3335d5af1@group-6460213A71E8:LeaderElection55] INFO  impl.RoleInfo (RoleInfo.java:updateAndGet(143)) - ca8c9a5b-93b8-4627-a261-13e3335d5af1: start LeaderState
2019-09-26 13:29:22,399 [84b4f0f2-647b-40e2-8663-a3f3ce0b3f80@group-5E4AACA577C6:LeaderElection56] INFO  impl.RaftServerImpl (ServerState.java:setRaftConf(354)) - 84b4f0f2-647b-40e2-8663-a3f3ce0b3f80@group-5E4AACA577C6: set configuration 0: [84b4f0f2-647b-40e2-8663-a3f3ce0b3f80:192.168.164.238:46549], old=null at 0
2019-09-26 13:29:22,399 [ca8c9a5b-93b8-4627-a261-13e3335d5af1@group-6460213A71E8:LeaderElection55] INFO  segmented.SegmentedRaftLogWorker (SegmentedRaftLogWorker.java:startLogSegment(380)) - ca8c9a5b-93b8-4627-a261-13e3335d5af1@group-6460213A71E8-SegmentedRaftLogWorker: Starting segment from index:0
2019-09-26 13:29:22,400 [ca8c9a5b-93b8-4627-a261-13e3335d5af1@group-6460213A71E8:LeaderElection55] INFO  impl.RaftServerImpl (ServerState.java:setRaftConf(354)) - ca8c9a5b-93b8-4627-a261-13e3335d5af1@group-6460213A71E8: set configuration 0: [ca8c9a5b-93b8-4627-a261-13e3335d5af1:192.168.164.238:36992], old=null at 0
2019-09-26 13:29:22,414 [Thread-462] INFO  impl.FollowerState (FollowerState.java:run(106)) - ca8c9a5b-93b8-4627-a261-13e3335d5af1:group-823B4A31449A changes to CANDIDATE, lastRpcTime:5040, electionTimeout:5040ms
2019-09-26 13:29:22,414 [Thread-462] INFO  impl.RoleInfo (RoleInfo.java:shutdownFollowerState(121)) - ca8c9a5b-93b8-4627-a261-13e3335d5af1: shutdown FollowerState
2019-09-26 13:29:22,414 [Thread-462] INFO  impl.RaftServerImpl (RaftServerImpl.java:setRole(174)) - ca8c9a5b-93b8-4627-a261-13e3335d5af1@group-823B4A31449A: changes role from  FOLLOWER to CANDIDATE at term 0 for changeToCandidate
2019-09-26 13:29:22,414 [Thread-462] INFO  impl.RoleInfo (RoleInfo.java:updateAndGet(143)) - ca8c9a5b-93b8-4627-a261-13e3335d5af1: start LeaderElection
2019-09-26 13:29:22,425 [ca8c9a5b-93b8-4627-a261-13e3335d5af1@group-823B4A31449A:LeaderElection57] INFO  impl.LeaderElection (LeaderElection.java:askForVotes(182)) - ca8c9a5b-93b8-4627-a261-13e3335d5af1@group-823B4A31449A:LeaderElection57: begin an election at term 1 for -1: [ca8c9a5b-93b8-4627-a261-13e3335d5af1:192.168.164.238:36992], old=null
2019-09-26 13:29:22,425 [ca8c9a5b-93b8-4627-a261-13e3335d5af1@group-823B4A31449A:LeaderElection57] INFO  impl.RoleInfo (RoleInfo.java:shutdownLeaderElection(134)) - ca8c9a5b-93b8-4627-a261-13e3335d5af1: shutdown LeaderElection
2019-09-26 13:29:22,425 [ca8c9a5b-93b8-4627-a261-13e3335d5af1@group-823B4A31449A:LeaderElection57] INFO  impl.RaftServerImpl (RaftServerImpl.java:setRole(174)) - ca8c9a5b-93b8-4627-a261-13e3335d5af1@group-823B4A31449A: changes role from CANDIDATE to LEADER at term 1 for changeToLeader
2019-09-26 13:29:22,425 [ca8c9a5b-93b8-4627-a261-13e3335d5af1@group-823B4A31449A:LeaderElection57] INFO  impl.RaftServerImpl (ServerState.java:setLeader(253)) - ca8c9a5b-93b8-4627-a261-13e3335d5af1@group-823B4A31449A: change Leader from null to ca8c9a5b-93b8-4627-a261-13e3335d5af1 at term 1 for becomeLeader, leader elected after 5056ms
2019-09-26 13:29:22,426 [ca8c9a5b-93b8-4627-a261-13e3335d5af1@group-823B4A31449A:LeaderElection57] INFO  server.RaftServerConfigKeys (ConfUtils.java:logGet(43)) - raft.server.staging.catchup.gap = 1000 (default)
2019-09-26 13:29:22,426 [ca8c9a5b-93b8-4627-a261-13e3335d5af1@group-823B4A31449A:LeaderElection57] INFO  server.RaftServerConfigKeys (ConfUtils.java:logGet(43)) - raft.server.rpc.sleep.time = 25ms (default)
2019-09-26 13:29:22,426 [ca8c9a5b-93b8-4627-a261-13e3335d5af1@group-823B4A31449A:LeaderElection57] INFO  server.RaftServerConfigKeys (ConfUtils.java:logGet(43)) - raft.server.write.element-limit = 4096 (default)
2019-09-26 13:29:22,426 [ca8c9a5b-93b8-4627-a261-13e3335d5af1@group-823B4A31449A:LeaderElection57] INFO  server.RaftServerConfigKeys (ConfUtils.java:logGet(43)) - raft.server.watch.timeout = 10s (default)
2019-09-26 13:29:22,426 [ca8c9a5b-93b8-4627-a261-13e3335d5af1@group-823B4A31449A:LeaderElection57] INFO  server.RaftServerConfigKeys (ConfUtils.java:logGet(43)) - raft.server.watch.timeout.denomination = 1s (default)
2019-09-26 13:29:22,426 [ca8c9a5b-93b8-4627-a261-13e3335d5af1@group-823B4A31449A:LeaderElection57] INFO  server.RaftServerConfigKeys (ConfUtils.java:logGet(43)) - raft.server.watch.element-limit = 65536 (default)
2019-09-26 13:29:22,428 [ca8c9a5b-93b8-4627-a261-13e3335d5af1@group-823B4A31449A:LeaderElection57] INFO  impl.RoleInfo (RoleInfo.java:updateAndGet(143)) - ca8c9a5b-93b8-4627-a261-13e3335d5af1: start LeaderState
2019-09-26 13:29:22,428 [ca8c9a5b-93b8-4627-a261-13e3335d5af1@group-823B4A31449A:LeaderElection57] INFO  segmented.SegmentedRaftLogWorker (SegmentedRaftLogWorker.java:startLogSegment(380)) - ca8c9a5b-93b8-4627-a261-13e3335d5af1@group-823B4A31449A-SegmentedRaftLogWorker: Starting segment from index:0
2019-09-26 13:29:22,429 [ca8c9a5b-93b8-4627-a261-13e3335d5af1@group-823B4A31449A:LeaderElection57] INFO  impl.RaftServerImpl (ServerState.java:setRaftConf(354)) - ca8c9a5b-93b8-4627-a261-13e3335d5af1@group-823B4A31449A: set configuration 0: [ca8c9a5b-93b8-4627-a261-13e3335d5af1:192.168.164.238:36992], old=null at 0
2019-09-26 13:29:22,441 [84b4f0f2-647b-40e2-8663-a3f3ce0b3f80@group-5E4AACA577C6-SegmentedRaftLogWorker] INFO  segmented.SegmentedRaftLogWorker (SegmentedRaftLogWorker.java:execute(569)) - 84b4f0f2-647b-40e2-8663-a3f3ce0b3f80@group-5E4AACA577C6-SegmentedRaftLogWorker: created new log segment /workdir/hadoop-ozone/ozonefs/target/test-dir/MiniOzoneClusterImpl-8b6a8972-8eda-4f33-b3cf-a560ba2c5b87/datanode-8/data/ratis/af98e47e-234d-4b7f-a8aa-5e4aaca577c6/current/log_inprogress_0
2019-09-26 13:29:22,441 [ca8c9a5b-93b8-4627-a261-13e3335d5af1@group-6460213A71E8-SegmentedRaftLogWorker] INFO  segmented.SegmentedRaftLogWorker (SegmentedRaftLogWorker.java:execute(569)) - ca8c9a5b-93b8-4627-a261-13e3335d5af1@group-6460213A71E8-SegmentedRaftLogWorker: created new log segment /workdir/hadoop-ozone/ozonefs/target/test-dir/MiniOzoneClusterImpl-8b6a8972-8eda-4f33-b3cf-a560ba2c5b87/datanode-9/data/ratis/901290bd-ff1f-473f-85a7-6460213a71e8/current/log_inprogress_0
2019-09-26 13:29:22,469 [Thread-456] INFO  impl.FollowerState (FollowerState.java:run(106)) - 84b4f0f2-647b-40e2-8663-a3f3ce0b3f80:group-DA125C2FDD7F changes to CANDIDATE, lastRpcTime:5187, electionTimeout:5175ms
2019-09-26 13:29:22,469 [Thread-456] INFO  impl.RoleInfo (RoleInfo.java:shutdownFollowerState(121)) - 84b4f0f2-647b-40e2-8663-a3f3ce0b3f80: shutdown FollowerState
2019-09-26 13:29:22,469 [Thread-456] INFO  impl.RaftServerImpl (RaftServerImpl.java:setRole(174)) - 84b4f0f2-647b-40e2-8663-a3f3ce0b3f80@group-DA125C2FDD7F: changes role from  FOLLOWER to CANDIDATE at term 0 for changeToCandidate
2019-09-26 13:29:22,469 [Thread-456] INFO  impl.RoleInfo (RoleInfo.java:updateAndGet(143)) - 84b4f0f2-647b-40e2-8663-a3f3ce0b3f80: start LeaderElection
2019-09-26 13:29:22,471 [ca8c9a5b-93b8-4627-a261-13e3335d5af1@group-823B4A31449A-SegmentedRaftLogWorker] INFO  segmented.SegmentedRaftLogWorker (SegmentedRaftLogWorker.java:execute(569)) - ca8c9a5b-93b8-4627-a261-13e3335d5af1@group-823B4A31449A-SegmentedRaftLogWorker: created new log segment /workdir/hadoop-ozone/ozonefs/target/test-dir/MiniOzoneClusterImpl-8b6a8972-8eda-4f33-b3cf-a560ba2c5b87/datanode-9/data/ratis/d2bdd8af-9c16-480e-9e84-823b4a31449a/current/log_inprogress_0
2019-09-26 13:29:22,473 [84b4f0f2-647b-40e2-8663-a3f3ce0b3f80@group-DA125C2FDD7F:LeaderElection58] INFO  impl.LeaderElection (LeaderElection.java:askForVotes(182)) - 84b4f0f2-647b-40e2-8663-a3f3ce0b3f80@group-DA125C2FDD7F:LeaderElection58: begin an election at term 1 for -1: [84b4f0f2-647b-40e2-8663-a3f3ce0b3f80:192.168.164.238:46549], old=null
2019-09-26 13:29:22,473 [84b4f0f2-647b-40e2-8663-a3f3ce0b3f80@group-DA125C2FDD7F:LeaderElection58] INFO  impl.RoleInfo (RoleInfo.java:shutdownLeaderElection(134)) - 84b4f0f2-647b-40e2-8663-a3f3ce0b3f80: shutdown LeaderElection
2019-09-26 13:29:22,473 [84b4f0f2-647b-40e2-8663-a3f3ce0b3f80@group-DA125C2FDD7F:LeaderElection58] INFO  impl.RaftServerImpl (RaftServerImpl.java:setRole(174)) - 84b4f0f2-647b-40e2-8663-a3f3ce0b3f80@group-DA125C2FDD7F: changes role from CANDIDATE to LEADER at term 1 for changeToLeader
2019-09-26 13:29:22,474 [84b4f0f2-647b-40e2-8663-a3f3ce0b3f80@group-DA125C2FDD7F:LeaderElection58] INFO  impl.RaftServerImpl (ServerState.java:setLeader(253)) - 84b4f0f2-647b-40e2-8663-a3f3ce0b3f80@group-DA125C2FDD7F: change Leader from null to 84b4f0f2-647b-40e2-8663-a3f3ce0b3f80 at term 1 for becomeLeader, leader elected after 5196ms
2019-09-26 13:29:22,474 [84b4f0f2-647b-40e2-8663-a3f3ce0b3f80@group-DA125C2FDD7F:LeaderElection58] INFO  server.RaftServerConfigKeys (ConfUtils.java:logGet(43)) - raft.server.staging.catchup.gap = 1000 (default)
2019-09-26 13:29:22,474 [84b4f0f2-647b-40e2-8663-a3f3ce0b3f80@group-DA125C2FDD7F:LeaderElection58] INFO  server.RaftServerConfigKeys (ConfUtils.java:logGet(43)) - raft.server.rpc.sleep.time = 25ms (default)
2019-09-26 13:29:22,474 [84b4f0f2-647b-40e2-8663-a3f3ce0b3f80@group-DA125C2FDD7F:LeaderElection58] INFO  server.RaftServerConfigKeys (ConfUtils.java:logGet(43)) - raft.server.write.element-limit = 4096 (default)
2019-09-26 13:29:22,474 [84b4f0f2-647b-40e2-8663-a3f3ce0b3f80@group-DA125C2FDD7F:LeaderElection58] INFO  server.RaftServerConfigKeys (ConfUtils.java:logGet(43)) - raft.server.watch.timeout = 10s (default)
2019-09-26 13:29:22,474 [84b4f0f2-647b-40e2-8663-a3f3ce0b3f80@group-DA125C2FDD7F:LeaderElection58] INFO  server.RaftServerConfigKeys (ConfUtils.java:logGet(43)) - raft.server.watch.timeout.denomination = 1s (default)
2019-09-26 13:29:22,475 [84b4f0f2-647b-40e2-8663-a3f3ce0b3f80@group-DA125C2FDD7F:LeaderElection58] INFO  server.RaftServerConfigKeys (ConfUtils.java:logGet(43)) - raft.server.watch.element-limit = 65536 (default)
2019-09-26 13:29:22,477 [84b4f0f2-647b-40e2-8663-a3f3ce0b3f80@group-DA125C2FDD7F:LeaderElection58] INFO  impl.RoleInfo (RoleInfo.java:updateAndGet(143)) - 84b4f0f2-647b-40e2-8663-a3f3ce0b3f80: start LeaderState
2019-09-26 13:29:22,477 [84b4f0f2-647b-40e2-8663-a3f3ce0b3f80@group-DA125C2FDD7F:LeaderElection58] INFO  segmented.SegmentedRaftLogWorker (SegmentedRaftLogWorker.java:startLogSegment(380)) - 84b4f0f2-647b-40e2-8663-a3f3ce0b3f80@group-DA125C2FDD7F-SegmentedRaftLogWorker: Starting segment from index:0
2019-09-26 13:29:22,478 [84b4f0f2-647b-40e2-8663-a3f3ce0b3f80@group-DA125C2FDD7F:LeaderElection58] INFO  impl.RaftServerImpl (ServerState.java:setRaftConf(354)) - 84b4f0f2-647b-40e2-8663-a3f3ce0b3f80@group-DA125C2FDD7F: set configuration 0: [84b4f0f2-647b-40e2-8663-a3f3ce0b3f80:192.168.164.238:46549], old=null at 0
2019-09-26 13:29:22,485 [Thread-465] INFO  impl.FollowerState (FollowerState.java:run(106)) - ca8c9a5b-93b8-4627-a261-13e3335d5af1:group-68A16851D164 changes to CANDIDATE, lastRpcTime:5070, electionTimeout:5070ms
2019-09-26 13:29:22,485 [Thread-465] INFO  impl.RoleInfo (RoleInfo.java:shutdownFollowerState(121)) - ca8c9a5b-93b8-4627-a261-13e3335d5af1: shutdown FollowerState
2019-09-26 13:29:22,486 [Thread-465] INFO  impl.RaftServerImpl (RaftServerImpl.java:setRole(174)) - ca8c9a5b-93b8-4627-a261-13e3335d5af1@group-68A16851D164: changes role from  FOLLOWER to CANDIDATE at term 0 for changeToCandidate
2019-09-26 13:29:22,486 [Thread-465] INFO  impl.RoleInfo (RoleInfo.java:updateAndGet(143)) - ca8c9a5b-93b8-4627-a261-13e3335d5af1: start LeaderElection
2019-09-26 13:29:22,492 [ca8c9a5b-93b8-4627-a261-13e3335d5af1@group-68A16851D164:LeaderElection59] INFO  impl.LeaderElection (LeaderElection.java:askForVotes(182)) - ca8c9a5b-93b8-4627-a261-13e3335d5af1@group-68A16851D164:LeaderElection59: begin an election at term 1 for -1: [ca8c9a5b-93b8-4627-a261-13e3335d5af1:192.168.164.238:36992], old=null
2019-09-26 13:29:22,492 [ca8c9a5b-93b8-4627-a261-13e3335d5af1@group-68A16851D164:LeaderElection59] INFO  impl.RoleInfo (RoleInfo.java:shutdownLeaderElection(134)) - ca8c9a5b-93b8-4627-a261-13e3335d5af1: shutdown LeaderElection
2019-09-26 13:29:22,493 [ca8c9a5b-93b8-4627-a261-13e3335d5af1@group-68A16851D164:LeaderElection59] INFO  impl.RaftServerImpl (RaftServerImpl.java:setRole(174)) - ca8c9a5b-93b8-4627-a261-13e3335d5af1@group-68A16851D164: changes role from CANDIDATE to LEADER at term 1 for changeToLeader
2019-09-26 13:29:22,493 [ca8c9a5b-93b8-4627-a261-13e3335d5af1@group-68A16851D164:LeaderElection59] INFO  impl.RaftServerImpl (ServerState.java:setLeader(253)) - ca8c9a5b-93b8-4627-a261-13e3335d5af1@group-68A16851D164: change Leader from null to ca8c9a5b-93b8-4627-a261-13e3335d5af1 at term 1 for becomeLeader, leader elected after 5082ms
2019-09-26 13:29:22,493 [ca8c9a5b-93b8-4627-a261-13e3335d5af1@group-68A16851D164:LeaderElection59] INFO  server.RaftServerConfigKeys (ConfUtils.java:logGet(43)) - raft.server.staging.catchup.gap = 1000 (default)
2019-09-26 13:29:22,493 [ca8c9a5b-93b8-4627-a261-13e3335d5af1@group-68A16851D164:LeaderElection59] INFO  server.RaftServerConfigKeys (ConfUtils.java:logGet(43)) - raft.server.rpc.sleep.time = 25ms (default)
2019-09-26 13:29:22,493 [ca8c9a5b-93b8-4627-a261-13e3335d5af1@group-68A16851D164:LeaderElection59] INFO  server.RaftServerConfigKeys (ConfUtils.java:logGet(43)) - raft.server.write.element-limit = 4096 (default)
2019-09-26 13:29:22,493 [ca8c9a5b-93b8-4627-a261-13e3335d5af1@group-68A16851D164:LeaderElection59] INFO  server.RaftServerConfigKeys (ConfUtils.java:logGet(43)) - raft.server.watch.timeout = 10s (default)
2019-09-26 13:29:22,493 [ca8c9a5b-93b8-4627-a261-13e3335d5af1@group-68A16851D164:LeaderElection59] INFO  server.RaftServerConfigKeys (ConfUtils.java:logGet(43)) - raft.server.watch.timeout.denomination = 1s (default)
2019-09-26 13:29:22,494 [ca8c9a5b-93b8-4627-a261-13e3335d5af1@group-68A16851D164:LeaderElection59] INFO  server.RaftServerConfigKeys (ConfUtils.java:logGet(43)) - raft.server.watch.element-limit = 65536 (default)
2019-09-26 13:29:22,496 [ca8c9a5b-93b8-4627-a261-13e3335d5af1@group-68A16851D164:LeaderElection59] INFO  impl.RoleInfo (RoleInfo.java:updateAndGet(143)) - ca8c9a5b-93b8-4627-a261-13e3335d5af1: start LeaderState
2019-09-26 13:29:22,496 [ca8c9a5b-93b8-4627-a261-13e3335d5af1@group-68A16851D164:LeaderElection59] INFO  segmented.SegmentedRaftLogWorker (SegmentedRaftLogWorker.java:startLogSegment(380)) - ca8c9a5b-93b8-4627-a261-13e3335d5af1@group-68A16851D164-SegmentedRaftLogWorker: Starting segment from index:0
2019-09-26 13:29:22,497 [ca8c9a5b-93b8-4627-a261-13e3335d5af1@group-68A16851D164:LeaderElection59] INFO  impl.RaftServerImpl (ServerState.java:setRaftConf(354)) - ca8c9a5b-93b8-4627-a261-13e3335d5af1@group-68A16851D164: set configuration 0: [ca8c9a5b-93b8-4627-a261-13e3335d5af1:192.168.164.238:36992], old=null at 0
2019-09-26 13:29:22,506 [84b4f0f2-647b-40e2-8663-a3f3ce0b3f80@group-DA125C2FDD7F-SegmentedRaftLogWorker] INFO  segmented.SegmentedRaftLogWorker (SegmentedRaftLogWorker.java:execute(569)) - 84b4f0f2-647b-40e2-8663-a3f3ce0b3f80@group-DA125C2FDD7F-SegmentedRaftLogWorker: created new log segment /workdir/hadoop-ozone/ozonefs/target/test-dir/MiniOzoneClusterImpl-8b6a8972-8eda-4f33-b3cf-a560ba2c5b87/datanode-8/data/ratis/f4f5da02-9c3c-4f5f-8e03-da125c2fdd7f/current/log_inprogress_0
2019-09-26 13:29:22,836 [Thread-468] INFO  impl.FollowerState (FollowerState.java:run(106)) - ca8c9a5b-93b8-4627-a261-13e3335d5af1:group-A0217D980CA8 changes to CANDIDATE, lastRpcTime:5374, electionTimeout:5197ms
2019-09-26 13:29:22,837 [Thread-468] INFO  impl.RoleInfo (RoleInfo.java:shutdownFollowerState(121)) - ca8c9a5b-93b8-4627-a261-13e3335d5af1: shutdown FollowerState
2019-09-26 13:29:22,837 [Thread-468] INFO  impl.RaftServerImpl (RaftServerImpl.java:setRole(174)) - ca8c9a5b-93b8-4627-a261-13e3335d5af1@group-A0217D980CA8: changes role from  FOLLOWER to CANDIDATE at term 0 for changeToCandidate
2019-09-26 13:29:22,837 [Thread-468] INFO  impl.RoleInfo (RoleInfo.java:updateAndGet(143)) - ca8c9a5b-93b8-4627-a261-13e3335d5af1: start LeaderElection
2019-09-26 13:29:23,116 [ca8c9a5b-93b8-4627-a261-13e3335d5af1@group-68A16851D164-SegmentedRaftLogWorker] INFO  segmented.SegmentedRaftLogWorker (SegmentedRaftLogWorker.java:execute(569)) - ca8c9a5b-93b8-4627-a261-13e3335d5af1@group-68A16851D164-SegmentedRaftLogWorker: created new log segment /workdir/hadoop-ozone/ozonefs/target/test-dir/MiniOzoneClusterImpl-8b6a8972-8eda-4f33-b3cf-a560ba2c5b87/datanode-9/data/ratis/db957d05-4b05-4981-b5c1-68a16851d164/current/log_inprogress_0
2019-09-26 13:29:23,116 [ca8c9a5b-93b8-4627-a261-13e3335d5af1@group-A0217D980CA8:LeaderElection60] INFO  impl.LeaderElection (LeaderElection.java:askForVotes(182)) - ca8c9a5b-93b8-4627-a261-13e3335d5af1@group-A0217D980CA8:LeaderElection60: begin an election at term 1 for -1: [ca8c9a5b-93b8-4627-a261-13e3335d5af1:192.168.164.238:36992], old=null
2019-09-26 13:29:23,116 [ca8c9a5b-93b8-4627-a261-13e3335d5af1@group-A0217D980CA8:LeaderElection60] INFO  impl.RoleInfo (RoleInfo.java:shutdownLeaderElection(134)) - ca8c9a5b-93b8-4627-a261-13e3335d5af1: shutdown LeaderElection
2019-09-26 13:29:23,116 [ca8c9a5b-93b8-4627-a261-13e3335d5af1@group-A0217D980CA8:LeaderElection60] INFO  impl.RaftServerImpl (RaftServerImpl.java:setRole(174)) - ca8c9a5b-93b8-4627-a261-13e3335d5af1@group-A0217D980CA8: changes role from CANDIDATE to LEADER at term 1 for changeToLeader
2019-09-26 13:29:23,116 [ca8c9a5b-93b8-4627-a261-13e3335d5af1@group-A0217D980CA8:LeaderElection60] INFO  impl.RaftServerImpl (ServerState.java:setLeader(253)) - ca8c9a5b-93b8-4627-a261-13e3335d5af1@group-A0217D980CA8: change Leader from null to ca8c9a5b-93b8-4627-a261-13e3335d5af1 at term 1 for becomeLeader, leader elected after 5659ms
2019-09-26 13:29:23,116 [ca8c9a5b-93b8-4627-a261-13e3335d5af1@group-A0217D980CA8:LeaderElection60] INFO  server.RaftServerConfigKeys (ConfUtils.java:logGet(43)) - raft.server.staging.catchup.gap = 1000 (default)
2019-09-26 13:29:23,116 [ca8c9a5b-93b8-4627-a261-13e3335d5af1@group-A0217D980CA8:LeaderElection60] INFO  server.RaftServerConfigKeys (ConfUtils.java:logGet(43)) - raft.server.rpc.sleep.time = 25ms (default)
2019-09-26 13:29:23,117 [ca8c9a5b-93b8-4627-a261-13e3335d5af1@group-A0217D980CA8:LeaderElection60] INFO  server.RaftServerConfigKeys (ConfUtils.java:logGet(43)) - raft.server.write.element-limit = 4096 (default)
2019-09-26 13:29:23,117 [ca8c9a5b-93b8-4627-a261-13e3335d5af1@group-A0217D980CA8:LeaderElection60] INFO  server.RaftServerConfigKeys (ConfUtils.java:logGet(43)) - raft.server.watch.timeout = 10s (default)
2019-09-26 13:29:23,117 [ca8c9a5b-93b8-4627-a261-13e3335d5af1@group-A0217D980CA8:LeaderElection60] INFO  server.RaftServerConfigKeys (ConfUtils.java:logGet(43)) - raft.server.watch.timeout.denomination = 1s (default)
2019-09-26 13:29:23,117 [ca8c9a5b-93b8-4627-a261-13e3335d5af1@group-A0217D980CA8:LeaderElection60] INFO  server.RaftServerConfigKeys (ConfUtils.java:logGet(43)) - raft.server.watch.element-limit = 65536 (default)
2019-09-26 13:29:23,119 [ca8c9a5b-93b8-4627-a261-13e3335d5af1@group-A0217D980CA8:LeaderElection60] INFO  impl.RoleInfo (RoleInfo.java:updateAndGet(143)) - ca8c9a5b-93b8-4627-a261-13e3335d5af1: start LeaderState
2019-09-26 13:29:23,119 [ca8c9a5b-93b8-4627-a261-13e3335d5af1@group-A0217D980CA8:LeaderElection60] INFO  segmented.SegmentedRaftLogWorker (SegmentedRaftLogWorker.java:startLogSegment(380)) - ca8c9a5b-93b8-4627-a261-13e3335d5af1@group-A0217D980CA8-SegmentedRaftLogWorker: Starting segment from index:0
2019-09-26 13:29:23,119 [ca8c9a5b-93b8-4627-a261-13e3335d5af1@group-A0217D980CA8:LeaderElection60] INFO  impl.RaftServerImpl (ServerState.java:setRaftConf(354)) - ca8c9a5b-93b8-4627-a261-13e3335d5af1@group-A0217D980CA8: set configuration 0: [ca8c9a5b-93b8-4627-a261-13e3335d5af1:192.168.164.238:36992], old=null at 0
2019-09-26 13:29:23,163 [ca8c9a5b-93b8-4627-a261-13e3335d5af1@group-A0217D980CA8-SegmentedRaftLogWorker] INFO  segmented.SegmentedRaftLogWorker (SegmentedRaftLogWorker.java:execute(569)) - ca8c9a5b-93b8-4627-a261-13e3335d5af1@group-A0217D980CA8-SegmentedRaftLogWorker: created new log segment /workdir/hadoop-ozone/ozonefs/target/test-dir/MiniOzoneClusterImpl-8b6a8972-8eda-4f33-b3cf-a560ba2c5b87/datanode-9/data/ratis/f0cde088-9a8b-4660-8904-a0217d980ca8/current/log_inprogress_0
2019-09-26 13:29:23,256 [IPC Server handler 9 on 34539] INFO  pipeline.PipelinePlacementPolicy (PipelinePlacementPolicy.java:meetCriteria(91)) - Pipeline Placement: can't place more pipeline on heavy datanode： 2bceee89-654d-4083-a39a-484f868bd9b7 Heaviness: 6 limit: 5
2019-09-26 13:29:23,256 [IPC Server handler 9 on 34539] INFO  pipeline.PipelinePlacementPolicy (PipelinePlacementPolicy.java:meetCriteria(91)) - Pipeline Placement: can't place more pipeline on heavy datanode： 84fdec62-d817-45bb-98fc-971264b4d85b Heaviness: 6 limit: 5
2019-09-26 13:29:23,256 [IPC Server handler 9 on 34539] INFO  pipeline.PipelinePlacementPolicy (PipelinePlacementPolicy.java:meetCriteria(91)) - Pipeline Placement: can't place more pipeline on heavy datanode： e1d07e13-fba7-421e-90fa-c7d02cfb4ed9 Heaviness: 6 limit: 5
2019-09-26 13:29:23,256 [IPC Server handler 9 on 34539] INFO  pipeline.PipelinePlacementPolicy (PipelinePlacementPolicy.java:meetCriteria(91)) - Pipeline Placement: can't place more pipeline on heavy datanode： 84b4f0f2-647b-40e2-8663-a3f3ce0b3f80 Heaviness: 6 limit: 5
2019-09-26 13:29:23,257 [IPC Server handler 9 on 34539] INFO  pipeline.PipelinePlacementPolicy (PipelinePlacementPolicy.java:meetCriteria(91)) - Pipeline Placement: can't place more pipeline on heavy datanode： 8cfabaed-6bfa-4340-a894-a45e2e16f787 Heaviness: 6 limit: 5
2019-09-26 13:29:23,257 [IPC Server handler 9 on 34539] INFO  pipeline.PipelinePlacementPolicy (PipelinePlacementPolicy.java:meetCriteria(91)) - Pipeline Placement: can't place more pipeline on heavy datanode： ca8c9a5b-93b8-4627-a261-13e3335d5af1 Heaviness: 6 limit: 5
2019-09-26 13:29:23,257 [IPC Server handler 9 on 34539] INFO  pipeline.PipelinePlacementPolicy (PipelinePlacementPolicy.java:meetCriteria(91)) - Pipeline Placement: can't place more pipeline on heavy datanode： 6bbb30bf-68fb-49c7-a700-39ca06a4595f Heaviness: 6 limit: 5
2019-09-26 13:29:23,257 [IPC Server handler 9 on 34539] INFO  pipeline.PipelinePlacementPolicy (PipelinePlacementPolicy.java:meetCriteria(91)) - Pipeline Placement: can't place more pipeline on heavy datanode： 281e93f8-a9fe-4958-a33a-388335a7b504 Heaviness: 6 limit: 5
2019-09-26 13:29:23,257 [IPC Server handler 9 on 34539] INFO  pipeline.PipelinePlacementPolicy (PipelinePlacementPolicy.java:meetCriteria(91)) - Pipeline Placement: can't place more pipeline on heavy datanode： 921dbd79-5e7d-43e7-a946-6392aa4a26bd Heaviness: 6 limit: 5
2019-09-26 13:29:23,257 [IPC Server handler 9 on 34539] INFO  pipeline.PipelinePlacementPolicy (PipelinePlacementPolicy.java:meetCriteria(91)) - Pipeline Placement: can't place more pipeline on heavy datanode： 1987c896-e32f-4a06-ac9a-08216b278c2b Heaviness: 6 limit: 5
2019-09-26 13:29:23,257 [IPC Server handler 9 on 34539] ERROR pipeline.PipelinePlacementPolicy (PipelinePlacementPolicy.java:filterViableNodes(148)) - Unable to find enough nodes that meet the criteria that cannot engage in more than 5 pipelines. Nodes required: 3 Found: 0, healthy nodes count inNodeManager: 10.
2019-09-26 13:29:23,258 [IPC Server handler 9 on 34539] ERROR pipeline.SCMPipelineManager (SCMPipelineManager.java:createPipeline(167)) - Pipeline creation failed.
org.apache.hadoop.hdds.scm.exceptions.SCMException: Unable to find enough nodes that meet the criteria that cannot engage in more than 5 pipelines. Nodes required: 3 Found: 0, healthy nodes count inNodeManager: 10.
	at org.apache.hadoop.hdds.scm.pipeline.PipelinePlacementPolicy.filterViableNodes(PipelinePlacementPolicy.java:149)
	at org.apache.hadoop.hdds.scm.pipeline.PipelinePlacementPolicy.chooseDatanodes(PipelinePlacementPolicy.java:172)
	at org.apache.hadoop.hdds.scm.pipeline.RatisPipelineProvider.create(RatisPipelineProvider.java:93)
	at org.apache.hadoop.hdds.scm.pipeline.PipelineFactory.create(PipelineFactory.java:58)
	at org.apache.hadoop.hdds.scm.pipeline.SCMPipelineManager.createPipeline(SCMPipelineManager.java:155)
	at org.apache.hadoop.hdds.scm.block.BlockManagerImpl.allocateBlock(BlockManagerImpl.java:190)
	at org.apache.hadoop.hdds.scm.server.SCMBlockProtocolServer.allocateBlock(SCMBlockProtocolServer.java:182)
	at org.apache.hadoop.ozone.protocolPB.ScmBlockLocationProtocolServerSideTranslatorPB.allocateScmBlock(ScmBlockLocationProtocolServerSideTranslatorPB.java:183)
	at org.apache.hadoop.ozone.protocolPB.ScmBlockLocationProtocolServerSideTranslatorPB.processMessage(ScmBlockLocationProtocolServerSideTranslatorPB.java:141)
	at org.apache.hadoop.ozone.protocolPB.ScmBlockLocationProtocolServerSideTranslatorPB.send(ScmBlockLocationProtocolServerSideTranslatorPB.java:116)
	at org.apache.hadoop.hdds.protocol.proto.ScmBlockLocationProtocolProtos$ScmBlockLocationProtocolService$2.callBlockingMethod(ScmBlockLocationProtocolProtos.java:13157)
	at org.apache.hadoop.ipc.ProtobufRpcEngine$Server$ProtoBufRpcInvoker.call(ProtobufRpcEngine.java:524)
	at org.apache.hadoop.ipc.RPC$Server.call(RPC.java:1025)
	at org.apache.hadoop.ipc.Server$RpcCall.run(Server.java:876)
	at org.apache.hadoop.ipc.Server$RpcCall.run(Server.java:822)
	at java.security.AccessController.doPrivileged(Native Method)
	at javax.security.auth.Subject.doAs(Subject.java:422)
	at org.apache.hadoop.security.UserGroupInformation.doAs(UserGroupInformation.java:1730)
	at org.apache.hadoop.ipc.Server$Handler.run(Server.java:2682)
2019-09-26 13:29:23,258 [IPC Server handler 9 on 34539] WARN  block.BlockManagerImpl (BlockManagerImpl.java:allocateBlock(192)) - Pipeline creation failed for type:RATIS factor:THREE. Retrying get pipelines call once.
org.apache.hadoop.hdds.scm.exceptions.SCMException: Unable to find enough nodes that meet the criteria that cannot engage in more than 5 pipelines. Nodes required: 3 Found: 0, healthy nodes count inNodeManager: 10.
	at org.apache.hadoop.hdds.scm.pipeline.PipelinePlacementPolicy.filterViableNodes(PipelinePlacementPolicy.java:149)
	at org.apache.hadoop.hdds.scm.pipeline.PipelinePlacementPolicy.chooseDatanodes(PipelinePlacementPolicy.java:172)
	at org.apache.hadoop.hdds.scm.pipeline.RatisPipelineProvider.create(RatisPipelineProvider.java:93)
	at org.apache.hadoop.hdds.scm.pipeline.PipelineFactory.create(PipelineFactory.java:58)
	at org.apache.hadoop.hdds.scm.pipeline.SCMPipelineManager.createPipeline(SCMPipelineManager.java:155)
	at org.apache.hadoop.hdds.scm.block.BlockManagerImpl.allocateBlock(BlockManagerImpl.java:190)
	at org.apache.hadoop.hdds.scm.server.SCMBlockProtocolServer.allocateBlock(SCMBlockProtocolServer.java:182)
	at org.apache.hadoop.ozone.protocolPB.ScmBlockLocationProtocolServerSideTranslatorPB.allocateScmBlock(ScmBlockLocationProtocolServerSideTranslatorPB.java:183)
	at org.apache.hadoop.ozone.protocolPB.ScmBlockLocationProtocolServerSideTranslatorPB.processMessage(ScmBlockLocationProtocolServerSideTranslatorPB.java:141)
	at org.apache.hadoop.ozone.protocolPB.ScmBlockLocationProtocolServerSideTranslatorPB.send(ScmBlockLocationProtocolServerSideTranslatorPB.java:116)
	at org.apache.hadoop.hdds.protocol.proto.ScmBlockLocationProtocolProtos$ScmBlockLocationProtocolService$2.callBlockingMethod(ScmBlockLocationProtocolProtos.java:13157)
	at org.apache.hadoop.ipc.ProtobufRpcEngine$Server$ProtoBufRpcInvoker.call(ProtobufRpcEngine.java:524)
	at org.apache.hadoop.ipc.RPC$Server.call(RPC.java:1025)
	at org.apache.hadoop.ipc.Server$RpcCall.run(Server.java:876)
	at org.apache.hadoop.ipc.Server$RpcCall.run(Server.java:822)
	at java.security.AccessController.doPrivileged(Native Method)
	at javax.security.auth.Subject.doAs(Subject.java:422)
	at org.apache.hadoop.security.UserGroupInformation.doAs(UserGroupInformation.java:1730)
	at org.apache.hadoop.ipc.Server$Handler.run(Server.java:2682)
2019-09-26 13:29:23,258 [IPC Server handler 9 on 34539] INFO  block.BlockManagerImpl (BlockManagerImpl.java:allocateBlock(198)) - Could not find available pipeline of type:RATIS and factor:THREE even after retrying
2019-09-26 13:29:23,258 [IPC Server handler 9 on 34539] ERROR block.BlockManagerImpl (BlockManagerImpl.java:allocateBlock(222)) - Unable to allocate a block for the size: 4194304, type: RATIS, factor: THREE
2019-09-26 13:29:23,267 [main] INFO  ozone.MiniOzoneClusterImpl (MiniOzoneClusterImpl.java:shutdown(314)) - Shutting down the Mini Ozone Cluster
2019-09-26 13:29:23,267 [main] INFO  ozone.MiniOzoneClusterImpl (MiniOzoneClusterImpl.java:stop(330)) - Stopping the Mini Ozone Cluster
2019-09-26 13:29:23,267 [main] INFO  ozone.MiniOzoneClusterImpl (MiniOzoneClusterImpl.java:stopOM(400)) - Stopping the OzoneManager
2019-09-26 13:29:23,267 [main] INFO  ipc.Server (Server.java:stop(3082)) - Stopping server on 42806
2019-09-26 13:29:23,277 [IPC Server listener on 42806] INFO  ipc.Server (Server.java:run(1185)) - Stopping IPC Server listener on 42806
2019-09-26 13:29:23,294 [main] INFO  ratis.OzoneManagerDoubleBuffer (OzoneManagerDoubleBuffer.java:stop(248)) - Stopping OMDoubleBuffer flush thread
2019-09-26 13:29:23,294 [IPC Server Responder] INFO  ipc.Server (Server.java:run(1319)) - Stopping IPC Server Responder
2019-09-26 13:29:23,294 [OMDoubleBufferFlushThread] INFO  ratis.OzoneManagerDoubleBuffer (OzoneManagerDoubleBuffer.java:flushTransactions(191)) - OMDoubleBuffer flush thread OMDoubleBufferFlushThread is interrupted and will exit. OMDoubleBufferFlushThread
2019-09-26 13:29:23,306 [main] INFO  utils.BackgroundService (BackgroundService.java:shutdown(148)) - Shutting down service KeyDeletingService
2019-09-26 13:29:23,310 [main] INFO  handler.ContextHandler (ContextHandler.java:doStop(910)) - Stopped o.e.j.w.WebAppContext@298d9a05{/,null,UNAVAILABLE}{/ozoneManager}
2019-09-26 13:29:23,314 [main] INFO  server.AbstractConnector (AbstractConnector.java:doStop(318)) - Stopped ServerConnector@58399d82{HTTP/1.1,[http/1.1]}{0.0.0.0:0}
2019-09-26 13:29:23,315 [main] INFO  handler.ContextHandler (ContextHandler.java:doStop(910)) - Stopped o.e.j.s.ServletContextHandler@1dcca8d3{/static,jar:file:/home/user/.m2/repository/org/apache/hadoop/hadoop-ozone-ozone-manager/0.5.0-SNAPSHOT/hadoop-ozone-ozone-manager-0.5.0-SNAPSHOT.jar!/webapps/static,UNAVAILABLE}
2019-09-26 13:29:23,315 [main] INFO  handler.ContextHandler (ContextHandler.java:doStop(910)) - Stopped o.e.j.s.ServletContextHandler@56303475{/logs,file:///workdir/hadoop-ozone/ozonefs/target/log,UNAVAILABLE}
2019-09-26 13:29:23,321 [main] INFO  ozone.MiniOzoneClusterImpl (MiniOzoneClusterImpl.java:stopDatanodes(377)) - Stopping the HddsDatanodes
2019-09-26 13:29:23,494 [Datanode State Machine Thread - 0] INFO  statemachine.DatanodeStateMachine (DatanodeStateMachine.java:lambda$startDaemon$0(350)) - Ozone container server started.
2019-09-26 13:29:24,247 [Datanode State Machine Thread - 0] INFO  statemachine.DatanodeStateMachine (DatanodeStateMachine.java:lambda$startDaemon$0(350)) - Ozone container server started.
2019-09-26 13:29:28,324 [main] INFO  ozoneimpl.OzoneContainer (OzoneContainer.java:stop(231)) - Attempting to stop container services.
2019-09-26 13:29:28,324 [ForkJoinPool.commonPool-worker-1] INFO  ozoneimpl.OzoneContainer (OzoneContainer.java:stop(231)) - Attempting to stop container services.
2019-09-26 13:29:28,325 [ForkJoinPool.commonPool-worker-1] INFO  impl.RaftServerProxy (RaftServerProxy.java:lambda$close$4(314)) - 84fdec62-d817-45bb-98fc-971264b4d85b: close
2019-09-26 13:29:28,325 [main] INFO  impl.RaftServerProxy (RaftServerProxy.java:lambda$close$4(314)) - 1987c896-e32f-4a06-ac9a-08216b278c2b: close
2019-09-26 13:29:28,328 [main] INFO  impl.RaftServerImpl (RaftServerImpl.java:lambda$shutdown$3(251)) - 1987c896-e32f-4a06-ac9a-08216b278c2b@group-122200E98D2E: shutdown
2019-09-26 13:29:28,328 [ForkJoinPool.commonPool-worker-1] INFO  impl.RaftServerImpl (RaftServerImpl.java:lambda$shutdown$3(251)) - 84fdec62-d817-45bb-98fc-971264b4d85b@group-2C358FF5FCCC: shutdown
2019-09-26 13:29:28,328 [main] INFO  util.JmxRegister (JmxRegister.java:unregister(73)) - Successfully un-registered JMX Bean with object name Ratis:service=RaftServer,group=group-122200E98D2E,id=1987c896-e32f-4a06-ac9a-08216b278c2b
2019-09-26 13:29:28,329 [ForkJoinPool.commonPool-worker-1] INFO  util.JmxRegister (JmxRegister.java:unregister(73)) - Successfully un-registered JMX Bean with object name Ratis:service=RaftServer,group=group-2C358FF5FCCC,id=84fdec62-d817-45bb-98fc-971264b4d85b
2019-09-26 13:29:28,329 [main] INFO  impl.RoleInfo (RoleInfo.java:shutdownLeaderState(104)) - 1987c896-e32f-4a06-ac9a-08216b278c2b: shutdown LeaderState
2019-09-26 13:29:28,329 [ForkJoinPool.commonPool-worker-1] INFO  impl.RoleInfo (RoleInfo.java:shutdownLeaderState(104)) - 84fdec62-d817-45bb-98fc-971264b4d85b: shutdown LeaderState
2019-09-26 13:29:28,330 [main] INFO  impl.PendingRequests (PendingRequests.java:sendNotLeaderResponses(202)) - 1987c896-e32f-4a06-ac9a-08216b278c2b-PendingRequests: sendNotLeaderResponses
2019-09-26 13:29:28,331 [ForkJoinPool.commonPool-worker-1] INFO  impl.PendingRequests (PendingRequests.java:sendNotLeaderResponses(202)) - 84fdec62-d817-45bb-98fc-971264b4d85b-PendingRequests: sendNotLeaderResponses
2019-09-26 13:29:28,340 [main] INFO  impl.StateMachineUpdater (StateMachineUpdater.java:stopAndJoin(125)) - 1987c896-e32f-4a06-ac9a-08216b278c2b@group-122200E98D2E-StateMachineUpdater: set stopIndex = 0
2019-09-26 13:29:28,340 [ForkJoinPool.commonPool-worker-1] INFO  impl.StateMachineUpdater (StateMachineUpdater.java:stopAndJoin(125)) - 84fdec62-d817-45bb-98fc-971264b4d85b@group-2C358FF5FCCC-StateMachineUpdater: set stopIndex = 0
2019-09-26 13:29:28,344 [main] INFO  impl.RaftServerImpl (ServerState.java:close(385)) - 1987c896-e32f-4a06-ac9a-08216b278c2b@group-122200E98D2E: closes. applyIndex: 0
2019-09-26 13:29:28,344 [ForkJoinPool.commonPool-worker-1] INFO  impl.RaftServerImpl (ServerState.java:close(385)) - 84fdec62-d817-45bb-98fc-971264b4d85b@group-2C358FF5FCCC: closes. applyIndex: 0
2019-09-26 13:29:28,346 [1987c896-e32f-4a06-ac9a-08216b278c2b@group-122200E98D2E-SegmentedRaftLogWorker] INFO  segmented.SegmentedRaftLogWorker (SegmentedRaftLogWorker.java:run(313)) - 1987c896-e32f-4a06-ac9a-08216b278c2b@group-122200E98D2E-SegmentedRaftLogWorker was interrupted, exiting. There are 0 tasks remaining in the queue.
2019-09-26 13:29:28,346 [84fdec62-d817-45bb-98fc-971264b4d85b@group-2C358FF5FCCC-SegmentedRaftLogWorker] INFO  segmented.SegmentedRaftLogWorker (SegmentedRaftLogWorker.java:run(313)) - 84fdec62-d817-45bb-98fc-971264b4d85b@group-2C358FF5FCCC-SegmentedRaftLogWorker was interrupted, exiting. There are 0 tasks remaining in the queue.
2019-09-26 13:29:28,350 [main] INFO  segmented.SegmentedRaftLogWorker (SegmentedRaftLogWorker.java:close(228)) - 1987c896-e32f-4a06-ac9a-08216b278c2b@group-122200E98D2E-SegmentedRaftLogWorker close()
2019-09-26 13:29:28,350 [ForkJoinPool.commonPool-worker-1] INFO  segmented.SegmentedRaftLogWorker (SegmentedRaftLogWorker.java:close(228)) - 84fdec62-d817-45bb-98fc-971264b4d85b@group-2C358FF5FCCC-SegmentedRaftLogWorker close()
2019-09-26 13:29:28,358 [main] INFO  impl.RaftServerImpl (RaftServerImpl.java:lambda$shutdown$3(251)) - 1987c896-e32f-4a06-ac9a-08216b278c2b@group-250EFCCDA40B: shutdown
2019-09-26 13:29:28,358 [ForkJoinPool.commonPool-worker-1] INFO  impl.RaftServerImpl (RaftServerImpl.java:lambda$shutdown$3(251)) - 84fdec62-d817-45bb-98fc-971264b4d85b@group-F66B4A3D4AED: shutdown
2019-09-26 13:29:28,358 [main] INFO  util.JmxRegister (JmxRegister.java:unregister(73)) - Successfully un-registered JMX Bean with object name Ratis:service=RaftServer,group=group-250EFCCDA40B,id=1987c896-e32f-4a06-ac9a-08216b278c2b
2019-09-26 13:29:28,358 [ForkJoinPool.commonPool-worker-1] INFO  util.JmxRegister (JmxRegister.java:unregister(73)) - Successfully un-registered JMX Bean with object name Ratis:service=RaftServer,group=group-F66B4A3D4AED,id=84fdec62-d817-45bb-98fc-971264b4d85b
2019-09-26 13:29:28,359 [main] INFO  impl.RoleInfo (RoleInfo.java:shutdownLeaderState(104)) - 1987c896-e32f-4a06-ac9a-08216b278c2b: shutdown LeaderState
2019-09-26 13:29:28,359 [ForkJoinPool.commonPool-worker-1] INFO  impl.RoleInfo (RoleInfo.java:shutdownLeaderState(104)) - 84fdec62-d817-45bb-98fc-971264b4d85b: shutdown LeaderState
2019-09-26 13:29:28,359 [main] INFO  impl.PendingRequests (PendingRequests.java:sendNotLeaderResponses(202)) - 1987c896-e32f-4a06-ac9a-08216b278c2b-PendingRequests: sendNotLeaderResponses
2019-09-26 13:29:28,360 [ForkJoinPool.commonPool-worker-1] INFO  impl.PendingRequests (PendingRequests.java:sendNotLeaderResponses(202)) - 84fdec62-d817-45bb-98fc-971264b4d85b-PendingRequests: sendNotLeaderResponses
2019-09-26 13:29:28,360 [main] INFO  impl.StateMachineUpdater (StateMachineUpdater.java:stopAndJoin(125)) - 1987c896-e32f-4a06-ac9a-08216b278c2b@group-250EFCCDA40B-StateMachineUpdater: set stopIndex = 0
2019-09-26 13:29:28,360 [ForkJoinPool.commonPool-worker-1] INFO  impl.StateMachineUpdater (StateMachineUpdater.java:stopAndJoin(125)) - 84fdec62-d817-45bb-98fc-971264b4d85b@group-F66B4A3D4AED-StateMachineUpdater: set stopIndex = 0
2019-09-26 13:29:28,360 [main] INFO  impl.RaftServerImpl (ServerState.java:close(385)) - 1987c896-e32f-4a06-ac9a-08216b278c2b@group-250EFCCDA40B: closes. applyIndex: 0
2019-09-26 13:29:28,361 [ForkJoinPool.commonPool-worker-1] INFO  impl.RaftServerImpl (ServerState.java:close(385)) - 84fdec62-d817-45bb-98fc-971264b4d85b@group-F66B4A3D4AED: closes. applyIndex: 0
2019-09-26 13:29:28,361 [84fdec62-d817-45bb-98fc-971264b4d85b@group-F66B4A3D4AED-SegmentedRaftLogWorker] INFO  segmented.SegmentedRaftLogWorker (SegmentedRaftLogWorker.java:run(313)) - 84fdec62-d817-45bb-98fc-971264b4d85b@group-F66B4A3D4AED-SegmentedRaftLogWorker was interrupted, exiting. There are 0 tasks remaining in the queue.
2019-09-26 13:29:28,361 [1987c896-e32f-4a06-ac9a-08216b278c2b@group-250EFCCDA40B-SegmentedRaftLogWorker] INFO  segmented.SegmentedRaftLogWorker (SegmentedRaftLogWorker.java:run(313)) - 1987c896-e32f-4a06-ac9a-08216b278c2b@group-250EFCCDA40B-SegmentedRaftLogWorker was interrupted, exiting. There are 0 tasks remaining in the queue.
2019-09-26 13:29:28,364 [ForkJoinPool.commonPool-worker-1] INFO  segmented.SegmentedRaftLogWorker (SegmentedRaftLogWorker.java:close(228)) - 84fdec62-d817-45bb-98fc-971264b4d85b@group-F66B4A3D4AED-SegmentedRaftLogWorker close()
2019-09-26 13:29:28,367 [main] INFO  segmented.SegmentedRaftLogWorker (SegmentedRaftLogWorker.java:close(228)) - 1987c896-e32f-4a06-ac9a-08216b278c2b@group-250EFCCDA40B-SegmentedRaftLogWorker close()
2019-09-26 13:29:28,369 [ForkJoinPool.commonPool-worker-1] INFO  impl.RaftServerImpl (RaftServerImpl.java:lambda$shutdown$3(251)) - 84fdec62-d817-45bb-98fc-971264b4d85b@group-77A4A008598D: shutdown
2019-09-26 13:29:28,373 [main] INFO  impl.RaftServerImpl (RaftServerImpl.java:lambda$shutdown$3(251)) - 1987c896-e32f-4a06-ac9a-08216b278c2b@group-3C1AC10A7CEC: shutdown
2019-09-26 13:29:28,373 [ForkJoinPool.commonPool-worker-1] INFO  util.JmxRegister (JmxRegister.java:unregister(73)) - Successfully un-registered JMX Bean with object name Ratis:service=RaftServer,group=group-77A4A008598D,id=84fdec62-d817-45bb-98fc-971264b4d85b
2019-09-26 13:29:28,373 [main] INFO  util.JmxRegister (JmxRegister.java:unregister(73)) - Successfully un-registered JMX Bean with object name Ratis:service=RaftServer,group=group-3C1AC10A7CEC,id=1987c896-e32f-4a06-ac9a-08216b278c2b
2019-09-26 13:29:28,374 [main] INFO  impl.RoleInfo (RoleInfo.java:shutdownLeaderState(104)) - 1987c896-e32f-4a06-ac9a-08216b278c2b: shutdown LeaderState
2019-09-26 13:29:28,373 [ForkJoinPool.commonPool-worker-1] INFO  impl.RoleInfo (RoleInfo.java:shutdownLeaderState(104)) - 84fdec62-d817-45bb-98fc-971264b4d85b: shutdown LeaderState
2019-09-26 13:29:28,374 [main] INFO  impl.PendingRequests (PendingRequests.java:sendNotLeaderResponses(202)) - 1987c896-e32f-4a06-ac9a-08216b278c2b-PendingRequests: sendNotLeaderResponses
2019-09-26 13:29:28,374 [ForkJoinPool.commonPool-worker-1] INFO  impl.PendingRequests (PendingRequests.java:sendNotLeaderResponses(202)) - 84fdec62-d817-45bb-98fc-971264b4d85b-PendingRequests: sendNotLeaderResponses
2019-09-26 13:29:28,375 [main] INFO  impl.StateMachineUpdater (StateMachineUpdater.java:stopAndJoin(125)) - 1987c896-e32f-4a06-ac9a-08216b278c2b@group-3C1AC10A7CEC-StateMachineUpdater: set stopIndex = 0
2019-09-26 13:29:28,375 [ForkJoinPool.commonPool-worker-1] INFO  impl.StateMachineUpdater (StateMachineUpdater.java:stopAndJoin(125)) - 84fdec62-d817-45bb-98fc-971264b4d85b@group-77A4A008598D-StateMachineUpdater: set stopIndex = 0
2019-09-26 13:29:28,375 [main] INFO  impl.RaftServerImpl (ServerState.java:close(385)) - 1987c896-e32f-4a06-ac9a-08216b278c2b@group-3C1AC10A7CEC: closes. applyIndex: 0
2019-09-26 13:29:28,376 [ForkJoinPool.commonPool-worker-1] INFO  impl.RaftServerImpl (ServerState.java:close(385)) - 84fdec62-d817-45bb-98fc-971264b4d85b@group-77A4A008598D: closes. applyIndex: 0
2019-09-26 13:29:28,376 [1987c896-e32f-4a06-ac9a-08216b278c2b@group-3C1AC10A7CEC-SegmentedRaftLogWorker] INFO  segmented.SegmentedRaftLogWorker (SegmentedRaftLogWorker.java:run(313)) - 1987c896-e32f-4a06-ac9a-08216b278c2b@group-3C1AC10A7CEC-SegmentedRaftLogWorker was interrupted, exiting. There are 0 tasks remaining in the queue.
2019-09-26 13:29:28,376 [84fdec62-d817-45bb-98fc-971264b4d85b@group-77A4A008598D-SegmentedRaftLogWorker] INFO  segmented.SegmentedRaftLogWorker (SegmentedRaftLogWorker.java:run(313)) - 84fdec62-d817-45bb-98fc-971264b4d85b@group-77A4A008598D-SegmentedRaftLogWorker was interrupted, exiting. There are 0 tasks remaining in the queue.
2019-09-26 13:29:28,378 [main] INFO  segmented.SegmentedRaftLogWorker (SegmentedRaftLogWorker.java:close(228)) - 1987c896-e32f-4a06-ac9a-08216b278c2b@group-3C1AC10A7CEC-SegmentedRaftLogWorker close()
2019-09-26 13:29:28,380 [ForkJoinPool.commonPool-worker-1] INFO  segmented.SegmentedRaftLogWorker (SegmentedRaftLogWorker.java:close(228)) - 84fdec62-d817-45bb-98fc-971264b4d85b@group-77A4A008598D-SegmentedRaftLogWorker close()
2019-09-26 13:29:28,386 [main] INFO  impl.RaftServerImpl (RaftServerImpl.java:lambda$shutdown$3(251)) - 1987c896-e32f-4a06-ac9a-08216b278c2b@group-0F0EADB37C4C: shutdown
2019-09-26 13:29:28,391 [ForkJoinPool.commonPool-worker-1] INFO  impl.RaftServerImpl (RaftServerImpl.java:lambda$shutdown$3(251)) - 84fdec62-d817-45bb-98fc-971264b4d85b@group-432C78D1522D: shutdown
2019-09-26 13:29:28,392 [main] INFO  util.JmxRegister (JmxRegister.java:unregister(73)) - Successfully un-registered JMX Bean with object name Ratis:service=RaftServer,group=group-0F0EADB37C4C,id=1987c896-e32f-4a06-ac9a-08216b278c2b
2019-09-26 13:29:28,392 [ForkJoinPool.commonPool-worker-1] INFO  util.JmxRegister (JmxRegister.java:unregister(73)) - Successfully un-registered JMX Bean with object name Ratis:service=RaftServer,group=group-432C78D1522D,id=84fdec62-d817-45bb-98fc-971264b4d85b
2019-09-26 13:29:28,392 [main] INFO  impl.RoleInfo (RoleInfo.java:shutdownLeaderState(104)) - 1987c896-e32f-4a06-ac9a-08216b278c2b: shutdown LeaderState
2019-09-26 13:29:28,392 [ForkJoinPool.commonPool-worker-1] INFO  impl.RoleInfo (RoleInfo.java:shutdownLeaderState(104)) - 84fdec62-d817-45bb-98fc-971264b4d85b: shutdown LeaderState
2019-09-26 13:29:28,393 [main] INFO  impl.PendingRequests (PendingRequests.java:sendNotLeaderResponses(202)) - 1987c896-e32f-4a06-ac9a-08216b278c2b-PendingRequests: sendNotLeaderResponses
2019-09-26 13:29:28,393 [ForkJoinPool.commonPool-worker-1] INFO  impl.PendingRequests (PendingRequests.java:sendNotLeaderResponses(202)) - 84fdec62-d817-45bb-98fc-971264b4d85b-PendingRequests: sendNotLeaderResponses
2019-09-26 13:29:28,393 [main] INFO  impl.StateMachineUpdater (StateMachineUpdater.java:stopAndJoin(125)) - 1987c896-e32f-4a06-ac9a-08216b278c2b@group-0F0EADB37C4C-StateMachineUpdater: set stopIndex = 0
2019-09-26 13:29:28,393 [ForkJoinPool.commonPool-worker-1] INFO  impl.StateMachineUpdater (StateMachineUpdater.java:stopAndJoin(125)) - 84fdec62-d817-45bb-98fc-971264b4d85b@group-432C78D1522D-StateMachineUpdater: set stopIndex = 0
2019-09-26 13:29:28,394 [main] INFO  impl.RaftServerImpl (ServerState.java:close(385)) - 1987c896-e32f-4a06-ac9a-08216b278c2b@group-0F0EADB37C4C: closes. applyIndex: 0
2019-09-26 13:29:28,394 [ForkJoinPool.commonPool-worker-1] INFO  impl.RaftServerImpl (ServerState.java:close(385)) - 84fdec62-d817-45bb-98fc-971264b4d85b@group-432C78D1522D: closes. applyIndex: 0
2019-09-26 13:29:28,394 [1987c896-e32f-4a06-ac9a-08216b278c2b@group-0F0EADB37C4C-SegmentedRaftLogWorker] INFO  segmented.SegmentedRaftLogWorker (SegmentedRaftLogWorker.java:run(313)) - 1987c896-e32f-4a06-ac9a-08216b278c2b@group-0F0EADB37C4C-SegmentedRaftLogWorker was interrupted, exiting. There are 0 tasks remaining in the queue.
2019-09-26 13:29:28,394 [84fdec62-d817-45bb-98fc-971264b4d85b@group-432C78D1522D-SegmentedRaftLogWorker] INFO  segmented.SegmentedRaftLogWorker (SegmentedRaftLogWorker.java:run(313)) - 84fdec62-d817-45bb-98fc-971264b4d85b@group-432C78D1522D-SegmentedRaftLogWorker was interrupted, exiting. There are 0 tasks remaining in the queue.
2019-09-26 13:29:28,398 [ForkJoinPool.commonPool-worker-1] INFO  segmented.SegmentedRaftLogWorker (SegmentedRaftLogWorker.java:close(228)) - 84fdec62-d817-45bb-98fc-971264b4d85b@group-432C78D1522D-SegmentedRaftLogWorker close()
2019-09-26 13:29:28,398 [main] INFO  segmented.SegmentedRaftLogWorker (SegmentedRaftLogWorker.java:close(228)) - 1987c896-e32f-4a06-ac9a-08216b278c2b@group-0F0EADB37C4C-SegmentedRaftLogWorker close()
2019-09-26 13:29:28,402 [ForkJoinPool.commonPool-worker-1] INFO  impl.RaftServerImpl (RaftServerImpl.java:lambda$shutdown$3(251)) - 84fdec62-d817-45bb-98fc-971264b4d85b@group-6BEFA130DB60: shutdown
2019-09-26 13:29:28,406 [main] INFO  impl.RaftServerImpl (RaftServerImpl.java:lambda$shutdown$3(251)) - 1987c896-e32f-4a06-ac9a-08216b278c2b@group-717E123B46EF: shutdown
2019-09-26 13:29:28,406 [ForkJoinPool.commonPool-worker-1] INFO  util.JmxRegister (JmxRegister.java:unregister(73)) - Successfully un-registered JMX Bean with object name Ratis:service=RaftServer,group=group-6BEFA130DB60,id=84fdec62-d817-45bb-98fc-971264b4d85b
2019-09-26 13:29:28,406 [main] INFO  util.JmxRegister (JmxRegister.java:unregister(73)) - Successfully un-registered JMX Bean with object name Ratis:service=RaftServer,group=group-717E123B46EF,id=1987c896-e32f-4a06-ac9a-08216b278c2b
2019-09-26 13:29:28,406 [ForkJoinPool.commonPool-worker-1] INFO  impl.RoleInfo (RoleInfo.java:shutdownLeaderState(104)) - 84fdec62-d817-45bb-98fc-971264b4d85b: shutdown LeaderState
2019-09-26 13:29:28,407 [main] INFO  impl.RoleInfo (RoleInfo.java:shutdownLeaderState(104)) - 1987c896-e32f-4a06-ac9a-08216b278c2b: shutdown LeaderState
2019-09-26 13:29:28,407 [ForkJoinPool.commonPool-worker-1] INFO  impl.PendingRequests (PendingRequests.java:sendNotLeaderResponses(202)) - 84fdec62-d817-45bb-98fc-971264b4d85b-PendingRequests: sendNotLeaderResponses
2019-09-26 13:29:28,407 [main] INFO  impl.PendingRequests (PendingRequests.java:sendNotLeaderResponses(202)) - 1987c896-e32f-4a06-ac9a-08216b278c2b-PendingRequests: sendNotLeaderResponses
2019-09-26 13:29:28,407 [ForkJoinPool.commonPool-worker-1] INFO  impl.StateMachineUpdater (StateMachineUpdater.java:stopAndJoin(125)) - 84fdec62-d817-45bb-98fc-971264b4d85b@group-6BEFA130DB60-StateMachineUpdater: set stopIndex = 0
2019-09-26 13:29:28,408 [main] INFO  impl.StateMachineUpdater (StateMachineUpdater.java:stopAndJoin(125)) - 1987c896-e32f-4a06-ac9a-08216b278c2b@group-717E123B46EF-StateMachineUpdater: set stopIndex = 0
2019-09-26 13:29:28,408 [ForkJoinPool.commonPool-worker-1] INFO  impl.RaftServerImpl (ServerState.java:close(385)) - 84fdec62-d817-45bb-98fc-971264b4d85b@group-6BEFA130DB60: closes. applyIndex: 0
2019-09-26 13:29:28,408 [main] INFO  impl.RaftServerImpl (ServerState.java:close(385)) - 1987c896-e32f-4a06-ac9a-08216b278c2b@group-717E123B46EF: closes. applyIndex: 0
2019-09-26 13:29:28,408 [84fdec62-d817-45bb-98fc-971264b4d85b@group-6BEFA130DB60-SegmentedRaftLogWorker] INFO  segmented.SegmentedRaftLogWorker (SegmentedRaftLogWorker.java:run(313)) - 84fdec62-d817-45bb-98fc-971264b4d85b@group-6BEFA130DB60-SegmentedRaftLogWorker was interrupted, exiting. There are 0 tasks remaining in the queue.
2019-09-26 13:29:28,409 [1987c896-e32f-4a06-ac9a-08216b278c2b@group-717E123B46EF-SegmentedRaftLogWorker] INFO  segmented.SegmentedRaftLogWorker (SegmentedRaftLogWorker.java:run(313)) - 1987c896-e32f-4a06-ac9a-08216b278c2b@group-717E123B46EF-SegmentedRaftLogWorker was interrupted, exiting. There are 0 tasks remaining in the queue.
2019-09-26 13:29:28,410 [ForkJoinPool.commonPool-worker-1] INFO  segmented.SegmentedRaftLogWorker (SegmentedRaftLogWorker.java:close(228)) - 84fdec62-d817-45bb-98fc-971264b4d85b@group-6BEFA130DB60-SegmentedRaftLogWorker close()
2019-09-26 13:29:28,416 [main] INFO  segmented.SegmentedRaftLogWorker (SegmentedRaftLogWorker.java:close(228)) - 1987c896-e32f-4a06-ac9a-08216b278c2b@group-717E123B46EF-SegmentedRaftLogWorker close()
2019-09-26 13:29:28,416 [ForkJoinPool.commonPool-worker-1] INFO  impl.RaftServerImpl (RaftServerImpl.java:lambda$shutdown$3(251)) - 84fdec62-d817-45bb-98fc-971264b4d85b@group-52B849B7C193: shutdown
2019-09-26 13:29:28,431 [main] INFO  impl.RaftServerImpl (RaftServerImpl.java:lambda$shutdown$3(251)) - 1987c896-e32f-4a06-ac9a-08216b278c2b@group-8C1CA6673E23: shutdown
2019-09-26 13:29:28,432 [ForkJoinPool.commonPool-worker-1] INFO  util.JmxRegister (JmxRegister.java:unregister(73)) - Successfully un-registered JMX Bean with object name Ratis:service=RaftServer,group=group-52B849B7C193,id=84fdec62-d817-45bb-98fc-971264b4d85b
2019-09-26 13:29:28,432 [main] INFO  util.JmxRegister (JmxRegister.java:unregister(73)) - Successfully un-registered JMX Bean with object name Ratis:service=RaftServer,group=group-8C1CA6673E23,id=1987c896-e32f-4a06-ac9a-08216b278c2b
2019-09-26 13:29:28,432 [ForkJoinPool.commonPool-worker-1] INFO  impl.RoleInfo (RoleInfo.java:shutdownLeaderState(104)) - 84fdec62-d817-45bb-98fc-971264b4d85b: shutdown LeaderState
2019-09-26 13:29:28,432 [main] INFO  impl.RoleInfo (RoleInfo.java:shutdownLeaderState(104)) - 1987c896-e32f-4a06-ac9a-08216b278c2b: shutdown LeaderState
2019-09-26 13:29:28,433 [ForkJoinPool.commonPool-worker-1] INFO  impl.PendingRequests (PendingRequests.java:sendNotLeaderResponses(202)) - 84fdec62-d817-45bb-98fc-971264b4d85b-PendingRequests: sendNotLeaderResponses
2019-09-26 13:29:28,433 [main] INFO  impl.PendingRequests (PendingRequests.java:sendNotLeaderResponses(202)) - 1987c896-e32f-4a06-ac9a-08216b278c2b-PendingRequests: sendNotLeaderResponses
2019-09-26 13:29:28,433 [ForkJoinPool.commonPool-worker-1] INFO  impl.StateMachineUpdater (StateMachineUpdater.java:stopAndJoin(125)) - 84fdec62-d817-45bb-98fc-971264b4d85b@group-52B849B7C193-StateMachineUpdater: set stopIndex = 0
2019-09-26 13:29:28,434 [main] INFO  impl.StateMachineUpdater (StateMachineUpdater.java:stopAndJoin(125)) - 1987c896-e32f-4a06-ac9a-08216b278c2b@group-8C1CA6673E23-StateMachineUpdater: set stopIndex = 0
2019-09-26 13:29:28,434 [ForkJoinPool.commonPool-worker-1] INFO  impl.RaftServerImpl (ServerState.java:close(385)) - 84fdec62-d817-45bb-98fc-971264b4d85b@group-52B849B7C193: closes. applyIndex: 0
2019-09-26 13:29:28,434 [main] INFO  impl.RaftServerImpl (ServerState.java:close(385)) - 1987c896-e32f-4a06-ac9a-08216b278c2b@group-8C1CA6673E23: closes. applyIndex: 0
2019-09-26 13:29:28,434 [84fdec62-d817-45bb-98fc-971264b4d85b@group-52B849B7C193-SegmentedRaftLogWorker] INFO  segmented.SegmentedRaftLogWorker (SegmentedRaftLogWorker.java:run(313)) - 84fdec62-d817-45bb-98fc-971264b4d85b@group-52B849B7C193-SegmentedRaftLogWorker was interrupted, exiting. There are 0 tasks remaining in the queue.
2019-09-26 13:29:28,435 [ForkJoinPool.commonPool-worker-1] INFO  segmented.SegmentedRaftLogWorker (SegmentedRaftLogWorker.java:close(228)) - 84fdec62-d817-45bb-98fc-971264b4d85b@group-52B849B7C193-SegmentedRaftLogWorker close()
2019-09-26 13:29:28,435 [1987c896-e32f-4a06-ac9a-08216b278c2b@group-8C1CA6673E23-SegmentedRaftLogWorker] INFO  segmented.SegmentedRaftLogWorker (SegmentedRaftLogWorker.java:run(313)) - 1987c896-e32f-4a06-ac9a-08216b278c2b@group-8C1CA6673E23-SegmentedRaftLogWorker was interrupted, exiting. There are 0 tasks remaining in the queue.
2019-09-26 13:29:28,437 [main] INFO  segmented.SegmentedRaftLogWorker (SegmentedRaftLogWorker.java:close(228)) - 1987c896-e32f-4a06-ac9a-08216b278c2b@group-8C1CA6673E23-SegmentedRaftLogWorker close()
2019-09-26 13:29:28,437 [ForkJoinPool.commonPool-worker-1] INFO  server.GrpcService (GrpcService.java:closeImpl(164)) - 84fdec62-d817-45bb-98fc-971264b4d85b: shutdown server with port 44616 now
2019-09-26 13:29:28,439 [main] INFO  server.GrpcService (GrpcService.java:closeImpl(164)) - 1987c896-e32f-4a06-ac9a-08216b278c2b: shutdown server with port 46271 now
2019-09-26 13:29:28,444 [ForkJoinPool.commonPool-worker-1] INFO  server.GrpcService (GrpcService.java:closeImpl(172)) - 84fdec62-d817-45bb-98fc-971264b4d85b: shutdown server with port 44616 successfully
2019-09-26 13:29:28,445 [main] INFO  server.GrpcService (GrpcService.java:closeImpl(172)) - 1987c896-e32f-4a06-ac9a-08216b278c2b: shutdown server with port 46271 successfully
2019-09-26 13:29:28,449 [refreshUsed-/workdir/hadoop-ozone/ozonefs/target/test-dir/MiniOzoneClusterImpl-8b6a8972-8eda-4f33-b3cf-a560ba2c5b87/datanode-2/data/containers] WARN  fs.CachingGetSpaceUsed (CachingGetSpaceUsed.java:run(183)) - Thread Interrupted waiting to refresh disk information: sleep interrupted
2019-09-26 13:29:28,451 [refreshUsed-/workdir/hadoop-ozone/ozonefs/target/test-dir/MiniOzoneClusterImpl-8b6a8972-8eda-4f33-b3cf-a560ba2c5b87/datanode-5/data/containers] WARN  fs.CachingGetSpaceUsed (CachingGetSpaceUsed.java:run(183)) - Thread Interrupted waiting to refresh disk information: sleep interrupted
2019-09-26 13:29:28,488 [ForkJoinPool.commonPool-worker-1] INFO  utils.BackgroundService (BackgroundService.java:shutdown(148)) - Shutting down service BlockDeletingService
2019-09-26 13:29:28,495 [ForkJoinPool.commonPool-worker-1] INFO  statemachine.DatanodeStateMachine (DatanodeStateMachine.java:stopDaemon(395)) - Ozone container server stopped.
2019-09-26 13:29:28,501 [ForkJoinPool.commonPool-worker-1] INFO  handler.ContextHandler (ContextHandler.java:doStop(910)) - Stopped o.e.j.w.WebAppContext@b887730{/,null,UNAVAILABLE}{/hddsDatanode}
2019-09-26 13:29:28,501 [ForkJoinPool.commonPool-worker-1] INFO  server.AbstractConnector (AbstractConnector.java:doStop(318)) - Stopped ServerConnector@26586b74{HTTP/1.1,[http/1.1]}{0.0.0.0:0}
2019-09-26 13:29:28,503 [ForkJoinPool.commonPool-worker-1] INFO  handler.ContextHandler (ContextHandler.java:doStop(910)) - Stopped o.e.j.s.ServletContextHandler@41294371{/static,jar:file:/home/user/.m2/repository/org/apache/hadoop/hadoop-hdds-container-service/0.5.0-SNAPSHOT/hadoop-hdds-container-service-0.5.0-SNAPSHOT.jar!/webapps/static,UNAVAILABLE}
2019-09-26 13:29:28,505 [ForkJoinPool.commonPool-worker-1] INFO  handler.ContextHandler (ContextHandler.java:doStop(910)) - Stopped o.e.j.s.ServletContextHandler@5f481b73{/logs,file:///workdir/hadoop-ozone/ozonefs/target/log,UNAVAILABLE}
2019-09-26 13:29:28,508 [main] INFO  utils.BackgroundService (BackgroundService.java:shutdown(148)) - Shutting down service BlockDeletingService
2019-09-26 13:29:28,514 [main] INFO  statemachine.DatanodeStateMachine (DatanodeStateMachine.java:stopDaemon(395)) - Ozone container server stopped.
2019-09-26 13:29:28,515 [main] INFO  handler.ContextHandler (ContextHandler.java:doStop(910)) - Stopped o.e.j.w.WebAppContext@3722c145{/,null,UNAVAILABLE}{/hddsDatanode}
2019-09-26 13:29:28,515 [main] INFO  server.AbstractConnector (AbstractConnector.java:doStop(318)) - Stopped ServerConnector@4cbc2e3b{HTTP/1.1,[http/1.1]}{0.0.0.0:0}
2019-09-26 13:29:28,516 [main] INFO  handler.ContextHandler (ContextHandler.java:doStop(910)) - Stopped o.e.j.s.ServletContextHandler@714f3da4{/static,jar:file:/home/user/.m2/repository/org/apache/hadoop/hadoop-hdds-container-service/0.5.0-SNAPSHOT/hadoop-hdds-container-service-0.5.0-SNAPSHOT.jar!/webapps/static,UNAVAILABLE}
2019-09-26 13:29:28,516 [main] INFO  handler.ContextHandler (ContextHandler.java:doStop(910)) - Stopped o.e.j.s.ServletContextHandler@37468787{/logs,file:///workdir/hadoop-ozone/ozonefs/target/log,UNAVAILABLE}
2019-09-26 13:29:28,836 [Datanode State Machine Thread - 0] INFO  statemachine.DatanodeStateMachine (DatanodeStateMachine.java:lambda$startDaemon$0(350)) - Ozone container server started.
2019-09-26 13:29:29,352 [Datanode State Machine Thread - 0] INFO  statemachine.DatanodeStateMachine (DatanodeStateMachine.java:lambda$startDaemon$0(350)) - Ozone container server started.
2019-09-26 13:29:33,506 [ForkJoinPool.commonPool-worker-1] INFO  ozoneimpl.OzoneContainer (OzoneContainer.java:stop(231)) - Attempting to stop container services.
2019-09-26 13:29:33,507 [ForkJoinPool.commonPool-worker-1] INFO  impl.RaftServerProxy (RaftServerProxy.java:lambda$close$4(314)) - 6bbb30bf-68fb-49c7-a700-39ca06a4595f: close
2019-09-26 13:29:33,508 [ForkJoinPool.commonPool-worker-1] INFO  impl.RaftServerImpl (RaftServerImpl.java:lambda$shutdown$3(251)) - 6bbb30bf-68fb-49c7-a700-39ca06a4595f@group-454585379C8D: shutdown
2019-09-26 13:29:33,508 [ForkJoinPool.commonPool-worker-1] INFO  util.JmxRegister (JmxRegister.java:unregister(73)) - Successfully un-registered JMX Bean with object name Ratis:service=RaftServer,group=group-454585379C8D,id=6bbb30bf-68fb-49c7-a700-39ca06a4595f
2019-09-26 13:29:33,509 [ForkJoinPool.commonPool-worker-1] INFO  impl.RoleInfo (RoleInfo.java:shutdownLeaderState(104)) - 6bbb30bf-68fb-49c7-a700-39ca06a4595f: shutdown LeaderState
2019-09-26 13:29:33,509 [ForkJoinPool.commonPool-worker-1] INFO  impl.PendingRequests (PendingRequests.java:sendNotLeaderResponses(202)) - 6bbb30bf-68fb-49c7-a700-39ca06a4595f-PendingRequests: sendNotLeaderResponses
2019-09-26 13:29:33,510 [ForkJoinPool.commonPool-worker-1] INFO  impl.StateMachineUpdater (StateMachineUpdater.java:stopAndJoin(125)) - 6bbb30bf-68fb-49c7-a700-39ca06a4595f@group-454585379C8D-StateMachineUpdater: set stopIndex = 0
2019-09-26 13:29:33,510 [ForkJoinPool.commonPool-worker-1] INFO  impl.RaftServerImpl (ServerState.java:close(385)) - 6bbb30bf-68fb-49c7-a700-39ca06a4595f@group-454585379C8D: closes. applyIndex: 0
2019-09-26 13:29:33,511 [6bbb30bf-68fb-49c7-a700-39ca06a4595f@group-454585379C8D-SegmentedRaftLogWorker] INFO  segmented.SegmentedRaftLogWorker (SegmentedRaftLogWorker.java:run(313)) - 6bbb30bf-68fb-49c7-a700-39ca06a4595f@group-454585379C8D-SegmentedRaftLogWorker was interrupted, exiting. There are 0 tasks remaining in the queue.
2019-09-26 13:29:33,511 [ForkJoinPool.commonPool-worker-1] INFO  segmented.SegmentedRaftLogWorker (SegmentedRaftLogWorker.java:close(228)) - 6bbb30bf-68fb-49c7-a700-39ca06a4595f@group-454585379C8D-SegmentedRaftLogWorker close()
2019-09-26 13:29:33,517 [ForkJoinPool.commonPool-worker-1] INFO  impl.RaftServerImpl (RaftServerImpl.java:lambda$shutdown$3(251)) - 6bbb30bf-68fb-49c7-a700-39ca06a4595f@group-2E05E396A487: shutdown
2019-09-26 13:29:33,517 [ForkJoinPool.commonPool-worker-1] INFO  util.JmxRegister (JmxRegister.java:unregister(73)) - Successfully un-registered JMX Bean with object name Ratis:service=RaftServer,group=group-2E05E396A487,id=6bbb30bf-68fb-49c7-a700-39ca06a4595f
2019-09-26 13:29:33,517 [ForkJoinPool.commonPool-worker-1] INFO  impl.RoleInfo (RoleInfo.java:shutdownLeaderState(104)) - 6bbb30bf-68fb-49c7-a700-39ca06a4595f: shutdown LeaderState
2019-09-26 13:29:33,518 [ForkJoinPool.commonPool-worker-1] INFO  impl.PendingRequests (PendingRequests.java:sendNotLeaderResponses(202)) - 6bbb30bf-68fb-49c7-a700-39ca06a4595f-PendingRequests: sendNotLeaderResponses
2019-09-26 13:29:33,518 [ForkJoinPool.commonPool-worker-1] INFO  impl.StateMachineUpdater (StateMachineUpdater.java:stopAndJoin(125)) - 6bbb30bf-68fb-49c7-a700-39ca06a4595f@group-2E05E396A487-StateMachineUpdater: set stopIndex = 0
2019-09-26 13:29:33,518 [main] INFO  ozoneimpl.OzoneContainer (OzoneContainer.java:stop(231)) - Attempting to stop container services.
2019-09-26 13:29:33,518 [ForkJoinPool.commonPool-worker-1] INFO  impl.RaftServerImpl (ServerState.java:close(385)) - 6bbb30bf-68fb-49c7-a700-39ca06a4595f@group-2E05E396A487: closes. applyIndex: 0
2019-09-26 13:29:33,519 [main] INFO  impl.RaftServerProxy (RaftServerProxy.java:lambda$close$4(314)) - e1d07e13-fba7-421e-90fa-c7d02cfb4ed9: close
2019-09-26 13:29:33,519 [6bbb30bf-68fb-49c7-a700-39ca06a4595f@group-2E05E396A487-SegmentedRaftLogWorker] INFO  segmented.SegmentedRaftLogWorker (SegmentedRaftLogWorker.java:run(313)) - 6bbb30bf-68fb-49c7-a700-39ca06a4595f@group-2E05E396A487-SegmentedRaftLogWorker was interrupted, exiting. There are 0 tasks remaining in the queue.
2019-09-26 13:29:33,519 [main] INFO  impl.RaftServerImpl (RaftServerImpl.java:lambda$shutdown$3(251)) - e1d07e13-fba7-421e-90fa-c7d02cfb4ed9@group-486BD32D1340: shutdown
2019-09-26 13:29:33,520 [ForkJoinPool.commonPool-worker-1] INFO  segmented.SegmentedRaftLogWorker (SegmentedRaftLogWorker.java:close(228)) - 6bbb30bf-68fb-49c7-a700-39ca06a4595f@group-2E05E396A487-SegmentedRaftLogWorker close()
2019-09-26 13:29:33,520 [main] INFO  util.JmxRegister (JmxRegister.java:unregister(73)) - Successfully un-registered JMX Bean with object name Ratis:service=RaftServer,group=group-486BD32D1340,id=e1d07e13-fba7-421e-90fa-c7d02cfb4ed9
2019-09-26 13:29:33,524 [ForkJoinPool.commonPool-worker-1] INFO  impl.RaftServerImpl (RaftServerImpl.java:lambda$shutdown$3(251)) - 6bbb30bf-68fb-49c7-a700-39ca06a4595f@group-EDA82BE7B498: shutdown
2019-09-26 13:29:33,524 [main] INFO  impl.RoleInfo (RoleInfo.java:shutdownLeaderState(104)) - e1d07e13-fba7-421e-90fa-c7d02cfb4ed9: shutdown LeaderState
2019-09-26 13:29:33,524 [ForkJoinPool.commonPool-worker-1] INFO  util.JmxRegister (JmxRegister.java:unregister(73)) - Successfully un-registered JMX Bean with object name Ratis:service=RaftServer,group=group-EDA82BE7B498,id=6bbb30bf-68fb-49c7-a700-39ca06a4595f
2019-09-26 13:29:33,525 [main] INFO  impl.PendingRequests (PendingRequests.java:sendNotLeaderResponses(202)) - e1d07e13-fba7-421e-90fa-c7d02cfb4ed9-PendingRequests: sendNotLeaderResponses
2019-09-26 13:29:33,525 [ForkJoinPool.commonPool-worker-1] INFO  impl.RoleInfo (RoleInfo.java:shutdownLeaderState(104)) - 6bbb30bf-68fb-49c7-a700-39ca06a4595f: shutdown LeaderState
2019-09-26 13:29:33,525 [main] INFO  impl.StateMachineUpdater (StateMachineUpdater.java:stopAndJoin(125)) - e1d07e13-fba7-421e-90fa-c7d02cfb4ed9@group-486BD32D1340-StateMachineUpdater: set stopIndex = 0
2019-09-26 13:29:33,526 [ForkJoinPool.commonPool-worker-1] INFO  impl.PendingRequests (PendingRequests.java:sendNotLeaderResponses(202)) - 6bbb30bf-68fb-49c7-a700-39ca06a4595f-PendingRequests: sendNotLeaderResponses
2019-09-26 13:29:33,526 [main] INFO  impl.RaftServerImpl (ServerState.java:close(385)) - e1d07e13-fba7-421e-90fa-c7d02cfb4ed9@group-486BD32D1340: closes. applyIndex: 0
2019-09-26 13:29:33,526 [ForkJoinPool.commonPool-worker-1] INFO  impl.StateMachineUpdater (StateMachineUpdater.java:stopAndJoin(125)) - 6bbb30bf-68fb-49c7-a700-39ca06a4595f@group-EDA82BE7B498-StateMachineUpdater: set stopIndex = 0
2019-09-26 13:29:33,527 [e1d07e13-fba7-421e-90fa-c7d02cfb4ed9@group-486BD32D1340-SegmentedRaftLogWorker] INFO  segmented.SegmentedRaftLogWorker (SegmentedRaftLogWorker.java:run(313)) - e1d07e13-fba7-421e-90fa-c7d02cfb4ed9@group-486BD32D1340-SegmentedRaftLogWorker was interrupted, exiting. There are 0 tasks remaining in the queue.
2019-09-26 13:29:33,527 [ForkJoinPool.commonPool-worker-1] INFO  impl.RaftServerImpl (ServerState.java:close(385)) - 6bbb30bf-68fb-49c7-a700-39ca06a4595f@group-EDA82BE7B498: closes. applyIndex: 0
2019-09-26 13:29:33,527 [main] INFO  segmented.SegmentedRaftLogWorker (SegmentedRaftLogWorker.java:close(228)) - e1d07e13-fba7-421e-90fa-c7d02cfb4ed9@group-486BD32D1340-SegmentedRaftLogWorker close()
2019-09-26 13:29:33,528 [6bbb30bf-68fb-49c7-a700-39ca06a4595f@group-EDA82BE7B498-SegmentedRaftLogWorker] INFO  segmented.SegmentedRaftLogWorker (SegmentedRaftLogWorker.java:run(313)) - 6bbb30bf-68fb-49c7-a700-39ca06a4595f@group-EDA82BE7B498-SegmentedRaftLogWorker was interrupted, exiting. There are 0 tasks remaining in the queue.
2019-09-26 13:29:33,530 [main] INFO  impl.RaftServerImpl (RaftServerImpl.java:lambda$shutdown$3(251)) - e1d07e13-fba7-421e-90fa-c7d02cfb4ed9@group-283CA6AD0098: shutdown
2019-09-26 13:29:33,530 [ForkJoinPool.commonPool-worker-1] INFO  segmented.SegmentedRaftLogWorker (SegmentedRaftLogWorker.java:close(228)) - 6bbb30bf-68fb-49c7-a700-39ca06a4595f@group-EDA82BE7B498-SegmentedRaftLogWorker close()
2019-09-26 13:29:33,531 [main] INFO  util.JmxRegister (JmxRegister.java:unregister(73)) - Successfully un-registered JMX Bean with object name Ratis:service=RaftServer,group=group-283CA6AD0098,id=e1d07e13-fba7-421e-90fa-c7d02cfb4ed9
2019-09-26 13:29:33,533 [ForkJoinPool.commonPool-worker-1] INFO  impl.RaftServerImpl (RaftServerImpl.java:lambda$shutdown$3(251)) - 6bbb30bf-68fb-49c7-a700-39ca06a4595f@group-DFAD47E31AE7: shutdown
2019-09-26 13:29:33,534 [main] INFO  impl.RoleInfo (RoleInfo.java:shutdownLeaderState(104)) - e1d07e13-fba7-421e-90fa-c7d02cfb4ed9: shutdown LeaderState
2019-09-26 13:29:33,534 [ForkJoinPool.commonPool-worker-1] INFO  util.JmxRegister (JmxRegister.java:unregister(73)) - Successfully un-registered JMX Bean with object name Ratis:service=RaftServer,group=group-DFAD47E31AE7,id=6bbb30bf-68fb-49c7-a700-39ca06a4595f
2019-09-26 13:29:33,534 [main] INFO  impl.PendingRequests (PendingRequests.java:sendNotLeaderResponses(202)) - e1d07e13-fba7-421e-90fa-c7d02cfb4ed9-PendingRequests: sendNotLeaderResponses
2019-09-26 13:29:33,535 [ForkJoinPool.commonPool-worker-1] INFO  impl.RoleInfo (RoleInfo.java:shutdownLeaderState(104)) - 6bbb30bf-68fb-49c7-a700-39ca06a4595f: shutdown LeaderState
2019-09-26 13:29:33,535 [main] INFO  impl.StateMachineUpdater (StateMachineUpdater.java:stopAndJoin(125)) - e1d07e13-fba7-421e-90fa-c7d02cfb4ed9@group-283CA6AD0098-StateMachineUpdater: set stopIndex = 0
2019-09-26 13:29:33,535 [ForkJoinPool.commonPool-worker-1] INFO  impl.PendingRequests (PendingRequests.java:sendNotLeaderResponses(202)) - 6bbb30bf-68fb-49c7-a700-39ca06a4595f-PendingRequests: sendNotLeaderResponses
2019-09-26 13:29:33,535 [main] INFO  impl.RaftServerImpl (ServerState.java:close(385)) - e1d07e13-fba7-421e-90fa-c7d02cfb4ed9@group-283CA6AD0098: closes. applyIndex: 0
2019-09-26 13:29:33,536 [ForkJoinPool.commonPool-worker-1] INFO  impl.StateMachineUpdater (StateMachineUpdater.java:stopAndJoin(125)) - 6bbb30bf-68fb-49c7-a700-39ca06a4595f@group-DFAD47E31AE7-StateMachineUpdater: set stopIndex = 0
2019-09-26 13:29:33,536 [e1d07e13-fba7-421e-90fa-c7d02cfb4ed9@group-283CA6AD0098-SegmentedRaftLogWorker] INFO  segmented.SegmentedRaftLogWorker (SegmentedRaftLogWorker.java:run(313)) - e1d07e13-fba7-421e-90fa-c7d02cfb4ed9@group-283CA6AD0098-SegmentedRaftLogWorker was interrupted, exiting. There are 0 tasks remaining in the queue.
2019-09-26 13:29:33,536 [ForkJoinPool.commonPool-worker-1] INFO  impl.RaftServerImpl (ServerState.java:close(385)) - 6bbb30bf-68fb-49c7-a700-39ca06a4595f@group-DFAD47E31AE7: closes. applyIndex: 0
2019-09-26 13:29:33,537 [main] INFO  segmented.SegmentedRaftLogWorker (SegmentedRaftLogWorker.java:close(228)) - e1d07e13-fba7-421e-90fa-c7d02cfb4ed9@group-283CA6AD0098-SegmentedRaftLogWorker close()
2019-09-26 13:29:33,540 [6bbb30bf-68fb-49c7-a700-39ca06a4595f@group-DFAD47E31AE7-SegmentedRaftLogWorker] INFO  segmented.SegmentedRaftLogWorker (SegmentedRaftLogWorker.java:run(313)) - 6bbb30bf-68fb-49c7-a700-39ca06a4595f@group-DFAD47E31AE7-SegmentedRaftLogWorker was interrupted, exiting. There are 0 tasks remaining in the queue.
2019-09-26 13:29:33,540 [main] INFO  impl.RaftServerImpl (RaftServerImpl.java:lambda$shutdown$3(251)) - e1d07e13-fba7-421e-90fa-c7d02cfb4ed9@group-09118E94AB75: shutdown
2019-09-26 13:29:33,540 [ForkJoinPool.commonPool-worker-1] INFO  segmented.SegmentedRaftLogWorker (SegmentedRaftLogWorker.java:close(228)) - 6bbb30bf-68fb-49c7-a700-39ca06a4595f@group-DFAD47E31AE7-SegmentedRaftLogWorker close()
2019-09-26 13:29:33,540 [main] INFO  util.JmxRegister (JmxRegister.java:unregister(73)) - Successfully un-registered JMX Bean with object name Ratis:service=RaftServer,group=group-09118E94AB75,id=e1d07e13-fba7-421e-90fa-c7d02cfb4ed9
2019-09-26 13:29:33,543 [ForkJoinPool.commonPool-worker-1] INFO  impl.RaftServerImpl (RaftServerImpl.java:lambda$shutdown$3(251)) - 6bbb30bf-68fb-49c7-a700-39ca06a4595f@group-7CF98C97F376: shutdown
2019-09-26 13:29:33,543 [main] INFO  impl.RoleInfo (RoleInfo.java:shutdownLeaderState(104)) - e1d07e13-fba7-421e-90fa-c7d02cfb4ed9: shutdown LeaderState
2019-09-26 13:29:33,544 [ForkJoinPool.commonPool-worker-1] INFO  util.JmxRegister (JmxRegister.java:unregister(73)) - Successfully un-registered JMX Bean with object name Ratis:service=RaftServer,group=group-7CF98C97F376,id=6bbb30bf-68fb-49c7-a700-39ca06a4595f
2019-09-26 13:29:33,544 [main] INFO  impl.PendingRequests (PendingRequests.java:sendNotLeaderResponses(202)) - e1d07e13-fba7-421e-90fa-c7d02cfb4ed9-PendingRequests: sendNotLeaderResponses
2019-09-26 13:29:33,544 [ForkJoinPool.commonPool-worker-1] INFO  impl.RoleInfo (RoleInfo.java:shutdownLeaderState(104)) - 6bbb30bf-68fb-49c7-a700-39ca06a4595f: shutdown LeaderState
2019-09-26 13:29:33,545 [main] INFO  impl.StateMachineUpdater (StateMachineUpdater.java:stopAndJoin(125)) - e1d07e13-fba7-421e-90fa-c7d02cfb4ed9@group-09118E94AB75-StateMachineUpdater: set stopIndex = 0
2019-09-26 13:29:33,545 [ForkJoinPool.commonPool-worker-1] INFO  impl.PendingRequests (PendingRequests.java:sendNotLeaderResponses(202)) - 6bbb30bf-68fb-49c7-a700-39ca06a4595f-PendingRequests: sendNotLeaderResponses
2019-09-26 13:29:33,545 [main] INFO  impl.RaftServerImpl (ServerState.java:close(385)) - e1d07e13-fba7-421e-90fa-c7d02cfb4ed9@group-09118E94AB75: closes. applyIndex: 0
2019-09-26 13:29:33,545 [ForkJoinPool.commonPool-worker-1] INFO  impl.StateMachineUpdater (StateMachineUpdater.java:stopAndJoin(125)) - 6bbb30bf-68fb-49c7-a700-39ca06a4595f@group-7CF98C97F376-StateMachineUpdater: set stopIndex = 0
2019-09-26 13:29:33,546 [ForkJoinPool.commonPool-worker-1] INFO  impl.RaftServerImpl (ServerState.java:close(385)) - 6bbb30bf-68fb-49c7-a700-39ca06a4595f@group-7CF98C97F376: closes. applyIndex: 0
2019-09-26 13:29:33,546 [e1d07e13-fba7-421e-90fa-c7d02cfb4ed9@group-09118E94AB75-SegmentedRaftLogWorker] INFO  segmented.SegmentedRaftLogWorker (SegmentedRaftLogWorker.java:run(313)) - e1d07e13-fba7-421e-90fa-c7d02cfb4ed9@group-09118E94AB75-SegmentedRaftLogWorker was interrupted, exiting. There are 0 tasks remaining in the queue.
2019-09-26 13:29:33,546 [6bbb30bf-68fb-49c7-a700-39ca06a4595f@group-7CF98C97F376-SegmentedRaftLogWorker] INFO  segmented.SegmentedRaftLogWorker (SegmentedRaftLogWorker.java:run(313)) - 6bbb30bf-68fb-49c7-a700-39ca06a4595f@group-7CF98C97F376-SegmentedRaftLogWorker was interrupted, exiting. There are 0 tasks remaining in the queue.
2019-09-26 13:29:33,546 [main] INFO  segmented.SegmentedRaftLogWorker (SegmentedRaftLogWorker.java:close(228)) - e1d07e13-fba7-421e-90fa-c7d02cfb4ed9@group-09118E94AB75-SegmentedRaftLogWorker close()
2019-09-26 13:29:33,547 [ForkJoinPool.commonPool-worker-1] INFO  segmented.SegmentedRaftLogWorker (SegmentedRaftLogWorker.java:close(228)) - 6bbb30bf-68fb-49c7-a700-39ca06a4595f@group-7CF98C97F376-SegmentedRaftLogWorker close()
2019-09-26 13:29:33,549 [main] INFO  impl.RaftServerImpl (RaftServerImpl.java:lambda$shutdown$3(251)) - e1d07e13-fba7-421e-90fa-c7d02cfb4ed9@group-8E737069DD2C: shutdown
2019-09-26 13:29:33,566 [ForkJoinPool.commonPool-worker-1] INFO  impl.RaftServerImpl (RaftServerImpl.java:lambda$shutdown$3(251)) - 6bbb30bf-68fb-49c7-a700-39ca06a4595f@group-2BB88B1746B1: shutdown
2019-09-26 13:29:33,566 [main] INFO  util.JmxRegister (JmxRegister.java:unregister(73)) - Successfully un-registered JMX Bean with object name Ratis:service=RaftServer,group=group-8E737069DD2C,id=e1d07e13-fba7-421e-90fa-c7d02cfb4ed9
2019-09-26 13:29:33,567 [ForkJoinPool.commonPool-worker-1] INFO  util.JmxRegister (JmxRegister.java:unregister(73)) - Successfully un-registered JMX Bean with object name Ratis:service=RaftServer,group=group-2BB88B1746B1,id=6bbb30bf-68fb-49c7-a700-39ca06a4595f
2019-09-26 13:29:33,567 [main] INFO  impl.RoleInfo (RoleInfo.java:shutdownLeaderState(104)) - e1d07e13-fba7-421e-90fa-c7d02cfb4ed9: shutdown LeaderState
2019-09-26 13:29:33,567 [ForkJoinPool.commonPool-worker-1] INFO  impl.RoleInfo (RoleInfo.java:shutdownLeaderState(104)) - 6bbb30bf-68fb-49c7-a700-39ca06a4595f: shutdown LeaderState
2019-09-26 13:29:33,567 [main] INFO  impl.PendingRequests (PendingRequests.java:sendNotLeaderResponses(202)) - e1d07e13-fba7-421e-90fa-c7d02cfb4ed9-PendingRequests: sendNotLeaderResponses
2019-09-26 13:29:33,568 [ForkJoinPool.commonPool-worker-1] INFO  impl.PendingRequests (PendingRequests.java:sendNotLeaderResponses(202)) - 6bbb30bf-68fb-49c7-a700-39ca06a4595f-PendingRequests: sendNotLeaderResponses
2019-09-26 13:29:33,568 [main] INFO  impl.StateMachineUpdater (StateMachineUpdater.java:stopAndJoin(125)) - e1d07e13-fba7-421e-90fa-c7d02cfb4ed9@group-8E737069DD2C-StateMachineUpdater: set stopIndex = 0
2019-09-26 13:29:33,568 [ForkJoinPool.commonPool-worker-1] INFO  impl.StateMachineUpdater (StateMachineUpdater.java:stopAndJoin(125)) - 6bbb30bf-68fb-49c7-a700-39ca06a4595f@group-2BB88B1746B1-StateMachineUpdater: set stopIndex = 0
2019-09-26 13:29:33,569 [main] INFO  impl.RaftServerImpl (ServerState.java:close(385)) - e1d07e13-fba7-421e-90fa-c7d02cfb4ed9@group-8E737069DD2C: closes. applyIndex: 0
2019-09-26 13:29:33,569 [ForkJoinPool.commonPool-worker-1] INFO  impl.RaftServerImpl (ServerState.java:close(385)) - 6bbb30bf-68fb-49c7-a700-39ca06a4595f@group-2BB88B1746B1: closes. applyIndex: 0
2019-09-26 13:29:33,569 [e1d07e13-fba7-421e-90fa-c7d02cfb4ed9@group-8E737069DD2C-SegmentedRaftLogWorker] INFO  segmented.SegmentedRaftLogWorker (SegmentedRaftLogWorker.java:run(313)) - e1d07e13-fba7-421e-90fa-c7d02cfb4ed9@group-8E737069DD2C-SegmentedRaftLogWorker was interrupted, exiting. There are 0 tasks remaining in the queue.
2019-09-26 13:29:33,570 [main] INFO  segmented.SegmentedRaftLogWorker (SegmentedRaftLogWorker.java:close(228)) - e1d07e13-fba7-421e-90fa-c7d02cfb4ed9@group-8E737069DD2C-SegmentedRaftLogWorker close()
2019-09-26 13:29:33,570 [6bbb30bf-68fb-49c7-a700-39ca06a4595f@group-2BB88B1746B1-SegmentedRaftLogWorker] INFO  segmented.SegmentedRaftLogWorker (SegmentedRaftLogWorker.java:run(313)) - 6bbb30bf-68fb-49c7-a700-39ca06a4595f@group-2BB88B1746B1-SegmentedRaftLogWorker was interrupted, exiting. There are 0 tasks remaining in the queue.
2019-09-26 13:29:33,570 [main] INFO  impl.RaftServerImpl (RaftServerImpl.java:lambda$shutdown$3(251)) - e1d07e13-fba7-421e-90fa-c7d02cfb4ed9@group-BDB412075F24: shutdown
2019-09-26 13:29:33,570 [ForkJoinPool.commonPool-worker-1] INFO  segmented.SegmentedRaftLogWorker (SegmentedRaftLogWorker.java:close(228)) - 6bbb30bf-68fb-49c7-a700-39ca06a4595f@group-2BB88B1746B1-SegmentedRaftLogWorker close()
2019-09-26 13:29:33,570 [main] INFO  util.JmxRegister (JmxRegister.java:unregister(73)) - Successfully un-registered JMX Bean with object name Ratis:service=RaftServer,group=group-BDB412075F24,id=e1d07e13-fba7-421e-90fa-c7d02cfb4ed9
2019-09-26 13:29:33,571 [ForkJoinPool.commonPool-worker-1] INFO  server.GrpcService (GrpcService.java:closeImpl(164)) - 6bbb30bf-68fb-49c7-a700-39ca06a4595f: shutdown server with port 44498 now
2019-09-26 13:29:33,571 [main] INFO  impl.RoleInfo (RoleInfo.java:shutdownLeaderState(104)) - e1d07e13-fba7-421e-90fa-c7d02cfb4ed9: shutdown LeaderState
2019-09-26 13:29:33,571 [main] INFO  impl.PendingRequests (PendingRequests.java:sendNotLeaderResponses(202)) - e1d07e13-fba7-421e-90fa-c7d02cfb4ed9-PendingRequests: sendNotLeaderResponses
2019-09-26 13:29:33,574 [ForkJoinPool.commonPool-worker-1] INFO  server.GrpcService (GrpcService.java:closeImpl(172)) - 6bbb30bf-68fb-49c7-a700-39ca06a4595f: shutdown server with port 44498 successfully
2019-09-26 13:29:33,574 [main] INFO  impl.StateMachineUpdater (StateMachineUpdater.java:stopAndJoin(125)) - e1d07e13-fba7-421e-90fa-c7d02cfb4ed9@group-BDB412075F24-StateMachineUpdater: set stopIndex = 0
2019-09-26 13:29:33,577 [main] INFO  impl.RaftServerImpl (ServerState.java:close(385)) - e1d07e13-fba7-421e-90fa-c7d02cfb4ed9@group-BDB412075F24: closes. applyIndex: 0
2019-09-26 13:29:33,578 [e1d07e13-fba7-421e-90fa-c7d02cfb4ed9@group-BDB412075F24-SegmentedRaftLogWorker] INFO  segmented.SegmentedRaftLogWorker (SegmentedRaftLogWorker.java:run(313)) - e1d07e13-fba7-421e-90fa-c7d02cfb4ed9@group-BDB412075F24-SegmentedRaftLogWorker was interrupted, exiting. There are 0 tasks remaining in the queue.
2019-09-26 13:29:33,578 [main] INFO  segmented.SegmentedRaftLogWorker (SegmentedRaftLogWorker.java:close(228)) - e1d07e13-fba7-421e-90fa-c7d02cfb4ed9@group-BDB412075F24-SegmentedRaftLogWorker close()
2019-09-26 13:29:33,578 [main] INFO  impl.RaftServerImpl (RaftServerImpl.java:lambda$shutdown$3(251)) - e1d07e13-fba7-421e-90fa-c7d02cfb4ed9@group-25A7CA3D52E6: shutdown
2019-09-26 13:29:33,578 [main] INFO  util.JmxRegister (JmxRegister.java:unregister(73)) - Successfully un-registered JMX Bean with object name Ratis:service=RaftServer,group=group-25A7CA3D52E6,id=e1d07e13-fba7-421e-90fa-c7d02cfb4ed9
2019-09-26 13:29:33,579 [main] INFO  impl.RoleInfo (RoleInfo.java:shutdownLeaderState(104)) - e1d07e13-fba7-421e-90fa-c7d02cfb4ed9: shutdown LeaderState
2019-09-26 13:29:33,579 [main] INFO  impl.PendingRequests (PendingRequests.java:sendNotLeaderResponses(202)) - e1d07e13-fba7-421e-90fa-c7d02cfb4ed9-PendingRequests: sendNotLeaderResponses
2019-09-26 13:29:33,579 [main] INFO  impl.StateMachineUpdater (StateMachineUpdater.java:stopAndJoin(125)) - e1d07e13-fba7-421e-90fa-c7d02cfb4ed9@group-25A7CA3D52E6-StateMachineUpdater: set stopIndex = 0
2019-09-26 13:29:33,580 [main] INFO  impl.RaftServerImpl (ServerState.java:close(385)) - e1d07e13-fba7-421e-90fa-c7d02cfb4ed9@group-25A7CA3D52E6: closes. applyIndex: 0
2019-09-26 13:29:33,581 [e1d07e13-fba7-421e-90fa-c7d02cfb4ed9@group-25A7CA3D52E6-SegmentedRaftLogWorker] INFO  segmented.SegmentedRaftLogWorker (SegmentedRaftLogWorker.java:run(313)) - e1d07e13-fba7-421e-90fa-c7d02cfb4ed9@group-25A7CA3D52E6-SegmentedRaftLogWorker was interrupted, exiting. There are 0 tasks remaining in the queue.
2019-09-26 13:29:33,581 [main] INFO  segmented.SegmentedRaftLogWorker (SegmentedRaftLogWorker.java:close(228)) - e1d07e13-fba7-421e-90fa-c7d02cfb4ed9@group-25A7CA3D52E6-SegmentedRaftLogWorker close()
2019-09-26 13:29:33,581 [main] INFO  server.GrpcService (GrpcService.java:closeImpl(164)) - e1d07e13-fba7-421e-90fa-c7d02cfb4ed9: shutdown server with port 39231 now
2019-09-26 13:29:33,584 [main] INFO  server.GrpcService (GrpcService.java:closeImpl(172)) - e1d07e13-fba7-421e-90fa-c7d02cfb4ed9: shutdown server with port 39231 successfully
2019-09-26 13:29:33,590 [refreshUsed-/workdir/hadoop-ozone/ozonefs/target/test-dir/MiniOzoneClusterImpl-8b6a8972-8eda-4f33-b3cf-a560ba2c5b87/datanode-3/data/containers] WARN  fs.CachingGetSpaceUsed (CachingGetSpaceUsed.java:run(183)) - Thread Interrupted waiting to refresh disk information: sleep interrupted
2019-09-26 13:29:33,592 [refreshUsed-/workdir/hadoop-ozone/ozonefs/target/test-dir/MiniOzoneClusterImpl-8b6a8972-8eda-4f33-b3cf-a560ba2c5b87/datanode-6/data/containers] WARN  fs.CachingGetSpaceUsed (CachingGetSpaceUsed.java:run(183)) - Thread Interrupted waiting to refresh disk information: sleep interrupted
2019-09-26 13:29:33,617 [main] INFO  utils.BackgroundService (BackgroundService.java:shutdown(148)) - Shutting down service BlockDeletingService
2019-09-26 13:29:33,624 [main] INFO  statemachine.DatanodeStateMachine (DatanodeStateMachine.java:stopDaemon(395)) - Ozone container server stopped.
2019-09-26 13:29:33,626 [main] INFO  handler.ContextHandler (ContextHandler.java:doStop(910)) - Stopped o.e.j.w.WebAppContext@fd53053{/,null,UNAVAILABLE}{/hddsDatanode}
2019-09-26 13:29:33,627 [main] INFO  server.AbstractConnector (AbstractConnector.java:doStop(318)) - Stopped ServerConnector@4527f70a{HTTP/1.1,[http/1.1]}{0.0.0.0:0}
2019-09-26 13:29:33,627 [main] INFO  handler.ContextHandler (ContextHandler.java:doStop(910)) - Stopped o.e.j.s.ServletContextHandler@429f7919{/static,jar:file:/home/user/.m2/repository/org/apache/hadoop/hadoop-hdds-container-service/0.5.0-SNAPSHOT/hadoop-hdds-container-service-0.5.0-SNAPSHOT.jar!/webapps/static,UNAVAILABLE}
2019-09-26 13:29:33,627 [main] INFO  handler.ContextHandler (ContextHandler.java:doStop(910)) - Stopped o.e.j.s.ServletContextHandler@ed91d8d{/logs,file:///workdir/hadoop-ozone/ozonefs/target/log,UNAVAILABLE}
2019-09-26 13:29:33,630 [ForkJoinPool.commonPool-worker-1] INFO  utils.BackgroundService (BackgroundService.java:shutdown(148)) - Shutting down service BlockDeletingService
2019-09-26 13:29:33,636 [ForkJoinPool.commonPool-worker-1] INFO  statemachine.DatanodeStateMachine (DatanodeStateMachine.java:stopDaemon(395)) - Ozone container server stopped.
2019-09-26 13:29:33,641 [ForkJoinPool.commonPool-worker-1] INFO  handler.ContextHandler (ContextHandler.java:doStop(910)) - Stopped o.e.j.w.WebAppContext@6e4c0d8c{/,null,UNAVAILABLE}{/hddsDatanode}
2019-09-26 13:29:33,642 [ForkJoinPool.commonPool-worker-1] INFO  server.AbstractConnector (AbstractConnector.java:doStop(318)) - Stopped ServerConnector@3e3315d9{HTTP/1.1,[http/1.1]}{0.0.0.0:0}
2019-09-26 13:29:33,644 [ForkJoinPool.commonPool-worker-1] INFO  handler.ContextHandler (ContextHandler.java:doStop(910)) - Stopped o.e.j.s.ServletContextHandler@3b920bdc{/static,jar:file:/home/user/.m2/repository/org/apache/hadoop/hadoop-hdds-container-service/0.5.0-SNAPSHOT/hadoop-hdds-container-service-0.5.0-SNAPSHOT.jar!/webapps/static,UNAVAILABLE}
2019-09-26 13:29:33,647 [ForkJoinPool.commonPool-worker-1] INFO  handler.ContextHandler (ContextHandler.java:doStop(910)) - Stopped o.e.j.s.ServletContextHandler@1a22e0ef{/logs,file:///workdir/hadoop-ozone/ozonefs/target/log,UNAVAILABLE}
2019-09-26 13:29:33,845 [Datanode State Machine Thread - 0] INFO  statemachine.DatanodeStateMachine (DatanodeStateMachine.java:lambda$startDaemon$0(350)) - Ozone container server started.
2019-09-26 13:29:34,440 [Datanode State Machine Thread - 0] INFO  statemachine.DatanodeStateMachine (DatanodeStateMachine.java:lambda$startDaemon$0(350)) - Ozone container server started.
2019-09-26 13:29:38,629 [main] INFO  ozoneimpl.OzoneContainer (OzoneContainer.java:stop(231)) - Attempting to stop container services.
2019-09-26 13:29:38,630 [main] INFO  impl.RaftServerProxy (RaftServerProxy.java:lambda$close$4(314)) - 84b4f0f2-647b-40e2-8663-a3f3ce0b3f80: close
2019-09-26 13:29:38,631 [main] INFO  impl.RaftServerImpl (RaftServerImpl.java:lambda$shutdown$3(251)) - 84b4f0f2-647b-40e2-8663-a3f3ce0b3f80@group-DA125C2FDD7F: shutdown
2019-09-26 13:29:38,631 [main] INFO  util.JmxRegister (JmxRegister.java:unregister(73)) - Successfully un-registered JMX Bean with object name Ratis:service=RaftServer,group=group-DA125C2FDD7F,id=84b4f0f2-647b-40e2-8663-a3f3ce0b3f80
2019-09-26 13:29:38,632 [main] INFO  impl.RoleInfo (RoleInfo.java:shutdownLeaderState(104)) - 84b4f0f2-647b-40e2-8663-a3f3ce0b3f80: shutdown LeaderState
2019-09-26 13:29:38,632 [main] INFO  impl.PendingRequests (PendingRequests.java:sendNotLeaderResponses(202)) - 84b4f0f2-647b-40e2-8663-a3f3ce0b3f80-PendingRequests: sendNotLeaderResponses
2019-09-26 13:29:38,633 [main] INFO  impl.StateMachineUpdater (StateMachineUpdater.java:stopAndJoin(125)) - 84b4f0f2-647b-40e2-8663-a3f3ce0b3f80@group-DA125C2FDD7F-StateMachineUpdater: set stopIndex = 0
2019-09-26 13:29:38,633 [main] INFO  impl.RaftServerImpl (ServerState.java:close(385)) - 84b4f0f2-647b-40e2-8663-a3f3ce0b3f80@group-DA125C2FDD7F: closes. applyIndex: 0
2019-09-26 13:29:38,634 [84b4f0f2-647b-40e2-8663-a3f3ce0b3f80@group-DA125C2FDD7F-SegmentedRaftLogWorker] INFO  segmented.SegmentedRaftLogWorker (SegmentedRaftLogWorker.java:run(313)) - 84b4f0f2-647b-40e2-8663-a3f3ce0b3f80@group-DA125C2FDD7F-SegmentedRaftLogWorker was interrupted, exiting. There are 0 tasks remaining in the queue.
2019-09-26 13:29:38,635 [main] INFO  segmented.SegmentedRaftLogWorker (SegmentedRaftLogWorker.java:close(228)) - 84b4f0f2-647b-40e2-8663-a3f3ce0b3f80@group-DA125C2FDD7F-SegmentedRaftLogWorker close()
2019-09-26 13:29:38,635 [main] INFO  impl.RaftServerImpl (RaftServerImpl.java:lambda$shutdown$3(251)) - 84b4f0f2-647b-40e2-8663-a3f3ce0b3f80@group-5E4AACA577C6: shutdown
2019-09-26 13:29:38,636 [main] INFO  util.JmxRegister (JmxRegister.java:unregister(73)) - Successfully un-registered JMX Bean with object name Ratis:service=RaftServer,group=group-5E4AACA577C6,id=84b4f0f2-647b-40e2-8663-a3f3ce0b3f80
2019-09-26 13:29:38,636 [main] INFO  impl.RoleInfo (RoleInfo.java:shutdownLeaderState(104)) - 84b4f0f2-647b-40e2-8663-a3f3ce0b3f80: shutdown LeaderState
2019-09-26 13:29:38,636 [main] INFO  impl.PendingRequests (PendingRequests.java:sendNotLeaderResponses(202)) - 84b4f0f2-647b-40e2-8663-a3f3ce0b3f80-PendingRequests: sendNotLeaderResponses
2019-09-26 13:29:38,637 [main] INFO  impl.StateMachineUpdater (StateMachineUpdater.java:stopAndJoin(125)) - 84b4f0f2-647b-40e2-8663-a3f3ce0b3f80@group-5E4AACA577C6-StateMachineUpdater: set stopIndex = 0
2019-09-26 13:29:38,638 [main] INFO  impl.RaftServerImpl (ServerState.java:close(385)) - 84b4f0f2-647b-40e2-8663-a3f3ce0b3f80@group-5E4AACA577C6: closes. applyIndex: 0
2019-09-26 13:29:38,638 [84b4f0f2-647b-40e2-8663-a3f3ce0b3f80@group-5E4AACA577C6-SegmentedRaftLogWorker] INFO  segmented.SegmentedRaftLogWorker (SegmentedRaftLogWorker.java:run(313)) - 84b4f0f2-647b-40e2-8663-a3f3ce0b3f80@group-5E4AACA577C6-SegmentedRaftLogWorker was interrupted, exiting. There are 0 tasks remaining in the queue.
2019-09-26 13:29:38,639 [main] INFO  segmented.SegmentedRaftLogWorker (SegmentedRaftLogWorker.java:close(228)) - 84b4f0f2-647b-40e2-8663-a3f3ce0b3f80@group-5E4AACA577C6-SegmentedRaftLogWorker close()
2019-09-26 13:29:38,639 [main] INFO  impl.RaftServerImpl (RaftServerImpl.java:lambda$shutdown$3(251)) - 84b4f0f2-647b-40e2-8663-a3f3ce0b3f80@group-1839775BC7F0: shutdown
2019-09-26 13:29:38,640 [main] INFO  util.JmxRegister (JmxRegister.java:unregister(73)) - Successfully un-registered JMX Bean with object name Ratis:service=RaftServer,group=group-1839775BC7F0,id=84b4f0f2-647b-40e2-8663-a3f3ce0b3f80
2019-09-26 13:29:38,640 [main] INFO  impl.RoleInfo (RoleInfo.java:shutdownLeaderState(104)) - 84b4f0f2-647b-40e2-8663-a3f3ce0b3f80: shutdown LeaderState
2019-09-26 13:29:38,640 [main] INFO  impl.PendingRequests (PendingRequests.java:sendNotLeaderResponses(202)) - 84b4f0f2-647b-40e2-8663-a3f3ce0b3f80-PendingRequests: sendNotLeaderResponses
2019-09-26 13:29:38,641 [main] INFO  impl.StateMachineUpdater (StateMachineUpdater.java:stopAndJoin(125)) - 84b4f0f2-647b-40e2-8663-a3f3ce0b3f80@group-1839775BC7F0-StateMachineUpdater: set stopIndex = 0
2019-09-26 13:29:38,641 [main] INFO  impl.RaftServerImpl (ServerState.java:close(385)) - 84b4f0f2-647b-40e2-8663-a3f3ce0b3f80@group-1839775BC7F0: closes. applyIndex: 0
2019-09-26 13:29:38,642 [84b4f0f2-647b-40e2-8663-a3f3ce0b3f80@group-1839775BC7F0-SegmentedRaftLogWorker] INFO  segmented.SegmentedRaftLogWorker (SegmentedRaftLogWorker.java:run(313)) - 84b4f0f2-647b-40e2-8663-a3f3ce0b3f80@group-1839775BC7F0-SegmentedRaftLogWorker was interrupted, exiting. There are 0 tasks remaining in the queue.
2019-09-26 13:29:38,642 [main] INFO  segmented.SegmentedRaftLogWorker (SegmentedRaftLogWorker.java:close(228)) - 84b4f0f2-647b-40e2-8663-a3f3ce0b3f80@group-1839775BC7F0-SegmentedRaftLogWorker close()
2019-09-26 13:29:38,643 [main] INFO  impl.RaftServerImpl (RaftServerImpl.java:lambda$shutdown$3(251)) - 84b4f0f2-647b-40e2-8663-a3f3ce0b3f80@group-964297757CD6: shutdown
2019-09-26 13:29:38,643 [main] INFO  util.JmxRegister (JmxRegister.java:unregister(73)) - Successfully un-registered JMX Bean with object name Ratis:service=RaftServer,group=group-964297757CD6,id=84b4f0f2-647b-40e2-8663-a3f3ce0b3f80
2019-09-26 13:29:38,643 [main] INFO  impl.RoleInfo (RoleInfo.java:shutdownLeaderState(104)) - 84b4f0f2-647b-40e2-8663-a3f3ce0b3f80: shutdown LeaderState
2019-09-26 13:29:38,644 [main] INFO  impl.PendingRequests (PendingRequests.java:sendNotLeaderResponses(202)) - 84b4f0f2-647b-40e2-8663-a3f3ce0b3f80-PendingRequests: sendNotLeaderResponses
2019-09-26 13:29:38,644 [main] INFO  impl.StateMachineUpdater (StateMachineUpdater.java:stopAndJoin(125)) - 84b4f0f2-647b-40e2-8663-a3f3ce0b3f80@group-964297757CD6-StateMachineUpdater: set stopIndex = 0
2019-09-26 13:29:38,645 [main] INFO  impl.RaftServerImpl (ServerState.java:close(385)) - 84b4f0f2-647b-40e2-8663-a3f3ce0b3f80@group-964297757CD6: closes. applyIndex: 0
2019-09-26 13:29:38,645 [84b4f0f2-647b-40e2-8663-a3f3ce0b3f80@group-964297757CD6-SegmentedRaftLogWorker] INFO  segmented.SegmentedRaftLogWorker (SegmentedRaftLogWorker.java:run(313)) - 84b4f0f2-647b-40e2-8663-a3f3ce0b3f80@group-964297757CD6-SegmentedRaftLogWorker was interrupted, exiting. There are 0 tasks remaining in the queue.
2019-09-26 13:29:38,646 [main] INFO  segmented.SegmentedRaftLogWorker (SegmentedRaftLogWorker.java:close(228)) - 84b4f0f2-647b-40e2-8663-a3f3ce0b3f80@group-964297757CD6-SegmentedRaftLogWorker close()
2019-09-26 13:29:38,646 [main] INFO  impl.RaftServerImpl (RaftServerImpl.java:lambda$shutdown$3(251)) - 84b4f0f2-647b-40e2-8663-a3f3ce0b3f80@group-7BF342E0FE5A: shutdown
2019-09-26 13:29:38,646 [main] INFO  util.JmxRegister (JmxRegister.java:unregister(73)) - Successfully un-registered JMX Bean with object name Ratis:service=RaftServer,group=group-7BF342E0FE5A,id=84b4f0f2-647b-40e2-8663-a3f3ce0b3f80
2019-09-26 13:29:38,647 [main] INFO  impl.RoleInfo (RoleInfo.java:shutdownLeaderState(104)) - 84b4f0f2-647b-40e2-8663-a3f3ce0b3f80: shutdown LeaderState
2019-09-26 13:29:38,647 [main] INFO  impl.PendingRequests (PendingRequests.java:sendNotLeaderResponses(202)) - 84b4f0f2-647b-40e2-8663-a3f3ce0b3f80-PendingRequests: sendNotLeaderResponses
2019-09-26 13:29:38,648 [main] INFO  impl.StateMachineUpdater (StateMachineUpdater.java:stopAndJoin(125)) - 84b4f0f2-647b-40e2-8663-a3f3ce0b3f80@group-7BF342E0FE5A-StateMachineUpdater: set stopIndex = 0
2019-09-26 13:29:38,648 [ForkJoinPool.commonPool-worker-1] INFO  ozoneimpl.OzoneContainer (OzoneContainer.java:stop(231)) - Attempting to stop container services.
2019-09-26 13:29:38,648 [main] INFO  impl.RaftServerImpl (ServerState.java:close(385)) - 84b4f0f2-647b-40e2-8663-a3f3ce0b3f80@group-7BF342E0FE5A: closes. applyIndex: 0
2019-09-26 13:29:38,649 [ForkJoinPool.commonPool-worker-1] INFO  impl.RaftServerProxy (RaftServerProxy.java:lambda$close$4(314)) - 281e93f8-a9fe-4958-a33a-388335a7b504: close
2019-09-26 13:29:38,649 [ForkJoinPool.commonPool-worker-1] INFO  impl.RaftServerImpl (RaftServerImpl.java:lambda$shutdown$3(251)) - 281e93f8-a9fe-4958-a33a-388335a7b504@group-96E8096124DB: shutdown
2019-09-26 13:29:38,649 [84b4f0f2-647b-40e2-8663-a3f3ce0b3f80@group-7BF342E0FE5A-SegmentedRaftLogWorker] INFO  segmented.SegmentedRaftLogWorker (SegmentedRaftLogWorker.java:run(313)) - 84b4f0f2-647b-40e2-8663-a3f3ce0b3f80@group-7BF342E0FE5A-SegmentedRaftLogWorker was interrupted, exiting. There are 0 tasks remaining in the queue.
2019-09-26 13:29:38,649 [ForkJoinPool.commonPool-worker-1] INFO  util.JmxRegister (JmxRegister.java:unregister(73)) - Successfully un-registered JMX Bean with object name Ratis:service=RaftServer,group=group-96E8096124DB,id=281e93f8-a9fe-4958-a33a-388335a7b504
2019-09-26 13:29:38,649 [main] INFO  segmented.SegmentedRaftLogWorker (SegmentedRaftLogWorker.java:close(228)) - 84b4f0f2-647b-40e2-8663-a3f3ce0b3f80@group-7BF342E0FE5A-SegmentedRaftLogWorker close()
2019-09-26 13:29:38,650 [ForkJoinPool.commonPool-worker-1] INFO  impl.RoleInfo (RoleInfo.java:shutdownLeaderState(104)) - 281e93f8-a9fe-4958-a33a-388335a7b504: shutdown LeaderState
2019-09-26 13:29:38,650 [main] INFO  impl.RaftServerImpl (RaftServerImpl.java:lambda$shutdown$3(251)) - 84b4f0f2-647b-40e2-8663-a3f3ce0b3f80@group-2474FBCAC077: shutdown
2019-09-26 13:29:38,650 [ForkJoinPool.commonPool-worker-1] INFO  impl.PendingRequests (PendingRequests.java:sendNotLeaderResponses(202)) - 281e93f8-a9fe-4958-a33a-388335a7b504-PendingRequests: sendNotLeaderResponses
2019-09-26 13:29:38,650 [main] INFO  util.JmxRegister (JmxRegister.java:unregister(73)) - Successfully un-registered JMX Bean with object name Ratis:service=RaftServer,group=group-2474FBCAC077,id=84b4f0f2-647b-40e2-8663-a3f3ce0b3f80
2019-09-26 13:29:38,651 [ForkJoinPool.commonPool-worker-1] INFO  impl.StateMachineUpdater (StateMachineUpdater.java:stopAndJoin(125)) - 281e93f8-a9fe-4958-a33a-388335a7b504@group-96E8096124DB-StateMachineUpdater: set stopIndex = 0
2019-09-26 13:29:38,651 [main] INFO  impl.RoleInfo (RoleInfo.java:shutdownLeaderState(104)) - 84b4f0f2-647b-40e2-8663-a3f3ce0b3f80: shutdown LeaderState
2019-09-26 13:29:38,651 [ForkJoinPool.commonPool-worker-1] INFO  impl.RaftServerImpl (ServerState.java:close(385)) - 281e93f8-a9fe-4958-a33a-388335a7b504@group-96E8096124DB: closes. applyIndex: 0
2019-09-26 13:29:38,652 [main] INFO  impl.PendingRequests (PendingRequests.java:sendNotLeaderResponses(202)) - 84b4f0f2-647b-40e2-8663-a3f3ce0b3f80-PendingRequests: sendNotLeaderResponses
2019-09-26 13:29:38,652 [281e93f8-a9fe-4958-a33a-388335a7b504@group-96E8096124DB-SegmentedRaftLogWorker] INFO  segmented.SegmentedRaftLogWorker (SegmentedRaftLogWorker.java:run(313)) - 281e93f8-a9fe-4958-a33a-388335a7b504@group-96E8096124DB-SegmentedRaftLogWorker was interrupted, exiting. There are 0 tasks remaining in the queue.
2019-09-26 13:29:38,652 [main] INFO  impl.StateMachineUpdater (StateMachineUpdater.java:stopAndJoin(125)) - 84b4f0f2-647b-40e2-8663-a3f3ce0b3f80@group-2474FBCAC077-StateMachineUpdater: set stopIndex = 0
2019-09-26 13:29:38,652 [ForkJoinPool.commonPool-worker-1] INFO  segmented.SegmentedRaftLogWorker (SegmentedRaftLogWorker.java:close(228)) - 281e93f8-a9fe-4958-a33a-388335a7b504@group-96E8096124DB-SegmentedRaftLogWorker close()
2019-09-26 13:29:38,653 [main] INFO  impl.RaftServerImpl (ServerState.java:close(385)) - 84b4f0f2-647b-40e2-8663-a3f3ce0b3f80@group-2474FBCAC077: closes. applyIndex: 0
2019-09-26 13:29:38,653 [ForkJoinPool.commonPool-worker-1] INFO  impl.RaftServerImpl (RaftServerImpl.java:lambda$shutdown$3(251)) - 281e93f8-a9fe-4958-a33a-388335a7b504@group-CC8F608B90CB: shutdown
2019-09-26 13:29:38,653 [ForkJoinPool.commonPool-worker-1] INFO  util.JmxRegister (JmxRegister.java:unregister(73)) - Successfully un-registered JMX Bean with object name Ratis:service=RaftServer,group=group-CC8F608B90CB,id=281e93f8-a9fe-4958-a33a-388335a7b504
2019-09-26 13:29:38,653 [84b4f0f2-647b-40e2-8663-a3f3ce0b3f80@group-2474FBCAC077-SegmentedRaftLogWorker] INFO  segmented.SegmentedRaftLogWorker (SegmentedRaftLogWorker.java:run(313)) - 84b4f0f2-647b-40e2-8663-a3f3ce0b3f80@group-2474FBCAC077-SegmentedRaftLogWorker was interrupted, exiting. There are 0 tasks remaining in the queue.
2019-09-26 13:29:38,653 [ForkJoinPool.commonPool-worker-1] INFO  impl.RoleInfo (RoleInfo.java:shutdownLeaderState(104)) - 281e93f8-a9fe-4958-a33a-388335a7b504: shutdown LeaderState
2019-09-26 13:29:38,654 [main] INFO  segmented.SegmentedRaftLogWorker (SegmentedRaftLogWorker.java:close(228)) - 84b4f0f2-647b-40e2-8663-a3f3ce0b3f80@group-2474FBCAC077-SegmentedRaftLogWorker close()
2019-09-26 13:29:38,654 [ForkJoinPool.commonPool-worker-1] INFO  impl.PendingRequests (PendingRequests.java:sendNotLeaderResponses(202)) - 281e93f8-a9fe-4958-a33a-388335a7b504-PendingRequests: sendNotLeaderResponses
2019-09-26 13:29:38,654 [main] INFO  server.GrpcService (GrpcService.java:closeImpl(164)) - 84b4f0f2-647b-40e2-8663-a3f3ce0b3f80: shutdown server with port 46549 now
2019-09-26 13:29:38,654 [ForkJoinPool.commonPool-worker-1] INFO  impl.StateMachineUpdater (StateMachineUpdater.java:stopAndJoin(125)) - 281e93f8-a9fe-4958-a33a-388335a7b504@group-CC8F608B90CB-StateMachineUpdater: set stopIndex = 0
2019-09-26 13:29:38,655 [ForkJoinPool.commonPool-worker-1] INFO  impl.RaftServerImpl (ServerState.java:close(385)) - 281e93f8-a9fe-4958-a33a-388335a7b504@group-CC8F608B90CB: closes. applyIndex: 0
2019-09-26 13:29:38,658 [main] INFO  server.GrpcService (GrpcService.java:closeImpl(172)) - 84b4f0f2-647b-40e2-8663-a3f3ce0b3f80: shutdown server with port 46549 successfully
2019-09-26 13:29:38,658 [281e93f8-a9fe-4958-a33a-388335a7b504@group-CC8F608B90CB-SegmentedRaftLogWorker] INFO  segmented.SegmentedRaftLogWorker (SegmentedRaftLogWorker.java:run(313)) - 281e93f8-a9fe-4958-a33a-388335a7b504@group-CC8F608B90CB-SegmentedRaftLogWorker was interrupted, exiting. There are 0 tasks remaining in the queue.
2019-09-26 13:29:38,658 [ForkJoinPool.commonPool-worker-1] INFO  segmented.SegmentedRaftLogWorker (SegmentedRaftLogWorker.java:close(228)) - 281e93f8-a9fe-4958-a33a-388335a7b504@group-CC8F608B90CB-SegmentedRaftLogWorker close()
2019-09-26 13:29:38,658 [ForkJoinPool.commonPool-worker-1] INFO  impl.RaftServerImpl (RaftServerImpl.java:lambda$shutdown$3(251)) - 281e93f8-a9fe-4958-a33a-388335a7b504@group-F469D3B19BD4: shutdown
2019-09-26 13:29:38,659 [ForkJoinPool.commonPool-worker-1] INFO  util.JmxRegister (JmxRegister.java:unregister(73)) - Successfully un-registered JMX Bean with object name Ratis:service=RaftServer,group=group-F469D3B19BD4,id=281e93f8-a9fe-4958-a33a-388335a7b504
2019-09-26 13:29:38,659 [ForkJoinPool.commonPool-worker-1] INFO  impl.RoleInfo (RoleInfo.java:shutdownLeaderState(104)) - 281e93f8-a9fe-4958-a33a-388335a7b504: shutdown LeaderState
2019-09-26 13:29:38,659 [ForkJoinPool.commonPool-worker-1] INFO  impl.PendingRequests (PendingRequests.java:sendNotLeaderResponses(202)) - 281e93f8-a9fe-4958-a33a-388335a7b504-PendingRequests: sendNotLeaderResponses
2019-09-26 13:29:38,660 [ForkJoinPool.commonPool-worker-1] INFO  impl.StateMachineUpdater (StateMachineUpdater.java:stopAndJoin(125)) - 281e93f8-a9fe-4958-a33a-388335a7b504@group-F469D3B19BD4-StateMachineUpdater: set stopIndex = 0
2019-09-26 13:29:38,660 [ForkJoinPool.commonPool-worker-1] INFO  impl.RaftServerImpl (ServerState.java:close(385)) - 281e93f8-a9fe-4958-a33a-388335a7b504@group-F469D3B19BD4: closes. applyIndex: 0
2019-09-26 13:29:38,660 [281e93f8-a9fe-4958-a33a-388335a7b504@group-F469D3B19BD4-SegmentedRaftLogWorker] INFO  segmented.SegmentedRaftLogWorker (SegmentedRaftLogWorker.java:run(313)) - 281e93f8-a9fe-4958-a33a-388335a7b504@group-F469D3B19BD4-SegmentedRaftLogWorker was interrupted, exiting. There are 0 tasks remaining in the queue.
2019-09-26 13:29:38,660 [ForkJoinPool.commonPool-worker-1] INFO  segmented.SegmentedRaftLogWorker (SegmentedRaftLogWorker.java:close(228)) - 281e93f8-a9fe-4958-a33a-388335a7b504@group-F469D3B19BD4-SegmentedRaftLogWorker close()
2019-09-26 13:29:38,775 [ForkJoinPool.commonPool-worker-1] INFO  impl.RaftServerImpl (RaftServerImpl.java:lambda$shutdown$3(251)) - 281e93f8-a9fe-4958-a33a-388335a7b504@group-282F08F17C99: shutdown
2019-09-26 13:29:38,775 [ForkJoinPool.commonPool-worker-1] INFO  util.JmxRegister (JmxRegister.java:unregister(73)) - Successfully un-registered JMX Bean with object name Ratis:service=RaftServer,group=group-282F08F17C99,id=281e93f8-a9fe-4958-a33a-388335a7b504
2019-09-26 13:29:38,775 [ForkJoinPool.commonPool-worker-1] INFO  impl.RoleInfo (RoleInfo.java:shutdownLeaderState(104)) - 281e93f8-a9fe-4958-a33a-388335a7b504: shutdown LeaderState
2019-09-26 13:29:38,776 [ForkJoinPool.commonPool-worker-1] INFO  impl.PendingRequests (PendingRequests.java:sendNotLeaderResponses(202)) - 281e93f8-a9fe-4958-a33a-388335a7b504-PendingRequests: sendNotLeaderResponses
2019-09-26 13:29:38,779 [ForkJoinPool.commonPool-worker-1] INFO  impl.StateMachineUpdater (StateMachineUpdater.java:stopAndJoin(125)) - 281e93f8-a9fe-4958-a33a-388335a7b504@group-282F08F17C99-StateMachineUpdater: set stopIndex = 0
2019-09-26 13:29:38,805 [refreshUsed-/workdir/hadoop-ozone/ozonefs/target/test-dir/MiniOzoneClusterImpl-8b6a8972-8eda-4f33-b3cf-a560ba2c5b87/datanode-8/data/containers] WARN  fs.CachingGetSpaceUsed (CachingGetSpaceUsed.java:run(183)) - Thread Interrupted waiting to refresh disk information: sleep interrupted
2019-09-26 13:29:38,823 [main] INFO  utils.BackgroundService (BackgroundService.java:shutdown(148)) - Shutting down service BlockDeletingService
2019-09-26 13:29:38,831 [ForkJoinPool.commonPool-worker-1] INFO  impl.RaftServerImpl (ServerState.java:close(385)) - 281e93f8-a9fe-4958-a33a-388335a7b504@group-282F08F17C99: closes. applyIndex: 0
2019-09-26 13:29:38,831 [281e93f8-a9fe-4958-a33a-388335a7b504@group-282F08F17C99-SegmentedRaftLogWorker] INFO  segmented.SegmentedRaftLogWorker (SegmentedRaftLogWorker.java:run(313)) - 281e93f8-a9fe-4958-a33a-388335a7b504@group-282F08F17C99-SegmentedRaftLogWorker was interrupted, exiting. There are 0 tasks remaining in the queue.
2019-09-26 13:29:38,831 [ForkJoinPool.commonPool-worker-1] INFO  segmented.SegmentedRaftLogWorker (SegmentedRaftLogWorker.java:close(228)) - 281e93f8-a9fe-4958-a33a-388335a7b504@group-282F08F17C99-SegmentedRaftLogWorker close()
2019-09-26 13:29:38,832 [ForkJoinPool.commonPool-worker-1] INFO  impl.RaftServerImpl (RaftServerImpl.java:lambda$shutdown$3(251)) - 281e93f8-a9fe-4958-a33a-388335a7b504@group-E351CDDE0157: shutdown
2019-09-26 13:29:38,832 [ForkJoinPool.commonPool-worker-1] INFO  util.JmxRegister (JmxRegister.java:unregister(73)) - Successfully un-registered JMX Bean with object name Ratis:service=RaftServer,group=group-E351CDDE0157,id=281e93f8-a9fe-4958-a33a-388335a7b504
2019-09-26 13:29:38,832 [ForkJoinPool.commonPool-worker-1] INFO  impl.RoleInfo (RoleInfo.java:shutdownLeaderState(104)) - 281e93f8-a9fe-4958-a33a-388335a7b504: shutdown LeaderState
2019-09-26 13:29:38,832 [ForkJoinPool.commonPool-worker-1] INFO  impl.PendingRequests (PendingRequests.java:sendNotLeaderResponses(202)) - 281e93f8-a9fe-4958-a33a-388335a7b504-PendingRequests: sendNotLeaderResponses
2019-09-26 13:29:38,835 [ForkJoinPool.commonPool-worker-1] INFO  impl.StateMachineUpdater (StateMachineUpdater.java:stopAndJoin(125)) - 281e93f8-a9fe-4958-a33a-388335a7b504@group-E351CDDE0157-StateMachineUpdater: set stopIndex = 0
2019-09-26 13:29:38,859 [ForkJoinPool.commonPool-worker-1] INFO  impl.RaftServerImpl (ServerState.java:close(385)) - 281e93f8-a9fe-4958-a33a-388335a7b504@group-E351CDDE0157: closes. applyIndex: 0
2019-09-26 13:29:38,888 [281e93f8-a9fe-4958-a33a-388335a7b504@group-E351CDDE0157-SegmentedRaftLogWorker] INFO  segmented.SegmentedRaftLogWorker (SegmentedRaftLogWorker.java:run(313)) - 281e93f8-a9fe-4958-a33a-388335a7b504@group-E351CDDE0157-SegmentedRaftLogWorker was interrupted, exiting. There are 0 tasks remaining in the queue.
2019-09-26 13:29:38,888 [ForkJoinPool.commonPool-worker-1] INFO  segmented.SegmentedRaftLogWorker (SegmentedRaftLogWorker.java:close(228)) - 281e93f8-a9fe-4958-a33a-388335a7b504@group-E351CDDE0157-SegmentedRaftLogWorker close()
2019-09-26 13:29:38,888 [ForkJoinPool.commonPool-worker-1] INFO  impl.RaftServerImpl (RaftServerImpl.java:lambda$shutdown$3(251)) - 281e93f8-a9fe-4958-a33a-388335a7b504@group-0A9D05BCCAE3: shutdown
2019-09-26 13:29:38,889 [ForkJoinPool.commonPool-worker-1] INFO  util.JmxRegister (JmxRegister.java:unregister(73)) - Successfully un-registered JMX Bean with object name Ratis:service=RaftServer,group=group-0A9D05BCCAE3,id=281e93f8-a9fe-4958-a33a-388335a7b504
2019-09-26 13:29:38,889 [ForkJoinPool.commonPool-worker-1] INFO  impl.RoleInfo (RoleInfo.java:shutdownLeaderState(104)) - 281e93f8-a9fe-4958-a33a-388335a7b504: shutdown LeaderState
2019-09-26 13:29:38,889 [ForkJoinPool.commonPool-worker-1] INFO  impl.PendingRequests (PendingRequests.java:sendNotLeaderResponses(202)) - 281e93f8-a9fe-4958-a33a-388335a7b504-PendingRequests: sendNotLeaderResponses
2019-09-26 13:29:38,891 [ForkJoinPool.commonPool-worker-1] INFO  impl.StateMachineUpdater (StateMachineUpdater.java:stopAndJoin(125)) - 281e93f8-a9fe-4958-a33a-388335a7b504@group-0A9D05BCCAE3-StateMachineUpdater: set stopIndex = 0
2019-09-26 13:29:38,908 [main] INFO  statemachine.DatanodeStateMachine (DatanodeStateMachine.java:stopDaemon(395)) - Ozone container server stopped.
2019-09-26 13:29:38,908 [ForkJoinPool.commonPool-worker-1] INFO  impl.RaftServerImpl (ServerState.java:close(385)) - 281e93f8-a9fe-4958-a33a-388335a7b504@group-0A9D05BCCAE3: closes. applyIndex: 0
2019-09-26 13:29:38,909 [main] INFO  handler.ContextHandler (ContextHandler.java:doStop(910)) - Stopped o.e.j.w.WebAppContext@474821de{/,null,UNAVAILABLE}{/hddsDatanode}
2019-09-26 13:29:38,918 [281e93f8-a9fe-4958-a33a-388335a7b504@group-0A9D05BCCAE3-SegmentedRaftLogWorker] INFO  segmented.SegmentedRaftLogWorker (SegmentedRaftLogWorker.java:run(313)) - 281e93f8-a9fe-4958-a33a-388335a7b504@group-0A9D05BCCAE3-SegmentedRaftLogWorker was interrupted, exiting. There are 0 tasks remaining in the queue.
2019-09-26 13:29:38,931 [ForkJoinPool.commonPool-worker-1] INFO  segmented.SegmentedRaftLogWorker (SegmentedRaftLogWorker.java:close(228)) - 281e93f8-a9fe-4958-a33a-388335a7b504@group-0A9D05BCCAE3-SegmentedRaftLogWorker close()
2019-09-26 13:29:38,949 [main] INFO  server.AbstractConnector (AbstractConnector.java:doStop(318)) - Stopped ServerConnector@3d64c581{HTTP/1.1,[http/1.1]}{0.0.0.0:0}
2019-09-26 13:29:38,949 [ForkJoinPool.commonPool-worker-1] INFO  server.GrpcService (GrpcService.java:closeImpl(164)) - 281e93f8-a9fe-4958-a33a-388335a7b504: shutdown server with port 40240 now
2019-09-26 13:29:38,950 [main] INFO  handler.ContextHandler (ContextHandler.java:doStop(910)) - Stopped o.e.j.s.ServletContextHandler@427ae189{/static,jar:file:/home/user/.m2/repository/org/apache/hadoop/hadoop-hdds-container-service/0.5.0-SNAPSHOT/hadoop-hdds-container-service-0.5.0-SNAPSHOT.jar!/webapps/static,UNAVAILABLE}
2019-09-26 13:29:38,952 [ForkJoinPool.commonPool-worker-1] INFO  server.GrpcService (GrpcService.java:closeImpl(172)) - 281e93f8-a9fe-4958-a33a-388335a7b504: shutdown server with port 40240 successfully
2019-09-26 13:29:38,952 [main] INFO  handler.ContextHandler (ContextHandler.java:doStop(910)) - Stopped o.e.j.s.ServletContextHandler@4784efd9{/logs,file:///workdir/hadoop-ozone/ozonefs/target/log,UNAVAILABLE}
2019-09-26 13:29:38,953 [refreshUsed-/workdir/hadoop-ozone/ozonefs/target/test-dir/MiniOzoneClusterImpl-8b6a8972-8eda-4f33-b3cf-a560ba2c5b87/datanode-4/data/containers] WARN  fs.CachingGetSpaceUsed (CachingGetSpaceUsed.java:run(183)) - Thread Interrupted waiting to refresh disk information: sleep interrupted
2019-09-26 13:29:38,970 [ForkJoinPool.commonPool-worker-1] INFO  utils.BackgroundService (BackgroundService.java:shutdown(148)) - Shutting down service BlockDeletingService
2019-09-26 13:29:38,974 [ForkJoinPool.commonPool-worker-1] INFO  statemachine.DatanodeStateMachine (DatanodeStateMachine.java:stopDaemon(395)) - Ozone container server stopped.
2019-09-26 13:29:38,978 [ForkJoinPool.commonPool-worker-1] INFO  handler.ContextHandler (ContextHandler.java:doStop(910)) - Stopped o.e.j.w.WebAppContext@340a8894{/,null,UNAVAILABLE}{/hddsDatanode}
2019-09-26 13:29:38,979 [ForkJoinPool.commonPool-worker-1] INFO  server.AbstractConnector (AbstractConnector.java:doStop(318)) - Stopped ServerConnector@7a8b9166{HTTP/1.1,[http/1.1]}{0.0.0.0:0}
2019-09-26 13:29:38,980 [ForkJoinPool.commonPool-worker-1] INFO  handler.ContextHandler (ContextHandler.java:doStop(910)) - Stopped o.e.j.s.ServletContextHandler@6325f352{/static,jar:file:/home/user/.m2/repository/org/apache/hadoop/hadoop-hdds-container-service/0.5.0-SNAPSHOT/hadoop-hdds-container-service-0.5.0-SNAPSHOT.jar!/webapps/static,UNAVAILABLE}
2019-09-26 13:29:38,982 [ForkJoinPool.commonPool-worker-1] INFO  handler.ContextHandler (ContextHandler.java:doStop(910)) - Stopped o.e.j.s.ServletContextHandler@1b1c538d{/logs,file:///workdir/hadoop-ozone/ozonefs/target/log,UNAVAILABLE}
2019-09-26 13:29:39,227 [Datanode State Machine Thread - 0] INFO  statemachine.DatanodeStateMachine (DatanodeStateMachine.java:lambda$startDaemon$0(350)) - Ozone container server started.
2019-09-26 13:29:39,840 [Datanode State Machine Thread - 0] INFO  statemachine.DatanodeStateMachine (DatanodeStateMachine.java:lambda$startDaemon$0(350)) - Ozone container server started.
2019-09-26 13:29:43,954 [main] INFO  ozoneimpl.OzoneContainer (OzoneContainer.java:stop(231)) - Attempting to stop container services.
2019-09-26 13:29:43,955 [main] INFO  impl.RaftServerProxy (RaftServerProxy.java:lambda$close$4(314)) - ca8c9a5b-93b8-4627-a261-13e3335d5af1: close
2019-09-26 13:29:43,956 [main] INFO  impl.RaftServerImpl (RaftServerImpl.java:lambda$shutdown$3(251)) - ca8c9a5b-93b8-4627-a261-13e3335d5af1@group-68A16851D164: shutdown
2019-09-26 13:29:43,956 [main] INFO  util.JmxRegister (JmxRegister.java:unregister(73)) - Successfully un-registered JMX Bean with object name Ratis:service=RaftServer,group=group-68A16851D164,id=ca8c9a5b-93b8-4627-a261-13e3335d5af1
2019-09-26 13:29:43,956 [main] INFO  impl.RoleInfo (RoleInfo.java:shutdownLeaderState(104)) - ca8c9a5b-93b8-4627-a261-13e3335d5af1: shutdown LeaderState
2019-09-26 13:29:43,957 [main] INFO  impl.PendingRequests (PendingRequests.java:sendNotLeaderResponses(202)) - ca8c9a5b-93b8-4627-a261-13e3335d5af1-PendingRequests: sendNotLeaderResponses
2019-09-26 13:29:43,957 [main] INFO  impl.StateMachineUpdater (StateMachineUpdater.java:stopAndJoin(125)) - ca8c9a5b-93b8-4627-a261-13e3335d5af1@group-68A16851D164-StateMachineUpdater: set stopIndex = 0
2019-09-26 13:29:43,958 [main] INFO  impl.RaftServerImpl (ServerState.java:close(385)) - ca8c9a5b-93b8-4627-a261-13e3335d5af1@group-68A16851D164: closes. applyIndex: 0
2019-09-26 13:29:43,958 [ca8c9a5b-93b8-4627-a261-13e3335d5af1@group-68A16851D164-SegmentedRaftLogWorker] INFO  segmented.SegmentedRaftLogWorker (SegmentedRaftLogWorker.java:run(313)) - ca8c9a5b-93b8-4627-a261-13e3335d5af1@group-68A16851D164-SegmentedRaftLogWorker was interrupted, exiting. There are 0 tasks remaining in the queue.
2019-09-26 13:29:43,959 [main] INFO  segmented.SegmentedRaftLogWorker (SegmentedRaftLogWorker.java:close(228)) - ca8c9a5b-93b8-4627-a261-13e3335d5af1@group-68A16851D164-SegmentedRaftLogWorker close()
2019-09-26 13:29:43,959 [main] INFO  impl.RaftServerImpl (RaftServerImpl.java:lambda$shutdown$3(251)) - ca8c9a5b-93b8-4627-a261-13e3335d5af1@group-EC4C30F0DE53: shutdown
2019-09-26 13:29:43,959 [main] INFO  util.JmxRegister (JmxRegister.java:unregister(73)) - Successfully un-registered JMX Bean with object name Ratis:service=RaftServer,group=group-EC4C30F0DE53,id=ca8c9a5b-93b8-4627-a261-13e3335d5af1
2019-09-26 13:29:43,960 [main] INFO  impl.RoleInfo (RoleInfo.java:shutdownLeaderState(104)) - ca8c9a5b-93b8-4627-a261-13e3335d5af1: shutdown LeaderState
2019-09-26 13:29:43,960 [main] INFO  impl.PendingRequests (PendingRequests.java:sendNotLeaderResponses(202)) - ca8c9a5b-93b8-4627-a261-13e3335d5af1-PendingRequests: sendNotLeaderResponses
2019-09-26 13:29:43,960 [main] INFO  impl.StateMachineUpdater (StateMachineUpdater.java:stopAndJoin(125)) - ca8c9a5b-93b8-4627-a261-13e3335d5af1@group-EC4C30F0DE53-StateMachineUpdater: set stopIndex = 0
2019-09-26 13:29:43,961 [main] INFO  impl.RaftServerImpl (ServerState.java:close(385)) - ca8c9a5b-93b8-4627-a261-13e3335d5af1@group-EC4C30F0DE53: closes. applyIndex: 0
2019-09-26 13:29:43,961 [ca8c9a5b-93b8-4627-a261-13e3335d5af1@group-EC4C30F0DE53-SegmentedRaftLogWorker] INFO  segmented.SegmentedRaftLogWorker (SegmentedRaftLogWorker.java:run(313)) - ca8c9a5b-93b8-4627-a261-13e3335d5af1@group-EC4C30F0DE53-SegmentedRaftLogWorker was interrupted, exiting. There are 0 tasks remaining in the queue.
2019-09-26 13:29:43,961 [main] INFO  segmented.SegmentedRaftLogWorker (SegmentedRaftLogWorker.java:close(228)) - ca8c9a5b-93b8-4627-a261-13e3335d5af1@group-EC4C30F0DE53-SegmentedRaftLogWorker close()
2019-09-26 13:29:43,962 [main] INFO  impl.RaftServerImpl (RaftServerImpl.java:lambda$shutdown$3(251)) - ca8c9a5b-93b8-4627-a261-13e3335d5af1@group-914AADE6CDB9: shutdown
2019-09-26 13:29:43,962 [main] INFO  util.JmxRegister (JmxRegister.java:unregister(73)) - Successfully un-registered JMX Bean with object name Ratis:service=RaftServer,group=group-914AADE6CDB9,id=ca8c9a5b-93b8-4627-a261-13e3335d5af1
2019-09-26 13:29:43,962 [main] INFO  impl.RoleInfo (RoleInfo.java:shutdownLeaderState(104)) - ca8c9a5b-93b8-4627-a261-13e3335d5af1: shutdown LeaderState
2019-09-26 13:29:43,963 [main] INFO  impl.PendingRequests (PendingRequests.java:sendNotLeaderResponses(202)) - ca8c9a5b-93b8-4627-a261-13e3335d5af1-PendingRequests: sendNotLeaderResponses
2019-09-26 13:29:43,963 [main] INFO  impl.StateMachineUpdater (StateMachineUpdater.java:stopAndJoin(125)) - ca8c9a5b-93b8-4627-a261-13e3335d5af1@group-914AADE6CDB9-StateMachineUpdater: set stopIndex = 0
2019-09-26 13:29:43,964 [main] INFO  impl.RaftServerImpl (ServerState.java:close(385)) - ca8c9a5b-93b8-4627-a261-13e3335d5af1@group-914AADE6CDB9: closes. applyIndex: 0
2019-09-26 13:29:43,964 [ca8c9a5b-93b8-4627-a261-13e3335d5af1@group-914AADE6CDB9-SegmentedRaftLogWorker] INFO  segmented.SegmentedRaftLogWorker (SegmentedRaftLogWorker.java:run(313)) - ca8c9a5b-93b8-4627-a261-13e3335d5af1@group-914AADE6CDB9-SegmentedRaftLogWorker was interrupted, exiting. There are 0 tasks remaining in the queue.
2019-09-26 13:29:43,964 [main] INFO  segmented.SegmentedRaftLogWorker (SegmentedRaftLogWorker.java:close(228)) - ca8c9a5b-93b8-4627-a261-13e3335d5af1@group-914AADE6CDB9-SegmentedRaftLogWorker close()
2019-09-26 13:29:43,965 [main] INFO  impl.RaftServerImpl (RaftServerImpl.java:lambda$shutdown$3(251)) - ca8c9a5b-93b8-4627-a261-13e3335d5af1@group-6460213A71E8: shutdown
2019-09-26 13:29:43,965 [main] INFO  util.JmxRegister (JmxRegister.java:unregister(73)) - Successfully un-registered JMX Bean with object name Ratis:service=RaftServer,group=group-6460213A71E8,id=ca8c9a5b-93b8-4627-a261-13e3335d5af1
2019-09-26 13:29:43,965 [main] INFO  impl.RoleInfo (RoleInfo.java:shutdownLeaderState(104)) - ca8c9a5b-93b8-4627-a261-13e3335d5af1: shutdown LeaderState
2019-09-26 13:29:43,966 [main] INFO  impl.PendingRequests (PendingRequests.java:sendNotLeaderResponses(202)) - ca8c9a5b-93b8-4627-a261-13e3335d5af1-PendingRequests: sendNotLeaderResponses
2019-09-26 13:29:43,966 [main] INFO  impl.StateMachineUpdater (StateMachineUpdater.java:stopAndJoin(125)) - ca8c9a5b-93b8-4627-a261-13e3335d5af1@group-6460213A71E8-StateMachineUpdater: set stopIndex = 0
2019-09-26 13:29:43,966 [main] INFO  impl.RaftServerImpl (ServerState.java:close(385)) - ca8c9a5b-93b8-4627-a261-13e3335d5af1@group-6460213A71E8: closes. applyIndex: 0
2019-09-26 13:29:43,967 [ca8c9a5b-93b8-4627-a261-13e3335d5af1@group-6460213A71E8-SegmentedRaftLogWorker] INFO  segmented.SegmentedRaftLogWorker (SegmentedRaftLogWorker.java:run(313)) - ca8c9a5b-93b8-4627-a261-13e3335d5af1@group-6460213A71E8-SegmentedRaftLogWorker was interrupted, exiting. There are 0 tasks remaining in the queue.
2019-09-26 13:29:43,967 [main] INFO  segmented.SegmentedRaftLogWorker (SegmentedRaftLogWorker.java:close(228)) - ca8c9a5b-93b8-4627-a261-13e3335d5af1@group-6460213A71E8-SegmentedRaftLogWorker close()
2019-09-26 13:29:43,967 [main] INFO  impl.RaftServerImpl (RaftServerImpl.java:lambda$shutdown$3(251)) - ca8c9a5b-93b8-4627-a261-13e3335d5af1@group-A0217D980CA8: shutdown
2019-09-26 13:29:43,968 [main] INFO  util.JmxRegister (JmxRegister.java:unregister(73)) - Successfully un-registered JMX Bean with object name Ratis:service=RaftServer,group=group-A0217D980CA8,id=ca8c9a5b-93b8-4627-a261-13e3335d5af1
2019-09-26 13:29:43,968 [main] INFO  impl.RoleInfo (RoleInfo.java:shutdownLeaderState(104)) - ca8c9a5b-93b8-4627-a261-13e3335d5af1: shutdown LeaderState
2019-09-26 13:29:43,968 [main] INFO  impl.PendingRequests (PendingRequests.java:sendNotLeaderResponses(202)) - ca8c9a5b-93b8-4627-a261-13e3335d5af1-PendingRequests: sendNotLeaderResponses
2019-09-26 13:29:43,969 [main] INFO  impl.StateMachineUpdater (StateMachineUpdater.java:stopAndJoin(125)) - ca8c9a5b-93b8-4627-a261-13e3335d5af1@group-A0217D980CA8-StateMachineUpdater: set stopIndex = 0
2019-09-26 13:29:43,969 [main] INFO  impl.RaftServerImpl (ServerState.java:close(385)) - ca8c9a5b-93b8-4627-a261-13e3335d5af1@group-A0217D980CA8: closes. applyIndex: 0
2019-09-26 13:29:43,970 [ca8c9a5b-93b8-4627-a261-13e3335d5af1@group-A0217D980CA8-SegmentedRaftLogWorker] INFO  segmented.SegmentedRaftLogWorker (SegmentedRaftLogWorker.java:run(313)) - ca8c9a5b-93b8-4627-a261-13e3335d5af1@group-A0217D980CA8-SegmentedRaftLogWorker was interrupted, exiting. There are 0 tasks remaining in the queue.
2019-09-26 13:29:43,970 [main] INFO  segmented.SegmentedRaftLogWorker (SegmentedRaftLogWorker.java:close(228)) - ca8c9a5b-93b8-4627-a261-13e3335d5af1@group-A0217D980CA8-SegmentedRaftLogWorker close()
2019-09-26 13:29:43,970 [main] INFO  impl.RaftServerImpl (RaftServerImpl.java:lambda$shutdown$3(251)) - ca8c9a5b-93b8-4627-a261-13e3335d5af1@group-823B4A31449A: shutdown
2019-09-26 13:29:43,970 [main] INFO  util.JmxRegister (JmxRegister.java:unregister(73)) - Successfully un-registered JMX Bean with object name Ratis:service=RaftServer,group=group-823B4A31449A,id=ca8c9a5b-93b8-4627-a261-13e3335d5af1
2019-09-26 13:29:43,971 [main] INFO  impl.RoleInfo (RoleInfo.java:shutdownLeaderState(104)) - ca8c9a5b-93b8-4627-a261-13e3335d5af1: shutdown LeaderState
2019-09-26 13:29:43,971 [main] INFO  impl.PendingRequests (PendingRequests.java:sendNotLeaderResponses(202)) - ca8c9a5b-93b8-4627-a261-13e3335d5af1-PendingRequests: sendNotLeaderResponses
2019-09-26 13:29:43,971 [main] INFO  impl.StateMachineUpdater (StateMachineUpdater.java:stopAndJoin(125)) - ca8c9a5b-93b8-4627-a261-13e3335d5af1@group-823B4A31449A-StateMachineUpdater: set stopIndex = 0
2019-09-26 13:29:43,971 [main] INFO  impl.RaftServerImpl (ServerState.java:close(385)) - ca8c9a5b-93b8-4627-a261-13e3335d5af1@group-823B4A31449A: closes. applyIndex: 0
2019-09-26 13:29:43,972 [ca8c9a5b-93b8-4627-a261-13e3335d5af1@group-823B4A31449A-SegmentedRaftLogWorker] INFO  segmented.SegmentedRaftLogWorker (SegmentedRaftLogWorker.java:run(313)) - ca8c9a5b-93b8-4627-a261-13e3335d5af1@group-823B4A31449A-SegmentedRaftLogWorker was interrupted, exiting. There are 0 tasks remaining in the queue.
2019-09-26 13:29:43,972 [main] INFO  segmented.SegmentedRaftLogWorker (SegmentedRaftLogWorker.java:close(228)) - ca8c9a5b-93b8-4627-a261-13e3335d5af1@group-823B4A31449A-SegmentedRaftLogWorker close()
2019-09-26 13:29:43,973 [main] INFO  server.GrpcService (GrpcService.java:closeImpl(164)) - ca8c9a5b-93b8-4627-a261-13e3335d5af1: shutdown server with port 36992 now
2019-09-26 13:29:43,977 [main] INFO  server.GrpcService (GrpcService.java:closeImpl(172)) - ca8c9a5b-93b8-4627-a261-13e3335d5af1: shutdown server with port 36992 successfully
2019-09-26 13:29:43,980 [refreshUsed-/workdir/hadoop-ozone/ozonefs/target/test-dir/MiniOzoneClusterImpl-8b6a8972-8eda-4f33-b3cf-a560ba2c5b87/datanode-9/data/containers] WARN  fs.CachingGetSpaceUsed (CachingGetSpaceUsed.java:run(183)) - Thread Interrupted waiting to refresh disk information: sleep interrupted
2019-09-26 13:29:43,983 [ForkJoinPool.commonPool-worker-1] INFO  ozoneimpl.OzoneContainer (OzoneContainer.java:stop(231)) - Attempting to stop container services.
2019-09-26 13:29:43,984 [ForkJoinPool.commonPool-worker-1] INFO  impl.RaftServerProxy (RaftServerProxy.java:lambda$close$4(314)) - 2bceee89-654d-4083-a39a-484f868bd9b7: close
2019-09-26 13:29:43,984 [ForkJoinPool.commonPool-worker-1] INFO  impl.RaftServerImpl (RaftServerImpl.java:lambda$shutdown$3(251)) - 2bceee89-654d-4083-a39a-484f868bd9b7@group-CF33BE34F437: shutdown
2019-09-26 13:29:43,984 [ForkJoinPool.commonPool-worker-1] INFO  util.JmxRegister (JmxRegister.java:unregister(73)) - Successfully un-registered JMX Bean with object name Ratis:service=RaftServer,group=group-CF33BE34F437,id=2bceee89-654d-4083-a39a-484f868bd9b7
2019-09-26 13:29:43,984 [ForkJoinPool.commonPool-worker-1] INFO  impl.RoleInfo (RoleInfo.java:shutdownLeaderState(104)) - 2bceee89-654d-4083-a39a-484f868bd9b7: shutdown LeaderState
2019-09-26 13:29:43,985 [ForkJoinPool.commonPool-worker-1] INFO  impl.PendingRequests (PendingRequests.java:sendNotLeaderResponses(202)) - 2bceee89-654d-4083-a39a-484f868bd9b7-PendingRequests: sendNotLeaderResponses
2019-09-26 13:29:43,985 [ForkJoinPool.commonPool-worker-1] INFO  impl.StateMachineUpdater (StateMachineUpdater.java:stopAndJoin(125)) - 2bceee89-654d-4083-a39a-484f868bd9b7@group-CF33BE34F437-StateMachineUpdater: set stopIndex = 0
2019-09-26 13:29:43,985 [ForkJoinPool.commonPool-worker-1] INFO  impl.RaftServerImpl (ServerState.java:close(385)) - 2bceee89-654d-4083-a39a-484f868bd9b7@group-CF33BE34F437: closes. applyIndex: 0
2019-09-26 13:29:43,985 [2bceee89-654d-4083-a39a-484f868bd9b7@group-CF33BE34F437-SegmentedRaftLogWorker] INFO  segmented.SegmentedRaftLogWorker (SegmentedRaftLogWorker.java:run(313)) - 2bceee89-654d-4083-a39a-484f868bd9b7@group-CF33BE34F437-SegmentedRaftLogWorker was interrupted, exiting. There are 0 tasks remaining in the queue.
2019-09-26 13:29:43,986 [ForkJoinPool.commonPool-worker-1] INFO  segmented.SegmentedRaftLogWorker (SegmentedRaftLogWorker.java:close(228)) - 2bceee89-654d-4083-a39a-484f868bd9b7@group-CF33BE34F437-SegmentedRaftLogWorker close()
2019-09-26 13:29:43,986 [ForkJoinPool.commonPool-worker-1] INFO  impl.RaftServerImpl (RaftServerImpl.java:lambda$shutdown$3(251)) - 2bceee89-654d-4083-a39a-484f868bd9b7@group-50AC4509AA27: shutdown
2019-09-26 13:29:43,986 [ForkJoinPool.commonPool-worker-1] INFO  util.JmxRegister (JmxRegister.java:unregister(73)) - Successfully un-registered JMX Bean with object name Ratis:service=RaftServer,group=group-50AC4509AA27,id=2bceee89-654d-4083-a39a-484f868bd9b7
2019-09-26 13:29:43,986 [ForkJoinPool.commonPool-worker-1] INFO  impl.RoleInfo (RoleInfo.java:shutdownLeaderState(104)) - 2bceee89-654d-4083-a39a-484f868bd9b7: shutdown LeaderState
2019-09-26 13:29:43,987 [ForkJoinPool.commonPool-worker-1] INFO  impl.PendingRequests (PendingRequests.java:sendNotLeaderResponses(202)) - 2bceee89-654d-4083-a39a-484f868bd9b7-PendingRequests: sendNotLeaderResponses
2019-09-26 13:29:43,987 [ForkJoinPool.commonPool-worker-1] INFO  impl.StateMachineUpdater (StateMachineUpdater.java:stopAndJoin(125)) - 2bceee89-654d-4083-a39a-484f868bd9b7@group-50AC4509AA27-StateMachineUpdater: set stopIndex = 0
2019-09-26 13:29:43,987 [ForkJoinPool.commonPool-worker-1] INFO  impl.RaftServerImpl (ServerState.java:close(385)) - 2bceee89-654d-4083-a39a-484f868bd9b7@group-50AC4509AA27: closes. applyIndex: 0
2019-09-26 13:29:43,988 [2bceee89-654d-4083-a39a-484f868bd9b7@group-50AC4509AA27-SegmentedRaftLogWorker] INFO  segmented.SegmentedRaftLogWorker (SegmentedRaftLogWorker.java:run(313)) - 2bceee89-654d-4083-a39a-484f868bd9b7@group-50AC4509AA27-SegmentedRaftLogWorker was interrupted, exiting. There are 0 tasks remaining in the queue.
2019-09-26 13:29:43,988 [ForkJoinPool.commonPool-worker-1] INFO  segmented.SegmentedRaftLogWorker (SegmentedRaftLogWorker.java:close(228)) - 2bceee89-654d-4083-a39a-484f868bd9b7@group-50AC4509AA27-SegmentedRaftLogWorker close()
2019-09-26 13:29:43,988 [ForkJoinPool.commonPool-worker-1] INFO  impl.RaftServerImpl (RaftServerImpl.java:lambda$shutdown$3(251)) - 2bceee89-654d-4083-a39a-484f868bd9b7@group-2893004ECC04: shutdown
2019-09-26 13:29:43,988 [ForkJoinPool.commonPool-worker-1] INFO  util.JmxRegister (JmxRegister.java:unregister(73)) - Successfully un-registered JMX Bean with object name Ratis:service=RaftServer,group=group-2893004ECC04,id=2bceee89-654d-4083-a39a-484f868bd9b7
2019-09-26 13:29:43,988 [ForkJoinPool.commonPool-worker-1] INFO  impl.RoleInfo (RoleInfo.java:shutdownLeaderState(104)) - 2bceee89-654d-4083-a39a-484f868bd9b7: shutdown LeaderState
2019-09-26 13:29:43,989 [ForkJoinPool.commonPool-worker-1] INFO  impl.PendingRequests (PendingRequests.java:sendNotLeaderResponses(202)) - 2bceee89-654d-4083-a39a-484f868bd9b7-PendingRequests: sendNotLeaderResponses
2019-09-26 13:29:43,989 [ForkJoinPool.commonPool-worker-1] INFO  impl.StateMachineUpdater (StateMachineUpdater.java:stopAndJoin(125)) - 2bceee89-654d-4083-a39a-484f868bd9b7@group-2893004ECC04-StateMachineUpdater: set stopIndex = 0
2019-09-26 13:29:43,989 [ForkJoinPool.commonPool-worker-1] INFO  impl.RaftServerImpl (ServerState.java:close(385)) - 2bceee89-654d-4083-a39a-484f868bd9b7@group-2893004ECC04: closes. applyIndex: 0
2019-09-26 13:29:43,990 [2bceee89-654d-4083-a39a-484f868bd9b7@group-2893004ECC04-SegmentedRaftLogWorker] INFO  segmented.SegmentedRaftLogWorker (SegmentedRaftLogWorker.java:run(313)) - 2bceee89-654d-4083-a39a-484f868bd9b7@group-2893004ECC04-SegmentedRaftLogWorker was interrupted, exiting. There are 0 tasks remaining in the queue.
2019-09-26 13:29:43,990 [ForkJoinPool.commonPool-worker-1] INFO  segmented.SegmentedRaftLogWorker (SegmentedRaftLogWorker.java:close(228)) - 2bceee89-654d-4083-a39a-484f868bd9b7@group-2893004ECC04-SegmentedRaftLogWorker close()
2019-09-26 13:29:43,990 [ForkJoinPool.commonPool-worker-1] INFO  impl.RaftServerImpl (RaftServerImpl.java:lambda$shutdown$3(251)) - 2bceee89-654d-4083-a39a-484f868bd9b7@group-619B1F19AB24: shutdown
2019-09-26 13:29:43,990 [ForkJoinPool.commonPool-worker-1] INFO  util.JmxRegister (JmxRegister.java:unregister(73)) - Successfully un-registered JMX Bean with object name Ratis:service=RaftServer,group=group-619B1F19AB24,id=2bceee89-654d-4083-a39a-484f868bd9b7
2019-09-26 13:29:43,991 [ForkJoinPool.commonPool-worker-1] INFO  impl.RoleInfo (RoleInfo.java:shutdownLeaderState(104)) - 2bceee89-654d-4083-a39a-484f868bd9b7: shutdown LeaderState
2019-09-26 13:29:43,991 [ForkJoinPool.commonPool-worker-1] INFO  impl.PendingRequests (PendingRequests.java:sendNotLeaderResponses(202)) - 2bceee89-654d-4083-a39a-484f868bd9b7-PendingRequests: sendNotLeaderResponses
2019-09-26 13:29:43,991 [ForkJoinPool.commonPool-worker-1] INFO  impl.StateMachineUpdater (StateMachineUpdater.java:stopAndJoin(125)) - 2bceee89-654d-4083-a39a-484f868bd9b7@group-619B1F19AB24-StateMachineUpdater: set stopIndex = 0
2019-09-26 13:29:43,991 [ForkJoinPool.commonPool-worker-1] INFO  impl.RaftServerImpl (ServerState.java:close(385)) - 2bceee89-654d-4083-a39a-484f868bd9b7@group-619B1F19AB24: closes. applyIndex: 0
2019-09-26 13:29:43,992 [2bceee89-654d-4083-a39a-484f868bd9b7@group-619B1F19AB24-SegmentedRaftLogWorker] INFO  segmented.SegmentedRaftLogWorker (SegmentedRaftLogWorker.java:run(313)) - 2bceee89-654d-4083-a39a-484f868bd9b7@group-619B1F19AB24-SegmentedRaftLogWorker was interrupted, exiting. There are 0 tasks remaining in the queue.
2019-09-26 13:29:43,992 [ForkJoinPool.commonPool-worker-1] INFO  segmented.SegmentedRaftLogWorker (SegmentedRaftLogWorker.java:close(228)) - 2bceee89-654d-4083-a39a-484f868bd9b7@group-619B1F19AB24-SegmentedRaftLogWorker close()
2019-09-26 13:29:43,992 [ForkJoinPool.commonPool-worker-1] INFO  impl.RaftServerImpl (RaftServerImpl.java:lambda$shutdown$3(251)) - 2bceee89-654d-4083-a39a-484f868bd9b7@group-E8189D1321A1: shutdown
2019-09-26 13:29:43,992 [ForkJoinPool.commonPool-worker-1] INFO  util.JmxRegister (JmxRegister.java:unregister(73)) - Successfully un-registered JMX Bean with object name Ratis:service=RaftServer,group=group-E8189D1321A1,id=2bceee89-654d-4083-a39a-484f868bd9b7
2019-09-26 13:29:43,993 [ForkJoinPool.commonPool-worker-1] INFO  impl.RoleInfo (RoleInfo.java:shutdownLeaderState(104)) - 2bceee89-654d-4083-a39a-484f868bd9b7: shutdown LeaderState
2019-09-26 13:29:43,993 [ForkJoinPool.commonPool-worker-1] INFO  impl.PendingRequests (PendingRequests.java:sendNotLeaderResponses(202)) - 2bceee89-654d-4083-a39a-484f868bd9b7-PendingRequests: sendNotLeaderResponses
2019-09-26 13:29:43,993 [ForkJoinPool.commonPool-worker-1] INFO  impl.StateMachineUpdater (StateMachineUpdater.java:stopAndJoin(125)) - 2bceee89-654d-4083-a39a-484f868bd9b7@group-E8189D1321A1-StateMachineUpdater: set stopIndex = 0
2019-09-26 13:29:43,993 [ForkJoinPool.commonPool-worker-1] INFO  impl.RaftServerImpl (ServerState.java:close(385)) - 2bceee89-654d-4083-a39a-484f868bd9b7@group-E8189D1321A1: closes. applyIndex: 0
2019-09-26 13:29:43,994 [2bceee89-654d-4083-a39a-484f868bd9b7@group-E8189D1321A1-SegmentedRaftLogWorker] INFO  segmented.SegmentedRaftLogWorker (SegmentedRaftLogWorker.java:run(313)) - 2bceee89-654d-4083-a39a-484f868bd9b7@group-E8189D1321A1-SegmentedRaftLogWorker was interrupted, exiting. There are 0 tasks remaining in the queue.
2019-09-26 13:29:43,994 [ForkJoinPool.commonPool-worker-1] INFO  segmented.SegmentedRaftLogWorker (SegmentedRaftLogWorker.java:close(228)) - 2bceee89-654d-4083-a39a-484f868bd9b7@group-E8189D1321A1-SegmentedRaftLogWorker close()
2019-09-26 13:29:43,994 [ForkJoinPool.commonPool-worker-1] INFO  impl.RaftServerImpl (RaftServerImpl.java:lambda$shutdown$3(251)) - 2bceee89-654d-4083-a39a-484f868bd9b7@group-C9C91C20FA01: shutdown
2019-09-26 13:29:43,994 [ForkJoinPool.commonPool-worker-1] INFO  util.JmxRegister (JmxRegister.java:unregister(73)) - Successfully un-registered JMX Bean with object name Ratis:service=RaftServer,group=group-C9C91C20FA01,id=2bceee89-654d-4083-a39a-484f868bd9b7
2019-09-26 13:29:43,995 [ForkJoinPool.commonPool-worker-1] INFO  impl.RoleInfo (RoleInfo.java:shutdownLeaderState(104)) - 2bceee89-654d-4083-a39a-484f868bd9b7: shutdown LeaderState
2019-09-26 13:29:43,995 [ForkJoinPool.commonPool-worker-1] INFO  impl.PendingRequests (PendingRequests.java:sendNotLeaderResponses(202)) - 2bceee89-654d-4083-a39a-484f868bd9b7-PendingRequests: sendNotLeaderResponses
2019-09-26 13:29:43,995 [ForkJoinPool.commonPool-worker-1] INFO  impl.StateMachineUpdater (StateMachineUpdater.java:stopAndJoin(125)) - 2bceee89-654d-4083-a39a-484f868bd9b7@group-C9C91C20FA01-StateMachineUpdater: set stopIndex = 0
2019-09-26 13:29:43,995 [ForkJoinPool.commonPool-worker-1] INFO  impl.RaftServerImpl (ServerState.java:close(385)) - 2bceee89-654d-4083-a39a-484f868bd9b7@group-C9C91C20FA01: closes. applyIndex: 0
2019-09-26 13:29:43,996 [2bceee89-654d-4083-a39a-484f868bd9b7@group-C9C91C20FA01-SegmentedRaftLogWorker] INFO  segmented.SegmentedRaftLogWorker (SegmentedRaftLogWorker.java:run(313)) - 2bceee89-654d-4083-a39a-484f868bd9b7@group-C9C91C20FA01-SegmentedRaftLogWorker was interrupted, exiting. There are 0 tasks remaining in the queue.
2019-09-26 13:29:43,996 [ForkJoinPool.commonPool-worker-1] INFO  segmented.SegmentedRaftLogWorker (SegmentedRaftLogWorker.java:close(228)) - 2bceee89-654d-4083-a39a-484f868bd9b7@group-C9C91C20FA01-SegmentedRaftLogWorker close()
2019-09-26 13:29:43,996 [ForkJoinPool.commonPool-worker-1] INFO  server.GrpcService (GrpcService.java:closeImpl(164)) - 2bceee89-654d-4083-a39a-484f868bd9b7: shutdown server with port 38284 now
2019-09-26 13:29:43,999 [ForkJoinPool.commonPool-worker-1] INFO  server.GrpcService (GrpcService.java:closeImpl(172)) - 2bceee89-654d-4083-a39a-484f868bd9b7: shutdown server with port 38284 successfully
2019-09-26 13:29:43,999 [main] INFO  utils.BackgroundService (BackgroundService.java:shutdown(148)) - Shutting down service BlockDeletingService
2019-09-26 13:29:44,004 [main] INFO  statemachine.DatanodeStateMachine (DatanodeStateMachine.java:stopDaemon(395)) - Ozone container server stopped.
2019-09-26 13:29:44,004 [refreshUsed-/workdir/hadoop-ozone/ozonefs/target/test-dir/MiniOzoneClusterImpl-8b6a8972-8eda-4f33-b3cf-a560ba2c5b87/datanode-0/data/containers] WARN  fs.CachingGetSpaceUsed (CachingGetSpaceUsed.java:run(183)) - Thread Interrupted waiting to refresh disk information: sleep interrupted
2019-09-26 13:29:44,006 [main] INFO  handler.ContextHandler (ContextHandler.java:doStop(910)) - Stopped o.e.j.w.WebAppContext@6242ae3b{/,null,UNAVAILABLE}{/hddsDatanode}
2019-09-26 13:29:44,006 [main] INFO  server.AbstractConnector (AbstractConnector.java:doStop(318)) - Stopped ServerConnector@65ddee5a{HTTP/1.1,[http/1.1]}{0.0.0.0:0}
2019-09-26 13:29:44,007 [main] INFO  handler.ContextHandler (ContextHandler.java:doStop(910)) - Stopped o.e.j.s.ServletContextHandler@2e5b7fba{/static,jar:file:/home/user/.m2/repository/org/apache/hadoop/hadoop-hdds-container-service/0.5.0-SNAPSHOT/hadoop-hdds-container-service-0.5.0-SNAPSHOT.jar!/webapps/static,UNAVAILABLE}
2019-09-26 13:29:44,007 [main] INFO  handler.ContextHandler (ContextHandler.java:doStop(910)) - Stopped o.e.j.s.ServletContextHandler@41853299{/logs,file:///workdir/hadoop-ozone/ozonefs/target/log,UNAVAILABLE}
2019-09-26 13:29:44,021 [ForkJoinPool.commonPool-worker-1] INFO  utils.BackgroundService (BackgroundService.java:shutdown(148)) - Shutting down service BlockDeletingService
2019-09-26 13:29:44,026 [ForkJoinPool.commonPool-worker-1] INFO  statemachine.DatanodeStateMachine (DatanodeStateMachine.java:stopDaemon(395)) - Ozone container server stopped.
2019-09-26 13:29:44,031 [ForkJoinPool.commonPool-worker-1] INFO  handler.ContextHandler (ContextHandler.java:doStop(910)) - Stopped o.e.j.w.WebAppContext@5e7c141d{/,null,UNAVAILABLE}{/hddsDatanode}
2019-09-26 13:29:44,031 [ForkJoinPool.commonPool-worker-1] INFO  server.AbstractConnector (AbstractConnector.java:doStop(318)) - Stopped ServerConnector@43af351a{HTTP/1.1,[http/1.1]}{0.0.0.0:0}
2019-09-26 13:29:44,033 [ForkJoinPool.commonPool-worker-1] INFO  handler.ContextHandler (ContextHandler.java:doStop(910)) - Stopped o.e.j.s.ServletContextHandler@53f4c1e6{/static,jar:file:/home/user/.m2/repository/org/apache/hadoop/hadoop-hdds-container-service/0.5.0-SNAPSHOT/hadoop-hdds-container-service-0.5.0-SNAPSHOT.jar!/webapps/static,UNAVAILABLE}
2019-09-26 13:29:44,034 [ForkJoinPool.commonPool-worker-1] INFO  handler.ContextHandler (ContextHandler.java:doStop(910)) - Stopped o.e.j.s.ServletContextHandler@1981d861{/logs,file:///workdir/hadoop-ozone/ozonefs/target/log,UNAVAILABLE}
2019-09-26 13:29:44,187 [Datanode State Machine Thread - 0] INFO  statemachine.DatanodeStateMachine (DatanodeStateMachine.java:lambda$startDaemon$0(350)) - Ozone container server started.
2019-09-26 13:29:44,840 [Datanode State Machine Thread - 0] INFO  statemachine.DatanodeStateMachine (DatanodeStateMachine.java:lambda$startDaemon$0(350)) - Ozone container server started.
2019-09-26 13:29:49,010 [main] INFO  ozoneimpl.OzoneContainer (OzoneContainer.java:stop(231)) - Attempting to stop container services.
2019-09-26 13:29:49,011 [main] INFO  impl.RaftServerProxy (RaftServerProxy.java:lambda$close$4(314)) - 8cfabaed-6bfa-4340-a894-a45e2e16f787: close
2019-09-26 13:29:49,011 [main] INFO  impl.RaftServerImpl (RaftServerImpl.java:lambda$shutdown$3(251)) - 8cfabaed-6bfa-4340-a894-a45e2e16f787@group-E4C2271F0460: shutdown
2019-09-26 13:29:49,012 [main] INFO  util.JmxRegister (JmxRegister.java:unregister(73)) - Successfully un-registered JMX Bean with object name Ratis:service=RaftServer,group=group-E4C2271F0460,id=8cfabaed-6bfa-4340-a894-a45e2e16f787
2019-09-26 13:29:49,012 [main] INFO  impl.RoleInfo (RoleInfo.java:shutdownLeaderState(104)) - 8cfabaed-6bfa-4340-a894-a45e2e16f787: shutdown LeaderState
2019-09-26 13:29:49,013 [main] INFO  impl.PendingRequests (PendingRequests.java:sendNotLeaderResponses(202)) - 8cfabaed-6bfa-4340-a894-a45e2e16f787-PendingRequests: sendNotLeaderResponses
2019-09-26 13:29:49,013 [main] INFO  impl.StateMachineUpdater (StateMachineUpdater.java:stopAndJoin(125)) - 8cfabaed-6bfa-4340-a894-a45e2e16f787@group-E4C2271F0460-StateMachineUpdater: set stopIndex = 0
2019-09-26 13:29:49,014 [main] INFO  impl.RaftServerImpl (ServerState.java:close(385)) - 8cfabaed-6bfa-4340-a894-a45e2e16f787@group-E4C2271F0460: closes. applyIndex: 0
2019-09-26 13:29:49,015 [8cfabaed-6bfa-4340-a894-a45e2e16f787@group-E4C2271F0460-SegmentedRaftLogWorker] INFO  segmented.SegmentedRaftLogWorker (SegmentedRaftLogWorker.java:run(313)) - 8cfabaed-6bfa-4340-a894-a45e2e16f787@group-E4C2271F0460-SegmentedRaftLogWorker was interrupted, exiting. There are 0 tasks remaining in the queue.
2019-09-26 13:29:49,015 [main] INFO  segmented.SegmentedRaftLogWorker (SegmentedRaftLogWorker.java:close(228)) - 8cfabaed-6bfa-4340-a894-a45e2e16f787@group-E4C2271F0460-SegmentedRaftLogWorker close()
2019-09-26 13:29:49,015 [main] INFO  impl.RaftServerImpl (RaftServerImpl.java:lambda$shutdown$3(251)) - 8cfabaed-6bfa-4340-a894-a45e2e16f787@group-93EEFE83A09E: shutdown
2019-09-26 13:29:49,016 [main] INFO  util.JmxRegister (JmxRegister.java:unregister(73)) - Successfully un-registered JMX Bean with object name Ratis:service=RaftServer,group=group-93EEFE83A09E,id=8cfabaed-6bfa-4340-a894-a45e2e16f787
2019-09-26 13:29:49,016 [main] INFO  impl.RoleInfo (RoleInfo.java:shutdownLeaderState(104)) - 8cfabaed-6bfa-4340-a894-a45e2e16f787: shutdown LeaderState
2019-09-26 13:29:49,017 [main] INFO  impl.PendingRequests (PendingRequests.java:sendNotLeaderResponses(202)) - 8cfabaed-6bfa-4340-a894-a45e2e16f787-PendingRequests: sendNotLeaderResponses
2019-09-26 13:29:49,017 [main] INFO  impl.StateMachineUpdater (StateMachineUpdater.java:stopAndJoin(125)) - 8cfabaed-6bfa-4340-a894-a45e2e16f787@group-93EEFE83A09E-StateMachineUpdater: set stopIndex = 0
2019-09-26 13:29:49,017 [main] INFO  impl.RaftServerImpl (ServerState.java:close(385)) - 8cfabaed-6bfa-4340-a894-a45e2e16f787@group-93EEFE83A09E: closes. applyIndex: 0
2019-09-26 13:29:49,018 [8cfabaed-6bfa-4340-a894-a45e2e16f787@group-93EEFE83A09E-SegmentedRaftLogWorker] INFO  segmented.SegmentedRaftLogWorker (SegmentedRaftLogWorker.java:run(313)) - 8cfabaed-6bfa-4340-a894-a45e2e16f787@group-93EEFE83A09E-SegmentedRaftLogWorker was interrupted, exiting. There are 0 tasks remaining in the queue.
2019-09-26 13:29:49,018 [main] INFO  segmented.SegmentedRaftLogWorker (SegmentedRaftLogWorker.java:close(228)) - 8cfabaed-6bfa-4340-a894-a45e2e16f787@group-93EEFE83A09E-SegmentedRaftLogWorker close()
2019-09-26 13:29:49,019 [main] INFO  impl.RaftServerImpl (RaftServerImpl.java:lambda$shutdown$3(251)) - 8cfabaed-6bfa-4340-a894-a45e2e16f787@group-EB765BD4DA04: shutdown
2019-09-26 13:29:49,019 [main] INFO  util.JmxRegister (JmxRegister.java:unregister(73)) - Successfully un-registered JMX Bean with object name Ratis:service=RaftServer,group=group-EB765BD4DA04,id=8cfabaed-6bfa-4340-a894-a45e2e16f787
2019-09-26 13:29:49,019 [main] INFO  impl.RoleInfo (RoleInfo.java:shutdownLeaderState(104)) - 8cfabaed-6bfa-4340-a894-a45e2e16f787: shutdown LeaderState
2019-09-26 13:29:49,020 [main] INFO  impl.PendingRequests (PendingRequests.java:sendNotLeaderResponses(202)) - 8cfabaed-6bfa-4340-a894-a45e2e16f787-PendingRequests: sendNotLeaderResponses
2019-09-26 13:29:49,020 [main] INFO  impl.StateMachineUpdater (StateMachineUpdater.java:stopAndJoin(125)) - 8cfabaed-6bfa-4340-a894-a45e2e16f787@group-EB765BD4DA04-StateMachineUpdater: set stopIndex = 0
2019-09-26 13:29:49,020 [main] INFO  impl.RaftServerImpl (ServerState.java:close(385)) - 8cfabaed-6bfa-4340-a894-a45e2e16f787@group-EB765BD4DA04: closes. applyIndex: 0
2019-09-26 13:29:49,021 [8cfabaed-6bfa-4340-a894-a45e2e16f787@group-EB765BD4DA04-SegmentedRaftLogWorker] INFO  segmented.SegmentedRaftLogWorker (SegmentedRaftLogWorker.java:run(313)) - 8cfabaed-6bfa-4340-a894-a45e2e16f787@group-EB765BD4DA04-SegmentedRaftLogWorker was interrupted, exiting. There are 0 tasks remaining in the queue.
2019-09-26 13:29:49,022 [main] INFO  segmented.SegmentedRaftLogWorker (SegmentedRaftLogWorker.java:close(228)) - 8cfabaed-6bfa-4340-a894-a45e2e16f787@group-EB765BD4DA04-SegmentedRaftLogWorker close()
2019-09-26 13:29:49,022 [main] INFO  impl.RaftServerImpl (RaftServerImpl.java:lambda$shutdown$3(251)) - 8cfabaed-6bfa-4340-a894-a45e2e16f787@group-E41A89FA8E46: shutdown
2019-09-26 13:29:49,022 [main] INFO  util.JmxRegister (JmxRegister.java:unregister(73)) - Successfully un-registered JMX Bean with object name Ratis:service=RaftServer,group=group-E41A89FA8E46,id=8cfabaed-6bfa-4340-a894-a45e2e16f787
2019-09-26 13:29:49,023 [main] INFO  impl.RoleInfo (RoleInfo.java:shutdownLeaderState(104)) - 8cfabaed-6bfa-4340-a894-a45e2e16f787: shutdown LeaderState
2019-09-26 13:29:49,023 [main] INFO  impl.PendingRequests (PendingRequests.java:sendNotLeaderResponses(202)) - 8cfabaed-6bfa-4340-a894-a45e2e16f787-PendingRequests: sendNotLeaderResponses
2019-09-26 13:29:49,023 [main] INFO  impl.StateMachineUpdater (StateMachineUpdater.java:stopAndJoin(125)) - 8cfabaed-6bfa-4340-a894-a45e2e16f787@group-E41A89FA8E46-StateMachineUpdater: set stopIndex = 0
2019-09-26 13:29:49,024 [main] INFO  impl.RaftServerImpl (ServerState.java:close(385)) - 8cfabaed-6bfa-4340-a894-a45e2e16f787@group-E41A89FA8E46: closes. applyIndex: 0
2019-09-26 13:29:49,025 [8cfabaed-6bfa-4340-a894-a45e2e16f787@group-E41A89FA8E46-SegmentedRaftLogWorker] INFO  segmented.SegmentedRaftLogWorker (SegmentedRaftLogWorker.java:run(313)) - 8cfabaed-6bfa-4340-a894-a45e2e16f787@group-E41A89FA8E46-SegmentedRaftLogWorker was interrupted, exiting. There are 0 tasks remaining in the queue.
2019-09-26 13:29:49,025 [main] INFO  segmented.SegmentedRaftLogWorker (SegmentedRaftLogWorker.java:close(228)) - 8cfabaed-6bfa-4340-a894-a45e2e16f787@group-E41A89FA8E46-SegmentedRaftLogWorker close()
2019-09-26 13:29:49,025 [main] INFO  impl.RaftServerImpl (RaftServerImpl.java:lambda$shutdown$3(251)) - 8cfabaed-6bfa-4340-a894-a45e2e16f787@group-E93721A16969: shutdown
2019-09-26 13:29:49,026 [main] INFO  util.JmxRegister (JmxRegister.java:unregister(73)) - Successfully un-registered JMX Bean with object name Ratis:service=RaftServer,group=group-E93721A16969,id=8cfabaed-6bfa-4340-a894-a45e2e16f787
2019-09-26 13:29:49,026 [main] INFO  impl.RoleInfo (RoleInfo.java:shutdownLeaderState(104)) - 8cfabaed-6bfa-4340-a894-a45e2e16f787: shutdown LeaderState
2019-09-26 13:29:49,026 [main] INFO  impl.PendingRequests (PendingRequests.java:sendNotLeaderResponses(202)) - 8cfabaed-6bfa-4340-a894-a45e2e16f787-PendingRequests: sendNotLeaderResponses
2019-09-26 13:29:49,027 [main] INFO  impl.StateMachineUpdater (StateMachineUpdater.java:stopAndJoin(125)) - 8cfabaed-6bfa-4340-a894-a45e2e16f787@group-E93721A16969-StateMachineUpdater: set stopIndex = 0
2019-09-26 13:29:49,027 [main] INFO  impl.RaftServerImpl (ServerState.java:close(385)) - 8cfabaed-6bfa-4340-a894-a45e2e16f787@group-E93721A16969: closes. applyIndex: 0
2019-09-26 13:29:49,028 [8cfabaed-6bfa-4340-a894-a45e2e16f787@group-E93721A16969-SegmentedRaftLogWorker] INFO  segmented.SegmentedRaftLogWorker (SegmentedRaftLogWorker.java:run(313)) - 8cfabaed-6bfa-4340-a894-a45e2e16f787@group-E93721A16969-SegmentedRaftLogWorker was interrupted, exiting. There are 0 tasks remaining in the queue.
2019-09-26 13:29:49,028 [main] INFO  segmented.SegmentedRaftLogWorker (SegmentedRaftLogWorker.java:close(228)) - 8cfabaed-6bfa-4340-a894-a45e2e16f787@group-E93721A16969-SegmentedRaftLogWorker close()
2019-09-26 13:29:49,028 [main] INFO  impl.RaftServerImpl (RaftServerImpl.java:lambda$shutdown$3(251)) - 8cfabaed-6bfa-4340-a894-a45e2e16f787@group-B1DA904DD7C3: shutdown
2019-09-26 13:29:49,028 [main] INFO  util.JmxRegister (JmxRegister.java:unregister(73)) - Successfully un-registered JMX Bean with object name Ratis:service=RaftServer,group=group-B1DA904DD7C3,id=8cfabaed-6bfa-4340-a894-a45e2e16f787
2019-09-26 13:29:49,029 [main] INFO  impl.RoleInfo (RoleInfo.java:shutdownLeaderState(104)) - 8cfabaed-6bfa-4340-a894-a45e2e16f787: shutdown LeaderState
2019-09-26 13:29:49,029 [main] INFO  impl.PendingRequests (PendingRequests.java:sendNotLeaderResponses(202)) - 8cfabaed-6bfa-4340-a894-a45e2e16f787-PendingRequests: sendNotLeaderResponses
2019-09-26 13:29:49,030 [main] INFO  impl.StateMachineUpdater (StateMachineUpdater.java:stopAndJoin(125)) - 8cfabaed-6bfa-4340-a894-a45e2e16f787@group-B1DA904DD7C3-StateMachineUpdater: set stopIndex = 0
2019-09-26 13:29:49,030 [main] INFO  impl.RaftServerImpl (ServerState.java:close(385)) - 8cfabaed-6bfa-4340-a894-a45e2e16f787@group-B1DA904DD7C3: closes. applyIndex: 0
2019-09-26 13:29:49,030 [8cfabaed-6bfa-4340-a894-a45e2e16f787@group-B1DA904DD7C3-SegmentedRaftLogWorker] INFO  segmented.SegmentedRaftLogWorker (SegmentedRaftLogWorker.java:run(313)) - 8cfabaed-6bfa-4340-a894-a45e2e16f787@group-B1DA904DD7C3-SegmentedRaftLogWorker was interrupted, exiting. There are 0 tasks remaining in the queue.
2019-09-26 13:29:49,031 [main] INFO  segmented.SegmentedRaftLogWorker (SegmentedRaftLogWorker.java:close(228)) - 8cfabaed-6bfa-4340-a894-a45e2e16f787@group-B1DA904DD7C3-SegmentedRaftLogWorker close()
2019-09-26 13:29:49,031 [main] INFO  server.GrpcService (GrpcService.java:closeImpl(164)) - 8cfabaed-6bfa-4340-a894-a45e2e16f787: shutdown server with port 43170 now
2019-09-26 13:29:49,034 [main] INFO  server.GrpcService (GrpcService.java:closeImpl(172)) - 8cfabaed-6bfa-4340-a894-a45e2e16f787: shutdown server with port 43170 successfully
2019-09-26 13:29:49,036 [ForkJoinPool.commonPool-worker-1] INFO  ozoneimpl.OzoneContainer (OzoneContainer.java:stop(231)) - Attempting to stop container services.
2019-09-26 13:29:49,037 [refreshUsed-/workdir/hadoop-ozone/ozonefs/target/test-dir/MiniOzoneClusterImpl-8b6a8972-8eda-4f33-b3cf-a560ba2c5b87/datanode-7/data/containers] WARN  fs.CachingGetSpaceUsed (CachingGetSpaceUsed.java:run(183)) - Thread Interrupted waiting to refresh disk information: sleep interrupted
2019-09-26 13:29:49,037 [ForkJoinPool.commonPool-worker-1] INFO  impl.RaftServerProxy (RaftServerProxy.java:lambda$close$4(314)) - 921dbd79-5e7d-43e7-a946-6392aa4a26bd: close
2019-09-26 13:29:49,037 [ForkJoinPool.commonPool-worker-1] INFO  impl.RaftServerImpl (RaftServerImpl.java:lambda$shutdown$3(251)) - 921dbd79-5e7d-43e7-a946-6392aa4a26bd@group-E4069BD0C4CD: shutdown
2019-09-26 13:29:49,037 [ForkJoinPool.commonPool-worker-1] INFO  util.JmxRegister (JmxRegister.java:unregister(73)) - Successfully un-registered JMX Bean with object name Ratis:service=RaftServer,group=group-E4069BD0C4CD,id=921dbd79-5e7d-43e7-a946-6392aa4a26bd
2019-09-26 13:29:49,038 [ForkJoinPool.commonPool-worker-1] INFO  impl.RoleInfo (RoleInfo.java:shutdownLeaderState(104)) - 921dbd79-5e7d-43e7-a946-6392aa4a26bd: shutdown LeaderState
2019-09-26 13:29:49,038 [ForkJoinPool.commonPool-worker-1] INFO  impl.PendingRequests (PendingRequests.java:sendNotLeaderResponses(202)) - 921dbd79-5e7d-43e7-a946-6392aa4a26bd-PendingRequests: sendNotLeaderResponses
2019-09-26 13:29:49,038 [ForkJoinPool.commonPool-worker-1] INFO  impl.StateMachineUpdater (StateMachineUpdater.java:stopAndJoin(125)) - 921dbd79-5e7d-43e7-a946-6392aa4a26bd@group-E4069BD0C4CD-StateMachineUpdater: set stopIndex = 0
2019-09-26 13:29:49,039 [ForkJoinPool.commonPool-worker-1] INFO  impl.RaftServerImpl (ServerState.java:close(385)) - 921dbd79-5e7d-43e7-a946-6392aa4a26bd@group-E4069BD0C4CD: closes. applyIndex: 0
2019-09-26 13:29:49,040 [921dbd79-5e7d-43e7-a946-6392aa4a26bd@group-E4069BD0C4CD-SegmentedRaftLogWorker] INFO  segmented.SegmentedRaftLogWorker (SegmentedRaftLogWorker.java:run(313)) - 921dbd79-5e7d-43e7-a946-6392aa4a26bd@group-E4069BD0C4CD-SegmentedRaftLogWorker was interrupted, exiting. There are 0 tasks remaining in the queue.
2019-09-26 13:29:49,040 [ForkJoinPool.commonPool-worker-1] INFO  segmented.SegmentedRaftLogWorker (SegmentedRaftLogWorker.java:close(228)) - 921dbd79-5e7d-43e7-a946-6392aa4a26bd@group-E4069BD0C4CD-SegmentedRaftLogWorker close()
2019-09-26 13:29:49,041 [ForkJoinPool.commonPool-worker-1] INFO  impl.RaftServerImpl (RaftServerImpl.java:lambda$shutdown$3(251)) - 921dbd79-5e7d-43e7-a946-6392aa4a26bd@group-D24318E23051: shutdown
2019-09-26 13:29:49,041 [ForkJoinPool.commonPool-worker-1] INFO  util.JmxRegister (JmxRegister.java:unregister(73)) - Successfully un-registered JMX Bean with object name Ratis:service=RaftServer,group=group-D24318E23051,id=921dbd79-5e7d-43e7-a946-6392aa4a26bd
2019-09-26 13:29:49,041 [ForkJoinPool.commonPool-worker-1] INFO  impl.RoleInfo (RoleInfo.java:shutdownLeaderState(104)) - 921dbd79-5e7d-43e7-a946-6392aa4a26bd: shutdown LeaderState
2019-09-26 13:29:49,041 [ForkJoinPool.commonPool-worker-1] INFO  impl.PendingRequests (PendingRequests.java:sendNotLeaderResponses(202)) - 921dbd79-5e7d-43e7-a946-6392aa4a26bd-PendingRequests: sendNotLeaderResponses
2019-09-26 13:29:49,041 [ForkJoinPool.commonPool-worker-1] INFO  impl.StateMachineUpdater (StateMachineUpdater.java:stopAndJoin(125)) - 921dbd79-5e7d-43e7-a946-6392aa4a26bd@group-D24318E23051-StateMachineUpdater: set stopIndex = 0
2019-09-26 13:29:49,042 [ForkJoinPool.commonPool-worker-1] INFO  impl.RaftServerImpl (ServerState.java:close(385)) - 921dbd79-5e7d-43e7-a946-6392aa4a26bd@group-D24318E23051: closes. applyIndex: 0
2019-09-26 13:29:49,042 [921dbd79-5e7d-43e7-a946-6392aa4a26bd@group-D24318E23051-SegmentedRaftLogWorker] INFO  segmented.SegmentedRaftLogWorker (SegmentedRaftLogWorker.java:run(313)) - 921dbd79-5e7d-43e7-a946-6392aa4a26bd@group-D24318E23051-SegmentedRaftLogWorker was interrupted, exiting. There are 0 tasks remaining in the queue.
2019-09-26 13:29:49,042 [ForkJoinPool.commonPool-worker-1] INFO  segmented.SegmentedRaftLogWorker (SegmentedRaftLogWorker.java:close(228)) - 921dbd79-5e7d-43e7-a946-6392aa4a26bd@group-D24318E23051-SegmentedRaftLogWorker close()
2019-09-26 13:29:49,042 [ForkJoinPool.commonPool-worker-1] INFO  impl.RaftServerImpl (RaftServerImpl.java:lambda$shutdown$3(251)) - 921dbd79-5e7d-43e7-a946-6392aa4a26bd@group-CA0E9D9BFF24: shutdown
2019-09-26 13:29:49,043 [ForkJoinPool.commonPool-worker-1] INFO  util.JmxRegister (JmxRegister.java:unregister(73)) - Successfully un-registered JMX Bean with object name Ratis:service=RaftServer,group=group-CA0E9D9BFF24,id=921dbd79-5e7d-43e7-a946-6392aa4a26bd
2019-09-26 13:29:49,043 [ForkJoinPool.commonPool-worker-1] INFO  impl.RoleInfo (RoleInfo.java:shutdownLeaderState(104)) - 921dbd79-5e7d-43e7-a946-6392aa4a26bd: shutdown LeaderState
2019-09-26 13:29:49,043 [ForkJoinPool.commonPool-worker-1] INFO  impl.PendingRequests (PendingRequests.java:sendNotLeaderResponses(202)) - 921dbd79-5e7d-43e7-a946-6392aa4a26bd-PendingRequests: sendNotLeaderResponses
2019-09-26 13:29:49,043 [ForkJoinPool.commonPool-worker-1] INFO  impl.StateMachineUpdater (StateMachineUpdater.java:stopAndJoin(125)) - 921dbd79-5e7d-43e7-a946-6392aa4a26bd@group-CA0E9D9BFF24-StateMachineUpdater: set stopIndex = 0
2019-09-26 13:29:49,043 [ForkJoinPool.commonPool-worker-1] INFO  impl.RaftServerImpl (ServerState.java:close(385)) - 921dbd79-5e7d-43e7-a946-6392aa4a26bd@group-CA0E9D9BFF24: closes. applyIndex: 0
2019-09-26 13:29:49,044 [921dbd79-5e7d-43e7-a946-6392aa4a26bd@group-CA0E9D9BFF24-SegmentedRaftLogWorker] INFO  segmented.SegmentedRaftLogWorker (SegmentedRaftLogWorker.java:run(313)) - 921dbd79-5e7d-43e7-a946-6392aa4a26bd@group-CA0E9D9BFF24-SegmentedRaftLogWorker was interrupted, exiting. There are 0 tasks remaining in the queue.
2019-09-26 13:29:49,044 [ForkJoinPool.commonPool-worker-1] INFO  segmented.SegmentedRaftLogWorker (SegmentedRaftLogWorker.java:close(228)) - 921dbd79-5e7d-43e7-a946-6392aa4a26bd@group-CA0E9D9BFF24-SegmentedRaftLogWorker close()
2019-09-26 13:29:49,044 [ForkJoinPool.commonPool-worker-1] INFO  impl.RaftServerImpl (RaftServerImpl.java:lambda$shutdown$3(251)) - 921dbd79-5e7d-43e7-a946-6392aa4a26bd@group-F9CCE9B6E43C: shutdown
2019-09-26 13:29:49,044 [ForkJoinPool.commonPool-worker-1] INFO  util.JmxRegister (JmxRegister.java:unregister(73)) - Successfully un-registered JMX Bean with object name Ratis:service=RaftServer,group=group-F9CCE9B6E43C,id=921dbd79-5e7d-43e7-a946-6392aa4a26bd
2019-09-26 13:29:49,044 [ForkJoinPool.commonPool-worker-1] INFO  impl.RoleInfo (RoleInfo.java:shutdownLeaderState(104)) - 921dbd79-5e7d-43e7-a946-6392aa4a26bd: shutdown LeaderState
2019-09-26 13:29:49,045 [ForkJoinPool.commonPool-worker-1] INFO  impl.PendingRequests (PendingRequests.java:sendNotLeaderResponses(202)) - 921dbd79-5e7d-43e7-a946-6392aa4a26bd-PendingRequests: sendNotLeaderResponses
2019-09-26 13:29:49,045 [ForkJoinPool.commonPool-worker-1] INFO  impl.StateMachineUpdater (StateMachineUpdater.java:stopAndJoin(125)) - 921dbd79-5e7d-43e7-a946-6392aa4a26bd@group-F9CCE9B6E43C-StateMachineUpdater: set stopIndex = 0
2019-09-26 13:29:49,045 [ForkJoinPool.commonPool-worker-1] INFO  impl.RaftServerImpl (ServerState.java:close(385)) - 921dbd79-5e7d-43e7-a946-6392aa4a26bd@group-F9CCE9B6E43C: closes. applyIndex: 0
2019-09-26 13:29:49,045 [921dbd79-5e7d-43e7-a946-6392aa4a26bd@group-F9CCE9B6E43C-SegmentedRaftLogWorker] INFO  segmented.SegmentedRaftLogWorker (SegmentedRaftLogWorker.java:run(313)) - 921dbd79-5e7d-43e7-a946-6392aa4a26bd@group-F9CCE9B6E43C-SegmentedRaftLogWorker was interrupted, exiting. There are 0 tasks remaining in the queue.
2019-09-26 13:29:49,046 [ForkJoinPool.commonPool-worker-1] INFO  segmented.SegmentedRaftLogWorker (SegmentedRaftLogWorker.java:close(228)) - 921dbd79-5e7d-43e7-a946-6392aa4a26bd@group-F9CCE9B6E43C-SegmentedRaftLogWorker close()
2019-09-26 13:29:49,046 [ForkJoinPool.commonPool-worker-1] INFO  impl.RaftServerImpl (RaftServerImpl.java:lambda$shutdown$3(251)) - 921dbd79-5e7d-43e7-a946-6392aa4a26bd@group-7D929503856B: shutdown
2019-09-26 13:29:49,046 [ForkJoinPool.commonPool-worker-1] INFO  util.JmxRegister (JmxRegister.java:unregister(73)) - Successfully un-registered JMX Bean with object name Ratis:service=RaftServer,group=group-7D929503856B,id=921dbd79-5e7d-43e7-a946-6392aa4a26bd
2019-09-26 13:29:49,046 [ForkJoinPool.commonPool-worker-1] INFO  impl.RoleInfo (RoleInfo.java:shutdownLeaderState(104)) - 921dbd79-5e7d-43e7-a946-6392aa4a26bd: shutdown LeaderState
2019-09-26 13:29:49,047 [ForkJoinPool.commonPool-worker-1] INFO  impl.PendingRequests (PendingRequests.java:sendNotLeaderResponses(202)) - 921dbd79-5e7d-43e7-a946-6392aa4a26bd-PendingRequests: sendNotLeaderResponses
2019-09-26 13:29:49,047 [ForkJoinPool.commonPool-worker-1] INFO  impl.StateMachineUpdater (StateMachineUpdater.java:stopAndJoin(125)) - 921dbd79-5e7d-43e7-a946-6392aa4a26bd@group-7D929503856B-StateMachineUpdater: set stopIndex = 0
2019-09-26 13:29:49,047 [ForkJoinPool.commonPool-worker-1] INFO  impl.RaftServerImpl (ServerState.java:close(385)) - 921dbd79-5e7d-43e7-a946-6392aa4a26bd@group-7D929503856B: closes. applyIndex: 0
2019-09-26 13:29:49,047 [921dbd79-5e7d-43e7-a946-6392aa4a26bd@group-7D929503856B-SegmentedRaftLogWorker] INFO  segmented.SegmentedRaftLogWorker (SegmentedRaftLogWorker.java:run(313)) - 921dbd79-5e7d-43e7-a946-6392aa4a26bd@group-7D929503856B-SegmentedRaftLogWorker was interrupted, exiting. There are 0 tasks remaining in the queue.
2019-09-26 13:29:49,048 [ForkJoinPool.commonPool-worker-1] INFO  segmented.SegmentedRaftLogWorker (SegmentedRaftLogWorker.java:close(228)) - 921dbd79-5e7d-43e7-a946-6392aa4a26bd@group-7D929503856B-SegmentedRaftLogWorker close()
2019-09-26 13:29:49,048 [ForkJoinPool.commonPool-worker-1] INFO  impl.RaftServerImpl (RaftServerImpl.java:lambda$shutdown$3(251)) - 921dbd79-5e7d-43e7-a946-6392aa4a26bd@group-2BA9B3A53A3B: shutdown
2019-09-26 13:29:49,048 [ForkJoinPool.commonPool-worker-1] INFO  util.JmxRegister (JmxRegister.java:unregister(73)) - Successfully un-registered JMX Bean with object name Ratis:service=RaftServer,group=group-2BA9B3A53A3B,id=921dbd79-5e7d-43e7-a946-6392aa4a26bd
2019-09-26 13:29:49,048 [ForkJoinPool.commonPool-worker-1] INFO  impl.RoleInfo (RoleInfo.java:shutdownLeaderState(104)) - 921dbd79-5e7d-43e7-a946-6392aa4a26bd: shutdown LeaderState
2019-09-26 13:29:49,048 [ForkJoinPool.commonPool-worker-1] INFO  impl.PendingRequests (PendingRequests.java:sendNotLeaderResponses(202)) - 921dbd79-5e7d-43e7-a946-6392aa4a26bd-PendingRequests: sendNotLeaderResponses
2019-09-26 13:29:49,048 [ForkJoinPool.commonPool-worker-1] INFO  impl.StateMachineUpdater (StateMachineUpdater.java:stopAndJoin(125)) - 921dbd79-5e7d-43e7-a946-6392aa4a26bd@group-2BA9B3A53A3B-StateMachineUpdater: set stopIndex = 0
2019-09-26 13:29:49,049 [ForkJoinPool.commonPool-worker-1] INFO  impl.RaftServerImpl (ServerState.java:close(385)) - 921dbd79-5e7d-43e7-a946-6392aa4a26bd@group-2BA9B3A53A3B: closes. applyIndex: 0
2019-09-26 13:29:49,049 [921dbd79-5e7d-43e7-a946-6392aa4a26bd@group-2BA9B3A53A3B-SegmentedRaftLogWorker] INFO  segmented.SegmentedRaftLogWorker (SegmentedRaftLogWorker.java:run(313)) - 921dbd79-5e7d-43e7-a946-6392aa4a26bd@group-2BA9B3A53A3B-SegmentedRaftLogWorker was interrupted, exiting. There are 0 tasks remaining in the queue.
2019-09-26 13:29:49,050 [ForkJoinPool.commonPool-worker-1] INFO  segmented.SegmentedRaftLogWorker (SegmentedRaftLogWorker.java:close(228)) - 921dbd79-5e7d-43e7-a946-6392aa4a26bd@group-2BA9B3A53A3B-SegmentedRaftLogWorker close()
2019-09-26 13:29:49,050 [ForkJoinPool.commonPool-worker-1] INFO  server.GrpcService (GrpcService.java:closeImpl(164)) - 921dbd79-5e7d-43e7-a946-6392aa4a26bd: shutdown server with port 34388 now
2019-09-26 13:29:49,052 [ForkJoinPool.commonPool-worker-1] INFO  server.GrpcService (GrpcService.java:closeImpl(172)) - 921dbd79-5e7d-43e7-a946-6392aa4a26bd: shutdown server with port 34388 successfully
2019-09-26 13:29:49,059 [refreshUsed-/workdir/hadoop-ozone/ozonefs/target/test-dir/MiniOzoneClusterImpl-8b6a8972-8eda-4f33-b3cf-a560ba2c5b87/datanode-1/data/containers] WARN  fs.CachingGetSpaceUsed (CachingGetSpaceUsed.java:run(183)) - Thread Interrupted waiting to refresh disk information: sleep interrupted
2019-09-26 13:29:49,065 [main] INFO  utils.BackgroundService (BackgroundService.java:shutdown(148)) - Shutting down service BlockDeletingService
2019-09-26 13:29:49,069 [main] INFO  statemachine.DatanodeStateMachine (DatanodeStateMachine.java:stopDaemon(395)) - Ozone container server stopped.
2019-09-26 13:29:49,070 [main] INFO  handler.ContextHandler (ContextHandler.java:doStop(910)) - Stopped o.e.j.w.WebAppContext@354e7004{/,null,UNAVAILABLE}{/hddsDatanode}
2019-09-26 13:29:49,071 [main] INFO  server.AbstractConnector (AbstractConnector.java:doStop(318)) - Stopped ServerConnector@22ebccb9{HTTP/1.1,[http/1.1]}{0.0.0.0:0}
2019-09-26 13:29:49,072 [main] INFO  handler.ContextHandler (ContextHandler.java:doStop(910)) - Stopped o.e.j.s.ServletContextHandler@1f03fba0{/static,jar:file:/home/user/.m2/repository/org/apache/hadoop/hadoop-hdds-container-service/0.5.0-SNAPSHOT/hadoop-hdds-container-service-0.5.0-SNAPSHOT.jar!/webapps/static,UNAVAILABLE}
2019-09-26 13:29:49,072 [main] INFO  handler.ContextHandler (ContextHandler.java:doStop(910)) - Stopped o.e.j.s.ServletContextHandler@1886991b{/logs,file:///workdir/hadoop-ozone/ozonefs/target/log,UNAVAILABLE}
2019-09-26 13:29:49,082 [ForkJoinPool.commonPool-worker-1] INFO  utils.BackgroundService (BackgroundService.java:shutdown(148)) - Shutting down service BlockDeletingService
2019-09-26 13:29:49,085 [ForkJoinPool.commonPool-worker-1] INFO  statemachine.DatanodeStateMachine (DatanodeStateMachine.java:stopDaemon(395)) - Ozone container server stopped.
2019-09-26 13:29:49,088 [ForkJoinPool.commonPool-worker-1] INFO  handler.ContextHandler (ContextHandler.java:doStop(910)) - Stopped o.e.j.w.WebAppContext@2a369e14{/,null,UNAVAILABLE}{/hddsDatanode}
2019-09-26 13:29:49,089 [ForkJoinPool.commonPool-worker-1] INFO  server.AbstractConnector (AbstractConnector.java:doStop(318)) - Stopped ServerConnector@25aeb5ac{HTTP/1.1,[http/1.1]}{0.0.0.0:0}
2019-09-26 13:29:49,090 [ForkJoinPool.commonPool-worker-1] INFO  handler.ContextHandler (ContextHandler.java:doStop(910)) - Stopped o.e.j.s.ServletContextHandler@242b6e1a{/static,jar:file:/home/user/.m2/repository/org/apache/hadoop/hadoop-hdds-container-service/0.5.0-SNAPSHOT/hadoop-hdds-container-service-0.5.0-SNAPSHOT.jar!/webapps/static,UNAVAILABLE}
2019-09-26 13:29:49,091 [ForkJoinPool.commonPool-worker-1] INFO  handler.ContextHandler (ContextHandler.java:doStop(910)) - Stopped o.e.j.s.ServletContextHandler@2f897dab{/logs,file:///workdir/hadoop-ozone/ozonefs/target/log,UNAVAILABLE}
2019-09-26 13:29:49,092 [main] INFO  ozone.MiniOzoneClusterImpl (MiniOzoneClusterImpl.java:stopSCM(392)) - Stopping the StorageContainerManager
2019-09-26 13:29:49,092 [main] INFO  server.StorageContainerManager (StorageContainerManager.java:stop(808)) - Stopping Replication Manager Service.
2019-09-26 13:29:49,092 [main] INFO  container.ReplicationManager (ReplicationManager.java:stop(204)) - Stopping Replication Monitor Thread.
2019-09-26 13:29:49,092 [main] INFO  server.StorageContainerManager (StorageContainerManager.java:stop(815)) - Stopping Lease Manager of the command watchers
2019-09-26 13:29:49,093 [main] INFO  server.StorageContainerManager (StorageContainerManager.java:stop(822)) - Stopping datanode service RPC server
2019-09-26 13:29:49,093 [main] INFO  server.SCMDatanodeProtocolServer (SCMDatanodeProtocolServer.java:stop(367)) - Stopping the RPC server for DataNodes
2019-09-26 13:29:49,093 [main] INFO  ipc.Server (Server.java:stop(3082)) - Stopping server on 43453
2019-09-26 13:29:49,095 [IPC Server listener on 43453] INFO  ipc.Server (Server.java:run(1185)) - Stopping IPC Server listener on 43453
2019-09-26 13:29:49,096 [IPC Server Responder] INFO  ipc.Server (Server.java:run(1319)) - Stopping IPC Server Responder
2019-09-26 13:29:49,192 [SCM Heartbeat Processing Thread - 0] WARN  node.NodeStateManager (NodeStateManager.java:scheduleNextHealthCheck(655)) - Current Thread is interrupted, shutting down HB processing thread for Node Manager.
2019-09-26 13:29:49,192 [main] INFO  server.StorageContainerManager (StorageContainerManager.java:stop(830)) - Stopping block service RPC server
2019-09-26 13:29:49,192 [main] INFO  server.SCMBlockProtocolServer (SCMBlockProtocolServer.java:stop(155)) - Stopping the RPC server for Block Protocol
2019-09-26 13:29:49,193 [main] INFO  ipc.Server (Server.java:stop(3082)) - Stopping server on 34539
2019-09-26 13:29:49,195 [IPC Server listener on 34539] INFO  ipc.Server (Server.java:run(1185)) - Stopping IPC Server listener on 34539
2019-09-26 13:29:49,195 [main] INFO  server.StorageContainerManager (StorageContainerManager.java:stop(837)) - Stopping the StorageContainerLocationProtocol RPC server
2019-09-26 13:29:49,195 [main] INFO  server.SCMClientProtocolServer (SCMClientProtocolServer.java:stop(159)) - Stopping the RPC server for Client Protocol
2019-09-26 13:29:49,195 [IPC Server Responder] INFO  ipc.Server (Server.java:run(1319)) - Stopping IPC Server Responder
2019-09-26 13:29:49,196 [main] INFO  ipc.Server (Server.java:stop(3082)) - Stopping server on 37523
2019-09-26 13:29:49,197 [IPC Server listener on 37523] INFO  ipc.Server (Server.java:run(1185)) - Stopping IPC Server listener on 37523
2019-09-26 13:29:49,197 [main] INFO  server.StorageContainerManager (StorageContainerManager.java:stop(844)) - Stopping Storage Container Manager HTTP server.
2019-09-26 13:29:49,198 [IPC Server Responder] INFO  ipc.Server (Server.java:run(1319)) - Stopping IPC Server Responder
2019-09-26 13:29:49,199 [main] INFO  handler.ContextHandler (ContextHandler.java:doStop(910)) - Stopped o.e.j.w.WebAppContext@5a021cb9{/,null,UNAVAILABLE}{/scm}
2019-09-26 13:29:49,199 [main] INFO  server.AbstractConnector (AbstractConnector.java:doStop(318)) - Stopped ServerConnector@287f94b1{HTTP/1.1,[http/1.1]}{0.0.0.0:0}
2019-09-26 13:29:49,200 [main] INFO  handler.ContextHandler (ContextHandler.java:doStop(910)) - Stopped o.e.j.s.ServletContextHandler@5c10f1c3{/static,jar:file:/home/user/.m2/repository/org/apache/hadoop/hadoop-hdds-server-scm/0.5.0-SNAPSHOT/hadoop-hdds-server-scm-0.5.0-SNAPSHOT.jar!/webapps/static,UNAVAILABLE}
2019-09-26 13:29:49,200 [main] INFO  handler.ContextHandler (ContextHandler.java:doStop(910)) - Stopped o.e.j.s.ServletContextHandler@68fa0ba8{/logs,file:///workdir/hadoop-ozone/ozonefs/target/log,UNAVAILABLE}
2019-09-26 13:29:49,201 [main] INFO  server.StorageContainerManager (StorageContainerManager.java:stop(855)) - Stopping Block Manager Service.
2019-09-26 13:29:49,201 [main] INFO  utils.BackgroundService (BackgroundService.java:shutdown(148)) - Shutting down service SCMBlockDeletingService
2019-09-26 13:29:49,202 [main] INFO  utils.BackgroundService (BackgroundService.java:shutdown(148)) - Shutting down service SCMBlockDeletingService
2019-09-26 13:29:49,202 [main] INFO  server.StorageContainerManager (StorageContainerManager.java:stop(877)) - Stopping SCM Event Queue.
2019-09-26 13:29:49,208 [main] INFO  impl.MetricsSystemImpl (MetricsSystemImpl.java:stop(210)) - Stopping ratis metrics system...
2019-09-26 13:29:49,229 [prometheus] INFO  impl.MetricsSinkAdapter (MetricsSinkAdapter.java:publishMetricsFromQueue(141)) - prometheus thread interrupted.
2019-09-26 13:29:49,229 [main] INFO  impl.MetricsSystemImpl (MetricsSystemImpl.java:stop(216)) - ratis metrics system stopped.
]]></system-out>
    <system-err><![CDATA[ERROR StatusLogger No Log4j 2 configuration file found. Using default configuration (logging only errors to the console), or user programmatically provided configurations. Set system property 'log4j2.debug' to show Log4j 2 internal initialization logging. See https://logging.apache.org/log4j/2.x/manual/configuration.html for instructions on how to configure Log4j 2
]]></system-err>
  </testcase>
</testsuite>