<?xml version="1.0" encoding="UTF-8"?>
<testsuite xmlns:xsi="http://www.w3.org/2001/XMLSchema-instance" xsi:noNamespaceSchemaLocation="https://maven.apache.org/surefire/maven-surefire-plugin/xsd/surefire-test-report.xsd" name="org.apache.hadoop.ozone.client.rpc.TestBlockOutputStreamWithFailures" time="696.675" tests="8" errors="0" skipped="0" failures="1">
  <properties>
    <property name="awt.toolkit" value="sun.awt.X11.XToolkit"/>
    <property name="file.encoding.pkg" value="sun.io"/>
    <property name="java.specification.version" value="1.8"/>
    <property name="sun.cpu.isalist" value=""/>
    <property name="sun.jnu.encoding" value="UTF-8"/>
    <property name="java.class.path" value="/workdir/hadoop-ozone/integration-test/target/test-classes:/workdir/hadoop-ozone/integration-test/target/classes:/home/user/.m2/repository/org/apache/hadoop/hadoop-ozone-common/0.5.0-SNAPSHOT/hadoop-ozone-common-0.5.0-SNAPSHOT.jar:/home/user/.m2/repository/org/apache/commons/commons-compress/1.4.1/commons-compress-1.4.1.jar:/home/user/.m2/repository/org/tukaani/xz/1.0/xz-1.0.jar:/home/user/.m2/repository/org/apache/hadoop/hadoop-common/3.2.0/hadoop-common-3.2.0.jar:/home/user/.m2/repository/org/apache/hadoop/hadoop-hdfs/3.2.0/hadoop-hdfs-3.2.0.jar:/home/user/.m2/repository/org/apache/hadoop/hadoop-hdfs-client/3.2.0/hadoop-hdfs-client-3.2.0.jar:/home/user/.m2/repository/com/fasterxml/jackson/core/jackson-annotations/2.9.5/jackson-annotations-2.9.5.jar:/home/user/.m2/repository/org/apache/hadoop/hadoop-hdds-common/0.5.0-SNAPSHOT/hadoop-hdds-common-0.5.0-SNAPSHOT.jar:/home/user/.m2/repository/javax/annotation/javax.annotation-api/1.2/javax.annotation-api-1.2.jar:/home/user/.m2/repository/org/apache/ratis/ratis-server/0.4.0-2337318-SNAPSHOT/ratis-server-0.4.0-2337318-SNAPSHOT.jar:/home/user/.m2/repository/org/apache/ratis/ratis-thirdparty-misc/0.2.0/ratis-thirdparty-misc-0.2.0.jar:/home/user/.m2/repository/org/apache/ratis/ratis-proto/0.4.0-2337318-SNAPSHOT/ratis-proto-0.4.0-2337318-SNAPSHOT.jar:/home/user/.m2/repository/org/apache/ratis/ratis-common/0.4.0-2337318-SNAPSHOT/ratis-common-0.4.0-2337318-SNAPSHOT.jar:/home/user/.m2/repository/org/apache/ratis/ratis-client/0.4.0-2337318-SNAPSHOT/ratis-client-0.4.0-2337318-SNAPSHOT.jar:/home/user/.m2/repository/org/apache/ratis/ratis-metrics/0.4.0-2337318-SNAPSHOT/ratis-metrics-0.4.0-2337318-SNAPSHOT.jar:/home/user/.m2/repository/org/apache/ratis/ratis-netty/0.4.0-2337318-SNAPSHOT/ratis-netty-0.4.0-2337318-SNAPSHOT.jar:/home/user/.m2/repository/org/apache/ratis/ratis-grpc/0.4.0-2337318-SNAPSHOT/ratis-grpc-0.4.0-2337318-SNAPSHOT.jar:/home/user/.m2/repository/org/rocksdb/rocksdbjni/6.0.1/rocksdbjni-6.0.1.jar:/home/user/.m2/repository/org/apache/logging/log4j/log4j-api/2.11.0/log4j-api-2.11.0.jar:/home/user/.m2/repository/org/apache/logging/log4j/log4j-core/2.11.0/log4j-core-2.11.0.jar:/home/user/.m2/repository/com/lmax/disruptor/3.4.2/disruptor-3.4.2.jar:/home/user/.m2/repository/org/apache/commons/commons-pool2/2.6.0/commons-pool2-2.6.0.jar:/home/user/.m2/repository/org/bouncycastle/bcpkix-jdk15on/1.60/bcpkix-jdk15on-1.60.jar:/home/user/.m2/repository/commons-validator/commons-validator/1.6/commons-validator-1.6.jar:/home/user/.m2/repository/commons-digester/commons-digester/1.8.1/commons-digester-1.8.1.jar:/home/user/.m2/repository/io/jaegertracing/jaeger-client/0.33.1/jaeger-client-0.33.1.jar:/home/user/.m2/repository/io/jaegertracing/jaeger-thrift/0.33.1/jaeger-thrift-0.33.1.jar:/home/user/.m2/repository/org/apache/thrift/libthrift/0.11.0/libthrift-0.11.0.jar:/home/user/.m2/repository/com/squareup/okhttp3/okhttp/3.9.0/okhttp-3.9.0.jar:/home/user/.m2/repository/com/squareup/okio/okio/1.13.0/okio-1.13.0.jar:/home/user/.m2/repository/io/jaegertracing/jaeger-core/0.33.1/jaeger-core-0.33.1.jar:/home/user/.m2/repository/io/jaegertracing/jaeger-tracerresolver/0.33.1/jaeger-tracerresolver-0.33.1.jar:/home/user/.m2/repository/io/opentracing/contrib/opentracing-tracerresolver/0.1.5/opentracing-tracerresolver-0.1.5.jar:/home/user/.m2/repository/io/opentracing/opentracing-util/0.31.0/opentracing-util-0.31.0.jar:/home/user/.m2/repository/io/opentracing/opentracing-api/0.31.0/opentracing-api-0.31.0.jar:/home/user/.m2/repository/io/opentracing/opentracing-noop/0.31.0/opentracing-noop-0.31.0.jar:/home/user/.m2/repository/org/apache/hadoop/hadoop-hdds-server-framework/0.5.0-SNAPSHOT/hadoop-hdds-server-framework-0.5.0-SNAPSHOT.jar:/home/user/.m2/repository/org/apache/hadoop/hadoop-hdds-container-service/0.5.0-SNAPSHOT/hadoop-hdds-container-service-0.5.0-SNAPSHOT.jar:/home/user/.m2/repository/org/apache/hadoop/hadoop-hdds-client/0.5.0-SNAPSHOT/hadoop-hdds-client-0.5.0-SNAPSHOT.jar:/home/user/.m2/repository/org/apache/hadoop/hadoop-hdds-tools/0.5.0-SNAPSHOT/hadoop-hdds-tools-0.5.0-SNAPSHOT.jar:/home/user/.m2/repository/org/apache/hadoop/hadoop-hdds-server-scm/0.5.0-SNAPSHOT/hadoop-hdds-server-scm-0.5.0-SNAPSHOT.jar:/home/user/.m2/repository/org/apache/hadoop/hadoop-hdds-docs/0.5.0-SNAPSHOT/hadoop-hdds-docs-0.5.0-SNAPSHOT.jar:/home/user/.m2/repository/io/dropwizard/metrics/metrics-core/3.2.4/metrics-core-3.2.4.jar:/home/user/.m2/repository/org/hamcrest/hamcrest-all/1.3/hamcrest-all-1.3.jar:/home/user/.m2/repository/org/bouncycastle/bcprov-jdk15on/1.60/bcprov-jdk15on-1.60.jar:/home/user/.m2/repository/info/picocli/picocli/3.9.6/picocli-3.9.6.jar:/home/user/.m2/repository/com/google/protobuf/protobuf-java/2.5.0/protobuf-java-2.5.0.jar:/home/user/.m2/repository/com/google/guava/guava/11.0.2/guava-11.0.2.jar:/home/user/.m2/repository/org/apache/hadoop/hadoop-ozone-ozone-manager/0.5.0-SNAPSHOT/hadoop-ozone-ozone-manager-0.5.0-SNAPSHOT.jar:/home/user/.m2/repository/org/apache/hadoop/hadoop-minikdc/3.2.0/hadoop-minikdc-3.2.0.jar:/home/user/.m2/repository/commons-io/commons-io/2.5/commons-io-2.5.jar:/home/user/.m2/repository/org/apache/kerby/kerb-simplekdc/1.0.1/kerb-simplekdc-1.0.1.jar:/home/user/.m2/repository/org/apache/kerby/kerb-client/1.0.1/kerb-client-1.0.1.jar:/home/user/.m2/repository/org/apache/kerby/kerby-config/1.0.1/kerby-config-1.0.1.jar:/home/user/.m2/repository/org/apache/kerby/kerb-core/1.0.1/kerb-core-1.0.1.jar:/home/user/.m2/repository/org/apache/kerby/kerby-pkix/1.0.1/kerby-pkix-1.0.1.jar:/home/user/.m2/repository/org/apache/kerby/kerby-asn1/1.0.1/kerby-asn1-1.0.1.jar:/home/user/.m2/repository/org/apache/kerby/kerby-util/1.0.1/kerby-util-1.0.1.jar:/home/user/.m2/repository/org/apache/kerby/kerb-common/1.0.1/kerb-common-1.0.1.jar:/home/user/.m2/repository/org/apache/kerby/kerb-crypto/1.0.1/kerb-crypto-1.0.1.jar:/home/user/.m2/repository/org/apache/kerby/kerb-util/1.0.1/kerb-util-1.0.1.jar:/home/user/.m2/repository/org/apache/kerby/token-provider/1.0.1/token-provider-1.0.1.jar:/home/user/.m2/repository/org/apache/kerby/kerb-admin/1.0.1/kerb-admin-1.0.1.jar:/home/user/.m2/repository/org/apache/kerby/kerb-server/1.0.1/kerb-server-1.0.1.jar:/home/user/.m2/repository/org/apache/kerby/kerb-identity/1.0.1/kerb-identity-1.0.1.jar:/home/user/.m2/repository/org/apache/kerby/kerby-xdr/1.0.1/kerby-xdr-1.0.1.jar:/home/user/.m2/repository/org/slf4j/slf4j-log4j12/1.7.25/slf4j-log4j12-1.7.25.jar:/home/user/.m2/repository/org/apache/hadoop/hadoop-ozone-objectstore-service/0.5.0-SNAPSHOT/hadoop-ozone-objectstore-service-0.5.0-SNAPSHOT.jar:/home/user/.m2/repository/org/apache/hadoop/hadoop-ozone-s3gateway/0.5.0-SNAPSHOT/hadoop-ozone-s3gateway-0.5.0-SNAPSHOT.jar:/home/user/.m2/repository/org/jboss/weld/servlet/weld-servlet/2.4.7.Final/weld-servlet-2.4.7.Final.jar:/home/user/.m2/repository/org/glassfish/jersey/containers/jersey-container-servlet-core/2.27/jersey-container-servlet-core-2.27.jar:/home/user/.m2/repository/org/glassfish/hk2/external/javax.inject/2.5.0-b42/javax.inject-2.5.0-b42.jar:/home/user/.m2/repository/org/glassfish/jersey/core/jersey-common/2.27/jersey-common-2.27.jar:/home/user/.m2/repository/org/glassfish/hk2/osgi-resource-locator/1.0.1/osgi-resource-locator-1.0.1.jar:/home/user/.m2/repository/javax/ws/rs/javax.ws.rs-api/2.1/javax.ws.rs-api-2.1.jar:/home/user/.m2/repository/org/glassfish/jersey/ext/cdi/jersey-cdi1x/2.27/jersey-cdi1x-2.27.jar:/home/user/.m2/repository/org/glassfish/jersey/inject/jersey-hk2/2.27/jersey-hk2-2.27.jar:/home/user/.m2/repository/org/glassfish/hk2/hk2-locator/2.5.0-b42/hk2-locator-2.5.0-b42.jar:/home/user/.m2/repository/org/javassist/javassist/3.22.0-CR2/javassist-3.22.0-CR2.jar:/home/user/.m2/repository/org/glassfish/hk2/hk2-api/2.5.0/hk2-api-2.5.0.jar:/home/user/.m2/repository/org/glassfish/hk2/external/jakarta.inject/2.5.0/jakarta.inject-2.5.0.jar:/home/user/.m2/repository/org/glassfish/hk2/hk2-utils/2.5.0/hk2-utils-2.5.0.jar:/home/user/.m2/repository/jakarta/annotation/jakarta.annotation-api/1.3.4/jakarta.annotation-api-1.3.4.jar:/home/user/.m2/repository/org/glassfish/hk2/external/aopalliance-repackaged/2.5.0/aopalliance-repackaged-2.5.0.jar:/home/user/.m2/repository/com/fasterxml/jackson/dataformat/jackson-dataformat-xml/2.9.0/jackson-dataformat-xml-2.9.0.jar:/home/user/.m2/repository/com/fasterxml/jackson/core/jackson-core/2.9.5/jackson-core-2.9.5.jar:/home/user/.m2/repository/com/fasterxml/jackson/module/jackson-module-jaxb-annotations/2.9.5/jackson-module-jaxb-annotations-2.9.5.jar:/home/user/.m2/repository/javax/enterprise/cdi-api/1.2/cdi-api-1.2.jar:/home/user/.m2/repository/javax/el/javax.el-api/3.0.0/javax.el-api-3.0.0.jar:/home/user/.m2/repository/javax/interceptor/javax.interceptor-api/1.2/javax.interceptor-api-1.2.jar:/home/user/.m2/repository/javax/inject/javax.inject/1/javax.inject-1.jar:/home/user/.m2/repository/com/sun/xml/bind/jaxb-impl/2.3.0.1/jaxb-impl-2.3.0.1.jar:/home/user/.m2/repository/com/sun/xml/bind/jaxb-core/2.3.0.1/jaxb-core-2.3.0.1.jar:/home/user/.m2/repository/javax/xml/bind/jaxb-api/2.3.0/jaxb-api-2.3.0.jar:/home/user/.m2/repository/javax/activation/activation/1.1.1/activation-1.1.1.jar:/home/user/.m2/repository/org/apache/hadoop/hadoop-ozone-csi/0.5.0-SNAPSHOT/hadoop-ozone-csi-0.5.0-SNAPSHOT.jar:/home/user/.m2/repository/com/google/protobuf/protobuf-java-util/3.5.1/protobuf-java-util-3.5.1.jar:/home/user/.m2/repository/org/apache/hadoop/hadoop-hdds-config/0.5.0-SNAPSHOT/hadoop-hdds-config-0.5.0-SNAPSHOT.jar:/home/user/.m2/repository/io/grpc/grpc-netty/1.17.1/grpc-netty-1.17.1.jar:/home/user/.m2/repository/io/grpc/grpc-core/1.17.1/grpc-core-1.17.1.jar:/home/user/.m2/repository/io/grpc/grpc-context/1.17.1/grpc-context-1.17.1.jar:/home/user/.m2/repository/com/google/errorprone/error_prone_annotations/2.2.0/error_prone_annotations-2.2.0.jar:/home/user/.m2/repository/org/codehaus/mojo/animal-sniffer-annotations/1.17/animal-sniffer-annotations-1.17.jar:/home/user/.m2/repository/io/opencensus/opencensus-api/0.17.0/opencensus-api-0.17.0.jar:/home/user/.m2/repository/io/opencensus/opencensus-contrib-grpc-metrics/0.17.0/opencensus-contrib-grpc-metrics-0.17.0.jar:/home/user/.m2/repository/io/netty/netty-codec-http2/4.1.30.Final/netty-codec-http2-4.1.30.Final.jar:/home/user/.m2/repository/io/netty/netty-codec-http/4.1.30.Final/netty-codec-http-4.1.30.Final.jar:/home/user/.m2/repository/io/netty/netty-codec/4.1.30.Final/netty-codec-4.1.30.Final.jar:/home/user/.m2/repository/io/netty/netty-handler/4.1.30.Final/netty-handler-4.1.30.Final.jar:/home/user/.m2/repository/io/netty/netty-handler-proxy/4.1.30.Final/netty-handler-proxy-4.1.30.Final.jar:/home/user/.m2/repository/io/netty/netty-codec-socks/4.1.30.Final/netty-codec-socks-4.1.30.Final.jar:/home/user/.m2/repository/io/netty/netty-transport-native-epoll/4.1.30.Final/netty-transport-native-epoll-4.1.30.Final.jar:/home/user/.m2/repository/io/netty/netty-common/4.1.30.Final/netty-common-4.1.30.Final.jar:/home/user/.m2/repository/io/netty/netty-buffer/4.1.30.Final/netty-buffer-4.1.30.Final.jar:/home/user/.m2/repository/io/netty/netty-transport/4.1.30.Final/netty-transport-4.1.30.Final.jar:/home/user/.m2/repository/io/netty/netty-resolver/4.1.30.Final/netty-resolver-4.1.30.Final.jar:/home/user/.m2/repository/io/netty/netty-transport-native-unix-common/4.1.30.Final/netty-transport-native-unix-common-4.1.30.Final.jar:/home/user/.m2/repository/io/grpc/grpc-protobuf/1.17.1/grpc-protobuf-1.17.1.jar:/home/user/.m2/repository/com/google/api/grpc/proto-google-common-protos/1.0.0/proto-google-common-protos-1.0.0.jar:/home/user/.m2/repository/io/grpc/grpc-protobuf-lite/1.17.1/grpc-protobuf-lite-1.17.1.jar:/home/user/.m2/repository/io/grpc/grpc-stub/1.17.1/grpc-stub-1.17.1.jar:/home/user/.m2/repository/org/apache/hadoop/hadoop-ozone-recon/0.5.0-SNAPSHOT/hadoop-ozone-recon-0.5.0-SNAPSHOT.jar:/home/user/.m2/repository/org/apache/hadoop/hadoop-ozone-reconcodegen/0.5.0-SNAPSHOT/hadoop-ozone-reconcodegen-0.5.0-SNAPSHOT.jar:/home/user/.m2/repository/com/google/inject/extensions/guice-multibindings/4.0/guice-multibindings-4.0.jar:/home/user/.m2/repository/com/google/inject/guice/4.0/guice-4.0.jar:/home/user/.m2/repository/aopalliance/aopalliance/1.0/aopalliance-1.0.jar:/home/user/.m2/repository/com/google/inject/extensions/guice-servlet/4.0/guice-servlet-4.0.jar:/home/user/.m2/repository/org/glassfish/jersey/containers/jersey-container-servlet/2.27/jersey-container-servlet-2.27.jar:/home/user/.m2/repository/org/glassfish/hk2/guice-bridge/2.5.0/guice-bridge-2.5.0.jar:/home/user/.m2/repository/org/glassfish/jersey/core/jersey-server/2.27/jersey-server-2.27.jar:/home/user/.m2/repository/org/glassfish/jersey/core/jersey-client/2.27/jersey-client-2.27.jar:/home/user/.m2/repository/org/glassfish/jersey/media/jersey-media-jaxb/2.27/jersey-media-jaxb-2.27.jar:/home/user/.m2/repository/javax/validation/validation-api/1.1.0.Final/validation-api-1.1.0.Final.jar:/home/user/.m2/repository/org/glassfish/jersey/media/jersey-media-json-jackson/2.27/jersey-media-json-jackson-2.27.jar:/home/user/.m2/repository/org/glassfish/jersey/ext/jersey-entity-filtering/2.27/jersey-entity-filtering-2.27.jar:/home/user/.m2/repository/com/google/inject/extensions/guice-assistedinject/4.0/guice-assistedinject-4.0.jar:/home/user/.m2/repository/org/jooq/jooq/3.11.10/jooq-3.11.10.jar:/home/user/.m2/repository/org/jooq/jooq-meta/3.11.10/jooq-meta-3.11.10.jar:/home/user/.m2/repository/org/jooq/jooq-codegen/3.11.10/jooq-codegen-3.11.10.jar:/home/user/.m2/repository/com/jolbox/bonecp/0.8.0.RELEASE/bonecp-0.8.0.RELEASE.jar:/home/user/.m2/repository/org/xerial/sqlite-jdbc/3.25.2/sqlite-jdbc-3.25.2.jar:/home/user/.m2/repository/org/springframework/spring-jdbc/5.1.3.RELEASE/spring-jdbc-5.1.3.RELEASE.jar:/home/user/.m2/repository/org/springframework/spring-beans/5.1.3.RELEASE/spring-beans-5.1.3.RELEASE.jar:/home/user/.m2/repository/org/springframework/spring-core/5.1.3.RELEASE/spring-core-5.1.3.RELEASE.jar:/home/user/.m2/repository/org/springframework/spring-jcl/5.1.3.RELEASE/spring-jcl-5.1.3.RELEASE.jar:/home/user/.m2/repository/org/springframework/spring-tx/5.1.3.RELEASE/spring-tx-5.1.3.RELEASE.jar:/home/user/.m2/repository/org/apache/hadoop/hadoop-ozone-client/0.5.0-SNAPSHOT/hadoop-ozone-client-0.5.0-SNAPSHOT.jar:/home/user/.m2/repository/commons-lang/commons-lang/2.6/commons-lang-2.6.jar:/home/user/.m2/repository/org/apache/hadoop/hadoop-ozone-ozone-manager/0.5.0-SNAPSHOT/hadoop-ozone-ozone-manager-0.5.0-SNAPSHOT-tests.jar:/home/user/.m2/repository/junit/junit/4.11/junit-4.11.jar:/home/user/.m2/repository/org/hamcrest/hamcrest-core/1.3/hamcrest-core-1.3.jar:/home/user/.m2/repository/org/openjdk/jmh/jmh-core/1.19/jmh-core-1.19.jar:/home/user/.m2/repository/net/sf/jopt-simple/jopt-simple/4.6/jopt-simple-4.6.jar:/home/user/.m2/repository/org/apache/commons/commons-math3/3.1.1/commons-math3-3.1.1.jar:/home/user/.m2/repository/org/openjdk/jmh/jmh-generator-annprocess/1.19/jmh-generator-annprocess-1.19.jar:/home/user/.m2/repository/org/mockito/mockito-all/1.8.5/mockito-all-1.8.5.jar:/home/user/.m2/repository/org/apache/hadoop/hadoop-kms/3.2.0/hadoop-kms-3.2.0.jar:/home/user/.m2/repository/org/apache/hadoop/hadoop-auth/3.2.0/hadoop-auth-3.2.0.jar:/home/user/.m2/repository/com/nimbusds/nimbus-jose-jwt/4.41.1/nimbus-jose-jwt-4.41.1.jar:/home/user/.m2/repository/com/github/stephenc/jcip/jcip-annotations/1.0-1/jcip-annotations-1.0-1.jar:/home/user/.m2/repository/net/minidev/json-smart/2.3/json-smart-2.3.jar:/home/user/.m2/repository/net/minidev/accessors-smart/1.2/accessors-smart-1.2.jar:/home/user/.m2/repository/org/ow2/asm/asm/5.0.4/asm-5.0.4.jar:/home/user/.m2/repository/org/apache/curator/curator-framework/2.12.0/curator-framework-2.12.0.jar:/home/user/.m2/repository/com/sun/jersey/jersey-core/1.19/jersey-core-1.19.jar:/home/user/.m2/repository/javax/ws/rs/jsr311-api/1.1.1/jsr311-api-1.1.1.jar:/home/user/.m2/repository/com/sun/jersey/jersey-server/1.19/jersey-server-1.19.jar:/home/user/.m2/repository/javax/servlet/javax.servlet-api/3.1.0/javax.servlet-api-3.1.0.jar:/home/user/.m2/repository/org/eclipse/jetty/jetty-server/9.3.24.v20180605/jetty-server-9.3.24.v20180605.jar:/home/user/.m2/repository/org/eclipse/jetty/jetty-http/9.3.24.v20180605/jetty-http-9.3.24.v20180605.jar:/home/user/.m2/repository/org/eclipse/jetty/jetty-io/9.3.24.v20180605/jetty-io-9.3.24.v20180605.jar:/home/user/.m2/repository/org/eclipse/jetty/jetty-webapp/9.3.24.v20180605/jetty-webapp-9.3.24.v20180605.jar:/home/user/.m2/repository/org/eclipse/jetty/jetty-xml/9.3.24.v20180605/jetty-xml-9.3.24.v20180605.jar:/home/user/.m2/repository/log4j/log4j/1.2.17/log4j-1.2.17.jar:/home/user/.m2/repository/org/slf4j/slf4j-api/1.7.25/slf4j-api-1.7.25.jar:/home/user/.m2/repository/org/slf4j/jul-to-slf4j/1.7.25/jul-to-slf4j-1.7.25.jar:/home/user/.m2/repository/org/eclipse/jetty/jetty-util/9.3.24.v20180605/jetty-util-9.3.24.v20180605.jar:/home/user/.m2/repository/com/fasterxml/jackson/core/jackson-databind/2.9.5/jackson-databind-2.9.5.jar:/home/user/.m2/repository/org/apache/hadoop/hadoop-kms/3.2.0/hadoop-kms-3.2.0-tests.jar:/home/user/.m2/repository/org/apache/hadoop/hadoop-hdds-server-scm/0.5.0-SNAPSHOT/hadoop-hdds-server-scm-0.5.0-SNAPSHOT-tests.jar:/home/user/.m2/repository/org/apache/hadoop/hadoop-hdds-container-service/0.5.0-SNAPSHOT/hadoop-hdds-container-service-0.5.0-SNAPSHOT-tests.jar:/home/user/.m2/repository/org/yaml/snakeyaml/1.16/snakeyaml-1.16.jar:/home/user/.m2/repository/org/apache/hadoop/hadoop-common/3.2.0/hadoop-common-3.2.0-tests.jar:/home/user/.m2/repository/org/apache/hadoop/hadoop-annotations/3.2.0/hadoop-annotations-3.2.0.jar:/usr/lib/jvm/java-1.8-openjdk/jre/../lib/tools.jar:/home/user/.m2/repository/commons-cli/commons-cli/1.2/commons-cli-1.2.jar:/home/user/.m2/repository/org/apache/httpcomponents/httpclient/4.5.2/httpclient-4.5.2.jar:/home/user/.m2/repository/org/apache/httpcomponents/httpcore/4.4.4/httpcore-4.4.4.jar:/home/user/.m2/repository/commons-codec/commons-codec/1.11/commons-codec-1.11.jar:/home/user/.m2/repository/commons-net/commons-net/3.6/commons-net-3.6.jar:/home/user/.m2/repository/commons-collections/commons-collections/3.2.2/commons-collections-3.2.2.jar:/home/user/.m2/repository/org/eclipse/jetty/jetty-servlet/9.3.24.v20180605/jetty-servlet-9.3.24.v20180605.jar:/home/user/.m2/repository/org/eclipse/jetty/jetty-security/9.3.24.v20180605/jetty-security-9.3.24.v20180605.jar:/home/user/.m2/repository/javax/servlet/jsp/jsp-api/2.1/jsp-api-2.1.jar:/home/user/.m2/repository/com/sun/jersey/jersey-servlet/1.19/jersey-servlet-1.19.jar:/home/user/.m2/repository/com/sun/jersey/jersey-json/1.19/jersey-json-1.19.jar:/home/user/.m2/repository/org/codehaus/jettison/jettison/1.1/jettison-1.1.jar:/home/user/.m2/repository/org/codehaus/jackson/jackson-core-asl/1.9.13/jackson-core-asl-1.9.13.jar:/home/user/.m2/repository/org/codehaus/jackson/jackson-mapper-asl/1.9.13/jackson-mapper-asl-1.9.13.jar:/home/user/.m2/repository/org/codehaus/jackson/jackson-jaxrs/1.9.13/jackson-jaxrs-1.9.13.jar:/home/user/.m2/repository/org/codehaus/jackson/jackson-xc/1.9.13/jackson-xc-1.9.13.jar:/home/user/.m2/repository/commons-logging/commons-logging/1.1.3/commons-logging-1.1.3.jar:/home/user/.m2/repository/commons-beanutils/commons-beanutils/1.9.3/commons-beanutils-1.9.3.jar:/home/user/.m2/repository/org/apache/commons/commons-configuration2/2.1.1/commons-configuration2-2.1.1.jar:/home/user/.m2/repository/org/apache/commons/commons-lang3/3.7/commons-lang3-3.7.jar:/home/user/.m2/repository/org/apache/commons/commons-text/1.4/commons-text-1.4.jar:/home/user/.m2/repository/org/apache/avro/avro/1.7.7/avro-1.7.7.jar:/home/user/.m2/repository/com/thoughtworks/paranamer/paranamer/2.3/paranamer-2.3.jar:/home/user/.m2/repository/org/xerial/snappy/snappy-java/1.0.5/snappy-java-1.0.5.jar:/home/user/.m2/repository/com/google/re2j/re2j/1.1/re2j-1.1.jar:/home/user/.m2/repository/com/google/code/gson/gson/2.2.4/gson-2.2.4.jar:/home/user/.m2/repository/com/jcraft/jsch/0.1.54/jsch-0.1.54.jar:/home/user/.m2/repository/org/apache/curator/curator-client/2.12.0/curator-client-2.12.0.jar:/home/user/.m2/repository/org/apache/curator/curator-recipes/2.12.0/curator-recipes-2.12.0.jar:/home/user/.m2/repository/com/google/code/findbugs/jsr305/3.0.0/jsr305-3.0.0.jar:/home/user/.m2/repository/org/apache/htrace/htrace-core4/4.1.0-incubating/htrace-core4-4.1.0-incubating.jar:/home/user/.m2/repository/org/apache/zookeeper/zookeeper/3.4.13/zookeeper-3.4.13.jar:/home/user/.m2/repository/org/apache/yetus/audience-annotations/0.5.0/audience-annotations-0.5.0.jar:/home/user/.m2/repository/org/codehaus/woodstox/stax2-api/3.1.4/stax2-api-3.1.4.jar:/home/user/.m2/repository/com/fasterxml/woodstox/woodstox-core/5.0.3/woodstox-core-5.0.3.jar:/home/user/.m2/repository/dnsjava/dnsjava/2.1.7/dnsjava-2.1.7.jar:/home/user/.m2/repository/org/apache/hadoop/hadoop-hdfs/3.2.0/hadoop-hdfs-3.2.0-tests.jar:/home/user/.m2/repository/org/eclipse/jetty/jetty-util-ajax/9.3.24.v20180605/jetty-util-ajax-9.3.24.v20180605.jar:/home/user/.m2/repository/commons-daemon/commons-daemon/1.0.13/commons-daemon-1.0.13.jar:/home/user/.m2/repository/io/netty/netty/3.10.5.Final/netty-3.10.5.Final.jar:/home/user/.m2/repository/io/netty/netty-all/4.0.52.Final/netty-all-4.0.52.Final.jar:/home/user/.m2/repository/org/fusesource/leveldbjni/leveldbjni-all/1.8/leveldbjni-all-1.8.jar:"/>
    <property name="java.vm.vendor" value="IcedTea"/>
    <property name="sun.arch.data.model" value="64"/>
    <property name="test.build.dir" value="/workdir/hadoop-ozone/integration-test/target/test-dir"/>
    <property name="test.cache.data" value=""/>
    <property name="java.vendor.url" value="https://icedtea.classpath.org"/>
    <property name="user.timezone" value=""/>
    <property name="java.vm.specification.version" value="1.8"/>
    <property name="os.name" value="Linux"/>
    <property name="test.build.data" value="/workdir/hadoop-ozone/integration-test/target/test-dir"/>
    <property name="user.country" value="US"/>
    <property name="sun.java.launcher" value="SUN_STANDARD"/>
    <property name="sun.boot.library.path" value="/usr/lib/jvm/java-1.8-openjdk/jre/lib/amd64"/>
    <property name="sun.java.command" value="/workdir/hadoop-ozone/integration-test/target/surefire/surefirebooter5818050639931818503.jar /workdir/hadoop-ozone/integration-test/target/surefire 2019-08-22T20-05-08_878-jvmRun1 surefire3824447393639655079tmp surefire_204491397137021675483tmp"/>
    <property name="test" value="!TestMiniChaosOzoneCluster"/>
    <property name="surefire.test.class.path" value="/workdir/hadoop-ozone/integration-test/target/test-classes:/workdir/hadoop-ozone/integration-test/target/classes:/home/user/.m2/repository/org/apache/hadoop/hadoop-ozone-common/0.5.0-SNAPSHOT/hadoop-ozone-common-0.5.0-SNAPSHOT.jar:/home/user/.m2/repository/org/apache/commons/commons-compress/1.4.1/commons-compress-1.4.1.jar:/home/user/.m2/repository/org/tukaani/xz/1.0/xz-1.0.jar:/home/user/.m2/repository/org/apache/hadoop/hadoop-common/3.2.0/hadoop-common-3.2.0.jar:/home/user/.m2/repository/org/apache/hadoop/hadoop-hdfs/3.2.0/hadoop-hdfs-3.2.0.jar:/home/user/.m2/repository/org/apache/hadoop/hadoop-hdfs-client/3.2.0/hadoop-hdfs-client-3.2.0.jar:/home/user/.m2/repository/com/fasterxml/jackson/core/jackson-annotations/2.9.5/jackson-annotations-2.9.5.jar:/home/user/.m2/repository/org/apache/hadoop/hadoop-hdds-common/0.5.0-SNAPSHOT/hadoop-hdds-common-0.5.0-SNAPSHOT.jar:/home/user/.m2/repository/javax/annotation/javax.annotation-api/1.2/javax.annotation-api-1.2.jar:/home/user/.m2/repository/org/apache/ratis/ratis-server/0.4.0-2337318-SNAPSHOT/ratis-server-0.4.0-2337318-SNAPSHOT.jar:/home/user/.m2/repository/org/apache/ratis/ratis-thirdparty-misc/0.2.0/ratis-thirdparty-misc-0.2.0.jar:/home/user/.m2/repository/org/apache/ratis/ratis-proto/0.4.0-2337318-SNAPSHOT/ratis-proto-0.4.0-2337318-SNAPSHOT.jar:/home/user/.m2/repository/org/apache/ratis/ratis-common/0.4.0-2337318-SNAPSHOT/ratis-common-0.4.0-2337318-SNAPSHOT.jar:/home/user/.m2/repository/org/apache/ratis/ratis-client/0.4.0-2337318-SNAPSHOT/ratis-client-0.4.0-2337318-SNAPSHOT.jar:/home/user/.m2/repository/org/apache/ratis/ratis-metrics/0.4.0-2337318-SNAPSHOT/ratis-metrics-0.4.0-2337318-SNAPSHOT.jar:/home/user/.m2/repository/org/apache/ratis/ratis-netty/0.4.0-2337318-SNAPSHOT/ratis-netty-0.4.0-2337318-SNAPSHOT.jar:/home/user/.m2/repository/org/apache/ratis/ratis-grpc/0.4.0-2337318-SNAPSHOT/ratis-grpc-0.4.0-2337318-SNAPSHOT.jar:/home/user/.m2/repository/org/rocksdb/rocksdbjni/6.0.1/rocksdbjni-6.0.1.jar:/home/user/.m2/repository/org/apache/logging/log4j/log4j-api/2.11.0/log4j-api-2.11.0.jar:/home/user/.m2/repository/org/apache/logging/log4j/log4j-core/2.11.0/log4j-core-2.11.0.jar:/home/user/.m2/repository/com/lmax/disruptor/3.4.2/disruptor-3.4.2.jar:/home/user/.m2/repository/org/apache/commons/commons-pool2/2.6.0/commons-pool2-2.6.0.jar:/home/user/.m2/repository/org/bouncycastle/bcpkix-jdk15on/1.60/bcpkix-jdk15on-1.60.jar:/home/user/.m2/repository/commons-validator/commons-validator/1.6/commons-validator-1.6.jar:/home/user/.m2/repository/commons-digester/commons-digester/1.8.1/commons-digester-1.8.1.jar:/home/user/.m2/repository/io/jaegertracing/jaeger-client/0.33.1/jaeger-client-0.33.1.jar:/home/user/.m2/repository/io/jaegertracing/jaeger-thrift/0.33.1/jaeger-thrift-0.33.1.jar:/home/user/.m2/repository/org/apache/thrift/libthrift/0.11.0/libthrift-0.11.0.jar:/home/user/.m2/repository/com/squareup/okhttp3/okhttp/3.9.0/okhttp-3.9.0.jar:/home/user/.m2/repository/com/squareup/okio/okio/1.13.0/okio-1.13.0.jar:/home/user/.m2/repository/io/jaegertracing/jaeger-core/0.33.1/jaeger-core-0.33.1.jar:/home/user/.m2/repository/io/jaegertracing/jaeger-tracerresolver/0.33.1/jaeger-tracerresolver-0.33.1.jar:/home/user/.m2/repository/io/opentracing/contrib/opentracing-tracerresolver/0.1.5/opentracing-tracerresolver-0.1.5.jar:/home/user/.m2/repository/io/opentracing/opentracing-util/0.31.0/opentracing-util-0.31.0.jar:/home/user/.m2/repository/io/opentracing/opentracing-api/0.31.0/opentracing-api-0.31.0.jar:/home/user/.m2/repository/io/opentracing/opentracing-noop/0.31.0/opentracing-noop-0.31.0.jar:/home/user/.m2/repository/org/apache/hadoop/hadoop-hdds-server-framework/0.5.0-SNAPSHOT/hadoop-hdds-server-framework-0.5.0-SNAPSHOT.jar:/home/user/.m2/repository/org/apache/hadoop/hadoop-hdds-container-service/0.5.0-SNAPSHOT/hadoop-hdds-container-service-0.5.0-SNAPSHOT.jar:/home/user/.m2/repository/org/apache/hadoop/hadoop-hdds-client/0.5.0-SNAPSHOT/hadoop-hdds-client-0.5.0-SNAPSHOT.jar:/home/user/.m2/repository/org/apache/hadoop/hadoop-hdds-tools/0.5.0-SNAPSHOT/hadoop-hdds-tools-0.5.0-SNAPSHOT.jar:/home/user/.m2/repository/org/apache/hadoop/hadoop-hdds-server-scm/0.5.0-SNAPSHOT/hadoop-hdds-server-scm-0.5.0-SNAPSHOT.jar:/home/user/.m2/repository/org/apache/hadoop/hadoop-hdds-docs/0.5.0-SNAPSHOT/hadoop-hdds-docs-0.5.0-SNAPSHOT.jar:/home/user/.m2/repository/io/dropwizard/metrics/metrics-core/3.2.4/metrics-core-3.2.4.jar:/home/user/.m2/repository/org/hamcrest/hamcrest-all/1.3/hamcrest-all-1.3.jar:/home/user/.m2/repository/org/bouncycastle/bcprov-jdk15on/1.60/bcprov-jdk15on-1.60.jar:/home/user/.m2/repository/info/picocli/picocli/3.9.6/picocli-3.9.6.jar:/home/user/.m2/repository/com/google/protobuf/protobuf-java/2.5.0/protobuf-java-2.5.0.jar:/home/user/.m2/repository/com/google/guava/guava/11.0.2/guava-11.0.2.jar:/home/user/.m2/repository/org/apache/hadoop/hadoop-ozone-ozone-manager/0.5.0-SNAPSHOT/hadoop-ozone-ozone-manager-0.5.0-SNAPSHOT.jar:/home/user/.m2/repository/org/apache/hadoop/hadoop-minikdc/3.2.0/hadoop-minikdc-3.2.0.jar:/home/user/.m2/repository/commons-io/commons-io/2.5/commons-io-2.5.jar:/home/user/.m2/repository/org/apache/kerby/kerb-simplekdc/1.0.1/kerb-simplekdc-1.0.1.jar:/home/user/.m2/repository/org/apache/kerby/kerb-client/1.0.1/kerb-client-1.0.1.jar:/home/user/.m2/repository/org/apache/kerby/kerby-config/1.0.1/kerby-config-1.0.1.jar:/home/user/.m2/repository/org/apache/kerby/kerb-core/1.0.1/kerb-core-1.0.1.jar:/home/user/.m2/repository/org/apache/kerby/kerby-pkix/1.0.1/kerby-pkix-1.0.1.jar:/home/user/.m2/repository/org/apache/kerby/kerby-asn1/1.0.1/kerby-asn1-1.0.1.jar:/home/user/.m2/repository/org/apache/kerby/kerby-util/1.0.1/kerby-util-1.0.1.jar:/home/user/.m2/repository/org/apache/kerby/kerb-common/1.0.1/kerb-common-1.0.1.jar:/home/user/.m2/repository/org/apache/kerby/kerb-crypto/1.0.1/kerb-crypto-1.0.1.jar:/home/user/.m2/repository/org/apache/kerby/kerb-util/1.0.1/kerb-util-1.0.1.jar:/home/user/.m2/repository/org/apache/kerby/token-provider/1.0.1/token-provider-1.0.1.jar:/home/user/.m2/repository/org/apache/kerby/kerb-admin/1.0.1/kerb-admin-1.0.1.jar:/home/user/.m2/repository/org/apache/kerby/kerb-server/1.0.1/kerb-server-1.0.1.jar:/home/user/.m2/repository/org/apache/kerby/kerb-identity/1.0.1/kerb-identity-1.0.1.jar:/home/user/.m2/repository/org/apache/kerby/kerby-xdr/1.0.1/kerby-xdr-1.0.1.jar:/home/user/.m2/repository/org/slf4j/slf4j-log4j12/1.7.25/slf4j-log4j12-1.7.25.jar:/home/user/.m2/repository/org/apache/hadoop/hadoop-ozone-objectstore-service/0.5.0-SNAPSHOT/hadoop-ozone-objectstore-service-0.5.0-SNAPSHOT.jar:/home/user/.m2/repository/org/apache/hadoop/hadoop-ozone-s3gateway/0.5.0-SNAPSHOT/hadoop-ozone-s3gateway-0.5.0-SNAPSHOT.jar:/home/user/.m2/repository/org/jboss/weld/servlet/weld-servlet/2.4.7.Final/weld-servlet-2.4.7.Final.jar:/home/user/.m2/repository/org/glassfish/jersey/containers/jersey-container-servlet-core/2.27/jersey-container-servlet-core-2.27.jar:/home/user/.m2/repository/org/glassfish/hk2/external/javax.inject/2.5.0-b42/javax.inject-2.5.0-b42.jar:/home/user/.m2/repository/org/glassfish/jersey/core/jersey-common/2.27/jersey-common-2.27.jar:/home/user/.m2/repository/org/glassfish/hk2/osgi-resource-locator/1.0.1/osgi-resource-locator-1.0.1.jar:/home/user/.m2/repository/javax/ws/rs/javax.ws.rs-api/2.1/javax.ws.rs-api-2.1.jar:/home/user/.m2/repository/org/glassfish/jersey/ext/cdi/jersey-cdi1x/2.27/jersey-cdi1x-2.27.jar:/home/user/.m2/repository/org/glassfish/jersey/inject/jersey-hk2/2.27/jersey-hk2-2.27.jar:/home/user/.m2/repository/org/glassfish/hk2/hk2-locator/2.5.0-b42/hk2-locator-2.5.0-b42.jar:/home/user/.m2/repository/org/javassist/javassist/3.22.0-CR2/javassist-3.22.0-CR2.jar:/home/user/.m2/repository/org/glassfish/hk2/hk2-api/2.5.0/hk2-api-2.5.0.jar:/home/user/.m2/repository/org/glassfish/hk2/external/jakarta.inject/2.5.0/jakarta.inject-2.5.0.jar:/home/user/.m2/repository/org/glassfish/hk2/hk2-utils/2.5.0/hk2-utils-2.5.0.jar:/home/user/.m2/repository/jakarta/annotation/jakarta.annotation-api/1.3.4/jakarta.annotation-api-1.3.4.jar:/home/user/.m2/repository/org/glassfish/hk2/external/aopalliance-repackaged/2.5.0/aopalliance-repackaged-2.5.0.jar:/home/user/.m2/repository/com/fasterxml/jackson/dataformat/jackson-dataformat-xml/2.9.0/jackson-dataformat-xml-2.9.0.jar:/home/user/.m2/repository/com/fasterxml/jackson/core/jackson-core/2.9.5/jackson-core-2.9.5.jar:/home/user/.m2/repository/com/fasterxml/jackson/module/jackson-module-jaxb-annotations/2.9.5/jackson-module-jaxb-annotations-2.9.5.jar:/home/user/.m2/repository/javax/enterprise/cdi-api/1.2/cdi-api-1.2.jar:/home/user/.m2/repository/javax/el/javax.el-api/3.0.0/javax.el-api-3.0.0.jar:/home/user/.m2/repository/javax/interceptor/javax.interceptor-api/1.2/javax.interceptor-api-1.2.jar:/home/user/.m2/repository/javax/inject/javax.inject/1/javax.inject-1.jar:/home/user/.m2/repository/com/sun/xml/bind/jaxb-impl/2.3.0.1/jaxb-impl-2.3.0.1.jar:/home/user/.m2/repository/com/sun/xml/bind/jaxb-core/2.3.0.1/jaxb-core-2.3.0.1.jar:/home/user/.m2/repository/javax/xml/bind/jaxb-api/2.3.0/jaxb-api-2.3.0.jar:/home/user/.m2/repository/javax/activation/activation/1.1.1/activation-1.1.1.jar:/home/user/.m2/repository/org/apache/hadoop/hadoop-ozone-csi/0.5.0-SNAPSHOT/hadoop-ozone-csi-0.5.0-SNAPSHOT.jar:/home/user/.m2/repository/com/google/protobuf/protobuf-java-util/3.5.1/protobuf-java-util-3.5.1.jar:/home/user/.m2/repository/org/apache/hadoop/hadoop-hdds-config/0.5.0-SNAPSHOT/hadoop-hdds-config-0.5.0-SNAPSHOT.jar:/home/user/.m2/repository/io/grpc/grpc-netty/1.17.1/grpc-netty-1.17.1.jar:/home/user/.m2/repository/io/grpc/grpc-core/1.17.1/grpc-core-1.17.1.jar:/home/user/.m2/repository/io/grpc/grpc-context/1.17.1/grpc-context-1.17.1.jar:/home/user/.m2/repository/com/google/errorprone/error_prone_annotations/2.2.0/error_prone_annotations-2.2.0.jar:/home/user/.m2/repository/org/codehaus/mojo/animal-sniffer-annotations/1.17/animal-sniffer-annotations-1.17.jar:/home/user/.m2/repository/io/opencensus/opencensus-api/0.17.0/opencensus-api-0.17.0.jar:/home/user/.m2/repository/io/opencensus/opencensus-contrib-grpc-metrics/0.17.0/opencensus-contrib-grpc-metrics-0.17.0.jar:/home/user/.m2/repository/io/netty/netty-codec-http2/4.1.30.Final/netty-codec-http2-4.1.30.Final.jar:/home/user/.m2/repository/io/netty/netty-codec-http/4.1.30.Final/netty-codec-http-4.1.30.Final.jar:/home/user/.m2/repository/io/netty/netty-codec/4.1.30.Final/netty-codec-4.1.30.Final.jar:/home/user/.m2/repository/io/netty/netty-handler/4.1.30.Final/netty-handler-4.1.30.Final.jar:/home/user/.m2/repository/io/netty/netty-handler-proxy/4.1.30.Final/netty-handler-proxy-4.1.30.Final.jar:/home/user/.m2/repository/io/netty/netty-codec-socks/4.1.30.Final/netty-codec-socks-4.1.30.Final.jar:/home/user/.m2/repository/io/netty/netty-transport-native-epoll/4.1.30.Final/netty-transport-native-epoll-4.1.30.Final.jar:/home/user/.m2/repository/io/netty/netty-common/4.1.30.Final/netty-common-4.1.30.Final.jar:/home/user/.m2/repository/io/netty/netty-buffer/4.1.30.Final/netty-buffer-4.1.30.Final.jar:/home/user/.m2/repository/io/netty/netty-transport/4.1.30.Final/netty-transport-4.1.30.Final.jar:/home/user/.m2/repository/io/netty/netty-resolver/4.1.30.Final/netty-resolver-4.1.30.Final.jar:/home/user/.m2/repository/io/netty/netty-transport-native-unix-common/4.1.30.Final/netty-transport-native-unix-common-4.1.30.Final.jar:/home/user/.m2/repository/io/grpc/grpc-protobuf/1.17.1/grpc-protobuf-1.17.1.jar:/home/user/.m2/repository/com/google/api/grpc/proto-google-common-protos/1.0.0/proto-google-common-protos-1.0.0.jar:/home/user/.m2/repository/io/grpc/grpc-protobuf-lite/1.17.1/grpc-protobuf-lite-1.17.1.jar:/home/user/.m2/repository/io/grpc/grpc-stub/1.17.1/grpc-stub-1.17.1.jar:/home/user/.m2/repository/org/apache/hadoop/hadoop-ozone-recon/0.5.0-SNAPSHOT/hadoop-ozone-recon-0.5.0-SNAPSHOT.jar:/home/user/.m2/repository/org/apache/hadoop/hadoop-ozone-reconcodegen/0.5.0-SNAPSHOT/hadoop-ozone-reconcodegen-0.5.0-SNAPSHOT.jar:/home/user/.m2/repository/com/google/inject/extensions/guice-multibindings/4.0/guice-multibindings-4.0.jar:/home/user/.m2/repository/com/google/inject/guice/4.0/guice-4.0.jar:/home/user/.m2/repository/aopalliance/aopalliance/1.0/aopalliance-1.0.jar:/home/user/.m2/repository/com/google/inject/extensions/guice-servlet/4.0/guice-servlet-4.0.jar:/home/user/.m2/repository/org/glassfish/jersey/containers/jersey-container-servlet/2.27/jersey-container-servlet-2.27.jar:/home/user/.m2/repository/org/glassfish/hk2/guice-bridge/2.5.0/guice-bridge-2.5.0.jar:/home/user/.m2/repository/org/glassfish/jersey/core/jersey-server/2.27/jersey-server-2.27.jar:/home/user/.m2/repository/org/glassfish/jersey/core/jersey-client/2.27/jersey-client-2.27.jar:/home/user/.m2/repository/org/glassfish/jersey/media/jersey-media-jaxb/2.27/jersey-media-jaxb-2.27.jar:/home/user/.m2/repository/javax/validation/validation-api/1.1.0.Final/validation-api-1.1.0.Final.jar:/home/user/.m2/repository/org/glassfish/jersey/media/jersey-media-json-jackson/2.27/jersey-media-json-jackson-2.27.jar:/home/user/.m2/repository/org/glassfish/jersey/ext/jersey-entity-filtering/2.27/jersey-entity-filtering-2.27.jar:/home/user/.m2/repository/com/google/inject/extensions/guice-assistedinject/4.0/guice-assistedinject-4.0.jar:/home/user/.m2/repository/org/jooq/jooq/3.11.10/jooq-3.11.10.jar:/home/user/.m2/repository/org/jooq/jooq-meta/3.11.10/jooq-meta-3.11.10.jar:/home/user/.m2/repository/org/jooq/jooq-codegen/3.11.10/jooq-codegen-3.11.10.jar:/home/user/.m2/repository/com/jolbox/bonecp/0.8.0.RELEASE/bonecp-0.8.0.RELEASE.jar:/home/user/.m2/repository/org/xerial/sqlite-jdbc/3.25.2/sqlite-jdbc-3.25.2.jar:/home/user/.m2/repository/org/springframework/spring-jdbc/5.1.3.RELEASE/spring-jdbc-5.1.3.RELEASE.jar:/home/user/.m2/repository/org/springframework/spring-beans/5.1.3.RELEASE/spring-beans-5.1.3.RELEASE.jar:/home/user/.m2/repository/org/springframework/spring-core/5.1.3.RELEASE/spring-core-5.1.3.RELEASE.jar:/home/user/.m2/repository/org/springframework/spring-jcl/5.1.3.RELEASE/spring-jcl-5.1.3.RELEASE.jar:/home/user/.m2/repository/org/springframework/spring-tx/5.1.3.RELEASE/spring-tx-5.1.3.RELEASE.jar:/home/user/.m2/repository/org/apache/hadoop/hadoop-ozone-client/0.5.0-SNAPSHOT/hadoop-ozone-client-0.5.0-SNAPSHOT.jar:/home/user/.m2/repository/commons-lang/commons-lang/2.6/commons-lang-2.6.jar:/home/user/.m2/repository/org/apache/hadoop/hadoop-ozone-ozone-manager/0.5.0-SNAPSHOT/hadoop-ozone-ozone-manager-0.5.0-SNAPSHOT-tests.jar:/home/user/.m2/repository/junit/junit/4.11/junit-4.11.jar:/home/user/.m2/repository/org/hamcrest/hamcrest-core/1.3/hamcrest-core-1.3.jar:/home/user/.m2/repository/org/openjdk/jmh/jmh-core/1.19/jmh-core-1.19.jar:/home/user/.m2/repository/net/sf/jopt-simple/jopt-simple/4.6/jopt-simple-4.6.jar:/home/user/.m2/repository/org/apache/commons/commons-math3/3.1.1/commons-math3-3.1.1.jar:/home/user/.m2/repository/org/openjdk/jmh/jmh-generator-annprocess/1.19/jmh-generator-annprocess-1.19.jar:/home/user/.m2/repository/org/mockito/mockito-all/1.8.5/mockito-all-1.8.5.jar:/home/user/.m2/repository/org/apache/hadoop/hadoop-kms/3.2.0/hadoop-kms-3.2.0.jar:/home/user/.m2/repository/org/apache/hadoop/hadoop-auth/3.2.0/hadoop-auth-3.2.0.jar:/home/user/.m2/repository/com/nimbusds/nimbus-jose-jwt/4.41.1/nimbus-jose-jwt-4.41.1.jar:/home/user/.m2/repository/com/github/stephenc/jcip/jcip-annotations/1.0-1/jcip-annotations-1.0-1.jar:/home/user/.m2/repository/net/minidev/json-smart/2.3/json-smart-2.3.jar:/home/user/.m2/repository/net/minidev/accessors-smart/1.2/accessors-smart-1.2.jar:/home/user/.m2/repository/org/ow2/asm/asm/5.0.4/asm-5.0.4.jar:/home/user/.m2/repository/org/apache/curator/curator-framework/2.12.0/curator-framework-2.12.0.jar:/home/user/.m2/repository/com/sun/jersey/jersey-core/1.19/jersey-core-1.19.jar:/home/user/.m2/repository/javax/ws/rs/jsr311-api/1.1.1/jsr311-api-1.1.1.jar:/home/user/.m2/repository/com/sun/jersey/jersey-server/1.19/jersey-server-1.19.jar:/home/user/.m2/repository/javax/servlet/javax.servlet-api/3.1.0/javax.servlet-api-3.1.0.jar:/home/user/.m2/repository/org/eclipse/jetty/jetty-server/9.3.24.v20180605/jetty-server-9.3.24.v20180605.jar:/home/user/.m2/repository/org/eclipse/jetty/jetty-http/9.3.24.v20180605/jetty-http-9.3.24.v20180605.jar:/home/user/.m2/repository/org/eclipse/jetty/jetty-io/9.3.24.v20180605/jetty-io-9.3.24.v20180605.jar:/home/user/.m2/repository/org/eclipse/jetty/jetty-webapp/9.3.24.v20180605/jetty-webapp-9.3.24.v20180605.jar:/home/user/.m2/repository/org/eclipse/jetty/jetty-xml/9.3.24.v20180605/jetty-xml-9.3.24.v20180605.jar:/home/user/.m2/repository/log4j/log4j/1.2.17/log4j-1.2.17.jar:/home/user/.m2/repository/org/slf4j/slf4j-api/1.7.25/slf4j-api-1.7.25.jar:/home/user/.m2/repository/org/slf4j/jul-to-slf4j/1.7.25/jul-to-slf4j-1.7.25.jar:/home/user/.m2/repository/org/eclipse/jetty/jetty-util/9.3.24.v20180605/jetty-util-9.3.24.v20180605.jar:/home/user/.m2/repository/com/fasterxml/jackson/core/jackson-databind/2.9.5/jackson-databind-2.9.5.jar:/home/user/.m2/repository/org/apache/hadoop/hadoop-kms/3.2.0/hadoop-kms-3.2.0-tests.jar:/home/user/.m2/repository/org/apache/hadoop/hadoop-hdds-server-scm/0.5.0-SNAPSHOT/hadoop-hdds-server-scm-0.5.0-SNAPSHOT-tests.jar:/home/user/.m2/repository/org/apache/hadoop/hadoop-hdds-container-service/0.5.0-SNAPSHOT/hadoop-hdds-container-service-0.5.0-SNAPSHOT-tests.jar:/home/user/.m2/repository/org/yaml/snakeyaml/1.16/snakeyaml-1.16.jar:/home/user/.m2/repository/org/apache/hadoop/hadoop-common/3.2.0/hadoop-common-3.2.0-tests.jar:/home/user/.m2/repository/org/apache/hadoop/hadoop-annotations/3.2.0/hadoop-annotations-3.2.0.jar:/usr/lib/jvm/java-1.8-openjdk/jre/../lib/tools.jar:/home/user/.m2/repository/commons-cli/commons-cli/1.2/commons-cli-1.2.jar:/home/user/.m2/repository/org/apache/httpcomponents/httpclient/4.5.2/httpclient-4.5.2.jar:/home/user/.m2/repository/org/apache/httpcomponents/httpcore/4.4.4/httpcore-4.4.4.jar:/home/user/.m2/repository/commons-codec/commons-codec/1.11/commons-codec-1.11.jar:/home/user/.m2/repository/commons-net/commons-net/3.6/commons-net-3.6.jar:/home/user/.m2/repository/commons-collections/commons-collections/3.2.2/commons-collections-3.2.2.jar:/home/user/.m2/repository/org/eclipse/jetty/jetty-servlet/9.3.24.v20180605/jetty-servlet-9.3.24.v20180605.jar:/home/user/.m2/repository/org/eclipse/jetty/jetty-security/9.3.24.v20180605/jetty-security-9.3.24.v20180605.jar:/home/user/.m2/repository/javax/servlet/jsp/jsp-api/2.1/jsp-api-2.1.jar:/home/user/.m2/repository/com/sun/jersey/jersey-servlet/1.19/jersey-servlet-1.19.jar:/home/user/.m2/repository/com/sun/jersey/jersey-json/1.19/jersey-json-1.19.jar:/home/user/.m2/repository/org/codehaus/jettison/jettison/1.1/jettison-1.1.jar:/home/user/.m2/repository/org/codehaus/jackson/jackson-core-asl/1.9.13/jackson-core-asl-1.9.13.jar:/home/user/.m2/repository/org/codehaus/jackson/jackson-mapper-asl/1.9.13/jackson-mapper-asl-1.9.13.jar:/home/user/.m2/repository/org/codehaus/jackson/jackson-jaxrs/1.9.13/jackson-jaxrs-1.9.13.jar:/home/user/.m2/repository/org/codehaus/jackson/jackson-xc/1.9.13/jackson-xc-1.9.13.jar:/home/user/.m2/repository/commons-logging/commons-logging/1.1.3/commons-logging-1.1.3.jar:/home/user/.m2/repository/commons-beanutils/commons-beanutils/1.9.3/commons-beanutils-1.9.3.jar:/home/user/.m2/repository/org/apache/commons/commons-configuration2/2.1.1/commons-configuration2-2.1.1.jar:/home/user/.m2/repository/org/apache/commons/commons-lang3/3.7/commons-lang3-3.7.jar:/home/user/.m2/repository/org/apache/commons/commons-text/1.4/commons-text-1.4.jar:/home/user/.m2/repository/org/apache/avro/avro/1.7.7/avro-1.7.7.jar:/home/user/.m2/repository/com/thoughtworks/paranamer/paranamer/2.3/paranamer-2.3.jar:/home/user/.m2/repository/org/xerial/snappy/snappy-java/1.0.5/snappy-java-1.0.5.jar:/home/user/.m2/repository/com/google/re2j/re2j/1.1/re2j-1.1.jar:/home/user/.m2/repository/com/google/code/gson/gson/2.2.4/gson-2.2.4.jar:/home/user/.m2/repository/com/jcraft/jsch/0.1.54/jsch-0.1.54.jar:/home/user/.m2/repository/org/apache/curator/curator-client/2.12.0/curator-client-2.12.0.jar:/home/user/.m2/repository/org/apache/curator/curator-recipes/2.12.0/curator-recipes-2.12.0.jar:/home/user/.m2/repository/com/google/code/findbugs/jsr305/3.0.0/jsr305-3.0.0.jar:/home/user/.m2/repository/org/apache/htrace/htrace-core4/4.1.0-incubating/htrace-core4-4.1.0-incubating.jar:/home/user/.m2/repository/org/apache/zookeeper/zookeeper/3.4.13/zookeeper-3.4.13.jar:/home/user/.m2/repository/org/apache/yetus/audience-annotations/0.5.0/audience-annotations-0.5.0.jar:/home/user/.m2/repository/org/codehaus/woodstox/stax2-api/3.1.4/stax2-api-3.1.4.jar:/home/user/.m2/repository/com/fasterxml/woodstox/woodstox-core/5.0.3/woodstox-core-5.0.3.jar:/home/user/.m2/repository/dnsjava/dnsjava/2.1.7/dnsjava-2.1.7.jar:/home/user/.m2/repository/org/apache/hadoop/hadoop-hdfs/3.2.0/hadoop-hdfs-3.2.0-tests.jar:/home/user/.m2/repository/org/eclipse/jetty/jetty-util-ajax/9.3.24.v20180605/jetty-util-ajax-9.3.24.v20180605.jar:/home/user/.m2/repository/commons-daemon/commons-daemon/1.0.13/commons-daemon-1.0.13.jar:/home/user/.m2/repository/io/netty/netty/3.10.5.Final/netty-3.10.5.Final.jar:/home/user/.m2/repository/io/netty/netty-all/4.0.52.Final/netty-all-4.0.52.Final.jar:/home/user/.m2/repository/org/fusesource/leveldbjni/leveldbjni-all/1.8/leveldbjni-all-1.8.jar:"/>
    <property name="sun.cpu.endian" value="little"/>
    <property name="user.home" value="/home/user"/>
    <property name="user.language" value="en"/>
    <property name="java.specification.vendor" value="Oracle Corporation"/>
    <property name="java.home" value="/usr/lib/jvm/java-1.8-openjdk/jre"/>
    <property name="java.security.krb5.conf" value="/workdir/hadoop-ozone/integration-test/target/test-classes/krb5.conf"/>
    <property name="basedir" value="/workdir/hadoop-ozone/integration-test"/>
    <property name="file.separator" value="/"/>
    <property name="line.separator" value="&#10;"/>
    <property name="java.vm.specification.vendor" value="Oracle Corporation"/>
    <property name="java.specification.name" value="Java Platform API Specification"/>
    <property name="java.awt.graphicsenv" value="sun.awt.X11GraphicsEnvironment"/>
    <property name="surefire.real.class.path" value="/workdir/hadoop-ozone/integration-test/target/surefire/surefirebooter5818050639931818503.jar"/>
    <property name="hadoop.log.dir" value="/workdir/hadoop-ozone/integration-test/target/log"/>
    <property name="sun.boot.class.path" value="/usr/lib/jvm/java-1.8-openjdk/jre/lib/resources.jar:/usr/lib/jvm/java-1.8-openjdk/jre/lib/rt.jar:/usr/lib/jvm/java-1.8-openjdk/jre/lib/sunrsasign.jar:/usr/lib/jvm/java-1.8-openjdk/jre/lib/jsse.jar:/usr/lib/jvm/java-1.8-openjdk/jre/lib/jce.jar:/usr/lib/jvm/java-1.8-openjdk/jre/lib/charsets.jar:/usr/lib/jvm/java-1.8-openjdk/jre/lib/jfr.jar:/usr/lib/jvm/java-1.8-openjdk/jre/classes"/>
    <property name="sun.management.compiler" value="HotSpot 64-Bit Tiered Compilers"/>
    <property name="java.runtime.version" value="1.8.0_212-b04"/>
    <property name="java.net.preferIPv4Stack" value="true"/>
    <property name="user.name" value="jenkins1000"/>
    <property name="path.separator" value=":"/>
    <property name="java.security.egd" value="file:///dev/urandom"/>
    <property name="os.version" value="3.10.0-957.12.2.el7.x86_64"/>
    <property name="java.endorsed.dirs" value="/usr/lib/jvm/java-1.8-openjdk/jre/lib/endorsed"/>
    <property name="java.runtime.name" value="OpenJDK Runtime Environment"/>
    <property name="file.encoding" value="UTF-8"/>
    <property name="java.vm.name" value="OpenJDK 64-Bit Server VM"/>
    <property name="test.build.webapps" value=""/>
    <property name="localRepository" value="/home/user/.m2/repository"/>
    <property name="java.vendor.url.bug" value="https://icedtea.classpath.org/bugzilla"/>
    <property name="java.io.tmpdir" value="/tmp"/>
    <property name="require.test.libhadoop" value=""/>
    <property name="java.version" value="1.8.0_212"/>
    <property name="user.dir" value="/workdir/hadoop-ozone/integration-test"/>
    <property name="os.arch" value="amd64"/>
    <property name="java.vm.specification.name" value="Java Virtual Machine Specification"/>
    <property name="test.build.classes" value="/workdir/hadoop-ozone/integration-test/target/test-classes"/>
    <property name="java.awt.printerjob" value="sun.print.PSPrinterJob"/>
    <property name="sun.os.patch.level" value="unknown"/>
    <property name="hadoop.tmp.dir" value="/workdir/hadoop-ozone/integration-test/target/tmp"/>
    <property name="java.library.path" value="/usr/lib/jvm/java-1.8-openjdk/jre/lib/amd64/server:/usr/lib/jvm/java-1.8-openjdk/jre/lib/amd64:/usr/lib/jvm/java-1.8-openjdk/jre/../lib/amd64:/workdir/hadoop-ozone/integration-test/target/native/target/usr/local/lib:/workdir/hadoop-ozone/integration-test/../../hadoop-common-project/hadoop-common/target/native/target/usr/local/lib:/usr/java/packages/lib/amd64:/usr/lib64:/lib64:/lib:/usr/lib"/>
    <property name="java.vm.info" value="mixed mode"/>
    <property name="java.vendor" value="IcedTea"/>
    <property name="java.vm.version" value="25.212-b04"/>
    <property name="java.ext.dirs" value="/usr/lib/jvm/java-1.8-openjdk/jre/lib/ext:/usr/java/packages/lib/ext"/>
    <property name="sun.io.unicode.encoding" value="UnicodeLittle"/>
    <property name="java.class.version" value="52.0"/>
  </properties>
  <testcase name="test2DatanodesFailure" classname="org.apache.hadoop.ozone.client.rpc.TestBlockOutputStreamWithFailures" time="49.523"/>
  <testcase name="testDatanodeFailureWithPreAllocation" classname="org.apache.hadoop.ozone.client.rpc.TestBlockOutputStreamWithFailures" time="227.463"/>
  <testcase name="testDatanodeFailureWithSingleNodeRatis" classname="org.apache.hadoop.ozone.client.rpc.TestBlockOutputStreamWithFailures" time="226.274"/>
  <testcase name="testWatchForCommitWithSingleNodeRatis" classname="org.apache.hadoop.ozone.client.rpc.TestBlockOutputStreamWithFailures" time="42.24"/>
  <testcase name="testWatchForCommitDatanodeFailure" classname="org.apache.hadoop.ozone.client.rpc.TestBlockOutputStreamWithFailures" time="42.525">
    <failure message="expected:&lt;2&gt; but was:&lt;3&gt;" type="java.lang.AssertionError"><![CDATA[java.lang.AssertionError: expected:<2> but was:<3>
	at org.junit.Assert.fail(Assert.java:88)
	at org.junit.Assert.failNotEquals(Assert.java:743)
	at org.junit.Assert.assertEquals(Assert.java:118)
	at org.junit.Assert.assertEquals(Assert.java:555)
	at org.junit.Assert.assertEquals(Assert.java:542)
	at org.apache.hadoop.ozone.client.rpc.TestBlockOutputStreamWithFailures.testWatchForCommitDatanodeFailure(TestBlockOutputStreamWithFailures.java:366)
	at sun.reflect.NativeMethodAccessorImpl.invoke0(Native Method)
	at sun.reflect.NativeMethodAccessorImpl.invoke(NativeMethodAccessorImpl.java:62)
	at sun.reflect.DelegatingMethodAccessorImpl.invoke(DelegatingMethodAccessorImpl.java:43)
	at java.lang.reflect.Method.invoke(Method.java:498)
	at org.junit.runners.model.FrameworkMethod$1.runReflectiveCall(FrameworkMethod.java:47)
	at org.junit.internal.runners.model.ReflectiveCallable.run(ReflectiveCallable.java:12)
	at org.junit.runners.model.FrameworkMethod.invokeExplosively(FrameworkMethod.java:44)
	at org.junit.internal.runners.statements.InvokeMethod.evaluate(InvokeMethod.java:17)
	at org.junit.internal.runners.statements.RunBefores.evaluate(RunBefores.java:26)
	at org.junit.internal.runners.statements.RunAfters.evaluate(RunAfters.java:27)
	at org.junit.runners.ParentRunner.runLeaf(ParentRunner.java:271)
	at org.junit.runners.BlockJUnit4ClassRunner.runChild(BlockJUnit4ClassRunner.java:70)
	at org.junit.runners.BlockJUnit4ClassRunner.runChild(BlockJUnit4ClassRunner.java:50)
	at org.junit.runners.ParentRunner$3.run(ParentRunner.java:238)
	at org.junit.runners.ParentRunner$1.schedule(ParentRunner.java:63)
	at org.junit.runners.ParentRunner.runChildren(ParentRunner.java:236)
	at org.junit.runners.ParentRunner.access$000(ParentRunner.java:53)
	at org.junit.runners.ParentRunner$2.evaluate(ParentRunner.java:229)
	at org.junit.runners.ParentRunner.run(ParentRunner.java:309)
	at org.apache.maven.surefire.junit4.JUnit4Provider.execute(JUnit4Provider.java:365)
	at org.apache.maven.surefire.junit4.JUnit4Provider.executeWithRerun(JUnit4Provider.java:273)
	at org.apache.maven.surefire.junit4.JUnit4Provider.executeTestSet(JUnit4Provider.java:238)
	at org.apache.maven.surefire.junit4.JUnit4Provider.invoke(JUnit4Provider.java:159)
	at org.apache.maven.surefire.booter.ForkedBooter.invokeProviderInSameClassLoader(ForkedBooter.java:384)
	at org.apache.maven.surefire.booter.ForkedBooter.runSuitesInProcess(ForkedBooter.java:345)
	at org.apache.maven.surefire.booter.ForkedBooter.execute(ForkedBooter.java:126)
	at org.apache.maven.surefire.booter.ForkedBooter.main(ForkedBooter.java:418)
]]></failure>
    <system-out><![CDATA[2019-08-22 20:33:20,581 [main] WARN  server.ServerUtils (ServerUtils.java:getScmDbDir(145)) - ozone.scm.db.dirs is not configured. We recommend adding this setting. Falling back to ozone.metadata.dirs instead.
2019-08-22 20:33:20,606 [main] WARN  server.ServerUtils (ServerUtils.java:getScmDbDir(145)) - ozone.scm.db.dirs is not configured. We recommend adding this setting. Falling back to ozone.metadata.dirs instead.
2019-08-22 20:33:20,607 [main] WARN  server.ServerUtils (ServerUtils.java:getScmDbDir(145)) - ozone.scm.db.dirs is not configured. We recommend adding this setting. Falling back to ozone.metadata.dirs instead.
2019-08-22 20:33:20,608 [main] INFO  db.DBStoreBuilder (DBStoreBuilder.java:addTable(110)) - using custom profile for table: deletedBlocks
2019-08-22 20:33:20,608 [main] INFO  db.DBStoreBuilder (DBStoreBuilder.java:processTables(161)) - Using default column profile:DBProfile.DISK for Table:deletedBlocks
2019-08-22 20:33:20,608 [main] INFO  db.DBStoreBuilder (DBStoreBuilder.java:addTable(110)) - using custom profile for table: validCerts
2019-08-22 20:33:20,609 [main] INFO  db.DBStoreBuilder (DBStoreBuilder.java:processTables(161)) - Using default column profile:DBProfile.DISK for Table:validCerts
2019-08-22 20:33:20,609 [main] INFO  db.DBStoreBuilder (DBStoreBuilder.java:addTable(110)) - using custom profile for table: revokedCerts
2019-08-22 20:33:20,609 [main] INFO  db.DBStoreBuilder (DBStoreBuilder.java:processTables(161)) - Using default column profile:DBProfile.DISK for Table:revokedCerts
2019-08-22 20:33:20,610 [main] INFO  db.DBStoreBuilder (DBStoreBuilder.java:addTable(110)) - using custom profile for table: default
2019-08-22 20:33:20,610 [main] INFO  db.DBStoreBuilder (DBStoreBuilder.java:processTables(167)) - Using default column profile:DBProfile.DISK for Table:default
2019-08-22 20:33:20,610 [main] INFO  db.DBStoreBuilder (DBStoreBuilder.java:getDbProfile(198)) - Using default options. DBProfile.DISK
2019-08-22 20:33:20,854 [main] INFO  net.NodeSchemaLoader (NodeSchemaLoader.java:loadSchemaFromFile(125)) - Loading file from sun.misc.CompoundEnumeration@5d180628
2019-08-22 20:33:20,854 [main] INFO  net.NodeSchemaLoader (NodeSchemaLoader.java:loadSchema(171)) - Loading network topology layer schema file
2019-08-22 20:33:20,861 [main] INFO  node.SCMNodeManager (SCMNodeManager.java:<init>(121)) - Entering startup safe mode.
2019-08-22 20:33:20,862 [main] INFO  algorithms.ContainerPlacementPolicyFactory (ContainerPlacementPolicyFactory.java:getPolicy(55)) - Create container placement policy of type org.apache.hadoop.hdds.scm.container.placement.algorithms.SCMContainerPlacementRandom
2019-08-22 20:33:20,863 [main] WARN  server.ServerUtils (ServerUtils.java:getScmDbDir(145)) - ozone.scm.db.dirs is not configured. We recommend adding this setting. Falling back to ozone.metadata.dirs instead.
2019-08-22 20:33:20,904 [main] INFO  pipeline.SCMPipelineManager (SCMPipelineManager.java:initializePipelineState(126)) - No pipeline exists in current db
2019-08-22 20:33:20,904 [main] WARN  server.ServerUtils (ServerUtils.java:getScmDbDir(145)) - ozone.scm.db.dirs is not configured. We recommend adding this setting. Falling back to ozone.metadata.dirs instead.
2019-08-22 20:33:20,967 [main] WARN  events.EventQueue (EventQueue.java:fireEvent(175)) - No event handler registered for event TypedEvent{payloadType=SafeModeStatus, name='SafeModeStatus'}
2019-08-22 20:33:20,968 [main] INFO  ipc.CallQueueManager (CallQueueManager.java:<init>(84)) - Using callQueue: class java.util.concurrent.LinkedBlockingQueue, queueCapacity: 2000, scheduler: class org.apache.hadoop.ipc.DefaultRpcScheduler, ipcBackoff: false.
2019-08-22 20:33:20,969 [Socket Reader #1 for port 33988] INFO  ipc.Server (Server.java:run(1074)) - Starting Socket Reader #1 for port 33988
2019-08-22 20:33:20,971 [main] INFO  ipc.CallQueueManager (CallQueueManager.java:<init>(84)) - Using callQueue: class java.util.concurrent.LinkedBlockingQueue, queueCapacity: 2000, scheduler: class org.apache.hadoop.ipc.DefaultRpcScheduler, ipcBackoff: false.
2019-08-22 20:33:20,972 [Socket Reader #1 for port 36780] INFO  ipc.Server (Server.java:run(1074)) - Starting Socket Reader #1 for port 36780
2019-08-22 20:33:20,973 [main] INFO  ipc.CallQueueManager (CallQueueManager.java:<init>(84)) - Using callQueue: class java.util.concurrent.LinkedBlockingQueue, queueCapacity: 2000, scheduler: class org.apache.hadoop.ipc.DefaultRpcScheduler, ipcBackoff: false.
2019-08-22 20:33:20,974 [Socket Reader #1 for port 44772] INFO  ipc.Server (Server.java:run(1074)) - Starting Socket Reader #1 for port 44772
2019-08-22 20:33:20,977 [main] INFO  hdfs.DFSUtil (DFSUtil.java:httpServerTemplateForNNAndJN(1641)) - Starting Web-server for scm at: http://0.0.0.0:0
2019-08-22 20:33:20,979 [main] INFO  server.AuthenticationFilter (AuthenticationFilter.java:constructSecretProvider(240)) - Unable to initialize FileSignerSecretProvider, falling back to use random secrets.
2019-08-22 20:33:20,979 [main] WARN  http.HttpRequestLog (HttpRequestLog.java:getRequestLog(97)) - Jetty request log can only be enabled using Log4j
2019-08-22 20:33:20,981 [main] INFO  http.HttpServer2 (HttpServer2.java:addGlobalFilter(975)) - Added global filter 'safety' (class=org.apache.hadoop.http.HttpServer2$QuotingInputFilter)
2019-08-22 20:33:20,981 [main] INFO  http.HttpServer2 (HttpServer2.java:addFilter(948)) - Added filter static_user_filter (class=org.apache.hadoop.http.lib.StaticUserWebFilter$StaticUserFilter) to context scm
2019-08-22 20:33:20,981 [main] INFO  http.HttpServer2 (HttpServer2.java:addFilter(958)) - Added filter static_user_filter (class=org.apache.hadoop.http.lib.StaticUserWebFilter$StaticUserFilter) to context static
2019-08-22 20:33:20,981 [main] INFO  http.HttpServer2 (HttpServer2.java:addFilter(958)) - Added filter static_user_filter (class=org.apache.hadoop.http.lib.StaticUserWebFilter$StaticUserFilter) to context logs
2019-08-22 20:33:20,983 [main] INFO  server.StorageContainerManager (StorageContainerManager.java:start(759)) - StorageContainerLocationProtocol RPC server is listening at /0.0.0.0:44772
2019-08-22 20:33:20,985 [main] WARN  impl.MetricsConfig (MetricsConfig.java:loadFirst(134)) - Cannot locate configuration: tried hadoop-metrics2-storagecontainermanager.properties,hadoop-metrics2.properties
2019-08-22 20:33:20,986 [main] INFO  impl.MetricsSystemImpl (MetricsSystemImpl.java:startTimer(374)) - Scheduled Metric snapshot period at 10 second(s).
2019-08-22 20:33:20,986 [main] INFO  impl.MetricsSystemImpl (MetricsSystemImpl.java:start(191)) - StorageContainerManager metrics system started
2019-08-22 20:33:21,051 [main] INFO  server.SCMClientProtocolServer (SCMClientProtocolServer.java:start(151)) - RPC server for Client  is listening at /0.0.0.0:44772
2019-08-22 20:33:21,052 [IPC Server Responder] INFO  ipc.Server (Server.java:run(1314)) - IPC Server Responder: starting
2019-08-22 20:33:21,052 [IPC Server listener on 44772] INFO  ipc.Server (Server.java:run(1153)) - IPC Server listener on 44772: starting
2019-08-22 20:33:21,055 [main] INFO  server.StorageContainerManager (StorageContainerManager.java:start(769)) - ScmBlockLocationProtocol RPC server is listening at /0.0.0.0:36780
2019-08-22 20:33:21,055 [main] INFO  server.SCMBlockProtocolServer (SCMBlockProtocolServer.java:start(140)) - RPC server for Block Protocol is listening at /0.0.0.0:36780
2019-08-22 20:33:21,056 [IPC Server Responder] INFO  ipc.Server (Server.java:run(1314)) - IPC Server Responder: starting
2019-08-22 20:33:21,056 [IPC Server listener on 36780] INFO  ipc.Server (Server.java:run(1153)) - IPC Server listener on 36780: starting
2019-08-22 20:33:21,059 [main] INFO  server.StorageContainerManager (StorageContainerManager.java:start(773)) - ScmDatanodeProtocl RPC server is listening at /0.0.0.0:33988
2019-08-22 20:33:21,059 [main] INFO  server.SCMDatanodeProtocolServer (SCMDatanodeProtocolServer.java:start(191)) - RPC server for DataNodes is listening at /0.0.0.0:33988
2019-08-22 20:33:21,059 [IPC Server Responder] INFO  ipc.Server (Server.java:run(1314)) - IPC Server Responder: starting
2019-08-22 20:33:21,060 [IPC Server listener on 33988] INFO  ipc.Server (Server.java:run(1153)) - IPC Server listener on 33988: starting
2019-08-22 20:33:21,063 [main] INFO  http.HttpServer2 (HttpServer2.java:bindListener(1191)) - Jetty bound to port 45305
2019-08-22 20:33:21,063 [main] INFO  server.Server (Server.java:doStart(351)) - jetty-9.3.24.v20180605, build timestamp: 2018-06-05T17:11:56Z, git hash: 84205aa28f11a4f31f2a3b86d1bba2cc8ab69827
2019-08-22 20:33:21,064 [main] INFO  handler.ContextHandler (ContextHandler.java:doStart(781)) - Started o.e.j.s.ServletContextHandler@57e35236{/logs,file:///workdir/hadoop-ozone/integration-test/target/log,AVAILABLE}
2019-08-22 20:33:21,065 [main] INFO  handler.ContextHandler (ContextHandler.java:doStart(781)) - Started o.e.j.s.ServletContextHandler@36b2b6e6{/static,file:///workdir/hadoop-ozone/integration-test/target/test-classes/webapps/static,AVAILABLE}
2019-08-22 20:33:21,068 [main] INFO  handler.ContextHandler (ContextHandler.java:doStart(781)) - Started o.e.j.w.WebAppContext@c725dfa{/,file:///workdir/hadoop-ozone/integration-test/target/test-classes/webapps/scm/,AVAILABLE}{/scm}
2019-08-22 20:33:21,069 [main] INFO  server.AbstractConnector (AbstractConnector.java:doStart(278)) - Started ServerConnector@3a8cc099{HTTP/1.1,[http/1.1]}{0.0.0.0:45305}
2019-08-22 20:33:21,069 [main] INFO  server.Server (Server.java:doStart(419)) - Started @546588ms
2019-08-22 20:33:21,070 [main] INFO  server.BaseHttpServer (BaseHttpServer.java:updateConnectorAddress(213)) - HTTP server of SCM is listening at http://0.0.0.0:45305
2019-08-22 20:33:21,071 [main] WARN  server.ServerUtils (ServerUtils.java:getDBPath(222)) - ozone.om.db.dirs is not configured. We recommend adding this setting. Falling back to ozone.metadata.dirs instead.
2019-08-22 20:33:21,071 [org.apache.hadoop.util.JvmPauseMonitor$Monitor@1c00a9f0] INFO  util.JvmPauseMonitor (JvmPauseMonitor.java:run(188)) - Starting JVM pause monitor
2019-08-22 20:33:21,084 [main] WARN  server.ServerUtils (ServerUtils.java:getDBPath(222)) - ozone.om.db.dirs is not configured. We recommend adding this setting. Falling back to ozone.metadata.dirs instead.
2019-08-22 20:33:21,084 [main] WARN  server.ServerUtils (ServerUtils.java:getDBPath(222)) - ozone.om.db.dirs is not configured. We recommend adding this setting. Falling back to ozone.metadata.dirs instead.
2019-08-22 20:33:21,085 [main] INFO  om.OzoneManager (OzoneManager.java:setOMNodeDetails(648)) - OM Service ID is not set. Setting it to the default ID: omServiceIdDefault
2019-08-22 20:33:21,085 [main] INFO  om.OzoneManager (OzoneManager.java:setOMNodeDetails(654)) - OM Node ID is not set. Setting it to the OmStorage's OmID: b56244d5-4709-4df1-bba2-bb657e6030e8
2019-08-22 20:33:21,085 [main] INFO  om.OzoneManager (OzoneManager.java:loadOMHAConfigs(605)) - Found matching OM address with OMServiceId: null, OMNodeId: null, RPC Address: localhost:0 and Ratis port: 9872
2019-08-22 20:33:21,088 | INFO  | SCMAudit | user=jenkins1000 | ip=192.168.5.154 | op=GET_SCM_INFO null | ret=SUCCESS |  
2019-08-22 20:33:21,090 [main] WARN  server.ServerUtils (ServerUtils.java:getDBPath(222)) - ozone.om.db.dirs is not configured. We recommend adding this setting. Falling back to ozone.metadata.dirs instead.
2019-08-22 20:33:21,090 [main] INFO  db.DBStoreBuilder (DBStoreBuilder.java:addTable(110)) - using custom profile for table: userTable
2019-08-22 20:33:21,090 [main] INFO  db.DBStoreBuilder (DBStoreBuilder.java:processTables(161)) - Using default column profile:DBProfile.DISK for Table:userTable
2019-08-22 20:33:21,091 [main] INFO  db.DBStoreBuilder (DBStoreBuilder.java:addTable(110)) - using custom profile for table: volumeTable
2019-08-22 20:33:21,091 [main] INFO  db.DBStoreBuilder (DBStoreBuilder.java:processTables(161)) - Using default column profile:DBProfile.DISK for Table:volumeTable
2019-08-22 20:33:21,091 [main] INFO  db.DBStoreBuilder (DBStoreBuilder.java:addTable(110)) - using custom profile for table: bucketTable
2019-08-22 20:33:21,091 [main] INFO  db.DBStoreBuilder (DBStoreBuilder.java:processTables(161)) - Using default column profile:DBProfile.DISK for Table:bucketTable
2019-08-22 20:33:21,091 [main] INFO  db.DBStoreBuilder (DBStoreBuilder.java:addTable(110)) - using custom profile for table: keyTable
2019-08-22 20:33:21,092 [main] INFO  db.DBStoreBuilder (DBStoreBuilder.java:processTables(161)) - Using default column profile:DBProfile.DISK for Table:keyTable
2019-08-22 20:33:21,092 [main] INFO  db.DBStoreBuilder (DBStoreBuilder.java:addTable(110)) - using custom profile for table: deletedTable
2019-08-22 20:33:21,092 [main] INFO  db.DBStoreBuilder (DBStoreBuilder.java:processTables(161)) - Using default column profile:DBProfile.DISK for Table:deletedTable
2019-08-22 20:33:21,092 [main] INFO  db.DBStoreBuilder (DBStoreBuilder.java:addTable(110)) - using custom profile for table: openKeyTable
2019-08-22 20:33:21,092 [main] INFO  db.DBStoreBuilder (DBStoreBuilder.java:processTables(161)) - Using default column profile:DBProfile.DISK for Table:openKeyTable
2019-08-22 20:33:21,092 [main] INFO  db.DBStoreBuilder (DBStoreBuilder.java:addTable(110)) - using custom profile for table: s3Table
2019-08-22 20:33:21,093 [main] INFO  db.DBStoreBuilder (DBStoreBuilder.java:processTables(161)) - Using default column profile:DBProfile.DISK for Table:s3Table
2019-08-22 20:33:21,093 [main] INFO  db.DBStoreBuilder (DBStoreBuilder.java:addTable(110)) - using custom profile for table: multipartInfoTable
2019-08-22 20:33:21,093 [main] INFO  db.DBStoreBuilder (DBStoreBuilder.java:processTables(161)) - Using default column profile:DBProfile.DISK for Table:multipartInfoTable
2019-08-22 20:33:21,093 [main] INFO  db.DBStoreBuilder (DBStoreBuilder.java:addTable(110)) - using custom profile for table: dTokenTable
2019-08-22 20:33:21,093 [main] INFO  db.DBStoreBuilder (DBStoreBuilder.java:processTables(161)) - Using default column profile:DBProfile.DISK for Table:dTokenTable
2019-08-22 20:33:21,094 [main] INFO  db.DBStoreBuilder (DBStoreBuilder.java:addTable(110)) - using custom profile for table: s3SecretTable
2019-08-22 20:33:21,094 [main] INFO  db.DBStoreBuilder (DBStoreBuilder.java:processTables(161)) - Using default column profile:DBProfile.DISK for Table:s3SecretTable
2019-08-22 20:33:21,094 [main] INFO  db.DBStoreBuilder (DBStoreBuilder.java:addTable(110)) - using custom profile for table: prefixTable
2019-08-22 20:33:21,094 [main] INFO  db.DBStoreBuilder (DBStoreBuilder.java:processTables(161)) - Using default column profile:DBProfile.DISK for Table:prefixTable
2019-08-22 20:33:21,094 [main] INFO  db.DBStoreBuilder (DBStoreBuilder.java:addTable(110)) - using custom profile for table: default
2019-08-22 20:33:21,094 [main] INFO  db.DBStoreBuilder (DBStoreBuilder.java:processTables(167)) - Using default column profile:DBProfile.DISK for Table:default
2019-08-22 20:33:21,095 [main] INFO  db.DBStoreBuilder (DBStoreBuilder.java:getDbProfile(198)) - Using default options. DBProfile.DISK
2019-08-22 20:33:21,640 [main] INFO  ipc.CallQueueManager (CallQueueManager.java:<init>(84)) - Using callQueue: class java.util.concurrent.LinkedBlockingQueue, queueCapacity: 2000, scheduler: class org.apache.hadoop.ipc.DefaultRpcScheduler, ipcBackoff: false.
2019-08-22 20:33:21,641 [Socket Reader #1 for port 38762] INFO  ipc.Server (Server.java:run(1074)) - Starting Socket Reader #1 for port 38762
2019-08-22 20:33:21,660 [main] INFO  om.OzoneManager (OzoneManager.java:start(1259)) - OzoneManager RPC server is listening at localhost/127.0.0.1:38762
2019-08-22 20:33:21,660 [main] INFO  impl.MetricsSystemImpl (MetricsSystemImpl.java:init(158)) - OzoneManager metrics system started (again)
2019-08-22 20:33:21,661 [IPC Server Responder] INFO  ipc.Server (Server.java:run(1314)) - IPC Server Responder: starting
2019-08-22 20:33:21,661 [IPC Server listener on 38762] INFO  ipc.Server (Server.java:run(1153)) - IPC Server listener on 38762: starting
2019-08-22 20:33:21,668 [main] INFO  hdfs.DFSUtil (DFSUtil.java:httpServerTemplateForNNAndJN(1641)) - Starting Web-server for ozoneManager at: http://0.0.0.0:0
2019-08-22 20:33:21,670 [main] INFO  server.AuthenticationFilter (AuthenticationFilter.java:constructSecretProvider(240)) - Unable to initialize FileSignerSecretProvider, falling back to use random secrets.
2019-08-22 20:33:21,670 [main] WARN  http.HttpRequestLog (HttpRequestLog.java:getRequestLog(97)) - Jetty request log can only be enabled using Log4j
2019-08-22 20:33:21,672 [main] INFO  http.HttpServer2 (HttpServer2.java:addGlobalFilter(975)) - Added global filter 'safety' (class=org.apache.hadoop.http.HttpServer2$QuotingInputFilter)
2019-08-22 20:33:21,673 [main] INFO  http.HttpServer2 (HttpServer2.java:addFilter(948)) - Added filter static_user_filter (class=org.apache.hadoop.http.lib.StaticUserWebFilter$StaticUserFilter) to context ozoneManager
2019-08-22 20:33:21,673 [main] INFO  http.HttpServer2 (HttpServer2.java:addFilter(958)) - Added filter static_user_filter (class=org.apache.hadoop.http.lib.StaticUserWebFilter$StaticUserFilter) to context logs
2019-08-22 20:33:21,673 [main] INFO  http.HttpServer2 (HttpServer2.java:addFilter(958)) - Added filter static_user_filter (class=org.apache.hadoop.http.lib.StaticUserWebFilter$StaticUserFilter) to context static
2019-08-22 20:33:21,674 [main] INFO  http.HttpServer2 (HttpServer2.java:bindListener(1191)) - Jetty bound to port 35088
2019-08-22 20:33:21,675 [main] INFO  server.Server (Server.java:doStart(351)) - jetty-9.3.24.v20180605, build timestamp: 2018-06-05T17:11:56Z, git hash: 84205aa28f11a4f31f2a3b86d1bba2cc8ab69827
2019-08-22 20:33:21,677 [main] INFO  handler.ContextHandler (ContextHandler.java:doStart(781)) - Started o.e.j.s.ServletContextHandler@48900d4a{/logs,file:///workdir/hadoop-ozone/integration-test/target/log,AVAILABLE}
2019-08-22 20:33:21,677 [main] INFO  handler.ContextHandler (ContextHandler.java:doStart(781)) - Started o.e.j.s.ServletContextHandler@452ea8f0{/static,file:///workdir/hadoop-ozone/integration-test/target/test-classes/webapps/static,AVAILABLE}
2019-08-22 20:33:21,682 [main] INFO  handler.ContextHandler (ContextHandler.java:doStart(781)) - Started o.e.j.w.WebAppContext@3393aa46{/,file:///workdir/hadoop-ozone/integration-test/target/test-classes/webapps/ozoneManager/,AVAILABLE}{/ozoneManager}
2019-08-22 20:33:21,683 [main] INFO  server.AbstractConnector (AbstractConnector.java:doStart(278)) - Started ServerConnector@4f0381cd{HTTP/1.1,[http/1.1]}{0.0.0.0:35088}
2019-08-22 20:33:21,684 [main] INFO  server.Server (Server.java:doStart(419)) - Started @547203ms
2019-08-22 20:33:21,685 [main] INFO  server.BaseHttpServer (BaseHttpServer.java:updateConnectorAddress(213)) - HTTP server of OZONEMANAGER is listening at http://0.0.0.0:35088
2019-08-22 20:33:21,701 [main] INFO  impl.MetricsSystemImpl (MetricsSystemImpl.java:init(158)) - HddsDatanode metrics system started (again)
2019-08-22 20:33:21,703 [main] INFO  ozone.HddsDatanodeService (HddsDatanodeService.java:start(184)) - HddsDatanodeService host:pr-hdds-1975-8q6qf-1339330341 ip:192.168.5.154
2019-08-22 20:33:21,713 [main] INFO  volume.HddsVolume (HddsVolume.java:<init>(176)) - Creating Volume: /workdir/hadoop-ozone/integration-test/target/test-dir/MiniOzoneClusterImpl-28bedab5-a7b6-4439-aa5a-0da14b59fc38/datanode-0/data/containers/hdds of  storage type : DISK and capacity : 1482555576320
2019-08-22 20:33:21,714 [main] INFO  volume.VolumeSet (VolumeSet.java:initializeVolumeSet(170)) - Added Volume : /workdir/hadoop-ozone/integration-test/target/test-dir/MiniOzoneClusterImpl-28bedab5-a7b6-4439-aa5a-0da14b59fc38/datanode-0/data/containers/hdds to VolumeSet
2019-08-22 20:33:21,714 [main] INFO  volume.ThrottledAsyncChecker (ThrottledAsyncChecker.java:schedule(140)) - Scheduling a check for org.apache.hadoop.ozone.container.common.volume.HddsVolume@77732366
2019-08-22 20:33:21,715 [main] INFO  volume.HddsVolumeChecker (HddsVolumeChecker.java:checkAllVolumes(203)) - Scheduled health check for volume org.apache.hadoop.ozone.container.common.volume.HddsVolume@77732366
2019-08-22 20:33:21,730 [main] INFO  impl.RaftServerProxy (ConfUtils.java:logGet(43)) - raft.rpc.type = GRPC (default)
2019-08-22 20:33:21,730 [main] INFO  grpc.GrpcFactory (GrpcFactory.java:checkPooledByteBufAllocatorUseCacheForAllThreads(45)) - PERFORMANCE WARNING: useCacheForAllThreads is true that may cause Netty to create a lot garbage objects and, as a result, trigger GC.
	It is recommended to disable useCacheForAllThreads by setting -Dorg.apache.ratis.thirdparty.io.netty.allocator.useCacheForAllThreads=false in command line.
2019-08-22 20:33:21,730 [main] INFO  grpc.GrpcConfigKeys$Server (ConfUtils.java:logGet(43)) - raft.grpc.server.port = 0 (default)
2019-08-22 20:33:21,730 [main] INFO  server.GrpcService (ConfUtils.java:logGet(43)) - raft.grpc.message.size.max = 33570816 (custom)
2019-08-22 20:33:21,731 [main] INFO  server.RaftServerConfigKeys (ConfUtils.java:logGet(43)) - raft.server.log.appender.buffer.byte-limit = 33554432 (custom)
2019-08-22 20:33:21,731 [main] INFO  server.GrpcService (ConfUtils.java:logGet(43)) - raft.grpc.flow.control.window = 1MB (=1048576) (default)
2019-08-22 20:33:21,731 [main] INFO  server.RaftServerConfigKeys (ConfUtils.java:logGet(43)) - raft.server.rpc.request.timeout = 3000ms (default)
2019-08-22 20:33:21,732 [main] INFO  server.RaftServerConfigKeys (ConfUtils.java:logGet(43)) - raft.server.storage.dir = [/workdir/hadoop-ozone/integration-test/target/test-dir/MiniOzoneClusterImpl-28bedab5-a7b6-4439-aa5a-0da14b59fc38/datanode-0/data/ratis] (custom)
2019-08-22 20:33:21,732 [main] INFO  replication.SimpleContainerDownloader (SimpleContainerDownloader.java:<init>(72)) - Starting container downloader service to copy containers to replicate.
2019-08-22 20:33:21,733 [main] INFO  hdfs.DFSUtil (DFSUtil.java:httpServerTemplateForNNAndJN(1641)) - Starting Web-server for hddsDatanode at: http://0.0.0.0:0
2019-08-22 20:33:21,734 [main] INFO  server.AuthenticationFilter (AuthenticationFilter.java:constructSecretProvider(240)) - Unable to initialize FileSignerSecretProvider, falling back to use random secrets.
2019-08-22 20:33:21,735 [main] WARN  http.HttpRequestLog (HttpRequestLog.java:getRequestLog(97)) - Jetty request log can only be enabled using Log4j
2019-08-22 20:33:21,736 [main] INFO  http.HttpServer2 (HttpServer2.java:addGlobalFilter(975)) - Added global filter 'safety' (class=org.apache.hadoop.http.HttpServer2$QuotingInputFilter)
2019-08-22 20:33:21,737 [main] INFO  http.HttpServer2 (HttpServer2.java:addFilter(948)) - Added filter static_user_filter (class=org.apache.hadoop.http.lib.StaticUserWebFilter$StaticUserFilter) to context hddsDatanode
2019-08-22 20:33:21,737 [main] INFO  http.HttpServer2 (HttpServer2.java:addFilter(958)) - Added filter static_user_filter (class=org.apache.hadoop.http.lib.StaticUserWebFilter$StaticUserFilter) to context logs
2019-08-22 20:33:21,737 [main] INFO  http.HttpServer2 (HttpServer2.java:addFilter(958)) - Added filter static_user_filter (class=org.apache.hadoop.http.lib.StaticUserWebFilter$StaticUserFilter) to context static
2019-08-22 20:33:21,738 [main] INFO  http.HttpServer2 (HttpServer2.java:bindListener(1191)) - Jetty bound to port 43286
2019-08-22 20:33:21,738 [main] INFO  server.Server (Server.java:doStart(351)) - jetty-9.3.24.v20180605, build timestamp: 2018-06-05T17:11:56Z, git hash: 84205aa28f11a4f31f2a3b86d1bba2cc8ab69827
2019-08-22 20:33:21,739 [main] INFO  handler.ContextHandler (ContextHandler.java:doStart(781)) - Started o.e.j.s.ServletContextHandler@3a034950{/logs,file:///workdir/hadoop-ozone/integration-test/target/log,AVAILABLE}
2019-08-22 20:33:21,740 [main] INFO  handler.ContextHandler (ContextHandler.java:doStart(781)) - Started o.e.j.s.ServletContextHandler@38f7a20{/static,jar:file:/home/user/.m2/repository/org/apache/hadoop/hadoop-hdds-container-service/0.5.0-SNAPSHOT/hadoop-hdds-container-service-0.5.0-SNAPSHOT.jar!/webapps/static,AVAILABLE}
2019-08-22 20:33:21,767 [main] INFO  handler.ContextHandler (ContextHandler.java:doStart(781)) - Started o.e.j.w.WebAppContext@21553c3a{/,file:///tmp/jetty-0.0.0.0-43286-hddsDatanode-_-any-3587936584904464147.dir/webapp/,AVAILABLE}{/hddsDatanode}
2019-08-22 20:33:21,768 [main] INFO  server.AbstractConnector (AbstractConnector.java:doStart(278)) - Started ServerConnector@6c1d25fa{HTTP/1.1,[http/1.1]}{0.0.0.0:43286}
2019-08-22 20:33:21,769 [main] INFO  server.Server (Server.java:doStart(419)) - Started @547287ms
2019-08-22 20:33:21,769 [main] INFO  server.BaseHttpServer (BaseHttpServer.java:updateConnectorAddress(213)) - HTTP server of HDDSDATANODE is listening at http://0.0.0.0:43286
2019-08-22 20:33:21,889 | INFO  | ObjectStoreRestHttpServer | Listening HDDS REST traffic on /0.0.0.0:35526 |  
2019-08-22 20:33:21,890 [main] INFO  ozone.HddsDatanodeService (HddsDatanodeService.java:startPlugins(395)) - Started plug-in org.apache.hadoop.ozone.web.OzoneHddsDatanodeService@7ca0aa55
2019-08-22 20:33:21,890 [main] INFO  impl.MetricsSystemImpl (MetricsSystemImpl.java:init(158)) - HddsDatanode metrics system started (again)
2019-08-22 20:33:21,893 [org.apache.hadoop.util.JvmPauseMonitor$Monitor@42e77949] INFO  util.JvmPauseMonitor (JvmPauseMonitor.java:run(188)) - Starting JVM pause monitor
2019-08-22 20:33:21,893 [main] INFO  ozone.HddsDatanodeService (HddsDatanodeService.java:start(184)) - HddsDatanodeService host:pr-hdds-1975-8q6qf-1339330341 ip:192.168.5.154
2019-08-22 20:33:21,895 [Datanode State Machine Thread - 0] INFO  datanode.InitDatanodeState (InitDatanodeState.java:persistContainerDatanodeDetails(140)) - DatanodeDetails is persisted to /workdir/hadoop-ozone/integration-test/target/test-dir/MiniOzoneClusterImpl-28bedab5-a7b6-4439-aa5a-0da14b59fc38/datanode-0/meta/datanode.id
2019-08-22 20:33:21,904 [main] INFO  volume.HddsVolume (HddsVolume.java:<init>(176)) - Creating Volume: /workdir/hadoop-ozone/integration-test/target/test-dir/MiniOzoneClusterImpl-28bedab5-a7b6-4439-aa5a-0da14b59fc38/datanode-1/data/containers/hdds of  storage type : DISK and capacity : 1482555576320
2019-08-22 20:33:21,904 [main] INFO  volume.VolumeSet (VolumeSet.java:initializeVolumeSet(170)) - Added Volume : /workdir/hadoop-ozone/integration-test/target/test-dir/MiniOzoneClusterImpl-28bedab5-a7b6-4439-aa5a-0da14b59fc38/datanode-1/data/containers/hdds to VolumeSet
2019-08-22 20:33:21,904 [main] INFO  volume.ThrottledAsyncChecker (ThrottledAsyncChecker.java:schedule(140)) - Scheduling a check for org.apache.hadoop.ozone.container.common.volume.HddsVolume@520034a
2019-08-22 20:33:21,905 [main] INFO  volume.HddsVolumeChecker (HddsVolumeChecker.java:checkAllVolumes(203)) - Scheduled health check for volume org.apache.hadoop.ozone.container.common.volume.HddsVolume@520034a
2019-08-22 20:33:21,921 [main] INFO  impl.RaftServerProxy (ConfUtils.java:logGet(43)) - raft.rpc.type = GRPC (default)
2019-08-22 20:33:21,921 [main] INFO  grpc.GrpcFactory (GrpcFactory.java:checkPooledByteBufAllocatorUseCacheForAllThreads(45)) - PERFORMANCE WARNING: useCacheForAllThreads is true that may cause Netty to create a lot garbage objects and, as a result, trigger GC.
	It is recommended to disable useCacheForAllThreads by setting -Dorg.apache.ratis.thirdparty.io.netty.allocator.useCacheForAllThreads=false in command line.
2019-08-22 20:33:21,921 [main] INFO  grpc.GrpcConfigKeys$Server (ConfUtils.java:logGet(43)) - raft.grpc.server.port = 0 (default)
2019-08-22 20:33:21,921 [main] INFO  server.GrpcService (ConfUtils.java:logGet(43)) - raft.grpc.message.size.max = 33570816 (custom)
2019-08-22 20:33:21,922 [main] INFO  server.RaftServerConfigKeys (ConfUtils.java:logGet(43)) - raft.server.log.appender.buffer.byte-limit = 33554432 (custom)
2019-08-22 20:33:21,922 [main] INFO  server.GrpcService (ConfUtils.java:logGet(43)) - raft.grpc.flow.control.window = 1MB (=1048576) (default)
2019-08-22 20:33:21,922 [main] INFO  server.RaftServerConfigKeys (ConfUtils.java:logGet(43)) - raft.server.rpc.request.timeout = 3000ms (default)
2019-08-22 20:33:21,923 [main] INFO  server.RaftServerConfigKeys (ConfUtils.java:logGet(43)) - raft.server.storage.dir = [/workdir/hadoop-ozone/integration-test/target/test-dir/MiniOzoneClusterImpl-28bedab5-a7b6-4439-aa5a-0da14b59fc38/datanode-1/data/ratis] (custom)
2019-08-22 20:33:21,923 [main] INFO  replication.SimpleContainerDownloader (SimpleContainerDownloader.java:<init>(72)) - Starting container downloader service to copy containers to replicate.
2019-08-22 20:33:21,924 [main] INFO  hdfs.DFSUtil (DFSUtil.java:httpServerTemplateForNNAndJN(1641)) - Starting Web-server for hddsDatanode at: http://0.0.0.0:0
2019-08-22 20:33:21,926 [main] INFO  server.AuthenticationFilter (AuthenticationFilter.java:constructSecretProvider(240)) - Unable to initialize FileSignerSecretProvider, falling back to use random secrets.
2019-08-22 20:33:21,926 [main] WARN  http.HttpRequestLog (HttpRequestLog.java:getRequestLog(97)) - Jetty request log can only be enabled using Log4j
2019-08-22 20:33:21,927 [main] INFO  http.HttpServer2 (HttpServer2.java:addGlobalFilter(975)) - Added global filter 'safety' (class=org.apache.hadoop.http.HttpServer2$QuotingInputFilter)
2019-08-22 20:33:21,928 [main] INFO  http.HttpServer2 (HttpServer2.java:addFilter(948)) - Added filter static_user_filter (class=org.apache.hadoop.http.lib.StaticUserWebFilter$StaticUserFilter) to context hddsDatanode
2019-08-22 20:33:21,928 [main] INFO  http.HttpServer2 (HttpServer2.java:addFilter(958)) - Added filter static_user_filter (class=org.apache.hadoop.http.lib.StaticUserWebFilter$StaticUserFilter) to context logs
2019-08-22 20:33:21,928 [main] INFO  http.HttpServer2 (HttpServer2.java:addFilter(958)) - Added filter static_user_filter (class=org.apache.hadoop.http.lib.StaticUserWebFilter$StaticUserFilter) to context static
2019-08-22 20:33:21,929 [main] INFO  http.HttpServer2 (HttpServer2.java:bindListener(1191)) - Jetty bound to port 35332
2019-08-22 20:33:21,929 [main] INFO  server.Server (Server.java:doStart(351)) - jetty-9.3.24.v20180605, build timestamp: 2018-06-05T17:11:56Z, git hash: 84205aa28f11a4f31f2a3b86d1bba2cc8ab69827
2019-08-22 20:33:21,930 [main] INFO  handler.ContextHandler (ContextHandler.java:doStart(781)) - Started o.e.j.s.ServletContextHandler@77a13162{/logs,file:///workdir/hadoop-ozone/integration-test/target/log,AVAILABLE}
2019-08-22 20:33:21,931 [main] INFO  handler.ContextHandler (ContextHandler.java:doStart(781)) - Started o.e.j.s.ServletContextHandler@3c5d183{/static,jar:file:/home/user/.m2/repository/org/apache/hadoop/hadoop-hdds-container-service/0.5.0-SNAPSHOT/hadoop-hdds-container-service-0.5.0-SNAPSHOT.jar!/webapps/static,AVAILABLE}
2019-08-22 20:33:21,958 [main] INFO  handler.ContextHandler (ContextHandler.java:doStart(781)) - Started o.e.j.w.WebAppContext@59456e1{/,file:///tmp/jetty-0.0.0.0-35332-hddsDatanode-_-any-1312948905177289140.dir/webapp/,AVAILABLE}{/hddsDatanode}
2019-08-22 20:33:21,958 [main] INFO  server.AbstractConnector (AbstractConnector.java:doStart(278)) - Started ServerConnector@7a8dbbf1{HTTP/1.1,[http/1.1]}{0.0.0.0:35332}
2019-08-22 20:33:21,959 [main] INFO  server.Server (Server.java:doStart(419)) - Started @547477ms
2019-08-22 20:33:21,960 [main] INFO  server.BaseHttpServer (BaseHttpServer.java:updateConnectorAddress(213)) - HTTP server of HDDSDATANODE is listening at http://0.0.0.0:35332
2019-08-22 20:33:22,078 | INFO  | ObjectStoreRestHttpServer | Listening HDDS REST traffic on /0.0.0.0:45819 |  
2019-08-22 20:33:22,079 [main] INFO  ozone.HddsDatanodeService (HddsDatanodeService.java:startPlugins(395)) - Started plug-in org.apache.hadoop.ozone.web.OzoneHddsDatanodeService@f53db1a
2019-08-22 20:33:22,079 [main] INFO  impl.MetricsSystemImpl (MetricsSystemImpl.java:init(158)) - HddsDatanode metrics system started (again)
2019-08-22 20:33:22,082 [main] INFO  ozone.HddsDatanodeService (HddsDatanodeService.java:start(184)) - HddsDatanodeService host:pr-hdds-1975-8q6qf-1339330341 ip:192.168.5.154
2019-08-22 20:33:22,082 [org.apache.hadoop.util.JvmPauseMonitor$Monitor@5993fdb5] INFO  util.JvmPauseMonitor (JvmPauseMonitor.java:run(188)) - Starting JVM pause monitor
2019-08-22 20:33:22,083 [Datanode State Machine Thread - 0] INFO  datanode.InitDatanodeState (InitDatanodeState.java:persistContainerDatanodeDetails(140)) - DatanodeDetails is persisted to /workdir/hadoop-ozone/integration-test/target/test-dir/MiniOzoneClusterImpl-28bedab5-a7b6-4439-aa5a-0da14b59fc38/datanode-1/meta/datanode.id
2019-08-22 20:33:22,091 [main] INFO  volume.HddsVolume (HddsVolume.java:<init>(176)) - Creating Volume: /workdir/hadoop-ozone/integration-test/target/test-dir/MiniOzoneClusterImpl-28bedab5-a7b6-4439-aa5a-0da14b59fc38/datanode-2/data/containers/hdds of  storage type : DISK and capacity : 1482555576320
2019-08-22 20:33:22,091 [main] INFO  volume.VolumeSet (VolumeSet.java:initializeVolumeSet(170)) - Added Volume : /workdir/hadoop-ozone/integration-test/target/test-dir/MiniOzoneClusterImpl-28bedab5-a7b6-4439-aa5a-0da14b59fc38/datanode-2/data/containers/hdds to VolumeSet
2019-08-22 20:33:22,092 [main] INFO  volume.ThrottledAsyncChecker (ThrottledAsyncChecker.java:schedule(140)) - Scheduling a check for org.apache.hadoop.ozone.container.common.volume.HddsVolume@2c69ea30
2019-08-22 20:33:22,092 [main] INFO  volume.HddsVolumeChecker (HddsVolumeChecker.java:checkAllVolumes(203)) - Scheduled health check for volume org.apache.hadoop.ozone.container.common.volume.HddsVolume@2c69ea30
2019-08-22 20:33:22,114 [main] INFO  impl.RaftServerProxy (ConfUtils.java:logGet(43)) - raft.rpc.type = GRPC (default)
2019-08-22 20:33:22,114 [main] INFO  grpc.GrpcFactory (GrpcFactory.java:checkPooledByteBufAllocatorUseCacheForAllThreads(45)) - PERFORMANCE WARNING: useCacheForAllThreads is true that may cause Netty to create a lot garbage objects and, as a result, trigger GC.
	It is recommended to disable useCacheForAllThreads by setting -Dorg.apache.ratis.thirdparty.io.netty.allocator.useCacheForAllThreads=false in command line.
2019-08-22 20:33:22,114 [main] INFO  grpc.GrpcConfigKeys$Server (ConfUtils.java:logGet(43)) - raft.grpc.server.port = 0 (default)
2019-08-22 20:33:22,114 [main] INFO  server.GrpcService (ConfUtils.java:logGet(43)) - raft.grpc.message.size.max = 33570816 (custom)
2019-08-22 20:33:22,115 [main] INFO  server.RaftServerConfigKeys (ConfUtils.java:logGet(43)) - raft.server.log.appender.buffer.byte-limit = 33554432 (custom)
2019-08-22 20:33:22,115 [main] INFO  server.GrpcService (ConfUtils.java:logGet(43)) - raft.grpc.flow.control.window = 1MB (=1048576) (default)
2019-08-22 20:33:22,115 [main] INFO  server.RaftServerConfigKeys (ConfUtils.java:logGet(43)) - raft.server.rpc.request.timeout = 3000ms (default)
2019-08-22 20:33:22,116 [main] INFO  server.RaftServerConfigKeys (ConfUtils.java:logGet(43)) - raft.server.storage.dir = [/workdir/hadoop-ozone/integration-test/target/test-dir/MiniOzoneClusterImpl-28bedab5-a7b6-4439-aa5a-0da14b59fc38/datanode-2/data/ratis] (custom)
2019-08-22 20:33:22,116 [main] INFO  replication.SimpleContainerDownloader (SimpleContainerDownloader.java:<init>(72)) - Starting container downloader service to copy containers to replicate.
2019-08-22 20:33:22,118 [main] INFO  hdfs.DFSUtil (DFSUtil.java:httpServerTemplateForNNAndJN(1641)) - Starting Web-server for hddsDatanode at: http://0.0.0.0:0
2019-08-22 20:33:22,119 [main] INFO  server.AuthenticationFilter (AuthenticationFilter.java:constructSecretProvider(240)) - Unable to initialize FileSignerSecretProvider, falling back to use random secrets.
2019-08-22 20:33:22,120 [main] WARN  http.HttpRequestLog (HttpRequestLog.java:getRequestLog(97)) - Jetty request log can only be enabled using Log4j
2019-08-22 20:33:22,121 [main] INFO  http.HttpServer2 (HttpServer2.java:addGlobalFilter(975)) - Added global filter 'safety' (class=org.apache.hadoop.http.HttpServer2$QuotingInputFilter)
2019-08-22 20:33:22,122 [main] INFO  http.HttpServer2 (HttpServer2.java:addFilter(948)) - Added filter static_user_filter (class=org.apache.hadoop.http.lib.StaticUserWebFilter$StaticUserFilter) to context hddsDatanode
2019-08-22 20:33:22,122 [main] INFO  http.HttpServer2 (HttpServer2.java:addFilter(958)) - Added filter static_user_filter (class=org.apache.hadoop.http.lib.StaticUserWebFilter$StaticUserFilter) to context logs
2019-08-22 20:33:22,122 [main] INFO  http.HttpServer2 (HttpServer2.java:addFilter(958)) - Added filter static_user_filter (class=org.apache.hadoop.http.lib.StaticUserWebFilter$StaticUserFilter) to context static
2019-08-22 20:33:22,123 [main] INFO  http.HttpServer2 (HttpServer2.java:bindListener(1191)) - Jetty bound to port 34875
2019-08-22 20:33:22,123 [main] INFO  server.Server (Server.java:doStart(351)) - jetty-9.3.24.v20180605, build timestamp: 2018-06-05T17:11:56Z, git hash: 84205aa28f11a4f31f2a3b86d1bba2cc8ab69827
2019-08-22 20:33:22,125 [main] INFO  handler.ContextHandler (ContextHandler.java:doStart(781)) - Started o.e.j.s.ServletContextHandler@644f033d{/logs,file:///workdir/hadoop-ozone/integration-test/target/log,AVAILABLE}
2019-08-22 20:33:22,126 [main] INFO  handler.ContextHandler (ContextHandler.java:doStart(781)) - Started o.e.j.s.ServletContextHandler@26c349fc{/static,jar:file:/home/user/.m2/repository/org/apache/hadoop/hadoop-hdds-container-service/0.5.0-SNAPSHOT/hadoop-hdds-container-service-0.5.0-SNAPSHOT.jar!/webapps/static,AVAILABLE}
2019-08-22 20:33:22,158 [main] INFO  handler.ContextHandler (ContextHandler.java:doStart(781)) - Started o.e.j.w.WebAppContext@7048d039{/,file:///tmp/jetty-0.0.0.0-34875-hddsDatanode-_-any-4165288349111195743.dir/webapp/,AVAILABLE}{/hddsDatanode}
2019-08-22 20:33:22,158 [main] INFO  server.AbstractConnector (AbstractConnector.java:doStart(278)) - Started ServerConnector@1bff4b1f{HTTP/1.1,[http/1.1]}{0.0.0.0:34875}
2019-08-22 20:33:22,159 [main] INFO  server.Server (Server.java:doStart(419)) - Started @547677ms
2019-08-22 20:33:22,161 [main] INFO  server.BaseHttpServer (BaseHttpServer.java:updateConnectorAddress(213)) - HTTP server of HDDSDATANODE is listening at http://0.0.0.0:34875
2019-08-22 20:33:22,276 | INFO  | ObjectStoreRestHttpServer | Listening HDDS REST traffic on /0.0.0.0:39333 |  
2019-08-22 20:33:22,277 [main] INFO  ozone.HddsDatanodeService (HddsDatanodeService.java:startPlugins(395)) - Started plug-in org.apache.hadoop.ozone.web.OzoneHddsDatanodeService@5680f009
2019-08-22 20:33:22,277 [main] INFO  impl.MetricsSystemImpl (MetricsSystemImpl.java:init(158)) - HddsDatanode metrics system started (again)
2019-08-22 20:33:22,279 [org.apache.hadoop.util.JvmPauseMonitor$Monitor@3285dc8c] INFO  util.JvmPauseMonitor (JvmPauseMonitor.java:run(188)) - Starting JVM pause monitor
2019-08-22 20:33:22,280 [main] INFO  ozone.HddsDatanodeService (HddsDatanodeService.java:start(184)) - HddsDatanodeService host:pr-hdds-1975-8q6qf-1339330341 ip:192.168.5.154
2019-08-22 20:33:22,281 [Datanode State Machine Thread - 0] INFO  datanode.InitDatanodeState (InitDatanodeState.java:persistContainerDatanodeDetails(140)) - DatanodeDetails is persisted to /workdir/hadoop-ozone/integration-test/target/test-dir/MiniOzoneClusterImpl-28bedab5-a7b6-4439-aa5a-0da14b59fc38/datanode-2/meta/datanode.id
2019-08-22 20:33:22,289 [main] INFO  volume.HddsVolume (HddsVolume.java:<init>(176)) - Creating Volume: /workdir/hadoop-ozone/integration-test/target/test-dir/MiniOzoneClusterImpl-28bedab5-a7b6-4439-aa5a-0da14b59fc38/datanode-3/data/containers/hdds of  storage type : DISK and capacity : 1482555576320
2019-08-22 20:33:22,289 [main] INFO  volume.VolumeSet (VolumeSet.java:initializeVolumeSet(170)) - Added Volume : /workdir/hadoop-ozone/integration-test/target/test-dir/MiniOzoneClusterImpl-28bedab5-a7b6-4439-aa5a-0da14b59fc38/datanode-3/data/containers/hdds to VolumeSet
2019-08-22 20:33:22,290 [main] INFO  volume.ThrottledAsyncChecker (ThrottledAsyncChecker.java:schedule(140)) - Scheduling a check for org.apache.hadoop.ozone.container.common.volume.HddsVolume@58b03882
2019-08-22 20:33:22,290 [main] INFO  volume.HddsVolumeChecker (HddsVolumeChecker.java:checkAllVolumes(203)) - Scheduled health check for volume org.apache.hadoop.ozone.container.common.volume.HddsVolume@58b03882
2019-08-22 20:33:22,307 [main] INFO  impl.RaftServerProxy (ConfUtils.java:logGet(43)) - raft.rpc.type = GRPC (default)
2019-08-22 20:33:22,308 [main] INFO  grpc.GrpcFactory (GrpcFactory.java:checkPooledByteBufAllocatorUseCacheForAllThreads(45)) - PERFORMANCE WARNING: useCacheForAllThreads is true that may cause Netty to create a lot garbage objects and, as a result, trigger GC.
	It is recommended to disable useCacheForAllThreads by setting -Dorg.apache.ratis.thirdparty.io.netty.allocator.useCacheForAllThreads=false in command line.
2019-08-22 20:33:22,308 [main] INFO  grpc.GrpcConfigKeys$Server (ConfUtils.java:logGet(43)) - raft.grpc.server.port = 0 (default)
2019-08-22 20:33:22,308 [main] INFO  server.GrpcService (ConfUtils.java:logGet(43)) - raft.grpc.message.size.max = 33570816 (custom)
2019-08-22 20:33:22,308 [main] INFO  server.RaftServerConfigKeys (ConfUtils.java:logGet(43)) - raft.server.log.appender.buffer.byte-limit = 33554432 (custom)
2019-08-22 20:33:22,309 [main] INFO  server.GrpcService (ConfUtils.java:logGet(43)) - raft.grpc.flow.control.window = 1MB (=1048576) (default)
2019-08-22 20:33:22,309 [main] INFO  server.RaftServerConfigKeys (ConfUtils.java:logGet(43)) - raft.server.rpc.request.timeout = 3000ms (default)
2019-08-22 20:33:22,309 [main] INFO  server.RaftServerConfigKeys (ConfUtils.java:logGet(43)) - raft.server.storage.dir = [/workdir/hadoop-ozone/integration-test/target/test-dir/MiniOzoneClusterImpl-28bedab5-a7b6-4439-aa5a-0da14b59fc38/datanode-3/data/ratis] (custom)
2019-08-22 20:33:22,310 [main] INFO  replication.SimpleContainerDownloader (SimpleContainerDownloader.java:<init>(72)) - Starting container downloader service to copy containers to replicate.
2019-08-22 20:33:22,311 [main] INFO  hdfs.DFSUtil (DFSUtil.java:httpServerTemplateForNNAndJN(1641)) - Starting Web-server for hddsDatanode at: http://0.0.0.0:0
2019-08-22 20:33:22,312 [main] INFO  server.AuthenticationFilter (AuthenticationFilter.java:constructSecretProvider(240)) - Unable to initialize FileSignerSecretProvider, falling back to use random secrets.
2019-08-22 20:33:22,313 [main] WARN  http.HttpRequestLog (HttpRequestLog.java:getRequestLog(97)) - Jetty request log can only be enabled using Log4j
2019-08-22 20:33:22,314 [main] INFO  http.HttpServer2 (HttpServer2.java:addGlobalFilter(975)) - Added global filter 'safety' (class=org.apache.hadoop.http.HttpServer2$QuotingInputFilter)
2019-08-22 20:33:22,315 [main] INFO  http.HttpServer2 (HttpServer2.java:addFilter(948)) - Added filter static_user_filter (class=org.apache.hadoop.http.lib.StaticUserWebFilter$StaticUserFilter) to context hddsDatanode
2019-08-22 20:33:22,315 [main] INFO  http.HttpServer2 (HttpServer2.java:addFilter(958)) - Added filter static_user_filter (class=org.apache.hadoop.http.lib.StaticUserWebFilter$StaticUserFilter) to context logs
2019-08-22 20:33:22,315 [main] INFO  http.HttpServer2 (HttpServer2.java:addFilter(958)) - Added filter static_user_filter (class=org.apache.hadoop.http.lib.StaticUserWebFilter$StaticUserFilter) to context static
2019-08-22 20:33:22,315 [main] INFO  http.HttpServer2 (HttpServer2.java:bindListener(1191)) - Jetty bound to port 33346
2019-08-22 20:33:22,316 [main] INFO  server.Server (Server.java:doStart(351)) - jetty-9.3.24.v20180605, build timestamp: 2018-06-05T17:11:56Z, git hash: 84205aa28f11a4f31f2a3b86d1bba2cc8ab69827
2019-08-22 20:33:22,317 [main] INFO  handler.ContextHandler (ContextHandler.java:doStart(781)) - Started o.e.j.s.ServletContextHandler@2b3ac26d{/logs,file:///workdir/hadoop-ozone/integration-test/target/log,AVAILABLE}
2019-08-22 20:33:22,317 [main] INFO  handler.ContextHandler (ContextHandler.java:doStart(781)) - Started o.e.j.s.ServletContextHandler@1b3a1e42{/static,jar:file:/home/user/.m2/repository/org/apache/hadoop/hadoop-hdds-container-service/0.5.0-SNAPSHOT/hadoop-hdds-container-service-0.5.0-SNAPSHOT.jar!/webapps/static,AVAILABLE}
2019-08-22 20:33:22,342 [main] INFO  handler.ContextHandler (ContextHandler.java:doStart(781)) - Started o.e.j.w.WebAppContext@3d837af7{/,file:///tmp/jetty-0.0.0.0-33346-hddsDatanode-_-any-1792248775942656929.dir/webapp/,AVAILABLE}{/hddsDatanode}
2019-08-22 20:33:22,343 [main] INFO  server.AbstractConnector (AbstractConnector.java:doStart(278)) - Started ServerConnector@446dc997{HTTP/1.1,[http/1.1]}{0.0.0.0:33346}
2019-08-22 20:33:22,344 [main] INFO  server.Server (Server.java:doStart(419)) - Started @547863ms
2019-08-22 20:33:22,345 [main] INFO  server.BaseHttpServer (BaseHttpServer.java:updateConnectorAddress(213)) - HTTP server of HDDSDATANODE is listening at http://0.0.0.0:33346
2019-08-22 20:33:22,714 | INFO  | ObjectStoreRestHttpServer | Listening HDDS REST traffic on /0.0.0.0:44326 |  
2019-08-22 20:33:22,714 [main] INFO  ozone.HddsDatanodeService (HddsDatanodeService.java:startPlugins(395)) - Started plug-in org.apache.hadoop.ozone.web.OzoneHddsDatanodeService@670199c5
2019-08-22 20:33:22,714 [main] INFO  impl.MetricsSystemImpl (MetricsSystemImpl.java:init(158)) - HddsDatanode metrics system started (again)
2019-08-22 20:33:22,717 [main] INFO  ozone.HddsDatanodeService (HddsDatanodeService.java:start(184)) - HddsDatanodeService host:pr-hdds-1975-8q6qf-1339330341 ip:192.168.5.154
2019-08-22 20:33:22,718 [org.apache.hadoop.util.JvmPauseMonitor$Monitor@5bd6914b] INFO  util.JvmPauseMonitor (JvmPauseMonitor.java:run(188)) - Starting JVM pause monitor
2019-08-22 20:33:22,719 [Datanode State Machine Thread - 0] INFO  datanode.InitDatanodeState (InitDatanodeState.java:persistContainerDatanodeDetails(140)) - DatanodeDetails is persisted to /workdir/hadoop-ozone/integration-test/target/test-dir/MiniOzoneClusterImpl-28bedab5-a7b6-4439-aa5a-0da14b59fc38/datanode-3/meta/datanode.id
2019-08-22 20:33:22,727 [main] INFO  volume.HddsVolume (HddsVolume.java:<init>(176)) - Creating Volume: /workdir/hadoop-ozone/integration-test/target/test-dir/MiniOzoneClusterImpl-28bedab5-a7b6-4439-aa5a-0da14b59fc38/datanode-4/data/containers/hdds of  storage type : DISK and capacity : 1482555576320
2019-08-22 20:33:22,727 [main] INFO  volume.VolumeSet (VolumeSet.java:initializeVolumeSet(170)) - Added Volume : /workdir/hadoop-ozone/integration-test/target/test-dir/MiniOzoneClusterImpl-28bedab5-a7b6-4439-aa5a-0da14b59fc38/datanode-4/data/containers/hdds to VolumeSet
2019-08-22 20:33:22,728 [main] INFO  volume.ThrottledAsyncChecker (ThrottledAsyncChecker.java:schedule(140)) - Scheduling a check for org.apache.hadoop.ozone.container.common.volume.HddsVolume@29471e3e
2019-08-22 20:33:22,728 [main] INFO  volume.HddsVolumeChecker (HddsVolumeChecker.java:checkAllVolumes(203)) - Scheduled health check for volume org.apache.hadoop.ozone.container.common.volume.HddsVolume@29471e3e
2019-08-22 20:33:22,743 [main] INFO  impl.RaftServerProxy (ConfUtils.java:logGet(43)) - raft.rpc.type = GRPC (default)
2019-08-22 20:33:22,743 [main] INFO  grpc.GrpcFactory (GrpcFactory.java:checkPooledByteBufAllocatorUseCacheForAllThreads(45)) - PERFORMANCE WARNING: useCacheForAllThreads is true that may cause Netty to create a lot garbage objects and, as a result, trigger GC.
	It is recommended to disable useCacheForAllThreads by setting -Dorg.apache.ratis.thirdparty.io.netty.allocator.useCacheForAllThreads=false in command line.
2019-08-22 20:33:22,743 [main] INFO  grpc.GrpcConfigKeys$Server (ConfUtils.java:logGet(43)) - raft.grpc.server.port = 0 (default)
2019-08-22 20:33:22,743 [main] INFO  server.GrpcService (ConfUtils.java:logGet(43)) - raft.grpc.message.size.max = 33570816 (custom)
2019-08-22 20:33:22,744 [main] INFO  server.RaftServerConfigKeys (ConfUtils.java:logGet(43)) - raft.server.log.appender.buffer.byte-limit = 33554432 (custom)
2019-08-22 20:33:22,744 [main] INFO  server.GrpcService (ConfUtils.java:logGet(43)) - raft.grpc.flow.control.window = 1MB (=1048576) (default)
2019-08-22 20:33:22,744 [main] INFO  server.RaftServerConfigKeys (ConfUtils.java:logGet(43)) - raft.server.rpc.request.timeout = 3000ms (default)
2019-08-22 20:33:22,744 [main] INFO  server.RaftServerConfigKeys (ConfUtils.java:logGet(43)) - raft.server.storage.dir = [/workdir/hadoop-ozone/integration-test/target/test-dir/MiniOzoneClusterImpl-28bedab5-a7b6-4439-aa5a-0da14b59fc38/datanode-4/data/ratis] (custom)
2019-08-22 20:33:22,745 [main] INFO  replication.SimpleContainerDownloader (SimpleContainerDownloader.java:<init>(72)) - Starting container downloader service to copy containers to replicate.
2019-08-22 20:33:22,746 [main] INFO  hdfs.DFSUtil (DFSUtil.java:httpServerTemplateForNNAndJN(1641)) - Starting Web-server for hddsDatanode at: http://0.0.0.0:0
2019-08-22 20:33:22,747 [main] INFO  server.AuthenticationFilter (AuthenticationFilter.java:constructSecretProvider(240)) - Unable to initialize FileSignerSecretProvider, falling back to use random secrets.
2019-08-22 20:33:22,748 [main] WARN  http.HttpRequestLog (HttpRequestLog.java:getRequestLog(97)) - Jetty request log can only be enabled using Log4j
2019-08-22 20:33:22,751 [main] INFO  http.HttpServer2 (HttpServer2.java:addGlobalFilter(975)) - Added global filter 'safety' (class=org.apache.hadoop.http.HttpServer2$QuotingInputFilter)
2019-08-22 20:33:22,751 [main] INFO  http.HttpServer2 (HttpServer2.java:addFilter(948)) - Added filter static_user_filter (class=org.apache.hadoop.http.lib.StaticUserWebFilter$StaticUserFilter) to context hddsDatanode
2019-08-22 20:33:22,751 [main] INFO  http.HttpServer2 (HttpServer2.java:addFilter(958)) - Added filter static_user_filter (class=org.apache.hadoop.http.lib.StaticUserWebFilter$StaticUserFilter) to context logs
2019-08-22 20:33:22,752 [main] INFO  http.HttpServer2 (HttpServer2.java:addFilter(958)) - Added filter static_user_filter (class=org.apache.hadoop.http.lib.StaticUserWebFilter$StaticUserFilter) to context static
2019-08-22 20:33:22,753 [main] INFO  http.HttpServer2 (HttpServer2.java:bindListener(1191)) - Jetty bound to port 33304
2019-08-22 20:33:22,753 [main] INFO  server.Server (Server.java:doStart(351)) - jetty-9.3.24.v20180605, build timestamp: 2018-06-05T17:11:56Z, git hash: 84205aa28f11a4f31f2a3b86d1bba2cc8ab69827
2019-08-22 20:33:22,755 [main] INFO  handler.ContextHandler (ContextHandler.java:doStart(781)) - Started o.e.j.s.ServletContextHandler@6872201{/logs,file:///workdir/hadoop-ozone/integration-test/target/log,AVAILABLE}
2019-08-22 20:33:22,756 [main] INFO  handler.ContextHandler (ContextHandler.java:doStart(781)) - Started o.e.j.s.ServletContextHandler@19984625{/static,jar:file:/home/user/.m2/repository/org/apache/hadoop/hadoop-hdds-container-service/0.5.0-SNAPSHOT/hadoop-hdds-container-service-0.5.0-SNAPSHOT.jar!/webapps/static,AVAILABLE}
2019-08-22 20:33:22,798 [main] INFO  handler.ContextHandler (ContextHandler.java:doStart(781)) - Started o.e.j.w.WebAppContext@5f1d270a{/,file:///tmp/jetty-0.0.0.0-33304-hddsDatanode-_-any-7813046152795385218.dir/webapp/,AVAILABLE}{/hddsDatanode}
2019-08-22 20:33:22,799 [main] INFO  server.AbstractConnector (AbstractConnector.java:doStart(278)) - Started ServerConnector@7d14efc{HTTP/1.1,[http/1.1]}{0.0.0.0:33304}
2019-08-22 20:33:22,801 [main] INFO  server.Server (Server.java:doStart(419)) - Started @548320ms
2019-08-22 20:33:22,802 [main] INFO  server.BaseHttpServer (BaseHttpServer.java:updateConnectorAddress(213)) - HTTP server of HDDSDATANODE is listening at http://0.0.0.0:33304
2019-08-22 20:33:22,919 | INFO  | ObjectStoreRestHttpServer | Listening HDDS REST traffic on /0.0.0.0:44800 |  
2019-08-22 20:33:22,919 [main] INFO  ozone.HddsDatanodeService (HddsDatanodeService.java:startPlugins(395)) - Started plug-in org.apache.hadoop.ozone.web.OzoneHddsDatanodeService@10cb1b89
2019-08-22 20:33:22,919 [main] INFO  impl.MetricsSystemImpl (MetricsSystemImpl.java:init(158)) - HddsDatanode metrics system started (again)
2019-08-22 20:33:22,922 [org.apache.hadoop.util.JvmPauseMonitor$Monitor@3b0f28a9] INFO  util.JvmPauseMonitor (JvmPauseMonitor.java:run(188)) - Starting JVM pause monitor
2019-08-22 20:33:22,923 [main] INFO  ozone.HddsDatanodeService (HddsDatanodeService.java:start(184)) - HddsDatanodeService host:pr-hdds-1975-8q6qf-1339330341 ip:192.168.5.154
2019-08-22 20:33:22,924 [Datanode State Machine Thread - 0] INFO  datanode.InitDatanodeState (InitDatanodeState.java:persistContainerDatanodeDetails(140)) - DatanodeDetails is persisted to /workdir/hadoop-ozone/integration-test/target/test-dir/MiniOzoneClusterImpl-28bedab5-a7b6-4439-aa5a-0da14b59fc38/datanode-4/meta/datanode.id
2019-08-22 20:33:22,933 [main] INFO  volume.HddsVolume (HddsVolume.java:<init>(176)) - Creating Volume: /workdir/hadoop-ozone/integration-test/target/test-dir/MiniOzoneClusterImpl-28bedab5-a7b6-4439-aa5a-0da14b59fc38/datanode-5/data/containers/hdds of  storage type : DISK and capacity : 1482555576320
2019-08-22 20:33:22,933 [main] INFO  volume.VolumeSet (VolumeSet.java:initializeVolumeSet(170)) - Added Volume : /workdir/hadoop-ozone/integration-test/target/test-dir/MiniOzoneClusterImpl-28bedab5-a7b6-4439-aa5a-0da14b59fc38/datanode-5/data/containers/hdds to VolumeSet
2019-08-22 20:33:22,933 [main] INFO  volume.ThrottledAsyncChecker (ThrottledAsyncChecker.java:schedule(140)) - Scheduling a check for org.apache.hadoop.ozone.container.common.volume.HddsVolume@6dabad5c
2019-08-22 20:33:22,934 [main] INFO  volume.HddsVolumeChecker (HddsVolumeChecker.java:checkAllVolumes(203)) - Scheduled health check for volume org.apache.hadoop.ozone.container.common.volume.HddsVolume@6dabad5c
2019-08-22 20:33:22,949 [main] INFO  impl.RaftServerProxy (ConfUtils.java:logGet(43)) - raft.rpc.type = GRPC (default)
2019-08-22 20:33:22,949 [main] INFO  grpc.GrpcFactory (GrpcFactory.java:checkPooledByteBufAllocatorUseCacheForAllThreads(45)) - PERFORMANCE WARNING: useCacheForAllThreads is true that may cause Netty to create a lot garbage objects and, as a result, trigger GC.
	It is recommended to disable useCacheForAllThreads by setting -Dorg.apache.ratis.thirdparty.io.netty.allocator.useCacheForAllThreads=false in command line.
2019-08-22 20:33:22,950 [main] INFO  grpc.GrpcConfigKeys$Server (ConfUtils.java:logGet(43)) - raft.grpc.server.port = 0 (default)
2019-08-22 20:33:22,950 [main] INFO  server.GrpcService (ConfUtils.java:logGet(43)) - raft.grpc.message.size.max = 33570816 (custom)
2019-08-22 20:33:22,950 [main] INFO  server.RaftServerConfigKeys (ConfUtils.java:logGet(43)) - raft.server.log.appender.buffer.byte-limit = 33554432 (custom)
2019-08-22 20:33:22,950 [main] INFO  server.GrpcService (ConfUtils.java:logGet(43)) - raft.grpc.flow.control.window = 1MB (=1048576) (default)
2019-08-22 20:33:22,950 [main] INFO  server.RaftServerConfigKeys (ConfUtils.java:logGet(43)) - raft.server.rpc.request.timeout = 3000ms (default)
2019-08-22 20:33:22,951 [main] INFO  server.RaftServerConfigKeys (ConfUtils.java:logGet(43)) - raft.server.storage.dir = [/workdir/hadoop-ozone/integration-test/target/test-dir/MiniOzoneClusterImpl-28bedab5-a7b6-4439-aa5a-0da14b59fc38/datanode-5/data/ratis] (custom)
2019-08-22 20:33:22,951 [main] INFO  replication.SimpleContainerDownloader (SimpleContainerDownloader.java:<init>(72)) - Starting container downloader service to copy containers to replicate.
2019-08-22 20:33:22,952 [main] INFO  hdfs.DFSUtil (DFSUtil.java:httpServerTemplateForNNAndJN(1641)) - Starting Web-server for hddsDatanode at: http://0.0.0.0:0
2019-08-22 20:33:22,953 [main] INFO  server.AuthenticationFilter (AuthenticationFilter.java:constructSecretProvider(240)) - Unable to initialize FileSignerSecretProvider, falling back to use random secrets.
2019-08-22 20:33:22,953 [main] WARN  http.HttpRequestLog (HttpRequestLog.java:getRequestLog(97)) - Jetty request log can only be enabled using Log4j
2019-08-22 20:33:22,955 [main] INFO  http.HttpServer2 (HttpServer2.java:addGlobalFilter(975)) - Added global filter 'safety' (class=org.apache.hadoop.http.HttpServer2$QuotingInputFilter)
2019-08-22 20:33:22,955 [main] INFO  http.HttpServer2 (HttpServer2.java:addFilter(948)) - Added filter static_user_filter (class=org.apache.hadoop.http.lib.StaticUserWebFilter$StaticUserFilter) to context hddsDatanode
2019-08-22 20:33:22,955 [main] INFO  http.HttpServer2 (HttpServer2.java:addFilter(958)) - Added filter static_user_filter (class=org.apache.hadoop.http.lib.StaticUserWebFilter$StaticUserFilter) to context logs
2019-08-22 20:33:22,955 [main] INFO  http.HttpServer2 (HttpServer2.java:addFilter(958)) - Added filter static_user_filter (class=org.apache.hadoop.http.lib.StaticUserWebFilter$StaticUserFilter) to context static
2019-08-22 20:33:22,956 [main] INFO  http.HttpServer2 (HttpServer2.java:bindListener(1191)) - Jetty bound to port 38370
2019-08-22 20:33:22,956 [main] INFO  server.Server (Server.java:doStart(351)) - jetty-9.3.24.v20180605, build timestamp: 2018-06-05T17:11:56Z, git hash: 84205aa28f11a4f31f2a3b86d1bba2cc8ab69827
2019-08-22 20:33:22,957 [main] INFO  handler.ContextHandler (ContextHandler.java:doStart(781)) - Started o.e.j.s.ServletContextHandler@65402e26{/logs,file:///workdir/hadoop-ozone/integration-test/target/log,AVAILABLE}
2019-08-22 20:33:22,958 [main] INFO  handler.ContextHandler (ContextHandler.java:doStart(781)) - Started o.e.j.s.ServletContextHandler@7abeaed0{/static,jar:file:/home/user/.m2/repository/org/apache/hadoop/hadoop-hdds-container-service/0.5.0-SNAPSHOT/hadoop-hdds-container-service-0.5.0-SNAPSHOT.jar!/webapps/static,AVAILABLE}
2019-08-22 20:33:22,986 [main] INFO  handler.ContextHandler (ContextHandler.java:doStart(781)) - Started o.e.j.w.WebAppContext@f1b0658{/,file:///tmp/jetty-0.0.0.0-38370-hddsDatanode-_-any-8439039918097481952.dir/webapp/,AVAILABLE}{/hddsDatanode}
2019-08-22 20:33:22,986 [main] INFO  server.AbstractConnector (AbstractConnector.java:doStart(278)) - Started ServerConnector@4870d2e1{HTTP/1.1,[http/1.1]}{0.0.0.0:38370}
2019-08-22 20:33:22,988 [main] INFO  server.Server (Server.java:doStart(419)) - Started @548505ms
2019-08-22 20:33:22,989 [main] INFO  server.BaseHttpServer (BaseHttpServer.java:updateConnectorAddress(213)) - HTTP server of HDDSDATANODE is listening at http://0.0.0.0:38370
2019-08-22 20:33:23,102 | INFO  | ObjectStoreRestHttpServer | Listening HDDS REST traffic on /0.0.0.0:35903 |  
2019-08-22 20:33:23,102 [main] INFO  ozone.HddsDatanodeService (HddsDatanodeService.java:startPlugins(395)) - Started plug-in org.apache.hadoop.ozone.web.OzoneHddsDatanodeService@2296ed0d
2019-08-22 20:33:23,103 [main] INFO  impl.MetricsSystemImpl (MetricsSystemImpl.java:init(158)) - HddsDatanode metrics system started (again)
2019-08-22 20:33:23,106 [main] INFO  ozone.HddsDatanodeService (HddsDatanodeService.java:start(184)) - HddsDatanodeService host:pr-hdds-1975-8q6qf-1339330341 ip:192.168.5.154
2019-08-22 20:33:23,107 [org.apache.hadoop.util.JvmPauseMonitor$Monitor@1544e641] INFO  util.JvmPauseMonitor (JvmPauseMonitor.java:run(188)) - Starting JVM pause monitor
2019-08-22 20:33:23,108 [Datanode State Machine Thread - 0] INFO  datanode.InitDatanodeState (InitDatanodeState.java:persistContainerDatanodeDetails(140)) - DatanodeDetails is persisted to /workdir/hadoop-ozone/integration-test/target/test-dir/MiniOzoneClusterImpl-28bedab5-a7b6-4439-aa5a-0da14b59fc38/datanode-5/meta/datanode.id
2019-08-22 20:33:23,118 [main] INFO  volume.HddsVolume (HddsVolume.java:<init>(176)) - Creating Volume: /workdir/hadoop-ozone/integration-test/target/test-dir/MiniOzoneClusterImpl-28bedab5-a7b6-4439-aa5a-0da14b59fc38/datanode-6/data/containers/hdds of  storage type : DISK and capacity : 1482555576320
2019-08-22 20:33:23,118 [main] INFO  volume.VolumeSet (VolumeSet.java:initializeVolumeSet(170)) - Added Volume : /workdir/hadoop-ozone/integration-test/target/test-dir/MiniOzoneClusterImpl-28bedab5-a7b6-4439-aa5a-0da14b59fc38/datanode-6/data/containers/hdds to VolumeSet
2019-08-22 20:33:23,118 [main] INFO  volume.ThrottledAsyncChecker (ThrottledAsyncChecker.java:schedule(140)) - Scheduling a check for org.apache.hadoop.ozone.container.common.volume.HddsVolume@17d6b6e
2019-08-22 20:33:23,119 [main] INFO  volume.HddsVolumeChecker (HddsVolumeChecker.java:checkAllVolumes(203)) - Scheduled health check for volume org.apache.hadoop.ozone.container.common.volume.HddsVolume@17d6b6e
2019-08-22 20:33:23,134 [main] INFO  impl.RaftServerProxy (ConfUtils.java:logGet(43)) - raft.rpc.type = GRPC (default)
2019-08-22 20:33:23,135 [main] INFO  grpc.GrpcFactory (GrpcFactory.java:checkPooledByteBufAllocatorUseCacheForAllThreads(45)) - PERFORMANCE WARNING: useCacheForAllThreads is true that may cause Netty to create a lot garbage objects and, as a result, trigger GC.
	It is recommended to disable useCacheForAllThreads by setting -Dorg.apache.ratis.thirdparty.io.netty.allocator.useCacheForAllThreads=false in command line.
2019-08-22 20:33:23,135 [main] INFO  grpc.GrpcConfigKeys$Server (ConfUtils.java:logGet(43)) - raft.grpc.server.port = 0 (default)
2019-08-22 20:33:23,135 [main] INFO  server.GrpcService (ConfUtils.java:logGet(43)) - raft.grpc.message.size.max = 33570816 (custom)
2019-08-22 20:33:23,135 [main] INFO  server.RaftServerConfigKeys (ConfUtils.java:logGet(43)) - raft.server.log.appender.buffer.byte-limit = 33554432 (custom)
2019-08-22 20:33:23,135 [main] INFO  server.GrpcService (ConfUtils.java:logGet(43)) - raft.grpc.flow.control.window = 1MB (=1048576) (default)
2019-08-22 20:33:23,136 [main] INFO  server.RaftServerConfigKeys (ConfUtils.java:logGet(43)) - raft.server.rpc.request.timeout = 3000ms (default)
2019-08-22 20:33:23,136 [main] INFO  server.RaftServerConfigKeys (ConfUtils.java:logGet(43)) - raft.server.storage.dir = [/workdir/hadoop-ozone/integration-test/target/test-dir/MiniOzoneClusterImpl-28bedab5-a7b6-4439-aa5a-0da14b59fc38/datanode-6/data/ratis] (custom)
2019-08-22 20:33:23,137 [main] INFO  replication.SimpleContainerDownloader (SimpleContainerDownloader.java:<init>(72)) - Starting container downloader service to copy containers to replicate.
2019-08-22 20:33:23,138 [main] INFO  hdfs.DFSUtil (DFSUtil.java:httpServerTemplateForNNAndJN(1641)) - Starting Web-server for hddsDatanode at: http://0.0.0.0:0
2019-08-22 20:33:23,139 [main] INFO  server.AuthenticationFilter (AuthenticationFilter.java:constructSecretProvider(240)) - Unable to initialize FileSignerSecretProvider, falling back to use random secrets.
2019-08-22 20:33:23,139 [main] WARN  http.HttpRequestLog (HttpRequestLog.java:getRequestLog(97)) - Jetty request log can only be enabled using Log4j
2019-08-22 20:33:23,140 [main] INFO  http.HttpServer2 (HttpServer2.java:addGlobalFilter(975)) - Added global filter 'safety' (class=org.apache.hadoop.http.HttpServer2$QuotingInputFilter)
2019-08-22 20:33:23,141 [main] INFO  http.HttpServer2 (HttpServer2.java:addFilter(948)) - Added filter static_user_filter (class=org.apache.hadoop.http.lib.StaticUserWebFilter$StaticUserFilter) to context hddsDatanode
2019-08-22 20:33:23,141 [main] INFO  http.HttpServer2 (HttpServer2.java:addFilter(958)) - Added filter static_user_filter (class=org.apache.hadoop.http.lib.StaticUserWebFilter$StaticUserFilter) to context logs
2019-08-22 20:33:23,141 [main] INFO  http.HttpServer2 (HttpServer2.java:addFilter(958)) - Added filter static_user_filter (class=org.apache.hadoop.http.lib.StaticUserWebFilter$StaticUserFilter) to context static
2019-08-22 20:33:23,142 [main] INFO  http.HttpServer2 (HttpServer2.java:bindListener(1191)) - Jetty bound to port 37161
2019-08-22 20:33:23,142 [main] INFO  server.Server (Server.java:doStart(351)) - jetty-9.3.24.v20180605, build timestamp: 2018-06-05T17:11:56Z, git hash: 84205aa28f11a4f31f2a3b86d1bba2cc8ab69827
2019-08-22 20:33:23,143 [main] INFO  handler.ContextHandler (ContextHandler.java:doStart(781)) - Started o.e.j.s.ServletContextHandler@16c559c7{/logs,file:///workdir/hadoop-ozone/integration-test/target/log,AVAILABLE}
2019-08-22 20:33:23,144 [main] INFO  handler.ContextHandler (ContextHandler.java:doStart(781)) - Started o.e.j.s.ServletContextHandler@6d598162{/static,jar:file:/home/user/.m2/repository/org/apache/hadoop/hadoop-hdds-container-service/0.5.0-SNAPSHOT/hadoop-hdds-container-service-0.5.0-SNAPSHOT.jar!/webapps/static,AVAILABLE}
2019-08-22 20:33:23,174 [main] INFO  handler.ContextHandler (ContextHandler.java:doStart(781)) - Started o.e.j.w.WebAppContext@69497a36{/,file:///tmp/jetty-0.0.0.0-37161-hddsDatanode-_-any-4373911149157076152.dir/webapp/,AVAILABLE}{/hddsDatanode}
2019-08-22 20:33:23,174 [main] INFO  server.AbstractConnector (AbstractConnector.java:doStart(278)) - Started ServerConnector@497f8a4b{HTTP/1.1,[http/1.1]}{0.0.0.0:37161}
2019-08-22 20:33:23,179 [main] INFO  server.Server (Server.java:doStart(419)) - Started @548697ms
2019-08-22 20:33:23,180 [main] INFO  server.BaseHttpServer (BaseHttpServer.java:updateConnectorAddress(213)) - HTTP server of HDDSDATANODE is listening at http://0.0.0.0:37161
2019-08-22 20:33:23,293 | INFO  | ObjectStoreRestHttpServer | Listening HDDS REST traffic on /0.0.0.0:34247 |  
2019-08-22 20:33:23,293 [main] INFO  ozone.HddsDatanodeService (HddsDatanodeService.java:startPlugins(395)) - Started plug-in org.apache.hadoop.ozone.web.OzoneHddsDatanodeService@2f6fcc70
2019-08-22 20:33:23,293 [main] INFO  ozone.MiniOzoneClusterImpl (MiniOzoneClusterImpl.java:lambda$waitForClusterToBeReady$0(142)) - Waiting for cluster to be ready. Got 0 of 7 DN Heartbeats.
2019-08-22 20:33:23,295 [org.apache.hadoop.util.JvmPauseMonitor$Monitor@52d75e60] INFO  util.JvmPauseMonitor (JvmPauseMonitor.java:run(188)) - Starting JVM pause monitor
2019-08-22 20:33:23,296 [Datanode State Machine Thread - 0] INFO  datanode.InitDatanodeState (InitDatanodeState.java:persistContainerDatanodeDetails(140)) - DatanodeDetails is persisted to /workdir/hadoop-ozone/integration-test/target/test-dir/MiniOzoneClusterImpl-28bedab5-a7b6-4439-aa5a-0da14b59fc38/datanode-6/meta/datanode.id
2019-08-22 20:33:23,898 | INFO  | SCMAudit | user=jenkins1000 | ip=192.168.5.154 | op=GET_VERSION null | ret=SUCCESS |  
2019-08-22 20:33:23,925 [Datanode State Machine Thread - 0] INFO  ozoneimpl.OzoneContainer (OzoneContainer.java:start(186)) - Attempting to start container services.
2019-08-22 20:33:23,925 [Datanode State Machine Thread - 0] INFO  ozoneimpl.OzoneContainer (OzoneContainer.java:startContainerScrub(160)) - Background container scrubber has been disabled by hdds.containerscrub.enabled
2019-08-22 20:33:23,925 [Datanode State Machine Thread - 0] INFO  ratis.XceiverServerRatis (XceiverServerRatis.java:start(404)) - Starting XceiverServerRatis 2daced53-459d-4517-a1dc-5ae4d7d13a80 at port 0
2019-08-22 20:33:23,931 [Datanode State Machine Thread - 0] INFO  impl.RaftServerProxy (RaftServerProxy.java:lambda$start$3(299)) - 2daced53-459d-4517-a1dc-5ae4d7d13a80: start RPC server
2019-08-22 20:33:23,933 [Datanode State Machine Thread - 0] INFO  server.GrpcService (GrpcService.java:startImpl(149)) - 2daced53-459d-4517-a1dc-5ae4d7d13a80: GrpcService started, listening on 0.0.0.0/0.0.0.0:44688
2019-08-22 20:33:23,933 [Datanode State Machine Thread - 0] INFO  ratis.XceiverServerRatis (XceiverServerRatis.java:start(414)) - XceiverServerRatis 2daced53-459d-4517-a1dc-5ae4d7d13a80 is started using port 44688
2019-08-22 20:33:23,934 [Datanode State Machine Thread - 0] INFO  server.XceiverServerGrpc (XceiverServerGrpc.java:start(161)) - XceiverServerGrpc 2daced53-459d-4517-a1dc-5ae4d7d13a80 is started using port 35854
2019-08-22 20:33:24,083 | INFO  | SCMAudit | user=jenkins1000 | ip=192.168.5.154 | op=GET_VERSION null | ret=SUCCESS |  
2019-08-22 20:33:24,096 [Datanode State Machine Thread - 0] INFO  ozoneimpl.OzoneContainer (OzoneContainer.java:start(186)) - Attempting to start container services.
2019-08-22 20:33:24,096 [Datanode State Machine Thread - 0] INFO  ozoneimpl.OzoneContainer (OzoneContainer.java:startContainerScrub(160)) - Background container scrubber has been disabled by hdds.containerscrub.enabled
2019-08-22 20:33:24,096 [Datanode State Machine Thread - 0] INFO  ratis.XceiverServerRatis (XceiverServerRatis.java:start(404)) - Starting XceiverServerRatis 51076ca9-787f-4a25-b78d-948736530192 at port 0
2019-08-22 20:33:24,103 [Datanode State Machine Thread - 0] INFO  impl.RaftServerProxy (RaftServerProxy.java:lambda$start$3(299)) - 51076ca9-787f-4a25-b78d-948736530192: start RPC server
2019-08-22 20:33:24,106 [Datanode State Machine Thread - 0] INFO  server.GrpcService (GrpcService.java:startImpl(149)) - 51076ca9-787f-4a25-b78d-948736530192: GrpcService started, listening on 0.0.0.0/0.0.0.0:35094
2019-08-22 20:33:24,106 [Datanode State Machine Thread - 0] INFO  ratis.XceiverServerRatis (XceiverServerRatis.java:start(414)) - XceiverServerRatis 51076ca9-787f-4a25-b78d-948736530192 is started using port 35094
2019-08-22 20:33:24,106 [Datanode State Machine Thread - 0] INFO  server.XceiverServerGrpc (XceiverServerGrpc.java:start(161)) - XceiverServerGrpc 51076ca9-787f-4a25-b78d-948736530192 is started using port 41196
2019-08-22 20:33:24,280 | INFO  | SCMAudit | user=jenkins1000 | ip=192.168.5.154 | op=GET_VERSION null | ret=SUCCESS |  
2019-08-22 20:33:24,294 [main] INFO  ozone.MiniOzoneClusterImpl (MiniOzoneClusterImpl.java:lambda$waitForClusterToBeReady$0(142)) - Waiting for cluster to be ready. Got 0 of 7 DN Heartbeats.
2019-08-22 20:33:24,307 [Datanode State Machine Thread - 0] INFO  ozoneimpl.OzoneContainer (OzoneContainer.java:start(186)) - Attempting to start container services.
2019-08-22 20:33:24,308 [Datanode State Machine Thread - 0] INFO  ozoneimpl.OzoneContainer (OzoneContainer.java:startContainerScrub(160)) - Background container scrubber has been disabled by hdds.containerscrub.enabled
2019-08-22 20:33:24,308 [Datanode State Machine Thread - 0] INFO  ratis.XceiverServerRatis (XceiverServerRatis.java:start(404)) - Starting XceiverServerRatis f0f4ed96-5399-4dd5-ad99-791f6ec54833 at port 0
2019-08-22 20:33:24,314 [Datanode State Machine Thread - 0] INFO  impl.RaftServerProxy (RaftServerProxy.java:lambda$start$3(299)) - f0f4ed96-5399-4dd5-ad99-791f6ec54833: start RPC server
2019-08-22 20:33:24,315 [Datanode State Machine Thread - 0] INFO  server.GrpcService (GrpcService.java:startImpl(149)) - f0f4ed96-5399-4dd5-ad99-791f6ec54833: GrpcService started, listening on 0.0.0.0/0.0.0.0:39090
2019-08-22 20:33:24,315 [Datanode State Machine Thread - 0] INFO  ratis.XceiverServerRatis (XceiverServerRatis.java:start(414)) - XceiverServerRatis f0f4ed96-5399-4dd5-ad99-791f6ec54833 is started using port 39090
2019-08-22 20:33:24,316 [Datanode State Machine Thread - 0] INFO  server.XceiverServerGrpc (XceiverServerGrpc.java:start(161)) - XceiverServerGrpc f0f4ed96-5399-4dd5-ad99-791f6ec54833 is started using port 37654
2019-08-22 20:33:24,719 | INFO  | SCMAudit | user=jenkins1000 | ip=192.168.5.154 | op=GET_VERSION null | ret=SUCCESS |  
2019-08-22 20:33:24,734 [Datanode State Machine Thread - 0] INFO  ozoneimpl.OzoneContainer (OzoneContainer.java:start(186)) - Attempting to start container services.
2019-08-22 20:33:24,734 [Datanode State Machine Thread - 0] INFO  ozoneimpl.OzoneContainer (OzoneContainer.java:startContainerScrub(160)) - Background container scrubber has been disabled by hdds.containerscrub.enabled
2019-08-22 20:33:24,734 [Datanode State Machine Thread - 0] INFO  ratis.XceiverServerRatis (XceiverServerRatis.java:start(404)) - Starting XceiverServerRatis ccbe46ac-8be0-4969-adcf-2e9221e70c85 at port 0
2019-08-22 20:33:24,742 [Datanode State Machine Thread - 0] INFO  impl.RaftServerProxy (RaftServerProxy.java:lambda$start$3(299)) - ccbe46ac-8be0-4969-adcf-2e9221e70c85: start RPC server
2019-08-22 20:33:24,746 [Datanode State Machine Thread - 0] INFO  server.GrpcService (GrpcService.java:startImpl(149)) - ccbe46ac-8be0-4969-adcf-2e9221e70c85: GrpcService started, listening on 0.0.0.0/0.0.0.0:37473
2019-08-22 20:33:24,746 [Datanode State Machine Thread - 0] INFO  ratis.XceiverServerRatis (XceiverServerRatis.java:start(414)) - XceiverServerRatis ccbe46ac-8be0-4969-adcf-2e9221e70c85 is started using port 37473
2019-08-22 20:33:24,746 [Datanode State Machine Thread - 0] INFO  server.XceiverServerGrpc (XceiverServerGrpc.java:start(161)) - XceiverServerGrpc ccbe46ac-8be0-4969-adcf-2e9221e70c85 is started using port 45071
2019-08-22 20:33:24,923 | INFO  | SCMAudit | user=jenkins1000 | ip=192.168.5.154 | op=GET_VERSION null | ret=SUCCESS |  
2019-08-22 20:33:24,949 [Datanode State Machine Thread - 0] INFO  ozoneimpl.OzoneContainer (OzoneContainer.java:start(186)) - Attempting to start container services.
2019-08-22 20:33:24,949 [Datanode State Machine Thread - 0] INFO  ozoneimpl.OzoneContainer (OzoneContainer.java:startContainerScrub(160)) - Background container scrubber has been disabled by hdds.containerscrub.enabled
2019-08-22 20:33:24,949 [Datanode State Machine Thread - 0] INFO  ratis.XceiverServerRatis (XceiverServerRatis.java:start(404)) - Starting XceiverServerRatis b57f6041-151b-43d9-b1c6-c87944b8f8b5 at port 0
2019-08-22 20:33:24,957 [Datanode State Machine Thread - 0] INFO  impl.RaftServerProxy (RaftServerProxy.java:lambda$start$3(299)) - b57f6041-151b-43d9-b1c6-c87944b8f8b5: start RPC server
2019-08-22 20:33:24,961 [Datanode State Machine Thread - 0] INFO  server.GrpcService (GrpcService.java:startImpl(149)) - b57f6041-151b-43d9-b1c6-c87944b8f8b5: GrpcService started, listening on 0.0.0.0/0.0.0.0:44495
2019-08-22 20:33:24,961 [Datanode State Machine Thread - 0] INFO  ratis.XceiverServerRatis (XceiverServerRatis.java:start(414)) - XceiverServerRatis b57f6041-151b-43d9-b1c6-c87944b8f8b5 is started using port 44495
2019-08-22 20:33:24,962 [Datanode State Machine Thread - 0] INFO  server.XceiverServerGrpc (XceiverServerGrpc.java:start(161)) - XceiverServerGrpc b57f6041-151b-43d9-b1c6-c87944b8f8b5 is started using port 46842
2019-08-22 20:33:25,108 | INFO  | SCMAudit | user=jenkins1000 | ip=192.168.5.154 | op=GET_VERSION null | ret=SUCCESS |  
2019-08-22 20:33:25,129 [Datanode State Machine Thread - 0] INFO  ozoneimpl.OzoneContainer (OzoneContainer.java:start(186)) - Attempting to start container services.
2019-08-22 20:33:25,129 [Datanode State Machine Thread - 0] INFO  ozoneimpl.OzoneContainer (OzoneContainer.java:startContainerScrub(160)) - Background container scrubber has been disabled by hdds.containerscrub.enabled
2019-08-22 20:33:25,129 [Datanode State Machine Thread - 0] INFO  ratis.XceiverServerRatis (XceiverServerRatis.java:start(404)) - Starting XceiverServerRatis a6344601-8d29-48c8-ae6d-e0943ca3f389 at port 0
2019-08-22 20:33:25,136 [Datanode State Machine Thread - 0] INFO  impl.RaftServerProxy (RaftServerProxy.java:lambda$start$3(299)) - a6344601-8d29-48c8-ae6d-e0943ca3f389: start RPC server
2019-08-22 20:33:25,137 [Datanode State Machine Thread - 0] INFO  server.GrpcService (GrpcService.java:startImpl(149)) - a6344601-8d29-48c8-ae6d-e0943ca3f389: GrpcService started, listening on 0.0.0.0/0.0.0.0:32777
2019-08-22 20:33:25,138 [Datanode State Machine Thread - 0] INFO  ratis.XceiverServerRatis (XceiverServerRatis.java:start(414)) - XceiverServerRatis a6344601-8d29-48c8-ae6d-e0943ca3f389 is started using port 32777
2019-08-22 20:33:25,138 [Datanode State Machine Thread - 0] INFO  server.XceiverServerGrpc (XceiverServerGrpc.java:start(161)) - XceiverServerGrpc a6344601-8d29-48c8-ae6d-e0943ca3f389 is started using port 37047
2019-08-22 20:33:25,294 [main] INFO  ozone.MiniOzoneClusterImpl (MiniOzoneClusterImpl.java:lambda$waitForClusterToBeReady$0(142)) - Waiting for cluster to be ready. Got 0 of 7 DN Heartbeats.
2019-08-22 20:33:25,295 | INFO  | SCMAudit | user=jenkins1000 | ip=192.168.5.154 | op=GET_VERSION null | ret=SUCCESS |  
2019-08-22 20:33:25,317 [Datanode State Machine Thread - 0] INFO  ozoneimpl.OzoneContainer (OzoneContainer.java:start(186)) - Attempting to start container services.
2019-08-22 20:33:25,317 [Datanode State Machine Thread - 0] INFO  ozoneimpl.OzoneContainer (OzoneContainer.java:startContainerScrub(160)) - Background container scrubber has been disabled by hdds.containerscrub.enabled
2019-08-22 20:33:25,318 [Datanode State Machine Thread - 0] INFO  ratis.XceiverServerRatis (XceiverServerRatis.java:start(404)) - Starting XceiverServerRatis e88b764d-cc09-4ebb-b6a7-9b0a83937be8 at port 0
2019-08-22 20:33:25,326 [Datanode State Machine Thread - 0] INFO  impl.RaftServerProxy (RaftServerProxy.java:lambda$start$3(299)) - e88b764d-cc09-4ebb-b6a7-9b0a83937be8: start RPC server
2019-08-22 20:33:25,338 [Datanode State Machine Thread - 0] INFO  server.GrpcService (GrpcService.java:startImpl(149)) - e88b764d-cc09-4ebb-b6a7-9b0a83937be8: GrpcService started, listening on 0.0.0.0/0.0.0.0:36121
2019-08-22 20:33:25,338 [Datanode State Machine Thread - 0] INFO  ratis.XceiverServerRatis (XceiverServerRatis.java:start(414)) - XceiverServerRatis e88b764d-cc09-4ebb-b6a7-9b0a83937be8 is started using port 36121
2019-08-22 20:33:25,339 [Datanode State Machine Thread - 0] INFO  server.XceiverServerGrpc (XceiverServerGrpc.java:start(161)) - XceiverServerGrpc e88b764d-cc09-4ebb-b6a7-9b0a83937be8 is started using port 41767
2019-08-22 20:33:25,898 [IPC Server handler 2 on 33988] INFO  net.NetworkTopology (NetworkTopologyImpl.java:add(110)) - Added a new node: /default-rack/2daced53-459d-4517-a1dc-5ae4d7d13a80
2019-08-22 20:33:25,901 [IPC Server handler 2 on 33988] INFO  node.SCMNodeManager (SCMNodeManager.java:register(273)) - Registered Data node : 2daced53-459d-4517-a1dc-5ae4d7d13a80{ip: 192.168.5.154, host: pr-hdds-1975-8q6qf-1339330341, networkLocation: /default-rack, certSerialId: null}
2019-08-22 20:33:25,902 [EventQueue-NodeRegistrationContainerReportForDataNodeSafeModeRule] INFO  safemode.SCMSafeModeManager (DataNodeSafeModeRule.java:process(71)) - SCM in safe mode. 1 DataNodes registered, 1 required.
2019-08-22 20:33:25,905 [EventQueue-NodeRegistrationContainerReportForDataNodeSafeModeRule] INFO  safemode.SCMSafeModeManager (SCMSafeModeManager.java:validateSafeModeExitRules(177)) - ScmSafeModeManager, all rules are successfully validated
2019-08-22 20:33:25,905 | INFO  | SCMAudit | user=jenkins1000 | ip=192.168.5.154 | op=REGISTER {datanodeDetails=2daced53-459d-4517-a1dc-5ae4d7d13a80{ip: 192.168.5.154, host: pr-hdds-1975-8q6qf-1339330341, networkLocation: /default-rack, certSerialId: null}} | ret=SUCCESS |  
2019-08-22 20:33:25,905 [EventQueue-NodeRegistrationContainerReportForDataNodeSafeModeRule] INFO  safemode.SCMSafeModeManager (SCMSafeModeManager.java:exitSafeMode(193)) - SCM exiting safe mode.
2019-08-22 20:33:25,929 [grpc-default-executor-11] INFO  impl.RaftServerProxy (RaftServerProxy.java:addNew(89)) - 2daced53-459d-4517-a1dc-5ae4d7d13a80: addNew group-50A2E6F1EB65:[2daced53-459d-4517-a1dc-5ae4d7d13a80:192.168.5.154:44688] returns group-50A2E6F1EB65:java.util.concurrent.CompletableFuture@17d26c21[Not completed]
2019-08-22 20:33:25,930 [pool-439-thread-1] INFO  impl.RaftServerImpl (RaftServerImpl.java:<init>(93)) - 2daced53-459d-4517-a1dc-5ae4d7d13a80: new RaftServerImpl for group-50A2E6F1EB65:[2daced53-459d-4517-a1dc-5ae4d7d13a80:192.168.5.154:44688] with ContainerStateMachine:uninitialized
2019-08-22 20:33:25,931 [pool-439-thread-1] INFO  server.RaftServerConfigKeys (ConfUtils.java:logGet(43)) - raft.server.rpc.timeout.min = 5s (custom)
2019-08-22 20:33:25,931 [pool-439-thread-1] INFO  server.RaftServerConfigKeys (ConfUtils.java:logGet(43)) - raft.server.rpc.timeout.max = 5200ms (custom)
2019-08-22 20:33:25,931 [pool-439-thread-1] INFO  server.RaftServerConfigKeys (ConfUtils.java:logGet(43)) - raft.server.rpcslowness.timeout = 120s (custom)
2019-08-22 20:33:25,931 [pool-439-thread-1] INFO  server.RaftServerConfigKeys (ConfUtils.java:logGet(43)) - raft.server.sleep.deviation.threshold = 300 (default)
2019-08-22 20:33:25,931 [pool-439-thread-1] INFO  server.RaftServerConfigKeys (ConfUtils.java:logGet(43)) - raft.server.log.appender.install.snapshot.enabled = false (custom)
2019-08-22 20:33:25,931 [pool-439-thread-1] INFO  impl.RaftServerImpl (ServerState.java:<init>(105)) - 2daced53-459d-4517-a1dc-5ae4d7d13a80:group-50A2E6F1EB65 ConfigurationManager, init=-1: [2daced53-459d-4517-a1dc-5ae4d7d13a80:192.168.5.154:44688], old=null, confs=<EMPTY_MAP>
2019-08-22 20:33:25,932 [pool-439-thread-1] INFO  server.RaftServerConfigKeys (ConfUtils.java:logGet(43)) - raft.server.storage.dir = [/workdir/hadoop-ozone/integration-test/target/test-dir/MiniOzoneClusterImpl-28bedab5-a7b6-4439-aa5a-0da14b59fc38/datanode-0/data/ratis] (custom)
2019-08-22 20:33:25,932 [pool-439-thread-1] INFO  storage.RaftStorageDirectory (RaftStorageDirectory.java:analyzeStorage(246)) - The storage directory /workdir/hadoop-ozone/integration-test/target/test-dir/MiniOzoneClusterImpl-28bedab5-a7b6-4439-aa5a-0da14b59fc38/datanode-0/data/ratis/1afc15d5-388f-48dd-8019-50a2e6f1eb65 does not exist. Creating ...
2019-08-22 20:33:25,946 [pool-439-thread-1] INFO  storage.RaftStorageDirectory (RaftStorageDirectory.java:tryLock(328)) - Lock on /workdir/hadoop-ozone/integration-test/target/test-dir/MiniOzoneClusterImpl-28bedab5-a7b6-4439-aa5a-0da14b59fc38/datanode-0/data/ratis/1afc15d5-388f-48dd-8019-50a2e6f1eb65/in_use.lock acquired by nodename 29244@pr-hdds-1975-8q6qf-1339330341
2019-08-22 20:33:25,959 [pool-439-thread-1] INFO  storage.RaftStorage (RaftStorage.java:format(72)) - Storage directory /workdir/hadoop-ozone/integration-test/target/test-dir/MiniOzoneClusterImpl-28bedab5-a7b6-4439-aa5a-0da14b59fc38/datanode-0/data/ratis/1afc15d5-388f-48dd-8019-50a2e6f1eb65 has been successfully formatted.
2019-08-22 20:33:25,960 [pool-439-thread-1] INFO  ratis.ContainerStateMachine (ContainerStateMachine.java:loadSnapshot(226)) - group-50A2E6F1EB65: The snapshot info is null. Setting the last applied indexto:(t:0, i:~)
2019-08-22 20:33:25,960 [pool-439-thread-1] INFO  server.RaftServerConfigKeys (ConfUtils.java:logGet(43)) - raft.server.leader.election.timeout = 120s (custom)
2019-08-22 20:33:25,960 [pool-439-thread-1] INFO  server.RaftServerConfigKeys (ConfUtils.java:logGet(43)) - raft.server.log.use.memory = false (default)
2019-08-22 20:33:25,960 [pool-439-thread-1] INFO  server.RaftServerConfigKeys (ConfUtils.java:logGet(43)) - raft.server.log.purge.gap = 1000000 (custom)
2019-08-22 20:33:25,960 [pool-439-thread-1] INFO  server.RaftServerConfigKeys (ConfUtils.java:logGet(43)) - raft.server.log.appender.buffer.byte-limit = 33554432 (custom)
2019-08-22 20:33:25,960 [pool-439-thread-1] INFO  server.RaftServerConfigKeys (ConfUtils.java:logGet(43)) - raft.server.log.segment.size.max = 1048576 (custom)
2019-08-22 20:33:25,961 [pool-439-thread-1] INFO  server.RaftServerConfigKeys (ConfUtils.java:logGet(43)) - raft.server.log.segment.cache.num.max = 2 (custom)
2019-08-22 20:33:25,961 [pool-439-thread-1] INFO  segmented.SegmentedRaftLogWorker (SegmentedRaftLogWorker.java:<init>(172)) - new 2daced53-459d-4517-a1dc-5ae4d7d13a80-SegmentedRaftLogWorker:Storage Directory /workdir/hadoop-ozone/integration-test/target/test-dir/MiniOzoneClusterImpl-28bedab5-a7b6-4439-aa5a-0da14b59fc38/datanode-0/data/ratis/1afc15d5-388f-48dd-8019-50a2e6f1eb65 for RaftStorage:Storage Directory /workdir/hadoop-ozone/integration-test/target/test-dir/MiniOzoneClusterImpl-28bedab5-a7b6-4439-aa5a-0da14b59fc38/datanode-0/data/ratis/1afc15d5-388f-48dd-8019-50a2e6f1eb65
2019-08-22 20:33:25,961 [pool-439-thread-1] INFO  server.RaftServerConfigKeys (ConfUtils.java:logGet(43)) - raft.server.log.queue.byte-limit = 2147483647 (custom)
2019-08-22 20:33:25,961 [pool-439-thread-1] INFO  server.RaftServerConfigKeys (ConfUtils.java:logGet(43)) - raft.server.log.queue.element-limit = 1024 (custom)
2019-08-22 20:33:25,962 [pool-439-thread-1] INFO  server.RaftServerConfigKeys (ConfUtils.java:logGet(43)) - raft.server.log.segment.size.max = 1048576 (custom)
2019-08-22 20:33:25,962 [pool-439-thread-1] INFO  server.RaftServerConfigKeys (ConfUtils.java:logGet(43)) - raft.server.log.preallocated.size = 16384 (custom)
2019-08-22 20:33:25,962 [pool-439-thread-1] INFO  server.RaftServerConfigKeys (ConfUtils.java:logGet(43)) - raft.server.log.write.buffer.size = 33554432 (custom)
2019-08-22 20:33:25,962 [pool-439-thread-1] INFO  server.RaftServerConfigKeys (ConfUtils.java:logGet(43)) - raft.server.log.force.sync.num = 128 (default)
2019-08-22 20:33:25,962 [pool-439-thread-1] INFO  server.RaftServerConfigKeys (ConfUtils.java:logGet(43)) - raft.server.log.statemachine.data.sync = true (default)
2019-08-22 20:33:25,963 [pool-439-thread-1] INFO  server.RaftServerConfigKeys (ConfUtils.java:logGet(43)) - raft.server.log.statemachine.data.sync.timeout = 10s (default)
2019-08-22 20:33:25,963 [pool-439-thread-1] INFO  server.RaftServerConfigKeys (ConfUtils.java:logGet(43)) - raft.server.log.statemachine.data.sync.timeout.retry = -1 (default)
2019-08-22 20:33:25,963 [pool-439-thread-1] INFO  server.RaftServerConfigKeys (ConfUtils.java:logGet(43)) - raft.server.log.statemachine.data.caching.enabled = true (custom)
2019-08-22 20:33:25,964 [pool-439-thread-1] INFO  segmented.SegmentedRaftLogWorker (SegmentedRaftLogWorker.java:lambda$new$0(132)) - 2daced53-459d-4517-a1dc-5ae4d7d13a80-SegmentedRaftLogWorker:Storage Directory /workdir/hadoop-ozone/integration-test/target/test-dir/MiniOzoneClusterImpl-28bedab5-a7b6-4439-aa5a-0da14b59fc38/datanode-0/data/ratis/1afc15d5-388f-48dd-8019-50a2e6f1eb65: flushIndex: setUnconditionally 0 -> -1
2019-08-22 20:33:25,964 [pool-439-thread-1] INFO  server.RaftServerConfigKeys (ConfUtils.java:logGet(43)) - raft.server.snapshot.auto.trigger.enabled = true (custom)
2019-08-22 20:33:25,964 [pool-439-thread-1] INFO  server.RaftServerConfigKeys (ConfUtils.java:logGet(43)) - raft.server.snapshot.auto.trigger.threshold = 10000 (custom)
2019-08-22 20:33:25,964 [pool-439-thread-1] INFO  server.RaftServerConfigKeys (ConfUtils.java:logGet(43)) - raft.server.retrycache.expirytime = 600000ms (custom)
2019-08-22 20:33:25,965 [pool-439-thread-1] INFO  impl.RaftServerImpl (RaftServerImpl.java:start(180)) - 2daced53-459d-4517-a1dc-5ae4d7d13a80: start group-50A2E6F1EB65
2019-08-22 20:33:25,965 [pool-439-thread-1] INFO  impl.RaftServerImpl (RaftServerImpl.java:setRole(171)) - 2daced53-459d-4517-a1dc-5ae4d7d13a80:group-50A2E6F1EB65 changes role from null to FOLLOWER at term 0 for startAsFollower
2019-08-22 20:33:25,965 [pool-439-thread-1] INFO  impl.RoleInfo (RoleInfo.java:updateAndGet(143)) - 2daced53-459d-4517-a1dc-5ae4d7d13a80: start FollowerState
2019-08-22 20:33:25,967 [pool-439-thread-1] INFO  util.JmxRegister (JmxRegister.java:tryRegister(44)) - Successfully registered JMX Bean with object name Ratis:service=RaftServer,group=group-50A2E6F1EB65,id=2daced53-459d-4517-a1dc-5ae4d7d13a80
2019-08-22 20:33:25,970 [RatisPipelineUtilsThread] INFO  pipeline.PipelineStateManager (PipelineStateManager.java:addPipeline(56)) - Created pipeline Pipeline[ Id: 1afc15d5-388f-48dd-8019-50a2e6f1eb65, Nodes: 2daced53-459d-4517-a1dc-5ae4d7d13a80{ip: 192.168.5.154, host: pr-hdds-1975-8q6qf-1339330341, networkLocation: /default-rack, certSerialId: null}, Type:RATIS, Factor:ONE, State:OPEN]
2019-08-22 20:33:26,084 [IPC Server handler 0 on 33988] INFO  net.NetworkTopology (NetworkTopologyImpl.java:add(110)) - Added a new node: /default-rack/51076ca9-787f-4a25-b78d-948736530192
2019-08-22 20:33:26,084 [IPC Server handler 0 on 33988] INFO  node.SCMNodeManager (SCMNodeManager.java:register(273)) - Registered Data node : 51076ca9-787f-4a25-b78d-948736530192{ip: 192.168.5.154, host: pr-hdds-1975-8q6qf-1339330341, networkLocation: /default-rack, certSerialId: null}
2019-08-22 20:33:26,085 | INFO  | SCMAudit | user=jenkins1000 | ip=192.168.5.154 | op=REGISTER {datanodeDetails=51076ca9-787f-4a25-b78d-948736530192{ip: 192.168.5.154, host: pr-hdds-1975-8q6qf-1339330341, networkLocation: /default-rack, certSerialId: null}} | ret=SUCCESS |  
2019-08-22 20:33:26,092 [grpc-default-executor-11] INFO  impl.RaftServerProxy (RaftServerProxy.java:addNew(89)) - 51076ca9-787f-4a25-b78d-948736530192: addNew group-219D34338B1B:[51076ca9-787f-4a25-b78d-948736530192:192.168.5.154:35094] returns group-219D34338B1B:java.util.concurrent.CompletableFuture@3f3189a0[Not completed]
2019-08-22 20:33:26,093 [pool-450-thread-1] INFO  impl.RaftServerImpl (RaftServerImpl.java:<init>(93)) - 51076ca9-787f-4a25-b78d-948736530192: new RaftServerImpl for group-219D34338B1B:[51076ca9-787f-4a25-b78d-948736530192:192.168.5.154:35094] with ContainerStateMachine:uninitialized
2019-08-22 20:33:26,093 [pool-450-thread-1] INFO  server.RaftServerConfigKeys (ConfUtils.java:logGet(43)) - raft.server.rpc.timeout.min = 5s (custom)
2019-08-22 20:33:26,093 [pool-450-thread-1] INFO  server.RaftServerConfigKeys (ConfUtils.java:logGet(43)) - raft.server.rpc.timeout.max = 5200ms (custom)
2019-08-22 20:33:26,093 [pool-450-thread-1] INFO  server.RaftServerConfigKeys (ConfUtils.java:logGet(43)) - raft.server.rpcslowness.timeout = 120s (custom)
2019-08-22 20:33:26,094 [pool-450-thread-1] INFO  server.RaftServerConfigKeys (ConfUtils.java:logGet(43)) - raft.server.sleep.deviation.threshold = 300 (default)
2019-08-22 20:33:26,094 [pool-450-thread-1] INFO  server.RaftServerConfigKeys (ConfUtils.java:logGet(43)) - raft.server.log.appender.install.snapshot.enabled = false (custom)
2019-08-22 20:33:26,094 [pool-450-thread-1] INFO  impl.RaftServerImpl (ServerState.java:<init>(105)) - 51076ca9-787f-4a25-b78d-948736530192:group-219D34338B1B ConfigurationManager, init=-1: [51076ca9-787f-4a25-b78d-948736530192:192.168.5.154:35094], old=null, confs=<EMPTY_MAP>
2019-08-22 20:33:26,094 [pool-450-thread-1] INFO  server.RaftServerConfigKeys (ConfUtils.java:logGet(43)) - raft.server.storage.dir = [/workdir/hadoop-ozone/integration-test/target/test-dir/MiniOzoneClusterImpl-28bedab5-a7b6-4439-aa5a-0da14b59fc38/datanode-1/data/ratis] (custom)
2019-08-22 20:33:26,095 [pool-450-thread-1] INFO  storage.RaftStorageDirectory (RaftStorageDirectory.java:analyzeStorage(246)) - The storage directory /workdir/hadoop-ozone/integration-test/target/test-dir/MiniOzoneClusterImpl-28bedab5-a7b6-4439-aa5a-0da14b59fc38/datanode-1/data/ratis/09339051-87e5-48f8-b2ee-219d34338b1b does not exist. Creating ...
2019-08-22 20:33:26,119 [pool-450-thread-1] INFO  storage.RaftStorageDirectory (RaftStorageDirectory.java:tryLock(328)) - Lock on /workdir/hadoop-ozone/integration-test/target/test-dir/MiniOzoneClusterImpl-28bedab5-a7b6-4439-aa5a-0da14b59fc38/datanode-1/data/ratis/09339051-87e5-48f8-b2ee-219d34338b1b/in_use.lock acquired by nodename 29244@pr-hdds-1975-8q6qf-1339330341
2019-08-22 20:33:26,132 [pool-450-thread-1] INFO  storage.RaftStorage (RaftStorage.java:format(72)) - Storage directory /workdir/hadoop-ozone/integration-test/target/test-dir/MiniOzoneClusterImpl-28bedab5-a7b6-4439-aa5a-0da14b59fc38/datanode-1/data/ratis/09339051-87e5-48f8-b2ee-219d34338b1b has been successfully formatted.
2019-08-22 20:33:26,132 [pool-450-thread-1] INFO  ratis.ContainerStateMachine (ContainerStateMachine.java:loadSnapshot(226)) - group-219D34338B1B: The snapshot info is null. Setting the last applied indexto:(t:0, i:~)
2019-08-22 20:33:26,133 [pool-450-thread-1] INFO  server.RaftServerConfigKeys (ConfUtils.java:logGet(43)) - raft.server.leader.election.timeout = 120s (custom)
2019-08-22 20:33:26,133 [pool-450-thread-1] INFO  server.RaftServerConfigKeys (ConfUtils.java:logGet(43)) - raft.server.log.use.memory = false (default)
2019-08-22 20:33:26,133 [pool-450-thread-1] INFO  server.RaftServerConfigKeys (ConfUtils.java:logGet(43)) - raft.server.log.purge.gap = 1000000 (custom)
2019-08-22 20:33:26,133 [pool-450-thread-1] INFO  server.RaftServerConfigKeys (ConfUtils.java:logGet(43)) - raft.server.log.appender.buffer.byte-limit = 33554432 (custom)
2019-08-22 20:33:26,133 [pool-450-thread-1] INFO  server.RaftServerConfigKeys (ConfUtils.java:logGet(43)) - raft.server.log.segment.size.max = 1048576 (custom)
2019-08-22 20:33:26,133 [pool-450-thread-1] INFO  server.RaftServerConfigKeys (ConfUtils.java:logGet(43)) - raft.server.log.segment.cache.num.max = 2 (custom)
2019-08-22 20:33:26,134 [pool-450-thread-1] INFO  segmented.SegmentedRaftLogWorker (SegmentedRaftLogWorker.java:<init>(172)) - new 51076ca9-787f-4a25-b78d-948736530192-SegmentedRaftLogWorker:Storage Directory /workdir/hadoop-ozone/integration-test/target/test-dir/MiniOzoneClusterImpl-28bedab5-a7b6-4439-aa5a-0da14b59fc38/datanode-1/data/ratis/09339051-87e5-48f8-b2ee-219d34338b1b for RaftStorage:Storage Directory /workdir/hadoop-ozone/integration-test/target/test-dir/MiniOzoneClusterImpl-28bedab5-a7b6-4439-aa5a-0da14b59fc38/datanode-1/data/ratis/09339051-87e5-48f8-b2ee-219d34338b1b
2019-08-22 20:33:26,134 [pool-450-thread-1] INFO  server.RaftServerConfigKeys (ConfUtils.java:logGet(43)) - raft.server.log.queue.byte-limit = 2147483647 (custom)
2019-08-22 20:33:26,134 [pool-450-thread-1] INFO  server.RaftServerConfigKeys (ConfUtils.java:logGet(43)) - raft.server.log.queue.element-limit = 1024 (custom)
2019-08-22 20:33:26,134 [pool-450-thread-1] INFO  server.RaftServerConfigKeys (ConfUtils.java:logGet(43)) - raft.server.log.segment.size.max = 1048576 (custom)
2019-08-22 20:33:26,134 [pool-450-thread-1] INFO  server.RaftServerConfigKeys (ConfUtils.java:logGet(43)) - raft.server.log.preallocated.size = 16384 (custom)
2019-08-22 20:33:26,134 [pool-450-thread-1] INFO  server.RaftServerConfigKeys (ConfUtils.java:logGet(43)) - raft.server.log.write.buffer.size = 33554432 (custom)
2019-08-22 20:33:26,135 [pool-450-thread-1] INFO  server.RaftServerConfigKeys (ConfUtils.java:logGet(43)) - raft.server.log.force.sync.num = 128 (default)
2019-08-22 20:33:26,135 [pool-450-thread-1] INFO  server.RaftServerConfigKeys (ConfUtils.java:logGet(43)) - raft.server.log.statemachine.data.sync = true (default)
2019-08-22 20:33:26,135 [pool-450-thread-1] INFO  server.RaftServerConfigKeys (ConfUtils.java:logGet(43)) - raft.server.log.statemachine.data.sync.timeout = 10s (default)
2019-08-22 20:33:26,135 [pool-450-thread-1] INFO  server.RaftServerConfigKeys (ConfUtils.java:logGet(43)) - raft.server.log.statemachine.data.sync.timeout.retry = -1 (default)
2019-08-22 20:33:26,135 [pool-450-thread-1] INFO  server.RaftServerConfigKeys (ConfUtils.java:logGet(43)) - raft.server.log.statemachine.data.caching.enabled = true (custom)
2019-08-22 20:33:26,136 [pool-450-thread-1] INFO  segmented.SegmentedRaftLogWorker (SegmentedRaftLogWorker.java:lambda$new$0(132)) - 51076ca9-787f-4a25-b78d-948736530192-SegmentedRaftLogWorker:Storage Directory /workdir/hadoop-ozone/integration-test/target/test-dir/MiniOzoneClusterImpl-28bedab5-a7b6-4439-aa5a-0da14b59fc38/datanode-1/data/ratis/09339051-87e5-48f8-b2ee-219d34338b1b: flushIndex: setUnconditionally 0 -> -1
2019-08-22 20:33:26,136 [pool-450-thread-1] INFO  server.RaftServerConfigKeys (ConfUtils.java:logGet(43)) - raft.server.snapshot.auto.trigger.enabled = true (custom)
2019-08-22 20:33:26,136 [pool-450-thread-1] INFO  server.RaftServerConfigKeys (ConfUtils.java:logGet(43)) - raft.server.snapshot.auto.trigger.threshold = 10000 (custom)
2019-08-22 20:33:26,136 [pool-450-thread-1] INFO  server.RaftServerConfigKeys (ConfUtils.java:logGet(43)) - raft.server.retrycache.expirytime = 600000ms (custom)
2019-08-22 20:33:26,137 [pool-450-thread-1] INFO  impl.RaftServerImpl (RaftServerImpl.java:start(180)) - 51076ca9-787f-4a25-b78d-948736530192: start group-219D34338B1B
2019-08-22 20:33:26,137 [pool-450-thread-1] INFO  impl.RaftServerImpl (RaftServerImpl.java:setRole(171)) - 51076ca9-787f-4a25-b78d-948736530192:group-219D34338B1B changes role from null to FOLLOWER at term 0 for startAsFollower
2019-08-22 20:33:26,137 [pool-450-thread-1] INFO  impl.RoleInfo (RoleInfo.java:updateAndGet(143)) - 51076ca9-787f-4a25-b78d-948736530192: start FollowerState
2019-08-22 20:33:26,137 [pool-450-thread-1] INFO  util.JmxRegister (JmxRegister.java:tryRegister(44)) - Successfully registered JMX Bean with object name Ratis:service=RaftServer,group=group-219D34338B1B,id=51076ca9-787f-4a25-b78d-948736530192
2019-08-22 20:33:26,140 [RatisPipelineUtilsThread] INFO  pipeline.PipelineStateManager (PipelineStateManager.java:addPipeline(56)) - Created pipeline Pipeline[ Id: 09339051-87e5-48f8-b2ee-219d34338b1b, Nodes: 51076ca9-787f-4a25-b78d-948736530192{ip: 192.168.5.154, host: pr-hdds-1975-8q6qf-1339330341, networkLocation: /default-rack, certSerialId: null}, Type:RATIS, Factor:ONE, State:OPEN]
2019-08-22 20:33:26,280 [IPC Server handler 3 on 33988] INFO  net.NetworkTopology (NetworkTopologyImpl.java:add(110)) - Added a new node: /default-rack/f0f4ed96-5399-4dd5-ad99-791f6ec54833
2019-08-22 20:33:26,280 [IPC Server handler 3 on 33988] INFO  node.SCMNodeManager (SCMNodeManager.java:register(273)) - Registered Data node : f0f4ed96-5399-4dd5-ad99-791f6ec54833{ip: 192.168.5.154, host: pr-hdds-1975-8q6qf-1339330341, networkLocation: /default-rack, certSerialId: null}
2019-08-22 20:33:26,281 | INFO  | SCMAudit | user=jenkins1000 | ip=192.168.5.154 | op=REGISTER {datanodeDetails=f0f4ed96-5399-4dd5-ad99-791f6ec54833{ip: 192.168.5.154, host: pr-hdds-1975-8q6qf-1339330341, networkLocation: /default-rack, certSerialId: null}} | ret=SUCCESS |  
2019-08-22 20:33:26,288 [grpc-default-executor-11] INFO  impl.RaftServerProxy (RaftServerProxy.java:addNew(89)) - f0f4ed96-5399-4dd5-ad99-791f6ec54833: addNew group-2FB2233F9CC8:[f0f4ed96-5399-4dd5-ad99-791f6ec54833:192.168.5.154:39090] returns group-2FB2233F9CC8:java.util.concurrent.CompletableFuture@3df1ccbe[Not completed]
2019-08-22 20:33:26,290 [pool-461-thread-1] INFO  impl.RaftServerImpl (RaftServerImpl.java:<init>(93)) - f0f4ed96-5399-4dd5-ad99-791f6ec54833: new RaftServerImpl for group-2FB2233F9CC8:[f0f4ed96-5399-4dd5-ad99-791f6ec54833:192.168.5.154:39090] with ContainerStateMachine:uninitialized
2019-08-22 20:33:26,290 [pool-461-thread-1] INFO  server.RaftServerConfigKeys (ConfUtils.java:logGet(43)) - raft.server.rpc.timeout.min = 5s (custom)
2019-08-22 20:33:26,290 [pool-461-thread-1] INFO  server.RaftServerConfigKeys (ConfUtils.java:logGet(43)) - raft.server.rpc.timeout.max = 5200ms (custom)
2019-08-22 20:33:26,290 [pool-461-thread-1] INFO  server.RaftServerConfigKeys (ConfUtils.java:logGet(43)) - raft.server.rpcslowness.timeout = 120s (custom)
2019-08-22 20:33:26,290 [pool-461-thread-1] INFO  server.RaftServerConfigKeys (ConfUtils.java:logGet(43)) - raft.server.sleep.deviation.threshold = 300 (default)
2019-08-22 20:33:26,290 [pool-461-thread-1] INFO  server.RaftServerConfigKeys (ConfUtils.java:logGet(43)) - raft.server.log.appender.install.snapshot.enabled = false (custom)
2019-08-22 20:33:26,291 [pool-461-thread-1] INFO  impl.RaftServerImpl (ServerState.java:<init>(105)) - f0f4ed96-5399-4dd5-ad99-791f6ec54833:group-2FB2233F9CC8 ConfigurationManager, init=-1: [f0f4ed96-5399-4dd5-ad99-791f6ec54833:192.168.5.154:39090], old=null, confs=<EMPTY_MAP>
2019-08-22 20:33:26,291 [pool-461-thread-1] INFO  server.RaftServerConfigKeys (ConfUtils.java:logGet(43)) - raft.server.storage.dir = [/workdir/hadoop-ozone/integration-test/target/test-dir/MiniOzoneClusterImpl-28bedab5-a7b6-4439-aa5a-0da14b59fc38/datanode-2/data/ratis] (custom)
2019-08-22 20:33:26,291 [pool-461-thread-1] INFO  storage.RaftStorageDirectory (RaftStorageDirectory.java:analyzeStorage(246)) - The storage directory /workdir/hadoop-ozone/integration-test/target/test-dir/MiniOzoneClusterImpl-28bedab5-a7b6-4439-aa5a-0da14b59fc38/datanode-2/data/ratis/dc00d337-04f9-451b-a916-2fb2233f9cc8 does not exist. Creating ...
2019-08-22 20:33:26,295 [main] INFO  ozone.MiniOzoneClusterImpl (MiniOzoneClusterImpl.java:lambda$waitForClusterToBeReady$0(142)) - Waiting for cluster to be ready. Got 3 of 7 DN Heartbeats.
2019-08-22 20:33:26,316 [pool-461-thread-1] INFO  storage.RaftStorageDirectory (RaftStorageDirectory.java:tryLock(328)) - Lock on /workdir/hadoop-ozone/integration-test/target/test-dir/MiniOzoneClusterImpl-28bedab5-a7b6-4439-aa5a-0da14b59fc38/datanode-2/data/ratis/dc00d337-04f9-451b-a916-2fb2233f9cc8/in_use.lock acquired by nodename 29244@pr-hdds-1975-8q6qf-1339330341
2019-08-22 20:33:26,329 [pool-461-thread-1] INFO  storage.RaftStorage (RaftStorage.java:format(72)) - Storage directory /workdir/hadoop-ozone/integration-test/target/test-dir/MiniOzoneClusterImpl-28bedab5-a7b6-4439-aa5a-0da14b59fc38/datanode-2/data/ratis/dc00d337-04f9-451b-a916-2fb2233f9cc8 has been successfully formatted.
2019-08-22 20:33:26,329 [pool-461-thread-1] INFO  ratis.ContainerStateMachine (ContainerStateMachine.java:loadSnapshot(226)) - group-2FB2233F9CC8: The snapshot info is null. Setting the last applied indexto:(t:0, i:~)
2019-08-22 20:33:26,329 [pool-461-thread-1] INFO  server.RaftServerConfigKeys (ConfUtils.java:logGet(43)) - raft.server.leader.election.timeout = 120s (custom)
2019-08-22 20:33:26,329 [pool-461-thread-1] INFO  server.RaftServerConfigKeys (ConfUtils.java:logGet(43)) - raft.server.log.use.memory = false (default)
2019-08-22 20:33:26,329 [pool-461-thread-1] INFO  server.RaftServerConfigKeys (ConfUtils.java:logGet(43)) - raft.server.log.purge.gap = 1000000 (custom)
2019-08-22 20:33:26,329 [pool-461-thread-1] INFO  server.RaftServerConfigKeys (ConfUtils.java:logGet(43)) - raft.server.log.appender.buffer.byte-limit = 33554432 (custom)
2019-08-22 20:33:26,330 [pool-461-thread-1] INFO  server.RaftServerConfigKeys (ConfUtils.java:logGet(43)) - raft.server.log.segment.size.max = 1048576 (custom)
2019-08-22 20:33:26,330 [pool-461-thread-1] INFO  server.RaftServerConfigKeys (ConfUtils.java:logGet(43)) - raft.server.log.segment.cache.num.max = 2 (custom)
2019-08-22 20:33:26,330 [pool-461-thread-1] INFO  segmented.SegmentedRaftLogWorker (SegmentedRaftLogWorker.java:<init>(172)) - new f0f4ed96-5399-4dd5-ad99-791f6ec54833-SegmentedRaftLogWorker:Storage Directory /workdir/hadoop-ozone/integration-test/target/test-dir/MiniOzoneClusterImpl-28bedab5-a7b6-4439-aa5a-0da14b59fc38/datanode-2/data/ratis/dc00d337-04f9-451b-a916-2fb2233f9cc8 for RaftStorage:Storage Directory /workdir/hadoop-ozone/integration-test/target/test-dir/MiniOzoneClusterImpl-28bedab5-a7b6-4439-aa5a-0da14b59fc38/datanode-2/data/ratis/dc00d337-04f9-451b-a916-2fb2233f9cc8
2019-08-22 20:33:26,330 [pool-461-thread-1] INFO  server.RaftServerConfigKeys (ConfUtils.java:logGet(43)) - raft.server.log.queue.byte-limit = 2147483647 (custom)
2019-08-22 20:33:26,330 [pool-461-thread-1] INFO  server.RaftServerConfigKeys (ConfUtils.java:logGet(43)) - raft.server.log.queue.element-limit = 1024 (custom)
2019-08-22 20:33:26,330 [pool-461-thread-1] INFO  server.RaftServerConfigKeys (ConfUtils.java:logGet(43)) - raft.server.log.segment.size.max = 1048576 (custom)
2019-08-22 20:33:26,331 [pool-461-thread-1] INFO  server.RaftServerConfigKeys (ConfUtils.java:logGet(43)) - raft.server.log.preallocated.size = 16384 (custom)
2019-08-22 20:33:26,331 [pool-461-thread-1] INFO  server.RaftServerConfigKeys (ConfUtils.java:logGet(43)) - raft.server.log.write.buffer.size = 33554432 (custom)
2019-08-22 20:33:26,331 [pool-461-thread-1] INFO  server.RaftServerConfigKeys (ConfUtils.java:logGet(43)) - raft.server.log.force.sync.num = 128 (default)
2019-08-22 20:33:26,331 [pool-461-thread-1] INFO  server.RaftServerConfigKeys (ConfUtils.java:logGet(43)) - raft.server.log.statemachine.data.sync = true (default)
2019-08-22 20:33:26,331 [pool-461-thread-1] INFO  server.RaftServerConfigKeys (ConfUtils.java:logGet(43)) - raft.server.log.statemachine.data.sync.timeout = 10s (default)
2019-08-22 20:33:26,331 [pool-461-thread-1] INFO  server.RaftServerConfigKeys (ConfUtils.java:logGet(43)) - raft.server.log.statemachine.data.sync.timeout.retry = -1 (default)
2019-08-22 20:33:26,332 [pool-461-thread-1] INFO  server.RaftServerConfigKeys (ConfUtils.java:logGet(43)) - raft.server.log.statemachine.data.caching.enabled = true (custom)
2019-08-22 20:33:26,332 [pool-461-thread-1] INFO  segmented.SegmentedRaftLogWorker (SegmentedRaftLogWorker.java:lambda$new$0(132)) - f0f4ed96-5399-4dd5-ad99-791f6ec54833-SegmentedRaftLogWorker:Storage Directory /workdir/hadoop-ozone/integration-test/target/test-dir/MiniOzoneClusterImpl-28bedab5-a7b6-4439-aa5a-0da14b59fc38/datanode-2/data/ratis/dc00d337-04f9-451b-a916-2fb2233f9cc8: flushIndex: setUnconditionally 0 -> -1
2019-08-22 20:33:26,332 [pool-461-thread-1] INFO  server.RaftServerConfigKeys (ConfUtils.java:logGet(43)) - raft.server.snapshot.auto.trigger.enabled = true (custom)
2019-08-22 20:33:26,332 [pool-461-thread-1] INFO  server.RaftServerConfigKeys (ConfUtils.java:logGet(43)) - raft.server.snapshot.auto.trigger.threshold = 10000 (custom)
2019-08-22 20:33:26,333 [pool-461-thread-1] INFO  server.RaftServerConfigKeys (ConfUtils.java:logGet(43)) - raft.server.retrycache.expirytime = 600000ms (custom)
2019-08-22 20:33:26,333 [pool-461-thread-1] INFO  impl.RaftServerImpl (RaftServerImpl.java:start(180)) - f0f4ed96-5399-4dd5-ad99-791f6ec54833: start group-2FB2233F9CC8
2019-08-22 20:33:26,333 [pool-461-thread-1] INFO  impl.RaftServerImpl (RaftServerImpl.java:setRole(171)) - f0f4ed96-5399-4dd5-ad99-791f6ec54833:group-2FB2233F9CC8 changes role from null to FOLLOWER at term 0 for startAsFollower
2019-08-22 20:33:26,333 [pool-461-thread-1] INFO  impl.RoleInfo (RoleInfo.java:updateAndGet(143)) - f0f4ed96-5399-4dd5-ad99-791f6ec54833: start FollowerState
2019-08-22 20:33:26,334 [pool-461-thread-1] INFO  util.JmxRegister (JmxRegister.java:tryRegister(44)) - Successfully registered JMX Bean with object name Ratis:service=RaftServer,group=group-2FB2233F9CC8,id=f0f4ed96-5399-4dd5-ad99-791f6ec54833
2019-08-22 20:33:26,336 [RatisPipelineUtilsThread] INFO  pipeline.PipelineStateManager (PipelineStateManager.java:addPipeline(56)) - Created pipeline Pipeline[ Id: dc00d337-04f9-451b-a916-2fb2233f9cc8, Nodes: f0f4ed96-5399-4dd5-ad99-791f6ec54833{ip: 192.168.5.154, host: pr-hdds-1975-8q6qf-1339330341, networkLocation: /default-rack, certSerialId: null}, Type:RATIS, Factor:ONE, State:OPEN]
2019-08-22 20:33:26,353 [grpc-default-executor-10] INFO  impl.RaftServerProxy (RaftServerProxy.java:addNew(89)) - f0f4ed96-5399-4dd5-ad99-791f6ec54833: addNew group-7C12ADBC7497:[f0f4ed96-5399-4dd5-ad99-791f6ec54833:192.168.5.154:39090, 51076ca9-787f-4a25-b78d-948736530192:192.168.5.154:35094, 2daced53-459d-4517-a1dc-5ae4d7d13a80:192.168.5.154:44688] returns group-7C12ADBC7497:java.util.concurrent.CompletableFuture@2b458416[Not completed]
2019-08-22 20:33:26,354 [grpc-default-executor-11] INFO  impl.RaftServerProxy (RaftServerProxy.java:addNew(89)) - 51076ca9-787f-4a25-b78d-948736530192: addNew group-7C12ADBC7497:[f0f4ed96-5399-4dd5-ad99-791f6ec54833:192.168.5.154:39090, 51076ca9-787f-4a25-b78d-948736530192:192.168.5.154:35094, 2daced53-459d-4517-a1dc-5ae4d7d13a80:192.168.5.154:44688] returns group-7C12ADBC7497:java.util.concurrent.CompletableFuture@77920ac[Not completed]
2019-08-22 20:33:26,354 [grpc-default-executor-9] INFO  impl.RaftServerProxy (RaftServerProxy.java:addNew(89)) - 2daced53-459d-4517-a1dc-5ae4d7d13a80: addNew group-7C12ADBC7497:[f0f4ed96-5399-4dd5-ad99-791f6ec54833:192.168.5.154:39090, 51076ca9-787f-4a25-b78d-948736530192:192.168.5.154:35094, 2daced53-459d-4517-a1dc-5ae4d7d13a80:192.168.5.154:44688] returns group-7C12ADBC7497:java.util.concurrent.CompletableFuture@47f0bb45[Not completed]
2019-08-22 20:33:26,355 [pool-461-thread-1] INFO  impl.RaftServerImpl (RaftServerImpl.java:<init>(93)) - f0f4ed96-5399-4dd5-ad99-791f6ec54833: new RaftServerImpl for group-7C12ADBC7497:[f0f4ed96-5399-4dd5-ad99-791f6ec54833:192.168.5.154:39090, 51076ca9-787f-4a25-b78d-948736530192:192.168.5.154:35094, 2daced53-459d-4517-a1dc-5ae4d7d13a80:192.168.5.154:44688] with ContainerStateMachine:uninitialized
2019-08-22 20:33:26,355 [pool-461-thread-1] INFO  server.RaftServerConfigKeys (ConfUtils.java:logGet(43)) - raft.server.rpc.timeout.min = 5s (custom)
2019-08-22 20:33:26,355 [pool-461-thread-1] INFO  server.RaftServerConfigKeys (ConfUtils.java:logGet(43)) - raft.server.rpc.timeout.max = 5200ms (custom)
2019-08-22 20:33:26,355 [pool-461-thread-1] INFO  server.RaftServerConfigKeys (ConfUtils.java:logGet(43)) - raft.server.rpcslowness.timeout = 120s (custom)
2019-08-22 20:33:26,356 [pool-461-thread-1] INFO  server.RaftServerConfigKeys (ConfUtils.java:logGet(43)) - raft.server.sleep.deviation.threshold = 300 (default)
2019-08-22 20:33:26,356 [pool-439-thread-1] INFO  impl.RaftServerImpl (RaftServerImpl.java:<init>(93)) - 2daced53-459d-4517-a1dc-5ae4d7d13a80: new RaftServerImpl for group-7C12ADBC7497:[f0f4ed96-5399-4dd5-ad99-791f6ec54833:192.168.5.154:39090, 51076ca9-787f-4a25-b78d-948736530192:192.168.5.154:35094, 2daced53-459d-4517-a1dc-5ae4d7d13a80:192.168.5.154:44688] with ContainerStateMachine:uninitialized
2019-08-22 20:33:26,356 [pool-461-thread-1] INFO  server.RaftServerConfigKeys (ConfUtils.java:logGet(43)) - raft.server.log.appender.install.snapshot.enabled = false (custom)
2019-08-22 20:33:26,356 [pool-439-thread-1] INFO  server.RaftServerConfigKeys (ConfUtils.java:logGet(43)) - raft.server.rpc.timeout.min = 5s (custom)
2019-08-22 20:33:26,356 [pool-461-thread-1] INFO  impl.RaftServerImpl (ServerState.java:<init>(105)) - f0f4ed96-5399-4dd5-ad99-791f6ec54833:group-7C12ADBC7497 ConfigurationManager, init=-1: [f0f4ed96-5399-4dd5-ad99-791f6ec54833:192.168.5.154:39090, 51076ca9-787f-4a25-b78d-948736530192:192.168.5.154:35094, 2daced53-459d-4517-a1dc-5ae4d7d13a80:192.168.5.154:44688], old=null, confs=<EMPTY_MAP>
2019-08-22 20:33:26,356 [pool-439-thread-1] INFO  server.RaftServerConfigKeys (ConfUtils.java:logGet(43)) - raft.server.rpc.timeout.max = 5200ms (custom)
2019-08-22 20:33:26,356 [pool-450-thread-1] INFO  impl.RaftServerImpl (RaftServerImpl.java:<init>(93)) - 51076ca9-787f-4a25-b78d-948736530192: new RaftServerImpl for group-7C12ADBC7497:[f0f4ed96-5399-4dd5-ad99-791f6ec54833:192.168.5.154:39090, 51076ca9-787f-4a25-b78d-948736530192:192.168.5.154:35094, 2daced53-459d-4517-a1dc-5ae4d7d13a80:192.168.5.154:44688] with ContainerStateMachine:uninitialized
2019-08-22 20:33:26,357 [pool-439-thread-1] INFO  server.RaftServerConfigKeys (ConfUtils.java:logGet(43)) - raft.server.rpcslowness.timeout = 120s (custom)
2019-08-22 20:33:26,357 [pool-461-thread-1] INFO  server.RaftServerConfigKeys (ConfUtils.java:logGet(43)) - raft.server.storage.dir = [/workdir/hadoop-ozone/integration-test/target/test-dir/MiniOzoneClusterImpl-28bedab5-a7b6-4439-aa5a-0da14b59fc38/datanode-2/data/ratis] (custom)
2019-08-22 20:33:26,357 [pool-439-thread-1] INFO  server.RaftServerConfigKeys (ConfUtils.java:logGet(43)) - raft.server.sleep.deviation.threshold = 300 (default)
2019-08-22 20:33:26,358 [pool-439-thread-1] INFO  server.RaftServerConfigKeys (ConfUtils.java:logGet(43)) - raft.server.log.appender.install.snapshot.enabled = false (custom)
2019-08-22 20:33:26,357 [pool-450-thread-1] INFO  server.RaftServerConfigKeys (ConfUtils.java:logGet(43)) - raft.server.rpc.timeout.min = 5s (custom)
2019-08-22 20:33:26,358 [pool-439-thread-1] INFO  impl.RaftServerImpl (ServerState.java:<init>(105)) - 2daced53-459d-4517-a1dc-5ae4d7d13a80:group-7C12ADBC7497 ConfigurationManager, init=-1: [f0f4ed96-5399-4dd5-ad99-791f6ec54833:192.168.5.154:39090, 51076ca9-787f-4a25-b78d-948736530192:192.168.5.154:35094, 2daced53-459d-4517-a1dc-5ae4d7d13a80:192.168.5.154:44688], old=null, confs=<EMPTY_MAP>
2019-08-22 20:33:26,358 [pool-461-thread-1] INFO  storage.RaftStorageDirectory (RaftStorageDirectory.java:analyzeStorage(246)) - The storage directory /workdir/hadoop-ozone/integration-test/target/test-dir/MiniOzoneClusterImpl-28bedab5-a7b6-4439-aa5a-0da14b59fc38/datanode-2/data/ratis/35de30fa-ae31-4d06-a297-7c12adbc7497 does not exist. Creating ...
2019-08-22 20:33:26,358 [pool-439-thread-1] INFO  server.RaftServerConfigKeys (ConfUtils.java:logGet(43)) - raft.server.storage.dir = [/workdir/hadoop-ozone/integration-test/target/test-dir/MiniOzoneClusterImpl-28bedab5-a7b6-4439-aa5a-0da14b59fc38/datanode-0/data/ratis] (custom)
2019-08-22 20:33:26,358 [pool-450-thread-1] INFO  server.RaftServerConfigKeys (ConfUtils.java:logGet(43)) - raft.server.rpc.timeout.max = 5200ms (custom)
2019-08-22 20:33:26,359 [pool-450-thread-1] INFO  server.RaftServerConfigKeys (ConfUtils.java:logGet(43)) - raft.server.rpcslowness.timeout = 120s (custom)
2019-08-22 20:33:26,359 [pool-439-thread-1] INFO  storage.RaftStorageDirectory (RaftStorageDirectory.java:analyzeStorage(246)) - The storage directory /workdir/hadoop-ozone/integration-test/target/test-dir/MiniOzoneClusterImpl-28bedab5-a7b6-4439-aa5a-0da14b59fc38/datanode-0/data/ratis/35de30fa-ae31-4d06-a297-7c12adbc7497 does not exist. Creating ...
2019-08-22 20:33:26,359 [pool-450-thread-1] INFO  server.RaftServerConfigKeys (ConfUtils.java:logGet(43)) - raft.server.sleep.deviation.threshold = 300 (default)
2019-08-22 20:33:26,359 [pool-450-thread-1] INFO  server.RaftServerConfigKeys (ConfUtils.java:logGet(43)) - raft.server.log.appender.install.snapshot.enabled = false (custom)
2019-08-22 20:33:26,359 [pool-450-thread-1] INFO  impl.RaftServerImpl (ServerState.java:<init>(105)) - 51076ca9-787f-4a25-b78d-948736530192:group-7C12ADBC7497 ConfigurationManager, init=-1: [f0f4ed96-5399-4dd5-ad99-791f6ec54833:192.168.5.154:39090, 51076ca9-787f-4a25-b78d-948736530192:192.168.5.154:35094, 2daced53-459d-4517-a1dc-5ae4d7d13a80:192.168.5.154:44688], old=null, confs=<EMPTY_MAP>
2019-08-22 20:33:26,360 [pool-450-thread-1] INFO  server.RaftServerConfigKeys (ConfUtils.java:logGet(43)) - raft.server.storage.dir = [/workdir/hadoop-ozone/integration-test/target/test-dir/MiniOzoneClusterImpl-28bedab5-a7b6-4439-aa5a-0da14b59fc38/datanode-1/data/ratis] (custom)
2019-08-22 20:33:26,360 [pool-450-thread-1] INFO  storage.RaftStorageDirectory (RaftStorageDirectory.java:analyzeStorage(246)) - The storage directory /workdir/hadoop-ozone/integration-test/target/test-dir/MiniOzoneClusterImpl-28bedab5-a7b6-4439-aa5a-0da14b59fc38/datanode-1/data/ratis/35de30fa-ae31-4d06-a297-7c12adbc7497 does not exist. Creating ...
2019-08-22 20:33:26,383 [pool-439-thread-1] INFO  storage.RaftStorageDirectory (RaftStorageDirectory.java:tryLock(328)) - Lock on /workdir/hadoop-ozone/integration-test/target/test-dir/MiniOzoneClusterImpl-28bedab5-a7b6-4439-aa5a-0da14b59fc38/datanode-0/data/ratis/35de30fa-ae31-4d06-a297-7c12adbc7497/in_use.lock acquired by nodename 29244@pr-hdds-1975-8q6qf-1339330341
2019-08-22 20:33:26,383 [pool-450-thread-1] INFO  storage.RaftStorageDirectory (RaftStorageDirectory.java:tryLock(328)) - Lock on /workdir/hadoop-ozone/integration-test/target/test-dir/MiniOzoneClusterImpl-28bedab5-a7b6-4439-aa5a-0da14b59fc38/datanode-1/data/ratis/35de30fa-ae31-4d06-a297-7c12adbc7497/in_use.lock acquired by nodename 29244@pr-hdds-1975-8q6qf-1339330341
2019-08-22 20:33:26,383 [pool-461-thread-1] INFO  storage.RaftStorageDirectory (RaftStorageDirectory.java:tryLock(328)) - Lock on /workdir/hadoop-ozone/integration-test/target/test-dir/MiniOzoneClusterImpl-28bedab5-a7b6-4439-aa5a-0da14b59fc38/datanode-2/data/ratis/35de30fa-ae31-4d06-a297-7c12adbc7497/in_use.lock acquired by nodename 29244@pr-hdds-1975-8q6qf-1339330341
2019-08-22 20:33:26,398 [pool-439-thread-1] INFO  storage.RaftStorage (RaftStorage.java:format(72)) - Storage directory /workdir/hadoop-ozone/integration-test/target/test-dir/MiniOzoneClusterImpl-28bedab5-a7b6-4439-aa5a-0da14b59fc38/datanode-0/data/ratis/35de30fa-ae31-4d06-a297-7c12adbc7497 has been successfully formatted.
2019-08-22 20:33:26,398 [pool-450-thread-1] INFO  storage.RaftStorage (RaftStorage.java:format(72)) - Storage directory /workdir/hadoop-ozone/integration-test/target/test-dir/MiniOzoneClusterImpl-28bedab5-a7b6-4439-aa5a-0da14b59fc38/datanode-1/data/ratis/35de30fa-ae31-4d06-a297-7c12adbc7497 has been successfully formatted.
2019-08-22 20:33:26,398 [pool-461-thread-1] INFO  storage.RaftStorage (RaftStorage.java:format(72)) - Storage directory /workdir/hadoop-ozone/integration-test/target/test-dir/MiniOzoneClusterImpl-28bedab5-a7b6-4439-aa5a-0da14b59fc38/datanode-2/data/ratis/35de30fa-ae31-4d06-a297-7c12adbc7497 has been successfully formatted.
2019-08-22 20:33:26,398 [pool-450-thread-1] INFO  ratis.ContainerStateMachine (ContainerStateMachine.java:loadSnapshot(226)) - group-7C12ADBC7497: The snapshot info is null. Setting the last applied indexto:(t:0, i:~)
2019-08-22 20:33:26,398 [pool-461-thread-1] INFO  ratis.ContainerStateMachine (ContainerStateMachine.java:loadSnapshot(226)) - group-7C12ADBC7497: The snapshot info is null. Setting the last applied indexto:(t:0, i:~)
2019-08-22 20:33:26,398 [pool-450-thread-1] INFO  server.RaftServerConfigKeys (ConfUtils.java:logGet(43)) - raft.server.leader.election.timeout = 120s (custom)
2019-08-22 20:33:26,399 [pool-461-thread-1] INFO  server.RaftServerConfigKeys (ConfUtils.java:logGet(43)) - raft.server.leader.election.timeout = 120s (custom)
2019-08-22 20:33:26,399 [pool-450-thread-1] INFO  server.RaftServerConfigKeys (ConfUtils.java:logGet(43)) - raft.server.log.use.memory = false (default)
2019-08-22 20:33:26,399 [pool-439-thread-1] INFO  ratis.ContainerStateMachine (ContainerStateMachine.java:loadSnapshot(226)) - group-7C12ADBC7497: The snapshot info is null. Setting the last applied indexto:(t:0, i:~)
2019-08-22 20:33:26,399 [pool-461-thread-1] INFO  server.RaftServerConfigKeys (ConfUtils.java:logGet(43)) - raft.server.log.use.memory = false (default)
2019-08-22 20:33:26,399 [pool-439-thread-1] INFO  server.RaftServerConfigKeys (ConfUtils.java:logGet(43)) - raft.server.leader.election.timeout = 120s (custom)
2019-08-22 20:33:26,399 [pool-439-thread-1] INFO  server.RaftServerConfigKeys (ConfUtils.java:logGet(43)) - raft.server.log.use.memory = false (default)
2019-08-22 20:33:26,399 [pool-450-thread-1] INFO  server.RaftServerConfigKeys (ConfUtils.java:logGet(43)) - raft.server.log.purge.gap = 1000000 (custom)
2019-08-22 20:33:26,400 [pool-439-thread-1] INFO  server.RaftServerConfigKeys (ConfUtils.java:logGet(43)) - raft.server.log.purge.gap = 1000000 (custom)
2019-08-22 20:33:26,399 [pool-461-thread-1] INFO  server.RaftServerConfigKeys (ConfUtils.java:logGet(43)) - raft.server.log.purge.gap = 1000000 (custom)
2019-08-22 20:33:26,400 [pool-439-thread-1] INFO  server.RaftServerConfigKeys (ConfUtils.java:logGet(43)) - raft.server.log.appender.buffer.byte-limit = 33554432 (custom)
2019-08-22 20:33:26,400 [pool-450-thread-1] INFO  server.RaftServerConfigKeys (ConfUtils.java:logGet(43)) - raft.server.log.appender.buffer.byte-limit = 33554432 (custom)
2019-08-22 20:33:26,401 [pool-439-thread-1] INFO  server.RaftServerConfigKeys (ConfUtils.java:logGet(43)) - raft.server.log.segment.size.max = 1048576 (custom)
2019-08-22 20:33:26,400 [pool-461-thread-1] INFO  server.RaftServerConfigKeys (ConfUtils.java:logGet(43)) - raft.server.log.appender.buffer.byte-limit = 33554432 (custom)
2019-08-22 20:33:26,401 [pool-439-thread-1] INFO  server.RaftServerConfigKeys (ConfUtils.java:logGet(43)) - raft.server.log.segment.cache.num.max = 2 (custom)
2019-08-22 20:33:26,401 [pool-439-thread-1] INFO  segmented.SegmentedRaftLogWorker (SegmentedRaftLogWorker.java:<init>(172)) - new 2daced53-459d-4517-a1dc-5ae4d7d13a80-SegmentedRaftLogWorker:Storage Directory /workdir/hadoop-ozone/integration-test/target/test-dir/MiniOzoneClusterImpl-28bedab5-a7b6-4439-aa5a-0da14b59fc38/datanode-0/data/ratis/35de30fa-ae31-4d06-a297-7c12adbc7497 for RaftStorage:Storage Directory /workdir/hadoop-ozone/integration-test/target/test-dir/MiniOzoneClusterImpl-28bedab5-a7b6-4439-aa5a-0da14b59fc38/datanode-0/data/ratis/35de30fa-ae31-4d06-a297-7c12adbc7497
2019-08-22 20:33:26,401 [pool-450-thread-1] INFO  server.RaftServerConfigKeys (ConfUtils.java:logGet(43)) - raft.server.log.segment.size.max = 1048576 (custom)
2019-08-22 20:33:26,402 [pool-439-thread-1] INFO  server.RaftServerConfigKeys (ConfUtils.java:logGet(43)) - raft.server.log.queue.byte-limit = 2147483647 (custom)
2019-08-22 20:33:26,401 [pool-461-thread-1] INFO  server.RaftServerConfigKeys (ConfUtils.java:logGet(43)) - raft.server.log.segment.size.max = 1048576 (custom)
2019-08-22 20:33:26,402 [pool-439-thread-1] INFO  server.RaftServerConfigKeys (ConfUtils.java:logGet(43)) - raft.server.log.queue.element-limit = 1024 (custom)
2019-08-22 20:33:26,402 [pool-450-thread-1] INFO  server.RaftServerConfigKeys (ConfUtils.java:logGet(43)) - raft.server.log.segment.cache.num.max = 2 (custom)
2019-08-22 20:33:26,402 [pool-439-thread-1] INFO  server.RaftServerConfigKeys (ConfUtils.java:logGet(43)) - raft.server.log.segment.size.max = 1048576 (custom)
2019-08-22 20:33:26,402 [pool-461-thread-1] INFO  server.RaftServerConfigKeys (ConfUtils.java:logGet(43)) - raft.server.log.segment.cache.num.max = 2 (custom)
2019-08-22 20:33:26,403 [pool-439-thread-1] INFO  server.RaftServerConfigKeys (ConfUtils.java:logGet(43)) - raft.server.log.preallocated.size = 16384 (custom)
2019-08-22 20:33:26,402 [pool-450-thread-1] INFO  segmented.SegmentedRaftLogWorker (SegmentedRaftLogWorker.java:<init>(172)) - new 51076ca9-787f-4a25-b78d-948736530192-SegmentedRaftLogWorker:Storage Directory /workdir/hadoop-ozone/integration-test/target/test-dir/MiniOzoneClusterImpl-28bedab5-a7b6-4439-aa5a-0da14b59fc38/datanode-1/data/ratis/35de30fa-ae31-4d06-a297-7c12adbc7497 for RaftStorage:Storage Directory /workdir/hadoop-ozone/integration-test/target/test-dir/MiniOzoneClusterImpl-28bedab5-a7b6-4439-aa5a-0da14b59fc38/datanode-1/data/ratis/35de30fa-ae31-4d06-a297-7c12adbc7497
2019-08-22 20:33:26,403 [pool-439-thread-1] INFO  server.RaftServerConfigKeys (ConfUtils.java:logGet(43)) - raft.server.log.write.buffer.size = 33554432 (custom)
2019-08-22 20:33:26,403 [pool-461-thread-1] INFO  segmented.SegmentedRaftLogWorker (SegmentedRaftLogWorker.java:<init>(172)) - new f0f4ed96-5399-4dd5-ad99-791f6ec54833-SegmentedRaftLogWorker:Storage Directory /workdir/hadoop-ozone/integration-test/target/test-dir/MiniOzoneClusterImpl-28bedab5-a7b6-4439-aa5a-0da14b59fc38/datanode-2/data/ratis/35de30fa-ae31-4d06-a297-7c12adbc7497 for RaftStorage:Storage Directory /workdir/hadoop-ozone/integration-test/target/test-dir/MiniOzoneClusterImpl-28bedab5-a7b6-4439-aa5a-0da14b59fc38/datanode-2/data/ratis/35de30fa-ae31-4d06-a297-7c12adbc7497
2019-08-22 20:33:26,403 [pool-439-thread-1] INFO  server.RaftServerConfigKeys (ConfUtils.java:logGet(43)) - raft.server.log.force.sync.num = 128 (default)
2019-08-22 20:33:26,404 [pool-439-thread-1] INFO  server.RaftServerConfigKeys (ConfUtils.java:logGet(43)) - raft.server.log.statemachine.data.sync = true (default)
2019-08-22 20:33:26,403 [pool-450-thread-1] INFO  server.RaftServerConfigKeys (ConfUtils.java:logGet(43)) - raft.server.log.queue.byte-limit = 2147483647 (custom)
2019-08-22 20:33:26,404 [pool-439-thread-1] INFO  server.RaftServerConfigKeys (ConfUtils.java:logGet(43)) - raft.server.log.statemachine.data.sync.timeout = 10s (default)
2019-08-22 20:33:26,404 [pool-439-thread-1] INFO  server.RaftServerConfigKeys (ConfUtils.java:logGet(43)) - raft.server.log.statemachine.data.sync.timeout.retry = -1 (default)
2019-08-22 20:33:26,404 [pool-461-thread-1] INFO  server.RaftServerConfigKeys (ConfUtils.java:logGet(43)) - raft.server.log.queue.byte-limit = 2147483647 (custom)
2019-08-22 20:33:26,405 [pool-439-thread-1] INFO  server.RaftServerConfigKeys (ConfUtils.java:logGet(43)) - raft.server.log.statemachine.data.caching.enabled = true (custom)
2019-08-22 20:33:26,404 [pool-450-thread-1] INFO  server.RaftServerConfigKeys (ConfUtils.java:logGet(43)) - raft.server.log.queue.element-limit = 1024 (custom)
2019-08-22 20:33:26,405 [pool-461-thread-1] INFO  server.RaftServerConfigKeys (ConfUtils.java:logGet(43)) - raft.server.log.queue.element-limit = 1024 (custom)
2019-08-22 20:33:26,405 [pool-450-thread-1] INFO  server.RaftServerConfigKeys (ConfUtils.java:logGet(43)) - raft.server.log.segment.size.max = 1048576 (custom)
2019-08-22 20:33:26,405 [pool-439-thread-1] INFO  segmented.SegmentedRaftLogWorker (SegmentedRaftLogWorker.java:lambda$new$0(132)) - 2daced53-459d-4517-a1dc-5ae4d7d13a80-SegmentedRaftLogWorker:Storage Directory /workdir/hadoop-ozone/integration-test/target/test-dir/MiniOzoneClusterImpl-28bedab5-a7b6-4439-aa5a-0da14b59fc38/datanode-0/data/ratis/35de30fa-ae31-4d06-a297-7c12adbc7497: flushIndex: setUnconditionally 0 -> -1
2019-08-22 20:33:26,406 [pool-450-thread-1] INFO  server.RaftServerConfigKeys (ConfUtils.java:logGet(43)) - raft.server.log.preallocated.size = 16384 (custom)
2019-08-22 20:33:26,406 [pool-450-thread-1] INFO  server.RaftServerConfigKeys (ConfUtils.java:logGet(43)) - raft.server.log.write.buffer.size = 33554432 (custom)
2019-08-22 20:33:26,405 [pool-461-thread-1] INFO  server.RaftServerConfigKeys (ConfUtils.java:logGet(43)) - raft.server.log.segment.size.max = 1048576 (custom)
2019-08-22 20:33:26,406 [pool-450-thread-1] INFO  server.RaftServerConfigKeys (ConfUtils.java:logGet(43)) - raft.server.log.force.sync.num = 128 (default)
2019-08-22 20:33:26,406 [pool-439-thread-1] INFO  server.RaftServerConfigKeys (ConfUtils.java:logGet(43)) - raft.server.snapshot.auto.trigger.enabled = true (custom)
2019-08-22 20:33:26,407 [pool-450-thread-1] INFO  server.RaftServerConfigKeys (ConfUtils.java:logGet(43)) - raft.server.log.statemachine.data.sync = true (default)
2019-08-22 20:33:26,407 [pool-450-thread-1] INFO  server.RaftServerConfigKeys (ConfUtils.java:logGet(43)) - raft.server.log.statemachine.data.sync.timeout = 10s (default)
2019-08-22 20:33:26,406 [pool-461-thread-1] INFO  server.RaftServerConfigKeys (ConfUtils.java:logGet(43)) - raft.server.log.preallocated.size = 16384 (custom)
2019-08-22 20:33:26,407 [pool-450-thread-1] INFO  server.RaftServerConfigKeys (ConfUtils.java:logGet(43)) - raft.server.log.statemachine.data.sync.timeout.retry = -1 (default)
2019-08-22 20:33:26,407 [pool-439-thread-1] INFO  server.RaftServerConfigKeys (ConfUtils.java:logGet(43)) - raft.server.snapshot.auto.trigger.threshold = 10000 (custom)
2019-08-22 20:33:26,407 [pool-450-thread-1] INFO  server.RaftServerConfigKeys (ConfUtils.java:logGet(43)) - raft.server.log.statemachine.data.caching.enabled = true (custom)
2019-08-22 20:33:26,407 [pool-461-thread-1] INFO  server.RaftServerConfigKeys (ConfUtils.java:logGet(43)) - raft.server.log.write.buffer.size = 33554432 (custom)
2019-08-22 20:33:26,408 [pool-450-thread-1] INFO  segmented.SegmentedRaftLogWorker (SegmentedRaftLogWorker.java:lambda$new$0(132)) - 51076ca9-787f-4a25-b78d-948736530192-SegmentedRaftLogWorker:Storage Directory /workdir/hadoop-ozone/integration-test/target/test-dir/MiniOzoneClusterImpl-28bedab5-a7b6-4439-aa5a-0da14b59fc38/datanode-1/data/ratis/35de30fa-ae31-4d06-a297-7c12adbc7497: flushIndex: setUnconditionally 0 -> -1
2019-08-22 20:33:26,408 [pool-439-thread-1] INFO  server.RaftServerConfigKeys (ConfUtils.java:logGet(43)) - raft.server.retrycache.expirytime = 600000ms (custom)
2019-08-22 20:33:26,408 [pool-461-thread-1] INFO  server.RaftServerConfigKeys (ConfUtils.java:logGet(43)) - raft.server.log.force.sync.num = 128 (default)
2019-08-22 20:33:26,408 [pool-439-thread-1] INFO  impl.RaftServerImpl (RaftServerImpl.java:start(180)) - 2daced53-459d-4517-a1dc-5ae4d7d13a80: start group-7C12ADBC7497
2019-08-22 20:33:26,408 [pool-450-thread-1] INFO  server.RaftServerConfigKeys (ConfUtils.java:logGet(43)) - raft.server.snapshot.auto.trigger.enabled = true (custom)
2019-08-22 20:33:26,409 [pool-439-thread-1] INFO  impl.RaftServerImpl (RaftServerImpl.java:setRole(171)) - 2daced53-459d-4517-a1dc-5ae4d7d13a80:group-7C12ADBC7497 changes role from null to FOLLOWER at term 0 for startAsFollower
2019-08-22 20:33:26,408 [pool-461-thread-1] INFO  server.RaftServerConfigKeys (ConfUtils.java:logGet(43)) - raft.server.log.statemachine.data.sync = true (default)
2019-08-22 20:33:26,409 [pool-439-thread-1] INFO  impl.RoleInfo (RoleInfo.java:updateAndGet(143)) - 2daced53-459d-4517-a1dc-5ae4d7d13a80: start FollowerState
2019-08-22 20:33:26,409 [pool-450-thread-1] INFO  server.RaftServerConfigKeys (ConfUtils.java:logGet(43)) - raft.server.snapshot.auto.trigger.threshold = 10000 (custom)
2019-08-22 20:33:26,409 [pool-461-thread-1] INFO  server.RaftServerConfigKeys (ConfUtils.java:logGet(43)) - raft.server.log.statemachine.data.sync.timeout = 10s (default)
2019-08-22 20:33:26,410 [pool-450-thread-1] INFO  server.RaftServerConfigKeys (ConfUtils.java:logGet(43)) - raft.server.retrycache.expirytime = 600000ms (custom)
2019-08-22 20:33:26,424 [pool-439-thread-1] INFO  util.JmxRegister (JmxRegister.java:tryRegister(44)) - Successfully registered JMX Bean with object name Ratis:service=RaftServer,group=group-7C12ADBC7497,id=2daced53-459d-4517-a1dc-5ae4d7d13a80
2019-08-22 20:33:26,410 [pool-461-thread-1] INFO  server.RaftServerConfigKeys (ConfUtils.java:logGet(43)) - raft.server.log.statemachine.data.sync.timeout.retry = -1 (default)
2019-08-22 20:33:26,424 [pool-450-thread-1] INFO  impl.RaftServerImpl (RaftServerImpl.java:start(180)) - 51076ca9-787f-4a25-b78d-948736530192: start group-7C12ADBC7497
2019-08-22 20:33:26,432 [pool-450-thread-1] INFO  impl.RaftServerImpl (RaftServerImpl.java:setRole(171)) - 51076ca9-787f-4a25-b78d-948736530192:group-7C12ADBC7497 changes role from null to FOLLOWER at term 0 for startAsFollower
2019-08-22 20:33:26,425 [pool-461-thread-1] INFO  server.RaftServerConfigKeys (ConfUtils.java:logGet(43)) - raft.server.log.statemachine.data.caching.enabled = true (custom)
2019-08-22 20:33:26,433 [pool-450-thread-1] INFO  impl.RoleInfo (RoleInfo.java:updateAndGet(143)) - 51076ca9-787f-4a25-b78d-948736530192: start FollowerState
2019-08-22 20:33:26,433 [pool-461-thread-1] INFO  segmented.SegmentedRaftLogWorker (SegmentedRaftLogWorker.java:lambda$new$0(132)) - f0f4ed96-5399-4dd5-ad99-791f6ec54833-SegmentedRaftLogWorker:Storage Directory /workdir/hadoop-ozone/integration-test/target/test-dir/MiniOzoneClusterImpl-28bedab5-a7b6-4439-aa5a-0da14b59fc38/datanode-2/data/ratis/35de30fa-ae31-4d06-a297-7c12adbc7497: flushIndex: setUnconditionally 0 -> -1
2019-08-22 20:33:26,433 [pool-450-thread-1] INFO  util.JmxRegister (JmxRegister.java:tryRegister(44)) - Successfully registered JMX Bean with object name Ratis:service=RaftServer,group=group-7C12ADBC7497,id=51076ca9-787f-4a25-b78d-948736530192
2019-08-22 20:33:26,433 [pool-461-thread-1] INFO  server.RaftServerConfigKeys (ConfUtils.java:logGet(43)) - raft.server.snapshot.auto.trigger.enabled = true (custom)
2019-08-22 20:33:26,434 [pool-461-thread-1] INFO  server.RaftServerConfigKeys (ConfUtils.java:logGet(43)) - raft.server.snapshot.auto.trigger.threshold = 10000 (custom)
2019-08-22 20:33:26,434 [pool-461-thread-1] INFO  server.RaftServerConfigKeys (ConfUtils.java:logGet(43)) - raft.server.retrycache.expirytime = 600000ms (custom)
2019-08-22 20:33:26,434 [pool-461-thread-1] INFO  impl.RaftServerImpl (RaftServerImpl.java:start(180)) - f0f4ed96-5399-4dd5-ad99-791f6ec54833: start group-7C12ADBC7497
2019-08-22 20:33:26,434 [pool-461-thread-1] INFO  impl.RaftServerImpl (RaftServerImpl.java:setRole(171)) - f0f4ed96-5399-4dd5-ad99-791f6ec54833:group-7C12ADBC7497 changes role from null to FOLLOWER at term 0 for startAsFollower
2019-08-22 20:33:26,434 [pool-461-thread-1] INFO  impl.RoleInfo (RoleInfo.java:updateAndGet(143)) - f0f4ed96-5399-4dd5-ad99-791f6ec54833: start FollowerState
2019-08-22 20:33:26,435 [pool-461-thread-1] INFO  util.JmxRegister (JmxRegister.java:tryRegister(44)) - Successfully registered JMX Bean with object name Ratis:service=RaftServer,group=group-7C12ADBC7497,id=f0f4ed96-5399-4dd5-ad99-791f6ec54833
2019-08-22 20:33:26,437 [RatisPipelineUtilsThread] INFO  pipeline.PipelineStateManager (PipelineStateManager.java:addPipeline(56)) - Created pipeline Pipeline[ Id: 35de30fa-ae31-4d06-a297-7c12adbc7497, Nodes: 2daced53-459d-4517-a1dc-5ae4d7d13a80{ip: 192.168.5.154, host: pr-hdds-1975-8q6qf-1339330341, networkLocation: /default-rack, certSerialId: null}f0f4ed96-5399-4dd5-ad99-791f6ec54833{ip: 192.168.5.154, host: pr-hdds-1975-8q6qf-1339330341, networkLocation: /default-rack, certSerialId: null}51076ca9-787f-4a25-b78d-948736530192{ip: 192.168.5.154, host: pr-hdds-1975-8q6qf-1339330341, networkLocation: /default-rack, certSerialId: null}, Type:RATIS, Factor:THREE, State:OPEN]
2019-08-22 20:33:26,719 [IPC Server handler 2 on 33988] INFO  net.NetworkTopology (NetworkTopologyImpl.java:add(110)) - Added a new node: /default-rack/ccbe46ac-8be0-4969-adcf-2e9221e70c85
2019-08-22 20:33:26,719 [IPC Server handler 2 on 33988] INFO  node.SCMNodeManager (SCMNodeManager.java:register(273)) - Registered Data node : ccbe46ac-8be0-4969-adcf-2e9221e70c85{ip: 192.168.5.154, host: pr-hdds-1975-8q6qf-1339330341, networkLocation: /default-rack, certSerialId: null}
2019-08-22 20:33:26,720 | INFO  | SCMAudit | user=jenkins1000 | ip=192.168.5.154 | op=REGISTER {datanodeDetails=ccbe46ac-8be0-4969-adcf-2e9221e70c85{ip: 192.168.5.154, host: pr-hdds-1975-8q6qf-1339330341, networkLocation: /default-rack, certSerialId: null}} | ret=SUCCESS |  
2019-08-22 20:33:26,729 [grpc-default-executor-9] INFO  impl.RaftServerProxy (RaftServerProxy.java:addNew(89)) - ccbe46ac-8be0-4969-adcf-2e9221e70c85: addNew group-286BDDAC0606:[ccbe46ac-8be0-4969-adcf-2e9221e70c85:192.168.5.154:37473] returns group-286BDDAC0606:java.util.concurrent.CompletableFuture@4ee36c1b[Not completed]
2019-08-22 20:33:26,731 [pool-472-thread-1] INFO  impl.RaftServerImpl (RaftServerImpl.java:<init>(93)) - ccbe46ac-8be0-4969-adcf-2e9221e70c85: new RaftServerImpl for group-286BDDAC0606:[ccbe46ac-8be0-4969-adcf-2e9221e70c85:192.168.5.154:37473] with ContainerStateMachine:uninitialized
2019-08-22 20:33:26,731 [pool-472-thread-1] INFO  server.RaftServerConfigKeys (ConfUtils.java:logGet(43)) - raft.server.rpc.timeout.min = 5s (custom)
2019-08-22 20:33:26,731 [pool-472-thread-1] INFO  server.RaftServerConfigKeys (ConfUtils.java:logGet(43)) - raft.server.rpc.timeout.max = 5200ms (custom)
2019-08-22 20:33:26,731 [pool-472-thread-1] INFO  server.RaftServerConfigKeys (ConfUtils.java:logGet(43)) - raft.server.rpcslowness.timeout = 120s (custom)
2019-08-22 20:33:26,732 [pool-472-thread-1] INFO  server.RaftServerConfigKeys (ConfUtils.java:logGet(43)) - raft.server.sleep.deviation.threshold = 300 (default)
2019-08-22 20:33:26,732 [pool-472-thread-1] INFO  server.RaftServerConfigKeys (ConfUtils.java:logGet(43)) - raft.server.log.appender.install.snapshot.enabled = false (custom)
2019-08-22 20:33:26,732 [pool-472-thread-1] INFO  impl.RaftServerImpl (ServerState.java:<init>(105)) - ccbe46ac-8be0-4969-adcf-2e9221e70c85:group-286BDDAC0606 ConfigurationManager, init=-1: [ccbe46ac-8be0-4969-adcf-2e9221e70c85:192.168.5.154:37473], old=null, confs=<EMPTY_MAP>
2019-08-22 20:33:26,732 [pool-472-thread-1] INFO  server.RaftServerConfigKeys (ConfUtils.java:logGet(43)) - raft.server.storage.dir = [/workdir/hadoop-ozone/integration-test/target/test-dir/MiniOzoneClusterImpl-28bedab5-a7b6-4439-aa5a-0da14b59fc38/datanode-3/data/ratis] (custom)
2019-08-22 20:33:26,733 [pool-472-thread-1] INFO  storage.RaftStorageDirectory (RaftStorageDirectory.java:analyzeStorage(246)) - The storage directory /workdir/hadoop-ozone/integration-test/target/test-dir/MiniOzoneClusterImpl-28bedab5-a7b6-4439-aa5a-0da14b59fc38/datanode-3/data/ratis/1097b543-f2f5-4140-8dc6-286bddac0606 does not exist. Creating ...
2019-08-22 20:33:26,746 [pool-472-thread-1] INFO  storage.RaftStorageDirectory (RaftStorageDirectory.java:tryLock(328)) - Lock on /workdir/hadoop-ozone/integration-test/target/test-dir/MiniOzoneClusterImpl-28bedab5-a7b6-4439-aa5a-0da14b59fc38/datanode-3/data/ratis/1097b543-f2f5-4140-8dc6-286bddac0606/in_use.lock acquired by nodename 29244@pr-hdds-1975-8q6qf-1339330341
2019-08-22 20:33:26,759 [pool-472-thread-1] INFO  storage.RaftStorage (RaftStorage.java:format(72)) - Storage directory /workdir/hadoop-ozone/integration-test/target/test-dir/MiniOzoneClusterImpl-28bedab5-a7b6-4439-aa5a-0da14b59fc38/datanode-3/data/ratis/1097b543-f2f5-4140-8dc6-286bddac0606 has been successfully formatted.
2019-08-22 20:33:26,759 [pool-472-thread-1] INFO  ratis.ContainerStateMachine (ContainerStateMachine.java:loadSnapshot(226)) - group-286BDDAC0606: The snapshot info is null. Setting the last applied indexto:(t:0, i:~)
2019-08-22 20:33:26,760 [pool-472-thread-1] INFO  server.RaftServerConfigKeys (ConfUtils.java:logGet(43)) - raft.server.leader.election.timeout = 120s (custom)
2019-08-22 20:33:26,760 [pool-472-thread-1] INFO  server.RaftServerConfigKeys (ConfUtils.java:logGet(43)) - raft.server.log.use.memory = false (default)
2019-08-22 20:33:26,760 [pool-472-thread-1] INFO  server.RaftServerConfigKeys (ConfUtils.java:logGet(43)) - raft.server.log.purge.gap = 1000000 (custom)
2019-08-22 20:33:26,760 [pool-472-thread-1] INFO  server.RaftServerConfigKeys (ConfUtils.java:logGet(43)) - raft.server.log.appender.buffer.byte-limit = 33554432 (custom)
2019-08-22 20:33:26,760 [pool-472-thread-1] INFO  server.RaftServerConfigKeys (ConfUtils.java:logGet(43)) - raft.server.log.segment.size.max = 1048576 (custom)
2019-08-22 20:33:26,761 [pool-472-thread-1] INFO  server.RaftServerConfigKeys (ConfUtils.java:logGet(43)) - raft.server.log.segment.cache.num.max = 2 (custom)
2019-08-22 20:33:26,761 [pool-472-thread-1] INFO  segmented.SegmentedRaftLogWorker (SegmentedRaftLogWorker.java:<init>(172)) - new ccbe46ac-8be0-4969-adcf-2e9221e70c85-SegmentedRaftLogWorker:Storage Directory /workdir/hadoop-ozone/integration-test/target/test-dir/MiniOzoneClusterImpl-28bedab5-a7b6-4439-aa5a-0da14b59fc38/datanode-3/data/ratis/1097b543-f2f5-4140-8dc6-286bddac0606 for RaftStorage:Storage Directory /workdir/hadoop-ozone/integration-test/target/test-dir/MiniOzoneClusterImpl-28bedab5-a7b6-4439-aa5a-0da14b59fc38/datanode-3/data/ratis/1097b543-f2f5-4140-8dc6-286bddac0606
2019-08-22 20:33:26,761 [pool-472-thread-1] INFO  server.RaftServerConfigKeys (ConfUtils.java:logGet(43)) - raft.server.log.queue.byte-limit = 2147483647 (custom)
2019-08-22 20:33:26,761 [pool-472-thread-1] INFO  server.RaftServerConfigKeys (ConfUtils.java:logGet(43)) - raft.server.log.queue.element-limit = 1024 (custom)
2019-08-22 20:33:26,761 [pool-472-thread-1] INFO  server.RaftServerConfigKeys (ConfUtils.java:logGet(43)) - raft.server.log.segment.size.max = 1048576 (custom)
2019-08-22 20:33:26,762 [pool-472-thread-1] INFO  server.RaftServerConfigKeys (ConfUtils.java:logGet(43)) - raft.server.log.preallocated.size = 16384 (custom)
2019-08-22 20:33:26,762 [pool-472-thread-1] INFO  server.RaftServerConfigKeys (ConfUtils.java:logGet(43)) - raft.server.log.write.buffer.size = 33554432 (custom)
2019-08-22 20:33:26,762 [pool-472-thread-1] INFO  server.RaftServerConfigKeys (ConfUtils.java:logGet(43)) - raft.server.log.force.sync.num = 128 (default)
2019-08-22 20:33:26,762 [pool-472-thread-1] INFO  server.RaftServerConfigKeys (ConfUtils.java:logGet(43)) - raft.server.log.statemachine.data.sync = true (default)
2019-08-22 20:33:26,762 [pool-472-thread-1] INFO  server.RaftServerConfigKeys (ConfUtils.java:logGet(43)) - raft.server.log.statemachine.data.sync.timeout = 10s (default)
2019-08-22 20:33:26,762 [pool-472-thread-1] INFO  server.RaftServerConfigKeys (ConfUtils.java:logGet(43)) - raft.server.log.statemachine.data.sync.timeout.retry = -1 (default)
2019-08-22 20:33:26,763 [pool-472-thread-1] INFO  server.RaftServerConfigKeys (ConfUtils.java:logGet(43)) - raft.server.log.statemachine.data.caching.enabled = true (custom)
2019-08-22 20:33:26,763 [pool-472-thread-1] INFO  segmented.SegmentedRaftLogWorker (SegmentedRaftLogWorker.java:lambda$new$0(132)) - ccbe46ac-8be0-4969-adcf-2e9221e70c85-SegmentedRaftLogWorker:Storage Directory /workdir/hadoop-ozone/integration-test/target/test-dir/MiniOzoneClusterImpl-28bedab5-a7b6-4439-aa5a-0da14b59fc38/datanode-3/data/ratis/1097b543-f2f5-4140-8dc6-286bddac0606: flushIndex: setUnconditionally 0 -> -1
2019-08-22 20:33:26,763 [pool-472-thread-1] INFO  server.RaftServerConfigKeys (ConfUtils.java:logGet(43)) - raft.server.snapshot.auto.trigger.enabled = true (custom)
2019-08-22 20:33:26,764 [pool-472-thread-1] INFO  server.RaftServerConfigKeys (ConfUtils.java:logGet(43)) - raft.server.snapshot.auto.trigger.threshold = 10000 (custom)
2019-08-22 20:33:26,764 [pool-472-thread-1] INFO  server.RaftServerConfigKeys (ConfUtils.java:logGet(43)) - raft.server.retrycache.expirytime = 600000ms (custom)
2019-08-22 20:33:26,764 [pool-472-thread-1] INFO  impl.RaftServerImpl (RaftServerImpl.java:start(180)) - ccbe46ac-8be0-4969-adcf-2e9221e70c85: start group-286BDDAC0606
2019-08-22 20:33:26,764 [pool-472-thread-1] INFO  impl.RaftServerImpl (RaftServerImpl.java:setRole(171)) - ccbe46ac-8be0-4969-adcf-2e9221e70c85:group-286BDDAC0606 changes role from null to FOLLOWER at term 0 for startAsFollower
2019-08-22 20:33:26,764 [pool-472-thread-1] INFO  impl.RoleInfo (RoleInfo.java:updateAndGet(143)) - ccbe46ac-8be0-4969-adcf-2e9221e70c85: start FollowerState
2019-08-22 20:33:26,765 [pool-472-thread-1] INFO  util.JmxRegister (JmxRegister.java:tryRegister(44)) - Successfully registered JMX Bean with object name Ratis:service=RaftServer,group=group-286BDDAC0606,id=ccbe46ac-8be0-4969-adcf-2e9221e70c85
2019-08-22 20:33:26,768 [RatisPipelineUtilsThread] INFO  pipeline.PipelineStateManager (PipelineStateManager.java:addPipeline(56)) - Created pipeline Pipeline[ Id: 1097b543-f2f5-4140-8dc6-286bddac0606, Nodes: ccbe46ac-8be0-4969-adcf-2e9221e70c85{ip: 192.168.5.154, host: pr-hdds-1975-8q6qf-1339330341, networkLocation: /default-rack, certSerialId: null}, Type:RATIS, Factor:ONE, State:OPEN]
2019-08-22 20:33:26,924 [IPC Server handler 4 on 33988] INFO  net.NetworkTopology (NetworkTopologyImpl.java:add(110)) - Added a new node: /default-rack/b57f6041-151b-43d9-b1c6-c87944b8f8b5
2019-08-22 20:33:26,924 [IPC Server handler 4 on 33988] INFO  node.SCMNodeManager (SCMNodeManager.java:register(273)) - Registered Data node : b57f6041-151b-43d9-b1c6-c87944b8f8b5{ip: 192.168.5.154, host: pr-hdds-1975-8q6qf-1339330341, networkLocation: /default-rack, certSerialId: null}
2019-08-22 20:33:26,928 | INFO  | SCMAudit | user=jenkins1000 | ip=192.168.5.154 | op=REGISTER {datanodeDetails=b57f6041-151b-43d9-b1c6-c87944b8f8b5{ip: 192.168.5.154, host: pr-hdds-1975-8q6qf-1339330341, networkLocation: /default-rack, certSerialId: null}} | ret=SUCCESS |  
2019-08-22 20:33:26,936 [grpc-default-executor-9] INFO  impl.RaftServerProxy (RaftServerProxy.java:addNew(89)) - b57f6041-151b-43d9-b1c6-c87944b8f8b5: addNew group-A3C38ACF70E7:[b57f6041-151b-43d9-b1c6-c87944b8f8b5:192.168.5.154:44495] returns group-A3C38ACF70E7:java.util.concurrent.CompletableFuture@1e738204[Not completed]
2019-08-22 20:33:26,938 [pool-483-thread-1] INFO  impl.RaftServerImpl (RaftServerImpl.java:<init>(93)) - b57f6041-151b-43d9-b1c6-c87944b8f8b5: new RaftServerImpl for group-A3C38ACF70E7:[b57f6041-151b-43d9-b1c6-c87944b8f8b5:192.168.5.154:44495] with ContainerStateMachine:uninitialized
2019-08-22 20:33:26,938 [pool-483-thread-1] INFO  server.RaftServerConfigKeys (ConfUtils.java:logGet(43)) - raft.server.rpc.timeout.min = 5s (custom)
2019-08-22 20:33:26,938 [pool-483-thread-1] INFO  server.RaftServerConfigKeys (ConfUtils.java:logGet(43)) - raft.server.rpc.timeout.max = 5200ms (custom)
2019-08-22 20:33:26,938 [pool-483-thread-1] INFO  server.RaftServerConfigKeys (ConfUtils.java:logGet(43)) - raft.server.rpcslowness.timeout = 120s (custom)
2019-08-22 20:33:26,938 [pool-483-thread-1] INFO  server.RaftServerConfigKeys (ConfUtils.java:logGet(43)) - raft.server.sleep.deviation.threshold = 300 (default)
2019-08-22 20:33:26,939 [pool-483-thread-1] INFO  server.RaftServerConfigKeys (ConfUtils.java:logGet(43)) - raft.server.log.appender.install.snapshot.enabled = false (custom)
2019-08-22 20:33:26,939 [pool-483-thread-1] INFO  impl.RaftServerImpl (ServerState.java:<init>(105)) - b57f6041-151b-43d9-b1c6-c87944b8f8b5:group-A3C38ACF70E7 ConfigurationManager, init=-1: [b57f6041-151b-43d9-b1c6-c87944b8f8b5:192.168.5.154:44495], old=null, confs=<EMPTY_MAP>
2019-08-22 20:33:26,939 [pool-483-thread-1] INFO  server.RaftServerConfigKeys (ConfUtils.java:logGet(43)) - raft.server.storage.dir = [/workdir/hadoop-ozone/integration-test/target/test-dir/MiniOzoneClusterImpl-28bedab5-a7b6-4439-aa5a-0da14b59fc38/datanode-4/data/ratis] (custom)
2019-08-22 20:33:26,940 [pool-483-thread-1] INFO  storage.RaftStorageDirectory (RaftStorageDirectory.java:analyzeStorage(246)) - The storage directory /workdir/hadoop-ozone/integration-test/target/test-dir/MiniOzoneClusterImpl-28bedab5-a7b6-4439-aa5a-0da14b59fc38/datanode-4/data/ratis/783acb80-1cb4-40bb-aebb-a3c38acf70e7 does not exist. Creating ...
2019-08-22 20:33:26,954 [pool-483-thread-1] INFO  storage.RaftStorageDirectory (RaftStorageDirectory.java:tryLock(328)) - Lock on /workdir/hadoop-ozone/integration-test/target/test-dir/MiniOzoneClusterImpl-28bedab5-a7b6-4439-aa5a-0da14b59fc38/datanode-4/data/ratis/783acb80-1cb4-40bb-aebb-a3c38acf70e7/in_use.lock acquired by nodename 29244@pr-hdds-1975-8q6qf-1339330341
2019-08-22 20:33:26,967 [pool-483-thread-1] INFO  storage.RaftStorage (RaftStorage.java:format(72)) - Storage directory /workdir/hadoop-ozone/integration-test/target/test-dir/MiniOzoneClusterImpl-28bedab5-a7b6-4439-aa5a-0da14b59fc38/datanode-4/data/ratis/783acb80-1cb4-40bb-aebb-a3c38acf70e7 has been successfully formatted.
2019-08-22 20:33:26,967 [pool-483-thread-1] INFO  ratis.ContainerStateMachine (ContainerStateMachine.java:loadSnapshot(226)) - group-A3C38ACF70E7: The snapshot info is null. Setting the last applied indexto:(t:0, i:~)
2019-08-22 20:33:26,968 [pool-483-thread-1] INFO  server.RaftServerConfigKeys (ConfUtils.java:logGet(43)) - raft.server.leader.election.timeout = 120s (custom)
2019-08-22 20:33:26,968 [pool-483-thread-1] INFO  server.RaftServerConfigKeys (ConfUtils.java:logGet(43)) - raft.server.log.use.memory = false (default)
2019-08-22 20:33:26,968 [pool-483-thread-1] INFO  server.RaftServerConfigKeys (ConfUtils.java:logGet(43)) - raft.server.log.purge.gap = 1000000 (custom)
2019-08-22 20:33:26,968 [pool-483-thread-1] INFO  server.RaftServerConfigKeys (ConfUtils.java:logGet(43)) - raft.server.log.appender.buffer.byte-limit = 33554432 (custom)
2019-08-22 20:33:26,968 [pool-483-thread-1] INFO  server.RaftServerConfigKeys (ConfUtils.java:logGet(43)) - raft.server.log.segment.size.max = 1048576 (custom)
2019-08-22 20:33:26,968 [pool-483-thread-1] INFO  server.RaftServerConfigKeys (ConfUtils.java:logGet(43)) - raft.server.log.segment.cache.num.max = 2 (custom)
2019-08-22 20:33:26,969 [pool-483-thread-1] INFO  segmented.SegmentedRaftLogWorker (SegmentedRaftLogWorker.java:<init>(172)) - new b57f6041-151b-43d9-b1c6-c87944b8f8b5-SegmentedRaftLogWorker:Storage Directory /workdir/hadoop-ozone/integration-test/target/test-dir/MiniOzoneClusterImpl-28bedab5-a7b6-4439-aa5a-0da14b59fc38/datanode-4/data/ratis/783acb80-1cb4-40bb-aebb-a3c38acf70e7 for RaftStorage:Storage Directory /workdir/hadoop-ozone/integration-test/target/test-dir/MiniOzoneClusterImpl-28bedab5-a7b6-4439-aa5a-0da14b59fc38/datanode-4/data/ratis/783acb80-1cb4-40bb-aebb-a3c38acf70e7
2019-08-22 20:33:26,969 [pool-483-thread-1] INFO  server.RaftServerConfigKeys (ConfUtils.java:logGet(43)) - raft.server.log.queue.byte-limit = 2147483647 (custom)
2019-08-22 20:33:26,969 [pool-483-thread-1] INFO  server.RaftServerConfigKeys (ConfUtils.java:logGet(43)) - raft.server.log.queue.element-limit = 1024 (custom)
2019-08-22 20:33:26,969 [pool-483-thread-1] INFO  server.RaftServerConfigKeys (ConfUtils.java:logGet(43)) - raft.server.log.segment.size.max = 1048576 (custom)
2019-08-22 20:33:26,969 [pool-483-thread-1] INFO  server.RaftServerConfigKeys (ConfUtils.java:logGet(43)) - raft.server.log.preallocated.size = 16384 (custom)
2019-08-22 20:33:26,970 [pool-483-thread-1] INFO  server.RaftServerConfigKeys (ConfUtils.java:logGet(43)) - raft.server.log.write.buffer.size = 33554432 (custom)
2019-08-22 20:33:26,970 [pool-483-thread-1] INFO  server.RaftServerConfigKeys (ConfUtils.java:logGet(43)) - raft.server.log.force.sync.num = 128 (default)
2019-08-22 20:33:26,970 [pool-483-thread-1] INFO  server.RaftServerConfigKeys (ConfUtils.java:logGet(43)) - raft.server.log.statemachine.data.sync = true (default)
2019-08-22 20:33:26,970 [pool-483-thread-1] INFO  server.RaftServerConfigKeys (ConfUtils.java:logGet(43)) - raft.server.log.statemachine.data.sync.timeout = 10s (default)
2019-08-22 20:33:26,970 [pool-483-thread-1] INFO  server.RaftServerConfigKeys (ConfUtils.java:logGet(43)) - raft.server.log.statemachine.data.sync.timeout.retry = -1 (default)
2019-08-22 20:33:26,971 [pool-483-thread-1] INFO  server.RaftServerConfigKeys (ConfUtils.java:logGet(43)) - raft.server.log.statemachine.data.caching.enabled = true (custom)
2019-08-22 20:33:26,971 [pool-483-thread-1] INFO  segmented.SegmentedRaftLogWorker (SegmentedRaftLogWorker.java:lambda$new$0(132)) - b57f6041-151b-43d9-b1c6-c87944b8f8b5-SegmentedRaftLogWorker:Storage Directory /workdir/hadoop-ozone/integration-test/target/test-dir/MiniOzoneClusterImpl-28bedab5-a7b6-4439-aa5a-0da14b59fc38/datanode-4/data/ratis/783acb80-1cb4-40bb-aebb-a3c38acf70e7: flushIndex: setUnconditionally 0 -> -1
2019-08-22 20:33:26,971 [pool-483-thread-1] INFO  server.RaftServerConfigKeys (ConfUtils.java:logGet(43)) - raft.server.snapshot.auto.trigger.enabled = true (custom)
2019-08-22 20:33:26,972 [pool-483-thread-1] INFO  server.RaftServerConfigKeys (ConfUtils.java:logGet(43)) - raft.server.snapshot.auto.trigger.threshold = 10000 (custom)
2019-08-22 20:33:26,972 [pool-483-thread-1] INFO  server.RaftServerConfigKeys (ConfUtils.java:logGet(43)) - raft.server.retrycache.expirytime = 600000ms (custom)
2019-08-22 20:33:26,972 [pool-483-thread-1] INFO  impl.RaftServerImpl (RaftServerImpl.java:start(180)) - b57f6041-151b-43d9-b1c6-c87944b8f8b5: start group-A3C38ACF70E7
2019-08-22 20:33:26,972 [pool-483-thread-1] INFO  impl.RaftServerImpl (RaftServerImpl.java:setRole(171)) - b57f6041-151b-43d9-b1c6-c87944b8f8b5:group-A3C38ACF70E7 changes role from null to FOLLOWER at term 0 for startAsFollower
2019-08-22 20:33:26,972 [pool-483-thread-1] INFO  impl.RoleInfo (RoleInfo.java:updateAndGet(143)) - b57f6041-151b-43d9-b1c6-c87944b8f8b5: start FollowerState
2019-08-22 20:33:26,973 [pool-483-thread-1] INFO  util.JmxRegister (JmxRegister.java:tryRegister(44)) - Successfully registered JMX Bean with object name Ratis:service=RaftServer,group=group-A3C38ACF70E7,id=b57f6041-151b-43d9-b1c6-c87944b8f8b5
2019-08-22 20:33:26,976 [RatisPipelineUtilsThread] INFO  pipeline.PipelineStateManager (PipelineStateManager.java:addPipeline(56)) - Created pipeline Pipeline[ Id: 783acb80-1cb4-40bb-aebb-a3c38acf70e7, Nodes: b57f6041-151b-43d9-b1c6-c87944b8f8b5{ip: 192.168.5.154, host: pr-hdds-1975-8q6qf-1339330341, networkLocation: /default-rack, certSerialId: null}, Type:RATIS, Factor:ONE, State:OPEN]
2019-08-22 20:33:27,108 [IPC Server handler 3 on 33988] INFO  net.NetworkTopology (NetworkTopologyImpl.java:add(110)) - Added a new node: /default-rack/a6344601-8d29-48c8-ae6d-e0943ca3f389
2019-08-22 20:33:27,108 [IPC Server handler 3 on 33988] INFO  node.SCMNodeManager (SCMNodeManager.java:register(273)) - Registered Data node : a6344601-8d29-48c8-ae6d-e0943ca3f389{ip: 192.168.5.154, host: pr-hdds-1975-8q6qf-1339330341, networkLocation: /default-rack, certSerialId: null}
2019-08-22 20:33:27,108 | INFO  | SCMAudit | user=jenkins1000 | ip=192.168.5.154 | op=REGISTER {datanodeDetails=a6344601-8d29-48c8-ae6d-e0943ca3f389{ip: 192.168.5.154, host: pr-hdds-1975-8q6qf-1339330341, networkLocation: /default-rack, certSerialId: null}} | ret=SUCCESS |  
2019-08-22 20:33:27,115 [grpc-default-executor-9] INFO  impl.RaftServerProxy (RaftServerProxy.java:addNew(89)) - a6344601-8d29-48c8-ae6d-e0943ca3f389: addNew group-B7F8F62C1479:[a6344601-8d29-48c8-ae6d-e0943ca3f389:192.168.5.154:32777] returns group-B7F8F62C1479:java.util.concurrent.CompletableFuture@2afae9e4[Not completed]
2019-08-22 20:33:27,117 [pool-494-thread-1] INFO  impl.RaftServerImpl (RaftServerImpl.java:<init>(93)) - a6344601-8d29-48c8-ae6d-e0943ca3f389: new RaftServerImpl for group-B7F8F62C1479:[a6344601-8d29-48c8-ae6d-e0943ca3f389:192.168.5.154:32777] with ContainerStateMachine:uninitialized
2019-08-22 20:33:27,117 [pool-494-thread-1] INFO  server.RaftServerConfigKeys (ConfUtils.java:logGet(43)) - raft.server.rpc.timeout.min = 5s (custom)
2019-08-22 20:33:27,117 [pool-494-thread-1] INFO  server.RaftServerConfigKeys (ConfUtils.java:logGet(43)) - raft.server.rpc.timeout.max = 5200ms (custom)
2019-08-22 20:33:27,117 [pool-494-thread-1] INFO  server.RaftServerConfigKeys (ConfUtils.java:logGet(43)) - raft.server.rpcslowness.timeout = 120s (custom)
2019-08-22 20:33:27,117 [pool-494-thread-1] INFO  server.RaftServerConfigKeys (ConfUtils.java:logGet(43)) - raft.server.sleep.deviation.threshold = 300 (default)
2019-08-22 20:33:27,118 [pool-494-thread-1] INFO  server.RaftServerConfigKeys (ConfUtils.java:logGet(43)) - raft.server.log.appender.install.snapshot.enabled = false (custom)
2019-08-22 20:33:27,118 [pool-494-thread-1] INFO  impl.RaftServerImpl (ServerState.java:<init>(105)) - a6344601-8d29-48c8-ae6d-e0943ca3f389:group-B7F8F62C1479 ConfigurationManager, init=-1: [a6344601-8d29-48c8-ae6d-e0943ca3f389:192.168.5.154:32777], old=null, confs=<EMPTY_MAP>
2019-08-22 20:33:27,118 [pool-494-thread-1] INFO  server.RaftServerConfigKeys (ConfUtils.java:logGet(43)) - raft.server.storage.dir = [/workdir/hadoop-ozone/integration-test/target/test-dir/MiniOzoneClusterImpl-28bedab5-a7b6-4439-aa5a-0da14b59fc38/datanode-5/data/ratis] (custom)
2019-08-22 20:33:27,118 [pool-494-thread-1] INFO  storage.RaftStorageDirectory (RaftStorageDirectory.java:analyzeStorage(246)) - The storage directory /workdir/hadoop-ozone/integration-test/target/test-dir/MiniOzoneClusterImpl-28bedab5-a7b6-4439-aa5a-0da14b59fc38/datanode-5/data/ratis/f7cdeac1-0106-4cfe-ac20-b7f8f62c1479 does not exist. Creating ...
2019-08-22 20:33:27,131 [pool-494-thread-1] INFO  storage.RaftStorageDirectory (RaftStorageDirectory.java:tryLock(328)) - Lock on /workdir/hadoop-ozone/integration-test/target/test-dir/MiniOzoneClusterImpl-28bedab5-a7b6-4439-aa5a-0da14b59fc38/datanode-5/data/ratis/f7cdeac1-0106-4cfe-ac20-b7f8f62c1479/in_use.lock acquired by nodename 29244@pr-hdds-1975-8q6qf-1339330341
2019-08-22 20:33:27,149 [pool-494-thread-1] INFO  storage.RaftStorage (RaftStorage.java:format(72)) - Storage directory /workdir/hadoop-ozone/integration-test/target/test-dir/MiniOzoneClusterImpl-28bedab5-a7b6-4439-aa5a-0da14b59fc38/datanode-5/data/ratis/f7cdeac1-0106-4cfe-ac20-b7f8f62c1479 has been successfully formatted.
2019-08-22 20:33:27,149 [pool-494-thread-1] INFO  ratis.ContainerStateMachine (ContainerStateMachine.java:loadSnapshot(226)) - group-B7F8F62C1479: The snapshot info is null. Setting the last applied indexto:(t:0, i:~)
2019-08-22 20:33:27,150 [pool-494-thread-1] INFO  server.RaftServerConfigKeys (ConfUtils.java:logGet(43)) - raft.server.leader.election.timeout = 120s (custom)
2019-08-22 20:33:27,150 [pool-494-thread-1] INFO  server.RaftServerConfigKeys (ConfUtils.java:logGet(43)) - raft.server.log.use.memory = false (default)
2019-08-22 20:33:27,150 [pool-494-thread-1] INFO  server.RaftServerConfigKeys (ConfUtils.java:logGet(43)) - raft.server.log.purge.gap = 1000000 (custom)
2019-08-22 20:33:27,150 [pool-494-thread-1] INFO  server.RaftServerConfigKeys (ConfUtils.java:logGet(43)) - raft.server.log.appender.buffer.byte-limit = 33554432 (custom)
2019-08-22 20:33:27,150 [pool-494-thread-1] INFO  server.RaftServerConfigKeys (ConfUtils.java:logGet(43)) - raft.server.log.segment.size.max = 1048576 (custom)
2019-08-22 20:33:27,150 [pool-494-thread-1] INFO  server.RaftServerConfigKeys (ConfUtils.java:logGet(43)) - raft.server.log.segment.cache.num.max = 2 (custom)
2019-08-22 20:33:27,151 [pool-494-thread-1] INFO  segmented.SegmentedRaftLogWorker (SegmentedRaftLogWorker.java:<init>(172)) - new a6344601-8d29-48c8-ae6d-e0943ca3f389-SegmentedRaftLogWorker:Storage Directory /workdir/hadoop-ozone/integration-test/target/test-dir/MiniOzoneClusterImpl-28bedab5-a7b6-4439-aa5a-0da14b59fc38/datanode-5/data/ratis/f7cdeac1-0106-4cfe-ac20-b7f8f62c1479 for RaftStorage:Storage Directory /workdir/hadoop-ozone/integration-test/target/test-dir/MiniOzoneClusterImpl-28bedab5-a7b6-4439-aa5a-0da14b59fc38/datanode-5/data/ratis/f7cdeac1-0106-4cfe-ac20-b7f8f62c1479
2019-08-22 20:33:27,151 [pool-494-thread-1] INFO  server.RaftServerConfigKeys (ConfUtils.java:logGet(43)) - raft.server.log.queue.byte-limit = 2147483647 (custom)
2019-08-22 20:33:27,151 [pool-494-thread-1] INFO  server.RaftServerConfigKeys (ConfUtils.java:logGet(43)) - raft.server.log.queue.element-limit = 1024 (custom)
2019-08-22 20:33:27,151 [pool-494-thread-1] INFO  server.RaftServerConfigKeys (ConfUtils.java:logGet(43)) - raft.server.log.segment.size.max = 1048576 (custom)
2019-08-22 20:33:27,151 [pool-494-thread-1] INFO  server.RaftServerConfigKeys (ConfUtils.java:logGet(43)) - raft.server.log.preallocated.size = 16384 (custom)
2019-08-22 20:33:27,151 [pool-494-thread-1] INFO  server.RaftServerConfigKeys (ConfUtils.java:logGet(43)) - raft.server.log.write.buffer.size = 33554432 (custom)
2019-08-22 20:33:27,152 [pool-494-thread-1] INFO  server.RaftServerConfigKeys (ConfUtils.java:logGet(43)) - raft.server.log.force.sync.num = 128 (default)
2019-08-22 20:33:27,152 [pool-494-thread-1] INFO  server.RaftServerConfigKeys (ConfUtils.java:logGet(43)) - raft.server.log.statemachine.data.sync = true (default)
2019-08-22 20:33:27,152 [pool-494-thread-1] INFO  server.RaftServerConfigKeys (ConfUtils.java:logGet(43)) - raft.server.log.statemachine.data.sync.timeout = 10s (default)
2019-08-22 20:33:27,152 [pool-494-thread-1] INFO  server.RaftServerConfigKeys (ConfUtils.java:logGet(43)) - raft.server.log.statemachine.data.sync.timeout.retry = -1 (default)
2019-08-22 20:33:27,153 [pool-494-thread-1] INFO  server.RaftServerConfigKeys (ConfUtils.java:logGet(43)) - raft.server.log.statemachine.data.caching.enabled = true (custom)
2019-08-22 20:33:27,153 [pool-494-thread-1] INFO  segmented.SegmentedRaftLogWorker (SegmentedRaftLogWorker.java:lambda$new$0(132)) - a6344601-8d29-48c8-ae6d-e0943ca3f389-SegmentedRaftLogWorker:Storage Directory /workdir/hadoop-ozone/integration-test/target/test-dir/MiniOzoneClusterImpl-28bedab5-a7b6-4439-aa5a-0da14b59fc38/datanode-5/data/ratis/f7cdeac1-0106-4cfe-ac20-b7f8f62c1479: flushIndex: setUnconditionally 0 -> -1
2019-08-22 20:33:27,153 [pool-494-thread-1] INFO  server.RaftServerConfigKeys (ConfUtils.java:logGet(43)) - raft.server.snapshot.auto.trigger.enabled = true (custom)
2019-08-22 20:33:27,153 [pool-494-thread-1] INFO  server.RaftServerConfigKeys (ConfUtils.java:logGet(43)) - raft.server.snapshot.auto.trigger.threshold = 10000 (custom)
2019-08-22 20:33:27,154 [pool-494-thread-1] INFO  server.RaftServerConfigKeys (ConfUtils.java:logGet(43)) - raft.server.retrycache.expirytime = 600000ms (custom)
2019-08-22 20:33:27,154 [pool-494-thread-1] INFO  impl.RaftServerImpl (RaftServerImpl.java:start(180)) - a6344601-8d29-48c8-ae6d-e0943ca3f389: start group-B7F8F62C1479
2019-08-22 20:33:27,154 [pool-494-thread-1] INFO  impl.RaftServerImpl (RaftServerImpl.java:setRole(171)) - a6344601-8d29-48c8-ae6d-e0943ca3f389:group-B7F8F62C1479 changes role from null to FOLLOWER at term 0 for startAsFollower
2019-08-22 20:33:27,154 [pool-494-thread-1] INFO  impl.RoleInfo (RoleInfo.java:updateAndGet(143)) - a6344601-8d29-48c8-ae6d-e0943ca3f389: start FollowerState
2019-08-22 20:33:27,155 [pool-494-thread-1] INFO  util.JmxRegister (JmxRegister.java:tryRegister(44)) - Successfully registered JMX Bean with object name Ratis:service=RaftServer,group=group-B7F8F62C1479,id=a6344601-8d29-48c8-ae6d-e0943ca3f389
2019-08-22 20:33:27,157 [RatisPipelineUtilsThread] INFO  pipeline.PipelineStateManager (PipelineStateManager.java:addPipeline(56)) - Created pipeline Pipeline[ Id: f7cdeac1-0106-4cfe-ac20-b7f8f62c1479, Nodes: a6344601-8d29-48c8-ae6d-e0943ca3f389{ip: 192.168.5.154, host: pr-hdds-1975-8q6qf-1339330341, networkLocation: /default-rack, certSerialId: null}, Type:RATIS, Factor:ONE, State:OPEN]
2019-08-22 20:33:27,169 [grpc-default-executor-11] INFO  impl.RaftServerProxy (RaftServerProxy.java:addNew(89)) - a6344601-8d29-48c8-ae6d-e0943ca3f389: addNew group-26C44D242AD3:[a6344601-8d29-48c8-ae6d-e0943ca3f389:192.168.5.154:32777, ccbe46ac-8be0-4969-adcf-2e9221e70c85:192.168.5.154:37473, b57f6041-151b-43d9-b1c6-c87944b8f8b5:192.168.5.154:44495] returns group-26C44D242AD3:java.util.concurrent.CompletableFuture@455e60da[Not completed]
2019-08-22 20:33:27,169 [grpc-default-executor-9] INFO  impl.RaftServerProxy (RaftServerProxy.java:addNew(89)) - b57f6041-151b-43d9-b1c6-c87944b8f8b5: addNew group-26C44D242AD3:[a6344601-8d29-48c8-ae6d-e0943ca3f389:192.168.5.154:32777, ccbe46ac-8be0-4969-adcf-2e9221e70c85:192.168.5.154:37473, b57f6041-151b-43d9-b1c6-c87944b8f8b5:192.168.5.154:44495] returns group-26C44D242AD3:java.util.concurrent.CompletableFuture@4e6b30e5[Not completed]
2019-08-22 20:33:27,169 [grpc-default-executor-10] INFO  impl.RaftServerProxy (RaftServerProxy.java:addNew(89)) - ccbe46ac-8be0-4969-adcf-2e9221e70c85: addNew group-26C44D242AD3:[a6344601-8d29-48c8-ae6d-e0943ca3f389:192.168.5.154:32777, ccbe46ac-8be0-4969-adcf-2e9221e70c85:192.168.5.154:37473, b57f6041-151b-43d9-b1c6-c87944b8f8b5:192.168.5.154:44495] returns group-26C44D242AD3:java.util.concurrent.CompletableFuture@4fd78698[Not completed]
2019-08-22 20:33:27,171 [pool-494-thread-1] INFO  impl.RaftServerImpl (RaftServerImpl.java:<init>(93)) - a6344601-8d29-48c8-ae6d-e0943ca3f389: new RaftServerImpl for group-26C44D242AD3:[a6344601-8d29-48c8-ae6d-e0943ca3f389:192.168.5.154:32777, ccbe46ac-8be0-4969-adcf-2e9221e70c85:192.168.5.154:37473, b57f6041-151b-43d9-b1c6-c87944b8f8b5:192.168.5.154:44495] with ContainerStateMachine:uninitialized
2019-08-22 20:33:27,171 [pool-494-thread-1] INFO  server.RaftServerConfigKeys (ConfUtils.java:logGet(43)) - raft.server.rpc.timeout.min = 5s (custom)
2019-08-22 20:33:27,171 [pool-494-thread-1] INFO  server.RaftServerConfigKeys (ConfUtils.java:logGet(43)) - raft.server.rpc.timeout.max = 5200ms (custom)
2019-08-22 20:33:27,171 [pool-494-thread-1] INFO  server.RaftServerConfigKeys (ConfUtils.java:logGet(43)) - raft.server.rpcslowness.timeout = 120s (custom)
2019-08-22 20:33:27,171 [pool-494-thread-1] INFO  server.RaftServerConfigKeys (ConfUtils.java:logGet(43)) - raft.server.sleep.deviation.threshold = 300 (default)
2019-08-22 20:33:27,171 [pool-483-thread-1] INFO  impl.RaftServerImpl (RaftServerImpl.java:<init>(93)) - b57f6041-151b-43d9-b1c6-c87944b8f8b5: new RaftServerImpl for group-26C44D242AD3:[a6344601-8d29-48c8-ae6d-e0943ca3f389:192.168.5.154:32777, ccbe46ac-8be0-4969-adcf-2e9221e70c85:192.168.5.154:37473, b57f6041-151b-43d9-b1c6-c87944b8f8b5:192.168.5.154:44495] with ContainerStateMachine:uninitialized
2019-08-22 20:33:27,171 [pool-494-thread-1] INFO  server.RaftServerConfigKeys (ConfUtils.java:logGet(43)) - raft.server.log.appender.install.snapshot.enabled = false (custom)
2019-08-22 20:33:27,172 [pool-483-thread-1] INFO  server.RaftServerConfigKeys (ConfUtils.java:logGet(43)) - raft.server.rpc.timeout.min = 5s (custom)
2019-08-22 20:33:27,172 [pool-494-thread-1] INFO  impl.RaftServerImpl (ServerState.java:<init>(105)) - a6344601-8d29-48c8-ae6d-e0943ca3f389:group-26C44D242AD3 ConfigurationManager, init=-1: [a6344601-8d29-48c8-ae6d-e0943ca3f389:192.168.5.154:32777, ccbe46ac-8be0-4969-adcf-2e9221e70c85:192.168.5.154:37473, b57f6041-151b-43d9-b1c6-c87944b8f8b5:192.168.5.154:44495], old=null, confs=<EMPTY_MAP>
2019-08-22 20:33:27,172 [pool-483-thread-1] INFO  server.RaftServerConfigKeys (ConfUtils.java:logGet(43)) - raft.server.rpc.timeout.max = 5200ms (custom)
2019-08-22 20:33:27,172 [pool-494-thread-1] INFO  server.RaftServerConfigKeys (ConfUtils.java:logGet(43)) - raft.server.storage.dir = [/workdir/hadoop-ozone/integration-test/target/test-dir/MiniOzoneClusterImpl-28bedab5-a7b6-4439-aa5a-0da14b59fc38/datanode-5/data/ratis] (custom)
2019-08-22 20:33:27,172 [pool-472-thread-1] INFO  impl.RaftServerImpl (RaftServerImpl.java:<init>(93)) - ccbe46ac-8be0-4969-adcf-2e9221e70c85: new RaftServerImpl for group-26C44D242AD3:[a6344601-8d29-48c8-ae6d-e0943ca3f389:192.168.5.154:32777, ccbe46ac-8be0-4969-adcf-2e9221e70c85:192.168.5.154:37473, b57f6041-151b-43d9-b1c6-c87944b8f8b5:192.168.5.154:44495] with ContainerStateMachine:uninitialized
2019-08-22 20:33:27,172 [pool-483-thread-1] INFO  server.RaftServerConfigKeys (ConfUtils.java:logGet(43)) - raft.server.rpcslowness.timeout = 120s (custom)
2019-08-22 20:33:27,173 [pool-494-thread-1] INFO  storage.RaftStorageDirectory (RaftStorageDirectory.java:analyzeStorage(246)) - The storage directory /workdir/hadoop-ozone/integration-test/target/test-dir/MiniOzoneClusterImpl-28bedab5-a7b6-4439-aa5a-0da14b59fc38/datanode-5/data/ratis/bb9083b3-f1e8-437c-a7dc-26c44d242ad3 does not exist. Creating ...
2019-08-22 20:33:27,172 [pool-472-thread-1] INFO  server.RaftServerConfigKeys (ConfUtils.java:logGet(43)) - raft.server.rpc.timeout.min = 5s (custom)
2019-08-22 20:33:27,173 [pool-483-thread-1] INFO  server.RaftServerConfigKeys (ConfUtils.java:logGet(43)) - raft.server.sleep.deviation.threshold = 300 (default)
2019-08-22 20:33:27,173 [pool-472-thread-1] INFO  server.RaftServerConfigKeys (ConfUtils.java:logGet(43)) - raft.server.rpc.timeout.max = 5200ms (custom)
2019-08-22 20:33:27,173 [pool-483-thread-1] INFO  server.RaftServerConfigKeys (ConfUtils.java:logGet(43)) - raft.server.log.appender.install.snapshot.enabled = false (custom)
2019-08-22 20:33:27,173 [pool-472-thread-1] INFO  server.RaftServerConfigKeys (ConfUtils.java:logGet(43)) - raft.server.rpcslowness.timeout = 120s (custom)
2019-08-22 20:33:27,173 [pool-483-thread-1] INFO  impl.RaftServerImpl (ServerState.java:<init>(105)) - b57f6041-151b-43d9-b1c6-c87944b8f8b5:group-26C44D242AD3 ConfigurationManager, init=-1: [a6344601-8d29-48c8-ae6d-e0943ca3f389:192.168.5.154:32777, ccbe46ac-8be0-4969-adcf-2e9221e70c85:192.168.5.154:37473, b57f6041-151b-43d9-b1c6-c87944b8f8b5:192.168.5.154:44495], old=null, confs=<EMPTY_MAP>
2019-08-22 20:33:27,173 [pool-472-thread-1] INFO  server.RaftServerConfigKeys (ConfUtils.java:logGet(43)) - raft.server.sleep.deviation.threshold = 300 (default)
2019-08-22 20:33:27,174 [pool-483-thread-1] INFO  server.RaftServerConfigKeys (ConfUtils.java:logGet(43)) - raft.server.storage.dir = [/workdir/hadoop-ozone/integration-test/target/test-dir/MiniOzoneClusterImpl-28bedab5-a7b6-4439-aa5a-0da14b59fc38/datanode-4/data/ratis] (custom)
2019-08-22 20:33:27,174 [pool-472-thread-1] INFO  server.RaftServerConfigKeys (ConfUtils.java:logGet(43)) - raft.server.log.appender.install.snapshot.enabled = false (custom)
2019-08-22 20:33:27,174 [pool-472-thread-1] INFO  impl.RaftServerImpl (ServerState.java:<init>(105)) - ccbe46ac-8be0-4969-adcf-2e9221e70c85:group-26C44D242AD3 ConfigurationManager, init=-1: [a6344601-8d29-48c8-ae6d-e0943ca3f389:192.168.5.154:32777, ccbe46ac-8be0-4969-adcf-2e9221e70c85:192.168.5.154:37473, b57f6041-151b-43d9-b1c6-c87944b8f8b5:192.168.5.154:44495], old=null, confs=<EMPTY_MAP>
2019-08-22 20:33:27,174 [pool-483-thread-1] INFO  storage.RaftStorageDirectory (RaftStorageDirectory.java:analyzeStorage(246)) - The storage directory /workdir/hadoop-ozone/integration-test/target/test-dir/MiniOzoneClusterImpl-28bedab5-a7b6-4439-aa5a-0da14b59fc38/datanode-4/data/ratis/bb9083b3-f1e8-437c-a7dc-26c44d242ad3 does not exist. Creating ...
2019-08-22 20:33:27,174 [pool-472-thread-1] INFO  server.RaftServerConfigKeys (ConfUtils.java:logGet(43)) - raft.server.storage.dir = [/workdir/hadoop-ozone/integration-test/target/test-dir/MiniOzoneClusterImpl-28bedab5-a7b6-4439-aa5a-0da14b59fc38/datanode-3/data/ratis] (custom)
2019-08-22 20:33:27,175 [pool-472-thread-1] INFO  storage.RaftStorageDirectory (RaftStorageDirectory.java:analyzeStorage(246)) - The storage directory /workdir/hadoop-ozone/integration-test/target/test-dir/MiniOzoneClusterImpl-28bedab5-a7b6-4439-aa5a-0da14b59fc38/datanode-3/data/ratis/bb9083b3-f1e8-437c-a7dc-26c44d242ad3 does not exist. Creating ...
2019-08-22 20:33:27,188 [pool-472-thread-1] INFO  storage.RaftStorageDirectory (RaftStorageDirectory.java:tryLock(328)) - Lock on /workdir/hadoop-ozone/integration-test/target/test-dir/MiniOzoneClusterImpl-28bedab5-a7b6-4439-aa5a-0da14b59fc38/datanode-3/data/ratis/bb9083b3-f1e8-437c-a7dc-26c44d242ad3/in_use.lock acquired by nodename 29244@pr-hdds-1975-8q6qf-1339330341
2019-08-22 20:33:27,188 [pool-494-thread-1] INFO  storage.RaftStorageDirectory (RaftStorageDirectory.java:tryLock(328)) - Lock on /workdir/hadoop-ozone/integration-test/target/test-dir/MiniOzoneClusterImpl-28bedab5-a7b6-4439-aa5a-0da14b59fc38/datanode-5/data/ratis/bb9083b3-f1e8-437c-a7dc-26c44d242ad3/in_use.lock acquired by nodename 29244@pr-hdds-1975-8q6qf-1339330341
2019-08-22 20:33:27,188 [pool-483-thread-1] INFO  storage.RaftStorageDirectory (RaftStorageDirectory.java:tryLock(328)) - Lock on /workdir/hadoop-ozone/integration-test/target/test-dir/MiniOzoneClusterImpl-28bedab5-a7b6-4439-aa5a-0da14b59fc38/datanode-4/data/ratis/bb9083b3-f1e8-437c-a7dc-26c44d242ad3/in_use.lock acquired by nodename 29244@pr-hdds-1975-8q6qf-1339330341
2019-08-22 20:33:27,214 [pool-483-thread-1] INFO  storage.RaftStorage (RaftStorage.java:format(72)) - Storage directory /workdir/hadoop-ozone/integration-test/target/test-dir/MiniOzoneClusterImpl-28bedab5-a7b6-4439-aa5a-0da14b59fc38/datanode-4/data/ratis/bb9083b3-f1e8-437c-a7dc-26c44d242ad3 has been successfully formatted.
2019-08-22 20:33:27,214 [pool-494-thread-1] INFO  storage.RaftStorage (RaftStorage.java:format(72)) - Storage directory /workdir/hadoop-ozone/integration-test/target/test-dir/MiniOzoneClusterImpl-28bedab5-a7b6-4439-aa5a-0da14b59fc38/datanode-5/data/ratis/bb9083b3-f1e8-437c-a7dc-26c44d242ad3 has been successfully formatted.
2019-08-22 20:33:27,214 [pool-483-thread-1] INFO  ratis.ContainerStateMachine (ContainerStateMachine.java:loadSnapshot(226)) - group-26C44D242AD3: The snapshot info is null. Setting the last applied indexto:(t:0, i:~)
2019-08-22 20:33:27,214 [pool-472-thread-1] INFO  storage.RaftStorage (RaftStorage.java:format(72)) - Storage directory /workdir/hadoop-ozone/integration-test/target/test-dir/MiniOzoneClusterImpl-28bedab5-a7b6-4439-aa5a-0da14b59fc38/datanode-3/data/ratis/bb9083b3-f1e8-437c-a7dc-26c44d242ad3 has been successfully formatted.
2019-08-22 20:33:27,214 [pool-483-thread-1] INFO  server.RaftServerConfigKeys (ConfUtils.java:logGet(43)) - raft.server.leader.election.timeout = 120s (custom)
2019-08-22 20:33:27,214 [pool-494-thread-1] INFO  ratis.ContainerStateMachine (ContainerStateMachine.java:loadSnapshot(226)) - group-26C44D242AD3: The snapshot info is null. Setting the last applied indexto:(t:0, i:~)
2019-08-22 20:33:27,214 [pool-472-thread-1] INFO  ratis.ContainerStateMachine (ContainerStateMachine.java:loadSnapshot(226)) - group-26C44D242AD3: The snapshot info is null. Setting the last applied indexto:(t:0, i:~)
2019-08-22 20:33:27,214 [pool-483-thread-1] INFO  server.RaftServerConfigKeys (ConfUtils.java:logGet(43)) - raft.server.log.use.memory = false (default)
2019-08-22 20:33:27,215 [pool-472-thread-1] INFO  server.RaftServerConfigKeys (ConfUtils.java:logGet(43)) - raft.server.leader.election.timeout = 120s (custom)
2019-08-22 20:33:27,215 [pool-472-thread-1] INFO  server.RaftServerConfigKeys (ConfUtils.java:logGet(43)) - raft.server.log.use.memory = false (default)
2019-08-22 20:33:27,215 [pool-494-thread-1] INFO  server.RaftServerConfigKeys (ConfUtils.java:logGet(43)) - raft.server.leader.election.timeout = 120s (custom)
2019-08-22 20:33:27,215 [pool-472-thread-1] INFO  server.RaftServerConfigKeys (ConfUtils.java:logGet(43)) - raft.server.log.purge.gap = 1000000 (custom)
2019-08-22 20:33:27,215 [pool-483-thread-1] INFO  server.RaftServerConfigKeys (ConfUtils.java:logGet(43)) - raft.server.log.purge.gap = 1000000 (custom)
2019-08-22 20:33:27,216 [pool-472-thread-1] INFO  server.RaftServerConfigKeys (ConfUtils.java:logGet(43)) - raft.server.log.appender.buffer.byte-limit = 33554432 (custom)
2019-08-22 20:33:27,216 [pool-494-thread-1] INFO  server.RaftServerConfigKeys (ConfUtils.java:logGet(43)) - raft.server.log.use.memory = false (default)
2019-08-22 20:33:27,216 [pool-472-thread-1] INFO  server.RaftServerConfigKeys (ConfUtils.java:logGet(43)) - raft.server.log.segment.size.max = 1048576 (custom)
2019-08-22 20:33:27,216 [pool-483-thread-1] INFO  server.RaftServerConfigKeys (ConfUtils.java:logGet(43)) - raft.server.log.appender.buffer.byte-limit = 33554432 (custom)
2019-08-22 20:33:27,216 [pool-472-thread-1] INFO  server.RaftServerConfigKeys (ConfUtils.java:logGet(43)) - raft.server.log.segment.cache.num.max = 2 (custom)
2019-08-22 20:33:27,216 [pool-494-thread-1] INFO  server.RaftServerConfigKeys (ConfUtils.java:logGet(43)) - raft.server.log.purge.gap = 1000000 (custom)
2019-08-22 20:33:27,217 [pool-472-thread-1] INFO  segmented.SegmentedRaftLogWorker (SegmentedRaftLogWorker.java:<init>(172)) - new ccbe46ac-8be0-4969-adcf-2e9221e70c85-SegmentedRaftLogWorker:Storage Directory /workdir/hadoop-ozone/integration-test/target/test-dir/MiniOzoneClusterImpl-28bedab5-a7b6-4439-aa5a-0da14b59fc38/datanode-3/data/ratis/bb9083b3-f1e8-437c-a7dc-26c44d242ad3 for RaftStorage:Storage Directory /workdir/hadoop-ozone/integration-test/target/test-dir/MiniOzoneClusterImpl-28bedab5-a7b6-4439-aa5a-0da14b59fc38/datanode-3/data/ratis/bb9083b3-f1e8-437c-a7dc-26c44d242ad3
2019-08-22 20:33:27,217 [pool-483-thread-1] INFO  server.RaftServerConfigKeys (ConfUtils.java:logGet(43)) - raft.server.log.segment.size.max = 1048576 (custom)
2019-08-22 20:33:27,217 [pool-472-thread-1] INFO  server.RaftServerConfigKeys (ConfUtils.java:logGet(43)) - raft.server.log.queue.byte-limit = 2147483647 (custom)
2019-08-22 20:33:27,217 [pool-494-thread-1] INFO  server.RaftServerConfigKeys (ConfUtils.java:logGet(43)) - raft.server.log.appender.buffer.byte-limit = 33554432 (custom)
2019-08-22 20:33:27,218 [pool-472-thread-1] INFO  server.RaftServerConfigKeys (ConfUtils.java:logGet(43)) - raft.server.log.queue.element-limit = 1024 (custom)
2019-08-22 20:33:27,217 [pool-483-thread-1] INFO  server.RaftServerConfigKeys (ConfUtils.java:logGet(43)) - raft.server.log.segment.cache.num.max = 2 (custom)
2019-08-22 20:33:27,218 [pool-472-thread-1] INFO  server.RaftServerConfigKeys (ConfUtils.java:logGet(43)) - raft.server.log.segment.size.max = 1048576 (custom)
2019-08-22 20:33:27,218 [pool-494-thread-1] INFO  server.RaftServerConfigKeys (ConfUtils.java:logGet(43)) - raft.server.log.segment.size.max = 1048576 (custom)
2019-08-22 20:33:27,218 [pool-472-thread-1] INFO  server.RaftServerConfigKeys (ConfUtils.java:logGet(43)) - raft.server.log.preallocated.size = 16384 (custom)
2019-08-22 20:33:27,219 [pool-472-thread-1] INFO  server.RaftServerConfigKeys (ConfUtils.java:logGet(43)) - raft.server.log.write.buffer.size = 33554432 (custom)
2019-08-22 20:33:27,218 [pool-483-thread-1] INFO  segmented.SegmentedRaftLogWorker (SegmentedRaftLogWorker.java:<init>(172)) - new b57f6041-151b-43d9-b1c6-c87944b8f8b5-SegmentedRaftLogWorker:Storage Directory /workdir/hadoop-ozone/integration-test/target/test-dir/MiniOzoneClusterImpl-28bedab5-a7b6-4439-aa5a-0da14b59fc38/datanode-4/data/ratis/bb9083b3-f1e8-437c-a7dc-26c44d242ad3 for RaftStorage:Storage Directory /workdir/hadoop-ozone/integration-test/target/test-dir/MiniOzoneClusterImpl-28bedab5-a7b6-4439-aa5a-0da14b59fc38/datanode-4/data/ratis/bb9083b3-f1e8-437c-a7dc-26c44d242ad3
2019-08-22 20:33:27,219 [pool-472-thread-1] INFO  server.RaftServerConfigKeys (ConfUtils.java:logGet(43)) - raft.server.log.force.sync.num = 128 (default)
2019-08-22 20:33:27,219 [pool-472-thread-1] INFO  server.RaftServerConfigKeys (ConfUtils.java:logGet(43)) - raft.server.log.statemachine.data.sync = true (default)
2019-08-22 20:33:27,218 [pool-494-thread-1] INFO  server.RaftServerConfigKeys (ConfUtils.java:logGet(43)) - raft.server.log.segment.cache.num.max = 2 (custom)
2019-08-22 20:33:27,219 [pool-472-thread-1] INFO  server.RaftServerConfigKeys (ConfUtils.java:logGet(43)) - raft.server.log.statemachine.data.sync.timeout = 10s (default)
2019-08-22 20:33:27,220 [pool-472-thread-1] INFO  server.RaftServerConfigKeys (ConfUtils.java:logGet(43)) - raft.server.log.statemachine.data.sync.timeout.retry = -1 (default)
2019-08-22 20:33:27,219 [pool-483-thread-1] INFO  server.RaftServerConfigKeys (ConfUtils.java:logGet(43)) - raft.server.log.queue.byte-limit = 2147483647 (custom)
2019-08-22 20:33:27,220 [pool-472-thread-1] INFO  server.RaftServerConfigKeys (ConfUtils.java:logGet(43)) - raft.server.log.statemachine.data.caching.enabled = true (custom)
2019-08-22 20:33:27,219 [pool-494-thread-1] INFO  segmented.SegmentedRaftLogWorker (SegmentedRaftLogWorker.java:<init>(172)) - new a6344601-8d29-48c8-ae6d-e0943ca3f389-SegmentedRaftLogWorker:Storage Directory /workdir/hadoop-ozone/integration-test/target/test-dir/MiniOzoneClusterImpl-28bedab5-a7b6-4439-aa5a-0da14b59fc38/datanode-5/data/ratis/bb9083b3-f1e8-437c-a7dc-26c44d242ad3 for RaftStorage:Storage Directory /workdir/hadoop-ozone/integration-test/target/test-dir/MiniOzoneClusterImpl-28bedab5-a7b6-4439-aa5a-0da14b59fc38/datanode-5/data/ratis/bb9083b3-f1e8-437c-a7dc-26c44d242ad3
2019-08-22 20:33:27,220 [pool-472-thread-1] INFO  segmented.SegmentedRaftLogWorker (SegmentedRaftLogWorker.java:lambda$new$0(132)) - ccbe46ac-8be0-4969-adcf-2e9221e70c85-SegmentedRaftLogWorker:Storage Directory /workdir/hadoop-ozone/integration-test/target/test-dir/MiniOzoneClusterImpl-28bedab5-a7b6-4439-aa5a-0da14b59fc38/datanode-3/data/ratis/bb9083b3-f1e8-437c-a7dc-26c44d242ad3: flushIndex: setUnconditionally 0 -> -1
2019-08-22 20:33:27,220 [pool-483-thread-1] INFO  server.RaftServerConfigKeys (ConfUtils.java:logGet(43)) - raft.server.log.queue.element-limit = 1024 (custom)
2019-08-22 20:33:27,220 [pool-494-thread-1] INFO  server.RaftServerConfigKeys (ConfUtils.java:logGet(43)) - raft.server.log.queue.byte-limit = 2147483647 (custom)
2019-08-22 20:33:27,221 [pool-472-thread-1] INFO  server.RaftServerConfigKeys (ConfUtils.java:logGet(43)) - raft.server.snapshot.auto.trigger.enabled = true (custom)
2019-08-22 20:33:27,221 [pool-483-thread-1] INFO  server.RaftServerConfigKeys (ConfUtils.java:logGet(43)) - raft.server.log.segment.size.max = 1048576 (custom)
2019-08-22 20:33:27,221 [pool-472-thread-1] INFO  server.RaftServerConfigKeys (ConfUtils.java:logGet(43)) - raft.server.snapshot.auto.trigger.threshold = 10000 (custom)
2019-08-22 20:33:27,221 [pool-494-thread-1] INFO  server.RaftServerConfigKeys (ConfUtils.java:logGet(43)) - raft.server.log.queue.element-limit = 1024 (custom)
2019-08-22 20:33:27,222 [pool-472-thread-1] INFO  server.RaftServerConfigKeys (ConfUtils.java:logGet(43)) - raft.server.retrycache.expirytime = 600000ms (custom)
2019-08-22 20:33:27,221 [pool-483-thread-1] INFO  server.RaftServerConfigKeys (ConfUtils.java:logGet(43)) - raft.server.log.preallocated.size = 16384 (custom)
2019-08-22 20:33:27,222 [pool-472-thread-1] INFO  impl.RaftServerImpl (RaftServerImpl.java:start(180)) - ccbe46ac-8be0-4969-adcf-2e9221e70c85: start group-26C44D242AD3
2019-08-22 20:33:27,222 [pool-494-thread-1] INFO  server.RaftServerConfigKeys (ConfUtils.java:logGet(43)) - raft.server.log.segment.size.max = 1048576 (custom)
2019-08-22 20:33:27,222 [pool-472-thread-1] INFO  impl.RaftServerImpl (RaftServerImpl.java:setRole(171)) - ccbe46ac-8be0-4969-adcf-2e9221e70c85:group-26C44D242AD3 changes role from null to FOLLOWER at term 0 for startAsFollower
2019-08-22 20:33:27,222 [pool-483-thread-1] INFO  server.RaftServerConfigKeys (ConfUtils.java:logGet(43)) - raft.server.log.write.buffer.size = 33554432 (custom)
2019-08-22 20:33:27,223 [pool-472-thread-1] INFO  impl.RoleInfo (RoleInfo.java:updateAndGet(143)) - ccbe46ac-8be0-4969-adcf-2e9221e70c85: start FollowerState
2019-08-22 20:33:27,222 [pool-494-thread-1] INFO  server.RaftServerConfigKeys (ConfUtils.java:logGet(43)) - raft.server.log.preallocated.size = 16384 (custom)
2019-08-22 20:33:27,223 [pool-483-thread-1] INFO  server.RaftServerConfigKeys (ConfUtils.java:logGet(43)) - raft.server.log.force.sync.num = 128 (default)
2019-08-22 20:33:27,223 [pool-472-thread-1] INFO  util.JmxRegister (JmxRegister.java:tryRegister(44)) - Successfully registered JMX Bean with object name Ratis:service=RaftServer,group=group-26C44D242AD3,id=ccbe46ac-8be0-4969-adcf-2e9221e70c85
2019-08-22 20:33:27,223 [pool-494-thread-1] INFO  server.RaftServerConfigKeys (ConfUtils.java:logGet(43)) - raft.server.log.write.buffer.size = 33554432 (custom)
2019-08-22 20:33:27,223 [pool-483-thread-1] INFO  server.RaftServerConfigKeys (ConfUtils.java:logGet(43)) - raft.server.log.statemachine.data.sync = true (default)
2019-08-22 20:33:27,224 [pool-483-thread-1] INFO  server.RaftServerConfigKeys (ConfUtils.java:logGet(43)) - raft.server.log.statemachine.data.sync.timeout = 10s (default)
2019-08-22 20:33:27,224 [pool-494-thread-1] INFO  server.RaftServerConfigKeys (ConfUtils.java:logGet(43)) - raft.server.log.force.sync.num = 128 (default)
2019-08-22 20:33:27,224 [pool-483-thread-1] INFO  server.RaftServerConfigKeys (ConfUtils.java:logGet(43)) - raft.server.log.statemachine.data.sync.timeout.retry = -1 (default)
2019-08-22 20:33:27,224 [pool-494-thread-1] INFO  server.RaftServerConfigKeys (ConfUtils.java:logGet(43)) - raft.server.log.statemachine.data.sync = true (default)
2019-08-22 20:33:27,224 [pool-483-thread-1] INFO  server.RaftServerConfigKeys (ConfUtils.java:logGet(43)) - raft.server.log.statemachine.data.caching.enabled = true (custom)
2019-08-22 20:33:27,225 [pool-494-thread-1] INFO  server.RaftServerConfigKeys (ConfUtils.java:logGet(43)) - raft.server.log.statemachine.data.sync.timeout = 10s (default)
2019-08-22 20:33:27,225 [pool-483-thread-1] INFO  segmented.SegmentedRaftLogWorker (SegmentedRaftLogWorker.java:lambda$new$0(132)) - b57f6041-151b-43d9-b1c6-c87944b8f8b5-SegmentedRaftLogWorker:Storage Directory /workdir/hadoop-ozone/integration-test/target/test-dir/MiniOzoneClusterImpl-28bedab5-a7b6-4439-aa5a-0da14b59fc38/datanode-4/data/ratis/bb9083b3-f1e8-437c-a7dc-26c44d242ad3: flushIndex: setUnconditionally 0 -> -1
2019-08-22 20:33:27,225 [pool-494-thread-1] INFO  server.RaftServerConfigKeys (ConfUtils.java:logGet(43)) - raft.server.log.statemachine.data.sync.timeout.retry = -1 (default)
2019-08-22 20:33:27,225 [pool-483-thread-1] INFO  server.RaftServerConfigKeys (ConfUtils.java:logGet(43)) - raft.server.snapshot.auto.trigger.enabled = true (custom)
2019-08-22 20:33:27,225 [pool-494-thread-1] INFO  server.RaftServerConfigKeys (ConfUtils.java:logGet(43)) - raft.server.log.statemachine.data.caching.enabled = true (custom)
2019-08-22 20:33:27,225 [pool-483-thread-1] INFO  server.RaftServerConfigKeys (ConfUtils.java:logGet(43)) - raft.server.snapshot.auto.trigger.threshold = 10000 (custom)
2019-08-22 20:33:27,226 [pool-483-thread-1] INFO  server.RaftServerConfigKeys (ConfUtils.java:logGet(43)) - raft.server.retrycache.expirytime = 600000ms (custom)
2019-08-22 20:33:27,226 [pool-494-thread-1] INFO  segmented.SegmentedRaftLogWorker (SegmentedRaftLogWorker.java:lambda$new$0(132)) - a6344601-8d29-48c8-ae6d-e0943ca3f389-SegmentedRaftLogWorker:Storage Directory /workdir/hadoop-ozone/integration-test/target/test-dir/MiniOzoneClusterImpl-28bedab5-a7b6-4439-aa5a-0da14b59fc38/datanode-5/data/ratis/bb9083b3-f1e8-437c-a7dc-26c44d242ad3: flushIndex: setUnconditionally 0 -> -1
2019-08-22 20:33:27,226 [pool-483-thread-1] INFO  impl.RaftServerImpl (RaftServerImpl.java:start(180)) - b57f6041-151b-43d9-b1c6-c87944b8f8b5: start group-26C44D242AD3
2019-08-22 20:33:27,226 [pool-483-thread-1] INFO  impl.RaftServerImpl (RaftServerImpl.java:setRole(171)) - b57f6041-151b-43d9-b1c6-c87944b8f8b5:group-26C44D242AD3 changes role from null to FOLLOWER at term 0 for startAsFollower
2019-08-22 20:33:27,226 [pool-494-thread-1] INFO  server.RaftServerConfigKeys (ConfUtils.java:logGet(43)) - raft.server.snapshot.auto.trigger.enabled = true (custom)
2019-08-22 20:33:27,226 [pool-483-thread-1] INFO  impl.RoleInfo (RoleInfo.java:updateAndGet(143)) - b57f6041-151b-43d9-b1c6-c87944b8f8b5: start FollowerState
2019-08-22 20:33:27,227 [pool-494-thread-1] INFO  server.RaftServerConfigKeys (ConfUtils.java:logGet(43)) - raft.server.snapshot.auto.trigger.threshold = 10000 (custom)
2019-08-22 20:33:27,227 [pool-494-thread-1] INFO  server.RaftServerConfigKeys (ConfUtils.java:logGet(43)) - raft.server.retrycache.expirytime = 600000ms (custom)
2019-08-22 20:33:27,227 [pool-483-thread-1] INFO  util.JmxRegister (JmxRegister.java:tryRegister(44)) - Successfully registered JMX Bean with object name Ratis:service=RaftServer,group=group-26C44D242AD3,id=b57f6041-151b-43d9-b1c6-c87944b8f8b5
2019-08-22 20:33:27,227 [pool-494-thread-1] INFO  impl.RaftServerImpl (RaftServerImpl.java:start(180)) - a6344601-8d29-48c8-ae6d-e0943ca3f389: start group-26C44D242AD3
2019-08-22 20:33:27,227 [pool-494-thread-1] INFO  impl.RaftServerImpl (RaftServerImpl.java:setRole(171)) - a6344601-8d29-48c8-ae6d-e0943ca3f389:group-26C44D242AD3 changes role from null to FOLLOWER at term 0 for startAsFollower
2019-08-22 20:33:27,228 [pool-494-thread-1] INFO  impl.RoleInfo (RoleInfo.java:updateAndGet(143)) - a6344601-8d29-48c8-ae6d-e0943ca3f389: start FollowerState
2019-08-22 20:33:27,228 [pool-494-thread-1] INFO  util.JmxRegister (JmxRegister.java:tryRegister(44)) - Successfully registered JMX Bean with object name Ratis:service=RaftServer,group=group-26C44D242AD3,id=a6344601-8d29-48c8-ae6d-e0943ca3f389
2019-08-22 20:33:27,231 [RatisPipelineUtilsThread] INFO  pipeline.PipelineStateManager (PipelineStateManager.java:addPipeline(56)) - Created pipeline Pipeline[ Id: bb9083b3-f1e8-437c-a7dc-26c44d242ad3, Nodes: ccbe46ac-8be0-4969-adcf-2e9221e70c85{ip: 192.168.5.154, host: pr-hdds-1975-8q6qf-1339330341, networkLocation: /default-rack, certSerialId: null}a6344601-8d29-48c8-ae6d-e0943ca3f389{ip: 192.168.5.154, host: pr-hdds-1975-8q6qf-1339330341, networkLocation: /default-rack, certSerialId: null}b57f6041-151b-43d9-b1c6-c87944b8f8b5{ip: 192.168.5.154, host: pr-hdds-1975-8q6qf-1339330341, networkLocation: /default-rack, certSerialId: null}, Type:RATIS, Factor:THREE, State:OPEN]
2019-08-22 20:33:27,295 [IPC Server handler 2 on 33988] INFO  net.NetworkTopology (NetworkTopologyImpl.java:add(110)) - Added a new node: /default-rack/e88b764d-cc09-4ebb-b6a7-9b0a83937be8
2019-08-22 20:33:27,295 [main] INFO  ozone.MiniOzoneClusterImpl (MiniOzoneClusterImpl.java:lambda$waitForClusterToBeReady$0(142)) - Cluster is ready. Got 7 of 7 DN Heartbeats.
2019-08-22 20:33:27,295 [IPC Server handler 2 on 33988] INFO  node.SCMNodeManager (SCMNodeManager.java:register(273)) - Registered Data node : e88b764d-cc09-4ebb-b6a7-9b0a83937be8{ip: 192.168.5.154, host: pr-hdds-1975-8q6qf-1339330341, networkLocation: /default-rack, certSerialId: null}
2019-08-22 20:33:27,296 | INFO  | SCMAudit | user=jenkins1000 | ip=192.168.5.154 | op=REGISTER {datanodeDetails=e88b764d-cc09-4ebb-b6a7-9b0a83937be8{ip: 192.168.5.154, host: pr-hdds-1975-8q6qf-1339330341, networkLocation: /default-rack, certSerialId: null}} | ret=SUCCESS |  
2019-08-22 20:33:27,311 [grpc-default-executor-10] INFO  impl.RaftServerProxy (RaftServerProxy.java:addNew(89)) - e88b764d-cc09-4ebb-b6a7-9b0a83937be8: addNew group-5A29B531B60D:[e88b764d-cc09-4ebb-b6a7-9b0a83937be8:192.168.5.154:36121] returns group-5A29B531B60D:java.util.concurrent.CompletableFuture@285ee629[Not completed]
2019-08-22 20:33:27,314 [pool-505-thread-1] INFO  impl.RaftServerImpl (RaftServerImpl.java:<init>(93)) - e88b764d-cc09-4ebb-b6a7-9b0a83937be8: new RaftServerImpl for group-5A29B531B60D:[e88b764d-cc09-4ebb-b6a7-9b0a83937be8:192.168.5.154:36121] with ContainerStateMachine:uninitialized
2019-08-22 20:33:27,314 [pool-505-thread-1] INFO  server.RaftServerConfigKeys (ConfUtils.java:logGet(43)) - raft.server.rpc.timeout.min = 5s (custom)
2019-08-22 20:33:27,314 [pool-505-thread-1] INFO  server.RaftServerConfigKeys (ConfUtils.java:logGet(43)) - raft.server.rpc.timeout.max = 5200ms (custom)
2019-08-22 20:33:27,315 [pool-505-thread-1] INFO  server.RaftServerConfigKeys (ConfUtils.java:logGet(43)) - raft.server.rpcslowness.timeout = 120s (custom)
2019-08-22 20:33:27,315 [pool-505-thread-1] INFO  server.RaftServerConfigKeys (ConfUtils.java:logGet(43)) - raft.server.sleep.deviation.threshold = 300 (default)
2019-08-22 20:33:27,315 [pool-505-thread-1] INFO  server.RaftServerConfigKeys (ConfUtils.java:logGet(43)) - raft.server.log.appender.install.snapshot.enabled = false (custom)
2019-08-22 20:33:27,315 [pool-505-thread-1] INFO  impl.RaftServerImpl (ServerState.java:<init>(105)) - e88b764d-cc09-4ebb-b6a7-9b0a83937be8:group-5A29B531B60D ConfigurationManager, init=-1: [e88b764d-cc09-4ebb-b6a7-9b0a83937be8:192.168.5.154:36121], old=null, confs=<EMPTY_MAP>
2019-08-22 20:33:27,320 [pool-505-thread-1] INFO  server.RaftServerConfigKeys (ConfUtils.java:logGet(43)) - raft.server.storage.dir = [/workdir/hadoop-ozone/integration-test/target/test-dir/MiniOzoneClusterImpl-28bedab5-a7b6-4439-aa5a-0da14b59fc38/datanode-6/data/ratis] (custom)
2019-08-22 20:33:27,329 [pool-505-thread-1] INFO  storage.RaftStorageDirectory (RaftStorageDirectory.java:analyzeStorage(246)) - The storage directory /workdir/hadoop-ozone/integration-test/target/test-dir/MiniOzoneClusterImpl-28bedab5-a7b6-4439-aa5a-0da14b59fc38/datanode-6/data/ratis/9c2383e0-b030-424d-97ca-5a29b531b60d does not exist. Creating ...
2019-08-22 20:33:27,332 [main] INFO  rpc.RpcClient (RpcClient.java:createVolume(293)) - Creating Volume: testblockoutputstream, with jenkins1000 as owner.
2019-08-22 20:33:27,335 | INFO  | OMAudit | user=jenkins1000 | ip=127.0.0.1 | op=CREATE_VOLUME {admin=jenkins1000, owner=jenkins1000, volume=testblockoutputstream, creationTime=1566506007335, quotaInBytes=1152921504606846976} | ret=SUCCESS |  
2019-08-22 20:33:27,347 | INFO  | OMAudit | user=jenkins1000 | ip=127.0.0.1 | op=READ_VOLUME {volume=testblockoutputstream} | ret=SUCCESS |  
2019-08-22 20:33:27,348 [main] INFO  rpc.RpcClient (RpcClient.java:createBucket(432)) - Creating Bucket: testblockoutputstream/testblockoutputstream, with Versioning false and Storage Type set to DISK and Encryption set to false 
2019-08-22 20:33:27,352 | INFO  | OMAudit | user=jenkins1000 | ip=127.0.0.1 | op=CREATE_BUCKET {volume=testblockoutputstream, bucket=testblockoutputstream, acls=[user:jenkins1000:a[ACCESS], group:default:a[ACCESS]], isVersionEnabled=false, storageType=DISK, creationTime=0} | ret=SUCCESS |  
2019-08-22 20:33:27,354 | INFO  | OMAudit | user=jenkins1000 | ip=127.0.0.1 | op=READ_VOLUME {volume=testblockoutputstream} | ret=SUCCESS |  
2019-08-22 20:33:27,354 [pool-505-thread-1] INFO  storage.RaftStorageDirectory (RaftStorageDirectory.java:tryLock(328)) - Lock on /workdir/hadoop-ozone/integration-test/target/test-dir/MiniOzoneClusterImpl-28bedab5-a7b6-4439-aa5a-0da14b59fc38/datanode-6/data/ratis/9c2383e0-b030-424d-97ca-5a29b531b60d/in_use.lock acquired by nodename 29244@pr-hdds-1975-8q6qf-1339330341
2019-08-22 20:33:27,356 | INFO  | OMAudit | user=jenkins1000 | ip=127.0.0.1 | op=READ_BUCKET {volume=testblockoutputstream, bucket=testblockoutputstream} | ret=SUCCESS |  
2019-08-22 20:33:27,367 [pool-505-thread-1] INFO  storage.RaftStorage (RaftStorage.java:format(72)) - Storage directory /workdir/hadoop-ozone/integration-test/target/test-dir/MiniOzoneClusterImpl-28bedab5-a7b6-4439-aa5a-0da14b59fc38/datanode-6/data/ratis/9c2383e0-b030-424d-97ca-5a29b531b60d has been successfully formatted.
2019-08-22 20:33:27,367 [pool-505-thread-1] INFO  ratis.ContainerStateMachine (ContainerStateMachine.java:loadSnapshot(226)) - group-5A29B531B60D: The snapshot info is null. Setting the last applied indexto:(t:0, i:~)
2019-08-22 20:33:27,367 [pool-505-thread-1] INFO  server.RaftServerConfigKeys (ConfUtils.java:logGet(43)) - raft.server.leader.election.timeout = 120s (custom)
2019-08-22 20:33:27,367 [pool-505-thread-1] INFO  server.RaftServerConfigKeys (ConfUtils.java:logGet(43)) - raft.server.log.use.memory = false (default)
2019-08-22 20:33:27,368 [pool-505-thread-1] INFO  server.RaftServerConfigKeys (ConfUtils.java:logGet(43)) - raft.server.log.purge.gap = 1000000 (custom)
2019-08-22 20:33:27,368 [pool-505-thread-1] INFO  server.RaftServerConfigKeys (ConfUtils.java:logGet(43)) - raft.server.log.appender.buffer.byte-limit = 33554432 (custom)
2019-08-22 20:33:27,368 [pool-505-thread-1] INFO  server.RaftServerConfigKeys (ConfUtils.java:logGet(43)) - raft.server.log.segment.size.max = 1048576 (custom)
2019-08-22 20:33:27,368 [pool-505-thread-1] INFO  server.RaftServerConfigKeys (ConfUtils.java:logGet(43)) - raft.server.log.segment.cache.num.max = 2 (custom)
2019-08-22 20:33:27,368 [pool-505-thread-1] INFO  segmented.SegmentedRaftLogWorker (SegmentedRaftLogWorker.java:<init>(172)) - new e88b764d-cc09-4ebb-b6a7-9b0a83937be8-SegmentedRaftLogWorker:Storage Directory /workdir/hadoop-ozone/integration-test/target/test-dir/MiniOzoneClusterImpl-28bedab5-a7b6-4439-aa5a-0da14b59fc38/datanode-6/data/ratis/9c2383e0-b030-424d-97ca-5a29b531b60d for RaftStorage:Storage Directory /workdir/hadoop-ozone/integration-test/target/test-dir/MiniOzoneClusterImpl-28bedab5-a7b6-4439-aa5a-0da14b59fc38/datanode-6/data/ratis/9c2383e0-b030-424d-97ca-5a29b531b60d
2019-08-22 20:33:27,368 [pool-505-thread-1] INFO  server.RaftServerConfigKeys (ConfUtils.java:logGet(43)) - raft.server.log.queue.byte-limit = 2147483647 (custom)
2019-08-22 20:33:27,369 [pool-505-thread-1] INFO  server.RaftServerConfigKeys (ConfUtils.java:logGet(43)) - raft.server.log.queue.element-limit = 1024 (custom)
2019-08-22 20:33:27,369 [pool-505-thread-1] INFO  server.RaftServerConfigKeys (ConfUtils.java:logGet(43)) - raft.server.log.segment.size.max = 1048576 (custom)
2019-08-22 20:33:27,369 [pool-505-thread-1] INFO  server.RaftServerConfigKeys (ConfUtils.java:logGet(43)) - raft.server.log.preallocated.size = 16384 (custom)
2019-08-22 20:33:27,369 [pool-505-thread-1] INFO  server.RaftServerConfigKeys (ConfUtils.java:logGet(43)) - raft.server.log.write.buffer.size = 33554432 (custom)
2019-08-22 20:33:27,369 [pool-505-thread-1] INFO  server.RaftServerConfigKeys (ConfUtils.java:logGet(43)) - raft.server.log.force.sync.num = 128 (default)
2019-08-22 20:33:27,369 [pool-505-thread-1] INFO  server.RaftServerConfigKeys (ConfUtils.java:logGet(43)) - raft.server.log.statemachine.data.sync = true (default)
2019-08-22 20:33:27,370 [pool-505-thread-1] INFO  server.RaftServerConfigKeys (ConfUtils.java:logGet(43)) - raft.server.log.statemachine.data.sync.timeout = 10s (default)
2019-08-22 20:33:27,370 [pool-505-thread-1] INFO  server.RaftServerConfigKeys (ConfUtils.java:logGet(43)) - raft.server.log.statemachine.data.sync.timeout.retry = -1 (default)
2019-08-22 20:33:27,370 [pool-505-thread-1] INFO  server.RaftServerConfigKeys (ConfUtils.java:logGet(43)) - raft.server.log.statemachine.data.caching.enabled = true (custom)
2019-08-22 20:33:27,370 [pool-505-thread-1] INFO  segmented.SegmentedRaftLogWorker (SegmentedRaftLogWorker.java:lambda$new$0(132)) - e88b764d-cc09-4ebb-b6a7-9b0a83937be8-SegmentedRaftLogWorker:Storage Directory /workdir/hadoop-ozone/integration-test/target/test-dir/MiniOzoneClusterImpl-28bedab5-a7b6-4439-aa5a-0da14b59fc38/datanode-6/data/ratis/9c2383e0-b030-424d-97ca-5a29b531b60d: flushIndex: setUnconditionally 0 -> -1
2019-08-22 20:33:27,371 [pool-505-thread-1] INFO  server.RaftServerConfigKeys (ConfUtils.java:logGet(43)) - raft.server.snapshot.auto.trigger.enabled = true (custom)
2019-08-22 20:33:27,371 [pool-505-thread-1] INFO  server.RaftServerConfigKeys (ConfUtils.java:logGet(43)) - raft.server.snapshot.auto.trigger.threshold = 10000 (custom)
2019-08-22 20:33:27,371 [pool-505-thread-1] INFO  server.RaftServerConfigKeys (ConfUtils.java:logGet(43)) - raft.server.retrycache.expirytime = 600000ms (custom)
2019-08-22 20:33:27,371 [pool-505-thread-1] INFO  impl.RaftServerImpl (RaftServerImpl.java:start(180)) - e88b764d-cc09-4ebb-b6a7-9b0a83937be8: start group-5A29B531B60D
2019-08-22 20:33:27,371 [pool-505-thread-1] INFO  impl.RaftServerImpl (RaftServerImpl.java:setRole(171)) - e88b764d-cc09-4ebb-b6a7-9b0a83937be8:group-5A29B531B60D changes role from null to FOLLOWER at term 0 for startAsFollower
2019-08-22 20:33:27,371 [pool-505-thread-1] INFO  impl.RoleInfo (RoleInfo.java:updateAndGet(143)) - e88b764d-cc09-4ebb-b6a7-9b0a83937be8: start FollowerState
2019-08-22 20:33:27,372 [pool-505-thread-1] INFO  util.JmxRegister (JmxRegister.java:tryRegister(44)) - Successfully registered JMX Bean with object name Ratis:service=RaftServer,group=group-5A29B531B60D,id=e88b764d-cc09-4ebb-b6a7-9b0a83937be8
2019-08-22 20:33:27,374 [RatisPipelineUtilsThread] INFO  pipeline.PipelineStateManager (PipelineStateManager.java:addPipeline(56)) - Created pipeline Pipeline[ Id: 9c2383e0-b030-424d-97ca-5a29b531b60d, Nodes: e88b764d-cc09-4ebb-b6a7-9b0a83937be8{ip: 192.168.5.154, host: pr-hdds-1975-8q6qf-1339330341, networkLocation: /default-rack, certSerialId: null}, Type:RATIS, Factor:ONE, State:OPEN]
2019-08-22 20:33:27,376 | INFO  | SCMAudit | user=jenkins1000 | ip=192.168.5.154 | op=ALLOCATE_BLOCK {owner=b56244d5-4709-4df1-bba2-bb657e6030e8, size=800, type=RATIS, factor=THREE} | ret=SUCCESS |  
2019-08-22 20:33:27,380 | INFO  | OMAudit | user=jenkins1000 | ip=127.0.0.1 | op=ALLOCATE_KEY {volume=testblockoutputstream, bucket=testblockoutputstream, key=ebc0a2a7-6916-4e1d-bdf2-73286f91a9ad, dataSize=0, replicationType=RATIS, replicationFactor=THREE, keyLocationInfo=null} | ret=SUCCESS |  
2019-08-22 20:33:27,392 [grpc-default-executor-10] INFO  client.GrpcClientProtocolClient (GrpcClientProtocolClient.java:onNext(255)) - client-8CEA2D754DC4->2daced53-459d-4517-a1dc-5ae4d7d13a80: receive RaftClientReply:client-8CEA2D754DC4->2daced53-459d-4517-a1dc-5ae4d7d13a80@group-7C12ADBC7497, cid=175, FAILED org.apache.ratis.protocol.NotLeaderException: Server 2daced53-459d-4517-a1dc-5ae4d7d13a80 is not the leader (null). Request must be sent to leader., logIndex=0, commits[2daced53-459d-4517-a1dc-5ae4d7d13a80:c-1]
2019-08-22 20:33:27,893 | INFO  | SCMAudit | user=jenkins1000 | ip=192.168.5.154 | op=SEND_HEARTBEAT {datanodeUUID=2daced53-459d-4517-a1dc-5ae4d7d13a80, command=[]} | ret=SUCCESS |  
2019-08-22 20:33:28,084 | INFO  | SCMAudit | user=jenkins1000 | ip=192.168.5.154 | op=SEND_HEARTBEAT {datanodeUUID=51076ca9-787f-4a25-b78d-948736530192, command=[]} | ret=SUCCESS |  
2019-08-22 20:33:28,280 | INFO  | SCMAudit | user=jenkins1000 | ip=192.168.5.154 | op=SEND_HEARTBEAT {datanodeUUID=f0f4ed96-5399-4dd5-ad99-791f6ec54833, command=[]} | ret=SUCCESS |  
2019-08-22 20:33:28,408 [grpc-default-executor-10] INFO  client.GrpcClientProtocolClient (GrpcClientProtocolClient.java:onNext(255)) - client-8CEA2D754DC4->f0f4ed96-5399-4dd5-ad99-791f6ec54833: receive RaftClientReply:client-8CEA2D754DC4->f0f4ed96-5399-4dd5-ad99-791f6ec54833@group-7C12ADBC7497, cid=175, FAILED org.apache.ratis.protocol.NotLeaderException: Server f0f4ed96-5399-4dd5-ad99-791f6ec54833 is not the leader (null). Request must be sent to leader., logIndex=0, commits[f0f4ed96-5399-4dd5-ad99-791f6ec54833:c-1]
2019-08-22 20:33:28,719 | INFO  | SCMAudit | user=jenkins1000 | ip=192.168.5.154 | op=SEND_HEARTBEAT {datanodeUUID=ccbe46ac-8be0-4969-adcf-2e9221e70c85, command=[]} | ret=SUCCESS |  
2019-08-22 20:33:28,894 | INFO  | SCMAudit | user=jenkins1000 | ip=192.168.5.154 | op=SEND_HEARTBEAT {datanodeUUID=2daced53-459d-4517-a1dc-5ae4d7d13a80, command=[]} | ret=SUCCESS |  
2019-08-22 20:33:28,906 [Thread-3315] INFO  container.ReplicationManager (ReplicationManager.java:start(152)) - Starting Replication Monitor Thread.
2019-08-22 20:33:28,910 [ReplicationMonitor] INFO  container.ReplicationManager (ReplicationManager.java:run(215)) - Replication Monitor Thread took 0 milliseconds for processing 1 containers.
2019-08-22 20:33:28,923 | INFO  | SCMAudit | user=jenkins1000 | ip=192.168.5.154 | op=SEND_HEARTBEAT {datanodeUUID=b57f6041-151b-43d9-b1c6-c87944b8f8b5, command=[]} | ret=SUCCESS |  
2019-08-22 20:33:29,085 | INFO  | SCMAudit | user=jenkins1000 | ip=192.168.5.154 | op=SEND_HEARTBEAT {datanodeUUID=51076ca9-787f-4a25-b78d-948736530192, command=[]} | ret=SUCCESS |  
2019-08-22 20:33:29,108 | INFO  | SCMAudit | user=jenkins1000 | ip=192.168.5.154 | op=SEND_HEARTBEAT {datanodeUUID=a6344601-8d29-48c8-ae6d-e0943ca3f389, command=[]} | ret=SUCCESS |  
2019-08-22 20:33:29,280 | INFO  | SCMAudit | user=jenkins1000 | ip=192.168.5.154 | op=SEND_HEARTBEAT {datanodeUUID=f0f4ed96-5399-4dd5-ad99-791f6ec54833, command=[]} | ret=SUCCESS |  
2019-08-22 20:33:29,295 | INFO  | SCMAudit | user=jenkins1000 | ip=192.168.5.154 | op=SEND_HEARTBEAT {datanodeUUID=e88b764d-cc09-4ebb-b6a7-9b0a83937be8, command=[]} | ret=SUCCESS |  
2019-08-22 20:33:29,420 [grpc-default-executor-9] INFO  client.GrpcClientProtocolClient (GrpcClientProtocolClient.java:onNext(255)) - client-8CEA2D754DC4->51076ca9-787f-4a25-b78d-948736530192: receive RaftClientReply:client-8CEA2D754DC4->51076ca9-787f-4a25-b78d-948736530192@group-7C12ADBC7497, cid=175, FAILED org.apache.ratis.protocol.NotLeaderException: Server 51076ca9-787f-4a25-b78d-948736530192 is not the leader (null). Request must be sent to leader., logIndex=0, commits[51076ca9-787f-4a25-b78d-948736530192:c-1]
2019-08-22 20:33:29,719 | INFO  | SCMAudit | user=jenkins1000 | ip=192.168.5.154 | op=SEND_HEARTBEAT {datanodeUUID=ccbe46ac-8be0-4969-adcf-2e9221e70c85, command=[]} | ret=SUCCESS |  
2019-08-22 20:33:29,894 | INFO  | SCMAudit | user=jenkins1000 | ip=192.168.5.154 | op=SEND_HEARTBEAT {datanodeUUID=2daced53-459d-4517-a1dc-5ae4d7d13a80, command=[]} | ret=SUCCESS |  
2019-08-22 20:33:29,923 | INFO  | SCMAudit | user=jenkins1000 | ip=192.168.5.154 | op=SEND_HEARTBEAT {datanodeUUID=b57f6041-151b-43d9-b1c6-c87944b8f8b5, command=[]} | ret=SUCCESS |  
2019-08-22 20:33:30,084 | INFO  | SCMAudit | user=jenkins1000 | ip=192.168.5.154 | op=SEND_HEARTBEAT {datanodeUUID=51076ca9-787f-4a25-b78d-948736530192, command=[]} | ret=SUCCESS |  
2019-08-22 20:33:30,108 | INFO  | SCMAudit | user=jenkins1000 | ip=192.168.5.154 | op=SEND_HEARTBEAT {datanodeUUID=a6344601-8d29-48c8-ae6d-e0943ca3f389, command=[]} | ret=SUCCESS |  
2019-08-22 20:33:30,280 | INFO  | SCMAudit | user=jenkins1000 | ip=192.168.5.154 | op=SEND_HEARTBEAT {datanodeUUID=f0f4ed96-5399-4dd5-ad99-791f6ec54833, command=[]} | ret=SUCCESS |  
2019-08-22 20:33:30,296 | INFO  | SCMAudit | user=jenkins1000 | ip=192.168.5.154 | op=SEND_HEARTBEAT {datanodeUUID=e88b764d-cc09-4ebb-b6a7-9b0a83937be8, command=[]} | ret=SUCCESS |  
2019-08-22 20:33:30,430 [grpc-default-executor-11] INFO  client.GrpcClientProtocolClient (GrpcClientProtocolClient.java:onNext(255)) - client-8CEA2D754DC4->f0f4ed96-5399-4dd5-ad99-791f6ec54833: receive RaftClientReply:client-8CEA2D754DC4->f0f4ed96-5399-4dd5-ad99-791f6ec54833@group-7C12ADBC7497, cid=175, FAILED org.apache.ratis.protocol.NotLeaderException: Server f0f4ed96-5399-4dd5-ad99-791f6ec54833 is not the leader (null). Request must be sent to leader., logIndex=0, commits[f0f4ed96-5399-4dd5-ad99-791f6ec54833:c-1]
2019-08-22 20:33:30,719 | INFO  | SCMAudit | user=jenkins1000 | ip=192.168.5.154 | op=SEND_HEARTBEAT {datanodeUUID=ccbe46ac-8be0-4969-adcf-2e9221e70c85, command=[]} | ret=SUCCESS |  
2019-08-22 20:33:30,894 | INFO  | SCMAudit | user=jenkins1000 | ip=192.168.5.154 | op=SEND_HEARTBEAT {datanodeUUID=2daced53-459d-4517-a1dc-5ae4d7d13a80, command=[]} | ret=SUCCESS |  
2019-08-22 20:33:30,923 | INFO  | SCMAudit | user=jenkins1000 | ip=192.168.5.154 | op=SEND_HEARTBEAT {datanodeUUID=b57f6041-151b-43d9-b1c6-c87944b8f8b5, command=[]} | ret=SUCCESS |  
2019-08-22 20:33:31,084 | INFO  | SCMAudit | user=jenkins1000 | ip=192.168.5.154 | op=SEND_HEARTBEAT {datanodeUUID=51076ca9-787f-4a25-b78d-948736530192, command=[]} | ret=SUCCESS |  
2019-08-22 20:33:31,108 | INFO  | SCMAudit | user=jenkins1000 | ip=192.168.5.154 | op=SEND_HEARTBEAT {datanodeUUID=a6344601-8d29-48c8-ae6d-e0943ca3f389, command=[]} | ret=SUCCESS |  
2019-08-22 20:33:31,127 [Thread-3317] INFO  impl.FollowerState (FollowerState.java:run(106)) - 2daced53-459d-4517-a1dc-5ae4d7d13a80:group-50A2E6F1EB65 changes to CANDIDATE, lastRpcTime:5161, electionTimeout:5161ms
2019-08-22 20:33:31,127 [Thread-3317] INFO  impl.RoleInfo (RoleInfo.java:shutdownFollowerState(121)) - 2daced53-459d-4517-a1dc-5ae4d7d13a80: shutdown FollowerState
2019-08-22 20:33:31,127 [Thread-3317] INFO  impl.RaftServerImpl (RaftServerImpl.java:setRole(171)) - 2daced53-459d-4517-a1dc-5ae4d7d13a80:group-50A2E6F1EB65 changes role from FOLLOWER to CANDIDATE at term 0 for changeToCandidate
2019-08-22 20:33:31,128 [Thread-3317] INFO  impl.RoleInfo (RoleInfo.java:updateAndGet(143)) - 2daced53-459d-4517-a1dc-5ae4d7d13a80: start LeaderElection
2019-08-22 20:33:31,166 [Thread-3320] INFO  impl.FollowerState (FollowerState.java:run(106)) - 51076ca9-787f-4a25-b78d-948736530192:group-219D34338B1B changes to CANDIDATE, lastRpcTime:5028, electionTimeout:5028ms
2019-08-22 20:33:31,166 [Thread-3320] INFO  impl.RoleInfo (RoleInfo.java:shutdownFollowerState(121)) - 51076ca9-787f-4a25-b78d-948736530192: shutdown FollowerState
2019-08-22 20:33:31,166 [Thread-3320] INFO  impl.RaftServerImpl (RaftServerImpl.java:setRole(171)) - 51076ca9-787f-4a25-b78d-948736530192:group-219D34338B1B changes role from FOLLOWER to CANDIDATE at term 0 for changeToCandidate
2019-08-22 20:33:31,166 [Thread-3320] INFO  impl.RoleInfo (RoleInfo.java:updateAndGet(143)) - 51076ca9-787f-4a25-b78d-948736530192: start LeaderElection
2019-08-22 20:33:31,173 [2daced53-459d-4517-a1dc-5ae4d7d13a80:group-50A2E6F1EB65:LeaderElection58] INFO  impl.LeaderElection (LeaderElection.java:askForVotes(181)) - 2daced53-459d-4517-a1dc-5ae4d7d13a80:group-50A2E6F1EB65:LeaderElection58: begin an election at term 1 for -1: [2daced53-459d-4517-a1dc-5ae4d7d13a80:192.168.5.154:44688], old=null
2019-08-22 20:33:31,173 [2daced53-459d-4517-a1dc-5ae4d7d13a80:group-50A2E6F1EB65:LeaderElection58] INFO  impl.RoleInfo (RoleInfo.java:shutdownLeaderElection(134)) - 2daced53-459d-4517-a1dc-5ae4d7d13a80: shutdown LeaderElection
2019-08-22 20:33:31,174 [2daced53-459d-4517-a1dc-5ae4d7d13a80:group-50A2E6F1EB65:LeaderElection58] INFO  impl.RaftServerImpl (RaftServerImpl.java:setRole(171)) - 2daced53-459d-4517-a1dc-5ae4d7d13a80:group-50A2E6F1EB65 changes role from CANDIDATE to LEADER at term 1 for changeToLeader
2019-08-22 20:33:31,174 [2daced53-459d-4517-a1dc-5ae4d7d13a80:group-50A2E6F1EB65:LeaderElection58] INFO  impl.RaftServerImpl (ServerState.java:setLeader(263)) - 2daced53-459d-4517-a1dc-5ae4d7d13a80:group-50A2E6F1EB65 change Leader from null to 2daced53-459d-4517-a1dc-5ae4d7d13a80 at term 1 for becomeLeader, leader elected after 5214ms
2019-08-22 20:33:31,174 [2daced53-459d-4517-a1dc-5ae4d7d13a80:group-50A2E6F1EB65:LeaderElection58] INFO  server.RaftServerConfigKeys (ConfUtils.java:logGet(43)) - raft.server.staging.catchup.gap = 1000 (default)
2019-08-22 20:33:31,174 [2daced53-459d-4517-a1dc-5ae4d7d13a80:group-50A2E6F1EB65:LeaderElection58] INFO  server.RaftServerConfigKeys (ConfUtils.java:logGet(43)) - raft.server.rpc.sleep.time = 25ms (default)
2019-08-22 20:33:31,174 [2daced53-459d-4517-a1dc-5ae4d7d13a80:group-50A2E6F1EB65:LeaderElection58] INFO  server.RaftServerConfigKeys (ConfUtils.java:logGet(43)) - raft.server.write.element-limit = 4096 (default)
2019-08-22 20:33:31,175 [2daced53-459d-4517-a1dc-5ae4d7d13a80:group-50A2E6F1EB65:LeaderElection58] INFO  server.RaftServerConfigKeys (ConfUtils.java:logGet(43)) - raft.server.watch.timeout = 10s (default)
2019-08-22 20:33:31,175 [2daced53-459d-4517-a1dc-5ae4d7d13a80:group-50A2E6F1EB65:LeaderElection58] INFO  server.RaftServerConfigKeys (ConfUtils.java:logGet(43)) - raft.server.watch.timeout.denomination = 1s (default)
2019-08-22 20:33:31,175 [2daced53-459d-4517-a1dc-5ae4d7d13a80:group-50A2E6F1EB65:LeaderElection58] INFO  server.RaftServerConfigKeys (ConfUtils.java:logGet(43)) - raft.server.watch.element-limit = 65536 (default)
2019-08-22 20:33:31,175 [51076ca9-787f-4a25-b78d-948736530192:group-219D34338B1B:LeaderElection59] INFO  impl.LeaderElection (LeaderElection.java:askForVotes(181)) - 51076ca9-787f-4a25-b78d-948736530192:group-219D34338B1B:LeaderElection59: begin an election at term 1 for -1: [51076ca9-787f-4a25-b78d-948736530192:192.168.5.154:35094], old=null
2019-08-22 20:33:31,175 [51076ca9-787f-4a25-b78d-948736530192:group-219D34338B1B:LeaderElection59] INFO  impl.RoleInfo (RoleInfo.java:shutdownLeaderElection(134)) - 51076ca9-787f-4a25-b78d-948736530192: shutdown LeaderElection
2019-08-22 20:33:31,175 [2daced53-459d-4517-a1dc-5ae4d7d13a80:group-50A2E6F1EB65:LeaderElection58] INFO  impl.RoleInfo (RoleInfo.java:updateAndGet(143)) - 2daced53-459d-4517-a1dc-5ae4d7d13a80: start LeaderState
2019-08-22 20:33:31,175 [51076ca9-787f-4a25-b78d-948736530192:group-219D34338B1B:LeaderElection59] INFO  impl.RaftServerImpl (RaftServerImpl.java:setRole(171)) - 51076ca9-787f-4a25-b78d-948736530192:group-219D34338B1B changes role from CANDIDATE to LEADER at term 1 for changeToLeader
2019-08-22 20:33:31,175 [51076ca9-787f-4a25-b78d-948736530192:group-219D34338B1B:LeaderElection59] INFO  impl.RaftServerImpl (ServerState.java:setLeader(263)) - 51076ca9-787f-4a25-b78d-948736530192:group-219D34338B1B change Leader from null to 51076ca9-787f-4a25-b78d-948736530192 at term 1 for becomeLeader, leader elected after 5042ms
2019-08-22 20:33:31,176 [2daced53-459d-4517-a1dc-5ae4d7d13a80:group-50A2E6F1EB65:LeaderElection58] INFO  segmented.SegmentedRaftLogWorker (SegmentedRaftLogWorker.java:startLogSegment(380)) - 2daced53-459d-4517-a1dc-5ae4d7d13a80-SegmentedRaftLogWorker:Storage Directory /workdir/hadoop-ozone/integration-test/target/test-dir/MiniOzoneClusterImpl-28bedab5-a7b6-4439-aa5a-0da14b59fc38/datanode-0/data/ratis/1afc15d5-388f-48dd-8019-50a2e6f1eb65: Starting segment from index:0
2019-08-22 20:33:31,176 [51076ca9-787f-4a25-b78d-948736530192:group-219D34338B1B:LeaderElection59] INFO  server.RaftServerConfigKeys (ConfUtils.java:logGet(43)) - raft.server.staging.catchup.gap = 1000 (default)
2019-08-22 20:33:31,176 [51076ca9-787f-4a25-b78d-948736530192:group-219D34338B1B:LeaderElection59] INFO  server.RaftServerConfigKeys (ConfUtils.java:logGet(43)) - raft.server.rpc.sleep.time = 25ms (default)
2019-08-22 20:33:31,176 [51076ca9-787f-4a25-b78d-948736530192:group-219D34338B1B:LeaderElection59] INFO  server.RaftServerConfigKeys (ConfUtils.java:logGet(43)) - raft.server.write.element-limit = 4096 (default)
2019-08-22 20:33:31,176 [2daced53-459d-4517-a1dc-5ae4d7d13a80:group-50A2E6F1EB65:LeaderElection58] INFO  impl.RaftServerImpl (ServerState.java:setRaftConf(361)) - 2daced53-459d-4517-a1dc-5ae4d7d13a80:group-50A2E6F1EB65 set configuration 0: [2daced53-459d-4517-a1dc-5ae4d7d13a80:192.168.5.154:44688], old=null at 0
2019-08-22 20:33:31,176 [51076ca9-787f-4a25-b78d-948736530192:group-219D34338B1B:LeaderElection59] INFO  server.RaftServerConfigKeys (ConfUtils.java:logGet(43)) - raft.server.watch.timeout = 10s (default)
2019-08-22 20:33:31,217 [51076ca9-787f-4a25-b78d-948736530192:group-219D34338B1B:LeaderElection59] INFO  server.RaftServerConfigKeys (ConfUtils.java:logGet(43)) - raft.server.watch.timeout.denomination = 1s (default)
2019-08-22 20:33:31,217 [51076ca9-787f-4a25-b78d-948736530192:group-219D34338B1B:LeaderElection59] INFO  server.RaftServerConfigKeys (ConfUtils.java:logGet(43)) - raft.server.watch.element-limit = 65536 (default)
2019-08-22 20:33:31,217 [51076ca9-787f-4a25-b78d-948736530192:group-219D34338B1B:LeaderElection59] INFO  impl.RoleInfo (RoleInfo.java:updateAndGet(143)) - 51076ca9-787f-4a25-b78d-948736530192: start LeaderState
2019-08-22 20:33:31,217 [51076ca9-787f-4a25-b78d-948736530192:group-219D34338B1B:LeaderElection59] INFO  segmented.SegmentedRaftLogWorker (SegmentedRaftLogWorker.java:startLogSegment(380)) - 51076ca9-787f-4a25-b78d-948736530192-SegmentedRaftLogWorker:Storage Directory /workdir/hadoop-ozone/integration-test/target/test-dir/MiniOzoneClusterImpl-28bedab5-a7b6-4439-aa5a-0da14b59fc38/datanode-1/data/ratis/09339051-87e5-48f8-b2ee-219d34338b1b: Starting segment from index:0
2019-08-22 20:33:31,218 [51076ca9-787f-4a25-b78d-948736530192:group-219D34338B1B:LeaderElection59] INFO  impl.RaftServerImpl (ServerState.java:setRaftConf(361)) - 51076ca9-787f-4a25-b78d-948736530192:group-219D34338B1B set configuration 0: [51076ca9-787f-4a25-b78d-948736530192:192.168.5.154:35094], old=null at 0
2019-08-22 20:33:31,253 [2daced53-459d-4517-a1dc-5ae4d7d13a80-SegmentedRaftLogWorker:Storage Directory /workdir/hadoop-ozone/integration-test/target/test-dir/MiniOzoneClusterImpl-28bedab5-a7b6-4439-aa5a-0da14b59fc38/datanode-0/data/ratis/1afc15d5-388f-48dd-8019-50a2e6f1eb65] INFO  segmented.SegmentedRaftLogWorker (SegmentedRaftLogWorker.java:execute(569)) - 2daced53-459d-4517-a1dc-5ae4d7d13a80-SegmentedRaftLogWorker:Storage Directory /workdir/hadoop-ozone/integration-test/target/test-dir/MiniOzoneClusterImpl-28bedab5-a7b6-4439-aa5a-0da14b59fc38/datanode-0/data/ratis/1afc15d5-388f-48dd-8019-50a2e6f1eb65: created new log segment /workdir/hadoop-ozone/integration-test/target/test-dir/MiniOzoneClusterImpl-28bedab5-a7b6-4439-aa5a-0da14b59fc38/datanode-0/data/ratis/1afc15d5-388f-48dd-8019-50a2e6f1eb65/current/log_inprogress_0
2019-08-22 20:33:31,256 [51076ca9-787f-4a25-b78d-948736530192-SegmentedRaftLogWorker:Storage Directory /workdir/hadoop-ozone/integration-test/target/test-dir/MiniOzoneClusterImpl-28bedab5-a7b6-4439-aa5a-0da14b59fc38/datanode-1/data/ratis/09339051-87e5-48f8-b2ee-219d34338b1b] INFO  segmented.SegmentedRaftLogWorker (SegmentedRaftLogWorker.java:execute(569)) - 51076ca9-787f-4a25-b78d-948736530192-SegmentedRaftLogWorker:Storage Directory /workdir/hadoop-ozone/integration-test/target/test-dir/MiniOzoneClusterImpl-28bedab5-a7b6-4439-aa5a-0da14b59fc38/datanode-1/data/ratis/09339051-87e5-48f8-b2ee-219d34338b1b: created new log segment /workdir/hadoop-ozone/integration-test/target/test-dir/MiniOzoneClusterImpl-28bedab5-a7b6-4439-aa5a-0da14b59fc38/datanode-1/data/ratis/09339051-87e5-48f8-b2ee-219d34338b1b/current/log_inprogress_0
2019-08-22 20:33:31,280 | INFO  | SCMAudit | user=jenkins1000 | ip=192.168.5.154 | op=SEND_HEARTBEAT {datanodeUUID=f0f4ed96-5399-4dd5-ad99-791f6ec54833, command=[]} | ret=SUCCESS |  
2019-08-22 20:33:31,297 | INFO  | SCMAudit | user=jenkins1000 | ip=192.168.5.154 | op=SEND_HEARTBEAT {datanodeUUID=e88b764d-cc09-4ebb-b6a7-9b0a83937be8, command=[]} | ret=SUCCESS |  
2019-08-22 20:33:31,382 [Thread-3323] INFO  impl.FollowerState (FollowerState.java:run(106)) - f0f4ed96-5399-4dd5-ad99-791f6ec54833:group-2FB2233F9CC8 changes to CANDIDATE, lastRpcTime:5048, electionTimeout:5048ms
2019-08-22 20:33:31,382 [Thread-3323] INFO  impl.RoleInfo (RoleInfo.java:shutdownFollowerState(121)) - f0f4ed96-5399-4dd5-ad99-791f6ec54833: shutdown FollowerState
2019-08-22 20:33:31,382 [Thread-3323] INFO  impl.RaftServerImpl (RaftServerImpl.java:setRole(171)) - f0f4ed96-5399-4dd5-ad99-791f6ec54833:group-2FB2233F9CC8 changes role from FOLLOWER to CANDIDATE at term 0 for changeToCandidate
2019-08-22 20:33:31,382 [Thread-3323] INFO  impl.RoleInfo (RoleInfo.java:updateAndGet(143)) - f0f4ed96-5399-4dd5-ad99-791f6ec54833: start LeaderElection
2019-08-22 20:33:31,400 [f0f4ed96-5399-4dd5-ad99-791f6ec54833:group-2FB2233F9CC8:LeaderElection60] INFO  impl.LeaderElection (LeaderElection.java:askForVotes(181)) - f0f4ed96-5399-4dd5-ad99-791f6ec54833:group-2FB2233F9CC8:LeaderElection60: begin an election at term 1 for -1: [f0f4ed96-5399-4dd5-ad99-791f6ec54833:192.168.5.154:39090], old=null
2019-08-22 20:33:31,400 [f0f4ed96-5399-4dd5-ad99-791f6ec54833:group-2FB2233F9CC8:LeaderElection60] INFO  impl.RoleInfo (RoleInfo.java:shutdownLeaderElection(134)) - f0f4ed96-5399-4dd5-ad99-791f6ec54833: shutdown LeaderElection
2019-08-22 20:33:31,400 [f0f4ed96-5399-4dd5-ad99-791f6ec54833:group-2FB2233F9CC8:LeaderElection60] INFO  impl.RaftServerImpl (RaftServerImpl.java:setRole(171)) - f0f4ed96-5399-4dd5-ad99-791f6ec54833:group-2FB2233F9CC8 changes role from CANDIDATE to LEADER at term 1 for changeToLeader
2019-08-22 20:33:31,400 [f0f4ed96-5399-4dd5-ad99-791f6ec54833:group-2FB2233F9CC8:LeaderElection60] INFO  impl.RaftServerImpl (ServerState.java:setLeader(263)) - f0f4ed96-5399-4dd5-ad99-791f6ec54833:group-2FB2233F9CC8 change Leader from null to f0f4ed96-5399-4dd5-ad99-791f6ec54833 at term 1 for becomeLeader, leader elected after 5071ms
2019-08-22 20:33:31,400 [f0f4ed96-5399-4dd5-ad99-791f6ec54833:group-2FB2233F9CC8:LeaderElection60] INFO  server.RaftServerConfigKeys (ConfUtils.java:logGet(43)) - raft.server.staging.catchup.gap = 1000 (default)
2019-08-22 20:33:31,401 [f0f4ed96-5399-4dd5-ad99-791f6ec54833:group-2FB2233F9CC8:LeaderElection60] INFO  server.RaftServerConfigKeys (ConfUtils.java:logGet(43)) - raft.server.rpc.sleep.time = 25ms (default)
2019-08-22 20:33:31,401 [f0f4ed96-5399-4dd5-ad99-791f6ec54833:group-2FB2233F9CC8:LeaderElection60] INFO  server.RaftServerConfigKeys (ConfUtils.java:logGet(43)) - raft.server.write.element-limit = 4096 (default)
2019-08-22 20:33:31,401 [f0f4ed96-5399-4dd5-ad99-791f6ec54833:group-2FB2233F9CC8:LeaderElection60] INFO  server.RaftServerConfigKeys (ConfUtils.java:logGet(43)) - raft.server.watch.timeout = 10s (default)
2019-08-22 20:33:31,401 [f0f4ed96-5399-4dd5-ad99-791f6ec54833:group-2FB2233F9CC8:LeaderElection60] INFO  server.RaftServerConfigKeys (ConfUtils.java:logGet(43)) - raft.server.watch.timeout.denomination = 1s (default)
2019-08-22 20:33:31,401 [f0f4ed96-5399-4dd5-ad99-791f6ec54833:group-2FB2233F9CC8:LeaderElection60] INFO  server.RaftServerConfigKeys (ConfUtils.java:logGet(43)) - raft.server.watch.element-limit = 65536 (default)
2019-08-22 20:33:31,402 [f0f4ed96-5399-4dd5-ad99-791f6ec54833:group-2FB2233F9CC8:LeaderElection60] INFO  impl.RoleInfo (RoleInfo.java:updateAndGet(143)) - f0f4ed96-5399-4dd5-ad99-791f6ec54833: start LeaderState
2019-08-22 20:33:31,402 [f0f4ed96-5399-4dd5-ad99-791f6ec54833:group-2FB2233F9CC8:LeaderElection60] INFO  segmented.SegmentedRaftLogWorker (SegmentedRaftLogWorker.java:startLogSegment(380)) - f0f4ed96-5399-4dd5-ad99-791f6ec54833-SegmentedRaftLogWorker:Storage Directory /workdir/hadoop-ozone/integration-test/target/test-dir/MiniOzoneClusterImpl-28bedab5-a7b6-4439-aa5a-0da14b59fc38/datanode-2/data/ratis/dc00d337-04f9-451b-a916-2fb2233f9cc8: Starting segment from index:0
2019-08-22 20:33:31,402 [f0f4ed96-5399-4dd5-ad99-791f6ec54833:group-2FB2233F9CC8:LeaderElection60] INFO  impl.RaftServerImpl (ServerState.java:setRaftConf(361)) - f0f4ed96-5399-4dd5-ad99-791f6ec54833:group-2FB2233F9CC8 set configuration 0: [f0f4ed96-5399-4dd5-ad99-791f6ec54833:192.168.5.154:39090], old=null at 0
2019-08-22 20:33:31,446 [Thread-3326] INFO  impl.FollowerState (FollowerState.java:run(106)) - 2daced53-459d-4517-a1dc-5ae4d7d13a80:group-7C12ADBC7497 changes to CANDIDATE, lastRpcTime:5037, electionTimeout:5009ms
2019-08-22 20:33:31,446 [Thread-3326] INFO  impl.RoleInfo (RoleInfo.java:shutdownFollowerState(121)) - 2daced53-459d-4517-a1dc-5ae4d7d13a80: shutdown FollowerState
2019-08-22 20:33:31,446 [Thread-3326] INFO  impl.RaftServerImpl (RaftServerImpl.java:setRole(171)) - 2daced53-459d-4517-a1dc-5ae4d7d13a80:group-7C12ADBC7497 changes role from FOLLOWER to CANDIDATE at term 0 for changeToCandidate
2019-08-22 20:33:31,447 [Thread-3326] INFO  impl.RoleInfo (RoleInfo.java:updateAndGet(143)) - 2daced53-459d-4517-a1dc-5ae4d7d13a80: start LeaderElection
2019-08-22 20:33:31,456 [grpc-default-executor-10] INFO  client.GrpcClientProtocolClient (GrpcClientProtocolClient.java:onNext(255)) - client-8CEA2D754DC4->51076ca9-787f-4a25-b78d-948736530192: receive RaftClientReply:client-8CEA2D754DC4->51076ca9-787f-4a25-b78d-948736530192@group-7C12ADBC7497, cid=175, FAILED org.apache.ratis.protocol.NotLeaderException: Server 51076ca9-787f-4a25-b78d-948736530192 is not the leader (null). Request must be sent to leader., logIndex=0, commits[51076ca9-787f-4a25-b78d-948736530192:c-1]
2019-08-22 20:33:31,460 [f0f4ed96-5399-4dd5-ad99-791f6ec54833-SegmentedRaftLogWorker:Storage Directory /workdir/hadoop-ozone/integration-test/target/test-dir/MiniOzoneClusterImpl-28bedab5-a7b6-4439-aa5a-0da14b59fc38/datanode-2/data/ratis/dc00d337-04f9-451b-a916-2fb2233f9cc8] INFO  segmented.SegmentedRaftLogWorker (SegmentedRaftLogWorker.java:execute(569)) - f0f4ed96-5399-4dd5-ad99-791f6ec54833-SegmentedRaftLogWorker:Storage Directory /workdir/hadoop-ozone/integration-test/target/test-dir/MiniOzoneClusterImpl-28bedab5-a7b6-4439-aa5a-0da14b59fc38/datanode-2/data/ratis/dc00d337-04f9-451b-a916-2fb2233f9cc8: created new log segment /workdir/hadoop-ozone/integration-test/target/test-dir/MiniOzoneClusterImpl-28bedab5-a7b6-4439-aa5a-0da14b59fc38/datanode-2/data/ratis/dc00d337-04f9-451b-a916-2fb2233f9cc8/current/log_inprogress_0
2019-08-22 20:33:31,460 [2daced53-459d-4517-a1dc-5ae4d7d13a80:group-7C12ADBC7497:LeaderElection61] INFO  impl.LeaderElection (LeaderElection.java:askForVotes(181)) - 2daced53-459d-4517-a1dc-5ae4d7d13a80:group-7C12ADBC7497:LeaderElection61: begin an election at term 1 for -1: [f0f4ed96-5399-4dd5-ad99-791f6ec54833:192.168.5.154:39090, 51076ca9-787f-4a25-b78d-948736530192:192.168.5.154:35094, 2daced53-459d-4517-a1dc-5ae4d7d13a80:192.168.5.154:44688], old=null
2019-08-22 20:33:31,464 [grpc-default-executor-10] INFO  impl.RaftServerImpl (RaftServerImpl.java:setRole(171)) - f0f4ed96-5399-4dd5-ad99-791f6ec54833:group-7C12ADBC7497 changes role from FOLLOWER to FOLLOWER at term 1 for recognizeCandidate:2daced53-459d-4517-a1dc-5ae4d7d13a80
2019-08-22 20:33:31,464 [grpc-default-executor-11] INFO  impl.RaftServerImpl (RaftServerImpl.java:setRole(171)) - 51076ca9-787f-4a25-b78d-948736530192:group-7C12ADBC7497 changes role from FOLLOWER to FOLLOWER at term 1 for recognizeCandidate:2daced53-459d-4517-a1dc-5ae4d7d13a80
2019-08-22 20:33:31,464 [grpc-default-executor-10] INFO  impl.RoleInfo (RoleInfo.java:shutdownFollowerState(121)) - f0f4ed96-5399-4dd5-ad99-791f6ec54833: shutdown FollowerState
2019-08-22 20:33:31,465 [grpc-default-executor-11] INFO  impl.RoleInfo (RoleInfo.java:shutdownFollowerState(121)) - 51076ca9-787f-4a25-b78d-948736530192: shutdown FollowerState
2019-08-22 20:33:31,465 [Thread-3332] INFO  impl.FollowerState (FollowerState.java:run(114)) - f0f4ed96-5399-4dd5-ad99-791f6ec54833: FollowerState was interrupted: java.lang.InterruptedException: sleep interrupted
2019-08-22 20:33:31,465 [grpc-default-executor-10] INFO  impl.RoleInfo (RoleInfo.java:updateAndGet(143)) - f0f4ed96-5399-4dd5-ad99-791f6ec54833: start FollowerState
2019-08-22 20:33:31,465 [Thread-3329] INFO  impl.FollowerState (FollowerState.java:run(114)) - 51076ca9-787f-4a25-b78d-948736530192: FollowerState was interrupted: java.lang.InterruptedException: sleep interrupted
2019-08-22 20:33:31,465 [grpc-default-executor-11] INFO  impl.RoleInfo (RoleInfo.java:updateAndGet(143)) - 51076ca9-787f-4a25-b78d-948736530192: start FollowerState
2019-08-22 20:33:31,489 [2daced53-459d-4517-a1dc-5ae4d7d13a80:group-7C12ADBC7497:LeaderElection61] INFO  impl.LeaderElection (LeaderElection.java:logAndReturn(56)) - 2daced53-459d-4517-a1dc-5ae4d7d13a80:group-7C12ADBC7497:LeaderElection61: Election PASSED; received 1 response(s) [2daced53-459d-4517-a1dc-5ae4d7d13a80<-f0f4ed96-5399-4dd5-ad99-791f6ec54833#0:OK-t1] and 0 exception(s); 2daced53-459d-4517-a1dc-5ae4d7d13a80:t1, leader=null, voted=2daced53-459d-4517-a1dc-5ae4d7d13a80, raftlog=2daced53-459d-4517-a1dc-5ae4d7d13a80-SegmentedRaftLog:OPENED:c-1,f-1,i0, conf=-1: [f0f4ed96-5399-4dd5-ad99-791f6ec54833:192.168.5.154:39090, 51076ca9-787f-4a25-b78d-948736530192:192.168.5.154:35094, 2daced53-459d-4517-a1dc-5ae4d7d13a80:192.168.5.154:44688], old=null
2019-08-22 20:33:31,489 [2daced53-459d-4517-a1dc-5ae4d7d13a80:group-7C12ADBC7497:LeaderElection61] INFO  impl.RoleInfo (RoleInfo.java:shutdownLeaderElection(134)) - 2daced53-459d-4517-a1dc-5ae4d7d13a80: shutdown LeaderElection
2019-08-22 20:33:31,489 [2daced53-459d-4517-a1dc-5ae4d7d13a80:group-7C12ADBC7497:LeaderElection61] INFO  impl.RaftServerImpl (RaftServerImpl.java:setRole(171)) - 2daced53-459d-4517-a1dc-5ae4d7d13a80:group-7C12ADBC7497 changes role from CANDIDATE to LEADER at term 1 for changeToLeader
2019-08-22 20:33:31,489 [2daced53-459d-4517-a1dc-5ae4d7d13a80:group-7C12ADBC7497:LeaderElection61] INFO  impl.RaftServerImpl (ServerState.java:setLeader(263)) - 2daced53-459d-4517-a1dc-5ae4d7d13a80:group-7C12ADBC7497 change Leader from null to 2daced53-459d-4517-a1dc-5ae4d7d13a80 at term 1 for becomeLeader, leader elected after 5089ms
2019-08-22 20:33:31,489 [2daced53-459d-4517-a1dc-5ae4d7d13a80:group-7C12ADBC7497:LeaderElection61] INFO  server.RaftServerConfigKeys (ConfUtils.java:logGet(43)) - raft.server.staging.catchup.gap = 1000 (default)
2019-08-22 20:33:31,490 [2daced53-459d-4517-a1dc-5ae4d7d13a80:group-7C12ADBC7497:LeaderElection61] INFO  server.RaftServerConfigKeys (ConfUtils.java:logGet(43)) - raft.server.rpc.sleep.time = 25ms (default)
2019-08-22 20:33:31,490 [2daced53-459d-4517-a1dc-5ae4d7d13a80:group-7C12ADBC7497:LeaderElection61] INFO  server.RaftServerConfigKeys (ConfUtils.java:logGet(43)) - raft.server.write.element-limit = 4096 (default)
2019-08-22 20:33:31,490 [2daced53-459d-4517-a1dc-5ae4d7d13a80:group-7C12ADBC7497:LeaderElection61] INFO  server.RaftServerConfigKeys (ConfUtils.java:logGet(43)) - raft.server.watch.timeout = 10s (default)
2019-08-22 20:33:31,490 [2daced53-459d-4517-a1dc-5ae4d7d13a80:group-7C12ADBC7497:LeaderElection61] INFO  server.RaftServerConfigKeys (ConfUtils.java:logGet(43)) - raft.server.watch.timeout.denomination = 1s (default)
2019-08-22 20:33:31,490 [2daced53-459d-4517-a1dc-5ae4d7d13a80:group-7C12ADBC7497:LeaderElection61] INFO  server.RaftServerConfigKeys (ConfUtils.java:logGet(43)) - raft.server.watch.element-limit = 65536 (default)
2019-08-22 20:33:31,491 [2daced53-459d-4517-a1dc-5ae4d7d13a80:group-7C12ADBC7497:LeaderElection61] INFO  server.RaftServerConfigKeys (ConfUtils.java:logGet(43)) - raft.server.log.appender.snapshot.chunk.size.max = 16MB (=16777216) (default)
2019-08-22 20:33:31,491 [2daced53-459d-4517-a1dc-5ae4d7d13a80:group-7C12ADBC7497:LeaderElection61] INFO  server.RaftServerConfigKeys (ConfUtils.java:logGet(43)) - raft.server.log.appender.buffer.byte-limit = 33554432 (custom)
2019-08-22 20:33:31,491 [2daced53-459d-4517-a1dc-5ae4d7d13a80:group-7C12ADBC7497:LeaderElection61] INFO  server.RaftServerConfigKeys (ConfUtils.java:logGet(43)) - raft.server.log.appender.buffer.element-limit = 1 (custom)
2019-08-22 20:33:31,492 [2daced53-459d-4517-a1dc-5ae4d7d13a80:group-7C12ADBC7497:LeaderElection61] INFO  grpc.GrpcConfigKeys$Server (ConfUtils.java:logGet(43)) - raft.grpc.server.leader.outstanding.appends.max = 128 (default)
2019-08-22 20:33:31,492 [2daced53-459d-4517-a1dc-5ae4d7d13a80:group-7C12ADBC7497:LeaderElection61] INFO  server.RaftServerConfigKeys (ConfUtils.java:logGet(43)) - raft.server.rpc.request.timeout = 3000ms (default)
2019-08-22 20:33:31,492 [2daced53-459d-4517-a1dc-5ae4d7d13a80:group-7C12ADBC7497:LeaderElection61] INFO  server.RaftServerConfigKeys (ConfUtils.java:logGet(43)) - raft.server.log.appender.install.snapshot.enabled = false (custom)
2019-08-22 20:33:31,492 [2daced53-459d-4517-a1dc-5ae4d7d13a80:group-7C12ADBC7497:LeaderElection61] INFO  server.RaftServerConfigKeys (ConfUtils.java:logGet(43)) - raft.server.log.appender.snapshot.chunk.size.max = 16MB (=16777216) (default)
2019-08-22 20:33:31,492 [2daced53-459d-4517-a1dc-5ae4d7d13a80:group-7C12ADBC7497:LeaderElection61] INFO  server.RaftServerConfigKeys (ConfUtils.java:logGet(43)) - raft.server.log.appender.buffer.byte-limit = 33554432 (custom)
2019-08-22 20:33:31,493 [2daced53-459d-4517-a1dc-5ae4d7d13a80:group-7C12ADBC7497:LeaderElection61] INFO  server.RaftServerConfigKeys (ConfUtils.java:logGet(43)) - raft.server.log.appender.buffer.element-limit = 1 (custom)
2019-08-22 20:33:31,493 [2daced53-459d-4517-a1dc-5ae4d7d13a80:group-7C12ADBC7497:LeaderElection61] INFO  grpc.GrpcConfigKeys$Server (ConfUtils.java:logGet(43)) - raft.grpc.server.leader.outstanding.appends.max = 128 (default)
2019-08-22 20:33:31,493 [2daced53-459d-4517-a1dc-5ae4d7d13a80:group-7C12ADBC7497:LeaderElection61] INFO  server.RaftServerConfigKeys (ConfUtils.java:logGet(43)) - raft.server.rpc.request.timeout = 3000ms (default)
2019-08-22 20:33:31,493 [2daced53-459d-4517-a1dc-5ae4d7d13a80:group-7C12ADBC7497:LeaderElection61] INFO  server.RaftServerConfigKeys (ConfUtils.java:logGet(43)) - raft.server.log.appender.install.snapshot.enabled = false (custom)
2019-08-22 20:33:31,494 [2daced53-459d-4517-a1dc-5ae4d7d13a80:group-7C12ADBC7497:LeaderElection61] INFO  impl.RoleInfo (RoleInfo.java:updateAndGet(143)) - 2daced53-459d-4517-a1dc-5ae4d7d13a80: start LeaderState
2019-08-22 20:33:31,494 [2daced53-459d-4517-a1dc-5ae4d7d13a80:group-7C12ADBC7497:LeaderElection61] INFO  segmented.SegmentedRaftLogWorker (SegmentedRaftLogWorker.java:startLogSegment(380)) - 2daced53-459d-4517-a1dc-5ae4d7d13a80-SegmentedRaftLogWorker:Storage Directory /workdir/hadoop-ozone/integration-test/target/test-dir/MiniOzoneClusterImpl-28bedab5-a7b6-4439-aa5a-0da14b59fc38/datanode-0/data/ratis/35de30fa-ae31-4d06-a297-7c12adbc7497: Starting segment from index:0
2019-08-22 20:33:31,495 [2daced53-459d-4517-a1dc-5ae4d7d13a80:group-7C12ADBC7497:LeaderElection61] INFO  impl.RaftServerImpl (ServerState.java:setRaftConf(361)) - 2daced53-459d-4517-a1dc-5ae4d7d13a80:group-7C12ADBC7497 set configuration 0: [f0f4ed96-5399-4dd5-ad99-791f6ec54833:192.168.5.154:39090, 51076ca9-787f-4a25-b78d-948736530192:192.168.5.154:35094, 2daced53-459d-4517-a1dc-5ae4d7d13a80:192.168.5.154:44688], old=null at 0
2019-08-22 20:33:31,496 [grpc-default-executor-10] INFO  impl.RaftServerImpl (ServerState.java:setLeader(263)) - f0f4ed96-5399-4dd5-ad99-791f6ec54833:group-7C12ADBC7497 change Leader from null to 2daced53-459d-4517-a1dc-5ae4d7d13a80 at term 1 for appendEntries, leader elected after 5097ms
2019-08-22 20:33:31,497 [grpc-default-executor-11] INFO  impl.RaftServerImpl (ServerState.java:setLeader(263)) - 51076ca9-787f-4a25-b78d-948736530192:group-7C12ADBC7497 change Leader from null to 2daced53-459d-4517-a1dc-5ae4d7d13a80 at term 1 for appendEntries, leader elected after 5098ms
2019-08-22 20:33:31,548 [grpc-default-executor-11] INFO  impl.RaftServerImpl (ServerState.java:setRaftConf(361)) - f0f4ed96-5399-4dd5-ad99-791f6ec54833:group-7C12ADBC7497 set configuration 0: [f0f4ed96-5399-4dd5-ad99-791f6ec54833:192.168.5.154:39090, 51076ca9-787f-4a25-b78d-948736530192:192.168.5.154:35094, 2daced53-459d-4517-a1dc-5ae4d7d13a80:192.168.5.154:44688], old=null at 0
2019-08-22 20:33:31,548 [grpc-default-executor-10] INFO  impl.RaftServerImpl (ServerState.java:setRaftConf(361)) - 51076ca9-787f-4a25-b78d-948736530192:group-7C12ADBC7497 set configuration 0: [f0f4ed96-5399-4dd5-ad99-791f6ec54833:192.168.5.154:39090, 51076ca9-787f-4a25-b78d-948736530192:192.168.5.154:35094, 2daced53-459d-4517-a1dc-5ae4d7d13a80:192.168.5.154:44688], old=null at 0
2019-08-22 20:33:31,548 [grpc-default-executor-11] INFO  segmented.SegmentedRaftLogWorker (SegmentedRaftLogWorker.java:startLogSegment(380)) - f0f4ed96-5399-4dd5-ad99-791f6ec54833-SegmentedRaftLogWorker:Storage Directory /workdir/hadoop-ozone/integration-test/target/test-dir/MiniOzoneClusterImpl-28bedab5-a7b6-4439-aa5a-0da14b59fc38/datanode-2/data/ratis/35de30fa-ae31-4d06-a297-7c12adbc7497: Starting segment from index:0
2019-08-22 20:33:31,549 [grpc-default-executor-10] INFO  segmented.SegmentedRaftLogWorker (SegmentedRaftLogWorker.java:startLogSegment(380)) - 51076ca9-787f-4a25-b78d-948736530192-SegmentedRaftLogWorker:Storage Directory /workdir/hadoop-ozone/integration-test/target/test-dir/MiniOzoneClusterImpl-28bedab5-a7b6-4439-aa5a-0da14b59fc38/datanode-1/data/ratis/35de30fa-ae31-4d06-a297-7c12adbc7497: Starting segment from index:0
2019-08-22 20:33:31,569 [2daced53-459d-4517-a1dc-5ae4d7d13a80-SegmentedRaftLogWorker:Storage Directory /workdir/hadoop-ozone/integration-test/target/test-dir/MiniOzoneClusterImpl-28bedab5-a7b6-4439-aa5a-0da14b59fc38/datanode-0/data/ratis/35de30fa-ae31-4d06-a297-7c12adbc7497] INFO  segmented.SegmentedRaftLogWorker (SegmentedRaftLogWorker.java:execute(569)) - 2daced53-459d-4517-a1dc-5ae4d7d13a80-SegmentedRaftLogWorker:Storage Directory /workdir/hadoop-ozone/integration-test/target/test-dir/MiniOzoneClusterImpl-28bedab5-a7b6-4439-aa5a-0da14b59fc38/datanode-0/data/ratis/35de30fa-ae31-4d06-a297-7c12adbc7497: created new log segment /workdir/hadoop-ozone/integration-test/target/test-dir/MiniOzoneClusterImpl-28bedab5-a7b6-4439-aa5a-0da14b59fc38/datanode-0/data/ratis/35de30fa-ae31-4d06-a297-7c12adbc7497/current/log_inprogress_0
2019-08-22 20:33:31,599 [f0f4ed96-5399-4dd5-ad99-791f6ec54833-SegmentedRaftLogWorker:Storage Directory /workdir/hadoop-ozone/integration-test/target/test-dir/MiniOzoneClusterImpl-28bedab5-a7b6-4439-aa5a-0da14b59fc38/datanode-2/data/ratis/35de30fa-ae31-4d06-a297-7c12adbc7497] INFO  segmented.SegmentedRaftLogWorker (SegmentedRaftLogWorker.java:execute(569)) - f0f4ed96-5399-4dd5-ad99-791f6ec54833-SegmentedRaftLogWorker:Storage Directory /workdir/hadoop-ozone/integration-test/target/test-dir/MiniOzoneClusterImpl-28bedab5-a7b6-4439-aa5a-0da14b59fc38/datanode-2/data/ratis/35de30fa-ae31-4d06-a297-7c12adbc7497: created new log segment /workdir/hadoop-ozone/integration-test/target/test-dir/MiniOzoneClusterImpl-28bedab5-a7b6-4439-aa5a-0da14b59fc38/datanode-2/data/ratis/35de30fa-ae31-4d06-a297-7c12adbc7497/current/log_inprogress_0
2019-08-22 20:33:31,599 [51076ca9-787f-4a25-b78d-948736530192-SegmentedRaftLogWorker:Storage Directory /workdir/hadoop-ozone/integration-test/target/test-dir/MiniOzoneClusterImpl-28bedab5-a7b6-4439-aa5a-0da14b59fc38/datanode-1/data/ratis/35de30fa-ae31-4d06-a297-7c12adbc7497] INFO  segmented.SegmentedRaftLogWorker (SegmentedRaftLogWorker.java:execute(569)) - 51076ca9-787f-4a25-b78d-948736530192-SegmentedRaftLogWorker:Storage Directory /workdir/hadoop-ozone/integration-test/target/test-dir/MiniOzoneClusterImpl-28bedab5-a7b6-4439-aa5a-0da14b59fc38/datanode-1/data/ratis/35de30fa-ae31-4d06-a297-7c12adbc7497: created new log segment /workdir/hadoop-ozone/integration-test/target/test-dir/MiniOzoneClusterImpl-28bedab5-a7b6-4439-aa5a-0da14b59fc38/datanode-1/data/ratis/35de30fa-ae31-4d06-a297-7c12adbc7497/current/log_inprogress_0
2019-08-22 20:33:31,719 | INFO  | SCMAudit | user=jenkins1000 | ip=192.168.5.154 | op=SEND_HEARTBEAT {datanodeUUID=ccbe46ac-8be0-4969-adcf-2e9221e70c85, command=[]} | ret=SUCCESS |  
2019-08-22 20:33:31,782 [Thread-3335] INFO  impl.FollowerState (FollowerState.java:run(106)) - ccbe46ac-8be0-4969-adcf-2e9221e70c85:group-286BDDAC0606 changes to CANDIDATE, lastRpcTime:5017, electionTimeout:5017ms
2019-08-22 20:33:31,782 [Thread-3335] INFO  impl.RoleInfo (RoleInfo.java:shutdownFollowerState(121)) - ccbe46ac-8be0-4969-adcf-2e9221e70c85: shutdown FollowerState
2019-08-22 20:33:31,782 [Thread-3335] INFO  impl.RaftServerImpl (RaftServerImpl.java:setRole(171)) - ccbe46ac-8be0-4969-adcf-2e9221e70c85:group-286BDDAC0606 changes role from FOLLOWER to CANDIDATE at term 0 for changeToCandidate
2019-08-22 20:33:31,782 [Thread-3335] INFO  impl.RoleInfo (RoleInfo.java:updateAndGet(143)) - ccbe46ac-8be0-4969-adcf-2e9221e70c85: start LeaderElection
2019-08-22 20:33:31,802 [ccbe46ac-8be0-4969-adcf-2e9221e70c85:group-286BDDAC0606:LeaderElection62] INFO  impl.LeaderElection (LeaderElection.java:askForVotes(181)) - ccbe46ac-8be0-4969-adcf-2e9221e70c85:group-286BDDAC0606:LeaderElection62: begin an election at term 1 for -1: [ccbe46ac-8be0-4969-adcf-2e9221e70c85:192.168.5.154:37473], old=null
2019-08-22 20:33:31,802 [ccbe46ac-8be0-4969-adcf-2e9221e70c85:group-286BDDAC0606:LeaderElection62] INFO  impl.RoleInfo (RoleInfo.java:shutdownLeaderElection(134)) - ccbe46ac-8be0-4969-adcf-2e9221e70c85: shutdown LeaderElection
2019-08-22 20:33:31,802 [ccbe46ac-8be0-4969-adcf-2e9221e70c85:group-286BDDAC0606:LeaderElection62] INFO  impl.RaftServerImpl (RaftServerImpl.java:setRole(171)) - ccbe46ac-8be0-4969-adcf-2e9221e70c85:group-286BDDAC0606 changes role from CANDIDATE to LEADER at term 1 for changeToLeader
2019-08-22 20:33:31,802 [ccbe46ac-8be0-4969-adcf-2e9221e70c85:group-286BDDAC0606:LeaderElection62] INFO  impl.RaftServerImpl (ServerState.java:setLeader(263)) - ccbe46ac-8be0-4969-adcf-2e9221e70c85:group-286BDDAC0606 change Leader from null to ccbe46ac-8be0-4969-adcf-2e9221e70c85 at term 1 for becomeLeader, leader elected after 5042ms
2019-08-22 20:33:31,803 [ccbe46ac-8be0-4969-adcf-2e9221e70c85:group-286BDDAC0606:LeaderElection62] INFO  server.RaftServerConfigKeys (ConfUtils.java:logGet(43)) - raft.server.staging.catchup.gap = 1000 (default)
2019-08-22 20:33:31,803 [ccbe46ac-8be0-4969-adcf-2e9221e70c85:group-286BDDAC0606:LeaderElection62] INFO  server.RaftServerConfigKeys (ConfUtils.java:logGet(43)) - raft.server.rpc.sleep.time = 25ms (default)
2019-08-22 20:33:31,803 [ccbe46ac-8be0-4969-adcf-2e9221e70c85:group-286BDDAC0606:LeaderElection62] INFO  server.RaftServerConfigKeys (ConfUtils.java:logGet(43)) - raft.server.write.element-limit = 4096 (default)
2019-08-22 20:33:31,803 [ccbe46ac-8be0-4969-adcf-2e9221e70c85:group-286BDDAC0606:LeaderElection62] INFO  server.RaftServerConfigKeys (ConfUtils.java:logGet(43)) - raft.server.watch.timeout = 10s (default)
2019-08-22 20:33:31,803 [ccbe46ac-8be0-4969-adcf-2e9221e70c85:group-286BDDAC0606:LeaderElection62] INFO  server.RaftServerConfigKeys (ConfUtils.java:logGet(43)) - raft.server.watch.timeout.denomination = 1s (default)
2019-08-22 20:33:31,803 [ccbe46ac-8be0-4969-adcf-2e9221e70c85:group-286BDDAC0606:LeaderElection62] INFO  server.RaftServerConfigKeys (ConfUtils.java:logGet(43)) - raft.server.watch.element-limit = 65536 (default)
2019-08-22 20:33:31,804 [ccbe46ac-8be0-4969-adcf-2e9221e70c85:group-286BDDAC0606:LeaderElection62] INFO  impl.RoleInfo (RoleInfo.java:updateAndGet(143)) - ccbe46ac-8be0-4969-adcf-2e9221e70c85: start LeaderState
2019-08-22 20:33:31,804 [ccbe46ac-8be0-4969-adcf-2e9221e70c85:group-286BDDAC0606:LeaderElection62] INFO  segmented.SegmentedRaftLogWorker (SegmentedRaftLogWorker.java:startLogSegment(380)) - ccbe46ac-8be0-4969-adcf-2e9221e70c85-SegmentedRaftLogWorker:Storage Directory /workdir/hadoop-ozone/integration-test/target/test-dir/MiniOzoneClusterImpl-28bedab5-a7b6-4439-aa5a-0da14b59fc38/datanode-3/data/ratis/1097b543-f2f5-4140-8dc6-286bddac0606: Starting segment from index:0
2019-08-22 20:33:31,804 [ccbe46ac-8be0-4969-adcf-2e9221e70c85:group-286BDDAC0606:LeaderElection62] INFO  impl.RaftServerImpl (ServerState.java:setRaftConf(361)) - ccbe46ac-8be0-4969-adcf-2e9221e70c85:group-286BDDAC0606 set configuration 0: [ccbe46ac-8be0-4969-adcf-2e9221e70c85:192.168.5.154:37473], old=null at 0
2019-08-22 20:33:31,868 [ccbe46ac-8be0-4969-adcf-2e9221e70c85-SegmentedRaftLogWorker:Storage Directory /workdir/hadoop-ozone/integration-test/target/test-dir/MiniOzoneClusterImpl-28bedab5-a7b6-4439-aa5a-0da14b59fc38/datanode-3/data/ratis/1097b543-f2f5-4140-8dc6-286bddac0606] INFO  segmented.SegmentedRaftLogWorker (SegmentedRaftLogWorker.java:execute(569)) - ccbe46ac-8be0-4969-adcf-2e9221e70c85-SegmentedRaftLogWorker:Storage Directory /workdir/hadoop-ozone/integration-test/target/test-dir/MiniOzoneClusterImpl-28bedab5-a7b6-4439-aa5a-0da14b59fc38/datanode-3/data/ratis/1097b543-f2f5-4140-8dc6-286bddac0606: created new log segment /workdir/hadoop-ozone/integration-test/target/test-dir/MiniOzoneClusterImpl-28bedab5-a7b6-4439-aa5a-0da14b59fc38/datanode-3/data/ratis/1097b543-f2f5-4140-8dc6-286bddac0606/current/log_inprogress_0
2019-08-22 20:33:31,894 | INFO  | SCMAudit | user=jenkins1000 | ip=192.168.5.154 | op=SEND_HEARTBEAT {datanodeUUID=2daced53-459d-4517-a1dc-5ae4d7d13a80, command=[]} | ret=SUCCESS |  
2019-08-22 20:33:31,923 | INFO  | SCMAudit | user=jenkins1000 | ip=192.168.5.154 | op=SEND_HEARTBEAT {datanodeUUID=b57f6041-151b-43d9-b1c6-c87944b8f8b5, command=[]} | ret=SUCCESS |  
2019-08-22 20:33:31,974 [Thread-3338] INFO  impl.FollowerState (FollowerState.java:run(106)) - b57f6041-151b-43d9-b1c6-c87944b8f8b5:group-A3C38ACF70E7 changes to CANDIDATE, lastRpcTime:5001, electionTimeout:5001ms
2019-08-22 20:33:31,974 [Thread-3338] INFO  impl.RoleInfo (RoleInfo.java:shutdownFollowerState(121)) - b57f6041-151b-43d9-b1c6-c87944b8f8b5: shutdown FollowerState
2019-08-22 20:33:31,974 [Thread-3338] INFO  impl.RaftServerImpl (RaftServerImpl.java:setRole(171)) - b57f6041-151b-43d9-b1c6-c87944b8f8b5:group-A3C38ACF70E7 changes role from FOLLOWER to CANDIDATE at term 0 for changeToCandidate
2019-08-22 20:33:31,974 [Thread-3338] INFO  impl.RoleInfo (RoleInfo.java:updateAndGet(143)) - b57f6041-151b-43d9-b1c6-c87944b8f8b5: start LeaderElection
2019-08-22 20:33:31,993 [b57f6041-151b-43d9-b1c6-c87944b8f8b5:group-A3C38ACF70E7:LeaderElection63] INFO  impl.LeaderElection (LeaderElection.java:askForVotes(181)) - b57f6041-151b-43d9-b1c6-c87944b8f8b5:group-A3C38ACF70E7:LeaderElection63: begin an election at term 1 for -1: [b57f6041-151b-43d9-b1c6-c87944b8f8b5:192.168.5.154:44495], old=null
2019-08-22 20:33:31,993 [b57f6041-151b-43d9-b1c6-c87944b8f8b5:group-A3C38ACF70E7:LeaderElection63] INFO  impl.RoleInfo (RoleInfo.java:shutdownLeaderElection(134)) - b57f6041-151b-43d9-b1c6-c87944b8f8b5: shutdown LeaderElection
2019-08-22 20:33:31,993 [b57f6041-151b-43d9-b1c6-c87944b8f8b5:group-A3C38ACF70E7:LeaderElection63] INFO  impl.RaftServerImpl (RaftServerImpl.java:setRole(171)) - b57f6041-151b-43d9-b1c6-c87944b8f8b5:group-A3C38ACF70E7 changes role from CANDIDATE to LEADER at term 1 for changeToLeader
2019-08-22 20:33:31,993 [b57f6041-151b-43d9-b1c6-c87944b8f8b5:group-A3C38ACF70E7:LeaderElection63] INFO  impl.RaftServerImpl (ServerState.java:setLeader(263)) - b57f6041-151b-43d9-b1c6-c87944b8f8b5:group-A3C38ACF70E7 change Leader from null to b57f6041-151b-43d9-b1c6-c87944b8f8b5 at term 1 for becomeLeader, leader elected after 5025ms
2019-08-22 20:33:31,993 [b57f6041-151b-43d9-b1c6-c87944b8f8b5:group-A3C38ACF70E7:LeaderElection63] INFO  server.RaftServerConfigKeys (ConfUtils.java:logGet(43)) - raft.server.staging.catchup.gap = 1000 (default)
2019-08-22 20:33:31,993 [b57f6041-151b-43d9-b1c6-c87944b8f8b5:group-A3C38ACF70E7:LeaderElection63] INFO  server.RaftServerConfigKeys (ConfUtils.java:logGet(43)) - raft.server.rpc.sleep.time = 25ms (default)
2019-08-22 20:33:31,994 [b57f6041-151b-43d9-b1c6-c87944b8f8b5:group-A3C38ACF70E7:LeaderElection63] INFO  server.RaftServerConfigKeys (ConfUtils.java:logGet(43)) - raft.server.write.element-limit = 4096 (default)
2019-08-22 20:33:31,994 [b57f6041-151b-43d9-b1c6-c87944b8f8b5:group-A3C38ACF70E7:LeaderElection63] INFO  server.RaftServerConfigKeys (ConfUtils.java:logGet(43)) - raft.server.watch.timeout = 10s (default)
2019-08-22 20:33:31,994 [b57f6041-151b-43d9-b1c6-c87944b8f8b5:group-A3C38ACF70E7:LeaderElection63] INFO  server.RaftServerConfigKeys (ConfUtils.java:logGet(43)) - raft.server.watch.timeout.denomination = 1s (default)
2019-08-22 20:33:31,994 [b57f6041-151b-43d9-b1c6-c87944b8f8b5:group-A3C38ACF70E7:LeaderElection63] INFO  server.RaftServerConfigKeys (ConfUtils.java:logGet(43)) - raft.server.watch.element-limit = 65536 (default)
2019-08-22 20:33:31,994 [b57f6041-151b-43d9-b1c6-c87944b8f8b5:group-A3C38ACF70E7:LeaderElection63] INFO  impl.RoleInfo (RoleInfo.java:updateAndGet(143)) - b57f6041-151b-43d9-b1c6-c87944b8f8b5: start LeaderState
2019-08-22 20:33:31,995 [b57f6041-151b-43d9-b1c6-c87944b8f8b5:group-A3C38ACF70E7:LeaderElection63] INFO  segmented.SegmentedRaftLogWorker (SegmentedRaftLogWorker.java:startLogSegment(380)) - b57f6041-151b-43d9-b1c6-c87944b8f8b5-SegmentedRaftLogWorker:Storage Directory /workdir/hadoop-ozone/integration-test/target/test-dir/MiniOzoneClusterImpl-28bedab5-a7b6-4439-aa5a-0da14b59fc38/datanode-4/data/ratis/783acb80-1cb4-40bb-aebb-a3c38acf70e7: Starting segment from index:0
2019-08-22 20:33:31,995 [b57f6041-151b-43d9-b1c6-c87944b8f8b5:group-A3C38ACF70E7:LeaderElection63] INFO  impl.RaftServerImpl (ServerState.java:setRaftConf(361)) - b57f6041-151b-43d9-b1c6-c87944b8f8b5:group-A3C38ACF70E7 set configuration 0: [b57f6041-151b-43d9-b1c6-c87944b8f8b5:192.168.5.154:44495], old=null at 0
2019-08-22 20:33:32,048 [b57f6041-151b-43d9-b1c6-c87944b8f8b5-SegmentedRaftLogWorker:Storage Directory /workdir/hadoop-ozone/integration-test/target/test-dir/MiniOzoneClusterImpl-28bedab5-a7b6-4439-aa5a-0da14b59fc38/datanode-4/data/ratis/783acb80-1cb4-40bb-aebb-a3c38acf70e7] INFO  segmented.SegmentedRaftLogWorker (SegmentedRaftLogWorker.java:execute(569)) - b57f6041-151b-43d9-b1c6-c87944b8f8b5-SegmentedRaftLogWorker:Storage Directory /workdir/hadoop-ozone/integration-test/target/test-dir/MiniOzoneClusterImpl-28bedab5-a7b6-4439-aa5a-0da14b59fc38/datanode-4/data/ratis/783acb80-1cb4-40bb-aebb-a3c38acf70e7: created new log segment /workdir/hadoop-ozone/integration-test/target/test-dir/MiniOzoneClusterImpl-28bedab5-a7b6-4439-aa5a-0da14b59fc38/datanode-4/data/ratis/783acb80-1cb4-40bb-aebb-a3c38acf70e7/current/log_inprogress_0
2019-08-22 20:33:32,084 | INFO  | SCMAudit | user=jenkins1000 | ip=192.168.5.154 | op=SEND_HEARTBEAT {datanodeUUID=51076ca9-787f-4a25-b78d-948736530192, command=[]} | ret=SUCCESS |  
2019-08-22 20:33:32,108 | INFO  | SCMAudit | user=jenkins1000 | ip=192.168.5.154 | op=SEND_HEARTBEAT {datanodeUUID=a6344601-8d29-48c8-ae6d-e0943ca3f389, command=[]} | ret=SUCCESS |  
2019-08-22 20:33:32,226 [Thread-3341] INFO  impl.FollowerState (FollowerState.java:run(106)) - a6344601-8d29-48c8-ae6d-e0943ca3f389:group-B7F8F62C1479 changes to CANDIDATE, lastRpcTime:5071, electionTimeout:5071ms
2019-08-22 20:33:32,226 [Thread-3341] INFO  impl.RoleInfo (RoleInfo.java:shutdownFollowerState(121)) - a6344601-8d29-48c8-ae6d-e0943ca3f389: shutdown FollowerState
2019-08-22 20:33:32,226 [Thread-3341] INFO  impl.RaftServerImpl (RaftServerImpl.java:setRole(171)) - a6344601-8d29-48c8-ae6d-e0943ca3f389:group-B7F8F62C1479 changes role from FOLLOWER to CANDIDATE at term 0 for changeToCandidate
2019-08-22 20:33:32,226 [Thread-3341] INFO  impl.RoleInfo (RoleInfo.java:updateAndGet(143)) - a6344601-8d29-48c8-ae6d-e0943ca3f389: start LeaderElection
2019-08-22 20:33:32,226 [Thread-3344] INFO  impl.FollowerState (FollowerState.java:run(106)) - ccbe46ac-8be0-4969-adcf-2e9221e70c85:group-26C44D242AD3 changes to CANDIDATE, lastRpcTime:5003, electionTimeout:5003ms
2019-08-22 20:33:32,226 [Thread-3344] INFO  impl.RoleInfo (RoleInfo.java:shutdownFollowerState(121)) - ccbe46ac-8be0-4969-adcf-2e9221e70c85: shutdown FollowerState
2019-08-22 20:33:32,229 [Thread-3344] INFO  impl.RaftServerImpl (RaftServerImpl.java:setRole(171)) - ccbe46ac-8be0-4969-adcf-2e9221e70c85:group-26C44D242AD3 changes role from FOLLOWER to CANDIDATE at term 0 for changeToCandidate
2019-08-22 20:33:32,231 [Thread-3344] INFO  impl.RoleInfo (RoleInfo.java:updateAndGet(143)) - ccbe46ac-8be0-4969-adcf-2e9221e70c85: start LeaderElection
2019-08-22 20:33:32,262 [a6344601-8d29-48c8-ae6d-e0943ca3f389:group-B7F8F62C1479:LeaderElection64] INFO  impl.LeaderElection (LeaderElection.java:askForVotes(181)) - a6344601-8d29-48c8-ae6d-e0943ca3f389:group-B7F8F62C1479:LeaderElection64: begin an election at term 1 for -1: [a6344601-8d29-48c8-ae6d-e0943ca3f389:192.168.5.154:32777], old=null
2019-08-22 20:33:32,262 [ccbe46ac-8be0-4969-adcf-2e9221e70c85:group-26C44D242AD3:LeaderElection65] INFO  impl.LeaderElection (LeaderElection.java:askForVotes(181)) - ccbe46ac-8be0-4969-adcf-2e9221e70c85:group-26C44D242AD3:LeaderElection65: begin an election at term 1 for -1: [a6344601-8d29-48c8-ae6d-e0943ca3f389:192.168.5.154:32777, ccbe46ac-8be0-4969-adcf-2e9221e70c85:192.168.5.154:37473, b57f6041-151b-43d9-b1c6-c87944b8f8b5:192.168.5.154:44495], old=null
2019-08-22 20:33:32,262 [a6344601-8d29-48c8-ae6d-e0943ca3f389:group-B7F8F62C1479:LeaderElection64] INFO  impl.RoleInfo (RoleInfo.java:shutdownLeaderElection(134)) - a6344601-8d29-48c8-ae6d-e0943ca3f389: shutdown LeaderElection
2019-08-22 20:33:32,262 [a6344601-8d29-48c8-ae6d-e0943ca3f389:group-B7F8F62C1479:LeaderElection64] INFO  impl.RaftServerImpl (RaftServerImpl.java:setRole(171)) - a6344601-8d29-48c8-ae6d-e0943ca3f389:group-B7F8F62C1479 changes role from CANDIDATE to LEADER at term 1 for changeToLeader
2019-08-22 20:33:32,262 [a6344601-8d29-48c8-ae6d-e0943ca3f389:group-B7F8F62C1479:LeaderElection64] INFO  impl.RaftServerImpl (ServerState.java:setLeader(263)) - a6344601-8d29-48c8-ae6d-e0943ca3f389:group-B7F8F62C1479 change Leader from null to a6344601-8d29-48c8-ae6d-e0943ca3f389 at term 1 for becomeLeader, leader elected after 5112ms
2019-08-22 20:33:32,263 [a6344601-8d29-48c8-ae6d-e0943ca3f389:group-B7F8F62C1479:LeaderElection64] INFO  server.RaftServerConfigKeys (ConfUtils.java:logGet(43)) - raft.server.staging.catchup.gap = 1000 (default)
2019-08-22 20:33:32,263 [a6344601-8d29-48c8-ae6d-e0943ca3f389:group-B7F8F62C1479:LeaderElection64] INFO  server.RaftServerConfigKeys (ConfUtils.java:logGet(43)) - raft.server.rpc.sleep.time = 25ms (default)
2019-08-22 20:33:32,263 [a6344601-8d29-48c8-ae6d-e0943ca3f389:group-B7F8F62C1479:LeaderElection64] INFO  server.RaftServerConfigKeys (ConfUtils.java:logGet(43)) - raft.server.write.element-limit = 4096 (default)
2019-08-22 20:33:32,263 [a6344601-8d29-48c8-ae6d-e0943ca3f389:group-B7F8F62C1479:LeaderElection64] INFO  server.RaftServerConfigKeys (ConfUtils.java:logGet(43)) - raft.server.watch.timeout = 10s (default)
2019-08-22 20:33:32,263 [a6344601-8d29-48c8-ae6d-e0943ca3f389:group-B7F8F62C1479:LeaderElection64] INFO  server.RaftServerConfigKeys (ConfUtils.java:logGet(43)) - raft.server.watch.timeout.denomination = 1s (default)
2019-08-22 20:33:32,263 [a6344601-8d29-48c8-ae6d-e0943ca3f389:group-B7F8F62C1479:LeaderElection64] INFO  server.RaftServerConfigKeys (ConfUtils.java:logGet(43)) - raft.server.watch.element-limit = 65536 (default)
2019-08-22 20:33:32,264 [a6344601-8d29-48c8-ae6d-e0943ca3f389:group-B7F8F62C1479:LeaderElection64] INFO  impl.RoleInfo (RoleInfo.java:updateAndGet(143)) - a6344601-8d29-48c8-ae6d-e0943ca3f389: start LeaderState
2019-08-22 20:33:32,264 [a6344601-8d29-48c8-ae6d-e0943ca3f389:group-B7F8F62C1479:LeaderElection64] INFO  segmented.SegmentedRaftLogWorker (SegmentedRaftLogWorker.java:startLogSegment(380)) - a6344601-8d29-48c8-ae6d-e0943ca3f389-SegmentedRaftLogWorker:Storage Directory /workdir/hadoop-ozone/integration-test/target/test-dir/MiniOzoneClusterImpl-28bedab5-a7b6-4439-aa5a-0da14b59fc38/datanode-5/data/ratis/f7cdeac1-0106-4cfe-ac20-b7f8f62c1479: Starting segment from index:0
2019-08-22 20:33:32,265 [a6344601-8d29-48c8-ae6d-e0943ca3f389:group-B7F8F62C1479:LeaderElection64] INFO  impl.RaftServerImpl (ServerState.java:setRaftConf(361)) - a6344601-8d29-48c8-ae6d-e0943ca3f389:group-B7F8F62C1479 set configuration 0: [a6344601-8d29-48c8-ae6d-e0943ca3f389:192.168.5.154:32777], old=null at 0
2019-08-22 20:33:32,305 | INFO  | SCMAudit | user=jenkins1000 | ip=192.168.5.154 | op=SEND_HEARTBEAT {datanodeUUID=e88b764d-cc09-4ebb-b6a7-9b0a83937be8, command=[]} | ret=SUCCESS |  
2019-08-22 20:33:32,305 | INFO  | SCMAudit | user=jenkins1000 | ip=192.168.5.154 | op=SEND_HEARTBEAT {datanodeUUID=f0f4ed96-5399-4dd5-ad99-791f6ec54833, command=[]} | ret=SUCCESS |  
2019-08-22 20:33:32,307 [grpc-default-executor-11] INFO  impl.RaftServerImpl (RaftServerImpl.java:setRole(171)) - a6344601-8d29-48c8-ae6d-e0943ca3f389:group-26C44D242AD3 changes role from FOLLOWER to FOLLOWER at term 1 for recognizeCandidate:ccbe46ac-8be0-4969-adcf-2e9221e70c85
2019-08-22 20:33:32,307 [grpc-default-executor-10] INFO  impl.RaftServerImpl (RaftServerImpl.java:setRole(171)) - b57f6041-151b-43d9-b1c6-c87944b8f8b5:group-26C44D242AD3 changes role from FOLLOWER to FOLLOWER at term 1 for recognizeCandidate:ccbe46ac-8be0-4969-adcf-2e9221e70c85
2019-08-22 20:33:32,308 [grpc-default-executor-10] INFO  impl.RoleInfo (RoleInfo.java:shutdownFollowerState(121)) - b57f6041-151b-43d9-b1c6-c87944b8f8b5: shutdown FollowerState
2019-08-22 20:33:32,308 [grpc-default-executor-11] INFO  impl.RoleInfo (RoleInfo.java:shutdownFollowerState(121)) - a6344601-8d29-48c8-ae6d-e0943ca3f389: shutdown FollowerState
2019-08-22 20:33:32,308 [Thread-3347] INFO  impl.FollowerState (FollowerState.java:run(114)) - b57f6041-151b-43d9-b1c6-c87944b8f8b5: FollowerState was interrupted: java.lang.InterruptedException: sleep interrupted
2019-08-22 20:33:32,308 [grpc-default-executor-10] INFO  impl.RoleInfo (RoleInfo.java:updateAndGet(143)) - b57f6041-151b-43d9-b1c6-c87944b8f8b5: start FollowerState
2019-08-22 20:33:32,308 [Thread-3350] INFO  impl.FollowerState (FollowerState.java:run(114)) - a6344601-8d29-48c8-ae6d-e0943ca3f389: FollowerState was interrupted: java.lang.InterruptedException: sleep interrupted
2019-08-22 20:33:32,308 [grpc-default-executor-11] INFO  impl.RoleInfo (RoleInfo.java:updateAndGet(143)) - a6344601-8d29-48c8-ae6d-e0943ca3f389: start FollowerState
2019-08-22 20:33:32,317 [a6344601-8d29-48c8-ae6d-e0943ca3f389-SegmentedRaftLogWorker:Storage Directory /workdir/hadoop-ozone/integration-test/target/test-dir/MiniOzoneClusterImpl-28bedab5-a7b6-4439-aa5a-0da14b59fc38/datanode-5/data/ratis/f7cdeac1-0106-4cfe-ac20-b7f8f62c1479] INFO  segmented.SegmentedRaftLogWorker (SegmentedRaftLogWorker.java:execute(569)) - a6344601-8d29-48c8-ae6d-e0943ca3f389-SegmentedRaftLogWorker:Storage Directory /workdir/hadoop-ozone/integration-test/target/test-dir/MiniOzoneClusterImpl-28bedab5-a7b6-4439-aa5a-0da14b59fc38/datanode-5/data/ratis/f7cdeac1-0106-4cfe-ac20-b7f8f62c1479: created new log segment /workdir/hadoop-ozone/integration-test/target/test-dir/MiniOzoneClusterImpl-28bedab5-a7b6-4439-aa5a-0da14b59fc38/datanode-5/data/ratis/f7cdeac1-0106-4cfe-ac20-b7f8f62c1479/current/log_inprogress_0
2019-08-22 20:33:32,318 [ccbe46ac-8be0-4969-adcf-2e9221e70c85:group-26C44D242AD3:LeaderElection65] INFO  impl.LeaderElection (LeaderElection.java:logAndReturn(56)) - ccbe46ac-8be0-4969-adcf-2e9221e70c85:group-26C44D242AD3:LeaderElection65: Election PASSED; received 1 response(s) [ccbe46ac-8be0-4969-adcf-2e9221e70c85<-b57f6041-151b-43d9-b1c6-c87944b8f8b5#0:OK-t1] and 0 exception(s); ccbe46ac-8be0-4969-adcf-2e9221e70c85:t1, leader=null, voted=ccbe46ac-8be0-4969-adcf-2e9221e70c85, raftlog=ccbe46ac-8be0-4969-adcf-2e9221e70c85-SegmentedRaftLog:OPENED:c-1,f-1,i0, conf=-1: [a6344601-8d29-48c8-ae6d-e0943ca3f389:192.168.5.154:32777, ccbe46ac-8be0-4969-adcf-2e9221e70c85:192.168.5.154:37473, b57f6041-151b-43d9-b1c6-c87944b8f8b5:192.168.5.154:44495], old=null
2019-08-22 20:33:32,319 [ccbe46ac-8be0-4969-adcf-2e9221e70c85:group-26C44D242AD3:LeaderElection65] INFO  impl.RoleInfo (RoleInfo.java:shutdownLeaderElection(134)) - ccbe46ac-8be0-4969-adcf-2e9221e70c85: shutdown LeaderElection
2019-08-22 20:33:32,319 [ccbe46ac-8be0-4969-adcf-2e9221e70c85:group-26C44D242AD3:LeaderElection65] INFO  impl.RaftServerImpl (RaftServerImpl.java:setRole(171)) - ccbe46ac-8be0-4969-adcf-2e9221e70c85:group-26C44D242AD3 changes role from CANDIDATE to LEADER at term 1 for changeToLeader
2019-08-22 20:33:32,319 [ccbe46ac-8be0-4969-adcf-2e9221e70c85:group-26C44D242AD3:LeaderElection65] INFO  impl.RaftServerImpl (ServerState.java:setLeader(263)) - ccbe46ac-8be0-4969-adcf-2e9221e70c85:group-26C44D242AD3 change Leader from null to ccbe46ac-8be0-4969-adcf-2e9221e70c85 at term 1 for becomeLeader, leader elected after 5104ms
2019-08-22 20:33:32,319 [ccbe46ac-8be0-4969-adcf-2e9221e70c85:group-26C44D242AD3:LeaderElection65] INFO  server.RaftServerConfigKeys (ConfUtils.java:logGet(43)) - raft.server.staging.catchup.gap = 1000 (default)
2019-08-22 20:33:32,319 [ccbe46ac-8be0-4969-adcf-2e9221e70c85:group-26C44D242AD3:LeaderElection65] INFO  server.RaftServerConfigKeys (ConfUtils.java:logGet(43)) - raft.server.rpc.sleep.time = 25ms (default)
2019-08-22 20:33:32,319 [ccbe46ac-8be0-4969-adcf-2e9221e70c85:group-26C44D242AD3:LeaderElection65] INFO  server.RaftServerConfigKeys (ConfUtils.java:logGet(43)) - raft.server.write.element-limit = 4096 (default)
2019-08-22 20:33:32,320 [ccbe46ac-8be0-4969-adcf-2e9221e70c85:group-26C44D242AD3:LeaderElection65] INFO  server.RaftServerConfigKeys (ConfUtils.java:logGet(43)) - raft.server.watch.timeout = 10s (default)
2019-08-22 20:33:32,320 [ccbe46ac-8be0-4969-adcf-2e9221e70c85:group-26C44D242AD3:LeaderElection65] INFO  server.RaftServerConfigKeys (ConfUtils.java:logGet(43)) - raft.server.watch.timeout.denomination = 1s (default)
2019-08-22 20:33:32,320 [ccbe46ac-8be0-4969-adcf-2e9221e70c85:group-26C44D242AD3:LeaderElection65] INFO  server.RaftServerConfigKeys (ConfUtils.java:logGet(43)) - raft.server.watch.element-limit = 65536 (default)
2019-08-22 20:33:32,320 [ccbe46ac-8be0-4969-adcf-2e9221e70c85:group-26C44D242AD3:LeaderElection65] INFO  server.RaftServerConfigKeys (ConfUtils.java:logGet(43)) - raft.server.log.appender.snapshot.chunk.size.max = 16MB (=16777216) (default)
2019-08-22 20:33:32,320 [ccbe46ac-8be0-4969-adcf-2e9221e70c85:group-26C44D242AD3:LeaderElection65] INFO  server.RaftServerConfigKeys (ConfUtils.java:logGet(43)) - raft.server.log.appender.buffer.byte-limit = 33554432 (custom)
2019-08-22 20:33:32,321 [ccbe46ac-8be0-4969-adcf-2e9221e70c85:group-26C44D242AD3:LeaderElection65] INFO  server.RaftServerConfigKeys (ConfUtils.java:logGet(43)) - raft.server.log.appender.buffer.element-limit = 1 (custom)
2019-08-22 20:33:32,321 [ccbe46ac-8be0-4969-adcf-2e9221e70c85:group-26C44D242AD3:LeaderElection65] INFO  grpc.GrpcConfigKeys$Server (ConfUtils.java:logGet(43)) - raft.grpc.server.leader.outstanding.appends.max = 128 (default)
2019-08-22 20:33:32,321 [ccbe46ac-8be0-4969-adcf-2e9221e70c85:group-26C44D242AD3:LeaderElection65] INFO  server.RaftServerConfigKeys (ConfUtils.java:logGet(43)) - raft.server.rpc.request.timeout = 3000ms (default)
2019-08-22 20:33:32,321 [ccbe46ac-8be0-4969-adcf-2e9221e70c85:group-26C44D242AD3:LeaderElection65] INFO  server.RaftServerConfigKeys (ConfUtils.java:logGet(43)) - raft.server.log.appender.install.snapshot.enabled = false (custom)
2019-08-22 20:33:32,321 [ccbe46ac-8be0-4969-adcf-2e9221e70c85:group-26C44D242AD3:LeaderElection65] INFO  server.RaftServerConfigKeys (ConfUtils.java:logGet(43)) - raft.server.log.appender.snapshot.chunk.size.max = 16MB (=16777216) (default)
2019-08-22 20:33:32,322 [ccbe46ac-8be0-4969-adcf-2e9221e70c85:group-26C44D242AD3:LeaderElection65] INFO  server.RaftServerConfigKeys (ConfUtils.java:logGet(43)) - raft.server.log.appender.buffer.byte-limit = 33554432 (custom)
2019-08-22 20:33:32,322 [ccbe46ac-8be0-4969-adcf-2e9221e70c85:group-26C44D242AD3:LeaderElection65] INFO  server.RaftServerConfigKeys (ConfUtils.java:logGet(43)) - raft.server.log.appender.buffer.element-limit = 1 (custom)
2019-08-22 20:33:32,322 [ccbe46ac-8be0-4969-adcf-2e9221e70c85:group-26C44D242AD3:LeaderElection65] INFO  grpc.GrpcConfigKeys$Server (ConfUtils.java:logGet(43)) - raft.grpc.server.leader.outstanding.appends.max = 128 (default)
2019-08-22 20:33:32,322 [ccbe46ac-8be0-4969-adcf-2e9221e70c85:group-26C44D242AD3:LeaderElection65] INFO  server.RaftServerConfigKeys (ConfUtils.java:logGet(43)) - raft.server.rpc.request.timeout = 3000ms (default)
2019-08-22 20:33:32,322 [ccbe46ac-8be0-4969-adcf-2e9221e70c85:group-26C44D242AD3:LeaderElection65] INFO  server.RaftServerConfigKeys (ConfUtils.java:logGet(43)) - raft.server.log.appender.install.snapshot.enabled = false (custom)
2019-08-22 20:33:32,322 [ccbe46ac-8be0-4969-adcf-2e9221e70c85:group-26C44D242AD3:LeaderElection65] INFO  impl.RoleInfo (RoleInfo.java:updateAndGet(143)) - ccbe46ac-8be0-4969-adcf-2e9221e70c85: start LeaderState
2019-08-22 20:33:32,323 [ccbe46ac-8be0-4969-adcf-2e9221e70c85:group-26C44D242AD3:LeaderElection65] INFO  segmented.SegmentedRaftLogWorker (SegmentedRaftLogWorker.java:startLogSegment(380)) - ccbe46ac-8be0-4969-adcf-2e9221e70c85-SegmentedRaftLogWorker:Storage Directory /workdir/hadoop-ozone/integration-test/target/test-dir/MiniOzoneClusterImpl-28bedab5-a7b6-4439-aa5a-0da14b59fc38/datanode-3/data/ratis/bb9083b3-f1e8-437c-a7dc-26c44d242ad3: Starting segment from index:0
2019-08-22 20:33:32,324 [ccbe46ac-8be0-4969-adcf-2e9221e70c85:group-26C44D242AD3:LeaderElection65] INFO  impl.RaftServerImpl (ServerState.java:setRaftConf(361)) - ccbe46ac-8be0-4969-adcf-2e9221e70c85:group-26C44D242AD3 set configuration 0: [a6344601-8d29-48c8-ae6d-e0943ca3f389:192.168.5.154:32777, ccbe46ac-8be0-4969-adcf-2e9221e70c85:192.168.5.154:37473, b57f6041-151b-43d9-b1c6-c87944b8f8b5:192.168.5.154:44495], old=null at 0
2019-08-22 20:33:32,368 [grpc-default-executor-10] INFO  impl.RaftServerImpl (ServerState.java:setLeader(263)) - a6344601-8d29-48c8-ae6d-e0943ca3f389:group-26C44D242AD3 change Leader from null to ccbe46ac-8be0-4969-adcf-2e9221e70c85 at term 1 for appendEntries, leader elected after 5153ms
2019-08-22 20:33:32,368 [grpc-default-executor-11] INFO  impl.RaftServerImpl (ServerState.java:setLeader(263)) - b57f6041-151b-43d9-b1c6-c87944b8f8b5:group-26C44D242AD3 change Leader from null to ccbe46ac-8be0-4969-adcf-2e9221e70c85 at term 1 for appendEntries, leader elected after 5153ms
2019-08-22 20:33:32,370 [grpc-default-executor-11] INFO  impl.RaftServerImpl (ServerState.java:setRaftConf(361)) - a6344601-8d29-48c8-ae6d-e0943ca3f389:group-26C44D242AD3 set configuration 0: [a6344601-8d29-48c8-ae6d-e0943ca3f389:192.168.5.154:32777, ccbe46ac-8be0-4969-adcf-2e9221e70c85:192.168.5.154:37473, b57f6041-151b-43d9-b1c6-c87944b8f8b5:192.168.5.154:44495], old=null at 0
2019-08-22 20:33:32,370 [grpc-default-executor-11] INFO  segmented.SegmentedRaftLogWorker (SegmentedRaftLogWorker.java:startLogSegment(380)) - a6344601-8d29-48c8-ae6d-e0943ca3f389-SegmentedRaftLogWorker:Storage Directory /workdir/hadoop-ozone/integration-test/target/test-dir/MiniOzoneClusterImpl-28bedab5-a7b6-4439-aa5a-0da14b59fc38/datanode-5/data/ratis/bb9083b3-f1e8-437c-a7dc-26c44d242ad3: Starting segment from index:0
2019-08-22 20:33:32,371 [grpc-default-executor-10] INFO  impl.RaftServerImpl (ServerState.java:setRaftConf(361)) - b57f6041-151b-43d9-b1c6-c87944b8f8b5:group-26C44D242AD3 set configuration 0: [a6344601-8d29-48c8-ae6d-e0943ca3f389:192.168.5.154:32777, ccbe46ac-8be0-4969-adcf-2e9221e70c85:192.168.5.154:37473, b57f6041-151b-43d9-b1c6-c87944b8f8b5:192.168.5.154:44495], old=null at 0
2019-08-22 20:33:32,371 [grpc-default-executor-10] INFO  segmented.SegmentedRaftLogWorker (SegmentedRaftLogWorker.java:startLogSegment(380)) - b57f6041-151b-43d9-b1c6-c87944b8f8b5-SegmentedRaftLogWorker:Storage Directory /workdir/hadoop-ozone/integration-test/target/test-dir/MiniOzoneClusterImpl-28bedab5-a7b6-4439-aa5a-0da14b59fc38/datanode-4/data/ratis/bb9083b3-f1e8-437c-a7dc-26c44d242ad3: Starting segment from index:0
2019-08-22 20:33:32,377 [ccbe46ac-8be0-4969-adcf-2e9221e70c85-SegmentedRaftLogWorker:Storage Directory /workdir/hadoop-ozone/integration-test/target/test-dir/MiniOzoneClusterImpl-28bedab5-a7b6-4439-aa5a-0da14b59fc38/datanode-3/data/ratis/bb9083b3-f1e8-437c-a7dc-26c44d242ad3] INFO  segmented.SegmentedRaftLogWorker (SegmentedRaftLogWorker.java:execute(569)) - ccbe46ac-8be0-4969-adcf-2e9221e70c85-SegmentedRaftLogWorker:Storage Directory /workdir/hadoop-ozone/integration-test/target/test-dir/MiniOzoneClusterImpl-28bedab5-a7b6-4439-aa5a-0da14b59fc38/datanode-3/data/ratis/bb9083b3-f1e8-437c-a7dc-26c44d242ad3: created new log segment /workdir/hadoop-ozone/integration-test/target/test-dir/MiniOzoneClusterImpl-28bedab5-a7b6-4439-aa5a-0da14b59fc38/datanode-3/data/ratis/bb9083b3-f1e8-437c-a7dc-26c44d242ad3/current/log_inprogress_0
2019-08-22 20:33:32,424 [b57f6041-151b-43d9-b1c6-c87944b8f8b5-SegmentedRaftLogWorker:Storage Directory /workdir/hadoop-ozone/integration-test/target/test-dir/MiniOzoneClusterImpl-28bedab5-a7b6-4439-aa5a-0da14b59fc38/datanode-4/data/ratis/bb9083b3-f1e8-437c-a7dc-26c44d242ad3] INFO  segmented.SegmentedRaftLogWorker (SegmentedRaftLogWorker.java:execute(569)) - b57f6041-151b-43d9-b1c6-c87944b8f8b5-SegmentedRaftLogWorker:Storage Directory /workdir/hadoop-ozone/integration-test/target/test-dir/MiniOzoneClusterImpl-28bedab5-a7b6-4439-aa5a-0da14b59fc38/datanode-4/data/ratis/bb9083b3-f1e8-437c-a7dc-26c44d242ad3: created new log segment /workdir/hadoop-ozone/integration-test/target/test-dir/MiniOzoneClusterImpl-28bedab5-a7b6-4439-aa5a-0da14b59fc38/datanode-4/data/ratis/bb9083b3-f1e8-437c-a7dc-26c44d242ad3/current/log_inprogress_0
2019-08-22 20:33:32,424 [a6344601-8d29-48c8-ae6d-e0943ca3f389-SegmentedRaftLogWorker:Storage Directory /workdir/hadoop-ozone/integration-test/target/test-dir/MiniOzoneClusterImpl-28bedab5-a7b6-4439-aa5a-0da14b59fc38/datanode-5/data/ratis/bb9083b3-f1e8-437c-a7dc-26c44d242ad3] INFO  segmented.SegmentedRaftLogWorker (SegmentedRaftLogWorker.java:execute(569)) - a6344601-8d29-48c8-ae6d-e0943ca3f389-SegmentedRaftLogWorker:Storage Directory /workdir/hadoop-ozone/integration-test/target/test-dir/MiniOzoneClusterImpl-28bedab5-a7b6-4439-aa5a-0da14b59fc38/datanode-5/data/ratis/bb9083b3-f1e8-437c-a7dc-26c44d242ad3: created new log segment /workdir/hadoop-ozone/integration-test/target/test-dir/MiniOzoneClusterImpl-28bedab5-a7b6-4439-aa5a-0da14b59fc38/datanode-5/data/ratis/bb9083b3-f1e8-437c-a7dc-26c44d242ad3/current/log_inprogress_0
2019-08-22 20:33:32,467 [grpc-default-executor-10] INFO  client.GrpcClientProtocolClient (GrpcClientProtocolClient.java:onNext(255)) - client-8CEA2D754DC4->f0f4ed96-5399-4dd5-ad99-791f6ec54833: receive RaftClientReply:client-8CEA2D754DC4->f0f4ed96-5399-4dd5-ad99-791f6ec54833@group-7C12ADBC7497, cid=175, FAILED org.apache.ratis.protocol.NotLeaderException: Server f0f4ed96-5399-4dd5-ad99-791f6ec54833 is not the leader (2daced53-459d-4517-a1dc-5ae4d7d13a80:192.168.5.154:44688). Request must be sent to leader., logIndex=0, commits[f0f4ed96-5399-4dd5-ad99-791f6ec54833:c-1, 51076ca9-787f-4a25-b78d-948736530192:c-1, 2daced53-459d-4517-a1dc-5ae4d7d13a80:c-1]
2019-08-22 20:33:32,472 [Thread-3355] INFO  impl.FollowerState (FollowerState.java:run(106)) - e88b764d-cc09-4ebb-b6a7-9b0a83937be8:group-5A29B531B60D changes to CANDIDATE, lastRpcTime:5100, electionTimeout:5100ms
2019-08-22 20:33:32,472 [Thread-3355] INFO  impl.RoleInfo (RoleInfo.java:shutdownFollowerState(121)) - e88b764d-cc09-4ebb-b6a7-9b0a83937be8: shutdown FollowerState
2019-08-22 20:33:32,472 [Thread-3355] INFO  impl.RaftServerImpl (RaftServerImpl.java:setRole(171)) - e88b764d-cc09-4ebb-b6a7-9b0a83937be8:group-5A29B531B60D changes role from FOLLOWER to CANDIDATE at term 0 for changeToCandidate
2019-08-22 20:33:32,472 [Thread-3355] INFO  impl.RoleInfo (RoleInfo.java:updateAndGet(143)) - e88b764d-cc09-4ebb-b6a7-9b0a83937be8: start LeaderElection
2019-08-22 20:33:32,508 [e88b764d-cc09-4ebb-b6a7-9b0a83937be8:group-5A29B531B60D:LeaderElection66] INFO  impl.LeaderElection (LeaderElection.java:askForVotes(181)) - e88b764d-cc09-4ebb-b6a7-9b0a83937be8:group-5A29B531B60D:LeaderElection66: begin an election at term 1 for -1: [e88b764d-cc09-4ebb-b6a7-9b0a83937be8:192.168.5.154:36121], old=null
2019-08-22 20:33:32,509 [e88b764d-cc09-4ebb-b6a7-9b0a83937be8:group-5A29B531B60D:LeaderElection66] INFO  impl.RoleInfo (RoleInfo.java:shutdownLeaderElection(134)) - e88b764d-cc09-4ebb-b6a7-9b0a83937be8: shutdown LeaderElection
2019-08-22 20:33:32,509 [e88b764d-cc09-4ebb-b6a7-9b0a83937be8:group-5A29B531B60D:LeaderElection66] INFO  impl.RaftServerImpl (RaftServerImpl.java:setRole(171)) - e88b764d-cc09-4ebb-b6a7-9b0a83937be8:group-5A29B531B60D changes role from CANDIDATE to LEADER at term 1 for changeToLeader
2019-08-22 20:33:32,509 [e88b764d-cc09-4ebb-b6a7-9b0a83937be8:group-5A29B531B60D:LeaderElection66] INFO  impl.RaftServerImpl (ServerState.java:setLeader(263)) - e88b764d-cc09-4ebb-b6a7-9b0a83937be8:group-5A29B531B60D change Leader from null to e88b764d-cc09-4ebb-b6a7-9b0a83937be8 at term 1 for becomeLeader, leader elected after 5141ms
2019-08-22 20:33:32,509 [e88b764d-cc09-4ebb-b6a7-9b0a83937be8:group-5A29B531B60D:LeaderElection66] INFO  server.RaftServerConfigKeys (ConfUtils.java:logGet(43)) - raft.server.staging.catchup.gap = 1000 (default)
2019-08-22 20:33:32,509 [e88b764d-cc09-4ebb-b6a7-9b0a83937be8:group-5A29B531B60D:LeaderElection66] INFO  server.RaftServerConfigKeys (ConfUtils.java:logGet(43)) - raft.server.rpc.sleep.time = 25ms (default)
2019-08-22 20:33:32,509 [e88b764d-cc09-4ebb-b6a7-9b0a83937be8:group-5A29B531B60D:LeaderElection66] INFO  server.RaftServerConfigKeys (ConfUtils.java:logGet(43)) - raft.server.write.element-limit = 4096 (default)
2019-08-22 20:33:32,510 [e88b764d-cc09-4ebb-b6a7-9b0a83937be8:group-5A29B531B60D:LeaderElection66] INFO  server.RaftServerConfigKeys (ConfUtils.java:logGet(43)) - raft.server.watch.timeout = 10s (default)
2019-08-22 20:33:32,510 [e88b764d-cc09-4ebb-b6a7-9b0a83937be8:group-5A29B531B60D:LeaderElection66] INFO  server.RaftServerConfigKeys (ConfUtils.java:logGet(43)) - raft.server.watch.timeout.denomination = 1s (default)
2019-08-22 20:33:32,510 [e88b764d-cc09-4ebb-b6a7-9b0a83937be8:group-5A29B531B60D:LeaderElection66] INFO  server.RaftServerConfigKeys (ConfUtils.java:logGet(43)) - raft.server.watch.element-limit = 65536 (default)
2019-08-22 20:33:32,510 [e88b764d-cc09-4ebb-b6a7-9b0a83937be8:group-5A29B531B60D:LeaderElection66] INFO  impl.RoleInfo (RoleInfo.java:updateAndGet(143)) - e88b764d-cc09-4ebb-b6a7-9b0a83937be8: start LeaderState
2019-08-22 20:33:32,510 [e88b764d-cc09-4ebb-b6a7-9b0a83937be8:group-5A29B531B60D:LeaderElection66] INFO  segmented.SegmentedRaftLogWorker (SegmentedRaftLogWorker.java:startLogSegment(380)) - e88b764d-cc09-4ebb-b6a7-9b0a83937be8-SegmentedRaftLogWorker:Storage Directory /workdir/hadoop-ozone/integration-test/target/test-dir/MiniOzoneClusterImpl-28bedab5-a7b6-4439-aa5a-0da14b59fc38/datanode-6/data/ratis/9c2383e0-b030-424d-97ca-5a29b531b60d: Starting segment from index:0
2019-08-22 20:33:32,511 [e88b764d-cc09-4ebb-b6a7-9b0a83937be8:group-5A29B531B60D:LeaderElection66] INFO  impl.RaftServerImpl (ServerState.java:setRaftConf(361)) - e88b764d-cc09-4ebb-b6a7-9b0a83937be8:group-5A29B531B60D set configuration 0: [e88b764d-cc09-4ebb-b6a7-9b0a83937be8:192.168.5.154:36121], old=null at 0
2019-08-22 20:33:32,562 [e88b764d-cc09-4ebb-b6a7-9b0a83937be8-SegmentedRaftLogWorker:Storage Directory /workdir/hadoop-ozone/integration-test/target/test-dir/MiniOzoneClusterImpl-28bedab5-a7b6-4439-aa5a-0da14b59fc38/datanode-6/data/ratis/9c2383e0-b030-424d-97ca-5a29b531b60d] INFO  segmented.SegmentedRaftLogWorker (SegmentedRaftLogWorker.java:execute(569)) - e88b764d-cc09-4ebb-b6a7-9b0a83937be8-SegmentedRaftLogWorker:Storage Directory /workdir/hadoop-ozone/integration-test/target/test-dir/MiniOzoneClusterImpl-28bedab5-a7b6-4439-aa5a-0da14b59fc38/datanode-6/data/ratis/9c2383e0-b030-424d-97ca-5a29b531b60d: created new log segment /workdir/hadoop-ozone/integration-test/target/test-dir/MiniOzoneClusterImpl-28bedab5-a7b6-4439-aa5a-0da14b59fc38/datanode-6/data/ratis/9c2383e0-b030-424d-97ca-5a29b531b60d/current/log_inprogress_0
2019-08-22 20:33:32,640 | INFO  | DNAudit | user=null | ip=null | op=WRITE_CHUNK {blockData=conID: 1 locID: 102662537699328014 bcsId: 0} | ret=SUCCESS |  
2019-08-22 20:33:32,640 | INFO  | DNAudit | user=null | ip=null | op=WRITE_CHUNK {blockData=conID: 1 locID: 102662537699328014 bcsId: 0} | ret=SUCCESS |  
2019-08-22 20:33:32,640 | INFO  | DNAudit | user=null | ip=null | op=WRITE_CHUNK {blockData=conID: 1 locID: 102662537699328014 bcsId: 0} | ret=SUCCESS |  
2019-08-22 20:33:32,641 | INFO  | SCMAudit | user=jenkins1000 | ip=192.168.5.154 | op=SEND_HEARTBEAT {datanodeUUID=51076ca9-787f-4a25-b78d-948736530192, command=[]} | ret=SUCCESS |  
2019-08-22 20:33:32,641 | INFO  | SCMAudit | user=jenkins1000 | ip=192.168.5.154 | op=SEND_HEARTBEAT {datanodeUUID=2daced53-459d-4517-a1dc-5ae4d7d13a80, command=[]} | ret=SUCCESS |  
2019-08-22 20:33:32,641 | INFO  | SCMAudit | user=jenkins1000 | ip=192.168.5.154 | op=SEND_HEARTBEAT {datanodeUUID=f0f4ed96-5399-4dd5-ad99-791f6ec54833, command=[]} | ret=SUCCESS |  
2019-08-22 20:33:32,655 | INFO  | DNAudit | user=null | ip=null | op=WRITE_CHUNK {blockData=conID: 1 locID: 102662537699328014 bcsId: 0} | ret=SUCCESS |  
2019-08-22 20:33:32,659 [grpc-default-executor-11] INFO  client.GrpcClientProtocolClient (GrpcClientProtocolClient.java:onNext(255)) - client-8CEA2D754DC4->2daced53-459d-4517-a1dc-5ae4d7d13a80: receive RaftClientReply:client-8CEA2D754DC4->2daced53-459d-4517-a1dc-5ae4d7d13a80@group-7C12ADBC7497, cid=175, SUCCESS, logIndex=1, commits[2daced53-459d-4517-a1dc-5ae4d7d13a80:c1, f0f4ed96-5399-4dd5-ad99-791f6ec54833:c0, 51076ca9-787f-4a25-b78d-948736530192:c0]
2019-08-22 20:33:32,664 | INFO  | DNAudit | user=null | ip=null | op=WRITE_CHUNK {blockData=conID: 1 locID: 102662537699328014 bcsId: 0} | ret=SUCCESS |  
2019-08-22 20:33:32,666 | INFO  | DNAudit | user=null | ip=null | op=WRITE_CHUNK {blockData=conID: 1 locID: 102662537699328014 bcsId: 0} | ret=SUCCESS |  
2019-08-22 20:33:32,666 | INFO  | DNAudit | user=null | ip=null | op=WRITE_CHUNK {blockData=conID: 1 locID: 102662537699328014 bcsId: 0} | ret=SUCCESS |  
2019-08-22 20:33:32,666 | INFO  | DNAudit | user=null | ip=null | op=WRITE_CHUNK {blockData=conID: 1 locID: 102662537699328014 bcsId: 0} | ret=SUCCESS |  
2019-08-22 20:33:32,670 | INFO  | DNAudit | user=null | ip=null | op=WRITE_CHUNK {blockData=conID: 1 locID: 102662537699328014 bcsId: 0} | ret=SUCCESS |  
2019-08-22 20:33:32,670 | INFO  | DNAudit | user=null | ip=null | op=WRITE_CHUNK {blockData=conID: 1 locID: 102662537699328014 bcsId: 0} | ret=SUCCESS |  
2019-08-22 20:33:32,670 | INFO  | DNAudit | user=null | ip=null | op=WRITE_CHUNK {blockData=conID: 1 locID: 102662537699328014 bcsId: 0} | ret=SUCCESS |  
2019-08-22 20:33:32,670 | INFO  | DNAudit | user=null | ip=null | op=WRITE_CHUNK {blockData=conID: 1 locID: 102662537699328014 bcsId: 0} | ret=SUCCESS |  
2019-08-22 20:33:32,671 | INFO  | DNAudit | user=null | ip=null | op=WRITE_CHUNK {blockData=conID: 1 locID: 102662537699328014 bcsId: 0} | ret=SUCCESS |  
2019-08-22 20:33:32,671 | INFO  | DNAudit | user=null | ip=null | op=WRITE_CHUNK {blockData=conID: 1 locID: 102662537699328014 bcsId: 0} | ret=SUCCESS |  
2019-08-22 20:33:32,672 | INFO  | DNAudit | user=null | ip=null | op=WRITE_CHUNK {blockData=conID: 1 locID: 102662537699328014 bcsId: 0} | ret=SUCCESS |  
2019-08-22 20:33:32,679 | INFO  | DNAudit | user=null | ip=null | op=WRITE_CHUNK {blockData=conID: 1 locID: 102662537699328014 bcsId: 0} | ret=SUCCESS |  
2019-08-22 20:33:32,689 | INFO  | DNAudit | user=null | ip=null | op=WRITE_CHUNK {blockData=conID: 1 locID: 102662537699328014 bcsId: 0} | ret=SUCCESS |  
2019-08-22 20:33:32,689 | INFO  | DNAudit | user=null | ip=null | op=WRITE_CHUNK {blockData=conID: 1 locID: 102662537699328014 bcsId: 0} | ret=SUCCESS |  
2019-08-22 20:33:32,689 [grpc-default-executor-11] INFO  client.GrpcClientProtocolClient (GrpcClientProtocolClient.java:onNext(255)) - client-8CEA2D754DC4->2daced53-459d-4517-a1dc-5ae4d7d13a80: receive RaftClientReply:client-8CEA2D754DC4->2daced53-459d-4517-a1dc-5ae4d7d13a80@group-7C12ADBC7497, cid=176, SUCCESS, logIndex=3, commits[2daced53-459d-4517-a1dc-5ae4d7d13a80:c4, f0f4ed96-5399-4dd5-ad99-791f6ec54833:c1, 51076ca9-787f-4a25-b78d-948736530192:c1]
2019-08-22 20:33:32,719 | INFO  | SCMAudit | user=jenkins1000 | ip=192.168.5.154 | op=SEND_HEARTBEAT {datanodeUUID=ccbe46ac-8be0-4969-adcf-2e9221e70c85, command=[]} | ret=SUCCESS |  
2019-08-22 20:33:32,724 | INFO  | DNAudit | user=null | ip=null | op=PUT_BLOCK {blockData=[blockId=conID: 1 locID: 102662537699328014 bcsId: 0,size=200]} | ret=SUCCESS |  
2019-08-22 20:33:32,725 | INFO  | DNAudit | user=null | ip=null | op=WRITE_CHUNK {blockData=conID: 1 locID: 102662537699328014 bcsId: 0} | ret=SUCCESS |  
2019-08-22 20:33:32,725 | INFO  | DNAudit | user=null | ip=null | op=WRITE_CHUNK {blockData=conID: 1 locID: 102662537699328014 bcsId: 0} | ret=SUCCESS |  
2019-08-22 20:33:32,725 [grpc-default-executor-10] INFO  client.GrpcClientProtocolClient (GrpcClientProtocolClient.java:onNext(255)) - client-8CEA2D754DC4->2daced53-459d-4517-a1dc-5ae4d7d13a80: receive RaftClientReply:client-8CEA2D754DC4->2daced53-459d-4517-a1dc-5ae4d7d13a80@group-7C12ADBC7497, cid=177, SUCCESS, logIndex=4, commits[2daced53-459d-4517-a1dc-5ae4d7d13a80:c12, f0f4ed96-5399-4dd5-ad99-791f6ec54833:c7, 51076ca9-787f-4a25-b78d-948736530192:c7]
2019-08-22 20:33:32,727 [grpc-default-executor-10] INFO  client.GrpcClientProtocolClient (GrpcClientProtocolClient.java:onNext(255)) - client-8CEA2D754DC4->2daced53-459d-4517-a1dc-5ae4d7d13a80: receive RaftClientReply:client-8CEA2D754DC4->2daced53-459d-4517-a1dc-5ae4d7d13a80@group-7C12ADBC7497, cid=178, SUCCESS, logIndex=5, commits[2daced53-459d-4517-a1dc-5ae4d7d13a80:c12, f0f4ed96-5399-4dd5-ad99-791f6ec54833:c7, 51076ca9-787f-4a25-b78d-948736530192:c7]
2019-08-22 20:33:32,727 [grpc-default-executor-10] INFO  client.GrpcClientProtocolClient (GrpcClientProtocolClient.java:onNext(255)) - client-8CEA2D754DC4->2daced53-459d-4517-a1dc-5ae4d7d13a80: receive RaftClientReply:client-8CEA2D754DC4->2daced53-459d-4517-a1dc-5ae4d7d13a80@group-7C12ADBC7497, cid=179, SUCCESS, logIndex=6, commits[2daced53-459d-4517-a1dc-5ae4d7d13a80:c12, f0f4ed96-5399-4dd5-ad99-791f6ec54833:c7, 51076ca9-787f-4a25-b78d-948736530192:c7]
2019-08-22 20:33:32,796 | INFO  | DNAudit | user=null | ip=null | op=PUT_BLOCK {blockData=[blockId=conID: 1 locID: 102662537699328014 bcsId: 0,size=200]} | ret=SUCCESS |  
2019-08-22 20:33:32,797 | INFO  | DNAudit | user=null | ip=null | op=WRITE_CHUNK {blockData=conID: 1 locID: 102662537699328014 bcsId: 0} | ret=SUCCESS |  
2019-08-22 20:33:32,797 | INFO  | DNAudit | user=null | ip=null | op=WRITE_CHUNK {blockData=conID: 1 locID: 102662537699328014 bcsId: 0} | ret=SUCCESS |  
2019-08-22 20:33:32,867 | INFO  | DNAudit | user=null | ip=null | op=PUT_BLOCK {blockData=[blockId=conID: 1 locID: 102662537699328014 bcsId: 0,size=400]} | ret=SUCCESS |  
2019-08-22 20:33:32,867 | INFO  | DNAudit | user=null | ip=null | op=PUT_BLOCK {blockData=[blockId=conID: 1 locID: 102662537699328014 bcsId: 0,size=400]} | ret=SUCCESS |  
2019-08-22 20:33:32,867 | INFO  | DNAudit | user=null | ip=null | op=PUT_BLOCK {blockData=[blockId=conID: 1 locID: 102662537699328014 bcsId: 0,size=200]} | ret=SUCCESS |  
2019-08-22 20:33:32,868 | INFO  | DNAudit | user=null | ip=null | op=WRITE_CHUNK {blockData=conID: 1 locID: 102662537699328014 bcsId: 0} | ret=SUCCESS |  
2019-08-22 20:33:32,869 | INFO  | DNAudit | user=null | ip=null | op=WRITE_CHUNK {blockData=conID: 1 locID: 102662537699328014 bcsId: 0} | ret=SUCCESS |  
2019-08-22 20:33:32,870 | INFO  | DNAudit | user=null | ip=null | op=PUT_BLOCK {blockData=[blockId=conID: 1 locID: 102662537699328014 bcsId: 0,size=400]} | ret=SUCCESS |  
2019-08-22 20:33:32,870 [grpc-default-executor-10] INFO  client.GrpcClientProtocolClient (GrpcClientProtocolClient.java:onNext(255)) - client-8CEA2D754DC4->2daced53-459d-4517-a1dc-5ae4d7d13a80: receive RaftClientReply:client-8CEA2D754DC4->2daced53-459d-4517-a1dc-5ae4d7d13a80@group-7C12ADBC7497, cid=180, SUCCESS, logIndex=7, commits[2daced53-459d-4517-a1dc-5ae4d7d13a80:c12, f0f4ed96-5399-4dd5-ad99-791f6ec54833:c7, 51076ca9-787f-4a25-b78d-948736530192:c7]
2019-08-22 20:33:32,874 | INFO  | DNAudit | user=null | ip=null | op=WRITE_CHUNK {blockData=conID: 1 locID: 102662537699328014 bcsId: 7} | ret=SUCCESS |  
2019-08-22 20:33:32,875 | INFO  | DNAudit | user=null | ip=null | op=WRITE_CHUNK {blockData=conID: 1 locID: 102662537699328014 bcsId: 7} | ret=SUCCESS |  
2019-08-22 20:33:32,876 | INFO  | DNAudit | user=null | ip=null | op=WRITE_CHUNK {blockData=conID: 1 locID: 102662537699328014 bcsId: 7} | ret=SUCCESS |  
2019-08-22 20:33:32,888 | INFO  | DNAudit | user=null | ip=null | op=WRITE_CHUNK {blockData=conID: 1 locID: 102662537699328014 bcsId: 7} | ret=SUCCESS |  
2019-08-22 20:33:32,889 | INFO  | DNAudit | user=null | ip=null | op=PUT_BLOCK {blockData=[blockId=conID: 1 locID: 102662537699328014 bcsId: 0,size=450]} | ret=SUCCESS |  
2019-08-22 20:33:32,889 [grpc-default-executor-10] INFO  client.GrpcClientProtocolClient (GrpcClientProtocolClient.java:onNext(255)) - client-8CEA2D754DC4->2daced53-459d-4517-a1dc-5ae4d7d13a80: receive RaftClientReply:client-8CEA2D754DC4->2daced53-459d-4517-a1dc-5ae4d7d13a80@group-7C12ADBC7497, cid=181, SUCCESS, logIndex=13, commits[2daced53-459d-4517-a1dc-5ae4d7d13a80:c14, f0f4ed96-5399-4dd5-ad99-791f6ec54833:c12, 51076ca9-787f-4a25-b78d-948736530192:c12]
2019-08-22 20:33:32,890 [grpc-default-executor-10] INFO  client.GrpcClientProtocolClient (GrpcClientProtocolClient.java:onNext(255)) - client-8CEA2D754DC4->2daced53-459d-4517-a1dc-5ae4d7d13a80: receive RaftClientReply:client-8CEA2D754DC4->2daced53-459d-4517-a1dc-5ae4d7d13a80@group-7C12ADBC7497, cid=182, SUCCESS, logIndex=14, commits[2daced53-459d-4517-a1dc-5ae4d7d13a80:c14, f0f4ed96-5399-4dd5-ad99-791f6ec54833:c12, 51076ca9-787f-4a25-b78d-948736530192:c12]
2019-08-22 20:33:32,900 | INFO  | DNAudit | user=null | ip=null | op=WRITE_CHUNK {blockData=conID: 1 locID: 102662537699328014 bcsId: 7} | ret=SUCCESS |  
2019-08-22 20:33:32,900 | INFO  | DNAudit | user=null | ip=null | op=WRITE_CHUNK {blockData=conID: 1 locID: 102662537699328014 bcsId: 7} | ret=SUCCESS |  
2019-08-22 20:33:32,901 | INFO  | DNAudit | user=null | ip=null | op=PUT_BLOCK {blockData=[blockId=conID: 1 locID: 102662537699328014 bcsId: 0,size=450]} | ret=SUCCESS |  
2019-08-22 20:33:32,901 | INFO  | DNAudit | user=null | ip=null | op=PUT_BLOCK {blockData=[blockId=conID: 1 locID: 102662537699328014 bcsId: 0,size=450]} | ret=SUCCESS |  
2019-08-22 20:33:32,905 [grpc-default-executor-10] INFO  client.GrpcClientProtocolClient (GrpcClientProtocolClient.java:onNext(255)) - client-8CEA2D754DC4->2daced53-459d-4517-a1dc-5ae4d7d13a80: receive RaftClientReply:client-8CEA2D754DC4->2daced53-459d-4517-a1dc-5ae4d7d13a80@group-7C12ADBC7497, cid=183, SUCCESS, logIndex=0, commits[2daced53-459d-4517-a1dc-5ae4d7d13a80:c15, f0f4ed96-5399-4dd5-ad99-791f6ec54833:c14, 51076ca9-787f-4a25-b78d-948736530192:c14]
2019-08-22 20:33:32,906 [main] INFO  datanode.ObjectStoreHandler (ObjectStoreHandler.java:close(155)) - Closing ObjectStoreHandler.
2019-08-22 20:33:32,906 [main] INFO  ozone.HddsDatanodeService (HddsDatanodeService.java:stop(451)) - Stopped plug-in org.apache.hadoop.ozone.web.OzoneHddsDatanodeService@7ca0aa55
2019-08-22 20:33:32,923 | INFO  | SCMAudit | user=jenkins1000 | ip=192.168.5.154 | op=SEND_HEARTBEAT {datanodeUUID=b57f6041-151b-43d9-b1c6-c87944b8f8b5, command=[]} | ret=SUCCESS |  
2019-08-22 20:33:33,109 | INFO  | SCMAudit | user=jenkins1000 | ip=192.168.5.154 | op=SEND_HEARTBEAT {datanodeUUID=a6344601-8d29-48c8-ae6d-e0943ca3f389, command=[]} | ret=SUCCESS |  
2019-08-22 20:33:33,305 | INFO  | SCMAudit | user=jenkins1000 | ip=192.168.5.154 | op=SEND_HEARTBEAT {datanodeUUID=e88b764d-cc09-4ebb-b6a7-9b0a83937be8, command=[]} | ret=SUCCESS |  
2019-08-22 20:33:33,639 | INFO  | SCMAudit | user=jenkins1000 | ip=192.168.5.154 | op=SEND_HEARTBEAT {datanodeUUID=f0f4ed96-5399-4dd5-ad99-791f6ec54833, command=[]} | ret=SUCCESS |  
2019-08-22 20:33:33,640 [Datanode State Machine Thread - 0] INFO  statemachine.DatanodeStateMachine (DatanodeStateMachine.java:lambda$startDaemon$0(350)) - Ozone container server started.
2019-08-22 20:33:33,640 | INFO  | SCMAudit | user=jenkins1000 | ip=192.168.5.154 | op=SEND_HEARTBEAT {datanodeUUID=51076ca9-787f-4a25-b78d-948736530192, command=[]} | ret=SUCCESS |  
2019-08-22 20:33:33,719 | INFO  | SCMAudit | user=jenkins1000 | ip=192.168.5.154 | op=SEND_HEARTBEAT {datanodeUUID=ccbe46ac-8be0-4969-adcf-2e9221e70c85, command=[]} | ret=SUCCESS |  
2019-08-22 20:33:33,923 | INFO  | SCMAudit | user=jenkins1000 | ip=192.168.5.154 | op=SEND_HEARTBEAT {datanodeUUID=b57f6041-151b-43d9-b1c6-c87944b8f8b5, command=[]} | ret=SUCCESS |  
2019-08-22 20:33:34,109 | INFO  | SCMAudit | user=jenkins1000 | ip=192.168.5.154 | op=SEND_HEARTBEAT {datanodeUUID=a6344601-8d29-48c8-ae6d-e0943ca3f389, command=[]} | ret=SUCCESS |  
2019-08-22 20:33:34,305 | INFO  | SCMAudit | user=jenkins1000 | ip=192.168.5.154 | op=SEND_HEARTBEAT {datanodeUUID=e88b764d-cc09-4ebb-b6a7-9b0a83937be8, command=[]} | ret=SUCCESS |  
2019-08-22 20:33:34,640 | INFO  | SCMAudit | user=jenkins1000 | ip=192.168.5.154 | op=SEND_HEARTBEAT {datanodeUUID=f0f4ed96-5399-4dd5-ad99-791f6ec54833, command=[]} | ret=SUCCESS |  
2019-08-22 20:33:34,640 | INFO  | SCMAudit | user=jenkins1000 | ip=192.168.5.154 | op=SEND_HEARTBEAT {datanodeUUID=51076ca9-787f-4a25-b78d-948736530192, command=[]} | ret=SUCCESS |  
2019-08-22 20:33:34,720 | INFO  | SCMAudit | user=jenkins1000 | ip=192.168.5.154 | op=SEND_HEARTBEAT {datanodeUUID=ccbe46ac-8be0-4969-adcf-2e9221e70c85, command=[]} | ret=SUCCESS |  
2019-08-22 20:33:34,923 | INFO  | SCMAudit | user=jenkins1000 | ip=192.168.5.154 | op=SEND_HEARTBEAT {datanodeUUID=b57f6041-151b-43d9-b1c6-c87944b8f8b5, command=[]} | ret=SUCCESS |  
2019-08-22 20:33:35,109 | INFO  | SCMAudit | user=jenkins1000 | ip=192.168.5.154 | op=SEND_HEARTBEAT {datanodeUUID=a6344601-8d29-48c8-ae6d-e0943ca3f389, command=[]} | ret=SUCCESS |  
2019-08-22 20:33:35,306 | INFO  | SCMAudit | user=jenkins1000 | ip=192.168.5.154 | op=SEND_HEARTBEAT {datanodeUUID=e88b764d-cc09-4ebb-b6a7-9b0a83937be8, command=[]} | ret=SUCCESS |  
2019-08-22 20:33:35,640 | INFO  | SCMAudit | user=jenkins1000 | ip=192.168.5.154 | op=SEND_HEARTBEAT {datanodeUUID=51076ca9-787f-4a25-b78d-948736530192, command=[]} | ret=SUCCESS |  
2019-08-22 20:33:35,640 | INFO  | SCMAudit | user=jenkins1000 | ip=192.168.5.154 | op=SEND_HEARTBEAT {datanodeUUID=f0f4ed96-5399-4dd5-ad99-791f6ec54833, command=[]} | ret=SUCCESS |  
2019-08-22 20:33:35,720 | INFO  | SCMAudit | user=jenkins1000 | ip=192.168.5.154 | op=SEND_HEARTBEAT {datanodeUUID=ccbe46ac-8be0-4969-adcf-2e9221e70c85, command=[]} | ret=SUCCESS |  
2019-08-22 20:33:35,923 | INFO  | SCMAudit | user=jenkins1000 | ip=192.168.5.154 | op=SEND_HEARTBEAT {datanodeUUID=b57f6041-151b-43d9-b1c6-c87944b8f8b5, command=[]} | ret=SUCCESS |  
2019-08-22 20:33:36,109 | INFO  | SCMAudit | user=jenkins1000 | ip=192.168.5.154 | op=SEND_HEARTBEAT {datanodeUUID=a6344601-8d29-48c8-ae6d-e0943ca3f389, command=[]} | ret=SUCCESS |  
2019-08-22 20:33:36,305 | INFO  | SCMAudit | user=jenkins1000 | ip=192.168.5.154 | op=SEND_HEARTBEAT {datanodeUUID=e88b764d-cc09-4ebb-b6a7-9b0a83937be8, command=[]} | ret=SUCCESS |  
2019-08-22 20:33:36,640 | INFO  | SCMAudit | user=jenkins1000 | ip=192.168.5.154 | op=SEND_HEARTBEAT {datanodeUUID=51076ca9-787f-4a25-b78d-948736530192, command=[]} | ret=SUCCESS |  
2019-08-22 20:33:36,640 | INFO  | SCMAudit | user=jenkins1000 | ip=192.168.5.154 | op=SEND_HEARTBEAT {datanodeUUID=f0f4ed96-5399-4dd5-ad99-791f6ec54833, command=[]} | ret=SUCCESS |  
2019-08-22 20:33:36,720 | INFO  | SCMAudit | user=jenkins1000 | ip=192.168.5.154 | op=SEND_HEARTBEAT {datanodeUUID=ccbe46ac-8be0-4969-adcf-2e9221e70c85, command=[]} | ret=SUCCESS |  
2019-08-22 20:33:36,923 | INFO  | SCMAudit | user=jenkins1000 | ip=192.168.5.154 | op=SEND_HEARTBEAT {datanodeUUID=b57f6041-151b-43d9-b1c6-c87944b8f8b5, command=[]} | ret=SUCCESS |  
2019-08-22 20:33:37,110 | INFO  | SCMAudit | user=jenkins1000 | ip=192.168.5.154 | op=SEND_HEARTBEAT {datanodeUUID=a6344601-8d29-48c8-ae6d-e0943ca3f389, command=[]} | ret=SUCCESS |  
2019-08-22 20:33:37,305 | INFO  | SCMAudit | user=jenkins1000 | ip=192.168.5.154 | op=SEND_HEARTBEAT {datanodeUUID=e88b764d-cc09-4ebb-b6a7-9b0a83937be8, command=[]} | ret=SUCCESS |  
2019-08-22 20:33:37,641 | INFO  | SCMAudit | user=jenkins1000 | ip=192.168.5.154 | op=SEND_HEARTBEAT {datanodeUUID=51076ca9-787f-4a25-b78d-948736530192, command=[]} | ret=SUCCESS |  
2019-08-22 20:33:37,641 | INFO  | SCMAudit | user=jenkins1000 | ip=192.168.5.154 | op=SEND_HEARTBEAT {datanodeUUID=f0f4ed96-5399-4dd5-ad99-791f6ec54833, command=[]} | ret=SUCCESS |  
2019-08-22 20:33:37,673 [EventQueue-StaleNodeForStaleNodeHandler] INFO  node.StaleNodeHandler (StaleNodeHandler.java:onMessage(58)) - Datanode 2daced53-459d-4517-a1dc-5ae4d7d13a80{ip: 192.168.5.154, host: pr-hdds-1975-8q6qf-1339330341, networkLocation: /default-rack, certSerialId: null} moved to stale state. Finalizing its pipelines [PipelineID=1afc15d5-388f-48dd-8019-50a2e6f1eb65, PipelineID=35de30fa-ae31-4d06-a297-7c12adbc7497]
2019-08-22 20:33:37,673 [EventQueue-StaleNodeForStaleNodeHandler] INFO  pipeline.SCMPipelineManager (SCMPipelineManager.java:finalizeAndDestroyPipeline(309)) - destroying pipeline:Pipeline[ Id: 1afc15d5-388f-48dd-8019-50a2e6f1eb65, Nodes: 2daced53-459d-4517-a1dc-5ae4d7d13a80{ip: 192.168.5.154, host: pr-hdds-1975-8q6qf-1339330341, networkLocation: /default-rack, certSerialId: null}, Type:RATIS, Factor:ONE, State:OPEN]
2019-08-22 20:33:37,673 [EventQueue-StaleNodeForStaleNodeHandler] INFO  pipeline.PipelineStateManager (PipelineStateManager.java:finalizePipeline(123)) - Pipeline Pipeline[ Id: 1afc15d5-388f-48dd-8019-50a2e6f1eb65, Nodes: 2daced53-459d-4517-a1dc-5ae4d7d13a80{ip: 192.168.5.154, host: pr-hdds-1975-8q6qf-1339330341, networkLocation: /default-rack, certSerialId: null}, Type:RATIS, Factor:ONE, State:CLOSED] moved to CLOSED state
2019-08-22 20:33:37,674 [EventQueue-StaleNodeForStaleNodeHandler] INFO  pipeline.SCMPipelineManager (SCMPipelineManager.java:finalizeAndDestroyPipeline(309)) - destroying pipeline:Pipeline[ Id: 35de30fa-ae31-4d06-a297-7c12adbc7497, Nodes: 2daced53-459d-4517-a1dc-5ae4d7d13a80{ip: 192.168.5.154, host: pr-hdds-1975-8q6qf-1339330341, networkLocation: /default-rack, certSerialId: null}f0f4ed96-5399-4dd5-ad99-791f6ec54833{ip: 192.168.5.154, host: pr-hdds-1975-8q6qf-1339330341, networkLocation: /default-rack, certSerialId: null}51076ca9-787f-4a25-b78d-948736530192{ip: 192.168.5.154, host: pr-hdds-1975-8q6qf-1339330341, networkLocation: /default-rack, certSerialId: null}, Type:RATIS, Factor:THREE, State:OPEN]
2019-08-22 20:33:37,674 [EventQueue-StaleNodeForStaleNodeHandler] INFO  pipeline.PipelineStateManager (PipelineStateManager.java:finalizePipeline(123)) - Pipeline Pipeline[ Id: 35de30fa-ae31-4d06-a297-7c12adbc7497, Nodes: 2daced53-459d-4517-a1dc-5ae4d7d13a80{ip: 192.168.5.154, host: pr-hdds-1975-8q6qf-1339330341, networkLocation: /default-rack, certSerialId: null}f0f4ed96-5399-4dd5-ad99-791f6ec54833{ip: 192.168.5.154, host: pr-hdds-1975-8q6qf-1339330341, networkLocation: /default-rack, certSerialId: null}51076ca9-787f-4a25-b78d-948736530192{ip: 192.168.5.154, host: pr-hdds-1975-8q6qf-1339330341, networkLocation: /default-rack, certSerialId: null}, Type:RATIS, Factor:THREE, State:CLOSED] moved to CLOSED state
2019-08-22 20:33:37,674 [EventQueue-CloseContainerForCloseContainerEventHandler] INFO  container.CloseContainerEventHandler (CloseContainerEventHandler.java:onMessage(61)) - Close container Event triggered for container : #1
2019-08-22 20:33:37,720 | INFO  | SCMAudit | user=jenkins1000 | ip=192.168.5.154 | op=SEND_HEARTBEAT {datanodeUUID=ccbe46ac-8be0-4969-adcf-2e9221e70c85, command=[]} | ret=SUCCESS |  
2019-08-22 20:33:37,908 [main] INFO  ozoneimpl.OzoneContainer (OzoneContainer.java:stop(199)) - Attempting to stop container services.
2019-08-22 20:33:37,909 [main] INFO  impl.RaftServerProxy (RaftServerProxy.java:lambda$close$4(314)) - 2daced53-459d-4517-a1dc-5ae4d7d13a80: close
2019-08-22 20:33:37,910 [main] INFO  impl.RaftServerImpl (RaftServerImpl.java:lambda$shutdown$3(245)) - 2daced53-459d-4517-a1dc-5ae4d7d13a80: shutdown group-50A2E6F1EB65
2019-08-22 20:33:37,910 [ForkJoinPool.commonPool-worker-1] INFO  impl.RaftServerImpl (RaftServerImpl.java:lambda$shutdown$3(245)) - 2daced53-459d-4517-a1dc-5ae4d7d13a80: shutdown group-7C12ADBC7497
2019-08-22 20:33:37,911 [main] INFO  util.JmxRegister (JmxRegister.java:unregister(73)) - Successfully un-registered JMX Bean with object name Ratis:service=RaftServer,group=group-50A2E6F1EB65,id=2daced53-459d-4517-a1dc-5ae4d7d13a80
2019-08-22 20:33:37,911 [ForkJoinPool.commonPool-worker-1] INFO  util.JmxRegister (JmxRegister.java:unregister(73)) - Successfully un-registered JMX Bean with object name Ratis:service=RaftServer,group=group-7C12ADBC7497,id=2daced53-459d-4517-a1dc-5ae4d7d13a80
2019-08-22 20:33:37,911 [main] INFO  impl.RoleInfo (RoleInfo.java:shutdownLeaderState(104)) - 2daced53-459d-4517-a1dc-5ae4d7d13a80: shutdown LeaderState
2019-08-22 20:33:37,912 [ForkJoinPool.commonPool-worker-1] INFO  impl.RoleInfo (RoleInfo.java:shutdownLeaderState(104)) - 2daced53-459d-4517-a1dc-5ae4d7d13a80: shutdown LeaderState
2019-08-22 20:33:37,912 [main] INFO  impl.PendingRequests (PendingRequests.java:sendNotLeaderResponses(202)) - 2daced53-459d-4517-a1dc-5ae4d7d13a80-PendingRequests: sendNotLeaderResponses
2019-08-22 20:33:37,918 [org.apache.ratis.server.impl.LogAppender$AppenderDaemon$$Lambda$520/52589073@33121239] WARN  server.GrpcLogAppender (GrpcLogAppender.java:mayWait(143)) - GrpcLogAppender(2daced53-459d-4517-a1dc-5ae4d7d13a80->51076ca9-787f-4a25-b78d-948736530192): Wait interrupted by java.lang.InterruptedException
2019-08-22 20:33:37,918 [org.apache.ratis.server.impl.LogAppender$AppenderDaemon$$Lambda$520/52589073@7610829f] WARN  server.GrpcLogAppender (GrpcLogAppender.java:mayWait(143)) - GrpcLogAppender(2daced53-459d-4517-a1dc-5ae4d7d13a80->f0f4ed96-5399-4dd5-ad99-791f6ec54833): Wait interrupted by java.lang.InterruptedException
2019-08-22 20:33:37,918 [ForkJoinPool.commonPool-worker-1] INFO  impl.PendingRequests (PendingRequests.java:sendNotLeaderResponses(202)) - 2daced53-459d-4517-a1dc-5ae4d7d13a80-PendingRequests: sendNotLeaderResponses
2019-08-22 20:33:37,919 [grpc-default-executor-10] INFO  server.GrpcServerProtocolService (GrpcServerProtocolService.java:onCompleted(104)) - 51076ca9-787f-4a25-b78d-948736530192: appendEntries completed
2019-08-22 20:33:37,918 [main] INFO  impl.StateMachineUpdater (StateMachineUpdater.java:stopAndJoin(115)) - StateMachineUpdater:2daced53-459d-4517-a1dc-5ae4d7d13a80:group-50A2E6F1EB65: set stopIndex = 0
2019-08-22 20:33:37,921 [StateMachineUpdater:2daced53-459d-4517-a1dc-5ae4d7d13a80:group-7C12ADBC7497] INFO  ratis.ContainerStateMachine (ContainerStateMachine.java:takeSnapshot(283)) - group-7C12ADBC7497: Taking a snapshot at:(t:1, i:14) file /workdir/hadoop-ozone/integration-test/target/test-dir/MiniOzoneClusterImpl-28bedab5-a7b6-4439-aa5a-0da14b59fc38/datanode-0/data/ratis/35de30fa-ae31-4d06-a297-7c12adbc7497/sm/snapshot.1_14
2019-08-22 20:33:37,921 [ForkJoinPool.commonPool-worker-1] INFO  impl.StateMachineUpdater (StateMachineUpdater.java:stopAndJoin(115)) - StateMachineUpdater:2daced53-459d-4517-a1dc-5ae4d7d13a80:group-7C12ADBC7497: set stopIndex = 16
2019-08-22 20:33:37,919 [grpc-default-executor-9] INFO  server.GrpcServerProtocolService (GrpcServerProtocolService.java:onCompleted(104)) - f0f4ed96-5399-4dd5-ad99-791f6ec54833: appendEntries completed
2019-08-22 20:33:37,922 [grpc-default-executor-5] INFO  server.GrpcLogAppender (GrpcLogAppender.java:onCompleted(292)) - 2daced53-459d-4517-a1dc-5ae4d7d13a80->51076ca9-787f-4a25-b78d-948736530192: follower responses appendEntries COMPLETED
2019-08-22 20:33:37,922 [main] INFO  impl.RaftServerImpl (ServerState.java:close(394)) - 2daced53-459d-4517-a1dc-5ae4d7d13a80:group-50A2E6F1EB65 closes. The last applied log index is 0
2019-08-22 20:33:37,923 [grpc-default-executor-5] INFO  impl.FollowerInfo (FollowerInfo.java:lambda$new$0(50)) - 2daced53-459d-4517-a1dc-5ae4d7d13a80->51076ca9-787f-4a25-b78d-948736530192: nextIndex: updateUnconditionally 17 -> 16
2019-08-22 20:33:37,922 [grpc-default-executor-9] INFO  server.GrpcLogAppender (GrpcLogAppender.java:onCompleted(292)) - 2daced53-459d-4517-a1dc-5ae4d7d13a80->f0f4ed96-5399-4dd5-ad99-791f6ec54833: follower responses appendEntries COMPLETED
2019-08-22 20:33:37,923 [2daced53-459d-4517-a1dc-5ae4d7d13a80-SegmentedRaftLogWorker:Storage Directory /workdir/hadoop-ozone/integration-test/target/test-dir/MiniOzoneClusterImpl-28bedab5-a7b6-4439-aa5a-0da14b59fc38/datanode-0/data/ratis/1afc15d5-388f-48dd-8019-50a2e6f1eb65] INFO  segmented.SegmentedRaftLogWorker (SegmentedRaftLogWorker.java:run(313)) - 2daced53-459d-4517-a1dc-5ae4d7d13a80-SegmentedRaftLogWorker:Storage Directory /workdir/hadoop-ozone/integration-test/target/test-dir/MiniOzoneClusterImpl-28bedab5-a7b6-4439-aa5a-0da14b59fc38/datanode-0/data/ratis/1afc15d5-388f-48dd-8019-50a2e6f1eb65 was interrupted, exiting. There are 0 tasks remaining in the queue.
2019-08-22 20:33:37,923 [grpc-default-executor-9] INFO  impl.FollowerInfo (FollowerInfo.java:lambda$new$0(50)) - 2daced53-459d-4517-a1dc-5ae4d7d13a80->f0f4ed96-5399-4dd5-ad99-791f6ec54833: nextIndex: updateUnconditionally 17 -> 16
2019-08-22 20:33:37,926 | INFO  | SCMAudit | user=jenkins1000 | ip=192.168.5.154 | op=SEND_HEARTBEAT {datanodeUUID=b57f6041-151b-43d9-b1c6-c87944b8f8b5, command=[]} | ret=SUCCESS |  
2019-08-22 20:33:37,933 [main] INFO  segmented.SegmentedRaftLogWorker (SegmentedRaftLogWorker.java:close(228)) - 2daced53-459d-4517-a1dc-5ae4d7d13a80-SegmentedRaftLogWorker:Storage Directory /workdir/hadoop-ozone/integration-test/target/test-dir/MiniOzoneClusterImpl-28bedab5-a7b6-4439-aa5a-0da14b59fc38/datanode-0/data/ratis/1afc15d5-388f-48dd-8019-50a2e6f1eb65 close()
2019-08-22 20:33:37,944 [StateMachineUpdater:2daced53-459d-4517-a1dc-5ae4d7d13a80:group-7C12ADBC7497] INFO  ratis.ContainerStateMachine (ContainerStateMachine.java:takeSnapshot(294)) - group-7C12ADBC7497: Finished taking a snapshot at:(t:1, i:14) file:/workdir/hadoop-ozone/integration-test/target/test-dir/MiniOzoneClusterImpl-28bedab5-a7b6-4439-aa5a-0da14b59fc38/datanode-0/data/ratis/35de30fa-ae31-4d06-a297-7c12adbc7497/sm/snapshot.1_14 time:23
2019-08-22 20:33:37,944 [StateMachineUpdater:2daced53-459d-4517-a1dc-5ae4d7d13a80:group-7C12ADBC7497] INFO  impl.StateMachineUpdater (StateMachineUpdater.java:takeSnapshot(242)) - StateMachineUpdater:2daced53-459d-4517-a1dc-5ae4d7d13a80:group-7C12ADBC7497: Took a snapshot at index 14
2019-08-22 20:33:37,944 [StateMachineUpdater:2daced53-459d-4517-a1dc-5ae4d7d13a80:group-7C12ADBC7497] INFO  impl.StateMachineUpdater (StateMachineUpdater.java:lambda$new$0(80)) - StateMachineUpdater:2daced53-459d-4517-a1dc-5ae4d7d13a80:group-7C12ADBC7497: snapshotIndex: updateIncreasingly -1 -> 14
2019-08-22 20:33:37,945 [ForkJoinPool.commonPool-worker-1] INFO  impl.RaftServerImpl (ServerState.java:close(394)) - 2daced53-459d-4517-a1dc-5ae4d7d13a80:group-7C12ADBC7497 closes. The last applied log index is 16
2019-08-22 20:33:37,945 [2daced53-459d-4517-a1dc-5ae4d7d13a80-SegmentedRaftLogWorker:Storage Directory /workdir/hadoop-ozone/integration-test/target/test-dir/MiniOzoneClusterImpl-28bedab5-a7b6-4439-aa5a-0da14b59fc38/datanode-0/data/ratis/35de30fa-ae31-4d06-a297-7c12adbc7497] INFO  segmented.SegmentedRaftLogWorker (SegmentedRaftLogWorker.java:run(313)) - 2daced53-459d-4517-a1dc-5ae4d7d13a80-SegmentedRaftLogWorker:Storage Directory /workdir/hadoop-ozone/integration-test/target/test-dir/MiniOzoneClusterImpl-28bedab5-a7b6-4439-aa5a-0da14b59fc38/datanode-0/data/ratis/35de30fa-ae31-4d06-a297-7c12adbc7497 was interrupted, exiting. There are 0 tasks remaining in the queue.
2019-08-22 20:33:37,947 [ForkJoinPool.commonPool-worker-1] INFO  segmented.SegmentedRaftLogWorker (SegmentedRaftLogWorker.java:close(228)) - 2daced53-459d-4517-a1dc-5ae4d7d13a80-SegmentedRaftLogWorker:Storage Directory /workdir/hadoop-ozone/integration-test/target/test-dir/MiniOzoneClusterImpl-28bedab5-a7b6-4439-aa5a-0da14b59fc38/datanode-0/data/ratis/35de30fa-ae31-4d06-a297-7c12adbc7497 close()
2019-08-22 20:33:37,952 [main] INFO  server.GrpcService (GrpcService.java:closeImpl(155)) - 2daced53-459d-4517-a1dc-5ae4d7d13a80: shutdown server with port 44688 now
2019-08-22 20:33:37,953 [grpc-default-executor-5] WARN  client.GrpcClientProtocolService (LogUtils.java:warn(134)) - 2-UnorderedRequestStreamObserver2: onError: org.apache.ratis.thirdparty.io.grpc.StatusRuntimeException: CANCELLED: cancelled before receiving half close
2019-08-22 20:33:37,955 [main] INFO  server.GrpcService (GrpcService.java:closeImpl(163)) - 2daced53-459d-4517-a1dc-5ae4d7d13a80: shutdown server with port 44688 successfully
2019-08-22 20:33:37,956 [main] INFO  utils.BackgroundService (BackgroundService.java:shutdown(148)) - Shutting down service BlockDeletingService
2019-08-22 20:33:37,958 [refreshUsed-/workdir/hadoop-ozone/integration-test/target/test-dir/MiniOzoneClusterImpl-28bedab5-a7b6-4439-aa5a-0da14b59fc38/datanode-0/data/containers] WARN  fs.CachingGetSpaceUsed (CachingGetSpaceUsed.java:run(183)) - Thread Interrupted waiting to refresh disk information: sleep interrupted
2019-08-22 20:33:37,984 [main] INFO  statemachine.DatanodeStateMachine (DatanodeStateMachine.java:stopDaemon(395)) - Ozone container server stopped.
2019-08-22 20:33:37,986 [main] INFO  handler.ContextHandler (ContextHandler.java:doStop(910)) - Stopped o.e.j.w.WebAppContext@21553c3a{/,null,UNAVAILABLE}{/hddsDatanode}
2019-08-22 20:33:37,986 [main] INFO  server.AbstractConnector (AbstractConnector.java:doStop(318)) - Stopped ServerConnector@6c1d25fa{HTTP/1.1,[http/1.1]}{0.0.0.0:0}
2019-08-22 20:33:37,987 [main] INFO  handler.ContextHandler (ContextHandler.java:doStop(910)) - Stopped o.e.j.s.ServletContextHandler@38f7a20{/static,jar:file:/home/user/.m2/repository/org/apache/hadoop/hadoop-hdds-container-service/0.5.0-SNAPSHOT/hadoop-hdds-container-service-0.5.0-SNAPSHOT.jar!/webapps/static,UNAVAILABLE}
2019-08-22 20:33:37,987 [main] INFO  handler.ContextHandler (ContextHandler.java:doStop(910)) - Stopped o.e.j.s.ServletContextHandler@3a034950{/logs,file:///workdir/hadoop-ozone/integration-test/target/log,UNAVAILABLE}
2019-08-22 20:33:38,119 | INFO  | SCMAudit | user=jenkins1000 | ip=192.168.5.154 | op=SEND_HEARTBEAT {datanodeUUID=a6344601-8d29-48c8-ae6d-e0943ca3f389, command=[]} | ret=SUCCESS |  
2019-08-22 20:33:38,305 | INFO  | SCMAudit | user=jenkins1000 | ip=192.168.5.154 | op=SEND_HEARTBEAT {datanodeUUID=e88b764d-cc09-4ebb-b6a7-9b0a83937be8, command=[]} | ret=SUCCESS |  
2019-08-22 20:33:38,642 | INFO  | SCMAudit | user=jenkins1000 | ip=192.168.5.154 | op=SEND_HEARTBEAT {datanodeUUID=f0f4ed96-5399-4dd5-ad99-791f6ec54833, command=[commandType: closeContainerCommand closeContainerCommandProto { containerID: 1 pipelineID { id: "35de30fa-ae31-4d06-a297-7c12adbc7497" } cmdId: 1 force: false } ]} | ret=SUCCESS |  
2019-08-22 20:33:38,642 | INFO  | SCMAudit | user=jenkins1000 | ip=192.168.5.154 | op=SEND_HEARTBEAT {datanodeUUID=51076ca9-787f-4a25-b78d-948736530192, command=[commandType: closeContainerCommand closeContainerCommandProto { containerID: 1 pipelineID { id: "35de30fa-ae31-4d06-a297-7c12adbc7497" } cmdId: 1 force: false } ]} | ret=SUCCESS |  
2019-08-22 20:33:38,721 | INFO  | SCMAudit | user=jenkins1000 | ip=192.168.5.154 | op=SEND_HEARTBEAT {datanodeUUID=ccbe46ac-8be0-4969-adcf-2e9221e70c85, command=[]} | ret=SUCCESS |  
2019-08-22 20:33:38,925 | INFO  | SCMAudit | user=jenkins1000 | ip=192.168.5.154 | op=SEND_HEARTBEAT {datanodeUUID=b57f6041-151b-43d9-b1c6-c87944b8f8b5, command=[]} | ret=SUCCESS |  
2019-08-22 20:33:39,123 | INFO  | SCMAudit | user=jenkins1000 | ip=192.168.5.154 | op=SEND_HEARTBEAT {datanodeUUID=a6344601-8d29-48c8-ae6d-e0943ca3f389, command=[]} | ret=SUCCESS |  
2019-08-22 20:33:39,305 | INFO  | SCMAudit | user=jenkins1000 | ip=192.168.5.154 | op=SEND_HEARTBEAT {datanodeUUID=e88b764d-cc09-4ebb-b6a7-9b0a83937be8, command=[]} | ret=SUCCESS |  
2019-08-22 20:33:39,641 | INFO  | SCMAudit | user=jenkins1000 | ip=192.168.5.154 | op=SEND_HEARTBEAT {datanodeUUID=f0f4ed96-5399-4dd5-ad99-791f6ec54833, command=[]} | ret=SUCCESS |  
2019-08-22 20:33:39,641 | INFO  | SCMAudit | user=jenkins1000 | ip=192.168.5.154 | op=SEND_HEARTBEAT {datanodeUUID=51076ca9-787f-4a25-b78d-948736530192, command=[]} | ret=SUCCESS |  
2019-08-22 20:33:39,672 | INFO  | SCMAudit | user=jenkins1000 | ip=192.168.5.154 | op=SEND_HEARTBEAT {datanodeUUID=f0f4ed96-5399-4dd5-ad99-791f6ec54833, command=[]} | ret=SUCCESS |  
2019-08-22 20:33:39,672 | INFO  | SCMAudit | user=jenkins1000 | ip=192.168.5.154 | op=SEND_HEARTBEAT {datanodeUUID=51076ca9-787f-4a25-b78d-948736530192, command=[]} | ret=SUCCESS |  
2019-08-22 20:33:39,721 | INFO  | SCMAudit | user=jenkins1000 | ip=192.168.5.154 | op=SEND_HEARTBEAT {datanodeUUID=ccbe46ac-8be0-4969-adcf-2e9221e70c85, command=[]} | ret=SUCCESS |  
2019-08-22 20:33:39,925 | INFO  | SCMAudit | user=jenkins1000 | ip=192.168.5.154 | op=SEND_HEARTBEAT {datanodeUUID=b57f6041-151b-43d9-b1c6-c87944b8f8b5, command=[]} | ret=SUCCESS |  
2019-08-22 20:33:40,001 [grpc-default-executor-5] INFO  client.GrpcClientProtocolClient (GrpcClientProtocolClient.java:onNext(255)) - client-8CEA2D754DC4->51076ca9-787f-4a25-b78d-948736530192: receive RaftClientReply:client-8CEA2D754DC4->51076ca9-787f-4a25-b78d-948736530192@group-7C12ADBC7497, cid=184, FAILED org.apache.ratis.protocol.NotLeaderException: Server 51076ca9-787f-4a25-b78d-948736530192 is not the leader (2daced53-459d-4517-a1dc-5ae4d7d13a80:192.168.5.154:44688). Request must be sent to leader., logIndex=0, commits[51076ca9-787f-4a25-b78d-948736530192:c16, f0f4ed96-5399-4dd5-ad99-791f6ec54833:c16, 2daced53-459d-4517-a1dc-5ae4d7d13a80:c16]
2019-08-22 20:33:40,119 | INFO  | SCMAudit | user=jenkins1000 | ip=192.168.5.154 | op=SEND_HEARTBEAT {datanodeUUID=a6344601-8d29-48c8-ae6d-e0943ca3f389, command=[]} | ret=SUCCESS |  
2019-08-22 20:33:40,305 | INFO  | SCMAudit | user=jenkins1000 | ip=192.168.5.154 | op=SEND_HEARTBEAT {datanodeUUID=e88b764d-cc09-4ebb-b6a7-9b0a83937be8, command=[]} | ret=SUCCESS |  
2019-08-22 20:33:40,668 | INFO  | SCMAudit | user=jenkins1000 | ip=192.168.5.154 | op=SEND_HEARTBEAT {datanodeUUID=f0f4ed96-5399-4dd5-ad99-791f6ec54833, command=[]} | ret=SUCCESS |  
2019-08-22 20:33:40,668 | INFO  | SCMAudit | user=jenkins1000 | ip=192.168.5.154 | op=SEND_HEARTBEAT {datanodeUUID=51076ca9-787f-4a25-b78d-948736530192, command=[]} | ret=SUCCESS |  
2019-08-22 20:33:40,722 | INFO  | SCMAudit | user=jenkins1000 | ip=192.168.5.154 | op=SEND_HEARTBEAT {datanodeUUID=ccbe46ac-8be0-4969-adcf-2e9221e70c85, command=[]} | ret=SUCCESS |  
2019-08-22 20:33:40,926 | INFO  | SCMAudit | user=jenkins1000 | ip=192.168.5.154 | op=SEND_HEARTBEAT {datanodeUUID=b57f6041-151b-43d9-b1c6-c87944b8f8b5, command=[]} | ret=SUCCESS |  
2019-08-22 20:33:41,016 [grpc-default-executor-9] INFO  client.GrpcClientProtocolClient (GrpcClientProtocolClient.java:onNext(255)) - client-8CEA2D754DC4->51076ca9-787f-4a25-b78d-948736530192: receive RaftClientReply:client-8CEA2D754DC4->51076ca9-787f-4a25-b78d-948736530192@group-7C12ADBC7497, cid=184, FAILED org.apache.ratis.protocol.NotLeaderException: Server 51076ca9-787f-4a25-b78d-948736530192 is not the leader (2daced53-459d-4517-a1dc-5ae4d7d13a80:192.168.5.154:44688). Request must be sent to leader., logIndex=0, commits[51076ca9-787f-4a25-b78d-948736530192:c16, f0f4ed96-5399-4dd5-ad99-791f6ec54833:c16, 2daced53-459d-4517-a1dc-5ae4d7d13a80:c16]
2019-08-22 20:33:41,120 | INFO  | SCMAudit | user=jenkins1000 | ip=192.168.5.154 | op=SEND_HEARTBEAT {datanodeUUID=a6344601-8d29-48c8-ae6d-e0943ca3f389, command=[]} | ret=SUCCESS |  
2019-08-22 20:33:41,305 | INFO  | SCMAudit | user=jenkins1000 | ip=192.168.5.154 | op=SEND_HEARTBEAT {datanodeUUID=e88b764d-cc09-4ebb-b6a7-9b0a83937be8, command=[]} | ret=SUCCESS |  
2019-08-22 20:33:41,668 | INFO  | SCMAudit | user=jenkins1000 | ip=192.168.5.154 | op=SEND_HEARTBEAT {datanodeUUID=51076ca9-787f-4a25-b78d-948736530192, command=[]} | ret=SUCCESS |  
2019-08-22 20:33:41,668 | INFO  | SCMAudit | user=jenkins1000 | ip=192.168.5.154 | op=SEND_HEARTBEAT {datanodeUUID=f0f4ed96-5399-4dd5-ad99-791f6ec54833, command=[]} | ret=SUCCESS |  
2019-08-22 20:33:41,722 | INFO  | SCMAudit | user=jenkins1000 | ip=192.168.5.154 | op=SEND_HEARTBEAT {datanodeUUID=ccbe46ac-8be0-4969-adcf-2e9221e70c85, command=[]} | ret=SUCCESS |  
2019-08-22 20:33:41,926 | INFO  | SCMAudit | user=jenkins1000 | ip=192.168.5.154 | op=SEND_HEARTBEAT {datanodeUUID=b57f6041-151b-43d9-b1c6-c87944b8f8b5, command=[]} | ret=SUCCESS |  
2019-08-22 20:33:42,032 [grpc-default-executor-5] INFO  client.GrpcClientProtocolClient (GrpcClientProtocolClient.java:onNext(255)) - client-8CEA2D754DC4->f0f4ed96-5399-4dd5-ad99-791f6ec54833: receive RaftClientReply:client-8CEA2D754DC4->f0f4ed96-5399-4dd5-ad99-791f6ec54833@group-7C12ADBC7497, cid=184, FAILED org.apache.ratis.protocol.NotLeaderException: Server f0f4ed96-5399-4dd5-ad99-791f6ec54833 is not the leader (2daced53-459d-4517-a1dc-5ae4d7d13a80:192.168.5.154:44688). Request must be sent to leader., logIndex=0, commits[f0f4ed96-5399-4dd5-ad99-791f6ec54833:c16, 51076ca9-787f-4a25-b78d-948736530192:c16, 2daced53-459d-4517-a1dc-5ae4d7d13a80:c16]
2019-08-22 20:33:42,119 | INFO  | SCMAudit | user=jenkins1000 | ip=192.168.5.154 | op=SEND_HEARTBEAT {datanodeUUID=a6344601-8d29-48c8-ae6d-e0943ca3f389, command=[]} | ret=SUCCESS |  
2019-08-22 20:33:42,305 | INFO  | SCMAudit | user=jenkins1000 | ip=192.168.5.154 | op=SEND_HEARTBEAT {datanodeUUID=e88b764d-cc09-4ebb-b6a7-9b0a83937be8, command=[]} | ret=SUCCESS |  
2019-08-22 20:33:42,668 | INFO  | SCMAudit | user=jenkins1000 | ip=192.168.5.154 | op=SEND_HEARTBEAT {datanodeUUID=51076ca9-787f-4a25-b78d-948736530192, command=[]} | ret=SUCCESS |  
2019-08-22 20:33:42,668 | INFO  | SCMAudit | user=jenkins1000 | ip=192.168.5.154 | op=SEND_HEARTBEAT {datanodeUUID=f0f4ed96-5399-4dd5-ad99-791f6ec54833, command=[]} | ret=SUCCESS |  
2019-08-22 20:33:42,722 | INFO  | SCMAudit | user=jenkins1000 | ip=192.168.5.154 | op=SEND_HEARTBEAT {datanodeUUID=ccbe46ac-8be0-4969-adcf-2e9221e70c85, command=[]} | ret=SUCCESS |  
2019-08-22 20:33:42,926 | INFO  | SCMAudit | user=jenkins1000 | ip=192.168.5.154 | op=SEND_HEARTBEAT {datanodeUUID=b57f6041-151b-43d9-b1c6-c87944b8f8b5, command=[]} | ret=SUCCESS |  
2019-08-22 20:33:43,045 [grpc-default-executor-9] INFO  client.GrpcClientProtocolClient (GrpcClientProtocolClient.java:onNext(255)) - client-8CEA2D754DC4->51076ca9-787f-4a25-b78d-948736530192: receive RaftClientReply:client-8CEA2D754DC4->51076ca9-787f-4a25-b78d-948736530192@group-7C12ADBC7497, cid=184, FAILED org.apache.ratis.protocol.NotLeaderException: Server 51076ca9-787f-4a25-b78d-948736530192 is not the leader (2daced53-459d-4517-a1dc-5ae4d7d13a80:192.168.5.154:44688). Request must be sent to leader., logIndex=0, commits[51076ca9-787f-4a25-b78d-948736530192:c16, f0f4ed96-5399-4dd5-ad99-791f6ec54833:c16, 2daced53-459d-4517-a1dc-5ae4d7d13a80:c16]
2019-08-22 20:33:43,119 | INFO  | SCMAudit | user=jenkins1000 | ip=192.168.5.154 | op=SEND_HEARTBEAT {datanodeUUID=a6344601-8d29-48c8-ae6d-e0943ca3f389, command=[]} | ret=SUCCESS |  
2019-08-22 20:33:43,304 | INFO  | SCMAudit | user=jenkins1000 | ip=192.168.5.154 | op=SEND_HEARTBEAT {datanodeUUID=e88b764d-cc09-4ebb-b6a7-9b0a83937be8, command=[]} | ret=SUCCESS |  
2019-08-22 20:33:43,668 | INFO  | SCMAudit | user=jenkins1000 | ip=192.168.5.154 | op=SEND_HEARTBEAT {datanodeUUID=51076ca9-787f-4a25-b78d-948736530192, command=[]} | ret=SUCCESS |  
2019-08-22 20:33:43,668 | INFO  | SCMAudit | user=jenkins1000 | ip=192.168.5.154 | op=SEND_HEARTBEAT {datanodeUUID=f0f4ed96-5399-4dd5-ad99-791f6ec54833, command=[]} | ret=SUCCESS |  
2019-08-22 20:33:43,722 | INFO  | SCMAudit | user=jenkins1000 | ip=192.168.5.154 | op=SEND_HEARTBEAT {datanodeUUID=ccbe46ac-8be0-4969-adcf-2e9221e70c85, command=[]} | ret=SUCCESS |  
2019-08-22 20:33:43,927 | INFO  | SCMAudit | user=jenkins1000 | ip=192.168.5.154 | op=SEND_HEARTBEAT {datanodeUUID=b57f6041-151b-43d9-b1c6-c87944b8f8b5, command=[]} | ret=SUCCESS |  
2019-08-22 20:33:44,059 [grpc-default-executor-10] INFO  client.GrpcClientProtocolClient (GrpcClientProtocolClient.java:onNext(255)) - client-8CEA2D754DC4->f0f4ed96-5399-4dd5-ad99-791f6ec54833: receive RaftClientReply:client-8CEA2D754DC4->f0f4ed96-5399-4dd5-ad99-791f6ec54833@group-7C12ADBC7497, cid=184, FAILED org.apache.ratis.protocol.NotLeaderException: Server f0f4ed96-5399-4dd5-ad99-791f6ec54833 is not the leader (2daced53-459d-4517-a1dc-5ae4d7d13a80:192.168.5.154:44688). Request must be sent to leader., logIndex=0, commits[f0f4ed96-5399-4dd5-ad99-791f6ec54833:c16, 51076ca9-787f-4a25-b78d-948736530192:c16, 2daced53-459d-4517-a1dc-5ae4d7d13a80:c16]
2019-08-22 20:33:44,119 | INFO  | SCMAudit | user=jenkins1000 | ip=192.168.5.154 | op=SEND_HEARTBEAT {datanodeUUID=a6344601-8d29-48c8-ae6d-e0943ca3f389, command=[]} | ret=SUCCESS |  
2019-08-22 20:33:44,305 | INFO  | SCMAudit | user=jenkins1000 | ip=192.168.5.154 | op=SEND_HEARTBEAT {datanodeUUID=e88b764d-cc09-4ebb-b6a7-9b0a83937be8, command=[]} | ret=SUCCESS |  
2019-08-22 20:33:44,668 | INFO  | SCMAudit | user=jenkins1000 | ip=192.168.5.154 | op=SEND_HEARTBEAT {datanodeUUID=f0f4ed96-5399-4dd5-ad99-791f6ec54833, command=[]} | ret=SUCCESS |  
2019-08-22 20:33:44,668 | INFO  | SCMAudit | user=jenkins1000 | ip=192.168.5.154 | op=SEND_HEARTBEAT {datanodeUUID=51076ca9-787f-4a25-b78d-948736530192, command=[]} | ret=SUCCESS |  
2019-08-22 20:33:44,722 | INFO  | SCMAudit | user=jenkins1000 | ip=192.168.5.154 | op=SEND_HEARTBEAT {datanodeUUID=ccbe46ac-8be0-4969-adcf-2e9221e70c85, command=[]} | ret=SUCCESS |  
2019-08-22 20:33:44,927 | INFO  | SCMAudit | user=jenkins1000 | ip=192.168.5.154 | op=SEND_HEARTBEAT {datanodeUUID=b57f6041-151b-43d9-b1c6-c87944b8f8b5, command=[]} | ret=SUCCESS |  
2019-08-22 20:33:45,072 [grpc-default-executor-5] INFO  client.GrpcClientProtocolClient (GrpcClientProtocolClient.java:onNext(255)) - client-8CEA2D754DC4->51076ca9-787f-4a25-b78d-948736530192: receive RaftClientReply:client-8CEA2D754DC4->51076ca9-787f-4a25-b78d-948736530192@group-7C12ADBC7497, cid=184, FAILED org.apache.ratis.protocol.NotLeaderException: Server 51076ca9-787f-4a25-b78d-948736530192 is not the leader (2daced53-459d-4517-a1dc-5ae4d7d13a80:192.168.5.154:44688). Request must be sent to leader., logIndex=0, commits[51076ca9-787f-4a25-b78d-948736530192:c16, f0f4ed96-5399-4dd5-ad99-791f6ec54833:c16, 2daced53-459d-4517-a1dc-5ae4d7d13a80:c16]
2019-08-22 20:33:45,119 | INFO  | SCMAudit | user=jenkins1000 | ip=192.168.5.154 | op=SEND_HEARTBEAT {datanodeUUID=a6344601-8d29-48c8-ae6d-e0943ca3f389, command=[]} | ret=SUCCESS |  
2019-08-22 20:33:45,305 | INFO  | SCMAudit | user=jenkins1000 | ip=192.168.5.154 | op=SEND_HEARTBEAT {datanodeUUID=e88b764d-cc09-4ebb-b6a7-9b0a83937be8, command=[]} | ret=SUCCESS |  
2019-08-22 20:33:45,668 | INFO  | SCMAudit | user=jenkins1000 | ip=192.168.5.154 | op=SEND_HEARTBEAT {datanodeUUID=51076ca9-787f-4a25-b78d-948736530192, command=[]} | ret=SUCCESS |  
2019-08-22 20:33:45,668 | INFO  | SCMAudit | user=jenkins1000 | ip=192.168.5.154 | op=SEND_HEARTBEAT {datanodeUUID=f0f4ed96-5399-4dd5-ad99-791f6ec54833, command=[]} | ret=SUCCESS |  
2019-08-22 20:33:45,722 | INFO  | SCMAudit | user=jenkins1000 | ip=192.168.5.154 | op=SEND_HEARTBEAT {datanodeUUID=ccbe46ac-8be0-4969-adcf-2e9221e70c85, command=[]} | ret=SUCCESS |  
2019-08-22 20:33:45,927 | INFO  | SCMAudit | user=jenkins1000 | ip=192.168.5.154 | op=SEND_HEARTBEAT {datanodeUUID=b57f6041-151b-43d9-b1c6-c87944b8f8b5, command=[]} | ret=SUCCESS |  
2019-08-22 20:33:46,087 [grpc-default-executor-10] INFO  client.GrpcClientProtocolClient (GrpcClientProtocolClient.java:onNext(255)) - client-8CEA2D754DC4->f0f4ed96-5399-4dd5-ad99-791f6ec54833: receive RaftClientReply:client-8CEA2D754DC4->f0f4ed96-5399-4dd5-ad99-791f6ec54833@group-7C12ADBC7497, cid=184, FAILED org.apache.ratis.protocol.NotLeaderException: Server f0f4ed96-5399-4dd5-ad99-791f6ec54833 is not the leader (2daced53-459d-4517-a1dc-5ae4d7d13a80:192.168.5.154:44688). Request must be sent to leader., logIndex=0, commits[f0f4ed96-5399-4dd5-ad99-791f6ec54833:c16, 51076ca9-787f-4a25-b78d-948736530192:c16, 2daced53-459d-4517-a1dc-5ae4d7d13a80:c16]
2019-08-22 20:33:46,119 | INFO  | SCMAudit | user=jenkins1000 | ip=192.168.5.154 | op=SEND_HEARTBEAT {datanodeUUID=a6344601-8d29-48c8-ae6d-e0943ca3f389, command=[]} | ret=SUCCESS |  
2019-08-22 20:33:46,305 | INFO  | SCMAudit | user=jenkins1000 | ip=192.168.5.154 | op=SEND_HEARTBEAT {datanodeUUID=e88b764d-cc09-4ebb-b6a7-9b0a83937be8, command=[]} | ret=SUCCESS |  
2019-08-22 20:33:46,669 | INFO  | SCMAudit | user=jenkins1000 | ip=192.168.5.154 | op=SEND_HEARTBEAT {datanodeUUID=51076ca9-787f-4a25-b78d-948736530192, command=[]} | ret=SUCCESS |  
2019-08-22 20:33:46,669 | INFO  | SCMAudit | user=jenkins1000 | ip=192.168.5.154 | op=SEND_HEARTBEAT {datanodeUUID=f0f4ed96-5399-4dd5-ad99-791f6ec54833, command=[]} | ret=SUCCESS |  
2019-08-22 20:33:46,722 | INFO  | SCMAudit | user=jenkins1000 | ip=192.168.5.154 | op=SEND_HEARTBEAT {datanodeUUID=ccbe46ac-8be0-4969-adcf-2e9221e70c85, command=[]} | ret=SUCCESS |  
2019-08-22 20:33:46,736 [Thread-3382] INFO  impl.FollowerState (FollowerState.java:run(106)) - f0f4ed96-5399-4dd5-ad99-791f6ec54833:group-7C12ADBC7497 changes to CANDIDATE, lastRpcTime:8824, electionTimeout:5057ms
2019-08-22 20:33:46,736 [Thread-3382] INFO  impl.RoleInfo (RoleInfo.java:shutdownFollowerState(121)) - f0f4ed96-5399-4dd5-ad99-791f6ec54833: shutdown FollowerState
2019-08-22 20:33:46,736 [Thread-3382] INFO  impl.RaftServerImpl (RaftServerImpl.java:setRole(171)) - f0f4ed96-5399-4dd5-ad99-791f6ec54833:group-7C12ADBC7497 changes role from FOLLOWER to CANDIDATE at term 1 for changeToCandidate
2019-08-22 20:33:46,736 [Thread-3382] INFO  impl.RoleInfo (RoleInfo.java:updateAndGet(143)) - f0f4ed96-5399-4dd5-ad99-791f6ec54833: start LeaderElection
2019-08-22 20:33:46,739 [f0f4ed96-5399-4dd5-ad99-791f6ec54833:group-7C12ADBC7497:LeaderElection67] INFO  impl.RaftServerImpl (ServerState.java:setLeader(263)) - f0f4ed96-5399-4dd5-ad99-791f6ec54833:group-7C12ADBC7497 change Leader from 2daced53-459d-4517-a1dc-5ae4d7d13a80 to null at term 1 for initElection
2019-08-22 20:33:46,753 [f0f4ed96-5399-4dd5-ad99-791f6ec54833:group-7C12ADBC7497:LeaderElection67] INFO  impl.LeaderElection (LeaderElection.java:askForVotes(181)) - f0f4ed96-5399-4dd5-ad99-791f6ec54833:group-7C12ADBC7497:LeaderElection67: begin an election at term 2 for 0: [f0f4ed96-5399-4dd5-ad99-791f6ec54833:192.168.5.154:39090, 51076ca9-787f-4a25-b78d-948736530192:192.168.5.154:35094, 2daced53-459d-4517-a1dc-5ae4d7d13a80:192.168.5.154:44688], old=null
2019-08-22 20:33:46,756 [f0f4ed96-5399-4dd5-ad99-791f6ec54833:group-7C12ADBC7497:LeaderElection67] INFO  impl.LeaderElection (LogUtils.java:infoOrTrace(149)) - f0f4ed96-5399-4dd5-ad99-791f6ec54833:group-7C12ADBC7497:LeaderElection67 got exception when requesting votes: {}
java.util.concurrent.ExecutionException: org.apache.ratis.thirdparty.io.grpc.StatusRuntimeException: UNAVAILABLE: io exception
	at java.util.concurrent.FutureTask.report(FutureTask.java:122)
	at java.util.concurrent.FutureTask.get(FutureTask.java:192)
	at org.apache.ratis.server.impl.LeaderElection.waitForResults(LeaderElection.java:262)
	at org.apache.ratis.server.impl.LeaderElection.askForVotes(LeaderElection.java:200)
	at org.apache.ratis.server.impl.LeaderElection.run(LeaderElection.java:130)
	at java.lang.Thread.run(Thread.java:748)
Caused by: org.apache.ratis.thirdparty.io.grpc.StatusRuntimeException: UNAVAILABLE: io exception
	at org.apache.ratis.thirdparty.io.grpc.stub.ClientCalls.toStatusRuntimeException(ClientCalls.java:233)
	at org.apache.ratis.thirdparty.io.grpc.stub.ClientCalls.getUnchecked(ClientCalls.java:214)
	at org.apache.ratis.thirdparty.io.grpc.stub.ClientCalls.blockingUnaryCall(ClientCalls.java:139)
	at org.apache.ratis.proto.grpc.RaftServerProtocolServiceGrpc$RaftServerProtocolServiceBlockingStub.requestVote(RaftServerProtocolServiceGrpc.java:265)
	at org.apache.ratis.grpc.server.GrpcServerProtocolClient.requestVote(GrpcServerProtocolClient.java:83)
	at org.apache.ratis.grpc.server.GrpcService.requestVote(GrpcService.java:195)
	at org.apache.ratis.server.impl.LeaderElection.lambda$submitRequests$1(LeaderElection.java:237)
	at java.util.concurrent.FutureTask.run(FutureTask.java:266)
	at java.util.concurrent.Executors$RunnableAdapter.call(Executors.java:511)
	at java.util.concurrent.FutureTask.run(FutureTask.java:266)
	at java.util.concurrent.ThreadPoolExecutor.runWorker(ThreadPoolExecutor.java:1149)
	at java.util.concurrent.ThreadPoolExecutor$Worker.run(ThreadPoolExecutor.java:624)
	... 1 more
Caused by: org.apache.ratis.thirdparty.io.netty.channel.AbstractChannel$AnnotatedConnectException: Connection refused: /192.168.5.154:44688
	at sun.nio.ch.SocketChannelImpl.checkConnect(Native Method)
	at sun.nio.ch.SocketChannelImpl.finishConnect(SocketChannelImpl.java:717)
	at org.apache.ratis.thirdparty.io.netty.channel.socket.nio.NioSocketChannel.doFinishConnect(NioSocketChannel.java:327)
	at org.apache.ratis.thirdparty.io.netty.channel.nio.AbstractNioChannel$AbstractNioUnsafe.finishConnect(AbstractNioChannel.java:340)
	at org.apache.ratis.thirdparty.io.netty.channel.nio.NioEventLoop.processSelectedKey(NioEventLoop.java:632)
	at org.apache.ratis.thirdparty.io.netty.channel.nio.NioEventLoop.processSelectedKeysOptimized(NioEventLoop.java:579)
	at org.apache.ratis.thirdparty.io.netty.channel.nio.NioEventLoop.processSelectedKeys(NioEventLoop.java:496)
	at org.apache.ratis.thirdparty.io.netty.channel.nio.NioEventLoop.run(NioEventLoop.java:458)
	at org.apache.ratis.thirdparty.io.netty.util.concurrent.SingleThreadEventExecutor$5.run(SingleThreadEventExecutor.java:897)
	at org.apache.ratis.thirdparty.io.netty.util.concurrent.FastThreadLocalRunnable.run(FastThreadLocalRunnable.java:30)
	... 1 more
Caused by: java.net.ConnectException: Connection refused
	... 11 more
2019-08-22 20:33:46,760 [grpc-default-executor-5] INFO  impl.RaftServerImpl (ServerState.java:setLeader(263)) - 51076ca9-787f-4a25-b78d-948736530192:group-7C12ADBC7497 change Leader from 2daced53-459d-4517-a1dc-5ae4d7d13a80 to null at term 2 for updateCurrentTerm
2019-08-22 20:33:46,760 [grpc-default-executor-5] INFO  impl.RaftServerImpl (RaftServerImpl.java:setRole(171)) - 51076ca9-787f-4a25-b78d-948736530192:group-7C12ADBC7497 changes role from FOLLOWER to FOLLOWER at term 2 for recognizeCandidate:f0f4ed96-5399-4dd5-ad99-791f6ec54833
2019-08-22 20:33:46,761 [grpc-default-executor-5] INFO  impl.RoleInfo (RoleInfo.java:shutdownFollowerState(121)) - 51076ca9-787f-4a25-b78d-948736530192: shutdown FollowerState
2019-08-22 20:33:46,761 [grpc-default-executor-5] INFO  impl.RoleInfo (RoleInfo.java:updateAndGet(143)) - 51076ca9-787f-4a25-b78d-948736530192: start FollowerState
2019-08-22 20:33:46,761 [Thread-3383] INFO  impl.FollowerState (FollowerState.java:run(114)) - 51076ca9-787f-4a25-b78d-948736530192: FollowerState was interrupted: java.lang.InterruptedException: sleep interrupted
2019-08-22 20:33:46,778 [f0f4ed96-5399-4dd5-ad99-791f6ec54833:group-7C12ADBC7497:LeaderElection67] INFO  impl.LeaderElection (LeaderElection.java:logAndReturn(56)) - f0f4ed96-5399-4dd5-ad99-791f6ec54833:group-7C12ADBC7497:LeaderElection67: Election PASSED; received 1 response(s) [f0f4ed96-5399-4dd5-ad99-791f6ec54833<-51076ca9-787f-4a25-b78d-948736530192#0:OK-t2] and 1 exception(s); f0f4ed96-5399-4dd5-ad99-791f6ec54833:t2, leader=null, voted=f0f4ed96-5399-4dd5-ad99-791f6ec54833, raftlog=f0f4ed96-5399-4dd5-ad99-791f6ec54833-SegmentedRaftLog:OPENED:c16,f16,i16, conf=0: [f0f4ed96-5399-4dd5-ad99-791f6ec54833:192.168.5.154:39090, 51076ca9-787f-4a25-b78d-948736530192:192.168.5.154:35094, 2daced53-459d-4517-a1dc-5ae4d7d13a80:192.168.5.154:44688], old=null
2019-08-22 20:33:46,778 [f0f4ed96-5399-4dd5-ad99-791f6ec54833:group-7C12ADBC7497:LeaderElection67] INFO  impl.LeaderElection (LogUtils.java:infoOrTrace(149)) -   Exception 0: {}
java.util.concurrent.ExecutionException: org.apache.ratis.thirdparty.io.grpc.StatusRuntimeException: UNAVAILABLE: io exception
	at java.util.concurrent.FutureTask.report(FutureTask.java:122)
	at java.util.concurrent.FutureTask.get(FutureTask.java:192)
	at org.apache.ratis.server.impl.LeaderElection.waitForResults(LeaderElection.java:262)
	at org.apache.ratis.server.impl.LeaderElection.askForVotes(LeaderElection.java:200)
	at org.apache.ratis.server.impl.LeaderElection.run(LeaderElection.java:130)
	at java.lang.Thread.run(Thread.java:748)
Caused by: org.apache.ratis.thirdparty.io.grpc.StatusRuntimeException: UNAVAILABLE: io exception
	at org.apache.ratis.thirdparty.io.grpc.stub.ClientCalls.toStatusRuntimeException(ClientCalls.java:233)
	at org.apache.ratis.thirdparty.io.grpc.stub.ClientCalls.getUnchecked(ClientCalls.java:214)
	at org.apache.ratis.thirdparty.io.grpc.stub.ClientCalls.blockingUnaryCall(ClientCalls.java:139)
	at org.apache.ratis.proto.grpc.RaftServerProtocolServiceGrpc$RaftServerProtocolServiceBlockingStub.requestVote(RaftServerProtocolServiceGrpc.java:265)
	at org.apache.ratis.grpc.server.GrpcServerProtocolClient.requestVote(GrpcServerProtocolClient.java:83)
	at org.apache.ratis.grpc.server.GrpcService.requestVote(GrpcService.java:195)
	at org.apache.ratis.server.impl.LeaderElection.lambda$submitRequests$1(LeaderElection.java:237)
	at java.util.concurrent.FutureTask.run(FutureTask.java:266)
	at java.util.concurrent.Executors$RunnableAdapter.call(Executors.java:511)
	at java.util.concurrent.FutureTask.run(FutureTask.java:266)
	at java.util.concurrent.ThreadPoolExecutor.runWorker(ThreadPoolExecutor.java:1149)
	at java.util.concurrent.ThreadPoolExecutor$Worker.run(ThreadPoolExecutor.java:624)
	... 1 more
Caused by: org.apache.ratis.thirdparty.io.netty.channel.AbstractChannel$AnnotatedConnectException: Connection refused: /192.168.5.154:44688
	at sun.nio.ch.SocketChannelImpl.checkConnect(Native Method)
	at sun.nio.ch.SocketChannelImpl.finishConnect(SocketChannelImpl.java:717)
	at org.apache.ratis.thirdparty.io.netty.channel.socket.nio.NioSocketChannel.doFinishConnect(NioSocketChannel.java:327)
	at org.apache.ratis.thirdparty.io.netty.channel.nio.AbstractNioChannel$AbstractNioUnsafe.finishConnect(AbstractNioChannel.java:340)
	at org.apache.ratis.thirdparty.io.netty.channel.nio.NioEventLoop.processSelectedKey(NioEventLoop.java:632)
	at org.apache.ratis.thirdparty.io.netty.channel.nio.NioEventLoop.processSelectedKeysOptimized(NioEventLoop.java:579)
	at org.apache.ratis.thirdparty.io.netty.channel.nio.NioEventLoop.processSelectedKeys(NioEventLoop.java:496)
	at org.apache.ratis.thirdparty.io.netty.channel.nio.NioEventLoop.run(NioEventLoop.java:458)
	at org.apache.ratis.thirdparty.io.netty.util.concurrent.SingleThreadEventExecutor$5.run(SingleThreadEventExecutor.java:897)
	at org.apache.ratis.thirdparty.io.netty.util.concurrent.FastThreadLocalRunnable.run(FastThreadLocalRunnable.java:30)
	... 1 more
Caused by: java.net.ConnectException: Connection refused
	... 11 more
2019-08-22 20:33:46,778 [f0f4ed96-5399-4dd5-ad99-791f6ec54833:group-7C12ADBC7497:LeaderElection67] INFO  impl.RoleInfo (RoleInfo.java:shutdownLeaderElection(134)) - f0f4ed96-5399-4dd5-ad99-791f6ec54833: shutdown LeaderElection
2019-08-22 20:33:46,778 [f0f4ed96-5399-4dd5-ad99-791f6ec54833:group-7C12ADBC7497:LeaderElection67] INFO  impl.RaftServerImpl (RaftServerImpl.java:setRole(171)) - f0f4ed96-5399-4dd5-ad99-791f6ec54833:group-7C12ADBC7497 changes role from CANDIDATE to LEADER at term 2 for changeToLeader
2019-08-22 20:33:46,779 [f0f4ed96-5399-4dd5-ad99-791f6ec54833:group-7C12ADBC7497:LeaderElection67] INFO  impl.RaftServerImpl (ServerState.java:setLeader(263)) - f0f4ed96-5399-4dd5-ad99-791f6ec54833:group-7C12ADBC7497 change Leader from null to f0f4ed96-5399-4dd5-ad99-791f6ec54833 at term 2 for becomeLeader, leader elected after 39ms
2019-08-22 20:33:46,779 [f0f4ed96-5399-4dd5-ad99-791f6ec54833:group-7C12ADBC7497:LeaderElection67] INFO  server.RaftServerConfigKeys (ConfUtils.java:logGet(43)) - raft.server.staging.catchup.gap = 1000 (default)
2019-08-22 20:33:46,779 [f0f4ed96-5399-4dd5-ad99-791f6ec54833:group-7C12ADBC7497:LeaderElection67] INFO  server.RaftServerConfigKeys (ConfUtils.java:logGet(43)) - raft.server.rpc.sleep.time = 25ms (default)
2019-08-22 20:33:46,779 [f0f4ed96-5399-4dd5-ad99-791f6ec54833:group-7C12ADBC7497:LeaderElection67] INFO  server.RaftServerConfigKeys (ConfUtils.java:logGet(43)) - raft.server.write.element-limit = 4096 (default)
2019-08-22 20:33:46,779 [f0f4ed96-5399-4dd5-ad99-791f6ec54833:group-7C12ADBC7497:LeaderElection67] INFO  server.RaftServerConfigKeys (ConfUtils.java:logGet(43)) - raft.server.watch.timeout = 10s (default)
2019-08-22 20:33:46,780 [f0f4ed96-5399-4dd5-ad99-791f6ec54833:group-7C12ADBC7497:LeaderElection67] INFO  server.RaftServerConfigKeys (ConfUtils.java:logGet(43)) - raft.server.watch.timeout.denomination = 1s (default)
2019-08-22 20:33:46,780 [f0f4ed96-5399-4dd5-ad99-791f6ec54833:group-7C12ADBC7497:LeaderElection67] INFO  server.RaftServerConfigKeys (ConfUtils.java:logGet(43)) - raft.server.watch.element-limit = 65536 (default)
2019-08-22 20:33:46,780 [f0f4ed96-5399-4dd5-ad99-791f6ec54833:group-7C12ADBC7497:LeaderElection67] INFO  server.RaftServerConfigKeys (ConfUtils.java:logGet(43)) - raft.server.log.appender.snapshot.chunk.size.max = 16MB (=16777216) (default)
2019-08-22 20:33:46,780 [f0f4ed96-5399-4dd5-ad99-791f6ec54833:group-7C12ADBC7497:LeaderElection67] INFO  server.RaftServerConfigKeys (ConfUtils.java:logGet(43)) - raft.server.log.appender.buffer.byte-limit = 33554432 (custom)
2019-08-22 20:33:46,780 [f0f4ed96-5399-4dd5-ad99-791f6ec54833:group-7C12ADBC7497:LeaderElection67] INFO  server.RaftServerConfigKeys (ConfUtils.java:logGet(43)) - raft.server.log.appender.buffer.element-limit = 1 (custom)
2019-08-22 20:33:46,781 [f0f4ed96-5399-4dd5-ad99-791f6ec54833:group-7C12ADBC7497:LeaderElection67] INFO  grpc.GrpcConfigKeys$Server (ConfUtils.java:logGet(43)) - raft.grpc.server.leader.outstanding.appends.max = 128 (default)
2019-08-22 20:33:46,781 [f0f4ed96-5399-4dd5-ad99-791f6ec54833:group-7C12ADBC7497:LeaderElection67] INFO  server.RaftServerConfigKeys (ConfUtils.java:logGet(43)) - raft.server.rpc.request.timeout = 3000ms (default)
2019-08-22 20:33:46,781 [f0f4ed96-5399-4dd5-ad99-791f6ec54833:group-7C12ADBC7497:LeaderElection67] INFO  server.RaftServerConfigKeys (ConfUtils.java:logGet(43)) - raft.server.log.appender.install.snapshot.enabled = false (custom)
2019-08-22 20:33:46,781 [f0f4ed96-5399-4dd5-ad99-791f6ec54833:group-7C12ADBC7497:LeaderElection67] INFO  server.RaftServerConfigKeys (ConfUtils.java:logGet(43)) - raft.server.log.appender.snapshot.chunk.size.max = 16MB (=16777216) (default)
2019-08-22 20:33:46,782 [f0f4ed96-5399-4dd5-ad99-791f6ec54833:group-7C12ADBC7497:LeaderElection67] INFO  server.RaftServerConfigKeys (ConfUtils.java:logGet(43)) - raft.server.log.appender.buffer.byte-limit = 33554432 (custom)
2019-08-22 20:33:46,782 [f0f4ed96-5399-4dd5-ad99-791f6ec54833:group-7C12ADBC7497:LeaderElection67] INFO  server.RaftServerConfigKeys (ConfUtils.java:logGet(43)) - raft.server.log.appender.buffer.element-limit = 1 (custom)
2019-08-22 20:33:46,782 [f0f4ed96-5399-4dd5-ad99-791f6ec54833:group-7C12ADBC7497:LeaderElection67] INFO  grpc.GrpcConfigKeys$Server (ConfUtils.java:logGet(43)) - raft.grpc.server.leader.outstanding.appends.max = 128 (default)
2019-08-22 20:33:46,782 [f0f4ed96-5399-4dd5-ad99-791f6ec54833:group-7C12ADBC7497:LeaderElection67] INFO  server.RaftServerConfigKeys (ConfUtils.java:logGet(43)) - raft.server.rpc.request.timeout = 3000ms (default)
2019-08-22 20:33:46,782 [f0f4ed96-5399-4dd5-ad99-791f6ec54833:group-7C12ADBC7497:LeaderElection67] INFO  server.RaftServerConfigKeys (ConfUtils.java:logGet(43)) - raft.server.log.appender.install.snapshot.enabled = false (custom)
2019-08-22 20:33:46,783 [f0f4ed96-5399-4dd5-ad99-791f6ec54833:group-7C12ADBC7497:LeaderElection67] INFO  impl.RoleInfo (RoleInfo.java:updateAndGet(143)) - f0f4ed96-5399-4dd5-ad99-791f6ec54833: start LeaderState
2019-08-22 20:33:46,783 [f0f4ed96-5399-4dd5-ad99-791f6ec54833:group-7C12ADBC7497:LeaderElection67] INFO  segmented.SegmentedRaftLogWorker (SegmentedRaftLogWorker.java:rollLogSegment(385)) - f0f4ed96-5399-4dd5-ad99-791f6ec54833-SegmentedRaftLogWorker:Storage Directory /workdir/hadoop-ozone/integration-test/target/test-dir/MiniOzoneClusterImpl-28bedab5-a7b6-4439-aa5a-0da14b59fc38/datanode-2/data/ratis/35de30fa-ae31-4d06-a297-7c12adbc7497: Rolling segment log-0_16 to index:16
2019-08-22 20:33:46,784 [f0f4ed96-5399-4dd5-ad99-791f6ec54833-SegmentedRaftLogWorker:Storage Directory /workdir/hadoop-ozone/integration-test/target/test-dir/MiniOzoneClusterImpl-28bedab5-a7b6-4439-aa5a-0da14b59fc38/datanode-2/data/ratis/35de30fa-ae31-4d06-a297-7c12adbc7497] INFO  segmented.SegmentedRaftLogWorker (SegmentedRaftLogWorker.java:execute(526)) - f0f4ed96-5399-4dd5-ad99-791f6ec54833-SegmentedRaftLogWorker:Storage Directory /workdir/hadoop-ozone/integration-test/target/test-dir/MiniOzoneClusterImpl-28bedab5-a7b6-4439-aa5a-0da14b59fc38/datanode-2/data/ratis/35de30fa-ae31-4d06-a297-7c12adbc7497: Rolled log segment from /workdir/hadoop-ozone/integration-test/target/test-dir/MiniOzoneClusterImpl-28bedab5-a7b6-4439-aa5a-0da14b59fc38/datanode-2/data/ratis/35de30fa-ae31-4d06-a297-7c12adbc7497/current/log_inprogress_0 to /workdir/hadoop-ozone/integration-test/target/test-dir/MiniOzoneClusterImpl-28bedab5-a7b6-4439-aa5a-0da14b59fc38/datanode-2/data/ratis/35de30fa-ae31-4d06-a297-7c12adbc7497/current/log_0-16
2019-08-22 20:33:46,784 [f0f4ed96-5399-4dd5-ad99-791f6ec54833:group-7C12ADBC7497:LeaderElection67] INFO  impl.RaftServerImpl (ServerState.java:setRaftConf(361)) - f0f4ed96-5399-4dd5-ad99-791f6ec54833:group-7C12ADBC7497 set configuration 17: [f0f4ed96-5399-4dd5-ad99-791f6ec54833:192.168.5.154:39090, 51076ca9-787f-4a25-b78d-948736530192:192.168.5.154:35094, 2daced53-459d-4517-a1dc-5ae4d7d13a80:192.168.5.154:44688], old=null at 17
2019-08-22 20:33:46,784 [grpc-default-executor-5] WARN  server.GrpcLogAppender (LogUtils.java:warn(134)) - f0f4ed96-5399-4dd5-ad99-791f6ec54833->2daced53-459d-4517-a1dc-5ae4d7d13a80: Failed appendEntries: org.apache.ratis.thirdparty.io.grpc.StatusRuntimeException: UNAVAILABLE: io exception
2019-08-22 20:33:46,785 [grpc-default-executor-5] INFO  impl.FollowerInfo (FollowerInfo.java:lambda$new$0(50)) - f0f4ed96-5399-4dd5-ad99-791f6ec54833->2daced53-459d-4517-a1dc-5ae4d7d13a80: nextIndex: updateUnconditionally 17 -> 1
2019-08-22 20:33:46,785 [grpc-default-executor-10] INFO  impl.RaftServerImpl (ServerState.java:setLeader(263)) - 51076ca9-787f-4a25-b78d-948736530192:group-7C12ADBC7497 change Leader from null to f0f4ed96-5399-4dd5-ad99-791f6ec54833 at term 2 for appendEntries, leader elected after 25ms
2019-08-22 20:33:46,788 [grpc-default-executor-10] INFO  impl.RaftServerImpl (ServerState.java:setRaftConf(361)) - 51076ca9-787f-4a25-b78d-948736530192:group-7C12ADBC7497 set configuration 17: [f0f4ed96-5399-4dd5-ad99-791f6ec54833:192.168.5.154:39090, 51076ca9-787f-4a25-b78d-948736530192:192.168.5.154:35094, 2daced53-459d-4517-a1dc-5ae4d7d13a80:192.168.5.154:44688], old=null at 17
2019-08-22 20:33:46,788 [grpc-default-executor-10] INFO  segmented.SegmentedRaftLogWorker (SegmentedRaftLogWorker.java:rollLogSegment(385)) - 51076ca9-787f-4a25-b78d-948736530192-SegmentedRaftLogWorker:Storage Directory /workdir/hadoop-ozone/integration-test/target/test-dir/MiniOzoneClusterImpl-28bedab5-a7b6-4439-aa5a-0da14b59fc38/datanode-1/data/ratis/35de30fa-ae31-4d06-a297-7c12adbc7497: Rolling segment log-0_16 to index:16
2019-08-22 20:33:46,789 [51076ca9-787f-4a25-b78d-948736530192-SegmentedRaftLogWorker:Storage Directory /workdir/hadoop-ozone/integration-test/target/test-dir/MiniOzoneClusterImpl-28bedab5-a7b6-4439-aa5a-0da14b59fc38/datanode-1/data/ratis/35de30fa-ae31-4d06-a297-7c12adbc7497] INFO  segmented.SegmentedRaftLogWorker (SegmentedRaftLogWorker.java:execute(526)) - 51076ca9-787f-4a25-b78d-948736530192-SegmentedRaftLogWorker:Storage Directory /workdir/hadoop-ozone/integration-test/target/test-dir/MiniOzoneClusterImpl-28bedab5-a7b6-4439-aa5a-0da14b59fc38/datanode-1/data/ratis/35de30fa-ae31-4d06-a297-7c12adbc7497: Rolled log segment from /workdir/hadoop-ozone/integration-test/target/test-dir/MiniOzoneClusterImpl-28bedab5-a7b6-4439-aa5a-0da14b59fc38/datanode-1/data/ratis/35de30fa-ae31-4d06-a297-7c12adbc7497/current/log_inprogress_0 to /workdir/hadoop-ozone/integration-test/target/test-dir/MiniOzoneClusterImpl-28bedab5-a7b6-4439-aa5a-0da14b59fc38/datanode-1/data/ratis/35de30fa-ae31-4d06-a297-7c12adbc7497/current/log_0-16
2019-08-22 20:33:46,836 [51076ca9-787f-4a25-b78d-948736530192-SegmentedRaftLogWorker:Storage Directory /workdir/hadoop-ozone/integration-test/target/test-dir/MiniOzoneClusterImpl-28bedab5-a7b6-4439-aa5a-0da14b59fc38/datanode-1/data/ratis/35de30fa-ae31-4d06-a297-7c12adbc7497] INFO  segmented.SegmentedRaftLogWorker (SegmentedRaftLogWorker.java:execute(569)) - 51076ca9-787f-4a25-b78d-948736530192-SegmentedRaftLogWorker:Storage Directory /workdir/hadoop-ozone/integration-test/target/test-dir/MiniOzoneClusterImpl-28bedab5-a7b6-4439-aa5a-0da14b59fc38/datanode-1/data/ratis/35de30fa-ae31-4d06-a297-7c12adbc7497: created new log segment /workdir/hadoop-ozone/integration-test/target/test-dir/MiniOzoneClusterImpl-28bedab5-a7b6-4439-aa5a-0da14b59fc38/datanode-1/data/ratis/35de30fa-ae31-4d06-a297-7c12adbc7497/current/log_inprogress_17
2019-08-22 20:33:46,836 [f0f4ed96-5399-4dd5-ad99-791f6ec54833-SegmentedRaftLogWorker:Storage Directory /workdir/hadoop-ozone/integration-test/target/test-dir/MiniOzoneClusterImpl-28bedab5-a7b6-4439-aa5a-0da14b59fc38/datanode-2/data/ratis/35de30fa-ae31-4d06-a297-7c12adbc7497] INFO  segmented.SegmentedRaftLogWorker (SegmentedRaftLogWorker.java:execute(569)) - f0f4ed96-5399-4dd5-ad99-791f6ec54833-SegmentedRaftLogWorker:Storage Directory /workdir/hadoop-ozone/integration-test/target/test-dir/MiniOzoneClusterImpl-28bedab5-a7b6-4439-aa5a-0da14b59fc38/datanode-2/data/ratis/35de30fa-ae31-4d06-a297-7c12adbc7497: created new log segment /workdir/hadoop-ozone/integration-test/target/test-dir/MiniOzoneClusterImpl-28bedab5-a7b6-4439-aa5a-0da14b59fc38/datanode-2/data/ratis/35de30fa-ae31-4d06-a297-7c12adbc7497/current/log_inprogress_17
2019-08-22 20:33:46,859 | INFO  | DNAudit | user=null | ip=null | op=READ_CHUNK {blockData=conID: 1 locID: 102662537699328014 bcsId: 0} | ret=SUCCESS |  
2019-08-22 20:33:46,862 [grpc-default-executor-9] WARN  server.GrpcLogAppender (LogUtils.java:warn(134)) - f0f4ed96-5399-4dd5-ad99-791f6ec54833->2daced53-459d-4517-a1dc-5ae4d7d13a80: Failed appendEntries: org.apache.ratis.thirdparty.io.grpc.StatusRuntimeException: UNAVAILABLE: io exception
2019-08-22 20:33:46,863 [grpc-default-executor-9] INFO  impl.FollowerInfo (FollowerInfo.java:lambda$new$0(50)) - f0f4ed96-5399-4dd5-ad99-791f6ec54833->2daced53-459d-4517-a1dc-5ae4d7d13a80: nextIndex: updateUnconditionally 2 -> 1
2019-08-22 20:33:46,877 [grpc-default-executor-5] WARN  server.GrpcLogAppender (LogUtils.java:warn(134)) - f0f4ed96-5399-4dd5-ad99-791f6ec54833->2daced53-459d-4517-a1dc-5ae4d7d13a80: Failed appendEntries: org.apache.ratis.thirdparty.io.grpc.StatusRuntimeException: UNAVAILABLE: io exception
2019-08-22 20:33:46,877 [grpc-default-executor-5] INFO  impl.FollowerInfo (FollowerInfo.java:lambda$new$0(50)) - f0f4ed96-5399-4dd5-ad99-791f6ec54833->2daced53-459d-4517-a1dc-5ae4d7d13a80: nextIndex: updateUnconditionally 2 -> 1
2019-08-22 20:33:46,928 | INFO  | SCMAudit | user=jenkins1000 | ip=192.168.5.154 | op=SEND_HEARTBEAT {datanodeUUID=b57f6041-151b-43d9-b1c6-c87944b8f8b5, command=[]} | ret=SUCCESS |  
2019-08-22 20:33:47,108 [grpc-default-executor-5] INFO  client.GrpcClientProtocolClient (GrpcClientProtocolClient.java:onNext(255)) - client-8CEA2D754DC4->51076ca9-787f-4a25-b78d-948736530192: receive RaftClientReply:client-8CEA2D754DC4->51076ca9-787f-4a25-b78d-948736530192@group-7C12ADBC7497, cid=184, FAILED org.apache.ratis.protocol.NotLeaderException: Server 51076ca9-787f-4a25-b78d-948736530192 is not the leader (f0f4ed96-5399-4dd5-ad99-791f6ec54833:192.168.5.154:39090). Request must be sent to leader., logIndex=0, commits[51076ca9-787f-4a25-b78d-948736530192:c17, f0f4ed96-5399-4dd5-ad99-791f6ec54833:c17, 2daced53-459d-4517-a1dc-5ae4d7d13a80:c16]
2019-08-22 20:33:47,116 | ERROR | DNAudit | user=null | ip=null | op=WRITE_CHUNK {blockData=conID: 1 locID: 102662537699328014 bcsId: 14} | ret=FAILURE | org.apache.hadoop.hdds.scm.container.common.helpers.ContainerNotOpenException: Container 1 in CLOSING state
	at org.apache.hadoop.ozone.container.common.impl.HddsDispatcher.validateContainerCommand(HddsDispatcher.java:408)
	at org.apache.hadoop.ozone.container.common.transport.server.ratis.ContainerStateMachine.startTransaction(ContainerStateMachine.java:309) 
2019-08-22 20:33:47,122 | INFO  | SCMAudit | user=jenkins1000 | ip=192.168.5.154 | op=SEND_HEARTBEAT {datanodeUUID=a6344601-8d29-48c8-ae6d-e0943ca3f389, command=[]} | ret=SUCCESS |  
2019-08-22 20:33:47,125 [grpc-default-executor-5] INFO  client.GrpcClientProtocolClient (GrpcClientProtocolClient.java:onNext(255)) - client-8CEA2D754DC4->f0f4ed96-5399-4dd5-ad99-791f6ec54833: receive RaftClientReply:client-8CEA2D754DC4->f0f4ed96-5399-4dd5-ad99-791f6ec54833@group-7C12ADBC7497, cid=184, FAILED org.apache.ratis.protocol.StateMachineException: org.apache.hadoop.hdds.scm.container.common.helpers.ContainerNotOpenException from Server f0f4ed96-5399-4dd5-ad99-791f6ec54833: Container 1 in CLOSING state, logIndex=0, commits[f0f4ed96-5399-4dd5-ad99-791f6ec54833:c18, 51076ca9-787f-4a25-b78d-948736530192:c17, 2daced53-459d-4517-a1dc-5ae4d7d13a80:c16]
2019-08-22 20:33:47,127 | ERROR | DNAudit | user=null | ip=null | op=WRITE_CHUNK {blockData=conID: 1 locID: 102662537699328014 bcsId: 14} | ret=FAILURE | org.apache.hadoop.hdds.scm.container.common.helpers.ContainerNotOpenException: Container 1 in CLOSING state
	at org.apache.hadoop.ozone.container.common.impl.HddsDispatcher.validateContainerCommand(HddsDispatcher.java:408)
	at org.apache.hadoop.ozone.container.common.transport.server.ratis.ContainerStateMachine.startTransaction(ContainerStateMachine.java:309) 
2019-08-22 20:33:47,128 | ERROR | DNAudit | user=null | ip=null | op=PUT_BLOCK {blockData=[blockId=conID: 1 locID: 102662537699328014 bcsId: 0,size=650]} | ret=FAILURE | org.apache.hadoop.hdds.scm.container.common.helpers.ContainerNotOpenException: Container 1 in CLOSING state
	at org.apache.hadoop.ozone.container.common.impl.HddsDispatcher.validateContainerCommand(HddsDispatcher.java:408)
	at org.apache.hadoop.ozone.container.common.transport.server.ratis.ContainerStateMachine.startTransaction(ContainerStateMachine.java:309) 
2019-08-22 20:33:47,137 [grpc-default-executor-5] INFO  client.GrpcClientProtocolClient (GrpcClientProtocolClient.java:onNext(255)) - client-8CEA2D754DC4->f0f4ed96-5399-4dd5-ad99-791f6ec54833: receive RaftClientReply:client-8CEA2D754DC4->f0f4ed96-5399-4dd5-ad99-791f6ec54833@group-7C12ADBC7497, cid=185, FAILED org.apache.ratis.protocol.StateMachineException: org.apache.hadoop.hdds.scm.container.common.helpers.ContainerNotOpenException from Server f0f4ed96-5399-4dd5-ad99-791f6ec54833: Container 1 in CLOSING state, logIndex=0, commits[f0f4ed96-5399-4dd5-ad99-791f6ec54833:c18, 51076ca9-787f-4a25-b78d-948736530192:c17, 2daced53-459d-4517-a1dc-5ae4d7d13a80:c16]
2019-08-22 20:33:47,137 | ERROR | DNAudit | user=null | ip=null | op=WRITE_CHUNK {blockData=conID: 1 locID: 102662537699328014 bcsId: 14} | ret=FAILURE | org.apache.hadoop.hdds.scm.container.common.helpers.ContainerNotOpenException: Container 1 in CLOSING state
	at org.apache.hadoop.ozone.container.common.impl.HddsDispatcher.validateContainerCommand(HddsDispatcher.java:408)
	at org.apache.hadoop.ozone.container.common.transport.server.ratis.ContainerStateMachine.startTransaction(ContainerStateMachine.java:309) 
2019-08-22 20:33:47,138 [grpc-default-executor-5] INFO  client.GrpcClientProtocolClient (GrpcClientProtocolClient.java:onNext(255)) - client-8CEA2D754DC4->f0f4ed96-5399-4dd5-ad99-791f6ec54833: receive RaftClientReply:client-8CEA2D754DC4->f0f4ed96-5399-4dd5-ad99-791f6ec54833@group-7C12ADBC7497, cid=186, FAILED org.apache.ratis.protocol.StateMachineException: org.apache.hadoop.hdds.scm.container.common.helpers.ContainerNotOpenException from Server f0f4ed96-5399-4dd5-ad99-791f6ec54833: Container 1 in CLOSING state, logIndex=0, commits[f0f4ed96-5399-4dd5-ad99-791f6ec54833:c18, 51076ca9-787f-4a25-b78d-948736530192:c17, 2daced53-459d-4517-a1dc-5ae4d7d13a80:c16]
2019-08-22 20:33:47,138 | ERROR | DNAudit | user=null | ip=null | op=WRITE_CHUNK {blockData=conID: 1 locID: 102662537699328014 bcsId: 14} | ret=FAILURE | org.apache.hadoop.hdds.scm.container.common.helpers.ContainerNotOpenException: Container 1 in CLOSING state
	at org.apache.hadoop.ozone.container.common.impl.HddsDispatcher.validateContainerCommand(HddsDispatcher.java:408)
	at org.apache.hadoop.ozone.container.common.transport.server.ratis.ContainerStateMachine.startTransaction(ContainerStateMachine.java:309) 
2019-08-22 20:33:47,142 | ERROR | DNAudit | user=null | ip=null | op=PUT_BLOCK {blockData=[blockId=conID: 1 locID: 102662537699328014 bcsId: 0,size=800]} | ret=FAILURE | org.apache.hadoop.hdds.scm.container.common.helpers.ContainerNotOpenException: Container 1 in CLOSING state
	at org.apache.hadoop.ozone.container.common.impl.HddsDispatcher.validateContainerCommand(HddsDispatcher.java:408)
	at org.apache.hadoop.ozone.container.common.transport.server.ratis.ContainerStateMachine.startTransaction(ContainerStateMachine.java:309) 
2019-08-22 20:33:47,145 [grpc-default-executor-5] INFO  client.GrpcClientProtocolClient (GrpcClientProtocolClient.java:onNext(255)) - client-8CEA2D754DC4->f0f4ed96-5399-4dd5-ad99-791f6ec54833: receive RaftClientReply:client-8CEA2D754DC4->f0f4ed96-5399-4dd5-ad99-791f6ec54833@group-7C12ADBC7497, cid=187, FAILED org.apache.ratis.protocol.StateMachineException: org.apache.hadoop.hdds.scm.container.common.helpers.ContainerNotOpenException from Server f0f4ed96-5399-4dd5-ad99-791f6ec54833: Container 1 in CLOSING state, logIndex=0, commits[f0f4ed96-5399-4dd5-ad99-791f6ec54833:c18, 51076ca9-787f-4a25-b78d-948736530192:c17, 2daced53-459d-4517-a1dc-5ae4d7d13a80:c16]
2019-08-22 20:33:47,155 [grpc-default-executor-5] INFO  client.GrpcClientProtocolClient (GrpcClientProtocolClient.java:onNext(255)) - client-8CEA2D754DC4->f0f4ed96-5399-4dd5-ad99-791f6ec54833: receive RaftClientReply:client-8CEA2D754DC4->f0f4ed96-5399-4dd5-ad99-791f6ec54833@group-7C12ADBC7497, cid=188, FAILED org.apache.ratis.protocol.StateMachineException: org.apache.hadoop.hdds.scm.container.common.helpers.ContainerNotOpenException from Server f0f4ed96-5399-4dd5-ad99-791f6ec54833: Container 1 in CLOSING state, logIndex=0, commits[f0f4ed96-5399-4dd5-ad99-791f6ec54833:c18, 51076ca9-787f-4a25-b78d-948736530192:c17, 2daced53-459d-4517-a1dc-5ae4d7d13a80:c16]
2019-08-22 20:33:47,156 [grpc-default-executor-5] INFO  client.GrpcClientProtocolClient (GrpcClientProtocolClient.java:onNext(255)) - client-8CEA2D754DC4->f0f4ed96-5399-4dd5-ad99-791f6ec54833: receive RaftClientReply:client-8CEA2D754DC4->f0f4ed96-5399-4dd5-ad99-791f6ec54833@group-7C12ADBC7497, cid=189, FAILED org.apache.ratis.protocol.StateMachineException: org.apache.hadoop.hdds.scm.container.common.helpers.ContainerNotOpenException from Server f0f4ed96-5399-4dd5-ad99-791f6ec54833: Container 1 in CLOSING state, logIndex=0, commits[f0f4ed96-5399-4dd5-ad99-791f6ec54833:c18, 51076ca9-787f-4a25-b78d-948736530192:c17, 2daced53-459d-4517-a1dc-5ae4d7d13a80:c16]
2019-08-22 20:33:47,185 | INFO  | SCMAudit | user=jenkins1000 | ip=192.168.5.154 | op=ALLOCATE_BLOCK {owner=b56244d5-4709-4df1-bba2-bb657e6030e8, size=800, type=RATIS, factor=THREE} | ret=SUCCESS |  
2019-08-22 20:33:47,187 | INFO  | OMAudit | user=jenkins1000 | ip=127.0.0.1 | op=ALLOCATE_BLOCK {volume=testblockoutputstream, bucket=testblockoutputstream, key=ebc0a2a7-6916-4e1d-bdf2-73286f91a9ad, dataSize=0, replicationType=null, replicationFactor=null, keyLocationInfo=null, clientID=102662537698213901} | ret=SUCCESS |  
2019-08-22 20:33:47,305 | INFO  | SCMAudit | user=jenkins1000 | ip=192.168.5.154 | op=SEND_HEARTBEAT {datanodeUUID=e88b764d-cc09-4ebb-b6a7-9b0a83937be8, command=[]} | ret=SUCCESS |  
2019-08-22 20:33:47,361 | INFO  | DNAudit | user=null | ip=null | op=WRITE_CHUNK {blockData=conID: 2 locID: 102662538997596175 bcsId: 0} | ret=SUCCESS |  
2019-08-22 20:33:47,361 | INFO  | DNAudit | user=null | ip=null | op=WRITE_CHUNK {blockData=conID: 2 locID: 102662538997596175 bcsId: 0} | ret=SUCCESS |  
2019-08-22 20:33:47,361 | INFO  | DNAudit | user=null | ip=null | op=WRITE_CHUNK {blockData=conID: 2 locID: 102662538997596175 bcsId: 0} | ret=SUCCESS |  
2019-08-22 20:33:47,361 | INFO  | SCMAudit | user=jenkins1000 | ip=192.168.5.154 | op=SEND_HEARTBEAT {datanodeUUID=ccbe46ac-8be0-4969-adcf-2e9221e70c85, command=[]} | ret=SUCCESS |  
2019-08-22 20:33:47,361 | INFO  | SCMAudit | user=jenkins1000 | ip=192.168.5.154 | op=SEND_HEARTBEAT {datanodeUUID=a6344601-8d29-48c8-ae6d-e0943ca3f389, command=[]} | ret=SUCCESS |  
2019-08-22 20:33:47,361 | INFO  | SCMAudit | user=jenkins1000 | ip=192.168.5.154 | op=SEND_HEARTBEAT {datanodeUUID=b57f6041-151b-43d9-b1c6-c87944b8f8b5, command=[]} | ret=SUCCESS |  
2019-08-22 20:33:47,375 | INFO  | DNAudit | user=null | ip=null | op=WRITE_CHUNK {blockData=conID: 2 locID: 102662538997596175 bcsId: 0} | ret=SUCCESS |  
2019-08-22 20:33:47,379 [grpc-default-executor-5] INFO  client.GrpcClientProtocolClient (GrpcClientProtocolClient.java:onNext(255)) - client-FAC69DFE3D3C->ccbe46ac-8be0-4969-adcf-2e9221e70c85: receive RaftClientReply:client-FAC69DFE3D3C->ccbe46ac-8be0-4969-adcf-2e9221e70c85@group-26C44D242AD3, cid=190, SUCCESS, logIndex=1, commits[ccbe46ac-8be0-4969-adcf-2e9221e70c85:c1, a6344601-8d29-48c8-ae6d-e0943ca3f389:c0, b57f6041-151b-43d9-b1c6-c87944b8f8b5:c0]
2019-08-22 20:33:47,386 | INFO  | DNAudit | user=null | ip=null | op=WRITE_CHUNK {blockData=conID: 2 locID: 102662538997596175 bcsId: 0} | ret=SUCCESS |  
2019-08-22 20:33:47,387 | INFO  | DNAudit | user=null | ip=null | op=WRITE_CHUNK {blockData=conID: 2 locID: 102662538997596175 bcsId: 0} | ret=SUCCESS |  
2019-08-22 20:33:47,387 | INFO  | DNAudit | user=null | ip=null | op=WRITE_CHUNK {blockData=conID: 2 locID: 102662538997596175 bcsId: 0} | ret=SUCCESS |  
2019-08-22 20:33:47,387 | INFO  | DNAudit | user=null | ip=null | op=WRITE_CHUNK {blockData=conID: 2 locID: 102662538997596175 bcsId: 0} | ret=SUCCESS |  
2019-08-22 20:33:47,388 | INFO  | DNAudit | user=null | ip=null | op=WRITE_CHUNK {blockData=conID: 2 locID: 102662538997596175 bcsId: 0} | ret=SUCCESS |  
2019-08-22 20:33:47,388 | INFO  | DNAudit | user=null | ip=null | op=WRITE_CHUNK {blockData=conID: 2 locID: 102662538997596175 bcsId: 0} | ret=SUCCESS |  
2019-08-22 20:33:47,389 | INFO  | DNAudit | user=null | ip=null | op=WRITE_CHUNK {blockData=conID: 2 locID: 102662538997596175 bcsId: 0} | ret=SUCCESS |  
2019-08-22 20:33:47,389 | INFO  | DNAudit | user=null | ip=null | op=WRITE_CHUNK {blockData=conID: 2 locID: 102662538997596175 bcsId: 0} | ret=SUCCESS |  
2019-08-22 20:33:47,389 | INFO  | DNAudit | user=null | ip=null | op=WRITE_CHUNK {blockData=conID: 2 locID: 102662538997596175 bcsId: 0} | ret=SUCCESS |  
2019-08-22 20:33:47,390 | INFO  | DNAudit | user=null | ip=null | op=WRITE_CHUNK {blockData=conID: 2 locID: 102662538997596175 bcsId: 0} | ret=SUCCESS |  
2019-08-22 20:33:47,390 | INFO  | DNAudit | user=null | ip=null | op=WRITE_CHUNK {blockData=conID: 2 locID: 102662538997596175 bcsId: 0} | ret=SUCCESS |  
2019-08-22 20:33:47,401 | INFO  | DNAudit | user=null | ip=null | op=WRITE_CHUNK {blockData=conID: 2 locID: 102662538997596175 bcsId: 0} | ret=SUCCESS |  
2019-08-22 20:33:47,407 | INFO  | DNAudit | user=null | ip=null | op=WRITE_CHUNK {blockData=conID: 2 locID: 102662538997596175 bcsId: 0} | ret=SUCCESS |  
2019-08-22 20:33:47,407 | INFO  | DNAudit | user=null | ip=null | op=WRITE_CHUNK {blockData=conID: 2 locID: 102662538997596175 bcsId: 0} | ret=SUCCESS |  
2019-08-22 20:33:47,408 [grpc-default-executor-10] INFO  client.GrpcClientProtocolClient (GrpcClientProtocolClient.java:onNext(255)) - client-FAC69DFE3D3C->ccbe46ac-8be0-4969-adcf-2e9221e70c85: receive RaftClientReply:client-FAC69DFE3D3C->ccbe46ac-8be0-4969-adcf-2e9221e70c85@group-26C44D242AD3, cid=191, SUCCESS, logIndex=3, commits[ccbe46ac-8be0-4969-adcf-2e9221e70c85:c5, a6344601-8d29-48c8-ae6d-e0943ca3f389:c2, b57f6041-151b-43d9-b1c6-c87944b8f8b5:c1]
2019-08-22 20:33:47,488 | INFO  | DNAudit | user=null | ip=null | op=PUT_BLOCK {blockData=[blockId=conID: 2 locID: 102662538997596175 bcsId: 0,size=200]} | ret=SUCCESS |  
2019-08-22 20:33:47,489 | INFO  | DNAudit | user=null | ip=null | op=WRITE_CHUNK {blockData=conID: 2 locID: 102662538997596175 bcsId: 0} | ret=SUCCESS |  
2019-08-22 20:33:47,490 | INFO  | DNAudit | user=null | ip=null | op=WRITE_CHUNK {blockData=conID: 2 locID: 102662538997596175 bcsId: 0} | ret=SUCCESS |  
2019-08-22 20:33:47,490 [grpc-default-executor-10] INFO  client.GrpcClientProtocolClient (GrpcClientProtocolClient.java:onNext(255)) - client-FAC69DFE3D3C->ccbe46ac-8be0-4969-adcf-2e9221e70c85: receive RaftClientReply:client-FAC69DFE3D3C->ccbe46ac-8be0-4969-adcf-2e9221e70c85@group-26C44D242AD3, cid=192, SUCCESS, logIndex=4, commits[ccbe46ac-8be0-4969-adcf-2e9221e70c85:c12, a6344601-8d29-48c8-ae6d-e0943ca3f389:c7, b57f6041-151b-43d9-b1c6-c87944b8f8b5:c7]
2019-08-22 20:33:47,492 [grpc-default-executor-10] INFO  client.GrpcClientProtocolClient (GrpcClientProtocolClient.java:onNext(255)) - client-FAC69DFE3D3C->ccbe46ac-8be0-4969-adcf-2e9221e70c85: receive RaftClientReply:client-FAC69DFE3D3C->ccbe46ac-8be0-4969-adcf-2e9221e70c85@group-26C44D242AD3, cid=193, SUCCESS, logIndex=5, commits[ccbe46ac-8be0-4969-adcf-2e9221e70c85:c12, a6344601-8d29-48c8-ae6d-e0943ca3f389:c7, b57f6041-151b-43d9-b1c6-c87944b8f8b5:c7]
2019-08-22 20:33:47,493 [grpc-default-executor-10] INFO  client.GrpcClientProtocolClient (GrpcClientProtocolClient.java:onNext(255)) - client-FAC69DFE3D3C->ccbe46ac-8be0-4969-adcf-2e9221e70c85: receive RaftClientReply:client-FAC69DFE3D3C->ccbe46ac-8be0-4969-adcf-2e9221e70c85@group-26C44D242AD3, cid=194, SUCCESS, logIndex=6, commits[ccbe46ac-8be0-4969-adcf-2e9221e70c85:c12, a6344601-8d29-48c8-ae6d-e0943ca3f389:c7, b57f6041-151b-43d9-b1c6-c87944b8f8b5:c7]
2019-08-22 20:33:47,510 | INFO  | DNAudit | user=null | ip=null | op=PUT_BLOCK {blockData=[blockId=conID: 2 locID: 102662538997596175 bcsId: 0,size=200]} | ret=SUCCESS |  
2019-08-22 20:33:47,511 | INFO  | DNAudit | user=null | ip=null | op=WRITE_CHUNK {blockData=conID: 2 locID: 102662538997596175 bcsId: 0} | ret=SUCCESS |  
2019-08-22 20:33:47,511 | INFO  | DNAudit | user=null | ip=null | op=WRITE_CHUNK {blockData=conID: 2 locID: 102662538997596175 bcsId: 0} | ret=SUCCESS |  
2019-08-22 20:33:47,569 | INFO  | DNAudit | user=null | ip=null | op=PUT_BLOCK {blockData=[blockId=conID: 2 locID: 102662538997596175 bcsId: 0,size=400]} | ret=SUCCESS |  
2019-08-22 20:33:47,570 | INFO  | DNAudit | user=null | ip=null | op=PUT_BLOCK {blockData=[blockId=conID: 2 locID: 102662538997596175 bcsId: 0,size=400]} | ret=SUCCESS |  
2019-08-22 20:33:47,570 | INFO  | DNAudit | user=null | ip=null | op=PUT_BLOCK {blockData=[blockId=conID: 2 locID: 102662538997596175 bcsId: 0,size=200]} | ret=SUCCESS |  
2019-08-22 20:33:47,570 | INFO  | DNAudit | user=null | ip=null | op=WRITE_CHUNK {blockData=conID: 2 locID: 102662538997596175 bcsId: 0} | ret=SUCCESS |  
2019-08-22 20:33:47,571 | INFO  | DNAudit | user=null | ip=null | op=WRITE_CHUNK {blockData=conID: 2 locID: 102662538997596175 bcsId: 0} | ret=SUCCESS |  
2019-08-22 20:33:47,571 [grpc-default-executor-10] INFO  client.GrpcClientProtocolClient (GrpcClientProtocolClient.java:onNext(255)) - client-FAC69DFE3D3C->ccbe46ac-8be0-4969-adcf-2e9221e70c85: receive RaftClientReply:client-FAC69DFE3D3C->ccbe46ac-8be0-4969-adcf-2e9221e70c85@group-26C44D242AD3, cid=195, SUCCESS, logIndex=7, commits[ccbe46ac-8be0-4969-adcf-2e9221e70c85:c12, a6344601-8d29-48c8-ae6d-e0943ca3f389:c7, b57f6041-151b-43d9-b1c6-c87944b8f8b5:c7]
2019-08-22 20:33:47,572 | INFO  | DNAudit | user=null | ip=null | op=PUT_BLOCK {blockData=[blockId=conID: 2 locID: 102662538997596175 bcsId: 0,size=400]} | ret=SUCCESS |  
2019-08-22 20:33:47,575 | INFO  | DNAudit | user=null | ip=null | op=WRITE_CHUNK {blockData=conID: 2 locID: 102662538997596175 bcsId: 7} | ret=SUCCESS |  
2019-08-22 20:33:47,576 | INFO  | DNAudit | user=null | ip=null | op=WRITE_CHUNK {blockData=conID: 2 locID: 102662538997596175 bcsId: 7} | ret=SUCCESS |  
2019-08-22 20:33:47,576 | INFO  | DNAudit | user=null | ip=null | op=WRITE_CHUNK {blockData=conID: 2 locID: 102662538997596175 bcsId: 7} | ret=SUCCESS |  
2019-08-22 20:33:47,588 | INFO  | DNAudit | user=null | ip=null | op=WRITE_CHUNK {blockData=conID: 2 locID: 102662538997596175 bcsId: 7} | ret=SUCCESS |  
2019-08-22 20:33:47,589 | INFO  | DNAudit | user=null | ip=null | op=PUT_BLOCK {blockData=[blockId=conID: 2 locID: 102662538997596175 bcsId: 0,size=450]} | ret=SUCCESS |  
2019-08-22 20:33:47,589 [grpc-default-executor-10] INFO  client.GrpcClientProtocolClient (GrpcClientProtocolClient.java:onNext(255)) - client-FAC69DFE3D3C->ccbe46ac-8be0-4969-adcf-2e9221e70c85: receive RaftClientReply:client-FAC69DFE3D3C->ccbe46ac-8be0-4969-adcf-2e9221e70c85@group-26C44D242AD3, cid=196, SUCCESS, logIndex=13, commits[ccbe46ac-8be0-4969-adcf-2e9221e70c85:c14, a6344601-8d29-48c8-ae6d-e0943ca3f389:c12, b57f6041-151b-43d9-b1c6-c87944b8f8b5:c12]
2019-08-22 20:33:47,590 [grpc-default-executor-10] INFO  client.GrpcClientProtocolClient (GrpcClientProtocolClient.java:onNext(255)) - client-FAC69DFE3D3C->ccbe46ac-8be0-4969-adcf-2e9221e70c85: receive RaftClientReply:client-FAC69DFE3D3C->ccbe46ac-8be0-4969-adcf-2e9221e70c85@group-26C44D242AD3, cid=197, SUCCESS, logIndex=14, commits[ccbe46ac-8be0-4969-adcf-2e9221e70c85:c14, a6344601-8d29-48c8-ae6d-e0943ca3f389:c12, b57f6041-151b-43d9-b1c6-c87944b8f8b5:c12]
2019-08-22 20:33:47,600 | INFO  | DNAudit | user=null | ip=null | op=WRITE_CHUNK {blockData=conID: 2 locID: 102662538997596175 bcsId: 7} | ret=SUCCESS |  
2019-08-22 20:33:47,600 | INFO  | DNAudit | user=null | ip=null | op=WRITE_CHUNK {blockData=conID: 2 locID: 102662538997596175 bcsId: 7} | ret=SUCCESS |  
2019-08-22 20:33:47,601 | INFO  | DNAudit | user=null | ip=null | op=PUT_BLOCK {blockData=[blockId=conID: 2 locID: 102662538997596175 bcsId: 0,size=450]} | ret=SUCCESS |  
2019-08-22 20:33:47,601 | INFO  | DNAudit | user=null | ip=null | op=PUT_BLOCK {blockData=[blockId=conID: 2 locID: 102662538997596175 bcsId: 0,size=450]} | ret=SUCCESS |  
2019-08-22 20:33:47,606 [grpc-default-executor-10] INFO  client.GrpcClientProtocolClient (GrpcClientProtocolClient.java:onNext(255)) - client-FAC69DFE3D3C->ccbe46ac-8be0-4969-adcf-2e9221e70c85: receive RaftClientReply:client-FAC69DFE3D3C->ccbe46ac-8be0-4969-adcf-2e9221e70c85@group-26C44D242AD3, cid=198, SUCCESS, logIndex=0, commits[ccbe46ac-8be0-4969-adcf-2e9221e70c85:c15, a6344601-8d29-48c8-ae6d-e0943ca3f389:c14, b57f6041-151b-43d9-b1c6-c87944b8f8b5:c14]
2019-08-22 20:33:47,607 [main] INFO  ozone.MiniOzoneClusterImpl (MiniOzoneClusterImpl.java:shutdown(321)) - Shutting down the Mini Ozone Cluster
2019-08-22 20:33:47,607 | INFO  | SCMAudit | user=null | ip=null | op=GET_SCM_INFO null | ret=SUCCESS |  
2019-08-22 20:33:47,607 [main] INFO  ozone.MiniOzoneClusterImpl (MiniOzoneClusterImpl.java:stop(336)) - Stopping the Mini Ozone Cluster
2019-08-22 20:33:47,607 [main] INFO  ozone.MiniOzoneClusterImpl (MiniOzoneClusterImpl.java:stop(338)) - Stopping the OzoneManager
2019-08-22 20:33:47,607 [main] INFO  ipc.Server (Server.java:stop(3082)) - Stopping server on 38762
2019-08-22 20:33:47,617 [IPC Server listener on 38762] INFO  ipc.Server (Server.java:run(1185)) - Stopping IPC Server listener on 38762
2019-08-22 20:33:47,626 [IPC Server Responder] INFO  ipc.Server (Server.java:run(1319)) - Stopping IPC Server Responder
2019-08-22 20:33:47,617 [main] INFO  ratis.OzoneManagerDoubleBuffer (OzoneManagerDoubleBuffer.java:stop(248)) - Stopping OMDoubleBuffer flush thread
2019-08-22 20:33:47,636 [OMDoubleBufferFlushThread] INFO  ratis.OzoneManagerDoubleBuffer (OzoneManagerDoubleBuffer.java:flushTransactions(191)) - OMDoubleBuffer flush thread OMDoubleBufferFlushThread is interrupted and will exit. OMDoubleBufferFlushThread
2019-08-22 20:33:47,636 [main] INFO  utils.BackgroundService (BackgroundService.java:shutdown(148)) - Shutting down service KeyDeletingService
2019-08-22 20:33:47,637 [main] INFO  handler.ContextHandler (ContextHandler.java:doStop(910)) - Stopped o.e.j.w.WebAppContext@3393aa46{/,null,UNAVAILABLE}{/ozoneManager}
2019-08-22 20:33:47,638 [main] INFO  server.AbstractConnector (AbstractConnector.java:doStop(318)) - Stopped ServerConnector@4f0381cd{HTTP/1.1,[http/1.1]}{0.0.0.0:0}
2019-08-22 20:33:47,638 [main] INFO  handler.ContextHandler (ContextHandler.java:doStop(910)) - Stopped o.e.j.s.ServletContextHandler@452ea8f0{/static,file:///workdir/hadoop-ozone/integration-test/target/test-classes/webapps/static,UNAVAILABLE}
2019-08-22 20:33:47,639 [main] INFO  handler.ContextHandler (ContextHandler.java:doStop(910)) - Stopped o.e.j.s.ServletContextHandler@48900d4a{/logs,file:///workdir/hadoop-ozone/integration-test/target/log,UNAVAILABLE}
2019-08-22 20:33:47,642 [main] INFO  ozone.MiniOzoneClusterImpl (MiniOzoneClusterImpl.java:stop(344)) - Shutting the HddsDatanodes
2019-08-22 20:33:47,642 [main] INFO  datanode.ObjectStoreHandler (ObjectStoreHandler.java:close(155)) - Closing ObjectStoreHandler.
2019-08-22 20:33:47,643 [ForkJoinPool.commonPool-worker-0] INFO  datanode.ObjectStoreHandler (ObjectStoreHandler.java:close(155)) - Closing ObjectStoreHandler.
2019-08-22 20:33:47,643 [main] INFO  ozone.HddsDatanodeService (HddsDatanodeService.java:stop(451)) - Stopped plug-in org.apache.hadoop.ozone.web.OzoneHddsDatanodeService@10cb1b89
2019-08-22 20:33:47,643 [ForkJoinPool.commonPool-worker-0] INFO  ozone.HddsDatanodeService (HddsDatanodeService.java:stop(451)) - Stopped plug-in org.apache.hadoop.ozone.web.OzoneHddsDatanodeService@f53db1a
2019-08-22 20:33:47,667 [Datanode State Machine Thread - 0] INFO  statemachine.DatanodeStateMachine (DatanodeStateMachine.java:lambda$startDaemon$0(350)) - Ozone container server started.
2019-08-22 20:33:47,668 | INFO  | SCMAudit | user=jenkins1000 | ip=192.168.5.154 | op=SEND_HEARTBEAT {datanodeUUID=f0f4ed96-5399-4dd5-ad99-791f6ec54833, command=[]} | ret=SUCCESS |  
2019-08-22 20:33:48,305 | INFO  | SCMAudit | user=jenkins1000 | ip=192.168.5.154 | op=SEND_HEARTBEAT {datanodeUUID=e88b764d-cc09-4ebb-b6a7-9b0a83937be8, command=[]} | ret=SUCCESS |  
2019-08-22 20:33:48,360 [Datanode State Machine Thread - 0] INFO  statemachine.DatanodeStateMachine (DatanodeStateMachine.java:lambda$startDaemon$0(350)) - Ozone container server started.
2019-08-22 20:33:48,361 | INFO  | SCMAudit | user=jenkins1000 | ip=192.168.5.154 | op=SEND_HEARTBEAT {datanodeUUID=ccbe46ac-8be0-4969-adcf-2e9221e70c85, command=[]} | ret=SUCCESS |  
2019-08-22 20:33:48,361 | INFO  | SCMAudit | user=jenkins1000 | ip=192.168.5.154 | op=SEND_HEARTBEAT {datanodeUUID=a6344601-8d29-48c8-ae6d-e0943ca3f389, command=[]} | ret=SUCCESS |  
2019-08-22 20:33:48,668 | INFO  | SCMAudit | user=jenkins1000 | ip=192.168.5.154 | op=SEND_HEARTBEAT {datanodeUUID=f0f4ed96-5399-4dd5-ad99-791f6ec54833, command=[]} | ret=SUCCESS |  
2019-08-22 20:33:49,305 | INFO  | SCMAudit | user=jenkins1000 | ip=192.168.5.154 | op=SEND_HEARTBEAT {datanodeUUID=e88b764d-cc09-4ebb-b6a7-9b0a83937be8, command=[]} | ret=SUCCESS |  
2019-08-22 20:33:49,361 | INFO  | SCMAudit | user=jenkins1000 | ip=192.168.5.154 | op=SEND_HEARTBEAT {datanodeUUID=a6344601-8d29-48c8-ae6d-e0943ca3f389, command=[]} | ret=SUCCESS |  
2019-08-22 20:33:49,361 | INFO  | SCMAudit | user=jenkins1000 | ip=192.168.5.154 | op=SEND_HEARTBEAT {datanodeUUID=ccbe46ac-8be0-4969-adcf-2e9221e70c85, command=[]} | ret=SUCCESS |  
2019-08-22 20:33:49,378 [grpc-default-executor-5] WARN  server.GrpcLogAppender (LogUtils.java:warn(134)) - f0f4ed96-5399-4dd5-ad99-791f6ec54833->2daced53-459d-4517-a1dc-5ae4d7d13a80: Failed appendEntries: org.apache.ratis.thirdparty.io.grpc.StatusRuntimeException: UNAVAILABLE: io exception
2019-08-22 20:33:49,379 [grpc-default-executor-5] INFO  impl.FollowerInfo (FollowerInfo.java:lambda$new$0(50)) - f0f4ed96-5399-4dd5-ad99-791f6ec54833->2daced53-459d-4517-a1dc-5ae4d7d13a80: nextIndex: updateUnconditionally 1 -> 0
2019-08-22 20:33:49,669 | INFO  | SCMAudit | user=jenkins1000 | ip=192.168.5.154 | op=SEND_HEARTBEAT {datanodeUUID=f0f4ed96-5399-4dd5-ad99-791f6ec54833, command=[]} | ret=SUCCESS |  
2019-08-22 20:33:50,306 | INFO  | SCMAudit | user=jenkins1000 | ip=192.168.5.154 | op=SEND_HEARTBEAT {datanodeUUID=e88b764d-cc09-4ebb-b6a7-9b0a83937be8, command=[]} | ret=SUCCESS |  
2019-08-22 20:33:50,361 | INFO  | SCMAudit | user=jenkins1000 | ip=192.168.5.154 | op=SEND_HEARTBEAT {datanodeUUID=ccbe46ac-8be0-4969-adcf-2e9221e70c85, command=[]} | ret=SUCCESS |  
2019-08-22 20:33:50,361 | INFO  | SCMAudit | user=jenkins1000 | ip=192.168.5.154 | op=SEND_HEARTBEAT {datanodeUUID=a6344601-8d29-48c8-ae6d-e0943ca3f389, command=[]} | ret=SUCCESS |  
2019-08-22 20:33:50,669 | INFO  | SCMAudit | user=jenkins1000 | ip=192.168.5.154 | op=SEND_HEARTBEAT {datanodeUUID=f0f4ed96-5399-4dd5-ad99-791f6ec54833, command=[]} | ret=SUCCESS |  
2019-08-22 20:33:51,306 | INFO  | SCMAudit | user=jenkins1000 | ip=192.168.5.154 | op=SEND_HEARTBEAT {datanodeUUID=e88b764d-cc09-4ebb-b6a7-9b0a83937be8, command=[]} | ret=SUCCESS |  
2019-08-22 20:33:51,361 | INFO  | SCMAudit | user=jenkins1000 | ip=192.168.5.154 | op=SEND_HEARTBEAT {datanodeUUID=ccbe46ac-8be0-4969-adcf-2e9221e70c85, command=[]} | ret=SUCCESS |  
2019-08-22 20:33:51,361 | INFO  | SCMAudit | user=jenkins1000 | ip=192.168.5.154 | op=SEND_HEARTBEAT {datanodeUUID=a6344601-8d29-48c8-ae6d-e0943ca3f389, command=[]} | ret=SUCCESS |  
2019-08-22 20:33:51,669 | INFO  | SCMAudit | user=jenkins1000 | ip=192.168.5.154 | op=SEND_HEARTBEAT {datanodeUUID=f0f4ed96-5399-4dd5-ad99-791f6ec54833, command=[]} | ret=SUCCESS |  
2019-08-22 20:33:51,693 [EventQueue-StaleNodeForStaleNodeHandler] INFO  node.StaleNodeHandler (StaleNodeHandler.java:onMessage(58)) - Datanode 51076ca9-787f-4a25-b78d-948736530192{ip: 192.168.5.154, host: pr-hdds-1975-8q6qf-1339330341, networkLocation: /default-rack, certSerialId: null} moved to stale state. Finalizing its pipelines [PipelineID=09339051-87e5-48f8-b2ee-219d34338b1b, PipelineID=35de30fa-ae31-4d06-a297-7c12adbc7497]
2019-08-22 20:33:51,694 [EventQueue-StaleNodeForStaleNodeHandler] INFO  pipeline.SCMPipelineManager (SCMPipelineManager.java:finalizeAndDestroyPipeline(309)) - destroying pipeline:Pipeline[ Id: 09339051-87e5-48f8-b2ee-219d34338b1b, Nodes: 51076ca9-787f-4a25-b78d-948736530192{ip: 192.168.5.154, host: pr-hdds-1975-8q6qf-1339330341, networkLocation: /default-rack, certSerialId: null}, Type:RATIS, Factor:ONE, State:OPEN]
2019-08-22 20:33:51,694 [EventQueue-StaleNodeForStaleNodeHandler] INFO  pipeline.PipelineStateManager (PipelineStateManager.java:finalizePipeline(123)) - Pipeline Pipeline[ Id: 09339051-87e5-48f8-b2ee-219d34338b1b, Nodes: 51076ca9-787f-4a25-b78d-948736530192{ip: 192.168.5.154, host: pr-hdds-1975-8q6qf-1339330341, networkLocation: /default-rack, certSerialId: null}, Type:RATIS, Factor:ONE, State:CLOSED] moved to CLOSED state
2019-08-22 20:33:51,695 [EventQueue-StaleNodeForStaleNodeHandler] INFO  pipeline.SCMPipelineManager (SCMPipelineManager.java:finalizeAndDestroyPipeline(309)) - destroying pipeline:Pipeline[ Id: 35de30fa-ae31-4d06-a297-7c12adbc7497, Nodes: 2daced53-459d-4517-a1dc-5ae4d7d13a80{ip: 192.168.5.154, host: pr-hdds-1975-8q6qf-1339330341, networkLocation: /default-rack, certSerialId: null}f0f4ed96-5399-4dd5-ad99-791f6ec54833{ip: 192.168.5.154, host: pr-hdds-1975-8q6qf-1339330341, networkLocation: /default-rack, certSerialId: null}51076ca9-787f-4a25-b78d-948736530192{ip: 192.168.5.154, host: pr-hdds-1975-8q6qf-1339330341, networkLocation: /default-rack, certSerialId: null}, Type:RATIS, Factor:THREE, State:CLOSED]
2019-08-22 20:33:51,880 [grpc-default-executor-9] WARN  server.GrpcLogAppender (LogUtils.java:warn(134)) - f0f4ed96-5399-4dd5-ad99-791f6ec54833->2daced53-459d-4517-a1dc-5ae4d7d13a80: Failed appendEntries: org.apache.ratis.thirdparty.io.grpc.StatusRuntimeException: UNAVAILABLE: io exception
2019-08-22 20:33:51,880 [grpc-default-executor-9] INFO  impl.FollowerInfo (FollowerInfo.java:lambda$new$0(50)) - f0f4ed96-5399-4dd5-ad99-791f6ec54833->2daced53-459d-4517-a1dc-5ae4d7d13a80: nextIndex: updateUnconditionally 0 -> 0
2019-08-22 20:33:52,307 | INFO  | SCMAudit | user=jenkins1000 | ip=192.168.5.154 | op=SEND_HEARTBEAT {datanodeUUID=e88b764d-cc09-4ebb-b6a7-9b0a83937be8, command=[]} | ret=SUCCESS |  
2019-08-22 20:33:52,361 | INFO  | SCMAudit | user=jenkins1000 | ip=192.168.5.154 | op=SEND_HEARTBEAT {datanodeUUID=ccbe46ac-8be0-4969-adcf-2e9221e70c85, command=[]} | ret=SUCCESS |  
2019-08-22 20:33:52,361 | INFO  | SCMAudit | user=jenkins1000 | ip=192.168.5.154 | op=SEND_HEARTBEAT {datanodeUUID=a6344601-8d29-48c8-ae6d-e0943ca3f389, command=[]} | ret=SUCCESS |  
2019-08-22 20:33:52,395 [EventQueue-StaleNodeForStaleNodeHandler] INFO  node.StaleNodeHandler (StaleNodeHandler.java:onMessage(58)) - Datanode b57f6041-151b-43d9-b1c6-c87944b8f8b5{ip: 192.168.5.154, host: pr-hdds-1975-8q6qf-1339330341, networkLocation: /default-rack, certSerialId: null} moved to stale state. Finalizing its pipelines [PipelineID=783acb80-1cb4-40bb-aebb-a3c38acf70e7, PipelineID=bb9083b3-f1e8-437c-a7dc-26c44d242ad3]
2019-08-22 20:33:52,395 [EventQueue-StaleNodeForStaleNodeHandler] INFO  pipeline.SCMPipelineManager (SCMPipelineManager.java:finalizeAndDestroyPipeline(309)) - destroying pipeline:Pipeline[ Id: 783acb80-1cb4-40bb-aebb-a3c38acf70e7, Nodes: b57f6041-151b-43d9-b1c6-c87944b8f8b5{ip: 192.168.5.154, host: pr-hdds-1975-8q6qf-1339330341, networkLocation: /default-rack, certSerialId: null}, Type:RATIS, Factor:ONE, State:OPEN]
2019-08-22 20:33:52,395 [EventQueue-StaleNodeForStaleNodeHandler] INFO  pipeline.PipelineStateManager (PipelineStateManager.java:finalizePipeline(123)) - Pipeline Pipeline[ Id: 783acb80-1cb4-40bb-aebb-a3c38acf70e7, Nodes: b57f6041-151b-43d9-b1c6-c87944b8f8b5{ip: 192.168.5.154, host: pr-hdds-1975-8q6qf-1339330341, networkLocation: /default-rack, certSerialId: null}, Type:RATIS, Factor:ONE, State:CLOSED] moved to CLOSED state
2019-08-22 20:33:52,396 [EventQueue-StaleNodeForStaleNodeHandler] INFO  pipeline.SCMPipelineManager (SCMPipelineManager.java:finalizeAndDestroyPipeline(309)) - destroying pipeline:Pipeline[ Id: bb9083b3-f1e8-437c-a7dc-26c44d242ad3, Nodes: ccbe46ac-8be0-4969-adcf-2e9221e70c85{ip: 192.168.5.154, host: pr-hdds-1975-8q6qf-1339330341, networkLocation: /default-rack, certSerialId: null}a6344601-8d29-48c8-ae6d-e0943ca3f389{ip: 192.168.5.154, host: pr-hdds-1975-8q6qf-1339330341, networkLocation: /default-rack, certSerialId: null}b57f6041-151b-43d9-b1c6-c87944b8f8b5{ip: 192.168.5.154, host: pr-hdds-1975-8q6qf-1339330341, networkLocation: /default-rack, certSerialId: null}, Type:RATIS, Factor:THREE, State:OPEN]
2019-08-22 20:33:52,396 [EventQueue-StaleNodeForStaleNodeHandler] INFO  pipeline.PipelineStateManager (PipelineStateManager.java:finalizePipeline(123)) - Pipeline Pipeline[ Id: bb9083b3-f1e8-437c-a7dc-26c44d242ad3, Nodes: ccbe46ac-8be0-4969-adcf-2e9221e70c85{ip: 192.168.5.154, host: pr-hdds-1975-8q6qf-1339330341, networkLocation: /default-rack, certSerialId: null}a6344601-8d29-48c8-ae6d-e0943ca3f389{ip: 192.168.5.154, host: pr-hdds-1975-8q6qf-1339330341, networkLocation: /default-rack, certSerialId: null}b57f6041-151b-43d9-b1c6-c87944b8f8b5{ip: 192.168.5.154, host: pr-hdds-1975-8q6qf-1339330341, networkLocation: /default-rack, certSerialId: null}, Type:RATIS, Factor:THREE, State:CLOSED] moved to CLOSED state
2019-08-22 20:33:52,396 [EventQueue-CloseContainerForCloseContainerEventHandler] INFO  container.CloseContainerEventHandler (CloseContainerEventHandler.java:onMessage(61)) - Close container Event triggered for container : #2
2019-08-22 20:33:52,644 [main] INFO  ozoneimpl.OzoneContainer (OzoneContainer.java:stop(199)) - Attempting to stop container services.
2019-08-22 20:33:52,644 [ForkJoinPool.commonPool-worker-0] INFO  ozoneimpl.OzoneContainer (OzoneContainer.java:stop(199)) - Attempting to stop container services.
2019-08-22 20:33:52,650 [main] INFO  impl.RaftServerProxy (RaftServerProxy.java:lambda$close$4(314)) - b57f6041-151b-43d9-b1c6-c87944b8f8b5: close
2019-08-22 20:33:52,651 [ForkJoinPool.commonPool-worker-0] INFO  impl.RaftServerProxy (RaftServerProxy.java:lambda$close$4(314)) - 51076ca9-787f-4a25-b78d-948736530192: close
2019-08-22 20:33:52,652 [main] INFO  impl.RaftServerImpl (RaftServerImpl.java:lambda$shutdown$3(245)) - b57f6041-151b-43d9-b1c6-c87944b8f8b5: shutdown group-A3C38ACF70E7
2019-08-22 20:33:52,652 [ForkJoinPool.commonPool-worker-0] INFO  impl.RaftServerImpl (RaftServerImpl.java:lambda$shutdown$3(245)) - 51076ca9-787f-4a25-b78d-948736530192: shutdown group-219D34338B1B
2019-08-22 20:33:52,653 [main] INFO  util.JmxRegister (JmxRegister.java:unregister(73)) - Successfully un-registered JMX Bean with object name Ratis:service=RaftServer,group=group-A3C38ACF70E7,id=b57f6041-151b-43d9-b1c6-c87944b8f8b5
2019-08-22 20:33:52,653 [ForkJoinPool.commonPool-worker-0] INFO  util.JmxRegister (JmxRegister.java:unregister(73)) - Successfully un-registered JMX Bean with object name Ratis:service=RaftServer,group=group-219D34338B1B,id=51076ca9-787f-4a25-b78d-948736530192
2019-08-22 20:33:52,653 [main] INFO  impl.RoleInfo (RoleInfo.java:shutdownLeaderState(104)) - b57f6041-151b-43d9-b1c6-c87944b8f8b5: shutdown LeaderState
2019-08-22 20:33:52,654 [ForkJoinPool.commonPool-worker-0] INFO  impl.RoleInfo (RoleInfo.java:shutdownLeaderState(104)) - 51076ca9-787f-4a25-b78d-948736530192: shutdown LeaderState
2019-08-22 20:33:52,654 [main] INFO  impl.PendingRequests (PendingRequests.java:sendNotLeaderResponses(202)) - b57f6041-151b-43d9-b1c6-c87944b8f8b5-PendingRequests: sendNotLeaderResponses
2019-08-22 20:33:52,654 [ForkJoinPool.commonPool-worker-0] INFO  impl.PendingRequests (PendingRequests.java:sendNotLeaderResponses(202)) - 51076ca9-787f-4a25-b78d-948736530192-PendingRequests: sendNotLeaderResponses
2019-08-22 20:33:52,655 [main] INFO  impl.StateMachineUpdater (StateMachineUpdater.java:stopAndJoin(115)) - StateMachineUpdater:b57f6041-151b-43d9-b1c6-c87944b8f8b5:group-A3C38ACF70E7: set stopIndex = 0
2019-08-22 20:33:52,656 [ForkJoinPool.commonPool-worker-0] INFO  impl.StateMachineUpdater (StateMachineUpdater.java:stopAndJoin(115)) - StateMachineUpdater:51076ca9-787f-4a25-b78d-948736530192:group-219D34338B1B: set stopIndex = 0
2019-08-22 20:33:52,656 [main] INFO  impl.RaftServerImpl (ServerState.java:close(394)) - b57f6041-151b-43d9-b1c6-c87944b8f8b5:group-A3C38ACF70E7 closes. The last applied log index is 0
2019-08-22 20:33:52,656 [ForkJoinPool.commonPool-worker-0] INFO  impl.RaftServerImpl (ServerState.java:close(394)) - 51076ca9-787f-4a25-b78d-948736530192:group-219D34338B1B closes. The last applied log index is 0
2019-08-22 20:33:52,657 [b57f6041-151b-43d9-b1c6-c87944b8f8b5-SegmentedRaftLogWorker:Storage Directory /workdir/hadoop-ozone/integration-test/target/test-dir/MiniOzoneClusterImpl-28bedab5-a7b6-4439-aa5a-0da14b59fc38/datanode-4/data/ratis/783acb80-1cb4-40bb-aebb-a3c38acf70e7] INFO  segmented.SegmentedRaftLogWorker (SegmentedRaftLogWorker.java:run(313)) - b57f6041-151b-43d9-b1c6-c87944b8f8b5-SegmentedRaftLogWorker:Storage Directory /workdir/hadoop-ozone/integration-test/target/test-dir/MiniOzoneClusterImpl-28bedab5-a7b6-4439-aa5a-0da14b59fc38/datanode-4/data/ratis/783acb80-1cb4-40bb-aebb-a3c38acf70e7 was interrupted, exiting. There are 0 tasks remaining in the queue.
2019-08-22 20:33:52,657 [51076ca9-787f-4a25-b78d-948736530192-SegmentedRaftLogWorker:Storage Directory /workdir/hadoop-ozone/integration-test/target/test-dir/MiniOzoneClusterImpl-28bedab5-a7b6-4439-aa5a-0da14b59fc38/datanode-1/data/ratis/09339051-87e5-48f8-b2ee-219d34338b1b] INFO  segmented.SegmentedRaftLogWorker (SegmentedRaftLogWorker.java:run(313)) - 51076ca9-787f-4a25-b78d-948736530192-SegmentedRaftLogWorker:Storage Directory /workdir/hadoop-ozone/integration-test/target/test-dir/MiniOzoneClusterImpl-28bedab5-a7b6-4439-aa5a-0da14b59fc38/datanode-1/data/ratis/09339051-87e5-48f8-b2ee-219d34338b1b was interrupted, exiting. There are 0 tasks remaining in the queue.
2019-08-22 20:33:52,664 [main] INFO  segmented.SegmentedRaftLogWorker (SegmentedRaftLogWorker.java:close(228)) - b57f6041-151b-43d9-b1c6-c87944b8f8b5-SegmentedRaftLogWorker:Storage Directory /workdir/hadoop-ozone/integration-test/target/test-dir/MiniOzoneClusterImpl-28bedab5-a7b6-4439-aa5a-0da14b59fc38/datanode-4/data/ratis/783acb80-1cb4-40bb-aebb-a3c38acf70e7 close()
2019-08-22 20:33:52,667 [ForkJoinPool.commonPool-worker-0] INFO  segmented.SegmentedRaftLogWorker (SegmentedRaftLogWorker.java:close(228)) - 51076ca9-787f-4a25-b78d-948736530192-SegmentedRaftLogWorker:Storage Directory /workdir/hadoop-ozone/integration-test/target/test-dir/MiniOzoneClusterImpl-28bedab5-a7b6-4439-aa5a-0da14b59fc38/datanode-1/data/ratis/09339051-87e5-48f8-b2ee-219d34338b1b close()
2019-08-22 20:33:52,672 [main] INFO  impl.RaftServerImpl (RaftServerImpl.java:lambda$shutdown$3(245)) - b57f6041-151b-43d9-b1c6-c87944b8f8b5: shutdown group-26C44D242AD3
2019-08-22 20:33:52,677 | INFO  | SCMAudit | user=jenkins1000 | ip=192.168.5.154 | op=SEND_HEARTBEAT {datanodeUUID=f0f4ed96-5399-4dd5-ad99-791f6ec54833, command=[]} | ret=SUCCESS |  
2019-08-22 20:33:52,677 [ForkJoinPool.commonPool-worker-0] INFO  impl.RaftServerImpl (RaftServerImpl.java:lambda$shutdown$3(245)) - 51076ca9-787f-4a25-b78d-948736530192: shutdown group-7C12ADBC7497
2019-08-22 20:33:52,677 [main] INFO  util.JmxRegister (JmxRegister.java:unregister(73)) - Successfully un-registered JMX Bean with object name Ratis:service=RaftServer,group=group-26C44D242AD3,id=b57f6041-151b-43d9-b1c6-c87944b8f8b5
2019-08-22 20:33:52,677 [ForkJoinPool.commonPool-worker-0] INFO  util.JmxRegister (JmxRegister.java:unregister(73)) - Successfully un-registered JMX Bean with object name Ratis:service=RaftServer,group=group-7C12ADBC7497,id=51076ca9-787f-4a25-b78d-948736530192
2019-08-22 20:33:52,678 [main] INFO  impl.RoleInfo (RoleInfo.java:shutdownFollowerState(121)) - b57f6041-151b-43d9-b1c6-c87944b8f8b5: shutdown FollowerState
2019-08-22 20:33:52,678 [ForkJoinPool.commonPool-worker-0] INFO  impl.RoleInfo (RoleInfo.java:shutdownFollowerState(121)) - 51076ca9-787f-4a25-b78d-948736530192: shutdown FollowerState
2019-08-22 20:33:52,679 [Thread-3402] INFO  impl.FollowerState (FollowerState.java:run(114)) - b57f6041-151b-43d9-b1c6-c87944b8f8b5: FollowerState was interrupted: java.lang.InterruptedException: sleep interrupted
2019-08-22 20:33:52,679 [StateMachineUpdater:51076ca9-787f-4a25-b78d-948736530192:group-7C12ADBC7497] INFO  ratis.ContainerStateMachine (ContainerStateMachine.java:takeSnapshot(283)) - group-7C12ADBC7497: Taking a snapshot at:(t:1, i:14) file /workdir/hadoop-ozone/integration-test/target/test-dir/MiniOzoneClusterImpl-28bedab5-a7b6-4439-aa5a-0da14b59fc38/datanode-1/data/ratis/35de30fa-ae31-4d06-a297-7c12adbc7497/sm/snapshot.1_14
2019-08-22 20:33:52,679 [StateMachineUpdater:b57f6041-151b-43d9-b1c6-c87944b8f8b5:group-26C44D242AD3] INFO  ratis.ContainerStateMachine (ContainerStateMachine.java:takeSnapshot(283)) - group-26C44D242AD3: Taking a snapshot at:(t:1, i:14) file /workdir/hadoop-ozone/integration-test/target/test-dir/MiniOzoneClusterImpl-28bedab5-a7b6-4439-aa5a-0da14b59fc38/datanode-4/data/ratis/bb9083b3-f1e8-437c-a7dc-26c44d242ad3/sm/snapshot.1_14
2019-08-22 20:33:52,679 [main] INFO  impl.StateMachineUpdater (StateMachineUpdater.java:stopAndJoin(115)) - StateMachineUpdater:b57f6041-151b-43d9-b1c6-c87944b8f8b5:group-26C44D242AD3: set stopIndex = 16
2019-08-22 20:33:52,679 [Thread-3523] INFO  impl.FollowerState (FollowerState.java:run(114)) - 51076ca9-787f-4a25-b78d-948736530192: FollowerState was interrupted: java.lang.InterruptedException: sleep interrupted
2019-08-22 20:33:52,679 [ForkJoinPool.commonPool-worker-0] INFO  impl.StateMachineUpdater (StateMachineUpdater.java:stopAndJoin(115)) - StateMachineUpdater:51076ca9-787f-4a25-b78d-948736530192:group-7C12ADBC7497: set stopIndex = 18
2019-08-22 20:33:52,695 [StateMachineUpdater:51076ca9-787f-4a25-b78d-948736530192:group-7C12ADBC7497] INFO  ratis.ContainerStateMachine (ContainerStateMachine.java:takeSnapshot(294)) - group-7C12ADBC7497: Finished taking a snapshot at:(t:1, i:14) file:/workdir/hadoop-ozone/integration-test/target/test-dir/MiniOzoneClusterImpl-28bedab5-a7b6-4439-aa5a-0da14b59fc38/datanode-1/data/ratis/35de30fa-ae31-4d06-a297-7c12adbc7497/sm/snapshot.1_14 time:16
2019-08-22 20:33:52,695 [StateMachineUpdater:b57f6041-151b-43d9-b1c6-c87944b8f8b5:group-26C44D242AD3] INFO  ratis.ContainerStateMachine (ContainerStateMachine.java:takeSnapshot(294)) - group-26C44D242AD3: Finished taking a snapshot at:(t:1, i:14) file:/workdir/hadoop-ozone/integration-test/target/test-dir/MiniOzoneClusterImpl-28bedab5-a7b6-4439-aa5a-0da14b59fc38/datanode-4/data/ratis/bb9083b3-f1e8-437c-a7dc-26c44d242ad3/sm/snapshot.1_14 time:17
2019-08-22 20:33:52,695 [StateMachineUpdater:51076ca9-787f-4a25-b78d-948736530192:group-7C12ADBC7497] INFO  impl.StateMachineUpdater (StateMachineUpdater.java:takeSnapshot(242)) - StateMachineUpdater:51076ca9-787f-4a25-b78d-948736530192:group-7C12ADBC7497: Took a snapshot at index 14
2019-08-22 20:33:52,695 [StateMachineUpdater:b57f6041-151b-43d9-b1c6-c87944b8f8b5:group-26C44D242AD3] INFO  impl.StateMachineUpdater (StateMachineUpdater.java:takeSnapshot(242)) - StateMachineUpdater:b57f6041-151b-43d9-b1c6-c87944b8f8b5:group-26C44D242AD3: Took a snapshot at index 14
2019-08-22 20:33:52,695 [StateMachineUpdater:51076ca9-787f-4a25-b78d-948736530192:group-7C12ADBC7497] INFO  impl.StateMachineUpdater (StateMachineUpdater.java:lambda$new$0(80)) - StateMachineUpdater:51076ca9-787f-4a25-b78d-948736530192:group-7C12ADBC7497: snapshotIndex: updateIncreasingly -1 -> 14
2019-08-22 20:33:52,695 [StateMachineUpdater:b57f6041-151b-43d9-b1c6-c87944b8f8b5:group-26C44D242AD3] INFO  impl.StateMachineUpdater (StateMachineUpdater.java:lambda$new$0(80)) - StateMachineUpdater:b57f6041-151b-43d9-b1c6-c87944b8f8b5:group-26C44D242AD3: snapshotIndex: updateIncreasingly -1 -> 14
2019-08-22 20:33:52,696 [main] INFO  impl.RaftServerImpl (ServerState.java:close(394)) - b57f6041-151b-43d9-b1c6-c87944b8f8b5:group-26C44D242AD3 closes. The last applied log index is 16
2019-08-22 20:33:52,696 [ForkJoinPool.commonPool-worker-0] INFO  impl.RaftServerImpl (ServerState.java:close(394)) - 51076ca9-787f-4a25-b78d-948736530192:group-7C12ADBC7497 closes. The last applied log index is 18
2019-08-22 20:33:52,697 [b57f6041-151b-43d9-b1c6-c87944b8f8b5-SegmentedRaftLogWorker:Storage Directory /workdir/hadoop-ozone/integration-test/target/test-dir/MiniOzoneClusterImpl-28bedab5-a7b6-4439-aa5a-0da14b59fc38/datanode-4/data/ratis/bb9083b3-f1e8-437c-a7dc-26c44d242ad3] INFO  segmented.SegmentedRaftLogWorker (SegmentedRaftLogWorker.java:run(313)) - b57f6041-151b-43d9-b1c6-c87944b8f8b5-SegmentedRaftLogWorker:Storage Directory /workdir/hadoop-ozone/integration-test/target/test-dir/MiniOzoneClusterImpl-28bedab5-a7b6-4439-aa5a-0da14b59fc38/datanode-4/data/ratis/bb9083b3-f1e8-437c-a7dc-26c44d242ad3 was interrupted, exiting. There are 0 tasks remaining in the queue.
2019-08-22 20:33:52,699 [51076ca9-787f-4a25-b78d-948736530192-SegmentedRaftLogWorker:Storage Directory /workdir/hadoop-ozone/integration-test/target/test-dir/MiniOzoneClusterImpl-28bedab5-a7b6-4439-aa5a-0da14b59fc38/datanode-1/data/ratis/35de30fa-ae31-4d06-a297-7c12adbc7497] INFO  segmented.SegmentedRaftLogWorker (SegmentedRaftLogWorker.java:run(313)) - 51076ca9-787f-4a25-b78d-948736530192-SegmentedRaftLogWorker:Storage Directory /workdir/hadoop-ozone/integration-test/target/test-dir/MiniOzoneClusterImpl-28bedab5-a7b6-4439-aa5a-0da14b59fc38/datanode-1/data/ratis/35de30fa-ae31-4d06-a297-7c12adbc7497 was interrupted, exiting. There are 0 tasks remaining in the queue.
2019-08-22 20:33:52,699 [main] INFO  segmented.SegmentedRaftLogWorker (SegmentedRaftLogWorker.java:close(228)) - b57f6041-151b-43d9-b1c6-c87944b8f8b5-SegmentedRaftLogWorker:Storage Directory /workdir/hadoop-ozone/integration-test/target/test-dir/MiniOzoneClusterImpl-28bedab5-a7b6-4439-aa5a-0da14b59fc38/datanode-4/data/ratis/bb9083b3-f1e8-437c-a7dc-26c44d242ad3 close()
2019-08-22 20:33:52,702 [ForkJoinPool.commonPool-worker-0] INFO  segmented.SegmentedRaftLogWorker (SegmentedRaftLogWorker.java:close(228)) - 51076ca9-787f-4a25-b78d-948736530192-SegmentedRaftLogWorker:Storage Directory /workdir/hadoop-ozone/integration-test/target/test-dir/MiniOzoneClusterImpl-28bedab5-a7b6-4439-aa5a-0da14b59fc38/datanode-1/data/ratis/35de30fa-ae31-4d06-a297-7c12adbc7497 close()
2019-08-22 20:33:52,706 [main] INFO  server.GrpcService (GrpcService.java:closeImpl(155)) - b57f6041-151b-43d9-b1c6-c87944b8f8b5: shutdown server with port 44495 now
2019-08-22 20:33:52,710 [ForkJoinPool.commonPool-worker-0] INFO  server.GrpcService (GrpcService.java:closeImpl(155)) - 51076ca9-787f-4a25-b78d-948736530192: shutdown server with port 35094 now
2019-08-22 20:33:52,712 [grpc-default-executor-5] WARN  server.GrpcServerProtocolService (LogUtils.java:warn(134)) - b57f6041-151b-43d9-b1c6-c87944b8f8b5: appendEntries onError: org.apache.ratis.thirdparty.io.grpc.StatusRuntimeException: CANCELLED: cancelled before receiving half close
2019-08-22 20:33:52,712 [main] INFO  server.GrpcService (GrpcService.java:closeImpl(163)) - b57f6041-151b-43d9-b1c6-c87944b8f8b5: shutdown server with port 44495 successfully
2019-08-22 20:33:52,712 [grpc-default-executor-9] WARN  server.GrpcLogAppender (LogUtils.java:warn(134)) - f0f4ed96-5399-4dd5-ad99-791f6ec54833->51076ca9-787f-4a25-b78d-948736530192: Failed appendEntries: org.apache.ratis.thirdparty.io.grpc.StatusRuntimeException: CANCELLED: HTTP/2 error code: CANCEL
Received Rst Stream
2019-08-22 20:33:52,712 [ForkJoinPool.commonPool-worker-0] INFO  server.GrpcService (GrpcService.java:closeImpl(163)) - 51076ca9-787f-4a25-b78d-948736530192: shutdown server with port 35094 successfully
2019-08-22 20:33:52,713 [grpc-default-executor-9] INFO  impl.FollowerInfo (FollowerInfo.java:lambda$new$0(50)) - f0f4ed96-5399-4dd5-ad99-791f6ec54833->51076ca9-787f-4a25-b78d-948736530192: nextIndex: updateUnconditionally 19 -> 18
2019-08-22 20:33:52,712 [grpc-default-executor-11] WARN  server.GrpcServerProtocolService (LogUtils.java:warn(134)) - 51076ca9-787f-4a25-b78d-948736530192: appendEntries onError: org.apache.ratis.thirdparty.io.grpc.StatusRuntimeException: CANCELLED: cancelled before receiving half close
2019-08-22 20:33:52,713 [grpc-default-executor-12] WARN  server.GrpcLogAppender (LogUtils.java:warn(134)) - ccbe46ac-8be0-4969-adcf-2e9221e70c85->b57f6041-151b-43d9-b1c6-c87944b8f8b5: Failed appendEntries: org.apache.ratis.thirdparty.io.grpc.StatusRuntimeException: CANCELLED: HTTP/2 error code: CANCEL
Received Rst Stream
2019-08-22 20:33:52,715 [grpc-default-executor-12] INFO  impl.FollowerInfo (FollowerInfo.java:lambda$new$0(50)) - ccbe46ac-8be0-4969-adcf-2e9221e70c85->b57f6041-151b-43d9-b1c6-c87944b8f8b5: nextIndex: updateUnconditionally 17 -> 16
2019-08-22 20:33:52,715 [ForkJoinPool.commonPool-worker-0] INFO  utils.BackgroundService (BackgroundService.java:shutdown(148)) - Shutting down service BlockDeletingService
2019-08-22 20:33:52,715 [main] INFO  utils.BackgroundService (BackgroundService.java:shutdown(148)) - Shutting down service BlockDeletingService
2019-08-22 20:33:52,726 [refreshUsed-/workdir/hadoop-ozone/integration-test/target/test-dir/MiniOzoneClusterImpl-28bedab5-a7b6-4439-aa5a-0da14b59fc38/datanode-4/data/containers] WARN  fs.CachingGetSpaceUsed (CachingGetSpaceUsed.java:run(183)) - Thread Interrupted waiting to refresh disk information: sleep interrupted
2019-08-22 20:33:52,726 [refreshUsed-/workdir/hadoop-ozone/integration-test/target/test-dir/MiniOzoneClusterImpl-28bedab5-a7b6-4439-aa5a-0da14b59fc38/datanode-1/data/containers] WARN  fs.CachingGetSpaceUsed (CachingGetSpaceUsed.java:run(183)) - Thread Interrupted waiting to refresh disk information: sleep interrupted
2019-08-22 20:33:52,759 [ForkJoinPool.commonPool-worker-0] INFO  statemachine.DatanodeStateMachine (DatanodeStateMachine.java:stopDaemon(395)) - Ozone container server stopped.
2019-08-22 20:33:52,759 [main] INFO  statemachine.DatanodeStateMachine (DatanodeStateMachine.java:stopDaemon(395)) - Ozone container server stopped.
2019-08-22 20:33:52,766 [ForkJoinPool.commonPool-worker-0] INFO  handler.ContextHandler (ContextHandler.java:doStop(910)) - Stopped o.e.j.w.WebAppContext@59456e1{/,null,UNAVAILABLE}{/hddsDatanode}
2019-08-22 20:33:52,766 [main] INFO  handler.ContextHandler (ContextHandler.java:doStop(910)) - Stopped o.e.j.w.WebAppContext@5f1d270a{/,null,UNAVAILABLE}{/hddsDatanode}
2019-08-22 20:33:52,767 [ForkJoinPool.commonPool-worker-0] INFO  server.AbstractConnector (AbstractConnector.java:doStop(318)) - Stopped ServerConnector@7a8dbbf1{HTTP/1.1,[http/1.1]}{0.0.0.0:0}
2019-08-22 20:33:52,767 [main] INFO  server.AbstractConnector (AbstractConnector.java:doStop(318)) - Stopped ServerConnector@7d14efc{HTTP/1.1,[http/1.1]}{0.0.0.0:0}
2019-08-22 20:33:52,769 [ForkJoinPool.commonPool-worker-0] INFO  handler.ContextHandler (ContextHandler.java:doStop(910)) - Stopped o.e.j.s.ServletContextHandler@3c5d183{/static,jar:file:/home/user/.m2/repository/org/apache/hadoop/hadoop-hdds-container-service/0.5.0-SNAPSHOT/hadoop-hdds-container-service-0.5.0-SNAPSHOT.jar!/webapps/static,UNAVAILABLE}
2019-08-22 20:33:52,769 [main] INFO  handler.ContextHandler (ContextHandler.java:doStop(910)) - Stopped o.e.j.s.ServletContextHandler@19984625{/static,jar:file:/home/user/.m2/repository/org/apache/hadoop/hadoop-hdds-container-service/0.5.0-SNAPSHOT/hadoop-hdds-container-service-0.5.0-SNAPSHOT.jar!/webapps/static,UNAVAILABLE}
2019-08-22 20:33:52,771 [ForkJoinPool.commonPool-worker-0] INFO  handler.ContextHandler (ContextHandler.java:doStop(910)) - Stopped o.e.j.s.ServletContextHandler@77a13162{/logs,file:///workdir/hadoop-ozone/integration-test/target/log,UNAVAILABLE}
2019-08-22 20:33:52,771 [main] INFO  handler.ContextHandler (ContextHandler.java:doStop(910)) - Stopped o.e.j.s.ServletContextHandler@6872201{/logs,file:///workdir/hadoop-ozone/integration-test/target/log,UNAVAILABLE}
2019-08-22 20:33:52,773 [ForkJoinPool.commonPool-worker-0] INFO  datanode.ObjectStoreHandler (ObjectStoreHandler.java:close(155)) - Closing ObjectStoreHandler.
2019-08-22 20:33:52,773 [main] INFO  datanode.ObjectStoreHandler (ObjectStoreHandler.java:close(155)) - Closing ObjectStoreHandler.
2019-08-22 20:33:52,774 [ForkJoinPool.commonPool-worker-0] INFO  ozone.HddsDatanodeService (HddsDatanodeService.java:stop(451)) - Stopped plug-in org.apache.hadoop.ozone.web.OzoneHddsDatanodeService@5680f009
2019-08-22 20:33:52,774 [main] INFO  ozone.HddsDatanodeService (HddsDatanodeService.java:stop(451)) - Stopped plug-in org.apache.hadoop.ozone.web.OzoneHddsDatanodeService@670199c5
2019-08-22 20:33:53,307 | INFO  | SCMAudit | user=jenkins1000 | ip=192.168.5.154 | op=SEND_HEARTBEAT {datanodeUUID=e88b764d-cc09-4ebb-b6a7-9b0a83937be8, command=[]} | ret=SUCCESS |  
2019-08-22 20:33:53,361 [Datanode State Machine Thread - 0] INFO  statemachine.DatanodeStateMachine (DatanodeStateMachine.java:lambda$startDaemon$0(350)) - Ozone container server started.
2019-08-22 20:33:53,362 | INFO  | SCMAudit | user=jenkins1000 | ip=192.168.5.154 | op=SEND_HEARTBEAT {datanodeUUID=a6344601-8d29-48c8-ae6d-e0943ca3f389, command=[commandType: closeContainerCommand closeContainerCommandProto { containerID: 2 pipelineID { id: "bb9083b3-f1e8-437c-a7dc-26c44d242ad3" } cmdId: 2 force: false } ]} | ret=SUCCESS |  
2019-08-22 20:33:53,669 [Datanode State Machine Thread - 0] INFO  statemachine.DatanodeStateMachine (DatanodeStateMachine.java:lambda$startDaemon$0(350)) - Ozone container server started.
2019-08-22 20:33:54,307 | INFO  | SCMAudit | user=jenkins1000 | ip=192.168.5.154 | op=SEND_HEARTBEAT {datanodeUUID=e88b764d-cc09-4ebb-b6a7-9b0a83937be8, command=[]} | ret=SUCCESS |  
2019-08-22 20:33:54,362 | INFO  | SCMAudit | user=jenkins1000 | ip=192.168.5.154 | op=SEND_HEARTBEAT {datanodeUUID=a6344601-8d29-48c8-ae6d-e0943ca3f389, command=[]} | ret=SUCCESS |  
2019-08-22 20:33:54,373 [grpc-default-executor-12] WARN  server.GrpcLogAppender (LogUtils.java:warn(134)) - f0f4ed96-5399-4dd5-ad99-791f6ec54833->51076ca9-787f-4a25-b78d-948736530192: Failed appendEntries: org.apache.ratis.thirdparty.io.grpc.StatusRuntimeException: UNAVAILABLE: io exception
2019-08-22 20:33:54,373 [grpc-default-executor-12] INFO  impl.FollowerInfo (FollowerInfo.java:lambda$new$0(50)) - f0f4ed96-5399-4dd5-ad99-791f6ec54833->51076ca9-787f-4a25-b78d-948736530192: nextIndex: updateUnconditionally 18 -> 17
2019-08-22 20:33:54,379 [grpc-default-executor-9] WARN  server.GrpcLogAppender (LogUtils.java:warn(134)) - f0f4ed96-5399-4dd5-ad99-791f6ec54833->2daced53-459d-4517-a1dc-5ae4d7d13a80: Failed appendEntries: org.apache.ratis.thirdparty.io.grpc.StatusRuntimeException: UNAVAILABLE: io exception
2019-08-22 20:33:54,380 [grpc-default-executor-9] INFO  impl.FollowerInfo (FollowerInfo.java:lambda$new$0(50)) - f0f4ed96-5399-4dd5-ad99-791f6ec54833->2daced53-459d-4517-a1dc-5ae4d7d13a80: nextIndex: updateUnconditionally 0 -> 0
2019-08-22 20:33:55,114 [grpc-default-executor-12] WARN  server.GrpcLogAppender (LogUtils.java:warn(134)) - ccbe46ac-8be0-4969-adcf-2e9221e70c85->b57f6041-151b-43d9-b1c6-c87944b8f8b5: Failed appendEntries: org.apache.ratis.thirdparty.io.grpc.StatusRuntimeException: UNAVAILABLE: io exception
2019-08-22 20:33:55,115 [grpc-default-executor-12] INFO  impl.FollowerInfo (FollowerInfo.java:lambda$new$0(50)) - ccbe46ac-8be0-4969-adcf-2e9221e70c85->b57f6041-151b-43d9-b1c6-c87944b8f8b5: nextIndex: updateUnconditionally 16 -> 15
2019-08-22 20:33:55,307 | INFO  | SCMAudit | user=jenkins1000 | ip=192.168.5.154 | op=SEND_HEARTBEAT {datanodeUUID=e88b764d-cc09-4ebb-b6a7-9b0a83937be8, command=[]} | ret=SUCCESS |  
2019-08-22 20:33:55,362 | INFO  | SCMAudit | user=jenkins1000 | ip=192.168.5.154 | op=SEND_HEARTBEAT {datanodeUUID=a6344601-8d29-48c8-ae6d-e0943ca3f389, command=[]} | ret=SUCCESS |  
2019-08-22 20:33:55,390 | INFO  | SCMAudit | user=jenkins1000 | ip=192.168.5.154 | op=SEND_HEARTBEAT {datanodeUUID=a6344601-8d29-48c8-ae6d-e0943ca3f389, command=[]} | ret=SUCCESS |  
2019-08-22 20:33:56,307 | INFO  | SCMAudit | user=jenkins1000 | ip=192.168.5.154 | op=SEND_HEARTBEAT {datanodeUUID=e88b764d-cc09-4ebb-b6a7-9b0a83937be8, command=[]} | ret=SUCCESS |  
2019-08-22 20:33:56,390 | INFO  | SCMAudit | user=jenkins1000 | ip=192.168.5.154 | op=SEND_HEARTBEAT {datanodeUUID=a6344601-8d29-48c8-ae6d-e0943ca3f389, command=[]} | ret=SUCCESS |  
2019-08-22 20:33:56,873 [grpc-default-executor-12] WARN  server.GrpcLogAppender (LogUtils.java:warn(134)) - f0f4ed96-5399-4dd5-ad99-791f6ec54833->51076ca9-787f-4a25-b78d-948736530192: Failed appendEntries: org.apache.ratis.thirdparty.io.grpc.StatusRuntimeException: UNAVAILABLE: io exception
2019-08-22 20:33:56,874 [grpc-default-executor-12] INFO  impl.FollowerInfo (FollowerInfo.java:lambda$new$0(50)) - f0f4ed96-5399-4dd5-ad99-791f6ec54833->51076ca9-787f-4a25-b78d-948736530192: nextIndex: updateUnconditionally 17 -> 16
2019-08-22 20:33:56,880 [grpc-default-executor-9] WARN  server.GrpcLogAppender (LogUtils.java:warn(134)) - f0f4ed96-5399-4dd5-ad99-791f6ec54833->2daced53-459d-4517-a1dc-5ae4d7d13a80: Failed appendEntries: org.apache.ratis.thirdparty.io.grpc.StatusRuntimeException: UNAVAILABLE: io exception
2019-08-22 20:33:56,880 [grpc-default-executor-9] INFO  impl.FollowerInfo (FollowerInfo.java:lambda$new$0(50)) - f0f4ed96-5399-4dd5-ad99-791f6ec54833->2daced53-459d-4517-a1dc-5ae4d7d13a80: nextIndex: updateUnconditionally 0 -> 0
2019-08-22 20:33:57,307 | INFO  | SCMAudit | user=jenkins1000 | ip=192.168.5.154 | op=SEND_HEARTBEAT {datanodeUUID=e88b764d-cc09-4ebb-b6a7-9b0a83937be8, command=[]} | ret=SUCCESS |  
2019-08-22 20:33:57,390 | INFO  | SCMAudit | user=jenkins1000 | ip=192.168.5.154 | op=SEND_HEARTBEAT {datanodeUUID=a6344601-8d29-48c8-ae6d-e0943ca3f389, command=[]} | ret=SUCCESS |  
2019-08-22 20:33:57,401 [EventQueue-StaleNodeForStaleNodeHandler] INFO  node.StaleNodeHandler (StaleNodeHandler.java:onMessage(58)) - Datanode ccbe46ac-8be0-4969-adcf-2e9221e70c85{ip: 192.168.5.154, host: pr-hdds-1975-8q6qf-1339330341, networkLocation: /default-rack, certSerialId: null} moved to stale state. Finalizing its pipelines [PipelineID=1097b543-f2f5-4140-8dc6-286bddac0606, PipelineID=bb9083b3-f1e8-437c-a7dc-26c44d242ad3]
2019-08-22 20:33:57,402 [EventQueue-StaleNodeForStaleNodeHandler] INFO  pipeline.SCMPipelineManager (SCMPipelineManager.java:finalizeAndDestroyPipeline(309)) - destroying pipeline:Pipeline[ Id: 1097b543-f2f5-4140-8dc6-286bddac0606, Nodes: ccbe46ac-8be0-4969-adcf-2e9221e70c85{ip: 192.168.5.154, host: pr-hdds-1975-8q6qf-1339330341, networkLocation: /default-rack, certSerialId: null}, Type:RATIS, Factor:ONE, State:OPEN]
2019-08-22 20:33:57,402 [EventQueue-StaleNodeForStaleNodeHandler] INFO  pipeline.PipelineStateManager (PipelineStateManager.java:finalizePipeline(123)) - Pipeline Pipeline[ Id: 1097b543-f2f5-4140-8dc6-286bddac0606, Nodes: ccbe46ac-8be0-4969-adcf-2e9221e70c85{ip: 192.168.5.154, host: pr-hdds-1975-8q6qf-1339330341, networkLocation: /default-rack, certSerialId: null}, Type:RATIS, Factor:ONE, State:CLOSED] moved to CLOSED state
2019-08-22 20:33:57,402 [EventQueue-StaleNodeForStaleNodeHandler] INFO  pipeline.SCMPipelineManager (SCMPipelineManager.java:finalizeAndDestroyPipeline(309)) - destroying pipeline:Pipeline[ Id: bb9083b3-f1e8-437c-a7dc-26c44d242ad3, Nodes: ccbe46ac-8be0-4969-adcf-2e9221e70c85{ip: 192.168.5.154, host: pr-hdds-1975-8q6qf-1339330341, networkLocation: /default-rack, certSerialId: null}a6344601-8d29-48c8-ae6d-e0943ca3f389{ip: 192.168.5.154, host: pr-hdds-1975-8q6qf-1339330341, networkLocation: /default-rack, certSerialId: null}b57f6041-151b-43d9-b1c6-c87944b8f8b5{ip: 192.168.5.154, host: pr-hdds-1975-8q6qf-1339330341, networkLocation: /default-rack, certSerialId: null}, Type:RATIS, Factor:THREE, State:CLOSED]
2019-08-22 20:33:57,615 [grpc-default-executor-12] WARN  server.GrpcLogAppender (LogUtils.java:warn(134)) - ccbe46ac-8be0-4969-adcf-2e9221e70c85->b57f6041-151b-43d9-b1c6-c87944b8f8b5: Failed appendEntries: org.apache.ratis.thirdparty.io.grpc.StatusRuntimeException: UNAVAILABLE: io exception
2019-08-22 20:33:57,616 [grpc-default-executor-12] INFO  impl.FollowerInfo (FollowerInfo.java:lambda$new$0(50)) - ccbe46ac-8be0-4969-adcf-2e9221e70c85->b57f6041-151b-43d9-b1c6-c87944b8f8b5: nextIndex: updateUnconditionally 15 -> 14
2019-08-22 20:33:57,702 [EventQueue-StaleNodeForStaleNodeHandler] INFO  node.StaleNodeHandler (StaleNodeHandler.java:onMessage(58)) - Datanode f0f4ed96-5399-4dd5-ad99-791f6ec54833{ip: 192.168.5.154, host: pr-hdds-1975-8q6qf-1339330341, networkLocation: /default-rack, certSerialId: null} moved to stale state. Finalizing its pipelines [PipelineID=dc00d337-04f9-451b-a916-2fb2233f9cc8, PipelineID=35de30fa-ae31-4d06-a297-7c12adbc7497]
2019-08-22 20:33:57,702 [EventQueue-StaleNodeForStaleNodeHandler] INFO  pipeline.SCMPipelineManager (SCMPipelineManager.java:finalizeAndDestroyPipeline(309)) - destroying pipeline:Pipeline[ Id: dc00d337-04f9-451b-a916-2fb2233f9cc8, Nodes: f0f4ed96-5399-4dd5-ad99-791f6ec54833{ip: 192.168.5.154, host: pr-hdds-1975-8q6qf-1339330341, networkLocation: /default-rack, certSerialId: null}, Type:RATIS, Factor:ONE, State:OPEN]
2019-08-22 20:33:57,702 [EventQueue-StaleNodeForStaleNodeHandler] INFO  pipeline.PipelineStateManager (PipelineStateManager.java:finalizePipeline(123)) - Pipeline Pipeline[ Id: dc00d337-04f9-451b-a916-2fb2233f9cc8, Nodes: f0f4ed96-5399-4dd5-ad99-791f6ec54833{ip: 192.168.5.154, host: pr-hdds-1975-8q6qf-1339330341, networkLocation: /default-rack, certSerialId: null}, Type:RATIS, Factor:ONE, State:CLOSED] moved to CLOSED state
2019-08-22 20:33:57,703 [EventQueue-StaleNodeForStaleNodeHandler] INFO  pipeline.SCMPipelineManager (SCMPipelineManager.java:finalizeAndDestroyPipeline(309)) - destroying pipeline:Pipeline[ Id: 35de30fa-ae31-4d06-a297-7c12adbc7497, Nodes: 2daced53-459d-4517-a1dc-5ae4d7d13a80{ip: 192.168.5.154, host: pr-hdds-1975-8q6qf-1339330341, networkLocation: /default-rack, certSerialId: null}f0f4ed96-5399-4dd5-ad99-791f6ec54833{ip: 192.168.5.154, host: pr-hdds-1975-8q6qf-1339330341, networkLocation: /default-rack, certSerialId: null}51076ca9-787f-4a25-b78d-948736530192{ip: 192.168.5.154, host: pr-hdds-1975-8q6qf-1339330341, networkLocation: /default-rack, certSerialId: null}, Type:RATIS, Factor:THREE, State:CLOSED]
2019-08-22 20:33:57,775 [ForkJoinPool.commonPool-worker-0] INFO  ozoneimpl.OzoneContainer (OzoneContainer.java:stop(199)) - Attempting to stop container services.
2019-08-22 20:33:57,775 [main] INFO  ozoneimpl.OzoneContainer (OzoneContainer.java:stop(199)) - Attempting to stop container services.
2019-08-22 20:33:57,775 [ForkJoinPool.commonPool-worker-0] INFO  impl.RaftServerProxy (RaftServerProxy.java:lambda$close$4(314)) - f0f4ed96-5399-4dd5-ad99-791f6ec54833: close
2019-08-22 20:33:57,775 [main] INFO  impl.RaftServerProxy (RaftServerProxy.java:lambda$close$4(314)) - ccbe46ac-8be0-4969-adcf-2e9221e70c85: close
2019-08-22 20:33:57,776 [ForkJoinPool.commonPool-worker-0] INFO  impl.RaftServerImpl (RaftServerImpl.java:lambda$shutdown$3(245)) - f0f4ed96-5399-4dd5-ad99-791f6ec54833: shutdown group-2FB2233F9CC8
2019-08-22 20:33:57,776 [main] INFO  impl.RaftServerImpl (RaftServerImpl.java:lambda$shutdown$3(245)) - ccbe46ac-8be0-4969-adcf-2e9221e70c85: shutdown group-286BDDAC0606
2019-08-22 20:33:57,776 [ForkJoinPool.commonPool-worker-0] INFO  util.JmxRegister (JmxRegister.java:unregister(73)) - Successfully un-registered JMX Bean with object name Ratis:service=RaftServer,group=group-2FB2233F9CC8,id=f0f4ed96-5399-4dd5-ad99-791f6ec54833
2019-08-22 20:33:57,777 [main] INFO  util.JmxRegister (JmxRegister.java:unregister(73)) - Successfully un-registered JMX Bean with object name Ratis:service=RaftServer,group=group-286BDDAC0606,id=ccbe46ac-8be0-4969-adcf-2e9221e70c85
2019-08-22 20:33:57,777 [ForkJoinPool.commonPool-worker-0] INFO  impl.RoleInfo (RoleInfo.java:shutdownLeaderState(104)) - f0f4ed96-5399-4dd5-ad99-791f6ec54833: shutdown LeaderState
2019-08-22 20:33:57,777 [main] INFO  impl.RoleInfo (RoleInfo.java:shutdownLeaderState(104)) - ccbe46ac-8be0-4969-adcf-2e9221e70c85: shutdown LeaderState
2019-08-22 20:33:57,780 [ForkJoinPool.commonPool-worker-0] INFO  impl.PendingRequests (PendingRequests.java:sendNotLeaderResponses(202)) - f0f4ed96-5399-4dd5-ad99-791f6ec54833-PendingRequests: sendNotLeaderResponses
2019-08-22 20:33:57,780 [main] INFO  impl.PendingRequests (PendingRequests.java:sendNotLeaderResponses(202)) - ccbe46ac-8be0-4969-adcf-2e9221e70c85-PendingRequests: sendNotLeaderResponses
2019-08-22 20:33:57,781 [ForkJoinPool.commonPool-worker-0] INFO  impl.StateMachineUpdater (StateMachineUpdater.java:stopAndJoin(115)) - StateMachineUpdater:f0f4ed96-5399-4dd5-ad99-791f6ec54833:group-2FB2233F9CC8: set stopIndex = 0
2019-08-22 20:33:57,781 [main] INFO  impl.StateMachineUpdater (StateMachineUpdater.java:stopAndJoin(115)) - StateMachineUpdater:ccbe46ac-8be0-4969-adcf-2e9221e70c85:group-286BDDAC0606: set stopIndex = 0
2019-08-22 20:33:57,781 [ForkJoinPool.commonPool-worker-0] INFO  impl.RaftServerImpl (ServerState.java:close(394)) - f0f4ed96-5399-4dd5-ad99-791f6ec54833:group-2FB2233F9CC8 closes. The last applied log index is 0
2019-08-22 20:33:57,781 [main] INFO  impl.RaftServerImpl (ServerState.java:close(394)) - ccbe46ac-8be0-4969-adcf-2e9221e70c85:group-286BDDAC0606 closes. The last applied log index is 0
2019-08-22 20:33:57,782 [f0f4ed96-5399-4dd5-ad99-791f6ec54833-SegmentedRaftLogWorker:Storage Directory /workdir/hadoop-ozone/integration-test/target/test-dir/MiniOzoneClusterImpl-28bedab5-a7b6-4439-aa5a-0da14b59fc38/datanode-2/data/ratis/dc00d337-04f9-451b-a916-2fb2233f9cc8] INFO  segmented.SegmentedRaftLogWorker (SegmentedRaftLogWorker.java:run(313)) - f0f4ed96-5399-4dd5-ad99-791f6ec54833-SegmentedRaftLogWorker:Storage Directory /workdir/hadoop-ozone/integration-test/target/test-dir/MiniOzoneClusterImpl-28bedab5-a7b6-4439-aa5a-0da14b59fc38/datanode-2/data/ratis/dc00d337-04f9-451b-a916-2fb2233f9cc8 was interrupted, exiting. There are 0 tasks remaining in the queue.
2019-08-22 20:33:57,782 [ccbe46ac-8be0-4969-adcf-2e9221e70c85-SegmentedRaftLogWorker:Storage Directory /workdir/hadoop-ozone/integration-test/target/test-dir/MiniOzoneClusterImpl-28bedab5-a7b6-4439-aa5a-0da14b59fc38/datanode-3/data/ratis/1097b543-f2f5-4140-8dc6-286bddac0606] INFO  segmented.SegmentedRaftLogWorker (SegmentedRaftLogWorker.java:run(313)) - ccbe46ac-8be0-4969-adcf-2e9221e70c85-SegmentedRaftLogWorker:Storage Directory /workdir/hadoop-ozone/integration-test/target/test-dir/MiniOzoneClusterImpl-28bedab5-a7b6-4439-aa5a-0da14b59fc38/datanode-3/data/ratis/1097b543-f2f5-4140-8dc6-286bddac0606 was interrupted, exiting. There are 0 tasks remaining in the queue.
2019-08-22 20:33:57,785 [ForkJoinPool.commonPool-worker-0] INFO  segmented.SegmentedRaftLogWorker (SegmentedRaftLogWorker.java:close(228)) - f0f4ed96-5399-4dd5-ad99-791f6ec54833-SegmentedRaftLogWorker:Storage Directory /workdir/hadoop-ozone/integration-test/target/test-dir/MiniOzoneClusterImpl-28bedab5-a7b6-4439-aa5a-0da14b59fc38/datanode-2/data/ratis/dc00d337-04f9-451b-a916-2fb2233f9cc8 close()
2019-08-22 20:33:57,785 [main] INFO  segmented.SegmentedRaftLogWorker (SegmentedRaftLogWorker.java:close(228)) - ccbe46ac-8be0-4969-adcf-2e9221e70c85-SegmentedRaftLogWorker:Storage Directory /workdir/hadoop-ozone/integration-test/target/test-dir/MiniOzoneClusterImpl-28bedab5-a7b6-4439-aa5a-0da14b59fc38/datanode-3/data/ratis/1097b543-f2f5-4140-8dc6-286bddac0606 close()
2019-08-22 20:33:57,788 [ForkJoinPool.commonPool-worker-0] INFO  impl.RaftServerImpl (RaftServerImpl.java:lambda$shutdown$3(245)) - f0f4ed96-5399-4dd5-ad99-791f6ec54833: shutdown group-7C12ADBC7497
2019-08-22 20:33:57,791 [main] INFO  impl.RaftServerImpl (RaftServerImpl.java:lambda$shutdown$3(245)) - ccbe46ac-8be0-4969-adcf-2e9221e70c85: shutdown group-26C44D242AD3
2019-08-22 20:33:57,791 [ForkJoinPool.commonPool-worker-0] INFO  util.JmxRegister (JmxRegister.java:unregister(73)) - Successfully un-registered JMX Bean with object name Ratis:service=RaftServer,group=group-7C12ADBC7497,id=f0f4ed96-5399-4dd5-ad99-791f6ec54833
2019-08-22 20:33:57,791 [main] INFO  util.JmxRegister (JmxRegister.java:unregister(73)) - Successfully un-registered JMX Bean with object name Ratis:service=RaftServer,group=group-26C44D242AD3,id=ccbe46ac-8be0-4969-adcf-2e9221e70c85
2019-08-22 20:33:57,791 [ForkJoinPool.commonPool-worker-0] INFO  impl.RoleInfo (RoleInfo.java:shutdownLeaderState(104)) - f0f4ed96-5399-4dd5-ad99-791f6ec54833: shutdown LeaderState
2019-08-22 20:33:57,792 [main] INFO  impl.RoleInfo (RoleInfo.java:shutdownLeaderState(104)) - ccbe46ac-8be0-4969-adcf-2e9221e70c85: shutdown LeaderState
2019-08-22 20:33:57,795 [org.apache.ratis.server.impl.LogAppender$AppenderDaemon$$Lambda$520/52589073@5a326de7] WARN  server.GrpcLogAppender (GrpcLogAppender.java:mayWait(143)) - GrpcLogAppender(f0f4ed96-5399-4dd5-ad99-791f6ec54833->51076ca9-787f-4a25-b78d-948736530192): Wait interrupted by java.lang.InterruptedException
2019-08-22 20:33:57,798 [org.apache.ratis.server.impl.LogAppender$AppenderDaemon$$Lambda$520/52589073@6bbb66fc] WARN  server.GrpcLogAppender (GrpcLogAppender.java:mayWait(143)) - GrpcLogAppender(ccbe46ac-8be0-4969-adcf-2e9221e70c85->a6344601-8d29-48c8-ae6d-e0943ca3f389): Wait interrupted by java.lang.InterruptedException
2019-08-22 20:33:57,795 [ForkJoinPool.commonPool-worker-0] INFO  impl.PendingRequests (PendingRequests.java:sendNotLeaderResponses(202)) - f0f4ed96-5399-4dd5-ad99-791f6ec54833-PendingRequests: sendNotLeaderResponses
2019-08-22 20:33:57,797 [org.apache.ratis.server.impl.LogAppender$AppenderDaemon$$Lambda$520/52589073@2eb9f5ef] WARN  server.GrpcLogAppender (GrpcLogAppender.java:mayWait(143)) - GrpcLogAppender(ccbe46ac-8be0-4969-adcf-2e9221e70c85->b57f6041-151b-43d9-b1c6-c87944b8f8b5): Wait interrupted by java.lang.InterruptedException
2019-08-22 20:33:57,798 [grpc-default-executor-12] INFO  server.GrpcServerProtocolService (GrpcServerProtocolService.java:onCompleted(104)) - a6344601-8d29-48c8-ae6d-e0943ca3f389: appendEntries completed
2019-08-22 20:33:57,797 [main] INFO  impl.PendingRequests (PendingRequests.java:sendNotLeaderResponses(202)) - ccbe46ac-8be0-4969-adcf-2e9221e70c85-PendingRequests: sendNotLeaderResponses
2019-08-22 20:33:57,795 [org.apache.ratis.server.impl.LogAppender$AppenderDaemon$$Lambda$520/52589073@794a30f7] WARN  server.GrpcLogAppender (GrpcLogAppender.java:mayWait(143)) - GrpcLogAppender(f0f4ed96-5399-4dd5-ad99-791f6ec54833->2daced53-459d-4517-a1dc-5ae4d7d13a80): Wait interrupted by java.lang.InterruptedException
2019-08-22 20:33:57,802 [main] INFO  impl.StateMachineUpdater (StateMachineUpdater.java:stopAndJoin(115)) - StateMachineUpdater:ccbe46ac-8be0-4969-adcf-2e9221e70c85:group-26C44D242AD3: set stopIndex = 16
2019-08-22 20:33:57,799 [grpc-default-executor-9] INFO  server.GrpcLogAppender (GrpcLogAppender.java:onCompleted(292)) - ccbe46ac-8be0-4969-adcf-2e9221e70c85->a6344601-8d29-48c8-ae6d-e0943ca3f389: follower responses appendEntries COMPLETED
2019-08-22 20:33:57,799 [StateMachineUpdater:f0f4ed96-5399-4dd5-ad99-791f6ec54833:group-7C12ADBC7497] INFO  ratis.ContainerStateMachine (ContainerStateMachine.java:takeSnapshot(283)) - group-7C12ADBC7497: Taking a snapshot at:(t:1, i:14) file /workdir/hadoop-ozone/integration-test/target/test-dir/MiniOzoneClusterImpl-28bedab5-a7b6-4439-aa5a-0da14b59fc38/datanode-2/data/ratis/35de30fa-ae31-4d06-a297-7c12adbc7497/sm/snapshot.1_14
2019-08-22 20:33:57,802 [grpc-default-executor-9] INFO  impl.FollowerInfo (FollowerInfo.java:lambda$new$0(50)) - ccbe46ac-8be0-4969-adcf-2e9221e70c85->a6344601-8d29-48c8-ae6d-e0943ca3f389: nextIndex: updateUnconditionally 17 -> 16
2019-08-22 20:33:57,798 [ForkJoinPool.commonPool-worker-0] INFO  impl.StateMachineUpdater (StateMachineUpdater.java:stopAndJoin(115)) - StateMachineUpdater:f0f4ed96-5399-4dd5-ad99-791f6ec54833:group-7C12ADBC7497: set stopIndex = 18
2019-08-22 20:33:57,802 [StateMachineUpdater:ccbe46ac-8be0-4969-adcf-2e9221e70c85:group-26C44D242AD3] INFO  ratis.ContainerStateMachine (ContainerStateMachine.java:takeSnapshot(283)) - group-26C44D242AD3: Taking a snapshot at:(t:1, i:14) file /workdir/hadoop-ozone/integration-test/target/test-dir/MiniOzoneClusterImpl-28bedab5-a7b6-4439-aa5a-0da14b59fc38/datanode-3/data/ratis/bb9083b3-f1e8-437c-a7dc-26c44d242ad3/sm/snapshot.1_14
2019-08-22 20:33:57,828 [StateMachineUpdater:ccbe46ac-8be0-4969-adcf-2e9221e70c85:group-26C44D242AD3] INFO  ratis.ContainerStateMachine (ContainerStateMachine.java:takeSnapshot(294)) - group-26C44D242AD3: Finished taking a snapshot at:(t:1, i:14) file:/workdir/hadoop-ozone/integration-test/target/test-dir/MiniOzoneClusterImpl-28bedab5-a7b6-4439-aa5a-0da14b59fc38/datanode-3/data/ratis/bb9083b3-f1e8-437c-a7dc-26c44d242ad3/sm/snapshot.1_14 time:27
2019-08-22 20:33:57,828 [StateMachineUpdater:f0f4ed96-5399-4dd5-ad99-791f6ec54833:group-7C12ADBC7497] INFO  ratis.ContainerStateMachine (ContainerStateMachine.java:takeSnapshot(294)) - group-7C12ADBC7497: Finished taking a snapshot at:(t:1, i:14) file:/workdir/hadoop-ozone/integration-test/target/test-dir/MiniOzoneClusterImpl-28bedab5-a7b6-4439-aa5a-0da14b59fc38/datanode-2/data/ratis/35de30fa-ae31-4d06-a297-7c12adbc7497/sm/snapshot.1_14 time:30
2019-08-22 20:33:57,828 [StateMachineUpdater:ccbe46ac-8be0-4969-adcf-2e9221e70c85:group-26C44D242AD3] INFO  impl.StateMachineUpdater (StateMachineUpdater.java:takeSnapshot(242)) - StateMachineUpdater:ccbe46ac-8be0-4969-adcf-2e9221e70c85:group-26C44D242AD3: Took a snapshot at index 14
2019-08-22 20:33:57,828 [StateMachineUpdater:f0f4ed96-5399-4dd5-ad99-791f6ec54833:group-7C12ADBC7497] INFO  impl.StateMachineUpdater (StateMachineUpdater.java:takeSnapshot(242)) - StateMachineUpdater:f0f4ed96-5399-4dd5-ad99-791f6ec54833:group-7C12ADBC7497: Took a snapshot at index 14
2019-08-22 20:33:57,828 [StateMachineUpdater:ccbe46ac-8be0-4969-adcf-2e9221e70c85:group-26C44D242AD3] INFO  impl.StateMachineUpdater (StateMachineUpdater.java:lambda$new$0(80)) - StateMachineUpdater:ccbe46ac-8be0-4969-adcf-2e9221e70c85:group-26C44D242AD3: snapshotIndex: updateIncreasingly -1 -> 14
2019-08-22 20:33:57,828 [StateMachineUpdater:f0f4ed96-5399-4dd5-ad99-791f6ec54833:group-7C12ADBC7497] INFO  impl.StateMachineUpdater (StateMachineUpdater.java:lambda$new$0(80)) - StateMachineUpdater:f0f4ed96-5399-4dd5-ad99-791f6ec54833:group-7C12ADBC7497: snapshotIndex: updateIncreasingly -1 -> 14
2019-08-22 20:33:57,829 [main] INFO  impl.RaftServerImpl (ServerState.java:close(394)) - ccbe46ac-8be0-4969-adcf-2e9221e70c85:group-26C44D242AD3 closes. The last applied log index is 16
2019-08-22 20:33:57,829 [ForkJoinPool.commonPool-worker-0] INFO  impl.RaftServerImpl (ServerState.java:close(394)) - f0f4ed96-5399-4dd5-ad99-791f6ec54833:group-7C12ADBC7497 closes. The last applied log index is 18
2019-08-22 20:33:57,829 [ccbe46ac-8be0-4969-adcf-2e9221e70c85-SegmentedRaftLogWorker:Storage Directory /workdir/hadoop-ozone/integration-test/target/test-dir/MiniOzoneClusterImpl-28bedab5-a7b6-4439-aa5a-0da14b59fc38/datanode-3/data/ratis/bb9083b3-f1e8-437c-a7dc-26c44d242ad3] INFO  segmented.SegmentedRaftLogWorker (SegmentedRaftLogWorker.java:run(313)) - ccbe46ac-8be0-4969-adcf-2e9221e70c85-SegmentedRaftLogWorker:Storage Directory /workdir/hadoop-ozone/integration-test/target/test-dir/MiniOzoneClusterImpl-28bedab5-a7b6-4439-aa5a-0da14b59fc38/datanode-3/data/ratis/bb9083b3-f1e8-437c-a7dc-26c44d242ad3 was interrupted, exiting. There are 0 tasks remaining in the queue.
2019-08-22 20:33:57,830 [f0f4ed96-5399-4dd5-ad99-791f6ec54833-SegmentedRaftLogWorker:Storage Directory /workdir/hadoop-ozone/integration-test/target/test-dir/MiniOzoneClusterImpl-28bedab5-a7b6-4439-aa5a-0da14b59fc38/datanode-2/data/ratis/35de30fa-ae31-4d06-a297-7c12adbc7497] INFO  segmented.SegmentedRaftLogWorker (SegmentedRaftLogWorker.java:run(313)) - f0f4ed96-5399-4dd5-ad99-791f6ec54833-SegmentedRaftLogWorker:Storage Directory /workdir/hadoop-ozone/integration-test/target/test-dir/MiniOzoneClusterImpl-28bedab5-a7b6-4439-aa5a-0da14b59fc38/datanode-2/data/ratis/35de30fa-ae31-4d06-a297-7c12adbc7497 was interrupted, exiting. There are 0 tasks remaining in the queue.
2019-08-22 20:33:57,831 [main] INFO  segmented.SegmentedRaftLogWorker (SegmentedRaftLogWorker.java:close(228)) - ccbe46ac-8be0-4969-adcf-2e9221e70c85-SegmentedRaftLogWorker:Storage Directory /workdir/hadoop-ozone/integration-test/target/test-dir/MiniOzoneClusterImpl-28bedab5-a7b6-4439-aa5a-0da14b59fc38/datanode-3/data/ratis/bb9083b3-f1e8-437c-a7dc-26c44d242ad3 close()
2019-08-22 20:33:57,834 [ForkJoinPool.commonPool-worker-0] INFO  segmented.SegmentedRaftLogWorker (SegmentedRaftLogWorker.java:close(228)) - f0f4ed96-5399-4dd5-ad99-791f6ec54833-SegmentedRaftLogWorker:Storage Directory /workdir/hadoop-ozone/integration-test/target/test-dir/MiniOzoneClusterImpl-28bedab5-a7b6-4439-aa5a-0da14b59fc38/datanode-2/data/ratis/35de30fa-ae31-4d06-a297-7c12adbc7497 close()
2019-08-22 20:33:57,848 [main] INFO  server.GrpcService (GrpcService.java:closeImpl(155)) - ccbe46ac-8be0-4969-adcf-2e9221e70c85: shutdown server with port 37473 now
2019-08-22 20:33:57,850 [ForkJoinPool.commonPool-worker-0] INFO  server.GrpcService (GrpcService.java:closeImpl(155)) - f0f4ed96-5399-4dd5-ad99-791f6ec54833: shutdown server with port 39090 now
2019-08-22 20:33:57,851 [grpc-default-executor-12] WARN  client.GrpcClientProtocolService (LogUtils.java:warn(134)) - 1-UnorderedRequestStreamObserver1: onError: org.apache.ratis.thirdparty.io.grpc.StatusRuntimeException: CANCELLED: cancelled before receiving half close
2019-08-22 20:33:57,851 [main] INFO  server.GrpcService (GrpcService.java:closeImpl(163)) - ccbe46ac-8be0-4969-adcf-2e9221e70c85: shutdown server with port 37473 successfully
2019-08-22 20:33:57,851 [ForkJoinPool.commonPool-worker-0] INFO  server.GrpcService (GrpcService.java:closeImpl(163)) - f0f4ed96-5399-4dd5-ad99-791f6ec54833: shutdown server with port 39090 successfully
2019-08-22 20:33:57,854 [ForkJoinPool.commonPool-worker-0] INFO  utils.BackgroundService (BackgroundService.java:shutdown(148)) - Shutting down service BlockDeletingService
2019-08-22 20:33:57,859 [main] INFO  utils.BackgroundService (BackgroundService.java:shutdown(148)) - Shutting down service BlockDeletingService
2019-08-22 20:33:57,861 [refreshUsed-/workdir/hadoop-ozone/integration-test/target/test-dir/MiniOzoneClusterImpl-28bedab5-a7b6-4439-aa5a-0da14b59fc38/datanode-2/data/containers] WARN  fs.CachingGetSpaceUsed (CachingGetSpaceUsed.java:run(183)) - Thread Interrupted waiting to refresh disk information: sleep interrupted
2019-08-22 20:33:57,861 [refreshUsed-/workdir/hadoop-ozone/integration-test/target/test-dir/MiniOzoneClusterImpl-28bedab5-a7b6-4439-aa5a-0da14b59fc38/datanode-3/data/containers] WARN  fs.CachingGetSpaceUsed (CachingGetSpaceUsed.java:run(183)) - Thread Interrupted waiting to refresh disk information: sleep interrupted
2019-08-22 20:33:57,879 [ForkJoinPool.commonPool-worker-0] INFO  statemachine.DatanodeStateMachine (DatanodeStateMachine.java:stopDaemon(395)) - Ozone container server stopped.
2019-08-22 20:33:57,881 [main] INFO  statemachine.DatanodeStateMachine (DatanodeStateMachine.java:stopDaemon(395)) - Ozone container server stopped.
2019-08-22 20:33:57,885 [ForkJoinPool.commonPool-worker-0] INFO  handler.ContextHandler (ContextHandler.java:doStop(910)) - Stopped o.e.j.w.WebAppContext@7048d039{/,null,UNAVAILABLE}{/hddsDatanode}
2019-08-22 20:33:57,885 [main] INFO  handler.ContextHandler (ContextHandler.java:doStop(910)) - Stopped o.e.j.w.WebAppContext@3d837af7{/,null,UNAVAILABLE}{/hddsDatanode}
2019-08-22 20:33:57,886 [ForkJoinPool.commonPool-worker-0] INFO  server.AbstractConnector (AbstractConnector.java:doStop(318)) - Stopped ServerConnector@1bff4b1f{HTTP/1.1,[http/1.1]}{0.0.0.0:0}
2019-08-22 20:33:57,886 [main] INFO  server.AbstractConnector (AbstractConnector.java:doStop(318)) - Stopped ServerConnector@446dc997{HTTP/1.1,[http/1.1]}{0.0.0.0:0}
2019-08-22 20:33:57,888 [ForkJoinPool.commonPool-worker-0] INFO  handler.ContextHandler (ContextHandler.java:doStop(910)) - Stopped o.e.j.s.ServletContextHandler@26c349fc{/static,jar:file:/home/user/.m2/repository/org/apache/hadoop/hadoop-hdds-container-service/0.5.0-SNAPSHOT/hadoop-hdds-container-service-0.5.0-SNAPSHOT.jar!/webapps/static,UNAVAILABLE}
2019-08-22 20:33:57,888 [main] INFO  handler.ContextHandler (ContextHandler.java:doStop(910)) - Stopped o.e.j.s.ServletContextHandler@1b3a1e42{/static,jar:file:/home/user/.m2/repository/org/apache/hadoop/hadoop-hdds-container-service/0.5.0-SNAPSHOT/hadoop-hdds-container-service-0.5.0-SNAPSHOT.jar!/webapps/static,UNAVAILABLE}
2019-08-22 20:33:57,889 [ForkJoinPool.commonPool-worker-0] INFO  handler.ContextHandler (ContextHandler.java:doStop(910)) - Stopped o.e.j.s.ServletContextHandler@644f033d{/logs,file:///workdir/hadoop-ozone/integration-test/target/log,UNAVAILABLE}
2019-08-22 20:33:57,890 [main] INFO  handler.ContextHandler (ContextHandler.java:doStop(910)) - Stopped o.e.j.s.ServletContextHandler@2b3ac26d{/logs,file:///workdir/hadoop-ozone/integration-test/target/log,UNAVAILABLE}
2019-08-22 20:33:57,891 [main] INFO  datanode.ObjectStoreHandler (ObjectStoreHandler.java:close(155)) - Closing ObjectStoreHandler.
2019-08-22 20:33:57,891 [ForkJoinPool.commonPool-worker-0] INFO  datanode.ObjectStoreHandler (ObjectStoreHandler.java:close(155)) - Closing ObjectStoreHandler.
2019-08-22 20:33:57,892 [ForkJoinPool.commonPool-worker-0] INFO  ozone.HddsDatanodeService (HddsDatanodeService.java:stop(451)) - Stopped plug-in org.apache.hadoop.ozone.web.OzoneHddsDatanodeService@2f6fcc70
2019-08-22 20:33:57,892 [main] INFO  ozone.HddsDatanodeService (HddsDatanodeService.java:stop(451)) - Stopped plug-in org.apache.hadoop.ozone.web.OzoneHddsDatanodeService@2296ed0d
2019-08-22 20:33:58,306 [Datanode State Machine Thread - 0] INFO  statemachine.DatanodeStateMachine (DatanodeStateMachine.java:lambda$startDaemon$0(350)) - Ozone container server started.
2019-08-22 20:33:58,389 [Datanode State Machine Thread - 0] INFO  statemachine.DatanodeStateMachine (DatanodeStateMachine.java:lambda$startDaemon$0(350)) - Ozone container server started.
2019-08-22 20:34:02,408 [EventQueue-StaleNodeForStaleNodeHandler] INFO  node.StaleNodeHandler (StaleNodeHandler.java:onMessage(58)) - Datanode e88b764d-cc09-4ebb-b6a7-9b0a83937be8{ip: 192.168.5.154, host: pr-hdds-1975-8q6qf-1339330341, networkLocation: /default-rack, certSerialId: null} moved to stale state. Finalizing its pipelines [PipelineID=9c2383e0-b030-424d-97ca-5a29b531b60d]
2019-08-22 20:34:02,408 [EventQueue-StaleNodeForStaleNodeHandler] INFO  pipeline.SCMPipelineManager (SCMPipelineManager.java:finalizeAndDestroyPipeline(309)) - destroying pipeline:Pipeline[ Id: 9c2383e0-b030-424d-97ca-5a29b531b60d, Nodes: e88b764d-cc09-4ebb-b6a7-9b0a83937be8{ip: 192.168.5.154, host: pr-hdds-1975-8q6qf-1339330341, networkLocation: /default-rack, certSerialId: null}, Type:RATIS, Factor:ONE, State:OPEN]
2019-08-22 20:34:02,408 [EventQueue-StaleNodeForStaleNodeHandler] INFO  pipeline.PipelineStateManager (PipelineStateManager.java:finalizePipeline(123)) - Pipeline Pipeline[ Id: 9c2383e0-b030-424d-97ca-5a29b531b60d, Nodes: e88b764d-cc09-4ebb-b6a7-9b0a83937be8{ip: 192.168.5.154, host: pr-hdds-1975-8q6qf-1339330341, networkLocation: /default-rack, certSerialId: null}, Type:RATIS, Factor:ONE, State:CLOSED] moved to CLOSED state
2019-08-22 20:34:02,409 [EventQueue-StaleNodeForStaleNodeHandler] INFO  node.StaleNodeHandler (StaleNodeHandler.java:onMessage(58)) - Datanode a6344601-8d29-48c8-ae6d-e0943ca3f389{ip: 192.168.5.154, host: pr-hdds-1975-8q6qf-1339330341, networkLocation: /default-rack, certSerialId: null} moved to stale state. Finalizing its pipelines [PipelineID=bb9083b3-f1e8-437c-a7dc-26c44d242ad3, PipelineID=f7cdeac1-0106-4cfe-ac20-b7f8f62c1479]
2019-08-22 20:34:02,409 [EventQueue-StaleNodeForStaleNodeHandler] INFO  pipeline.SCMPipelineManager (SCMPipelineManager.java:finalizeAndDestroyPipeline(309)) - destroying pipeline:Pipeline[ Id: bb9083b3-f1e8-437c-a7dc-26c44d242ad3, Nodes: ccbe46ac-8be0-4969-adcf-2e9221e70c85{ip: 192.168.5.154, host: pr-hdds-1975-8q6qf-1339330341, networkLocation: /default-rack, certSerialId: null}a6344601-8d29-48c8-ae6d-e0943ca3f389{ip: 192.168.5.154, host: pr-hdds-1975-8q6qf-1339330341, networkLocation: /default-rack, certSerialId: null}b57f6041-151b-43d9-b1c6-c87944b8f8b5{ip: 192.168.5.154, host: pr-hdds-1975-8q6qf-1339330341, networkLocation: /default-rack, certSerialId: null}, Type:RATIS, Factor:THREE, State:CLOSED]
2019-08-22 20:34:02,409 [EventQueue-StaleNodeForStaleNodeHandler] INFO  pipeline.SCMPipelineManager (SCMPipelineManager.java:finalizeAndDestroyPipeline(309)) - destroying pipeline:Pipeline[ Id: f7cdeac1-0106-4cfe-ac20-b7f8f62c1479, Nodes: a6344601-8d29-48c8-ae6d-e0943ca3f389{ip: 192.168.5.154, host: pr-hdds-1975-8q6qf-1339330341, networkLocation: /default-rack, certSerialId: null}, Type:RATIS, Factor:ONE, State:OPEN]
2019-08-22 20:34:02,409 [EventQueue-StaleNodeForStaleNodeHandler] INFO  pipeline.PipelineStateManager (PipelineStateManager.java:finalizePipeline(123)) - Pipeline Pipeline[ Id: f7cdeac1-0106-4cfe-ac20-b7f8f62c1479, Nodes: a6344601-8d29-48c8-ae6d-e0943ca3f389{ip: 192.168.5.154, host: pr-hdds-1975-8q6qf-1339330341, networkLocation: /default-rack, certSerialId: null}, Type:RATIS, Factor:ONE, State:CLOSED] moved to CLOSED state
2019-08-22 20:34:02,892 [ForkJoinPool.commonPool-worker-0] INFO  ozoneimpl.OzoneContainer (OzoneContainer.java:stop(199)) - Attempting to stop container services.
2019-08-22 20:34:02,892 [main] INFO  ozoneimpl.OzoneContainer (OzoneContainer.java:stop(199)) - Attempting to stop container services.
2019-08-22 20:34:02,893 [ForkJoinPool.commonPool-worker-0] INFO  impl.RaftServerProxy (RaftServerProxy.java:lambda$close$4(314)) - e88b764d-cc09-4ebb-b6a7-9b0a83937be8: close
2019-08-22 20:34:02,893 [main] INFO  impl.RaftServerProxy (RaftServerProxy.java:lambda$close$4(314)) - a6344601-8d29-48c8-ae6d-e0943ca3f389: close
2019-08-22 20:34:02,894 [ForkJoinPool.commonPool-worker-0] INFO  impl.RaftServerImpl (RaftServerImpl.java:lambda$shutdown$3(245)) - e88b764d-cc09-4ebb-b6a7-9b0a83937be8: shutdown group-5A29B531B60D
2019-08-22 20:34:02,894 [main] INFO  impl.RaftServerImpl (RaftServerImpl.java:lambda$shutdown$3(245)) - a6344601-8d29-48c8-ae6d-e0943ca3f389: shutdown group-26C44D242AD3
2019-08-22 20:34:02,894 [ForkJoinPool.commonPool-worker-0] INFO  util.JmxRegister (JmxRegister.java:unregister(73)) - Successfully un-registered JMX Bean with object name Ratis:service=RaftServer,group=group-5A29B531B60D,id=e88b764d-cc09-4ebb-b6a7-9b0a83937be8
2019-08-22 20:34:02,895 [main] INFO  util.JmxRegister (JmxRegister.java:unregister(73)) - Successfully un-registered JMX Bean with object name Ratis:service=RaftServer,group=group-26C44D242AD3,id=a6344601-8d29-48c8-ae6d-e0943ca3f389
2019-08-22 20:34:02,895 [ForkJoinPool.commonPool-worker-0] INFO  impl.RoleInfo (RoleInfo.java:shutdownLeaderState(104)) - e88b764d-cc09-4ebb-b6a7-9b0a83937be8: shutdown LeaderState
2019-08-22 20:34:02,895 [main] INFO  impl.RoleInfo (RoleInfo.java:shutdownFollowerState(121)) - a6344601-8d29-48c8-ae6d-e0943ca3f389: shutdown FollowerState
2019-08-22 20:34:02,896 [ForkJoinPool.commonPool-worker-0] INFO  impl.PendingRequests (PendingRequests.java:sendNotLeaderResponses(202)) - e88b764d-cc09-4ebb-b6a7-9b0a83937be8-PendingRequests: sendNotLeaderResponses
2019-08-22 20:34:02,896 [StateMachineUpdater:a6344601-8d29-48c8-ae6d-e0943ca3f389:group-26C44D242AD3] INFO  ratis.ContainerStateMachine (ContainerStateMachine.java:takeSnapshot(283)) - group-26C44D242AD3: Taking a snapshot at:(t:1, i:14) file /workdir/hadoop-ozone/integration-test/target/test-dir/MiniOzoneClusterImpl-28bedab5-a7b6-4439-aa5a-0da14b59fc38/datanode-5/data/ratis/bb9083b3-f1e8-437c-a7dc-26c44d242ad3/sm/snapshot.1_14
2019-08-22 20:34:02,896 [Thread-3403] INFO  impl.FollowerState (FollowerState.java:run(114)) - a6344601-8d29-48c8-ae6d-e0943ca3f389: FollowerState was interrupted: java.lang.InterruptedException: sleep interrupted
2019-08-22 20:34:02,896 [main] INFO  impl.StateMachineUpdater (StateMachineUpdater.java:stopAndJoin(115)) - StateMachineUpdater:a6344601-8d29-48c8-ae6d-e0943ca3f389:group-26C44D242AD3: set stopIndex = 16
2019-08-22 20:34:02,897 [ForkJoinPool.commonPool-worker-0] INFO  impl.StateMachineUpdater (StateMachineUpdater.java:stopAndJoin(115)) - StateMachineUpdater:e88b764d-cc09-4ebb-b6a7-9b0a83937be8:group-5A29B531B60D: set stopIndex = 0
2019-08-22 20:34:02,900 [ForkJoinPool.commonPool-worker-0] INFO  impl.RaftServerImpl (ServerState.java:close(394)) - e88b764d-cc09-4ebb-b6a7-9b0a83937be8:group-5A29B531B60D closes. The last applied log index is 0
2019-08-22 20:34:02,900 [e88b764d-cc09-4ebb-b6a7-9b0a83937be8-SegmentedRaftLogWorker:Storage Directory /workdir/hadoop-ozone/integration-test/target/test-dir/MiniOzoneClusterImpl-28bedab5-a7b6-4439-aa5a-0da14b59fc38/datanode-6/data/ratis/9c2383e0-b030-424d-97ca-5a29b531b60d] INFO  segmented.SegmentedRaftLogWorker (SegmentedRaftLogWorker.java:run(313)) - e88b764d-cc09-4ebb-b6a7-9b0a83937be8-SegmentedRaftLogWorker:Storage Directory /workdir/hadoop-ozone/integration-test/target/test-dir/MiniOzoneClusterImpl-28bedab5-a7b6-4439-aa5a-0da14b59fc38/datanode-6/data/ratis/9c2383e0-b030-424d-97ca-5a29b531b60d was interrupted, exiting. There are 0 tasks remaining in the queue.
2019-08-22 20:34:02,909 [ForkJoinPool.commonPool-worker-0] INFO  segmented.SegmentedRaftLogWorker (SegmentedRaftLogWorker.java:close(228)) - e88b764d-cc09-4ebb-b6a7-9b0a83937be8-SegmentedRaftLogWorker:Storage Directory /workdir/hadoop-ozone/integration-test/target/test-dir/MiniOzoneClusterImpl-28bedab5-a7b6-4439-aa5a-0da14b59fc38/datanode-6/data/ratis/9c2383e0-b030-424d-97ca-5a29b531b60d close()
2019-08-22 20:34:02,911 [ForkJoinPool.commonPool-worker-0] INFO  server.GrpcService (GrpcService.java:closeImpl(155)) - e88b764d-cc09-4ebb-b6a7-9b0a83937be8: shutdown server with port 36121 now
2019-08-22 20:34:02,917 [StateMachineUpdater:a6344601-8d29-48c8-ae6d-e0943ca3f389:group-26C44D242AD3] INFO  ratis.ContainerStateMachine (ContainerStateMachine.java:takeSnapshot(294)) - group-26C44D242AD3: Finished taking a snapshot at:(t:1, i:14) file:/workdir/hadoop-ozone/integration-test/target/test-dir/MiniOzoneClusterImpl-28bedab5-a7b6-4439-aa5a-0da14b59fc38/datanode-5/data/ratis/bb9083b3-f1e8-437c-a7dc-26c44d242ad3/sm/snapshot.1_14 time:21
2019-08-22 20:34:02,917 [ForkJoinPool.commonPool-worker-0] INFO  server.GrpcService (GrpcService.java:closeImpl(163)) - e88b764d-cc09-4ebb-b6a7-9b0a83937be8: shutdown server with port 36121 successfully
2019-08-22 20:34:02,917 [StateMachineUpdater:a6344601-8d29-48c8-ae6d-e0943ca3f389:group-26C44D242AD3] INFO  impl.StateMachineUpdater (StateMachineUpdater.java:takeSnapshot(242)) - StateMachineUpdater:a6344601-8d29-48c8-ae6d-e0943ca3f389:group-26C44D242AD3: Took a snapshot at index 14
2019-08-22 20:34:02,918 [StateMachineUpdater:a6344601-8d29-48c8-ae6d-e0943ca3f389:group-26C44D242AD3] INFO  impl.StateMachineUpdater (StateMachineUpdater.java:lambda$new$0(80)) - StateMachineUpdater:a6344601-8d29-48c8-ae6d-e0943ca3f389:group-26C44D242AD3: snapshotIndex: updateIncreasingly -1 -> 14
2019-08-22 20:34:02,918 [main] INFO  impl.RaftServerImpl (ServerState.java:close(394)) - a6344601-8d29-48c8-ae6d-e0943ca3f389:group-26C44D242AD3 closes. The last applied log index is 16
2019-08-22 20:34:02,919 [ForkJoinPool.commonPool-worker-0] INFO  utils.BackgroundService (BackgroundService.java:shutdown(148)) - Shutting down service BlockDeletingService
2019-08-22 20:34:02,921 [a6344601-8d29-48c8-ae6d-e0943ca3f389-SegmentedRaftLogWorker:Storage Directory /workdir/hadoop-ozone/integration-test/target/test-dir/MiniOzoneClusterImpl-28bedab5-a7b6-4439-aa5a-0da14b59fc38/datanode-5/data/ratis/bb9083b3-f1e8-437c-a7dc-26c44d242ad3] INFO  segmented.SegmentedRaftLogWorker (SegmentedRaftLogWorker.java:run(313)) - a6344601-8d29-48c8-ae6d-e0943ca3f389-SegmentedRaftLogWorker:Storage Directory /workdir/hadoop-ozone/integration-test/target/test-dir/MiniOzoneClusterImpl-28bedab5-a7b6-4439-aa5a-0da14b59fc38/datanode-5/data/ratis/bb9083b3-f1e8-437c-a7dc-26c44d242ad3 was interrupted, exiting. There are 0 tasks remaining in the queue.
2019-08-22 20:34:02,921 [refreshUsed-/workdir/hadoop-ozone/integration-test/target/test-dir/MiniOzoneClusterImpl-28bedab5-a7b6-4439-aa5a-0da14b59fc38/datanode-6/data/containers] WARN  fs.CachingGetSpaceUsed (CachingGetSpaceUsed.java:run(183)) - Thread Interrupted waiting to refresh disk information: sleep interrupted
2019-08-22 20:34:02,921 [main] INFO  segmented.SegmentedRaftLogWorker (SegmentedRaftLogWorker.java:close(228)) - a6344601-8d29-48c8-ae6d-e0943ca3f389-SegmentedRaftLogWorker:Storage Directory /workdir/hadoop-ozone/integration-test/target/test-dir/MiniOzoneClusterImpl-28bedab5-a7b6-4439-aa5a-0da14b59fc38/datanode-5/data/ratis/bb9083b3-f1e8-437c-a7dc-26c44d242ad3 close()
2019-08-22 20:34:02,924 [main] INFO  impl.RaftServerImpl (RaftServerImpl.java:lambda$shutdown$3(245)) - a6344601-8d29-48c8-ae6d-e0943ca3f389: shutdown group-B7F8F62C1479
2019-08-22 20:34:02,925 [main] INFO  util.JmxRegister (JmxRegister.java:unregister(73)) - Successfully un-registered JMX Bean with object name Ratis:service=RaftServer,group=group-B7F8F62C1479,id=a6344601-8d29-48c8-ae6d-e0943ca3f389
2019-08-22 20:34:02,926 [main] INFO  impl.RoleInfo (RoleInfo.java:shutdownLeaderState(104)) - a6344601-8d29-48c8-ae6d-e0943ca3f389: shutdown LeaderState
2019-08-22 20:34:02,926 [main] INFO  impl.PendingRequests (PendingRequests.java:sendNotLeaderResponses(202)) - a6344601-8d29-48c8-ae6d-e0943ca3f389-PendingRequests: sendNotLeaderResponses
2019-08-22 20:34:02,928 [main] INFO  impl.StateMachineUpdater (StateMachineUpdater.java:stopAndJoin(115)) - StateMachineUpdater:a6344601-8d29-48c8-ae6d-e0943ca3f389:group-B7F8F62C1479: set stopIndex = 0
2019-08-22 20:34:02,929 [main] INFO  impl.RaftServerImpl (ServerState.java:close(394)) - a6344601-8d29-48c8-ae6d-e0943ca3f389:group-B7F8F62C1479 closes. The last applied log index is 0
2019-08-22 20:34:02,929 [a6344601-8d29-48c8-ae6d-e0943ca3f389-SegmentedRaftLogWorker:Storage Directory /workdir/hadoop-ozone/integration-test/target/test-dir/MiniOzoneClusterImpl-28bedab5-a7b6-4439-aa5a-0da14b59fc38/datanode-5/data/ratis/f7cdeac1-0106-4cfe-ac20-b7f8f62c1479] INFO  segmented.SegmentedRaftLogWorker (SegmentedRaftLogWorker.java:run(313)) - a6344601-8d29-48c8-ae6d-e0943ca3f389-SegmentedRaftLogWorker:Storage Directory /workdir/hadoop-ozone/integration-test/target/test-dir/MiniOzoneClusterImpl-28bedab5-a7b6-4439-aa5a-0da14b59fc38/datanode-5/data/ratis/f7cdeac1-0106-4cfe-ac20-b7f8f62c1479 was interrupted, exiting. There are 0 tasks remaining in the queue.
2019-08-22 20:34:02,929 [main] INFO  segmented.SegmentedRaftLogWorker (SegmentedRaftLogWorker.java:close(228)) - a6344601-8d29-48c8-ae6d-e0943ca3f389-SegmentedRaftLogWorker:Storage Directory /workdir/hadoop-ozone/integration-test/target/test-dir/MiniOzoneClusterImpl-28bedab5-a7b6-4439-aa5a-0da14b59fc38/datanode-5/data/ratis/f7cdeac1-0106-4cfe-ac20-b7f8f62c1479 close()
2019-08-22 20:34:02,931 [main] INFO  server.GrpcService (GrpcService.java:closeImpl(155)) - a6344601-8d29-48c8-ae6d-e0943ca3f389: shutdown server with port 32777 now
2019-08-22 20:34:02,931 [main] INFO  server.GrpcService (GrpcService.java:closeImpl(163)) - a6344601-8d29-48c8-ae6d-e0943ca3f389: shutdown server with port 32777 successfully
2019-08-22 20:34:02,934 [main] INFO  utils.BackgroundService (BackgroundService.java:shutdown(148)) - Shutting down service BlockDeletingService
2019-08-22 20:34:02,938 [refreshUsed-/workdir/hadoop-ozone/integration-test/target/test-dir/MiniOzoneClusterImpl-28bedab5-a7b6-4439-aa5a-0da14b59fc38/datanode-5/data/containers] WARN  fs.CachingGetSpaceUsed (CachingGetSpaceUsed.java:run(183)) - Thread Interrupted waiting to refresh disk information: sleep interrupted
2019-08-22 20:34:02,950 [ForkJoinPool.commonPool-worker-0] INFO  statemachine.DatanodeStateMachine (DatanodeStateMachine.java:stopDaemon(395)) - Ozone container server stopped.
2019-08-22 20:34:02,954 [main] INFO  statemachine.DatanodeStateMachine (DatanodeStateMachine.java:stopDaemon(395)) - Ozone container server stopped.
2019-08-22 20:34:02,956 [ForkJoinPool.commonPool-worker-0] INFO  handler.ContextHandler (ContextHandler.java:doStop(910)) - Stopped o.e.j.w.WebAppContext@69497a36{/,null,UNAVAILABLE}{/hddsDatanode}
2019-08-22 20:34:02,956 [main] INFO  handler.ContextHandler (ContextHandler.java:doStop(910)) - Stopped o.e.j.w.WebAppContext@f1b0658{/,null,UNAVAILABLE}{/hddsDatanode}
2019-08-22 20:34:02,957 [ForkJoinPool.commonPool-worker-0] INFO  server.AbstractConnector (AbstractConnector.java:doStop(318)) - Stopped ServerConnector@497f8a4b{HTTP/1.1,[http/1.1]}{0.0.0.0:0}
2019-08-22 20:34:02,959 [ForkJoinPool.commonPool-worker-0] INFO  handler.ContextHandler (ContextHandler.java:doStop(910)) - Stopped o.e.j.s.ServletContextHandler@6d598162{/static,jar:file:/home/user/.m2/repository/org/apache/hadoop/hadoop-hdds-container-service/0.5.0-SNAPSHOT/hadoop-hdds-container-service-0.5.0-SNAPSHOT.jar!/webapps/static,UNAVAILABLE}
2019-08-22 20:34:02,959 [main] INFO  server.AbstractConnector (AbstractConnector.java:doStop(318)) - Stopped ServerConnector@4870d2e1{HTTP/1.1,[http/1.1]}{0.0.0.0:0}
2019-08-22 20:34:02,960 [ForkJoinPool.commonPool-worker-0] INFO  handler.ContextHandler (ContextHandler.java:doStop(910)) - Stopped o.e.j.s.ServletContextHandler@16c559c7{/logs,file:///workdir/hadoop-ozone/integration-test/target/log,UNAVAILABLE}
2019-08-22 20:34:02,961 [main] INFO  handler.ContextHandler (ContextHandler.java:doStop(910)) - Stopped o.e.j.s.ServletContextHandler@7abeaed0{/static,jar:file:/home/user/.m2/repository/org/apache/hadoop/hadoop-hdds-container-service/0.5.0-SNAPSHOT/hadoop-hdds-container-service-0.5.0-SNAPSHOT.jar!/webapps/static,UNAVAILABLE}
2019-08-22 20:34:02,961 [main] INFO  handler.ContextHandler (ContextHandler.java:doStop(910)) - Stopped o.e.j.s.ServletContextHandler@65402e26{/logs,file:///workdir/hadoop-ozone/integration-test/target/log,UNAVAILABLE}
2019-08-22 20:34:02,963 [main] INFO  ozone.MiniOzoneClusterImpl (MiniOzoneClusterImpl.java:stop(353)) - Stopping the StorageContainerManager
2019-08-22 20:34:02,963 [main] INFO  server.StorageContainerManager (StorageContainerManager.java:stop(797)) - Stopping Replication Manager Service.
2019-08-22 20:34:02,963 [main] INFO  container.ReplicationManager (ReplicationManager.java:stop(193)) - Stopping Replication Monitor Thread.
2019-08-22 20:34:02,963 [main] INFO  server.StorageContainerManager (StorageContainerManager.java:stop(804)) - Stopping Lease Manager of the command watchers
2019-08-22 20:34:02,963 [main] INFO  server.StorageContainerManager (StorageContainerManager.java:stop(811)) - Stopping datanode service RPC server
2019-08-22 20:34:02,964 [main] INFO  server.SCMDatanodeProtocolServer (SCMDatanodeProtocolServer.java:stop(367)) - Stopping the RPC server for DataNodes
2019-08-22 20:34:02,964 [main] INFO  ipc.Server (Server.java:stop(3082)) - Stopping server on 33988
2019-08-22 20:34:02,965 [IPC Server listener on 33988] INFO  ipc.Server (Server.java:run(1185)) - Stopping IPC Server listener on 33988
2019-08-22 20:34:02,967 [IPC Server Responder] INFO  ipc.Server (Server.java:run(1319)) - Stopping IPC Server Responder
2019-08-22 20:34:03,009 [SCM Heartbeat Processing Thread - 0] WARN  node.NodeStateManager (NodeStateManager.java:scheduleNextHealthCheck(646)) - Current Thread is interrupted, shutting down HB processing thread for Node Manager.
2019-08-22 20:34:03,009 [main] INFO  server.StorageContainerManager (StorageContainerManager.java:stop(819)) - Stopping block service RPC server
2019-08-22 20:34:03,009 [main] INFO  server.SCMBlockProtocolServer (SCMBlockProtocolServer.java:stop(148)) - Stopping the RPC server for Block Protocol
2019-08-22 20:34:03,010 [main] INFO  ipc.Server (Server.java:stop(3082)) - Stopping server on 36780
2019-08-22 20:34:03,011 [IPC Server listener on 36780] INFO  ipc.Server (Server.java:run(1185)) - Stopping IPC Server listener on 36780
2019-08-22 20:34:03,011 [main] INFO  server.StorageContainerManager (StorageContainerManager.java:stop(826)) - Stopping the StorageContainerLocationProtocol RPC server
2019-08-22 20:34:03,012 [main] INFO  server.SCMClientProtocolServer (SCMClientProtocolServer.java:stop(159)) - Stopping the RPC server for Client Protocol
2019-08-22 20:34:03,013 [main] INFO  ipc.Server (Server.java:stop(3082)) - Stopping server on 44772
2019-08-22 20:34:03,012 [IPC Server Responder] INFO  ipc.Server (Server.java:run(1319)) - Stopping IPC Server Responder
2019-08-22 20:34:03,014 [IPC Server listener on 44772] INFO  ipc.Server (Server.java:run(1185)) - Stopping IPC Server listener on 44772
2019-08-22 20:34:03,015 [main] INFO  server.StorageContainerManager (StorageContainerManager.java:stop(833)) - Stopping Storage Container Manager HTTP server.
2019-08-22 20:34:03,016 [IPC Server Responder] INFO  ipc.Server (Server.java:run(1319)) - Stopping IPC Server Responder
2019-08-22 20:34:03,018 [main] INFO  handler.ContextHandler (ContextHandler.java:doStop(910)) - Stopped o.e.j.w.WebAppContext@c725dfa{/,null,UNAVAILABLE}{/scm}
2019-08-22 20:34:03,018 [main] INFO  server.AbstractConnector (AbstractConnector.java:doStop(318)) - Stopped ServerConnector@3a8cc099{HTTP/1.1,[http/1.1]}{0.0.0.0:0}
2019-08-22 20:34:03,018 [main] INFO  handler.ContextHandler (ContextHandler.java:doStop(910)) - Stopped o.e.j.s.ServletContextHandler@36b2b6e6{/static,file:///workdir/hadoop-ozone/integration-test/target/test-classes/webapps/static,UNAVAILABLE}
2019-08-22 20:34:03,019 [main] INFO  handler.ContextHandler (ContextHandler.java:doStop(910)) - Stopped o.e.j.s.ServletContextHandler@57e35236{/logs,file:///workdir/hadoop-ozone/integration-test/target/log,UNAVAILABLE}
2019-08-22 20:34:03,020 [main] INFO  server.StorageContainerManager (StorageContainerManager.java:stop(844)) - Stopping Block Manager Service.
2019-08-22 20:34:03,020 [main] INFO  utils.BackgroundService (BackgroundService.java:shutdown(148)) - Shutting down service SCMBlockDeletingService
2019-08-22 20:34:03,020 [main] INFO  utils.BackgroundService (BackgroundService.java:shutdown(148)) - Shutting down service SCMBlockDeletingService
2019-08-22 20:34:03,021 [main] INFO  server.StorageContainerManager (StorageContainerManager.java:stop(866)) - Stopping SCM Event Queue.
2019-08-22 20:34:03,025 [main] INFO  impl.MetricsSystemImpl (MetricsSystemImpl.java:stop(210)) - Stopping HddsDatanode metrics system...
2019-08-22 20:34:03,038 [main] INFO  impl.MetricsSystemImpl (MetricsSystemImpl.java:stop(216)) - HddsDatanode metrics system stopped.
]]></system-out>
    <system-err><![CDATA[Aug 22, 2019 8:33:21 PM com.sun.jersey.server.impl.application.WebApplicationImpl _initiate
INFO: Initiating Jersey application, version 'Jersey: 1.19 02/11/2015 03:25 AM'
Aug 22, 2019 8:33:21 PM com.sun.jersey.server.impl.application.WebApplicationImpl _initiate
INFO: Initiating Jersey application, version 'Jersey: 1.19 02/11/2015 03:25 AM'
Aug 22, 2019 8:33:22 PM com.sun.jersey.server.impl.application.WebApplicationImpl _initiate
INFO: Initiating Jersey application, version 'Jersey: 1.19 02/11/2015 03:25 AM'
Aug 22, 2019 8:33:22 PM com.sun.jersey.server.impl.application.WebApplicationImpl _initiate
INFO: Initiating Jersey application, version 'Jersey: 1.19 02/11/2015 03:25 AM'
Aug 22, 2019 8:33:22 PM com.sun.jersey.server.impl.application.WebApplicationImpl _initiate
INFO: Initiating Jersey application, version 'Jersey: 1.19 02/11/2015 03:25 AM'
Aug 22, 2019 8:33:22 PM com.sun.jersey.server.impl.application.WebApplicationImpl _initiate
INFO: Initiating Jersey application, version 'Jersey: 1.19 02/11/2015 03:25 AM'
Aug 22, 2019 8:33:23 PM com.sun.jersey.server.impl.application.WebApplicationImpl _initiate
INFO: Initiating Jersey application, version 'Jersey: 1.19 02/11/2015 03:25 AM'
Aug 22, 2019 8:33:25 PM org.apache.ratis.thirdparty.io.grpc.internal.ManagedChannelOrphanWrapper$ManagedChannelReference cleanQueue
SEVERE: *~*~*~ Channel ManagedChannelImpl{logId=2637, target=192.168.5.154:46421} was not shutdown properly!!! ~*~*~*
    Make sure to call shutdown()/shutdownNow() and wait until awaitTermination() returns true.
java.lang.RuntimeException: ManagedChannel allocation site
	at org.apache.ratis.thirdparty.io.grpc.internal.ManagedChannelOrphanWrapper$ManagedChannelReference.<init>(ManagedChannelOrphanWrapper.java:103)
	at org.apache.ratis.thirdparty.io.grpc.internal.ManagedChannelOrphanWrapper.<init>(ManagedChannelOrphanWrapper.java:53)
	at org.apache.ratis.thirdparty.io.grpc.internal.ManagedChannelOrphanWrapper.<init>(ManagedChannelOrphanWrapper.java:44)
	at org.apache.ratis.thirdparty.io.grpc.internal.AbstractManagedChannelImplBuilder.build(AbstractManagedChannelImplBuilder.java:411)
	at org.apache.hadoop.hdds.scm.XceiverClientGrpc.connectToDatanode(XceiverClientGrpc.java:174)
	at org.apache.hadoop.hdds.scm.XceiverClientGrpc.reconnect(XceiverClientGrpc.java:422)
	at org.apache.hadoop.hdds.scm.XceiverClientGrpc.sendCommandAsync(XceiverClientGrpc.java:371)
	at org.apache.hadoop.hdds.scm.XceiverClientGrpc.sendCommandWithRetry(XceiverClientGrpc.java:284)
	at org.apache.hadoop.hdds.scm.XceiverClientGrpc.sendCommandWithTraceIDAndRetry(XceiverClientGrpc.java:250)
	at org.apache.hadoop.hdds.scm.XceiverClientGrpc.sendCommand(XceiverClientGrpc.java:233)
	at org.apache.hadoop.hdds.scm.storage.ContainerProtocolCalls.getBlock(ContainerProtocolCalls.java:118)
	at org.apache.hadoop.hdds.scm.storage.BlockInputStream.getChunkInfos(BlockInputStream.java:167)
	at org.apache.hadoop.hdds.scm.storage.BlockInputStream.initialize(BlockInputStream.java:118)
	at org.apache.hadoop.hdds.scm.storage.BlockInputStream.read(BlockInputStream.java:222)
	at org.apache.hadoop.ozone.client.io.KeyInputStream.read(KeyInputStream.java:171)
	at org.apache.hadoop.ozone.client.io.OzoneInputStream.read(OzoneInputStream.java:47)
	at java.io.InputStream.read(InputStream.java:101)
	at org.apache.hadoop.ozone.container.ContainerTestHelper.validateData(ContainerTestHelper.java:713)
	at org.apache.hadoop.ozone.client.rpc.TestBlockOutputStreamWithFailures.validateData(TestBlockOutputStreamWithFailures.java:1216)
	at org.apache.hadoop.ozone.client.rpc.TestBlockOutputStreamWithFailures.testWatchForCommitWithSingleNodeRatis(TestBlockOutputStreamWithFailures.java:918)
	at sun.reflect.NativeMethodAccessorImpl.invoke0(Native Method)
	at sun.reflect.NativeMethodAccessorImpl.invoke(NativeMethodAccessorImpl.java:62)
	at sun.reflect.DelegatingMethodAccessorImpl.invoke(DelegatingMethodAccessorImpl.java:43)
	at java.lang.reflect.Method.invoke(Method.java:498)
	at org.junit.runners.model.FrameworkMethod$1.runReflectiveCall(FrameworkMethod.java:47)
	at org.junit.internal.runners.model.ReflectiveCallable.run(ReflectiveCallable.java:12)
	at org.junit.runners.model.FrameworkMethod.invokeExplosively(FrameworkMethod.java:44)
	at org.junit.internal.runners.statements.InvokeMethod.evaluate(InvokeMethod.java:17)
	at org.junit.internal.runners.statements.RunBefores.evaluate(RunBefores.java:26)
	at org.junit.internal.runners.statements.RunAfters.evaluate(RunAfters.java:27)
	at org.junit.runners.ParentRunner.runLeaf(ParentRunner.java:271)
	at org.junit.runners.BlockJUnit4ClassRunner.runChild(BlockJUnit4ClassRunner.java:70)
	at org.junit.runners.BlockJUnit4ClassRunner.runChild(BlockJUnit4ClassRunner.java:50)
	at org.junit.runners.ParentRunner$3.run(ParentRunner.java:238)
	at org.junit.runners.ParentRunner$1.schedule(ParentRunner.java:63)
	at org.junit.runners.ParentRunner.runChildren(ParentRunner.java:236)
	at org.junit.runners.ParentRunner.access$000(ParentRunner.java:53)
	at org.junit.runners.ParentRunner$2.evaluate(ParentRunner.java:229)
	at org.junit.runners.ParentRunner.run(ParentRunner.java:309)
	at org.apache.maven.surefire.junit4.JUnit4Provider.execute(JUnit4Provider.java:365)
	at org.apache.maven.surefire.junit4.JUnit4Provider.executeWithRerun(JUnit4Provider.java:273)
	at org.apache.maven.surefire.junit4.JUnit4Provider.executeTestSet(JUnit4Provider.java:238)
	at org.apache.maven.surefire.junit4.JUnit4Provider.invoke(JUnit4Provider.java:159)
	at org.apache.maven.surefire.booter.ForkedBooter.invokeProviderInSameClassLoader(ForkedBooter.java:384)
	at org.apache.maven.surefire.booter.ForkedBooter.runSuitesInProcess(ForkedBooter.java:345)
	at org.apache.maven.surefire.booter.ForkedBooter.execute(ForkedBooter.java:126)
	at org.apache.maven.surefire.booter.ForkedBooter.main(ForkedBooter.java:418)

Aug 22, 2019 8:33:25 PM org.apache.ratis.thirdparty.io.grpc.internal.ManagedChannelOrphanWrapper$ManagedChannelReference cleanQueue
SEVERE: *~*~*~ Channel ManagedChannelImpl{logId=2642, target=192.168.5.154:39417} was not shutdown properly!!! ~*~*~*
    Make sure to call shutdown()/shutdownNow() and wait until awaitTermination() returns true.
java.lang.RuntimeException: ManagedChannel allocation site
	at org.apache.ratis.thirdparty.io.grpc.internal.ManagedChannelOrphanWrapper$ManagedChannelReference.<init>(ManagedChannelOrphanWrapper.java:103)
	at org.apache.ratis.thirdparty.io.grpc.internal.ManagedChannelOrphanWrapper.<init>(ManagedChannelOrphanWrapper.java:53)
	at org.apache.ratis.thirdparty.io.grpc.internal.ManagedChannelOrphanWrapper.<init>(ManagedChannelOrphanWrapper.java:44)
	at org.apache.ratis.thirdparty.io.grpc.internal.AbstractManagedChannelImplBuilder.build(AbstractManagedChannelImplBuilder.java:411)
	at org.apache.hadoop.hdds.scm.XceiverClientGrpc.connectToDatanode(XceiverClientGrpc.java:174)
	at org.apache.hadoop.hdds.scm.XceiverClientGrpc.reconnect(XceiverClientGrpc.java:422)
	at org.apache.hadoop.hdds.scm.XceiverClientGrpc.sendCommandAsync(XceiverClientGrpc.java:371)
	at org.apache.hadoop.hdds.scm.XceiverClientGrpc.sendCommandWithRetry(XceiverClientGrpc.java:284)
	at org.apache.hadoop.hdds.scm.XceiverClientGrpc.sendCommandWithTraceIDAndRetry(XceiverClientGrpc.java:250)
	at org.apache.hadoop.hdds.scm.XceiverClientGrpc.sendCommand(XceiverClientGrpc.java:233)
	at org.apache.hadoop.hdds.scm.storage.ContainerProtocolCalls.getBlock(ContainerProtocolCalls.java:118)
	at org.apache.hadoop.hdds.scm.storage.BlockInputStream.getChunkInfos(BlockInputStream.java:167)
	at org.apache.hadoop.hdds.scm.storage.BlockInputStream.initialize(BlockInputStream.java:118)
	at org.apache.hadoop.hdds.scm.storage.BlockInputStream.read(BlockInputStream.java:222)
	at org.apache.hadoop.ozone.client.io.KeyInputStream.read(KeyInputStream.java:171)
	at org.apache.hadoop.ozone.client.io.OzoneInputStream.read(OzoneInputStream.java:47)
	at java.io.InputStream.read(InputStream.java:101)
	at org.apache.hadoop.ozone.container.ContainerTestHelper.validateData(ContainerTestHelper.java:713)
	at org.apache.hadoop.ozone.client.rpc.TestBlockOutputStreamWithFailures.validateData(TestBlockOutputStreamWithFailures.java:1216)
	at org.apache.hadoop.ozone.client.rpc.TestBlockOutputStreamWithFailures.testWatchForCommitWithSingleNodeRatis(TestBlockOutputStreamWithFailures.java:918)
	at sun.reflect.NativeMethodAccessorImpl.invoke0(Native Method)
	at sun.reflect.NativeMethodAccessorImpl.invoke(NativeMethodAccessorImpl.java:62)
	at sun.reflect.DelegatingMethodAccessorImpl.invoke(DelegatingMethodAccessorImpl.java:43)
	at java.lang.reflect.Method.invoke(Method.java:498)
	at org.junit.runners.model.FrameworkMethod$1.runReflectiveCall(FrameworkMethod.java:47)
	at org.junit.internal.runners.model.ReflectiveCallable.run(ReflectiveCallable.java:12)
	at org.junit.runners.model.FrameworkMethod.invokeExplosively(FrameworkMethod.java:44)
	at org.junit.internal.runners.statements.InvokeMethod.evaluate(InvokeMethod.java:17)
	at org.junit.internal.runners.statements.RunBefores.evaluate(RunBefores.java:26)
	at org.junit.internal.runners.statements.RunAfters.evaluate(RunAfters.java:27)
	at org.junit.runners.ParentRunner.runLeaf(ParentRunner.java:271)
	at org.junit.runners.BlockJUnit4ClassRunner.runChild(BlockJUnit4ClassRunner.java:70)
	at org.junit.runners.BlockJUnit4ClassRunner.runChild(BlockJUnit4ClassRunner.java:50)
	at org.junit.runners.ParentRunner$3.run(ParentRunner.java:238)
	at org.junit.runners.ParentRunner$1.schedule(ParentRunner.java:63)
	at org.junit.runners.ParentRunner.runChildren(ParentRunner.java:236)
	at org.junit.runners.ParentRunner.access$000(ParentRunner.java:53)
	at org.junit.runners.ParentRunner$2.evaluate(ParentRunner.java:229)
	at org.junit.runners.ParentRunner.run(ParentRunner.java:309)
	at org.apache.maven.surefire.junit4.JUnit4Provider.execute(JUnit4Provider.java:365)
	at org.apache.maven.surefire.junit4.JUnit4Provider.executeWithRerun(JUnit4Provider.java:273)
	at org.apache.maven.surefire.junit4.JUnit4Provider.executeTestSet(JUnit4Provider.java:238)
	at org.apache.maven.surefire.junit4.JUnit4Provider.invoke(JUnit4Provider.java:159)
	at org.apache.maven.surefire.booter.ForkedBooter.invokeProviderInSameClassLoader(ForkedBooter.java:384)
	at org.apache.maven.surefire.booter.ForkedBooter.runSuitesInProcess(ForkedBooter.java:345)
	at org.apache.maven.surefire.booter.ForkedBooter.execute(ForkedBooter.java:126)
	at org.apache.maven.surefire.booter.ForkedBooter.main(ForkedBooter.java:418)

Aug 22, 2019 8:33:25 PM org.apache.ratis.thirdparty.io.grpc.internal.ManagedChannelOrphanWrapper$ManagedChannelReference cleanQueue
SEVERE: *~*~*~ Channel ManagedChannelImpl{logId=2632, target=192.168.5.154:41605} was not shutdown properly!!! ~*~*~*
    Make sure to call shutdown()/shutdownNow() and wait until awaitTermination() returns true.
java.lang.RuntimeException: ManagedChannel allocation site
	at org.apache.ratis.thirdparty.io.grpc.internal.ManagedChannelOrphanWrapper$ManagedChannelReference.<init>(ManagedChannelOrphanWrapper.java:103)
	at org.apache.ratis.thirdparty.io.grpc.internal.ManagedChannelOrphanWrapper.<init>(ManagedChannelOrphanWrapper.java:53)
	at org.apache.ratis.thirdparty.io.grpc.internal.ManagedChannelOrphanWrapper.<init>(ManagedChannelOrphanWrapper.java:44)
	at org.apache.ratis.thirdparty.io.grpc.internal.AbstractManagedChannelImplBuilder.build(AbstractManagedChannelImplBuilder.java:411)
	at org.apache.ratis.grpc.client.GrpcClientProtocolClient.<init>(GrpcClientProtocolClient.java:119)
	at org.apache.ratis.grpc.client.GrpcClientRpc.lambda$new$0(GrpcClientRpc.java:55)
	at org.apache.ratis.util.PeerProxyMap$PeerAndProxy.lambda$getProxy$0(PeerProxyMap.java:61)
	at org.apache.ratis.util.LifeCycle.startAndTransition(LifeCycle.java:202)
	at org.apache.ratis.util.PeerProxyMap$PeerAndProxy.getProxy(PeerProxyMap.java:60)
	at org.apache.ratis.util.PeerProxyMap.getProxy(PeerProxyMap.java:107)
	at org.apache.ratis.grpc.client.GrpcClientRpc.sendRequestAsync(GrpcClientRpc.java:66)
	at org.apache.ratis.client.impl.OrderedAsync.sendRequest(OrderedAsync.java:208)
	at org.apache.ratis.client.impl.OrderedAsync.sendRequestWithRetry(OrderedAsync.java:169)
	at org.apache.ratis.util.SlidingWindow$Client.sendOrDelayRequest(SlidingWindow.java:278)
	at org.apache.ratis.util.SlidingWindow$Client.submitNewRequest(SlidingWindow.java:257)
	at org.apache.ratis.client.impl.OrderedAsync.send(OrderedAsync.java:155)
	at org.apache.ratis.client.impl.RaftClientImpl.sendAsync(RaftClientImpl.java:145)
	at org.apache.ratis.client.impl.RaftClientImpl.sendAsync(RaftClientImpl.java:125)
	at org.apache.hadoop.hdds.scm.XceiverClientRatis.sendRequestAsync(XceiverClientRatis.java:224)
	at org.apache.hadoop.hdds.scm.XceiverClientRatis.sendCommandAsync(XceiverClientRatis.java:302)
	at org.apache.hadoop.hdds.scm.storage.ContainerProtocolCalls.writeChunkAsync(ContainerProtocolCalls.java:310)
	at org.apache.hadoop.hdds.scm.storage.BlockOutputStream.writeChunkToContainer(BlockOutputStream.java:601)
	at org.apache.hadoop.hdds.scm.storage.BlockOutputStream.writeChunk(BlockOutputStream.java:459)
	at org.apache.hadoop.hdds.scm.storage.BlockOutputStream.writeOnRetry(BlockOutputStream.java:285)
	at org.apache.hadoop.ozone.client.io.BlockOutputStreamEntry.writeOnRetry(BlockOutputStreamEntry.java:200)
	at org.apache.hadoop.ozone.client.io.KeyOutputStream.handleWrite(KeyOutputStream.java:209)
	at org.apache.hadoop.ozone.client.io.KeyOutputStream.handleRetry(KeyOutputStream.java:376)
	at org.apache.hadoop.ozone.client.io.KeyOutputStream.handleException(KeyOutputStream.java:325)
	at org.apache.hadoop.ozone.client.io.KeyOutputStream.handleFlushOrClose(KeyOutputStream.java:448)
	at org.apache.hadoop.ozone.client.io.KeyOutputStream.handleWrite(KeyOutputStream.java:235)
	at org.apache.hadoop.ozone.client.io.KeyOutputStream.write(KeyOutputStream.java:193)
	at org.apache.hadoop.ozone.client.io.OzoneOutputStream.write(OzoneOutputStream.java:49)
	at java.io.OutputStream.write(OutputStream.java:75)
	at org.apache.hadoop.ozone.client.rpc.TestBlockOutputStreamWithFailures.testWatchForCommitWithSingleNodeRatis(TestBlockOutputStreamWithFailures.java:885)
	at sun.reflect.NativeMethodAccessorImpl.invoke0(Native Method)
	at sun.reflect.NativeMethodAccessorImpl.invoke(NativeMethodAccessorImpl.java:62)
	at sun.reflect.DelegatingMethodAccessorImpl.invoke(DelegatingMethodAccessorImpl.java:43)
	at java.lang.reflect.Method.invoke(Method.java:498)
	at org.junit.runners.model.FrameworkMethod$1.runReflectiveCall(FrameworkMethod.java:47)
	at org.junit.internal.runners.model.ReflectiveCallable.run(ReflectiveCallable.java:12)
	at org.junit.runners.model.FrameworkMethod.invokeExplosively(FrameworkMethod.java:44)
	at org.junit.internal.runners.statements.InvokeMethod.evaluate(InvokeMethod.java:17)
	at org.junit.internal.runners.statements.RunBefores.evaluate(RunBefores.java:26)
	at org.junit.internal.runners.statements.RunAfters.evaluate(RunAfters.java:27)
	at org.junit.runners.ParentRunner.runLeaf(ParentRunner.java:271)
	at org.junit.runners.BlockJUnit4ClassRunner.runChild(BlockJUnit4ClassRunner.java:70)
	at org.junit.runners.BlockJUnit4ClassRunner.runChild(BlockJUnit4ClassRunner.java:50)
	at org.junit.runners.ParentRunner$3.run(ParentRunner.java:238)
	at org.junit.runners.ParentRunner$1.schedule(ParentRunner.java:63)
	at org.junit.runners.ParentRunner.runChildren(ParentRunner.java:236)
	at org.junit.runners.ParentRunner.access$000(ParentRunner.java:53)
	at org.junit.runners.ParentRunner$2.evaluate(ParentRunner.java:229)
	at org.junit.runners.ParentRunner.run(ParentRunner.java:309)
	at org.apache.maven.surefire.junit4.JUnit4Provider.execute(JUnit4Provider.java:365)
	at org.apache.maven.surefire.junit4.JUnit4Provider.executeWithRerun(JUnit4Provider.java:273)
	at org.apache.maven.surefire.junit4.JUnit4Provider.executeTestSet(JUnit4Provider.java:238)
	at org.apache.maven.surefire.junit4.JUnit4Provider.invoke(JUnit4Provider.java:159)
	at org.apache.maven.surefire.booter.ForkedBooter.invokeProviderInSameClassLoader(ForkedBooter.java:384)
	at org.apache.maven.surefire.booter.ForkedBooter.runSuitesInProcess(ForkedBooter.java:345)
	at org.apache.maven.surefire.booter.ForkedBooter.execute(ForkedBooter.java:126)
	at org.apache.maven.surefire.booter.ForkedBooter.main(ForkedBooter.java:418)

Aug 22, 2019 8:33:25 PM org.apache.ratis.thirdparty.io.grpc.internal.ManagedChannelOrphanWrapper$ManagedChannelReference cleanQueue
SEVERE: *~*~*~ Channel ManagedChannelImpl{logId=2627, target=192.168.5.154:36674} was not shutdown properly!!! ~*~*~*
    Make sure to call shutdown()/shutdownNow() and wait until awaitTermination() returns true.
java.lang.RuntimeException: ManagedChannel allocation site
	at org.apache.ratis.thirdparty.io.grpc.internal.ManagedChannelOrphanWrapper$ManagedChannelReference.<init>(ManagedChannelOrphanWrapper.java:103)
	at org.apache.ratis.thirdparty.io.grpc.internal.ManagedChannelOrphanWrapper.<init>(ManagedChannelOrphanWrapper.java:53)
	at org.apache.ratis.thirdparty.io.grpc.internal.ManagedChannelOrphanWrapper.<init>(ManagedChannelOrphanWrapper.java:44)
	at org.apache.ratis.thirdparty.io.grpc.internal.AbstractManagedChannelImplBuilder.build(AbstractManagedChannelImplBuilder.java:411)
	at org.apache.ratis.grpc.client.GrpcClientProtocolClient.<init>(GrpcClientProtocolClient.java:119)
	at org.apache.ratis.grpc.client.GrpcClientRpc.lambda$new$0(GrpcClientRpc.java:55)
	at org.apache.ratis.util.PeerProxyMap$PeerAndProxy.lambda$getProxy$0(PeerProxyMap.java:61)
	at org.apache.ratis.util.LifeCycle.startAndTransition(LifeCycle.java:202)
	at org.apache.ratis.util.PeerProxyMap$PeerAndProxy.getProxy(PeerProxyMap.java:60)
	at org.apache.ratis.util.PeerProxyMap.getProxy(PeerProxyMap.java:107)
	at org.apache.ratis.grpc.client.GrpcClientRpc.sendRequestAsync(GrpcClientRpc.java:66)
	at org.apache.ratis.client.impl.OrderedAsync.sendRequest(OrderedAsync.java:208)
	at org.apache.ratis.client.impl.OrderedAsync.sendRequestWithRetry(OrderedAsync.java:169)
	at org.apache.ratis.util.SlidingWindow$Client.sendOrDelayRequest(SlidingWindow.java:278)
	at org.apache.ratis.util.SlidingWindow$Client.retry(SlidingWindow.java:294)
	at org.apache.ratis.client.impl.OrderedAsync.lambda$scheduleWithTimeout$7(OrderedAsync.java:195)
	at org.apache.ratis.util.TimeoutScheduler.lambda$onTimeout$0(TimeoutScheduler.java:85)
	at org.apache.ratis.util.TimeoutScheduler.lambda$onTimeout$1(TimeoutScheduler.java:104)
	at org.apache.ratis.util.LogUtils.runAndLog(LogUtils.java:50)
	at org.apache.ratis.util.LogUtils$1.run(LogUtils.java:91)
	at java.util.concurrent.Executors$RunnableAdapter.call(Executors.java:511)
	at java.util.concurrent.FutureTask.run(FutureTask.java:266)
	at java.util.concurrent.ScheduledThreadPoolExecutor$ScheduledFutureTask.access$201(ScheduledThreadPoolExecutor.java:180)
	at java.util.concurrent.ScheduledThreadPoolExecutor$ScheduledFutureTask.run(ScheduledThreadPoolExecutor.java:293)
	at java.util.concurrent.ThreadPoolExecutor.runWorker(ThreadPoolExecutor.java:1149)
	at java.util.concurrent.ThreadPoolExecutor$Worker.run(ThreadPoolExecutor.java:624)
	at java.lang.Thread.run(Thread.java:748)

]]></system-err>
  </testcase>
  <testcase name="testFailureWithPrimeSizedData" classname="org.apache.hadoop.ozone.client.rpc.TestBlockOutputStreamWithFailures" time="35.21"/>
  <testcase name="testWatchForCommitWithCloseContainerException" classname="org.apache.hadoop.ozone.client.rpc.TestBlockOutputStreamWithFailures" time="38.114"/>
  <testcase name="testExceptionDuringClose" classname="org.apache.hadoop.ozone.client.rpc.TestBlockOutputStreamWithFailures" time="35.087"/>
</testsuite>