<?xml version="1.0" encoding="UTF-8"?>
<testsuite xmlns:xsi="http://www.w3.org/2001/XMLSchema-instance" xsi:noNamespaceSchemaLocation="https://maven.apache.org/surefire/maven-surefire-plugin/xsd/surefire-test-report.xsd" name="org.apache.hadoop.ozone.client.rpc.TestCommitWatcher" time="52.796" tests="2" errors="0" skipped="0" failures="1">
  <properties>
    <property name="awt.toolkit" value="sun.awt.X11.XToolkit"/>
    <property name="file.encoding.pkg" value="sun.io"/>
    <property name="java.specification.version" value="1.8"/>
    <property name="sun.cpu.isalist" value=""/>
    <property name="sun.jnu.encoding" value="UTF-8"/>
    <property name="java.class.path" value="/workdir/hadoop-ozone/integration-test/target/test-classes:/workdir/hadoop-ozone/integration-test/target/classes:/home/user/.m2/repository/org/apache/hadoop/hadoop-ozone-common/0.5.0-SNAPSHOT/hadoop-ozone-common-0.5.0-SNAPSHOT.jar:/home/user/.m2/repository/org/apache/commons/commons-compress/1.4.1/commons-compress-1.4.1.jar:/home/user/.m2/repository/org/tukaani/xz/1.0/xz-1.0.jar:/home/user/.m2/repository/org/apache/hadoop/hadoop-common/3.2.0/hadoop-common-3.2.0.jar:/home/user/.m2/repository/org/apache/hadoop/hadoop-hdfs/3.2.0/hadoop-hdfs-3.2.0.jar:/home/user/.m2/repository/org/apache/hadoop/hadoop-hdfs-client/3.2.0/hadoop-hdfs-client-3.2.0.jar:/home/user/.m2/repository/com/fasterxml/jackson/core/jackson-annotations/2.9.5/jackson-annotations-2.9.5.jar:/home/user/.m2/repository/org/apache/hadoop/hadoop-hdds-common/0.5.0-SNAPSHOT/hadoop-hdds-common-0.5.0-SNAPSHOT.jar:/home/user/.m2/repository/javax/annotation/javax.annotation-api/1.2/javax.annotation-api-1.2.jar:/home/user/.m2/repository/org/apache/ratis/ratis-server/0.4.0-2337318-SNAPSHOT/ratis-server-0.4.0-2337318-SNAPSHOT.jar:/home/user/.m2/repository/org/apache/ratis/ratis-thirdparty-misc/0.2.0/ratis-thirdparty-misc-0.2.0.jar:/home/user/.m2/repository/org/apache/ratis/ratis-proto/0.4.0-2337318-SNAPSHOT/ratis-proto-0.4.0-2337318-SNAPSHOT.jar:/home/user/.m2/repository/org/apache/ratis/ratis-common/0.4.0-2337318-SNAPSHOT/ratis-common-0.4.0-2337318-SNAPSHOT.jar:/home/user/.m2/repository/org/apache/ratis/ratis-client/0.4.0-2337318-SNAPSHOT/ratis-client-0.4.0-2337318-SNAPSHOT.jar:/home/user/.m2/repository/org/apache/ratis/ratis-metrics/0.4.0-2337318-SNAPSHOT/ratis-metrics-0.4.0-2337318-SNAPSHOT.jar:/home/user/.m2/repository/org/apache/ratis/ratis-netty/0.4.0-2337318-SNAPSHOT/ratis-netty-0.4.0-2337318-SNAPSHOT.jar:/home/user/.m2/repository/org/apache/ratis/ratis-grpc/0.4.0-2337318-SNAPSHOT/ratis-grpc-0.4.0-2337318-SNAPSHOT.jar:/home/user/.m2/repository/org/rocksdb/rocksdbjni/6.0.1/rocksdbjni-6.0.1.jar:/home/user/.m2/repository/org/apache/logging/log4j/log4j-api/2.11.0/log4j-api-2.11.0.jar:/home/user/.m2/repository/org/apache/logging/log4j/log4j-core/2.11.0/log4j-core-2.11.0.jar:/home/user/.m2/repository/com/lmax/disruptor/3.4.2/disruptor-3.4.2.jar:/home/user/.m2/repository/org/apache/commons/commons-pool2/2.6.0/commons-pool2-2.6.0.jar:/home/user/.m2/repository/org/bouncycastle/bcpkix-jdk15on/1.60/bcpkix-jdk15on-1.60.jar:/home/user/.m2/repository/commons-validator/commons-validator/1.6/commons-validator-1.6.jar:/home/user/.m2/repository/commons-digester/commons-digester/1.8.1/commons-digester-1.8.1.jar:/home/user/.m2/repository/io/jaegertracing/jaeger-client/0.33.1/jaeger-client-0.33.1.jar:/home/user/.m2/repository/io/jaegertracing/jaeger-thrift/0.33.1/jaeger-thrift-0.33.1.jar:/home/user/.m2/repository/org/apache/thrift/libthrift/0.11.0/libthrift-0.11.0.jar:/home/user/.m2/repository/com/squareup/okhttp3/okhttp/3.9.0/okhttp-3.9.0.jar:/home/user/.m2/repository/com/squareup/okio/okio/1.13.0/okio-1.13.0.jar:/home/user/.m2/repository/io/jaegertracing/jaeger-core/0.33.1/jaeger-core-0.33.1.jar:/home/user/.m2/repository/io/jaegertracing/jaeger-tracerresolver/0.33.1/jaeger-tracerresolver-0.33.1.jar:/home/user/.m2/repository/io/opentracing/contrib/opentracing-tracerresolver/0.1.5/opentracing-tracerresolver-0.1.5.jar:/home/user/.m2/repository/io/opentracing/opentracing-util/0.31.0/opentracing-util-0.31.0.jar:/home/user/.m2/repository/io/opentracing/opentracing-api/0.31.0/opentracing-api-0.31.0.jar:/home/user/.m2/repository/io/opentracing/opentracing-noop/0.31.0/opentracing-noop-0.31.0.jar:/home/user/.m2/repository/org/apache/hadoop/hadoop-hdds-server-framework/0.5.0-SNAPSHOT/hadoop-hdds-server-framework-0.5.0-SNAPSHOT.jar:/home/user/.m2/repository/org/apache/hadoop/hadoop-hdds-container-service/0.5.0-SNAPSHOT/hadoop-hdds-container-service-0.5.0-SNAPSHOT.jar:/home/user/.m2/repository/org/apache/hadoop/hadoop-hdds-client/0.5.0-SNAPSHOT/hadoop-hdds-client-0.5.0-SNAPSHOT.jar:/home/user/.m2/repository/org/apache/hadoop/hadoop-hdds-tools/0.5.0-SNAPSHOT/hadoop-hdds-tools-0.5.0-SNAPSHOT.jar:/home/user/.m2/repository/org/apache/hadoop/hadoop-hdds-server-scm/0.5.0-SNAPSHOT/hadoop-hdds-server-scm-0.5.0-SNAPSHOT.jar:/home/user/.m2/repository/org/apache/hadoop/hadoop-hdds-docs/0.5.0-SNAPSHOT/hadoop-hdds-docs-0.5.0-SNAPSHOT.jar:/home/user/.m2/repository/io/dropwizard/metrics/metrics-core/3.2.4/metrics-core-3.2.4.jar:/home/user/.m2/repository/org/hamcrest/hamcrest-all/1.3/hamcrest-all-1.3.jar:/home/user/.m2/repository/org/bouncycastle/bcprov-jdk15on/1.60/bcprov-jdk15on-1.60.jar:/home/user/.m2/repository/info/picocli/picocli/3.9.6/picocli-3.9.6.jar:/home/user/.m2/repository/com/google/protobuf/protobuf-java/2.5.0/protobuf-java-2.5.0.jar:/home/user/.m2/repository/com/google/guava/guava/11.0.2/guava-11.0.2.jar:/home/user/.m2/repository/org/apache/hadoop/hadoop-ozone-ozone-manager/0.5.0-SNAPSHOT/hadoop-ozone-ozone-manager-0.5.0-SNAPSHOT.jar:/home/user/.m2/repository/org/apache/hadoop/hadoop-minikdc/3.2.0/hadoop-minikdc-3.2.0.jar:/home/user/.m2/repository/commons-io/commons-io/2.5/commons-io-2.5.jar:/home/user/.m2/repository/org/apache/kerby/kerb-simplekdc/1.0.1/kerb-simplekdc-1.0.1.jar:/home/user/.m2/repository/org/apache/kerby/kerb-client/1.0.1/kerb-client-1.0.1.jar:/home/user/.m2/repository/org/apache/kerby/kerby-config/1.0.1/kerby-config-1.0.1.jar:/home/user/.m2/repository/org/apache/kerby/kerb-core/1.0.1/kerb-core-1.0.1.jar:/home/user/.m2/repository/org/apache/kerby/kerby-pkix/1.0.1/kerby-pkix-1.0.1.jar:/home/user/.m2/repository/org/apache/kerby/kerby-asn1/1.0.1/kerby-asn1-1.0.1.jar:/home/user/.m2/repository/org/apache/kerby/kerby-util/1.0.1/kerby-util-1.0.1.jar:/home/user/.m2/repository/org/apache/kerby/kerb-common/1.0.1/kerb-common-1.0.1.jar:/home/user/.m2/repository/org/apache/kerby/kerb-crypto/1.0.1/kerb-crypto-1.0.1.jar:/home/user/.m2/repository/org/apache/kerby/kerb-util/1.0.1/kerb-util-1.0.1.jar:/home/user/.m2/repository/org/apache/kerby/token-provider/1.0.1/token-provider-1.0.1.jar:/home/user/.m2/repository/org/apache/kerby/kerb-admin/1.0.1/kerb-admin-1.0.1.jar:/home/user/.m2/repository/org/apache/kerby/kerb-server/1.0.1/kerb-server-1.0.1.jar:/home/user/.m2/repository/org/apache/kerby/kerb-identity/1.0.1/kerb-identity-1.0.1.jar:/home/user/.m2/repository/org/apache/kerby/kerby-xdr/1.0.1/kerby-xdr-1.0.1.jar:/home/user/.m2/repository/org/slf4j/slf4j-log4j12/1.7.25/slf4j-log4j12-1.7.25.jar:/home/user/.m2/repository/org/apache/hadoop/hadoop-ozone-objectstore-service/0.5.0-SNAPSHOT/hadoop-ozone-objectstore-service-0.5.0-SNAPSHOT.jar:/home/user/.m2/repository/org/apache/hadoop/hadoop-ozone-s3gateway/0.5.0-SNAPSHOT/hadoop-ozone-s3gateway-0.5.0-SNAPSHOT.jar:/home/user/.m2/repository/org/jboss/weld/servlet/weld-servlet/2.4.7.Final/weld-servlet-2.4.7.Final.jar:/home/user/.m2/repository/org/glassfish/jersey/containers/jersey-container-servlet-core/2.27/jersey-container-servlet-core-2.27.jar:/home/user/.m2/repository/org/glassfish/hk2/external/javax.inject/2.5.0-b42/javax.inject-2.5.0-b42.jar:/home/user/.m2/repository/org/glassfish/jersey/core/jersey-common/2.27/jersey-common-2.27.jar:/home/user/.m2/repository/org/glassfish/hk2/osgi-resource-locator/1.0.1/osgi-resource-locator-1.0.1.jar:/home/user/.m2/repository/javax/ws/rs/javax.ws.rs-api/2.1/javax.ws.rs-api-2.1.jar:/home/user/.m2/repository/org/glassfish/jersey/ext/cdi/jersey-cdi1x/2.27/jersey-cdi1x-2.27.jar:/home/user/.m2/repository/org/glassfish/jersey/inject/jersey-hk2/2.27/jersey-hk2-2.27.jar:/home/user/.m2/repository/org/glassfish/hk2/hk2-locator/2.5.0-b42/hk2-locator-2.5.0-b42.jar:/home/user/.m2/repository/org/javassist/javassist/3.22.0-CR2/javassist-3.22.0-CR2.jar:/home/user/.m2/repository/org/glassfish/hk2/hk2-api/2.5.0/hk2-api-2.5.0.jar:/home/user/.m2/repository/org/glassfish/hk2/external/jakarta.inject/2.5.0/jakarta.inject-2.5.0.jar:/home/user/.m2/repository/org/glassfish/hk2/hk2-utils/2.5.0/hk2-utils-2.5.0.jar:/home/user/.m2/repository/jakarta/annotation/jakarta.annotation-api/1.3.4/jakarta.annotation-api-1.3.4.jar:/home/user/.m2/repository/org/glassfish/hk2/external/aopalliance-repackaged/2.5.0/aopalliance-repackaged-2.5.0.jar:/home/user/.m2/repository/com/fasterxml/jackson/dataformat/jackson-dataformat-xml/2.9.0/jackson-dataformat-xml-2.9.0.jar:/home/user/.m2/repository/com/fasterxml/jackson/core/jackson-core/2.9.5/jackson-core-2.9.5.jar:/home/user/.m2/repository/com/fasterxml/jackson/module/jackson-module-jaxb-annotations/2.9.5/jackson-module-jaxb-annotations-2.9.5.jar:/home/user/.m2/repository/javax/enterprise/cdi-api/1.2/cdi-api-1.2.jar:/home/user/.m2/repository/javax/el/javax.el-api/3.0.0/javax.el-api-3.0.0.jar:/home/user/.m2/repository/javax/interceptor/javax.interceptor-api/1.2/javax.interceptor-api-1.2.jar:/home/user/.m2/repository/javax/inject/javax.inject/1/javax.inject-1.jar:/home/user/.m2/repository/com/sun/xml/bind/jaxb-impl/2.3.0.1/jaxb-impl-2.3.0.1.jar:/home/user/.m2/repository/com/sun/xml/bind/jaxb-core/2.3.0.1/jaxb-core-2.3.0.1.jar:/home/user/.m2/repository/javax/xml/bind/jaxb-api/2.3.0/jaxb-api-2.3.0.jar:/home/user/.m2/repository/javax/activation/activation/1.1.1/activation-1.1.1.jar:/home/user/.m2/repository/org/apache/hadoop/hadoop-ozone-csi/0.5.0-SNAPSHOT/hadoop-ozone-csi-0.5.0-SNAPSHOT.jar:/home/user/.m2/repository/com/google/protobuf/protobuf-java-util/3.5.1/protobuf-java-util-3.5.1.jar:/home/user/.m2/repository/org/apache/hadoop/hadoop-hdds-config/0.5.0-SNAPSHOT/hadoop-hdds-config-0.5.0-SNAPSHOT.jar:/home/user/.m2/repository/io/grpc/grpc-netty/1.17.1/grpc-netty-1.17.1.jar:/home/user/.m2/repository/io/grpc/grpc-core/1.17.1/grpc-core-1.17.1.jar:/home/user/.m2/repository/io/grpc/grpc-context/1.17.1/grpc-context-1.17.1.jar:/home/user/.m2/repository/com/google/errorprone/error_prone_annotations/2.2.0/error_prone_annotations-2.2.0.jar:/home/user/.m2/repository/org/codehaus/mojo/animal-sniffer-annotations/1.17/animal-sniffer-annotations-1.17.jar:/home/user/.m2/repository/io/opencensus/opencensus-api/0.17.0/opencensus-api-0.17.0.jar:/home/user/.m2/repository/io/opencensus/opencensus-contrib-grpc-metrics/0.17.0/opencensus-contrib-grpc-metrics-0.17.0.jar:/home/user/.m2/repository/io/netty/netty-codec-http2/4.1.30.Final/netty-codec-http2-4.1.30.Final.jar:/home/user/.m2/repository/io/netty/netty-codec-http/4.1.30.Final/netty-codec-http-4.1.30.Final.jar:/home/user/.m2/repository/io/netty/netty-codec/4.1.30.Final/netty-codec-4.1.30.Final.jar:/home/user/.m2/repository/io/netty/netty-handler/4.1.30.Final/netty-handler-4.1.30.Final.jar:/home/user/.m2/repository/io/netty/netty-handler-proxy/4.1.30.Final/netty-handler-proxy-4.1.30.Final.jar:/home/user/.m2/repository/io/netty/netty-codec-socks/4.1.30.Final/netty-codec-socks-4.1.30.Final.jar:/home/user/.m2/repository/io/netty/netty-transport-native-epoll/4.1.30.Final/netty-transport-native-epoll-4.1.30.Final.jar:/home/user/.m2/repository/io/netty/netty-common/4.1.30.Final/netty-common-4.1.30.Final.jar:/home/user/.m2/repository/io/netty/netty-buffer/4.1.30.Final/netty-buffer-4.1.30.Final.jar:/home/user/.m2/repository/io/netty/netty-transport/4.1.30.Final/netty-transport-4.1.30.Final.jar:/home/user/.m2/repository/io/netty/netty-resolver/4.1.30.Final/netty-resolver-4.1.30.Final.jar:/home/user/.m2/repository/io/netty/netty-transport-native-unix-common/4.1.30.Final/netty-transport-native-unix-common-4.1.30.Final.jar:/home/user/.m2/repository/io/grpc/grpc-protobuf/1.17.1/grpc-protobuf-1.17.1.jar:/home/user/.m2/repository/com/google/api/grpc/proto-google-common-protos/1.0.0/proto-google-common-protos-1.0.0.jar:/home/user/.m2/repository/io/grpc/grpc-protobuf-lite/1.17.1/grpc-protobuf-lite-1.17.1.jar:/home/user/.m2/repository/io/grpc/grpc-stub/1.17.1/grpc-stub-1.17.1.jar:/home/user/.m2/repository/org/apache/hadoop/hadoop-ozone-recon/0.5.0-SNAPSHOT/hadoop-ozone-recon-0.5.0-SNAPSHOT.jar:/home/user/.m2/repository/org/apache/hadoop/hadoop-ozone-reconcodegen/0.5.0-SNAPSHOT/hadoop-ozone-reconcodegen-0.5.0-SNAPSHOT.jar:/home/user/.m2/repository/com/google/inject/extensions/guice-multibindings/4.0/guice-multibindings-4.0.jar:/home/user/.m2/repository/com/google/inject/guice/4.0/guice-4.0.jar:/home/user/.m2/repository/aopalliance/aopalliance/1.0/aopalliance-1.0.jar:/home/user/.m2/repository/com/google/inject/extensions/guice-servlet/4.0/guice-servlet-4.0.jar:/home/user/.m2/repository/org/glassfish/jersey/containers/jersey-container-servlet/2.27/jersey-container-servlet-2.27.jar:/home/user/.m2/repository/org/glassfish/hk2/guice-bridge/2.5.0/guice-bridge-2.5.0.jar:/home/user/.m2/repository/org/glassfish/jersey/core/jersey-server/2.27/jersey-server-2.27.jar:/home/user/.m2/repository/org/glassfish/jersey/core/jersey-client/2.27/jersey-client-2.27.jar:/home/user/.m2/repository/org/glassfish/jersey/media/jersey-media-jaxb/2.27/jersey-media-jaxb-2.27.jar:/home/user/.m2/repository/javax/validation/validation-api/1.1.0.Final/validation-api-1.1.0.Final.jar:/home/user/.m2/repository/org/glassfish/jersey/media/jersey-media-json-jackson/2.27/jersey-media-json-jackson-2.27.jar:/home/user/.m2/repository/org/glassfish/jersey/ext/jersey-entity-filtering/2.27/jersey-entity-filtering-2.27.jar:/home/user/.m2/repository/com/google/inject/extensions/guice-assistedinject/4.0/guice-assistedinject-4.0.jar:/home/user/.m2/repository/org/jooq/jooq/3.11.10/jooq-3.11.10.jar:/home/user/.m2/repository/org/jooq/jooq-meta/3.11.10/jooq-meta-3.11.10.jar:/home/user/.m2/repository/org/jooq/jooq-codegen/3.11.10/jooq-codegen-3.11.10.jar:/home/user/.m2/repository/com/jolbox/bonecp/0.8.0.RELEASE/bonecp-0.8.0.RELEASE.jar:/home/user/.m2/repository/org/xerial/sqlite-jdbc/3.25.2/sqlite-jdbc-3.25.2.jar:/home/user/.m2/repository/org/springframework/spring-jdbc/5.1.3.RELEASE/spring-jdbc-5.1.3.RELEASE.jar:/home/user/.m2/repository/org/springframework/spring-beans/5.1.3.RELEASE/spring-beans-5.1.3.RELEASE.jar:/home/user/.m2/repository/org/springframework/spring-core/5.1.3.RELEASE/spring-core-5.1.3.RELEASE.jar:/home/user/.m2/repository/org/springframework/spring-jcl/5.1.3.RELEASE/spring-jcl-5.1.3.RELEASE.jar:/home/user/.m2/repository/org/springframework/spring-tx/5.1.3.RELEASE/spring-tx-5.1.3.RELEASE.jar:/home/user/.m2/repository/org/apache/hadoop/hadoop-ozone-client/0.5.0-SNAPSHOT/hadoop-ozone-client-0.5.0-SNAPSHOT.jar:/home/user/.m2/repository/commons-lang/commons-lang/2.6/commons-lang-2.6.jar:/home/user/.m2/repository/org/apache/hadoop/hadoop-ozone-ozone-manager/0.5.0-SNAPSHOT/hadoop-ozone-ozone-manager-0.5.0-SNAPSHOT-tests.jar:/home/user/.m2/repository/junit/junit/4.11/junit-4.11.jar:/home/user/.m2/repository/org/hamcrest/hamcrest-core/1.3/hamcrest-core-1.3.jar:/home/user/.m2/repository/org/openjdk/jmh/jmh-core/1.19/jmh-core-1.19.jar:/home/user/.m2/repository/net/sf/jopt-simple/jopt-simple/4.6/jopt-simple-4.6.jar:/home/user/.m2/repository/org/apache/commons/commons-math3/3.1.1/commons-math3-3.1.1.jar:/home/user/.m2/repository/org/openjdk/jmh/jmh-generator-annprocess/1.19/jmh-generator-annprocess-1.19.jar:/home/user/.m2/repository/org/mockito/mockito-all/1.8.5/mockito-all-1.8.5.jar:/home/user/.m2/repository/org/apache/hadoop/hadoop-kms/3.2.0/hadoop-kms-3.2.0.jar:/home/user/.m2/repository/org/apache/hadoop/hadoop-auth/3.2.0/hadoop-auth-3.2.0.jar:/home/user/.m2/repository/com/nimbusds/nimbus-jose-jwt/4.41.1/nimbus-jose-jwt-4.41.1.jar:/home/user/.m2/repository/com/github/stephenc/jcip/jcip-annotations/1.0-1/jcip-annotations-1.0-1.jar:/home/user/.m2/repository/net/minidev/json-smart/2.3/json-smart-2.3.jar:/home/user/.m2/repository/net/minidev/accessors-smart/1.2/accessors-smart-1.2.jar:/home/user/.m2/repository/org/ow2/asm/asm/5.0.4/asm-5.0.4.jar:/home/user/.m2/repository/org/apache/curator/curator-framework/2.12.0/curator-framework-2.12.0.jar:/home/user/.m2/repository/com/sun/jersey/jersey-core/1.19/jersey-core-1.19.jar:/home/user/.m2/repository/javax/ws/rs/jsr311-api/1.1.1/jsr311-api-1.1.1.jar:/home/user/.m2/repository/com/sun/jersey/jersey-server/1.19/jersey-server-1.19.jar:/home/user/.m2/repository/javax/servlet/javax.servlet-api/3.1.0/javax.servlet-api-3.1.0.jar:/home/user/.m2/repository/org/eclipse/jetty/jetty-server/9.3.24.v20180605/jetty-server-9.3.24.v20180605.jar:/home/user/.m2/repository/org/eclipse/jetty/jetty-http/9.3.24.v20180605/jetty-http-9.3.24.v20180605.jar:/home/user/.m2/repository/org/eclipse/jetty/jetty-io/9.3.24.v20180605/jetty-io-9.3.24.v20180605.jar:/home/user/.m2/repository/org/eclipse/jetty/jetty-webapp/9.3.24.v20180605/jetty-webapp-9.3.24.v20180605.jar:/home/user/.m2/repository/org/eclipse/jetty/jetty-xml/9.3.24.v20180605/jetty-xml-9.3.24.v20180605.jar:/home/user/.m2/repository/log4j/log4j/1.2.17/log4j-1.2.17.jar:/home/user/.m2/repository/org/slf4j/slf4j-api/1.7.25/slf4j-api-1.7.25.jar:/home/user/.m2/repository/org/slf4j/jul-to-slf4j/1.7.25/jul-to-slf4j-1.7.25.jar:/home/user/.m2/repository/org/eclipse/jetty/jetty-util/9.3.24.v20180605/jetty-util-9.3.24.v20180605.jar:/home/user/.m2/repository/com/fasterxml/jackson/core/jackson-databind/2.9.5/jackson-databind-2.9.5.jar:/home/user/.m2/repository/org/apache/hadoop/hadoop-kms/3.2.0/hadoop-kms-3.2.0-tests.jar:/home/user/.m2/repository/org/apache/hadoop/hadoop-hdds-server-scm/0.5.0-SNAPSHOT/hadoop-hdds-server-scm-0.5.0-SNAPSHOT-tests.jar:/home/user/.m2/repository/org/apache/hadoop/hadoop-hdds-container-service/0.5.0-SNAPSHOT/hadoop-hdds-container-service-0.5.0-SNAPSHOT-tests.jar:/home/user/.m2/repository/org/yaml/snakeyaml/1.16/snakeyaml-1.16.jar:/home/user/.m2/repository/org/apache/hadoop/hadoop-common/3.2.0/hadoop-common-3.2.0-tests.jar:/home/user/.m2/repository/org/apache/hadoop/hadoop-annotations/3.2.0/hadoop-annotations-3.2.0.jar:/usr/lib/jvm/java-1.8-openjdk/jre/../lib/tools.jar:/home/user/.m2/repository/commons-cli/commons-cli/1.2/commons-cli-1.2.jar:/home/user/.m2/repository/org/apache/httpcomponents/httpclient/4.5.2/httpclient-4.5.2.jar:/home/user/.m2/repository/org/apache/httpcomponents/httpcore/4.4.4/httpcore-4.4.4.jar:/home/user/.m2/repository/commons-codec/commons-codec/1.11/commons-codec-1.11.jar:/home/user/.m2/repository/commons-net/commons-net/3.6/commons-net-3.6.jar:/home/user/.m2/repository/commons-collections/commons-collections/3.2.2/commons-collections-3.2.2.jar:/home/user/.m2/repository/org/eclipse/jetty/jetty-servlet/9.3.24.v20180605/jetty-servlet-9.3.24.v20180605.jar:/home/user/.m2/repository/org/eclipse/jetty/jetty-security/9.3.24.v20180605/jetty-security-9.3.24.v20180605.jar:/home/user/.m2/repository/javax/servlet/jsp/jsp-api/2.1/jsp-api-2.1.jar:/home/user/.m2/repository/com/sun/jersey/jersey-servlet/1.19/jersey-servlet-1.19.jar:/home/user/.m2/repository/com/sun/jersey/jersey-json/1.19/jersey-json-1.19.jar:/home/user/.m2/repository/org/codehaus/jettison/jettison/1.1/jettison-1.1.jar:/home/user/.m2/repository/org/codehaus/jackson/jackson-core-asl/1.9.13/jackson-core-asl-1.9.13.jar:/home/user/.m2/repository/org/codehaus/jackson/jackson-mapper-asl/1.9.13/jackson-mapper-asl-1.9.13.jar:/home/user/.m2/repository/org/codehaus/jackson/jackson-jaxrs/1.9.13/jackson-jaxrs-1.9.13.jar:/home/user/.m2/repository/org/codehaus/jackson/jackson-xc/1.9.13/jackson-xc-1.9.13.jar:/home/user/.m2/repository/commons-logging/commons-logging/1.1.3/commons-logging-1.1.3.jar:/home/user/.m2/repository/commons-beanutils/commons-beanutils/1.9.3/commons-beanutils-1.9.3.jar:/home/user/.m2/repository/org/apache/commons/commons-configuration2/2.1.1/commons-configuration2-2.1.1.jar:/home/user/.m2/repository/org/apache/commons/commons-lang3/3.7/commons-lang3-3.7.jar:/home/user/.m2/repository/org/apache/commons/commons-text/1.4/commons-text-1.4.jar:/home/user/.m2/repository/org/apache/avro/avro/1.7.7/avro-1.7.7.jar:/home/user/.m2/repository/com/thoughtworks/paranamer/paranamer/2.3/paranamer-2.3.jar:/home/user/.m2/repository/org/xerial/snappy/snappy-java/1.0.5/snappy-java-1.0.5.jar:/home/user/.m2/repository/com/google/re2j/re2j/1.1/re2j-1.1.jar:/home/user/.m2/repository/com/google/code/gson/gson/2.2.4/gson-2.2.4.jar:/home/user/.m2/repository/com/jcraft/jsch/0.1.54/jsch-0.1.54.jar:/home/user/.m2/repository/org/apache/curator/curator-client/2.12.0/curator-client-2.12.0.jar:/home/user/.m2/repository/org/apache/curator/curator-recipes/2.12.0/curator-recipes-2.12.0.jar:/home/user/.m2/repository/com/google/code/findbugs/jsr305/3.0.0/jsr305-3.0.0.jar:/home/user/.m2/repository/org/apache/htrace/htrace-core4/4.1.0-incubating/htrace-core4-4.1.0-incubating.jar:/home/user/.m2/repository/org/apache/zookeeper/zookeeper/3.4.13/zookeeper-3.4.13.jar:/home/user/.m2/repository/org/apache/yetus/audience-annotations/0.5.0/audience-annotations-0.5.0.jar:/home/user/.m2/repository/org/codehaus/woodstox/stax2-api/3.1.4/stax2-api-3.1.4.jar:/home/user/.m2/repository/com/fasterxml/woodstox/woodstox-core/5.0.3/woodstox-core-5.0.3.jar:/home/user/.m2/repository/dnsjava/dnsjava/2.1.7/dnsjava-2.1.7.jar:/home/user/.m2/repository/org/apache/hadoop/hadoop-hdfs/3.2.0/hadoop-hdfs-3.2.0-tests.jar:/home/user/.m2/repository/org/eclipse/jetty/jetty-util-ajax/9.3.24.v20180605/jetty-util-ajax-9.3.24.v20180605.jar:/home/user/.m2/repository/commons-daemon/commons-daemon/1.0.13/commons-daemon-1.0.13.jar:/home/user/.m2/repository/io/netty/netty/3.10.5.Final/netty-3.10.5.Final.jar:/home/user/.m2/repository/io/netty/netty-all/4.0.52.Final/netty-all-4.0.52.Final.jar:/home/user/.m2/repository/org/fusesource/leveldbjni/leveldbjni-all/1.8/leveldbjni-all-1.8.jar:"/>
    <property name="java.vm.vendor" value="IcedTea"/>
    <property name="sun.arch.data.model" value="64"/>
    <property name="test.build.dir" value="/workdir/hadoop-ozone/integration-test/target/test-dir"/>
    <property name="test.cache.data" value=""/>
    <property name="java.vendor.url" value="https://icedtea.classpath.org"/>
    <property name="user.timezone" value=""/>
    <property name="java.vm.specification.version" value="1.8"/>
    <property name="os.name" value="Linux"/>
    <property name="test.build.data" value="/workdir/hadoop-ozone/integration-test/target/test-dir"/>
    <property name="user.country" value="US"/>
    <property name="sun.java.launcher" value="SUN_STANDARD"/>
    <property name="sun.boot.library.path" value="/usr/lib/jvm/java-1.8-openjdk/jre/lib/amd64"/>
    <property name="sun.java.command" value="/workdir/hadoop-ozone/integration-test/target/surefire/surefirebooter2579909505367511323.jar /workdir/hadoop-ozone/integration-test/target/surefire 2019-08-22T20-05-08_878-jvmRun1 surefire2981881618219943725tmp surefire_258963580781762790446tmp"/>
    <property name="test" value="!TestMiniChaosOzoneCluster"/>
    <property name="surefire.test.class.path" value="/workdir/hadoop-ozone/integration-test/target/test-classes:/workdir/hadoop-ozone/integration-test/target/classes:/home/user/.m2/repository/org/apache/hadoop/hadoop-ozone-common/0.5.0-SNAPSHOT/hadoop-ozone-common-0.5.0-SNAPSHOT.jar:/home/user/.m2/repository/org/apache/commons/commons-compress/1.4.1/commons-compress-1.4.1.jar:/home/user/.m2/repository/org/tukaani/xz/1.0/xz-1.0.jar:/home/user/.m2/repository/org/apache/hadoop/hadoop-common/3.2.0/hadoop-common-3.2.0.jar:/home/user/.m2/repository/org/apache/hadoop/hadoop-hdfs/3.2.0/hadoop-hdfs-3.2.0.jar:/home/user/.m2/repository/org/apache/hadoop/hadoop-hdfs-client/3.2.0/hadoop-hdfs-client-3.2.0.jar:/home/user/.m2/repository/com/fasterxml/jackson/core/jackson-annotations/2.9.5/jackson-annotations-2.9.5.jar:/home/user/.m2/repository/org/apache/hadoop/hadoop-hdds-common/0.5.0-SNAPSHOT/hadoop-hdds-common-0.5.0-SNAPSHOT.jar:/home/user/.m2/repository/javax/annotation/javax.annotation-api/1.2/javax.annotation-api-1.2.jar:/home/user/.m2/repository/org/apache/ratis/ratis-server/0.4.0-2337318-SNAPSHOT/ratis-server-0.4.0-2337318-SNAPSHOT.jar:/home/user/.m2/repository/org/apache/ratis/ratis-thirdparty-misc/0.2.0/ratis-thirdparty-misc-0.2.0.jar:/home/user/.m2/repository/org/apache/ratis/ratis-proto/0.4.0-2337318-SNAPSHOT/ratis-proto-0.4.0-2337318-SNAPSHOT.jar:/home/user/.m2/repository/org/apache/ratis/ratis-common/0.4.0-2337318-SNAPSHOT/ratis-common-0.4.0-2337318-SNAPSHOT.jar:/home/user/.m2/repository/org/apache/ratis/ratis-client/0.4.0-2337318-SNAPSHOT/ratis-client-0.4.0-2337318-SNAPSHOT.jar:/home/user/.m2/repository/org/apache/ratis/ratis-metrics/0.4.0-2337318-SNAPSHOT/ratis-metrics-0.4.0-2337318-SNAPSHOT.jar:/home/user/.m2/repository/org/apache/ratis/ratis-netty/0.4.0-2337318-SNAPSHOT/ratis-netty-0.4.0-2337318-SNAPSHOT.jar:/home/user/.m2/repository/org/apache/ratis/ratis-grpc/0.4.0-2337318-SNAPSHOT/ratis-grpc-0.4.0-2337318-SNAPSHOT.jar:/home/user/.m2/repository/org/rocksdb/rocksdbjni/6.0.1/rocksdbjni-6.0.1.jar:/home/user/.m2/repository/org/apache/logging/log4j/log4j-api/2.11.0/log4j-api-2.11.0.jar:/home/user/.m2/repository/org/apache/logging/log4j/log4j-core/2.11.0/log4j-core-2.11.0.jar:/home/user/.m2/repository/com/lmax/disruptor/3.4.2/disruptor-3.4.2.jar:/home/user/.m2/repository/org/apache/commons/commons-pool2/2.6.0/commons-pool2-2.6.0.jar:/home/user/.m2/repository/org/bouncycastle/bcpkix-jdk15on/1.60/bcpkix-jdk15on-1.60.jar:/home/user/.m2/repository/commons-validator/commons-validator/1.6/commons-validator-1.6.jar:/home/user/.m2/repository/commons-digester/commons-digester/1.8.1/commons-digester-1.8.1.jar:/home/user/.m2/repository/io/jaegertracing/jaeger-client/0.33.1/jaeger-client-0.33.1.jar:/home/user/.m2/repository/io/jaegertracing/jaeger-thrift/0.33.1/jaeger-thrift-0.33.1.jar:/home/user/.m2/repository/org/apache/thrift/libthrift/0.11.0/libthrift-0.11.0.jar:/home/user/.m2/repository/com/squareup/okhttp3/okhttp/3.9.0/okhttp-3.9.0.jar:/home/user/.m2/repository/com/squareup/okio/okio/1.13.0/okio-1.13.0.jar:/home/user/.m2/repository/io/jaegertracing/jaeger-core/0.33.1/jaeger-core-0.33.1.jar:/home/user/.m2/repository/io/jaegertracing/jaeger-tracerresolver/0.33.1/jaeger-tracerresolver-0.33.1.jar:/home/user/.m2/repository/io/opentracing/contrib/opentracing-tracerresolver/0.1.5/opentracing-tracerresolver-0.1.5.jar:/home/user/.m2/repository/io/opentracing/opentracing-util/0.31.0/opentracing-util-0.31.0.jar:/home/user/.m2/repository/io/opentracing/opentracing-api/0.31.0/opentracing-api-0.31.0.jar:/home/user/.m2/repository/io/opentracing/opentracing-noop/0.31.0/opentracing-noop-0.31.0.jar:/home/user/.m2/repository/org/apache/hadoop/hadoop-hdds-server-framework/0.5.0-SNAPSHOT/hadoop-hdds-server-framework-0.5.0-SNAPSHOT.jar:/home/user/.m2/repository/org/apache/hadoop/hadoop-hdds-container-service/0.5.0-SNAPSHOT/hadoop-hdds-container-service-0.5.0-SNAPSHOT.jar:/home/user/.m2/repository/org/apache/hadoop/hadoop-hdds-client/0.5.0-SNAPSHOT/hadoop-hdds-client-0.5.0-SNAPSHOT.jar:/home/user/.m2/repository/org/apache/hadoop/hadoop-hdds-tools/0.5.0-SNAPSHOT/hadoop-hdds-tools-0.5.0-SNAPSHOT.jar:/home/user/.m2/repository/org/apache/hadoop/hadoop-hdds-server-scm/0.5.0-SNAPSHOT/hadoop-hdds-server-scm-0.5.0-SNAPSHOT.jar:/home/user/.m2/repository/org/apache/hadoop/hadoop-hdds-docs/0.5.0-SNAPSHOT/hadoop-hdds-docs-0.5.0-SNAPSHOT.jar:/home/user/.m2/repository/io/dropwizard/metrics/metrics-core/3.2.4/metrics-core-3.2.4.jar:/home/user/.m2/repository/org/hamcrest/hamcrest-all/1.3/hamcrest-all-1.3.jar:/home/user/.m2/repository/org/bouncycastle/bcprov-jdk15on/1.60/bcprov-jdk15on-1.60.jar:/home/user/.m2/repository/info/picocli/picocli/3.9.6/picocli-3.9.6.jar:/home/user/.m2/repository/com/google/protobuf/protobuf-java/2.5.0/protobuf-java-2.5.0.jar:/home/user/.m2/repository/com/google/guava/guava/11.0.2/guava-11.0.2.jar:/home/user/.m2/repository/org/apache/hadoop/hadoop-ozone-ozone-manager/0.5.0-SNAPSHOT/hadoop-ozone-ozone-manager-0.5.0-SNAPSHOT.jar:/home/user/.m2/repository/org/apache/hadoop/hadoop-minikdc/3.2.0/hadoop-minikdc-3.2.0.jar:/home/user/.m2/repository/commons-io/commons-io/2.5/commons-io-2.5.jar:/home/user/.m2/repository/org/apache/kerby/kerb-simplekdc/1.0.1/kerb-simplekdc-1.0.1.jar:/home/user/.m2/repository/org/apache/kerby/kerb-client/1.0.1/kerb-client-1.0.1.jar:/home/user/.m2/repository/org/apache/kerby/kerby-config/1.0.1/kerby-config-1.0.1.jar:/home/user/.m2/repository/org/apache/kerby/kerb-core/1.0.1/kerb-core-1.0.1.jar:/home/user/.m2/repository/org/apache/kerby/kerby-pkix/1.0.1/kerby-pkix-1.0.1.jar:/home/user/.m2/repository/org/apache/kerby/kerby-asn1/1.0.1/kerby-asn1-1.0.1.jar:/home/user/.m2/repository/org/apache/kerby/kerby-util/1.0.1/kerby-util-1.0.1.jar:/home/user/.m2/repository/org/apache/kerby/kerb-common/1.0.1/kerb-common-1.0.1.jar:/home/user/.m2/repository/org/apache/kerby/kerb-crypto/1.0.1/kerb-crypto-1.0.1.jar:/home/user/.m2/repository/org/apache/kerby/kerb-util/1.0.1/kerb-util-1.0.1.jar:/home/user/.m2/repository/org/apache/kerby/token-provider/1.0.1/token-provider-1.0.1.jar:/home/user/.m2/repository/org/apache/kerby/kerb-admin/1.0.1/kerb-admin-1.0.1.jar:/home/user/.m2/repository/org/apache/kerby/kerb-server/1.0.1/kerb-server-1.0.1.jar:/home/user/.m2/repository/org/apache/kerby/kerb-identity/1.0.1/kerb-identity-1.0.1.jar:/home/user/.m2/repository/org/apache/kerby/kerby-xdr/1.0.1/kerby-xdr-1.0.1.jar:/home/user/.m2/repository/org/slf4j/slf4j-log4j12/1.7.25/slf4j-log4j12-1.7.25.jar:/home/user/.m2/repository/org/apache/hadoop/hadoop-ozone-objectstore-service/0.5.0-SNAPSHOT/hadoop-ozone-objectstore-service-0.5.0-SNAPSHOT.jar:/home/user/.m2/repository/org/apache/hadoop/hadoop-ozone-s3gateway/0.5.0-SNAPSHOT/hadoop-ozone-s3gateway-0.5.0-SNAPSHOT.jar:/home/user/.m2/repository/org/jboss/weld/servlet/weld-servlet/2.4.7.Final/weld-servlet-2.4.7.Final.jar:/home/user/.m2/repository/org/glassfish/jersey/containers/jersey-container-servlet-core/2.27/jersey-container-servlet-core-2.27.jar:/home/user/.m2/repository/org/glassfish/hk2/external/javax.inject/2.5.0-b42/javax.inject-2.5.0-b42.jar:/home/user/.m2/repository/org/glassfish/jersey/core/jersey-common/2.27/jersey-common-2.27.jar:/home/user/.m2/repository/org/glassfish/hk2/osgi-resource-locator/1.0.1/osgi-resource-locator-1.0.1.jar:/home/user/.m2/repository/javax/ws/rs/javax.ws.rs-api/2.1/javax.ws.rs-api-2.1.jar:/home/user/.m2/repository/org/glassfish/jersey/ext/cdi/jersey-cdi1x/2.27/jersey-cdi1x-2.27.jar:/home/user/.m2/repository/org/glassfish/jersey/inject/jersey-hk2/2.27/jersey-hk2-2.27.jar:/home/user/.m2/repository/org/glassfish/hk2/hk2-locator/2.5.0-b42/hk2-locator-2.5.0-b42.jar:/home/user/.m2/repository/org/javassist/javassist/3.22.0-CR2/javassist-3.22.0-CR2.jar:/home/user/.m2/repository/org/glassfish/hk2/hk2-api/2.5.0/hk2-api-2.5.0.jar:/home/user/.m2/repository/org/glassfish/hk2/external/jakarta.inject/2.5.0/jakarta.inject-2.5.0.jar:/home/user/.m2/repository/org/glassfish/hk2/hk2-utils/2.5.0/hk2-utils-2.5.0.jar:/home/user/.m2/repository/jakarta/annotation/jakarta.annotation-api/1.3.4/jakarta.annotation-api-1.3.4.jar:/home/user/.m2/repository/org/glassfish/hk2/external/aopalliance-repackaged/2.5.0/aopalliance-repackaged-2.5.0.jar:/home/user/.m2/repository/com/fasterxml/jackson/dataformat/jackson-dataformat-xml/2.9.0/jackson-dataformat-xml-2.9.0.jar:/home/user/.m2/repository/com/fasterxml/jackson/core/jackson-core/2.9.5/jackson-core-2.9.5.jar:/home/user/.m2/repository/com/fasterxml/jackson/module/jackson-module-jaxb-annotations/2.9.5/jackson-module-jaxb-annotations-2.9.5.jar:/home/user/.m2/repository/javax/enterprise/cdi-api/1.2/cdi-api-1.2.jar:/home/user/.m2/repository/javax/el/javax.el-api/3.0.0/javax.el-api-3.0.0.jar:/home/user/.m2/repository/javax/interceptor/javax.interceptor-api/1.2/javax.interceptor-api-1.2.jar:/home/user/.m2/repository/javax/inject/javax.inject/1/javax.inject-1.jar:/home/user/.m2/repository/com/sun/xml/bind/jaxb-impl/2.3.0.1/jaxb-impl-2.3.0.1.jar:/home/user/.m2/repository/com/sun/xml/bind/jaxb-core/2.3.0.1/jaxb-core-2.3.0.1.jar:/home/user/.m2/repository/javax/xml/bind/jaxb-api/2.3.0/jaxb-api-2.3.0.jar:/home/user/.m2/repository/javax/activation/activation/1.1.1/activation-1.1.1.jar:/home/user/.m2/repository/org/apache/hadoop/hadoop-ozone-csi/0.5.0-SNAPSHOT/hadoop-ozone-csi-0.5.0-SNAPSHOT.jar:/home/user/.m2/repository/com/google/protobuf/protobuf-java-util/3.5.1/protobuf-java-util-3.5.1.jar:/home/user/.m2/repository/org/apache/hadoop/hadoop-hdds-config/0.5.0-SNAPSHOT/hadoop-hdds-config-0.5.0-SNAPSHOT.jar:/home/user/.m2/repository/io/grpc/grpc-netty/1.17.1/grpc-netty-1.17.1.jar:/home/user/.m2/repository/io/grpc/grpc-core/1.17.1/grpc-core-1.17.1.jar:/home/user/.m2/repository/io/grpc/grpc-context/1.17.1/grpc-context-1.17.1.jar:/home/user/.m2/repository/com/google/errorprone/error_prone_annotations/2.2.0/error_prone_annotations-2.2.0.jar:/home/user/.m2/repository/org/codehaus/mojo/animal-sniffer-annotations/1.17/animal-sniffer-annotations-1.17.jar:/home/user/.m2/repository/io/opencensus/opencensus-api/0.17.0/opencensus-api-0.17.0.jar:/home/user/.m2/repository/io/opencensus/opencensus-contrib-grpc-metrics/0.17.0/opencensus-contrib-grpc-metrics-0.17.0.jar:/home/user/.m2/repository/io/netty/netty-codec-http2/4.1.30.Final/netty-codec-http2-4.1.30.Final.jar:/home/user/.m2/repository/io/netty/netty-codec-http/4.1.30.Final/netty-codec-http-4.1.30.Final.jar:/home/user/.m2/repository/io/netty/netty-codec/4.1.30.Final/netty-codec-4.1.30.Final.jar:/home/user/.m2/repository/io/netty/netty-handler/4.1.30.Final/netty-handler-4.1.30.Final.jar:/home/user/.m2/repository/io/netty/netty-handler-proxy/4.1.30.Final/netty-handler-proxy-4.1.30.Final.jar:/home/user/.m2/repository/io/netty/netty-codec-socks/4.1.30.Final/netty-codec-socks-4.1.30.Final.jar:/home/user/.m2/repository/io/netty/netty-transport-native-epoll/4.1.30.Final/netty-transport-native-epoll-4.1.30.Final.jar:/home/user/.m2/repository/io/netty/netty-common/4.1.30.Final/netty-common-4.1.30.Final.jar:/home/user/.m2/repository/io/netty/netty-buffer/4.1.30.Final/netty-buffer-4.1.30.Final.jar:/home/user/.m2/repository/io/netty/netty-transport/4.1.30.Final/netty-transport-4.1.30.Final.jar:/home/user/.m2/repository/io/netty/netty-resolver/4.1.30.Final/netty-resolver-4.1.30.Final.jar:/home/user/.m2/repository/io/netty/netty-transport-native-unix-common/4.1.30.Final/netty-transport-native-unix-common-4.1.30.Final.jar:/home/user/.m2/repository/io/grpc/grpc-protobuf/1.17.1/grpc-protobuf-1.17.1.jar:/home/user/.m2/repository/com/google/api/grpc/proto-google-common-protos/1.0.0/proto-google-common-protos-1.0.0.jar:/home/user/.m2/repository/io/grpc/grpc-protobuf-lite/1.17.1/grpc-protobuf-lite-1.17.1.jar:/home/user/.m2/repository/io/grpc/grpc-stub/1.17.1/grpc-stub-1.17.1.jar:/home/user/.m2/repository/org/apache/hadoop/hadoop-ozone-recon/0.5.0-SNAPSHOT/hadoop-ozone-recon-0.5.0-SNAPSHOT.jar:/home/user/.m2/repository/org/apache/hadoop/hadoop-ozone-reconcodegen/0.5.0-SNAPSHOT/hadoop-ozone-reconcodegen-0.5.0-SNAPSHOT.jar:/home/user/.m2/repository/com/google/inject/extensions/guice-multibindings/4.0/guice-multibindings-4.0.jar:/home/user/.m2/repository/com/google/inject/guice/4.0/guice-4.0.jar:/home/user/.m2/repository/aopalliance/aopalliance/1.0/aopalliance-1.0.jar:/home/user/.m2/repository/com/google/inject/extensions/guice-servlet/4.0/guice-servlet-4.0.jar:/home/user/.m2/repository/org/glassfish/jersey/containers/jersey-container-servlet/2.27/jersey-container-servlet-2.27.jar:/home/user/.m2/repository/org/glassfish/hk2/guice-bridge/2.5.0/guice-bridge-2.5.0.jar:/home/user/.m2/repository/org/glassfish/jersey/core/jersey-server/2.27/jersey-server-2.27.jar:/home/user/.m2/repository/org/glassfish/jersey/core/jersey-client/2.27/jersey-client-2.27.jar:/home/user/.m2/repository/org/glassfish/jersey/media/jersey-media-jaxb/2.27/jersey-media-jaxb-2.27.jar:/home/user/.m2/repository/javax/validation/validation-api/1.1.0.Final/validation-api-1.1.0.Final.jar:/home/user/.m2/repository/org/glassfish/jersey/media/jersey-media-json-jackson/2.27/jersey-media-json-jackson-2.27.jar:/home/user/.m2/repository/org/glassfish/jersey/ext/jersey-entity-filtering/2.27/jersey-entity-filtering-2.27.jar:/home/user/.m2/repository/com/google/inject/extensions/guice-assistedinject/4.0/guice-assistedinject-4.0.jar:/home/user/.m2/repository/org/jooq/jooq/3.11.10/jooq-3.11.10.jar:/home/user/.m2/repository/org/jooq/jooq-meta/3.11.10/jooq-meta-3.11.10.jar:/home/user/.m2/repository/org/jooq/jooq-codegen/3.11.10/jooq-codegen-3.11.10.jar:/home/user/.m2/repository/com/jolbox/bonecp/0.8.0.RELEASE/bonecp-0.8.0.RELEASE.jar:/home/user/.m2/repository/org/xerial/sqlite-jdbc/3.25.2/sqlite-jdbc-3.25.2.jar:/home/user/.m2/repository/org/springframework/spring-jdbc/5.1.3.RELEASE/spring-jdbc-5.1.3.RELEASE.jar:/home/user/.m2/repository/org/springframework/spring-beans/5.1.3.RELEASE/spring-beans-5.1.3.RELEASE.jar:/home/user/.m2/repository/org/springframework/spring-core/5.1.3.RELEASE/spring-core-5.1.3.RELEASE.jar:/home/user/.m2/repository/org/springframework/spring-jcl/5.1.3.RELEASE/spring-jcl-5.1.3.RELEASE.jar:/home/user/.m2/repository/org/springframework/spring-tx/5.1.3.RELEASE/spring-tx-5.1.3.RELEASE.jar:/home/user/.m2/repository/org/apache/hadoop/hadoop-ozone-client/0.5.0-SNAPSHOT/hadoop-ozone-client-0.5.0-SNAPSHOT.jar:/home/user/.m2/repository/commons-lang/commons-lang/2.6/commons-lang-2.6.jar:/home/user/.m2/repository/org/apache/hadoop/hadoop-ozone-ozone-manager/0.5.0-SNAPSHOT/hadoop-ozone-ozone-manager-0.5.0-SNAPSHOT-tests.jar:/home/user/.m2/repository/junit/junit/4.11/junit-4.11.jar:/home/user/.m2/repository/org/hamcrest/hamcrest-core/1.3/hamcrest-core-1.3.jar:/home/user/.m2/repository/org/openjdk/jmh/jmh-core/1.19/jmh-core-1.19.jar:/home/user/.m2/repository/net/sf/jopt-simple/jopt-simple/4.6/jopt-simple-4.6.jar:/home/user/.m2/repository/org/apache/commons/commons-math3/3.1.1/commons-math3-3.1.1.jar:/home/user/.m2/repository/org/openjdk/jmh/jmh-generator-annprocess/1.19/jmh-generator-annprocess-1.19.jar:/home/user/.m2/repository/org/mockito/mockito-all/1.8.5/mockito-all-1.8.5.jar:/home/user/.m2/repository/org/apache/hadoop/hadoop-kms/3.2.0/hadoop-kms-3.2.0.jar:/home/user/.m2/repository/org/apache/hadoop/hadoop-auth/3.2.0/hadoop-auth-3.2.0.jar:/home/user/.m2/repository/com/nimbusds/nimbus-jose-jwt/4.41.1/nimbus-jose-jwt-4.41.1.jar:/home/user/.m2/repository/com/github/stephenc/jcip/jcip-annotations/1.0-1/jcip-annotations-1.0-1.jar:/home/user/.m2/repository/net/minidev/json-smart/2.3/json-smart-2.3.jar:/home/user/.m2/repository/net/minidev/accessors-smart/1.2/accessors-smart-1.2.jar:/home/user/.m2/repository/org/ow2/asm/asm/5.0.4/asm-5.0.4.jar:/home/user/.m2/repository/org/apache/curator/curator-framework/2.12.0/curator-framework-2.12.0.jar:/home/user/.m2/repository/com/sun/jersey/jersey-core/1.19/jersey-core-1.19.jar:/home/user/.m2/repository/javax/ws/rs/jsr311-api/1.1.1/jsr311-api-1.1.1.jar:/home/user/.m2/repository/com/sun/jersey/jersey-server/1.19/jersey-server-1.19.jar:/home/user/.m2/repository/javax/servlet/javax.servlet-api/3.1.0/javax.servlet-api-3.1.0.jar:/home/user/.m2/repository/org/eclipse/jetty/jetty-server/9.3.24.v20180605/jetty-server-9.3.24.v20180605.jar:/home/user/.m2/repository/org/eclipse/jetty/jetty-http/9.3.24.v20180605/jetty-http-9.3.24.v20180605.jar:/home/user/.m2/repository/org/eclipse/jetty/jetty-io/9.3.24.v20180605/jetty-io-9.3.24.v20180605.jar:/home/user/.m2/repository/org/eclipse/jetty/jetty-webapp/9.3.24.v20180605/jetty-webapp-9.3.24.v20180605.jar:/home/user/.m2/repository/org/eclipse/jetty/jetty-xml/9.3.24.v20180605/jetty-xml-9.3.24.v20180605.jar:/home/user/.m2/repository/log4j/log4j/1.2.17/log4j-1.2.17.jar:/home/user/.m2/repository/org/slf4j/slf4j-api/1.7.25/slf4j-api-1.7.25.jar:/home/user/.m2/repository/org/slf4j/jul-to-slf4j/1.7.25/jul-to-slf4j-1.7.25.jar:/home/user/.m2/repository/org/eclipse/jetty/jetty-util/9.3.24.v20180605/jetty-util-9.3.24.v20180605.jar:/home/user/.m2/repository/com/fasterxml/jackson/core/jackson-databind/2.9.5/jackson-databind-2.9.5.jar:/home/user/.m2/repository/org/apache/hadoop/hadoop-kms/3.2.0/hadoop-kms-3.2.0-tests.jar:/home/user/.m2/repository/org/apache/hadoop/hadoop-hdds-server-scm/0.5.0-SNAPSHOT/hadoop-hdds-server-scm-0.5.0-SNAPSHOT-tests.jar:/home/user/.m2/repository/org/apache/hadoop/hadoop-hdds-container-service/0.5.0-SNAPSHOT/hadoop-hdds-container-service-0.5.0-SNAPSHOT-tests.jar:/home/user/.m2/repository/org/yaml/snakeyaml/1.16/snakeyaml-1.16.jar:/home/user/.m2/repository/org/apache/hadoop/hadoop-common/3.2.0/hadoop-common-3.2.0-tests.jar:/home/user/.m2/repository/org/apache/hadoop/hadoop-annotations/3.2.0/hadoop-annotations-3.2.0.jar:/usr/lib/jvm/java-1.8-openjdk/jre/../lib/tools.jar:/home/user/.m2/repository/commons-cli/commons-cli/1.2/commons-cli-1.2.jar:/home/user/.m2/repository/org/apache/httpcomponents/httpclient/4.5.2/httpclient-4.5.2.jar:/home/user/.m2/repository/org/apache/httpcomponents/httpcore/4.4.4/httpcore-4.4.4.jar:/home/user/.m2/repository/commons-codec/commons-codec/1.11/commons-codec-1.11.jar:/home/user/.m2/repository/commons-net/commons-net/3.6/commons-net-3.6.jar:/home/user/.m2/repository/commons-collections/commons-collections/3.2.2/commons-collections-3.2.2.jar:/home/user/.m2/repository/org/eclipse/jetty/jetty-servlet/9.3.24.v20180605/jetty-servlet-9.3.24.v20180605.jar:/home/user/.m2/repository/org/eclipse/jetty/jetty-security/9.3.24.v20180605/jetty-security-9.3.24.v20180605.jar:/home/user/.m2/repository/javax/servlet/jsp/jsp-api/2.1/jsp-api-2.1.jar:/home/user/.m2/repository/com/sun/jersey/jersey-servlet/1.19/jersey-servlet-1.19.jar:/home/user/.m2/repository/com/sun/jersey/jersey-json/1.19/jersey-json-1.19.jar:/home/user/.m2/repository/org/codehaus/jettison/jettison/1.1/jettison-1.1.jar:/home/user/.m2/repository/org/codehaus/jackson/jackson-core-asl/1.9.13/jackson-core-asl-1.9.13.jar:/home/user/.m2/repository/org/codehaus/jackson/jackson-mapper-asl/1.9.13/jackson-mapper-asl-1.9.13.jar:/home/user/.m2/repository/org/codehaus/jackson/jackson-jaxrs/1.9.13/jackson-jaxrs-1.9.13.jar:/home/user/.m2/repository/org/codehaus/jackson/jackson-xc/1.9.13/jackson-xc-1.9.13.jar:/home/user/.m2/repository/commons-logging/commons-logging/1.1.3/commons-logging-1.1.3.jar:/home/user/.m2/repository/commons-beanutils/commons-beanutils/1.9.3/commons-beanutils-1.9.3.jar:/home/user/.m2/repository/org/apache/commons/commons-configuration2/2.1.1/commons-configuration2-2.1.1.jar:/home/user/.m2/repository/org/apache/commons/commons-lang3/3.7/commons-lang3-3.7.jar:/home/user/.m2/repository/org/apache/commons/commons-text/1.4/commons-text-1.4.jar:/home/user/.m2/repository/org/apache/avro/avro/1.7.7/avro-1.7.7.jar:/home/user/.m2/repository/com/thoughtworks/paranamer/paranamer/2.3/paranamer-2.3.jar:/home/user/.m2/repository/org/xerial/snappy/snappy-java/1.0.5/snappy-java-1.0.5.jar:/home/user/.m2/repository/com/google/re2j/re2j/1.1/re2j-1.1.jar:/home/user/.m2/repository/com/google/code/gson/gson/2.2.4/gson-2.2.4.jar:/home/user/.m2/repository/com/jcraft/jsch/0.1.54/jsch-0.1.54.jar:/home/user/.m2/repository/org/apache/curator/curator-client/2.12.0/curator-client-2.12.0.jar:/home/user/.m2/repository/org/apache/curator/curator-recipes/2.12.0/curator-recipes-2.12.0.jar:/home/user/.m2/repository/com/google/code/findbugs/jsr305/3.0.0/jsr305-3.0.0.jar:/home/user/.m2/repository/org/apache/htrace/htrace-core4/4.1.0-incubating/htrace-core4-4.1.0-incubating.jar:/home/user/.m2/repository/org/apache/zookeeper/zookeeper/3.4.13/zookeeper-3.4.13.jar:/home/user/.m2/repository/org/apache/yetus/audience-annotations/0.5.0/audience-annotations-0.5.0.jar:/home/user/.m2/repository/org/codehaus/woodstox/stax2-api/3.1.4/stax2-api-3.1.4.jar:/home/user/.m2/repository/com/fasterxml/woodstox/woodstox-core/5.0.3/woodstox-core-5.0.3.jar:/home/user/.m2/repository/dnsjava/dnsjava/2.1.7/dnsjava-2.1.7.jar:/home/user/.m2/repository/org/apache/hadoop/hadoop-hdfs/3.2.0/hadoop-hdfs-3.2.0-tests.jar:/home/user/.m2/repository/org/eclipse/jetty/jetty-util-ajax/9.3.24.v20180605/jetty-util-ajax-9.3.24.v20180605.jar:/home/user/.m2/repository/commons-daemon/commons-daemon/1.0.13/commons-daemon-1.0.13.jar:/home/user/.m2/repository/io/netty/netty/3.10.5.Final/netty-3.10.5.Final.jar:/home/user/.m2/repository/io/netty/netty-all/4.0.52.Final/netty-all-4.0.52.Final.jar:/home/user/.m2/repository/org/fusesource/leveldbjni/leveldbjni-all/1.8/leveldbjni-all-1.8.jar:"/>
    <property name="sun.cpu.endian" value="little"/>
    <property name="user.home" value="/home/user"/>
    <property name="user.language" value="en"/>
    <property name="java.specification.vendor" value="Oracle Corporation"/>
    <property name="java.home" value="/usr/lib/jvm/java-1.8-openjdk/jre"/>
    <property name="java.security.krb5.conf" value="/workdir/hadoop-ozone/integration-test/target/test-classes/krb5.conf"/>
    <property name="basedir" value="/workdir/hadoop-ozone/integration-test"/>
    <property name="file.separator" value="/"/>
    <property name="line.separator" value="&#10;"/>
    <property name="java.vm.specification.vendor" value="Oracle Corporation"/>
    <property name="java.specification.name" value="Java Platform API Specification"/>
    <property name="java.awt.graphicsenv" value="sun.awt.X11GraphicsEnvironment"/>
    <property name="surefire.real.class.path" value="/workdir/hadoop-ozone/integration-test/target/surefire/surefirebooter2579909505367511323.jar"/>
    <property name="hadoop.log.dir" value="/workdir/hadoop-ozone/integration-test/target/log"/>
    <property name="sun.boot.class.path" value="/usr/lib/jvm/java-1.8-openjdk/jre/lib/resources.jar:/usr/lib/jvm/java-1.8-openjdk/jre/lib/rt.jar:/usr/lib/jvm/java-1.8-openjdk/jre/lib/sunrsasign.jar:/usr/lib/jvm/java-1.8-openjdk/jre/lib/jsse.jar:/usr/lib/jvm/java-1.8-openjdk/jre/lib/jce.jar:/usr/lib/jvm/java-1.8-openjdk/jre/lib/charsets.jar:/usr/lib/jvm/java-1.8-openjdk/jre/lib/jfr.jar:/usr/lib/jvm/java-1.8-openjdk/jre/classes"/>
    <property name="sun.management.compiler" value="HotSpot 64-Bit Tiered Compilers"/>
    <property name="java.runtime.version" value="1.8.0_212-b04"/>
    <property name="java.net.preferIPv4Stack" value="true"/>
    <property name="user.name" value="jenkins1000"/>
    <property name="path.separator" value=":"/>
    <property name="java.security.egd" value="file:///dev/urandom"/>
    <property name="os.version" value="3.10.0-957.12.2.el7.x86_64"/>
    <property name="java.endorsed.dirs" value="/usr/lib/jvm/java-1.8-openjdk/jre/lib/endorsed"/>
    <property name="java.runtime.name" value="OpenJDK Runtime Environment"/>
    <property name="file.encoding" value="UTF-8"/>
    <property name="java.vm.name" value="OpenJDK 64-Bit Server VM"/>
    <property name="test.build.webapps" value=""/>
    <property name="localRepository" value="/home/user/.m2/repository"/>
    <property name="java.vendor.url.bug" value="https://icedtea.classpath.org/bugzilla"/>
    <property name="java.io.tmpdir" value="/tmp"/>
    <property name="require.test.libhadoop" value=""/>
    <property name="java.version" value="1.8.0_212"/>
    <property name="user.dir" value="/workdir/hadoop-ozone/integration-test"/>
    <property name="os.arch" value="amd64"/>
    <property name="java.vm.specification.name" value="Java Virtual Machine Specification"/>
    <property name="test.build.classes" value="/workdir/hadoop-ozone/integration-test/target/test-classes"/>
    <property name="java.awt.printerjob" value="sun.print.PSPrinterJob"/>
    <property name="sun.os.patch.level" value="unknown"/>
    <property name="hadoop.tmp.dir" value="/workdir/hadoop-ozone/integration-test/target/tmp"/>
    <property name="java.library.path" value="/usr/lib/jvm/java-1.8-openjdk/jre/lib/amd64/server:/usr/lib/jvm/java-1.8-openjdk/jre/lib/amd64:/usr/lib/jvm/java-1.8-openjdk/jre/../lib/amd64:/workdir/hadoop-ozone/integration-test/target/native/target/usr/local/lib:/workdir/hadoop-ozone/integration-test/../../hadoop-common-project/hadoop-common/target/native/target/usr/local/lib:/usr/java/packages/lib/amd64:/usr/lib64:/lib64:/lib:/usr/lib"/>
    <property name="java.vm.info" value="mixed mode"/>
    <property name="java.vendor" value="IcedTea"/>
    <property name="java.vm.version" value="25.212-b04"/>
    <property name="java.ext.dirs" value="/usr/lib/jvm/java-1.8-openjdk/jre/lib/ext:/usr/java/packages/lib/ext"/>
    <property name="sun.io.unicode.encoding" value="UnicodeLittle"/>
    <property name="java.class.version" value="52.0"/>
  </properties>
  <testcase name="testReleaseBuffers" classname="org.apache.hadoop.ozone.client.rpc.TestCommitWatcher" time="6.058"/>
  <testcase name="testReleaseBuffersOnException" classname="org.apache.hadoop.ozone.client.rpc.TestCommitWatcher" time="10.704">
    <failure type="java.lang.AssertionError">java.lang.AssertionError
	at org.junit.Assert.fail(Assert.java:86)
	at org.junit.Assert.assertTrue(Assert.java:41)
	at org.junit.Assert.assertTrue(Assert.java:52)
	at org.apache.hadoop.ozone.client.rpc.TestCommitWatcher.testReleaseBuffersOnException(TestCommitWatcher.java:284)
	at sun.reflect.NativeMethodAccessorImpl.invoke0(Native Method)
	at sun.reflect.NativeMethodAccessorImpl.invoke(NativeMethodAccessorImpl.java:62)
	at sun.reflect.DelegatingMethodAccessorImpl.invoke(DelegatingMethodAccessorImpl.java:43)
	at java.lang.reflect.Method.invoke(Method.java:498)
	at org.junit.runners.model.FrameworkMethod$1.runReflectiveCall(FrameworkMethod.java:47)
	at org.junit.internal.runners.model.ReflectiveCallable.run(ReflectiveCallable.java:12)
	at org.junit.runners.model.FrameworkMethod.invokeExplosively(FrameworkMethod.java:44)
	at org.junit.internal.runners.statements.InvokeMethod.evaluate(InvokeMethod.java:17)
	at org.junit.runners.ParentRunner.runLeaf(ParentRunner.java:271)
	at org.junit.runners.BlockJUnit4ClassRunner.runChild(BlockJUnit4ClassRunner.java:70)
	at org.junit.runners.BlockJUnit4ClassRunner.runChild(BlockJUnit4ClassRunner.java:50)
	at org.junit.runners.ParentRunner$3.run(ParentRunner.java:238)
	at org.junit.runners.ParentRunner$1.schedule(ParentRunner.java:63)
	at org.junit.runners.ParentRunner.runChildren(ParentRunner.java:236)
	at org.junit.runners.ParentRunner.access$000(ParentRunner.java:53)
	at org.junit.runners.ParentRunner$2.evaluate(ParentRunner.java:229)
	at org.junit.internal.runners.statements.RunBefores.evaluate(RunBefores.java:26)
	at org.junit.internal.runners.statements.RunAfters.evaluate(RunAfters.java:27)
	at org.junit.runners.ParentRunner.run(ParentRunner.java:309)
	at org.apache.maven.surefire.junit4.JUnit4Provider.execute(JUnit4Provider.java:365)
	at org.apache.maven.surefire.junit4.JUnit4Provider.executeWithRerun(JUnit4Provider.java:273)
	at org.apache.maven.surefire.junit4.JUnit4Provider.executeTestSet(JUnit4Provider.java:238)
	at org.apache.maven.surefire.junit4.JUnit4Provider.invoke(JUnit4Provider.java:159)
	at org.apache.maven.surefire.booter.ForkedBooter.invokeProviderInSameClassLoader(ForkedBooter.java:384)
	at org.apache.maven.surefire.booter.ForkedBooter.runSuitesInProcess(ForkedBooter.java:345)
	at org.apache.maven.surefire.booter.ForkedBooter.execute(ForkedBooter.java:126)
	at org.apache.maven.surefire.booter.ForkedBooter.main(ForkedBooter.java:418)
</failure>
    <system-out><![CDATA[2019-08-22 20:43:34,696 | INFO  | SCMAudit | user=jenkins1000 | ip=192.168.5.154 | op=SEND_HEARTBEAT {datanodeUUID=b124cbb3-98a4-41e2-a570-6c9f5f6e226c, command=[]} | ret=SUCCESS |  
2019-08-22 20:43:34,737 [grpc-default-executor-5] INFO  client.GrpcClientProtocolClient (GrpcClientProtocolClient.java:onNext(255)) - client-BB7E5BBC9BE9->e6520977-300e-426b-8a74-1e4b0bbe8f6d: receive RaftClientReply:client-BB7E5BBC9BE9->e6520977-300e-426b-8a74-1e4b0bbe8f6d@group-DD4C3489CF2E, cid=17, FAILED org.apache.ratis.protocol.NotLeaderException: Server e6520977-300e-426b-8a74-1e4b0bbe8f6d is not the leader (eb4d5cdb-d9d9-4d16-882a-286674bb0372:192.168.5.154:36901). Request must be sent to leader., logIndex=0, commits[e6520977-300e-426b-8a74-1e4b0bbe8f6d:c-1, b124cbb3-98a4-41e2-a570-6c9f5f6e226c:c-1, eb4d5cdb-d9d9-4d16-882a-286674bb0372:c-1]
2019-08-22 20:43:34,868 | INFO  | SCMAudit | user=jenkins1000 | ip=192.168.5.154 | op=SEND_HEARTBEAT {datanodeUUID=e6520977-300e-426b-8a74-1e4b0bbe8f6d, command=[]} | ret=SUCCESS |  
2019-08-22 20:43:34,926 | INFO  | SCMAudit | user=jenkins1000 | ip=192.168.5.154 | op=SEND_HEARTBEAT {datanodeUUID=eb4d5cdb-d9d9-4d16-882a-286674bb0372, command=[]} | ret=SUCCESS |  
2019-08-22 20:43:34,926 | INFO  | SCMAudit | user=jenkins1000 | ip=192.168.5.154 | op=SEND_HEARTBEAT {datanodeUUID=b124cbb3-98a4-41e2-a570-6c9f5f6e226c, command=[]} | ret=SUCCESS |  
2019-08-22 20:43:34,926 | INFO  | SCMAudit | user=jenkins1000 | ip=192.168.5.154 | op=SEND_HEARTBEAT {datanodeUUID=e6520977-300e-426b-8a74-1e4b0bbe8f6d, command=[]} | ret=SUCCESS |  
2019-08-22 20:43:34,947 | INFO  | DNAudit | user=null | ip=null | op=WRITE_CHUNK {blockData=conID: 2 locID: 1566506614688 bcsId: 0} | ret=SUCCESS |  
2019-08-22 20:43:34,947 | INFO  | DNAudit | user=null | ip=null | op=WRITE_CHUNK {blockData=conID: 2 locID: 1566506614688 bcsId: 0} | ret=SUCCESS |  
2019-08-22 20:43:34,947 | INFO  | DNAudit | user=null | ip=null | op=WRITE_CHUNK {blockData=conID: 2 locID: 1566506614688 bcsId: 0} | ret=SUCCESS |  
2019-08-22 20:43:34,968 | INFO  | DNAudit | user=null | ip=null | op=WRITE_CHUNK {blockData=conID: 2 locID: 1566506614688 bcsId: 0} | ret=SUCCESS |  
2019-08-22 20:43:34,972 [grpc-default-executor-2] INFO  client.GrpcClientProtocolClient (GrpcClientProtocolClient.java:onNext(255)) - client-BB7E5BBC9BE9->eb4d5cdb-d9d9-4d16-882a-286674bb0372: receive RaftClientReply:client-BB7E5BBC9BE9->eb4d5cdb-d9d9-4d16-882a-286674bb0372@group-DD4C3489CF2E, cid=17, SUCCESS, logIndex=1, commits[eb4d5cdb-d9d9-4d16-882a-286674bb0372:c1, b124cbb3-98a4-41e2-a570-6c9f5f6e226c:c0, e6520977-300e-426b-8a74-1e4b0bbe8f6d:c0]
2019-08-22 20:43:34,982 | INFO  | DNAudit | user=null | ip=null | op=WRITE_CHUNK {blockData=conID: 2 locID: 1566506614688 bcsId: 0} | ret=SUCCESS |  
2019-08-22 20:43:34,986 | INFO  | DNAudit | user=null | ip=null | op=WRITE_CHUNK {blockData=conID: 2 locID: 1566506614688 bcsId: 0} | ret=SUCCESS |  
2019-08-22 20:43:34,994 [pool-37-thread-4] WARN  impl.ChunkManagerImpl (ChunkUtils.java:validateChunkForOverwrite(218)) - Duplicate write chunk request. Chunk overwrite without explicit request. ChunkInfo{chunkName='1566506614688.data.0, offset=0, len=1048576}
2019-08-22 20:43:34,996 [pool-37-thread-4] WARN  impl.ChunkManagerImpl (ChunkManagerImpl.java:writeChunk(111)) - ChunkFile already exists/workdir/hadoop-ozone/integration-test/target/test-dir/MiniOzoneClusterImpl-f242e933-23dd-42bf-88e2-18b5eb1835bb/datanode-1/data/containers/hdds/fd54cbab-548d-4d87-99e9-90d9ad7f7c1c/current/containerDir0/2/chunks/1566506614688.data.0.Deleting it.
2019-08-22 20:43:35,000 | INFO  | DNAudit | user=null | ip=null | op=WRITE_CHUNK {blockData=conID: 2 locID: 1566506614688 bcsId: 0} | ret=SUCCESS |  
2019-08-22 20:43:35,007 [pool-26-thread-2] WARN  impl.ChunkManagerImpl (ChunkUtils.java:validateChunkForOverwrite(218)) - Duplicate write chunk request. Chunk overwrite without explicit request. ChunkInfo{chunkName='1566506614688.data.0, offset=0, len=1048576}
2019-08-22 20:43:35,008 [pool-26-thread-2] WARN  impl.ChunkManagerImpl (ChunkManagerImpl.java:writeChunk(111)) - ChunkFile already exists/workdir/hadoop-ozone/integration-test/target/test-dir/MiniOzoneClusterImpl-f242e933-23dd-42bf-88e2-18b5eb1835bb/datanode-0/data/containers/hdds/fd54cbab-548d-4d87-99e9-90d9ad7f7c1c/current/containerDir0/2/chunks/1566506614688.data.0.Deleting it.
2019-08-22 20:43:35,008 [pool-59-thread-2] WARN  impl.ChunkManagerImpl (ChunkUtils.java:validateChunkForOverwrite(218)) - Duplicate write chunk request. Chunk overwrite without explicit request. ChunkInfo{chunkName='1566506614688.data.0, offset=0, len=1048576}
2019-08-22 20:43:35,008 [pool-59-thread-2] WARN  impl.ChunkManagerImpl (ChunkManagerImpl.java:writeChunk(111)) - ChunkFile already exists/workdir/hadoop-ozone/integration-test/target/test-dir/MiniOzoneClusterImpl-f242e933-23dd-42bf-88e2-18b5eb1835bb/datanode-3/data/containers/hdds/fd54cbab-548d-4d87-99e9-90d9ad7f7c1c/current/containerDir0/2/chunks/1566506614688.data.0.Deleting it.
2019-08-22 20:43:35,012 | INFO  | DNAudit | user=null | ip=null | op=WRITE_CHUNK {blockData=conID: 2 locID: 1566506614688 bcsId: 0} | ret=SUCCESS |  
2019-08-22 20:43:35,012 | INFO  | DNAudit | user=null | ip=null | op=WRITE_CHUNK {blockData=conID: 2 locID: 1566506614688 bcsId: 0} | ret=SUCCESS |  
2019-08-22 20:43:35,028 | INFO  | DNAudit | user=null | ip=null | op=PUT_BLOCK {blockData=[blockId=conID: 2 locID: 1566506614688 bcsId: 0,size=1048576]} | ret=SUCCESS |  
2019-08-22 20:43:35,031 | INFO  | DNAudit | user=null | ip=null | op=WRITE_CHUNK {blockData=conID: 2 locID: 1566506614688 bcsId: 0} | ret=SUCCESS |  
2019-08-22 20:43:35,033 [grpc-default-executor-5] INFO  client.GrpcClientProtocolClient (GrpcClientProtocolClient.java:onNext(255)) - client-BB7E5BBC9BE9->eb4d5cdb-d9d9-4d16-882a-286674bb0372: receive RaftClientReply:client-BB7E5BBC9BE9->eb4d5cdb-d9d9-4d16-882a-286674bb0372@group-DD4C3489CF2E, cid=18, SUCCESS, logIndex=3, commits[eb4d5cdb-d9d9-4d16-882a-286674bb0372:c7, b124cbb3-98a4-41e2-a570-6c9f5f6e226c:c5, e6520977-300e-426b-8a74-1e4b0bbe8f6d:c5]
2019-08-22 20:43:35,034 [grpc-default-executor-5] INFO  client.GrpcClientProtocolClient (GrpcClientProtocolClient.java:onNext(255)) - client-BB7E5BBC9BE9->eb4d5cdb-d9d9-4d16-882a-286674bb0372: receive RaftClientReply:client-BB7E5BBC9BE9->eb4d5cdb-d9d9-4d16-882a-286674bb0372@group-DD4C3489CF2E, cid=19, SUCCESS, logIndex=4, commits[eb4d5cdb-d9d9-4d16-882a-286674bb0372:c8, b124cbb3-98a4-41e2-a570-6c9f5f6e226c:c6, e6520977-300e-426b-8a74-1e4b0bbe8f6d:c6]
2019-08-22 20:43:35,104 | INFO  | DNAudit | user=null | ip=null | op=PUT_BLOCK {blockData=[blockId=conID: 2 locID: 1566506614688 bcsId: 0,size=1048576]} | ret=SUCCESS |  
2019-08-22 20:43:35,104 | INFO  | DNAudit | user=null | ip=null | op=WRITE_CHUNK {blockData=conID: 2 locID: 1566506614688 bcsId: 0} | ret=SUCCESS |  
2019-08-22 20:43:35,162 | INFO  | DNAudit | user=null | ip=null | op=PUT_BLOCK {blockData=[blockId=conID: 2 locID: 1566506614688 bcsId: 0,size=1048576]} | ret=SUCCESS |  
2019-08-22 20:43:35,163 | INFO  | DNAudit | user=null | ip=null | op=PUT_BLOCK {blockData=[blockId=conID: 2 locID: 1566506614688 bcsId: 0,size=1048576]} | ret=SUCCESS |  
2019-08-22 20:43:35,163 | INFO  | DNAudit | user=null | ip=null | op=PUT_BLOCK {blockData=[blockId=conID: 2 locID: 1566506614688 bcsId: 0,size=1048576]} | ret=SUCCESS |  
2019-08-22 20:43:35,164 | INFO  | DNAudit | user=null | ip=null | op=WRITE_CHUNK {blockData=conID: 2 locID: 1566506614688 bcsId: 0} | ret=SUCCESS |  
2019-08-22 20:43:35,165 | INFO  | DNAudit | user=null | ip=null | op=PUT_BLOCK {blockData=[blockId=conID: 2 locID: 1566506614688 bcsId: 0,size=1048576]} | ret=SUCCESS |  
2019-08-22 20:43:35,166 [grpc-default-executor-5] INFO  client.GrpcClientProtocolClient (GrpcClientProtocolClient.java:onNext(255)) - client-BB7E5BBC9BE9->eb4d5cdb-d9d9-4d16-882a-286674bb0372: receive RaftClientReply:client-BB7E5BBC9BE9->eb4d5cdb-d9d9-4d16-882a-286674bb0372@group-DD4C3489CF2E, cid=20, SUCCESS, logIndex=5, commits[eb4d5cdb-d9d9-4d16-882a-286674bb0372:c8, b124cbb3-98a4-41e2-a570-6c9f5f6e226c:c6, e6520977-300e-426b-8a74-1e4b0bbe8f6d:c6]
2019-08-22 20:43:35,167 [main] INFO  datanode.ObjectStoreHandler (ObjectStoreHandler.java:close(155)) - Closing ObjectStoreHandler.
2019-08-22 20:43:35,168 [main] INFO  ozone.HddsDatanodeService (HddsDatanodeService.java:stop(451)) - Stopped plug-in org.apache.hadoop.ozone.web.OzoneHddsDatanodeService@55e1192
2019-08-22 20:43:35,174 | INFO  | SCMAudit | user=jenkins1000 | ip=192.168.5.154 | op=SEND_HEARTBEAT {datanodeUUID=10bcdb6f-5c4c-4f44-881a-80d94105d553, command=[]} | ret=SUCCESS |  
2019-08-22 20:43:35,384 | INFO  | SCMAudit | user=jenkins1000 | ip=192.168.5.154 | op=SEND_HEARTBEAT {datanodeUUID=fb3ef69a-8a8c-4b37-8ef8-d3552adf2427, command=[]} | ret=SUCCESS |  
2019-08-22 20:43:35,428 | INFO  | SCMAudit | user=jenkins1000 | ip=192.168.5.154 | op=SEND_HEARTBEAT {datanodeUUID=6a104c5f-1e7c-44fc-914a-889556a84e0c, command=[]} | ret=SUCCESS |  
2019-08-22 20:43:35,428 | INFO  | SCMAudit | user=jenkins1000 | ip=192.168.5.154 | op=SEND_HEARTBEAT {datanodeUUID=ad761884-aa7d-4d66-a0b7-990249c3b0ff, command=[]} | ret=SUCCESS |  
2019-08-22 20:43:35,925 [Datanode State Machine Thread - 0] INFO  statemachine.DatanodeStateMachine (DatanodeStateMachine.java:lambda$startDaemon$0(350)) - Ozone container server started.
2019-08-22 20:43:35,927 | INFO  | SCMAudit | user=jenkins1000 | ip=192.168.5.154 | op=SEND_HEARTBEAT {datanodeUUID=eb4d5cdb-d9d9-4d16-882a-286674bb0372, command=[]} | ret=SUCCESS |  
2019-08-22 20:43:35,927 | INFO  | SCMAudit | user=jenkins1000 | ip=192.168.5.154 | op=SEND_HEARTBEAT {datanodeUUID=b124cbb3-98a4-41e2-a570-6c9f5f6e226c, command=[]} | ret=SUCCESS |  
2019-08-22 20:43:36,175 | INFO  | SCMAudit | user=jenkins1000 | ip=192.168.5.154 | op=SEND_HEARTBEAT {datanodeUUID=10bcdb6f-5c4c-4f44-881a-80d94105d553, command=[]} | ret=SUCCESS |  
2019-08-22 20:43:36,384 | INFO  | SCMAudit | user=jenkins1000 | ip=192.168.5.154 | op=SEND_HEARTBEAT {datanodeUUID=fb3ef69a-8a8c-4b37-8ef8-d3552adf2427, command=[]} | ret=SUCCESS |  
2019-08-22 20:43:36,428 | INFO  | SCMAudit | user=jenkins1000 | ip=192.168.5.154 | op=SEND_HEARTBEAT {datanodeUUID=6a104c5f-1e7c-44fc-914a-889556a84e0c, command=[]} | ret=SUCCESS |  
2019-08-22 20:43:36,428 | INFO  | SCMAudit | user=jenkins1000 | ip=192.168.5.154 | op=SEND_HEARTBEAT {datanodeUUID=ad761884-aa7d-4d66-a0b7-990249c3b0ff, command=[]} | ret=SUCCESS |  
2019-08-22 20:43:36,927 | INFO  | SCMAudit | user=jenkins1000 | ip=192.168.5.154 | op=SEND_HEARTBEAT {datanodeUUID=eb4d5cdb-d9d9-4d16-882a-286674bb0372, command=[]} | ret=SUCCESS |  
2019-08-22 20:43:36,928 | INFO  | SCMAudit | user=jenkins1000 | ip=192.168.5.154 | op=SEND_HEARTBEAT {datanodeUUID=b124cbb3-98a4-41e2-a570-6c9f5f6e226c, command=[]} | ret=SUCCESS |  
2019-08-22 20:43:37,175 | INFO  | SCMAudit | user=jenkins1000 | ip=192.168.5.154 | op=SEND_HEARTBEAT {datanodeUUID=10bcdb6f-5c4c-4f44-881a-80d94105d553, command=[]} | ret=SUCCESS |  
2019-08-22 20:43:37,383 | INFO  | SCMAudit | user=jenkins1000 | ip=192.168.5.154 | op=SEND_HEARTBEAT {datanodeUUID=fb3ef69a-8a8c-4b37-8ef8-d3552adf2427, command=[]} | ret=SUCCESS |  
2019-08-22 20:43:37,428 | INFO  | SCMAudit | user=jenkins1000 | ip=192.168.5.154 | op=SEND_HEARTBEAT {datanodeUUID=6a104c5f-1e7c-44fc-914a-889556a84e0c, command=[]} | ret=SUCCESS |  
2019-08-22 20:43:37,428 | INFO  | SCMAudit | user=jenkins1000 | ip=192.168.5.154 | op=SEND_HEARTBEAT {datanodeUUID=ad761884-aa7d-4d66-a0b7-990249c3b0ff, command=[]} | ret=SUCCESS |  
2019-08-22 20:43:37,927 | INFO  | SCMAudit | user=jenkins1000 | ip=192.168.5.154 | op=SEND_HEARTBEAT {datanodeUUID=eb4d5cdb-d9d9-4d16-882a-286674bb0372, command=[]} | ret=SUCCESS |  
2019-08-22 20:43:37,927 | INFO  | SCMAudit | user=jenkins1000 | ip=192.168.5.154 | op=SEND_HEARTBEAT {datanodeUUID=b124cbb3-98a4-41e2-a570-6c9f5f6e226c, command=[]} | ret=SUCCESS |  
2019-08-22 20:43:38,003 [EventQueue-StaleNodeForStaleNodeHandler] INFO  node.StaleNodeHandler (StaleNodeHandler.java:onMessage(58)) - Datanode e6520977-300e-426b-8a74-1e4b0bbe8f6d{ip: 192.168.5.154, host: pr-hdds-1975-8q6qf-1339330341, networkLocation: /default-rack, certSerialId: null} moved to stale state. Finalizing its pipelines [PipelineID=349053c4-b398-4c83-abd1-dd4c3489cf2e, PipelineID=443b7e1f-fde9-4de4-bec7-28d15c8be59f]
2019-08-22 20:43:38,004 [EventQueue-StaleNodeForStaleNodeHandler] INFO  pipeline.SCMPipelineManager (SCMPipelineManager.java:finalizeAndDestroyPipeline(309)) - destroying pipeline:Pipeline[ Id: 349053c4-b398-4c83-abd1-dd4c3489cf2e, Nodes: e6520977-300e-426b-8a74-1e4b0bbe8f6d{ip: 192.168.5.154, host: pr-hdds-1975-8q6qf-1339330341, networkLocation: /default-rack, certSerialId: null}eb4d5cdb-d9d9-4d16-882a-286674bb0372{ip: 192.168.5.154, host: pr-hdds-1975-8q6qf-1339330341, networkLocation: /default-rack, certSerialId: null}b124cbb3-98a4-41e2-a570-6c9f5f6e226c{ip: 192.168.5.154, host: pr-hdds-1975-8q6qf-1339330341, networkLocation: /default-rack, certSerialId: null}, Type:RATIS, Factor:THREE, State:OPEN]
2019-08-22 20:43:38,006 [EventQueue-StaleNodeForStaleNodeHandler] INFO  pipeline.PipelineStateManager (PipelineStateManager.java:finalizePipeline(123)) - Pipeline Pipeline[ Id: 349053c4-b398-4c83-abd1-dd4c3489cf2e, Nodes: e6520977-300e-426b-8a74-1e4b0bbe8f6d{ip: 192.168.5.154, host: pr-hdds-1975-8q6qf-1339330341, networkLocation: /default-rack, certSerialId: null}eb4d5cdb-d9d9-4d16-882a-286674bb0372{ip: 192.168.5.154, host: pr-hdds-1975-8q6qf-1339330341, networkLocation: /default-rack, certSerialId: null}b124cbb3-98a4-41e2-a570-6c9f5f6e226c{ip: 192.168.5.154, host: pr-hdds-1975-8q6qf-1339330341, networkLocation: /default-rack, certSerialId: null}, Type:RATIS, Factor:THREE, State:CLOSED] moved to CLOSED state
2019-08-22 20:43:38,006 [EventQueue-CloseContainerForCloseContainerEventHandler] INFO  container.CloseContainerEventHandler (CloseContainerEventHandler.java:onMessage(61)) - Close container Event triggered for container : #2
2019-08-22 20:43:38,010 [EventQueue-StaleNodeForStaleNodeHandler] INFO  pipeline.SCMPipelineManager (SCMPipelineManager.java:finalizeAndDestroyPipeline(309)) - destroying pipeline:Pipeline[ Id: 443b7e1f-fde9-4de4-bec7-28d15c8be59f, Nodes: e6520977-300e-426b-8a74-1e4b0bbe8f6d{ip: 192.168.5.154, host: pr-hdds-1975-8q6qf-1339330341, networkLocation: /default-rack, certSerialId: null}, Type:RATIS, Factor:ONE, State:OPEN]
2019-08-22 20:43:38,020 [EventQueue-StaleNodeForStaleNodeHandler] INFO  pipeline.PipelineStateManager (PipelineStateManager.java:finalizePipeline(123)) - Pipeline Pipeline[ Id: 443b7e1f-fde9-4de4-bec7-28d15c8be59f, Nodes: e6520977-300e-426b-8a74-1e4b0bbe8f6d{ip: 192.168.5.154, host: pr-hdds-1975-8q6qf-1339330341, networkLocation: /default-rack, certSerialId: null}, Type:RATIS, Factor:ONE, State:CLOSED] moved to CLOSED state
2019-08-22 20:43:38,175 | INFO  | SCMAudit | user=jenkins1000 | ip=192.168.5.154 | op=SEND_HEARTBEAT {datanodeUUID=10bcdb6f-5c4c-4f44-881a-80d94105d553, command=[]} | ret=SUCCESS |  
2019-08-22 20:43:38,383 | INFO  | SCMAudit | user=jenkins1000 | ip=192.168.5.154 | op=SEND_HEARTBEAT {datanodeUUID=fb3ef69a-8a8c-4b37-8ef8-d3552adf2427, command=[]} | ret=SUCCESS |  
2019-08-22 20:43:38,428 | INFO  | SCMAudit | user=jenkins1000 | ip=192.168.5.154 | op=SEND_HEARTBEAT {datanodeUUID=6a104c5f-1e7c-44fc-914a-889556a84e0c, command=[]} | ret=SUCCESS |  
2019-08-22 20:43:38,428 | INFO  | SCMAudit | user=jenkins1000 | ip=192.168.5.154 | op=SEND_HEARTBEAT {datanodeUUID=ad761884-aa7d-4d66-a0b7-990249c3b0ff, command=[]} | ret=SUCCESS |  
2019-08-22 20:43:38,967 | INFO  | SCMAudit | user=jenkins1000 | ip=192.168.5.154 | op=SEND_HEARTBEAT {datanodeUUID=b124cbb3-98a4-41e2-a570-6c9f5f6e226c, command=[commandType: closeContainerCommand closeContainerCommandProto { containerID: 2 pipelineID { id: "349053c4-b398-4c83-abd1-dd4c3489cf2e" } cmdId: 2 force: false } ]} | ret=SUCCESS |  
2019-08-22 20:43:38,967 | INFO  | SCMAudit | user=jenkins1000 | ip=192.168.5.154 | op=SEND_HEARTBEAT {datanodeUUID=eb4d5cdb-d9d9-4d16-882a-286674bb0372, command=[commandType: closeContainerCommand closeContainerCommandProto { containerID: 2 pipelineID { id: "349053c4-b398-4c83-abd1-dd4c3489cf2e" } cmdId: 2 force: false } ]} | ret=SUCCESS |  
2019-08-22 20:43:39,175 | INFO  | SCMAudit | user=jenkins1000 | ip=192.168.5.154 | op=SEND_HEARTBEAT {datanodeUUID=10bcdb6f-5c4c-4f44-881a-80d94105d553, command=[]} | ret=SUCCESS |  
2019-08-22 20:43:39,384 | INFO  | SCMAudit | user=jenkins1000 | ip=192.168.5.154 | op=SEND_HEARTBEAT {datanodeUUID=fb3ef69a-8a8c-4b37-8ef8-d3552adf2427, command=[]} | ret=SUCCESS |  
2019-08-22 20:43:39,428 | INFO  | SCMAudit | user=jenkins1000 | ip=192.168.5.154 | op=SEND_HEARTBEAT {datanodeUUID=6a104c5f-1e7c-44fc-914a-889556a84e0c, command=[]} | ret=SUCCESS |  
2019-08-22 20:43:39,428 | INFO  | SCMAudit | user=jenkins1000 | ip=192.168.5.154 | op=SEND_HEARTBEAT {datanodeUUID=ad761884-aa7d-4d66-a0b7-990249c3b0ff, command=[]} | ret=SUCCESS |  
2019-08-22 20:43:39,929 | INFO  | SCMAudit | user=jenkins1000 | ip=192.168.5.154 | op=SEND_HEARTBEAT {datanodeUUID=eb4d5cdb-d9d9-4d16-882a-286674bb0372, command=[]} | ret=SUCCESS |  
2019-08-22 20:43:39,929 | INFO  | SCMAudit | user=jenkins1000 | ip=192.168.5.154 | op=SEND_HEARTBEAT {datanodeUUID=b124cbb3-98a4-41e2-a570-6c9f5f6e226c, command=[]} | ret=SUCCESS |  
2019-08-22 20:43:39,963 | INFO  | SCMAudit | user=jenkins1000 | ip=192.168.5.154 | op=SEND_HEARTBEAT {datanodeUUID=b124cbb3-98a4-41e2-a570-6c9f5f6e226c, command=[]} | ret=SUCCESS |  
2019-08-22 20:43:40,171 [main] INFO  ozoneimpl.OzoneContainer (OzoneContainer.java:stop(199)) - Attempting to stop container services.
2019-08-22 20:43:40,172 [main] INFO  impl.RaftServerProxy (RaftServerProxy.java:lambda$close$4(314)) - e6520977-300e-426b-8a74-1e4b0bbe8f6d: close
2019-08-22 20:43:40,174 [main] INFO  impl.RaftServerImpl (RaftServerImpl.java:lambda$shutdown$3(245)) - e6520977-300e-426b-8a74-1e4b0bbe8f6d: shutdown group-DD4C3489CF2E
2019-08-22 20:43:40,174 [ForkJoinPool.commonPool-worker-1] INFO  impl.RaftServerImpl (RaftServerImpl.java:lambda$shutdown$3(245)) - e6520977-300e-426b-8a74-1e4b0bbe8f6d: shutdown group-28D15C8BE59F
2019-08-22 20:43:40,174 [main] INFO  util.JmxRegister (JmxRegister.java:unregister(73)) - Successfully un-registered JMX Bean with object name Ratis:service=RaftServer,group=group-DD4C3489CF2E,id=e6520977-300e-426b-8a74-1e4b0bbe8f6d
2019-08-22 20:43:40,174 [ForkJoinPool.commonPool-worker-1] INFO  util.JmxRegister (JmxRegister.java:unregister(73)) - Successfully un-registered JMX Bean with object name Ratis:service=RaftServer,group=group-28D15C8BE59F,id=e6520977-300e-426b-8a74-1e4b0bbe8f6d
2019-08-22 20:43:40,175 [main] INFO  impl.RoleInfo (RoleInfo.java:shutdownFollowerState(121)) - e6520977-300e-426b-8a74-1e4b0bbe8f6d: shutdown FollowerState
2019-08-22 20:43:40,175 [ForkJoinPool.commonPool-worker-1] INFO  impl.RoleInfo (RoleInfo.java:shutdownLeaderState(104)) - e6520977-300e-426b-8a74-1e4b0bbe8f6d: shutdown LeaderState
2019-08-22 20:43:40,175 [main] INFO  impl.StateMachineUpdater (StateMachineUpdater.java:stopAndJoin(115)) - StateMachineUpdater:e6520977-300e-426b-8a74-1e4b0bbe8f6d:group-DD4C3489CF2E: set stopIndex = 8
2019-08-22 20:43:40,175 [Thread-329] INFO  impl.FollowerState (FollowerState.java:run(114)) - e6520977-300e-426b-8a74-1e4b0bbe8f6d: FollowerState was interrupted: java.lang.InterruptedException: sleep interrupted
2019-08-22 20:43:40,176 [StateMachineUpdater:e6520977-300e-426b-8a74-1e4b0bbe8f6d:group-DD4C3489CF2E] INFO  ratis.ContainerStateMachine (ContainerStateMachine.java:takeSnapshot(283)) - group-DD4C3489CF2E: Taking a snapshot at:(t:1, i:6) file /workdir/hadoop-ozone/integration-test/target/test-dir/MiniOzoneClusterImpl-f242e933-23dd-42bf-88e2-18b5eb1835bb/datanode-0/data/ratis/349053c4-b398-4c83-abd1-dd4c3489cf2e/sm/snapshot.1_6
2019-08-22 20:43:40,188 [ForkJoinPool.commonPool-worker-1] INFO  impl.PendingRequests (PendingRequests.java:sendNotLeaderResponses(202)) - e6520977-300e-426b-8a74-1e4b0bbe8f6d-PendingRequests: sendNotLeaderResponses
2019-08-22 20:43:40,188 | INFO  | SCMAudit | user=jenkins1000 | ip=192.168.5.154 | op=SEND_HEARTBEAT {datanodeUUID=10bcdb6f-5c4c-4f44-881a-80d94105d553, command=[]} | ret=SUCCESS |  
2019-08-22 20:43:40,190 [ForkJoinPool.commonPool-worker-1] INFO  impl.StateMachineUpdater (StateMachineUpdater.java:stopAndJoin(115)) - StateMachineUpdater:e6520977-300e-426b-8a74-1e4b0bbe8f6d:group-28D15C8BE59F: set stopIndex = 0
2019-08-22 20:43:40,193 [ForkJoinPool.commonPool-worker-1] INFO  impl.RaftServerImpl (ServerState.java:close(394)) - e6520977-300e-426b-8a74-1e4b0bbe8f6d:group-28D15C8BE59F closes. The last applied log index is 0
2019-08-22 20:43:40,196 [e6520977-300e-426b-8a74-1e4b0bbe8f6d-SegmentedRaftLogWorker:Storage Directory /workdir/hadoop-ozone/integration-test/target/test-dir/MiniOzoneClusterImpl-f242e933-23dd-42bf-88e2-18b5eb1835bb/datanode-0/data/ratis/443b7e1f-fde9-4de4-bec7-28d15c8be59f] INFO  segmented.SegmentedRaftLogWorker (SegmentedRaftLogWorker.java:run(313)) - e6520977-300e-426b-8a74-1e4b0bbe8f6d-SegmentedRaftLogWorker:Storage Directory /workdir/hadoop-ozone/integration-test/target/test-dir/MiniOzoneClusterImpl-f242e933-23dd-42bf-88e2-18b5eb1835bb/datanode-0/data/ratis/443b7e1f-fde9-4de4-bec7-28d15c8be59f was interrupted, exiting. There are 0 tasks remaining in the queue.
2019-08-22 20:43:40,203 [ForkJoinPool.commonPool-worker-1] INFO  segmented.SegmentedRaftLogWorker (SegmentedRaftLogWorker.java:close(228)) - e6520977-300e-426b-8a74-1e4b0bbe8f6d-SegmentedRaftLogWorker:Storage Directory /workdir/hadoop-ozone/integration-test/target/test-dir/MiniOzoneClusterImpl-f242e933-23dd-42bf-88e2-18b5eb1835bb/datanode-0/data/ratis/443b7e1f-fde9-4de4-bec7-28d15c8be59f close()
2019-08-22 20:43:40,226 [StateMachineUpdater:e6520977-300e-426b-8a74-1e4b0bbe8f6d:group-DD4C3489CF2E] INFO  ratis.ContainerStateMachine (ContainerStateMachine.java:takeSnapshot(294)) - group-DD4C3489CF2E: Finished taking a snapshot at:(t:1, i:6) file:/workdir/hadoop-ozone/integration-test/target/test-dir/MiniOzoneClusterImpl-f242e933-23dd-42bf-88e2-18b5eb1835bb/datanode-0/data/ratis/349053c4-b398-4c83-abd1-dd4c3489cf2e/sm/snapshot.1_6 time:51
2019-08-22 20:43:40,226 [StateMachineUpdater:e6520977-300e-426b-8a74-1e4b0bbe8f6d:group-DD4C3489CF2E] INFO  impl.StateMachineUpdater (StateMachineUpdater.java:takeSnapshot(242)) - StateMachineUpdater:e6520977-300e-426b-8a74-1e4b0bbe8f6d:group-DD4C3489CF2E: Took a snapshot at index 6
2019-08-22 20:43:40,226 [StateMachineUpdater:e6520977-300e-426b-8a74-1e4b0bbe8f6d:group-DD4C3489CF2E] INFO  impl.StateMachineUpdater (StateMachineUpdater.java:lambda$new$0(80)) - StateMachineUpdater:e6520977-300e-426b-8a74-1e4b0bbe8f6d:group-DD4C3489CF2E: snapshotIndex: updateIncreasingly -1 -> 6
2019-08-22 20:43:40,231 [main] INFO  impl.RaftServerImpl (ServerState.java:close(394)) - e6520977-300e-426b-8a74-1e4b0bbe8f6d:group-DD4C3489CF2E closes. The last applied log index is 8
2019-08-22 20:43:40,232 [e6520977-300e-426b-8a74-1e4b0bbe8f6d-SegmentedRaftLogWorker:Storage Directory /workdir/hadoop-ozone/integration-test/target/test-dir/MiniOzoneClusterImpl-f242e933-23dd-42bf-88e2-18b5eb1835bb/datanode-0/data/ratis/349053c4-b398-4c83-abd1-dd4c3489cf2e] INFO  segmented.SegmentedRaftLogWorker (SegmentedRaftLogWorker.java:run(313)) - e6520977-300e-426b-8a74-1e4b0bbe8f6d-SegmentedRaftLogWorker:Storage Directory /workdir/hadoop-ozone/integration-test/target/test-dir/MiniOzoneClusterImpl-f242e933-23dd-42bf-88e2-18b5eb1835bb/datanode-0/data/ratis/349053c4-b398-4c83-abd1-dd4c3489cf2e was interrupted, exiting. There are 0 tasks remaining in the queue.
2019-08-22 20:43:40,235 [main] INFO  segmented.SegmentedRaftLogWorker (SegmentedRaftLogWorker.java:close(228)) - e6520977-300e-426b-8a74-1e4b0bbe8f6d-SegmentedRaftLogWorker:Storage Directory /workdir/hadoop-ozone/integration-test/target/test-dir/MiniOzoneClusterImpl-f242e933-23dd-42bf-88e2-18b5eb1835bb/datanode-0/data/ratis/349053c4-b398-4c83-abd1-dd4c3489cf2e close()
2019-08-22 20:43:40,241 [main] INFO  server.GrpcService (GrpcService.java:closeImpl(155)) - e6520977-300e-426b-8a74-1e4b0bbe8f6d: shutdown server with port 33194 now
2019-08-22 20:43:40,251 [grpc-default-executor-0] WARN  server.GrpcServerProtocolService (LogUtils.java:warn(134)) - e6520977-300e-426b-8a74-1e4b0bbe8f6d: appendEntries onError: org.apache.ratis.thirdparty.io.grpc.StatusRuntimeException: CANCELLED: cancelled before receiving half close
2019-08-22 20:43:40,251 [main] INFO  server.GrpcService (GrpcService.java:closeImpl(163)) - e6520977-300e-426b-8a74-1e4b0bbe8f6d: shutdown server with port 33194 successfully
2019-08-22 20:43:40,251 [grpc-default-executor-5] WARN  server.GrpcLogAppender (LogUtils.java:warn(134)) - eb4d5cdb-d9d9-4d16-882a-286674bb0372->e6520977-300e-426b-8a74-1e4b0bbe8f6d: Failed appendEntries: org.apache.ratis.thirdparty.io.grpc.StatusRuntimeException: CANCELLED: HTTP/2 error code: CANCEL
Received Rst Stream
2019-08-22 20:43:40,256 [grpc-default-executor-5] INFO  impl.FollowerInfo (FollowerInfo.java:lambda$new$0(50)) - eb4d5cdb-d9d9-4d16-882a-286674bb0372->e6520977-300e-426b-8a74-1e4b0bbe8f6d: nextIndex: updateUnconditionally 9 -> 8
2019-08-22 20:43:40,265 [main] INFO  utils.BackgroundService (BackgroundService.java:shutdown(148)) - Shutting down service BlockDeletingService
2019-08-22 20:43:40,268 [refreshUsed-/workdir/hadoop-ozone/integration-test/target/test-dir/MiniOzoneClusterImpl-f242e933-23dd-42bf-88e2-18b5eb1835bb/datanode-0/data/containers] WARN  fs.CachingGetSpaceUsed (CachingGetSpaceUsed.java:run(183)) - Thread Interrupted waiting to refresh disk information: sleep interrupted
2019-08-22 20:43:40,286 [main] INFO  statemachine.DatanodeStateMachine (DatanodeStateMachine.java:stopDaemon(395)) - Ozone container server stopped.
2019-08-22 20:43:40,291 [main] INFO  handler.ContextHandler (ContextHandler.java:doStop(910)) - Stopped o.e.j.w.WebAppContext@4dba773d{/,null,UNAVAILABLE}{/hddsDatanode}
2019-08-22 20:43:40,296 [main] INFO  server.AbstractConnector (AbstractConnector.java:doStop(318)) - Stopped ServerConnector@1d9bd4da{HTTP/1.1,[http/1.1]}{0.0.0.0:0}
2019-08-22 20:43:40,297 [main] INFO  handler.ContextHandler (ContextHandler.java:doStop(910)) - Stopped o.e.j.s.ServletContextHandler@6a1d3225{/static,jar:file:/home/user/.m2/repository/org/apache/hadoop/hadoop-hdds-container-service/0.5.0-SNAPSHOT/hadoop-hdds-container-service-0.5.0-SNAPSHOT.jar!/webapps/static,UNAVAILABLE}
2019-08-22 20:43:40,297 [main] INFO  handler.ContextHandler (ContextHandler.java:doStop(910)) - Stopped o.e.j.s.ServletContextHandler@1cc680e{/logs,file:///workdir/hadoop-ozone/integration-test/target/log,UNAVAILABLE}
2019-08-22 20:43:40,299 [main] INFO  datanode.ObjectStoreHandler (ObjectStoreHandler.java:close(155)) - Closing ObjectStoreHandler.
2019-08-22 20:43:40,299 [main] INFO  ozone.HddsDatanodeService (HddsDatanodeService.java:stop(451)) - Stopped plug-in org.apache.hadoop.ozone.web.OzoneHddsDatanodeService@40d848f9
2019-08-22 20:43:40,385 | INFO  | SCMAudit | user=jenkins1000 | ip=192.168.5.154 | op=SEND_HEARTBEAT {datanodeUUID=fb3ef69a-8a8c-4b37-8ef8-d3552adf2427, command=[]} | ret=SUCCESS |  
2019-08-22 20:43:40,428 | INFO  | SCMAudit | user=jenkins1000 | ip=192.168.5.154 | op=SEND_HEARTBEAT {datanodeUUID=ad761884-aa7d-4d66-a0b7-990249c3b0ff, command=[]} | ret=SUCCESS |  
2019-08-22 20:43:40,429 | INFO  | SCMAudit | user=jenkins1000 | ip=192.168.5.154 | op=SEND_HEARTBEAT {datanodeUUID=6a104c5f-1e7c-44fc-914a-889556a84e0c, command=[]} | ret=SUCCESS |  
2019-08-22 20:43:40,927 [Datanode State Machine Thread - 0] INFO  statemachine.DatanodeStateMachine (DatanodeStateMachine.java:lambda$startDaemon$0(350)) - Ozone container server started.
2019-08-22 20:43:40,963 | INFO  | SCMAudit | user=jenkins1000 | ip=192.168.5.154 | op=SEND_HEARTBEAT {datanodeUUID=b124cbb3-98a4-41e2-a570-6c9f5f6e226c, command=[]} | ret=SUCCESS |  
2019-08-22 20:43:41,176 | INFO  | SCMAudit | user=jenkins1000 | ip=192.168.5.154 | op=SEND_HEARTBEAT {datanodeUUID=10bcdb6f-5c4c-4f44-881a-80d94105d553, command=[]} | ret=SUCCESS |  
2019-08-22 20:43:41,384 | INFO  | SCMAudit | user=jenkins1000 | ip=192.168.5.154 | op=SEND_HEARTBEAT {datanodeUUID=fb3ef69a-8a8c-4b37-8ef8-d3552adf2427, command=[]} | ret=SUCCESS |  
2019-08-22 20:43:41,428 | INFO  | SCMAudit | user=jenkins1000 | ip=192.168.5.154 | op=SEND_HEARTBEAT {datanodeUUID=ad761884-aa7d-4d66-a0b7-990249c3b0ff, command=[]} | ret=SUCCESS |  
2019-08-22 20:43:41,429 | INFO  | SCMAudit | user=jenkins1000 | ip=192.168.5.154 | op=SEND_HEARTBEAT {datanodeUUID=6a104c5f-1e7c-44fc-914a-889556a84e0c, command=[]} | ret=SUCCESS |  
2019-08-22 20:43:41,962 | INFO  | SCMAudit | user=jenkins1000 | ip=192.168.5.154 | op=SEND_HEARTBEAT {datanodeUUID=b124cbb3-98a4-41e2-a570-6c9f5f6e226c, command=[]} | ret=SUCCESS |  
2019-08-22 20:43:42,176 | INFO  | SCMAudit | user=jenkins1000 | ip=192.168.5.154 | op=SEND_HEARTBEAT {datanodeUUID=10bcdb6f-5c4c-4f44-881a-80d94105d553, command=[]} | ret=SUCCESS |  
2019-08-22 20:43:42,384 | INFO  | SCMAudit | user=jenkins1000 | ip=192.168.5.154 | op=SEND_HEARTBEAT {datanodeUUID=fb3ef69a-8a8c-4b37-8ef8-d3552adf2427, command=[]} | ret=SUCCESS |  
2019-08-22 20:43:42,428 | INFO  | SCMAudit | user=jenkins1000 | ip=192.168.5.154 | op=SEND_HEARTBEAT {datanodeUUID=ad761884-aa7d-4d66-a0b7-990249c3b0ff, command=[]} | ret=SUCCESS |  
2019-08-22 20:43:42,428 | INFO  | SCMAudit | user=jenkins1000 | ip=192.168.5.154 | op=SEND_HEARTBEAT {datanodeUUID=6a104c5f-1e7c-44fc-914a-889556a84e0c, command=[]} | ret=SUCCESS |  
2019-08-22 20:43:42,556 [grpc-default-executor-0] WARN  server.GrpcLogAppender (LogUtils.java:warn(134)) - eb4d5cdb-d9d9-4d16-882a-286674bb0372->e6520977-300e-426b-8a74-1e4b0bbe8f6d: Failed appendEntries: org.apache.ratis.thirdparty.io.grpc.StatusRuntimeException: UNAVAILABLE: io exception
2019-08-22 20:43:42,559 [grpc-default-executor-0] INFO  impl.FollowerInfo (FollowerInfo.java:lambda$new$0(50)) - eb4d5cdb-d9d9-4d16-882a-286674bb0372->e6520977-300e-426b-8a74-1e4b0bbe8f6d: nextIndex: updateUnconditionally 8 -> 7
2019-08-22 20:43:42,963 | INFO  | SCMAudit | user=jenkins1000 | ip=192.168.5.154 | op=SEND_HEARTBEAT {datanodeUUID=b124cbb3-98a4-41e2-a570-6c9f5f6e226c, command=[]} | ret=SUCCESS |  
2019-08-22 20:43:43,012 [EventQueue-StaleNodeForStaleNodeHandler] INFO  node.StaleNodeHandler (StaleNodeHandler.java:onMessage(58)) - Datanode eb4d5cdb-d9d9-4d16-882a-286674bb0372{ip: 192.168.5.154, host: pr-hdds-1975-8q6qf-1339330341, networkLocation: /default-rack, certSerialId: null} moved to stale state. Finalizing its pipelines [PipelineID=9f71fea1-0fbc-44ab-9eb2-d2625208332a, PipelineID=349053c4-b398-4c83-abd1-dd4c3489cf2e]
2019-08-22 20:43:43,012 [EventQueue-StaleNodeForStaleNodeHandler] INFO  pipeline.SCMPipelineManager (SCMPipelineManager.java:finalizeAndDestroyPipeline(309)) - destroying pipeline:Pipeline[ Id: 9f71fea1-0fbc-44ab-9eb2-d2625208332a, Nodes: eb4d5cdb-d9d9-4d16-882a-286674bb0372{ip: 192.168.5.154, host: pr-hdds-1975-8q6qf-1339330341, networkLocation: /default-rack, certSerialId: null}, Type:RATIS, Factor:ONE, State:OPEN]
2019-08-22 20:43:43,013 [EventQueue-StaleNodeForStaleNodeHandler] INFO  pipeline.PipelineStateManager (PipelineStateManager.java:finalizePipeline(123)) - Pipeline Pipeline[ Id: 9f71fea1-0fbc-44ab-9eb2-d2625208332a, Nodes: eb4d5cdb-d9d9-4d16-882a-286674bb0372{ip: 192.168.5.154, host: pr-hdds-1975-8q6qf-1339330341, networkLocation: /default-rack, certSerialId: null}, Type:RATIS, Factor:ONE, State:CLOSED] moved to CLOSED state
2019-08-22 20:43:43,013 [EventQueue-StaleNodeForStaleNodeHandler] INFO  pipeline.SCMPipelineManager (SCMPipelineManager.java:finalizeAndDestroyPipeline(309)) - destroying pipeline:Pipeline[ Id: 349053c4-b398-4c83-abd1-dd4c3489cf2e, Nodes: e6520977-300e-426b-8a74-1e4b0bbe8f6d{ip: 192.168.5.154, host: pr-hdds-1975-8q6qf-1339330341, networkLocation: /default-rack, certSerialId: null}eb4d5cdb-d9d9-4d16-882a-286674bb0372{ip: 192.168.5.154, host: pr-hdds-1975-8q6qf-1339330341, networkLocation: /default-rack, certSerialId: null}b124cbb3-98a4-41e2-a570-6c9f5f6e226c{ip: 192.168.5.154, host: pr-hdds-1975-8q6qf-1339330341, networkLocation: /default-rack, certSerialId: null}, Type:RATIS, Factor:THREE, State:CLOSED]
2019-08-22 20:43:43,176 | INFO  | SCMAudit | user=jenkins1000 | ip=192.168.5.154 | op=SEND_HEARTBEAT {datanodeUUID=10bcdb6f-5c4c-4f44-881a-80d94105d553, command=[]} | ret=SUCCESS |  
2019-08-22 20:43:43,385 | INFO  | SCMAudit | user=jenkins1000 | ip=192.168.5.154 | op=SEND_HEARTBEAT {datanodeUUID=fb3ef69a-8a8c-4b37-8ef8-d3552adf2427, command=[]} | ret=SUCCESS |  
2019-08-22 20:43:43,429 | INFO  | SCMAudit | user=jenkins1000 | ip=192.168.5.154 | op=SEND_HEARTBEAT {datanodeUUID=ad761884-aa7d-4d66-a0b7-990249c3b0ff, command=[]} | ret=SUCCESS |  
2019-08-22 20:43:43,429 | INFO  | SCMAudit | user=jenkins1000 | ip=192.168.5.154 | op=SEND_HEARTBEAT {datanodeUUID=6a104c5f-1e7c-44fc-914a-889556a84e0c, command=[]} | ret=SUCCESS |  
2019-08-22 20:43:43,963 | INFO  | SCMAudit | user=jenkins1000 | ip=192.168.5.154 | op=SEND_HEARTBEAT {datanodeUUID=b124cbb3-98a4-41e2-a570-6c9f5f6e226c, command=[]} | ret=SUCCESS |  
2019-08-22 20:43:44,176 | INFO  | SCMAudit | user=jenkins1000 | ip=192.168.5.154 | op=SEND_HEARTBEAT {datanodeUUID=10bcdb6f-5c4c-4f44-881a-80d94105d553, command=[]} | ret=SUCCESS |  
2019-08-22 20:43:44,385 | INFO  | SCMAudit | user=jenkins1000 | ip=192.168.5.154 | op=SEND_HEARTBEAT {datanodeUUID=fb3ef69a-8a8c-4b37-8ef8-d3552adf2427, command=[]} | ret=SUCCESS |  
2019-08-22 20:43:44,429 | INFO  | SCMAudit | user=jenkins1000 | ip=192.168.5.154 | op=SEND_HEARTBEAT {datanodeUUID=ad761884-aa7d-4d66-a0b7-990249c3b0ff, command=[]} | ret=SUCCESS |  
2019-08-22 20:43:44,429 | INFO  | SCMAudit | user=jenkins1000 | ip=192.168.5.154 | op=SEND_HEARTBEAT {datanodeUUID=6a104c5f-1e7c-44fc-914a-889556a84e0c, command=[]} | ret=SUCCESS |  
2019-08-22 20:43:44,963 | INFO  | SCMAudit | user=jenkins1000 | ip=192.168.5.154 | op=SEND_HEARTBEAT {datanodeUUID=b124cbb3-98a4-41e2-a570-6c9f5f6e226c, command=[]} | ret=SUCCESS |  
2019-08-22 20:43:45,049 [grpc-default-executor-2] WARN  server.GrpcLogAppender (LogUtils.java:warn(134)) - eb4d5cdb-d9d9-4d16-882a-286674bb0372->e6520977-300e-426b-8a74-1e4b0bbe8f6d: Failed appendEntries: org.apache.ratis.thirdparty.io.grpc.StatusRuntimeException: UNAVAILABLE: io exception
2019-08-22 20:43:45,051 [grpc-default-executor-2] INFO  impl.FollowerInfo (FollowerInfo.java:lambda$new$0(50)) - eb4d5cdb-d9d9-4d16-882a-286674bb0372->e6520977-300e-426b-8a74-1e4b0bbe8f6d: nextIndex: updateUnconditionally 7 -> 6
2019-08-22 20:43:45,177 | INFO  | SCMAudit | user=jenkins1000 | ip=192.168.5.154 | op=SEND_HEARTBEAT {datanodeUUID=10bcdb6f-5c4c-4f44-881a-80d94105d553, command=[]} | ret=SUCCESS |  
2019-08-22 20:43:45,300 [main] INFO  ozoneimpl.OzoneContainer (OzoneContainer.java:stop(199)) - Attempting to stop container services.
2019-08-22 20:43:45,301 [main] INFO  impl.RaftServerProxy (RaftServerProxy.java:lambda$close$4(314)) - eb4d5cdb-d9d9-4d16-882a-286674bb0372: close
2019-08-22 20:43:45,301 [main] INFO  impl.RaftServerImpl (RaftServerImpl.java:lambda$shutdown$3(245)) - eb4d5cdb-d9d9-4d16-882a-286674bb0372: shutdown group-D2625208332A
2019-08-22 20:43:45,302 [main] INFO  util.JmxRegister (JmxRegister.java:unregister(73)) - Successfully un-registered JMX Bean with object name Ratis:service=RaftServer,group=group-D2625208332A,id=eb4d5cdb-d9d9-4d16-882a-286674bb0372
2019-08-22 20:43:45,302 [main] INFO  impl.RoleInfo (RoleInfo.java:shutdownLeaderState(104)) - eb4d5cdb-d9d9-4d16-882a-286674bb0372: shutdown LeaderState
2019-08-22 20:43:45,302 [main] INFO  impl.PendingRequests (PendingRequests.java:sendNotLeaderResponses(202)) - eb4d5cdb-d9d9-4d16-882a-286674bb0372-PendingRequests: sendNotLeaderResponses
2019-08-22 20:43:45,305 [main] INFO  impl.StateMachineUpdater (StateMachineUpdater.java:stopAndJoin(115)) - StateMachineUpdater:eb4d5cdb-d9d9-4d16-882a-286674bb0372:group-D2625208332A: set stopIndex = 0
2019-08-22 20:43:45,305 [main] INFO  impl.RaftServerImpl (ServerState.java:close(394)) - eb4d5cdb-d9d9-4d16-882a-286674bb0372:group-D2625208332A closes. The last applied log index is 0
2019-08-22 20:43:45,306 [eb4d5cdb-d9d9-4d16-882a-286674bb0372-SegmentedRaftLogWorker:Storage Directory /workdir/hadoop-ozone/integration-test/target/test-dir/MiniOzoneClusterImpl-f242e933-23dd-42bf-88e2-18b5eb1835bb/datanode-1/data/ratis/9f71fea1-0fbc-44ab-9eb2-d2625208332a] INFO  segmented.SegmentedRaftLogWorker (SegmentedRaftLogWorker.java:run(313)) - eb4d5cdb-d9d9-4d16-882a-286674bb0372-SegmentedRaftLogWorker:Storage Directory /workdir/hadoop-ozone/integration-test/target/test-dir/MiniOzoneClusterImpl-f242e933-23dd-42bf-88e2-18b5eb1835bb/datanode-1/data/ratis/9f71fea1-0fbc-44ab-9eb2-d2625208332a was interrupted, exiting. There are 0 tasks remaining in the queue.
2019-08-22 20:43:45,307 [main] INFO  segmented.SegmentedRaftLogWorker (SegmentedRaftLogWorker.java:close(228)) - eb4d5cdb-d9d9-4d16-882a-286674bb0372-SegmentedRaftLogWorker:Storage Directory /workdir/hadoop-ozone/integration-test/target/test-dir/MiniOzoneClusterImpl-f242e933-23dd-42bf-88e2-18b5eb1835bb/datanode-1/data/ratis/9f71fea1-0fbc-44ab-9eb2-d2625208332a close()
2019-08-22 20:43:45,310 [main] INFO  impl.RaftServerImpl (RaftServerImpl.java:lambda$shutdown$3(245)) - eb4d5cdb-d9d9-4d16-882a-286674bb0372: shutdown group-DD4C3489CF2E
2019-08-22 20:43:45,310 [main] INFO  util.JmxRegister (JmxRegister.java:unregister(73)) - Successfully un-registered JMX Bean with object name Ratis:service=RaftServer,group=group-DD4C3489CF2E,id=eb4d5cdb-d9d9-4d16-882a-286674bb0372
2019-08-22 20:43:45,311 [main] INFO  impl.RoleInfo (RoleInfo.java:shutdownLeaderState(104)) - eb4d5cdb-d9d9-4d16-882a-286674bb0372: shutdown LeaderState
2019-08-22 20:43:45,313 [main] INFO  impl.PendingRequests (PendingRequests.java:sendNotLeaderResponses(202)) - eb4d5cdb-d9d9-4d16-882a-286674bb0372-PendingRequests: sendNotLeaderResponses
2019-08-22 20:43:45,313 [org.apache.ratis.server.impl.LogAppender$AppenderDaemon$$Lambda$477/1469263868@202025d8] WARN  server.GrpcLogAppender (GrpcLogAppender.java:mayWait(143)) - GrpcLogAppender(eb4d5cdb-d9d9-4d16-882a-286674bb0372->e6520977-300e-426b-8a74-1e4b0bbe8f6d): Wait interrupted by java.lang.InterruptedException
2019-08-22 20:43:45,313 [org.apache.ratis.server.impl.LogAppender$AppenderDaemon$$Lambda$477/1469263868@6522b718] WARN  server.GrpcLogAppender (GrpcLogAppender.java:mayWait(143)) - GrpcLogAppender(eb4d5cdb-d9d9-4d16-882a-286674bb0372->b124cbb3-98a4-41e2-a570-6c9f5f6e226c): Wait interrupted by java.lang.InterruptedException
2019-08-22 20:43:45,315 [grpc-default-executor-2] INFO  server.GrpcServerProtocolService (GrpcServerProtocolService.java:onCompleted(104)) - b124cbb3-98a4-41e2-a570-6c9f5f6e226c: appendEntries completed
2019-08-22 20:43:45,318 [grpc-default-executor-2] INFO  server.GrpcLogAppender (GrpcLogAppender.java:onCompleted(292)) - eb4d5cdb-d9d9-4d16-882a-286674bb0372->b124cbb3-98a4-41e2-a570-6c9f5f6e226c: follower responses appendEntries COMPLETED
2019-08-22 20:43:45,320 [grpc-default-executor-2] INFO  impl.FollowerInfo (FollowerInfo.java:lambda$new$0(50)) - eb4d5cdb-d9d9-4d16-882a-286674bb0372->b124cbb3-98a4-41e2-a570-6c9f5f6e226c: nextIndex: updateUnconditionally 9 -> 8
2019-08-22 20:43:45,323 [main] INFO  impl.StateMachineUpdater (StateMachineUpdater.java:stopAndJoin(115)) - StateMachineUpdater:eb4d5cdb-d9d9-4d16-882a-286674bb0372:group-DD4C3489CF2E: set stopIndex = 8
2019-08-22 20:43:45,323 [StateMachineUpdater:eb4d5cdb-d9d9-4d16-882a-286674bb0372:group-DD4C3489CF2E] INFO  ratis.ContainerStateMachine (ContainerStateMachine.java:takeSnapshot(283)) - group-DD4C3489CF2E: Taking a snapshot at:(t:1, i:8) file /workdir/hadoop-ozone/integration-test/target/test-dir/MiniOzoneClusterImpl-f242e933-23dd-42bf-88e2-18b5eb1835bb/datanode-1/data/ratis/349053c4-b398-4c83-abd1-dd4c3489cf2e/sm/snapshot.1_8
2019-08-22 20:43:45,336 [StateMachineUpdater:eb4d5cdb-d9d9-4d16-882a-286674bb0372:group-DD4C3489CF2E] INFO  ratis.ContainerStateMachine (ContainerStateMachine.java:takeSnapshot(294)) - group-DD4C3489CF2E: Finished taking a snapshot at:(t:1, i:8) file:/workdir/hadoop-ozone/integration-test/target/test-dir/MiniOzoneClusterImpl-f242e933-23dd-42bf-88e2-18b5eb1835bb/datanode-1/data/ratis/349053c4-b398-4c83-abd1-dd4c3489cf2e/sm/snapshot.1_8 time:13
2019-08-22 20:43:45,336 [StateMachineUpdater:eb4d5cdb-d9d9-4d16-882a-286674bb0372:group-DD4C3489CF2E] INFO  impl.StateMachineUpdater (StateMachineUpdater.java:takeSnapshot(242)) - StateMachineUpdater:eb4d5cdb-d9d9-4d16-882a-286674bb0372:group-DD4C3489CF2E: Took a snapshot at index 8
2019-08-22 20:43:45,336 [StateMachineUpdater:eb4d5cdb-d9d9-4d16-882a-286674bb0372:group-DD4C3489CF2E] INFO  impl.StateMachineUpdater (StateMachineUpdater.java:lambda$new$0(80)) - StateMachineUpdater:eb4d5cdb-d9d9-4d16-882a-286674bb0372:group-DD4C3489CF2E: snapshotIndex: updateIncreasingly -1 -> 8
2019-08-22 20:43:45,336 [main] INFO  impl.RaftServerImpl (ServerState.java:close(394)) - eb4d5cdb-d9d9-4d16-882a-286674bb0372:group-DD4C3489CF2E closes. The last applied log index is 8
2019-08-22 20:43:45,337 [eb4d5cdb-d9d9-4d16-882a-286674bb0372-SegmentedRaftLogWorker:Storage Directory /workdir/hadoop-ozone/integration-test/target/test-dir/MiniOzoneClusterImpl-f242e933-23dd-42bf-88e2-18b5eb1835bb/datanode-1/data/ratis/349053c4-b398-4c83-abd1-dd4c3489cf2e] INFO  segmented.SegmentedRaftLogWorker (SegmentedRaftLogWorker.java:run(313)) - eb4d5cdb-d9d9-4d16-882a-286674bb0372-SegmentedRaftLogWorker:Storage Directory /workdir/hadoop-ozone/integration-test/target/test-dir/MiniOzoneClusterImpl-f242e933-23dd-42bf-88e2-18b5eb1835bb/datanode-1/data/ratis/349053c4-b398-4c83-abd1-dd4c3489cf2e was interrupted, exiting. There are 0 tasks remaining in the queue.
2019-08-22 20:43:45,339 [main] INFO  segmented.SegmentedRaftLogWorker (SegmentedRaftLogWorker.java:close(228)) - eb4d5cdb-d9d9-4d16-882a-286674bb0372-SegmentedRaftLogWorker:Storage Directory /workdir/hadoop-ozone/integration-test/target/test-dir/MiniOzoneClusterImpl-f242e933-23dd-42bf-88e2-18b5eb1835bb/datanode-1/data/ratis/349053c4-b398-4c83-abd1-dd4c3489cf2e close()
2019-08-22 20:43:45,342 [main] INFO  server.GrpcService (GrpcService.java:closeImpl(155)) - eb4d5cdb-d9d9-4d16-882a-286674bb0372: shutdown server with port 36901 now
2019-08-22 20:43:45,343 [main] INFO  server.GrpcService (GrpcService.java:closeImpl(163)) - eb4d5cdb-d9d9-4d16-882a-286674bb0372: shutdown server with port 36901 successfully
2019-08-22 20:43:45,350 [main] INFO  utils.BackgroundService (BackgroundService.java:shutdown(148)) - Shutting down service BlockDeletingService
2019-08-22 20:43:45,354 [refreshUsed-/workdir/hadoop-ozone/integration-test/target/test-dir/MiniOzoneClusterImpl-f242e933-23dd-42bf-88e2-18b5eb1835bb/datanode-1/data/containers] WARN  fs.CachingGetSpaceUsed (CachingGetSpaceUsed.java:run(183)) - Thread Interrupted waiting to refresh disk information: sleep interrupted
2019-08-22 20:43:45,370 [main] INFO  statemachine.DatanodeStateMachine (DatanodeStateMachine.java:stopDaemon(395)) - Ozone container server stopped.
2019-08-22 20:43:45,371 [main] INFO  handler.ContextHandler (ContextHandler.java:doStop(910)) - Stopped o.e.j.w.WebAppContext@626e0c86{/,null,UNAVAILABLE}{/hddsDatanode}
2019-08-22 20:43:45,372 [main] INFO  server.AbstractConnector (AbstractConnector.java:doStop(318)) - Stopped ServerConnector@28ee0a3c{HTTP/1.1,[http/1.1]}{0.0.0.0:0}
2019-08-22 20:43:45,372 [main] INFO  handler.ContextHandler (ContextHandler.java:doStop(910)) - Stopped o.e.j.s.ServletContextHandler@7a83ccd2{/static,jar:file:/home/user/.m2/repository/org/apache/hadoop/hadoop-hdds-container-service/0.5.0-SNAPSHOT/hadoop-hdds-container-service-0.5.0-SNAPSHOT.jar!/webapps/static,UNAVAILABLE}
2019-08-22 20:43:45,372 [main] INFO  handler.ContextHandler (ContextHandler.java:doStop(910)) - Stopped o.e.j.s.ServletContextHandler@39549f33{/logs,file:///workdir/hadoop-ozone/integration-test/target/log,UNAVAILABLE}
]]></system-out>
  </testcase>
</testsuite>