<?xml version="1.0" encoding="UTF-8"?>
<testsuite xmlns:xsi="http://www.w3.org/2001/XMLSchema-instance" xsi:noNamespaceSchemaLocation="https://maven.apache.org/surefire/maven-surefire-plugin/xsd/surefire-test-report.xsd" name="org.apache.hadoop.ozone.client.rpc.TestMultiBlockWritesWithDnFailures" time="21.655" tests="1" errors="1" skipped="0" failures="0">
  <properties>
    <property name="awt.toolkit" value="sun.awt.X11.XToolkit"/>
    <property name="file.encoding.pkg" value="sun.io"/>
    <property name="java.specification.version" value="1.8"/>
    <property name="sun.cpu.isalist" value=""/>
    <property name="sun.jnu.encoding" value="UTF-8"/>
    <property name="java.class.path" value="/workdir/hadoop-ozone/integration-test/target/test-classes:/workdir/hadoop-ozone/integration-test/target/classes:/home/user/.m2/repository/org/apache/hadoop/hadoop-ozone-common/0.5.0-SNAPSHOT/hadoop-ozone-common-0.5.0-SNAPSHOT.jar:/home/user/.m2/repository/org/apache/commons/commons-compress/1.4.1/commons-compress-1.4.1.jar:/home/user/.m2/repository/org/tukaani/xz/1.0/xz-1.0.jar:/home/user/.m2/repository/org/apache/hadoop/hadoop-common/3.2.0/hadoop-common-3.2.0.jar:/home/user/.m2/repository/org/apache/hadoop/hadoop-hdfs/3.2.0/hadoop-hdfs-3.2.0.jar:/home/user/.m2/repository/org/apache/hadoop/hadoop-hdfs-client/3.2.0/hadoop-hdfs-client-3.2.0.jar:/home/user/.m2/repository/com/fasterxml/jackson/core/jackson-annotations/2.9.5/jackson-annotations-2.9.5.jar:/home/user/.m2/repository/org/apache/hadoop/hadoop-hdds-common/0.5.0-SNAPSHOT/hadoop-hdds-common-0.5.0-SNAPSHOT.jar:/home/user/.m2/repository/javax/annotation/javax.annotation-api/1.2/javax.annotation-api-1.2.jar:/home/user/.m2/repository/org/apache/ratis/ratis-server/0.4.0-2337318-SNAPSHOT/ratis-server-0.4.0-2337318-SNAPSHOT.jar:/home/user/.m2/repository/org/apache/ratis/ratis-thirdparty-misc/0.2.0/ratis-thirdparty-misc-0.2.0.jar:/home/user/.m2/repository/org/apache/ratis/ratis-proto/0.4.0-2337318-SNAPSHOT/ratis-proto-0.4.0-2337318-SNAPSHOT.jar:/home/user/.m2/repository/org/apache/ratis/ratis-common/0.4.0-2337318-SNAPSHOT/ratis-common-0.4.0-2337318-SNAPSHOT.jar:/home/user/.m2/repository/org/apache/ratis/ratis-client/0.4.0-2337318-SNAPSHOT/ratis-client-0.4.0-2337318-SNAPSHOT.jar:/home/user/.m2/repository/org/apache/ratis/ratis-metrics/0.4.0-2337318-SNAPSHOT/ratis-metrics-0.4.0-2337318-SNAPSHOT.jar:/home/user/.m2/repository/org/apache/ratis/ratis-netty/0.4.0-2337318-SNAPSHOT/ratis-netty-0.4.0-2337318-SNAPSHOT.jar:/home/user/.m2/repository/org/apache/ratis/ratis-grpc/0.4.0-2337318-SNAPSHOT/ratis-grpc-0.4.0-2337318-SNAPSHOT.jar:/home/user/.m2/repository/org/rocksdb/rocksdbjni/6.0.1/rocksdbjni-6.0.1.jar:/home/user/.m2/repository/org/apache/logging/log4j/log4j-api/2.11.0/log4j-api-2.11.0.jar:/home/user/.m2/repository/org/apache/logging/log4j/log4j-core/2.11.0/log4j-core-2.11.0.jar:/home/user/.m2/repository/com/lmax/disruptor/3.4.2/disruptor-3.4.2.jar:/home/user/.m2/repository/org/apache/commons/commons-pool2/2.6.0/commons-pool2-2.6.0.jar:/home/user/.m2/repository/org/bouncycastle/bcpkix-jdk15on/1.60/bcpkix-jdk15on-1.60.jar:/home/user/.m2/repository/commons-validator/commons-validator/1.6/commons-validator-1.6.jar:/home/user/.m2/repository/commons-digester/commons-digester/1.8.1/commons-digester-1.8.1.jar:/home/user/.m2/repository/io/jaegertracing/jaeger-client/0.33.1/jaeger-client-0.33.1.jar:/home/user/.m2/repository/io/jaegertracing/jaeger-thrift/0.33.1/jaeger-thrift-0.33.1.jar:/home/user/.m2/repository/org/apache/thrift/libthrift/0.11.0/libthrift-0.11.0.jar:/home/user/.m2/repository/com/squareup/okhttp3/okhttp/3.9.0/okhttp-3.9.0.jar:/home/user/.m2/repository/com/squareup/okio/okio/1.13.0/okio-1.13.0.jar:/home/user/.m2/repository/io/jaegertracing/jaeger-core/0.33.1/jaeger-core-0.33.1.jar:/home/user/.m2/repository/io/jaegertracing/jaeger-tracerresolver/0.33.1/jaeger-tracerresolver-0.33.1.jar:/home/user/.m2/repository/io/opentracing/contrib/opentracing-tracerresolver/0.1.5/opentracing-tracerresolver-0.1.5.jar:/home/user/.m2/repository/io/opentracing/opentracing-util/0.31.0/opentracing-util-0.31.0.jar:/home/user/.m2/repository/io/opentracing/opentracing-api/0.31.0/opentracing-api-0.31.0.jar:/home/user/.m2/repository/io/opentracing/opentracing-noop/0.31.0/opentracing-noop-0.31.0.jar:/home/user/.m2/repository/org/apache/hadoop/hadoop-hdds-server-framework/0.5.0-SNAPSHOT/hadoop-hdds-server-framework-0.5.0-SNAPSHOT.jar:/home/user/.m2/repository/org/apache/hadoop/hadoop-hdds-container-service/0.5.0-SNAPSHOT/hadoop-hdds-container-service-0.5.0-SNAPSHOT.jar:/home/user/.m2/repository/org/apache/hadoop/hadoop-hdds-client/0.5.0-SNAPSHOT/hadoop-hdds-client-0.5.0-SNAPSHOT.jar:/home/user/.m2/repository/org/apache/hadoop/hadoop-hdds-tools/0.5.0-SNAPSHOT/hadoop-hdds-tools-0.5.0-SNAPSHOT.jar:/home/user/.m2/repository/org/apache/hadoop/hadoop-hdds-server-scm/0.5.0-SNAPSHOT/hadoop-hdds-server-scm-0.5.0-SNAPSHOT.jar:/home/user/.m2/repository/org/apache/hadoop/hadoop-hdds-docs/0.5.0-SNAPSHOT/hadoop-hdds-docs-0.5.0-SNAPSHOT.jar:/home/user/.m2/repository/io/dropwizard/metrics/metrics-core/3.2.4/metrics-core-3.2.4.jar:/home/user/.m2/repository/org/hamcrest/hamcrest-all/1.3/hamcrest-all-1.3.jar:/home/user/.m2/repository/org/bouncycastle/bcprov-jdk15on/1.60/bcprov-jdk15on-1.60.jar:/home/user/.m2/repository/info/picocli/picocli/3.9.6/picocli-3.9.6.jar:/home/user/.m2/repository/com/google/protobuf/protobuf-java/2.5.0/protobuf-java-2.5.0.jar:/home/user/.m2/repository/com/google/guava/guava/11.0.2/guava-11.0.2.jar:/home/user/.m2/repository/org/apache/hadoop/hadoop-ozone-ozone-manager/0.5.0-SNAPSHOT/hadoop-ozone-ozone-manager-0.5.0-SNAPSHOT.jar:/home/user/.m2/repository/org/apache/hadoop/hadoop-minikdc/3.2.0/hadoop-minikdc-3.2.0.jar:/home/user/.m2/repository/commons-io/commons-io/2.5/commons-io-2.5.jar:/home/user/.m2/repository/org/apache/kerby/kerb-simplekdc/1.0.1/kerb-simplekdc-1.0.1.jar:/home/user/.m2/repository/org/apache/kerby/kerb-client/1.0.1/kerb-client-1.0.1.jar:/home/user/.m2/repository/org/apache/kerby/kerby-config/1.0.1/kerby-config-1.0.1.jar:/home/user/.m2/repository/org/apache/kerby/kerb-core/1.0.1/kerb-core-1.0.1.jar:/home/user/.m2/repository/org/apache/kerby/kerby-pkix/1.0.1/kerby-pkix-1.0.1.jar:/home/user/.m2/repository/org/apache/kerby/kerby-asn1/1.0.1/kerby-asn1-1.0.1.jar:/home/user/.m2/repository/org/apache/kerby/kerby-util/1.0.1/kerby-util-1.0.1.jar:/home/user/.m2/repository/org/apache/kerby/kerb-common/1.0.1/kerb-common-1.0.1.jar:/home/user/.m2/repository/org/apache/kerby/kerb-crypto/1.0.1/kerb-crypto-1.0.1.jar:/home/user/.m2/repository/org/apache/kerby/kerb-util/1.0.1/kerb-util-1.0.1.jar:/home/user/.m2/repository/org/apache/kerby/token-provider/1.0.1/token-provider-1.0.1.jar:/home/user/.m2/repository/org/apache/kerby/kerb-admin/1.0.1/kerb-admin-1.0.1.jar:/home/user/.m2/repository/org/apache/kerby/kerb-server/1.0.1/kerb-server-1.0.1.jar:/home/user/.m2/repository/org/apache/kerby/kerb-identity/1.0.1/kerb-identity-1.0.1.jar:/home/user/.m2/repository/org/apache/kerby/kerby-xdr/1.0.1/kerby-xdr-1.0.1.jar:/home/user/.m2/repository/org/slf4j/slf4j-log4j12/1.7.25/slf4j-log4j12-1.7.25.jar:/home/user/.m2/repository/org/apache/hadoop/hadoop-ozone-objectstore-service/0.5.0-SNAPSHOT/hadoop-ozone-objectstore-service-0.5.0-SNAPSHOT.jar:/home/user/.m2/repository/org/apache/hadoop/hadoop-ozone-s3gateway/0.5.0-SNAPSHOT/hadoop-ozone-s3gateway-0.5.0-SNAPSHOT.jar:/home/user/.m2/repository/org/jboss/weld/servlet/weld-servlet/2.4.7.Final/weld-servlet-2.4.7.Final.jar:/home/user/.m2/repository/org/glassfish/jersey/containers/jersey-container-servlet-core/2.27/jersey-container-servlet-core-2.27.jar:/home/user/.m2/repository/org/glassfish/hk2/external/javax.inject/2.5.0-b42/javax.inject-2.5.0-b42.jar:/home/user/.m2/repository/org/glassfish/jersey/core/jersey-common/2.27/jersey-common-2.27.jar:/home/user/.m2/repository/org/glassfish/hk2/osgi-resource-locator/1.0.1/osgi-resource-locator-1.0.1.jar:/home/user/.m2/repository/javax/ws/rs/javax.ws.rs-api/2.1/javax.ws.rs-api-2.1.jar:/home/user/.m2/repository/org/glassfish/jersey/ext/cdi/jersey-cdi1x/2.27/jersey-cdi1x-2.27.jar:/home/user/.m2/repository/org/glassfish/jersey/inject/jersey-hk2/2.27/jersey-hk2-2.27.jar:/home/user/.m2/repository/org/glassfish/hk2/hk2-locator/2.5.0-b42/hk2-locator-2.5.0-b42.jar:/home/user/.m2/repository/org/javassist/javassist/3.22.0-CR2/javassist-3.22.0-CR2.jar:/home/user/.m2/repository/org/glassfish/hk2/hk2-api/2.5.0/hk2-api-2.5.0.jar:/home/user/.m2/repository/org/glassfish/hk2/external/jakarta.inject/2.5.0/jakarta.inject-2.5.0.jar:/home/user/.m2/repository/org/glassfish/hk2/hk2-utils/2.5.0/hk2-utils-2.5.0.jar:/home/user/.m2/repository/jakarta/annotation/jakarta.annotation-api/1.3.4/jakarta.annotation-api-1.3.4.jar:/home/user/.m2/repository/org/glassfish/hk2/external/aopalliance-repackaged/2.5.0/aopalliance-repackaged-2.5.0.jar:/home/user/.m2/repository/com/fasterxml/jackson/dataformat/jackson-dataformat-xml/2.9.0/jackson-dataformat-xml-2.9.0.jar:/home/user/.m2/repository/com/fasterxml/jackson/core/jackson-core/2.9.5/jackson-core-2.9.5.jar:/home/user/.m2/repository/com/fasterxml/jackson/module/jackson-module-jaxb-annotations/2.9.5/jackson-module-jaxb-annotations-2.9.5.jar:/home/user/.m2/repository/javax/enterprise/cdi-api/1.2/cdi-api-1.2.jar:/home/user/.m2/repository/javax/el/javax.el-api/3.0.0/javax.el-api-3.0.0.jar:/home/user/.m2/repository/javax/interceptor/javax.interceptor-api/1.2/javax.interceptor-api-1.2.jar:/home/user/.m2/repository/javax/inject/javax.inject/1/javax.inject-1.jar:/home/user/.m2/repository/com/sun/xml/bind/jaxb-impl/2.3.0.1/jaxb-impl-2.3.0.1.jar:/home/user/.m2/repository/com/sun/xml/bind/jaxb-core/2.3.0.1/jaxb-core-2.3.0.1.jar:/home/user/.m2/repository/javax/xml/bind/jaxb-api/2.3.0/jaxb-api-2.3.0.jar:/home/user/.m2/repository/javax/activation/activation/1.1.1/activation-1.1.1.jar:/home/user/.m2/repository/org/apache/hadoop/hadoop-ozone-csi/0.5.0-SNAPSHOT/hadoop-ozone-csi-0.5.0-SNAPSHOT.jar:/home/user/.m2/repository/com/google/protobuf/protobuf-java-util/3.5.1/protobuf-java-util-3.5.1.jar:/home/user/.m2/repository/org/apache/hadoop/hadoop-hdds-config/0.5.0-SNAPSHOT/hadoop-hdds-config-0.5.0-SNAPSHOT.jar:/home/user/.m2/repository/io/grpc/grpc-netty/1.17.1/grpc-netty-1.17.1.jar:/home/user/.m2/repository/io/grpc/grpc-core/1.17.1/grpc-core-1.17.1.jar:/home/user/.m2/repository/io/grpc/grpc-context/1.17.1/grpc-context-1.17.1.jar:/home/user/.m2/repository/com/google/errorprone/error_prone_annotations/2.2.0/error_prone_annotations-2.2.0.jar:/home/user/.m2/repository/org/codehaus/mojo/animal-sniffer-annotations/1.17/animal-sniffer-annotations-1.17.jar:/home/user/.m2/repository/io/opencensus/opencensus-api/0.17.0/opencensus-api-0.17.0.jar:/home/user/.m2/repository/io/opencensus/opencensus-contrib-grpc-metrics/0.17.0/opencensus-contrib-grpc-metrics-0.17.0.jar:/home/user/.m2/repository/io/netty/netty-codec-http2/4.1.30.Final/netty-codec-http2-4.1.30.Final.jar:/home/user/.m2/repository/io/netty/netty-codec-http/4.1.30.Final/netty-codec-http-4.1.30.Final.jar:/home/user/.m2/repository/io/netty/netty-codec/4.1.30.Final/netty-codec-4.1.30.Final.jar:/home/user/.m2/repository/io/netty/netty-handler/4.1.30.Final/netty-handler-4.1.30.Final.jar:/home/user/.m2/repository/io/netty/netty-handler-proxy/4.1.30.Final/netty-handler-proxy-4.1.30.Final.jar:/home/user/.m2/repository/io/netty/netty-codec-socks/4.1.30.Final/netty-codec-socks-4.1.30.Final.jar:/home/user/.m2/repository/io/netty/netty-transport-native-epoll/4.1.30.Final/netty-transport-native-epoll-4.1.30.Final.jar:/home/user/.m2/repository/io/netty/netty-common/4.1.30.Final/netty-common-4.1.30.Final.jar:/home/user/.m2/repository/io/netty/netty-buffer/4.1.30.Final/netty-buffer-4.1.30.Final.jar:/home/user/.m2/repository/io/netty/netty-transport/4.1.30.Final/netty-transport-4.1.30.Final.jar:/home/user/.m2/repository/io/netty/netty-resolver/4.1.30.Final/netty-resolver-4.1.30.Final.jar:/home/user/.m2/repository/io/netty/netty-transport-native-unix-common/4.1.30.Final/netty-transport-native-unix-common-4.1.30.Final.jar:/home/user/.m2/repository/io/grpc/grpc-protobuf/1.17.1/grpc-protobuf-1.17.1.jar:/home/user/.m2/repository/com/google/api/grpc/proto-google-common-protos/1.0.0/proto-google-common-protos-1.0.0.jar:/home/user/.m2/repository/io/grpc/grpc-protobuf-lite/1.17.1/grpc-protobuf-lite-1.17.1.jar:/home/user/.m2/repository/io/grpc/grpc-stub/1.17.1/grpc-stub-1.17.1.jar:/home/user/.m2/repository/org/apache/hadoop/hadoop-ozone-recon/0.5.0-SNAPSHOT/hadoop-ozone-recon-0.5.0-SNAPSHOT.jar:/home/user/.m2/repository/org/apache/hadoop/hadoop-ozone-reconcodegen/0.5.0-SNAPSHOT/hadoop-ozone-reconcodegen-0.5.0-SNAPSHOT.jar:/home/user/.m2/repository/com/google/inject/extensions/guice-multibindings/4.0/guice-multibindings-4.0.jar:/home/user/.m2/repository/com/google/inject/guice/4.0/guice-4.0.jar:/home/user/.m2/repository/aopalliance/aopalliance/1.0/aopalliance-1.0.jar:/home/user/.m2/repository/com/google/inject/extensions/guice-servlet/4.0/guice-servlet-4.0.jar:/home/user/.m2/repository/org/glassfish/jersey/containers/jersey-container-servlet/2.27/jersey-container-servlet-2.27.jar:/home/user/.m2/repository/org/glassfish/hk2/guice-bridge/2.5.0/guice-bridge-2.5.0.jar:/home/user/.m2/repository/org/glassfish/jersey/core/jersey-server/2.27/jersey-server-2.27.jar:/home/user/.m2/repository/org/glassfish/jersey/core/jersey-client/2.27/jersey-client-2.27.jar:/home/user/.m2/repository/org/glassfish/jersey/media/jersey-media-jaxb/2.27/jersey-media-jaxb-2.27.jar:/home/user/.m2/repository/javax/validation/validation-api/1.1.0.Final/validation-api-1.1.0.Final.jar:/home/user/.m2/repository/org/glassfish/jersey/media/jersey-media-json-jackson/2.27/jersey-media-json-jackson-2.27.jar:/home/user/.m2/repository/org/glassfish/jersey/ext/jersey-entity-filtering/2.27/jersey-entity-filtering-2.27.jar:/home/user/.m2/repository/com/google/inject/extensions/guice-assistedinject/4.0/guice-assistedinject-4.0.jar:/home/user/.m2/repository/org/jooq/jooq/3.11.10/jooq-3.11.10.jar:/home/user/.m2/repository/org/jooq/jooq-meta/3.11.10/jooq-meta-3.11.10.jar:/home/user/.m2/repository/org/jooq/jooq-codegen/3.11.10/jooq-codegen-3.11.10.jar:/home/user/.m2/repository/com/jolbox/bonecp/0.8.0.RELEASE/bonecp-0.8.0.RELEASE.jar:/home/user/.m2/repository/org/xerial/sqlite-jdbc/3.25.2/sqlite-jdbc-3.25.2.jar:/home/user/.m2/repository/org/springframework/spring-jdbc/5.1.3.RELEASE/spring-jdbc-5.1.3.RELEASE.jar:/home/user/.m2/repository/org/springframework/spring-beans/5.1.3.RELEASE/spring-beans-5.1.3.RELEASE.jar:/home/user/.m2/repository/org/springframework/spring-core/5.1.3.RELEASE/spring-core-5.1.3.RELEASE.jar:/home/user/.m2/repository/org/springframework/spring-jcl/5.1.3.RELEASE/spring-jcl-5.1.3.RELEASE.jar:/home/user/.m2/repository/org/springframework/spring-tx/5.1.3.RELEASE/spring-tx-5.1.3.RELEASE.jar:/home/user/.m2/repository/org/apache/hadoop/hadoop-ozone-client/0.5.0-SNAPSHOT/hadoop-ozone-client-0.5.0-SNAPSHOT.jar:/home/user/.m2/repository/commons-lang/commons-lang/2.6/commons-lang-2.6.jar:/home/user/.m2/repository/org/apache/hadoop/hadoop-ozone-ozone-manager/0.5.0-SNAPSHOT/hadoop-ozone-ozone-manager-0.5.0-SNAPSHOT-tests.jar:/home/user/.m2/repository/junit/junit/4.11/junit-4.11.jar:/home/user/.m2/repository/org/hamcrest/hamcrest-core/1.3/hamcrest-core-1.3.jar:/home/user/.m2/repository/org/openjdk/jmh/jmh-core/1.19/jmh-core-1.19.jar:/home/user/.m2/repository/net/sf/jopt-simple/jopt-simple/4.6/jopt-simple-4.6.jar:/home/user/.m2/repository/org/apache/commons/commons-math3/3.1.1/commons-math3-3.1.1.jar:/home/user/.m2/repository/org/openjdk/jmh/jmh-generator-annprocess/1.19/jmh-generator-annprocess-1.19.jar:/home/user/.m2/repository/org/mockito/mockito-all/1.8.5/mockito-all-1.8.5.jar:/home/user/.m2/repository/org/apache/hadoop/hadoop-kms/3.2.0/hadoop-kms-3.2.0.jar:/home/user/.m2/repository/org/apache/hadoop/hadoop-auth/3.2.0/hadoop-auth-3.2.0.jar:/home/user/.m2/repository/com/nimbusds/nimbus-jose-jwt/4.41.1/nimbus-jose-jwt-4.41.1.jar:/home/user/.m2/repository/com/github/stephenc/jcip/jcip-annotations/1.0-1/jcip-annotations-1.0-1.jar:/home/user/.m2/repository/net/minidev/json-smart/2.3/json-smart-2.3.jar:/home/user/.m2/repository/net/minidev/accessors-smart/1.2/accessors-smart-1.2.jar:/home/user/.m2/repository/org/ow2/asm/asm/5.0.4/asm-5.0.4.jar:/home/user/.m2/repository/org/apache/curator/curator-framework/2.12.0/curator-framework-2.12.0.jar:/home/user/.m2/repository/com/sun/jersey/jersey-core/1.19/jersey-core-1.19.jar:/home/user/.m2/repository/javax/ws/rs/jsr311-api/1.1.1/jsr311-api-1.1.1.jar:/home/user/.m2/repository/com/sun/jersey/jersey-server/1.19/jersey-server-1.19.jar:/home/user/.m2/repository/javax/servlet/javax.servlet-api/3.1.0/javax.servlet-api-3.1.0.jar:/home/user/.m2/repository/org/eclipse/jetty/jetty-server/9.3.24.v20180605/jetty-server-9.3.24.v20180605.jar:/home/user/.m2/repository/org/eclipse/jetty/jetty-http/9.3.24.v20180605/jetty-http-9.3.24.v20180605.jar:/home/user/.m2/repository/org/eclipse/jetty/jetty-io/9.3.24.v20180605/jetty-io-9.3.24.v20180605.jar:/home/user/.m2/repository/org/eclipse/jetty/jetty-webapp/9.3.24.v20180605/jetty-webapp-9.3.24.v20180605.jar:/home/user/.m2/repository/org/eclipse/jetty/jetty-xml/9.3.24.v20180605/jetty-xml-9.3.24.v20180605.jar:/home/user/.m2/repository/log4j/log4j/1.2.17/log4j-1.2.17.jar:/home/user/.m2/repository/org/slf4j/slf4j-api/1.7.25/slf4j-api-1.7.25.jar:/home/user/.m2/repository/org/slf4j/jul-to-slf4j/1.7.25/jul-to-slf4j-1.7.25.jar:/home/user/.m2/repository/org/eclipse/jetty/jetty-util/9.3.24.v20180605/jetty-util-9.3.24.v20180605.jar:/home/user/.m2/repository/com/fasterxml/jackson/core/jackson-databind/2.9.5/jackson-databind-2.9.5.jar:/home/user/.m2/repository/org/apache/hadoop/hadoop-kms/3.2.0/hadoop-kms-3.2.0-tests.jar:/home/user/.m2/repository/org/apache/hadoop/hadoop-hdds-server-scm/0.5.0-SNAPSHOT/hadoop-hdds-server-scm-0.5.0-SNAPSHOT-tests.jar:/home/user/.m2/repository/org/apache/hadoop/hadoop-hdds-container-service/0.5.0-SNAPSHOT/hadoop-hdds-container-service-0.5.0-SNAPSHOT-tests.jar:/home/user/.m2/repository/org/yaml/snakeyaml/1.16/snakeyaml-1.16.jar:/home/user/.m2/repository/org/apache/hadoop/hadoop-common/3.2.0/hadoop-common-3.2.0-tests.jar:/home/user/.m2/repository/org/apache/hadoop/hadoop-annotations/3.2.0/hadoop-annotations-3.2.0.jar:/usr/lib/jvm/java-1.8-openjdk/jre/../lib/tools.jar:/home/user/.m2/repository/commons-cli/commons-cli/1.2/commons-cli-1.2.jar:/home/user/.m2/repository/org/apache/httpcomponents/httpclient/4.5.2/httpclient-4.5.2.jar:/home/user/.m2/repository/org/apache/httpcomponents/httpcore/4.4.4/httpcore-4.4.4.jar:/home/user/.m2/repository/commons-codec/commons-codec/1.11/commons-codec-1.11.jar:/home/user/.m2/repository/commons-net/commons-net/3.6/commons-net-3.6.jar:/home/user/.m2/repository/commons-collections/commons-collections/3.2.2/commons-collections-3.2.2.jar:/home/user/.m2/repository/org/eclipse/jetty/jetty-servlet/9.3.24.v20180605/jetty-servlet-9.3.24.v20180605.jar:/home/user/.m2/repository/org/eclipse/jetty/jetty-security/9.3.24.v20180605/jetty-security-9.3.24.v20180605.jar:/home/user/.m2/repository/javax/servlet/jsp/jsp-api/2.1/jsp-api-2.1.jar:/home/user/.m2/repository/com/sun/jersey/jersey-servlet/1.19/jersey-servlet-1.19.jar:/home/user/.m2/repository/com/sun/jersey/jersey-json/1.19/jersey-json-1.19.jar:/home/user/.m2/repository/org/codehaus/jettison/jettison/1.1/jettison-1.1.jar:/home/user/.m2/repository/org/codehaus/jackson/jackson-core-asl/1.9.13/jackson-core-asl-1.9.13.jar:/home/user/.m2/repository/org/codehaus/jackson/jackson-mapper-asl/1.9.13/jackson-mapper-asl-1.9.13.jar:/home/user/.m2/repository/org/codehaus/jackson/jackson-jaxrs/1.9.13/jackson-jaxrs-1.9.13.jar:/home/user/.m2/repository/org/codehaus/jackson/jackson-xc/1.9.13/jackson-xc-1.9.13.jar:/home/user/.m2/repository/commons-logging/commons-logging/1.1.3/commons-logging-1.1.3.jar:/home/user/.m2/repository/commons-beanutils/commons-beanutils/1.9.3/commons-beanutils-1.9.3.jar:/home/user/.m2/repository/org/apache/commons/commons-configuration2/2.1.1/commons-configuration2-2.1.1.jar:/home/user/.m2/repository/org/apache/commons/commons-lang3/3.7/commons-lang3-3.7.jar:/home/user/.m2/repository/org/apache/commons/commons-text/1.4/commons-text-1.4.jar:/home/user/.m2/repository/org/apache/avro/avro/1.7.7/avro-1.7.7.jar:/home/user/.m2/repository/com/thoughtworks/paranamer/paranamer/2.3/paranamer-2.3.jar:/home/user/.m2/repository/org/xerial/snappy/snappy-java/1.0.5/snappy-java-1.0.5.jar:/home/user/.m2/repository/com/google/re2j/re2j/1.1/re2j-1.1.jar:/home/user/.m2/repository/com/google/code/gson/gson/2.2.4/gson-2.2.4.jar:/home/user/.m2/repository/com/jcraft/jsch/0.1.54/jsch-0.1.54.jar:/home/user/.m2/repository/org/apache/curator/curator-client/2.12.0/curator-client-2.12.0.jar:/home/user/.m2/repository/org/apache/curator/curator-recipes/2.12.0/curator-recipes-2.12.0.jar:/home/user/.m2/repository/com/google/code/findbugs/jsr305/3.0.0/jsr305-3.0.0.jar:/home/user/.m2/repository/org/apache/htrace/htrace-core4/4.1.0-incubating/htrace-core4-4.1.0-incubating.jar:/home/user/.m2/repository/org/apache/zookeeper/zookeeper/3.4.13/zookeeper-3.4.13.jar:/home/user/.m2/repository/org/apache/yetus/audience-annotations/0.5.0/audience-annotations-0.5.0.jar:/home/user/.m2/repository/org/codehaus/woodstox/stax2-api/3.1.4/stax2-api-3.1.4.jar:/home/user/.m2/repository/com/fasterxml/woodstox/woodstox-core/5.0.3/woodstox-core-5.0.3.jar:/home/user/.m2/repository/dnsjava/dnsjava/2.1.7/dnsjava-2.1.7.jar:/home/user/.m2/repository/org/apache/hadoop/hadoop-hdfs/3.2.0/hadoop-hdfs-3.2.0-tests.jar:/home/user/.m2/repository/org/eclipse/jetty/jetty-util-ajax/9.3.24.v20180605/jetty-util-ajax-9.3.24.v20180605.jar:/home/user/.m2/repository/commons-daemon/commons-daemon/1.0.13/commons-daemon-1.0.13.jar:/home/user/.m2/repository/io/netty/netty/3.10.5.Final/netty-3.10.5.Final.jar:/home/user/.m2/repository/io/netty/netty-all/4.0.52.Final/netty-all-4.0.52.Final.jar:/home/user/.m2/repository/org/fusesource/leveldbjni/leveldbjni-all/1.8/leveldbjni-all-1.8.jar:"/>
    <property name="java.vm.vendor" value="IcedTea"/>
    <property name="sun.arch.data.model" value="64"/>
    <property name="test.build.dir" value="/workdir/hadoop-ozone/integration-test/target/test-dir"/>
    <property name="test.cache.data" value=""/>
    <property name="java.vendor.url" value="https://icedtea.classpath.org"/>
    <property name="user.timezone" value=""/>
    <property name="java.vm.specification.version" value="1.8"/>
    <property name="os.name" value="Linux"/>
    <property name="test.build.data" value="/workdir/hadoop-ozone/integration-test/target/test-dir"/>
    <property name="user.country" value="US"/>
    <property name="sun.java.launcher" value="SUN_STANDARD"/>
    <property name="sun.boot.library.path" value="/usr/lib/jvm/java-1.8-openjdk/jre/lib/amd64"/>
    <property name="sun.java.command" value="/workdir/hadoop-ozone/integration-test/target/surefire/surefirebooter4936822930351190799.jar /workdir/hadoop-ozone/integration-test/target/surefire 2019-08-21T10-24-23_409-jvmRun1 surefire6294682195839722816tmp surefire_615265927871658797699tmp"/>
    <property name="surefire.test.class.path" value="/workdir/hadoop-ozone/integration-test/target/test-classes:/workdir/hadoop-ozone/integration-test/target/classes:/home/user/.m2/repository/org/apache/hadoop/hadoop-ozone-common/0.5.0-SNAPSHOT/hadoop-ozone-common-0.5.0-SNAPSHOT.jar:/home/user/.m2/repository/org/apache/commons/commons-compress/1.4.1/commons-compress-1.4.1.jar:/home/user/.m2/repository/org/tukaani/xz/1.0/xz-1.0.jar:/home/user/.m2/repository/org/apache/hadoop/hadoop-common/3.2.0/hadoop-common-3.2.0.jar:/home/user/.m2/repository/org/apache/hadoop/hadoop-hdfs/3.2.0/hadoop-hdfs-3.2.0.jar:/home/user/.m2/repository/org/apache/hadoop/hadoop-hdfs-client/3.2.0/hadoop-hdfs-client-3.2.0.jar:/home/user/.m2/repository/com/fasterxml/jackson/core/jackson-annotations/2.9.5/jackson-annotations-2.9.5.jar:/home/user/.m2/repository/org/apache/hadoop/hadoop-hdds-common/0.5.0-SNAPSHOT/hadoop-hdds-common-0.5.0-SNAPSHOT.jar:/home/user/.m2/repository/javax/annotation/javax.annotation-api/1.2/javax.annotation-api-1.2.jar:/home/user/.m2/repository/org/apache/ratis/ratis-server/0.4.0-2337318-SNAPSHOT/ratis-server-0.4.0-2337318-SNAPSHOT.jar:/home/user/.m2/repository/org/apache/ratis/ratis-thirdparty-misc/0.2.0/ratis-thirdparty-misc-0.2.0.jar:/home/user/.m2/repository/org/apache/ratis/ratis-proto/0.4.0-2337318-SNAPSHOT/ratis-proto-0.4.0-2337318-SNAPSHOT.jar:/home/user/.m2/repository/org/apache/ratis/ratis-common/0.4.0-2337318-SNAPSHOT/ratis-common-0.4.0-2337318-SNAPSHOT.jar:/home/user/.m2/repository/org/apache/ratis/ratis-client/0.4.0-2337318-SNAPSHOT/ratis-client-0.4.0-2337318-SNAPSHOT.jar:/home/user/.m2/repository/org/apache/ratis/ratis-metrics/0.4.0-2337318-SNAPSHOT/ratis-metrics-0.4.0-2337318-SNAPSHOT.jar:/home/user/.m2/repository/org/apache/ratis/ratis-netty/0.4.0-2337318-SNAPSHOT/ratis-netty-0.4.0-2337318-SNAPSHOT.jar:/home/user/.m2/repository/org/apache/ratis/ratis-grpc/0.4.0-2337318-SNAPSHOT/ratis-grpc-0.4.0-2337318-SNAPSHOT.jar:/home/user/.m2/repository/org/rocksdb/rocksdbjni/6.0.1/rocksdbjni-6.0.1.jar:/home/user/.m2/repository/org/apache/logging/log4j/log4j-api/2.11.0/log4j-api-2.11.0.jar:/home/user/.m2/repository/org/apache/logging/log4j/log4j-core/2.11.0/log4j-core-2.11.0.jar:/home/user/.m2/repository/com/lmax/disruptor/3.4.2/disruptor-3.4.2.jar:/home/user/.m2/repository/org/apache/commons/commons-pool2/2.6.0/commons-pool2-2.6.0.jar:/home/user/.m2/repository/org/bouncycastle/bcpkix-jdk15on/1.60/bcpkix-jdk15on-1.60.jar:/home/user/.m2/repository/commons-validator/commons-validator/1.6/commons-validator-1.6.jar:/home/user/.m2/repository/commons-digester/commons-digester/1.8.1/commons-digester-1.8.1.jar:/home/user/.m2/repository/io/jaegertracing/jaeger-client/0.33.1/jaeger-client-0.33.1.jar:/home/user/.m2/repository/io/jaegertracing/jaeger-thrift/0.33.1/jaeger-thrift-0.33.1.jar:/home/user/.m2/repository/org/apache/thrift/libthrift/0.11.0/libthrift-0.11.0.jar:/home/user/.m2/repository/com/squareup/okhttp3/okhttp/3.9.0/okhttp-3.9.0.jar:/home/user/.m2/repository/com/squareup/okio/okio/1.13.0/okio-1.13.0.jar:/home/user/.m2/repository/io/jaegertracing/jaeger-core/0.33.1/jaeger-core-0.33.1.jar:/home/user/.m2/repository/io/jaegertracing/jaeger-tracerresolver/0.33.1/jaeger-tracerresolver-0.33.1.jar:/home/user/.m2/repository/io/opentracing/contrib/opentracing-tracerresolver/0.1.5/opentracing-tracerresolver-0.1.5.jar:/home/user/.m2/repository/io/opentracing/opentracing-util/0.31.0/opentracing-util-0.31.0.jar:/home/user/.m2/repository/io/opentracing/opentracing-api/0.31.0/opentracing-api-0.31.0.jar:/home/user/.m2/repository/io/opentracing/opentracing-noop/0.31.0/opentracing-noop-0.31.0.jar:/home/user/.m2/repository/org/apache/hadoop/hadoop-hdds-server-framework/0.5.0-SNAPSHOT/hadoop-hdds-server-framework-0.5.0-SNAPSHOT.jar:/home/user/.m2/repository/org/apache/hadoop/hadoop-hdds-container-service/0.5.0-SNAPSHOT/hadoop-hdds-container-service-0.5.0-SNAPSHOT.jar:/home/user/.m2/repository/org/apache/hadoop/hadoop-hdds-client/0.5.0-SNAPSHOT/hadoop-hdds-client-0.5.0-SNAPSHOT.jar:/home/user/.m2/repository/org/apache/hadoop/hadoop-hdds-tools/0.5.0-SNAPSHOT/hadoop-hdds-tools-0.5.0-SNAPSHOT.jar:/home/user/.m2/repository/org/apache/hadoop/hadoop-hdds-server-scm/0.5.0-SNAPSHOT/hadoop-hdds-server-scm-0.5.0-SNAPSHOT.jar:/home/user/.m2/repository/org/apache/hadoop/hadoop-hdds-docs/0.5.0-SNAPSHOT/hadoop-hdds-docs-0.5.0-SNAPSHOT.jar:/home/user/.m2/repository/io/dropwizard/metrics/metrics-core/3.2.4/metrics-core-3.2.4.jar:/home/user/.m2/repository/org/hamcrest/hamcrest-all/1.3/hamcrest-all-1.3.jar:/home/user/.m2/repository/org/bouncycastle/bcprov-jdk15on/1.60/bcprov-jdk15on-1.60.jar:/home/user/.m2/repository/info/picocli/picocli/3.9.6/picocli-3.9.6.jar:/home/user/.m2/repository/com/google/protobuf/protobuf-java/2.5.0/protobuf-java-2.5.0.jar:/home/user/.m2/repository/com/google/guava/guava/11.0.2/guava-11.0.2.jar:/home/user/.m2/repository/org/apache/hadoop/hadoop-ozone-ozone-manager/0.5.0-SNAPSHOT/hadoop-ozone-ozone-manager-0.5.0-SNAPSHOT.jar:/home/user/.m2/repository/org/apache/hadoop/hadoop-minikdc/3.2.0/hadoop-minikdc-3.2.0.jar:/home/user/.m2/repository/commons-io/commons-io/2.5/commons-io-2.5.jar:/home/user/.m2/repository/org/apache/kerby/kerb-simplekdc/1.0.1/kerb-simplekdc-1.0.1.jar:/home/user/.m2/repository/org/apache/kerby/kerb-client/1.0.1/kerb-client-1.0.1.jar:/home/user/.m2/repository/org/apache/kerby/kerby-config/1.0.1/kerby-config-1.0.1.jar:/home/user/.m2/repository/org/apache/kerby/kerb-core/1.0.1/kerb-core-1.0.1.jar:/home/user/.m2/repository/org/apache/kerby/kerby-pkix/1.0.1/kerby-pkix-1.0.1.jar:/home/user/.m2/repository/org/apache/kerby/kerby-asn1/1.0.1/kerby-asn1-1.0.1.jar:/home/user/.m2/repository/org/apache/kerby/kerby-util/1.0.1/kerby-util-1.0.1.jar:/home/user/.m2/repository/org/apache/kerby/kerb-common/1.0.1/kerb-common-1.0.1.jar:/home/user/.m2/repository/org/apache/kerby/kerb-crypto/1.0.1/kerb-crypto-1.0.1.jar:/home/user/.m2/repository/org/apache/kerby/kerb-util/1.0.1/kerb-util-1.0.1.jar:/home/user/.m2/repository/org/apache/kerby/token-provider/1.0.1/token-provider-1.0.1.jar:/home/user/.m2/repository/org/apache/kerby/kerb-admin/1.0.1/kerb-admin-1.0.1.jar:/home/user/.m2/repository/org/apache/kerby/kerb-server/1.0.1/kerb-server-1.0.1.jar:/home/user/.m2/repository/org/apache/kerby/kerb-identity/1.0.1/kerb-identity-1.0.1.jar:/home/user/.m2/repository/org/apache/kerby/kerby-xdr/1.0.1/kerby-xdr-1.0.1.jar:/home/user/.m2/repository/org/slf4j/slf4j-log4j12/1.7.25/slf4j-log4j12-1.7.25.jar:/home/user/.m2/repository/org/apache/hadoop/hadoop-ozone-objectstore-service/0.5.0-SNAPSHOT/hadoop-ozone-objectstore-service-0.5.0-SNAPSHOT.jar:/home/user/.m2/repository/org/apache/hadoop/hadoop-ozone-s3gateway/0.5.0-SNAPSHOT/hadoop-ozone-s3gateway-0.5.0-SNAPSHOT.jar:/home/user/.m2/repository/org/jboss/weld/servlet/weld-servlet/2.4.7.Final/weld-servlet-2.4.7.Final.jar:/home/user/.m2/repository/org/glassfish/jersey/containers/jersey-container-servlet-core/2.27/jersey-container-servlet-core-2.27.jar:/home/user/.m2/repository/org/glassfish/hk2/external/javax.inject/2.5.0-b42/javax.inject-2.5.0-b42.jar:/home/user/.m2/repository/org/glassfish/jersey/core/jersey-common/2.27/jersey-common-2.27.jar:/home/user/.m2/repository/org/glassfish/hk2/osgi-resource-locator/1.0.1/osgi-resource-locator-1.0.1.jar:/home/user/.m2/repository/javax/ws/rs/javax.ws.rs-api/2.1/javax.ws.rs-api-2.1.jar:/home/user/.m2/repository/org/glassfish/jersey/ext/cdi/jersey-cdi1x/2.27/jersey-cdi1x-2.27.jar:/home/user/.m2/repository/org/glassfish/jersey/inject/jersey-hk2/2.27/jersey-hk2-2.27.jar:/home/user/.m2/repository/org/glassfish/hk2/hk2-locator/2.5.0-b42/hk2-locator-2.5.0-b42.jar:/home/user/.m2/repository/org/javassist/javassist/3.22.0-CR2/javassist-3.22.0-CR2.jar:/home/user/.m2/repository/org/glassfish/hk2/hk2-api/2.5.0/hk2-api-2.5.0.jar:/home/user/.m2/repository/org/glassfish/hk2/external/jakarta.inject/2.5.0/jakarta.inject-2.5.0.jar:/home/user/.m2/repository/org/glassfish/hk2/hk2-utils/2.5.0/hk2-utils-2.5.0.jar:/home/user/.m2/repository/jakarta/annotation/jakarta.annotation-api/1.3.4/jakarta.annotation-api-1.3.4.jar:/home/user/.m2/repository/org/glassfish/hk2/external/aopalliance-repackaged/2.5.0/aopalliance-repackaged-2.5.0.jar:/home/user/.m2/repository/com/fasterxml/jackson/dataformat/jackson-dataformat-xml/2.9.0/jackson-dataformat-xml-2.9.0.jar:/home/user/.m2/repository/com/fasterxml/jackson/core/jackson-core/2.9.5/jackson-core-2.9.5.jar:/home/user/.m2/repository/com/fasterxml/jackson/module/jackson-module-jaxb-annotations/2.9.5/jackson-module-jaxb-annotations-2.9.5.jar:/home/user/.m2/repository/javax/enterprise/cdi-api/1.2/cdi-api-1.2.jar:/home/user/.m2/repository/javax/el/javax.el-api/3.0.0/javax.el-api-3.0.0.jar:/home/user/.m2/repository/javax/interceptor/javax.interceptor-api/1.2/javax.interceptor-api-1.2.jar:/home/user/.m2/repository/javax/inject/javax.inject/1/javax.inject-1.jar:/home/user/.m2/repository/com/sun/xml/bind/jaxb-impl/2.3.0.1/jaxb-impl-2.3.0.1.jar:/home/user/.m2/repository/com/sun/xml/bind/jaxb-core/2.3.0.1/jaxb-core-2.3.0.1.jar:/home/user/.m2/repository/javax/xml/bind/jaxb-api/2.3.0/jaxb-api-2.3.0.jar:/home/user/.m2/repository/javax/activation/activation/1.1.1/activation-1.1.1.jar:/home/user/.m2/repository/org/apache/hadoop/hadoop-ozone-csi/0.5.0-SNAPSHOT/hadoop-ozone-csi-0.5.0-SNAPSHOT.jar:/home/user/.m2/repository/com/google/protobuf/protobuf-java-util/3.5.1/protobuf-java-util-3.5.1.jar:/home/user/.m2/repository/org/apache/hadoop/hadoop-hdds-config/0.5.0-SNAPSHOT/hadoop-hdds-config-0.5.0-SNAPSHOT.jar:/home/user/.m2/repository/io/grpc/grpc-netty/1.17.1/grpc-netty-1.17.1.jar:/home/user/.m2/repository/io/grpc/grpc-core/1.17.1/grpc-core-1.17.1.jar:/home/user/.m2/repository/io/grpc/grpc-context/1.17.1/grpc-context-1.17.1.jar:/home/user/.m2/repository/com/google/errorprone/error_prone_annotations/2.2.0/error_prone_annotations-2.2.0.jar:/home/user/.m2/repository/org/codehaus/mojo/animal-sniffer-annotations/1.17/animal-sniffer-annotations-1.17.jar:/home/user/.m2/repository/io/opencensus/opencensus-api/0.17.0/opencensus-api-0.17.0.jar:/home/user/.m2/repository/io/opencensus/opencensus-contrib-grpc-metrics/0.17.0/opencensus-contrib-grpc-metrics-0.17.0.jar:/home/user/.m2/repository/io/netty/netty-codec-http2/4.1.30.Final/netty-codec-http2-4.1.30.Final.jar:/home/user/.m2/repository/io/netty/netty-codec-http/4.1.30.Final/netty-codec-http-4.1.30.Final.jar:/home/user/.m2/repository/io/netty/netty-codec/4.1.30.Final/netty-codec-4.1.30.Final.jar:/home/user/.m2/repository/io/netty/netty-handler/4.1.30.Final/netty-handler-4.1.30.Final.jar:/home/user/.m2/repository/io/netty/netty-handler-proxy/4.1.30.Final/netty-handler-proxy-4.1.30.Final.jar:/home/user/.m2/repository/io/netty/netty-codec-socks/4.1.30.Final/netty-codec-socks-4.1.30.Final.jar:/home/user/.m2/repository/io/netty/netty-transport-native-epoll/4.1.30.Final/netty-transport-native-epoll-4.1.30.Final.jar:/home/user/.m2/repository/io/netty/netty-common/4.1.30.Final/netty-common-4.1.30.Final.jar:/home/user/.m2/repository/io/netty/netty-buffer/4.1.30.Final/netty-buffer-4.1.30.Final.jar:/home/user/.m2/repository/io/netty/netty-transport/4.1.30.Final/netty-transport-4.1.30.Final.jar:/home/user/.m2/repository/io/netty/netty-resolver/4.1.30.Final/netty-resolver-4.1.30.Final.jar:/home/user/.m2/repository/io/netty/netty-transport-native-unix-common/4.1.30.Final/netty-transport-native-unix-common-4.1.30.Final.jar:/home/user/.m2/repository/io/grpc/grpc-protobuf/1.17.1/grpc-protobuf-1.17.1.jar:/home/user/.m2/repository/com/google/api/grpc/proto-google-common-protos/1.0.0/proto-google-common-protos-1.0.0.jar:/home/user/.m2/repository/io/grpc/grpc-protobuf-lite/1.17.1/grpc-protobuf-lite-1.17.1.jar:/home/user/.m2/repository/io/grpc/grpc-stub/1.17.1/grpc-stub-1.17.1.jar:/home/user/.m2/repository/org/apache/hadoop/hadoop-ozone-recon/0.5.0-SNAPSHOT/hadoop-ozone-recon-0.5.0-SNAPSHOT.jar:/home/user/.m2/repository/org/apache/hadoop/hadoop-ozone-reconcodegen/0.5.0-SNAPSHOT/hadoop-ozone-reconcodegen-0.5.0-SNAPSHOT.jar:/home/user/.m2/repository/com/google/inject/extensions/guice-multibindings/4.0/guice-multibindings-4.0.jar:/home/user/.m2/repository/com/google/inject/guice/4.0/guice-4.0.jar:/home/user/.m2/repository/aopalliance/aopalliance/1.0/aopalliance-1.0.jar:/home/user/.m2/repository/com/google/inject/extensions/guice-servlet/4.0/guice-servlet-4.0.jar:/home/user/.m2/repository/org/glassfish/jersey/containers/jersey-container-servlet/2.27/jersey-container-servlet-2.27.jar:/home/user/.m2/repository/org/glassfish/hk2/guice-bridge/2.5.0/guice-bridge-2.5.0.jar:/home/user/.m2/repository/org/glassfish/jersey/core/jersey-server/2.27/jersey-server-2.27.jar:/home/user/.m2/repository/org/glassfish/jersey/core/jersey-client/2.27/jersey-client-2.27.jar:/home/user/.m2/repository/org/glassfish/jersey/media/jersey-media-jaxb/2.27/jersey-media-jaxb-2.27.jar:/home/user/.m2/repository/javax/validation/validation-api/1.1.0.Final/validation-api-1.1.0.Final.jar:/home/user/.m2/repository/org/glassfish/jersey/media/jersey-media-json-jackson/2.27/jersey-media-json-jackson-2.27.jar:/home/user/.m2/repository/org/glassfish/jersey/ext/jersey-entity-filtering/2.27/jersey-entity-filtering-2.27.jar:/home/user/.m2/repository/com/google/inject/extensions/guice-assistedinject/4.0/guice-assistedinject-4.0.jar:/home/user/.m2/repository/org/jooq/jooq/3.11.10/jooq-3.11.10.jar:/home/user/.m2/repository/org/jooq/jooq-meta/3.11.10/jooq-meta-3.11.10.jar:/home/user/.m2/repository/org/jooq/jooq-codegen/3.11.10/jooq-codegen-3.11.10.jar:/home/user/.m2/repository/com/jolbox/bonecp/0.8.0.RELEASE/bonecp-0.8.0.RELEASE.jar:/home/user/.m2/repository/org/xerial/sqlite-jdbc/3.25.2/sqlite-jdbc-3.25.2.jar:/home/user/.m2/repository/org/springframework/spring-jdbc/5.1.3.RELEASE/spring-jdbc-5.1.3.RELEASE.jar:/home/user/.m2/repository/org/springframework/spring-beans/5.1.3.RELEASE/spring-beans-5.1.3.RELEASE.jar:/home/user/.m2/repository/org/springframework/spring-core/5.1.3.RELEASE/spring-core-5.1.3.RELEASE.jar:/home/user/.m2/repository/org/springframework/spring-jcl/5.1.3.RELEASE/spring-jcl-5.1.3.RELEASE.jar:/home/user/.m2/repository/org/springframework/spring-tx/5.1.3.RELEASE/spring-tx-5.1.3.RELEASE.jar:/home/user/.m2/repository/org/apache/hadoop/hadoop-ozone-client/0.5.0-SNAPSHOT/hadoop-ozone-client-0.5.0-SNAPSHOT.jar:/home/user/.m2/repository/commons-lang/commons-lang/2.6/commons-lang-2.6.jar:/home/user/.m2/repository/org/apache/hadoop/hadoop-ozone-ozone-manager/0.5.0-SNAPSHOT/hadoop-ozone-ozone-manager-0.5.0-SNAPSHOT-tests.jar:/home/user/.m2/repository/junit/junit/4.11/junit-4.11.jar:/home/user/.m2/repository/org/hamcrest/hamcrest-core/1.3/hamcrest-core-1.3.jar:/home/user/.m2/repository/org/openjdk/jmh/jmh-core/1.19/jmh-core-1.19.jar:/home/user/.m2/repository/net/sf/jopt-simple/jopt-simple/4.6/jopt-simple-4.6.jar:/home/user/.m2/repository/org/apache/commons/commons-math3/3.1.1/commons-math3-3.1.1.jar:/home/user/.m2/repository/org/openjdk/jmh/jmh-generator-annprocess/1.19/jmh-generator-annprocess-1.19.jar:/home/user/.m2/repository/org/mockito/mockito-all/1.8.5/mockito-all-1.8.5.jar:/home/user/.m2/repository/org/apache/hadoop/hadoop-kms/3.2.0/hadoop-kms-3.2.0.jar:/home/user/.m2/repository/org/apache/hadoop/hadoop-auth/3.2.0/hadoop-auth-3.2.0.jar:/home/user/.m2/repository/com/nimbusds/nimbus-jose-jwt/4.41.1/nimbus-jose-jwt-4.41.1.jar:/home/user/.m2/repository/com/github/stephenc/jcip/jcip-annotations/1.0-1/jcip-annotations-1.0-1.jar:/home/user/.m2/repository/net/minidev/json-smart/2.3/json-smart-2.3.jar:/home/user/.m2/repository/net/minidev/accessors-smart/1.2/accessors-smart-1.2.jar:/home/user/.m2/repository/org/ow2/asm/asm/5.0.4/asm-5.0.4.jar:/home/user/.m2/repository/org/apache/curator/curator-framework/2.12.0/curator-framework-2.12.0.jar:/home/user/.m2/repository/com/sun/jersey/jersey-core/1.19/jersey-core-1.19.jar:/home/user/.m2/repository/javax/ws/rs/jsr311-api/1.1.1/jsr311-api-1.1.1.jar:/home/user/.m2/repository/com/sun/jersey/jersey-server/1.19/jersey-server-1.19.jar:/home/user/.m2/repository/javax/servlet/javax.servlet-api/3.1.0/javax.servlet-api-3.1.0.jar:/home/user/.m2/repository/org/eclipse/jetty/jetty-server/9.3.24.v20180605/jetty-server-9.3.24.v20180605.jar:/home/user/.m2/repository/org/eclipse/jetty/jetty-http/9.3.24.v20180605/jetty-http-9.3.24.v20180605.jar:/home/user/.m2/repository/org/eclipse/jetty/jetty-io/9.3.24.v20180605/jetty-io-9.3.24.v20180605.jar:/home/user/.m2/repository/org/eclipse/jetty/jetty-webapp/9.3.24.v20180605/jetty-webapp-9.3.24.v20180605.jar:/home/user/.m2/repository/org/eclipse/jetty/jetty-xml/9.3.24.v20180605/jetty-xml-9.3.24.v20180605.jar:/home/user/.m2/repository/log4j/log4j/1.2.17/log4j-1.2.17.jar:/home/user/.m2/repository/org/slf4j/slf4j-api/1.7.25/slf4j-api-1.7.25.jar:/home/user/.m2/repository/org/slf4j/jul-to-slf4j/1.7.25/jul-to-slf4j-1.7.25.jar:/home/user/.m2/repository/org/eclipse/jetty/jetty-util/9.3.24.v20180605/jetty-util-9.3.24.v20180605.jar:/home/user/.m2/repository/com/fasterxml/jackson/core/jackson-databind/2.9.5/jackson-databind-2.9.5.jar:/home/user/.m2/repository/org/apache/hadoop/hadoop-kms/3.2.0/hadoop-kms-3.2.0-tests.jar:/home/user/.m2/repository/org/apache/hadoop/hadoop-hdds-server-scm/0.5.0-SNAPSHOT/hadoop-hdds-server-scm-0.5.0-SNAPSHOT-tests.jar:/home/user/.m2/repository/org/apache/hadoop/hadoop-hdds-container-service/0.5.0-SNAPSHOT/hadoop-hdds-container-service-0.5.0-SNAPSHOT-tests.jar:/home/user/.m2/repository/org/yaml/snakeyaml/1.16/snakeyaml-1.16.jar:/home/user/.m2/repository/org/apache/hadoop/hadoop-common/3.2.0/hadoop-common-3.2.0-tests.jar:/home/user/.m2/repository/org/apache/hadoop/hadoop-annotations/3.2.0/hadoop-annotations-3.2.0.jar:/usr/lib/jvm/java-1.8-openjdk/jre/../lib/tools.jar:/home/user/.m2/repository/commons-cli/commons-cli/1.2/commons-cli-1.2.jar:/home/user/.m2/repository/org/apache/httpcomponents/httpclient/4.5.2/httpclient-4.5.2.jar:/home/user/.m2/repository/org/apache/httpcomponents/httpcore/4.4.4/httpcore-4.4.4.jar:/home/user/.m2/repository/commons-codec/commons-codec/1.11/commons-codec-1.11.jar:/home/user/.m2/repository/commons-net/commons-net/3.6/commons-net-3.6.jar:/home/user/.m2/repository/commons-collections/commons-collections/3.2.2/commons-collections-3.2.2.jar:/home/user/.m2/repository/org/eclipse/jetty/jetty-servlet/9.3.24.v20180605/jetty-servlet-9.3.24.v20180605.jar:/home/user/.m2/repository/org/eclipse/jetty/jetty-security/9.3.24.v20180605/jetty-security-9.3.24.v20180605.jar:/home/user/.m2/repository/javax/servlet/jsp/jsp-api/2.1/jsp-api-2.1.jar:/home/user/.m2/repository/com/sun/jersey/jersey-servlet/1.19/jersey-servlet-1.19.jar:/home/user/.m2/repository/com/sun/jersey/jersey-json/1.19/jersey-json-1.19.jar:/home/user/.m2/repository/org/codehaus/jettison/jettison/1.1/jettison-1.1.jar:/home/user/.m2/repository/org/codehaus/jackson/jackson-core-asl/1.9.13/jackson-core-asl-1.9.13.jar:/home/user/.m2/repository/org/codehaus/jackson/jackson-mapper-asl/1.9.13/jackson-mapper-asl-1.9.13.jar:/home/user/.m2/repository/org/codehaus/jackson/jackson-jaxrs/1.9.13/jackson-jaxrs-1.9.13.jar:/home/user/.m2/repository/org/codehaus/jackson/jackson-xc/1.9.13/jackson-xc-1.9.13.jar:/home/user/.m2/repository/commons-logging/commons-logging/1.1.3/commons-logging-1.1.3.jar:/home/user/.m2/repository/commons-beanutils/commons-beanutils/1.9.3/commons-beanutils-1.9.3.jar:/home/user/.m2/repository/org/apache/commons/commons-configuration2/2.1.1/commons-configuration2-2.1.1.jar:/home/user/.m2/repository/org/apache/commons/commons-lang3/3.7/commons-lang3-3.7.jar:/home/user/.m2/repository/org/apache/commons/commons-text/1.4/commons-text-1.4.jar:/home/user/.m2/repository/org/apache/avro/avro/1.7.7/avro-1.7.7.jar:/home/user/.m2/repository/com/thoughtworks/paranamer/paranamer/2.3/paranamer-2.3.jar:/home/user/.m2/repository/org/xerial/snappy/snappy-java/1.0.5/snappy-java-1.0.5.jar:/home/user/.m2/repository/com/google/re2j/re2j/1.1/re2j-1.1.jar:/home/user/.m2/repository/com/google/code/gson/gson/2.2.4/gson-2.2.4.jar:/home/user/.m2/repository/com/jcraft/jsch/0.1.54/jsch-0.1.54.jar:/home/user/.m2/repository/org/apache/curator/curator-client/2.12.0/curator-client-2.12.0.jar:/home/user/.m2/repository/org/apache/curator/curator-recipes/2.12.0/curator-recipes-2.12.0.jar:/home/user/.m2/repository/com/google/code/findbugs/jsr305/3.0.0/jsr305-3.0.0.jar:/home/user/.m2/repository/org/apache/htrace/htrace-core4/4.1.0-incubating/htrace-core4-4.1.0-incubating.jar:/home/user/.m2/repository/org/apache/zookeeper/zookeeper/3.4.13/zookeeper-3.4.13.jar:/home/user/.m2/repository/org/apache/yetus/audience-annotations/0.5.0/audience-annotations-0.5.0.jar:/home/user/.m2/repository/org/codehaus/woodstox/stax2-api/3.1.4/stax2-api-3.1.4.jar:/home/user/.m2/repository/com/fasterxml/woodstox/woodstox-core/5.0.3/woodstox-core-5.0.3.jar:/home/user/.m2/repository/dnsjava/dnsjava/2.1.7/dnsjava-2.1.7.jar:/home/user/.m2/repository/org/apache/hadoop/hadoop-hdfs/3.2.0/hadoop-hdfs-3.2.0-tests.jar:/home/user/.m2/repository/org/eclipse/jetty/jetty-util-ajax/9.3.24.v20180605/jetty-util-ajax-9.3.24.v20180605.jar:/home/user/.m2/repository/commons-daemon/commons-daemon/1.0.13/commons-daemon-1.0.13.jar:/home/user/.m2/repository/io/netty/netty/3.10.5.Final/netty-3.10.5.Final.jar:/home/user/.m2/repository/io/netty/netty-all/4.0.52.Final/netty-all-4.0.52.Final.jar:/home/user/.m2/repository/org/fusesource/leveldbjni/leveldbjni-all/1.8/leveldbjni-all-1.8.jar:"/>
    <property name="sun.cpu.endian" value="little"/>
    <property name="user.home" value="/home/user"/>
    <property name="user.language" value="en"/>
    <property name="java.specification.vendor" value="Oracle Corporation"/>
    <property name="java.home" value="/usr/lib/jvm/java-1.8-openjdk/jre"/>
    <property name="java.security.krb5.conf" value="/workdir/hadoop-ozone/integration-test/target/test-classes/krb5.conf"/>
    <property name="basedir" value="/workdir/hadoop-ozone/integration-test"/>
    <property name="file.separator" value="/"/>
    <property name="line.separator" value="&#10;"/>
    <property name="java.vm.specification.vendor" value="Oracle Corporation"/>
    <property name="java.specification.name" value="Java Platform API Specification"/>
    <property name="java.awt.graphicsenv" value="sun.awt.X11GraphicsEnvironment"/>
    <property name="surefire.real.class.path" value="/workdir/hadoop-ozone/integration-test/target/surefire/surefirebooter4936822930351190799.jar"/>
    <property name="hadoop.log.dir" value="/workdir/hadoop-ozone/integration-test/target/log"/>
    <property name="sun.boot.class.path" value="/usr/lib/jvm/java-1.8-openjdk/jre/lib/resources.jar:/usr/lib/jvm/java-1.8-openjdk/jre/lib/rt.jar:/usr/lib/jvm/java-1.8-openjdk/jre/lib/sunrsasign.jar:/usr/lib/jvm/java-1.8-openjdk/jre/lib/jsse.jar:/usr/lib/jvm/java-1.8-openjdk/jre/lib/jce.jar:/usr/lib/jvm/java-1.8-openjdk/jre/lib/charsets.jar:/usr/lib/jvm/java-1.8-openjdk/jre/lib/jfr.jar:/usr/lib/jvm/java-1.8-openjdk/jre/classes"/>
    <property name="sun.management.compiler" value="HotSpot 64-Bit Tiered Compilers"/>
    <property name="java.runtime.version" value="1.8.0_212-b04"/>
    <property name="java.net.preferIPv4Stack" value="true"/>
    <property name="user.name" value="jenkins1000"/>
    <property name="path.separator" value=":"/>
    <property name="java.security.egd" value="file:///dev/urandom"/>
    <property name="os.version" value="3.10.0-957.12.2.el7.x86_64"/>
    <property name="java.endorsed.dirs" value="/usr/lib/jvm/java-1.8-openjdk/jre/lib/endorsed"/>
    <property name="java.runtime.name" value="OpenJDK Runtime Environment"/>
    <property name="file.encoding" value="UTF-8"/>
    <property name="java.vm.name" value="OpenJDK 64-Bit Server VM"/>
    <property name="test.build.webapps" value=""/>
    <property name="localRepository" value="/home/user/.m2/repository"/>
    <property name="java.vendor.url.bug" value="https://icedtea.classpath.org/bugzilla"/>
    <property name="java.io.tmpdir" value="/tmp"/>
    <property name="require.test.libhadoop" value=""/>
    <property name="java.version" value="1.8.0_212"/>
    <property name="user.dir" value="/workdir/hadoop-ozone/integration-test"/>
    <property name="os.arch" value="amd64"/>
    <property name="java.vm.specification.name" value="Java Virtual Machine Specification"/>
    <property name="test.build.classes" value="/workdir/hadoop-ozone/integration-test/target/test-classes"/>
    <property name="java.awt.printerjob" value="sun.print.PSPrinterJob"/>
    <property name="sun.os.patch.level" value="unknown"/>
    <property name="hadoop.tmp.dir" value="/workdir/hadoop-ozone/integration-test/target/tmp"/>
    <property name="java.library.path" value="/usr/lib/jvm/java-1.8-openjdk/jre/lib/amd64/server:/usr/lib/jvm/java-1.8-openjdk/jre/lib/amd64:/usr/lib/jvm/java-1.8-openjdk/jre/../lib/amd64:/workdir/hadoop-ozone/integration-test/target/native/target/usr/local/lib:/workdir/hadoop-ozone/integration-test/../../hadoop-common-project/hadoop-common/target/native/target/usr/local/lib:/usr/java/packages/lib/amd64:/usr/lib64:/lib64:/lib:/usr/lib"/>
    <property name="java.vm.info" value="mixed mode"/>
    <property name="java.vendor" value="IcedTea"/>
    <property name="java.vm.version" value="25.212-b04"/>
    <property name="java.ext.dirs" value="/usr/lib/jvm/java-1.8-openjdk/jre/lib/ext:/usr/java/packages/lib/ext"/>
    <property name="sun.io.unicode.encoding" value="UnicodeLittle"/>
    <property name="java.class.version" value="52.0"/>
  </properties>
  <testcase name="testMultiBlockWritesWithDnFailures" classname="org.apache.hadoop.ozone.client.rpc.TestMultiBlockWritesWithDnFailures" time="21.594">
    <error message="Allocated 0 blocks. Requested 1 blocks" type="INTERNAL_ERROR org.apache.hadoop.ozone.om.exceptions.OMException">INTERNAL_ERROR org.apache.hadoop.ozone.om.exceptions.OMException: Allocated 0 blocks. Requested 1 blocks
	at org.apache.hadoop.ozone.om.protocolPB.OzoneManagerProtocolClientSideTranslatorPB.handleError(OzoneManagerProtocolClientSideTranslatorPB.java:720)
	at org.apache.hadoop.ozone.om.protocolPB.OzoneManagerProtocolClientSideTranslatorPB.allocateBlock(OzoneManagerProtocolClientSideTranslatorPB.java:752)
	at org.apache.hadoop.ozone.client.io.BlockOutputStreamEntryPool.allocateNewBlock(BlockOutputStreamEntryPool.java:248)
	at org.apache.hadoop.ozone.client.io.BlockOutputStreamEntryPool.allocateBlockIfNeeded(BlockOutputStreamEntryPool.java:296)
	at org.apache.hadoop.ozone.client.io.KeyOutputStream.handleWrite(KeyOutputStream.java:201)
	at org.apache.hadoop.ozone.client.io.KeyOutputStream.handleRetry(KeyOutputStream.java:376)
	at org.apache.hadoop.ozone.client.io.KeyOutputStream.handleException(KeyOutputStream.java:325)
	at org.apache.hadoop.ozone.client.io.KeyOutputStream.handleWrite(KeyOutputStream.java:231)
	at org.apache.hadoop.ozone.client.io.KeyOutputStream.handleRetry(KeyOutputStream.java:376)
	at org.apache.hadoop.ozone.client.io.KeyOutputStream.handleException(KeyOutputStream.java:325)
	at org.apache.hadoop.ozone.client.io.KeyOutputStream.handleWrite(KeyOutputStream.java:231)
	at org.apache.hadoop.ozone.client.io.KeyOutputStream.write(KeyOutputStream.java:193)
	at org.apache.hadoop.ozone.client.io.OzoneOutputStream.write(OzoneOutputStream.java:49)
	at java.io.OutputStream.write(OutputStream.java:75)
	at org.apache.hadoop.ozone.client.rpc.TestMultiBlockWritesWithDnFailures.testMultiBlockWritesWithDnFailures(TestMultiBlockWritesWithDnFailures.java:122)
	at sun.reflect.NativeMethodAccessorImpl.invoke0(Native Method)
	at sun.reflect.NativeMethodAccessorImpl.invoke(NativeMethodAccessorImpl.java:62)
	at sun.reflect.DelegatingMethodAccessorImpl.invoke(DelegatingMethodAccessorImpl.java:43)
	at java.lang.reflect.Method.invoke(Method.java:498)
	at org.junit.runners.model.FrameworkMethod$1.runReflectiveCall(FrameworkMethod.java:47)
	at org.junit.internal.runners.model.ReflectiveCallable.run(ReflectiveCallable.java:12)
	at org.junit.runners.model.FrameworkMethod.invokeExplosively(FrameworkMethod.java:44)
	at org.junit.internal.runners.statements.InvokeMethod.evaluate(InvokeMethod.java:17)
	at org.junit.runners.ParentRunner.runLeaf(ParentRunner.java:271)
	at org.junit.runners.BlockJUnit4ClassRunner.runChild(BlockJUnit4ClassRunner.java:70)
	at org.junit.runners.BlockJUnit4ClassRunner.runChild(BlockJUnit4ClassRunner.java:50)
	at org.junit.runners.ParentRunner$3.run(ParentRunner.java:238)
	at org.junit.runners.ParentRunner$1.schedule(ParentRunner.java:63)
	at org.junit.runners.ParentRunner.runChildren(ParentRunner.java:236)
	at org.junit.runners.ParentRunner.access$000(ParentRunner.java:53)
	at org.junit.runners.ParentRunner$2.evaluate(ParentRunner.java:229)
	at org.junit.runners.ParentRunner.run(ParentRunner.java:309)
	at org.apache.maven.surefire.junit4.JUnit4Provider.execute(JUnit4Provider.java:365)
	at org.apache.maven.surefire.junit4.JUnit4Provider.executeWithRerun(JUnit4Provider.java:273)
	at org.apache.maven.surefire.junit4.JUnit4Provider.executeTestSet(JUnit4Provider.java:238)
	at org.apache.maven.surefire.junit4.JUnit4Provider.invoke(JUnit4Provider.java:159)
	at org.apache.maven.surefire.booter.ForkedBooter.invokeProviderInSameClassLoader(ForkedBooter.java:384)
	at org.apache.maven.surefire.booter.ForkedBooter.runSuitesInProcess(ForkedBooter.java:345)
	at org.apache.maven.surefire.booter.ForkedBooter.execute(ForkedBooter.java:126)
	at org.apache.maven.surefire.booter.ForkedBooter.main(ForkedBooter.java:418)
</error>
    <system-out><![CDATA[2019-08-21 11:15:54,652 WARN  server.ServerUtils (ServerUtils.java:getScmDbDir(145)) - ozone.scm.db.dirs is not configured. We recommend adding this setting. Falling back to ozone.metadata.dirs instead.
2019-08-21 11:15:54,810 WARN  server.ServerUtils (ServerUtils.java:getScmDbDir(145)) - ozone.scm.db.dirs is not configured. We recommend adding this setting. Falling back to ozone.metadata.dirs instead.
2019-08-21 11:15:54,814 WARN  server.ServerUtils (ServerUtils.java:getScmDbDir(145)) - ozone.scm.db.dirs is not configured. We recommend adding this setting. Falling back to ozone.metadata.dirs instead.
2019-08-21 11:15:54,835 INFO  util.log (Log.java:initialized(192)) - Logging initialized @920ms
2019-08-21 11:15:54,936 INFO  db.DBStoreBuilder (DBStoreBuilder.java:addTable(110)) - using custom profile for table: deletedBlocks
2019-08-21 11:15:54,937 INFO  db.DBStoreBuilder (DBStoreBuilder.java:processTables(161)) - Using default column profile:DBProfile.DISK for Table:deletedBlocks
2019-08-21 11:15:54,937 INFO  db.DBStoreBuilder (DBStoreBuilder.java:addTable(110)) - using custom profile for table: validCerts
2019-08-21 11:15:54,938 INFO  db.DBStoreBuilder (DBStoreBuilder.java:processTables(161)) - Using default column profile:DBProfile.DISK for Table:validCerts
2019-08-21 11:15:54,938 INFO  db.DBStoreBuilder (DBStoreBuilder.java:addTable(110)) - using custom profile for table: revokedCerts
2019-08-21 11:15:54,938 INFO  db.DBStoreBuilder (DBStoreBuilder.java:processTables(161)) - Using default column profile:DBProfile.DISK for Table:revokedCerts
2019-08-21 11:15:54,950 INFO  db.DBStoreBuilder (DBStoreBuilder.java:addTable(110)) - using custom profile for table: default
2019-08-21 11:15:54,951 INFO  db.DBStoreBuilder (DBStoreBuilder.java:processTables(167)) - Using default column profile:DBProfile.DISK for Table:default
2019-08-21 11:15:54,952 INFO  db.DBStoreBuilder (DBStoreBuilder.java:getDbProfile(198)) - Using default options. DBProfile.DISK
2019-08-21 11:15:55,139 INFO  net.NodeSchemaLoader (NodeSchemaLoader.java:loadSchemaFromFile(125)) - Loading file from sun.misc.CompoundEnumeration@393671df
2019-08-21 11:15:55,142 INFO  net.NodeSchemaLoader (NodeSchemaLoader.java:loadSchema(171)) - Loading network topology layer schema file
2019-08-21 11:15:55,215 INFO  node.SCMNodeManager (SCMNodeManager.java:<init>(121)) - Entering startup safe mode.
2019-08-21 11:15:55,300 INFO  algorithms.ContainerPlacementPolicyFactory (ContainerPlacementPolicyFactory.java:getPolicy(55)) - Create container placement policy of type org.apache.hadoop.hdds.scm.container.placement.algorithms.SCMContainerPlacementRandom
2019-08-21 11:15:55,321 WARN  server.ServerUtils (ServerUtils.java:getScmDbDir(145)) - ozone.scm.db.dirs is not configured. We recommend adding this setting. Falling back to ozone.metadata.dirs instead.
2019-08-21 11:15:55,399 INFO  pipeline.SCMPipelineManager (SCMPipelineManager.java:initializePipelineState(126)) - No pipeline exists in current db
2019-08-21 11:15:55,403 WARN  server.ServerUtils (ServerUtils.java:getScmDbDir(145)) - ozone.scm.db.dirs is not configured. We recommend adding this setting. Falling back to ozone.metadata.dirs instead.
2019-08-21 11:15:55,529 WARN  events.EventQueue (EventQueue.java:fireEvent(175)) - No event handler registered for event TypedEvent{payloadType=SafeModeStatus, name='SafeModeStatus'}
2019-08-21 11:15:55,906 INFO  ipc.CallQueueManager (CallQueueManager.java:<init>(84)) - Using callQueue: class java.util.concurrent.LinkedBlockingQueue, queueCapacity: 2000, scheduler: class org.apache.hadoop.ipc.DefaultRpcScheduler, ipcBackoff: false.
2019-08-21 11:15:55,933 INFO  ipc.Server (Server.java:run(1074)) - Starting Socket Reader #1 for port 39544
2019-08-21 11:15:55,958 INFO  ipc.CallQueueManager (CallQueueManager.java:<init>(84)) - Using callQueue: class java.util.concurrent.LinkedBlockingQueue, queueCapacity: 2000, scheduler: class org.apache.hadoop.ipc.DefaultRpcScheduler, ipcBackoff: false.
2019-08-21 11:15:55,959 INFO  ipc.Server (Server.java:run(1074)) - Starting Socket Reader #1 for port 33776
2019-08-21 11:15:55,965 INFO  ipc.CallQueueManager (CallQueueManager.java:<init>(84)) - Using callQueue: class java.util.concurrent.LinkedBlockingQueue, queueCapacity: 2000, scheduler: class org.apache.hadoop.ipc.DefaultRpcScheduler, ipcBackoff: false.
2019-08-21 11:15:55,966 INFO  ipc.Server (Server.java:run(1074)) - Starting Socket Reader #1 for port 46647
2019-08-21 11:15:56,117 INFO  hdfs.DFSUtil (DFSUtil.java:httpServerTemplateForNNAndJN(1641)) - Starting Web-server for scm at: http://0.0.0.0:0
2019-08-21 11:15:56,284 INFO  server.AuthenticationFilter (AuthenticationFilter.java:constructSecretProvider(240)) - Unable to initialize FileSignerSecretProvider, falling back to use random secrets.
2019-08-21 11:15:56,293 WARN  http.HttpRequestLog (HttpRequestLog.java:getRequestLog(97)) - Jetty request log can only be enabled using Log4j
2019-08-21 11:15:56,302 INFO  http.HttpServer2 (HttpServer2.java:addGlobalFilter(975)) - Added global filter 'safety' (class=org.apache.hadoop.http.HttpServer2$QuotingInputFilter)
2019-08-21 11:15:56,305 INFO  http.HttpServer2 (HttpServer2.java:addFilter(948)) - Added filter static_user_filter (class=org.apache.hadoop.http.lib.StaticUserWebFilter$StaticUserFilter) to context scm
2019-08-21 11:15:56,305 INFO  http.HttpServer2 (HttpServer2.java:addFilter(958)) - Added filter static_user_filter (class=org.apache.hadoop.http.lib.StaticUserWebFilter$StaticUserFilter) to context static
2019-08-21 11:15:56,306 INFO  http.HttpServer2 (HttpServer2.java:addFilter(958)) - Added filter static_user_filter (class=org.apache.hadoop.http.lib.StaticUserWebFilter$StaticUserFilter) to context logs
2019-08-21 11:15:56,340 INFO  server.StorageContainerManager (StorageContainerManager.java:start(759)) - StorageContainerLocationProtocol RPC server is listening at /0.0.0.0:46647
2019-08-21 11:15:56,419 WARN  impl.MetricsConfig (MetricsConfig.java:loadFirst(134)) - Cannot locate configuration: tried hadoop-metrics2-storagecontainermanager.properties,hadoop-metrics2.properties
2019-08-21 11:15:56,434 INFO  impl.MetricsSystemImpl (MetricsSystemImpl.java:startTimer(374)) - Scheduled Metric snapshot period at 10 second(s).
2019-08-21 11:15:56,435 INFO  impl.MetricsSystemImpl (MetricsSystemImpl.java:start(191)) - StorageContainerManager metrics system started
2019-08-21 11:15:56,689 INFO  server.SCMClientProtocolServer (SCMClientProtocolServer.java:start(151)) - RPC server for Client  is listening at /0.0.0.0:46647
2019-08-21 11:15:56,690 INFO  ipc.Server (Server.java:run(1314)) - IPC Server Responder: starting
2019-08-21 11:15:56,690 INFO  ipc.Server (Server.java:run(1153)) - IPC Server listener on 46647: starting
2019-08-21 11:15:56,693 INFO  server.StorageContainerManager (StorageContainerManager.java:start(769)) - ScmBlockLocationProtocol RPC server is listening at /0.0.0.0:33776
2019-08-21 11:15:56,693 INFO  server.SCMBlockProtocolServer (SCMBlockProtocolServer.java:start(140)) - RPC server for Block Protocol is listening at /0.0.0.0:33776
2019-08-21 11:15:56,694 INFO  ipc.Server (Server.java:run(1314)) - IPC Server Responder: starting
2019-08-21 11:15:56,694 INFO  ipc.Server (Server.java:run(1153)) - IPC Server listener on 33776: starting
2019-08-21 11:15:56,696 INFO  server.StorageContainerManager (StorageContainerManager.java:start(773)) - ScmDatanodeProtocl RPC server is listening at /0.0.0.0:39544
2019-08-21 11:15:56,696 INFO  server.SCMDatanodeProtocolServer (SCMDatanodeProtocolServer.java:start(191)) - RPC server for DataNodes is listening at /0.0.0.0:39544
2019-08-21 11:15:56,697 INFO  ipc.Server (Server.java:run(1314)) - IPC Server Responder: starting
2019-08-21 11:15:56,697 INFO  ipc.Server (Server.java:run(1153)) - IPC Server listener on 39544: starting
2019-08-21 11:15:56,700 INFO  http.HttpServer2 (HttpServer2.java:bindListener(1191)) - Jetty bound to port 34766
2019-08-21 11:15:56,702 INFO  server.Server (Server.java:doStart(351)) - jetty-9.3.24.v20180605, build timestamp: 2018-06-05T17:11:56Z, git hash: 84205aa28f11a4f31f2a3b86d1bba2cc8ab69827
2019-08-21 11:15:56,746 INFO  handler.ContextHandler (ContextHandler.java:doStart(781)) - Started o.e.j.s.ServletContextHandler@79d94571{/logs,file:///workdir/hadoop-ozone/integration-test/target/log,AVAILABLE}
2019-08-21 11:15:56,747 INFO  handler.ContextHandler (ContextHandler.java:doStart(781)) - Started o.e.j.s.ServletContextHandler@3212a8d7{/static,file:///workdir/hadoop-ozone/integration-test/target/test-classes/webapps/static,AVAILABLE}
2019-08-21 11:15:56,797 INFO  handler.ContextHandler (ContextHandler.java:doStart(781)) - Started o.e.j.w.WebAppContext@4a3e3e8b{/,file:///workdir/hadoop-ozone/integration-test/target/test-classes/webapps/scm/,AVAILABLE}{/scm}
2019-08-21 11:15:56,804 INFO  server.AbstractConnector (AbstractConnector.java:doStart(278)) - Started ServerConnector@6e9319f{HTTP/1.1,[http/1.1]}{0.0.0.0:34766}
2019-08-21 11:15:56,805 INFO  server.Server (Server.java:doStart(419)) - Started @2890ms
2019-08-21 11:15:56,806 INFO  server.BaseHttpServer (BaseHttpServer.java:updateConnectorAddress(213)) - HTTP server of SCM is listening at http://0.0.0.0:34766
2019-08-21 11:15:56,812 INFO  util.JvmPauseMonitor (JvmPauseMonitor.java:run(188)) - Starting JVM pause monitor
2019-08-21 11:15:56,816 WARN  server.ServerUtils (ServerUtils.java:getDBPath(222)) - ozone.om.db.dirs is not configured. We recommend adding this setting. Falling back to ozone.metadata.dirs instead.
2019-08-21 11:15:56,929 WARN  server.ServerUtils (ServerUtils.java:getDBPath(222)) - ozone.om.db.dirs is not configured. We recommend adding this setting. Falling back to ozone.metadata.dirs instead.
2019-08-21 11:15:56,930 WARN  server.ServerUtils (ServerUtils.java:getDBPath(222)) - ozone.om.db.dirs is not configured. We recommend adding this setting. Falling back to ozone.metadata.dirs instead.
2019-08-21 11:15:56,931 INFO  om.OzoneManager (OzoneManager.java:setOMNodeDetails(647)) - OM Service ID is not set. Setting it to the default ID: omServiceIdDefault
2019-08-21 11:15:56,931 INFO  om.OzoneManager (OzoneManager.java:setOMNodeDetails(653)) - OM Node ID is not set. Setting it to the OmStorage's OmID: ade821f1-ad22-4613-beb5-fb99f39a2916
2019-08-21 11:15:56,933 INFO  om.OzoneManager (OzoneManager.java:loadOMHAConfigs(604)) - Found matching OM address with OMServiceId: null, OMNodeId: null, RPC Address: localhost:0 and Ratis port: 9872
2019-08-21 11:15:57,697 WARN  server.ServerUtils (ServerUtils.java:getDBPath(222)) - ozone.om.db.dirs is not configured. We recommend adding this setting. Falling back to ozone.metadata.dirs instead.
2019-08-21 11:15:57,704 INFO  db.DBStoreBuilder (DBStoreBuilder.java:addTable(110)) - using custom profile for table: userTable
2019-08-21 11:15:57,705 INFO  db.DBStoreBuilder (DBStoreBuilder.java:processTables(161)) - Using default column profile:DBProfile.DISK for Table:userTable
2019-08-21 11:15:57,705 INFO  db.DBStoreBuilder (DBStoreBuilder.java:addTable(110)) - using custom profile for table: volumeTable
2019-08-21 11:15:57,705 INFO  db.DBStoreBuilder (DBStoreBuilder.java:processTables(161)) - Using default column profile:DBProfile.DISK for Table:volumeTable
2019-08-21 11:15:57,706 INFO  db.DBStoreBuilder (DBStoreBuilder.java:addTable(110)) - using custom profile for table: bucketTable
2019-08-21 11:15:57,706 INFO  db.DBStoreBuilder (DBStoreBuilder.java:processTables(161)) - Using default column profile:DBProfile.DISK for Table:bucketTable
2019-08-21 11:15:57,706 INFO  db.DBStoreBuilder (DBStoreBuilder.java:addTable(110)) - using custom profile for table: keyTable
2019-08-21 11:15:57,706 INFO  db.DBStoreBuilder (DBStoreBuilder.java:processTables(161)) - Using default column profile:DBProfile.DISK for Table:keyTable
2019-08-21 11:15:57,707 INFO  db.DBStoreBuilder (DBStoreBuilder.java:addTable(110)) - using custom profile for table: deletedTable
2019-08-21 11:15:57,707 INFO  db.DBStoreBuilder (DBStoreBuilder.java:processTables(161)) - Using default column profile:DBProfile.DISK for Table:deletedTable
2019-08-21 11:15:57,707 INFO  db.DBStoreBuilder (DBStoreBuilder.java:addTable(110)) - using custom profile for table: openKeyTable
2019-08-21 11:15:57,707 INFO  db.DBStoreBuilder (DBStoreBuilder.java:processTables(161)) - Using default column profile:DBProfile.DISK for Table:openKeyTable
2019-08-21 11:15:57,708 INFO  db.DBStoreBuilder (DBStoreBuilder.java:addTable(110)) - using custom profile for table: s3Table
2019-08-21 11:15:57,708 INFO  db.DBStoreBuilder (DBStoreBuilder.java:processTables(161)) - Using default column profile:DBProfile.DISK for Table:s3Table
2019-08-21 11:15:57,708 INFO  db.DBStoreBuilder (DBStoreBuilder.java:addTable(110)) - using custom profile for table: multipartInfoTable
2019-08-21 11:15:57,708 INFO  db.DBStoreBuilder (DBStoreBuilder.java:processTables(161)) - Using default column profile:DBProfile.DISK for Table:multipartInfoTable
2019-08-21 11:15:57,709 INFO  db.DBStoreBuilder (DBStoreBuilder.java:addTable(110)) - using custom profile for table: dTokenTable
2019-08-21 11:15:57,709 INFO  db.DBStoreBuilder (DBStoreBuilder.java:processTables(161)) - Using default column profile:DBProfile.DISK for Table:dTokenTable
2019-08-21 11:15:57,709 INFO  db.DBStoreBuilder (DBStoreBuilder.java:addTable(110)) - using custom profile for table: s3SecretTable
2019-08-21 11:15:57,709 INFO  db.DBStoreBuilder (DBStoreBuilder.java:processTables(161)) - Using default column profile:DBProfile.DISK for Table:s3SecretTable
2019-08-21 11:15:57,710 INFO  db.DBStoreBuilder (DBStoreBuilder.java:addTable(110)) - using custom profile for table: prefixTable
2019-08-21 11:15:57,710 INFO  db.DBStoreBuilder (DBStoreBuilder.java:processTables(161)) - Using default column profile:DBProfile.DISK for Table:prefixTable
2019-08-21 11:15:57,710 INFO  db.DBStoreBuilder (DBStoreBuilder.java:addTable(110)) - using custom profile for table: default
2019-08-21 11:15:57,710 INFO  db.DBStoreBuilder (DBStoreBuilder.java:processTables(167)) - Using default column profile:DBProfile.DISK for Table:default
2019-08-21 11:15:57,711 INFO  db.DBStoreBuilder (DBStoreBuilder.java:getDbProfile(198)) - Using default options. DBProfile.DISK
2019-08-21 11:15:58,041 INFO  ipc.CallQueueManager (CallQueueManager.java:<init>(84)) - Using callQueue: class java.util.concurrent.LinkedBlockingQueue, queueCapacity: 2000, scheduler: class org.apache.hadoop.ipc.DefaultRpcScheduler, ipcBackoff: false.
2019-08-21 11:15:58,042 INFO  ipc.Server (Server.java:run(1074)) - Starting Socket Reader #1 for port 41513
2019-08-21 11:15:58,062 INFO  om.OzoneManager (OzoneManager.java:start(1258)) - OzoneManager RPC server is listening at localhost/127.0.0.1:41513
2019-08-21 11:15:58,062 INFO  impl.MetricsSystemImpl (MetricsSystemImpl.java:init(158)) - OzoneManager metrics system started (again)
2019-08-21 11:15:58,063 INFO  ipc.Server (Server.java:run(1314)) - IPC Server Responder: starting
2019-08-21 11:15:58,064 INFO  ipc.Server (Server.java:run(1153)) - IPC Server listener on 41513: starting
2019-08-21 11:15:58,070 INFO  hdfs.DFSUtil (DFSUtil.java:httpServerTemplateForNNAndJN(1641)) - Starting Web-server for ozoneManager at: http://0.0.0.0:0
2019-08-21 11:15:58,072 INFO  server.AuthenticationFilter (AuthenticationFilter.java:constructSecretProvider(240)) - Unable to initialize FileSignerSecretProvider, falling back to use random secrets.
2019-08-21 11:15:58,073 WARN  http.HttpRequestLog (HttpRequestLog.java:getRequestLog(97)) - Jetty request log can only be enabled using Log4j
2019-08-21 11:15:58,074 INFO  http.HttpServer2 (HttpServer2.java:addGlobalFilter(975)) - Added global filter 'safety' (class=org.apache.hadoop.http.HttpServer2$QuotingInputFilter)
2019-08-21 11:15:58,075 INFO  http.HttpServer2 (HttpServer2.java:addFilter(948)) - Added filter static_user_filter (class=org.apache.hadoop.http.lib.StaticUserWebFilter$StaticUserFilter) to context ozoneManager
2019-08-21 11:15:58,076 INFO  http.HttpServer2 (HttpServer2.java:addFilter(958)) - Added filter static_user_filter (class=org.apache.hadoop.http.lib.StaticUserWebFilter$StaticUserFilter) to context static
2019-08-21 11:15:58,076 INFO  http.HttpServer2 (HttpServer2.java:addFilter(958)) - Added filter static_user_filter (class=org.apache.hadoop.http.lib.StaticUserWebFilter$StaticUserFilter) to context logs
2019-08-21 11:15:58,078 INFO  http.HttpServer2 (HttpServer2.java:bindListener(1191)) - Jetty bound to port 34940
2019-08-21 11:15:58,078 INFO  server.Server (Server.java:doStart(351)) - jetty-9.3.24.v20180605, build timestamp: 2018-06-05T17:11:56Z, git hash: 84205aa28f11a4f31f2a3b86d1bba2cc8ab69827
2019-08-21 11:15:58,080 INFO  handler.ContextHandler (ContextHandler.java:doStart(781)) - Started o.e.j.s.ServletContextHandler@7c28c1{/logs,file:///workdir/hadoop-ozone/integration-test/target/log,AVAILABLE}
2019-08-21 11:15:58,081 INFO  handler.ContextHandler (ContextHandler.java:doStart(781)) - Started o.e.j.s.ServletContextHandler@67ec8477{/static,file:///workdir/hadoop-ozone/integration-test/target/test-classes/webapps/static,AVAILABLE}
2019-08-21 11:15:58,086 INFO  handler.ContextHandler (ContextHandler.java:doStart(781)) - Started o.e.j.w.WebAppContext@1dab9dd6{/,file:///workdir/hadoop-ozone/integration-test/target/test-classes/webapps/ozoneManager/,AVAILABLE}{/ozoneManager}
2019-08-21 11:15:58,086 INFO  server.AbstractConnector (AbstractConnector.java:doStart(278)) - Started ServerConnector@247667dd{HTTP/1.1,[http/1.1]}{0.0.0.0:34940}
2019-08-21 11:15:58,087 INFO  server.Server (Server.java:doStart(419)) - Started @4172ms
2019-08-21 11:15:58,089 INFO  server.BaseHttpServer (BaseHttpServer.java:updateConnectorAddress(213)) - HTTP server of OZONEMANAGER is listening at http://0.0.0.0:34940
2019-08-21 11:15:58,444 INFO  impl.MetricsSystemImpl (MetricsSystemImpl.java:init(158)) - HddsDatanode metrics system started (again)
2019-08-21 11:15:58,578 INFO  ozone.HddsDatanodeService (HddsDatanodeService.java:start(184)) - HddsDatanodeService host:pr-hdds-1937-dnpk4-2229529846 ip:192.168.34.41
2019-08-21 11:15:58,626 INFO  volume.HddsVolume (HddsVolume.java:<init>(176)) - Creating Volume: /workdir/hadoop-ozone/integration-test/target/test-dir/MiniOzoneClusterImpl-13c630bf-2dbe-422a-8f2d-aca2e1652e13/datanode-0/data/containers/hdds of  storage type : DISK and capacity : 1482555576320
2019-08-21 11:15:58,628 INFO  volume.VolumeSet (VolumeSet.java:initializeVolumeSet(170)) - Added Volume : /workdir/hadoop-ozone/integration-test/target/test-dir/MiniOzoneClusterImpl-13c630bf-2dbe-422a-8f2d-aca2e1652e13/datanode-0/data/containers/hdds to VolumeSet
2019-08-21 11:15:58,631 INFO  volume.ThrottledAsyncChecker (ThrottledAsyncChecker.java:schedule(140)) - Scheduling a check for org.apache.hadoop.ozone.container.common.volume.HddsVolume@35088e87
2019-08-21 11:15:58,652 INFO  volume.HddsVolumeChecker (HddsVolumeChecker.java:checkAllVolumes(203)) - Scheduled health check for volume org.apache.hadoop.ozone.container.common.volume.HddsVolume@35088e87
2019-08-21 11:15:58,759 INFO  impl.RaftServerProxy (ConfUtils.java:logGet(43)) - raft.rpc.type = GRPC (default)
2019-08-21 11:15:58,829 INFO  grpc.GrpcFactory (GrpcFactory.java:checkPooledByteBufAllocatorUseCacheForAllThreads(45)) - PERFORMANCE WARNING: useCacheForAllThreads is true that may cause Netty to create a lot garbage objects and, as a result, trigger GC.
	It is recommended to disable useCacheForAllThreads by setting -Dorg.apache.ratis.thirdparty.io.netty.allocator.useCacheForAllThreads=false in command line.
2019-08-21 11:15:58,833 INFO  grpc.GrpcConfigKeys$Server (ConfUtils.java:logGet(43)) - raft.grpc.server.port = 0 (default)
2019-08-21 11:15:58,838 INFO  server.GrpcService (ConfUtils.java:logGet(43)) - raft.grpc.message.size.max = 33570816 (custom)
2019-08-21 11:15:58,843 INFO  server.RaftServerConfigKeys (ConfUtils.java:logGet(43)) - raft.server.log.appender.buffer.byte-limit = 33554432 (custom)
2019-08-21 11:15:58,844 INFO  server.GrpcService (ConfUtils.java:logGet(43)) - raft.grpc.flow.control.window = 1MB (=1048576) (default)
2019-08-21 11:15:58,845 INFO  server.RaftServerConfigKeys (ConfUtils.java:logGet(43)) - raft.server.rpc.request.timeout = 3000ms (default)
2019-08-21 11:15:59,038 INFO  server.RaftServerConfigKeys (ConfUtils.java:logGet(43)) - raft.server.storage.dir = [/workdir/hadoop-ozone/integration-test/target/test-dir/MiniOzoneClusterImpl-13c630bf-2dbe-422a-8f2d-aca2e1652e13/datanode-0/data/ratis] (custom)
2019-08-21 11:15:59,099 INFO  replication.SimpleContainerDownloader (SimpleContainerDownloader.java:<init>(72)) - Starting container downloader service to copy containers to replicate.
2019-08-21 11:15:59,122 INFO  hdfs.DFSUtil (DFSUtil.java:httpServerTemplateForNNAndJN(1641)) - Starting Web-server for hddsDatanode at: http://0.0.0.0:0
2019-08-21 11:15:59,126 INFO  server.AuthenticationFilter (AuthenticationFilter.java:constructSecretProvider(240)) - Unable to initialize FileSignerSecretProvider, falling back to use random secrets.
2019-08-21 11:15:59,128 WARN  http.HttpRequestLog (HttpRequestLog.java:getRequestLog(97)) - Jetty request log can only be enabled using Log4j
2019-08-21 11:15:59,131 INFO  http.HttpServer2 (HttpServer2.java:addGlobalFilter(975)) - Added global filter 'safety' (class=org.apache.hadoop.http.HttpServer2$QuotingInputFilter)
2019-08-21 11:15:59,132 INFO  http.HttpServer2 (HttpServer2.java:addFilter(948)) - Added filter static_user_filter (class=org.apache.hadoop.http.lib.StaticUserWebFilter$StaticUserFilter) to context hddsDatanode
2019-08-21 11:15:59,133 INFO  http.HttpServer2 (HttpServer2.java:addFilter(958)) - Added filter static_user_filter (class=org.apache.hadoop.http.lib.StaticUserWebFilter$StaticUserFilter) to context logs
2019-08-21 11:15:59,133 INFO  http.HttpServer2 (HttpServer2.java:addFilter(958)) - Added filter static_user_filter (class=org.apache.hadoop.http.lib.StaticUserWebFilter$StaticUserFilter) to context static
2019-08-21 11:15:59,136 INFO  http.HttpServer2 (HttpServer2.java:bindListener(1191)) - Jetty bound to port 43627
2019-08-21 11:15:59,136 INFO  server.Server (Server.java:doStart(351)) - jetty-9.3.24.v20180605, build timestamp: 2018-06-05T17:11:56Z, git hash: 84205aa28f11a4f31f2a3b86d1bba2cc8ab69827
2019-08-21 11:15:59,139 INFO  handler.ContextHandler (ContextHandler.java:doStart(781)) - Started o.e.j.s.ServletContextHandler@7efd28bd{/logs,file:///workdir/hadoop-ozone/integration-test/target/log,AVAILABLE}
2019-08-21 11:15:59,140 INFO  handler.ContextHandler (ContextHandler.java:doStart(781)) - Started o.e.j.s.ServletContextHandler@7718a40f{/static,jar:file:/home/user/.m2/repository/org/apache/hadoop/hadoop-hdds-container-service/0.5.0-SNAPSHOT/hadoop-hdds-container-service-0.5.0-SNAPSHOT.jar!/webapps/static,AVAILABLE}
2019-08-21 11:15:59,196 INFO  handler.ContextHandler (ContextHandler.java:doStart(781)) - Started o.e.j.w.WebAppContext@33899f7a{/,file:///tmp/jetty-0.0.0.0-43627-hddsDatanode-_-any-4640561306785479579.dir/webapp/,AVAILABLE}{/hddsDatanode}
2019-08-21 11:15:59,198 INFO  server.AbstractConnector (AbstractConnector.java:doStart(278)) - Started ServerConnector@7899de11{HTTP/1.1,[http/1.1]}{0.0.0.0:43627}
2019-08-21 11:15:59,200 INFO  server.Server (Server.java:doStart(419)) - Started @5285ms
2019-08-21 11:15:59,201 INFO  server.BaseHttpServer (BaseHttpServer.java:updateConnectorAddress(213)) - HTTP server of HDDSDATANODE is listening at http://0.0.0.0:43627
2019-08-21 11:16:00,439 INFO  ozone.HddsDatanodeService (HddsDatanodeService.java:startPlugins(395)) - Started plug-in org.apache.hadoop.ozone.web.OzoneHddsDatanodeService@796d33eb
2019-08-21 11:16:00,440 INFO  impl.MetricsSystemImpl (MetricsSystemImpl.java:init(158)) - HddsDatanode metrics system started (again)
2019-08-21 11:16:00,445 INFO  ozone.HddsDatanodeService (HddsDatanodeService.java:start(184)) - HddsDatanodeService host:pr-hdds-1937-dnpk4-2229529846 ip:192.168.34.41
2019-08-21 11:16:00,450 INFO  util.JvmPauseMonitor (JvmPauseMonitor.java:run(188)) - Starting JVM pause monitor
2019-08-21 11:16:00,454 INFO  volume.HddsVolume (HddsVolume.java:<init>(176)) - Creating Volume: /workdir/hadoop-ozone/integration-test/target/test-dir/MiniOzoneClusterImpl-13c630bf-2dbe-422a-8f2d-aca2e1652e13/datanode-1/data/containers/hdds of  storage type : DISK and capacity : 1482555576320
2019-08-21 11:16:00,455 INFO  volume.VolumeSet (VolumeSet.java:initializeVolumeSet(170)) - Added Volume : /workdir/hadoop-ozone/integration-test/target/test-dir/MiniOzoneClusterImpl-13c630bf-2dbe-422a-8f2d-aca2e1652e13/datanode-1/data/containers/hdds to VolumeSet
2019-08-21 11:16:00,455 INFO  volume.ThrottledAsyncChecker (ThrottledAsyncChecker.java:schedule(140)) - Scheduling a check for org.apache.hadoop.ozone.container.common.volume.HddsVolume@4bf80c29
2019-08-21 11:16:00,457 INFO  volume.HddsVolumeChecker (HddsVolumeChecker.java:checkAllVolumes(203)) - Scheduled health check for volume org.apache.hadoop.ozone.container.common.volume.HddsVolume@4bf80c29
2019-08-21 11:16:00,480 INFO  impl.RaftServerProxy (ConfUtils.java:logGet(43)) - raft.rpc.type = GRPC (default)
2019-08-21 11:16:00,480 INFO  grpc.GrpcFactory (GrpcFactory.java:checkPooledByteBufAllocatorUseCacheForAllThreads(45)) - PERFORMANCE WARNING: useCacheForAllThreads is true that may cause Netty to create a lot garbage objects and, as a result, trigger GC.
	It is recommended to disable useCacheForAllThreads by setting -Dorg.apache.ratis.thirdparty.io.netty.allocator.useCacheForAllThreads=false in command line.
2019-08-21 11:16:00,480 INFO  grpc.GrpcConfigKeys$Server (ConfUtils.java:logGet(43)) - raft.grpc.server.port = 0 (default)
2019-08-21 11:16:00,481 INFO  server.GrpcService (ConfUtils.java:logGet(43)) - raft.grpc.message.size.max = 33570816 (custom)
2019-08-21 11:16:00,481 INFO  server.RaftServerConfigKeys (ConfUtils.java:logGet(43)) - raft.server.log.appender.buffer.byte-limit = 33554432 (custom)
2019-08-21 11:16:00,481 INFO  server.GrpcService (ConfUtils.java:logGet(43)) - raft.grpc.flow.control.window = 1MB (=1048576) (default)
2019-08-21 11:16:00,481 INFO  server.RaftServerConfigKeys (ConfUtils.java:logGet(43)) - raft.server.rpc.request.timeout = 3000ms (default)
2019-08-21 11:16:00,482 INFO  server.RaftServerConfigKeys (ConfUtils.java:logGet(43)) - raft.server.storage.dir = [/workdir/hadoop-ozone/integration-test/target/test-dir/MiniOzoneClusterImpl-13c630bf-2dbe-422a-8f2d-aca2e1652e13/datanode-1/data/ratis] (custom)
2019-08-21 11:16:00,483 INFO  replication.SimpleContainerDownloader (SimpleContainerDownloader.java:<init>(72)) - Starting container downloader service to copy containers to replicate.
2019-08-21 11:16:00,484 INFO  hdfs.DFSUtil (DFSUtil.java:httpServerTemplateForNNAndJN(1641)) - Starting Web-server for hddsDatanode at: http://0.0.0.0:0
2019-08-21 11:16:00,487 INFO  server.AuthenticationFilter (AuthenticationFilter.java:constructSecretProvider(240)) - Unable to initialize FileSignerSecretProvider, falling back to use random secrets.
2019-08-21 11:16:00,489 WARN  http.HttpRequestLog (HttpRequestLog.java:getRequestLog(97)) - Jetty request log can only be enabled using Log4j
2019-08-21 11:16:00,491 INFO  http.HttpServer2 (HttpServer2.java:addGlobalFilter(975)) - Added global filter 'safety' (class=org.apache.hadoop.http.HttpServer2$QuotingInputFilter)
2019-08-21 11:16:00,492 INFO  http.HttpServer2 (HttpServer2.java:addFilter(948)) - Added filter static_user_filter (class=org.apache.hadoop.http.lib.StaticUserWebFilter$StaticUserFilter) to context hddsDatanode
2019-08-21 11:16:00,493 INFO  http.HttpServer2 (HttpServer2.java:addFilter(958)) - Added filter static_user_filter (class=org.apache.hadoop.http.lib.StaticUserWebFilter$StaticUserFilter) to context static
2019-08-21 11:16:00,493 INFO  http.HttpServer2 (HttpServer2.java:addFilter(958)) - Added filter static_user_filter (class=org.apache.hadoop.http.lib.StaticUserWebFilter$StaticUserFilter) to context logs
2019-08-21 11:16:00,494 INFO  http.HttpServer2 (HttpServer2.java:bindListener(1191)) - Jetty bound to port 37810
2019-08-21 11:16:00,494 INFO  server.Server (Server.java:doStart(351)) - jetty-9.3.24.v20180605, build timestamp: 2018-06-05T17:11:56Z, git hash: 84205aa28f11a4f31f2a3b86d1bba2cc8ab69827
2019-08-21 11:16:00,498 INFO  handler.ContextHandler (ContextHandler.java:doStart(781)) - Started o.e.j.s.ServletContextHandler@7b53b1ad{/logs,file:///workdir/hadoop-ozone/integration-test/target/log,AVAILABLE}
2019-08-21 11:16:00,499 INFO  handler.ContextHandler (ContextHandler.java:doStart(781)) - Started o.e.j.s.ServletContextHandler@388c519{/static,jar:file:/home/user/.m2/repository/org/apache/hadoop/hadoop-hdds-container-service/0.5.0-SNAPSHOT/hadoop-hdds-container-service-0.5.0-SNAPSHOT.jar!/webapps/static,AVAILABLE}
2019-08-21 11:16:00,543 INFO  handler.ContextHandler (ContextHandler.java:doStart(781)) - Started o.e.j.w.WebAppContext@4cc01c7f{/,file:///tmp/jetty-0.0.0.0-37810-hddsDatanode-_-any-6561346277539165817.dir/webapp/,AVAILABLE}{/hddsDatanode}
2019-08-21 11:16:00,545 INFO  server.AbstractConnector (AbstractConnector.java:doStart(278)) - Started ServerConnector@2a50b32d{HTTP/1.1,[http/1.1]}{0.0.0.0:37810}
2019-08-21 11:16:00,545 INFO  server.Server (Server.java:doStart(419)) - Started @6630ms
2019-08-21 11:16:00,548 INFO  server.BaseHttpServer (BaseHttpServer.java:updateConnectorAddress(213)) - HTTP server of HDDSDATANODE is listening at http://0.0.0.0:37810
2019-08-21 11:16:00,570 INFO  datanode.InitDatanodeState (InitDatanodeState.java:persistContainerDatanodeDetails(140)) - DatanodeDetails is persisted to /workdir/hadoop-ozone/integration-test/target/test-dir/MiniOzoneClusterImpl-13c630bf-2dbe-422a-8f2d-aca2e1652e13/datanode-0/meta/datanode.id
2019-08-21 11:16:00,710 INFO  ozone.HddsDatanodeService (HddsDatanodeService.java:startPlugins(395)) - Started plug-in org.apache.hadoop.ozone.web.OzoneHddsDatanodeService@382dc417
2019-08-21 11:16:00,711 INFO  impl.MetricsSystemImpl (MetricsSystemImpl.java:init(158)) - HddsDatanode metrics system started (again)
2019-08-21 11:16:00,714 INFO  util.JvmPauseMonitor (JvmPauseMonitor.java:run(188)) - Starting JVM pause monitor
2019-08-21 11:16:00,715 INFO  ozone.HddsDatanodeService (HddsDatanodeService.java:start(184)) - HddsDatanodeService host:pr-hdds-1937-dnpk4-2229529846 ip:192.168.34.41
2019-08-21 11:16:00,720 INFO  datanode.InitDatanodeState (InitDatanodeState.java:persistContainerDatanodeDetails(140)) - DatanodeDetails is persisted to /workdir/hadoop-ozone/integration-test/target/test-dir/MiniOzoneClusterImpl-13c630bf-2dbe-422a-8f2d-aca2e1652e13/datanode-1/meta/datanode.id
2019-08-21 11:16:00,725 INFO  volume.HddsVolume (HddsVolume.java:<init>(176)) - Creating Volume: /workdir/hadoop-ozone/integration-test/target/test-dir/MiniOzoneClusterImpl-13c630bf-2dbe-422a-8f2d-aca2e1652e13/datanode-2/data/containers/hdds of  storage type : DISK and capacity : 1482555576320
2019-08-21 11:16:00,725 INFO  volume.VolumeSet (VolumeSet.java:initializeVolumeSet(170)) - Added Volume : /workdir/hadoop-ozone/integration-test/target/test-dir/MiniOzoneClusterImpl-13c630bf-2dbe-422a-8f2d-aca2e1652e13/datanode-2/data/containers/hdds to VolumeSet
2019-08-21 11:16:00,726 INFO  volume.ThrottledAsyncChecker (ThrottledAsyncChecker.java:schedule(140)) - Scheduling a check for org.apache.hadoop.ozone.container.common.volume.HddsVolume@6b37df8e
2019-08-21 11:16:00,726 INFO  volume.HddsVolumeChecker (HddsVolumeChecker.java:checkAllVolumes(203)) - Scheduled health check for volume org.apache.hadoop.ozone.container.common.volume.HddsVolume@6b37df8e
2019-08-21 11:16:00,746 INFO  impl.RaftServerProxy (ConfUtils.java:logGet(43)) - raft.rpc.type = GRPC (default)
2019-08-21 11:16:00,746 INFO  grpc.GrpcFactory (GrpcFactory.java:checkPooledByteBufAllocatorUseCacheForAllThreads(45)) - PERFORMANCE WARNING: useCacheForAllThreads is true that may cause Netty to create a lot garbage objects and, as a result, trigger GC.
	It is recommended to disable useCacheForAllThreads by setting -Dorg.apache.ratis.thirdparty.io.netty.allocator.useCacheForAllThreads=false in command line.
2019-08-21 11:16:00,747 INFO  grpc.GrpcConfigKeys$Server (ConfUtils.java:logGet(43)) - raft.grpc.server.port = 0 (default)
2019-08-21 11:16:00,747 INFO  server.GrpcService (ConfUtils.java:logGet(43)) - raft.grpc.message.size.max = 33570816 (custom)
2019-08-21 11:16:00,747 INFO  server.RaftServerConfigKeys (ConfUtils.java:logGet(43)) - raft.server.log.appender.buffer.byte-limit = 33554432 (custom)
2019-08-21 11:16:00,747 INFO  server.GrpcService (ConfUtils.java:logGet(43)) - raft.grpc.flow.control.window = 1MB (=1048576) (default)
2019-08-21 11:16:00,748 INFO  server.RaftServerConfigKeys (ConfUtils.java:logGet(43)) - raft.server.rpc.request.timeout = 3000ms (default)
2019-08-21 11:16:00,748 INFO  server.RaftServerConfigKeys (ConfUtils.java:logGet(43)) - raft.server.storage.dir = [/workdir/hadoop-ozone/integration-test/target/test-dir/MiniOzoneClusterImpl-13c630bf-2dbe-422a-8f2d-aca2e1652e13/datanode-2/data/ratis] (custom)
2019-08-21 11:16:00,750 INFO  replication.SimpleContainerDownloader (SimpleContainerDownloader.java:<init>(72)) - Starting container downloader service to copy containers to replicate.
2019-08-21 11:16:00,751 INFO  hdfs.DFSUtil (DFSUtil.java:httpServerTemplateForNNAndJN(1641)) - Starting Web-server for hddsDatanode at: http://0.0.0.0:0
2019-08-21 11:16:00,752 INFO  server.AuthenticationFilter (AuthenticationFilter.java:constructSecretProvider(240)) - Unable to initialize FileSignerSecretProvider, falling back to use random secrets.
2019-08-21 11:16:00,753 WARN  http.HttpRequestLog (HttpRequestLog.java:getRequestLog(97)) - Jetty request log can only be enabled using Log4j
2019-08-21 11:16:00,754 INFO  http.HttpServer2 (HttpServer2.java:addGlobalFilter(975)) - Added global filter 'safety' (class=org.apache.hadoop.http.HttpServer2$QuotingInputFilter)
2019-08-21 11:16:00,755 INFO  http.HttpServer2 (HttpServer2.java:addFilter(948)) - Added filter static_user_filter (class=org.apache.hadoop.http.lib.StaticUserWebFilter$StaticUserFilter) to context hddsDatanode
2019-08-21 11:16:00,755 INFO  http.HttpServer2 (HttpServer2.java:addFilter(958)) - Added filter static_user_filter (class=org.apache.hadoop.http.lib.StaticUserWebFilter$StaticUserFilter) to context static
2019-08-21 11:16:00,755 INFO  http.HttpServer2 (HttpServer2.java:addFilter(958)) - Added filter static_user_filter (class=org.apache.hadoop.http.lib.StaticUserWebFilter$StaticUserFilter) to context logs
2019-08-21 11:16:00,756 INFO  http.HttpServer2 (HttpServer2.java:bindListener(1191)) - Jetty bound to port 46676
2019-08-21 11:16:00,756 INFO  server.Server (Server.java:doStart(351)) - jetty-9.3.24.v20180605, build timestamp: 2018-06-05T17:11:56Z, git hash: 84205aa28f11a4f31f2a3b86d1bba2cc8ab69827
2019-08-21 11:16:00,758 INFO  handler.ContextHandler (ContextHandler.java:doStart(781)) - Started o.e.j.s.ServletContextHandler@55e1192{/logs,file:///workdir/hadoop-ozone/integration-test/target/log,AVAILABLE}
2019-08-21 11:16:00,759 INFO  handler.ContextHandler (ContextHandler.java:doStart(781)) - Started o.e.j.s.ServletContextHandler@68a305eb{/static,jar:file:/home/user/.m2/repository/org/apache/hadoop/hadoop-hdds-container-service/0.5.0-SNAPSHOT/hadoop-hdds-container-service-0.5.0-SNAPSHOT.jar!/webapps/static,AVAILABLE}
2019-08-21 11:16:00,789 INFO  handler.ContextHandler (ContextHandler.java:doStart(781)) - Started o.e.j.w.WebAppContext@528c8c1{/,file:///tmp/jetty-0.0.0.0-46676-hddsDatanode-_-any-52299503760585413.dir/webapp/,AVAILABLE}{/hddsDatanode}
2019-08-21 11:16:00,790 INFO  server.AbstractConnector (AbstractConnector.java:doStart(278)) - Started ServerConnector@1f78d415{HTTP/1.1,[http/1.1]}{0.0.0.0:46676}
2019-08-21 11:16:00,791 INFO  server.Server (Server.java:doStart(419)) - Started @6876ms
2019-08-21 11:16:00,792 INFO  server.BaseHttpServer (BaseHttpServer.java:updateConnectorAddress(213)) - HTTP server of HDDSDATANODE is listening at http://0.0.0.0:46676
2019-08-21 11:16:00,951 INFO  ozone.HddsDatanodeService (HddsDatanodeService.java:startPlugins(395)) - Started plug-in org.apache.hadoop.ozone.web.OzoneHddsDatanodeService@29962b2f
2019-08-21 11:16:00,952 INFO  impl.MetricsSystemImpl (MetricsSystemImpl.java:init(158)) - HddsDatanode metrics system started (again)
2019-08-21 11:16:00,955 INFO  util.JvmPauseMonitor (JvmPauseMonitor.java:run(188)) - Starting JVM pause monitor
2019-08-21 11:16:00,955 INFO  ozone.HddsDatanodeService (HddsDatanodeService.java:start(184)) - HddsDatanodeService host:pr-hdds-1937-dnpk4-2229529846 ip:192.168.34.41
2019-08-21 11:16:00,957 INFO  datanode.InitDatanodeState (InitDatanodeState.java:persistContainerDatanodeDetails(140)) - DatanodeDetails is persisted to /workdir/hadoop-ozone/integration-test/target/test-dir/MiniOzoneClusterImpl-13c630bf-2dbe-422a-8f2d-aca2e1652e13/datanode-2/meta/datanode.id
2019-08-21 11:16:00,961 INFO  volume.HddsVolume (HddsVolume.java:<init>(176)) - Creating Volume: /workdir/hadoop-ozone/integration-test/target/test-dir/MiniOzoneClusterImpl-13c630bf-2dbe-422a-8f2d-aca2e1652e13/datanode-3/data/containers/hdds of  storage type : DISK and capacity : 1482555576320
2019-08-21 11:16:00,962 INFO  volume.VolumeSet (VolumeSet.java:initializeVolumeSet(170)) - Added Volume : /workdir/hadoop-ozone/integration-test/target/test-dir/MiniOzoneClusterImpl-13c630bf-2dbe-422a-8f2d-aca2e1652e13/datanode-3/data/containers/hdds to VolumeSet
2019-08-21 11:16:00,962 INFO  volume.ThrottledAsyncChecker (ThrottledAsyncChecker.java:schedule(140)) - Scheduling a check for org.apache.hadoop.ozone.container.common.volume.HddsVolume@5b29ab61
2019-08-21 11:16:00,963 INFO  volume.HddsVolumeChecker (HddsVolumeChecker.java:checkAllVolumes(203)) - Scheduled health check for volume org.apache.hadoop.ozone.container.common.volume.HddsVolume@5b29ab61
2019-08-21 11:16:00,982 INFO  impl.RaftServerProxy (ConfUtils.java:logGet(43)) - raft.rpc.type = GRPC (default)
2019-08-21 11:16:00,983 INFO  grpc.GrpcFactory (GrpcFactory.java:checkPooledByteBufAllocatorUseCacheForAllThreads(45)) - PERFORMANCE WARNING: useCacheForAllThreads is true that may cause Netty to create a lot garbage objects and, as a result, trigger GC.
	It is recommended to disable useCacheForAllThreads by setting -Dorg.apache.ratis.thirdparty.io.netty.allocator.useCacheForAllThreads=false in command line.
2019-08-21 11:16:00,983 INFO  grpc.GrpcConfigKeys$Server (ConfUtils.java:logGet(43)) - raft.grpc.server.port = 0 (default)
2019-08-21 11:16:00,983 INFO  server.GrpcService (ConfUtils.java:logGet(43)) - raft.grpc.message.size.max = 33570816 (custom)
2019-08-21 11:16:00,984 INFO  server.RaftServerConfigKeys (ConfUtils.java:logGet(43)) - raft.server.log.appender.buffer.byte-limit = 33554432 (custom)
2019-08-21 11:16:00,984 INFO  server.GrpcService (ConfUtils.java:logGet(43)) - raft.grpc.flow.control.window = 1MB (=1048576) (default)
2019-08-21 11:16:00,984 INFO  server.RaftServerConfigKeys (ConfUtils.java:logGet(43)) - raft.server.rpc.request.timeout = 3000ms (default)
2019-08-21 11:16:00,985 INFO  server.RaftServerConfigKeys (ConfUtils.java:logGet(43)) - raft.server.storage.dir = [/workdir/hadoop-ozone/integration-test/target/test-dir/MiniOzoneClusterImpl-13c630bf-2dbe-422a-8f2d-aca2e1652e13/datanode-3/data/ratis] (custom)
2019-08-21 11:16:00,986 INFO  replication.SimpleContainerDownloader (SimpleContainerDownloader.java:<init>(72)) - Starting container downloader service to copy containers to replicate.
2019-08-21 11:16:00,987 INFO  hdfs.DFSUtil (DFSUtil.java:httpServerTemplateForNNAndJN(1641)) - Starting Web-server for hddsDatanode at: http://0.0.0.0:0
2019-08-21 11:16:00,989 INFO  server.AuthenticationFilter (AuthenticationFilter.java:constructSecretProvider(240)) - Unable to initialize FileSignerSecretProvider, falling back to use random secrets.
2019-08-21 11:16:00,989 WARN  http.HttpRequestLog (HttpRequestLog.java:getRequestLog(97)) - Jetty request log can only be enabled using Log4j
2019-08-21 11:16:00,991 INFO  http.HttpServer2 (HttpServer2.java:addGlobalFilter(975)) - Added global filter 'safety' (class=org.apache.hadoop.http.HttpServer2$QuotingInputFilter)
2019-08-21 11:16:00,992 INFO  http.HttpServer2 (HttpServer2.java:addFilter(948)) - Added filter static_user_filter (class=org.apache.hadoop.http.lib.StaticUserWebFilter$StaticUserFilter) to context hddsDatanode
2019-08-21 11:16:00,992 INFO  http.HttpServer2 (HttpServer2.java:addFilter(958)) - Added filter static_user_filter (class=org.apache.hadoop.http.lib.StaticUserWebFilter$StaticUserFilter) to context static
2019-08-21 11:16:00,992 INFO  http.HttpServer2 (HttpServer2.java:addFilter(958)) - Added filter static_user_filter (class=org.apache.hadoop.http.lib.StaticUserWebFilter$StaticUserFilter) to context logs
2019-08-21 11:16:00,993 INFO  http.HttpServer2 (HttpServer2.java:bindListener(1191)) - Jetty bound to port 46723
2019-08-21 11:16:00,993 INFO  server.Server (Server.java:doStart(351)) - jetty-9.3.24.v20180605, build timestamp: 2018-06-05T17:11:56Z, git hash: 84205aa28f11a4f31f2a3b86d1bba2cc8ab69827
2019-08-21 11:16:00,998 INFO  handler.ContextHandler (ContextHandler.java:doStart(781)) - Started o.e.j.s.ServletContextHandler@8fcc534{/logs,file:///workdir/hadoop-ozone/integration-test/target/log,AVAILABLE}
2019-08-21 11:16:00,998 INFO  handler.ContextHandler (ContextHandler.java:doStart(781)) - Started o.e.j.s.ServletContextHandler@3b435211{/static,jar:file:/home/user/.m2/repository/org/apache/hadoop/hadoop-hdds-container-service/0.5.0-SNAPSHOT/hadoop-hdds-container-service-0.5.0-SNAPSHOT.jar!/webapps/static,AVAILABLE}
2019-08-21 11:16:01,028 INFO  handler.ContextHandler (ContextHandler.java:doStart(781)) - Started o.e.j.w.WebAppContext@2faa55bb{/,file:///tmp/jetty-0.0.0.0-46723-hddsDatanode-_-any-5354590723368188977.dir/webapp/,AVAILABLE}{/hddsDatanode}
2019-08-21 11:16:01,029 INFO  server.AbstractConnector (AbstractConnector.java:doStart(278)) - Started ServerConnector@501957bf{HTTP/1.1,[http/1.1]}{0.0.0.0:46723}
2019-08-21 11:16:01,030 INFO  server.Server (Server.java:doStart(419)) - Started @7115ms
2019-08-21 11:16:01,030 INFO  server.BaseHttpServer (BaseHttpServer.java:updateConnectorAddress(213)) - HTTP server of HDDSDATANODE is listening at http://0.0.0.0:46723
2019-08-21 11:16:01,185 INFO  ozone.HddsDatanodeService (HddsDatanodeService.java:startPlugins(395)) - Started plug-in org.apache.hadoop.ozone.web.OzoneHddsDatanodeService@538a2f0e
2019-08-21 11:16:01,186 INFO  impl.MetricsSystemImpl (MetricsSystemImpl.java:init(158)) - HddsDatanode metrics system started (again)
2019-08-21 11:16:01,190 INFO  ozone.HddsDatanodeService (HddsDatanodeService.java:start(184)) - HddsDatanodeService host:pr-hdds-1937-dnpk4-2229529846 ip:192.168.34.41
2019-08-21 11:16:01,190 INFO  util.JvmPauseMonitor (JvmPauseMonitor.java:run(188)) - Starting JVM pause monitor
2019-08-21 11:16:01,192 INFO  datanode.InitDatanodeState (InitDatanodeState.java:persistContainerDatanodeDetails(140)) - DatanodeDetails is persisted to /workdir/hadoop-ozone/integration-test/target/test-dir/MiniOzoneClusterImpl-13c630bf-2dbe-422a-8f2d-aca2e1652e13/datanode-3/meta/datanode.id
2019-08-21 11:16:01,199 INFO  volume.HddsVolume (HddsVolume.java:<init>(176)) - Creating Volume: /workdir/hadoop-ozone/integration-test/target/test-dir/MiniOzoneClusterImpl-13c630bf-2dbe-422a-8f2d-aca2e1652e13/datanode-4/data/containers/hdds of  storage type : DISK and capacity : 1482555576320
2019-08-21 11:16:01,199 INFO  volume.VolumeSet (VolumeSet.java:initializeVolumeSet(170)) - Added Volume : /workdir/hadoop-ozone/integration-test/target/test-dir/MiniOzoneClusterImpl-13c630bf-2dbe-422a-8f2d-aca2e1652e13/datanode-4/data/containers/hdds to VolumeSet
2019-08-21 11:16:01,199 INFO  volume.ThrottledAsyncChecker (ThrottledAsyncChecker.java:schedule(140)) - Scheduling a check for org.apache.hadoop.ozone.container.common.volume.HddsVolume@65cc5252
2019-08-21 11:16:01,200 INFO  volume.HddsVolumeChecker (HddsVolumeChecker.java:checkAllVolumes(203)) - Scheduled health check for volume org.apache.hadoop.ozone.container.common.volume.HddsVolume@65cc5252
2019-08-21 11:16:01,216 INFO  impl.RaftServerProxy (ConfUtils.java:logGet(43)) - raft.rpc.type = GRPC (default)
2019-08-21 11:16:01,216 INFO  grpc.GrpcFactory (GrpcFactory.java:checkPooledByteBufAllocatorUseCacheForAllThreads(45)) - PERFORMANCE WARNING: useCacheForAllThreads is true that may cause Netty to create a lot garbage objects and, as a result, trigger GC.
	It is recommended to disable useCacheForAllThreads by setting -Dorg.apache.ratis.thirdparty.io.netty.allocator.useCacheForAllThreads=false in command line.
2019-08-21 11:16:01,216 INFO  grpc.GrpcConfigKeys$Server (ConfUtils.java:logGet(43)) - raft.grpc.server.port = 0 (default)
2019-08-21 11:16:01,216 INFO  server.GrpcService (ConfUtils.java:logGet(43)) - raft.grpc.message.size.max = 33570816 (custom)
2019-08-21 11:16:01,217 INFO  server.RaftServerConfigKeys (ConfUtils.java:logGet(43)) - raft.server.log.appender.buffer.byte-limit = 33554432 (custom)
2019-08-21 11:16:01,217 INFO  server.GrpcService (ConfUtils.java:logGet(43)) - raft.grpc.flow.control.window = 1MB (=1048576) (default)
2019-08-21 11:16:01,217 INFO  server.RaftServerConfigKeys (ConfUtils.java:logGet(43)) - raft.server.rpc.request.timeout = 3000ms (default)
2019-08-21 11:16:01,218 INFO  server.RaftServerConfigKeys (ConfUtils.java:logGet(43)) - raft.server.storage.dir = [/workdir/hadoop-ozone/integration-test/target/test-dir/MiniOzoneClusterImpl-13c630bf-2dbe-422a-8f2d-aca2e1652e13/datanode-4/data/ratis] (custom)
2019-08-21 11:16:01,219 INFO  replication.SimpleContainerDownloader (SimpleContainerDownloader.java:<init>(72)) - Starting container downloader service to copy containers to replicate.
2019-08-21 11:16:01,220 INFO  hdfs.DFSUtil (DFSUtil.java:httpServerTemplateForNNAndJN(1641)) - Starting Web-server for hddsDatanode at: http://0.0.0.0:0
2019-08-21 11:16:01,223 INFO  server.AuthenticationFilter (AuthenticationFilter.java:constructSecretProvider(240)) - Unable to initialize FileSignerSecretProvider, falling back to use random secrets.
2019-08-21 11:16:01,224 WARN  http.HttpRequestLog (HttpRequestLog.java:getRequestLog(97)) - Jetty request log can only be enabled using Log4j
2019-08-21 11:16:01,227 INFO  http.HttpServer2 (HttpServer2.java:addGlobalFilter(975)) - Added global filter 'safety' (class=org.apache.hadoop.http.HttpServer2$QuotingInputFilter)
2019-08-21 11:16:01,228 INFO  http.HttpServer2 (HttpServer2.java:addFilter(948)) - Added filter static_user_filter (class=org.apache.hadoop.http.lib.StaticUserWebFilter$StaticUserFilter) to context hddsDatanode
2019-08-21 11:16:01,228 INFO  http.HttpServer2 (HttpServer2.java:addFilter(958)) - Added filter static_user_filter (class=org.apache.hadoop.http.lib.StaticUserWebFilter$StaticUserFilter) to context static
2019-08-21 11:16:01,228 INFO  http.HttpServer2 (HttpServer2.java:addFilter(958)) - Added filter static_user_filter (class=org.apache.hadoop.http.lib.StaticUserWebFilter$StaticUserFilter) to context logs
2019-08-21 11:16:01,230 INFO  http.HttpServer2 (HttpServer2.java:bindListener(1191)) - Jetty bound to port 41178
2019-08-21 11:16:01,230 INFO  server.Server (Server.java:doStart(351)) - jetty-9.3.24.v20180605, build timestamp: 2018-06-05T17:11:56Z, git hash: 84205aa28f11a4f31f2a3b86d1bba2cc8ab69827
2019-08-21 11:16:01,233 INFO  handler.ContextHandler (ContextHandler.java:doStart(781)) - Started o.e.j.s.ServletContextHandler@6094de13{/logs,file:///workdir/hadoop-ozone/integration-test/target/log,AVAILABLE}
2019-08-21 11:16:01,234 INFO  handler.ContextHandler (ContextHandler.java:doStart(781)) - Started o.e.j.s.ServletContextHandler@3e6ec74{/static,jar:file:/home/user/.m2/repository/org/apache/hadoop/hadoop-hdds-container-service/0.5.0-SNAPSHOT/hadoop-hdds-container-service-0.5.0-SNAPSHOT.jar!/webapps/static,AVAILABLE}
2019-08-21 11:16:01,279 INFO  handler.ContextHandler (ContextHandler.java:doStart(781)) - Started o.e.j.w.WebAppContext@7d0cd23c{/,file:///tmp/jetty-0.0.0.0-41178-hddsDatanode-_-any-5609311221964318202.dir/webapp/,AVAILABLE}{/hddsDatanode}
2019-08-21 11:16:01,281 INFO  server.AbstractConnector (AbstractConnector.java:doStart(278)) - Started ServerConnector@17c4dc5b{HTTP/1.1,[http/1.1]}{0.0.0.0:41178}
2019-08-21 11:16:01,281 INFO  server.Server (Server.java:doStart(419)) - Started @7366ms
2019-08-21 11:16:01,282 INFO  server.BaseHttpServer (BaseHttpServer.java:updateConnectorAddress(213)) - HTTP server of HDDSDATANODE is listening at http://0.0.0.0:41178
2019-08-21 11:16:01,435 INFO  ozone.HddsDatanodeService (HddsDatanodeService.java:startPlugins(395)) - Started plug-in org.apache.hadoop.ozone.web.OzoneHddsDatanodeService@755a7218
2019-08-21 11:16:01,436 INFO  impl.MetricsSystemImpl (MetricsSystemImpl.java:init(158)) - HddsDatanode metrics system started (again)
2019-08-21 11:16:01,440 INFO  util.JvmPauseMonitor (JvmPauseMonitor.java:run(188)) - Starting JVM pause monitor
2019-08-21 11:16:01,440 INFO  ozone.HddsDatanodeService (HddsDatanodeService.java:start(184)) - HddsDatanodeService host:pr-hdds-1937-dnpk4-2229529846 ip:192.168.34.41
2019-08-21 11:16:01,441 INFO  datanode.InitDatanodeState (InitDatanodeState.java:persistContainerDatanodeDetails(140)) - DatanodeDetails is persisted to /workdir/hadoop-ozone/integration-test/target/test-dir/MiniOzoneClusterImpl-13c630bf-2dbe-422a-8f2d-aca2e1652e13/datanode-4/meta/datanode.id
2019-08-21 11:16:01,448 INFO  volume.HddsVolume (HddsVolume.java:<init>(176)) - Creating Volume: /workdir/hadoop-ozone/integration-test/target/test-dir/MiniOzoneClusterImpl-13c630bf-2dbe-422a-8f2d-aca2e1652e13/datanode-5/data/containers/hdds of  storage type : DISK and capacity : 1482555576320
2019-08-21 11:16:01,448 INFO  volume.VolumeSet (VolumeSet.java:initializeVolumeSet(170)) - Added Volume : /workdir/hadoop-ozone/integration-test/target/test-dir/MiniOzoneClusterImpl-13c630bf-2dbe-422a-8f2d-aca2e1652e13/datanode-5/data/containers/hdds to VolumeSet
2019-08-21 11:16:01,448 INFO  volume.ThrottledAsyncChecker (ThrottledAsyncChecker.java:schedule(140)) - Scheduling a check for org.apache.hadoop.ozone.container.common.volume.HddsVolume@3f048c86
2019-08-21 11:16:01,449 INFO  volume.HddsVolumeChecker (HddsVolumeChecker.java:checkAllVolumes(203)) - Scheduled health check for volume org.apache.hadoop.ozone.container.common.volume.HddsVolume@3f048c86
2019-08-21 11:16:01,466 INFO  impl.RaftServerProxy (ConfUtils.java:logGet(43)) - raft.rpc.type = GRPC (default)
2019-08-21 11:16:01,466 INFO  grpc.GrpcFactory (GrpcFactory.java:checkPooledByteBufAllocatorUseCacheForAllThreads(45)) - PERFORMANCE WARNING: useCacheForAllThreads is true that may cause Netty to create a lot garbage objects and, as a result, trigger GC.
	It is recommended to disable useCacheForAllThreads by setting -Dorg.apache.ratis.thirdparty.io.netty.allocator.useCacheForAllThreads=false in command line.
2019-08-21 11:16:01,467 INFO  grpc.GrpcConfigKeys$Server (ConfUtils.java:logGet(43)) - raft.grpc.server.port = 0 (default)
2019-08-21 11:16:01,467 INFO  server.GrpcService (ConfUtils.java:logGet(43)) - raft.grpc.message.size.max = 33570816 (custom)
2019-08-21 11:16:01,467 INFO  server.RaftServerConfigKeys (ConfUtils.java:logGet(43)) - raft.server.log.appender.buffer.byte-limit = 33554432 (custom)
2019-08-21 11:16:01,468 INFO  server.GrpcService (ConfUtils.java:logGet(43)) - raft.grpc.flow.control.window = 1MB (=1048576) (default)
2019-08-21 11:16:01,468 INFO  server.RaftServerConfigKeys (ConfUtils.java:logGet(43)) - raft.server.rpc.request.timeout = 3000ms (default)
2019-08-21 11:16:01,469 INFO  server.RaftServerConfigKeys (ConfUtils.java:logGet(43)) - raft.server.storage.dir = [/workdir/hadoop-ozone/integration-test/target/test-dir/MiniOzoneClusterImpl-13c630bf-2dbe-422a-8f2d-aca2e1652e13/datanode-5/data/ratis] (custom)
2019-08-21 11:16:01,469 INFO  replication.SimpleContainerDownloader (SimpleContainerDownloader.java:<init>(72)) - Starting container downloader service to copy containers to replicate.
2019-08-21 11:16:01,471 INFO  hdfs.DFSUtil (DFSUtil.java:httpServerTemplateForNNAndJN(1641)) - Starting Web-server for hddsDatanode at: http://0.0.0.0:0
2019-08-21 11:16:01,473 INFO  server.AuthenticationFilter (AuthenticationFilter.java:constructSecretProvider(240)) - Unable to initialize FileSignerSecretProvider, falling back to use random secrets.
2019-08-21 11:16:01,473 WARN  http.HttpRequestLog (HttpRequestLog.java:getRequestLog(97)) - Jetty request log can only be enabled using Log4j
2019-08-21 11:16:01,475 INFO  http.HttpServer2 (HttpServer2.java:addGlobalFilter(975)) - Added global filter 'safety' (class=org.apache.hadoop.http.HttpServer2$QuotingInputFilter)
2019-08-21 11:16:01,476 INFO  http.HttpServer2 (HttpServer2.java:addFilter(948)) - Added filter static_user_filter (class=org.apache.hadoop.http.lib.StaticUserWebFilter$StaticUserFilter) to context hddsDatanode
2019-08-21 11:16:01,476 INFO  http.HttpServer2 (HttpServer2.java:addFilter(958)) - Added filter static_user_filter (class=org.apache.hadoop.http.lib.StaticUserWebFilter$StaticUserFilter) to context static
2019-08-21 11:16:01,476 INFO  http.HttpServer2 (HttpServer2.java:addFilter(958)) - Added filter static_user_filter (class=org.apache.hadoop.http.lib.StaticUserWebFilter$StaticUserFilter) to context logs
2019-08-21 11:16:01,477 INFO  http.HttpServer2 (HttpServer2.java:bindListener(1191)) - Jetty bound to port 41203
2019-08-21 11:16:01,477 INFO  server.Server (Server.java:doStart(351)) - jetty-9.3.24.v20180605, build timestamp: 2018-06-05T17:11:56Z, git hash: 84205aa28f11a4f31f2a3b86d1bba2cc8ab69827
2019-08-21 11:16:01,479 INFO  handler.ContextHandler (ContextHandler.java:doStart(781)) - Started o.e.j.s.ServletContextHandler@6b42e36d{/logs,file:///workdir/hadoop-ozone/integration-test/target/log,AVAILABLE}
2019-08-21 11:16:01,480 INFO  handler.ContextHandler (ContextHandler.java:doStart(781)) - Started o.e.j.s.ServletContextHandler@79195c22{/static,jar:file:/home/user/.m2/repository/org/apache/hadoop/hadoop-hdds-container-service/0.5.0-SNAPSHOT/hadoop-hdds-container-service-0.5.0-SNAPSHOT.jar!/webapps/static,AVAILABLE}
2019-08-21 11:16:01,510 INFO  handler.ContextHandler (ContextHandler.java:doStart(781)) - Started o.e.j.w.WebAppContext@6f3bd37f{/,file:///tmp/jetty-0.0.0.0-41203-hddsDatanode-_-any-3828138021767794120.dir/webapp/,AVAILABLE}{/hddsDatanode}
2019-08-21 11:16:01,510 INFO  server.AbstractConnector (AbstractConnector.java:doStart(278)) - Started ServerConnector@403364e9{HTTP/1.1,[http/1.1]}{0.0.0.0:41203}
2019-08-21 11:16:01,512 INFO  server.Server (Server.java:doStart(419)) - Started @7597ms
2019-08-21 11:16:01,513 INFO  server.BaseHttpServer (BaseHttpServer.java:updateConnectorAddress(213)) - HTTP server of HDDSDATANODE is listening at http://0.0.0.0:41203
2019-08-21 11:16:01,670 INFO  ozone.HddsDatanodeService (HddsDatanodeService.java:startPlugins(395)) - Started plug-in org.apache.hadoop.ozone.web.OzoneHddsDatanodeService@18cf5c52
2019-08-21 11:16:01,673 INFO  util.JvmPauseMonitor (JvmPauseMonitor.java:run(188)) - Starting JVM pause monitor
2019-08-21 11:16:01,673 INFO  ozone.MiniOzoneClusterImpl (MiniOzoneClusterImpl.java:lambda$waitForClusterToBeReady$0(142)) - Waiting for cluster to be ready. Got 0 of 6 DN Heartbeats.
2019-08-21 11:16:01,675 INFO  datanode.InitDatanodeState (InitDatanodeState.java:persistContainerDatanodeDetails(140)) - DatanodeDetails is persisted to /workdir/hadoop-ozone/integration-test/target/test-dir/MiniOzoneClusterImpl-13c630bf-2dbe-422a-8f2d-aca2e1652e13/datanode-5/meta/datanode.id
2019-08-21 11:16:02,637 INFO  ozoneimpl.OzoneContainer (OzoneContainer.java:start(186)) - Attempting to start container services.
2019-08-21 11:16:02,639 INFO  ozoneimpl.OzoneContainer (OzoneContainer.java:startContainerScrub(160)) - Background container scrubber has been disabled by hdds.containerscrub.enabled
2019-08-21 11:16:02,639 INFO  ratis.XceiverServerRatis (XceiverServerRatis.java:start(404)) - Starting XceiverServerRatis f52cda08-f9b0-48f5-86b0-26c4af303a45 at port 0
2019-08-21 11:16:02,662 INFO  impl.RaftServerProxy (RaftServerProxy.java:lambda$start$3(299)) - f52cda08-f9b0-48f5-86b0-26c4af303a45: start RPC server
2019-08-21 11:16:02,674 INFO  ozone.MiniOzoneClusterImpl (MiniOzoneClusterImpl.java:lambda$waitForClusterToBeReady$0(142)) - Waiting for cluster to be ready. Got 0 of 6 DN Heartbeats.
2019-08-21 11:16:02,731 INFO  ozoneimpl.OzoneContainer (OzoneContainer.java:start(186)) - Attempting to start container services.
2019-08-21 11:16:02,734 INFO  ozoneimpl.OzoneContainer (OzoneContainer.java:startContainerScrub(160)) - Background container scrubber has been disabled by hdds.containerscrub.enabled
2019-08-21 11:16:02,734 INFO  ratis.XceiverServerRatis (XceiverServerRatis.java:start(404)) - Starting XceiverServerRatis 5474465a-fa64-48bc-87f1-794a01d5c0b4 at port 0
2019-08-21 11:16:02,741 INFO  impl.RaftServerProxy (RaftServerProxy.java:lambda$start$3(299)) - 5474465a-fa64-48bc-87f1-794a01d5c0b4: start RPC server
2019-08-21 11:16:02,827 INFO  server.GrpcService (GrpcService.java:startImpl(149)) - 5474465a-fa64-48bc-87f1-794a01d5c0b4: GrpcService started, listening on 0.0.0.0/0.0.0.0:37654
2019-08-21 11:16:02,827 INFO  server.GrpcService (GrpcService.java:startImpl(149)) - f52cda08-f9b0-48f5-86b0-26c4af303a45: GrpcService started, listening on 0.0.0.0/0.0.0.0:44477
2019-08-21 11:16:02,828 INFO  ratis.XceiverServerRatis (XceiverServerRatis.java:start(414)) - XceiverServerRatis 5474465a-fa64-48bc-87f1-794a01d5c0b4 is started using port 37654
2019-08-21 11:16:02,828 INFO  ratis.XceiverServerRatis (XceiverServerRatis.java:start(414)) - XceiverServerRatis f52cda08-f9b0-48f5-86b0-26c4af303a45 is started using port 44477
2019-08-21 11:16:02,832 INFO  server.XceiverServerGrpc (XceiverServerGrpc.java:start(161)) - XceiverServerGrpc 5474465a-fa64-48bc-87f1-794a01d5c0b4 is started using port 42755
2019-08-21 11:16:02,832 INFO  server.XceiverServerGrpc (XceiverServerGrpc.java:start(161)) - XceiverServerGrpc f52cda08-f9b0-48f5-86b0-26c4af303a45 is started using port 42770
2019-08-21 11:16:02,972 INFO  ozoneimpl.OzoneContainer (OzoneContainer.java:start(186)) - Attempting to start container services.
2019-08-21 11:16:02,974 INFO  ozoneimpl.OzoneContainer (OzoneContainer.java:startContainerScrub(160)) - Background container scrubber has been disabled by hdds.containerscrub.enabled
2019-08-21 11:16:02,974 INFO  ratis.XceiverServerRatis (XceiverServerRatis.java:start(404)) - Starting XceiverServerRatis 74ffb741-3a54-4304-9d53-d2ff2e69c015 at port 0
2019-08-21 11:16:02,983 INFO  impl.RaftServerProxy (RaftServerProxy.java:lambda$start$3(299)) - 74ffb741-3a54-4304-9d53-d2ff2e69c015: start RPC server
2019-08-21 11:16:02,985 INFO  server.GrpcService (GrpcService.java:startImpl(149)) - 74ffb741-3a54-4304-9d53-d2ff2e69c015: GrpcService started, listening on 0.0.0.0/0.0.0.0:44786
2019-08-21 11:16:02,985 INFO  ratis.XceiverServerRatis (XceiverServerRatis.java:start(414)) - XceiverServerRatis 74ffb741-3a54-4304-9d53-d2ff2e69c015 is started using port 44786
2019-08-21 11:16:02,989 INFO  server.XceiverServerGrpc (XceiverServerGrpc.java:start(161)) - XceiverServerGrpc 74ffb741-3a54-4304-9d53-d2ff2e69c015 is started using port 36130
2019-08-21 11:16:03,213 INFO  ozoneimpl.OzoneContainer (OzoneContainer.java:start(186)) - Attempting to start container services.
2019-08-21 11:16:03,219 INFO  ozoneimpl.OzoneContainer (OzoneContainer.java:startContainerScrub(160)) - Background container scrubber has been disabled by hdds.containerscrub.enabled
2019-08-21 11:16:03,220 INFO  ratis.XceiverServerRatis (XceiverServerRatis.java:start(404)) - Starting XceiverServerRatis 04134da6-7829-40a2-974e-f280fb1ddc2a at port 0
2019-08-21 11:16:03,228 INFO  impl.RaftServerProxy (RaftServerProxy.java:lambda$start$3(299)) - 04134da6-7829-40a2-974e-f280fb1ddc2a: start RPC server
2019-08-21 11:16:03,232 INFO  server.GrpcService (GrpcService.java:startImpl(149)) - 04134da6-7829-40a2-974e-f280fb1ddc2a: GrpcService started, listening on 0.0.0.0/0.0.0.0:33573
2019-08-21 11:16:03,232 INFO  ratis.XceiverServerRatis (XceiverServerRatis.java:start(414)) - XceiverServerRatis 04134da6-7829-40a2-974e-f280fb1ddc2a is started using port 33573
2019-08-21 11:16:03,235 INFO  server.XceiverServerGrpc (XceiverServerGrpc.java:start(161)) - XceiverServerGrpc 04134da6-7829-40a2-974e-f280fb1ddc2a is started using port 35618
2019-08-21 11:16:03,458 INFO  ozoneimpl.OzoneContainer (OzoneContainer.java:start(186)) - Attempting to start container services.
2019-08-21 11:16:03,458 INFO  ozoneimpl.OzoneContainer (OzoneContainer.java:startContainerScrub(160)) - Background container scrubber has been disabled by hdds.containerscrub.enabled
2019-08-21 11:16:03,458 INFO  ratis.XceiverServerRatis (XceiverServerRatis.java:start(404)) - Starting XceiverServerRatis 5626998f-56c9-4981-9b08-c1e2bae34b5b at port 0
2019-08-21 11:16:03,468 INFO  impl.RaftServerProxy (RaftServerProxy.java:lambda$start$3(299)) - 5626998f-56c9-4981-9b08-c1e2bae34b5b: start RPC server
2019-08-21 11:16:03,473 INFO  server.GrpcService (GrpcService.java:startImpl(149)) - 5626998f-56c9-4981-9b08-c1e2bae34b5b: GrpcService started, listening on 0.0.0.0/0.0.0.0:38561
2019-08-21 11:16:03,473 INFO  ratis.XceiverServerRatis (XceiverServerRatis.java:start(414)) - XceiverServerRatis 5626998f-56c9-4981-9b08-c1e2bae34b5b is started using port 38561
2019-08-21 11:16:03,477 INFO  server.XceiverServerGrpc (XceiverServerGrpc.java:start(161)) - XceiverServerGrpc 5626998f-56c9-4981-9b08-c1e2bae34b5b is started using port 46271
2019-08-21 11:16:03,675 INFO  ozone.MiniOzoneClusterImpl (MiniOzoneClusterImpl.java:lambda$waitForClusterToBeReady$0(142)) - Waiting for cluster to be ready. Got 0 of 6 DN Heartbeats.
2019-08-21 11:16:03,691 INFO  ozoneimpl.OzoneContainer (OzoneContainer.java:start(186)) - Attempting to start container services.
2019-08-21 11:16:03,691 INFO  ozoneimpl.OzoneContainer (OzoneContainer.java:startContainerScrub(160)) - Background container scrubber has been disabled by hdds.containerscrub.enabled
2019-08-21 11:16:03,691 INFO  ratis.XceiverServerRatis (XceiverServerRatis.java:start(404)) - Starting XceiverServerRatis 5cdb3527-3952-491c-8927-c4daf8618b24 at port 0
2019-08-21 11:16:03,701 INFO  impl.RaftServerProxy (RaftServerProxy.java:lambda$start$3(299)) - 5cdb3527-3952-491c-8927-c4daf8618b24: start RPC server
2019-08-21 11:16:03,706 INFO  server.GrpcService (GrpcService.java:startImpl(149)) - 5cdb3527-3952-491c-8927-c4daf8618b24: GrpcService started, listening on 0.0.0.0/0.0.0.0:33304
2019-08-21 11:16:03,707 INFO  ratis.XceiverServerRatis (XceiverServerRatis.java:start(414)) - XceiverServerRatis 5cdb3527-3952-491c-8927-c4daf8618b24 is started using port 33304
2019-08-21 11:16:03,710 INFO  server.XceiverServerGrpc (XceiverServerGrpc.java:start(161)) - XceiverServerGrpc 5cdb3527-3952-491c-8927-c4daf8618b24 is started using port 39207
2019-08-21 11:16:04,503 INFO  net.NetworkTopology (NetworkTopologyImpl.java:add(110)) - Added a new node: /default-rack/f52cda08-f9b0-48f5-86b0-26c4af303a45
2019-08-21 11:16:04,503 INFO  node.SCMNodeManager (SCMNodeManager.java:register(273)) - Registered Data node : f52cda08-f9b0-48f5-86b0-26c4af303a45{ip: 192.168.34.41, host: pr-hdds-1937-dnpk4-2229529846, networkLocation: /default-rack, certSerialId: null}
2019-08-21 11:16:04,510 INFO  safemode.SCMSafeModeManager (DataNodeSafeModeRule.java:process(71)) - SCM in safe mode. 1 DataNodes registered, 1 required.
2019-08-21 11:16:04,510 INFO  safemode.SCMSafeModeManager (SCMSafeModeManager.java:validateSafeModeExitRules(177)) - ScmSafeModeManager, all rules are successfully validated
2019-08-21 11:16:04,510 INFO  safemode.SCMSafeModeManager (SCMSafeModeManager.java:exitSafeMode(193)) - SCM exiting safe mode.
2019-08-21 11:16:04,676 INFO  ozone.MiniOzoneClusterImpl (MiniOzoneClusterImpl.java:lambda$waitForClusterToBeReady$0(142)) - Waiting for cluster to be ready. Got 1 of 6 DN Heartbeats.
2019-08-21 11:16:04,720 INFO  net.NetworkTopology (NetworkTopologyImpl.java:add(110)) - Added a new node: /default-rack/5474465a-fa64-48bc-87f1-794a01d5c0b4
2019-08-21 11:16:04,720 INFO  node.SCMNodeManager (SCMNodeManager.java:register(273)) - Registered Data node : 5474465a-fa64-48bc-87f1-794a01d5c0b4{ip: 192.168.34.41, host: pr-hdds-1937-dnpk4-2229529846, networkLocation: /default-rack, certSerialId: null}
2019-08-21 11:16:04,959 INFO  net.NetworkTopology (NetworkTopologyImpl.java:add(110)) - Added a new node: /default-rack/74ffb741-3a54-4304-9d53-d2ff2e69c015
2019-08-21 11:16:04,959 INFO  node.SCMNodeManager (SCMNodeManager.java:register(273)) - Registered Data node : 74ffb741-3a54-4304-9d53-d2ff2e69c015{ip: 192.168.34.41, host: pr-hdds-1937-dnpk4-2229529846, networkLocation: /default-rack, certSerialId: null}
2019-08-21 11:16:05,447 INFO  net.NetworkTopology (NetworkTopologyImpl.java:add(110)) - Added a new node: /default-rack/5626998f-56c9-4981-9b08-c1e2bae34b5b
2019-08-21 11:16:05,447 INFO  net.NetworkTopology (NetworkTopologyImpl.java:add(110)) - Added a new node: /default-rack/04134da6-7829-40a2-974e-f280fb1ddc2a
2019-08-21 11:16:05,447 INFO  node.SCMNodeManager (SCMNodeManager.java:register(273)) - Registered Data node : 5626998f-56c9-4981-9b08-c1e2bae34b5b{ip: 192.168.34.41, host: pr-hdds-1937-dnpk4-2229529846, networkLocation: /default-rack, certSerialId: null}
2019-08-21 11:16:05,448 INFO  node.SCMNodeManager (SCMNodeManager.java:register(273)) - Registered Data node : 04134da6-7829-40a2-974e-f280fb1ddc2a{ip: 192.168.34.41, host: pr-hdds-1937-dnpk4-2229529846, networkLocation: /default-rack, certSerialId: null}
2019-08-21 11:16:05,470 INFO  impl.RaftServerProxy (RaftServerProxy.java:addNew(89)) - f52cda08-f9b0-48f5-86b0-26c4af303a45: addNew group-C66F97AC1551:[f52cda08-f9b0-48f5-86b0-26c4af303a45:192.168.34.41:44477] returns group-C66F97AC1551:java.util.concurrent.CompletableFuture@2ea53c83[Not completed]
2019-08-21 11:16:05,494 INFO  impl.RaftServerImpl (RaftServerImpl.java:<init>(93)) - f52cda08-f9b0-48f5-86b0-26c4af303a45: new RaftServerImpl for group-C66F97AC1551:[f52cda08-f9b0-48f5-86b0-26c4af303a45:192.168.34.41:44477] with ContainerStateMachine:uninitialized
2019-08-21 11:16:05,497 INFO  server.RaftServerConfigKeys (ConfUtils.java:logGet(43)) - raft.server.rpc.timeout.min = 5s (custom)
2019-08-21 11:16:05,499 INFO  server.RaftServerConfigKeys (ConfUtils.java:logGet(43)) - raft.server.rpc.timeout.max = 5200ms (custom)
2019-08-21 11:16:05,499 INFO  server.RaftServerConfigKeys (ConfUtils.java:logGet(43)) - raft.server.rpcslowness.timeout = 120s (custom)
2019-08-21 11:16:05,500 INFO  server.RaftServerConfigKeys (ConfUtils.java:logGet(43)) - raft.server.sleep.deviation.threshold = 300 (default)
2019-08-21 11:16:05,501 INFO  server.RaftServerConfigKeys (ConfUtils.java:logGet(43)) - raft.server.log.appender.install.snapshot.enabled = false (custom)
2019-08-21 11:16:05,512 INFO  impl.RaftServerImpl (ServerState.java:<init>(105)) - f52cda08-f9b0-48f5-86b0-26c4af303a45:group-C66F97AC1551 ConfigurationManager, init=-1: [f52cda08-f9b0-48f5-86b0-26c4af303a45:192.168.34.41:44477], old=null, confs=<EMPTY_MAP>
2019-08-21 11:16:05,512 INFO  server.RaftServerConfigKeys (ConfUtils.java:logGet(43)) - raft.server.storage.dir = [/workdir/hadoop-ozone/integration-test/target/test-dir/MiniOzoneClusterImpl-13c630bf-2dbe-422a-8f2d-aca2e1652e13/datanode-0/data/ratis] (custom)
2019-08-21 11:16:05,522 INFO  storage.RaftStorageDirectory (RaftStorageDirectory.java:analyzeStorage(246)) - The storage directory /workdir/hadoop-ozone/integration-test/target/test-dir/MiniOzoneClusterImpl-13c630bf-2dbe-422a-8f2d-aca2e1652e13/datanode-0/data/ratis/cda91baf-5da2-4f3a-b788-c66f97ac1551 does not exist. Creating ...
2019-08-21 11:16:05,541 INFO  storage.RaftStorageDirectory (RaftStorageDirectory.java:tryLock(328)) - Lock on /workdir/hadoop-ozone/integration-test/target/test-dir/MiniOzoneClusterImpl-13c630bf-2dbe-422a-8f2d-aca2e1652e13/datanode-0/data/ratis/cda91baf-5da2-4f3a-b788-c66f97ac1551/in_use.lock acquired by nodename 32705@pr-hdds-1937-dnpk4-2229529846
2019-08-21 11:16:05,557 INFO  storage.RaftStorage (RaftStorage.java:format(72)) - Storage directory /workdir/hadoop-ozone/integration-test/target/test-dir/MiniOzoneClusterImpl-13c630bf-2dbe-422a-8f2d-aca2e1652e13/datanode-0/data/ratis/cda91baf-5da2-4f3a-b788-c66f97ac1551 has been successfully formatted.
2019-08-21 11:16:05,560 INFO  ratis.ContainerStateMachine (ContainerStateMachine.java:loadSnapshot(222)) - group-C66F97AC1551: The snapshot info is null. Setting the last applied indexto:(t:0, i:~)
2019-08-21 11:16:05,560 INFO  server.RaftServerConfigKeys (ConfUtils.java:logGet(43)) - raft.server.leader.election.timeout = 120s (custom)
2019-08-21 11:16:05,563 INFO  server.RaftServerConfigKeys (ConfUtils.java:logGet(43)) - raft.server.log.use.memory = false (default)
2019-08-21 11:16:05,571 INFO  server.RaftServerConfigKeys (ConfUtils.java:logGet(43)) - raft.server.log.purge.gap = 1000000000 (custom)
2019-08-21 11:16:05,572 INFO  server.RaftServerConfigKeys (ConfUtils.java:logGet(43)) - raft.server.log.appender.buffer.byte-limit = 33554432 (custom)
2019-08-21 11:16:05,574 INFO  server.RaftServerConfigKeys (ConfUtils.java:logGet(43)) - raft.server.log.segment.size.max = 1048576 (custom)
2019-08-21 11:16:05,580 INFO  server.RaftServerConfigKeys (ConfUtils.java:logGet(43)) - raft.server.log.segment.cache.num.max = 2 (custom)
2019-08-21 11:16:05,587 INFO  segmented.SegmentedRaftLogWorker (SegmentedRaftLogWorker.java:<init>(172)) - new f52cda08-f9b0-48f5-86b0-26c4af303a45-SegmentedRaftLogWorker:Storage Directory /workdir/hadoop-ozone/integration-test/target/test-dir/MiniOzoneClusterImpl-13c630bf-2dbe-422a-8f2d-aca2e1652e13/datanode-0/data/ratis/cda91baf-5da2-4f3a-b788-c66f97ac1551 for RaftStorage:Storage Directory /workdir/hadoop-ozone/integration-test/target/test-dir/MiniOzoneClusterImpl-13c630bf-2dbe-422a-8f2d-aca2e1652e13/datanode-0/data/ratis/cda91baf-5da2-4f3a-b788-c66f97ac1551
2019-08-21 11:16:05,603 INFO  server.RaftServerConfigKeys (ConfUtils.java:logGet(43)) - raft.server.log.queue.byte-limit = 2147483647 (custom)
2019-08-21 11:16:05,603 INFO  server.RaftServerConfigKeys (ConfUtils.java:logGet(43)) - raft.server.log.queue.element-limit = 1024 (custom)
2019-08-21 11:16:05,609 INFO  server.RaftServerConfigKeys (ConfUtils.java:logGet(43)) - raft.server.log.segment.size.max = 1048576 (custom)
2019-08-21 11:16:05,610 INFO  server.RaftServerConfigKeys (ConfUtils.java:logGet(43)) - raft.server.log.preallocated.size = 16384 (custom)
2019-08-21 11:16:05,610 INFO  server.RaftServerConfigKeys (ConfUtils.java:logGet(43)) - raft.server.log.write.buffer.size = 33554432 (custom)
2019-08-21 11:16:05,611 INFO  server.RaftServerConfigKeys (ConfUtils.java:logGet(43)) - raft.server.log.force.sync.num = 128 (default)
2019-08-21 11:16:05,612 INFO  server.RaftServerConfigKeys (ConfUtils.java:logGet(43)) - raft.server.log.statemachine.data.sync = true (default)
2019-08-21 11:16:05,612 INFO  server.RaftServerConfigKeys (ConfUtils.java:logGet(43)) - raft.server.log.statemachine.data.sync.timeout = 10s (default)
2019-08-21 11:16:05,613 INFO  server.RaftServerConfigKeys (ConfUtils.java:logGet(43)) - raft.server.log.statemachine.data.sync.timeout.retry = -1 (default)
2019-08-21 11:16:05,624 INFO  server.RaftServerConfigKeys (ConfUtils.java:logGet(43)) - raft.server.log.statemachine.data.caching.enabled = true (custom)
2019-08-21 11:16:05,631 INFO  segmented.SegmentedRaftLogWorker (SegmentedRaftLogWorker.java:lambda$new$0(132)) - f52cda08-f9b0-48f5-86b0-26c4af303a45-SegmentedRaftLogWorker:Storage Directory /workdir/hadoop-ozone/integration-test/target/test-dir/MiniOzoneClusterImpl-13c630bf-2dbe-422a-8f2d-aca2e1652e13/datanode-0/data/ratis/cda91baf-5da2-4f3a-b788-c66f97ac1551: flushIndex: setUnconditionally 0 -> -1
2019-08-21 11:16:05,638 INFO  server.RaftServerConfigKeys (ConfUtils.java:logGet(43)) - raft.server.snapshot.auto.trigger.enabled = true (custom)
2019-08-21 11:16:05,639 INFO  server.RaftServerConfigKeys (ConfUtils.java:logGet(43)) - raft.server.snapshot.auto.trigger.threshold = 10000 (custom)
2019-08-21 11:16:05,639 INFO  server.RaftServerConfigKeys (ConfUtils.java:logGet(43)) - raft.server.retrycache.expirytime = 600000ms (custom)
2019-08-21 11:16:05,668 INFO  impl.RaftServerImpl (RaftServerImpl.java:start(180)) - f52cda08-f9b0-48f5-86b0-26c4af303a45: start group-C66F97AC1551
2019-08-21 11:16:05,669 INFO  impl.RaftServerImpl (RaftServerImpl.java:setRole(171)) - f52cda08-f9b0-48f5-86b0-26c4af303a45:group-C66F97AC1551 changes role from null to FOLLOWER at term 0 for startAsFollower
2019-08-21 11:16:05,671 INFO  impl.RoleInfo (RoleInfo.java:updateAndGet(143)) - f52cda08-f9b0-48f5-86b0-26c4af303a45: start FollowerState
2019-08-21 11:16:05,673 INFO  util.JmxRegister (JmxRegister.java:tryRegister(44)) - Successfully registered JMX Bean with object name Ratis:service=RaftServer,group=group-C66F97AC1551,id=f52cda08-f9b0-48f5-86b0-26c4af303a45
2019-08-21 11:16:05,677 INFO  ozone.MiniOzoneClusterImpl (MiniOzoneClusterImpl.java:lambda$waitForClusterToBeReady$0(142)) - Waiting for cluster to be ready. Got 5 of 6 DN Heartbeats.
2019-08-21 11:16:05,680 INFO  net.NetworkTopology (NetworkTopologyImpl.java:add(110)) - Added a new node: /default-rack/5cdb3527-3952-491c-8927-c4daf8618b24
2019-08-21 11:16:05,680 INFO  node.SCMNodeManager (SCMNodeManager.java:register(273)) - Registered Data node : 5cdb3527-3952-491c-8927-c4daf8618b24{ip: 192.168.34.41, host: pr-hdds-1937-dnpk4-2229529846, networkLocation: /default-rack, certSerialId: null}
2019-08-21 11:16:05,749 INFO  pipeline.PipelineStateManager (PipelineStateManager.java:addPipeline(56)) - Created pipeline Pipeline[ Id: cda91baf-5da2-4f3a-b788-c66f97ac1551, Nodes: f52cda08-f9b0-48f5-86b0-26c4af303a45{ip: 192.168.34.41, host: pr-hdds-1937-dnpk4-2229529846, networkLocation: /default-rack, certSerialId: null}, Type:RATIS, Factor:ONE, State:OPEN]
2019-08-21 11:16:05,778 INFO  impl.RaftServerProxy (RaftServerProxy.java:addNew(89)) - 5626998f-56c9-4981-9b08-c1e2bae34b5b: addNew group-7C6AAA455AC7:[5626998f-56c9-4981-9b08-c1e2bae34b5b:192.168.34.41:38561] returns group-7C6AAA455AC7:java.util.concurrent.CompletableFuture@5e7943b[Not completed]
2019-08-21 11:16:05,825 INFO  impl.RaftServerImpl (RaftServerImpl.java:<init>(93)) - 5626998f-56c9-4981-9b08-c1e2bae34b5b: new RaftServerImpl for group-7C6AAA455AC7:[5626998f-56c9-4981-9b08-c1e2bae34b5b:192.168.34.41:38561] with ContainerStateMachine:uninitialized
2019-08-21 11:16:05,826 INFO  server.RaftServerConfigKeys (ConfUtils.java:logGet(43)) - raft.server.rpc.timeout.min = 5s (custom)
2019-08-21 11:16:05,826 INFO  server.RaftServerConfigKeys (ConfUtils.java:logGet(43)) - raft.server.rpc.timeout.max = 5200ms (custom)
2019-08-21 11:16:05,826 INFO  server.RaftServerConfigKeys (ConfUtils.java:logGet(43)) - raft.server.rpcslowness.timeout = 120s (custom)
2019-08-21 11:16:05,826 INFO  server.RaftServerConfigKeys (ConfUtils.java:logGet(43)) - raft.server.sleep.deviation.threshold = 300 (default)
2019-08-21 11:16:05,827 INFO  server.RaftServerConfigKeys (ConfUtils.java:logGet(43)) - raft.server.log.appender.install.snapshot.enabled = false (custom)
2019-08-21 11:16:05,827 INFO  impl.RaftServerImpl (ServerState.java:<init>(105)) - 5626998f-56c9-4981-9b08-c1e2bae34b5b:group-7C6AAA455AC7 ConfigurationManager, init=-1: [5626998f-56c9-4981-9b08-c1e2bae34b5b:192.168.34.41:38561], old=null, confs=<EMPTY_MAP>
2019-08-21 11:16:05,827 INFO  server.RaftServerConfigKeys (ConfUtils.java:logGet(43)) - raft.server.storage.dir = [/workdir/hadoop-ozone/integration-test/target/test-dir/MiniOzoneClusterImpl-13c630bf-2dbe-422a-8f2d-aca2e1652e13/datanode-4/data/ratis] (custom)
2019-08-21 11:16:05,828 INFO  storage.RaftStorageDirectory (RaftStorageDirectory.java:analyzeStorage(246)) - The storage directory /workdir/hadoop-ozone/integration-test/target/test-dir/MiniOzoneClusterImpl-13c630bf-2dbe-422a-8f2d-aca2e1652e13/datanode-4/data/ratis/1c1974d0-4470-447d-a424-7c6aaa455ac7 does not exist. Creating ...
2019-08-21 11:16:05,842 INFO  storage.RaftStorageDirectory (RaftStorageDirectory.java:tryLock(328)) - Lock on /workdir/hadoop-ozone/integration-test/target/test-dir/MiniOzoneClusterImpl-13c630bf-2dbe-422a-8f2d-aca2e1652e13/datanode-4/data/ratis/1c1974d0-4470-447d-a424-7c6aaa455ac7/in_use.lock acquired by nodename 32705@pr-hdds-1937-dnpk4-2229529846
2019-08-21 11:16:05,855 INFO  storage.RaftStorage (RaftStorage.java:format(72)) - Storage directory /workdir/hadoop-ozone/integration-test/target/test-dir/MiniOzoneClusterImpl-13c630bf-2dbe-422a-8f2d-aca2e1652e13/datanode-4/data/ratis/1c1974d0-4470-447d-a424-7c6aaa455ac7 has been successfully formatted.
2019-08-21 11:16:05,857 INFO  ratis.ContainerStateMachine (ContainerStateMachine.java:loadSnapshot(222)) - group-7C6AAA455AC7: The snapshot info is null. Setting the last applied indexto:(t:0, i:~)
2019-08-21 11:16:05,858 INFO  server.RaftServerConfigKeys (ConfUtils.java:logGet(43)) - raft.server.leader.election.timeout = 120s (custom)
2019-08-21 11:16:05,858 INFO  server.RaftServerConfigKeys (ConfUtils.java:logGet(43)) - raft.server.log.use.memory = false (default)
2019-08-21 11:16:05,859 INFO  server.RaftServerConfigKeys (ConfUtils.java:logGet(43)) - raft.server.log.purge.gap = 1000000000 (custom)
2019-08-21 11:16:05,859 INFO  server.RaftServerConfigKeys (ConfUtils.java:logGet(43)) - raft.server.log.appender.buffer.byte-limit = 33554432 (custom)
2019-08-21 11:16:05,859 INFO  server.RaftServerConfigKeys (ConfUtils.java:logGet(43)) - raft.server.log.segment.size.max = 1048576 (custom)
2019-08-21 11:16:05,859 INFO  server.RaftServerConfigKeys (ConfUtils.java:logGet(43)) - raft.server.log.segment.cache.num.max = 2 (custom)
2019-08-21 11:16:05,859 INFO  segmented.SegmentedRaftLogWorker (SegmentedRaftLogWorker.java:<init>(172)) - new 5626998f-56c9-4981-9b08-c1e2bae34b5b-SegmentedRaftLogWorker:Storage Directory /workdir/hadoop-ozone/integration-test/target/test-dir/MiniOzoneClusterImpl-13c630bf-2dbe-422a-8f2d-aca2e1652e13/datanode-4/data/ratis/1c1974d0-4470-447d-a424-7c6aaa455ac7 for RaftStorage:Storage Directory /workdir/hadoop-ozone/integration-test/target/test-dir/MiniOzoneClusterImpl-13c630bf-2dbe-422a-8f2d-aca2e1652e13/datanode-4/data/ratis/1c1974d0-4470-447d-a424-7c6aaa455ac7
2019-08-21 11:16:05,860 INFO  server.RaftServerConfigKeys (ConfUtils.java:logGet(43)) - raft.server.log.queue.byte-limit = 2147483647 (custom)
2019-08-21 11:16:05,861 INFO  server.RaftServerConfigKeys (ConfUtils.java:logGet(43)) - raft.server.log.queue.element-limit = 1024 (custom)
2019-08-21 11:16:05,861 INFO  server.RaftServerConfigKeys (ConfUtils.java:logGet(43)) - raft.server.log.segment.size.max = 1048576 (custom)
2019-08-21 11:16:05,861 INFO  server.RaftServerConfigKeys (ConfUtils.java:logGet(43)) - raft.server.log.preallocated.size = 16384 (custom)
2019-08-21 11:16:05,861 INFO  server.RaftServerConfigKeys (ConfUtils.java:logGet(43)) - raft.server.log.write.buffer.size = 33554432 (custom)
2019-08-21 11:16:05,861 INFO  server.RaftServerConfigKeys (ConfUtils.java:logGet(43)) - raft.server.log.force.sync.num = 128 (default)
2019-08-21 11:16:05,861 INFO  server.RaftServerConfigKeys (ConfUtils.java:logGet(43)) - raft.server.log.statemachine.data.sync = true (default)
2019-08-21 11:16:05,862 INFO  server.RaftServerConfigKeys (ConfUtils.java:logGet(43)) - raft.server.log.statemachine.data.sync.timeout = 10s (default)
2019-08-21 11:16:05,862 INFO  server.RaftServerConfigKeys (ConfUtils.java:logGet(43)) - raft.server.log.statemachine.data.sync.timeout.retry = -1 (default)
2019-08-21 11:16:05,862 INFO  server.RaftServerConfigKeys (ConfUtils.java:logGet(43)) - raft.server.log.statemachine.data.caching.enabled = true (custom)
2019-08-21 11:16:05,862 INFO  segmented.SegmentedRaftLogWorker (SegmentedRaftLogWorker.java:lambda$new$0(132)) - 5626998f-56c9-4981-9b08-c1e2bae34b5b-SegmentedRaftLogWorker:Storage Directory /workdir/hadoop-ozone/integration-test/target/test-dir/MiniOzoneClusterImpl-13c630bf-2dbe-422a-8f2d-aca2e1652e13/datanode-4/data/ratis/1c1974d0-4470-447d-a424-7c6aaa455ac7: flushIndex: setUnconditionally 0 -> -1
2019-08-21 11:16:05,863 INFO  server.RaftServerConfigKeys (ConfUtils.java:logGet(43)) - raft.server.snapshot.auto.trigger.enabled = true (custom)
2019-08-21 11:16:05,863 INFO  server.RaftServerConfigKeys (ConfUtils.java:logGet(43)) - raft.server.snapshot.auto.trigger.threshold = 10000 (custom)
2019-08-21 11:16:05,863 INFO  server.RaftServerConfigKeys (ConfUtils.java:logGet(43)) - raft.server.retrycache.expirytime = 600000ms (custom)
2019-08-21 11:16:05,863 INFO  impl.RaftServerImpl (RaftServerImpl.java:start(180)) - 5626998f-56c9-4981-9b08-c1e2bae34b5b: start group-7C6AAA455AC7
2019-08-21 11:16:05,863 INFO  impl.RaftServerImpl (RaftServerImpl.java:setRole(171)) - 5626998f-56c9-4981-9b08-c1e2bae34b5b:group-7C6AAA455AC7 changes role from null to FOLLOWER at term 0 for startAsFollower
2019-08-21 11:16:05,863 INFO  impl.RoleInfo (RoleInfo.java:updateAndGet(143)) - 5626998f-56c9-4981-9b08-c1e2bae34b5b: start FollowerState
2019-08-21 11:16:05,865 INFO  util.JmxRegister (JmxRegister.java:tryRegister(44)) - Successfully registered JMX Bean with object name Ratis:service=RaftServer,group=group-7C6AAA455AC7,id=5626998f-56c9-4981-9b08-c1e2bae34b5b
2019-08-21 11:16:05,878 INFO  pipeline.PipelineStateManager (PipelineStateManager.java:addPipeline(56)) - Created pipeline Pipeline[ Id: 1c1974d0-4470-447d-a424-7c6aaa455ac7, Nodes: 5626998f-56c9-4981-9b08-c1e2bae34b5b{ip: 192.168.34.41, host: pr-hdds-1937-dnpk4-2229529846, networkLocation: /default-rack, certSerialId: null}, Type:RATIS, Factor:ONE, State:OPEN]
2019-08-21 11:16:05,898 INFO  impl.RaftServerProxy (RaftServerProxy.java:addNew(89)) - 04134da6-7829-40a2-974e-f280fb1ddc2a: addNew group-43CA1CE91388:[04134da6-7829-40a2-974e-f280fb1ddc2a:192.168.34.41:33573] returns group-43CA1CE91388:java.util.concurrent.CompletableFuture@41d0617a[Not completed]
2019-08-21 11:16:05,908 INFO  impl.RaftServerImpl (RaftServerImpl.java:<init>(93)) - 04134da6-7829-40a2-974e-f280fb1ddc2a: new RaftServerImpl for group-43CA1CE91388:[04134da6-7829-40a2-974e-f280fb1ddc2a:192.168.34.41:33573] with ContainerStateMachine:uninitialized
2019-08-21 11:16:05,908 INFO  server.RaftServerConfigKeys (ConfUtils.java:logGet(43)) - raft.server.rpc.timeout.min = 5s (custom)
2019-08-21 11:16:05,909 INFO  server.RaftServerConfigKeys (ConfUtils.java:logGet(43)) - raft.server.rpc.timeout.max = 5200ms (custom)
2019-08-21 11:16:05,909 INFO  server.RaftServerConfigKeys (ConfUtils.java:logGet(43)) - raft.server.rpcslowness.timeout = 120s (custom)
2019-08-21 11:16:05,909 INFO  server.RaftServerConfigKeys (ConfUtils.java:logGet(43)) - raft.server.sleep.deviation.threshold = 300 (default)
2019-08-21 11:16:05,909 INFO  server.RaftServerConfigKeys (ConfUtils.java:logGet(43)) - raft.server.log.appender.install.snapshot.enabled = false (custom)
2019-08-21 11:16:05,909 INFO  impl.RaftServerImpl (ServerState.java:<init>(105)) - 04134da6-7829-40a2-974e-f280fb1ddc2a:group-43CA1CE91388 ConfigurationManager, init=-1: [04134da6-7829-40a2-974e-f280fb1ddc2a:192.168.34.41:33573], old=null, confs=<EMPTY_MAP>
2019-08-21 11:16:05,909 INFO  server.RaftServerConfigKeys (ConfUtils.java:logGet(43)) - raft.server.storage.dir = [/workdir/hadoop-ozone/integration-test/target/test-dir/MiniOzoneClusterImpl-13c630bf-2dbe-422a-8f2d-aca2e1652e13/datanode-3/data/ratis] (custom)
2019-08-21 11:16:05,910 INFO  storage.RaftStorageDirectory (RaftStorageDirectory.java:analyzeStorage(246)) - The storage directory /workdir/hadoop-ozone/integration-test/target/test-dir/MiniOzoneClusterImpl-13c630bf-2dbe-422a-8f2d-aca2e1652e13/datanode-3/data/ratis/de425af7-d411-44dc-a243-43ca1ce91388 does not exist. Creating ...
2019-08-21 11:16:05,922 INFO  storage.RaftStorageDirectory (RaftStorageDirectory.java:tryLock(328)) - Lock on /workdir/hadoop-ozone/integration-test/target/test-dir/MiniOzoneClusterImpl-13c630bf-2dbe-422a-8f2d-aca2e1652e13/datanode-3/data/ratis/de425af7-d411-44dc-a243-43ca1ce91388/in_use.lock acquired by nodename 32705@pr-hdds-1937-dnpk4-2229529846
2019-08-21 11:16:05,936 INFO  storage.RaftStorage (RaftStorage.java:format(72)) - Storage directory /workdir/hadoop-ozone/integration-test/target/test-dir/MiniOzoneClusterImpl-13c630bf-2dbe-422a-8f2d-aca2e1652e13/datanode-3/data/ratis/de425af7-d411-44dc-a243-43ca1ce91388 has been successfully formatted.
2019-08-21 11:16:05,936 INFO  ratis.ContainerStateMachine (ContainerStateMachine.java:loadSnapshot(222)) - group-43CA1CE91388: The snapshot info is null. Setting the last applied indexto:(t:0, i:~)
2019-08-21 11:16:05,936 INFO  server.RaftServerConfigKeys (ConfUtils.java:logGet(43)) - raft.server.leader.election.timeout = 120s (custom)
2019-08-21 11:16:05,936 INFO  server.RaftServerConfigKeys (ConfUtils.java:logGet(43)) - raft.server.log.use.memory = false (default)
2019-08-21 11:16:05,936 INFO  server.RaftServerConfigKeys (ConfUtils.java:logGet(43)) - raft.server.log.purge.gap = 1000000000 (custom)
2019-08-21 11:16:05,937 INFO  server.RaftServerConfigKeys (ConfUtils.java:logGet(43)) - raft.server.log.appender.buffer.byte-limit = 33554432 (custom)
2019-08-21 11:16:05,937 INFO  server.RaftServerConfigKeys (ConfUtils.java:logGet(43)) - raft.server.log.segment.size.max = 1048576 (custom)
2019-08-21 11:16:05,937 INFO  server.RaftServerConfigKeys (ConfUtils.java:logGet(43)) - raft.server.log.segment.cache.num.max = 2 (custom)
2019-08-21 11:16:05,937 INFO  segmented.SegmentedRaftLogWorker (SegmentedRaftLogWorker.java:<init>(172)) - new 04134da6-7829-40a2-974e-f280fb1ddc2a-SegmentedRaftLogWorker:Storage Directory /workdir/hadoop-ozone/integration-test/target/test-dir/MiniOzoneClusterImpl-13c630bf-2dbe-422a-8f2d-aca2e1652e13/datanode-3/data/ratis/de425af7-d411-44dc-a243-43ca1ce91388 for RaftStorage:Storage Directory /workdir/hadoop-ozone/integration-test/target/test-dir/MiniOzoneClusterImpl-13c630bf-2dbe-422a-8f2d-aca2e1652e13/datanode-3/data/ratis/de425af7-d411-44dc-a243-43ca1ce91388
2019-08-21 11:16:05,937 INFO  server.RaftServerConfigKeys (ConfUtils.java:logGet(43)) - raft.server.log.queue.byte-limit = 2147483647 (custom)
2019-08-21 11:16:05,937 INFO  server.RaftServerConfigKeys (ConfUtils.java:logGet(43)) - raft.server.log.queue.element-limit = 1024 (custom)
2019-08-21 11:16:05,938 INFO  server.RaftServerConfigKeys (ConfUtils.java:logGet(43)) - raft.server.log.segment.size.max = 1048576 (custom)
2019-08-21 11:16:05,938 INFO  server.RaftServerConfigKeys (ConfUtils.java:logGet(43)) - raft.server.log.preallocated.size = 16384 (custom)
2019-08-21 11:16:05,938 INFO  server.RaftServerConfigKeys (ConfUtils.java:logGet(43)) - raft.server.log.write.buffer.size = 33554432 (custom)
2019-08-21 11:16:05,938 INFO  server.RaftServerConfigKeys (ConfUtils.java:logGet(43)) - raft.server.log.force.sync.num = 128 (default)
2019-08-21 11:16:05,938 INFO  server.RaftServerConfigKeys (ConfUtils.java:logGet(43)) - raft.server.log.statemachine.data.sync = true (default)
2019-08-21 11:16:05,939 INFO  server.RaftServerConfigKeys (ConfUtils.java:logGet(43)) - raft.server.log.statemachine.data.sync.timeout = 10s (default)
2019-08-21 11:16:05,939 INFO  server.RaftServerConfigKeys (ConfUtils.java:logGet(43)) - raft.server.log.statemachine.data.sync.timeout.retry = -1 (default)
2019-08-21 11:16:05,939 INFO  server.RaftServerConfigKeys (ConfUtils.java:logGet(43)) - raft.server.log.statemachine.data.caching.enabled = true (custom)
2019-08-21 11:16:05,939 INFO  segmented.SegmentedRaftLogWorker (SegmentedRaftLogWorker.java:lambda$new$0(132)) - 04134da6-7829-40a2-974e-f280fb1ddc2a-SegmentedRaftLogWorker:Storage Directory /workdir/hadoop-ozone/integration-test/target/test-dir/MiniOzoneClusterImpl-13c630bf-2dbe-422a-8f2d-aca2e1652e13/datanode-3/data/ratis/de425af7-d411-44dc-a243-43ca1ce91388: flushIndex: setUnconditionally 0 -> -1
2019-08-21 11:16:05,940 INFO  server.RaftServerConfigKeys (ConfUtils.java:logGet(43)) - raft.server.snapshot.auto.trigger.enabled = true (custom)
2019-08-21 11:16:05,940 INFO  server.RaftServerConfigKeys (ConfUtils.java:logGet(43)) - raft.server.snapshot.auto.trigger.threshold = 10000 (custom)
2019-08-21 11:16:05,940 INFO  server.RaftServerConfigKeys (ConfUtils.java:logGet(43)) - raft.server.retrycache.expirytime = 600000ms (custom)
2019-08-21 11:16:05,940 INFO  impl.RaftServerImpl (RaftServerImpl.java:start(180)) - 04134da6-7829-40a2-974e-f280fb1ddc2a: start group-43CA1CE91388
2019-08-21 11:16:05,940 INFO  impl.RaftServerImpl (RaftServerImpl.java:setRole(171)) - 04134da6-7829-40a2-974e-f280fb1ddc2a:group-43CA1CE91388 changes role from null to FOLLOWER at term 0 for startAsFollower
2019-08-21 11:16:05,941 INFO  impl.RoleInfo (RoleInfo.java:updateAndGet(143)) - 04134da6-7829-40a2-974e-f280fb1ddc2a: start FollowerState
2019-08-21 11:16:05,941 INFO  util.JmxRegister (JmxRegister.java:tryRegister(44)) - Successfully registered JMX Bean with object name Ratis:service=RaftServer,group=group-43CA1CE91388,id=04134da6-7829-40a2-974e-f280fb1ddc2a
2019-08-21 11:16:05,955 INFO  pipeline.PipelineStateManager (PipelineStateManager.java:addPipeline(56)) - Created pipeline Pipeline[ Id: de425af7-d411-44dc-a243-43ca1ce91388, Nodes: 04134da6-7829-40a2-974e-f280fb1ddc2a{ip: 192.168.34.41, host: pr-hdds-1937-dnpk4-2229529846, networkLocation: /default-rack, certSerialId: null}, Type:RATIS, Factor:ONE, State:OPEN]
2019-08-21 11:16:05,983 INFO  impl.RaftServerProxy (RaftServerProxy.java:addNew(89)) - 5cdb3527-3952-491c-8927-c4daf8618b24: addNew group-3C8C0B5BD0FB:[5cdb3527-3952-491c-8927-c4daf8618b24:192.168.34.41:33304] returns group-3C8C0B5BD0FB:java.util.concurrent.CompletableFuture@504004e1[Not completed]
2019-08-21 11:16:05,987 INFO  impl.RaftServerImpl (RaftServerImpl.java:<init>(93)) - 5cdb3527-3952-491c-8927-c4daf8618b24: new RaftServerImpl for group-3C8C0B5BD0FB:[5cdb3527-3952-491c-8927-c4daf8618b24:192.168.34.41:33304] with ContainerStateMachine:uninitialized
2019-08-21 11:16:05,987 INFO  server.RaftServerConfigKeys (ConfUtils.java:logGet(43)) - raft.server.rpc.timeout.min = 5s (custom)
2019-08-21 11:16:05,987 INFO  server.RaftServerConfigKeys (ConfUtils.java:logGet(43)) - raft.server.rpc.timeout.max = 5200ms (custom)
2019-08-21 11:16:05,988 INFO  server.RaftServerConfigKeys (ConfUtils.java:logGet(43)) - raft.server.rpcslowness.timeout = 120s (custom)
2019-08-21 11:16:05,988 INFO  server.RaftServerConfigKeys (ConfUtils.java:logGet(43)) - raft.server.sleep.deviation.threshold = 300 (default)
2019-08-21 11:16:05,988 INFO  server.RaftServerConfigKeys (ConfUtils.java:logGet(43)) - raft.server.log.appender.install.snapshot.enabled = false (custom)
2019-08-21 11:16:05,988 INFO  impl.RaftServerImpl (ServerState.java:<init>(105)) - 5cdb3527-3952-491c-8927-c4daf8618b24:group-3C8C0B5BD0FB ConfigurationManager, init=-1: [5cdb3527-3952-491c-8927-c4daf8618b24:192.168.34.41:33304], old=null, confs=<EMPTY_MAP>
2019-08-21 11:16:05,989 INFO  server.RaftServerConfigKeys (ConfUtils.java:logGet(43)) - raft.server.storage.dir = [/workdir/hadoop-ozone/integration-test/target/test-dir/MiniOzoneClusterImpl-13c630bf-2dbe-422a-8f2d-aca2e1652e13/datanode-5/data/ratis] (custom)
2019-08-21 11:16:05,989 INFO  storage.RaftStorageDirectory (RaftStorageDirectory.java:analyzeStorage(246)) - The storage directory /workdir/hadoop-ozone/integration-test/target/test-dir/MiniOzoneClusterImpl-13c630bf-2dbe-422a-8f2d-aca2e1652e13/datanode-5/data/ratis/47e8319b-e16f-42b4-a00b-3c8c0b5bd0fb does not exist. Creating ...
2019-08-21 11:16:06,002 INFO  storage.RaftStorageDirectory (RaftStorageDirectory.java:tryLock(328)) - Lock on /workdir/hadoop-ozone/integration-test/target/test-dir/MiniOzoneClusterImpl-13c630bf-2dbe-422a-8f2d-aca2e1652e13/datanode-5/data/ratis/47e8319b-e16f-42b4-a00b-3c8c0b5bd0fb/in_use.lock acquired by nodename 32705@pr-hdds-1937-dnpk4-2229529846
2019-08-21 11:16:06,016 INFO  storage.RaftStorage (RaftStorage.java:format(72)) - Storage directory /workdir/hadoop-ozone/integration-test/target/test-dir/MiniOzoneClusterImpl-13c630bf-2dbe-422a-8f2d-aca2e1652e13/datanode-5/data/ratis/47e8319b-e16f-42b4-a00b-3c8c0b5bd0fb has been successfully formatted.
2019-08-21 11:16:06,016 INFO  ratis.ContainerStateMachine (ContainerStateMachine.java:loadSnapshot(222)) - group-3C8C0B5BD0FB: The snapshot info is null. Setting the last applied indexto:(t:0, i:~)
2019-08-21 11:16:06,016 INFO  server.RaftServerConfigKeys (ConfUtils.java:logGet(43)) - raft.server.leader.election.timeout = 120s (custom)
2019-08-21 11:16:06,016 INFO  server.RaftServerConfigKeys (ConfUtils.java:logGet(43)) - raft.server.log.use.memory = false (default)
2019-08-21 11:16:06,016 INFO  server.RaftServerConfigKeys (ConfUtils.java:logGet(43)) - raft.server.log.purge.gap = 1000000000 (custom)
2019-08-21 11:16:06,017 INFO  server.RaftServerConfigKeys (ConfUtils.java:logGet(43)) - raft.server.log.appender.buffer.byte-limit = 33554432 (custom)
2019-08-21 11:16:06,017 INFO  server.RaftServerConfigKeys (ConfUtils.java:logGet(43)) - raft.server.log.segment.size.max = 1048576 (custom)
2019-08-21 11:16:06,017 INFO  server.RaftServerConfigKeys (ConfUtils.java:logGet(43)) - raft.server.log.segment.cache.num.max = 2 (custom)
2019-08-21 11:16:06,017 INFO  segmented.SegmentedRaftLogWorker (SegmentedRaftLogWorker.java:<init>(172)) - new 5cdb3527-3952-491c-8927-c4daf8618b24-SegmentedRaftLogWorker:Storage Directory /workdir/hadoop-ozone/integration-test/target/test-dir/MiniOzoneClusterImpl-13c630bf-2dbe-422a-8f2d-aca2e1652e13/datanode-5/data/ratis/47e8319b-e16f-42b4-a00b-3c8c0b5bd0fb for RaftStorage:Storage Directory /workdir/hadoop-ozone/integration-test/target/test-dir/MiniOzoneClusterImpl-13c630bf-2dbe-422a-8f2d-aca2e1652e13/datanode-5/data/ratis/47e8319b-e16f-42b4-a00b-3c8c0b5bd0fb
2019-08-21 11:16:06,017 INFO  server.RaftServerConfigKeys (ConfUtils.java:logGet(43)) - raft.server.log.queue.byte-limit = 2147483647 (custom)
2019-08-21 11:16:06,017 INFO  server.RaftServerConfigKeys (ConfUtils.java:logGet(43)) - raft.server.log.queue.element-limit = 1024 (custom)
2019-08-21 11:16:06,018 INFO  server.RaftServerConfigKeys (ConfUtils.java:logGet(43)) - raft.server.log.segment.size.max = 1048576 (custom)
2019-08-21 11:16:06,018 INFO  server.RaftServerConfigKeys (ConfUtils.java:logGet(43)) - raft.server.log.preallocated.size = 16384 (custom)
2019-08-21 11:16:06,018 INFO  server.RaftServerConfigKeys (ConfUtils.java:logGet(43)) - raft.server.log.write.buffer.size = 33554432 (custom)
2019-08-21 11:16:06,018 INFO  server.RaftServerConfigKeys (ConfUtils.java:logGet(43)) - raft.server.log.force.sync.num = 128 (default)
2019-08-21 11:16:06,018 INFO  server.RaftServerConfigKeys (ConfUtils.java:logGet(43)) - raft.server.log.statemachine.data.sync = true (default)
2019-08-21 11:16:06,018 INFO  server.RaftServerConfigKeys (ConfUtils.java:logGet(43)) - raft.server.log.statemachine.data.sync.timeout = 10s (default)
2019-08-21 11:16:06,018 INFO  server.RaftServerConfigKeys (ConfUtils.java:logGet(43)) - raft.server.log.statemachine.data.sync.timeout.retry = -1 (default)
2019-08-21 11:16:06,019 INFO  server.RaftServerConfigKeys (ConfUtils.java:logGet(43)) - raft.server.log.statemachine.data.caching.enabled = true (custom)
2019-08-21 11:16:06,019 INFO  segmented.SegmentedRaftLogWorker (SegmentedRaftLogWorker.java:lambda$new$0(132)) - 5cdb3527-3952-491c-8927-c4daf8618b24-SegmentedRaftLogWorker:Storage Directory /workdir/hadoop-ozone/integration-test/target/test-dir/MiniOzoneClusterImpl-13c630bf-2dbe-422a-8f2d-aca2e1652e13/datanode-5/data/ratis/47e8319b-e16f-42b4-a00b-3c8c0b5bd0fb: flushIndex: setUnconditionally 0 -> -1
2019-08-21 11:16:06,019 INFO  server.RaftServerConfigKeys (ConfUtils.java:logGet(43)) - raft.server.snapshot.auto.trigger.enabled = true (custom)
2019-08-21 11:16:06,020 INFO  server.RaftServerConfigKeys (ConfUtils.java:logGet(43)) - raft.server.snapshot.auto.trigger.threshold = 10000 (custom)
2019-08-21 11:16:06,020 INFO  server.RaftServerConfigKeys (ConfUtils.java:logGet(43)) - raft.server.retrycache.expirytime = 600000ms (custom)
2019-08-21 11:16:06,020 INFO  impl.RaftServerImpl (RaftServerImpl.java:start(180)) - 5cdb3527-3952-491c-8927-c4daf8618b24: start group-3C8C0B5BD0FB
2019-08-21 11:16:06,020 INFO  impl.RaftServerImpl (RaftServerImpl.java:setRole(171)) - 5cdb3527-3952-491c-8927-c4daf8618b24:group-3C8C0B5BD0FB changes role from null to FOLLOWER at term 0 for startAsFollower
2019-08-21 11:16:06,020 INFO  impl.RoleInfo (RoleInfo.java:updateAndGet(143)) - 5cdb3527-3952-491c-8927-c4daf8618b24: start FollowerState
2019-08-21 11:16:06,021 INFO  util.JmxRegister (JmxRegister.java:tryRegister(44)) - Successfully registered JMX Bean with object name Ratis:service=RaftServer,group=group-3C8C0B5BD0FB,id=5cdb3527-3952-491c-8927-c4daf8618b24
2019-08-21 11:16:06,033 INFO  pipeline.PipelineStateManager (PipelineStateManager.java:addPipeline(56)) - Created pipeline Pipeline[ Id: 47e8319b-e16f-42b4-a00b-3c8c0b5bd0fb, Nodes: 5cdb3527-3952-491c-8927-c4daf8618b24{ip: 192.168.34.41, host: pr-hdds-1937-dnpk4-2229529846, networkLocation: /default-rack, certSerialId: null}, Type:RATIS, Factor:ONE, State:OPEN]
2019-08-21 11:16:06,058 INFO  impl.RaftServerProxy (RaftServerProxy.java:addNew(89)) - 5474465a-fa64-48bc-87f1-794a01d5c0b4: addNew group-5AE77B5D06DC:[5474465a-fa64-48bc-87f1-794a01d5c0b4:192.168.34.41:37654] returns group-5AE77B5D06DC:java.util.concurrent.CompletableFuture@6e36622[Not completed]
2019-08-21 11:16:06,060 INFO  impl.RaftServerImpl (RaftServerImpl.java:<init>(93)) - 5474465a-fa64-48bc-87f1-794a01d5c0b4: new RaftServerImpl for group-5AE77B5D06DC:[5474465a-fa64-48bc-87f1-794a01d5c0b4:192.168.34.41:37654] with ContainerStateMachine:uninitialized
2019-08-21 11:16:06,060 INFO  server.RaftServerConfigKeys (ConfUtils.java:logGet(43)) - raft.server.rpc.timeout.min = 5s (custom)
2019-08-21 11:16:06,060 INFO  server.RaftServerConfigKeys (ConfUtils.java:logGet(43)) - raft.server.rpc.timeout.max = 5200ms (custom)
2019-08-21 11:16:06,060 INFO  server.RaftServerConfigKeys (ConfUtils.java:logGet(43)) - raft.server.rpcslowness.timeout = 120s (custom)
2019-08-21 11:16:06,060 INFO  server.RaftServerConfigKeys (ConfUtils.java:logGet(43)) - raft.server.sleep.deviation.threshold = 300 (default)
2019-08-21 11:16:06,060 INFO  server.RaftServerConfigKeys (ConfUtils.java:logGet(43)) - raft.server.log.appender.install.snapshot.enabled = false (custom)
2019-08-21 11:16:06,061 INFO  impl.RaftServerImpl (ServerState.java:<init>(105)) - 5474465a-fa64-48bc-87f1-794a01d5c0b4:group-5AE77B5D06DC ConfigurationManager, init=-1: [5474465a-fa64-48bc-87f1-794a01d5c0b4:192.168.34.41:37654], old=null, confs=<EMPTY_MAP>
2019-08-21 11:16:06,061 INFO  server.RaftServerConfigKeys (ConfUtils.java:logGet(43)) - raft.server.storage.dir = [/workdir/hadoop-ozone/integration-test/target/test-dir/MiniOzoneClusterImpl-13c630bf-2dbe-422a-8f2d-aca2e1652e13/datanode-1/data/ratis] (custom)
2019-08-21 11:16:06,061 INFO  storage.RaftStorageDirectory (RaftStorageDirectory.java:analyzeStorage(246)) - The storage directory /workdir/hadoop-ozone/integration-test/target/test-dir/MiniOzoneClusterImpl-13c630bf-2dbe-422a-8f2d-aca2e1652e13/datanode-1/data/ratis/26ea75f0-aecc-47e9-a9ca-5ae77b5d06dc does not exist. Creating ...
2019-08-21 11:16:06,070 INFO  storage.RaftStorageDirectory (RaftStorageDirectory.java:tryLock(328)) - Lock on /workdir/hadoop-ozone/integration-test/target/test-dir/MiniOzoneClusterImpl-13c630bf-2dbe-422a-8f2d-aca2e1652e13/datanode-1/data/ratis/26ea75f0-aecc-47e9-a9ca-5ae77b5d06dc/in_use.lock acquired by nodename 32705@pr-hdds-1937-dnpk4-2229529846
2019-08-21 11:16:06,096 INFO  storage.RaftStorage (RaftStorage.java:format(72)) - Storage directory /workdir/hadoop-ozone/integration-test/target/test-dir/MiniOzoneClusterImpl-13c630bf-2dbe-422a-8f2d-aca2e1652e13/datanode-1/data/ratis/26ea75f0-aecc-47e9-a9ca-5ae77b5d06dc has been successfully formatted.
2019-08-21 11:16:06,096 INFO  ratis.ContainerStateMachine (ContainerStateMachine.java:loadSnapshot(222)) - group-5AE77B5D06DC: The snapshot info is null. Setting the last applied indexto:(t:0, i:~)
2019-08-21 11:16:06,096 INFO  server.RaftServerConfigKeys (ConfUtils.java:logGet(43)) - raft.server.leader.election.timeout = 120s (custom)
2019-08-21 11:16:06,096 INFO  server.RaftServerConfigKeys (ConfUtils.java:logGet(43)) - raft.server.log.use.memory = false (default)
2019-08-21 11:16:06,097 INFO  server.RaftServerConfigKeys (ConfUtils.java:logGet(43)) - raft.server.log.purge.gap = 1000000000 (custom)
2019-08-21 11:16:06,097 INFO  server.RaftServerConfigKeys (ConfUtils.java:logGet(43)) - raft.server.log.appender.buffer.byte-limit = 33554432 (custom)
2019-08-21 11:16:06,097 INFO  server.RaftServerConfigKeys (ConfUtils.java:logGet(43)) - raft.server.log.segment.size.max = 1048576 (custom)
2019-08-21 11:16:06,097 INFO  server.RaftServerConfigKeys (ConfUtils.java:logGet(43)) - raft.server.log.segment.cache.num.max = 2 (custom)
2019-08-21 11:16:06,098 INFO  segmented.SegmentedRaftLogWorker (SegmentedRaftLogWorker.java:<init>(172)) - new 5474465a-fa64-48bc-87f1-794a01d5c0b4-SegmentedRaftLogWorker:Storage Directory /workdir/hadoop-ozone/integration-test/target/test-dir/MiniOzoneClusterImpl-13c630bf-2dbe-422a-8f2d-aca2e1652e13/datanode-1/data/ratis/26ea75f0-aecc-47e9-a9ca-5ae77b5d06dc for RaftStorage:Storage Directory /workdir/hadoop-ozone/integration-test/target/test-dir/MiniOzoneClusterImpl-13c630bf-2dbe-422a-8f2d-aca2e1652e13/datanode-1/data/ratis/26ea75f0-aecc-47e9-a9ca-5ae77b5d06dc
2019-08-21 11:16:06,098 INFO  server.RaftServerConfigKeys (ConfUtils.java:logGet(43)) - raft.server.log.queue.byte-limit = 2147483647 (custom)
2019-08-21 11:16:06,098 INFO  server.RaftServerConfigKeys (ConfUtils.java:logGet(43)) - raft.server.log.queue.element-limit = 1024 (custom)
2019-08-21 11:16:06,098 INFO  server.RaftServerConfigKeys (ConfUtils.java:logGet(43)) - raft.server.log.segment.size.max = 1048576 (custom)
2019-08-21 11:16:06,099 INFO  server.RaftServerConfigKeys (ConfUtils.java:logGet(43)) - raft.server.log.preallocated.size = 16384 (custom)
2019-08-21 11:16:06,099 INFO  server.RaftServerConfigKeys (ConfUtils.java:logGet(43)) - raft.server.log.write.buffer.size = 33554432 (custom)
2019-08-21 11:16:06,099 INFO  server.RaftServerConfigKeys (ConfUtils.java:logGet(43)) - raft.server.log.force.sync.num = 128 (default)
2019-08-21 11:16:06,099 INFO  server.RaftServerConfigKeys (ConfUtils.java:logGet(43)) - raft.server.log.statemachine.data.sync = true (default)
2019-08-21 11:16:06,099 INFO  server.RaftServerConfigKeys (ConfUtils.java:logGet(43)) - raft.server.log.statemachine.data.sync.timeout = 10s (default)
2019-08-21 11:16:06,100 INFO  server.RaftServerConfigKeys (ConfUtils.java:logGet(43)) - raft.server.log.statemachine.data.sync.timeout.retry = -1 (default)
2019-08-21 11:16:06,100 INFO  server.RaftServerConfigKeys (ConfUtils.java:logGet(43)) - raft.server.log.statemachine.data.caching.enabled = true (custom)
2019-08-21 11:16:06,100 INFO  segmented.SegmentedRaftLogWorker (SegmentedRaftLogWorker.java:lambda$new$0(132)) - 5474465a-fa64-48bc-87f1-794a01d5c0b4-SegmentedRaftLogWorker:Storage Directory /workdir/hadoop-ozone/integration-test/target/test-dir/MiniOzoneClusterImpl-13c630bf-2dbe-422a-8f2d-aca2e1652e13/datanode-1/data/ratis/26ea75f0-aecc-47e9-a9ca-5ae77b5d06dc: flushIndex: setUnconditionally 0 -> -1
2019-08-21 11:16:06,101 INFO  server.RaftServerConfigKeys (ConfUtils.java:logGet(43)) - raft.server.snapshot.auto.trigger.enabled = true (custom)
2019-08-21 11:16:06,101 INFO  server.RaftServerConfigKeys (ConfUtils.java:logGet(43)) - raft.server.snapshot.auto.trigger.threshold = 10000 (custom)
2019-08-21 11:16:06,101 INFO  server.RaftServerConfigKeys (ConfUtils.java:logGet(43)) - raft.server.retrycache.expirytime = 600000ms (custom)
2019-08-21 11:16:06,102 INFO  impl.RaftServerImpl (RaftServerImpl.java:start(180)) - 5474465a-fa64-48bc-87f1-794a01d5c0b4: start group-5AE77B5D06DC
2019-08-21 11:16:06,102 INFO  impl.RaftServerImpl (RaftServerImpl.java:setRole(171)) - 5474465a-fa64-48bc-87f1-794a01d5c0b4:group-5AE77B5D06DC changes role from null to FOLLOWER at term 0 for startAsFollower
2019-08-21 11:16:06,102 INFO  impl.RoleInfo (RoleInfo.java:updateAndGet(143)) - 5474465a-fa64-48bc-87f1-794a01d5c0b4: start FollowerState
2019-08-21 11:16:06,103 INFO  util.JmxRegister (JmxRegister.java:tryRegister(44)) - Successfully registered JMX Bean with object name Ratis:service=RaftServer,group=group-5AE77B5D06DC,id=5474465a-fa64-48bc-87f1-794a01d5c0b4
2019-08-21 11:16:06,119 INFO  pipeline.PipelineStateManager (PipelineStateManager.java:addPipeline(56)) - Created pipeline Pipeline[ Id: 26ea75f0-aecc-47e9-a9ca-5ae77b5d06dc, Nodes: 5474465a-fa64-48bc-87f1-794a01d5c0b4{ip: 192.168.34.41, host: pr-hdds-1937-dnpk4-2229529846, networkLocation: /default-rack, certSerialId: null}, Type:RATIS, Factor:ONE, State:OPEN]
2019-08-21 11:16:06,146 INFO  impl.RaftServerProxy (RaftServerProxy.java:addNew(89)) - 74ffb741-3a54-4304-9d53-d2ff2e69c015: addNew group-B671F4573683:[74ffb741-3a54-4304-9d53-d2ff2e69c015:192.168.34.41:44786] returns group-B671F4573683:java.util.concurrent.CompletableFuture@7ab09957[Not completed]
2019-08-21 11:16:06,148 INFO  impl.RaftServerImpl (RaftServerImpl.java:<init>(93)) - 74ffb741-3a54-4304-9d53-d2ff2e69c015: new RaftServerImpl for group-B671F4573683:[74ffb741-3a54-4304-9d53-d2ff2e69c015:192.168.34.41:44786] with ContainerStateMachine:uninitialized
2019-08-21 11:16:06,148 INFO  server.RaftServerConfigKeys (ConfUtils.java:logGet(43)) - raft.server.rpc.timeout.min = 5s (custom)
2019-08-21 11:16:06,149 INFO  server.RaftServerConfigKeys (ConfUtils.java:logGet(43)) - raft.server.rpc.timeout.max = 5200ms (custom)
2019-08-21 11:16:06,149 INFO  server.RaftServerConfigKeys (ConfUtils.java:logGet(43)) - raft.server.rpcslowness.timeout = 120s (custom)
2019-08-21 11:16:06,149 INFO  server.RaftServerConfigKeys (ConfUtils.java:logGet(43)) - raft.server.sleep.deviation.threshold = 300 (default)
2019-08-21 11:16:06,149 INFO  server.RaftServerConfigKeys (ConfUtils.java:logGet(43)) - raft.server.log.appender.install.snapshot.enabled = false (custom)
2019-08-21 11:16:06,149 INFO  impl.RaftServerImpl (ServerState.java:<init>(105)) - 74ffb741-3a54-4304-9d53-d2ff2e69c015:group-B671F4573683 ConfigurationManager, init=-1: [74ffb741-3a54-4304-9d53-d2ff2e69c015:192.168.34.41:44786], old=null, confs=<EMPTY_MAP>
2019-08-21 11:16:06,150 INFO  server.RaftServerConfigKeys (ConfUtils.java:logGet(43)) - raft.server.storage.dir = [/workdir/hadoop-ozone/integration-test/target/test-dir/MiniOzoneClusterImpl-13c630bf-2dbe-422a-8f2d-aca2e1652e13/datanode-2/data/ratis] (custom)
2019-08-21 11:16:06,150 INFO  storage.RaftStorageDirectory (RaftStorageDirectory.java:analyzeStorage(246)) - The storage directory /workdir/hadoop-ozone/integration-test/target/test-dir/MiniOzoneClusterImpl-13c630bf-2dbe-422a-8f2d-aca2e1652e13/datanode-2/data/ratis/d13991d0-0b14-48ec-a4d0-b671f4573683 does not exist. Creating ...
2019-08-21 11:16:06,162 INFO  storage.RaftStorageDirectory (RaftStorageDirectory.java:tryLock(328)) - Lock on /workdir/hadoop-ozone/integration-test/target/test-dir/MiniOzoneClusterImpl-13c630bf-2dbe-422a-8f2d-aca2e1652e13/datanode-2/data/ratis/d13991d0-0b14-48ec-a4d0-b671f4573683/in_use.lock acquired by nodename 32705@pr-hdds-1937-dnpk4-2229529846
2019-08-21 11:16:06,176 INFO  storage.RaftStorage (RaftStorage.java:format(72)) - Storage directory /workdir/hadoop-ozone/integration-test/target/test-dir/MiniOzoneClusterImpl-13c630bf-2dbe-422a-8f2d-aca2e1652e13/datanode-2/data/ratis/d13991d0-0b14-48ec-a4d0-b671f4573683 has been successfully formatted.
2019-08-21 11:16:06,176 INFO  ratis.ContainerStateMachine (ContainerStateMachine.java:loadSnapshot(222)) - group-B671F4573683: The snapshot info is null. Setting the last applied indexto:(t:0, i:~)
2019-08-21 11:16:06,176 INFO  server.RaftServerConfigKeys (ConfUtils.java:logGet(43)) - raft.server.leader.election.timeout = 120s (custom)
2019-08-21 11:16:06,176 INFO  server.RaftServerConfigKeys (ConfUtils.java:logGet(43)) - raft.server.log.use.memory = false (default)
2019-08-21 11:16:06,176 INFO  server.RaftServerConfigKeys (ConfUtils.java:logGet(43)) - raft.server.log.purge.gap = 1000000000 (custom)
2019-08-21 11:16:06,176 INFO  server.RaftServerConfigKeys (ConfUtils.java:logGet(43)) - raft.server.log.appender.buffer.byte-limit = 33554432 (custom)
2019-08-21 11:16:06,177 INFO  server.RaftServerConfigKeys (ConfUtils.java:logGet(43)) - raft.server.log.segment.size.max = 1048576 (custom)
2019-08-21 11:16:06,177 INFO  server.RaftServerConfigKeys (ConfUtils.java:logGet(43)) - raft.server.log.segment.cache.num.max = 2 (custom)
2019-08-21 11:16:06,177 INFO  segmented.SegmentedRaftLogWorker (SegmentedRaftLogWorker.java:<init>(172)) - new 74ffb741-3a54-4304-9d53-d2ff2e69c015-SegmentedRaftLogWorker:Storage Directory /workdir/hadoop-ozone/integration-test/target/test-dir/MiniOzoneClusterImpl-13c630bf-2dbe-422a-8f2d-aca2e1652e13/datanode-2/data/ratis/d13991d0-0b14-48ec-a4d0-b671f4573683 for RaftStorage:Storage Directory /workdir/hadoop-ozone/integration-test/target/test-dir/MiniOzoneClusterImpl-13c630bf-2dbe-422a-8f2d-aca2e1652e13/datanode-2/data/ratis/d13991d0-0b14-48ec-a4d0-b671f4573683
2019-08-21 11:16:06,177 INFO  server.RaftServerConfigKeys (ConfUtils.java:logGet(43)) - raft.server.log.queue.byte-limit = 2147483647 (custom)
2019-08-21 11:16:06,177 INFO  server.RaftServerConfigKeys (ConfUtils.java:logGet(43)) - raft.server.log.queue.element-limit = 1024 (custom)
2019-08-21 11:16:06,178 INFO  server.RaftServerConfigKeys (ConfUtils.java:logGet(43)) - raft.server.log.segment.size.max = 1048576 (custom)
2019-08-21 11:16:06,178 INFO  server.RaftServerConfigKeys (ConfUtils.java:logGet(43)) - raft.server.log.preallocated.size = 16384 (custom)
2019-08-21 11:16:06,178 INFO  server.RaftServerConfigKeys (ConfUtils.java:logGet(43)) - raft.server.log.write.buffer.size = 33554432 (custom)
2019-08-21 11:16:06,178 INFO  server.RaftServerConfigKeys (ConfUtils.java:logGet(43)) - raft.server.log.force.sync.num = 128 (default)
2019-08-21 11:16:06,178 INFO  server.RaftServerConfigKeys (ConfUtils.java:logGet(43)) - raft.server.log.statemachine.data.sync = true (default)
2019-08-21 11:16:06,178 INFO  server.RaftServerConfigKeys (ConfUtils.java:logGet(43)) - raft.server.log.statemachine.data.sync.timeout = 10s (default)
2019-08-21 11:16:06,179 INFO  server.RaftServerConfigKeys (ConfUtils.java:logGet(43)) - raft.server.log.statemachine.data.sync.timeout.retry = -1 (default)
2019-08-21 11:16:06,179 INFO  server.RaftServerConfigKeys (ConfUtils.java:logGet(43)) - raft.server.log.statemachine.data.caching.enabled = true (custom)
2019-08-21 11:16:06,179 INFO  segmented.SegmentedRaftLogWorker (SegmentedRaftLogWorker.java:lambda$new$0(132)) - 74ffb741-3a54-4304-9d53-d2ff2e69c015-SegmentedRaftLogWorker:Storage Directory /workdir/hadoop-ozone/integration-test/target/test-dir/MiniOzoneClusterImpl-13c630bf-2dbe-422a-8f2d-aca2e1652e13/datanode-2/data/ratis/d13991d0-0b14-48ec-a4d0-b671f4573683: flushIndex: setUnconditionally 0 -> -1
2019-08-21 11:16:06,180 INFO  server.RaftServerConfigKeys (ConfUtils.java:logGet(43)) - raft.server.snapshot.auto.trigger.enabled = true (custom)
2019-08-21 11:16:06,180 INFO  server.RaftServerConfigKeys (ConfUtils.java:logGet(43)) - raft.server.snapshot.auto.trigger.threshold = 10000 (custom)
2019-08-21 11:16:06,180 INFO  server.RaftServerConfigKeys (ConfUtils.java:logGet(43)) - raft.server.retrycache.expirytime = 600000ms (custom)
2019-08-21 11:16:06,180 INFO  impl.RaftServerImpl (RaftServerImpl.java:start(180)) - 74ffb741-3a54-4304-9d53-d2ff2e69c015: start group-B671F4573683
2019-08-21 11:16:06,180 INFO  impl.RaftServerImpl (RaftServerImpl.java:setRole(171)) - 74ffb741-3a54-4304-9d53-d2ff2e69c015:group-B671F4573683 changes role from null to FOLLOWER at term 0 for startAsFollower
2019-08-21 11:16:06,181 INFO  impl.RoleInfo (RoleInfo.java:updateAndGet(143)) - 74ffb741-3a54-4304-9d53-d2ff2e69c015: start FollowerState
2019-08-21 11:16:06,181 INFO  util.JmxRegister (JmxRegister.java:tryRegister(44)) - Successfully registered JMX Bean with object name Ratis:service=RaftServer,group=group-B671F4573683,id=74ffb741-3a54-4304-9d53-d2ff2e69c015
2019-08-21 11:16:06,190 INFO  pipeline.PipelineStateManager (PipelineStateManager.java:addPipeline(56)) - Created pipeline Pipeline[ Id: d13991d0-0b14-48ec-a4d0-b671f4573683, Nodes: 74ffb741-3a54-4304-9d53-d2ff2e69c015{ip: 192.168.34.41, host: pr-hdds-1937-dnpk4-2229529846, networkLocation: /default-rack, certSerialId: null}, Type:RATIS, Factor:ONE, State:OPEN]
2019-08-21 11:16:06,233 INFO  impl.RaftServerProxy (RaftServerProxy.java:addNew(89)) - f52cda08-f9b0-48f5-86b0-26c4af303a45: addNew group-B3095114365A:[f52cda08-f9b0-48f5-86b0-26c4af303a45:192.168.34.41:44477, 5626998f-56c9-4981-9b08-c1e2bae34b5b:192.168.34.41:38561, 04134da6-7829-40a2-974e-f280fb1ddc2a:192.168.34.41:33573] returns group-B3095114365A:java.util.concurrent.CompletableFuture@6490771[Not completed]
2019-08-21 11:16:06,233 INFO  impl.RaftServerProxy (RaftServerProxy.java:addNew(89)) - 04134da6-7829-40a2-974e-f280fb1ddc2a: addNew group-B3095114365A:[f52cda08-f9b0-48f5-86b0-26c4af303a45:192.168.34.41:44477, 5626998f-56c9-4981-9b08-c1e2bae34b5b:192.168.34.41:38561, 04134da6-7829-40a2-974e-f280fb1ddc2a:192.168.34.41:33573] returns group-B3095114365A:java.util.concurrent.CompletableFuture@11b5973c[Not completed]
2019-08-21 11:16:06,233 INFO  impl.RaftServerProxy (RaftServerProxy.java:addNew(89)) - 5626998f-56c9-4981-9b08-c1e2bae34b5b: addNew group-B3095114365A:[f52cda08-f9b0-48f5-86b0-26c4af303a45:192.168.34.41:44477, 5626998f-56c9-4981-9b08-c1e2bae34b5b:192.168.34.41:38561, 04134da6-7829-40a2-974e-f280fb1ddc2a:192.168.34.41:33573] returns group-B3095114365A:java.util.concurrent.CompletableFuture@3c52faa3[Not completed]
2019-08-21 11:16:06,235 INFO  impl.RaftServerImpl (RaftServerImpl.java:<init>(93)) - 5626998f-56c9-4981-9b08-c1e2bae34b5b: new RaftServerImpl for group-B3095114365A:[f52cda08-f9b0-48f5-86b0-26c4af303a45:192.168.34.41:44477, 5626998f-56c9-4981-9b08-c1e2bae34b5b:192.168.34.41:38561, 04134da6-7829-40a2-974e-f280fb1ddc2a:192.168.34.41:33573] with ContainerStateMachine:uninitialized
2019-08-21 11:16:06,235 INFO  server.RaftServerConfigKeys (ConfUtils.java:logGet(43)) - raft.server.rpc.timeout.min = 5s (custom)
2019-08-21 11:16:06,235 INFO  server.RaftServerConfigKeys (ConfUtils.java:logGet(43)) - raft.server.rpc.timeout.max = 5200ms (custom)
2019-08-21 11:16:06,235 INFO  server.RaftServerConfigKeys (ConfUtils.java:logGet(43)) - raft.server.rpcslowness.timeout = 120s (custom)
2019-08-21 11:16:06,235 INFO  server.RaftServerConfigKeys (ConfUtils.java:logGet(43)) - raft.server.sleep.deviation.threshold = 300 (default)
2019-08-21 11:16:06,235 INFO  server.RaftServerConfigKeys (ConfUtils.java:logGet(43)) - raft.server.log.appender.install.snapshot.enabled = false (custom)
2019-08-21 11:16:06,236 INFO  impl.RaftServerImpl (ServerState.java:<init>(105)) - 5626998f-56c9-4981-9b08-c1e2bae34b5b:group-B3095114365A ConfigurationManager, init=-1: [f52cda08-f9b0-48f5-86b0-26c4af303a45:192.168.34.41:44477, 5626998f-56c9-4981-9b08-c1e2bae34b5b:192.168.34.41:38561, 04134da6-7829-40a2-974e-f280fb1ddc2a:192.168.34.41:33573], old=null, confs=<EMPTY_MAP>
2019-08-21 11:16:06,236 INFO  server.RaftServerConfigKeys (ConfUtils.java:logGet(43)) - raft.server.storage.dir = [/workdir/hadoop-ozone/integration-test/target/test-dir/MiniOzoneClusterImpl-13c630bf-2dbe-422a-8f2d-aca2e1652e13/datanode-4/data/ratis] (custom)
2019-08-21 11:16:06,236 INFO  storage.RaftStorageDirectory (RaftStorageDirectory.java:analyzeStorage(246)) - The storage directory /workdir/hadoop-ozone/integration-test/target/test-dir/MiniOzoneClusterImpl-13c630bf-2dbe-422a-8f2d-aca2e1652e13/datanode-4/data/ratis/071db9c2-f021-4ca7-8fe9-b3095114365a does not exist. Creating ...
2019-08-21 11:16:06,236 INFO  impl.RaftServerImpl (RaftServerImpl.java:<init>(93)) - f52cda08-f9b0-48f5-86b0-26c4af303a45: new RaftServerImpl for group-B3095114365A:[f52cda08-f9b0-48f5-86b0-26c4af303a45:192.168.34.41:44477, 5626998f-56c9-4981-9b08-c1e2bae34b5b:192.168.34.41:38561, 04134da6-7829-40a2-974e-f280fb1ddc2a:192.168.34.41:33573] with ContainerStateMachine:uninitialized
2019-08-21 11:16:06,236 INFO  server.RaftServerConfigKeys (ConfUtils.java:logGet(43)) - raft.server.rpc.timeout.min = 5s (custom)
2019-08-21 11:16:06,237 INFO  server.RaftServerConfigKeys (ConfUtils.java:logGet(43)) - raft.server.rpc.timeout.max = 5200ms (custom)
2019-08-21 11:16:06,237 INFO  server.RaftServerConfigKeys (ConfUtils.java:logGet(43)) - raft.server.rpcslowness.timeout = 120s (custom)
2019-08-21 11:16:06,237 INFO  impl.RaftServerImpl (RaftServerImpl.java:<init>(93)) - 04134da6-7829-40a2-974e-f280fb1ddc2a: new RaftServerImpl for group-B3095114365A:[f52cda08-f9b0-48f5-86b0-26c4af303a45:192.168.34.41:44477, 5626998f-56c9-4981-9b08-c1e2bae34b5b:192.168.34.41:38561, 04134da6-7829-40a2-974e-f280fb1ddc2a:192.168.34.41:33573] with ContainerStateMachine:uninitialized
2019-08-21 11:16:06,237 INFO  server.RaftServerConfigKeys (ConfUtils.java:logGet(43)) - raft.server.sleep.deviation.threshold = 300 (default)
2019-08-21 11:16:06,237 INFO  server.RaftServerConfigKeys (ConfUtils.java:logGet(43)) - raft.server.rpc.timeout.min = 5s (custom)
2019-08-21 11:16:06,237 INFO  server.RaftServerConfigKeys (ConfUtils.java:logGet(43)) - raft.server.log.appender.install.snapshot.enabled = false (custom)
2019-08-21 11:16:06,237 INFO  server.RaftServerConfigKeys (ConfUtils.java:logGet(43)) - raft.server.rpc.timeout.max = 5200ms (custom)
2019-08-21 11:16:06,238 INFO  impl.RaftServerImpl (ServerState.java:<init>(105)) - f52cda08-f9b0-48f5-86b0-26c4af303a45:group-B3095114365A ConfigurationManager, init=-1: [f52cda08-f9b0-48f5-86b0-26c4af303a45:192.168.34.41:44477, 5626998f-56c9-4981-9b08-c1e2bae34b5b:192.168.34.41:38561, 04134da6-7829-40a2-974e-f280fb1ddc2a:192.168.34.41:33573], old=null, confs=<EMPTY_MAP>
2019-08-21 11:16:06,238 INFO  server.RaftServerConfigKeys (ConfUtils.java:logGet(43)) - raft.server.rpcslowness.timeout = 120s (custom)
2019-08-21 11:16:06,238 INFO  server.RaftServerConfigKeys (ConfUtils.java:logGet(43)) - raft.server.sleep.deviation.threshold = 300 (default)
2019-08-21 11:16:06,238 INFO  server.RaftServerConfigKeys (ConfUtils.java:logGet(43)) - raft.server.storage.dir = [/workdir/hadoop-ozone/integration-test/target/test-dir/MiniOzoneClusterImpl-13c630bf-2dbe-422a-8f2d-aca2e1652e13/datanode-0/data/ratis] (custom)
2019-08-21 11:16:06,238 INFO  server.RaftServerConfigKeys (ConfUtils.java:logGet(43)) - raft.server.log.appender.install.snapshot.enabled = false (custom)
2019-08-21 11:16:06,238 INFO  impl.RaftServerImpl (ServerState.java:<init>(105)) - 04134da6-7829-40a2-974e-f280fb1ddc2a:group-B3095114365A ConfigurationManager, init=-1: [f52cda08-f9b0-48f5-86b0-26c4af303a45:192.168.34.41:44477, 5626998f-56c9-4981-9b08-c1e2bae34b5b:192.168.34.41:38561, 04134da6-7829-40a2-974e-f280fb1ddc2a:192.168.34.41:33573], old=null, confs=<EMPTY_MAP>
2019-08-21 11:16:06,238 INFO  server.RaftServerConfigKeys (ConfUtils.java:logGet(43)) - raft.server.storage.dir = [/workdir/hadoop-ozone/integration-test/target/test-dir/MiniOzoneClusterImpl-13c630bf-2dbe-422a-8f2d-aca2e1652e13/datanode-3/data/ratis] (custom)
2019-08-21 11:16:06,238 INFO  storage.RaftStorageDirectory (RaftStorageDirectory.java:analyzeStorage(246)) - The storage directory /workdir/hadoop-ozone/integration-test/target/test-dir/MiniOzoneClusterImpl-13c630bf-2dbe-422a-8f2d-aca2e1652e13/datanode-0/data/ratis/071db9c2-f021-4ca7-8fe9-b3095114365a does not exist. Creating ...
2019-08-21 11:16:06,239 INFO  storage.RaftStorageDirectory (RaftStorageDirectory.java:analyzeStorage(246)) - The storage directory /workdir/hadoop-ozone/integration-test/target/test-dir/MiniOzoneClusterImpl-13c630bf-2dbe-422a-8f2d-aca2e1652e13/datanode-3/data/ratis/071db9c2-f021-4ca7-8fe9-b3095114365a does not exist. Creating ...
2019-08-21 11:16:06,249 INFO  storage.RaftStorageDirectory (RaftStorageDirectory.java:tryLock(328)) - Lock on /workdir/hadoop-ozone/integration-test/target/test-dir/MiniOzoneClusterImpl-13c630bf-2dbe-422a-8f2d-aca2e1652e13/datanode-4/data/ratis/071db9c2-f021-4ca7-8fe9-b3095114365a/in_use.lock acquired by nodename 32705@pr-hdds-1937-dnpk4-2229529846
2019-08-21 11:16:06,249 INFO  storage.RaftStorageDirectory (RaftStorageDirectory.java:tryLock(328)) - Lock on /workdir/hadoop-ozone/integration-test/target/test-dir/MiniOzoneClusterImpl-13c630bf-2dbe-422a-8f2d-aca2e1652e13/datanode-3/data/ratis/071db9c2-f021-4ca7-8fe9-b3095114365a/in_use.lock acquired by nodename 32705@pr-hdds-1937-dnpk4-2229529846
2019-08-21 11:16:06,249 INFO  storage.RaftStorageDirectory (RaftStorageDirectory.java:tryLock(328)) - Lock on /workdir/hadoop-ozone/integration-test/target/test-dir/MiniOzoneClusterImpl-13c630bf-2dbe-422a-8f2d-aca2e1652e13/datanode-0/data/ratis/071db9c2-f021-4ca7-8fe9-b3095114365a/in_use.lock acquired by nodename 32705@pr-hdds-1937-dnpk4-2229529846
2019-08-21 11:16:06,263 INFO  storage.RaftStorage (RaftStorage.java:format(72)) - Storage directory /workdir/hadoop-ozone/integration-test/target/test-dir/MiniOzoneClusterImpl-13c630bf-2dbe-422a-8f2d-aca2e1652e13/datanode-4/data/ratis/071db9c2-f021-4ca7-8fe9-b3095114365a has been successfully formatted.
2019-08-21 11:16:06,263 INFO  storage.RaftStorage (RaftStorage.java:format(72)) - Storage directory /workdir/hadoop-ozone/integration-test/target/test-dir/MiniOzoneClusterImpl-13c630bf-2dbe-422a-8f2d-aca2e1652e13/datanode-0/data/ratis/071db9c2-f021-4ca7-8fe9-b3095114365a has been successfully formatted.
2019-08-21 11:16:06,263 INFO  storage.RaftStorage (RaftStorage.java:format(72)) - Storage directory /workdir/hadoop-ozone/integration-test/target/test-dir/MiniOzoneClusterImpl-13c630bf-2dbe-422a-8f2d-aca2e1652e13/datanode-3/data/ratis/071db9c2-f021-4ca7-8fe9-b3095114365a has been successfully formatted.
2019-08-21 11:16:06,263 INFO  ratis.ContainerStateMachine (ContainerStateMachine.java:loadSnapshot(222)) - group-B3095114365A: The snapshot info is null. Setting the last applied indexto:(t:0, i:~)
2019-08-21 11:16:06,264 INFO  ratis.ContainerStateMachine (ContainerStateMachine.java:loadSnapshot(222)) - group-B3095114365A: The snapshot info is null. Setting the last applied indexto:(t:0, i:~)
2019-08-21 11:16:06,264 INFO  ratis.ContainerStateMachine (ContainerStateMachine.java:loadSnapshot(222)) - group-B3095114365A: The snapshot info is null. Setting the last applied indexto:(t:0, i:~)
2019-08-21 11:16:06,264 INFO  server.RaftServerConfigKeys (ConfUtils.java:logGet(43)) - raft.server.leader.election.timeout = 120s (custom)
2019-08-21 11:16:06,264 INFO  server.RaftServerConfigKeys (ConfUtils.java:logGet(43)) - raft.server.leader.election.timeout = 120s (custom)
2019-08-21 11:16:06,264 INFO  server.RaftServerConfigKeys (ConfUtils.java:logGet(43)) - raft.server.leader.election.timeout = 120s (custom)
2019-08-21 11:16:06,264 INFO  server.RaftServerConfigKeys (ConfUtils.java:logGet(43)) - raft.server.log.use.memory = false (default)
2019-08-21 11:16:06,264 INFO  server.RaftServerConfigKeys (ConfUtils.java:logGet(43)) - raft.server.log.use.memory = false (default)
2019-08-21 11:16:06,265 INFO  server.RaftServerConfigKeys (ConfUtils.java:logGet(43)) - raft.server.log.purge.gap = 1000000000 (custom)
2019-08-21 11:16:06,265 INFO  server.RaftServerConfigKeys (ConfUtils.java:logGet(43)) - raft.server.log.use.memory = false (default)
2019-08-21 11:16:06,265 INFO  server.RaftServerConfigKeys (ConfUtils.java:logGet(43)) - raft.server.log.appender.buffer.byte-limit = 33554432 (custom)
2019-08-21 11:16:06,265 INFO  server.RaftServerConfigKeys (ConfUtils.java:logGet(43)) - raft.server.log.purge.gap = 1000000000 (custom)
2019-08-21 11:16:06,266 INFO  server.RaftServerConfigKeys (ConfUtils.java:logGet(43)) - raft.server.log.segment.size.max = 1048576 (custom)
2019-08-21 11:16:06,265 INFO  server.RaftServerConfigKeys (ConfUtils.java:logGet(43)) - raft.server.log.purge.gap = 1000000000 (custom)
2019-08-21 11:16:06,266 INFO  server.RaftServerConfigKeys (ConfUtils.java:logGet(43)) - raft.server.log.segment.cache.num.max = 2 (custom)
2019-08-21 11:16:06,266 INFO  server.RaftServerConfigKeys (ConfUtils.java:logGet(43)) - raft.server.log.appender.buffer.byte-limit = 33554432 (custom)
2019-08-21 11:16:06,266 INFO  segmented.SegmentedRaftLogWorker (SegmentedRaftLogWorker.java:<init>(172)) - new 04134da6-7829-40a2-974e-f280fb1ddc2a-SegmentedRaftLogWorker:Storage Directory /workdir/hadoop-ozone/integration-test/target/test-dir/MiniOzoneClusterImpl-13c630bf-2dbe-422a-8f2d-aca2e1652e13/datanode-3/data/ratis/071db9c2-f021-4ca7-8fe9-b3095114365a for RaftStorage:Storage Directory /workdir/hadoop-ozone/integration-test/target/test-dir/MiniOzoneClusterImpl-13c630bf-2dbe-422a-8f2d-aca2e1652e13/datanode-3/data/ratis/071db9c2-f021-4ca7-8fe9-b3095114365a
2019-08-21 11:16:06,266 INFO  server.RaftServerConfigKeys (ConfUtils.java:logGet(43)) - raft.server.log.appender.buffer.byte-limit = 33554432 (custom)
2019-08-21 11:16:06,267 INFO  server.RaftServerConfigKeys (ConfUtils.java:logGet(43)) - raft.server.log.queue.byte-limit = 2147483647 (custom)
2019-08-21 11:16:06,266 INFO  server.RaftServerConfigKeys (ConfUtils.java:logGet(43)) - raft.server.log.segment.size.max = 1048576 (custom)
2019-08-21 11:16:06,268 INFO  server.RaftServerConfigKeys (ConfUtils.java:logGet(43)) - raft.server.log.queue.element-limit = 1024 (custom)
2019-08-21 11:16:06,268 INFO  server.RaftServerConfigKeys (ConfUtils.java:logGet(43)) - raft.server.log.segment.size.max = 1048576 (custom)
2019-08-21 11:16:06,269 INFO  server.RaftServerConfigKeys (ConfUtils.java:logGet(43)) - raft.server.log.segment.size.max = 1048576 (custom)
2019-08-21 11:16:06,269 INFO  server.RaftServerConfigKeys (ConfUtils.java:logGet(43)) - raft.server.log.segment.cache.num.max = 2 (custom)
2019-08-21 11:16:06,269 INFO  segmented.SegmentedRaftLogWorker (SegmentedRaftLogWorker.java:<init>(172)) - new 5626998f-56c9-4981-9b08-c1e2bae34b5b-SegmentedRaftLogWorker:Storage Directory /workdir/hadoop-ozone/integration-test/target/test-dir/MiniOzoneClusterImpl-13c630bf-2dbe-422a-8f2d-aca2e1652e13/datanode-4/data/ratis/071db9c2-f021-4ca7-8fe9-b3095114365a for RaftStorage:Storage Directory /workdir/hadoop-ozone/integration-test/target/test-dir/MiniOzoneClusterImpl-13c630bf-2dbe-422a-8f2d-aca2e1652e13/datanode-4/data/ratis/071db9c2-f021-4ca7-8fe9-b3095114365a
2019-08-21 11:16:06,269 INFO  server.RaftServerConfigKeys (ConfUtils.java:logGet(43)) - raft.server.log.preallocated.size = 16384 (custom)
2019-08-21 11:16:06,269 INFO  server.RaftServerConfigKeys (ConfUtils.java:logGet(43)) - raft.server.log.segment.cache.num.max = 2 (custom)
2019-08-21 11:16:06,270 INFO  server.RaftServerConfigKeys (ConfUtils.java:logGet(43)) - raft.server.log.write.buffer.size = 33554432 (custom)
2019-08-21 11:16:06,269 INFO  server.RaftServerConfigKeys (ConfUtils.java:logGet(43)) - raft.server.log.queue.byte-limit = 2147483647 (custom)
2019-08-21 11:16:06,271 INFO  server.RaftServerConfigKeys (ConfUtils.java:logGet(43)) - raft.server.log.force.sync.num = 128 (default)
2019-08-21 11:16:06,271 INFO  segmented.SegmentedRaftLogWorker (SegmentedRaftLogWorker.java:<init>(172)) - new f52cda08-f9b0-48f5-86b0-26c4af303a45-SegmentedRaftLogWorker:Storage Directory /workdir/hadoop-ozone/integration-test/target/test-dir/MiniOzoneClusterImpl-13c630bf-2dbe-422a-8f2d-aca2e1652e13/datanode-0/data/ratis/071db9c2-f021-4ca7-8fe9-b3095114365a for RaftStorage:Storage Directory /workdir/hadoop-ozone/integration-test/target/test-dir/MiniOzoneClusterImpl-13c630bf-2dbe-422a-8f2d-aca2e1652e13/datanode-0/data/ratis/071db9c2-f021-4ca7-8fe9-b3095114365a
2019-08-21 11:16:06,271 INFO  server.RaftServerConfigKeys (ConfUtils.java:logGet(43)) - raft.server.log.statemachine.data.sync = true (default)
2019-08-21 11:16:06,271 INFO  server.RaftServerConfigKeys (ConfUtils.java:logGet(43)) - raft.server.log.queue.element-limit = 1024 (custom)
2019-08-21 11:16:06,273 INFO  server.RaftServerConfigKeys (ConfUtils.java:logGet(43)) - raft.server.log.statemachine.data.sync.timeout = 10s (default)
2019-08-21 11:16:06,272 INFO  server.RaftServerConfigKeys (ConfUtils.java:logGet(43)) - raft.server.log.queue.byte-limit = 2147483647 (custom)
2019-08-21 11:16:06,273 INFO  server.RaftServerConfigKeys (ConfUtils.java:logGet(43)) - raft.server.log.statemachine.data.sync.timeout.retry = -1 (default)
2019-08-21 11:16:06,273 INFO  server.RaftServerConfigKeys (ConfUtils.java:logGet(43)) - raft.server.log.segment.size.max = 1048576 (custom)
2019-08-21 11:16:06,274 INFO  server.RaftServerConfigKeys (ConfUtils.java:logGet(43)) - raft.server.log.queue.element-limit = 1024 (custom)
2019-08-21 11:16:06,274 INFO  server.RaftServerConfigKeys (ConfUtils.java:logGet(43)) - raft.server.log.statemachine.data.caching.enabled = true (custom)
2019-08-21 11:16:06,274 INFO  server.RaftServerConfigKeys (ConfUtils.java:logGet(43)) - raft.server.log.preallocated.size = 16384 (custom)
2019-08-21 11:16:06,274 INFO  server.RaftServerConfigKeys (ConfUtils.java:logGet(43)) - raft.server.log.write.buffer.size = 33554432 (custom)
2019-08-21 11:16:06,274 INFO  segmented.SegmentedRaftLogWorker (SegmentedRaftLogWorker.java:lambda$new$0(132)) - 04134da6-7829-40a2-974e-f280fb1ddc2a-SegmentedRaftLogWorker:Storage Directory /workdir/hadoop-ozone/integration-test/target/test-dir/MiniOzoneClusterImpl-13c630bf-2dbe-422a-8f2d-aca2e1652e13/datanode-3/data/ratis/071db9c2-f021-4ca7-8fe9-b3095114365a: flushIndex: setUnconditionally 0 -> -1
2019-08-21 11:16:06,274 INFO  server.RaftServerConfigKeys (ConfUtils.java:logGet(43)) - raft.server.log.segment.size.max = 1048576 (custom)
2019-08-21 11:16:06,275 INFO  server.RaftServerConfigKeys (ConfUtils.java:logGet(43)) - raft.server.snapshot.auto.trigger.enabled = true (custom)
2019-08-21 11:16:06,274 INFO  server.RaftServerConfigKeys (ConfUtils.java:logGet(43)) - raft.server.log.force.sync.num = 128 (default)
2019-08-21 11:16:06,275 INFO  server.RaftServerConfigKeys (ConfUtils.java:logGet(43)) - raft.server.snapshot.auto.trigger.threshold = 10000 (custom)
2019-08-21 11:16:06,275 INFO  server.RaftServerConfigKeys (ConfUtils.java:logGet(43)) - raft.server.log.preallocated.size = 16384 (custom)
2019-08-21 11:16:06,275 INFO  server.RaftServerConfigKeys (ConfUtils.java:logGet(43)) - raft.server.retrycache.expirytime = 600000ms (custom)
2019-08-21 11:16:06,275 INFO  server.RaftServerConfigKeys (ConfUtils.java:logGet(43)) - raft.server.log.statemachine.data.sync = true (default)
2019-08-21 11:16:06,276 INFO  impl.RaftServerImpl (RaftServerImpl.java:start(180)) - 04134da6-7829-40a2-974e-f280fb1ddc2a: start group-B3095114365A
2019-08-21 11:16:06,275 INFO  server.RaftServerConfigKeys (ConfUtils.java:logGet(43)) - raft.server.log.write.buffer.size = 33554432 (custom)
2019-08-21 11:16:06,276 INFO  impl.RaftServerImpl (RaftServerImpl.java:setRole(171)) - 04134da6-7829-40a2-974e-f280fb1ddc2a:group-B3095114365A changes role from null to FOLLOWER at term 0 for startAsFollower
2019-08-21 11:16:06,276 INFO  server.RaftServerConfigKeys (ConfUtils.java:logGet(43)) - raft.server.log.statemachine.data.sync.timeout = 10s (default)
2019-08-21 11:16:06,276 INFO  impl.RoleInfo (RoleInfo.java:updateAndGet(143)) - 04134da6-7829-40a2-974e-f280fb1ddc2a: start FollowerState
2019-08-21 11:16:06,276 INFO  server.RaftServerConfigKeys (ConfUtils.java:logGet(43)) - raft.server.log.force.sync.num = 128 (default)
2019-08-21 11:16:06,276 INFO  server.RaftServerConfigKeys (ConfUtils.java:logGet(43)) - raft.server.log.statemachine.data.sync.timeout.retry = -1 (default)
2019-08-21 11:16:06,277 INFO  util.JmxRegister (JmxRegister.java:tryRegister(44)) - Successfully registered JMX Bean with object name Ratis:service=RaftServer,group=group-B3095114365A,id=04134da6-7829-40a2-974e-f280fb1ddc2a
2019-08-21 11:16:06,277 INFO  server.RaftServerConfigKeys (ConfUtils.java:logGet(43)) - raft.server.log.statemachine.data.sync = true (default)
2019-08-21 11:16:06,277 INFO  server.RaftServerConfigKeys (ConfUtils.java:logGet(43)) - raft.server.log.statemachine.data.caching.enabled = true (custom)
2019-08-21 11:16:06,277 INFO  server.RaftServerConfigKeys (ConfUtils.java:logGet(43)) - raft.server.log.statemachine.data.sync.timeout = 10s (default)
2019-08-21 11:16:06,278 INFO  server.RaftServerConfigKeys (ConfUtils.java:logGet(43)) - raft.server.log.statemachine.data.sync.timeout.retry = -1 (default)
2019-08-21 11:16:06,278 INFO  segmented.SegmentedRaftLogWorker (SegmentedRaftLogWorker.java:lambda$new$0(132)) - 5626998f-56c9-4981-9b08-c1e2bae34b5b-SegmentedRaftLogWorker:Storage Directory /workdir/hadoop-ozone/integration-test/target/test-dir/MiniOzoneClusterImpl-13c630bf-2dbe-422a-8f2d-aca2e1652e13/datanode-4/data/ratis/071db9c2-f021-4ca7-8fe9-b3095114365a: flushIndex: setUnconditionally 0 -> -1
2019-08-21 11:16:06,278 INFO  server.RaftServerConfigKeys (ConfUtils.java:logGet(43)) - raft.server.log.statemachine.data.caching.enabled = true (custom)
2019-08-21 11:16:06,278 INFO  server.RaftServerConfigKeys (ConfUtils.java:logGet(43)) - raft.server.snapshot.auto.trigger.enabled = true (custom)
2019-08-21 11:16:06,278 INFO  server.RaftServerConfigKeys (ConfUtils.java:logGet(43)) - raft.server.snapshot.auto.trigger.threshold = 10000 (custom)
2019-08-21 11:16:06,280 INFO  segmented.SegmentedRaftLogWorker (SegmentedRaftLogWorker.java:lambda$new$0(132)) - f52cda08-f9b0-48f5-86b0-26c4af303a45-SegmentedRaftLogWorker:Storage Directory /workdir/hadoop-ozone/integration-test/target/test-dir/MiniOzoneClusterImpl-13c630bf-2dbe-422a-8f2d-aca2e1652e13/datanode-0/data/ratis/071db9c2-f021-4ca7-8fe9-b3095114365a: flushIndex: setUnconditionally 0 -> -1
2019-08-21 11:16:06,280 INFO  server.RaftServerConfigKeys (ConfUtils.java:logGet(43)) - raft.server.retrycache.expirytime = 600000ms (custom)
2019-08-21 11:16:06,282 INFO  impl.RaftServerImpl (RaftServerImpl.java:start(180)) - 5626998f-56c9-4981-9b08-c1e2bae34b5b: start group-B3095114365A
2019-08-21 11:16:06,282 INFO  server.RaftServerConfigKeys (ConfUtils.java:logGet(43)) - raft.server.snapshot.auto.trigger.enabled = true (custom)
2019-08-21 11:16:06,282 INFO  impl.RaftServerImpl (RaftServerImpl.java:setRole(171)) - 5626998f-56c9-4981-9b08-c1e2bae34b5b:group-B3095114365A changes role from null to FOLLOWER at term 0 for startAsFollower
2019-08-21 11:16:06,284 INFO  server.RaftServerConfigKeys (ConfUtils.java:logGet(43)) - raft.server.snapshot.auto.trigger.threshold = 10000 (custom)
2019-08-21 11:16:06,284 INFO  impl.RoleInfo (RoleInfo.java:updateAndGet(143)) - 5626998f-56c9-4981-9b08-c1e2bae34b5b: start FollowerState
2019-08-21 11:16:06,284 INFO  server.RaftServerConfigKeys (ConfUtils.java:logGet(43)) - raft.server.retrycache.expirytime = 600000ms (custom)
2019-08-21 11:16:06,286 INFO  impl.RaftServerImpl (RaftServerImpl.java:start(180)) - f52cda08-f9b0-48f5-86b0-26c4af303a45: start group-B3095114365A
2019-08-21 11:16:06,286 INFO  util.JmxRegister (JmxRegister.java:tryRegister(44)) - Successfully registered JMX Bean with object name Ratis:service=RaftServer,group=group-B3095114365A,id=5626998f-56c9-4981-9b08-c1e2bae34b5b
2019-08-21 11:16:06,286 INFO  impl.RaftServerImpl (RaftServerImpl.java:setRole(171)) - f52cda08-f9b0-48f5-86b0-26c4af303a45:group-B3095114365A changes role from null to FOLLOWER at term 0 for startAsFollower
2019-08-21 11:16:06,293 INFO  impl.RoleInfo (RoleInfo.java:updateAndGet(143)) - f52cda08-f9b0-48f5-86b0-26c4af303a45: start FollowerState
2019-08-21 11:16:06,297 INFO  util.JmxRegister (JmxRegister.java:tryRegister(44)) - Successfully registered JMX Bean with object name Ratis:service=RaftServer,group=group-B3095114365A,id=f52cda08-f9b0-48f5-86b0-26c4af303a45
2019-08-21 11:16:06,312 INFO  pipeline.PipelineStateManager (PipelineStateManager.java:addPipeline(56)) - Created pipeline Pipeline[ Id: 071db9c2-f021-4ca7-8fe9-b3095114365a, Nodes: f52cda08-f9b0-48f5-86b0-26c4af303a45{ip: 192.168.34.41, host: pr-hdds-1937-dnpk4-2229529846, networkLocation: /default-rack, certSerialId: null}5626998f-56c9-4981-9b08-c1e2bae34b5b{ip: 192.168.34.41, host: pr-hdds-1937-dnpk4-2229529846, networkLocation: /default-rack, certSerialId: null}04134da6-7829-40a2-974e-f280fb1ddc2a{ip: 192.168.34.41, host: pr-hdds-1937-dnpk4-2229529846, networkLocation: /default-rack, certSerialId: null}, Type:RATIS, Factor:THREE, State:OPEN]
2019-08-21 11:16:06,339 INFO  impl.RaftServerProxy (RaftServerProxy.java:addNew(89)) - 74ffb741-3a54-4304-9d53-d2ff2e69c015: addNew group-9AF53007C1B7:[5cdb3527-3952-491c-8927-c4daf8618b24:192.168.34.41:33304, 74ffb741-3a54-4304-9d53-d2ff2e69c015:192.168.34.41:44786, 5474465a-fa64-48bc-87f1-794a01d5c0b4:192.168.34.41:37654] returns group-9AF53007C1B7:java.util.concurrent.CompletableFuture@441d34d0[Not completed]
2019-08-21 11:16:06,340 INFO  impl.RaftServerProxy (RaftServerProxy.java:addNew(89)) - 5cdb3527-3952-491c-8927-c4daf8618b24: addNew group-9AF53007C1B7:[5cdb3527-3952-491c-8927-c4daf8618b24:192.168.34.41:33304, 74ffb741-3a54-4304-9d53-d2ff2e69c015:192.168.34.41:44786, 5474465a-fa64-48bc-87f1-794a01d5c0b4:192.168.34.41:37654] returns group-9AF53007C1B7:java.util.concurrent.CompletableFuture@483f92d7[Not completed]
2019-08-21 11:16:06,342 INFO  impl.RaftServerProxy (RaftServerProxy.java:addNew(89)) - 5474465a-fa64-48bc-87f1-794a01d5c0b4: addNew group-9AF53007C1B7:[5cdb3527-3952-491c-8927-c4daf8618b24:192.168.34.41:33304, 74ffb741-3a54-4304-9d53-d2ff2e69c015:192.168.34.41:44786, 5474465a-fa64-48bc-87f1-794a01d5c0b4:192.168.34.41:37654] returns group-9AF53007C1B7:java.util.concurrent.CompletableFuture@72c27e1f[Not completed]
2019-08-21 11:16:06,343 INFO  impl.RaftServerImpl (RaftServerImpl.java:<init>(93)) - 74ffb741-3a54-4304-9d53-d2ff2e69c015: new RaftServerImpl for group-9AF53007C1B7:[5cdb3527-3952-491c-8927-c4daf8618b24:192.168.34.41:33304, 74ffb741-3a54-4304-9d53-d2ff2e69c015:192.168.34.41:44786, 5474465a-fa64-48bc-87f1-794a01d5c0b4:192.168.34.41:37654] with ContainerStateMachine:uninitialized
2019-08-21 11:16:06,343 INFO  server.RaftServerConfigKeys (ConfUtils.java:logGet(43)) - raft.server.rpc.timeout.min = 5s (custom)
2019-08-21 11:16:06,344 INFO  server.RaftServerConfigKeys (ConfUtils.java:logGet(43)) - raft.server.rpc.timeout.max = 5200ms (custom)
2019-08-21 11:16:06,344 INFO  server.RaftServerConfigKeys (ConfUtils.java:logGet(43)) - raft.server.rpcslowness.timeout = 120s (custom)
2019-08-21 11:16:06,344 INFO  server.RaftServerConfigKeys (ConfUtils.java:logGet(43)) - raft.server.sleep.deviation.threshold = 300 (default)
2019-08-21 11:16:06,344 INFO  impl.RaftServerImpl (RaftServerImpl.java:<init>(93)) - 5cdb3527-3952-491c-8927-c4daf8618b24: new RaftServerImpl for group-9AF53007C1B7:[5cdb3527-3952-491c-8927-c4daf8618b24:192.168.34.41:33304, 74ffb741-3a54-4304-9d53-d2ff2e69c015:192.168.34.41:44786, 5474465a-fa64-48bc-87f1-794a01d5c0b4:192.168.34.41:37654] with ContainerStateMachine:uninitialized
2019-08-21 11:16:06,344 INFO  server.RaftServerConfigKeys (ConfUtils.java:logGet(43)) - raft.server.log.appender.install.snapshot.enabled = false (custom)
2019-08-21 11:16:06,344 INFO  server.RaftServerConfigKeys (ConfUtils.java:logGet(43)) - raft.server.rpc.timeout.min = 5s (custom)
2019-08-21 11:16:06,344 INFO  impl.RaftServerImpl (ServerState.java:<init>(105)) - 74ffb741-3a54-4304-9d53-d2ff2e69c015:group-9AF53007C1B7 ConfigurationManager, init=-1: [5cdb3527-3952-491c-8927-c4daf8618b24:192.168.34.41:33304, 74ffb741-3a54-4304-9d53-d2ff2e69c015:192.168.34.41:44786, 5474465a-fa64-48bc-87f1-794a01d5c0b4:192.168.34.41:37654], old=null, confs=<EMPTY_MAP>
2019-08-21 11:16:06,345 INFO  server.RaftServerConfigKeys (ConfUtils.java:logGet(43)) - raft.server.rpc.timeout.max = 5200ms (custom)
2019-08-21 11:16:06,345 INFO  server.RaftServerConfigKeys (ConfUtils.java:logGet(43)) - raft.server.rpcslowness.timeout = 120s (custom)
2019-08-21 11:16:06,345 INFO  server.RaftServerConfigKeys (ConfUtils.java:logGet(43)) - raft.server.storage.dir = [/workdir/hadoop-ozone/integration-test/target/test-dir/MiniOzoneClusterImpl-13c630bf-2dbe-422a-8f2d-aca2e1652e13/datanode-2/data/ratis] (custom)
2019-08-21 11:16:06,345 INFO  server.RaftServerConfigKeys (ConfUtils.java:logGet(43)) - raft.server.sleep.deviation.threshold = 300 (default)
2019-08-21 11:16:06,345 INFO  impl.RaftServerImpl (RaftServerImpl.java:<init>(93)) - 5474465a-fa64-48bc-87f1-794a01d5c0b4: new RaftServerImpl for group-9AF53007C1B7:[5cdb3527-3952-491c-8927-c4daf8618b24:192.168.34.41:33304, 74ffb741-3a54-4304-9d53-d2ff2e69c015:192.168.34.41:44786, 5474465a-fa64-48bc-87f1-794a01d5c0b4:192.168.34.41:37654] with ContainerStateMachine:uninitialized
2019-08-21 11:16:06,345 INFO  server.RaftServerConfigKeys (ConfUtils.java:logGet(43)) - raft.server.log.appender.install.snapshot.enabled = false (custom)
2019-08-21 11:16:06,345 INFO  server.RaftServerConfigKeys (ConfUtils.java:logGet(43)) - raft.server.rpc.timeout.min = 5s (custom)
2019-08-21 11:16:06,345 INFO  storage.RaftStorageDirectory (RaftStorageDirectory.java:analyzeStorage(246)) - The storage directory /workdir/hadoop-ozone/integration-test/target/test-dir/MiniOzoneClusterImpl-13c630bf-2dbe-422a-8f2d-aca2e1652e13/datanode-2/data/ratis/a01270f5-db78-4472-a8f8-9af53007c1b7 does not exist. Creating ...
2019-08-21 11:16:06,346 INFO  impl.RaftServerImpl (ServerState.java:<init>(105)) - 5cdb3527-3952-491c-8927-c4daf8618b24:group-9AF53007C1B7 ConfigurationManager, init=-1: [5cdb3527-3952-491c-8927-c4daf8618b24:192.168.34.41:33304, 74ffb741-3a54-4304-9d53-d2ff2e69c015:192.168.34.41:44786, 5474465a-fa64-48bc-87f1-794a01d5c0b4:192.168.34.41:37654], old=null, confs=<EMPTY_MAP>
2019-08-21 11:16:06,346 INFO  server.RaftServerConfigKeys (ConfUtils.java:logGet(43)) - raft.server.rpc.timeout.max = 5200ms (custom)
2019-08-21 11:16:06,346 INFO  server.RaftServerConfigKeys (ConfUtils.java:logGet(43)) - raft.server.storage.dir = [/workdir/hadoop-ozone/integration-test/target/test-dir/MiniOzoneClusterImpl-13c630bf-2dbe-422a-8f2d-aca2e1652e13/datanode-5/data/ratis] (custom)
2019-08-21 11:16:06,346 INFO  server.RaftServerConfigKeys (ConfUtils.java:logGet(43)) - raft.server.rpcslowness.timeout = 120s (custom)
2019-08-21 11:16:06,346 INFO  server.RaftServerConfigKeys (ConfUtils.java:logGet(43)) - raft.server.sleep.deviation.threshold = 300 (default)
2019-08-21 11:16:06,346 INFO  storage.RaftStorageDirectory (RaftStorageDirectory.java:analyzeStorage(246)) - The storage directory /workdir/hadoop-ozone/integration-test/target/test-dir/MiniOzoneClusterImpl-13c630bf-2dbe-422a-8f2d-aca2e1652e13/datanode-5/data/ratis/a01270f5-db78-4472-a8f8-9af53007c1b7 does not exist. Creating ...
2019-08-21 11:16:06,346 INFO  server.RaftServerConfigKeys (ConfUtils.java:logGet(43)) - raft.server.log.appender.install.snapshot.enabled = false (custom)
2019-08-21 11:16:06,347 INFO  impl.RaftServerImpl (ServerState.java:<init>(105)) - 5474465a-fa64-48bc-87f1-794a01d5c0b4:group-9AF53007C1B7 ConfigurationManager, init=-1: [5cdb3527-3952-491c-8927-c4daf8618b24:192.168.34.41:33304, 74ffb741-3a54-4304-9d53-d2ff2e69c015:192.168.34.41:44786, 5474465a-fa64-48bc-87f1-794a01d5c0b4:192.168.34.41:37654], old=null, confs=<EMPTY_MAP>
2019-08-21 11:16:06,347 INFO  server.RaftServerConfigKeys (ConfUtils.java:logGet(43)) - raft.server.storage.dir = [/workdir/hadoop-ozone/integration-test/target/test-dir/MiniOzoneClusterImpl-13c630bf-2dbe-422a-8f2d-aca2e1652e13/datanode-1/data/ratis] (custom)
2019-08-21 11:16:06,347 INFO  storage.RaftStorageDirectory (RaftStorageDirectory.java:analyzeStorage(246)) - The storage directory /workdir/hadoop-ozone/integration-test/target/test-dir/MiniOzoneClusterImpl-13c630bf-2dbe-422a-8f2d-aca2e1652e13/datanode-1/data/ratis/a01270f5-db78-4472-a8f8-9af53007c1b7 does not exist. Creating ...
2019-08-21 11:16:06,360 INFO  storage.RaftStorageDirectory (RaftStorageDirectory.java:tryLock(328)) - Lock on /workdir/hadoop-ozone/integration-test/target/test-dir/MiniOzoneClusterImpl-13c630bf-2dbe-422a-8f2d-aca2e1652e13/datanode-5/data/ratis/a01270f5-db78-4472-a8f8-9af53007c1b7/in_use.lock acquired by nodename 32705@pr-hdds-1937-dnpk4-2229529846
2019-08-21 11:16:06,360 INFO  storage.RaftStorageDirectory (RaftStorageDirectory.java:tryLock(328)) - Lock on /workdir/hadoop-ozone/integration-test/target/test-dir/MiniOzoneClusterImpl-13c630bf-2dbe-422a-8f2d-aca2e1652e13/datanode-2/data/ratis/a01270f5-db78-4472-a8f8-9af53007c1b7/in_use.lock acquired by nodename 32705@pr-hdds-1937-dnpk4-2229529846
2019-08-21 11:16:06,360 INFO  storage.RaftStorageDirectory (RaftStorageDirectory.java:tryLock(328)) - Lock on /workdir/hadoop-ozone/integration-test/target/test-dir/MiniOzoneClusterImpl-13c630bf-2dbe-422a-8f2d-aca2e1652e13/datanode-1/data/ratis/a01270f5-db78-4472-a8f8-9af53007c1b7/in_use.lock acquired by nodename 32705@pr-hdds-1937-dnpk4-2229529846
2019-08-21 11:16:06,374 INFO  storage.RaftStorage (RaftStorage.java:format(72)) - Storage directory /workdir/hadoop-ozone/integration-test/target/test-dir/MiniOzoneClusterImpl-13c630bf-2dbe-422a-8f2d-aca2e1652e13/datanode-5/data/ratis/a01270f5-db78-4472-a8f8-9af53007c1b7 has been successfully formatted.
2019-08-21 11:16:06,374 INFO  storage.RaftStorage (RaftStorage.java:format(72)) - Storage directory /workdir/hadoop-ozone/integration-test/target/test-dir/MiniOzoneClusterImpl-13c630bf-2dbe-422a-8f2d-aca2e1652e13/datanode-2/data/ratis/a01270f5-db78-4472-a8f8-9af53007c1b7 has been successfully formatted.
2019-08-21 11:16:06,374 INFO  ratis.ContainerStateMachine (ContainerStateMachine.java:loadSnapshot(222)) - group-9AF53007C1B7: The snapshot info is null. Setting the last applied indexto:(t:0, i:~)
2019-08-21 11:16:06,374 INFO  storage.RaftStorage (RaftStorage.java:format(72)) - Storage directory /workdir/hadoop-ozone/integration-test/target/test-dir/MiniOzoneClusterImpl-13c630bf-2dbe-422a-8f2d-aca2e1652e13/datanode-1/data/ratis/a01270f5-db78-4472-a8f8-9af53007c1b7 has been successfully formatted.
2019-08-21 11:16:06,375 INFO  ratis.ContainerStateMachine (ContainerStateMachine.java:loadSnapshot(222)) - group-9AF53007C1B7: The snapshot info is null. Setting the last applied indexto:(t:0, i:~)
2019-08-21 11:16:06,375 INFO  server.RaftServerConfigKeys (ConfUtils.java:logGet(43)) - raft.server.leader.election.timeout = 120s (custom)
2019-08-21 11:16:06,375 INFO  server.RaftServerConfigKeys (ConfUtils.java:logGet(43)) - raft.server.leader.election.timeout = 120s (custom)
2019-08-21 11:16:06,375 INFO  ratis.ContainerStateMachine (ContainerStateMachine.java:loadSnapshot(222)) - group-9AF53007C1B7: The snapshot info is null. Setting the last applied indexto:(t:0, i:~)
2019-08-21 11:16:06,375 INFO  server.RaftServerConfigKeys (ConfUtils.java:logGet(43)) - raft.server.log.use.memory = false (default)
2019-08-21 11:16:06,375 INFO  server.RaftServerConfigKeys (ConfUtils.java:logGet(43)) - raft.server.log.use.memory = false (default)
2019-08-21 11:16:06,375 INFO  server.RaftServerConfigKeys (ConfUtils.java:logGet(43)) - raft.server.log.purge.gap = 1000000000 (custom)
2019-08-21 11:16:06,375 INFO  server.RaftServerConfigKeys (ConfUtils.java:logGet(43)) - raft.server.leader.election.timeout = 120s (custom)
2019-08-21 11:16:06,376 INFO  server.RaftServerConfigKeys (ConfUtils.java:logGet(43)) - raft.server.log.appender.buffer.byte-limit = 33554432 (custom)
2019-08-21 11:16:06,376 INFO  server.RaftServerConfigKeys (ConfUtils.java:logGet(43)) - raft.server.log.purge.gap = 1000000000 (custom)
2019-08-21 11:16:06,376 INFO  server.RaftServerConfigKeys (ConfUtils.java:logGet(43)) - raft.server.log.segment.size.max = 1048576 (custom)
2019-08-21 11:16:06,376 INFO  server.RaftServerConfigKeys (ConfUtils.java:logGet(43)) - raft.server.log.use.memory = false (default)
2019-08-21 11:16:06,376 INFO  server.RaftServerConfigKeys (ConfUtils.java:logGet(43)) - raft.server.log.segment.cache.num.max = 2 (custom)
2019-08-21 11:16:06,376 INFO  server.RaftServerConfigKeys (ConfUtils.java:logGet(43)) - raft.server.log.appender.buffer.byte-limit = 33554432 (custom)
2019-08-21 11:16:06,377 INFO  segmented.SegmentedRaftLogWorker (SegmentedRaftLogWorker.java:<init>(172)) - new 74ffb741-3a54-4304-9d53-d2ff2e69c015-SegmentedRaftLogWorker:Storage Directory /workdir/hadoop-ozone/integration-test/target/test-dir/MiniOzoneClusterImpl-13c630bf-2dbe-422a-8f2d-aca2e1652e13/datanode-2/data/ratis/a01270f5-db78-4472-a8f8-9af53007c1b7 for RaftStorage:Storage Directory /workdir/hadoop-ozone/integration-test/target/test-dir/MiniOzoneClusterImpl-13c630bf-2dbe-422a-8f2d-aca2e1652e13/datanode-2/data/ratis/a01270f5-db78-4472-a8f8-9af53007c1b7
2019-08-21 11:16:06,377 INFO  server.RaftServerConfigKeys (ConfUtils.java:logGet(43)) - raft.server.log.purge.gap = 1000000000 (custom)
2019-08-21 11:16:06,377 INFO  server.RaftServerConfigKeys (ConfUtils.java:logGet(43)) - raft.server.log.queue.byte-limit = 2147483647 (custom)
2019-08-21 11:16:06,377 INFO  server.RaftServerConfigKeys (ConfUtils.java:logGet(43)) - raft.server.log.segment.size.max = 1048576 (custom)
2019-08-21 11:16:06,378 INFO  server.RaftServerConfigKeys (ConfUtils.java:logGet(43)) - raft.server.log.queue.element-limit = 1024 (custom)
2019-08-21 11:16:06,377 INFO  server.RaftServerConfigKeys (ConfUtils.java:logGet(43)) - raft.server.log.appender.buffer.byte-limit = 33554432 (custom)
2019-08-21 11:16:06,379 INFO  server.RaftServerConfigKeys (ConfUtils.java:logGet(43)) - raft.server.log.segment.size.max = 1048576 (custom)
2019-08-21 11:16:06,379 INFO  server.RaftServerConfigKeys (ConfUtils.java:logGet(43)) - raft.server.log.segment.cache.num.max = 2 (custom)
2019-08-21 11:16:06,379 INFO  server.RaftServerConfigKeys (ConfUtils.java:logGet(43)) - raft.server.log.preallocated.size = 16384 (custom)
2019-08-21 11:16:06,379 INFO  server.RaftServerConfigKeys (ConfUtils.java:logGet(43)) - raft.server.log.segment.size.max = 1048576 (custom)
2019-08-21 11:16:06,379 INFO  server.RaftServerConfigKeys (ConfUtils.java:logGet(43)) - raft.server.log.write.buffer.size = 33554432 (custom)
2019-08-21 11:16:06,379 INFO  segmented.SegmentedRaftLogWorker (SegmentedRaftLogWorker.java:<init>(172)) - new 5cdb3527-3952-491c-8927-c4daf8618b24-SegmentedRaftLogWorker:Storage Directory /workdir/hadoop-ozone/integration-test/target/test-dir/MiniOzoneClusterImpl-13c630bf-2dbe-422a-8f2d-aca2e1652e13/datanode-5/data/ratis/a01270f5-db78-4472-a8f8-9af53007c1b7 for RaftStorage:Storage Directory /workdir/hadoop-ozone/integration-test/target/test-dir/MiniOzoneClusterImpl-13c630bf-2dbe-422a-8f2d-aca2e1652e13/datanode-5/data/ratis/a01270f5-db78-4472-a8f8-9af53007c1b7
2019-08-21 11:16:06,380 INFO  server.RaftServerConfigKeys (ConfUtils.java:logGet(43)) - raft.server.log.force.sync.num = 128 (default)
2019-08-21 11:16:06,380 INFO  server.RaftServerConfigKeys (ConfUtils.java:logGet(43)) - raft.server.log.segment.cache.num.max = 2 (custom)
2019-08-21 11:16:06,380 INFO  server.RaftServerConfigKeys (ConfUtils.java:logGet(43)) - raft.server.log.statemachine.data.sync = true (default)
2019-08-21 11:16:06,380 INFO  server.RaftServerConfigKeys (ConfUtils.java:logGet(43)) - raft.server.log.queue.byte-limit = 2147483647 (custom)
2019-08-21 11:16:06,381 INFO  server.RaftServerConfigKeys (ConfUtils.java:logGet(43)) - raft.server.log.statemachine.data.sync.timeout = 10s (default)
2019-08-21 11:16:06,381 INFO  segmented.SegmentedRaftLogWorker (SegmentedRaftLogWorker.java:<init>(172)) - new 5474465a-fa64-48bc-87f1-794a01d5c0b4-SegmentedRaftLogWorker:Storage Directory /workdir/hadoop-ozone/integration-test/target/test-dir/MiniOzoneClusterImpl-13c630bf-2dbe-422a-8f2d-aca2e1652e13/datanode-1/data/ratis/a01270f5-db78-4472-a8f8-9af53007c1b7 for RaftStorage:Storage Directory /workdir/hadoop-ozone/integration-test/target/test-dir/MiniOzoneClusterImpl-13c630bf-2dbe-422a-8f2d-aca2e1652e13/datanode-1/data/ratis/a01270f5-db78-4472-a8f8-9af53007c1b7
2019-08-21 11:16:06,382 INFO  server.RaftServerConfigKeys (ConfUtils.java:logGet(43)) - raft.server.log.statemachine.data.sync.timeout.retry = -1 (default)
2019-08-21 11:16:06,381 INFO  server.RaftServerConfigKeys (ConfUtils.java:logGet(43)) - raft.server.log.queue.element-limit = 1024 (custom)
2019-08-21 11:16:06,383 INFO  server.RaftServerConfigKeys (ConfUtils.java:logGet(43)) - raft.server.log.statemachine.data.caching.enabled = true (custom)
2019-08-21 11:16:06,382 INFO  server.RaftServerConfigKeys (ConfUtils.java:logGet(43)) - raft.server.log.queue.byte-limit = 2147483647 (custom)
2019-08-21 11:16:06,383 INFO  server.RaftServerConfigKeys (ConfUtils.java:logGet(43)) - raft.server.log.segment.size.max = 1048576 (custom)
2019-08-21 11:16:06,383 INFO  segmented.SegmentedRaftLogWorker (SegmentedRaftLogWorker.java:lambda$new$0(132)) - 74ffb741-3a54-4304-9d53-d2ff2e69c015-SegmentedRaftLogWorker:Storage Directory /workdir/hadoop-ozone/integration-test/target/test-dir/MiniOzoneClusterImpl-13c630bf-2dbe-422a-8f2d-aca2e1652e13/datanode-2/data/ratis/a01270f5-db78-4472-a8f8-9af53007c1b7: flushIndex: setUnconditionally 0 -> -1
2019-08-21 11:16:06,383 INFO  server.RaftServerConfigKeys (ConfUtils.java:logGet(43)) - raft.server.log.queue.element-limit = 1024 (custom)
2019-08-21 11:16:06,383 INFO  server.RaftServerConfigKeys (ConfUtils.java:logGet(43)) - raft.server.log.preallocated.size = 16384 (custom)
2019-08-21 11:16:06,384 INFO  server.RaftServerConfigKeys (ConfUtils.java:logGet(43)) - raft.server.log.segment.size.max = 1048576 (custom)
2019-08-21 11:16:06,384 INFO  server.RaftServerConfigKeys (ConfUtils.java:logGet(43)) - raft.server.log.write.buffer.size = 33554432 (custom)
2019-08-21 11:16:06,384 INFO  server.RaftServerConfigKeys (ConfUtils.java:logGet(43)) - raft.server.snapshot.auto.trigger.enabled = true (custom)
2019-08-21 11:16:06,384 INFO  server.RaftServerConfigKeys (ConfUtils.java:logGet(43)) - raft.server.log.force.sync.num = 128 (default)
2019-08-21 11:16:06,384 INFO  server.RaftServerConfigKeys (ConfUtils.java:logGet(43)) - raft.server.log.preallocated.size = 16384 (custom)
2019-08-21 11:16:06,385 INFO  server.RaftServerConfigKeys (ConfUtils.java:logGet(43)) - raft.server.log.statemachine.data.sync = true (default)
2019-08-21 11:16:06,384 INFO  server.RaftServerConfigKeys (ConfUtils.java:logGet(43)) - raft.server.snapshot.auto.trigger.threshold = 10000 (custom)
2019-08-21 11:16:06,385 INFO  server.RaftServerConfigKeys (ConfUtils.java:logGet(43)) - raft.server.log.statemachine.data.sync.timeout = 10s (default)
2019-08-21 11:16:06,385 INFO  server.RaftServerConfigKeys (ConfUtils.java:logGet(43)) - raft.server.log.write.buffer.size = 33554432 (custom)
2019-08-21 11:16:06,385 INFO  server.RaftServerConfigKeys (ConfUtils.java:logGet(43)) - raft.server.log.statemachine.data.sync.timeout.retry = -1 (default)
2019-08-21 11:16:06,385 INFO  server.RaftServerConfigKeys (ConfUtils.java:logGet(43)) - raft.server.retrycache.expirytime = 600000ms (custom)
2019-08-21 11:16:06,385 INFO  server.RaftServerConfigKeys (ConfUtils.java:logGet(43)) - raft.server.log.statemachine.data.caching.enabled = true (custom)
2019-08-21 11:16:06,385 INFO  server.RaftServerConfigKeys (ConfUtils.java:logGet(43)) - raft.server.log.force.sync.num = 128 (default)
2019-08-21 11:16:06,386 INFO  impl.RaftServerImpl (RaftServerImpl.java:start(180)) - 74ffb741-3a54-4304-9d53-d2ff2e69c015: start group-9AF53007C1B7
2019-08-21 11:16:06,386 INFO  server.RaftServerConfigKeys (ConfUtils.java:logGet(43)) - raft.server.log.statemachine.data.sync = true (default)
2019-08-21 11:16:06,386 INFO  segmented.SegmentedRaftLogWorker (SegmentedRaftLogWorker.java:lambda$new$0(132)) - 5cdb3527-3952-491c-8927-c4daf8618b24-SegmentedRaftLogWorker:Storage Directory /workdir/hadoop-ozone/integration-test/target/test-dir/MiniOzoneClusterImpl-13c630bf-2dbe-422a-8f2d-aca2e1652e13/datanode-5/data/ratis/a01270f5-db78-4472-a8f8-9af53007c1b7: flushIndex: setUnconditionally 0 -> -1
2019-08-21 11:16:06,386 INFO  server.RaftServerConfigKeys (ConfUtils.java:logGet(43)) - raft.server.log.statemachine.data.sync.timeout = 10s (default)
2019-08-21 11:16:06,386 INFO  impl.RaftServerImpl (RaftServerImpl.java:setRole(171)) - 74ffb741-3a54-4304-9d53-d2ff2e69c015:group-9AF53007C1B7 changes role from null to FOLLOWER at term 0 for startAsFollower
2019-08-21 11:16:06,386 INFO  server.RaftServerConfigKeys (ConfUtils.java:logGet(43)) - raft.server.snapshot.auto.trigger.enabled = true (custom)
2019-08-21 11:16:06,386 INFO  impl.RoleInfo (RoleInfo.java:updateAndGet(143)) - 74ffb741-3a54-4304-9d53-d2ff2e69c015: start FollowerState
2019-08-21 11:16:06,386 INFO  server.RaftServerConfigKeys (ConfUtils.java:logGet(43)) - raft.server.log.statemachine.data.sync.timeout.retry = -1 (default)
2019-08-21 11:16:06,387 INFO  server.RaftServerConfigKeys (ConfUtils.java:logGet(43)) - raft.server.snapshot.auto.trigger.threshold = 10000 (custom)
2019-08-21 11:16:06,387 INFO  server.RaftServerConfigKeys (ConfUtils.java:logGet(43)) - raft.server.log.statemachine.data.caching.enabled = true (custom)
2019-08-21 11:16:06,387 INFO  server.RaftServerConfigKeys (ConfUtils.java:logGet(43)) - raft.server.retrycache.expirytime = 600000ms (custom)
2019-08-21 11:16:06,387 INFO  util.JmxRegister (JmxRegister.java:tryRegister(44)) - Successfully registered JMX Bean with object name Ratis:service=RaftServer,group=group-9AF53007C1B7,id=74ffb741-3a54-4304-9d53-d2ff2e69c015
2019-08-21 11:16:06,387 INFO  impl.RaftServerImpl (RaftServerImpl.java:start(180)) - 5cdb3527-3952-491c-8927-c4daf8618b24: start group-9AF53007C1B7
2019-08-21 11:16:06,387 INFO  segmented.SegmentedRaftLogWorker (SegmentedRaftLogWorker.java:lambda$new$0(132)) - 5474465a-fa64-48bc-87f1-794a01d5c0b4-SegmentedRaftLogWorker:Storage Directory /workdir/hadoop-ozone/integration-test/target/test-dir/MiniOzoneClusterImpl-13c630bf-2dbe-422a-8f2d-aca2e1652e13/datanode-1/data/ratis/a01270f5-db78-4472-a8f8-9af53007c1b7: flushIndex: setUnconditionally 0 -> -1
2019-08-21 11:16:06,387 INFO  impl.RaftServerImpl (RaftServerImpl.java:setRole(171)) - 5cdb3527-3952-491c-8927-c4daf8618b24:group-9AF53007C1B7 changes role from null to FOLLOWER at term 0 for startAsFollower
2019-08-21 11:16:06,388 INFO  server.RaftServerConfigKeys (ConfUtils.java:logGet(43)) - raft.server.snapshot.auto.trigger.enabled = true (custom)
2019-08-21 11:16:06,388 INFO  impl.RoleInfo (RoleInfo.java:updateAndGet(143)) - 5cdb3527-3952-491c-8927-c4daf8618b24: start FollowerState
2019-08-21 11:16:06,388 INFO  server.RaftServerConfigKeys (ConfUtils.java:logGet(43)) - raft.server.snapshot.auto.trigger.threshold = 10000 (custom)
2019-08-21 11:16:06,388 INFO  server.RaftServerConfigKeys (ConfUtils.java:logGet(43)) - raft.server.retrycache.expirytime = 600000ms (custom)
2019-08-21 11:16:06,388 INFO  util.JmxRegister (JmxRegister.java:tryRegister(44)) - Successfully registered JMX Bean with object name Ratis:service=RaftServer,group=group-9AF53007C1B7,id=5cdb3527-3952-491c-8927-c4daf8618b24
2019-08-21 11:16:06,388 INFO  impl.RaftServerImpl (RaftServerImpl.java:start(180)) - 5474465a-fa64-48bc-87f1-794a01d5c0b4: start group-9AF53007C1B7
2019-08-21 11:16:06,389 INFO  impl.RaftServerImpl (RaftServerImpl.java:setRole(171)) - 5474465a-fa64-48bc-87f1-794a01d5c0b4:group-9AF53007C1B7 changes role from null to FOLLOWER at term 0 for startAsFollower
2019-08-21 11:16:06,389 INFO  impl.RoleInfo (RoleInfo.java:updateAndGet(143)) - 5474465a-fa64-48bc-87f1-794a01d5c0b4: start FollowerState
2019-08-21 11:16:06,389 INFO  util.JmxRegister (JmxRegister.java:tryRegister(44)) - Successfully registered JMX Bean with object name Ratis:service=RaftServer,group=group-9AF53007C1B7,id=5474465a-fa64-48bc-87f1-794a01d5c0b4
2019-08-21 11:16:06,410 INFO  pipeline.PipelineStateManager (PipelineStateManager.java:addPipeline(56)) - Created pipeline Pipeline[ Id: a01270f5-db78-4472-a8f8-9af53007c1b7, Nodes: 5cdb3527-3952-491c-8927-c4daf8618b24{ip: 192.168.34.41, host: pr-hdds-1937-dnpk4-2229529846, networkLocation: /default-rack, certSerialId: null}5474465a-fa64-48bc-87f1-794a01d5c0b4{ip: 192.168.34.41, host: pr-hdds-1937-dnpk4-2229529846, networkLocation: /default-rack, certSerialId: null}74ffb741-3a54-4304-9d53-d2ff2e69c015{ip: 192.168.34.41, host: pr-hdds-1937-dnpk4-2229529846, networkLocation: /default-rack, certSerialId: null}, Type:RATIS, Factor:THREE, State:OPEN]
2019-08-21 11:16:06,679 INFO  ozone.MiniOzoneClusterImpl (MiniOzoneClusterImpl.java:lambda$waitForClusterToBeReady$0(142)) - Cluster is ready. Got 6 of 6 DN Heartbeats.
2019-08-21 11:16:07,018 INFO  rpc.RpcClient (RpcClient.java:createVolume(292)) - Creating Volume: datanodefailurehandlingtest, with jenkins1000 as owner.
2019-08-21 11:16:07,053 INFO  rpc.RpcClient (RpcClient.java:createBucket(429)) - Creating Bucket: datanodefailurehandlingtest/datanodefailurehandlingtest, with Versioning false and Storage Type set to DISK and Encryption set to false 
2019-08-21 11:16:07,296 INFO  impl.MetricsSystemImpl (MetricsSystemImpl.java:init(158)) - XceiverClientMetrics metrics system started (again)
2019-08-21 11:16:07,426 INFO  client.GrpcClientProtocolClient (GrpcClientProtocolClient.java:onNext(255)) - client-0AFA7106BD76->f52cda08-f9b0-48f5-86b0-26c4af303a45: receive RaftClientReply:client-0AFA7106BD76->f52cda08-f9b0-48f5-86b0-26c4af303a45@group-B3095114365A, cid=12, FAILED org.apache.ratis.protocol.NotLeaderException: Server f52cda08-f9b0-48f5-86b0-26c4af303a45 is not the leader (null). Request must be sent to leader., logIndex=0, commits[f52cda08-f9b0-48f5-86b0-26c4af303a45:c-1]
2019-08-21 11:16:07,512 INFO  container.ReplicationManager (ReplicationManager.java:start(155)) - Starting Replication Monitor Thread.
2019-08-21 11:16:07,517 INFO  container.ReplicationManager (ReplicationManager.java:run(207)) - Replication Monitor Thread took 5 milliseconds for processing 1 containers.
2019-08-21 11:16:08,485 INFO  client.GrpcClientProtocolClient (GrpcClientProtocolClient.java:onNext(255)) - client-0AFA7106BD76->5626998f-56c9-4981-9b08-c1e2bae34b5b: receive RaftClientReply:client-0AFA7106BD76->5626998f-56c9-4981-9b08-c1e2bae34b5b@group-B3095114365A, cid=12, FAILED org.apache.ratis.protocol.NotLeaderException: Server 5626998f-56c9-4981-9b08-c1e2bae34b5b is not the leader (null). Request must be sent to leader., logIndex=0, commits[5626998f-56c9-4981-9b08-c1e2bae34b5b:c-1]
2019-08-21 11:16:09,526 INFO  client.GrpcClientProtocolClient (GrpcClientProtocolClient.java:onNext(255)) - client-0AFA7106BD76->04134da6-7829-40a2-974e-f280fb1ddc2a: receive RaftClientReply:client-0AFA7106BD76->04134da6-7829-40a2-974e-f280fb1ddc2a@group-B3095114365A, cid=12, FAILED org.apache.ratis.protocol.NotLeaderException: Server 04134da6-7829-40a2-974e-f280fb1ddc2a is not the leader (null). Request must be sent to leader., logIndex=0, commits[04134da6-7829-40a2-974e-f280fb1ddc2a:c-1]
2019-08-21 11:16:10,573 INFO  client.GrpcClientProtocolClient (GrpcClientProtocolClient.java:onNext(255)) - client-0AFA7106BD76->f52cda08-f9b0-48f5-86b0-26c4af303a45: receive RaftClientReply:client-0AFA7106BD76->f52cda08-f9b0-48f5-86b0-26c4af303a45@group-B3095114365A, cid=12, FAILED org.apache.ratis.protocol.NotLeaderException: Server f52cda08-f9b0-48f5-86b0-26c4af303a45 is not the leader (null). Request must be sent to leader., logIndex=0, commits[f52cda08-f9b0-48f5-86b0-26c4af303a45:c-1]
2019-08-21 11:16:10,720 INFO  impl.FollowerState (FollowerState.java:run(106)) - f52cda08-f9b0-48f5-86b0-26c4af303a45:group-C66F97AC1551 changes to CANDIDATE, lastRpcTime:5049, electionTimeout:5048ms
2019-08-21 11:16:10,720 INFO  impl.RoleInfo (RoleInfo.java:shutdownFollowerState(121)) - f52cda08-f9b0-48f5-86b0-26c4af303a45: shutdown FollowerState
2019-08-21 11:16:10,720 INFO  impl.RaftServerImpl (RaftServerImpl.java:setRole(171)) - f52cda08-f9b0-48f5-86b0-26c4af303a45:group-C66F97AC1551 changes role from FOLLOWER to CANDIDATE at term 0 for changeToCandidate
2019-08-21 11:16:10,726 INFO  impl.RoleInfo (RoleInfo.java:updateAndGet(143)) - f52cda08-f9b0-48f5-86b0-26c4af303a45: start LeaderElection
2019-08-21 11:16:10,748 INFO  impl.LeaderElection (LeaderElection.java:askForVotes(181)) - f52cda08-f9b0-48f5-86b0-26c4af303a45:group-C66F97AC1551:LeaderElection1: begin an election at term 1 for -1: [f52cda08-f9b0-48f5-86b0-26c4af303a45:192.168.34.41:44477], old=null
2019-08-21 11:16:10,751 INFO  impl.RoleInfo (RoleInfo.java:shutdownLeaderElection(134)) - f52cda08-f9b0-48f5-86b0-26c4af303a45: shutdown LeaderElection
2019-08-21 11:16:10,752 INFO  impl.RaftServerImpl (RaftServerImpl.java:setRole(171)) - f52cda08-f9b0-48f5-86b0-26c4af303a45:group-C66F97AC1551 changes role from CANDIDATE to LEADER at term 1 for changeToLeader
2019-08-21 11:16:10,752 INFO  impl.RaftServerImpl (ServerState.java:setLeader(263)) - f52cda08-f9b0-48f5-86b0-26c4af303a45:group-C66F97AC1551 change Leader from null to f52cda08-f9b0-48f5-86b0-26c4af303a45 at term 1 for becomeLeader, leader elected after 5191ms
2019-08-21 11:16:10,763 INFO  server.RaftServerConfigKeys (ConfUtils.java:logGet(43)) - raft.server.staging.catchup.gap = 1000 (default)
2019-08-21 11:16:10,763 INFO  server.RaftServerConfigKeys (ConfUtils.java:logGet(43)) - raft.server.rpc.sleep.time = 25ms (default)
2019-08-21 11:16:10,768 INFO  server.RaftServerConfigKeys (ConfUtils.java:logGet(43)) - raft.server.write.element-limit = 4096 (default)
2019-08-21 11:16:10,771 INFO  server.RaftServerConfigKeys (ConfUtils.java:logGet(43)) - raft.server.watch.timeout = 10s (default)
2019-08-21 11:16:10,771 INFO  server.RaftServerConfigKeys (ConfUtils.java:logGet(43)) - raft.server.watch.timeout.denomination = 1s (default)
2019-08-21 11:16:10,772 INFO  server.RaftServerConfigKeys (ConfUtils.java:logGet(43)) - raft.server.watch.element-limit = 65536 (default)
2019-08-21 11:16:10,783 INFO  impl.RoleInfo (RoleInfo.java:updateAndGet(143)) - f52cda08-f9b0-48f5-86b0-26c4af303a45: start LeaderState
2019-08-21 11:16:10,811 INFO  segmented.SegmentedRaftLogWorker (SegmentedRaftLogWorker.java:startLogSegment(380)) - f52cda08-f9b0-48f5-86b0-26c4af303a45-SegmentedRaftLogWorker:Storage Directory /workdir/hadoop-ozone/integration-test/target/test-dir/MiniOzoneClusterImpl-13c630bf-2dbe-422a-8f2d-aca2e1652e13/datanode-0/data/ratis/cda91baf-5da2-4f3a-b788-c66f97ac1551: Starting segment from index:0
2019-08-21 11:16:10,821 INFO  impl.RaftServerImpl (ServerState.java:setRaftConf(361)) - f52cda08-f9b0-48f5-86b0-26c4af303a45:group-C66F97AC1551 set configuration 0: [f52cda08-f9b0-48f5-86b0-26c4af303a45:192.168.34.41:44477], old=null at 0
2019-08-21 11:16:10,982 INFO  impl.FollowerState (FollowerState.java:run(106)) - 5626998f-56c9-4981-9b08-c1e2bae34b5b:group-7C6AAA455AC7 changes to CANDIDATE, lastRpcTime:5118, electionTimeout:5117ms
2019-08-21 11:16:10,985 INFO  impl.RoleInfo (RoleInfo.java:shutdownFollowerState(121)) - 5626998f-56c9-4981-9b08-c1e2bae34b5b: shutdown FollowerState
2019-08-21 11:16:10,985 INFO  impl.RaftServerImpl (RaftServerImpl.java:setRole(171)) - 5626998f-56c9-4981-9b08-c1e2bae34b5b:group-7C6AAA455AC7 changes role from FOLLOWER to CANDIDATE at term 0 for changeToCandidate
2019-08-21 11:16:10,985 INFO  impl.RoleInfo (RoleInfo.java:updateAndGet(143)) - 5626998f-56c9-4981-9b08-c1e2bae34b5b: start LeaderElection
2019-08-21 11:16:10,997 INFO  impl.LeaderElection (LeaderElection.java:askForVotes(181)) - 5626998f-56c9-4981-9b08-c1e2bae34b5b:group-7C6AAA455AC7:LeaderElection2: begin an election at term 1 for -1: [5626998f-56c9-4981-9b08-c1e2bae34b5b:192.168.34.41:38561], old=null
2019-08-21 11:16:11,026 INFO  impl.RoleInfo (RoleInfo.java:shutdownLeaderElection(134)) - 5626998f-56c9-4981-9b08-c1e2bae34b5b: shutdown LeaderElection
2019-08-21 11:16:11,026 INFO  impl.RaftServerImpl (RaftServerImpl.java:setRole(171)) - 5626998f-56c9-4981-9b08-c1e2bae34b5b:group-7C6AAA455AC7 changes role from CANDIDATE to LEADER at term 1 for changeToLeader
2019-08-21 11:16:11,026 INFO  impl.RaftServerImpl (ServerState.java:setLeader(263)) - 5626998f-56c9-4981-9b08-c1e2bae34b5b:group-7C6AAA455AC7 change Leader from null to 5626998f-56c9-4981-9b08-c1e2bae34b5b at term 1 for becomeLeader, leader elected after 5167ms
2019-08-21 11:16:11,028 INFO  server.RaftServerConfigKeys (ConfUtils.java:logGet(43)) - raft.server.staging.catchup.gap = 1000 (default)
2019-08-21 11:16:11,028 INFO  server.RaftServerConfigKeys (ConfUtils.java:logGet(43)) - raft.server.rpc.sleep.time = 25ms (default)
2019-08-21 11:16:11,028 INFO  server.RaftServerConfigKeys (ConfUtils.java:logGet(43)) - raft.server.write.element-limit = 4096 (default)
2019-08-21 11:16:11,028 INFO  server.RaftServerConfigKeys (ConfUtils.java:logGet(43)) - raft.server.watch.timeout = 10s (default)
2019-08-21 11:16:11,028 INFO  server.RaftServerConfigKeys (ConfUtils.java:logGet(43)) - raft.server.watch.timeout.denomination = 1s (default)
2019-08-21 11:16:11,028 INFO  server.RaftServerConfigKeys (ConfUtils.java:logGet(43)) - raft.server.watch.element-limit = 65536 (default)
2019-08-21 11:16:11,029 INFO  impl.RoleInfo (RoleInfo.java:updateAndGet(143)) - 5626998f-56c9-4981-9b08-c1e2bae34b5b: start LeaderState
2019-08-21 11:16:11,029 INFO  segmented.SegmentedRaftLogWorker (SegmentedRaftLogWorker.java:startLogSegment(380)) - 5626998f-56c9-4981-9b08-c1e2bae34b5b-SegmentedRaftLogWorker:Storage Directory /workdir/hadoop-ozone/integration-test/target/test-dir/MiniOzoneClusterImpl-13c630bf-2dbe-422a-8f2d-aca2e1652e13/datanode-4/data/ratis/1c1974d0-4470-447d-a424-7c6aaa455ac7: Starting segment from index:0
2019-08-21 11:16:11,030 INFO  impl.RaftServerImpl (ServerState.java:setRaftConf(361)) - 5626998f-56c9-4981-9b08-c1e2bae34b5b:group-7C6AAA455AC7 set configuration 0: [5626998f-56c9-4981-9b08-c1e2bae34b5b:192.168.34.41:38561], old=null at 0
2019-08-21 11:16:11,070 INFO  segmented.SegmentedRaftLogWorker (SegmentedRaftLogWorker.java:execute(569)) - 5626998f-56c9-4981-9b08-c1e2bae34b5b-SegmentedRaftLogWorker:Storage Directory /workdir/hadoop-ozone/integration-test/target/test-dir/MiniOzoneClusterImpl-13c630bf-2dbe-422a-8f2d-aca2e1652e13/datanode-4/data/ratis/1c1974d0-4470-447d-a424-7c6aaa455ac7: created new log segment /workdir/hadoop-ozone/integration-test/target/test-dir/MiniOzoneClusterImpl-13c630bf-2dbe-422a-8f2d-aca2e1652e13/datanode-4/data/ratis/1c1974d0-4470-447d-a424-7c6aaa455ac7/current/log_inprogress_0
2019-08-21 11:16:11,070 INFO  segmented.SegmentedRaftLogWorker (SegmentedRaftLogWorker.java:execute(569)) - f52cda08-f9b0-48f5-86b0-26c4af303a45-SegmentedRaftLogWorker:Storage Directory /workdir/hadoop-ozone/integration-test/target/test-dir/MiniOzoneClusterImpl-13c630bf-2dbe-422a-8f2d-aca2e1652e13/datanode-0/data/ratis/cda91baf-5da2-4f3a-b788-c66f97ac1551: created new log segment /workdir/hadoop-ozone/integration-test/target/test-dir/MiniOzoneClusterImpl-13c630bf-2dbe-422a-8f2d-aca2e1652e13/datanode-0/data/ratis/cda91baf-5da2-4f3a-b788-c66f97ac1551/current/log_inprogress_0
2019-08-21 11:16:11,117 INFO  impl.FollowerState (FollowerState.java:run(106)) - 04134da6-7829-40a2-974e-f280fb1ddc2a:group-43CA1CE91388 changes to CANDIDATE, lastRpcTime:5176, electionTimeout:5176ms
2019-08-21 11:16:11,119 INFO  impl.RoleInfo (RoleInfo.java:shutdownFollowerState(121)) - 04134da6-7829-40a2-974e-f280fb1ddc2a: shutdown FollowerState
2019-08-21 11:16:11,120 INFO  impl.RaftServerImpl (RaftServerImpl.java:setRole(171)) - 04134da6-7829-40a2-974e-f280fb1ddc2a:group-43CA1CE91388 changes role from FOLLOWER to CANDIDATE at term 0 for changeToCandidate
2019-08-21 11:16:11,120 INFO  impl.RoleInfo (RoleInfo.java:updateAndGet(143)) - 04134da6-7829-40a2-974e-f280fb1ddc2a: start LeaderElection
2019-08-21 11:16:11,139 INFO  impl.LeaderElection (LeaderElection.java:askForVotes(181)) - 04134da6-7829-40a2-974e-f280fb1ddc2a:group-43CA1CE91388:LeaderElection3: begin an election at term 1 for -1: [04134da6-7829-40a2-974e-f280fb1ddc2a:192.168.34.41:33573], old=null
2019-08-21 11:16:11,142 INFO  impl.RoleInfo (RoleInfo.java:shutdownLeaderElection(134)) - 04134da6-7829-40a2-974e-f280fb1ddc2a: shutdown LeaderElection
2019-08-21 11:16:11,142 INFO  impl.RaftServerImpl (RaftServerImpl.java:setRole(171)) - 04134da6-7829-40a2-974e-f280fb1ddc2a:group-43CA1CE91388 changes role from CANDIDATE to LEADER at term 1 for changeToLeader
2019-08-21 11:16:11,142 INFO  impl.RaftServerImpl (ServerState.java:setLeader(263)) - 04134da6-7829-40a2-974e-f280fb1ddc2a:group-43CA1CE91388 change Leader from null to 04134da6-7829-40a2-974e-f280fb1ddc2a at term 1 for becomeLeader, leader elected after 5206ms
2019-08-21 11:16:11,144 INFO  server.RaftServerConfigKeys (ConfUtils.java:logGet(43)) - raft.server.staging.catchup.gap = 1000 (default)
2019-08-21 11:16:11,145 INFO  server.RaftServerConfigKeys (ConfUtils.java:logGet(43)) - raft.server.rpc.sleep.time = 25ms (default)
2019-08-21 11:16:11,145 INFO  server.RaftServerConfigKeys (ConfUtils.java:logGet(43)) - raft.server.write.element-limit = 4096 (default)
2019-08-21 11:16:11,145 INFO  server.RaftServerConfigKeys (ConfUtils.java:logGet(43)) - raft.server.watch.timeout = 10s (default)
2019-08-21 11:16:11,145 INFO  server.RaftServerConfigKeys (ConfUtils.java:logGet(43)) - raft.server.watch.timeout.denomination = 1s (default)
2019-08-21 11:16:11,146 INFO  server.RaftServerConfigKeys (ConfUtils.java:logGet(43)) - raft.server.watch.element-limit = 65536 (default)
2019-08-21 11:16:11,146 INFO  impl.RoleInfo (RoleInfo.java:updateAndGet(143)) - 04134da6-7829-40a2-974e-f280fb1ddc2a: start LeaderState
2019-08-21 11:16:11,146 INFO  segmented.SegmentedRaftLogWorker (SegmentedRaftLogWorker.java:startLogSegment(380)) - 04134da6-7829-40a2-974e-f280fb1ddc2a-SegmentedRaftLogWorker:Storage Directory /workdir/hadoop-ozone/integration-test/target/test-dir/MiniOzoneClusterImpl-13c630bf-2dbe-422a-8f2d-aca2e1652e13/datanode-3/data/ratis/de425af7-d411-44dc-a243-43ca1ce91388: Starting segment from index:0
2019-08-21 11:16:11,147 INFO  impl.RaftServerImpl (ServerState.java:setRaftConf(361)) - 04134da6-7829-40a2-974e-f280fb1ddc2a:group-43CA1CE91388 set configuration 0: [04134da6-7829-40a2-974e-f280fb1ddc2a:192.168.34.41:33573], old=null at 0
2019-08-21 11:16:11,193 INFO  segmented.SegmentedRaftLogWorker (SegmentedRaftLogWorker.java:execute(569)) - 04134da6-7829-40a2-974e-f280fb1ddc2a-SegmentedRaftLogWorker:Storage Directory /workdir/hadoop-ozone/integration-test/target/test-dir/MiniOzoneClusterImpl-13c630bf-2dbe-422a-8f2d-aca2e1652e13/datanode-3/data/ratis/de425af7-d411-44dc-a243-43ca1ce91388: created new log segment /workdir/hadoop-ozone/integration-test/target/test-dir/MiniOzoneClusterImpl-13c630bf-2dbe-422a-8f2d-aca2e1652e13/datanode-3/data/ratis/de425af7-d411-44dc-a243-43ca1ce91388/current/log_inprogress_0
2019-08-21 11:16:11,212 INFO  impl.FollowerState (FollowerState.java:run(106)) - 5cdb3527-3952-491c-8927-c4daf8618b24:group-3C8C0B5BD0FB changes to CANDIDATE, lastRpcTime:5191, electionTimeout:5191ms
2019-08-21 11:16:11,212 INFO  impl.RoleInfo (RoleInfo.java:shutdownFollowerState(121)) - 5cdb3527-3952-491c-8927-c4daf8618b24: shutdown FollowerState
2019-08-21 11:16:11,212 INFO  impl.RaftServerImpl (RaftServerImpl.java:setRole(171)) - 5cdb3527-3952-491c-8927-c4daf8618b24:group-3C8C0B5BD0FB changes role from FOLLOWER to CANDIDATE at term 0 for changeToCandidate
2019-08-21 11:16:11,212 INFO  impl.RoleInfo (RoleInfo.java:updateAndGet(143)) - 5cdb3527-3952-491c-8927-c4daf8618b24: start LeaderElection
2019-08-21 11:16:11,231 INFO  impl.LeaderElection (LeaderElection.java:askForVotes(181)) - 5cdb3527-3952-491c-8927-c4daf8618b24:group-3C8C0B5BD0FB:LeaderElection4: begin an election at term 1 for -1: [5cdb3527-3952-491c-8927-c4daf8618b24:192.168.34.41:33304], old=null
2019-08-21 11:16:11,233 INFO  impl.FollowerState (FollowerState.java:run(106)) - 5474465a-fa64-48bc-87f1-794a01d5c0b4:group-5AE77B5D06DC changes to CANDIDATE, lastRpcTime:5131, electionTimeout:5129ms
2019-08-21 11:16:11,233 INFO  impl.RoleInfo (RoleInfo.java:shutdownLeaderElection(134)) - 5cdb3527-3952-491c-8927-c4daf8618b24: shutdown LeaderElection
2019-08-21 11:16:11,233 INFO  impl.RoleInfo (RoleInfo.java:shutdownFollowerState(121)) - 5474465a-fa64-48bc-87f1-794a01d5c0b4: shutdown FollowerState
2019-08-21 11:16:11,234 INFO  impl.RaftServerImpl (RaftServerImpl.java:setRole(171)) - 5cdb3527-3952-491c-8927-c4daf8618b24:group-3C8C0B5BD0FB changes role from CANDIDATE to LEADER at term 1 for changeToLeader
2019-08-21 11:16:11,234 INFO  impl.RaftServerImpl (RaftServerImpl.java:setRole(171)) - 5474465a-fa64-48bc-87f1-794a01d5c0b4:group-5AE77B5D06DC changes role from FOLLOWER to CANDIDATE at term 0 for changeToCandidate
2019-08-21 11:16:11,234 INFO  impl.RaftServerImpl (ServerState.java:setLeader(263)) - 5cdb3527-3952-491c-8927-c4daf8618b24:group-3C8C0B5BD0FB change Leader from null to 5cdb3527-3952-491c-8927-c4daf8618b24 at term 1 for becomeLeader, leader elected after 5217ms
2019-08-21 11:16:11,234 INFO  impl.RoleInfo (RoleInfo.java:updateAndGet(143)) - 5474465a-fa64-48bc-87f1-794a01d5c0b4: start LeaderElection
2019-08-21 11:16:11,236 INFO  server.RaftServerConfigKeys (ConfUtils.java:logGet(43)) - raft.server.staging.catchup.gap = 1000 (default)
2019-08-21 11:16:11,239 INFO  server.RaftServerConfigKeys (ConfUtils.java:logGet(43)) - raft.server.rpc.sleep.time = 25ms (default)
2019-08-21 11:16:11,241 INFO  server.RaftServerConfigKeys (ConfUtils.java:logGet(43)) - raft.server.write.element-limit = 4096 (default)
2019-08-21 11:16:11,243 INFO  server.RaftServerConfigKeys (ConfUtils.java:logGet(43)) - raft.server.watch.timeout = 10s (default)
2019-08-21 11:16:11,243 INFO  server.RaftServerConfigKeys (ConfUtils.java:logGet(43)) - raft.server.watch.timeout.denomination = 1s (default)
2019-08-21 11:16:11,243 INFO  server.RaftServerConfigKeys (ConfUtils.java:logGet(43)) - raft.server.watch.element-limit = 65536 (default)
2019-08-21 11:16:11,244 INFO  impl.RoleInfo (RoleInfo.java:updateAndGet(143)) - 5cdb3527-3952-491c-8927-c4daf8618b24: start LeaderState
2019-08-21 11:16:11,244 INFO  segmented.SegmentedRaftLogWorker (SegmentedRaftLogWorker.java:startLogSegment(380)) - 5cdb3527-3952-491c-8927-c4daf8618b24-SegmentedRaftLogWorker:Storage Directory /workdir/hadoop-ozone/integration-test/target/test-dir/MiniOzoneClusterImpl-13c630bf-2dbe-422a-8f2d-aca2e1652e13/datanode-5/data/ratis/47e8319b-e16f-42b4-a00b-3c8c0b5bd0fb: Starting segment from index:0
2019-08-21 11:16:11,244 INFO  impl.RaftServerImpl (ServerState.java:setRaftConf(361)) - 5cdb3527-3952-491c-8927-c4daf8618b24:group-3C8C0B5BD0FB set configuration 0: [5cdb3527-3952-491c-8927-c4daf8618b24:192.168.34.41:33304], old=null at 0
2019-08-21 11:16:11,284 INFO  impl.LeaderElection (LeaderElection.java:askForVotes(181)) - 5474465a-fa64-48bc-87f1-794a01d5c0b4:group-5AE77B5D06DC:LeaderElection5: begin an election at term 1 for -1: [5474465a-fa64-48bc-87f1-794a01d5c0b4:192.168.34.41:37654], old=null
2019-08-21 11:16:11,285 INFO  impl.RoleInfo (RoleInfo.java:shutdownLeaderElection(134)) - 5474465a-fa64-48bc-87f1-794a01d5c0b4: shutdown LeaderElection
2019-08-21 11:16:11,285 INFO  impl.RaftServerImpl (RaftServerImpl.java:setRole(171)) - 5474465a-fa64-48bc-87f1-794a01d5c0b4:group-5AE77B5D06DC changes role from CANDIDATE to LEADER at term 1 for changeToLeader
2019-08-21 11:16:11,285 INFO  impl.RaftServerImpl (ServerState.java:setLeader(263)) - 5474465a-fa64-48bc-87f1-794a01d5c0b4:group-5AE77B5D06DC change Leader from null to 5474465a-fa64-48bc-87f1-794a01d5c0b4 at term 1 for becomeLeader, leader elected after 5188ms
2019-08-21 11:16:11,287 INFO  server.RaftServerConfigKeys (ConfUtils.java:logGet(43)) - raft.server.staging.catchup.gap = 1000 (default)
2019-08-21 11:16:11,287 INFO  server.RaftServerConfigKeys (ConfUtils.java:logGet(43)) - raft.server.rpc.sleep.time = 25ms (default)
2019-08-21 11:16:11,287 INFO  server.RaftServerConfigKeys (ConfUtils.java:logGet(43)) - raft.server.write.element-limit = 4096 (default)
2019-08-21 11:16:11,288 INFO  server.RaftServerConfigKeys (ConfUtils.java:logGet(43)) - raft.server.watch.timeout = 10s (default)
2019-08-21 11:16:11,288 INFO  server.RaftServerConfigKeys (ConfUtils.java:logGet(43)) - raft.server.watch.timeout.denomination = 1s (default)
2019-08-21 11:16:11,288 INFO  server.RaftServerConfigKeys (ConfUtils.java:logGet(43)) - raft.server.watch.element-limit = 65536 (default)
2019-08-21 11:16:11,288 INFO  impl.RoleInfo (RoleInfo.java:updateAndGet(143)) - 5474465a-fa64-48bc-87f1-794a01d5c0b4: start LeaderState
2019-08-21 11:16:11,289 INFO  segmented.SegmentedRaftLogWorker (SegmentedRaftLogWorker.java:startLogSegment(380)) - 5474465a-fa64-48bc-87f1-794a01d5c0b4-SegmentedRaftLogWorker:Storage Directory /workdir/hadoop-ozone/integration-test/target/test-dir/MiniOzoneClusterImpl-13c630bf-2dbe-422a-8f2d-aca2e1652e13/datanode-1/data/ratis/26ea75f0-aecc-47e9-a9ca-5ae77b5d06dc: Starting segment from index:0
2019-08-21 11:16:11,290 INFO  impl.RaftServerImpl (ServerState.java:setRaftConf(361)) - 5474465a-fa64-48bc-87f1-794a01d5c0b4:group-5AE77B5D06DC set configuration 0: [5474465a-fa64-48bc-87f1-794a01d5c0b4:192.168.34.41:37654], old=null at 0
2019-08-21 11:16:11,328 INFO  segmented.SegmentedRaftLogWorker (SegmentedRaftLogWorker.java:execute(569)) - 5cdb3527-3952-491c-8927-c4daf8618b24-SegmentedRaftLogWorker:Storage Directory /workdir/hadoop-ozone/integration-test/target/test-dir/MiniOzoneClusterImpl-13c630bf-2dbe-422a-8f2d-aca2e1652e13/datanode-5/data/ratis/47e8319b-e16f-42b4-a00b-3c8c0b5bd0fb: created new log segment /workdir/hadoop-ozone/integration-test/target/test-dir/MiniOzoneClusterImpl-13c630bf-2dbe-422a-8f2d-aca2e1652e13/datanode-5/data/ratis/47e8319b-e16f-42b4-a00b-3c8c0b5bd0fb/current/log_inprogress_0
2019-08-21 11:16:11,339 INFO  impl.FollowerState (FollowerState.java:run(106)) - 5626998f-56c9-4981-9b08-c1e2bae34b5b:group-B3095114365A changes to CANDIDATE, lastRpcTime:5055, electionTimeout:5053ms
2019-08-21 11:16:11,339 INFO  impl.RoleInfo (RoleInfo.java:shutdownFollowerState(121)) - 5626998f-56c9-4981-9b08-c1e2bae34b5b: shutdown FollowerState
2019-08-21 11:16:11,340 INFO  impl.RaftServerImpl (RaftServerImpl.java:setRole(171)) - 5626998f-56c9-4981-9b08-c1e2bae34b5b:group-B3095114365A changes role from FOLLOWER to CANDIDATE at term 0 for changeToCandidate
2019-08-21 11:16:11,340 INFO  impl.RoleInfo (RoleInfo.java:updateAndGet(143)) - 5626998f-56c9-4981-9b08-c1e2bae34b5b: start LeaderElection
2019-08-21 11:16:11,345 INFO  segmented.SegmentedRaftLogWorker (SegmentedRaftLogWorker.java:execute(569)) - 5474465a-fa64-48bc-87f1-794a01d5c0b4-SegmentedRaftLogWorker:Storage Directory /workdir/hadoop-ozone/integration-test/target/test-dir/MiniOzoneClusterImpl-13c630bf-2dbe-422a-8f2d-aca2e1652e13/datanode-1/data/ratis/26ea75f0-aecc-47e9-a9ca-5ae77b5d06dc: created new log segment /workdir/hadoop-ozone/integration-test/target/test-dir/MiniOzoneClusterImpl-13c630bf-2dbe-422a-8f2d-aca2e1652e13/datanode-1/data/ratis/26ea75f0-aecc-47e9-a9ca-5ae77b5d06dc/current/log_inprogress_0
2019-08-21 11:16:11,350 INFO  impl.FollowerState (FollowerState.java:run(106)) - 04134da6-7829-40a2-974e-f280fb1ddc2a:group-B3095114365A changes to CANDIDATE, lastRpcTime:5073, electionTimeout:5073ms
2019-08-21 11:16:11,350 INFO  impl.RoleInfo (RoleInfo.java:shutdownFollowerState(121)) - 04134da6-7829-40a2-974e-f280fb1ddc2a: shutdown FollowerState
2019-08-21 11:16:11,350 INFO  impl.RaftServerImpl (RaftServerImpl.java:setRole(171)) - 04134da6-7829-40a2-974e-f280fb1ddc2a:group-B3095114365A changes role from FOLLOWER to CANDIDATE at term 0 for changeToCandidate
2019-08-21 11:16:11,350 INFO  impl.RoleInfo (RoleInfo.java:updateAndGet(143)) - 04134da6-7829-40a2-974e-f280fb1ddc2a: start LeaderElection
2019-08-21 11:16:11,360 INFO  impl.LeaderElection (LeaderElection.java:askForVotes(181)) - 04134da6-7829-40a2-974e-f280fb1ddc2a:group-B3095114365A:LeaderElection7: begin an election at term 1 for -1: [f52cda08-f9b0-48f5-86b0-26c4af303a45:192.168.34.41:44477, 5626998f-56c9-4981-9b08-c1e2bae34b5b:192.168.34.41:38561, 04134da6-7829-40a2-974e-f280fb1ddc2a:192.168.34.41:33573], old=null
2019-08-21 11:16:11,360 INFO  impl.LeaderElection (LeaderElection.java:askForVotes(181)) - 5626998f-56c9-4981-9b08-c1e2bae34b5b:group-B3095114365A:LeaderElection6: begin an election at term 1 for -1: [f52cda08-f9b0-48f5-86b0-26c4af303a45:192.168.34.41:44477, 5626998f-56c9-4981-9b08-c1e2bae34b5b:192.168.34.41:38561, 04134da6-7829-40a2-974e-f280fb1ddc2a:192.168.34.41:33573], old=null
2019-08-21 11:16:11,368 INFO  impl.FollowerState (FollowerState.java:run(106)) - f52cda08-f9b0-48f5-86b0-26c4af303a45:group-B3095114365A changes to CANDIDATE, lastRpcTime:5074, electionTimeout:5071ms
2019-08-21 11:16:11,368 INFO  impl.RoleInfo (RoleInfo.java:shutdownFollowerState(121)) - f52cda08-f9b0-48f5-86b0-26c4af303a45: shutdown FollowerState
2019-08-21 11:16:11,368 INFO  impl.RaftServerImpl (RaftServerImpl.java:setRole(171)) - f52cda08-f9b0-48f5-86b0-26c4af303a45:group-B3095114365A changes role from FOLLOWER to CANDIDATE at term 0 for changeToCandidate
2019-08-21 11:16:11,368 INFO  impl.RoleInfo (RoleInfo.java:updateAndGet(143)) - f52cda08-f9b0-48f5-86b0-26c4af303a45: start LeaderElection
2019-08-21 11:16:11,382 INFO  impl.FollowerState (FollowerState.java:run(106)) - 74ffb741-3a54-4304-9d53-d2ff2e69c015:group-B671F4573683 changes to CANDIDATE, lastRpcTime:5201, electionTimeout:5199ms
2019-08-21 11:16:11,382 INFO  impl.LeaderElection (LeaderElection.java:askForVotes(181)) - f52cda08-f9b0-48f5-86b0-26c4af303a45:group-B3095114365A:LeaderElection8: begin an election at term 1 for -1: [f52cda08-f9b0-48f5-86b0-26c4af303a45:192.168.34.41:44477, 5626998f-56c9-4981-9b08-c1e2bae34b5b:192.168.34.41:38561, 04134da6-7829-40a2-974e-f280fb1ddc2a:192.168.34.41:33573], old=null
2019-08-21 11:16:11,382 INFO  impl.RoleInfo (RoleInfo.java:shutdownFollowerState(121)) - 74ffb741-3a54-4304-9d53-d2ff2e69c015: shutdown FollowerState
2019-08-21 11:16:11,383 INFO  impl.RaftServerImpl (RaftServerImpl.java:setRole(171)) - 74ffb741-3a54-4304-9d53-d2ff2e69c015:group-B671F4573683 changes role from FOLLOWER to CANDIDATE at term 0 for changeToCandidate
2019-08-21 11:16:11,383 INFO  impl.RoleInfo (RoleInfo.java:updateAndGet(143)) - 74ffb741-3a54-4304-9d53-d2ff2e69c015: start LeaderElection
2019-08-21 11:16:11,405 INFO  impl.LeaderElection (LeaderElection.java:askForVotes(181)) - 74ffb741-3a54-4304-9d53-d2ff2e69c015:group-B671F4573683:LeaderElection9: begin an election at term 1 for -1: [74ffb741-3a54-4304-9d53-d2ff2e69c015:192.168.34.41:44786], old=null
2019-08-21 11:16:11,407 INFO  impl.RoleInfo (RoleInfo.java:shutdownLeaderElection(134)) - 74ffb741-3a54-4304-9d53-d2ff2e69c015: shutdown LeaderElection
2019-08-21 11:16:11,407 INFO  impl.FollowerState (FollowerState.java:run(106)) - 5cdb3527-3952-491c-8927-c4daf8618b24:group-9AF53007C1B7 changes to CANDIDATE, lastRpcTime:5019, electionTimeout:5017ms
2019-08-21 11:16:11,408 INFO  impl.RaftServerImpl (RaftServerImpl.java:setRole(171)) - 74ffb741-3a54-4304-9d53-d2ff2e69c015:group-B671F4573683 changes role from CANDIDATE to LEADER at term 1 for changeToLeader
2019-08-21 11:16:11,408 INFO  impl.RoleInfo (RoleInfo.java:shutdownFollowerState(121)) - 5cdb3527-3952-491c-8927-c4daf8618b24: shutdown FollowerState
2019-08-21 11:16:11,414 INFO  impl.RaftServerImpl (ServerState.java:setLeader(263)) - 74ffb741-3a54-4304-9d53-d2ff2e69c015:group-B671F4573683 change Leader from null to 74ffb741-3a54-4304-9d53-d2ff2e69c015 at term 1 for becomeLeader, leader elected after 5238ms
2019-08-21 11:16:11,415 INFO  impl.RaftServerImpl (RaftServerImpl.java:setRole(171)) - 5cdb3527-3952-491c-8927-c4daf8618b24:group-9AF53007C1B7 changes role from FOLLOWER to CANDIDATE at term 0 for changeToCandidate
2019-08-21 11:16:11,417 INFO  server.RaftServerConfigKeys (ConfUtils.java:logGet(43)) - raft.server.staging.catchup.gap = 1000 (default)
2019-08-21 11:16:11,417 INFO  impl.RoleInfo (RoleInfo.java:updateAndGet(143)) - 5cdb3527-3952-491c-8927-c4daf8618b24: start LeaderElection
2019-08-21 11:16:11,417 INFO  server.RaftServerConfigKeys (ConfUtils.java:logGet(43)) - raft.server.rpc.sleep.time = 25ms (default)
2019-08-21 11:16:11,423 INFO  server.RaftServerConfigKeys (ConfUtils.java:logGet(43)) - raft.server.write.element-limit = 4096 (default)
2019-08-21 11:16:11,424 INFO  server.RaftServerConfigKeys (ConfUtils.java:logGet(43)) - raft.server.watch.timeout = 10s (default)
2019-08-21 11:16:11,424 INFO  server.RaftServerConfigKeys (ConfUtils.java:logGet(43)) - raft.server.watch.timeout.denomination = 1s (default)
2019-08-21 11:16:11,424 INFO  server.RaftServerConfigKeys (ConfUtils.java:logGet(43)) - raft.server.watch.element-limit = 65536 (default)
2019-08-21 11:16:11,426 INFO  impl.RoleInfo (RoleInfo.java:updateAndGet(143)) - 74ffb741-3a54-4304-9d53-d2ff2e69c015: start LeaderState
2019-08-21 11:16:11,426 INFO  segmented.SegmentedRaftLogWorker (SegmentedRaftLogWorker.java:startLogSegment(380)) - 74ffb741-3a54-4304-9d53-d2ff2e69c015-SegmentedRaftLogWorker:Storage Directory /workdir/hadoop-ozone/integration-test/target/test-dir/MiniOzoneClusterImpl-13c630bf-2dbe-422a-8f2d-aca2e1652e13/datanode-2/data/ratis/d13991d0-0b14-48ec-a4d0-b671f4573683: Starting segment from index:0
2019-08-21 11:16:11,428 INFO  impl.RaftServerImpl (ServerState.java:setRaftConf(361)) - 74ffb741-3a54-4304-9d53-d2ff2e69c015:group-B671F4573683 set configuration 0: [74ffb741-3a54-4304-9d53-d2ff2e69c015:192.168.34.41:44786], old=null at 0
2019-08-21 11:16:11,466 INFO  impl.FollowerState (FollowerState.java:run(106)) - 5474465a-fa64-48bc-87f1-794a01d5c0b4:group-9AF53007C1B7 changes to CANDIDATE, lastRpcTime:5076, electionTimeout:5074ms
2019-08-21 11:16:11,466 INFO  impl.RoleInfo (RoleInfo.java:shutdownFollowerState(121)) - 5474465a-fa64-48bc-87f1-794a01d5c0b4: shutdown FollowerState
2019-08-21 11:16:11,466 INFO  impl.RaftServerImpl (RaftServerImpl.java:setRole(171)) - 5474465a-fa64-48bc-87f1-794a01d5c0b4:group-9AF53007C1B7 changes role from FOLLOWER to CANDIDATE at term 0 for changeToCandidate
2019-08-21 11:16:11,466 INFO  impl.RoleInfo (RoleInfo.java:updateAndGet(143)) - 5474465a-fa64-48bc-87f1-794a01d5c0b4: start LeaderElection
2019-08-21 11:16:11,466 INFO  impl.FollowerState (FollowerState.java:run(106)) - 74ffb741-3a54-4304-9d53-d2ff2e69c015:group-9AF53007C1B7 changes to CANDIDATE, lastRpcTime:5079, electionTimeout:5043ms
2019-08-21 11:16:11,466 INFO  impl.LeaderElection (LeaderElection.java:askForVotes(181)) - 5cdb3527-3952-491c-8927-c4daf8618b24:group-9AF53007C1B7:LeaderElection10: begin an election at term 1 for -1: [5cdb3527-3952-491c-8927-c4daf8618b24:192.168.34.41:33304, 74ffb741-3a54-4304-9d53-d2ff2e69c015:192.168.34.41:44786, 5474465a-fa64-48bc-87f1-794a01d5c0b4:192.168.34.41:37654], old=null
2019-08-21 11:16:11,466 INFO  impl.RoleInfo (RoleInfo.java:shutdownFollowerState(121)) - 74ffb741-3a54-4304-9d53-d2ff2e69c015: shutdown FollowerState
2019-08-21 11:16:11,469 INFO  impl.RaftServerImpl (RaftServerImpl.java:setRole(171)) - 74ffb741-3a54-4304-9d53-d2ff2e69c015:group-9AF53007C1B7 changes role from FOLLOWER to CANDIDATE at term 0 for changeToCandidate
2019-08-21 11:16:11,471 INFO  impl.RoleInfo (RoleInfo.java:updateAndGet(143)) - 74ffb741-3a54-4304-9d53-d2ff2e69c015: start LeaderElection
2019-08-21 11:16:11,479 INFO  segmented.SegmentedRaftLogWorker (SegmentedRaftLogWorker.java:execute(569)) - 74ffb741-3a54-4304-9d53-d2ff2e69c015-SegmentedRaftLogWorker:Storage Directory /workdir/hadoop-ozone/integration-test/target/test-dir/MiniOzoneClusterImpl-13c630bf-2dbe-422a-8f2d-aca2e1652e13/datanode-2/data/ratis/d13991d0-0b14-48ec-a4d0-b671f4573683: created new log segment /workdir/hadoop-ozone/integration-test/target/test-dir/MiniOzoneClusterImpl-13c630bf-2dbe-422a-8f2d-aca2e1652e13/datanode-2/data/ratis/d13991d0-0b14-48ec-a4d0-b671f4573683/current/log_inprogress_0
2019-08-21 11:16:11,479 INFO  impl.LeaderElection (LeaderElection.java:askForVotes(181)) - 74ffb741-3a54-4304-9d53-d2ff2e69c015:group-9AF53007C1B7:LeaderElection12: begin an election at term 1 for -1: [5cdb3527-3952-491c-8927-c4daf8618b24:192.168.34.41:33304, 74ffb741-3a54-4304-9d53-d2ff2e69c015:192.168.34.41:44786, 5474465a-fa64-48bc-87f1-794a01d5c0b4:192.168.34.41:37654], old=null
2019-08-21 11:16:11,482 INFO  impl.LeaderElection (LeaderElection.java:logAndReturn(56)) - 5626998f-56c9-4981-9b08-c1e2bae34b5b:group-B3095114365A:LeaderElection6: Election REJECTED; received 2 response(s) [5626998f-56c9-4981-9b08-c1e2bae34b5b<-f52cda08-f9b0-48f5-86b0-26c4af303a45#0:FAIL-t1, 5626998f-56c9-4981-9b08-c1e2bae34b5b<-04134da6-7829-40a2-974e-f280fb1ddc2a#0:FAIL-t1] and 0 exception(s); 5626998f-56c9-4981-9b08-c1e2bae34b5b:t1, leader=null, voted=5626998f-56c9-4981-9b08-c1e2bae34b5b, raftlog=5626998f-56c9-4981-9b08-c1e2bae34b5b-SegmentedRaftLog:OPENED:c-1,f-1,i0, conf=-1: [f52cda08-f9b0-48f5-86b0-26c4af303a45:192.168.34.41:44477, 5626998f-56c9-4981-9b08-c1e2bae34b5b:192.168.34.41:38561, 04134da6-7829-40a2-974e-f280fb1ddc2a:192.168.34.41:33573], old=null
2019-08-21 11:16:11,490 INFO  impl.LeaderElection (LeaderElection.java:logAndReturn(56)) - f52cda08-f9b0-48f5-86b0-26c4af303a45:group-B3095114365A:LeaderElection8: Election REJECTED; received 2 response(s) [f52cda08-f9b0-48f5-86b0-26c4af303a45<-5626998f-56c9-4981-9b08-c1e2bae34b5b#0:FAIL-t1, f52cda08-f9b0-48f5-86b0-26c4af303a45<-04134da6-7829-40a2-974e-f280fb1ddc2a#0:FAIL-t1] and 0 exception(s); f52cda08-f9b0-48f5-86b0-26c4af303a45:t1, leader=null, voted=f52cda08-f9b0-48f5-86b0-26c4af303a45, raftlog=f52cda08-f9b0-48f5-86b0-26c4af303a45-SegmentedRaftLog:OPENED:c-1,f-1,i0, conf=-1: [f52cda08-f9b0-48f5-86b0-26c4af303a45:192.168.34.41:44477, 5626998f-56c9-4981-9b08-c1e2bae34b5b:192.168.34.41:38561, 04134da6-7829-40a2-974e-f280fb1ddc2a:192.168.34.41:33573], old=null
2019-08-21 11:16:11,492 INFO  impl.LeaderElection (LeaderElection.java:logAndReturn(56)) - 04134da6-7829-40a2-974e-f280fb1ddc2a:group-B3095114365A:LeaderElection7: Election REJECTED; received 2 response(s) [04134da6-7829-40a2-974e-f280fb1ddc2a<-5626998f-56c9-4981-9b08-c1e2bae34b5b#0:FAIL-t1, 04134da6-7829-40a2-974e-f280fb1ddc2a<-f52cda08-f9b0-48f5-86b0-26c4af303a45#0:FAIL-t1] and 0 exception(s); 04134da6-7829-40a2-974e-f280fb1ddc2a:t1, leader=null, voted=04134da6-7829-40a2-974e-f280fb1ddc2a, raftlog=04134da6-7829-40a2-974e-f280fb1ddc2a-SegmentedRaftLog:OPENED:c-1,f-1,i0, conf=-1: [f52cda08-f9b0-48f5-86b0-26c4af303a45:192.168.34.41:44477, 5626998f-56c9-4981-9b08-c1e2bae34b5b:192.168.34.41:38561, 04134da6-7829-40a2-974e-f280fb1ddc2a:192.168.34.41:33573], old=null
2019-08-21 11:16:11,493 INFO  impl.LeaderElection (LeaderElection.java:askForVotes(181)) - 5474465a-fa64-48bc-87f1-794a01d5c0b4:group-9AF53007C1B7:LeaderElection11: begin an election at term 1 for -1: [5cdb3527-3952-491c-8927-c4daf8618b24:192.168.34.41:33304, 74ffb741-3a54-4304-9d53-d2ff2e69c015:192.168.34.41:44786, 5474465a-fa64-48bc-87f1-794a01d5c0b4:192.168.34.41:37654], old=null
2019-08-21 11:16:11,501 INFO  impl.RaftServerImpl (RaftServerImpl.java:setRole(171)) - 04134da6-7829-40a2-974e-f280fb1ddc2a:group-B3095114365A changes role from CANDIDATE to FOLLOWER at term 1 for DISCOVERED_A_NEW_TERM
2019-08-21 11:16:11,503 INFO  impl.RaftServerImpl (RaftServerImpl.java:setRole(171)) - 5626998f-56c9-4981-9b08-c1e2bae34b5b:group-B3095114365A changes role from CANDIDATE to FOLLOWER at term 1 for DISCOVERED_A_NEW_TERM
2019-08-21 11:16:11,503 INFO  impl.RaftServerImpl (RaftServerImpl.java:setRole(171)) - f52cda08-f9b0-48f5-86b0-26c4af303a45:group-B3095114365A changes role from CANDIDATE to FOLLOWER at term 1 for DISCOVERED_A_NEW_TERM
2019-08-21 11:16:11,503 INFO  impl.RoleInfo (RoleInfo.java:shutdownLeaderElection(134)) - 04134da6-7829-40a2-974e-f280fb1ddc2a: shutdown LeaderElection
2019-08-21 11:16:11,508 INFO  impl.RoleInfo (RoleInfo.java:shutdownLeaderElection(134)) - f52cda08-f9b0-48f5-86b0-26c4af303a45: shutdown LeaderElection
2019-08-21 11:16:11,505 INFO  impl.RoleInfo (RoleInfo.java:shutdownLeaderElection(134)) - 5626998f-56c9-4981-9b08-c1e2bae34b5b: shutdown LeaderElection
2019-08-21 11:16:11,508 INFO  impl.RoleInfo (RoleInfo.java:updateAndGet(143)) - 04134da6-7829-40a2-974e-f280fb1ddc2a: start FollowerState
2019-08-21 11:16:11,512 INFO  impl.RoleInfo (RoleInfo.java:updateAndGet(143)) - 5626998f-56c9-4981-9b08-c1e2bae34b5b: start FollowerState
2019-08-21 11:16:11,512 INFO  impl.RoleInfo (RoleInfo.java:updateAndGet(143)) - f52cda08-f9b0-48f5-86b0-26c4af303a45: start FollowerState
2019-08-21 11:16:11,534 INFO  impl.LeaderElection (LeaderElection.java:logAndReturn(56)) - 5cdb3527-3952-491c-8927-c4daf8618b24:group-9AF53007C1B7:LeaderElection10: Election REJECTED; received 2 response(s) [5cdb3527-3952-491c-8927-c4daf8618b24<-74ffb741-3a54-4304-9d53-d2ff2e69c015#0:FAIL-t1, 5cdb3527-3952-491c-8927-c4daf8618b24<-5474465a-fa64-48bc-87f1-794a01d5c0b4#0:FAIL-t1] and 0 exception(s); 5cdb3527-3952-491c-8927-c4daf8618b24:t1, leader=null, voted=5cdb3527-3952-491c-8927-c4daf8618b24, raftlog=5cdb3527-3952-491c-8927-c4daf8618b24-SegmentedRaftLog:OPENED:c-1,f-1,i0, conf=-1: [5cdb3527-3952-491c-8927-c4daf8618b24:192.168.34.41:33304, 74ffb741-3a54-4304-9d53-d2ff2e69c015:192.168.34.41:44786, 5474465a-fa64-48bc-87f1-794a01d5c0b4:192.168.34.41:37654], old=null
2019-08-21 11:16:11,534 INFO  impl.RaftServerImpl (RaftServerImpl.java:setRole(171)) - 5cdb3527-3952-491c-8927-c4daf8618b24:group-9AF53007C1B7 changes role from CANDIDATE to FOLLOWER at term 1 for DISCOVERED_A_NEW_TERM
2019-08-21 11:16:11,537 INFO  impl.RoleInfo (RoleInfo.java:shutdownLeaderElection(134)) - 5cdb3527-3952-491c-8927-c4daf8618b24: shutdown LeaderElection
2019-08-21 11:16:11,537 INFO  impl.RoleInfo (RoleInfo.java:updateAndGet(143)) - 5cdb3527-3952-491c-8927-c4daf8618b24: start FollowerState
2019-08-21 11:16:11,540 INFO  impl.LeaderElection (LeaderElection.java:logAndReturn(56)) - 74ffb741-3a54-4304-9d53-d2ff2e69c015:group-9AF53007C1B7:LeaderElection12: Election REJECTED; received 2 response(s) [74ffb741-3a54-4304-9d53-d2ff2e69c015<-5cdb3527-3952-491c-8927-c4daf8618b24#0:FAIL-t1, 74ffb741-3a54-4304-9d53-d2ff2e69c015<-5474465a-fa64-48bc-87f1-794a01d5c0b4#0:FAIL-t1] and 0 exception(s); 74ffb741-3a54-4304-9d53-d2ff2e69c015:t1, leader=null, voted=74ffb741-3a54-4304-9d53-d2ff2e69c015, raftlog=74ffb741-3a54-4304-9d53-d2ff2e69c015-SegmentedRaftLog:OPENED:c-1,f-1,i0, conf=-1: [5cdb3527-3952-491c-8927-c4daf8618b24:192.168.34.41:33304, 74ffb741-3a54-4304-9d53-d2ff2e69c015:192.168.34.41:44786, 5474465a-fa64-48bc-87f1-794a01d5c0b4:192.168.34.41:37654], old=null
2019-08-21 11:16:11,543 INFO  impl.RaftServerImpl (RaftServerImpl.java:setRole(171)) - 74ffb741-3a54-4304-9d53-d2ff2e69c015:group-9AF53007C1B7 changes role from CANDIDATE to FOLLOWER at term 1 for DISCOVERED_A_NEW_TERM
2019-08-21 11:16:11,544 INFO  impl.RoleInfo (RoleInfo.java:shutdownLeaderElection(134)) - 74ffb741-3a54-4304-9d53-d2ff2e69c015: shutdown LeaderElection
2019-08-21 11:16:11,555 INFO  impl.RoleInfo (RoleInfo.java:updateAndGet(143)) - 74ffb741-3a54-4304-9d53-d2ff2e69c015: start FollowerState
2019-08-21 11:16:11,556 INFO  impl.LeaderElection (LeaderElection.java:logAndReturn(56)) - 5474465a-fa64-48bc-87f1-794a01d5c0b4:group-9AF53007C1B7:LeaderElection11: Election REJECTED; received 2 response(s) [5474465a-fa64-48bc-87f1-794a01d5c0b4<-5cdb3527-3952-491c-8927-c4daf8618b24#0:FAIL-t1, 5474465a-fa64-48bc-87f1-794a01d5c0b4<-74ffb741-3a54-4304-9d53-d2ff2e69c015#0:FAIL-t1] and 0 exception(s); 5474465a-fa64-48bc-87f1-794a01d5c0b4:t1, leader=null, voted=5474465a-fa64-48bc-87f1-794a01d5c0b4, raftlog=5474465a-fa64-48bc-87f1-794a01d5c0b4-SegmentedRaftLog:OPENED:c-1,f-1,i0, conf=-1: [5cdb3527-3952-491c-8927-c4daf8618b24:192.168.34.41:33304, 74ffb741-3a54-4304-9d53-d2ff2e69c015:192.168.34.41:44786, 5474465a-fa64-48bc-87f1-794a01d5c0b4:192.168.34.41:37654], old=null
2019-08-21 11:16:11,557 INFO  impl.RaftServerImpl (RaftServerImpl.java:setRole(171)) - 5474465a-fa64-48bc-87f1-794a01d5c0b4:group-9AF53007C1B7 changes role from CANDIDATE to FOLLOWER at term 1 for DISCOVERED_A_NEW_TERM
2019-08-21 11:16:11,557 INFO  impl.RoleInfo (RoleInfo.java:shutdownLeaderElection(134)) - 5474465a-fa64-48bc-87f1-794a01d5c0b4: shutdown LeaderElection
2019-08-21 11:16:11,557 INFO  impl.RoleInfo (RoleInfo.java:updateAndGet(143)) - 5474465a-fa64-48bc-87f1-794a01d5c0b4: start FollowerState
2019-08-21 11:16:11,613 INFO  client.GrpcClientProtocolClient (GrpcClientProtocolClient.java:onNext(255)) - client-0AFA7106BD76->04134da6-7829-40a2-974e-f280fb1ddc2a: receive RaftClientReply:client-0AFA7106BD76->04134da6-7829-40a2-974e-f280fb1ddc2a@group-B3095114365A, cid=12, FAILED org.apache.ratis.protocol.NotLeaderException: Server 04134da6-7829-40a2-974e-f280fb1ddc2a is not the leader (null). Request must be sent to leader., logIndex=0, commits[04134da6-7829-40a2-974e-f280fb1ddc2a:c-1]
2019-08-21 11:16:11,633 WARN  io.KeyOutputStream (KeyOutputStream.java:handleException(276)) - Encountered exception java.io.IOException: Unexpected Storage Container Exception: java.util.concurrent.CompletionException: java.util.concurrent.CompletionException: org.apache.ratis.protocol.RaftRetryFailureException: Failed RaftClientRequest:client-0AFA7106BD76->04134da6-7829-40a2-974e-f280fb1ddc2a@group-B3095114365A, cid=12, seq=1*, RW, org.apache.hadoop.hdds.scm.XceiverClientRatis$$Lambda$316/207514021@153544ce for 5 attempts with RetryLimited(maxAttempts=5, sleepTime=1000ms) on the pipeline Pipeline[ Id: 071db9c2-f021-4ca7-8fe9-b3095114365a, Nodes: f52cda08-f9b0-48f5-86b0-26c4af303a45{ip: 192.168.34.41, host: pr-hdds-1937-dnpk4-2229529846, networkLocation: /default-rack, certSerialId: null}5626998f-56c9-4981-9b08-c1e2bae34b5b{ip: 192.168.34.41, host: pr-hdds-1937-dnpk4-2229529846, networkLocation: /default-rack, certSerialId: null}04134da6-7829-40a2-974e-f280fb1ddc2a{ip: 192.168.34.41, host: pr-hdds-1937-dnpk4-2229529846, networkLocation: /default-rack, certSerialId: null}, Type:RATIS, Factor:THREE, State:OPEN]. The last committed block length is 0, uncommitted data length is 2097152 retry count 0
2019-08-21 11:16:11,686 INFO  client.GrpcClientProtocolClient (GrpcClientProtocolClient.java:onNext(255)) - client-CB1F9F1BD781->5cdb3527-3952-491c-8927-c4daf8618b24: receive RaftClientReply:client-CB1F9F1BD781->5cdb3527-3952-491c-8927-c4daf8618b24@group-9AF53007C1B7, cid=16, FAILED org.apache.ratis.protocol.NotLeaderException: Server 5cdb3527-3952-491c-8927-c4daf8618b24 is not the leader (null). Request must be sent to leader., logIndex=0, commits[5cdb3527-3952-491c-8927-c4daf8618b24:c-1]
2019-08-21 11:16:12,721 INFO  client.GrpcClientProtocolClient (GrpcClientProtocolClient.java:onNext(255)) - client-CB1F9F1BD781->74ffb741-3a54-4304-9d53-d2ff2e69c015: receive RaftClientReply:client-CB1F9F1BD781->74ffb741-3a54-4304-9d53-d2ff2e69c015@group-9AF53007C1B7, cid=16, FAILED org.apache.ratis.protocol.NotLeaderException: Server 74ffb741-3a54-4304-9d53-d2ff2e69c015 is not the leader (null). Request must be sent to leader., logIndex=0, commits[74ffb741-3a54-4304-9d53-d2ff2e69c015:c-1]
2019-08-21 11:16:13,762 INFO  client.GrpcClientProtocolClient (GrpcClientProtocolClient.java:onNext(255)) - client-CB1F9F1BD781->5474465a-fa64-48bc-87f1-794a01d5c0b4: receive RaftClientReply:client-CB1F9F1BD781->5474465a-fa64-48bc-87f1-794a01d5c0b4@group-9AF53007C1B7, cid=16, FAILED org.apache.ratis.protocol.NotLeaderException: Server 5474465a-fa64-48bc-87f1-794a01d5c0b4 is not the leader (null). Request must be sent to leader., logIndex=0, commits[5474465a-fa64-48bc-87f1-794a01d5c0b4:c-1]
2019-08-21 11:16:14,795 INFO  client.GrpcClientProtocolClient (GrpcClientProtocolClient.java:onNext(255)) - client-CB1F9F1BD781->5cdb3527-3952-491c-8927-c4daf8618b24: receive RaftClientReply:client-CB1F9F1BD781->5cdb3527-3952-491c-8927-c4daf8618b24@group-9AF53007C1B7, cid=16, FAILED org.apache.ratis.protocol.NotLeaderException: Server 5cdb3527-3952-491c-8927-c4daf8618b24 is not the leader (null). Request must be sent to leader., logIndex=0, commits[5cdb3527-3952-491c-8927-c4daf8618b24:c-1]
2019-08-21 11:16:15,840 INFO  client.GrpcClientProtocolClient (GrpcClientProtocolClient.java:onNext(255)) - client-CB1F9F1BD781->74ffb741-3a54-4304-9d53-d2ff2e69c015: receive RaftClientReply:client-CB1F9F1BD781->74ffb741-3a54-4304-9d53-d2ff2e69c015@group-9AF53007C1B7, cid=16, FAILED org.apache.ratis.protocol.NotLeaderException: Server 74ffb741-3a54-4304-9d53-d2ff2e69c015 is not the leader (null). Request must be sent to leader., logIndex=0, commits[74ffb741-3a54-4304-9d53-d2ff2e69c015:c-1]
2019-08-21 11:16:15,855 WARN  io.KeyOutputStream (KeyOutputStream.java:handleException(276)) - Encountered exception java.io.IOException: Unexpected Storage Container Exception: java.util.concurrent.CompletionException: java.util.concurrent.CompletionException: org.apache.ratis.protocol.RaftRetryFailureException: Failed RaftClientRequest:client-CB1F9F1BD781->74ffb741-3a54-4304-9d53-d2ff2e69c015@group-9AF53007C1B7, cid=16, seq=1*, RW, org.apache.hadoop.hdds.scm.XceiverClientRatis$$Lambda$316/207514021@721e751f for 5 attempts with RetryLimited(maxAttempts=5, sleepTime=1000ms) on the pipeline Pipeline[ Id: a01270f5-db78-4472-a8f8-9af53007c1b7, Nodes: 5cdb3527-3952-491c-8927-c4daf8618b24{ip: 192.168.34.41, host: pr-hdds-1937-dnpk4-2229529846, networkLocation: /default-rack, certSerialId: null}5474465a-fa64-48bc-87f1-794a01d5c0b4{ip: 192.168.34.41, host: pr-hdds-1937-dnpk4-2229529846, networkLocation: /default-rack, certSerialId: null}74ffb741-3a54-4304-9d53-d2ff2e69c015{ip: 192.168.34.41, host: pr-hdds-1937-dnpk4-2229529846, networkLocation: /default-rack, certSerialId: null}, Type:RATIS, Factor:THREE, State:OPEN]. The last committed block length is 0, uncommitted data length is 2097152 retry count 1
2019-08-21 11:16:15,880 WARN  block.BlockManagerImpl (BlockManagerImpl.java:allocateBlock(192)) - Pipeline creation failed for type:RATIS factor:THREE. Retrying get pipelines call once.
org.apache.hadoop.hdds.scm.pipeline.InsufficientDatanodesException: Cannot create pipeline of factor 3 using 0 nodes.
	at org.apache.hadoop.hdds.scm.pipeline.RatisPipelineProvider.create(RatisPipelineProvider.java:151)
	at org.apache.hadoop.hdds.scm.pipeline.PipelineFactory.create(PipelineFactory.java:57)
	at org.apache.hadoop.hdds.scm.pipeline.SCMPipelineManager.createPipeline(SCMPipelineManager.java:149)
	at org.apache.hadoop.hdds.scm.block.BlockManagerImpl.allocateBlock(BlockManagerImpl.java:190)
	at org.apache.hadoop.hdds.scm.server.SCMBlockProtocolServer.allocateBlock(SCMBlockProtocolServer.java:175)
	at org.apache.hadoop.ozone.protocolPB.ScmBlockLocationProtocolServerSideTranslatorPB.allocateScmBlock(ScmBlockLocationProtocolServerSideTranslatorPB.java:153)
	at org.apache.hadoop.ozone.protocolPB.ScmBlockLocationProtocolServerSideTranslatorPB.send(ScmBlockLocationProtocolServerSideTranslatorPB.java:112)
	at org.apache.hadoop.hdds.protocol.proto.ScmBlockLocationProtocolProtos$ScmBlockLocationProtocolService$2.callBlockingMethod(ScmBlockLocationProtocolProtos.java:13157)
	at org.apache.hadoop.ipc.ProtobufRpcEngine$Server$ProtoBufRpcInvoker.call(ProtobufRpcEngine.java:524)
	at org.apache.hadoop.ipc.RPC$Server.call(RPC.java:1025)
	at org.apache.hadoop.ipc.Server$RpcCall.run(Server.java:876)
	at org.apache.hadoop.ipc.Server$RpcCall.run(Server.java:822)
	at java.security.AccessController.doPrivileged(Native Method)
	at javax.security.auth.Subject.doAs(Subject.java:422)
	at org.apache.hadoop.security.UserGroupInformation.doAs(UserGroupInformation.java:1730)
	at org.apache.hadoop.ipc.Server$Handler.run(Server.java:2682)
2019-08-21 11:16:15,883 INFO  block.BlockManagerImpl (BlockManagerImpl.java:allocateBlock(198)) - Could not find available pipeline of type:RATIS and factor:THREE even after retrying
2019-08-21 11:16:15,883 ERROR block.BlockManagerImpl (BlockManagerImpl.java:allocateBlock(222)) - Unable to allocate a block for the size: 4194304, type: RATIS, factor: THREE
11:16:15.889 [IPC Server handler 9 on 41513] ERROR OMAudit - user=jenkins1000 | ip=127.0.0.1 | op=ALLOCATE_BLOCK {volume=datanodefailurehandlingtest, bucket=datanodefailurehandlingtest, key=ratis3, dataSize=0, replicationType=null, replicationFactor=null, keyLocationInfo=null, clientID=102654683847720960} | ret=FAILURE
org.apache.hadoop.hdds.scm.exceptions.SCMException: Allocated 0 blocks. Requested 1 blocks
	at org.apache.hadoop.hdds.scm.protocolPB.ScmBlockLocationProtocolClientSideTranslatorPB.handleError(ScmBlockLocationProtocolClientSideTranslatorPB.java:118) ~[hadoop-hdds-common-0.5.0-SNAPSHOT.jar:?]
	at org.apache.hadoop.hdds.scm.protocolPB.ScmBlockLocationProtocolClientSideTranslatorPB.allocateBlock(ScmBlockLocationProtocolClientSideTranslatorPB.java:156) ~[hadoop-hdds-common-0.5.0-SNAPSHOT.jar:?]
	at sun.reflect.NativeMethodAccessorImpl.invoke0(Native Method) ~[?:1.8.0_212]
	at sun.reflect.NativeMethodAccessorImpl.invoke(NativeMethodAccessorImpl.java:62) ~[?:1.8.0_212]
	at sun.reflect.DelegatingMethodAccessorImpl.invoke(DelegatingMethodAccessorImpl.java:43) ~[?:1.8.0_212]
	at java.lang.reflect.Method.invoke(Method.java:498) ~[?:1.8.0_212]
	at org.apache.hadoop.hdds.tracing.TraceAllMethod.invoke(TraceAllMethod.java:66) ~[hadoop-hdds-common-0.5.0-SNAPSHOT.jar:?]
	at com.sun.proxy.$Proxy25.allocateBlock(Unknown Source) ~[?:?]
	at org.apache.hadoop.ozone.om.KeyManagerImpl.allocateBlock(KeyManagerImpl.java:333) ~[hadoop-ozone-ozone-manager-0.5.0-SNAPSHOT.jar:?]
	at org.apache.hadoop.ozone.om.KeyManagerImpl.allocateBlock(KeyManagerImpl.java:304) ~[hadoop-ozone-ozone-manager-0.5.0-SNAPSHOT.jar:?]
	at org.apache.hadoop.ozone.om.OzoneManager.allocateBlock(OzoneManager.java:2297) [hadoop-ozone-ozone-manager-0.5.0-SNAPSHOT.jar:?]
	at org.apache.hadoop.ozone.protocolPB.OzoneManagerRequestHandler.allocateBlock(OzoneManagerRequestHandler.java:741) [hadoop-ozone-ozone-manager-0.5.0-SNAPSHOT.jar:?]
	at org.apache.hadoop.ozone.protocolPB.OzoneManagerRequestHandler.handle(OzoneManagerRequestHandler.java:243) [hadoop-ozone-ozone-manager-0.5.0-SNAPSHOT.jar:?]
	at org.apache.hadoop.ozone.protocolPB.OzoneManagerProtocolServerSideTranslatorPB.submitRequestDirectlyToOM(OzoneManagerProtocolServerSideTranslatorPB.java:200) [hadoop-ozone-ozone-manager-0.5.0-SNAPSHOT.jar:?]
	at org.apache.hadoop.ozone.protocolPB.OzoneManagerProtocolServerSideTranslatorPB.submitRequest(OzoneManagerProtocolServerSideTranslatorPB.java:118) [hadoop-ozone-ozone-manager-0.5.0-SNAPSHOT.jar:?]
	at org.apache.hadoop.ozone.protocol.proto.OzoneManagerProtocolProtos$OzoneManagerService$2.callBlockingMethod(OzoneManagerProtocolProtos.java) [hadoop-ozone-common-0.5.0-SNAPSHOT.jar:?]
	at org.apache.hadoop.ipc.ProtobufRpcEngine$Server$ProtoBufRpcInvoker.call(ProtobufRpcEngine.java:524) [hadoop-common-3.2.0.jar:?]
	at org.apache.hadoop.ipc.RPC$Server.call(RPC.java:1025) [hadoop-common-3.2.0.jar:?]
	at org.apache.hadoop.ipc.Server$RpcCall.run(Server.java:876) [hadoop-common-3.2.0.jar:?]
	at org.apache.hadoop.ipc.Server$RpcCall.run(Server.java:822) [hadoop-common-3.2.0.jar:?]
	at java.security.AccessController.doPrivileged(Native Method) [?:1.8.0_212]
	at javax.security.auth.Subject.doAs(Subject.java:422) [?:1.8.0_212]
	at org.apache.hadoop.security.UserGroupInformation.doAs(UserGroupInformation.java:1730) [hadoop-common-3.2.0.jar:?]
	at org.apache.hadoop.ipc.Server$Handler.run(Server.java:2682) [hadoop-common-3.2.0.jar:?]
2019-08-21 11:16:15,910 ERROR io.BlockOutputStreamEntryPool (BlockOutputStreamEntryPool.java:allocateBlockIfNeeded(299)) - Try to allocate more blocks for write failed, already allocated 0 blocks for this write.
INTERNAL_ERROR org.apache.hadoop.ozone.om.exceptions.OMException: Allocated 0 blocks. Requested 1 blocks
	at org.apache.hadoop.ozone.om.protocolPB.OzoneManagerProtocolClientSideTranslatorPB.handleError(OzoneManagerProtocolClientSideTranslatorPB.java:720)
	at org.apache.hadoop.ozone.om.protocolPB.OzoneManagerProtocolClientSideTranslatorPB.allocateBlock(OzoneManagerProtocolClientSideTranslatorPB.java:752)
	at org.apache.hadoop.ozone.client.io.BlockOutputStreamEntryPool.allocateNewBlock(BlockOutputStreamEntryPool.java:248)
	at org.apache.hadoop.ozone.client.io.BlockOutputStreamEntryPool.allocateBlockIfNeeded(BlockOutputStreamEntryPool.java:296)
	at org.apache.hadoop.ozone.client.io.KeyOutputStream.handleWrite(KeyOutputStream.java:201)
	at org.apache.hadoop.ozone.client.io.KeyOutputStream.handleRetry(KeyOutputStream.java:376)
	at org.apache.hadoop.ozone.client.io.KeyOutputStream.handleException(KeyOutputStream.java:325)
	at org.apache.hadoop.ozone.client.io.KeyOutputStream.handleWrite(KeyOutputStream.java:231)
	at org.apache.hadoop.ozone.client.io.KeyOutputStream.handleRetry(KeyOutputStream.java:376)
	at org.apache.hadoop.ozone.client.io.KeyOutputStream.handleException(KeyOutputStream.java:325)
	at org.apache.hadoop.ozone.client.io.KeyOutputStream.handleWrite(KeyOutputStream.java:231)
	at org.apache.hadoop.ozone.client.io.KeyOutputStream.write(KeyOutputStream.java:193)
	at org.apache.hadoop.ozone.client.io.OzoneOutputStream.write(OzoneOutputStream.java:49)
	at java.io.OutputStream.write(OutputStream.java:75)
	at org.apache.hadoop.ozone.client.rpc.TestMultiBlockWritesWithDnFailures.testMultiBlockWritesWithDnFailures(TestMultiBlockWritesWithDnFailures.java:122)
	at sun.reflect.NativeMethodAccessorImpl.invoke0(Native Method)
	at sun.reflect.NativeMethodAccessorImpl.invoke(NativeMethodAccessorImpl.java:62)
	at sun.reflect.DelegatingMethodAccessorImpl.invoke(DelegatingMethodAccessorImpl.java:43)
	at java.lang.reflect.Method.invoke(Method.java:498)
	at org.junit.runners.model.FrameworkMethod$1.runReflectiveCall(FrameworkMethod.java:47)
	at org.junit.internal.runners.model.ReflectiveCallable.run(ReflectiveCallable.java:12)
	at org.junit.runners.model.FrameworkMethod.invokeExplosively(FrameworkMethod.java:44)
	at org.junit.internal.runners.statements.InvokeMethod.evaluate(InvokeMethod.java:17)
	at org.junit.runners.ParentRunner.runLeaf(ParentRunner.java:271)
	at org.junit.runners.BlockJUnit4ClassRunner.runChild(BlockJUnit4ClassRunner.java:70)
	at org.junit.runners.BlockJUnit4ClassRunner.runChild(BlockJUnit4ClassRunner.java:50)
	at org.junit.runners.ParentRunner$3.run(ParentRunner.java:238)
	at org.junit.runners.ParentRunner$1.schedule(ParentRunner.java:63)
	at org.junit.runners.ParentRunner.runChildren(ParentRunner.java:236)
	at org.junit.runners.ParentRunner.access$000(ParentRunner.java:53)
	at org.junit.runners.ParentRunner$2.evaluate(ParentRunner.java:229)
	at org.junit.runners.ParentRunner.run(ParentRunner.java:309)
	at org.apache.maven.surefire.junit4.JUnit4Provider.execute(JUnit4Provider.java:365)
	at org.apache.maven.surefire.junit4.JUnit4Provider.executeWithRerun(JUnit4Provider.java:273)
	at org.apache.maven.surefire.junit4.JUnit4Provider.executeTestSet(JUnit4Provider.java:238)
	at org.apache.maven.surefire.junit4.JUnit4Provider.invoke(JUnit4Provider.java:159)
	at org.apache.maven.surefire.booter.ForkedBooter.invokeProviderInSameClassLoader(ForkedBooter.java:384)
	at org.apache.maven.surefire.booter.ForkedBooter.runSuitesInProcess(ForkedBooter.java:345)
	at org.apache.maven.surefire.booter.ForkedBooter.execute(ForkedBooter.java:126)
	at org.apache.maven.surefire.booter.ForkedBooter.main(ForkedBooter.java:418)
]]></system-out>
    <system-err><![CDATA[ERROR StatusLogger No Log4j 2 configuration file found. Using default configuration (logging only errors to the console), or user programmatically provided configurations. Set system property 'log4j2.debug' to show Log4j 2 internal initialization logging. See https://logging.apache.org/log4j/2.x/manual/configuration.html for instructions on how to configure Log4j 2
Aug 21, 2019 11:15:59 AM com.sun.jersey.server.impl.application.WebApplicationImpl _initiate
INFO: Initiating Jersey application, version 'Jersey: 1.19 02/11/2015 03:25 AM'
Aug 21, 2019 11:16:00 AM com.sun.jersey.server.impl.application.WebApplicationImpl _initiate
INFO: Initiating Jersey application, version 'Jersey: 1.19 02/11/2015 03:25 AM'
Aug 21, 2019 11:16:00 AM com.sun.jersey.server.impl.application.WebApplicationImpl _initiate
INFO: Initiating Jersey application, version 'Jersey: 1.19 02/11/2015 03:25 AM'
Aug 21, 2019 11:16:01 AM com.sun.jersey.server.impl.application.WebApplicationImpl _initiate
INFO: Initiating Jersey application, version 'Jersey: 1.19 02/11/2015 03:25 AM'
Aug 21, 2019 11:16:01 AM com.sun.jersey.server.impl.application.WebApplicationImpl _initiate
INFO: Initiating Jersey application, version 'Jersey: 1.19 02/11/2015 03:25 AM'
Aug 21, 2019 11:16:01 AM com.sun.jersey.server.impl.application.WebApplicationImpl _initiate
INFO: Initiating Jersey application, version 'Jersey: 1.19 02/11/2015 03:25 AM'
]]></system-err>
  </testcase>
</testsuite>