<?xml version="1.0" encoding="UTF-8"?>
<testsuite xmlns:xsi="http://www.w3.org/2001/XMLSchema-instance" xsi:noNamespaceSchemaLocation="https://maven.apache.org/surefire/maven-surefire-plugin/xsd/surefire-test-report.xsd" name="org.apache.hadoop.ozone.client.rpc.TestWatchForCommit" time="214.034" tests="5" errors="1" skipped="0" failures="0">
  <properties>
    <property name="awt.toolkit" value="sun.awt.X11.XToolkit"/>
    <property name="file.encoding.pkg" value="sun.io"/>
    <property name="java.specification.version" value="1.8"/>
    <property name="sun.cpu.isalist" value=""/>
    <property name="sun.jnu.encoding" value="UTF-8"/>
    <property name="java.class.path" value="/workdir/hadoop-ozone/integration-test/target/test-classes:/workdir/hadoop-ozone/integration-test/target/classes:/home/user/.m2/repository/org/apache/hadoop/hadoop-ozone-common/0.5.0-SNAPSHOT/hadoop-ozone-common-0.5.0-SNAPSHOT.jar:/home/user/.m2/repository/org/apache/commons/commons-compress/1.4.1/commons-compress-1.4.1.jar:/home/user/.m2/repository/org/tukaani/xz/1.0/xz-1.0.jar:/home/user/.m2/repository/org/apache/hadoop/hadoop-common/3.2.0/hadoop-common-3.2.0.jar:/home/user/.m2/repository/org/apache/hadoop/hadoop-hdfs/3.2.0/hadoop-hdfs-3.2.0.jar:/home/user/.m2/repository/org/apache/hadoop/hadoop-hdfs-client/3.2.0/hadoop-hdfs-client-3.2.0.jar:/home/user/.m2/repository/com/fasterxml/jackson/core/jackson-annotations/2.9.5/jackson-annotations-2.9.5.jar:/home/user/.m2/repository/org/apache/hadoop/hadoop-hdds-common/0.5.0-SNAPSHOT/hadoop-hdds-common-0.5.0-SNAPSHOT.jar:/home/user/.m2/repository/javax/annotation/javax.annotation-api/1.2/javax.annotation-api-1.2.jar:/home/user/.m2/repository/org/apache/ratis/ratis-server/0.4.0-2337318-SNAPSHOT/ratis-server-0.4.0-2337318-SNAPSHOT.jar:/home/user/.m2/repository/org/apache/ratis/ratis-thirdparty-misc/0.2.0/ratis-thirdparty-misc-0.2.0.jar:/home/user/.m2/repository/org/apache/ratis/ratis-proto/0.4.0-2337318-SNAPSHOT/ratis-proto-0.4.0-2337318-SNAPSHOT.jar:/home/user/.m2/repository/org/apache/ratis/ratis-common/0.4.0-2337318-SNAPSHOT/ratis-common-0.4.0-2337318-SNAPSHOT.jar:/home/user/.m2/repository/org/apache/ratis/ratis-client/0.4.0-2337318-SNAPSHOT/ratis-client-0.4.0-2337318-SNAPSHOT.jar:/home/user/.m2/repository/org/apache/ratis/ratis-metrics/0.4.0-2337318-SNAPSHOT/ratis-metrics-0.4.0-2337318-SNAPSHOT.jar:/home/user/.m2/repository/org/apache/ratis/ratis-netty/0.4.0-2337318-SNAPSHOT/ratis-netty-0.4.0-2337318-SNAPSHOT.jar:/home/user/.m2/repository/org/apache/ratis/ratis-grpc/0.4.0-2337318-SNAPSHOT/ratis-grpc-0.4.0-2337318-SNAPSHOT.jar:/home/user/.m2/repository/org/rocksdb/rocksdbjni/6.0.1/rocksdbjni-6.0.1.jar:/home/user/.m2/repository/org/apache/logging/log4j/log4j-api/2.11.0/log4j-api-2.11.0.jar:/home/user/.m2/repository/org/apache/logging/log4j/log4j-core/2.11.0/log4j-core-2.11.0.jar:/home/user/.m2/repository/com/lmax/disruptor/3.4.2/disruptor-3.4.2.jar:/home/user/.m2/repository/org/apache/commons/commons-pool2/2.6.0/commons-pool2-2.6.0.jar:/home/user/.m2/repository/org/bouncycastle/bcpkix-jdk15on/1.60/bcpkix-jdk15on-1.60.jar:/home/user/.m2/repository/commons-validator/commons-validator/1.6/commons-validator-1.6.jar:/home/user/.m2/repository/commons-digester/commons-digester/1.8.1/commons-digester-1.8.1.jar:/home/user/.m2/repository/io/jaegertracing/jaeger-client/0.33.1/jaeger-client-0.33.1.jar:/home/user/.m2/repository/io/jaegertracing/jaeger-thrift/0.33.1/jaeger-thrift-0.33.1.jar:/home/user/.m2/repository/org/apache/thrift/libthrift/0.11.0/libthrift-0.11.0.jar:/home/user/.m2/repository/com/squareup/okhttp3/okhttp/3.9.0/okhttp-3.9.0.jar:/home/user/.m2/repository/com/squareup/okio/okio/1.13.0/okio-1.13.0.jar:/home/user/.m2/repository/io/jaegertracing/jaeger-core/0.33.1/jaeger-core-0.33.1.jar:/home/user/.m2/repository/io/jaegertracing/jaeger-tracerresolver/0.33.1/jaeger-tracerresolver-0.33.1.jar:/home/user/.m2/repository/io/opentracing/contrib/opentracing-tracerresolver/0.1.5/opentracing-tracerresolver-0.1.5.jar:/home/user/.m2/repository/io/opentracing/opentracing-util/0.31.0/opentracing-util-0.31.0.jar:/home/user/.m2/repository/io/opentracing/opentracing-api/0.31.0/opentracing-api-0.31.0.jar:/home/user/.m2/repository/io/opentracing/opentracing-noop/0.31.0/opentracing-noop-0.31.0.jar:/home/user/.m2/repository/org/apache/hadoop/hadoop-hdds-server-framework/0.5.0-SNAPSHOT/hadoop-hdds-server-framework-0.5.0-SNAPSHOT.jar:/home/user/.m2/repository/org/apache/hadoop/hadoop-hdds-container-service/0.5.0-SNAPSHOT/hadoop-hdds-container-service-0.5.0-SNAPSHOT.jar:/home/user/.m2/repository/org/apache/hadoop/hadoop-hdds-client/0.5.0-SNAPSHOT/hadoop-hdds-client-0.5.0-SNAPSHOT.jar:/home/user/.m2/repository/org/apache/hadoop/hadoop-hdds-tools/0.5.0-SNAPSHOT/hadoop-hdds-tools-0.5.0-SNAPSHOT.jar:/home/user/.m2/repository/org/apache/hadoop/hadoop-hdds-server-scm/0.5.0-SNAPSHOT/hadoop-hdds-server-scm-0.5.0-SNAPSHOT.jar:/home/user/.m2/repository/org/apache/hadoop/hadoop-hdds-docs/0.5.0-SNAPSHOT/hadoop-hdds-docs-0.5.0-SNAPSHOT.jar:/home/user/.m2/repository/io/dropwizard/metrics/metrics-core/3.2.4/metrics-core-3.2.4.jar:/home/user/.m2/repository/org/hamcrest/hamcrest-all/1.3/hamcrest-all-1.3.jar:/home/user/.m2/repository/org/bouncycastle/bcprov-jdk15on/1.60/bcprov-jdk15on-1.60.jar:/home/user/.m2/repository/info/picocli/picocli/3.9.6/picocli-3.9.6.jar:/home/user/.m2/repository/com/google/protobuf/protobuf-java/2.5.0/protobuf-java-2.5.0.jar:/home/user/.m2/repository/com/google/guava/guava/11.0.2/guava-11.0.2.jar:/home/user/.m2/repository/org/apache/hadoop/hadoop-ozone-ozone-manager/0.5.0-SNAPSHOT/hadoop-ozone-ozone-manager-0.5.0-SNAPSHOT.jar:/home/user/.m2/repository/org/apache/hadoop/hadoop-minikdc/3.2.0/hadoop-minikdc-3.2.0.jar:/home/user/.m2/repository/commons-io/commons-io/2.5/commons-io-2.5.jar:/home/user/.m2/repository/org/apache/kerby/kerb-simplekdc/1.0.1/kerb-simplekdc-1.0.1.jar:/home/user/.m2/repository/org/apache/kerby/kerb-client/1.0.1/kerb-client-1.0.1.jar:/home/user/.m2/repository/org/apache/kerby/kerby-config/1.0.1/kerby-config-1.0.1.jar:/home/user/.m2/repository/org/apache/kerby/kerb-core/1.0.1/kerb-core-1.0.1.jar:/home/user/.m2/repository/org/apache/kerby/kerby-pkix/1.0.1/kerby-pkix-1.0.1.jar:/home/user/.m2/repository/org/apache/kerby/kerby-asn1/1.0.1/kerby-asn1-1.0.1.jar:/home/user/.m2/repository/org/apache/kerby/kerby-util/1.0.1/kerby-util-1.0.1.jar:/home/user/.m2/repository/org/apache/kerby/kerb-common/1.0.1/kerb-common-1.0.1.jar:/home/user/.m2/repository/org/apache/kerby/kerb-crypto/1.0.1/kerb-crypto-1.0.1.jar:/home/user/.m2/repository/org/apache/kerby/kerb-util/1.0.1/kerb-util-1.0.1.jar:/home/user/.m2/repository/org/apache/kerby/token-provider/1.0.1/token-provider-1.0.1.jar:/home/user/.m2/repository/org/apache/kerby/kerb-admin/1.0.1/kerb-admin-1.0.1.jar:/home/user/.m2/repository/org/apache/kerby/kerb-server/1.0.1/kerb-server-1.0.1.jar:/home/user/.m2/repository/org/apache/kerby/kerb-identity/1.0.1/kerb-identity-1.0.1.jar:/home/user/.m2/repository/org/apache/kerby/kerby-xdr/1.0.1/kerby-xdr-1.0.1.jar:/home/user/.m2/repository/org/slf4j/slf4j-log4j12/1.7.25/slf4j-log4j12-1.7.25.jar:/home/user/.m2/repository/org/apache/hadoop/hadoop-ozone-objectstore-service/0.5.0-SNAPSHOT/hadoop-ozone-objectstore-service-0.5.0-SNAPSHOT.jar:/home/user/.m2/repository/org/apache/hadoop/hadoop-ozone-s3gateway/0.5.0-SNAPSHOT/hadoop-ozone-s3gateway-0.5.0-SNAPSHOT.jar:/home/user/.m2/repository/org/jboss/weld/servlet/weld-servlet/2.4.7.Final/weld-servlet-2.4.7.Final.jar:/home/user/.m2/repository/org/glassfish/jersey/containers/jersey-container-servlet-core/2.27/jersey-container-servlet-core-2.27.jar:/home/user/.m2/repository/org/glassfish/hk2/external/javax.inject/2.5.0-b42/javax.inject-2.5.0-b42.jar:/home/user/.m2/repository/org/glassfish/jersey/core/jersey-common/2.27/jersey-common-2.27.jar:/home/user/.m2/repository/org/glassfish/hk2/osgi-resource-locator/1.0.1/osgi-resource-locator-1.0.1.jar:/home/user/.m2/repository/javax/ws/rs/javax.ws.rs-api/2.1/javax.ws.rs-api-2.1.jar:/home/user/.m2/repository/org/glassfish/jersey/ext/cdi/jersey-cdi1x/2.27/jersey-cdi1x-2.27.jar:/home/user/.m2/repository/org/glassfish/jersey/inject/jersey-hk2/2.27/jersey-hk2-2.27.jar:/home/user/.m2/repository/org/glassfish/hk2/hk2-locator/2.5.0-b42/hk2-locator-2.5.0-b42.jar:/home/user/.m2/repository/org/javassist/javassist/3.22.0-CR2/javassist-3.22.0-CR2.jar:/home/user/.m2/repository/org/glassfish/hk2/hk2-api/2.5.0/hk2-api-2.5.0.jar:/home/user/.m2/repository/org/glassfish/hk2/external/jakarta.inject/2.5.0/jakarta.inject-2.5.0.jar:/home/user/.m2/repository/org/glassfish/hk2/hk2-utils/2.5.0/hk2-utils-2.5.0.jar:/home/user/.m2/repository/jakarta/annotation/jakarta.annotation-api/1.3.4/jakarta.annotation-api-1.3.4.jar:/home/user/.m2/repository/org/glassfish/hk2/external/aopalliance-repackaged/2.5.0/aopalliance-repackaged-2.5.0.jar:/home/user/.m2/repository/com/fasterxml/jackson/dataformat/jackson-dataformat-xml/2.9.0/jackson-dataformat-xml-2.9.0.jar:/home/user/.m2/repository/com/fasterxml/jackson/core/jackson-core/2.9.5/jackson-core-2.9.5.jar:/home/user/.m2/repository/com/fasterxml/jackson/module/jackson-module-jaxb-annotations/2.9.5/jackson-module-jaxb-annotations-2.9.5.jar:/home/user/.m2/repository/javax/enterprise/cdi-api/1.2/cdi-api-1.2.jar:/home/user/.m2/repository/javax/el/javax.el-api/3.0.0/javax.el-api-3.0.0.jar:/home/user/.m2/repository/javax/interceptor/javax.interceptor-api/1.2/javax.interceptor-api-1.2.jar:/home/user/.m2/repository/javax/inject/javax.inject/1/javax.inject-1.jar:/home/user/.m2/repository/com/sun/xml/bind/jaxb-impl/2.3.0.1/jaxb-impl-2.3.0.1.jar:/home/user/.m2/repository/com/sun/xml/bind/jaxb-core/2.3.0.1/jaxb-core-2.3.0.1.jar:/home/user/.m2/repository/javax/xml/bind/jaxb-api/2.3.0/jaxb-api-2.3.0.jar:/home/user/.m2/repository/javax/activation/activation/1.1.1/activation-1.1.1.jar:/home/user/.m2/repository/org/apache/hadoop/hadoop-ozone-csi/0.5.0-SNAPSHOT/hadoop-ozone-csi-0.5.0-SNAPSHOT.jar:/home/user/.m2/repository/com/google/protobuf/protobuf-java-util/3.5.1/protobuf-java-util-3.5.1.jar:/home/user/.m2/repository/org/apache/hadoop/hadoop-hdds-config/0.5.0-SNAPSHOT/hadoop-hdds-config-0.5.0-SNAPSHOT.jar:/home/user/.m2/repository/io/grpc/grpc-netty/1.17.1/grpc-netty-1.17.1.jar:/home/user/.m2/repository/io/grpc/grpc-core/1.17.1/grpc-core-1.17.1.jar:/home/user/.m2/repository/io/grpc/grpc-context/1.17.1/grpc-context-1.17.1.jar:/home/user/.m2/repository/com/google/errorprone/error_prone_annotations/2.2.0/error_prone_annotations-2.2.0.jar:/home/user/.m2/repository/org/codehaus/mojo/animal-sniffer-annotations/1.17/animal-sniffer-annotations-1.17.jar:/home/user/.m2/repository/io/opencensus/opencensus-api/0.17.0/opencensus-api-0.17.0.jar:/home/user/.m2/repository/io/opencensus/opencensus-contrib-grpc-metrics/0.17.0/opencensus-contrib-grpc-metrics-0.17.0.jar:/home/user/.m2/repository/io/netty/netty-codec-http2/4.1.30.Final/netty-codec-http2-4.1.30.Final.jar:/home/user/.m2/repository/io/netty/netty-codec-http/4.1.30.Final/netty-codec-http-4.1.30.Final.jar:/home/user/.m2/repository/io/netty/netty-codec/4.1.30.Final/netty-codec-4.1.30.Final.jar:/home/user/.m2/repository/io/netty/netty-handler/4.1.30.Final/netty-handler-4.1.30.Final.jar:/home/user/.m2/repository/io/netty/netty-handler-proxy/4.1.30.Final/netty-handler-proxy-4.1.30.Final.jar:/home/user/.m2/repository/io/netty/netty-codec-socks/4.1.30.Final/netty-codec-socks-4.1.30.Final.jar:/home/user/.m2/repository/io/netty/netty-transport-native-epoll/4.1.30.Final/netty-transport-native-epoll-4.1.30.Final.jar:/home/user/.m2/repository/io/netty/netty-common/4.1.30.Final/netty-common-4.1.30.Final.jar:/home/user/.m2/repository/io/netty/netty-buffer/4.1.30.Final/netty-buffer-4.1.30.Final.jar:/home/user/.m2/repository/io/netty/netty-transport/4.1.30.Final/netty-transport-4.1.30.Final.jar:/home/user/.m2/repository/io/netty/netty-resolver/4.1.30.Final/netty-resolver-4.1.30.Final.jar:/home/user/.m2/repository/io/netty/netty-transport-native-unix-common/4.1.30.Final/netty-transport-native-unix-common-4.1.30.Final.jar:/home/user/.m2/repository/io/grpc/grpc-protobuf/1.17.1/grpc-protobuf-1.17.1.jar:/home/user/.m2/repository/com/google/api/grpc/proto-google-common-protos/1.0.0/proto-google-common-protos-1.0.0.jar:/home/user/.m2/repository/io/grpc/grpc-protobuf-lite/1.17.1/grpc-protobuf-lite-1.17.1.jar:/home/user/.m2/repository/io/grpc/grpc-stub/1.17.1/grpc-stub-1.17.1.jar:/home/user/.m2/repository/org/apache/hadoop/hadoop-ozone-recon/0.5.0-SNAPSHOT/hadoop-ozone-recon-0.5.0-SNAPSHOT.jar:/home/user/.m2/repository/org/apache/hadoop/hadoop-ozone-reconcodegen/0.5.0-SNAPSHOT/hadoop-ozone-reconcodegen-0.5.0-SNAPSHOT.jar:/home/user/.m2/repository/com/google/inject/extensions/guice-multibindings/4.0/guice-multibindings-4.0.jar:/home/user/.m2/repository/com/google/inject/guice/4.0/guice-4.0.jar:/home/user/.m2/repository/aopalliance/aopalliance/1.0/aopalliance-1.0.jar:/home/user/.m2/repository/com/google/inject/extensions/guice-servlet/4.0/guice-servlet-4.0.jar:/home/user/.m2/repository/org/glassfish/jersey/containers/jersey-container-servlet/2.27/jersey-container-servlet-2.27.jar:/home/user/.m2/repository/org/glassfish/hk2/guice-bridge/2.5.0/guice-bridge-2.5.0.jar:/home/user/.m2/repository/org/glassfish/jersey/core/jersey-server/2.27/jersey-server-2.27.jar:/home/user/.m2/repository/org/glassfish/jersey/core/jersey-client/2.27/jersey-client-2.27.jar:/home/user/.m2/repository/org/glassfish/jersey/media/jersey-media-jaxb/2.27/jersey-media-jaxb-2.27.jar:/home/user/.m2/repository/javax/validation/validation-api/1.1.0.Final/validation-api-1.1.0.Final.jar:/home/user/.m2/repository/org/glassfish/jersey/media/jersey-media-json-jackson/2.27/jersey-media-json-jackson-2.27.jar:/home/user/.m2/repository/org/glassfish/jersey/ext/jersey-entity-filtering/2.27/jersey-entity-filtering-2.27.jar:/home/user/.m2/repository/com/google/inject/extensions/guice-assistedinject/4.0/guice-assistedinject-4.0.jar:/home/user/.m2/repository/org/jooq/jooq/3.11.10/jooq-3.11.10.jar:/home/user/.m2/repository/org/jooq/jooq-meta/3.11.10/jooq-meta-3.11.10.jar:/home/user/.m2/repository/org/jooq/jooq-codegen/3.11.10/jooq-codegen-3.11.10.jar:/home/user/.m2/repository/com/jolbox/bonecp/0.8.0.RELEASE/bonecp-0.8.0.RELEASE.jar:/home/user/.m2/repository/org/xerial/sqlite-jdbc/3.25.2/sqlite-jdbc-3.25.2.jar:/home/user/.m2/repository/org/springframework/spring-jdbc/5.1.3.RELEASE/spring-jdbc-5.1.3.RELEASE.jar:/home/user/.m2/repository/org/springframework/spring-beans/5.1.3.RELEASE/spring-beans-5.1.3.RELEASE.jar:/home/user/.m2/repository/org/springframework/spring-core/5.1.3.RELEASE/spring-core-5.1.3.RELEASE.jar:/home/user/.m2/repository/org/springframework/spring-jcl/5.1.3.RELEASE/spring-jcl-5.1.3.RELEASE.jar:/home/user/.m2/repository/org/springframework/spring-tx/5.1.3.RELEASE/spring-tx-5.1.3.RELEASE.jar:/home/user/.m2/repository/org/apache/hadoop/hadoop-ozone-client/0.5.0-SNAPSHOT/hadoop-ozone-client-0.5.0-SNAPSHOT.jar:/home/user/.m2/repository/commons-lang/commons-lang/2.6/commons-lang-2.6.jar:/home/user/.m2/repository/org/apache/hadoop/hadoop-ozone-ozone-manager/0.5.0-SNAPSHOT/hadoop-ozone-ozone-manager-0.5.0-SNAPSHOT-tests.jar:/home/user/.m2/repository/junit/junit/4.11/junit-4.11.jar:/home/user/.m2/repository/org/hamcrest/hamcrest-core/1.3/hamcrest-core-1.3.jar:/home/user/.m2/repository/org/openjdk/jmh/jmh-core/1.19/jmh-core-1.19.jar:/home/user/.m2/repository/net/sf/jopt-simple/jopt-simple/4.6/jopt-simple-4.6.jar:/home/user/.m2/repository/org/apache/commons/commons-math3/3.1.1/commons-math3-3.1.1.jar:/home/user/.m2/repository/org/openjdk/jmh/jmh-generator-annprocess/1.19/jmh-generator-annprocess-1.19.jar:/home/user/.m2/repository/org/mockito/mockito-all/1.8.5/mockito-all-1.8.5.jar:/home/user/.m2/repository/org/apache/hadoop/hadoop-kms/3.2.0/hadoop-kms-3.2.0.jar:/home/user/.m2/repository/org/apache/hadoop/hadoop-auth/3.2.0/hadoop-auth-3.2.0.jar:/home/user/.m2/repository/com/nimbusds/nimbus-jose-jwt/4.41.1/nimbus-jose-jwt-4.41.1.jar:/home/user/.m2/repository/com/github/stephenc/jcip/jcip-annotations/1.0-1/jcip-annotations-1.0-1.jar:/home/user/.m2/repository/net/minidev/json-smart/2.3/json-smart-2.3.jar:/home/user/.m2/repository/net/minidev/accessors-smart/1.2/accessors-smart-1.2.jar:/home/user/.m2/repository/org/ow2/asm/asm/5.0.4/asm-5.0.4.jar:/home/user/.m2/repository/org/apache/curator/curator-framework/2.12.0/curator-framework-2.12.0.jar:/home/user/.m2/repository/com/sun/jersey/jersey-core/1.19/jersey-core-1.19.jar:/home/user/.m2/repository/javax/ws/rs/jsr311-api/1.1.1/jsr311-api-1.1.1.jar:/home/user/.m2/repository/com/sun/jersey/jersey-server/1.19/jersey-server-1.19.jar:/home/user/.m2/repository/javax/servlet/javax.servlet-api/3.1.0/javax.servlet-api-3.1.0.jar:/home/user/.m2/repository/org/eclipse/jetty/jetty-server/9.3.24.v20180605/jetty-server-9.3.24.v20180605.jar:/home/user/.m2/repository/org/eclipse/jetty/jetty-http/9.3.24.v20180605/jetty-http-9.3.24.v20180605.jar:/home/user/.m2/repository/org/eclipse/jetty/jetty-io/9.3.24.v20180605/jetty-io-9.3.24.v20180605.jar:/home/user/.m2/repository/org/eclipse/jetty/jetty-webapp/9.3.24.v20180605/jetty-webapp-9.3.24.v20180605.jar:/home/user/.m2/repository/org/eclipse/jetty/jetty-xml/9.3.24.v20180605/jetty-xml-9.3.24.v20180605.jar:/home/user/.m2/repository/log4j/log4j/1.2.17/log4j-1.2.17.jar:/home/user/.m2/repository/org/slf4j/slf4j-api/1.7.25/slf4j-api-1.7.25.jar:/home/user/.m2/repository/org/slf4j/jul-to-slf4j/1.7.25/jul-to-slf4j-1.7.25.jar:/home/user/.m2/repository/org/eclipse/jetty/jetty-util/9.3.24.v20180605/jetty-util-9.3.24.v20180605.jar:/home/user/.m2/repository/com/fasterxml/jackson/core/jackson-databind/2.9.5/jackson-databind-2.9.5.jar:/home/user/.m2/repository/org/apache/hadoop/hadoop-kms/3.2.0/hadoop-kms-3.2.0-tests.jar:/home/user/.m2/repository/org/apache/hadoop/hadoop-hdds-server-scm/0.5.0-SNAPSHOT/hadoop-hdds-server-scm-0.5.0-SNAPSHOT-tests.jar:/home/user/.m2/repository/org/apache/hadoop/hadoop-hdds-container-service/0.5.0-SNAPSHOT/hadoop-hdds-container-service-0.5.0-SNAPSHOT-tests.jar:/home/user/.m2/repository/org/yaml/snakeyaml/1.16/snakeyaml-1.16.jar:/home/user/.m2/repository/org/apache/hadoop/hadoop-common/3.2.0/hadoop-common-3.2.0-tests.jar:/home/user/.m2/repository/org/apache/hadoop/hadoop-annotations/3.2.0/hadoop-annotations-3.2.0.jar:/usr/lib/jvm/java-1.8-openjdk/jre/../lib/tools.jar:/home/user/.m2/repository/commons-cli/commons-cli/1.2/commons-cli-1.2.jar:/home/user/.m2/repository/org/apache/httpcomponents/httpclient/4.5.2/httpclient-4.5.2.jar:/home/user/.m2/repository/org/apache/httpcomponents/httpcore/4.4.4/httpcore-4.4.4.jar:/home/user/.m2/repository/commons-codec/commons-codec/1.11/commons-codec-1.11.jar:/home/user/.m2/repository/commons-net/commons-net/3.6/commons-net-3.6.jar:/home/user/.m2/repository/commons-collections/commons-collections/3.2.2/commons-collections-3.2.2.jar:/home/user/.m2/repository/org/eclipse/jetty/jetty-servlet/9.3.24.v20180605/jetty-servlet-9.3.24.v20180605.jar:/home/user/.m2/repository/org/eclipse/jetty/jetty-security/9.3.24.v20180605/jetty-security-9.3.24.v20180605.jar:/home/user/.m2/repository/javax/servlet/jsp/jsp-api/2.1/jsp-api-2.1.jar:/home/user/.m2/repository/com/sun/jersey/jersey-servlet/1.19/jersey-servlet-1.19.jar:/home/user/.m2/repository/com/sun/jersey/jersey-json/1.19/jersey-json-1.19.jar:/home/user/.m2/repository/org/codehaus/jettison/jettison/1.1/jettison-1.1.jar:/home/user/.m2/repository/org/codehaus/jackson/jackson-core-asl/1.9.13/jackson-core-asl-1.9.13.jar:/home/user/.m2/repository/org/codehaus/jackson/jackson-mapper-asl/1.9.13/jackson-mapper-asl-1.9.13.jar:/home/user/.m2/repository/org/codehaus/jackson/jackson-jaxrs/1.9.13/jackson-jaxrs-1.9.13.jar:/home/user/.m2/repository/org/codehaus/jackson/jackson-xc/1.9.13/jackson-xc-1.9.13.jar:/home/user/.m2/repository/commons-logging/commons-logging/1.1.3/commons-logging-1.1.3.jar:/home/user/.m2/repository/commons-beanutils/commons-beanutils/1.9.3/commons-beanutils-1.9.3.jar:/home/user/.m2/repository/org/apache/commons/commons-configuration2/2.1.1/commons-configuration2-2.1.1.jar:/home/user/.m2/repository/org/apache/commons/commons-lang3/3.7/commons-lang3-3.7.jar:/home/user/.m2/repository/org/apache/commons/commons-text/1.4/commons-text-1.4.jar:/home/user/.m2/repository/org/apache/avro/avro/1.7.7/avro-1.7.7.jar:/home/user/.m2/repository/com/thoughtworks/paranamer/paranamer/2.3/paranamer-2.3.jar:/home/user/.m2/repository/org/xerial/snappy/snappy-java/1.0.5/snappy-java-1.0.5.jar:/home/user/.m2/repository/com/google/re2j/re2j/1.1/re2j-1.1.jar:/home/user/.m2/repository/com/google/code/gson/gson/2.2.4/gson-2.2.4.jar:/home/user/.m2/repository/com/jcraft/jsch/0.1.54/jsch-0.1.54.jar:/home/user/.m2/repository/org/apache/curator/curator-client/2.12.0/curator-client-2.12.0.jar:/home/user/.m2/repository/org/apache/curator/curator-recipes/2.12.0/curator-recipes-2.12.0.jar:/home/user/.m2/repository/com/google/code/findbugs/jsr305/3.0.0/jsr305-3.0.0.jar:/home/user/.m2/repository/org/apache/htrace/htrace-core4/4.1.0-incubating/htrace-core4-4.1.0-incubating.jar:/home/user/.m2/repository/org/apache/zookeeper/zookeeper/3.4.13/zookeeper-3.4.13.jar:/home/user/.m2/repository/org/apache/yetus/audience-annotations/0.5.0/audience-annotations-0.5.0.jar:/home/user/.m2/repository/org/codehaus/woodstox/stax2-api/3.1.4/stax2-api-3.1.4.jar:/home/user/.m2/repository/com/fasterxml/woodstox/woodstox-core/5.0.3/woodstox-core-5.0.3.jar:/home/user/.m2/repository/dnsjava/dnsjava/2.1.7/dnsjava-2.1.7.jar:/home/user/.m2/repository/org/apache/hadoop/hadoop-hdfs/3.2.0/hadoop-hdfs-3.2.0-tests.jar:/home/user/.m2/repository/org/eclipse/jetty/jetty-util-ajax/9.3.24.v20180605/jetty-util-ajax-9.3.24.v20180605.jar:/home/user/.m2/repository/commons-daemon/commons-daemon/1.0.13/commons-daemon-1.0.13.jar:/home/user/.m2/repository/io/netty/netty/3.10.5.Final/netty-3.10.5.Final.jar:/home/user/.m2/repository/io/netty/netty-all/4.0.52.Final/netty-all-4.0.52.Final.jar:/home/user/.m2/repository/org/fusesource/leveldbjni/leveldbjni-all/1.8/leveldbjni-all-1.8.jar:"/>
    <property name="java.vm.vendor" value="IcedTea"/>
    <property name="sun.arch.data.model" value="64"/>
    <property name="test.build.dir" value="/workdir/hadoop-ozone/integration-test/target/test-dir"/>
    <property name="test.cache.data" value=""/>
    <property name="java.vendor.url" value="https://icedtea.classpath.org"/>
    <property name="user.timezone" value=""/>
    <property name="java.vm.specification.version" value="1.8"/>
    <property name="os.name" value="Linux"/>
    <property name="test.build.data" value="/workdir/hadoop-ozone/integration-test/target/test-dir"/>
    <property name="user.country" value="US"/>
    <property name="sun.java.launcher" value="SUN_STANDARD"/>
    <property name="sun.boot.library.path" value="/usr/lib/jvm/java-1.8-openjdk/jre/lib/amd64"/>
    <property name="sun.java.command" value="/workdir/hadoop-ozone/integration-test/target/surefire/surefirebooter3051056204608327773.jar /workdir/hadoop-ozone/integration-test/target/surefire 2019-08-21T10-24-23_409-jvmRun1 surefire6852668947660088226tmp surefire_601783733819055889668tmp"/>
    <property name="surefire.test.class.path" value="/workdir/hadoop-ozone/integration-test/target/test-classes:/workdir/hadoop-ozone/integration-test/target/classes:/home/user/.m2/repository/org/apache/hadoop/hadoop-ozone-common/0.5.0-SNAPSHOT/hadoop-ozone-common-0.5.0-SNAPSHOT.jar:/home/user/.m2/repository/org/apache/commons/commons-compress/1.4.1/commons-compress-1.4.1.jar:/home/user/.m2/repository/org/tukaani/xz/1.0/xz-1.0.jar:/home/user/.m2/repository/org/apache/hadoop/hadoop-common/3.2.0/hadoop-common-3.2.0.jar:/home/user/.m2/repository/org/apache/hadoop/hadoop-hdfs/3.2.0/hadoop-hdfs-3.2.0.jar:/home/user/.m2/repository/org/apache/hadoop/hadoop-hdfs-client/3.2.0/hadoop-hdfs-client-3.2.0.jar:/home/user/.m2/repository/com/fasterxml/jackson/core/jackson-annotations/2.9.5/jackson-annotations-2.9.5.jar:/home/user/.m2/repository/org/apache/hadoop/hadoop-hdds-common/0.5.0-SNAPSHOT/hadoop-hdds-common-0.5.0-SNAPSHOT.jar:/home/user/.m2/repository/javax/annotation/javax.annotation-api/1.2/javax.annotation-api-1.2.jar:/home/user/.m2/repository/org/apache/ratis/ratis-server/0.4.0-2337318-SNAPSHOT/ratis-server-0.4.0-2337318-SNAPSHOT.jar:/home/user/.m2/repository/org/apache/ratis/ratis-thirdparty-misc/0.2.0/ratis-thirdparty-misc-0.2.0.jar:/home/user/.m2/repository/org/apache/ratis/ratis-proto/0.4.0-2337318-SNAPSHOT/ratis-proto-0.4.0-2337318-SNAPSHOT.jar:/home/user/.m2/repository/org/apache/ratis/ratis-common/0.4.0-2337318-SNAPSHOT/ratis-common-0.4.0-2337318-SNAPSHOT.jar:/home/user/.m2/repository/org/apache/ratis/ratis-client/0.4.0-2337318-SNAPSHOT/ratis-client-0.4.0-2337318-SNAPSHOT.jar:/home/user/.m2/repository/org/apache/ratis/ratis-metrics/0.4.0-2337318-SNAPSHOT/ratis-metrics-0.4.0-2337318-SNAPSHOT.jar:/home/user/.m2/repository/org/apache/ratis/ratis-netty/0.4.0-2337318-SNAPSHOT/ratis-netty-0.4.0-2337318-SNAPSHOT.jar:/home/user/.m2/repository/org/apache/ratis/ratis-grpc/0.4.0-2337318-SNAPSHOT/ratis-grpc-0.4.0-2337318-SNAPSHOT.jar:/home/user/.m2/repository/org/rocksdb/rocksdbjni/6.0.1/rocksdbjni-6.0.1.jar:/home/user/.m2/repository/org/apache/logging/log4j/log4j-api/2.11.0/log4j-api-2.11.0.jar:/home/user/.m2/repository/org/apache/logging/log4j/log4j-core/2.11.0/log4j-core-2.11.0.jar:/home/user/.m2/repository/com/lmax/disruptor/3.4.2/disruptor-3.4.2.jar:/home/user/.m2/repository/org/apache/commons/commons-pool2/2.6.0/commons-pool2-2.6.0.jar:/home/user/.m2/repository/org/bouncycastle/bcpkix-jdk15on/1.60/bcpkix-jdk15on-1.60.jar:/home/user/.m2/repository/commons-validator/commons-validator/1.6/commons-validator-1.6.jar:/home/user/.m2/repository/commons-digester/commons-digester/1.8.1/commons-digester-1.8.1.jar:/home/user/.m2/repository/io/jaegertracing/jaeger-client/0.33.1/jaeger-client-0.33.1.jar:/home/user/.m2/repository/io/jaegertracing/jaeger-thrift/0.33.1/jaeger-thrift-0.33.1.jar:/home/user/.m2/repository/org/apache/thrift/libthrift/0.11.0/libthrift-0.11.0.jar:/home/user/.m2/repository/com/squareup/okhttp3/okhttp/3.9.0/okhttp-3.9.0.jar:/home/user/.m2/repository/com/squareup/okio/okio/1.13.0/okio-1.13.0.jar:/home/user/.m2/repository/io/jaegertracing/jaeger-core/0.33.1/jaeger-core-0.33.1.jar:/home/user/.m2/repository/io/jaegertracing/jaeger-tracerresolver/0.33.1/jaeger-tracerresolver-0.33.1.jar:/home/user/.m2/repository/io/opentracing/contrib/opentracing-tracerresolver/0.1.5/opentracing-tracerresolver-0.1.5.jar:/home/user/.m2/repository/io/opentracing/opentracing-util/0.31.0/opentracing-util-0.31.0.jar:/home/user/.m2/repository/io/opentracing/opentracing-api/0.31.0/opentracing-api-0.31.0.jar:/home/user/.m2/repository/io/opentracing/opentracing-noop/0.31.0/opentracing-noop-0.31.0.jar:/home/user/.m2/repository/org/apache/hadoop/hadoop-hdds-server-framework/0.5.0-SNAPSHOT/hadoop-hdds-server-framework-0.5.0-SNAPSHOT.jar:/home/user/.m2/repository/org/apache/hadoop/hadoop-hdds-container-service/0.5.0-SNAPSHOT/hadoop-hdds-container-service-0.5.0-SNAPSHOT.jar:/home/user/.m2/repository/org/apache/hadoop/hadoop-hdds-client/0.5.0-SNAPSHOT/hadoop-hdds-client-0.5.0-SNAPSHOT.jar:/home/user/.m2/repository/org/apache/hadoop/hadoop-hdds-tools/0.5.0-SNAPSHOT/hadoop-hdds-tools-0.5.0-SNAPSHOT.jar:/home/user/.m2/repository/org/apache/hadoop/hadoop-hdds-server-scm/0.5.0-SNAPSHOT/hadoop-hdds-server-scm-0.5.0-SNAPSHOT.jar:/home/user/.m2/repository/org/apache/hadoop/hadoop-hdds-docs/0.5.0-SNAPSHOT/hadoop-hdds-docs-0.5.0-SNAPSHOT.jar:/home/user/.m2/repository/io/dropwizard/metrics/metrics-core/3.2.4/metrics-core-3.2.4.jar:/home/user/.m2/repository/org/hamcrest/hamcrest-all/1.3/hamcrest-all-1.3.jar:/home/user/.m2/repository/org/bouncycastle/bcprov-jdk15on/1.60/bcprov-jdk15on-1.60.jar:/home/user/.m2/repository/info/picocli/picocli/3.9.6/picocli-3.9.6.jar:/home/user/.m2/repository/com/google/protobuf/protobuf-java/2.5.0/protobuf-java-2.5.0.jar:/home/user/.m2/repository/com/google/guava/guava/11.0.2/guava-11.0.2.jar:/home/user/.m2/repository/org/apache/hadoop/hadoop-ozone-ozone-manager/0.5.0-SNAPSHOT/hadoop-ozone-ozone-manager-0.5.0-SNAPSHOT.jar:/home/user/.m2/repository/org/apache/hadoop/hadoop-minikdc/3.2.0/hadoop-minikdc-3.2.0.jar:/home/user/.m2/repository/commons-io/commons-io/2.5/commons-io-2.5.jar:/home/user/.m2/repository/org/apache/kerby/kerb-simplekdc/1.0.1/kerb-simplekdc-1.0.1.jar:/home/user/.m2/repository/org/apache/kerby/kerb-client/1.0.1/kerb-client-1.0.1.jar:/home/user/.m2/repository/org/apache/kerby/kerby-config/1.0.1/kerby-config-1.0.1.jar:/home/user/.m2/repository/org/apache/kerby/kerb-core/1.0.1/kerb-core-1.0.1.jar:/home/user/.m2/repository/org/apache/kerby/kerby-pkix/1.0.1/kerby-pkix-1.0.1.jar:/home/user/.m2/repository/org/apache/kerby/kerby-asn1/1.0.1/kerby-asn1-1.0.1.jar:/home/user/.m2/repository/org/apache/kerby/kerby-util/1.0.1/kerby-util-1.0.1.jar:/home/user/.m2/repository/org/apache/kerby/kerb-common/1.0.1/kerb-common-1.0.1.jar:/home/user/.m2/repository/org/apache/kerby/kerb-crypto/1.0.1/kerb-crypto-1.0.1.jar:/home/user/.m2/repository/org/apache/kerby/kerb-util/1.0.1/kerb-util-1.0.1.jar:/home/user/.m2/repository/org/apache/kerby/token-provider/1.0.1/token-provider-1.0.1.jar:/home/user/.m2/repository/org/apache/kerby/kerb-admin/1.0.1/kerb-admin-1.0.1.jar:/home/user/.m2/repository/org/apache/kerby/kerb-server/1.0.1/kerb-server-1.0.1.jar:/home/user/.m2/repository/org/apache/kerby/kerb-identity/1.0.1/kerb-identity-1.0.1.jar:/home/user/.m2/repository/org/apache/kerby/kerby-xdr/1.0.1/kerby-xdr-1.0.1.jar:/home/user/.m2/repository/org/slf4j/slf4j-log4j12/1.7.25/slf4j-log4j12-1.7.25.jar:/home/user/.m2/repository/org/apache/hadoop/hadoop-ozone-objectstore-service/0.5.0-SNAPSHOT/hadoop-ozone-objectstore-service-0.5.0-SNAPSHOT.jar:/home/user/.m2/repository/org/apache/hadoop/hadoop-ozone-s3gateway/0.5.0-SNAPSHOT/hadoop-ozone-s3gateway-0.5.0-SNAPSHOT.jar:/home/user/.m2/repository/org/jboss/weld/servlet/weld-servlet/2.4.7.Final/weld-servlet-2.4.7.Final.jar:/home/user/.m2/repository/org/glassfish/jersey/containers/jersey-container-servlet-core/2.27/jersey-container-servlet-core-2.27.jar:/home/user/.m2/repository/org/glassfish/hk2/external/javax.inject/2.5.0-b42/javax.inject-2.5.0-b42.jar:/home/user/.m2/repository/org/glassfish/jersey/core/jersey-common/2.27/jersey-common-2.27.jar:/home/user/.m2/repository/org/glassfish/hk2/osgi-resource-locator/1.0.1/osgi-resource-locator-1.0.1.jar:/home/user/.m2/repository/javax/ws/rs/javax.ws.rs-api/2.1/javax.ws.rs-api-2.1.jar:/home/user/.m2/repository/org/glassfish/jersey/ext/cdi/jersey-cdi1x/2.27/jersey-cdi1x-2.27.jar:/home/user/.m2/repository/org/glassfish/jersey/inject/jersey-hk2/2.27/jersey-hk2-2.27.jar:/home/user/.m2/repository/org/glassfish/hk2/hk2-locator/2.5.0-b42/hk2-locator-2.5.0-b42.jar:/home/user/.m2/repository/org/javassist/javassist/3.22.0-CR2/javassist-3.22.0-CR2.jar:/home/user/.m2/repository/org/glassfish/hk2/hk2-api/2.5.0/hk2-api-2.5.0.jar:/home/user/.m2/repository/org/glassfish/hk2/external/jakarta.inject/2.5.0/jakarta.inject-2.5.0.jar:/home/user/.m2/repository/org/glassfish/hk2/hk2-utils/2.5.0/hk2-utils-2.5.0.jar:/home/user/.m2/repository/jakarta/annotation/jakarta.annotation-api/1.3.4/jakarta.annotation-api-1.3.4.jar:/home/user/.m2/repository/org/glassfish/hk2/external/aopalliance-repackaged/2.5.0/aopalliance-repackaged-2.5.0.jar:/home/user/.m2/repository/com/fasterxml/jackson/dataformat/jackson-dataformat-xml/2.9.0/jackson-dataformat-xml-2.9.0.jar:/home/user/.m2/repository/com/fasterxml/jackson/core/jackson-core/2.9.5/jackson-core-2.9.5.jar:/home/user/.m2/repository/com/fasterxml/jackson/module/jackson-module-jaxb-annotations/2.9.5/jackson-module-jaxb-annotations-2.9.5.jar:/home/user/.m2/repository/javax/enterprise/cdi-api/1.2/cdi-api-1.2.jar:/home/user/.m2/repository/javax/el/javax.el-api/3.0.0/javax.el-api-3.0.0.jar:/home/user/.m2/repository/javax/interceptor/javax.interceptor-api/1.2/javax.interceptor-api-1.2.jar:/home/user/.m2/repository/javax/inject/javax.inject/1/javax.inject-1.jar:/home/user/.m2/repository/com/sun/xml/bind/jaxb-impl/2.3.0.1/jaxb-impl-2.3.0.1.jar:/home/user/.m2/repository/com/sun/xml/bind/jaxb-core/2.3.0.1/jaxb-core-2.3.0.1.jar:/home/user/.m2/repository/javax/xml/bind/jaxb-api/2.3.0/jaxb-api-2.3.0.jar:/home/user/.m2/repository/javax/activation/activation/1.1.1/activation-1.1.1.jar:/home/user/.m2/repository/org/apache/hadoop/hadoop-ozone-csi/0.5.0-SNAPSHOT/hadoop-ozone-csi-0.5.0-SNAPSHOT.jar:/home/user/.m2/repository/com/google/protobuf/protobuf-java-util/3.5.1/protobuf-java-util-3.5.1.jar:/home/user/.m2/repository/org/apache/hadoop/hadoop-hdds-config/0.5.0-SNAPSHOT/hadoop-hdds-config-0.5.0-SNAPSHOT.jar:/home/user/.m2/repository/io/grpc/grpc-netty/1.17.1/grpc-netty-1.17.1.jar:/home/user/.m2/repository/io/grpc/grpc-core/1.17.1/grpc-core-1.17.1.jar:/home/user/.m2/repository/io/grpc/grpc-context/1.17.1/grpc-context-1.17.1.jar:/home/user/.m2/repository/com/google/errorprone/error_prone_annotations/2.2.0/error_prone_annotations-2.2.0.jar:/home/user/.m2/repository/org/codehaus/mojo/animal-sniffer-annotations/1.17/animal-sniffer-annotations-1.17.jar:/home/user/.m2/repository/io/opencensus/opencensus-api/0.17.0/opencensus-api-0.17.0.jar:/home/user/.m2/repository/io/opencensus/opencensus-contrib-grpc-metrics/0.17.0/opencensus-contrib-grpc-metrics-0.17.0.jar:/home/user/.m2/repository/io/netty/netty-codec-http2/4.1.30.Final/netty-codec-http2-4.1.30.Final.jar:/home/user/.m2/repository/io/netty/netty-codec-http/4.1.30.Final/netty-codec-http-4.1.30.Final.jar:/home/user/.m2/repository/io/netty/netty-codec/4.1.30.Final/netty-codec-4.1.30.Final.jar:/home/user/.m2/repository/io/netty/netty-handler/4.1.30.Final/netty-handler-4.1.30.Final.jar:/home/user/.m2/repository/io/netty/netty-handler-proxy/4.1.30.Final/netty-handler-proxy-4.1.30.Final.jar:/home/user/.m2/repository/io/netty/netty-codec-socks/4.1.30.Final/netty-codec-socks-4.1.30.Final.jar:/home/user/.m2/repository/io/netty/netty-transport-native-epoll/4.1.30.Final/netty-transport-native-epoll-4.1.30.Final.jar:/home/user/.m2/repository/io/netty/netty-common/4.1.30.Final/netty-common-4.1.30.Final.jar:/home/user/.m2/repository/io/netty/netty-buffer/4.1.30.Final/netty-buffer-4.1.30.Final.jar:/home/user/.m2/repository/io/netty/netty-transport/4.1.30.Final/netty-transport-4.1.30.Final.jar:/home/user/.m2/repository/io/netty/netty-resolver/4.1.30.Final/netty-resolver-4.1.30.Final.jar:/home/user/.m2/repository/io/netty/netty-transport-native-unix-common/4.1.30.Final/netty-transport-native-unix-common-4.1.30.Final.jar:/home/user/.m2/repository/io/grpc/grpc-protobuf/1.17.1/grpc-protobuf-1.17.1.jar:/home/user/.m2/repository/com/google/api/grpc/proto-google-common-protos/1.0.0/proto-google-common-protos-1.0.0.jar:/home/user/.m2/repository/io/grpc/grpc-protobuf-lite/1.17.1/grpc-protobuf-lite-1.17.1.jar:/home/user/.m2/repository/io/grpc/grpc-stub/1.17.1/grpc-stub-1.17.1.jar:/home/user/.m2/repository/org/apache/hadoop/hadoop-ozone-recon/0.5.0-SNAPSHOT/hadoop-ozone-recon-0.5.0-SNAPSHOT.jar:/home/user/.m2/repository/org/apache/hadoop/hadoop-ozone-reconcodegen/0.5.0-SNAPSHOT/hadoop-ozone-reconcodegen-0.5.0-SNAPSHOT.jar:/home/user/.m2/repository/com/google/inject/extensions/guice-multibindings/4.0/guice-multibindings-4.0.jar:/home/user/.m2/repository/com/google/inject/guice/4.0/guice-4.0.jar:/home/user/.m2/repository/aopalliance/aopalliance/1.0/aopalliance-1.0.jar:/home/user/.m2/repository/com/google/inject/extensions/guice-servlet/4.0/guice-servlet-4.0.jar:/home/user/.m2/repository/org/glassfish/jersey/containers/jersey-container-servlet/2.27/jersey-container-servlet-2.27.jar:/home/user/.m2/repository/org/glassfish/hk2/guice-bridge/2.5.0/guice-bridge-2.5.0.jar:/home/user/.m2/repository/org/glassfish/jersey/core/jersey-server/2.27/jersey-server-2.27.jar:/home/user/.m2/repository/org/glassfish/jersey/core/jersey-client/2.27/jersey-client-2.27.jar:/home/user/.m2/repository/org/glassfish/jersey/media/jersey-media-jaxb/2.27/jersey-media-jaxb-2.27.jar:/home/user/.m2/repository/javax/validation/validation-api/1.1.0.Final/validation-api-1.1.0.Final.jar:/home/user/.m2/repository/org/glassfish/jersey/media/jersey-media-json-jackson/2.27/jersey-media-json-jackson-2.27.jar:/home/user/.m2/repository/org/glassfish/jersey/ext/jersey-entity-filtering/2.27/jersey-entity-filtering-2.27.jar:/home/user/.m2/repository/com/google/inject/extensions/guice-assistedinject/4.0/guice-assistedinject-4.0.jar:/home/user/.m2/repository/org/jooq/jooq/3.11.10/jooq-3.11.10.jar:/home/user/.m2/repository/org/jooq/jooq-meta/3.11.10/jooq-meta-3.11.10.jar:/home/user/.m2/repository/org/jooq/jooq-codegen/3.11.10/jooq-codegen-3.11.10.jar:/home/user/.m2/repository/com/jolbox/bonecp/0.8.0.RELEASE/bonecp-0.8.0.RELEASE.jar:/home/user/.m2/repository/org/xerial/sqlite-jdbc/3.25.2/sqlite-jdbc-3.25.2.jar:/home/user/.m2/repository/org/springframework/spring-jdbc/5.1.3.RELEASE/spring-jdbc-5.1.3.RELEASE.jar:/home/user/.m2/repository/org/springframework/spring-beans/5.1.3.RELEASE/spring-beans-5.1.3.RELEASE.jar:/home/user/.m2/repository/org/springframework/spring-core/5.1.3.RELEASE/spring-core-5.1.3.RELEASE.jar:/home/user/.m2/repository/org/springframework/spring-jcl/5.1.3.RELEASE/spring-jcl-5.1.3.RELEASE.jar:/home/user/.m2/repository/org/springframework/spring-tx/5.1.3.RELEASE/spring-tx-5.1.3.RELEASE.jar:/home/user/.m2/repository/org/apache/hadoop/hadoop-ozone-client/0.5.0-SNAPSHOT/hadoop-ozone-client-0.5.0-SNAPSHOT.jar:/home/user/.m2/repository/commons-lang/commons-lang/2.6/commons-lang-2.6.jar:/home/user/.m2/repository/org/apache/hadoop/hadoop-ozone-ozone-manager/0.5.0-SNAPSHOT/hadoop-ozone-ozone-manager-0.5.0-SNAPSHOT-tests.jar:/home/user/.m2/repository/junit/junit/4.11/junit-4.11.jar:/home/user/.m2/repository/org/hamcrest/hamcrest-core/1.3/hamcrest-core-1.3.jar:/home/user/.m2/repository/org/openjdk/jmh/jmh-core/1.19/jmh-core-1.19.jar:/home/user/.m2/repository/net/sf/jopt-simple/jopt-simple/4.6/jopt-simple-4.6.jar:/home/user/.m2/repository/org/apache/commons/commons-math3/3.1.1/commons-math3-3.1.1.jar:/home/user/.m2/repository/org/openjdk/jmh/jmh-generator-annprocess/1.19/jmh-generator-annprocess-1.19.jar:/home/user/.m2/repository/org/mockito/mockito-all/1.8.5/mockito-all-1.8.5.jar:/home/user/.m2/repository/org/apache/hadoop/hadoop-kms/3.2.0/hadoop-kms-3.2.0.jar:/home/user/.m2/repository/org/apache/hadoop/hadoop-auth/3.2.0/hadoop-auth-3.2.0.jar:/home/user/.m2/repository/com/nimbusds/nimbus-jose-jwt/4.41.1/nimbus-jose-jwt-4.41.1.jar:/home/user/.m2/repository/com/github/stephenc/jcip/jcip-annotations/1.0-1/jcip-annotations-1.0-1.jar:/home/user/.m2/repository/net/minidev/json-smart/2.3/json-smart-2.3.jar:/home/user/.m2/repository/net/minidev/accessors-smart/1.2/accessors-smart-1.2.jar:/home/user/.m2/repository/org/ow2/asm/asm/5.0.4/asm-5.0.4.jar:/home/user/.m2/repository/org/apache/curator/curator-framework/2.12.0/curator-framework-2.12.0.jar:/home/user/.m2/repository/com/sun/jersey/jersey-core/1.19/jersey-core-1.19.jar:/home/user/.m2/repository/javax/ws/rs/jsr311-api/1.1.1/jsr311-api-1.1.1.jar:/home/user/.m2/repository/com/sun/jersey/jersey-server/1.19/jersey-server-1.19.jar:/home/user/.m2/repository/javax/servlet/javax.servlet-api/3.1.0/javax.servlet-api-3.1.0.jar:/home/user/.m2/repository/org/eclipse/jetty/jetty-server/9.3.24.v20180605/jetty-server-9.3.24.v20180605.jar:/home/user/.m2/repository/org/eclipse/jetty/jetty-http/9.3.24.v20180605/jetty-http-9.3.24.v20180605.jar:/home/user/.m2/repository/org/eclipse/jetty/jetty-io/9.3.24.v20180605/jetty-io-9.3.24.v20180605.jar:/home/user/.m2/repository/org/eclipse/jetty/jetty-webapp/9.3.24.v20180605/jetty-webapp-9.3.24.v20180605.jar:/home/user/.m2/repository/org/eclipse/jetty/jetty-xml/9.3.24.v20180605/jetty-xml-9.3.24.v20180605.jar:/home/user/.m2/repository/log4j/log4j/1.2.17/log4j-1.2.17.jar:/home/user/.m2/repository/org/slf4j/slf4j-api/1.7.25/slf4j-api-1.7.25.jar:/home/user/.m2/repository/org/slf4j/jul-to-slf4j/1.7.25/jul-to-slf4j-1.7.25.jar:/home/user/.m2/repository/org/eclipse/jetty/jetty-util/9.3.24.v20180605/jetty-util-9.3.24.v20180605.jar:/home/user/.m2/repository/com/fasterxml/jackson/core/jackson-databind/2.9.5/jackson-databind-2.9.5.jar:/home/user/.m2/repository/org/apache/hadoop/hadoop-kms/3.2.0/hadoop-kms-3.2.0-tests.jar:/home/user/.m2/repository/org/apache/hadoop/hadoop-hdds-server-scm/0.5.0-SNAPSHOT/hadoop-hdds-server-scm-0.5.0-SNAPSHOT-tests.jar:/home/user/.m2/repository/org/apache/hadoop/hadoop-hdds-container-service/0.5.0-SNAPSHOT/hadoop-hdds-container-service-0.5.0-SNAPSHOT-tests.jar:/home/user/.m2/repository/org/yaml/snakeyaml/1.16/snakeyaml-1.16.jar:/home/user/.m2/repository/org/apache/hadoop/hadoop-common/3.2.0/hadoop-common-3.2.0-tests.jar:/home/user/.m2/repository/org/apache/hadoop/hadoop-annotations/3.2.0/hadoop-annotations-3.2.0.jar:/usr/lib/jvm/java-1.8-openjdk/jre/../lib/tools.jar:/home/user/.m2/repository/commons-cli/commons-cli/1.2/commons-cli-1.2.jar:/home/user/.m2/repository/org/apache/httpcomponents/httpclient/4.5.2/httpclient-4.5.2.jar:/home/user/.m2/repository/org/apache/httpcomponents/httpcore/4.4.4/httpcore-4.4.4.jar:/home/user/.m2/repository/commons-codec/commons-codec/1.11/commons-codec-1.11.jar:/home/user/.m2/repository/commons-net/commons-net/3.6/commons-net-3.6.jar:/home/user/.m2/repository/commons-collections/commons-collections/3.2.2/commons-collections-3.2.2.jar:/home/user/.m2/repository/org/eclipse/jetty/jetty-servlet/9.3.24.v20180605/jetty-servlet-9.3.24.v20180605.jar:/home/user/.m2/repository/org/eclipse/jetty/jetty-security/9.3.24.v20180605/jetty-security-9.3.24.v20180605.jar:/home/user/.m2/repository/javax/servlet/jsp/jsp-api/2.1/jsp-api-2.1.jar:/home/user/.m2/repository/com/sun/jersey/jersey-servlet/1.19/jersey-servlet-1.19.jar:/home/user/.m2/repository/com/sun/jersey/jersey-json/1.19/jersey-json-1.19.jar:/home/user/.m2/repository/org/codehaus/jettison/jettison/1.1/jettison-1.1.jar:/home/user/.m2/repository/org/codehaus/jackson/jackson-core-asl/1.9.13/jackson-core-asl-1.9.13.jar:/home/user/.m2/repository/org/codehaus/jackson/jackson-mapper-asl/1.9.13/jackson-mapper-asl-1.9.13.jar:/home/user/.m2/repository/org/codehaus/jackson/jackson-jaxrs/1.9.13/jackson-jaxrs-1.9.13.jar:/home/user/.m2/repository/org/codehaus/jackson/jackson-xc/1.9.13/jackson-xc-1.9.13.jar:/home/user/.m2/repository/commons-logging/commons-logging/1.1.3/commons-logging-1.1.3.jar:/home/user/.m2/repository/commons-beanutils/commons-beanutils/1.9.3/commons-beanutils-1.9.3.jar:/home/user/.m2/repository/org/apache/commons/commons-configuration2/2.1.1/commons-configuration2-2.1.1.jar:/home/user/.m2/repository/org/apache/commons/commons-lang3/3.7/commons-lang3-3.7.jar:/home/user/.m2/repository/org/apache/commons/commons-text/1.4/commons-text-1.4.jar:/home/user/.m2/repository/org/apache/avro/avro/1.7.7/avro-1.7.7.jar:/home/user/.m2/repository/com/thoughtworks/paranamer/paranamer/2.3/paranamer-2.3.jar:/home/user/.m2/repository/org/xerial/snappy/snappy-java/1.0.5/snappy-java-1.0.5.jar:/home/user/.m2/repository/com/google/re2j/re2j/1.1/re2j-1.1.jar:/home/user/.m2/repository/com/google/code/gson/gson/2.2.4/gson-2.2.4.jar:/home/user/.m2/repository/com/jcraft/jsch/0.1.54/jsch-0.1.54.jar:/home/user/.m2/repository/org/apache/curator/curator-client/2.12.0/curator-client-2.12.0.jar:/home/user/.m2/repository/org/apache/curator/curator-recipes/2.12.0/curator-recipes-2.12.0.jar:/home/user/.m2/repository/com/google/code/findbugs/jsr305/3.0.0/jsr305-3.0.0.jar:/home/user/.m2/repository/org/apache/htrace/htrace-core4/4.1.0-incubating/htrace-core4-4.1.0-incubating.jar:/home/user/.m2/repository/org/apache/zookeeper/zookeeper/3.4.13/zookeeper-3.4.13.jar:/home/user/.m2/repository/org/apache/yetus/audience-annotations/0.5.0/audience-annotations-0.5.0.jar:/home/user/.m2/repository/org/codehaus/woodstox/stax2-api/3.1.4/stax2-api-3.1.4.jar:/home/user/.m2/repository/com/fasterxml/woodstox/woodstox-core/5.0.3/woodstox-core-5.0.3.jar:/home/user/.m2/repository/dnsjava/dnsjava/2.1.7/dnsjava-2.1.7.jar:/home/user/.m2/repository/org/apache/hadoop/hadoop-hdfs/3.2.0/hadoop-hdfs-3.2.0-tests.jar:/home/user/.m2/repository/org/eclipse/jetty/jetty-util-ajax/9.3.24.v20180605/jetty-util-ajax-9.3.24.v20180605.jar:/home/user/.m2/repository/commons-daemon/commons-daemon/1.0.13/commons-daemon-1.0.13.jar:/home/user/.m2/repository/io/netty/netty/3.10.5.Final/netty-3.10.5.Final.jar:/home/user/.m2/repository/io/netty/netty-all/4.0.52.Final/netty-all-4.0.52.Final.jar:/home/user/.m2/repository/org/fusesource/leveldbjni/leveldbjni-all/1.8/leveldbjni-all-1.8.jar:"/>
    <property name="sun.cpu.endian" value="little"/>
    <property name="user.home" value="/home/user"/>
    <property name="user.language" value="en"/>
    <property name="java.specification.vendor" value="Oracle Corporation"/>
    <property name="java.home" value="/usr/lib/jvm/java-1.8-openjdk/jre"/>
    <property name="java.security.krb5.conf" value="/workdir/hadoop-ozone/integration-test/target/test-classes/krb5.conf"/>
    <property name="basedir" value="/workdir/hadoop-ozone/integration-test"/>
    <property name="file.separator" value="/"/>
    <property name="line.separator" value="&#10;"/>
    <property name="java.vm.specification.vendor" value="Oracle Corporation"/>
    <property name="java.specification.name" value="Java Platform API Specification"/>
    <property name="java.awt.graphicsenv" value="sun.awt.X11GraphicsEnvironment"/>
    <property name="surefire.real.class.path" value="/workdir/hadoop-ozone/integration-test/target/surefire/surefirebooter3051056204608327773.jar"/>
    <property name="hadoop.log.dir" value="/workdir/hadoop-ozone/integration-test/target/log"/>
    <property name="sun.boot.class.path" value="/usr/lib/jvm/java-1.8-openjdk/jre/lib/resources.jar:/usr/lib/jvm/java-1.8-openjdk/jre/lib/rt.jar:/usr/lib/jvm/java-1.8-openjdk/jre/lib/sunrsasign.jar:/usr/lib/jvm/java-1.8-openjdk/jre/lib/jsse.jar:/usr/lib/jvm/java-1.8-openjdk/jre/lib/jce.jar:/usr/lib/jvm/java-1.8-openjdk/jre/lib/charsets.jar:/usr/lib/jvm/java-1.8-openjdk/jre/lib/jfr.jar:/usr/lib/jvm/java-1.8-openjdk/jre/classes"/>
    <property name="sun.management.compiler" value="HotSpot 64-Bit Tiered Compilers"/>
    <property name="java.runtime.version" value="1.8.0_212-b04"/>
    <property name="java.net.preferIPv4Stack" value="true"/>
    <property name="user.name" value="jenkins1000"/>
    <property name="path.separator" value=":"/>
    <property name="java.security.egd" value="file:///dev/urandom"/>
    <property name="os.version" value="3.10.0-957.12.2.el7.x86_64"/>
    <property name="java.endorsed.dirs" value="/usr/lib/jvm/java-1.8-openjdk/jre/lib/endorsed"/>
    <property name="java.runtime.name" value="OpenJDK Runtime Environment"/>
    <property name="file.encoding" value="UTF-8"/>
    <property name="java.vm.name" value="OpenJDK 64-Bit Server VM"/>
    <property name="test.build.webapps" value=""/>
    <property name="localRepository" value="/home/user/.m2/repository"/>
    <property name="java.vendor.url.bug" value="https://icedtea.classpath.org/bugzilla"/>
    <property name="java.io.tmpdir" value="/tmp"/>
    <property name="require.test.libhadoop" value=""/>
    <property name="java.version" value="1.8.0_212"/>
    <property name="user.dir" value="/workdir/hadoop-ozone/integration-test"/>
    <property name="os.arch" value="amd64"/>
    <property name="java.vm.specification.name" value="Java Virtual Machine Specification"/>
    <property name="test.build.classes" value="/workdir/hadoop-ozone/integration-test/target/test-classes"/>
    <property name="java.awt.printerjob" value="sun.print.PSPrinterJob"/>
    <property name="sun.os.patch.level" value="unknown"/>
    <property name="hadoop.tmp.dir" value="/workdir/hadoop-ozone/integration-test/target/tmp"/>
    <property name="java.library.path" value="/usr/lib/jvm/java-1.8-openjdk/jre/lib/amd64/server:/usr/lib/jvm/java-1.8-openjdk/jre/lib/amd64:/usr/lib/jvm/java-1.8-openjdk/jre/../lib/amd64:/workdir/hadoop-ozone/integration-test/target/native/target/usr/local/lib:/workdir/hadoop-ozone/integration-test/../../hadoop-common-project/hadoop-common/target/native/target/usr/local/lib:/usr/java/packages/lib/amd64:/usr/lib64:/lib64:/lib:/usr/lib"/>
    <property name="java.vm.info" value="mixed mode"/>
    <property name="java.vendor" value="IcedTea"/>
    <property name="java.vm.version" value="25.212-b04"/>
    <property name="java.ext.dirs" value="/usr/lib/jvm/java-1.8-openjdk/jre/lib/ext:/usr/java/packages/lib/ext"/>
    <property name="sun.io.unicode.encoding" value="UnicodeLittle"/>
    <property name="java.class.version" value="52.0"/>
  </properties>
  <testcase name="testWatchForCommitWithKeyWrite" classname="org.apache.hadoop.ozone.client.rpc.TestWatchForCommit" time="59.449"/>
  <testcase name="testWatchForCommitWithSmallerTimeoutValue" classname="org.apache.hadoop.ozone.client.rpc.TestWatchForCommit" time="26.304">
    <error message="org.apache.ratis.protocol.RaftRetryFailureException: Failed RaftClientRequest:client-3AE274E6F73C-&gt;e1eabadf-1a6d-4a3e-8b12-0cbfd73f6235@group-87B83155F175, cid=50, seq=1*, RW, org.apache.hadoop.hdds.scm.XceiverClientRatis$$Lambda$351/855769947@508a5f72 for 20 attempts with RetryLimited(maxAttempts=20, sleepTime=1000ms)" type="java.util.concurrent.ExecutionException">java.util.concurrent.ExecutionException: org.apache.ratis.protocol.RaftRetryFailureException: Failed RaftClientRequest:client-3AE274E6F73C->e1eabadf-1a6d-4a3e-8b12-0cbfd73f6235@group-87B83155F175, cid=50, seq=1*, RW, org.apache.hadoop.hdds.scm.XceiverClientRatis$$Lambda$351/855769947@508a5f72 for 20 attempts with RetryLimited(maxAttempts=20, sleepTime=1000ms)
	at java.util.concurrent.CompletableFuture.reportGet(CompletableFuture.java:357)
	at java.util.concurrent.CompletableFuture.get(CompletableFuture.java:1895)
	at org.apache.hadoop.ozone.client.rpc.TestWatchForCommit.testWatchForCommitWithSmallerTimeoutValue(TestWatchForCommit.java:293)
	at sun.reflect.NativeMethodAccessorImpl.invoke0(Native Method)
	at sun.reflect.NativeMethodAccessorImpl.invoke(NativeMethodAccessorImpl.java:62)
	at sun.reflect.DelegatingMethodAccessorImpl.invoke(DelegatingMethodAccessorImpl.java:43)
	at java.lang.reflect.Method.invoke(Method.java:498)
	at org.junit.runners.model.FrameworkMethod$1.runReflectiveCall(FrameworkMethod.java:47)
	at org.junit.internal.runners.model.ReflectiveCallable.run(ReflectiveCallable.java:12)
	at org.junit.runners.model.FrameworkMethod.invokeExplosively(FrameworkMethod.java:44)
	at org.junit.internal.runners.statements.InvokeMethod.evaluate(InvokeMethod.java:17)
	at org.junit.runners.ParentRunner.runLeaf(ParentRunner.java:271)
	at org.junit.runners.BlockJUnit4ClassRunner.runChild(BlockJUnit4ClassRunner.java:70)
	at org.junit.runners.BlockJUnit4ClassRunner.runChild(BlockJUnit4ClassRunner.java:50)
	at org.junit.runners.ParentRunner$3.run(ParentRunner.java:238)
	at org.junit.runners.ParentRunner$1.schedule(ParentRunner.java:63)
	at org.junit.runners.ParentRunner.runChildren(ParentRunner.java:236)
	at org.junit.runners.ParentRunner.access$000(ParentRunner.java:53)
	at org.junit.runners.ParentRunner$2.evaluate(ParentRunner.java:229)
	at org.junit.runners.ParentRunner.run(ParentRunner.java:309)
	at org.apache.maven.surefire.junit4.JUnit4Provider.execute(JUnit4Provider.java:365)
	at org.apache.maven.surefire.junit4.JUnit4Provider.executeWithRerun(JUnit4Provider.java:273)
	at org.apache.maven.surefire.junit4.JUnit4Provider.executeTestSet(JUnit4Provider.java:238)
	at org.apache.maven.surefire.junit4.JUnit4Provider.invoke(JUnit4Provider.java:159)
	at org.apache.maven.surefire.booter.ForkedBooter.invokeProviderInSameClassLoader(ForkedBooter.java:384)
	at org.apache.maven.surefire.booter.ForkedBooter.runSuitesInProcess(ForkedBooter.java:345)
	at org.apache.maven.surefire.booter.ForkedBooter.execute(ForkedBooter.java:126)
	at org.apache.maven.surefire.booter.ForkedBooter.main(ForkedBooter.java:418)
Caused by: org.apache.ratis.protocol.RaftRetryFailureException: Failed RaftClientRequest:client-3AE274E6F73C->e1eabadf-1a6d-4a3e-8b12-0cbfd73f6235@group-87B83155F175, cid=50, seq=1*, RW, org.apache.hadoop.hdds.scm.XceiverClientRatis$$Lambda$351/855769947@508a5f72 for 20 attempts with RetryLimited(maxAttempts=20, sleepTime=1000ms)
	at org.apache.ratis.client.impl.RaftClientImpl.noMoreRetries(RaftClientImpl.java:272)
	at org.apache.ratis.client.impl.OrderedAsync.handleAsyncRetryFailure(OrderedAsync.java:138)
	at org.apache.ratis.client.impl.OrderedAsync.lambda$sendRequest$10(OrderedAsync.java:230)
	at java.util.concurrent.CompletableFuture.uniExceptionally(CompletableFuture.java:870)
	at java.util.concurrent.CompletableFuture$UniExceptionally.tryFire(CompletableFuture.java:852)
	at java.util.concurrent.CompletableFuture.postComplete(CompletableFuture.java:474)
	at java.util.concurrent.CompletableFuture.completeExceptionally(CompletableFuture.java:1977)
	at org.apache.ratis.grpc.client.GrpcClientProtocolClient$AsyncStreamObservers.completeReplyExceptionally(GrpcClientProtocolClient.java:330)
	at org.apache.ratis.grpc.client.GrpcClientProtocolClient$AsyncStreamObservers.access$000(GrpcClientProtocolClient.java:246)
	at org.apache.ratis.grpc.client.GrpcClientProtocolClient$AsyncStreamObservers$1.onNext(GrpcClientProtocolClient.java:258)
	at org.apache.ratis.grpc.client.GrpcClientProtocolClient$AsyncStreamObservers$1.onNext(GrpcClientProtocolClient.java:249)
	at org.apache.ratis.thirdparty.io.grpc.stub.ClientCalls$StreamObserverToCallListenerAdapter.onMessage(ClientCalls.java:421)
	at org.apache.ratis.thirdparty.io.grpc.ForwardingClientCallListener.onMessage(ForwardingClientCallListener.java:33)
	at org.apache.ratis.thirdparty.io.grpc.ForwardingClientCallListener.onMessage(ForwardingClientCallListener.java:33)
	at org.apache.ratis.thirdparty.io.grpc.internal.ClientCallImpl$ClientStreamListenerImpl$1MessagesAvailable.runInContext(ClientCallImpl.java:519)
	at org.apache.ratis.thirdparty.io.grpc.internal.ContextRunnable.run(ContextRunnable.java:37)
	at org.apache.ratis.thirdparty.io.grpc.internal.SerializingExecutor.run(SerializingExecutor.java:123)
	at java.util.concurrent.ThreadPoolExecutor.runWorker(ThreadPoolExecutor.java:1149)
	at java.util.concurrent.ThreadPoolExecutor$Worker.run(ThreadPoolExecutor.java:624)
	at java.lang.Thread.run(Thread.java:748)
Caused by: org.apache.ratis.protocol.NotLeaderException: Server e1eabadf-1a6d-4a3e-8b12-0cbfd73f6235 is not the leader (null). Request must be sent to leader.
	at org.apache.ratis.client.impl.ClientProtoUtils.toRaftClientReply(ClientProtoUtils.java:242)
	at org.apache.ratis.grpc.client.GrpcClientProtocolClient$AsyncStreamObservers$1.onNext(GrpcClientProtocolClient.java:254)
	... 10 more
</error>
    <system-out><![CDATA[2019-08-21 11:13:18,754 WARN  server.ServerUtils (ServerUtils.java:getScmDbDir(145)) - ozone.scm.db.dirs is not configured. We recommend adding this setting. Falling back to ozone.metadata.dirs instead.
2019-08-21 11:13:18,811 WARN  server.ServerUtils (ServerUtils.java:getScmDbDir(145)) - ozone.scm.db.dirs is not configured. We recommend adding this setting. Falling back to ozone.metadata.dirs instead.
2019-08-21 11:13:18,812 WARN  server.ServerUtils (ServerUtils.java:getScmDbDir(145)) - ozone.scm.db.dirs is not configured. We recommend adding this setting. Falling back to ozone.metadata.dirs instead.
2019-08-21 11:13:18,813 INFO  db.DBStoreBuilder (DBStoreBuilder.java:addTable(110)) - using custom profile for table: deletedBlocks
2019-08-21 11:13:18,813 INFO  db.DBStoreBuilder (DBStoreBuilder.java:processTables(161)) - Using default column profile:DBProfile.DISK for Table:deletedBlocks
2019-08-21 11:13:18,813 INFO  db.DBStoreBuilder (DBStoreBuilder.java:addTable(110)) - using custom profile for table: validCerts
2019-08-21 11:13:18,813 INFO  db.DBStoreBuilder (DBStoreBuilder.java:processTables(161)) - Using default column profile:DBProfile.DISK for Table:validCerts
2019-08-21 11:13:18,814 INFO  db.DBStoreBuilder (DBStoreBuilder.java:addTable(110)) - using custom profile for table: revokedCerts
2019-08-21 11:13:18,814 INFO  db.DBStoreBuilder (DBStoreBuilder.java:processTables(161)) - Using default column profile:DBProfile.DISK for Table:revokedCerts
2019-08-21 11:13:18,814 INFO  db.DBStoreBuilder (DBStoreBuilder.java:addTable(110)) - using custom profile for table: default
2019-08-21 11:13:18,815 INFO  db.DBStoreBuilder (DBStoreBuilder.java:processTables(167)) - Using default column profile:DBProfile.DISK for Table:default
2019-08-21 11:13:18,815 INFO  db.DBStoreBuilder (DBStoreBuilder.java:getDbProfile(198)) - Using default options. DBProfile.DISK
2019-08-21 11:13:18,966 INFO  net.NodeSchemaLoader (NodeSchemaLoader.java:loadSchemaFromFile(125)) - Loading file from sun.misc.CompoundEnumeration@322b09da
2019-08-21 11:13:18,967 INFO  net.NodeSchemaLoader (NodeSchemaLoader.java:loadSchema(171)) - Loading network topology layer schema file
2019-08-21 11:13:18,971 WARN  server.ServerUtils (ServerUtils.java:sanitizeUserArgs(70)) - ozone.scm.stale.node.interval value = 300000 is larger than max = 100000 based on the key value of ozone.scm.heartbeat.thread.interval, reset to the max value 100000.
2019-08-21 11:13:18,971 WARN  server.ServerUtils (ServerUtils.java:sanitizeUserArgs(70)) - ozone.scm.stale.node.interval value = 300000 is larger than max = 100000 based on the key value of ozone.scm.heartbeat.thread.interval, reset to the max value 100000.
2019-08-21 11:13:18,972 INFO  node.SCMNodeManager (SCMNodeManager.java:<init>(121)) - Entering startup safe mode.
2019-08-21 11:13:18,972 INFO  algorithms.ContainerPlacementPolicyFactory (ContainerPlacementPolicyFactory.java:getPolicy(55)) - Create container placement policy of type org.apache.hadoop.hdds.scm.container.placement.algorithms.SCMContainerPlacementRandom
2019-08-21 11:13:18,973 WARN  server.ServerUtils (ServerUtils.java:getScmDbDir(145)) - ozone.scm.db.dirs is not configured. We recommend adding this setting. Falling back to ozone.metadata.dirs instead.
2019-08-21 11:13:19,033 INFO  pipeline.SCMPipelineManager (SCMPipelineManager.java:initializePipelineState(126)) - No pipeline exists in current db
2019-08-21 11:13:19,033 WARN  server.ServerUtils (ServerUtils.java:getScmDbDir(145)) - ozone.scm.db.dirs is not configured. We recommend adding this setting. Falling back to ozone.metadata.dirs instead.
2019-08-21 11:13:19,085 WARN  events.EventQueue (EventQueue.java:fireEvent(175)) - No event handler registered for event TypedEvent{payloadType=SafeModeStatus, name='SafeModeStatus'}
2019-08-21 11:13:19,087 INFO  ipc.CallQueueManager (CallQueueManager.java:<init>(84)) - Using callQueue: class java.util.concurrent.LinkedBlockingQueue, queueCapacity: 2000, scheduler: class org.apache.hadoop.ipc.DefaultRpcScheduler, ipcBackoff: false.
2019-08-21 11:13:19,088 INFO  ipc.Server (Server.java:run(1074)) - Starting Socket Reader #1 for port 39680
2019-08-21 11:13:19,090 INFO  ipc.CallQueueManager (CallQueueManager.java:<init>(84)) - Using callQueue: class java.util.concurrent.LinkedBlockingQueue, queueCapacity: 2000, scheduler: class org.apache.hadoop.ipc.DefaultRpcScheduler, ipcBackoff: false.
2019-08-21 11:13:19,090 INFO  ipc.Server (Server.java:run(1074)) - Starting Socket Reader #1 for port 39039
2019-08-21 11:13:19,092 INFO  ipc.CallQueueManager (CallQueueManager.java:<init>(84)) - Using callQueue: class java.util.concurrent.LinkedBlockingQueue, queueCapacity: 2000, scheduler: class org.apache.hadoop.ipc.DefaultRpcScheduler, ipcBackoff: false.
2019-08-21 11:13:19,093 INFO  ipc.Server (Server.java:run(1074)) - Starting Socket Reader #1 for port 37195
2019-08-21 11:13:19,096 INFO  hdfs.DFSUtil (DFSUtil.java:httpServerTemplateForNNAndJN(1641)) - Starting Web-server for scm at: http://0.0.0.0:0
2019-08-21 11:13:19,100 INFO  server.AuthenticationFilter (AuthenticationFilter.java:constructSecretProvider(240)) - Unable to initialize FileSignerSecretProvider, falling back to use random secrets.
2019-08-21 11:13:19,101 WARN  http.HttpRequestLog (HttpRequestLog.java:getRequestLog(97)) - Jetty request log can only be enabled using Log4j
2019-08-21 11:13:19,103 INFO  http.HttpServer2 (HttpServer2.java:addGlobalFilter(975)) - Added global filter 'safety' (class=org.apache.hadoop.http.HttpServer2$QuotingInputFilter)
2019-08-21 11:13:19,105 INFO  http.HttpServer2 (HttpServer2.java:addFilter(948)) - Added filter static_user_filter (class=org.apache.hadoop.http.lib.StaticUserWebFilter$StaticUserFilter) to context scm
2019-08-21 11:13:19,105 INFO  http.HttpServer2 (HttpServer2.java:addFilter(958)) - Added filter static_user_filter (class=org.apache.hadoop.http.lib.StaticUserWebFilter$StaticUserFilter) to context static
2019-08-21 11:13:19,106 INFO  http.HttpServer2 (HttpServer2.java:addFilter(958)) - Added filter static_user_filter (class=org.apache.hadoop.http.lib.StaticUserWebFilter$StaticUserFilter) to context logs
2019-08-21 11:13:19,109 INFO  server.StorageContainerManager (StorageContainerManager.java:start(759)) - StorageContainerLocationProtocol RPC server is listening at /0.0.0.0:37195
2019-08-21 11:13:19,112 WARN  impl.MetricsConfig (MetricsConfig.java:loadFirst(134)) - Cannot locate configuration: tried hadoop-metrics2-storagecontainermanager.properties,hadoop-metrics2.properties
2019-08-21 11:13:19,114 INFO  impl.MetricsSystemImpl (MetricsSystemImpl.java:startTimer(374)) - Scheduled Metric snapshot period at 10 second(s).
2019-08-21 11:13:19,114 INFO  impl.MetricsSystemImpl (MetricsSystemImpl.java:start(191)) - StorageContainerManager metrics system started
2019-08-21 11:13:19,175 INFO  server.SCMClientProtocolServer (SCMClientProtocolServer.java:start(151)) - RPC server for Client  is listening at /0.0.0.0:37195
2019-08-21 11:13:19,176 INFO  ipc.Server (Server.java:run(1314)) - IPC Server Responder: starting
2019-08-21 11:13:19,176 INFO  ipc.Server (Server.java:run(1153)) - IPC Server listener on 37195: starting
2019-08-21 11:13:19,180 INFO  server.StorageContainerManager (StorageContainerManager.java:start(769)) - ScmBlockLocationProtocol RPC server is listening at /0.0.0.0:39039
2019-08-21 11:13:19,180 INFO  server.SCMBlockProtocolServer (SCMBlockProtocolServer.java:start(140)) - RPC server for Block Protocol is listening at /0.0.0.0:39039
2019-08-21 11:13:19,180 INFO  ipc.Server (Server.java:run(1314)) - IPC Server Responder: starting
2019-08-21 11:13:19,180 INFO  ipc.Server (Server.java:run(1153)) - IPC Server listener on 39039: starting
2019-08-21 11:13:19,184 INFO  server.StorageContainerManager (StorageContainerManager.java:start(773)) - ScmDatanodeProtocl RPC server is listening at /0.0.0.0:39680
2019-08-21 11:13:19,184 INFO  server.SCMDatanodeProtocolServer (SCMDatanodeProtocolServer.java:start(191)) - RPC server for DataNodes is listening at /0.0.0.0:39680
2019-08-21 11:13:19,184 INFO  ipc.Server (Server.java:run(1314)) - IPC Server Responder: starting
2019-08-21 11:13:19,185 INFO  ipc.Server (Server.java:run(1153)) - IPC Server listener on 39680: starting
2019-08-21 11:13:19,188 INFO  http.HttpServer2 (HttpServer2.java:bindListener(1191)) - Jetty bound to port 33517
2019-08-21 11:13:19,188 INFO  server.Server (Server.java:doStart(351)) - jetty-9.3.24.v20180605, build timestamp: 2018-06-05T17:11:56Z, git hash: 84205aa28f11a4f31f2a3b86d1bba2cc8ab69827
2019-08-21 11:13:19,190 INFO  handler.ContextHandler (ContextHandler.java:doStart(781)) - Started o.e.j.s.ServletContextHandler@67eeb310{/logs,file:///workdir/hadoop-ozone/integration-test/target/log,AVAILABLE}
2019-08-21 11:13:19,191 INFO  handler.ContextHandler (ContextHandler.java:doStart(781)) - Started o.e.j.s.ServletContextHandler@39ace1a7{/static,file:///workdir/hadoop-ozone/integration-test/target/test-classes/webapps/static,AVAILABLE}
2019-08-21 11:13:19,197 INFO  handler.ContextHandler (ContextHandler.java:doStart(781)) - Started o.e.j.w.WebAppContext@74c7522c{/,file:///workdir/hadoop-ozone/integration-test/target/test-classes/webapps/scm/,AVAILABLE}{/scm}
2019-08-21 11:13:19,199 INFO  server.AbstractConnector (AbstractConnector.java:doStart(278)) - Started ServerConnector@77c23d90{HTTP/1.1,[http/1.1]}{0.0.0.0:33517}
2019-08-21 11:13:19,199 INFO  server.Server (Server.java:doStart(419)) - Started @60273ms
2019-08-21 11:13:19,200 INFO  server.BaseHttpServer (BaseHttpServer.java:updateConnectorAddress(213)) - HTTP server of SCM is listening at http://0.0.0.0:33517
2019-08-21 11:13:19,201 WARN  server.ServerUtils (ServerUtils.java:getDBPath(222)) - ozone.om.db.dirs is not configured. We recommend adding this setting. Falling back to ozone.metadata.dirs instead.
2019-08-21 11:13:19,201 INFO  util.JvmPauseMonitor (JvmPauseMonitor.java:run(188)) - Starting JVM pause monitor
2019-08-21 11:13:19,216 WARN  server.ServerUtils (ServerUtils.java:getDBPath(222)) - ozone.om.db.dirs is not configured. We recommend adding this setting. Falling back to ozone.metadata.dirs instead.
2019-08-21 11:13:19,216 WARN  server.ServerUtils (ServerUtils.java:getDBPath(222)) - ozone.om.db.dirs is not configured. We recommend adding this setting. Falling back to ozone.metadata.dirs instead.
2019-08-21 11:13:19,217 INFO  om.OzoneManager (OzoneManager.java:setOMNodeDetails(647)) - OM Service ID is not set. Setting it to the default ID: omServiceIdDefault
2019-08-21 11:13:19,217 INFO  om.OzoneManager (OzoneManager.java:setOMNodeDetails(653)) - OM Node ID is not set. Setting it to the OmStorage's OmID: 17e4b415-1447-4601-9990-d21df46c05f0
2019-08-21 11:13:19,218 INFO  om.OzoneManager (OzoneManager.java:loadOMHAConfigs(604)) - Found matching OM address with OMServiceId: null, OMNodeId: null, RPC Address: localhost:0 and Ratis port: 9872
2019-08-21 11:13:19,226 WARN  server.ServerUtils (ServerUtils.java:getDBPath(222)) - ozone.om.db.dirs is not configured. We recommend adding this setting. Falling back to ozone.metadata.dirs instead.
2019-08-21 11:13:19,227 INFO  db.DBStoreBuilder (DBStoreBuilder.java:addTable(110)) - using custom profile for table: userTable
2019-08-21 11:13:19,227 INFO  db.DBStoreBuilder (DBStoreBuilder.java:processTables(161)) - Using default column profile:DBProfile.DISK for Table:userTable
2019-08-21 11:13:19,227 INFO  db.DBStoreBuilder (DBStoreBuilder.java:addTable(110)) - using custom profile for table: volumeTable
2019-08-21 11:13:19,227 INFO  db.DBStoreBuilder (DBStoreBuilder.java:processTables(161)) - Using default column profile:DBProfile.DISK for Table:volumeTable
2019-08-21 11:13:19,228 INFO  db.DBStoreBuilder (DBStoreBuilder.java:addTable(110)) - using custom profile for table: bucketTable
2019-08-21 11:13:19,228 INFO  db.DBStoreBuilder (DBStoreBuilder.java:processTables(161)) - Using default column profile:DBProfile.DISK for Table:bucketTable
2019-08-21 11:13:19,228 INFO  db.DBStoreBuilder (DBStoreBuilder.java:addTable(110)) - using custom profile for table: keyTable
2019-08-21 11:13:19,228 INFO  db.DBStoreBuilder (DBStoreBuilder.java:processTables(161)) - Using default column profile:DBProfile.DISK for Table:keyTable
2019-08-21 11:13:19,229 INFO  db.DBStoreBuilder (DBStoreBuilder.java:addTable(110)) - using custom profile for table: deletedTable
2019-08-21 11:13:19,229 INFO  db.DBStoreBuilder (DBStoreBuilder.java:processTables(161)) - Using default column profile:DBProfile.DISK for Table:deletedTable
2019-08-21 11:13:19,229 INFO  db.DBStoreBuilder (DBStoreBuilder.java:addTable(110)) - using custom profile for table: openKeyTable
2019-08-21 11:13:19,229 INFO  db.DBStoreBuilder (DBStoreBuilder.java:processTables(161)) - Using default column profile:DBProfile.DISK for Table:openKeyTable
2019-08-21 11:13:19,230 INFO  db.DBStoreBuilder (DBStoreBuilder.java:addTable(110)) - using custom profile for table: s3Table
2019-08-21 11:13:19,230 INFO  db.DBStoreBuilder (DBStoreBuilder.java:processTables(161)) - Using default column profile:DBProfile.DISK for Table:s3Table
2019-08-21 11:13:19,230 INFO  db.DBStoreBuilder (DBStoreBuilder.java:addTable(110)) - using custom profile for table: multipartInfoTable
2019-08-21 11:13:19,230 INFO  db.DBStoreBuilder (DBStoreBuilder.java:processTables(161)) - Using default column profile:DBProfile.DISK for Table:multipartInfoTable
2019-08-21 11:13:19,231 INFO  db.DBStoreBuilder (DBStoreBuilder.java:addTable(110)) - using custom profile for table: dTokenTable
2019-08-21 11:13:19,231 INFO  db.DBStoreBuilder (DBStoreBuilder.java:processTables(161)) - Using default column profile:DBProfile.DISK for Table:dTokenTable
2019-08-21 11:13:19,231 INFO  db.DBStoreBuilder (DBStoreBuilder.java:addTable(110)) - using custom profile for table: s3SecretTable
2019-08-21 11:13:19,231 INFO  db.DBStoreBuilder (DBStoreBuilder.java:processTables(161)) - Using default column profile:DBProfile.DISK for Table:s3SecretTable
2019-08-21 11:13:19,232 INFO  db.DBStoreBuilder (DBStoreBuilder.java:addTable(110)) - using custom profile for table: prefixTable
2019-08-21 11:13:19,232 INFO  db.DBStoreBuilder (DBStoreBuilder.java:processTables(161)) - Using default column profile:DBProfile.DISK for Table:prefixTable
2019-08-21 11:13:19,232 INFO  db.DBStoreBuilder (DBStoreBuilder.java:addTable(110)) - using custom profile for table: default
2019-08-21 11:13:19,233 INFO  db.DBStoreBuilder (DBStoreBuilder.java:processTables(167)) - Using default column profile:DBProfile.DISK for Table:default
2019-08-21 11:13:19,233 INFO  db.DBStoreBuilder (DBStoreBuilder.java:getDbProfile(198)) - Using default options. DBProfile.DISK
2019-08-21 11:13:19,741 INFO  ipc.CallQueueManager (CallQueueManager.java:<init>(84)) - Using callQueue: class java.util.concurrent.LinkedBlockingQueue, queueCapacity: 2000, scheduler: class org.apache.hadoop.ipc.DefaultRpcScheduler, ipcBackoff: false.
2019-08-21 11:13:19,742 INFO  ipc.Server (Server.java:run(1074)) - Starting Socket Reader #1 for port 35403
2019-08-21 11:13:19,756 INFO  om.OzoneManager (OzoneManager.java:start(1258)) - OzoneManager RPC server is listening at localhost/127.0.0.1:35403
2019-08-21 11:13:19,756 INFO  impl.MetricsSystemImpl (MetricsSystemImpl.java:init(158)) - OzoneManager metrics system started (again)
2019-08-21 11:13:19,757 INFO  ipc.Server (Server.java:run(1314)) - IPC Server Responder: starting
2019-08-21 11:13:19,757 INFO  ipc.Server (Server.java:run(1153)) - IPC Server listener on 35403: starting
2019-08-21 11:13:19,762 INFO  hdfs.DFSUtil (DFSUtil.java:httpServerTemplateForNNAndJN(1641)) - Starting Web-server for ozoneManager at: http://0.0.0.0:0
2019-08-21 11:13:19,764 INFO  server.AuthenticationFilter (AuthenticationFilter.java:constructSecretProvider(240)) - Unable to initialize FileSignerSecretProvider, falling back to use random secrets.
2019-08-21 11:13:19,764 WARN  http.HttpRequestLog (HttpRequestLog.java:getRequestLog(97)) - Jetty request log can only be enabled using Log4j
2019-08-21 11:13:19,766 INFO  http.HttpServer2 (HttpServer2.java:addGlobalFilter(975)) - Added global filter 'safety' (class=org.apache.hadoop.http.HttpServer2$QuotingInputFilter)
2019-08-21 11:13:19,767 INFO  http.HttpServer2 (HttpServer2.java:addFilter(948)) - Added filter static_user_filter (class=org.apache.hadoop.http.lib.StaticUserWebFilter$StaticUserFilter) to context ozoneManager
2019-08-21 11:13:19,767 INFO  http.HttpServer2 (HttpServer2.java:addFilter(958)) - Added filter static_user_filter (class=org.apache.hadoop.http.lib.StaticUserWebFilter$StaticUserFilter) to context static
2019-08-21 11:13:19,767 INFO  http.HttpServer2 (HttpServer2.java:addFilter(958)) - Added filter static_user_filter (class=org.apache.hadoop.http.lib.StaticUserWebFilter$StaticUserFilter) to context logs
2019-08-21 11:13:19,768 INFO  http.HttpServer2 (HttpServer2.java:bindListener(1191)) - Jetty bound to port 34684
2019-08-21 11:13:19,768 INFO  server.Server (Server.java:doStart(351)) - jetty-9.3.24.v20180605, build timestamp: 2018-06-05T17:11:56Z, git hash: 84205aa28f11a4f31f2a3b86d1bba2cc8ab69827
2019-08-21 11:13:19,770 INFO  handler.ContextHandler (ContextHandler.java:doStart(781)) - Started o.e.j.s.ServletContextHandler@505f45cc{/logs,file:///workdir/hadoop-ozone/integration-test/target/log,AVAILABLE}
2019-08-21 11:13:19,770 INFO  handler.ContextHandler (ContextHandler.java:doStart(781)) - Started o.e.j.s.ServletContextHandler@5df92089{/static,file:///workdir/hadoop-ozone/integration-test/target/test-classes/webapps/static,AVAILABLE}
2019-08-21 11:13:19,775 INFO  handler.ContextHandler (ContextHandler.java:doStart(781)) - Started o.e.j.w.WebAppContext@e162a35{/,file:///workdir/hadoop-ozone/integration-test/target/test-classes/webapps/ozoneManager/,AVAILABLE}{/ozoneManager}
2019-08-21 11:13:19,775 INFO  server.AbstractConnector (AbstractConnector.java:doStart(278)) - Started ServerConnector@1124910c{HTTP/1.1,[http/1.1]}{0.0.0.0:34684}
2019-08-21 11:13:19,776 INFO  server.Server (Server.java:doStart(419)) - Started @60850ms
2019-08-21 11:13:19,777 INFO  server.BaseHttpServer (BaseHttpServer.java:updateConnectorAddress(213)) - HTTP server of OZONEMANAGER is listening at http://0.0.0.0:34684
2019-08-21 11:13:19,795 INFO  impl.MetricsSystemImpl (MetricsSystemImpl.java:init(158)) - HddsDatanode metrics system started (again)
2019-08-21 11:13:19,797 INFO  ozone.HddsDatanodeService (HddsDatanodeService.java:start(184)) - HddsDatanodeService host:pr-hdds-1937-dnpk4-2229529846 ip:192.168.34.41
2019-08-21 11:13:19,805 INFO  volume.HddsVolume (HddsVolume.java:<init>(176)) - Creating Volume: /workdir/hadoop-ozone/integration-test/target/test-dir/MiniOzoneClusterImpl-fd2c8ee2-9f6a-4233-95b1-3a272b0e72d4/datanode-0/data/containers/hdds of  storage type : DISK and capacity : 1482555576320
2019-08-21 11:13:19,806 INFO  volume.VolumeSet (VolumeSet.java:initializeVolumeSet(170)) - Added Volume : /workdir/hadoop-ozone/integration-test/target/test-dir/MiniOzoneClusterImpl-fd2c8ee2-9f6a-4233-95b1-3a272b0e72d4/datanode-0/data/containers/hdds to VolumeSet
2019-08-21 11:13:19,806 INFO  volume.ThrottledAsyncChecker (ThrottledAsyncChecker.java:schedule(140)) - Scheduling a check for org.apache.hadoop.ozone.container.common.volume.HddsVolume@3dc46f24
2019-08-21 11:13:19,807 INFO  volume.HddsVolumeChecker (HddsVolumeChecker.java:checkAllVolumes(203)) - Scheduled health check for volume org.apache.hadoop.ozone.container.common.volume.HddsVolume@3dc46f24
2019-08-21 11:13:19,823 INFO  impl.RaftServerProxy (ConfUtils.java:logGet(43)) - raft.rpc.type = GRPC (default)
2019-08-21 11:13:19,824 INFO  grpc.GrpcFactory (GrpcFactory.java:checkPooledByteBufAllocatorUseCacheForAllThreads(45)) - PERFORMANCE WARNING: useCacheForAllThreads is true that may cause Netty to create a lot garbage objects and, as a result, trigger GC.
	It is recommended to disable useCacheForAllThreads by setting -Dorg.apache.ratis.thirdparty.io.netty.allocator.useCacheForAllThreads=false in command line.
2019-08-21 11:13:19,824 INFO  grpc.GrpcConfigKeys$Server (ConfUtils.java:logGet(43)) - raft.grpc.server.port = 0 (default)
2019-08-21 11:13:19,824 INFO  server.GrpcService (ConfUtils.java:logGet(43)) - raft.grpc.message.size.max = 33570816 (custom)
2019-08-21 11:13:19,825 INFO  server.RaftServerConfigKeys (ConfUtils.java:logGet(43)) - raft.server.log.appender.buffer.byte-limit = 33554432 (custom)
2019-08-21 11:13:19,825 INFO  server.GrpcService (ConfUtils.java:logGet(43)) - raft.grpc.flow.control.window = 1MB (=1048576) (default)
2019-08-21 11:13:19,825 INFO  server.RaftServerConfigKeys (ConfUtils.java:logGet(43)) - raft.server.rpc.request.timeout = 3000ms (default)
2019-08-21 11:13:19,826 INFO  server.RaftServerConfigKeys (ConfUtils.java:logGet(43)) - raft.server.storage.dir = [/workdir/hadoop-ozone/integration-test/target/test-dir/MiniOzoneClusterImpl-fd2c8ee2-9f6a-4233-95b1-3a272b0e72d4/datanode-0/data/ratis] (custom)
2019-08-21 11:13:19,826 INFO  replication.SimpleContainerDownloader (SimpleContainerDownloader.java:<init>(72)) - Starting container downloader service to copy containers to replicate.
2019-08-21 11:13:19,827 INFO  hdfs.DFSUtil (DFSUtil.java:httpServerTemplateForNNAndJN(1641)) - Starting Web-server for hddsDatanode at: http://0.0.0.0:0
2019-08-21 11:13:19,829 INFO  server.AuthenticationFilter (AuthenticationFilter.java:constructSecretProvider(240)) - Unable to initialize FileSignerSecretProvider, falling back to use random secrets.
2019-08-21 11:13:19,829 WARN  http.HttpRequestLog (HttpRequestLog.java:getRequestLog(97)) - Jetty request log can only be enabled using Log4j
2019-08-21 11:13:19,831 INFO  http.HttpServer2 (HttpServer2.java:addGlobalFilter(975)) - Added global filter 'safety' (class=org.apache.hadoop.http.HttpServer2$QuotingInputFilter)
2019-08-21 11:13:19,831 INFO  http.HttpServer2 (HttpServer2.java:addFilter(948)) - Added filter static_user_filter (class=org.apache.hadoop.http.lib.StaticUserWebFilter$StaticUserFilter) to context hddsDatanode
2019-08-21 11:13:19,832 INFO  http.HttpServer2 (HttpServer2.java:addFilter(958)) - Added filter static_user_filter (class=org.apache.hadoop.http.lib.StaticUserWebFilter$StaticUserFilter) to context logs
2019-08-21 11:13:19,832 INFO  http.HttpServer2 (HttpServer2.java:addFilter(958)) - Added filter static_user_filter (class=org.apache.hadoop.http.lib.StaticUserWebFilter$StaticUserFilter) to context static
2019-08-21 11:13:19,833 INFO  http.HttpServer2 (HttpServer2.java:bindListener(1191)) - Jetty bound to port 45205
2019-08-21 11:13:19,833 INFO  server.Server (Server.java:doStart(351)) - jetty-9.3.24.v20180605, build timestamp: 2018-06-05T17:11:56Z, git hash: 84205aa28f11a4f31f2a3b86d1bba2cc8ab69827
2019-08-21 11:13:19,834 INFO  handler.ContextHandler (ContextHandler.java:doStart(781)) - Started o.e.j.s.ServletContextHandler@4bfa5eb9{/logs,file:///workdir/hadoop-ozone/integration-test/target/log,AVAILABLE}
2019-08-21 11:13:19,835 INFO  handler.ContextHandler (ContextHandler.java:doStart(781)) - Started o.e.j.s.ServletContextHandler@58186f9f{/static,jar:file:/home/user/.m2/repository/org/apache/hadoop/hadoop-hdds-container-service/0.5.0-SNAPSHOT/hadoop-hdds-container-service-0.5.0-SNAPSHOT.jar!/webapps/static,AVAILABLE}
2019-08-21 11:13:19,862 INFO  handler.ContextHandler (ContextHandler.java:doStart(781)) - Started o.e.j.w.WebAppContext@5835e24a{/,file:///tmp/jetty-0.0.0.0-45205-hddsDatanode-_-any-9119521586749045782.dir/webapp/,AVAILABLE}{/hddsDatanode}
2019-08-21 11:13:19,863 INFO  server.AbstractConnector (AbstractConnector.java:doStart(278)) - Started ServerConnector@5238896f{HTTP/1.1,[http/1.1]}{0.0.0.0:45205}
2019-08-21 11:13:19,864 INFO  server.Server (Server.java:doStart(419)) - Started @60938ms
2019-08-21 11:13:19,865 INFO  server.BaseHttpServer (BaseHttpServer.java:updateConnectorAddress(213)) - HTTP server of HDDSDATANODE is listening at http://0.0.0.0:45205
2019-08-21 11:13:20,003 INFO  ozone.HddsDatanodeService (HddsDatanodeService.java:startPlugins(395)) - Started plug-in org.apache.hadoop.ozone.web.OzoneHddsDatanodeService@2e8b24a1
2019-08-21 11:13:20,003 INFO  impl.MetricsSystemImpl (MetricsSystemImpl.java:init(158)) - HddsDatanode metrics system started (again)
2019-08-21 11:13:20,007 INFO  ozone.HddsDatanodeService (HddsDatanodeService.java:start(184)) - HddsDatanodeService host:pr-hdds-1937-dnpk4-2229529846 ip:192.168.34.41
2019-08-21 11:13:20,007 INFO  util.JvmPauseMonitor (JvmPauseMonitor.java:run(188)) - Starting JVM pause monitor
2019-08-21 11:13:20,010 INFO  datanode.InitDatanodeState (InitDatanodeState.java:persistContainerDatanodeDetails(140)) - DatanodeDetails is persisted to /workdir/hadoop-ozone/integration-test/target/test-dir/MiniOzoneClusterImpl-fd2c8ee2-9f6a-4233-95b1-3a272b0e72d4/datanode-0/meta/datanode.id
2019-08-21 11:13:20,015 INFO  volume.HddsVolume (HddsVolume.java:<init>(176)) - Creating Volume: /workdir/hadoop-ozone/integration-test/target/test-dir/MiniOzoneClusterImpl-fd2c8ee2-9f6a-4233-95b1-3a272b0e72d4/datanode-1/data/containers/hdds of  storage type : DISK and capacity : 1482555576320
2019-08-21 11:13:20,015 INFO  volume.VolumeSet (VolumeSet.java:initializeVolumeSet(170)) - Added Volume : /workdir/hadoop-ozone/integration-test/target/test-dir/MiniOzoneClusterImpl-fd2c8ee2-9f6a-4233-95b1-3a272b0e72d4/datanode-1/data/containers/hdds to VolumeSet
2019-08-21 11:13:20,015 INFO  volume.ThrottledAsyncChecker (ThrottledAsyncChecker.java:schedule(140)) - Scheduling a check for org.apache.hadoop.ozone.container.common.volume.HddsVolume@60ed0b9d
2019-08-21 11:13:20,016 INFO  volume.HddsVolumeChecker (HddsVolumeChecker.java:checkAllVolumes(203)) - Scheduled health check for volume org.apache.hadoop.ozone.container.common.volume.HddsVolume@60ed0b9d
2019-08-21 11:13:20,035 INFO  impl.RaftServerProxy (ConfUtils.java:logGet(43)) - raft.rpc.type = GRPC (default)
2019-08-21 11:13:20,035 INFO  grpc.GrpcFactory (GrpcFactory.java:checkPooledByteBufAllocatorUseCacheForAllThreads(45)) - PERFORMANCE WARNING: useCacheForAllThreads is true that may cause Netty to create a lot garbage objects and, as a result, trigger GC.
	It is recommended to disable useCacheForAllThreads by setting -Dorg.apache.ratis.thirdparty.io.netty.allocator.useCacheForAllThreads=false in command line.
2019-08-21 11:13:20,036 INFO  grpc.GrpcConfigKeys$Server (ConfUtils.java:logGet(43)) - raft.grpc.server.port = 0 (default)
2019-08-21 11:13:20,036 INFO  server.GrpcService (ConfUtils.java:logGet(43)) - raft.grpc.message.size.max = 33570816 (custom)
2019-08-21 11:13:20,036 INFO  server.RaftServerConfigKeys (ConfUtils.java:logGet(43)) - raft.server.log.appender.buffer.byte-limit = 33554432 (custom)
2019-08-21 11:13:20,037 INFO  server.GrpcService (ConfUtils.java:logGet(43)) - raft.grpc.flow.control.window = 1MB (=1048576) (default)
2019-08-21 11:13:20,037 INFO  server.RaftServerConfigKeys (ConfUtils.java:logGet(43)) - raft.server.rpc.request.timeout = 3000ms (default)
2019-08-21 11:13:20,038 INFO  server.RaftServerConfigKeys (ConfUtils.java:logGet(43)) - raft.server.storage.dir = [/workdir/hadoop-ozone/integration-test/target/test-dir/MiniOzoneClusterImpl-fd2c8ee2-9f6a-4233-95b1-3a272b0e72d4/datanode-1/data/ratis] (custom)
2019-08-21 11:13:20,038 INFO  replication.SimpleContainerDownloader (SimpleContainerDownloader.java:<init>(72)) - Starting container downloader service to copy containers to replicate.
2019-08-21 11:13:20,039 INFO  hdfs.DFSUtil (DFSUtil.java:httpServerTemplateForNNAndJN(1641)) - Starting Web-server for hddsDatanode at: http://0.0.0.0:0
2019-08-21 11:13:20,041 INFO  server.AuthenticationFilter (AuthenticationFilter.java:constructSecretProvider(240)) - Unable to initialize FileSignerSecretProvider, falling back to use random secrets.
2019-08-21 11:13:20,042 WARN  http.HttpRequestLog (HttpRequestLog.java:getRequestLog(97)) - Jetty request log can only be enabled using Log4j
2019-08-21 11:13:20,043 INFO  http.HttpServer2 (HttpServer2.java:addGlobalFilter(975)) - Added global filter 'safety' (class=org.apache.hadoop.http.HttpServer2$QuotingInputFilter)
2019-08-21 11:13:20,044 INFO  http.HttpServer2 (HttpServer2.java:addFilter(948)) - Added filter static_user_filter (class=org.apache.hadoop.http.lib.StaticUserWebFilter$StaticUserFilter) to context hddsDatanode
2019-08-21 11:13:20,044 INFO  http.HttpServer2 (HttpServer2.java:addFilter(958)) - Added filter static_user_filter (class=org.apache.hadoop.http.lib.StaticUserWebFilter$StaticUserFilter) to context logs
2019-08-21 11:13:20,045 INFO  http.HttpServer2 (HttpServer2.java:addFilter(958)) - Added filter static_user_filter (class=org.apache.hadoop.http.lib.StaticUserWebFilter$StaticUserFilter) to context static
2019-08-21 11:13:20,046 INFO  http.HttpServer2 (HttpServer2.java:bindListener(1191)) - Jetty bound to port 43326
2019-08-21 11:13:20,046 INFO  server.Server (Server.java:doStart(351)) - jetty-9.3.24.v20180605, build timestamp: 2018-06-05T17:11:56Z, git hash: 84205aa28f11a4f31f2a3b86d1bba2cc8ab69827
2019-08-21 11:13:20,048 INFO  handler.ContextHandler (ContextHandler.java:doStart(781)) - Started o.e.j.s.ServletContextHandler@a1e912f{/logs,file:///workdir/hadoop-ozone/integration-test/target/log,AVAILABLE}
2019-08-21 11:13:20,048 INFO  handler.ContextHandler (ContextHandler.java:doStart(781)) - Started o.e.j.s.ServletContextHandler@68b3248a{/static,jar:file:/home/user/.m2/repository/org/apache/hadoop/hadoop-hdds-container-service/0.5.0-SNAPSHOT/hadoop-hdds-container-service-0.5.0-SNAPSHOT.jar!/webapps/static,AVAILABLE}
2019-08-21 11:13:20,082 INFO  handler.ContextHandler (ContextHandler.java:doStart(781)) - Started o.e.j.w.WebAppContext@698f4aa{/,file:///tmp/jetty-0.0.0.0-43326-hddsDatanode-_-any-8280381060344065779.dir/webapp/,AVAILABLE}{/hddsDatanode}
2019-08-21 11:13:20,083 INFO  server.AbstractConnector (AbstractConnector.java:doStart(278)) - Started ServerConnector@3dda8a2e{HTTP/1.1,[http/1.1]}{0.0.0.0:43326}
2019-08-21 11:13:20,084 INFO  server.Server (Server.java:doStart(419)) - Started @61158ms
2019-08-21 11:13:20,084 INFO  server.BaseHttpServer (BaseHttpServer.java:updateConnectorAddress(213)) - HTTP server of HDDSDATANODE is listening at http://0.0.0.0:43326
2019-08-21 11:13:20,214 INFO  ozone.HddsDatanodeService (HddsDatanodeService.java:startPlugins(395)) - Started plug-in org.apache.hadoop.ozone.web.OzoneHddsDatanodeService@c4cceb
2019-08-21 11:13:20,214 INFO  impl.MetricsSystemImpl (MetricsSystemImpl.java:init(158)) - HddsDatanode metrics system started (again)
2019-08-21 11:13:20,219 INFO  util.JvmPauseMonitor (JvmPauseMonitor.java:run(188)) - Starting JVM pause monitor
2019-08-21 11:13:20,219 INFO  ozone.HddsDatanodeService (HddsDatanodeService.java:start(184)) - HddsDatanodeService host:pr-hdds-1937-dnpk4-2229529846 ip:192.168.34.41
2019-08-21 11:13:20,221 INFO  datanode.InitDatanodeState (InitDatanodeState.java:persistContainerDatanodeDetails(140)) - DatanodeDetails is persisted to /workdir/hadoop-ozone/integration-test/target/test-dir/MiniOzoneClusterImpl-fd2c8ee2-9f6a-4233-95b1-3a272b0e72d4/datanode-1/meta/datanode.id
2019-08-21 11:13:20,227 INFO  volume.HddsVolume (HddsVolume.java:<init>(176)) - Creating Volume: /workdir/hadoop-ozone/integration-test/target/test-dir/MiniOzoneClusterImpl-fd2c8ee2-9f6a-4233-95b1-3a272b0e72d4/datanode-2/data/containers/hdds of  storage type : DISK and capacity : 1482555576320
2019-08-21 11:13:20,227 INFO  volume.VolumeSet (VolumeSet.java:initializeVolumeSet(170)) - Added Volume : /workdir/hadoop-ozone/integration-test/target/test-dir/MiniOzoneClusterImpl-fd2c8ee2-9f6a-4233-95b1-3a272b0e72d4/datanode-2/data/containers/hdds to VolumeSet
2019-08-21 11:13:20,227 INFO  volume.ThrottledAsyncChecker (ThrottledAsyncChecker.java:schedule(140)) - Scheduling a check for org.apache.hadoop.ozone.container.common.volume.HddsVolume@550fa96f
2019-08-21 11:13:20,228 INFO  volume.HddsVolumeChecker (HddsVolumeChecker.java:checkAllVolumes(203)) - Scheduled health check for volume org.apache.hadoop.ozone.container.common.volume.HddsVolume@550fa96f
2019-08-21 11:13:20,245 INFO  impl.RaftServerProxy (ConfUtils.java:logGet(43)) - raft.rpc.type = GRPC (default)
2019-08-21 11:13:20,245 INFO  grpc.GrpcFactory (GrpcFactory.java:checkPooledByteBufAllocatorUseCacheForAllThreads(45)) - PERFORMANCE WARNING: useCacheForAllThreads is true that may cause Netty to create a lot garbage objects and, as a result, trigger GC.
	It is recommended to disable useCacheForAllThreads by setting -Dorg.apache.ratis.thirdparty.io.netty.allocator.useCacheForAllThreads=false in command line.
2019-08-21 11:13:20,246 INFO  grpc.GrpcConfigKeys$Server (ConfUtils.java:logGet(43)) - raft.grpc.server.port = 0 (default)
2019-08-21 11:13:20,246 INFO  server.GrpcService (ConfUtils.java:logGet(43)) - raft.grpc.message.size.max = 33570816 (custom)
2019-08-21 11:13:20,246 INFO  server.RaftServerConfigKeys (ConfUtils.java:logGet(43)) - raft.server.log.appender.buffer.byte-limit = 33554432 (custom)
2019-08-21 11:13:20,247 INFO  server.GrpcService (ConfUtils.java:logGet(43)) - raft.grpc.flow.control.window = 1MB (=1048576) (default)
2019-08-21 11:13:20,247 INFO  server.RaftServerConfigKeys (ConfUtils.java:logGet(43)) - raft.server.rpc.request.timeout = 3000ms (default)
2019-08-21 11:13:20,248 INFO  server.RaftServerConfigKeys (ConfUtils.java:logGet(43)) - raft.server.storage.dir = [/workdir/hadoop-ozone/integration-test/target/test-dir/MiniOzoneClusterImpl-fd2c8ee2-9f6a-4233-95b1-3a272b0e72d4/datanode-2/data/ratis] (custom)
2019-08-21 11:13:20,248 INFO  replication.SimpleContainerDownloader (SimpleContainerDownloader.java:<init>(72)) - Starting container downloader service to copy containers to replicate.
2019-08-21 11:13:20,250 INFO  hdfs.DFSUtil (DFSUtil.java:httpServerTemplateForNNAndJN(1641)) - Starting Web-server for hddsDatanode at: http://0.0.0.0:0
2019-08-21 11:13:20,252 INFO  server.AuthenticationFilter (AuthenticationFilter.java:constructSecretProvider(240)) - Unable to initialize FileSignerSecretProvider, falling back to use random secrets.
2019-08-21 11:13:20,253 WARN  http.HttpRequestLog (HttpRequestLog.java:getRequestLog(97)) - Jetty request log can only be enabled using Log4j
2019-08-21 11:13:20,255 INFO  http.HttpServer2 (HttpServer2.java:addGlobalFilter(975)) - Added global filter 'safety' (class=org.apache.hadoop.http.HttpServer2$QuotingInputFilter)
2019-08-21 11:13:20,256 INFO  http.HttpServer2 (HttpServer2.java:addFilter(948)) - Added filter static_user_filter (class=org.apache.hadoop.http.lib.StaticUserWebFilter$StaticUserFilter) to context hddsDatanode
2019-08-21 11:13:20,256 INFO  http.HttpServer2 (HttpServer2.java:addFilter(958)) - Added filter static_user_filter (class=org.apache.hadoop.http.lib.StaticUserWebFilter$StaticUserFilter) to context logs
2019-08-21 11:13:20,257 INFO  http.HttpServer2 (HttpServer2.java:addFilter(958)) - Added filter static_user_filter (class=org.apache.hadoop.http.lib.StaticUserWebFilter$StaticUserFilter) to context static
2019-08-21 11:13:20,258 INFO  http.HttpServer2 (HttpServer2.java:bindListener(1191)) - Jetty bound to port 36884
2019-08-21 11:13:20,258 INFO  server.Server (Server.java:doStart(351)) - jetty-9.3.24.v20180605, build timestamp: 2018-06-05T17:11:56Z, git hash: 84205aa28f11a4f31f2a3b86d1bba2cc8ab69827
2019-08-21 11:13:20,260 INFO  handler.ContextHandler (ContextHandler.java:doStart(781)) - Started o.e.j.s.ServletContextHandler@4cd7e993{/logs,file:///workdir/hadoop-ozone/integration-test/target/log,AVAILABLE}
2019-08-21 11:13:20,261 INFO  handler.ContextHandler (ContextHandler.java:doStart(781)) - Started o.e.j.s.ServletContextHandler@2fb48970{/static,jar:file:/home/user/.m2/repository/org/apache/hadoop/hadoop-hdds-container-service/0.5.0-SNAPSHOT/hadoop-hdds-container-service-0.5.0-SNAPSHOT.jar!/webapps/static,AVAILABLE}
2019-08-21 11:13:20,296 INFO  handler.ContextHandler (ContextHandler.java:doStart(781)) - Started o.e.j.w.WebAppContext@1c18ee69{/,file:///tmp/jetty-0.0.0.0-36884-hddsDatanode-_-any-1323924312147046146.dir/webapp/,AVAILABLE}{/hddsDatanode}
2019-08-21 11:13:20,296 INFO  server.AbstractConnector (AbstractConnector.java:doStart(278)) - Started ServerConnector@2f99d8c{HTTP/1.1,[http/1.1]}{0.0.0.0:36884}
2019-08-21 11:13:20,298 INFO  server.Server (Server.java:doStart(419)) - Started @61372ms
2019-08-21 11:13:20,299 INFO  server.BaseHttpServer (BaseHttpServer.java:updateConnectorAddress(213)) - HTTP server of HDDSDATANODE is listening at http://0.0.0.0:36884
2019-08-21 11:13:20,428 INFO  ozone.HddsDatanodeService (HddsDatanodeService.java:startPlugins(395)) - Started plug-in org.apache.hadoop.ozone.web.OzoneHddsDatanodeService@40538370
2019-08-21 11:13:20,428 INFO  impl.MetricsSystemImpl (MetricsSystemImpl.java:init(158)) - HddsDatanode metrics system started (again)
2019-08-21 11:13:20,433 INFO  util.JvmPauseMonitor (JvmPauseMonitor.java:run(188)) - Starting JVM pause monitor
2019-08-21 11:13:20,435 INFO  ozone.HddsDatanodeService (HddsDatanodeService.java:start(184)) - HddsDatanodeService host:pr-hdds-1937-dnpk4-2229529846 ip:192.168.34.41
2019-08-21 11:13:20,435 INFO  datanode.InitDatanodeState (InitDatanodeState.java:persistContainerDatanodeDetails(140)) - DatanodeDetails is persisted to /workdir/hadoop-ozone/integration-test/target/test-dir/MiniOzoneClusterImpl-fd2c8ee2-9f6a-4233-95b1-3a272b0e72d4/datanode-2/meta/datanode.id
2019-08-21 11:13:20,442 INFO  volume.HddsVolume (HddsVolume.java:<init>(176)) - Creating Volume: /workdir/hadoop-ozone/integration-test/target/test-dir/MiniOzoneClusterImpl-fd2c8ee2-9f6a-4233-95b1-3a272b0e72d4/datanode-3/data/containers/hdds of  storage type : DISK and capacity : 1482555576320
2019-08-21 11:13:20,442 INFO  volume.VolumeSet (VolumeSet.java:initializeVolumeSet(170)) - Added Volume : /workdir/hadoop-ozone/integration-test/target/test-dir/MiniOzoneClusterImpl-fd2c8ee2-9f6a-4233-95b1-3a272b0e72d4/datanode-3/data/containers/hdds to VolumeSet
2019-08-21 11:13:20,443 INFO  volume.ThrottledAsyncChecker (ThrottledAsyncChecker.java:schedule(140)) - Scheduling a check for org.apache.hadoop.ozone.container.common.volume.HddsVolume@6cee903a
2019-08-21 11:13:20,443 INFO  volume.HddsVolumeChecker (HddsVolumeChecker.java:checkAllVolumes(203)) - Scheduled health check for volume org.apache.hadoop.ozone.container.common.volume.HddsVolume@6cee903a
2019-08-21 11:13:20,464 INFO  impl.RaftServerProxy (ConfUtils.java:logGet(43)) - raft.rpc.type = GRPC (default)
2019-08-21 11:13:20,464 INFO  grpc.GrpcFactory (GrpcFactory.java:checkPooledByteBufAllocatorUseCacheForAllThreads(45)) - PERFORMANCE WARNING: useCacheForAllThreads is true that may cause Netty to create a lot garbage objects and, as a result, trigger GC.
	It is recommended to disable useCacheForAllThreads by setting -Dorg.apache.ratis.thirdparty.io.netty.allocator.useCacheForAllThreads=false in command line.
2019-08-21 11:13:20,465 INFO  grpc.GrpcConfigKeys$Server (ConfUtils.java:logGet(43)) - raft.grpc.server.port = 0 (default)
2019-08-21 11:13:20,465 INFO  server.GrpcService (ConfUtils.java:logGet(43)) - raft.grpc.message.size.max = 33570816 (custom)
2019-08-21 11:13:20,465 INFO  server.RaftServerConfigKeys (ConfUtils.java:logGet(43)) - raft.server.log.appender.buffer.byte-limit = 33554432 (custom)
2019-08-21 11:13:20,466 INFO  server.GrpcService (ConfUtils.java:logGet(43)) - raft.grpc.flow.control.window = 1MB (=1048576) (default)
2019-08-21 11:13:20,466 INFO  server.RaftServerConfigKeys (ConfUtils.java:logGet(43)) - raft.server.rpc.request.timeout = 3000ms (default)
2019-08-21 11:13:20,467 INFO  server.RaftServerConfigKeys (ConfUtils.java:logGet(43)) - raft.server.storage.dir = [/workdir/hadoop-ozone/integration-test/target/test-dir/MiniOzoneClusterImpl-fd2c8ee2-9f6a-4233-95b1-3a272b0e72d4/datanode-3/data/ratis] (custom)
2019-08-21 11:13:20,467 INFO  replication.SimpleContainerDownloader (SimpleContainerDownloader.java:<init>(72)) - Starting container downloader service to copy containers to replicate.
2019-08-21 11:13:20,468 INFO  hdfs.DFSUtil (DFSUtil.java:httpServerTemplateForNNAndJN(1641)) - Starting Web-server for hddsDatanode at: http://0.0.0.0:0
2019-08-21 11:13:20,470 INFO  server.AuthenticationFilter (AuthenticationFilter.java:constructSecretProvider(240)) - Unable to initialize FileSignerSecretProvider, falling back to use random secrets.
2019-08-21 11:13:20,470 WARN  http.HttpRequestLog (HttpRequestLog.java:getRequestLog(97)) - Jetty request log can only be enabled using Log4j
2019-08-21 11:13:20,471 INFO  http.HttpServer2 (HttpServer2.java:addGlobalFilter(975)) - Added global filter 'safety' (class=org.apache.hadoop.http.HttpServer2$QuotingInputFilter)
2019-08-21 11:13:20,472 INFO  http.HttpServer2 (HttpServer2.java:addFilter(948)) - Added filter static_user_filter (class=org.apache.hadoop.http.lib.StaticUserWebFilter$StaticUserFilter) to context hddsDatanode
2019-08-21 11:13:20,472 INFO  http.HttpServer2 (HttpServer2.java:addFilter(958)) - Added filter static_user_filter (class=org.apache.hadoop.http.lib.StaticUserWebFilter$StaticUserFilter) to context logs
2019-08-21 11:13:20,472 INFO  http.HttpServer2 (HttpServer2.java:addFilter(958)) - Added filter static_user_filter (class=org.apache.hadoop.http.lib.StaticUserWebFilter$StaticUserFilter) to context static
2019-08-21 11:13:20,473 INFO  http.HttpServer2 (HttpServer2.java:bindListener(1191)) - Jetty bound to port 37926
2019-08-21 11:13:20,473 INFO  server.Server (Server.java:doStart(351)) - jetty-9.3.24.v20180605, build timestamp: 2018-06-05T17:11:56Z, git hash: 84205aa28f11a4f31f2a3b86d1bba2cc8ab69827
2019-08-21 11:13:20,642 INFO  handler.ContextHandler (ContextHandler.java:doStart(781)) - Started o.e.j.s.ServletContextHandler@62de73eb{/logs,file:///workdir/hadoop-ozone/integration-test/target/log,AVAILABLE}
2019-08-21 11:13:20,654 INFO  handler.ContextHandler (ContextHandler.java:doStart(781)) - Started o.e.j.s.ServletContextHandler@29f95272{/static,jar:file:/home/user/.m2/repository/org/apache/hadoop/hadoop-hdds-container-service/0.5.0-SNAPSHOT/hadoop-hdds-container-service-0.5.0-SNAPSHOT.jar!/webapps/static,AVAILABLE}
2019-08-21 11:13:20,689 INFO  handler.ContextHandler (ContextHandler.java:doStart(781)) - Started o.e.j.w.WebAppContext@29c25bbc{/,file:///tmp/jetty-0.0.0.0-37926-hddsDatanode-_-any-950341566241062733.dir/webapp/,AVAILABLE}{/hddsDatanode}
2019-08-21 11:13:20,689 INFO  server.AbstractConnector (AbstractConnector.java:doStart(278)) - Started ServerConnector@30704f85{HTTP/1.1,[http/1.1]}{0.0.0.0:37926}
2019-08-21 11:13:20,691 INFO  server.Server (Server.java:doStart(419)) - Started @61765ms
2019-08-21 11:13:20,692 INFO  server.BaseHttpServer (BaseHttpServer.java:updateConnectorAddress(213)) - HTTP server of HDDSDATANODE is listening at http://0.0.0.0:37926
2019-08-21 11:13:20,840 INFO  ozone.HddsDatanodeService (HddsDatanodeService.java:startPlugins(395)) - Started plug-in org.apache.hadoop.ozone.web.OzoneHddsDatanodeService@4392362c
2019-08-21 11:13:20,841 INFO  impl.MetricsSystemImpl (MetricsSystemImpl.java:init(158)) - HddsDatanode metrics system started (again)
2019-08-21 11:13:20,847 INFO  util.JvmPauseMonitor (JvmPauseMonitor.java:run(188)) - Starting JVM pause monitor
2019-08-21 11:13:20,848 INFO  ozone.HddsDatanodeService (HddsDatanodeService.java:start(184)) - HddsDatanodeService host:pr-hdds-1937-dnpk4-2229529846 ip:192.168.34.41
2019-08-21 11:13:20,848 INFO  datanode.InitDatanodeState (InitDatanodeState.java:persistContainerDatanodeDetails(140)) - DatanodeDetails is persisted to /workdir/hadoop-ozone/integration-test/target/test-dir/MiniOzoneClusterImpl-fd2c8ee2-9f6a-4233-95b1-3a272b0e72d4/datanode-3/meta/datanode.id
2019-08-21 11:13:20,856 INFO  volume.HddsVolume (HddsVolume.java:<init>(176)) - Creating Volume: /workdir/hadoop-ozone/integration-test/target/test-dir/MiniOzoneClusterImpl-fd2c8ee2-9f6a-4233-95b1-3a272b0e72d4/datanode-4/data/containers/hdds of  storage type : DISK and capacity : 1482555576320
2019-08-21 11:13:20,856 INFO  volume.VolumeSet (VolumeSet.java:initializeVolumeSet(170)) - Added Volume : /workdir/hadoop-ozone/integration-test/target/test-dir/MiniOzoneClusterImpl-fd2c8ee2-9f6a-4233-95b1-3a272b0e72d4/datanode-4/data/containers/hdds to VolumeSet
2019-08-21 11:13:20,857 INFO  volume.ThrottledAsyncChecker (ThrottledAsyncChecker.java:schedule(140)) - Scheduling a check for org.apache.hadoop.ozone.container.common.volume.HddsVolume@25216999
2019-08-21 11:13:20,857 INFO  volume.HddsVolumeChecker (HddsVolumeChecker.java:checkAllVolumes(203)) - Scheduled health check for volume org.apache.hadoop.ozone.container.common.volume.HddsVolume@25216999
2019-08-21 11:13:20,879 INFO  impl.RaftServerProxy (ConfUtils.java:logGet(43)) - raft.rpc.type = GRPC (default)
2019-08-21 11:13:20,879 INFO  grpc.GrpcFactory (GrpcFactory.java:checkPooledByteBufAllocatorUseCacheForAllThreads(45)) - PERFORMANCE WARNING: useCacheForAllThreads is true that may cause Netty to create a lot garbage objects and, as a result, trigger GC.
	It is recommended to disable useCacheForAllThreads by setting -Dorg.apache.ratis.thirdparty.io.netty.allocator.useCacheForAllThreads=false in command line.
2019-08-21 11:13:20,879 INFO  grpc.GrpcConfigKeys$Server (ConfUtils.java:logGet(43)) - raft.grpc.server.port = 0 (default)
2019-08-21 11:13:20,880 INFO  server.GrpcService (ConfUtils.java:logGet(43)) - raft.grpc.message.size.max = 33570816 (custom)
2019-08-21 11:13:20,880 INFO  server.RaftServerConfigKeys (ConfUtils.java:logGet(43)) - raft.server.log.appender.buffer.byte-limit = 33554432 (custom)
2019-08-21 11:13:20,880 INFO  server.GrpcService (ConfUtils.java:logGet(43)) - raft.grpc.flow.control.window = 1MB (=1048576) (default)
2019-08-21 11:13:20,881 INFO  server.RaftServerConfigKeys (ConfUtils.java:logGet(43)) - raft.server.rpc.request.timeout = 3000ms (default)
2019-08-21 11:13:20,881 INFO  server.RaftServerConfigKeys (ConfUtils.java:logGet(43)) - raft.server.storage.dir = [/workdir/hadoop-ozone/integration-test/target/test-dir/MiniOzoneClusterImpl-fd2c8ee2-9f6a-4233-95b1-3a272b0e72d4/datanode-4/data/ratis] (custom)
2019-08-21 11:13:20,882 INFO  replication.SimpleContainerDownloader (SimpleContainerDownloader.java:<init>(72)) - Starting container downloader service to copy containers to replicate.
2019-08-21 11:13:20,883 INFO  hdfs.DFSUtil (DFSUtil.java:httpServerTemplateForNNAndJN(1641)) - Starting Web-server for hddsDatanode at: http://0.0.0.0:0
2019-08-21 11:13:20,885 INFO  server.AuthenticationFilter (AuthenticationFilter.java:constructSecretProvider(240)) - Unable to initialize FileSignerSecretProvider, falling back to use random secrets.
2019-08-21 11:13:20,885 WARN  http.HttpRequestLog (HttpRequestLog.java:getRequestLog(97)) - Jetty request log can only be enabled using Log4j
2019-08-21 11:13:20,887 INFO  http.HttpServer2 (HttpServer2.java:addGlobalFilter(975)) - Added global filter 'safety' (class=org.apache.hadoop.http.HttpServer2$QuotingInputFilter)
2019-08-21 11:13:20,887 INFO  http.HttpServer2 (HttpServer2.java:addFilter(948)) - Added filter static_user_filter (class=org.apache.hadoop.http.lib.StaticUserWebFilter$StaticUserFilter) to context hddsDatanode
2019-08-21 11:13:20,888 INFO  http.HttpServer2 (HttpServer2.java:addFilter(958)) - Added filter static_user_filter (class=org.apache.hadoop.http.lib.StaticUserWebFilter$StaticUserFilter) to context static
2019-08-21 11:13:20,888 INFO  http.HttpServer2 (HttpServer2.java:addFilter(958)) - Added filter static_user_filter (class=org.apache.hadoop.http.lib.StaticUserWebFilter$StaticUserFilter) to context logs
2019-08-21 11:13:20,888 INFO  http.HttpServer2 (HttpServer2.java:bindListener(1191)) - Jetty bound to port 42142
2019-08-21 11:13:20,889 INFO  server.Server (Server.java:doStart(351)) - jetty-9.3.24.v20180605, build timestamp: 2018-06-05T17:11:56Z, git hash: 84205aa28f11a4f31f2a3b86d1bba2cc8ab69827
2019-08-21 11:13:20,891 INFO  handler.ContextHandler (ContextHandler.java:doStart(781)) - Started o.e.j.s.ServletContextHandler@351ede23{/logs,file:///workdir/hadoop-ozone/integration-test/target/log,AVAILABLE}
2019-08-21 11:13:20,891 INFO  handler.ContextHandler (ContextHandler.java:doStart(781)) - Started o.e.j.s.ServletContextHandler@5df7a065{/static,jar:file:/home/user/.m2/repository/org/apache/hadoop/hadoop-hdds-container-service/0.5.0-SNAPSHOT/hadoop-hdds-container-service-0.5.0-SNAPSHOT.jar!/webapps/static,AVAILABLE}
2019-08-21 11:13:20,919 INFO  handler.ContextHandler (ContextHandler.java:doStart(781)) - Started o.e.j.w.WebAppContext@3b2db389{/,file:///tmp/jetty-0.0.0.0-42142-hddsDatanode-_-any-3652546031990732391.dir/webapp/,AVAILABLE}{/hddsDatanode}
2019-08-21 11:13:20,920 INFO  server.AbstractConnector (AbstractConnector.java:doStart(278)) - Started ServerConnector@45f1413c{HTTP/1.1,[http/1.1]}{0.0.0.0:42142}
2019-08-21 11:13:20,921 INFO  server.Server (Server.java:doStart(419)) - Started @61995ms
2019-08-21 11:13:20,922 INFO  server.BaseHttpServer (BaseHttpServer.java:updateConnectorAddress(213)) - HTTP server of HDDSDATANODE is listening at http://0.0.0.0:42142
2019-08-21 11:13:21,057 INFO  ozone.HddsDatanodeService (HddsDatanodeService.java:startPlugins(395)) - Started plug-in org.apache.hadoop.ozone.web.OzoneHddsDatanodeService@ba0018e
2019-08-21 11:13:21,057 INFO  impl.MetricsSystemImpl (MetricsSystemImpl.java:init(158)) - HddsDatanode metrics system started (again)
2019-08-21 11:13:21,063 INFO  util.JvmPauseMonitor (JvmPauseMonitor.java:run(188)) - Starting JVM pause monitor
2019-08-21 11:13:21,063 INFO  ozone.HddsDatanodeService (HddsDatanodeService.java:start(184)) - HddsDatanodeService host:pr-hdds-1937-dnpk4-2229529846 ip:192.168.34.41
2019-08-21 11:13:21,065 INFO  datanode.InitDatanodeState (InitDatanodeState.java:persistContainerDatanodeDetails(140)) - DatanodeDetails is persisted to /workdir/hadoop-ozone/integration-test/target/test-dir/MiniOzoneClusterImpl-fd2c8ee2-9f6a-4233-95b1-3a272b0e72d4/datanode-4/meta/datanode.id
2019-08-21 11:13:21,071 INFO  volume.HddsVolume (HddsVolume.java:<init>(176)) - Creating Volume: /workdir/hadoop-ozone/integration-test/target/test-dir/MiniOzoneClusterImpl-fd2c8ee2-9f6a-4233-95b1-3a272b0e72d4/datanode-5/data/containers/hdds of  storage type : DISK and capacity : 1482555576320
2019-08-21 11:13:21,072 INFO  volume.VolumeSet (VolumeSet.java:initializeVolumeSet(170)) - Added Volume : /workdir/hadoop-ozone/integration-test/target/test-dir/MiniOzoneClusterImpl-fd2c8ee2-9f6a-4233-95b1-3a272b0e72d4/datanode-5/data/containers/hdds to VolumeSet
2019-08-21 11:13:21,072 INFO  volume.ThrottledAsyncChecker (ThrottledAsyncChecker.java:schedule(140)) - Scheduling a check for org.apache.hadoop.ozone.container.common.volume.HddsVolume@66048ac4
2019-08-21 11:13:21,072 INFO  volume.HddsVolumeChecker (HddsVolumeChecker.java:checkAllVolumes(203)) - Scheduled health check for volume org.apache.hadoop.ozone.container.common.volume.HddsVolume@66048ac4
2019-08-21 11:13:21,094 INFO  impl.RaftServerProxy (ConfUtils.java:logGet(43)) - raft.rpc.type = GRPC (default)
2019-08-21 11:13:21,095 INFO  grpc.GrpcFactory (GrpcFactory.java:checkPooledByteBufAllocatorUseCacheForAllThreads(45)) - PERFORMANCE WARNING: useCacheForAllThreads is true that may cause Netty to create a lot garbage objects and, as a result, trigger GC.
	It is recommended to disable useCacheForAllThreads by setting -Dorg.apache.ratis.thirdparty.io.netty.allocator.useCacheForAllThreads=false in command line.
2019-08-21 11:13:21,095 INFO  grpc.GrpcConfigKeys$Server (ConfUtils.java:logGet(43)) - raft.grpc.server.port = 0 (default)
2019-08-21 11:13:21,095 INFO  server.GrpcService (ConfUtils.java:logGet(43)) - raft.grpc.message.size.max = 33570816 (custom)
2019-08-21 11:13:21,095 INFO  server.RaftServerConfigKeys (ConfUtils.java:logGet(43)) - raft.server.log.appender.buffer.byte-limit = 33554432 (custom)
2019-08-21 11:13:21,096 INFO  server.GrpcService (ConfUtils.java:logGet(43)) - raft.grpc.flow.control.window = 1MB (=1048576) (default)
2019-08-21 11:13:21,096 INFO  server.RaftServerConfigKeys (ConfUtils.java:logGet(43)) - raft.server.rpc.request.timeout = 3000ms (default)
2019-08-21 11:13:21,096 INFO  server.RaftServerConfigKeys (ConfUtils.java:logGet(43)) - raft.server.storage.dir = [/workdir/hadoop-ozone/integration-test/target/test-dir/MiniOzoneClusterImpl-fd2c8ee2-9f6a-4233-95b1-3a272b0e72d4/datanode-5/data/ratis] (custom)
2019-08-21 11:13:21,097 INFO  replication.SimpleContainerDownloader (SimpleContainerDownloader.java:<init>(72)) - Starting container downloader service to copy containers to replicate.
2019-08-21 11:13:21,099 INFO  hdfs.DFSUtil (DFSUtil.java:httpServerTemplateForNNAndJN(1641)) - Starting Web-server for hddsDatanode at: http://0.0.0.0:0
2019-08-21 11:13:21,100 INFO  server.AuthenticationFilter (AuthenticationFilter.java:constructSecretProvider(240)) - Unable to initialize FileSignerSecretProvider, falling back to use random secrets.
2019-08-21 11:13:21,101 WARN  http.HttpRequestLog (HttpRequestLog.java:getRequestLog(97)) - Jetty request log can only be enabled using Log4j
2019-08-21 11:13:21,103 INFO  http.HttpServer2 (HttpServer2.java:addGlobalFilter(975)) - Added global filter 'safety' (class=org.apache.hadoop.http.HttpServer2$QuotingInputFilter)
2019-08-21 11:13:21,103 INFO  http.HttpServer2 (HttpServer2.java:addFilter(948)) - Added filter static_user_filter (class=org.apache.hadoop.http.lib.StaticUserWebFilter$StaticUserFilter) to context hddsDatanode
2019-08-21 11:13:21,104 INFO  http.HttpServer2 (HttpServer2.java:addFilter(958)) - Added filter static_user_filter (class=org.apache.hadoop.http.lib.StaticUserWebFilter$StaticUserFilter) to context static
2019-08-21 11:13:21,104 INFO  http.HttpServer2 (HttpServer2.java:addFilter(958)) - Added filter static_user_filter (class=org.apache.hadoop.http.lib.StaticUserWebFilter$StaticUserFilter) to context logs
2019-08-21 11:13:21,104 INFO  http.HttpServer2 (HttpServer2.java:bindListener(1191)) - Jetty bound to port 38586
2019-08-21 11:13:21,105 INFO  server.Server (Server.java:doStart(351)) - jetty-9.3.24.v20180605, build timestamp: 2018-06-05T17:11:56Z, git hash: 84205aa28f11a4f31f2a3b86d1bba2cc8ab69827
2019-08-21 11:13:21,107 INFO  handler.ContextHandler (ContextHandler.java:doStart(781)) - Started o.e.j.s.ServletContextHandler@615ef20{/logs,file:///workdir/hadoop-ozone/integration-test/target/log,AVAILABLE}
2019-08-21 11:13:21,107 INFO  handler.ContextHandler (ContextHandler.java:doStart(781)) - Started o.e.j.s.ServletContextHandler@3a8b9458{/static,jar:file:/home/user/.m2/repository/org/apache/hadoop/hadoop-hdds-container-service/0.5.0-SNAPSHOT/hadoop-hdds-container-service-0.5.0-SNAPSHOT.jar!/webapps/static,AVAILABLE}
2019-08-21 11:13:21,136 INFO  handler.ContextHandler (ContextHandler.java:doStart(781)) - Started o.e.j.w.WebAppContext@2ecdcfe3{/,file:///tmp/jetty-0.0.0.0-38586-hddsDatanode-_-any-7373443070420911313.dir/webapp/,AVAILABLE}{/hddsDatanode}
2019-08-21 11:13:21,138 INFO  server.AbstractConnector (AbstractConnector.java:doStart(278)) - Started ServerConnector@65b73689{HTTP/1.1,[http/1.1]}{0.0.0.0:38586}
2019-08-21 11:13:21,139 INFO  server.Server (Server.java:doStart(419)) - Started @62212ms
2019-08-21 11:13:21,140 INFO  server.BaseHttpServer (BaseHttpServer.java:updateConnectorAddress(213)) - HTTP server of HDDSDATANODE is listening at http://0.0.0.0:38586
2019-08-21 11:13:21,280 INFO  ozone.HddsDatanodeService (HddsDatanodeService.java:startPlugins(395)) - Started plug-in org.apache.hadoop.ozone.web.OzoneHddsDatanodeService@2bd2430f
2019-08-21 11:13:21,280 INFO  impl.MetricsSystemImpl (MetricsSystemImpl.java:init(158)) - HddsDatanode metrics system started (again)
2019-08-21 11:13:21,284 INFO  util.JvmPauseMonitor (JvmPauseMonitor.java:run(188)) - Starting JVM pause monitor
2019-08-21 11:13:21,288 INFO  ozone.HddsDatanodeService (HddsDatanodeService.java:start(184)) - HddsDatanodeService host:pr-hdds-1937-dnpk4-2229529846 ip:192.168.34.41
2019-08-21 11:13:21,289 INFO  datanode.InitDatanodeState (InitDatanodeState.java:persistContainerDatanodeDetails(140)) - DatanodeDetails is persisted to /workdir/hadoop-ozone/integration-test/target/test-dir/MiniOzoneClusterImpl-fd2c8ee2-9f6a-4233-95b1-3a272b0e72d4/datanode-5/meta/datanode.id
2019-08-21 11:13:21,296 INFO  volume.HddsVolume (HddsVolume.java:<init>(176)) - Creating Volume: /workdir/hadoop-ozone/integration-test/target/test-dir/MiniOzoneClusterImpl-fd2c8ee2-9f6a-4233-95b1-3a272b0e72d4/datanode-6/data/containers/hdds of  storage type : DISK and capacity : 1482555576320
2019-08-21 11:13:21,296 INFO  volume.VolumeSet (VolumeSet.java:initializeVolumeSet(170)) - Added Volume : /workdir/hadoop-ozone/integration-test/target/test-dir/MiniOzoneClusterImpl-fd2c8ee2-9f6a-4233-95b1-3a272b0e72d4/datanode-6/data/containers/hdds to VolumeSet
2019-08-21 11:13:21,296 INFO  volume.ThrottledAsyncChecker (ThrottledAsyncChecker.java:schedule(140)) - Scheduling a check for org.apache.hadoop.ozone.container.common.volume.HddsVolume@65da4a5d
2019-08-21 11:13:21,298 INFO  volume.HddsVolumeChecker (HddsVolumeChecker.java:checkAllVolumes(203)) - Scheduled health check for volume org.apache.hadoop.ozone.container.common.volume.HddsVolume@65da4a5d
2019-08-21 11:13:21,314 INFO  impl.RaftServerProxy (ConfUtils.java:logGet(43)) - raft.rpc.type = GRPC (default)
2019-08-21 11:13:21,314 INFO  grpc.GrpcFactory (GrpcFactory.java:checkPooledByteBufAllocatorUseCacheForAllThreads(45)) - PERFORMANCE WARNING: useCacheForAllThreads is true that may cause Netty to create a lot garbage objects and, as a result, trigger GC.
	It is recommended to disable useCacheForAllThreads by setting -Dorg.apache.ratis.thirdparty.io.netty.allocator.useCacheForAllThreads=false in command line.
2019-08-21 11:13:21,314 INFO  grpc.GrpcConfigKeys$Server (ConfUtils.java:logGet(43)) - raft.grpc.server.port = 0 (default)
2019-08-21 11:13:21,314 INFO  server.GrpcService (ConfUtils.java:logGet(43)) - raft.grpc.message.size.max = 33570816 (custom)
2019-08-21 11:13:21,315 INFO  server.RaftServerConfigKeys (ConfUtils.java:logGet(43)) - raft.server.log.appender.buffer.byte-limit = 33554432 (custom)
2019-08-21 11:13:21,315 INFO  server.GrpcService (ConfUtils.java:logGet(43)) - raft.grpc.flow.control.window = 1MB (=1048576) (default)
2019-08-21 11:13:21,315 INFO  server.RaftServerConfigKeys (ConfUtils.java:logGet(43)) - raft.server.rpc.request.timeout = 3000ms (default)
2019-08-21 11:13:21,315 INFO  server.RaftServerConfigKeys (ConfUtils.java:logGet(43)) - raft.server.storage.dir = [/workdir/hadoop-ozone/integration-test/target/test-dir/MiniOzoneClusterImpl-fd2c8ee2-9f6a-4233-95b1-3a272b0e72d4/datanode-6/data/ratis] (custom)
2019-08-21 11:13:21,316 INFO  replication.SimpleContainerDownloader (SimpleContainerDownloader.java:<init>(72)) - Starting container downloader service to copy containers to replicate.
2019-08-21 11:13:21,317 INFO  hdfs.DFSUtil (DFSUtil.java:httpServerTemplateForNNAndJN(1641)) - Starting Web-server for hddsDatanode at: http://0.0.0.0:0
2019-08-21 11:13:21,319 INFO  server.AuthenticationFilter (AuthenticationFilter.java:constructSecretProvider(240)) - Unable to initialize FileSignerSecretProvider, falling back to use random secrets.
2019-08-21 11:13:21,320 WARN  http.HttpRequestLog (HttpRequestLog.java:getRequestLog(97)) - Jetty request log can only be enabled using Log4j
2019-08-21 11:13:21,322 INFO  http.HttpServer2 (HttpServer2.java:addGlobalFilter(975)) - Added global filter 'safety' (class=org.apache.hadoop.http.HttpServer2$QuotingInputFilter)
2019-08-21 11:13:21,323 INFO  http.HttpServer2 (HttpServer2.java:addFilter(948)) - Added filter static_user_filter (class=org.apache.hadoop.http.lib.StaticUserWebFilter$StaticUserFilter) to context hddsDatanode
2019-08-21 11:13:21,323 INFO  http.HttpServer2 (HttpServer2.java:addFilter(958)) - Added filter static_user_filter (class=org.apache.hadoop.http.lib.StaticUserWebFilter$StaticUserFilter) to context logs
2019-08-21 11:13:21,323 INFO  http.HttpServer2 (HttpServer2.java:addFilter(958)) - Added filter static_user_filter (class=org.apache.hadoop.http.lib.StaticUserWebFilter$StaticUserFilter) to context static
2019-08-21 11:13:21,324 INFO  http.HttpServer2 (HttpServer2.java:bindListener(1191)) - Jetty bound to port 46519
2019-08-21 11:13:21,324 INFO  server.Server (Server.java:doStart(351)) - jetty-9.3.24.v20180605, build timestamp: 2018-06-05T17:11:56Z, git hash: 84205aa28f11a4f31f2a3b86d1bba2cc8ab69827
2019-08-21 11:13:21,326 INFO  handler.ContextHandler (ContextHandler.java:doStart(781)) - Started o.e.j.s.ServletContextHandler@39ae6408{/logs,file:///workdir/hadoop-ozone/integration-test/target/log,AVAILABLE}
2019-08-21 11:13:21,327 INFO  handler.ContextHandler (ContextHandler.java:doStart(781)) - Started o.e.j.s.ServletContextHandler@4c8abec7{/static,jar:file:/home/user/.m2/repository/org/apache/hadoop/hadoop-hdds-container-service/0.5.0-SNAPSHOT/hadoop-hdds-container-service-0.5.0-SNAPSHOT.jar!/webapps/static,AVAILABLE}
2019-08-21 11:13:21,358 INFO  handler.ContextHandler (ContextHandler.java:doStart(781)) - Started o.e.j.w.WebAppContext@1a3c4b3e{/,file:///tmp/jetty-0.0.0.0-46519-hddsDatanode-_-any-7701700120484077160.dir/webapp/,AVAILABLE}{/hddsDatanode}
2019-08-21 11:13:21,358 INFO  server.AbstractConnector (AbstractConnector.java:doStart(278)) - Started ServerConnector@4746fb8c{HTTP/1.1,[http/1.1]}{0.0.0.0:46519}
2019-08-21 11:13:21,362 INFO  server.Server (Server.java:doStart(419)) - Started @62436ms
2019-08-21 11:13:21,363 INFO  server.BaseHttpServer (BaseHttpServer.java:updateConnectorAddress(213)) - HTTP server of HDDSDATANODE is listening at http://0.0.0.0:46519
2019-08-21 11:13:21,502 INFO  ozone.HddsDatanodeService (HddsDatanodeService.java:startPlugins(395)) - Started plug-in org.apache.hadoop.ozone.web.OzoneHddsDatanodeService@30665461
2019-08-21 11:13:21,503 INFO  ozone.MiniOzoneClusterImpl (MiniOzoneClusterImpl.java:lambda$waitForClusterToBeReady$0(142)) - Waiting for cluster to be ready. Got 0 of 7 DN Heartbeats.
2019-08-21 11:13:21,506 INFO  util.JvmPauseMonitor (JvmPauseMonitor.java:run(188)) - Starting JVM pause monitor
2019-08-21 11:13:21,509 INFO  datanode.InitDatanodeState (InitDatanodeState.java:persistContainerDatanodeDetails(140)) - DatanodeDetails is persisted to /workdir/hadoop-ozone/integration-test/target/test-dir/MiniOzoneClusterImpl-fd2c8ee2-9f6a-4233-95b1-3a272b0e72d4/datanode-6/meta/datanode.id
2019-08-21 11:13:22,036 INFO  ozoneimpl.OzoneContainer (OzoneContainer.java:start(186)) - Attempting to start container services.
2019-08-21 11:13:22,039 INFO  ozoneimpl.OzoneContainer (OzoneContainer.java:startContainerScrub(160)) - Background container scrubber has been disabled by hdds.containerscrub.enabled
2019-08-21 11:13:22,039 INFO  ratis.XceiverServerRatis (XceiverServerRatis.java:start(404)) - Starting XceiverServerRatis 8703c04e-fd07-4d69-8fa0-282abe3b7659 at port 0
2019-08-21 11:13:22,046 INFO  impl.RaftServerProxy (RaftServerProxy.java:lambda$start$3(299)) - 8703c04e-fd07-4d69-8fa0-282abe3b7659: start RPC server
2019-08-21 11:13:22,049 INFO  server.GrpcService (GrpcService.java:startImpl(149)) - 8703c04e-fd07-4d69-8fa0-282abe3b7659: GrpcService started, listening on 0.0.0.0/0.0.0.0:44129
2019-08-21 11:13:22,049 INFO  ratis.XceiverServerRatis (XceiverServerRatis.java:start(414)) - XceiverServerRatis 8703c04e-fd07-4d69-8fa0-282abe3b7659 is started using port 44129
2019-08-21 11:13:22,050 INFO  server.XceiverServerGrpc (XceiverServerGrpc.java:start(161)) - XceiverServerGrpc 8703c04e-fd07-4d69-8fa0-282abe3b7659 is started using port 33485
2019-08-21 11:13:22,237 INFO  ozoneimpl.OzoneContainer (OzoneContainer.java:start(186)) - Attempting to start container services.
2019-08-21 11:13:22,244 INFO  ozoneimpl.OzoneContainer (OzoneContainer.java:startContainerScrub(160)) - Background container scrubber has been disabled by hdds.containerscrub.enabled
2019-08-21 11:13:22,244 INFO  ratis.XceiverServerRatis (XceiverServerRatis.java:start(404)) - Starting XceiverServerRatis 677c14b8-4d5e-43d4-9055-16cf4eb28bea at port 0
2019-08-21 11:13:22,253 INFO  impl.RaftServerProxy (RaftServerProxy.java:lambda$start$3(299)) - 677c14b8-4d5e-43d4-9055-16cf4eb28bea: start RPC server
2019-08-21 11:13:22,254 INFO  server.GrpcService (GrpcService.java:startImpl(149)) - 677c14b8-4d5e-43d4-9055-16cf4eb28bea: GrpcService started, listening on 0.0.0.0/0.0.0.0:45640
2019-08-21 11:13:22,254 INFO  ratis.XceiverServerRatis (XceiverServerRatis.java:start(414)) - XceiverServerRatis 677c14b8-4d5e-43d4-9055-16cf4eb28bea is started using port 45640
2019-08-21 11:13:22,260 INFO  server.XceiverServerGrpc (XceiverServerGrpc.java:start(161)) - XceiverServerGrpc 677c14b8-4d5e-43d4-9055-16cf4eb28bea is started using port 41434
2019-08-21 11:13:22,467 INFO  ozoneimpl.OzoneContainer (OzoneContainer.java:start(186)) - Attempting to start container services.
2019-08-21 11:13:22,468 INFO  ozoneimpl.OzoneContainer (OzoneContainer.java:startContainerScrub(160)) - Background container scrubber has been disabled by hdds.containerscrub.enabled
2019-08-21 11:13:22,468 INFO  ratis.XceiverServerRatis (XceiverServerRatis.java:start(404)) - Starting XceiverServerRatis e1eabadf-1a6d-4a3e-8b12-0cbfd73f6235 at port 0
2019-08-21 11:13:22,475 INFO  impl.RaftServerProxy (RaftServerProxy.java:lambda$start$3(299)) - e1eabadf-1a6d-4a3e-8b12-0cbfd73f6235: start RPC server
2019-08-21 11:13:22,478 INFO  server.GrpcService (GrpcService.java:startImpl(149)) - e1eabadf-1a6d-4a3e-8b12-0cbfd73f6235: GrpcService started, listening on 0.0.0.0/0.0.0.0:44394
2019-08-21 11:13:22,478 INFO  ratis.XceiverServerRatis (XceiverServerRatis.java:start(414)) - XceiverServerRatis e1eabadf-1a6d-4a3e-8b12-0cbfd73f6235 is started using port 44394
2019-08-21 11:13:22,486 INFO  server.XceiverServerGrpc (XceiverServerGrpc.java:start(161)) - XceiverServerGrpc e1eabadf-1a6d-4a3e-8b12-0cbfd73f6235 is started using port 45885
2019-08-21 11:13:22,505 INFO  ozone.MiniOzoneClusterImpl (MiniOzoneClusterImpl.java:lambda$waitForClusterToBeReady$0(142)) - Waiting for cluster to be ready. Got 0 of 7 DN Heartbeats.
2019-08-21 11:13:22,863 INFO  ozoneimpl.OzoneContainer (OzoneContainer.java:start(186)) - Attempting to start container services.
2019-08-21 11:13:22,863 INFO  ozoneimpl.OzoneContainer (OzoneContainer.java:startContainerScrub(160)) - Background container scrubber has been disabled by hdds.containerscrub.enabled
2019-08-21 11:13:22,864 INFO  ratis.XceiverServerRatis (XceiverServerRatis.java:start(404)) - Starting XceiverServerRatis 85e88df0-fd63-491d-9acb-1bd27f180be4 at port 0
2019-08-21 11:13:22,873 INFO  impl.RaftServerProxy (RaftServerProxy.java:lambda$start$3(299)) - 85e88df0-fd63-491d-9acb-1bd27f180be4: start RPC server
2019-08-21 11:13:22,874 INFO  server.GrpcService (GrpcService.java:startImpl(149)) - 85e88df0-fd63-491d-9acb-1bd27f180be4: GrpcService started, listening on 0.0.0.0/0.0.0.0:44172
2019-08-21 11:13:22,874 INFO  ratis.XceiverServerRatis (XceiverServerRatis.java:start(414)) - XceiverServerRatis 85e88df0-fd63-491d-9acb-1bd27f180be4 is started using port 44172
2019-08-21 11:13:22,875 INFO  server.XceiverServerGrpc (XceiverServerGrpc.java:start(161)) - XceiverServerGrpc 85e88df0-fd63-491d-9acb-1bd27f180be4 is started using port 36701
2019-08-21 11:13:23,080 INFO  ozoneimpl.OzoneContainer (OzoneContainer.java:start(186)) - Attempting to start container services.
2019-08-21 11:13:23,081 INFO  ozoneimpl.OzoneContainer (OzoneContainer.java:startContainerScrub(160)) - Background container scrubber has been disabled by hdds.containerscrub.enabled
2019-08-21 11:13:23,081 INFO  ratis.XceiverServerRatis (XceiverServerRatis.java:start(404)) - Starting XceiverServerRatis db318067-d3f5-4ab3-abac-7c7df7ddf1ca at port 0
2019-08-21 11:13:23,089 INFO  impl.RaftServerProxy (RaftServerProxy.java:lambda$start$3(299)) - db318067-d3f5-4ab3-abac-7c7df7ddf1ca: start RPC server
2019-08-21 11:13:23,091 INFO  server.GrpcService (GrpcService.java:startImpl(149)) - db318067-d3f5-4ab3-abac-7c7df7ddf1ca: GrpcService started, listening on 0.0.0.0/0.0.0.0:33835
2019-08-21 11:13:23,091 INFO  ratis.XceiverServerRatis (XceiverServerRatis.java:start(414)) - XceiverServerRatis db318067-d3f5-4ab3-abac-7c7df7ddf1ca is started using port 33835
2019-08-21 11:13:23,092 INFO  server.XceiverServerGrpc (XceiverServerGrpc.java:start(161)) - XceiverServerGrpc db318067-d3f5-4ab3-abac-7c7df7ddf1ca is started using port 42264
2019-08-21 11:13:23,300 INFO  ozoneimpl.OzoneContainer (OzoneContainer.java:start(186)) - Attempting to start container services.
2019-08-21 11:13:23,301 INFO  ozoneimpl.OzoneContainer (OzoneContainer.java:startContainerScrub(160)) - Background container scrubber has been disabled by hdds.containerscrub.enabled
2019-08-21 11:13:23,301 INFO  ratis.XceiverServerRatis (XceiverServerRatis.java:start(404)) - Starting XceiverServerRatis 4aaaa6c1-be5d-43d3-9a54-917d685c11d8 at port 0
2019-08-21 11:13:23,308 INFO  impl.RaftServerProxy (RaftServerProxy.java:lambda$start$3(299)) - 4aaaa6c1-be5d-43d3-9a54-917d685c11d8: start RPC server
2019-08-21 11:13:23,309 INFO  server.GrpcService (GrpcService.java:startImpl(149)) - 4aaaa6c1-be5d-43d3-9a54-917d685c11d8: GrpcService started, listening on 0.0.0.0/0.0.0.0:41786
2019-08-21 11:13:23,309 INFO  ratis.XceiverServerRatis (XceiverServerRatis.java:start(414)) - XceiverServerRatis 4aaaa6c1-be5d-43d3-9a54-917d685c11d8 is started using port 41786
2019-08-21 11:13:23,310 INFO  server.XceiverServerGrpc (XceiverServerGrpc.java:start(161)) - XceiverServerGrpc 4aaaa6c1-be5d-43d3-9a54-917d685c11d8 is started using port 40060
2019-08-21 11:13:23,506 INFO  ozone.MiniOzoneClusterImpl (MiniOzoneClusterImpl.java:lambda$waitForClusterToBeReady$0(142)) - Waiting for cluster to be ready. Got 0 of 7 DN Heartbeats.
2019-08-21 11:13:23,523 INFO  ozoneimpl.OzoneContainer (OzoneContainer.java:start(186)) - Attempting to start container services.
2019-08-21 11:13:23,523 INFO  ozoneimpl.OzoneContainer (OzoneContainer.java:startContainerScrub(160)) - Background container scrubber has been disabled by hdds.containerscrub.enabled
2019-08-21 11:13:23,523 INFO  ratis.XceiverServerRatis (XceiverServerRatis.java:start(404)) - Starting XceiverServerRatis ef1f13fb-5488-4e72-bc68-87594b41d9f4 at port 0
2019-08-21 11:13:23,533 INFO  impl.RaftServerProxy (RaftServerProxy.java:lambda$start$3(299)) - ef1f13fb-5488-4e72-bc68-87594b41d9f4: start RPC server
2019-08-21 11:13:23,537 INFO  server.GrpcService (GrpcService.java:startImpl(149)) - ef1f13fb-5488-4e72-bc68-87594b41d9f4: GrpcService started, listening on 0.0.0.0/0.0.0.0:46745
2019-08-21 11:13:23,538 INFO  ratis.XceiverServerRatis (XceiverServerRatis.java:start(414)) - XceiverServerRatis ef1f13fb-5488-4e72-bc68-87594b41d9f4 is started using port 46745
2019-08-21 11:13:23,538 INFO  server.XceiverServerGrpc (XceiverServerGrpc.java:start(161)) - XceiverServerGrpc ef1f13fb-5488-4e72-bc68-87594b41d9f4 is started using port 45306
2019-08-21 11:13:24,015 INFO  net.NetworkTopology (NetworkTopologyImpl.java:add(110)) - Added a new node: /default-rack/8703c04e-fd07-4d69-8fa0-282abe3b7659
2019-08-21 11:13:24,018 INFO  node.SCMNodeManager (SCMNodeManager.java:register(273)) - Registered Data node : 8703c04e-fd07-4d69-8fa0-282abe3b7659{ip: 192.168.34.41, host: pr-hdds-1937-dnpk4-2229529846, networkLocation: /default-rack, certSerialId: null}
2019-08-21 11:13:24,019 INFO  safemode.SCMSafeModeManager (DataNodeSafeModeRule.java:process(71)) - SCM in safe mode. 1 DataNodes registered, 1 required.
2019-08-21 11:13:24,021 INFO  safemode.SCMSafeModeManager (SCMSafeModeManager.java:validateSafeModeExitRules(177)) - ScmSafeModeManager, all rules are successfully validated
2019-08-21 11:13:24,022 INFO  safemode.SCMSafeModeManager (SCMSafeModeManager.java:exitSafeMode(193)) - SCM exiting safe mode.
2019-08-21 11:13:24,043 INFO  impl.RaftServerProxy (RaftServerProxy.java:addNew(89)) - 8703c04e-fd07-4d69-8fa0-282abe3b7659: addNew group-21EEDA8A72E1:[8703c04e-fd07-4d69-8fa0-282abe3b7659:192.168.34.41:44129] returns group-21EEDA8A72E1:java.util.concurrent.CompletableFuture@5438bf99[Not completed]
2019-08-21 11:13:24,045 INFO  impl.RaftServerImpl (RaftServerImpl.java:<init>(93)) - 8703c04e-fd07-4d69-8fa0-282abe3b7659: new RaftServerImpl for group-21EEDA8A72E1:[8703c04e-fd07-4d69-8fa0-282abe3b7659:192.168.34.41:44129] with ContainerStateMachine:uninitialized
2019-08-21 11:13:24,045 INFO  server.RaftServerConfigKeys (ConfUtils.java:logGet(43)) - raft.server.rpc.timeout.min = 5s (custom)
2019-08-21 11:13:24,045 INFO  server.RaftServerConfigKeys (ConfUtils.java:logGet(43)) - raft.server.rpc.timeout.max = 5200ms (custom)
2019-08-21 11:13:24,045 INFO  server.RaftServerConfigKeys (ConfUtils.java:logGet(43)) - raft.server.rpcslowness.timeout = 120s (custom)
2019-08-21 11:13:24,045 INFO  server.RaftServerConfigKeys (ConfUtils.java:logGet(43)) - raft.server.sleep.deviation.threshold = 300 (default)
2019-08-21 11:13:24,045 INFO  server.RaftServerConfigKeys (ConfUtils.java:logGet(43)) - raft.server.log.appender.install.snapshot.enabled = false (custom)
2019-08-21 11:13:24,045 INFO  impl.RaftServerImpl (ServerState.java:<init>(105)) - 8703c04e-fd07-4d69-8fa0-282abe3b7659:group-21EEDA8A72E1 ConfigurationManager, init=-1: [8703c04e-fd07-4d69-8fa0-282abe3b7659:192.168.34.41:44129], old=null, confs=<EMPTY_MAP>
2019-08-21 11:13:24,046 INFO  server.RaftServerConfigKeys (ConfUtils.java:logGet(43)) - raft.server.storage.dir = [/workdir/hadoop-ozone/integration-test/target/test-dir/MiniOzoneClusterImpl-fd2c8ee2-9f6a-4233-95b1-3a272b0e72d4/datanode-0/data/ratis] (custom)
2019-08-21 11:13:24,046 INFO  storage.RaftStorageDirectory (RaftStorageDirectory.java:analyzeStorage(246)) - The storage directory /workdir/hadoop-ozone/integration-test/target/test-dir/MiniOzoneClusterImpl-fd2c8ee2-9f6a-4233-95b1-3a272b0e72d4/datanode-0/data/ratis/e9321fb7-0bbf-4834-b29a-21eeda8a72e1 does not exist. Creating ...
2019-08-21 11:13:24,059 INFO  storage.RaftStorageDirectory (RaftStorageDirectory.java:tryLock(328)) - Lock on /workdir/hadoop-ozone/integration-test/target/test-dir/MiniOzoneClusterImpl-fd2c8ee2-9f6a-4233-95b1-3a272b0e72d4/datanode-0/data/ratis/e9321fb7-0bbf-4834-b29a-21eeda8a72e1/in_use.lock acquired by nodename 26177@pr-hdds-1937-dnpk4-2229529846
2019-08-21 11:13:24,072 INFO  storage.RaftStorage (RaftStorage.java:format(72)) - Storage directory /workdir/hadoop-ozone/integration-test/target/test-dir/MiniOzoneClusterImpl-fd2c8ee2-9f6a-4233-95b1-3a272b0e72d4/datanode-0/data/ratis/e9321fb7-0bbf-4834-b29a-21eeda8a72e1 has been successfully formatted.
2019-08-21 11:13:24,073 INFO  ratis.ContainerStateMachine (ContainerStateMachine.java:loadSnapshot(222)) - group-21EEDA8A72E1: The snapshot info is null. Setting the last applied indexto:(t:0, i:~)
2019-08-21 11:13:24,073 INFO  server.RaftServerConfigKeys (ConfUtils.java:logGet(43)) - raft.server.leader.election.timeout = 120s (custom)
2019-08-21 11:13:24,073 INFO  server.RaftServerConfigKeys (ConfUtils.java:logGet(43)) - raft.server.log.use.memory = false (default)
2019-08-21 11:13:24,073 INFO  server.RaftServerConfigKeys (ConfUtils.java:logGet(43)) - raft.server.log.purge.gap = 1000000000 (custom)
2019-08-21 11:13:24,073 INFO  server.RaftServerConfigKeys (ConfUtils.java:logGet(43)) - raft.server.log.appender.buffer.byte-limit = 33554432 (custom)
2019-08-21 11:13:24,074 INFO  server.RaftServerConfigKeys (ConfUtils.java:logGet(43)) - raft.server.log.segment.size.max = 1048576 (custom)
2019-08-21 11:13:24,074 INFO  server.RaftServerConfigKeys (ConfUtils.java:logGet(43)) - raft.server.log.segment.cache.num.max = 2 (custom)
2019-08-21 11:13:24,074 INFO  segmented.SegmentedRaftLogWorker (SegmentedRaftLogWorker.java:<init>(172)) - new 8703c04e-fd07-4d69-8fa0-282abe3b7659-SegmentedRaftLogWorker:Storage Directory /workdir/hadoop-ozone/integration-test/target/test-dir/MiniOzoneClusterImpl-fd2c8ee2-9f6a-4233-95b1-3a272b0e72d4/datanode-0/data/ratis/e9321fb7-0bbf-4834-b29a-21eeda8a72e1 for RaftStorage:Storage Directory /workdir/hadoop-ozone/integration-test/target/test-dir/MiniOzoneClusterImpl-fd2c8ee2-9f6a-4233-95b1-3a272b0e72d4/datanode-0/data/ratis/e9321fb7-0bbf-4834-b29a-21eeda8a72e1
2019-08-21 11:13:24,074 INFO  server.RaftServerConfigKeys (ConfUtils.java:logGet(43)) - raft.server.log.queue.byte-limit = 2147483647 (custom)
2019-08-21 11:13:24,074 INFO  server.RaftServerConfigKeys (ConfUtils.java:logGet(43)) - raft.server.log.queue.element-limit = 1024 (custom)
2019-08-21 11:13:24,075 INFO  server.RaftServerConfigKeys (ConfUtils.java:logGet(43)) - raft.server.log.segment.size.max = 1048576 (custom)
2019-08-21 11:13:24,075 INFO  server.RaftServerConfigKeys (ConfUtils.java:logGet(43)) - raft.server.log.preallocated.size = 16384 (custom)
2019-08-21 11:13:24,075 INFO  server.RaftServerConfigKeys (ConfUtils.java:logGet(43)) - raft.server.log.write.buffer.size = 33554432 (custom)
2019-08-21 11:13:24,075 INFO  server.RaftServerConfigKeys (ConfUtils.java:logGet(43)) - raft.server.log.force.sync.num = 128 (default)
2019-08-21 11:13:24,075 INFO  server.RaftServerConfigKeys (ConfUtils.java:logGet(43)) - raft.server.log.statemachine.data.sync = true (default)
2019-08-21 11:13:24,075 INFO  server.RaftServerConfigKeys (ConfUtils.java:logGet(43)) - raft.server.log.statemachine.data.sync.timeout = 10s (default)
2019-08-21 11:13:24,075 INFO  server.RaftServerConfigKeys (ConfUtils.java:logGet(43)) - raft.server.log.statemachine.data.sync.timeout.retry = -1 (default)
2019-08-21 11:13:24,076 INFO  server.RaftServerConfigKeys (ConfUtils.java:logGet(43)) - raft.server.log.statemachine.data.caching.enabled = true (custom)
2019-08-21 11:13:24,076 INFO  segmented.SegmentedRaftLogWorker (SegmentedRaftLogWorker.java:lambda$new$0(132)) - 8703c04e-fd07-4d69-8fa0-282abe3b7659-SegmentedRaftLogWorker:Storage Directory /workdir/hadoop-ozone/integration-test/target/test-dir/MiniOzoneClusterImpl-fd2c8ee2-9f6a-4233-95b1-3a272b0e72d4/datanode-0/data/ratis/e9321fb7-0bbf-4834-b29a-21eeda8a72e1: flushIndex: setUnconditionally 0 -> -1
2019-08-21 11:13:24,076 INFO  server.RaftServerConfigKeys (ConfUtils.java:logGet(43)) - raft.server.snapshot.auto.trigger.enabled = true (custom)
2019-08-21 11:13:24,076 INFO  server.RaftServerConfigKeys (ConfUtils.java:logGet(43)) - raft.server.snapshot.auto.trigger.threshold = 10000 (custom)
2019-08-21 11:13:24,077 INFO  server.RaftServerConfigKeys (ConfUtils.java:logGet(43)) - raft.server.retrycache.expirytime = 600000ms (custom)
2019-08-21 11:13:24,077 INFO  impl.RaftServerImpl (RaftServerImpl.java:start(180)) - 8703c04e-fd07-4d69-8fa0-282abe3b7659: start group-21EEDA8A72E1
2019-08-21 11:13:24,077 INFO  impl.RaftServerImpl (RaftServerImpl.java:setRole(171)) - 8703c04e-fd07-4d69-8fa0-282abe3b7659:group-21EEDA8A72E1 changes role from null to FOLLOWER at term 0 for startAsFollower
2019-08-21 11:13:24,077 INFO  impl.RoleInfo (RoleInfo.java:updateAndGet(143)) - 8703c04e-fd07-4d69-8fa0-282abe3b7659: start FollowerState
2019-08-21 11:13:24,078 INFO  util.JmxRegister (JmxRegister.java:tryRegister(44)) - Successfully registered JMX Bean with object name Ratis:service=RaftServer,group=group-21EEDA8A72E1,id=8703c04e-fd07-4d69-8fa0-282abe3b7659
2019-08-21 11:13:24,084 INFO  pipeline.PipelineStateManager (PipelineStateManager.java:addPipeline(56)) - Created pipeline Pipeline[ Id: e9321fb7-0bbf-4834-b29a-21eeda8a72e1, Nodes: 8703c04e-fd07-4d69-8fa0-282abe3b7659{ip: 192.168.34.41, host: pr-hdds-1937-dnpk4-2229529846, networkLocation: /default-rack, certSerialId: null}, Type:RATIS, Factor:ONE, State:OPEN]
2019-08-21 11:13:24,220 INFO  net.NetworkTopology (NetworkTopologyImpl.java:add(110)) - Added a new node: /default-rack/677c14b8-4d5e-43d4-9055-16cf4eb28bea
2019-08-21 11:13:24,220 INFO  node.SCMNodeManager (SCMNodeManager.java:register(273)) - Registered Data node : 677c14b8-4d5e-43d4-9055-16cf4eb28bea{ip: 192.168.34.41, host: pr-hdds-1937-dnpk4-2229529846, networkLocation: /default-rack, certSerialId: null}
2019-08-21 11:13:24,234 INFO  impl.RaftServerProxy (RaftServerProxy.java:addNew(89)) - 677c14b8-4d5e-43d4-9055-16cf4eb28bea: addNew group-9399BC233517:[677c14b8-4d5e-43d4-9055-16cf4eb28bea:192.168.34.41:45640] returns group-9399BC233517:java.util.concurrent.CompletableFuture@7982379c[Not completed]
2019-08-21 11:13:24,241 INFO  impl.RaftServerImpl (RaftServerImpl.java:<init>(93)) - 677c14b8-4d5e-43d4-9055-16cf4eb28bea: new RaftServerImpl for group-9399BC233517:[677c14b8-4d5e-43d4-9055-16cf4eb28bea:192.168.34.41:45640] with ContainerStateMachine:uninitialized
2019-08-21 11:13:24,241 INFO  server.RaftServerConfigKeys (ConfUtils.java:logGet(43)) - raft.server.rpc.timeout.min = 5s (custom)
2019-08-21 11:13:24,241 INFO  server.RaftServerConfigKeys (ConfUtils.java:logGet(43)) - raft.server.rpc.timeout.max = 5200ms (custom)
2019-08-21 11:13:24,242 INFO  server.RaftServerConfigKeys (ConfUtils.java:logGet(43)) - raft.server.rpcslowness.timeout = 120s (custom)
2019-08-21 11:13:24,242 INFO  server.RaftServerConfigKeys (ConfUtils.java:logGet(43)) - raft.server.sleep.deviation.threshold = 300 (default)
2019-08-21 11:13:24,242 INFO  server.RaftServerConfigKeys (ConfUtils.java:logGet(43)) - raft.server.log.appender.install.snapshot.enabled = false (custom)
2019-08-21 11:13:24,242 INFO  impl.RaftServerImpl (ServerState.java:<init>(105)) - 677c14b8-4d5e-43d4-9055-16cf4eb28bea:group-9399BC233517 ConfigurationManager, init=-1: [677c14b8-4d5e-43d4-9055-16cf4eb28bea:192.168.34.41:45640], old=null, confs=<EMPTY_MAP>
2019-08-21 11:13:24,242 INFO  server.RaftServerConfigKeys (ConfUtils.java:logGet(43)) - raft.server.storage.dir = [/workdir/hadoop-ozone/integration-test/target/test-dir/MiniOzoneClusterImpl-fd2c8ee2-9f6a-4233-95b1-3a272b0e72d4/datanode-1/data/ratis] (custom)
2019-08-21 11:13:24,243 INFO  storage.RaftStorageDirectory (RaftStorageDirectory.java:analyzeStorage(246)) - The storage directory /workdir/hadoop-ozone/integration-test/target/test-dir/MiniOzoneClusterImpl-fd2c8ee2-9f6a-4233-95b1-3a272b0e72d4/datanode-1/data/ratis/c670cf78-d271-4432-9fed-9399bc233517 does not exist. Creating ...
2019-08-21 11:13:24,256 INFO  storage.RaftStorageDirectory (RaftStorageDirectory.java:tryLock(328)) - Lock on /workdir/hadoop-ozone/integration-test/target/test-dir/MiniOzoneClusterImpl-fd2c8ee2-9f6a-4233-95b1-3a272b0e72d4/datanode-1/data/ratis/c670cf78-d271-4432-9fed-9399bc233517/in_use.lock acquired by nodename 26177@pr-hdds-1937-dnpk4-2229529846
2019-08-21 11:13:24,270 INFO  storage.RaftStorage (RaftStorage.java:format(72)) - Storage directory /workdir/hadoop-ozone/integration-test/target/test-dir/MiniOzoneClusterImpl-fd2c8ee2-9f6a-4233-95b1-3a272b0e72d4/datanode-1/data/ratis/c670cf78-d271-4432-9fed-9399bc233517 has been successfully formatted.
2019-08-21 11:13:24,271 INFO  ratis.ContainerStateMachine (ContainerStateMachine.java:loadSnapshot(222)) - group-9399BC233517: The snapshot info is null. Setting the last applied indexto:(t:0, i:~)
2019-08-21 11:13:24,271 INFO  server.RaftServerConfigKeys (ConfUtils.java:logGet(43)) - raft.server.leader.election.timeout = 120s (custom)
2019-08-21 11:13:24,271 INFO  server.RaftServerConfigKeys (ConfUtils.java:logGet(43)) - raft.server.log.use.memory = false (default)
2019-08-21 11:13:24,271 INFO  server.RaftServerConfigKeys (ConfUtils.java:logGet(43)) - raft.server.log.purge.gap = 1000000000 (custom)
2019-08-21 11:13:24,271 INFO  server.RaftServerConfigKeys (ConfUtils.java:logGet(43)) - raft.server.log.appender.buffer.byte-limit = 33554432 (custom)
2019-08-21 11:13:24,271 INFO  server.RaftServerConfigKeys (ConfUtils.java:logGet(43)) - raft.server.log.segment.size.max = 1048576 (custom)
2019-08-21 11:13:24,272 INFO  server.RaftServerConfigKeys (ConfUtils.java:logGet(43)) - raft.server.log.segment.cache.num.max = 2 (custom)
2019-08-21 11:13:24,272 INFO  segmented.SegmentedRaftLogWorker (SegmentedRaftLogWorker.java:<init>(172)) - new 677c14b8-4d5e-43d4-9055-16cf4eb28bea-SegmentedRaftLogWorker:Storage Directory /workdir/hadoop-ozone/integration-test/target/test-dir/MiniOzoneClusterImpl-fd2c8ee2-9f6a-4233-95b1-3a272b0e72d4/datanode-1/data/ratis/c670cf78-d271-4432-9fed-9399bc233517 for RaftStorage:Storage Directory /workdir/hadoop-ozone/integration-test/target/test-dir/MiniOzoneClusterImpl-fd2c8ee2-9f6a-4233-95b1-3a272b0e72d4/datanode-1/data/ratis/c670cf78-d271-4432-9fed-9399bc233517
2019-08-21 11:13:24,272 INFO  server.RaftServerConfigKeys (ConfUtils.java:logGet(43)) - raft.server.log.queue.byte-limit = 2147483647 (custom)
2019-08-21 11:13:24,272 INFO  server.RaftServerConfigKeys (ConfUtils.java:logGet(43)) - raft.server.log.queue.element-limit = 1024 (custom)
2019-08-21 11:13:24,272 INFO  server.RaftServerConfigKeys (ConfUtils.java:logGet(43)) - raft.server.log.segment.size.max = 1048576 (custom)
2019-08-21 11:13:24,273 INFO  server.RaftServerConfigKeys (ConfUtils.java:logGet(43)) - raft.server.log.preallocated.size = 16384 (custom)
2019-08-21 11:13:24,273 INFO  server.RaftServerConfigKeys (ConfUtils.java:logGet(43)) - raft.server.log.write.buffer.size = 33554432 (custom)
2019-08-21 11:13:24,273 INFO  server.RaftServerConfigKeys (ConfUtils.java:logGet(43)) - raft.server.log.force.sync.num = 128 (default)
2019-08-21 11:13:24,273 INFO  server.RaftServerConfigKeys (ConfUtils.java:logGet(43)) - raft.server.log.statemachine.data.sync = true (default)
2019-08-21 11:13:24,273 INFO  server.RaftServerConfigKeys (ConfUtils.java:logGet(43)) - raft.server.log.statemachine.data.sync.timeout = 10s (default)
2019-08-21 11:13:24,273 INFO  server.RaftServerConfigKeys (ConfUtils.java:logGet(43)) - raft.server.log.statemachine.data.sync.timeout.retry = -1 (default)
2019-08-21 11:13:24,274 INFO  server.RaftServerConfigKeys (ConfUtils.java:logGet(43)) - raft.server.log.statemachine.data.caching.enabled = true (custom)
2019-08-21 11:13:24,274 INFO  segmented.SegmentedRaftLogWorker (SegmentedRaftLogWorker.java:lambda$new$0(132)) - 677c14b8-4d5e-43d4-9055-16cf4eb28bea-SegmentedRaftLogWorker:Storage Directory /workdir/hadoop-ozone/integration-test/target/test-dir/MiniOzoneClusterImpl-fd2c8ee2-9f6a-4233-95b1-3a272b0e72d4/datanode-1/data/ratis/c670cf78-d271-4432-9fed-9399bc233517: flushIndex: setUnconditionally 0 -> -1
2019-08-21 11:13:24,274 INFO  server.RaftServerConfigKeys (ConfUtils.java:logGet(43)) - raft.server.snapshot.auto.trigger.enabled = true (custom)
2019-08-21 11:13:24,274 INFO  server.RaftServerConfigKeys (ConfUtils.java:logGet(43)) - raft.server.snapshot.auto.trigger.threshold = 10000 (custom)
2019-08-21 11:13:24,275 INFO  server.RaftServerConfigKeys (ConfUtils.java:logGet(43)) - raft.server.retrycache.expirytime = 600000ms (custom)
2019-08-21 11:13:24,275 INFO  impl.RaftServerImpl (RaftServerImpl.java:start(180)) - 677c14b8-4d5e-43d4-9055-16cf4eb28bea: start group-9399BC233517
2019-08-21 11:13:24,275 INFO  impl.RaftServerImpl (RaftServerImpl.java:setRole(171)) - 677c14b8-4d5e-43d4-9055-16cf4eb28bea:group-9399BC233517 changes role from null to FOLLOWER at term 0 for startAsFollower
2019-08-21 11:13:24,275 INFO  impl.RoleInfo (RoleInfo.java:updateAndGet(143)) - 677c14b8-4d5e-43d4-9055-16cf4eb28bea: start FollowerState
2019-08-21 11:13:24,276 INFO  util.JmxRegister (JmxRegister.java:tryRegister(44)) - Successfully registered JMX Bean with object name Ratis:service=RaftServer,group=group-9399BC233517,id=677c14b8-4d5e-43d4-9055-16cf4eb28bea
2019-08-21 11:13:24,282 INFO  pipeline.PipelineStateManager (PipelineStateManager.java:addPipeline(56)) - Created pipeline Pipeline[ Id: c670cf78-d271-4432-9fed-9399bc233517, Nodes: 677c14b8-4d5e-43d4-9055-16cf4eb28bea{ip: 192.168.34.41, host: pr-hdds-1937-dnpk4-2229529846, networkLocation: /default-rack, certSerialId: null}, Type:RATIS, Factor:ONE, State:OPEN]
2019-08-21 11:13:24,436 INFO  net.NetworkTopology (NetworkTopologyImpl.java:add(110)) - Added a new node: /default-rack/e1eabadf-1a6d-4a3e-8b12-0cbfd73f6235
2019-08-21 11:13:24,436 INFO  node.SCMNodeManager (SCMNodeManager.java:register(273)) - Registered Data node : e1eabadf-1a6d-4a3e-8b12-0cbfd73f6235{ip: 192.168.34.41, host: pr-hdds-1937-dnpk4-2229529846, networkLocation: /default-rack, certSerialId: null}
2019-08-21 11:13:24,447 INFO  impl.RaftServerProxy (RaftServerProxy.java:addNew(89)) - e1eabadf-1a6d-4a3e-8b12-0cbfd73f6235: addNew group-DFF953E58477:[e1eabadf-1a6d-4a3e-8b12-0cbfd73f6235:192.168.34.41:44394] returns group-DFF953E58477:java.util.concurrent.CompletableFuture@3e0b47bc[Not completed]
2019-08-21 11:13:24,453 INFO  impl.RaftServerImpl (RaftServerImpl.java:<init>(93)) - e1eabadf-1a6d-4a3e-8b12-0cbfd73f6235: new RaftServerImpl for group-DFF953E58477:[e1eabadf-1a6d-4a3e-8b12-0cbfd73f6235:192.168.34.41:44394] with ContainerStateMachine:uninitialized
2019-08-21 11:13:24,453 INFO  server.RaftServerConfigKeys (ConfUtils.java:logGet(43)) - raft.server.rpc.timeout.min = 5s (custom)
2019-08-21 11:13:24,453 INFO  server.RaftServerConfigKeys (ConfUtils.java:logGet(43)) - raft.server.rpc.timeout.max = 5200ms (custom)
2019-08-21 11:13:24,453 INFO  server.RaftServerConfigKeys (ConfUtils.java:logGet(43)) - raft.server.rpcslowness.timeout = 120s (custom)
2019-08-21 11:13:24,453 INFO  server.RaftServerConfigKeys (ConfUtils.java:logGet(43)) - raft.server.sleep.deviation.threshold = 300 (default)
2019-08-21 11:13:24,453 INFO  server.RaftServerConfigKeys (ConfUtils.java:logGet(43)) - raft.server.log.appender.install.snapshot.enabled = false (custom)
2019-08-21 11:13:24,454 INFO  impl.RaftServerImpl (ServerState.java:<init>(105)) - e1eabadf-1a6d-4a3e-8b12-0cbfd73f6235:group-DFF953E58477 ConfigurationManager, init=-1: [e1eabadf-1a6d-4a3e-8b12-0cbfd73f6235:192.168.34.41:44394], old=null, confs=<EMPTY_MAP>
2019-08-21 11:13:24,454 INFO  server.RaftServerConfigKeys (ConfUtils.java:logGet(43)) - raft.server.storage.dir = [/workdir/hadoop-ozone/integration-test/target/test-dir/MiniOzoneClusterImpl-fd2c8ee2-9f6a-4233-95b1-3a272b0e72d4/datanode-2/data/ratis] (custom)
2019-08-21 11:13:24,454 INFO  storage.RaftStorageDirectory (RaftStorageDirectory.java:analyzeStorage(246)) - The storage directory /workdir/hadoop-ozone/integration-test/target/test-dir/MiniOzoneClusterImpl-fd2c8ee2-9f6a-4233-95b1-3a272b0e72d4/datanode-2/data/ratis/53050ede-411f-4e9f-879b-dff953e58477 does not exist. Creating ...
2019-08-21 11:13:24,468 INFO  storage.RaftStorageDirectory (RaftStorageDirectory.java:tryLock(328)) - Lock on /workdir/hadoop-ozone/integration-test/target/test-dir/MiniOzoneClusterImpl-fd2c8ee2-9f6a-4233-95b1-3a272b0e72d4/datanode-2/data/ratis/53050ede-411f-4e9f-879b-dff953e58477/in_use.lock acquired by nodename 26177@pr-hdds-1937-dnpk4-2229529846
2019-08-21 11:13:24,482 INFO  storage.RaftStorage (RaftStorage.java:format(72)) - Storage directory /workdir/hadoop-ozone/integration-test/target/test-dir/MiniOzoneClusterImpl-fd2c8ee2-9f6a-4233-95b1-3a272b0e72d4/datanode-2/data/ratis/53050ede-411f-4e9f-879b-dff953e58477 has been successfully formatted.
2019-08-21 11:13:24,482 INFO  ratis.ContainerStateMachine (ContainerStateMachine.java:loadSnapshot(222)) - group-DFF953E58477: The snapshot info is null. Setting the last applied indexto:(t:0, i:~)
2019-08-21 11:13:24,483 INFO  server.RaftServerConfigKeys (ConfUtils.java:logGet(43)) - raft.server.leader.election.timeout = 120s (custom)
2019-08-21 11:13:24,483 INFO  server.RaftServerConfigKeys (ConfUtils.java:logGet(43)) - raft.server.log.use.memory = false (default)
2019-08-21 11:13:24,483 INFO  server.RaftServerConfigKeys (ConfUtils.java:logGet(43)) - raft.server.log.purge.gap = 1000000000 (custom)
2019-08-21 11:13:24,483 INFO  server.RaftServerConfigKeys (ConfUtils.java:logGet(43)) - raft.server.log.appender.buffer.byte-limit = 33554432 (custom)
2019-08-21 11:13:24,483 INFO  server.RaftServerConfigKeys (ConfUtils.java:logGet(43)) - raft.server.log.segment.size.max = 1048576 (custom)
2019-08-21 11:13:24,483 INFO  server.RaftServerConfigKeys (ConfUtils.java:logGet(43)) - raft.server.log.segment.cache.num.max = 2 (custom)
2019-08-21 11:13:24,484 INFO  segmented.SegmentedRaftLogWorker (SegmentedRaftLogWorker.java:<init>(172)) - new e1eabadf-1a6d-4a3e-8b12-0cbfd73f6235-SegmentedRaftLogWorker:Storage Directory /workdir/hadoop-ozone/integration-test/target/test-dir/MiniOzoneClusterImpl-fd2c8ee2-9f6a-4233-95b1-3a272b0e72d4/datanode-2/data/ratis/53050ede-411f-4e9f-879b-dff953e58477 for RaftStorage:Storage Directory /workdir/hadoop-ozone/integration-test/target/test-dir/MiniOzoneClusterImpl-fd2c8ee2-9f6a-4233-95b1-3a272b0e72d4/datanode-2/data/ratis/53050ede-411f-4e9f-879b-dff953e58477
2019-08-21 11:13:24,484 INFO  server.RaftServerConfigKeys (ConfUtils.java:logGet(43)) - raft.server.log.queue.byte-limit = 2147483647 (custom)
2019-08-21 11:13:24,484 INFO  server.RaftServerConfigKeys (ConfUtils.java:logGet(43)) - raft.server.log.queue.element-limit = 1024 (custom)
2019-08-21 11:13:24,484 INFO  server.RaftServerConfigKeys (ConfUtils.java:logGet(43)) - raft.server.log.segment.size.max = 1048576 (custom)
2019-08-21 11:13:24,484 INFO  server.RaftServerConfigKeys (ConfUtils.java:logGet(43)) - raft.server.log.preallocated.size = 16384 (custom)
2019-08-21 11:13:24,485 INFO  server.RaftServerConfigKeys (ConfUtils.java:logGet(43)) - raft.server.log.write.buffer.size = 33554432 (custom)
2019-08-21 11:13:24,485 INFO  server.RaftServerConfigKeys (ConfUtils.java:logGet(43)) - raft.server.log.force.sync.num = 128 (default)
2019-08-21 11:13:24,485 INFO  server.RaftServerConfigKeys (ConfUtils.java:logGet(43)) - raft.server.log.statemachine.data.sync = true (default)
2019-08-21 11:13:24,485 INFO  server.RaftServerConfigKeys (ConfUtils.java:logGet(43)) - raft.server.log.statemachine.data.sync.timeout = 10s (default)
2019-08-21 11:13:24,485 INFO  server.RaftServerConfigKeys (ConfUtils.java:logGet(43)) - raft.server.log.statemachine.data.sync.timeout.retry = -1 (default)
2019-08-21 11:13:24,485 INFO  server.RaftServerConfigKeys (ConfUtils.java:logGet(43)) - raft.server.log.statemachine.data.caching.enabled = true (custom)
2019-08-21 11:13:24,486 INFO  segmented.SegmentedRaftLogWorker (SegmentedRaftLogWorker.java:lambda$new$0(132)) - e1eabadf-1a6d-4a3e-8b12-0cbfd73f6235-SegmentedRaftLogWorker:Storage Directory /workdir/hadoop-ozone/integration-test/target/test-dir/MiniOzoneClusterImpl-fd2c8ee2-9f6a-4233-95b1-3a272b0e72d4/datanode-2/data/ratis/53050ede-411f-4e9f-879b-dff953e58477: flushIndex: setUnconditionally 0 -> -1
2019-08-21 11:13:24,486 INFO  server.RaftServerConfigKeys (ConfUtils.java:logGet(43)) - raft.server.snapshot.auto.trigger.enabled = true (custom)
2019-08-21 11:13:24,486 INFO  server.RaftServerConfigKeys (ConfUtils.java:logGet(43)) - raft.server.snapshot.auto.trigger.threshold = 10000 (custom)
2019-08-21 11:13:24,486 INFO  server.RaftServerConfigKeys (ConfUtils.java:logGet(43)) - raft.server.retrycache.expirytime = 600000ms (custom)
2019-08-21 11:13:24,487 INFO  impl.RaftServerImpl (RaftServerImpl.java:start(180)) - e1eabadf-1a6d-4a3e-8b12-0cbfd73f6235: start group-DFF953E58477
2019-08-21 11:13:24,487 INFO  impl.RaftServerImpl (RaftServerImpl.java:setRole(171)) - e1eabadf-1a6d-4a3e-8b12-0cbfd73f6235:group-DFF953E58477 changes role from null to FOLLOWER at term 0 for startAsFollower
2019-08-21 11:13:24,487 INFO  impl.RoleInfo (RoleInfo.java:updateAndGet(143)) - e1eabadf-1a6d-4a3e-8b12-0cbfd73f6235: start FollowerState
2019-08-21 11:13:24,487 INFO  util.JmxRegister (JmxRegister.java:tryRegister(44)) - Successfully registered JMX Bean with object name Ratis:service=RaftServer,group=group-DFF953E58477,id=e1eabadf-1a6d-4a3e-8b12-0cbfd73f6235
2019-08-21 11:13:24,493 INFO  pipeline.PipelineStateManager (PipelineStateManager.java:addPipeline(56)) - Created pipeline Pipeline[ Id: 53050ede-411f-4e9f-879b-dff953e58477, Nodes: e1eabadf-1a6d-4a3e-8b12-0cbfd73f6235{ip: 192.168.34.41, host: pr-hdds-1937-dnpk4-2229529846, networkLocation: /default-rack, certSerialId: null}, Type:RATIS, Factor:ONE, State:OPEN]
2019-08-21 11:13:24,507 INFO  ozone.MiniOzoneClusterImpl (MiniOzoneClusterImpl.java:lambda$waitForClusterToBeReady$0(142)) - Waiting for cluster to be ready. Got 3 of 7 DN Heartbeats.
2019-08-21 11:13:24,510 INFO  impl.RaftServerProxy (RaftServerProxy.java:addNew(89)) - 8703c04e-fd07-4d69-8fa0-282abe3b7659: addNew group-87B83155F175:[677c14b8-4d5e-43d4-9055-16cf4eb28bea:192.168.34.41:45640, 8703c04e-fd07-4d69-8fa0-282abe3b7659:192.168.34.41:44129, e1eabadf-1a6d-4a3e-8b12-0cbfd73f6235:192.168.34.41:44394] returns group-87B83155F175:java.util.concurrent.CompletableFuture@2843524[Not completed]
2019-08-21 11:13:24,512 INFO  impl.RaftServerProxy (RaftServerProxy.java:addNew(89)) - e1eabadf-1a6d-4a3e-8b12-0cbfd73f6235: addNew group-87B83155F175:[677c14b8-4d5e-43d4-9055-16cf4eb28bea:192.168.34.41:45640, 8703c04e-fd07-4d69-8fa0-282abe3b7659:192.168.34.41:44129, e1eabadf-1a6d-4a3e-8b12-0cbfd73f6235:192.168.34.41:44394] returns group-87B83155F175:java.util.concurrent.CompletableFuture@35152e83[Not completed]
2019-08-21 11:13:24,515 INFO  impl.RaftServerProxy (RaftServerProxy.java:addNew(89)) - 677c14b8-4d5e-43d4-9055-16cf4eb28bea: addNew group-87B83155F175:[677c14b8-4d5e-43d4-9055-16cf4eb28bea:192.168.34.41:45640, 8703c04e-fd07-4d69-8fa0-282abe3b7659:192.168.34.41:44129, e1eabadf-1a6d-4a3e-8b12-0cbfd73f6235:192.168.34.41:44394] returns group-87B83155F175:java.util.concurrent.CompletableFuture@7a236dd2[Not completed]
2019-08-21 11:13:24,515 INFO  impl.RaftServerImpl (RaftServerImpl.java:<init>(93)) - 8703c04e-fd07-4d69-8fa0-282abe3b7659: new RaftServerImpl for group-87B83155F175:[677c14b8-4d5e-43d4-9055-16cf4eb28bea:192.168.34.41:45640, 8703c04e-fd07-4d69-8fa0-282abe3b7659:192.168.34.41:44129, e1eabadf-1a6d-4a3e-8b12-0cbfd73f6235:192.168.34.41:44394] with ContainerStateMachine:uninitialized
2019-08-21 11:13:24,515 INFO  server.RaftServerConfigKeys (ConfUtils.java:logGet(43)) - raft.server.rpc.timeout.min = 5s (custom)
2019-08-21 11:13:24,515 INFO  server.RaftServerConfigKeys (ConfUtils.java:logGet(43)) - raft.server.rpc.timeout.max = 5200ms (custom)
2019-08-21 11:13:24,515 INFO  server.RaftServerConfigKeys (ConfUtils.java:logGet(43)) - raft.server.rpcslowness.timeout = 120s (custom)
2019-08-21 11:13:24,515 INFO  server.RaftServerConfigKeys (ConfUtils.java:logGet(43)) - raft.server.sleep.deviation.threshold = 300 (default)
2019-08-21 11:13:24,516 INFO  server.RaftServerConfigKeys (ConfUtils.java:logGet(43)) - raft.server.log.appender.install.snapshot.enabled = false (custom)
2019-08-21 11:13:24,516 INFO  impl.RaftServerImpl (RaftServerImpl.java:<init>(93)) - e1eabadf-1a6d-4a3e-8b12-0cbfd73f6235: new RaftServerImpl for group-87B83155F175:[677c14b8-4d5e-43d4-9055-16cf4eb28bea:192.168.34.41:45640, 8703c04e-fd07-4d69-8fa0-282abe3b7659:192.168.34.41:44129, e1eabadf-1a6d-4a3e-8b12-0cbfd73f6235:192.168.34.41:44394] with ContainerStateMachine:uninitialized
2019-08-21 11:13:24,516 INFO  impl.RaftServerImpl (ServerState.java:<init>(105)) - 8703c04e-fd07-4d69-8fa0-282abe3b7659:group-87B83155F175 ConfigurationManager, init=-1: [677c14b8-4d5e-43d4-9055-16cf4eb28bea:192.168.34.41:45640, 8703c04e-fd07-4d69-8fa0-282abe3b7659:192.168.34.41:44129, e1eabadf-1a6d-4a3e-8b12-0cbfd73f6235:192.168.34.41:44394], old=null, confs=<EMPTY_MAP>
2019-08-21 11:13:24,516 INFO  server.RaftServerConfigKeys (ConfUtils.java:logGet(43)) - raft.server.rpc.timeout.min = 5s (custom)
2019-08-21 11:13:24,516 INFO  server.RaftServerConfigKeys (ConfUtils.java:logGet(43)) - raft.server.storage.dir = [/workdir/hadoop-ozone/integration-test/target/test-dir/MiniOzoneClusterImpl-fd2c8ee2-9f6a-4233-95b1-3a272b0e72d4/datanode-0/data/ratis] (custom)
2019-08-21 11:13:24,516 INFO  server.RaftServerConfigKeys (ConfUtils.java:logGet(43)) - raft.server.rpc.timeout.max = 5200ms (custom)
2019-08-21 11:13:24,516 INFO  server.RaftServerConfigKeys (ConfUtils.java:logGet(43)) - raft.server.rpcslowness.timeout = 120s (custom)
2019-08-21 11:13:24,516 INFO  impl.RaftServerImpl (RaftServerImpl.java:<init>(93)) - 677c14b8-4d5e-43d4-9055-16cf4eb28bea: new RaftServerImpl for group-87B83155F175:[677c14b8-4d5e-43d4-9055-16cf4eb28bea:192.168.34.41:45640, 8703c04e-fd07-4d69-8fa0-282abe3b7659:192.168.34.41:44129, e1eabadf-1a6d-4a3e-8b12-0cbfd73f6235:192.168.34.41:44394] with ContainerStateMachine:uninitialized
2019-08-21 11:13:24,516 INFO  storage.RaftStorageDirectory (RaftStorageDirectory.java:analyzeStorage(246)) - The storage directory /workdir/hadoop-ozone/integration-test/target/test-dir/MiniOzoneClusterImpl-fd2c8ee2-9f6a-4233-95b1-3a272b0e72d4/datanode-0/data/ratis/caa11eda-25b1-4a29-837b-87b83155f175 does not exist. Creating ...
2019-08-21 11:13:24,516 INFO  server.RaftServerConfigKeys (ConfUtils.java:logGet(43)) - raft.server.sleep.deviation.threshold = 300 (default)
2019-08-21 11:13:24,517 INFO  server.RaftServerConfigKeys (ConfUtils.java:logGet(43)) - raft.server.rpc.timeout.min = 5s (custom)
2019-08-21 11:13:24,517 INFO  server.RaftServerConfigKeys (ConfUtils.java:logGet(43)) - raft.server.log.appender.install.snapshot.enabled = false (custom)
2019-08-21 11:13:24,517 INFO  server.RaftServerConfigKeys (ConfUtils.java:logGet(43)) - raft.server.rpc.timeout.max = 5200ms (custom)
2019-08-21 11:13:24,517 INFO  impl.RaftServerImpl (ServerState.java:<init>(105)) - e1eabadf-1a6d-4a3e-8b12-0cbfd73f6235:group-87B83155F175 ConfigurationManager, init=-1: [677c14b8-4d5e-43d4-9055-16cf4eb28bea:192.168.34.41:45640, 8703c04e-fd07-4d69-8fa0-282abe3b7659:192.168.34.41:44129, e1eabadf-1a6d-4a3e-8b12-0cbfd73f6235:192.168.34.41:44394], old=null, confs=<EMPTY_MAP>
2019-08-21 11:13:24,517 INFO  server.RaftServerConfigKeys (ConfUtils.java:logGet(43)) - raft.server.rpcslowness.timeout = 120s (custom)
2019-08-21 11:13:24,517 INFO  server.RaftServerConfigKeys (ConfUtils.java:logGet(43)) - raft.server.storage.dir = [/workdir/hadoop-ozone/integration-test/target/test-dir/MiniOzoneClusterImpl-fd2c8ee2-9f6a-4233-95b1-3a272b0e72d4/datanode-2/data/ratis] (custom)
2019-08-21 11:13:24,517 INFO  server.RaftServerConfigKeys (ConfUtils.java:logGet(43)) - raft.server.sleep.deviation.threshold = 300 (default)
2019-08-21 11:13:24,517 INFO  server.RaftServerConfigKeys (ConfUtils.java:logGet(43)) - raft.server.log.appender.install.snapshot.enabled = false (custom)
2019-08-21 11:13:24,518 INFO  storage.RaftStorageDirectory (RaftStorageDirectory.java:analyzeStorage(246)) - The storage directory /workdir/hadoop-ozone/integration-test/target/test-dir/MiniOzoneClusterImpl-fd2c8ee2-9f6a-4233-95b1-3a272b0e72d4/datanode-2/data/ratis/caa11eda-25b1-4a29-837b-87b83155f175 does not exist. Creating ...
2019-08-21 11:13:24,518 INFO  impl.RaftServerImpl (ServerState.java:<init>(105)) - 677c14b8-4d5e-43d4-9055-16cf4eb28bea:group-87B83155F175 ConfigurationManager, init=-1: [677c14b8-4d5e-43d4-9055-16cf4eb28bea:192.168.34.41:45640, 8703c04e-fd07-4d69-8fa0-282abe3b7659:192.168.34.41:44129, e1eabadf-1a6d-4a3e-8b12-0cbfd73f6235:192.168.34.41:44394], old=null, confs=<EMPTY_MAP>
2019-08-21 11:13:24,518 INFO  server.RaftServerConfigKeys (ConfUtils.java:logGet(43)) - raft.server.storage.dir = [/workdir/hadoop-ozone/integration-test/target/test-dir/MiniOzoneClusterImpl-fd2c8ee2-9f6a-4233-95b1-3a272b0e72d4/datanode-1/data/ratis] (custom)
2019-08-21 11:13:24,518 INFO  storage.RaftStorageDirectory (RaftStorageDirectory.java:analyzeStorage(246)) - The storage directory /workdir/hadoop-ozone/integration-test/target/test-dir/MiniOzoneClusterImpl-fd2c8ee2-9f6a-4233-95b1-3a272b0e72d4/datanode-1/data/ratis/caa11eda-25b1-4a29-837b-87b83155f175 does not exist. Creating ...
2019-08-21 11:13:24,530 INFO  storage.RaftStorageDirectory (RaftStorageDirectory.java:tryLock(328)) - Lock on /workdir/hadoop-ozone/integration-test/target/test-dir/MiniOzoneClusterImpl-fd2c8ee2-9f6a-4233-95b1-3a272b0e72d4/datanode-1/data/ratis/caa11eda-25b1-4a29-837b-87b83155f175/in_use.lock acquired by nodename 26177@pr-hdds-1937-dnpk4-2229529846
2019-08-21 11:13:24,530 INFO  storage.RaftStorageDirectory (RaftStorageDirectory.java:tryLock(328)) - Lock on /workdir/hadoop-ozone/integration-test/target/test-dir/MiniOzoneClusterImpl-fd2c8ee2-9f6a-4233-95b1-3a272b0e72d4/datanode-0/data/ratis/caa11eda-25b1-4a29-837b-87b83155f175/in_use.lock acquired by nodename 26177@pr-hdds-1937-dnpk4-2229529846
2019-08-21 11:13:24,530 INFO  storage.RaftStorageDirectory (RaftStorageDirectory.java:tryLock(328)) - Lock on /workdir/hadoop-ozone/integration-test/target/test-dir/MiniOzoneClusterImpl-fd2c8ee2-9f6a-4233-95b1-3a272b0e72d4/datanode-2/data/ratis/caa11eda-25b1-4a29-837b-87b83155f175/in_use.lock acquired by nodename 26177@pr-hdds-1937-dnpk4-2229529846
2019-08-21 11:13:24,544 INFO  storage.RaftStorage (RaftStorage.java:format(72)) - Storage directory /workdir/hadoop-ozone/integration-test/target/test-dir/MiniOzoneClusterImpl-fd2c8ee2-9f6a-4233-95b1-3a272b0e72d4/datanode-2/data/ratis/caa11eda-25b1-4a29-837b-87b83155f175 has been successfully formatted.
2019-08-21 11:13:24,544 INFO  storage.RaftStorage (RaftStorage.java:format(72)) - Storage directory /workdir/hadoop-ozone/integration-test/target/test-dir/MiniOzoneClusterImpl-fd2c8ee2-9f6a-4233-95b1-3a272b0e72d4/datanode-1/data/ratis/caa11eda-25b1-4a29-837b-87b83155f175 has been successfully formatted.
2019-08-21 11:13:24,544 INFO  storage.RaftStorage (RaftStorage.java:format(72)) - Storage directory /workdir/hadoop-ozone/integration-test/target/test-dir/MiniOzoneClusterImpl-fd2c8ee2-9f6a-4233-95b1-3a272b0e72d4/datanode-0/data/ratis/caa11eda-25b1-4a29-837b-87b83155f175 has been successfully formatted.
2019-08-21 11:13:24,544 INFO  ratis.ContainerStateMachine (ContainerStateMachine.java:loadSnapshot(222)) - group-87B83155F175: The snapshot info is null. Setting the last applied indexto:(t:0, i:~)
2019-08-21 11:13:24,544 INFO  ratis.ContainerStateMachine (ContainerStateMachine.java:loadSnapshot(222)) - group-87B83155F175: The snapshot info is null. Setting the last applied indexto:(t:0, i:~)
2019-08-21 11:13:24,544 INFO  server.RaftServerConfigKeys (ConfUtils.java:logGet(43)) - raft.server.leader.election.timeout = 120s (custom)
2019-08-21 11:13:24,544 INFO  ratis.ContainerStateMachine (ContainerStateMachine.java:loadSnapshot(222)) - group-87B83155F175: The snapshot info is null. Setting the last applied indexto:(t:0, i:~)
2019-08-21 11:13:24,545 INFO  server.RaftServerConfigKeys (ConfUtils.java:logGet(43)) - raft.server.log.use.memory = false (default)
2019-08-21 11:13:24,544 INFO  server.RaftServerConfigKeys (ConfUtils.java:logGet(43)) - raft.server.leader.election.timeout = 120s (custom)
2019-08-21 11:13:24,545 INFO  server.RaftServerConfigKeys (ConfUtils.java:logGet(43)) - raft.server.log.purge.gap = 1000000000 (custom)
2019-08-21 11:13:24,545 INFO  server.RaftServerConfigKeys (ConfUtils.java:logGet(43)) - raft.server.leader.election.timeout = 120s (custom)
2019-08-21 11:13:24,545 INFO  server.RaftServerConfigKeys (ConfUtils.java:logGet(43)) - raft.server.log.appender.buffer.byte-limit = 33554432 (custom)
2019-08-21 11:13:24,545 INFO  server.RaftServerConfigKeys (ConfUtils.java:logGet(43)) - raft.server.log.use.memory = false (default)
2019-08-21 11:13:24,545 INFO  server.RaftServerConfigKeys (ConfUtils.java:logGet(43)) - raft.server.log.segment.size.max = 1048576 (custom)
2019-08-21 11:13:24,545 INFO  server.RaftServerConfigKeys (ConfUtils.java:logGet(43)) - raft.server.log.use.memory = false (default)
2019-08-21 11:13:24,546 INFO  server.RaftServerConfigKeys (ConfUtils.java:logGet(43)) - raft.server.log.segment.cache.num.max = 2 (custom)
2019-08-21 11:13:24,546 INFO  server.RaftServerConfigKeys (ConfUtils.java:logGet(43)) - raft.server.log.purge.gap = 1000000000 (custom)
2019-08-21 11:13:24,546 INFO  segmented.SegmentedRaftLogWorker (SegmentedRaftLogWorker.java:<init>(172)) - new 677c14b8-4d5e-43d4-9055-16cf4eb28bea-SegmentedRaftLogWorker:Storage Directory /workdir/hadoop-ozone/integration-test/target/test-dir/MiniOzoneClusterImpl-fd2c8ee2-9f6a-4233-95b1-3a272b0e72d4/datanode-1/data/ratis/caa11eda-25b1-4a29-837b-87b83155f175 for RaftStorage:Storage Directory /workdir/hadoop-ozone/integration-test/target/test-dir/MiniOzoneClusterImpl-fd2c8ee2-9f6a-4233-95b1-3a272b0e72d4/datanode-1/data/ratis/caa11eda-25b1-4a29-837b-87b83155f175
2019-08-21 11:13:24,546 INFO  server.RaftServerConfigKeys (ConfUtils.java:logGet(43)) - raft.server.log.purge.gap = 1000000000 (custom)
2019-08-21 11:13:24,546 INFO  server.RaftServerConfigKeys (ConfUtils.java:logGet(43)) - raft.server.log.queue.byte-limit = 2147483647 (custom)
2019-08-21 11:13:24,546 INFO  server.RaftServerConfigKeys (ConfUtils.java:logGet(43)) - raft.server.log.queue.element-limit = 1024 (custom)
2019-08-21 11:13:24,546 INFO  server.RaftServerConfigKeys (ConfUtils.java:logGet(43)) - raft.server.log.appender.buffer.byte-limit = 33554432 (custom)
2019-08-21 11:13:24,547 INFO  server.RaftServerConfigKeys (ConfUtils.java:logGet(43)) - raft.server.log.segment.size.max = 1048576 (custom)
2019-08-21 11:13:24,547 INFO  server.RaftServerConfigKeys (ConfUtils.java:logGet(43)) - raft.server.log.preallocated.size = 16384 (custom)
2019-08-21 11:13:24,546 INFO  server.RaftServerConfigKeys (ConfUtils.java:logGet(43)) - raft.server.log.appender.buffer.byte-limit = 33554432 (custom)
2019-08-21 11:13:24,547 INFO  server.RaftServerConfigKeys (ConfUtils.java:logGet(43)) - raft.server.log.write.buffer.size = 33554432 (custom)
2019-08-21 11:13:24,547 INFO  server.RaftServerConfigKeys (ConfUtils.java:logGet(43)) - raft.server.log.segment.size.max = 1048576 (custom)
2019-08-21 11:13:24,547 INFO  server.RaftServerConfigKeys (ConfUtils.java:logGet(43)) - raft.server.log.force.sync.num = 128 (default)
2019-08-21 11:13:24,547 INFO  server.RaftServerConfigKeys (ConfUtils.java:logGet(43)) - raft.server.log.segment.size.max = 1048576 (custom)
2019-08-21 11:13:24,548 INFO  server.RaftServerConfigKeys (ConfUtils.java:logGet(43)) - raft.server.log.statemachine.data.sync = true (default)
2019-08-21 11:13:24,547 INFO  server.RaftServerConfigKeys (ConfUtils.java:logGet(43)) - raft.server.log.segment.cache.num.max = 2 (custom)
2019-08-21 11:13:24,548 INFO  server.RaftServerConfigKeys (ConfUtils.java:logGet(43)) - raft.server.log.statemachine.data.sync.timeout = 10s (default)
2019-08-21 11:13:24,548 INFO  server.RaftServerConfigKeys (ConfUtils.java:logGet(43)) - raft.server.log.segment.cache.num.max = 2 (custom)
2019-08-21 11:13:24,548 INFO  server.RaftServerConfigKeys (ConfUtils.java:logGet(43)) - raft.server.log.statemachine.data.sync.timeout.retry = -1 (default)
2019-08-21 11:13:24,548 INFO  segmented.SegmentedRaftLogWorker (SegmentedRaftLogWorker.java:<init>(172)) - new e1eabadf-1a6d-4a3e-8b12-0cbfd73f6235-SegmentedRaftLogWorker:Storage Directory /workdir/hadoop-ozone/integration-test/target/test-dir/MiniOzoneClusterImpl-fd2c8ee2-9f6a-4233-95b1-3a272b0e72d4/datanode-2/data/ratis/caa11eda-25b1-4a29-837b-87b83155f175 for RaftStorage:Storage Directory /workdir/hadoop-ozone/integration-test/target/test-dir/MiniOzoneClusterImpl-fd2c8ee2-9f6a-4233-95b1-3a272b0e72d4/datanode-2/data/ratis/caa11eda-25b1-4a29-837b-87b83155f175
2019-08-21 11:13:24,549 INFO  server.RaftServerConfigKeys (ConfUtils.java:logGet(43)) - raft.server.log.statemachine.data.caching.enabled = true (custom)
2019-08-21 11:13:24,549 INFO  server.RaftServerConfigKeys (ConfUtils.java:logGet(43)) - raft.server.log.queue.byte-limit = 2147483647 (custom)
2019-08-21 11:13:24,548 INFO  segmented.SegmentedRaftLogWorker (SegmentedRaftLogWorker.java:<init>(172)) - new 8703c04e-fd07-4d69-8fa0-282abe3b7659-SegmentedRaftLogWorker:Storage Directory /workdir/hadoop-ozone/integration-test/target/test-dir/MiniOzoneClusterImpl-fd2c8ee2-9f6a-4233-95b1-3a272b0e72d4/datanode-0/data/ratis/caa11eda-25b1-4a29-837b-87b83155f175 for RaftStorage:Storage Directory /workdir/hadoop-ozone/integration-test/target/test-dir/MiniOzoneClusterImpl-fd2c8ee2-9f6a-4233-95b1-3a272b0e72d4/datanode-0/data/ratis/caa11eda-25b1-4a29-837b-87b83155f175
2019-08-21 11:13:24,549 INFO  segmented.SegmentedRaftLogWorker (SegmentedRaftLogWorker.java:lambda$new$0(132)) - 677c14b8-4d5e-43d4-9055-16cf4eb28bea-SegmentedRaftLogWorker:Storage Directory /workdir/hadoop-ozone/integration-test/target/test-dir/MiniOzoneClusterImpl-fd2c8ee2-9f6a-4233-95b1-3a272b0e72d4/datanode-1/data/ratis/caa11eda-25b1-4a29-837b-87b83155f175: flushIndex: setUnconditionally 0 -> -1
2019-08-21 11:13:24,549 INFO  server.RaftServerConfigKeys (ConfUtils.java:logGet(43)) - raft.server.log.queue.element-limit = 1024 (custom)
2019-08-21 11:13:24,549 INFO  server.RaftServerConfigKeys (ConfUtils.java:logGet(43)) - raft.server.log.queue.byte-limit = 2147483647 (custom)
2019-08-21 11:13:24,549 INFO  server.RaftServerConfigKeys (ConfUtils.java:logGet(43)) - raft.server.log.segment.size.max = 1048576 (custom)
2019-08-21 11:13:24,549 INFO  server.RaftServerConfigKeys (ConfUtils.java:logGet(43)) - raft.server.snapshot.auto.trigger.enabled = true (custom)
2019-08-21 11:13:24,550 INFO  server.RaftServerConfigKeys (ConfUtils.java:logGet(43)) - raft.server.log.preallocated.size = 16384 (custom)
2019-08-21 11:13:24,550 INFO  server.RaftServerConfigKeys (ConfUtils.java:logGet(43)) - raft.server.log.queue.element-limit = 1024 (custom)
2019-08-21 11:13:24,550 INFO  server.RaftServerConfigKeys (ConfUtils.java:logGet(43)) - raft.server.log.write.buffer.size = 33554432 (custom)
2019-08-21 11:13:24,550 INFO  server.RaftServerConfigKeys (ConfUtils.java:logGet(43)) - raft.server.snapshot.auto.trigger.threshold = 10000 (custom)
2019-08-21 11:13:24,550 INFO  server.RaftServerConfigKeys (ConfUtils.java:logGet(43)) - raft.server.log.force.sync.num = 128 (default)
2019-08-21 11:13:24,550 INFO  server.RaftServerConfigKeys (ConfUtils.java:logGet(43)) - raft.server.log.statemachine.data.sync = true (default)
2019-08-21 11:13:24,550 INFO  server.RaftServerConfigKeys (ConfUtils.java:logGet(43)) - raft.server.log.segment.size.max = 1048576 (custom)
2019-08-21 11:13:24,551 INFO  server.RaftServerConfigKeys (ConfUtils.java:logGet(43)) - raft.server.log.statemachine.data.sync.timeout = 10s (default)
2019-08-21 11:13:24,550 INFO  server.RaftServerConfigKeys (ConfUtils.java:logGet(43)) - raft.server.retrycache.expirytime = 600000ms (custom)
2019-08-21 11:13:24,551 INFO  server.RaftServerConfigKeys (ConfUtils.java:logGet(43)) - raft.server.log.statemachine.data.sync.timeout.retry = -1 (default)
2019-08-21 11:13:24,551 INFO  server.RaftServerConfigKeys (ConfUtils.java:logGet(43)) - raft.server.log.preallocated.size = 16384 (custom)
2019-08-21 11:13:24,551 INFO  server.RaftServerConfigKeys (ConfUtils.java:logGet(43)) - raft.server.log.statemachine.data.caching.enabled = true (custom)
2019-08-21 11:13:24,551 INFO  impl.RaftServerImpl (RaftServerImpl.java:start(180)) - 677c14b8-4d5e-43d4-9055-16cf4eb28bea: start group-87B83155F175
2019-08-21 11:13:24,551 INFO  server.RaftServerConfigKeys (ConfUtils.java:logGet(43)) - raft.server.log.write.buffer.size = 33554432 (custom)
2019-08-21 11:13:24,552 INFO  impl.RaftServerImpl (RaftServerImpl.java:setRole(171)) - 677c14b8-4d5e-43d4-9055-16cf4eb28bea:group-87B83155F175 changes role from null to FOLLOWER at term 0 for startAsFollower
2019-08-21 11:13:24,552 INFO  segmented.SegmentedRaftLogWorker (SegmentedRaftLogWorker.java:lambda$new$0(132)) - e1eabadf-1a6d-4a3e-8b12-0cbfd73f6235-SegmentedRaftLogWorker:Storage Directory /workdir/hadoop-ozone/integration-test/target/test-dir/MiniOzoneClusterImpl-fd2c8ee2-9f6a-4233-95b1-3a272b0e72d4/datanode-2/data/ratis/caa11eda-25b1-4a29-837b-87b83155f175: flushIndex: setUnconditionally 0 -> -1
2019-08-21 11:13:24,552 INFO  impl.RoleInfo (RoleInfo.java:updateAndGet(143)) - 677c14b8-4d5e-43d4-9055-16cf4eb28bea: start FollowerState
2019-08-21 11:13:24,552 INFO  server.RaftServerConfigKeys (ConfUtils.java:logGet(43)) - raft.server.log.force.sync.num = 128 (default)
2019-08-21 11:13:24,552 INFO  server.RaftServerConfigKeys (ConfUtils.java:logGet(43)) - raft.server.snapshot.auto.trigger.enabled = true (custom)
2019-08-21 11:13:24,552 INFO  server.RaftServerConfigKeys (ConfUtils.java:logGet(43)) - raft.server.log.statemachine.data.sync = true (default)
2019-08-21 11:13:24,552 INFO  util.JmxRegister (JmxRegister.java:tryRegister(44)) - Successfully registered JMX Bean with object name Ratis:service=RaftServer,group=group-87B83155F175,id=677c14b8-4d5e-43d4-9055-16cf4eb28bea
2019-08-21 11:13:24,552 INFO  server.RaftServerConfigKeys (ConfUtils.java:logGet(43)) - raft.server.snapshot.auto.trigger.threshold = 10000 (custom)
2019-08-21 11:13:24,552 INFO  server.RaftServerConfigKeys (ConfUtils.java:logGet(43)) - raft.server.log.statemachine.data.sync.timeout = 10s (default)
2019-08-21 11:13:24,553 INFO  server.RaftServerConfigKeys (ConfUtils.java:logGet(43)) - raft.server.retrycache.expirytime = 600000ms (custom)
2019-08-21 11:13:24,553 INFO  server.RaftServerConfigKeys (ConfUtils.java:logGet(43)) - raft.server.log.statemachine.data.sync.timeout.retry = -1 (default)
2019-08-21 11:13:24,553 INFO  impl.RaftServerImpl (RaftServerImpl.java:start(180)) - e1eabadf-1a6d-4a3e-8b12-0cbfd73f6235: start group-87B83155F175
2019-08-21 11:13:24,553 INFO  impl.RaftServerImpl (RaftServerImpl.java:setRole(171)) - e1eabadf-1a6d-4a3e-8b12-0cbfd73f6235:group-87B83155F175 changes role from null to FOLLOWER at term 0 for startAsFollower
2019-08-21 11:13:24,553 INFO  server.RaftServerConfigKeys (ConfUtils.java:logGet(43)) - raft.server.log.statemachine.data.caching.enabled = true (custom)
2019-08-21 11:13:24,553 INFO  impl.RoleInfo (RoleInfo.java:updateAndGet(143)) - e1eabadf-1a6d-4a3e-8b12-0cbfd73f6235: start FollowerState
2019-08-21 11:13:24,554 INFO  segmented.SegmentedRaftLogWorker (SegmentedRaftLogWorker.java:lambda$new$0(132)) - 8703c04e-fd07-4d69-8fa0-282abe3b7659-SegmentedRaftLogWorker:Storage Directory /workdir/hadoop-ozone/integration-test/target/test-dir/MiniOzoneClusterImpl-fd2c8ee2-9f6a-4233-95b1-3a272b0e72d4/datanode-0/data/ratis/caa11eda-25b1-4a29-837b-87b83155f175: flushIndex: setUnconditionally 0 -> -1
2019-08-21 11:13:24,554 INFO  util.JmxRegister (JmxRegister.java:tryRegister(44)) - Successfully registered JMX Bean with object name Ratis:service=RaftServer,group=group-87B83155F175,id=e1eabadf-1a6d-4a3e-8b12-0cbfd73f6235
2019-08-21 11:13:24,557 INFO  server.RaftServerConfigKeys (ConfUtils.java:logGet(43)) - raft.server.snapshot.auto.trigger.enabled = true (custom)
2019-08-21 11:13:24,557 INFO  server.RaftServerConfigKeys (ConfUtils.java:logGet(43)) - raft.server.snapshot.auto.trigger.threshold = 10000 (custom)
2019-08-21 11:13:24,558 INFO  server.RaftServerConfigKeys (ConfUtils.java:logGet(43)) - raft.server.retrycache.expirytime = 600000ms (custom)
2019-08-21 11:13:24,558 INFO  impl.RaftServerImpl (RaftServerImpl.java:start(180)) - 8703c04e-fd07-4d69-8fa0-282abe3b7659: start group-87B83155F175
2019-08-21 11:13:24,558 INFO  impl.RaftServerImpl (RaftServerImpl.java:setRole(171)) - 8703c04e-fd07-4d69-8fa0-282abe3b7659:group-87B83155F175 changes role from null to FOLLOWER at term 0 for startAsFollower
2019-08-21 11:13:24,558 INFO  impl.RoleInfo (RoleInfo.java:updateAndGet(143)) - 8703c04e-fd07-4d69-8fa0-282abe3b7659: start FollowerState
2019-08-21 11:13:24,558 INFO  util.JmxRegister (JmxRegister.java:tryRegister(44)) - Successfully registered JMX Bean with object name Ratis:service=RaftServer,group=group-87B83155F175,id=8703c04e-fd07-4d69-8fa0-282abe3b7659
2019-08-21 11:13:24,565 INFO  pipeline.PipelineStateManager (PipelineStateManager.java:addPipeline(56)) - Created pipeline Pipeline[ Id: caa11eda-25b1-4a29-837b-87b83155f175, Nodes: e1eabadf-1a6d-4a3e-8b12-0cbfd73f6235{ip: 192.168.34.41, host: pr-hdds-1937-dnpk4-2229529846, networkLocation: /default-rack, certSerialId: null}8703c04e-fd07-4d69-8fa0-282abe3b7659{ip: 192.168.34.41, host: pr-hdds-1937-dnpk4-2229529846, networkLocation: /default-rack, certSerialId: null}677c14b8-4d5e-43d4-9055-16cf4eb28bea{ip: 192.168.34.41, host: pr-hdds-1937-dnpk4-2229529846, networkLocation: /default-rack, certSerialId: null}, Type:RATIS, Factor:THREE, State:OPEN]
2019-08-21 11:13:24,848 INFO  net.NetworkTopology (NetworkTopologyImpl.java:add(110)) - Added a new node: /default-rack/85e88df0-fd63-491d-9acb-1bd27f180be4
2019-08-21 11:13:24,848 INFO  node.SCMNodeManager (SCMNodeManager.java:register(273)) - Registered Data node : 85e88df0-fd63-491d-9acb-1bd27f180be4{ip: 192.168.34.41, host: pr-hdds-1937-dnpk4-2229529846, networkLocation: /default-rack, certSerialId: null}
2019-08-21 11:13:24,869 INFO  impl.RaftServerProxy (RaftServerProxy.java:addNew(89)) - 85e88df0-fd63-491d-9acb-1bd27f180be4: addNew group-193CF2022CF2:[85e88df0-fd63-491d-9acb-1bd27f180be4:192.168.34.41:44172] returns group-193CF2022CF2:java.util.concurrent.CompletableFuture@650c1e6[Not completed]
2019-08-21 11:13:24,874 INFO  impl.RaftServerImpl (RaftServerImpl.java:<init>(93)) - 85e88df0-fd63-491d-9acb-1bd27f180be4: new RaftServerImpl for group-193CF2022CF2:[85e88df0-fd63-491d-9acb-1bd27f180be4:192.168.34.41:44172] with ContainerStateMachine:uninitialized
2019-08-21 11:13:24,874 INFO  server.RaftServerConfigKeys (ConfUtils.java:logGet(43)) - raft.server.rpc.timeout.min = 5s (custom)
2019-08-21 11:13:24,874 INFO  server.RaftServerConfigKeys (ConfUtils.java:logGet(43)) - raft.server.rpc.timeout.max = 5200ms (custom)
2019-08-21 11:13:24,874 INFO  server.RaftServerConfigKeys (ConfUtils.java:logGet(43)) - raft.server.rpcslowness.timeout = 120s (custom)
2019-08-21 11:13:24,874 INFO  server.RaftServerConfigKeys (ConfUtils.java:logGet(43)) - raft.server.sleep.deviation.threshold = 300 (default)
2019-08-21 11:13:24,874 INFO  server.RaftServerConfigKeys (ConfUtils.java:logGet(43)) - raft.server.log.appender.install.snapshot.enabled = false (custom)
2019-08-21 11:13:24,875 INFO  impl.RaftServerImpl (ServerState.java:<init>(105)) - 85e88df0-fd63-491d-9acb-1bd27f180be4:group-193CF2022CF2 ConfigurationManager, init=-1: [85e88df0-fd63-491d-9acb-1bd27f180be4:192.168.34.41:44172], old=null, confs=<EMPTY_MAP>
2019-08-21 11:13:24,875 INFO  server.RaftServerConfigKeys (ConfUtils.java:logGet(43)) - raft.server.storage.dir = [/workdir/hadoop-ozone/integration-test/target/test-dir/MiniOzoneClusterImpl-fd2c8ee2-9f6a-4233-95b1-3a272b0e72d4/datanode-3/data/ratis] (custom)
2019-08-21 11:13:24,875 INFO  storage.RaftStorageDirectory (RaftStorageDirectory.java:analyzeStorage(246)) - The storage directory /workdir/hadoop-ozone/integration-test/target/test-dir/MiniOzoneClusterImpl-fd2c8ee2-9f6a-4233-95b1-3a272b0e72d4/datanode-3/data/ratis/20a3144b-fd47-4c20-876f-193cf2022cf2 does not exist. Creating ...
2019-08-21 11:13:24,888 INFO  storage.RaftStorageDirectory (RaftStorageDirectory.java:tryLock(328)) - Lock on /workdir/hadoop-ozone/integration-test/target/test-dir/MiniOzoneClusterImpl-fd2c8ee2-9f6a-4233-95b1-3a272b0e72d4/datanode-3/data/ratis/20a3144b-fd47-4c20-876f-193cf2022cf2/in_use.lock acquired by nodename 26177@pr-hdds-1937-dnpk4-2229529846
2019-08-21 11:13:24,908 INFO  storage.RaftStorage (RaftStorage.java:format(72)) - Storage directory /workdir/hadoop-ozone/integration-test/target/test-dir/MiniOzoneClusterImpl-fd2c8ee2-9f6a-4233-95b1-3a272b0e72d4/datanode-3/data/ratis/20a3144b-fd47-4c20-876f-193cf2022cf2 has been successfully formatted.
2019-08-21 11:13:24,908 INFO  ratis.ContainerStateMachine (ContainerStateMachine.java:loadSnapshot(222)) - group-193CF2022CF2: The snapshot info is null. Setting the last applied indexto:(t:0, i:~)
2019-08-21 11:13:24,908 INFO  server.RaftServerConfigKeys (ConfUtils.java:logGet(43)) - raft.server.leader.election.timeout = 120s (custom)
2019-08-21 11:13:24,908 INFO  server.RaftServerConfigKeys (ConfUtils.java:logGet(43)) - raft.server.log.use.memory = false (default)
2019-08-21 11:13:24,909 INFO  server.RaftServerConfigKeys (ConfUtils.java:logGet(43)) - raft.server.log.purge.gap = 1000000000 (custom)
2019-08-21 11:13:24,909 INFO  server.RaftServerConfigKeys (ConfUtils.java:logGet(43)) - raft.server.log.appender.buffer.byte-limit = 33554432 (custom)
2019-08-21 11:13:24,909 INFO  server.RaftServerConfigKeys (ConfUtils.java:logGet(43)) - raft.server.log.segment.size.max = 1048576 (custom)
2019-08-21 11:13:24,909 INFO  server.RaftServerConfigKeys (ConfUtils.java:logGet(43)) - raft.server.log.segment.cache.num.max = 2 (custom)
2019-08-21 11:13:24,909 INFO  segmented.SegmentedRaftLogWorker (SegmentedRaftLogWorker.java:<init>(172)) - new 85e88df0-fd63-491d-9acb-1bd27f180be4-SegmentedRaftLogWorker:Storage Directory /workdir/hadoop-ozone/integration-test/target/test-dir/MiniOzoneClusterImpl-fd2c8ee2-9f6a-4233-95b1-3a272b0e72d4/datanode-3/data/ratis/20a3144b-fd47-4c20-876f-193cf2022cf2 for RaftStorage:Storage Directory /workdir/hadoop-ozone/integration-test/target/test-dir/MiniOzoneClusterImpl-fd2c8ee2-9f6a-4233-95b1-3a272b0e72d4/datanode-3/data/ratis/20a3144b-fd47-4c20-876f-193cf2022cf2
2019-08-21 11:13:24,909 INFO  server.RaftServerConfigKeys (ConfUtils.java:logGet(43)) - raft.server.log.queue.byte-limit = 2147483647 (custom)
2019-08-21 11:13:24,910 INFO  server.RaftServerConfigKeys (ConfUtils.java:logGet(43)) - raft.server.log.queue.element-limit = 1024 (custom)
2019-08-21 11:13:24,910 INFO  server.RaftServerConfigKeys (ConfUtils.java:logGet(43)) - raft.server.log.segment.size.max = 1048576 (custom)
2019-08-21 11:13:24,910 INFO  server.RaftServerConfigKeys (ConfUtils.java:logGet(43)) - raft.server.log.preallocated.size = 16384 (custom)
2019-08-21 11:13:24,910 INFO  server.RaftServerConfigKeys (ConfUtils.java:logGet(43)) - raft.server.log.write.buffer.size = 33554432 (custom)
2019-08-21 11:13:24,910 INFO  server.RaftServerConfigKeys (ConfUtils.java:logGet(43)) - raft.server.log.force.sync.num = 128 (default)
2019-08-21 11:13:24,911 INFO  server.RaftServerConfigKeys (ConfUtils.java:logGet(43)) - raft.server.log.statemachine.data.sync = true (default)
2019-08-21 11:13:24,911 INFO  server.RaftServerConfigKeys (ConfUtils.java:logGet(43)) - raft.server.log.statemachine.data.sync.timeout = 10s (default)
2019-08-21 11:13:24,911 INFO  server.RaftServerConfigKeys (ConfUtils.java:logGet(43)) - raft.server.log.statemachine.data.sync.timeout.retry = -1 (default)
2019-08-21 11:13:24,911 INFO  server.RaftServerConfigKeys (ConfUtils.java:logGet(43)) - raft.server.log.statemachine.data.caching.enabled = true (custom)
2019-08-21 11:13:24,911 INFO  segmented.SegmentedRaftLogWorker (SegmentedRaftLogWorker.java:lambda$new$0(132)) - 85e88df0-fd63-491d-9acb-1bd27f180be4-SegmentedRaftLogWorker:Storage Directory /workdir/hadoop-ozone/integration-test/target/test-dir/MiniOzoneClusterImpl-fd2c8ee2-9f6a-4233-95b1-3a272b0e72d4/datanode-3/data/ratis/20a3144b-fd47-4c20-876f-193cf2022cf2: flushIndex: setUnconditionally 0 -> -1
2019-08-21 11:13:24,912 INFO  server.RaftServerConfigKeys (ConfUtils.java:logGet(43)) - raft.server.snapshot.auto.trigger.enabled = true (custom)
2019-08-21 11:13:24,912 INFO  server.RaftServerConfigKeys (ConfUtils.java:logGet(43)) - raft.server.snapshot.auto.trigger.threshold = 10000 (custom)
2019-08-21 11:13:24,912 INFO  server.RaftServerConfigKeys (ConfUtils.java:logGet(43)) - raft.server.retrycache.expirytime = 600000ms (custom)
2019-08-21 11:13:24,912 INFO  impl.RaftServerImpl (RaftServerImpl.java:start(180)) - 85e88df0-fd63-491d-9acb-1bd27f180be4: start group-193CF2022CF2
2019-08-21 11:13:24,912 INFO  impl.RaftServerImpl (RaftServerImpl.java:setRole(171)) - 85e88df0-fd63-491d-9acb-1bd27f180be4:group-193CF2022CF2 changes role from null to FOLLOWER at term 0 for startAsFollower
2019-08-21 11:13:24,913 INFO  impl.RoleInfo (RoleInfo.java:updateAndGet(143)) - 85e88df0-fd63-491d-9acb-1bd27f180be4: start FollowerState
2019-08-21 11:13:24,921 INFO  util.JmxRegister (JmxRegister.java:tryRegister(44)) - Successfully registered JMX Bean with object name Ratis:service=RaftServer,group=group-193CF2022CF2,id=85e88df0-fd63-491d-9acb-1bd27f180be4
2019-08-21 11:13:24,933 INFO  pipeline.PipelineStateManager (PipelineStateManager.java:addPipeline(56)) - Created pipeline Pipeline[ Id: 20a3144b-fd47-4c20-876f-193cf2022cf2, Nodes: 85e88df0-fd63-491d-9acb-1bd27f180be4{ip: 192.168.34.41, host: pr-hdds-1937-dnpk4-2229529846, networkLocation: /default-rack, certSerialId: null}, Type:RATIS, Factor:ONE, State:OPEN]
2019-08-21 11:13:25,064 INFO  net.NetworkTopology (NetworkTopologyImpl.java:add(110)) - Added a new node: /default-rack/db318067-d3f5-4ab3-abac-7c7df7ddf1ca
2019-08-21 11:13:25,064 INFO  node.SCMNodeManager (SCMNodeManager.java:register(273)) - Registered Data node : db318067-d3f5-4ab3-abac-7c7df7ddf1ca{ip: 192.168.34.41, host: pr-hdds-1937-dnpk4-2229529846, networkLocation: /default-rack, certSerialId: null}
2019-08-21 11:13:25,074 INFO  impl.RaftServerProxy (RaftServerProxy.java:addNew(89)) - db318067-d3f5-4ab3-abac-7c7df7ddf1ca: addNew group-8099296B206B:[db318067-d3f5-4ab3-abac-7c7df7ddf1ca:192.168.34.41:33835] returns group-8099296B206B:java.util.concurrent.CompletableFuture@24672ddb[Not completed]
2019-08-21 11:13:25,077 INFO  impl.RaftServerImpl (RaftServerImpl.java:<init>(93)) - db318067-d3f5-4ab3-abac-7c7df7ddf1ca: new RaftServerImpl for group-8099296B206B:[db318067-d3f5-4ab3-abac-7c7df7ddf1ca:192.168.34.41:33835] with ContainerStateMachine:uninitialized
2019-08-21 11:13:25,078 INFO  server.RaftServerConfigKeys (ConfUtils.java:logGet(43)) - raft.server.rpc.timeout.min = 5s (custom)
2019-08-21 11:13:25,078 INFO  server.RaftServerConfigKeys (ConfUtils.java:logGet(43)) - raft.server.rpc.timeout.max = 5200ms (custom)
2019-08-21 11:13:25,078 INFO  server.RaftServerConfigKeys (ConfUtils.java:logGet(43)) - raft.server.rpcslowness.timeout = 120s (custom)
2019-08-21 11:13:25,078 INFO  server.RaftServerConfigKeys (ConfUtils.java:logGet(43)) - raft.server.sleep.deviation.threshold = 300 (default)
2019-08-21 11:13:25,078 INFO  server.RaftServerConfigKeys (ConfUtils.java:logGet(43)) - raft.server.log.appender.install.snapshot.enabled = false (custom)
2019-08-21 11:13:25,078 INFO  impl.RaftServerImpl (ServerState.java:<init>(105)) - db318067-d3f5-4ab3-abac-7c7df7ddf1ca:group-8099296B206B ConfigurationManager, init=-1: [db318067-d3f5-4ab3-abac-7c7df7ddf1ca:192.168.34.41:33835], old=null, confs=<EMPTY_MAP>
2019-08-21 11:13:25,078 INFO  server.RaftServerConfigKeys (ConfUtils.java:logGet(43)) - raft.server.storage.dir = [/workdir/hadoop-ozone/integration-test/target/test-dir/MiniOzoneClusterImpl-fd2c8ee2-9f6a-4233-95b1-3a272b0e72d4/datanode-4/data/ratis] (custom)
2019-08-21 11:13:25,079 INFO  storage.RaftStorageDirectory (RaftStorageDirectory.java:analyzeStorage(246)) - The storage directory /workdir/hadoop-ozone/integration-test/target/test-dir/MiniOzoneClusterImpl-fd2c8ee2-9f6a-4233-95b1-3a272b0e72d4/datanode-4/data/ratis/e7dc89ca-a3f4-4879-a268-8099296b206b does not exist. Creating ...
2019-08-21 11:13:25,092 INFO  storage.RaftStorageDirectory (RaftStorageDirectory.java:tryLock(328)) - Lock on /workdir/hadoop-ozone/integration-test/target/test-dir/MiniOzoneClusterImpl-fd2c8ee2-9f6a-4233-95b1-3a272b0e72d4/datanode-4/data/ratis/e7dc89ca-a3f4-4879-a268-8099296b206b/in_use.lock acquired by nodename 26177@pr-hdds-1937-dnpk4-2229529846
2019-08-21 11:13:25,105 INFO  storage.RaftStorage (RaftStorage.java:format(72)) - Storage directory /workdir/hadoop-ozone/integration-test/target/test-dir/MiniOzoneClusterImpl-fd2c8ee2-9f6a-4233-95b1-3a272b0e72d4/datanode-4/data/ratis/e7dc89ca-a3f4-4879-a268-8099296b206b has been successfully formatted.
2019-08-21 11:13:25,105 INFO  ratis.ContainerStateMachine (ContainerStateMachine.java:loadSnapshot(222)) - group-8099296B206B: The snapshot info is null. Setting the last applied indexto:(t:0, i:~)
2019-08-21 11:13:25,106 INFO  server.RaftServerConfigKeys (ConfUtils.java:logGet(43)) - raft.server.leader.election.timeout = 120s (custom)
2019-08-21 11:13:25,106 INFO  server.RaftServerConfigKeys (ConfUtils.java:logGet(43)) - raft.server.log.use.memory = false (default)
2019-08-21 11:13:25,106 INFO  server.RaftServerConfigKeys (ConfUtils.java:logGet(43)) - raft.server.log.purge.gap = 1000000000 (custom)
2019-08-21 11:13:25,106 INFO  server.RaftServerConfigKeys (ConfUtils.java:logGet(43)) - raft.server.log.appender.buffer.byte-limit = 33554432 (custom)
2019-08-21 11:13:25,106 INFO  server.RaftServerConfigKeys (ConfUtils.java:logGet(43)) - raft.server.log.segment.size.max = 1048576 (custom)
2019-08-21 11:13:25,106 INFO  server.RaftServerConfigKeys (ConfUtils.java:logGet(43)) - raft.server.log.segment.cache.num.max = 2 (custom)
2019-08-21 11:13:25,106 INFO  segmented.SegmentedRaftLogWorker (SegmentedRaftLogWorker.java:<init>(172)) - new db318067-d3f5-4ab3-abac-7c7df7ddf1ca-SegmentedRaftLogWorker:Storage Directory /workdir/hadoop-ozone/integration-test/target/test-dir/MiniOzoneClusterImpl-fd2c8ee2-9f6a-4233-95b1-3a272b0e72d4/datanode-4/data/ratis/e7dc89ca-a3f4-4879-a268-8099296b206b for RaftStorage:Storage Directory /workdir/hadoop-ozone/integration-test/target/test-dir/MiniOzoneClusterImpl-fd2c8ee2-9f6a-4233-95b1-3a272b0e72d4/datanode-4/data/ratis/e7dc89ca-a3f4-4879-a268-8099296b206b
2019-08-21 11:13:25,107 INFO  server.RaftServerConfigKeys (ConfUtils.java:logGet(43)) - raft.server.log.queue.byte-limit = 2147483647 (custom)
2019-08-21 11:13:25,107 INFO  server.RaftServerConfigKeys (ConfUtils.java:logGet(43)) - raft.server.log.queue.element-limit = 1024 (custom)
2019-08-21 11:13:25,107 INFO  server.RaftServerConfigKeys (ConfUtils.java:logGet(43)) - raft.server.log.segment.size.max = 1048576 (custom)
2019-08-21 11:13:25,107 INFO  server.RaftServerConfigKeys (ConfUtils.java:logGet(43)) - raft.server.log.preallocated.size = 16384 (custom)
2019-08-21 11:13:25,107 INFO  server.RaftServerConfigKeys (ConfUtils.java:logGet(43)) - raft.server.log.write.buffer.size = 33554432 (custom)
2019-08-21 11:13:25,107 INFO  server.RaftServerConfigKeys (ConfUtils.java:logGet(43)) - raft.server.log.force.sync.num = 128 (default)
2019-08-21 11:13:25,107 INFO  server.RaftServerConfigKeys (ConfUtils.java:logGet(43)) - raft.server.log.statemachine.data.sync = true (default)
2019-08-21 11:13:25,107 INFO  server.RaftServerConfigKeys (ConfUtils.java:logGet(43)) - raft.server.log.statemachine.data.sync.timeout = 10s (default)
2019-08-21 11:13:25,108 INFO  server.RaftServerConfigKeys (ConfUtils.java:logGet(43)) - raft.server.log.statemachine.data.sync.timeout.retry = -1 (default)
2019-08-21 11:13:25,108 INFO  server.RaftServerConfigKeys (ConfUtils.java:logGet(43)) - raft.server.log.statemachine.data.caching.enabled = true (custom)
2019-08-21 11:13:25,108 INFO  segmented.SegmentedRaftLogWorker (SegmentedRaftLogWorker.java:lambda$new$0(132)) - db318067-d3f5-4ab3-abac-7c7df7ddf1ca-SegmentedRaftLogWorker:Storage Directory /workdir/hadoop-ozone/integration-test/target/test-dir/MiniOzoneClusterImpl-fd2c8ee2-9f6a-4233-95b1-3a272b0e72d4/datanode-4/data/ratis/e7dc89ca-a3f4-4879-a268-8099296b206b: flushIndex: setUnconditionally 0 -> -1
2019-08-21 11:13:25,108 INFO  server.RaftServerConfigKeys (ConfUtils.java:logGet(43)) - raft.server.snapshot.auto.trigger.enabled = true (custom)
2019-08-21 11:13:25,109 INFO  server.RaftServerConfigKeys (ConfUtils.java:logGet(43)) - raft.server.snapshot.auto.trigger.threshold = 10000 (custom)
2019-08-21 11:13:25,109 INFO  server.RaftServerConfigKeys (ConfUtils.java:logGet(43)) - raft.server.retrycache.expirytime = 600000ms (custom)
2019-08-21 11:13:25,109 INFO  impl.RaftServerImpl (RaftServerImpl.java:start(180)) - db318067-d3f5-4ab3-abac-7c7df7ddf1ca: start group-8099296B206B
2019-08-21 11:13:25,109 INFO  impl.RaftServerImpl (RaftServerImpl.java:setRole(171)) - db318067-d3f5-4ab3-abac-7c7df7ddf1ca:group-8099296B206B changes role from null to FOLLOWER at term 0 for startAsFollower
2019-08-21 11:13:25,109 INFO  impl.RoleInfo (RoleInfo.java:updateAndGet(143)) - db318067-d3f5-4ab3-abac-7c7df7ddf1ca: start FollowerState
2019-08-21 11:13:25,109 INFO  util.JmxRegister (JmxRegister.java:tryRegister(44)) - Successfully registered JMX Bean with object name Ratis:service=RaftServer,group=group-8099296B206B,id=db318067-d3f5-4ab3-abac-7c7df7ddf1ca
2019-08-21 11:13:25,114 INFO  pipeline.PipelineStateManager (PipelineStateManager.java:addPipeline(56)) - Created pipeline Pipeline[ Id: e7dc89ca-a3f4-4879-a268-8099296b206b, Nodes: db318067-d3f5-4ab3-abac-7c7df7ddf1ca{ip: 192.168.34.41, host: pr-hdds-1937-dnpk4-2229529846, networkLocation: /default-rack, certSerialId: null}, Type:RATIS, Factor:ONE, State:OPEN]
2019-08-21 11:13:25,286 INFO  net.NetworkTopology (NetworkTopologyImpl.java:add(110)) - Added a new node: /default-rack/4aaaa6c1-be5d-43d3-9a54-917d685c11d8
2019-08-21 11:13:25,287 INFO  node.SCMNodeManager (SCMNodeManager.java:register(273)) - Registered Data node : 4aaaa6c1-be5d-43d3-9a54-917d685c11d8{ip: 192.168.34.41, host: pr-hdds-1937-dnpk4-2229529846, networkLocation: /default-rack, certSerialId: null}
2019-08-21 11:13:25,299 INFO  impl.RaftServerProxy (RaftServerProxy.java:addNew(89)) - 4aaaa6c1-be5d-43d3-9a54-917d685c11d8: addNew group-7BAE6FD069BD:[4aaaa6c1-be5d-43d3-9a54-917d685c11d8:192.168.34.41:41786] returns group-7BAE6FD069BD:java.util.concurrent.CompletableFuture@52e58e15[Not completed]
2019-08-21 11:13:25,305 INFO  impl.RaftServerImpl (RaftServerImpl.java:<init>(93)) - 4aaaa6c1-be5d-43d3-9a54-917d685c11d8: new RaftServerImpl for group-7BAE6FD069BD:[4aaaa6c1-be5d-43d3-9a54-917d685c11d8:192.168.34.41:41786] with ContainerStateMachine:uninitialized
2019-08-21 11:13:25,305 INFO  server.RaftServerConfigKeys (ConfUtils.java:logGet(43)) - raft.server.rpc.timeout.min = 5s (custom)
2019-08-21 11:13:25,305 INFO  server.RaftServerConfigKeys (ConfUtils.java:logGet(43)) - raft.server.rpc.timeout.max = 5200ms (custom)
2019-08-21 11:13:25,305 INFO  server.RaftServerConfigKeys (ConfUtils.java:logGet(43)) - raft.server.rpcslowness.timeout = 120s (custom)
2019-08-21 11:13:25,305 INFO  server.RaftServerConfigKeys (ConfUtils.java:logGet(43)) - raft.server.sleep.deviation.threshold = 300 (default)
2019-08-21 11:13:25,305 INFO  server.RaftServerConfigKeys (ConfUtils.java:logGet(43)) - raft.server.log.appender.install.snapshot.enabled = false (custom)
2019-08-21 11:13:25,305 INFO  impl.RaftServerImpl (ServerState.java:<init>(105)) - 4aaaa6c1-be5d-43d3-9a54-917d685c11d8:group-7BAE6FD069BD ConfigurationManager, init=-1: [4aaaa6c1-be5d-43d3-9a54-917d685c11d8:192.168.34.41:41786], old=null, confs=<EMPTY_MAP>
2019-08-21 11:13:25,306 INFO  server.RaftServerConfigKeys (ConfUtils.java:logGet(43)) - raft.server.storage.dir = [/workdir/hadoop-ozone/integration-test/target/test-dir/MiniOzoneClusterImpl-fd2c8ee2-9f6a-4233-95b1-3a272b0e72d4/datanode-5/data/ratis] (custom)
2019-08-21 11:13:25,306 INFO  storage.RaftStorageDirectory (RaftStorageDirectory.java:analyzeStorage(246)) - The storage directory /workdir/hadoop-ozone/integration-test/target/test-dir/MiniOzoneClusterImpl-fd2c8ee2-9f6a-4233-95b1-3a272b0e72d4/datanode-5/data/ratis/ec40c8a8-4130-4fcd-a7bd-7bae6fd069bd does not exist. Creating ...
2019-08-21 11:13:25,319 INFO  storage.RaftStorageDirectory (RaftStorageDirectory.java:tryLock(328)) - Lock on /workdir/hadoop-ozone/integration-test/target/test-dir/MiniOzoneClusterImpl-fd2c8ee2-9f6a-4233-95b1-3a272b0e72d4/datanode-5/data/ratis/ec40c8a8-4130-4fcd-a7bd-7bae6fd069bd/in_use.lock acquired by nodename 26177@pr-hdds-1937-dnpk4-2229529846
2019-08-21 11:13:25,332 INFO  storage.RaftStorage (RaftStorage.java:format(72)) - Storage directory /workdir/hadoop-ozone/integration-test/target/test-dir/MiniOzoneClusterImpl-fd2c8ee2-9f6a-4233-95b1-3a272b0e72d4/datanode-5/data/ratis/ec40c8a8-4130-4fcd-a7bd-7bae6fd069bd has been successfully formatted.
2019-08-21 11:13:25,333 INFO  ratis.ContainerStateMachine (ContainerStateMachine.java:loadSnapshot(222)) - group-7BAE6FD069BD: The snapshot info is null. Setting the last applied indexto:(t:0, i:~)
2019-08-21 11:13:25,333 INFO  server.RaftServerConfigKeys (ConfUtils.java:logGet(43)) - raft.server.leader.election.timeout = 120s (custom)
2019-08-21 11:13:25,333 INFO  server.RaftServerConfigKeys (ConfUtils.java:logGet(43)) - raft.server.log.use.memory = false (default)
2019-08-21 11:13:25,334 INFO  server.RaftServerConfigKeys (ConfUtils.java:logGet(43)) - raft.server.log.purge.gap = 1000000000 (custom)
2019-08-21 11:13:25,334 INFO  server.RaftServerConfigKeys (ConfUtils.java:logGet(43)) - raft.server.log.appender.buffer.byte-limit = 33554432 (custom)
2019-08-21 11:13:25,334 INFO  server.RaftServerConfigKeys (ConfUtils.java:logGet(43)) - raft.server.log.segment.size.max = 1048576 (custom)
2019-08-21 11:13:25,335 INFO  server.RaftServerConfigKeys (ConfUtils.java:logGet(43)) - raft.server.log.segment.cache.num.max = 2 (custom)
2019-08-21 11:13:25,335 INFO  segmented.SegmentedRaftLogWorker (SegmentedRaftLogWorker.java:<init>(172)) - new 4aaaa6c1-be5d-43d3-9a54-917d685c11d8-SegmentedRaftLogWorker:Storage Directory /workdir/hadoop-ozone/integration-test/target/test-dir/MiniOzoneClusterImpl-fd2c8ee2-9f6a-4233-95b1-3a272b0e72d4/datanode-5/data/ratis/ec40c8a8-4130-4fcd-a7bd-7bae6fd069bd for RaftStorage:Storage Directory /workdir/hadoop-ozone/integration-test/target/test-dir/MiniOzoneClusterImpl-fd2c8ee2-9f6a-4233-95b1-3a272b0e72d4/datanode-5/data/ratis/ec40c8a8-4130-4fcd-a7bd-7bae6fd069bd
2019-08-21 11:13:25,335 INFO  server.RaftServerConfigKeys (ConfUtils.java:logGet(43)) - raft.server.log.queue.byte-limit = 2147483647 (custom)
2019-08-21 11:13:25,336 INFO  server.RaftServerConfigKeys (ConfUtils.java:logGet(43)) - raft.server.log.queue.element-limit = 1024 (custom)
2019-08-21 11:13:25,336 INFO  server.RaftServerConfigKeys (ConfUtils.java:logGet(43)) - raft.server.log.segment.size.max = 1048576 (custom)
2019-08-21 11:13:25,336 INFO  server.RaftServerConfigKeys (ConfUtils.java:logGet(43)) - raft.server.log.preallocated.size = 16384 (custom)
2019-08-21 11:13:25,337 INFO  server.RaftServerConfigKeys (ConfUtils.java:logGet(43)) - raft.server.log.write.buffer.size = 33554432 (custom)
2019-08-21 11:13:25,337 INFO  server.RaftServerConfigKeys (ConfUtils.java:logGet(43)) - raft.server.log.force.sync.num = 128 (default)
2019-08-21 11:13:25,337 INFO  server.RaftServerConfigKeys (ConfUtils.java:logGet(43)) - raft.server.log.statemachine.data.sync = true (default)
2019-08-21 11:13:25,337 INFO  server.RaftServerConfigKeys (ConfUtils.java:logGet(43)) - raft.server.log.statemachine.data.sync.timeout = 10s (default)
2019-08-21 11:13:25,337 INFO  server.RaftServerConfigKeys (ConfUtils.java:logGet(43)) - raft.server.log.statemachine.data.sync.timeout.retry = -1 (default)
2019-08-21 11:13:25,338 INFO  server.RaftServerConfigKeys (ConfUtils.java:logGet(43)) - raft.server.log.statemachine.data.caching.enabled = true (custom)
2019-08-21 11:13:25,338 INFO  segmented.SegmentedRaftLogWorker (SegmentedRaftLogWorker.java:lambda$new$0(132)) - 4aaaa6c1-be5d-43d3-9a54-917d685c11d8-SegmentedRaftLogWorker:Storage Directory /workdir/hadoop-ozone/integration-test/target/test-dir/MiniOzoneClusterImpl-fd2c8ee2-9f6a-4233-95b1-3a272b0e72d4/datanode-5/data/ratis/ec40c8a8-4130-4fcd-a7bd-7bae6fd069bd: flushIndex: setUnconditionally 0 -> -1
2019-08-21 11:13:25,338 INFO  server.RaftServerConfigKeys (ConfUtils.java:logGet(43)) - raft.server.snapshot.auto.trigger.enabled = true (custom)
2019-08-21 11:13:25,338 INFO  server.RaftServerConfigKeys (ConfUtils.java:logGet(43)) - raft.server.snapshot.auto.trigger.threshold = 10000 (custom)
2019-08-21 11:13:25,339 INFO  server.RaftServerConfigKeys (ConfUtils.java:logGet(43)) - raft.server.retrycache.expirytime = 600000ms (custom)
2019-08-21 11:13:25,339 INFO  impl.RaftServerImpl (RaftServerImpl.java:start(180)) - 4aaaa6c1-be5d-43d3-9a54-917d685c11d8: start group-7BAE6FD069BD
2019-08-21 11:13:25,339 INFO  impl.RaftServerImpl (RaftServerImpl.java:setRole(171)) - 4aaaa6c1-be5d-43d3-9a54-917d685c11d8:group-7BAE6FD069BD changes role from null to FOLLOWER at term 0 for startAsFollower
2019-08-21 11:13:25,339 INFO  impl.RoleInfo (RoleInfo.java:updateAndGet(143)) - 4aaaa6c1-be5d-43d3-9a54-917d685c11d8: start FollowerState
2019-08-21 11:13:25,339 INFO  util.JmxRegister (JmxRegister.java:tryRegister(44)) - Successfully registered JMX Bean with object name Ratis:service=RaftServer,group=group-7BAE6FD069BD,id=4aaaa6c1-be5d-43d3-9a54-917d685c11d8
2019-08-21 11:13:25,345 INFO  pipeline.PipelineStateManager (PipelineStateManager.java:addPipeline(56)) - Created pipeline Pipeline[ Id: ec40c8a8-4130-4fcd-a7bd-7bae6fd069bd, Nodes: 4aaaa6c1-be5d-43d3-9a54-917d685c11d8{ip: 192.168.34.41, host: pr-hdds-1937-dnpk4-2229529846, networkLocation: /default-rack, certSerialId: null}, Type:RATIS, Factor:ONE, State:OPEN]
2019-08-21 11:13:25,358 INFO  impl.RaftServerProxy (RaftServerProxy.java:addNew(89)) - db318067-d3f5-4ab3-abac-7c7df7ddf1ca: addNew group-65B9B491DD89:[db318067-d3f5-4ab3-abac-7c7df7ddf1ca:192.168.34.41:33835, 85e88df0-fd63-491d-9acb-1bd27f180be4:192.168.34.41:44172, 4aaaa6c1-be5d-43d3-9a54-917d685c11d8:192.168.34.41:41786] returns group-65B9B491DD89:java.util.concurrent.CompletableFuture@70652721[Not completed]
2019-08-21 11:13:25,364 INFO  impl.RaftServerProxy (RaftServerProxy.java:addNew(89)) - 85e88df0-fd63-491d-9acb-1bd27f180be4: addNew group-65B9B491DD89:[db318067-d3f5-4ab3-abac-7c7df7ddf1ca:192.168.34.41:33835, 85e88df0-fd63-491d-9acb-1bd27f180be4:192.168.34.41:44172, 4aaaa6c1-be5d-43d3-9a54-917d685c11d8:192.168.34.41:41786] returns group-65B9B491DD89:java.util.concurrent.CompletableFuture@2f93745e[Not completed]
2019-08-21 11:13:25,364 INFO  impl.RaftServerProxy (RaftServerProxy.java:addNew(89)) - 4aaaa6c1-be5d-43d3-9a54-917d685c11d8: addNew group-65B9B491DD89:[db318067-d3f5-4ab3-abac-7c7df7ddf1ca:192.168.34.41:33835, 85e88df0-fd63-491d-9acb-1bd27f180be4:192.168.34.41:44172, 4aaaa6c1-be5d-43d3-9a54-917d685c11d8:192.168.34.41:41786] returns group-65B9B491DD89:java.util.concurrent.CompletableFuture@42335303[Not completed]
2019-08-21 11:13:25,365 INFO  impl.RaftServerImpl (RaftServerImpl.java:<init>(93)) - db318067-d3f5-4ab3-abac-7c7df7ddf1ca: new RaftServerImpl for group-65B9B491DD89:[db318067-d3f5-4ab3-abac-7c7df7ddf1ca:192.168.34.41:33835, 85e88df0-fd63-491d-9acb-1bd27f180be4:192.168.34.41:44172, 4aaaa6c1-be5d-43d3-9a54-917d685c11d8:192.168.34.41:41786] with ContainerStateMachine:uninitialized
2019-08-21 11:13:25,365 INFO  server.RaftServerConfigKeys (ConfUtils.java:logGet(43)) - raft.server.rpc.timeout.min = 5s (custom)
2019-08-21 11:13:25,365 INFO  server.RaftServerConfigKeys (ConfUtils.java:logGet(43)) - raft.server.rpc.timeout.max = 5200ms (custom)
2019-08-21 11:13:25,366 INFO  server.RaftServerConfigKeys (ConfUtils.java:logGet(43)) - raft.server.rpcslowness.timeout = 120s (custom)
2019-08-21 11:13:25,366 INFO  impl.RaftServerImpl (RaftServerImpl.java:<init>(93)) - 4aaaa6c1-be5d-43d3-9a54-917d685c11d8: new RaftServerImpl for group-65B9B491DD89:[db318067-d3f5-4ab3-abac-7c7df7ddf1ca:192.168.34.41:33835, 85e88df0-fd63-491d-9acb-1bd27f180be4:192.168.34.41:44172, 4aaaa6c1-be5d-43d3-9a54-917d685c11d8:192.168.34.41:41786] with ContainerStateMachine:uninitialized
2019-08-21 11:13:25,366 INFO  server.RaftServerConfigKeys (ConfUtils.java:logGet(43)) - raft.server.sleep.deviation.threshold = 300 (default)
2019-08-21 11:13:25,366 INFO  server.RaftServerConfigKeys (ConfUtils.java:logGet(43)) - raft.server.rpc.timeout.min = 5s (custom)
2019-08-21 11:13:25,366 INFO  server.RaftServerConfigKeys (ConfUtils.java:logGet(43)) - raft.server.log.appender.install.snapshot.enabled = false (custom)
2019-08-21 11:13:25,366 INFO  server.RaftServerConfigKeys (ConfUtils.java:logGet(43)) - raft.server.rpc.timeout.max = 5200ms (custom)
2019-08-21 11:13:25,366 INFO  impl.RaftServerImpl (ServerState.java:<init>(105)) - db318067-d3f5-4ab3-abac-7c7df7ddf1ca:group-65B9B491DD89 ConfigurationManager, init=-1: [db318067-d3f5-4ab3-abac-7c7df7ddf1ca:192.168.34.41:33835, 85e88df0-fd63-491d-9acb-1bd27f180be4:192.168.34.41:44172, 4aaaa6c1-be5d-43d3-9a54-917d685c11d8:192.168.34.41:41786], old=null, confs=<EMPTY_MAP>
2019-08-21 11:13:25,366 INFO  server.RaftServerConfigKeys (ConfUtils.java:logGet(43)) - raft.server.rpcslowness.timeout = 120s (custom)
2019-08-21 11:13:25,367 INFO  server.RaftServerConfigKeys (ConfUtils.java:logGet(43)) - raft.server.storage.dir = [/workdir/hadoop-ozone/integration-test/target/test-dir/MiniOzoneClusterImpl-fd2c8ee2-9f6a-4233-95b1-3a272b0e72d4/datanode-4/data/ratis] (custom)
2019-08-21 11:13:25,367 INFO  impl.RaftServerImpl (RaftServerImpl.java:<init>(93)) - 85e88df0-fd63-491d-9acb-1bd27f180be4: new RaftServerImpl for group-65B9B491DD89:[db318067-d3f5-4ab3-abac-7c7df7ddf1ca:192.168.34.41:33835, 85e88df0-fd63-491d-9acb-1bd27f180be4:192.168.34.41:44172, 4aaaa6c1-be5d-43d3-9a54-917d685c11d8:192.168.34.41:41786] with ContainerStateMachine:uninitialized
2019-08-21 11:13:25,367 INFO  server.RaftServerConfigKeys (ConfUtils.java:logGet(43)) - raft.server.sleep.deviation.threshold = 300 (default)
2019-08-21 11:13:25,367 INFO  server.RaftServerConfigKeys (ConfUtils.java:logGet(43)) - raft.server.rpc.timeout.min = 5s (custom)
2019-08-21 11:13:25,367 INFO  server.RaftServerConfigKeys (ConfUtils.java:logGet(43)) - raft.server.log.appender.install.snapshot.enabled = false (custom)
2019-08-21 11:13:25,367 INFO  storage.RaftStorageDirectory (RaftStorageDirectory.java:analyzeStorage(246)) - The storage directory /workdir/hadoop-ozone/integration-test/target/test-dir/MiniOzoneClusterImpl-fd2c8ee2-9f6a-4233-95b1-3a272b0e72d4/datanode-4/data/ratis/126ec7d6-4c97-4fe0-96cf-65b9b491dd89 does not exist. Creating ...
2019-08-21 11:13:25,367 INFO  impl.RaftServerImpl (ServerState.java:<init>(105)) - 4aaaa6c1-be5d-43d3-9a54-917d685c11d8:group-65B9B491DD89 ConfigurationManager, init=-1: [db318067-d3f5-4ab3-abac-7c7df7ddf1ca:192.168.34.41:33835, 85e88df0-fd63-491d-9acb-1bd27f180be4:192.168.34.41:44172, 4aaaa6c1-be5d-43d3-9a54-917d685c11d8:192.168.34.41:41786], old=null, confs=<EMPTY_MAP>
2019-08-21 11:13:25,367 INFO  server.RaftServerConfigKeys (ConfUtils.java:logGet(43)) - raft.server.rpc.timeout.max = 5200ms (custom)
2019-08-21 11:13:25,368 INFO  server.RaftServerConfigKeys (ConfUtils.java:logGet(43)) - raft.server.storage.dir = [/workdir/hadoop-ozone/integration-test/target/test-dir/MiniOzoneClusterImpl-fd2c8ee2-9f6a-4233-95b1-3a272b0e72d4/datanode-5/data/ratis] (custom)
2019-08-21 11:13:25,368 INFO  server.RaftServerConfigKeys (ConfUtils.java:logGet(43)) - raft.server.rpcslowness.timeout = 120s (custom)
2019-08-21 11:13:25,368 INFO  server.RaftServerConfigKeys (ConfUtils.java:logGet(43)) - raft.server.sleep.deviation.threshold = 300 (default)
2019-08-21 11:13:25,368 INFO  storage.RaftStorageDirectory (RaftStorageDirectory.java:analyzeStorage(246)) - The storage directory /workdir/hadoop-ozone/integration-test/target/test-dir/MiniOzoneClusterImpl-fd2c8ee2-9f6a-4233-95b1-3a272b0e72d4/datanode-5/data/ratis/126ec7d6-4c97-4fe0-96cf-65b9b491dd89 does not exist. Creating ...
2019-08-21 11:13:25,368 INFO  server.RaftServerConfigKeys (ConfUtils.java:logGet(43)) - raft.server.log.appender.install.snapshot.enabled = false (custom)
2019-08-21 11:13:25,368 INFO  impl.RaftServerImpl (ServerState.java:<init>(105)) - 85e88df0-fd63-491d-9acb-1bd27f180be4:group-65B9B491DD89 ConfigurationManager, init=-1: [db318067-d3f5-4ab3-abac-7c7df7ddf1ca:192.168.34.41:33835, 85e88df0-fd63-491d-9acb-1bd27f180be4:192.168.34.41:44172, 4aaaa6c1-be5d-43d3-9a54-917d685c11d8:192.168.34.41:41786], old=null, confs=<EMPTY_MAP>
2019-08-21 11:13:25,368 INFO  server.RaftServerConfigKeys (ConfUtils.java:logGet(43)) - raft.server.storage.dir = [/workdir/hadoop-ozone/integration-test/target/test-dir/MiniOzoneClusterImpl-fd2c8ee2-9f6a-4233-95b1-3a272b0e72d4/datanode-3/data/ratis] (custom)
2019-08-21 11:13:25,369 INFO  storage.RaftStorageDirectory (RaftStorageDirectory.java:analyzeStorage(246)) - The storage directory /workdir/hadoop-ozone/integration-test/target/test-dir/MiniOzoneClusterImpl-fd2c8ee2-9f6a-4233-95b1-3a272b0e72d4/datanode-3/data/ratis/126ec7d6-4c97-4fe0-96cf-65b9b491dd89 does not exist. Creating ...
2019-08-21 11:13:25,381 INFO  storage.RaftStorageDirectory (RaftStorageDirectory.java:tryLock(328)) - Lock on /workdir/hadoop-ozone/integration-test/target/test-dir/MiniOzoneClusterImpl-fd2c8ee2-9f6a-4233-95b1-3a272b0e72d4/datanode-3/data/ratis/126ec7d6-4c97-4fe0-96cf-65b9b491dd89/in_use.lock acquired by nodename 26177@pr-hdds-1937-dnpk4-2229529846
2019-08-21 11:13:25,381 INFO  storage.RaftStorageDirectory (RaftStorageDirectory.java:tryLock(328)) - Lock on /workdir/hadoop-ozone/integration-test/target/test-dir/MiniOzoneClusterImpl-fd2c8ee2-9f6a-4233-95b1-3a272b0e72d4/datanode-4/data/ratis/126ec7d6-4c97-4fe0-96cf-65b9b491dd89/in_use.lock acquired by nodename 26177@pr-hdds-1937-dnpk4-2229529846
2019-08-21 11:13:25,381 INFO  storage.RaftStorageDirectory (RaftStorageDirectory.java:tryLock(328)) - Lock on /workdir/hadoop-ozone/integration-test/target/test-dir/MiniOzoneClusterImpl-fd2c8ee2-9f6a-4233-95b1-3a272b0e72d4/datanode-5/data/ratis/126ec7d6-4c97-4fe0-96cf-65b9b491dd89/in_use.lock acquired by nodename 26177@pr-hdds-1937-dnpk4-2229529846
2019-08-21 11:13:25,395 INFO  storage.RaftStorage (RaftStorage.java:format(72)) - Storage directory /workdir/hadoop-ozone/integration-test/target/test-dir/MiniOzoneClusterImpl-fd2c8ee2-9f6a-4233-95b1-3a272b0e72d4/datanode-4/data/ratis/126ec7d6-4c97-4fe0-96cf-65b9b491dd89 has been successfully formatted.
2019-08-21 11:13:25,395 INFO  storage.RaftStorage (RaftStorage.java:format(72)) - Storage directory /workdir/hadoop-ozone/integration-test/target/test-dir/MiniOzoneClusterImpl-fd2c8ee2-9f6a-4233-95b1-3a272b0e72d4/datanode-5/data/ratis/126ec7d6-4c97-4fe0-96cf-65b9b491dd89 has been successfully formatted.
2019-08-21 11:13:25,396 INFO  ratis.ContainerStateMachine (ContainerStateMachine.java:loadSnapshot(222)) - group-65B9B491DD89: The snapshot info is null. Setting the last applied indexto:(t:0, i:~)
2019-08-21 11:13:25,395 INFO  storage.RaftStorage (RaftStorage.java:format(72)) - Storage directory /workdir/hadoop-ozone/integration-test/target/test-dir/MiniOzoneClusterImpl-fd2c8ee2-9f6a-4233-95b1-3a272b0e72d4/datanode-3/data/ratis/126ec7d6-4c97-4fe0-96cf-65b9b491dd89 has been successfully formatted.
2019-08-21 11:13:25,396 INFO  ratis.ContainerStateMachine (ContainerStateMachine.java:loadSnapshot(222)) - group-65B9B491DD89: The snapshot info is null. Setting the last applied indexto:(t:0, i:~)
2019-08-21 11:13:25,396 INFO  server.RaftServerConfigKeys (ConfUtils.java:logGet(43)) - raft.server.leader.election.timeout = 120s (custom)
2019-08-21 11:13:25,396 INFO  server.RaftServerConfigKeys (ConfUtils.java:logGet(43)) - raft.server.leader.election.timeout = 120s (custom)
2019-08-21 11:13:25,396 INFO  ratis.ContainerStateMachine (ContainerStateMachine.java:loadSnapshot(222)) - group-65B9B491DD89: The snapshot info is null. Setting the last applied indexto:(t:0, i:~)
2019-08-21 11:13:25,396 INFO  server.RaftServerConfigKeys (ConfUtils.java:logGet(43)) - raft.server.log.use.memory = false (default)
2019-08-21 11:13:25,396 INFO  server.RaftServerConfigKeys (ConfUtils.java:logGet(43)) - raft.server.log.use.memory = false (default)
2019-08-21 11:13:25,397 INFO  server.RaftServerConfigKeys (ConfUtils.java:logGet(43)) - raft.server.log.purge.gap = 1000000000 (custom)
2019-08-21 11:13:25,397 INFO  server.RaftServerConfigKeys (ConfUtils.java:logGet(43)) - raft.server.leader.election.timeout = 120s (custom)
2019-08-21 11:13:25,397 INFO  server.RaftServerConfigKeys (ConfUtils.java:logGet(43)) - raft.server.log.appender.buffer.byte-limit = 33554432 (custom)
2019-08-21 11:13:25,397 INFO  server.RaftServerConfigKeys (ConfUtils.java:logGet(43)) - raft.server.log.purge.gap = 1000000000 (custom)
2019-08-21 11:13:25,397 INFO  server.RaftServerConfigKeys (ConfUtils.java:logGet(43)) - raft.server.log.segment.size.max = 1048576 (custom)
2019-08-21 11:13:25,397 INFO  server.RaftServerConfigKeys (ConfUtils.java:logGet(43)) - raft.server.log.use.memory = false (default)
2019-08-21 11:13:25,397 INFO  server.RaftServerConfigKeys (ConfUtils.java:logGet(43)) - raft.server.log.segment.cache.num.max = 2 (custom)
2019-08-21 11:13:25,397 INFO  server.RaftServerConfigKeys (ConfUtils.java:logGet(43)) - raft.server.log.appender.buffer.byte-limit = 33554432 (custom)
2019-08-21 11:13:25,398 INFO  segmented.SegmentedRaftLogWorker (SegmentedRaftLogWorker.java:<init>(172)) - new 4aaaa6c1-be5d-43d3-9a54-917d685c11d8-SegmentedRaftLogWorker:Storage Directory /workdir/hadoop-ozone/integration-test/target/test-dir/MiniOzoneClusterImpl-fd2c8ee2-9f6a-4233-95b1-3a272b0e72d4/datanode-5/data/ratis/126ec7d6-4c97-4fe0-96cf-65b9b491dd89 for RaftStorage:Storage Directory /workdir/hadoop-ozone/integration-test/target/test-dir/MiniOzoneClusterImpl-fd2c8ee2-9f6a-4233-95b1-3a272b0e72d4/datanode-5/data/ratis/126ec7d6-4c97-4fe0-96cf-65b9b491dd89
2019-08-21 11:13:25,397 INFO  server.RaftServerConfigKeys (ConfUtils.java:logGet(43)) - raft.server.log.purge.gap = 1000000000 (custom)
2019-08-21 11:13:25,398 INFO  server.RaftServerConfigKeys (ConfUtils.java:logGet(43)) - raft.server.log.queue.byte-limit = 2147483647 (custom)
2019-08-21 11:13:25,398 INFO  server.RaftServerConfigKeys (ConfUtils.java:logGet(43)) - raft.server.log.segment.size.max = 1048576 (custom)
2019-08-21 11:13:25,398 INFO  server.RaftServerConfigKeys (ConfUtils.java:logGet(43)) - raft.server.log.queue.element-limit = 1024 (custom)
2019-08-21 11:13:25,398 INFO  server.RaftServerConfigKeys (ConfUtils.java:logGet(43)) - raft.server.log.appender.buffer.byte-limit = 33554432 (custom)
2019-08-21 11:13:25,398 INFO  server.RaftServerConfigKeys (ConfUtils.java:logGet(43)) - raft.server.log.segment.size.max = 1048576 (custom)
2019-08-21 11:13:25,398 INFO  server.RaftServerConfigKeys (ConfUtils.java:logGet(43)) - raft.server.log.segment.cache.num.max = 2 (custom)
2019-08-21 11:13:25,398 INFO  server.RaftServerConfigKeys (ConfUtils.java:logGet(43)) - raft.server.log.preallocated.size = 16384 (custom)
2019-08-21 11:13:25,398 INFO  server.RaftServerConfigKeys (ConfUtils.java:logGet(43)) - raft.server.log.segment.size.max = 1048576 (custom)
2019-08-21 11:13:25,399 INFO  server.RaftServerConfigKeys (ConfUtils.java:logGet(43)) - raft.server.log.write.buffer.size = 33554432 (custom)
2019-08-21 11:13:25,399 INFO  segmented.SegmentedRaftLogWorker (SegmentedRaftLogWorker.java:<init>(172)) - new db318067-d3f5-4ab3-abac-7c7df7ddf1ca-SegmentedRaftLogWorker:Storage Directory /workdir/hadoop-ozone/integration-test/target/test-dir/MiniOzoneClusterImpl-fd2c8ee2-9f6a-4233-95b1-3a272b0e72d4/datanode-4/data/ratis/126ec7d6-4c97-4fe0-96cf-65b9b491dd89 for RaftStorage:Storage Directory /workdir/hadoop-ozone/integration-test/target/test-dir/MiniOzoneClusterImpl-fd2c8ee2-9f6a-4233-95b1-3a272b0e72d4/datanode-4/data/ratis/126ec7d6-4c97-4fe0-96cf-65b9b491dd89
2019-08-21 11:13:25,399 INFO  server.RaftServerConfigKeys (ConfUtils.java:logGet(43)) - raft.server.log.force.sync.num = 128 (default)
2019-08-21 11:13:25,399 INFO  server.RaftServerConfigKeys (ConfUtils.java:logGet(43)) - raft.server.log.segment.cache.num.max = 2 (custom)
2019-08-21 11:13:25,399 INFO  server.RaftServerConfigKeys (ConfUtils.java:logGet(43)) - raft.server.log.statemachine.data.sync = true (default)
2019-08-21 11:13:25,399 INFO  server.RaftServerConfigKeys (ConfUtils.java:logGet(43)) - raft.server.log.queue.byte-limit = 2147483647 (custom)
2019-08-21 11:13:25,399 INFO  server.RaftServerConfigKeys (ConfUtils.java:logGet(43)) - raft.server.log.statemachine.data.sync.timeout = 10s (default)
2019-08-21 11:13:25,399 INFO  segmented.SegmentedRaftLogWorker (SegmentedRaftLogWorker.java:<init>(172)) - new 85e88df0-fd63-491d-9acb-1bd27f180be4-SegmentedRaftLogWorker:Storage Directory /workdir/hadoop-ozone/integration-test/target/test-dir/MiniOzoneClusterImpl-fd2c8ee2-9f6a-4233-95b1-3a272b0e72d4/datanode-3/data/ratis/126ec7d6-4c97-4fe0-96cf-65b9b491dd89 for RaftStorage:Storage Directory /workdir/hadoop-ozone/integration-test/target/test-dir/MiniOzoneClusterImpl-fd2c8ee2-9f6a-4233-95b1-3a272b0e72d4/datanode-3/data/ratis/126ec7d6-4c97-4fe0-96cf-65b9b491dd89
2019-08-21 11:13:25,400 INFO  server.RaftServerConfigKeys (ConfUtils.java:logGet(43)) - raft.server.log.statemachine.data.sync.timeout.retry = -1 (default)
2019-08-21 11:13:25,400 INFO  server.RaftServerConfigKeys (ConfUtils.java:logGet(43)) - raft.server.log.queue.element-limit = 1024 (custom)
2019-08-21 11:13:25,400 INFO  server.RaftServerConfigKeys (ConfUtils.java:logGet(43)) - raft.server.log.statemachine.data.caching.enabled = true (custom)
2019-08-21 11:13:25,400 INFO  server.RaftServerConfigKeys (ConfUtils.java:logGet(43)) - raft.server.log.queue.byte-limit = 2147483647 (custom)
2019-08-21 11:13:25,400 INFO  server.RaftServerConfigKeys (ConfUtils.java:logGet(43)) - raft.server.log.segment.size.max = 1048576 (custom)
2019-08-21 11:13:25,400 INFO  segmented.SegmentedRaftLogWorker (SegmentedRaftLogWorker.java:lambda$new$0(132)) - 4aaaa6c1-be5d-43d3-9a54-917d685c11d8-SegmentedRaftLogWorker:Storage Directory /workdir/hadoop-ozone/integration-test/target/test-dir/MiniOzoneClusterImpl-fd2c8ee2-9f6a-4233-95b1-3a272b0e72d4/datanode-5/data/ratis/126ec7d6-4c97-4fe0-96cf-65b9b491dd89: flushIndex: setUnconditionally 0 -> -1
2019-08-21 11:13:25,400 INFO  server.RaftServerConfigKeys (ConfUtils.java:logGet(43)) - raft.server.log.queue.element-limit = 1024 (custom)
2019-08-21 11:13:25,400 INFO  server.RaftServerConfigKeys (ConfUtils.java:logGet(43)) - raft.server.log.preallocated.size = 16384 (custom)
2019-08-21 11:13:25,401 INFO  server.RaftServerConfigKeys (ConfUtils.java:logGet(43)) - raft.server.snapshot.auto.trigger.enabled = true (custom)
2019-08-21 11:13:25,401 INFO  server.RaftServerConfigKeys (ConfUtils.java:logGet(43)) - raft.server.log.segment.size.max = 1048576 (custom)
2019-08-21 11:13:25,401 INFO  server.RaftServerConfigKeys (ConfUtils.java:logGet(43)) - raft.server.snapshot.auto.trigger.threshold = 10000 (custom)
2019-08-21 11:13:25,401 INFO  server.RaftServerConfigKeys (ConfUtils.java:logGet(43)) - raft.server.log.write.buffer.size = 33554432 (custom)
2019-08-21 11:13:25,401 INFO  server.RaftServerConfigKeys (ConfUtils.java:logGet(43)) - raft.server.retrycache.expirytime = 600000ms (custom)
2019-08-21 11:13:25,401 INFO  server.RaftServerConfigKeys (ConfUtils.java:logGet(43)) - raft.server.log.preallocated.size = 16384 (custom)
2019-08-21 11:13:25,402 INFO  impl.RaftServerImpl (RaftServerImpl.java:start(180)) - 4aaaa6c1-be5d-43d3-9a54-917d685c11d8: start group-65B9B491DD89
2019-08-21 11:13:25,401 INFO  server.RaftServerConfigKeys (ConfUtils.java:logGet(43)) - raft.server.log.force.sync.num = 128 (default)
2019-08-21 11:13:25,402 INFO  impl.RaftServerImpl (RaftServerImpl.java:setRole(171)) - 4aaaa6c1-be5d-43d3-9a54-917d685c11d8:group-65B9B491DD89 changes role from null to FOLLOWER at term 0 for startAsFollower
2019-08-21 11:13:25,402 INFO  server.RaftServerConfigKeys (ConfUtils.java:logGet(43)) - raft.server.log.write.buffer.size = 33554432 (custom)
2019-08-21 11:13:25,402 INFO  impl.RoleInfo (RoleInfo.java:updateAndGet(143)) - 4aaaa6c1-be5d-43d3-9a54-917d685c11d8: start FollowerState
2019-08-21 11:13:25,402 INFO  server.RaftServerConfigKeys (ConfUtils.java:logGet(43)) - raft.server.log.statemachine.data.sync = true (default)
2019-08-21 11:13:25,402 INFO  server.RaftServerConfigKeys (ConfUtils.java:logGet(43)) - raft.server.log.force.sync.num = 128 (default)
2019-08-21 11:13:25,402 INFO  server.RaftServerConfigKeys (ConfUtils.java:logGet(43)) - raft.server.log.statemachine.data.sync.timeout = 10s (default)
2019-08-21 11:13:25,402 INFO  server.RaftServerConfigKeys (ConfUtils.java:logGet(43)) - raft.server.log.statemachine.data.sync = true (default)
2019-08-21 11:13:25,403 INFO  util.JmxRegister (JmxRegister.java:tryRegister(44)) - Successfully registered JMX Bean with object name Ratis:service=RaftServer,group=group-65B9B491DD89,id=4aaaa6c1-be5d-43d3-9a54-917d685c11d8
2019-08-21 11:13:25,403 INFO  server.RaftServerConfigKeys (ConfUtils.java:logGet(43)) - raft.server.log.statemachine.data.sync.timeout.retry = -1 (default)
2019-08-21 11:13:25,403 INFO  server.RaftServerConfigKeys (ConfUtils.java:logGet(43)) - raft.server.log.statemachine.data.sync.timeout = 10s (default)
2019-08-21 11:13:25,403 INFO  server.RaftServerConfigKeys (ConfUtils.java:logGet(43)) - raft.server.log.statemachine.data.caching.enabled = true (custom)
2019-08-21 11:13:25,403 INFO  server.RaftServerConfigKeys (ConfUtils.java:logGet(43)) - raft.server.log.statemachine.data.sync.timeout.retry = -1 (default)
2019-08-21 11:13:25,403 INFO  server.RaftServerConfigKeys (ConfUtils.java:logGet(43)) - raft.server.log.statemachine.data.caching.enabled = true (custom)
2019-08-21 11:13:25,403 INFO  segmented.SegmentedRaftLogWorker (SegmentedRaftLogWorker.java:lambda$new$0(132)) - db318067-d3f5-4ab3-abac-7c7df7ddf1ca-SegmentedRaftLogWorker:Storage Directory /workdir/hadoop-ozone/integration-test/target/test-dir/MiniOzoneClusterImpl-fd2c8ee2-9f6a-4233-95b1-3a272b0e72d4/datanode-4/data/ratis/126ec7d6-4c97-4fe0-96cf-65b9b491dd89: flushIndex: setUnconditionally 0 -> -1
2019-08-21 11:13:25,403 INFO  segmented.SegmentedRaftLogWorker (SegmentedRaftLogWorker.java:lambda$new$0(132)) - 85e88df0-fd63-491d-9acb-1bd27f180be4-SegmentedRaftLogWorker:Storage Directory /workdir/hadoop-ozone/integration-test/target/test-dir/MiniOzoneClusterImpl-fd2c8ee2-9f6a-4233-95b1-3a272b0e72d4/datanode-3/data/ratis/126ec7d6-4c97-4fe0-96cf-65b9b491dd89: flushIndex: setUnconditionally 0 -> -1
2019-08-21 11:13:25,404 INFO  server.RaftServerConfigKeys (ConfUtils.java:logGet(43)) - raft.server.snapshot.auto.trigger.enabled = true (custom)
2019-08-21 11:13:25,404 INFO  server.RaftServerConfigKeys (ConfUtils.java:logGet(43)) - raft.server.snapshot.auto.trigger.enabled = true (custom)
2019-08-21 11:13:25,404 INFO  server.RaftServerConfigKeys (ConfUtils.java:logGet(43)) - raft.server.snapshot.auto.trigger.threshold = 10000 (custom)
2019-08-21 11:13:25,404 INFO  server.RaftServerConfigKeys (ConfUtils.java:logGet(43)) - raft.server.snapshot.auto.trigger.threshold = 10000 (custom)
2019-08-21 11:13:25,404 INFO  server.RaftServerConfigKeys (ConfUtils.java:logGet(43)) - raft.server.retrycache.expirytime = 600000ms (custom)
2019-08-21 11:13:25,408 INFO  server.RaftServerConfigKeys (ConfUtils.java:logGet(43)) - raft.server.retrycache.expirytime = 600000ms (custom)
2019-08-21 11:13:25,408 INFO  impl.RaftServerImpl (RaftServerImpl.java:start(180)) - db318067-d3f5-4ab3-abac-7c7df7ddf1ca: start group-65B9B491DD89
2019-08-21 11:13:25,408 INFO  impl.RaftServerImpl (RaftServerImpl.java:start(180)) - 85e88df0-fd63-491d-9acb-1bd27f180be4: start group-65B9B491DD89
2019-08-21 11:13:25,408 INFO  impl.RaftServerImpl (RaftServerImpl.java:setRole(171)) - db318067-d3f5-4ab3-abac-7c7df7ddf1ca:group-65B9B491DD89 changes role from null to FOLLOWER at term 0 for startAsFollower
2019-08-21 11:13:25,408 INFO  impl.RaftServerImpl (RaftServerImpl.java:setRole(171)) - 85e88df0-fd63-491d-9acb-1bd27f180be4:group-65B9B491DD89 changes role from null to FOLLOWER at term 0 for startAsFollower
2019-08-21 11:13:25,409 INFO  impl.RoleInfo (RoleInfo.java:updateAndGet(143)) - db318067-d3f5-4ab3-abac-7c7df7ddf1ca: start FollowerState
2019-08-21 11:13:25,409 INFO  impl.RoleInfo (RoleInfo.java:updateAndGet(143)) - 85e88df0-fd63-491d-9acb-1bd27f180be4: start FollowerState
2019-08-21 11:13:25,409 INFO  util.JmxRegister (JmxRegister.java:tryRegister(44)) - Successfully registered JMX Bean with object name Ratis:service=RaftServer,group=group-65B9B491DD89,id=db318067-d3f5-4ab3-abac-7c7df7ddf1ca
2019-08-21 11:13:25,409 INFO  util.JmxRegister (JmxRegister.java:tryRegister(44)) - Successfully registered JMX Bean with object name Ratis:service=RaftServer,group=group-65B9B491DD89,id=85e88df0-fd63-491d-9acb-1bd27f180be4
2019-08-21 11:13:25,416 INFO  pipeline.PipelineStateManager (PipelineStateManager.java:addPipeline(56)) - Created pipeline Pipeline[ Id: 126ec7d6-4c97-4fe0-96cf-65b9b491dd89, Nodes: 85e88df0-fd63-491d-9acb-1bd27f180be4{ip: 192.168.34.41, host: pr-hdds-1937-dnpk4-2229529846, networkLocation: /default-rack, certSerialId: null}db318067-d3f5-4ab3-abac-7c7df7ddf1ca{ip: 192.168.34.41, host: pr-hdds-1937-dnpk4-2229529846, networkLocation: /default-rack, certSerialId: null}4aaaa6c1-be5d-43d3-9a54-917d685c11d8{ip: 192.168.34.41, host: pr-hdds-1937-dnpk4-2229529846, networkLocation: /default-rack, certSerialId: null}, Type:RATIS, Factor:THREE, State:OPEN]
2019-08-21 11:13:25,508 INFO  net.NetworkTopology (NetworkTopologyImpl.java:add(110)) - Added a new node: /default-rack/ef1f13fb-5488-4e72-bc68-87594b41d9f4
2019-08-21 11:13:25,509 INFO  node.SCMNodeManager (SCMNodeManager.java:register(273)) - Registered Data node : ef1f13fb-5488-4e72-bc68-87594b41d9f4{ip: 192.168.34.41, host: pr-hdds-1937-dnpk4-2229529846, networkLocation: /default-rack, certSerialId: null}
2019-08-21 11:13:25,512 INFO  ozone.MiniOzoneClusterImpl (MiniOzoneClusterImpl.java:lambda$waitForClusterToBeReady$0(142)) - Cluster is ready. Got 7 of 7 DN Heartbeats.
2019-08-21 11:13:25,529 INFO  impl.RaftServerProxy (RaftServerProxy.java:addNew(89)) - ef1f13fb-5488-4e72-bc68-87594b41d9f4: addNew group-EF5374783EFB:[ef1f13fb-5488-4e72-bc68-87594b41d9f4:192.168.34.41:46745] returns group-EF5374783EFB:java.util.concurrent.CompletableFuture@6fea10dd[Not completed]
2019-08-21 11:13:25,553 INFO  impl.RaftServerImpl (RaftServerImpl.java:<init>(93)) - ef1f13fb-5488-4e72-bc68-87594b41d9f4: new RaftServerImpl for group-EF5374783EFB:[ef1f13fb-5488-4e72-bc68-87594b41d9f4:192.168.34.41:46745] with ContainerStateMachine:uninitialized
2019-08-21 11:13:25,556 INFO  server.RaftServerConfigKeys (ConfUtils.java:logGet(43)) - raft.server.rpc.timeout.min = 5s (custom)
2019-08-21 11:13:25,556 INFO  server.RaftServerConfigKeys (ConfUtils.java:logGet(43)) - raft.server.rpc.timeout.max = 5200ms (custom)
2019-08-21 11:13:25,556 INFO  server.RaftServerConfigKeys (ConfUtils.java:logGet(43)) - raft.server.rpcslowness.timeout = 120s (custom)
2019-08-21 11:13:25,556 INFO  server.RaftServerConfigKeys (ConfUtils.java:logGet(43)) - raft.server.sleep.deviation.threshold = 300 (default)
2019-08-21 11:13:25,557 INFO  server.RaftServerConfigKeys (ConfUtils.java:logGet(43)) - raft.server.log.appender.install.snapshot.enabled = false (custom)
2019-08-21 11:13:25,557 INFO  impl.RaftServerImpl (ServerState.java:<init>(105)) - ef1f13fb-5488-4e72-bc68-87594b41d9f4:group-EF5374783EFB ConfigurationManager, init=-1: [ef1f13fb-5488-4e72-bc68-87594b41d9f4:192.168.34.41:46745], old=null, confs=<EMPTY_MAP>
2019-08-21 11:13:25,557 INFO  server.RaftServerConfigKeys (ConfUtils.java:logGet(43)) - raft.server.storage.dir = [/workdir/hadoop-ozone/integration-test/target/test-dir/MiniOzoneClusterImpl-fd2c8ee2-9f6a-4233-95b1-3a272b0e72d4/datanode-6/data/ratis] (custom)
2019-08-21 11:13:25,562 INFO  storage.RaftStorageDirectory (RaftStorageDirectory.java:analyzeStorage(246)) - The storage directory /workdir/hadoop-ozone/integration-test/target/test-dir/MiniOzoneClusterImpl-fd2c8ee2-9f6a-4233-95b1-3a272b0e72d4/datanode-6/data/ratis/7480be7b-80e5-4ece-bdbc-ef5374783efb does not exist. Creating ...
2019-08-21 11:13:25,563 INFO  rpc.RpcClient (RpcClient.java:createVolume(292)) - Creating Volume: watchforcommithandlingtest, with jenkins1000 as owner.
2019-08-21 11:13:25,575 INFO  rpc.RpcClient (RpcClient.java:createBucket(429)) - Creating Bucket: watchforcommithandlingtest/watchforcommithandlingtest, with Versioning false and Storage Type set to DISK and Encryption set to false 
2019-08-21 11:13:25,575 INFO  storage.RaftStorageDirectory (RaftStorageDirectory.java:tryLock(328)) - Lock on /workdir/hadoop-ozone/integration-test/target/test-dir/MiniOzoneClusterImpl-fd2c8ee2-9f6a-4233-95b1-3a272b0e72d4/datanode-6/data/ratis/7480be7b-80e5-4ece-bdbc-ef5374783efb/in_use.lock acquired by nodename 26177@pr-hdds-1937-dnpk4-2229529846
2019-08-21 11:13:25,579 INFO  ozone.MiniOzoneClusterImpl (MiniOzoneClusterImpl.java:getStorageContainerLocationClient(241)) - Creating StorageContainerLocationProtocol RPC client with address /0.0.0.0:37195
2019-08-21 11:13:25,589 INFO  storage.RaftStorage (RaftStorage.java:format(72)) - Storage directory /workdir/hadoop-ozone/integration-test/target/test-dir/MiniOzoneClusterImpl-fd2c8ee2-9f6a-4233-95b1-3a272b0e72d4/datanode-6/data/ratis/7480be7b-80e5-4ece-bdbc-ef5374783efb has been successfully formatted.
2019-08-21 11:13:25,589 INFO  ratis.ContainerStateMachine (ContainerStateMachine.java:loadSnapshot(222)) - group-EF5374783EFB: The snapshot info is null. Setting the last applied indexto:(t:0, i:~)
2019-08-21 11:13:25,589 INFO  server.RaftServerConfigKeys (ConfUtils.java:logGet(43)) - raft.server.leader.election.timeout = 120s (custom)
2019-08-21 11:13:25,589 INFO  server.RaftServerConfigKeys (ConfUtils.java:logGet(43)) - raft.server.log.use.memory = false (default)
2019-08-21 11:13:25,589 INFO  server.RaftServerConfigKeys (ConfUtils.java:logGet(43)) - raft.server.log.purge.gap = 1000000000 (custom)
2019-08-21 11:13:25,589 INFO  server.RaftServerConfigKeys (ConfUtils.java:logGet(43)) - raft.server.log.appender.buffer.byte-limit = 33554432 (custom)
2019-08-21 11:13:25,590 INFO  server.RaftServerConfigKeys (ConfUtils.java:logGet(43)) - raft.server.log.segment.size.max = 1048576 (custom)
2019-08-21 11:13:25,590 INFO  server.RaftServerConfigKeys (ConfUtils.java:logGet(43)) - raft.server.log.segment.cache.num.max = 2 (custom)
2019-08-21 11:13:25,590 INFO  segmented.SegmentedRaftLogWorker (SegmentedRaftLogWorker.java:<init>(172)) - new ef1f13fb-5488-4e72-bc68-87594b41d9f4-SegmentedRaftLogWorker:Storage Directory /workdir/hadoop-ozone/integration-test/target/test-dir/MiniOzoneClusterImpl-fd2c8ee2-9f6a-4233-95b1-3a272b0e72d4/datanode-6/data/ratis/7480be7b-80e5-4ece-bdbc-ef5374783efb for RaftStorage:Storage Directory /workdir/hadoop-ozone/integration-test/target/test-dir/MiniOzoneClusterImpl-fd2c8ee2-9f6a-4233-95b1-3a272b0e72d4/datanode-6/data/ratis/7480be7b-80e5-4ece-bdbc-ef5374783efb
2019-08-21 11:13:25,590 INFO  server.RaftServerConfigKeys (ConfUtils.java:logGet(43)) - raft.server.log.queue.byte-limit = 2147483647 (custom)
2019-08-21 11:13:25,590 INFO  server.RaftServerConfigKeys (ConfUtils.java:logGet(43)) - raft.server.log.queue.element-limit = 1024 (custom)
2019-08-21 11:13:25,590 INFO  server.RaftServerConfigKeys (ConfUtils.java:logGet(43)) - raft.server.log.segment.size.max = 1048576 (custom)
2019-08-21 11:13:25,590 INFO  server.RaftServerConfigKeys (ConfUtils.java:logGet(43)) - raft.server.log.preallocated.size = 16384 (custom)
2019-08-21 11:13:25,590 INFO  server.RaftServerConfigKeys (ConfUtils.java:logGet(43)) - raft.server.log.write.buffer.size = 33554432 (custom)
2019-08-21 11:13:25,591 INFO  server.RaftServerConfigKeys (ConfUtils.java:logGet(43)) - raft.server.log.force.sync.num = 128 (default)
2019-08-21 11:13:25,591 INFO  server.RaftServerConfigKeys (ConfUtils.java:logGet(43)) - raft.server.log.statemachine.data.sync = true (default)
2019-08-21 11:13:25,591 INFO  server.RaftServerConfigKeys (ConfUtils.java:logGet(43)) - raft.server.log.statemachine.data.sync.timeout = 10s (default)
2019-08-21 11:13:25,591 INFO  server.RaftServerConfigKeys (ConfUtils.java:logGet(43)) - raft.server.log.statemachine.data.sync.timeout.retry = -1 (default)
2019-08-21 11:13:25,591 INFO  server.RaftServerConfigKeys (ConfUtils.java:logGet(43)) - raft.server.log.statemachine.data.caching.enabled = true (custom)
2019-08-21 11:13:25,591 INFO  segmented.SegmentedRaftLogWorker (SegmentedRaftLogWorker.java:lambda$new$0(132)) - ef1f13fb-5488-4e72-bc68-87594b41d9f4-SegmentedRaftLogWorker:Storage Directory /workdir/hadoop-ozone/integration-test/target/test-dir/MiniOzoneClusterImpl-fd2c8ee2-9f6a-4233-95b1-3a272b0e72d4/datanode-6/data/ratis/7480be7b-80e5-4ece-bdbc-ef5374783efb: flushIndex: setUnconditionally 0 -> -1
2019-08-21 11:13:25,592 INFO  server.RaftServerConfigKeys (ConfUtils.java:logGet(43)) - raft.server.snapshot.auto.trigger.enabled = true (custom)
2019-08-21 11:13:25,592 INFO  server.RaftServerConfigKeys (ConfUtils.java:logGet(43)) - raft.server.snapshot.auto.trigger.threshold = 10000 (custom)
2019-08-21 11:13:25,592 INFO  server.RaftServerConfigKeys (ConfUtils.java:logGet(43)) - raft.server.retrycache.expirytime = 600000ms (custom)
2019-08-21 11:13:25,592 INFO  impl.RaftServerImpl (RaftServerImpl.java:start(180)) - ef1f13fb-5488-4e72-bc68-87594b41d9f4: start group-EF5374783EFB
2019-08-21 11:13:25,592 INFO  impl.RaftServerImpl (RaftServerImpl.java:setRole(171)) - ef1f13fb-5488-4e72-bc68-87594b41d9f4:group-EF5374783EFB changes role from null to FOLLOWER at term 0 for startAsFollower
2019-08-21 11:13:25,592 INFO  impl.RoleInfo (RoleInfo.java:updateAndGet(143)) - ef1f13fb-5488-4e72-bc68-87594b41d9f4: start FollowerState
2019-08-21 11:13:25,593 INFO  util.JmxRegister (JmxRegister.java:tryRegister(44)) - Successfully registered JMX Bean with object name Ratis:service=RaftServer,group=group-EF5374783EFB,id=ef1f13fb-5488-4e72-bc68-87594b41d9f4
2019-08-21 11:13:25,597 INFO  pipeline.PipelineStateManager (PipelineStateManager.java:addPipeline(56)) - Created pipeline Pipeline[ Id: 7480be7b-80e5-4ece-bdbc-ef5374783efb, Nodes: ef1f13fb-5488-4e72-bc68-87594b41d9f4{ip: 192.168.34.41, host: pr-hdds-1937-dnpk4-2229529846, networkLocation: /default-rack, certSerialId: null}, Type:RATIS, Factor:ONE, State:OPEN]
2019-08-21 11:13:25,622 INFO  client.GrpcClientProtocolClient (GrpcClientProtocolClient.java:onNext(255)) - client-3AE274E6F73C->e1eabadf-1a6d-4a3e-8b12-0cbfd73f6235: receive RaftClientReply:client-3AE274E6F73C->e1eabadf-1a6d-4a3e-8b12-0cbfd73f6235@group-87B83155F175, cid=50, FAILED org.apache.ratis.protocol.NotLeaderException: Server e1eabadf-1a6d-4a3e-8b12-0cbfd73f6235 is not the leader (null). Request must be sent to leader., logIndex=0, commits[e1eabadf-1a6d-4a3e-8b12-0cbfd73f6235:c-1]
2019-08-21 11:13:26,653 INFO  client.GrpcClientProtocolClient (GrpcClientProtocolClient.java:onNext(255)) - client-3AE274E6F73C->8703c04e-fd07-4d69-8fa0-282abe3b7659: receive RaftClientReply:client-3AE274E6F73C->8703c04e-fd07-4d69-8fa0-282abe3b7659@group-87B83155F175, cid=50, FAILED org.apache.ratis.protocol.NotLeaderException: Server 8703c04e-fd07-4d69-8fa0-282abe3b7659 is not the leader (null). Request must be sent to leader., logIndex=0, commits[8703c04e-fd07-4d69-8fa0-282abe3b7659:c-1]
2019-08-21 11:13:27,025 INFO  container.ReplicationManager (ReplicationManager.java:start(155)) - Starting Replication Monitor Thread.
2019-08-21 11:13:27,028 INFO  container.ReplicationManager (ReplicationManager.java:run(207)) - Replication Monitor Thread took 0 milliseconds for processing 1 containers.
2019-08-21 11:13:27,674 INFO  client.GrpcClientProtocolClient (GrpcClientProtocolClient.java:onNext(255)) - client-3AE274E6F73C->677c14b8-4d5e-43d4-9055-16cf4eb28bea: receive RaftClientReply:client-3AE274E6F73C->677c14b8-4d5e-43d4-9055-16cf4eb28bea@group-87B83155F175, cid=50, FAILED org.apache.ratis.protocol.NotLeaderException: Server 677c14b8-4d5e-43d4-9055-16cf4eb28bea is not the leader (null). Request must be sent to leader., logIndex=0, commits[677c14b8-4d5e-43d4-9055-16cf4eb28bea:c-1]
2019-08-21 11:13:28,693 INFO  client.GrpcClientProtocolClient (GrpcClientProtocolClient.java:onNext(255)) - client-3AE274E6F73C->8703c04e-fd07-4d69-8fa0-282abe3b7659: receive RaftClientReply:client-3AE274E6F73C->8703c04e-fd07-4d69-8fa0-282abe3b7659@group-87B83155F175, cid=50, FAILED org.apache.ratis.protocol.NotLeaderException: Server 8703c04e-fd07-4d69-8fa0-282abe3b7659 is not the leader (null). Request must be sent to leader., logIndex=0, commits[8703c04e-fd07-4d69-8fa0-282abe3b7659:c-1]
2019-08-21 11:13:29,174 INFO  impl.FollowerState (FollowerState.java:run(106)) - 8703c04e-fd07-4d69-8fa0-282abe3b7659:group-21EEDA8A72E1 changes to CANDIDATE, lastRpcTime:5096, electionTimeout:5096ms
2019-08-21 11:13:29,174 INFO  impl.RoleInfo (RoleInfo.java:shutdownFollowerState(121)) - 8703c04e-fd07-4d69-8fa0-282abe3b7659: shutdown FollowerState
2019-08-21 11:13:29,174 INFO  impl.RaftServerImpl (RaftServerImpl.java:setRole(171)) - 8703c04e-fd07-4d69-8fa0-282abe3b7659:group-21EEDA8A72E1 changes role from FOLLOWER to CANDIDATE at term 0 for changeToCandidate
2019-08-21 11:13:29,174 INFO  impl.RoleInfo (RoleInfo.java:updateAndGet(143)) - 8703c04e-fd07-4d69-8fa0-282abe3b7659: start LeaderElection
2019-08-21 11:13:29,199 INFO  impl.LeaderElection (LeaderElection.java:askForVotes(181)) - 8703c04e-fd07-4d69-8fa0-282abe3b7659:group-21EEDA8A72E1:LeaderElection37: begin an election at term 1 for -1: [8703c04e-fd07-4d69-8fa0-282abe3b7659:192.168.34.41:44129], old=null
2019-08-21 11:13:29,199 INFO  impl.RoleInfo (RoleInfo.java:shutdownLeaderElection(134)) - 8703c04e-fd07-4d69-8fa0-282abe3b7659: shutdown LeaderElection
2019-08-21 11:13:29,199 INFO  impl.RaftServerImpl (RaftServerImpl.java:setRole(171)) - 8703c04e-fd07-4d69-8fa0-282abe3b7659:group-21EEDA8A72E1 changes role from CANDIDATE to LEADER at term 1 for changeToLeader
2019-08-21 11:13:29,199 INFO  impl.RaftServerImpl (ServerState.java:setLeader(263)) - 8703c04e-fd07-4d69-8fa0-282abe3b7659:group-21EEDA8A72E1 change Leader from null to 8703c04e-fd07-4d69-8fa0-282abe3b7659 at term 1 for becomeLeader, leader elected after 5126ms
2019-08-21 11:13:29,202 INFO  server.RaftServerConfigKeys (ConfUtils.java:logGet(43)) - raft.server.staging.catchup.gap = 1000 (default)
2019-08-21 11:13:29,202 INFO  server.RaftServerConfigKeys (ConfUtils.java:logGet(43)) - raft.server.rpc.sleep.time = 25ms (default)
2019-08-21 11:13:29,202 INFO  server.RaftServerConfigKeys (ConfUtils.java:logGet(43)) - raft.server.write.element-limit = 4096 (default)
2019-08-21 11:13:29,203 INFO  server.RaftServerConfigKeys (ConfUtils.java:logGet(43)) - raft.server.watch.timeout = 10s (default)
2019-08-21 11:13:29,203 INFO  server.RaftServerConfigKeys (ConfUtils.java:logGet(43)) - raft.server.watch.timeout.denomination = 1s (default)
2019-08-21 11:13:29,203 INFO  server.RaftServerConfigKeys (ConfUtils.java:logGet(43)) - raft.server.watch.element-limit = 65536 (default)
2019-08-21 11:13:29,204 INFO  impl.RoleInfo (RoleInfo.java:updateAndGet(143)) - 8703c04e-fd07-4d69-8fa0-282abe3b7659: start LeaderState
2019-08-21 11:13:29,204 INFO  segmented.SegmentedRaftLogWorker (SegmentedRaftLogWorker.java:startLogSegment(380)) - 8703c04e-fd07-4d69-8fa0-282abe3b7659-SegmentedRaftLogWorker:Storage Directory /workdir/hadoop-ozone/integration-test/target/test-dir/MiniOzoneClusterImpl-fd2c8ee2-9f6a-4233-95b1-3a272b0e72d4/datanode-0/data/ratis/e9321fb7-0bbf-4834-b29a-21eeda8a72e1: Starting segment from index:0
2019-08-21 11:13:29,205 INFO  impl.RaftServerImpl (ServerState.java:setRaftConf(361)) - 8703c04e-fd07-4d69-8fa0-282abe3b7659:group-21EEDA8A72E1 set configuration 0: [8703c04e-fd07-4d69-8fa0-282abe3b7659:192.168.34.41:44129], old=null at 0
2019-08-21 11:13:29,252 INFO  segmented.SegmentedRaftLogWorker (SegmentedRaftLogWorker.java:execute(569)) - 8703c04e-fd07-4d69-8fa0-282abe3b7659-SegmentedRaftLogWorker:Storage Directory /workdir/hadoop-ozone/integration-test/target/test-dir/MiniOzoneClusterImpl-fd2c8ee2-9f6a-4233-95b1-3a272b0e72d4/datanode-0/data/ratis/e9321fb7-0bbf-4834-b29a-21eeda8a72e1: created new log segment /workdir/hadoop-ozone/integration-test/target/test-dir/MiniOzoneClusterImpl-fd2c8ee2-9f6a-4233-95b1-3a272b0e72d4/datanode-0/data/ratis/e9321fb7-0bbf-4834-b29a-21eeda8a72e1/current/log_inprogress_0
2019-08-21 11:13:29,459 INFO  impl.FollowerState (FollowerState.java:run(106)) - 677c14b8-4d5e-43d4-9055-16cf4eb28bea:group-9399BC233517 changes to CANDIDATE, lastRpcTime:5183, electionTimeout:5183ms
2019-08-21 11:13:29,459 INFO  impl.RoleInfo (RoleInfo.java:shutdownFollowerState(121)) - 677c14b8-4d5e-43d4-9055-16cf4eb28bea: shutdown FollowerState
2019-08-21 11:13:29,459 INFO  impl.RaftServerImpl (RaftServerImpl.java:setRole(171)) - 677c14b8-4d5e-43d4-9055-16cf4eb28bea:group-9399BC233517 changes role from FOLLOWER to CANDIDATE at term 0 for changeToCandidate
2019-08-21 11:13:29,459 INFO  impl.RoleInfo (RoleInfo.java:updateAndGet(143)) - 677c14b8-4d5e-43d4-9055-16cf4eb28bea: start LeaderElection
2019-08-21 11:13:29,481 INFO  impl.LeaderElection (LeaderElection.java:askForVotes(181)) - 677c14b8-4d5e-43d4-9055-16cf4eb28bea:group-9399BC233517:LeaderElection38: begin an election at term 1 for -1: [677c14b8-4d5e-43d4-9055-16cf4eb28bea:192.168.34.41:45640], old=null
2019-08-21 11:13:29,481 INFO  impl.RoleInfo (RoleInfo.java:shutdownLeaderElection(134)) - 677c14b8-4d5e-43d4-9055-16cf4eb28bea: shutdown LeaderElection
2019-08-21 11:13:29,481 INFO  impl.RaftServerImpl (RaftServerImpl.java:setRole(171)) - 677c14b8-4d5e-43d4-9055-16cf4eb28bea:group-9399BC233517 changes role from CANDIDATE to LEADER at term 1 for changeToLeader
2019-08-21 11:13:29,482 INFO  impl.RaftServerImpl (ServerState.java:setLeader(263)) - 677c14b8-4d5e-43d4-9055-16cf4eb28bea:group-9399BC233517 change Leader from null to 677c14b8-4d5e-43d4-9055-16cf4eb28bea at term 1 for becomeLeader, leader elected after 5210ms
2019-08-21 11:13:29,484 INFO  server.RaftServerConfigKeys (ConfUtils.java:logGet(43)) - raft.server.staging.catchup.gap = 1000 (default)
2019-08-21 11:13:29,484 INFO  server.RaftServerConfigKeys (ConfUtils.java:logGet(43)) - raft.server.rpc.sleep.time = 25ms (default)
2019-08-21 11:13:29,484 INFO  server.RaftServerConfigKeys (ConfUtils.java:logGet(43)) - raft.server.write.element-limit = 4096 (default)
2019-08-21 11:13:29,484 INFO  server.RaftServerConfigKeys (ConfUtils.java:logGet(43)) - raft.server.watch.timeout = 10s (default)
2019-08-21 11:13:29,485 INFO  server.RaftServerConfigKeys (ConfUtils.java:logGet(43)) - raft.server.watch.timeout.denomination = 1s (default)
2019-08-21 11:13:29,485 INFO  server.RaftServerConfigKeys (ConfUtils.java:logGet(43)) - raft.server.watch.element-limit = 65536 (default)
2019-08-21 11:13:29,485 INFO  impl.RoleInfo (RoleInfo.java:updateAndGet(143)) - 677c14b8-4d5e-43d4-9055-16cf4eb28bea: start LeaderState
2019-08-21 11:13:29,485 INFO  segmented.SegmentedRaftLogWorker (SegmentedRaftLogWorker.java:startLogSegment(380)) - 677c14b8-4d5e-43d4-9055-16cf4eb28bea-SegmentedRaftLogWorker:Storage Directory /workdir/hadoop-ozone/integration-test/target/test-dir/MiniOzoneClusterImpl-fd2c8ee2-9f6a-4233-95b1-3a272b0e72d4/datanode-1/data/ratis/c670cf78-d271-4432-9fed-9399bc233517: Starting segment from index:0
2019-08-21 11:13:29,486 INFO  impl.RaftServerImpl (ServerState.java:setRaftConf(361)) - 677c14b8-4d5e-43d4-9055-16cf4eb28bea:group-9399BC233517 set configuration 0: [677c14b8-4d5e-43d4-9055-16cf4eb28bea:192.168.34.41:45640], old=null at 0
2019-08-21 11:13:29,533 INFO  segmented.SegmentedRaftLogWorker (SegmentedRaftLogWorker.java:execute(569)) - 677c14b8-4d5e-43d4-9055-16cf4eb28bea-SegmentedRaftLogWorker:Storage Directory /workdir/hadoop-ozone/integration-test/target/test-dir/MiniOzoneClusterImpl-fd2c8ee2-9f6a-4233-95b1-3a272b0e72d4/datanode-1/data/ratis/c670cf78-d271-4432-9fed-9399bc233517: created new log segment /workdir/hadoop-ozone/integration-test/target/test-dir/MiniOzoneClusterImpl-fd2c8ee2-9f6a-4233-95b1-3a272b0e72d4/datanode-1/data/ratis/c670cf78-d271-4432-9fed-9399bc233517/current/log_inprogress_0
2019-08-21 11:13:29,551 INFO  impl.FollowerState (FollowerState.java:run(106)) - e1eabadf-1a6d-4a3e-8b12-0cbfd73f6235:group-DFF953E58477 changes to CANDIDATE, lastRpcTime:5064, electionTimeout:5064ms
2019-08-21 11:13:29,551 INFO  impl.RoleInfo (RoleInfo.java:shutdownFollowerState(121)) - e1eabadf-1a6d-4a3e-8b12-0cbfd73f6235: shutdown FollowerState
2019-08-21 11:13:29,552 INFO  impl.RaftServerImpl (RaftServerImpl.java:setRole(171)) - e1eabadf-1a6d-4a3e-8b12-0cbfd73f6235:group-DFF953E58477 changes role from FOLLOWER to CANDIDATE at term 0 for changeToCandidate
2019-08-21 11:13:29,552 INFO  impl.RoleInfo (RoleInfo.java:updateAndGet(143)) - e1eabadf-1a6d-4a3e-8b12-0cbfd73f6235: start LeaderElection
2019-08-21 11:13:29,561 INFO  impl.FollowerState (FollowerState.java:run(106)) - e1eabadf-1a6d-4a3e-8b12-0cbfd73f6235:group-87B83155F175 changes to CANDIDATE, lastRpcTime:5007, electionTimeout:5005ms
2019-08-21 11:13:29,561 INFO  impl.RoleInfo (RoleInfo.java:shutdownFollowerState(121)) - e1eabadf-1a6d-4a3e-8b12-0cbfd73f6235: shutdown FollowerState
2019-08-21 11:13:29,561 INFO  impl.RaftServerImpl (RaftServerImpl.java:setRole(171)) - e1eabadf-1a6d-4a3e-8b12-0cbfd73f6235:group-87B83155F175 changes role from FOLLOWER to CANDIDATE at term 0 for changeToCandidate
2019-08-21 11:13:29,561 INFO  impl.RoleInfo (RoleInfo.java:updateAndGet(143)) - e1eabadf-1a6d-4a3e-8b12-0cbfd73f6235: start LeaderElection
2019-08-21 11:13:29,574 INFO  impl.LeaderElection (LeaderElection.java:askForVotes(181)) - e1eabadf-1a6d-4a3e-8b12-0cbfd73f6235:group-87B83155F175:LeaderElection40: begin an election at term 1 for -1: [677c14b8-4d5e-43d4-9055-16cf4eb28bea:192.168.34.41:45640, 8703c04e-fd07-4d69-8fa0-282abe3b7659:192.168.34.41:44129, e1eabadf-1a6d-4a3e-8b12-0cbfd73f6235:192.168.34.41:44394], old=null
2019-08-21 11:13:29,574 INFO  impl.LeaderElection (LeaderElection.java:askForVotes(181)) - e1eabadf-1a6d-4a3e-8b12-0cbfd73f6235:group-DFF953E58477:LeaderElection39: begin an election at term 1 for -1: [e1eabadf-1a6d-4a3e-8b12-0cbfd73f6235:192.168.34.41:44394], old=null
2019-08-21 11:13:29,575 INFO  impl.RoleInfo (RoleInfo.java:shutdownLeaderElection(134)) - e1eabadf-1a6d-4a3e-8b12-0cbfd73f6235: shutdown LeaderElection
2019-08-21 11:13:29,575 INFO  impl.RaftServerImpl (RaftServerImpl.java:setRole(171)) - e1eabadf-1a6d-4a3e-8b12-0cbfd73f6235:group-DFF953E58477 changes role from CANDIDATE to LEADER at term 1 for changeToLeader
2019-08-21 11:13:29,575 INFO  impl.RaftServerImpl (ServerState.java:setLeader(263)) - e1eabadf-1a6d-4a3e-8b12-0cbfd73f6235:group-DFF953E58477 change Leader from null to e1eabadf-1a6d-4a3e-8b12-0cbfd73f6235 at term 1 for becomeLeader, leader elected after 5092ms
2019-08-21 11:13:29,577 INFO  server.RaftServerConfigKeys (ConfUtils.java:logGet(43)) - raft.server.staging.catchup.gap = 1000 (default)
2019-08-21 11:13:29,578 INFO  server.RaftServerConfigKeys (ConfUtils.java:logGet(43)) - raft.server.rpc.sleep.time = 25ms (default)
2019-08-21 11:13:29,578 INFO  server.RaftServerConfigKeys (ConfUtils.java:logGet(43)) - raft.server.write.element-limit = 4096 (default)
2019-08-21 11:13:29,578 INFO  server.RaftServerConfigKeys (ConfUtils.java:logGet(43)) - raft.server.watch.timeout = 10s (default)
2019-08-21 11:13:29,578 INFO  server.RaftServerConfigKeys (ConfUtils.java:logGet(43)) - raft.server.watch.timeout.denomination = 1s (default)
2019-08-21 11:13:29,578 INFO  server.RaftServerConfigKeys (ConfUtils.java:logGet(43)) - raft.server.watch.element-limit = 65536 (default)
2019-08-21 11:13:29,578 INFO  impl.RoleInfo (RoleInfo.java:updateAndGet(143)) - e1eabadf-1a6d-4a3e-8b12-0cbfd73f6235: start LeaderState
2019-08-21 11:13:29,579 INFO  segmented.SegmentedRaftLogWorker (SegmentedRaftLogWorker.java:startLogSegment(380)) - e1eabadf-1a6d-4a3e-8b12-0cbfd73f6235-SegmentedRaftLogWorker:Storage Directory /workdir/hadoop-ozone/integration-test/target/test-dir/MiniOzoneClusterImpl-fd2c8ee2-9f6a-4233-95b1-3a272b0e72d4/datanode-2/data/ratis/53050ede-411f-4e9f-879b-dff953e58477: Starting segment from index:0
2019-08-21 11:13:29,579 INFO  impl.RaftServerImpl (ServerState.java:setRaftConf(361)) - e1eabadf-1a6d-4a3e-8b12-0cbfd73f6235:group-DFF953E58477 set configuration 0: [e1eabadf-1a6d-4a3e-8b12-0cbfd73f6235:192.168.34.41:44394], old=null at 0
2019-08-21 11:13:29,616 INFO  impl.FollowerState (FollowerState.java:run(106)) - 677c14b8-4d5e-43d4-9055-16cf4eb28bea:group-87B83155F175 changes to CANDIDATE, lastRpcTime:5064, electionTimeout:5048ms
2019-08-21 11:13:29,620 INFO  impl.RoleInfo (RoleInfo.java:shutdownFollowerState(121)) - 677c14b8-4d5e-43d4-9055-16cf4eb28bea: shutdown FollowerState
2019-08-21 11:13:29,620 INFO  impl.RaftServerImpl (RaftServerImpl.java:setRole(171)) - 8703c04e-fd07-4d69-8fa0-282abe3b7659:group-87B83155F175 changes role from FOLLOWER to FOLLOWER at term 1 for recognizeCandidate:e1eabadf-1a6d-4a3e-8b12-0cbfd73f6235
2019-08-21 11:13:29,620 INFO  impl.RaftServerImpl (RaftServerImpl.java:setRole(171)) - 677c14b8-4d5e-43d4-9055-16cf4eb28bea:group-87B83155F175 changes role from FOLLOWER to CANDIDATE at term 0 for changeToCandidate
2019-08-21 11:13:29,620 INFO  impl.RoleInfo (RoleInfo.java:shutdownFollowerState(121)) - 8703c04e-fd07-4d69-8fa0-282abe3b7659: shutdown FollowerState
2019-08-21 11:13:29,621 INFO  impl.RoleInfo (RoleInfo.java:updateAndGet(143)) - 677c14b8-4d5e-43d4-9055-16cf4eb28bea: start LeaderElection
2019-08-21 11:13:29,621 INFO  impl.RoleInfo (RoleInfo.java:updateAndGet(143)) - 8703c04e-fd07-4d69-8fa0-282abe3b7659: start FollowerState
2019-08-21 11:13:29,621 INFO  impl.FollowerState (FollowerState.java:run(114)) - 8703c04e-fd07-4d69-8fa0-282abe3b7659: FollowerState was interrupted: java.lang.InterruptedException: sleep interrupted
2019-08-21 11:13:29,621 INFO  impl.RaftServerImpl (RaftServerImpl.java:setRole(171)) - 677c14b8-4d5e-43d4-9055-16cf4eb28bea:group-87B83155F175 changes role from CANDIDATE to FOLLOWER at term 1 for recognizeCandidate:e1eabadf-1a6d-4a3e-8b12-0cbfd73f6235
2019-08-21 11:13:29,625 INFO  impl.RoleInfo (RoleInfo.java:shutdownLeaderElection(134)) - 677c14b8-4d5e-43d4-9055-16cf4eb28bea: shutdown LeaderElection
2019-08-21 11:13:29,625 INFO  impl.RoleInfo (RoleInfo.java:updateAndGet(143)) - 677c14b8-4d5e-43d4-9055-16cf4eb28bea: start FollowerState
2019-08-21 11:13:29,630 INFO  segmented.SegmentedRaftLogWorker (SegmentedRaftLogWorker.java:execute(569)) - e1eabadf-1a6d-4a3e-8b12-0cbfd73f6235-SegmentedRaftLogWorker:Storage Directory /workdir/hadoop-ozone/integration-test/target/test-dir/MiniOzoneClusterImpl-fd2c8ee2-9f6a-4233-95b1-3a272b0e72d4/datanode-2/data/ratis/53050ede-411f-4e9f-879b-dff953e58477: created new log segment /workdir/hadoop-ozone/integration-test/target/test-dir/MiniOzoneClusterImpl-fd2c8ee2-9f6a-4233-95b1-3a272b0e72d4/datanode-2/data/ratis/53050ede-411f-4e9f-879b-dff953e58477/current/log_inprogress_0
2019-08-21 11:13:29,637 INFO  impl.LeaderElection (LeaderElection.java:logAndReturn(56)) - e1eabadf-1a6d-4a3e-8b12-0cbfd73f6235:group-87B83155F175:LeaderElection40: Election PASSED; received 1 response(s) [e1eabadf-1a6d-4a3e-8b12-0cbfd73f6235<-8703c04e-fd07-4d69-8fa0-282abe3b7659#0:OK-t1] and 0 exception(s); e1eabadf-1a6d-4a3e-8b12-0cbfd73f6235:t1, leader=null, voted=e1eabadf-1a6d-4a3e-8b12-0cbfd73f6235, raftlog=e1eabadf-1a6d-4a3e-8b12-0cbfd73f6235-SegmentedRaftLog:OPENED:c-1,f-1,i0, conf=-1: [677c14b8-4d5e-43d4-9055-16cf4eb28bea:192.168.34.41:45640, 8703c04e-fd07-4d69-8fa0-282abe3b7659:192.168.34.41:44129, e1eabadf-1a6d-4a3e-8b12-0cbfd73f6235:192.168.34.41:44394], old=null
2019-08-21 11:13:29,637 INFO  impl.RoleInfo (RoleInfo.java:shutdownLeaderElection(134)) - e1eabadf-1a6d-4a3e-8b12-0cbfd73f6235: shutdown LeaderElection
2019-08-21 11:13:29,638 INFO  impl.RaftServerImpl (RaftServerImpl.java:setRole(171)) - e1eabadf-1a6d-4a3e-8b12-0cbfd73f6235:group-87B83155F175 changes role from CANDIDATE to LEADER at term 1 for changeToLeader
2019-08-21 11:13:29,638 INFO  impl.RaftServerImpl (ServerState.java:setLeader(263)) - e1eabadf-1a6d-4a3e-8b12-0cbfd73f6235:group-87B83155F175 change Leader from null to e1eabadf-1a6d-4a3e-8b12-0cbfd73f6235 at term 1 for becomeLeader, leader elected after 5093ms
2019-08-21 11:13:29,638 INFO  server.RaftServerConfigKeys (ConfUtils.java:logGet(43)) - raft.server.staging.catchup.gap = 1000 (default)
2019-08-21 11:13:29,638 INFO  server.RaftServerConfigKeys (ConfUtils.java:logGet(43)) - raft.server.rpc.sleep.time = 25ms (default)
2019-08-21 11:13:29,638 INFO  server.RaftServerConfigKeys (ConfUtils.java:logGet(43)) - raft.server.write.element-limit = 4096 (default)
2019-08-21 11:13:29,638 INFO  server.RaftServerConfigKeys (ConfUtils.java:logGet(43)) - raft.server.watch.timeout = 10s (default)
2019-08-21 11:13:29,639 INFO  server.RaftServerConfigKeys (ConfUtils.java:logGet(43)) - raft.server.watch.timeout.denomination = 1s (default)
2019-08-21 11:13:29,639 INFO  server.RaftServerConfigKeys (ConfUtils.java:logGet(43)) - raft.server.watch.element-limit = 65536 (default)
2019-08-21 11:13:29,639 INFO  server.RaftServerConfigKeys (ConfUtils.java:logGet(43)) - raft.server.log.appender.snapshot.chunk.size.max = 16MB (=16777216) (default)
2019-08-21 11:13:29,639 INFO  server.RaftServerConfigKeys (ConfUtils.java:logGet(43)) - raft.server.log.appender.buffer.byte-limit = 33554432 (custom)
2019-08-21 11:13:29,640 INFO  server.RaftServerConfigKeys (ConfUtils.java:logGet(43)) - raft.server.log.appender.buffer.element-limit = 1 (custom)
2019-08-21 11:13:29,640 INFO  grpc.GrpcConfigKeys$Server (ConfUtils.java:logGet(43)) - raft.grpc.server.leader.outstanding.appends.max = 128 (default)
2019-08-21 11:13:29,640 INFO  server.RaftServerConfigKeys (ConfUtils.java:logGet(43)) - raft.server.rpc.request.timeout = 3000ms (default)
2019-08-21 11:13:29,640 INFO  server.RaftServerConfigKeys (ConfUtils.java:logGet(43)) - raft.server.log.appender.install.snapshot.enabled = false (custom)
2019-08-21 11:13:29,641 INFO  server.RaftServerConfigKeys (ConfUtils.java:logGet(43)) - raft.server.log.appender.snapshot.chunk.size.max = 16MB (=16777216) (default)
2019-08-21 11:13:29,641 INFO  server.RaftServerConfigKeys (ConfUtils.java:logGet(43)) - raft.server.log.appender.buffer.byte-limit = 33554432 (custom)
2019-08-21 11:13:29,641 INFO  server.RaftServerConfigKeys (ConfUtils.java:logGet(43)) - raft.server.log.appender.buffer.element-limit = 1 (custom)
2019-08-21 11:13:29,641 INFO  grpc.GrpcConfigKeys$Server (ConfUtils.java:logGet(43)) - raft.grpc.server.leader.outstanding.appends.max = 128 (default)
2019-08-21 11:13:29,642 INFO  server.RaftServerConfigKeys (ConfUtils.java:logGet(43)) - raft.server.rpc.request.timeout = 3000ms (default)
2019-08-21 11:13:29,642 INFO  server.RaftServerConfigKeys (ConfUtils.java:logGet(43)) - raft.server.log.appender.install.snapshot.enabled = false (custom)
2019-08-21 11:13:29,642 INFO  impl.RoleInfo (RoleInfo.java:updateAndGet(143)) - e1eabadf-1a6d-4a3e-8b12-0cbfd73f6235: start LeaderState
2019-08-21 11:13:29,642 INFO  segmented.SegmentedRaftLogWorker (SegmentedRaftLogWorker.java:startLogSegment(380)) - e1eabadf-1a6d-4a3e-8b12-0cbfd73f6235-SegmentedRaftLogWorker:Storage Directory /workdir/hadoop-ozone/integration-test/target/test-dir/MiniOzoneClusterImpl-fd2c8ee2-9f6a-4233-95b1-3a272b0e72d4/datanode-2/data/ratis/caa11eda-25b1-4a29-837b-87b83155f175: Starting segment from index:0
2019-08-21 11:13:29,643 INFO  impl.RaftServerImpl (ServerState.java:setRaftConf(361)) - e1eabadf-1a6d-4a3e-8b12-0cbfd73f6235:group-87B83155F175 set configuration 0: [677c14b8-4d5e-43d4-9055-16cf4eb28bea:192.168.34.41:45640, 8703c04e-fd07-4d69-8fa0-282abe3b7659:192.168.34.41:44129, e1eabadf-1a6d-4a3e-8b12-0cbfd73f6235:192.168.34.41:44394], old=null at 0
2019-08-21 11:13:29,644 INFO  impl.LeaderElection (LeaderElection.java:askForVotes(181)) - 677c14b8-4d5e-43d4-9055-16cf4eb28bea:group-87B83155F175:LeaderElection41: begin an election at term 2 for -1: [677c14b8-4d5e-43d4-9055-16cf4eb28bea:192.168.34.41:45640, 8703c04e-fd07-4d69-8fa0-282abe3b7659:192.168.34.41:44129, e1eabadf-1a6d-4a3e-8b12-0cbfd73f6235:192.168.34.41:44394], old=null
2019-08-21 11:13:29,645 INFO  impl.LeaderElection (LeaderElection.java:logAndReturn(56)) - 677c14b8-4d5e-43d4-9055-16cf4eb28bea:group-87B83155F175:LeaderElection41: Election REJECTED; received 0 response(s) [] and 0 exception(s); 677c14b8-4d5e-43d4-9055-16cf4eb28bea:t2, leader=null, voted=677c14b8-4d5e-43d4-9055-16cf4eb28bea, raftlog=677c14b8-4d5e-43d4-9055-16cf4eb28bea-SegmentedRaftLog:OPENED:c-1,f-1,i0, conf=-1: [677c14b8-4d5e-43d4-9055-16cf4eb28bea:192.168.34.41:45640, 8703c04e-fd07-4d69-8fa0-282abe3b7659:192.168.34.41:44129, e1eabadf-1a6d-4a3e-8b12-0cbfd73f6235:192.168.34.41:44394], old=null
2019-08-21 11:13:29,645 INFO  impl.RaftServerImpl (ServerState.java:setLeader(263)) - 8703c04e-fd07-4d69-8fa0-282abe3b7659:group-87B83155F175 change Leader from null to e1eabadf-1a6d-4a3e-8b12-0cbfd73f6235 at term 1 for appendEntries, leader elected after 5100ms
2019-08-21 11:13:29,679 INFO  impl.RaftServerImpl (ServerState.java:setLeader(263)) - e1eabadf-1a6d-4a3e-8b12-0cbfd73f6235:group-87B83155F175 change Leader from e1eabadf-1a6d-4a3e-8b12-0cbfd73f6235 to null at term 2 for updateCurrentTerm
2019-08-21 11:13:29,680 INFO  impl.RaftServerImpl (ServerState.java:setRaftConf(361)) - 8703c04e-fd07-4d69-8fa0-282abe3b7659:group-87B83155F175 set configuration 0: [677c14b8-4d5e-43d4-9055-16cf4eb28bea:192.168.34.41:45640, 8703c04e-fd07-4d69-8fa0-282abe3b7659:192.168.34.41:44129, e1eabadf-1a6d-4a3e-8b12-0cbfd73f6235:192.168.34.41:44394], old=null at 0
2019-08-21 11:13:29,680 INFO  impl.RaftServerImpl (RaftServerImpl.java:setRole(171)) - e1eabadf-1a6d-4a3e-8b12-0cbfd73f6235:group-87B83155F175 changes role from LEADER to FOLLOWER at term 2 for stepDown
2019-08-21 11:13:29,683 INFO  impl.RaftServerImpl (ServerState.java:setLeader(263)) - 8703c04e-fd07-4d69-8fa0-282abe3b7659:group-87B83155F175 change Leader from e1eabadf-1a6d-4a3e-8b12-0cbfd73f6235 to null at term 2 for updateCurrentTerm
2019-08-21 11:13:29,683 INFO  impl.RoleInfo (RoleInfo.java:shutdownLeaderState(104)) - e1eabadf-1a6d-4a3e-8b12-0cbfd73f6235: shutdown LeaderState
2019-08-21 11:13:29,683 INFO  segmented.SegmentedRaftLogWorker (SegmentedRaftLogWorker.java:startLogSegment(380)) - 8703c04e-fd07-4d69-8fa0-282abe3b7659-SegmentedRaftLogWorker:Storage Directory /workdir/hadoop-ozone/integration-test/target/test-dir/MiniOzoneClusterImpl-fd2c8ee2-9f6a-4233-95b1-3a272b0e72d4/datanode-0/data/ratis/caa11eda-25b1-4a29-837b-87b83155f175: Starting segment from index:0
2019-08-21 11:13:29,683 INFO  impl.RaftServerImpl (RaftServerImpl.java:setRole(171)) - 8703c04e-fd07-4d69-8fa0-282abe3b7659:group-87B83155F175 changes role from FOLLOWER to FOLLOWER at term 2 for recognizeCandidate:677c14b8-4d5e-43d4-9055-16cf4eb28bea
2019-08-21 11:13:29,688 INFO  impl.RoleInfo (RoleInfo.java:shutdownFollowerState(121)) - 8703c04e-fd07-4d69-8fa0-282abe3b7659: shutdown FollowerState
2019-08-21 11:13:29,688 INFO  impl.PendingRequests (PendingRequests.java:sendNotLeaderResponses(202)) - e1eabadf-1a6d-4a3e-8b12-0cbfd73f6235-PendingRequests: sendNotLeaderResponses
2019-08-21 11:13:29,688 WARN  server.GrpcLogAppender (GrpcLogAppender.java:mayWait(143)) - GrpcLogAppender(e1eabadf-1a6d-4a3e-8b12-0cbfd73f6235->8703c04e-fd07-4d69-8fa0-282abe3b7659): Wait interrupted by java.lang.InterruptedException
2019-08-21 11:13:29,688 WARN  server.GrpcLogAppender (GrpcLogAppender.java:mayWait(143)) - GrpcLogAppender(e1eabadf-1a6d-4a3e-8b12-0cbfd73f6235->677c14b8-4d5e-43d4-9055-16cf4eb28bea): Wait interrupted by java.lang.InterruptedException
2019-08-21 11:13:29,688 INFO  segmented.SegmentedRaftLogWorker (SegmentedRaftLogWorker.java:execute(569)) - e1eabadf-1a6d-4a3e-8b12-0cbfd73f6235-SegmentedRaftLogWorker:Storage Directory /workdir/hadoop-ozone/integration-test/target/test-dir/MiniOzoneClusterImpl-fd2c8ee2-9f6a-4233-95b1-3a272b0e72d4/datanode-2/data/ratis/caa11eda-25b1-4a29-837b-87b83155f175: created new log segment /workdir/hadoop-ozone/integration-test/target/test-dir/MiniOzoneClusterImpl-fd2c8ee2-9f6a-4233-95b1-3a272b0e72d4/datanode-2/data/ratis/caa11eda-25b1-4a29-837b-87b83155f175/current/log_inprogress_0
2019-08-21 11:13:29,689 INFO  server.GrpcServerProtocolService (GrpcServerProtocolService.java:onCompleted(104)) - 8703c04e-fd07-4d69-8fa0-282abe3b7659: appendEntries completed
2019-08-21 11:13:29,688 INFO  impl.RoleInfo (RoleInfo.java:updateAndGet(143)) - e1eabadf-1a6d-4a3e-8b12-0cbfd73f6235: start FollowerState
2019-08-21 11:13:29,689 INFO  server.GrpcServerProtocolService (GrpcServerProtocolService.java:onCompleted(104)) - 677c14b8-4d5e-43d4-9055-16cf4eb28bea: appendEntries completed
2019-08-21 11:13:29,688 INFO  impl.FollowerState (FollowerState.java:run(114)) - 8703c04e-fd07-4d69-8fa0-282abe3b7659: FollowerState was interrupted: java.lang.InterruptedException: sleep interrupted
2019-08-21 11:13:29,688 INFO  impl.RoleInfo (RoleInfo.java:updateAndGet(143)) - 8703c04e-fd07-4d69-8fa0-282abe3b7659: start FollowerState
2019-08-21 11:13:29,719 INFO  server.GrpcLogAppender (GrpcLogAppender.java:onCompleted(292)) - e1eabadf-1a6d-4a3e-8b12-0cbfd73f6235->8703c04e-fd07-4d69-8fa0-282abe3b7659: follower responses appendEntries COMPLETED
2019-08-21 11:13:29,722 INFO  server.GrpcLogAppender (GrpcLogAppender.java:onCompleted(292)) - e1eabadf-1a6d-4a3e-8b12-0cbfd73f6235->677c14b8-4d5e-43d4-9055-16cf4eb28bea: follower responses appendEntries COMPLETED
2019-08-21 11:13:29,722 INFO  impl.FollowerInfo (FollowerInfo.java:lambda$new$0(50)) - e1eabadf-1a6d-4a3e-8b12-0cbfd73f6235->8703c04e-fd07-4d69-8fa0-282abe3b7659: nextIndex: updateUnconditionally 1 -> 0
2019-08-21 11:13:29,722 INFO  impl.FollowerInfo (FollowerInfo.java:lambda$new$0(50)) - e1eabadf-1a6d-4a3e-8b12-0cbfd73f6235->677c14b8-4d5e-43d4-9055-16cf4eb28bea: nextIndex: updateUnconditionally 0 -> 0
2019-08-21 11:13:29,729 INFO  segmented.SegmentedRaftLogWorker (SegmentedRaftLogWorker.java:execute(569)) - 8703c04e-fd07-4d69-8fa0-282abe3b7659-SegmentedRaftLogWorker:Storage Directory /workdir/hadoop-ozone/integration-test/target/test-dir/MiniOzoneClusterImpl-fd2c8ee2-9f6a-4233-95b1-3a272b0e72d4/datanode-0/data/ratis/caa11eda-25b1-4a29-837b-87b83155f175: created new log segment /workdir/hadoop-ozone/integration-test/target/test-dir/MiniOzoneClusterImpl-fd2c8ee2-9f6a-4233-95b1-3a272b0e72d4/datanode-0/data/ratis/caa11eda-25b1-4a29-837b-87b83155f175/current/log_inprogress_0
2019-08-21 11:13:29,730 INFO  impl.RaftServerImpl (RaftServerImpl.java:setRole(171)) - e1eabadf-1a6d-4a3e-8b12-0cbfd73f6235:group-87B83155F175 changes role from FOLLOWER to FOLLOWER at term 2 for recognizeCandidate:677c14b8-4d5e-43d4-9055-16cf4eb28bea
2019-08-21 11:13:29,732 INFO  impl.RoleInfo (RoleInfo.java:shutdownFollowerState(121)) - e1eabadf-1a6d-4a3e-8b12-0cbfd73f6235: shutdown FollowerState
2019-08-21 11:13:29,732 INFO  client.GrpcClientProtocolClient (GrpcClientProtocolClient.java:onNext(255)) - client-3AE274E6F73C->677c14b8-4d5e-43d4-9055-16cf4eb28bea: receive RaftClientReply:client-3AE274E6F73C->677c14b8-4d5e-43d4-9055-16cf4eb28bea@group-87B83155F175, cid=50, FAILED org.apache.ratis.protocol.NotLeaderException: Server 677c14b8-4d5e-43d4-9055-16cf4eb28bea is not the leader (null). Request must be sent to leader., logIndex=0, commits[677c14b8-4d5e-43d4-9055-16cf4eb28bea:c-1]
2019-08-21 11:13:29,732 INFO  impl.FollowerState (FollowerState.java:run(114)) - e1eabadf-1a6d-4a3e-8b12-0cbfd73f6235: FollowerState was interrupted: java.lang.InterruptedException: sleep interrupted
2019-08-21 11:13:29,732 INFO  impl.RoleInfo (RoleInfo.java:updateAndGet(143)) - e1eabadf-1a6d-4a3e-8b12-0cbfd73f6235: start FollowerState
2019-08-21 11:13:29,917 INFO  impl.FollowerState (FollowerState.java:run(106)) - 85e88df0-fd63-491d-9acb-1bd27f180be4:group-193CF2022CF2 changes to CANDIDATE, lastRpcTime:5004, electionTimeout:5004ms
2019-08-21 11:13:29,917 INFO  impl.RoleInfo (RoleInfo.java:shutdownFollowerState(121)) - 85e88df0-fd63-491d-9acb-1bd27f180be4: shutdown FollowerState
2019-08-21 11:13:29,917 INFO  impl.RaftServerImpl (RaftServerImpl.java:setRole(171)) - 85e88df0-fd63-491d-9acb-1bd27f180be4:group-193CF2022CF2 changes role from FOLLOWER to CANDIDATE at term 0 for changeToCandidate
2019-08-21 11:13:29,918 INFO  impl.RoleInfo (RoleInfo.java:updateAndGet(143)) - 85e88df0-fd63-491d-9acb-1bd27f180be4: start LeaderElection
2019-08-21 11:13:29,967 INFO  impl.LeaderElection (LeaderElection.java:askForVotes(181)) - 85e88df0-fd63-491d-9acb-1bd27f180be4:group-193CF2022CF2:LeaderElection42: begin an election at term 1 for -1: [85e88df0-fd63-491d-9acb-1bd27f180be4:192.168.34.41:44172], old=null
2019-08-21 11:13:29,968 INFO  impl.RoleInfo (RoleInfo.java:shutdownLeaderElection(134)) - 85e88df0-fd63-491d-9acb-1bd27f180be4: shutdown LeaderElection
2019-08-21 11:13:29,968 INFO  impl.RaftServerImpl (RaftServerImpl.java:setRole(171)) - 85e88df0-fd63-491d-9acb-1bd27f180be4:group-193CF2022CF2 changes role from CANDIDATE to LEADER at term 1 for changeToLeader
2019-08-21 11:13:29,968 INFO  impl.RaftServerImpl (ServerState.java:setLeader(263)) - 85e88df0-fd63-491d-9acb-1bd27f180be4:group-193CF2022CF2 change Leader from null to 85e88df0-fd63-491d-9acb-1bd27f180be4 at term 1 for becomeLeader, leader elected after 5059ms
2019-08-21 11:13:29,971 INFO  server.RaftServerConfigKeys (ConfUtils.java:logGet(43)) - raft.server.staging.catchup.gap = 1000 (default)
2019-08-21 11:13:29,971 INFO  server.RaftServerConfigKeys (ConfUtils.java:logGet(43)) - raft.server.rpc.sleep.time = 25ms (default)
2019-08-21 11:13:29,971 INFO  server.RaftServerConfigKeys (ConfUtils.java:logGet(43)) - raft.server.write.element-limit = 4096 (default)
2019-08-21 11:13:29,972 INFO  server.RaftServerConfigKeys (ConfUtils.java:logGet(43)) - raft.server.watch.timeout = 10s (default)
2019-08-21 11:13:29,972 INFO  server.RaftServerConfigKeys (ConfUtils.java:logGet(43)) - raft.server.watch.timeout.denomination = 1s (default)
2019-08-21 11:13:29,972 INFO  server.RaftServerConfigKeys (ConfUtils.java:logGet(43)) - raft.server.watch.element-limit = 65536 (default)
2019-08-21 11:13:29,972 INFO  impl.RoleInfo (RoleInfo.java:updateAndGet(143)) - 85e88df0-fd63-491d-9acb-1bd27f180be4: start LeaderState
2019-08-21 11:13:29,973 INFO  segmented.SegmentedRaftLogWorker (SegmentedRaftLogWorker.java:startLogSegment(380)) - 85e88df0-fd63-491d-9acb-1bd27f180be4-SegmentedRaftLogWorker:Storage Directory /workdir/hadoop-ozone/integration-test/target/test-dir/MiniOzoneClusterImpl-fd2c8ee2-9f6a-4233-95b1-3a272b0e72d4/datanode-3/data/ratis/20a3144b-fd47-4c20-876f-193cf2022cf2: Starting segment from index:0
2019-08-21 11:13:29,973 INFO  impl.RaftServerImpl (ServerState.java:setRaftConf(361)) - 85e88df0-fd63-491d-9acb-1bd27f180be4:group-193CF2022CF2 set configuration 0: [85e88df0-fd63-491d-9acb-1bd27f180be4:192.168.34.41:44172], old=null at 0
2019-08-21 11:13:30,025 INFO  segmented.SegmentedRaftLogWorker (SegmentedRaftLogWorker.java:execute(569)) - 85e88df0-fd63-491d-9acb-1bd27f180be4-SegmentedRaftLogWorker:Storage Directory /workdir/hadoop-ozone/integration-test/target/test-dir/MiniOzoneClusterImpl-fd2c8ee2-9f6a-4233-95b1-3a272b0e72d4/datanode-3/data/ratis/20a3144b-fd47-4c20-876f-193cf2022cf2: created new log segment /workdir/hadoop-ozone/integration-test/target/test-dir/MiniOzoneClusterImpl-fd2c8ee2-9f6a-4233-95b1-3a272b0e72d4/datanode-3/data/ratis/20a3144b-fd47-4c20-876f-193cf2022cf2/current/log_inprogress_0
2019-08-21 11:13:30,195 INFO  impl.FollowerState (FollowerState.java:run(106)) - db318067-d3f5-4ab3-abac-7c7df7ddf1ca:group-8099296B206B changes to CANDIDATE, lastRpcTime:5085, electionTimeout:5085ms
2019-08-21 11:13:30,195 INFO  impl.RoleInfo (RoleInfo.java:shutdownFollowerState(121)) - db318067-d3f5-4ab3-abac-7c7df7ddf1ca: shutdown FollowerState
2019-08-21 11:13:30,195 INFO  impl.RaftServerImpl (RaftServerImpl.java:setRole(171)) - db318067-d3f5-4ab3-abac-7c7df7ddf1ca:group-8099296B206B changes role from FOLLOWER to CANDIDATE at term 0 for changeToCandidate
2019-08-21 11:13:30,195 INFO  impl.RoleInfo (RoleInfo.java:updateAndGet(143)) - db318067-d3f5-4ab3-abac-7c7df7ddf1ca: start LeaderElection
2019-08-21 11:13:30,215 INFO  impl.LeaderElection (LeaderElection.java:askForVotes(181)) - db318067-d3f5-4ab3-abac-7c7df7ddf1ca:group-8099296B206B:LeaderElection43: begin an election at term 1 for -1: [db318067-d3f5-4ab3-abac-7c7df7ddf1ca:192.168.34.41:33835], old=null
2019-08-21 11:13:30,215 INFO  impl.RoleInfo (RoleInfo.java:shutdownLeaderElection(134)) - db318067-d3f5-4ab3-abac-7c7df7ddf1ca: shutdown LeaderElection
2019-08-21 11:13:30,215 INFO  impl.RaftServerImpl (RaftServerImpl.java:setRole(171)) - db318067-d3f5-4ab3-abac-7c7df7ddf1ca:group-8099296B206B changes role from CANDIDATE to LEADER at term 1 for changeToLeader
2019-08-21 11:13:30,215 INFO  impl.RaftServerImpl (ServerState.java:setLeader(263)) - db318067-d3f5-4ab3-abac-7c7df7ddf1ca:group-8099296B206B change Leader from null to db318067-d3f5-4ab3-abac-7c7df7ddf1ca at term 1 for becomeLeader, leader elected after 5109ms
2019-08-21 11:13:30,218 INFO  server.RaftServerConfigKeys (ConfUtils.java:logGet(43)) - raft.server.staging.catchup.gap = 1000 (default)
2019-08-21 11:13:30,218 INFO  server.RaftServerConfigKeys (ConfUtils.java:logGet(43)) - raft.server.rpc.sleep.time = 25ms (default)
2019-08-21 11:13:30,218 INFO  server.RaftServerConfigKeys (ConfUtils.java:logGet(43)) - raft.server.write.element-limit = 4096 (default)
2019-08-21 11:13:30,218 INFO  server.RaftServerConfigKeys (ConfUtils.java:logGet(43)) - raft.server.watch.timeout = 10s (default)
2019-08-21 11:13:30,218 INFO  server.RaftServerConfigKeys (ConfUtils.java:logGet(43)) - raft.server.watch.timeout.denomination = 1s (default)
2019-08-21 11:13:30,218 INFO  server.RaftServerConfigKeys (ConfUtils.java:logGet(43)) - raft.server.watch.element-limit = 65536 (default)
2019-08-21 11:13:30,219 INFO  impl.RoleInfo (RoleInfo.java:updateAndGet(143)) - db318067-d3f5-4ab3-abac-7c7df7ddf1ca: start LeaderState
2019-08-21 11:13:30,219 INFO  segmented.SegmentedRaftLogWorker (SegmentedRaftLogWorker.java:startLogSegment(380)) - db318067-d3f5-4ab3-abac-7c7df7ddf1ca-SegmentedRaftLogWorker:Storage Directory /workdir/hadoop-ozone/integration-test/target/test-dir/MiniOzoneClusterImpl-fd2c8ee2-9f6a-4233-95b1-3a272b0e72d4/datanode-4/data/ratis/e7dc89ca-a3f4-4879-a268-8099296b206b: Starting segment from index:0
2019-08-21 11:13:30,220 INFO  impl.RaftServerImpl (ServerState.java:setRaftConf(361)) - db318067-d3f5-4ab3-abac-7c7df7ddf1ca:group-8099296B206B set configuration 0: [db318067-d3f5-4ab3-abac-7c7df7ddf1ca:192.168.34.41:33835], old=null at 0
2019-08-21 11:13:30,275 INFO  segmented.SegmentedRaftLogWorker (SegmentedRaftLogWorker.java:execute(569)) - db318067-d3f5-4ab3-abac-7c7df7ddf1ca-SegmentedRaftLogWorker:Storage Directory /workdir/hadoop-ozone/integration-test/target/test-dir/MiniOzoneClusterImpl-fd2c8ee2-9f6a-4233-95b1-3a272b0e72d4/datanode-4/data/ratis/e7dc89ca-a3f4-4879-a268-8099296b206b: created new log segment /workdir/hadoop-ozone/integration-test/target/test-dir/MiniOzoneClusterImpl-fd2c8ee2-9f6a-4233-95b1-3a272b0e72d4/datanode-4/data/ratis/e7dc89ca-a3f4-4879-a268-8099296b206b/current/log_inprogress_0
2019-08-21 11:13:30,465 INFO  impl.FollowerState (FollowerState.java:run(106)) - 4aaaa6c1-be5d-43d3-9a54-917d685c11d8:group-65B9B491DD89 changes to CANDIDATE, lastRpcTime:5062, electionTimeout:5062ms
2019-08-21 11:13:30,465 INFO  impl.RoleInfo (RoleInfo.java:shutdownFollowerState(121)) - 4aaaa6c1-be5d-43d3-9a54-917d685c11d8: shutdown FollowerState
2019-08-21 11:13:30,465 INFO  impl.RaftServerImpl (RaftServerImpl.java:setRole(171)) - 4aaaa6c1-be5d-43d3-9a54-917d685c11d8:group-65B9B491DD89 changes role from FOLLOWER to CANDIDATE at term 0 for changeToCandidate
2019-08-21 11:13:30,465 INFO  impl.RoleInfo (RoleInfo.java:updateAndGet(143)) - 4aaaa6c1-be5d-43d3-9a54-917d685c11d8: start LeaderElection
2019-08-21 11:13:30,481 INFO  impl.FollowerState (FollowerState.java:run(106)) - 4aaaa6c1-be5d-43d3-9a54-917d685c11d8:group-7BAE6FD069BD changes to CANDIDATE, lastRpcTime:5141, electionTimeout:5141ms
2019-08-21 11:13:30,481 INFO  impl.RoleInfo (RoleInfo.java:shutdownFollowerState(121)) - 4aaaa6c1-be5d-43d3-9a54-917d685c11d8: shutdown FollowerState
2019-08-21 11:13:30,481 INFO  impl.RaftServerImpl (RaftServerImpl.java:setRole(171)) - 4aaaa6c1-be5d-43d3-9a54-917d685c11d8:group-7BAE6FD069BD changes role from FOLLOWER to CANDIDATE at term 0 for changeToCandidate
2019-08-21 11:13:30,481 INFO  impl.RoleInfo (RoleInfo.java:updateAndGet(143)) - 4aaaa6c1-be5d-43d3-9a54-917d685c11d8: start LeaderElection
2019-08-21 11:13:30,486 INFO  impl.LeaderElection (LeaderElection.java:askForVotes(181)) - 4aaaa6c1-be5d-43d3-9a54-917d685c11d8:group-65B9B491DD89:LeaderElection44: begin an election at term 1 for -1: [db318067-d3f5-4ab3-abac-7c7df7ddf1ca:192.168.34.41:33835, 85e88df0-fd63-491d-9acb-1bd27f180be4:192.168.34.41:44172, 4aaaa6c1-be5d-43d3-9a54-917d685c11d8:192.168.34.41:41786], old=null
2019-08-21 11:13:30,486 INFO  impl.FollowerState (FollowerState.java:run(106)) - db318067-d3f5-4ab3-abac-7c7df7ddf1ca:group-65B9B491DD89 changes to CANDIDATE, lastRpcTime:5077, electionTimeout:5077ms
2019-08-21 11:13:30,486 INFO  impl.RoleInfo (RoleInfo.java:shutdownFollowerState(121)) - db318067-d3f5-4ab3-abac-7c7df7ddf1ca: shutdown FollowerState
2019-08-21 11:13:30,486 INFO  impl.RaftServerImpl (RaftServerImpl.java:setRole(171)) - db318067-d3f5-4ab3-abac-7c7df7ddf1ca:group-65B9B491DD89 changes role from FOLLOWER to CANDIDATE at term 0 for changeToCandidate
2019-08-21 11:13:30,486 INFO  impl.RoleInfo (RoleInfo.java:updateAndGet(143)) - db318067-d3f5-4ab3-abac-7c7df7ddf1ca: start LeaderElection
2019-08-21 11:13:30,502 INFO  impl.RaftServerImpl (RaftServerImpl.java:setRole(171)) - 85e88df0-fd63-491d-9acb-1bd27f180be4:group-65B9B491DD89 changes role from FOLLOWER to FOLLOWER at term 1 for recognizeCandidate:4aaaa6c1-be5d-43d3-9a54-917d685c11d8
2019-08-21 11:13:30,502 INFO  impl.RoleInfo (RoleInfo.java:shutdownFollowerState(121)) - 85e88df0-fd63-491d-9acb-1bd27f180be4: shutdown FollowerState
2019-08-21 11:13:30,502 INFO  impl.RoleInfo (RoleInfo.java:updateAndGet(143)) - 85e88df0-fd63-491d-9acb-1bd27f180be4: start FollowerState
2019-08-21 11:13:30,502 INFO  impl.FollowerState (FollowerState.java:run(114)) - 85e88df0-fd63-491d-9acb-1bd27f180be4: FollowerState was interrupted: java.lang.InterruptedException: sleep interrupted
2019-08-21 11:13:30,505 INFO  impl.LeaderElection (LeaderElection.java:askForVotes(181)) - 4aaaa6c1-be5d-43d3-9a54-917d685c11d8:group-7BAE6FD069BD:LeaderElection45: begin an election at term 1 for -1: [4aaaa6c1-be5d-43d3-9a54-917d685c11d8:192.168.34.41:41786], old=null
2019-08-21 11:13:30,506 INFO  impl.LeaderElection (LeaderElection.java:askForVotes(181)) - db318067-d3f5-4ab3-abac-7c7df7ddf1ca:group-65B9B491DD89:LeaderElection46: begin an election at term 1 for -1: [db318067-d3f5-4ab3-abac-7c7df7ddf1ca:192.168.34.41:33835, 85e88df0-fd63-491d-9acb-1bd27f180be4:192.168.34.41:44172, 4aaaa6c1-be5d-43d3-9a54-917d685c11d8:192.168.34.41:41786], old=null
2019-08-21 11:13:30,508 INFO  impl.RoleInfo (RoleInfo.java:shutdownLeaderElection(134)) - 4aaaa6c1-be5d-43d3-9a54-917d685c11d8: shutdown LeaderElection
2019-08-21 11:13:30,508 INFO  impl.RaftServerImpl (RaftServerImpl.java:setRole(171)) - 4aaaa6c1-be5d-43d3-9a54-917d685c11d8:group-7BAE6FD069BD changes role from CANDIDATE to LEADER at term 1 for changeToLeader
2019-08-21 11:13:30,508 INFO  impl.RaftServerImpl (ServerState.java:setLeader(263)) - 4aaaa6c1-be5d-43d3-9a54-917d685c11d8:group-7BAE6FD069BD change Leader from null to 4aaaa6c1-be5d-43d3-9a54-917d685c11d8 at term 1 for becomeLeader, leader elected after 5175ms
2019-08-21 11:13:30,519 INFO  server.RaftServerConfigKeys (ConfUtils.java:logGet(43)) - raft.server.staging.catchup.gap = 1000 (default)
2019-08-21 11:13:30,519 INFO  server.RaftServerConfigKeys (ConfUtils.java:logGet(43)) - raft.server.rpc.sleep.time = 25ms (default)
2019-08-21 11:13:30,522 INFO  server.RaftServerConfigKeys (ConfUtils.java:logGet(43)) - raft.server.write.element-limit = 4096 (default)
2019-08-21 11:13:30,522 INFO  server.RaftServerConfigKeys (ConfUtils.java:logGet(43)) - raft.server.watch.timeout = 10s (default)
2019-08-21 11:13:30,523 INFO  server.RaftServerConfigKeys (ConfUtils.java:logGet(43)) - raft.server.watch.timeout.denomination = 1s (default)
2019-08-21 11:13:30,523 INFO  server.RaftServerConfigKeys (ConfUtils.java:logGet(43)) - raft.server.watch.element-limit = 65536 (default)
2019-08-21 11:13:30,523 INFO  impl.RoleInfo (RoleInfo.java:updateAndGet(143)) - 4aaaa6c1-be5d-43d3-9a54-917d685c11d8: start LeaderState
2019-08-21 11:13:30,526 INFO  segmented.SegmentedRaftLogWorker (SegmentedRaftLogWorker.java:startLogSegment(380)) - 4aaaa6c1-be5d-43d3-9a54-917d685c11d8-SegmentedRaftLogWorker:Storage Directory /workdir/hadoop-ozone/integration-test/target/test-dir/MiniOzoneClusterImpl-fd2c8ee2-9f6a-4233-95b1-3a272b0e72d4/datanode-5/data/ratis/ec40c8a8-4130-4fcd-a7bd-7bae6fd069bd: Starting segment from index:0
2019-08-21 11:13:30,526 INFO  impl.LeaderElection (LeaderElection.java:logAndReturn(56)) - 4aaaa6c1-be5d-43d3-9a54-917d685c11d8:group-65B9B491DD89:LeaderElection44: Election PASSED; received 2 response(s) [4aaaa6c1-be5d-43d3-9a54-917d685c11d8<-db318067-d3f5-4ab3-abac-7c7df7ddf1ca#0:FAIL-t1, 4aaaa6c1-be5d-43d3-9a54-917d685c11d8<-85e88df0-fd63-491d-9acb-1bd27f180be4#0:OK-t1] and 0 exception(s); 4aaaa6c1-be5d-43d3-9a54-917d685c11d8:t1, leader=null, voted=4aaaa6c1-be5d-43d3-9a54-917d685c11d8, raftlog=4aaaa6c1-be5d-43d3-9a54-917d685c11d8-SegmentedRaftLog:OPENED:c-1,f-1,i0, conf=-1: [db318067-d3f5-4ab3-abac-7c7df7ddf1ca:192.168.34.41:33835, 85e88df0-fd63-491d-9acb-1bd27f180be4:192.168.34.41:44172, 4aaaa6c1-be5d-43d3-9a54-917d685c11d8:192.168.34.41:41786], old=null
2019-08-21 11:13:30,526 INFO  impl.RaftServerImpl (ServerState.java:setRaftConf(361)) - 4aaaa6c1-be5d-43d3-9a54-917d685c11d8:group-7BAE6FD069BD set configuration 0: [4aaaa6c1-be5d-43d3-9a54-917d685c11d8:192.168.34.41:41786], old=null at 0
2019-08-21 11:13:30,526 INFO  impl.RoleInfo (RoleInfo.java:shutdownLeaderElection(134)) - 4aaaa6c1-be5d-43d3-9a54-917d685c11d8: shutdown LeaderElection
2019-08-21 11:13:30,555 INFO  impl.RaftServerImpl (RaftServerImpl.java:setRole(171)) - 4aaaa6c1-be5d-43d3-9a54-917d685c11d8:group-65B9B491DD89 changes role from CANDIDATE to LEADER at term 1 for changeToLeader
2019-08-21 11:13:30,555 INFO  impl.RaftServerImpl (ServerState.java:setLeader(263)) - 4aaaa6c1-be5d-43d3-9a54-917d685c11d8:group-65B9B491DD89 change Leader from null to 4aaaa6c1-be5d-43d3-9a54-917d685c11d8 at term 1 for becomeLeader, leader elected after 5158ms
2019-08-21 11:13:30,555 INFO  server.RaftServerConfigKeys (ConfUtils.java:logGet(43)) - raft.server.staging.catchup.gap = 1000 (default)
2019-08-21 11:13:30,555 INFO  server.RaftServerConfigKeys (ConfUtils.java:logGet(43)) - raft.server.rpc.sleep.time = 25ms (default)
2019-08-21 11:13:30,556 INFO  server.RaftServerConfigKeys (ConfUtils.java:logGet(43)) - raft.server.write.element-limit = 4096 (default)
2019-08-21 11:13:30,556 INFO  server.RaftServerConfigKeys (ConfUtils.java:logGet(43)) - raft.server.watch.timeout = 10s (default)
2019-08-21 11:13:30,556 INFO  server.RaftServerConfigKeys (ConfUtils.java:logGet(43)) - raft.server.watch.timeout.denomination = 1s (default)
2019-08-21 11:13:30,556 INFO  server.RaftServerConfigKeys (ConfUtils.java:logGet(43)) - raft.server.watch.element-limit = 65536 (default)
2019-08-21 11:13:30,556 INFO  server.RaftServerConfigKeys (ConfUtils.java:logGet(43)) - raft.server.log.appender.snapshot.chunk.size.max = 16MB (=16777216) (default)
2019-08-21 11:13:30,557 INFO  server.RaftServerConfigKeys (ConfUtils.java:logGet(43)) - raft.server.log.appender.buffer.byte-limit = 33554432 (custom)
2019-08-21 11:13:30,557 INFO  server.RaftServerConfigKeys (ConfUtils.java:logGet(43)) - raft.server.log.appender.buffer.element-limit = 1 (custom)
2019-08-21 11:13:30,557 INFO  grpc.GrpcConfigKeys$Server (ConfUtils.java:logGet(43)) - raft.grpc.server.leader.outstanding.appends.max = 128 (default)
2019-08-21 11:13:30,557 INFO  server.RaftServerConfigKeys (ConfUtils.java:logGet(43)) - raft.server.rpc.request.timeout = 3000ms (default)
2019-08-21 11:13:30,558 INFO  server.RaftServerConfigKeys (ConfUtils.java:logGet(43)) - raft.server.log.appender.install.snapshot.enabled = false (custom)
2019-08-21 11:13:30,558 INFO  server.RaftServerConfigKeys (ConfUtils.java:logGet(43)) - raft.server.log.appender.snapshot.chunk.size.max = 16MB (=16777216) (default)
2019-08-21 11:13:30,561 INFO  server.RaftServerConfigKeys (ConfUtils.java:logGet(43)) - raft.server.log.appender.buffer.byte-limit = 33554432 (custom)
2019-08-21 11:13:30,567 INFO  server.RaftServerConfigKeys (ConfUtils.java:logGet(43)) - raft.server.log.appender.buffer.element-limit = 1 (custom)
2019-08-21 11:13:30,567 INFO  grpc.GrpcConfigKeys$Server (ConfUtils.java:logGet(43)) - raft.grpc.server.leader.outstanding.appends.max = 128 (default)
2019-08-21 11:13:30,567 INFO  server.RaftServerConfigKeys (ConfUtils.java:logGet(43)) - raft.server.rpc.request.timeout = 3000ms (default)
2019-08-21 11:13:30,567 INFO  server.RaftServerConfigKeys (ConfUtils.java:logGet(43)) - raft.server.log.appender.install.snapshot.enabled = false (custom)
2019-08-21 11:13:30,568 INFO  segmented.SegmentedRaftLogWorker (SegmentedRaftLogWorker.java:execute(569)) - 4aaaa6c1-be5d-43d3-9a54-917d685c11d8-SegmentedRaftLogWorker:Storage Directory /workdir/hadoop-ozone/integration-test/target/test-dir/MiniOzoneClusterImpl-fd2c8ee2-9f6a-4233-95b1-3a272b0e72d4/datanode-5/data/ratis/ec40c8a8-4130-4fcd-a7bd-7bae6fd069bd: created new log segment /workdir/hadoop-ozone/integration-test/target/test-dir/MiniOzoneClusterImpl-fd2c8ee2-9f6a-4233-95b1-3a272b0e72d4/datanode-5/data/ratis/ec40c8a8-4130-4fcd-a7bd-7bae6fd069bd/current/log_inprogress_0
2019-08-21 11:13:30,570 INFO  impl.RoleInfo (RoleInfo.java:updateAndGet(143)) - 4aaaa6c1-be5d-43d3-9a54-917d685c11d8: start LeaderState
2019-08-21 11:13:30,570 INFO  segmented.SegmentedRaftLogWorker (SegmentedRaftLogWorker.java:startLogSegment(380)) - 4aaaa6c1-be5d-43d3-9a54-917d685c11d8-SegmentedRaftLogWorker:Storage Directory /workdir/hadoop-ozone/integration-test/target/test-dir/MiniOzoneClusterImpl-fd2c8ee2-9f6a-4233-95b1-3a272b0e72d4/datanode-5/data/ratis/126ec7d6-4c97-4fe0-96cf-65b9b491dd89: Starting segment from index:0
2019-08-21 11:13:30,571 INFO  impl.RaftServerImpl (ServerState.java:setRaftConf(361)) - 4aaaa6c1-be5d-43d3-9a54-917d685c11d8:group-65B9B491DD89 set configuration 0: [db318067-d3f5-4ab3-abac-7c7df7ddf1ca:192.168.34.41:33835, 85e88df0-fd63-491d-9acb-1bd27f180be4:192.168.34.41:44172, 4aaaa6c1-be5d-43d3-9a54-917d685c11d8:192.168.34.41:41786], old=null at 0
2019-08-21 11:13:30,605 INFO  impl.RaftServerImpl (RaftServerImpl.java:requestVote(754)) - 4aaaa6c1-be5d-43d3-9a54-917d685c11d8-LEADER: Withhold vote from candidate db318067-d3f5-4ab3-abac-7c7df7ddf1ca with term 1. State: leader=4aaaa6c1-be5d-43d3-9a54-917d685c11d8, term=1, lastRpcElapsed=null
2019-08-21 11:13:30,610 INFO  impl.RaftServerImpl (RaftServerImpl.java:setRole(171)) - db318067-d3f5-4ab3-abac-7c7df7ddf1ca:group-65B9B491DD89 changes role from CANDIDATE to FOLLOWER at term 1 for appendEntries
2019-08-21 11:13:30,611 INFO  impl.RaftServerImpl (ServerState.java:setLeader(263)) - 85e88df0-fd63-491d-9acb-1bd27f180be4:group-65B9B491DD89 change Leader from null to 4aaaa6c1-be5d-43d3-9a54-917d685c11d8 at term 1 for appendEntries, leader elected after 5214ms
2019-08-21 11:13:30,611 INFO  impl.RoleInfo (RoleInfo.java:shutdownLeaderElection(134)) - db318067-d3f5-4ab3-abac-7c7df7ddf1ca: shutdown LeaderElection
2019-08-21 11:13:30,610 INFO  impl.LeaderElection (LeaderElection.java:logAndReturn(56)) - db318067-d3f5-4ab3-abac-7c7df7ddf1ca:group-65B9B491DD89:LeaderElection46: Election REJECTED; received 2 response(s) [db318067-d3f5-4ab3-abac-7c7df7ddf1ca<-85e88df0-fd63-491d-9acb-1bd27f180be4#0:FAIL-t1, db318067-d3f5-4ab3-abac-7c7df7ddf1ca<-4aaaa6c1-be5d-43d3-9a54-917d685c11d8#0:FAIL-t1] and 0 exception(s); db318067-d3f5-4ab3-abac-7c7df7ddf1ca:t1, leader=null, voted=db318067-d3f5-4ab3-abac-7c7df7ddf1ca, raftlog=db318067-d3f5-4ab3-abac-7c7df7ddf1ca-SegmentedRaftLog:OPENED:c-1,f-1,i0, conf=-1: [db318067-d3f5-4ab3-abac-7c7df7ddf1ca:192.168.34.41:33835, 85e88df0-fd63-491d-9acb-1bd27f180be4:192.168.34.41:44172, 4aaaa6c1-be5d-43d3-9a54-917d685c11d8:192.168.34.41:41786], old=null
2019-08-21 11:13:30,611 INFO  impl.RoleInfo (RoleInfo.java:updateAndGet(143)) - db318067-d3f5-4ab3-abac-7c7df7ddf1ca: start FollowerState
2019-08-21 11:13:30,612 INFO  impl.RaftServerImpl (ServerState.java:setLeader(263)) - db318067-d3f5-4ab3-abac-7c7df7ddf1ca:group-65B9B491DD89 change Leader from null to 4aaaa6c1-be5d-43d3-9a54-917d685c11d8 at term 1 for appendEntries, leader elected after 5215ms
2019-08-21 11:13:30,613 INFO  impl.RaftServerImpl (ServerState.java:setRaftConf(361)) - 85e88df0-fd63-491d-9acb-1bd27f180be4:group-65B9B491DD89 set configuration 0: [db318067-d3f5-4ab3-abac-7c7df7ddf1ca:192.168.34.41:33835, 85e88df0-fd63-491d-9acb-1bd27f180be4:192.168.34.41:44172, 4aaaa6c1-be5d-43d3-9a54-917d685c11d8:192.168.34.41:41786], old=null at 0
2019-08-21 11:13:30,614 INFO  segmented.SegmentedRaftLogWorker (SegmentedRaftLogWorker.java:startLogSegment(380)) - 85e88df0-fd63-491d-9acb-1bd27f180be4-SegmentedRaftLogWorker:Storage Directory /workdir/hadoop-ozone/integration-test/target/test-dir/MiniOzoneClusterImpl-fd2c8ee2-9f6a-4233-95b1-3a272b0e72d4/datanode-3/data/ratis/126ec7d6-4c97-4fe0-96cf-65b9b491dd89: Starting segment from index:0
2019-08-21 11:13:30,614 INFO  impl.RaftServerImpl (ServerState.java:setRaftConf(361)) - db318067-d3f5-4ab3-abac-7c7df7ddf1ca:group-65B9B491DD89 set configuration 0: [db318067-d3f5-4ab3-abac-7c7df7ddf1ca:192.168.34.41:33835, 85e88df0-fd63-491d-9acb-1bd27f180be4:192.168.34.41:44172, 4aaaa6c1-be5d-43d3-9a54-917d685c11d8:192.168.34.41:41786], old=null at 0
2019-08-21 11:13:30,615 INFO  segmented.SegmentedRaftLogWorker (SegmentedRaftLogWorker.java:startLogSegment(380)) - db318067-d3f5-4ab3-abac-7c7df7ddf1ca-SegmentedRaftLogWorker:Storage Directory /workdir/hadoop-ozone/integration-test/target/test-dir/MiniOzoneClusterImpl-fd2c8ee2-9f6a-4233-95b1-3a272b0e72d4/datanode-4/data/ratis/126ec7d6-4c97-4fe0-96cf-65b9b491dd89: Starting segment from index:0
2019-08-21 11:13:30,618 INFO  segmented.SegmentedRaftLogWorker (SegmentedRaftLogWorker.java:execute(569)) - 4aaaa6c1-be5d-43d3-9a54-917d685c11d8-SegmentedRaftLogWorker:Storage Directory /workdir/hadoop-ozone/integration-test/target/test-dir/MiniOzoneClusterImpl-fd2c8ee2-9f6a-4233-95b1-3a272b0e72d4/datanode-5/data/ratis/126ec7d6-4c97-4fe0-96cf-65b9b491dd89: created new log segment /workdir/hadoop-ozone/integration-test/target/test-dir/MiniOzoneClusterImpl-fd2c8ee2-9f6a-4233-95b1-3a272b0e72d4/datanode-5/data/ratis/126ec7d6-4c97-4fe0-96cf-65b9b491dd89/current/log_inprogress_0
2019-08-21 11:13:30,653 INFO  segmented.SegmentedRaftLogWorker (SegmentedRaftLogWorker.java:execute(569)) - db318067-d3f5-4ab3-abac-7c7df7ddf1ca-SegmentedRaftLogWorker:Storage Directory /workdir/hadoop-ozone/integration-test/target/test-dir/MiniOzoneClusterImpl-fd2c8ee2-9f6a-4233-95b1-3a272b0e72d4/datanode-4/data/ratis/126ec7d6-4c97-4fe0-96cf-65b9b491dd89: created new log segment /workdir/hadoop-ozone/integration-test/target/test-dir/MiniOzoneClusterImpl-fd2c8ee2-9f6a-4233-95b1-3a272b0e72d4/datanode-4/data/ratis/126ec7d6-4c97-4fe0-96cf-65b9b491dd89/current/log_inprogress_0
2019-08-21 11:13:30,653 INFO  segmented.SegmentedRaftLogWorker (SegmentedRaftLogWorker.java:execute(569)) - 85e88df0-fd63-491d-9acb-1bd27f180be4-SegmentedRaftLogWorker:Storage Directory /workdir/hadoop-ozone/integration-test/target/test-dir/MiniOzoneClusterImpl-fd2c8ee2-9f6a-4233-95b1-3a272b0e72d4/datanode-3/data/ratis/126ec7d6-4c97-4fe0-96cf-65b9b491dd89: created new log segment /workdir/hadoop-ozone/integration-test/target/test-dir/MiniOzoneClusterImpl-fd2c8ee2-9f6a-4233-95b1-3a272b0e72d4/datanode-3/data/ratis/126ec7d6-4c97-4fe0-96cf-65b9b491dd89/current/log_inprogress_0
2019-08-21 11:13:30,712 INFO  impl.FollowerState (FollowerState.java:run(106)) - ef1f13fb-5488-4e72-bc68-87594b41d9f4:group-EF5374783EFB changes to CANDIDATE, lastRpcTime:5119, electionTimeout:5119ms
2019-08-21 11:13:30,712 INFO  impl.RoleInfo (RoleInfo.java:shutdownFollowerState(121)) - ef1f13fb-5488-4e72-bc68-87594b41d9f4: shutdown FollowerState
2019-08-21 11:13:30,712 INFO  impl.RaftServerImpl (RaftServerImpl.java:setRole(171)) - ef1f13fb-5488-4e72-bc68-87594b41d9f4:group-EF5374783EFB changes role from FOLLOWER to CANDIDATE at term 0 for changeToCandidate
2019-08-21 11:13:30,712 INFO  impl.RoleInfo (RoleInfo.java:updateAndGet(143)) - ef1f13fb-5488-4e72-bc68-87594b41d9f4: start LeaderElection
2019-08-21 11:13:30,734 INFO  impl.LeaderElection (LeaderElection.java:askForVotes(181)) - ef1f13fb-5488-4e72-bc68-87594b41d9f4:group-EF5374783EFB:LeaderElection47: begin an election at term 1 for -1: [ef1f13fb-5488-4e72-bc68-87594b41d9f4:192.168.34.41:46745], old=null
2019-08-21 11:13:30,734 INFO  impl.RoleInfo (RoleInfo.java:shutdownLeaderElection(134)) - ef1f13fb-5488-4e72-bc68-87594b41d9f4: shutdown LeaderElection
2019-08-21 11:13:30,734 INFO  impl.RaftServerImpl (RaftServerImpl.java:setRole(171)) - ef1f13fb-5488-4e72-bc68-87594b41d9f4:group-EF5374783EFB changes role from CANDIDATE to LEADER at term 1 for changeToLeader
2019-08-21 11:13:30,734 INFO  impl.RaftServerImpl (ServerState.java:setLeader(263)) - ef1f13fb-5488-4e72-bc68-87594b41d9f4:group-EF5374783EFB change Leader from null to ef1f13fb-5488-4e72-bc68-87594b41d9f4 at term 1 for becomeLeader, leader elected after 5145ms
2019-08-21 11:13:30,734 INFO  server.RaftServerConfigKeys (ConfUtils.java:logGet(43)) - raft.server.staging.catchup.gap = 1000 (default)
2019-08-21 11:13:30,735 INFO  server.RaftServerConfigKeys (ConfUtils.java:logGet(43)) - raft.server.rpc.sleep.time = 25ms (default)
2019-08-21 11:13:30,735 INFO  server.RaftServerConfigKeys (ConfUtils.java:logGet(43)) - raft.server.write.element-limit = 4096 (default)
2019-08-21 11:13:30,735 INFO  server.RaftServerConfigKeys (ConfUtils.java:logGet(43)) - raft.server.watch.timeout = 10s (default)
2019-08-21 11:13:30,735 INFO  server.RaftServerConfigKeys (ConfUtils.java:logGet(43)) - raft.server.watch.timeout.denomination = 1s (default)
2019-08-21 11:13:30,735 INFO  server.RaftServerConfigKeys (ConfUtils.java:logGet(43)) - raft.server.watch.element-limit = 65536 (default)
2019-08-21 11:13:30,735 INFO  impl.RoleInfo (RoleInfo.java:updateAndGet(143)) - ef1f13fb-5488-4e72-bc68-87594b41d9f4: start LeaderState
2019-08-21 11:13:30,736 INFO  segmented.SegmentedRaftLogWorker (SegmentedRaftLogWorker.java:startLogSegment(380)) - ef1f13fb-5488-4e72-bc68-87594b41d9f4-SegmentedRaftLogWorker:Storage Directory /workdir/hadoop-ozone/integration-test/target/test-dir/MiniOzoneClusterImpl-fd2c8ee2-9f6a-4233-95b1-3a272b0e72d4/datanode-6/data/ratis/7480be7b-80e5-4ece-bdbc-ef5374783efb: Starting segment from index:0
2019-08-21 11:13:30,736 INFO  impl.RaftServerImpl (ServerState.java:setRaftConf(361)) - ef1f13fb-5488-4e72-bc68-87594b41d9f4:group-EF5374783EFB set configuration 0: [ef1f13fb-5488-4e72-bc68-87594b41d9f4:192.168.34.41:46745], old=null at 0
2019-08-21 11:13:30,780 INFO  client.GrpcClientProtocolClient (GrpcClientProtocolClient.java:onNext(255)) - client-3AE274E6F73C->e1eabadf-1a6d-4a3e-8b12-0cbfd73f6235: receive RaftClientReply:client-3AE274E6F73C->e1eabadf-1a6d-4a3e-8b12-0cbfd73f6235@group-87B83155F175, cid=50, FAILED org.apache.ratis.protocol.NotLeaderException: Server e1eabadf-1a6d-4a3e-8b12-0cbfd73f6235 is not the leader (null). Request must be sent to leader., logIndex=0, commits[e1eabadf-1a6d-4a3e-8b12-0cbfd73f6235:c-1, 677c14b8-4d5e-43d4-9055-16cf4eb28bea:c-1, 8703c04e-fd07-4d69-8fa0-282abe3b7659:c-1]
2019-08-21 11:13:30,783 INFO  segmented.SegmentedRaftLogWorker (SegmentedRaftLogWorker.java:execute(569)) - ef1f13fb-5488-4e72-bc68-87594b41d9f4-SegmentedRaftLogWorker:Storage Directory /workdir/hadoop-ozone/integration-test/target/test-dir/MiniOzoneClusterImpl-fd2c8ee2-9f6a-4233-95b1-3a272b0e72d4/datanode-6/data/ratis/7480be7b-80e5-4ece-bdbc-ef5374783efb: created new log segment /workdir/hadoop-ozone/integration-test/target/test-dir/MiniOzoneClusterImpl-fd2c8ee2-9f6a-4233-95b1-3a272b0e72d4/datanode-6/data/ratis/7480be7b-80e5-4ece-bdbc-ef5374783efb/current/log_inprogress_0
2019-08-21 11:13:31,797 INFO  client.GrpcClientProtocolClient (GrpcClientProtocolClient.java:onNext(255)) - client-3AE274E6F73C->677c14b8-4d5e-43d4-9055-16cf4eb28bea: receive RaftClientReply:client-3AE274E6F73C->677c14b8-4d5e-43d4-9055-16cf4eb28bea@group-87B83155F175, cid=50, FAILED org.apache.ratis.protocol.NotLeaderException: Server 677c14b8-4d5e-43d4-9055-16cf4eb28bea is not the leader (null). Request must be sent to leader., logIndex=0, commits[677c14b8-4d5e-43d4-9055-16cf4eb28bea:c-1]
2019-08-21 11:13:32,812 INFO  client.GrpcClientProtocolClient (GrpcClientProtocolClient.java:onNext(255)) - client-3AE274E6F73C->e1eabadf-1a6d-4a3e-8b12-0cbfd73f6235: receive RaftClientReply:client-3AE274E6F73C->e1eabadf-1a6d-4a3e-8b12-0cbfd73f6235@group-87B83155F175, cid=50, FAILED org.apache.ratis.protocol.NotLeaderException: Server e1eabadf-1a6d-4a3e-8b12-0cbfd73f6235 is not the leader (null). Request must be sent to leader., logIndex=0, commits[e1eabadf-1a6d-4a3e-8b12-0cbfd73f6235:c-1, 677c14b8-4d5e-43d4-9055-16cf4eb28bea:c-1, 8703c04e-fd07-4d69-8fa0-282abe3b7659:c-1]
2019-08-21 11:13:33,838 INFO  client.GrpcClientProtocolClient (GrpcClientProtocolClient.java:onNext(255)) - client-3AE274E6F73C->677c14b8-4d5e-43d4-9055-16cf4eb28bea: receive RaftClientReply:client-3AE274E6F73C->677c14b8-4d5e-43d4-9055-16cf4eb28bea@group-87B83155F175, cid=50, FAILED org.apache.ratis.protocol.NotLeaderException: Server 677c14b8-4d5e-43d4-9055-16cf4eb28bea is not the leader (null). Request must be sent to leader., logIndex=0, commits[677c14b8-4d5e-43d4-9055-16cf4eb28bea:c-1]
2019-08-21 11:13:34,645 INFO  impl.FollowerState (FollowerState.java:run(106)) - 677c14b8-4d5e-43d4-9055-16cf4eb28bea:group-87B83155F175 changes to CANDIDATE, lastRpcTime:5019, electionTimeout:5019ms
2019-08-21 11:13:34,645 INFO  impl.RoleInfo (RoleInfo.java:shutdownFollowerState(121)) - 677c14b8-4d5e-43d4-9055-16cf4eb28bea: shutdown FollowerState
2019-08-21 11:13:34,645 INFO  impl.RaftServerImpl (RaftServerImpl.java:setRole(171)) - 677c14b8-4d5e-43d4-9055-16cf4eb28bea:group-87B83155F175 changes role from FOLLOWER to CANDIDATE at term 2 for changeToCandidate
2019-08-21 11:13:34,645 INFO  impl.RoleInfo (RoleInfo.java:updateAndGet(143)) - 677c14b8-4d5e-43d4-9055-16cf4eb28bea: start LeaderElection
2019-08-21 11:13:34,780 INFO  impl.FollowerState (FollowerState.java:run(106)) - 8703c04e-fd07-4d69-8fa0-282abe3b7659:group-87B83155F175 changes to CANDIDATE, lastRpcTime:5091, electionTimeout:5058ms
2019-08-21 11:13:34,780 INFO  impl.RoleInfo (RoleInfo.java:shutdownFollowerState(121)) - 8703c04e-fd07-4d69-8fa0-282abe3b7659: shutdown FollowerState
2019-08-21 11:13:34,780 INFO  impl.RaftServerImpl (RaftServerImpl.java:setRole(171)) - 8703c04e-fd07-4d69-8fa0-282abe3b7659:group-87B83155F175 changes role from FOLLOWER to CANDIDATE at term 2 for changeToCandidate
2019-08-21 11:13:34,780 INFO  impl.RoleInfo (RoleInfo.java:updateAndGet(143)) - 8703c04e-fd07-4d69-8fa0-282abe3b7659: start LeaderElection
2019-08-21 11:13:34,856 INFO  client.GrpcClientProtocolClient (GrpcClientProtocolClient.java:onNext(255)) - client-3AE274E6F73C->8703c04e-fd07-4d69-8fa0-282abe3b7659: receive RaftClientReply:client-3AE274E6F73C->8703c04e-fd07-4d69-8fa0-282abe3b7659@group-87B83155F175, cid=50, FAILED org.apache.ratis.protocol.NotLeaderException: Server 8703c04e-fd07-4d69-8fa0-282abe3b7659 is not the leader (null). Request must be sent to leader., logIndex=0, commits[8703c04e-fd07-4d69-8fa0-282abe3b7659:c-1, 677c14b8-4d5e-43d4-9055-16cf4eb28bea:c-1, e1eabadf-1a6d-4a3e-8b12-0cbfd73f6235:c-1]
2019-08-21 11:13:34,888 INFO  impl.FollowerState (FollowerState.java:run(106)) - e1eabadf-1a6d-4a3e-8b12-0cbfd73f6235:group-87B83155F175 changes to CANDIDATE, lastRpcTime:5156, electionTimeout:5149ms
2019-08-21 11:13:34,889 INFO  impl.RoleInfo (RoleInfo.java:shutdownFollowerState(121)) - e1eabadf-1a6d-4a3e-8b12-0cbfd73f6235: shutdown FollowerState
2019-08-21 11:13:34,889 INFO  impl.RaftServerImpl (RaftServerImpl.java:setRole(171)) - e1eabadf-1a6d-4a3e-8b12-0cbfd73f6235:group-87B83155F175 changes role from FOLLOWER to CANDIDATE at term 2 for changeToCandidate
2019-08-21 11:13:34,889 INFO  impl.RoleInfo (RoleInfo.java:updateAndGet(143)) - e1eabadf-1a6d-4a3e-8b12-0cbfd73f6235: start LeaderElection
2019-08-21 11:13:34,959 INFO  impl.LeaderElection (LeaderElection.java:askForVotes(181)) - 8703c04e-fd07-4d69-8fa0-282abe3b7659:group-87B83155F175:LeaderElection49: begin an election at term 3 for 0: [677c14b8-4d5e-43d4-9055-16cf4eb28bea:192.168.34.41:45640, 8703c04e-fd07-4d69-8fa0-282abe3b7659:192.168.34.41:44129, e1eabadf-1a6d-4a3e-8b12-0cbfd73f6235:192.168.34.41:44394], old=null
2019-08-21 11:13:34,959 INFO  impl.LeaderElection (LeaderElection.java:askForVotes(181)) - e1eabadf-1a6d-4a3e-8b12-0cbfd73f6235:group-87B83155F175:LeaderElection50: begin an election at term 3 for 0: [677c14b8-4d5e-43d4-9055-16cf4eb28bea:192.168.34.41:45640, 8703c04e-fd07-4d69-8fa0-282abe3b7659:192.168.34.41:44129, e1eabadf-1a6d-4a3e-8b12-0cbfd73f6235:192.168.34.41:44394], old=null
2019-08-21 11:13:34,959 INFO  impl.LeaderElection (LeaderElection.java:askForVotes(181)) - 677c14b8-4d5e-43d4-9055-16cf4eb28bea:group-87B83155F175:LeaderElection48: begin an election at term 3 for -1: [677c14b8-4d5e-43d4-9055-16cf4eb28bea:192.168.34.41:45640, 8703c04e-fd07-4d69-8fa0-282abe3b7659:192.168.34.41:44129, e1eabadf-1a6d-4a3e-8b12-0cbfd73f6235:192.168.34.41:44394], old=null
2019-08-21 11:13:34,973 INFO  impl.LeaderElection (LeaderElection.java:logAndReturn(56)) - 677c14b8-4d5e-43d4-9055-16cf4eb28bea:group-87B83155F175:LeaderElection48: Election REJECTED; received 2 response(s) [677c14b8-4d5e-43d4-9055-16cf4eb28bea<-8703c04e-fd07-4d69-8fa0-282abe3b7659#0:FAIL-t3, 677c14b8-4d5e-43d4-9055-16cf4eb28bea<-e1eabadf-1a6d-4a3e-8b12-0cbfd73f6235#0:FAIL-t3] and 0 exception(s); 677c14b8-4d5e-43d4-9055-16cf4eb28bea:t3, leader=null, voted=677c14b8-4d5e-43d4-9055-16cf4eb28bea, raftlog=677c14b8-4d5e-43d4-9055-16cf4eb28bea-SegmentedRaftLog:OPENED:c-1,f-1,i0, conf=-1: [677c14b8-4d5e-43d4-9055-16cf4eb28bea:192.168.34.41:45640, 8703c04e-fd07-4d69-8fa0-282abe3b7659:192.168.34.41:44129, e1eabadf-1a6d-4a3e-8b12-0cbfd73f6235:192.168.34.41:44394], old=null
2019-08-21 11:13:34,973 INFO  impl.RaftServerImpl (RaftServerImpl.java:setRole(171)) - 677c14b8-4d5e-43d4-9055-16cf4eb28bea:group-87B83155F175 changes role from CANDIDATE to FOLLOWER at term 3 for DISCOVERED_A_NEW_TERM
2019-08-21 11:13:34,973 INFO  impl.RoleInfo (RoleInfo.java:shutdownLeaderElection(134)) - 677c14b8-4d5e-43d4-9055-16cf4eb28bea: shutdown LeaderElection
2019-08-21 11:13:34,973 INFO  impl.RoleInfo (RoleInfo.java:updateAndGet(143)) - 677c14b8-4d5e-43d4-9055-16cf4eb28bea: start FollowerState
2019-08-21 11:13:34,992 INFO  impl.LeaderElection (LeaderElection.java:logAndReturn(56)) - 8703c04e-fd07-4d69-8fa0-282abe3b7659:group-87B83155F175:LeaderElection49: Election REJECTED; received 2 response(s) [8703c04e-fd07-4d69-8fa0-282abe3b7659<-677c14b8-4d5e-43d4-9055-16cf4eb28bea#0:FAIL-t3, 8703c04e-fd07-4d69-8fa0-282abe3b7659<-e1eabadf-1a6d-4a3e-8b12-0cbfd73f6235#0:FAIL-t3] and 0 exception(s); 8703c04e-fd07-4d69-8fa0-282abe3b7659:t3, leader=null, voted=8703c04e-fd07-4d69-8fa0-282abe3b7659, raftlog=8703c04e-fd07-4d69-8fa0-282abe3b7659-SegmentedRaftLog:OPENED:c-1,f0,i0, conf=0: [677c14b8-4d5e-43d4-9055-16cf4eb28bea:192.168.34.41:45640, 8703c04e-fd07-4d69-8fa0-282abe3b7659:192.168.34.41:44129, e1eabadf-1a6d-4a3e-8b12-0cbfd73f6235:192.168.34.41:44394], old=null
2019-08-21 11:13:34,999 INFO  impl.RaftServerImpl (RaftServerImpl.java:setRole(171)) - 8703c04e-fd07-4d69-8fa0-282abe3b7659:group-87B83155F175 changes role from CANDIDATE to FOLLOWER at term 3 for DISCOVERED_A_NEW_TERM
2019-08-21 11:13:34,999 INFO  impl.RoleInfo (RoleInfo.java:shutdownLeaderElection(134)) - 8703c04e-fd07-4d69-8fa0-282abe3b7659: shutdown LeaderElection
2019-08-21 11:13:34,999 INFO  impl.LeaderElection (LeaderElection.java:logAndReturn(56)) - e1eabadf-1a6d-4a3e-8b12-0cbfd73f6235:group-87B83155F175:LeaderElection50: Election REJECTED; received 2 response(s) [e1eabadf-1a6d-4a3e-8b12-0cbfd73f6235<-677c14b8-4d5e-43d4-9055-16cf4eb28bea#0:FAIL-t3, e1eabadf-1a6d-4a3e-8b12-0cbfd73f6235<-8703c04e-fd07-4d69-8fa0-282abe3b7659#0:FAIL-t3] and 0 exception(s); e1eabadf-1a6d-4a3e-8b12-0cbfd73f6235:t3, leader=null, voted=e1eabadf-1a6d-4a3e-8b12-0cbfd73f6235, raftlog=e1eabadf-1a6d-4a3e-8b12-0cbfd73f6235-SegmentedRaftLog:OPENED:c-1,f0,i0, conf=0: [677c14b8-4d5e-43d4-9055-16cf4eb28bea:192.168.34.41:45640, 8703c04e-fd07-4d69-8fa0-282abe3b7659:192.168.34.41:44129, e1eabadf-1a6d-4a3e-8b12-0cbfd73f6235:192.168.34.41:44394], old=null
2019-08-21 11:13:34,999 INFO  impl.RoleInfo (RoleInfo.java:updateAndGet(143)) - 8703c04e-fd07-4d69-8fa0-282abe3b7659: start FollowerState
2019-08-21 11:13:34,999 INFO  impl.RaftServerImpl (RaftServerImpl.java:setRole(171)) - e1eabadf-1a6d-4a3e-8b12-0cbfd73f6235:group-87B83155F175 changes role from CANDIDATE to FOLLOWER at term 3 for DISCOVERED_A_NEW_TERM
2019-08-21 11:13:34,999 INFO  impl.RoleInfo (RoleInfo.java:shutdownLeaderElection(134)) - e1eabadf-1a6d-4a3e-8b12-0cbfd73f6235: shutdown LeaderElection
2019-08-21 11:13:35,000 INFO  impl.RoleInfo (RoleInfo.java:updateAndGet(143)) - e1eabadf-1a6d-4a3e-8b12-0cbfd73f6235: start FollowerState
2019-08-21 11:13:35,872 INFO  client.GrpcClientProtocolClient (GrpcClientProtocolClient.java:onNext(255)) - client-3AE274E6F73C->677c14b8-4d5e-43d4-9055-16cf4eb28bea: receive RaftClientReply:client-3AE274E6F73C->677c14b8-4d5e-43d4-9055-16cf4eb28bea@group-87B83155F175, cid=50, FAILED org.apache.ratis.protocol.NotLeaderException: Server 677c14b8-4d5e-43d4-9055-16cf4eb28bea is not the leader (null). Request must be sent to leader., logIndex=0, commits[677c14b8-4d5e-43d4-9055-16cf4eb28bea:c-1]
2019-08-21 11:13:36,887 INFO  client.GrpcClientProtocolClient (GrpcClientProtocolClient.java:onNext(255)) - client-3AE274E6F73C->8703c04e-fd07-4d69-8fa0-282abe3b7659: receive RaftClientReply:client-3AE274E6F73C->8703c04e-fd07-4d69-8fa0-282abe3b7659@group-87B83155F175, cid=50, FAILED org.apache.ratis.protocol.NotLeaderException: Server 8703c04e-fd07-4d69-8fa0-282abe3b7659 is not the leader (null). Request must be sent to leader., logIndex=0, commits[8703c04e-fd07-4d69-8fa0-282abe3b7659:c-1, 677c14b8-4d5e-43d4-9055-16cf4eb28bea:c-1, e1eabadf-1a6d-4a3e-8b12-0cbfd73f6235:c-1]
2019-08-21 11:13:37,902 INFO  client.GrpcClientProtocolClient (GrpcClientProtocolClient.java:onNext(255)) - client-3AE274E6F73C->677c14b8-4d5e-43d4-9055-16cf4eb28bea: receive RaftClientReply:client-3AE274E6F73C->677c14b8-4d5e-43d4-9055-16cf4eb28bea@group-87B83155F175, cid=50, FAILED org.apache.ratis.protocol.NotLeaderException: Server 677c14b8-4d5e-43d4-9055-16cf4eb28bea is not the leader (null). Request must be sent to leader., logIndex=0, commits[677c14b8-4d5e-43d4-9055-16cf4eb28bea:c-1]
2019-08-21 11:13:38,917 INFO  client.GrpcClientProtocolClient (GrpcClientProtocolClient.java:onNext(255)) - client-3AE274E6F73C->e1eabadf-1a6d-4a3e-8b12-0cbfd73f6235: receive RaftClientReply:client-3AE274E6F73C->e1eabadf-1a6d-4a3e-8b12-0cbfd73f6235@group-87B83155F175, cid=50, FAILED org.apache.ratis.protocol.NotLeaderException: Server e1eabadf-1a6d-4a3e-8b12-0cbfd73f6235 is not the leader (null). Request must be sent to leader., logIndex=0, commits[e1eabadf-1a6d-4a3e-8b12-0cbfd73f6235:c-1, 677c14b8-4d5e-43d4-9055-16cf4eb28bea:c-1, 8703c04e-fd07-4d69-8fa0-282abe3b7659:c-1]
2019-08-21 11:13:39,936 INFO  client.GrpcClientProtocolClient (GrpcClientProtocolClient.java:onNext(255)) - client-3AE274E6F73C->677c14b8-4d5e-43d4-9055-16cf4eb28bea: receive RaftClientReply:client-3AE274E6F73C->677c14b8-4d5e-43d4-9055-16cf4eb28bea@group-87B83155F175, cid=50, FAILED org.apache.ratis.protocol.NotLeaderException: Server 677c14b8-4d5e-43d4-9055-16cf4eb28bea is not the leader (null). Request must be sent to leader., logIndex=0, commits[677c14b8-4d5e-43d4-9055-16cf4eb28bea:c-1]
2019-08-21 11:13:40,137 INFO  impl.FollowerState (FollowerState.java:run(106)) - e1eabadf-1a6d-4a3e-8b12-0cbfd73f6235:group-87B83155F175 changes to CANDIDATE, lastRpcTime:5137, electionTimeout:5137ms
2019-08-21 11:13:40,137 INFO  impl.RoleInfo (RoleInfo.java:shutdownFollowerState(121)) - e1eabadf-1a6d-4a3e-8b12-0cbfd73f6235: shutdown FollowerState
2019-08-21 11:13:40,138 INFO  impl.RaftServerImpl (RaftServerImpl.java:setRole(171)) - e1eabadf-1a6d-4a3e-8b12-0cbfd73f6235:group-87B83155F175 changes role from FOLLOWER to CANDIDATE at term 3 for changeToCandidate
2019-08-21 11:13:40,138 INFO  impl.RoleInfo (RoleInfo.java:updateAndGet(143)) - e1eabadf-1a6d-4a3e-8b12-0cbfd73f6235: start LeaderElection
2019-08-21 11:13:40,142 INFO  impl.FollowerState (FollowerState.java:run(106)) - 677c14b8-4d5e-43d4-9055-16cf4eb28bea:group-87B83155F175 changes to CANDIDATE, lastRpcTime:5168, electionTimeout:5153ms
2019-08-21 11:13:40,142 INFO  impl.RoleInfo (RoleInfo.java:shutdownFollowerState(121)) - 677c14b8-4d5e-43d4-9055-16cf4eb28bea: shutdown FollowerState
2019-08-21 11:13:40,142 INFO  impl.RaftServerImpl (RaftServerImpl.java:setRole(171)) - 677c14b8-4d5e-43d4-9055-16cf4eb28bea:group-87B83155F175 changes role from FOLLOWER to CANDIDATE at term 3 for changeToCandidate
2019-08-21 11:13:40,143 INFO  impl.RoleInfo (RoleInfo.java:updateAndGet(143)) - 677c14b8-4d5e-43d4-9055-16cf4eb28bea: start LeaderElection
2019-08-21 11:13:40,147 INFO  impl.FollowerState (FollowerState.java:run(106)) - 8703c04e-fd07-4d69-8fa0-282abe3b7659:group-87B83155F175 changes to CANDIDATE, lastRpcTime:5147, electionTimeout:5147ms
2019-08-21 11:13:40,147 INFO  impl.RoleInfo (RoleInfo.java:shutdownFollowerState(121)) - 8703c04e-fd07-4d69-8fa0-282abe3b7659: shutdown FollowerState
2019-08-21 11:13:40,147 INFO  impl.RaftServerImpl (RaftServerImpl.java:setRole(171)) - 8703c04e-fd07-4d69-8fa0-282abe3b7659:group-87B83155F175 changes role from FOLLOWER to CANDIDATE at term 3 for changeToCandidate
2019-08-21 11:13:40,147 INFO  impl.RoleInfo (RoleInfo.java:updateAndGet(143)) - 8703c04e-fd07-4d69-8fa0-282abe3b7659: start LeaderElection
2019-08-21 11:13:40,157 INFO  impl.LeaderElection (LeaderElection.java:askForVotes(181)) - e1eabadf-1a6d-4a3e-8b12-0cbfd73f6235:group-87B83155F175:LeaderElection51: begin an election at term 4 for 0: [677c14b8-4d5e-43d4-9055-16cf4eb28bea:192.168.34.41:45640, 8703c04e-fd07-4d69-8fa0-282abe3b7659:192.168.34.41:44129, e1eabadf-1a6d-4a3e-8b12-0cbfd73f6235:192.168.34.41:44394], old=null
2019-08-21 11:13:40,157 INFO  impl.LeaderElection (LeaderElection.java:askForVotes(181)) - 8703c04e-fd07-4d69-8fa0-282abe3b7659:group-87B83155F175:LeaderElection53: begin an election at term 4 for 0: [677c14b8-4d5e-43d4-9055-16cf4eb28bea:192.168.34.41:45640, 8703c04e-fd07-4d69-8fa0-282abe3b7659:192.168.34.41:44129, e1eabadf-1a6d-4a3e-8b12-0cbfd73f6235:192.168.34.41:44394], old=null
2019-08-21 11:13:40,157 INFO  impl.LeaderElection (LeaderElection.java:askForVotes(181)) - 677c14b8-4d5e-43d4-9055-16cf4eb28bea:group-87B83155F175:LeaderElection52: begin an election at term 4 for -1: [677c14b8-4d5e-43d4-9055-16cf4eb28bea:192.168.34.41:45640, 8703c04e-fd07-4d69-8fa0-282abe3b7659:192.168.34.41:44129, e1eabadf-1a6d-4a3e-8b12-0cbfd73f6235:192.168.34.41:44394], old=null
2019-08-21 11:13:40,163 INFO  impl.LeaderElection (LeaderElection.java:logAndReturn(56)) - e1eabadf-1a6d-4a3e-8b12-0cbfd73f6235:group-87B83155F175:LeaderElection51: Election REJECTED; received 2 response(s) [e1eabadf-1a6d-4a3e-8b12-0cbfd73f6235<-677c14b8-4d5e-43d4-9055-16cf4eb28bea#0:FAIL-t4, e1eabadf-1a6d-4a3e-8b12-0cbfd73f6235<-8703c04e-fd07-4d69-8fa0-282abe3b7659#0:FAIL-t4] and 0 exception(s); e1eabadf-1a6d-4a3e-8b12-0cbfd73f6235:t4, leader=null, voted=e1eabadf-1a6d-4a3e-8b12-0cbfd73f6235, raftlog=e1eabadf-1a6d-4a3e-8b12-0cbfd73f6235-SegmentedRaftLog:OPENED:c-1,f0,i0, conf=0: [677c14b8-4d5e-43d4-9055-16cf4eb28bea:192.168.34.41:45640, 8703c04e-fd07-4d69-8fa0-282abe3b7659:192.168.34.41:44129, e1eabadf-1a6d-4a3e-8b12-0cbfd73f6235:192.168.34.41:44394], old=null
2019-08-21 11:13:40,163 INFO  impl.RaftServerImpl (RaftServerImpl.java:setRole(171)) - e1eabadf-1a6d-4a3e-8b12-0cbfd73f6235:group-87B83155F175 changes role from CANDIDATE to FOLLOWER at term 4 for DISCOVERED_A_NEW_TERM
2019-08-21 11:13:40,163 INFO  impl.LeaderElection (LeaderElection.java:logAndReturn(56)) - 677c14b8-4d5e-43d4-9055-16cf4eb28bea:group-87B83155F175:LeaderElection52: Election REJECTED; received 2 response(s) [677c14b8-4d5e-43d4-9055-16cf4eb28bea<-8703c04e-fd07-4d69-8fa0-282abe3b7659#0:FAIL-t4, 677c14b8-4d5e-43d4-9055-16cf4eb28bea<-e1eabadf-1a6d-4a3e-8b12-0cbfd73f6235#0:FAIL-t4] and 0 exception(s); 677c14b8-4d5e-43d4-9055-16cf4eb28bea:t4, leader=null, voted=677c14b8-4d5e-43d4-9055-16cf4eb28bea, raftlog=677c14b8-4d5e-43d4-9055-16cf4eb28bea-SegmentedRaftLog:OPENED:c-1,f-1,i0, conf=-1: [677c14b8-4d5e-43d4-9055-16cf4eb28bea:192.168.34.41:45640, 8703c04e-fd07-4d69-8fa0-282abe3b7659:192.168.34.41:44129, e1eabadf-1a6d-4a3e-8b12-0cbfd73f6235:192.168.34.41:44394], old=null
2019-08-21 11:13:40,163 INFO  impl.RoleInfo (RoleInfo.java:shutdownLeaderElection(134)) - e1eabadf-1a6d-4a3e-8b12-0cbfd73f6235: shutdown LeaderElection
2019-08-21 11:13:40,163 INFO  impl.RaftServerImpl (RaftServerImpl.java:setRole(171)) - 677c14b8-4d5e-43d4-9055-16cf4eb28bea:group-87B83155F175 changes role from CANDIDATE to FOLLOWER at term 4 for DISCOVERED_A_NEW_TERM
2019-08-21 11:13:40,163 INFO  impl.LeaderElection (LeaderElection.java:logAndReturn(56)) - 8703c04e-fd07-4d69-8fa0-282abe3b7659:group-87B83155F175:LeaderElection53: Election REJECTED; received 2 response(s) [8703c04e-fd07-4d69-8fa0-282abe3b7659<-677c14b8-4d5e-43d4-9055-16cf4eb28bea#0:FAIL-t4, 8703c04e-fd07-4d69-8fa0-282abe3b7659<-e1eabadf-1a6d-4a3e-8b12-0cbfd73f6235#0:FAIL-t4] and 0 exception(s); 8703c04e-fd07-4d69-8fa0-282abe3b7659:t4, leader=null, voted=8703c04e-fd07-4d69-8fa0-282abe3b7659, raftlog=8703c04e-fd07-4d69-8fa0-282abe3b7659-SegmentedRaftLog:OPENED:c-1,f0,i0, conf=0: [677c14b8-4d5e-43d4-9055-16cf4eb28bea:192.168.34.41:45640, 8703c04e-fd07-4d69-8fa0-282abe3b7659:192.168.34.41:44129, e1eabadf-1a6d-4a3e-8b12-0cbfd73f6235:192.168.34.41:44394], old=null
2019-08-21 11:13:40,163 INFO  impl.RoleInfo (RoleInfo.java:shutdownLeaderElection(134)) - 677c14b8-4d5e-43d4-9055-16cf4eb28bea: shutdown LeaderElection
2019-08-21 11:13:40,163 INFO  impl.RoleInfo (RoleInfo.java:updateAndGet(143)) - e1eabadf-1a6d-4a3e-8b12-0cbfd73f6235: start FollowerState
2019-08-21 11:13:40,164 INFO  impl.RoleInfo (RoleInfo.java:updateAndGet(143)) - 677c14b8-4d5e-43d4-9055-16cf4eb28bea: start FollowerState
2019-08-21 11:13:40,164 INFO  impl.RaftServerImpl (RaftServerImpl.java:setRole(171)) - 8703c04e-fd07-4d69-8fa0-282abe3b7659:group-87B83155F175 changes role from CANDIDATE to FOLLOWER at term 4 for DISCOVERED_A_NEW_TERM
2019-08-21 11:13:40,164 INFO  impl.RoleInfo (RoleInfo.java:shutdownLeaderElection(134)) - 8703c04e-fd07-4d69-8fa0-282abe3b7659: shutdown LeaderElection
2019-08-21 11:13:40,165 INFO  impl.RoleInfo (RoleInfo.java:updateAndGet(143)) - 8703c04e-fd07-4d69-8fa0-282abe3b7659: start FollowerState
2019-08-21 11:13:40,952 INFO  client.GrpcClientProtocolClient (GrpcClientProtocolClient.java:onNext(255)) - client-3AE274E6F73C->8703c04e-fd07-4d69-8fa0-282abe3b7659: receive RaftClientReply:client-3AE274E6F73C->8703c04e-fd07-4d69-8fa0-282abe3b7659@group-87B83155F175, cid=50, FAILED org.apache.ratis.protocol.NotLeaderException: Server 8703c04e-fd07-4d69-8fa0-282abe3b7659 is not the leader (null). Request must be sent to leader., logIndex=0, commits[8703c04e-fd07-4d69-8fa0-282abe3b7659:c-1, 677c14b8-4d5e-43d4-9055-16cf4eb28bea:c-1, e1eabadf-1a6d-4a3e-8b12-0cbfd73f6235:c-1]
2019-08-21 11:13:41,968 INFO  client.GrpcClientProtocolClient (GrpcClientProtocolClient.java:onNext(255)) - client-3AE274E6F73C->677c14b8-4d5e-43d4-9055-16cf4eb28bea: receive RaftClientReply:client-3AE274E6F73C->677c14b8-4d5e-43d4-9055-16cf4eb28bea@group-87B83155F175, cid=50, FAILED org.apache.ratis.protocol.NotLeaderException: Server 677c14b8-4d5e-43d4-9055-16cf4eb28bea is not the leader (null). Request must be sent to leader., logIndex=0, commits[677c14b8-4d5e-43d4-9055-16cf4eb28bea:c-1]
2019-08-21 11:13:42,985 INFO  client.GrpcClientProtocolClient (GrpcClientProtocolClient.java:onNext(255)) - client-3AE274E6F73C->e1eabadf-1a6d-4a3e-8b12-0cbfd73f6235: receive RaftClientReply:client-3AE274E6F73C->e1eabadf-1a6d-4a3e-8b12-0cbfd73f6235@group-87B83155F175, cid=50, FAILED org.apache.ratis.protocol.NotLeaderException: Server e1eabadf-1a6d-4a3e-8b12-0cbfd73f6235 is not the leader (null). Request must be sent to leader., logIndex=0, commits[e1eabadf-1a6d-4a3e-8b12-0cbfd73f6235:c-1, 677c14b8-4d5e-43d4-9055-16cf4eb28bea:c-1, 8703c04e-fd07-4d69-8fa0-282abe3b7659:c-1]
2019-08-21 11:13:44,003 INFO  client.GrpcClientProtocolClient (GrpcClientProtocolClient.java:onNext(255)) - client-3AE274E6F73C->677c14b8-4d5e-43d4-9055-16cf4eb28bea: receive RaftClientReply:client-3AE274E6F73C->677c14b8-4d5e-43d4-9055-16cf4eb28bea@group-87B83155F175, cid=50, FAILED org.apache.ratis.protocol.NotLeaderException: Server 677c14b8-4d5e-43d4-9055-16cf4eb28bea is not the leader (null). Request must be sent to leader., logIndex=0, commits[677c14b8-4d5e-43d4-9055-16cf4eb28bea:c-1]
2019-08-21 11:13:45,018 INFO  client.GrpcClientProtocolClient (GrpcClientProtocolClient.java:onNext(255)) - client-3AE274E6F73C->e1eabadf-1a6d-4a3e-8b12-0cbfd73f6235: receive RaftClientReply:client-3AE274E6F73C->e1eabadf-1a6d-4a3e-8b12-0cbfd73f6235@group-87B83155F175, cid=50, FAILED org.apache.ratis.protocol.NotLeaderException: Server e1eabadf-1a6d-4a3e-8b12-0cbfd73f6235 is not the leader (null). Request must be sent to leader., logIndex=0, commits[e1eabadf-1a6d-4a3e-8b12-0cbfd73f6235:c-1, 677c14b8-4d5e-43d4-9055-16cf4eb28bea:c-1, 8703c04e-fd07-4d69-8fa0-282abe3b7659:c-1]
]]></system-out>
    <system-err><![CDATA[Aug 21, 2019 11:13:19 AM com.sun.jersey.server.impl.application.WebApplicationImpl _initiate
INFO: Initiating Jersey application, version 'Jersey: 1.19 02/11/2015 03:25 AM'
Aug 21, 2019 11:13:20 AM com.sun.jersey.server.impl.application.WebApplicationImpl _initiate
INFO: Initiating Jersey application, version 'Jersey: 1.19 02/11/2015 03:25 AM'
Aug 21, 2019 11:13:20 AM com.sun.jersey.server.impl.application.WebApplicationImpl _initiate
INFO: Initiating Jersey application, version 'Jersey: 1.19 02/11/2015 03:25 AM'
Aug 21, 2019 11:13:20 AM com.sun.jersey.server.impl.application.WebApplicationImpl _initiate
INFO: Initiating Jersey application, version 'Jersey: 1.19 02/11/2015 03:25 AM'
Aug 21, 2019 11:13:20 AM com.sun.jersey.server.impl.application.WebApplicationImpl _initiate
INFO: Initiating Jersey application, version 'Jersey: 1.19 02/11/2015 03:25 AM'
Aug 21, 2019 11:13:21 AM com.sun.jersey.server.impl.application.WebApplicationImpl _initiate
INFO: Initiating Jersey application, version 'Jersey: 1.19 02/11/2015 03:25 AM'
Aug 21, 2019 11:13:21 AM com.sun.jersey.server.impl.application.WebApplicationImpl _initiate
INFO: Initiating Jersey application, version 'Jersey: 1.19 02/11/2015 03:25 AM'
]]></system-err>
  </testcase>
  <testcase name="testWatchForCommitForRetryfailure" classname="org.apache.hadoop.ozone.client.rpc.TestWatchForCommit" time="59.125"/>
  <testcase name="testWatchForCommitForGroupMismatchException" classname="org.apache.hadoop.ozone.client.rpc.TestWatchForCommit" time="33.178"/>
  <testcase name="test2WayCommitForTimeoutException" classname="org.apache.hadoop.ozone.client.rpc.TestWatchForCommit" time="35.923"/>
</testsuite>