<?xml version="1.0" encoding="UTF-8"?>
<testsuite xmlns:xsi="http://www.w3.org/2001/XMLSchema-instance" xsi:noNamespaceSchemaLocation="https://maven.apache.org/surefire/maven-surefire-plugin/xsd/surefire-test-report.xsd" name="org.apache.hadoop.ozone.freon.TestRandomKeyGenerator" time="143.527" tests="5" errors="1" skipped="0" failures="0">
  <properties>
    <property name="awt.toolkit" value="sun.awt.X11.XToolkit"/>
    <property name="file.encoding.pkg" value="sun.io"/>
    <property name="java.specification.version" value="1.8"/>
    <property name="sun.cpu.isalist" value=""/>
    <property name="sun.jnu.encoding" value="UTF-8"/>
    <property name="java.class.path" value="/tmp/workdir/hadoop-ozone/tools/target/test-classes:/tmp/workdir/hadoop-ozone/tools/target/classes:/tmp/workdir/hadoop-ozone/ozone-manager/target/classes:/tmp/workdir/hadoop-hdds/docs/target/classes:/home/user/.m2/repository/org/bouncycastle/bcprov-jdk15on/1.60/bcprov-jdk15on-1.60.jar:/tmp/workdir/hadoop-ozone/common/target/classes:/home/user/.m2/repository/org/apache/commons/commons-compress/1.4.1/commons-compress-1.4.1.jar:/home/user/.m2/repository/org/tukaani/xz/1.0/xz-1.0.jar:/home/user/.m2/repository/org/apache/hadoop/hadoop-hdfs-client/3.2.0/hadoop-hdfs-client-3.2.0.jar:/home/user/.m2/repository/com/fasterxml/jackson/core/jackson-annotations/2.9.5/jackson-annotations-2.9.5.jar:/tmp/workdir/hadoop-hdds/common/target/classes:/tmp/workdir/hadoop-hdds/config/target/classes:/home/user/.m2/repository/javax/annotation/javax.annotation-api/1.2/javax.annotation-api-1.2.jar:/home/user/.m2/repository/org/apache/ratis/ratis-server/0.4.0-2337318-SNAPSHOT/ratis-server-0.4.0-2337318-SNAPSHOT.jar:/home/user/.m2/repository/org/apache/ratis/ratis-thirdparty-misc/0.2.0/ratis-thirdparty-misc-0.2.0.jar:/home/user/.m2/repository/org/apache/ratis/ratis-proto/0.4.0-2337318-SNAPSHOT/ratis-proto-0.4.0-2337318-SNAPSHOT.jar:/home/user/.m2/repository/org/apache/ratis/ratis-common/0.4.0-2337318-SNAPSHOT/ratis-common-0.4.0-2337318-SNAPSHOT.jar:/home/user/.m2/repository/org/apache/ratis/ratis-client/0.4.0-2337318-SNAPSHOT/ratis-client-0.4.0-2337318-SNAPSHOT.jar:/home/user/.m2/repository/org/apache/ratis/ratis-metrics/0.4.0-2337318-SNAPSHOT/ratis-metrics-0.4.0-2337318-SNAPSHOT.jar:/home/user/.m2/repository/org/apache/ratis/ratis-netty/0.4.0-2337318-SNAPSHOT/ratis-netty-0.4.0-2337318-SNAPSHOT.jar:/home/user/.m2/repository/org/apache/ratis/ratis-grpc/0.4.0-2337318-SNAPSHOT/ratis-grpc-0.4.0-2337318-SNAPSHOT.jar:/home/user/.m2/repository/org/rocksdb/rocksdbjni/6.0.1/rocksdbjni-6.0.1.jar:/home/user/.m2/repository/org/apache/logging/log4j/log4j-api/2.11.0/log4j-api-2.11.0.jar:/home/user/.m2/repository/org/apache/logging/log4j/log4j-core/2.11.0/log4j-core-2.11.0.jar:/home/user/.m2/repository/com/lmax/disruptor/3.4.2/disruptor-3.4.2.jar:/home/user/.m2/repository/org/apache/commons/commons-pool2/2.6.0/commons-pool2-2.6.0.jar:/home/user/.m2/repository/org/bouncycastle/bcpkix-jdk15on/1.60/bcpkix-jdk15on-1.60.jar:/home/user/.m2/repository/commons-validator/commons-validator/1.6/commons-validator-1.6.jar:/home/user/.m2/repository/commons-digester/commons-digester/1.8.1/commons-digester-1.8.1.jar:/home/user/.m2/repository/io/jaegertracing/jaeger-client/0.33.1/jaeger-client-0.33.1.jar:/home/user/.m2/repository/io/jaegertracing/jaeger-thrift/0.33.1/jaeger-thrift-0.33.1.jar:/home/user/.m2/repository/org/apache/thrift/libthrift/0.11.0/libthrift-0.11.0.jar:/home/user/.m2/repository/com/squareup/okhttp3/okhttp/3.9.0/okhttp-3.9.0.jar:/home/user/.m2/repository/com/squareup/okio/okio/1.13.0/okio-1.13.0.jar:/home/user/.m2/repository/io/jaegertracing/jaeger-core/0.33.1/jaeger-core-0.33.1.jar:/home/user/.m2/repository/io/jaegertracing/jaeger-tracerresolver/0.33.1/jaeger-tracerresolver-0.33.1.jar:/home/user/.m2/repository/io/opentracing/contrib/opentracing-tracerresolver/0.1.5/opentracing-tracerresolver-0.1.5.jar:/home/user/.m2/repository/io/opentracing/opentracing-util/0.31.0/opentracing-util-0.31.0.jar:/home/user/.m2/repository/io/opentracing/opentracing-api/0.31.0/opentracing-api-0.31.0.jar:/home/user/.m2/repository/io/opentracing/opentracing-noop/0.31.0/opentracing-noop-0.31.0.jar:/home/user/.m2/repository/org/yaml/snakeyaml/1.16/snakeyaml-1.16.jar:/tmp/workdir/hadoop-hdds/container-service/target/classes:/tmp/workdir/hadoop-hdds/client/target/classes:/tmp/workdir/hadoop-hdds/tools/target/classes:/home/user/.m2/repository/org/xerial/sqlite-jdbc/3.25.2/sqlite-jdbc-3.25.2.jar:/tmp/workdir/hadoop-hdds/server-scm/target/classes:/home/user/.m2/repository/org/hamcrest/hamcrest-all/1.3/hamcrest-all-1.3.jar:/home/user/.m2/repository/info/picocli/picocli/3.9.6/picocli-3.9.6.jar:/home/user/.m2/repository/com/google/protobuf/protobuf-java/2.5.0/protobuf-java-2.5.0.jar:/home/user/.m2/repository/com/google/guava/guava/11.0.2/guava-11.0.2.jar:/tmp/workdir/hadoop-ozone/client/target/classes:/home/user/.m2/repository/org/apache/hadoop/hadoop-ozone-filesystem/0.5.0-SNAPSHOT/hadoop-ozone-filesystem-0.5.0-SNAPSHOT.jar:/tmp/workdir/hadoop-hdds/framework/target/classes:/home/user/.m2/repository/org/apache/hadoop/hadoop-common/3.2.0/hadoop-common-3.2.0.jar:/home/user/.m2/repository/org/apache/hadoop/hadoop-annotations/3.2.0/hadoop-annotations-3.2.0.jar:/usr/lib/jvm/java-1.8-openjdk/jre/../lib/tools.jar:/home/user/.m2/repository/commons-cli/commons-cli/1.2/commons-cli-1.2.jar:/home/user/.m2/repository/org/apache/commons/commons-math3/3.1.1/commons-math3-3.1.1.jar:/home/user/.m2/repository/org/apache/httpcomponents/httpclient/4.5.2/httpclient-4.5.2.jar:/home/user/.m2/repository/org/apache/httpcomponents/httpcore/4.4.4/httpcore-4.4.4.jar:/home/user/.m2/repository/commons-codec/commons-codec/1.11/commons-codec-1.11.jar:/home/user/.m2/repository/commons-io/commons-io/2.5/commons-io-2.5.jar:/home/user/.m2/repository/commons-net/commons-net/3.6/commons-net-3.6.jar:/home/user/.m2/repository/commons-collections/commons-collections/3.2.2/commons-collections-3.2.2.jar:/home/user/.m2/repository/javax/servlet/javax.servlet-api/3.1.0/javax.servlet-api-3.1.0.jar:/home/user/.m2/repository/org/eclipse/jetty/jetty-server/9.3.24.v20180605/jetty-server-9.3.24.v20180605.jar:/home/user/.m2/repository/org/eclipse/jetty/jetty-http/9.3.24.v20180605/jetty-http-9.3.24.v20180605.jar:/home/user/.m2/repository/org/eclipse/jetty/jetty-io/9.3.24.v20180605/jetty-io-9.3.24.v20180605.jar:/home/user/.m2/repository/org/eclipse/jetty/jetty-util/9.3.24.v20180605/jetty-util-9.3.24.v20180605.jar:/home/user/.m2/repository/org/eclipse/jetty/jetty-servlet/9.3.24.v20180605/jetty-servlet-9.3.24.v20180605.jar:/home/user/.m2/repository/org/eclipse/jetty/jetty-security/9.3.24.v20180605/jetty-security-9.3.24.v20180605.jar:/home/user/.m2/repository/org/eclipse/jetty/jetty-webapp/9.3.24.v20180605/jetty-webapp-9.3.24.v20180605.jar:/home/user/.m2/repository/org/eclipse/jetty/jetty-xml/9.3.24.v20180605/jetty-xml-9.3.24.v20180605.jar:/home/user/.m2/repository/javax/servlet/jsp/jsp-api/2.1/jsp-api-2.1.jar:/home/user/.m2/repository/com/sun/jersey/jersey-core/1.19/jersey-core-1.19.jar:/home/user/.m2/repository/javax/ws/rs/jsr311-api/1.1.1/jsr311-api-1.1.1.jar:/home/user/.m2/repository/com/sun/jersey/jersey-servlet/1.19/jersey-servlet-1.19.jar:/home/user/.m2/repository/com/sun/jersey/jersey-json/1.19/jersey-json-1.19.jar:/home/user/.m2/repository/org/codehaus/jettison/jettison/1.1/jettison-1.1.jar:/home/user/.m2/repository/com/sun/xml/bind/jaxb-impl/2.3.0.1/jaxb-impl-2.3.0.1.jar:/home/user/.m2/repository/org/codehaus/jackson/jackson-core-asl/1.9.13/jackson-core-asl-1.9.13.jar:/home/user/.m2/repository/org/codehaus/jackson/jackson-mapper-asl/1.9.13/jackson-mapper-asl-1.9.13.jar:/home/user/.m2/repository/org/codehaus/jackson/jackson-jaxrs/1.9.13/jackson-jaxrs-1.9.13.jar:/home/user/.m2/repository/org/codehaus/jackson/jackson-xc/1.9.13/jackson-xc-1.9.13.jar:/home/user/.m2/repository/com/sun/jersey/jersey-server/1.19/jersey-server-1.19.jar:/home/user/.m2/repository/commons-logging/commons-logging/1.1.3/commons-logging-1.1.3.jar:/home/user/.m2/repository/log4j/log4j/1.2.17/log4j-1.2.17.jar:/home/user/.m2/repository/commons-beanutils/commons-beanutils/1.9.3/commons-beanutils-1.9.3.jar:/home/user/.m2/repository/org/apache/commons/commons-configuration2/2.1.1/commons-configuration2-2.1.1.jar:/home/user/.m2/repository/org/apache/commons/commons-lang3/3.7/commons-lang3-3.7.jar:/home/user/.m2/repository/org/apache/commons/commons-text/1.4/commons-text-1.4.jar:/home/user/.m2/repository/org/slf4j/slf4j-api/1.7.25/slf4j-api-1.7.25.jar:/home/user/.m2/repository/org/slf4j/slf4j-log4j12/1.7.25/slf4j-log4j12-1.7.25.jar:/home/user/.m2/repository/org/apache/avro/avro/1.7.7/avro-1.7.7.jar:/home/user/.m2/repository/com/thoughtworks/paranamer/paranamer/2.3/paranamer-2.3.jar:/home/user/.m2/repository/org/xerial/snappy/snappy-java/1.0.5/snappy-java-1.0.5.jar:/home/user/.m2/repository/com/google/re2j/re2j/1.1/re2j-1.1.jar:/home/user/.m2/repository/com/google/code/gson/gson/2.2.4/gson-2.2.4.jar:/home/user/.m2/repository/org/apache/hadoop/hadoop-auth/3.2.0/hadoop-auth-3.2.0.jar:/home/user/.m2/repository/com/nimbusds/nimbus-jose-jwt/4.41.1/nimbus-jose-jwt-4.41.1.jar:/home/user/.m2/repository/com/github/stephenc/jcip/jcip-annotations/1.0-1/jcip-annotations-1.0-1.jar:/home/user/.m2/repository/net/minidev/json-smart/2.3/json-smart-2.3.jar:/home/user/.m2/repository/net/minidev/accessors-smart/1.2/accessors-smart-1.2.jar:/home/user/.m2/repository/org/apache/curator/curator-framework/2.12.0/curator-framework-2.12.0.jar:/home/user/.m2/repository/com/jcraft/jsch/0.1.54/jsch-0.1.54.jar:/home/user/.m2/repository/org/apache/curator/curator-client/2.12.0/curator-client-2.12.0.jar:/home/user/.m2/repository/org/apache/curator/curator-recipes/2.12.0/curator-recipes-2.12.0.jar:/home/user/.m2/repository/com/google/code/findbugs/jsr305/3.0.0/jsr305-3.0.0.jar:/home/user/.m2/repository/org/apache/htrace/htrace-core4/4.1.0-incubating/htrace-core4-4.1.0-incubating.jar:/home/user/.m2/repository/org/apache/zookeeper/zookeeper/3.4.13/zookeeper-3.4.13.jar:/home/user/.m2/repository/org/apache/yetus/audience-annotations/0.5.0/audience-annotations-0.5.0.jar:/home/user/.m2/repository/org/apache/kerby/kerb-simplekdc/1.0.1/kerb-simplekdc-1.0.1.jar:/home/user/.m2/repository/org/apache/kerby/kerb-client/1.0.1/kerb-client-1.0.1.jar:/home/user/.m2/repository/org/apache/kerby/kerby-config/1.0.1/kerby-config-1.0.1.jar:/home/user/.m2/repository/org/apache/kerby/kerb-core/1.0.1/kerb-core-1.0.1.jar:/home/user/.m2/repository/org/apache/kerby/kerby-pkix/1.0.1/kerby-pkix-1.0.1.jar:/home/user/.m2/repository/org/apache/kerby/kerby-asn1/1.0.1/kerby-asn1-1.0.1.jar:/home/user/.m2/repository/org/apache/kerby/kerby-util/1.0.1/kerby-util-1.0.1.jar:/home/user/.m2/repository/org/apache/kerby/kerb-common/1.0.1/kerb-common-1.0.1.jar:/home/user/.m2/repository/org/apache/kerby/kerb-crypto/1.0.1/kerb-crypto-1.0.1.jar:/home/user/.m2/repository/org/apache/kerby/kerb-util/1.0.1/kerb-util-1.0.1.jar:/home/user/.m2/repository/org/apache/kerby/token-provider/1.0.1/token-provider-1.0.1.jar:/home/user/.m2/repository/org/apache/kerby/kerb-admin/1.0.1/kerb-admin-1.0.1.jar:/home/user/.m2/repository/org/apache/kerby/kerb-server/1.0.1/kerb-server-1.0.1.jar:/home/user/.m2/repository/org/apache/kerby/kerb-identity/1.0.1/kerb-identity-1.0.1.jar:/home/user/.m2/repository/org/apache/kerby/kerby-xdr/1.0.1/kerby-xdr-1.0.1.jar:/home/user/.m2/repository/com/fasterxml/jackson/core/jackson-databind/2.9.5/jackson-databind-2.9.5.jar:/home/user/.m2/repository/com/fasterxml/jackson/core/jackson-core/2.9.5/jackson-core-2.9.5.jar:/home/user/.m2/repository/org/codehaus/woodstox/stax2-api/3.1.4/stax2-api-3.1.4.jar:/home/user/.m2/repository/com/fasterxml/woodstox/woodstox-core/5.0.3/woodstox-core-5.0.3.jar:/home/user/.m2/repository/dnsjava/dnsjava/2.1.7/dnsjava-2.1.7.jar:/home/user/.m2/repository/org/apache/hadoop/hadoop-hdfs/3.2.0/hadoop-hdfs-3.2.0.jar:/home/user/.m2/repository/org/eclipse/jetty/jetty-util-ajax/9.3.24.v20180605/jetty-util-ajax-9.3.24.v20180605.jar:/home/user/.m2/repository/commons-daemon/commons-daemon/1.0.13/commons-daemon-1.0.13.jar:/home/user/.m2/repository/io/netty/netty/3.10.5.Final/netty-3.10.5.Final.jar:/home/user/.m2/repository/io/netty/netty-all/4.0.52.Final/netty-all-4.0.52.Final.jar:/home/user/.m2/repository/org/fusesource/leveldbjni/leveldbjni-all/1.8/leveldbjni-all-1.8.jar:/home/user/.m2/repository/com/sun/xml/bind/jaxb-core/2.3.0.1/jaxb-core-2.3.0.1.jar:/home/user/.m2/repository/javax/xml/bind/jaxb-api/2.3.0/jaxb-api-2.3.0.jar:/home/user/.m2/repository/javax/activation/activation/1.1.1/activation-1.1.1.jar:/home/user/.m2/repository/io/dropwizard/metrics/metrics-core/3.2.4/metrics-core-3.2.4.jar:/home/user/.m2/repository/org/openjdk/jmh/jmh-core/1.19/jmh-core-1.19.jar:/home/user/.m2/repository/net/sf/jopt-simple/jopt-simple/4.6/jopt-simple-4.6.jar:/home/user/.m2/repository/org/openjdk/jmh/jmh-generator-annprocess/1.19/jmh-generator-annprocess-1.19.jar:/home/user/.m2/repository/com/google/code/findbugs/findbugs/3.0.1/findbugs-3.0.1.jar:/home/user/.m2/repository/net/jcip/jcip-annotations/1.0/jcip-annotations-1.0.jar:/home/user/.m2/repository/com/google/code/findbugs/bcel-findbugs/6.0/bcel-findbugs-6.0.jar:/home/user/.m2/repository/com/google/code/findbugs/jFormatString/2.0.1/jFormatString-2.0.1.jar:/home/user/.m2/repository/dom4j/dom4j/1.6.1/dom4j-1.6.1.jar:/home/user/.m2/repository/xml-apis/xml-apis/1.0.b2/xml-apis-1.0.b2.jar:/home/user/.m2/repository/org/ow2/asm/asm-debug-all/5.0.2/asm-debug-all-5.0.2.jar:/home/user/.m2/repository/org/ow2/asm/asm-commons/5.0.2/asm-commons-5.0.2.jar:/home/user/.m2/repository/org/ow2/asm/asm-tree/5.0.2/asm-tree-5.0.2.jar:/home/user/.m2/repository/org/ow2/asm/asm/5.0.4/asm-5.0.4.jar:/home/user/.m2/repository/commons-lang/commons-lang/2.6/commons-lang-2.6.jar:/home/user/.m2/repository/com/apple/AppleJavaExtensions/1.4/AppleJavaExtensions-1.4.jar:/home/user/.m2/repository/jaxen/jaxen/1.1.6/jaxen-1.1.6.jar:/home/user/.m2/repository/junit/junit/4.11/junit-4.11.jar:/home/user/.m2/repository/org/hamcrest/hamcrest-core/1.3/hamcrest-core-1.3.jar:/home/user/.m2/repository/org/apache/hadoop/hadoop-common/3.2.0/hadoop-common-3.2.0-tests.jar:/home/user/.m2/repository/org/apache/hadoop/hadoop-ozone-integration-test/0.5.0-SNAPSHOT/hadoop-ozone-integration-test-0.5.0-SNAPSHOT-tests.jar:/tmp/workdir/hadoop-ozone/objectstore-service/target/classes:/tmp/workdir/hadoop-ozone/s3gateway/target/classes:/home/user/.m2/repository/org/jboss/weld/servlet/weld-servlet/2.4.7.Final/weld-servlet-2.4.7.Final.jar:/home/user/.m2/repository/org/glassfish/jersey/containers/jersey-container-servlet-core/2.27/jersey-container-servlet-core-2.27.jar:/home/user/.m2/repository/org/glassfish/hk2/external/javax.inject/2.5.0-b42/javax.inject-2.5.0-b42.jar:/home/user/.m2/repository/org/glassfish/jersey/core/jersey-common/2.27/jersey-common-2.27.jar:/home/user/.m2/repository/org/glassfish/hk2/osgi-resource-locator/1.0.1/osgi-resource-locator-1.0.1.jar:/home/user/.m2/repository/javax/ws/rs/javax.ws.rs-api/2.1/javax.ws.rs-api-2.1.jar:/home/user/.m2/repository/org/glassfish/jersey/ext/cdi/jersey-cdi1x/2.27/jersey-cdi1x-2.27.jar:/home/user/.m2/repository/org/glassfish/jersey/inject/jersey-hk2/2.27/jersey-hk2-2.27.jar:/home/user/.m2/repository/org/glassfish/hk2/hk2-locator/2.5.0-b42/hk2-locator-2.5.0-b42.jar:/home/user/.m2/repository/org/javassist/javassist/3.22.0-CR2/javassist-3.22.0-CR2.jar:/home/user/.m2/repository/org/glassfish/hk2/hk2-api/2.5.0/hk2-api-2.5.0.jar:/home/user/.m2/repository/org/glassfish/hk2/external/jakarta.inject/2.5.0/jakarta.inject-2.5.0.jar:/home/user/.m2/repository/org/glassfish/hk2/hk2-utils/2.5.0/hk2-utils-2.5.0.jar:/home/user/.m2/repository/jakarta/annotation/jakarta.annotation-api/1.3.4/jakarta.annotation-api-1.3.4.jar:/home/user/.m2/repository/org/glassfish/hk2/external/aopalliance-repackaged/2.5.0/aopalliance-repackaged-2.5.0.jar:/home/user/.m2/repository/com/fasterxml/jackson/dataformat/jackson-dataformat-xml/2.9.0/jackson-dataformat-xml-2.9.0.jar:/home/user/.m2/repository/com/fasterxml/jackson/module/jackson-module-jaxb-annotations/2.9.5/jackson-module-jaxb-annotations-2.9.5.jar:/home/user/.m2/repository/javax/enterprise/cdi-api/1.2/cdi-api-1.2.jar:/home/user/.m2/repository/javax/el/javax.el-api/3.0.0/javax.el-api-3.0.0.jar:/home/user/.m2/repository/javax/interceptor/javax.interceptor-api/1.2/javax.interceptor-api-1.2.jar:/home/user/.m2/repository/javax/inject/javax.inject/1/javax.inject-1.jar:/tmp/workdir/hadoop-ozone/csi/target/classes:/home/user/.m2/repository/com/google/protobuf/protobuf-java-util/3.5.1/protobuf-java-util-3.5.1.jar:/home/user/.m2/repository/io/grpc/grpc-netty/1.17.1/grpc-netty-1.17.1.jar:/home/user/.m2/repository/io/grpc/grpc-core/1.17.1/grpc-core-1.17.1.jar:/home/user/.m2/repository/io/grpc/grpc-context/1.17.1/grpc-context-1.17.1.jar:/home/user/.m2/repository/com/google/errorprone/error_prone_annotations/2.2.0/error_prone_annotations-2.2.0.jar:/home/user/.m2/repository/org/codehaus/mojo/animal-sniffer-annotations/1.17/animal-sniffer-annotations-1.17.jar:/home/user/.m2/repository/io/opencensus/opencensus-api/0.17.0/opencensus-api-0.17.0.jar:/home/user/.m2/repository/io/opencensus/opencensus-contrib-grpc-metrics/0.17.0/opencensus-contrib-grpc-metrics-0.17.0.jar:/home/user/.m2/repository/io/netty/netty-codec-http2/4.1.30.Final/netty-codec-http2-4.1.30.Final.jar:/home/user/.m2/repository/io/netty/netty-codec-http/4.1.30.Final/netty-codec-http-4.1.30.Final.jar:/home/user/.m2/repository/io/netty/netty-codec/4.1.30.Final/netty-codec-4.1.30.Final.jar:/home/user/.m2/repository/io/netty/netty-handler/4.1.30.Final/netty-handler-4.1.30.Final.jar:/home/user/.m2/repository/io/netty/netty-handler-proxy/4.1.30.Final/netty-handler-proxy-4.1.30.Final.jar:/home/user/.m2/repository/io/netty/netty-codec-socks/4.1.30.Final/netty-codec-socks-4.1.30.Final.jar:/home/user/.m2/repository/io/netty/netty-transport-native-epoll/4.1.30.Final/netty-transport-native-epoll-4.1.30.Final.jar:/home/user/.m2/repository/io/netty/netty-common/4.1.30.Final/netty-common-4.1.30.Final.jar:/home/user/.m2/repository/io/netty/netty-buffer/4.1.30.Final/netty-buffer-4.1.30.Final.jar:/home/user/.m2/repository/io/netty/netty-transport/4.1.30.Final/netty-transport-4.1.30.Final.jar:/home/user/.m2/repository/io/netty/netty-resolver/4.1.30.Final/netty-resolver-4.1.30.Final.jar:/home/user/.m2/repository/io/netty/netty-transport-native-unix-common/4.1.30.Final/netty-transport-native-unix-common-4.1.30.Final.jar:/home/user/.m2/repository/io/grpc/grpc-protobuf/1.17.1/grpc-protobuf-1.17.1.jar:/home/user/.m2/repository/com/google/api/grpc/proto-google-common-protos/1.0.0/proto-google-common-protos-1.0.0.jar:/home/user/.m2/repository/io/grpc/grpc-protobuf-lite/1.17.1/grpc-protobuf-lite-1.17.1.jar:/home/user/.m2/repository/io/grpc/grpc-stub/1.17.1/grpc-stub-1.17.1.jar:/tmp/workdir/hadoop-ozone/ozone-recon/target/classes:/tmp/workdir/hadoop-ozone/ozone-recon-codegen/target/classes:/home/user/.m2/repository/com/google/inject/extensions/guice-multibindings/4.0/guice-multibindings-4.0.jar:/home/user/.m2/repository/com/google/inject/guice/4.0/guice-4.0.jar:/home/user/.m2/repository/aopalliance/aopalliance/1.0/aopalliance-1.0.jar:/home/user/.m2/repository/com/google/inject/extensions/guice-servlet/4.0/guice-servlet-4.0.jar:/home/user/.m2/repository/org/glassfish/jersey/containers/jersey-container-servlet/2.27/jersey-container-servlet-2.27.jar:/home/user/.m2/repository/org/glassfish/hk2/guice-bridge/2.5.0/guice-bridge-2.5.0.jar:/home/user/.m2/repository/org/glassfish/jersey/core/jersey-server/2.27/jersey-server-2.27.jar:/home/user/.m2/repository/org/glassfish/jersey/core/jersey-client/2.27/jersey-client-2.27.jar:/home/user/.m2/repository/org/glassfish/jersey/media/jersey-media-jaxb/2.27/jersey-media-jaxb-2.27.jar:/home/user/.m2/repository/javax/validation/validation-api/1.1.0.Final/validation-api-1.1.0.Final.jar:/home/user/.m2/repository/org/glassfish/jersey/media/jersey-media-json-jackson/2.27/jersey-media-json-jackson-2.27.jar:/home/user/.m2/repository/org/glassfish/jersey/ext/jersey-entity-filtering/2.27/jersey-entity-filtering-2.27.jar:/home/user/.m2/repository/com/google/inject/extensions/guice-assistedinject/4.0/guice-assistedinject-4.0.jar:/home/user/.m2/repository/org/jooq/jooq/3.11.10/jooq-3.11.10.jar:/home/user/.m2/repository/org/jooq/jooq-meta/3.11.10/jooq-meta-3.11.10.jar:/home/user/.m2/repository/org/jooq/jooq-codegen/3.11.10/jooq-codegen-3.11.10.jar:/home/user/.m2/repository/com/jolbox/bonecp/0.8.0.RELEASE/bonecp-0.8.0.RELEASE.jar:/home/user/.m2/repository/org/springframework/spring-jdbc/5.1.3.RELEASE/spring-jdbc-5.1.3.RELEASE.jar:/home/user/.m2/repository/org/springframework/spring-beans/5.1.3.RELEASE/spring-beans-5.1.3.RELEASE.jar:/home/user/.m2/repository/org/springframework/spring-core/5.1.3.RELEASE/spring-core-5.1.3.RELEASE.jar:/home/user/.m2/repository/org/springframework/spring-jcl/5.1.3.RELEASE/spring-jcl-5.1.3.RELEASE.jar:/home/user/.m2/repository/org/springframework/spring-tx/5.1.3.RELEASE/spring-tx-5.1.3.RELEASE.jar:/home/user/.m2/repository/org/mockito/mockito-core/2.15.0/mockito-core-2.15.0.jar:/home/user/.m2/repository/net/bytebuddy/byte-buddy/1.7.9/byte-buddy-1.7.9.jar:/home/user/.m2/repository/net/bytebuddy/byte-buddy-agent/1.7.9/byte-buddy-agent-1.7.9.jar:/home/user/.m2/repository/org/objenesis/objenesis/1.0/objenesis-1.0.jar:"/>
    <property name="java.vm.vendor" value="IcedTea"/>
    <property name="sun.arch.data.model" value="64"/>
    <property name="test.build.dir" value="/tmp/workdir/hadoop-ozone/tools/target/test-dir"/>
    <property name="test.cache.data" value=""/>
    <property name="java.vendor.url" value="https://icedtea.classpath.org"/>
    <property name="user.timezone" value=""/>
    <property name="java.vm.specification.version" value="1.8"/>
    <property name="os.name" value="Linux"/>
    <property name="test.build.data" value="/tmp/workdir/hadoop-ozone/tools/target/test-dir"/>
    <property name="user.country" value="US"/>
    <property name="sun.java.launcher" value="SUN_STANDARD"/>
    <property name="sun.boot.library.path" value="/usr/lib/jvm/java-1.8-openjdk/jre/lib/amd64"/>
    <property name="sun.java.command" value="/tmp/workdir/hadoop-ozone/tools/target/surefire/surefirebooter8083360177139683922.jar /tmp/workdir/hadoop-ozone/tools/target/surefire 2019-07-08T19-40-16_494-jvmRun1 surefire8105708784558825803tmp surefire_1075966423146349470479tmp"/>
    <property name="surefire.test.class.path" value="/tmp/workdir/hadoop-ozone/tools/target/test-classes:/tmp/workdir/hadoop-ozone/tools/target/classes:/tmp/workdir/hadoop-ozone/ozone-manager/target/classes:/tmp/workdir/hadoop-hdds/docs/target/classes:/home/user/.m2/repository/org/bouncycastle/bcprov-jdk15on/1.60/bcprov-jdk15on-1.60.jar:/tmp/workdir/hadoop-ozone/common/target/classes:/home/user/.m2/repository/org/apache/commons/commons-compress/1.4.1/commons-compress-1.4.1.jar:/home/user/.m2/repository/org/tukaani/xz/1.0/xz-1.0.jar:/home/user/.m2/repository/org/apache/hadoop/hadoop-hdfs-client/3.2.0/hadoop-hdfs-client-3.2.0.jar:/home/user/.m2/repository/com/fasterxml/jackson/core/jackson-annotations/2.9.5/jackson-annotations-2.9.5.jar:/tmp/workdir/hadoop-hdds/common/target/classes:/tmp/workdir/hadoop-hdds/config/target/classes:/home/user/.m2/repository/javax/annotation/javax.annotation-api/1.2/javax.annotation-api-1.2.jar:/home/user/.m2/repository/org/apache/ratis/ratis-server/0.4.0-2337318-SNAPSHOT/ratis-server-0.4.0-2337318-SNAPSHOT.jar:/home/user/.m2/repository/org/apache/ratis/ratis-thirdparty-misc/0.2.0/ratis-thirdparty-misc-0.2.0.jar:/home/user/.m2/repository/org/apache/ratis/ratis-proto/0.4.0-2337318-SNAPSHOT/ratis-proto-0.4.0-2337318-SNAPSHOT.jar:/home/user/.m2/repository/org/apache/ratis/ratis-common/0.4.0-2337318-SNAPSHOT/ratis-common-0.4.0-2337318-SNAPSHOT.jar:/home/user/.m2/repository/org/apache/ratis/ratis-client/0.4.0-2337318-SNAPSHOT/ratis-client-0.4.0-2337318-SNAPSHOT.jar:/home/user/.m2/repository/org/apache/ratis/ratis-metrics/0.4.0-2337318-SNAPSHOT/ratis-metrics-0.4.0-2337318-SNAPSHOT.jar:/home/user/.m2/repository/org/apache/ratis/ratis-netty/0.4.0-2337318-SNAPSHOT/ratis-netty-0.4.0-2337318-SNAPSHOT.jar:/home/user/.m2/repository/org/apache/ratis/ratis-grpc/0.4.0-2337318-SNAPSHOT/ratis-grpc-0.4.0-2337318-SNAPSHOT.jar:/home/user/.m2/repository/org/rocksdb/rocksdbjni/6.0.1/rocksdbjni-6.0.1.jar:/home/user/.m2/repository/org/apache/logging/log4j/log4j-api/2.11.0/log4j-api-2.11.0.jar:/home/user/.m2/repository/org/apache/logging/log4j/log4j-core/2.11.0/log4j-core-2.11.0.jar:/home/user/.m2/repository/com/lmax/disruptor/3.4.2/disruptor-3.4.2.jar:/home/user/.m2/repository/org/apache/commons/commons-pool2/2.6.0/commons-pool2-2.6.0.jar:/home/user/.m2/repository/org/bouncycastle/bcpkix-jdk15on/1.60/bcpkix-jdk15on-1.60.jar:/home/user/.m2/repository/commons-validator/commons-validator/1.6/commons-validator-1.6.jar:/home/user/.m2/repository/commons-digester/commons-digester/1.8.1/commons-digester-1.8.1.jar:/home/user/.m2/repository/io/jaegertracing/jaeger-client/0.33.1/jaeger-client-0.33.1.jar:/home/user/.m2/repository/io/jaegertracing/jaeger-thrift/0.33.1/jaeger-thrift-0.33.1.jar:/home/user/.m2/repository/org/apache/thrift/libthrift/0.11.0/libthrift-0.11.0.jar:/home/user/.m2/repository/com/squareup/okhttp3/okhttp/3.9.0/okhttp-3.9.0.jar:/home/user/.m2/repository/com/squareup/okio/okio/1.13.0/okio-1.13.0.jar:/home/user/.m2/repository/io/jaegertracing/jaeger-core/0.33.1/jaeger-core-0.33.1.jar:/home/user/.m2/repository/io/jaegertracing/jaeger-tracerresolver/0.33.1/jaeger-tracerresolver-0.33.1.jar:/home/user/.m2/repository/io/opentracing/contrib/opentracing-tracerresolver/0.1.5/opentracing-tracerresolver-0.1.5.jar:/home/user/.m2/repository/io/opentracing/opentracing-util/0.31.0/opentracing-util-0.31.0.jar:/home/user/.m2/repository/io/opentracing/opentracing-api/0.31.0/opentracing-api-0.31.0.jar:/home/user/.m2/repository/io/opentracing/opentracing-noop/0.31.0/opentracing-noop-0.31.0.jar:/home/user/.m2/repository/org/yaml/snakeyaml/1.16/snakeyaml-1.16.jar:/tmp/workdir/hadoop-hdds/container-service/target/classes:/tmp/workdir/hadoop-hdds/client/target/classes:/tmp/workdir/hadoop-hdds/tools/target/classes:/home/user/.m2/repository/org/xerial/sqlite-jdbc/3.25.2/sqlite-jdbc-3.25.2.jar:/tmp/workdir/hadoop-hdds/server-scm/target/classes:/home/user/.m2/repository/org/hamcrest/hamcrest-all/1.3/hamcrest-all-1.3.jar:/home/user/.m2/repository/info/picocli/picocli/3.9.6/picocli-3.9.6.jar:/home/user/.m2/repository/com/google/protobuf/protobuf-java/2.5.0/protobuf-java-2.5.0.jar:/home/user/.m2/repository/com/google/guava/guava/11.0.2/guava-11.0.2.jar:/tmp/workdir/hadoop-ozone/client/target/classes:/home/user/.m2/repository/org/apache/hadoop/hadoop-ozone-filesystem/0.5.0-SNAPSHOT/hadoop-ozone-filesystem-0.5.0-SNAPSHOT.jar:/tmp/workdir/hadoop-hdds/framework/target/classes:/home/user/.m2/repository/org/apache/hadoop/hadoop-common/3.2.0/hadoop-common-3.2.0.jar:/home/user/.m2/repository/org/apache/hadoop/hadoop-annotations/3.2.0/hadoop-annotations-3.2.0.jar:/usr/lib/jvm/java-1.8-openjdk/jre/../lib/tools.jar:/home/user/.m2/repository/commons-cli/commons-cli/1.2/commons-cli-1.2.jar:/home/user/.m2/repository/org/apache/commons/commons-math3/3.1.1/commons-math3-3.1.1.jar:/home/user/.m2/repository/org/apache/httpcomponents/httpclient/4.5.2/httpclient-4.5.2.jar:/home/user/.m2/repository/org/apache/httpcomponents/httpcore/4.4.4/httpcore-4.4.4.jar:/home/user/.m2/repository/commons-codec/commons-codec/1.11/commons-codec-1.11.jar:/home/user/.m2/repository/commons-io/commons-io/2.5/commons-io-2.5.jar:/home/user/.m2/repository/commons-net/commons-net/3.6/commons-net-3.6.jar:/home/user/.m2/repository/commons-collections/commons-collections/3.2.2/commons-collections-3.2.2.jar:/home/user/.m2/repository/javax/servlet/javax.servlet-api/3.1.0/javax.servlet-api-3.1.0.jar:/home/user/.m2/repository/org/eclipse/jetty/jetty-server/9.3.24.v20180605/jetty-server-9.3.24.v20180605.jar:/home/user/.m2/repository/org/eclipse/jetty/jetty-http/9.3.24.v20180605/jetty-http-9.3.24.v20180605.jar:/home/user/.m2/repository/org/eclipse/jetty/jetty-io/9.3.24.v20180605/jetty-io-9.3.24.v20180605.jar:/home/user/.m2/repository/org/eclipse/jetty/jetty-util/9.3.24.v20180605/jetty-util-9.3.24.v20180605.jar:/home/user/.m2/repository/org/eclipse/jetty/jetty-servlet/9.3.24.v20180605/jetty-servlet-9.3.24.v20180605.jar:/home/user/.m2/repository/org/eclipse/jetty/jetty-security/9.3.24.v20180605/jetty-security-9.3.24.v20180605.jar:/home/user/.m2/repository/org/eclipse/jetty/jetty-webapp/9.3.24.v20180605/jetty-webapp-9.3.24.v20180605.jar:/home/user/.m2/repository/org/eclipse/jetty/jetty-xml/9.3.24.v20180605/jetty-xml-9.3.24.v20180605.jar:/home/user/.m2/repository/javax/servlet/jsp/jsp-api/2.1/jsp-api-2.1.jar:/home/user/.m2/repository/com/sun/jersey/jersey-core/1.19/jersey-core-1.19.jar:/home/user/.m2/repository/javax/ws/rs/jsr311-api/1.1.1/jsr311-api-1.1.1.jar:/home/user/.m2/repository/com/sun/jersey/jersey-servlet/1.19/jersey-servlet-1.19.jar:/home/user/.m2/repository/com/sun/jersey/jersey-json/1.19/jersey-json-1.19.jar:/home/user/.m2/repository/org/codehaus/jettison/jettison/1.1/jettison-1.1.jar:/home/user/.m2/repository/com/sun/xml/bind/jaxb-impl/2.3.0.1/jaxb-impl-2.3.0.1.jar:/home/user/.m2/repository/org/codehaus/jackson/jackson-core-asl/1.9.13/jackson-core-asl-1.9.13.jar:/home/user/.m2/repository/org/codehaus/jackson/jackson-mapper-asl/1.9.13/jackson-mapper-asl-1.9.13.jar:/home/user/.m2/repository/org/codehaus/jackson/jackson-jaxrs/1.9.13/jackson-jaxrs-1.9.13.jar:/home/user/.m2/repository/org/codehaus/jackson/jackson-xc/1.9.13/jackson-xc-1.9.13.jar:/home/user/.m2/repository/com/sun/jersey/jersey-server/1.19/jersey-server-1.19.jar:/home/user/.m2/repository/commons-logging/commons-logging/1.1.3/commons-logging-1.1.3.jar:/home/user/.m2/repository/log4j/log4j/1.2.17/log4j-1.2.17.jar:/home/user/.m2/repository/commons-beanutils/commons-beanutils/1.9.3/commons-beanutils-1.9.3.jar:/home/user/.m2/repository/org/apache/commons/commons-configuration2/2.1.1/commons-configuration2-2.1.1.jar:/home/user/.m2/repository/org/apache/commons/commons-lang3/3.7/commons-lang3-3.7.jar:/home/user/.m2/repository/org/apache/commons/commons-text/1.4/commons-text-1.4.jar:/home/user/.m2/repository/org/slf4j/slf4j-api/1.7.25/slf4j-api-1.7.25.jar:/home/user/.m2/repository/org/slf4j/slf4j-log4j12/1.7.25/slf4j-log4j12-1.7.25.jar:/home/user/.m2/repository/org/apache/avro/avro/1.7.7/avro-1.7.7.jar:/home/user/.m2/repository/com/thoughtworks/paranamer/paranamer/2.3/paranamer-2.3.jar:/home/user/.m2/repository/org/xerial/snappy/snappy-java/1.0.5/snappy-java-1.0.5.jar:/home/user/.m2/repository/com/google/re2j/re2j/1.1/re2j-1.1.jar:/home/user/.m2/repository/com/google/code/gson/gson/2.2.4/gson-2.2.4.jar:/home/user/.m2/repository/org/apache/hadoop/hadoop-auth/3.2.0/hadoop-auth-3.2.0.jar:/home/user/.m2/repository/com/nimbusds/nimbus-jose-jwt/4.41.1/nimbus-jose-jwt-4.41.1.jar:/home/user/.m2/repository/com/github/stephenc/jcip/jcip-annotations/1.0-1/jcip-annotations-1.0-1.jar:/home/user/.m2/repository/net/minidev/json-smart/2.3/json-smart-2.3.jar:/home/user/.m2/repository/net/minidev/accessors-smart/1.2/accessors-smart-1.2.jar:/home/user/.m2/repository/org/apache/curator/curator-framework/2.12.0/curator-framework-2.12.0.jar:/home/user/.m2/repository/com/jcraft/jsch/0.1.54/jsch-0.1.54.jar:/home/user/.m2/repository/org/apache/curator/curator-client/2.12.0/curator-client-2.12.0.jar:/home/user/.m2/repository/org/apache/curator/curator-recipes/2.12.0/curator-recipes-2.12.0.jar:/home/user/.m2/repository/com/google/code/findbugs/jsr305/3.0.0/jsr305-3.0.0.jar:/home/user/.m2/repository/org/apache/htrace/htrace-core4/4.1.0-incubating/htrace-core4-4.1.0-incubating.jar:/home/user/.m2/repository/org/apache/zookeeper/zookeeper/3.4.13/zookeeper-3.4.13.jar:/home/user/.m2/repository/org/apache/yetus/audience-annotations/0.5.0/audience-annotations-0.5.0.jar:/home/user/.m2/repository/org/apache/kerby/kerb-simplekdc/1.0.1/kerb-simplekdc-1.0.1.jar:/home/user/.m2/repository/org/apache/kerby/kerb-client/1.0.1/kerb-client-1.0.1.jar:/home/user/.m2/repository/org/apache/kerby/kerby-config/1.0.1/kerby-config-1.0.1.jar:/home/user/.m2/repository/org/apache/kerby/kerb-core/1.0.1/kerb-core-1.0.1.jar:/home/user/.m2/repository/org/apache/kerby/kerby-pkix/1.0.1/kerby-pkix-1.0.1.jar:/home/user/.m2/repository/org/apache/kerby/kerby-asn1/1.0.1/kerby-asn1-1.0.1.jar:/home/user/.m2/repository/org/apache/kerby/kerby-util/1.0.1/kerby-util-1.0.1.jar:/home/user/.m2/repository/org/apache/kerby/kerb-common/1.0.1/kerb-common-1.0.1.jar:/home/user/.m2/repository/org/apache/kerby/kerb-crypto/1.0.1/kerb-crypto-1.0.1.jar:/home/user/.m2/repository/org/apache/kerby/kerb-util/1.0.1/kerb-util-1.0.1.jar:/home/user/.m2/repository/org/apache/kerby/token-provider/1.0.1/token-provider-1.0.1.jar:/home/user/.m2/repository/org/apache/kerby/kerb-admin/1.0.1/kerb-admin-1.0.1.jar:/home/user/.m2/repository/org/apache/kerby/kerb-server/1.0.1/kerb-server-1.0.1.jar:/home/user/.m2/repository/org/apache/kerby/kerb-identity/1.0.1/kerb-identity-1.0.1.jar:/home/user/.m2/repository/org/apache/kerby/kerby-xdr/1.0.1/kerby-xdr-1.0.1.jar:/home/user/.m2/repository/com/fasterxml/jackson/core/jackson-databind/2.9.5/jackson-databind-2.9.5.jar:/home/user/.m2/repository/com/fasterxml/jackson/core/jackson-core/2.9.5/jackson-core-2.9.5.jar:/home/user/.m2/repository/org/codehaus/woodstox/stax2-api/3.1.4/stax2-api-3.1.4.jar:/home/user/.m2/repository/com/fasterxml/woodstox/woodstox-core/5.0.3/woodstox-core-5.0.3.jar:/home/user/.m2/repository/dnsjava/dnsjava/2.1.7/dnsjava-2.1.7.jar:/home/user/.m2/repository/org/apache/hadoop/hadoop-hdfs/3.2.0/hadoop-hdfs-3.2.0.jar:/home/user/.m2/repository/org/eclipse/jetty/jetty-util-ajax/9.3.24.v20180605/jetty-util-ajax-9.3.24.v20180605.jar:/home/user/.m2/repository/commons-daemon/commons-daemon/1.0.13/commons-daemon-1.0.13.jar:/home/user/.m2/repository/io/netty/netty/3.10.5.Final/netty-3.10.5.Final.jar:/home/user/.m2/repository/io/netty/netty-all/4.0.52.Final/netty-all-4.0.52.Final.jar:/home/user/.m2/repository/org/fusesource/leveldbjni/leveldbjni-all/1.8/leveldbjni-all-1.8.jar:/home/user/.m2/repository/com/sun/xml/bind/jaxb-core/2.3.0.1/jaxb-core-2.3.0.1.jar:/home/user/.m2/repository/javax/xml/bind/jaxb-api/2.3.0/jaxb-api-2.3.0.jar:/home/user/.m2/repository/javax/activation/activation/1.1.1/activation-1.1.1.jar:/home/user/.m2/repository/io/dropwizard/metrics/metrics-core/3.2.4/metrics-core-3.2.4.jar:/home/user/.m2/repository/org/openjdk/jmh/jmh-core/1.19/jmh-core-1.19.jar:/home/user/.m2/repository/net/sf/jopt-simple/jopt-simple/4.6/jopt-simple-4.6.jar:/home/user/.m2/repository/org/openjdk/jmh/jmh-generator-annprocess/1.19/jmh-generator-annprocess-1.19.jar:/home/user/.m2/repository/com/google/code/findbugs/findbugs/3.0.1/findbugs-3.0.1.jar:/home/user/.m2/repository/net/jcip/jcip-annotations/1.0/jcip-annotations-1.0.jar:/home/user/.m2/repository/com/google/code/findbugs/bcel-findbugs/6.0/bcel-findbugs-6.0.jar:/home/user/.m2/repository/com/google/code/findbugs/jFormatString/2.0.1/jFormatString-2.0.1.jar:/home/user/.m2/repository/dom4j/dom4j/1.6.1/dom4j-1.6.1.jar:/home/user/.m2/repository/xml-apis/xml-apis/1.0.b2/xml-apis-1.0.b2.jar:/home/user/.m2/repository/org/ow2/asm/asm-debug-all/5.0.2/asm-debug-all-5.0.2.jar:/home/user/.m2/repository/org/ow2/asm/asm-commons/5.0.2/asm-commons-5.0.2.jar:/home/user/.m2/repository/org/ow2/asm/asm-tree/5.0.2/asm-tree-5.0.2.jar:/home/user/.m2/repository/org/ow2/asm/asm/5.0.4/asm-5.0.4.jar:/home/user/.m2/repository/commons-lang/commons-lang/2.6/commons-lang-2.6.jar:/home/user/.m2/repository/com/apple/AppleJavaExtensions/1.4/AppleJavaExtensions-1.4.jar:/home/user/.m2/repository/jaxen/jaxen/1.1.6/jaxen-1.1.6.jar:/home/user/.m2/repository/junit/junit/4.11/junit-4.11.jar:/home/user/.m2/repository/org/hamcrest/hamcrest-core/1.3/hamcrest-core-1.3.jar:/home/user/.m2/repository/org/apache/hadoop/hadoop-common/3.2.0/hadoop-common-3.2.0-tests.jar:/home/user/.m2/repository/org/apache/hadoop/hadoop-ozone-integration-test/0.5.0-SNAPSHOT/hadoop-ozone-integration-test-0.5.0-SNAPSHOT-tests.jar:/tmp/workdir/hadoop-ozone/objectstore-service/target/classes:/tmp/workdir/hadoop-ozone/s3gateway/target/classes:/home/user/.m2/repository/org/jboss/weld/servlet/weld-servlet/2.4.7.Final/weld-servlet-2.4.7.Final.jar:/home/user/.m2/repository/org/glassfish/jersey/containers/jersey-container-servlet-core/2.27/jersey-container-servlet-core-2.27.jar:/home/user/.m2/repository/org/glassfish/hk2/external/javax.inject/2.5.0-b42/javax.inject-2.5.0-b42.jar:/home/user/.m2/repository/org/glassfish/jersey/core/jersey-common/2.27/jersey-common-2.27.jar:/home/user/.m2/repository/org/glassfish/hk2/osgi-resource-locator/1.0.1/osgi-resource-locator-1.0.1.jar:/home/user/.m2/repository/javax/ws/rs/javax.ws.rs-api/2.1/javax.ws.rs-api-2.1.jar:/home/user/.m2/repository/org/glassfish/jersey/ext/cdi/jersey-cdi1x/2.27/jersey-cdi1x-2.27.jar:/home/user/.m2/repository/org/glassfish/jersey/inject/jersey-hk2/2.27/jersey-hk2-2.27.jar:/home/user/.m2/repository/org/glassfish/hk2/hk2-locator/2.5.0-b42/hk2-locator-2.5.0-b42.jar:/home/user/.m2/repository/org/javassist/javassist/3.22.0-CR2/javassist-3.22.0-CR2.jar:/home/user/.m2/repository/org/glassfish/hk2/hk2-api/2.5.0/hk2-api-2.5.0.jar:/home/user/.m2/repository/org/glassfish/hk2/external/jakarta.inject/2.5.0/jakarta.inject-2.5.0.jar:/home/user/.m2/repository/org/glassfish/hk2/hk2-utils/2.5.0/hk2-utils-2.5.0.jar:/home/user/.m2/repository/jakarta/annotation/jakarta.annotation-api/1.3.4/jakarta.annotation-api-1.3.4.jar:/home/user/.m2/repository/org/glassfish/hk2/external/aopalliance-repackaged/2.5.0/aopalliance-repackaged-2.5.0.jar:/home/user/.m2/repository/com/fasterxml/jackson/dataformat/jackson-dataformat-xml/2.9.0/jackson-dataformat-xml-2.9.0.jar:/home/user/.m2/repository/com/fasterxml/jackson/module/jackson-module-jaxb-annotations/2.9.5/jackson-module-jaxb-annotations-2.9.5.jar:/home/user/.m2/repository/javax/enterprise/cdi-api/1.2/cdi-api-1.2.jar:/home/user/.m2/repository/javax/el/javax.el-api/3.0.0/javax.el-api-3.0.0.jar:/home/user/.m2/repository/javax/interceptor/javax.interceptor-api/1.2/javax.interceptor-api-1.2.jar:/home/user/.m2/repository/javax/inject/javax.inject/1/javax.inject-1.jar:/tmp/workdir/hadoop-ozone/csi/target/classes:/home/user/.m2/repository/com/google/protobuf/protobuf-java-util/3.5.1/protobuf-java-util-3.5.1.jar:/home/user/.m2/repository/io/grpc/grpc-netty/1.17.1/grpc-netty-1.17.1.jar:/home/user/.m2/repository/io/grpc/grpc-core/1.17.1/grpc-core-1.17.1.jar:/home/user/.m2/repository/io/grpc/grpc-context/1.17.1/grpc-context-1.17.1.jar:/home/user/.m2/repository/com/google/errorprone/error_prone_annotations/2.2.0/error_prone_annotations-2.2.0.jar:/home/user/.m2/repository/org/codehaus/mojo/animal-sniffer-annotations/1.17/animal-sniffer-annotations-1.17.jar:/home/user/.m2/repository/io/opencensus/opencensus-api/0.17.0/opencensus-api-0.17.0.jar:/home/user/.m2/repository/io/opencensus/opencensus-contrib-grpc-metrics/0.17.0/opencensus-contrib-grpc-metrics-0.17.0.jar:/home/user/.m2/repository/io/netty/netty-codec-http2/4.1.30.Final/netty-codec-http2-4.1.30.Final.jar:/home/user/.m2/repository/io/netty/netty-codec-http/4.1.30.Final/netty-codec-http-4.1.30.Final.jar:/home/user/.m2/repository/io/netty/netty-codec/4.1.30.Final/netty-codec-4.1.30.Final.jar:/home/user/.m2/repository/io/netty/netty-handler/4.1.30.Final/netty-handler-4.1.30.Final.jar:/home/user/.m2/repository/io/netty/netty-handler-proxy/4.1.30.Final/netty-handler-proxy-4.1.30.Final.jar:/home/user/.m2/repository/io/netty/netty-codec-socks/4.1.30.Final/netty-codec-socks-4.1.30.Final.jar:/home/user/.m2/repository/io/netty/netty-transport-native-epoll/4.1.30.Final/netty-transport-native-epoll-4.1.30.Final.jar:/home/user/.m2/repository/io/netty/netty-common/4.1.30.Final/netty-common-4.1.30.Final.jar:/home/user/.m2/repository/io/netty/netty-buffer/4.1.30.Final/netty-buffer-4.1.30.Final.jar:/home/user/.m2/repository/io/netty/netty-transport/4.1.30.Final/netty-transport-4.1.30.Final.jar:/home/user/.m2/repository/io/netty/netty-resolver/4.1.30.Final/netty-resolver-4.1.30.Final.jar:/home/user/.m2/repository/io/netty/netty-transport-native-unix-common/4.1.30.Final/netty-transport-native-unix-common-4.1.30.Final.jar:/home/user/.m2/repository/io/grpc/grpc-protobuf/1.17.1/grpc-protobuf-1.17.1.jar:/home/user/.m2/repository/com/google/api/grpc/proto-google-common-protos/1.0.0/proto-google-common-protos-1.0.0.jar:/home/user/.m2/repository/io/grpc/grpc-protobuf-lite/1.17.1/grpc-protobuf-lite-1.17.1.jar:/home/user/.m2/repository/io/grpc/grpc-stub/1.17.1/grpc-stub-1.17.1.jar:/tmp/workdir/hadoop-ozone/ozone-recon/target/classes:/tmp/workdir/hadoop-ozone/ozone-recon-codegen/target/classes:/home/user/.m2/repository/com/google/inject/extensions/guice-multibindings/4.0/guice-multibindings-4.0.jar:/home/user/.m2/repository/com/google/inject/guice/4.0/guice-4.0.jar:/home/user/.m2/repository/aopalliance/aopalliance/1.0/aopalliance-1.0.jar:/home/user/.m2/repository/com/google/inject/extensions/guice-servlet/4.0/guice-servlet-4.0.jar:/home/user/.m2/repository/org/glassfish/jersey/containers/jersey-container-servlet/2.27/jersey-container-servlet-2.27.jar:/home/user/.m2/repository/org/glassfish/hk2/guice-bridge/2.5.0/guice-bridge-2.5.0.jar:/home/user/.m2/repository/org/glassfish/jersey/core/jersey-server/2.27/jersey-server-2.27.jar:/home/user/.m2/repository/org/glassfish/jersey/core/jersey-client/2.27/jersey-client-2.27.jar:/home/user/.m2/repository/org/glassfish/jersey/media/jersey-media-jaxb/2.27/jersey-media-jaxb-2.27.jar:/home/user/.m2/repository/javax/validation/validation-api/1.1.0.Final/validation-api-1.1.0.Final.jar:/home/user/.m2/repository/org/glassfish/jersey/media/jersey-media-json-jackson/2.27/jersey-media-json-jackson-2.27.jar:/home/user/.m2/repository/org/glassfish/jersey/ext/jersey-entity-filtering/2.27/jersey-entity-filtering-2.27.jar:/home/user/.m2/repository/com/google/inject/extensions/guice-assistedinject/4.0/guice-assistedinject-4.0.jar:/home/user/.m2/repository/org/jooq/jooq/3.11.10/jooq-3.11.10.jar:/home/user/.m2/repository/org/jooq/jooq-meta/3.11.10/jooq-meta-3.11.10.jar:/home/user/.m2/repository/org/jooq/jooq-codegen/3.11.10/jooq-codegen-3.11.10.jar:/home/user/.m2/repository/com/jolbox/bonecp/0.8.0.RELEASE/bonecp-0.8.0.RELEASE.jar:/home/user/.m2/repository/org/springframework/spring-jdbc/5.1.3.RELEASE/spring-jdbc-5.1.3.RELEASE.jar:/home/user/.m2/repository/org/springframework/spring-beans/5.1.3.RELEASE/spring-beans-5.1.3.RELEASE.jar:/home/user/.m2/repository/org/springframework/spring-core/5.1.3.RELEASE/spring-core-5.1.3.RELEASE.jar:/home/user/.m2/repository/org/springframework/spring-jcl/5.1.3.RELEASE/spring-jcl-5.1.3.RELEASE.jar:/home/user/.m2/repository/org/springframework/spring-tx/5.1.3.RELEASE/spring-tx-5.1.3.RELEASE.jar:/home/user/.m2/repository/org/mockito/mockito-core/2.15.0/mockito-core-2.15.0.jar:/home/user/.m2/repository/net/bytebuddy/byte-buddy/1.7.9/byte-buddy-1.7.9.jar:/home/user/.m2/repository/net/bytebuddy/byte-buddy-agent/1.7.9/byte-buddy-agent-1.7.9.jar:/home/user/.m2/repository/org/objenesis/objenesis/1.0/objenesis-1.0.jar:"/>
    <property name="sun.cpu.endian" value="little"/>
    <property name="user.home" value="/home/user"/>
    <property name="user.language" value="en"/>
    <property name="java.specification.vendor" value="Oracle Corporation"/>
    <property name="java.home" value="/usr/lib/jvm/java-1.8-openjdk/jre"/>
    <property name="java.security.krb5.conf" value="/tmp/workdir/hadoop-ozone/tools/target/test-classes/krb5.conf"/>
    <property name="basedir" value="/tmp/workdir/hadoop-ozone/tools"/>
    <property name="file.separator" value="/"/>
    <property name="line.separator" value="&#10;"/>
    <property name="java.vm.specification.vendor" value="Oracle Corporation"/>
    <property name="java.specification.name" value="Java Platform API Specification"/>
    <property name="java.awt.graphicsenv" value="sun.awt.X11GraphicsEnvironment"/>
    <property name="surefire.real.class.path" value="/tmp/workdir/hadoop-ozone/tools/target/surefire/surefirebooter8083360177139683922.jar"/>
    <property name="hadoop.log.dir" value="/tmp/workdir/hadoop-ozone/tools/target/log"/>
    <property name="sun.boot.class.path" value="/usr/lib/jvm/java-1.8-openjdk/jre/lib/resources.jar:/usr/lib/jvm/java-1.8-openjdk/jre/lib/rt.jar:/usr/lib/jvm/java-1.8-openjdk/jre/lib/sunrsasign.jar:/usr/lib/jvm/java-1.8-openjdk/jre/lib/jsse.jar:/usr/lib/jvm/java-1.8-openjdk/jre/lib/jce.jar:/usr/lib/jvm/java-1.8-openjdk/jre/lib/charsets.jar:/usr/lib/jvm/java-1.8-openjdk/jre/lib/jfr.jar:/usr/lib/jvm/java-1.8-openjdk/jre/classes"/>
    <property name="sun.management.compiler" value="HotSpot 64-Bit Tiered Compilers"/>
    <property name="java.runtime.version" value="1.8.0_212-b04"/>
    <property name="java.net.preferIPv4Stack" value="true"/>
    <property name="user.name" value="jenkins1000"/>
    <property name="path.separator" value=":"/>
    <property name="java.security.egd" value="file:///dev/urandom"/>
    <property name="os.version" value="3.10.0-957.12.2.el7.x86_64"/>
    <property name="java.endorsed.dirs" value="/usr/lib/jvm/java-1.8-openjdk/jre/lib/endorsed"/>
    <property name="java.runtime.name" value="OpenJDK Runtime Environment"/>
    <property name="file.encoding" value="UTF-8"/>
    <property name="java.vm.name" value="OpenJDK 64-Bit Server VM"/>
    <property name="test.build.webapps" value=""/>
    <property name="localRepository" value="/home/user/.m2/repository"/>
    <property name="java.vendor.url.bug" value="https://icedtea.classpath.org/bugzilla"/>
    <property name="java.io.tmpdir" value="/tmp"/>
    <property name="require.test.libhadoop" value=""/>
    <property name="java.version" value="1.8.0_212"/>
    <property name="user.dir" value="/tmp/workdir/hadoop-ozone/tools"/>
    <property name="os.arch" value="amd64"/>
    <property name="java.vm.specification.name" value="Java Virtual Machine Specification"/>
    <property name="test.build.classes" value="/tmp/workdir/hadoop-ozone/tools/target/test-classes"/>
    <property name="java.awt.printerjob" value="sun.print.PSPrinterJob"/>
    <property name="sun.os.patch.level" value="unknown"/>
    <property name="hadoop.tmp.dir" value="/tmp/workdir/hadoop-ozone/tools/target/tmp"/>
    <property name="java.library.path" value="/usr/lib/jvm/java-1.8-openjdk/jre/lib/amd64/server:/usr/lib/jvm/java-1.8-openjdk/jre/lib/amd64:/usr/lib/jvm/java-1.8-openjdk/jre/../lib/amd64:/tmp/workdir/hadoop-ozone/tools/target/native/target/usr/local/lib:/tmp/workdir/hadoop-ozone/tools/../../hadoop-common-project/hadoop-common/target/native/target/usr/local/lib:/usr/java/packages/lib/amd64:/usr/lib64:/lib64:/lib:/usr/lib"/>
    <property name="java.vm.info" value="mixed mode"/>
    <property name="java.vendor" value="IcedTea"/>
    <property name="java.vm.version" value="25.212-b04"/>
    <property name="java.ext.dirs" value="/usr/lib/jvm/java-1.8-openjdk/jre/lib/ext:/usr/java/packages/lib/ext"/>
    <property name="sun.io.unicode.encoding" value="UnicodeLittle"/>
    <property name="java.class.version" value="52.0"/>
  </properties>
  <testcase name="ratisTest3" classname="org.apache.hadoop.ozone.freon.TestRandomKeyGenerator" time="5.318"/>
  <testcase name="testThreadPoolSize" classname="org.apache.hadoop.ozone.freon.TestRandomKeyGenerator" time="5.028"/>
  <testcase name="defaultTest" classname="org.apache.hadoop.ozone.freon.TestRandomKeyGenerator" time="5.026"/>
  <testcase name="bigFileThan2GB" classname="org.apache.hadoop.ozone.freon.TestRandomKeyGenerator" time="108.528">
    <error message="Allocated 0 blocks. Requested 1 blocks" type="INTERNAL_ERROR org.apache.hadoop.ozone.om.exceptions.OMException">INTERNAL_ERROR org.apache.hadoop.ozone.om.exceptions.OMException: Allocated 0 blocks. Requested 1 blocks
	at org.apache.hadoop.ozone.om.protocolPB.OzoneManagerProtocolClientSideTranslatorPB.handleError(OzoneManagerProtocolClientSideTranslatorPB.java:720)
	at org.apache.hadoop.ozone.om.protocolPB.OzoneManagerProtocolClientSideTranslatorPB.allocateBlock(OzoneManagerProtocolClientSideTranslatorPB.java:752)
	at org.apache.hadoop.ozone.client.io.BlockOutputStreamEntryPool.allocateNewBlock(BlockOutputStreamEntryPool.java:248)
	at org.apache.hadoop.ozone.client.io.BlockOutputStreamEntryPool.allocateBlockIfNeeded(BlockOutputStreamEntryPool.java:296)
	at org.apache.hadoop.ozone.client.io.KeyOutputStream.handleWrite(KeyOutputStream.java:201)
	at org.apache.hadoop.ozone.client.io.KeyOutputStream.write(KeyOutputStream.java:193)
	at org.apache.hadoop.ozone.client.io.OzoneOutputStream.write(OzoneOutputStream.java:49)
	at org.apache.hadoop.ozone.freon.RandomKeyGenerator$KeyProcessor.run(RandomKeyGenerator.java:693)
	at java.util.concurrent.Executors$RunnableAdapter.call(Executors.java:511)
	at java.util.concurrent.FutureTask.run(FutureTask.java:266)
	at java.util.concurrent.ThreadPoolExecutor.runWorker(ThreadPoolExecutor.java:1149)
	at java.util.concurrent.ThreadPoolExecutor$Worker.run(ThreadPoolExecutor.java:624)
	at java.lang.Thread.run(Thread.java:748)
</error>
    <system-out><![CDATA[2019-07-08 19:52:56,099 WARN  client.GrpcClientProtocolService (LogUtils.java:warn(134)) - 8-UnorderedRequestStreamObserver8: onError: org.apache.ratis.thirdparty.io.grpc.StatusRuntimeException: CANCELLED: cancelled before receiving half close
2019-07-08 19:53:03,966 INFO  freon.RandomKeyGenerator (RandomKeyGenerator.java:call(262)) - Number of Threads: 1
2019-07-08 19:53:03,967 INFO  freon.RandomKeyGenerator (RandomKeyGenerator.java:call(267)) - Number of Volumes: 1.
2019-07-08 19:53:03,967 INFO  freon.RandomKeyGenerator (RandomKeyGenerator.java:call(268)) - Number of Buckets per Volume: 1.
2019-07-08 19:53:03,968 INFO  freon.RandomKeyGenerator (RandomKeyGenerator.java:call(269)) - Number of Keys per Bucket: 1.
2019-07-08 19:53:03,968 INFO  freon.RandomKeyGenerator (RandomKeyGenerator.java:call(270)) - Key size: 2147483657 bytes
2019-07-08 19:53:03,968 INFO  freon.RandomKeyGenerator (RandomKeyGenerator.java:call(271)) - Buffer size: 4096 bytes
2019-07-08 19:53:03,970 INFO  freon.RandomKeyGenerator (RandomKeyGenerator.java:call(286)) - Data validation is enabled.
2019-07-08 19:53:03,970 INFO  freon.RandomKeyGenerator (RandomKeyGenerator.java:call(299)) - Starting progress bar Thread.

 0.00% |█                                                                                                    |  0/1 Time: 0:00:002019-07-08 19:53:03,972 INFO  rpc.RpcClient (RpcClient.java:createVolume(289)) - Creating Volume: vol-0-22037, with jenkins1000 as owner.
2019-07-08 19:53:03,986 INFO  rpc.RpcClient (RpcClient.java:createBucket(426)) - Creating Bucket: vol-0-22037/bucket-0-08050, with Versioning false and Storage Type set to DISK and Encryption set to false 
2019-07-08 19:53:04,078 INFO  client.GrpcClientProtocolClient (GrpcClientProtocolClient.java:onNext(255)) - client-B2F93226DCBB->a428730f-9893-43cb-a585-e65a7e8859c8: receive RaftClientReply:client-B2F93226DCBB->a428730f-9893-43cb-a585-e65a7e8859c8@group-50E32BB97A46, cid=600, FAILED org.apache.ratis.protocol.NotLeaderException: Server a428730f-9893-43cb-a585-e65a7e8859c8 is not the leader (056ae293-26b5-4d67-bc5d-e905a6760a80:192.168.157.252:35061). Request must be sent to leader., logIndex=0, commits[a428730f-9893-43cb-a585-e65a7e8859c8:c719, 056ae293-26b5-4d67-bc5d-e905a6760a80:c719, 994b73f6-7725-4304-b3a4-4941318c1d6c:c719]
2019-07-08 19:53:04,126 INFO  client.GrpcClientProtocolClient (GrpcClientProtocolClient.java:onNext(255)) - client-B2F93226DCBB->056ae293-26b5-4d67-bc5d-e905a6760a80: receive RaftClientReply:client-B2F93226DCBB->056ae293-26b5-4d67-bc5d-e905a6760a80@group-50E32BB97A46, cid=600, SUCCESS, logIndex=720, commits[056ae293-26b5-4d67-bc5d-e905a6760a80:c720, a428730f-9893-43cb-a585-e65a7e8859c8:c719, 994b73f6-7725-4304-b3a4-4941318c1d6c:c719]
2019-07-08 19:53:04,150 INFO  client.GrpcClientProtocolClient (GrpcClientProtocolClient.java:onNext(255)) - client-B2F93226DCBB->056ae293-26b5-4d67-bc5d-e905a6760a80: receive RaftClientReply:client-B2F93226DCBB->056ae293-26b5-4d67-bc5d-e905a6760a80@group-50E32BB97A46, cid=601, SUCCESS, logIndex=722, commits[056ae293-26b5-4d67-bc5d-e905a6760a80:c724, a428730f-9893-43cb-a585-e65a7e8859c8:c720, 994b73f6-7725-4304-b3a4-4941318c1d6c:c721]
2019-07-08 19:53:04,153 INFO  client.GrpcClientProtocolClient (GrpcClientProtocolClient.java:onNext(255)) - client-B2F93226DCBB->056ae293-26b5-4d67-bc5d-e905a6760a80: receive RaftClientReply:client-B2F93226DCBB->056ae293-26b5-4d67-bc5d-e905a6760a80@group-50E32BB97A46, cid=602, SUCCESS, logIndex=723, commits[056ae293-26b5-4d67-bc5d-e905a6760a80:c724, a428730f-9893-43cb-a585-e65a7e8859c8:c721, 994b73f6-7725-4304-b3a4-4941318c1d6c:c721]
2019-07-08 19:53:04,153 INFO  client.GrpcClientProtocolClient (GrpcClientProtocolClient.java:onNext(255)) - client-B2F93226DCBB->056ae293-26b5-4d67-bc5d-e905a6760a80: receive RaftClientReply:client-B2F93226DCBB->056ae293-26b5-4d67-bc5d-e905a6760a80@group-50E32BB97A46, cid=603, SUCCESS, logIndex=724, commits[056ae293-26b5-4d67-bc5d-e905a6760a80:c725, a428730f-9893-43cb-a585-e65a7e8859c8:c722, 994b73f6-7725-4304-b3a4-4941318c1d6c:c722]
2019-07-08 19:53:04,177 INFO  client.GrpcClientProtocolClient (GrpcClientProtocolClient.java:onNext(255)) - client-B2F93226DCBB->056ae293-26b5-4d67-bc5d-e905a6760a80: receive RaftClientReply:client-B2F93226DCBB->056ae293-26b5-4d67-bc5d-e905a6760a80@group-50E32BB97A46, cid=604, SUCCESS, logIndex=728, commits[056ae293-26b5-4d67-bc5d-e905a6760a80:c729, a428730f-9893-43cb-a585-e65a7e8859c8:c727, 994b73f6-7725-4304-b3a4-4941318c1d6c:c727]
2019-07-08 19:53:04,178 INFO  client.GrpcClientProtocolClient (GrpcClientProtocolClient.java:onNext(255)) - client-B2F93226DCBB->056ae293-26b5-4d67-bc5d-e905a6760a80: receive RaftClientReply:client-B2F93226DCBB->056ae293-26b5-4d67-bc5d-e905a6760a80@group-50E32BB97A46, cid=605, SUCCESS, logIndex=729, commits[056ae293-26b5-4d67-bc5d-e905a6760a80:c729, a428730f-9893-43cb-a585-e65a7e8859c8:c727, 994b73f6-7725-4304-b3a4-4941318c1d6c:c727]
2019-07-08 19:53:04,203 INFO  client.GrpcClientProtocolClient (GrpcClientProtocolClient.java:onNext(255)) - client-B2F93226DCBB->056ae293-26b5-4d67-bc5d-e905a6760a80: receive RaftClientReply:client-B2F93226DCBB->056ae293-26b5-4d67-bc5d-e905a6760a80@group-50E32BB97A46, cid=606, SUCCESS, logIndex=732, commits[056ae293-26b5-4d67-bc5d-e905a6760a80:c733, a428730f-9893-43cb-a585-e65a7e8859c8:c731, 994b73f6-7725-4304-b3a4-4941318c1d6c:c731]
2019-07-08 19:53:04,203 INFO  client.GrpcClientProtocolClient (GrpcClientProtocolClient.java:onNext(255)) - client-B2F93226DCBB->056ae293-26b5-4d67-bc5d-e905a6760a80: receive RaftClientReply:client-B2F93226DCBB->056ae293-26b5-4d67-bc5d-e905a6760a80@group-50E32BB97A46, cid=607, SUCCESS, logIndex=733, commits[056ae293-26b5-4d67-bc5d-e905a6760a80:c733, a428730f-9893-43cb-a585-e65a7e8859c8:c731, 994b73f6-7725-4304-b3a4-4941318c1d6c:c731]
2019-07-08 19:53:04,209 INFO  client.GrpcClientProtocolClient (GrpcClientProtocolClient.java:onNext(255)) - client-B2F93226DCBB->056ae293-26b5-4d67-bc5d-e905a6760a80: receive RaftClientReply:client-B2F93226DCBB->056ae293-26b5-4d67-bc5d-e905a6760a80@group-50E32BB97A46, cid=608, SUCCESS, logIndex=0, commits[056ae293-26b5-4d67-bc5d-e905a6760a80:c734, a428730f-9893-43cb-a585-e65a7e8859c8:c733, 994b73f6-7725-4304-b3a4-4941318c1d6c:c733]
2019-07-08 19:53:04,232 INFO  client.GrpcClientProtocolClient (GrpcClientProtocolClient.java:onNext(255)) - client-B2F93226DCBB->056ae293-26b5-4d67-bc5d-e905a6760a80: receive RaftClientReply:client-B2F93226DCBB->056ae293-26b5-4d67-bc5d-e905a6760a80@group-50E32BB97A46, cid=609, SUCCESS, logIndex=736, commits[056ae293-26b5-4d67-bc5d-e905a6760a80:c736, a428730f-9893-43cb-a585-e65a7e8859c8:c735, 994b73f6-7725-4304-b3a4-4941318c1d6c:c735]
2019-07-08 19:53:04,232 INFO  client.GrpcClientProtocolClient (GrpcClientProtocolClient.java:onNext(255)) - client-B2F93226DCBB->056ae293-26b5-4d67-bc5d-e905a6760a80: receive RaftClientReply:client-B2F93226DCBB->056ae293-26b5-4d67-bc5d-e905a6760a80@group-50E32BB97A46, cid=610, SUCCESS, logIndex=737, commits[056ae293-26b5-4d67-bc5d-e905a6760a80:c737, a428730f-9893-43cb-a585-e65a7e8859c8:c735, 994b73f6-7725-4304-b3a4-4941318c1d6c:c735]
2019-07-08 19:53:04,240 INFO  client.GrpcClientProtocolClient (GrpcClientProtocolClient.java:onNext(255)) - client-B2F93226DCBB->056ae293-26b5-4d67-bc5d-e905a6760a80: receive RaftClientReply:client-B2F93226DCBB->056ae293-26b5-4d67-bc5d-e905a6760a80@group-50E32BB97A46, cid=611, SUCCESS, logIndex=738, commits[056ae293-26b5-4d67-bc5d-e905a6760a80:c741, a428730f-9893-43cb-a585-e65a7e8859c8:c737, 994b73f6-7725-4304-b3a4-4941318c1d6c:c735]
2019-07-08 19:53:04,240 INFO  client.GrpcClientProtocolClient (GrpcClientProtocolClient.java:onNext(255)) - client-B2F93226DCBB->056ae293-26b5-4d67-bc5d-e905a6760a80: receive RaftClientReply:client-B2F93226DCBB->056ae293-26b5-4d67-bc5d-e905a6760a80@group-50E32BB97A46, cid=612, SUCCESS, logIndex=739, commits[056ae293-26b5-4d67-bc5d-e905a6760a80:c741, a428730f-9893-43cb-a585-e65a7e8859c8:c737, 994b73f6-7725-4304-b3a4-4941318c1d6c:c736]
2019-07-08 19:53:04,242 INFO  client.GrpcClientProtocolClient (GrpcClientProtocolClient.java:onNext(255)) - client-B2F93226DCBB->056ae293-26b5-4d67-bc5d-e905a6760a80: receive RaftClientReply:client-B2F93226DCBB->056ae293-26b5-4d67-bc5d-e905a6760a80@group-50E32BB97A46, cid=613, SUCCESS, logIndex=0, commits[056ae293-26b5-4d67-bc5d-e905a6760a80:c742, a428730f-9893-43cb-a585-e65a7e8859c8:c739, 994b73f6-7725-4304-b3a4-4941318c1d6c:c739]
2019-07-08 19:53:04,267 INFO  client.GrpcClientProtocolClient (GrpcClientProtocolClient.java:onNext(255)) - client-B2F93226DCBB->056ae293-26b5-4d67-bc5d-e905a6760a80: receive RaftClientReply:client-B2F93226DCBB->056ae293-26b5-4d67-bc5d-e905a6760a80@group-50E32BB97A46, cid=614, SUCCESS, logIndex=744, commits[056ae293-26b5-4d67-bc5d-e905a6760a80:c745, a428730f-9893-43cb-a585-e65a7e8859c8:c741, 994b73f6-7725-4304-b3a4-4941318c1d6c:c743]
2019-07-08 19:53:04,269 INFO  client.GrpcClientProtocolClient (GrpcClientProtocolClient.java:onNext(255)) - client-B2F93226DCBB->056ae293-26b5-4d67-bc5d-e905a6760a80: receive RaftClientReply:client-B2F93226DCBB->056ae293-26b5-4d67-bc5d-e905a6760a80@group-50E32BB97A46, cid=615, SUCCESS, logIndex=745, commits[056ae293-26b5-4d67-bc5d-e905a6760a80:c745, a428730f-9893-43cb-a585-e65a7e8859c8:c743, 994b73f6-7725-4304-b3a4-4941318c1d6c:c743]
2019-07-08 19:53:04,528 INFO  client.GrpcClientProtocolClient (GrpcClientProtocolClient.java:onNext(255)) - client-B2F93226DCBB->056ae293-26b5-4d67-bc5d-e905a6760a80: receive RaftClientReply:client-B2F93226DCBB->056ae293-26b5-4d67-bc5d-e905a6760a80@group-50E32BB97A46, cid=616, SUCCESS, logIndex=748, commits[056ae293-26b5-4d67-bc5d-e905a6760a80:c749, a428730f-9893-43cb-a585-e65a7e8859c8:c747, 994b73f6-7725-4304-b3a4-4941318c1d6c:c747]
2019-07-08 19:53:04,529 INFO  client.GrpcClientProtocolClient (GrpcClientProtocolClient.java:onNext(255)) - client-B2F93226DCBB->056ae293-26b5-4d67-bc5d-e905a6760a80: receive RaftClientReply:client-B2F93226DCBB->056ae293-26b5-4d67-bc5d-e905a6760a80@group-50E32BB97A46, cid=617, SUCCESS, logIndex=749, commits[056ae293-26b5-4d67-bc5d-e905a6760a80:c749, a428730f-9893-43cb-a585-e65a7e8859c8:c747, 994b73f6-7725-4304-b3a4-4941318c1d6c:c747]
2019-07-08 19:53:04,542 INFO  client.GrpcClientProtocolClient (GrpcClientProtocolClient.java:onNext(255)) - client-B2F93226DCBB->056ae293-26b5-4d67-bc5d-e905a6760a80: receive RaftClientReply:client-B2F93226DCBB->056ae293-26b5-4d67-bc5d-e905a6760a80@group-50E32BB97A46, cid=618, SUCCESS, logIndex=0, commits[056ae293-26b5-4d67-bc5d-e905a6760a80:c750, a428730f-9893-43cb-a585-e65a7e8859c8:c749, 994b73f6-7725-4304-b3a4-4941318c1d6c:c749]
2019-07-08 19:53:04,569 INFO  client.GrpcClientProtocolClient (GrpcClientProtocolClient.java:onNext(255)) - client-B2F93226DCBB->056ae293-26b5-4d67-bc5d-e905a6760a80: receive RaftClientReply:client-B2F93226DCBB->056ae293-26b5-4d67-bc5d-e905a6760a80@group-50E32BB97A46, cid=619, SUCCESS, logIndex=752, commits[056ae293-26b5-4d67-bc5d-e905a6760a80:c753, a428730f-9893-43cb-a585-e65a7e8859c8:c751, 994b73f6-7725-4304-b3a4-4941318c1d6c:c751]
2019-07-08 19:53:04,571 INFO  client.GrpcClientProtocolClient (GrpcClientProtocolClient.java:onNext(255)) - client-B2F93226DCBB->056ae293-26b5-4d67-bc5d-e905a6760a80: receive RaftClientReply:client-B2F93226DCBB->056ae293-26b5-4d67-bc5d-e905a6760a80@group-50E32BB97A46, cid=620, SUCCESS, logIndex=753, commits[056ae293-26b5-4d67-bc5d-e905a6760a80:c755, a428730f-9893-43cb-a585-e65a7e8859c8:c751, 994b73f6-7725-4304-b3a4-4941318c1d6c:c751]
2019-07-08 19:53:04,571 INFO  client.GrpcClientProtocolClient (GrpcClientProtocolClient.java:onNext(255)) - client-B2F93226DCBB->056ae293-26b5-4d67-bc5d-e905a6760a80: receive RaftClientReply:client-B2F93226DCBB->056ae293-26b5-4d67-bc5d-e905a6760a80@group-50E32BB97A46, cid=621, SUCCESS, logIndex=754, commits[056ae293-26b5-4d67-bc5d-e905a6760a80:c755, a428730f-9893-43cb-a585-e65a7e8859c8:c751, 994b73f6-7725-4304-b3a4-4941318c1d6c:c751]
2019-07-08 19:53:04,572 INFO  client.GrpcClientProtocolClient (GrpcClientProtocolClient.java:onNext(255)) - client-B2F93226DCBB->056ae293-26b5-4d67-bc5d-e905a6760a80: receive RaftClientReply:client-B2F93226DCBB->056ae293-26b5-4d67-bc5d-e905a6760a80@group-50E32BB97A46, cid=622, SUCCESS, logIndex=755, commits[056ae293-26b5-4d67-bc5d-e905a6760a80:c755, a428730f-9893-43cb-a585-e65a7e8859c8:c751, 994b73f6-7725-4304-b3a4-4941318c1d6c:c751]
2019-07-08 19:53:04,573 INFO  client.GrpcClientProtocolClient (GrpcClientProtocolClient.java:onNext(255)) - client-B2F93226DCBB->056ae293-26b5-4d67-bc5d-e905a6760a80: receive RaftClientReply:client-B2F93226DCBB->056ae293-26b5-4d67-bc5d-e905a6760a80@group-50E32BB97A46, cid=623, SUCCESS, logIndex=0, commits[056ae293-26b5-4d67-bc5d-e905a6760a80:c759, a428730f-9893-43cb-a585-e65a7e8859c8:c755, 994b73f6-7725-4304-b3a4-4941318c1d6c:c755]
2019-07-08 19:53:04,600 INFO  client.GrpcClientProtocolClient (GrpcClientProtocolClient.java:onNext(255)) - client-B2F93226DCBB->056ae293-26b5-4d67-bc5d-e905a6760a80: receive RaftClientReply:client-B2F93226DCBB->056ae293-26b5-4d67-bc5d-e905a6760a80@group-50E32BB97A46, cid=624, SUCCESS, logIndex=760, commits[056ae293-26b5-4d67-bc5d-e905a6760a80:c761, a428730f-9893-43cb-a585-e65a7e8859c8:c759, 994b73f6-7725-4304-b3a4-4941318c1d6c:c759]
2019-07-08 19:53:04,601 INFO  client.GrpcClientProtocolClient (GrpcClientProtocolClient.java:onNext(255)) - client-B2F93226DCBB->056ae293-26b5-4d67-bc5d-e905a6760a80: receive RaftClientReply:client-B2F93226DCBB->056ae293-26b5-4d67-bc5d-e905a6760a80@group-50E32BB97A46, cid=625, SUCCESS, logIndex=761, commits[056ae293-26b5-4d67-bc5d-e905a6760a80:c761, a428730f-9893-43cb-a585-e65a7e8859c8:c759, 994b73f6-7725-4304-b3a4-4941318c1d6c:c759]
2019-07-08 19:53:04,626 INFO  client.GrpcClientProtocolClient (GrpcClientProtocolClient.java:onNext(255)) - client-B2F93226DCBB->056ae293-26b5-4d67-bc5d-e905a6760a80: receive RaftClientReply:client-B2F93226DCBB->056ae293-26b5-4d67-bc5d-e905a6760a80@group-50E32BB97A46, cid=626, SUCCESS, logIndex=764, commits[056ae293-26b5-4d67-bc5d-e905a6760a80:c765, a428730f-9893-43cb-a585-e65a7e8859c8:c761, 994b73f6-7725-4304-b3a4-4941318c1d6c:c761]
2019-07-08 19:53:04,627 INFO  client.GrpcClientProtocolClient (GrpcClientProtocolClient.java:onNext(255)) - client-B2F93226DCBB->056ae293-26b5-4d67-bc5d-e905a6760a80: receive RaftClientReply:client-B2F93226DCBB->056ae293-26b5-4d67-bc5d-e905a6760a80@group-50E32BB97A46, cid=627, SUCCESS, logIndex=765, commits[056ae293-26b5-4d67-bc5d-e905a6760a80:c765, a428730f-9893-43cb-a585-e65a7e8859c8:c761, 994b73f6-7725-4304-b3a4-4941318c1d6c:c761]
2019-07-08 19:53:04,641 INFO  client.GrpcClientProtocolClient (GrpcClientProtocolClient.java:onNext(255)) - client-B2F93226DCBB->056ae293-26b5-4d67-bc5d-e905a6760a80: receive RaftClientReply:client-B2F93226DCBB->056ae293-26b5-4d67-bc5d-e905a6760a80@group-50E32BB97A46, cid=628, SUCCESS, logIndex=0, commits[056ae293-26b5-4d67-bc5d-e905a6760a80:c767, a428730f-9893-43cb-a585-e65a7e8859c8:c765, 994b73f6-7725-4304-b3a4-4941318c1d6c:c765]
2019-07-08 19:53:04,666 INFO  client.GrpcClientProtocolClient (GrpcClientProtocolClient.java:onNext(255)) - client-B2F93226DCBB->056ae293-26b5-4d67-bc5d-e905a6760a80: receive RaftClientReply:client-B2F93226DCBB->056ae293-26b5-4d67-bc5d-e905a6760a80@group-50E32BB97A46, cid=629, SUCCESS, logIndex=768, commits[056ae293-26b5-4d67-bc5d-e905a6760a80:c769, a428730f-9893-43cb-a585-e65a7e8859c8:c767, 994b73f6-7725-4304-b3a4-4941318c1d6c:c767]
2019-07-08 19:53:04,666 INFO  client.GrpcClientProtocolClient (GrpcClientProtocolClient.java:onNext(255)) - client-B2F93226DCBB->056ae293-26b5-4d67-bc5d-e905a6760a80: receive RaftClientReply:client-B2F93226DCBB->056ae293-26b5-4d67-bc5d-e905a6760a80@group-50E32BB97A46, cid=630, SUCCESS, logIndex=769, commits[056ae293-26b5-4d67-bc5d-e905a6760a80:c771, a428730f-9893-43cb-a585-e65a7e8859c8:c767, 994b73f6-7725-4304-b3a4-4941318c1d6c:c767]
2019-07-08 19:53:04,667 INFO  client.GrpcClientProtocolClient (GrpcClientProtocolClient.java:onNext(255)) - client-B2F93226DCBB->056ae293-26b5-4d67-bc5d-e905a6760a80: receive RaftClientReply:client-B2F93226DCBB->056ae293-26b5-4d67-bc5d-e905a6760a80@group-50E32BB97A46, cid=631, SUCCESS, logIndex=770, commits[056ae293-26b5-4d67-bc5d-e905a6760a80:c771, a428730f-9893-43cb-a585-e65a7e8859c8:c767, 994b73f6-7725-4304-b3a4-4941318c1d6c:c767]
2019-07-08 19:53:04,668 INFO  client.GrpcClientProtocolClient (GrpcClientProtocolClient.java:onNext(255)) - client-B2F93226DCBB->056ae293-26b5-4d67-bc5d-e905a6760a80: receive RaftClientReply:client-B2F93226DCBB->056ae293-26b5-4d67-bc5d-e905a6760a80@group-50E32BB97A46, cid=632, SUCCESS, logIndex=771, commits[056ae293-26b5-4d67-bc5d-e905a6760a80:c771, a428730f-9893-43cb-a585-e65a7e8859c8:c767, 994b73f6-7725-4304-b3a4-4941318c1d6c:c767]
2019-07-08 19:53:04,670 INFO  client.GrpcClientProtocolClient (GrpcClientProtocolClient.java:onNext(255)) - client-B2F93226DCBB->056ae293-26b5-4d67-bc5d-e905a6760a80: receive RaftClientReply:client-B2F93226DCBB->056ae293-26b5-4d67-bc5d-e905a6760a80@group-50E32BB97A46, cid=633, SUCCESS, logIndex=0, commits[056ae293-26b5-4d67-bc5d-e905a6760a80:c772, a428730f-9893-43cb-a585-e65a7e8859c8:c769, 994b73f6-7725-4304-b3a4-4941318c1d6c:c769]
2019-07-08 19:53:04,685 INFO  client.GrpcClientProtocolClient (GrpcClientProtocolClient.java:onNext(255)) - client-B2F93226DCBB->056ae293-26b5-4d67-bc5d-e905a6760a80: receive RaftClientReply:client-B2F93226DCBB->056ae293-26b5-4d67-bc5d-e905a6760a80@group-50E32BB97A46, cid=634, SUCCESS, logIndex=776, commits[056ae293-26b5-4d67-bc5d-e905a6760a80:c777, a428730f-9893-43cb-a585-e65a7e8859c8:c772, 994b73f6-7725-4304-b3a4-4941318c1d6c:c772]
2019-07-08 19:53:04,686 INFO  client.GrpcClientProtocolClient (GrpcClientProtocolClient.java:onNext(255)) - client-B2F93226DCBB->056ae293-26b5-4d67-bc5d-e905a6760a80: receive RaftClientReply:client-B2F93226DCBB->056ae293-26b5-4d67-bc5d-e905a6760a80@group-50E32BB97A46, cid=635, SUCCESS, logIndex=777, commits[056ae293-26b5-4d67-bc5d-e905a6760a80:c777, a428730f-9893-43cb-a585-e65a7e8859c8:c772, 994b73f6-7725-4304-b3a4-4941318c1d6c:c772]
2019-07-08 19:53:04,700 INFO  client.GrpcClientProtocolClient (GrpcClientProtocolClient.java:onNext(255)) - client-B2F93226DCBB->056ae293-26b5-4d67-bc5d-e905a6760a80: receive RaftClientReply:client-B2F93226DCBB->056ae293-26b5-4d67-bc5d-e905a6760a80@group-50E32BB97A46, cid=636, SUCCESS, logIndex=780, commits[056ae293-26b5-4d67-bc5d-e905a6760a80:c781, a428730f-9893-43cb-a585-e65a7e8859c8:c777, 994b73f6-7725-4304-b3a4-4941318c1d6c:c779]
2019-07-08 19:53:04,701 INFO  client.GrpcClientProtocolClient (GrpcClientProtocolClient.java:onNext(255)) - client-B2F93226DCBB->056ae293-26b5-4d67-bc5d-e905a6760a80: receive RaftClientReply:client-B2F93226DCBB->056ae293-26b5-4d67-bc5d-e905a6760a80@group-50E32BB97A46, cid=637, SUCCESS, logIndex=781, commits[056ae293-26b5-4d67-bc5d-e905a6760a80:c781, a428730f-9893-43cb-a585-e65a7e8859c8:c777, 994b73f6-7725-4304-b3a4-4941318c1d6c:c779]
2019-07-08 19:53:04,703 INFO  client.GrpcClientProtocolClient (GrpcClientProtocolClient.java:onNext(255)) - client-B2F93226DCBB->056ae293-26b5-4d67-bc5d-e905a6760a80: receive RaftClientReply:client-B2F93226DCBB->056ae293-26b5-4d67-bc5d-e905a6760a80@group-50E32BB97A46, cid=638, SUCCESS, logIndex=0, commits[056ae293-26b5-4d67-bc5d-e905a6760a80:c783, a428730f-9893-43cb-a585-e65a7e8859c8:c781, 994b73f6-7725-4304-b3a4-4941318c1d6c:c781]
2019-07-08 19:53:04,719 INFO  client.GrpcClientProtocolClient (GrpcClientProtocolClient.java:onNext(255)) - client-B2F93226DCBB->056ae293-26b5-4d67-bc5d-e905a6760a80: receive RaftClientReply:client-B2F93226DCBB->056ae293-26b5-4d67-bc5d-e905a6760a80@group-50E32BB97A46, cid=639, SUCCESS, logIndex=784, commits[056ae293-26b5-4d67-bc5d-e905a6760a80:c785, a428730f-9893-43cb-a585-e65a7e8859c8:c781, 994b73f6-7725-4304-b3a4-4941318c1d6c:c783]
2019-07-08 19:53:04,720 INFO  client.GrpcClientProtocolClient (GrpcClientProtocolClient.java:onNext(255)) - client-B2F93226DCBB->056ae293-26b5-4d67-bc5d-e905a6760a80: receive RaftClientReply:client-B2F93226DCBB->056ae293-26b5-4d67-bc5d-e905a6760a80@group-50E32BB97A46, cid=640, SUCCESS, logIndex=785, commits[056ae293-26b5-4d67-bc5d-e905a6760a80:c785, a428730f-9893-43cb-a585-e65a7e8859c8:c781, 994b73f6-7725-4304-b3a4-4941318c1d6c:c783]
2019-07-08 19:53:04,725 INFO  client.GrpcClientProtocolClient (GrpcClientProtocolClient.java:onNext(255)) - client-B2F93226DCBB->056ae293-26b5-4d67-bc5d-e905a6760a80: receive RaftClientReply:client-B2F93226DCBB->056ae293-26b5-4d67-bc5d-e905a6760a80@group-50E32BB97A46, cid=641, SUCCESS, logIndex=786, commits[056ae293-26b5-4d67-bc5d-e905a6760a80:c788, a428730f-9893-43cb-a585-e65a7e8859c8:c783, 994b73f6-7725-4304-b3a4-4941318c1d6c:c784]
2019-07-08 19:53:04,726 INFO  client.GrpcClientProtocolClient (GrpcClientProtocolClient.java:onNext(255)) - client-B2F93226DCBB->056ae293-26b5-4d67-bc5d-e905a6760a80: receive RaftClientReply:client-B2F93226DCBB->056ae293-26b5-4d67-bc5d-e905a6760a80@group-50E32BB97A46, cid=642, SUCCESS, logIndex=787, commits[056ae293-26b5-4d67-bc5d-e905a6760a80:c789, a428730f-9893-43cb-a585-e65a7e8859c8:c783, 994b73f6-7725-4304-b3a4-4941318c1d6c:c785]
2019-07-08 19:53:04,728 INFO  client.GrpcClientProtocolClient (GrpcClientProtocolClient.java:onNext(255)) - client-B2F93226DCBB->056ae293-26b5-4d67-bc5d-e905a6760a80: receive RaftClientReply:client-B2F93226DCBB->056ae293-26b5-4d67-bc5d-e905a6760a80@group-50E32BB97A46, cid=643, SUCCESS, logIndex=0, commits[056ae293-26b5-4d67-bc5d-e905a6760a80:c790, a428730f-9893-43cb-a585-e65a7e8859c8:c786, 994b73f6-7725-4304-b3a4-4941318c1d6c:c786]
2019-07-08 19:53:04,743 INFO  client.GrpcClientProtocolClient (GrpcClientProtocolClient.java:onNext(255)) - client-B2F93226DCBB->056ae293-26b5-4d67-bc5d-e905a6760a80: receive RaftClientReply:client-B2F93226DCBB->056ae293-26b5-4d67-bc5d-e905a6760a80@group-50E32BB97A46, cid=644, SUCCESS, logIndex=792, commits[056ae293-26b5-4d67-bc5d-e905a6760a80:c793, a428730f-9893-43cb-a585-e65a7e8859c8:c787, 994b73f6-7725-4304-b3a4-4941318c1d6c:c791]
2019-07-08 19:53:04,743 INFO  client.GrpcClientProtocolClient (GrpcClientProtocolClient.java:onNext(255)) - client-B2F93226DCBB->056ae293-26b5-4d67-bc5d-e905a6760a80: receive RaftClientReply:client-B2F93226DCBB->056ae293-26b5-4d67-bc5d-e905a6760a80@group-50E32BB97A46, cid=645, SUCCESS, logIndex=793, commits[056ae293-26b5-4d67-bc5d-e905a6760a80:c793, a428730f-9893-43cb-a585-e65a7e8859c8:c791, 994b73f6-7725-4304-b3a4-4941318c1d6c:c791]
2019-07-08 19:53:04,759 INFO  client.GrpcClientProtocolClient (GrpcClientProtocolClient.java:onNext(255)) - client-B2F93226DCBB->056ae293-26b5-4d67-bc5d-e905a6760a80: receive RaftClientReply:client-B2F93226DCBB->056ae293-26b5-4d67-bc5d-e905a6760a80@group-50E32BB97A46, cid=646, SUCCESS, logIndex=796, commits[056ae293-26b5-4d67-bc5d-e905a6760a80:c797, a428730f-9893-43cb-a585-e65a7e8859c8:c793, 994b73f6-7725-4304-b3a4-4941318c1d6c:c795]
2019-07-08 19:53:04,759 INFO  client.GrpcClientProtocolClient (GrpcClientProtocolClient.java:onNext(255)) - client-B2F93226DCBB->056ae293-26b5-4d67-bc5d-e905a6760a80: receive RaftClientReply:client-B2F93226DCBB->056ae293-26b5-4d67-bc5d-e905a6760a80@group-50E32BB97A46, cid=647, SUCCESS, logIndex=797, commits[056ae293-26b5-4d67-bc5d-e905a6760a80:c797, a428730f-9893-43cb-a585-e65a7e8859c8:c795, 994b73f6-7725-4304-b3a4-4941318c1d6c:c795]
2019-07-08 19:53:04,761 INFO  client.GrpcClientProtocolClient (GrpcClientProtocolClient.java:onNext(255)) - client-B2F93226DCBB->056ae293-26b5-4d67-bc5d-e905a6760a80: receive RaftClientReply:client-B2F93226DCBB->056ae293-26b5-4d67-bc5d-e905a6760a80@group-50E32BB97A46, cid=648, SUCCESS, logIndex=0, commits[056ae293-26b5-4d67-bc5d-e905a6760a80:c798, a428730f-9893-43cb-a585-e65a7e8859c8:c797, 994b73f6-7725-4304-b3a4-4941318c1d6c:c797]
2019-07-08 19:53:04,778 INFO  client.GrpcClientProtocolClient (GrpcClientProtocolClient.java:onNext(255)) - client-B2F93226DCBB->056ae293-26b5-4d67-bc5d-e905a6760a80: receive RaftClientReply:client-B2F93226DCBB->056ae293-26b5-4d67-bc5d-e905a6760a80@group-50E32BB97A46, cid=649, SUCCESS, logIndex=800, commits[056ae293-26b5-4d67-bc5d-e905a6760a80:c801, a428730f-9893-43cb-a585-e65a7e8859c8:c797, 994b73f6-7725-4304-b3a4-4941318c1d6c:c799]
2019-07-08 19:53:04,779 INFO  client.GrpcClientProtocolClient (GrpcClientProtocolClient.java:onNext(255)) - client-B2F93226DCBB->056ae293-26b5-4d67-bc5d-e905a6760a80: receive RaftClientReply:client-B2F93226DCBB->056ae293-26b5-4d67-bc5d-e905a6760a80@group-50E32BB97A46, cid=650, SUCCESS, logIndex=801, commits[056ae293-26b5-4d67-bc5d-e905a6760a80:c801, a428730f-9893-43cb-a585-e65a7e8859c8:c799, 994b73f6-7725-4304-b3a4-4941318c1d6c:c799]
2019-07-08 19:53:04,781 INFO  client.GrpcClientProtocolClient (GrpcClientProtocolClient.java:onNext(255)) - client-B2F93226DCBB->056ae293-26b5-4d67-bc5d-e905a6760a80: receive RaftClientReply:client-B2F93226DCBB->056ae293-26b5-4d67-bc5d-e905a6760a80@group-50E32BB97A46, cid=651, SUCCESS, logIndex=802, commits[056ae293-26b5-4d67-bc5d-e905a6760a80:c805, a428730f-9893-43cb-a585-e65a7e8859c8:c799, 994b73f6-7725-4304-b3a4-4941318c1d6c:c801]
2019-07-08 19:53:04,781 INFO  client.GrpcClientProtocolClient (GrpcClientProtocolClient.java:onNext(255)) - client-B2F93226DCBB->056ae293-26b5-4d67-bc5d-e905a6760a80: receive RaftClientReply:client-B2F93226DCBB->056ae293-26b5-4d67-bc5d-e905a6760a80@group-50E32BB97A46, cid=652, SUCCESS, logIndex=803, commits[056ae293-26b5-4d67-bc5d-e905a6760a80:c805, a428730f-9893-43cb-a585-e65a7e8859c8:c799, 994b73f6-7725-4304-b3a4-4941318c1d6c:c801]
2019-07-08 19:53:04,783 INFO  client.GrpcClientProtocolClient (GrpcClientProtocolClient.java:onNext(255)) - client-B2F93226DCBB->056ae293-26b5-4d67-bc5d-e905a6760a80: receive RaftClientReply:client-B2F93226DCBB->056ae293-26b5-4d67-bc5d-e905a6760a80@group-50E32BB97A46, cid=653, SUCCESS, logIndex=0, commits[056ae293-26b5-4d67-bc5d-e905a6760a80:c806, a428730f-9893-43cb-a585-e65a7e8859c8:c802, 994b73f6-7725-4304-b3a4-4941318c1d6c:c802]
2019-07-08 19:53:04,805 INFO  client.GrpcClientProtocolClient (GrpcClientProtocolClient.java:onNext(255)) - client-B2F93226DCBB->056ae293-26b5-4d67-bc5d-e905a6760a80: receive RaftClientReply:client-B2F93226DCBB->056ae293-26b5-4d67-bc5d-e905a6760a80@group-50E32BB97A46, cid=654, SUCCESS, logIndex=807, commits[056ae293-26b5-4d67-bc5d-e905a6760a80:c808, a428730f-9893-43cb-a585-e65a7e8859c8:c806, 994b73f6-7725-4304-b3a4-4941318c1d6c:c806]
2019-07-08 19:53:04,806 INFO  client.GrpcClientProtocolClient (GrpcClientProtocolClient.java:onNext(255)) - client-B2F93226DCBB->056ae293-26b5-4d67-bc5d-e905a6760a80: receive RaftClientReply:client-B2F93226DCBB->056ae293-26b5-4d67-bc5d-e905a6760a80@group-50E32BB97A46, cid=655, SUCCESS, logIndex=808, commits[056ae293-26b5-4d67-bc5d-e905a6760a80:c808, a428730f-9893-43cb-a585-e65a7e8859c8:c806, 994b73f6-7725-4304-b3a4-4941318c1d6c:c806]
2019-07-08 19:53:04,828 INFO  client.GrpcClientProtocolClient (GrpcClientProtocolClient.java:onNext(255)) - client-B2F93226DCBB->056ae293-26b5-4d67-bc5d-e905a6760a80: receive RaftClientReply:client-B2F93226DCBB->056ae293-26b5-4d67-bc5d-e905a6760a80@group-50E32BB97A46, cid=656, SUCCESS, logIndex=811, commits[056ae293-26b5-4d67-bc5d-e905a6760a80:c812, a428730f-9893-43cb-a585-e65a7e8859c8:c808, 994b73f6-7725-4304-b3a4-4941318c1d6c:c808]
2019-07-08 19:53:04,829 INFO  client.GrpcClientProtocolClient (GrpcClientProtocolClient.java:onNext(255)) - client-B2F93226DCBB->056ae293-26b5-4d67-bc5d-e905a6760a80: receive RaftClientReply:client-B2F93226DCBB->056ae293-26b5-4d67-bc5d-e905a6760a80@group-50E32BB97A46, cid=657, SUCCESS, logIndex=812, commits[056ae293-26b5-4d67-bc5d-e905a6760a80:c812, a428730f-9893-43cb-a585-e65a7e8859c8:c808, 994b73f6-7725-4304-b3a4-4941318c1d6c:c808]
2019-07-08 19:53:04,841 INFO  client.GrpcClientProtocolClient (GrpcClientProtocolClient.java:onNext(255)) - client-B2F93226DCBB->056ae293-26b5-4d67-bc5d-e905a6760a80: receive RaftClientReply:client-B2F93226DCBB->056ae293-26b5-4d67-bc5d-e905a6760a80@group-50E32BB97A46, cid=658, SUCCESS, logIndex=0, commits[056ae293-26b5-4d67-bc5d-e905a6760a80:c814, a428730f-9893-43cb-a585-e65a7e8859c8:c812, 994b73f6-7725-4304-b3a4-4941318c1d6c:c812]
2019-07-08 19:53:04,862 INFO  client.GrpcClientProtocolClient (GrpcClientProtocolClient.java:onNext(255)) - client-B2F93226DCBB->056ae293-26b5-4d67-bc5d-e905a6760a80: receive RaftClientReply:client-B2F93226DCBB->056ae293-26b5-4d67-bc5d-e905a6760a80@group-50E32BB97A46, cid=659, SUCCESS, logIndex=815, commits[056ae293-26b5-4d67-bc5d-e905a6760a80:c817, a428730f-9893-43cb-a585-e65a7e8859c8:c814, 994b73f6-7725-4304-b3a4-4941318c1d6c:c814]
2019-07-08 19:53:04,862 INFO  client.GrpcClientProtocolClient (GrpcClientProtocolClient.java:onNext(255)) - client-B2F93226DCBB->056ae293-26b5-4d67-bc5d-e905a6760a80: receive RaftClientReply:client-B2F93226DCBB->056ae293-26b5-4d67-bc5d-e905a6760a80@group-50E32BB97A46, cid=660, SUCCESS, logIndex=816, commits[056ae293-26b5-4d67-bc5d-e905a6760a80:c818, a428730f-9893-43cb-a585-e65a7e8859c8:c814, 994b73f6-7725-4304-b3a4-4941318c1d6c:c814]
2019-07-08 19:53:04,863 INFO  client.GrpcClientProtocolClient (GrpcClientProtocolClient.java:onNext(255)) - client-B2F93226DCBB->056ae293-26b5-4d67-bc5d-e905a6760a80: receive RaftClientReply:client-B2F93226DCBB->056ae293-26b5-4d67-bc5d-e905a6760a80@group-50E32BB97A46, cid=661, SUCCESS, logIndex=817, commits[056ae293-26b5-4d67-bc5d-e905a6760a80:c819, a428730f-9893-43cb-a585-e65a7e8859c8:c815, 994b73f6-7725-4304-b3a4-4941318c1d6c:c814]
2019-07-08 19:53:04,864 INFO  client.GrpcClientProtocolClient (GrpcClientProtocolClient.java:onNext(255)) - client-B2F93226DCBB->056ae293-26b5-4d67-bc5d-e905a6760a80: receive RaftClientReply:client-B2F93226DCBB->056ae293-26b5-4d67-bc5d-e905a6760a80@group-50E32BB97A46, cid=662, SUCCESS, logIndex=818, commits[056ae293-26b5-4d67-bc5d-e905a6760a80:c820, a428730f-9893-43cb-a585-e65a7e8859c8:c815, 994b73f6-7725-4304-b3a4-4941318c1d6c:c816]
2019-07-08 19:53:04,865 INFO  client.GrpcClientProtocolClient (GrpcClientProtocolClient.java:onNext(255)) - client-B2F93226DCBB->056ae293-26b5-4d67-bc5d-e905a6760a80: receive RaftClientReply:client-B2F93226DCBB->056ae293-26b5-4d67-bc5d-e905a6760a80@group-50E32BB97A46, cid=663, SUCCESS, logIndex=0, commits[056ae293-26b5-4d67-bc5d-e905a6760a80:c822, a428730f-9893-43cb-a585-e65a7e8859c8:c818, 994b73f6-7725-4304-b3a4-4941318c1d6c:c818]
2019-07-08 19:53:04,887 INFO  client.GrpcClientProtocolClient (GrpcClientProtocolClient.java:onNext(255)) - client-B2F93226DCBB->056ae293-26b5-4d67-bc5d-e905a6760a80: receive RaftClientReply:client-B2F93226DCBB->056ae293-26b5-4d67-bc5d-e905a6760a80@group-50E32BB97A46, cid=664, SUCCESS, logIndex=823, commits[056ae293-26b5-4d67-bc5d-e905a6760a80:c824, a428730f-9893-43cb-a585-e65a7e8859c8:c822, 994b73f6-7725-4304-b3a4-4941318c1d6c:c822]
2019-07-08 19:53:04,888 INFO  client.GrpcClientProtocolClient (GrpcClientProtocolClient.java:onNext(255)) - client-B2F93226DCBB->056ae293-26b5-4d67-bc5d-e905a6760a80: receive RaftClientReply:client-B2F93226DCBB->056ae293-26b5-4d67-bc5d-e905a6760a80@group-50E32BB97A46, cid=665, SUCCESS, logIndex=824, commits[056ae293-26b5-4d67-bc5d-e905a6760a80:c824, a428730f-9893-43cb-a585-e65a7e8859c8:c822, 994b73f6-7725-4304-b3a4-4941318c1d6c:c822]
2019-07-08 19:53:04,912 INFO  client.GrpcClientProtocolClient (GrpcClientProtocolClient.java:onNext(255)) - client-B2F93226DCBB->056ae293-26b5-4d67-bc5d-e905a6760a80: receive RaftClientReply:client-B2F93226DCBB->056ae293-26b5-4d67-bc5d-e905a6760a80@group-50E32BB97A46, cid=666, SUCCESS, logIndex=827, commits[056ae293-26b5-4d67-bc5d-e905a6760a80:c828, a428730f-9893-43cb-a585-e65a7e8859c8:c823, 994b73f6-7725-4304-b3a4-4941318c1d6c:c824]
2019-07-08 19:53:04,912 INFO  client.GrpcClientProtocolClient (GrpcClientProtocolClient.java:onNext(255)) - client-B2F93226DCBB->056ae293-26b5-4d67-bc5d-e905a6760a80: receive RaftClientReply:client-B2F93226DCBB->056ae293-26b5-4d67-bc5d-e905a6760a80@group-50E32BB97A46, cid=667, SUCCESS, logIndex=828, commits[056ae293-26b5-4d67-bc5d-e905a6760a80:c828, a428730f-9893-43cb-a585-e65a7e8859c8:c824, 994b73f6-7725-4304-b3a4-4941318c1d6c:c824]
2019-07-08 19:53:04,926 INFO  client.GrpcClientProtocolClient (GrpcClientProtocolClient.java:onNext(255)) - client-B2F93226DCBB->056ae293-26b5-4d67-bc5d-e905a6760a80: receive RaftClientReply:client-B2F93226DCBB->056ae293-26b5-4d67-bc5d-e905a6760a80@group-50E32BB97A46, cid=668, SUCCESS, logIndex=0, commits[056ae293-26b5-4d67-bc5d-e905a6760a80:c829, a428730f-9893-43cb-a585-e65a7e8859c8:c828, 994b73f6-7725-4304-b3a4-4941318c1d6c:c828]
2019-07-08 19:53:04,949 INFO  client.GrpcClientProtocolClient (GrpcClientProtocolClient.java:onNext(255)) - client-B2F93226DCBB->056ae293-26b5-4d67-bc5d-e905a6760a80: receive RaftClientReply:client-B2F93226DCBB->056ae293-26b5-4d67-bc5d-e905a6760a80@group-50E32BB97A46, cid=669, SUCCESS, logIndex=831, commits[056ae293-26b5-4d67-bc5d-e905a6760a80:c832, a428730f-9893-43cb-a585-e65a7e8859c8:c830, 994b73f6-7725-4304-b3a4-4941318c1d6c:c830]
2019-07-08 19:53:04,950 INFO  client.GrpcClientProtocolClient (GrpcClientProtocolClient.java:onNext(255)) - client-B2F93226DCBB->056ae293-26b5-4d67-bc5d-e905a6760a80: receive RaftClientReply:client-B2F93226DCBB->056ae293-26b5-4d67-bc5d-e905a6760a80@group-50E32BB97A46, cid=670, SUCCESS, logIndex=832, commits[056ae293-26b5-4d67-bc5d-e905a6760a80:c833, a428730f-9893-43cb-a585-e65a7e8859c8:c830, 994b73f6-7725-4304-b3a4-4941318c1d6c:c830]
2019-07-08 19:53:04,950 INFO  client.GrpcClientProtocolClient (GrpcClientProtocolClient.java:onNext(255)) - client-B2F93226DCBB->056ae293-26b5-4d67-bc5d-e905a6760a80: receive RaftClientReply:client-B2F93226DCBB->056ae293-26b5-4d67-bc5d-e905a6760a80@group-50E32BB97A46, cid=671, SUCCESS, logIndex=833, commits[056ae293-26b5-4d67-bc5d-e905a6760a80:c834, a428730f-9893-43cb-a585-e65a7e8859c8:c830, 994b73f6-7725-4304-b3a4-4941318c1d6c:c830]
2019-07-08 19:53:04,951 INFO  client.GrpcClientProtocolClient (GrpcClientProtocolClient.java:onNext(255)) - client-B2F93226DCBB->056ae293-26b5-4d67-bc5d-e905a6760a80: receive RaftClientReply:client-B2F93226DCBB->056ae293-26b5-4d67-bc5d-e905a6760a80@group-50E32BB97A46, cid=672, SUCCESS, logIndex=834, commits[056ae293-26b5-4d67-bc5d-e905a6760a80:c834, a428730f-9893-43cb-a585-e65a7e8859c8:c830, 994b73f6-7725-4304-b3a4-4941318c1d6c:c830]
2019-07-08 19:53:04,952 INFO  client.GrpcClientProtocolClient (GrpcClientProtocolClient.java:onNext(255)) - client-B2F93226DCBB->056ae293-26b5-4d67-bc5d-e905a6760a80: receive RaftClientReply:client-B2F93226DCBB->056ae293-26b5-4d67-bc5d-e905a6760a80@group-50E32BB97A46, cid=673, SUCCESS, logIndex=0, commits[056ae293-26b5-4d67-bc5d-e905a6760a80:c836, a428730f-9893-43cb-a585-e65a7e8859c8:c832, 994b73f6-7725-4304-b3a4-4941318c1d6c:c832]
2019-07-08 19:53:04,966 INFO  client.GrpcClientProtocolClient (GrpcClientProtocolClient.java:onNext(255)) - client-B2F93226DCBB->056ae293-26b5-4d67-bc5d-e905a6760a80: receive RaftClientReply:client-B2F93226DCBB->056ae293-26b5-4d67-bc5d-e905a6760a80@group-50E32BB97A46, cid=674, SUCCESS, logIndex=839, commits[056ae293-26b5-4d67-bc5d-e905a6760a80:c840, a428730f-9893-43cb-a585-e65a7e8859c8:c834, 994b73f6-7725-4304-b3a4-4941318c1d6c:c836]
2019-07-08 19:53:04,966 INFO  client.GrpcClientProtocolClient (GrpcClientProtocolClient.java:onNext(255)) - client-B2F93226DCBB->056ae293-26b5-4d67-bc5d-e905a6760a80: receive RaftClientReply:client-B2F93226DCBB->056ae293-26b5-4d67-bc5d-e905a6760a80@group-50E32BB97A46, cid=675, SUCCESS, logIndex=840, commits[056ae293-26b5-4d67-bc5d-e905a6760a80:c840, a428730f-9893-43cb-a585-e65a7e8859c8:c836, 994b73f6-7725-4304-b3a4-4941318c1d6c:c836]
 0.00% |█                                                                                                    |  0/1 Time: 0:00:012019-07-08 19:53:04,983 INFO  client.GrpcClientProtocolClient (GrpcClientProtocolClient.java:onNext(255)) - client-B2F93226DCBB->056ae293-26b5-4d67-bc5d-e905a6760a80: receive RaftClientReply:client-B2F93226DCBB->056ae293-26b5-4d67-bc5d-e905a6760a80@group-50E32BB97A46, cid=676, SUCCESS, logIndex=843, commits[056ae293-26b5-4d67-bc5d-e905a6760a80:c844, a428730f-9893-43cb-a585-e65a7e8859c8:c842, 994b73f6-7725-4304-b3a4-4941318c1d6c:c842]
2019-07-08 19:53:04,983 INFO  client.GrpcClientProtocolClient (GrpcClientProtocolClient.java:onNext(255)) - client-B2F93226DCBB->056ae293-26b5-4d67-bc5d-e905a6760a80: receive RaftClientReply:client-B2F93226DCBB->056ae293-26b5-4d67-bc5d-e905a6760a80@group-50E32BB97A46, cid=677, SUCCESS, logIndex=844, commits[056ae293-26b5-4d67-bc5d-e905a6760a80:c844, a428730f-9893-43cb-a585-e65a7e8859c8:c842, 994b73f6-7725-4304-b3a4-4941318c1d6c:c842]
2019-07-08 19:53:04,987 INFO  client.GrpcClientProtocolClient (GrpcClientProtocolClient.java:onNext(255)) - client-B2F93226DCBB->056ae293-26b5-4d67-bc5d-e905a6760a80: receive RaftClientReply:client-B2F93226DCBB->056ae293-26b5-4d67-bc5d-e905a6760a80@group-50E32BB97A46, cid=678, SUCCESS, logIndex=0, commits[056ae293-26b5-4d67-bc5d-e905a6760a80:c846, a428730f-9893-43cb-a585-e65a7e8859c8:c844, 994b73f6-7725-4304-b3a4-4941318c1d6c:c844]
2019-07-08 19:53:05,001 INFO  client.GrpcClientProtocolClient (GrpcClientProtocolClient.java:onNext(255)) - client-B2F93226DCBB->056ae293-26b5-4d67-bc5d-e905a6760a80: receive RaftClientReply:client-B2F93226DCBB->056ae293-26b5-4d67-bc5d-e905a6760a80@group-50E32BB97A46, cid=679, SUCCESS, logIndex=847, commits[056ae293-26b5-4d67-bc5d-e905a6760a80:c848, a428730f-9893-43cb-a585-e65a7e8859c8:c844, 994b73f6-7725-4304-b3a4-4941318c1d6c:c846]
2019-07-08 19:53:05,002 INFO  client.GrpcClientProtocolClient (GrpcClientProtocolClient.java:onNext(255)) - client-B2F93226DCBB->056ae293-26b5-4d67-bc5d-e905a6760a80: receive RaftClientReply:client-B2F93226DCBB->056ae293-26b5-4d67-bc5d-e905a6760a80@group-50E32BB97A46, cid=680, SUCCESS, logIndex=848, commits[056ae293-26b5-4d67-bc5d-e905a6760a80:c848, a428730f-9893-43cb-a585-e65a7e8859c8:c846, 994b73f6-7725-4304-b3a4-4941318c1d6c:c846]
2019-07-08 19:53:05,006 INFO  client.GrpcClientProtocolClient (GrpcClientProtocolClient.java:onNext(255)) - client-B2F93226DCBB->056ae293-26b5-4d67-bc5d-e905a6760a80: receive RaftClientReply:client-B2F93226DCBB->056ae293-26b5-4d67-bc5d-e905a6760a80@group-50E32BB97A46, cid=681, SUCCESS, logIndex=849, commits[056ae293-26b5-4d67-bc5d-e905a6760a80:c849, a428730f-9893-43cb-a585-e65a7e8859c8:c846, 994b73f6-7725-4304-b3a4-4941318c1d6c:c846]
2019-07-08 19:53:05,007 INFO  client.GrpcClientProtocolClient (GrpcClientProtocolClient.java:onNext(255)) - client-B2F93226DCBB->056ae293-26b5-4d67-bc5d-e905a6760a80: receive RaftClientReply:client-B2F93226DCBB->056ae293-26b5-4d67-bc5d-e905a6760a80@group-50E32BB97A46, cid=682, SUCCESS, logIndex=850, commits[056ae293-26b5-4d67-bc5d-e905a6760a80:c852, a428730f-9893-43cb-a585-e65a7e8859c8:c846, 994b73f6-7725-4304-b3a4-4941318c1d6c:c848]
2019-07-08 19:53:05,008 INFO  client.GrpcClientProtocolClient (GrpcClientProtocolClient.java:onNext(255)) - client-B2F93226DCBB->056ae293-26b5-4d67-bc5d-e905a6760a80: receive RaftClientReply:client-B2F93226DCBB->056ae293-26b5-4d67-bc5d-e905a6760a80@group-50E32BB97A46, cid=683, SUCCESS, logIndex=0, commits[056ae293-26b5-4d67-bc5d-e905a6760a80:c853, a428730f-9893-43cb-a585-e65a7e8859c8:c848, 994b73f6-7725-4304-b3a4-4941318c1d6c:c849]
2019-07-08 19:53:05,022 INFO  client.GrpcClientProtocolClient (GrpcClientProtocolClient.java:onNext(255)) - client-B2F93226DCBB->056ae293-26b5-4d67-bc5d-e905a6760a80: receive RaftClientReply:client-B2F93226DCBB->056ae293-26b5-4d67-bc5d-e905a6760a80@group-50E32BB97A46, cid=684, SUCCESS, logIndex=855, commits[056ae293-26b5-4d67-bc5d-e905a6760a80:c856, a428730f-9893-43cb-a585-e65a7e8859c8:c854, 994b73f6-7725-4304-b3a4-4941318c1d6c:c854]
2019-07-08 19:53:05,023 INFO  client.GrpcClientProtocolClient (GrpcClientProtocolClient.java:onNext(255)) - client-B2F93226DCBB->056ae293-26b5-4d67-bc5d-e905a6760a80: receive RaftClientReply:client-B2F93226DCBB->056ae293-26b5-4d67-bc5d-e905a6760a80@group-50E32BB97A46, cid=685, SUCCESS, logIndex=856, commits[056ae293-26b5-4d67-bc5d-e905a6760a80:c856, a428730f-9893-43cb-a585-e65a7e8859c8:c854, 994b73f6-7725-4304-b3a4-4941318c1d6c:c854]
2019-07-08 19:53:05,056 INFO  client.GrpcClientProtocolClient (GrpcClientProtocolClient.java:onNext(255)) - client-B2F93226DCBB->056ae293-26b5-4d67-bc5d-e905a6760a80: receive RaftClientReply:client-B2F93226DCBB->056ae293-26b5-4d67-bc5d-e905a6760a80@group-50E32BB97A46, cid=686, SUCCESS, logIndex=859, commits[056ae293-26b5-4d67-bc5d-e905a6760a80:c860, a428730f-9893-43cb-a585-e65a7e8859c8:c858, 994b73f6-7725-4304-b3a4-4941318c1d6c:c858]
2019-07-08 19:53:05,057 INFO  client.GrpcClientProtocolClient (GrpcClientProtocolClient.java:onNext(255)) - client-B2F93226DCBB->056ae293-26b5-4d67-bc5d-e905a6760a80: receive RaftClientReply:client-B2F93226DCBB->056ae293-26b5-4d67-bc5d-e905a6760a80@group-50E32BB97A46, cid=687, SUCCESS, logIndex=860, commits[056ae293-26b5-4d67-bc5d-e905a6760a80:c860, a428730f-9893-43cb-a585-e65a7e8859c8:c858, 994b73f6-7725-4304-b3a4-4941318c1d6c:c858]
2019-07-08 19:53:05,068 INFO  client.GrpcClientProtocolClient (GrpcClientProtocolClient.java:onNext(255)) - client-B2F93226DCBB->056ae293-26b5-4d67-bc5d-e905a6760a80: receive RaftClientReply:client-B2F93226DCBB->056ae293-26b5-4d67-bc5d-e905a6760a80@group-50E32BB97A46, cid=688, SUCCESS, logIndex=0, commits[056ae293-26b5-4d67-bc5d-e905a6760a80:c861, a428730f-9893-43cb-a585-e65a7e8859c8:c860, 994b73f6-7725-4304-b3a4-4941318c1d6c:c860]
2019-07-08 19:53:05,084 INFO  client.GrpcClientProtocolClient (GrpcClientProtocolClient.java:onNext(255)) - client-B2F93226DCBB->056ae293-26b5-4d67-bc5d-e905a6760a80: receive RaftClientReply:client-B2F93226DCBB->056ae293-26b5-4d67-bc5d-e905a6760a80@group-50E32BB97A46, cid=689, SUCCESS, logIndex=862, commits[056ae293-26b5-4d67-bc5d-e905a6760a80:c863, a428730f-9893-43cb-a585-e65a7e8859c8:c861, 994b73f6-7725-4304-b3a4-4941318c1d6c:c861]
2019-07-08 19:53:05,085 INFO  client.GrpcClientProtocolClient (GrpcClientProtocolClient.java:onNext(255)) - client-B2F93226DCBB->056ae293-26b5-4d67-bc5d-e905a6760a80: receive RaftClientReply:client-B2F93226DCBB->056ae293-26b5-4d67-bc5d-e905a6760a80@group-50E32BB97A46, cid=690, SUCCESS, logIndex=863, commits[056ae293-26b5-4d67-bc5d-e905a6760a80:c865, a428730f-9893-43cb-a585-e65a7e8859c8:c861, 994b73f6-7725-4304-b3a4-4941318c1d6c:c861]
2019-07-08 19:53:05,085 INFO  client.GrpcClientProtocolClient (GrpcClientProtocolClient.java:onNext(255)) - client-B2F93226DCBB->056ae293-26b5-4d67-bc5d-e905a6760a80: receive RaftClientReply:client-B2F93226DCBB->056ae293-26b5-4d67-bc5d-e905a6760a80@group-50E32BB97A46, cid=691, SUCCESS, logIndex=864, commits[056ae293-26b5-4d67-bc5d-e905a6760a80:c865, a428730f-9893-43cb-a585-e65a7e8859c8:c861, 994b73f6-7725-4304-b3a4-4941318c1d6c:c861]
2019-07-08 19:53:05,085 INFO  client.GrpcClientProtocolClient (GrpcClientProtocolClient.java:onNext(255)) - client-B2F93226DCBB->056ae293-26b5-4d67-bc5d-e905a6760a80: receive RaftClientReply:client-B2F93226DCBB->056ae293-26b5-4d67-bc5d-e905a6760a80@group-50E32BB97A46, cid=692, SUCCESS, logIndex=865, commits[056ae293-26b5-4d67-bc5d-e905a6760a80:c865, a428730f-9893-43cb-a585-e65a7e8859c8:c861, 994b73f6-7725-4304-b3a4-4941318c1d6c:c861]
2019-07-08 19:53:05,097 INFO  client.GrpcClientProtocolClient (GrpcClientProtocolClient.java:onNext(255)) - client-B2F93226DCBB->056ae293-26b5-4d67-bc5d-e905a6760a80: receive RaftClientReply:client-B2F93226DCBB->056ae293-26b5-4d67-bc5d-e905a6760a80@group-50E32BB97A46, cid=693, SUCCESS, logIndex=0, commits[056ae293-26b5-4d67-bc5d-e905a6760a80:c867, a428730f-9893-43cb-a585-e65a7e8859c8:c863, 994b73f6-7725-4304-b3a4-4941318c1d6c:c863]
2019-07-08 19:53:05,119 INFO  client.GrpcClientProtocolClient (GrpcClientProtocolClient.java:onNext(255)) - client-B2F93226DCBB->056ae293-26b5-4d67-bc5d-e905a6760a80: receive RaftClientReply:client-B2F93226DCBB->056ae293-26b5-4d67-bc5d-e905a6760a80@group-50E32BB97A46, cid=694, SUCCESS, logIndex=870, commits[056ae293-26b5-4d67-bc5d-e905a6760a80:c871, a428730f-9893-43cb-a585-e65a7e8859c8:c869, 994b73f6-7725-4304-b3a4-4941318c1d6c:c869]
2019-07-08 19:53:05,119 INFO  client.GrpcClientProtocolClient (GrpcClientProtocolClient.java:onNext(255)) - client-B2F93226DCBB->056ae293-26b5-4d67-bc5d-e905a6760a80: receive RaftClientReply:client-B2F93226DCBB->056ae293-26b5-4d67-bc5d-e905a6760a80@group-50E32BB97A46, cid=695, SUCCESS, logIndex=871, commits[056ae293-26b5-4d67-bc5d-e905a6760a80:c871, a428730f-9893-43cb-a585-e65a7e8859c8:c869, 994b73f6-7725-4304-b3a4-4941318c1d6c:c869]
2019-07-08 19:53:05,143 INFO  client.GrpcClientProtocolClient (GrpcClientProtocolClient.java:onNext(255)) - client-B2F93226DCBB->056ae293-26b5-4d67-bc5d-e905a6760a80: receive RaftClientReply:client-B2F93226DCBB->056ae293-26b5-4d67-bc5d-e905a6760a80@group-50E32BB97A46, cid=696, SUCCESS, logIndex=874, commits[056ae293-26b5-4d67-bc5d-e905a6760a80:c875, a428730f-9893-43cb-a585-e65a7e8859c8:c871, 994b73f6-7725-4304-b3a4-4941318c1d6c:c871]
2019-07-08 19:53:05,143 INFO  client.GrpcClientProtocolClient (GrpcClientProtocolClient.java:onNext(255)) - client-B2F93226DCBB->056ae293-26b5-4d67-bc5d-e905a6760a80: receive RaftClientReply:client-B2F93226DCBB->056ae293-26b5-4d67-bc5d-e905a6760a80@group-50E32BB97A46, cid=697, SUCCESS, logIndex=875, commits[056ae293-26b5-4d67-bc5d-e905a6760a80:c875, a428730f-9893-43cb-a585-e65a7e8859c8:c871, 994b73f6-7725-4304-b3a4-4941318c1d6c:c871]
2019-07-08 19:53:05,145 INFO  client.GrpcClientProtocolClient (GrpcClientProtocolClient.java:onNext(255)) - client-B2F93226DCBB->056ae293-26b5-4d67-bc5d-e905a6760a80: receive RaftClientReply:client-B2F93226DCBB->056ae293-26b5-4d67-bc5d-e905a6760a80@group-50E32BB97A46, cid=698, SUCCESS, logIndex=0, commits[056ae293-26b5-4d67-bc5d-e905a6760a80:c876, a428730f-9893-43cb-a585-e65a7e8859c8:c875, 994b73f6-7725-4304-b3a4-4941318c1d6c:c875]
2019-07-08 19:53:05,253 INFO  client.GrpcClientProtocolClient (GrpcClientProtocolClient.java:onNext(255)) - client-B2F93226DCBB->056ae293-26b5-4d67-bc5d-e905a6760a80: receive RaftClientReply:client-B2F93226DCBB->056ae293-26b5-4d67-bc5d-e905a6760a80@group-50E32BB97A46, cid=699, SUCCESS, logIndex=878, commits[056ae293-26b5-4d67-bc5d-e905a6760a80:c880, a428730f-9893-43cb-a585-e65a7e8859c8:c877, 994b73f6-7725-4304-b3a4-4941318c1d6c:c877]
2019-07-08 19:53:05,254 INFO  client.GrpcClientProtocolClient (GrpcClientProtocolClient.java:onNext(255)) - client-B2F93226DCBB->056ae293-26b5-4d67-bc5d-e905a6760a80: receive RaftClientReply:client-B2F93226DCBB->056ae293-26b5-4d67-bc5d-e905a6760a80@group-50E32BB97A46, cid=700, SUCCESS, logIndex=879, commits[056ae293-26b5-4d67-bc5d-e905a6760a80:c881, a428730f-9893-43cb-a585-e65a7e8859c8:c877, 994b73f6-7725-4304-b3a4-4941318c1d6c:c877]
2019-07-08 19:53:05,254 INFO  client.GrpcClientProtocolClient (GrpcClientProtocolClient.java:onNext(255)) - client-B2F93226DCBB->056ae293-26b5-4d67-bc5d-e905a6760a80: receive RaftClientReply:client-B2F93226DCBB->056ae293-26b5-4d67-bc5d-e905a6760a80@group-50E32BB97A46, cid=701, SUCCESS, logIndex=880, commits[056ae293-26b5-4d67-bc5d-e905a6760a80:c881, a428730f-9893-43cb-a585-e65a7e8859c8:c877, 994b73f6-7725-4304-b3a4-4941318c1d6c:c877]
2019-07-08 19:53:05,255 INFO  client.GrpcClientProtocolClient (GrpcClientProtocolClient.java:onNext(255)) - client-B2F93226DCBB->056ae293-26b5-4d67-bc5d-e905a6760a80: receive RaftClientReply:client-B2F93226DCBB->056ae293-26b5-4d67-bc5d-e905a6760a80@group-50E32BB97A46, cid=702, SUCCESS, logIndex=881, commits[056ae293-26b5-4d67-bc5d-e905a6760a80:c882, a428730f-9893-43cb-a585-e65a7e8859c8:c877, 994b73f6-7725-4304-b3a4-4941318c1d6c:c878]
2019-07-08 19:53:05,257 INFO  client.GrpcClientProtocolClient (GrpcClientProtocolClient.java:onNext(255)) - client-B2F93226DCBB->056ae293-26b5-4d67-bc5d-e905a6760a80: receive RaftClientReply:client-B2F93226DCBB->056ae293-26b5-4d67-bc5d-e905a6760a80@group-50E32BB97A46, cid=703, SUCCESS, logIndex=0, commits[056ae293-26b5-4d67-bc5d-e905a6760a80:c883, a428730f-9893-43cb-a585-e65a7e8859c8:c879, 994b73f6-7725-4304-b3a4-4941318c1d6c:c880]
2019-07-08 19:53:05,282 INFO  client.GrpcClientProtocolClient (GrpcClientProtocolClient.java:onNext(255)) - client-B2F93226DCBB->056ae293-26b5-4d67-bc5d-e905a6760a80: receive RaftClientReply:client-B2F93226DCBB->056ae293-26b5-4d67-bc5d-e905a6760a80@group-50E32BB97A46, cid=704, SUCCESS, logIndex=886, commits[056ae293-26b5-4d67-bc5d-e905a6760a80:c887, a428730f-9893-43cb-a585-e65a7e8859c8:c885, 994b73f6-7725-4304-b3a4-4941318c1d6c:c885]
2019-07-08 19:53:05,283 INFO  client.GrpcClientProtocolClient (GrpcClientProtocolClient.java:onNext(255)) - client-B2F93226DCBB->056ae293-26b5-4d67-bc5d-e905a6760a80: receive RaftClientReply:client-B2F93226DCBB->056ae293-26b5-4d67-bc5d-e905a6760a80@group-50E32BB97A46, cid=705, SUCCESS, logIndex=887, commits[056ae293-26b5-4d67-bc5d-e905a6760a80:c887, a428730f-9893-43cb-a585-e65a7e8859c8:c885, 994b73f6-7725-4304-b3a4-4941318c1d6c:c885]
2019-07-08 19:53:05,324 INFO  client.GrpcClientProtocolClient (GrpcClientProtocolClient.java:onNext(255)) - client-B2F93226DCBB->056ae293-26b5-4d67-bc5d-e905a6760a80: receive RaftClientReply:client-B2F93226DCBB->056ae293-26b5-4d67-bc5d-e905a6760a80@group-50E32BB97A46, cid=706, SUCCESS, logIndex=890, commits[056ae293-26b5-4d67-bc5d-e905a6760a80:c891, a428730f-9893-43cb-a585-e65a7e8859c8:c887, 994b73f6-7725-4304-b3a4-4941318c1d6c:c887]
2019-07-08 19:53:05,325 INFO  client.GrpcClientProtocolClient (GrpcClientProtocolClient.java:onNext(255)) - client-B2F93226DCBB->056ae293-26b5-4d67-bc5d-e905a6760a80: receive RaftClientReply:client-B2F93226DCBB->056ae293-26b5-4d67-bc5d-e905a6760a80@group-50E32BB97A46, cid=707, SUCCESS, logIndex=891, commits[056ae293-26b5-4d67-bc5d-e905a6760a80:c891, a428730f-9893-43cb-a585-e65a7e8859c8:c887, 994b73f6-7725-4304-b3a4-4941318c1d6c:c887]
2019-07-08 19:53:05,343 INFO  client.GrpcClientProtocolClient (GrpcClientProtocolClient.java:onNext(255)) - client-B2F93226DCBB->056ae293-26b5-4d67-bc5d-e905a6760a80: receive RaftClientReply:client-B2F93226DCBB->056ae293-26b5-4d67-bc5d-e905a6760a80@group-50E32BB97A46, cid=708, SUCCESS, logIndex=0, commits[056ae293-26b5-4d67-bc5d-e905a6760a80:c893, a428730f-9893-43cb-a585-e65a7e8859c8:c891, 994b73f6-7725-4304-b3a4-4941318c1d6c:c891]
2019-07-08 19:53:05,366 INFO  client.GrpcClientProtocolClient (GrpcClientProtocolClient.java:onNext(255)) - client-B2F93226DCBB->056ae293-26b5-4d67-bc5d-e905a6760a80: receive RaftClientReply:client-B2F93226DCBB->056ae293-26b5-4d67-bc5d-e905a6760a80@group-50E32BB97A46, cid=709, SUCCESS, logIndex=894, commits[056ae293-26b5-4d67-bc5d-e905a6760a80:c897, a428730f-9893-43cb-a585-e65a7e8859c8:c893, 994b73f6-7725-4304-b3a4-4941318c1d6c:c893]
2019-07-08 19:53:05,367 INFO  client.GrpcClientProtocolClient (GrpcClientProtocolClient.java:onNext(255)) - client-B2F93226DCBB->056ae293-26b5-4d67-bc5d-e905a6760a80: receive RaftClientReply:client-B2F93226DCBB->056ae293-26b5-4d67-bc5d-e905a6760a80@group-50E32BB97A46, cid=710, SUCCESS, logIndex=895, commits[056ae293-26b5-4d67-bc5d-e905a6760a80:c897, a428730f-9893-43cb-a585-e65a7e8859c8:c893, 994b73f6-7725-4304-b3a4-4941318c1d6c:c893]
2019-07-08 19:53:05,367 INFO  client.GrpcClientProtocolClient (GrpcClientProtocolClient.java:onNext(255)) - client-B2F93226DCBB->056ae293-26b5-4d67-bc5d-e905a6760a80: receive RaftClientReply:client-B2F93226DCBB->056ae293-26b5-4d67-bc5d-e905a6760a80@group-50E32BB97A46, cid=711, SUCCESS, logIndex=896, commits[056ae293-26b5-4d67-bc5d-e905a6760a80:c897, a428730f-9893-43cb-a585-e65a7e8859c8:c893, 994b73f6-7725-4304-b3a4-4941318c1d6c:c893]
2019-07-08 19:53:05,368 INFO  client.GrpcClientProtocolClient (GrpcClientProtocolClient.java:onNext(255)) - client-B2F93226DCBB->056ae293-26b5-4d67-bc5d-e905a6760a80: receive RaftClientReply:client-B2F93226DCBB->056ae293-26b5-4d67-bc5d-e905a6760a80@group-50E32BB97A46, cid=712, SUCCESS, logIndex=897, commits[056ae293-26b5-4d67-bc5d-e905a6760a80:c898, a428730f-9893-43cb-a585-e65a7e8859c8:c893, 994b73f6-7725-4304-b3a4-4941318c1d6c:c894]
2019-07-08 19:53:05,369 INFO  client.GrpcClientProtocolClient (GrpcClientProtocolClient.java:onNext(255)) - client-B2F93226DCBB->056ae293-26b5-4d67-bc5d-e905a6760a80: receive RaftClientReply:client-B2F93226DCBB->056ae293-26b5-4d67-bc5d-e905a6760a80@group-50E32BB97A46, cid=713, SUCCESS, logIndex=0, commits[056ae293-26b5-4d67-bc5d-e905a6760a80:c901, a428730f-9893-43cb-a585-e65a7e8859c8:c897, 994b73f6-7725-4304-b3a4-4941318c1d6c:c897]
2019-07-08 19:53:05,392 INFO  client.GrpcClientProtocolClient (GrpcClientProtocolClient.java:onNext(255)) - client-B2F93226DCBB->056ae293-26b5-4d67-bc5d-e905a6760a80: receive RaftClientReply:client-B2F93226DCBB->056ae293-26b5-4d67-bc5d-e905a6760a80@group-50E32BB97A46, cid=714, SUCCESS, logIndex=902, commits[056ae293-26b5-4d67-bc5d-e905a6760a80:c903, a428730f-9893-43cb-a585-e65a7e8859c8:c901, 994b73f6-7725-4304-b3a4-4941318c1d6c:c901]
2019-07-08 19:53:05,393 INFO  client.GrpcClientProtocolClient (GrpcClientProtocolClient.java:onNext(255)) - client-B2F93226DCBB->056ae293-26b5-4d67-bc5d-e905a6760a80: receive RaftClientReply:client-B2F93226DCBB->056ae293-26b5-4d67-bc5d-e905a6760a80@group-50E32BB97A46, cid=715, SUCCESS, logIndex=903, commits[056ae293-26b5-4d67-bc5d-e905a6760a80:c903, a428730f-9893-43cb-a585-e65a7e8859c8:c901, 994b73f6-7725-4304-b3a4-4941318c1d6c:c901]
2019-07-08 19:53:05,418 INFO  client.GrpcClientProtocolClient (GrpcClientProtocolClient.java:onNext(255)) - client-B2F93226DCBB->056ae293-26b5-4d67-bc5d-e905a6760a80: receive RaftClientReply:client-B2F93226DCBB->056ae293-26b5-4d67-bc5d-e905a6760a80@group-50E32BB97A46, cid=716, SUCCESS, logIndex=906, commits[056ae293-26b5-4d67-bc5d-e905a6760a80:c907, a428730f-9893-43cb-a585-e65a7e8859c8:c903, 994b73f6-7725-4304-b3a4-4941318c1d6c:c903]
2019-07-08 19:53:05,418 INFO  client.GrpcClientProtocolClient (GrpcClientProtocolClient.java:onNext(255)) - client-B2F93226DCBB->056ae293-26b5-4d67-bc5d-e905a6760a80: receive RaftClientReply:client-B2F93226DCBB->056ae293-26b5-4d67-bc5d-e905a6760a80@group-50E32BB97A46, cid=717, SUCCESS, logIndex=907, commits[056ae293-26b5-4d67-bc5d-e905a6760a80:c907, a428730f-9893-43cb-a585-e65a7e8859c8:c903, 994b73f6-7725-4304-b3a4-4941318c1d6c:c903]
2019-07-08 19:53:05,421 INFO  client.GrpcClientProtocolClient (GrpcClientProtocolClient.java:onNext(255)) - client-B2F93226DCBB->056ae293-26b5-4d67-bc5d-e905a6760a80: receive RaftClientReply:client-B2F93226DCBB->056ae293-26b5-4d67-bc5d-e905a6760a80@group-50E32BB97A46, cid=718, SUCCESS, logIndex=0, commits[056ae293-26b5-4d67-bc5d-e905a6760a80:c909, a428730f-9893-43cb-a585-e65a7e8859c8:c907, 994b73f6-7725-4304-b3a4-4941318c1d6c:c907]
2019-07-08 19:53:05,445 INFO  client.GrpcClientProtocolClient (GrpcClientProtocolClient.java:onNext(255)) - client-B2F93226DCBB->056ae293-26b5-4d67-bc5d-e905a6760a80: receive RaftClientReply:client-B2F93226DCBB->056ae293-26b5-4d67-bc5d-e905a6760a80@group-50E32BB97A46, cid=719, SUCCESS, logIndex=910, commits[056ae293-26b5-4d67-bc5d-e905a6760a80:c911, a428730f-9893-43cb-a585-e65a7e8859c8:c909, 994b73f6-7725-4304-b3a4-4941318c1d6c:c909]
2019-07-08 19:53:05,446 INFO  client.GrpcClientProtocolClient (GrpcClientProtocolClient.java:onNext(255)) - client-B2F93226DCBB->056ae293-26b5-4d67-bc5d-e905a6760a80: receive RaftClientReply:client-B2F93226DCBB->056ae293-26b5-4d67-bc5d-e905a6760a80@group-50E32BB97A46, cid=720, SUCCESS, logIndex=911, commits[056ae293-26b5-4d67-bc5d-e905a6760a80:c911, a428730f-9893-43cb-a585-e65a7e8859c8:c909, 994b73f6-7725-4304-b3a4-4941318c1d6c:c909]
2019-07-08 19:53:05,446 INFO  client.GrpcClientProtocolClient (GrpcClientProtocolClient.java:onNext(255)) - client-B2F93226DCBB->056ae293-26b5-4d67-bc5d-e905a6760a80: receive RaftClientReply:client-B2F93226DCBB->056ae293-26b5-4d67-bc5d-e905a6760a80@group-50E32BB97A46, cid=721, SUCCESS, logIndex=912, commits[056ae293-26b5-4d67-bc5d-e905a6760a80:c913, a428730f-9893-43cb-a585-e65a7e8859c8:c909, 994b73f6-7725-4304-b3a4-4941318c1d6c:c909]
2019-07-08 19:53:05,447 INFO  client.GrpcClientProtocolClient (GrpcClientProtocolClient.java:onNext(255)) - client-B2F93226DCBB->056ae293-26b5-4d67-bc5d-e905a6760a80: receive RaftClientReply:client-B2F93226DCBB->056ae293-26b5-4d67-bc5d-e905a6760a80@group-50E32BB97A46, cid=722, SUCCESS, logIndex=913, commits[056ae293-26b5-4d67-bc5d-e905a6760a80:c913, a428730f-9893-43cb-a585-e65a7e8859c8:c909, 994b73f6-7725-4304-b3a4-4941318c1d6c:c909]
2019-07-08 19:53:05,448 INFO  client.GrpcClientProtocolClient (GrpcClientProtocolClient.java:onNext(255)) - client-B2F93226DCBB->056ae293-26b5-4d67-bc5d-e905a6760a80: receive RaftClientReply:client-B2F93226DCBB->056ae293-26b5-4d67-bc5d-e905a6760a80@group-50E32BB97A46, cid=723, SUCCESS, logIndex=0, commits[056ae293-26b5-4d67-bc5d-e905a6760a80:c915, a428730f-9893-43cb-a585-e65a7e8859c8:c912, 994b73f6-7725-4304-b3a4-4941318c1d6c:c911]
2019-07-08 19:53:05,472 INFO  client.GrpcClientProtocolClient (GrpcClientProtocolClient.java:onNext(255)) - client-B2F93226DCBB->056ae293-26b5-4d67-bc5d-e905a6760a80: receive RaftClientReply:client-B2F93226DCBB->056ae293-26b5-4d67-bc5d-e905a6760a80@group-50E32BB97A46, cid=724, SUCCESS, logIndex=918, commits[056ae293-26b5-4d67-bc5d-e905a6760a80:c919, a428730f-9893-43cb-a585-e65a7e8859c8:c917, 994b73f6-7725-4304-b3a4-4941318c1d6c:c913]
2019-07-08 19:53:05,473 INFO  client.GrpcClientProtocolClient (GrpcClientProtocolClient.java:onNext(255)) - client-B2F93226DCBB->056ae293-26b5-4d67-bc5d-e905a6760a80: receive RaftClientReply:client-B2F93226DCBB->056ae293-26b5-4d67-bc5d-e905a6760a80@group-50E32BB97A46, cid=725, SUCCESS, logIndex=919, commits[056ae293-26b5-4d67-bc5d-e905a6760a80:c919, a428730f-9893-43cb-a585-e65a7e8859c8:c917, 994b73f6-7725-4304-b3a4-4941318c1d6c:c917]
2019-07-08 19:53:05,935 INFO  client.GrpcClientProtocolClient (GrpcClientProtocolClient.java:onNext(255)) - client-B2F93226DCBB->056ae293-26b5-4d67-bc5d-e905a6760a80: receive RaftClientReply:client-B2F93226DCBB->056ae293-26b5-4d67-bc5d-e905a6760a80@group-50E32BB97A46, cid=726, SUCCESS, logIndex=922, commits[056ae293-26b5-4d67-bc5d-e905a6760a80:c923, a428730f-9893-43cb-a585-e65a7e8859c8:c919, 994b73f6-7725-4304-b3a4-4941318c1d6c:c919]
2019-07-08 19:53:05,936 INFO  client.GrpcClientProtocolClient (GrpcClientProtocolClient.java:onNext(255)) - client-B2F93226DCBB->056ae293-26b5-4d67-bc5d-e905a6760a80: receive RaftClientReply:client-B2F93226DCBB->056ae293-26b5-4d67-bc5d-e905a6760a80@group-50E32BB97A46, cid=727, SUCCESS, logIndex=923, commits[056ae293-26b5-4d67-bc5d-e905a6760a80:c923, a428730f-9893-43cb-a585-e65a7e8859c8:c919, 994b73f6-7725-4304-b3a4-4941318c1d6c:c919]
2019-07-08 19:53:05,946 INFO  client.GrpcClientProtocolClient (GrpcClientProtocolClient.java:onNext(255)) - client-B2F93226DCBB->056ae293-26b5-4d67-bc5d-e905a6760a80: receive RaftClientReply:client-B2F93226DCBB->056ae293-26b5-4d67-bc5d-e905a6760a80@group-50E32BB97A46, cid=728, SUCCESS, logIndex=0, commits[056ae293-26b5-4d67-bc5d-e905a6760a80:c924, a428730f-9893-43cb-a585-e65a7e8859c8:c923, 994b73f6-7725-4304-b3a4-4941318c1d6c:c923]
2019-07-08 19:53:05,971 INFO  client.GrpcClientProtocolClient (GrpcClientProtocolClient.java:onNext(255)) - client-B2F93226DCBB->056ae293-26b5-4d67-bc5d-e905a6760a80: receive RaftClientReply:client-B2F93226DCBB->056ae293-26b5-4d67-bc5d-e905a6760a80@group-50E32BB97A46, cid=729, SUCCESS, logIndex=926, commits[056ae293-26b5-4d67-bc5d-e905a6760a80:c927, a428730f-9893-43cb-a585-e65a7e8859c8:c925, 994b73f6-7725-4304-b3a4-4941318c1d6c:c925]
 0.00% |█                                                                                                    |  0/1 Time: 0:00:022019-07-08 19:53:05,972 INFO  client.GrpcClientProtocolClient (GrpcClientProtocolClient.java:onNext(255)) - client-B2F93226DCBB->056ae293-26b5-4d67-bc5d-e905a6760a80: receive RaftClientReply:client-B2F93226DCBB->056ae293-26b5-4d67-bc5d-e905a6760a80@group-50E32BB97A46, cid=730, SUCCESS, logIndex=927, commits[056ae293-26b5-4d67-bc5d-e905a6760a80:c927, a428730f-9893-43cb-a585-e65a7e8859c8:c925, 994b73f6-7725-4304-b3a4-4941318c1d6c:c925]
2019-07-08 19:53:05,972 INFO  client.GrpcClientProtocolClient (GrpcClientProtocolClient.java:onNext(255)) - client-B2F93226DCBB->056ae293-26b5-4d67-bc5d-e905a6760a80: receive RaftClientReply:client-B2F93226DCBB->056ae293-26b5-4d67-bc5d-e905a6760a80@group-50E32BB97A46, cid=731, SUCCESS, logIndex=928, commits[056ae293-26b5-4d67-bc5d-e905a6760a80:c929, a428730f-9893-43cb-a585-e65a7e8859c8:c925, 994b73f6-7725-4304-b3a4-4941318c1d6c:c925]
2019-07-08 19:53:05,973 INFO  client.GrpcClientProtocolClient (GrpcClientProtocolClient.java:onNext(255)) - client-B2F93226DCBB->056ae293-26b5-4d67-bc5d-e905a6760a80: receive RaftClientReply:client-B2F93226DCBB->056ae293-26b5-4d67-bc5d-e905a6760a80@group-50E32BB97A46, cid=732, SUCCESS, logIndex=929, commits[056ae293-26b5-4d67-bc5d-e905a6760a80:c929, a428730f-9893-43cb-a585-e65a7e8859c8:c925, 994b73f6-7725-4304-b3a4-4941318c1d6c:c925]
2019-07-08 19:53:05,985 INFO  client.GrpcClientProtocolClient (GrpcClientProtocolClient.java:onNext(255)) - client-B2F93226DCBB->056ae293-26b5-4d67-bc5d-e905a6760a80: receive RaftClientReply:client-B2F93226DCBB->056ae293-26b5-4d67-bc5d-e905a6760a80@group-50E32BB97A46, cid=733, SUCCESS, logIndex=0, commits[056ae293-26b5-4d67-bc5d-e905a6760a80:c931, a428730f-9893-43cb-a585-e65a7e8859c8:c927, 994b73f6-7725-4304-b3a4-4941318c1d6c:c927]
2019-07-08 19:53:06,011 INFO  client.GrpcClientProtocolClient (GrpcClientProtocolClient.java:onNext(255)) - client-B2F93226DCBB->056ae293-26b5-4d67-bc5d-e905a6760a80: receive RaftClientReply:client-B2F93226DCBB->056ae293-26b5-4d67-bc5d-e905a6760a80@group-50E32BB97A46, cid=734, SUCCESS, logIndex=934, commits[056ae293-26b5-4d67-bc5d-e905a6760a80:c935, a428730f-9893-43cb-a585-e65a7e8859c8:c933, 994b73f6-7725-4304-b3a4-4941318c1d6c:c933]
2019-07-08 19:53:06,011 INFO  client.GrpcClientProtocolClient (GrpcClientProtocolClient.java:onNext(255)) - client-B2F93226DCBB->056ae293-26b5-4d67-bc5d-e905a6760a80: receive RaftClientReply:client-B2F93226DCBB->056ae293-26b5-4d67-bc5d-e905a6760a80@group-50E32BB97A46, cid=735, SUCCESS, logIndex=935, commits[056ae293-26b5-4d67-bc5d-e905a6760a80:c935, a428730f-9893-43cb-a585-e65a7e8859c8:c933, 994b73f6-7725-4304-b3a4-4941318c1d6c:c933]
2019-07-08 19:53:06,028 INFO  client.GrpcClientProtocolClient (GrpcClientProtocolClient.java:onNext(255)) - client-B2F93226DCBB->056ae293-26b5-4d67-bc5d-e905a6760a80: receive RaftClientReply:client-B2F93226DCBB->056ae293-26b5-4d67-bc5d-e905a6760a80@group-50E32BB97A46, cid=736, SUCCESS, logIndex=938, commits[056ae293-26b5-4d67-bc5d-e905a6760a80:c939, a428730f-9893-43cb-a585-e65a7e8859c8:c936, 994b73f6-7725-4304-b3a4-4941318c1d6c:c936]
2019-07-08 19:53:06,029 INFO  client.GrpcClientProtocolClient (GrpcClientProtocolClient.java:onNext(255)) - client-B2F93226DCBB->056ae293-26b5-4d67-bc5d-e905a6760a80: receive RaftClientReply:client-B2F93226DCBB->056ae293-26b5-4d67-bc5d-e905a6760a80@group-50E32BB97A46, cid=737, SUCCESS, logIndex=939, commits[056ae293-26b5-4d67-bc5d-e905a6760a80:c939, a428730f-9893-43cb-a585-e65a7e8859c8:c936, 994b73f6-7725-4304-b3a4-4941318c1d6c:c936]
2019-07-08 19:53:06,043 INFO  client.GrpcClientProtocolClient (GrpcClientProtocolClient.java:onNext(255)) - client-B2F93226DCBB->056ae293-26b5-4d67-bc5d-e905a6760a80: receive RaftClientReply:client-B2F93226DCBB->056ae293-26b5-4d67-bc5d-e905a6760a80@group-50E32BB97A46, cid=738, SUCCESS, logIndex=0, commits[056ae293-26b5-4d67-bc5d-e905a6760a80:c941, a428730f-9893-43cb-a585-e65a7e8859c8:c939, 994b73f6-7725-4304-b3a4-4941318c1d6c:c939]
2019-07-08 19:53:06,061 INFO  client.GrpcClientProtocolClient (GrpcClientProtocolClient.java:onNext(255)) - client-B2F93226DCBB->056ae293-26b5-4d67-bc5d-e905a6760a80: receive RaftClientReply:client-B2F93226DCBB->056ae293-26b5-4d67-bc5d-e905a6760a80@group-50E32BB97A46, cid=739, SUCCESS, logIndex=942, commits[056ae293-26b5-4d67-bc5d-e905a6760a80:c943, a428730f-9893-43cb-a585-e65a7e8859c8:c939, 994b73f6-7725-4304-b3a4-4941318c1d6c:c941]
2019-07-08 19:53:06,062 INFO  client.GrpcClientProtocolClient (GrpcClientProtocolClient.java:onNext(255)) - client-B2F93226DCBB->056ae293-26b5-4d67-bc5d-e905a6760a80: receive RaftClientReply:client-B2F93226DCBB->056ae293-26b5-4d67-bc5d-e905a6760a80@group-50E32BB97A46, cid=740, SUCCESS, logIndex=943, commits[056ae293-26b5-4d67-bc5d-e905a6760a80:c943, a428730f-9893-43cb-a585-e65a7e8859c8:c941, 994b73f6-7725-4304-b3a4-4941318c1d6c:c941]
2019-07-08 19:53:06,076 INFO  client.GrpcClientProtocolClient (GrpcClientProtocolClient.java:onNext(255)) - client-B2F93226DCBB->056ae293-26b5-4d67-bc5d-e905a6760a80: receive RaftClientReply:client-B2F93226DCBB->056ae293-26b5-4d67-bc5d-e905a6760a80@group-50E32BB97A46, cid=741, SUCCESS, logIndex=944, commits[056ae293-26b5-4d67-bc5d-e905a6760a80:c947, a428730f-9893-43cb-a585-e65a7e8859c8:c941, 994b73f6-7725-4304-b3a4-4941318c1d6c:c943]
2019-07-08 19:53:06,076 INFO  client.GrpcClientProtocolClient (GrpcClientProtocolClient.java:onNext(255)) - client-B2F93226DCBB->056ae293-26b5-4d67-bc5d-e905a6760a80: receive RaftClientReply:client-B2F93226DCBB->056ae293-26b5-4d67-bc5d-e905a6760a80@group-50E32BB97A46, cid=742, SUCCESS, logIndex=945, commits[056ae293-26b5-4d67-bc5d-e905a6760a80:c947, a428730f-9893-43cb-a585-e65a7e8859c8:c943, 994b73f6-7725-4304-b3a4-4941318c1d6c:c943]
2019-07-08 19:53:06,100 INFO  client.GrpcClientProtocolClient (GrpcClientProtocolClient.java:onNext(255)) - client-B2F93226DCBB->056ae293-26b5-4d67-bc5d-e905a6760a80: receive RaftClientReply:client-B2F93226DCBB->056ae293-26b5-4d67-bc5d-e905a6760a80@group-50E32BB97A46, cid=743, SUCCESS, logIndex=950, commits[056ae293-26b5-4d67-bc5d-e905a6760a80:c951, a428730f-9893-43cb-a585-e65a7e8859c8:c947, 994b73f6-7725-4304-b3a4-4941318c1d6c:c947]
2019-07-08 19:53:06,100 INFO  client.GrpcClientProtocolClient (GrpcClientProtocolClient.java:onNext(255)) - client-B2F93226DCBB->056ae293-26b5-4d67-bc5d-e905a6760a80: receive RaftClientReply:client-B2F93226DCBB->056ae293-26b5-4d67-bc5d-e905a6760a80@group-50E32BB97A46, cid=744, SUCCESS, logIndex=951, commits[056ae293-26b5-4d67-bc5d-e905a6760a80:c951, a428730f-9893-43cb-a585-e65a7e8859c8:c947, 994b73f6-7725-4304-b3a4-4941318c1d6c:c947]
2019-07-08 19:53:06,130 INFO  client.GrpcClientProtocolClient (GrpcClientProtocolClient.java:onNext(255)) - client-B2F93226DCBB->056ae293-26b5-4d67-bc5d-e905a6760a80: receive RaftClientReply:client-B2F93226DCBB->056ae293-26b5-4d67-bc5d-e905a6760a80@group-50E32BB97A46, cid=745, SUCCESS, logIndex=954, commits[056ae293-26b5-4d67-bc5d-e905a6760a80:c955, a428730f-9893-43cb-a585-e65a7e8859c8:c952, 994b73f6-7725-4304-b3a4-4941318c1d6c:c952]
2019-07-08 19:53:06,130 INFO  client.GrpcClientProtocolClient (GrpcClientProtocolClient.java:onNext(255)) - client-B2F93226DCBB->056ae293-26b5-4d67-bc5d-e905a6760a80: receive RaftClientReply:client-B2F93226DCBB->056ae293-26b5-4d67-bc5d-e905a6760a80@group-50E32BB97A46, cid=746, SUCCESS, logIndex=955, commits[056ae293-26b5-4d67-bc5d-e905a6760a80:c955, a428730f-9893-43cb-a585-e65a7e8859c8:c952, 994b73f6-7725-4304-b3a4-4941318c1d6c:c952]
2019-07-08 19:53:06,155 INFO  client.GrpcClientProtocolClient (GrpcClientProtocolClient.java:onNext(255)) - client-B2F93226DCBB->056ae293-26b5-4d67-bc5d-e905a6760a80: receive RaftClientReply:client-B2F93226DCBB->056ae293-26b5-4d67-bc5d-e905a6760a80@group-50E32BB97A46, cid=747, SUCCESS, logIndex=0, commits[056ae293-26b5-4d67-bc5d-e905a6760a80:c957, a428730f-9893-43cb-a585-e65a7e8859c8:c955, 994b73f6-7725-4304-b3a4-4941318c1d6c:c955]
2019-07-08 19:53:06,178 INFO  client.GrpcClientProtocolClient (GrpcClientProtocolClient.java:onNext(255)) - client-B2F93226DCBB->056ae293-26b5-4d67-bc5d-e905a6760a80: receive RaftClientReply:client-B2F93226DCBB->056ae293-26b5-4d67-bc5d-e905a6760a80@group-50E32BB97A46, cid=748, SUCCESS, logIndex=958, commits[056ae293-26b5-4d67-bc5d-e905a6760a80:c959, a428730f-9893-43cb-a585-e65a7e8859c8:c957, 994b73f6-7725-4304-b3a4-4941318c1d6c:c957]
2019-07-08 19:53:06,179 INFO  client.GrpcClientProtocolClient (GrpcClientProtocolClient.java:onNext(255)) - client-B2F93226DCBB->056ae293-26b5-4d67-bc5d-e905a6760a80: receive RaftClientReply:client-B2F93226DCBB->056ae293-26b5-4d67-bc5d-e905a6760a80@group-50E32BB97A46, cid=749, SUCCESS, logIndex=959, commits[056ae293-26b5-4d67-bc5d-e905a6760a80:c959, a428730f-9893-43cb-a585-e65a7e8859c8:c957, 994b73f6-7725-4304-b3a4-4941318c1d6c:c957]
2019-07-08 19:53:06,188 INFO  client.GrpcClientProtocolClient (GrpcClientProtocolClient.java:onNext(255)) - client-B2F93226DCBB->056ae293-26b5-4d67-bc5d-e905a6760a80: receive RaftClientReply:client-B2F93226DCBB->056ae293-26b5-4d67-bc5d-e905a6760a80@group-50E32BB97A46, cid=750, SUCCESS, logIndex=960, commits[056ae293-26b5-4d67-bc5d-e905a6760a80:c961, a428730f-9893-43cb-a585-e65a7e8859c8:c957, 994b73f6-7725-4304-b3a4-4941318c1d6c:c957]
2019-07-08 19:53:06,188 INFO  client.GrpcClientProtocolClient (GrpcClientProtocolClient.java:onNext(255)) - client-B2F93226DCBB->056ae293-26b5-4d67-bc5d-e905a6760a80: receive RaftClientReply:client-B2F93226DCBB->056ae293-26b5-4d67-bc5d-e905a6760a80@group-50E32BB97A46, cid=751, SUCCESS, logIndex=961, commits[056ae293-26b5-4d67-bc5d-e905a6760a80:c961, a428730f-9893-43cb-a585-e65a7e8859c8:c957, 994b73f6-7725-4304-b3a4-4941318c1d6c:c957]
2019-07-08 19:53:06,192 INFO  client.GrpcClientProtocolClient (GrpcClientProtocolClient.java:onNext(255)) - client-B2F93226DCBB->056ae293-26b5-4d67-bc5d-e905a6760a80: receive RaftClientReply:client-B2F93226DCBB->056ae293-26b5-4d67-bc5d-e905a6760a80@group-50E32BB97A46, cid=752, SUCCESS, logIndex=0, commits[056ae293-26b5-4d67-bc5d-e905a6760a80:c964, a428730f-9893-43cb-a585-e65a7e8859c8:c961, 994b73f6-7725-4304-b3a4-4941318c1d6c:c959]
2019-07-08 19:53:06,217 INFO  client.GrpcClientProtocolClient (GrpcClientProtocolClient.java:onNext(255)) - client-B2F93226DCBB->056ae293-26b5-4d67-bc5d-e905a6760a80: receive RaftClientReply:client-B2F93226DCBB->056ae293-26b5-4d67-bc5d-e905a6760a80@group-50E32BB97A46, cid=753, SUCCESS, logIndex=965, commits[056ae293-26b5-4d67-bc5d-e905a6760a80:c966, a428730f-9893-43cb-a585-e65a7e8859c8:c964, 994b73f6-7725-4304-b3a4-4941318c1d6c:c964]
2019-07-08 19:53:06,218 INFO  client.GrpcClientProtocolClient (GrpcClientProtocolClient.java:onNext(255)) - client-B2F93226DCBB->056ae293-26b5-4d67-bc5d-e905a6760a80: receive RaftClientReply:client-B2F93226DCBB->056ae293-26b5-4d67-bc5d-e905a6760a80@group-50E32BB97A46, cid=754, SUCCESS, logIndex=966, commits[056ae293-26b5-4d67-bc5d-e905a6760a80:c966, a428730f-9893-43cb-a585-e65a7e8859c8:c964, 994b73f6-7725-4304-b3a4-4941318c1d6c:c964]
2019-07-08 19:53:06,231 INFO  client.GrpcClientProtocolClient (GrpcClientProtocolClient.java:onNext(255)) - client-B2F93226DCBB->056ae293-26b5-4d67-bc5d-e905a6760a80: receive RaftClientReply:client-B2F93226DCBB->056ae293-26b5-4d67-bc5d-e905a6760a80@group-50E32BB97A46, cid=755, SUCCESS, logIndex=969, commits[056ae293-26b5-4d67-bc5d-e905a6760a80:c970, a428730f-9893-43cb-a585-e65a7e8859c8:c966, 994b73f6-7725-4304-b3a4-4941318c1d6c:c965]
2019-07-08 19:53:06,231 INFO  client.GrpcClientProtocolClient (GrpcClientProtocolClient.java:onNext(255)) - client-B2F93226DCBB->056ae293-26b5-4d67-bc5d-e905a6760a80: receive RaftClientReply:client-B2F93226DCBB->056ae293-26b5-4d67-bc5d-e905a6760a80@group-50E32BB97A46, cid=756, SUCCESS, logIndex=970, commits[056ae293-26b5-4d67-bc5d-e905a6760a80:c970, a428730f-9893-43cb-a585-e65a7e8859c8:c966, 994b73f6-7725-4304-b3a4-4941318c1d6c:c965]
2019-07-08 19:53:06,233 INFO  client.GrpcClientProtocolClient (GrpcClientProtocolClient.java:onNext(255)) - client-B2F93226DCBB->056ae293-26b5-4d67-bc5d-e905a6760a80: receive RaftClientReply:client-B2F93226DCBB->056ae293-26b5-4d67-bc5d-e905a6760a80@group-50E32BB97A46, cid=757, SUCCESS, logIndex=0, commits[056ae293-26b5-4d67-bc5d-e905a6760a80:c970, a428730f-9893-43cb-a585-e65a7e8859c8:c966, 994b73f6-7725-4304-b3a4-4941318c1d6c:c966]
2019-07-08 19:53:06,256 INFO  client.GrpcClientProtocolClient (GrpcClientProtocolClient.java:onNext(255)) - client-B2F93226DCBB->056ae293-26b5-4d67-bc5d-e905a6760a80: receive RaftClientReply:client-B2F93226DCBB->056ae293-26b5-4d67-bc5d-e905a6760a80@group-50E32BB97A46, cid=758, SUCCESS, logIndex=0, commits[056ae293-26b5-4d67-bc5d-e905a6760a80:c972, a428730f-9893-43cb-a585-e65a7e8859c8:c970, 994b73f6-7725-4304-b3a4-4941318c1d6c:c970]
2019-07-08 19:53:06,276 INFO  client.GrpcClientProtocolClient (GrpcClientProtocolClient.java:onNext(255)) - client-B2F93226DCBB->056ae293-26b5-4d67-bc5d-e905a6760a80: receive RaftClientReply:client-B2F93226DCBB->056ae293-26b5-4d67-bc5d-e905a6760a80@group-50E32BB97A46, cid=759, SUCCESS, logIndex=973, commits[056ae293-26b5-4d67-bc5d-e905a6760a80:c974, a428730f-9893-43cb-a585-e65a7e8859c8:c972, 994b73f6-7725-4304-b3a4-4941318c1d6c:c972]
2019-07-08 19:53:06,277 INFO  client.GrpcClientProtocolClient (GrpcClientProtocolClient.java:onNext(255)) - client-B2F93226DCBB->056ae293-26b5-4d67-bc5d-e905a6760a80: receive RaftClientReply:client-B2F93226DCBB->056ae293-26b5-4d67-bc5d-e905a6760a80@group-50E32BB97A46, cid=760, SUCCESS, logIndex=974, commits[056ae293-26b5-4d67-bc5d-e905a6760a80:c974, a428730f-9893-43cb-a585-e65a7e8859c8:c972, 994b73f6-7725-4304-b3a4-4941318c1d6c:c972]
2019-07-08 19:53:06,277 INFO  client.GrpcClientProtocolClient (GrpcClientProtocolClient.java:onNext(255)) - client-B2F93226DCBB->056ae293-26b5-4d67-bc5d-e905a6760a80: receive RaftClientReply:client-B2F93226DCBB->056ae293-26b5-4d67-bc5d-e905a6760a80@group-50E32BB97A46, cid=761, SUCCESS, logIndex=975, commits[056ae293-26b5-4d67-bc5d-e905a6760a80:c975, a428730f-9893-43cb-a585-e65a7e8859c8:c972, 994b73f6-7725-4304-b3a4-4941318c1d6c:c972]
2019-07-08 19:53:06,277 INFO  client.GrpcClientProtocolClient (GrpcClientProtocolClient.java:onNext(255)) - client-B2F93226DCBB->056ae293-26b5-4d67-bc5d-e905a6760a80: receive RaftClientReply:client-B2F93226DCBB->056ae293-26b5-4d67-bc5d-e905a6760a80@group-50E32BB97A46, cid=762, SUCCESS, logIndex=976, commits[056ae293-26b5-4d67-bc5d-e905a6760a80:c976, a428730f-9893-43cb-a585-e65a7e8859c8:c972, 994b73f6-7725-4304-b3a4-4941318c1d6c:c972]
2019-07-08 19:53:06,290 INFO  client.GrpcClientProtocolClient (GrpcClientProtocolClient.java:onNext(255)) - client-B2F93226DCBB->056ae293-26b5-4d67-bc5d-e905a6760a80: receive RaftClientReply:client-B2F93226DCBB->056ae293-26b5-4d67-bc5d-e905a6760a80@group-50E32BB97A46, cid=763, SUCCESS, logIndex=0, commits[056ae293-26b5-4d67-bc5d-e905a6760a80:c978, a428730f-9893-43cb-a585-e65a7e8859c8:c974, 994b73f6-7725-4304-b3a4-4941318c1d6c:c974]
2019-07-08 19:53:06,324 INFO  client.GrpcClientProtocolClient (GrpcClientProtocolClient.java:onNext(255)) - client-B2F93226DCBB->056ae293-26b5-4d67-bc5d-e905a6760a80: receive RaftClientReply:client-B2F93226DCBB->056ae293-26b5-4d67-bc5d-e905a6760a80@group-50E32BB97A46, cid=764, SUCCESS, logIndex=981, commits[056ae293-26b5-4d67-bc5d-e905a6760a80:c982, a428730f-9893-43cb-a585-e65a7e8859c8:c980, 994b73f6-7725-4304-b3a4-4941318c1d6c:c980]
2019-07-08 19:53:06,324 INFO  client.GrpcClientProtocolClient (GrpcClientProtocolClient.java:onNext(255)) - client-B2F93226DCBB->056ae293-26b5-4d67-bc5d-e905a6760a80: receive RaftClientReply:client-B2F93226DCBB->056ae293-26b5-4d67-bc5d-e905a6760a80@group-50E32BB97A46, cid=765, SUCCESS, logIndex=982, commits[056ae293-26b5-4d67-bc5d-e905a6760a80:c982, a428730f-9893-43cb-a585-e65a7e8859c8:c980, 994b73f6-7725-4304-b3a4-4941318c1d6c:c980]
2019-07-08 19:53:06,337 INFO  client.GrpcClientProtocolClient (GrpcClientProtocolClient.java:onNext(255)) - client-B2F93226DCBB->056ae293-26b5-4d67-bc5d-e905a6760a80: receive RaftClientReply:client-B2F93226DCBB->056ae293-26b5-4d67-bc5d-e905a6760a80@group-50E32BB97A46, cid=766, SUCCESS, logIndex=985, commits[056ae293-26b5-4d67-bc5d-e905a6760a80:c986, a428730f-9893-43cb-a585-e65a7e8859c8:c982, 994b73f6-7725-4304-b3a4-4941318c1d6c:c982]
2019-07-08 19:53:06,337 INFO  client.GrpcClientProtocolClient (GrpcClientProtocolClient.java:onNext(255)) - client-B2F93226DCBB->056ae293-26b5-4d67-bc5d-e905a6760a80: receive RaftClientReply:client-B2F93226DCBB->056ae293-26b5-4d67-bc5d-e905a6760a80@group-50E32BB97A46, cid=767, SUCCESS, logIndex=986, commits[056ae293-26b5-4d67-bc5d-e905a6760a80:c986, a428730f-9893-43cb-a585-e65a7e8859c8:c982, 994b73f6-7725-4304-b3a4-4941318c1d6c:c982]
2019-07-08 19:53:06,352 INFO  client.GrpcClientProtocolClient (GrpcClientProtocolClient.java:onNext(255)) - client-B2F93226DCBB->056ae293-26b5-4d67-bc5d-e905a6760a80: receive RaftClientReply:client-B2F93226DCBB->056ae293-26b5-4d67-bc5d-e905a6760a80@group-50E32BB97A46, cid=768, SUCCESS, logIndex=0, commits[056ae293-26b5-4d67-bc5d-e905a6760a80:c988, a428730f-9893-43cb-a585-e65a7e8859c8:c986, 994b73f6-7725-4304-b3a4-4941318c1d6c:c986]
2019-07-08 19:53:06,375 INFO  client.GrpcClientProtocolClient (GrpcClientProtocolClient.java:onNext(255)) - client-B2F93226DCBB->056ae293-26b5-4d67-bc5d-e905a6760a80: receive RaftClientReply:client-B2F93226DCBB->056ae293-26b5-4d67-bc5d-e905a6760a80@group-50E32BB97A46, cid=769, SUCCESS, logIndex=989, commits[056ae293-26b5-4d67-bc5d-e905a6760a80:c990, a428730f-9893-43cb-a585-e65a7e8859c8:c988, 994b73f6-7725-4304-b3a4-4941318c1d6c:c988]
2019-07-08 19:53:06,375 INFO  client.GrpcClientProtocolClient (GrpcClientProtocolClient.java:onNext(255)) - client-B2F93226DCBB->056ae293-26b5-4d67-bc5d-e905a6760a80: receive RaftClientReply:client-B2F93226DCBB->056ae293-26b5-4d67-bc5d-e905a6760a80@group-50E32BB97A46, cid=770, SUCCESS, logIndex=990, commits[056ae293-26b5-4d67-bc5d-e905a6760a80:c990, a428730f-9893-43cb-a585-e65a7e8859c8:c988, 994b73f6-7725-4304-b3a4-4941318c1d6c:c988]
2019-07-08 19:53:06,387 INFO  client.GrpcClientProtocolClient (GrpcClientProtocolClient.java:onNext(255)) - client-B2F93226DCBB->056ae293-26b5-4d67-bc5d-e905a6760a80: receive RaftClientReply:client-B2F93226DCBB->056ae293-26b5-4d67-bc5d-e905a6760a80@group-50E32BB97A46, cid=771, SUCCESS, logIndex=991, commits[056ae293-26b5-4d67-bc5d-e905a6760a80:c992, a428730f-9893-43cb-a585-e65a7e8859c8:c988, 994b73f6-7725-4304-b3a4-4941318c1d6c:c988]
2019-07-08 19:53:06,387 INFO  client.GrpcClientProtocolClient (GrpcClientProtocolClient.java:onNext(255)) - client-B2F93226DCBB->056ae293-26b5-4d67-bc5d-e905a6760a80: receive RaftClientReply:client-B2F93226DCBB->056ae293-26b5-4d67-bc5d-e905a6760a80@group-50E32BB97A46, cid=772, SUCCESS, logIndex=992, commits[056ae293-26b5-4d67-bc5d-e905a6760a80:c992, a428730f-9893-43cb-a585-e65a7e8859c8:c988, 994b73f6-7725-4304-b3a4-4941318c1d6c:c988]
2019-07-08 19:53:06,400 INFO  client.GrpcClientProtocolClient (GrpcClientProtocolClient.java:onNext(255)) - client-B2F93226DCBB->056ae293-26b5-4d67-bc5d-e905a6760a80: receive RaftClientReply:client-B2F93226DCBB->056ae293-26b5-4d67-bc5d-e905a6760a80@group-50E32BB97A46, cid=773, SUCCESS, logIndex=0, commits[056ae293-26b5-4d67-bc5d-e905a6760a80:c993, a428730f-9893-43cb-a585-e65a7e8859c8:c990, 994b73f6-7725-4304-b3a4-4941318c1d6c:c990]
2019-07-08 19:53:06,412 INFO  client.GrpcClientProtocolClient (GrpcClientProtocolClient.java:onNext(255)) - client-B2F93226DCBB->056ae293-26b5-4d67-bc5d-e905a6760a80: receive RaftClientReply:client-B2F93226DCBB->056ae293-26b5-4d67-bc5d-e905a6760a80@group-50E32BB97A46, cid=774, SUCCESS, logIndex=997, commits[056ae293-26b5-4d67-bc5d-e905a6760a80:c998, a428730f-9893-43cb-a585-e65a7e8859c8:c996, 994b73f6-7725-4304-b3a4-4941318c1d6c:c992]
2019-07-08 19:53:06,413 INFO  client.GrpcClientProtocolClient (GrpcClientProtocolClient.java:onNext(255)) - client-B2F93226DCBB->056ae293-26b5-4d67-bc5d-e905a6760a80: receive RaftClientReply:client-B2F93226DCBB->056ae293-26b5-4d67-bc5d-e905a6760a80@group-50E32BB97A46, cid=775, SUCCESS, logIndex=998, commits[056ae293-26b5-4d67-bc5d-e905a6760a80:c998, a428730f-9893-43cb-a585-e65a7e8859c8:c996, 994b73f6-7725-4304-b3a4-4941318c1d6c:c996]
2019-07-08 19:53:06,426 INFO  client.GrpcClientProtocolClient (GrpcClientProtocolClient.java:onNext(255)) - client-B2F93226DCBB->056ae293-26b5-4d67-bc5d-e905a6760a80: receive RaftClientReply:client-B2F93226DCBB->056ae293-26b5-4d67-bc5d-e905a6760a80@group-50E32BB97A46, cid=776, SUCCESS, logIndex=1001, commits[056ae293-26b5-4d67-bc5d-e905a6760a80:c1002, a428730f-9893-43cb-a585-e65a7e8859c8:c1000, 994b73f6-7725-4304-b3a4-4941318c1d6c:c998]
2019-07-08 19:53:06,427 INFO  client.GrpcClientProtocolClient (GrpcClientProtocolClient.java:onNext(255)) - client-B2F93226DCBB->056ae293-26b5-4d67-bc5d-e905a6760a80: receive RaftClientReply:client-B2F93226DCBB->056ae293-26b5-4d67-bc5d-e905a6760a80@group-50E32BB97A46, cid=777, SUCCESS, logIndex=1002, commits[056ae293-26b5-4d67-bc5d-e905a6760a80:c1002, a428730f-9893-43cb-a585-e65a7e8859c8:c1000, 994b73f6-7725-4304-b3a4-4941318c1d6c:c1000]
2019-07-08 19:53:06,429 INFO  client.GrpcClientProtocolClient (GrpcClientProtocolClient.java:onNext(255)) - client-B2F93226DCBB->056ae293-26b5-4d67-bc5d-e905a6760a80: receive RaftClientReply:client-B2F93226DCBB->056ae293-26b5-4d67-bc5d-e905a6760a80@group-50E32BB97A46, cid=778, SUCCESS, logIndex=0, commits[056ae293-26b5-4d67-bc5d-e905a6760a80:c1003, a428730f-9893-43cb-a585-e65a7e8859c8:c1002, 994b73f6-7725-4304-b3a4-4941318c1d6c:c1002]
2019-07-08 19:53:06,442 INFO  client.GrpcClientProtocolClient (GrpcClientProtocolClient.java:onNext(255)) - client-B2F93226DCBB->056ae293-26b5-4d67-bc5d-e905a6760a80: receive RaftClientReply:client-B2F93226DCBB->056ae293-26b5-4d67-bc5d-e905a6760a80@group-50E32BB97A46, cid=779, SUCCESS, logIndex=1005, commits[056ae293-26b5-4d67-bc5d-e905a6760a80:c1006, a428730f-9893-43cb-a585-e65a7e8859c8:c1004, 994b73f6-7725-4304-b3a4-4941318c1d6c:c1002]
2019-07-08 19:53:06,443 INFO  client.GrpcClientProtocolClient (GrpcClientProtocolClient.java:onNext(255)) - client-B2F93226DCBB->056ae293-26b5-4d67-bc5d-e905a6760a80: receive RaftClientReply:client-B2F93226DCBB->056ae293-26b5-4d67-bc5d-e905a6760a80@group-50E32BB97A46, cid=780, SUCCESS, logIndex=1006, commits[056ae293-26b5-4d67-bc5d-e905a6760a80:c1006, a428730f-9893-43cb-a585-e65a7e8859c8:c1004, 994b73f6-7725-4304-b3a4-4941318c1d6c:c1002]
2019-07-08 19:53:06,448 INFO  client.GrpcClientProtocolClient (GrpcClientProtocolClient.java:onNext(255)) - client-B2F93226DCBB->056ae293-26b5-4d67-bc5d-e905a6760a80: receive RaftClientReply:client-B2F93226DCBB->056ae293-26b5-4d67-bc5d-e905a6760a80@group-50E32BB97A46, cid=781, SUCCESS, logIndex=1007, commits[056ae293-26b5-4d67-bc5d-e905a6760a80:c1008, a428730f-9893-43cb-a585-e65a7e8859c8:c1004, 994b73f6-7725-4304-b3a4-4941318c1d6c:c1004]
2019-07-08 19:53:06,449 INFO  client.GrpcClientProtocolClient (GrpcClientProtocolClient.java:onNext(255)) - client-B2F93226DCBB->056ae293-26b5-4d67-bc5d-e905a6760a80: receive RaftClientReply:client-B2F93226DCBB->056ae293-26b5-4d67-bc5d-e905a6760a80@group-50E32BB97A46, cid=782, SUCCESS, logIndex=1008, commits[056ae293-26b5-4d67-bc5d-e905a6760a80:c1008, a428730f-9893-43cb-a585-e65a7e8859c8:c1004, 994b73f6-7725-4304-b3a4-4941318c1d6c:c1004]
2019-07-08 19:53:06,456 INFO  client.GrpcClientProtocolClient (GrpcClientProtocolClient.java:onNext(255)) - client-B2F93226DCBB->056ae293-26b5-4d67-bc5d-e905a6760a80: receive RaftClientReply:client-B2F93226DCBB->056ae293-26b5-4d67-bc5d-e905a6760a80@group-50E32BB97A46, cid=783, SUCCESS, logIndex=0, commits[056ae293-26b5-4d67-bc5d-e905a6760a80:c1010, a428730f-9893-43cb-a585-e65a7e8859c8:c1006, 994b73f6-7725-4304-b3a4-4941318c1d6c:c1006]
2019-07-08 19:53:06,575 INFO  client.GrpcClientProtocolClient (GrpcClientProtocolClient.java:onNext(255)) - client-B2F93226DCBB->056ae293-26b5-4d67-bc5d-e905a6760a80: receive RaftClientReply:client-B2F93226DCBB->056ae293-26b5-4d67-bc5d-e905a6760a80@group-50E32BB97A46, cid=784, SUCCESS, logIndex=1013, commits[056ae293-26b5-4d67-bc5d-e905a6760a80:c1014, a428730f-9893-43cb-a585-e65a7e8859c8:c1012, 994b73f6-7725-4304-b3a4-4941318c1d6c:c1012]
2019-07-08 19:53:06,576 INFO  client.GrpcClientProtocolClient (GrpcClientProtocolClient.java:onNext(255)) - client-B2F93226DCBB->056ae293-26b5-4d67-bc5d-e905a6760a80: receive RaftClientReply:client-B2F93226DCBB->056ae293-26b5-4d67-bc5d-e905a6760a80@group-50E32BB97A46, cid=785, SUCCESS, logIndex=1014, commits[056ae293-26b5-4d67-bc5d-e905a6760a80:c1014, a428730f-9893-43cb-a585-e65a7e8859c8:c1012, 994b73f6-7725-4304-b3a4-4941318c1d6c:c1012]
2019-07-08 19:53:06,600 INFO  client.GrpcClientProtocolClient (GrpcClientProtocolClient.java:onNext(255)) - client-B2F93226DCBB->056ae293-26b5-4d67-bc5d-e905a6760a80: receive RaftClientReply:client-B2F93226DCBB->056ae293-26b5-4d67-bc5d-e905a6760a80@group-50E32BB97A46, cid=786, SUCCESS, logIndex=1017, commits[056ae293-26b5-4d67-bc5d-e905a6760a80:c1018, a428730f-9893-43cb-a585-e65a7e8859c8:c1014, 994b73f6-7725-4304-b3a4-4941318c1d6c:c1014]
2019-07-08 19:53:06,600 INFO  client.GrpcClientProtocolClient (GrpcClientProtocolClient.java:onNext(255)) - client-B2F93226DCBB->056ae293-26b5-4d67-bc5d-e905a6760a80: receive RaftClientReply:client-B2F93226DCBB->056ae293-26b5-4d67-bc5d-e905a6760a80@group-50E32BB97A46, cid=787, SUCCESS, logIndex=1018, commits[056ae293-26b5-4d67-bc5d-e905a6760a80:c1018, a428730f-9893-43cb-a585-e65a7e8859c8:c1014, 994b73f6-7725-4304-b3a4-4941318c1d6c:c1014]
2019-07-08 19:53:06,626 INFO  client.GrpcClientProtocolClient (GrpcClientProtocolClient.java:onNext(255)) - client-B2F93226DCBB->056ae293-26b5-4d67-bc5d-e905a6760a80: receive RaftClientReply:client-B2F93226DCBB->056ae293-26b5-4d67-bc5d-e905a6760a80@group-50E32BB97A46, cid=788, SUCCESS, logIndex=0, commits[056ae293-26b5-4d67-bc5d-e905a6760a80:c1020, a428730f-9893-43cb-a585-e65a7e8859c8:c1018, 994b73f6-7725-4304-b3a4-4941318c1d6c:c1018]
2019-07-08 19:53:06,649 INFO  client.GrpcClientProtocolClient (GrpcClientProtocolClient.java:onNext(255)) - client-B2F93226DCBB->056ae293-26b5-4d67-bc5d-e905a6760a80: receive RaftClientReply:client-B2F93226DCBB->056ae293-26b5-4d67-bc5d-e905a6760a80@group-50E32BB97A46, cid=789, SUCCESS, logIndex=1021, commits[056ae293-26b5-4d67-bc5d-e905a6760a80:c1022, a428730f-9893-43cb-a585-e65a7e8859c8:c1020, 994b73f6-7725-4304-b3a4-4941318c1d6c:c1020]
2019-07-08 19:53:06,650 INFO  client.GrpcClientProtocolClient (GrpcClientProtocolClient.java:onNext(255)) - client-B2F93226DCBB->056ae293-26b5-4d67-bc5d-e905a6760a80: receive RaftClientReply:client-B2F93226DCBB->056ae293-26b5-4d67-bc5d-e905a6760a80@group-50E32BB97A46, cid=790, SUCCESS, logIndex=1022, commits[056ae293-26b5-4d67-bc5d-e905a6760a80:c1022, a428730f-9893-43cb-a585-e65a7e8859c8:c1020, 994b73f6-7725-4304-b3a4-4941318c1d6c:c1020]
2019-07-08 19:53:06,662 INFO  client.GrpcClientProtocolClient (GrpcClientProtocolClient.java:onNext(255)) - client-B2F93226DCBB->056ae293-26b5-4d67-bc5d-e905a6760a80: receive RaftClientReply:client-B2F93226DCBB->056ae293-26b5-4d67-bc5d-e905a6760a80@group-50E32BB97A46, cid=791, SUCCESS, logIndex=1023, commits[056ae293-26b5-4d67-bc5d-e905a6760a80:c1024, a428730f-9893-43cb-a585-e65a7e8859c8:c1020, 994b73f6-7725-4304-b3a4-4941318c1d6c:c1020]
2019-07-08 19:53:06,663 INFO  client.GrpcClientProtocolClient (GrpcClientProtocolClient.java:onNext(255)) - client-B2F93226DCBB->056ae293-26b5-4d67-bc5d-e905a6760a80: receive RaftClientReply:client-B2F93226DCBB->056ae293-26b5-4d67-bc5d-e905a6760a80@group-50E32BB97A46, cid=792, SUCCESS, logIndex=1024, commits[056ae293-26b5-4d67-bc5d-e905a6760a80:c1024, a428730f-9893-43cb-a585-e65a7e8859c8:c1020, 994b73f6-7725-4304-b3a4-4941318c1d6c:c1020]
2019-07-08 19:53:06,675 INFO  client.GrpcClientProtocolClient (GrpcClientProtocolClient.java:onNext(255)) - client-B2F93226DCBB->056ae293-26b5-4d67-bc5d-e905a6760a80: receive RaftClientReply:client-B2F93226DCBB->056ae293-26b5-4d67-bc5d-e905a6760a80@group-50E32BB97A46, cid=793, SUCCESS, logIndex=0, commits[056ae293-26b5-4d67-bc5d-e905a6760a80:c1026, a428730f-9893-43cb-a585-e65a7e8859c8:c1022, 994b73f6-7725-4304-b3a4-4941318c1d6c:c1022]
2019-07-08 19:53:06,700 INFO  client.GrpcClientProtocolClient (GrpcClientProtocolClient.java:onNext(255)) - client-B2F93226DCBB->056ae293-26b5-4d67-bc5d-e905a6760a80: receive RaftClientReply:client-B2F93226DCBB->056ae293-26b5-4d67-bc5d-e905a6760a80@group-50E32BB97A46, cid=794, SUCCESS, logIndex=1029, commits[056ae293-26b5-4d67-bc5d-e905a6760a80:c1030, a428730f-9893-43cb-a585-e65a7e8859c8:c1026, 994b73f6-7725-4304-b3a4-4941318c1d6c:c1026]
2019-07-08 19:53:06,700 INFO  client.GrpcClientProtocolClient (GrpcClientProtocolClient.java:onNext(255)) - client-B2F93226DCBB->056ae293-26b5-4d67-bc5d-e905a6760a80: receive RaftClientReply:client-B2F93226DCBB->056ae293-26b5-4d67-bc5d-e905a6760a80@group-50E32BB97A46, cid=795, SUCCESS, logIndex=1030, commits[056ae293-26b5-4d67-bc5d-e905a6760a80:c1030, a428730f-9893-43cb-a585-e65a7e8859c8:c1026, 994b73f6-7725-4304-b3a4-4941318c1d6c:c1026]
2019-07-08 19:53:06,728 INFO  client.GrpcClientProtocolClient (GrpcClientProtocolClient.java:onNext(255)) - client-B2F93226DCBB->056ae293-26b5-4d67-bc5d-e905a6760a80: receive RaftClientReply:client-B2F93226DCBB->056ae293-26b5-4d67-bc5d-e905a6760a80@group-50E32BB97A46, cid=796, SUCCESS, logIndex=1033, commits[056ae293-26b5-4d67-bc5d-e905a6760a80:c1034, a428730f-9893-43cb-a585-e65a7e8859c8:c1030, 994b73f6-7725-4304-b3a4-4941318c1d6c:c1030]
2019-07-08 19:53:06,729 INFO  client.GrpcClientProtocolClient (GrpcClientProtocolClient.java:onNext(255)) - client-B2F93226DCBB->056ae293-26b5-4d67-bc5d-e905a6760a80: receive RaftClientReply:client-B2F93226DCBB->056ae293-26b5-4d67-bc5d-e905a6760a80@group-50E32BB97A46, cid=797, SUCCESS, logIndex=1034, commits[056ae293-26b5-4d67-bc5d-e905a6760a80:c1034, a428730f-9893-43cb-a585-e65a7e8859c8:c1030, 994b73f6-7725-4304-b3a4-4941318c1d6c:c1030]
2019-07-08 19:53:06,737 INFO  client.GrpcClientProtocolClient (GrpcClientProtocolClient.java:onNext(255)) - client-B2F93226DCBB->056ae293-26b5-4d67-bc5d-e905a6760a80: receive RaftClientReply:client-B2F93226DCBB->056ae293-26b5-4d67-bc5d-e905a6760a80@group-50E32BB97A46, cid=798, SUCCESS, logIndex=0, commits[056ae293-26b5-4d67-bc5d-e905a6760a80:c1035, a428730f-9893-43cb-a585-e65a7e8859c8:c1034, 994b73f6-7725-4304-b3a4-4941318c1d6c:c1034]
2019-07-08 19:53:06,758 INFO  client.GrpcClientProtocolClient (GrpcClientProtocolClient.java:onNext(255)) - client-B2F93226DCBB->056ae293-26b5-4d67-bc5d-e905a6760a80: receive RaftClientReply:client-B2F93226DCBB->056ae293-26b5-4d67-bc5d-e905a6760a80@group-50E32BB97A46, cid=799, SUCCESS, logIndex=1037, commits[056ae293-26b5-4d67-bc5d-e905a6760a80:c1038, a428730f-9893-43cb-a585-e65a7e8859c8:c1036, 994b73f6-7725-4304-b3a4-4941318c1d6c:c1036]
2019-07-08 19:53:06,758 INFO  client.GrpcClientProtocolClient (GrpcClientProtocolClient.java:onNext(255)) - client-B2F93226DCBB->056ae293-26b5-4d67-bc5d-e905a6760a80: receive RaftClientReply:client-B2F93226DCBB->056ae293-26b5-4d67-bc5d-e905a6760a80@group-50E32BB97A46, cid=800, SUCCESS, logIndex=1038, commits[056ae293-26b5-4d67-bc5d-e905a6760a80:c1040, a428730f-9893-43cb-a585-e65a7e8859c8:c1036, 994b73f6-7725-4304-b3a4-4941318c1d6c:c1036]
2019-07-08 19:53:06,759 INFO  client.GrpcClientProtocolClient (GrpcClientProtocolClient.java:onNext(255)) - client-B2F93226DCBB->056ae293-26b5-4d67-bc5d-e905a6760a80: receive RaftClientReply:client-B2F93226DCBB->056ae293-26b5-4d67-bc5d-e905a6760a80@group-50E32BB97A46, cid=801, SUCCESS, logIndex=1039, commits[056ae293-26b5-4d67-bc5d-e905a6760a80:c1040, a428730f-9893-43cb-a585-e65a7e8859c8:c1036, 994b73f6-7725-4304-b3a4-4941318c1d6c:c1036]
2019-07-08 19:53:06,759 INFO  client.GrpcClientProtocolClient (GrpcClientProtocolClient.java:onNext(255)) - client-B2F93226DCBB->056ae293-26b5-4d67-bc5d-e905a6760a80: receive RaftClientReply:client-B2F93226DCBB->056ae293-26b5-4d67-bc5d-e905a6760a80@group-50E32BB97A46, cid=802, SUCCESS, logIndex=1040, commits[056ae293-26b5-4d67-bc5d-e905a6760a80:c1040, a428730f-9893-43cb-a585-e65a7e8859c8:c1036, 994b73f6-7725-4304-b3a4-4941318c1d6c:c1036]
2019-07-08 19:53:06,784 INFO  client.GrpcClientProtocolClient (GrpcClientProtocolClient.java:onNext(255)) - client-B2F93226DCBB->056ae293-26b5-4d67-bc5d-e905a6760a80: receive RaftClientReply:client-B2F93226DCBB->056ae293-26b5-4d67-bc5d-e905a6760a80@group-50E32BB97A46, cid=803, SUCCESS, logIndex=0, commits[056ae293-26b5-4d67-bc5d-e905a6760a80:c1044, a428730f-9893-43cb-a585-e65a7e8859c8:c1040, 994b73f6-7725-4304-b3a4-4941318c1d6c:c1038]
2019-07-08 19:53:06,807 INFO  client.GrpcClientProtocolClient (GrpcClientProtocolClient.java:onNext(255)) - client-B2F93226DCBB->056ae293-26b5-4d67-bc5d-e905a6760a80: receive RaftClientReply:client-B2F93226DCBB->056ae293-26b5-4d67-bc5d-e905a6760a80@group-50E32BB97A46, cid=804, SUCCESS, logIndex=1045, commits[056ae293-26b5-4d67-bc5d-e905a6760a80:c1046, a428730f-9893-43cb-a585-e65a7e8859c8:c1044, 994b73f6-7725-4304-b3a4-4941318c1d6c:c1044]
2019-07-08 19:53:06,807 INFO  client.GrpcClientProtocolClient (GrpcClientProtocolClient.java:onNext(255)) - client-B2F93226DCBB->056ae293-26b5-4d67-bc5d-e905a6760a80: receive RaftClientReply:client-B2F93226DCBB->056ae293-26b5-4d67-bc5d-e905a6760a80@group-50E32BB97A46, cid=805, SUCCESS, logIndex=1046, commits[056ae293-26b5-4d67-bc5d-e905a6760a80:c1046, a428730f-9893-43cb-a585-e65a7e8859c8:c1044, 994b73f6-7725-4304-b3a4-4941318c1d6c:c1044]
2019-07-08 19:53:06,832 INFO  client.GrpcClientProtocolClient (GrpcClientProtocolClient.java:onNext(255)) - client-B2F93226DCBB->056ae293-26b5-4d67-bc5d-e905a6760a80: receive RaftClientReply:client-B2F93226DCBB->056ae293-26b5-4d67-bc5d-e905a6760a80@group-50E32BB97A46, cid=806, SUCCESS, logIndex=1049, commits[056ae293-26b5-4d67-bc5d-e905a6760a80:c1050, a428730f-9893-43cb-a585-e65a7e8859c8:c1046, 994b73f6-7725-4304-b3a4-4941318c1d6c:c1046]
2019-07-08 19:53:06,833 INFO  client.GrpcClientProtocolClient (GrpcClientProtocolClient.java:onNext(255)) - client-B2F93226DCBB->056ae293-26b5-4d67-bc5d-e905a6760a80: receive RaftClientReply:client-B2F93226DCBB->056ae293-26b5-4d67-bc5d-e905a6760a80@group-50E32BB97A46, cid=807, SUCCESS, logIndex=1050, commits[056ae293-26b5-4d67-bc5d-e905a6760a80:c1050, a428730f-9893-43cb-a585-e65a7e8859c8:c1046, 994b73f6-7725-4304-b3a4-4941318c1d6c:c1046]
2019-07-08 19:53:06,846 INFO  client.GrpcClientProtocolClient (GrpcClientProtocolClient.java:onNext(255)) - client-B2F93226DCBB->056ae293-26b5-4d67-bc5d-e905a6760a80: receive RaftClientReply:client-B2F93226DCBB->056ae293-26b5-4d67-bc5d-e905a6760a80@group-50E32BB97A46, cid=808, SUCCESS, logIndex=0, commits[056ae293-26b5-4d67-bc5d-e905a6760a80:c1051, a428730f-9893-43cb-a585-e65a7e8859c8:c1050, 994b73f6-7725-4304-b3a4-4941318c1d6c:c1050]
2019-07-08 19:53:06,873 INFO  client.GrpcClientProtocolClient (GrpcClientProtocolClient.java:onNext(255)) - client-B2F93226DCBB->056ae293-26b5-4d67-bc5d-e905a6760a80: receive RaftClientReply:client-B2F93226DCBB->056ae293-26b5-4d67-bc5d-e905a6760a80@group-50E32BB97A46, cid=809, SUCCESS, logIndex=1053, commits[056ae293-26b5-4d67-bc5d-e905a6760a80:c1054, a428730f-9893-43cb-a585-e65a7e8859c8:c1051, 994b73f6-7725-4304-b3a4-4941318c1d6c:c1051]
2019-07-08 19:53:06,874 INFO  client.GrpcClientProtocolClient (GrpcClientProtocolClient.java:onNext(255)) - client-B2F93226DCBB->056ae293-26b5-4d67-bc5d-e905a6760a80: receive RaftClientReply:client-B2F93226DCBB->056ae293-26b5-4d67-bc5d-e905a6760a80@group-50E32BB97A46, cid=810, SUCCESS, logIndex=1054, commits[056ae293-26b5-4d67-bc5d-e905a6760a80:c1054, a428730f-9893-43cb-a585-e65a7e8859c8:c1051, 994b73f6-7725-4304-b3a4-4941318c1d6c:c1051]
2019-07-08 19:53:06,886 INFO  client.GrpcClientProtocolClient (GrpcClientProtocolClient.java:onNext(255)) - client-B2F93226DCBB->056ae293-26b5-4d67-bc5d-e905a6760a80: receive RaftClientReply:client-B2F93226DCBB->056ae293-26b5-4d67-bc5d-e905a6760a80@group-50E32BB97A46, cid=811, SUCCESS, logIndex=1055, commits[056ae293-26b5-4d67-bc5d-e905a6760a80:c1056, a428730f-9893-43cb-a585-e65a7e8859c8:c1051, 994b73f6-7725-4304-b3a4-4941318c1d6c:c1051]
2019-07-08 19:53:06,886 INFO  client.GrpcClientProtocolClient (GrpcClientProtocolClient.java:onNext(255)) - client-B2F93226DCBB->056ae293-26b5-4d67-bc5d-e905a6760a80: receive RaftClientReply:client-B2F93226DCBB->056ae293-26b5-4d67-bc5d-e905a6760a80@group-50E32BB97A46, cid=812, SUCCESS, logIndex=1056, commits[056ae293-26b5-4d67-bc5d-e905a6760a80:c1056, a428730f-9893-43cb-a585-e65a7e8859c8:c1051, 994b73f6-7725-4304-b3a4-4941318c1d6c:c1051]
2019-07-08 19:53:06,889 INFO  client.GrpcClientProtocolClient (GrpcClientProtocolClient.java:onNext(255)) - client-B2F93226DCBB->056ae293-26b5-4d67-bc5d-e905a6760a80: receive RaftClientReply:client-B2F93226DCBB->056ae293-26b5-4d67-bc5d-e905a6760a80@group-50E32BB97A46, cid=813, SUCCESS, logIndex=0, commits[056ae293-26b5-4d67-bc5d-e905a6760a80:c1058, a428730f-9893-43cb-a585-e65a7e8859c8:c1054, 994b73f6-7725-4304-b3a4-4941318c1d6c:c1054]
2019-07-08 19:53:06,903 INFO  client.GrpcClientProtocolClient (GrpcClientProtocolClient.java:onNext(255)) - client-B2F93226DCBB->056ae293-26b5-4d67-bc5d-e905a6760a80: receive RaftClientReply:client-B2F93226DCBB->056ae293-26b5-4d67-bc5d-e905a6760a80@group-50E32BB97A46, cid=814, SUCCESS, logIndex=1061, commits[056ae293-26b5-4d67-bc5d-e905a6760a80:c1062, a428730f-9893-43cb-a585-e65a7e8859c8:c1060, 994b73f6-7725-4304-b3a4-4941318c1d6c:c1060]
2019-07-08 19:53:06,904 INFO  client.GrpcClientProtocolClient (GrpcClientProtocolClient.java:onNext(255)) - client-B2F93226DCBB->056ae293-26b5-4d67-bc5d-e905a6760a80: receive RaftClientReply:client-B2F93226DCBB->056ae293-26b5-4d67-bc5d-e905a6760a80@group-50E32BB97A46, cid=815, SUCCESS, logIndex=1062, commits[056ae293-26b5-4d67-bc5d-e905a6760a80:c1062, a428730f-9893-43cb-a585-e65a7e8859c8:c1060, 994b73f6-7725-4304-b3a4-4941318c1d6c:c1060]
2019-07-08 19:53:06,918 INFO  client.GrpcClientProtocolClient (GrpcClientProtocolClient.java:onNext(255)) - client-B2F93226DCBB->056ae293-26b5-4d67-bc5d-e905a6760a80: receive RaftClientReply:client-B2F93226DCBB->056ae293-26b5-4d67-bc5d-e905a6760a80@group-50E32BB97A46, cid=816, SUCCESS, logIndex=1065, commits[056ae293-26b5-4d67-bc5d-e905a6760a80:c1066, a428730f-9893-43cb-a585-e65a7e8859c8:c1062, 994b73f6-7725-4304-b3a4-4941318c1d6c:c1064]
2019-07-08 19:53:06,918 INFO  client.GrpcClientProtocolClient (GrpcClientProtocolClient.java:onNext(255)) - client-B2F93226DCBB->056ae293-26b5-4d67-bc5d-e905a6760a80: receive RaftClientReply:client-B2F93226DCBB->056ae293-26b5-4d67-bc5d-e905a6760a80@group-50E32BB97A46, cid=817, SUCCESS, logIndex=1066, commits[056ae293-26b5-4d67-bc5d-e905a6760a80:c1066, a428730f-9893-43cb-a585-e65a7e8859c8:c1064, 994b73f6-7725-4304-b3a4-4941318c1d6c:c1064]
2019-07-08 19:53:06,921 INFO  client.GrpcClientProtocolClient (GrpcClientProtocolClient.java:onNext(255)) - client-B2F93226DCBB->056ae293-26b5-4d67-bc5d-e905a6760a80: receive RaftClientReply:client-B2F93226DCBB->056ae293-26b5-4d67-bc5d-e905a6760a80@group-50E32BB97A46, cid=818, SUCCESS, logIndex=0, commits[056ae293-26b5-4d67-bc5d-e905a6760a80:c1067, a428730f-9893-43cb-a585-e65a7e8859c8:c1066, 994b73f6-7725-4304-b3a4-4941318c1d6c:c1066]
2019-07-08 19:53:06,936 INFO  client.GrpcClientProtocolClient (GrpcClientProtocolClient.java:onNext(255)) - client-B2F93226DCBB->056ae293-26b5-4d67-bc5d-e905a6760a80: receive RaftClientReply:client-B2F93226DCBB->056ae293-26b5-4d67-bc5d-e905a6760a80@group-50E32BB97A46, cid=819, SUCCESS, logIndex=1069, commits[056ae293-26b5-4d67-bc5d-e905a6760a80:c1070, a428730f-9893-43cb-a585-e65a7e8859c8:c1068, 994b73f6-7725-4304-b3a4-4941318c1d6c:c1068]
2019-07-08 19:53:06,936 INFO  client.GrpcClientProtocolClient (GrpcClientProtocolClient.java:onNext(255)) - client-B2F93226DCBB->056ae293-26b5-4d67-bc5d-e905a6760a80: receive RaftClientReply:client-B2F93226DCBB->056ae293-26b5-4d67-bc5d-e905a6760a80@group-50E32BB97A46, cid=820, SUCCESS, logIndex=1070, commits[056ae293-26b5-4d67-bc5d-e905a6760a80:c1070, a428730f-9893-43cb-a585-e65a7e8859c8:c1068, 994b73f6-7725-4304-b3a4-4941318c1d6c:c1068]
2019-07-08 19:53:06,938 INFO  client.GrpcClientProtocolClient (GrpcClientProtocolClient.java:onNext(255)) - client-B2F93226DCBB->056ae293-26b5-4d67-bc5d-e905a6760a80: receive RaftClientReply:client-B2F93226DCBB->056ae293-26b5-4d67-bc5d-e905a6760a80@group-50E32BB97A46, cid=821, SUCCESS, logIndex=1071, commits[056ae293-26b5-4d67-bc5d-e905a6760a80:c1072, a428730f-9893-43cb-a585-e65a7e8859c8:c1068, 994b73f6-7725-4304-b3a4-4941318c1d6c:c1070]
2019-07-08 19:53:06,938 INFO  client.GrpcClientProtocolClient (GrpcClientProtocolClient.java:onNext(255)) - client-B2F93226DCBB->056ae293-26b5-4d67-bc5d-e905a6760a80: receive RaftClientReply:client-B2F93226DCBB->056ae293-26b5-4d67-bc5d-e905a6760a80@group-50E32BB97A46, cid=822, SUCCESS, logIndex=1072, commits[056ae293-26b5-4d67-bc5d-e905a6760a80:c1074, a428730f-9893-43cb-a585-e65a7e8859c8:c1069, 994b73f6-7725-4304-b3a4-4941318c1d6c:c1070]
2019-07-08 19:53:06,939 INFO  client.GrpcClientProtocolClient (GrpcClientProtocolClient.java:onNext(255)) - client-B2F93226DCBB->056ae293-26b5-4d67-bc5d-e905a6760a80: receive RaftClientReply:client-B2F93226DCBB->056ae293-26b5-4d67-bc5d-e905a6760a80@group-50E32BB97A46, cid=823, SUCCESS, logIndex=0, commits[056ae293-26b5-4d67-bc5d-e905a6760a80:c1074, a428730f-9893-43cb-a585-e65a7e8859c8:c1070, 994b73f6-7725-4304-b3a4-4941318c1d6c:c1070]
 0.00% |█                                                                                                    |  0/1 Time: 0:00:032019-07-08 19:53:06,976 INFO  client.GrpcClientProtocolClient (GrpcClientProtocolClient.java:onNext(255)) - client-B2F93226DCBB->056ae293-26b5-4d67-bc5d-e905a6760a80: receive RaftClientReply:client-B2F93226DCBB->056ae293-26b5-4d67-bc5d-e905a6760a80@group-50E32BB97A46, cid=824, SUCCESS, logIndex=1077, commits[056ae293-26b5-4d67-bc5d-e905a6760a80:c1078, a428730f-9893-43cb-a585-e65a7e8859c8:c1076, 994b73f6-7725-4304-b3a4-4941318c1d6c:c1076]
2019-07-08 19:53:06,977 INFO  client.GrpcClientProtocolClient (GrpcClientProtocolClient.java:onNext(255)) - client-B2F93226DCBB->056ae293-26b5-4d67-bc5d-e905a6760a80: receive RaftClientReply:client-B2F93226DCBB->056ae293-26b5-4d67-bc5d-e905a6760a80@group-50E32BB97A46, cid=825, SUCCESS, logIndex=1078, commits[056ae293-26b5-4d67-bc5d-e905a6760a80:c1078, a428730f-9893-43cb-a585-e65a7e8859c8:c1076, 994b73f6-7725-4304-b3a4-4941318c1d6c:c1076]
2019-07-08 19:53:07,000 INFO  client.GrpcClientProtocolClient (GrpcClientProtocolClient.java:onNext(255)) - client-B2F93226DCBB->056ae293-26b5-4d67-bc5d-e905a6760a80: receive RaftClientReply:client-B2F93226DCBB->056ae293-26b5-4d67-bc5d-e905a6760a80@group-50E32BB97A46, cid=826, SUCCESS, logIndex=1081, commits[056ae293-26b5-4d67-bc5d-e905a6760a80:c1082, a428730f-9893-43cb-a585-e65a7e8859c8:c1080, 994b73f6-7725-4304-b3a4-4941318c1d6c:c1080]
2019-07-08 19:53:07,000 INFO  client.GrpcClientProtocolClient (GrpcClientProtocolClient.java:onNext(255)) - client-B2F93226DCBB->056ae293-26b5-4d67-bc5d-e905a6760a80: receive RaftClientReply:client-B2F93226DCBB->056ae293-26b5-4d67-bc5d-e905a6760a80@group-50E32BB97A46, cid=827, SUCCESS, logIndex=1082, commits[056ae293-26b5-4d67-bc5d-e905a6760a80:c1082, a428730f-9893-43cb-a585-e65a7e8859c8:c1080, 994b73f6-7725-4304-b3a4-4941318c1d6c:c1080]
2019-07-08 19:53:07,026 INFO  client.GrpcClientProtocolClient (GrpcClientProtocolClient.java:onNext(255)) - client-B2F93226DCBB->056ae293-26b5-4d67-bc5d-e905a6760a80: receive RaftClientReply:client-B2F93226DCBB->056ae293-26b5-4d67-bc5d-e905a6760a80@group-50E32BB97A46, cid=828, SUCCESS, logIndex=0, commits[056ae293-26b5-4d67-bc5d-e905a6760a80:c1084, a428730f-9893-43cb-a585-e65a7e8859c8:c1082, 994b73f6-7725-4304-b3a4-4941318c1d6c:c1082]
2019-07-08 19:53:07,049 INFO  client.GrpcClientProtocolClient (GrpcClientProtocolClient.java:onNext(255)) - client-B2F93226DCBB->056ae293-26b5-4d67-bc5d-e905a6760a80: receive RaftClientReply:client-B2F93226DCBB->056ae293-26b5-4d67-bc5d-e905a6760a80@group-50E32BB97A46, cid=829, SUCCESS, logIndex=1085, commits[056ae293-26b5-4d67-bc5d-e905a6760a80:c1086, a428730f-9893-43cb-a585-e65a7e8859c8:c1084, 994b73f6-7725-4304-b3a4-4941318c1d6c:c1084]
2019-07-08 19:53:07,049 INFO  client.GrpcClientProtocolClient (GrpcClientProtocolClient.java:onNext(255)) - client-B2F93226DCBB->056ae293-26b5-4d67-bc5d-e905a6760a80: receive RaftClientReply:client-B2F93226DCBB->056ae293-26b5-4d67-bc5d-e905a6760a80@group-50E32BB97A46, cid=830, SUCCESS, logIndex=1086, commits[056ae293-26b5-4d67-bc5d-e905a6760a80:c1087, a428730f-9893-43cb-a585-e65a7e8859c8:c1084, 994b73f6-7725-4304-b3a4-4941318c1d6c:c1084]
2019-07-08 19:53:07,050 INFO  client.GrpcClientProtocolClient (GrpcClientProtocolClient.java:onNext(255)) - client-B2F93226DCBB->056ae293-26b5-4d67-bc5d-e905a6760a80: receive RaftClientReply:client-B2F93226DCBB->056ae293-26b5-4d67-bc5d-e905a6760a80@group-50E32BB97A46, cid=831, SUCCESS, logIndex=1087, commits[056ae293-26b5-4d67-bc5d-e905a6760a80:c1088, a428730f-9893-43cb-a585-e65a7e8859c8:c1084, 994b73f6-7725-4304-b3a4-4941318c1d6c:c1084]
2019-07-08 19:53:07,050 INFO  client.GrpcClientProtocolClient (GrpcClientProtocolClient.java:onNext(255)) - client-B2F93226DCBB->056ae293-26b5-4d67-bc5d-e905a6760a80: receive RaftClientReply:client-B2F93226DCBB->056ae293-26b5-4d67-bc5d-e905a6760a80@group-50E32BB97A46, cid=832, SUCCESS, logIndex=1088, commits[056ae293-26b5-4d67-bc5d-e905a6760a80:c1088, a428730f-9893-43cb-a585-e65a7e8859c8:c1084, 994b73f6-7725-4304-b3a4-4941318c1d6c:c1084]
2019-07-08 19:53:07,065 INFO  client.GrpcClientProtocolClient (GrpcClientProtocolClient.java:onNext(255)) - client-B2F93226DCBB->056ae293-26b5-4d67-bc5d-e905a6760a80: receive RaftClientReply:client-B2F93226DCBB->056ae293-26b5-4d67-bc5d-e905a6760a80@group-50E32BB97A46, cid=833, SUCCESS, logIndex=0, commits[056ae293-26b5-4d67-bc5d-e905a6760a80:c1092, a428730f-9893-43cb-a585-e65a7e8859c8:c1088, 994b73f6-7725-4304-b3a4-4941318c1d6c:c1086]
2019-07-08 19:53:07,095 INFO  client.GrpcClientProtocolClient (GrpcClientProtocolClient.java:onNext(255)) - client-B2F93226DCBB->056ae293-26b5-4d67-bc5d-e905a6760a80: receive RaftClientReply:client-B2F93226DCBB->056ae293-26b5-4d67-bc5d-e905a6760a80@group-50E32BB97A46, cid=834, SUCCESS, logIndex=1093, commits[056ae293-26b5-4d67-bc5d-e905a6760a80:c1094, a428730f-9893-43cb-a585-e65a7e8859c8:c1092, 994b73f6-7725-4304-b3a4-4941318c1d6c:c1092]
2019-07-08 19:53:07,096 INFO  client.GrpcClientProtocolClient (GrpcClientProtocolClient.java:onNext(255)) - client-B2F93226DCBB->056ae293-26b5-4d67-bc5d-e905a6760a80: receive RaftClientReply:client-B2F93226DCBB->056ae293-26b5-4d67-bc5d-e905a6760a80@group-50E32BB97A46, cid=835, SUCCESS, logIndex=1094, commits[056ae293-26b5-4d67-bc5d-e905a6760a80:c1094, a428730f-9893-43cb-a585-e65a7e8859c8:c1092, 994b73f6-7725-4304-b3a4-4941318c1d6c:c1092]
2019-07-08 19:53:07,122 INFO  client.GrpcClientProtocolClient (GrpcClientProtocolClient.java:onNext(255)) - client-B2F93226DCBB->056ae293-26b5-4d67-bc5d-e905a6760a80: receive RaftClientReply:client-B2F93226DCBB->056ae293-26b5-4d67-bc5d-e905a6760a80@group-50E32BB97A46, cid=836, SUCCESS, logIndex=1097, commits[056ae293-26b5-4d67-bc5d-e905a6760a80:c1098, a428730f-9893-43cb-a585-e65a7e8859c8:c1094, 994b73f6-7725-4304-b3a4-4941318c1d6c:c1094]
2019-07-08 19:53:07,123 INFO  client.GrpcClientProtocolClient (GrpcClientProtocolClient.java:onNext(255)) - client-B2F93226DCBB->056ae293-26b5-4d67-bc5d-e905a6760a80: receive RaftClientReply:client-B2F93226DCBB->056ae293-26b5-4d67-bc5d-e905a6760a80@group-50E32BB97A46, cid=837, SUCCESS, logIndex=1098, commits[056ae293-26b5-4d67-bc5d-e905a6760a80:c1098, a428730f-9893-43cb-a585-e65a7e8859c8:c1094, 994b73f6-7725-4304-b3a4-4941318c1d6c:c1094]
2019-07-08 19:53:07,140 INFO  client.GrpcClientProtocolClient (GrpcClientProtocolClient.java:onNext(255)) - client-B2F93226DCBB->056ae293-26b5-4d67-bc5d-e905a6760a80: receive RaftClientReply:client-B2F93226DCBB->056ae293-26b5-4d67-bc5d-e905a6760a80@group-50E32BB97A46, cid=838, SUCCESS, logIndex=0, commits[056ae293-26b5-4d67-bc5d-e905a6760a80:c1100, a428730f-9893-43cb-a585-e65a7e8859c8:c1098, 994b73f6-7725-4304-b3a4-4941318c1d6c:c1098]
2019-07-08 19:53:07,156 INFO  client.GrpcClientProtocolClient (GrpcClientProtocolClient.java:onNext(255)) - client-B2F93226DCBB->056ae293-26b5-4d67-bc5d-e905a6760a80: receive RaftClientReply:client-B2F93226DCBB->056ae293-26b5-4d67-bc5d-e905a6760a80@group-50E32BB97A46, cid=839, SUCCESS, logIndex=1101, commits[056ae293-26b5-4d67-bc5d-e905a6760a80:c1102, a428730f-9893-43cb-a585-e65a7e8859c8:c1098, 994b73f6-7725-4304-b3a4-4941318c1d6c:c1100]
2019-07-08 19:53:07,157 INFO  client.GrpcClientProtocolClient (GrpcClientProtocolClient.java:onNext(255)) - client-B2F93226DCBB->056ae293-26b5-4d67-bc5d-e905a6760a80: receive RaftClientReply:client-B2F93226DCBB->056ae293-26b5-4d67-bc5d-e905a6760a80@group-50E32BB97A46, cid=840, SUCCESS, logIndex=1102, commits[056ae293-26b5-4d67-bc5d-e905a6760a80:c1102, a428730f-9893-43cb-a585-e65a7e8859c8:c1098, 994b73f6-7725-4304-b3a4-4941318c1d6c:c1100]
2019-07-08 19:53:07,159 INFO  client.GrpcClientProtocolClient (GrpcClientProtocolClient.java:onNext(255)) - client-B2F93226DCBB->056ae293-26b5-4d67-bc5d-e905a6760a80: receive RaftClientReply:client-B2F93226DCBB->056ae293-26b5-4d67-bc5d-e905a6760a80@group-50E32BB97A46, cid=841, SUCCESS, logIndex=1103, commits[056ae293-26b5-4d67-bc5d-e905a6760a80:c1105, a428730f-9893-43cb-a585-e65a7e8859c8:c1100, 994b73f6-7725-4304-b3a4-4941318c1d6c:c1102]
2019-07-08 19:53:07,159 INFO  client.GrpcClientProtocolClient (GrpcClientProtocolClient.java:onNext(255)) - client-B2F93226DCBB->056ae293-26b5-4d67-bc5d-e905a6760a80: receive RaftClientReply:client-B2F93226DCBB->056ae293-26b5-4d67-bc5d-e905a6760a80@group-50E32BB97A46, cid=842, SUCCESS, logIndex=1104, commits[056ae293-26b5-4d67-bc5d-e905a6760a80:c1106, a428730f-9893-43cb-a585-e65a7e8859c8:c1100, 994b73f6-7725-4304-b3a4-4941318c1d6c:c1102]
2019-07-08 19:53:07,161 INFO  client.GrpcClientProtocolClient (GrpcClientProtocolClient.java:onNext(255)) - client-B2F93226DCBB->056ae293-26b5-4d67-bc5d-e905a6760a80: receive RaftClientReply:client-B2F93226DCBB->056ae293-26b5-4d67-bc5d-e905a6760a80@group-50E32BB97A46, cid=843, SUCCESS, logIndex=0, commits[056ae293-26b5-4d67-bc5d-e905a6760a80:c1107, a428730f-9893-43cb-a585-e65a7e8859c8:c1102, 994b73f6-7725-4304-b3a4-4941318c1d6c:c1104]
2019-07-08 19:53:07,175 INFO  client.GrpcClientProtocolClient (GrpcClientProtocolClient.java:onNext(255)) - client-B2F93226DCBB->056ae293-26b5-4d67-bc5d-e905a6760a80: receive RaftClientReply:client-B2F93226DCBB->056ae293-26b5-4d67-bc5d-e905a6760a80@group-50E32BB97A46, cid=844, SUCCESS, logIndex=1109, commits[056ae293-26b5-4d67-bc5d-e905a6760a80:c1110, a428730f-9893-43cb-a585-e65a7e8859c8:c1108, 994b73f6-7725-4304-b3a4-4941318c1d6c:c1108]
2019-07-08 19:53:07,176 INFO  client.GrpcClientProtocolClient (GrpcClientProtocolClient.java:onNext(255)) - client-B2F93226DCBB->056ae293-26b5-4d67-bc5d-e905a6760a80: receive RaftClientReply:client-B2F93226DCBB->056ae293-26b5-4d67-bc5d-e905a6760a80@group-50E32BB97A46, cid=845, SUCCESS, logIndex=1110, commits[056ae293-26b5-4d67-bc5d-e905a6760a80:c1110, a428730f-9893-43cb-a585-e65a7e8859c8:c1108, 994b73f6-7725-4304-b3a4-4941318c1d6c:c1108]
2019-07-08 19:53:07,191 INFO  client.GrpcClientProtocolClient (GrpcClientProtocolClient.java:onNext(255)) - client-B2F93226DCBB->056ae293-26b5-4d67-bc5d-e905a6760a80: receive RaftClientReply:client-B2F93226DCBB->056ae293-26b5-4d67-bc5d-e905a6760a80@group-50E32BB97A46, cid=846, SUCCESS, logIndex=1113, commits[056ae293-26b5-4d67-bc5d-e905a6760a80:c1114, a428730f-9893-43cb-a585-e65a7e8859c8:c1110, 994b73f6-7725-4304-b3a4-4941318c1d6c:c1112]
2019-07-08 19:53:07,192 INFO  client.GrpcClientProtocolClient (GrpcClientProtocolClient.java:onNext(255)) - client-B2F93226DCBB->056ae293-26b5-4d67-bc5d-e905a6760a80: receive RaftClientReply:client-B2F93226DCBB->056ae293-26b5-4d67-bc5d-e905a6760a80@group-50E32BB97A46, cid=847, SUCCESS, logIndex=1114, commits[056ae293-26b5-4d67-bc5d-e905a6760a80:c1114, a428730f-9893-43cb-a585-e65a7e8859c8:c1112, 994b73f6-7725-4304-b3a4-4941318c1d6c:c1112]
2019-07-08 19:53:07,196 INFO  client.GrpcClientProtocolClient (GrpcClientProtocolClient.java:onNext(255)) - client-B2F93226DCBB->056ae293-26b5-4d67-bc5d-e905a6760a80: receive RaftClientReply:client-B2F93226DCBB->056ae293-26b5-4d67-bc5d-e905a6760a80@group-50E32BB97A46, cid=848, SUCCESS, logIndex=0, commits[056ae293-26b5-4d67-bc5d-e905a6760a80:c1115, a428730f-9893-43cb-a585-e65a7e8859c8:c1114, 994b73f6-7725-4304-b3a4-4941318c1d6c:c1114]
2019-07-08 19:53:07,228 INFO  client.GrpcClientProtocolClient (GrpcClientProtocolClient.java:onNext(255)) - client-B2F93226DCBB->056ae293-26b5-4d67-bc5d-e905a6760a80: receive RaftClientReply:client-B2F93226DCBB->056ae293-26b5-4d67-bc5d-e905a6760a80@group-50E32BB97A46, cid=849, SUCCESS, logIndex=1117, commits[056ae293-26b5-4d67-bc5d-e905a6760a80:c1118, a428730f-9893-43cb-a585-e65a7e8859c8:c1116, 994b73f6-7725-4304-b3a4-4941318c1d6c:c1116]
2019-07-08 19:53:07,229 INFO  client.GrpcClientProtocolClient (GrpcClientProtocolClient.java:onNext(255)) - client-B2F93226DCBB->056ae293-26b5-4d67-bc5d-e905a6760a80: receive RaftClientReply:client-B2F93226DCBB->056ae293-26b5-4d67-bc5d-e905a6760a80@group-50E32BB97A46, cid=850, SUCCESS, logIndex=1118, commits[056ae293-26b5-4d67-bc5d-e905a6760a80:c1120, a428730f-9893-43cb-a585-e65a7e8859c8:c1116, 994b73f6-7725-4304-b3a4-4941318c1d6c:c1116]
2019-07-08 19:53:07,229 INFO  client.GrpcClientProtocolClient (GrpcClientProtocolClient.java:onNext(255)) - client-B2F93226DCBB->056ae293-26b5-4d67-bc5d-e905a6760a80: receive RaftClientReply:client-B2F93226DCBB->056ae293-26b5-4d67-bc5d-e905a6760a80@group-50E32BB97A46, cid=851, SUCCESS, logIndex=1119, commits[056ae293-26b5-4d67-bc5d-e905a6760a80:c1120, a428730f-9893-43cb-a585-e65a7e8859c8:c1116, 994b73f6-7725-4304-b3a4-4941318c1d6c:c1116]
2019-07-08 19:53:07,230 INFO  client.GrpcClientProtocolClient (GrpcClientProtocolClient.java:onNext(255)) - client-B2F93226DCBB->056ae293-26b5-4d67-bc5d-e905a6760a80: receive RaftClientReply:client-B2F93226DCBB->056ae293-26b5-4d67-bc5d-e905a6760a80@group-50E32BB97A46, cid=852, SUCCESS, logIndex=1120, commits[056ae293-26b5-4d67-bc5d-e905a6760a80:c1120, a428730f-9893-43cb-a585-e65a7e8859c8:c1116, 994b73f6-7725-4304-b3a4-4941318c1d6c:c1116]
2019-07-08 19:53:07,242 INFO  client.GrpcClientProtocolClient (GrpcClientProtocolClient.java:onNext(255)) - client-B2F93226DCBB->056ae293-26b5-4d67-bc5d-e905a6760a80: receive RaftClientReply:client-B2F93226DCBB->056ae293-26b5-4d67-bc5d-e905a6760a80@group-50E32BB97A46, cid=853, SUCCESS, logIndex=0, commits[056ae293-26b5-4d67-bc5d-e905a6760a80:c1121, a428730f-9893-43cb-a585-e65a7e8859c8:c1118, 994b73f6-7725-4304-b3a4-4941318c1d6c:c1118]
2019-07-08 19:53:07,387 INFO  client.GrpcClientProtocolClient (GrpcClientProtocolClient.java:onNext(255)) - client-B2F93226DCBB->056ae293-26b5-4d67-bc5d-e905a6760a80: receive RaftClientReply:client-B2F93226DCBB->056ae293-26b5-4d67-bc5d-e905a6760a80@group-50E32BB97A46, cid=854, SUCCESS, logIndex=1125, commits[056ae293-26b5-4d67-bc5d-e905a6760a80:c1126, a428730f-9893-43cb-a585-e65a7e8859c8:c1124, 994b73f6-7725-4304-b3a4-4941318c1d6c:c1124]
2019-07-08 19:53:07,388 INFO  client.GrpcClientProtocolClient (GrpcClientProtocolClient.java:onNext(255)) - client-B2F93226DCBB->056ae293-26b5-4d67-bc5d-e905a6760a80: receive RaftClientReply:client-B2F93226DCBB->056ae293-26b5-4d67-bc5d-e905a6760a80@group-50E32BB97A46, cid=855, SUCCESS, logIndex=1126, commits[056ae293-26b5-4d67-bc5d-e905a6760a80:c1126, a428730f-9893-43cb-a585-e65a7e8859c8:c1124, 994b73f6-7725-4304-b3a4-4941318c1d6c:c1124]
2019-07-08 19:53:07,414 INFO  client.GrpcClientProtocolClient (GrpcClientProtocolClient.java:onNext(255)) - client-B2F93226DCBB->056ae293-26b5-4d67-bc5d-e905a6760a80: receive RaftClientReply:client-B2F93226DCBB->056ae293-26b5-4d67-bc5d-e905a6760a80@group-50E32BB97A46, cid=856, SUCCESS, logIndex=1129, commits[056ae293-26b5-4d67-bc5d-e905a6760a80:c1130, a428730f-9893-43cb-a585-e65a7e8859c8:c1126, 994b73f6-7725-4304-b3a4-4941318c1d6c:c1126]
2019-07-08 19:53:07,414 INFO  client.GrpcClientProtocolClient (GrpcClientProtocolClient.java:onNext(255)) - client-B2F93226DCBB->056ae293-26b5-4d67-bc5d-e905a6760a80: receive RaftClientReply:client-B2F93226DCBB->056ae293-26b5-4d67-bc5d-e905a6760a80@group-50E32BB97A46, cid=857, SUCCESS, logIndex=1130, commits[056ae293-26b5-4d67-bc5d-e905a6760a80:c1130, a428730f-9893-43cb-a585-e65a7e8859c8:c1126, 994b73f6-7725-4304-b3a4-4941318c1d6c:c1126]
2019-07-08 19:53:07,416 INFO  client.GrpcClientProtocolClient (GrpcClientProtocolClient.java:onNext(255)) - client-B2F93226DCBB->056ae293-26b5-4d67-bc5d-e905a6760a80: receive RaftClientReply:client-B2F93226DCBB->056ae293-26b5-4d67-bc5d-e905a6760a80@group-50E32BB97A46, cid=858, SUCCESS, logIndex=0, commits[056ae293-26b5-4d67-bc5d-e905a6760a80:c1132, a428730f-9893-43cb-a585-e65a7e8859c8:c1130, 994b73f6-7725-4304-b3a4-4941318c1d6c:c1130]
2019-07-08 19:53:07,440 INFO  client.GrpcClientProtocolClient (GrpcClientProtocolClient.java:onNext(255)) - client-B2F93226DCBB->056ae293-26b5-4d67-bc5d-e905a6760a80: receive RaftClientReply:client-B2F93226DCBB->056ae293-26b5-4d67-bc5d-e905a6760a80@group-50E32BB97A46, cid=859, SUCCESS, logIndex=1133, commits[056ae293-26b5-4d67-bc5d-e905a6760a80:c1134, a428730f-9893-43cb-a585-e65a7e8859c8:c1132, 994b73f6-7725-4304-b3a4-4941318c1d6c:c1132]
2019-07-08 19:53:07,440 INFO  client.GrpcClientProtocolClient (GrpcClientProtocolClient.java:onNext(255)) - client-B2F93226DCBB->056ae293-26b5-4d67-bc5d-e905a6760a80: receive RaftClientReply:client-B2F93226DCBB->056ae293-26b5-4d67-bc5d-e905a6760a80@group-50E32BB97A46, cid=860, SUCCESS, logIndex=1134, commits[056ae293-26b5-4d67-bc5d-e905a6760a80:c1135, a428730f-9893-43cb-a585-e65a7e8859c8:c1132, 994b73f6-7725-4304-b3a4-4941318c1d6c:c1132]
2019-07-08 19:53:07,441 INFO  client.GrpcClientProtocolClient (GrpcClientProtocolClient.java:onNext(255)) - client-B2F93226DCBB->056ae293-26b5-4d67-bc5d-e905a6760a80: receive RaftClientReply:client-B2F93226DCBB->056ae293-26b5-4d67-bc5d-e905a6760a80@group-50E32BB97A46, cid=861, SUCCESS, logIndex=1135, commits[056ae293-26b5-4d67-bc5d-e905a6760a80:c1136, a428730f-9893-43cb-a585-e65a7e8859c8:c1132, 994b73f6-7725-4304-b3a4-4941318c1d6c:c1132]
2019-07-08 19:53:07,441 INFO  client.GrpcClientProtocolClient (GrpcClientProtocolClient.java:onNext(255)) - client-B2F93226DCBB->056ae293-26b5-4d67-bc5d-e905a6760a80: receive RaftClientReply:client-B2F93226DCBB->056ae293-26b5-4d67-bc5d-e905a6760a80@group-50E32BB97A46, cid=862, SUCCESS, logIndex=1136, commits[056ae293-26b5-4d67-bc5d-e905a6760a80:c1136, a428730f-9893-43cb-a585-e65a7e8859c8:c1132, 994b73f6-7725-4304-b3a4-4941318c1d6c:c1132]
2019-07-08 19:53:07,455 INFO  client.GrpcClientProtocolClient (GrpcClientProtocolClient.java:onNext(255)) - client-B2F93226DCBB->056ae293-26b5-4d67-bc5d-e905a6760a80: receive RaftClientReply:client-B2F93226DCBB->056ae293-26b5-4d67-bc5d-e905a6760a80@group-50E32BB97A46, cid=863, SUCCESS, logIndex=0, commits[056ae293-26b5-4d67-bc5d-e905a6760a80:c1137, a428730f-9893-43cb-a585-e65a7e8859c8:c1134, 994b73f6-7725-4304-b3a4-4941318c1d6c:c1134]
2019-07-08 19:53:07,479 INFO  client.GrpcClientProtocolClient (GrpcClientProtocolClient.java:onNext(255)) - client-B2F93226DCBB->056ae293-26b5-4d67-bc5d-e905a6760a80: receive RaftClientReply:client-B2F93226DCBB->056ae293-26b5-4d67-bc5d-e905a6760a80@group-50E32BB97A46, cid=864, SUCCESS, logIndex=1141, commits[056ae293-26b5-4d67-bc5d-e905a6760a80:c1142, a428730f-9893-43cb-a585-e65a7e8859c8:c1136, 994b73f6-7725-4304-b3a4-4941318c1d6c:c1140]
2019-07-08 19:53:07,480 INFO  client.GrpcClientProtocolClient (GrpcClientProtocolClient.java:onNext(255)) - client-B2F93226DCBB->056ae293-26b5-4d67-bc5d-e905a6760a80: receive RaftClientReply:client-B2F93226DCBB->056ae293-26b5-4d67-bc5d-e905a6760a80@group-50E32BB97A46, cid=865, SUCCESS, logIndex=1142, commits[056ae293-26b5-4d67-bc5d-e905a6760a80:c1142, a428730f-9893-43cb-a585-e65a7e8859c8:c1140, 994b73f6-7725-4304-b3a4-4941318c1d6c:c1140]
2019-07-08 19:53:07,507 INFO  client.GrpcClientProtocolClient (GrpcClientProtocolClient.java:onNext(255)) - client-B2F93226DCBB->056ae293-26b5-4d67-bc5d-e905a6760a80: receive RaftClientReply:client-B2F93226DCBB->056ae293-26b5-4d67-bc5d-e905a6760a80@group-50E32BB97A46, cid=866, SUCCESS, logIndex=1145, commits[056ae293-26b5-4d67-bc5d-e905a6760a80:c1146, a428730f-9893-43cb-a585-e65a7e8859c8:c1143, 994b73f6-7725-4304-b3a4-4941318c1d6c:c1143]
2019-07-08 19:53:07,507 INFO  client.GrpcClientProtocolClient (GrpcClientProtocolClient.java:onNext(255)) - client-B2F93226DCBB->056ae293-26b5-4d67-bc5d-e905a6760a80: receive RaftClientReply:client-B2F93226DCBB->056ae293-26b5-4d67-bc5d-e905a6760a80@group-50E32BB97A46, cid=867, SUCCESS, logIndex=1146, commits[056ae293-26b5-4d67-bc5d-e905a6760a80:c1146, a428730f-9893-43cb-a585-e65a7e8859c8:c1143, 994b73f6-7725-4304-b3a4-4941318c1d6c:c1143]
2019-07-08 19:53:07,519 INFO  client.GrpcClientProtocolClient (GrpcClientProtocolClient.java:onNext(255)) - client-B2F93226DCBB->056ae293-26b5-4d67-bc5d-e905a6760a80: receive RaftClientReply:client-B2F93226DCBB->056ae293-26b5-4d67-bc5d-e905a6760a80@group-50E32BB97A46, cid=868, SUCCESS, logIndex=0, commits[056ae293-26b5-4d67-bc5d-e905a6760a80:c1147, a428730f-9893-43cb-a585-e65a7e8859c8:c1146, 994b73f6-7725-4304-b3a4-4941318c1d6c:c1146]
2019-07-08 19:53:07,545 INFO  client.GrpcClientProtocolClient (GrpcClientProtocolClient.java:onNext(255)) - client-B2F93226DCBB->056ae293-26b5-4d67-bc5d-e905a6760a80: receive RaftClientReply:client-B2F93226DCBB->056ae293-26b5-4d67-bc5d-e905a6760a80@group-50E32BB97A46, cid=869, SUCCESS, logIndex=1149, commits[056ae293-26b5-4d67-bc5d-e905a6760a80:c1150, a428730f-9893-43cb-a585-e65a7e8859c8:c1148, 994b73f6-7725-4304-b3a4-4941318c1d6c:c1148]
2019-07-08 19:53:07,546 INFO  client.GrpcClientProtocolClient (GrpcClientProtocolClient.java:onNext(255)) - client-B2F93226DCBB->056ae293-26b5-4d67-bc5d-e905a6760a80: receive RaftClientReply:client-B2F93226DCBB->056ae293-26b5-4d67-bc5d-e905a6760a80@group-50E32BB97A46, cid=870, SUCCESS, logIndex=1150, commits[056ae293-26b5-4d67-bc5d-e905a6760a80:c1151, a428730f-9893-43cb-a585-e65a7e8859c8:c1148, 994b73f6-7725-4304-b3a4-4941318c1d6c:c1148]
2019-07-08 19:53:07,546 INFO  client.GrpcClientProtocolClient (GrpcClientProtocolClient.java:onNext(255)) - client-B2F93226DCBB->056ae293-26b5-4d67-bc5d-e905a6760a80: receive RaftClientReply:client-B2F93226DCBB->056ae293-26b5-4d67-bc5d-e905a6760a80@group-50E32BB97A46, cid=871, SUCCESS, logIndex=1151, commits[056ae293-26b5-4d67-bc5d-e905a6760a80:c1152, a428730f-9893-43cb-a585-e65a7e8859c8:c1148, 994b73f6-7725-4304-b3a4-4941318c1d6c:c1148]
2019-07-08 19:53:07,547 INFO  client.GrpcClientProtocolClient (GrpcClientProtocolClient.java:onNext(255)) - client-B2F93226DCBB->056ae293-26b5-4d67-bc5d-e905a6760a80: receive RaftClientReply:client-B2F93226DCBB->056ae293-26b5-4d67-bc5d-e905a6760a80@group-50E32BB97A46, cid=872, SUCCESS, logIndex=1152, commits[056ae293-26b5-4d67-bc5d-e905a6760a80:c1152, a428730f-9893-43cb-a585-e65a7e8859c8:c1148, 994b73f6-7725-4304-b3a4-4941318c1d6c:c1148]
2019-07-08 19:53:07,548 INFO  client.GrpcClientProtocolClient (GrpcClientProtocolClient.java:onNext(255)) - client-B2F93226DCBB->056ae293-26b5-4d67-bc5d-e905a6760a80: receive RaftClientReply:client-B2F93226DCBB->056ae293-26b5-4d67-bc5d-e905a6760a80@group-50E32BB97A46, cid=873, SUCCESS, logIndex=0, commits[056ae293-26b5-4d67-bc5d-e905a6760a80:c1154, a428730f-9893-43cb-a585-e65a7e8859c8:c1150, 994b73f6-7725-4304-b3a4-4941318c1d6c:c1150]
2019-07-08 19:53:07,562 INFO  client.GrpcClientProtocolClient (GrpcClientProtocolClient.java:onNext(255)) - client-B2F93226DCBB->056ae293-26b5-4d67-bc5d-e905a6760a80: receive RaftClientReply:client-B2F93226DCBB->056ae293-26b5-4d67-bc5d-e905a6760a80@group-50E32BB97A46, cid=874, SUCCESS, logIndex=1157, commits[056ae293-26b5-4d67-bc5d-e905a6760a80:c1158, a428730f-9893-43cb-a585-e65a7e8859c8:c1152, 994b73f6-7725-4304-b3a4-4941318c1d6c:c1154]
2019-07-08 19:53:07,563 INFO  client.GrpcClientProtocolClient (GrpcClientProtocolClient.java:onNext(255)) - client-B2F93226DCBB->056ae293-26b5-4d67-bc5d-e905a6760a80: receive RaftClientReply:client-B2F93226DCBB->056ae293-26b5-4d67-bc5d-e905a6760a80@group-50E32BB97A46, cid=875, SUCCESS, logIndex=1158, commits[056ae293-26b5-4d67-bc5d-e905a6760a80:c1158, a428730f-9893-43cb-a585-e65a7e8859c8:c1154, 994b73f6-7725-4304-b3a4-4941318c1d6c:c1154]
2019-07-08 19:53:07,580 INFO  client.GrpcClientProtocolClient (GrpcClientProtocolClient.java:onNext(255)) - client-B2F93226DCBB->056ae293-26b5-4d67-bc5d-e905a6760a80: receive RaftClientReply:client-B2F93226DCBB->056ae293-26b5-4d67-bc5d-e905a6760a80@group-50E32BB97A46, cid=876, SUCCESS, logIndex=1161, commits[056ae293-26b5-4d67-bc5d-e905a6760a80:c1162, a428730f-9893-43cb-a585-e65a7e8859c8:c1159, 994b73f6-7725-4304-b3a4-4941318c1d6c:c1159]
2019-07-08 19:53:07,580 INFO  client.GrpcClientProtocolClient (GrpcClientProtocolClient.java:onNext(255)) - client-B2F93226DCBB->056ae293-26b5-4d67-bc5d-e905a6760a80: receive RaftClientReply:client-B2F93226DCBB->056ae293-26b5-4d67-bc5d-e905a6760a80@group-50E32BB97A46, cid=877, SUCCESS, logIndex=1162, commits[056ae293-26b5-4d67-bc5d-e905a6760a80:c1162, a428730f-9893-43cb-a585-e65a7e8859c8:c1159, 994b73f6-7725-4304-b3a4-4941318c1d6c:c1159]
2019-07-08 19:53:07,600 INFO  client.GrpcClientProtocolClient (GrpcClientProtocolClient.java:onNext(255)) - client-B2F93226DCBB->056ae293-26b5-4d67-bc5d-e905a6760a80: receive RaftClientReply:client-B2F93226DCBB->056ae293-26b5-4d67-bc5d-e905a6760a80@group-50E32BB97A46, cid=878, SUCCESS, logIndex=0, commits[056ae293-26b5-4d67-bc5d-e905a6760a80:c1164, a428730f-9893-43cb-a585-e65a7e8859c8:c1162, 994b73f6-7725-4304-b3a4-4941318c1d6c:c1162]
2019-07-08 19:53:07,621 INFO  client.GrpcClientProtocolClient (GrpcClientProtocolClient.java:onNext(255)) - client-B2F93226DCBB->056ae293-26b5-4d67-bc5d-e905a6760a80: receive RaftClientReply:client-B2F93226DCBB->056ae293-26b5-4d67-bc5d-e905a6760a80@group-50E32BB97A46, cid=879, SUCCESS, logIndex=1165, commits[056ae293-26b5-4d67-bc5d-e905a6760a80:c1166, a428730f-9893-43cb-a585-e65a7e8859c8:c1164, 994b73f6-7725-4304-b3a4-4941318c1d6c:c1164]
2019-07-08 19:53:07,622 INFO  client.GrpcClientProtocolClient (GrpcClientProtocolClient.java:onNext(255)) - client-B2F93226DCBB->056ae293-26b5-4d67-bc5d-e905a6760a80: receive RaftClientReply:client-B2F93226DCBB->056ae293-26b5-4d67-bc5d-e905a6760a80@group-50E32BB97A46, cid=880, SUCCESS, logIndex=1166, commits[056ae293-26b5-4d67-bc5d-e905a6760a80:c1167, a428730f-9893-43cb-a585-e65a7e8859c8:c1164, 994b73f6-7725-4304-b3a4-4941318c1d6c:c1164]
2019-07-08 19:53:07,622 INFO  client.GrpcClientProtocolClient (GrpcClientProtocolClient.java:onNext(255)) - client-B2F93226DCBB->056ae293-26b5-4d67-bc5d-e905a6760a80: receive RaftClientReply:client-B2F93226DCBB->056ae293-26b5-4d67-bc5d-e905a6760a80@group-50E32BB97A46, cid=881, SUCCESS, logIndex=1167, commits[056ae293-26b5-4d67-bc5d-e905a6760a80:c1168, a428730f-9893-43cb-a585-e65a7e8859c8:c1164, 994b73f6-7725-4304-b3a4-4941318c1d6c:c1164]
2019-07-08 19:53:07,623 INFO  client.GrpcClientProtocolClient (GrpcClientProtocolClient.java:onNext(255)) - client-B2F93226DCBB->056ae293-26b5-4d67-bc5d-e905a6760a80: receive RaftClientReply:client-B2F93226DCBB->056ae293-26b5-4d67-bc5d-e905a6760a80@group-50E32BB97A46, cid=882, SUCCESS, logIndex=1168, commits[056ae293-26b5-4d67-bc5d-e905a6760a80:c1169, a428730f-9893-43cb-a585-e65a7e8859c8:c1164, 994b73f6-7725-4304-b3a4-4941318c1d6c:c1165]
2019-07-08 19:53:07,624 INFO  client.GrpcClientProtocolClient (GrpcClientProtocolClient.java:onNext(255)) - client-B2F93226DCBB->056ae293-26b5-4d67-bc5d-e905a6760a80: receive RaftClientReply:client-B2F93226DCBB->056ae293-26b5-4d67-bc5d-e905a6760a80@group-50E32BB97A46, cid=883, SUCCESS, logIndex=0, commits[056ae293-26b5-4d67-bc5d-e905a6760a80:c1172, a428730f-9893-43cb-a585-e65a7e8859c8:c1166, 994b73f6-7725-4304-b3a4-4941318c1d6c:c1168]
2019-07-08 19:53:07,660 INFO  client.GrpcClientProtocolClient (GrpcClientProtocolClient.java:onNext(255)) - client-B2F93226DCBB->056ae293-26b5-4d67-bc5d-e905a6760a80: receive RaftClientReply:client-B2F93226DCBB->056ae293-26b5-4d67-bc5d-e905a6760a80@group-50E32BB97A46, cid=884, SUCCESS, logIndex=1173, commits[056ae293-26b5-4d67-bc5d-e905a6760a80:c1174, a428730f-9893-43cb-a585-e65a7e8859c8:c1172, 994b73f6-7725-4304-b3a4-4941318c1d6c:c1172]
2019-07-08 19:53:07,661 INFO  client.GrpcClientProtocolClient (GrpcClientProtocolClient.java:onNext(255)) - client-B2F93226DCBB->056ae293-26b5-4d67-bc5d-e905a6760a80: receive RaftClientReply:client-B2F93226DCBB->056ae293-26b5-4d67-bc5d-e905a6760a80@group-50E32BB97A46, cid=885, SUCCESS, logIndex=1174, commits[056ae293-26b5-4d67-bc5d-e905a6760a80:c1174, a428730f-9893-43cb-a585-e65a7e8859c8:c1172, 994b73f6-7725-4304-b3a4-4941318c1d6c:c1172]
2019-07-08 19:53:07,687 INFO  client.GrpcClientProtocolClient (GrpcClientProtocolClient.java:onNext(255)) - client-B2F93226DCBB->056ae293-26b5-4d67-bc5d-e905a6760a80: receive RaftClientReply:client-B2F93226DCBB->056ae293-26b5-4d67-bc5d-e905a6760a80@group-50E32BB97A46, cid=886, SUCCESS, logIndex=1177, commits[056ae293-26b5-4d67-bc5d-e905a6760a80:c1178, a428730f-9893-43cb-a585-e65a7e8859c8:c1174, 994b73f6-7725-4304-b3a4-4941318c1d6c:c1174]
2019-07-08 19:53:07,687 INFO  client.GrpcClientProtocolClient (GrpcClientProtocolClient.java:onNext(255)) - client-B2F93226DCBB->056ae293-26b5-4d67-bc5d-e905a6760a80: receive RaftClientReply:client-B2F93226DCBB->056ae293-26b5-4d67-bc5d-e905a6760a80@group-50E32BB97A46, cid=887, SUCCESS, logIndex=1178, commits[056ae293-26b5-4d67-bc5d-e905a6760a80:c1178, a428730f-9893-43cb-a585-e65a7e8859c8:c1174, 994b73f6-7725-4304-b3a4-4941318c1d6c:c1174]
2019-07-08 19:53:07,712 INFO  client.GrpcClientProtocolClient (GrpcClientProtocolClient.java:onNext(255)) - client-B2F93226DCBB->056ae293-26b5-4d67-bc5d-e905a6760a80: receive RaftClientReply:client-B2F93226DCBB->056ae293-26b5-4d67-bc5d-e905a6760a80@group-50E32BB97A46, cid=888, SUCCESS, logIndex=0, commits[056ae293-26b5-4d67-bc5d-e905a6760a80:c1180, a428730f-9893-43cb-a585-e65a7e8859c8:c1178, 994b73f6-7725-4304-b3a4-4941318c1d6c:c1178]
2019-07-08 19:53:07,735 INFO  client.GrpcClientProtocolClient (GrpcClientProtocolClient.java:onNext(255)) - client-B2F93226DCBB->056ae293-26b5-4d67-bc5d-e905a6760a80: receive RaftClientReply:client-B2F93226DCBB->056ae293-26b5-4d67-bc5d-e905a6760a80@group-50E32BB97A46, cid=889, SUCCESS, logIndex=1181, commits[056ae293-26b5-4d67-bc5d-e905a6760a80:c1182, a428730f-9893-43cb-a585-e65a7e8859c8:c1180, 994b73f6-7725-4304-b3a4-4941318c1d6c:c1180]
2019-07-08 19:53:07,736 INFO  client.GrpcClientProtocolClient (GrpcClientProtocolClient.java:onNext(255)) - client-B2F93226DCBB->056ae293-26b5-4d67-bc5d-e905a6760a80: receive RaftClientReply:client-B2F93226DCBB->056ae293-26b5-4d67-bc5d-e905a6760a80@group-50E32BB97A46, cid=890, SUCCESS, logIndex=1182, commits[056ae293-26b5-4d67-bc5d-e905a6760a80:c1182, a428730f-9893-43cb-a585-e65a7e8859c8:c1180, 994b73f6-7725-4304-b3a4-4941318c1d6c:c1180]
2019-07-08 19:53:07,736 INFO  client.GrpcClientProtocolClient (GrpcClientProtocolClient.java:onNext(255)) - client-B2F93226DCBB->056ae293-26b5-4d67-bc5d-e905a6760a80: receive RaftClientReply:client-B2F93226DCBB->056ae293-26b5-4d67-bc5d-e905a6760a80@group-50E32BB97A46, cid=891, SUCCESS, logIndex=1183, commits[056ae293-26b5-4d67-bc5d-e905a6760a80:c1184, a428730f-9893-43cb-a585-e65a7e8859c8:c1180, 994b73f6-7725-4304-b3a4-4941318c1d6c:c1180]
2019-07-08 19:53:07,736 INFO  client.GrpcClientProtocolClient (GrpcClientProtocolClient.java:onNext(255)) - client-B2F93226DCBB->056ae293-26b5-4d67-bc5d-e905a6760a80: receive RaftClientReply:client-B2F93226DCBB->056ae293-26b5-4d67-bc5d-e905a6760a80@group-50E32BB97A46, cid=892, SUCCESS, logIndex=1184, commits[056ae293-26b5-4d67-bc5d-e905a6760a80:c1184, a428730f-9893-43cb-a585-e65a7e8859c8:c1180, 994b73f6-7725-4304-b3a4-4941318c1d6c:c1180]
2019-07-08 19:53:07,749 INFO  client.GrpcClientProtocolClient (GrpcClientProtocolClient.java:onNext(255)) - client-B2F93226DCBB->056ae293-26b5-4d67-bc5d-e905a6760a80: receive RaftClientReply:client-B2F93226DCBB->056ae293-26b5-4d67-bc5d-e905a6760a80@group-50E32BB97A46, cid=893, SUCCESS, logIndex=0, commits[056ae293-26b5-4d67-bc5d-e905a6760a80:c1186, a428730f-9893-43cb-a585-e65a7e8859c8:c1182, 994b73f6-7725-4304-b3a4-4941318c1d6c:c1182]
2019-07-08 19:53:07,771 INFO  client.GrpcClientProtocolClient (GrpcClientProtocolClient.java:onNext(255)) - client-B2F93226DCBB->056ae293-26b5-4d67-bc5d-e905a6760a80: receive RaftClientReply:client-B2F93226DCBB->056ae293-26b5-4d67-bc5d-e905a6760a80@group-50E32BB97A46, cid=894, SUCCESS, logIndex=1189, commits[056ae293-26b5-4d67-bc5d-e905a6760a80:c1190, a428730f-9893-43cb-a585-e65a7e8859c8:c1188, 994b73f6-7725-4304-b3a4-4941318c1d6c:c1188]
2019-07-08 19:53:07,772 INFO  client.GrpcClientProtocolClient (GrpcClientProtocolClient.java:onNext(255)) - client-B2F93226DCBB->056ae293-26b5-4d67-bc5d-e905a6760a80: receive RaftClientReply:client-B2F93226DCBB->056ae293-26b5-4d67-bc5d-e905a6760a80@group-50E32BB97A46, cid=895, SUCCESS, logIndex=1190, commits[056ae293-26b5-4d67-bc5d-e905a6760a80:c1190, a428730f-9893-43cb-a585-e65a7e8859c8:c1188, 994b73f6-7725-4304-b3a4-4941318c1d6c:c1188]
2019-07-08 19:53:07,796 INFO  client.GrpcClientProtocolClient (GrpcClientProtocolClient.java:onNext(255)) - client-B2F93226DCBB->056ae293-26b5-4d67-bc5d-e905a6760a80: receive RaftClientReply:client-B2F93226DCBB->056ae293-26b5-4d67-bc5d-e905a6760a80@group-50E32BB97A46, cid=896, SUCCESS, logIndex=1193, commits[056ae293-26b5-4d67-bc5d-e905a6760a80:c1194, a428730f-9893-43cb-a585-e65a7e8859c8:c1190, 994b73f6-7725-4304-b3a4-4941318c1d6c:c1190]
2019-07-08 19:53:07,797 INFO  client.GrpcClientProtocolClient (GrpcClientProtocolClient.java:onNext(255)) - client-B2F93226DCBB->056ae293-26b5-4d67-bc5d-e905a6760a80: receive RaftClientReply:client-B2F93226DCBB->056ae293-26b5-4d67-bc5d-e905a6760a80@group-50E32BB97A46, cid=897, SUCCESS, logIndex=1194, commits[056ae293-26b5-4d67-bc5d-e905a6760a80:c1194, a428730f-9893-43cb-a585-e65a7e8859c8:c1190, 994b73f6-7725-4304-b3a4-4941318c1d6c:c1190]
2019-07-08 19:53:07,808 INFO  client.GrpcClientProtocolClient (GrpcClientProtocolClient.java:onNext(255)) - client-B2F93226DCBB->056ae293-26b5-4d67-bc5d-e905a6760a80: receive RaftClientReply:client-B2F93226DCBB->056ae293-26b5-4d67-bc5d-e905a6760a80@group-50E32BB97A46, cid=898, SUCCESS, logIndex=0, commits[056ae293-26b5-4d67-bc5d-e905a6760a80:c1195, a428730f-9893-43cb-a585-e65a7e8859c8:c1194, 994b73f6-7725-4304-b3a4-4941318c1d6c:c1194]
2019-07-08 19:53:07,832 INFO  client.GrpcClientProtocolClient (GrpcClientProtocolClient.java:onNext(255)) - client-B2F93226DCBB->056ae293-26b5-4d67-bc5d-e905a6760a80: receive RaftClientReply:client-B2F93226DCBB->056ae293-26b5-4d67-bc5d-e905a6760a80@group-50E32BB97A46, cid=899, SUCCESS, logIndex=1197, commits[056ae293-26b5-4d67-bc5d-e905a6760a80:c1198, a428730f-9893-43cb-a585-e65a7e8859c8:c1196, 994b73f6-7725-4304-b3a4-4941318c1d6c:c1196]
2019-07-08 19:53:07,833 INFO  client.GrpcClientProtocolClient (GrpcClientProtocolClient.java:onNext(255)) - client-B2F93226DCBB->056ae293-26b5-4d67-bc5d-e905a6760a80: receive RaftClientReply:client-B2F93226DCBB->056ae293-26b5-4d67-bc5d-e905a6760a80@group-50E32BB97A46, cid=900, SUCCESS, logIndex=1198, commits[056ae293-26b5-4d67-bc5d-e905a6760a80:c1198, a428730f-9893-43cb-a585-e65a7e8859c8:c1196, 994b73f6-7725-4304-b3a4-4941318c1d6c:c1196]
2019-07-08 19:53:07,844 INFO  client.GrpcClientProtocolClient (GrpcClientProtocolClient.java:onNext(255)) - client-B2F93226DCBB->056ae293-26b5-4d67-bc5d-e905a6760a80: receive RaftClientReply:client-B2F93226DCBB->056ae293-26b5-4d67-bc5d-e905a6760a80@group-50E32BB97A46, cid=901, SUCCESS, logIndex=1199, commits[056ae293-26b5-4d67-bc5d-e905a6760a80:c1200, a428730f-9893-43cb-a585-e65a7e8859c8:c1196, 994b73f6-7725-4304-b3a4-4941318c1d6c:c1196]
2019-07-08 19:53:07,844 INFO  client.GrpcClientProtocolClient (GrpcClientProtocolClient.java:onNext(255)) - client-B2F93226DCBB->056ae293-26b5-4d67-bc5d-e905a6760a80: receive RaftClientReply:client-B2F93226DCBB->056ae293-26b5-4d67-bc5d-e905a6760a80@group-50E32BB97A46, cid=902, SUCCESS, logIndex=1200, commits[056ae293-26b5-4d67-bc5d-e905a6760a80:c1200, a428730f-9893-43cb-a585-e65a7e8859c8:c1196, 994b73f6-7725-4304-b3a4-4941318c1d6c:c1196]
2019-07-08 19:53:07,857 INFO  client.GrpcClientProtocolClient (GrpcClientProtocolClient.java:onNext(255)) - client-B2F93226DCBB->056ae293-26b5-4d67-bc5d-e905a6760a80: receive RaftClientReply:client-B2F93226DCBB->056ae293-26b5-4d67-bc5d-e905a6760a80@group-50E32BB97A46, cid=903, SUCCESS, logIndex=0, commits[056ae293-26b5-4d67-bc5d-e905a6760a80:c1202, a428730f-9893-43cb-a585-e65a7e8859c8:c1198, 994b73f6-7725-4304-b3a4-4941318c1d6c:c1198]
2019-07-08 19:53:07,883 INFO  client.GrpcClientProtocolClient (GrpcClientProtocolClient.java:onNext(255)) - client-B2F93226DCBB->056ae293-26b5-4d67-bc5d-e905a6760a80: receive RaftClientReply:client-B2F93226DCBB->056ae293-26b5-4d67-bc5d-e905a6760a80@group-50E32BB97A46, cid=904, SUCCESS, logIndex=1205, commits[056ae293-26b5-4d67-bc5d-e905a6760a80:c1206, a428730f-9893-43cb-a585-e65a7e8859c8:c1200, 994b73f6-7725-4304-b3a4-4941318c1d6c:c1203]
2019-07-08 19:53:07,883 INFO  client.GrpcClientProtocolClient (GrpcClientProtocolClient.java:onNext(255)) - client-B2F93226DCBB->056ae293-26b5-4d67-bc5d-e905a6760a80: receive RaftClientReply:client-B2F93226DCBB->056ae293-26b5-4d67-bc5d-e905a6760a80@group-50E32BB97A46, cid=905, SUCCESS, logIndex=1206, commits[056ae293-26b5-4d67-bc5d-e905a6760a80:c1206, a428730f-9893-43cb-a585-e65a7e8859c8:c1200, 994b73f6-7725-4304-b3a4-4941318c1d6c:c1203]
2019-07-08 19:53:07,907 INFO  client.GrpcClientProtocolClient (GrpcClientProtocolClient.java:onNext(255)) - client-B2F93226DCBB->056ae293-26b5-4d67-bc5d-e905a6760a80: receive RaftClientReply:client-B2F93226DCBB->056ae293-26b5-4d67-bc5d-e905a6760a80@group-50E32BB97A46, cid=906, SUCCESS, logIndex=1208, commits[056ae293-26b5-4d67-bc5d-e905a6760a80:c1209, a428730f-9893-43cb-a585-e65a7e8859c8:c1207, 994b73f6-7725-4304-b3a4-4941318c1d6c:c1207]
2019-07-08 19:53:07,908 INFO  client.GrpcClientProtocolClient (GrpcClientProtocolClient.java:onNext(255)) - client-B2F93226DCBB->056ae293-26b5-4d67-bc5d-e905a6760a80: receive RaftClientReply:client-B2F93226DCBB->056ae293-26b5-4d67-bc5d-e905a6760a80@group-50E32BB97A46, cid=907, SUCCESS, logIndex=1209, commits[056ae293-26b5-4d67-bc5d-e905a6760a80:c1209, a428730f-9893-43cb-a585-e65a7e8859c8:c1207, 994b73f6-7725-4304-b3a4-4941318c1d6c:c1207]
2019-07-08 19:53:07,910 INFO  client.GrpcClientProtocolClient (GrpcClientProtocolClient.java:onNext(255)) - client-B2F93226DCBB->056ae293-26b5-4d67-bc5d-e905a6760a80: receive RaftClientReply:client-B2F93226DCBB->056ae293-26b5-4d67-bc5d-e905a6760a80@group-50E32BB97A46, cid=908, SUCCESS, logIndex=0, commits[056ae293-26b5-4d67-bc5d-e905a6760a80:c1210, a428730f-9893-43cb-a585-e65a7e8859c8:c1209, 994b73f6-7725-4304-b3a4-4941318c1d6c:c1209]
2019-07-08 19:53:07,926 INFO  client.GrpcClientProtocolClient (GrpcClientProtocolClient.java:onNext(255)) - client-B2F93226DCBB->056ae293-26b5-4d67-bc5d-e905a6760a80: receive RaftClientReply:client-B2F93226DCBB->056ae293-26b5-4d67-bc5d-e905a6760a80@group-50E32BB97A46, cid=909, SUCCESS, logIndex=1212, commits[056ae293-26b5-4d67-bc5d-e905a6760a80:c1213, a428730f-9893-43cb-a585-e65a7e8859c8:c1209, 994b73f6-7725-4304-b3a4-4941318c1d6c:c1211]
2019-07-08 19:53:07,927 INFO  client.GrpcClientProtocolClient (GrpcClientProtocolClient.java:onNext(255)) - client-B2F93226DCBB->056ae293-26b5-4d67-bc5d-e905a6760a80: receive RaftClientReply:client-B2F93226DCBB->056ae293-26b5-4d67-bc5d-e905a6760a80@group-50E32BB97A46, cid=910, SUCCESS, logIndex=1213, commits[056ae293-26b5-4d67-bc5d-e905a6760a80:c1213, a428730f-9893-43cb-a585-e65a7e8859c8:c1211, 994b73f6-7725-4304-b3a4-4941318c1d6c:c1211]
2019-07-08 19:53:07,929 INFO  client.GrpcClientProtocolClient (GrpcClientProtocolClient.java:onNext(255)) - client-B2F93226DCBB->056ae293-26b5-4d67-bc5d-e905a6760a80: receive RaftClientReply:client-B2F93226DCBB->056ae293-26b5-4d67-bc5d-e905a6760a80@group-50E32BB97A46, cid=911, SUCCESS, logIndex=1214, commits[056ae293-26b5-4d67-bc5d-e905a6760a80:c1215, a428730f-9893-43cb-a585-e65a7e8859c8:c1211, 994b73f6-7725-4304-b3a4-4941318c1d6c:c1211]
2019-07-08 19:53:07,929 INFO  client.GrpcClientProtocolClient (GrpcClientProtocolClient.java:onNext(255)) - client-B2F93226DCBB->056ae293-26b5-4d67-bc5d-e905a6760a80: receive RaftClientReply:client-B2F93226DCBB->056ae293-26b5-4d67-bc5d-e905a6760a80@group-50E32BB97A46, cid=912, SUCCESS, logIndex=1215, commits[056ae293-26b5-4d67-bc5d-e905a6760a80:c1217, a428730f-9893-43cb-a585-e65a7e8859c8:c1213, 994b73f6-7725-4304-b3a4-4941318c1d6c:c1211]
2019-07-08 19:53:07,930 INFO  client.GrpcClientProtocolClient (GrpcClientProtocolClient.java:onNext(255)) - client-B2F93226DCBB->056ae293-26b5-4d67-bc5d-e905a6760a80: receive RaftClientReply:client-B2F93226DCBB->056ae293-26b5-4d67-bc5d-e905a6760a80@group-50E32BB97A46, cid=913, SUCCESS, logIndex=0, commits[056ae293-26b5-4d67-bc5d-e905a6760a80:c1217, a428730f-9893-43cb-a585-e65a7e8859c8:c1213, 994b73f6-7725-4304-b3a4-4941318c1d6c:c1213]
2019-07-08 19:53:07,944 INFO  client.GrpcClientProtocolClient (GrpcClientProtocolClient.java:onNext(255)) - client-B2F93226DCBB->056ae293-26b5-4d67-bc5d-e905a6760a80: receive RaftClientReply:client-B2F93226DCBB->056ae293-26b5-4d67-bc5d-e905a6760a80@group-50E32BB97A46, cid=914, SUCCESS, logIndex=1220, commits[056ae293-26b5-4d67-bc5d-e905a6760a80:c1221, a428730f-9893-43cb-a585-e65a7e8859c8:c1215, 994b73f6-7725-4304-b3a4-4941318c1d6c:c1219]
2019-07-08 19:53:07,944 INFO  client.GrpcClientProtocolClient (GrpcClientProtocolClient.java:onNext(255)) - client-B2F93226DCBB->056ae293-26b5-4d67-bc5d-e905a6760a80: receive RaftClientReply:client-B2F93226DCBB->056ae293-26b5-4d67-bc5d-e905a6760a80@group-50E32BB97A46, cid=915, SUCCESS, logIndex=1221, commits[056ae293-26b5-4d67-bc5d-e905a6760a80:c1221, a428730f-9893-43cb-a585-e65a7e8859c8:c1219, 994b73f6-7725-4304-b3a4-4941318c1d6c:c1219]
2019-07-08 19:53:07,956 INFO  client.GrpcClientProtocolClient (GrpcClientProtocolClient.java:onNext(255)) - client-B2F93226DCBB->056ae293-26b5-4d67-bc5d-e905a6760a80: receive RaftClientReply:client-B2F93226DCBB->056ae293-26b5-4d67-bc5d-e905a6760a80@group-50E32BB97A46, cid=916, SUCCESS, logIndex=1224, commits[056ae293-26b5-4d67-bc5d-e905a6760a80:c1225, a428730f-9893-43cb-a585-e65a7e8859c8:c1221, 994b73f6-7725-4304-b3a4-4941318c1d6c:c1223]
2019-07-08 19:53:07,957 INFO  client.GrpcClientProtocolClient (GrpcClientProtocolClient.java:onNext(255)) - client-B2F93226DCBB->056ae293-26b5-4d67-bc5d-e905a6760a80: receive RaftClientReply:client-B2F93226DCBB->056ae293-26b5-4d67-bc5d-e905a6760a80@group-50E32BB97A46, cid=917, SUCCESS, logIndex=1225, commits[056ae293-26b5-4d67-bc5d-e905a6760a80:c1225, a428730f-9893-43cb-a585-e65a7e8859c8:c1221, 994b73f6-7725-4304-b3a4-4941318c1d6c:c1223]
2019-07-08 19:53:07,962 INFO  client.GrpcClientProtocolClient (GrpcClientProtocolClient.java:onNext(255)) - client-B2F93226DCBB->056ae293-26b5-4d67-bc5d-e905a6760a80: receive RaftClientReply:client-B2F93226DCBB->056ae293-26b5-4d67-bc5d-e905a6760a80@group-50E32BB97A46, cid=918, SUCCESS, logIndex=0, commits[056ae293-26b5-4d67-bc5d-e905a6760a80:c1226, a428730f-9893-43cb-a585-e65a7e8859c8:c1225, 994b73f6-7725-4304-b3a4-4941318c1d6c:c1225]
 0.00% |█                                                                                                    |  0/1 Time: 0:00:042019-07-08 19:53:07,990 INFO  client.GrpcClientProtocolClient (GrpcClientProtocolClient.java:onNext(255)) - client-B2F93226DCBB->056ae293-26b5-4d67-bc5d-e905a6760a80: receive RaftClientReply:client-B2F93226DCBB->056ae293-26b5-4d67-bc5d-e905a6760a80@group-50E32BB97A46, cid=919, SUCCESS, logIndex=1228, commits[056ae293-26b5-4d67-bc5d-e905a6760a80:c1229, a428730f-9893-43cb-a585-e65a7e8859c8:c1227, 994b73f6-7725-4304-b3a4-4941318c1d6c:c1227]
2019-07-08 19:53:07,990 INFO  client.GrpcClientProtocolClient (GrpcClientProtocolClient.java:onNext(255)) - client-B2F93226DCBB->056ae293-26b5-4d67-bc5d-e905a6760a80: receive RaftClientReply:client-B2F93226DCBB->056ae293-26b5-4d67-bc5d-e905a6760a80@group-50E32BB97A46, cid=920, SUCCESS, logIndex=1229, commits[056ae293-26b5-4d67-bc5d-e905a6760a80:c1229, a428730f-9893-43cb-a585-e65a7e8859c8:c1227, 994b73f6-7725-4304-b3a4-4941318c1d6c:c1227]
2019-07-08 19:53:08,001 INFO  client.GrpcClientProtocolClient (GrpcClientProtocolClient.java:onNext(255)) - client-B2F93226DCBB->056ae293-26b5-4d67-bc5d-e905a6760a80: receive RaftClientReply:client-B2F93226DCBB->056ae293-26b5-4d67-bc5d-e905a6760a80@group-50E32BB97A46, cid=921, SUCCESS, logIndex=1230, commits[056ae293-26b5-4d67-bc5d-e905a6760a80:c1231, a428730f-9893-43cb-a585-e65a7e8859c8:c1227, 994b73f6-7725-4304-b3a4-4941318c1d6c:c1227]
2019-07-08 19:53:08,001 INFO  client.GrpcClientProtocolClient (GrpcClientProtocolClient.java:onNext(255)) - client-B2F93226DCBB->056ae293-26b5-4d67-bc5d-e905a6760a80: receive RaftClientReply:client-B2F93226DCBB->056ae293-26b5-4d67-bc5d-e905a6760a80@group-50E32BB97A46, cid=922, SUCCESS, logIndex=1231, commits[056ae293-26b5-4d67-bc5d-e905a6760a80:c1231, a428730f-9893-43cb-a585-e65a7e8859c8:c1227, 994b73f6-7725-4304-b3a4-4941318c1d6c:c1227]
2019-07-08 19:53:08,004 INFO  client.GrpcClientProtocolClient (GrpcClientProtocolClient.java:onNext(255)) - client-B2F93226DCBB->056ae293-26b5-4d67-bc5d-e905a6760a80: receive RaftClientReply:client-B2F93226DCBB->056ae293-26b5-4d67-bc5d-e905a6760a80@group-50E32BB97A46, cid=923, SUCCESS, logIndex=0, commits[056ae293-26b5-4d67-bc5d-e905a6760a80:c1233, a428730f-9893-43cb-a585-e65a7e8859c8:c1229, 994b73f6-7725-4304-b3a4-4941318c1d6c:c1229]
2019-07-08 19:53:08,016 INFO  client.GrpcClientProtocolClient (GrpcClientProtocolClient.java:onNext(255)) - client-B2F93226DCBB->056ae293-26b5-4d67-bc5d-e905a6760a80: receive RaftClientReply:client-B2F93226DCBB->056ae293-26b5-4d67-bc5d-e905a6760a80@group-50E32BB97A46, cid=924, SUCCESS, logIndex=1236, commits[056ae293-26b5-4d67-bc5d-e905a6760a80:c1237, a428730f-9893-43cb-a585-e65a7e8859c8:c1231, 994b73f6-7725-4304-b3a4-4941318c1d6c:c1233]
2019-07-08 19:53:08,016 INFO  client.GrpcClientProtocolClient (GrpcClientProtocolClient.java:onNext(255)) - client-B2F93226DCBB->056ae293-26b5-4d67-bc5d-e905a6760a80: receive RaftClientReply:client-B2F93226DCBB->056ae293-26b5-4d67-bc5d-e905a6760a80@group-50E32BB97A46, cid=925, SUCCESS, logIndex=1237, commits[056ae293-26b5-4d67-bc5d-e905a6760a80:c1237, a428730f-9893-43cb-a585-e65a7e8859c8:c1233, 994b73f6-7725-4304-b3a4-4941318c1d6c:c1233]
2019-07-08 19:53:08,174 INFO  client.GrpcClientProtocolClient (GrpcClientProtocolClient.java:onNext(255)) - client-B2F93226DCBB->056ae293-26b5-4d67-bc5d-e905a6760a80: receive RaftClientReply:client-B2F93226DCBB->056ae293-26b5-4d67-bc5d-e905a6760a80@group-50E32BB97A46, cid=926, SUCCESS, logIndex=1239, commits[056ae293-26b5-4d67-bc5d-e905a6760a80:c1240, a428730f-9893-43cb-a585-e65a7e8859c8:c1238, 994b73f6-7725-4304-b3a4-4941318c1d6c:c1238]
2019-07-08 19:53:08,175 INFO  client.GrpcClientProtocolClient (GrpcClientProtocolClient.java:onNext(255)) - client-B2F93226DCBB->056ae293-26b5-4d67-bc5d-e905a6760a80: receive RaftClientReply:client-B2F93226DCBB->056ae293-26b5-4d67-bc5d-e905a6760a80@group-50E32BB97A46, cid=927, SUCCESS, logIndex=1240, commits[056ae293-26b5-4d67-bc5d-e905a6760a80:c1240, a428730f-9893-43cb-a585-e65a7e8859c8:c1238, 994b73f6-7725-4304-b3a4-4941318c1d6c:c1238]
2019-07-08 19:53:08,199 INFO  client.GrpcClientProtocolClient (GrpcClientProtocolClient.java:onNext(255)) - client-B2F93226DCBB->056ae293-26b5-4d67-bc5d-e905a6760a80: receive RaftClientReply:client-B2F93226DCBB->056ae293-26b5-4d67-bc5d-e905a6760a80@group-50E32BB97A46, cid=928, SUCCESS, logIndex=0, commits[056ae293-26b5-4d67-bc5d-e905a6760a80:c1242, a428730f-9893-43cb-a585-e65a7e8859c8:c1240, 994b73f6-7725-4304-b3a4-4941318c1d6c:c1240]
2019-07-08 19:53:08,223 INFO  client.GrpcClientProtocolClient (GrpcClientProtocolClient.java:onNext(255)) - client-B2F93226DCBB->056ae293-26b5-4d67-bc5d-e905a6760a80: receive RaftClientReply:client-B2F93226DCBB->056ae293-26b5-4d67-bc5d-e905a6760a80@group-50E32BB97A46, cid=929, SUCCESS, logIndex=1243, commits[056ae293-26b5-4d67-bc5d-e905a6760a80:c1244, a428730f-9893-43cb-a585-e65a7e8859c8:c1242, 994b73f6-7725-4304-b3a4-4941318c1d6c:c1242]
2019-07-08 19:53:08,224 INFO  client.GrpcClientProtocolClient (GrpcClientProtocolClient.java:onNext(255)) - client-B2F93226DCBB->056ae293-26b5-4d67-bc5d-e905a6760a80: receive RaftClientReply:client-B2F93226DCBB->056ae293-26b5-4d67-bc5d-e905a6760a80@group-50E32BB97A46, cid=930, SUCCESS, logIndex=1244, commits[056ae293-26b5-4d67-bc5d-e905a6760a80:c1246, a428730f-9893-43cb-a585-e65a7e8859c8:c1242, 994b73f6-7725-4304-b3a4-4941318c1d6c:c1242]
2019-07-08 19:53:08,225 INFO  client.GrpcClientProtocolClient (GrpcClientProtocolClient.java:onNext(255)) - client-B2F93226DCBB->056ae293-26b5-4d67-bc5d-e905a6760a80: receive RaftClientReply:client-B2F93226DCBB->056ae293-26b5-4d67-bc5d-e905a6760a80@group-50E32BB97A46, cid=931, SUCCESS, logIndex=1245, commits[056ae293-26b5-4d67-bc5d-e905a6760a80:c1246, a428730f-9893-43cb-a585-e65a7e8859c8:c1242, 994b73f6-7725-4304-b3a4-4941318c1d6c:c1242]
2019-07-08 19:53:08,225 INFO  client.GrpcClientProtocolClient (GrpcClientProtocolClient.java:onNext(255)) - client-B2F93226DCBB->056ae293-26b5-4d67-bc5d-e905a6760a80: receive RaftClientReply:client-B2F93226DCBB->056ae293-26b5-4d67-bc5d-e905a6760a80@group-50E32BB97A46, cid=932, SUCCESS, logIndex=1246, commits[056ae293-26b5-4d67-bc5d-e905a6760a80:c1247, a428730f-9893-43cb-a585-e65a7e8859c8:c1242, 994b73f6-7725-4304-b3a4-4941318c1d6c:c1244]
2019-07-08 19:53:08,228 INFO  client.GrpcClientProtocolClient (GrpcClientProtocolClient.java:onNext(255)) - client-B2F93226DCBB->056ae293-26b5-4d67-bc5d-e905a6760a80: receive RaftClientReply:client-B2F93226DCBB->056ae293-26b5-4d67-bc5d-e905a6760a80@group-50E32BB97A46, cid=933, SUCCESS, logIndex=0, commits[056ae293-26b5-4d67-bc5d-e905a6760a80:c1247, a428730f-9893-43cb-a585-e65a7e8859c8:c1244, 994b73f6-7725-4304-b3a4-4941318c1d6c:c1244]
2019-07-08 19:53:08,267 INFO  client.GrpcClientProtocolClient (GrpcClientProtocolClient.java:onNext(255)) - client-B2F93226DCBB->056ae293-26b5-4d67-bc5d-e905a6760a80: receive RaftClientReply:client-B2F93226DCBB->056ae293-26b5-4d67-bc5d-e905a6760a80@group-50E32BB97A46, cid=934, SUCCESS, logIndex=1251, commits[056ae293-26b5-4d67-bc5d-e905a6760a80:c1252, a428730f-9893-43cb-a585-e65a7e8859c8:c1249, 994b73f6-7725-4304-b3a4-4941318c1d6c:c1249]
2019-07-08 19:53:08,268 INFO  client.GrpcClientProtocolClient (GrpcClientProtocolClient.java:onNext(255)) - client-B2F93226DCBB->056ae293-26b5-4d67-bc5d-e905a6760a80: receive RaftClientReply:client-B2F93226DCBB->056ae293-26b5-4d67-bc5d-e905a6760a80@group-50E32BB97A46, cid=935, SUCCESS, logIndex=1252, commits[056ae293-26b5-4d67-bc5d-e905a6760a80:c1252, a428730f-9893-43cb-a585-e65a7e8859c8:c1249, 994b73f6-7725-4304-b3a4-4941318c1d6c:c1249]
2019-07-08 19:53:08,366 INFO  client.GrpcClientProtocolClient (GrpcClientProtocolClient.java:onNext(255)) - client-B2F93226DCBB->056ae293-26b5-4d67-bc5d-e905a6760a80: receive RaftClientReply:client-B2F93226DCBB->056ae293-26b5-4d67-bc5d-e905a6760a80@group-50E32BB97A46, cid=936, SUCCESS, logIndex=1255, commits[056ae293-26b5-4d67-bc5d-e905a6760a80:c1255, a428730f-9893-43cb-a585-e65a7e8859c8:c1252, 994b73f6-7725-4304-b3a4-4941318c1d6c:c1252]
2019-07-08 19:53:08,366 INFO  client.GrpcClientProtocolClient (GrpcClientProtocolClient.java:onNext(255)) - client-B2F93226DCBB->056ae293-26b5-4d67-bc5d-e905a6760a80: receive RaftClientReply:client-B2F93226DCBB->056ae293-26b5-4d67-bc5d-e905a6760a80@group-50E32BB97A46, cid=937, SUCCESS, logIndex=1256, commits[056ae293-26b5-4d67-bc5d-e905a6760a80:c1256, a428730f-9893-43cb-a585-e65a7e8859c8:c1252, 994b73f6-7725-4304-b3a4-4941318c1d6c:c1252]
2019-07-08 19:53:08,383 INFO  client.GrpcClientProtocolClient (GrpcClientProtocolClient.java:onNext(255)) - client-B2F93226DCBB->056ae293-26b5-4d67-bc5d-e905a6760a80: receive RaftClientReply:client-B2F93226DCBB->056ae293-26b5-4d67-bc5d-e905a6760a80@group-50E32BB97A46, cid=938, SUCCESS, logIndex=0, commits[056ae293-26b5-4d67-bc5d-e905a6760a80:c1258, a428730f-9893-43cb-a585-e65a7e8859c8:c1256, 994b73f6-7725-4304-b3a4-4941318c1d6c:c1256]
2019-07-08 19:53:08,406 INFO  client.GrpcClientProtocolClient (GrpcClientProtocolClient.java:onNext(255)) - client-B2F93226DCBB->056ae293-26b5-4d67-bc5d-e905a6760a80: receive RaftClientReply:client-B2F93226DCBB->056ae293-26b5-4d67-bc5d-e905a6760a80@group-50E32BB97A46, cid=939, SUCCESS, logIndex=1259, commits[056ae293-26b5-4d67-bc5d-e905a6760a80:c1262, a428730f-9893-43cb-a585-e65a7e8859c8:c1258, 994b73f6-7725-4304-b3a4-4941318c1d6c:c1258]
2019-07-08 19:53:08,407 INFO  client.GrpcClientProtocolClient (GrpcClientProtocolClient.java:onNext(255)) - client-B2F93226DCBB->056ae293-26b5-4d67-bc5d-e905a6760a80: receive RaftClientReply:client-B2F93226DCBB->056ae293-26b5-4d67-bc5d-e905a6760a80@group-50E32BB97A46, cid=940, SUCCESS, logIndex=1260, commits[056ae293-26b5-4d67-bc5d-e905a6760a80:c1262, a428730f-9893-43cb-a585-e65a7e8859c8:c1258, 994b73f6-7725-4304-b3a4-4941318c1d6c:c1258]
2019-07-08 19:53:08,407 INFO  client.GrpcClientProtocolClient (GrpcClientProtocolClient.java:onNext(255)) - client-B2F93226DCBB->056ae293-26b5-4d67-bc5d-e905a6760a80: receive RaftClientReply:client-B2F93226DCBB->056ae293-26b5-4d67-bc5d-e905a6760a80@group-50E32BB97A46, cid=941, SUCCESS, logIndex=1261, commits[056ae293-26b5-4d67-bc5d-e905a6760a80:c1262, a428730f-9893-43cb-a585-e65a7e8859c8:c1258, 994b73f6-7725-4304-b3a4-4941318c1d6c:c1258]
2019-07-08 19:53:08,408 INFO  client.GrpcClientProtocolClient (GrpcClientProtocolClient.java:onNext(255)) - client-B2F93226DCBB->056ae293-26b5-4d67-bc5d-e905a6760a80: receive RaftClientReply:client-B2F93226DCBB->056ae293-26b5-4d67-bc5d-e905a6760a80@group-50E32BB97A46, cid=942, SUCCESS, logIndex=1262, commits[056ae293-26b5-4d67-bc5d-e905a6760a80:c1262, a428730f-9893-43cb-a585-e65a7e8859c8:c1258, 994b73f6-7725-4304-b3a4-4941318c1d6c:c1258]
2019-07-08 19:53:08,422 INFO  client.GrpcClientProtocolClient (GrpcClientProtocolClient.java:onNext(255)) - client-B2F93226DCBB->056ae293-26b5-4d67-bc5d-e905a6760a80: receive RaftClientReply:client-B2F93226DCBB->056ae293-26b5-4d67-bc5d-e905a6760a80@group-50E32BB97A46, cid=943, SUCCESS, logIndex=0, commits[056ae293-26b5-4d67-bc5d-e905a6760a80:c1264, a428730f-9893-43cb-a585-e65a7e8859c8:c1260, 994b73f6-7725-4304-b3a4-4941318c1d6c:c1260]
2019-07-08 19:53:08,445 INFO  client.GrpcClientProtocolClient (GrpcClientProtocolClient.java:onNext(255)) - client-B2F93226DCBB->056ae293-26b5-4d67-bc5d-e905a6760a80: receive RaftClientReply:client-B2F93226DCBB->056ae293-26b5-4d67-bc5d-e905a6760a80@group-50E32BB97A46, cid=944, SUCCESS, logIndex=1267, commits[056ae293-26b5-4d67-bc5d-e905a6760a80:c1268, a428730f-9893-43cb-a585-e65a7e8859c8:c1266, 994b73f6-7725-4304-b3a4-4941318c1d6c:c1266]
2019-07-08 19:53:08,446 INFO  client.GrpcClientProtocolClient (GrpcClientProtocolClient.java:onNext(255)) - client-B2F93226DCBB->056ae293-26b5-4d67-bc5d-e905a6760a80: receive RaftClientReply:client-B2F93226DCBB->056ae293-26b5-4d67-bc5d-e905a6760a80@group-50E32BB97A46, cid=945, SUCCESS, logIndex=1268, commits[056ae293-26b5-4d67-bc5d-e905a6760a80:c1268, a428730f-9893-43cb-a585-e65a7e8859c8:c1266, 994b73f6-7725-4304-b3a4-4941318c1d6c:c1266]
2019-07-08 19:53:08,514 INFO  client.GrpcClientProtocolClient (GrpcClientProtocolClient.java:onNext(255)) - client-B2F93226DCBB->056ae293-26b5-4d67-bc5d-e905a6760a80: receive RaftClientReply:client-B2F93226DCBB->056ae293-26b5-4d67-bc5d-e905a6760a80@group-50E32BB97A46, cid=946, SUCCESS, logIndex=1271, commits[056ae293-26b5-4d67-bc5d-e905a6760a80:c1272, a428730f-9893-43cb-a585-e65a7e8859c8:c1267, 994b73f6-7725-4304-b3a4-4941318c1d6c:c1268]
2019-07-08 19:53:08,514 INFO  client.GrpcClientProtocolClient (GrpcClientProtocolClient.java:onNext(255)) - client-B2F93226DCBB->056ae293-26b5-4d67-bc5d-e905a6760a80: receive RaftClientReply:client-B2F93226DCBB->056ae293-26b5-4d67-bc5d-e905a6760a80@group-50E32BB97A46, cid=947, SUCCESS, logIndex=1272, commits[056ae293-26b5-4d67-bc5d-e905a6760a80:c1272, a428730f-9893-43cb-a585-e65a7e8859c8:c1268, 994b73f6-7725-4304-b3a4-4941318c1d6c:c1268]
2019-07-08 19:53:08,517 INFO  client.GrpcClientProtocolClient (GrpcClientProtocolClient.java:onNext(255)) - client-B2F93226DCBB->056ae293-26b5-4d67-bc5d-e905a6760a80: receive RaftClientReply:client-B2F93226DCBB->056ae293-26b5-4d67-bc5d-e905a6760a80@group-50E32BB97A46, cid=948, SUCCESS, logIndex=0, commits[056ae293-26b5-4d67-bc5d-e905a6760a80:c1274, a428730f-9893-43cb-a585-e65a7e8859c8:c1272, 994b73f6-7725-4304-b3a4-4941318c1d6c:c1272]
2019-07-08 19:53:08,535 INFO  client.GrpcClientProtocolClient (GrpcClientProtocolClient.java:onNext(255)) - client-B2F93226DCBB->056ae293-26b5-4d67-bc5d-e905a6760a80: receive RaftClientReply:client-B2F93226DCBB->056ae293-26b5-4d67-bc5d-e905a6760a80@group-50E32BB97A46, cid=949, SUCCESS, logIndex=1275, commits[056ae293-26b5-4d67-bc5d-e905a6760a80:c1276, a428730f-9893-43cb-a585-e65a7e8859c8:c1272, 994b73f6-7725-4304-b3a4-4941318c1d6c:c1274]
2019-07-08 19:53:08,535 INFO  client.GrpcClientProtocolClient (GrpcClientProtocolClient.java:onNext(255)) - client-B2F93226DCBB->056ae293-26b5-4d67-bc5d-e905a6760a80: receive RaftClientReply:client-B2F93226DCBB->056ae293-26b5-4d67-bc5d-e905a6760a80@group-50E32BB97A46, cid=950, SUCCESS, logIndex=1276, commits[056ae293-26b5-4d67-bc5d-e905a6760a80:c1276, a428730f-9893-43cb-a585-e65a7e8859c8:c1272, 994b73f6-7725-4304-b3a4-4941318c1d6c:c1274]
2019-07-08 19:53:08,557 INFO  client.GrpcClientProtocolClient (GrpcClientProtocolClient.java:onNext(255)) - client-B2F93226DCBB->056ae293-26b5-4d67-bc5d-e905a6760a80: receive RaftClientReply:client-B2F93226DCBB->056ae293-26b5-4d67-bc5d-e905a6760a80@group-50E32BB97A46, cid=951, SUCCESS, logIndex=1277, commits[056ae293-26b5-4d67-bc5d-e905a6760a80:c1279, a428730f-9893-43cb-a585-e65a7e8859c8:c1274, 994b73f6-7725-4304-b3a4-4941318c1d6c:c1276]
2019-07-08 19:53:08,558 INFO  client.GrpcClientProtocolClient (GrpcClientProtocolClient.java:onNext(255)) - client-B2F93226DCBB->056ae293-26b5-4d67-bc5d-e905a6760a80: receive RaftClientReply:client-B2F93226DCBB->056ae293-26b5-4d67-bc5d-e905a6760a80@group-50E32BB97A46, cid=952, SUCCESS, logIndex=1278, commits[056ae293-26b5-4d67-bc5d-e905a6760a80:c1280, a428730f-9893-43cb-a585-e65a7e8859c8:c1274, 994b73f6-7725-4304-b3a4-4941318c1d6c:c1276]
2019-07-08 19:53:08,559 INFO  client.GrpcClientProtocolClient (GrpcClientProtocolClient.java:onNext(255)) - client-B2F93226DCBB->056ae293-26b5-4d67-bc5d-e905a6760a80: receive RaftClientReply:client-B2F93226DCBB->056ae293-26b5-4d67-bc5d-e905a6760a80@group-50E32BB97A46, cid=953, SUCCESS, logIndex=0, commits[056ae293-26b5-4d67-bc5d-e905a6760a80:c1280, a428730f-9893-43cb-a585-e65a7e8859c8:c1276, 994b73f6-7725-4304-b3a4-4941318c1d6c:c1276]
2019-07-08 19:53:08,584 INFO  client.GrpcClientProtocolClient (GrpcClientProtocolClient.java:onNext(255)) - client-B2F93226DCBB->056ae293-26b5-4d67-bc5d-e905a6760a80: receive RaftClientReply:client-B2F93226DCBB->056ae293-26b5-4d67-bc5d-e905a6760a80@group-50E32BB97A46, cid=954, SUCCESS, logIndex=1283, commits[056ae293-26b5-4d67-bc5d-e905a6760a80:c1284, a428730f-9893-43cb-a585-e65a7e8859c8:c1280, 994b73f6-7725-4304-b3a4-4941318c1d6c:c1280]
2019-07-08 19:53:08,584 INFO  client.GrpcClientProtocolClient (GrpcClientProtocolClient.java:onNext(255)) - client-B2F93226DCBB->056ae293-26b5-4d67-bc5d-e905a6760a80: receive RaftClientReply:client-B2F93226DCBB->056ae293-26b5-4d67-bc5d-e905a6760a80@group-50E32BB97A46, cid=955, SUCCESS, logIndex=1284, commits[056ae293-26b5-4d67-bc5d-e905a6760a80:c1284, a428730f-9893-43cb-a585-e65a7e8859c8:c1280, 994b73f6-7725-4304-b3a4-4941318c1d6c:c1280]
2019-07-08 19:53:08,609 INFO  client.GrpcClientProtocolClient (GrpcClientProtocolClient.java:onNext(255)) - client-B2F93226DCBB->056ae293-26b5-4d67-bc5d-e905a6760a80: receive RaftClientReply:client-B2F93226DCBB->056ae293-26b5-4d67-bc5d-e905a6760a80@group-50E32BB97A46, cid=956, SUCCESS, logIndex=1287, commits[056ae293-26b5-4d67-bc5d-e905a6760a80:c1288, a428730f-9893-43cb-a585-e65a7e8859c8:c1283, 994b73f6-7725-4304-b3a4-4941318c1d6c:c1284]
2019-07-08 19:53:08,610 INFO  client.GrpcClientProtocolClient (GrpcClientProtocolClient.java:onNext(255)) - client-B2F93226DCBB->056ae293-26b5-4d67-bc5d-e905a6760a80: receive RaftClientReply:client-B2F93226DCBB->056ae293-26b5-4d67-bc5d-e905a6760a80@group-50E32BB97A46, cid=957, SUCCESS, logIndex=1288, commits[056ae293-26b5-4d67-bc5d-e905a6760a80:c1288, a428730f-9893-43cb-a585-e65a7e8859c8:c1284, 994b73f6-7725-4304-b3a4-4941318c1d6c:c1284]
2019-07-08 19:53:08,624 INFO  client.GrpcClientProtocolClient (GrpcClientProtocolClient.java:onNext(255)) - client-B2F93226DCBB->056ae293-26b5-4d67-bc5d-e905a6760a80: receive RaftClientReply:client-B2F93226DCBB->056ae293-26b5-4d67-bc5d-e905a6760a80@group-50E32BB97A46, cid=958, SUCCESS, logIndex=0, commits[056ae293-26b5-4d67-bc5d-e905a6760a80:c1289, a428730f-9893-43cb-a585-e65a7e8859c8:c1288, 994b73f6-7725-4304-b3a4-4941318c1d6c:c1288]
2019-07-08 19:53:08,646 INFO  client.GrpcClientProtocolClient (GrpcClientProtocolClient.java:onNext(255)) - client-B2F93226DCBB->056ae293-26b5-4d67-bc5d-e905a6760a80: receive RaftClientReply:client-B2F93226DCBB->056ae293-26b5-4d67-bc5d-e905a6760a80@group-50E32BB97A46, cid=959, SUCCESS, logIndex=1291, commits[056ae293-26b5-4d67-bc5d-e905a6760a80:c1292, a428730f-9893-43cb-a585-e65a7e8859c8:c1290, 994b73f6-7725-4304-b3a4-4941318c1d6c:c1290]
2019-07-08 19:53:08,647 INFO  client.GrpcClientProtocolClient (GrpcClientProtocolClient.java:onNext(255)) - client-B2F93226DCBB->056ae293-26b5-4d67-bc5d-e905a6760a80: receive RaftClientReply:client-B2F93226DCBB->056ae293-26b5-4d67-bc5d-e905a6760a80@group-50E32BB97A46, cid=960, SUCCESS, logIndex=1292, commits[056ae293-26b5-4d67-bc5d-e905a6760a80:c1293, a428730f-9893-43cb-a585-e65a7e8859c8:c1290, 994b73f6-7725-4304-b3a4-4941318c1d6c:c1290]
2019-07-08 19:53:08,647 INFO  client.GrpcClientProtocolClient (GrpcClientProtocolClient.java:onNext(255)) - client-B2F93226DCBB->056ae293-26b5-4d67-bc5d-e905a6760a80: receive RaftClientReply:client-B2F93226DCBB->056ae293-26b5-4d67-bc5d-e905a6760a80@group-50E32BB97A46, cid=961, SUCCESS, logIndex=1293, commits[056ae293-26b5-4d67-bc5d-e905a6760a80:c1294, a428730f-9893-43cb-a585-e65a7e8859c8:c1290, 994b73f6-7725-4304-b3a4-4941318c1d6c:c1290]
2019-07-08 19:53:08,648 INFO  client.GrpcClientProtocolClient (GrpcClientProtocolClient.java:onNext(255)) - client-B2F93226DCBB->056ae293-26b5-4d67-bc5d-e905a6760a80: receive RaftClientReply:client-B2F93226DCBB->056ae293-26b5-4d67-bc5d-e905a6760a80@group-50E32BB97A46, cid=962, SUCCESS, logIndex=1294, commits[056ae293-26b5-4d67-bc5d-e905a6760a80:c1294, a428730f-9893-43cb-a585-e65a7e8859c8:c1290, 994b73f6-7725-4304-b3a4-4941318c1d6c:c1290]
2019-07-08 19:53:08,661 INFO  client.GrpcClientProtocolClient (GrpcClientProtocolClient.java:onNext(255)) - client-B2F93226DCBB->056ae293-26b5-4d67-bc5d-e905a6760a80: receive RaftClientReply:client-B2F93226DCBB->056ae293-26b5-4d67-bc5d-e905a6760a80@group-50E32BB97A46, cid=963, SUCCESS, logIndex=0, commits[056ae293-26b5-4d67-bc5d-e905a6760a80:c1298, a428730f-9893-43cb-a585-e65a7e8859c8:c1294, 994b73f6-7725-4304-b3a4-4941318c1d6c:c1292]
2019-07-08 19:53:08,683 INFO  client.GrpcClientProtocolClient (GrpcClientProtocolClient.java:onNext(255)) - client-B2F93226DCBB->056ae293-26b5-4d67-bc5d-e905a6760a80: receive RaftClientReply:client-B2F93226DCBB->056ae293-26b5-4d67-bc5d-e905a6760a80@group-50E32BB97A46, cid=964, SUCCESS, logIndex=1299, commits[056ae293-26b5-4d67-bc5d-e905a6760a80:c1300, a428730f-9893-43cb-a585-e65a7e8859c8:c1298, 994b73f6-7725-4304-b3a4-4941318c1d6c:c1298]
2019-07-08 19:53:08,683 INFO  client.GrpcClientProtocolClient (GrpcClientProtocolClient.java:onNext(255)) - client-B2F93226DCBB->056ae293-26b5-4d67-bc5d-e905a6760a80: receive RaftClientReply:client-B2F93226DCBB->056ae293-26b5-4d67-bc5d-e905a6760a80@group-50E32BB97A46, cid=965, SUCCESS, logIndex=1300, commits[056ae293-26b5-4d67-bc5d-e905a6760a80:c1300, a428730f-9893-43cb-a585-e65a7e8859c8:c1298, 994b73f6-7725-4304-b3a4-4941318c1d6c:c1298]
2019-07-08 19:53:08,710 INFO  client.GrpcClientProtocolClient (GrpcClientProtocolClient.java:onNext(255)) - client-B2F93226DCBB->056ae293-26b5-4d67-bc5d-e905a6760a80: receive RaftClientReply:client-B2F93226DCBB->056ae293-26b5-4d67-bc5d-e905a6760a80@group-50E32BB97A46, cid=966, SUCCESS, logIndex=1303, commits[056ae293-26b5-4d67-bc5d-e905a6760a80:c1303, a428730f-9893-43cb-a585-e65a7e8859c8:c1300, 994b73f6-7725-4304-b3a4-4941318c1d6c:c1300]
2019-07-08 19:53:08,711 INFO  client.GrpcClientProtocolClient (GrpcClientProtocolClient.java:onNext(255)) - client-B2F93226DCBB->056ae293-26b5-4d67-bc5d-e905a6760a80: receive RaftClientReply:client-B2F93226DCBB->056ae293-26b5-4d67-bc5d-e905a6760a80@group-50E32BB97A46, cid=967, SUCCESS, logIndex=1304, commits[056ae293-26b5-4d67-bc5d-e905a6760a80:c1304, a428730f-9893-43cb-a585-e65a7e8859c8:c1300, 994b73f6-7725-4304-b3a4-4941318c1d6c:c1300]
2019-07-08 19:53:08,736 INFO  client.GrpcClientProtocolClient (GrpcClientProtocolClient.java:onNext(255)) - client-B2F93226DCBB->056ae293-26b5-4d67-bc5d-e905a6760a80: receive RaftClientReply:client-B2F93226DCBB->056ae293-26b5-4d67-bc5d-e905a6760a80@group-50E32BB97A46, cid=968, SUCCESS, logIndex=0, commits[056ae293-26b5-4d67-bc5d-e905a6760a80:c1306, a428730f-9893-43cb-a585-e65a7e8859c8:c1304, 994b73f6-7725-4304-b3a4-4941318c1d6c:c1304]
2019-07-08 19:53:08,752 INFO  client.GrpcClientProtocolClient (GrpcClientProtocolClient.java:onNext(255)) - client-B2F93226DCBB->056ae293-26b5-4d67-bc5d-e905a6760a80: receive RaftClientReply:client-B2F93226DCBB->056ae293-26b5-4d67-bc5d-e905a6760a80@group-50E32BB97A46, cid=969, SUCCESS, logIndex=1307, commits[056ae293-26b5-4d67-bc5d-e905a6760a80:c1308, a428730f-9893-43cb-a585-e65a7e8859c8:c1306, 994b73f6-7725-4304-b3a4-4941318c1d6c:c1304]
2019-07-08 19:53:08,752 INFO  client.GrpcClientProtocolClient (GrpcClientProtocolClient.java:onNext(255)) - client-B2F93226DCBB->056ae293-26b5-4d67-bc5d-e905a6760a80: receive RaftClientReply:client-B2F93226DCBB->056ae293-26b5-4d67-bc5d-e905a6760a80@group-50E32BB97A46, cid=970, SUCCESS, logIndex=1308, commits[056ae293-26b5-4d67-bc5d-e905a6760a80:c1308, a428730f-9893-43cb-a585-e65a7e8859c8:c1306, 994b73f6-7725-4304-b3a4-4941318c1d6c:c1304]
2019-07-08 19:53:08,772 INFO  client.GrpcClientProtocolClient (GrpcClientProtocolClient.java:onNext(255)) - client-B2F93226DCBB->056ae293-26b5-4d67-bc5d-e905a6760a80: receive RaftClientReply:client-B2F93226DCBB->056ae293-26b5-4d67-bc5d-e905a6760a80@group-50E32BB97A46, cid=971, SUCCESS, logIndex=1309, commits[056ae293-26b5-4d67-bc5d-e905a6760a80:c1310, a428730f-9893-43cb-a585-e65a7e8859c8:c1306, 994b73f6-7725-4304-b3a4-4941318c1d6c:c1306]
2019-07-08 19:53:08,773 INFO  client.GrpcClientProtocolClient (GrpcClientProtocolClient.java:onNext(255)) - client-B2F93226DCBB->056ae293-26b5-4d67-bc5d-e905a6760a80: receive RaftClientReply:client-B2F93226DCBB->056ae293-26b5-4d67-bc5d-e905a6760a80@group-50E32BB97A46, cid=972, SUCCESS, logIndex=1310, commits[056ae293-26b5-4d67-bc5d-e905a6760a80:c1312, a428730f-9893-43cb-a585-e65a7e8859c8:c1308, 994b73f6-7725-4304-b3a4-4941318c1d6c:c1306]
2019-07-08 19:53:08,774 INFO  client.GrpcClientProtocolClient (GrpcClientProtocolClient.java:onNext(255)) - client-B2F93226DCBB->056ae293-26b5-4d67-bc5d-e905a6760a80: receive RaftClientReply:client-B2F93226DCBB->056ae293-26b5-4d67-bc5d-e905a6760a80@group-50E32BB97A46, cid=973, SUCCESS, logIndex=0, commits[056ae293-26b5-4d67-bc5d-e905a6760a80:c1313, a428730f-9893-43cb-a585-e65a7e8859c8:c1309, 994b73f6-7725-4304-b3a4-4941318c1d6c:c1309]
2019-07-08 19:53:08,787 INFO  client.GrpcClientProtocolClient (GrpcClientProtocolClient.java:onNext(255)) - client-B2F93226DCBB->056ae293-26b5-4d67-bc5d-e905a6760a80: receive RaftClientReply:client-B2F93226DCBB->056ae293-26b5-4d67-bc5d-e905a6760a80@group-50E32BB97A46, cid=974, SUCCESS, logIndex=1315, commits[056ae293-26b5-4d67-bc5d-e905a6760a80:c1316, a428730f-9893-43cb-a585-e65a7e8859c8:c1314, 994b73f6-7725-4304-b3a4-4941318c1d6c:c1310]
2019-07-08 19:53:08,788 INFO  client.GrpcClientProtocolClient (GrpcClientProtocolClient.java:onNext(255)) - client-B2F93226DCBB->056ae293-26b5-4d67-bc5d-e905a6760a80: receive RaftClientReply:client-B2F93226DCBB->056ae293-26b5-4d67-bc5d-e905a6760a80@group-50E32BB97A46, cid=975, SUCCESS, logIndex=1316, commits[056ae293-26b5-4d67-bc5d-e905a6760a80:c1316, a428730f-9893-43cb-a585-e65a7e8859c8:c1314, 994b73f6-7725-4304-b3a4-4941318c1d6c:c1310]
2019-07-08 19:53:08,800 INFO  client.GrpcClientProtocolClient (GrpcClientProtocolClient.java:onNext(255)) - client-B2F93226DCBB->056ae293-26b5-4d67-bc5d-e905a6760a80: receive RaftClientReply:client-B2F93226DCBB->056ae293-26b5-4d67-bc5d-e905a6760a80@group-50E32BB97A46, cid=976, SUCCESS, logIndex=1319, commits[056ae293-26b5-4d67-bc5d-e905a6760a80:c1320, a428730f-9893-43cb-a585-e65a7e8859c8:c1316, 994b73f6-7725-4304-b3a4-4941318c1d6c:c1316]
2019-07-08 19:53:08,801 INFO  client.GrpcClientProtocolClient (GrpcClientProtocolClient.java:onNext(255)) - client-B2F93226DCBB->056ae293-26b5-4d67-bc5d-e905a6760a80: receive RaftClientReply:client-B2F93226DCBB->056ae293-26b5-4d67-bc5d-e905a6760a80@group-50E32BB97A46, cid=977, SUCCESS, logIndex=1320, commits[056ae293-26b5-4d67-bc5d-e905a6760a80:c1320, a428730f-9893-43cb-a585-e65a7e8859c8:c1316, 994b73f6-7725-4304-b3a4-4941318c1d6c:c1316]
2019-07-08 19:53:08,816 INFO  client.GrpcClientProtocolClient (GrpcClientProtocolClient.java:onNext(255)) - client-B2F93226DCBB->056ae293-26b5-4d67-bc5d-e905a6760a80: receive RaftClientReply:client-B2F93226DCBB->056ae293-26b5-4d67-bc5d-e905a6760a80@group-50E32BB97A46, cid=978, SUCCESS, logIndex=0, commits[056ae293-26b5-4d67-bc5d-e905a6760a80:c1322, a428730f-9893-43cb-a585-e65a7e8859c8:c1320, 994b73f6-7725-4304-b3a4-4941318c1d6c:c1320]
2019-07-08 19:53:08,838 INFO  client.GrpcClientProtocolClient (GrpcClientProtocolClient.java:onNext(255)) - client-B2F93226DCBB->056ae293-26b5-4d67-bc5d-e905a6760a80: receive RaftClientReply:client-B2F93226DCBB->056ae293-26b5-4d67-bc5d-e905a6760a80@group-50E32BB97A46, cid=979, SUCCESS, logIndex=1323, commits[056ae293-26b5-4d67-bc5d-e905a6760a80:c1326, a428730f-9893-43cb-a585-e65a7e8859c8:c1322, 994b73f6-7725-4304-b3a4-4941318c1d6c:c1322]
2019-07-08 19:53:08,838 INFO  client.GrpcClientProtocolClient (GrpcClientProtocolClient.java:onNext(255)) - client-B2F93226DCBB->056ae293-26b5-4d67-bc5d-e905a6760a80: receive RaftClientReply:client-B2F93226DCBB->056ae293-26b5-4d67-bc5d-e905a6760a80@group-50E32BB97A46, cid=980, SUCCESS, logIndex=1324, commits[056ae293-26b5-4d67-bc5d-e905a6760a80:c1326, a428730f-9893-43cb-a585-e65a7e8859c8:c1322, 994b73f6-7725-4304-b3a4-4941318c1d6c:c1322]
2019-07-08 19:53:08,839 INFO  client.GrpcClientProtocolClient (GrpcClientProtocolClient.java:onNext(255)) - client-B2F93226DCBB->056ae293-26b5-4d67-bc5d-e905a6760a80: receive RaftClientReply:client-B2F93226DCBB->056ae293-26b5-4d67-bc5d-e905a6760a80@group-50E32BB97A46, cid=981, SUCCESS, logIndex=1325, commits[056ae293-26b5-4d67-bc5d-e905a6760a80:c1326, a428730f-9893-43cb-a585-e65a7e8859c8:c1322, 994b73f6-7725-4304-b3a4-4941318c1d6c:c1322]
2019-07-08 19:53:08,839 INFO  client.GrpcClientProtocolClient (GrpcClientProtocolClient.java:onNext(255)) - client-B2F93226DCBB->056ae293-26b5-4d67-bc5d-e905a6760a80: receive RaftClientReply:client-B2F93226DCBB->056ae293-26b5-4d67-bc5d-e905a6760a80@group-50E32BB97A46, cid=982, SUCCESS, logIndex=1326, commits[056ae293-26b5-4d67-bc5d-e905a6760a80:c1326, a428730f-9893-43cb-a585-e65a7e8859c8:c1322, 994b73f6-7725-4304-b3a4-4941318c1d6c:c1322]
2019-07-08 19:53:08,840 INFO  client.GrpcClientProtocolClient (GrpcClientProtocolClient.java:onNext(255)) - client-B2F93226DCBB->056ae293-26b5-4d67-bc5d-e905a6760a80: receive RaftClientReply:client-B2F93226DCBB->056ae293-26b5-4d67-bc5d-e905a6760a80@group-50E32BB97A46, cid=983, SUCCESS, logIndex=0, commits[056ae293-26b5-4d67-bc5d-e905a6760a80:c1328, a428730f-9893-43cb-a585-e65a7e8859c8:c1324, 994b73f6-7725-4304-b3a4-4941318c1d6c:c1324]
2019-07-08 19:53:08,861 INFO  client.GrpcClientProtocolClient (GrpcClientProtocolClient.java:onNext(255)) - client-B2F93226DCBB->056ae293-26b5-4d67-bc5d-e905a6760a80: receive RaftClientReply:client-B2F93226DCBB->056ae293-26b5-4d67-bc5d-e905a6760a80@group-50E32BB97A46, cid=984, SUCCESS, logIndex=1331, commits[056ae293-26b5-4d67-bc5d-e905a6760a80:c1332, a428730f-9893-43cb-a585-e65a7e8859c8:c1330, 994b73f6-7725-4304-b3a4-4941318c1d6c:c1330]
2019-07-08 19:53:08,861 INFO  client.GrpcClientProtocolClient (GrpcClientProtocolClient.java:onNext(255)) - client-B2F93226DCBB->056ae293-26b5-4d67-bc5d-e905a6760a80: receive RaftClientReply:client-B2F93226DCBB->056ae293-26b5-4d67-bc5d-e905a6760a80@group-50E32BB97A46, cid=985, SUCCESS, logIndex=1332, commits[056ae293-26b5-4d67-bc5d-e905a6760a80:c1332, a428730f-9893-43cb-a585-e65a7e8859c8:c1330, 994b73f6-7725-4304-b3a4-4941318c1d6c:c1330]
2019-07-08 19:53:08,888 INFO  client.GrpcClientProtocolClient (GrpcClientProtocolClient.java:onNext(255)) - client-B2F93226DCBB->056ae293-26b5-4d67-bc5d-e905a6760a80: receive RaftClientReply:client-B2F93226DCBB->056ae293-26b5-4d67-bc5d-e905a6760a80@group-50E32BB97A46, cid=986, SUCCESS, logIndex=1335, commits[056ae293-26b5-4d67-bc5d-e905a6760a80:c1336, a428730f-9893-43cb-a585-e65a7e8859c8:c1332, 994b73f6-7725-4304-b3a4-4941318c1d6c:c1332]
2019-07-08 19:53:08,888 INFO  client.GrpcClientProtocolClient (GrpcClientProtocolClient.java:onNext(255)) - client-B2F93226DCBB->056ae293-26b5-4d67-bc5d-e905a6760a80: receive RaftClientReply:client-B2F93226DCBB->056ae293-26b5-4d67-bc5d-e905a6760a80@group-50E32BB97A46, cid=987, SUCCESS, logIndex=1336, commits[056ae293-26b5-4d67-bc5d-e905a6760a80:c1336, a428730f-9893-43cb-a585-e65a7e8859c8:c1332, 994b73f6-7725-4304-b3a4-4941318c1d6c:c1332]
2019-07-08 19:53:08,900 INFO  client.GrpcClientProtocolClient (GrpcClientProtocolClient.java:onNext(255)) - client-B2F93226DCBB->056ae293-26b5-4d67-bc5d-e905a6760a80: receive RaftClientReply:client-B2F93226DCBB->056ae293-26b5-4d67-bc5d-e905a6760a80@group-50E32BB97A46, cid=988, SUCCESS, logIndex=0, commits[056ae293-26b5-4d67-bc5d-e905a6760a80:c1337, a428730f-9893-43cb-a585-e65a7e8859c8:c1336, 994b73f6-7725-4304-b3a4-4941318c1d6c:c1336]
2019-07-08 19:53:08,928 INFO  client.GrpcClientProtocolClient (GrpcClientProtocolClient.java:onNext(255)) - client-B2F93226DCBB->056ae293-26b5-4d67-bc5d-e905a6760a80: receive RaftClientReply:client-B2F93226DCBB->056ae293-26b5-4d67-bc5d-e905a6760a80@group-50E32BB97A46, cid=989, SUCCESS, logIndex=1339, commits[056ae293-26b5-4d67-bc5d-e905a6760a80:c1339, a428730f-9893-43cb-a585-e65a7e8859c8:c1337, 994b73f6-7725-4304-b3a4-4941318c1d6c:c1336]
2019-07-08 19:53:08,928 INFO  client.GrpcClientProtocolClient (GrpcClientProtocolClient.java:onNext(255)) - client-B2F93226DCBB->056ae293-26b5-4d67-bc5d-e905a6760a80: receive RaftClientReply:client-B2F93226DCBB->056ae293-26b5-4d67-bc5d-e905a6760a80@group-50E32BB97A46, cid=990, SUCCESS, logIndex=1340, commits[056ae293-26b5-4d67-bc5d-e905a6760a80:c1341, a428730f-9893-43cb-a585-e65a7e8859c8:c1337, 994b73f6-7725-4304-b3a4-4941318c1d6c:c1337]
2019-07-08 19:53:08,929 INFO  client.GrpcClientProtocolClient (GrpcClientProtocolClient.java:onNext(255)) - client-B2F93226DCBB->056ae293-26b5-4d67-bc5d-e905a6760a80: receive RaftClientReply:client-B2F93226DCBB->056ae293-26b5-4d67-bc5d-e905a6760a80@group-50E32BB97A46, cid=991, SUCCESS, logIndex=1341, commits[056ae293-26b5-4d67-bc5d-e905a6760a80:c1342, a428730f-9893-43cb-a585-e65a7e8859c8:c1337, 994b73f6-7725-4304-b3a4-4941318c1d6c:c1337]
2019-07-08 19:53:08,929 INFO  client.GrpcClientProtocolClient (GrpcClientProtocolClient.java:onNext(255)) - client-B2F93226DCBB->056ae293-26b5-4d67-bc5d-e905a6760a80: receive RaftClientReply:client-B2F93226DCBB->056ae293-26b5-4d67-bc5d-e905a6760a80@group-50E32BB97A46, cid=992, SUCCESS, logIndex=1342, commits[056ae293-26b5-4d67-bc5d-e905a6760a80:c1342, a428730f-9893-43cb-a585-e65a7e8859c8:c1337, 994b73f6-7725-4304-b3a4-4941318c1d6c:c1337]
2019-07-08 19:53:08,944 INFO  client.GrpcClientProtocolClient (GrpcClientProtocolClient.java:onNext(255)) - client-B2F93226DCBB->056ae293-26b5-4d67-bc5d-e905a6760a80: receive RaftClientReply:client-B2F93226DCBB->056ae293-26b5-4d67-bc5d-e905a6760a80@group-50E32BB97A46, cid=993, SUCCESS, logIndex=0, commits[056ae293-26b5-4d67-bc5d-e905a6760a80:c1344, a428730f-9893-43cb-a585-e65a7e8859c8:c1340, 994b73f6-7725-4304-b3a4-4941318c1d6c:c1340]
2019-07-08 19:53:08,958 INFO  client.GrpcClientProtocolClient (GrpcClientProtocolClient.java:onNext(255)) - client-B2F93226DCBB->056ae293-26b5-4d67-bc5d-e905a6760a80: receive RaftClientReply:client-B2F93226DCBB->056ae293-26b5-4d67-bc5d-e905a6760a80@group-50E32BB97A46, cid=994, SUCCESS, logIndex=1347, commits[056ae293-26b5-4d67-bc5d-e905a6760a80:c1348, a428730f-9893-43cb-a585-e65a7e8859c8:c1342, 994b73f6-7725-4304-b3a4-4941318c1d6c:c1346]
2019-07-08 19:53:08,958 INFO  client.GrpcClientProtocolClient (GrpcClientProtocolClient.java:onNext(255)) - client-B2F93226DCBB->056ae293-26b5-4d67-bc5d-e905a6760a80: receive RaftClientReply:client-B2F93226DCBB->056ae293-26b5-4d67-bc5d-e905a6760a80@group-50E32BB97A46, cid=995, SUCCESS, logIndex=1348, commits[056ae293-26b5-4d67-bc5d-e905a6760a80:c1348, a428730f-9893-43cb-a585-e65a7e8859c8:c1346, 994b73f6-7725-4304-b3a4-4941318c1d6c:c1346]
 0.00% |█                                                                                                    |  0/1 Time: 0:00:052019-07-08 19:53:08,973 INFO  client.GrpcClientProtocolClient (GrpcClientProtocolClient.java:onNext(255)) - client-B2F93226DCBB->056ae293-26b5-4d67-bc5d-e905a6760a80: receive RaftClientReply:client-B2F93226DCBB->056ae293-26b5-4d67-bc5d-e905a6760a80@group-50E32BB97A46, cid=996, SUCCESS, logIndex=1351, commits[056ae293-26b5-4d67-bc5d-e905a6760a80:c1352, a428730f-9893-43cb-a585-e65a7e8859c8:c1348, 994b73f6-7725-4304-b3a4-4941318c1d6c:c1350]
2019-07-08 19:53:08,974 INFO  client.GrpcClientProtocolClient (GrpcClientProtocolClient.java:onNext(255)) - client-B2F93226DCBB->056ae293-26b5-4d67-bc5d-e905a6760a80: receive RaftClientReply:client-B2F93226DCBB->056ae293-26b5-4d67-bc5d-e905a6760a80@group-50E32BB97A46, cid=997, SUCCESS, logIndex=1352, commits[056ae293-26b5-4d67-bc5d-e905a6760a80:c1352, a428730f-9893-43cb-a585-e65a7e8859c8:c1350, 994b73f6-7725-4304-b3a4-4941318c1d6c:c1350]
2019-07-08 19:53:08,976 INFO  client.GrpcClientProtocolClient (GrpcClientProtocolClient.java:onNext(255)) - client-B2F93226DCBB->056ae293-26b5-4d67-bc5d-e905a6760a80: receive RaftClientReply:client-B2F93226DCBB->056ae293-26b5-4d67-bc5d-e905a6760a80@group-50E32BB97A46, cid=998, SUCCESS, logIndex=0, commits[056ae293-26b5-4d67-bc5d-e905a6760a80:c1353, a428730f-9893-43cb-a585-e65a7e8859c8:c1352, 994b73f6-7725-4304-b3a4-4941318c1d6c:c1352]
2019-07-08 19:53:09,115 INFO  client.GrpcClientProtocolClient (GrpcClientProtocolClient.java:onNext(255)) - client-B2F93226DCBB->056ae293-26b5-4d67-bc5d-e905a6760a80: receive RaftClientReply:client-B2F93226DCBB->056ae293-26b5-4d67-bc5d-e905a6760a80@group-50E32BB97A46, cid=999, SUCCESS, logIndex=1355, commits[056ae293-26b5-4d67-bc5d-e905a6760a80:c1356, a428730f-9893-43cb-a585-e65a7e8859c8:c1354, 994b73f6-7725-4304-b3a4-4941318c1d6c:c1354]
2019-07-08 19:53:09,116 INFO  client.GrpcClientProtocolClient (GrpcClientProtocolClient.java:onNext(255)) - client-B2F93226DCBB->056ae293-26b5-4d67-bc5d-e905a6760a80: receive RaftClientReply:client-B2F93226DCBB->056ae293-26b5-4d67-bc5d-e905a6760a80@group-50E32BB97A46, cid=1000, SUCCESS, logIndex=1356, commits[056ae293-26b5-4d67-bc5d-e905a6760a80:c1357, a428730f-9893-43cb-a585-e65a7e8859c8:c1354, 994b73f6-7725-4304-b3a4-4941318c1d6c:c1354]
2019-07-08 19:53:09,116 INFO  client.GrpcClientProtocolClient (GrpcClientProtocolClient.java:onNext(255)) - client-B2F93226DCBB->056ae293-26b5-4d67-bc5d-e905a6760a80: receive RaftClientReply:client-B2F93226DCBB->056ae293-26b5-4d67-bc5d-e905a6760a80@group-50E32BB97A46, cid=1001, SUCCESS, logIndex=1357, commits[056ae293-26b5-4d67-bc5d-e905a6760a80:c1358, a428730f-9893-43cb-a585-e65a7e8859c8:c1354, 994b73f6-7725-4304-b3a4-4941318c1d6c:c1354]
2019-07-08 19:53:09,117 INFO  client.GrpcClientProtocolClient (GrpcClientProtocolClient.java:onNext(255)) - client-B2F93226DCBB->056ae293-26b5-4d67-bc5d-e905a6760a80: receive RaftClientReply:client-B2F93226DCBB->056ae293-26b5-4d67-bc5d-e905a6760a80@group-50E32BB97A46, cid=1002, SUCCESS, logIndex=1358, commits[056ae293-26b5-4d67-bc5d-e905a6760a80:c1358, a428730f-9893-43cb-a585-e65a7e8859c8:c1354, 994b73f6-7725-4304-b3a4-4941318c1d6c:c1354]
2019-07-08 19:53:09,118 INFO  client.GrpcClientProtocolClient (GrpcClientProtocolClient.java:onNext(255)) - client-B2F93226DCBB->056ae293-26b5-4d67-bc5d-e905a6760a80: receive RaftClientReply:client-B2F93226DCBB->056ae293-26b5-4d67-bc5d-e905a6760a80@group-50E32BB97A46, cid=1003, SUCCESS, logIndex=0, commits[056ae293-26b5-4d67-bc5d-e905a6760a80:c1360, a428730f-9893-43cb-a585-e65a7e8859c8:c1357, 994b73f6-7725-4304-b3a4-4941318c1d6c:c1356]
2019-07-08 19:53:09,142 INFO  client.GrpcClientProtocolClient (GrpcClientProtocolClient.java:onNext(255)) - client-B2F93226DCBB->056ae293-26b5-4d67-bc5d-e905a6760a80: receive RaftClientReply:client-B2F93226DCBB->056ae293-26b5-4d67-bc5d-e905a6760a80@group-50E32BB97A46, cid=1004, SUCCESS, logIndex=1363, commits[056ae293-26b5-4d67-bc5d-e905a6760a80:c1364, a428730f-9893-43cb-a585-e65a7e8859c8:c1362, 994b73f6-7725-4304-b3a4-4941318c1d6c:c1362]
2019-07-08 19:53:09,143 INFO  client.GrpcClientProtocolClient (GrpcClientProtocolClient.java:onNext(255)) - client-B2F93226DCBB->056ae293-26b5-4d67-bc5d-e905a6760a80: receive RaftClientReply:client-B2F93226DCBB->056ae293-26b5-4d67-bc5d-e905a6760a80@group-50E32BB97A46, cid=1005, SUCCESS, logIndex=1364, commits[056ae293-26b5-4d67-bc5d-e905a6760a80:c1364, a428730f-9893-43cb-a585-e65a7e8859c8:c1362, 994b73f6-7725-4304-b3a4-4941318c1d6c:c1362]
2019-07-08 19:53:09,170 INFO  client.GrpcClientProtocolClient (GrpcClientProtocolClient.java:onNext(255)) - client-B2F93226DCBB->056ae293-26b5-4d67-bc5d-e905a6760a80: receive RaftClientReply:client-B2F93226DCBB->056ae293-26b5-4d67-bc5d-e905a6760a80@group-50E32BB97A46, cid=1006, SUCCESS, logIndex=1367, commits[056ae293-26b5-4d67-bc5d-e905a6760a80:c1368, a428730f-9893-43cb-a585-e65a7e8859c8:c1364, 994b73f6-7725-4304-b3a4-4941318c1d6c:c1364]
2019-07-08 19:53:09,170 INFO  client.GrpcClientProtocolClient (GrpcClientProtocolClient.java:onNext(255)) - client-B2F93226DCBB->056ae293-26b5-4d67-bc5d-e905a6760a80: receive RaftClientReply:client-B2F93226DCBB->056ae293-26b5-4d67-bc5d-e905a6760a80@group-50E32BB97A46, cid=1007, SUCCESS, logIndex=1368, commits[056ae293-26b5-4d67-bc5d-e905a6760a80:c1368, a428730f-9893-43cb-a585-e65a7e8859c8:c1364, 994b73f6-7725-4304-b3a4-4941318c1d6c:c1364]
2019-07-08 19:53:09,181 INFO  client.GrpcClientProtocolClient (GrpcClientProtocolClient.java:onNext(255)) - client-B2F93226DCBB->056ae293-26b5-4d67-bc5d-e905a6760a80: receive RaftClientReply:client-B2F93226DCBB->056ae293-26b5-4d67-bc5d-e905a6760a80@group-50E32BB97A46, cid=1008, SUCCESS, logIndex=0, commits[056ae293-26b5-4d67-bc5d-e905a6760a80:c1369, a428730f-9893-43cb-a585-e65a7e8859c8:c1368, 994b73f6-7725-4304-b3a4-4941318c1d6c:c1368]
2019-07-08 19:53:09,203 INFO  client.GrpcClientProtocolClient (GrpcClientProtocolClient.java:onNext(255)) - client-B2F93226DCBB->056ae293-26b5-4d67-bc5d-e905a6760a80: receive RaftClientReply:client-B2F93226DCBB->056ae293-26b5-4d67-bc5d-e905a6760a80@group-50E32BB97A46, cid=1009, SUCCESS, logIndex=1371, commits[056ae293-26b5-4d67-bc5d-e905a6760a80:c1372, a428730f-9893-43cb-a585-e65a7e8859c8:c1370, 994b73f6-7725-4304-b3a4-4941318c1d6c:c1370]
2019-07-08 19:53:09,204 INFO  client.GrpcClientProtocolClient (GrpcClientProtocolClient.java:onNext(255)) - client-B2F93226DCBB->056ae293-26b5-4d67-bc5d-e905a6760a80: receive RaftClientReply:client-B2F93226DCBB->056ae293-26b5-4d67-bc5d-e905a6760a80@group-50E32BB97A46, cid=1010, SUCCESS, logIndex=1372, commits[056ae293-26b5-4d67-bc5d-e905a6760a80:c1372, a428730f-9893-43cb-a585-e65a7e8859c8:c1370, 994b73f6-7725-4304-b3a4-4941318c1d6c:c1370]
2019-07-08 19:53:09,205 INFO  client.GrpcClientProtocolClient (GrpcClientProtocolClient.java:onNext(255)) - client-B2F93226DCBB->056ae293-26b5-4d67-bc5d-e905a6760a80: receive RaftClientReply:client-B2F93226DCBB->056ae293-26b5-4d67-bc5d-e905a6760a80@group-50E32BB97A46, cid=1011, SUCCESS, logIndex=1373, commits[056ae293-26b5-4d67-bc5d-e905a6760a80:c1373, a428730f-9893-43cb-a585-e65a7e8859c8:c1370, 994b73f6-7725-4304-b3a4-4941318c1d6c:c1370]
2019-07-08 19:53:09,205 INFO  client.GrpcClientProtocolClient (GrpcClientProtocolClient.java:onNext(255)) - client-B2F93226DCBB->056ae293-26b5-4d67-bc5d-e905a6760a80: receive RaftClientReply:client-B2F93226DCBB->056ae293-26b5-4d67-bc5d-e905a6760a80@group-50E32BB97A46, cid=1012, SUCCESS, logIndex=1374, commits[056ae293-26b5-4d67-bc5d-e905a6760a80:c1374, a428730f-9893-43cb-a585-e65a7e8859c8:c1370, 994b73f6-7725-4304-b3a4-4941318c1d6c:c1370]
2019-07-08 19:53:09,207 INFO  client.GrpcClientProtocolClient (GrpcClientProtocolClient.java:onNext(255)) - client-B2F93226DCBB->056ae293-26b5-4d67-bc5d-e905a6760a80: receive RaftClientReply:client-B2F93226DCBB->056ae293-26b5-4d67-bc5d-e905a6760a80@group-50E32BB97A46, cid=1013, SUCCESS, logIndex=0, commits[056ae293-26b5-4d67-bc5d-e905a6760a80:c1376, a428730f-9893-43cb-a585-e65a7e8859c8:c1372, 994b73f6-7725-4304-b3a4-4941318c1d6c:c1372]
2019-07-08 19:53:09,234 INFO  client.GrpcClientProtocolClient (GrpcClientProtocolClient.java:onNext(255)) - client-B2F93226DCBB->056ae293-26b5-4d67-bc5d-e905a6760a80: receive RaftClientReply:client-B2F93226DCBB->056ae293-26b5-4d67-bc5d-e905a6760a80@group-50E32BB97A46, cid=1014, SUCCESS, logIndex=1379, commits[056ae293-26b5-4d67-bc5d-e905a6760a80:c1380, a428730f-9893-43cb-a585-e65a7e8859c8:c1378, 994b73f6-7725-4304-b3a4-4941318c1d6c:c1378]
2019-07-08 19:53:09,235 INFO  client.GrpcClientProtocolClient (GrpcClientProtocolClient.java:onNext(255)) - client-B2F93226DCBB->056ae293-26b5-4d67-bc5d-e905a6760a80: receive RaftClientReply:client-B2F93226DCBB->056ae293-26b5-4d67-bc5d-e905a6760a80@group-50E32BB97A46, cid=1015, SUCCESS, logIndex=1380, commits[056ae293-26b5-4d67-bc5d-e905a6760a80:c1380, a428730f-9893-43cb-a585-e65a7e8859c8:c1378, 994b73f6-7725-4304-b3a4-4941318c1d6c:c1378]
2019-07-08 19:53:09,259 INFO  client.GrpcClientProtocolClient (GrpcClientProtocolClient.java:onNext(255)) - client-B2F93226DCBB->056ae293-26b5-4d67-bc5d-e905a6760a80: receive RaftClientReply:client-B2F93226DCBB->056ae293-26b5-4d67-bc5d-e905a6760a80@group-50E32BB97A46, cid=1016, SUCCESS, logIndex=1383, commits[056ae293-26b5-4d67-bc5d-e905a6760a80:c1384, a428730f-9893-43cb-a585-e65a7e8859c8:c1380, 994b73f6-7725-4304-b3a4-4941318c1d6c:c1380]
2019-07-08 19:53:09,259 INFO  client.GrpcClientProtocolClient (GrpcClientProtocolClient.java:onNext(255)) - client-B2F93226DCBB->056ae293-26b5-4d67-bc5d-e905a6760a80: receive RaftClientReply:client-B2F93226DCBB->056ae293-26b5-4d67-bc5d-e905a6760a80@group-50E32BB97A46, cid=1017, SUCCESS, logIndex=1384, commits[056ae293-26b5-4d67-bc5d-e905a6760a80:c1384, a428730f-9893-43cb-a585-e65a7e8859c8:c1380, 994b73f6-7725-4304-b3a4-4941318c1d6c:c1380]
2019-07-08 19:53:09,275 INFO  client.GrpcClientProtocolClient (GrpcClientProtocolClient.java:onNext(255)) - client-B2F93226DCBB->056ae293-26b5-4d67-bc5d-e905a6760a80: receive RaftClientReply:client-B2F93226DCBB->056ae293-26b5-4d67-bc5d-e905a6760a80@group-50E32BB97A46, cid=1018, SUCCESS, logIndex=0, commits[056ae293-26b5-4d67-bc5d-e905a6760a80:c1386, a428730f-9893-43cb-a585-e65a7e8859c8:c1384, 994b73f6-7725-4304-b3a4-4941318c1d6c:c1384]
2019-07-08 19:53:09,288 INFO  client.GrpcClientProtocolClient (GrpcClientProtocolClient.java:onNext(255)) - client-B2F93226DCBB->056ae293-26b5-4d67-bc5d-e905a6760a80: receive RaftClientReply:client-B2F93226DCBB->056ae293-26b5-4d67-bc5d-e905a6760a80@group-50E32BB97A46, cid=1019, SUCCESS, logIndex=1387, commits[056ae293-26b5-4d67-bc5d-e905a6760a80:c1388, a428730f-9893-43cb-a585-e65a7e8859c8:c1384, 994b73f6-7725-4304-b3a4-4941318c1d6c:c1386]
2019-07-08 19:53:09,289 INFO  client.GrpcClientProtocolClient (GrpcClientProtocolClient.java:onNext(255)) - client-B2F93226DCBB->056ae293-26b5-4d67-bc5d-e905a6760a80: receive RaftClientReply:client-B2F93226DCBB->056ae293-26b5-4d67-bc5d-e905a6760a80@group-50E32BB97A46, cid=1020, SUCCESS, logIndex=1388, commits[056ae293-26b5-4d67-bc5d-e905a6760a80:c1388, a428730f-9893-43cb-a585-e65a7e8859c8:c1384, 994b73f6-7725-4304-b3a4-4941318c1d6c:c1386]
2019-07-08 19:53:09,293 INFO  client.GrpcClientProtocolClient (GrpcClientProtocolClient.java:onNext(255)) - client-B2F93226DCBB->056ae293-26b5-4d67-bc5d-e905a6760a80: receive RaftClientReply:client-B2F93226DCBB->056ae293-26b5-4d67-bc5d-e905a6760a80@group-50E32BB97A46, cid=1021, SUCCESS, logIndex=1389, commits[056ae293-26b5-4d67-bc5d-e905a6760a80:c1390, a428730f-9893-43cb-a585-e65a7e8859c8:c1386, 994b73f6-7725-4304-b3a4-4941318c1d6c:c1386]
2019-07-08 19:53:09,294 INFO  client.GrpcClientProtocolClient (GrpcClientProtocolClient.java:onNext(255)) - client-B2F93226DCBB->056ae293-26b5-4d67-bc5d-e905a6760a80: receive RaftClientReply:client-B2F93226DCBB->056ae293-26b5-4d67-bc5d-e905a6760a80@group-50E32BB97A46, cid=1022, SUCCESS, logIndex=1390, commits[056ae293-26b5-4d67-bc5d-e905a6760a80:c1392, a428730f-9893-43cb-a585-e65a7e8859c8:c1386, 994b73f6-7725-4304-b3a4-4941318c1d6c:c1388]
2019-07-08 19:53:09,295 INFO  client.GrpcClientProtocolClient (GrpcClientProtocolClient.java:onNext(255)) - client-B2F93226DCBB->056ae293-26b5-4d67-bc5d-e905a6760a80: receive RaftClientReply:client-B2F93226DCBB->056ae293-26b5-4d67-bc5d-e905a6760a80@group-50E32BB97A46, cid=1023, SUCCESS, logIndex=0, commits[056ae293-26b5-4d67-bc5d-e905a6760a80:c1392, a428730f-9893-43cb-a585-e65a7e8859c8:c1388, 994b73f6-7725-4304-b3a4-4941318c1d6c:c1388]
2019-07-08 19:53:09,362 INFO  client.GrpcClientProtocolClient (GrpcClientProtocolClient.java:onNext(255)) - client-B2F93226DCBB->056ae293-26b5-4d67-bc5d-e905a6760a80: receive RaftClientReply:client-B2F93226DCBB->056ae293-26b5-4d67-bc5d-e905a6760a80@group-50E32BB97A46, cid=1024, SUCCESS, logIndex=1395, commits[056ae293-26b5-4d67-bc5d-e905a6760a80:c1396, a428730f-9893-43cb-a585-e65a7e8859c8:c1394, 994b73f6-7725-4304-b3a4-4941318c1d6c:c1394]
2019-07-08 19:53:09,363 INFO  client.GrpcClientProtocolClient (GrpcClientProtocolClient.java:onNext(255)) - client-B2F93226DCBB->056ae293-26b5-4d67-bc5d-e905a6760a80: receive RaftClientReply:client-B2F93226DCBB->056ae293-26b5-4d67-bc5d-e905a6760a80@group-50E32BB97A46, cid=1025, SUCCESS, logIndex=1396, commits[056ae293-26b5-4d67-bc5d-e905a6760a80:c1396, a428730f-9893-43cb-a585-e65a7e8859c8:c1394, 994b73f6-7725-4304-b3a4-4941318c1d6c:c1394]
2019-07-08 19:53:09,384 INFO  client.GrpcClientProtocolClient (GrpcClientProtocolClient.java:onNext(255)) - client-B2F93226DCBB->056ae293-26b5-4d67-bc5d-e905a6760a80: receive RaftClientReply:client-B2F93226DCBB->056ae293-26b5-4d67-bc5d-e905a6760a80@group-50E32BB97A46, cid=1026, SUCCESS, logIndex=1399, commits[056ae293-26b5-4d67-bc5d-e905a6760a80:c1400, a428730f-9893-43cb-a585-e65a7e8859c8:c1396, 994b73f6-7725-4304-b3a4-4941318c1d6c:c1396]
2019-07-08 19:53:09,384 INFO  client.GrpcClientProtocolClient (GrpcClientProtocolClient.java:onNext(255)) - client-B2F93226DCBB->056ae293-26b5-4d67-bc5d-e905a6760a80: receive RaftClientReply:client-B2F93226DCBB->056ae293-26b5-4d67-bc5d-e905a6760a80@group-50E32BB97A46, cid=1027, SUCCESS, logIndex=1400, commits[056ae293-26b5-4d67-bc5d-e905a6760a80:c1400, a428730f-9893-43cb-a585-e65a7e8859c8:c1396, 994b73f6-7725-4304-b3a4-4941318c1d6c:c1396]
2019-07-08 19:53:09,398 INFO  client.GrpcClientProtocolClient (GrpcClientProtocolClient.java:onNext(255)) - client-B2F93226DCBB->056ae293-26b5-4d67-bc5d-e905a6760a80: receive RaftClientReply:client-B2F93226DCBB->056ae293-26b5-4d67-bc5d-e905a6760a80@group-50E32BB97A46, cid=1028, SUCCESS, logIndex=0, commits[056ae293-26b5-4d67-bc5d-e905a6760a80:c1402, a428730f-9893-43cb-a585-e65a7e8859c8:c1400, 994b73f6-7725-4304-b3a4-4941318c1d6c:c1400]
2019-07-08 19:53:09,420 INFO  client.GrpcClientProtocolClient (GrpcClientProtocolClient.java:onNext(255)) - client-B2F93226DCBB->056ae293-26b5-4d67-bc5d-e905a6760a80: receive RaftClientReply:client-B2F93226DCBB->056ae293-26b5-4d67-bc5d-e905a6760a80@group-50E32BB97A46, cid=1029, SUCCESS, logIndex=1403, commits[056ae293-26b5-4d67-bc5d-e905a6760a80:c1406, a428730f-9893-43cb-a585-e65a7e8859c8:c1402, 994b73f6-7725-4304-b3a4-4941318c1d6c:c1402]
2019-07-08 19:53:09,420 INFO  client.GrpcClientProtocolClient (GrpcClientProtocolClient.java:onNext(255)) - client-B2F93226DCBB->056ae293-26b5-4d67-bc5d-e905a6760a80: receive RaftClientReply:client-B2F93226DCBB->056ae293-26b5-4d67-bc5d-e905a6760a80@group-50E32BB97A46, cid=1030, SUCCESS, logIndex=1404, commits[056ae293-26b5-4d67-bc5d-e905a6760a80:c1406, a428730f-9893-43cb-a585-e65a7e8859c8:c1402, 994b73f6-7725-4304-b3a4-4941318c1d6c:c1402]
2019-07-08 19:53:09,421 INFO  client.GrpcClientProtocolClient (GrpcClientProtocolClient.java:onNext(255)) - client-B2F93226DCBB->056ae293-26b5-4d67-bc5d-e905a6760a80: receive RaftClientReply:client-B2F93226DCBB->056ae293-26b5-4d67-bc5d-e905a6760a80@group-50E32BB97A46, cid=1031, SUCCESS, logIndex=1405, commits[056ae293-26b5-4d67-bc5d-e905a6760a80:c1406, a428730f-9893-43cb-a585-e65a7e8859c8:c1402, 994b73f6-7725-4304-b3a4-4941318c1d6c:c1402]
2019-07-08 19:53:09,421 INFO  client.GrpcClientProtocolClient (GrpcClientProtocolClient.java:onNext(255)) - client-B2F93226DCBB->056ae293-26b5-4d67-bc5d-e905a6760a80: receive RaftClientReply:client-B2F93226DCBB->056ae293-26b5-4d67-bc5d-e905a6760a80@group-50E32BB97A46, cid=1032, SUCCESS, logIndex=1406, commits[056ae293-26b5-4d67-bc5d-e905a6760a80:c1406, a428730f-9893-43cb-a585-e65a7e8859c8:c1402, 994b73f6-7725-4304-b3a4-4941318c1d6c:c1402]
2019-07-08 19:53:09,443 INFO  client.GrpcClientProtocolClient (GrpcClientProtocolClient.java:onNext(255)) - client-B2F93226DCBB->056ae293-26b5-4d67-bc5d-e905a6760a80: receive RaftClientReply:client-B2F93226DCBB->056ae293-26b5-4d67-bc5d-e905a6760a80@group-50E32BB97A46, cid=1033, SUCCESS, logIndex=0, commits[056ae293-26b5-4d67-bc5d-e905a6760a80:c1409, a428730f-9893-43cb-a585-e65a7e8859c8:c1405, 994b73f6-7725-4304-b3a4-4941318c1d6c:c1406]
2019-07-08 19:53:09,470 INFO  client.GrpcClientProtocolClient (GrpcClientProtocolClient.java:onNext(255)) - client-B2F93226DCBB->056ae293-26b5-4d67-bc5d-e905a6760a80: receive RaftClientReply:client-B2F93226DCBB->056ae293-26b5-4d67-bc5d-e905a6760a80@group-50E32BB97A46, cid=1034, SUCCESS, logIndex=1410, commits[056ae293-26b5-4d67-bc5d-e905a6760a80:c1411, a428730f-9893-43cb-a585-e65a7e8859c8:c1409, 994b73f6-7725-4304-b3a4-4941318c1d6c:c1409]
2019-07-08 19:53:09,471 INFO  client.GrpcClientProtocolClient (GrpcClientProtocolClient.java:onNext(255)) - client-B2F93226DCBB->056ae293-26b5-4d67-bc5d-e905a6760a80: receive RaftClientReply:client-B2F93226DCBB->056ae293-26b5-4d67-bc5d-e905a6760a80@group-50E32BB97A46, cid=1035, SUCCESS, logIndex=1411, commits[056ae293-26b5-4d67-bc5d-e905a6760a80:c1411, a428730f-9893-43cb-a585-e65a7e8859c8:c1409, 994b73f6-7725-4304-b3a4-4941318c1d6c:c1409]
2019-07-08 19:53:09,495 INFO  client.GrpcClientProtocolClient (GrpcClientProtocolClient.java:onNext(255)) - client-B2F93226DCBB->056ae293-26b5-4d67-bc5d-e905a6760a80: receive RaftClientReply:client-B2F93226DCBB->056ae293-26b5-4d67-bc5d-e905a6760a80@group-50E32BB97A46, cid=1036, SUCCESS, logIndex=1414, commits[056ae293-26b5-4d67-bc5d-e905a6760a80:c1415, a428730f-9893-43cb-a585-e65a7e8859c8:c1413, 994b73f6-7725-4304-b3a4-4941318c1d6c:c1413]
2019-07-08 19:53:09,496 INFO  client.GrpcClientProtocolClient (GrpcClientProtocolClient.java:onNext(255)) - client-B2F93226DCBB->056ae293-26b5-4d67-bc5d-e905a6760a80: receive RaftClientReply:client-B2F93226DCBB->056ae293-26b5-4d67-bc5d-e905a6760a80@group-50E32BB97A46, cid=1037, SUCCESS, logIndex=1415, commits[056ae293-26b5-4d67-bc5d-e905a6760a80:c1415, a428730f-9893-43cb-a585-e65a7e8859c8:c1413, 994b73f6-7725-4304-b3a4-4941318c1d6c:c1413]
2019-07-08 19:53:09,510 INFO  client.GrpcClientProtocolClient (GrpcClientProtocolClient.java:onNext(255)) - client-B2F93226DCBB->056ae293-26b5-4d67-bc5d-e905a6760a80: receive RaftClientReply:client-B2F93226DCBB->056ae293-26b5-4d67-bc5d-e905a6760a80@group-50E32BB97A46, cid=1038, SUCCESS, logIndex=0, commits[056ae293-26b5-4d67-bc5d-e905a6760a80:c1416, a428730f-9893-43cb-a585-e65a7e8859c8:c1415, 994b73f6-7725-4304-b3a4-4941318c1d6c:c1415]
2019-07-08 19:53:09,534 INFO  client.GrpcClientProtocolClient (GrpcClientProtocolClient.java:onNext(255)) - client-B2F93226DCBB->056ae293-26b5-4d67-bc5d-e905a6760a80: receive RaftClientReply:client-B2F93226DCBB->056ae293-26b5-4d67-bc5d-e905a6760a80@group-50E32BB97A46, cid=1039, SUCCESS, logIndex=1418, commits[056ae293-26b5-4d67-bc5d-e905a6760a80:c1419, a428730f-9893-43cb-a585-e65a7e8859c8:c1417, 994b73f6-7725-4304-b3a4-4941318c1d6c:c1417]
2019-07-08 19:53:09,535 INFO  client.GrpcClientProtocolClient (GrpcClientProtocolClient.java:onNext(255)) - client-B2F93226DCBB->056ae293-26b5-4d67-bc5d-e905a6760a80: receive RaftClientReply:client-B2F93226DCBB->056ae293-26b5-4d67-bc5d-e905a6760a80@group-50E32BB97A46, cid=1040, SUCCESS, logIndex=1419, commits[056ae293-26b5-4d67-bc5d-e905a6760a80:c1419, a428730f-9893-43cb-a585-e65a7e8859c8:c1417, 994b73f6-7725-4304-b3a4-4941318c1d6c:c1417]
2019-07-08 19:53:09,536 INFO  client.GrpcClientProtocolClient (GrpcClientProtocolClient.java:onNext(255)) - client-B2F93226DCBB->056ae293-26b5-4d67-bc5d-e905a6760a80: receive RaftClientReply:client-B2F93226DCBB->056ae293-26b5-4d67-bc5d-e905a6760a80@group-50E32BB97A46, cid=1041, SUCCESS, logIndex=1420, commits[056ae293-26b5-4d67-bc5d-e905a6760a80:c1421, a428730f-9893-43cb-a585-e65a7e8859c8:c1417, 994b73f6-7725-4304-b3a4-4941318c1d6c:c1417]
2019-07-08 19:53:09,537 INFO  client.GrpcClientProtocolClient (GrpcClientProtocolClient.java:onNext(255)) - client-B2F93226DCBB->056ae293-26b5-4d67-bc5d-e905a6760a80: receive RaftClientReply:client-B2F93226DCBB->056ae293-26b5-4d67-bc5d-e905a6760a80@group-50E32BB97A46, cid=1042, SUCCESS, logIndex=1421, commits[056ae293-26b5-4d67-bc5d-e905a6760a80:c1421, a428730f-9893-43cb-a585-e65a7e8859c8:c1417, 994b73f6-7725-4304-b3a4-4941318c1d6c:c1417]
2019-07-08 19:53:09,561 INFO  client.GrpcClientProtocolClient (GrpcClientProtocolClient.java:onNext(255)) - client-B2F93226DCBB->056ae293-26b5-4d67-bc5d-e905a6760a80: receive RaftClientReply:client-B2F93226DCBB->056ae293-26b5-4d67-bc5d-e905a6760a80@group-50E32BB97A46, cid=1043, SUCCESS, logIndex=0, commits[056ae293-26b5-4d67-bc5d-e905a6760a80:c1425, a428730f-9893-43cb-a585-e65a7e8859c8:c1419, 994b73f6-7725-4304-b3a4-4941318c1d6c:c1421]
2019-07-08 19:53:09,587 INFO  client.GrpcClientProtocolClient (GrpcClientProtocolClient.java:onNext(255)) - client-B2F93226DCBB->056ae293-26b5-4d67-bc5d-e905a6760a80: receive RaftClientReply:client-B2F93226DCBB->056ae293-26b5-4d67-bc5d-e905a6760a80@group-50E32BB97A46, cid=1044, SUCCESS, logIndex=1426, commits[056ae293-26b5-4d67-bc5d-e905a6760a80:c1427, a428730f-9893-43cb-a585-e65a7e8859c8:c1425, 994b73f6-7725-4304-b3a4-4941318c1d6c:c1425]
2019-07-08 19:53:09,587 INFO  client.GrpcClientProtocolClient (GrpcClientProtocolClient.java:onNext(255)) - client-B2F93226DCBB->056ae293-26b5-4d67-bc5d-e905a6760a80: receive RaftClientReply:client-B2F93226DCBB->056ae293-26b5-4d67-bc5d-e905a6760a80@group-50E32BB97A46, cid=1045, SUCCESS, logIndex=1427, commits[056ae293-26b5-4d67-bc5d-e905a6760a80:c1427, a428730f-9893-43cb-a585-e65a7e8859c8:c1425, 994b73f6-7725-4304-b3a4-4941318c1d6c:c1425]
2019-07-08 19:53:09,609 INFO  client.GrpcClientProtocolClient (GrpcClientProtocolClient.java:onNext(255)) - client-B2F93226DCBB->056ae293-26b5-4d67-bc5d-e905a6760a80: receive RaftClientReply:client-B2F93226DCBB->056ae293-26b5-4d67-bc5d-e905a6760a80@group-50E32BB97A46, cid=1046, SUCCESS, logIndex=1430, commits[056ae293-26b5-4d67-bc5d-e905a6760a80:c1431, a428730f-9893-43cb-a585-e65a7e8859c8:c1427, 994b73f6-7725-4304-b3a4-4941318c1d6c:c1427]
2019-07-08 19:53:09,610 INFO  client.GrpcClientProtocolClient (GrpcClientProtocolClient.java:onNext(255)) - client-B2F93226DCBB->056ae293-26b5-4d67-bc5d-e905a6760a80: receive RaftClientReply:client-B2F93226DCBB->056ae293-26b5-4d67-bc5d-e905a6760a80@group-50E32BB97A46, cid=1047, SUCCESS, logIndex=1431, commits[056ae293-26b5-4d67-bc5d-e905a6760a80:c1431, a428730f-9893-43cb-a585-e65a7e8859c8:c1427, 994b73f6-7725-4304-b3a4-4941318c1d6c:c1427]
2019-07-08 19:53:09,613 INFO  client.GrpcClientProtocolClient (GrpcClientProtocolClient.java:onNext(255)) - client-B2F93226DCBB->056ae293-26b5-4d67-bc5d-e905a6760a80: receive RaftClientReply:client-B2F93226DCBB->056ae293-26b5-4d67-bc5d-e905a6760a80@group-50E32BB97A46, cid=1048, SUCCESS, logIndex=0, commits[056ae293-26b5-4d67-bc5d-e905a6760a80:c1432, a428730f-9893-43cb-a585-e65a7e8859c8:c1431, 994b73f6-7725-4304-b3a4-4941318c1d6c:c1431]
2019-07-08 19:53:09,638 INFO  client.GrpcClientProtocolClient (GrpcClientProtocolClient.java:onNext(255)) - client-B2F93226DCBB->056ae293-26b5-4d67-bc5d-e905a6760a80: receive RaftClientReply:client-B2F93226DCBB->056ae293-26b5-4d67-bc5d-e905a6760a80@group-50E32BB97A46, cid=1049, SUCCESS, logIndex=1434, commits[056ae293-26b5-4d67-bc5d-e905a6760a80:c1437, a428730f-9893-43cb-a585-e65a7e8859c8:c1433, 994b73f6-7725-4304-b3a4-4941318c1d6c:c1433]
2019-07-08 19:53:09,639 INFO  client.GrpcClientProtocolClient (GrpcClientProtocolClient.java:onNext(255)) - client-B2F93226DCBB->056ae293-26b5-4d67-bc5d-e905a6760a80: receive RaftClientReply:client-B2F93226DCBB->056ae293-26b5-4d67-bc5d-e905a6760a80@group-50E32BB97A46, cid=1050, SUCCESS, logIndex=1435, commits[056ae293-26b5-4d67-bc5d-e905a6760a80:c1437, a428730f-9893-43cb-a585-e65a7e8859c8:c1433, 994b73f6-7725-4304-b3a4-4941318c1d6c:c1433]
2019-07-08 19:53:09,639 INFO  client.GrpcClientProtocolClient (GrpcClientProtocolClient.java:onNext(255)) - client-B2F93226DCBB->056ae293-26b5-4d67-bc5d-e905a6760a80: receive RaftClientReply:client-B2F93226DCBB->056ae293-26b5-4d67-bc5d-e905a6760a80@group-50E32BB97A46, cid=1051, SUCCESS, logIndex=1436, commits[056ae293-26b5-4d67-bc5d-e905a6760a80:c1437, a428730f-9893-43cb-a585-e65a7e8859c8:c1433, 994b73f6-7725-4304-b3a4-4941318c1d6c:c1433]
2019-07-08 19:53:09,639 INFO  client.GrpcClientProtocolClient (GrpcClientProtocolClient.java:onNext(255)) - client-B2F93226DCBB->056ae293-26b5-4d67-bc5d-e905a6760a80: receive RaftClientReply:client-B2F93226DCBB->056ae293-26b5-4d67-bc5d-e905a6760a80@group-50E32BB97A46, cid=1052, SUCCESS, logIndex=1437, commits[056ae293-26b5-4d67-bc5d-e905a6760a80:c1437, a428730f-9893-43cb-a585-e65a7e8859c8:c1433, 994b73f6-7725-4304-b3a4-4941318c1d6c:c1433]
2019-07-08 19:53:09,649 INFO  client.GrpcClientProtocolClient (GrpcClientProtocolClient.java:onNext(255)) - client-B2F93226DCBB->056ae293-26b5-4d67-bc5d-e905a6760a80: receive RaftClientReply:client-B2F93226DCBB->056ae293-26b5-4d67-bc5d-e905a6760a80@group-50E32BB97A46, cid=1053, SUCCESS, logIndex=0, commits[056ae293-26b5-4d67-bc5d-e905a6760a80:c1437, a428730f-9893-43cb-a585-e65a7e8859c8:c1435, 994b73f6-7725-4304-b3a4-4941318c1d6c:c1435]
2019-07-08 19:53:09,670 INFO  client.GrpcClientProtocolClient (GrpcClientProtocolClient.java:onNext(255)) - client-B2F93226DCBB->056ae293-26b5-4d67-bc5d-e905a6760a80: receive RaftClientReply:client-B2F93226DCBB->056ae293-26b5-4d67-bc5d-e905a6760a80@group-50E32BB97A46, cid=1054, SUCCESS, logIndex=1441, commits[056ae293-26b5-4d67-bc5d-e905a6760a80:c1442, a428730f-9893-43cb-a585-e65a7e8859c8:c1440, 994b73f6-7725-4304-b3a4-4941318c1d6c:c1440]
2019-07-08 19:53:09,670 INFO  client.GrpcClientProtocolClient (GrpcClientProtocolClient.java:onNext(255)) - client-B2F93226DCBB->056ae293-26b5-4d67-bc5d-e905a6760a80: receive RaftClientReply:client-B2F93226DCBB->056ae293-26b5-4d67-bc5d-e905a6760a80@group-50E32BB97A46, cid=1055, SUCCESS, logIndex=1442, commits[056ae293-26b5-4d67-bc5d-e905a6760a80:c1442, a428730f-9893-43cb-a585-e65a7e8859c8:c1440, 994b73f6-7725-4304-b3a4-4941318c1d6c:c1440]
2019-07-08 19:53:09,683 INFO  client.GrpcClientProtocolClient (GrpcClientProtocolClient.java:onNext(255)) - client-B2F93226DCBB->056ae293-26b5-4d67-bc5d-e905a6760a80: receive RaftClientReply:client-B2F93226DCBB->056ae293-26b5-4d67-bc5d-e905a6760a80@group-50E32BB97A46, cid=1056, SUCCESS, logIndex=1445, commits[056ae293-26b5-4d67-bc5d-e905a6760a80:c1446, a428730f-9893-43cb-a585-e65a7e8859c8:c1442, 994b73f6-7725-4304-b3a4-4941318c1d6c:c1441]
2019-07-08 19:53:09,683 INFO  client.GrpcClientProtocolClient (GrpcClientProtocolClient.java:onNext(255)) - client-B2F93226DCBB->056ae293-26b5-4d67-bc5d-e905a6760a80: receive RaftClientReply:client-B2F93226DCBB->056ae293-26b5-4d67-bc5d-e905a6760a80@group-50E32BB97A46, cid=1057, SUCCESS, logIndex=1446, commits[056ae293-26b5-4d67-bc5d-e905a6760a80:c1446, a428730f-9893-43cb-a585-e65a7e8859c8:c1442, 994b73f6-7725-4304-b3a4-4941318c1d6c:c1442]
2019-07-08 19:53:09,685 INFO  client.GrpcClientProtocolClient (GrpcClientProtocolClient.java:onNext(255)) - client-B2F93226DCBB->056ae293-26b5-4d67-bc5d-e905a6760a80: receive RaftClientReply:client-B2F93226DCBB->056ae293-26b5-4d67-bc5d-e905a6760a80@group-50E32BB97A46, cid=1058, SUCCESS, logIndex=0, commits[056ae293-26b5-4d67-bc5d-e905a6760a80:c1448, a428730f-9893-43cb-a585-e65a7e8859c8:c1446, 994b73f6-7725-4304-b3a4-4941318c1d6c:c1446]
2019-07-08 19:53:09,705 INFO  client.GrpcClientProtocolClient (GrpcClientProtocolClient.java:onNext(255)) - client-B2F93226DCBB->056ae293-26b5-4d67-bc5d-e905a6760a80: receive RaftClientReply:client-B2F93226DCBB->056ae293-26b5-4d67-bc5d-e905a6760a80@group-50E32BB97A46, cid=1059, SUCCESS, logIndex=1449, commits[056ae293-26b5-4d67-bc5d-e905a6760a80:c1450, a428730f-9893-43cb-a585-e65a7e8859c8:c1448, 994b73f6-7725-4304-b3a4-4941318c1d6c:c1448]
2019-07-08 19:53:09,706 INFO  client.GrpcClientProtocolClient (GrpcClientProtocolClient.java:onNext(255)) - client-B2F93226DCBB->056ae293-26b5-4d67-bc5d-e905a6760a80: receive RaftClientReply:client-B2F93226DCBB->056ae293-26b5-4d67-bc5d-e905a6760a80@group-50E32BB97A46, cid=1060, SUCCESS, logIndex=1450, commits[056ae293-26b5-4d67-bc5d-e905a6760a80:c1450, a428730f-9893-43cb-a585-e65a7e8859c8:c1448, 994b73f6-7725-4304-b3a4-4941318c1d6c:c1448]
2019-07-08 19:53:09,706 INFO  client.GrpcClientProtocolClient (GrpcClientProtocolClient.java:onNext(255)) - client-B2F93226DCBB->056ae293-26b5-4d67-bc5d-e905a6760a80: receive RaftClientReply:client-B2F93226DCBB->056ae293-26b5-4d67-bc5d-e905a6760a80@group-50E32BB97A46, cid=1061, SUCCESS, logIndex=1451, commits[056ae293-26b5-4d67-bc5d-e905a6760a80:c1452, a428730f-9893-43cb-a585-e65a7e8859c8:c1448, 994b73f6-7725-4304-b3a4-4941318c1d6c:c1448]
2019-07-08 19:53:09,706 INFO  client.GrpcClientProtocolClient (GrpcClientProtocolClient.java:onNext(255)) - client-B2F93226DCBB->056ae293-26b5-4d67-bc5d-e905a6760a80: receive RaftClientReply:client-B2F93226DCBB->056ae293-26b5-4d67-bc5d-e905a6760a80@group-50E32BB97A46, cid=1062, SUCCESS, logIndex=1452, commits[056ae293-26b5-4d67-bc5d-e905a6760a80:c1452, a428730f-9893-43cb-a585-e65a7e8859c8:c1448, 994b73f6-7725-4304-b3a4-4941318c1d6c:c1448]
2019-07-08 19:53:09,719 INFO  client.GrpcClientProtocolClient (GrpcClientProtocolClient.java:onNext(255)) - client-B2F93226DCBB->056ae293-26b5-4d67-bc5d-e905a6760a80: receive RaftClientReply:client-B2F93226DCBB->056ae293-26b5-4d67-bc5d-e905a6760a80@group-50E32BB97A46, cid=1063, SUCCESS, logIndex=0, commits[056ae293-26b5-4d67-bc5d-e905a6760a80:c1454, a428730f-9893-43cb-a585-e65a7e8859c8:c1450, 994b73f6-7725-4304-b3a4-4941318c1d6c:c1450]
2019-07-08 19:53:09,738 INFO  client.GrpcClientProtocolClient (GrpcClientProtocolClient.java:onNext(255)) - client-B2F93226DCBB->056ae293-26b5-4d67-bc5d-e905a6760a80: receive RaftClientReply:client-B2F93226DCBB->056ae293-26b5-4d67-bc5d-e905a6760a80@group-50E32BB97A46, cid=1064, SUCCESS, logIndex=1457, commits[056ae293-26b5-4d67-bc5d-e905a6760a80:c1458, a428730f-9893-43cb-a585-e65a7e8859c8:c1456, 994b73f6-7725-4304-b3a4-4941318c1d6c:c1456]
2019-07-08 19:53:09,738 INFO  client.GrpcClientProtocolClient (GrpcClientProtocolClient.java:onNext(255)) - client-B2F93226DCBB->056ae293-26b5-4d67-bc5d-e905a6760a80: receive RaftClientReply:client-B2F93226DCBB->056ae293-26b5-4d67-bc5d-e905a6760a80@group-50E32BB97A46, cid=1065, SUCCESS, logIndex=1458, commits[056ae293-26b5-4d67-bc5d-e905a6760a80:c1458, a428730f-9893-43cb-a585-e65a7e8859c8:c1456, 994b73f6-7725-4304-b3a4-4941318c1d6c:c1456]
2019-07-08 19:53:09,751 INFO  client.GrpcClientProtocolClient (GrpcClientProtocolClient.java:onNext(255)) - client-B2F93226DCBB->056ae293-26b5-4d67-bc5d-e905a6760a80: receive RaftClientReply:client-B2F93226DCBB->056ae293-26b5-4d67-bc5d-e905a6760a80@group-50E32BB97A46, cid=1066, SUCCESS, logIndex=1461, commits[056ae293-26b5-4d67-bc5d-e905a6760a80:c1462, a428730f-9893-43cb-a585-e65a7e8859c8:c1458, 994b73f6-7725-4304-b3a4-4941318c1d6c:c1458]
2019-07-08 19:53:09,752 INFO  client.GrpcClientProtocolClient (GrpcClientProtocolClient.java:onNext(255)) - client-B2F93226DCBB->056ae293-26b5-4d67-bc5d-e905a6760a80: receive RaftClientReply:client-B2F93226DCBB->056ae293-26b5-4d67-bc5d-e905a6760a80@group-50E32BB97A46, cid=1067, SUCCESS, logIndex=1462, commits[056ae293-26b5-4d67-bc5d-e905a6760a80:c1462, a428730f-9893-43cb-a585-e65a7e8859c8:c1458, 994b73f6-7725-4304-b3a4-4941318c1d6c:c1458]
2019-07-08 19:53:09,764 INFO  client.GrpcClientProtocolClient (GrpcClientProtocolClient.java:onNext(255)) - client-B2F93226DCBB->056ae293-26b5-4d67-bc5d-e905a6760a80: receive RaftClientReply:client-B2F93226DCBB->056ae293-26b5-4d67-bc5d-e905a6760a80@group-50E32BB97A46, cid=1068, SUCCESS, logIndex=0, commits[056ae293-26b5-4d67-bc5d-e905a6760a80:c1464, a428730f-9893-43cb-a585-e65a7e8859c8:c1462, 994b73f6-7725-4304-b3a4-4941318c1d6c:c1462]
2019-07-08 19:53:09,893 INFO  client.GrpcClientProtocolClient (GrpcClientProtocolClient.java:onNext(255)) - client-B2F93226DCBB->056ae293-26b5-4d67-bc5d-e905a6760a80: receive RaftClientReply:client-B2F93226DCBB->056ae293-26b5-4d67-bc5d-e905a6760a80@group-50E32BB97A46, cid=1069, SUCCESS, logIndex=1465, commits[056ae293-26b5-4d67-bc5d-e905a6760a80:c1466, a428730f-9893-43cb-a585-e65a7e8859c8:c1464, 994b73f6-7725-4304-b3a4-4941318c1d6c:c1464]
2019-07-08 19:53:09,894 INFO  client.GrpcClientProtocolClient (GrpcClientProtocolClient.java:onNext(255)) - client-B2F93226DCBB->056ae293-26b5-4d67-bc5d-e905a6760a80: receive RaftClientReply:client-B2F93226DCBB->056ae293-26b5-4d67-bc5d-e905a6760a80@group-50E32BB97A46, cid=1070, SUCCESS, logIndex=1466, commits[056ae293-26b5-4d67-bc5d-e905a6760a80:c1466, a428730f-9893-43cb-a585-e65a7e8859c8:c1464, 994b73f6-7725-4304-b3a4-4941318c1d6c:c1464]
2019-07-08 19:53:09,905 INFO  client.GrpcClientProtocolClient (GrpcClientProtocolClient.java:onNext(255)) - client-B2F93226DCBB->056ae293-26b5-4d67-bc5d-e905a6760a80: receive RaftClientReply:client-B2F93226DCBB->056ae293-26b5-4d67-bc5d-e905a6760a80@group-50E32BB97A46, cid=1071, SUCCESS, logIndex=1467, commits[056ae293-26b5-4d67-bc5d-e905a6760a80:c1468, a428730f-9893-43cb-a585-e65a7e8859c8:c1464, 994b73f6-7725-4304-b3a4-4941318c1d6c:c1464]
2019-07-08 19:53:09,905 INFO  client.GrpcClientProtocolClient (GrpcClientProtocolClient.java:onNext(255)) - client-B2F93226DCBB->056ae293-26b5-4d67-bc5d-e905a6760a80: receive RaftClientReply:client-B2F93226DCBB->056ae293-26b5-4d67-bc5d-e905a6760a80@group-50E32BB97A46, cid=1072, SUCCESS, logIndex=1468, commits[056ae293-26b5-4d67-bc5d-e905a6760a80:c1468, a428730f-9893-43cb-a585-e65a7e8859c8:c1464, 994b73f6-7725-4304-b3a4-4941318c1d6c:c1464]
2019-07-08 19:53:09,906 INFO  client.GrpcClientProtocolClient (GrpcClientProtocolClient.java:onNext(255)) - client-B2F93226DCBB->056ae293-26b5-4d67-bc5d-e905a6760a80: receive RaftClientReply:client-B2F93226DCBB->056ae293-26b5-4d67-bc5d-e905a6760a80@group-50E32BB97A46, cid=1073, SUCCESS, logIndex=0, commits[056ae293-26b5-4d67-bc5d-e905a6760a80:c1470, a428730f-9893-43cb-a585-e65a7e8859c8:c1466, 994b73f6-7725-4304-b3a4-4941318c1d6c:c1466]
2019-07-08 19:53:09,926 INFO  client.GrpcClientProtocolClient (GrpcClientProtocolClient.java:onNext(255)) - client-B2F93226DCBB->056ae293-26b5-4d67-bc5d-e905a6760a80: receive RaftClientReply:client-B2F93226DCBB->056ae293-26b5-4d67-bc5d-e905a6760a80@group-50E32BB97A46, cid=1074, SUCCESS, logIndex=1473, commits[056ae293-26b5-4d67-bc5d-e905a6760a80:c1474, a428730f-9893-43cb-a585-e65a7e8859c8:c1472, 994b73f6-7725-4304-b3a4-4941318c1d6c:c1472]
2019-07-08 19:53:09,927 INFO  client.GrpcClientProtocolClient (GrpcClientProtocolClient.java:onNext(255)) - client-B2F93226DCBB->056ae293-26b5-4d67-bc5d-e905a6760a80: receive RaftClientReply:client-B2F93226DCBB->056ae293-26b5-4d67-bc5d-e905a6760a80@group-50E32BB97A46, cid=1075, SUCCESS, logIndex=1474, commits[056ae293-26b5-4d67-bc5d-e905a6760a80:c1474, a428730f-9893-43cb-a585-e65a7e8859c8:c1472, 994b73f6-7725-4304-b3a4-4941318c1d6c:c1472]
2019-07-08 19:53:09,941 INFO  client.GrpcClientProtocolClient (GrpcClientProtocolClient.java:onNext(255)) - client-B2F93226DCBB->056ae293-26b5-4d67-bc5d-e905a6760a80: receive RaftClientReply:client-B2F93226DCBB->056ae293-26b5-4d67-bc5d-e905a6760a80@group-50E32BB97A46, cid=1076, SUCCESS, logIndex=1477, commits[056ae293-26b5-4d67-bc5d-e905a6760a80:c1478, a428730f-9893-43cb-a585-e65a7e8859c8:c1474, 994b73f6-7725-4304-b3a4-4941318c1d6c:c1474]
2019-07-08 19:53:09,942 INFO  client.GrpcClientProtocolClient (GrpcClientProtocolClient.java:onNext(255)) - client-B2F93226DCBB->056ae293-26b5-4d67-bc5d-e905a6760a80: receive RaftClientReply:client-B2F93226DCBB->056ae293-26b5-4d67-bc5d-e905a6760a80@group-50E32BB97A46, cid=1077, SUCCESS, logIndex=1478, commits[056ae293-26b5-4d67-bc5d-e905a6760a80:c1478, a428730f-9893-43cb-a585-e65a7e8859c8:c1474, 994b73f6-7725-4304-b3a4-4941318c1d6c:c1474]
2019-07-08 19:53:09,953 INFO  client.GrpcClientProtocolClient (GrpcClientProtocolClient.java:onNext(255)) - client-B2F93226DCBB->056ae293-26b5-4d67-bc5d-e905a6760a80: receive RaftClientReply:client-B2F93226DCBB->056ae293-26b5-4d67-bc5d-e905a6760a80@group-50E32BB97A46, cid=1078, SUCCESS, logIndex=0, commits[056ae293-26b5-4d67-bc5d-e905a6760a80:c1479, a428730f-9893-43cb-a585-e65a7e8859c8:c1478, 994b73f6-7725-4304-b3a4-4941318c1d6c:c1478]
2019-07-08 19:53:09,973 INFO  client.GrpcClientProtocolClient (GrpcClientProtocolClient.java:onNext(255)) - client-B2F93226DCBB->056ae293-26b5-4d67-bc5d-e905a6760a80: receive RaftClientReply:client-B2F93226DCBB->056ae293-26b5-4d67-bc5d-e905a6760a80@group-50E32BB97A46, cid=1079, SUCCESS, logIndex=1481, commits[056ae293-26b5-4d67-bc5d-e905a6760a80:c1482, a428730f-9893-43cb-a585-e65a7e8859c8:c1480, 994b73f6-7725-4304-b3a4-4941318c1d6c:c1480]
 0.00% |█                                                                                                    |  0/1 Time: 0:00:062019-07-08 19:53:09,974 INFO  client.GrpcClientProtocolClient (GrpcClientProtocolClient.java:onNext(255)) - client-B2F93226DCBB->056ae293-26b5-4d67-bc5d-e905a6760a80: receive RaftClientReply:client-B2F93226DCBB->056ae293-26b5-4d67-bc5d-e905a6760a80@group-50E32BB97A46, cid=1080, SUCCESS, logIndex=1482, commits[056ae293-26b5-4d67-bc5d-e905a6760a80:c1482, a428730f-9893-43cb-a585-e65a7e8859c8:c1480, 994b73f6-7725-4304-b3a4-4941318c1d6c:c1480]
2019-07-08 19:53:09,974 INFO  client.GrpcClientProtocolClient (GrpcClientProtocolClient.java:onNext(255)) - client-B2F93226DCBB->056ae293-26b5-4d67-bc5d-e905a6760a80: receive RaftClientReply:client-B2F93226DCBB->056ae293-26b5-4d67-bc5d-e905a6760a80@group-50E32BB97A46, cid=1081, SUCCESS, logIndex=1483, commits[056ae293-26b5-4d67-bc5d-e905a6760a80:c1484, a428730f-9893-43cb-a585-e65a7e8859c8:c1480, 994b73f6-7725-4304-b3a4-4941318c1d6c:c1480]
2019-07-08 19:53:09,974 INFO  client.GrpcClientProtocolClient (GrpcClientProtocolClient.java:onNext(255)) - client-B2F93226DCBB->056ae293-26b5-4d67-bc5d-e905a6760a80: receive RaftClientReply:client-B2F93226DCBB->056ae293-26b5-4d67-bc5d-e905a6760a80@group-50E32BB97A46, cid=1082, SUCCESS, logIndex=1484, commits[056ae293-26b5-4d67-bc5d-e905a6760a80:c1484, a428730f-9893-43cb-a585-e65a7e8859c8:c1480, 994b73f6-7725-4304-b3a4-4941318c1d6c:c1480]
2019-07-08 19:53:09,976 INFO  client.GrpcClientProtocolClient (GrpcClientProtocolClient.java:onNext(255)) - client-B2F93226DCBB->056ae293-26b5-4d67-bc5d-e905a6760a80: receive RaftClientReply:client-B2F93226DCBB->056ae293-26b5-4d67-bc5d-e905a6760a80@group-50E32BB97A46, cid=1083, SUCCESS, logIndex=0, commits[056ae293-26b5-4d67-bc5d-e905a6760a80:c1486, a428730f-9893-43cb-a585-e65a7e8859c8:c1482, 994b73f6-7725-4304-b3a4-4941318c1d6c:c1482]
2019-07-08 19:53:09,995 INFO  client.GrpcClientProtocolClient (GrpcClientProtocolClient.java:onNext(255)) - client-B2F93226DCBB->056ae293-26b5-4d67-bc5d-e905a6760a80: receive RaftClientReply:client-B2F93226DCBB->056ae293-26b5-4d67-bc5d-e905a6760a80@group-50E32BB97A46, cid=1084, SUCCESS, logIndex=1489, commits[056ae293-26b5-4d67-bc5d-e905a6760a80:c1490, a428730f-9893-43cb-a585-e65a7e8859c8:c1488, 994b73f6-7725-4304-b3a4-4941318c1d6c:c1488]
2019-07-08 19:53:09,995 INFO  client.GrpcClientProtocolClient (GrpcClientProtocolClient.java:onNext(255)) - client-B2F93226DCBB->056ae293-26b5-4d67-bc5d-e905a6760a80: receive RaftClientReply:client-B2F93226DCBB->056ae293-26b5-4d67-bc5d-e905a6760a80@group-50E32BB97A46, cid=1085, SUCCESS, logIndex=1490, commits[056ae293-26b5-4d67-bc5d-e905a6760a80:c1490, a428730f-9893-43cb-a585-e65a7e8859c8:c1488, 994b73f6-7725-4304-b3a4-4941318c1d6c:c1488]
2019-07-08 19:53:10,010 INFO  client.GrpcClientProtocolClient (GrpcClientProtocolClient.java:onNext(255)) - client-B2F93226DCBB->056ae293-26b5-4d67-bc5d-e905a6760a80: receive RaftClientReply:client-B2F93226DCBB->056ae293-26b5-4d67-bc5d-e905a6760a80@group-50E32BB97A46, cid=1086, SUCCESS, logIndex=1493, commits[056ae293-26b5-4d67-bc5d-e905a6760a80:c1493, a428730f-9893-43cb-a585-e65a7e8859c8:c1490, 994b73f6-7725-4304-b3a4-4941318c1d6c:c1490]
2019-07-08 19:53:10,011 INFO  client.GrpcClientProtocolClient (GrpcClientProtocolClient.java:onNext(255)) - client-B2F93226DCBB->056ae293-26b5-4d67-bc5d-e905a6760a80: receive RaftClientReply:client-B2F93226DCBB->056ae293-26b5-4d67-bc5d-e905a6760a80@group-50E32BB97A46, cid=1087, SUCCESS, logIndex=1494, commits[056ae293-26b5-4d67-bc5d-e905a6760a80:c1494, a428730f-9893-43cb-a585-e65a7e8859c8:c1490, 994b73f6-7725-4304-b3a4-4941318c1d6c:c1490]
2019-07-08 19:53:10,025 INFO  client.GrpcClientProtocolClient (GrpcClientProtocolClient.java:onNext(255)) - client-B2F93226DCBB->056ae293-26b5-4d67-bc5d-e905a6760a80: receive RaftClientReply:client-B2F93226DCBB->056ae293-26b5-4d67-bc5d-e905a6760a80@group-50E32BB97A46, cid=1088, SUCCESS, logIndex=0, commits[056ae293-26b5-4d67-bc5d-e905a6760a80:c1495, a428730f-9893-43cb-a585-e65a7e8859c8:c1494, 994b73f6-7725-4304-b3a4-4941318c1d6c:c1494]
2019-07-08 19:53:10,045 INFO  client.GrpcClientProtocolClient (GrpcClientProtocolClient.java:onNext(255)) - client-B2F93226DCBB->056ae293-26b5-4d67-bc5d-e905a6760a80: receive RaftClientReply:client-B2F93226DCBB->056ae293-26b5-4d67-bc5d-e905a6760a80@group-50E32BB97A46, cid=1089, SUCCESS, logIndex=1497, commits[056ae293-26b5-4d67-bc5d-e905a6760a80:c1498, a428730f-9893-43cb-a585-e65a7e8859c8:c1496, 994b73f6-7725-4304-b3a4-4941318c1d6c:c1496]
2019-07-08 19:53:10,045 INFO  client.GrpcClientProtocolClient (GrpcClientProtocolClient.java:onNext(255)) - client-B2F93226DCBB->056ae293-26b5-4d67-bc5d-e905a6760a80: receive RaftClientReply:client-B2F93226DCBB->056ae293-26b5-4d67-bc5d-e905a6760a80@group-50E32BB97A46, cid=1090, SUCCESS, logIndex=1498, commits[056ae293-26b5-4d67-bc5d-e905a6760a80:c1498, a428730f-9893-43cb-a585-e65a7e8859c8:c1496, 994b73f6-7725-4304-b3a4-4941318c1d6c:c1496]
2019-07-08 19:53:10,046 INFO  client.GrpcClientProtocolClient (GrpcClientProtocolClient.java:onNext(255)) - client-B2F93226DCBB->056ae293-26b5-4d67-bc5d-e905a6760a80: receive RaftClientReply:client-B2F93226DCBB->056ae293-26b5-4d67-bc5d-e905a6760a80@group-50E32BB97A46, cid=1091, SUCCESS, logIndex=1499, commits[056ae293-26b5-4d67-bc5d-e905a6760a80:c1500, a428730f-9893-43cb-a585-e65a7e8859c8:c1496, 994b73f6-7725-4304-b3a4-4941318c1d6c:c1496]
2019-07-08 19:53:10,046 INFO  client.GrpcClientProtocolClient (GrpcClientProtocolClient.java:onNext(255)) - client-B2F93226DCBB->056ae293-26b5-4d67-bc5d-e905a6760a80: receive RaftClientReply:client-B2F93226DCBB->056ae293-26b5-4d67-bc5d-e905a6760a80@group-50E32BB97A46, cid=1092, SUCCESS, logIndex=1500, commits[056ae293-26b5-4d67-bc5d-e905a6760a80:c1500, a428730f-9893-43cb-a585-e65a7e8859c8:c1496, 994b73f6-7725-4304-b3a4-4941318c1d6c:c1496]
2019-07-08 19:53:10,113 INFO  client.GrpcClientProtocolClient (GrpcClientProtocolClient.java:onNext(255)) - client-B2F93226DCBB->056ae293-26b5-4d67-bc5d-e905a6760a80: receive RaftClientReply:client-B2F93226DCBB->056ae293-26b5-4d67-bc5d-e905a6760a80@group-50E32BB97A46, cid=1093, SUCCESS, logIndex=0, commits[056ae293-26b5-4d67-bc5d-e905a6760a80:c1502, a428730f-9893-43cb-a585-e65a7e8859c8:c1498, 994b73f6-7725-4304-b3a4-4941318c1d6c:c1498]
2019-07-08 19:53:10,141 INFO  client.GrpcClientProtocolClient (GrpcClientProtocolClient.java:onNext(255)) - client-B2F93226DCBB->056ae293-26b5-4d67-bc5d-e905a6760a80: receive RaftClientReply:client-B2F93226DCBB->056ae293-26b5-4d67-bc5d-e905a6760a80@group-50E32BB97A46, cid=1094, SUCCESS, logIndex=1505, commits[056ae293-26b5-4d67-bc5d-e905a6760a80:c1506, a428730f-9893-43cb-a585-e65a7e8859c8:c1504, 994b73f6-7725-4304-b3a4-4941318c1d6c:c1500]
2019-07-08 19:53:10,141 INFO  client.GrpcClientProtocolClient (GrpcClientProtocolClient.java:onNext(255)) - client-B2F93226DCBB->056ae293-26b5-4d67-bc5d-e905a6760a80: receive RaftClientReply:client-B2F93226DCBB->056ae293-26b5-4d67-bc5d-e905a6760a80@group-50E32BB97A46, cid=1095, SUCCESS, logIndex=1506, commits[056ae293-26b5-4d67-bc5d-e905a6760a80:c1506, a428730f-9893-43cb-a585-e65a7e8859c8:c1504, 994b73f6-7725-4304-b3a4-4941318c1d6c:c1504]
2019-07-08 19:53:10,167 INFO  client.GrpcClientProtocolClient (GrpcClientProtocolClient.java:onNext(255)) - client-B2F93226DCBB->056ae293-26b5-4d67-bc5d-e905a6760a80: receive RaftClientReply:client-B2F93226DCBB->056ae293-26b5-4d67-bc5d-e905a6760a80@group-50E32BB97A46, cid=1096, SUCCESS, logIndex=1509, commits[056ae293-26b5-4d67-bc5d-e905a6760a80:c1510, a428730f-9893-43cb-a585-e65a7e8859c8:c1508, 994b73f6-7725-4304-b3a4-4941318c1d6c:c1508]
2019-07-08 19:53:10,167 INFO  client.GrpcClientProtocolClient (GrpcClientProtocolClient.java:onNext(255)) - client-B2F93226DCBB->056ae293-26b5-4d67-bc5d-e905a6760a80: receive RaftClientReply:client-B2F93226DCBB->056ae293-26b5-4d67-bc5d-e905a6760a80@group-50E32BB97A46, cid=1097, SUCCESS, logIndex=1510, commits[056ae293-26b5-4d67-bc5d-e905a6760a80:c1510, a428730f-9893-43cb-a585-e65a7e8859c8:c1508, 994b73f6-7725-4304-b3a4-4941318c1d6c:c1508]
2019-07-08 19:53:10,182 INFO  client.GrpcClientProtocolClient (GrpcClientProtocolClient.java:onNext(255)) - client-B2F93226DCBB->056ae293-26b5-4d67-bc5d-e905a6760a80: receive RaftClientReply:client-B2F93226DCBB->056ae293-26b5-4d67-bc5d-e905a6760a80@group-50E32BB97A46, cid=1098, SUCCESS, logIndex=0, commits[056ae293-26b5-4d67-bc5d-e905a6760a80:c1512, a428730f-9893-43cb-a585-e65a7e8859c8:c1510, 994b73f6-7725-4304-b3a4-4941318c1d6c:c1510]
2019-07-08 19:53:10,203 INFO  client.GrpcClientProtocolClient (GrpcClientProtocolClient.java:onNext(255)) - client-B2F93226DCBB->056ae293-26b5-4d67-bc5d-e905a6760a80: receive RaftClientReply:client-B2F93226DCBB->056ae293-26b5-4d67-bc5d-e905a6760a80@group-50E32BB97A46, cid=1099, SUCCESS, logIndex=1513, commits[056ae293-26b5-4d67-bc5d-e905a6760a80:c1514, a428730f-9893-43cb-a585-e65a7e8859c8:c1512, 994b73f6-7725-4304-b3a4-4941318c1d6c:c1512]
2019-07-08 19:53:10,204 INFO  client.GrpcClientProtocolClient (GrpcClientProtocolClient.java:onNext(255)) - client-B2F93226DCBB->056ae293-26b5-4d67-bc5d-e905a6760a80: receive RaftClientReply:client-B2F93226DCBB->056ae293-26b5-4d67-bc5d-e905a6760a80@group-50E32BB97A46, cid=1100, SUCCESS, logIndex=1514, commits[056ae293-26b5-4d67-bc5d-e905a6760a80:c1514, a428730f-9893-43cb-a585-e65a7e8859c8:c1512, 994b73f6-7725-4304-b3a4-4941318c1d6c:c1512]
2019-07-08 19:53:10,204 INFO  client.GrpcClientProtocolClient (GrpcClientProtocolClient.java:onNext(255)) - client-B2F93226DCBB->056ae293-26b5-4d67-bc5d-e905a6760a80: receive RaftClientReply:client-B2F93226DCBB->056ae293-26b5-4d67-bc5d-e905a6760a80@group-50E32BB97A46, cid=1101, SUCCESS, logIndex=1515, commits[056ae293-26b5-4d67-bc5d-e905a6760a80:c1516, a428730f-9893-43cb-a585-e65a7e8859c8:c1512, 994b73f6-7725-4304-b3a4-4941318c1d6c:c1512]
2019-07-08 19:53:10,205 INFO  client.GrpcClientProtocolClient (GrpcClientProtocolClient.java:onNext(255)) - client-B2F93226DCBB->056ae293-26b5-4d67-bc5d-e905a6760a80: receive RaftClientReply:client-B2F93226DCBB->056ae293-26b5-4d67-bc5d-e905a6760a80@group-50E32BB97A46, cid=1102, SUCCESS, logIndex=1516, commits[056ae293-26b5-4d67-bc5d-e905a6760a80:c1516, a428730f-9893-43cb-a585-e65a7e8859c8:c1512, 994b73f6-7725-4304-b3a4-4941318c1d6c:c1512]
2019-07-08 19:53:10,206 INFO  client.GrpcClientProtocolClient (GrpcClientProtocolClient.java:onNext(255)) - client-B2F93226DCBB->056ae293-26b5-4d67-bc5d-e905a6760a80: receive RaftClientReply:client-B2F93226DCBB->056ae293-26b5-4d67-bc5d-e905a6760a80@group-50E32BB97A46, cid=1103, SUCCESS, logIndex=0, commits[056ae293-26b5-4d67-bc5d-e905a6760a80:c1519, a428730f-9893-43cb-a585-e65a7e8859c8:c1514, 994b73f6-7725-4304-b3a4-4941318c1d6c:c1516]
2019-07-08 19:53:10,228 INFO  client.GrpcClientProtocolClient (GrpcClientProtocolClient.java:onNext(255)) - client-B2F93226DCBB->056ae293-26b5-4d67-bc5d-e905a6760a80: receive RaftClientReply:client-B2F93226DCBB->056ae293-26b5-4d67-bc5d-e905a6760a80@group-50E32BB97A46, cid=1104, SUCCESS, logIndex=1520, commits[056ae293-26b5-4d67-bc5d-e905a6760a80:c1521, a428730f-9893-43cb-a585-e65a7e8859c8:c1519, 994b73f6-7725-4304-b3a4-4941318c1d6c:c1519]
2019-07-08 19:53:10,228 INFO  client.GrpcClientProtocolClient (GrpcClientProtocolClient.java:onNext(255)) - client-B2F93226DCBB->056ae293-26b5-4d67-bc5d-e905a6760a80: receive RaftClientReply:client-B2F93226DCBB->056ae293-26b5-4d67-bc5d-e905a6760a80@group-50E32BB97A46, cid=1105, SUCCESS, logIndex=1521, commits[056ae293-26b5-4d67-bc5d-e905a6760a80:c1521, a428730f-9893-43cb-a585-e65a7e8859c8:c1519, 994b73f6-7725-4304-b3a4-4941318c1d6c:c1519]
2019-07-08 19:53:10,241 INFO  client.GrpcClientProtocolClient (GrpcClientProtocolClient.java:onNext(255)) - client-B2F93226DCBB->056ae293-26b5-4d67-bc5d-e905a6760a80: receive RaftClientReply:client-B2F93226DCBB->056ae293-26b5-4d67-bc5d-e905a6760a80@group-50E32BB97A46, cid=1106, SUCCESS, logIndex=1524, commits[056ae293-26b5-4d67-bc5d-e905a6760a80:c1525, a428730f-9893-43cb-a585-e65a7e8859c8:c1521, 994b73f6-7725-4304-b3a4-4941318c1d6c:c1521]
2019-07-08 19:53:10,242 INFO  client.GrpcClientProtocolClient (GrpcClientProtocolClient.java:onNext(255)) - client-B2F93226DCBB->056ae293-26b5-4d67-bc5d-e905a6760a80: receive RaftClientReply:client-B2F93226DCBB->056ae293-26b5-4d67-bc5d-e905a6760a80@group-50E32BB97A46, cid=1107, SUCCESS, logIndex=1525, commits[056ae293-26b5-4d67-bc5d-e905a6760a80:c1525, a428730f-9893-43cb-a585-e65a7e8859c8:c1521, 994b73f6-7725-4304-b3a4-4941318c1d6c:c1521]
2019-07-08 19:53:10,256 INFO  client.GrpcClientProtocolClient (GrpcClientProtocolClient.java:onNext(255)) - client-B2F93226DCBB->056ae293-26b5-4d67-bc5d-e905a6760a80: receive RaftClientReply:client-B2F93226DCBB->056ae293-26b5-4d67-bc5d-e905a6760a80@group-50E32BB97A46, cid=1108, SUCCESS, logIndex=0, commits[056ae293-26b5-4d67-bc5d-e905a6760a80:c1527, a428730f-9893-43cb-a585-e65a7e8859c8:c1525, 994b73f6-7725-4304-b3a4-4941318c1d6c:c1525]
2019-07-08 19:53:10,279 INFO  client.GrpcClientProtocolClient (GrpcClientProtocolClient.java:onNext(255)) - client-B2F93226DCBB->056ae293-26b5-4d67-bc5d-e905a6760a80: receive RaftClientReply:client-B2F93226DCBB->056ae293-26b5-4d67-bc5d-e905a6760a80@group-50E32BB97A46, cid=1109, SUCCESS, logIndex=1528, commits[056ae293-26b5-4d67-bc5d-e905a6760a80:c1529, a428730f-9893-43cb-a585-e65a7e8859c8:c1527, 994b73f6-7725-4304-b3a4-4941318c1d6c:c1527]
2019-07-08 19:53:10,280 INFO  client.GrpcClientProtocolClient (GrpcClientProtocolClient.java:onNext(255)) - client-B2F93226DCBB->056ae293-26b5-4d67-bc5d-e905a6760a80: receive RaftClientReply:client-B2F93226DCBB->056ae293-26b5-4d67-bc5d-e905a6760a80@group-50E32BB97A46, cid=1110, SUCCESS, logIndex=1529, commits[056ae293-26b5-4d67-bc5d-e905a6760a80:c1530, a428730f-9893-43cb-a585-e65a7e8859c8:c1527, 994b73f6-7725-4304-b3a4-4941318c1d6c:c1527]
2019-07-08 19:53:10,280 INFO  client.GrpcClientProtocolClient (GrpcClientProtocolClient.java:onNext(255)) - client-B2F93226DCBB->056ae293-26b5-4d67-bc5d-e905a6760a80: receive RaftClientReply:client-B2F93226DCBB->056ae293-26b5-4d67-bc5d-e905a6760a80@group-50E32BB97A46, cid=1111, SUCCESS, logIndex=1530, commits[056ae293-26b5-4d67-bc5d-e905a6760a80:c1531, a428730f-9893-43cb-a585-e65a7e8859c8:c1527, 994b73f6-7725-4304-b3a4-4941318c1d6c:c1527]
2019-07-08 19:53:10,280 INFO  client.GrpcClientProtocolClient (GrpcClientProtocolClient.java:onNext(255)) - client-B2F93226DCBB->056ae293-26b5-4d67-bc5d-e905a6760a80: receive RaftClientReply:client-B2F93226DCBB->056ae293-26b5-4d67-bc5d-e905a6760a80@group-50E32BB97A46, cid=1112, SUCCESS, logIndex=1531, commits[056ae293-26b5-4d67-bc5d-e905a6760a80:c1531, a428730f-9893-43cb-a585-e65a7e8859c8:c1527, 994b73f6-7725-4304-b3a4-4941318c1d6c:c1527]
2019-07-08 19:53:10,282 INFO  client.GrpcClientProtocolClient (GrpcClientProtocolClient.java:onNext(255)) - client-B2F93226DCBB->056ae293-26b5-4d67-bc5d-e905a6760a80: receive RaftClientReply:client-B2F93226DCBB->056ae293-26b5-4d67-bc5d-e905a6760a80@group-50E32BB97A46, cid=1113, SUCCESS, logIndex=0, commits[056ae293-26b5-4d67-bc5d-e905a6760a80:c1532, a428730f-9893-43cb-a585-e65a7e8859c8:c1529, 994b73f6-7725-4304-b3a4-4941318c1d6c:c1529]
2019-07-08 19:53:10,296 INFO  client.GrpcClientProtocolClient (GrpcClientProtocolClient.java:onNext(255)) - client-B2F93226DCBB->056ae293-26b5-4d67-bc5d-e905a6760a80: receive RaftClientReply:client-B2F93226DCBB->056ae293-26b5-4d67-bc5d-e905a6760a80@group-50E32BB97A46, cid=1114, SUCCESS, logIndex=1536, commits[056ae293-26b5-4d67-bc5d-e905a6760a80:c1537, a428730f-9893-43cb-a585-e65a7e8859c8:c1531, 994b73f6-7725-4304-b3a4-4941318c1d6c:c1532]
2019-07-08 19:53:10,296 INFO  client.GrpcClientProtocolClient (GrpcClientProtocolClient.java:onNext(255)) - client-B2F93226DCBB->056ae293-26b5-4d67-bc5d-e905a6760a80: receive RaftClientReply:client-B2F93226DCBB->056ae293-26b5-4d67-bc5d-e905a6760a80@group-50E32BB97A46, cid=1115, SUCCESS, logIndex=1537, commits[056ae293-26b5-4d67-bc5d-e905a6760a80:c1537, a428730f-9893-43cb-a585-e65a7e8859c8:c1532, 994b73f6-7725-4304-b3a4-4941318c1d6c:c1532]
2019-07-08 19:53:10,311 INFO  client.GrpcClientProtocolClient (GrpcClientProtocolClient.java:onNext(255)) - client-B2F93226DCBB->056ae293-26b5-4d67-bc5d-e905a6760a80: receive RaftClientReply:client-B2F93226DCBB->056ae293-26b5-4d67-bc5d-e905a6760a80@group-50E32BB97A46, cid=1116, SUCCESS, logIndex=1539, commits[056ae293-26b5-4d67-bc5d-e905a6760a80:c1540, a428730f-9893-43cb-a585-e65a7e8859c8:c1537, 994b73f6-7725-4304-b3a4-4941318c1d6c:c1537]
2019-07-08 19:53:10,312 INFO  client.GrpcClientProtocolClient (GrpcClientProtocolClient.java:onNext(255)) - client-B2F93226DCBB->056ae293-26b5-4d67-bc5d-e905a6760a80: receive RaftClientReply:client-B2F93226DCBB->056ae293-26b5-4d67-bc5d-e905a6760a80@group-50E32BB97A46, cid=1117, SUCCESS, logIndex=1540, commits[056ae293-26b5-4d67-bc5d-e905a6760a80:c1540, a428730f-9893-43cb-a585-e65a7e8859c8:c1537, 994b73f6-7725-4304-b3a4-4941318c1d6c:c1537]
2019-07-08 19:53:10,316 INFO  client.GrpcClientProtocolClient (GrpcClientProtocolClient.java:onNext(255)) - client-B2F93226DCBB->056ae293-26b5-4d67-bc5d-e905a6760a80: receive RaftClientReply:client-B2F93226DCBB->056ae293-26b5-4d67-bc5d-e905a6760a80@group-50E32BB97A46, cid=1118, SUCCESS, logIndex=0, commits[056ae293-26b5-4d67-bc5d-e905a6760a80:c1542, a428730f-9893-43cb-a585-e65a7e8859c8:c1540, 994b73f6-7725-4304-b3a4-4941318c1d6c:c1540]
2019-07-08 19:53:10,329 INFO  client.GrpcClientProtocolClient (GrpcClientProtocolClient.java:onNext(255)) - client-B2F93226DCBB->056ae293-26b5-4d67-bc5d-e905a6760a80: receive RaftClientReply:client-B2F93226DCBB->056ae293-26b5-4d67-bc5d-e905a6760a80@group-50E32BB97A46, cid=1119, SUCCESS, logIndex=1543, commits[056ae293-26b5-4d67-bc5d-e905a6760a80:c1544, a428730f-9893-43cb-a585-e65a7e8859c8:c1542, 994b73f6-7725-4304-b3a4-4941318c1d6c:c1542]
2019-07-08 19:53:10,329 INFO  client.GrpcClientProtocolClient (GrpcClientProtocolClient.java:onNext(255)) - client-B2F93226DCBB->056ae293-26b5-4d67-bc5d-e905a6760a80: receive RaftClientReply:client-B2F93226DCBB->056ae293-26b5-4d67-bc5d-e905a6760a80@group-50E32BB97A46, cid=1120, SUCCESS, logIndex=1544, commits[056ae293-26b5-4d67-bc5d-e905a6760a80:c1544, a428730f-9893-43cb-a585-e65a7e8859c8:c1542, 994b73f6-7725-4304-b3a4-4941318c1d6c:c1542]
2019-07-08 19:53:10,332 INFO  client.GrpcClientProtocolClient (GrpcClientProtocolClient.java:onNext(255)) - client-B2F93226DCBB->056ae293-26b5-4d67-bc5d-e905a6760a80: receive RaftClientReply:client-B2F93226DCBB->056ae293-26b5-4d67-bc5d-e905a6760a80@group-50E32BB97A46, cid=1121, SUCCESS, logIndex=1545, commits[056ae293-26b5-4d67-bc5d-e905a6760a80:c1547, a428730f-9893-43cb-a585-e65a7e8859c8:c1542, 994b73f6-7725-4304-b3a4-4941318c1d6c:c1544]
2019-07-08 19:53:10,332 INFO  client.GrpcClientProtocolClient (GrpcClientProtocolClient.java:onNext(255)) - client-B2F93226DCBB->056ae293-26b5-4d67-bc5d-e905a6760a80: receive RaftClientReply:client-B2F93226DCBB->056ae293-26b5-4d67-bc5d-e905a6760a80@group-50E32BB97A46, cid=1122, SUCCESS, logIndex=1546, commits[056ae293-26b5-4d67-bc5d-e905a6760a80:c1548, a428730f-9893-43cb-a585-e65a7e8859c8:c1542, 994b73f6-7725-4304-b3a4-4941318c1d6c:c1544]
2019-07-08 19:53:10,333 INFO  client.GrpcClientProtocolClient (GrpcClientProtocolClient.java:onNext(255)) - client-B2F93226DCBB->056ae293-26b5-4d67-bc5d-e905a6760a80: receive RaftClientReply:client-B2F93226DCBB->056ae293-26b5-4d67-bc5d-e905a6760a80@group-50E32BB97A46, cid=1123, SUCCESS, logIndex=0, commits[056ae293-26b5-4d67-bc5d-e905a6760a80:c1549, a428730f-9893-43cb-a585-e65a7e8859c8:c1544, 994b73f6-7725-4304-b3a4-4941318c1d6c:c1545]
2019-07-08 19:53:10,344 INFO  client.GrpcClientProtocolClient (GrpcClientProtocolClient.java:onNext(255)) - client-B2F93226DCBB->056ae293-26b5-4d67-bc5d-e905a6760a80: receive RaftClientReply:client-B2F93226DCBB->056ae293-26b5-4d67-bc5d-e905a6760a80@group-50E32BB97A46, cid=1124, SUCCESS, logIndex=1551, commits[056ae293-26b5-4d67-bc5d-e905a6760a80:c1552, a428730f-9893-43cb-a585-e65a7e8859c8:c1546, 994b73f6-7725-4304-b3a4-4941318c1d6c:c1550]
2019-07-08 19:53:10,344 INFO  client.GrpcClientProtocolClient (GrpcClientProtocolClient.java:onNext(255)) - client-B2F93226DCBB->056ae293-26b5-4d67-bc5d-e905a6760a80: receive RaftClientReply:client-B2F93226DCBB->056ae293-26b5-4d67-bc5d-e905a6760a80@group-50E32BB97A46, cid=1125, SUCCESS, logIndex=1552, commits[056ae293-26b5-4d67-bc5d-e905a6760a80:c1552, a428730f-9893-43cb-a585-e65a7e8859c8:c1550, 994b73f6-7725-4304-b3a4-4941318c1d6c:c1550]
2019-07-08 19:53:10,355 INFO  client.GrpcClientProtocolClient (GrpcClientProtocolClient.java:onNext(255)) - client-B2F93226DCBB->056ae293-26b5-4d67-bc5d-e905a6760a80: receive RaftClientReply:client-B2F93226DCBB->056ae293-26b5-4d67-bc5d-e905a6760a80@group-50E32BB97A46, cid=1126, SUCCESS, logIndex=1554, commits[056ae293-26b5-4d67-bc5d-e905a6760a80:c1555, a428730f-9893-43cb-a585-e65a7e8859c8:c1553, 994b73f6-7725-4304-b3a4-4941318c1d6c:c1553]
2019-07-08 19:53:10,356 INFO  client.GrpcClientProtocolClient (GrpcClientProtocolClient.java:onNext(255)) - client-B2F93226DCBB->056ae293-26b5-4d67-bc5d-e905a6760a80: receive RaftClientReply:client-B2F93226DCBB->056ae293-26b5-4d67-bc5d-e905a6760a80@group-50E32BB97A46, cid=1127, SUCCESS, logIndex=1555, commits[056ae293-26b5-4d67-bc5d-e905a6760a80:c1555, a428730f-9893-43cb-a585-e65a7e8859c8:c1553, 994b73f6-7725-4304-b3a4-4941318c1d6c:c1553]
2019-07-08 19:53:10,358 INFO  client.GrpcClientProtocolClient (GrpcClientProtocolClient.java:onNext(255)) - client-B2F93226DCBB->056ae293-26b5-4d67-bc5d-e905a6760a80: receive RaftClientReply:client-B2F93226DCBB->056ae293-26b5-4d67-bc5d-e905a6760a80@group-50E32BB97A46, cid=1128, SUCCESS, logIndex=0, commits[056ae293-26b5-4d67-bc5d-e905a6760a80:c1556, a428730f-9893-43cb-a585-e65a7e8859c8:c1555, 994b73f6-7725-4304-b3a4-4941318c1d6c:c1555]
2019-07-08 19:53:10,388 INFO  client.GrpcClientProtocolClient (GrpcClientProtocolClient.java:onNext(255)) - client-B2F93226DCBB->056ae293-26b5-4d67-bc5d-e905a6760a80: receive RaftClientReply:client-B2F93226DCBB->056ae293-26b5-4d67-bc5d-e905a6760a80@group-50E32BB97A46, cid=1129, SUCCESS, logIndex=1558, commits[056ae293-26b5-4d67-bc5d-e905a6760a80:c1559, a428730f-9893-43cb-a585-e65a7e8859c8:c1557, 994b73f6-7725-4304-b3a4-4941318c1d6c:c1557]
2019-07-08 19:53:10,388 INFO  client.GrpcClientProtocolClient (GrpcClientProtocolClient.java:onNext(255)) - client-B2F93226DCBB->056ae293-26b5-4d67-bc5d-e905a6760a80: receive RaftClientReply:client-B2F93226DCBB->056ae293-26b5-4d67-bc5d-e905a6760a80@group-50E32BB97A46, cid=1130, SUCCESS, logIndex=1559, commits[056ae293-26b5-4d67-bc5d-e905a6760a80:c1560, a428730f-9893-43cb-a585-e65a7e8859c8:c1557, 994b73f6-7725-4304-b3a4-4941318c1d6c:c1557]
2019-07-08 19:53:10,389 INFO  client.GrpcClientProtocolClient (GrpcClientProtocolClient.java:onNext(255)) - client-B2F93226DCBB->056ae293-26b5-4d67-bc5d-e905a6760a80: receive RaftClientReply:client-B2F93226DCBB->056ae293-26b5-4d67-bc5d-e905a6760a80@group-50E32BB97A46, cid=1131, SUCCESS, logIndex=1560, commits[056ae293-26b5-4d67-bc5d-e905a6760a80:c1561, a428730f-9893-43cb-a585-e65a7e8859c8:c1557, 994b73f6-7725-4304-b3a4-4941318c1d6c:c1557]
2019-07-08 19:53:10,389 INFO  client.GrpcClientProtocolClient (GrpcClientProtocolClient.java:onNext(255)) - client-B2F93226DCBB->056ae293-26b5-4d67-bc5d-e905a6760a80: receive RaftClientReply:client-B2F93226DCBB->056ae293-26b5-4d67-bc5d-e905a6760a80@group-50E32BB97A46, cid=1132, SUCCESS, logIndex=1561, commits[056ae293-26b5-4d67-bc5d-e905a6760a80:c1561, a428730f-9893-43cb-a585-e65a7e8859c8:c1557, 994b73f6-7725-4304-b3a4-4941318c1d6c:c1557]
2019-07-08 19:53:10,403 INFO  client.GrpcClientProtocolClient (GrpcClientProtocolClient.java:onNext(255)) - client-B2F93226DCBB->056ae293-26b5-4d67-bc5d-e905a6760a80: receive RaftClientReply:client-B2F93226DCBB->056ae293-26b5-4d67-bc5d-e905a6760a80@group-50E32BB97A46, cid=1133, SUCCESS, logIndex=0, commits[056ae293-26b5-4d67-bc5d-e905a6760a80:c1564, a428730f-9893-43cb-a585-e65a7e8859c8:c1559, 994b73f6-7725-4304-b3a4-4941318c1d6c:c1560]
2019-07-08 19:53:10,425 INFO  client.GrpcClientProtocolClient (GrpcClientProtocolClient.java:onNext(255)) - client-B2F93226DCBB->056ae293-26b5-4d67-bc5d-e905a6760a80: receive RaftClientReply:client-B2F93226DCBB->056ae293-26b5-4d67-bc5d-e905a6760a80@group-50E32BB97A46, cid=1134, SUCCESS, logIndex=1566, commits[056ae293-26b5-4d67-bc5d-e905a6760a80:c1567, a428730f-9893-43cb-a585-e65a7e8859c8:c1565, 994b73f6-7725-4304-b3a4-4941318c1d6c:c1565]
2019-07-08 19:53:10,426 INFO  client.GrpcClientProtocolClient (GrpcClientProtocolClient.java:onNext(255)) - client-B2F93226DCBB->056ae293-26b5-4d67-bc5d-e905a6760a80: receive RaftClientReply:client-B2F93226DCBB->056ae293-26b5-4d67-bc5d-e905a6760a80@group-50E32BB97A46, cid=1135, SUCCESS, logIndex=1567, commits[056ae293-26b5-4d67-bc5d-e905a6760a80:c1567, a428730f-9893-43cb-a585-e65a7e8859c8:c1565, 994b73f6-7725-4304-b3a4-4941318c1d6c:c1565]
2019-07-08 19:53:10,439 INFO  client.GrpcClientProtocolClient (GrpcClientProtocolClient.java:onNext(255)) - client-B2F93226DCBB->056ae293-26b5-4d67-bc5d-e905a6760a80: receive RaftClientReply:client-B2F93226DCBB->056ae293-26b5-4d67-bc5d-e905a6760a80@group-50E32BB97A46, cid=1136, SUCCESS, logIndex=1570, commits[056ae293-26b5-4d67-bc5d-e905a6760a80:c1571, a428730f-9893-43cb-a585-e65a7e8859c8:c1567, 994b73f6-7725-4304-b3a4-4941318c1d6c:c1567]
2019-07-08 19:53:10,440 INFO  client.GrpcClientProtocolClient (GrpcClientProtocolClient.java:onNext(255)) - client-B2F93226DCBB->056ae293-26b5-4d67-bc5d-e905a6760a80: receive RaftClientReply:client-B2F93226DCBB->056ae293-26b5-4d67-bc5d-e905a6760a80@group-50E32BB97A46, cid=1137, SUCCESS, logIndex=1571, commits[056ae293-26b5-4d67-bc5d-e905a6760a80:c1571, a428730f-9893-43cb-a585-e65a7e8859c8:c1567, 994b73f6-7725-4304-b3a4-4941318c1d6c:c1567]
2019-07-08 19:53:10,441 INFO  client.GrpcClientProtocolClient (GrpcClientProtocolClient.java:onNext(255)) - client-B2F93226DCBB->056ae293-26b5-4d67-bc5d-e905a6760a80: receive RaftClientReply:client-B2F93226DCBB->056ae293-26b5-4d67-bc5d-e905a6760a80@group-50E32BB97A46, cid=1138, SUCCESS, logIndex=0, commits[056ae293-26b5-4d67-bc5d-e905a6760a80:c1572, a428730f-9893-43cb-a585-e65a7e8859c8:c1571, 994b73f6-7725-4304-b3a4-4941318c1d6c:c1571]
2019-07-08 19:53:10,582 INFO  client.GrpcClientProtocolClient (GrpcClientProtocolClient.java:onNext(255)) - client-B2F93226DCBB->056ae293-26b5-4d67-bc5d-e905a6760a80: receive RaftClientReply:client-B2F93226DCBB->056ae293-26b5-4d67-bc5d-e905a6760a80@group-50E32BB97A46, cid=1139, SUCCESS, logIndex=1574, commits[056ae293-26b5-4d67-bc5d-e905a6760a80:c1575, a428730f-9893-43cb-a585-e65a7e8859c8:c1573, 994b73f6-7725-4304-b3a4-4941318c1d6c:c1573]
2019-07-08 19:53:10,583 INFO  client.GrpcClientProtocolClient (GrpcClientProtocolClient.java:onNext(255)) - client-B2F93226DCBB->056ae293-26b5-4d67-bc5d-e905a6760a80: receive RaftClientReply:client-B2F93226DCBB->056ae293-26b5-4d67-bc5d-e905a6760a80@group-50E32BB97A46, cid=1140, SUCCESS, logIndex=1575, commits[056ae293-26b5-4d67-bc5d-e905a6760a80:c1575, a428730f-9893-43cb-a585-e65a7e8859c8:c1573, 994b73f6-7725-4304-b3a4-4941318c1d6c:c1573]
2019-07-08 19:53:10,593 INFO  client.GrpcClientProtocolClient (GrpcClientProtocolClient.java:onNext(255)) - client-B2F93226DCBB->056ae293-26b5-4d67-bc5d-e905a6760a80: receive RaftClientReply:client-B2F93226DCBB->056ae293-26b5-4d67-bc5d-e905a6760a80@group-50E32BB97A46, cid=1141, SUCCESS, logIndex=1576, commits[056ae293-26b5-4d67-bc5d-e905a6760a80:c1578, a428730f-9893-43cb-a585-e65a7e8859c8:c1573, 994b73f6-7725-4304-b3a4-4941318c1d6c:c1575]
2019-07-08 19:53:10,594 INFO  client.GrpcClientProtocolClient (GrpcClientProtocolClient.java:onNext(255)) - client-B2F93226DCBB->056ae293-26b5-4d67-bc5d-e905a6760a80: receive RaftClientReply:client-B2F93226DCBB->056ae293-26b5-4d67-bc5d-e905a6760a80@group-50E32BB97A46, cid=1142, SUCCESS, logIndex=1577, commits[056ae293-26b5-4d67-bc5d-e905a6760a80:c1579, a428730f-9893-43cb-a585-e65a7e8859c8:c1575, 994b73f6-7725-4304-b3a4-4941318c1d6c:c1575]
 0.00% |█                                                                                                    |  0/1 Time: 0:00:072019-07-08 19:53:11,170 INFO  client.GrpcClientProtocolClient (GrpcClientProtocolClient.java:onNext(255)) - client-B2F93226DCBB->056ae293-26b5-4d67-bc5d-e905a6760a80: receive RaftClientReply:client-B2F93226DCBB->056ae293-26b5-4d67-bc5d-e905a6760a80@group-50E32BB97A46, cid=1143, SUCCESS, logIndex=1582, commits[056ae293-26b5-4d67-bc5d-e905a6760a80:c1583, a428730f-9893-43cb-a585-e65a7e8859c8:c1581, 994b73f6-7725-4304-b3a4-4941318c1d6c:c1581]
2019-07-08 19:53:11,170 INFO  client.GrpcClientProtocolClient (GrpcClientProtocolClient.java:onNext(255)) - client-B2F93226DCBB->056ae293-26b5-4d67-bc5d-e905a6760a80: receive RaftClientReply:client-B2F93226DCBB->056ae293-26b5-4d67-bc5d-e905a6760a80@group-50E32BB97A46, cid=1144, SUCCESS, logIndex=1583, commits[056ae293-26b5-4d67-bc5d-e905a6760a80:c1583, a428730f-9893-43cb-a585-e65a7e8859c8:c1581, 994b73f6-7725-4304-b3a4-4941318c1d6c:c1581]
 0.00% |█                                                                                                    |  0/1 Time: 0:00:082019-07-08 19:53:12,062 INFO  client.GrpcClientProtocolClient (GrpcClientProtocolClient.java:onNext(255)) - client-B2F93226DCBB->056ae293-26b5-4d67-bc5d-e905a6760a80: receive RaftClientReply:client-B2F93226DCBB->056ae293-26b5-4d67-bc5d-e905a6760a80@group-50E32BB97A46, cid=1145, SUCCESS, logIndex=1586, commits[056ae293-26b5-4d67-bc5d-e905a6760a80:c1586, a428730f-9893-43cb-a585-e65a7e8859c8:c1583, 994b73f6-7725-4304-b3a4-4941318c1d6c:c1583]
2019-07-08 19:53:12,063 INFO  client.GrpcClientProtocolClient (GrpcClientProtocolClient.java:onNext(255)) - client-B2F93226DCBB->056ae293-26b5-4d67-bc5d-e905a6760a80: receive RaftClientReply:client-B2F93226DCBB->056ae293-26b5-4d67-bc5d-e905a6760a80@group-50E32BB97A46, cid=1146, SUCCESS, logIndex=1587, commits[056ae293-26b5-4d67-bc5d-e905a6760a80:c1587, a428730f-9893-43cb-a585-e65a7e8859c8:c1583, 994b73f6-7725-4304-b3a4-4941318c1d6c:c1583]
2019-07-08 19:53:12,081 INFO  client.GrpcClientProtocolClient (GrpcClientProtocolClient.java:onNext(255)) - client-B2F93226DCBB->056ae293-26b5-4d67-bc5d-e905a6760a80: receive RaftClientReply:client-B2F93226DCBB->056ae293-26b5-4d67-bc5d-e905a6760a80@group-50E32BB97A46, cid=1147, SUCCESS, logIndex=0, commits[056ae293-26b5-4d67-bc5d-e905a6760a80:c1589, a428730f-9893-43cb-a585-e65a7e8859c8:c1587, 994b73f6-7725-4304-b3a4-4941318c1d6c:c1587]
2019-07-08 19:53:12,098 INFO  client.GrpcClientProtocolClient (GrpcClientProtocolClient.java:onNext(255)) - client-B2F93226DCBB->056ae293-26b5-4d67-bc5d-e905a6760a80: receive RaftClientReply:client-B2F93226DCBB->056ae293-26b5-4d67-bc5d-e905a6760a80@group-50E32BB97A46, cid=1148, SUCCESS, logIndex=1590, commits[056ae293-26b5-4d67-bc5d-e905a6760a80:c1591, a428730f-9893-43cb-a585-e65a7e8859c8:c1587, 994b73f6-7725-4304-b3a4-4941318c1d6c:c1589]
2019-07-08 19:53:12,099 INFO  client.GrpcClientProtocolClient (GrpcClientProtocolClient.java:onNext(255)) - client-B2F93226DCBB->056ae293-26b5-4d67-bc5d-e905a6760a80: receive RaftClientReply:client-B2F93226DCBB->056ae293-26b5-4d67-bc5d-e905a6760a80@group-50E32BB97A46, cid=1149, SUCCESS, logIndex=1591, commits[056ae293-26b5-4d67-bc5d-e905a6760a80:c1591, a428730f-9893-43cb-a585-e65a7e8859c8:c1587, 994b73f6-7725-4304-b3a4-4941318c1d6c:c1589]
2019-07-08 19:53:12,101 INFO  client.GrpcClientProtocolClient (GrpcClientProtocolClient.java:onNext(255)) - client-B2F93226DCBB->056ae293-26b5-4d67-bc5d-e905a6760a80: receive RaftClientReply:client-B2F93226DCBB->056ae293-26b5-4d67-bc5d-e905a6760a80@group-50E32BB97A46, cid=1150, SUCCESS, logIndex=1592, commits[056ae293-26b5-4d67-bc5d-e905a6760a80:c1593, a428730f-9893-43cb-a585-e65a7e8859c8:c1587, 994b73f6-7725-4304-b3a4-4941318c1d6c:c1589]
2019-07-08 19:53:12,101 INFO  client.GrpcClientProtocolClient (GrpcClientProtocolClient.java:onNext(255)) - client-B2F93226DCBB->056ae293-26b5-4d67-bc5d-e905a6760a80: receive RaftClientReply:client-B2F93226DCBB->056ae293-26b5-4d67-bc5d-e905a6760a80@group-50E32BB97A46, cid=1151, SUCCESS, logIndex=1593, commits[056ae293-26b5-4d67-bc5d-e905a6760a80:c1593, a428730f-9893-43cb-a585-e65a7e8859c8:c1587, 994b73f6-7725-4304-b3a4-4941318c1d6c:c1589]
2019-07-08 19:53:12,117 INFO  client.GrpcClientProtocolClient (GrpcClientProtocolClient.java:onNext(255)) - client-B2F93226DCBB->056ae293-26b5-4d67-bc5d-e905a6760a80: receive RaftClientReply:client-B2F93226DCBB->056ae293-26b5-4d67-bc5d-e905a6760a80@group-50E32BB97A46, cid=1152, SUCCESS, logIndex=0, commits[056ae293-26b5-4d67-bc5d-e905a6760a80:c1597, a428730f-9893-43cb-a585-e65a7e8859c8:c1591, 994b73f6-7725-4304-b3a4-4941318c1d6c:c1593]
2019-07-08 19:53:12,144 INFO  client.GrpcClientProtocolClient (GrpcClientProtocolClient.java:onNext(255)) - client-B2F93226DCBB->056ae293-26b5-4d67-bc5d-e905a6760a80: receive RaftClientReply:client-B2F93226DCBB->056ae293-26b5-4d67-bc5d-e905a6760a80@group-50E32BB97A46, cid=1153, SUCCESS, logIndex=1598, commits[056ae293-26b5-4d67-bc5d-e905a6760a80:c1599, a428730f-9893-43cb-a585-e65a7e8859c8:c1597, 994b73f6-7725-4304-b3a4-4941318c1d6c:c1597]
2019-07-08 19:53:12,144 INFO  client.GrpcClientProtocolClient (GrpcClientProtocolClient.java:onNext(255)) - client-B2F93226DCBB->056ae293-26b5-4d67-bc5d-e905a6760a80: receive RaftClientReply:client-B2F93226DCBB->056ae293-26b5-4d67-bc5d-e905a6760a80@group-50E32BB97A46, cid=1154, SUCCESS, logIndex=1599, commits[056ae293-26b5-4d67-bc5d-e905a6760a80:c1599, a428730f-9893-43cb-a585-e65a7e8859c8:c1597, 994b73f6-7725-4304-b3a4-4941318c1d6c:c1597]
2019-07-08 19:53:12,168 INFO  client.GrpcClientProtocolClient (GrpcClientProtocolClient.java:onNext(255)) - client-B2F93226DCBB->056ae293-26b5-4d67-bc5d-e905a6760a80: receive RaftClientReply:client-B2F93226DCBB->056ae293-26b5-4d67-bc5d-e905a6760a80@group-50E32BB97A46, cid=1155, SUCCESS, logIndex=1602, commits[056ae293-26b5-4d67-bc5d-e905a6760a80:c1603, a428730f-9893-43cb-a585-e65a7e8859c8:c1599, 994b73f6-7725-4304-b3a4-4941318c1d6c:c1599]
2019-07-08 19:53:12,168 INFO  client.GrpcClientProtocolClient (GrpcClientProtocolClient.java:onNext(255)) - client-B2F93226DCBB->056ae293-26b5-4d67-bc5d-e905a6760a80: receive RaftClientReply:client-B2F93226DCBB->056ae293-26b5-4d67-bc5d-e905a6760a80@group-50E32BB97A46, cid=1156, SUCCESS, logIndex=1603, commits[056ae293-26b5-4d67-bc5d-e905a6760a80:c1603, a428730f-9893-43cb-a585-e65a7e8859c8:c1599, 994b73f6-7725-4304-b3a4-4941318c1d6c:c1599]
2019-07-08 19:53:12,171 INFO  client.GrpcClientProtocolClient (GrpcClientProtocolClient.java:onNext(255)) - client-B2F93226DCBB->056ae293-26b5-4d67-bc5d-e905a6760a80: receive RaftClientReply:client-B2F93226DCBB->056ae293-26b5-4d67-bc5d-e905a6760a80@group-50E32BB97A46, cid=1157, SUCCESS, logIndex=0, commits[056ae293-26b5-4d67-bc5d-e905a6760a80:c1604, a428730f-9893-43cb-a585-e65a7e8859c8:c1603, 994b73f6-7725-4304-b3a4-4941318c1d6c:c1603]
2019-07-08 19:53:12,194 INFO  client.GrpcClientProtocolClient (GrpcClientProtocolClient.java:onNext(255)) - client-B2F93226DCBB->056ae293-26b5-4d67-bc5d-e905a6760a80: receive RaftClientReply:client-B2F93226DCBB->056ae293-26b5-4d67-bc5d-e905a6760a80@group-50E32BB97A46, cid=1158, SUCCESS, logIndex=1606, commits[056ae293-26b5-4d67-bc5d-e905a6760a80:c1607, a428730f-9893-43cb-a585-e65a7e8859c8:c1603, 994b73f6-7725-4304-b3a4-4941318c1d6c:c1604]
2019-07-08 19:53:12,195 INFO  client.GrpcClientProtocolClient (GrpcClientProtocolClient.java:onNext(255)) - client-B2F93226DCBB->056ae293-26b5-4d67-bc5d-e905a6760a80: receive RaftClientReply:client-B2F93226DCBB->056ae293-26b5-4d67-bc5d-e905a6760a80@group-50E32BB97A46, cid=1159, SUCCESS, logIndex=1607, commits[056ae293-26b5-4d67-bc5d-e905a6760a80:c1607, a428730f-9893-43cb-a585-e65a7e8859c8:c1604, 994b73f6-7725-4304-b3a4-4941318c1d6c:c1604]
2019-07-08 19:53:12,205 INFO  client.GrpcClientProtocolClient (GrpcClientProtocolClient.java:onNext(255)) - client-B2F93226DCBB->056ae293-26b5-4d67-bc5d-e905a6760a80: receive RaftClientReply:client-B2F93226DCBB->056ae293-26b5-4d67-bc5d-e905a6760a80@group-50E32BB97A46, cid=1160, SUCCESS, logIndex=1608, commits[056ae293-26b5-4d67-bc5d-e905a6760a80:c1609, a428730f-9893-43cb-a585-e65a7e8859c8:c1604, 994b73f6-7725-4304-b3a4-4941318c1d6c:c1604]
2019-07-08 19:53:12,205 INFO  client.GrpcClientProtocolClient (GrpcClientProtocolClient.java:onNext(255)) - client-B2F93226DCBB->056ae293-26b5-4d67-bc5d-e905a6760a80: receive RaftClientReply:client-B2F93226DCBB->056ae293-26b5-4d67-bc5d-e905a6760a80@group-50E32BB97A46, cid=1161, SUCCESS, logIndex=1609, commits[056ae293-26b5-4d67-bc5d-e905a6760a80:c1609, a428730f-9893-43cb-a585-e65a7e8859c8:c1604, 994b73f6-7725-4304-b3a4-4941318c1d6c:c1604]
2019-07-08 19:53:12,208 INFO  client.GrpcClientProtocolClient (GrpcClientProtocolClient.java:onNext(255)) - client-B2F93226DCBB->056ae293-26b5-4d67-bc5d-e905a6760a80: receive RaftClientReply:client-B2F93226DCBB->056ae293-26b5-4d67-bc5d-e905a6760a80@group-50E32BB97A46, cid=1162, SUCCESS, logIndex=0, commits[056ae293-26b5-4d67-bc5d-e905a6760a80:c1611, a428730f-9893-43cb-a585-e65a7e8859c8:c1607, 994b73f6-7725-4304-b3a4-4941318c1d6c:c1607]
2019-07-08 19:53:12,220 INFO  client.GrpcClientProtocolClient (GrpcClientProtocolClient.java:onNext(255)) - client-B2F93226DCBB->056ae293-26b5-4d67-bc5d-e905a6760a80: receive RaftClientReply:client-B2F93226DCBB->056ae293-26b5-4d67-bc5d-e905a6760a80@group-50E32BB97A46, cid=1163, SUCCESS, logIndex=1614, commits[056ae293-26b5-4d67-bc5d-e905a6760a80:c1615, a428730f-9893-43cb-a585-e65a7e8859c8:c1609, 994b73f6-7725-4304-b3a4-4941318c1d6c:c1611]
2019-07-08 19:53:12,221 INFO  client.GrpcClientProtocolClient (GrpcClientProtocolClient.java:onNext(255)) - client-B2F93226DCBB->056ae293-26b5-4d67-bc5d-e905a6760a80: receive RaftClientReply:client-B2F93226DCBB->056ae293-26b5-4d67-bc5d-e905a6760a80@group-50E32BB97A46, cid=1164, SUCCESS, logIndex=1615, commits[056ae293-26b5-4d67-bc5d-e905a6760a80:c1615, a428730f-9893-43cb-a585-e65a7e8859c8:c1611, 994b73f6-7725-4304-b3a4-4941318c1d6c:c1611]
2019-07-08 19:53:12,237 INFO  client.GrpcClientProtocolClient (GrpcClientProtocolClient.java:onNext(255)) - client-B2F93226DCBB->056ae293-26b5-4d67-bc5d-e905a6760a80: receive RaftClientReply:client-B2F93226DCBB->056ae293-26b5-4d67-bc5d-e905a6760a80@group-50E32BB97A46, cid=1165, SUCCESS, logIndex=1618, commits[056ae293-26b5-4d67-bc5d-e905a6760a80:c1619, a428730f-9893-43cb-a585-e65a7e8859c8:c1616, 994b73f6-7725-4304-b3a4-4941318c1d6c:c1616]
2019-07-08 19:53:12,237 INFO  client.GrpcClientProtocolClient (GrpcClientProtocolClient.java:onNext(255)) - client-B2F93226DCBB->056ae293-26b5-4d67-bc5d-e905a6760a80: receive RaftClientReply:client-B2F93226DCBB->056ae293-26b5-4d67-bc5d-e905a6760a80@group-50E32BB97A46, cid=1166, SUCCESS, logIndex=1619, commits[056ae293-26b5-4d67-bc5d-e905a6760a80:c1619, a428730f-9893-43cb-a585-e65a7e8859c8:c1616, 994b73f6-7725-4304-b3a4-4941318c1d6c:c1616]
2019-07-08 19:53:12,261 INFO  client.GrpcClientProtocolClient (GrpcClientProtocolClient.java:onNext(255)) - client-B2F93226DCBB->056ae293-26b5-4d67-bc5d-e905a6760a80: receive RaftClientReply:client-B2F93226DCBB->056ae293-26b5-4d67-bc5d-e905a6760a80@group-50E32BB97A46, cid=1167, SUCCESS, logIndex=0, commits[056ae293-26b5-4d67-bc5d-e905a6760a80:c1621, a428730f-9893-43cb-a585-e65a7e8859c8:c1619, 994b73f6-7725-4304-b3a4-4941318c1d6c:c1619]
2019-07-08 19:53:12,279 INFO  client.GrpcClientProtocolClient (GrpcClientProtocolClient.java:onNext(255)) - client-B2F93226DCBB->056ae293-26b5-4d67-bc5d-e905a6760a80: receive RaftClientReply:client-B2F93226DCBB->056ae293-26b5-4d67-bc5d-e905a6760a80@group-50E32BB97A46, cid=1168, SUCCESS, logIndex=1622, commits[056ae293-26b5-4d67-bc5d-e905a6760a80:c1623, a428730f-9893-43cb-a585-e65a7e8859c8:c1621, 994b73f6-7725-4304-b3a4-4941318c1d6c:c1621]
2019-07-08 19:53:12,279 INFO  client.GrpcClientProtocolClient (GrpcClientProtocolClient.java:onNext(255)) - client-B2F93226DCBB->056ae293-26b5-4d67-bc5d-e905a6760a80: receive RaftClientReply:client-B2F93226DCBB->056ae293-26b5-4d67-bc5d-e905a6760a80@group-50E32BB97A46, cid=1169, SUCCESS, logIndex=1623, commits[056ae293-26b5-4d67-bc5d-e905a6760a80:c1625, a428730f-9893-43cb-a585-e65a7e8859c8:c1621, 994b73f6-7725-4304-b3a4-4941318c1d6c:c1621]
2019-07-08 19:53:12,279 INFO  client.GrpcClientProtocolClient (GrpcClientProtocolClient.java:onNext(255)) - client-B2F93226DCBB->056ae293-26b5-4d67-bc5d-e905a6760a80: receive RaftClientReply:client-B2F93226DCBB->056ae293-26b5-4d67-bc5d-e905a6760a80@group-50E32BB97A46, cid=1170, SUCCESS, logIndex=1624, commits[056ae293-26b5-4d67-bc5d-e905a6760a80:c1625, a428730f-9893-43cb-a585-e65a7e8859c8:c1621, 994b73f6-7725-4304-b3a4-4941318c1d6c:c1621]
2019-07-08 19:53:12,280 INFO  client.GrpcClientProtocolClient (GrpcClientProtocolClient.java:onNext(255)) - client-B2F93226DCBB->056ae293-26b5-4d67-bc5d-e905a6760a80: receive RaftClientReply:client-B2F93226DCBB->056ae293-26b5-4d67-bc5d-e905a6760a80@group-50E32BB97A46, cid=1171, SUCCESS, logIndex=1625, commits[056ae293-26b5-4d67-bc5d-e905a6760a80:c1625, a428730f-9893-43cb-a585-e65a7e8859c8:c1621, 994b73f6-7725-4304-b3a4-4941318c1d6c:c1621]
2019-07-08 19:53:12,290 INFO  client.GrpcClientProtocolClient (GrpcClientProtocolClient.java:onNext(255)) - client-B2F93226DCBB->056ae293-26b5-4d67-bc5d-e905a6760a80: receive RaftClientReply:client-B2F93226DCBB->056ae293-26b5-4d67-bc5d-e905a6760a80@group-50E32BB97A46, cid=1172, SUCCESS, logIndex=0, commits[056ae293-26b5-4d67-bc5d-e905a6760a80:c1627, a428730f-9893-43cb-a585-e65a7e8859c8:c1623, 994b73f6-7725-4304-b3a4-4941318c1d6c:c1623]
2019-07-08 19:53:12,321 INFO  client.GrpcClientProtocolClient (GrpcClientProtocolClient.java:onNext(255)) - client-B2F93226DCBB->056ae293-26b5-4d67-bc5d-e905a6760a80: receive RaftClientReply:client-B2F93226DCBB->056ae293-26b5-4d67-bc5d-e905a6760a80@group-50E32BB97A46, cid=1173, SUCCESS, logIndex=1629, commits[056ae293-26b5-4d67-bc5d-e905a6760a80:c1630, a428730f-9893-43cb-a585-e65a7e8859c8:c1628, 994b73f6-7725-4304-b3a4-4941318c1d6c:c1628]
2019-07-08 19:53:12,321 INFO  client.GrpcClientProtocolClient (GrpcClientProtocolClient.java:onNext(255)) - client-B2F93226DCBB->056ae293-26b5-4d67-bc5d-e905a6760a80: receive RaftClientReply:client-B2F93226DCBB->056ae293-26b5-4d67-bc5d-e905a6760a80@group-50E32BB97A46, cid=1174, SUCCESS, logIndex=1630, commits[056ae293-26b5-4d67-bc5d-e905a6760a80:c1630, a428730f-9893-43cb-a585-e65a7e8859c8:c1628, 994b73f6-7725-4304-b3a4-4941318c1d6c:c1628]
2019-07-08 19:53:12,336 INFO  client.GrpcClientProtocolClient (GrpcClientProtocolClient.java:onNext(255)) - client-B2F93226DCBB->056ae293-26b5-4d67-bc5d-e905a6760a80: receive RaftClientReply:client-B2F93226DCBB->056ae293-26b5-4d67-bc5d-e905a6760a80@group-50E32BB97A46, cid=1175, SUCCESS, logIndex=1633, commits[056ae293-26b5-4d67-bc5d-e905a6760a80:c1634, a428730f-9893-43cb-a585-e65a7e8859c8:c1630, 994b73f6-7725-4304-b3a4-4941318c1d6c:c1630]
2019-07-08 19:53:12,336 INFO  client.GrpcClientProtocolClient (GrpcClientProtocolClient.java:onNext(255)) - client-B2F93226DCBB->056ae293-26b5-4d67-bc5d-e905a6760a80: receive RaftClientReply:client-B2F93226DCBB->056ae293-26b5-4d67-bc5d-e905a6760a80@group-50E32BB97A46, cid=1176, SUCCESS, logIndex=1634, commits[056ae293-26b5-4d67-bc5d-e905a6760a80:c1634, a428730f-9893-43cb-a585-e65a7e8859c8:c1630, 994b73f6-7725-4304-b3a4-4941318c1d6c:c1630]
2019-07-08 19:53:12,350 INFO  client.GrpcClientProtocolClient (GrpcClientProtocolClient.java:onNext(255)) - client-B2F93226DCBB->056ae293-26b5-4d67-bc5d-e905a6760a80: receive RaftClientReply:client-B2F93226DCBB->056ae293-26b5-4d67-bc5d-e905a6760a80@group-50E32BB97A46, cid=1177, SUCCESS, logIndex=0, commits[056ae293-26b5-4d67-bc5d-e905a6760a80:c1636, a428730f-9893-43cb-a585-e65a7e8859c8:c1634, 994b73f6-7725-4304-b3a4-4941318c1d6c:c1634]
2019-07-08 19:53:12,370 INFO  client.GrpcClientProtocolClient (GrpcClientProtocolClient.java:onNext(255)) - client-B2F93226DCBB->056ae293-26b5-4d67-bc5d-e905a6760a80: receive RaftClientReply:client-B2F93226DCBB->056ae293-26b5-4d67-bc5d-e905a6760a80@group-50E32BB97A46, cid=1178, SUCCESS, logIndex=1637, commits[056ae293-26b5-4d67-bc5d-e905a6760a80:c1638, a428730f-9893-43cb-a585-e65a7e8859c8:c1636, 994b73f6-7725-4304-b3a4-4941318c1d6c:c1636]
2019-07-08 19:53:12,371 INFO  client.GrpcClientProtocolClient (GrpcClientProtocolClient.java:onNext(255)) - client-B2F93226DCBB->056ae293-26b5-4d67-bc5d-e905a6760a80: receive RaftClientReply:client-B2F93226DCBB->056ae293-26b5-4d67-bc5d-e905a6760a80@group-50E32BB97A46, cid=1179, SUCCESS, logIndex=1638, commits[056ae293-26b5-4d67-bc5d-e905a6760a80:c1638, a428730f-9893-43cb-a585-e65a7e8859c8:c1636, 994b73f6-7725-4304-b3a4-4941318c1d6c:c1636]
2019-07-08 19:53:12,371 INFO  client.GrpcClientProtocolClient (GrpcClientProtocolClient.java:onNext(255)) - client-B2F93226DCBB->056ae293-26b5-4d67-bc5d-e905a6760a80: receive RaftClientReply:client-B2F93226DCBB->056ae293-26b5-4d67-bc5d-e905a6760a80@group-50E32BB97A46, cid=1180, SUCCESS, logIndex=1639, commits[056ae293-26b5-4d67-bc5d-e905a6760a80:c1640, a428730f-9893-43cb-a585-e65a7e8859c8:c1636, 994b73f6-7725-4304-b3a4-4941318c1d6c:c1636]
2019-07-08 19:53:12,372 INFO  client.GrpcClientProtocolClient (GrpcClientProtocolClient.java:onNext(255)) - client-B2F93226DCBB->056ae293-26b5-4d67-bc5d-e905a6760a80: receive RaftClientReply:client-B2F93226DCBB->056ae293-26b5-4d67-bc5d-e905a6760a80@group-50E32BB97A46, cid=1181, SUCCESS, logIndex=1640, commits[056ae293-26b5-4d67-bc5d-e905a6760a80:c1640, a428730f-9893-43cb-a585-e65a7e8859c8:c1636, 994b73f6-7725-4304-b3a4-4941318c1d6c:c1636]
2019-07-08 19:53:12,375 INFO  client.GrpcClientProtocolClient (GrpcClientProtocolClient.java:onNext(255)) - client-B2F93226DCBB->056ae293-26b5-4d67-bc5d-e905a6760a80: receive RaftClientReply:client-B2F93226DCBB->056ae293-26b5-4d67-bc5d-e905a6760a80@group-50E32BB97A46, cid=1182, SUCCESS, logIndex=0, commits[056ae293-26b5-4d67-bc5d-e905a6760a80:c1642, a428730f-9893-43cb-a585-e65a7e8859c8:c1638, 994b73f6-7725-4304-b3a4-4941318c1d6c:c1638]
2019-07-08 19:53:12,387 INFO  client.GrpcClientProtocolClient (GrpcClientProtocolClient.java:onNext(255)) - client-B2F93226DCBB->056ae293-26b5-4d67-bc5d-e905a6760a80: receive RaftClientReply:client-B2F93226DCBB->056ae293-26b5-4d67-bc5d-e905a6760a80@group-50E32BB97A46, cid=1183, SUCCESS, logIndex=1645, commits[056ae293-26b5-4d67-bc5d-e905a6760a80:c1646, a428730f-9893-43cb-a585-e65a7e8859c8:c1643, 994b73f6-7725-4304-b3a4-4941318c1d6c:c1640]
2019-07-08 19:53:12,388 INFO  client.GrpcClientProtocolClient (GrpcClientProtocolClient.java:onNext(255)) - client-B2F93226DCBB->056ae293-26b5-4d67-bc5d-e905a6760a80: receive RaftClientReply:client-B2F93226DCBB->056ae293-26b5-4d67-bc5d-e905a6760a80@group-50E32BB97A46, cid=1184, SUCCESS, logIndex=1646, commits[056ae293-26b5-4d67-bc5d-e905a6760a80:c1646, a428730f-9893-43cb-a585-e65a7e8859c8:c1643, 994b73f6-7725-4304-b3a4-4941318c1d6c:c1643]
2019-07-08 19:53:12,407 INFO  client.GrpcClientProtocolClient (GrpcClientProtocolClient.java:onNext(255)) - client-B2F93226DCBB->056ae293-26b5-4d67-bc5d-e905a6760a80: receive RaftClientReply:client-B2F93226DCBB->056ae293-26b5-4d67-bc5d-e905a6760a80@group-50E32BB97A46, cid=1185, SUCCESS, logIndex=1648, commits[056ae293-26b5-4d67-bc5d-e905a6760a80:c1649, a428730f-9893-43cb-a585-e65a7e8859c8:c1647, 994b73f6-7725-4304-b3a4-4941318c1d6c:c1647]
2019-07-08 19:53:12,407 INFO  client.GrpcClientProtocolClient (GrpcClientProtocolClient.java:onNext(255)) - client-B2F93226DCBB->056ae293-26b5-4d67-bc5d-e905a6760a80: receive RaftClientReply:client-B2F93226DCBB->056ae293-26b5-4d67-bc5d-e905a6760a80@group-50E32BB97A46, cid=1186, SUCCESS, logIndex=1649, commits[056ae293-26b5-4d67-bc5d-e905a6760a80:c1649, a428730f-9893-43cb-a585-e65a7e8859c8:c1647, 994b73f6-7725-4304-b3a4-4941318c1d6c:c1647]
2019-07-08 19:53:12,421 INFO  client.GrpcClientProtocolClient (GrpcClientProtocolClient.java:onNext(255)) - client-B2F93226DCBB->056ae293-26b5-4d67-bc5d-e905a6760a80: receive RaftClientReply:client-B2F93226DCBB->056ae293-26b5-4d67-bc5d-e905a6760a80@group-50E32BB97A46, cid=1187, SUCCESS, logIndex=0, commits[056ae293-26b5-4d67-bc5d-e905a6760a80:c1651, a428730f-9893-43cb-a585-e65a7e8859c8:c1649, 994b73f6-7725-4304-b3a4-4941318c1d6c:c1649]
2019-07-08 19:53:12,441 INFO  client.GrpcClientProtocolClient (GrpcClientProtocolClient.java:onNext(255)) - client-B2F93226DCBB->056ae293-26b5-4d67-bc5d-e905a6760a80: receive RaftClientReply:client-B2F93226DCBB->056ae293-26b5-4d67-bc5d-e905a6760a80@group-50E32BB97A46, cid=1188, SUCCESS, logIndex=1652, commits[056ae293-26b5-4d67-bc5d-e905a6760a80:c1653, a428730f-9893-43cb-a585-e65a7e8859c8:c1651, 994b73f6-7725-4304-b3a4-4941318c1d6c:c1651]
2019-07-08 19:53:12,442 INFO  client.GrpcClientProtocolClient (GrpcClientProtocolClient.java:onNext(255)) - client-B2F93226DCBB->056ae293-26b5-4d67-bc5d-e905a6760a80: receive RaftClientReply:client-B2F93226DCBB->056ae293-26b5-4d67-bc5d-e905a6760a80@group-50E32BB97A46, cid=1189, SUCCESS, logIndex=1653, commits[056ae293-26b5-4d67-bc5d-e905a6760a80:c1653, a428730f-9893-43cb-a585-e65a7e8859c8:c1651, 994b73f6-7725-4304-b3a4-4941318c1d6c:c1651]
2019-07-08 19:53:12,442 INFO  client.GrpcClientProtocolClient (GrpcClientProtocolClient.java:onNext(255)) - client-B2F93226DCBB->056ae293-26b5-4d67-bc5d-e905a6760a80: receive RaftClientReply:client-B2F93226DCBB->056ae293-26b5-4d67-bc5d-e905a6760a80@group-50E32BB97A46, cid=1190, SUCCESS, logIndex=1654, commits[056ae293-26b5-4d67-bc5d-e905a6760a80:c1655, a428730f-9893-43cb-a585-e65a7e8859c8:c1651, 994b73f6-7725-4304-b3a4-4941318c1d6c:c1651]
2019-07-08 19:53:12,442 INFO  client.GrpcClientProtocolClient (GrpcClientProtocolClient.java:onNext(255)) - client-B2F93226DCBB->056ae293-26b5-4d67-bc5d-e905a6760a80: receive RaftClientReply:client-B2F93226DCBB->056ae293-26b5-4d67-bc5d-e905a6760a80@group-50E32BB97A46, cid=1191, SUCCESS, logIndex=1655, commits[056ae293-26b5-4d67-bc5d-e905a6760a80:c1655, a428730f-9893-43cb-a585-e65a7e8859c8:c1651, 994b73f6-7725-4304-b3a4-4941318c1d6c:c1651]
2019-07-08 19:53:12,457 INFO  client.GrpcClientProtocolClient (GrpcClientProtocolClient.java:onNext(255)) - client-B2F93226DCBB->056ae293-26b5-4d67-bc5d-e905a6760a80: receive RaftClientReply:client-B2F93226DCBB->056ae293-26b5-4d67-bc5d-e905a6760a80@group-50E32BB97A46, cid=1192, SUCCESS, logIndex=0, commits[056ae293-26b5-4d67-bc5d-e905a6760a80:c1657, a428730f-9893-43cb-a585-e65a7e8859c8:c1653, 994b73f6-7725-4304-b3a4-4941318c1d6c:c1653]
2019-07-08 19:53:12,485 INFO  client.GrpcClientProtocolClient (GrpcClientProtocolClient.java:onNext(255)) - client-B2F93226DCBB->056ae293-26b5-4d67-bc5d-e905a6760a80: receive RaftClientReply:client-B2F93226DCBB->056ae293-26b5-4d67-bc5d-e905a6760a80@group-50E32BB97A46, cid=1193, SUCCESS, logIndex=1660, commits[056ae293-26b5-4d67-bc5d-e905a6760a80:c1661, a428730f-9893-43cb-a585-e65a7e8859c8:c1659, 994b73f6-7725-4304-b3a4-4941318c1d6c:c1659]
2019-07-08 19:53:12,485 INFO  client.GrpcClientProtocolClient (GrpcClientProtocolClient.java:onNext(255)) - client-B2F93226DCBB->056ae293-26b5-4d67-bc5d-e905a6760a80: receive RaftClientReply:client-B2F93226DCBB->056ae293-26b5-4d67-bc5d-e905a6760a80@group-50E32BB97A46, cid=1194, SUCCESS, logIndex=1661, commits[056ae293-26b5-4d67-bc5d-e905a6760a80:c1661, a428730f-9893-43cb-a585-e65a7e8859c8:c1659, 994b73f6-7725-4304-b3a4-4941318c1d6c:c1659]
2019-07-08 19:53:12,511 INFO  client.GrpcClientProtocolClient (GrpcClientProtocolClient.java:onNext(255)) - client-B2F93226DCBB->056ae293-26b5-4d67-bc5d-e905a6760a80: receive RaftClientReply:client-B2F93226DCBB->056ae293-26b5-4d67-bc5d-e905a6760a80@group-50E32BB97A46, cid=1195, SUCCESS, logIndex=1664, commits[056ae293-26b5-4d67-bc5d-e905a6760a80:c1665, a428730f-9893-43cb-a585-e65a7e8859c8:c1661, 994b73f6-7725-4304-b3a4-4941318c1d6c:c1661]
2019-07-08 19:53:12,512 INFO  client.GrpcClientProtocolClient (GrpcClientProtocolClient.java:onNext(255)) - client-B2F93226DCBB->056ae293-26b5-4d67-bc5d-e905a6760a80: receive RaftClientReply:client-B2F93226DCBB->056ae293-26b5-4d67-bc5d-e905a6760a80@group-50E32BB97A46, cid=1196, SUCCESS, logIndex=1665, commits[056ae293-26b5-4d67-bc5d-e905a6760a80:c1665, a428730f-9893-43cb-a585-e65a7e8859c8:c1661, 994b73f6-7725-4304-b3a4-4941318c1d6c:c1661]
2019-07-08 19:53:12,526 INFO  client.GrpcClientProtocolClient (GrpcClientProtocolClient.java:onNext(255)) - client-B2F93226DCBB->056ae293-26b5-4d67-bc5d-e905a6760a80: receive RaftClientReply:client-B2F93226DCBB->056ae293-26b5-4d67-bc5d-e905a6760a80@group-50E32BB97A46, cid=1197, SUCCESS, logIndex=0, commits[056ae293-26b5-4d67-bc5d-e905a6760a80:c1667, a428730f-9893-43cb-a585-e65a7e8859c8:c1665, 994b73f6-7725-4304-b3a4-4941318c1d6c:c1665]
2019-07-08 19:53:12,547 INFO  client.GrpcClientProtocolClient (GrpcClientProtocolClient.java:onNext(255)) - client-B2F93226DCBB->056ae293-26b5-4d67-bc5d-e905a6760a80: receive RaftClientReply:client-B2F93226DCBB->056ae293-26b5-4d67-bc5d-e905a6760a80@group-50E32BB97A46, cid=1198, SUCCESS, logIndex=1668, commits[056ae293-26b5-4d67-bc5d-e905a6760a80:c1669, a428730f-9893-43cb-a585-e65a7e8859c8:c1667, 994b73f6-7725-4304-b3a4-4941318c1d6c:c1667]
2019-07-08 19:53:12,547 INFO  client.GrpcClientProtocolClient (GrpcClientProtocolClient.java:onNext(255)) - client-B2F93226DCBB->056ae293-26b5-4d67-bc5d-e905a6760a80: receive RaftClientReply:client-B2F93226DCBB->056ae293-26b5-4d67-bc5d-e905a6760a80@group-50E32BB97A46, cid=1199, SUCCESS, logIndex=1669, commits[056ae293-26b5-4d67-bc5d-e905a6760a80:c1669, a428730f-9893-43cb-a585-e65a7e8859c8:c1667, 994b73f6-7725-4304-b3a4-4941318c1d6c:c1667]
2019-07-08 19:53:12,547 INFO  client.GrpcClientProtocolClient (GrpcClientProtocolClient.java:onNext(255)) - client-B2F93226DCBB->056ae293-26b5-4d67-bc5d-e905a6760a80: receive RaftClientReply:client-B2F93226DCBB->056ae293-26b5-4d67-bc5d-e905a6760a80@group-50E32BB97A46, cid=1200, SUCCESS, logIndex=1670, commits[056ae293-26b5-4d67-bc5d-e905a6760a80:c1671, a428730f-9893-43cb-a585-e65a7e8859c8:c1667, 994b73f6-7725-4304-b3a4-4941318c1d6c:c1667]
2019-07-08 19:53:12,548 INFO  client.GrpcClientProtocolClient (GrpcClientProtocolClient.java:onNext(255)) - client-B2F93226DCBB->056ae293-26b5-4d67-bc5d-e905a6760a80: receive RaftClientReply:client-B2F93226DCBB->056ae293-26b5-4d67-bc5d-e905a6760a80@group-50E32BB97A46, cid=1201, SUCCESS, logIndex=1671, commits[056ae293-26b5-4d67-bc5d-e905a6760a80:c1671, a428730f-9893-43cb-a585-e65a7e8859c8:c1667, 994b73f6-7725-4304-b3a4-4941318c1d6c:c1667]
2019-07-08 19:53:12,561 INFO  client.GrpcClientProtocolClient (GrpcClientProtocolClient.java:onNext(255)) - client-B2F93226DCBB->056ae293-26b5-4d67-bc5d-e905a6760a80: receive RaftClientReply:client-B2F93226DCBB->056ae293-26b5-4d67-bc5d-e905a6760a80@group-50E32BB97A46, cid=1202, SUCCESS, logIndex=0, commits[056ae293-26b5-4d67-bc5d-e905a6760a80:c1673, a428730f-9893-43cb-a585-e65a7e8859c8:c1669, 994b73f6-7725-4304-b3a4-4941318c1d6c:c1669]
2019-07-08 19:53:12,581 INFO  client.GrpcClientProtocolClient (GrpcClientProtocolClient.java:onNext(255)) - client-B2F93226DCBB->056ae293-26b5-4d67-bc5d-e905a6760a80: receive RaftClientReply:client-B2F93226DCBB->056ae293-26b5-4d67-bc5d-e905a6760a80@group-50E32BB97A46, cid=1203, SUCCESS, logIndex=1676, commits[056ae293-26b5-4d67-bc5d-e905a6760a80:c1677, a428730f-9893-43cb-a585-e65a7e8859c8:c1675, 994b73f6-7725-4304-b3a4-4941318c1d6c:c1675]
2019-07-08 19:53:12,581 INFO  client.GrpcClientProtocolClient (GrpcClientProtocolClient.java:onNext(255)) - client-B2F93226DCBB->056ae293-26b5-4d67-bc5d-e905a6760a80: receive RaftClientReply:client-B2F93226DCBB->056ae293-26b5-4d67-bc5d-e905a6760a80@group-50E32BB97A46, cid=1204, SUCCESS, logIndex=1677, commits[056ae293-26b5-4d67-bc5d-e905a6760a80:c1677, a428730f-9893-43cb-a585-e65a7e8859c8:c1675, 994b73f6-7725-4304-b3a4-4941318c1d6c:c1675]
2019-07-08 19:53:12,607 INFO  client.GrpcClientProtocolClient (GrpcClientProtocolClient.java:onNext(255)) - client-B2F93226DCBB->056ae293-26b5-4d67-bc5d-e905a6760a80: receive RaftClientReply:client-B2F93226DCBB->056ae293-26b5-4d67-bc5d-e905a6760a80@group-50E32BB97A46, cid=1205, SUCCESS, logIndex=1680, commits[056ae293-26b5-4d67-bc5d-e905a6760a80:c1681, a428730f-9893-43cb-a585-e65a7e8859c8:c1677, 994b73f6-7725-4304-b3a4-4941318c1d6c:c1677]
2019-07-08 19:53:12,607 INFO  client.GrpcClientProtocolClient (GrpcClientProtocolClient.java:onNext(255)) - client-B2F93226DCBB->056ae293-26b5-4d67-bc5d-e905a6760a80: receive RaftClientReply:client-B2F93226DCBB->056ae293-26b5-4d67-bc5d-e905a6760a80@group-50E32BB97A46, cid=1206, SUCCESS, logIndex=1681, commits[056ae293-26b5-4d67-bc5d-e905a6760a80:c1681, a428730f-9893-43cb-a585-e65a7e8859c8:c1677, 994b73f6-7725-4304-b3a4-4941318c1d6c:c1677]
2019-07-08 19:53:12,621 INFO  client.GrpcClientProtocolClient (GrpcClientProtocolClient.java:onNext(255)) - client-B2F93226DCBB->056ae293-26b5-4d67-bc5d-e905a6760a80: receive RaftClientReply:client-B2F93226DCBB->056ae293-26b5-4d67-bc5d-e905a6760a80@group-50E32BB97A46, cid=1207, SUCCESS, logIndex=0, commits[056ae293-26b5-4d67-bc5d-e905a6760a80:c1683, a428730f-9893-43cb-a585-e65a7e8859c8:c1681, 994b73f6-7725-4304-b3a4-4941318c1d6c:c1681]
2019-07-08 19:53:12,642 INFO  client.GrpcClientProtocolClient (GrpcClientProtocolClient.java:onNext(255)) - client-B2F93226DCBB->056ae293-26b5-4d67-bc5d-e905a6760a80: receive RaftClientReply:client-B2F93226DCBB->056ae293-26b5-4d67-bc5d-e905a6760a80@group-50E32BB97A46, cid=1208, SUCCESS, logIndex=1684, commits[056ae293-26b5-4d67-bc5d-e905a6760a80:c1685, a428730f-9893-43cb-a585-e65a7e8859c8:c1683, 994b73f6-7725-4304-b3a4-4941318c1d6c:c1683]
2019-07-08 19:53:12,642 INFO  client.GrpcClientProtocolClient (GrpcClientProtocolClient.java:onNext(255)) - client-B2F93226DCBB->056ae293-26b5-4d67-bc5d-e905a6760a80: receive RaftClientReply:client-B2F93226DCBB->056ae293-26b5-4d67-bc5d-e905a6760a80@group-50E32BB97A46, cid=1209, SUCCESS, logIndex=1685, commits[056ae293-26b5-4d67-bc5d-e905a6760a80:c1685, a428730f-9893-43cb-a585-e65a7e8859c8:c1683, 994b73f6-7725-4304-b3a4-4941318c1d6c:c1683]
2019-07-08 19:53:12,642 INFO  client.GrpcClientProtocolClient (GrpcClientProtocolClient.java:onNext(255)) - client-B2F93226DCBB->056ae293-26b5-4d67-bc5d-e905a6760a80: receive RaftClientReply:client-B2F93226DCBB->056ae293-26b5-4d67-bc5d-e905a6760a80@group-50E32BB97A46, cid=1210, SUCCESS, logIndex=1686, commits[056ae293-26b5-4d67-bc5d-e905a6760a80:c1687, a428730f-9893-43cb-a585-e65a7e8859c8:c1683, 994b73f6-7725-4304-b3a4-4941318c1d6c:c1683]
2019-07-08 19:53:12,643 INFO  client.GrpcClientProtocolClient (GrpcClientProtocolClient.java:onNext(255)) - client-B2F93226DCBB->056ae293-26b5-4d67-bc5d-e905a6760a80: receive RaftClientReply:client-B2F93226DCBB->056ae293-26b5-4d67-bc5d-e905a6760a80@group-50E32BB97A46, cid=1211, SUCCESS, logIndex=1687, commits[056ae293-26b5-4d67-bc5d-e905a6760a80:c1687, a428730f-9893-43cb-a585-e65a7e8859c8:c1683, 994b73f6-7725-4304-b3a4-4941318c1d6c:c1683]
2019-07-08 19:53:12,658 INFO  client.GrpcClientProtocolClient (GrpcClientProtocolClient.java:onNext(255)) - client-B2F93226DCBB->056ae293-26b5-4d67-bc5d-e905a6760a80: receive RaftClientReply:client-B2F93226DCBB->056ae293-26b5-4d67-bc5d-e905a6760a80@group-50E32BB97A46, cid=1212, SUCCESS, logIndex=0, commits[056ae293-26b5-4d67-bc5d-e905a6760a80:c1689, a428730f-9893-43cb-a585-e65a7e8859c8:c1685, 994b73f6-7725-4304-b3a4-4941318c1d6c:c1685]
2019-07-08 19:53:12,782 INFO  client.GrpcClientProtocolClient (GrpcClientProtocolClient.java:onNext(255)) - client-B2F93226DCBB->056ae293-26b5-4d67-bc5d-e905a6760a80: receive RaftClientReply:client-B2F93226DCBB->056ae293-26b5-4d67-bc5d-e905a6760a80@group-50E32BB97A46, cid=1213, SUCCESS, logIndex=1692, commits[056ae293-26b5-4d67-bc5d-e905a6760a80:c1693, a428730f-9893-43cb-a585-e65a7e8859c8:c1691, 994b73f6-7725-4304-b3a4-4941318c1d6c:c1691]
2019-07-08 19:53:12,783 INFO  client.GrpcClientProtocolClient (GrpcClientProtocolClient.java:onNext(255)) - client-B2F93226DCBB->056ae293-26b5-4d67-bc5d-e905a6760a80: receive RaftClientReply:client-B2F93226DCBB->056ae293-26b5-4d67-bc5d-e905a6760a80@group-50E32BB97A46, cid=1214, SUCCESS, logIndex=1693, commits[056ae293-26b5-4d67-bc5d-e905a6760a80:c1693, a428730f-9893-43cb-a585-e65a7e8859c8:c1691, 994b73f6-7725-4304-b3a4-4941318c1d6c:c1691]
2019-07-08 19:53:12,807 INFO  client.GrpcClientProtocolClient (GrpcClientProtocolClient.java:onNext(255)) - client-B2F93226DCBB->056ae293-26b5-4d67-bc5d-e905a6760a80: receive RaftClientReply:client-B2F93226DCBB->056ae293-26b5-4d67-bc5d-e905a6760a80@group-50E32BB97A46, cid=1215, SUCCESS, logIndex=1696, commits[056ae293-26b5-4d67-bc5d-e905a6760a80:c1697, a428730f-9893-43cb-a585-e65a7e8859c8:c1693, 994b73f6-7725-4304-b3a4-4941318c1d6c:c1693]
2019-07-08 19:53:12,807 INFO  client.GrpcClientProtocolClient (GrpcClientProtocolClient.java:onNext(255)) - client-B2F93226DCBB->056ae293-26b5-4d67-bc5d-e905a6760a80: receive RaftClientReply:client-B2F93226DCBB->056ae293-26b5-4d67-bc5d-e905a6760a80@group-50E32BB97A46, cid=1216, SUCCESS, logIndex=1697, commits[056ae293-26b5-4d67-bc5d-e905a6760a80:c1697, a428730f-9893-43cb-a585-e65a7e8859c8:c1693, 994b73f6-7725-4304-b3a4-4941318c1d6c:c1693]
2019-07-08 19:53:12,822 INFO  client.GrpcClientProtocolClient (GrpcClientProtocolClient.java:onNext(255)) - client-B2F93226DCBB->056ae293-26b5-4d67-bc5d-e905a6760a80: receive RaftClientReply:client-B2F93226DCBB->056ae293-26b5-4d67-bc5d-e905a6760a80@group-50E32BB97A46, cid=1217, SUCCESS, logIndex=0, commits[056ae293-26b5-4d67-bc5d-e905a6760a80:c1699, a428730f-9893-43cb-a585-e65a7e8859c8:c1697, 994b73f6-7725-4304-b3a4-4941318c1d6c:c1697]
2019-07-08 19:53:12,845 INFO  client.GrpcClientProtocolClient (GrpcClientProtocolClient.java:onNext(255)) - client-B2F93226DCBB->056ae293-26b5-4d67-bc5d-e905a6760a80: receive RaftClientReply:client-B2F93226DCBB->056ae293-26b5-4d67-bc5d-e905a6760a80@group-50E32BB97A46, cid=1218, SUCCESS, logIndex=1700, commits[056ae293-26b5-4d67-bc5d-e905a6760a80:c1701, a428730f-9893-43cb-a585-e65a7e8859c8:c1699, 994b73f6-7725-4304-b3a4-4941318c1d6c:c1699]
2019-07-08 19:53:12,845 INFO  client.GrpcClientProtocolClient (GrpcClientProtocolClient.java:onNext(255)) - client-B2F93226DCBB->056ae293-26b5-4d67-bc5d-e905a6760a80: receive RaftClientReply:client-B2F93226DCBB->056ae293-26b5-4d67-bc5d-e905a6760a80@group-50E32BB97A46, cid=1219, SUCCESS, logIndex=1701, commits[056ae293-26b5-4d67-bc5d-e905a6760a80:c1701, a428730f-9893-43cb-a585-e65a7e8859c8:c1699, 994b73f6-7725-4304-b3a4-4941318c1d6c:c1699]
2019-07-08 19:53:12,846 INFO  client.GrpcClientProtocolClient (GrpcClientProtocolClient.java:onNext(255)) - client-B2F93226DCBB->056ae293-26b5-4d67-bc5d-e905a6760a80: receive RaftClientReply:client-B2F93226DCBB->056ae293-26b5-4d67-bc5d-e905a6760a80@group-50E32BB97A46, cid=1220, SUCCESS, logIndex=1702, commits[056ae293-26b5-4d67-bc5d-e905a6760a80:c1703, a428730f-9893-43cb-a585-e65a7e8859c8:c1699, 994b73f6-7725-4304-b3a4-4941318c1d6c:c1699]
2019-07-08 19:53:12,846 INFO  client.GrpcClientProtocolClient (GrpcClientProtocolClient.java:onNext(255)) - client-B2F93226DCBB->056ae293-26b5-4d67-bc5d-e905a6760a80: receive RaftClientReply:client-B2F93226DCBB->056ae293-26b5-4d67-bc5d-e905a6760a80@group-50E32BB97A46, cid=1221, SUCCESS, logIndex=1703, commits[056ae293-26b5-4d67-bc5d-e905a6760a80:c1703, a428730f-9893-43cb-a585-e65a7e8859c8:c1699, 994b73f6-7725-4304-b3a4-4941318c1d6c:c1699]
2019-07-08 19:53:12,859 INFO  client.GrpcClientProtocolClient (GrpcClientProtocolClient.java:onNext(255)) - client-B2F93226DCBB->056ae293-26b5-4d67-bc5d-e905a6760a80: receive RaftClientReply:client-B2F93226DCBB->056ae293-26b5-4d67-bc5d-e905a6760a80@group-50E32BB97A46, cid=1222, SUCCESS, logIndex=0, commits[056ae293-26b5-4d67-bc5d-e905a6760a80:c1705, a428730f-9893-43cb-a585-e65a7e8859c8:c1701, 994b73f6-7725-4304-b3a4-4941318c1d6c:c1701]
2019-07-08 19:53:12,881 INFO  client.GrpcClientProtocolClient (GrpcClientProtocolClient.java:onNext(255)) - client-B2F93226DCBB->056ae293-26b5-4d67-bc5d-e905a6760a80: receive RaftClientReply:client-B2F93226DCBB->056ae293-26b5-4d67-bc5d-e905a6760a80@group-50E32BB97A46, cid=1223, SUCCESS, logIndex=1708, commits[056ae293-26b5-4d67-bc5d-e905a6760a80:c1709, a428730f-9893-43cb-a585-e65a7e8859c8:c1707, 994b73f6-7725-4304-b3a4-4941318c1d6c:c1707]
2019-07-08 19:53:12,881 INFO  client.GrpcClientProtocolClient (GrpcClientProtocolClient.java:onNext(255)) - client-B2F93226DCBB->056ae293-26b5-4d67-bc5d-e905a6760a80: receive RaftClientReply:client-B2F93226DCBB->056ae293-26b5-4d67-bc5d-e905a6760a80@group-50E32BB97A46, cid=1224, SUCCESS, logIndex=1709, commits[056ae293-26b5-4d67-bc5d-e905a6760a80:c1709, a428730f-9893-43cb-a585-e65a7e8859c8:c1707, 994b73f6-7725-4304-b3a4-4941318c1d6c:c1707]
2019-07-08 19:53:12,896 INFO  client.GrpcClientProtocolClient (GrpcClientProtocolClient.java:onNext(255)) - client-B2F93226DCBB->056ae293-26b5-4d67-bc5d-e905a6760a80: receive RaftClientReply:client-B2F93226DCBB->056ae293-26b5-4d67-bc5d-e905a6760a80@group-50E32BB97A46, cid=1225, SUCCESS, logIndex=1712, commits[056ae293-26b5-4d67-bc5d-e905a6760a80:c1713, a428730f-9893-43cb-a585-e65a7e8859c8:c1709, 994b73f6-7725-4304-b3a4-4941318c1d6c:c1709]
2019-07-08 19:53:12,896 INFO  client.GrpcClientProtocolClient (GrpcClientProtocolClient.java:onNext(255)) - client-B2F93226DCBB->056ae293-26b5-4d67-bc5d-e905a6760a80: receive RaftClientReply:client-B2F93226DCBB->056ae293-26b5-4d67-bc5d-e905a6760a80@group-50E32BB97A46, cid=1226, SUCCESS, logIndex=1713, commits[056ae293-26b5-4d67-bc5d-e905a6760a80:c1713, a428730f-9893-43cb-a585-e65a7e8859c8:c1709, 994b73f6-7725-4304-b3a4-4941318c1d6c:c1709]
2019-07-08 19:53:12,910 INFO  client.GrpcClientProtocolClient (GrpcClientProtocolClient.java:onNext(255)) - client-B2F93226DCBB->056ae293-26b5-4d67-bc5d-e905a6760a80: receive RaftClientReply:client-B2F93226DCBB->056ae293-26b5-4d67-bc5d-e905a6760a80@group-50E32BB97A46, cid=1227, SUCCESS, logIndex=0, commits[056ae293-26b5-4d67-bc5d-e905a6760a80:c1715, a428730f-9893-43cb-a585-e65a7e8859c8:c1713, 994b73f6-7725-4304-b3a4-4941318c1d6c:c1713]
2019-07-08 19:53:12,924 INFO  client.GrpcClientProtocolClient (GrpcClientProtocolClient.java:onNext(255)) - client-B2F93226DCBB->056ae293-26b5-4d67-bc5d-e905a6760a80: receive RaftClientReply:client-B2F93226DCBB->056ae293-26b5-4d67-bc5d-e905a6760a80@group-50E32BB97A46, cid=1228, SUCCESS, logIndex=1716, commits[056ae293-26b5-4d67-bc5d-e905a6760a80:c1717, a428730f-9893-43cb-a585-e65a7e8859c8:c1715, 994b73f6-7725-4304-b3a4-4941318c1d6c:c1713]
2019-07-08 19:53:12,924 INFO  client.GrpcClientProtocolClient (GrpcClientProtocolClient.java:onNext(255)) - client-B2F93226DCBB->056ae293-26b5-4d67-bc5d-e905a6760a80: receive RaftClientReply:client-B2F93226DCBB->056ae293-26b5-4d67-bc5d-e905a6760a80@group-50E32BB97A46, cid=1229, SUCCESS, logIndex=1717, commits[056ae293-26b5-4d67-bc5d-e905a6760a80:c1717, a428730f-9893-43cb-a585-e65a7e8859c8:c1715, 994b73f6-7725-4304-b3a4-4941318c1d6c:c1713]
2019-07-08 19:53:12,928 INFO  client.GrpcClientProtocolClient (GrpcClientProtocolClient.java:onNext(255)) - client-B2F93226DCBB->056ae293-26b5-4d67-bc5d-e905a6760a80: receive RaftClientReply:client-B2F93226DCBB->056ae293-26b5-4d67-bc5d-e905a6760a80@group-50E32BB97A46, cid=1230, SUCCESS, logIndex=1718, commits[056ae293-26b5-4d67-bc5d-e905a6760a80:c1719, a428730f-9893-43cb-a585-e65a7e8859c8:c1716, 994b73f6-7725-4304-b3a4-4941318c1d6c:c1715]
2019-07-08 19:53:12,928 INFO  client.GrpcClientProtocolClient (GrpcClientProtocolClient.java:onNext(255)) - client-B2F93226DCBB->056ae293-26b5-4d67-bc5d-e905a6760a80: receive RaftClientReply:client-B2F93226DCBB->056ae293-26b5-4d67-bc5d-e905a6760a80@group-50E32BB97A46, cid=1231, SUCCESS, logIndex=1719, commits[056ae293-26b5-4d67-bc5d-e905a6760a80:c1720, a428730f-9893-43cb-a585-e65a7e8859c8:c1716, 994b73f6-7725-4304-b3a4-4941318c1d6c:c1715]
2019-07-08 19:53:12,929 INFO  client.GrpcClientProtocolClient (GrpcClientProtocolClient.java:onNext(255)) - client-B2F93226DCBB->056ae293-26b5-4d67-bc5d-e905a6760a80: receive RaftClientReply:client-B2F93226DCBB->056ae293-26b5-4d67-bc5d-e905a6760a80@group-50E32BB97A46, cid=1232, SUCCESS, logIndex=0, commits[056ae293-26b5-4d67-bc5d-e905a6760a80:c1720, a428730f-9893-43cb-a585-e65a7e8859c8:c1717, 994b73f6-7725-4304-b3a4-4941318c1d6c:c1717]
2019-07-08 19:53:12,942 INFO  client.GrpcClientProtocolClient (GrpcClientProtocolClient.java:onNext(255)) - client-B2F93226DCBB->056ae293-26b5-4d67-bc5d-e905a6760a80: receive RaftClientReply:client-B2F93226DCBB->056ae293-26b5-4d67-bc5d-e905a6760a80@group-50E32BB97A46, cid=1233, SUCCESS, logIndex=1724, commits[056ae293-26b5-4d67-bc5d-e905a6760a80:c1725, a428730f-9893-43cb-a585-e65a7e8859c8:c1719, 994b73f6-7725-4304-b3a4-4941318c1d6c:c1723]
2019-07-08 19:53:12,942 INFO  client.GrpcClientProtocolClient (GrpcClientProtocolClient.java:onNext(255)) - client-B2F93226DCBB->056ae293-26b5-4d67-bc5d-e905a6760a80: receive RaftClientReply:client-B2F93226DCBB->056ae293-26b5-4d67-bc5d-e905a6760a80@group-50E32BB97A46, cid=1234, SUCCESS, logIndex=1725, commits[056ae293-26b5-4d67-bc5d-e905a6760a80:c1725, a428730f-9893-43cb-a585-e65a7e8859c8:c1723, 994b73f6-7725-4304-b3a4-4941318c1d6c:c1723]
2019-07-08 19:53:12,953 INFO  client.GrpcClientProtocolClient (GrpcClientProtocolClient.java:onNext(255)) - client-B2F93226DCBB->056ae293-26b5-4d67-bc5d-e905a6760a80: receive RaftClientReply:client-B2F93226DCBB->056ae293-26b5-4d67-bc5d-e905a6760a80@group-50E32BB97A46, cid=1235, SUCCESS, logIndex=1728, commits[056ae293-26b5-4d67-bc5d-e905a6760a80:c1729, a428730f-9893-43cb-a585-e65a7e8859c8:c1725, 994b73f6-7725-4304-b3a4-4941318c1d6c:c1727]
2019-07-08 19:53:12,953 INFO  client.GrpcClientProtocolClient (GrpcClientProtocolClient.java:onNext(255)) - client-B2F93226DCBB->056ae293-26b5-4d67-bc5d-e905a6760a80: receive RaftClientReply:client-B2F93226DCBB->056ae293-26b5-4d67-bc5d-e905a6760a80@group-50E32BB97A46, cid=1236, SUCCESS, logIndex=1729, commits[056ae293-26b5-4d67-bc5d-e905a6760a80:c1729, a428730f-9893-43cb-a585-e65a7e8859c8:c1727, 994b73f6-7725-4304-b3a4-4941318c1d6c:c1727]
2019-07-08 19:53:12,958 INFO  client.GrpcClientProtocolClient (GrpcClientProtocolClient.java:onNext(255)) - client-B2F93226DCBB->056ae293-26b5-4d67-bc5d-e905a6760a80: receive RaftClientReply:client-B2F93226DCBB->056ae293-26b5-4d67-bc5d-e905a6760a80@group-50E32BB97A46, cid=1237, SUCCESS, logIndex=0, commits[056ae293-26b5-4d67-bc5d-e905a6760a80:c1730, a428730f-9893-43cb-a585-e65a7e8859c8:c1729, 994b73f6-7725-4304-b3a4-4941318c1d6c:c1729]
 0.00% |█                                                                                                    |  0/1 Time: 0:00:092019-07-08 19:53:12,999 INFO  client.GrpcClientProtocolClient (GrpcClientProtocolClient.java:onNext(255)) - client-B2F93226DCBB->056ae293-26b5-4d67-bc5d-e905a6760a80: receive RaftClientReply:client-B2F93226DCBB->056ae293-26b5-4d67-bc5d-e905a6760a80@group-50E32BB97A46, cid=1238, SUCCESS, logIndex=1731, commits[056ae293-26b5-4d67-bc5d-e905a6760a80:c1732, a428730f-9893-43cb-a585-e65a7e8859c8:c1730, 994b73f6-7725-4304-b3a4-4941318c1d6c:c1730]
2019-07-08 19:53:12,999 INFO  client.GrpcClientProtocolClient (GrpcClientProtocolClient.java:onNext(255)) - client-B2F93226DCBB->056ae293-26b5-4d67-bc5d-e905a6760a80: receive RaftClientReply:client-B2F93226DCBB->056ae293-26b5-4d67-bc5d-e905a6760a80@group-50E32BB97A46, cid=1239, SUCCESS, logIndex=1732, commits[056ae293-26b5-4d67-bc5d-e905a6760a80:c1732, a428730f-9893-43cb-a585-e65a7e8859c8:c1730, 994b73f6-7725-4304-b3a4-4941318c1d6c:c1730]
2019-07-08 19:53:13,000 INFO  client.GrpcClientProtocolClient (GrpcClientProtocolClient.java:onNext(255)) - client-B2F93226DCBB->056ae293-26b5-4d67-bc5d-e905a6760a80: receive RaftClientReply:client-B2F93226DCBB->056ae293-26b5-4d67-bc5d-e905a6760a80@group-50E32BB97A46, cid=1240, SUCCESS, logIndex=1733, commits[056ae293-26b5-4d67-bc5d-e905a6760a80:c1734, a428730f-9893-43cb-a585-e65a7e8859c8:c1730, 994b73f6-7725-4304-b3a4-4941318c1d6c:c1730]
2019-07-08 19:53:13,000 INFO  client.GrpcClientProtocolClient (GrpcClientProtocolClient.java:onNext(255)) - client-B2F93226DCBB->056ae293-26b5-4d67-bc5d-e905a6760a80: receive RaftClientReply:client-B2F93226DCBB->056ae293-26b5-4d67-bc5d-e905a6760a80@group-50E32BB97A46, cid=1241, SUCCESS, logIndex=1734, commits[056ae293-26b5-4d67-bc5d-e905a6760a80:c1734, a428730f-9893-43cb-a585-e65a7e8859c8:c1730, 994b73f6-7725-4304-b3a4-4941318c1d6c:c1730]
2019-07-08 19:53:13,013 INFO  client.GrpcClientProtocolClient (GrpcClientProtocolClient.java:onNext(255)) - client-B2F93226DCBB->056ae293-26b5-4d67-bc5d-e905a6760a80: receive RaftClientReply:client-B2F93226DCBB->056ae293-26b5-4d67-bc5d-e905a6760a80@group-50E32BB97A46, cid=1242, SUCCESS, logIndex=0, commits[056ae293-26b5-4d67-bc5d-e905a6760a80:c1736, a428730f-9893-43cb-a585-e65a7e8859c8:c1732, 994b73f6-7725-4304-b3a4-4941318c1d6c:c1732]
2019-07-08 19:53:13,032 INFO  client.GrpcClientProtocolClient (GrpcClientProtocolClient.java:onNext(255)) - client-B2F93226DCBB->056ae293-26b5-4d67-bc5d-e905a6760a80: receive RaftClientReply:client-B2F93226DCBB->056ae293-26b5-4d67-bc5d-e905a6760a80@group-50E32BB97A46, cid=1243, SUCCESS, logIndex=1739, commits[056ae293-26b5-4d67-bc5d-e905a6760a80:c1740, a428730f-9893-43cb-a585-e65a7e8859c8:c1738, 994b73f6-7725-4304-b3a4-4941318c1d6c:c1738]
2019-07-08 19:53:13,033 INFO  client.GrpcClientProtocolClient (GrpcClientProtocolClient.java:onNext(255)) - client-B2F93226DCBB->056ae293-26b5-4d67-bc5d-e905a6760a80: receive RaftClientReply:client-B2F93226DCBB->056ae293-26b5-4d67-bc5d-e905a6760a80@group-50E32BB97A46, cid=1244, SUCCESS, logIndex=1740, commits[056ae293-26b5-4d67-bc5d-e905a6760a80:c1740, a428730f-9893-43cb-a585-e65a7e8859c8:c1738, 994b73f6-7725-4304-b3a4-4941318c1d6c:c1738]
2019-07-08 19:53:13,047 INFO  client.GrpcClientProtocolClient (GrpcClientProtocolClient.java:onNext(255)) - client-B2F93226DCBB->056ae293-26b5-4d67-bc5d-e905a6760a80: receive RaftClientReply:client-B2F93226DCBB->056ae293-26b5-4d67-bc5d-e905a6760a80@group-50E32BB97A46, cid=1245, SUCCESS, logIndex=1743, commits[056ae293-26b5-4d67-bc5d-e905a6760a80:c1744, a428730f-9893-43cb-a585-e65a7e8859c8:c1740, 994b73f6-7725-4304-b3a4-4941318c1d6c:c1740]
2019-07-08 19:53:13,048 INFO  client.GrpcClientProtocolClient (GrpcClientProtocolClient.java:onNext(255)) - client-B2F93226DCBB->056ae293-26b5-4d67-bc5d-e905a6760a80: receive RaftClientReply:client-B2F93226DCBB->056ae293-26b5-4d67-bc5d-e905a6760a80@group-50E32BB97A46, cid=1246, SUCCESS, logIndex=1744, commits[056ae293-26b5-4d67-bc5d-e905a6760a80:c1744, a428730f-9893-43cb-a585-e65a7e8859c8:c1740, 994b73f6-7725-4304-b3a4-4941318c1d6c:c1740]
2019-07-08 19:53:13,060 INFO  client.GrpcClientProtocolClient (GrpcClientProtocolClient.java:onNext(255)) - client-B2F93226DCBB->056ae293-26b5-4d67-bc5d-e905a6760a80: receive RaftClientReply:client-B2F93226DCBB->056ae293-26b5-4d67-bc5d-e905a6760a80@group-50E32BB97A46, cid=1247, SUCCESS, logIndex=0, commits[056ae293-26b5-4d67-bc5d-e905a6760a80:c1746, a428730f-9893-43cb-a585-e65a7e8859c8:c1744, 994b73f6-7725-4304-b3a4-4941318c1d6c:c1744]
2019-07-08 19:53:13,099 INFO  client.GrpcClientProtocolClient (GrpcClientProtocolClient.java:onNext(255)) - client-B2F93226DCBB->056ae293-26b5-4d67-bc5d-e905a6760a80: receive RaftClientReply:client-B2F93226DCBB->056ae293-26b5-4d67-bc5d-e905a6760a80@group-50E32BB97A46, cid=1248, SUCCESS, logIndex=1747, commits[056ae293-26b5-4d67-bc5d-e905a6760a80:c1748, a428730f-9893-43cb-a585-e65a7e8859c8:c1746, 994b73f6-7725-4304-b3a4-4941318c1d6c:c1746]
2019-07-08 19:53:13,099 INFO  client.GrpcClientProtocolClient (GrpcClientProtocolClient.java:onNext(255)) - client-B2F93226DCBB->056ae293-26b5-4d67-bc5d-e905a6760a80: receive RaftClientReply:client-B2F93226DCBB->056ae293-26b5-4d67-bc5d-e905a6760a80@group-50E32BB97A46, cid=1249, SUCCESS, logIndex=1748, commits[056ae293-26b5-4d67-bc5d-e905a6760a80:c1750, a428730f-9893-43cb-a585-e65a7e8859c8:c1746, 994b73f6-7725-4304-b3a4-4941318c1d6c:c1746]
2019-07-08 19:53:13,100 INFO  client.GrpcClientProtocolClient (GrpcClientProtocolClient.java:onNext(255)) - client-B2F93226DCBB->056ae293-26b5-4d67-bc5d-e905a6760a80: receive RaftClientReply:client-B2F93226DCBB->056ae293-26b5-4d67-bc5d-e905a6760a80@group-50E32BB97A46, cid=1250, SUCCESS, logIndex=1749, commits[056ae293-26b5-4d67-bc5d-e905a6760a80:c1750, a428730f-9893-43cb-a585-e65a7e8859c8:c1746, 994b73f6-7725-4304-b3a4-4941318c1d6c:c1746]
2019-07-08 19:53:13,100 INFO  client.GrpcClientProtocolClient (GrpcClientProtocolClient.java:onNext(255)) - client-B2F93226DCBB->056ae293-26b5-4d67-bc5d-e905a6760a80: receive RaftClientReply:client-B2F93226DCBB->056ae293-26b5-4d67-bc5d-e905a6760a80@group-50E32BB97A46, cid=1251, SUCCESS, logIndex=1750, commits[056ae293-26b5-4d67-bc5d-e905a6760a80:c1750, a428730f-9893-43cb-a585-e65a7e8859c8:c1746, 994b73f6-7725-4304-b3a4-4941318c1d6c:c1746]
2019-07-08 19:53:13,112 INFO  client.GrpcClientProtocolClient (GrpcClientProtocolClient.java:onNext(255)) - client-B2F93226DCBB->056ae293-26b5-4d67-bc5d-e905a6760a80: receive RaftClientReply:client-B2F93226DCBB->056ae293-26b5-4d67-bc5d-e905a6760a80@group-50E32BB97A46, cid=1252, SUCCESS, logIndex=0, commits[056ae293-26b5-4d67-bc5d-e905a6760a80:c1752, a428730f-9893-43cb-a585-e65a7e8859c8:c1748, 994b73f6-7725-4304-b3a4-4941318c1d6c:c1748]
2019-07-08 19:53:13,132 INFO  client.GrpcClientProtocolClient (GrpcClientProtocolClient.java:onNext(255)) - client-B2F93226DCBB->056ae293-26b5-4d67-bc5d-e905a6760a80: receive RaftClientReply:client-B2F93226DCBB->056ae293-26b5-4d67-bc5d-e905a6760a80@group-50E32BB97A46, cid=1253, SUCCESS, logIndex=1755, commits[056ae293-26b5-4d67-bc5d-e905a6760a80:c1756, a428730f-9893-43cb-a585-e65a7e8859c8:c1754, 994b73f6-7725-4304-b3a4-4941318c1d6c:c1754]
2019-07-08 19:53:13,132 INFO  client.GrpcClientProtocolClient (GrpcClientProtocolClient.java:onNext(255)) - client-B2F93226DCBB->056ae293-26b5-4d67-bc5d-e905a6760a80: receive RaftClientReply:client-B2F93226DCBB->056ae293-26b5-4d67-bc5d-e905a6760a80@group-50E32BB97A46, cid=1254, SUCCESS, logIndex=1756, commits[056ae293-26b5-4d67-bc5d-e905a6760a80:c1756, a428730f-9893-43cb-a585-e65a7e8859c8:c1754, 994b73f6-7725-4304-b3a4-4941318c1d6c:c1754]
2019-07-08 19:53:13,145 INFO  client.GrpcClientProtocolClient (GrpcClientProtocolClient.java:onNext(255)) - client-B2F93226DCBB->056ae293-26b5-4d67-bc5d-e905a6760a80: receive RaftClientReply:client-B2F93226DCBB->056ae293-26b5-4d67-bc5d-e905a6760a80@group-50E32BB97A46, cid=1255, SUCCESS, logIndex=1759, commits[056ae293-26b5-4d67-bc5d-e905a6760a80:c1760, a428730f-9893-43cb-a585-e65a7e8859c8:c1755, 994b73f6-7725-4304-b3a4-4941318c1d6c:c1756]
2019-07-08 19:53:13,145 INFO  client.GrpcClientProtocolClient (GrpcClientProtocolClient.java:onNext(255)) - client-B2F93226DCBB->056ae293-26b5-4d67-bc5d-e905a6760a80: receive RaftClientReply:client-B2F93226DCBB->056ae293-26b5-4d67-bc5d-e905a6760a80@group-50E32BB97A46, cid=1256, SUCCESS, logIndex=1760, commits[056ae293-26b5-4d67-bc5d-e905a6760a80:c1760, a428730f-9893-43cb-a585-e65a7e8859c8:c1756, 994b73f6-7725-4304-b3a4-4941318c1d6c:c1756]
2019-07-08 19:53:13,148 INFO  client.GrpcClientProtocolClient (GrpcClientProtocolClient.java:onNext(255)) - client-B2F93226DCBB->056ae293-26b5-4d67-bc5d-e905a6760a80: receive RaftClientReply:client-B2F93226DCBB->056ae293-26b5-4d67-bc5d-e905a6760a80@group-50E32BB97A46, cid=1257, SUCCESS, logIndex=0, commits[056ae293-26b5-4d67-bc5d-e905a6760a80:c1762, a428730f-9893-43cb-a585-e65a7e8859c8:c1760, 994b73f6-7725-4304-b3a4-4941318c1d6c:c1760]
2019-07-08 19:53:13,180 INFO  client.GrpcClientProtocolClient (GrpcClientProtocolClient.java:onNext(255)) - client-B2F93226DCBB->056ae293-26b5-4d67-bc5d-e905a6760a80: receive RaftClientReply:client-B2F93226DCBB->056ae293-26b5-4d67-bc5d-e905a6760a80@group-50E32BB97A46, cid=1258, SUCCESS, logIndex=1763, commits[056ae293-26b5-4d67-bc5d-e905a6760a80:c1766, a428730f-9893-43cb-a585-e65a7e8859c8:c1762, 994b73f6-7725-4304-b3a4-4941318c1d6c:c1762]
2019-07-08 19:53:13,181 INFO  client.GrpcClientProtocolClient (GrpcClientProtocolClient.java:onNext(255)) - client-B2F93226DCBB->056ae293-26b5-4d67-bc5d-e905a6760a80: receive RaftClientReply:client-B2F93226DCBB->056ae293-26b5-4d67-bc5d-e905a6760a80@group-50E32BB97A46, cid=1259, SUCCESS, logIndex=1764, commits[056ae293-26b5-4d67-bc5d-e905a6760a80:c1766, a428730f-9893-43cb-a585-e65a7e8859c8:c1762, 994b73f6-7725-4304-b3a4-4941318c1d6c:c1762]
2019-07-08 19:53:13,181 INFO  client.GrpcClientProtocolClient (GrpcClientProtocolClient.java:onNext(255)) - client-B2F93226DCBB->056ae293-26b5-4d67-bc5d-e905a6760a80: receive RaftClientReply:client-B2F93226DCBB->056ae293-26b5-4d67-bc5d-e905a6760a80@group-50E32BB97A46, cid=1260, SUCCESS, logIndex=1765, commits[056ae293-26b5-4d67-bc5d-e905a6760a80:c1766, a428730f-9893-43cb-a585-e65a7e8859c8:c1762, 994b73f6-7725-4304-b3a4-4941318c1d6c:c1766]
2019-07-08 19:53:13,182 INFO  client.GrpcClientProtocolClient (GrpcClientProtocolClient.java:onNext(255)) - client-B2F93226DCBB->056ae293-26b5-4d67-bc5d-e905a6760a80: receive RaftClientReply:client-B2F93226DCBB->056ae293-26b5-4d67-bc5d-e905a6760a80@group-50E32BB97A46, cid=1261, SUCCESS, logIndex=1766, commits[056ae293-26b5-4d67-bc5d-e905a6760a80:c1767, a428730f-9893-43cb-a585-e65a7e8859c8:c1766, 994b73f6-7725-4304-b3a4-4941318c1d6c:c1766]
2019-07-08 19:53:13,195 INFO  client.GrpcClientProtocolClient (GrpcClientProtocolClient.java:onNext(255)) - client-B2F93226DCBB->056ae293-26b5-4d67-bc5d-e905a6760a80: receive RaftClientReply:client-B2F93226DCBB->056ae293-26b5-4d67-bc5d-e905a6760a80@group-50E32BB97A46, cid=1262, SUCCESS, logIndex=1769, commits[056ae293-26b5-4d67-bc5d-e905a6760a80:c1770, a428730f-9893-43cb-a585-e65a7e8859c8:c1768, 994b73f6-7725-4304-b3a4-4941318c1d6c:c1768]
2019-07-08 19:53:13,196 INFO  client.GrpcClientProtocolClient (GrpcClientProtocolClient.java:onNext(255)) - client-B2F93226DCBB->056ae293-26b5-4d67-bc5d-e905a6760a80: receive RaftClientReply:client-B2F93226DCBB->056ae293-26b5-4d67-bc5d-e905a6760a80@group-50E32BB97A46, cid=1263, SUCCESS, logIndex=1770, commits[056ae293-26b5-4d67-bc5d-e905a6760a80:c1770, a428730f-9893-43cb-a585-e65a7e8859c8:c1768, 994b73f6-7725-4304-b3a4-4941318c1d6c:c1768]
2019-07-08 19:53:13,200 INFO  client.GrpcClientProtocolClient (GrpcClientProtocolClient.java:onNext(255)) - client-B2F93226DCBB->056ae293-26b5-4d67-bc5d-e905a6760a80: receive RaftClientReply:client-B2F93226DCBB->056ae293-26b5-4d67-bc5d-e905a6760a80@group-50E32BB97A46, cid=1264, SUCCESS, logIndex=1771, commits[056ae293-26b5-4d67-bc5d-e905a6760a80:c1773, a428730f-9893-43cb-a585-e65a7e8859c8:c1768, 994b73f6-7725-4304-b3a4-4941318c1d6c:c1770]
2019-07-08 19:53:13,200 INFO  client.GrpcClientProtocolClient (GrpcClientProtocolClient.java:onNext(255)) - client-B2F93226DCBB->056ae293-26b5-4d67-bc5d-e905a6760a80: receive RaftClientReply:client-B2F93226DCBB->056ae293-26b5-4d67-bc5d-e905a6760a80@group-50E32BB97A46, cid=1265, SUCCESS, logIndex=1772, commits[056ae293-26b5-4d67-bc5d-e905a6760a80:c1774, a428730f-9893-43cb-a585-e65a7e8859c8:c1770, 994b73f6-7725-4304-b3a4-4941318c1d6c:c1770]
2019-07-08 19:53:13,203 INFO  client.GrpcClientProtocolClient (GrpcClientProtocolClient.java:onNext(255)) - client-B2F93226DCBB->056ae293-26b5-4d67-bc5d-e905a6760a80: receive RaftClientReply:client-B2F93226DCBB->056ae293-26b5-4d67-bc5d-e905a6760a80@group-50E32BB97A46, cid=1266, SUCCESS, logIndex=0, commits[056ae293-26b5-4d67-bc5d-e905a6760a80:c1775, a428730f-9893-43cb-a585-e65a7e8859c8:c1772, 994b73f6-7725-4304-b3a4-4941318c1d6c:c1772]
2019-07-08 19:53:13,229 INFO  client.GrpcClientProtocolClient (GrpcClientProtocolClient.java:onNext(255)) - client-B2F93226DCBB->056ae293-26b5-4d67-bc5d-e905a6760a80: receive RaftClientReply:client-B2F93226DCBB->056ae293-26b5-4d67-bc5d-e905a6760a80@group-50E32BB97A46, cid=1267, SUCCESS, logIndex=1777, commits[056ae293-26b5-4d67-bc5d-e905a6760a80:c1778, a428730f-9893-43cb-a585-e65a7e8859c8:c1776, 994b73f6-7725-4304-b3a4-4941318c1d6c:c1776]
2019-07-08 19:53:13,229 INFO  client.GrpcClientProtocolClient (GrpcClientProtocolClient.java:onNext(255)) - client-B2F93226DCBB->056ae293-26b5-4d67-bc5d-e905a6760a80: receive RaftClientReply:client-B2F93226DCBB->056ae293-26b5-4d67-bc5d-e905a6760a80@group-50E32BB97A46, cid=1268, SUCCESS, logIndex=1778, commits[056ae293-26b5-4d67-bc5d-e905a6760a80:c1780, a428730f-9893-43cb-a585-e65a7e8859c8:c1776, 994b73f6-7725-4304-b3a4-4941318c1d6c:c1776]
2019-07-08 19:53:13,230 INFO  client.GrpcClientProtocolClient (GrpcClientProtocolClient.java:onNext(255)) - client-B2F93226DCBB->056ae293-26b5-4d67-bc5d-e905a6760a80: receive RaftClientReply:client-B2F93226DCBB->056ae293-26b5-4d67-bc5d-e905a6760a80@group-50E32BB97A46, cid=1269, SUCCESS, logIndex=1779, commits[056ae293-26b5-4d67-bc5d-e905a6760a80:c1780, a428730f-9893-43cb-a585-e65a7e8859c8:c1776, 994b73f6-7725-4304-b3a4-4941318c1d6c:c1776]
2019-07-08 19:53:13,230 INFO  client.GrpcClientProtocolClient (GrpcClientProtocolClient.java:onNext(255)) - client-B2F93226DCBB->056ae293-26b5-4d67-bc5d-e905a6760a80: receive RaftClientReply:client-B2F93226DCBB->056ae293-26b5-4d67-bc5d-e905a6760a80@group-50E32BB97A46, cid=1270, SUCCESS, logIndex=1780, commits[056ae293-26b5-4d67-bc5d-e905a6760a80:c1780, a428730f-9893-43cb-a585-e65a7e8859c8:c1776, 994b73f6-7725-4304-b3a4-4941318c1d6c:c1777]
2019-07-08 19:53:13,231 INFO  client.GrpcClientProtocolClient (GrpcClientProtocolClient.java:onNext(255)) - client-B2F93226DCBB->056ae293-26b5-4d67-bc5d-e905a6760a80: receive RaftClientReply:client-B2F93226DCBB->056ae293-26b5-4d67-bc5d-e905a6760a80@group-50E32BB97A46, cid=1271, SUCCESS, logIndex=0, commits[056ae293-26b5-4d67-bc5d-e905a6760a80:c1784, a428730f-9893-43cb-a585-e65a7e8859c8:c1780, 994b73f6-7725-4304-b3a4-4941318c1d6c:c1780]
2019-07-08 19:53:13,249 INFO  client.GrpcClientProtocolClient (GrpcClientProtocolClient.java:onNext(255)) - client-B2F93226DCBB->056ae293-26b5-4d67-bc5d-e905a6760a80: receive RaftClientReply:client-B2F93226DCBB->056ae293-26b5-4d67-bc5d-e905a6760a80@group-50E32BB97A46, cid=1272, SUCCESS, logIndex=1785, commits[056ae293-26b5-4d67-bc5d-e905a6760a80:c1786, a428730f-9893-43cb-a585-e65a7e8859c8:c1784, 994b73f6-7725-4304-b3a4-4941318c1d6c:c1784]
2019-07-08 19:53:13,249 INFO  client.GrpcClientProtocolClient (GrpcClientProtocolClient.java:onNext(255)) - client-B2F93226DCBB->056ae293-26b5-4d67-bc5d-e905a6760a80: receive RaftClientReply:client-B2F93226DCBB->056ae293-26b5-4d67-bc5d-e905a6760a80@group-50E32BB97A46, cid=1273, SUCCESS, logIndex=1786, commits[056ae293-26b5-4d67-bc5d-e905a6760a80:c1786, a428730f-9893-43cb-a585-e65a7e8859c8:c1784, 994b73f6-7725-4304-b3a4-4941318c1d6c:c1784]
2019-07-08 19:53:13,264 INFO  client.GrpcClientProtocolClient (GrpcClientProtocolClient.java:onNext(255)) - client-B2F93226DCBB->056ae293-26b5-4d67-bc5d-e905a6760a80: receive RaftClientReply:client-B2F93226DCBB->056ae293-26b5-4d67-bc5d-e905a6760a80@group-50E32BB97A46, cid=1274, SUCCESS, logIndex=1789, commits[056ae293-26b5-4d67-bc5d-e905a6760a80:c1789, a428730f-9893-43cb-a585-e65a7e8859c8:c1786, 994b73f6-7725-4304-b3a4-4941318c1d6c:c1786]
2019-07-08 19:53:13,264 INFO  client.GrpcClientProtocolClient (GrpcClientProtocolClient.java:onNext(255)) - client-B2F93226DCBB->056ae293-26b5-4d67-bc5d-e905a6760a80: receive RaftClientReply:client-B2F93226DCBB->056ae293-26b5-4d67-bc5d-e905a6760a80@group-50E32BB97A46, cid=1275, SUCCESS, logIndex=1790, commits[056ae293-26b5-4d67-bc5d-e905a6760a80:c1790, a428730f-9893-43cb-a585-e65a7e8859c8:c1786, 994b73f6-7725-4304-b3a4-4941318c1d6c:c1786]
2019-07-08 19:53:13,278 INFO  client.GrpcClientProtocolClient (GrpcClientProtocolClient.java:onNext(255)) - client-B2F93226DCBB->056ae293-26b5-4d67-bc5d-e905a6760a80: receive RaftClientReply:client-B2F93226DCBB->056ae293-26b5-4d67-bc5d-e905a6760a80@group-50E32BB97A46, cid=1276, SUCCESS, logIndex=0, commits[056ae293-26b5-4d67-bc5d-e905a6760a80:c1792, a428730f-9893-43cb-a585-e65a7e8859c8:c1790, 994b73f6-7725-4304-b3a4-4941318c1d6c:c1790]
2019-07-08 19:53:13,308 INFO  client.GrpcClientProtocolClient (GrpcClientProtocolClient.java:onNext(255)) - client-B2F93226DCBB->056ae293-26b5-4d67-bc5d-e905a6760a80: receive RaftClientReply:client-B2F93226DCBB->056ae293-26b5-4d67-bc5d-e905a6760a80@group-50E32BB97A46, cid=1277, SUCCESS, logIndex=1793, commits[056ae293-26b5-4d67-bc5d-e905a6760a80:c1794, a428730f-9893-43cb-a585-e65a7e8859c8:c1792, 994b73f6-7725-4304-b3a4-4941318c1d6c:c1792]
2019-07-08 19:53:13,309 INFO  client.GrpcClientProtocolClient (GrpcClientProtocolClient.java:onNext(255)) - client-B2F93226DCBB->056ae293-26b5-4d67-bc5d-e905a6760a80: receive RaftClientReply:client-B2F93226DCBB->056ae293-26b5-4d67-bc5d-e905a6760a80@group-50E32BB97A46, cid=1278, SUCCESS, logIndex=1794, commits[056ae293-26b5-4d67-bc5d-e905a6760a80:c1795, a428730f-9893-43cb-a585-e65a7e8859c8:c1792, 994b73f6-7725-4304-b3a4-4941318c1d6c:c1792]
2019-07-08 19:53:13,309 INFO  client.GrpcClientProtocolClient (GrpcClientProtocolClient.java:onNext(255)) - client-B2F93226DCBB->056ae293-26b5-4d67-bc5d-e905a6760a80: receive RaftClientReply:client-B2F93226DCBB->056ae293-26b5-4d67-bc5d-e905a6760a80@group-50E32BB97A46, cid=1279, SUCCESS, logIndex=1795, commits[056ae293-26b5-4d67-bc5d-e905a6760a80:c1796, a428730f-9893-43cb-a585-e65a7e8859c8:c1792, 994b73f6-7725-4304-b3a4-4941318c1d6c:c1792]
2019-07-08 19:53:13,309 INFO  client.GrpcClientProtocolClient (GrpcClientProtocolClient.java:onNext(255)) - client-B2F93226DCBB->056ae293-26b5-4d67-bc5d-e905a6760a80: receive RaftClientReply:client-B2F93226DCBB->056ae293-26b5-4d67-bc5d-e905a6760a80@group-50E32BB97A46, cid=1280, SUCCESS, logIndex=1796, commits[056ae293-26b5-4d67-bc5d-e905a6760a80:c1796, a428730f-9893-43cb-a585-e65a7e8859c8:c1792, 994b73f6-7725-4304-b3a4-4941318c1d6c:c1792]
2019-07-08 19:53:13,322 INFO  client.GrpcClientProtocolClient (GrpcClientProtocolClient.java:onNext(255)) - client-B2F93226DCBB->056ae293-26b5-4d67-bc5d-e905a6760a80: receive RaftClientReply:client-B2F93226DCBB->056ae293-26b5-4d67-bc5d-e905a6760a80@group-50E32BB97A46, cid=1281, SUCCESS, logIndex=0, commits[056ae293-26b5-4d67-bc5d-e905a6760a80:c1798, a428730f-9893-43cb-a585-e65a7e8859c8:c1794, 994b73f6-7725-4304-b3a4-4941318c1d6c:c1794]
2019-07-08 19:53:13,445 INFO  client.GrpcClientProtocolClient (GrpcClientProtocolClient.java:onNext(255)) - client-B2F93226DCBB->056ae293-26b5-4d67-bc5d-e905a6760a80: receive RaftClientReply:client-B2F93226DCBB->056ae293-26b5-4d67-bc5d-e905a6760a80@group-50E32BB97A46, cid=1282, SUCCESS, logIndex=1801, commits[056ae293-26b5-4d67-bc5d-e905a6760a80:c1802, a428730f-9893-43cb-a585-e65a7e8859c8:c1800, 994b73f6-7725-4304-b3a4-4941318c1d6c:c1800]
2019-07-08 19:53:13,446 INFO  client.GrpcClientProtocolClient (GrpcClientProtocolClient.java:onNext(255)) - client-B2F93226DCBB->056ae293-26b5-4d67-bc5d-e905a6760a80: receive RaftClientReply:client-B2F93226DCBB->056ae293-26b5-4d67-bc5d-e905a6760a80@group-50E32BB97A46, cid=1283, SUCCESS, logIndex=1802, commits[056ae293-26b5-4d67-bc5d-e905a6760a80:c1802, a428730f-9893-43cb-a585-e65a7e8859c8:c1800, 994b73f6-7725-4304-b3a4-4941318c1d6c:c1800]
2019-07-08 19:53:13,469 INFO  client.GrpcClientProtocolClient (GrpcClientProtocolClient.java:onNext(255)) - client-B2F93226DCBB->056ae293-26b5-4d67-bc5d-e905a6760a80: receive RaftClientReply:client-B2F93226DCBB->056ae293-26b5-4d67-bc5d-e905a6760a80@group-50E32BB97A46, cid=1284, SUCCESS, logIndex=1805, commits[056ae293-26b5-4d67-bc5d-e905a6760a80:c1806, a428730f-9893-43cb-a585-e65a7e8859c8:c1802, 994b73f6-7725-4304-b3a4-4941318c1d6c:c1802]
2019-07-08 19:53:13,469 INFO  client.GrpcClientProtocolClient (GrpcClientProtocolClient.java:onNext(255)) - client-B2F93226DCBB->056ae293-26b5-4d67-bc5d-e905a6760a80: receive RaftClientReply:client-B2F93226DCBB->056ae293-26b5-4d67-bc5d-e905a6760a80@group-50E32BB97A46, cid=1285, SUCCESS, logIndex=1806, commits[056ae293-26b5-4d67-bc5d-e905a6760a80:c1806, a428730f-9893-43cb-a585-e65a7e8859c8:c1802, 994b73f6-7725-4304-b3a4-4941318c1d6c:c1802]
2019-07-08 19:53:13,471 INFO  client.GrpcClientProtocolClient (GrpcClientProtocolClient.java:onNext(255)) - client-B2F93226DCBB->056ae293-26b5-4d67-bc5d-e905a6760a80: receive RaftClientReply:client-B2F93226DCBB->056ae293-26b5-4d67-bc5d-e905a6760a80@group-50E32BB97A46, cid=1286, SUCCESS, logIndex=0, commits[056ae293-26b5-4d67-bc5d-e905a6760a80:c1807, a428730f-9893-43cb-a585-e65a7e8859c8:c1806, 994b73f6-7725-4304-b3a4-4941318c1d6c:c1806]
2019-07-08 19:53:13,516 INFO  client.GrpcClientProtocolClient (GrpcClientProtocolClient.java:onNext(255)) - client-B2F93226DCBB->056ae293-26b5-4d67-bc5d-e905a6760a80: receive RaftClientReply:client-B2F93226DCBB->056ae293-26b5-4d67-bc5d-e905a6760a80@group-50E32BB97A46, cid=1287, SUCCESS, logIndex=1809, commits[056ae293-26b5-4d67-bc5d-e905a6760a80:c1810, a428730f-9893-43cb-a585-e65a7e8859c8:c1808, 994b73f6-7725-4304-b3a4-4941318c1d6c:c1808]
2019-07-08 19:53:13,517 INFO  client.GrpcClientProtocolClient (GrpcClientProtocolClient.java:onNext(255)) - client-B2F93226DCBB->056ae293-26b5-4d67-bc5d-e905a6760a80: receive RaftClientReply:client-B2F93226DCBB->056ae293-26b5-4d67-bc5d-e905a6760a80@group-50E32BB97A46, cid=1288, SUCCESS, logIndex=1810, commits[056ae293-26b5-4d67-bc5d-e905a6760a80:c1812, a428730f-9893-43cb-a585-e65a7e8859c8:c1808, 994b73f6-7725-4304-b3a4-4941318c1d6c:c1808]
2019-07-08 19:53:13,518 INFO  client.GrpcClientProtocolClient (GrpcClientProtocolClient.java:onNext(255)) - client-B2F93226DCBB->056ae293-26b5-4d67-bc5d-e905a6760a80: receive RaftClientReply:client-B2F93226DCBB->056ae293-26b5-4d67-bc5d-e905a6760a80@group-50E32BB97A46, cid=1289, SUCCESS, logIndex=1811, commits[056ae293-26b5-4d67-bc5d-e905a6760a80:c1812, a428730f-9893-43cb-a585-e65a7e8859c8:c1808, 994b73f6-7725-4304-b3a4-4941318c1d6c:c1808]
2019-07-08 19:53:13,518 INFO  client.GrpcClientProtocolClient (GrpcClientProtocolClient.java:onNext(255)) - client-B2F93226DCBB->056ae293-26b5-4d67-bc5d-e905a6760a80: receive RaftClientReply:client-B2F93226DCBB->056ae293-26b5-4d67-bc5d-e905a6760a80@group-50E32BB97A46, cid=1290, SUCCESS, logIndex=1812, commits[056ae293-26b5-4d67-bc5d-e905a6760a80:c1813, a428730f-9893-43cb-a585-e65a7e8859c8:c1810, 994b73f6-7725-4304-b3a4-4941318c1d6c:c1810]
2019-07-08 19:53:13,544 INFO  client.GrpcClientProtocolClient (GrpcClientProtocolClient.java:onNext(255)) - client-B2F93226DCBB->056ae293-26b5-4d67-bc5d-e905a6760a80: receive RaftClientReply:client-B2F93226DCBB->056ae293-26b5-4d67-bc5d-e905a6760a80@group-50E32BB97A46, cid=1291, SUCCESS, logIndex=1816, commits[056ae293-26b5-4d67-bc5d-e905a6760a80:c1817, a428730f-9893-43cb-a585-e65a7e8859c8:c1815, 994b73f6-7725-4304-b3a4-4941318c1d6c:c1815]
2019-07-08 19:53:13,544 INFO  client.GrpcClientProtocolClient (GrpcClientProtocolClient.java:onNext(255)) - client-B2F93226DCBB->056ae293-26b5-4d67-bc5d-e905a6760a80: receive RaftClientReply:client-B2F93226DCBB->056ae293-26b5-4d67-bc5d-e905a6760a80@group-50E32BB97A46, cid=1292, SUCCESS, logIndex=1817, commits[056ae293-26b5-4d67-bc5d-e905a6760a80:c1817, a428730f-9893-43cb-a585-e65a7e8859c8:c1815, 994b73f6-7725-4304-b3a4-4941318c1d6c:c1815]
2019-07-08 19:53:13,558 INFO  client.GrpcClientProtocolClient (GrpcClientProtocolClient.java:onNext(255)) - client-B2F93226DCBB->056ae293-26b5-4d67-bc5d-e905a6760a80: receive RaftClientReply:client-B2F93226DCBB->056ae293-26b5-4d67-bc5d-e905a6760a80@group-50E32BB97A46, cid=1293, SUCCESS, logIndex=1820, commits[056ae293-26b5-4d67-bc5d-e905a6760a80:c1821, a428730f-9893-43cb-a585-e65a7e8859c8:c1816, 994b73f6-7725-4304-b3a4-4941318c1d6c:c1817]
2019-07-08 19:53:13,558 INFO  client.GrpcClientProtocolClient (GrpcClientProtocolClient.java:onNext(255)) - client-B2F93226DCBB->056ae293-26b5-4d67-bc5d-e905a6760a80: receive RaftClientReply:client-B2F93226DCBB->056ae293-26b5-4d67-bc5d-e905a6760a80@group-50E32BB97A46, cid=1294, SUCCESS, logIndex=1821, commits[056ae293-26b5-4d67-bc5d-e905a6760a80:c1821, a428730f-9893-43cb-a585-e65a7e8859c8:c1817, 994b73f6-7725-4304-b3a4-4941318c1d6c:c1817]
2019-07-08 19:53:13,561 INFO  client.GrpcClientProtocolClient (GrpcClientProtocolClient.java:onNext(255)) - client-B2F93226DCBB->056ae293-26b5-4d67-bc5d-e905a6760a80: receive RaftClientReply:client-B2F93226DCBB->056ae293-26b5-4d67-bc5d-e905a6760a80@group-50E32BB97A46, cid=1295, SUCCESS, logIndex=0, commits[056ae293-26b5-4d67-bc5d-e905a6760a80:c1822, a428730f-9893-43cb-a585-e65a7e8859c8:c1821, 994b73f6-7725-4304-b3a4-4941318c1d6c:c1821]
2019-07-08 19:53:13,593 INFO  client.GrpcClientProtocolClient (GrpcClientProtocolClient.java:onNext(255)) - client-B2F93226DCBB->056ae293-26b5-4d67-bc5d-e905a6760a80: receive RaftClientReply:client-B2F93226DCBB->056ae293-26b5-4d67-bc5d-e905a6760a80@group-50E32BB97A46, cid=1296, SUCCESS, logIndex=1824, commits[056ae293-26b5-4d67-bc5d-e905a6760a80:c1825, a428730f-9893-43cb-a585-e65a7e8859c8:c1823, 994b73f6-7725-4304-b3a4-4941318c1d6c:c1823]
2019-07-08 19:53:13,594 INFO  client.GrpcClientProtocolClient (GrpcClientProtocolClient.java:onNext(255)) - client-B2F93226DCBB->056ae293-26b5-4d67-bc5d-e905a6760a80: receive RaftClientReply:client-B2F93226DCBB->056ae293-26b5-4d67-bc5d-e905a6760a80@group-50E32BB97A46, cid=1297, SUCCESS, logIndex=1825, commits[056ae293-26b5-4d67-bc5d-e905a6760a80:c1825, a428730f-9893-43cb-a585-e65a7e8859c8:c1823, 994b73f6-7725-4304-b3a4-4941318c1d6c:c1823]
2019-07-08 19:53:13,606 INFO  client.GrpcClientProtocolClient (GrpcClientProtocolClient.java:onNext(255)) - client-B2F93226DCBB->056ae293-26b5-4d67-bc5d-e905a6760a80: receive RaftClientReply:client-B2F93226DCBB->056ae293-26b5-4d67-bc5d-e905a6760a80@group-50E32BB97A46, cid=1298, SUCCESS, logIndex=1826, commits[056ae293-26b5-4d67-bc5d-e905a6760a80:c1827, a428730f-9893-43cb-a585-e65a7e8859c8:c1823, 994b73f6-7725-4304-b3a4-4941318c1d6c:c1823]
2019-07-08 19:53:13,607 INFO  client.GrpcClientProtocolClient (GrpcClientProtocolClient.java:onNext(255)) - client-B2F93226DCBB->056ae293-26b5-4d67-bc5d-e905a6760a80: receive RaftClientReply:client-B2F93226DCBB->056ae293-26b5-4d67-bc5d-e905a6760a80@group-50E32BB97A46, cid=1299, SUCCESS, logIndex=1827, commits[056ae293-26b5-4d67-bc5d-e905a6760a80:c1827, a428730f-9893-43cb-a585-e65a7e8859c8:c1823, 994b73f6-7725-4304-b3a4-4941318c1d6c:c1823]
2019-07-08 19:53:13,622 INFO  client.GrpcClientProtocolClient (GrpcClientProtocolClient.java:onNext(255)) - client-B2F93226DCBB->056ae293-26b5-4d67-bc5d-e905a6760a80: receive RaftClientReply:client-B2F93226DCBB->056ae293-26b5-4d67-bc5d-e905a6760a80@group-50E32BB97A46, cid=1300, SUCCESS, logIndex=0, commits[056ae293-26b5-4d67-bc5d-e905a6760a80:c1829, a428730f-9893-43cb-a585-e65a7e8859c8:c1825, 994b73f6-7725-4304-b3a4-4941318c1d6c:c1825]
2019-07-08 19:53:13,643 INFO  client.GrpcClientProtocolClient (GrpcClientProtocolClient.java:onNext(255)) - client-B2F93226DCBB->056ae293-26b5-4d67-bc5d-e905a6760a80: receive RaftClientReply:client-B2F93226DCBB->056ae293-26b5-4d67-bc5d-e905a6760a80@group-50E32BB97A46, cid=1301, SUCCESS, logIndex=1832, commits[056ae293-26b5-4d67-bc5d-e905a6760a80:c1833, a428730f-9893-43cb-a585-e65a7e8859c8:c1831, 994b73f6-7725-4304-b3a4-4941318c1d6c:c1831]
2019-07-08 19:53:13,644 INFO  client.GrpcClientProtocolClient (GrpcClientProtocolClient.java:onNext(255)) - client-B2F93226DCBB->056ae293-26b5-4d67-bc5d-e905a6760a80: receive RaftClientReply:client-B2F93226DCBB->056ae293-26b5-4d67-bc5d-e905a6760a80@group-50E32BB97A46, cid=1302, SUCCESS, logIndex=1833, commits[056ae293-26b5-4d67-bc5d-e905a6760a80:c1833, a428730f-9893-43cb-a585-e65a7e8859c8:c1831, 994b73f6-7725-4304-b3a4-4941318c1d6c:c1831]
2019-07-08 19:53:13,668 INFO  client.GrpcClientProtocolClient (GrpcClientProtocolClient.java:onNext(255)) - client-B2F93226DCBB->056ae293-26b5-4d67-bc5d-e905a6760a80: receive RaftClientReply:client-B2F93226DCBB->056ae293-26b5-4d67-bc5d-e905a6760a80@group-50E32BB97A46, cid=1303, SUCCESS, logIndex=1836, commits[056ae293-26b5-4d67-bc5d-e905a6760a80:c1837, a428730f-9893-43cb-a585-e65a7e8859c8:c1833, 994b73f6-7725-4304-b3a4-4941318c1d6c:c1833]
2019-07-08 19:53:13,668 INFO  client.GrpcClientProtocolClient (GrpcClientProtocolClient.java:onNext(255)) - client-B2F93226DCBB->056ae293-26b5-4d67-bc5d-e905a6760a80: receive RaftClientReply:client-B2F93226DCBB->056ae293-26b5-4d67-bc5d-e905a6760a80@group-50E32BB97A46, cid=1304, SUCCESS, logIndex=1837, commits[056ae293-26b5-4d67-bc5d-e905a6760a80:c1837, a428730f-9893-43cb-a585-e65a7e8859c8:c1833, 994b73f6-7725-4304-b3a4-4941318c1d6c:c1833]
2019-07-08 19:53:13,693 INFO  client.GrpcClientProtocolClient (GrpcClientProtocolClient.java:onNext(255)) - client-B2F93226DCBB->056ae293-26b5-4d67-bc5d-e905a6760a80: receive RaftClientReply:client-B2F93226DCBB->056ae293-26b5-4d67-bc5d-e905a6760a80@group-50E32BB97A46, cid=1305, SUCCESS, logIndex=0, commits[056ae293-26b5-4d67-bc5d-e905a6760a80:c1839, a428730f-9893-43cb-a585-e65a7e8859c8:c1837, 994b73f6-7725-4304-b3a4-4941318c1d6c:c1837]
2019-07-08 19:53:13,744 INFO  client.GrpcClientProtocolClient (GrpcClientProtocolClient.java:onNext(255)) - client-B2F93226DCBB->056ae293-26b5-4d67-bc5d-e905a6760a80: receive RaftClientReply:client-B2F93226DCBB->056ae293-26b5-4d67-bc5d-e905a6760a80@group-50E32BB97A46, cid=1306, SUCCESS, logIndex=1840, commits[056ae293-26b5-4d67-bc5d-e905a6760a80:c1841, a428730f-9893-43cb-a585-e65a7e8859c8:c1837, 994b73f6-7725-4304-b3a4-4941318c1d6c:c1839]
2019-07-08 19:53:13,745 INFO  client.GrpcClientProtocolClient (GrpcClientProtocolClient.java:onNext(255)) - client-B2F93226DCBB->056ae293-26b5-4d67-bc5d-e905a6760a80: receive RaftClientReply:client-B2F93226DCBB->056ae293-26b5-4d67-bc5d-e905a6760a80@group-50E32BB97A46, cid=1307, SUCCESS, logIndex=1841, commits[056ae293-26b5-4d67-bc5d-e905a6760a80:c1843, a428730f-9893-43cb-a585-e65a7e8859c8:c1839, 994b73f6-7725-4304-b3a4-4941318c1d6c:c1839]
2019-07-08 19:53:13,745 INFO  client.GrpcClientProtocolClient (GrpcClientProtocolClient.java:onNext(255)) - client-B2F93226DCBB->056ae293-26b5-4d67-bc5d-e905a6760a80: receive RaftClientReply:client-B2F93226DCBB->056ae293-26b5-4d67-bc5d-e905a6760a80@group-50E32BB97A46, cid=1308, SUCCESS, logIndex=1842, commits[056ae293-26b5-4d67-bc5d-e905a6760a80:c1843, a428730f-9893-43cb-a585-e65a7e8859c8:c1839, 994b73f6-7725-4304-b3a4-4941318c1d6c:c1839]
2019-07-08 19:53:13,746 INFO  client.GrpcClientProtocolClient (GrpcClientProtocolClient.java:onNext(255)) - client-B2F93226DCBB->056ae293-26b5-4d67-bc5d-e905a6760a80: receive RaftClientReply:client-B2F93226DCBB->056ae293-26b5-4d67-bc5d-e905a6760a80@group-50E32BB97A46, cid=1309, SUCCESS, logIndex=1843, commits[056ae293-26b5-4d67-bc5d-e905a6760a80:c1843, a428730f-9893-43cb-a585-e65a7e8859c8:c1839, 994b73f6-7725-4304-b3a4-4941318c1d6c:c1839]
2019-07-08 19:53:13,748 INFO  client.GrpcClientProtocolClient (GrpcClientProtocolClient.java:onNext(255)) - client-B2F93226DCBB->056ae293-26b5-4d67-bc5d-e905a6760a80: receive RaftClientReply:client-B2F93226DCBB->056ae293-26b5-4d67-bc5d-e905a6760a80@group-50E32BB97A46, cid=1310, SUCCESS, logIndex=0, commits[056ae293-26b5-4d67-bc5d-e905a6760a80:c1844, a428730f-9893-43cb-a585-e65a7e8859c8:c1841, 994b73f6-7725-4304-b3a4-4941318c1d6c:c1841]
2019-07-08 19:53:13,787 INFO  client.GrpcClientProtocolClient (GrpcClientProtocolClient.java:onNext(255)) - client-B2F93226DCBB->056ae293-26b5-4d67-bc5d-e905a6760a80: receive RaftClientReply:client-B2F93226DCBB->056ae293-26b5-4d67-bc5d-e905a6760a80@group-50E32BB97A46, cid=1311, SUCCESS, logIndex=1847, commits[056ae293-26b5-4d67-bc5d-e905a6760a80:c1848, a428730f-9893-43cb-a585-e65a7e8859c8:c1845, 994b73f6-7725-4304-b3a4-4941318c1d6c:c1845]
2019-07-08 19:53:13,787 INFO  client.GrpcClientProtocolClient (GrpcClientProtocolClient.java:onNext(255)) - client-B2F93226DCBB->056ae293-26b5-4d67-bc5d-e905a6760a80: receive RaftClientReply:client-B2F93226DCBB->056ae293-26b5-4d67-bc5d-e905a6760a80@group-50E32BB97A46, cid=1312, SUCCESS, logIndex=1848, commits[056ae293-26b5-4d67-bc5d-e905a6760a80:c1848, a428730f-9893-43cb-a585-e65a7e8859c8:c1845, 994b73f6-7725-4304-b3a4-4941318c1d6c:c1845]
2019-07-08 19:53:13,811 INFO  client.GrpcClientProtocolClient (GrpcClientProtocolClient.java:onNext(255)) - client-B2F93226DCBB->056ae293-26b5-4d67-bc5d-e905a6760a80: receive RaftClientReply:client-B2F93226DCBB->056ae293-26b5-4d67-bc5d-e905a6760a80@group-50E32BB97A46, cid=1313, SUCCESS, logIndex=1851, commits[056ae293-26b5-4d67-bc5d-e905a6760a80:c1852, a428730f-9893-43cb-a585-e65a7e8859c8:c1848, 994b73f6-7725-4304-b3a4-4941318c1d6c:c1848]
2019-07-08 19:53:13,811 INFO  client.GrpcClientProtocolClient (GrpcClientProtocolClient.java:onNext(255)) - client-B2F93226DCBB->056ae293-26b5-4d67-bc5d-e905a6760a80: receive RaftClientReply:client-B2F93226DCBB->056ae293-26b5-4d67-bc5d-e905a6760a80@group-50E32BB97A46, cid=1314, SUCCESS, logIndex=1852, commits[056ae293-26b5-4d67-bc5d-e905a6760a80:c1852, a428730f-9893-43cb-a585-e65a7e8859c8:c1848, 994b73f6-7725-4304-b3a4-4941318c1d6c:c1848]
2019-07-08 19:53:13,822 INFO  client.GrpcClientProtocolClient (GrpcClientProtocolClient.java:onNext(255)) - client-B2F93226DCBB->056ae293-26b5-4d67-bc5d-e905a6760a80: receive RaftClientReply:client-B2F93226DCBB->056ae293-26b5-4d67-bc5d-e905a6760a80@group-50E32BB97A46, cid=1315, SUCCESS, logIndex=0, commits[056ae293-26b5-4d67-bc5d-e905a6760a80:c1852, a428730f-9893-43cb-a585-e65a7e8859c8:c1852, 994b73f6-7725-4304-b3a4-4941318c1d6c:c1852]
2019-07-08 19:53:13,854 INFO  client.GrpcClientProtocolClient (GrpcClientProtocolClient.java:onNext(255)) - client-B2F93226DCBB->056ae293-26b5-4d67-bc5d-e905a6760a80: receive RaftClientReply:client-B2F93226DCBB->056ae293-26b5-4d67-bc5d-e905a6760a80@group-50E32BB97A46, cid=1316, SUCCESS, logIndex=1855, commits[056ae293-26b5-4d67-bc5d-e905a6760a80:c1856, a428730f-9893-43cb-a585-e65a7e8859c8:c1854, 994b73f6-7725-4304-b3a4-4941318c1d6c:c1854]
2019-07-08 19:53:13,854 INFO  client.GrpcClientProtocolClient (GrpcClientProtocolClient.java:onNext(255)) - client-B2F93226DCBB->056ae293-26b5-4d67-bc5d-e905a6760a80: receive RaftClientReply:client-B2F93226DCBB->056ae293-26b5-4d67-bc5d-e905a6760a80@group-50E32BB97A46, cid=1317, SUCCESS, logIndex=1856, commits[056ae293-26b5-4d67-bc5d-e905a6760a80:c1856, a428730f-9893-43cb-a585-e65a7e8859c8:c1854, 994b73f6-7725-4304-b3a4-4941318c1d6c:c1854]
2019-07-08 19:53:13,864 INFO  client.GrpcClientProtocolClient (GrpcClientProtocolClient.java:onNext(255)) - client-B2F93226DCBB->056ae293-26b5-4d67-bc5d-e905a6760a80: receive RaftClientReply:client-B2F93226DCBB->056ae293-26b5-4d67-bc5d-e905a6760a80@group-50E32BB97A46, cid=1318, SUCCESS, logIndex=1857, commits[056ae293-26b5-4d67-bc5d-e905a6760a80:c1858, a428730f-9893-43cb-a585-e65a7e8859c8:c1854, 994b73f6-7725-4304-b3a4-4941318c1d6c:c1854]
2019-07-08 19:53:13,864 INFO  client.GrpcClientProtocolClient (GrpcClientProtocolClient.java:onNext(255)) - client-B2F93226DCBB->056ae293-26b5-4d67-bc5d-e905a6760a80: receive RaftClientReply:client-B2F93226DCBB->056ae293-26b5-4d67-bc5d-e905a6760a80@group-50E32BB97A46, cid=1319, SUCCESS, logIndex=1858, commits[056ae293-26b5-4d67-bc5d-e905a6760a80:c1858, a428730f-9893-43cb-a585-e65a7e8859c8:c1854, 994b73f6-7725-4304-b3a4-4941318c1d6c:c1854]
2019-07-08 19:53:13,867 INFO  client.GrpcClientProtocolClient (GrpcClientProtocolClient.java:onNext(255)) - client-B2F93226DCBB->056ae293-26b5-4d67-bc5d-e905a6760a80: receive RaftClientReply:client-B2F93226DCBB->056ae293-26b5-4d67-bc5d-e905a6760a80@group-50E32BB97A46, cid=1320, SUCCESS, logIndex=0, commits[056ae293-26b5-4d67-bc5d-e905a6760a80:c1860, a428730f-9893-43cb-a585-e65a7e8859c8:c1856, 994b73f6-7725-4304-b3a4-4941318c1d6c:c1856]
2019-07-08 19:53:13,890 INFO  client.GrpcClientProtocolClient (GrpcClientProtocolClient.java:onNext(255)) - client-B2F93226DCBB->056ae293-26b5-4d67-bc5d-e905a6760a80: receive RaftClientReply:client-B2F93226DCBB->056ae293-26b5-4d67-bc5d-e905a6760a80@group-50E32BB97A46, cid=1321, SUCCESS, logIndex=1863, commits[056ae293-26b5-4d67-bc5d-e905a6760a80:c1864, a428730f-9893-43cb-a585-e65a7e8859c8:c1862, 994b73f6-7725-4304-b3a4-4941318c1d6c:c1862]
2019-07-08 19:53:13,891 INFO  client.GrpcClientProtocolClient (GrpcClientProtocolClient.java:onNext(255)) - client-B2F93226DCBB->056ae293-26b5-4d67-bc5d-e905a6760a80: receive RaftClientReply:client-B2F93226DCBB->056ae293-26b5-4d67-bc5d-e905a6760a80@group-50E32BB97A46, cid=1322, SUCCESS, logIndex=1864, commits[056ae293-26b5-4d67-bc5d-e905a6760a80:c1864, a428730f-9893-43cb-a585-e65a7e8859c8:c1862, 994b73f6-7725-4304-b3a4-4941318c1d6c:c1862]
2019-07-08 19:53:13,915 INFO  client.GrpcClientProtocolClient (GrpcClientProtocolClient.java:onNext(255)) - client-B2F93226DCBB->056ae293-26b5-4d67-bc5d-e905a6760a80: receive RaftClientReply:client-B2F93226DCBB->056ae293-26b5-4d67-bc5d-e905a6760a80@group-50E32BB97A46, cid=1323, SUCCESS, logIndex=1867, commits[056ae293-26b5-4d67-bc5d-e905a6760a80:c1868, a428730f-9893-43cb-a585-e65a7e8859c8:c1864, 994b73f6-7725-4304-b3a4-4941318c1d6c:c1864]
2019-07-08 19:53:13,915 INFO  client.GrpcClientProtocolClient (GrpcClientProtocolClient.java:onNext(255)) - client-B2F93226DCBB->056ae293-26b5-4d67-bc5d-e905a6760a80: receive RaftClientReply:client-B2F93226DCBB->056ae293-26b5-4d67-bc5d-e905a6760a80@group-50E32BB97A46, cid=1324, SUCCESS, logIndex=1868, commits[056ae293-26b5-4d67-bc5d-e905a6760a80:c1868, a428730f-9893-43cb-a585-e65a7e8859c8:c1864, 994b73f6-7725-4304-b3a4-4941318c1d6c:c1864]
2019-07-08 19:53:13,926 INFO  client.GrpcClientProtocolClient (GrpcClientProtocolClient.java:onNext(255)) - client-B2F93226DCBB->056ae293-26b5-4d67-bc5d-e905a6760a80: receive RaftClientReply:client-B2F93226DCBB->056ae293-26b5-4d67-bc5d-e905a6760a80@group-50E32BB97A46, cid=1325, SUCCESS, logIndex=0, commits[056ae293-26b5-4d67-bc5d-e905a6760a80:c1868, a428730f-9893-43cb-a585-e65a7e8859c8:c1868, 994b73f6-7725-4304-b3a4-4941318c1d6c:c1868]
2019-07-08 19:53:13,950 INFO  client.GrpcClientProtocolClient (GrpcClientProtocolClient.java:onNext(255)) - client-B2F93226DCBB->056ae293-26b5-4d67-bc5d-e905a6760a80: receive RaftClientReply:client-B2F93226DCBB->056ae293-26b5-4d67-bc5d-e905a6760a80@group-50E32BB97A46, cid=1326, SUCCESS, logIndex=1871, commits[056ae293-26b5-4d67-bc5d-e905a6760a80:c1873, a428730f-9893-43cb-a585-e65a7e8859c8:c1868, 994b73f6-7725-4304-b3a4-4941318c1d6c:c1870]
2019-07-08 19:53:13,951 INFO  client.GrpcClientProtocolClient (GrpcClientProtocolClient.java:onNext(255)) - client-B2F93226DCBB->056ae293-26b5-4d67-bc5d-e905a6760a80: receive RaftClientReply:client-B2F93226DCBB->056ae293-26b5-4d67-bc5d-e905a6760a80@group-50E32BB97A46, cid=1327, SUCCESS, logIndex=1872, commits[056ae293-26b5-4d67-bc5d-e905a6760a80:c1874, a428730f-9893-43cb-a585-e65a7e8859c8:c1870, 994b73f6-7725-4304-b3a4-4941318c1d6c:c1870]
2019-07-08 19:53:13,951 INFO  client.GrpcClientProtocolClient (GrpcClientProtocolClient.java:onNext(255)) - client-B2F93226DCBB->056ae293-26b5-4d67-bc5d-e905a6760a80: receive RaftClientReply:client-B2F93226DCBB->056ae293-26b5-4d67-bc5d-e905a6760a80@group-50E32BB97A46, cid=1328, SUCCESS, logIndex=1873, commits[056ae293-26b5-4d67-bc5d-e905a6760a80:c1874, a428730f-9893-43cb-a585-e65a7e8859c8:c1870, 994b73f6-7725-4304-b3a4-4941318c1d6c:c1870]
2019-07-08 19:53:13,952 INFO  client.GrpcClientProtocolClient (GrpcClientProtocolClient.java:onNext(255)) - client-B2F93226DCBB->056ae293-26b5-4d67-bc5d-e905a6760a80: receive RaftClientReply:client-B2F93226DCBB->056ae293-26b5-4d67-bc5d-e905a6760a80@group-50E32BB97A46, cid=1329, SUCCESS, logIndex=1874, commits[056ae293-26b5-4d67-bc5d-e905a6760a80:c1874, a428730f-9893-43cb-a585-e65a7e8859c8:c1870, 994b73f6-7725-4304-b3a4-4941318c1d6c:c1870]
2019-07-08 19:53:13,953 INFO  client.GrpcClientProtocolClient (GrpcClientProtocolClient.java:onNext(255)) - client-B2F93226DCBB->056ae293-26b5-4d67-bc5d-e905a6760a80: receive RaftClientReply:client-B2F93226DCBB->056ae293-26b5-4d67-bc5d-e905a6760a80@group-50E32BB97A46, cid=1330, SUCCESS, logIndex=0, commits[056ae293-26b5-4d67-bc5d-e905a6760a80:c1875, a428730f-9893-43cb-a585-e65a7e8859c8:c1872, 994b73f6-7725-4304-b3a4-4941318c1d6c:c1872]
2019-07-08 19:53:13,964 INFO  client.GrpcClientProtocolClient (GrpcClientProtocolClient.java:onNext(255)) - client-B2F93226DCBB->056ae293-26b5-4d67-bc5d-e905a6760a80: receive RaftClientReply:client-B2F93226DCBB->056ae293-26b5-4d67-bc5d-e905a6760a80@group-50E32BB97A46, cid=1331, SUCCESS, logIndex=1879, commits[056ae293-26b5-4d67-bc5d-e905a6760a80:c1880, a428730f-9893-43cb-a585-e65a7e8859c8:c1874, 994b73f6-7725-4304-b3a4-4941318c1d6c:c1878]
2019-07-08 19:53:13,964 INFO  client.GrpcClientProtocolClient (GrpcClientProtocolClient.java:onNext(255)) - client-B2F93226DCBB->056ae293-26b5-4d67-bc5d-e905a6760a80: receive RaftClientReply:client-B2F93226DCBB->056ae293-26b5-4d67-bc5d-e905a6760a80@group-50E32BB97A46, cid=1332, SUCCESS, logIndex=1880, commits[056ae293-26b5-4d67-bc5d-e905a6760a80:c1880, a428730f-9893-43cb-a585-e65a7e8859c8:c1878, 994b73f6-7725-4304-b3a4-4941318c1d6c:c1878]
 0.00% |█                                                                                                    |  0/1 Time: 0:00:102019-07-08 19:53:14,003 INFO  client.GrpcClientProtocolClient (GrpcClientProtocolClient.java:onNext(255)) - client-B2F93226DCBB->056ae293-26b5-4d67-bc5d-e905a6760a80: receive RaftClientReply:client-B2F93226DCBB->056ae293-26b5-4d67-bc5d-e905a6760a80@group-50E32BB97A46, cid=1333, SUCCESS, logIndex=1883, commits[056ae293-26b5-4d67-bc5d-e905a6760a80:c1884, a428730f-9893-43cb-a585-e65a7e8859c8:c1882, 994b73f6-7725-4304-b3a4-4941318c1d6c:c1882]
2019-07-08 19:53:14,004 INFO  client.GrpcClientProtocolClient (GrpcClientProtocolClient.java:onNext(255)) - client-B2F93226DCBB->056ae293-26b5-4d67-bc5d-e905a6760a80: receive RaftClientReply:client-B2F93226DCBB->056ae293-26b5-4d67-bc5d-e905a6760a80@group-50E32BB97A46, cid=1334, SUCCESS, logIndex=1884, commits[056ae293-26b5-4d67-bc5d-e905a6760a80:c1884, a428730f-9893-43cb-a585-e65a7e8859c8:c1882, 994b73f6-7725-4304-b3a4-4941318c1d6c:c1882]
2019-07-08 19:53:14,018 INFO  client.GrpcClientProtocolClient (GrpcClientProtocolClient.java:onNext(255)) - client-B2F93226DCBB->056ae293-26b5-4d67-bc5d-e905a6760a80: receive RaftClientReply:client-B2F93226DCBB->056ae293-26b5-4d67-bc5d-e905a6760a80@group-50E32BB97A46, cid=1335, SUCCESS, logIndex=0, commits[056ae293-26b5-4d67-bc5d-e905a6760a80:c1886, a428730f-9893-43cb-a585-e65a7e8859c8:c1884, 994b73f6-7725-4304-b3a4-4941318c1d6c:c1884]
2019-07-08 19:53:14,051 INFO  client.GrpcClientProtocolClient (GrpcClientProtocolClient.java:onNext(255)) - client-B2F93226DCBB->056ae293-26b5-4d67-bc5d-e905a6760a80: receive RaftClientReply:client-B2F93226DCBB->056ae293-26b5-4d67-bc5d-e905a6760a80@group-50E32BB97A46, cid=1336, SUCCESS, logIndex=1887, commits[056ae293-26b5-4d67-bc5d-e905a6760a80:c1888, a428730f-9893-43cb-a585-e65a7e8859c8:c1886, 994b73f6-7725-4304-b3a4-4941318c1d6c:c1886]
2019-07-08 19:53:14,052 INFO  client.GrpcClientProtocolClient (GrpcClientProtocolClient.java:onNext(255)) - client-B2F93226DCBB->056ae293-26b5-4d67-bc5d-e905a6760a80: receive RaftClientReply:client-B2F93226DCBB->056ae293-26b5-4d67-bc5d-e905a6760a80@group-50E32BB97A46, cid=1337, SUCCESS, logIndex=1888, commits[056ae293-26b5-4d67-bc5d-e905a6760a80:c1890, a428730f-9893-43cb-a585-e65a7e8859c8:c1886, 994b73f6-7725-4304-b3a4-4941318c1d6c:c1886]
2019-07-08 19:53:14,052 INFO  client.GrpcClientProtocolClient (GrpcClientProtocolClient.java:onNext(255)) - client-B2F93226DCBB->056ae293-26b5-4d67-bc5d-e905a6760a80: receive RaftClientReply:client-B2F93226DCBB->056ae293-26b5-4d67-bc5d-e905a6760a80@group-50E32BB97A46, cid=1338, SUCCESS, logIndex=1889, commits[056ae293-26b5-4d67-bc5d-e905a6760a80:c1890, a428730f-9893-43cb-a585-e65a7e8859c8:c1886, 994b73f6-7725-4304-b3a4-4941318c1d6c:c1886]
2019-07-08 19:53:14,053 INFO  client.GrpcClientProtocolClient (GrpcClientProtocolClient.java:onNext(255)) - client-B2F93226DCBB->056ae293-26b5-4d67-bc5d-e905a6760a80: receive RaftClientReply:client-B2F93226DCBB->056ae293-26b5-4d67-bc5d-e905a6760a80@group-50E32BB97A46, cid=1339, SUCCESS, logIndex=1890, commits[056ae293-26b5-4d67-bc5d-e905a6760a80:c1890, a428730f-9893-43cb-a585-e65a7e8859c8:c1886, 994b73f6-7725-4304-b3a4-4941318c1d6c:c1886]
2019-07-08 19:53:14,064 INFO  client.GrpcClientProtocolClient (GrpcClientProtocolClient.java:onNext(255)) - client-B2F93226DCBB->056ae293-26b5-4d67-bc5d-e905a6760a80: receive RaftClientReply:client-B2F93226DCBB->056ae293-26b5-4d67-bc5d-e905a6760a80@group-50E32BB97A46, cid=1340, SUCCESS, logIndex=0, commits[056ae293-26b5-4d67-bc5d-e905a6760a80:c1892, a428730f-9893-43cb-a585-e65a7e8859c8:c1888, 994b73f6-7725-4304-b3a4-4941318c1d6c:c1888]
2019-07-08 19:53:14,085 INFO  client.GrpcClientProtocolClient (GrpcClientProtocolClient.java:onNext(255)) - client-B2F93226DCBB->056ae293-26b5-4d67-bc5d-e905a6760a80: receive RaftClientReply:client-B2F93226DCBB->056ae293-26b5-4d67-bc5d-e905a6760a80@group-50E32BB97A46, cid=1341, SUCCESS, logIndex=1895, commits[056ae293-26b5-4d67-bc5d-e905a6760a80:c1896, a428730f-9893-43cb-a585-e65a7e8859c8:c1894, 994b73f6-7725-4304-b3a4-4941318c1d6c:c1894]
2019-07-08 19:53:14,085 INFO  client.GrpcClientProtocolClient (GrpcClientProtocolClient.java:onNext(255)) - client-B2F93226DCBB->056ae293-26b5-4d67-bc5d-e905a6760a80: receive RaftClientReply:client-B2F93226DCBB->056ae293-26b5-4d67-bc5d-e905a6760a80@group-50E32BB97A46, cid=1342, SUCCESS, logIndex=1896, commits[056ae293-26b5-4d67-bc5d-e905a6760a80:c1896, a428730f-9893-43cb-a585-e65a7e8859c8:c1894, 994b73f6-7725-4304-b3a4-4941318c1d6c:c1894]
2019-07-08 19:53:14,098 INFO  client.GrpcClientProtocolClient (GrpcClientProtocolClient.java:onNext(255)) - client-B2F93226DCBB->056ae293-26b5-4d67-bc5d-e905a6760a80: receive RaftClientReply:client-B2F93226DCBB->056ae293-26b5-4d67-bc5d-e905a6760a80@group-50E32BB97A46, cid=1343, SUCCESS, logIndex=1899, commits[056ae293-26b5-4d67-bc5d-e905a6760a80:c1900, a428730f-9893-43cb-a585-e65a7e8859c8:c1895, 994b73f6-7725-4304-b3a4-4941318c1d6c:c1896]
2019-07-08 19:53:14,098 INFO  client.GrpcClientProtocolClient (GrpcClientProtocolClient.java:onNext(255)) - client-B2F93226DCBB->056ae293-26b5-4d67-bc5d-e905a6760a80: receive RaftClientReply:client-B2F93226DCBB->056ae293-26b5-4d67-bc5d-e905a6760a80@group-50E32BB97A46, cid=1344, SUCCESS, logIndex=1900, commits[056ae293-26b5-4d67-bc5d-e905a6760a80:c1900, a428730f-9893-43cb-a585-e65a7e8859c8:c1895, 994b73f6-7725-4304-b3a4-4941318c1d6c:c1896]
2019-07-08 19:53:14,099 INFO  client.GrpcClientProtocolClient (GrpcClientProtocolClient.java:onNext(255)) - client-B2F93226DCBB->056ae293-26b5-4d67-bc5d-e905a6760a80: receive RaftClientReply:client-B2F93226DCBB->056ae293-26b5-4d67-bc5d-e905a6760a80@group-50E32BB97A46, cid=1345, SUCCESS, logIndex=0, commits[056ae293-26b5-4d67-bc5d-e905a6760a80:c1900, a428730f-9893-43cb-a585-e65a7e8859c8:c1896, 994b73f6-7725-4304-b3a4-4941318c1d6c:c1896]
2019-07-08 19:53:14,123 INFO  client.GrpcClientProtocolClient (GrpcClientProtocolClient.java:onNext(255)) - client-B2F93226DCBB->056ae293-26b5-4d67-bc5d-e905a6760a80: receive RaftClientReply:client-B2F93226DCBB->056ae293-26b5-4d67-bc5d-e905a6760a80@group-50E32BB97A46, cid=1346, SUCCESS, logIndex=0, commits[056ae293-26b5-4d67-bc5d-e905a6760a80:c1902, a428730f-9893-43cb-a585-e65a7e8859c8:c1900, 994b73f6-7725-4304-b3a4-4941318c1d6c:c1900]
2019-07-08 19:53:14,247 INFO  client.GrpcClientProtocolClient (GrpcClientProtocolClient.java:onNext(255)) - client-B2F93226DCBB->056ae293-26b5-4d67-bc5d-e905a6760a80: receive RaftClientReply:client-B2F93226DCBB->056ae293-26b5-4d67-bc5d-e905a6760a80@group-50E32BB97A46, cid=1347, SUCCESS, logIndex=1903, commits[056ae293-26b5-4d67-bc5d-e905a6760a80:c1904, a428730f-9893-43cb-a585-e65a7e8859c8:c1900, 994b73f6-7725-4304-b3a4-4941318c1d6c:c1902]
2019-07-08 19:53:14,247 INFO  client.GrpcClientProtocolClient (GrpcClientProtocolClient.java:onNext(255)) - client-B2F93226DCBB->056ae293-26b5-4d67-bc5d-e905a6760a80: receive RaftClientReply:client-B2F93226DCBB->056ae293-26b5-4d67-bc5d-e905a6760a80@group-50E32BB97A46, cid=1348, SUCCESS, logIndex=1904, commits[056ae293-26b5-4d67-bc5d-e905a6760a80:c1904, a428730f-9893-43cb-a585-e65a7e8859c8:c1900, 994b73f6-7725-4304-b3a4-4941318c1d6c:c1902]
2019-07-08 19:53:14,259 INFO  client.GrpcClientProtocolClient (GrpcClientProtocolClient.java:onNext(255)) - client-B2F93226DCBB->056ae293-26b5-4d67-bc5d-e905a6760a80: receive RaftClientReply:client-B2F93226DCBB->056ae293-26b5-4d67-bc5d-e905a6760a80@group-50E32BB97A46, cid=1349, SUCCESS, logIndex=1905, commits[056ae293-26b5-4d67-bc5d-e905a6760a80:c1906, a428730f-9893-43cb-a585-e65a7e8859c8:c1902, 994b73f6-7725-4304-b3a4-4941318c1d6c:c1902]
2019-07-08 19:53:14,259 INFO  client.GrpcClientProtocolClient (GrpcClientProtocolClient.java:onNext(255)) - client-B2F93226DCBB->056ae293-26b5-4d67-bc5d-e905a6760a80: receive RaftClientReply:client-B2F93226DCBB->056ae293-26b5-4d67-bc5d-e905a6760a80@group-50E32BB97A46, cid=1350, SUCCESS, logIndex=1906, commits[056ae293-26b5-4d67-bc5d-e905a6760a80:c1906, a428730f-9893-43cb-a585-e65a7e8859c8:c1902, 994b73f6-7725-4304-b3a4-4941318c1d6c:c1902]
2019-07-08 19:53:14,266 INFO  client.GrpcClientProtocolClient (GrpcClientProtocolClient.java:onNext(255)) - client-B2F93226DCBB->056ae293-26b5-4d67-bc5d-e905a6760a80: receive RaftClientReply:client-B2F93226DCBB->056ae293-26b5-4d67-bc5d-e905a6760a80@group-50E32BB97A46, cid=1351, SUCCESS, logIndex=0, commits[056ae293-26b5-4d67-bc5d-e905a6760a80:c1907, a428730f-9893-43cb-a585-e65a7e8859c8:c1904, 994b73f6-7725-4304-b3a4-4941318c1d6c:c1904]
2019-07-08 19:53:14,300 INFO  client.GrpcClientProtocolClient (GrpcClientProtocolClient.java:onNext(255)) - client-B2F93226DCBB->056ae293-26b5-4d67-bc5d-e905a6760a80: receive RaftClientReply:client-B2F93226DCBB->056ae293-26b5-4d67-bc5d-e905a6760a80@group-50E32BB97A46, cid=1352, SUCCESS, logIndex=1910, commits[056ae293-26b5-4d67-bc5d-e905a6760a80:c1911, a428730f-9893-43cb-a585-e65a7e8859c8:c1909, 994b73f6-7725-4304-b3a4-4941318c1d6c:c1909]
2019-07-08 19:53:14,301 INFO  client.GrpcClientProtocolClient (GrpcClientProtocolClient.java:onNext(255)) - client-B2F93226DCBB->056ae293-26b5-4d67-bc5d-e905a6760a80: receive RaftClientReply:client-B2F93226DCBB->056ae293-26b5-4d67-bc5d-e905a6760a80@group-50E32BB97A46, cid=1353, SUCCESS, logIndex=1911, commits[056ae293-26b5-4d67-bc5d-e905a6760a80:c1911, a428730f-9893-43cb-a585-e65a7e8859c8:c1909, 994b73f6-7725-4304-b3a4-4941318c1d6c:c1909]
2019-07-08 19:53:14,313 INFO  client.GrpcClientProtocolClient (GrpcClientProtocolClient.java:onNext(255)) - client-B2F93226DCBB->056ae293-26b5-4d67-bc5d-e905a6760a80: receive RaftClientReply:client-B2F93226DCBB->056ae293-26b5-4d67-bc5d-e905a6760a80@group-50E32BB97A46, cid=1354, SUCCESS, logIndex=1914, commits[056ae293-26b5-4d67-bc5d-e905a6760a80:c1914, a428730f-9893-43cb-a585-e65a7e8859c8:c1911, 994b73f6-7725-4304-b3a4-4941318c1d6c:c1911]
2019-07-08 19:53:14,313 INFO  client.GrpcClientProtocolClient (GrpcClientProtocolClient.java:onNext(255)) - client-B2F93226DCBB->056ae293-26b5-4d67-bc5d-e905a6760a80: receive RaftClientReply:client-B2F93226DCBB->056ae293-26b5-4d67-bc5d-e905a6760a80@group-50E32BB97A46, cid=1355, SUCCESS, logIndex=1915, commits[056ae293-26b5-4d67-bc5d-e905a6760a80:c1915, a428730f-9893-43cb-a585-e65a7e8859c8:c1911, 994b73f6-7725-4304-b3a4-4941318c1d6c:c1911]
2019-07-08 19:53:14,326 INFO  client.GrpcClientProtocolClient (GrpcClientProtocolClient.java:onNext(255)) - client-B2F93226DCBB->056ae293-26b5-4d67-bc5d-e905a6760a80: receive RaftClientReply:client-B2F93226DCBB->056ae293-26b5-4d67-bc5d-e905a6760a80@group-50E32BB97A46, cid=1356, SUCCESS, logIndex=0, commits[056ae293-26b5-4d67-bc5d-e905a6760a80:c1917, a428730f-9893-43cb-a585-e65a7e8859c8:c1915, 994b73f6-7725-4304-b3a4-4941318c1d6c:c1915]
2019-07-08 19:53:14,356 INFO  client.GrpcClientProtocolClient (GrpcClientProtocolClient.java:onNext(255)) - client-B2F93226DCBB->056ae293-26b5-4d67-bc5d-e905a6760a80: receive RaftClientReply:client-B2F93226DCBB->056ae293-26b5-4d67-bc5d-e905a6760a80@group-50E32BB97A46, cid=1357, SUCCESS, logIndex=1918, commits[056ae293-26b5-4d67-bc5d-e905a6760a80:c1919, a428730f-9893-43cb-a585-e65a7e8859c8:c1917, 994b73f6-7725-4304-b3a4-4941318c1d6c:c1917]
2019-07-08 19:53:14,356 INFO  client.GrpcClientProtocolClient (GrpcClientProtocolClient.java:onNext(255)) - client-B2F93226DCBB->056ae293-26b5-4d67-bc5d-e905a6760a80: receive RaftClientReply:client-B2F93226DCBB->056ae293-26b5-4d67-bc5d-e905a6760a80@group-50E32BB97A46, cid=1358, SUCCESS, logIndex=1919, commits[056ae293-26b5-4d67-bc5d-e905a6760a80:c1919, a428730f-9893-43cb-a585-e65a7e8859c8:c1917, 994b73f6-7725-4304-b3a4-4941318c1d6c:c1917]
2019-07-08 19:53:14,366 INFO  client.GrpcClientProtocolClient (GrpcClientProtocolClient.java:onNext(255)) - client-B2F93226DCBB->056ae293-26b5-4d67-bc5d-e905a6760a80: receive RaftClientReply:client-B2F93226DCBB->056ae293-26b5-4d67-bc5d-e905a6760a80@group-50E32BB97A46, cid=1359, SUCCESS, logIndex=1920, commits[056ae293-26b5-4d67-bc5d-e905a6760a80:c1921, a428730f-9893-43cb-a585-e65a7e8859c8:c1917, 994b73f6-7725-4304-b3a4-4941318c1d6c:c1917]
2019-07-08 19:53:14,367 INFO  client.GrpcClientProtocolClient (GrpcClientProtocolClient.java:onNext(255)) - client-B2F93226DCBB->056ae293-26b5-4d67-bc5d-e905a6760a80: receive RaftClientReply:client-B2F93226DCBB->056ae293-26b5-4d67-bc5d-e905a6760a80@group-50E32BB97A46, cid=1360, SUCCESS, logIndex=1921, commits[056ae293-26b5-4d67-bc5d-e905a6760a80:c1921, a428730f-9893-43cb-a585-e65a7e8859c8:c1917, 994b73f6-7725-4304-b3a4-4941318c1d6c:c1917]
2019-07-08 19:53:14,368 INFO  client.GrpcClientProtocolClient (GrpcClientProtocolClient.java:onNext(255)) - client-B2F93226DCBB->056ae293-26b5-4d67-bc5d-e905a6760a80: receive RaftClientReply:client-B2F93226DCBB->056ae293-26b5-4d67-bc5d-e905a6760a80@group-50E32BB97A46, cid=1361, SUCCESS, logIndex=0, commits[056ae293-26b5-4d67-bc5d-e905a6760a80:c1923, a428730f-9893-43cb-a585-e65a7e8859c8:c1919, 994b73f6-7725-4304-b3a4-4941318c1d6c:c1919]
2019-07-08 19:53:14,389 INFO  client.GrpcClientProtocolClient (GrpcClientProtocolClient.java:onNext(255)) - client-B2F93226DCBB->056ae293-26b5-4d67-bc5d-e905a6760a80: receive RaftClientReply:client-B2F93226DCBB->056ae293-26b5-4d67-bc5d-e905a6760a80@group-50E32BB97A46, cid=1362, SUCCESS, logIndex=1926, commits[056ae293-26b5-4d67-bc5d-e905a6760a80:c1927, a428730f-9893-43cb-a585-e65a7e8859c8:c1925, 994b73f6-7725-4304-b3a4-4941318c1d6c:c1925]
2019-07-08 19:53:14,389 INFO  client.GrpcClientProtocolClient (GrpcClientProtocolClient.java:onNext(255)) - client-B2F93226DCBB->056ae293-26b5-4d67-bc5d-e905a6760a80: receive RaftClientReply:client-B2F93226DCBB->056ae293-26b5-4d67-bc5d-e905a6760a80@group-50E32BB97A46, cid=1363, SUCCESS, logIndex=1927, commits[056ae293-26b5-4d67-bc5d-e905a6760a80:c1927, a428730f-9893-43cb-a585-e65a7e8859c8:c1925, 994b73f6-7725-4304-b3a4-4941318c1d6c:c1925]
2019-07-08 19:53:14,404 INFO  client.GrpcClientProtocolClient (GrpcClientProtocolClient.java:onNext(255)) - client-B2F93226DCBB->056ae293-26b5-4d67-bc5d-e905a6760a80: receive RaftClientReply:client-B2F93226DCBB->056ae293-26b5-4d67-bc5d-e905a6760a80@group-50E32BB97A46, cid=1364, SUCCESS, logIndex=1930, commits[056ae293-26b5-4d67-bc5d-e905a6760a80:c1931, a428730f-9893-43cb-a585-e65a7e8859c8:c1927, 994b73f6-7725-4304-b3a4-4941318c1d6c:c1927]
2019-07-08 19:53:14,404 INFO  client.GrpcClientProtocolClient (GrpcClientProtocolClient.java:onNext(255)) - client-B2F93226DCBB->056ae293-26b5-4d67-bc5d-e905a6760a80: receive RaftClientReply:client-B2F93226DCBB->056ae293-26b5-4d67-bc5d-e905a6760a80@group-50E32BB97A46, cid=1365, SUCCESS, logIndex=1931, commits[056ae293-26b5-4d67-bc5d-e905a6760a80:c1931, a428730f-9893-43cb-a585-e65a7e8859c8:c1927, 994b73f6-7725-4304-b3a4-4941318c1d6c:c1927]
2019-07-08 19:53:14,430 INFO  client.GrpcClientProtocolClient (GrpcClientProtocolClient.java:onNext(255)) - client-B2F93226DCBB->056ae293-26b5-4d67-bc5d-e905a6760a80: receive RaftClientReply:client-B2F93226DCBB->056ae293-26b5-4d67-bc5d-e905a6760a80@group-50E32BB97A46, cid=1366, SUCCESS, logIndex=0, commits[056ae293-26b5-4d67-bc5d-e905a6760a80:c1932, a428730f-9893-43cb-a585-e65a7e8859c8:c1931, 994b73f6-7725-4304-b3a4-4941318c1d6c:c1931]
2019-07-08 19:53:14,461 INFO  client.GrpcClientProtocolClient (GrpcClientProtocolClient.java:onNext(255)) - client-B2F93226DCBB->056ae293-26b5-4d67-bc5d-e905a6760a80: receive RaftClientReply:client-B2F93226DCBB->056ae293-26b5-4d67-bc5d-e905a6760a80@group-50E32BB97A46, cid=1367, SUCCESS, logIndex=1934, commits[056ae293-26b5-4d67-bc5d-e905a6760a80:c1935, a428730f-9893-43cb-a585-e65a7e8859c8:c1933, 994b73f6-7725-4304-b3a4-4941318c1d6c:c1933]
2019-07-08 19:53:14,461 INFO  client.GrpcClientProtocolClient (GrpcClientProtocolClient.java:onNext(255)) - client-B2F93226DCBB->056ae293-26b5-4d67-bc5d-e905a6760a80: receive RaftClientReply:client-B2F93226DCBB->056ae293-26b5-4d67-bc5d-e905a6760a80@group-50E32BB97A46, cid=1368, SUCCESS, logIndex=1935, commits[056ae293-26b5-4d67-bc5d-e905a6760a80:c1935, a428730f-9893-43cb-a585-e65a7e8859c8:c1933, 994b73f6-7725-4304-b3a4-4941318c1d6c:c1933]
2019-07-08 19:53:14,474 INFO  client.GrpcClientProtocolClient (GrpcClientProtocolClient.java:onNext(255)) - client-B2F93226DCBB->056ae293-26b5-4d67-bc5d-e905a6760a80: receive RaftClientReply:client-B2F93226DCBB->056ae293-26b5-4d67-bc5d-e905a6760a80@group-50E32BB97A46, cid=1369, SUCCESS, logIndex=1936, commits[056ae293-26b5-4d67-bc5d-e905a6760a80:c1937, a428730f-9893-43cb-a585-e65a7e8859c8:c1933, 994b73f6-7725-4304-b3a4-4941318c1d6c:c1933]
2019-07-08 19:53:14,474 INFO  client.GrpcClientProtocolClient (GrpcClientProtocolClient.java:onNext(255)) - client-B2F93226DCBB->056ae293-26b5-4d67-bc5d-e905a6760a80: receive RaftClientReply:client-B2F93226DCBB->056ae293-26b5-4d67-bc5d-e905a6760a80@group-50E32BB97A46, cid=1370, SUCCESS, logIndex=1937, commits[056ae293-26b5-4d67-bc5d-e905a6760a80:c1937, a428730f-9893-43cb-a585-e65a7e8859c8:c1933, 994b73f6-7725-4304-b3a4-4941318c1d6c:c1933]
2019-07-08 19:53:14,477 INFO  client.GrpcClientProtocolClient (GrpcClientProtocolClient.java:onNext(255)) - client-B2F93226DCBB->056ae293-26b5-4d67-bc5d-e905a6760a80: receive RaftClientReply:client-B2F93226DCBB->056ae293-26b5-4d67-bc5d-e905a6760a80@group-50E32BB97A46, cid=1371, SUCCESS, logIndex=0, commits[056ae293-26b5-4d67-bc5d-e905a6760a80:c1939, a428730f-9893-43cb-a585-e65a7e8859c8:c1935, 994b73f6-7725-4304-b3a4-4941318c1d6c:c1935]
2019-07-08 19:53:14,520 INFO  client.GrpcClientProtocolClient (GrpcClientProtocolClient.java:onNext(255)) - client-B2F93226DCBB->056ae293-26b5-4d67-bc5d-e905a6760a80: receive RaftClientReply:client-B2F93226DCBB->056ae293-26b5-4d67-bc5d-e905a6760a80@group-50E32BB97A46, cid=1372, SUCCESS, logIndex=1942, commits[056ae293-26b5-4d67-bc5d-e905a6760a80:c1943, a428730f-9893-43cb-a585-e65a7e8859c8:c1937, 994b73f6-7725-4304-b3a4-4941318c1d6c:c1941]
2019-07-08 19:53:14,521 INFO  client.GrpcClientProtocolClient (GrpcClientProtocolClient.java:onNext(255)) - client-B2F93226DCBB->056ae293-26b5-4d67-bc5d-e905a6760a80: receive RaftClientReply:client-B2F93226DCBB->056ae293-26b5-4d67-bc5d-e905a6760a80@group-50E32BB97A46, cid=1373, SUCCESS, logIndex=1943, commits[056ae293-26b5-4d67-bc5d-e905a6760a80:c1943, a428730f-9893-43cb-a585-e65a7e8859c8:c1941, 994b73f6-7725-4304-b3a4-4941318c1d6c:c1941]
2019-07-08 19:53:14,545 INFO  client.GrpcClientProtocolClient (GrpcClientProtocolClient.java:onNext(255)) - client-B2F93226DCBB->056ae293-26b5-4d67-bc5d-e905a6760a80: receive RaftClientReply:client-B2F93226DCBB->056ae293-26b5-4d67-bc5d-e905a6760a80@group-50E32BB97A46, cid=1374, SUCCESS, logIndex=1946, commits[056ae293-26b5-4d67-bc5d-e905a6760a80:c1947, a428730f-9893-43cb-a585-e65a7e8859c8:c1945, 994b73f6-7725-4304-b3a4-4941318c1d6c:c1945]
2019-07-08 19:53:14,545 INFO  client.GrpcClientProtocolClient (GrpcClientProtocolClient.java:onNext(255)) - client-B2F93226DCBB->056ae293-26b5-4d67-bc5d-e905a6760a80: receive RaftClientReply:client-B2F93226DCBB->056ae293-26b5-4d67-bc5d-e905a6760a80@group-50E32BB97A46, cid=1375, SUCCESS, logIndex=1947, commits[056ae293-26b5-4d67-bc5d-e905a6760a80:c1947, a428730f-9893-43cb-a585-e65a7e8859c8:c1945, 994b73f6-7725-4304-b3a4-4941318c1d6c:c1945]
2019-07-08 19:53:14,557 INFO  client.GrpcClientProtocolClient (GrpcClientProtocolClient.java:onNext(255)) - client-B2F93226DCBB->056ae293-26b5-4d67-bc5d-e905a6760a80: receive RaftClientReply:client-B2F93226DCBB->056ae293-26b5-4d67-bc5d-e905a6760a80@group-50E32BB97A46, cid=1376, SUCCESS, logIndex=0, commits[056ae293-26b5-4d67-bc5d-e905a6760a80:c1949, a428730f-9893-43cb-a585-e65a7e8859c8:c1947, 994b73f6-7725-4304-b3a4-4941318c1d6c:c1947]
2019-07-08 19:53:14,590 INFO  client.GrpcClientProtocolClient (GrpcClientProtocolClient.java:onNext(255)) - client-B2F93226DCBB->056ae293-26b5-4d67-bc5d-e905a6760a80: receive RaftClientReply:client-B2F93226DCBB->056ae293-26b5-4d67-bc5d-e905a6760a80@group-50E32BB97A46, cid=1377, SUCCESS, logIndex=1950, commits[056ae293-26b5-4d67-bc5d-e905a6760a80:c1952, a428730f-9893-43cb-a585-e65a7e8859c8:c1949, 994b73f6-7725-4304-b3a4-4941318c1d6c:c1949]
2019-07-08 19:53:14,591 INFO  client.GrpcClientProtocolClient (GrpcClientProtocolClient.java:onNext(255)) - client-B2F93226DCBB->056ae293-26b5-4d67-bc5d-e905a6760a80: receive RaftClientReply:client-B2F93226DCBB->056ae293-26b5-4d67-bc5d-e905a6760a80@group-50E32BB97A46, cid=1378, SUCCESS, logIndex=1951, commits[056ae293-26b5-4d67-bc5d-e905a6760a80:c1953, a428730f-9893-43cb-a585-e65a7e8859c8:c1949, 994b73f6-7725-4304-b3a4-4941318c1d6c:c1949]
2019-07-08 19:53:14,591 INFO  client.GrpcClientProtocolClient (GrpcClientProtocolClient.java:onNext(255)) - client-B2F93226DCBB->056ae293-26b5-4d67-bc5d-e905a6760a80: receive RaftClientReply:client-B2F93226DCBB->056ae293-26b5-4d67-bc5d-e905a6760a80@group-50E32BB97A46, cid=1379, SUCCESS, logIndex=1952, commits[056ae293-26b5-4d67-bc5d-e905a6760a80:c1953, a428730f-9893-43cb-a585-e65a7e8859c8:c1949, 994b73f6-7725-4304-b3a4-4941318c1d6c:c1949]
2019-07-08 19:53:14,592 INFO  client.GrpcClientProtocolClient (GrpcClientProtocolClient.java:onNext(255)) - client-B2F93226DCBB->056ae293-26b5-4d67-bc5d-e905a6760a80: receive RaftClientReply:client-B2F93226DCBB->056ae293-26b5-4d67-bc5d-e905a6760a80@group-50E32BB97A46, cid=1380, SUCCESS, logIndex=1953, commits[056ae293-26b5-4d67-bc5d-e905a6760a80:c1953, a428730f-9893-43cb-a585-e65a7e8859c8:c1949, 994b73f6-7725-4304-b3a4-4941318c1d6c:c1949]
2019-07-08 19:53:14,617 INFO  client.GrpcClientProtocolClient (GrpcClientProtocolClient.java:onNext(255)) - client-B2F93226DCBB->056ae293-26b5-4d67-bc5d-e905a6760a80: receive RaftClientReply:client-B2F93226DCBB->056ae293-26b5-4d67-bc5d-e905a6760a80@group-50E32BB97A46, cid=1381, SUCCESS, logIndex=0, commits[056ae293-26b5-4d67-bc5d-e905a6760a80:c1955, a428730f-9893-43cb-a585-e65a7e8859c8:c1951, 994b73f6-7725-4304-b3a4-4941318c1d6c:c1951]
2019-07-08 19:53:14,640 INFO  client.GrpcClientProtocolClient (GrpcClientProtocolClient.java:onNext(255)) - client-B2F93226DCBB->056ae293-26b5-4d67-bc5d-e905a6760a80: receive RaftClientReply:client-B2F93226DCBB->056ae293-26b5-4d67-bc5d-e905a6760a80@group-50E32BB97A46, cid=1382, SUCCESS, logIndex=1958, commits[056ae293-26b5-4d67-bc5d-e905a6760a80:c1959, a428730f-9893-43cb-a585-e65a7e8859c8:c1957, 994b73f6-7725-4304-b3a4-4941318c1d6c:c1957]
2019-07-08 19:53:14,640 INFO  client.GrpcClientProtocolClient (GrpcClientProtocolClient.java:onNext(255)) - client-B2F93226DCBB->056ae293-26b5-4d67-bc5d-e905a6760a80: receive RaftClientReply:client-B2F93226DCBB->056ae293-26b5-4d67-bc5d-e905a6760a80@group-50E32BB97A46, cid=1383, SUCCESS, logIndex=1959, commits[056ae293-26b5-4d67-bc5d-e905a6760a80:c1959, a428730f-9893-43cb-a585-e65a7e8859c8:c1957, 994b73f6-7725-4304-b3a4-4941318c1d6c:c1957]
2019-07-08 19:53:14,667 INFO  client.GrpcClientProtocolClient (GrpcClientProtocolClient.java:onNext(255)) - client-B2F93226DCBB->056ae293-26b5-4d67-bc5d-e905a6760a80: receive RaftClientReply:client-B2F93226DCBB->056ae293-26b5-4d67-bc5d-e905a6760a80@group-50E32BB97A46, cid=1384, SUCCESS, logIndex=1962, commits[056ae293-26b5-4d67-bc5d-e905a6760a80:c1963, a428730f-9893-43cb-a585-e65a7e8859c8:c1959, 994b73f6-7725-4304-b3a4-4941318c1d6c:c1959]
2019-07-08 19:53:14,668 INFO  client.GrpcClientProtocolClient (GrpcClientProtocolClient.java:onNext(255)) - client-B2F93226DCBB->056ae293-26b5-4d67-bc5d-e905a6760a80: receive RaftClientReply:client-B2F93226DCBB->056ae293-26b5-4d67-bc5d-e905a6760a80@group-50E32BB97A46, cid=1385, SUCCESS, logIndex=1963, commits[056ae293-26b5-4d67-bc5d-e905a6760a80:c1963, a428730f-9893-43cb-a585-e65a7e8859c8:c1959, 994b73f6-7725-4304-b3a4-4941318c1d6c:c1959]
2019-07-08 19:53:14,682 INFO  client.GrpcClientProtocolClient (GrpcClientProtocolClient.java:onNext(255)) - client-B2F93226DCBB->056ae293-26b5-4d67-bc5d-e905a6760a80: receive RaftClientReply:client-B2F93226DCBB->056ae293-26b5-4d67-bc5d-e905a6760a80@group-50E32BB97A46, cid=1386, SUCCESS, logIndex=0, commits[056ae293-26b5-4d67-bc5d-e905a6760a80:c1964, a428730f-9893-43cb-a585-e65a7e8859c8:c1963, 994b73f6-7725-4304-b3a4-4941318c1d6c:c1963]
2019-07-08 19:53:14,715 INFO  client.GrpcClientProtocolClient (GrpcClientProtocolClient.java:onNext(255)) - client-B2F93226DCBB->056ae293-26b5-4d67-bc5d-e905a6760a80: receive RaftClientReply:client-B2F93226DCBB->056ae293-26b5-4d67-bc5d-e905a6760a80@group-50E32BB97A46, cid=1387, SUCCESS, logIndex=1966, commits[056ae293-26b5-4d67-bc5d-e905a6760a80:c1967, a428730f-9893-43cb-a585-e65a7e8859c8:c1965, 994b73f6-7725-4304-b3a4-4941318c1d6c:c1965]
2019-07-08 19:53:14,715 INFO  client.GrpcClientProtocolClient (GrpcClientProtocolClient.java:onNext(255)) - client-B2F93226DCBB->056ae293-26b5-4d67-bc5d-e905a6760a80: receive RaftClientReply:client-B2F93226DCBB->056ae293-26b5-4d67-bc5d-e905a6760a80@group-50E32BB97A46, cid=1388, SUCCESS, logIndex=1967, commits[056ae293-26b5-4d67-bc5d-e905a6760a80:c1967, a428730f-9893-43cb-a585-e65a7e8859c8:c1965, 994b73f6-7725-4304-b3a4-4941318c1d6c:c1965]
2019-07-08 19:53:14,717 INFO  client.GrpcClientProtocolClient (GrpcClientProtocolClient.java:onNext(255)) - client-B2F93226DCBB->056ae293-26b5-4d67-bc5d-e905a6760a80: receive RaftClientReply:client-B2F93226DCBB->056ae293-26b5-4d67-bc5d-e905a6760a80@group-50E32BB97A46, cid=1389, SUCCESS, logIndex=1968, commits[056ae293-26b5-4d67-bc5d-e905a6760a80:c1969, a428730f-9893-43cb-a585-e65a7e8859c8:c1965, 994b73f6-7725-4304-b3a4-4941318c1d6c:c1965]
2019-07-08 19:53:14,717 INFO  client.GrpcClientProtocolClient (GrpcClientProtocolClient.java:onNext(255)) - client-B2F93226DCBB->056ae293-26b5-4d67-bc5d-e905a6760a80: receive RaftClientReply:client-B2F93226DCBB->056ae293-26b5-4d67-bc5d-e905a6760a80@group-50E32BB97A46, cid=1390, SUCCESS, logIndex=1969, commits[056ae293-26b5-4d67-bc5d-e905a6760a80:c1969, a428730f-9893-43cb-a585-e65a7e8859c8:c1965, 994b73f6-7725-4304-b3a4-4941318c1d6c:c1965]
2019-07-08 19:53:14,720 INFO  client.GrpcClientProtocolClient (GrpcClientProtocolClient.java:onNext(255)) - client-B2F93226DCBB->056ae293-26b5-4d67-bc5d-e905a6760a80: receive RaftClientReply:client-B2F93226DCBB->056ae293-26b5-4d67-bc5d-e905a6760a80@group-50E32BB97A46, cid=1391, SUCCESS, logIndex=0, commits[056ae293-26b5-4d67-bc5d-e905a6760a80:c1971, a428730f-9893-43cb-a585-e65a7e8859c8:c1967, 994b73f6-7725-4304-b3a4-4941318c1d6c:c1967]
2019-07-08 19:53:14,732 INFO  client.GrpcClientProtocolClient (GrpcClientProtocolClient.java:onNext(255)) - client-B2F93226DCBB->056ae293-26b5-4d67-bc5d-e905a6760a80: receive RaftClientReply:client-B2F93226DCBB->056ae293-26b5-4d67-bc5d-e905a6760a80@group-50E32BB97A46, cid=1392, SUCCESS, logIndex=1974, commits[056ae293-26b5-4d67-bc5d-e905a6760a80:c1975, a428730f-9893-43cb-a585-e65a7e8859c8:c1969, 994b73f6-7725-4304-b3a4-4941318c1d6c:c1973]
2019-07-08 19:53:14,732 INFO  client.GrpcClientProtocolClient (GrpcClientProtocolClient.java:onNext(255)) - client-B2F93226DCBB->056ae293-26b5-4d67-bc5d-e905a6760a80: receive RaftClientReply:client-B2F93226DCBB->056ae293-26b5-4d67-bc5d-e905a6760a80@group-50E32BB97A46, cid=1393, SUCCESS, logIndex=1975, commits[056ae293-26b5-4d67-bc5d-e905a6760a80:c1975, a428730f-9893-43cb-a585-e65a7e8859c8:c1969, 994b73f6-7725-4304-b3a4-4941318c1d6c:c1973]
2019-07-08 19:53:14,744 INFO  client.GrpcClientProtocolClient (GrpcClientProtocolClient.java:onNext(255)) - client-B2F93226DCBB->056ae293-26b5-4d67-bc5d-e905a6760a80: receive RaftClientReply:client-B2F93226DCBB->056ae293-26b5-4d67-bc5d-e905a6760a80@group-50E32BB97A46, cid=1394, SUCCESS, logIndex=1977, commits[056ae293-26b5-4d67-bc5d-e905a6760a80:c1978, a428730f-9893-43cb-a585-e65a7e8859c8:c1975, 994b73f6-7725-4304-b3a4-4941318c1d6c:c1976]
2019-07-08 19:53:14,744 INFO  client.GrpcClientProtocolClient (GrpcClientProtocolClient.java:onNext(255)) - client-B2F93226DCBB->056ae293-26b5-4d67-bc5d-e905a6760a80: receive RaftClientReply:client-B2F93226DCBB->056ae293-26b5-4d67-bc5d-e905a6760a80@group-50E32BB97A46, cid=1395, SUCCESS, logIndex=1978, commits[056ae293-26b5-4d67-bc5d-e905a6760a80:c1978, a428730f-9893-43cb-a585-e65a7e8859c8:c1975, 994b73f6-7725-4304-b3a4-4941318c1d6c:c1976]
2019-07-08 19:53:14,790 INFO  client.GrpcClientProtocolClient (GrpcClientProtocolClient.java:onNext(255)) - client-B2F93226DCBB->056ae293-26b5-4d67-bc5d-e905a6760a80: receive RaftClientReply:client-B2F93226DCBB->056ae293-26b5-4d67-bc5d-e905a6760a80@group-50E32BB97A46, cid=1396, SUCCESS, logIndex=0, commits[056ae293-26b5-4d67-bc5d-e905a6760a80:c1980, a428730f-9893-43cb-a585-e65a7e8859c8:c1978, 994b73f6-7725-4304-b3a4-4941318c1d6c:c1978]
2019-07-08 19:53:14,822 INFO  client.GrpcClientProtocolClient (GrpcClientProtocolClient.java:onNext(255)) - client-B2F93226DCBB->056ae293-26b5-4d67-bc5d-e905a6760a80: receive RaftClientReply:client-B2F93226DCBB->056ae293-26b5-4d67-bc5d-e905a6760a80@group-50E32BB97A46, cid=1397, SUCCESS, logIndex=1981, commits[056ae293-26b5-4d67-bc5d-e905a6760a80:c1983, a428730f-9893-43cb-a585-e65a7e8859c8:c1980, 994b73f6-7725-4304-b3a4-4941318c1d6c:c1980]
2019-07-08 19:53:14,822 INFO  client.GrpcClientProtocolClient (GrpcClientProtocolClient.java:onNext(255)) - client-B2F93226DCBB->056ae293-26b5-4d67-bc5d-e905a6760a80: receive RaftClientReply:client-B2F93226DCBB->056ae293-26b5-4d67-bc5d-e905a6760a80@group-50E32BB97A46, cid=1398, SUCCESS, logIndex=1982, commits[056ae293-26b5-4d67-bc5d-e905a6760a80:c1984, a428730f-9893-43cb-a585-e65a7e8859c8:c1980, 994b73f6-7725-4304-b3a4-4941318c1d6c:c1980]
2019-07-08 19:53:14,823 INFO  client.GrpcClientProtocolClient (GrpcClientProtocolClient.java:onNext(255)) - client-B2F93226DCBB->056ae293-26b5-4d67-bc5d-e905a6760a80: receive RaftClientReply:client-B2F93226DCBB->056ae293-26b5-4d67-bc5d-e905a6760a80@group-50E32BB97A46, cid=1399, SUCCESS, logIndex=1983, commits[056ae293-26b5-4d67-bc5d-e905a6760a80:c1984, a428730f-9893-43cb-a585-e65a7e8859c8:c1980, 994b73f6-7725-4304-b3a4-4941318c1d6c:c1980]
2019-07-08 19:53:14,823 INFO  client.GrpcClientProtocolClient (GrpcClientProtocolClient.java:onNext(255)) - client-B2F93226DCBB->056ae293-26b5-4d67-bc5d-e905a6760a80: receive RaftClientReply:client-B2F93226DCBB->056ae293-26b5-4d67-bc5d-e905a6760a80@group-50E32BB97A46, cid=1400, SUCCESS, logIndex=1984, commits[056ae293-26b5-4d67-bc5d-e905a6760a80:c1984, a428730f-9893-43cb-a585-e65a7e8859c8:c1980, 994b73f6-7725-4304-b3a4-4941318c1d6c:c1980]
2019-07-08 19:53:14,833 INFO  client.GrpcClientProtocolClient (GrpcClientProtocolClient.java:onNext(255)) - client-B2F93226DCBB->056ae293-26b5-4d67-bc5d-e905a6760a80: receive RaftClientReply:client-B2F93226DCBB->056ae293-26b5-4d67-bc5d-e905a6760a80@group-50E32BB97A46, cid=1401, SUCCESS, logIndex=0, commits[056ae293-26b5-4d67-bc5d-e905a6760a80:c1985, a428730f-9893-43cb-a585-e65a7e8859c8:c1982, 994b73f6-7725-4304-b3a4-4941318c1d6c:c1982]
2019-07-08 19:53:14,855 INFO  client.GrpcClientProtocolClient (GrpcClientProtocolClient.java:onNext(255)) - client-B2F93226DCBB->056ae293-26b5-4d67-bc5d-e905a6760a80: receive RaftClientReply:client-B2F93226DCBB->056ae293-26b5-4d67-bc5d-e905a6760a80@group-50E32BB97A46, cid=1402, SUCCESS, logIndex=1989, commits[056ae293-26b5-4d67-bc5d-e905a6760a80:c1990, a428730f-9893-43cb-a585-e65a7e8859c8:c1988, 994b73f6-7725-4304-b3a4-4941318c1d6c:c1988]
2019-07-08 19:53:14,856 INFO  client.GrpcClientProtocolClient (GrpcClientProtocolClient.java:onNext(255)) - client-B2F93226DCBB->056ae293-26b5-4d67-bc5d-e905a6760a80: receive RaftClientReply:client-B2F93226DCBB->056ae293-26b5-4d67-bc5d-e905a6760a80@group-50E32BB97A46, cid=1403, SUCCESS, logIndex=1990, commits[056ae293-26b5-4d67-bc5d-e905a6760a80:c1990, a428730f-9893-43cb-a585-e65a7e8859c8:c1988, 994b73f6-7725-4304-b3a4-4941318c1d6c:c1988]
2019-07-08 19:53:14,882 INFO  client.GrpcClientProtocolClient (GrpcClientProtocolClient.java:onNext(255)) - client-B2F93226DCBB->056ae293-26b5-4d67-bc5d-e905a6760a80: receive RaftClientReply:client-B2F93226DCBB->056ae293-26b5-4d67-bc5d-e905a6760a80@group-50E32BB97A46, cid=1404, SUCCESS, logIndex=1993, commits[056ae293-26b5-4d67-bc5d-e905a6760a80:c1994, a428730f-9893-43cb-a585-e65a7e8859c8:c1990, 994b73f6-7725-4304-b3a4-4941318c1d6c:c1990]
2019-07-08 19:53:14,883 INFO  client.GrpcClientProtocolClient (GrpcClientProtocolClient.java:onNext(255)) - client-B2F93226DCBB->056ae293-26b5-4d67-bc5d-e905a6760a80: receive RaftClientReply:client-B2F93226DCBB->056ae293-26b5-4d67-bc5d-e905a6760a80@group-50E32BB97A46, cid=1405, SUCCESS, logIndex=1994, commits[056ae293-26b5-4d67-bc5d-e905a6760a80:c1994, a428730f-9893-43cb-a585-e65a7e8859c8:c1990, 994b73f6-7725-4304-b3a4-4941318c1d6c:c1990]
2019-07-08 19:53:14,909 INFO  client.GrpcClientProtocolClient (GrpcClientProtocolClient.java:onNext(255)) - client-B2F93226DCBB->056ae293-26b5-4d67-bc5d-e905a6760a80: receive RaftClientReply:client-B2F93226DCBB->056ae293-26b5-4d67-bc5d-e905a6760a80@group-50E32BB97A46, cid=1406, SUCCESS, logIndex=0, commits[056ae293-26b5-4d67-bc5d-e905a6760a80:c1996, a428730f-9893-43cb-a585-e65a7e8859c8:c1994, 994b73f6-7725-4304-b3a4-4941318c1d6c:c1994]
2019-07-08 19:53:14,937 INFO  client.GrpcClientProtocolClient (GrpcClientProtocolClient.java:onNext(255)) - client-B2F93226DCBB->056ae293-26b5-4d67-bc5d-e905a6760a80: receive RaftClientReply:client-B2F93226DCBB->056ae293-26b5-4d67-bc5d-e905a6760a80@group-50E32BB97A46, cid=1407, SUCCESS, logIndex=1997, commits[056ae293-26b5-4d67-bc5d-e905a6760a80:c1998, a428730f-9893-43cb-a585-e65a7e8859c8:c1996, 994b73f6-7725-4304-b3a4-4941318c1d6c:c1996]
2019-07-08 19:53:14,937 INFO  client.GrpcClientProtocolClient (GrpcClientProtocolClient.java:onNext(255)) - client-B2F93226DCBB->056ae293-26b5-4d67-bc5d-e905a6760a80: receive RaftClientReply:client-B2F93226DCBB->056ae293-26b5-4d67-bc5d-e905a6760a80@group-50E32BB97A46, cid=1408, SUCCESS, logIndex=1998, commits[056ae293-26b5-4d67-bc5d-e905a6760a80:c1998, a428730f-9893-43cb-a585-e65a7e8859c8:c1996, 994b73f6-7725-4304-b3a4-4941318c1d6c:c1996]
2019-07-08 19:53:14,949 INFO  client.GrpcClientProtocolClient (GrpcClientProtocolClient.java:onNext(255)) - client-B2F93226DCBB->056ae293-26b5-4d67-bc5d-e905a6760a80: receive RaftClientReply:client-B2F93226DCBB->056ae293-26b5-4d67-bc5d-e905a6760a80@group-50E32BB97A46, cid=1409, SUCCESS, logIndex=1999, commits[056ae293-26b5-4d67-bc5d-e905a6760a80:c2000, a428730f-9893-43cb-a585-e65a7e8859c8:c1996, 994b73f6-7725-4304-b3a4-4941318c1d6c:c1996]
2019-07-08 19:53:14,949 INFO  client.GrpcClientProtocolClient (GrpcClientProtocolClient.java:onNext(255)) - client-B2F93226DCBB->056ae293-26b5-4d67-bc5d-e905a6760a80: receive RaftClientReply:client-B2F93226DCBB->056ae293-26b5-4d67-bc5d-e905a6760a80@group-50E32BB97A46, cid=1410, SUCCESS, logIndex=2000, commits[056ae293-26b5-4d67-bc5d-e905a6760a80:c2000, a428730f-9893-43cb-a585-e65a7e8859c8:c1996, 994b73f6-7725-4304-b3a4-4941318c1d6c:c1996]
2019-07-08 19:53:14,959 INFO  client.GrpcClientProtocolClient (GrpcClientProtocolClient.java:onNext(255)) - client-B2F93226DCBB->056ae293-26b5-4d67-bc5d-e905a6760a80: receive RaftClientReply:client-B2F93226DCBB->056ae293-26b5-4d67-bc5d-e905a6760a80@group-50E32BB97A46, cid=1411, SUCCESS, logIndex=0, commits[056ae293-26b5-4d67-bc5d-e905a6760a80:c2002, a428730f-9893-43cb-a585-e65a7e8859c8:c1998, 994b73f6-7725-4304-b3a4-4941318c1d6c:c1998]
2019-07-08 19:53:14,971 INFO  client.GrpcClientProtocolClient (GrpcClientProtocolClient.java:onNext(255)) - client-B2F93226DCBB->056ae293-26b5-4d67-bc5d-e905a6760a80: receive RaftClientReply:client-B2F93226DCBB->056ae293-26b5-4d67-bc5d-e905a6760a80@group-50E32BB97A46, cid=1412, SUCCESS, logIndex=2005, commits[056ae293-26b5-4d67-bc5d-e905a6760a80:c2006, a428730f-9893-43cb-a585-e65a7e8859c8:c2000, 994b73f6-7725-4304-b3a4-4941318c1d6c:c2004]
2019-07-08 19:53:14,972 INFO  client.GrpcClientProtocolClient (GrpcClientProtocolClient.java:onNext(255)) - client-B2F93226DCBB->056ae293-26b5-4d67-bc5d-e905a6760a80: receive RaftClientReply:client-B2F93226DCBB->056ae293-26b5-4d67-bc5d-e905a6760a80@group-50E32BB97A46, cid=1413, SUCCESS, logIndex=2006, commits[056ae293-26b5-4d67-bc5d-e905a6760a80:c2006, a428730f-9893-43cb-a585-e65a7e8859c8:c2004, 994b73f6-7725-4304-b3a4-4941318c1d6c:c2004]
 0.00% |█                                                                                                    |  0/1 Time: 0:00:112019-07-08 19:53:14,986 INFO  client.GrpcClientProtocolClient (GrpcClientProtocolClient.java:onNext(255)) - client-B2F93226DCBB->056ae293-26b5-4d67-bc5d-e905a6760a80: receive RaftClientReply:client-B2F93226DCBB->056ae293-26b5-4d67-bc5d-e905a6760a80@group-50E32BB97A46, cid=1414, SUCCESS, logIndex=2009, commits[056ae293-26b5-4d67-bc5d-e905a6760a80:c2010, a428730f-9893-43cb-a585-e65a7e8859c8:c2008, 994b73f6-7725-4304-b3a4-4941318c1d6c:c2008]
2019-07-08 19:53:14,987 INFO  client.GrpcClientProtocolClient (GrpcClientProtocolClient.java:onNext(255)) - client-B2F93226DCBB->056ae293-26b5-4d67-bc5d-e905a6760a80: receive RaftClientReply:client-B2F93226DCBB->056ae293-26b5-4d67-bc5d-e905a6760a80@group-50E32BB97A46, cid=1415, SUCCESS, logIndex=2010, commits[056ae293-26b5-4d67-bc5d-e905a6760a80:c2010, a428730f-9893-43cb-a585-e65a7e8859c8:c2008, 994b73f6-7725-4304-b3a4-4941318c1d6c:c2008]
2019-07-08 19:53:14,992 INFO  client.GrpcClientProtocolClient (GrpcClientProtocolClient.java:onNext(255)) - client-B2F93226DCBB->056ae293-26b5-4d67-bc5d-e905a6760a80: receive RaftClientReply:client-B2F93226DCBB->056ae293-26b5-4d67-bc5d-e905a6760a80@group-50E32BB97A46, cid=1416, SUCCESS, logIndex=0, commits[056ae293-26b5-4d67-bc5d-e905a6760a80:c2012, a428730f-9893-43cb-a585-e65a7e8859c8:c2010, 994b73f6-7725-4304-b3a4-4941318c1d6c:c2010]
2019-07-08 19:53:15,120 INFO  client.GrpcClientProtocolClient (GrpcClientProtocolClient.java:onNext(255)) - client-B2F93226DCBB->056ae293-26b5-4d67-bc5d-e905a6760a80: receive RaftClientReply:client-B2F93226DCBB->056ae293-26b5-4d67-bc5d-e905a6760a80@group-50E32BB97A46, cid=1417, SUCCESS, logIndex=2013, commits[056ae293-26b5-4d67-bc5d-e905a6760a80:c2015, a428730f-9893-43cb-a585-e65a7e8859c8:c2012, 994b73f6-7725-4304-b3a4-4941318c1d6c:c2012]
2019-07-08 19:53:15,121 INFO  client.GrpcClientProtocolClient (GrpcClientProtocolClient.java:onNext(255)) - client-B2F93226DCBB->056ae293-26b5-4d67-bc5d-e905a6760a80: receive RaftClientReply:client-B2F93226DCBB->056ae293-26b5-4d67-bc5d-e905a6760a80@group-50E32BB97A46, cid=1418, SUCCESS, logIndex=2014, commits[056ae293-26b5-4d67-bc5d-e905a6760a80:c2016, a428730f-9893-43cb-a585-e65a7e8859c8:c2012, 994b73f6-7725-4304-b3a4-4941318c1d6c:c2012]
2019-07-08 19:53:15,121 INFO  client.GrpcClientProtocolClient (GrpcClientProtocolClient.java:onNext(255)) - client-B2F93226DCBB->056ae293-26b5-4d67-bc5d-e905a6760a80: receive RaftClientReply:client-B2F93226DCBB->056ae293-26b5-4d67-bc5d-e905a6760a80@group-50E32BB97A46, cid=1419, SUCCESS, logIndex=2015, commits[056ae293-26b5-4d67-bc5d-e905a6760a80:c2016, a428730f-9893-43cb-a585-e65a7e8859c8:c2012, 994b73f6-7725-4304-b3a4-4941318c1d6c:c2012]
2019-07-08 19:53:15,122 INFO  client.GrpcClientProtocolClient (GrpcClientProtocolClient.java:onNext(255)) - client-B2F93226DCBB->056ae293-26b5-4d67-bc5d-e905a6760a80: receive RaftClientReply:client-B2F93226DCBB->056ae293-26b5-4d67-bc5d-e905a6760a80@group-50E32BB97A46, cid=1420, SUCCESS, logIndex=2016, commits[056ae293-26b5-4d67-bc5d-e905a6760a80:c2016, a428730f-9893-43cb-a585-e65a7e8859c8:c2012, 994b73f6-7725-4304-b3a4-4941318c1d6c:c2012]
2019-07-08 19:53:15,147 INFO  client.GrpcClientProtocolClient (GrpcClientProtocolClient.java:onNext(255)) - client-B2F93226DCBB->056ae293-26b5-4d67-bc5d-e905a6760a80: receive RaftClientReply:client-B2F93226DCBB->056ae293-26b5-4d67-bc5d-e905a6760a80@group-50E32BB97A46, cid=1421, SUCCESS, logIndex=0, commits[056ae293-26b5-4d67-bc5d-e905a6760a80:c2020, a428730f-9893-43cb-a585-e65a7e8859c8:c2014, 994b73f6-7725-4304-b3a4-4941318c1d6c:c2016]
2019-07-08 19:53:15,170 INFO  client.GrpcClientProtocolClient (GrpcClientProtocolClient.java:onNext(255)) - client-B2F93226DCBB->056ae293-26b5-4d67-bc5d-e905a6760a80: receive RaftClientReply:client-B2F93226DCBB->056ae293-26b5-4d67-bc5d-e905a6760a80@group-50E32BB97A46, cid=1422, SUCCESS, logIndex=2021, commits[056ae293-26b5-4d67-bc5d-e905a6760a80:c2022, a428730f-9893-43cb-a585-e65a7e8859c8:c2020, 994b73f6-7725-4304-b3a4-4941318c1d6c:c2020]
2019-07-08 19:53:15,171 INFO  client.GrpcClientProtocolClient (GrpcClientProtocolClient.java:onNext(255)) - client-B2F93226DCBB->056ae293-26b5-4d67-bc5d-e905a6760a80: receive RaftClientReply:client-B2F93226DCBB->056ae293-26b5-4d67-bc5d-e905a6760a80@group-50E32BB97A46, cid=1423, SUCCESS, logIndex=2022, commits[056ae293-26b5-4d67-bc5d-e905a6760a80:c2022, a428730f-9893-43cb-a585-e65a7e8859c8:c2020, 994b73f6-7725-4304-b3a4-4941318c1d6c:c2020]
2019-07-08 19:53:15,197 INFO  client.GrpcClientProtocolClient (GrpcClientProtocolClient.java:onNext(255)) - client-B2F93226DCBB->056ae293-26b5-4d67-bc5d-e905a6760a80: receive RaftClientReply:client-B2F93226DCBB->056ae293-26b5-4d67-bc5d-e905a6760a80@group-50E32BB97A46, cid=1424, SUCCESS, logIndex=2025, commits[056ae293-26b5-4d67-bc5d-e905a6760a80:c2026, a428730f-9893-43cb-a585-e65a7e8859c8:c2022, 994b73f6-7725-4304-b3a4-4941318c1d6c:c2022]
2019-07-08 19:53:15,197 INFO  client.GrpcClientProtocolClient (GrpcClientProtocolClient.java:onNext(255)) - client-B2F93226DCBB->056ae293-26b5-4d67-bc5d-e905a6760a80: receive RaftClientReply:client-B2F93226DCBB->056ae293-26b5-4d67-bc5d-e905a6760a80@group-50E32BB97A46, cid=1425, SUCCESS, logIndex=2026, commits[056ae293-26b5-4d67-bc5d-e905a6760a80:c2026, a428730f-9893-43cb-a585-e65a7e8859c8:c2022, 994b73f6-7725-4304-b3a4-4941318c1d6c:c2022]
2019-07-08 19:53:15,223 INFO  client.GrpcClientProtocolClient (GrpcClientProtocolClient.java:onNext(255)) - client-B2F93226DCBB->056ae293-26b5-4d67-bc5d-e905a6760a80: receive RaftClientReply:client-B2F93226DCBB->056ae293-26b5-4d67-bc5d-e905a6760a80@group-50E32BB97A46, cid=1426, SUCCESS, logIndex=0, commits[056ae293-26b5-4d67-bc5d-e905a6760a80:c2028, a428730f-9893-43cb-a585-e65a7e8859c8:c2026, 994b73f6-7725-4304-b3a4-4941318c1d6c:c2026]
2019-07-08 19:53:15,254 INFO  client.GrpcClientProtocolClient (GrpcClientProtocolClient.java:onNext(255)) - client-B2F93226DCBB->056ae293-26b5-4d67-bc5d-e905a6760a80: receive RaftClientReply:client-B2F93226DCBB->056ae293-26b5-4d67-bc5d-e905a6760a80@group-50E32BB97A46, cid=1427, SUCCESS, logIndex=2029, commits[056ae293-26b5-4d67-bc5d-e905a6760a80:c2030, a428730f-9893-43cb-a585-e65a7e8859c8:c2028, 994b73f6-7725-4304-b3a4-4941318c1d6c:c2028]
2019-07-08 19:53:15,255 INFO  client.GrpcClientProtocolClient (GrpcClientProtocolClient.java:onNext(255)) - client-B2F93226DCBB->056ae293-26b5-4d67-bc5d-e905a6760a80: receive RaftClientReply:client-B2F93226DCBB->056ae293-26b5-4d67-bc5d-e905a6760a80@group-50E32BB97A46, cid=1428, SUCCESS, logIndex=2030, commits[056ae293-26b5-4d67-bc5d-e905a6760a80:c2030, a428730f-9893-43cb-a585-e65a7e8859c8:c2028, 994b73f6-7725-4304-b3a4-4941318c1d6c:c2028]
2019-07-08 19:53:15,255 INFO  client.GrpcClientProtocolClient (GrpcClientProtocolClient.java:onNext(255)) - client-B2F93226DCBB->056ae293-26b5-4d67-bc5d-e905a6760a80: receive RaftClientReply:client-B2F93226DCBB->056ae293-26b5-4d67-bc5d-e905a6760a80@group-50E32BB97A46, cid=1429, SUCCESS, logIndex=2031, commits[056ae293-26b5-4d67-bc5d-e905a6760a80:c2032, a428730f-9893-43cb-a585-e65a7e8859c8:c2028, 994b73f6-7725-4304-b3a4-4941318c1d6c:c2028]
2019-07-08 19:53:15,256 INFO  client.GrpcClientProtocolClient (GrpcClientProtocolClient.java:onNext(255)) - client-B2F93226DCBB->056ae293-26b5-4d67-bc5d-e905a6760a80: receive RaftClientReply:client-B2F93226DCBB->056ae293-26b5-4d67-bc5d-e905a6760a80@group-50E32BB97A46, cid=1430, SUCCESS, logIndex=2032, commits[056ae293-26b5-4d67-bc5d-e905a6760a80:c2032, a428730f-9893-43cb-a585-e65a7e8859c8:c2028, 994b73f6-7725-4304-b3a4-4941318c1d6c:c2028]
2019-07-08 19:53:15,259 INFO  client.GrpcClientProtocolClient (GrpcClientProtocolClient.java:onNext(255)) - client-B2F93226DCBB->056ae293-26b5-4d67-bc5d-e905a6760a80: receive RaftClientReply:client-B2F93226DCBB->056ae293-26b5-4d67-bc5d-e905a6760a80@group-50E32BB97A46, cid=1431, SUCCESS, logIndex=0, commits[056ae293-26b5-4d67-bc5d-e905a6760a80:c2034, a428730f-9893-43cb-a585-e65a7e8859c8:c2030, 994b73f6-7725-4304-b3a4-4941318c1d6c:c2030]
2019-07-08 19:53:15,285 INFO  client.GrpcClientProtocolClient (GrpcClientProtocolClient.java:onNext(255)) - client-B2F93226DCBB->056ae293-26b5-4d67-bc5d-e905a6760a80: receive RaftClientReply:client-B2F93226DCBB->056ae293-26b5-4d67-bc5d-e905a6760a80@group-50E32BB97A46, cid=1432, SUCCESS, logIndex=2037, commits[056ae293-26b5-4d67-bc5d-e905a6760a80:c2038, a428730f-9893-43cb-a585-e65a7e8859c8:c2036, 994b73f6-7725-4304-b3a4-4941318c1d6c:c2036]
2019-07-08 19:53:15,285 INFO  client.GrpcClientProtocolClient (GrpcClientProtocolClient.java:onNext(255)) - client-B2F93226DCBB->056ae293-26b5-4d67-bc5d-e905a6760a80: receive RaftClientReply:client-B2F93226DCBB->056ae293-26b5-4d67-bc5d-e905a6760a80@group-50E32BB97A46, cid=1433, SUCCESS, logIndex=2038, commits[056ae293-26b5-4d67-bc5d-e905a6760a80:c2038, a428730f-9893-43cb-a585-e65a7e8859c8:c2036, 994b73f6-7725-4304-b3a4-4941318c1d6c:c2036]
2019-07-08 19:53:15,311 INFO  client.GrpcClientProtocolClient (GrpcClientProtocolClient.java:onNext(255)) - client-B2F93226DCBB->056ae293-26b5-4d67-bc5d-e905a6760a80: receive RaftClientReply:client-B2F93226DCBB->056ae293-26b5-4d67-bc5d-e905a6760a80@group-50E32BB97A46, cid=1434, SUCCESS, logIndex=2041, commits[056ae293-26b5-4d67-bc5d-e905a6760a80:c2042, a428730f-9893-43cb-a585-e65a7e8859c8:c2038, 994b73f6-7725-4304-b3a4-4941318c1d6c:c2038]
2019-07-08 19:53:15,312 INFO  client.GrpcClientProtocolClient (GrpcClientProtocolClient.java:onNext(255)) - client-B2F93226DCBB->056ae293-26b5-4d67-bc5d-e905a6760a80: receive RaftClientReply:client-B2F93226DCBB->056ae293-26b5-4d67-bc5d-e905a6760a80@group-50E32BB97A46, cid=1435, SUCCESS, logIndex=2042, commits[056ae293-26b5-4d67-bc5d-e905a6760a80:c2042, a428730f-9893-43cb-a585-e65a7e8859c8:c2038, 994b73f6-7725-4304-b3a4-4941318c1d6c:c2038]
2019-07-08 19:53:15,341 INFO  client.GrpcClientProtocolClient (GrpcClientProtocolClient.java:onNext(255)) - client-B2F93226DCBB->056ae293-26b5-4d67-bc5d-e905a6760a80: receive RaftClientReply:client-B2F93226DCBB->056ae293-26b5-4d67-bc5d-e905a6760a80@group-50E32BB97A46, cid=1436, SUCCESS, logIndex=0, commits[056ae293-26b5-4d67-bc5d-e905a6760a80:c2044, a428730f-9893-43cb-a585-e65a7e8859c8:c2042, 994b73f6-7725-4304-b3a4-4941318c1d6c:c2042]
2019-07-08 19:53:15,385 INFO  client.GrpcClientProtocolClient (GrpcClientProtocolClient.java:onNext(255)) - client-B2F93226DCBB->056ae293-26b5-4d67-bc5d-e905a6760a80: receive RaftClientReply:client-B2F93226DCBB->056ae293-26b5-4d67-bc5d-e905a6760a80@group-50E32BB97A46, cid=1437, SUCCESS, logIndex=2045, commits[056ae293-26b5-4d67-bc5d-e905a6760a80:c2048, a428730f-9893-43cb-a585-e65a7e8859c8:c2044, 994b73f6-7725-4304-b3a4-4941318c1d6c:c2044]
2019-07-08 19:53:15,386 INFO  client.GrpcClientProtocolClient (GrpcClientProtocolClient.java:onNext(255)) - client-B2F93226DCBB->056ae293-26b5-4d67-bc5d-e905a6760a80: receive RaftClientReply:client-B2F93226DCBB->056ae293-26b5-4d67-bc5d-e905a6760a80@group-50E32BB97A46, cid=1438, SUCCESS, logIndex=2046, commits[056ae293-26b5-4d67-bc5d-e905a6760a80:c2048, a428730f-9893-43cb-a585-e65a7e8859c8:c2044, 994b73f6-7725-4304-b3a4-4941318c1d6c:c2044]
2019-07-08 19:53:15,387 INFO  client.GrpcClientProtocolClient (GrpcClientProtocolClient.java:onNext(255)) - client-B2F93226DCBB->056ae293-26b5-4d67-bc5d-e905a6760a80: receive RaftClientReply:client-B2F93226DCBB->056ae293-26b5-4d67-bc5d-e905a6760a80@group-50E32BB97A46, cid=1439, SUCCESS, logIndex=2047, commits[056ae293-26b5-4d67-bc5d-e905a6760a80:c2048, a428730f-9893-43cb-a585-e65a7e8859c8:c2044, 994b73f6-7725-4304-b3a4-4941318c1d6c:c2044]
2019-07-08 19:53:15,387 INFO  client.GrpcClientProtocolClient (GrpcClientProtocolClient.java:onNext(255)) - client-B2F93226DCBB->056ae293-26b5-4d67-bc5d-e905a6760a80: receive RaftClientReply:client-B2F93226DCBB->056ae293-26b5-4d67-bc5d-e905a6760a80@group-50E32BB97A46, cid=1440, SUCCESS, logIndex=2048, commits[056ae293-26b5-4d67-bc5d-e905a6760a80:c2048, a428730f-9893-43cb-a585-e65a7e8859c8:c2044, 994b73f6-7725-4304-b3a4-4941318c1d6c:c2044]
2019-07-08 19:53:15,398 INFO  client.GrpcClientProtocolClient (GrpcClientProtocolClient.java:onNext(255)) - client-B2F93226DCBB->056ae293-26b5-4d67-bc5d-e905a6760a80: receive RaftClientReply:client-B2F93226DCBB->056ae293-26b5-4d67-bc5d-e905a6760a80@group-50E32BB97A46, cid=1441, SUCCESS, logIndex=0, commits[056ae293-26b5-4d67-bc5d-e905a6760a80:c2048, a428730f-9893-43cb-a585-e65a7e8859c8:c2047, 994b73f6-7725-4304-b3a4-4941318c1d6c:c2048]
2019-07-08 19:53:15,423 INFO  client.GrpcClientProtocolClient (GrpcClientProtocolClient.java:onNext(255)) - client-B2F93226DCBB->056ae293-26b5-4d67-bc5d-e905a6760a80: receive RaftClientReply:client-B2F93226DCBB->056ae293-26b5-4d67-bc5d-e905a6760a80@group-50E32BB97A46, cid=1442, SUCCESS, logIndex=2052, commits[056ae293-26b5-4d67-bc5d-e905a6760a80:c2053, a428730f-9893-43cb-a585-e65a7e8859c8:c2049, 994b73f6-7725-4304-b3a4-4941318c1d6c:c2049]
2019-07-08 19:53:15,423 INFO  client.GrpcClientProtocolClient (GrpcClientProtocolClient.java:onNext(255)) - client-B2F93226DCBB->056ae293-26b5-4d67-bc5d-e905a6760a80: receive RaftClientReply:client-B2F93226DCBB->056ae293-26b5-4d67-bc5d-e905a6760a80@group-50E32BB97A46, cid=1443, SUCCESS, logIndex=2053, commits[056ae293-26b5-4d67-bc5d-e905a6760a80:c2053, a428730f-9893-43cb-a585-e65a7e8859c8:c2049, 994b73f6-7725-4304-b3a4-4941318c1d6c:c2049]
2019-07-08 19:53:15,449 INFO  client.GrpcClientProtocolClient (GrpcClientProtocolClient.java:onNext(255)) - client-B2F93226DCBB->056ae293-26b5-4d67-bc5d-e905a6760a80: receive RaftClientReply:client-B2F93226DCBB->056ae293-26b5-4d67-bc5d-e905a6760a80@group-50E32BB97A46, cid=1444, SUCCESS, logIndex=2056, commits[056ae293-26b5-4d67-bc5d-e905a6760a80:c2057, a428730f-9893-43cb-a585-e65a7e8859c8:c2053, 994b73f6-7725-4304-b3a4-4941318c1d6c:c2053]
2019-07-08 19:53:15,450 INFO  client.GrpcClientProtocolClient (GrpcClientProtocolClient.java:onNext(255)) - client-B2F93226DCBB->056ae293-26b5-4d67-bc5d-e905a6760a80: receive RaftClientReply:client-B2F93226DCBB->056ae293-26b5-4d67-bc5d-e905a6760a80@group-50E32BB97A46, cid=1445, SUCCESS, logIndex=2057, commits[056ae293-26b5-4d67-bc5d-e905a6760a80:c2057, a428730f-9893-43cb-a585-e65a7e8859c8:c2053, 994b73f6-7725-4304-b3a4-4941318c1d6c:c2053]
2019-07-08 19:53:15,463 INFO  client.GrpcClientProtocolClient (GrpcClientProtocolClient.java:onNext(255)) - client-B2F93226DCBB->056ae293-26b5-4d67-bc5d-e905a6760a80: receive RaftClientReply:client-B2F93226DCBB->056ae293-26b5-4d67-bc5d-e905a6760a80@group-50E32BB97A46, cid=1446, SUCCESS, logIndex=0, commits[056ae293-26b5-4d67-bc5d-e905a6760a80:c2057, a428730f-9893-43cb-a585-e65a7e8859c8:c2057, 994b73f6-7725-4304-b3a4-4941318c1d6c:c2057]
2019-07-08 19:53:15,485 INFO  client.GrpcClientProtocolClient (GrpcClientProtocolClient.java:onNext(255)) - client-B2F93226DCBB->056ae293-26b5-4d67-bc5d-e905a6760a80: receive RaftClientReply:client-B2F93226DCBB->056ae293-26b5-4d67-bc5d-e905a6760a80@group-50E32BB97A46, cid=1447, SUCCESS, logIndex=2060, commits[056ae293-26b5-4d67-bc5d-e905a6760a80:c2061, a428730f-9893-43cb-a585-e65a7e8859c8:c2057, 994b73f6-7725-4304-b3a4-4941318c1d6c:c2059]
2019-07-08 19:53:15,485 INFO  client.GrpcClientProtocolClient (GrpcClientProtocolClient.java:onNext(255)) - client-B2F93226DCBB->056ae293-26b5-4d67-bc5d-e905a6760a80: receive RaftClientReply:client-B2F93226DCBB->056ae293-26b5-4d67-bc5d-e905a6760a80@group-50E32BB97A46, cid=1448, SUCCESS, logIndex=2061, commits[056ae293-26b5-4d67-bc5d-e905a6760a80:c2061, a428730f-9893-43cb-a585-e65a7e8859c8:c2057, 994b73f6-7725-4304-b3a4-4941318c1d6c:c2059]
2019-07-08 19:53:15,486 INFO  client.GrpcClientProtocolClient (GrpcClientProtocolClient.java:onNext(255)) - client-B2F93226DCBB->056ae293-26b5-4d67-bc5d-e905a6760a80: receive RaftClientReply:client-B2F93226DCBB->056ae293-26b5-4d67-bc5d-e905a6760a80@group-50E32BB97A46, cid=1449, SUCCESS, logIndex=2062, commits[056ae293-26b5-4d67-bc5d-e905a6760a80:c2063, a428730f-9893-43cb-a585-e65a7e8859c8:c2059, 994b73f6-7725-4304-b3a4-4941318c1d6c:c2059]
2019-07-08 19:53:15,486 INFO  client.GrpcClientProtocolClient (GrpcClientProtocolClient.java:onNext(255)) - client-B2F93226DCBB->056ae293-26b5-4d67-bc5d-e905a6760a80: receive RaftClientReply:client-B2F93226DCBB->056ae293-26b5-4d67-bc5d-e905a6760a80@group-50E32BB97A46, cid=1450, SUCCESS, logIndex=2063, commits[056ae293-26b5-4d67-bc5d-e905a6760a80:c2063, a428730f-9893-43cb-a585-e65a7e8859c8:c2059, 994b73f6-7725-4304-b3a4-4941318c1d6c:c2059]
2019-07-08 19:53:15,490 INFO  client.GrpcClientProtocolClient (GrpcClientProtocolClient.java:onNext(255)) - client-B2F93226DCBB->056ae293-26b5-4d67-bc5d-e905a6760a80: receive RaftClientReply:client-B2F93226DCBB->056ae293-26b5-4d67-bc5d-e905a6760a80@group-50E32BB97A46, cid=1451, SUCCESS, logIndex=0, commits[056ae293-26b5-4d67-bc5d-e905a6760a80:c2065, a428730f-9893-43cb-a585-e65a7e8859c8:c2061, 994b73f6-7725-4304-b3a4-4941318c1d6c:c2061]
2019-07-08 19:53:15,519 INFO  client.GrpcClientProtocolClient (GrpcClientProtocolClient.java:onNext(255)) - client-B2F93226DCBB->056ae293-26b5-4d67-bc5d-e905a6760a80: receive RaftClientReply:client-B2F93226DCBB->056ae293-26b5-4d67-bc5d-e905a6760a80@group-50E32BB97A46, cid=1452, SUCCESS, logIndex=2068, commits[056ae293-26b5-4d67-bc5d-e905a6760a80:c2069, a428730f-9893-43cb-a585-e65a7e8859c8:c2063, 994b73f6-7725-4304-b3a4-4941318c1d6c:c2067]
2019-07-08 19:53:15,519 INFO  client.GrpcClientProtocolClient (GrpcClientProtocolClient.java:onNext(255)) - client-B2F93226DCBB->056ae293-26b5-4d67-bc5d-e905a6760a80: receive RaftClientReply:client-B2F93226DCBB->056ae293-26b5-4d67-bc5d-e905a6760a80@group-50E32BB97A46, cid=1453, SUCCESS, logIndex=2069, commits[056ae293-26b5-4d67-bc5d-e905a6760a80:c2069, a428730f-9893-43cb-a585-e65a7e8859c8:c2063, 994b73f6-7725-4304-b3a4-4941318c1d6c:c2067]
2019-07-08 19:53:15,551 INFO  client.GrpcClientProtocolClient (GrpcClientProtocolClient.java:onNext(255)) - client-B2F93226DCBB->056ae293-26b5-4d67-bc5d-e905a6760a80: receive RaftClientReply:client-B2F93226DCBB->056ae293-26b5-4d67-bc5d-e905a6760a80@group-50E32BB97A46, cid=1454, SUCCESS, logIndex=2072, commits[056ae293-26b5-4d67-bc5d-e905a6760a80:c2073, a428730f-9893-43cb-a585-e65a7e8859c8:c2070, 994b73f6-7725-4304-b3a4-4941318c1d6c:c2069]
2019-07-08 19:53:15,551 INFO  client.GrpcClientProtocolClient (GrpcClientProtocolClient.java:onNext(255)) - client-B2F93226DCBB->056ae293-26b5-4d67-bc5d-e905a6760a80: receive RaftClientReply:client-B2F93226DCBB->056ae293-26b5-4d67-bc5d-e905a6760a80@group-50E32BB97A46, cid=1455, SUCCESS, logIndex=2073, commits[056ae293-26b5-4d67-bc5d-e905a6760a80:c2073, a428730f-9893-43cb-a585-e65a7e8859c8:c2070, 994b73f6-7725-4304-b3a4-4941318c1d6c:c2070]
2019-07-08 19:53:15,566 INFO  client.GrpcClientProtocolClient (GrpcClientProtocolClient.java:onNext(255)) - client-B2F93226DCBB->056ae293-26b5-4d67-bc5d-e905a6760a80: receive RaftClientReply:client-B2F93226DCBB->056ae293-26b5-4d67-bc5d-e905a6760a80@group-50E32BB97A46, cid=1456, SUCCESS, logIndex=0, commits[056ae293-26b5-4d67-bc5d-e905a6760a80:c2074, a428730f-9893-43cb-a585-e65a7e8859c8:c2073, 994b73f6-7725-4304-b3a4-4941318c1d6c:c2073]
2019-07-08 19:53:15,606 INFO  client.GrpcClientProtocolClient (GrpcClientProtocolClient.java:onNext(255)) - client-B2F93226DCBB->056ae293-26b5-4d67-bc5d-e905a6760a80: receive RaftClientReply:client-B2F93226DCBB->056ae293-26b5-4d67-bc5d-e905a6760a80@group-50E32BB97A46, cid=1457, SUCCESS, logIndex=2076, commits[056ae293-26b5-4d67-bc5d-e905a6760a80:c2077, a428730f-9893-43cb-a585-e65a7e8859c8:c2075, 994b73f6-7725-4304-b3a4-4941318c1d6c:c2075]
2019-07-08 19:53:15,606 INFO  client.GrpcClientProtocolClient (GrpcClientProtocolClient.java:onNext(255)) - client-B2F93226DCBB->056ae293-26b5-4d67-bc5d-e905a6760a80: receive RaftClientReply:client-B2F93226DCBB->056ae293-26b5-4d67-bc5d-e905a6760a80@group-50E32BB97A46, cid=1458, SUCCESS, logIndex=2077, commits[056ae293-26b5-4d67-bc5d-e905a6760a80:c2077, a428730f-9893-43cb-a585-e65a7e8859c8:c2075, 994b73f6-7725-4304-b3a4-4941318c1d6c:c2075]
2019-07-08 19:53:15,608 INFO  client.GrpcClientProtocolClient (GrpcClientProtocolClient.java:onNext(255)) - client-B2F93226DCBB->056ae293-26b5-4d67-bc5d-e905a6760a80: receive RaftClientReply:client-B2F93226DCBB->056ae293-26b5-4d67-bc5d-e905a6760a80@group-50E32BB97A46, cid=1459, SUCCESS, logIndex=2078, commits[056ae293-26b5-4d67-bc5d-e905a6760a80:c2079, a428730f-9893-43cb-a585-e65a7e8859c8:c2075, 994b73f6-7725-4304-b3a4-4941318c1d6c:c2075]
2019-07-08 19:53:15,609 INFO  client.GrpcClientProtocolClient (GrpcClientProtocolClient.java:onNext(255)) - client-B2F93226DCBB->056ae293-26b5-4d67-bc5d-e905a6760a80: receive RaftClientReply:client-B2F93226DCBB->056ae293-26b5-4d67-bc5d-e905a6760a80@group-50E32BB97A46, cid=1460, SUCCESS, logIndex=2079, commits[056ae293-26b5-4d67-bc5d-e905a6760a80:c2079, a428730f-9893-43cb-a585-e65a7e8859c8:c2075, 994b73f6-7725-4304-b3a4-4941318c1d6c:c2075]
2019-07-08 19:53:15,633 INFO  client.GrpcClientProtocolClient (GrpcClientProtocolClient.java:onNext(255)) - client-B2F93226DCBB->056ae293-26b5-4d67-bc5d-e905a6760a80: receive RaftClientReply:client-B2F93226DCBB->056ae293-26b5-4d67-bc5d-e905a6760a80@group-50E32BB97A46, cid=1461, SUCCESS, logIndex=0, commits[056ae293-26b5-4d67-bc5d-e905a6760a80:c2081, a428730f-9893-43cb-a585-e65a7e8859c8:c2077, 994b73f6-7725-4304-b3a4-4941318c1d6c:c2079]
2019-07-08 19:53:15,655 INFO  client.GrpcClientProtocolClient (GrpcClientProtocolClient.java:onNext(255)) - client-B2F93226DCBB->056ae293-26b5-4d67-bc5d-e905a6760a80: receive RaftClientReply:client-B2F93226DCBB->056ae293-26b5-4d67-bc5d-e905a6760a80@group-50E32BB97A46, cid=1462, SUCCESS, logIndex=2084, commits[056ae293-26b5-4d67-bc5d-e905a6760a80:c2085, a428730f-9893-43cb-a585-e65a7e8859c8:c2083, 994b73f6-7725-4304-b3a4-4941318c1d6c:c2083]
2019-07-08 19:53:15,656 INFO  client.GrpcClientProtocolClient (GrpcClientProtocolClient.java:onNext(255)) - client-B2F93226DCBB->056ae293-26b5-4d67-bc5d-e905a6760a80: receive RaftClientReply:client-B2F93226DCBB->056ae293-26b5-4d67-bc5d-e905a6760a80@group-50E32BB97A46, cid=1463, SUCCESS, logIndex=2085, commits[056ae293-26b5-4d67-bc5d-e905a6760a80:c2085, a428730f-9893-43cb-a585-e65a7e8859c8:c2083, 994b73f6-7725-4304-b3a4-4941318c1d6c:c2083]
2019-07-08 19:53:15,680 INFO  client.GrpcClientProtocolClient (GrpcClientProtocolClient.java:onNext(255)) - client-B2F93226DCBB->056ae293-26b5-4d67-bc5d-e905a6760a80: receive RaftClientReply:client-B2F93226DCBB->056ae293-26b5-4d67-bc5d-e905a6760a80@group-50E32BB97A46, cid=1464, SUCCESS, logIndex=2088, commits[056ae293-26b5-4d67-bc5d-e905a6760a80:c2089, a428730f-9893-43cb-a585-e65a7e8859c8:c2085, 994b73f6-7725-4304-b3a4-4941318c1d6c:c2085]
2019-07-08 19:53:15,681 INFO  client.GrpcClientProtocolClient (GrpcClientProtocolClient.java:onNext(255)) - client-B2F93226DCBB->056ae293-26b5-4d67-bc5d-e905a6760a80: receive RaftClientReply:client-B2F93226DCBB->056ae293-26b5-4d67-bc5d-e905a6760a80@group-50E32BB97A46, cid=1465, SUCCESS, logIndex=2089, commits[056ae293-26b5-4d67-bc5d-e905a6760a80:c2089, a428730f-9893-43cb-a585-e65a7e8859c8:c2085, 994b73f6-7725-4304-b3a4-4941318c1d6c:c2085]
2019-07-08 19:53:15,694 INFO  client.GrpcClientProtocolClient (GrpcClientProtocolClient.java:onNext(255)) - client-B2F93226DCBB->056ae293-26b5-4d67-bc5d-e905a6760a80: receive RaftClientReply:client-B2F93226DCBB->056ae293-26b5-4d67-bc5d-e905a6760a80@group-50E32BB97A46, cid=1466, SUCCESS, logIndex=0, commits[056ae293-26b5-4d67-bc5d-e905a6760a80:c2090, a428730f-9893-43cb-a585-e65a7e8859c8:c2089, 994b73f6-7725-4304-b3a4-4941318c1d6c:c2089]
2019-07-08 19:53:15,726 INFO  client.GrpcClientProtocolClient (GrpcClientProtocolClient.java:onNext(255)) - client-B2F93226DCBB->056ae293-26b5-4d67-bc5d-e905a6760a80: receive RaftClientReply:client-B2F93226DCBB->056ae293-26b5-4d67-bc5d-e905a6760a80@group-50E32BB97A46, cid=1467, SUCCESS, logIndex=2092, commits[056ae293-26b5-4d67-bc5d-e905a6760a80:c2093, a428730f-9893-43cb-a585-e65a7e8859c8:c2091, 994b73f6-7725-4304-b3a4-4941318c1d6c:c2091]
2019-07-08 19:53:15,727 INFO  client.GrpcClientProtocolClient (GrpcClientProtocolClient.java:onNext(255)) - client-B2F93226DCBB->056ae293-26b5-4d67-bc5d-e905a6760a80: receive RaftClientReply:client-B2F93226DCBB->056ae293-26b5-4d67-bc5d-e905a6760a80@group-50E32BB97A46, cid=1468, SUCCESS, logIndex=2093, commits[056ae293-26b5-4d67-bc5d-e905a6760a80:c2094, a428730f-9893-43cb-a585-e65a7e8859c8:c2091, 994b73f6-7725-4304-b3a4-4941318c1d6c:c2091]
2019-07-08 19:53:15,727 INFO  client.GrpcClientProtocolClient (GrpcClientProtocolClient.java:onNext(255)) - client-B2F93226DCBB->056ae293-26b5-4d67-bc5d-e905a6760a80: receive RaftClientReply:client-B2F93226DCBB->056ae293-26b5-4d67-bc5d-e905a6760a80@group-50E32BB97A46, cid=1469, SUCCESS, logIndex=2094, commits[056ae293-26b5-4d67-bc5d-e905a6760a80:c2095, a428730f-9893-43cb-a585-e65a7e8859c8:c2091, 994b73f6-7725-4304-b3a4-4941318c1d6c:c2091]
2019-07-08 19:53:15,727 INFO  client.GrpcClientProtocolClient (GrpcClientProtocolClient.java:onNext(255)) - client-B2F93226DCBB->056ae293-26b5-4d67-bc5d-e905a6760a80: receive RaftClientReply:client-B2F93226DCBB->056ae293-26b5-4d67-bc5d-e905a6760a80@group-50E32BB97A46, cid=1470, SUCCESS, logIndex=2095, commits[056ae293-26b5-4d67-bc5d-e905a6760a80:c2095, a428730f-9893-43cb-a585-e65a7e8859c8:c2091, 994b73f6-7725-4304-b3a4-4941318c1d6c:c2091]
2019-07-08 19:53:15,734 INFO  client.GrpcClientProtocolClient (GrpcClientProtocolClient.java:onNext(255)) - client-B2F93226DCBB->056ae293-26b5-4d67-bc5d-e905a6760a80: receive RaftClientReply:client-B2F93226DCBB->056ae293-26b5-4d67-bc5d-e905a6760a80@group-50E32BB97A46, cid=1471, SUCCESS, logIndex=0, commits[056ae293-26b5-4d67-bc5d-e905a6760a80:c2097, a428730f-9893-43cb-a585-e65a7e8859c8:c2093, 994b73f6-7725-4304-b3a4-4941318c1d6c:c2093]
2019-07-08 19:53:15,746 INFO  client.GrpcClientProtocolClient (GrpcClientProtocolClient.java:onNext(255)) - client-B2F93226DCBB->056ae293-26b5-4d67-bc5d-e905a6760a80: receive RaftClientReply:client-B2F93226DCBB->056ae293-26b5-4d67-bc5d-e905a6760a80@group-50E32BB97A46, cid=1472, SUCCESS, logIndex=2100, commits[056ae293-26b5-4d67-bc5d-e905a6760a80:c2101, a428730f-9893-43cb-a585-e65a7e8859c8:c2099, 994b73f6-7725-4304-b3a4-4941318c1d6c:c2099]
2019-07-08 19:53:15,747 INFO  client.GrpcClientProtocolClient (GrpcClientProtocolClient.java:onNext(255)) - client-B2F93226DCBB->056ae293-26b5-4d67-bc5d-e905a6760a80: receive RaftClientReply:client-B2F93226DCBB->056ae293-26b5-4d67-bc5d-e905a6760a80@group-50E32BB97A46, cid=1473, SUCCESS, logIndex=2101, commits[056ae293-26b5-4d67-bc5d-e905a6760a80:c2101, a428730f-9893-43cb-a585-e65a7e8859c8:c2099, 994b73f6-7725-4304-b3a4-4941318c1d6c:c2099]
2019-07-08 19:53:15,779 INFO  client.GrpcClientProtocolClient (GrpcClientProtocolClient.java:onNext(255)) - client-B2F93226DCBB->056ae293-26b5-4d67-bc5d-e905a6760a80: receive RaftClientReply:client-B2F93226DCBB->056ae293-26b5-4d67-bc5d-e905a6760a80@group-50E32BB97A46, cid=1474, SUCCESS, logIndex=2104, commits[056ae293-26b5-4d67-bc5d-e905a6760a80:c2105, a428730f-9893-43cb-a585-e65a7e8859c8:c2103, 994b73f6-7725-4304-b3a4-4941318c1d6c:c2102]
2019-07-08 19:53:15,780 INFO  client.GrpcClientProtocolClient (GrpcClientProtocolClient.java:onNext(255)) - client-B2F93226DCBB->056ae293-26b5-4d67-bc5d-e905a6760a80: receive RaftClientReply:client-B2F93226DCBB->056ae293-26b5-4d67-bc5d-e905a6760a80@group-50E32BB97A46, cid=1475, SUCCESS, logIndex=2105, commits[056ae293-26b5-4d67-bc5d-e905a6760a80:c2105, a428730f-9893-43cb-a585-e65a7e8859c8:c2103, 994b73f6-7725-4304-b3a4-4941318c1d6c:c2103]
2019-07-08 19:53:15,789 INFO  client.GrpcClientProtocolClient (GrpcClientProtocolClient.java:onNext(255)) - client-B2F93226DCBB->056ae293-26b5-4d67-bc5d-e905a6760a80: receive RaftClientReply:client-B2F93226DCBB->056ae293-26b5-4d67-bc5d-e905a6760a80@group-50E32BB97A46, cid=1476, SUCCESS, logIndex=0, commits[056ae293-26b5-4d67-bc5d-e905a6760a80:c2107, a428730f-9893-43cb-a585-e65a7e8859c8:c2105, 994b73f6-7725-4304-b3a4-4941318c1d6c:c2105]
2019-07-08 19:53:15,818 INFO  client.GrpcClientProtocolClient (GrpcClientProtocolClient.java:onNext(255)) - client-B2F93226DCBB->056ae293-26b5-4d67-bc5d-e905a6760a80: receive RaftClientReply:client-B2F93226DCBB->056ae293-26b5-4d67-bc5d-e905a6760a80@group-50E32BB97A46, cid=1477, SUCCESS, logIndex=2108, commits[056ae293-26b5-4d67-bc5d-e905a6760a80:c2109, a428730f-9893-43cb-a585-e65a7e8859c8:c2107, 994b73f6-7725-4304-b3a4-4941318c1d6c:c2107]
2019-07-08 19:53:15,819 INFO  client.GrpcClientProtocolClient (GrpcClientProtocolClient.java:onNext(255)) - client-B2F93226DCBB->056ae293-26b5-4d67-bc5d-e905a6760a80: receive RaftClientReply:client-B2F93226DCBB->056ae293-26b5-4d67-bc5d-e905a6760a80@group-50E32BB97A46, cid=1478, SUCCESS, logIndex=2109, commits[056ae293-26b5-4d67-bc5d-e905a6760a80:c2109, a428730f-9893-43cb-a585-e65a7e8859c8:c2107, 994b73f6-7725-4304-b3a4-4941318c1d6c:c2107]
2019-07-08 19:53:15,819 INFO  client.GrpcClientProtocolClient (GrpcClientProtocolClient.java:onNext(255)) - client-B2F93226DCBB->056ae293-26b5-4d67-bc5d-e905a6760a80: receive RaftClientReply:client-B2F93226DCBB->056ae293-26b5-4d67-bc5d-e905a6760a80@group-50E32BB97A46, cid=1479, SUCCESS, logIndex=2110, commits[056ae293-26b5-4d67-bc5d-e905a6760a80:c2111, a428730f-9893-43cb-a585-e65a7e8859c8:c2107, 994b73f6-7725-4304-b3a4-4941318c1d6c:c2107]
2019-07-08 19:53:15,820 INFO  client.GrpcClientProtocolClient (GrpcClientProtocolClient.java:onNext(255)) - client-B2F93226DCBB->056ae293-26b5-4d67-bc5d-e905a6760a80: receive RaftClientReply:client-B2F93226DCBB->056ae293-26b5-4d67-bc5d-e905a6760a80@group-50E32BB97A46, cid=1480, SUCCESS, logIndex=2111, commits[056ae293-26b5-4d67-bc5d-e905a6760a80:c2111, a428730f-9893-43cb-a585-e65a7e8859c8:c2107, 994b73f6-7725-4304-b3a4-4941318c1d6c:c2107]
2019-07-08 19:53:15,834 INFO  client.GrpcClientProtocolClient (GrpcClientProtocolClient.java:onNext(255)) - client-B2F93226DCBB->056ae293-26b5-4d67-bc5d-e905a6760a80: receive RaftClientReply:client-B2F93226DCBB->056ae293-26b5-4d67-bc5d-e905a6760a80@group-50E32BB97A46, cid=1481, SUCCESS, logIndex=0, commits[056ae293-26b5-4d67-bc5d-e905a6760a80:c2113, a428730f-9893-43cb-a585-e65a7e8859c8:c2109, 994b73f6-7725-4304-b3a4-4941318c1d6c:c2109]
2019-07-08 19:53:15,856 INFO  client.GrpcClientProtocolClient (GrpcClientProtocolClient.java:onNext(255)) - client-B2F93226DCBB->056ae293-26b5-4d67-bc5d-e905a6760a80: receive RaftClientReply:client-B2F93226DCBB->056ae293-26b5-4d67-bc5d-e905a6760a80@group-50E32BB97A46, cid=1482, SUCCESS, logIndex=2116, commits[056ae293-26b5-4d67-bc5d-e905a6760a80:c2117, a428730f-9893-43cb-a585-e65a7e8859c8:c2115, 994b73f6-7725-4304-b3a4-4941318c1d6c:c2115]
2019-07-08 19:53:15,856 INFO  client.GrpcClientProtocolClient (GrpcClientProtocolClient.java:onNext(255)) - client-B2F93226DCBB->056ae293-26b5-4d67-bc5d-e905a6760a80: receive RaftClientReply:client-B2F93226DCBB->056ae293-26b5-4d67-bc5d-e905a6760a80@group-50E32BB97A46, cid=1483, SUCCESS, logIndex=2117, commits[056ae293-26b5-4d67-bc5d-e905a6760a80:c2117, a428730f-9893-43cb-a585-e65a7e8859c8:c2115, 994b73f6-7725-4304-b3a4-4941318c1d6c:c2115]
2019-07-08 19:53:15,883 INFO  client.GrpcClientProtocolClient (GrpcClientProtocolClient.java:onNext(255)) - client-B2F93226DCBB->056ae293-26b5-4d67-bc5d-e905a6760a80: receive RaftClientReply:client-B2F93226DCBB->056ae293-26b5-4d67-bc5d-e905a6760a80@group-50E32BB97A46, cid=1484, SUCCESS, logIndex=2120, commits[056ae293-26b5-4d67-bc5d-e905a6760a80:c2120, a428730f-9893-43cb-a585-e65a7e8859c8:c2117, 994b73f6-7725-4304-b3a4-4941318c1d6c:c2117]
2019-07-08 19:53:15,883 INFO  client.GrpcClientProtocolClient (GrpcClientProtocolClient.java:onNext(255)) - client-B2F93226DCBB->056ae293-26b5-4d67-bc5d-e905a6760a80: receive RaftClientReply:client-B2F93226DCBB->056ae293-26b5-4d67-bc5d-e905a6760a80@group-50E32BB97A46, cid=1485, SUCCESS, logIndex=2121, commits[056ae293-26b5-4d67-bc5d-e905a6760a80:c2121, a428730f-9893-43cb-a585-e65a7e8859c8:c2117, 994b73f6-7725-4304-b3a4-4941318c1d6c:c2117]
 0.00% |█                                                                                                    |  0/1 Time: 0:00:122019-07-08 19:53:16,005 INFO  client.GrpcClientProtocolClient (GrpcClientProtocolClient.java:onNext(255)) - client-B2F93226DCBB->056ae293-26b5-4d67-bc5d-e905a6760a80: receive RaftClientReply:client-B2F93226DCBB->056ae293-26b5-4d67-bc5d-e905a6760a80@group-50E32BB97A46, cid=1486, SUCCESS, logIndex=0, commits[056ae293-26b5-4d67-bc5d-e905a6760a80:c2123, a428730f-9893-43cb-a585-e65a7e8859c8:c2121, 994b73f6-7725-4304-b3a4-4941318c1d6c:c2121]
2019-07-08 19:53:16,035 INFO  client.GrpcClientProtocolClient (GrpcClientProtocolClient.java:onNext(255)) - client-B2F93226DCBB->056ae293-26b5-4d67-bc5d-e905a6760a80: receive RaftClientReply:client-B2F93226DCBB->056ae293-26b5-4d67-bc5d-e905a6760a80@group-50E32BB97A46, cid=1487, SUCCESS, logIndex=2124, commits[056ae293-26b5-4d67-bc5d-e905a6760a80:c2125, a428730f-9893-43cb-a585-e65a7e8859c8:c2123, 994b73f6-7725-4304-b3a4-4941318c1d6c:c2123]
2019-07-08 19:53:16,036 INFO  client.GrpcClientProtocolClient (GrpcClientProtocolClient.java:onNext(255)) - client-B2F93226DCBB->056ae293-26b5-4d67-bc5d-e905a6760a80: receive RaftClientReply:client-B2F93226DCBB->056ae293-26b5-4d67-bc5d-e905a6760a80@group-50E32BB97A46, cid=1488, SUCCESS, logIndex=2125, commits[056ae293-26b5-4d67-bc5d-e905a6760a80:c2126, a428730f-9893-43cb-a585-e65a7e8859c8:c2123, 994b73f6-7725-4304-b3a4-4941318c1d6c:c2123]
2019-07-08 19:53:16,037 INFO  client.GrpcClientProtocolClient (GrpcClientProtocolClient.java:onNext(255)) - client-B2F93226DCBB->056ae293-26b5-4d67-bc5d-e905a6760a80: receive RaftClientReply:client-B2F93226DCBB->056ae293-26b5-4d67-bc5d-e905a6760a80@group-50E32BB97A46, cid=1489, SUCCESS, logIndex=2126, commits[056ae293-26b5-4d67-bc5d-e905a6760a80:c2127, a428730f-9893-43cb-a585-e65a7e8859c8:c2123, 994b73f6-7725-4304-b3a4-4941318c1d6c:c2123]
2019-07-08 19:53:16,037 INFO  client.GrpcClientProtocolClient (GrpcClientProtocolClient.java:onNext(255)) - client-B2F93226DCBB->056ae293-26b5-4d67-bc5d-e905a6760a80: receive RaftClientReply:client-B2F93226DCBB->056ae293-26b5-4d67-bc5d-e905a6760a80@group-50E32BB97A46, cid=1490, SUCCESS, logIndex=2127, commits[056ae293-26b5-4d67-bc5d-e905a6760a80:c2127, a428730f-9893-43cb-a585-e65a7e8859c8:c2123, 994b73f6-7725-4304-b3a4-4941318c1d6c:c2124]
2019-07-08 19:53:16,040 INFO  client.GrpcClientProtocolClient (GrpcClientProtocolClient.java:onNext(255)) - client-B2F93226DCBB->056ae293-26b5-4d67-bc5d-e905a6760a80: receive RaftClientReply:client-B2F93226DCBB->056ae293-26b5-4d67-bc5d-e905a6760a80@group-50E32BB97A46, cid=1491, SUCCESS, logIndex=0, commits[056ae293-26b5-4d67-bc5d-e905a6760a80:c2129, a428730f-9893-43cb-a585-e65a7e8859c8:c2125, 994b73f6-7725-4304-b3a4-4941318c1d6c:c2125]
2019-07-08 19:53:16,064 INFO  client.GrpcClientProtocolClient (GrpcClientProtocolClient.java:onNext(255)) - client-B2F93226DCBB->056ae293-26b5-4d67-bc5d-e905a6760a80: receive RaftClientReply:client-B2F93226DCBB->056ae293-26b5-4d67-bc5d-e905a6760a80@group-50E32BB97A46, cid=1492, SUCCESS, logIndex=2132, commits[056ae293-26b5-4d67-bc5d-e905a6760a80:c2133, a428730f-9893-43cb-a585-e65a7e8859c8:c2130, 994b73f6-7725-4304-b3a4-4941318c1d6c:c2130]
2019-07-08 19:53:16,065 INFO  client.GrpcClientProtocolClient (GrpcClientProtocolClient.java:onNext(255)) - client-B2F93226DCBB->056ae293-26b5-4d67-bc5d-e905a6760a80: receive RaftClientReply:client-B2F93226DCBB->056ae293-26b5-4d67-bc5d-e905a6760a80@group-50E32BB97A46, cid=1493, SUCCESS, logIndex=2133, commits[056ae293-26b5-4d67-bc5d-e905a6760a80:c2133, a428730f-9893-43cb-a585-e65a7e8859c8:c2130, 994b73f6-7725-4304-b3a4-4941318c1d6c:c2130]
2019-07-08 19:53:16,080 INFO  client.GrpcClientProtocolClient (GrpcClientProtocolClient.java:onNext(255)) - client-B2F93226DCBB->056ae293-26b5-4d67-bc5d-e905a6760a80: receive RaftClientReply:client-B2F93226DCBB->056ae293-26b5-4d67-bc5d-e905a6760a80@group-50E32BB97A46, cid=1494, SUCCESS, logIndex=2136, commits[056ae293-26b5-4d67-bc5d-e905a6760a80:c2137, a428730f-9893-43cb-a585-e65a7e8859c8:c2134, 994b73f6-7725-4304-b3a4-4941318c1d6c:c2133]
2019-07-08 19:53:16,080 INFO  client.GrpcClientProtocolClient (GrpcClientProtocolClient.java:onNext(255)) - client-B2F93226DCBB->056ae293-26b5-4d67-bc5d-e905a6760a80: receive RaftClientReply:client-B2F93226DCBB->056ae293-26b5-4d67-bc5d-e905a6760a80@group-50E32BB97A46, cid=1495, SUCCESS, logIndex=2137, commits[056ae293-26b5-4d67-bc5d-e905a6760a80:c2137, a428730f-9893-43cb-a585-e65a7e8859c8:c2134, 994b73f6-7725-4304-b3a4-4941318c1d6c:c2133]
2019-07-08 19:53:16,106 INFO  client.GrpcClientProtocolClient (GrpcClientProtocolClient.java:onNext(255)) - client-B2F93226DCBB->056ae293-26b5-4d67-bc5d-e905a6760a80: receive RaftClientReply:client-B2F93226DCBB->056ae293-26b5-4d67-bc5d-e905a6760a80@group-50E32BB97A46, cid=1496, SUCCESS, logIndex=0, commits[056ae293-26b5-4d67-bc5d-e905a6760a80:c2139, a428730f-9893-43cb-a585-e65a7e8859c8:c2137, 994b73f6-7725-4304-b3a4-4941318c1d6c:c2137]
2019-07-08 19:53:16,138 INFO  client.GrpcClientProtocolClient (GrpcClientProtocolClient.java:onNext(255)) - client-B2F93226DCBB->056ae293-26b5-4d67-bc5d-e905a6760a80: receive RaftClientReply:client-B2F93226DCBB->056ae293-26b5-4d67-bc5d-e905a6760a80@group-50E32BB97A46, cid=1497, SUCCESS, logIndex=2140, commits[056ae293-26b5-4d67-bc5d-e905a6760a80:c2141, a428730f-9893-43cb-a585-e65a7e8859c8:c2139, 994b73f6-7725-4304-b3a4-4941318c1d6c:c2139]
2019-07-08 19:53:16,139 INFO  client.GrpcClientProtocolClient (GrpcClientProtocolClient.java:onNext(255)) - client-B2F93226DCBB->056ae293-26b5-4d67-bc5d-e905a6760a80: receive RaftClientReply:client-B2F93226DCBB->056ae293-26b5-4d67-bc5d-e905a6760a80@group-50E32BB97A46, cid=1498, SUCCESS, logIndex=2141, commits[056ae293-26b5-4d67-bc5d-e905a6760a80:c2141, a428730f-9893-43cb-a585-e65a7e8859c8:c2139, 994b73f6-7725-4304-b3a4-4941318c1d6c:c2139]
2019-07-08 19:53:16,148 INFO  client.GrpcClientProtocolClient (GrpcClientProtocolClient.java:onNext(255)) - client-B2F93226DCBB->056ae293-26b5-4d67-bc5d-e905a6760a80: receive RaftClientReply:client-B2F93226DCBB->056ae293-26b5-4d67-bc5d-e905a6760a80@group-50E32BB97A46, cid=1499, SUCCESS, logIndex=2142, commits[056ae293-26b5-4d67-bc5d-e905a6760a80:c2143, a428730f-9893-43cb-a585-e65a7e8859c8:c2139, 994b73f6-7725-4304-b3a4-4941318c1d6c:c2139]
2019-07-08 19:53:16,148 INFO  client.GrpcClientProtocolClient (GrpcClientProtocolClient.java:onNext(255)) - client-B2F93226DCBB->056ae293-26b5-4d67-bc5d-e905a6760a80: receive RaftClientReply:client-B2F93226DCBB->056ae293-26b5-4d67-bc5d-e905a6760a80@group-50E32BB97A46, cid=1500, SUCCESS, logIndex=2143, commits[056ae293-26b5-4d67-bc5d-e905a6760a80:c2143, a428730f-9893-43cb-a585-e65a7e8859c8:c2139, 994b73f6-7725-4304-b3a4-4941318c1d6c:c2139]
2019-07-08 19:53:16,164 INFO  client.GrpcClientProtocolClient (GrpcClientProtocolClient.java:onNext(255)) - client-B2F93226DCBB->056ae293-26b5-4d67-bc5d-e905a6760a80: receive RaftClientReply:client-B2F93226DCBB->056ae293-26b5-4d67-bc5d-e905a6760a80@group-50E32BB97A46, cid=1501, SUCCESS, logIndex=0, commits[056ae293-26b5-4d67-bc5d-e905a6760a80:c2144, a428730f-9893-43cb-a585-e65a7e8859c8:c2141, 994b73f6-7725-4304-b3a4-4941318c1d6c:c2141]
2019-07-08 19:53:16,177 INFO  client.GrpcClientProtocolClient (GrpcClientProtocolClient.java:onNext(255)) - client-B2F93226DCBB->056ae293-26b5-4d67-bc5d-e905a6760a80: receive RaftClientReply:client-B2F93226DCBB->056ae293-26b5-4d67-bc5d-e905a6760a80@group-50E32BB97A46, cid=1502, SUCCESS, logIndex=2147, commits[056ae293-26b5-4d67-bc5d-e905a6760a80:c2148, a428730f-9893-43cb-a585-e65a7e8859c8:c2146, 994b73f6-7725-4304-b3a4-4941318c1d6c:c2146]
2019-07-08 19:53:16,177 INFO  client.GrpcClientProtocolClient (GrpcClientProtocolClient.java:onNext(255)) - client-B2F93226DCBB->056ae293-26b5-4d67-bc5d-e905a6760a80: receive RaftClientReply:client-B2F93226DCBB->056ae293-26b5-4d67-bc5d-e905a6760a80@group-50E32BB97A46, cid=1503, SUCCESS, logIndex=2148, commits[056ae293-26b5-4d67-bc5d-e905a6760a80:c2148, a428730f-9893-43cb-a585-e65a7e8859c8:c2146, 994b73f6-7725-4304-b3a4-4941318c1d6c:c2146]
2019-07-08 19:53:16,190 INFO  client.GrpcClientProtocolClient (GrpcClientProtocolClient.java:onNext(255)) - client-B2F93226DCBB->056ae293-26b5-4d67-bc5d-e905a6760a80: receive RaftClientReply:client-B2F93226DCBB->056ae293-26b5-4d67-bc5d-e905a6760a80@group-50E32BB97A46, cid=1504, SUCCESS, logIndex=2151, commits[056ae293-26b5-4d67-bc5d-e905a6760a80:c2152, a428730f-9893-43cb-a585-e65a7e8859c8:c2150, 994b73f6-7725-4304-b3a4-4941318c1d6c:c2150]
2019-07-08 19:53:16,190 INFO  client.GrpcClientProtocolClient (GrpcClientProtocolClient.java:onNext(255)) - client-B2F93226DCBB->056ae293-26b5-4d67-bc5d-e905a6760a80: receive RaftClientReply:client-B2F93226DCBB->056ae293-26b5-4d67-bc5d-e905a6760a80@group-50E32BB97A46, cid=1505, SUCCESS, logIndex=2152, commits[056ae293-26b5-4d67-bc5d-e905a6760a80:c2152, a428730f-9893-43cb-a585-e65a7e8859c8:c2150, 994b73f6-7725-4304-b3a4-4941318c1d6c:c2150]
2019-07-08 19:53:16,197 INFO  client.GrpcClientProtocolClient (GrpcClientProtocolClient.java:onNext(255)) - client-B2F93226DCBB->056ae293-26b5-4d67-bc5d-e905a6760a80: receive RaftClientReply:client-B2F93226DCBB->056ae293-26b5-4d67-bc5d-e905a6760a80@group-50E32BB97A46, cid=1506, SUCCESS, logIndex=0, commits[056ae293-26b5-4d67-bc5d-e905a6760a80:c2153, a428730f-9893-43cb-a585-e65a7e8859c8:c2152, 994b73f6-7725-4304-b3a4-4941318c1d6c:c2152]
2019-07-08 19:53:16,220 INFO  client.GrpcClientProtocolClient (GrpcClientProtocolClient.java:onNext(255)) - client-B2F93226DCBB->056ae293-26b5-4d67-bc5d-e905a6760a80: receive RaftClientReply:client-B2F93226DCBB->056ae293-26b5-4d67-bc5d-e905a6760a80@group-50E32BB97A46, cid=1507, SUCCESS, logIndex=2155, commits[056ae293-26b5-4d67-bc5d-e905a6760a80:c2157, a428730f-9893-43cb-a585-e65a7e8859c8:c2154, 994b73f6-7725-4304-b3a4-4941318c1d6c:c2154]
2019-07-08 19:53:16,220 INFO  client.GrpcClientProtocolClient (GrpcClientProtocolClient.java:onNext(255)) - client-B2F93226DCBB->056ae293-26b5-4d67-bc5d-e905a6760a80: receive RaftClientReply:client-B2F93226DCBB->056ae293-26b5-4d67-bc5d-e905a6760a80@group-50E32BB97A46, cid=1508, SUCCESS, logIndex=2156, commits[056ae293-26b5-4d67-bc5d-e905a6760a80:c2158, a428730f-9893-43cb-a585-e65a7e8859c8:c2154, 994b73f6-7725-4304-b3a4-4941318c1d6c:c2154]
2019-07-08 19:53:16,220 INFO  client.GrpcClientProtocolClient (GrpcClientProtocolClient.java:onNext(255)) - client-B2F93226DCBB->056ae293-26b5-4d67-bc5d-e905a6760a80: receive RaftClientReply:client-B2F93226DCBB->056ae293-26b5-4d67-bc5d-e905a6760a80@group-50E32BB97A46, cid=1509, SUCCESS, logIndex=2157, commits[056ae293-26b5-4d67-bc5d-e905a6760a80:c2158, a428730f-9893-43cb-a585-e65a7e8859c8:c2154, 994b73f6-7725-4304-b3a4-4941318c1d6c:c2154]
2019-07-08 19:53:16,221 INFO  client.GrpcClientProtocolClient (GrpcClientProtocolClient.java:onNext(255)) - client-B2F93226DCBB->056ae293-26b5-4d67-bc5d-e905a6760a80: receive RaftClientReply:client-B2F93226DCBB->056ae293-26b5-4d67-bc5d-e905a6760a80@group-50E32BB97A46, cid=1510, SUCCESS, logIndex=2158, commits[056ae293-26b5-4d67-bc5d-e905a6760a80:c2158, a428730f-9893-43cb-a585-e65a7e8859c8:c2154, 994b73f6-7725-4304-b3a4-4941318c1d6c:c2154]
2019-07-08 19:53:16,223 INFO  client.GrpcClientProtocolClient (GrpcClientProtocolClient.java:onNext(255)) - client-B2F93226DCBB->056ae293-26b5-4d67-bc5d-e905a6760a80: receive RaftClientReply:client-B2F93226DCBB->056ae293-26b5-4d67-bc5d-e905a6760a80@group-50E32BB97A46, cid=1511, SUCCESS, logIndex=0, commits[056ae293-26b5-4d67-bc5d-e905a6760a80:c2159, a428730f-9893-43cb-a585-e65a7e8859c8:c2156, 994b73f6-7725-4304-b3a4-4941318c1d6c:c2156]
2019-07-08 19:53:16,236 INFO  client.GrpcClientProtocolClient (GrpcClientProtocolClient.java:onNext(255)) - client-B2F93226DCBB->056ae293-26b5-4d67-bc5d-e905a6760a80: receive RaftClientReply:client-B2F93226DCBB->056ae293-26b5-4d67-bc5d-e905a6760a80@group-50E32BB97A46, cid=1512, SUCCESS, logIndex=2163, commits[056ae293-26b5-4d67-bc5d-e905a6760a80:c2164, a428730f-9893-43cb-a585-e65a7e8859c8:c2162, 994b73f6-7725-4304-b3a4-4941318c1d6c:c2158]
2019-07-08 19:53:16,236 INFO  client.GrpcClientProtocolClient (GrpcClientProtocolClient.java:onNext(255)) - client-B2F93226DCBB->056ae293-26b5-4d67-bc5d-e905a6760a80: receive RaftClientReply:client-B2F93226DCBB->056ae293-26b5-4d67-bc5d-e905a6760a80@group-50E32BB97A46, cid=1513, SUCCESS, logIndex=2164, commits[056ae293-26b5-4d67-bc5d-e905a6760a80:c2164, a428730f-9893-43cb-a585-e65a7e8859c8:c2162, 994b73f6-7725-4304-b3a4-4941318c1d6c:c2162]
2019-07-08 19:53:16,248 INFO  client.GrpcClientProtocolClient (GrpcClientProtocolClient.java:onNext(255)) - client-B2F93226DCBB->056ae293-26b5-4d67-bc5d-e905a6760a80: receive RaftClientReply:client-B2F93226DCBB->056ae293-26b5-4d67-bc5d-e905a6760a80@group-50E32BB97A46, cid=1514, SUCCESS, logIndex=2167, commits[056ae293-26b5-4d67-bc5d-e905a6760a80:c2168, a428730f-9893-43cb-a585-e65a7e8859c8:c2166, 994b73f6-7725-4304-b3a4-4941318c1d6c:c2164]
2019-07-08 19:53:16,248 INFO  client.GrpcClientProtocolClient (GrpcClientProtocolClient.java:onNext(255)) - client-B2F93226DCBB->056ae293-26b5-4d67-bc5d-e905a6760a80: receive RaftClientReply:client-B2F93226DCBB->056ae293-26b5-4d67-bc5d-e905a6760a80@group-50E32BB97A46, cid=1515, SUCCESS, logIndex=2168, commits[056ae293-26b5-4d67-bc5d-e905a6760a80:c2168, a428730f-9893-43cb-a585-e65a7e8859c8:c2166, 994b73f6-7725-4304-b3a4-4941318c1d6c:c2166]
2019-07-08 19:53:16,250 INFO  client.GrpcClientProtocolClient (GrpcClientProtocolClient.java:onNext(255)) - client-B2F93226DCBB->056ae293-26b5-4d67-bc5d-e905a6760a80: receive RaftClientReply:client-B2F93226DCBB->056ae293-26b5-4d67-bc5d-e905a6760a80@group-50E32BB97A46, cid=1516, SUCCESS, logIndex=0, commits[056ae293-26b5-4d67-bc5d-e905a6760a80:c2169, a428730f-9893-43cb-a585-e65a7e8859c8:c2168, 994b73f6-7725-4304-b3a4-4941318c1d6c:c2168]
2019-07-08 19:53:16,273 INFO  client.GrpcClientProtocolClient (GrpcClientProtocolClient.java:onNext(255)) - client-B2F93226DCBB->056ae293-26b5-4d67-bc5d-e905a6760a80: receive RaftClientReply:client-B2F93226DCBB->056ae293-26b5-4d67-bc5d-e905a6760a80@group-50E32BB97A46, cid=1517, SUCCESS, logIndex=2170, commits[056ae293-26b5-4d67-bc5d-e905a6760a80:c2171, a428730f-9893-43cb-a585-e65a7e8859c8:c2169, 994b73f6-7725-4304-b3a4-4941318c1d6c:c2169]
2019-07-08 19:53:16,274 INFO  client.GrpcClientProtocolClient (GrpcClientProtocolClient.java:onNext(255)) - client-B2F93226DCBB->056ae293-26b5-4d67-bc5d-e905a6760a80: receive RaftClientReply:client-B2F93226DCBB->056ae293-26b5-4d67-bc5d-e905a6760a80@group-50E32BB97A46, cid=1518, SUCCESS, logIndex=2171, commits[056ae293-26b5-4d67-bc5d-e905a6760a80:c2173, a428730f-9893-43cb-a585-e65a7e8859c8:c2169, 994b73f6-7725-4304-b3a4-4941318c1d6c:c2169]
2019-07-08 19:53:16,274 INFO  client.GrpcClientProtocolClient (GrpcClientProtocolClient.java:onNext(255)) - client-B2F93226DCBB->056ae293-26b5-4d67-bc5d-e905a6760a80: receive RaftClientReply:client-B2F93226DCBB->056ae293-26b5-4d67-bc5d-e905a6760a80@group-50E32BB97A46, cid=1519, SUCCESS, logIndex=2172, commits[056ae293-26b5-4d67-bc5d-e905a6760a80:c2173, a428730f-9893-43cb-a585-e65a7e8859c8:c2169, 994b73f6-7725-4304-b3a4-4941318c1d6c:c2169]
2019-07-08 19:53:16,275 INFO  client.GrpcClientProtocolClient (GrpcClientProtocolClient.java:onNext(255)) - client-B2F93226DCBB->056ae293-26b5-4d67-bc5d-e905a6760a80: receive RaftClientReply:client-B2F93226DCBB->056ae293-26b5-4d67-bc5d-e905a6760a80@group-50E32BB97A46, cid=1520, SUCCESS, logIndex=2173, commits[056ae293-26b5-4d67-bc5d-e905a6760a80:c2173, a428730f-9893-43cb-a585-e65a7e8859c8:c2169, 994b73f6-7725-4304-b3a4-4941318c1d6c:c2169]
2019-07-08 19:53:16,288 INFO  client.GrpcClientProtocolClient (GrpcClientProtocolClient.java:onNext(255)) - client-B2F93226DCBB->056ae293-26b5-4d67-bc5d-e905a6760a80: receive RaftClientReply:client-B2F93226DCBB->056ae293-26b5-4d67-bc5d-e905a6760a80@group-50E32BB97A46, cid=1521, SUCCESS, logIndex=0, commits[056ae293-26b5-4d67-bc5d-e905a6760a80:c2176, a428730f-9893-43cb-a585-e65a7e8859c8:c2172, 994b73f6-7725-4304-b3a4-4941318c1d6c:c2171]
2019-07-08 19:53:16,303 INFO  client.GrpcClientProtocolClient (GrpcClientProtocolClient.java:onNext(255)) - client-B2F93226DCBB->056ae293-26b5-4d67-bc5d-e905a6760a80: receive RaftClientReply:client-B2F93226DCBB->056ae293-26b5-4d67-bc5d-e905a6760a80@group-50E32BB97A46, cid=1522, SUCCESS, logIndex=2178, commits[056ae293-26b5-4d67-bc5d-e905a6760a80:c2179, a428730f-9893-43cb-a585-e65a7e8859c8:c2177, 994b73f6-7725-4304-b3a4-4941318c1d6c:c2177]
2019-07-08 19:53:16,304 INFO  client.GrpcClientProtocolClient (GrpcClientProtocolClient.java:onNext(255)) - client-B2F93226DCBB->056ae293-26b5-4d67-bc5d-e905a6760a80: receive RaftClientReply:client-B2F93226DCBB->056ae293-26b5-4d67-bc5d-e905a6760a80@group-50E32BB97A46, cid=1523, SUCCESS, logIndex=2179, commits[056ae293-26b5-4d67-bc5d-e905a6760a80:c2179, a428730f-9893-43cb-a585-e65a7e8859c8:c2177, 994b73f6-7725-4304-b3a4-4941318c1d6c:c2177]
2019-07-08 19:53:16,328 INFO  client.GrpcClientProtocolClient (GrpcClientProtocolClient.java:onNext(255)) - client-B2F93226DCBB->056ae293-26b5-4d67-bc5d-e905a6760a80: receive RaftClientReply:client-B2F93226DCBB->056ae293-26b5-4d67-bc5d-e905a6760a80@group-50E32BB97A46, cid=1524, SUCCESS, logIndex=2182, commits[056ae293-26b5-4d67-bc5d-e905a6760a80:c2183, a428730f-9893-43cb-a585-e65a7e8859c8:c2179, 994b73f6-7725-4304-b3a4-4941318c1d6c:c2180]
2019-07-08 19:53:16,328 INFO  client.GrpcClientProtocolClient (GrpcClientProtocolClient.java:onNext(255)) - client-B2F93226DCBB->056ae293-26b5-4d67-bc5d-e905a6760a80: receive RaftClientReply:client-B2F93226DCBB->056ae293-26b5-4d67-bc5d-e905a6760a80@group-50E32BB97A46, cid=1525, SUCCESS, logIndex=2183, commits[056ae293-26b5-4d67-bc5d-e905a6760a80:c2183, a428730f-9893-43cb-a585-e65a7e8859c8:c2180, 994b73f6-7725-4304-b3a4-4941318c1d6c:c2180]
2019-07-08 19:53:16,330 INFO  client.GrpcClientProtocolClient (GrpcClientProtocolClient.java:onNext(255)) - client-B2F93226DCBB->056ae293-26b5-4d67-bc5d-e905a6760a80: receive RaftClientReply:client-B2F93226DCBB->056ae293-26b5-4d67-bc5d-e905a6760a80@group-50E32BB97A46, cid=1526, SUCCESS, logIndex=0, commits[056ae293-26b5-4d67-bc5d-e905a6760a80:c2184, a428730f-9893-43cb-a585-e65a7e8859c8:c2183, 994b73f6-7725-4304-b3a4-4941318c1d6c:c2183]
2019-07-08 19:53:16,359 INFO  client.GrpcClientProtocolClient (GrpcClientProtocolClient.java:onNext(255)) - client-B2F93226DCBB->056ae293-26b5-4d67-bc5d-e905a6760a80: receive RaftClientReply:client-B2F93226DCBB->056ae293-26b5-4d67-bc5d-e905a6760a80@group-50E32BB97A46, cid=1527, SUCCESS, logIndex=2186, commits[056ae293-26b5-4d67-bc5d-e905a6760a80:c2187, a428730f-9893-43cb-a585-e65a7e8859c8:c2185, 994b73f6-7725-4304-b3a4-4941318c1d6c:c2185]
2019-07-08 19:53:16,359 INFO  client.GrpcClientProtocolClient (GrpcClientProtocolClient.java:onNext(255)) - client-B2F93226DCBB->056ae293-26b5-4d67-bc5d-e905a6760a80: receive RaftClientReply:client-B2F93226DCBB->056ae293-26b5-4d67-bc5d-e905a6760a80@group-50E32BB97A46, cid=1528, SUCCESS, logIndex=2187, commits[056ae293-26b5-4d67-bc5d-e905a6760a80:c2187, a428730f-9893-43cb-a585-e65a7e8859c8:c2185, 994b73f6-7725-4304-b3a4-4941318c1d6c:c2185]
2019-07-08 19:53:16,371 INFO  client.GrpcClientProtocolClient (GrpcClientProtocolClient.java:onNext(255)) - client-B2F93226DCBB->056ae293-26b5-4d67-bc5d-e905a6760a80: receive RaftClientReply:client-B2F93226DCBB->056ae293-26b5-4d67-bc5d-e905a6760a80@group-50E32BB97A46, cid=1529, SUCCESS, logIndex=2188, commits[056ae293-26b5-4d67-bc5d-e905a6760a80:c2189, a428730f-9893-43cb-a585-e65a7e8859c8:c2185, 994b73f6-7725-4304-b3a4-4941318c1d6c:c2185]
2019-07-08 19:53:16,372 INFO  client.GrpcClientProtocolClient (GrpcClientProtocolClient.java:onNext(255)) - client-B2F93226DCBB->056ae293-26b5-4d67-bc5d-e905a6760a80: receive RaftClientReply:client-B2F93226DCBB->056ae293-26b5-4d67-bc5d-e905a6760a80@group-50E32BB97A46, cid=1530, SUCCESS, logIndex=2189, commits[056ae293-26b5-4d67-bc5d-e905a6760a80:c2189, a428730f-9893-43cb-a585-e65a7e8859c8:c2185, 994b73f6-7725-4304-b3a4-4941318c1d6c:c2185]
2019-07-08 19:53:16,384 INFO  client.GrpcClientProtocolClient (GrpcClientProtocolClient.java:onNext(255)) - client-B2F93226DCBB->056ae293-26b5-4d67-bc5d-e905a6760a80: receive RaftClientReply:client-B2F93226DCBB->056ae293-26b5-4d67-bc5d-e905a6760a80@group-50E32BB97A46, cid=1531, SUCCESS, logIndex=0, commits[056ae293-26b5-4d67-bc5d-e905a6760a80:c2191, a428730f-9893-43cb-a585-e65a7e8859c8:c2187, 994b73f6-7725-4304-b3a4-4941318c1d6c:c2187]
2019-07-08 19:53:16,410 INFO  client.GrpcClientProtocolClient (GrpcClientProtocolClient.java:onNext(255)) - client-B2F93226DCBB->056ae293-26b5-4d67-bc5d-e905a6760a80: receive RaftClientReply:client-B2F93226DCBB->056ae293-26b5-4d67-bc5d-e905a6760a80@group-50E32BB97A46, cid=1532, SUCCESS, logIndex=2194, commits[056ae293-26b5-4d67-bc5d-e905a6760a80:c2195, a428730f-9893-43cb-a585-e65a7e8859c8:c2191, 994b73f6-7725-4304-b3a4-4941318c1d6c:c2191]
2019-07-08 19:53:16,411 INFO  client.GrpcClientProtocolClient (GrpcClientProtocolClient.java:onNext(255)) - client-B2F93226DCBB->056ae293-26b5-4d67-bc5d-e905a6760a80: receive RaftClientReply:client-B2F93226DCBB->056ae293-26b5-4d67-bc5d-e905a6760a80@group-50E32BB97A46, cid=1533, SUCCESS, logIndex=2195, commits[056ae293-26b5-4d67-bc5d-e905a6760a80:c2195, a428730f-9893-43cb-a585-e65a7e8859c8:c2191, 994b73f6-7725-4304-b3a4-4941318c1d6c:c2191]
2019-07-08 19:53:16,437 INFO  client.GrpcClientProtocolClient (GrpcClientProtocolClient.java:onNext(255)) - client-B2F93226DCBB->056ae293-26b5-4d67-bc5d-e905a6760a80: receive RaftClientReply:client-B2F93226DCBB->056ae293-26b5-4d67-bc5d-e905a6760a80@group-50E32BB97A46, cid=1534, SUCCESS, logIndex=2198, commits[056ae293-26b5-4d67-bc5d-e905a6760a80:c2198, a428730f-9893-43cb-a585-e65a7e8859c8:c2195, 994b73f6-7725-4304-b3a4-4941318c1d6c:c2195]
2019-07-08 19:53:16,438 INFO  client.GrpcClientProtocolClient (GrpcClientProtocolClient.java:onNext(255)) - client-B2F93226DCBB->056ae293-26b5-4d67-bc5d-e905a6760a80: receive RaftClientReply:client-B2F93226DCBB->056ae293-26b5-4d67-bc5d-e905a6760a80@group-50E32BB97A46, cid=1535, SUCCESS, logIndex=2199, commits[056ae293-26b5-4d67-bc5d-e905a6760a80:c2199, a428730f-9893-43cb-a585-e65a7e8859c8:c2195, 994b73f6-7725-4304-b3a4-4941318c1d6c:c2195]
2019-07-08 19:53:16,450 INFO  client.GrpcClientProtocolClient (GrpcClientProtocolClient.java:onNext(255)) - client-B2F93226DCBB->056ae293-26b5-4d67-bc5d-e905a6760a80: receive RaftClientReply:client-B2F93226DCBB->056ae293-26b5-4d67-bc5d-e905a6760a80@group-50E32BB97A46, cid=1536, SUCCESS, logIndex=0, commits[056ae293-26b5-4d67-bc5d-e905a6760a80:c2201, a428730f-9893-43cb-a585-e65a7e8859c8:c2199, 994b73f6-7725-4304-b3a4-4941318c1d6c:c2199]
2019-07-08 19:53:16,473 INFO  client.GrpcClientProtocolClient (GrpcClientProtocolClient.java:onNext(255)) - client-B2F93226DCBB->056ae293-26b5-4d67-bc5d-e905a6760a80: receive RaftClientReply:client-B2F93226DCBB->056ae293-26b5-4d67-bc5d-e905a6760a80@group-50E32BB97A46, cid=1537, SUCCESS, logIndex=2202, commits[056ae293-26b5-4d67-bc5d-e905a6760a80:c2204, a428730f-9893-43cb-a585-e65a7e8859c8:c2199, 994b73f6-7725-4304-b3a4-4941318c1d6c:c2201]
2019-07-08 19:53:16,474 INFO  client.GrpcClientProtocolClient (GrpcClientProtocolClient.java:onNext(255)) - client-B2F93226DCBB->056ae293-26b5-4d67-bc5d-e905a6760a80: receive RaftClientReply:client-B2F93226DCBB->056ae293-26b5-4d67-bc5d-e905a6760a80@group-50E32BB97A46, cid=1538, SUCCESS, logIndex=2203, commits[056ae293-26b5-4d67-bc5d-e905a6760a80:c2205, a428730f-9893-43cb-a585-e65a7e8859c8:c2199, 994b73f6-7725-4304-b3a4-4941318c1d6c:c2201]
2019-07-08 19:53:16,474 INFO  client.GrpcClientProtocolClient (GrpcClientProtocolClient.java:onNext(255)) - client-B2F93226DCBB->056ae293-26b5-4d67-bc5d-e905a6760a80: receive RaftClientReply:client-B2F93226DCBB->056ae293-26b5-4d67-bc5d-e905a6760a80@group-50E32BB97A46, cid=1539, SUCCESS, logIndex=2204, commits[056ae293-26b5-4d67-bc5d-e905a6760a80:c2205, a428730f-9893-43cb-a585-e65a7e8859c8:c2199, 994b73f6-7725-4304-b3a4-4941318c1d6c:c2201]
2019-07-08 19:53:16,475 INFO  client.GrpcClientProtocolClient (GrpcClientProtocolClient.java:onNext(255)) - client-B2F93226DCBB->056ae293-26b5-4d67-bc5d-e905a6760a80: receive RaftClientReply:client-B2F93226DCBB->056ae293-26b5-4d67-bc5d-e905a6760a80@group-50E32BB97A46, cid=1540, SUCCESS, logIndex=2205, commits[056ae293-26b5-4d67-bc5d-e905a6760a80:c2205, a428730f-9893-43cb-a585-e65a7e8859c8:c2199, 994b73f6-7725-4304-b3a4-4941318c1d6c:c2201]
2019-07-08 19:53:16,477 INFO  client.GrpcClientProtocolClient (GrpcClientProtocolClient.java:onNext(255)) - client-B2F93226DCBB->056ae293-26b5-4d67-bc5d-e905a6760a80: receive RaftClientReply:client-B2F93226DCBB->056ae293-26b5-4d67-bc5d-e905a6760a80@group-50E32BB97A46, cid=1541, SUCCESS, logIndex=0, commits[056ae293-26b5-4d67-bc5d-e905a6760a80:c2206, a428730f-9893-43cb-a585-e65a7e8859c8:c2203, 994b73f6-7725-4304-b3a4-4941318c1d6c:c2203]
2019-07-08 19:53:16,488 INFO  client.GrpcClientProtocolClient (GrpcClientProtocolClient.java:onNext(255)) - client-B2F93226DCBB->056ae293-26b5-4d67-bc5d-e905a6760a80: receive RaftClientReply:client-B2F93226DCBB->056ae293-26b5-4d67-bc5d-e905a6760a80@group-50E32BB97A46, cid=1542, SUCCESS, logIndex=2210, commits[056ae293-26b5-4d67-bc5d-e905a6760a80:c2211, a428730f-9893-43cb-a585-e65a7e8859c8:c2205, 994b73f6-7725-4304-b3a4-4941318c1d6c:c2209]
2019-07-08 19:53:16,489 INFO  client.GrpcClientProtocolClient (GrpcClientProtocolClient.java:onNext(255)) - client-B2F93226DCBB->056ae293-26b5-4d67-bc5d-e905a6760a80: receive RaftClientReply:client-B2F93226DCBB->056ae293-26b5-4d67-bc5d-e905a6760a80@group-50E32BB97A46, cid=1543, SUCCESS, logIndex=2211, commits[056ae293-26b5-4d67-bc5d-e905a6760a80:c2211, a428730f-9893-43cb-a585-e65a7e8859c8:c2205, 994b73f6-7725-4304-b3a4-4941318c1d6c:c2209]
2019-07-08 19:53:16,500 INFO  client.GrpcClientProtocolClient (GrpcClientProtocolClient.java:onNext(255)) - client-B2F93226DCBB->056ae293-26b5-4d67-bc5d-e905a6760a80: receive RaftClientReply:client-B2F93226DCBB->056ae293-26b5-4d67-bc5d-e905a6760a80@group-50E32BB97A46, cid=1544, SUCCESS, logIndex=2214, commits[056ae293-26b5-4d67-bc5d-e905a6760a80:c2215, a428730f-9893-43cb-a585-e65a7e8859c8:c2211, 994b73f6-7725-4304-b3a4-4941318c1d6c:c2212]
2019-07-08 19:53:16,500 INFO  client.GrpcClientProtocolClient (GrpcClientProtocolClient.java:onNext(255)) - client-B2F93226DCBB->056ae293-26b5-4d67-bc5d-e905a6760a80: receive RaftClientReply:client-B2F93226DCBB->056ae293-26b5-4d67-bc5d-e905a6760a80@group-50E32BB97A46, cid=1545, SUCCESS, logIndex=2215, commits[056ae293-26b5-4d67-bc5d-e905a6760a80:c2215, a428730f-9893-43cb-a585-e65a7e8859c8:c2212, 994b73f6-7725-4304-b3a4-4941318c1d6c:c2212]
2019-07-08 19:53:16,502 INFO  client.GrpcClientProtocolClient (GrpcClientProtocolClient.java:onNext(255)) - client-B2F93226DCBB->056ae293-26b5-4d67-bc5d-e905a6760a80: receive RaftClientReply:client-B2F93226DCBB->056ae293-26b5-4d67-bc5d-e905a6760a80@group-50E32BB97A46, cid=1546, SUCCESS, logIndex=0, commits[056ae293-26b5-4d67-bc5d-e905a6760a80:c2215, a428730f-9893-43cb-a585-e65a7e8859c8:c2215, 994b73f6-7725-4304-b3a4-4941318c1d6c:c2215]
2019-07-08 19:53:16,531 INFO  client.GrpcClientProtocolClient (GrpcClientProtocolClient.java:onNext(255)) - client-B2F93226DCBB->056ae293-26b5-4d67-bc5d-e905a6760a80: receive RaftClientReply:client-B2F93226DCBB->056ae293-26b5-4d67-bc5d-e905a6760a80@group-50E32BB97A46, cid=1547, SUCCESS, logIndex=2217, commits[056ae293-26b5-4d67-bc5d-e905a6760a80:c2218, a428730f-9893-43cb-a585-e65a7e8859c8:c2216, 994b73f6-7725-4304-b3a4-4941318c1d6c:c2216]
2019-07-08 19:53:16,532 INFO  client.GrpcClientProtocolClient (GrpcClientProtocolClient.java:onNext(255)) - client-B2F93226DCBB->056ae293-26b5-4d67-bc5d-e905a6760a80: receive RaftClientReply:client-B2F93226DCBB->056ae293-26b5-4d67-bc5d-e905a6760a80@group-50E32BB97A46, cid=1548, SUCCESS, logIndex=2218, commits[056ae293-26b5-4d67-bc5d-e905a6760a80:c2219, a428730f-9893-43cb-a585-e65a7e8859c8:c2216, 994b73f6-7725-4304-b3a4-4941318c1d6c:c2216]
2019-07-08 19:53:16,532 INFO  client.GrpcClientProtocolClient (GrpcClientProtocolClient.java:onNext(255)) - client-B2F93226DCBB->056ae293-26b5-4d67-bc5d-e905a6760a80: receive RaftClientReply:client-B2F93226DCBB->056ae293-26b5-4d67-bc5d-e905a6760a80@group-50E32BB97A46, cid=1549, SUCCESS, logIndex=2219, commits[056ae293-26b5-4d67-bc5d-e905a6760a80:c2220, a428730f-9893-43cb-a585-e65a7e8859c8:c2216, 994b73f6-7725-4304-b3a4-4941318c1d6c:c2216]
2019-07-08 19:53:16,532 INFO  client.GrpcClientProtocolClient (GrpcClientProtocolClient.java:onNext(255)) - client-B2F93226DCBB->056ae293-26b5-4d67-bc5d-e905a6760a80: receive RaftClientReply:client-B2F93226DCBB->056ae293-26b5-4d67-bc5d-e905a6760a80@group-50E32BB97A46, cid=1550, SUCCESS, logIndex=2220, commits[056ae293-26b5-4d67-bc5d-e905a6760a80:c2220, a428730f-9893-43cb-a585-e65a7e8859c8:c2216, 994b73f6-7725-4304-b3a4-4941318c1d6c:c2216]
2019-07-08 19:53:16,545 INFO  client.GrpcClientProtocolClient (GrpcClientProtocolClient.java:onNext(255)) - client-B2F93226DCBB->056ae293-26b5-4d67-bc5d-e905a6760a80: receive RaftClientReply:client-B2F93226DCBB->056ae293-26b5-4d67-bc5d-e905a6760a80@group-50E32BB97A46, cid=1551, SUCCESS, logIndex=0, commits[056ae293-26b5-4d67-bc5d-e905a6760a80:c2222, a428730f-9893-43cb-a585-e65a7e8859c8:c2218, 994b73f6-7725-4304-b3a4-4941318c1d6c:c2218]
2019-07-08 19:53:16,566 INFO  client.GrpcClientProtocolClient (GrpcClientProtocolClient.java:onNext(255)) - client-B2F93226DCBB->056ae293-26b5-4d67-bc5d-e905a6760a80: receive RaftClientReply:client-B2F93226DCBB->056ae293-26b5-4d67-bc5d-e905a6760a80@group-50E32BB97A46, cid=1552, SUCCESS, logIndex=2225, commits[056ae293-26b5-4d67-bc5d-e905a6760a80:c2225, a428730f-9893-43cb-a585-e65a7e8859c8:c2224, 994b73f6-7725-4304-b3a4-4941318c1d6c:c2224]
2019-07-08 19:53:16,567 INFO  client.GrpcClientProtocolClient (GrpcClientProtocolClient.java:onNext(255)) - client-B2F93226DCBB->056ae293-26b5-4d67-bc5d-e905a6760a80: receive RaftClientReply:client-B2F93226DCBB->056ae293-26b5-4d67-bc5d-e905a6760a80@group-50E32BB97A46, cid=1553, SUCCESS, logIndex=2226, commits[056ae293-26b5-4d67-bc5d-e905a6760a80:c2226, a428730f-9893-43cb-a585-e65a7e8859c8:c2224, 994b73f6-7725-4304-b3a4-4941318c1d6c:c2224]
2019-07-08 19:53:16,682 INFO  client.GrpcClientProtocolClient (GrpcClientProtocolClient.java:onNext(255)) - client-B2F93226DCBB->056ae293-26b5-4d67-bc5d-e905a6760a80: receive RaftClientReply:client-B2F93226DCBB->056ae293-26b5-4d67-bc5d-e905a6760a80@group-50E32BB97A46, cid=1554, SUCCESS, logIndex=2229, commits[056ae293-26b5-4d67-bc5d-e905a6760a80:c2230, a428730f-9893-43cb-a585-e65a7e8859c8:c2226, 994b73f6-7725-4304-b3a4-4941318c1d6c:c2226]
2019-07-08 19:53:16,682 INFO  client.GrpcClientProtocolClient (GrpcClientProtocolClient.java:onNext(255)) - client-B2F93226DCBB->056ae293-26b5-4d67-bc5d-e905a6760a80: receive RaftClientReply:client-B2F93226DCBB->056ae293-26b5-4d67-bc5d-e905a6760a80@group-50E32BB97A46, cid=1555, SUCCESS, logIndex=2230, commits[056ae293-26b5-4d67-bc5d-e905a6760a80:c2230, a428730f-9893-43cb-a585-e65a7e8859c8:c2226, 994b73f6-7725-4304-b3a4-4941318c1d6c:c2226]
2019-07-08 19:53:16,696 INFO  client.GrpcClientProtocolClient (GrpcClientProtocolClient.java:onNext(255)) - client-B2F93226DCBB->056ae293-26b5-4d67-bc5d-e905a6760a80: receive RaftClientReply:client-B2F93226DCBB->056ae293-26b5-4d67-bc5d-e905a6760a80@group-50E32BB97A46, cid=1556, SUCCESS, logIndex=0, commits[056ae293-26b5-4d67-bc5d-e905a6760a80:c2231, a428730f-9893-43cb-a585-e65a7e8859c8:c2230, 994b73f6-7725-4304-b3a4-4941318c1d6c:c2230]
2019-07-08 19:53:16,730 INFO  client.GrpcClientProtocolClient (GrpcClientProtocolClient.java:onNext(255)) - client-B2F93226DCBB->056ae293-26b5-4d67-bc5d-e905a6760a80: receive RaftClientReply:client-B2F93226DCBB->056ae293-26b5-4d67-bc5d-e905a6760a80@group-50E32BB97A46, cid=1557, SUCCESS, logIndex=2233, commits[056ae293-26b5-4d67-bc5d-e905a6760a80:c2234, a428730f-9893-43cb-a585-e65a7e8859c8:c2232, 994b73f6-7725-4304-b3a4-4941318c1d6c:c2232]
2019-07-08 19:53:16,731 INFO  client.GrpcClientProtocolClient (GrpcClientProtocolClient.java:onNext(255)) - client-B2F93226DCBB->056ae293-26b5-4d67-bc5d-e905a6760a80: receive RaftClientReply:client-B2F93226DCBB->056ae293-26b5-4d67-bc5d-e905a6760a80@group-50E32BB97A46, cid=1558, SUCCESS, logIndex=2234, commits[056ae293-26b5-4d67-bc5d-e905a6760a80:c2234, a428730f-9893-43cb-a585-e65a7e8859c8:c2232, 994b73f6-7725-4304-b3a4-4941318c1d6c:c2232]
2019-07-08 19:53:16,744 INFO  client.GrpcClientProtocolClient (GrpcClientProtocolClient.java:onNext(255)) - client-B2F93226DCBB->056ae293-26b5-4d67-bc5d-e905a6760a80: receive RaftClientReply:client-B2F93226DCBB->056ae293-26b5-4d67-bc5d-e905a6760a80@group-50E32BB97A46, cid=1559, SUCCESS, logIndex=2235, commits[056ae293-26b5-4d67-bc5d-e905a6760a80:c2236, a428730f-9893-43cb-a585-e65a7e8859c8:c2232, 994b73f6-7725-4304-b3a4-4941318c1d6c:c2232]
2019-07-08 19:53:16,745 INFO  client.GrpcClientProtocolClient (GrpcClientProtocolClient.java:onNext(255)) - client-B2F93226DCBB->056ae293-26b5-4d67-bc5d-e905a6760a80: receive RaftClientReply:client-B2F93226DCBB->056ae293-26b5-4d67-bc5d-e905a6760a80@group-50E32BB97A46, cid=1560, SUCCESS, logIndex=2236, commits[056ae293-26b5-4d67-bc5d-e905a6760a80:c2236, a428730f-9893-43cb-a585-e65a7e8859c8:c2232, 994b73f6-7725-4304-b3a4-4941318c1d6c:c2233]
2019-07-08 19:53:16,746 INFO  client.GrpcClientProtocolClient (GrpcClientProtocolClient.java:onNext(255)) - client-B2F93226DCBB->056ae293-26b5-4d67-bc5d-e905a6760a80: receive RaftClientReply:client-B2F93226DCBB->056ae293-26b5-4d67-bc5d-e905a6760a80@group-50E32BB97A46, cid=1561, SUCCESS, logIndex=0, commits[056ae293-26b5-4d67-bc5d-e905a6760a80:c2238, a428730f-9893-43cb-a585-e65a7e8859c8:c2234, 994b73f6-7725-4304-b3a4-4941318c1d6c:c2234]
2019-07-08 19:53:16,763 INFO  client.GrpcClientProtocolClient (GrpcClientProtocolClient.java:onNext(255)) - client-B2F93226DCBB->056ae293-26b5-4d67-bc5d-e905a6760a80: receive RaftClientReply:client-B2F93226DCBB->056ae293-26b5-4d67-bc5d-e905a6760a80@group-50E32BB97A46, cid=1562, SUCCESS, logIndex=2241, commits[056ae293-26b5-4d67-bc5d-e905a6760a80:c2242, a428730f-9893-43cb-a585-e65a7e8859c8:c2236, 994b73f6-7725-4304-b3a4-4941318c1d6c:c2238]
2019-07-08 19:53:16,763 INFO  client.GrpcClientProtocolClient (GrpcClientProtocolClient.java:onNext(255)) - client-B2F93226DCBB->056ae293-26b5-4d67-bc5d-e905a6760a80: receive RaftClientReply:client-B2F93226DCBB->056ae293-26b5-4d67-bc5d-e905a6760a80@group-50E32BB97A46, cid=1563, SUCCESS, logIndex=2242, commits[056ae293-26b5-4d67-bc5d-e905a6760a80:c2242, a428730f-9893-43cb-a585-e65a7e8859c8:c2238, 994b73f6-7725-4304-b3a4-4941318c1d6c:c2238]
2019-07-08 19:53:16,794 INFO  client.GrpcClientProtocolClient (GrpcClientProtocolClient.java:onNext(255)) - client-B2F93226DCBB->056ae293-26b5-4d67-bc5d-e905a6760a80: receive RaftClientReply:client-B2F93226DCBB->056ae293-26b5-4d67-bc5d-e905a6760a80@group-50E32BB97A46, cid=1564, SUCCESS, logIndex=2244, commits[056ae293-26b5-4d67-bc5d-e905a6760a80:c2245, a428730f-9893-43cb-a585-e65a7e8859c8:c2243, 994b73f6-7725-4304-b3a4-4941318c1d6c:c2243]
2019-07-08 19:53:16,794 INFO  client.GrpcClientProtocolClient (GrpcClientProtocolClient.java:onNext(255)) - client-B2F93226DCBB->056ae293-26b5-4d67-bc5d-e905a6760a80: receive RaftClientReply:client-B2F93226DCBB->056ae293-26b5-4d67-bc5d-e905a6760a80@group-50E32BB97A46, cid=1565, SUCCESS, logIndex=2245, commits[056ae293-26b5-4d67-bc5d-e905a6760a80:c2245, a428730f-9893-43cb-a585-e65a7e8859c8:c2243, 994b73f6-7725-4304-b3a4-4941318c1d6c:c2243]
2019-07-08 19:53:16,808 INFO  client.GrpcClientProtocolClient (GrpcClientProtocolClient.java:onNext(255)) - client-B2F93226DCBB->056ae293-26b5-4d67-bc5d-e905a6760a80: receive RaftClientReply:client-B2F93226DCBB->056ae293-26b5-4d67-bc5d-e905a6760a80@group-50E32BB97A46, cid=1566, SUCCESS, logIndex=0, commits[056ae293-26b5-4d67-bc5d-e905a6760a80:c2245, a428730f-9893-43cb-a585-e65a7e8859c8:c2245, 994b73f6-7725-4304-b3a4-4941318c1d6c:c2245]
2019-07-08 19:53:16,838 INFO  client.GrpcClientProtocolClient (GrpcClientProtocolClient.java:onNext(255)) - client-B2F93226DCBB->056ae293-26b5-4d67-bc5d-e905a6760a80: receive RaftClientReply:client-B2F93226DCBB->056ae293-26b5-4d67-bc5d-e905a6760a80@group-50E32BB97A46, cid=1567, SUCCESS, logIndex=2248, commits[056ae293-26b5-4d67-bc5d-e905a6760a80:c2249, a428730f-9893-43cb-a585-e65a7e8859c8:c2247, 994b73f6-7725-4304-b3a4-4941318c1d6c:c2247]
2019-07-08 19:53:16,839 INFO  client.GrpcClientProtocolClient (GrpcClientProtocolClient.java:onNext(255)) - client-B2F93226DCBB->056ae293-26b5-4d67-bc5d-e905a6760a80: receive RaftClientReply:client-B2F93226DCBB->056ae293-26b5-4d67-bc5d-e905a6760a80@group-50E32BB97A46, cid=1568, SUCCESS, logIndex=2249, commits[056ae293-26b5-4d67-bc5d-e905a6760a80:c2249, a428730f-9893-43cb-a585-e65a7e8859c8:c2247, 994b73f6-7725-4304-b3a4-4941318c1d6c:c2247]
2019-07-08 19:53:16,851 INFO  client.GrpcClientProtocolClient (GrpcClientProtocolClient.java:onNext(255)) - client-B2F93226DCBB->056ae293-26b5-4d67-bc5d-e905a6760a80: receive RaftClientReply:client-B2F93226DCBB->056ae293-26b5-4d67-bc5d-e905a6760a80@group-50E32BB97A46, cid=1569, SUCCESS, logIndex=2250, commits[056ae293-26b5-4d67-bc5d-e905a6760a80:c2250, a428730f-9893-43cb-a585-e65a7e8859c8:c2247, 994b73f6-7725-4304-b3a4-4941318c1d6c:c2247]
2019-07-08 19:53:16,851 INFO  client.GrpcClientProtocolClient (GrpcClientProtocolClient.java:onNext(255)) - client-B2F93226DCBB->056ae293-26b5-4d67-bc5d-e905a6760a80: receive RaftClientReply:client-B2F93226DCBB->056ae293-26b5-4d67-bc5d-e905a6760a80@group-50E32BB97A46, cid=1570, SUCCESS, logIndex=2251, commits[056ae293-26b5-4d67-bc5d-e905a6760a80:c2251, a428730f-9893-43cb-a585-e65a7e8859c8:c2247, 994b73f6-7725-4304-b3a4-4941318c1d6c:c2247]
2019-07-08 19:53:16,864 INFO  client.GrpcClientProtocolClient (GrpcClientProtocolClient.java:onNext(255)) - client-B2F93226DCBB->056ae293-26b5-4d67-bc5d-e905a6760a80: receive RaftClientReply:client-B2F93226DCBB->056ae293-26b5-4d67-bc5d-e905a6760a80@group-50E32BB97A46, cid=1571, SUCCESS, logIndex=0, commits[056ae293-26b5-4d67-bc5d-e905a6760a80:c2252, a428730f-9893-43cb-a585-e65a7e8859c8:c2249, 994b73f6-7725-4304-b3a4-4941318c1d6c:c2249]
2019-07-08 19:53:16,890 INFO  client.GrpcClientProtocolClient (GrpcClientProtocolClient.java:onNext(255)) - client-B2F93226DCBB->056ae293-26b5-4d67-bc5d-e905a6760a80: receive RaftClientReply:client-B2F93226DCBB->056ae293-26b5-4d67-bc5d-e905a6760a80@group-50E32BB97A46, cid=1572, SUCCESS, logIndex=2256, commits[056ae293-26b5-4d67-bc5d-e905a6760a80:c2257, a428730f-9893-43cb-a585-e65a7e8859c8:c2253, 994b73f6-7725-4304-b3a4-4941318c1d6c:c2253]
2019-07-08 19:53:16,890 INFO  client.GrpcClientProtocolClient (GrpcClientProtocolClient.java:onNext(255)) - client-B2F93226DCBB->056ae293-26b5-4d67-bc5d-e905a6760a80: receive RaftClientReply:client-B2F93226DCBB->056ae293-26b5-4d67-bc5d-e905a6760a80@group-50E32BB97A46, cid=1573, SUCCESS, logIndex=2257, commits[056ae293-26b5-4d67-bc5d-e905a6760a80:c2257, a428730f-9893-43cb-a585-e65a7e8859c8:c2253, 994b73f6-7725-4304-b3a4-4941318c1d6c:c2253]
2019-07-08 19:53:16,924 INFO  client.GrpcClientProtocolClient (GrpcClientProtocolClient.java:onNext(255)) - client-B2F93226DCBB->056ae293-26b5-4d67-bc5d-e905a6760a80: receive RaftClientReply:client-B2F93226DCBB->056ae293-26b5-4d67-bc5d-e905a6760a80@group-50E32BB97A46, cid=1574, SUCCESS, logIndex=2260, commits[056ae293-26b5-4d67-bc5d-e905a6760a80:c2261, a428730f-9893-43cb-a585-e65a7e8859c8:c2257, 994b73f6-7725-4304-b3a4-4941318c1d6c:c2257]
2019-07-08 19:53:16,924 INFO  client.GrpcClientProtocolClient (GrpcClientProtocolClient.java:onNext(255)) - client-B2F93226DCBB->056ae293-26b5-4d67-bc5d-e905a6760a80: receive RaftClientReply:client-B2F93226DCBB->056ae293-26b5-4d67-bc5d-e905a6760a80@group-50E32BB97A46, cid=1575, SUCCESS, logIndex=2261, commits[056ae293-26b5-4d67-bc5d-e905a6760a80:c2261, a428730f-9893-43cb-a585-e65a7e8859c8:c2257, 994b73f6-7725-4304-b3a4-4941318c1d6c:c2257]
2019-07-08 19:53:16,926 INFO  client.GrpcClientProtocolClient (GrpcClientProtocolClient.java:onNext(255)) - client-B2F93226DCBB->056ae293-26b5-4d67-bc5d-e905a6760a80: receive RaftClientReply:client-B2F93226DCBB->056ae293-26b5-4d67-bc5d-e905a6760a80@group-50E32BB97A46, cid=1576, SUCCESS, logIndex=0, commits[056ae293-26b5-4d67-bc5d-e905a6760a80:c2261, a428730f-9893-43cb-a585-e65a7e8859c8:c2261, 994b73f6-7725-4304-b3a4-4941318c1d6c:c2261]
2019-07-08 19:53:16,949 INFO  client.GrpcClientProtocolClient (GrpcClientProtocolClient.java:onNext(255)) - client-B2F93226DCBB->056ae293-26b5-4d67-bc5d-e905a6760a80: receive RaftClientReply:client-B2F93226DCBB->056ae293-26b5-4d67-bc5d-e905a6760a80@group-50E32BB97A46, cid=1577, SUCCESS, logIndex=2264, commits[056ae293-26b5-4d67-bc5d-e905a6760a80:c2265, a428730f-9893-43cb-a585-e65a7e8859c8:c2261, 994b73f6-7725-4304-b3a4-4941318c1d6c:c2263]
2019-07-08 19:53:16,950 INFO  client.GrpcClientProtocolClient (GrpcClientProtocolClient.java:onNext(255)) - client-B2F93226DCBB->056ae293-26b5-4d67-bc5d-e905a6760a80: receive RaftClientReply:client-B2F93226DCBB->056ae293-26b5-4d67-bc5d-e905a6760a80@group-50E32BB97A46, cid=1578, SUCCESS, logIndex=2265, commits[056ae293-26b5-4d67-bc5d-e905a6760a80:c2265, a428730f-9893-43cb-a585-e65a7e8859c8:c2261, 994b73f6-7725-4304-b3a4-4941318c1d6c:c2263]
2019-07-08 19:53:16,954 INFO  client.GrpcClientProtocolClient (GrpcClientProtocolClient.java:onNext(255)) - client-B2F93226DCBB->056ae293-26b5-4d67-bc5d-e905a6760a80: receive RaftClientReply:client-B2F93226DCBB->056ae293-26b5-4d67-bc5d-e905a6760a80@group-50E32BB97A46, cid=1579, SUCCESS, logIndex=2266, commits[056ae293-26b5-4d67-bc5d-e905a6760a80:c2268, a428730f-9893-43cb-a585-e65a7e8859c8:c2263, 994b73f6-7725-4304-b3a4-4941318c1d6c:c2265]
2019-07-08 19:53:16,955 INFO  client.GrpcClientProtocolClient (GrpcClientProtocolClient.java:onNext(255)) - client-B2F93226DCBB->056ae293-26b5-4d67-bc5d-e905a6760a80: receive RaftClientReply:client-B2F93226DCBB->056ae293-26b5-4d67-bc5d-e905a6760a80@group-50E32BB97A46, cid=1580, SUCCESS, logIndex=2267, commits[056ae293-26b5-4d67-bc5d-e905a6760a80:c2269, a428730f-9893-43cb-a585-e65a7e8859c8:c2263, 994b73f6-7725-4304-b3a4-4941318c1d6c:c2265]
2019-07-08 19:53:16,956 INFO  client.GrpcClientProtocolClient (GrpcClientProtocolClient.java:onNext(255)) - client-B2F93226DCBB->056ae293-26b5-4d67-bc5d-e905a6760a80: receive RaftClientReply:client-B2F93226DCBB->056ae293-26b5-4d67-bc5d-e905a6760a80@group-50E32BB97A46, cid=1581, SUCCESS, logIndex=0, commits[056ae293-26b5-4d67-bc5d-e905a6760a80:c2270, a428730f-9893-43cb-a585-e65a7e8859c8:c2265, 994b73f6-7725-4304-b3a4-4941318c1d6c:c2267]
2019-07-08 19:53:16,969 INFO  client.GrpcClientProtocolClient (GrpcClientProtocolClient.java:onNext(255)) - client-B2F93226DCBB->056ae293-26b5-4d67-bc5d-e905a6760a80: receive RaftClientReply:client-B2F93226DCBB->056ae293-26b5-4d67-bc5d-e905a6760a80@group-50E32BB97A46, cid=1582, SUCCESS, logIndex=2272, commits[056ae293-26b5-4d67-bc5d-e905a6760a80:c2273, a428730f-9893-43cb-a585-e65a7e8859c8:c2271, 994b73f6-7725-4304-b3a4-4941318c1d6c:c2271]
2019-07-08 19:53:16,969 INFO  client.GrpcClientProtocolClient (GrpcClientProtocolClient.java:onNext(255)) - client-B2F93226DCBB->056ae293-26b5-4d67-bc5d-e905a6760a80: receive RaftClientReply:client-B2F93226DCBB->056ae293-26b5-4d67-bc5d-e905a6760a80@group-50E32BB97A46, cid=1583, SUCCESS, logIndex=2273, commits[056ae293-26b5-4d67-bc5d-e905a6760a80:c2273, a428730f-9893-43cb-a585-e65a7e8859c8:c2271, 994b73f6-7725-4304-b3a4-4941318c1d6c:c2271]
2019-07-08 19:53:16,982 INFO  client.GrpcClientProtocolClient (GrpcClientProtocolClient.java:onNext(255)) - client-B2F93226DCBB->056ae293-26b5-4d67-bc5d-e905a6760a80: receive RaftClientReply:client-B2F93226DCBB->056ae293-26b5-4d67-bc5d-e905a6760a80@group-50E32BB97A46, cid=1584, SUCCESS, logIndex=2276, commits[056ae293-26b5-4d67-bc5d-e905a6760a80:c2277, a428730f-9893-43cb-a585-e65a7e8859c8:c2275, 994b73f6-7725-4304-b3a4-4941318c1d6c:c2275]
2019-07-08 19:53:16,983 INFO  client.GrpcClientProtocolClient (GrpcClientProtocolClient.java:onNext(255)) - client-B2F93226DCBB->056ae293-26b5-4d67-bc5d-e905a6760a80: receive RaftClientReply:client-B2F93226DCBB->056ae293-26b5-4d67-bc5d-e905a6760a80@group-50E32BB97A46, cid=1585, SUCCESS, logIndex=2277, commits[056ae293-26b5-4d67-bc5d-e905a6760a80:c2277, a428730f-9893-43cb-a585-e65a7e8859c8:c2275, 994b73f6-7725-4304-b3a4-4941318c1d6c:c2275]
2019-07-08 19:53:16,985 INFO  client.GrpcClientProtocolClient (GrpcClientProtocolClient.java:onNext(255)) - client-B2F93226DCBB->056ae293-26b5-4d67-bc5d-e905a6760a80: receive RaftClientReply:client-B2F93226DCBB->056ae293-26b5-4d67-bc5d-e905a6760a80@group-50E32BB97A46, cid=1586, SUCCESS, logIndex=0, commits[056ae293-26b5-4d67-bc5d-e905a6760a80:c2278, a428730f-9893-43cb-a585-e65a7e8859c8:c2277, 994b73f6-7725-4304-b3a4-4941318c1d6c:c2277]
 0.00% |█                                                                                                    |  0/1 Time: 0:00:132019-07-08 19:53:17,007 INFO  client.GrpcClientProtocolClient (GrpcClientProtocolClient.java:onNext(255)) - client-B2F93226DCBB->056ae293-26b5-4d67-bc5d-e905a6760a80: receive RaftClientReply:client-B2F93226DCBB->056ae293-26b5-4d67-bc5d-e905a6760a80@group-50E32BB97A46, cid=1587, SUCCESS, logIndex=2280, commits[056ae293-26b5-4d67-bc5d-e905a6760a80:c2281, a428730f-9893-43cb-a585-e65a7e8859c8:c2279, 994b73f6-7725-4304-b3a4-4941318c1d6c:c2279]
2019-07-08 19:53:17,007 INFO  client.GrpcClientProtocolClient (GrpcClientProtocolClient.java:onNext(255)) - client-B2F93226DCBB->056ae293-26b5-4d67-bc5d-e905a6760a80: receive RaftClientReply:client-B2F93226DCBB->056ae293-26b5-4d67-bc5d-e905a6760a80@group-50E32BB97A46, cid=1588, SUCCESS, logIndex=2281, commits[056ae293-26b5-4d67-bc5d-e905a6760a80:c2283, a428730f-9893-43cb-a585-e65a7e8859c8:c2279, 994b73f6-7725-4304-b3a4-4941318c1d6c:c2279]
2019-07-08 19:53:17,008 INFO  client.GrpcClientProtocolClient (GrpcClientProtocolClient.java:onNext(255)) - client-B2F93226DCBB->056ae293-26b5-4d67-bc5d-e905a6760a80: receive RaftClientReply:client-B2F93226DCBB->056ae293-26b5-4d67-bc5d-e905a6760a80@group-50E32BB97A46, cid=1589, SUCCESS, logIndex=2282, commits[056ae293-26b5-4d67-bc5d-e905a6760a80:c2283, a428730f-9893-43cb-a585-e65a7e8859c8:c2279, 994b73f6-7725-4304-b3a4-4941318c1d6c:c2279]
2019-07-08 19:53:17,008 INFO  client.GrpcClientProtocolClient (GrpcClientProtocolClient.java:onNext(255)) - client-B2F93226DCBB->056ae293-26b5-4d67-bc5d-e905a6760a80: receive RaftClientReply:client-B2F93226DCBB->056ae293-26b5-4d67-bc5d-e905a6760a80@group-50E32BB97A46, cid=1590, SUCCESS, logIndex=2283, commits[056ae293-26b5-4d67-bc5d-e905a6760a80:c2283, a428730f-9893-43cb-a585-e65a7e8859c8:c2279, 994b73f6-7725-4304-b3a4-4941318c1d6c:c2279]
2019-07-08 19:53:17,014 INFO  client.GrpcClientProtocolClient (GrpcClientProtocolClient.java:onNext(255)) - client-B2F93226DCBB->056ae293-26b5-4d67-bc5d-e905a6760a80: receive RaftClientReply:client-B2F93226DCBB->056ae293-26b5-4d67-bc5d-e905a6760a80@group-50E32BB97A46, cid=1591, SUCCESS, logIndex=0, commits[056ae293-26b5-4d67-bc5d-e905a6760a80:c2287, a428730f-9893-43cb-a585-e65a7e8859c8:c2283, 994b73f6-7725-4304-b3a4-4941318c1d6c:c2281]
2019-07-08 19:53:17,039 INFO  client.GrpcClientProtocolClient (GrpcClientProtocolClient.java:onNext(255)) - client-B2F93226DCBB->056ae293-26b5-4d67-bc5d-e905a6760a80: receive RaftClientReply:client-B2F93226DCBB->056ae293-26b5-4d67-bc5d-e905a6760a80@group-50E32BB97A46, cid=1592, SUCCESS, logIndex=2288, commits[056ae293-26b5-4d67-bc5d-e905a6760a80:c2289, a428730f-9893-43cb-a585-e65a7e8859c8:c2287, 994b73f6-7725-4304-b3a4-4941318c1d6c:c2287]
2019-07-08 19:53:17,039 INFO  client.GrpcClientProtocolClient (GrpcClientProtocolClient.java:onNext(255)) - client-B2F93226DCBB->056ae293-26b5-4d67-bc5d-e905a6760a80: receive RaftClientReply:client-B2F93226DCBB->056ae293-26b5-4d67-bc5d-e905a6760a80@group-50E32BB97A46, cid=1593, SUCCESS, logIndex=2289, commits[056ae293-26b5-4d67-bc5d-e905a6760a80:c2289, a428730f-9893-43cb-a585-e65a7e8859c8:c2287, 994b73f6-7725-4304-b3a4-4941318c1d6c:c2287]
2019-07-08 19:53:17,053 INFO  client.GrpcClientProtocolClient (GrpcClientProtocolClient.java:onNext(255)) - client-B2F93226DCBB->056ae293-26b5-4d67-bc5d-e905a6760a80: receive RaftClientReply:client-B2F93226DCBB->056ae293-26b5-4d67-bc5d-e905a6760a80@group-50E32BB97A46, cid=1594, SUCCESS, logIndex=2292, commits[056ae293-26b5-4d67-bc5d-e905a6760a80:c2293, a428730f-9893-43cb-a585-e65a7e8859c8:c2289, 994b73f6-7725-4304-b3a4-4941318c1d6c:c2289]
2019-07-08 19:53:17,053 INFO  client.GrpcClientProtocolClient (GrpcClientProtocolClient.java:onNext(255)) - client-B2F93226DCBB->056ae293-26b5-4d67-bc5d-e905a6760a80: receive RaftClientReply:client-B2F93226DCBB->056ae293-26b5-4d67-bc5d-e905a6760a80@group-50E32BB97A46, cid=1595, SUCCESS, logIndex=2293, commits[056ae293-26b5-4d67-bc5d-e905a6760a80:c2293, a428730f-9893-43cb-a585-e65a7e8859c8:c2289, 994b73f6-7725-4304-b3a4-4941318c1d6c:c2289]
2019-07-08 19:53:17,065 INFO  client.GrpcClientProtocolClient (GrpcClientProtocolClient.java:onNext(255)) - client-B2F93226DCBB->056ae293-26b5-4d67-bc5d-e905a6760a80: receive RaftClientReply:client-B2F93226DCBB->056ae293-26b5-4d67-bc5d-e905a6760a80@group-50E32BB97A46, cid=1596, SUCCESS, logIndex=0, commits[056ae293-26b5-4d67-bc5d-e905a6760a80:c2294, a428730f-9893-43cb-a585-e65a7e8859c8:c2293, 994b73f6-7725-4304-b3a4-4941318c1d6c:c2293]
2019-07-08 19:53:17,091 INFO  client.GrpcClientProtocolClient (GrpcClientProtocolClient.java:onNext(255)) - client-B2F93226DCBB->056ae293-26b5-4d67-bc5d-e905a6760a80: receive RaftClientReply:client-B2F93226DCBB->056ae293-26b5-4d67-bc5d-e905a6760a80@group-50E32BB97A46, cid=1597, SUCCESS, logIndex=2296, commits[056ae293-26b5-4d67-bc5d-e905a6760a80:c2298, a428730f-9893-43cb-a585-e65a7e8859c8:c2295, 994b73f6-7725-4304-b3a4-4941318c1d6c:c2295]
2019-07-08 19:53:17,092 INFO  client.GrpcClientProtocolClient (GrpcClientProtocolClient.java:onNext(255)) - client-B2F93226DCBB->056ae293-26b5-4d67-bc5d-e905a6760a80: receive RaftClientReply:client-B2F93226DCBB->056ae293-26b5-4d67-bc5d-e905a6760a80@group-50E32BB97A46, cid=1598, SUCCESS, logIndex=2297, commits[056ae293-26b5-4d67-bc5d-e905a6760a80:c2299, a428730f-9893-43cb-a585-e65a7e8859c8:c2295, 994b73f6-7725-4304-b3a4-4941318c1d6c:c2295]
2019-07-08 19:53:17,092 INFO  client.GrpcClientProtocolClient (GrpcClientProtocolClient.java:onNext(255)) - client-B2F93226DCBB->056ae293-26b5-4d67-bc5d-e905a6760a80: receive RaftClientReply:client-B2F93226DCBB->056ae293-26b5-4d67-bc5d-e905a6760a80@group-50E32BB97A46, cid=1599, SUCCESS, logIndex=2298, commits[056ae293-26b5-4d67-bc5d-e905a6760a80:c2299, a428730f-9893-43cb-a585-e65a7e8859c8:c2295, 994b73f6-7725-4304-b3a4-4941318c1d6c:c2295]
2019-07-08 19:53:17,092 INFO  client.GrpcClientProtocolClient (GrpcClientProtocolClient.java:onNext(255)) - client-B2F93226DCBB->056ae293-26b5-4d67-bc5d-e905a6760a80: receive RaftClientReply:client-B2F93226DCBB->056ae293-26b5-4d67-bc5d-e905a6760a80@group-50E32BB97A46, cid=1600, SUCCESS, logIndex=2299, commits[056ae293-26b5-4d67-bc5d-e905a6760a80:c2299, a428730f-9893-43cb-a585-e65a7e8859c8:c2295, 994b73f6-7725-4304-b3a4-4941318c1d6c:c2295]
2019-07-08 19:53:17,108 INFO  client.GrpcClientProtocolClient (GrpcClientProtocolClient.java:onNext(255)) - client-B2F93226DCBB->056ae293-26b5-4d67-bc5d-e905a6760a80: receive RaftClientReply:client-B2F93226DCBB->056ae293-26b5-4d67-bc5d-e905a6760a80@group-50E32BB97A46, cid=1601, SUCCESS, logIndex=0, commits[056ae293-26b5-4d67-bc5d-e905a6760a80:c2303, a428730f-9893-43cb-a585-e65a7e8859c8:c2297, 994b73f6-7725-4304-b3a4-4941318c1d6c:c2299]
2019-07-08 19:53:17,129 INFO  client.GrpcClientProtocolClient (GrpcClientProtocolClient.java:onNext(255)) - client-B2F93226DCBB->056ae293-26b5-4d67-bc5d-e905a6760a80: receive RaftClientReply:client-B2F93226DCBB->056ae293-26b5-4d67-bc5d-e905a6760a80@group-50E32BB97A46, cid=1602, SUCCESS, logIndex=2304, commits[056ae293-26b5-4d67-bc5d-e905a6760a80:c2305, a428730f-9893-43cb-a585-e65a7e8859c8:c2303, 994b73f6-7725-4304-b3a4-4941318c1d6c:c2303]
2019-07-08 19:53:17,129 INFO  client.GrpcClientProtocolClient (GrpcClientProtocolClient.java:onNext(255)) - client-B2F93226DCBB->056ae293-26b5-4d67-bc5d-e905a6760a80: receive RaftClientReply:client-B2F93226DCBB->056ae293-26b5-4d67-bc5d-e905a6760a80@group-50E32BB97A46, cid=1603, SUCCESS, logIndex=2305, commits[056ae293-26b5-4d67-bc5d-e905a6760a80:c2305, a428730f-9893-43cb-a585-e65a7e8859c8:c2303, 994b73f6-7725-4304-b3a4-4941318c1d6c:c2303]
2019-07-08 19:53:17,155 INFO  client.GrpcClientProtocolClient (GrpcClientProtocolClient.java:onNext(255)) - client-B2F93226DCBB->056ae293-26b5-4d67-bc5d-e905a6760a80: receive RaftClientReply:client-B2F93226DCBB->056ae293-26b5-4d67-bc5d-e905a6760a80@group-50E32BB97A46, cid=1604, SUCCESS, logIndex=2308, commits[056ae293-26b5-4d67-bc5d-e905a6760a80:c2309, a428730f-9893-43cb-a585-e65a7e8859c8:c2305, 994b73f6-7725-4304-b3a4-4941318c1d6c:c2305]
2019-07-08 19:53:17,155 INFO  client.GrpcClientProtocolClient (GrpcClientProtocolClient.java:onNext(255)) - client-B2F93226DCBB->056ae293-26b5-4d67-bc5d-e905a6760a80: receive RaftClientReply:client-B2F93226DCBB->056ae293-26b5-4d67-bc5d-e905a6760a80@group-50E32BB97A46, cid=1605, SUCCESS, logIndex=2309, commits[056ae293-26b5-4d67-bc5d-e905a6760a80:c2309, a428730f-9893-43cb-a585-e65a7e8859c8:c2305, 994b73f6-7725-4304-b3a4-4941318c1d6c:c2305]
2019-07-08 19:53:17,169 INFO  client.GrpcClientProtocolClient (GrpcClientProtocolClient.java:onNext(255)) - client-B2F93226DCBB->056ae293-26b5-4d67-bc5d-e905a6760a80: receive RaftClientReply:client-B2F93226DCBB->056ae293-26b5-4d67-bc5d-e905a6760a80@group-50E32BB97A46, cid=1606, SUCCESS, logIndex=0, commits[056ae293-26b5-4d67-bc5d-e905a6760a80:c2311, a428730f-9893-43cb-a585-e65a7e8859c8:c2309, 994b73f6-7725-4304-b3a4-4941318c1d6c:c2309]
2019-07-08 19:53:17,199 INFO  client.GrpcClientProtocolClient (GrpcClientProtocolClient.java:onNext(255)) - client-B2F93226DCBB->056ae293-26b5-4d67-bc5d-e905a6760a80: receive RaftClientReply:client-B2F93226DCBB->056ae293-26b5-4d67-bc5d-e905a6760a80@group-50E32BB97A46, cid=1607, SUCCESS, logIndex=2312, commits[056ae293-26b5-4d67-bc5d-e905a6760a80:c2313, a428730f-9893-43cb-a585-e65a7e8859c8:c2311, 994b73f6-7725-4304-b3a4-4941318c1d6c:c2311]
2019-07-08 19:53:17,201 INFO  client.GrpcClientProtocolClient (GrpcClientProtocolClient.java:onNext(255)) - client-B2F93226DCBB->056ae293-26b5-4d67-bc5d-e905a6760a80: receive RaftClientReply:client-B2F93226DCBB->056ae293-26b5-4d67-bc5d-e905a6760a80@group-50E32BB97A46, cid=1608, SUCCESS, logIndex=2313, commits[056ae293-26b5-4d67-bc5d-e905a6760a80:c2313, a428730f-9893-43cb-a585-e65a7e8859c8:c2311, 994b73f6-7725-4304-b3a4-4941318c1d6c:c2311]
2019-07-08 19:53:17,203 INFO  client.GrpcClientProtocolClient (GrpcClientProtocolClient.java:onNext(255)) - client-B2F93226DCBB->056ae293-26b5-4d67-bc5d-e905a6760a80: receive RaftClientReply:client-B2F93226DCBB->056ae293-26b5-4d67-bc5d-e905a6760a80@group-50E32BB97A46, cid=1609, SUCCESS, logIndex=2314, commits[056ae293-26b5-4d67-bc5d-e905a6760a80:c2315, a428730f-9893-43cb-a585-e65a7e8859c8:c2311, 994b73f6-7725-4304-b3a4-4941318c1d6c:c2311]
2019-07-08 19:53:17,204 INFO  client.GrpcClientProtocolClient (GrpcClientProtocolClient.java:onNext(255)) - client-B2F93226DCBB->056ae293-26b5-4d67-bc5d-e905a6760a80: receive RaftClientReply:client-B2F93226DCBB->056ae293-26b5-4d67-bc5d-e905a6760a80@group-50E32BB97A46, cid=1610, SUCCESS, logIndex=2315, commits[056ae293-26b5-4d67-bc5d-e905a6760a80:c2315, a428730f-9893-43cb-a585-e65a7e8859c8:c2311, 994b73f6-7725-4304-b3a4-4941318c1d6c:c2311]
2019-07-08 19:53:17,206 INFO  client.GrpcClientProtocolClient (GrpcClientProtocolClient.java:onNext(255)) - client-B2F93226DCBB->056ae293-26b5-4d67-bc5d-e905a6760a80: receive RaftClientReply:client-B2F93226DCBB->056ae293-26b5-4d67-bc5d-e905a6760a80@group-50E32BB97A46, cid=1611, SUCCESS, logIndex=0, commits[056ae293-26b5-4d67-bc5d-e905a6760a80:c2317, a428730f-9893-43cb-a585-e65a7e8859c8:c2313, 994b73f6-7725-4304-b3a4-4941318c1d6c:c2313]
2019-07-08 19:53:17,218 INFO  client.GrpcClientProtocolClient (GrpcClientProtocolClient.java:onNext(255)) - client-B2F93226DCBB->056ae293-26b5-4d67-bc5d-e905a6760a80: receive RaftClientReply:client-B2F93226DCBB->056ae293-26b5-4d67-bc5d-e905a6760a80@group-50E32BB97A46, cid=1612, SUCCESS, logIndex=2320, commits[056ae293-26b5-4d67-bc5d-e905a6760a80:c2321, a428730f-9893-43cb-a585-e65a7e8859c8:c2315, 994b73f6-7725-4304-b3a4-4941318c1d6c:c2319]
2019-07-08 19:53:17,218 INFO  client.GrpcClientProtocolClient (GrpcClientProtocolClient.java:onNext(255)) - client-B2F93226DCBB->056ae293-26b5-4d67-bc5d-e905a6760a80: receive RaftClientReply:client-B2F93226DCBB->056ae293-26b5-4d67-bc5d-e905a6760a80@group-50E32BB97A46, cid=1613, SUCCESS, logIndex=2321, commits[056ae293-26b5-4d67-bc5d-e905a6760a80:c2321, a428730f-9893-43cb-a585-e65a7e8859c8:c2315, 994b73f6-7725-4304-b3a4-4941318c1d6c:c2319]
2019-07-08 19:53:17,231 INFO  client.GrpcClientProtocolClient (GrpcClientProtocolClient.java:onNext(255)) - client-B2F93226DCBB->056ae293-26b5-4d67-bc5d-e905a6760a80: receive RaftClientReply:client-B2F93226DCBB->056ae293-26b5-4d67-bc5d-e905a6760a80@group-50E32BB97A46, cid=1614, SUCCESS, logIndex=2323, commits[056ae293-26b5-4d67-bc5d-e905a6760a80:c2324, a428730f-9893-43cb-a585-e65a7e8859c8:c2322, 994b73f6-7725-4304-b3a4-4941318c1d6c:c2321]
2019-07-08 19:53:17,231 INFO  client.GrpcClientProtocolClient (GrpcClientProtocolClient.java:onNext(255)) - client-B2F93226DCBB->056ae293-26b5-4d67-bc5d-e905a6760a80: receive RaftClientReply:client-B2F93226DCBB->056ae293-26b5-4d67-bc5d-e905a6760a80@group-50E32BB97A46, cid=1615, SUCCESS, logIndex=2324, commits[056ae293-26b5-4d67-bc5d-e905a6760a80:c2324, a428730f-9893-43cb-a585-e65a7e8859c8:c2322, 994b73f6-7725-4304-b3a4-4941318c1d6c:c2322]
2019-07-08 19:53:17,236 INFO  client.GrpcClientProtocolClient (GrpcClientProtocolClient.java:onNext(255)) - client-B2F93226DCBB->056ae293-26b5-4d67-bc5d-e905a6760a80: receive RaftClientReply:client-B2F93226DCBB->056ae293-26b5-4d67-bc5d-e905a6760a80@group-50E32BB97A46, cid=1616, SUCCESS, logIndex=0, commits[056ae293-26b5-4d67-bc5d-e905a6760a80:c2326, a428730f-9893-43cb-a585-e65a7e8859c8:c2324, 994b73f6-7725-4304-b3a4-4941318c1d6c:c2324]
2019-07-08 19:53:17,256 INFO  client.GrpcClientProtocolClient (GrpcClientProtocolClient.java:onNext(255)) - client-B2F93226DCBB->056ae293-26b5-4d67-bc5d-e905a6760a80: receive RaftClientReply:client-B2F93226DCBB->056ae293-26b5-4d67-bc5d-e905a6760a80@group-50E32BB97A46, cid=1617, SUCCESS, logIndex=2327, commits[056ae293-26b5-4d67-bc5d-e905a6760a80:c2328, a428730f-9893-43cb-a585-e65a7e8859c8:c2326, 994b73f6-7725-4304-b3a4-4941318c1d6c:c2324]
2019-07-08 19:53:17,256 INFO  client.GrpcClientProtocolClient (GrpcClientProtocolClient.java:onNext(255)) - client-B2F93226DCBB->056ae293-26b5-4d67-bc5d-e905a6760a80: receive RaftClientReply:client-B2F93226DCBB->056ae293-26b5-4d67-bc5d-e905a6760a80@group-50E32BB97A46, cid=1618, SUCCESS, logIndex=2328, commits[056ae293-26b5-4d67-bc5d-e905a6760a80:c2328, a428730f-9893-43cb-a585-e65a7e8859c8:c2326, 994b73f6-7725-4304-b3a4-4941318c1d6c:c2324]
2019-07-08 19:53:17,257 INFO  client.GrpcClientProtocolClient (GrpcClientProtocolClient.java:onNext(255)) - client-B2F93226DCBB->056ae293-26b5-4d67-bc5d-e905a6760a80: receive RaftClientReply:client-B2F93226DCBB->056ae293-26b5-4d67-bc5d-e905a6760a80@group-50E32BB97A46, cid=1619, SUCCESS, logIndex=2329, commits[056ae293-26b5-4d67-bc5d-e905a6760a80:c2330, a428730f-9893-43cb-a585-e65a7e8859c8:c2326, 994b73f6-7725-4304-b3a4-4941318c1d6c:c2326]
2019-07-08 19:53:17,257 INFO  client.GrpcClientProtocolClient (GrpcClientProtocolClient.java:onNext(255)) - client-B2F93226DCBB->056ae293-26b5-4d67-bc5d-e905a6760a80: receive RaftClientReply:client-B2F93226DCBB->056ae293-26b5-4d67-bc5d-e905a6760a80@group-50E32BB97A46, cid=1620, SUCCESS, logIndex=2330, commits[056ae293-26b5-4d67-bc5d-e905a6760a80:c2330, a428730f-9893-43cb-a585-e65a7e8859c8:c2326, 994b73f6-7725-4304-b3a4-4941318c1d6c:c2326]
2019-07-08 19:53:17,262 INFO  client.GrpcClientProtocolClient (GrpcClientProtocolClient.java:onNext(255)) - client-B2F93226DCBB->056ae293-26b5-4d67-bc5d-e905a6760a80: receive RaftClientReply:client-B2F93226DCBB->056ae293-26b5-4d67-bc5d-e905a6760a80@group-50E32BB97A46, cid=1621, SUCCESS, logIndex=0, commits[056ae293-26b5-4d67-bc5d-e905a6760a80:c2332, a428730f-9893-43cb-a585-e65a7e8859c8:c2328, 994b73f6-7725-4304-b3a4-4941318c1d6c:c2328]
2019-07-08 19:53:17,378 INFO  client.GrpcClientProtocolClient (GrpcClientProtocolClient.java:onNext(255)) - client-B2F93226DCBB->056ae293-26b5-4d67-bc5d-e905a6760a80: receive RaftClientReply:client-B2F93226DCBB->056ae293-26b5-4d67-bc5d-e905a6760a80@group-50E32BB97A46, cid=1622, SUCCESS, logIndex=2335, commits[056ae293-26b5-4d67-bc5d-e905a6760a80:c2336, a428730f-9893-43cb-a585-e65a7e8859c8:c2334, 994b73f6-7725-4304-b3a4-4941318c1d6c:c2334]
2019-07-08 19:53:17,378 INFO  client.GrpcClientProtocolClient (GrpcClientProtocolClient.java:onNext(255)) - client-B2F93226DCBB->056ae293-26b5-4d67-bc5d-e905a6760a80: receive RaftClientReply:client-B2F93226DCBB->056ae293-26b5-4d67-bc5d-e905a6760a80@group-50E32BB97A46, cid=1623, SUCCESS, logIndex=2336, commits[056ae293-26b5-4d67-bc5d-e905a6760a80:c2336, a428730f-9893-43cb-a585-e65a7e8859c8:c2334, 994b73f6-7725-4304-b3a4-4941318c1d6c:c2334]
2019-07-08 19:53:17,405 INFO  client.GrpcClientProtocolClient (GrpcClientProtocolClient.java:onNext(255)) - client-B2F93226DCBB->056ae293-26b5-4d67-bc5d-e905a6760a80: receive RaftClientReply:client-B2F93226DCBB->056ae293-26b5-4d67-bc5d-e905a6760a80@group-50E32BB97A46, cid=1624, SUCCESS, logIndex=2339, commits[056ae293-26b5-4d67-bc5d-e905a6760a80:c2340, a428730f-9893-43cb-a585-e65a7e8859c8:c2336, 994b73f6-7725-4304-b3a4-4941318c1d6c:c2336]
2019-07-08 19:53:17,406 INFO  client.GrpcClientProtocolClient (GrpcClientProtocolClient.java:onNext(255)) - client-B2F93226DCBB->056ae293-26b5-4d67-bc5d-e905a6760a80: receive RaftClientReply:client-B2F93226DCBB->056ae293-26b5-4d67-bc5d-e905a6760a80@group-50E32BB97A46, cid=1625, SUCCESS, logIndex=2340, commits[056ae293-26b5-4d67-bc5d-e905a6760a80:c2340, a428730f-9893-43cb-a585-e65a7e8859c8:c2336, 994b73f6-7725-4304-b3a4-4941318c1d6c:c2336]
2019-07-08 19:53:17,419 INFO  client.GrpcClientProtocolClient (GrpcClientProtocolClient.java:onNext(255)) - client-B2F93226DCBB->056ae293-26b5-4d67-bc5d-e905a6760a80: receive RaftClientReply:client-B2F93226DCBB->056ae293-26b5-4d67-bc5d-e905a6760a80@group-50E32BB97A46, cid=1626, SUCCESS, logIndex=0, commits[056ae293-26b5-4d67-bc5d-e905a6760a80:c2340, a428730f-9893-43cb-a585-e65a7e8859c8:c2340, 994b73f6-7725-4304-b3a4-4941318c1d6c:c2340]
2019-07-08 19:53:17,449 INFO  client.GrpcClientProtocolClient (GrpcClientProtocolClient.java:onNext(255)) - client-B2F93226DCBB->056ae293-26b5-4d67-bc5d-e905a6760a80: receive RaftClientReply:client-B2F93226DCBB->056ae293-26b5-4d67-bc5d-e905a6760a80@group-50E32BB97A46, cid=1627, SUCCESS, logIndex=2343, commits[056ae293-26b5-4d67-bc5d-e905a6760a80:c2344, a428730f-9893-43cb-a585-e65a7e8859c8:c2342, 994b73f6-7725-4304-b3a4-4941318c1d6c:c2342]
2019-07-08 19:53:17,450 INFO  client.GrpcClientProtocolClient (GrpcClientProtocolClient.java:onNext(255)) - client-B2F93226DCBB->056ae293-26b5-4d67-bc5d-e905a6760a80: receive RaftClientReply:client-B2F93226DCBB->056ae293-26b5-4d67-bc5d-e905a6760a80@group-50E32BB97A46, cid=1628, SUCCESS, logIndex=2344, commits[056ae293-26b5-4d67-bc5d-e905a6760a80:c2344, a428730f-9893-43cb-a585-e65a7e8859c8:c2342, 994b73f6-7725-4304-b3a4-4941318c1d6c:c2342]
2019-07-08 19:53:17,462 INFO  client.GrpcClientProtocolClient (GrpcClientProtocolClient.java:onNext(255)) - client-B2F93226DCBB->056ae293-26b5-4d67-bc5d-e905a6760a80: receive RaftClientReply:client-B2F93226DCBB->056ae293-26b5-4d67-bc5d-e905a6760a80@group-50E32BB97A46, cid=1629, SUCCESS, logIndex=2345, commits[056ae293-26b5-4d67-bc5d-e905a6760a80:c2346, a428730f-9893-43cb-a585-e65a7e8859c8:c2342, 994b73f6-7725-4304-b3a4-4941318c1d6c:c2342]
2019-07-08 19:53:17,462 INFO  client.GrpcClientProtocolClient (GrpcClientProtocolClient.java:onNext(255)) - client-B2F93226DCBB->056ae293-26b5-4d67-bc5d-e905a6760a80: receive RaftClientReply:client-B2F93226DCBB->056ae293-26b5-4d67-bc5d-e905a6760a80@group-50E32BB97A46, cid=1630, SUCCESS, logIndex=2346, commits[056ae293-26b5-4d67-bc5d-e905a6760a80:c2346, a428730f-9893-43cb-a585-e65a7e8859c8:c2342, 994b73f6-7725-4304-b3a4-4941318c1d6c:c2342]
2019-07-08 19:53:17,481 INFO  client.GrpcClientProtocolClient (GrpcClientProtocolClient.java:onNext(255)) - client-B2F93226DCBB->056ae293-26b5-4d67-bc5d-e905a6760a80: receive RaftClientReply:client-B2F93226DCBB->056ae293-26b5-4d67-bc5d-e905a6760a80@group-50E32BB97A46, cid=1631, SUCCESS, logIndex=0, commits[056ae293-26b5-4d67-bc5d-e905a6760a80:c2348, a428730f-9893-43cb-a585-e65a7e8859c8:c2344, 994b73f6-7725-4304-b3a4-4941318c1d6c:c2344]
2019-07-08 19:53:17,497 INFO  client.GrpcClientProtocolClient (GrpcClientProtocolClient.java:onNext(255)) - client-B2F93226DCBB->056ae293-26b5-4d67-bc5d-e905a6760a80: receive RaftClientReply:client-B2F93226DCBB->056ae293-26b5-4d67-bc5d-e905a6760a80@group-50E32BB97A46, cid=1632, SUCCESS, logIndex=2351, commits[056ae293-26b5-4d67-bc5d-e905a6760a80:c2352, a428730f-9893-43cb-a585-e65a7e8859c8:c2346, 994b73f6-7725-4304-b3a4-4941318c1d6c:c2350]
2019-07-08 19:53:17,497 INFO  client.GrpcClientProtocolClient (GrpcClientProtocolClient.java:onNext(255)) - client-B2F93226DCBB->056ae293-26b5-4d67-bc5d-e905a6760a80: receive RaftClientReply:client-B2F93226DCBB->056ae293-26b5-4d67-bc5d-e905a6760a80@group-50E32BB97A46, cid=1633, SUCCESS, logIndex=2352, commits[056ae293-26b5-4d67-bc5d-e905a6760a80:c2352, a428730f-9893-43cb-a585-e65a7e8859c8:c2346, 994b73f6-7725-4304-b3a4-4941318c1d6c:c2350]
2019-07-08 19:53:17,510 INFO  client.GrpcClientProtocolClient (GrpcClientProtocolClient.java:onNext(255)) - client-B2F93226DCBB->056ae293-26b5-4d67-bc5d-e905a6760a80: receive RaftClientReply:client-B2F93226DCBB->056ae293-26b5-4d67-bc5d-e905a6760a80@group-50E32BB97A46, cid=1634, SUCCESS, logIndex=2355, commits[056ae293-26b5-4d67-bc5d-e905a6760a80:c2356, a428730f-9893-43cb-a585-e65a7e8859c8:c2354, 994b73f6-7725-4304-b3a4-4941318c1d6c:c2354]
2019-07-08 19:53:17,511 INFO  client.GrpcClientProtocolClient (GrpcClientProtocolClient.java:onNext(255)) - client-B2F93226DCBB->056ae293-26b5-4d67-bc5d-e905a6760a80: receive RaftClientReply:client-B2F93226DCBB->056ae293-26b5-4d67-bc5d-e905a6760a80@group-50E32BB97A46, cid=1635, SUCCESS, logIndex=2356, commits[056ae293-26b5-4d67-bc5d-e905a6760a80:c2356, a428730f-9893-43cb-a585-e65a7e8859c8:c2354, 994b73f6-7725-4304-b3a4-4941318c1d6c:c2354]
2019-07-08 19:53:17,513 INFO  client.GrpcClientProtocolClient (GrpcClientProtocolClient.java:onNext(255)) - client-B2F93226DCBB->056ae293-26b5-4d67-bc5d-e905a6760a80: receive RaftClientReply:client-B2F93226DCBB->056ae293-26b5-4d67-bc5d-e905a6760a80@group-50E32BB97A46, cid=1636, SUCCESS, logIndex=0, commits[056ae293-26b5-4d67-bc5d-e905a6760a80:c2357, a428730f-9893-43cb-a585-e65a7e8859c8:c2356, 994b73f6-7725-4304-b3a4-4941318c1d6c:c2356]
2019-07-08 19:53:17,540 INFO  client.GrpcClientProtocolClient (GrpcClientProtocolClient.java:onNext(255)) - client-B2F93226DCBB->056ae293-26b5-4d67-bc5d-e905a6760a80: receive RaftClientReply:client-B2F93226DCBB->056ae293-26b5-4d67-bc5d-e905a6760a80@group-50E32BB97A46, cid=1637, SUCCESS, logIndex=2359, commits[056ae293-26b5-4d67-bc5d-e905a6760a80:c2360, a428730f-9893-43cb-a585-e65a7e8859c8:c2358, 994b73f6-7725-4304-b3a4-4941318c1d6c:c2358]
2019-07-08 19:53:17,540 INFO  client.GrpcClientProtocolClient (GrpcClientProtocolClient.java:onNext(255)) - client-B2F93226DCBB->056ae293-26b5-4d67-bc5d-e905a6760a80: receive RaftClientReply:client-B2F93226DCBB->056ae293-26b5-4d67-bc5d-e905a6760a80@group-50E32BB97A46, cid=1638, SUCCESS, logIndex=2360, commits[056ae293-26b5-4d67-bc5d-e905a6760a80:c2362, a428730f-9893-43cb-a585-e65a7e8859c8:c2358, 994b73f6-7725-4304-b3a4-4941318c1d6c:c2358]
2019-07-08 19:53:17,541 INFO  client.GrpcClientProtocolClient (GrpcClientProtocolClient.java:onNext(255)) - client-B2F93226DCBB->056ae293-26b5-4d67-bc5d-e905a6760a80: receive RaftClientReply:client-B2F93226DCBB->056ae293-26b5-4d67-bc5d-e905a6760a80@group-50E32BB97A46, cid=1639, SUCCESS, logIndex=2361, commits[056ae293-26b5-4d67-bc5d-e905a6760a80:c2362, a428730f-9893-43cb-a585-e65a7e8859c8:c2358, 994b73f6-7725-4304-b3a4-4941318c1d6c:c2358]
2019-07-08 19:53:17,541 INFO  client.GrpcClientProtocolClient (GrpcClientProtocolClient.java:onNext(255)) - client-B2F93226DCBB->056ae293-26b5-4d67-bc5d-e905a6760a80: receive RaftClientReply:client-B2F93226DCBB->056ae293-26b5-4d67-bc5d-e905a6760a80@group-50E32BB97A46, cid=1640, SUCCESS, logIndex=2362, commits[056ae293-26b5-4d67-bc5d-e905a6760a80:c2363, a428730f-9893-43cb-a585-e65a7e8859c8:c2359, 994b73f6-7725-4304-b3a4-4941318c1d6c:c2358]
2019-07-08 19:53:17,554 INFO  client.GrpcClientProtocolClient (GrpcClientProtocolClient.java:onNext(255)) - client-B2F93226DCBB->056ae293-26b5-4d67-bc5d-e905a6760a80: receive RaftClientReply:client-B2F93226DCBB->056ae293-26b5-4d67-bc5d-e905a6760a80@group-50E32BB97A46, cid=1641, SUCCESS, logIndex=0, commits[056ae293-26b5-4d67-bc5d-e905a6760a80:c2364, a428730f-9893-43cb-a585-e65a7e8859c8:c2360, 994b73f6-7725-4304-b3a4-4941318c1d6c:c2360]
2019-07-08 19:53:17,578 INFO  client.GrpcClientProtocolClient (GrpcClientProtocolClient.java:onNext(255)) - client-B2F93226DCBB->056ae293-26b5-4d67-bc5d-e905a6760a80: receive RaftClientReply:client-B2F93226DCBB->056ae293-26b5-4d67-bc5d-e905a6760a80@group-50E32BB97A46, cid=1642, SUCCESS, logIndex=2367, commits[056ae293-26b5-4d67-bc5d-e905a6760a80:c2368, a428730f-9893-43cb-a585-e65a7e8859c8:c2366, 994b73f6-7725-4304-b3a4-4941318c1d6c:c2366]
2019-07-08 19:53:17,579 INFO  client.GrpcClientProtocolClient (GrpcClientProtocolClient.java:onNext(255)) - client-B2F93226DCBB->056ae293-26b5-4d67-bc5d-e905a6760a80: receive RaftClientReply:client-B2F93226DCBB->056ae293-26b5-4d67-bc5d-e905a6760a80@group-50E32BB97A46, cid=1643, SUCCESS, logIndex=2368, commits[056ae293-26b5-4d67-bc5d-e905a6760a80:c2368, a428730f-9893-43cb-a585-e65a7e8859c8:c2366, 994b73f6-7725-4304-b3a4-4941318c1d6c:c2366]
2019-07-08 19:53:17,602 INFO  client.GrpcClientProtocolClient (GrpcClientProtocolClient.java:onNext(255)) - client-B2F93226DCBB->056ae293-26b5-4d67-bc5d-e905a6760a80: receive RaftClientReply:client-B2F93226DCBB->056ae293-26b5-4d67-bc5d-e905a6760a80@group-50E32BB97A46, cid=1644, SUCCESS, logIndex=2371, commits[056ae293-26b5-4d67-bc5d-e905a6760a80:c2372, a428730f-9893-43cb-a585-e65a7e8859c8:c2368, 994b73f6-7725-4304-b3a4-4941318c1d6c:c2368]
2019-07-08 19:53:17,603 INFO  client.GrpcClientProtocolClient (GrpcClientProtocolClient.java:onNext(255)) - client-B2F93226DCBB->056ae293-26b5-4d67-bc5d-e905a6760a80: receive RaftClientReply:client-B2F93226DCBB->056ae293-26b5-4d67-bc5d-e905a6760a80@group-50E32BB97A46, cid=1645, SUCCESS, logIndex=2372, commits[056ae293-26b5-4d67-bc5d-e905a6760a80:c2372, a428730f-9893-43cb-a585-e65a7e8859c8:c2368, 994b73f6-7725-4304-b3a4-4941318c1d6c:c2368]
2019-07-08 19:53:17,627 INFO  client.GrpcClientProtocolClient (GrpcClientProtocolClient.java:onNext(255)) - client-B2F93226DCBB->056ae293-26b5-4d67-bc5d-e905a6760a80: receive RaftClientReply:client-B2F93226DCBB->056ae293-26b5-4d67-bc5d-e905a6760a80@group-50E32BB97A46, cid=1646, SUCCESS, logIndex=0, commits[056ae293-26b5-4d67-bc5d-e905a6760a80:c2374, a428730f-9893-43cb-a585-e65a7e8859c8:c2372, 994b73f6-7725-4304-b3a4-4941318c1d6c:c2372]
2019-07-08 19:53:17,658 INFO  client.GrpcClientProtocolClient (GrpcClientProtocolClient.java:onNext(255)) - client-B2F93226DCBB->056ae293-26b5-4d67-bc5d-e905a6760a80: receive RaftClientReply:client-B2F93226DCBB->056ae293-26b5-4d67-bc5d-e905a6760a80@group-50E32BB97A46, cid=1647, SUCCESS, logIndex=2375, commits[056ae293-26b5-4d67-bc5d-e905a6760a80:c2376, a428730f-9893-43cb-a585-e65a7e8859c8:c2374, 994b73f6-7725-4304-b3a4-4941318c1d6c:c2374]
2019-07-08 19:53:17,659 INFO  client.GrpcClientProtocolClient (GrpcClientProtocolClient.java:onNext(255)) - client-B2F93226DCBB->056ae293-26b5-4d67-bc5d-e905a6760a80: receive RaftClientReply:client-B2F93226DCBB->056ae293-26b5-4d67-bc5d-e905a6760a80@group-50E32BB97A46, cid=1648, SUCCESS, logIndex=2376, commits[056ae293-26b5-4d67-bc5d-e905a6760a80:c2376, a428730f-9893-43cb-a585-e65a7e8859c8:c2374, 994b73f6-7725-4304-b3a4-4941318c1d6c:c2374]
2019-07-08 19:53:17,668 INFO  client.GrpcClientProtocolClient (GrpcClientProtocolClient.java:onNext(255)) - client-B2F93226DCBB->056ae293-26b5-4d67-bc5d-e905a6760a80: receive RaftClientReply:client-B2F93226DCBB->056ae293-26b5-4d67-bc5d-e905a6760a80@group-50E32BB97A46, cid=1649, SUCCESS, logIndex=2377, commits[056ae293-26b5-4d67-bc5d-e905a6760a80:c2378, a428730f-9893-43cb-a585-e65a7e8859c8:c2374, 994b73f6-7725-4304-b3a4-4941318c1d6c:c2374]
2019-07-08 19:53:17,669 INFO  client.GrpcClientProtocolClient (GrpcClientProtocolClient.java:onNext(255)) - client-B2F93226DCBB->056ae293-26b5-4d67-bc5d-e905a6760a80: receive RaftClientReply:client-B2F93226DCBB->056ae293-26b5-4d67-bc5d-e905a6760a80@group-50E32BB97A46, cid=1650, SUCCESS, logIndex=2378, commits[056ae293-26b5-4d67-bc5d-e905a6760a80:c2378, a428730f-9893-43cb-a585-e65a7e8859c8:c2374, 994b73f6-7725-4304-b3a4-4941318c1d6c:c2374]
2019-07-08 19:53:17,684 INFO  client.GrpcClientProtocolClient (GrpcClientProtocolClient.java:onNext(255)) - client-B2F93226DCBB->056ae293-26b5-4d67-bc5d-e905a6760a80: receive RaftClientReply:client-B2F93226DCBB->056ae293-26b5-4d67-bc5d-e905a6760a80@group-50E32BB97A46, cid=1651, SUCCESS, logIndex=0, commits[056ae293-26b5-4d67-bc5d-e905a6760a80:c2380, a428730f-9893-43cb-a585-e65a7e8859c8:c2376, 994b73f6-7725-4304-b3a4-4941318c1d6c:c2376]
2019-07-08 19:53:17,696 INFO  client.GrpcClientProtocolClient (GrpcClientProtocolClient.java:onNext(255)) - client-B2F93226DCBB->056ae293-26b5-4d67-bc5d-e905a6760a80: receive RaftClientReply:client-B2F93226DCBB->056ae293-26b5-4d67-bc5d-e905a6760a80@group-50E32BB97A46, cid=1652, SUCCESS, logIndex=2382, commits[056ae293-26b5-4d67-bc5d-e905a6760a80:c2383, a428730f-9893-43cb-a585-e65a7e8859c8:c2378, 994b73f6-7725-4304-b3a4-4941318c1d6c:c2381]
2019-07-08 19:53:17,696 INFO  client.GrpcClientProtocolClient (GrpcClientProtocolClient.java:onNext(255)) - client-B2F93226DCBB->056ae293-26b5-4d67-bc5d-e905a6760a80: receive RaftClientReply:client-B2F93226DCBB->056ae293-26b5-4d67-bc5d-e905a6760a80@group-50E32BB97A46, cid=1653, SUCCESS, logIndex=2383, commits[056ae293-26b5-4d67-bc5d-e905a6760a80:c2383, a428730f-9893-43cb-a585-e65a7e8859c8:c2378, 994b73f6-7725-4304-b3a4-4941318c1d6c:c2381]
2019-07-08 19:53:17,709 INFO  client.GrpcClientProtocolClient (GrpcClientProtocolClient.java:onNext(255)) - client-B2F93226DCBB->056ae293-26b5-4d67-bc5d-e905a6760a80: receive RaftClientReply:client-B2F93226DCBB->056ae293-26b5-4d67-bc5d-e905a6760a80@group-50E32BB97A46, cid=1654, SUCCESS, logIndex=2386, commits[056ae293-26b5-4d67-bc5d-e905a6760a80:c2387, a428730f-9893-43cb-a585-e65a7e8859c8:c2383, 994b73f6-7725-4304-b3a4-4941318c1d6c:c2385]
2019-07-08 19:53:17,709 INFO  client.GrpcClientProtocolClient (GrpcClientProtocolClient.java:onNext(255)) - client-B2F93226DCBB->056ae293-26b5-4d67-bc5d-e905a6760a80: receive RaftClientReply:client-B2F93226DCBB->056ae293-26b5-4d67-bc5d-e905a6760a80@group-50E32BB97A46, cid=1655, SUCCESS, logIndex=2387, commits[056ae293-26b5-4d67-bc5d-e905a6760a80:c2387, a428730f-9893-43cb-a585-e65a7e8859c8:c2383, 994b73f6-7725-4304-b3a4-4941318c1d6c:c2385]
2019-07-08 19:53:17,714 INFO  client.GrpcClientProtocolClient (GrpcClientProtocolClient.java:onNext(255)) - client-B2F93226DCBB->056ae293-26b5-4d67-bc5d-e905a6760a80: receive RaftClientReply:client-B2F93226DCBB->056ae293-26b5-4d67-bc5d-e905a6760a80@group-50E32BB97A46, cid=1656, SUCCESS, logIndex=0, commits[056ae293-26b5-4d67-bc5d-e905a6760a80:c2388, a428730f-9893-43cb-a585-e65a7e8859c8:c2387, 994b73f6-7725-4304-b3a4-4941318c1d6c:c2387]
2019-07-08 19:53:17,737 INFO  client.GrpcClientProtocolClient (GrpcClientProtocolClient.java:onNext(255)) - client-B2F93226DCBB->056ae293-26b5-4d67-bc5d-e905a6760a80: receive RaftClientReply:client-B2F93226DCBB->056ae293-26b5-4d67-bc5d-e905a6760a80@group-50E32BB97A46, cid=1657, SUCCESS, logIndex=2390, commits[056ae293-26b5-4d67-bc5d-e905a6760a80:c2391, a428730f-9893-43cb-a585-e65a7e8859c8:c2389, 994b73f6-7725-4304-b3a4-4941318c1d6c:c2389]
2019-07-08 19:53:17,738 INFO  client.GrpcClientProtocolClient (GrpcClientProtocolClient.java:onNext(255)) - client-B2F93226DCBB->056ae293-26b5-4d67-bc5d-e905a6760a80: receive RaftClientReply:client-B2F93226DCBB->056ae293-26b5-4d67-bc5d-e905a6760a80@group-50E32BB97A46, cid=1658, SUCCESS, logIndex=2391, commits[056ae293-26b5-4d67-bc5d-e905a6760a80:c2393, a428730f-9893-43cb-a585-e65a7e8859c8:c2389, 994b73f6-7725-4304-b3a4-4941318c1d6c:c2389]
2019-07-08 19:53:17,739 INFO  client.GrpcClientProtocolClient (GrpcClientProtocolClient.java:onNext(255)) - client-B2F93226DCBB->056ae293-26b5-4d67-bc5d-e905a6760a80: receive RaftClientReply:client-B2F93226DCBB->056ae293-26b5-4d67-bc5d-e905a6760a80@group-50E32BB97A46, cid=1659, SUCCESS, logIndex=2392, commits[056ae293-26b5-4d67-bc5d-e905a6760a80:c2393, a428730f-9893-43cb-a585-e65a7e8859c8:c2389, 994b73f6-7725-4304-b3a4-4941318c1d6c:c2389]
2019-07-08 19:53:17,739 INFO  client.GrpcClientProtocolClient (GrpcClientProtocolClient.java:onNext(255)) - client-B2F93226DCBB->056ae293-26b5-4d67-bc5d-e905a6760a80: receive RaftClientReply:client-B2F93226DCBB->056ae293-26b5-4d67-bc5d-e905a6760a80@group-50E32BB97A46, cid=1660, SUCCESS, logIndex=2393, commits[056ae293-26b5-4d67-bc5d-e905a6760a80:c2393, a428730f-9893-43cb-a585-e65a7e8859c8:c2389, 994b73f6-7725-4304-b3a4-4941318c1d6c:c2389]
2019-07-08 19:53:17,740 INFO  client.GrpcClientProtocolClient (GrpcClientProtocolClient.java:onNext(255)) - client-B2F93226DCBB->056ae293-26b5-4d67-bc5d-e905a6760a80: receive RaftClientReply:client-B2F93226DCBB->056ae293-26b5-4d67-bc5d-e905a6760a80@group-50E32BB97A46, cid=1661, SUCCESS, logIndex=0, commits[056ae293-26b5-4d67-bc5d-e905a6760a80:c2395, a428730f-9893-43cb-a585-e65a7e8859c8:c2393, 994b73f6-7725-4304-b3a4-4941318c1d6c:c2391]
2019-07-08 19:53:17,760 INFO  client.GrpcClientProtocolClient (GrpcClientProtocolClient.java:onNext(255)) - client-B2F93226DCBB->056ae293-26b5-4d67-bc5d-e905a6760a80: receive RaftClientReply:client-B2F93226DCBB->056ae293-26b5-4d67-bc5d-e905a6760a80@group-50E32BB97A46, cid=1662, SUCCESS, logIndex=2397, commits[056ae293-26b5-4d67-bc5d-e905a6760a80:c2398, a428730f-9893-43cb-a585-e65a7e8859c8:c2396, 994b73f6-7725-4304-b3a4-4941318c1d6c:c2396]
2019-07-08 19:53:17,760 INFO  client.GrpcClientProtocolClient (GrpcClientProtocolClient.java:onNext(255)) - client-B2F93226DCBB->056ae293-26b5-4d67-bc5d-e905a6760a80: receive RaftClientReply:client-B2F93226DCBB->056ae293-26b5-4d67-bc5d-e905a6760a80@group-50E32BB97A46, cid=1663, SUCCESS, logIndex=2398, commits[056ae293-26b5-4d67-bc5d-e905a6760a80:c2398, a428730f-9893-43cb-a585-e65a7e8859c8:c2396, 994b73f6-7725-4304-b3a4-4941318c1d6c:c2396]
2019-07-08 19:53:17,801 INFO  client.GrpcClientProtocolClient (GrpcClientProtocolClient.java:onNext(255)) - client-B2F93226DCBB->056ae293-26b5-4d67-bc5d-e905a6760a80: receive RaftClientReply:client-B2F93226DCBB->056ae293-26b5-4d67-bc5d-e905a6760a80@group-50E32BB97A46, cid=1664, SUCCESS, logIndex=2401, commits[056ae293-26b5-4d67-bc5d-e905a6760a80:c2402, a428730f-9893-43cb-a585-e65a7e8859c8:c2399, 994b73f6-7725-4304-b3a4-4941318c1d6c:c2399]
2019-07-08 19:53:17,801 INFO  client.GrpcClientProtocolClient (GrpcClientProtocolClient.java:onNext(255)) - client-B2F93226DCBB->056ae293-26b5-4d67-bc5d-e905a6760a80: receive RaftClientReply:client-B2F93226DCBB->056ae293-26b5-4d67-bc5d-e905a6760a80@group-50E32BB97A46, cid=1665, SUCCESS, logIndex=2402, commits[056ae293-26b5-4d67-bc5d-e905a6760a80:c2402, a428730f-9893-43cb-a585-e65a7e8859c8:c2399, 994b73f6-7725-4304-b3a4-4941318c1d6c:c2399]
2019-07-08 19:53:17,813 INFO  client.GrpcClientProtocolClient (GrpcClientProtocolClient.java:onNext(255)) - client-B2F93226DCBB->056ae293-26b5-4d67-bc5d-e905a6760a80: receive RaftClientReply:client-B2F93226DCBB->056ae293-26b5-4d67-bc5d-e905a6760a80@group-50E32BB97A46, cid=1666, SUCCESS, logIndex=0, commits[056ae293-26b5-4d67-bc5d-e905a6760a80:c2402, a428730f-9893-43cb-a585-e65a7e8859c8:c2402, 994b73f6-7725-4304-b3a4-4941318c1d6c:c2402]
2019-07-08 19:53:17,849 INFO  client.GrpcClientProtocolClient (GrpcClientProtocolClient.java:onNext(255)) - client-B2F93226DCBB->056ae293-26b5-4d67-bc5d-e905a6760a80: receive RaftClientReply:client-B2F93226DCBB->056ae293-26b5-4d67-bc5d-e905a6760a80@group-50E32BB97A46, cid=1667, SUCCESS, logIndex=2405, commits[056ae293-26b5-4d67-bc5d-e905a6760a80:c2407, a428730f-9893-43cb-a585-e65a7e8859c8:c2404, 994b73f6-7725-4304-b3a4-4941318c1d6c:c2404]
2019-07-08 19:53:17,849 INFO  client.GrpcClientProtocolClient (GrpcClientProtocolClient.java:onNext(255)) - client-B2F93226DCBB->056ae293-26b5-4d67-bc5d-e905a6760a80: receive RaftClientReply:client-B2F93226DCBB->056ae293-26b5-4d67-bc5d-e905a6760a80@group-50E32BB97A46, cid=1668, SUCCESS, logIndex=2406, commits[056ae293-26b5-4d67-bc5d-e905a6760a80:c2408, a428730f-9893-43cb-a585-e65a7e8859c8:c2404, 994b73f6-7725-4304-b3a4-4941318c1d6c:c2404]
2019-07-08 19:53:17,850 INFO  client.GrpcClientProtocolClient (GrpcClientProtocolClient.java:onNext(255)) - client-B2F93226DCBB->056ae293-26b5-4d67-bc5d-e905a6760a80: receive RaftClientReply:client-B2F93226DCBB->056ae293-26b5-4d67-bc5d-e905a6760a80@group-50E32BB97A46, cid=1669, SUCCESS, logIndex=2407, commits[056ae293-26b5-4d67-bc5d-e905a6760a80:c2408, a428730f-9893-43cb-a585-e65a7e8859c8:c2404, 994b73f6-7725-4304-b3a4-4941318c1d6c:c2404]
2019-07-08 19:53:17,850 INFO  client.GrpcClientProtocolClient (GrpcClientProtocolClient.java:onNext(255)) - client-B2F93226DCBB->056ae293-26b5-4d67-bc5d-e905a6760a80: receive RaftClientReply:client-B2F93226DCBB->056ae293-26b5-4d67-bc5d-e905a6760a80@group-50E32BB97A46, cid=1670, SUCCESS, logIndex=2408, commits[056ae293-26b5-4d67-bc5d-e905a6760a80:c2408, a428730f-9893-43cb-a585-e65a7e8859c8:c2404, 994b73f6-7725-4304-b3a4-4941318c1d6c:c2404]
2019-07-08 19:53:17,862 INFO  client.GrpcClientProtocolClient (GrpcClientProtocolClient.java:onNext(255)) - client-B2F93226DCBB->056ae293-26b5-4d67-bc5d-e905a6760a80: receive RaftClientReply:client-B2F93226DCBB->056ae293-26b5-4d67-bc5d-e905a6760a80@group-50E32BB97A46, cid=1671, SUCCESS, logIndex=0, commits[056ae293-26b5-4d67-bc5d-e905a6760a80:c2409, a428730f-9893-43cb-a585-e65a7e8859c8:c2406, 994b73f6-7725-4304-b3a4-4941318c1d6c:c2406]
2019-07-08 19:53:17,888 INFO  client.GrpcClientProtocolClient (GrpcClientProtocolClient.java:onNext(255)) - client-B2F93226DCBB->056ae293-26b5-4d67-bc5d-e905a6760a80: receive RaftClientReply:client-B2F93226DCBB->056ae293-26b5-4d67-bc5d-e905a6760a80@group-50E32BB97A46, cid=1672, SUCCESS, logIndex=2413, commits[056ae293-26b5-4d67-bc5d-e905a6760a80:c2414, a428730f-9893-43cb-a585-e65a7e8859c8:c2409, 994b73f6-7725-4304-b3a4-4941318c1d6c:c2409]
2019-07-08 19:53:17,888 INFO  client.GrpcClientProtocolClient (GrpcClientProtocolClient.java:onNext(255)) - client-B2F93226DCBB->056ae293-26b5-4d67-bc5d-e905a6760a80: receive RaftClientReply:client-B2F93226DCBB->056ae293-26b5-4d67-bc5d-e905a6760a80@group-50E32BB97A46, cid=1673, SUCCESS, logIndex=2414, commits[056ae293-26b5-4d67-bc5d-e905a6760a80:c2414, a428730f-9893-43cb-a585-e65a7e8859c8:c2409, 994b73f6-7725-4304-b3a4-4941318c1d6c:c2409]
2019-07-08 19:53:17,915 INFO  client.GrpcClientProtocolClient (GrpcClientProtocolClient.java:onNext(255)) - client-B2F93226DCBB->056ae293-26b5-4d67-bc5d-e905a6760a80: receive RaftClientReply:client-B2F93226DCBB->056ae293-26b5-4d67-bc5d-e905a6760a80@group-50E32BB97A46, cid=1674, SUCCESS, logIndex=2417, commits[056ae293-26b5-4d67-bc5d-e905a6760a80:c2418, a428730f-9893-43cb-a585-e65a7e8859c8:c2414, 994b73f6-7725-4304-b3a4-4941318c1d6c:c2414]
2019-07-08 19:53:17,915 INFO  client.GrpcClientProtocolClient (GrpcClientProtocolClient.java:onNext(255)) - client-B2F93226DCBB->056ae293-26b5-4d67-bc5d-e905a6760a80: receive RaftClientReply:client-B2F93226DCBB->056ae293-26b5-4d67-bc5d-e905a6760a80@group-50E32BB97A46, cid=1675, SUCCESS, logIndex=2418, commits[056ae293-26b5-4d67-bc5d-e905a6760a80:c2418, a428730f-9893-43cb-a585-e65a7e8859c8:c2414, 994b73f6-7725-4304-b3a4-4941318c1d6c:c2414]
2019-07-08 19:53:17,928 INFO  client.GrpcClientProtocolClient (GrpcClientProtocolClient.java:onNext(255)) - client-B2F93226DCBB->056ae293-26b5-4d67-bc5d-e905a6760a80: receive RaftClientReply:client-B2F93226DCBB->056ae293-26b5-4d67-bc5d-e905a6760a80@group-50E32BB97A46, cid=1676, SUCCESS, logIndex=0, commits[056ae293-26b5-4d67-bc5d-e905a6760a80:c2419, a428730f-9893-43cb-a585-e65a7e8859c8:c2418, 994b73f6-7725-4304-b3a4-4941318c1d6c:c2418]
2019-07-08 19:53:17,951 INFO  client.GrpcClientProtocolClient (GrpcClientProtocolClient.java:onNext(255)) - client-B2F93226DCBB->056ae293-26b5-4d67-bc5d-e905a6760a80: receive RaftClientReply:client-B2F93226DCBB->056ae293-26b5-4d67-bc5d-e905a6760a80@group-50E32BB97A46, cid=1677, SUCCESS, logIndex=2421, commits[056ae293-26b5-4d67-bc5d-e905a6760a80:c2422, a428730f-9893-43cb-a585-e65a7e8859c8:c2420, 994b73f6-7725-4304-b3a4-4941318c1d6c:c2418]
2019-07-08 19:53:17,952 INFO  client.GrpcClientProtocolClient (GrpcClientProtocolClient.java:onNext(255)) - client-B2F93226DCBB->056ae293-26b5-4d67-bc5d-e905a6760a80: receive RaftClientReply:client-B2F93226DCBB->056ae293-26b5-4d67-bc5d-e905a6760a80@group-50E32BB97A46, cid=1678, SUCCESS, logIndex=2422, commits[056ae293-26b5-4d67-bc5d-e905a6760a80:c2422, a428730f-9893-43cb-a585-e65a7e8859c8:c2420, 994b73f6-7725-4304-b3a4-4941318c1d6c:c2418]
2019-07-08 19:53:17,953 INFO  client.GrpcClientProtocolClient (GrpcClientProtocolClient.java:onNext(255)) - client-B2F93226DCBB->056ae293-26b5-4d67-bc5d-e905a6760a80: receive RaftClientReply:client-B2F93226DCBB->056ae293-26b5-4d67-bc5d-e905a6760a80@group-50E32BB97A46, cid=1679, SUCCESS, logIndex=2423, commits[056ae293-26b5-4d67-bc5d-e905a6760a80:c2424, a428730f-9893-43cb-a585-e65a7e8859c8:c2420, 994b73f6-7725-4304-b3a4-4941318c1d6c:c2420]
2019-07-08 19:53:17,954 INFO  client.GrpcClientProtocolClient (GrpcClientProtocolClient.java:onNext(255)) - client-B2F93226DCBB->056ae293-26b5-4d67-bc5d-e905a6760a80: receive RaftClientReply:client-B2F93226DCBB->056ae293-26b5-4d67-bc5d-e905a6760a80@group-50E32BB97A46, cid=1680, SUCCESS, logIndex=2424, commits[056ae293-26b5-4d67-bc5d-e905a6760a80:c2424, a428730f-9893-43cb-a585-e65a7e8859c8:c2420, 994b73f6-7725-4304-b3a4-4941318c1d6c:c2420]
2019-07-08 19:53:17,956 INFO  client.GrpcClientProtocolClient (GrpcClientProtocolClient.java:onNext(255)) - client-B2F93226DCBB->056ae293-26b5-4d67-bc5d-e905a6760a80: receive RaftClientReply:client-B2F93226DCBB->056ae293-26b5-4d67-bc5d-e905a6760a80@group-50E32BB97A46, cid=1681, SUCCESS, logIndex=0, commits[056ae293-26b5-4d67-bc5d-e905a6760a80:c2425, a428730f-9893-43cb-a585-e65a7e8859c8:c2422, 994b73f6-7725-4304-b3a4-4941318c1d6c:c2422]
2019-07-08 19:53:17,971 INFO  client.GrpcClientProtocolClient (GrpcClientProtocolClient.java:onNext(255)) - client-B2F93226DCBB->056ae293-26b5-4d67-bc5d-e905a6760a80: receive RaftClientReply:client-B2F93226DCBB->056ae293-26b5-4d67-bc5d-e905a6760a80@group-50E32BB97A46, cid=1682, SUCCESS, logIndex=2429, commits[056ae293-26b5-4d67-bc5d-e905a6760a80:c2430, a428730f-9893-43cb-a585-e65a7e8859c8:c2428, 994b73f6-7725-4304-b3a4-4941318c1d6c:c2424]
2019-07-08 19:53:17,972 INFO  client.GrpcClientProtocolClient (GrpcClientProtocolClient.java:onNext(255)) - client-B2F93226DCBB->056ae293-26b5-4d67-bc5d-e905a6760a80: receive RaftClientReply:client-B2F93226DCBB->056ae293-26b5-4d67-bc5d-e905a6760a80@group-50E32BB97A46, cid=1683, SUCCESS, logIndex=2430, commits[056ae293-26b5-4d67-bc5d-e905a6760a80:c2430, a428730f-9893-43cb-a585-e65a7e8859c8:c2428, 994b73f6-7725-4304-b3a4-4941318c1d6c:c2428]
2019-07-08 19:53:17,985 INFO  client.GrpcClientProtocolClient (GrpcClientProtocolClient.java:onNext(255)) - client-B2F93226DCBB->056ae293-26b5-4d67-bc5d-e905a6760a80: receive RaftClientReply:client-B2F93226DCBB->056ae293-26b5-4d67-bc5d-e905a6760a80@group-50E32BB97A46, cid=1684, SUCCESS, logIndex=2433, commits[056ae293-26b5-4d67-bc5d-e905a6760a80:c2434, a428730f-9893-43cb-a585-e65a7e8859c8:c2432, 994b73f6-7725-4304-b3a4-4941318c1d6c:c2430]
2019-07-08 19:53:17,985 INFO  client.GrpcClientProtocolClient (GrpcClientProtocolClient.java:onNext(255)) - client-B2F93226DCBB->056ae293-26b5-4d67-bc5d-e905a6760a80: receive RaftClientReply:client-B2F93226DCBB->056ae293-26b5-4d67-bc5d-e905a6760a80@group-50E32BB97A46, cid=1685, SUCCESS, logIndex=2434, commits[056ae293-26b5-4d67-bc5d-e905a6760a80:c2434, a428730f-9893-43cb-a585-e65a7e8859c8:c2432, 994b73f6-7725-4304-b3a4-4941318c1d6c:c2432]
2019-07-08 19:53:17,989 INFO  client.GrpcClientProtocolClient (GrpcClientProtocolClient.java:onNext(255)) - client-B2F93226DCBB->056ae293-26b5-4d67-bc5d-e905a6760a80: receive RaftClientReply:client-B2F93226DCBB->056ae293-26b5-4d67-bc5d-e905a6760a80@group-50E32BB97A46, cid=1686, SUCCESS, logIndex=0, commits[056ae293-26b5-4d67-bc5d-e905a6760a80:c2435, a428730f-9893-43cb-a585-e65a7e8859c8:c2434, 994b73f6-7725-4304-b3a4-4941318c1d6c:c2434]
 0.00% |█                                                                                                    |  0/1 Time: 0:00:142019-07-08 19:53:18,131 INFO  client.GrpcClientProtocolClient (GrpcClientProtocolClient.java:onNext(255)) - client-B2F93226DCBB->056ae293-26b5-4d67-bc5d-e905a6760a80: receive RaftClientReply:client-B2F93226DCBB->056ae293-26b5-4d67-bc5d-e905a6760a80@group-50E32BB97A46, cid=1687, SUCCESS, logIndex=2437, commits[056ae293-26b5-4d67-bc5d-e905a6760a80:c2438, a428730f-9893-43cb-a585-e65a7e8859c8:c2436, 994b73f6-7725-4304-b3a4-4941318c1d6c:c2436]
2019-07-08 19:53:18,134 INFO  client.GrpcClientProtocolClient (GrpcClientProtocolClient.java:onNext(255)) - client-B2F93226DCBB->056ae293-26b5-4d67-bc5d-e905a6760a80: receive RaftClientReply:client-B2F93226DCBB->056ae293-26b5-4d67-bc5d-e905a6760a80@group-50E32BB97A46, cid=1688, SUCCESS, logIndex=2438, commits[056ae293-26b5-4d67-bc5d-e905a6760a80:c2440, a428730f-9893-43cb-a585-e65a7e8859c8:c2436, 994b73f6-7725-4304-b3a4-4941318c1d6c:c2436]
2019-07-08 19:53:18,135 INFO  client.GrpcClientProtocolClient (GrpcClientProtocolClient.java:onNext(255)) - client-B2F93226DCBB->056ae293-26b5-4d67-bc5d-e905a6760a80: receive RaftClientReply:client-B2F93226DCBB->056ae293-26b5-4d67-bc5d-e905a6760a80@group-50E32BB97A46, cid=1689, SUCCESS, logIndex=2439, commits[056ae293-26b5-4d67-bc5d-e905a6760a80:c2440, a428730f-9893-43cb-a585-e65a7e8859c8:c2436, 994b73f6-7725-4304-b3a4-4941318c1d6c:c2436]
2019-07-08 19:53:18,135 INFO  client.GrpcClientProtocolClient (GrpcClientProtocolClient.java:onNext(255)) - client-B2F93226DCBB->056ae293-26b5-4d67-bc5d-e905a6760a80: receive RaftClientReply:client-B2F93226DCBB->056ae293-26b5-4d67-bc5d-e905a6760a80@group-50E32BB97A46, cid=1690, SUCCESS, logIndex=2440, commits[056ae293-26b5-4d67-bc5d-e905a6760a80:c2440, a428730f-9893-43cb-a585-e65a7e8859c8:c2436, 994b73f6-7725-4304-b3a4-4941318c1d6c:c2436]
2019-07-08 19:53:18,147 INFO  client.GrpcClientProtocolClient (GrpcClientProtocolClient.java:onNext(255)) - client-B2F93226DCBB->056ae293-26b5-4d67-bc5d-e905a6760a80: receive RaftClientReply:client-B2F93226DCBB->056ae293-26b5-4d67-bc5d-e905a6760a80@group-50E32BB97A46, cid=1691, SUCCESS, logIndex=0, commits[056ae293-26b5-4d67-bc5d-e905a6760a80:c2441, a428730f-9893-43cb-a585-e65a7e8859c8:c2438, 994b73f6-7725-4304-b3a4-4941318c1d6c:c2438]
2019-07-08 19:53:18,173 INFO  client.GrpcClientProtocolClient (GrpcClientProtocolClient.java:onNext(255)) - client-B2F93226DCBB->056ae293-26b5-4d67-bc5d-e905a6760a80: receive RaftClientReply:client-B2F93226DCBB->056ae293-26b5-4d67-bc5d-e905a6760a80@group-50E32BB97A46, cid=1692, SUCCESS, logIndex=2445, commits[056ae293-26b5-4d67-bc5d-e905a6760a80:c2446, a428730f-9893-43cb-a585-e65a7e8859c8:c2442, 994b73f6-7725-4304-b3a4-4941318c1d6c:c2442]
2019-07-08 19:53:18,174 INFO  client.GrpcClientProtocolClient (GrpcClientProtocolClient.java:onNext(255)) - client-B2F93226DCBB->056ae293-26b5-4d67-bc5d-e905a6760a80: receive RaftClientReply:client-B2F93226DCBB->056ae293-26b5-4d67-bc5d-e905a6760a80@group-50E32BB97A46, cid=1693, SUCCESS, logIndex=2446, commits[056ae293-26b5-4d67-bc5d-e905a6760a80:c2446, a428730f-9893-43cb-a585-e65a7e8859c8:c2442, 994b73f6-7725-4304-b3a4-4941318c1d6c:c2442]
2019-07-08 19:53:18,200 INFO  client.GrpcClientProtocolClient (GrpcClientProtocolClient.java:onNext(255)) - client-B2F93226DCBB->056ae293-26b5-4d67-bc5d-e905a6760a80: receive RaftClientReply:client-B2F93226DCBB->056ae293-26b5-4d67-bc5d-e905a6760a80@group-50E32BB97A46, cid=1694, SUCCESS, logIndex=2449, commits[056ae293-26b5-4d67-bc5d-e905a6760a80:c2450, a428730f-9893-43cb-a585-e65a7e8859c8:c2446, 994b73f6-7725-4304-b3a4-4941318c1d6c:c2446]
2019-07-08 19:53:18,201 INFO  client.GrpcClientProtocolClient (GrpcClientProtocolClient.java:onNext(255)) - client-B2F93226DCBB->056ae293-26b5-4d67-bc5d-e905a6760a80: receive RaftClientReply:client-B2F93226DCBB->056ae293-26b5-4d67-bc5d-e905a6760a80@group-50E32BB97A46, cid=1695, SUCCESS, logIndex=2450, commits[056ae293-26b5-4d67-bc5d-e905a6760a80:c2450, a428730f-9893-43cb-a585-e65a7e8859c8:c2446, 994b73f6-7725-4304-b3a4-4941318c1d6c:c2446]
2019-07-08 19:53:18,214 INFO  client.GrpcClientProtocolClient (GrpcClientProtocolClient.java:onNext(255)) - client-B2F93226DCBB->056ae293-26b5-4d67-bc5d-e905a6760a80: receive RaftClientReply:client-B2F93226DCBB->056ae293-26b5-4d67-bc5d-e905a6760a80@group-50E32BB97A46, cid=1696, SUCCESS, logIndex=0, commits[056ae293-26b5-4d67-bc5d-e905a6760a80:c2451, a428730f-9893-43cb-a585-e65a7e8859c8:c2450, 994b73f6-7725-4304-b3a4-4941318c1d6c:c2450]
2019-07-08 19:53:18,246 INFO  client.GrpcClientProtocolClient (GrpcClientProtocolClient.java:onNext(255)) - client-B2F93226DCBB->056ae293-26b5-4d67-bc5d-e905a6760a80: receive RaftClientReply:client-B2F93226DCBB->056ae293-26b5-4d67-bc5d-e905a6760a80@group-50E32BB97A46, cid=1697, SUCCESS, logIndex=2453, commits[056ae293-26b5-4d67-bc5d-e905a6760a80:c2456, a428730f-9893-43cb-a585-e65a7e8859c8:c2452, 994b73f6-7725-4304-b3a4-4941318c1d6c:c2452]
2019-07-08 19:53:18,248 INFO  client.GrpcClientProtocolClient (GrpcClientProtocolClient.java:onNext(255)) - client-B2F93226DCBB->056ae293-26b5-4d67-bc5d-e905a6760a80: receive RaftClientReply:client-B2F93226DCBB->056ae293-26b5-4d67-bc5d-e905a6760a80@group-50E32BB97A46, cid=1698, SUCCESS, logIndex=2454, commits[056ae293-26b5-4d67-bc5d-e905a6760a80:c2456, a428730f-9893-43cb-a585-e65a7e8859c8:c2452, 994b73f6-7725-4304-b3a4-4941318c1d6c:c2452]
2019-07-08 19:53:18,248 INFO  client.GrpcClientProtocolClient (GrpcClientProtocolClient.java:onNext(255)) - client-B2F93226DCBB->056ae293-26b5-4d67-bc5d-e905a6760a80: receive RaftClientReply:client-B2F93226DCBB->056ae293-26b5-4d67-bc5d-e905a6760a80@group-50E32BB97A46, cid=1699, SUCCESS, logIndex=2455, commits[056ae293-26b5-4d67-bc5d-e905a6760a80:c2456, a428730f-9893-43cb-a585-e65a7e8859c8:c2452, 994b73f6-7725-4304-b3a4-4941318c1d6c:c2452]
2019-07-08 19:53:18,249 INFO  client.GrpcClientProtocolClient (GrpcClientProtocolClient.java:onNext(255)) - client-B2F93226DCBB->056ae293-26b5-4d67-bc5d-e905a6760a80: receive RaftClientReply:client-B2F93226DCBB->056ae293-26b5-4d67-bc5d-e905a6760a80@group-50E32BB97A46, cid=1700, SUCCESS, logIndex=2456, commits[056ae293-26b5-4d67-bc5d-e905a6760a80:c2456, a428730f-9893-43cb-a585-e65a7e8859c8:c2452, 994b73f6-7725-4304-b3a4-4941318c1d6c:c2452]
2019-07-08 19:53:18,250 INFO  client.GrpcClientProtocolClient (GrpcClientProtocolClient.java:onNext(255)) - client-B2F93226DCBB->056ae293-26b5-4d67-bc5d-e905a6760a80: receive RaftClientReply:client-B2F93226DCBB->056ae293-26b5-4d67-bc5d-e905a6760a80@group-50E32BB97A46, cid=1701, SUCCESS, logIndex=0, commits[056ae293-26b5-4d67-bc5d-e905a6760a80:c2457, a428730f-9893-43cb-a585-e65a7e8859c8:c2454, 994b73f6-7725-4304-b3a4-4941318c1d6c:c2454]
2019-07-08 19:53:18,264 INFO  client.GrpcClientProtocolClient (GrpcClientProtocolClient.java:onNext(255)) - client-B2F93226DCBB->056ae293-26b5-4d67-bc5d-e905a6760a80: receive RaftClientReply:client-B2F93226DCBB->056ae293-26b5-4d67-bc5d-e905a6760a80@group-50E32BB97A46, cid=1702, SUCCESS, logIndex=2461, commits[056ae293-26b5-4d67-bc5d-e905a6760a80:c2462, a428730f-9893-43cb-a585-e65a7e8859c8:c2456, 994b73f6-7725-4304-b3a4-4941318c1d6c:c2460]
2019-07-08 19:53:18,264 INFO  client.GrpcClientProtocolClient (GrpcClientProtocolClient.java:onNext(255)) - client-B2F93226DCBB->056ae293-26b5-4d67-bc5d-e905a6760a80: receive RaftClientReply:client-B2F93226DCBB->056ae293-26b5-4d67-bc5d-e905a6760a80@group-50E32BB97A46, cid=1703, SUCCESS, logIndex=2462, commits[056ae293-26b5-4d67-bc5d-e905a6760a80:c2462, a428730f-9893-43cb-a585-e65a7e8859c8:c2460, 994b73f6-7725-4304-b3a4-4941318c1d6c:c2460]
2019-07-08 19:53:18,279 INFO  client.GrpcClientProtocolClient (GrpcClientProtocolClient.java:onNext(255)) - client-B2F93226DCBB->056ae293-26b5-4d67-bc5d-e905a6760a80: receive RaftClientReply:client-B2F93226DCBB->056ae293-26b5-4d67-bc5d-e905a6760a80@group-50E32BB97A46, cid=1704, SUCCESS, logIndex=2465, commits[056ae293-26b5-4d67-bc5d-e905a6760a80:c2466, a428730f-9893-43cb-a585-e65a7e8859c8:c2464, 994b73f6-7725-4304-b3a4-4941318c1d6c:c2464]
2019-07-08 19:53:18,279 INFO  client.GrpcClientProtocolClient (GrpcClientProtocolClient.java:onNext(255)) - client-B2F93226DCBB->056ae293-26b5-4d67-bc5d-e905a6760a80: receive RaftClientReply:client-B2F93226DCBB->056ae293-26b5-4d67-bc5d-e905a6760a80@group-50E32BB97A46, cid=1705, SUCCESS, logIndex=2466, commits[056ae293-26b5-4d67-bc5d-e905a6760a80:c2466, a428730f-9893-43cb-a585-e65a7e8859c8:c2464, 994b73f6-7725-4304-b3a4-4941318c1d6c:c2464]
2019-07-08 19:53:18,283 INFO  client.GrpcClientProtocolClient (GrpcClientProtocolClient.java:onNext(255)) - client-B2F93226DCBB->056ae293-26b5-4d67-bc5d-e905a6760a80: receive RaftClientReply:client-B2F93226DCBB->056ae293-26b5-4d67-bc5d-e905a6760a80@group-50E32BB97A46, cid=1706, SUCCESS, logIndex=0, commits[056ae293-26b5-4d67-bc5d-e905a6760a80:c2467, a428730f-9893-43cb-a585-e65a7e8859c8:c2466, 994b73f6-7725-4304-b3a4-4941318c1d6c:c2466]
2019-07-08 19:53:18,333 INFO  client.GrpcClientProtocolClient (GrpcClientProtocolClient.java:onNext(255)) - client-B2F93226DCBB->056ae293-26b5-4d67-bc5d-e905a6760a80: receive RaftClientReply:client-B2F93226DCBB->056ae293-26b5-4d67-bc5d-e905a6760a80@group-50E32BB97A46, cid=1707, SUCCESS, logIndex=2469, commits[056ae293-26b5-4d67-bc5d-e905a6760a80:c2470, a428730f-9893-43cb-a585-e65a7e8859c8:c2468, 994b73f6-7725-4304-b3a4-4941318c1d6c:c2468]
2019-07-08 19:53:18,334 INFO  client.GrpcClientProtocolClient (GrpcClientProtocolClient.java:onNext(255)) - client-B2F93226DCBB->056ae293-26b5-4d67-bc5d-e905a6760a80: receive RaftClientReply:client-B2F93226DCBB->056ae293-26b5-4d67-bc5d-e905a6760a80@group-50E32BB97A46, cid=1708, SUCCESS, logIndex=2470, commits[056ae293-26b5-4d67-bc5d-e905a6760a80:c2470, a428730f-9893-43cb-a585-e65a7e8859c8:c2468, 994b73f6-7725-4304-b3a4-4941318c1d6c:c2468]
2019-07-08 19:53:18,345 INFO  client.GrpcClientProtocolClient (GrpcClientProtocolClient.java:onNext(255)) - client-B2F93226DCBB->056ae293-26b5-4d67-bc5d-e905a6760a80: receive RaftClientReply:client-B2F93226DCBB->056ae293-26b5-4d67-bc5d-e905a6760a80@group-50E32BB97A46, cid=1709, SUCCESS, logIndex=2471, commits[056ae293-26b5-4d67-bc5d-e905a6760a80:c2472, a428730f-9893-43cb-a585-e65a7e8859c8:c2468, 994b73f6-7725-4304-b3a4-4941318c1d6c:c2468]
2019-07-08 19:53:18,345 INFO  client.GrpcClientProtocolClient (GrpcClientProtocolClient.java:onNext(255)) - client-B2F93226DCBB->056ae293-26b5-4d67-bc5d-e905a6760a80: receive RaftClientReply:client-B2F93226DCBB->056ae293-26b5-4d67-bc5d-e905a6760a80@group-50E32BB97A46, cid=1710, SUCCESS, logIndex=2472, commits[056ae293-26b5-4d67-bc5d-e905a6760a80:c2472, a428730f-9893-43cb-a585-e65a7e8859c8:c2468, 994b73f6-7725-4304-b3a4-4941318c1d6c:c2468]
2019-07-08 19:53:18,358 INFO  client.GrpcClientProtocolClient (GrpcClientProtocolClient.java:onNext(255)) - client-B2F93226DCBB->056ae293-26b5-4d67-bc5d-e905a6760a80: receive RaftClientReply:client-B2F93226DCBB->056ae293-26b5-4d67-bc5d-e905a6760a80@group-50E32BB97A46, cid=1711, SUCCESS, logIndex=0, commits[056ae293-26b5-4d67-bc5d-e905a6760a80:c2474, a428730f-9893-43cb-a585-e65a7e8859c8:c2470, 994b73f6-7725-4304-b3a4-4941318c1d6c:c2470]
2019-07-08 19:53:18,380 INFO  client.GrpcClientProtocolClient (GrpcClientProtocolClient.java:onNext(255)) - client-B2F93226DCBB->056ae293-26b5-4d67-bc5d-e905a6760a80: receive RaftClientReply:client-B2F93226DCBB->056ae293-26b5-4d67-bc5d-e905a6760a80@group-50E32BB97A46, cid=1712, SUCCESS, logIndex=2477, commits[056ae293-26b5-4d67-bc5d-e905a6760a80:c2478, a428730f-9893-43cb-a585-e65a7e8859c8:c2476, 994b73f6-7725-4304-b3a4-4941318c1d6c:c2476]
2019-07-08 19:53:18,381 INFO  client.GrpcClientProtocolClient (GrpcClientProtocolClient.java:onNext(255)) - client-B2F93226DCBB->056ae293-26b5-4d67-bc5d-e905a6760a80: receive RaftClientReply:client-B2F93226DCBB->056ae293-26b5-4d67-bc5d-e905a6760a80@group-50E32BB97A46, cid=1713, SUCCESS, logIndex=2478, commits[056ae293-26b5-4d67-bc5d-e905a6760a80:c2478, a428730f-9893-43cb-a585-e65a7e8859c8:c2476, 994b73f6-7725-4304-b3a4-4941318c1d6c:c2476]
2019-07-08 19:53:18,413 INFO  client.GrpcClientProtocolClient (GrpcClientProtocolClient.java:onNext(255)) - client-B2F93226DCBB->056ae293-26b5-4d67-bc5d-e905a6760a80: receive RaftClientReply:client-B2F93226DCBB->056ae293-26b5-4d67-bc5d-e905a6760a80@group-50E32BB97A46, cid=1714, SUCCESS, logIndex=2481, commits[056ae293-26b5-4d67-bc5d-e905a6760a80:c2482, a428730f-9893-43cb-a585-e65a7e8859c8:c2478, 994b73f6-7725-4304-b3a4-4941318c1d6c:c2478]
2019-07-08 19:53:18,413 INFO  client.GrpcClientProtocolClient (GrpcClientProtocolClient.java:onNext(255)) - client-B2F93226DCBB->056ae293-26b5-4d67-bc5d-e905a6760a80: receive RaftClientReply:client-B2F93226DCBB->056ae293-26b5-4d67-bc5d-e905a6760a80@group-50E32BB97A46, cid=1715, SUCCESS, logIndex=2482, commits[056ae293-26b5-4d67-bc5d-e905a6760a80:c2482, a428730f-9893-43cb-a585-e65a7e8859c8:c2478, 994b73f6-7725-4304-b3a4-4941318c1d6c:c2478]
2019-07-08 19:53:18,427 INFO  client.GrpcClientProtocolClient (GrpcClientProtocolClient.java:onNext(255)) - client-B2F93226DCBB->056ae293-26b5-4d67-bc5d-e905a6760a80: receive RaftClientReply:client-B2F93226DCBB->056ae293-26b5-4d67-bc5d-e905a6760a80@group-50E32BB97A46, cid=1716, SUCCESS, logIndex=0, commits[056ae293-26b5-4d67-bc5d-e905a6760a80:c2484, a428730f-9893-43cb-a585-e65a7e8859c8:c2482, 994b73f6-7725-4304-b3a4-4941318c1d6c:c2482]
2019-07-08 19:53:18,461 INFO  client.GrpcClientProtocolClient (GrpcClientProtocolClient.java:onNext(255)) - client-B2F93226DCBB->056ae293-26b5-4d67-bc5d-e905a6760a80: receive RaftClientReply:client-B2F93226DCBB->056ae293-26b5-4d67-bc5d-e905a6760a80@group-50E32BB97A46, cid=1717, SUCCESS, logIndex=2485, commits[056ae293-26b5-4d67-bc5d-e905a6760a80:c2486, a428730f-9893-43cb-a585-e65a7e8859c8:c2484, 994b73f6-7725-4304-b3a4-4941318c1d6c:c2484]
2019-07-08 19:53:18,462 INFO  client.GrpcClientProtocolClient (GrpcClientProtocolClient.java:onNext(255)) - client-B2F93226DCBB->056ae293-26b5-4d67-bc5d-e905a6760a80: receive RaftClientReply:client-B2F93226DCBB->056ae293-26b5-4d67-bc5d-e905a6760a80@group-50E32BB97A46, cid=1718, SUCCESS, logIndex=2486, commits[056ae293-26b5-4d67-bc5d-e905a6760a80:c2486, a428730f-9893-43cb-a585-e65a7e8859c8:c2484, 994b73f6-7725-4304-b3a4-4941318c1d6c:c2484]
2019-07-08 19:53:18,474 INFO  client.GrpcClientProtocolClient (GrpcClientProtocolClient.java:onNext(255)) - client-B2F93226DCBB->056ae293-26b5-4d67-bc5d-e905a6760a80: receive RaftClientReply:client-B2F93226DCBB->056ae293-26b5-4d67-bc5d-e905a6760a80@group-50E32BB97A46, cid=1719, SUCCESS, logIndex=2487, commits[056ae293-26b5-4d67-bc5d-e905a6760a80:c2488, a428730f-9893-43cb-a585-e65a7e8859c8:c2484, 994b73f6-7725-4304-b3a4-4941318c1d6c:c2484]
2019-07-08 19:53:18,474 INFO  client.GrpcClientProtocolClient (GrpcClientProtocolClient.java:onNext(255)) - client-B2F93226DCBB->056ae293-26b5-4d67-bc5d-e905a6760a80: receive RaftClientReply:client-B2F93226DCBB->056ae293-26b5-4d67-bc5d-e905a6760a80@group-50E32BB97A46, cid=1720, SUCCESS, logIndex=2488, commits[056ae293-26b5-4d67-bc5d-e905a6760a80:c2488, a428730f-9893-43cb-a585-e65a7e8859c8:c2484, 994b73f6-7725-4304-b3a4-4941318c1d6c:c2484]
2019-07-08 19:53:18,487 INFO  client.GrpcClientProtocolClient (GrpcClientProtocolClient.java:onNext(255)) - client-B2F93226DCBB->056ae293-26b5-4d67-bc5d-e905a6760a80: receive RaftClientReply:client-B2F93226DCBB->056ae293-26b5-4d67-bc5d-e905a6760a80@group-50E32BB97A46, cid=1721, SUCCESS, logIndex=0, commits[056ae293-26b5-4d67-bc5d-e905a6760a80:c2489, a428730f-9893-43cb-a585-e65a7e8859c8:c2486, 994b73f6-7725-4304-b3a4-4941318c1d6c:c2486]
2019-07-08 19:53:18,513 INFO  client.GrpcClientProtocolClient (GrpcClientProtocolClient.java:onNext(255)) - client-B2F93226DCBB->056ae293-26b5-4d67-bc5d-e905a6760a80: receive RaftClientReply:client-B2F93226DCBB->056ae293-26b5-4d67-bc5d-e905a6760a80@group-50E32BB97A46, cid=1722, SUCCESS, logIndex=2493, commits[056ae293-26b5-4d67-bc5d-e905a6760a80:c2494, a428730f-9893-43cb-a585-e65a7e8859c8:c2490, 994b73f6-7725-4304-b3a4-4941318c1d6c:c2490]
2019-07-08 19:53:18,513 INFO  client.GrpcClientProtocolClient (GrpcClientProtocolClient.java:onNext(255)) - client-B2F93226DCBB->056ae293-26b5-4d67-bc5d-e905a6760a80: receive RaftClientReply:client-B2F93226DCBB->056ae293-26b5-4d67-bc5d-e905a6760a80@group-50E32BB97A46, cid=1723, SUCCESS, logIndex=2494, commits[056ae293-26b5-4d67-bc5d-e905a6760a80:c2494, a428730f-9893-43cb-a585-e65a7e8859c8:c2490, 994b73f6-7725-4304-b3a4-4941318c1d6c:c2490]
2019-07-08 19:53:18,529 INFO  client.GrpcClientProtocolClient (GrpcClientProtocolClient.java:onNext(255)) - client-B2F93226DCBB->056ae293-26b5-4d67-bc5d-e905a6760a80: receive RaftClientReply:client-B2F93226DCBB->056ae293-26b5-4d67-bc5d-e905a6760a80@group-50E32BB97A46, cid=1724, SUCCESS, logIndex=2497, commits[056ae293-26b5-4d67-bc5d-e905a6760a80:c2498, a428730f-9893-43cb-a585-e65a7e8859c8:c2494, 994b73f6-7725-4304-b3a4-4941318c1d6c:c2494]
2019-07-08 19:53:18,529 INFO  client.GrpcClientProtocolClient (GrpcClientProtocolClient.java:onNext(255)) - client-B2F93226DCBB->056ae293-26b5-4d67-bc5d-e905a6760a80: receive RaftClientReply:client-B2F93226DCBB->056ae293-26b5-4d67-bc5d-e905a6760a80@group-50E32BB97A46, cid=1725, SUCCESS, logIndex=2498, commits[056ae293-26b5-4d67-bc5d-e905a6760a80:c2498, a428730f-9893-43cb-a585-e65a7e8859c8:c2494, 994b73f6-7725-4304-b3a4-4941318c1d6c:c2494]
2019-07-08 19:53:18,537 INFO  client.GrpcClientProtocolClient (GrpcClientProtocolClient.java:onNext(255)) - client-B2F93226DCBB->056ae293-26b5-4d67-bc5d-e905a6760a80: receive RaftClientReply:client-B2F93226DCBB->056ae293-26b5-4d67-bc5d-e905a6760a80@group-50E32BB97A46, cid=1726, SUCCESS, logIndex=0, commits[056ae293-26b5-4d67-bc5d-e905a6760a80:c2499, a428730f-9893-43cb-a585-e65a7e8859c8:c2498, 994b73f6-7725-4304-b3a4-4941318c1d6c:c2498]
2019-07-08 19:53:18,579 INFO  client.GrpcClientProtocolClient (GrpcClientProtocolClient.java:onNext(255)) - client-B2F93226DCBB->056ae293-26b5-4d67-bc5d-e905a6760a80: receive RaftClientReply:client-B2F93226DCBB->056ae293-26b5-4d67-bc5d-e905a6760a80@group-50E32BB97A46, cid=1727, SUCCESS, logIndex=2501, commits[056ae293-26b5-4d67-bc5d-e905a6760a80:c2502, a428730f-9893-43cb-a585-e65a7e8859c8:c2500, 994b73f6-7725-4304-b3a4-4941318c1d6c:c2500]
2019-07-08 19:53:18,580 INFO  client.GrpcClientProtocolClient (GrpcClientProtocolClient.java:onNext(255)) - client-B2F93226DCBB->056ae293-26b5-4d67-bc5d-e905a6760a80: receive RaftClientReply:client-B2F93226DCBB->056ae293-26b5-4d67-bc5d-e905a6760a80@group-50E32BB97A46, cid=1728, SUCCESS, logIndex=2502, commits[056ae293-26b5-4d67-bc5d-e905a6760a80:c2504, a428730f-9893-43cb-a585-e65a7e8859c8:c2500, 994b73f6-7725-4304-b3a4-4941318c1d6c:c2500]
2019-07-08 19:53:18,580 INFO  client.GrpcClientProtocolClient (GrpcClientProtocolClient.java:onNext(255)) - client-B2F93226DCBB->056ae293-26b5-4d67-bc5d-e905a6760a80: receive RaftClientReply:client-B2F93226DCBB->056ae293-26b5-4d67-bc5d-e905a6760a80@group-50E32BB97A46, cid=1729, SUCCESS, logIndex=2503, commits[056ae293-26b5-4d67-bc5d-e905a6760a80:c2504, a428730f-9893-43cb-a585-e65a7e8859c8:c2500, 994b73f6-7725-4304-b3a4-4941318c1d6c:c2500]
2019-07-08 19:53:18,580 INFO  client.GrpcClientProtocolClient (GrpcClientProtocolClient.java:onNext(255)) - client-B2F93226DCBB->056ae293-26b5-4d67-bc5d-e905a6760a80: receive RaftClientReply:client-B2F93226DCBB->056ae293-26b5-4d67-bc5d-e905a6760a80@group-50E32BB97A46, cid=1730, SUCCESS, logIndex=2504, commits[056ae293-26b5-4d67-bc5d-e905a6760a80:c2504, a428730f-9893-43cb-a585-e65a7e8859c8:c2500, 994b73f6-7725-4304-b3a4-4941318c1d6c:c2500]
2019-07-08 19:53:18,592 INFO  client.GrpcClientProtocolClient (GrpcClientProtocolClient.java:onNext(255)) - client-B2F93226DCBB->056ae293-26b5-4d67-bc5d-e905a6760a80: receive RaftClientReply:client-B2F93226DCBB->056ae293-26b5-4d67-bc5d-e905a6760a80@group-50E32BB97A46, cid=1731, SUCCESS, logIndex=0, commits[056ae293-26b5-4d67-bc5d-e905a6760a80:c2505, a428730f-9893-43cb-a585-e65a7e8859c8:c2502, 994b73f6-7725-4304-b3a4-4941318c1d6c:c2502]
2019-07-08 19:53:18,654 INFO  client.GrpcClientProtocolClient (GrpcClientProtocolClient.java:onNext(255)) - client-B2F93226DCBB->056ae293-26b5-4d67-bc5d-e905a6760a80: receive RaftClientReply:client-B2F93226DCBB->056ae293-26b5-4d67-bc5d-e905a6760a80@group-50E32BB97A46, cid=1732, SUCCESS, logIndex=2508, commits[056ae293-26b5-4d67-bc5d-e905a6760a80:c2509, a428730f-9893-43cb-a585-e65a7e8859c8:c2507, 994b73f6-7725-4304-b3a4-4941318c1d6c:c2507]
2019-07-08 19:53:18,655 INFO  client.GrpcClientProtocolClient (GrpcClientProtocolClient.java:onNext(255)) - client-B2F93226DCBB->056ae293-26b5-4d67-bc5d-e905a6760a80: receive RaftClientReply:client-B2F93226DCBB->056ae293-26b5-4d67-bc5d-e905a6760a80@group-50E32BB97A46, cid=1733, SUCCESS, logIndex=2509, commits[056ae293-26b5-4d67-bc5d-e905a6760a80:c2509, a428730f-9893-43cb-a585-e65a7e8859c8:c2507, 994b73f6-7725-4304-b3a4-4941318c1d6c:c2507]
2019-07-08 19:53:18,680 INFO  client.GrpcClientProtocolClient (GrpcClientProtocolClient.java:onNext(255)) - client-B2F93226DCBB->056ae293-26b5-4d67-bc5d-e905a6760a80: receive RaftClientReply:client-B2F93226DCBB->056ae293-26b5-4d67-bc5d-e905a6760a80@group-50E32BB97A46, cid=1734, SUCCESS, logIndex=2512, commits[056ae293-26b5-4d67-bc5d-e905a6760a80:c2513, a428730f-9893-43cb-a585-e65a7e8859c8:c2509, 994b73f6-7725-4304-b3a4-4941318c1d6c:c2509]
2019-07-08 19:53:18,681 INFO  client.GrpcClientProtocolClient (GrpcClientProtocolClient.java:onNext(255)) - client-B2F93226DCBB->056ae293-26b5-4d67-bc5d-e905a6760a80: receive RaftClientReply:client-B2F93226DCBB->056ae293-26b5-4d67-bc5d-e905a6760a80@group-50E32BB97A46, cid=1735, SUCCESS, logIndex=2513, commits[056ae293-26b5-4d67-bc5d-e905a6760a80:c2513, a428730f-9893-43cb-a585-e65a7e8859c8:c2509, 994b73f6-7725-4304-b3a4-4941318c1d6c:c2509]
2019-07-08 19:53:18,688 INFO  client.GrpcClientProtocolClient (GrpcClientProtocolClient.java:onNext(255)) - client-B2F93226DCBB->056ae293-26b5-4d67-bc5d-e905a6760a80: receive RaftClientReply:client-B2F93226DCBB->056ae293-26b5-4d67-bc5d-e905a6760a80@group-50E32BB97A46, cid=1736, SUCCESS, logIndex=0, commits[056ae293-26b5-4d67-bc5d-e905a6760a80:c2515, a428730f-9893-43cb-a585-e65a7e8859c8:c2513, 994b73f6-7725-4304-b3a4-4941318c1d6c:c2513]
2019-07-08 19:53:18,710 INFO  client.GrpcClientProtocolClient (GrpcClientProtocolClient.java:onNext(255)) - client-B2F93226DCBB->056ae293-26b5-4d67-bc5d-e905a6760a80: receive RaftClientReply:client-B2F93226DCBB->056ae293-26b5-4d67-bc5d-e905a6760a80@group-50E32BB97A46, cid=1737, SUCCESS, logIndex=2516, commits[056ae293-26b5-4d67-bc5d-e905a6760a80:c2517, a428730f-9893-43cb-a585-e65a7e8859c8:c2513, 994b73f6-7725-4304-b3a4-4941318c1d6c:c2515]
2019-07-08 19:53:18,711 INFO  client.GrpcClientProtocolClient (GrpcClientProtocolClient.java:onNext(255)) - client-B2F93226DCBB->056ae293-26b5-4d67-bc5d-e905a6760a80: receive RaftClientReply:client-B2F93226DCBB->056ae293-26b5-4d67-bc5d-e905a6760a80@group-50E32BB97A46, cid=1738, SUCCESS, logIndex=2517, commits[056ae293-26b5-4d67-bc5d-e905a6760a80:c2517, a428730f-9893-43cb-a585-e65a7e8859c8:c2513, 994b73f6-7725-4304-b3a4-4941318c1d6c:c2515]
2019-07-08 19:53:18,713 INFO  client.GrpcClientProtocolClient (GrpcClientProtocolClient.java:onNext(255)) - client-B2F93226DCBB->056ae293-26b5-4d67-bc5d-e905a6760a80: receive RaftClientReply:client-B2F93226DCBB->056ae293-26b5-4d67-bc5d-e905a6760a80@group-50E32BB97A46, cid=1739, SUCCESS, logIndex=2518, commits[056ae293-26b5-4d67-bc5d-e905a6760a80:c2520, a428730f-9893-43cb-a585-e65a7e8859c8:c2517, 994b73f6-7725-4304-b3a4-4941318c1d6c:c2515]
2019-07-08 19:53:18,713 INFO  client.GrpcClientProtocolClient (GrpcClientProtocolClient.java:onNext(255)) - client-B2F93226DCBB->056ae293-26b5-4d67-bc5d-e905a6760a80: receive RaftClientReply:client-B2F93226DCBB->056ae293-26b5-4d67-bc5d-e905a6760a80@group-50E32BB97A46, cid=1740, SUCCESS, logIndex=2519, commits[056ae293-26b5-4d67-bc5d-e905a6760a80:c2521, a428730f-9893-43cb-a585-e65a7e8859c8:c2517, 994b73f6-7725-4304-b3a4-4941318c1d6c:c2515]
2019-07-08 19:53:18,715 INFO  client.GrpcClientProtocolClient (GrpcClientProtocolClient.java:onNext(255)) - client-B2F93226DCBB->056ae293-26b5-4d67-bc5d-e905a6760a80: receive RaftClientReply:client-B2F93226DCBB->056ae293-26b5-4d67-bc5d-e905a6760a80@group-50E32BB97A46, cid=1741, SUCCESS, logIndex=0, commits[056ae293-26b5-4d67-bc5d-e905a6760a80:c2521, a428730f-9893-43cb-a585-e65a7e8859c8:c2517, 994b73f6-7725-4304-b3a4-4941318c1d6c:c2517]
2019-07-08 19:53:18,728 INFO  client.GrpcClientProtocolClient (GrpcClientProtocolClient.java:onNext(255)) - client-B2F93226DCBB->056ae293-26b5-4d67-bc5d-e905a6760a80: receive RaftClientReply:client-B2F93226DCBB->056ae293-26b5-4d67-bc5d-e905a6760a80@group-50E32BB97A46, cid=1742, SUCCESS, logIndex=2524, commits[056ae293-26b5-4d67-bc5d-e905a6760a80:c2525, a428730f-9893-43cb-a585-e65a7e8859c8:c2520, 994b73f6-7725-4304-b3a4-4941318c1d6c:c2523]
2019-07-08 19:53:18,729 INFO  client.GrpcClientProtocolClient (GrpcClientProtocolClient.java:onNext(255)) - client-B2F93226DCBB->056ae293-26b5-4d67-bc5d-e905a6760a80: receive RaftClientReply:client-B2F93226DCBB->056ae293-26b5-4d67-bc5d-e905a6760a80@group-50E32BB97A46, cid=1743, SUCCESS, logIndex=2525, commits[056ae293-26b5-4d67-bc5d-e905a6760a80:c2525, a428730f-9893-43cb-a585-e65a7e8859c8:c2523, 994b73f6-7725-4304-b3a4-4941318c1d6c:c2523]
2019-07-08 19:53:18,742 INFO  client.GrpcClientProtocolClient (GrpcClientProtocolClient.java:onNext(255)) - client-B2F93226DCBB->056ae293-26b5-4d67-bc5d-e905a6760a80: receive RaftClientReply:client-B2F93226DCBB->056ae293-26b5-4d67-bc5d-e905a6760a80@group-50E32BB97A46, cid=1744, SUCCESS, logIndex=2528, commits[056ae293-26b5-4d67-bc5d-e905a6760a80:c2529, a428730f-9893-43cb-a585-e65a7e8859c8:c2527, 994b73f6-7725-4304-b3a4-4941318c1d6c:c2527]
2019-07-08 19:53:18,742 INFO  client.GrpcClientProtocolClient (GrpcClientProtocolClient.java:onNext(255)) - client-B2F93226DCBB->056ae293-26b5-4d67-bc5d-e905a6760a80: receive RaftClientReply:client-B2F93226DCBB->056ae293-26b5-4d67-bc5d-e905a6760a80@group-50E32BB97A46, cid=1745, SUCCESS, logIndex=2529, commits[056ae293-26b5-4d67-bc5d-e905a6760a80:c2529, a428730f-9893-43cb-a585-e65a7e8859c8:c2527, 994b73f6-7725-4304-b3a4-4941318c1d6c:c2527]
2019-07-08 19:53:18,744 INFO  client.GrpcClientProtocolClient (GrpcClientProtocolClient.java:onNext(255)) - client-B2F93226DCBB->056ae293-26b5-4d67-bc5d-e905a6760a80: receive RaftClientReply:client-B2F93226DCBB->056ae293-26b5-4d67-bc5d-e905a6760a80@group-50E32BB97A46, cid=1746, SUCCESS, logIndex=0, commits[056ae293-26b5-4d67-bc5d-e905a6760a80:c2530, a428730f-9893-43cb-a585-e65a7e8859c8:c2529, 994b73f6-7725-4304-b3a4-4941318c1d6c:c2529]
2019-07-08 19:53:18,767 INFO  client.GrpcClientProtocolClient (GrpcClientProtocolClient.java:onNext(255)) - client-B2F93226DCBB->056ae293-26b5-4d67-bc5d-e905a6760a80: receive RaftClientReply:client-B2F93226DCBB->056ae293-26b5-4d67-bc5d-e905a6760a80@group-50E32BB97A46, cid=1747, SUCCESS, logIndex=2532, commits[056ae293-26b5-4d67-bc5d-e905a6760a80:c2533, a428730f-9893-43cb-a585-e65a7e8859c8:c2531, 994b73f6-7725-4304-b3a4-4941318c1d6c:c2531]
2019-07-08 19:53:18,767 INFO  client.GrpcClientProtocolClient (GrpcClientProtocolClient.java:onNext(255)) - client-B2F93226DCBB->056ae293-26b5-4d67-bc5d-e905a6760a80: receive RaftClientReply:client-B2F93226DCBB->056ae293-26b5-4d67-bc5d-e905a6760a80@group-50E32BB97A46, cid=1748, SUCCESS, logIndex=2533, commits[056ae293-26b5-4d67-bc5d-e905a6760a80:c2533, a428730f-9893-43cb-a585-e65a7e8859c8:c2531, 994b73f6-7725-4304-b3a4-4941318c1d6c:c2531]
2019-07-08 19:53:18,771 INFO  client.GrpcClientProtocolClient (GrpcClientProtocolClient.java:onNext(255)) - client-B2F93226DCBB->056ae293-26b5-4d67-bc5d-e905a6760a80: receive RaftClientReply:client-B2F93226DCBB->056ae293-26b5-4d67-bc5d-e905a6760a80@group-50E32BB97A46, cid=1749, SUCCESS, logIndex=2534, commits[056ae293-26b5-4d67-bc5d-e905a6760a80:c2536, a428730f-9893-43cb-a585-e65a7e8859c8:c2531, 994b73f6-7725-4304-b3a4-4941318c1d6c:c2533]
2019-07-08 19:53:18,771 INFO  client.GrpcClientProtocolClient (GrpcClientProtocolClient.java:onNext(255)) - client-B2F93226DCBB->056ae293-26b5-4d67-bc5d-e905a6760a80: receive RaftClientReply:client-B2F93226DCBB->056ae293-26b5-4d67-bc5d-e905a6760a80@group-50E32BB97A46, cid=1750, SUCCESS, logIndex=2535, commits[056ae293-26b5-4d67-bc5d-e905a6760a80:c2537, a428730f-9893-43cb-a585-e65a7e8859c8:c2533, 994b73f6-7725-4304-b3a4-4941318c1d6c:c2533]
2019-07-08 19:53:18,783 INFO  client.GrpcClientProtocolClient (GrpcClientProtocolClient.java:onNext(255)) - client-B2F93226DCBB->056ae293-26b5-4d67-bc5d-e905a6760a80: receive RaftClientReply:client-B2F93226DCBB->056ae293-26b5-4d67-bc5d-e905a6760a80@group-50E32BB97A46, cid=1751, SUCCESS, logIndex=2540, commits[056ae293-26b5-4d67-bc5d-e905a6760a80:c2541, a428730f-9893-43cb-a585-e65a7e8859c8:c2535, 994b73f6-7725-4304-b3a4-4941318c1d6c:c2539]
2019-07-08 19:53:18,784 INFO  client.GrpcClientProtocolClient (GrpcClientProtocolClient.java:onNext(255)) - client-B2F93226DCBB->056ae293-26b5-4d67-bc5d-e905a6760a80: receive RaftClientReply:client-B2F93226DCBB->056ae293-26b5-4d67-bc5d-e905a6760a80@group-50E32BB97A46, cid=1752, SUCCESS, logIndex=2541, commits[056ae293-26b5-4d67-bc5d-e905a6760a80:c2541, a428730f-9893-43cb-a585-e65a7e8859c8:c2539, 994b73f6-7725-4304-b3a4-4941318c1d6c:c2539]
2019-07-08 19:53:18,795 INFO  client.GrpcClientProtocolClient (GrpcClientProtocolClient.java:onNext(255)) - client-B2F93226DCBB->056ae293-26b5-4d67-bc5d-e905a6760a80: receive RaftClientReply:client-B2F93226DCBB->056ae293-26b5-4d67-bc5d-e905a6760a80@group-50E32BB97A46, cid=1753, SUCCESS, logIndex=2544, commits[056ae293-26b5-4d67-bc5d-e905a6760a80:c2545, a428730f-9893-43cb-a585-e65a7e8859c8:c2541, 994b73f6-7725-4304-b3a4-4941318c1d6c:c2542]
2019-07-08 19:53:18,795 INFO  client.GrpcClientProtocolClient (GrpcClientProtocolClient.java:onNext(255)) - client-B2F93226DCBB->056ae293-26b5-4d67-bc5d-e905a6760a80: receive RaftClientReply:client-B2F93226DCBB->056ae293-26b5-4d67-bc5d-e905a6760a80@group-50E32BB97A46, cid=1754, SUCCESS, logIndex=2545, commits[056ae293-26b5-4d67-bc5d-e905a6760a80:c2545, a428730f-9893-43cb-a585-e65a7e8859c8:c2542, 994b73f6-7725-4304-b3a4-4941318c1d6c:c2542]
2019-07-08 19:53:18,802 INFO  client.GrpcClientProtocolClient (GrpcClientProtocolClient.java:onNext(255)) - client-B2F93226DCBB->056ae293-26b5-4d67-bc5d-e905a6760a80: receive RaftClientReply:client-B2F93226DCBB->056ae293-26b5-4d67-bc5d-e905a6760a80@group-50E32BB97A46, cid=1755, SUCCESS, logIndex=0, commits[056ae293-26b5-4d67-bc5d-e905a6760a80:c2547, a428730f-9893-43cb-a585-e65a7e8859c8:c2545, 994b73f6-7725-4304-b3a4-4941318c1d6c:c2545]
2019-07-08 19:53:18,931 INFO  client.GrpcClientProtocolClient (GrpcClientProtocolClient.java:onNext(255)) - client-B2F93226DCBB->056ae293-26b5-4d67-bc5d-e905a6760a80: receive RaftClientReply:client-B2F93226DCBB->056ae293-26b5-4d67-bc5d-e905a6760a80@group-50E32BB97A46, cid=1756, SUCCESS, logIndex=2548, commits[056ae293-26b5-4d67-bc5d-e905a6760a80:c2549, a428730f-9893-43cb-a585-e65a7e8859c8:c2547, 994b73f6-7725-4304-b3a4-4941318c1d6c:c2547]
2019-07-08 19:53:18,931 INFO  client.GrpcClientProtocolClient (GrpcClientProtocolClient.java:onNext(255)) - client-B2F93226DCBB->056ae293-26b5-4d67-bc5d-e905a6760a80: receive RaftClientReply:client-B2F93226DCBB->056ae293-26b5-4d67-bc5d-e905a6760a80@group-50E32BB97A46, cid=1757, SUCCESS, logIndex=2549, commits[056ae293-26b5-4d67-bc5d-e905a6760a80:c2551, a428730f-9893-43cb-a585-e65a7e8859c8:c2547, 994b73f6-7725-4304-b3a4-4941318c1d6c:c2547]
2019-07-08 19:53:18,932 INFO  client.GrpcClientProtocolClient (GrpcClientProtocolClient.java:onNext(255)) - client-B2F93226DCBB->056ae293-26b5-4d67-bc5d-e905a6760a80: receive RaftClientReply:client-B2F93226DCBB->056ae293-26b5-4d67-bc5d-e905a6760a80@group-50E32BB97A46, cid=1758, SUCCESS, logIndex=2550, commits[056ae293-26b5-4d67-bc5d-e905a6760a80:c2551, a428730f-9893-43cb-a585-e65a7e8859c8:c2547, 994b73f6-7725-4304-b3a4-4941318c1d6c:c2547]
2019-07-08 19:53:18,932 INFO  client.GrpcClientProtocolClient (GrpcClientProtocolClient.java:onNext(255)) - client-B2F93226DCBB->056ae293-26b5-4d67-bc5d-e905a6760a80: receive RaftClientReply:client-B2F93226DCBB->056ae293-26b5-4d67-bc5d-e905a6760a80@group-50E32BB97A46, cid=1759, SUCCESS, logIndex=2551, commits[056ae293-26b5-4d67-bc5d-e905a6760a80:c2551, a428730f-9893-43cb-a585-e65a7e8859c8:c2547, 994b73f6-7725-4304-b3a4-4941318c1d6c:c2547]
2019-07-08 19:53:18,947 INFO  client.GrpcClientProtocolClient (GrpcClientProtocolClient.java:onNext(255)) - client-B2F93226DCBB->056ae293-26b5-4d67-bc5d-e905a6760a80: receive RaftClientReply:client-B2F93226DCBB->056ae293-26b5-4d67-bc5d-e905a6760a80@group-50E32BB97A46, cid=1760, SUCCESS, logIndex=0, commits[056ae293-26b5-4d67-bc5d-e905a6760a80:c2553, a428730f-9893-43cb-a585-e65a7e8859c8:c2549, 994b73f6-7725-4304-b3a4-4941318c1d6c:c2549]
2019-07-08 19:53:18,973 INFO  client.GrpcClientProtocolClient (GrpcClientProtocolClient.java:onNext(255)) - client-B2F93226DCBB->056ae293-26b5-4d67-bc5d-e905a6760a80: receive RaftClientReply:client-B2F93226DCBB->056ae293-26b5-4d67-bc5d-e905a6760a80@group-50E32BB97A46, cid=1761, SUCCESS, logIndex=2555, commits[056ae293-26b5-4d67-bc5d-e905a6760a80:c2556, a428730f-9893-43cb-a585-e65a7e8859c8:c2554, 994b73f6-7725-4304-b3a4-4941318c1d6c:c2554]
2019-07-08 19:53:18,974 INFO  client.GrpcClientProtocolClient (GrpcClientProtocolClient.java:onNext(255)) - client-B2F93226DCBB->056ae293-26b5-4d67-bc5d-e905a6760a80: receive RaftClientReply:client-B2F93226DCBB->056ae293-26b5-4d67-bc5d-e905a6760a80@group-50E32BB97A46, cid=1762, SUCCESS, logIndex=2556, commits[056ae293-26b5-4d67-bc5d-e905a6760a80:c2556, a428730f-9893-43cb-a585-e65a7e8859c8:c2554, 994b73f6-7725-4304-b3a4-4941318c1d6c:c2554]
2019-07-08 19:53:19,001 INFO  client.GrpcClientProtocolClient (GrpcClientProtocolClient.java:onNext(255)) - client-B2F93226DCBB->056ae293-26b5-4d67-bc5d-e905a6760a80: receive RaftClientReply:client-B2F93226DCBB->056ae293-26b5-4d67-bc5d-e905a6760a80@group-50E32BB97A46, cid=1763, SUCCESS, logIndex=2559, commits[056ae293-26b5-4d67-bc5d-e905a6760a80:c2559, a428730f-9893-43cb-a585-e65a7e8859c8:c2556, 994b73f6-7725-4304-b3a4-4941318c1d6c:c2556]
2019-07-08 19:53:19,001 INFO  client.GrpcClientProtocolClient (GrpcClientProtocolClient.java:onNext(255)) - client-B2F93226DCBB->056ae293-26b5-4d67-bc5d-e905a6760a80: receive RaftClientReply:client-B2F93226DCBB->056ae293-26b5-4d67-bc5d-e905a6760a80@group-50E32BB97A46, cid=1764, SUCCESS, logIndex=2560, commits[056ae293-26b5-4d67-bc5d-e905a6760a80:c2560, a428730f-9893-43cb-a585-e65a7e8859c8:c2556, 994b73f6-7725-4304-b3a4-4941318c1d6c:c2556]
 0.00% |█                                                                                                    |  0/1 Time: 0:00:152019-07-08 19:53:19,027 INFO  client.GrpcClientProtocolClient (GrpcClientProtocolClient.java:onNext(255)) - client-B2F93226DCBB->056ae293-26b5-4d67-bc5d-e905a6760a80: receive RaftClientReply:client-B2F93226DCBB->056ae293-26b5-4d67-bc5d-e905a6760a80@group-50E32BB97A46, cid=1765, SUCCESS, logIndex=0, commits[056ae293-26b5-4d67-bc5d-e905a6760a80:c2562, a428730f-9893-43cb-a585-e65a7e8859c8:c2560, 994b73f6-7725-4304-b3a4-4941318c1d6c:c2560]
2019-07-08 19:53:19,061 INFO  client.GrpcClientProtocolClient (GrpcClientProtocolClient.java:onNext(255)) - client-B2F93226DCBB->056ae293-26b5-4d67-bc5d-e905a6760a80: receive RaftClientReply:client-B2F93226DCBB->056ae293-26b5-4d67-bc5d-e905a6760a80@group-50E32BB97A46, cid=1766, SUCCESS, logIndex=2563, commits[056ae293-26b5-4d67-bc5d-e905a6760a80:c2564, a428730f-9893-43cb-a585-e65a7e8859c8:c2562, 994b73f6-7725-4304-b3a4-4941318c1d6c:c2562]
2019-07-08 19:53:19,062 INFO  client.GrpcClientProtocolClient (GrpcClientProtocolClient.java:onNext(255)) - client-B2F93226DCBB->056ae293-26b5-4d67-bc5d-e905a6760a80: receive RaftClientReply:client-B2F93226DCBB->056ae293-26b5-4d67-bc5d-e905a6760a80@group-50E32BB97A46, cid=1767, SUCCESS, logIndex=2564, commits[056ae293-26b5-4d67-bc5d-e905a6760a80:c2564, a428730f-9893-43cb-a585-e65a7e8859c8:c2562, 994b73f6-7725-4304-b3a4-4941318c1d6c:c2562]
2019-07-08 19:53:19,064 INFO  client.GrpcClientProtocolClient (GrpcClientProtocolClient.java:onNext(255)) - client-B2F93226DCBB->056ae293-26b5-4d67-bc5d-e905a6760a80: receive RaftClientReply:client-B2F93226DCBB->056ae293-26b5-4d67-bc5d-e905a6760a80@group-50E32BB97A46, cid=1768, SUCCESS, logIndex=2565, commits[056ae293-26b5-4d67-bc5d-e905a6760a80:c2566, a428730f-9893-43cb-a585-e65a7e8859c8:c2562, 994b73f6-7725-4304-b3a4-4941318c1d6c:c2562]
2019-07-08 19:53:19,064 INFO  client.GrpcClientProtocolClient (GrpcClientProtocolClient.java:onNext(255)) - client-B2F93226DCBB->056ae293-26b5-4d67-bc5d-e905a6760a80: receive RaftClientReply:client-B2F93226DCBB->056ae293-26b5-4d67-bc5d-e905a6760a80@group-50E32BB97A46, cid=1769, SUCCESS, logIndex=2566, commits[056ae293-26b5-4d67-bc5d-e905a6760a80:c2566, a428730f-9893-43cb-a585-e65a7e8859c8:c2562, 994b73f6-7725-4304-b3a4-4941318c1d6c:c2562]
2019-07-08 19:53:19,068 INFO  client.GrpcClientProtocolClient (GrpcClientProtocolClient.java:onNext(255)) - client-B2F93226DCBB->056ae293-26b5-4d67-bc5d-e905a6760a80: receive RaftClientReply:client-B2F93226DCBB->056ae293-26b5-4d67-bc5d-e905a6760a80@group-50E32BB97A46, cid=1770, SUCCESS, logIndex=0, commits[056ae293-26b5-4d67-bc5d-e905a6760a80:c2568, a428730f-9893-43cb-a585-e65a7e8859c8:c2564, 994b73f6-7725-4304-b3a4-4941318c1d6c:c2564]
2019-07-08 19:53:19,099 INFO  client.GrpcClientProtocolClient (GrpcClientProtocolClient.java:onNext(255)) - client-B2F93226DCBB->056ae293-26b5-4d67-bc5d-e905a6760a80: receive RaftClientReply:client-B2F93226DCBB->056ae293-26b5-4d67-bc5d-e905a6760a80@group-50E32BB97A46, cid=1771, SUCCESS, logIndex=2571, commits[056ae293-26b5-4d67-bc5d-e905a6760a80:c2572, a428730f-9893-43cb-a585-e65a7e8859c8:c2570, 994b73f6-7725-4304-b3a4-4941318c1d6c:c2570]
2019-07-08 19:53:19,100 INFO  client.GrpcClientProtocolClient (GrpcClientProtocolClient.java:onNext(255)) - client-B2F93226DCBB->056ae293-26b5-4d67-bc5d-e905a6760a80: receive RaftClientReply:client-B2F93226DCBB->056ae293-26b5-4d67-bc5d-e905a6760a80@group-50E32BB97A46, cid=1772, SUCCESS, logIndex=2572, commits[056ae293-26b5-4d67-bc5d-e905a6760a80:c2572, a428730f-9893-43cb-a585-e65a7e8859c8:c2570, 994b73f6-7725-4304-b3a4-4941318c1d6c:c2570]
2019-07-08 19:53:19,116 INFO  client.GrpcClientProtocolClient (GrpcClientProtocolClient.java:onNext(255)) - client-B2F93226DCBB->056ae293-26b5-4d67-bc5d-e905a6760a80: receive RaftClientReply:client-B2F93226DCBB->056ae293-26b5-4d67-bc5d-e905a6760a80@group-50E32BB97A46, cid=1773, SUCCESS, logIndex=2575, commits[056ae293-26b5-4d67-bc5d-e905a6760a80:c2576, a428730f-9893-43cb-a585-e65a7e8859c8:c2572, 994b73f6-7725-4304-b3a4-4941318c1d6c:c2572]
2019-07-08 19:53:19,116 INFO  client.GrpcClientProtocolClient (GrpcClientProtocolClient.java:onNext(255)) - client-B2F93226DCBB->056ae293-26b5-4d67-bc5d-e905a6760a80: receive RaftClientReply:client-B2F93226DCBB->056ae293-26b5-4d67-bc5d-e905a6760a80@group-50E32BB97A46, cid=1774, SUCCESS, logIndex=2576, commits[056ae293-26b5-4d67-bc5d-e905a6760a80:c2576, a428730f-9893-43cb-a585-e65a7e8859c8:c2572, 994b73f6-7725-4304-b3a4-4941318c1d6c:c2572]
2019-07-08 19:53:19,131 INFO  client.GrpcClientProtocolClient (GrpcClientProtocolClient.java:onNext(255)) - client-B2F93226DCBB->056ae293-26b5-4d67-bc5d-e905a6760a80: receive RaftClientReply:client-B2F93226DCBB->056ae293-26b5-4d67-bc5d-e905a6760a80@group-50E32BB97A46, cid=1775, SUCCESS, logIndex=0, commits[056ae293-26b5-4d67-bc5d-e905a6760a80:c2578, a428730f-9893-43cb-a585-e65a7e8859c8:c2576, 994b73f6-7725-4304-b3a4-4941318c1d6c:c2576]
2019-07-08 19:53:19,162 INFO  client.GrpcClientProtocolClient (GrpcClientProtocolClient.java:onNext(255)) - client-B2F93226DCBB->056ae293-26b5-4d67-bc5d-e905a6760a80: receive RaftClientReply:client-B2F93226DCBB->056ae293-26b5-4d67-bc5d-e905a6760a80@group-50E32BB97A46, cid=1776, SUCCESS, logIndex=2579, commits[056ae293-26b5-4d67-bc5d-e905a6760a80:c2581, a428730f-9893-43cb-a585-e65a7e8859c8:c2578, 994b73f6-7725-4304-b3a4-4941318c1d6c:c2578]
2019-07-08 19:53:19,163 INFO  client.GrpcClientProtocolClient (GrpcClientProtocolClient.java:onNext(255)) - client-B2F93226DCBB->056ae293-26b5-4d67-bc5d-e905a6760a80: receive RaftClientReply:client-B2F93226DCBB->056ae293-26b5-4d67-bc5d-e905a6760a80@group-50E32BB97A46, cid=1777, SUCCESS, logIndex=2580, commits[056ae293-26b5-4d67-bc5d-e905a6760a80:c2582, a428730f-9893-43cb-a585-e65a7e8859c8:c2578, 994b73f6-7725-4304-b3a4-4941318c1d6c:c2578]
2019-07-08 19:53:19,164 INFO  client.GrpcClientProtocolClient (GrpcClientProtocolClient.java:onNext(255)) - client-B2F93226DCBB->056ae293-26b5-4d67-bc5d-e905a6760a80: receive RaftClientReply:client-B2F93226DCBB->056ae293-26b5-4d67-bc5d-e905a6760a80@group-50E32BB97A46, cid=1778, SUCCESS, logIndex=2581, commits[056ae293-26b5-4d67-bc5d-e905a6760a80:c2582, a428730f-9893-43cb-a585-e65a7e8859c8:c2578, 994b73f6-7725-4304-b3a4-4941318c1d6c:c2578]
2019-07-08 19:53:19,164 INFO  client.GrpcClientProtocolClient (GrpcClientProtocolClient.java:onNext(255)) - client-B2F93226DCBB->056ae293-26b5-4d67-bc5d-e905a6760a80: receive RaftClientReply:client-B2F93226DCBB->056ae293-26b5-4d67-bc5d-e905a6760a80@group-50E32BB97A46, cid=1779, SUCCESS, logIndex=2582, commits[056ae293-26b5-4d67-bc5d-e905a6760a80:c2583, a428730f-9893-43cb-a585-e65a7e8859c8:c2579, 994b73f6-7725-4304-b3a4-4941318c1d6c:c2579]
2019-07-08 19:53:19,166 INFO  client.GrpcClientProtocolClient (GrpcClientProtocolClient.java:onNext(255)) - client-B2F93226DCBB->056ae293-26b5-4d67-bc5d-e905a6760a80: receive RaftClientReply:client-B2F93226DCBB->056ae293-26b5-4d67-bc5d-e905a6760a80@group-50E32BB97A46, cid=1780, SUCCESS, logIndex=0, commits[056ae293-26b5-4d67-bc5d-e905a6760a80:c2584, a428730f-9893-43cb-a585-e65a7e8859c8:c2580, 994b73f6-7725-4304-b3a4-4941318c1d6c:c2580]
2019-07-08 19:53:19,187 INFO  client.GrpcClientProtocolClient (GrpcClientProtocolClient.java:onNext(255)) - client-B2F93226DCBB->056ae293-26b5-4d67-bc5d-e905a6760a80: receive RaftClientReply:client-B2F93226DCBB->056ae293-26b5-4d67-bc5d-e905a6760a80@group-50E32BB97A46, cid=1781, SUCCESS, logIndex=2587, commits[056ae293-26b5-4d67-bc5d-e905a6760a80:c2588, a428730f-9893-43cb-a585-e65a7e8859c8:c2586, 994b73f6-7725-4304-b3a4-4941318c1d6c:c2586]
2019-07-08 19:53:19,188 INFO  client.GrpcClientProtocolClient (GrpcClientProtocolClient.java:onNext(255)) - client-B2F93226DCBB->056ae293-26b5-4d67-bc5d-e905a6760a80: receive RaftClientReply:client-B2F93226DCBB->056ae293-26b5-4d67-bc5d-e905a6760a80@group-50E32BB97A46, cid=1782, SUCCESS, logIndex=2588, commits[056ae293-26b5-4d67-bc5d-e905a6760a80:c2588, a428730f-9893-43cb-a585-e65a7e8859c8:c2586, 994b73f6-7725-4304-b3a4-4941318c1d6c:c2586]
2019-07-08 19:53:19,214 INFO  client.GrpcClientProtocolClient (GrpcClientProtocolClient.java:onNext(255)) - client-B2F93226DCBB->056ae293-26b5-4d67-bc5d-e905a6760a80: receive RaftClientReply:client-B2F93226DCBB->056ae293-26b5-4d67-bc5d-e905a6760a80@group-50E32BB97A46, cid=1783, SUCCESS, logIndex=2591, commits[056ae293-26b5-4d67-bc5d-e905a6760a80:c2592, a428730f-9893-43cb-a585-e65a7e8859c8:c2588, 994b73f6-7725-4304-b3a4-4941318c1d6c:c2588]
2019-07-08 19:53:19,214 INFO  client.GrpcClientProtocolClient (GrpcClientProtocolClient.java:onNext(255)) - client-B2F93226DCBB->056ae293-26b5-4d67-bc5d-e905a6760a80: receive RaftClientReply:client-B2F93226DCBB->056ae293-26b5-4d67-bc5d-e905a6760a80@group-50E32BB97A46, cid=1784, SUCCESS, logIndex=2592, commits[056ae293-26b5-4d67-bc5d-e905a6760a80:c2592, a428730f-9893-43cb-a585-e65a7e8859c8:c2588, 994b73f6-7725-4304-b3a4-4941318c1d6c:c2588]
2019-07-08 19:53:19,240 INFO  client.GrpcClientProtocolClient (GrpcClientProtocolClient.java:onNext(255)) - client-B2F93226DCBB->056ae293-26b5-4d67-bc5d-e905a6760a80: receive RaftClientReply:client-B2F93226DCBB->056ae293-26b5-4d67-bc5d-e905a6760a80@group-50E32BB97A46, cid=1785, SUCCESS, logIndex=0, commits[056ae293-26b5-4d67-bc5d-e905a6760a80:c2594, a428730f-9893-43cb-a585-e65a7e8859c8:c2592, 994b73f6-7725-4304-b3a4-4941318c1d6c:c2592]
2019-07-08 19:53:19,272 INFO  client.GrpcClientProtocolClient (GrpcClientProtocolClient.java:onNext(255)) - client-B2F93226DCBB->056ae293-26b5-4d67-bc5d-e905a6760a80: receive RaftClientReply:client-B2F93226DCBB->056ae293-26b5-4d67-bc5d-e905a6760a80@group-50E32BB97A46, cid=1786, SUCCESS, logIndex=2595, commits[056ae293-26b5-4d67-bc5d-e905a6760a80:c2596, a428730f-9893-43cb-a585-e65a7e8859c8:c2594, 994b73f6-7725-4304-b3a4-4941318c1d6c:c2594]
2019-07-08 19:53:19,272 INFO  client.GrpcClientProtocolClient (GrpcClientProtocolClient.java:onNext(255)) - client-B2F93226DCBB->056ae293-26b5-4d67-bc5d-e905a6760a80: receive RaftClientReply:client-B2F93226DCBB->056ae293-26b5-4d67-bc5d-e905a6760a80@group-50E32BB97A46, cid=1787, SUCCESS, logIndex=2596, commits[056ae293-26b5-4d67-bc5d-e905a6760a80:c2596, a428730f-9893-43cb-a585-e65a7e8859c8:c2594, 994b73f6-7725-4304-b3a4-4941318c1d6c:c2594]
2019-07-08 19:53:19,282 INFO  client.GrpcClientProtocolClient (GrpcClientProtocolClient.java:onNext(255)) - client-B2F93226DCBB->056ae293-26b5-4d67-bc5d-e905a6760a80: receive RaftClientReply:client-B2F93226DCBB->056ae293-26b5-4d67-bc5d-e905a6760a80@group-50E32BB97A46, cid=1788, SUCCESS, logIndex=2597, commits[056ae293-26b5-4d67-bc5d-e905a6760a80:c2598, a428730f-9893-43cb-a585-e65a7e8859c8:c2594, 994b73f6-7725-4304-b3a4-4941318c1d6c:c2594]
2019-07-08 19:53:19,282 INFO  client.GrpcClientProtocolClient (GrpcClientProtocolClient.java:onNext(255)) - client-B2F93226DCBB->056ae293-26b5-4d67-bc5d-e905a6760a80: receive RaftClientReply:client-B2F93226DCBB->056ae293-26b5-4d67-bc5d-e905a6760a80@group-50E32BB97A46, cid=1789, SUCCESS, logIndex=2598, commits[056ae293-26b5-4d67-bc5d-e905a6760a80:c2598, a428730f-9893-43cb-a585-e65a7e8859c8:c2594, 994b73f6-7725-4304-b3a4-4941318c1d6c:c2594]
2019-07-08 19:53:19,284 INFO  client.GrpcClientProtocolClient (GrpcClientProtocolClient.java:onNext(255)) - client-B2F93226DCBB->056ae293-26b5-4d67-bc5d-e905a6760a80: receive RaftClientReply:client-B2F93226DCBB->056ae293-26b5-4d67-bc5d-e905a6760a80@group-50E32BB97A46, cid=1790, SUCCESS, logIndex=0, commits[056ae293-26b5-4d67-bc5d-e905a6760a80:c2598, a428730f-9893-43cb-a585-e65a7e8859c8:c2596, 994b73f6-7725-4304-b3a4-4941318c1d6c:c2596]
2019-07-08 19:53:19,296 INFO  client.GrpcClientProtocolClient (GrpcClientProtocolClient.java:onNext(255)) - client-B2F93226DCBB->056ae293-26b5-4d67-bc5d-e905a6760a80: receive RaftClientReply:client-B2F93226DCBB->056ae293-26b5-4d67-bc5d-e905a6760a80@group-50E32BB97A46, cid=1791, SUCCESS, logIndex=2603, commits[056ae293-26b5-4d67-bc5d-e905a6760a80:c2604, a428730f-9893-43cb-a585-e65a7e8859c8:c2596, 994b73f6-7725-4304-b3a4-4941318c1d6c:c2602]
2019-07-08 19:53:19,297 INFO  client.GrpcClientProtocolClient (GrpcClientProtocolClient.java:onNext(255)) - client-B2F93226DCBB->056ae293-26b5-4d67-bc5d-e905a6760a80: receive RaftClientReply:client-B2F93226DCBB->056ae293-26b5-4d67-bc5d-e905a6760a80@group-50E32BB97A46, cid=1792, SUCCESS, logIndex=2604, commits[056ae293-26b5-4d67-bc5d-e905a6760a80:c2604, a428730f-9893-43cb-a585-e65a7e8859c8:c2602, 994b73f6-7725-4304-b3a4-4941318c1d6c:c2602]
2019-07-08 19:53:19,384 INFO  client.GrpcClientProtocolClient (GrpcClientProtocolClient.java:onNext(255)) - client-B2F93226DCBB->056ae293-26b5-4d67-bc5d-e905a6760a80: receive RaftClientReply:client-B2F93226DCBB->056ae293-26b5-4d67-bc5d-e905a6760a80@group-50E32BB97A46, cid=1793, SUCCESS, logIndex=2607, commits[056ae293-26b5-4d67-bc5d-e905a6760a80:c2608, a428730f-9893-43cb-a585-e65a7e8859c8:c2606, 994b73f6-7725-4304-b3a4-4941318c1d6c:c2606]
2019-07-08 19:53:19,385 INFO  client.GrpcClientProtocolClient (GrpcClientProtocolClient.java:onNext(255)) - client-B2F93226DCBB->056ae293-26b5-4d67-bc5d-e905a6760a80: receive RaftClientReply:client-B2F93226DCBB->056ae293-26b5-4d67-bc5d-e905a6760a80@group-50E32BB97A46, cid=1794, SUCCESS, logIndex=2608, commits[056ae293-26b5-4d67-bc5d-e905a6760a80:c2608, a428730f-9893-43cb-a585-e65a7e8859c8:c2606, 994b73f6-7725-4304-b3a4-4941318c1d6c:c2606]
2019-07-08 19:53:19,398 INFO  client.GrpcClientProtocolClient (GrpcClientProtocolClient.java:onNext(255)) - client-B2F93226DCBB->056ae293-26b5-4d67-bc5d-e905a6760a80: receive RaftClientReply:client-B2F93226DCBB->056ae293-26b5-4d67-bc5d-e905a6760a80@group-50E32BB97A46, cid=1795, SUCCESS, logIndex=0, commits[056ae293-26b5-4d67-bc5d-e905a6760a80:c2608, a428730f-9893-43cb-a585-e65a7e8859c8:c2608, 994b73f6-7725-4304-b3a4-4941318c1d6c:c2608]
2019-07-08 19:53:19,429 INFO  client.GrpcClientProtocolClient (GrpcClientProtocolClient.java:onNext(255)) - client-B2F93226DCBB->056ae293-26b5-4d67-bc5d-e905a6760a80: receive RaftClientReply:client-B2F93226DCBB->056ae293-26b5-4d67-bc5d-e905a6760a80@group-50E32BB97A46, cid=1796, SUCCESS, logIndex=2611, commits[056ae293-26b5-4d67-bc5d-e905a6760a80:c2612, a428730f-9893-43cb-a585-e65a7e8859c8:c2610, 994b73f6-7725-4304-b3a4-4941318c1d6c:c2610]
2019-07-08 19:53:19,430 INFO  client.GrpcClientProtocolClient (GrpcClientProtocolClient.java:onNext(255)) - client-B2F93226DCBB->056ae293-26b5-4d67-bc5d-e905a6760a80: receive RaftClientReply:client-B2F93226DCBB->056ae293-26b5-4d67-bc5d-e905a6760a80@group-50E32BB97A46, cid=1797, SUCCESS, logIndex=2612, commits[056ae293-26b5-4d67-bc5d-e905a6760a80:c2612, a428730f-9893-43cb-a585-e65a7e8859c8:c2610, 994b73f6-7725-4304-b3a4-4941318c1d6c:c2610]
2019-07-08 19:53:19,430 INFO  client.GrpcClientProtocolClient (GrpcClientProtocolClient.java:onNext(255)) - client-B2F93226DCBB->056ae293-26b5-4d67-bc5d-e905a6760a80: receive RaftClientReply:client-B2F93226DCBB->056ae293-26b5-4d67-bc5d-e905a6760a80@group-50E32BB97A46, cid=1798, SUCCESS, logIndex=2613, commits[056ae293-26b5-4d67-bc5d-e905a6760a80:c2614, a428730f-9893-43cb-a585-e65a7e8859c8:c2610, 994b73f6-7725-4304-b3a4-4941318c1d6c:c2610]
2019-07-08 19:53:19,431 INFO  client.GrpcClientProtocolClient (GrpcClientProtocolClient.java:onNext(255)) - client-B2F93226DCBB->056ae293-26b5-4d67-bc5d-e905a6760a80: receive RaftClientReply:client-B2F93226DCBB->056ae293-26b5-4d67-bc5d-e905a6760a80@group-50E32BB97A46, cid=1799, SUCCESS, logIndex=2614, commits[056ae293-26b5-4d67-bc5d-e905a6760a80:c2614, a428730f-9893-43cb-a585-e65a7e8859c8:c2610, 994b73f6-7725-4304-b3a4-4941318c1d6c:c2610]
2019-07-08 19:53:19,446 INFO  client.GrpcClientProtocolClient (GrpcClientProtocolClient.java:onNext(255)) - client-B2F93226DCBB->056ae293-26b5-4d67-bc5d-e905a6760a80: receive RaftClientReply:client-B2F93226DCBB->056ae293-26b5-4d67-bc5d-e905a6760a80@group-50E32BB97A46, cid=1800, SUCCESS, logIndex=0, commits[056ae293-26b5-4d67-bc5d-e905a6760a80:c2616, a428730f-9893-43cb-a585-e65a7e8859c8:c2612, 994b73f6-7725-4304-b3a4-4941318c1d6c:c2612]
2019-07-08 19:53:19,458 INFO  client.GrpcClientProtocolClient (GrpcClientProtocolClient.java:onNext(255)) - client-B2F93226DCBB->056ae293-26b5-4d67-bc5d-e905a6760a80: receive RaftClientReply:client-B2F93226DCBB->056ae293-26b5-4d67-bc5d-e905a6760a80@group-50E32BB97A46, cid=1801, SUCCESS, logIndex=2619, commits[056ae293-26b5-4d67-bc5d-e905a6760a80:c2620, a428730f-9893-43cb-a585-e65a7e8859c8:c2614, 994b73f6-7725-4304-b3a4-4941318c1d6c:c2618]
2019-07-08 19:53:19,459 INFO  client.GrpcClientProtocolClient (GrpcClientProtocolClient.java:onNext(255)) - client-B2F93226DCBB->056ae293-26b5-4d67-bc5d-e905a6760a80: receive RaftClientReply:client-B2F93226DCBB->056ae293-26b5-4d67-bc5d-e905a6760a80@group-50E32BB97A46, cid=1802, SUCCESS, logIndex=2620, commits[056ae293-26b5-4d67-bc5d-e905a6760a80:c2620, a428730f-9893-43cb-a585-e65a7e8859c8:c2618, 994b73f6-7725-4304-b3a4-4941318c1d6c:c2618]
2019-07-08 19:53:19,480 INFO  client.GrpcClientProtocolClient (GrpcClientProtocolClient.java:onNext(255)) - client-B2F93226DCBB->056ae293-26b5-4d67-bc5d-e905a6760a80: receive RaftClientReply:client-B2F93226DCBB->056ae293-26b5-4d67-bc5d-e905a6760a80@group-50E32BB97A46, cid=1803, SUCCESS, logIndex=2623, commits[056ae293-26b5-4d67-bc5d-e905a6760a80:c2624, a428730f-9893-43cb-a585-e65a7e8859c8:c2622, 994b73f6-7725-4304-b3a4-4941318c1d6c:c2622]
2019-07-08 19:53:19,481 INFO  client.GrpcClientProtocolClient (GrpcClientProtocolClient.java:onNext(255)) - client-B2F93226DCBB->056ae293-26b5-4d67-bc5d-e905a6760a80: receive RaftClientReply:client-B2F93226DCBB->056ae293-26b5-4d67-bc5d-e905a6760a80@group-50E32BB97A46, cid=1804, SUCCESS, logIndex=2624, commits[056ae293-26b5-4d67-bc5d-e905a6760a80:c2624, a428730f-9893-43cb-a585-e65a7e8859c8:c2622, 994b73f6-7725-4304-b3a4-4941318c1d6c:c2622]
2019-07-08 19:53:19,504 INFO  client.GrpcClientProtocolClient (GrpcClientProtocolClient.java:onNext(255)) - client-B2F93226DCBB->056ae293-26b5-4d67-bc5d-e905a6760a80: receive RaftClientReply:client-B2F93226DCBB->056ae293-26b5-4d67-bc5d-e905a6760a80@group-50E32BB97A46, cid=1805, SUCCESS, logIndex=0, commits[056ae293-26b5-4d67-bc5d-e905a6760a80:c2626, a428730f-9893-43cb-a585-e65a7e8859c8:c2624, 994b73f6-7725-4304-b3a4-4941318c1d6c:c2624]
2019-07-08 19:53:19,534 INFO  client.GrpcClientProtocolClient (GrpcClientProtocolClient.java:onNext(255)) - client-B2F93226DCBB->056ae293-26b5-4d67-bc5d-e905a6760a80: receive RaftClientReply:client-B2F93226DCBB->056ae293-26b5-4d67-bc5d-e905a6760a80@group-50E32BB97A46, cid=1806, SUCCESS, logIndex=2627, commits[056ae293-26b5-4d67-bc5d-e905a6760a80:c2628, a428730f-9893-43cb-a585-e65a7e8859c8:c2626, 994b73f6-7725-4304-b3a4-4941318c1d6c:c2626]
2019-07-08 19:53:19,534 INFO  client.GrpcClientProtocolClient (GrpcClientProtocolClient.java:onNext(255)) - client-B2F93226DCBB->056ae293-26b5-4d67-bc5d-e905a6760a80: receive RaftClientReply:client-B2F93226DCBB->056ae293-26b5-4d67-bc5d-e905a6760a80@group-50E32BB97A46, cid=1807, SUCCESS, logIndex=2628, commits[056ae293-26b5-4d67-bc5d-e905a6760a80:c2628, a428730f-9893-43cb-a585-e65a7e8859c8:c2626, 994b73f6-7725-4304-b3a4-4941318c1d6c:c2626]
2019-07-08 19:53:19,546 INFO  client.GrpcClientProtocolClient (GrpcClientProtocolClient.java:onNext(255)) - client-B2F93226DCBB->056ae293-26b5-4d67-bc5d-e905a6760a80: receive RaftClientReply:client-B2F93226DCBB->056ae293-26b5-4d67-bc5d-e905a6760a80@group-50E32BB97A46, cid=1808, SUCCESS, logIndex=2629, commits[056ae293-26b5-4d67-bc5d-e905a6760a80:c2629, a428730f-9893-43cb-a585-e65a7e8859c8:c2626, 994b73f6-7725-4304-b3a4-4941318c1d6c:c2626]
2019-07-08 19:53:19,547 INFO  client.GrpcClientProtocolClient (GrpcClientProtocolClient.java:onNext(255)) - client-B2F93226DCBB->056ae293-26b5-4d67-bc5d-e905a6760a80: receive RaftClientReply:client-B2F93226DCBB->056ae293-26b5-4d67-bc5d-e905a6760a80@group-50E32BB97A46, cid=1809, SUCCESS, logIndex=2630, commits[056ae293-26b5-4d67-bc5d-e905a6760a80:c2630, a428730f-9893-43cb-a585-e65a7e8859c8:c2626, 994b73f6-7725-4304-b3a4-4941318c1d6c:c2626]
2019-07-08 19:53:19,558 INFO  client.GrpcClientProtocolClient (GrpcClientProtocolClient.java:onNext(255)) - client-B2F93226DCBB->056ae293-26b5-4d67-bc5d-e905a6760a80: receive RaftClientReply:client-B2F93226DCBB->056ae293-26b5-4d67-bc5d-e905a6760a80@group-50E32BB97A46, cid=1810, SUCCESS, logIndex=0, commits[056ae293-26b5-4d67-bc5d-e905a6760a80:c2632, a428730f-9893-43cb-a585-e65a7e8859c8:c2628, 994b73f6-7725-4304-b3a4-4941318c1d6c:c2628]
2019-07-08 19:53:19,571 INFO  client.GrpcClientProtocolClient (GrpcClientProtocolClient.java:onNext(255)) - client-B2F93226DCBB->056ae293-26b5-4d67-bc5d-e905a6760a80: receive RaftClientReply:client-B2F93226DCBB->056ae293-26b5-4d67-bc5d-e905a6760a80@group-50E32BB97A46, cid=1811, SUCCESS, logIndex=2635, commits[056ae293-26b5-4d67-bc5d-e905a6760a80:c2636, a428730f-9893-43cb-a585-e65a7e8859c8:c2634, 994b73f6-7725-4304-b3a4-4941318c1d6c:c2634]
2019-07-08 19:53:19,571 INFO  client.GrpcClientProtocolClient (GrpcClientProtocolClient.java:onNext(255)) - client-B2F93226DCBB->056ae293-26b5-4d67-bc5d-e905a6760a80: receive RaftClientReply:client-B2F93226DCBB->056ae293-26b5-4d67-bc5d-e905a6760a80@group-50E32BB97A46, cid=1812, SUCCESS, logIndex=2636, commits[056ae293-26b5-4d67-bc5d-e905a6760a80:c2636, a428730f-9893-43cb-a585-e65a7e8859c8:c2634, 994b73f6-7725-4304-b3a4-4941318c1d6c:c2634]
2019-07-08 19:53:19,581 INFO  client.GrpcClientProtocolClient (GrpcClientProtocolClient.java:onNext(255)) - client-B2F93226DCBB->056ae293-26b5-4d67-bc5d-e905a6760a80: receive RaftClientReply:client-B2F93226DCBB->056ae293-26b5-4d67-bc5d-e905a6760a80@group-50E32BB97A46, cid=1813, SUCCESS, logIndex=2639, commits[056ae293-26b5-4d67-bc5d-e905a6760a80:c2640, a428730f-9893-43cb-a585-e65a7e8859c8:c2636, 994b73f6-7725-4304-b3a4-4941318c1d6c:c2637]
2019-07-08 19:53:19,582 INFO  client.GrpcClientProtocolClient (GrpcClientProtocolClient.java:onNext(255)) - client-B2F93226DCBB->056ae293-26b5-4d67-bc5d-e905a6760a80: receive RaftClientReply:client-B2F93226DCBB->056ae293-26b5-4d67-bc5d-e905a6760a80@group-50E32BB97A46, cid=1814, SUCCESS, logIndex=2640, commits[056ae293-26b5-4d67-bc5d-e905a6760a80:c2640, a428730f-9893-43cb-a585-e65a7e8859c8:c2637, 994b73f6-7725-4304-b3a4-4941318c1d6c:c2637]
2019-07-08 19:53:19,584 INFO  client.GrpcClientProtocolClient (GrpcClientProtocolClient.java:onNext(255)) - client-B2F93226DCBB->056ae293-26b5-4d67-bc5d-e905a6760a80: receive RaftClientReply:client-B2F93226DCBB->056ae293-26b5-4d67-bc5d-e905a6760a80@group-50E32BB97A46, cid=1815, SUCCESS, logIndex=0, commits[056ae293-26b5-4d67-bc5d-e905a6760a80:c2641, a428730f-9893-43cb-a585-e65a7e8859c8:c2640, 994b73f6-7725-4304-b3a4-4941318c1d6c:c2640]
2019-07-08 19:53:19,610 INFO  client.GrpcClientProtocolClient (GrpcClientProtocolClient.java:onNext(255)) - client-B2F93226DCBB->056ae293-26b5-4d67-bc5d-e905a6760a80: receive RaftClientReply:client-B2F93226DCBB->056ae293-26b5-4d67-bc5d-e905a6760a80@group-50E32BB97A46, cid=1816, SUCCESS, logIndex=2643, commits[056ae293-26b5-4d67-bc5d-e905a6760a80:c2645, a428730f-9893-43cb-a585-e65a7e8859c8:c2642, 994b73f6-7725-4304-b3a4-4941318c1d6c:c2642]
2019-07-08 19:53:19,611 INFO  client.GrpcClientProtocolClient (GrpcClientProtocolClient.java:onNext(255)) - client-B2F93226DCBB->056ae293-26b5-4d67-bc5d-e905a6760a80: receive RaftClientReply:client-B2F93226DCBB->056ae293-26b5-4d67-bc5d-e905a6760a80@group-50E32BB97A46, cid=1817, SUCCESS, logIndex=2644, commits[056ae293-26b5-4d67-bc5d-e905a6760a80:c2646, a428730f-9893-43cb-a585-e65a7e8859c8:c2642, 994b73f6-7725-4304-b3a4-4941318c1d6c:c2642]
2019-07-08 19:53:19,611 INFO  client.GrpcClientProtocolClient (GrpcClientProtocolClient.java:onNext(255)) - client-B2F93226DCBB->056ae293-26b5-4d67-bc5d-e905a6760a80: receive RaftClientReply:client-B2F93226DCBB->056ae293-26b5-4d67-bc5d-e905a6760a80@group-50E32BB97A46, cid=1818, SUCCESS, logIndex=2645, commits[056ae293-26b5-4d67-bc5d-e905a6760a80:c2646, a428730f-9893-43cb-a585-e65a7e8859c8:c2642, 994b73f6-7725-4304-b3a4-4941318c1d6c:c2642]
2019-07-08 19:53:19,611 INFO  client.GrpcClientProtocolClient (GrpcClientProtocolClient.java:onNext(255)) - client-B2F93226DCBB->056ae293-26b5-4d67-bc5d-e905a6760a80: receive RaftClientReply:client-B2F93226DCBB->056ae293-26b5-4d67-bc5d-e905a6760a80@group-50E32BB97A46, cid=1819, SUCCESS, logIndex=2646, commits[056ae293-26b5-4d67-bc5d-e905a6760a80:c2646, a428730f-9893-43cb-a585-e65a7e8859c8:c2642, 994b73f6-7725-4304-b3a4-4941318c1d6c:c2642]
2019-07-08 19:53:19,631 INFO  client.GrpcClientProtocolClient (GrpcClientProtocolClient.java:onNext(255)) - client-B2F93226DCBB->056ae293-26b5-4d67-bc5d-e905a6760a80: receive RaftClientReply:client-B2F93226DCBB->056ae293-26b5-4d67-bc5d-e905a6760a80@group-50E32BB97A46, cid=1820, SUCCESS, logIndex=0, commits[056ae293-26b5-4d67-bc5d-e905a6760a80:c2647, a428730f-9893-43cb-a585-e65a7e8859c8:c2644, 994b73f6-7725-4304-b3a4-4941318c1d6c:c2644]
2019-07-08 19:53:19,652 INFO  client.GrpcClientProtocolClient (GrpcClientProtocolClient.java:onNext(255)) - client-B2F93226DCBB->056ae293-26b5-4d67-bc5d-e905a6760a80: receive RaftClientReply:client-B2F93226DCBB->056ae293-26b5-4d67-bc5d-e905a6760a80@group-50E32BB97A46, cid=1821, SUCCESS, logIndex=2651, commits[056ae293-26b5-4d67-bc5d-e905a6760a80:c2652, a428730f-9893-43cb-a585-e65a7e8859c8:c2650, 994b73f6-7725-4304-b3a4-4941318c1d6c:c2650]
2019-07-08 19:53:19,652 INFO  client.GrpcClientProtocolClient (GrpcClientProtocolClient.java:onNext(255)) - client-B2F93226DCBB->056ae293-26b5-4d67-bc5d-e905a6760a80: receive RaftClientReply:client-B2F93226DCBB->056ae293-26b5-4d67-bc5d-e905a6760a80@group-50E32BB97A46, cid=1822, SUCCESS, logIndex=2652, commits[056ae293-26b5-4d67-bc5d-e905a6760a80:c2652, a428730f-9893-43cb-a585-e65a7e8859c8:c2650, 994b73f6-7725-4304-b3a4-4941318c1d6c:c2650]
2019-07-08 19:53:19,677 INFO  client.GrpcClientProtocolClient (GrpcClientProtocolClient.java:onNext(255)) - client-B2F93226DCBB->056ae293-26b5-4d67-bc5d-e905a6760a80: receive RaftClientReply:client-B2F93226DCBB->056ae293-26b5-4d67-bc5d-e905a6760a80@group-50E32BB97A46, cid=1823, SUCCESS, logIndex=2655, commits[056ae293-26b5-4d67-bc5d-e905a6760a80:c2656, a428730f-9893-43cb-a585-e65a7e8859c8:c2652, 994b73f6-7725-4304-b3a4-4941318c1d6c:c2652]
2019-07-08 19:53:19,678 INFO  client.GrpcClientProtocolClient (GrpcClientProtocolClient.java:onNext(255)) - client-B2F93226DCBB->056ae293-26b5-4d67-bc5d-e905a6760a80: receive RaftClientReply:client-B2F93226DCBB->056ae293-26b5-4d67-bc5d-e905a6760a80@group-50E32BB97A46, cid=1824, SUCCESS, logIndex=2656, commits[056ae293-26b5-4d67-bc5d-e905a6760a80:c2656, a428730f-9893-43cb-a585-e65a7e8859c8:c2652, 994b73f6-7725-4304-b3a4-4941318c1d6c:c2652]
2019-07-08 19:53:19,692 INFO  client.GrpcClientProtocolClient (GrpcClientProtocolClient.java:onNext(255)) - client-B2F93226DCBB->056ae293-26b5-4d67-bc5d-e905a6760a80: receive RaftClientReply:client-B2F93226DCBB->056ae293-26b5-4d67-bc5d-e905a6760a80@group-50E32BB97A46, cid=1825, SUCCESS, logIndex=0, commits[056ae293-26b5-4d67-bc5d-e905a6760a80:c2656, a428730f-9893-43cb-a585-e65a7e8859c8:c2656, 994b73f6-7725-4304-b3a4-4941318c1d6c:c2656]
2019-07-08 19:53:19,822 INFO  client.GrpcClientProtocolClient (GrpcClientProtocolClient.java:onNext(255)) - client-B2F93226DCBB->056ae293-26b5-4d67-bc5d-e905a6760a80: receive RaftClientReply:client-B2F93226DCBB->056ae293-26b5-4d67-bc5d-e905a6760a80@group-50E32BB97A46, cid=1826, SUCCESS, logIndex=2659, commits[056ae293-26b5-4d67-bc5d-e905a6760a80:c2660, a428730f-9893-43cb-a585-e65a7e8859c8:c2658, 994b73f6-7725-4304-b3a4-4941318c1d6c:c2658]
2019-07-08 19:53:19,823 INFO  client.GrpcClientProtocolClient (GrpcClientProtocolClient.java:onNext(255)) - client-B2F93226DCBB->056ae293-26b5-4d67-bc5d-e905a6760a80: receive RaftClientReply:client-B2F93226DCBB->056ae293-26b5-4d67-bc5d-e905a6760a80@group-50E32BB97A46, cid=1827, SUCCESS, logIndex=2660, commits[056ae293-26b5-4d67-bc5d-e905a6760a80:c2660, a428730f-9893-43cb-a585-e65a7e8859c8:c2658, 994b73f6-7725-4304-b3a4-4941318c1d6c:c2658]
2019-07-08 19:53:19,835 INFO  client.GrpcClientProtocolClient (GrpcClientProtocolClient.java:onNext(255)) - client-B2F93226DCBB->056ae293-26b5-4d67-bc5d-e905a6760a80: receive RaftClientReply:client-B2F93226DCBB->056ae293-26b5-4d67-bc5d-e905a6760a80@group-50E32BB97A46, cid=1828, SUCCESS, logIndex=2661, commits[056ae293-26b5-4d67-bc5d-e905a6760a80:c2662, a428730f-9893-43cb-a585-e65a7e8859c8:c2658, 994b73f6-7725-4304-b3a4-4941318c1d6c:c2658]
2019-07-08 19:53:19,836 INFO  client.GrpcClientProtocolClient (GrpcClientProtocolClient.java:onNext(255)) - client-B2F93226DCBB->056ae293-26b5-4d67-bc5d-e905a6760a80: receive RaftClientReply:client-B2F93226DCBB->056ae293-26b5-4d67-bc5d-e905a6760a80@group-50E32BB97A46, cid=1829, SUCCESS, logIndex=2662, commits[056ae293-26b5-4d67-bc5d-e905a6760a80:c2662, a428730f-9893-43cb-a585-e65a7e8859c8:c2658, 994b73f6-7725-4304-b3a4-4941318c1d6c:c2658]
2019-07-08 19:53:19,848 INFO  client.GrpcClientProtocolClient (GrpcClientProtocolClient.java:onNext(255)) - client-B2F93226DCBB->056ae293-26b5-4d67-bc5d-e905a6760a80: receive RaftClientReply:client-B2F93226DCBB->056ae293-26b5-4d67-bc5d-e905a6760a80@group-50E32BB97A46, cid=1830, SUCCESS, logIndex=0, commits[056ae293-26b5-4d67-bc5d-e905a6760a80:c2664, a428730f-9893-43cb-a585-e65a7e8859c8:c2660, 994b73f6-7725-4304-b3a4-4941318c1d6c:c2660]
2019-07-08 19:53:19,863 INFO  client.GrpcClientProtocolClient (GrpcClientProtocolClient.java:onNext(255)) - client-B2F93226DCBB->056ae293-26b5-4d67-bc5d-e905a6760a80: receive RaftClientReply:client-B2F93226DCBB->056ae293-26b5-4d67-bc5d-e905a6760a80@group-50E32BB97A46, cid=1831, SUCCESS, logIndex=2667, commits[056ae293-26b5-4d67-bc5d-e905a6760a80:c2668, a428730f-9893-43cb-a585-e65a7e8859c8:c2664, 994b73f6-7725-4304-b3a4-4941318c1d6c:c2664]
2019-07-08 19:53:19,864 INFO  client.GrpcClientProtocolClient (GrpcClientProtocolClient.java:onNext(255)) - client-B2F93226DCBB->056ae293-26b5-4d67-bc5d-e905a6760a80: receive RaftClientReply:client-B2F93226DCBB->056ae293-26b5-4d67-bc5d-e905a6760a80@group-50E32BB97A46, cid=1832, SUCCESS, logIndex=2668, commits[056ae293-26b5-4d67-bc5d-e905a6760a80:c2668, a428730f-9893-43cb-a585-e65a7e8859c8:c2664, 994b73f6-7725-4304-b3a4-4941318c1d6c:c2664]
2019-07-08 19:53:19,894 INFO  client.GrpcClientProtocolClient (GrpcClientProtocolClient.java:onNext(255)) - client-B2F93226DCBB->056ae293-26b5-4d67-bc5d-e905a6760a80: receive RaftClientReply:client-B2F93226DCBB->056ae293-26b5-4d67-bc5d-e905a6760a80@group-50E32BB97A46, cid=1833, SUCCESS, logIndex=2671, commits[056ae293-26b5-4d67-bc5d-e905a6760a80:c2672, a428730f-9893-43cb-a585-e65a7e8859c8:c2669, 994b73f6-7725-4304-b3a4-4941318c1d6c:c2669]
2019-07-08 19:53:19,894 INFO  client.GrpcClientProtocolClient (GrpcClientProtocolClient.java:onNext(255)) - client-B2F93226DCBB->056ae293-26b5-4d67-bc5d-e905a6760a80: receive RaftClientReply:client-B2F93226DCBB->056ae293-26b5-4d67-bc5d-e905a6760a80@group-50E32BB97A46, cid=1834, SUCCESS, logIndex=2672, commits[056ae293-26b5-4d67-bc5d-e905a6760a80:c2672, a428730f-9893-43cb-a585-e65a7e8859c8:c2669, 994b73f6-7725-4304-b3a4-4941318c1d6c:c2669]
2019-07-08 19:53:19,918 INFO  client.GrpcClientProtocolClient (GrpcClientProtocolClient.java:onNext(255)) - client-B2F93226DCBB->056ae293-26b5-4d67-bc5d-e905a6760a80: receive RaftClientReply:client-B2F93226DCBB->056ae293-26b5-4d67-bc5d-e905a6760a80@group-50E32BB97A46, cid=1835, SUCCESS, logIndex=0, commits[056ae293-26b5-4d67-bc5d-e905a6760a80:c2673, a428730f-9893-43cb-a585-e65a7e8859c8:c2672, 994b73f6-7725-4304-b3a4-4941318c1d6c:c2672]
2019-07-08 19:53:19,945 INFO  client.GrpcClientProtocolClient (GrpcClientProtocolClient.java:onNext(255)) - client-B2F93226DCBB->056ae293-26b5-4d67-bc5d-e905a6760a80: receive RaftClientReply:client-B2F93226DCBB->056ae293-26b5-4d67-bc5d-e905a6760a80@group-50E32BB97A46, cid=1836, SUCCESS, logIndex=2675, commits[056ae293-26b5-4d67-bc5d-e905a6760a80:c2676, a428730f-9893-43cb-a585-e65a7e8859c8:c2674, 994b73f6-7725-4304-b3a4-4941318c1d6c:c2674]
2019-07-08 19:53:19,946 INFO  client.GrpcClientProtocolClient (GrpcClientProtocolClient.java:onNext(255)) - client-B2F93226DCBB->056ae293-26b5-4d67-bc5d-e905a6760a80: receive RaftClientReply:client-B2F93226DCBB->056ae293-26b5-4d67-bc5d-e905a6760a80@group-50E32BB97A46, cid=1837, SUCCESS, logIndex=2676, commits[056ae293-26b5-4d67-bc5d-e905a6760a80:c2678, a428730f-9893-43cb-a585-e65a7e8859c8:c2674, 994b73f6-7725-4304-b3a4-4941318c1d6c:c2674]
2019-07-08 19:53:19,946 INFO  client.GrpcClientProtocolClient (GrpcClientProtocolClient.java:onNext(255)) - client-B2F93226DCBB->056ae293-26b5-4d67-bc5d-e905a6760a80: receive RaftClientReply:client-B2F93226DCBB->056ae293-26b5-4d67-bc5d-e905a6760a80@group-50E32BB97A46, cid=1838, SUCCESS, logIndex=2677, commits[056ae293-26b5-4d67-bc5d-e905a6760a80:c2678, a428730f-9893-43cb-a585-e65a7e8859c8:c2674, 994b73f6-7725-4304-b3a4-4941318c1d6c:c2674]
2019-07-08 19:53:19,947 INFO  client.GrpcClientProtocolClient (GrpcClientProtocolClient.java:onNext(255)) - client-B2F93226DCBB->056ae293-26b5-4d67-bc5d-e905a6760a80: receive RaftClientReply:client-B2F93226DCBB->056ae293-26b5-4d67-bc5d-e905a6760a80@group-50E32BB97A46, cid=1839, SUCCESS, logIndex=2678, commits[056ae293-26b5-4d67-bc5d-e905a6760a80:c2678, a428730f-9893-43cb-a585-e65a7e8859c8:c2674, 994b73f6-7725-4304-b3a4-4941318c1d6c:c2674]
2019-07-08 19:53:19,959 INFO  client.GrpcClientProtocolClient (GrpcClientProtocolClient.java:onNext(255)) - client-B2F93226DCBB->056ae293-26b5-4d67-bc5d-e905a6760a80: receive RaftClientReply:client-B2F93226DCBB->056ae293-26b5-4d67-bc5d-e905a6760a80@group-50E32BB97A46, cid=1840, SUCCESS, logIndex=0, commits[056ae293-26b5-4d67-bc5d-e905a6760a80:c2681, a428730f-9893-43cb-a585-e65a7e8859c8:c2676, 994b73f6-7725-4304-b3a4-4941318c1d6c:c2677]
2019-07-08 19:53:19,981 INFO  client.GrpcClientProtocolClient (GrpcClientProtocolClient.java:onNext(255)) - client-B2F93226DCBB->056ae293-26b5-4d67-bc5d-e905a6760a80: receive RaftClientReply:client-B2F93226DCBB->056ae293-26b5-4d67-bc5d-e905a6760a80@group-50E32BB97A46, cid=1841, SUCCESS, logIndex=2683, commits[056ae293-26b5-4d67-bc5d-e905a6760a80:c2684, a428730f-9893-43cb-a585-e65a7e8859c8:c2682, 994b73f6-7725-4304-b3a4-4941318c1d6c:c2682]
2019-07-08 19:53:19,981 INFO  client.GrpcClientProtocolClient (GrpcClientProtocolClient.java:onNext(255)) - client-B2F93226DCBB->056ae293-26b5-4d67-bc5d-e905a6760a80: receive RaftClientReply:client-B2F93226DCBB->056ae293-26b5-4d67-bc5d-e905a6760a80@group-50E32BB97A46, cid=1842, SUCCESS, logIndex=2684, commits[056ae293-26b5-4d67-bc5d-e905a6760a80:c2684, a428730f-9893-43cb-a585-e65a7e8859c8:c2682, 994b73f6-7725-4304-b3a4-4941318c1d6c:c2682]
 0.00% |█                                                                                                    |  0/1 Time: 0:00:162019-07-08 19:53:20,005 INFO  client.GrpcClientProtocolClient (GrpcClientProtocolClient.java:onNext(255)) - client-B2F93226DCBB->056ae293-26b5-4d67-bc5d-e905a6760a80: receive RaftClientReply:client-B2F93226DCBB->056ae293-26b5-4d67-bc5d-e905a6760a80@group-50E32BB97A46, cid=1843, SUCCESS, logIndex=2687, commits[056ae293-26b5-4d67-bc5d-e905a6760a80:c2687, a428730f-9893-43cb-a585-e65a7e8859c8:c2684, 994b73f6-7725-4304-b3a4-4941318c1d6c:c2684]
2019-07-08 19:53:20,006 INFO  client.GrpcClientProtocolClient (GrpcClientProtocolClient.java:onNext(255)) - client-B2F93226DCBB->056ae293-26b5-4d67-bc5d-e905a6760a80: receive RaftClientReply:client-B2F93226DCBB->056ae293-26b5-4d67-bc5d-e905a6760a80@group-50E32BB97A46, cid=1844, SUCCESS, logIndex=2688, commits[056ae293-26b5-4d67-bc5d-e905a6760a80:c2688, a428730f-9893-43cb-a585-e65a7e8859c8:c2684, 994b73f6-7725-4304-b3a4-4941318c1d6c:c2684]
2019-07-08 19:53:20,031 INFO  client.GrpcClientProtocolClient (GrpcClientProtocolClient.java:onNext(255)) - client-B2F93226DCBB->056ae293-26b5-4d67-bc5d-e905a6760a80: receive RaftClientReply:client-B2F93226DCBB->056ae293-26b5-4d67-bc5d-e905a6760a80@group-50E32BB97A46, cid=1845, SUCCESS, logIndex=0, commits[056ae293-26b5-4d67-bc5d-e905a6760a80:c2690, a428730f-9893-43cb-a585-e65a7e8859c8:c2688, 994b73f6-7725-4304-b3a4-4941318c1d6c:c2688]
2019-07-08 19:53:20,062 INFO  client.GrpcClientProtocolClient (GrpcClientProtocolClient.java:onNext(255)) - client-B2F93226DCBB->056ae293-26b5-4d67-bc5d-e905a6760a80: receive RaftClientReply:client-B2F93226DCBB->056ae293-26b5-4d67-bc5d-e905a6760a80@group-50E32BB97A46, cid=1846, SUCCESS, logIndex=2691, commits[056ae293-26b5-4d67-bc5d-e905a6760a80:c2692, a428730f-9893-43cb-a585-e65a7e8859c8:c2690, 994b73f6-7725-4304-b3a4-4941318c1d6c:c2690]
2019-07-08 19:53:20,063 INFO  client.GrpcClientProtocolClient (GrpcClientProtocolClient.java:onNext(255)) - client-B2F93226DCBB->056ae293-26b5-4d67-bc5d-e905a6760a80: receive RaftClientReply:client-B2F93226DCBB->056ae293-26b5-4d67-bc5d-e905a6760a80@group-50E32BB97A46, cid=1847, SUCCESS, logIndex=2692, commits[056ae293-26b5-4d67-bc5d-e905a6760a80:c2692, a428730f-9893-43cb-a585-e65a7e8859c8:c2690, 994b73f6-7725-4304-b3a4-4941318c1d6c:c2690]
2019-07-08 19:53:20,072 INFO  client.GrpcClientProtocolClient (GrpcClientProtocolClient.java:onNext(255)) - client-B2F93226DCBB->056ae293-26b5-4d67-bc5d-e905a6760a80: receive RaftClientReply:client-B2F93226DCBB->056ae293-26b5-4d67-bc5d-e905a6760a80@group-50E32BB97A46, cid=1848, SUCCESS, logIndex=2693, commits[056ae293-26b5-4d67-bc5d-e905a6760a80:c2694, a428730f-9893-43cb-a585-e65a7e8859c8:c2690, 994b73f6-7725-4304-b3a4-4941318c1d6c:c2690]
2019-07-08 19:53:20,072 INFO  client.GrpcClientProtocolClient (GrpcClientProtocolClient.java:onNext(255)) - client-B2F93226DCBB->056ae293-26b5-4d67-bc5d-e905a6760a80: receive RaftClientReply:client-B2F93226DCBB->056ae293-26b5-4d67-bc5d-e905a6760a80@group-50E32BB97A46, cid=1849, SUCCESS, logIndex=2694, commits[056ae293-26b5-4d67-bc5d-e905a6760a80:c2694, a428730f-9893-43cb-a585-e65a7e8859c8:c2690, 994b73f6-7725-4304-b3a4-4941318c1d6c:c2690]
2019-07-08 19:53:20,078 INFO  client.GrpcClientProtocolClient (GrpcClientProtocolClient.java:onNext(255)) - client-B2F93226DCBB->056ae293-26b5-4d67-bc5d-e905a6760a80: receive RaftClientReply:client-B2F93226DCBB->056ae293-26b5-4d67-bc5d-e905a6760a80@group-50E32BB97A46, cid=1850, SUCCESS, logIndex=0, commits[056ae293-26b5-4d67-bc5d-e905a6760a80:c2696, a428730f-9893-43cb-a585-e65a7e8859c8:c2692, 994b73f6-7725-4304-b3a4-4941318c1d6c:c2694]
2019-07-08 19:53:20,091 INFO  client.GrpcClientProtocolClient (GrpcClientProtocolClient.java:onNext(255)) - client-B2F93226DCBB->056ae293-26b5-4d67-bc5d-e905a6760a80: receive RaftClientReply:client-B2F93226DCBB->056ae293-26b5-4d67-bc5d-e905a6760a80@group-50E32BB97A46, cid=1851, SUCCESS, logIndex=2698, commits[056ae293-26b5-4d67-bc5d-e905a6760a80:c2699, a428730f-9893-43cb-a585-e65a7e8859c8:c2697, 994b73f6-7725-4304-b3a4-4941318c1d6c:c2697]
2019-07-08 19:53:20,091 INFO  client.GrpcClientProtocolClient (GrpcClientProtocolClient.java:onNext(255)) - client-B2F93226DCBB->056ae293-26b5-4d67-bc5d-e905a6760a80: receive RaftClientReply:client-B2F93226DCBB->056ae293-26b5-4d67-bc5d-e905a6760a80@group-50E32BB97A46, cid=1852, SUCCESS, logIndex=2699, commits[056ae293-26b5-4d67-bc5d-e905a6760a80:c2699, a428730f-9893-43cb-a585-e65a7e8859c8:c2697, 994b73f6-7725-4304-b3a4-4941318c1d6c:c2697]
2019-07-08 19:53:20,103 INFO  client.GrpcClientProtocolClient (GrpcClientProtocolClient.java:onNext(255)) - client-B2F93226DCBB->056ae293-26b5-4d67-bc5d-e905a6760a80: receive RaftClientReply:client-B2F93226DCBB->056ae293-26b5-4d67-bc5d-e905a6760a80@group-50E32BB97A46, cid=1853, SUCCESS, logIndex=2702, commits[056ae293-26b5-4d67-bc5d-e905a6760a80:c2703, a428730f-9893-43cb-a585-e65a7e8859c8:c2701, 994b73f6-7725-4304-b3a4-4941318c1d6c:c2699]
2019-07-08 19:53:20,103 INFO  client.GrpcClientProtocolClient (GrpcClientProtocolClient.java:onNext(255)) - client-B2F93226DCBB->056ae293-26b5-4d67-bc5d-e905a6760a80: receive RaftClientReply:client-B2F93226DCBB->056ae293-26b5-4d67-bc5d-e905a6760a80@group-50E32BB97A46, cid=1854, SUCCESS, logIndex=2703, commits[056ae293-26b5-4d67-bc5d-e905a6760a80:c2703, a428730f-9893-43cb-a585-e65a7e8859c8:c2701, 994b73f6-7725-4304-b3a4-4941318c1d6c:c2701]
2019-07-08 19:53:20,105 INFO  client.GrpcClientProtocolClient (GrpcClientProtocolClient.java:onNext(255)) - client-B2F93226DCBB->056ae293-26b5-4d67-bc5d-e905a6760a80: receive RaftClientReply:client-B2F93226DCBB->056ae293-26b5-4d67-bc5d-e905a6760a80@group-50E32BB97A46, cid=1855, SUCCESS, logIndex=0, commits[056ae293-26b5-4d67-bc5d-e905a6760a80:c2704, a428730f-9893-43cb-a585-e65a7e8859c8:c2703, 994b73f6-7725-4304-b3a4-4941318c1d6c:c2703]
2019-07-08 19:53:20,144 INFO  client.GrpcClientProtocolClient (GrpcClientProtocolClient.java:onNext(255)) - client-B2F93226DCBB->056ae293-26b5-4d67-bc5d-e905a6760a80: receive RaftClientReply:client-B2F93226DCBB->056ae293-26b5-4d67-bc5d-e905a6760a80@group-50E32BB97A46, cid=1856, SUCCESS, logIndex=2706, commits[056ae293-26b5-4d67-bc5d-e905a6760a80:c2707, a428730f-9893-43cb-a585-e65a7e8859c8:c2705, 994b73f6-7725-4304-b3a4-4941318c1d6c:c2705]
2019-07-08 19:53:20,145 INFO  client.GrpcClientProtocolClient (GrpcClientProtocolClient.java:onNext(255)) - client-B2F93226DCBB->056ae293-26b5-4d67-bc5d-e905a6760a80: receive RaftClientReply:client-B2F93226DCBB->056ae293-26b5-4d67-bc5d-e905a6760a80@group-50E32BB97A46, cid=1857, SUCCESS, logIndex=2707, commits[056ae293-26b5-4d67-bc5d-e905a6760a80:c2708, a428730f-9893-43cb-a585-e65a7e8859c8:c2705, 994b73f6-7725-4304-b3a4-4941318c1d6c:c2705]
2019-07-08 19:53:20,145 INFO  client.GrpcClientProtocolClient (GrpcClientProtocolClient.java:onNext(255)) - client-B2F93226DCBB->056ae293-26b5-4d67-bc5d-e905a6760a80: receive RaftClientReply:client-B2F93226DCBB->056ae293-26b5-4d67-bc5d-e905a6760a80@group-50E32BB97A46, cid=1858, SUCCESS, logIndex=2708, commits[056ae293-26b5-4d67-bc5d-e905a6760a80:c2709, a428730f-9893-43cb-a585-e65a7e8859c8:c2705, 994b73f6-7725-4304-b3a4-4941318c1d6c:c2705]
2019-07-08 19:53:20,145 INFO  client.GrpcClientProtocolClient (GrpcClientProtocolClient.java:onNext(255)) - client-B2F93226DCBB->056ae293-26b5-4d67-bc5d-e905a6760a80: receive RaftClientReply:client-B2F93226DCBB->056ae293-26b5-4d67-bc5d-e905a6760a80@group-50E32BB97A46, cid=1859, SUCCESS, logIndex=2709, commits[056ae293-26b5-4d67-bc5d-e905a6760a80:c2709, a428730f-9893-43cb-a585-e65a7e8859c8:c2705, 994b73f6-7725-4304-b3a4-4941318c1d6c:c2705]
2019-07-08 19:53:20,156 INFO  client.GrpcClientProtocolClient (GrpcClientProtocolClient.java:onNext(255)) - client-B2F93226DCBB->056ae293-26b5-4d67-bc5d-e905a6760a80: receive RaftClientReply:client-B2F93226DCBB->056ae293-26b5-4d67-bc5d-e905a6760a80@group-50E32BB97A46, cid=1860, SUCCESS, logIndex=0, commits[056ae293-26b5-4d67-bc5d-e905a6760a80:c2711, a428730f-9893-43cb-a585-e65a7e8859c8:c2707, 994b73f6-7725-4304-b3a4-4941318c1d6c:c2707]
2019-07-08 19:53:20,170 INFO  client.GrpcClientProtocolClient (GrpcClientProtocolClient.java:onNext(255)) - client-B2F93226DCBB->056ae293-26b5-4d67-bc5d-e905a6760a80: receive RaftClientReply:client-B2F93226DCBB->056ae293-26b5-4d67-bc5d-e905a6760a80@group-50E32BB97A46, cid=1861, SUCCESS, logIndex=2714, commits[056ae293-26b5-4d67-bc5d-e905a6760a80:c2715, a428730f-9893-43cb-a585-e65a7e8859c8:c2709, 994b73f6-7725-4304-b3a4-4941318c1d6c:c2713]
2019-07-08 19:53:20,170 INFO  client.GrpcClientProtocolClient (GrpcClientProtocolClient.java:onNext(255)) - client-B2F93226DCBB->056ae293-26b5-4d67-bc5d-e905a6760a80: receive RaftClientReply:client-B2F93226DCBB->056ae293-26b5-4d67-bc5d-e905a6760a80@group-50E32BB97A46, cid=1862, SUCCESS, logIndex=2715, commits[056ae293-26b5-4d67-bc5d-e905a6760a80:c2715, a428730f-9893-43cb-a585-e65a7e8859c8:c2713, 994b73f6-7725-4304-b3a4-4941318c1d6c:c2713]
2019-07-08 19:53:20,188 INFO  client.GrpcClientProtocolClient (GrpcClientProtocolClient.java:onNext(255)) - client-B2F93226DCBB->056ae293-26b5-4d67-bc5d-e905a6760a80: receive RaftClientReply:client-B2F93226DCBB->056ae293-26b5-4d67-bc5d-e905a6760a80@group-50E32BB97A46, cid=1863, SUCCESS, logIndex=2718, commits[056ae293-26b5-4d67-bc5d-e905a6760a80:c2719, a428730f-9893-43cb-a585-e65a7e8859c8:c2715, 994b73f6-7725-4304-b3a4-4941318c1d6c:c2716]
2019-07-08 19:53:20,189 INFO  client.GrpcClientProtocolClient (GrpcClientProtocolClient.java:onNext(255)) - client-B2F93226DCBB->056ae293-26b5-4d67-bc5d-e905a6760a80: receive RaftClientReply:client-B2F93226DCBB->056ae293-26b5-4d67-bc5d-e905a6760a80@group-50E32BB97A46, cid=1864, SUCCESS, logIndex=2719, commits[056ae293-26b5-4d67-bc5d-e905a6760a80:c2719, a428730f-9893-43cb-a585-e65a7e8859c8:c2716, 994b73f6-7725-4304-b3a4-4941318c1d6c:c2716]
2019-07-08 19:53:20,190 INFO  client.GrpcClientProtocolClient (GrpcClientProtocolClient.java:onNext(255)) - client-B2F93226DCBB->056ae293-26b5-4d67-bc5d-e905a6760a80: receive RaftClientReply:client-B2F93226DCBB->056ae293-26b5-4d67-bc5d-e905a6760a80@group-50E32BB97A46, cid=1865, SUCCESS, logIndex=0, commits[056ae293-26b5-4d67-bc5d-e905a6760a80:c2720, a428730f-9893-43cb-a585-e65a7e8859c8:c2719, 994b73f6-7725-4304-b3a4-4941318c1d6c:c2719]
2019-07-08 19:53:20,220 INFO  client.GrpcClientProtocolClient (GrpcClientProtocolClient.java:onNext(255)) - client-B2F93226DCBB->056ae293-26b5-4d67-bc5d-e905a6760a80: receive RaftClientReply:client-B2F93226DCBB->056ae293-26b5-4d67-bc5d-e905a6760a80@group-50E32BB97A46, cid=1866, SUCCESS, logIndex=2722, commits[056ae293-26b5-4d67-bc5d-e905a6760a80:c2723, a428730f-9893-43cb-a585-e65a7e8859c8:c2719, 994b73f6-7725-4304-b3a4-4941318c1d6c:c2721]
2019-07-08 19:53:20,221 INFO  client.GrpcClientProtocolClient (GrpcClientProtocolClient.java:onNext(255)) - client-B2F93226DCBB->056ae293-26b5-4d67-bc5d-e905a6760a80: receive RaftClientReply:client-B2F93226DCBB->056ae293-26b5-4d67-bc5d-e905a6760a80@group-50E32BB97A46, cid=1867, SUCCESS, logIndex=2723, commits[056ae293-26b5-4d67-bc5d-e905a6760a80:c2723, a428730f-9893-43cb-a585-e65a7e8859c8:c2719, 994b73f6-7725-4304-b3a4-4941318c1d6c:c2721]
2019-07-08 19:53:20,232 INFO  client.GrpcClientProtocolClient (GrpcClientProtocolClient.java:onNext(255)) - client-B2F93226DCBB->056ae293-26b5-4d67-bc5d-e905a6760a80: receive RaftClientReply:client-B2F93226DCBB->056ae293-26b5-4d67-bc5d-e905a6760a80@group-50E32BB97A46, cid=1868, SUCCESS, logIndex=2724, commits[056ae293-26b5-4d67-bc5d-e905a6760a80:c2725, a428730f-9893-43cb-a585-e65a7e8859c8:c2721, 994b73f6-7725-4304-b3a4-4941318c1d6c:c2721]
2019-07-08 19:53:20,233 INFO  client.GrpcClientProtocolClient (GrpcClientProtocolClient.java:onNext(255)) - client-B2F93226DCBB->056ae293-26b5-4d67-bc5d-e905a6760a80: receive RaftClientReply:client-B2F93226DCBB->056ae293-26b5-4d67-bc5d-e905a6760a80@group-50E32BB97A46, cid=1869, SUCCESS, logIndex=2725, commits[056ae293-26b5-4d67-bc5d-e905a6760a80:c2725, a428730f-9893-43cb-a585-e65a7e8859c8:c2721, 994b73f6-7725-4304-b3a4-4941318c1d6c:c2721]
2019-07-08 19:53:20,236 INFO  client.GrpcClientProtocolClient (GrpcClientProtocolClient.java:onNext(255)) - client-B2F93226DCBB->056ae293-26b5-4d67-bc5d-e905a6760a80: receive RaftClientReply:client-B2F93226DCBB->056ae293-26b5-4d67-bc5d-e905a6760a80@group-50E32BB97A46, cid=1870, SUCCESS, logIndex=0, commits[056ae293-26b5-4d67-bc5d-e905a6760a80:c2727, a428730f-9893-43cb-a585-e65a7e8859c8:c2723, 994b73f6-7725-4304-b3a4-4941318c1d6c:c2723]
2019-07-08 19:53:20,262 INFO  client.GrpcClientProtocolClient (GrpcClientProtocolClient.java:onNext(255)) - client-B2F93226DCBB->056ae293-26b5-4d67-bc5d-e905a6760a80: receive RaftClientReply:client-B2F93226DCBB->056ae293-26b5-4d67-bc5d-e905a6760a80@group-50E32BB97A46, cid=1871, SUCCESS, logIndex=2730, commits[056ae293-26b5-4d67-bc5d-e905a6760a80:c2731, a428730f-9893-43cb-a585-e65a7e8859c8:c2727, 994b73f6-7725-4304-b3a4-4941318c1d6c:c2727]
2019-07-08 19:53:20,262 INFO  client.GrpcClientProtocolClient (GrpcClientProtocolClient.java:onNext(255)) - client-B2F93226DCBB->056ae293-26b5-4d67-bc5d-e905a6760a80: receive RaftClientReply:client-B2F93226DCBB->056ae293-26b5-4d67-bc5d-e905a6760a80@group-50E32BB97A46, cid=1872, SUCCESS, logIndex=2731, commits[056ae293-26b5-4d67-bc5d-e905a6760a80:c2731, a428730f-9893-43cb-a585-e65a7e8859c8:c2727, 994b73f6-7725-4304-b3a4-4941318c1d6c:c2727]
2019-07-08 19:53:20,289 INFO  client.GrpcClientProtocolClient (GrpcClientProtocolClient.java:onNext(255)) - client-B2F93226DCBB->056ae293-26b5-4d67-bc5d-e905a6760a80: receive RaftClientReply:client-B2F93226DCBB->056ae293-26b5-4d67-bc5d-e905a6760a80@group-50E32BB97A46, cid=1873, SUCCESS, logIndex=2734, commits[056ae293-26b5-4d67-bc5d-e905a6760a80:c2735, a428730f-9893-43cb-a585-e65a7e8859c8:c2731, 994b73f6-7725-4304-b3a4-4941318c1d6c:c2731]
2019-07-08 19:53:20,289 INFO  client.GrpcClientProtocolClient (GrpcClientProtocolClient.java:onNext(255)) - client-B2F93226DCBB->056ae293-26b5-4d67-bc5d-e905a6760a80: receive RaftClientReply:client-B2F93226DCBB->056ae293-26b5-4d67-bc5d-e905a6760a80@group-50E32BB97A46, cid=1874, SUCCESS, logIndex=2735, commits[056ae293-26b5-4d67-bc5d-e905a6760a80:c2735, a428730f-9893-43cb-a585-e65a7e8859c8:c2731, 994b73f6-7725-4304-b3a4-4941318c1d6c:c2731]
2019-07-08 19:53:20,305 INFO  client.GrpcClientProtocolClient (GrpcClientProtocolClient.java:onNext(255)) - client-B2F93226DCBB->056ae293-26b5-4d67-bc5d-e905a6760a80: receive RaftClientReply:client-B2F93226DCBB->056ae293-26b5-4d67-bc5d-e905a6760a80@group-50E32BB97A46, cid=1875, SUCCESS, logIndex=0, commits[056ae293-26b5-4d67-bc5d-e905a6760a80:c2737, a428730f-9893-43cb-a585-e65a7e8859c8:c2735, 994b73f6-7725-4304-b3a4-4941318c1d6c:c2735]
2019-07-08 19:53:20,323 INFO  client.GrpcClientProtocolClient (GrpcClientProtocolClient.java:onNext(255)) - client-B2F93226DCBB->056ae293-26b5-4d67-bc5d-e905a6760a80: receive RaftClientReply:client-B2F93226DCBB->056ae293-26b5-4d67-bc5d-e905a6760a80@group-50E32BB97A46, cid=1876, SUCCESS, logIndex=2738, commits[056ae293-26b5-4d67-bc5d-e905a6760a80:c2739, a428730f-9893-43cb-a585-e65a7e8859c8:c2735, 994b73f6-7725-4304-b3a4-4941318c1d6c:c2737]
2019-07-08 19:53:20,323 INFO  client.GrpcClientProtocolClient (GrpcClientProtocolClient.java:onNext(255)) - client-B2F93226DCBB->056ae293-26b5-4d67-bc5d-e905a6760a80: receive RaftClientReply:client-B2F93226DCBB->056ae293-26b5-4d67-bc5d-e905a6760a80@group-50E32BB97A46, cid=1877, SUCCESS, logIndex=2739, commits[056ae293-26b5-4d67-bc5d-e905a6760a80:c2739, a428730f-9893-43cb-a585-e65a7e8859c8:c2735, 994b73f6-7725-4304-b3a4-4941318c1d6c:c2737]
2019-07-08 19:53:20,326 INFO  client.GrpcClientProtocolClient (GrpcClientProtocolClient.java:onNext(255)) - client-B2F93226DCBB->056ae293-26b5-4d67-bc5d-e905a6760a80: receive RaftClientReply:client-B2F93226DCBB->056ae293-26b5-4d67-bc5d-e905a6760a80@group-50E32BB97A46, cid=1878, SUCCESS, logIndex=2740, commits[056ae293-26b5-4d67-bc5d-e905a6760a80:c2741, a428730f-9893-43cb-a585-e65a7e8859c8:c2735, 994b73f6-7725-4304-b3a4-4941318c1d6c:c2737]
2019-07-08 19:53:20,326 INFO  client.GrpcClientProtocolClient (GrpcClientProtocolClient.java:onNext(255)) - client-B2F93226DCBB->056ae293-26b5-4d67-bc5d-e905a6760a80: receive RaftClientReply:client-B2F93226DCBB->056ae293-26b5-4d67-bc5d-e905a6760a80@group-50E32BB97A46, cid=1879, SUCCESS, logIndex=2741, commits[056ae293-26b5-4d67-bc5d-e905a6760a80:c2743, a428730f-9893-43cb-a585-e65a7e8859c8:c2737, 994b73f6-7725-4304-b3a4-4941318c1d6c:c2739]
2019-07-08 19:53:20,327 INFO  client.GrpcClientProtocolClient (GrpcClientProtocolClient.java:onNext(255)) - client-B2F93226DCBB->056ae293-26b5-4d67-bc5d-e905a6760a80: receive RaftClientReply:client-B2F93226DCBB->056ae293-26b5-4d67-bc5d-e905a6760a80@group-50E32BB97A46, cid=1880, SUCCESS, logIndex=0, commits[056ae293-26b5-4d67-bc5d-e905a6760a80:c2743, a428730f-9893-43cb-a585-e65a7e8859c8:c2739, 994b73f6-7725-4304-b3a4-4941318c1d6c:c2739]
2019-07-08 19:53:20,338 INFO  client.GrpcClientProtocolClient (GrpcClientProtocolClient.java:onNext(255)) - client-B2F93226DCBB->056ae293-26b5-4d67-bc5d-e905a6760a80: receive RaftClientReply:client-B2F93226DCBB->056ae293-26b5-4d67-bc5d-e905a6760a80@group-50E32BB97A46, cid=1881, SUCCESS, logIndex=2746, commits[056ae293-26b5-4d67-bc5d-e905a6760a80:c2747, a428730f-9893-43cb-a585-e65a7e8859c8:c2745, 994b73f6-7725-4304-b3a4-4941318c1d6c:c2745]
2019-07-08 19:53:20,338 INFO  client.GrpcClientProtocolClient (GrpcClientProtocolClient.java:onNext(255)) - client-B2F93226DCBB->056ae293-26b5-4d67-bc5d-e905a6760a80: receive RaftClientReply:client-B2F93226DCBB->056ae293-26b5-4d67-bc5d-e905a6760a80@group-50E32BB97A46, cid=1882, SUCCESS, logIndex=2747, commits[056ae293-26b5-4d67-bc5d-e905a6760a80:c2747, a428730f-9893-43cb-a585-e65a7e8859c8:c2745, 994b73f6-7725-4304-b3a4-4941318c1d6c:c2745]
2019-07-08 19:53:20,350 INFO  client.GrpcClientProtocolClient (GrpcClientProtocolClient.java:onNext(255)) - client-B2F93226DCBB->056ae293-26b5-4d67-bc5d-e905a6760a80: receive RaftClientReply:client-B2F93226DCBB->056ae293-26b5-4d67-bc5d-e905a6760a80@group-50E32BB97A46, cid=1883, SUCCESS, logIndex=2750, commits[056ae293-26b5-4d67-bc5d-e905a6760a80:c2751, a428730f-9893-43cb-a585-e65a7e8859c8:c2747, 994b73f6-7725-4304-b3a4-4941318c1d6c:c2748]
2019-07-08 19:53:20,350 INFO  client.GrpcClientProtocolClient (GrpcClientProtocolClient.java:onNext(255)) - client-B2F93226DCBB->056ae293-26b5-4d67-bc5d-e905a6760a80: receive RaftClientReply:client-B2F93226DCBB->056ae293-26b5-4d67-bc5d-e905a6760a80@group-50E32BB97A46, cid=1884, SUCCESS, logIndex=2751, commits[056ae293-26b5-4d67-bc5d-e905a6760a80:c2751, a428730f-9893-43cb-a585-e65a7e8859c8:c2748, 994b73f6-7725-4304-b3a4-4941318c1d6c:c2748]
2019-07-08 19:53:20,353 INFO  client.GrpcClientProtocolClient (GrpcClientProtocolClient.java:onNext(255)) - client-B2F93226DCBB->056ae293-26b5-4d67-bc5d-e905a6760a80: receive RaftClientReply:client-B2F93226DCBB->056ae293-26b5-4d67-bc5d-e905a6760a80@group-50E32BB97A46, cid=1885, SUCCESS, logIndex=0, commits[056ae293-26b5-4d67-bc5d-e905a6760a80:c2752, a428730f-9893-43cb-a585-e65a7e8859c8:c2751, 994b73f6-7725-4304-b3a4-4941318c1d6c:c2751]
2019-07-08 19:53:20,371 INFO  client.GrpcClientProtocolClient (GrpcClientProtocolClient.java:onNext(255)) - client-B2F93226DCBB->056ae293-26b5-4d67-bc5d-e905a6760a80: receive RaftClientReply:client-B2F93226DCBB->056ae293-26b5-4d67-bc5d-e905a6760a80@group-50E32BB97A46, cid=1886, SUCCESS, logIndex=2754, commits[056ae293-26b5-4d67-bc5d-e905a6760a80:c2756, a428730f-9893-43cb-a585-e65a7e8859c8:c2751, 994b73f6-7725-4304-b3a4-4941318c1d6c:c2753]
2019-07-08 19:53:20,371 INFO  client.GrpcClientProtocolClient (GrpcClientProtocolClient.java:onNext(255)) - client-B2F93226DCBB->056ae293-26b5-4d67-bc5d-e905a6760a80: receive RaftClientReply:client-B2F93226DCBB->056ae293-26b5-4d67-bc5d-e905a6760a80@group-50E32BB97A46, cid=1887, SUCCESS, logIndex=2755, commits[056ae293-26b5-4d67-bc5d-e905a6760a80:c2757, a428730f-9893-43cb-a585-e65a7e8859c8:c2753, 994b73f6-7725-4304-b3a4-4941318c1d6c:c2753]
2019-07-08 19:53:20,371 INFO  client.GrpcClientProtocolClient (GrpcClientProtocolClient.java:onNext(255)) - client-B2F93226DCBB->056ae293-26b5-4d67-bc5d-e905a6760a80: receive RaftClientReply:client-B2F93226DCBB->056ae293-26b5-4d67-bc5d-e905a6760a80@group-50E32BB97A46, cid=1888, SUCCESS, logIndex=2756, commits[056ae293-26b5-4d67-bc5d-e905a6760a80:c2757, a428730f-9893-43cb-a585-e65a7e8859c8:c2753, 994b73f6-7725-4304-b3a4-4941318c1d6c:c2753]
2019-07-08 19:53:20,372 INFO  client.GrpcClientProtocolClient (GrpcClientProtocolClient.java:onNext(255)) - client-B2F93226DCBB->056ae293-26b5-4d67-bc5d-e905a6760a80: receive RaftClientReply:client-B2F93226DCBB->056ae293-26b5-4d67-bc5d-e905a6760a80@group-50E32BB97A46, cid=1889, SUCCESS, logIndex=2757, commits[056ae293-26b5-4d67-bc5d-e905a6760a80:c2757, a428730f-9893-43cb-a585-e65a7e8859c8:c2753, 994b73f6-7725-4304-b3a4-4941318c1d6c:c2753]
2019-07-08 19:53:20,374 INFO  client.GrpcClientProtocolClient (GrpcClientProtocolClient.java:onNext(255)) - client-B2F93226DCBB->056ae293-26b5-4d67-bc5d-e905a6760a80: receive RaftClientReply:client-B2F93226DCBB->056ae293-26b5-4d67-bc5d-e905a6760a80@group-50E32BB97A46, cid=1890, SUCCESS, logIndex=0, commits[056ae293-26b5-4d67-bc5d-e905a6760a80:c2758, a428730f-9893-43cb-a585-e65a7e8859c8:c2755, 994b73f6-7725-4304-b3a4-4941318c1d6c:c2755]
2019-07-08 19:53:20,398 INFO  client.GrpcClientProtocolClient (GrpcClientProtocolClient.java:onNext(255)) - client-B2F93226DCBB->056ae293-26b5-4d67-bc5d-e905a6760a80: receive RaftClientReply:client-B2F93226DCBB->056ae293-26b5-4d67-bc5d-e905a6760a80@group-50E32BB97A46, cid=1891, SUCCESS, logIndex=2762, commits[056ae293-26b5-4d67-bc5d-e905a6760a80:c2763, a428730f-9893-43cb-a585-e65a7e8859c8:c2761, 994b73f6-7725-4304-b3a4-4941318c1d6c:c2761]
2019-07-08 19:53:20,398 INFO  client.GrpcClientProtocolClient (GrpcClientProtocolClient.java:onNext(255)) - client-B2F93226DCBB->056ae293-26b5-4d67-bc5d-e905a6760a80: receive RaftClientReply:client-B2F93226DCBB->056ae293-26b5-4d67-bc5d-e905a6760a80@group-50E32BB97A46, cid=1892, SUCCESS, logIndex=2763, commits[056ae293-26b5-4d67-bc5d-e905a6760a80:c2763, a428730f-9893-43cb-a585-e65a7e8859c8:c2761, 994b73f6-7725-4304-b3a4-4941318c1d6c:c2761]
2019-07-08 19:53:20,509 INFO  client.GrpcClientProtocolClient (GrpcClientProtocolClient.java:onNext(255)) - client-B2F93226DCBB->056ae293-26b5-4d67-bc5d-e905a6760a80: receive RaftClientReply:client-B2F93226DCBB->056ae293-26b5-4d67-bc5d-e905a6760a80@group-50E32BB97A46, cid=1893, SUCCESS, logIndex=2766, commits[056ae293-26b5-4d67-bc5d-e905a6760a80:c2767, a428730f-9893-43cb-a585-e65a7e8859c8:c2764, 994b73f6-7725-4304-b3a4-4941318c1d6c:c2764]
2019-07-08 19:53:20,510 INFO  client.GrpcClientProtocolClient (GrpcClientProtocolClient.java:onNext(255)) - client-B2F93226DCBB->056ae293-26b5-4d67-bc5d-e905a6760a80: receive RaftClientReply:client-B2F93226DCBB->056ae293-26b5-4d67-bc5d-e905a6760a80@group-50E32BB97A46, cid=1894, SUCCESS, logIndex=2767, commits[056ae293-26b5-4d67-bc5d-e905a6760a80:c2767, a428730f-9893-43cb-a585-e65a7e8859c8:c2764, 994b73f6-7725-4304-b3a4-4941318c1d6c:c2764]
2019-07-08 19:53:20,534 INFO  client.GrpcClientProtocolClient (GrpcClientProtocolClient.java:onNext(255)) - client-B2F93226DCBB->056ae293-26b5-4d67-bc5d-e905a6760a80: receive RaftClientReply:client-B2F93226DCBB->056ae293-26b5-4d67-bc5d-e905a6760a80@group-50E32BB97A46, cid=1895, SUCCESS, logIndex=0, commits[056ae293-26b5-4d67-bc5d-e905a6760a80:c2769, a428730f-9893-43cb-a585-e65a7e8859c8:c2767, 994b73f6-7725-4304-b3a4-4941318c1d6c:c2767]
2019-07-08 19:53:20,565 INFO  client.GrpcClientProtocolClient (GrpcClientProtocolClient.java:onNext(255)) - client-B2F93226DCBB->056ae293-26b5-4d67-bc5d-e905a6760a80: receive RaftClientReply:client-B2F93226DCBB->056ae293-26b5-4d67-bc5d-e905a6760a80@group-50E32BB97A46, cid=1896, SUCCESS, logIndex=2770, commits[056ae293-26b5-4d67-bc5d-e905a6760a80:c2771, a428730f-9893-43cb-a585-e65a7e8859c8:c2769, 994b73f6-7725-4304-b3a4-4941318c1d6c:c2769]
2019-07-08 19:53:20,566 INFO  client.GrpcClientProtocolClient (GrpcClientProtocolClient.java:onNext(255)) - client-B2F93226DCBB->056ae293-26b5-4d67-bc5d-e905a6760a80: receive RaftClientReply:client-B2F93226DCBB->056ae293-26b5-4d67-bc5d-e905a6760a80@group-50E32BB97A46, cid=1897, SUCCESS, logIndex=2771, commits[056ae293-26b5-4d67-bc5d-e905a6760a80:c2771, a428730f-9893-43cb-a585-e65a7e8859c8:c2769, 994b73f6-7725-4304-b3a4-4941318c1d6c:c2769]
2019-07-08 19:53:20,575 INFO  client.GrpcClientProtocolClient (GrpcClientProtocolClient.java:onNext(255)) - client-B2F93226DCBB->056ae293-26b5-4d67-bc5d-e905a6760a80: receive RaftClientReply:client-B2F93226DCBB->056ae293-26b5-4d67-bc5d-e905a6760a80@group-50E32BB97A46, cid=1898, SUCCESS, logIndex=2772, commits[056ae293-26b5-4d67-bc5d-e905a6760a80:c2773, a428730f-9893-43cb-a585-e65a7e8859c8:c2769, 994b73f6-7725-4304-b3a4-4941318c1d6c:c2769]
2019-07-08 19:53:20,576 INFO  client.GrpcClientProtocolClient (GrpcClientProtocolClient.java:onNext(255)) - client-B2F93226DCBB->056ae293-26b5-4d67-bc5d-e905a6760a80: receive RaftClientReply:client-B2F93226DCBB->056ae293-26b5-4d67-bc5d-e905a6760a80@group-50E32BB97A46, cid=1899, SUCCESS, logIndex=2773, commits[056ae293-26b5-4d67-bc5d-e905a6760a80:c2773, a428730f-9893-43cb-a585-e65a7e8859c8:c2769, 994b73f6-7725-4304-b3a4-4941318c1d6c:c2769]
2019-07-08 19:53:20,591 INFO  client.GrpcClientProtocolClient (GrpcClientProtocolClient.java:onNext(255)) - client-B2F93226DCBB->056ae293-26b5-4d67-bc5d-e905a6760a80: receive RaftClientReply:client-B2F93226DCBB->056ae293-26b5-4d67-bc5d-e905a6760a80@group-50E32BB97A46, cid=1900, SUCCESS, logIndex=0, commits[056ae293-26b5-4d67-bc5d-e905a6760a80:c2775, a428730f-9893-43cb-a585-e65a7e8859c8:c2771, 994b73f6-7725-4304-b3a4-4941318c1d6c:c2771]
2019-07-08 19:53:20,615 INFO  client.GrpcClientProtocolClient (GrpcClientProtocolClient.java:onNext(255)) - client-B2F93226DCBB->056ae293-26b5-4d67-bc5d-e905a6760a80: receive RaftClientReply:client-B2F93226DCBB->056ae293-26b5-4d67-bc5d-e905a6760a80@group-50E32BB97A46, cid=1901, SUCCESS, logIndex=2777, commits[056ae293-26b5-4d67-bc5d-e905a6760a80:c2778, a428730f-9893-43cb-a585-e65a7e8859c8:c2775, 994b73f6-7725-4304-b3a4-4941318c1d6c:c2775]
2019-07-08 19:53:20,615 INFO  client.GrpcClientProtocolClient (GrpcClientProtocolClient.java:onNext(255)) - client-B2F93226DCBB->056ae293-26b5-4d67-bc5d-e905a6760a80: receive RaftClientReply:client-B2F93226DCBB->056ae293-26b5-4d67-bc5d-e905a6760a80@group-50E32BB97A46, cid=1902, SUCCESS, logIndex=2778, commits[056ae293-26b5-4d67-bc5d-e905a6760a80:c2778, a428730f-9893-43cb-a585-e65a7e8859c8:c2775, 994b73f6-7725-4304-b3a4-4941318c1d6c:c2775]
2019-07-08 19:53:20,633 INFO  client.GrpcClientProtocolClient (GrpcClientProtocolClient.java:onNext(255)) - client-B2F93226DCBB->056ae293-26b5-4d67-bc5d-e905a6760a80: receive RaftClientReply:client-B2F93226DCBB->056ae293-26b5-4d67-bc5d-e905a6760a80@group-50E32BB97A46, cid=1903, SUCCESS, logIndex=2781, commits[056ae293-26b5-4d67-bc5d-e905a6760a80:c2782, a428730f-9893-43cb-a585-e65a7e8859c8:c2778, 994b73f6-7725-4304-b3a4-4941318c1d6c:c2778]
2019-07-08 19:53:20,633 INFO  client.GrpcClientProtocolClient (GrpcClientProtocolClient.java:onNext(255)) - client-B2F93226DCBB->056ae293-26b5-4d67-bc5d-e905a6760a80: receive RaftClientReply:client-B2F93226DCBB->056ae293-26b5-4d67-bc5d-e905a6760a80@group-50E32BB97A46, cid=1904, SUCCESS, logIndex=2782, commits[056ae293-26b5-4d67-bc5d-e905a6760a80:c2782, a428730f-9893-43cb-a585-e65a7e8859c8:c2778, 994b73f6-7725-4304-b3a4-4941318c1d6c:c2778]
2019-07-08 19:53:20,659 INFO  client.GrpcClientProtocolClient (GrpcClientProtocolClient.java:onNext(255)) - client-B2F93226DCBB->056ae293-26b5-4d67-bc5d-e905a6760a80: receive RaftClientReply:client-B2F93226DCBB->056ae293-26b5-4d67-bc5d-e905a6760a80@group-50E32BB97A46, cid=1905, SUCCESS, logIndex=0, commits[056ae293-26b5-4d67-bc5d-e905a6760a80:c2784, a428730f-9893-43cb-a585-e65a7e8859c8:c2782, 994b73f6-7725-4304-b3a4-4941318c1d6c:c2782]
2019-07-08 19:53:20,691 INFO  client.GrpcClientProtocolClient (GrpcClientProtocolClient.java:onNext(255)) - client-B2F93226DCBB->056ae293-26b5-4d67-bc5d-e905a6760a80: receive RaftClientReply:client-B2F93226DCBB->056ae293-26b5-4d67-bc5d-e905a6760a80@group-50E32BB97A46, cid=1906, SUCCESS, logIndex=2785, commits[056ae293-26b5-4d67-bc5d-e905a6760a80:c2786, a428730f-9893-43cb-a585-e65a7e8859c8:c2784, 994b73f6-7725-4304-b3a4-4941318c1d6c:c2784]
2019-07-08 19:53:20,691 INFO  client.GrpcClientProtocolClient (GrpcClientProtocolClient.java:onNext(255)) - client-B2F93226DCBB->056ae293-26b5-4d67-bc5d-e905a6760a80: receive RaftClientReply:client-B2F93226DCBB->056ae293-26b5-4d67-bc5d-e905a6760a80@group-50E32BB97A46, cid=1907, SUCCESS, logIndex=2786, commits[056ae293-26b5-4d67-bc5d-e905a6760a80:c2788, a428730f-9893-43cb-a585-e65a7e8859c8:c2784, 994b73f6-7725-4304-b3a4-4941318c1d6c:c2784]
2019-07-08 19:53:20,692 INFO  client.GrpcClientProtocolClient (GrpcClientProtocolClient.java:onNext(255)) - client-B2F93226DCBB->056ae293-26b5-4d67-bc5d-e905a6760a80: receive RaftClientReply:client-B2F93226DCBB->056ae293-26b5-4d67-bc5d-e905a6760a80@group-50E32BB97A46, cid=1908, SUCCESS, logIndex=2787, commits[056ae293-26b5-4d67-bc5d-e905a6760a80:c2788, a428730f-9893-43cb-a585-e65a7e8859c8:c2784, 994b73f6-7725-4304-b3a4-4941318c1d6c:c2784]
2019-07-08 19:53:20,692 INFO  client.GrpcClientProtocolClient (GrpcClientProtocolClient.java:onNext(255)) - client-B2F93226DCBB->056ae293-26b5-4d67-bc5d-e905a6760a80: receive RaftClientReply:client-B2F93226DCBB->056ae293-26b5-4d67-bc5d-e905a6760a80@group-50E32BB97A46, cid=1909, SUCCESS, logIndex=2788, commits[056ae293-26b5-4d67-bc5d-e905a6760a80:c2789, a428730f-9893-43cb-a585-e65a7e8859c8:c2785, 994b73f6-7725-4304-b3a4-4941318c1d6c:c2784]
2019-07-08 19:53:20,707 INFO  client.GrpcClientProtocolClient (GrpcClientProtocolClient.java:onNext(255)) - client-B2F93226DCBB->056ae293-26b5-4d67-bc5d-e905a6760a80: receive RaftClientReply:client-B2F93226DCBB->056ae293-26b5-4d67-bc5d-e905a6760a80@group-50E32BB97A46, cid=1910, SUCCESS, logIndex=0, commits[056ae293-26b5-4d67-bc5d-e905a6760a80:c2792, a428730f-9893-43cb-a585-e65a7e8859c8:c2788, 994b73f6-7725-4304-b3a4-4941318c1d6c:c2786]
2019-07-08 19:53:20,729 INFO  client.GrpcClientProtocolClient (GrpcClientProtocolClient.java:onNext(255)) - client-B2F93226DCBB->056ae293-26b5-4d67-bc5d-e905a6760a80: receive RaftClientReply:client-B2F93226DCBB->056ae293-26b5-4d67-bc5d-e905a6760a80@group-50E32BB97A46, cid=1911, SUCCESS, logIndex=2793, commits[056ae293-26b5-4d67-bc5d-e905a6760a80:c2794, a428730f-9893-43cb-a585-e65a7e8859c8:c2792, 994b73f6-7725-4304-b3a4-4941318c1d6c:c2792]
2019-07-08 19:53:20,730 INFO  client.GrpcClientProtocolClient (GrpcClientProtocolClient.java:onNext(255)) - client-B2F93226DCBB->056ae293-26b5-4d67-bc5d-e905a6760a80: receive RaftClientReply:client-B2F93226DCBB->056ae293-26b5-4d67-bc5d-e905a6760a80@group-50E32BB97A46, cid=1912, SUCCESS, logIndex=2794, commits[056ae293-26b5-4d67-bc5d-e905a6760a80:c2794, a428730f-9893-43cb-a585-e65a7e8859c8:c2792, 994b73f6-7725-4304-b3a4-4941318c1d6c:c2792]
2019-07-08 19:53:20,756 INFO  client.GrpcClientProtocolClient (GrpcClientProtocolClient.java:onNext(255)) - client-B2F93226DCBB->056ae293-26b5-4d67-bc5d-e905a6760a80: receive RaftClientReply:client-B2F93226DCBB->056ae293-26b5-4d67-bc5d-e905a6760a80@group-50E32BB97A46, cid=1913, SUCCESS, logIndex=2797, commits[056ae293-26b5-4d67-bc5d-e905a6760a80:c2798, a428730f-9893-43cb-a585-e65a7e8859c8:c2794, 994b73f6-7725-4304-b3a4-4941318c1d6c:c2794]
2019-07-08 19:53:20,756 INFO  client.GrpcClientProtocolClient (GrpcClientProtocolClient.java:onNext(255)) - client-B2F93226DCBB->056ae293-26b5-4d67-bc5d-e905a6760a80: receive RaftClientReply:client-B2F93226DCBB->056ae293-26b5-4d67-bc5d-e905a6760a80@group-50E32BB97A46, cid=1914, SUCCESS, logIndex=2798, commits[056ae293-26b5-4d67-bc5d-e905a6760a80:c2798, a428730f-9893-43cb-a585-e65a7e8859c8:c2794, 994b73f6-7725-4304-b3a4-4941318c1d6c:c2794]
2019-07-08 19:53:20,769 INFO  client.GrpcClientProtocolClient (GrpcClientProtocolClient.java:onNext(255)) - client-B2F93226DCBB->056ae293-26b5-4d67-bc5d-e905a6760a80: receive RaftClientReply:client-B2F93226DCBB->056ae293-26b5-4d67-bc5d-e905a6760a80@group-50E32BB97A46, cid=1915, SUCCESS, logIndex=0, commits[056ae293-26b5-4d67-bc5d-e905a6760a80:c2799, a428730f-9893-43cb-a585-e65a7e8859c8:c2798, 994b73f6-7725-4304-b3a4-4941318c1d6c:c2798]
2019-07-08 19:53:20,801 INFO  client.GrpcClientProtocolClient (GrpcClientProtocolClient.java:onNext(255)) - client-B2F93226DCBB->056ae293-26b5-4d67-bc5d-e905a6760a80: receive RaftClientReply:client-B2F93226DCBB->056ae293-26b5-4d67-bc5d-e905a6760a80@group-50E32BB97A46, cid=1916, SUCCESS, logIndex=2801, commits[056ae293-26b5-4d67-bc5d-e905a6760a80:c2802, a428730f-9893-43cb-a585-e65a7e8859c8:c2800, 994b73f6-7725-4304-b3a4-4941318c1d6c:c2800]
2019-07-08 19:53:20,801 INFO  client.GrpcClientProtocolClient (GrpcClientProtocolClient.java:onNext(255)) - client-B2F93226DCBB->056ae293-26b5-4d67-bc5d-e905a6760a80: receive RaftClientReply:client-B2F93226DCBB->056ae293-26b5-4d67-bc5d-e905a6760a80@group-50E32BB97A46, cid=1917, SUCCESS, logIndex=2802, commits[056ae293-26b5-4d67-bc5d-e905a6760a80:c2802, a428730f-9893-43cb-a585-e65a7e8859c8:c2800, 994b73f6-7725-4304-b3a4-4941318c1d6c:c2800]
2019-07-08 19:53:20,811 INFO  client.GrpcClientProtocolClient (GrpcClientProtocolClient.java:onNext(255)) - client-B2F93226DCBB->056ae293-26b5-4d67-bc5d-e905a6760a80: receive RaftClientReply:client-B2F93226DCBB->056ae293-26b5-4d67-bc5d-e905a6760a80@group-50E32BB97A46, cid=1918, SUCCESS, logIndex=2803, commits[056ae293-26b5-4d67-bc5d-e905a6760a80:c2804, a428730f-9893-43cb-a585-e65a7e8859c8:c2800, 994b73f6-7725-4304-b3a4-4941318c1d6c:c2800]
2019-07-08 19:53:20,811 INFO  client.GrpcClientProtocolClient (GrpcClientProtocolClient.java:onNext(255)) - client-B2F93226DCBB->056ae293-26b5-4d67-bc5d-e905a6760a80: receive RaftClientReply:client-B2F93226DCBB->056ae293-26b5-4d67-bc5d-e905a6760a80@group-50E32BB97A46, cid=1919, SUCCESS, logIndex=2804, commits[056ae293-26b5-4d67-bc5d-e905a6760a80:c2804, a428730f-9893-43cb-a585-e65a7e8859c8:c2800, 994b73f6-7725-4304-b3a4-4941318c1d6c:c2800]
2019-07-08 19:53:20,824 INFO  client.GrpcClientProtocolClient (GrpcClientProtocolClient.java:onNext(255)) - client-B2F93226DCBB->056ae293-26b5-4d67-bc5d-e905a6760a80: receive RaftClientReply:client-B2F93226DCBB->056ae293-26b5-4d67-bc5d-e905a6760a80@group-50E32BB97A46, cid=1920, SUCCESS, logIndex=0, commits[056ae293-26b5-4d67-bc5d-e905a6760a80:c2807, a428730f-9893-43cb-a585-e65a7e8859c8:c2802, 994b73f6-7725-4304-b3a4-4941318c1d6c:c2804]
2019-07-08 19:53:20,843 INFO  client.GrpcClientProtocolClient (GrpcClientProtocolClient.java:onNext(255)) - client-B2F93226DCBB->056ae293-26b5-4d67-bc5d-e905a6760a80: receive RaftClientReply:client-B2F93226DCBB->056ae293-26b5-4d67-bc5d-e905a6760a80@group-50E32BB97A46, cid=1921, SUCCESS, logIndex=2808, commits[056ae293-26b5-4d67-bc5d-e905a6760a80:c2809, a428730f-9893-43cb-a585-e65a7e8859c8:c2807, 994b73f6-7725-4304-b3a4-4941318c1d6c:c2807]
2019-07-08 19:53:20,844 INFO  client.GrpcClientProtocolClient (GrpcClientProtocolClient.java:onNext(255)) - client-B2F93226DCBB->056ae293-26b5-4d67-bc5d-e905a6760a80: receive RaftClientReply:client-B2F93226DCBB->056ae293-26b5-4d67-bc5d-e905a6760a80@group-50E32BB97A46, cid=1922, SUCCESS, logIndex=2809, commits[056ae293-26b5-4d67-bc5d-e905a6760a80:c2809, a428730f-9893-43cb-a585-e65a7e8859c8:c2807, 994b73f6-7725-4304-b3a4-4941318c1d6c:c2807]
2019-07-08 19:53:20,856 INFO  client.GrpcClientProtocolClient (GrpcClientProtocolClient.java:onNext(255)) - client-B2F93226DCBB->056ae293-26b5-4d67-bc5d-e905a6760a80: receive RaftClientReply:client-B2F93226DCBB->056ae293-26b5-4d67-bc5d-e905a6760a80@group-50E32BB97A46, cid=1923, SUCCESS, logIndex=2812, commits[056ae293-26b5-4d67-bc5d-e905a6760a80:c2813, a428730f-9893-43cb-a585-e65a7e8859c8:c2809, 994b73f6-7725-4304-b3a4-4941318c1d6c:c2811]
2019-07-08 19:53:20,857 INFO  client.GrpcClientProtocolClient (GrpcClientProtocolClient.java:onNext(255)) - client-B2F93226DCBB->056ae293-26b5-4d67-bc5d-e905a6760a80: receive RaftClientReply:client-B2F93226DCBB->056ae293-26b5-4d67-bc5d-e905a6760a80@group-50E32BB97A46, cid=1924, SUCCESS, logIndex=2813, commits[056ae293-26b5-4d67-bc5d-e905a6760a80:c2813, a428730f-9893-43cb-a585-e65a7e8859c8:c2811, 994b73f6-7725-4304-b3a4-4941318c1d6c:c2811]
2019-07-08 19:53:20,861 INFO  client.GrpcClientProtocolClient (GrpcClientProtocolClient.java:onNext(255)) - client-B2F93226DCBB->056ae293-26b5-4d67-bc5d-e905a6760a80: receive RaftClientReply:client-B2F93226DCBB->056ae293-26b5-4d67-bc5d-e905a6760a80@group-50E32BB97A46, cid=1925, SUCCESS, logIndex=0, commits[056ae293-26b5-4d67-bc5d-e905a6760a80:c2815, a428730f-9893-43cb-a585-e65a7e8859c8:c2813, 994b73f6-7725-4304-b3a4-4941318c1d6c:c2813]
2019-07-08 19:53:20,899 INFO  client.GrpcClientProtocolClient (GrpcClientProtocolClient.java:onNext(255)) - client-B2F93226DCBB->056ae293-26b5-4d67-bc5d-e905a6760a80: receive RaftClientReply:client-B2F93226DCBB->056ae293-26b5-4d67-bc5d-e905a6760a80@group-50E32BB97A46, cid=1926, SUCCESS, logIndex=2816, commits[056ae293-26b5-4d67-bc5d-e905a6760a80:c2819, a428730f-9893-43cb-a585-e65a7e8859c8:c2815, 994b73f6-7725-4304-b3a4-4941318c1d6c:c2813]
2019-07-08 19:53:20,899 INFO  client.GrpcClientProtocolClient (GrpcClientProtocolClient.java:onNext(255)) - client-B2F93226DCBB->056ae293-26b5-4d67-bc5d-e905a6760a80: receive RaftClientReply:client-B2F93226DCBB->056ae293-26b5-4d67-bc5d-e905a6760a80@group-50E32BB97A46, cid=1927, SUCCESS, logIndex=2817, commits[056ae293-26b5-4d67-bc5d-e905a6760a80:c2819, a428730f-9893-43cb-a585-e65a7e8859c8:c2815, 994b73f6-7725-4304-b3a4-4941318c1d6c:c2815]
2019-07-08 19:53:20,900 INFO  client.GrpcClientProtocolClient (GrpcClientProtocolClient.java:onNext(255)) - client-B2F93226DCBB->056ae293-26b5-4d67-bc5d-e905a6760a80: receive RaftClientReply:client-B2F93226DCBB->056ae293-26b5-4d67-bc5d-e905a6760a80@group-50E32BB97A46, cid=1928, SUCCESS, logIndex=2818, commits[056ae293-26b5-4d67-bc5d-e905a6760a80:c2819, a428730f-9893-43cb-a585-e65a7e8859c8:c2815, 994b73f6-7725-4304-b3a4-4941318c1d6c:c2815]
2019-07-08 19:53:20,900 INFO  client.GrpcClientProtocolClient (GrpcClientProtocolClient.java:onNext(255)) - client-B2F93226DCBB->056ae293-26b5-4d67-bc5d-e905a6760a80: receive RaftClientReply:client-B2F93226DCBB->056ae293-26b5-4d67-bc5d-e905a6760a80@group-50E32BB97A46, cid=1929, SUCCESS, logIndex=2819, commits[056ae293-26b5-4d67-bc5d-e905a6760a80:c2819, a428730f-9893-43cb-a585-e65a7e8859c8:c2815, 994b73f6-7725-4304-b3a4-4941318c1d6c:c2815]
2019-07-08 19:53:20,911 INFO  client.GrpcClientProtocolClient (GrpcClientProtocolClient.java:onNext(255)) - client-B2F93226DCBB->056ae293-26b5-4d67-bc5d-e905a6760a80: receive RaftClientReply:client-B2F93226DCBB->056ae293-26b5-4d67-bc5d-e905a6760a80@group-50E32BB97A46, cid=1930, SUCCESS, logIndex=0, commits[056ae293-26b5-4d67-bc5d-e905a6760a80:c2820, a428730f-9893-43cb-a585-e65a7e8859c8:c2817, 994b73f6-7725-4304-b3a4-4941318c1d6c:c2817]
2019-07-08 19:53:20,935 INFO  client.GrpcClientProtocolClient (GrpcClientProtocolClient.java:onNext(255)) - client-B2F93226DCBB->056ae293-26b5-4d67-bc5d-e905a6760a80: receive RaftClientReply:client-B2F93226DCBB->056ae293-26b5-4d67-bc5d-e905a6760a80@group-50E32BB97A46, cid=1931, SUCCESS, logIndex=2824, commits[056ae293-26b5-4d67-bc5d-e905a6760a80:c2825, a428730f-9893-43cb-a585-e65a7e8859c8:c2823, 994b73f6-7725-4304-b3a4-4941318c1d6c:c2823]
2019-07-08 19:53:20,935 INFO  client.GrpcClientProtocolClient (GrpcClientProtocolClient.java:onNext(255)) - client-B2F93226DCBB->056ae293-26b5-4d67-bc5d-e905a6760a80: receive RaftClientReply:client-B2F93226DCBB->056ae293-26b5-4d67-bc5d-e905a6760a80@group-50E32BB97A46, cid=1932, SUCCESS, logIndex=2825, commits[056ae293-26b5-4d67-bc5d-e905a6760a80:c2825, a428730f-9893-43cb-a585-e65a7e8859c8:c2823, 994b73f6-7725-4304-b3a4-4941318c1d6c:c2823]
2019-07-08 19:53:20,960 INFO  client.GrpcClientProtocolClient (GrpcClientProtocolClient.java:onNext(255)) - client-B2F93226DCBB->056ae293-26b5-4d67-bc5d-e905a6760a80: receive RaftClientReply:client-B2F93226DCBB->056ae293-26b5-4d67-bc5d-e905a6760a80@group-50E32BB97A46, cid=1933, SUCCESS, logIndex=2828, commits[056ae293-26b5-4d67-bc5d-e905a6760a80:c2829, a428730f-9893-43cb-a585-e65a7e8859c8:c2825, 994b73f6-7725-4304-b3a4-4941318c1d6c:c2825]
2019-07-08 19:53:20,961 INFO  client.GrpcClientProtocolClient (GrpcClientProtocolClient.java:onNext(255)) - client-B2F93226DCBB->056ae293-26b5-4d67-bc5d-e905a6760a80: receive RaftClientReply:client-B2F93226DCBB->056ae293-26b5-4d67-bc5d-e905a6760a80@group-50E32BB97A46, cid=1934, SUCCESS, logIndex=2829, commits[056ae293-26b5-4d67-bc5d-e905a6760a80:c2829, a428730f-9893-43cb-a585-e65a7e8859c8:c2825, 994b73f6-7725-4304-b3a4-4941318c1d6c:c2825]
2019-07-08 19:53:20,973 INFO  client.GrpcClientProtocolClient (GrpcClientProtocolClient.java:onNext(255)) - client-B2F93226DCBB->056ae293-26b5-4d67-bc5d-e905a6760a80: receive RaftClientReply:client-B2F93226DCBB->056ae293-26b5-4d67-bc5d-e905a6760a80@group-50E32BB97A46, cid=1935, SUCCESS, logIndex=0, commits[056ae293-26b5-4d67-bc5d-e905a6760a80:c2830, a428730f-9893-43cb-a585-e65a7e8859c8:c2829, 994b73f6-7725-4304-b3a4-4941318c1d6c:c2829]
2019-07-08 19:53:21,002 INFO  client.GrpcClientProtocolClient (GrpcClientProtocolClient.java:onNext(255)) - client-B2F93226DCBB->056ae293-26b5-4d67-bc5d-e905a6760a80: receive RaftClientReply:client-B2F93226DCBB->056ae293-26b5-4d67-bc5d-e905a6760a80@group-50E32BB97A46, cid=1936, SUCCESS, logIndex=2832, commits[056ae293-26b5-4d67-bc5d-e905a6760a80:c2833, a428730f-9893-43cb-a585-e65a7e8859c8:c2831, 994b73f6-7725-4304-b3a4-4941318c1d6c:c2831]
2019-07-08 19:53:21,002 INFO  client.GrpcClientProtocolClient (GrpcClientProtocolClient.java:onNext(255)) - client-B2F93226DCBB->056ae293-26b5-4d67-bc5d-e905a6760a80: receive RaftClientReply:client-B2F93226DCBB->056ae293-26b5-4d67-bc5d-e905a6760a80@group-50E32BB97A46, cid=1937, SUCCESS, logIndex=2833, commits[056ae293-26b5-4d67-bc5d-e905a6760a80:c2833, a428730f-9893-43cb-a585-e65a7e8859c8:c2831, 994b73f6-7725-4304-b3a4-4941318c1d6c:c2831]
 0.00% |█                                                                                                    |  0/1 Time: 0:00:172019-07-08 19:53:21,012 INFO  client.GrpcClientProtocolClient (GrpcClientProtocolClient.java:onNext(255)) - client-B2F93226DCBB->056ae293-26b5-4d67-bc5d-e905a6760a80: receive RaftClientReply:client-B2F93226DCBB->056ae293-26b5-4d67-bc5d-e905a6760a80@group-50E32BB97A46, cid=1938, SUCCESS, logIndex=2834, commits[056ae293-26b5-4d67-bc5d-e905a6760a80:c2835, a428730f-9893-43cb-a585-e65a7e8859c8:c2831, 994b73f6-7725-4304-b3a4-4941318c1d6c:c2831]
2019-07-08 19:53:21,012 INFO  client.GrpcClientProtocolClient (GrpcClientProtocolClient.java:onNext(255)) - client-B2F93226DCBB->056ae293-26b5-4d67-bc5d-e905a6760a80: receive RaftClientReply:client-B2F93226DCBB->056ae293-26b5-4d67-bc5d-e905a6760a80@group-50E32BB97A46, cid=1939, SUCCESS, logIndex=2835, commits[056ae293-26b5-4d67-bc5d-e905a6760a80:c2835, a428730f-9893-43cb-a585-e65a7e8859c8:c2831, 994b73f6-7725-4304-b3a4-4941318c1d6c:c2831]
2019-07-08 19:53:21,015 INFO  client.GrpcClientProtocolClient (GrpcClientProtocolClient.java:onNext(255)) - client-B2F93226DCBB->056ae293-26b5-4d67-bc5d-e905a6760a80: receive RaftClientReply:client-B2F93226DCBB->056ae293-26b5-4d67-bc5d-e905a6760a80@group-50E32BB97A46, cid=1940, SUCCESS, logIndex=0, commits[056ae293-26b5-4d67-bc5d-e905a6760a80:c2835, a428730f-9893-43cb-a585-e65a7e8859c8:c2833, 994b73f6-7725-4304-b3a4-4941318c1d6c:c2833]
2019-07-08 19:53:21,040 INFO  client.GrpcClientProtocolClient (GrpcClientProtocolClient.java:onNext(255)) - client-B2F93226DCBB->056ae293-26b5-4d67-bc5d-e905a6760a80: receive RaftClientReply:client-B2F93226DCBB->056ae293-26b5-4d67-bc5d-e905a6760a80@group-50E32BB97A46, cid=1941, SUCCESS, logIndex=2840, commits[056ae293-26b5-4d67-bc5d-e905a6760a80:c2840, a428730f-9893-43cb-a585-e65a7e8859c8:c2835, 994b73f6-7725-4304-b3a4-4941318c1d6c:c2835]
2019-07-08 19:53:21,041 INFO  client.GrpcClientProtocolClient (GrpcClientProtocolClient.java:onNext(255)) - client-B2F93226DCBB->056ae293-26b5-4d67-bc5d-e905a6760a80: receive RaftClientReply:client-B2F93226DCBB->056ae293-26b5-4d67-bc5d-e905a6760a80@group-50E32BB97A46, cid=1942, SUCCESS, logIndex=2841, commits[056ae293-26b5-4d67-bc5d-e905a6760a80:c2841, a428730f-9893-43cb-a585-e65a7e8859c8:c2835, 994b73f6-7725-4304-b3a4-4941318c1d6c:c2835]
2019-07-08 19:53:21,057 INFO  client.GrpcClientProtocolClient (GrpcClientProtocolClient.java:onNext(255)) - client-B2F93226DCBB->056ae293-26b5-4d67-bc5d-e905a6760a80: receive RaftClientReply:client-B2F93226DCBB->056ae293-26b5-4d67-bc5d-e905a6760a80@group-50E32BB97A46, cid=1943, SUCCESS, logIndex=2844, commits[056ae293-26b5-4d67-bc5d-e905a6760a80:c2844, a428730f-9893-43cb-a585-e65a7e8859c8:c2841, 994b73f6-7725-4304-b3a4-4941318c1d6c:c2841]
2019-07-08 19:53:21,058 INFO  client.GrpcClientProtocolClient (GrpcClientProtocolClient.java:onNext(255)) - client-B2F93226DCBB->056ae293-26b5-4d67-bc5d-e905a6760a80: receive RaftClientReply:client-B2F93226DCBB->056ae293-26b5-4d67-bc5d-e905a6760a80@group-50E32BB97A46, cid=1944, SUCCESS, logIndex=2845, commits[056ae293-26b5-4d67-bc5d-e905a6760a80:c2845, a428730f-9893-43cb-a585-e65a7e8859c8:c2841, 994b73f6-7725-4304-b3a4-4941318c1d6c:c2841]
2019-07-08 19:53:21,063 INFO  client.GrpcClientProtocolClient (GrpcClientProtocolClient.java:onNext(255)) - client-B2F93226DCBB->056ae293-26b5-4d67-bc5d-e905a6760a80: receive RaftClientReply:client-B2F93226DCBB->056ae293-26b5-4d67-bc5d-e905a6760a80@group-50E32BB97A46, cid=1945, SUCCESS, logIndex=0, commits[056ae293-26b5-4d67-bc5d-e905a6760a80:c2847, a428730f-9893-43cb-a585-e65a7e8859c8:c2845, 994b73f6-7725-4304-b3a4-4941318c1d6c:c2845]
2019-07-08 19:53:21,083 INFO  client.GrpcClientProtocolClient (GrpcClientProtocolClient.java:onNext(255)) - client-B2F93226DCBB->056ae293-26b5-4d67-bc5d-e905a6760a80: receive RaftClientReply:client-B2F93226DCBB->056ae293-26b5-4d67-bc5d-e905a6760a80@group-50E32BB97A46, cid=1946, SUCCESS, logIndex=2848, commits[056ae293-26b5-4d67-bc5d-e905a6760a80:c2849, a428730f-9893-43cb-a585-e65a7e8859c8:c2847, 994b73f6-7725-4304-b3a4-4941318c1d6c:c2847]
2019-07-08 19:53:21,084 INFO  client.GrpcClientProtocolClient (GrpcClientProtocolClient.java:onNext(255)) - client-B2F93226DCBB->056ae293-26b5-4d67-bc5d-e905a6760a80: receive RaftClientReply:client-B2F93226DCBB->056ae293-26b5-4d67-bc5d-e905a6760a80@group-50E32BB97A46, cid=1947, SUCCESS, logIndex=2849, commits[056ae293-26b5-4d67-bc5d-e905a6760a80:c2851, a428730f-9893-43cb-a585-e65a7e8859c8:c2847, 994b73f6-7725-4304-b3a4-4941318c1d6c:c2847]
2019-07-08 19:53:21,084 INFO  client.GrpcClientProtocolClient (GrpcClientProtocolClient.java:onNext(255)) - client-B2F93226DCBB->056ae293-26b5-4d67-bc5d-e905a6760a80: receive RaftClientReply:client-B2F93226DCBB->056ae293-26b5-4d67-bc5d-e905a6760a80@group-50E32BB97A46, cid=1948, SUCCESS, logIndex=2850, commits[056ae293-26b5-4d67-bc5d-e905a6760a80:c2851, a428730f-9893-43cb-a585-e65a7e8859c8:c2847, 994b73f6-7725-4304-b3a4-4941318c1d6c:c2847]
2019-07-08 19:53:21,084 INFO  client.GrpcClientProtocolClient (GrpcClientProtocolClient.java:onNext(255)) - client-B2F93226DCBB->056ae293-26b5-4d67-bc5d-e905a6760a80: receive RaftClientReply:client-B2F93226DCBB->056ae293-26b5-4d67-bc5d-e905a6760a80@group-50E32BB97A46, cid=1949, SUCCESS, logIndex=2851, commits[056ae293-26b5-4d67-bc5d-e905a6760a80:c2851, a428730f-9893-43cb-a585-e65a7e8859c8:c2847, 994b73f6-7725-4304-b3a4-4941318c1d6c:c2847]
2019-07-08 19:53:21,098 INFO  client.GrpcClientProtocolClient (GrpcClientProtocolClient.java:onNext(255)) - client-B2F93226DCBB->056ae293-26b5-4d67-bc5d-e905a6760a80: receive RaftClientReply:client-B2F93226DCBB->056ae293-26b5-4d67-bc5d-e905a6760a80@group-50E32BB97A46, cid=1950, SUCCESS, logIndex=0, commits[056ae293-26b5-4d67-bc5d-e905a6760a80:c2853, a428730f-9893-43cb-a585-e65a7e8859c8:c2849, 994b73f6-7725-4304-b3a4-4941318c1d6c:c2849]
2019-07-08 19:53:21,109 INFO  client.GrpcClientProtocolClient (GrpcClientProtocolClient.java:onNext(255)) - client-B2F93226DCBB->056ae293-26b5-4d67-bc5d-e905a6760a80: receive RaftClientReply:client-B2F93226DCBB->056ae293-26b5-4d67-bc5d-e905a6760a80@group-50E32BB97A46, cid=1951, SUCCESS, logIndex=2856, commits[056ae293-26b5-4d67-bc5d-e905a6760a80:c2857, a428730f-9893-43cb-a585-e65a7e8859c8:c2855, 994b73f6-7725-4304-b3a4-4941318c1d6c:c2855]
2019-07-08 19:53:21,109 INFO  client.GrpcClientProtocolClient (GrpcClientProtocolClient.java:onNext(255)) - client-B2F93226DCBB->056ae293-26b5-4d67-bc5d-e905a6760a80: receive RaftClientReply:client-B2F93226DCBB->056ae293-26b5-4d67-bc5d-e905a6760a80@group-50E32BB97A46, cid=1952, SUCCESS, logIndex=2857, commits[056ae293-26b5-4d67-bc5d-e905a6760a80:c2857, a428730f-9893-43cb-a585-e65a7e8859c8:c2855, 994b73f6-7725-4304-b3a4-4941318c1d6c:c2855]
2019-07-08 19:53:21,119 INFO  client.GrpcClientProtocolClient (GrpcClientProtocolClient.java:onNext(255)) - client-B2F93226DCBB->056ae293-26b5-4d67-bc5d-e905a6760a80: receive RaftClientReply:client-B2F93226DCBB->056ae293-26b5-4d67-bc5d-e905a6760a80@group-50E32BB97A46, cid=1953, SUCCESS, logIndex=2859, commits[056ae293-26b5-4d67-bc5d-e905a6760a80:c2860, a428730f-9893-43cb-a585-e65a7e8859c8:c2858, 994b73f6-7725-4304-b3a4-4941318c1d6c:c2857]
2019-07-08 19:53:21,120 INFO  client.GrpcClientProtocolClient (GrpcClientProtocolClient.java:onNext(255)) - client-B2F93226DCBB->056ae293-26b5-4d67-bc5d-e905a6760a80: receive RaftClientReply:client-B2F93226DCBB->056ae293-26b5-4d67-bc5d-e905a6760a80@group-50E32BB97A46, cid=1954, SUCCESS, logIndex=2860, commits[056ae293-26b5-4d67-bc5d-e905a6760a80:c2860, a428730f-9893-43cb-a585-e65a7e8859c8:c2858, 994b73f6-7725-4304-b3a4-4941318c1d6c:c2858]
2019-07-08 19:53:21,121 INFO  client.GrpcClientProtocolClient (GrpcClientProtocolClient.java:onNext(255)) - client-B2F93226DCBB->056ae293-26b5-4d67-bc5d-e905a6760a80: receive RaftClientReply:client-B2F93226DCBB->056ae293-26b5-4d67-bc5d-e905a6760a80@group-50E32BB97A46, cid=1955, SUCCESS, logIndex=0, commits[056ae293-26b5-4d67-bc5d-e905a6760a80:c2861, a428730f-9893-43cb-a585-e65a7e8859c8:c2860, 994b73f6-7725-4304-b3a4-4941318c1d6c:c2860]
2019-07-08 19:53:21,158 INFO  client.GrpcClientProtocolClient (GrpcClientProtocolClient.java:onNext(255)) - client-B2F93226DCBB->056ae293-26b5-4d67-bc5d-e905a6760a80: receive RaftClientReply:client-B2F93226DCBB->056ae293-26b5-4d67-bc5d-e905a6760a80@group-50E32BB97A46, cid=1956, SUCCESS, logIndex=2862, commits[056ae293-26b5-4d67-bc5d-e905a6760a80:c2865, a428730f-9893-43cb-a585-e65a7e8859c8:c2861, 994b73f6-7725-4304-b3a4-4941318c1d6c:c2861]
2019-07-08 19:53:21,159 INFO  client.GrpcClientProtocolClient (GrpcClientProtocolClient.java:onNext(255)) - client-B2F93226DCBB->056ae293-26b5-4d67-bc5d-e905a6760a80: receive RaftClientReply:client-B2F93226DCBB->056ae293-26b5-4d67-bc5d-e905a6760a80@group-50E32BB97A46, cid=1957, SUCCESS, logIndex=2863, commits[056ae293-26b5-4d67-bc5d-e905a6760a80:c2865, a428730f-9893-43cb-a585-e65a7e8859c8:c2861, 994b73f6-7725-4304-b3a4-4941318c1d6c:c2861]
2019-07-08 19:53:21,159 INFO  client.GrpcClientProtocolClient (GrpcClientProtocolClient.java:onNext(255)) - client-B2F93226DCBB->056ae293-26b5-4d67-bc5d-e905a6760a80: receive RaftClientReply:client-B2F93226DCBB->056ae293-26b5-4d67-bc5d-e905a6760a80@group-50E32BB97A46, cid=1958, SUCCESS, logIndex=2864, commits[056ae293-26b5-4d67-bc5d-e905a6760a80:c2865, a428730f-9893-43cb-a585-e65a7e8859c8:c2861, 994b73f6-7725-4304-b3a4-4941318c1d6c:c2861]
2019-07-08 19:53:21,159 INFO  client.GrpcClientProtocolClient (GrpcClientProtocolClient.java:onNext(255)) - client-B2F93226DCBB->056ae293-26b5-4d67-bc5d-e905a6760a80: receive RaftClientReply:client-B2F93226DCBB->056ae293-26b5-4d67-bc5d-e905a6760a80@group-50E32BB97A46, cid=1959, SUCCESS, logIndex=2865, commits[056ae293-26b5-4d67-bc5d-e905a6760a80:c2865, a428730f-9893-43cb-a585-e65a7e8859c8:c2861, 994b73f6-7725-4304-b3a4-4941318c1d6c:c2861]
2019-07-08 19:53:21,161 INFO  client.GrpcClientProtocolClient (GrpcClientProtocolClient.java:onNext(255)) - client-B2F93226DCBB->056ae293-26b5-4d67-bc5d-e905a6760a80: receive RaftClientReply:client-B2F93226DCBB->056ae293-26b5-4d67-bc5d-e905a6760a80@group-50E32BB97A46, cid=1960, SUCCESS, logIndex=0, commits[056ae293-26b5-4d67-bc5d-e905a6760a80:c2865, a428730f-9893-43cb-a585-e65a7e8859c8:c2864, 994b73f6-7725-4304-b3a4-4941318c1d6c:c2864]
2019-07-08 19:53:21,186 INFO  client.GrpcClientProtocolClient (GrpcClientProtocolClient.java:onNext(255)) - client-B2F93226DCBB->056ae293-26b5-4d67-bc5d-e905a6760a80: receive RaftClientReply:client-B2F93226DCBB->056ae293-26b5-4d67-bc5d-e905a6760a80@group-50E32BB97A46, cid=1961, SUCCESS, logIndex=2869, commits[056ae293-26b5-4d67-bc5d-e905a6760a80:c2870, a428730f-9893-43cb-a585-e65a7e8859c8:c2866, 994b73f6-7725-4304-b3a4-4941318c1d6c:c2866]
2019-07-08 19:53:21,186 INFO  client.GrpcClientProtocolClient (GrpcClientProtocolClient.java:onNext(255)) - client-B2F93226DCBB->056ae293-26b5-4d67-bc5d-e905a6760a80: receive RaftClientReply:client-B2F93226DCBB->056ae293-26b5-4d67-bc5d-e905a6760a80@group-50E32BB97A46, cid=1962, SUCCESS, logIndex=2870, commits[056ae293-26b5-4d67-bc5d-e905a6760a80:c2870, a428730f-9893-43cb-a585-e65a7e8859c8:c2866, 994b73f6-7725-4304-b3a4-4941318c1d6c:c2866]
2019-07-08 19:53:21,294 INFO  client.GrpcClientProtocolClient (GrpcClientProtocolClient.java:onNext(255)) - client-B2F93226DCBB->056ae293-26b5-4d67-bc5d-e905a6760a80: receive RaftClientReply:client-B2F93226DCBB->056ae293-26b5-4d67-bc5d-e905a6760a80@group-50E32BB97A46, cid=1963, SUCCESS, logIndex=2873, commits[056ae293-26b5-4d67-bc5d-e905a6760a80:c2874, a428730f-9893-43cb-a585-e65a7e8859c8:c2870, 994b73f6-7725-4304-b3a4-4941318c1d6c:c2870]
2019-07-08 19:53:21,294 INFO  client.GrpcClientProtocolClient (GrpcClientProtocolClient.java:onNext(255)) - client-B2F93226DCBB->056ae293-26b5-4d67-bc5d-e905a6760a80: receive RaftClientReply:client-B2F93226DCBB->056ae293-26b5-4d67-bc5d-e905a6760a80@group-50E32BB97A46, cid=1964, SUCCESS, logIndex=2874, commits[056ae293-26b5-4d67-bc5d-e905a6760a80:c2874, a428730f-9893-43cb-a585-e65a7e8859c8:c2870, 994b73f6-7725-4304-b3a4-4941318c1d6c:c2870]
2019-07-08 19:53:21,308 INFO  client.GrpcClientProtocolClient (GrpcClientProtocolClient.java:onNext(255)) - client-B2F93226DCBB->056ae293-26b5-4d67-bc5d-e905a6760a80: receive RaftClientReply:client-B2F93226DCBB->056ae293-26b5-4d67-bc5d-e905a6760a80@group-50E32BB97A46, cid=1965, SUCCESS, logIndex=0, commits[056ae293-26b5-4d67-bc5d-e905a6760a80:c2875, a428730f-9893-43cb-a585-e65a7e8859c8:c2874, 994b73f6-7725-4304-b3a4-4941318c1d6c:c2874]
2019-07-08 19:53:21,337 INFO  client.GrpcClientProtocolClient (GrpcClientProtocolClient.java:onNext(255)) - client-B2F93226DCBB->056ae293-26b5-4d67-bc5d-e905a6760a80: receive RaftClientReply:client-B2F93226DCBB->056ae293-26b5-4d67-bc5d-e905a6760a80@group-50E32BB97A46, cid=1966, SUCCESS, logIndex=2877, commits[056ae293-26b5-4d67-bc5d-e905a6760a80:c2878, a428730f-9893-43cb-a585-e65a7e8859c8:c2876, 994b73f6-7725-4304-b3a4-4941318c1d6c:c2876]
2019-07-08 19:53:21,338 INFO  client.GrpcClientProtocolClient (GrpcClientProtocolClient.java:onNext(255)) - client-B2F93226DCBB->056ae293-26b5-4d67-bc5d-e905a6760a80: receive RaftClientReply:client-B2F93226DCBB->056ae293-26b5-4d67-bc5d-e905a6760a80@group-50E32BB97A46, cid=1967, SUCCESS, logIndex=2878, commits[056ae293-26b5-4d67-bc5d-e905a6760a80:c2879, a428730f-9893-43cb-a585-e65a7e8859c8:c2876, 994b73f6-7725-4304-b3a4-4941318c1d6c:c2876]
2019-07-08 19:53:21,338 INFO  client.GrpcClientProtocolClient (GrpcClientProtocolClient.java:onNext(255)) - client-B2F93226DCBB->056ae293-26b5-4d67-bc5d-e905a6760a80: receive RaftClientReply:client-B2F93226DCBB->056ae293-26b5-4d67-bc5d-e905a6760a80@group-50E32BB97A46, cid=1968, SUCCESS, logIndex=2879, commits[056ae293-26b5-4d67-bc5d-e905a6760a80:c2880, a428730f-9893-43cb-a585-e65a7e8859c8:c2876, 994b73f6-7725-4304-b3a4-4941318c1d6c:c2876]
2019-07-08 19:53:21,339 INFO  client.GrpcClientProtocolClient (GrpcClientProtocolClient.java:onNext(255)) - client-B2F93226DCBB->056ae293-26b5-4d67-bc5d-e905a6760a80: receive RaftClientReply:client-B2F93226DCBB->056ae293-26b5-4d67-bc5d-e905a6760a80@group-50E32BB97A46, cid=1969, SUCCESS, logIndex=2880, commits[056ae293-26b5-4d67-bc5d-e905a6760a80:c2880, a428730f-9893-43cb-a585-e65a7e8859c8:c2876, 994b73f6-7725-4304-b3a4-4941318c1d6c:c2876]
2019-07-08 19:53:21,352 INFO  client.GrpcClientProtocolClient (GrpcClientProtocolClient.java:onNext(255)) - client-B2F93226DCBB->056ae293-26b5-4d67-bc5d-e905a6760a80: receive RaftClientReply:client-B2F93226DCBB->056ae293-26b5-4d67-bc5d-e905a6760a80@group-50E32BB97A46, cid=1970, SUCCESS, logIndex=0, commits[056ae293-26b5-4d67-bc5d-e905a6760a80:c2882, a428730f-9893-43cb-a585-e65a7e8859c8:c2878, 994b73f6-7725-4304-b3a4-4941318c1d6c:c2878]
2019-07-08 19:53:21,374 INFO  client.GrpcClientProtocolClient (GrpcClientProtocolClient.java:onNext(255)) - client-B2F93226DCBB->056ae293-26b5-4d67-bc5d-e905a6760a80: receive RaftClientReply:client-B2F93226DCBB->056ae293-26b5-4d67-bc5d-e905a6760a80@group-50E32BB97A46, cid=1971, SUCCESS, logIndex=2885, commits[056ae293-26b5-4d67-bc5d-e905a6760a80:c2886, a428730f-9893-43cb-a585-e65a7e8859c8:c2884, 994b73f6-7725-4304-b3a4-4941318c1d6c:c2884]
2019-07-08 19:53:21,375 INFO  client.GrpcClientProtocolClient (GrpcClientProtocolClient.java:onNext(255)) - client-B2F93226DCBB->056ae293-26b5-4d67-bc5d-e905a6760a80: receive RaftClientReply:client-B2F93226DCBB->056ae293-26b5-4d67-bc5d-e905a6760a80@group-50E32BB97A46, cid=1972, SUCCESS, logIndex=2886, commits[056ae293-26b5-4d67-bc5d-e905a6760a80:c2886, a428730f-9893-43cb-a585-e65a7e8859c8:c2884, 994b73f6-7725-4304-b3a4-4941318c1d6c:c2884]
2019-07-08 19:53:21,403 INFO  client.GrpcClientProtocolClient (GrpcClientProtocolClient.java:onNext(255)) - client-B2F93226DCBB->056ae293-26b5-4d67-bc5d-e905a6760a80: receive RaftClientReply:client-B2F93226DCBB->056ae293-26b5-4d67-bc5d-e905a6760a80@group-50E32BB97A46, cid=1973, SUCCESS, logIndex=2889, commits[056ae293-26b5-4d67-bc5d-e905a6760a80:c2890, a428730f-9893-43cb-a585-e65a7e8859c8:c2886, 994b73f6-7725-4304-b3a4-4941318c1d6c:c2886]
2019-07-08 19:53:21,403 INFO  client.GrpcClientProtocolClient (GrpcClientProtocolClient.java:onNext(255)) - client-B2F93226DCBB->056ae293-26b5-4d67-bc5d-e905a6760a80: receive RaftClientReply:client-B2F93226DCBB->056ae293-26b5-4d67-bc5d-e905a6760a80@group-50E32BB97A46, cid=1974, SUCCESS, logIndex=2890, commits[056ae293-26b5-4d67-bc5d-e905a6760a80:c2890, a428730f-9893-43cb-a585-e65a7e8859c8:c2886, 994b73f6-7725-4304-b3a4-4941318c1d6c:c2886]
2019-07-08 19:53:21,428 INFO  client.GrpcClientProtocolClient (GrpcClientProtocolClient.java:onNext(255)) - client-B2F93226DCBB->056ae293-26b5-4d67-bc5d-e905a6760a80: receive RaftClientReply:client-B2F93226DCBB->056ae293-26b5-4d67-bc5d-e905a6760a80@group-50E32BB97A46, cid=1975, SUCCESS, logIndex=0, commits[056ae293-26b5-4d67-bc5d-e905a6760a80:c2892, a428730f-9893-43cb-a585-e65a7e8859c8:c2890, 994b73f6-7725-4304-b3a4-4941318c1d6c:c2890]
2019-07-08 19:53:21,460 INFO  client.GrpcClientProtocolClient (GrpcClientProtocolClient.java:onNext(255)) - client-B2F93226DCBB->056ae293-26b5-4d67-bc5d-e905a6760a80: receive RaftClientReply:client-B2F93226DCBB->056ae293-26b5-4d67-bc5d-e905a6760a80@group-50E32BB97A46, cid=1976, SUCCESS, logIndex=2893, commits[056ae293-26b5-4d67-bc5d-e905a6760a80:c2894, a428730f-9893-43cb-a585-e65a7e8859c8:c2892, 994b73f6-7725-4304-b3a4-4941318c1d6c:c2892]
2019-07-08 19:53:21,460 INFO  client.GrpcClientProtocolClient (GrpcClientProtocolClient.java:onNext(255)) - client-B2F93226DCBB->056ae293-26b5-4d67-bc5d-e905a6760a80: receive RaftClientReply:client-B2F93226DCBB->056ae293-26b5-4d67-bc5d-e905a6760a80@group-50E32BB97A46, cid=1977, SUCCESS, logIndex=2894, commits[056ae293-26b5-4d67-bc5d-e905a6760a80:c2895, a428730f-9893-43cb-a585-e65a7e8859c8:c2892, 994b73f6-7725-4304-b3a4-4941318c1d6c:c2892]
2019-07-08 19:53:21,461 INFO  client.GrpcClientProtocolClient (GrpcClientProtocolClient.java:onNext(255)) - client-B2F93226DCBB->056ae293-26b5-4d67-bc5d-e905a6760a80: receive RaftClientReply:client-B2F93226DCBB->056ae293-26b5-4d67-bc5d-e905a6760a80@group-50E32BB97A46, cid=1978, SUCCESS, logIndex=2895, commits[056ae293-26b5-4d67-bc5d-e905a6760a80:c2896, a428730f-9893-43cb-a585-e65a7e8859c8:c2892, 994b73f6-7725-4304-b3a4-4941318c1d6c:c2892]
2019-07-08 19:53:21,461 INFO  client.GrpcClientProtocolClient (GrpcClientProtocolClient.java:onNext(255)) - client-B2F93226DCBB->056ae293-26b5-4d67-bc5d-e905a6760a80: receive RaftClientReply:client-B2F93226DCBB->056ae293-26b5-4d67-bc5d-e905a6760a80@group-50E32BB97A46, cid=1979, SUCCESS, logIndex=2896, commits[056ae293-26b5-4d67-bc5d-e905a6760a80:c2896, a428730f-9893-43cb-a585-e65a7e8859c8:c2892, 994b73f6-7725-4304-b3a4-4941318c1d6c:c2892]
2019-07-08 19:53:21,476 INFO  client.GrpcClientProtocolClient (GrpcClientProtocolClient.java:onNext(255)) - client-B2F93226DCBB->056ae293-26b5-4d67-bc5d-e905a6760a80: receive RaftClientReply:client-B2F93226DCBB->056ae293-26b5-4d67-bc5d-e905a6760a80@group-50E32BB97A46, cid=1980, SUCCESS, logIndex=0, commits[056ae293-26b5-4d67-bc5d-e905a6760a80:c2898, a428730f-9893-43cb-a585-e65a7e8859c8:c2894, 994b73f6-7725-4304-b3a4-4941318c1d6c:c2894]
2019-07-08 19:53:21,499 INFO  client.GrpcClientProtocolClient (GrpcClientProtocolClient.java:onNext(255)) - client-B2F93226DCBB->056ae293-26b5-4d67-bc5d-e905a6760a80: receive RaftClientReply:client-B2F93226DCBB->056ae293-26b5-4d67-bc5d-e905a6760a80@group-50E32BB97A46, cid=1981, SUCCESS, logIndex=2901, commits[056ae293-26b5-4d67-bc5d-e905a6760a80:c2902, a428730f-9893-43cb-a585-e65a7e8859c8:c2900, 994b73f6-7725-4304-b3a4-4941318c1d6c:c2900]
2019-07-08 19:53:21,500 INFO  client.GrpcClientProtocolClient (GrpcClientProtocolClient.java:onNext(255)) - client-B2F93226DCBB->056ae293-26b5-4d67-bc5d-e905a6760a80: receive RaftClientReply:client-B2F93226DCBB->056ae293-26b5-4d67-bc5d-e905a6760a80@group-50E32BB97A46, cid=1982, SUCCESS, logIndex=2902, commits[056ae293-26b5-4d67-bc5d-e905a6760a80:c2902, a428730f-9893-43cb-a585-e65a7e8859c8:c2900, 994b73f6-7725-4304-b3a4-4941318c1d6c:c2900]
2019-07-08 19:53:21,526 INFO  client.GrpcClientProtocolClient (GrpcClientProtocolClient.java:onNext(255)) - client-B2F93226DCBB->056ae293-26b5-4d67-bc5d-e905a6760a80: receive RaftClientReply:client-B2F93226DCBB->056ae293-26b5-4d67-bc5d-e905a6760a80@group-50E32BB97A46, cid=1983, SUCCESS, logIndex=2905, commits[056ae293-26b5-4d67-bc5d-e905a6760a80:c2906, a428730f-9893-43cb-a585-e65a7e8859c8:c2902, 994b73f6-7725-4304-b3a4-4941318c1d6c:c2902]
2019-07-08 19:53:21,527 INFO  client.GrpcClientProtocolClient (GrpcClientProtocolClient.java:onNext(255)) - client-B2F93226DCBB->056ae293-26b5-4d67-bc5d-e905a6760a80: receive RaftClientReply:client-B2F93226DCBB->056ae293-26b5-4d67-bc5d-e905a6760a80@group-50E32BB97A46, cid=1984, SUCCESS, logIndex=2906, commits[056ae293-26b5-4d67-bc5d-e905a6760a80:c2906, a428730f-9893-43cb-a585-e65a7e8859c8:c2902, 994b73f6-7725-4304-b3a4-4941318c1d6c:c2902]
2019-07-08 19:53:21,540 INFO  client.GrpcClientProtocolClient (GrpcClientProtocolClient.java:onNext(255)) - client-B2F93226DCBB->056ae293-26b5-4d67-bc5d-e905a6760a80: receive RaftClientReply:client-B2F93226DCBB->056ae293-26b5-4d67-bc5d-e905a6760a80@group-50E32BB97A46, cid=1985, SUCCESS, logIndex=0, commits[056ae293-26b5-4d67-bc5d-e905a6760a80:c2907, a428730f-9893-43cb-a585-e65a7e8859c8:c2906, 994b73f6-7725-4304-b3a4-4941318c1d6c:c2906]
2019-07-08 19:53:21,576 INFO  client.GrpcClientProtocolClient (GrpcClientProtocolClient.java:onNext(255)) - client-B2F93226DCBB->056ae293-26b5-4d67-bc5d-e905a6760a80: receive RaftClientReply:client-B2F93226DCBB->056ae293-26b5-4d67-bc5d-e905a6760a80@group-50E32BB97A46, cid=1986, SUCCESS, logIndex=2909, commits[056ae293-26b5-4d67-bc5d-e905a6760a80:c2910, a428730f-9893-43cb-a585-e65a7e8859c8:c2908, 994b73f6-7725-4304-b3a4-4941318c1d6c:c2908]
2019-07-08 19:53:21,576 INFO  client.GrpcClientProtocolClient (GrpcClientProtocolClient.java:onNext(255)) - client-B2F93226DCBB->056ae293-26b5-4d67-bc5d-e905a6760a80: receive RaftClientReply:client-B2F93226DCBB->056ae293-26b5-4d67-bc5d-e905a6760a80@group-50E32BB97A46, cid=1987, SUCCESS, logIndex=2910, commits[056ae293-26b5-4d67-bc5d-e905a6760a80:c2912, a428730f-9893-43cb-a585-e65a7e8859c8:c2908, 994b73f6-7725-4304-b3a4-4941318c1d6c:c2908]
2019-07-08 19:53:21,577 INFO  client.GrpcClientProtocolClient (GrpcClientProtocolClient.java:onNext(255)) - client-B2F93226DCBB->056ae293-26b5-4d67-bc5d-e905a6760a80: receive RaftClientReply:client-B2F93226DCBB->056ae293-26b5-4d67-bc5d-e905a6760a80@group-50E32BB97A46, cid=1988, SUCCESS, logIndex=2911, commits[056ae293-26b5-4d67-bc5d-e905a6760a80:c2912, a428730f-9893-43cb-a585-e65a7e8859c8:c2908, 994b73f6-7725-4304-b3a4-4941318c1d6c:c2908]
2019-07-08 19:53:21,577 INFO  client.GrpcClientProtocolClient (GrpcClientProtocolClient.java:onNext(255)) - client-B2F93226DCBB->056ae293-26b5-4d67-bc5d-e905a6760a80: receive RaftClientReply:client-B2F93226DCBB->056ae293-26b5-4d67-bc5d-e905a6760a80@group-50E32BB97A46, cid=1989, SUCCESS, logIndex=2912, commits[056ae293-26b5-4d67-bc5d-e905a6760a80:c2912, a428730f-9893-43cb-a585-e65a7e8859c8:c2908, 994b73f6-7725-4304-b3a4-4941318c1d6c:c2908]
2019-07-08 19:53:21,583 INFO  client.GrpcClientProtocolClient (GrpcClientProtocolClient.java:onNext(255)) - client-B2F93226DCBB->056ae293-26b5-4d67-bc5d-e905a6760a80: receive RaftClientReply:client-B2F93226DCBB->056ae293-26b5-4d67-bc5d-e905a6760a80@group-50E32BB97A46, cid=1990, SUCCESS, logIndex=0, commits[056ae293-26b5-4d67-bc5d-e905a6760a80:c2914, a428730f-9893-43cb-a585-e65a7e8859c8:c2910, 994b73f6-7725-4304-b3a4-4941318c1d6c:c2910]
2019-07-08 19:53:21,597 INFO  client.GrpcClientProtocolClient (GrpcClientProtocolClient.java:onNext(255)) - client-B2F93226DCBB->056ae293-26b5-4d67-bc5d-e905a6760a80: receive RaftClientReply:client-B2F93226DCBB->056ae293-26b5-4d67-bc5d-e905a6760a80@group-50E32BB97A46, cid=1991, SUCCESS, logIndex=2917, commits[056ae293-26b5-4d67-bc5d-e905a6760a80:c2918, a428730f-9893-43cb-a585-e65a7e8859c8:c2916, 994b73f6-7725-4304-b3a4-4941318c1d6c:c2916]
2019-07-08 19:53:21,598 INFO  client.GrpcClientProtocolClient (GrpcClientProtocolClient.java:onNext(255)) - client-B2F93226DCBB->056ae293-26b5-4d67-bc5d-e905a6760a80: receive RaftClientReply:client-B2F93226DCBB->056ae293-26b5-4d67-bc5d-e905a6760a80@group-50E32BB97A46, cid=1992, SUCCESS, logIndex=2918, commits[056ae293-26b5-4d67-bc5d-e905a6760a80:c2918, a428730f-9893-43cb-a585-e65a7e8859c8:c2916, 994b73f6-7725-4304-b3a4-4941318c1d6c:c2916]
2019-07-08 19:53:21,612 INFO  client.GrpcClientProtocolClient (GrpcClientProtocolClient.java:onNext(255)) - client-B2F93226DCBB->056ae293-26b5-4d67-bc5d-e905a6760a80: receive RaftClientReply:client-B2F93226DCBB->056ae293-26b5-4d67-bc5d-e905a6760a80@group-50E32BB97A46, cid=1993, SUCCESS, logIndex=2921, commits[056ae293-26b5-4d67-bc5d-e905a6760a80:c2922, a428730f-9893-43cb-a585-e65a7e8859c8:c2920, 994b73f6-7725-4304-b3a4-4941318c1d6c:c2918]
2019-07-08 19:53:21,613 INFO  client.GrpcClientProtocolClient (GrpcClientProtocolClient.java:onNext(255)) - client-B2F93226DCBB->056ae293-26b5-4d67-bc5d-e905a6760a80: receive RaftClientReply:client-B2F93226DCBB->056ae293-26b5-4d67-bc5d-e905a6760a80@group-50E32BB97A46, cid=1994, SUCCESS, logIndex=2922, commits[056ae293-26b5-4d67-bc5d-e905a6760a80:c2922, a428730f-9893-43cb-a585-e65a7e8859c8:c2920, 994b73f6-7725-4304-b3a4-4941318c1d6c:c2920]
2019-07-08 19:53:21,616 INFO  client.GrpcClientProtocolClient (GrpcClientProtocolClient.java:onNext(255)) - client-B2F93226DCBB->056ae293-26b5-4d67-bc5d-e905a6760a80: receive RaftClientReply:client-B2F93226DCBB->056ae293-26b5-4d67-bc5d-e905a6760a80@group-50E32BB97A46, cid=1995, SUCCESS, logIndex=0, commits[056ae293-26b5-4d67-bc5d-e905a6760a80:c2923, a428730f-9893-43cb-a585-e65a7e8859c8:c2922, 994b73f6-7725-4304-b3a4-4941318c1d6c:c2922]
2019-07-08 19:53:21,637 INFO  client.GrpcClientProtocolClient (GrpcClientProtocolClient.java:onNext(255)) - client-B2F93226DCBB->056ae293-26b5-4d67-bc5d-e905a6760a80: receive RaftClientReply:client-B2F93226DCBB->056ae293-26b5-4d67-bc5d-e905a6760a80@group-50E32BB97A46, cid=1996, SUCCESS, logIndex=2925, commits[056ae293-26b5-4d67-bc5d-e905a6760a80:c2926, a428730f-9893-43cb-a585-e65a7e8859c8:c2924, 994b73f6-7725-4304-b3a4-4941318c1d6c:c2922]
2019-07-08 19:53:21,637 INFO  client.GrpcClientProtocolClient (GrpcClientProtocolClient.java:onNext(255)) - client-B2F93226DCBB->056ae293-26b5-4d67-bc5d-e905a6760a80: receive RaftClientReply:client-B2F93226DCBB->056ae293-26b5-4d67-bc5d-e905a6760a80@group-50E32BB97A46, cid=1997, SUCCESS, logIndex=2926, commits[056ae293-26b5-4d67-bc5d-e905a6760a80:c2928, a428730f-9893-43cb-a585-e65a7e8859c8:c2924, 994b73f6-7725-4304-b3a4-4941318c1d6c:c2924]
2019-07-08 19:53:21,638 INFO  client.GrpcClientProtocolClient (GrpcClientProtocolClient.java:onNext(255)) - client-B2F93226DCBB->056ae293-26b5-4d67-bc5d-e905a6760a80: receive RaftClientReply:client-B2F93226DCBB->056ae293-26b5-4d67-bc5d-e905a6760a80@group-50E32BB97A46, cid=1998, SUCCESS, logIndex=2927, commits[056ae293-26b5-4d67-bc5d-e905a6760a80:c2928, a428730f-9893-43cb-a585-e65a7e8859c8:c2924, 994b73f6-7725-4304-b3a4-4941318c1d6c:c2924]
2019-07-08 19:53:21,638 INFO  client.GrpcClientProtocolClient (GrpcClientProtocolClient.java:onNext(255)) - client-B2F93226DCBB->056ae293-26b5-4d67-bc5d-e905a6760a80: receive RaftClientReply:client-B2F93226DCBB->056ae293-26b5-4d67-bc5d-e905a6760a80@group-50E32BB97A46, cid=1999, SUCCESS, logIndex=2928, commits[056ae293-26b5-4d67-bc5d-e905a6760a80:c2928, a428730f-9893-43cb-a585-e65a7e8859c8:c2924, 994b73f6-7725-4304-b3a4-4941318c1d6c:c2924]
2019-07-08 19:53:21,641 INFO  client.GrpcClientProtocolClient (GrpcClientProtocolClient.java:onNext(255)) - client-B2F93226DCBB->056ae293-26b5-4d67-bc5d-e905a6760a80: receive RaftClientReply:client-B2F93226DCBB->056ae293-26b5-4d67-bc5d-e905a6760a80@group-50E32BB97A46, cid=2000, SUCCESS, logIndex=0, commits[056ae293-26b5-4d67-bc5d-e905a6760a80:c2929, a428730f-9893-43cb-a585-e65a7e8859c8:c2926, 994b73f6-7725-4304-b3a4-4941318c1d6c:c2926]
2019-07-08 19:53:21,668 INFO  client.GrpcClientProtocolClient (GrpcClientProtocolClient.java:onNext(255)) - client-B2F93226DCBB->056ae293-26b5-4d67-bc5d-e905a6760a80: receive RaftClientReply:client-B2F93226DCBB->056ae293-26b5-4d67-bc5d-e905a6760a80@group-50E32BB97A46, cid=2001, SUCCESS, logIndex=2933, commits[056ae293-26b5-4d67-bc5d-e905a6760a80:c2934, a428730f-9893-43cb-a585-e65a7e8859c8:c2932, 994b73f6-7725-4304-b3a4-4941318c1d6c:c2932]
2019-07-08 19:53:21,668 INFO  client.GrpcClientProtocolClient (GrpcClientProtocolClient.java:onNext(255)) - client-B2F93226DCBB->056ae293-26b5-4d67-bc5d-e905a6760a80: receive RaftClientReply:client-B2F93226DCBB->056ae293-26b5-4d67-bc5d-e905a6760a80@group-50E32BB97A46, cid=2002, SUCCESS, logIndex=2934, commits[056ae293-26b5-4d67-bc5d-e905a6760a80:c2934, a428730f-9893-43cb-a585-e65a7e8859c8:c2932, 994b73f6-7725-4304-b3a4-4941318c1d6c:c2932]
2019-07-08 19:53:21,684 INFO  client.GrpcClientProtocolClient (GrpcClientProtocolClient.java:onNext(255)) - client-B2F93226DCBB->056ae293-26b5-4d67-bc5d-e905a6760a80: receive RaftClientReply:client-B2F93226DCBB->056ae293-26b5-4d67-bc5d-e905a6760a80@group-50E32BB97A46, cid=2003, SUCCESS, logIndex=2937, commits[056ae293-26b5-4d67-bc5d-e905a6760a80:c2938, a428730f-9893-43cb-a585-e65a7e8859c8:c2934, 994b73f6-7725-4304-b3a4-4941318c1d6c:c2934]
2019-07-08 19:53:21,684 INFO  client.GrpcClientProtocolClient (GrpcClientProtocolClient.java:onNext(255)) - client-B2F93226DCBB->056ae293-26b5-4d67-bc5d-e905a6760a80: receive RaftClientReply:client-B2F93226DCBB->056ae293-26b5-4d67-bc5d-e905a6760a80@group-50E32BB97A46, cid=2004, SUCCESS, logIndex=2938, commits[056ae293-26b5-4d67-bc5d-e905a6760a80:c2938, a428730f-9893-43cb-a585-e65a7e8859c8:c2934, 994b73f6-7725-4304-b3a4-4941318c1d6c:c2934]
2019-07-08 19:53:21,698 INFO  client.GrpcClientProtocolClient (GrpcClientProtocolClient.java:onNext(255)) - client-B2F93226DCBB->056ae293-26b5-4d67-bc5d-e905a6760a80: receive RaftClientReply:client-B2F93226DCBB->056ae293-26b5-4d67-bc5d-e905a6760a80@group-50E32BB97A46, cid=2005, SUCCESS, logIndex=0, commits[056ae293-26b5-4d67-bc5d-e905a6760a80:c2940, a428730f-9893-43cb-a585-e65a7e8859c8:c2938, 994b73f6-7725-4304-b3a4-4941318c1d6c:c2938]
2019-07-08 19:53:21,730 INFO  client.GrpcClientProtocolClient (GrpcClientProtocolClient.java:onNext(255)) - client-B2F93226DCBB->056ae293-26b5-4d67-bc5d-e905a6760a80: receive RaftClientReply:client-B2F93226DCBB->056ae293-26b5-4d67-bc5d-e905a6760a80@group-50E32BB97A46, cid=2006, SUCCESS, logIndex=2941, commits[056ae293-26b5-4d67-bc5d-e905a6760a80:c2942, a428730f-9893-43cb-a585-e65a7e8859c8:c2940, 994b73f6-7725-4304-b3a4-4941318c1d6c:c2940]
2019-07-08 19:53:21,731 INFO  client.GrpcClientProtocolClient (GrpcClientProtocolClient.java:onNext(255)) - client-B2F93226DCBB->056ae293-26b5-4d67-bc5d-e905a6760a80: receive RaftClientReply:client-B2F93226DCBB->056ae293-26b5-4d67-bc5d-e905a6760a80@group-50E32BB97A46, cid=2007, SUCCESS, logIndex=2942, commits[056ae293-26b5-4d67-bc5d-e905a6760a80:c2942, a428730f-9893-43cb-a585-e65a7e8859c8:c2940, 994b73f6-7725-4304-b3a4-4941318c1d6c:c2940]
2019-07-08 19:53:21,740 INFO  client.GrpcClientProtocolClient (GrpcClientProtocolClient.java:onNext(255)) - client-B2F93226DCBB->056ae293-26b5-4d67-bc5d-e905a6760a80: receive RaftClientReply:client-B2F93226DCBB->056ae293-26b5-4d67-bc5d-e905a6760a80@group-50E32BB97A46, cid=2008, SUCCESS, logIndex=2943, commits[056ae293-26b5-4d67-bc5d-e905a6760a80:c2944, a428730f-9893-43cb-a585-e65a7e8859c8:c2940, 994b73f6-7725-4304-b3a4-4941318c1d6c:c2940]
2019-07-08 19:53:21,740 INFO  client.GrpcClientProtocolClient (GrpcClientProtocolClient.java:onNext(255)) - client-B2F93226DCBB->056ae293-26b5-4d67-bc5d-e905a6760a80: receive RaftClientReply:client-B2F93226DCBB->056ae293-26b5-4d67-bc5d-e905a6760a80@group-50E32BB97A46, cid=2009, SUCCESS, logIndex=2944, commits[056ae293-26b5-4d67-bc5d-e905a6760a80:c2944, a428730f-9893-43cb-a585-e65a7e8859c8:c2940, 994b73f6-7725-4304-b3a4-4941318c1d6c:c2940]
2019-07-08 19:53:21,743 INFO  client.GrpcClientProtocolClient (GrpcClientProtocolClient.java:onNext(255)) - client-B2F93226DCBB->056ae293-26b5-4d67-bc5d-e905a6760a80: receive RaftClientReply:client-B2F93226DCBB->056ae293-26b5-4d67-bc5d-e905a6760a80@group-50E32BB97A46, cid=2010, SUCCESS, logIndex=0, commits[056ae293-26b5-4d67-bc5d-e905a6760a80:c2944, a428730f-9893-43cb-a585-e65a7e8859c8:c2942, 994b73f6-7725-4304-b3a4-4941318c1d6c:c2942]
2019-07-08 19:53:21,768 INFO  client.GrpcClientProtocolClient (GrpcClientProtocolClient.java:onNext(255)) - client-B2F93226DCBB->056ae293-26b5-4d67-bc5d-e905a6760a80: receive RaftClientReply:client-B2F93226DCBB->056ae293-26b5-4d67-bc5d-e905a6760a80@group-50E32BB97A46, cid=2011, SUCCESS, logIndex=2949, commits[056ae293-26b5-4d67-bc5d-e905a6760a80:c2950, a428730f-9893-43cb-a585-e65a7e8859c8:c2944, 994b73f6-7725-4304-b3a4-4941318c1d6c:c2944]
2019-07-08 19:53:21,769 INFO  client.GrpcClientProtocolClient (GrpcClientProtocolClient.java:onNext(255)) - client-B2F93226DCBB->056ae293-26b5-4d67-bc5d-e905a6760a80: receive RaftClientReply:client-B2F93226DCBB->056ae293-26b5-4d67-bc5d-e905a6760a80@group-50E32BB97A46, cid=2012, SUCCESS, logIndex=2950, commits[056ae293-26b5-4d67-bc5d-e905a6760a80:c2950, a428730f-9893-43cb-a585-e65a7e8859c8:c2944, 994b73f6-7725-4304-b3a4-4941318c1d6c:c2944]
2019-07-08 19:53:21,795 INFO  client.GrpcClientProtocolClient (GrpcClientProtocolClient.java:onNext(255)) - client-B2F93226DCBB->056ae293-26b5-4d67-bc5d-e905a6760a80: receive RaftClientReply:client-B2F93226DCBB->056ae293-26b5-4d67-bc5d-e905a6760a80@group-50E32BB97A46, cid=2013, SUCCESS, logIndex=2953, commits[056ae293-26b5-4d67-bc5d-e905a6760a80:c2954, a428730f-9893-43cb-a585-e65a7e8859c8:c2950, 994b73f6-7725-4304-b3a4-4941318c1d6c:c2950]
2019-07-08 19:53:21,796 INFO  client.GrpcClientProtocolClient (GrpcClientProtocolClient.java:onNext(255)) - client-B2F93226DCBB->056ae293-26b5-4d67-bc5d-e905a6760a80: receive RaftClientReply:client-B2F93226DCBB->056ae293-26b5-4d67-bc5d-e905a6760a80@group-50E32BB97A46, cid=2014, SUCCESS, logIndex=2954, commits[056ae293-26b5-4d67-bc5d-e905a6760a80:c2954, a428730f-9893-43cb-a585-e65a7e8859c8:c2950, 994b73f6-7725-4304-b3a4-4941318c1d6c:c2950]
2019-07-08 19:53:21,809 INFO  client.GrpcClientProtocolClient (GrpcClientProtocolClient.java:onNext(255)) - client-B2F93226DCBB->056ae293-26b5-4d67-bc5d-e905a6760a80: receive RaftClientReply:client-B2F93226DCBB->056ae293-26b5-4d67-bc5d-e905a6760a80@group-50E32BB97A46, cid=2015, SUCCESS, logIndex=0, commits[056ae293-26b5-4d67-bc5d-e905a6760a80:c2955, a428730f-9893-43cb-a585-e65a7e8859c8:c2954, 994b73f6-7725-4304-b3a4-4941318c1d6c:c2954]
2019-07-08 19:53:21,831 INFO  client.GrpcClientProtocolClient (GrpcClientProtocolClient.java:onNext(255)) - client-B2F93226DCBB->056ae293-26b5-4d67-bc5d-e905a6760a80: receive RaftClientReply:client-B2F93226DCBB->056ae293-26b5-4d67-bc5d-e905a6760a80@group-50E32BB97A46, cid=2016, SUCCESS, logIndex=2957, commits[056ae293-26b5-4d67-bc5d-e905a6760a80:c2958, a428730f-9893-43cb-a585-e65a7e8859c8:c2955, 994b73f6-7725-4304-b3a4-4941318c1d6c:c2954]
2019-07-08 19:53:21,832 INFO  client.GrpcClientProtocolClient (GrpcClientProtocolClient.java:onNext(255)) - client-B2F93226DCBB->056ae293-26b5-4d67-bc5d-e905a6760a80: receive RaftClientReply:client-B2F93226DCBB->056ae293-26b5-4d67-bc5d-e905a6760a80@group-50E32BB97A46, cid=2017, SUCCESS, logIndex=2958, commits[056ae293-26b5-4d67-bc5d-e905a6760a80:c2958, a428730f-9893-43cb-a585-e65a7e8859c8:c2955, 994b73f6-7725-4304-b3a4-4941318c1d6c:c2955]
2019-07-08 19:53:21,833 INFO  client.GrpcClientProtocolClient (GrpcClientProtocolClient.java:onNext(255)) - client-B2F93226DCBB->056ae293-26b5-4d67-bc5d-e905a6760a80: receive RaftClientReply:client-B2F93226DCBB->056ae293-26b5-4d67-bc5d-e905a6760a80@group-50E32BB97A46, cid=2018, SUCCESS, logIndex=2959, commits[056ae293-26b5-4d67-bc5d-e905a6760a80:c2960, a428730f-9893-43cb-a585-e65a7e8859c8:c2955, 994b73f6-7725-4304-b3a4-4941318c1d6c:c2955]
2019-07-08 19:53:21,833 INFO  client.GrpcClientProtocolClient (GrpcClientProtocolClient.java:onNext(255)) - client-B2F93226DCBB->056ae293-26b5-4d67-bc5d-e905a6760a80: receive RaftClientReply:client-B2F93226DCBB->056ae293-26b5-4d67-bc5d-e905a6760a80@group-50E32BB97A46, cid=2019, SUCCESS, logIndex=2960, commits[056ae293-26b5-4d67-bc5d-e905a6760a80:c2960, a428730f-9893-43cb-a585-e65a7e8859c8:c2955, 994b73f6-7725-4304-b3a4-4941318c1d6c:c2955]
2019-07-08 19:53:21,835 INFO  client.GrpcClientProtocolClient (GrpcClientProtocolClient.java:onNext(255)) - client-B2F93226DCBB->056ae293-26b5-4d67-bc5d-e905a6760a80: receive RaftClientReply:client-B2F93226DCBB->056ae293-26b5-4d67-bc5d-e905a6760a80@group-50E32BB97A46, cid=2020, SUCCESS, logIndex=0, commits[056ae293-26b5-4d67-bc5d-e905a6760a80:c2962, a428730f-9893-43cb-a585-e65a7e8859c8:c2958, 994b73f6-7725-4304-b3a4-4941318c1d6c:c2958]
2019-07-08 19:53:21,848 INFO  client.GrpcClientProtocolClient (GrpcClientProtocolClient.java:onNext(255)) - client-B2F93226DCBB->056ae293-26b5-4d67-bc5d-e905a6760a80: receive RaftClientReply:client-B2F93226DCBB->056ae293-26b5-4d67-bc5d-e905a6760a80@group-50E32BB97A46, cid=2021, SUCCESS, logIndex=2965, commits[056ae293-26b5-4d67-bc5d-e905a6760a80:c2966, a428730f-9893-43cb-a585-e65a7e8859c8:c2964, 994b73f6-7725-4304-b3a4-4941318c1d6c:c2964]
2019-07-08 19:53:21,849 INFO  client.GrpcClientProtocolClient (GrpcClientProtocolClient.java:onNext(255)) - client-B2F93226DCBB->056ae293-26b5-4d67-bc5d-e905a6760a80: receive RaftClientReply:client-B2F93226DCBB->056ae293-26b5-4d67-bc5d-e905a6760a80@group-50E32BB97A46, cid=2022, SUCCESS, logIndex=2966, commits[056ae293-26b5-4d67-bc5d-e905a6760a80:c2966, a428730f-9893-43cb-a585-e65a7e8859c8:c2964, 994b73f6-7725-4304-b3a4-4941318c1d6c:c2964]
2019-07-08 19:53:21,863 INFO  client.GrpcClientProtocolClient (GrpcClientProtocolClient.java:onNext(255)) - client-B2F93226DCBB->056ae293-26b5-4d67-bc5d-e905a6760a80: receive RaftClientReply:client-B2F93226DCBB->056ae293-26b5-4d67-bc5d-e905a6760a80@group-50E32BB97A46, cid=2023, SUCCESS, logIndex=2969, commits[056ae293-26b5-4d67-bc5d-e905a6760a80:c2970, a428730f-9893-43cb-a585-e65a7e8859c8:c2968, 994b73f6-7725-4304-b3a4-4941318c1d6c:c2968]
2019-07-08 19:53:21,864 INFO  client.GrpcClientProtocolClient (GrpcClientProtocolClient.java:onNext(255)) - client-B2F93226DCBB->056ae293-26b5-4d67-bc5d-e905a6760a80: receive RaftClientReply:client-B2F93226DCBB->056ae293-26b5-4d67-bc5d-e905a6760a80@group-50E32BB97A46, cid=2024, SUCCESS, logIndex=2970, commits[056ae293-26b5-4d67-bc5d-e905a6760a80:c2970, a428730f-9893-43cb-a585-e65a7e8859c8:c2968, 994b73f6-7725-4304-b3a4-4941318c1d6c:c2968]
2019-07-08 19:53:21,870 INFO  client.GrpcClientProtocolClient (GrpcClientProtocolClient.java:onNext(255)) - client-B2F93226DCBB->056ae293-26b5-4d67-bc5d-e905a6760a80: receive RaftClientReply:client-B2F93226DCBB->056ae293-26b5-4d67-bc5d-e905a6760a80@group-50E32BB97A46, cid=2025, SUCCESS, logIndex=0, commits[056ae293-26b5-4d67-bc5d-e905a6760a80:c2972, a428730f-9893-43cb-a585-e65a7e8859c8:c2970, 994b73f6-7725-4304-b3a4-4941318c1d6c:c2970]
2019-07-08 19:53:21,916 INFO  client.GrpcClientProtocolClient (GrpcClientProtocolClient.java:onNext(255)) - client-B2F93226DCBB->056ae293-26b5-4d67-bc5d-e905a6760a80: receive RaftClientReply:client-B2F93226DCBB->056ae293-26b5-4d67-bc5d-e905a6760a80@group-50E32BB97A46, cid=2026, SUCCESS, logIndex=2973, commits[056ae293-26b5-4d67-bc5d-e905a6760a80:c2974, a428730f-9893-43cb-a585-e65a7e8859c8:c2972, 994b73f6-7725-4304-b3a4-4941318c1d6c:c2972]
2019-07-08 19:53:21,917 INFO  client.GrpcClientProtocolClient (GrpcClientProtocolClient.java:onNext(255)) - client-B2F93226DCBB->056ae293-26b5-4d67-bc5d-e905a6760a80: receive RaftClientReply:client-B2F93226DCBB->056ae293-26b5-4d67-bc5d-e905a6760a80@group-50E32BB97A46, cid=2027, SUCCESS, logIndex=2974, commits[056ae293-26b5-4d67-bc5d-e905a6760a80:c2974, a428730f-9893-43cb-a585-e65a7e8859c8:c2972, 994b73f6-7725-4304-b3a4-4941318c1d6c:c2972]
2019-07-08 19:53:21,927 INFO  client.GrpcClientProtocolClient (GrpcClientProtocolClient.java:onNext(255)) - client-B2F93226DCBB->056ae293-26b5-4d67-bc5d-e905a6760a80: receive RaftClientReply:client-B2F93226DCBB->056ae293-26b5-4d67-bc5d-e905a6760a80@group-50E32BB97A46, cid=2028, SUCCESS, logIndex=2975, commits[056ae293-26b5-4d67-bc5d-e905a6760a80:c2976, a428730f-9893-43cb-a585-e65a7e8859c8:c2972, 994b73f6-7725-4304-b3a4-4941318c1d6c:c2972]
2019-07-08 19:53:21,927 INFO  client.GrpcClientProtocolClient (GrpcClientProtocolClient.java:onNext(255)) - client-B2F93226DCBB->056ae293-26b5-4d67-bc5d-e905a6760a80: receive RaftClientReply:client-B2F93226DCBB->056ae293-26b5-4d67-bc5d-e905a6760a80@group-50E32BB97A46, cid=2029, SUCCESS, logIndex=2976, commits[056ae293-26b5-4d67-bc5d-e905a6760a80:c2976, a428730f-9893-43cb-a585-e65a7e8859c8:c2972, 994b73f6-7725-4304-b3a4-4941318c1d6c:c2972]
2019-07-08 19:53:21,930 INFO  client.GrpcClientProtocolClient (GrpcClientProtocolClient.java:onNext(255)) - client-B2F93226DCBB->056ae293-26b5-4d67-bc5d-e905a6760a80: receive RaftClientReply:client-B2F93226DCBB->056ae293-26b5-4d67-bc5d-e905a6760a80@group-50E32BB97A46, cid=2030, SUCCESS, logIndex=0, commits[056ae293-26b5-4d67-bc5d-e905a6760a80:c2978, a428730f-9893-43cb-a585-e65a7e8859c8:c2974, 994b73f6-7725-4304-b3a4-4941318c1d6c:c2974]
2019-07-08 19:53:21,945 INFO  client.GrpcClientProtocolClient (GrpcClientProtocolClient.java:onNext(255)) - client-B2F93226DCBB->056ae293-26b5-4d67-bc5d-e905a6760a80: receive RaftClientReply:client-B2F93226DCBB->056ae293-26b5-4d67-bc5d-e905a6760a80@group-50E32BB97A46, cid=2031, SUCCESS, logIndex=2981, commits[056ae293-26b5-4d67-bc5d-e905a6760a80:c2982, a428730f-9893-43cb-a585-e65a7e8859c8:c2976, 994b73f6-7725-4304-b3a4-4941318c1d6c:c2978]
2019-07-08 19:53:21,945 INFO  client.GrpcClientProtocolClient (GrpcClientProtocolClient.java:onNext(255)) - client-B2F93226DCBB->056ae293-26b5-4d67-bc5d-e905a6760a80: receive RaftClientReply:client-B2F93226DCBB->056ae293-26b5-4d67-bc5d-e905a6760a80@group-50E32BB97A46, cid=2032, SUCCESS, logIndex=2982, commits[056ae293-26b5-4d67-bc5d-e905a6760a80:c2982, a428730f-9893-43cb-a585-e65a7e8859c8:c2978, 994b73f6-7725-4304-b3a4-4941318c1d6c:c2978]
 0.00% |█                                                                                                    |  0/1 Time: 0:00:182019-07-08 19:53:22,451 INFO  client.GrpcClientProtocolClient (GrpcClientProtocolClient.java:onNext(255)) - client-B2F93226DCBB->056ae293-26b5-4d67-bc5d-e905a6760a80: receive RaftClientReply:client-B2F93226DCBB->056ae293-26b5-4d67-bc5d-e905a6760a80@group-50E32BB97A46, cid=2033, SUCCESS, logIndex=2984, commits[056ae293-26b5-4d67-bc5d-e905a6760a80:c2985, a428730f-9893-43cb-a585-e65a7e8859c8:c2983, 994b73f6-7725-4304-b3a4-4941318c1d6c:c2983]
2019-07-08 19:53:22,451 INFO  client.GrpcClientProtocolClient (GrpcClientProtocolClient.java:onNext(255)) - client-B2F93226DCBB->056ae293-26b5-4d67-bc5d-e905a6760a80: receive RaftClientReply:client-B2F93226DCBB->056ae293-26b5-4d67-bc5d-e905a6760a80@group-50E32BB97A46, cid=2034, SUCCESS, logIndex=2985, commits[056ae293-26b5-4d67-bc5d-e905a6760a80:c2985, a428730f-9893-43cb-a585-e65a7e8859c8:c2983, 994b73f6-7725-4304-b3a4-4941318c1d6c:c2983]
2019-07-08 19:53:22,476 INFO  client.GrpcClientProtocolClient (GrpcClientProtocolClient.java:onNext(255)) - client-B2F93226DCBB->056ae293-26b5-4d67-bc5d-e905a6760a80: receive RaftClientReply:client-B2F93226DCBB->056ae293-26b5-4d67-bc5d-e905a6760a80@group-50E32BB97A46, cid=2035, SUCCESS, logIndex=0, commits[056ae293-26b5-4d67-bc5d-e905a6760a80:c2987, a428730f-9893-43cb-a585-e65a7e8859c8:c2985, 994b73f6-7725-4304-b3a4-4941318c1d6c:c2985]
2019-07-08 19:53:22,506 INFO  client.GrpcClientProtocolClient (GrpcClientProtocolClient.java:onNext(255)) - client-B2F93226DCBB->056ae293-26b5-4d67-bc5d-e905a6760a80: receive RaftClientReply:client-B2F93226DCBB->056ae293-26b5-4d67-bc5d-e905a6760a80@group-50E32BB97A46, cid=2036, SUCCESS, logIndex=2988, commits[056ae293-26b5-4d67-bc5d-e905a6760a80:c2989, a428730f-9893-43cb-a585-e65a7e8859c8:c2987, 994b73f6-7725-4304-b3a4-4941318c1d6c:c2987]
2019-07-08 19:53:22,506 INFO  client.GrpcClientProtocolClient (GrpcClientProtocolClient.java:onNext(255)) - client-B2F93226DCBB->056ae293-26b5-4d67-bc5d-e905a6760a80: receive RaftClientReply:client-B2F93226DCBB->056ae293-26b5-4d67-bc5d-e905a6760a80@group-50E32BB97A46, cid=2037, SUCCESS, logIndex=2989, commits[056ae293-26b5-4d67-bc5d-e905a6760a80:c2990, a428730f-9893-43cb-a585-e65a7e8859c8:c2987, 994b73f6-7725-4304-b3a4-4941318c1d6c:c2987]
2019-07-08 19:53:22,510 INFO  client.GrpcClientProtocolClient (GrpcClientProtocolClient.java:onNext(255)) - client-B2F93226DCBB->056ae293-26b5-4d67-bc5d-e905a6760a80: receive RaftClientReply:client-B2F93226DCBB->056ae293-26b5-4d67-bc5d-e905a6760a80@group-50E32BB97A46, cid=2038, SUCCESS, logIndex=2990, commits[056ae293-26b5-4d67-bc5d-e905a6760a80:c2991, a428730f-9893-43cb-a585-e65a7e8859c8:c2987, 994b73f6-7725-4304-b3a4-4941318c1d6c:c2987]
2019-07-08 19:53:22,511 INFO  client.GrpcClientProtocolClient (GrpcClientProtocolClient.java:onNext(255)) - client-B2F93226DCBB->056ae293-26b5-4d67-bc5d-e905a6760a80: receive RaftClientReply:client-B2F93226DCBB->056ae293-26b5-4d67-bc5d-e905a6760a80@group-50E32BB97A46, cid=2039, SUCCESS, logIndex=2991, commits[056ae293-26b5-4d67-bc5d-e905a6760a80:c2991, a428730f-9893-43cb-a585-e65a7e8859c8:c2987, 994b73f6-7725-4304-b3a4-4941318c1d6c:c2987]
2019-07-08 19:53:22,520 INFO  client.GrpcClientProtocolClient (GrpcClientProtocolClient.java:onNext(255)) - client-B2F93226DCBB->056ae293-26b5-4d67-bc5d-e905a6760a80: receive RaftClientReply:client-B2F93226DCBB->056ae293-26b5-4d67-bc5d-e905a6760a80@group-50E32BB97A46, cid=2040, SUCCESS, logIndex=0, commits[056ae293-26b5-4d67-bc5d-e905a6760a80:c2993, a428730f-9893-43cb-a585-e65a7e8859c8:c2989, 994b73f6-7725-4304-b3a4-4941318c1d6c:c2989]
2019-07-08 19:53:22,541 INFO  client.GrpcClientProtocolClient (GrpcClientProtocolClient.java:onNext(255)) - client-B2F93226DCBB->056ae293-26b5-4d67-bc5d-e905a6760a80: receive RaftClientReply:client-B2F93226DCBB->056ae293-26b5-4d67-bc5d-e905a6760a80@group-50E32BB97A46, cid=2041, SUCCESS, logIndex=2996, commits[056ae293-26b5-4d67-bc5d-e905a6760a80:c2997, a428730f-9893-43cb-a585-e65a7e8859c8:c2995, 994b73f6-7725-4304-b3a4-4941318c1d6c:c2995]
2019-07-08 19:53:22,541 INFO  client.GrpcClientProtocolClient (GrpcClientProtocolClient.java:onNext(255)) - client-B2F93226DCBB->056ae293-26b5-4d67-bc5d-e905a6760a80: receive RaftClientReply:client-B2F93226DCBB->056ae293-26b5-4d67-bc5d-e905a6760a80@group-50E32BB97A46, cid=2042, SUCCESS, logIndex=2997, commits[056ae293-26b5-4d67-bc5d-e905a6760a80:c2997, a428730f-9893-43cb-a585-e65a7e8859c8:c2995, 994b73f6-7725-4304-b3a4-4941318c1d6c:c2995]
2019-07-08 19:53:22,568 INFO  client.GrpcClientProtocolClient (GrpcClientProtocolClient.java:onNext(255)) - client-B2F93226DCBB->056ae293-26b5-4d67-bc5d-e905a6760a80: receive RaftClientReply:client-B2F93226DCBB->056ae293-26b5-4d67-bc5d-e905a6760a80@group-50E32BB97A46, cid=2043, SUCCESS, logIndex=3000, commits[056ae293-26b5-4d67-bc5d-e905a6760a80:c3001, a428730f-9893-43cb-a585-e65a7e8859c8:c2997, 994b73f6-7725-4304-b3a4-4941318c1d6c:c2996]
2019-07-08 19:53:22,568 INFO  client.GrpcClientProtocolClient (GrpcClientProtocolClient.java:onNext(255)) - client-B2F93226DCBB->056ae293-26b5-4d67-bc5d-e905a6760a80: receive RaftClientReply:client-B2F93226DCBB->056ae293-26b5-4d67-bc5d-e905a6760a80@group-50E32BB97A46, cid=2044, SUCCESS, logIndex=3001, commits[056ae293-26b5-4d67-bc5d-e905a6760a80:c3001, a428730f-9893-43cb-a585-e65a7e8859c8:c2997, 994b73f6-7725-4304-b3a4-4941318c1d6c:c2997]
2019-07-08 19:53:22,583 INFO  client.GrpcClientProtocolClient (GrpcClientProtocolClient.java:onNext(255)) - client-B2F93226DCBB->056ae293-26b5-4d67-bc5d-e905a6760a80: receive RaftClientReply:client-B2F93226DCBB->056ae293-26b5-4d67-bc5d-e905a6760a80@group-50E32BB97A46, cid=2045, SUCCESS, logIndex=0, commits[056ae293-26b5-4d67-bc5d-e905a6760a80:c3003, a428730f-9893-43cb-a585-e65a7e8859c8:c3001, 994b73f6-7725-4304-b3a4-4941318c1d6c:c3001]
2019-07-08 19:53:22,609 INFO  client.GrpcClientProtocolClient (GrpcClientProtocolClient.java:onNext(255)) - client-B2F93226DCBB->056ae293-26b5-4d67-bc5d-e905a6760a80: receive RaftClientReply:client-B2F93226DCBB->056ae293-26b5-4d67-bc5d-e905a6760a80@group-50E32BB97A46, cid=2046, SUCCESS, logIndex=3004, commits[056ae293-26b5-4d67-bc5d-e905a6760a80:c3007, a428730f-9893-43cb-a585-e65a7e8859c8:c3003, 994b73f6-7725-4304-b3a4-4941318c1d6c:c3003]
2019-07-08 19:53:22,610 INFO  client.GrpcClientProtocolClient (GrpcClientProtocolClient.java:onNext(255)) - client-B2F93226DCBB->056ae293-26b5-4d67-bc5d-e905a6760a80: receive RaftClientReply:client-B2F93226DCBB->056ae293-26b5-4d67-bc5d-e905a6760a80@group-50E32BB97A46, cid=2047, SUCCESS, logIndex=3005, commits[056ae293-26b5-4d67-bc5d-e905a6760a80:c3007, a428730f-9893-43cb-a585-e65a7e8859c8:c3003, 994b73f6-7725-4304-b3a4-4941318c1d6c:c3003]
2019-07-08 19:53:22,610 INFO  client.GrpcClientProtocolClient (GrpcClientProtocolClient.java:onNext(255)) - client-B2F93226DCBB->056ae293-26b5-4d67-bc5d-e905a6760a80: receive RaftClientReply:client-B2F93226DCBB->056ae293-26b5-4d67-bc5d-e905a6760a80@group-50E32BB97A46, cid=2048, SUCCESS, logIndex=3006, commits[056ae293-26b5-4d67-bc5d-e905a6760a80:c3007, a428730f-9893-43cb-a585-e65a7e8859c8:c3003, 994b73f6-7725-4304-b3a4-4941318c1d6c:c3003]
2019-07-08 19:53:22,610 INFO  client.GrpcClientProtocolClient (GrpcClientProtocolClient.java:onNext(255)) - client-B2F93226DCBB->056ae293-26b5-4d67-bc5d-e905a6760a80: receive RaftClientReply:client-B2F93226DCBB->056ae293-26b5-4d67-bc5d-e905a6760a80@group-50E32BB97A46, cid=2049, SUCCESS, logIndex=3007, commits[056ae293-26b5-4d67-bc5d-e905a6760a80:c3007, a428730f-9893-43cb-a585-e65a7e8859c8:c3003, 994b73f6-7725-4304-b3a4-4941318c1d6c:c3003]
2019-07-08 19:53:22,612 INFO  client.GrpcClientProtocolClient (GrpcClientProtocolClient.java:onNext(255)) - client-B2F93226DCBB->056ae293-26b5-4d67-bc5d-e905a6760a80: receive RaftClientReply:client-B2F93226DCBB->056ae293-26b5-4d67-bc5d-e905a6760a80@group-50E32BB97A46, cid=2050, SUCCESS, logIndex=0, commits[056ae293-26b5-4d67-bc5d-e905a6760a80:c3008, a428730f-9893-43cb-a585-e65a7e8859c8:c3006, 994b73f6-7725-4304-b3a4-4941318c1d6c:c3006]
2019-07-08 19:53:22,626 INFO  client.GrpcClientProtocolClient (GrpcClientProtocolClient.java:onNext(255)) - client-B2F93226DCBB->056ae293-26b5-4d67-bc5d-e905a6760a80: receive RaftClientReply:client-B2F93226DCBB->056ae293-26b5-4d67-bc5d-e905a6760a80@group-50E32BB97A46, cid=2051, SUCCESS, logIndex=3011, commits[056ae293-26b5-4d67-bc5d-e905a6760a80:c3012, a428730f-9893-43cb-a585-e65a7e8859c8:c3010, 994b73f6-7725-4304-b3a4-4941318c1d6c:c3010]
2019-07-08 19:53:22,626 INFO  client.GrpcClientProtocolClient (GrpcClientProtocolClient.java:onNext(255)) - client-B2F93226DCBB->056ae293-26b5-4d67-bc5d-e905a6760a80: receive RaftClientReply:client-B2F93226DCBB->056ae293-26b5-4d67-bc5d-e905a6760a80@group-50E32BB97A46, cid=2052, SUCCESS, logIndex=3012, commits[056ae293-26b5-4d67-bc5d-e905a6760a80:c3012, a428730f-9893-43cb-a585-e65a7e8859c8:c3010, 994b73f6-7725-4304-b3a4-4941318c1d6c:c3010]
2019-07-08 19:53:22,641 INFO  client.GrpcClientProtocolClient (GrpcClientProtocolClient.java:onNext(255)) - client-B2F93226DCBB->056ae293-26b5-4d67-bc5d-e905a6760a80: receive RaftClientReply:client-B2F93226DCBB->056ae293-26b5-4d67-bc5d-e905a6760a80@group-50E32BB97A46, cid=2053, SUCCESS, logIndex=3015, commits[056ae293-26b5-4d67-bc5d-e905a6760a80:c3016, a428730f-9893-43cb-a585-e65a7e8859c8:c3012, 994b73f6-7725-4304-b3a4-4941318c1d6c:c3014]
2019-07-08 19:53:22,642 INFO  client.GrpcClientProtocolClient (GrpcClientProtocolClient.java:onNext(255)) - client-B2F93226DCBB->056ae293-26b5-4d67-bc5d-e905a6760a80: receive RaftClientReply:client-B2F93226DCBB->056ae293-26b5-4d67-bc5d-e905a6760a80@group-50E32BB97A46, cid=2054, SUCCESS, logIndex=3016, commits[056ae293-26b5-4d67-bc5d-e905a6760a80:c3016, a428730f-9893-43cb-a585-e65a7e8859c8:c3014, 994b73f6-7725-4304-b3a4-4941318c1d6c:c3014]
2019-07-08 19:53:22,645 INFO  client.GrpcClientProtocolClient (GrpcClientProtocolClient.java:onNext(255)) - client-B2F93226DCBB->056ae293-26b5-4d67-bc5d-e905a6760a80: receive RaftClientReply:client-B2F93226DCBB->056ae293-26b5-4d67-bc5d-e905a6760a80@group-50E32BB97A46, cid=2055, SUCCESS, logIndex=0, commits[056ae293-26b5-4d67-bc5d-e905a6760a80:c3018, a428730f-9893-43cb-a585-e65a7e8859c8:c3016, 994b73f6-7725-4304-b3a4-4941318c1d6c:c3016]
2019-07-08 19:53:22,671 INFO  client.GrpcClientProtocolClient (GrpcClientProtocolClient.java:onNext(255)) - client-B2F93226DCBB->056ae293-26b5-4d67-bc5d-e905a6760a80: receive RaftClientReply:client-B2F93226DCBB->056ae293-26b5-4d67-bc5d-e905a6760a80@group-50E32BB97A46, cid=2056, SUCCESS, logIndex=3019, commits[056ae293-26b5-4d67-bc5d-e905a6760a80:c3020, a428730f-9893-43cb-a585-e65a7e8859c8:c3018, 994b73f6-7725-4304-b3a4-4941318c1d6c:c3018]
2019-07-08 19:53:22,672 INFO  client.GrpcClientProtocolClient (GrpcClientProtocolClient.java:onNext(255)) - client-B2F93226DCBB->056ae293-26b5-4d67-bc5d-e905a6760a80: receive RaftClientReply:client-B2F93226DCBB->056ae293-26b5-4d67-bc5d-e905a6760a80@group-50E32BB97A46, cid=2057, SUCCESS, logIndex=3020, commits[056ae293-26b5-4d67-bc5d-e905a6760a80:c3021, a428730f-9893-43cb-a585-e65a7e8859c8:c3018, 994b73f6-7725-4304-b3a4-4941318c1d6c:c3018]
2019-07-08 19:53:22,672 INFO  client.GrpcClientProtocolClient (GrpcClientProtocolClient.java:onNext(255)) - client-B2F93226DCBB->056ae293-26b5-4d67-bc5d-e905a6760a80: receive RaftClientReply:client-B2F93226DCBB->056ae293-26b5-4d67-bc5d-e905a6760a80@group-50E32BB97A46, cid=2058, SUCCESS, logIndex=3021, commits[056ae293-26b5-4d67-bc5d-e905a6760a80:c3022, a428730f-9893-43cb-a585-e65a7e8859c8:c3018, 994b73f6-7725-4304-b3a4-4941318c1d6c:c3018]
2019-07-08 19:53:22,673 INFO  client.GrpcClientProtocolClient (GrpcClientProtocolClient.java:onNext(255)) - client-B2F93226DCBB->056ae293-26b5-4d67-bc5d-e905a6760a80: receive RaftClientReply:client-B2F93226DCBB->056ae293-26b5-4d67-bc5d-e905a6760a80@group-50E32BB97A46, cid=2059, SUCCESS, logIndex=3022, commits[056ae293-26b5-4d67-bc5d-e905a6760a80:c3022, a428730f-9893-43cb-a585-e65a7e8859c8:c3018, 994b73f6-7725-4304-b3a4-4941318c1d6c:c3018]
2019-07-08 19:53:22,674 INFO  client.GrpcClientProtocolClient (GrpcClientProtocolClient.java:onNext(255)) - client-B2F93226DCBB->056ae293-26b5-4d67-bc5d-e905a6760a80: receive RaftClientReply:client-B2F93226DCBB->056ae293-26b5-4d67-bc5d-e905a6760a80@group-50E32BB97A46, cid=2060, SUCCESS, logIndex=0, commits[056ae293-26b5-4d67-bc5d-e905a6760a80:c3023, a428730f-9893-43cb-a585-e65a7e8859c8:c3020, 994b73f6-7725-4304-b3a4-4941318c1d6c:c3020]
2019-07-08 19:53:22,687 INFO  client.GrpcClientProtocolClient (GrpcClientProtocolClient.java:onNext(255)) - client-B2F93226DCBB->056ae293-26b5-4d67-bc5d-e905a6760a80: receive RaftClientReply:client-B2F93226DCBB->056ae293-26b5-4d67-bc5d-e905a6760a80@group-50E32BB97A46, cid=2061, SUCCESS, logIndex=3027, commits[056ae293-26b5-4d67-bc5d-e905a6760a80:c3028, a428730f-9893-43cb-a585-e65a7e8859c8:c3022, 994b73f6-7725-4304-b3a4-4941318c1d6c:c3026]
2019-07-08 19:53:22,687 INFO  client.GrpcClientProtocolClient (GrpcClientProtocolClient.java:onNext(255)) - client-B2F93226DCBB->056ae293-26b5-4d67-bc5d-e905a6760a80: receive RaftClientReply:client-B2F93226DCBB->056ae293-26b5-4d67-bc5d-e905a6760a80@group-50E32BB97A46, cid=2062, SUCCESS, logIndex=3028, commits[056ae293-26b5-4d67-bc5d-e905a6760a80:c3028, a428730f-9893-43cb-a585-e65a7e8859c8:c3026, 994b73f6-7725-4304-b3a4-4941318c1d6c:c3026]
2019-07-08 19:53:22,699 INFO  client.GrpcClientProtocolClient (GrpcClientProtocolClient.java:onNext(255)) - client-B2F93226DCBB->056ae293-26b5-4d67-bc5d-e905a6760a80: receive RaftClientReply:client-B2F93226DCBB->056ae293-26b5-4d67-bc5d-e905a6760a80@group-50E32BB97A46, cid=2063, SUCCESS, logIndex=3031, commits[056ae293-26b5-4d67-bc5d-e905a6760a80:c3032, a428730f-9893-43cb-a585-e65a7e8859c8:c3030, 994b73f6-7725-4304-b3a4-4941318c1d6c:c3030]
2019-07-08 19:53:22,700 INFO  client.GrpcClientProtocolClient (GrpcClientProtocolClient.java:onNext(255)) - client-B2F93226DCBB->056ae293-26b5-4d67-bc5d-e905a6760a80: receive RaftClientReply:client-B2F93226DCBB->056ae293-26b5-4d67-bc5d-e905a6760a80@group-50E32BB97A46, cid=2064, SUCCESS, logIndex=3032, commits[056ae293-26b5-4d67-bc5d-e905a6760a80:c3032, a428730f-9893-43cb-a585-e65a7e8859c8:c3030, 994b73f6-7725-4304-b3a4-4941318c1d6c:c3030]
2019-07-08 19:53:22,703 INFO  client.GrpcClientProtocolClient (GrpcClientProtocolClient.java:onNext(255)) - client-B2F93226DCBB->056ae293-26b5-4d67-bc5d-e905a6760a80: receive RaftClientReply:client-B2F93226DCBB->056ae293-26b5-4d67-bc5d-e905a6760a80@group-50E32BB97A46, cid=2065, SUCCESS, logIndex=0, commits[056ae293-26b5-4d67-bc5d-e905a6760a80:c3033, a428730f-9893-43cb-a585-e65a7e8859c8:c3032, 994b73f6-7725-4304-b3a4-4941318c1d6c:c3032]
2019-07-08 19:53:22,727 INFO  client.GrpcClientProtocolClient (GrpcClientProtocolClient.java:onNext(255)) - client-B2F93226DCBB->056ae293-26b5-4d67-bc5d-e905a6760a80: receive RaftClientReply:client-B2F93226DCBB->056ae293-26b5-4d67-bc5d-e905a6760a80@group-50E32BB97A46, cid=2066, SUCCESS, logIndex=3035, commits[056ae293-26b5-4d67-bc5d-e905a6760a80:c3037, a428730f-9893-43cb-a585-e65a7e8859c8:c3034, 994b73f6-7725-4304-b3a4-4941318c1d6c:c3034]
2019-07-08 19:53:22,727 INFO  client.GrpcClientProtocolClient (GrpcClientProtocolClient.java:onNext(255)) - client-B2F93226DCBB->056ae293-26b5-4d67-bc5d-e905a6760a80: receive RaftClientReply:client-B2F93226DCBB->056ae293-26b5-4d67-bc5d-e905a6760a80@group-50E32BB97A46, cid=2067, SUCCESS, logIndex=3036, commits[056ae293-26b5-4d67-bc5d-e905a6760a80:c3038, a428730f-9893-43cb-a585-e65a7e8859c8:c3034, 994b73f6-7725-4304-b3a4-4941318c1d6c:c3034]
2019-07-08 19:53:22,727 INFO  client.GrpcClientProtocolClient (GrpcClientProtocolClient.java:onNext(255)) - client-B2F93226DCBB->056ae293-26b5-4d67-bc5d-e905a6760a80: receive RaftClientReply:client-B2F93226DCBB->056ae293-26b5-4d67-bc5d-e905a6760a80@group-50E32BB97A46, cid=2068, SUCCESS, logIndex=3037, commits[056ae293-26b5-4d67-bc5d-e905a6760a80:c3038, a428730f-9893-43cb-a585-e65a7e8859c8:c3034, 994b73f6-7725-4304-b3a4-4941318c1d6c:c3034]
2019-07-08 19:53:22,728 INFO  client.GrpcClientProtocolClient (GrpcClientProtocolClient.java:onNext(255)) - client-B2F93226DCBB->056ae293-26b5-4d67-bc5d-e905a6760a80: receive RaftClientReply:client-B2F93226DCBB->056ae293-26b5-4d67-bc5d-e905a6760a80@group-50E32BB97A46, cid=2069, SUCCESS, logIndex=3038, commits[056ae293-26b5-4d67-bc5d-e905a6760a80:c3038, a428730f-9893-43cb-a585-e65a7e8859c8:c3034, 994b73f6-7725-4304-b3a4-4941318c1d6c:c3034]
2019-07-08 19:53:22,738 INFO  client.GrpcClientProtocolClient (GrpcClientProtocolClient.java:onNext(255)) - client-B2F93226DCBB->056ae293-26b5-4d67-bc5d-e905a6760a80: receive RaftClientReply:client-B2F93226DCBB->056ae293-26b5-4d67-bc5d-e905a6760a80@group-50E32BB97A46, cid=2070, SUCCESS, logIndex=0, commits[056ae293-26b5-4d67-bc5d-e905a6760a80:c3039, a428730f-9893-43cb-a585-e65a7e8859c8:c3037, 994b73f6-7725-4304-b3a4-4941318c1d6c:c3037]
2019-07-08 19:53:22,758 INFO  client.GrpcClientProtocolClient (GrpcClientProtocolClient.java:onNext(255)) - client-B2F93226DCBB->056ae293-26b5-4d67-bc5d-e905a6760a80: receive RaftClientReply:client-B2F93226DCBB->056ae293-26b5-4d67-bc5d-e905a6760a80@group-50E32BB97A46, cid=2071, SUCCESS, logIndex=3042, commits[056ae293-26b5-4d67-bc5d-e905a6760a80:c3043, a428730f-9893-43cb-a585-e65a7e8859c8:c3041, 994b73f6-7725-4304-b3a4-4941318c1d6c:c3041]
2019-07-08 19:53:22,758 INFO  client.GrpcClientProtocolClient (GrpcClientProtocolClient.java:onNext(255)) - client-B2F93226DCBB->056ae293-26b5-4d67-bc5d-e905a6760a80: receive RaftClientReply:client-B2F93226DCBB->056ae293-26b5-4d67-bc5d-e905a6760a80@group-50E32BB97A46, cid=2072, SUCCESS, logIndex=3043, commits[056ae293-26b5-4d67-bc5d-e905a6760a80:c3043, a428730f-9893-43cb-a585-e65a7e8859c8:c3041, 994b73f6-7725-4304-b3a4-4941318c1d6c:c3041]
2019-07-08 19:53:22,772 INFO  client.GrpcClientProtocolClient (GrpcClientProtocolClient.java:onNext(255)) - client-B2F93226DCBB->056ae293-26b5-4d67-bc5d-e905a6760a80: receive RaftClientReply:client-B2F93226DCBB->056ae293-26b5-4d67-bc5d-e905a6760a80@group-50E32BB97A46, cid=2073, SUCCESS, logIndex=3046, commits[056ae293-26b5-4d67-bc5d-e905a6760a80:c3047, a428730f-9893-43cb-a585-e65a7e8859c8:c3043, 994b73f6-7725-4304-b3a4-4941318c1d6c:c3043]
2019-07-08 19:53:22,772 INFO  client.GrpcClientProtocolClient (GrpcClientProtocolClient.java:onNext(255)) - client-B2F93226DCBB->056ae293-26b5-4d67-bc5d-e905a6760a80: receive RaftClientReply:client-B2F93226DCBB->056ae293-26b5-4d67-bc5d-e905a6760a80@group-50E32BB97A46, cid=2074, SUCCESS, logIndex=3047, commits[056ae293-26b5-4d67-bc5d-e905a6760a80:c3047, a428730f-9893-43cb-a585-e65a7e8859c8:c3043, 994b73f6-7725-4304-b3a4-4941318c1d6c:c3043]
2019-07-08 19:53:22,783 INFO  client.GrpcClientProtocolClient (GrpcClientProtocolClient.java:onNext(255)) - client-B2F93226DCBB->056ae293-26b5-4d67-bc5d-e905a6760a80: receive RaftClientReply:client-B2F93226DCBB->056ae293-26b5-4d67-bc5d-e905a6760a80@group-50E32BB97A46, cid=2075, SUCCESS, logIndex=0, commits[056ae293-26b5-4d67-bc5d-e905a6760a80:c3048, a428730f-9893-43cb-a585-e65a7e8859c8:c3047, 994b73f6-7725-4304-b3a4-4941318c1d6c:c3047]
2019-07-08 19:53:22,815 INFO  client.GrpcClientProtocolClient (GrpcClientProtocolClient.java:onNext(255)) - client-B2F93226DCBB->056ae293-26b5-4d67-bc5d-e905a6760a80: receive RaftClientReply:client-B2F93226DCBB->056ae293-26b5-4d67-bc5d-e905a6760a80@group-50E32BB97A46, cid=2076, SUCCESS, logIndex=3050, commits[056ae293-26b5-4d67-bc5d-e905a6760a80:c3051, a428730f-9893-43cb-a585-e65a7e8859c8:c3049, 994b73f6-7725-4304-b3a4-4941318c1d6c:c3049]
2019-07-08 19:53:22,816 INFO  client.GrpcClientProtocolClient (GrpcClientProtocolClient.java:onNext(255)) - client-B2F93226DCBB->056ae293-26b5-4d67-bc5d-e905a6760a80: receive RaftClientReply:client-B2F93226DCBB->056ae293-26b5-4d67-bc5d-e905a6760a80@group-50E32BB97A46, cid=2077, SUCCESS, logIndex=3051, commits[056ae293-26b5-4d67-bc5d-e905a6760a80:c3051, a428730f-9893-43cb-a585-e65a7e8859c8:c3049, 994b73f6-7725-4304-b3a4-4941318c1d6c:c3049]
2019-07-08 19:53:22,817 INFO  client.GrpcClientProtocolClient (GrpcClientProtocolClient.java:onNext(255)) - client-B2F93226DCBB->056ae293-26b5-4d67-bc5d-e905a6760a80: receive RaftClientReply:client-B2F93226DCBB->056ae293-26b5-4d67-bc5d-e905a6760a80@group-50E32BB97A46, cid=2078, SUCCESS, logIndex=3052, commits[056ae293-26b5-4d67-bc5d-e905a6760a80:c3053, a428730f-9893-43cb-a585-e65a7e8859c8:c3049, 994b73f6-7725-4304-b3a4-4941318c1d6c:c3049]
2019-07-08 19:53:22,817 INFO  client.GrpcClientProtocolClient (GrpcClientProtocolClient.java:onNext(255)) - client-B2F93226DCBB->056ae293-26b5-4d67-bc5d-e905a6760a80: receive RaftClientReply:client-B2F93226DCBB->056ae293-26b5-4d67-bc5d-e905a6760a80@group-50E32BB97A46, cid=2079, SUCCESS, logIndex=3053, commits[056ae293-26b5-4d67-bc5d-e905a6760a80:c3053, a428730f-9893-43cb-a585-e65a7e8859c8:c3049, 994b73f6-7725-4304-b3a4-4941318c1d6c:c3049]
2019-07-08 19:53:22,819 INFO  client.GrpcClientProtocolClient (GrpcClientProtocolClient.java:onNext(255)) - client-B2F93226DCBB->056ae293-26b5-4d67-bc5d-e905a6760a80: receive RaftClientReply:client-B2F93226DCBB->056ae293-26b5-4d67-bc5d-e905a6760a80@group-50E32BB97A46, cid=2080, SUCCESS, logIndex=0, commits[056ae293-26b5-4d67-bc5d-e905a6760a80:c3054, a428730f-9893-43cb-a585-e65a7e8859c8:c3051, 994b73f6-7725-4304-b3a4-4941318c1d6c:c3051]
2019-07-08 19:53:22,839 INFO  client.GrpcClientProtocolClient (GrpcClientProtocolClient.java:onNext(255)) - client-B2F93226DCBB->056ae293-26b5-4d67-bc5d-e905a6760a80: receive RaftClientReply:client-B2F93226DCBB->056ae293-26b5-4d67-bc5d-e905a6760a80@group-50E32BB97A46, cid=2081, SUCCESS, logIndex=3058, commits[056ae293-26b5-4d67-bc5d-e905a6760a80:c3059, a428730f-9893-43cb-a585-e65a7e8859c8:c3057, 994b73f6-7725-4304-b3a4-4941318c1d6c:c3057]
2019-07-08 19:53:22,839 INFO  client.GrpcClientProtocolClient (GrpcClientProtocolClient.java:onNext(255)) - client-B2F93226DCBB->056ae293-26b5-4d67-bc5d-e905a6760a80: receive RaftClientReply:client-B2F93226DCBB->056ae293-26b5-4d67-bc5d-e905a6760a80@group-50E32BB97A46, cid=2082, SUCCESS, logIndex=3059, commits[056ae293-26b5-4d67-bc5d-e905a6760a80:c3059, a428730f-9893-43cb-a585-e65a7e8859c8:c3057, 994b73f6-7725-4304-b3a4-4941318c1d6c:c3057]
2019-07-08 19:53:22,866 INFO  client.GrpcClientProtocolClient (GrpcClientProtocolClient.java:onNext(255)) - client-B2F93226DCBB->056ae293-26b5-4d67-bc5d-e905a6760a80: receive RaftClientReply:client-B2F93226DCBB->056ae293-26b5-4d67-bc5d-e905a6760a80@group-50E32BB97A46, cid=2083, SUCCESS, logIndex=3062, commits[056ae293-26b5-4d67-bc5d-e905a6760a80:c3063, a428730f-9893-43cb-a585-e65a7e8859c8:c3059, 994b73f6-7725-4304-b3a4-4941318c1d6c:c3058]
2019-07-08 19:53:22,866 INFO  client.GrpcClientProtocolClient (GrpcClientProtocolClient.java:onNext(255)) - client-B2F93226DCBB->056ae293-26b5-4d67-bc5d-e905a6760a80: receive RaftClientReply:client-B2F93226DCBB->056ae293-26b5-4d67-bc5d-e905a6760a80@group-50E32BB97A46, cid=2084, SUCCESS, logIndex=3063, commits[056ae293-26b5-4d67-bc5d-e905a6760a80:c3063, a428730f-9893-43cb-a585-e65a7e8859c8:c3059, 994b73f6-7725-4304-b3a4-4941318c1d6c:c3059]
2019-07-08 19:53:22,877 INFO  client.GrpcClientProtocolClient (GrpcClientProtocolClient.java:onNext(255)) - client-B2F93226DCBB->056ae293-26b5-4d67-bc5d-e905a6760a80: receive RaftClientReply:client-B2F93226DCBB->056ae293-26b5-4d67-bc5d-e905a6760a80@group-50E32BB97A46, cid=2085, SUCCESS, logIndex=0, commits[056ae293-26b5-4d67-bc5d-e905a6760a80:c3064, a428730f-9893-43cb-a585-e65a7e8859c8:c3063, 994b73f6-7725-4304-b3a4-4941318c1d6c:c3063]
2019-07-08 19:53:22,897 INFO  client.GrpcClientProtocolClient (GrpcClientProtocolClient.java:onNext(255)) - client-B2F93226DCBB->056ae293-26b5-4d67-bc5d-e905a6760a80: receive RaftClientReply:client-B2F93226DCBB->056ae293-26b5-4d67-bc5d-e905a6760a80@group-50E32BB97A46, cid=2086, SUCCESS, logIndex=3066, commits[056ae293-26b5-4d67-bc5d-e905a6760a80:c3067, a428730f-9893-43cb-a585-e65a7e8859c8:c3063, 994b73f6-7725-4304-b3a4-4941318c1d6c:c3065]
2019-07-08 19:53:22,898 INFO  client.GrpcClientProtocolClient (GrpcClientProtocolClient.java:onNext(255)) - client-B2F93226DCBB->056ae293-26b5-4d67-bc5d-e905a6760a80: receive RaftClientReply:client-B2F93226DCBB->056ae293-26b5-4d67-bc5d-e905a6760a80@group-50E32BB97A46, cid=2087, SUCCESS, logIndex=3067, commits[056ae293-26b5-4d67-bc5d-e905a6760a80:c3067, a428730f-9893-43cb-a585-e65a7e8859c8:c3063, 994b73f6-7725-4304-b3a4-4941318c1d6c:c3065]
2019-07-08 19:53:22,900 INFO  client.GrpcClientProtocolClient (GrpcClientProtocolClient.java:onNext(255)) - client-B2F93226DCBB->056ae293-26b5-4d67-bc5d-e905a6760a80: receive RaftClientReply:client-B2F93226DCBB->056ae293-26b5-4d67-bc5d-e905a6760a80@group-50E32BB97A46, cid=2088, SUCCESS, logIndex=3068, commits[056ae293-26b5-4d67-bc5d-e905a6760a80:c3070, a428730f-9893-43cb-a585-e65a7e8859c8:c3065, 994b73f6-7725-4304-b3a4-4941318c1d6c:c3067]
2019-07-08 19:53:22,900 INFO  client.GrpcClientProtocolClient (GrpcClientProtocolClient.java:onNext(255)) - client-B2F93226DCBB->056ae293-26b5-4d67-bc5d-e905a6760a80: receive RaftClientReply:client-B2F93226DCBB->056ae293-26b5-4d67-bc5d-e905a6760a80@group-50E32BB97A46, cid=2089, SUCCESS, logIndex=3069, commits[056ae293-26b5-4d67-bc5d-e905a6760a80:c3071, a428730f-9893-43cb-a585-e65a7e8859c8:c3067, 994b73f6-7725-4304-b3a4-4941318c1d6c:c3067]
2019-07-08 19:53:22,913 INFO  client.GrpcClientProtocolClient (GrpcClientProtocolClient.java:onNext(255)) - client-B2F93226DCBB->056ae293-26b5-4d67-bc5d-e905a6760a80: receive RaftClientReply:client-B2F93226DCBB->056ae293-26b5-4d67-bc5d-e905a6760a80@group-50E32BB97A46, cid=2090, SUCCESS, logIndex=3073, commits[056ae293-26b5-4d67-bc5d-e905a6760a80:c3074, a428730f-9893-43cb-a585-e65a7e8859c8:c3072, 994b73f6-7725-4304-b3a4-4941318c1d6c:c3069]
2019-07-08 19:53:22,914 INFO  client.GrpcClientProtocolClient (GrpcClientProtocolClient.java:onNext(255)) - client-B2F93226DCBB->056ae293-26b5-4d67-bc5d-e905a6760a80: receive RaftClientReply:client-B2F93226DCBB->056ae293-26b5-4d67-bc5d-e905a6760a80@group-50E32BB97A46, cid=2091, SUCCESS, logIndex=3074, commits[056ae293-26b5-4d67-bc5d-e905a6760a80:c3074, a428730f-9893-43cb-a585-e65a7e8859c8:c3072, 994b73f6-7725-4304-b3a4-4941318c1d6c:c3072]
2019-07-08 19:53:22,926 INFO  client.GrpcClientProtocolClient (GrpcClientProtocolClient.java:onNext(255)) - client-B2F93226DCBB->056ae293-26b5-4d67-bc5d-e905a6760a80: receive RaftClientReply:client-B2F93226DCBB->056ae293-26b5-4d67-bc5d-e905a6760a80@group-50E32BB97A46, cid=2092, SUCCESS, logIndex=3077, commits[056ae293-26b5-4d67-bc5d-e905a6760a80:c3078, a428730f-9893-43cb-a585-e65a7e8859c8:c3076, 994b73f6-7725-4304-b3a4-4941318c1d6c:c3076]
2019-07-08 19:53:22,926 INFO  client.GrpcClientProtocolClient (GrpcClientProtocolClient.java:onNext(255)) - client-B2F93226DCBB->056ae293-26b5-4d67-bc5d-e905a6760a80: receive RaftClientReply:client-B2F93226DCBB->056ae293-26b5-4d67-bc5d-e905a6760a80@group-50E32BB97A46, cid=2093, SUCCESS, logIndex=3078, commits[056ae293-26b5-4d67-bc5d-e905a6760a80:c3078, a428730f-9893-43cb-a585-e65a7e8859c8:c3076, 994b73f6-7725-4304-b3a4-4941318c1d6c:c3076]
2019-07-08 19:53:22,927 INFO  client.GrpcClientProtocolClient (GrpcClientProtocolClient.java:onNext(255)) - client-B2F93226DCBB->056ae293-26b5-4d67-bc5d-e905a6760a80: receive RaftClientReply:client-B2F93226DCBB->056ae293-26b5-4d67-bc5d-e905a6760a80@group-50E32BB97A46, cid=2094, SUCCESS, logIndex=0, commits[056ae293-26b5-4d67-bc5d-e905a6760a80:c3079, a428730f-9893-43cb-a585-e65a7e8859c8:c3078, 994b73f6-7725-4304-b3a4-4941318c1d6c:c3078]
2019-07-08 19:53:22,947 INFO  client.GrpcClientProtocolClient (GrpcClientProtocolClient.java:onNext(255)) - client-B2F93226DCBB->056ae293-26b5-4d67-bc5d-e905a6760a80: receive RaftClientReply:client-B2F93226DCBB->056ae293-26b5-4d67-bc5d-e905a6760a80@group-50E32BB97A46, cid=2095, SUCCESS, logIndex=3081, commits[056ae293-26b5-4d67-bc5d-e905a6760a80:c3082, a428730f-9893-43cb-a585-e65a7e8859c8:c3080, 994b73f6-7725-4304-b3a4-4941318c1d6c:c3080]
2019-07-08 19:53:22,948 INFO  client.GrpcClientProtocolClient (GrpcClientProtocolClient.java:onNext(255)) - client-B2F93226DCBB->056ae293-26b5-4d67-bc5d-e905a6760a80: receive RaftClientReply:client-B2F93226DCBB->056ae293-26b5-4d67-bc5d-e905a6760a80@group-50E32BB97A46, cid=2096, SUCCESS, logIndex=3082, commits[056ae293-26b5-4d67-bc5d-e905a6760a80:c3082, a428730f-9893-43cb-a585-e65a7e8859c8:c3080, 994b73f6-7725-4304-b3a4-4941318c1d6c:c3080]
2019-07-08 19:53:22,950 INFO  client.GrpcClientProtocolClient (GrpcClientProtocolClient.java:onNext(255)) - client-B2F93226DCBB->056ae293-26b5-4d67-bc5d-e905a6760a80: receive RaftClientReply:client-B2F93226DCBB->056ae293-26b5-4d67-bc5d-e905a6760a80@group-50E32BB97A46, cid=2097, SUCCESS, logIndex=3083, commits[056ae293-26b5-4d67-bc5d-e905a6760a80:c3084, a428730f-9893-43cb-a585-e65a7e8859c8:c3080, 994b73f6-7725-4304-b3a4-4941318c1d6c:c3082]
2019-07-08 19:53:22,950 INFO  client.GrpcClientProtocolClient (GrpcClientProtocolClient.java:onNext(255)) - client-B2F93226DCBB->056ae293-26b5-4d67-bc5d-e905a6760a80: receive RaftClientReply:client-B2F93226DCBB->056ae293-26b5-4d67-bc5d-e905a6760a80@group-50E32BB97A46, cid=2098, SUCCESS, logIndex=3084, commits[056ae293-26b5-4d67-bc5d-e905a6760a80:c3086, a428730f-9893-43cb-a585-e65a7e8859c8:c3082, 994b73f6-7725-4304-b3a4-4941318c1d6c:c3082]
2019-07-08 19:53:22,978 INFO  client.GrpcClientProtocolClient (GrpcClientProtocolClient.java:onNext(255)) - client-B2F93226DCBB->056ae293-26b5-4d67-bc5d-e905a6760a80: receive RaftClientReply:client-B2F93226DCBB->056ae293-26b5-4d67-bc5d-e905a6760a80@group-50E32BB97A46, cid=2099, SUCCESS, logIndex=3089, commits[056ae293-26b5-4d67-bc5d-e905a6760a80:c3090, a428730f-9893-43cb-a585-e65a7e8859c8:c3088, 994b73f6-7725-4304-b3a4-4941318c1d6c:c3088]
2019-07-08 19:53:22,979 INFO  client.GrpcClientProtocolClient (GrpcClientProtocolClient.java:onNext(255)) - client-B2F93226DCBB->056ae293-26b5-4d67-bc5d-e905a6760a80: receive RaftClientReply:client-B2F93226DCBB->056ae293-26b5-4d67-bc5d-e905a6760a80@group-50E32BB97A46, cid=2100, SUCCESS, logIndex=3090, commits[056ae293-26b5-4d67-bc5d-e905a6760a80:c3090, a428730f-9893-43cb-a585-e65a7e8859c8:c3088, 994b73f6-7725-4304-b3a4-4941318c1d6c:c3088]
2019-07-08 19:53:23,068 INFO  client.GrpcClientProtocolClient (GrpcClientProtocolClient.java:onNext(255)) - client-B2F93226DCBB->056ae293-26b5-4d67-bc5d-e905a6760a80: receive RaftClientReply:client-B2F93226DCBB->056ae293-26b5-4d67-bc5d-e905a6760a80@group-50E32BB97A46, cid=2101, SUCCESS, logIndex=3093, commits[056ae293-26b5-4d67-bc5d-e905a6760a80:c3094, a428730f-9893-43cb-a585-e65a7e8859c8:c3090, 994b73f6-7725-4304-b3a4-4941318c1d6c:c3090]
2019-07-08 19:53:23,069 INFO  client.GrpcClientProtocolClient (GrpcClientProtocolClient.java:onNext(255)) - client-B2F93226DCBB->056ae293-26b5-4d67-bc5d-e905a6760a80: receive RaftClientReply:client-B2F93226DCBB->056ae293-26b5-4d67-bc5d-e905a6760a80@group-50E32BB97A46, cid=2102, SUCCESS, logIndex=3094, commits[056ae293-26b5-4d67-bc5d-e905a6760a80:c3094, a428730f-9893-43cb-a585-e65a7e8859c8:c3090, 994b73f6-7725-4304-b3a4-4941318c1d6c:c3090]
2019-07-08 19:53:23,080 INFO  client.GrpcClientProtocolClient (GrpcClientProtocolClient.java:onNext(255)) - client-B2F93226DCBB->056ae293-26b5-4d67-bc5d-e905a6760a80: receive RaftClientReply:client-B2F93226DCBB->056ae293-26b5-4d67-bc5d-e905a6760a80@group-50E32BB97A46, cid=2103, SUCCESS, logIndex=0, commits[056ae293-26b5-4d67-bc5d-e905a6760a80:c3095, a428730f-9893-43cb-a585-e65a7e8859c8:c3094, 994b73f6-7725-4304-b3a4-4941318c1d6c:c3094]
2019-07-08 19:53:23,113 INFO  client.GrpcClientProtocolClient (GrpcClientProtocolClient.java:onNext(255)) - client-B2F93226DCBB->056ae293-26b5-4d67-bc5d-e905a6760a80: receive RaftClientReply:client-B2F93226DCBB->056ae293-26b5-4d67-bc5d-e905a6760a80@group-50E32BB97A46, cid=2104, SUCCESS, logIndex=3097, commits[056ae293-26b5-4d67-bc5d-e905a6760a80:c3098, a428730f-9893-43cb-a585-e65a7e8859c8:c3096, 994b73f6-7725-4304-b3a4-4941318c1d6c:c3096]
2019-07-08 19:53:23,113 INFO  client.GrpcClientProtocolClient (GrpcClientProtocolClient.java:onNext(255)) - client-B2F93226DCBB->056ae293-26b5-4d67-bc5d-e905a6760a80: receive RaftClientReply:client-B2F93226DCBB->056ae293-26b5-4d67-bc5d-e905a6760a80@group-50E32BB97A46, cid=2105, SUCCESS, logIndex=3098, commits[056ae293-26b5-4d67-bc5d-e905a6760a80:c3098, a428730f-9893-43cb-a585-e65a7e8859c8:c3096, 994b73f6-7725-4304-b3a4-4941318c1d6c:c3096]
2019-07-08 19:53:23,124 INFO  client.GrpcClientProtocolClient (GrpcClientProtocolClient.java:onNext(255)) - client-B2F93226DCBB->056ae293-26b5-4d67-bc5d-e905a6760a80: receive RaftClientReply:client-B2F93226DCBB->056ae293-26b5-4d67-bc5d-e905a6760a80@group-50E32BB97A46, cid=2106, SUCCESS, logIndex=3099, commits[056ae293-26b5-4d67-bc5d-e905a6760a80:c3099, a428730f-9893-43cb-a585-e65a7e8859c8:c3096, 994b73f6-7725-4304-b3a4-4941318c1d6c:c3096]
2019-07-08 19:53:23,124 INFO  client.GrpcClientProtocolClient (GrpcClientProtocolClient.java:onNext(255)) - client-B2F93226DCBB->056ae293-26b5-4d67-bc5d-e905a6760a80: receive RaftClientReply:client-B2F93226DCBB->056ae293-26b5-4d67-bc5d-e905a6760a80@group-50E32BB97A46, cid=2107, SUCCESS, logIndex=3100, commits[056ae293-26b5-4d67-bc5d-e905a6760a80:c3100, a428730f-9893-43cb-a585-e65a7e8859c8:c3096, 994b73f6-7725-4304-b3a4-4941318c1d6c:c3096]
2019-07-08 19:53:23,126 INFO  client.GrpcClientProtocolClient (GrpcClientProtocolClient.java:onNext(255)) - client-B2F93226DCBB->056ae293-26b5-4d67-bc5d-e905a6760a80: receive RaftClientReply:client-B2F93226DCBB->056ae293-26b5-4d67-bc5d-e905a6760a80@group-50E32BB97A46, cid=2108, SUCCESS, logIndex=0, commits[056ae293-26b5-4d67-bc5d-e905a6760a80:c3102, a428730f-9893-43cb-a585-e65a7e8859c8:c3098, 994b73f6-7725-4304-b3a4-4941318c1d6c:c3098]
2019-07-08 19:53:23,140 INFO  client.GrpcClientProtocolClient (GrpcClientProtocolClient.java:onNext(255)) - client-B2F93226DCBB->056ae293-26b5-4d67-bc5d-e905a6760a80: receive RaftClientReply:client-B2F93226DCBB->056ae293-26b5-4d67-bc5d-e905a6760a80@group-50E32BB97A46, cid=2109, SUCCESS, logIndex=3105, commits[056ae293-26b5-4d67-bc5d-e905a6760a80:c3106, a428730f-9893-43cb-a585-e65a7e8859c8:c3100, 994b73f6-7725-4304-b3a4-4941318c1d6c:c3103]
2019-07-08 19:53:23,140 INFO  client.GrpcClientProtocolClient (GrpcClientProtocolClient.java:onNext(255)) - client-B2F93226DCBB->056ae293-26b5-4d67-bc5d-e905a6760a80: receive RaftClientReply:client-B2F93226DCBB->056ae293-26b5-4d67-bc5d-e905a6760a80@group-50E32BB97A46, cid=2110, SUCCESS, logIndex=3106, commits[056ae293-26b5-4d67-bc5d-e905a6760a80:c3106, a428730f-9893-43cb-a585-e65a7e8859c8:c3103, 994b73f6-7725-4304-b3a4-4941318c1d6c:c3103]
2019-07-08 19:53:23,160 INFO  client.GrpcClientProtocolClient (GrpcClientProtocolClient.java:onNext(255)) - client-B2F93226DCBB->056ae293-26b5-4d67-bc5d-e905a6760a80: receive RaftClientReply:client-B2F93226DCBB->056ae293-26b5-4d67-bc5d-e905a6760a80@group-50E32BB97A46, cid=2111, SUCCESS, logIndex=3108, commits[056ae293-26b5-4d67-bc5d-e905a6760a80:c3109, a428730f-9893-43cb-a585-e65a7e8859c8:c3107, 994b73f6-7725-4304-b3a4-4941318c1d6c:c3107]
2019-07-08 19:53:23,161 INFO  client.GrpcClientProtocolClient (GrpcClientProtocolClient.java:onNext(255)) - client-B2F93226DCBB->056ae293-26b5-4d67-bc5d-e905a6760a80: receive RaftClientReply:client-B2F93226DCBB->056ae293-26b5-4d67-bc5d-e905a6760a80@group-50E32BB97A46, cid=2112, SUCCESS, logIndex=3109, commits[056ae293-26b5-4d67-bc5d-e905a6760a80:c3109, a428730f-9893-43cb-a585-e65a7e8859c8:c3107, 994b73f6-7725-4304-b3a4-4941318c1d6c:c3107]
2019-07-08 19:53:23,174 INFO  client.GrpcClientProtocolClient (GrpcClientProtocolClient.java:onNext(255)) - client-B2F93226DCBB->056ae293-26b5-4d67-bc5d-e905a6760a80: receive RaftClientReply:client-B2F93226DCBB->056ae293-26b5-4d67-bc5d-e905a6760a80@group-50E32BB97A46, cid=2113, SUCCESS, logIndex=0, commits[056ae293-26b5-4d67-bc5d-e905a6760a80:c3111, a428730f-9893-43cb-a585-e65a7e8859c8:c3109, 994b73f6-7725-4304-b3a4-4941318c1d6c:c3109]
2019-07-08 19:53:23,201 INFO  client.GrpcClientProtocolClient (GrpcClientProtocolClient.java:onNext(255)) - client-B2F93226DCBB->056ae293-26b5-4d67-bc5d-e905a6760a80: receive RaftClientReply:client-B2F93226DCBB->056ae293-26b5-4d67-bc5d-e905a6760a80@group-50E32BB97A46, cid=2114, SUCCESS, logIndex=3112, commits[056ae293-26b5-4d67-bc5d-e905a6760a80:c3114, a428730f-9893-43cb-a585-e65a7e8859c8:c3111, 994b73f6-7725-4304-b3a4-4941318c1d6c:c3111]
2019-07-08 19:53:23,202 INFO  client.GrpcClientProtocolClient (GrpcClientProtocolClient.java:onNext(255)) - client-B2F93226DCBB->056ae293-26b5-4d67-bc5d-e905a6760a80: receive RaftClientReply:client-B2F93226DCBB->056ae293-26b5-4d67-bc5d-e905a6760a80@group-50E32BB97A46, cid=2115, SUCCESS, logIndex=3113, commits[056ae293-26b5-4d67-bc5d-e905a6760a80:c3115, a428730f-9893-43cb-a585-e65a7e8859c8:c3111, 994b73f6-7725-4304-b3a4-4941318c1d6c:c3111]
2019-07-08 19:53:23,202 INFO  client.GrpcClientProtocolClient (GrpcClientProtocolClient.java:onNext(255)) - client-B2F93226DCBB->056ae293-26b5-4d67-bc5d-e905a6760a80: receive RaftClientReply:client-B2F93226DCBB->056ae293-26b5-4d67-bc5d-e905a6760a80@group-50E32BB97A46, cid=2116, SUCCESS, logIndex=3114, commits[056ae293-26b5-4d67-bc5d-e905a6760a80:c3115, a428730f-9893-43cb-a585-e65a7e8859c8:c3111, 994b73f6-7725-4304-b3a4-4941318c1d6c:c3111]
2019-07-08 19:53:23,202 INFO  client.GrpcClientProtocolClient (GrpcClientProtocolClient.java:onNext(255)) - client-B2F93226DCBB->056ae293-26b5-4d67-bc5d-e905a6760a80: receive RaftClientReply:client-B2F93226DCBB->056ae293-26b5-4d67-bc5d-e905a6760a80@group-50E32BB97A46, cid=2117, SUCCESS, logIndex=3115, commits[056ae293-26b5-4d67-bc5d-e905a6760a80:c3115, a428730f-9893-43cb-a585-e65a7e8859c8:c3111, 994b73f6-7725-4304-b3a4-4941318c1d6c:c3111]
2019-07-08 19:53:23,215 INFO  client.GrpcClientProtocolClient (GrpcClientProtocolClient.java:onNext(255)) - client-B2F93226DCBB->056ae293-26b5-4d67-bc5d-e905a6760a80: receive RaftClientReply:client-B2F93226DCBB->056ae293-26b5-4d67-bc5d-e905a6760a80@group-50E32BB97A46, cid=2118, SUCCESS, logIndex=0, commits[056ae293-26b5-4d67-bc5d-e905a6760a80:c3117, a428730f-9893-43cb-a585-e65a7e8859c8:c3113, 994b73f6-7725-4304-b3a4-4941318c1d6c:c3113]
2019-07-08 19:53:23,242 INFO  client.GrpcClientProtocolClient (GrpcClientProtocolClient.java:onNext(255)) - client-B2F93226DCBB->056ae293-26b5-4d67-bc5d-e905a6760a80: receive RaftClientReply:client-B2F93226DCBB->056ae293-26b5-4d67-bc5d-e905a6760a80@group-50E32BB97A46, cid=2119, SUCCESS, logIndex=3120, commits[056ae293-26b5-4d67-bc5d-e905a6760a80:c3121, a428730f-9893-43cb-a585-e65a7e8859c8:c3115, 994b73f6-7725-4304-b3a4-4941318c1d6c:c3119]
2019-07-08 19:53:23,242 INFO  client.GrpcClientProtocolClient (GrpcClientProtocolClient.java:onNext(255)) - client-B2F93226DCBB->056ae293-26b5-4d67-bc5d-e905a6760a80: receive RaftClientReply:client-B2F93226DCBB->056ae293-26b5-4d67-bc5d-e905a6760a80@group-50E32BB97A46, cid=2120, SUCCESS, logIndex=3121, commits[056ae293-26b5-4d67-bc5d-e905a6760a80:c3121, a428730f-9893-43cb-a585-e65a7e8859c8:c3119, 994b73f6-7725-4304-b3a4-4941318c1d6c:c3119]
2019-07-08 19:53:23,258 INFO  client.GrpcClientProtocolClient (GrpcClientProtocolClient.java:onNext(255)) - client-B2F93226DCBB->056ae293-26b5-4d67-bc5d-e905a6760a80: receive RaftClientReply:client-B2F93226DCBB->056ae293-26b5-4d67-bc5d-e905a6760a80@group-50E32BB97A46, cid=2121, SUCCESS, logIndex=3124, commits[056ae293-26b5-4d67-bc5d-e905a6760a80:c3125, a428730f-9893-43cb-a585-e65a7e8859c8:c3121, 994b73f6-7725-4304-b3a4-4941318c1d6c:c3120]
2019-07-08 19:53:23,259 INFO  client.GrpcClientProtocolClient (GrpcClientProtocolClient.java:onNext(255)) - client-B2F93226DCBB->056ae293-26b5-4d67-bc5d-e905a6760a80: receive RaftClientReply:client-B2F93226DCBB->056ae293-26b5-4d67-bc5d-e905a6760a80@group-50E32BB97A46, cid=2122, SUCCESS, logIndex=3125, commits[056ae293-26b5-4d67-bc5d-e905a6760a80:c3125, a428730f-9893-43cb-a585-e65a7e8859c8:c3121, 994b73f6-7725-4304-b3a4-4941318c1d6c:c3121]
2019-07-08 19:53:23,270 INFO  client.GrpcClientProtocolClient (GrpcClientProtocolClient.java:onNext(255)) - client-B2F93226DCBB->056ae293-26b5-4d67-bc5d-e905a6760a80: receive RaftClientReply:client-B2F93226DCBB->056ae293-26b5-4d67-bc5d-e905a6760a80@group-50E32BB97A46, cid=2123, SUCCESS, logIndex=0, commits[056ae293-26b5-4d67-bc5d-e905a6760a80:c3126, a428730f-9893-43cb-a585-e65a7e8859c8:c3125, 994b73f6-7725-4304-b3a4-4941318c1d6c:c3125]
2019-07-08 19:53:23,301 INFO  client.GrpcClientProtocolClient (GrpcClientProtocolClient.java:onNext(255)) - client-B2F93226DCBB->056ae293-26b5-4d67-bc5d-e905a6760a80: receive RaftClientReply:client-B2F93226DCBB->056ae293-26b5-4d67-bc5d-e905a6760a80@group-50E32BB97A46, cid=2124, SUCCESS, logIndex=3127, commits[056ae293-26b5-4d67-bc5d-e905a6760a80:c3128, a428730f-9893-43cb-a585-e65a7e8859c8:c3126, 994b73f6-7725-4304-b3a4-4941318c1d6c:c3126]
2019-07-08 19:53:23,302 INFO  client.GrpcClientProtocolClient (GrpcClientProtocolClient.java:onNext(255)) - client-B2F93226DCBB->056ae293-26b5-4d67-bc5d-e905a6760a80: receive RaftClientReply:client-B2F93226DCBB->056ae293-26b5-4d67-bc5d-e905a6760a80@group-50E32BB97A46, cid=2125, SUCCESS, logIndex=3128, commits[056ae293-26b5-4d67-bc5d-e905a6760a80:c3128, a428730f-9893-43cb-a585-e65a7e8859c8:c3126, 994b73f6-7725-4304-b3a4-4941318c1d6c:c3126]
2019-07-08 19:53:23,302 INFO  client.GrpcClientProtocolClient (GrpcClientProtocolClient.java:onNext(255)) - client-B2F93226DCBB->056ae293-26b5-4d67-bc5d-e905a6760a80: receive RaftClientReply:client-B2F93226DCBB->056ae293-26b5-4d67-bc5d-e905a6760a80@group-50E32BB97A46, cid=2126, SUCCESS, logIndex=3129, commits[056ae293-26b5-4d67-bc5d-e905a6760a80:c3129, a428730f-9893-43cb-a585-e65a7e8859c8:c3126, 994b73f6-7725-4304-b3a4-4941318c1d6c:c3126]
2019-07-08 19:53:23,303 INFO  client.GrpcClientProtocolClient (GrpcClientProtocolClient.java:onNext(255)) - client-B2F93226DCBB->056ae293-26b5-4d67-bc5d-e905a6760a80: receive RaftClientReply:client-B2F93226DCBB->056ae293-26b5-4d67-bc5d-e905a6760a80@group-50E32BB97A46, cid=2127, SUCCESS, logIndex=3130, commits[056ae293-26b5-4d67-bc5d-e905a6760a80:c3130, a428730f-9893-43cb-a585-e65a7e8859c8:c3126, 994b73f6-7725-4304-b3a4-4941318c1d6c:c3126]
2019-07-08 19:53:23,304 INFO  client.GrpcClientProtocolClient (GrpcClientProtocolClient.java:onNext(255)) - client-B2F93226DCBB->056ae293-26b5-4d67-bc5d-e905a6760a80: receive RaftClientReply:client-B2F93226DCBB->056ae293-26b5-4d67-bc5d-e905a6760a80@group-50E32BB97A46, cid=2128, SUCCESS, logIndex=0, commits[056ae293-26b5-4d67-bc5d-e905a6760a80:c3133, a428730f-9893-43cb-a585-e65a7e8859c8:c3128, 994b73f6-7725-4304-b3a4-4941318c1d6c:c3129]
2019-07-08 19:53:23,324 INFO  client.GrpcClientProtocolClient (GrpcClientProtocolClient.java:onNext(255)) - client-B2F93226DCBB->056ae293-26b5-4d67-bc5d-e905a6760a80: receive RaftClientReply:client-B2F93226DCBB->056ae293-26b5-4d67-bc5d-e905a6760a80@group-50E32BB97A46, cid=2129, SUCCESS, logIndex=3135, commits[056ae293-26b5-4d67-bc5d-e905a6760a80:c3136, a428730f-9893-43cb-a585-e65a7e8859c8:c3134, 994b73f6-7725-4304-b3a4-4941318c1d6c:c3134]
2019-07-08 19:53:23,325 INFO  client.GrpcClientProtocolClient (GrpcClientProtocolClient.java:onNext(255)) - client-B2F93226DCBB->056ae293-26b5-4d67-bc5d-e905a6760a80: receive RaftClientReply:client-B2F93226DCBB->056ae293-26b5-4d67-bc5d-e905a6760a80@group-50E32BB97A46, cid=2130, SUCCESS, logIndex=3136, commits[056ae293-26b5-4d67-bc5d-e905a6760a80:c3136, a428730f-9893-43cb-a585-e65a7e8859c8:c3134, 994b73f6-7725-4304-b3a4-4941318c1d6c:c3134]
2019-07-08 19:53:23,339 INFO  client.GrpcClientProtocolClient (GrpcClientProtocolClient.java:onNext(255)) - client-B2F93226DCBB->056ae293-26b5-4d67-bc5d-e905a6760a80: receive RaftClientReply:client-B2F93226DCBB->056ae293-26b5-4d67-bc5d-e905a6760a80@group-50E32BB97A46, cid=2131, SUCCESS, logIndex=3139, commits[056ae293-26b5-4d67-bc5d-e905a6760a80:c3140, a428730f-9893-43cb-a585-e65a7e8859c8:c3136, 994b73f6-7725-4304-b3a4-4941318c1d6c:c3136]
2019-07-08 19:53:23,340 INFO  client.GrpcClientProtocolClient (GrpcClientProtocolClient.java:onNext(255)) - client-B2F93226DCBB->056ae293-26b5-4d67-bc5d-e905a6760a80: receive RaftClientReply:client-B2F93226DCBB->056ae293-26b5-4d67-bc5d-e905a6760a80@group-50E32BB97A46, cid=2132, SUCCESS, logIndex=3140, commits[056ae293-26b5-4d67-bc5d-e905a6760a80:c3140, a428730f-9893-43cb-a585-e65a7e8859c8:c3136, 994b73f6-7725-4304-b3a4-4941318c1d6c:c3136]
2019-07-08 19:53:23,354 INFO  client.GrpcClientProtocolClient (GrpcClientProtocolClient.java:onNext(255)) - client-B2F93226DCBB->056ae293-26b5-4d67-bc5d-e905a6760a80: receive RaftClientReply:client-B2F93226DCBB->056ae293-26b5-4d67-bc5d-e905a6760a80@group-50E32BB97A46, cid=2133, SUCCESS, logIndex=0, commits[056ae293-26b5-4d67-bc5d-e905a6760a80:c3142, a428730f-9893-43cb-a585-e65a7e8859c8:c3140, 994b73f6-7725-4304-b3a4-4941318c1d6c:c3140]
2019-07-08 19:53:23,384 INFO  client.GrpcClientProtocolClient (GrpcClientProtocolClient.java:onNext(255)) - client-B2F93226DCBB->056ae293-26b5-4d67-bc5d-e905a6760a80: receive RaftClientReply:client-B2F93226DCBB->056ae293-26b5-4d67-bc5d-e905a6760a80@group-50E32BB97A46, cid=2134, SUCCESS, logIndex=3143, commits[056ae293-26b5-4d67-bc5d-e905a6760a80:c3144, a428730f-9893-43cb-a585-e65a7e8859c8:c3142, 994b73f6-7725-4304-b3a4-4941318c1d6c:c3142]
2019-07-08 19:53:23,384 INFO  client.GrpcClientProtocolClient (GrpcClientProtocolClient.java:onNext(255)) - client-B2F93226DCBB->056ae293-26b5-4d67-bc5d-e905a6760a80: receive RaftClientReply:client-B2F93226DCBB->056ae293-26b5-4d67-bc5d-e905a6760a80@group-50E32BB97A46, cid=2135, SUCCESS, logIndex=3144, commits[056ae293-26b5-4d67-bc5d-e905a6760a80:c3144, a428730f-9893-43cb-a585-e65a7e8859c8:c3142, 994b73f6-7725-4304-b3a4-4941318c1d6c:c3142]
2019-07-08 19:53:23,394 INFO  client.GrpcClientProtocolClient (GrpcClientProtocolClient.java:onNext(255)) - client-B2F93226DCBB->056ae293-26b5-4d67-bc5d-e905a6760a80: receive RaftClientReply:client-B2F93226DCBB->056ae293-26b5-4d67-bc5d-e905a6760a80@group-50E32BB97A46, cid=2136, SUCCESS, logIndex=3145, commits[056ae293-26b5-4d67-bc5d-e905a6760a80:c3146, a428730f-9893-43cb-a585-e65a7e8859c8:c3142, 994b73f6-7725-4304-b3a4-4941318c1d6c:c3142]
2019-07-08 19:53:23,394 INFO  client.GrpcClientProtocolClient (GrpcClientProtocolClient.java:onNext(255)) - client-B2F93226DCBB->056ae293-26b5-4d67-bc5d-e905a6760a80: receive RaftClientReply:client-B2F93226DCBB->056ae293-26b5-4d67-bc5d-e905a6760a80@group-50E32BB97A46, cid=2137, SUCCESS, logIndex=3146, commits[056ae293-26b5-4d67-bc5d-e905a6760a80:c3146, a428730f-9893-43cb-a585-e65a7e8859c8:c3142, 994b73f6-7725-4304-b3a4-4941318c1d6c:c3142]
2019-07-08 19:53:23,408 INFO  client.GrpcClientProtocolClient (GrpcClientProtocolClient.java:onNext(255)) - client-B2F93226DCBB->056ae293-26b5-4d67-bc5d-e905a6760a80: receive RaftClientReply:client-B2F93226DCBB->056ae293-26b5-4d67-bc5d-e905a6760a80@group-50E32BB97A46, cid=2138, SUCCESS, logIndex=0, commits[056ae293-26b5-4d67-bc5d-e905a6760a80:c3148, a428730f-9893-43cb-a585-e65a7e8859c8:c3144, 994b73f6-7725-4304-b3a4-4941318c1d6c:c3144]
2019-07-08 19:53:23,420 INFO  client.GrpcClientProtocolClient (GrpcClientProtocolClient.java:onNext(255)) - client-B2F93226DCBB->056ae293-26b5-4d67-bc5d-e905a6760a80: receive RaftClientReply:client-B2F93226DCBB->056ae293-26b5-4d67-bc5d-e905a6760a80@group-50E32BB97A46, cid=2139, SUCCESS, logIndex=3150, commits[056ae293-26b5-4d67-bc5d-e905a6760a80:c3151, a428730f-9893-43cb-a585-e65a7e8859c8:c3149, 994b73f6-7725-4304-b3a4-4941318c1d6c:c3146]
2019-07-08 19:53:23,421 INFO  client.GrpcClientProtocolClient (GrpcClientProtocolClient.java:onNext(255)) - client-B2F93226DCBB->056ae293-26b5-4d67-bc5d-e905a6760a80: receive RaftClientReply:client-B2F93226DCBB->056ae293-26b5-4d67-bc5d-e905a6760a80@group-50E32BB97A46, cid=2140, SUCCESS, logIndex=3151, commits[056ae293-26b5-4d67-bc5d-e905a6760a80:c3151, a428730f-9893-43cb-a585-e65a7e8859c8:c3149, 994b73f6-7725-4304-b3a4-4941318c1d6c:c3149]
2019-07-08 19:53:23,432 INFO  client.GrpcClientProtocolClient (GrpcClientProtocolClient.java:onNext(255)) - client-B2F93226DCBB->056ae293-26b5-4d67-bc5d-e905a6760a80: receive RaftClientReply:client-B2F93226DCBB->056ae293-26b5-4d67-bc5d-e905a6760a80@group-50E32BB97A46, cid=2141, SUCCESS, logIndex=3154, commits[056ae293-26b5-4d67-bc5d-e905a6760a80:c3155, a428730f-9893-43cb-a585-e65a7e8859c8:c3151, 994b73f6-7725-4304-b3a4-4941318c1d6c:c3153]
2019-07-08 19:53:23,433 INFO  client.GrpcClientProtocolClient (GrpcClientProtocolClient.java:onNext(255)) - client-B2F93226DCBB->056ae293-26b5-4d67-bc5d-e905a6760a80: receive RaftClientReply:client-B2F93226DCBB->056ae293-26b5-4d67-bc5d-e905a6760a80@group-50E32BB97A46, cid=2142, SUCCESS, logIndex=3155, commits[056ae293-26b5-4d67-bc5d-e905a6760a80:c3155, a428730f-9893-43cb-a585-e65a7e8859c8:c3153, 994b73f6-7725-4304-b3a4-4941318c1d6c:c3153]
2019-07-08 19:53:23,434 INFO  client.GrpcClientProtocolClient (GrpcClientProtocolClient.java:onNext(255)) - client-B2F93226DCBB->056ae293-26b5-4d67-bc5d-e905a6760a80: receive RaftClientReply:client-B2F93226DCBB->056ae293-26b5-4d67-bc5d-e905a6760a80@group-50E32BB97A46, cid=2143, SUCCESS, logIndex=0, commits[056ae293-26b5-4d67-bc5d-e905a6760a80:c3156, a428730f-9893-43cb-a585-e65a7e8859c8:c3155, 994b73f6-7725-4304-b3a4-4941318c1d6c:c3155]
 0.00% |█                                                                                                    |  0/1 Time: 0:00:192019-07-08 19:53:23,452 INFO  client.GrpcClientProtocolClient (GrpcClientProtocolClient.java:onNext(255)) - client-B2F93226DCBB->056ae293-26b5-4d67-bc5d-e905a6760a80: receive RaftClientReply:client-B2F93226DCBB->056ae293-26b5-4d67-bc5d-e905a6760a80@group-50E32BB97A46, cid=2144, SUCCESS, logIndex=3158, commits[056ae293-26b5-4d67-bc5d-e905a6760a80:c3159, a428730f-9893-43cb-a585-e65a7e8859c8:c3157, 994b73f6-7725-4304-b3a4-4941318c1d6c:c3157]
2019-07-08 19:53:23,453 INFO  client.GrpcClientProtocolClient (GrpcClientProtocolClient.java:onNext(255)) - client-B2F93226DCBB->056ae293-26b5-4d67-bc5d-e905a6760a80: receive RaftClientReply:client-B2F93226DCBB->056ae293-26b5-4d67-bc5d-e905a6760a80@group-50E32BB97A46, cid=2145, SUCCESS, logIndex=3159, commits[056ae293-26b5-4d67-bc5d-e905a6760a80:c3159, a428730f-9893-43cb-a585-e65a7e8859c8:c3157, 994b73f6-7725-4304-b3a4-4941318c1d6c:c3157]
2019-07-08 19:53:23,455 INFO  client.GrpcClientProtocolClient (GrpcClientProtocolClient.java:onNext(255)) - client-B2F93226DCBB->056ae293-26b5-4d67-bc5d-e905a6760a80: receive RaftClientReply:client-B2F93226DCBB->056ae293-26b5-4d67-bc5d-e905a6760a80@group-50E32BB97A46, cid=2146, SUCCESS, logIndex=3160, commits[056ae293-26b5-4d67-bc5d-e905a6760a80:c3161, a428730f-9893-43cb-a585-e65a7e8859c8:c3157, 994b73f6-7725-4304-b3a4-4941318c1d6c:c3157]
2019-07-08 19:53:23,456 INFO  client.GrpcClientProtocolClient (GrpcClientProtocolClient.java:onNext(255)) - client-B2F93226DCBB->056ae293-26b5-4d67-bc5d-e905a6760a80: receive RaftClientReply:client-B2F93226DCBB->056ae293-26b5-4d67-bc5d-e905a6760a80@group-50E32BB97A46, cid=2147, SUCCESS, logIndex=3161, commits[056ae293-26b5-4d67-bc5d-e905a6760a80:c3163, a428730f-9893-43cb-a585-e65a7e8859c8:c3159, 994b73f6-7725-4304-b3a4-4941318c1d6c:c3157]
2019-07-08 19:53:23,456 INFO  client.GrpcClientProtocolClient (GrpcClientProtocolClient.java:onNext(255)) - client-B2F93226DCBB->056ae293-26b5-4d67-bc5d-e905a6760a80: receive RaftClientReply:client-B2F93226DCBB->056ae293-26b5-4d67-bc5d-e905a6760a80@group-50E32BB97A46, cid=2148, SUCCESS, logIndex=0, commits[056ae293-26b5-4d67-bc5d-e905a6760a80:c3164, a428730f-9893-43cb-a585-e65a7e8859c8:c3160, 994b73f6-7725-4304-b3a4-4941318c1d6c:c3159]
2019-07-08 19:53:23,482 INFO  client.GrpcClientProtocolClient (GrpcClientProtocolClient.java:onNext(255)) - client-B2F93226DCBB->056ae293-26b5-4d67-bc5d-e905a6760a80: receive RaftClientReply:client-B2F93226DCBB->056ae293-26b5-4d67-bc5d-e905a6760a80@group-50E32BB97A46, cid=2149, SUCCESS, logIndex=3166, commits[056ae293-26b5-4d67-bc5d-e905a6760a80:c3167, a428730f-9893-43cb-a585-e65a7e8859c8:c3165, 994b73f6-7725-4304-b3a4-4941318c1d6c:c3161]
2019-07-08 19:53:23,483 INFO  client.GrpcClientProtocolClient (GrpcClientProtocolClient.java:onNext(255)) - client-B2F93226DCBB->056ae293-26b5-4d67-bc5d-e905a6760a80: receive RaftClientReply:client-B2F93226DCBB->056ae293-26b5-4d67-bc5d-e905a6760a80@group-50E32BB97A46, cid=2150, SUCCESS, logIndex=3167, commits[056ae293-26b5-4d67-bc5d-e905a6760a80:c3167, a428730f-9893-43cb-a585-e65a7e8859c8:c3165, 994b73f6-7725-4304-b3a4-4941318c1d6c:c3165]
2019-07-08 19:53:23,497 INFO  client.GrpcClientProtocolClient (GrpcClientProtocolClient.java:onNext(255)) - client-B2F93226DCBB->056ae293-26b5-4d67-bc5d-e905a6760a80: receive RaftClientReply:client-B2F93226DCBB->056ae293-26b5-4d67-bc5d-e905a6760a80@group-50E32BB97A46, cid=2151, SUCCESS, logIndex=3170, commits[056ae293-26b5-4d67-bc5d-e905a6760a80:c3171, a428730f-9893-43cb-a585-e65a7e8859c8:c3167, 994b73f6-7725-4304-b3a4-4941318c1d6c:c3167]
2019-07-08 19:53:23,498 INFO  client.GrpcClientProtocolClient (GrpcClientProtocolClient.java:onNext(255)) - client-B2F93226DCBB->056ae293-26b5-4d67-bc5d-e905a6760a80: receive RaftClientReply:client-B2F93226DCBB->056ae293-26b5-4d67-bc5d-e905a6760a80@group-50E32BB97A46, cid=2152, SUCCESS, logIndex=3171, commits[056ae293-26b5-4d67-bc5d-e905a6760a80:c3171, a428730f-9893-43cb-a585-e65a7e8859c8:c3167, 994b73f6-7725-4304-b3a4-4941318c1d6c:c3167]
2019-07-08 19:53:23,520 INFO  client.GrpcClientProtocolClient (GrpcClientProtocolClient.java:onNext(255)) - client-B2F93226DCBB->056ae293-26b5-4d67-bc5d-e905a6760a80: receive RaftClientReply:client-B2F93226DCBB->056ae293-26b5-4d67-bc5d-e905a6760a80@group-50E32BB97A46, cid=2153, SUCCESS, logIndex=0, commits[056ae293-26b5-4d67-bc5d-e905a6760a80:c3173, a428730f-9893-43cb-a585-e65a7e8859c8:c3171, 994b73f6-7725-4304-b3a4-4941318c1d6c:c3171]
2019-07-08 19:53:23,551 INFO  client.GrpcClientProtocolClient (GrpcClientProtocolClient.java:onNext(255)) - client-B2F93226DCBB->056ae293-26b5-4d67-bc5d-e905a6760a80: receive RaftClientReply:client-B2F93226DCBB->056ae293-26b5-4d67-bc5d-e905a6760a80@group-50E32BB97A46, cid=2154, SUCCESS, logIndex=3174, commits[056ae293-26b5-4d67-bc5d-e905a6760a80:c3175, a428730f-9893-43cb-a585-e65a7e8859c8:c3173, 994b73f6-7725-4304-b3a4-4941318c1d6c:c3173]
2019-07-08 19:53:23,552 INFO  client.GrpcClientProtocolClient (GrpcClientProtocolClient.java:onNext(255)) - client-B2F93226DCBB->056ae293-26b5-4d67-bc5d-e905a6760a80: receive RaftClientReply:client-B2F93226DCBB->056ae293-26b5-4d67-bc5d-e905a6760a80@group-50E32BB97A46, cid=2155, SUCCESS, logIndex=3175, commits[056ae293-26b5-4d67-bc5d-e905a6760a80:c3176, a428730f-9893-43cb-a585-e65a7e8859c8:c3173, 994b73f6-7725-4304-b3a4-4941318c1d6c:c3173]
2019-07-08 19:53:23,552 INFO  client.GrpcClientProtocolClient (GrpcClientProtocolClient.java:onNext(255)) - client-B2F93226DCBB->056ae293-26b5-4d67-bc5d-e905a6760a80: receive RaftClientReply:client-B2F93226DCBB->056ae293-26b5-4d67-bc5d-e905a6760a80@group-50E32BB97A46, cid=2156, SUCCESS, logIndex=3176, commits[056ae293-26b5-4d67-bc5d-e905a6760a80:c3177, a428730f-9893-43cb-a585-e65a7e8859c8:c3173, 994b73f6-7725-4304-b3a4-4941318c1d6c:c3173]
2019-07-08 19:53:23,552 INFO  client.GrpcClientProtocolClient (GrpcClientProtocolClient.java:onNext(255)) - client-B2F93226DCBB->056ae293-26b5-4d67-bc5d-e905a6760a80: receive RaftClientReply:client-B2F93226DCBB->056ae293-26b5-4d67-bc5d-e905a6760a80@group-50E32BB97A46, cid=2157, SUCCESS, logIndex=3177, commits[056ae293-26b5-4d67-bc5d-e905a6760a80:c3177, a428730f-9893-43cb-a585-e65a7e8859c8:c3173, 994b73f6-7725-4304-b3a4-4941318c1d6c:c3173]
2019-07-08 19:53:23,566 INFO  client.GrpcClientProtocolClient (GrpcClientProtocolClient.java:onNext(255)) - client-B2F93226DCBB->056ae293-26b5-4d67-bc5d-e905a6760a80: receive RaftClientReply:client-B2F93226DCBB->056ae293-26b5-4d67-bc5d-e905a6760a80@group-50E32BB97A46, cid=2158, SUCCESS, logIndex=0, commits[056ae293-26b5-4d67-bc5d-e905a6760a80:c3179, a428730f-9893-43cb-a585-e65a7e8859c8:c3175, 994b73f6-7725-4304-b3a4-4941318c1d6c:c3175]
2019-07-08 19:53:23,587 INFO  client.GrpcClientProtocolClient (GrpcClientProtocolClient.java:onNext(255)) - client-B2F93226DCBB->056ae293-26b5-4d67-bc5d-e905a6760a80: receive RaftClientReply:client-B2F93226DCBB->056ae293-26b5-4d67-bc5d-e905a6760a80@group-50E32BB97A46, cid=2159, SUCCESS, logIndex=3182, commits[056ae293-26b5-4d67-bc5d-e905a6760a80:c3183, a428730f-9893-43cb-a585-e65a7e8859c8:c3181, 994b73f6-7725-4304-b3a4-4941318c1d6c:c3181]
2019-07-08 19:53:23,587 INFO  client.GrpcClientProtocolClient (GrpcClientProtocolClient.java:onNext(255)) - client-B2F93226DCBB->056ae293-26b5-4d67-bc5d-e905a6760a80: receive RaftClientReply:client-B2F93226DCBB->056ae293-26b5-4d67-bc5d-e905a6760a80@group-50E32BB97A46, cid=2160, SUCCESS, logIndex=3183, commits[056ae293-26b5-4d67-bc5d-e905a6760a80:c3183, a428730f-9893-43cb-a585-e65a7e8859c8:c3181, 994b73f6-7725-4304-b3a4-4941318c1d6c:c3181]
2019-07-08 19:53:23,602 INFO  client.GrpcClientProtocolClient (GrpcClientProtocolClient.java:onNext(255)) - client-B2F93226DCBB->056ae293-26b5-4d67-bc5d-e905a6760a80: receive RaftClientReply:client-B2F93226DCBB->056ae293-26b5-4d67-bc5d-e905a6760a80@group-50E32BB97A46, cid=2161, SUCCESS, logIndex=3186, commits[056ae293-26b5-4d67-bc5d-e905a6760a80:c3186, a428730f-9893-43cb-a585-e65a7e8859c8:c3183, 994b73f6-7725-4304-b3a4-4941318c1d6c:c3183]
2019-07-08 19:53:23,603 INFO  client.GrpcClientProtocolClient (GrpcClientProtocolClient.java:onNext(255)) - client-B2F93226DCBB->056ae293-26b5-4d67-bc5d-e905a6760a80: receive RaftClientReply:client-B2F93226DCBB->056ae293-26b5-4d67-bc5d-e905a6760a80@group-50E32BB97A46, cid=2162, SUCCESS, logIndex=3187, commits[056ae293-26b5-4d67-bc5d-e905a6760a80:c3187, a428730f-9893-43cb-a585-e65a7e8859c8:c3183, 994b73f6-7725-4304-b3a4-4941318c1d6c:c3183]
2019-07-08 19:53:23,616 INFO  client.GrpcClientProtocolClient (GrpcClientProtocolClient.java:onNext(255)) - client-B2F93226DCBB->056ae293-26b5-4d67-bc5d-e905a6760a80: receive RaftClientReply:client-B2F93226DCBB->056ae293-26b5-4d67-bc5d-e905a6760a80@group-50E32BB97A46, cid=2163, SUCCESS, logIndex=0, commits[056ae293-26b5-4d67-bc5d-e905a6760a80:c3189, a428730f-9893-43cb-a585-e65a7e8859c8:c3187, 994b73f6-7725-4304-b3a4-4941318c1d6c:c3187]
2019-07-08 19:53:23,650 INFO  client.GrpcClientProtocolClient (GrpcClientProtocolClient.java:onNext(255)) - client-B2F93226DCBB->056ae293-26b5-4d67-bc5d-e905a6760a80: receive RaftClientReply:client-B2F93226DCBB->056ae293-26b5-4d67-bc5d-e905a6760a80@group-50E32BB97A46, cid=2164, SUCCESS, logIndex=3190, commits[056ae293-26b5-4d67-bc5d-e905a6760a80:c3191, a428730f-9893-43cb-a585-e65a7e8859c8:c3189, 994b73f6-7725-4304-b3a4-4941318c1d6c:c3189]
2019-07-08 19:53:23,650 INFO  client.GrpcClientProtocolClient (GrpcClientProtocolClient.java:onNext(255)) - client-B2F93226DCBB->056ae293-26b5-4d67-bc5d-e905a6760a80: receive RaftClientReply:client-B2F93226DCBB->056ae293-26b5-4d67-bc5d-e905a6760a80@group-50E32BB97A46, cid=2165, SUCCESS, logIndex=3191, commits[056ae293-26b5-4d67-bc5d-e905a6760a80:c3191, a428730f-9893-43cb-a585-e65a7e8859c8:c3189, 994b73f6-7725-4304-b3a4-4941318c1d6c:c3189]
2019-07-08 19:53:23,661 INFO  client.GrpcClientProtocolClient (GrpcClientProtocolClient.java:onNext(255)) - client-B2F93226DCBB->056ae293-26b5-4d67-bc5d-e905a6760a80: receive RaftClientReply:client-B2F93226DCBB->056ae293-26b5-4d67-bc5d-e905a6760a80@group-50E32BB97A46, cid=2166, SUCCESS, logIndex=3192, commits[056ae293-26b5-4d67-bc5d-e905a6760a80:c3193, a428730f-9893-43cb-a585-e65a7e8859c8:c3189, 994b73f6-7725-4304-b3a4-4941318c1d6c:c3189]
2019-07-08 19:53:23,662 INFO  client.GrpcClientProtocolClient (GrpcClientProtocolClient.java:onNext(255)) - client-B2F93226DCBB->056ae293-26b5-4d67-bc5d-e905a6760a80: receive RaftClientReply:client-B2F93226DCBB->056ae293-26b5-4d67-bc5d-e905a6760a80@group-50E32BB97A46, cid=2167, SUCCESS, logIndex=3193, commits[056ae293-26b5-4d67-bc5d-e905a6760a80:c3194, a428730f-9893-43cb-a585-e65a7e8859c8:c3191, 994b73f6-7725-4304-b3a4-4941318c1d6c:c3189]
2019-07-08 19:53:23,664 INFO  client.GrpcClientProtocolClient (GrpcClientProtocolClient.java:onNext(255)) - client-B2F93226DCBB->056ae293-26b5-4d67-bc5d-e905a6760a80: receive RaftClientReply:client-B2F93226DCBB->056ae293-26b5-4d67-bc5d-e905a6760a80@group-50E32BB97A46, cid=2168, SUCCESS, logIndex=0, commits[056ae293-26b5-4d67-bc5d-e905a6760a80:c3195, a428730f-9893-43cb-a585-e65a7e8859c8:c3191, 994b73f6-7725-4304-b3a4-4941318c1d6c:c3191]
2019-07-08 19:53:23,690 INFO  client.GrpcClientProtocolClient (GrpcClientProtocolClient.java:onNext(255)) - client-B2F93226DCBB->056ae293-26b5-4d67-bc5d-e905a6760a80: receive RaftClientReply:client-B2F93226DCBB->056ae293-26b5-4d67-bc5d-e905a6760a80@group-50E32BB97A46, cid=2169, SUCCESS, logIndex=3198, commits[056ae293-26b5-4d67-bc5d-e905a6760a80:c3199, a428730f-9893-43cb-a585-e65a7e8859c8:c3195, 994b73f6-7725-4304-b3a4-4941318c1d6c:c3195]
2019-07-08 19:53:23,691 INFO  client.GrpcClientProtocolClient (GrpcClientProtocolClient.java:onNext(255)) - client-B2F93226DCBB->056ae293-26b5-4d67-bc5d-e905a6760a80: receive RaftClientReply:client-B2F93226DCBB->056ae293-26b5-4d67-bc5d-e905a6760a80@group-50E32BB97A46, cid=2170, SUCCESS, logIndex=3199, commits[056ae293-26b5-4d67-bc5d-e905a6760a80:c3199, a428730f-9893-43cb-a585-e65a7e8859c8:c3195, 994b73f6-7725-4304-b3a4-4941318c1d6c:c3195]
2019-07-08 19:53:23,706 INFO  client.GrpcClientProtocolClient (GrpcClientProtocolClient.java:onNext(255)) - client-B2F93226DCBB->056ae293-26b5-4d67-bc5d-e905a6760a80: receive RaftClientReply:client-B2F93226DCBB->056ae293-26b5-4d67-bc5d-e905a6760a80@group-50E32BB97A46, cid=2171, SUCCESS, logIndex=3202, commits[056ae293-26b5-4d67-bc5d-e905a6760a80:c3203, a428730f-9893-43cb-a585-e65a7e8859c8:c3201, 994b73f6-7725-4304-b3a4-4941318c1d6c:c3201]
2019-07-08 19:53:23,706 INFO  client.GrpcClientProtocolClient (GrpcClientProtocolClient.java:onNext(255)) - client-B2F93226DCBB->056ae293-26b5-4d67-bc5d-e905a6760a80: receive RaftClientReply:client-B2F93226DCBB->056ae293-26b5-4d67-bc5d-e905a6760a80@group-50E32BB97A46, cid=2172, SUCCESS, logIndex=3203, commits[056ae293-26b5-4d67-bc5d-e905a6760a80:c3203, a428730f-9893-43cb-a585-e65a7e8859c8:c3201, 994b73f6-7725-4304-b3a4-4941318c1d6c:c3201]
2019-07-08 19:53:23,707 INFO  client.GrpcClientProtocolClient (GrpcClientProtocolClient.java:onNext(255)) - client-B2F93226DCBB->056ae293-26b5-4d67-bc5d-e905a6760a80: receive RaftClientReply:client-B2F93226DCBB->056ae293-26b5-4d67-bc5d-e905a6760a80@group-50E32BB97A46, cid=2173, SUCCESS, logIndex=0, commits[056ae293-26b5-4d67-bc5d-e905a6760a80:c3204, a428730f-9893-43cb-a585-e65a7e8859c8:c3203, 994b73f6-7725-4304-b3a4-4941318c1d6c:c3203]
2019-07-08 19:53:23,847 INFO  client.GrpcClientProtocolClient (GrpcClientProtocolClient.java:onNext(255)) - client-B2F93226DCBB->056ae293-26b5-4d67-bc5d-e905a6760a80: receive RaftClientReply:client-B2F93226DCBB->056ae293-26b5-4d67-bc5d-e905a6760a80@group-50E32BB97A46, cid=2174, SUCCESS, logIndex=3206, commits[056ae293-26b5-4d67-bc5d-e905a6760a80:c3207, a428730f-9893-43cb-a585-e65a7e8859c8:c3205, 994b73f6-7725-4304-b3a4-4941318c1d6c:c3205]
2019-07-08 19:53:23,847 INFO  client.GrpcClientProtocolClient (GrpcClientProtocolClient.java:onNext(255)) - client-B2F93226DCBB->056ae293-26b5-4d67-bc5d-e905a6760a80: receive RaftClientReply:client-B2F93226DCBB->056ae293-26b5-4d67-bc5d-e905a6760a80@group-50E32BB97A46, cid=2175, SUCCESS, logIndex=3207, commits[056ae293-26b5-4d67-bc5d-e905a6760a80:c3209, a428730f-9893-43cb-a585-e65a7e8859c8:c3205, 994b73f6-7725-4304-b3a4-4941318c1d6c:c3205]
2019-07-08 19:53:23,848 INFO  client.GrpcClientProtocolClient (GrpcClientProtocolClient.java:onNext(255)) - client-B2F93226DCBB->056ae293-26b5-4d67-bc5d-e905a6760a80: receive RaftClientReply:client-B2F93226DCBB->056ae293-26b5-4d67-bc5d-e905a6760a80@group-50E32BB97A46, cid=2176, SUCCESS, logIndex=3208, commits[056ae293-26b5-4d67-bc5d-e905a6760a80:c3209, a428730f-9893-43cb-a585-e65a7e8859c8:c3205, 994b73f6-7725-4304-b3a4-4941318c1d6c:c3205]
2019-07-08 19:53:23,848 INFO  client.GrpcClientProtocolClient (GrpcClientProtocolClient.java:onNext(255)) - client-B2F93226DCBB->056ae293-26b5-4d67-bc5d-e905a6760a80: receive RaftClientReply:client-B2F93226DCBB->056ae293-26b5-4d67-bc5d-e905a6760a80@group-50E32BB97A46, cid=2177, SUCCESS, logIndex=3209, commits[056ae293-26b5-4d67-bc5d-e905a6760a80:c3209, a428730f-9893-43cb-a585-e65a7e8859c8:c3205, 994b73f6-7725-4304-b3a4-4941318c1d6c:c3205]
2019-07-08 19:53:23,863 INFO  client.GrpcClientProtocolClient (GrpcClientProtocolClient.java:onNext(255)) - client-B2F93226DCBB->056ae293-26b5-4d67-bc5d-e905a6760a80: receive RaftClientReply:client-B2F93226DCBB->056ae293-26b5-4d67-bc5d-e905a6760a80@group-50E32BB97A46, cid=2178, SUCCESS, logIndex=0, commits[056ae293-26b5-4d67-bc5d-e905a6760a80:c3211, a428730f-9893-43cb-a585-e65a7e8859c8:c3207, 994b73f6-7725-4304-b3a4-4941318c1d6c:c3207]
2019-07-08 19:53:23,903 INFO  client.GrpcClientProtocolClient (GrpcClientProtocolClient.java:onNext(255)) - client-B2F93226DCBB->056ae293-26b5-4d67-bc5d-e905a6760a80: receive RaftClientReply:client-B2F93226DCBB->056ae293-26b5-4d67-bc5d-e905a6760a80@group-50E32BB97A46, cid=2179, SUCCESS, logIndex=3214, commits[056ae293-26b5-4d67-bc5d-e905a6760a80:c3215, a428730f-9893-43cb-a585-e65a7e8859c8:c3213, 994b73f6-7725-4304-b3a4-4941318c1d6c:c3213]
2019-07-08 19:53:23,903 INFO  client.GrpcClientProtocolClient (GrpcClientProtocolClient.java:onNext(255)) - client-B2F93226DCBB->056ae293-26b5-4d67-bc5d-e905a6760a80: receive RaftClientReply:client-B2F93226DCBB->056ae293-26b5-4d67-bc5d-e905a6760a80@group-50E32BB97A46, cid=2180, SUCCESS, logIndex=3215, commits[056ae293-26b5-4d67-bc5d-e905a6760a80:c3215, a428730f-9893-43cb-a585-e65a7e8859c8:c3213, 994b73f6-7725-4304-b3a4-4941318c1d6c:c3213]
2019-07-08 19:53:23,929 INFO  client.GrpcClientProtocolClient (GrpcClientProtocolClient.java:onNext(255)) - client-B2F93226DCBB->056ae293-26b5-4d67-bc5d-e905a6760a80: receive RaftClientReply:client-B2F93226DCBB->056ae293-26b5-4d67-bc5d-e905a6760a80@group-50E32BB97A46, cid=2181, SUCCESS, logIndex=3218, commits[056ae293-26b5-4d67-bc5d-e905a6760a80:c3219, a428730f-9893-43cb-a585-e65a7e8859c8:c3215, 994b73f6-7725-4304-b3a4-4941318c1d6c:c3215]
2019-07-08 19:53:23,929 INFO  client.GrpcClientProtocolClient (GrpcClientProtocolClient.java:onNext(255)) - client-B2F93226DCBB->056ae293-26b5-4d67-bc5d-e905a6760a80: receive RaftClientReply:client-B2F93226DCBB->056ae293-26b5-4d67-bc5d-e905a6760a80@group-50E32BB97A46, cid=2182, SUCCESS, logIndex=3219, commits[056ae293-26b5-4d67-bc5d-e905a6760a80:c3219, a428730f-9893-43cb-a585-e65a7e8859c8:c3215, 994b73f6-7725-4304-b3a4-4941318c1d6c:c3215]
2019-07-08 19:53:23,942 INFO  client.GrpcClientProtocolClient (GrpcClientProtocolClient.java:onNext(255)) - client-B2F93226DCBB->056ae293-26b5-4d67-bc5d-e905a6760a80: receive RaftClientReply:client-B2F93226DCBB->056ae293-26b5-4d67-bc5d-e905a6760a80@group-50E32BB97A46, cid=2183, SUCCESS, logIndex=0, commits[056ae293-26b5-4d67-bc5d-e905a6760a80:c3219, a428730f-9893-43cb-a585-e65a7e8859c8:c3219, 994b73f6-7725-4304-b3a4-4941318c1d6c:c3219]
2019-07-08 19:53:23,967 INFO  client.GrpcClientProtocolClient (GrpcClientProtocolClient.java:onNext(255)) - client-B2F93226DCBB->056ae293-26b5-4d67-bc5d-e905a6760a80: receive RaftClientReply:client-B2F93226DCBB->056ae293-26b5-4d67-bc5d-e905a6760a80@group-50E32BB97A46, cid=2184, SUCCESS, logIndex=3222, commits[056ae293-26b5-4d67-bc5d-e905a6760a80:c3223, a428730f-9893-43cb-a585-e65a7e8859c8:c3219, 994b73f6-7725-4304-b3a4-4941318c1d6c:c3221]
2019-07-08 19:53:23,968 INFO  client.GrpcClientProtocolClient (GrpcClientProtocolClient.java:onNext(255)) - client-B2F93226DCBB->056ae293-26b5-4d67-bc5d-e905a6760a80: receive RaftClientReply:client-B2F93226DCBB->056ae293-26b5-4d67-bc5d-e905a6760a80@group-50E32BB97A46, cid=2185, SUCCESS, logIndex=3223, commits[056ae293-26b5-4d67-bc5d-e905a6760a80:c3223, a428730f-9893-43cb-a585-e65a7e8859c8:c3219, 994b73f6-7725-4304-b3a4-4941318c1d6c:c3221]
2019-07-08 19:53:23,969 INFO  client.GrpcClientProtocolClient (GrpcClientProtocolClient.java:onNext(255)) - client-B2F93226DCBB->056ae293-26b5-4d67-bc5d-e905a6760a80: receive RaftClientReply:client-B2F93226DCBB->056ae293-26b5-4d67-bc5d-e905a6760a80@group-50E32BB97A46, cid=2186, SUCCESS, logIndex=3224, commits[056ae293-26b5-4d67-bc5d-e905a6760a80:c3226, a428730f-9893-43cb-a585-e65a7e8859c8:c3219, 994b73f6-7725-4304-b3a4-4941318c1d6c:c3223]
2019-07-08 19:53:23,970 INFO  client.GrpcClientProtocolClient (GrpcClientProtocolClient.java:onNext(255)) - client-B2F93226DCBB->056ae293-26b5-4d67-bc5d-e905a6760a80: receive RaftClientReply:client-B2F93226DCBB->056ae293-26b5-4d67-bc5d-e905a6760a80@group-50E32BB97A46, cid=2187, SUCCESS, logIndex=3225, commits[056ae293-26b5-4d67-bc5d-e905a6760a80:c3226, a428730f-9893-43cb-a585-e65a7e8859c8:c3221, 994b73f6-7725-4304-b3a4-4941318c1d6c:c3223]
2019-07-08 19:53:23,971 INFO  client.GrpcClientProtocolClient (GrpcClientProtocolClient.java:onNext(255)) - client-B2F93226DCBB->056ae293-26b5-4d67-bc5d-e905a6760a80: receive RaftClientReply:client-B2F93226DCBB->056ae293-26b5-4d67-bc5d-e905a6760a80@group-50E32BB97A46, cid=2188, SUCCESS, logIndex=0, commits[056ae293-26b5-4d67-bc5d-e905a6760a80:c3227, a428730f-9893-43cb-a585-e65a7e8859c8:c3223, 994b73f6-7725-4304-b3a4-4941318c1d6c:c3223]
2019-07-08 19:53:23,986 INFO  client.GrpcClientProtocolClient (GrpcClientProtocolClient.java:onNext(255)) - client-B2F93226DCBB->056ae293-26b5-4d67-bc5d-e905a6760a80: receive RaftClientReply:client-B2F93226DCBB->056ae293-26b5-4d67-bc5d-e905a6760a80@group-50E32BB97A46, cid=2189, SUCCESS, logIndex=3230, commits[056ae293-26b5-4d67-bc5d-e905a6760a80:c3231, a428730f-9893-43cb-a585-e65a7e8859c8:c3229, 994b73f6-7725-4304-b3a4-4941318c1d6c:c3229]
2019-07-08 19:53:23,986 INFO  client.GrpcClientProtocolClient (GrpcClientProtocolClient.java:onNext(255)) - client-B2F93226DCBB->056ae293-26b5-4d67-bc5d-e905a6760a80: receive RaftClientReply:client-B2F93226DCBB->056ae293-26b5-4d67-bc5d-e905a6760a80@group-50E32BB97A46, cid=2190, SUCCESS, logIndex=3231, commits[056ae293-26b5-4d67-bc5d-e905a6760a80:c3231, a428730f-9893-43cb-a585-e65a7e8859c8:c3229, 994b73f6-7725-4304-b3a4-4941318c1d6c:c3229]
2019-07-08 19:53:24,000 INFO  client.GrpcClientProtocolClient (GrpcClientProtocolClient.java:onNext(255)) - client-B2F93226DCBB->056ae293-26b5-4d67-bc5d-e905a6760a80: receive RaftClientReply:client-B2F93226DCBB->056ae293-26b5-4d67-bc5d-e905a6760a80@group-50E32BB97A46, cid=2191, SUCCESS, logIndex=3234, commits[056ae293-26b5-4d67-bc5d-e905a6760a80:c3235, a428730f-9893-43cb-a585-e65a7e8859c8:c3231, 994b73f6-7725-4304-b3a4-4941318c1d6c:c3233]
2019-07-08 19:53:24,001 INFO  client.GrpcClientProtocolClient (GrpcClientProtocolClient.java:onNext(255)) - client-B2F93226DCBB->056ae293-26b5-4d67-bc5d-e905a6760a80: receive RaftClientReply:client-B2F93226DCBB->056ae293-26b5-4d67-bc5d-e905a6760a80@group-50E32BB97A46, cid=2192, SUCCESS, logIndex=3235, commits[056ae293-26b5-4d67-bc5d-e905a6760a80:c3235, a428730f-9893-43cb-a585-e65a7e8859c8:c3233, 994b73f6-7725-4304-b3a4-4941318c1d6c:c3233]
2019-07-08 19:53:24,003 INFO  client.GrpcClientProtocolClient (GrpcClientProtocolClient.java:onNext(255)) - client-B2F93226DCBB->056ae293-26b5-4d67-bc5d-e905a6760a80: receive RaftClientReply:client-B2F93226DCBB->056ae293-26b5-4d67-bc5d-e905a6760a80@group-50E32BB97A46, cid=2193, SUCCESS, logIndex=0, commits[056ae293-26b5-4d67-bc5d-e905a6760a80:c3236, a428730f-9893-43cb-a585-e65a7e8859c8:c3235, 994b73f6-7725-4304-b3a4-4941318c1d6c:c3235]
2019-07-08 19:53:24,037 INFO  client.GrpcClientProtocolClient (GrpcClientProtocolClient.java:onNext(255)) - client-B2F93226DCBB->056ae293-26b5-4d67-bc5d-e905a6760a80: receive RaftClientReply:client-B2F93226DCBB->056ae293-26b5-4d67-bc5d-e905a6760a80@group-50E32BB97A46, cid=2194, SUCCESS, logIndex=3238, commits[056ae293-26b5-4d67-bc5d-e905a6760a80:c3239, a428730f-9893-43cb-a585-e65a7e8859c8:c3237, 994b73f6-7725-4304-b3a4-4941318c1d6c:c3237]
2019-07-08 19:53:24,038 INFO  client.GrpcClientProtocolClient (GrpcClientProtocolClient.java:onNext(255)) - client-B2F93226DCBB->056ae293-26b5-4d67-bc5d-e905a6760a80: receive RaftClientReply:client-B2F93226DCBB->056ae293-26b5-4d67-bc5d-e905a6760a80@group-50E32BB97A46, cid=2195, SUCCESS, logIndex=3239, commits[056ae293-26b5-4d67-bc5d-e905a6760a80:c3240, a428730f-9893-43cb-a585-e65a7e8859c8:c3237, 994b73f6-7725-4304-b3a4-4941318c1d6c:c3237]
2019-07-08 19:53:24,038 INFO  client.GrpcClientProtocolClient (GrpcClientProtocolClient.java:onNext(255)) - client-B2F93226DCBB->056ae293-26b5-4d67-bc5d-e905a6760a80: receive RaftClientReply:client-B2F93226DCBB->056ae293-26b5-4d67-bc5d-e905a6760a80@group-50E32BB97A46, cid=2196, SUCCESS, logIndex=3240, commits[056ae293-26b5-4d67-bc5d-e905a6760a80:c3241, a428730f-9893-43cb-a585-e65a7e8859c8:c3237, 994b73f6-7725-4304-b3a4-4941318c1d6c:c3237]
2019-07-08 19:53:24,039 INFO  client.GrpcClientProtocolClient (GrpcClientProtocolClient.java:onNext(255)) - client-B2F93226DCBB->056ae293-26b5-4d67-bc5d-e905a6760a80: receive RaftClientReply:client-B2F93226DCBB->056ae293-26b5-4d67-bc5d-e905a6760a80@group-50E32BB97A46, cid=2197, SUCCESS, logIndex=3241, commits[056ae293-26b5-4d67-bc5d-e905a6760a80:c3241, a428730f-9893-43cb-a585-e65a7e8859c8:c3237, 994b73f6-7725-4304-b3a4-4941318c1d6c:c3237]
2019-07-08 19:53:24,051 INFO  client.GrpcClientProtocolClient (GrpcClientProtocolClient.java:onNext(255)) - client-B2F93226DCBB->056ae293-26b5-4d67-bc5d-e905a6760a80: receive RaftClientReply:client-B2F93226DCBB->056ae293-26b5-4d67-bc5d-e905a6760a80@group-50E32BB97A46, cid=2198, SUCCESS, logIndex=0, commits[056ae293-26b5-4d67-bc5d-e905a6760a80:c3243, a428730f-9893-43cb-a585-e65a7e8859c8:c3239, 994b73f6-7725-4304-b3a4-4941318c1d6c:c3239]
2019-07-08 19:53:24,072 INFO  client.GrpcClientProtocolClient (GrpcClientProtocolClient.java:onNext(255)) - client-B2F93226DCBB->056ae293-26b5-4d67-bc5d-e905a6760a80: receive RaftClientReply:client-B2F93226DCBB->056ae293-26b5-4d67-bc5d-e905a6760a80@group-50E32BB97A46, cid=2199, SUCCESS, logIndex=3246, commits[056ae293-26b5-4d67-bc5d-e905a6760a80:c3247, a428730f-9893-43cb-a585-e65a7e8859c8:c3245, 994b73f6-7725-4304-b3a4-4941318c1d6c:c3245]
2019-07-08 19:53:24,073 INFO  client.GrpcClientProtocolClient (GrpcClientProtocolClient.java:onNext(255)) - client-B2F93226DCBB->056ae293-26b5-4d67-bc5d-e905a6760a80: receive RaftClientReply:client-B2F93226DCBB->056ae293-26b5-4d67-bc5d-e905a6760a80@group-50E32BB97A46, cid=2200, SUCCESS, logIndex=3247, commits[056ae293-26b5-4d67-bc5d-e905a6760a80:c3247, a428730f-9893-43cb-a585-e65a7e8859c8:c3245, 994b73f6-7725-4304-b3a4-4941318c1d6c:c3245]
2019-07-08 19:53:24,087 INFO  client.GrpcClientProtocolClient (GrpcClientProtocolClient.java:onNext(255)) - client-B2F93226DCBB->056ae293-26b5-4d67-bc5d-e905a6760a80: receive RaftClientReply:client-B2F93226DCBB->056ae293-26b5-4d67-bc5d-e905a6760a80@group-50E32BB97A46, cid=2201, SUCCESS, logIndex=3250, commits[056ae293-26b5-4d67-bc5d-e905a6760a80:c3251, a428730f-9893-43cb-a585-e65a7e8859c8:c3247, 994b73f6-7725-4304-b3a4-4941318c1d6c:c3247]
2019-07-08 19:53:24,087 INFO  client.GrpcClientProtocolClient (GrpcClientProtocolClient.java:onNext(255)) - client-B2F93226DCBB->056ae293-26b5-4d67-bc5d-e905a6760a80: receive RaftClientReply:client-B2F93226DCBB->056ae293-26b5-4d67-bc5d-e905a6760a80@group-50E32BB97A46, cid=2202, SUCCESS, logIndex=3251, commits[056ae293-26b5-4d67-bc5d-e905a6760a80:c3251, a428730f-9893-43cb-a585-e65a7e8859c8:c3247, 994b73f6-7725-4304-b3a4-4941318c1d6c:c3247]
2019-07-08 19:53:24,102 INFO  client.GrpcClientProtocolClient (GrpcClientProtocolClient.java:onNext(255)) - client-B2F93226DCBB->056ae293-26b5-4d67-bc5d-e905a6760a80: receive RaftClientReply:client-B2F93226DCBB->056ae293-26b5-4d67-bc5d-e905a6760a80@group-50E32BB97A46, cid=2203, SUCCESS, logIndex=0, commits[056ae293-26b5-4d67-bc5d-e905a6760a80:c3253, a428730f-9893-43cb-a585-e65a7e8859c8:c3251, 994b73f6-7725-4304-b3a4-4941318c1d6c:c3251]
2019-07-08 19:53:24,129 INFO  client.GrpcClientProtocolClient (GrpcClientProtocolClient.java:onNext(255)) - client-B2F93226DCBB->056ae293-26b5-4d67-bc5d-e905a6760a80: receive RaftClientReply:client-B2F93226DCBB->056ae293-26b5-4d67-bc5d-e905a6760a80@group-50E32BB97A46, cid=2204, SUCCESS, logIndex=3254, commits[056ae293-26b5-4d67-bc5d-e905a6760a80:c3255, a428730f-9893-43cb-a585-e65a7e8859c8:c3253, 994b73f6-7725-4304-b3a4-4941318c1d6c:c3253]
2019-07-08 19:53:24,130 INFO  client.GrpcClientProtocolClient (GrpcClientProtocolClient.java:onNext(255)) - client-B2F93226DCBB->056ae293-26b5-4d67-bc5d-e905a6760a80: receive RaftClientReply:client-B2F93226DCBB->056ae293-26b5-4d67-bc5d-e905a6760a80@group-50E32BB97A46, cid=2205, SUCCESS, logIndex=3255, commits[056ae293-26b5-4d67-bc5d-e905a6760a80:c3256, a428730f-9893-43cb-a585-e65a7e8859c8:c3253, 994b73f6-7725-4304-b3a4-4941318c1d6c:c3253]
2019-07-08 19:53:24,130 INFO  client.GrpcClientProtocolClient (GrpcClientProtocolClient.java:onNext(255)) - client-B2F93226DCBB->056ae293-26b5-4d67-bc5d-e905a6760a80: receive RaftClientReply:client-B2F93226DCBB->056ae293-26b5-4d67-bc5d-e905a6760a80@group-50E32BB97A46, cid=2206, SUCCESS, logIndex=3256, commits[056ae293-26b5-4d67-bc5d-e905a6760a80:c3257, a428730f-9893-43cb-a585-e65a7e8859c8:c3253, 994b73f6-7725-4304-b3a4-4941318c1d6c:c3253]
2019-07-08 19:53:24,131 INFO  client.GrpcClientProtocolClient (GrpcClientProtocolClient.java:onNext(255)) - client-B2F93226DCBB->056ae293-26b5-4d67-bc5d-e905a6760a80: receive RaftClientReply:client-B2F93226DCBB->056ae293-26b5-4d67-bc5d-e905a6760a80@group-50E32BB97A46, cid=2207, SUCCESS, logIndex=3257, commits[056ae293-26b5-4d67-bc5d-e905a6760a80:c3257, a428730f-9893-43cb-a585-e65a7e8859c8:c3253, 994b73f6-7725-4304-b3a4-4941318c1d6c:c3253]
2019-07-08 19:53:24,134 INFO  client.GrpcClientProtocolClient (GrpcClientProtocolClient.java:onNext(255)) - client-B2F93226DCBB->056ae293-26b5-4d67-bc5d-e905a6760a80: receive RaftClientReply:client-B2F93226DCBB->056ae293-26b5-4d67-bc5d-e905a6760a80@group-50E32BB97A46, cid=2208, SUCCESS, logIndex=0, commits[056ae293-26b5-4d67-bc5d-e905a6760a80:c3259, a428730f-9893-43cb-a585-e65a7e8859c8:c3255, 994b73f6-7725-4304-b3a4-4941318c1d6c:c3255]
2019-07-08 19:53:24,147 INFO  client.GrpcClientProtocolClient (GrpcClientProtocolClient.java:onNext(255)) - client-B2F93226DCBB->056ae293-26b5-4d67-bc5d-e905a6760a80: receive RaftClientReply:client-B2F93226DCBB->056ae293-26b5-4d67-bc5d-e905a6760a80@group-50E32BB97A46, cid=2209, SUCCESS, logIndex=3262, commits[056ae293-26b5-4d67-bc5d-e905a6760a80:c3263, a428730f-9893-43cb-a585-e65a7e8859c8:c3259, 994b73f6-7725-4304-b3a4-4941318c1d6c:c3259]
2019-07-08 19:53:24,147 INFO  client.GrpcClientProtocolClient (GrpcClientProtocolClient.java:onNext(255)) - client-B2F93226DCBB->056ae293-26b5-4d67-bc5d-e905a6760a80: receive RaftClientReply:client-B2F93226DCBB->056ae293-26b5-4d67-bc5d-e905a6760a80@group-50E32BB97A46, cid=2210, SUCCESS, logIndex=3263, commits[056ae293-26b5-4d67-bc5d-e905a6760a80:c3263, a428730f-9893-43cb-a585-e65a7e8859c8:c3259, 994b73f6-7725-4304-b3a4-4941318c1d6c:c3259]
2019-07-08 19:53:24,162 INFO  client.GrpcClientProtocolClient (GrpcClientProtocolClient.java:onNext(255)) - client-B2F93226DCBB->056ae293-26b5-4d67-bc5d-e905a6760a80: receive RaftClientReply:client-B2F93226DCBB->056ae293-26b5-4d67-bc5d-e905a6760a80@group-50E32BB97A46, cid=2211, SUCCESS, logIndex=3266, commits[056ae293-26b5-4d67-bc5d-e905a6760a80:c3267, a428730f-9893-43cb-a585-e65a7e8859c8:c3263, 994b73f6-7725-4304-b3a4-4941318c1d6c:c3263]
2019-07-08 19:53:24,163 INFO  client.GrpcClientProtocolClient (GrpcClientProtocolClient.java:onNext(255)) - client-B2F93226DCBB->056ae293-26b5-4d67-bc5d-e905a6760a80: receive RaftClientReply:client-B2F93226DCBB->056ae293-26b5-4d67-bc5d-e905a6760a80@group-50E32BB97A46, cid=2212, SUCCESS, logIndex=3267, commits[056ae293-26b5-4d67-bc5d-e905a6760a80:c3267, a428730f-9893-43cb-a585-e65a7e8859c8:c3263, 994b73f6-7725-4304-b3a4-4941318c1d6c:c3263]
2019-07-08 19:53:24,189 INFO  client.GrpcClientProtocolClient (GrpcClientProtocolClient.java:onNext(255)) - client-B2F93226DCBB->056ae293-26b5-4d67-bc5d-e905a6760a80: receive RaftClientReply:client-B2F93226DCBB->056ae293-26b5-4d67-bc5d-e905a6760a80@group-50E32BB97A46, cid=2213, SUCCESS, logIndex=0, commits[056ae293-26b5-4d67-bc5d-e905a6760a80:c3269, a428730f-9893-43cb-a585-e65a7e8859c8:c3267, 994b73f6-7725-4304-b3a4-4941318c1d6c:c3267]
2019-07-08 19:53:24,212 INFO  client.GrpcClientProtocolClient (GrpcClientProtocolClient.java:onNext(255)) - client-B2F93226DCBB->056ae293-26b5-4d67-bc5d-e905a6760a80: receive RaftClientReply:client-B2F93226DCBB->056ae293-26b5-4d67-bc5d-e905a6760a80@group-50E32BB97A46, cid=2214, SUCCESS, logIndex=3270, commits[056ae293-26b5-4d67-bc5d-e905a6760a80:c3271, a428730f-9893-43cb-a585-e65a7e8859c8:c3269, 994b73f6-7725-4304-b3a4-4941318c1d6c:c3269]
2019-07-08 19:53:24,213 INFO  client.GrpcClientProtocolClient (GrpcClientProtocolClient.java:onNext(255)) - client-B2F93226DCBB->056ae293-26b5-4d67-bc5d-e905a6760a80: receive RaftClientReply:client-B2F93226DCBB->056ae293-26b5-4d67-bc5d-e905a6760a80@group-50E32BB97A46, cid=2215, SUCCESS, logIndex=3271, commits[056ae293-26b5-4d67-bc5d-e905a6760a80:c3271, a428730f-9893-43cb-a585-e65a7e8859c8:c3269, 994b73f6-7725-4304-b3a4-4941318c1d6c:c3269]
2019-07-08 19:53:24,214 INFO  client.GrpcClientProtocolClient (GrpcClientProtocolClient.java:onNext(255)) - client-B2F93226DCBB->056ae293-26b5-4d67-bc5d-e905a6760a80: receive RaftClientReply:client-B2F93226DCBB->056ae293-26b5-4d67-bc5d-e905a6760a80@group-50E32BB97A46, cid=2216, SUCCESS, logIndex=3272, commits[056ae293-26b5-4d67-bc5d-e905a6760a80:c3273, a428730f-9893-43cb-a585-e65a7e8859c8:c3269, 994b73f6-7725-4304-b3a4-4941318c1d6c:c3269]
2019-07-08 19:53:24,214 INFO  client.GrpcClientProtocolClient (GrpcClientProtocolClient.java:onNext(255)) - client-B2F93226DCBB->056ae293-26b5-4d67-bc5d-e905a6760a80: receive RaftClientReply:client-B2F93226DCBB->056ae293-26b5-4d67-bc5d-e905a6760a80@group-50E32BB97A46, cid=2217, SUCCESS, logIndex=3273, commits[056ae293-26b5-4d67-bc5d-e905a6760a80:c3273, a428730f-9893-43cb-a585-e65a7e8859c8:c3269, 994b73f6-7725-4304-b3a4-4941318c1d6c:c3269]
2019-07-08 19:53:24,215 INFO  client.GrpcClientProtocolClient (GrpcClientProtocolClient.java:onNext(255)) - client-B2F93226DCBB->056ae293-26b5-4d67-bc5d-e905a6760a80: receive RaftClientReply:client-B2F93226DCBB->056ae293-26b5-4d67-bc5d-e905a6760a80@group-50E32BB97A46, cid=2218, SUCCESS, logIndex=0, commits[056ae293-26b5-4d67-bc5d-e905a6760a80:c3275, a428730f-9893-43cb-a585-e65a7e8859c8:c3271, 994b73f6-7725-4304-b3a4-4941318c1d6c:c3271]
2019-07-08 19:53:24,227 INFO  client.GrpcClientProtocolClient (GrpcClientProtocolClient.java:onNext(255)) - client-B2F93226DCBB->056ae293-26b5-4d67-bc5d-e905a6760a80: receive RaftClientReply:client-B2F93226DCBB->056ae293-26b5-4d67-bc5d-e905a6760a80@group-50E32BB97A46, cid=2219, SUCCESS, logIndex=3278, commits[056ae293-26b5-4d67-bc5d-e905a6760a80:c3279, a428730f-9893-43cb-a585-e65a7e8859c8:c3273, 994b73f6-7725-4304-b3a4-4941318c1d6c:c3277]
2019-07-08 19:53:24,227 INFO  client.GrpcClientProtocolClient (GrpcClientProtocolClient.java:onNext(255)) - client-B2F93226DCBB->056ae293-26b5-4d67-bc5d-e905a6760a80: receive RaftClientReply:client-B2F93226DCBB->056ae293-26b5-4d67-bc5d-e905a6760a80@group-50E32BB97A46, cid=2220, SUCCESS, logIndex=3279, commits[056ae293-26b5-4d67-bc5d-e905a6760a80:c3279, a428730f-9893-43cb-a585-e65a7e8859c8:c3277, 994b73f6-7725-4304-b3a4-4941318c1d6c:c3277]
2019-07-08 19:53:24,238 INFO  client.GrpcClientProtocolClient (GrpcClientProtocolClient.java:onNext(255)) - client-B2F93226DCBB->056ae293-26b5-4d67-bc5d-e905a6760a80: receive RaftClientReply:client-B2F93226DCBB->056ae293-26b5-4d67-bc5d-e905a6760a80@group-50E32BB97A46, cid=2221, SUCCESS, logIndex=3282, commits[056ae293-26b5-4d67-bc5d-e905a6760a80:c3283, a428730f-9893-43cb-a585-e65a7e8859c8:c3279, 994b73f6-7725-4304-b3a4-4941318c1d6c:c3281]
2019-07-08 19:53:24,239 INFO  client.GrpcClientProtocolClient (GrpcClientProtocolClient.java:onNext(255)) - client-B2F93226DCBB->056ae293-26b5-4d67-bc5d-e905a6760a80: receive RaftClientReply:client-B2F93226DCBB->056ae293-26b5-4d67-bc5d-e905a6760a80@group-50E32BB97A46, cid=2222, SUCCESS, logIndex=3283, commits[056ae293-26b5-4d67-bc5d-e905a6760a80:c3283, a428730f-9893-43cb-a585-e65a7e8859c8:c3281, 994b73f6-7725-4304-b3a4-4941318c1d6c:c3281]
2019-07-08 19:53:24,242 INFO  client.GrpcClientProtocolClient (GrpcClientProtocolClient.java:onNext(255)) - client-B2F93226DCBB->056ae293-26b5-4d67-bc5d-e905a6760a80: receive RaftClientReply:client-B2F93226DCBB->056ae293-26b5-4d67-bc5d-e905a6760a80@group-50E32BB97A46, cid=2223, SUCCESS, logIndex=0, commits[056ae293-26b5-4d67-bc5d-e905a6760a80:c3284, a428730f-9893-43cb-a585-e65a7e8859c8:c3283, 994b73f6-7725-4304-b3a4-4941318c1d6c:c3283]
2019-07-08 19:53:24,285 INFO  client.GrpcClientProtocolClient (GrpcClientProtocolClient.java:onNext(255)) - client-B2F93226DCBB->056ae293-26b5-4d67-bc5d-e905a6760a80: receive RaftClientReply:client-B2F93226DCBB->056ae293-26b5-4d67-bc5d-e905a6760a80@group-50E32BB97A46, cid=2224, SUCCESS, logIndex=3286, commits[056ae293-26b5-4d67-bc5d-e905a6760a80:c3288, a428730f-9893-43cb-a585-e65a7e8859c8:c3285, 994b73f6-7725-4304-b3a4-4941318c1d6c:c3285]
2019-07-08 19:53:24,285 INFO  client.GrpcClientProtocolClient (GrpcClientProtocolClient.java:onNext(255)) - client-B2F93226DCBB->056ae293-26b5-4d67-bc5d-e905a6760a80: receive RaftClientReply:client-B2F93226DCBB->056ae293-26b5-4d67-bc5d-e905a6760a80@group-50E32BB97A46, cid=2225, SUCCESS, logIndex=3287, commits[056ae293-26b5-4d67-bc5d-e905a6760a80:c3289, a428730f-9893-43cb-a585-e65a7e8859c8:c3285, 994b73f6-7725-4304-b3a4-4941318c1d6c:c3285]
2019-07-08 19:53:24,286 INFO  client.GrpcClientProtocolClient (GrpcClientProtocolClient.java:onNext(255)) - client-B2F93226DCBB->056ae293-26b5-4d67-bc5d-e905a6760a80: receive RaftClientReply:client-B2F93226DCBB->056ae293-26b5-4d67-bc5d-e905a6760a80@group-50E32BB97A46, cid=2226, SUCCESS, logIndex=3288, commits[056ae293-26b5-4d67-bc5d-e905a6760a80:c3289, a428730f-9893-43cb-a585-e65a7e8859c8:c3285, 994b73f6-7725-4304-b3a4-4941318c1d6c:c3285]
2019-07-08 19:53:24,286 INFO  client.GrpcClientProtocolClient (GrpcClientProtocolClient.java:onNext(255)) - client-B2F93226DCBB->056ae293-26b5-4d67-bc5d-e905a6760a80: receive RaftClientReply:client-B2F93226DCBB->056ae293-26b5-4d67-bc5d-e905a6760a80@group-50E32BB97A46, cid=2227, SUCCESS, logIndex=3289, commits[056ae293-26b5-4d67-bc5d-e905a6760a80:c3289, a428730f-9893-43cb-a585-e65a7e8859c8:c3285, 994b73f6-7725-4304-b3a4-4941318c1d6c:c3285]
2019-07-08 19:53:24,296 INFO  client.GrpcClientProtocolClient (GrpcClientProtocolClient.java:onNext(255)) - client-B2F93226DCBB->056ae293-26b5-4d67-bc5d-e905a6760a80: receive RaftClientReply:client-B2F93226DCBB->056ae293-26b5-4d67-bc5d-e905a6760a80@group-50E32BB97A46, cid=2228, SUCCESS, logIndex=0, commits[056ae293-26b5-4d67-bc5d-e905a6760a80:c3290, a428730f-9893-43cb-a585-e65a7e8859c8:c3287, 994b73f6-7725-4304-b3a4-4941318c1d6c:c3287]
2019-07-08 19:53:24,317 INFO  client.GrpcClientProtocolClient (GrpcClientProtocolClient.java:onNext(255)) - client-B2F93226DCBB->056ae293-26b5-4d67-bc5d-e905a6760a80: receive RaftClientReply:client-B2F93226DCBB->056ae293-26b5-4d67-bc5d-e905a6760a80@group-50E32BB97A46, cid=2229, SUCCESS, logIndex=3294, commits[056ae293-26b5-4d67-bc5d-e905a6760a80:c3295, a428730f-9893-43cb-a585-e65a7e8859c8:c3293, 994b73f6-7725-4304-b3a4-4941318c1d6c:c3293]
2019-07-08 19:53:24,317 INFO  client.GrpcClientProtocolClient (GrpcClientProtocolClient.java:onNext(255)) - client-B2F93226DCBB->056ae293-26b5-4d67-bc5d-e905a6760a80: receive RaftClientReply:client-B2F93226DCBB->056ae293-26b5-4d67-bc5d-e905a6760a80@group-50E32BB97A46, cid=2230, SUCCESS, logIndex=3295, commits[056ae293-26b5-4d67-bc5d-e905a6760a80:c3295, a428730f-9893-43cb-a585-e65a7e8859c8:c3293, 994b73f6-7725-4304-b3a4-4941318c1d6c:c3293]
2019-07-08 19:53:24,344 INFO  client.GrpcClientProtocolClient (GrpcClientProtocolClient.java:onNext(255)) - client-B2F93226DCBB->056ae293-26b5-4d67-bc5d-e905a6760a80: receive RaftClientReply:client-B2F93226DCBB->056ae293-26b5-4d67-bc5d-e905a6760a80@group-50E32BB97A46, cid=2231, SUCCESS, logIndex=3298, commits[056ae293-26b5-4d67-bc5d-e905a6760a80:c3299, a428730f-9893-43cb-a585-e65a7e8859c8:c3295, 994b73f6-7725-4304-b3a4-4941318c1d6c:c3295]
2019-07-08 19:53:24,345 INFO  client.GrpcClientProtocolClient (GrpcClientProtocolClient.java:onNext(255)) - client-B2F93226DCBB->056ae293-26b5-4d67-bc5d-e905a6760a80: receive RaftClientReply:client-B2F93226DCBB->056ae293-26b5-4d67-bc5d-e905a6760a80@group-50E32BB97A46, cid=2232, SUCCESS, logIndex=3299, commits[056ae293-26b5-4d67-bc5d-e905a6760a80:c3299, a428730f-9893-43cb-a585-e65a7e8859c8:c3295, 994b73f6-7725-4304-b3a4-4941318c1d6c:c3295]
2019-07-08 19:53:24,359 INFO  client.GrpcClientProtocolClient (GrpcClientProtocolClient.java:onNext(255)) - client-B2F93226DCBB->056ae293-26b5-4d67-bc5d-e905a6760a80: receive RaftClientReply:client-B2F93226DCBB->056ae293-26b5-4d67-bc5d-e905a6760a80@group-50E32BB97A46, cid=2233, SUCCESS, logIndex=0, commits[056ae293-26b5-4d67-bc5d-e905a6760a80:c3301, a428730f-9893-43cb-a585-e65a7e8859c8:c3299, 994b73f6-7725-4304-b3a4-4941318c1d6c:c3299]
2019-07-08 19:53:24,388 INFO  client.GrpcClientProtocolClient (GrpcClientProtocolClient.java:onNext(255)) - client-B2F93226DCBB->056ae293-26b5-4d67-bc5d-e905a6760a80: receive RaftClientReply:client-B2F93226DCBB->056ae293-26b5-4d67-bc5d-e905a6760a80@group-50E32BB97A46, cid=2234, SUCCESS, logIndex=3302, commits[056ae293-26b5-4d67-bc5d-e905a6760a80:c3303, a428730f-9893-43cb-a585-e65a7e8859c8:c3301, 994b73f6-7725-4304-b3a4-4941318c1d6c:c3301]
2019-07-08 19:53:24,388 INFO  client.GrpcClientProtocolClient (GrpcClientProtocolClient.java:onNext(255)) - client-B2F93226DCBB->056ae293-26b5-4d67-bc5d-e905a6760a80: receive RaftClientReply:client-B2F93226DCBB->056ae293-26b5-4d67-bc5d-e905a6760a80@group-50E32BB97A46, cid=2235, SUCCESS, logIndex=3303, commits[056ae293-26b5-4d67-bc5d-e905a6760a80:c3303, a428730f-9893-43cb-a585-e65a7e8859c8:c3301, 994b73f6-7725-4304-b3a4-4941318c1d6c:c3301]
2019-07-08 19:53:24,400 INFO  client.GrpcClientProtocolClient (GrpcClientProtocolClient.java:onNext(255)) - client-B2F93226DCBB->056ae293-26b5-4d67-bc5d-e905a6760a80: receive RaftClientReply:client-B2F93226DCBB->056ae293-26b5-4d67-bc5d-e905a6760a80@group-50E32BB97A46, cid=2236, SUCCESS, logIndex=3304, commits[056ae293-26b5-4d67-bc5d-e905a6760a80:c3305, a428730f-9893-43cb-a585-e65a7e8859c8:c3301, 994b73f6-7725-4304-b3a4-4941318c1d6c:c3301]
2019-07-08 19:53:24,401 INFO  client.GrpcClientProtocolClient (GrpcClientProtocolClient.java:onNext(255)) - client-B2F93226DCBB->056ae293-26b5-4d67-bc5d-e905a6760a80: receive RaftClientReply:client-B2F93226DCBB->056ae293-26b5-4d67-bc5d-e905a6760a80@group-50E32BB97A46, cid=2237, SUCCESS, logIndex=3305, commits[056ae293-26b5-4d67-bc5d-e905a6760a80:c3305, a428730f-9893-43cb-a585-e65a7e8859c8:c3301, 994b73f6-7725-4304-b3a4-4941318c1d6c:c3301]
2019-07-08 19:53:24,414 INFO  client.GrpcClientProtocolClient (GrpcClientProtocolClient.java:onNext(255)) - client-B2F93226DCBB->056ae293-26b5-4d67-bc5d-e905a6760a80: receive RaftClientReply:client-B2F93226DCBB->056ae293-26b5-4d67-bc5d-e905a6760a80@group-50E32BB97A46, cid=2238, SUCCESS, logIndex=0, commits[056ae293-26b5-4d67-bc5d-e905a6760a80:c3307, a428730f-9893-43cb-a585-e65a7e8859c8:c3303, 994b73f6-7725-4304-b3a4-4941318c1d6c:c3303]
2019-07-08 19:53:24,426 INFO  client.GrpcClientProtocolClient (GrpcClientProtocolClient.java:onNext(255)) - client-B2F93226DCBB->056ae293-26b5-4d67-bc5d-e905a6760a80: receive RaftClientReply:client-B2F93226DCBB->056ae293-26b5-4d67-bc5d-e905a6760a80@group-50E32BB97A46, cid=2239, SUCCESS, logIndex=3310, commits[056ae293-26b5-4d67-bc5d-e905a6760a80:c3311, a428730f-9893-43cb-a585-e65a7e8859c8:c3307, 994b73f6-7725-4304-b3a4-4941318c1d6c:c3307]
2019-07-08 19:53:24,426 INFO  client.GrpcClientProtocolClient (GrpcClientProtocolClient.java:onNext(255)) - client-B2F93226DCBB->056ae293-26b5-4d67-bc5d-e905a6760a80: receive RaftClientReply:client-B2F93226DCBB->056ae293-26b5-4d67-bc5d-e905a6760a80@group-50E32BB97A46, cid=2240, SUCCESS, logIndex=3311, commits[056ae293-26b5-4d67-bc5d-e905a6760a80:c3311, a428730f-9893-43cb-a585-e65a7e8859c8:c3307, 994b73f6-7725-4304-b3a4-4941318c1d6c:c3307]
 0.00% |█                                                                                                    |  0/1 Time: 0:00:202019-07-08 19:53:24,438 INFO  client.GrpcClientProtocolClient (GrpcClientProtocolClient.java:onNext(255)) - client-B2F93226DCBB->056ae293-26b5-4d67-bc5d-e905a6760a80: receive RaftClientReply:client-B2F93226DCBB->056ae293-26b5-4d67-bc5d-e905a6760a80@group-50E32BB97A46, cid=2241, SUCCESS, logIndex=3314, commits[056ae293-26b5-4d67-bc5d-e905a6760a80:c3315, a428730f-9893-43cb-a585-e65a7e8859c8:c3311, 994b73f6-7725-4304-b3a4-4941318c1d6c:c3313]
2019-07-08 19:53:24,438 INFO  client.GrpcClientProtocolClient (GrpcClientProtocolClient.java:onNext(255)) - client-B2F93226DCBB->056ae293-26b5-4d67-bc5d-e905a6760a80: receive RaftClientReply:client-B2F93226DCBB->056ae293-26b5-4d67-bc5d-e905a6760a80@group-50E32BB97A46, cid=2242, SUCCESS, logIndex=3315, commits[056ae293-26b5-4d67-bc5d-e905a6760a80:c3315, a428730f-9893-43cb-a585-e65a7e8859c8:c3313, 994b73f6-7725-4304-b3a4-4941318c1d6c:c3313]
2019-07-08 19:53:24,440 INFO  client.GrpcClientProtocolClient (GrpcClientProtocolClient.java:onNext(255)) - client-B2F93226DCBB->056ae293-26b5-4d67-bc5d-e905a6760a80: receive RaftClientReply:client-B2F93226DCBB->056ae293-26b5-4d67-bc5d-e905a6760a80@group-50E32BB97A46, cid=2243, SUCCESS, logIndex=0, commits[056ae293-26b5-4d67-bc5d-e905a6760a80:c3316, a428730f-9893-43cb-a585-e65a7e8859c8:c3315, 994b73f6-7725-4304-b3a4-4941318c1d6c:c3315]
2019-07-08 19:53:24,463 INFO  client.GrpcClientProtocolClient (GrpcClientProtocolClient.java:onNext(255)) - client-B2F93226DCBB->056ae293-26b5-4d67-bc5d-e905a6760a80: receive RaftClientReply:client-B2F93226DCBB->056ae293-26b5-4d67-bc5d-e905a6760a80@group-50E32BB97A46, cid=2244, SUCCESS, logIndex=3318, commits[056ae293-26b5-4d67-bc5d-e905a6760a80:c3319, a428730f-9893-43cb-a585-e65a7e8859c8:c3317, 994b73f6-7725-4304-b3a4-4941318c1d6c:c3315]
2019-07-08 19:53:24,463 INFO  client.GrpcClientProtocolClient (GrpcClientProtocolClient.java:onNext(255)) - client-B2F93226DCBB->056ae293-26b5-4d67-bc5d-e905a6760a80: receive RaftClientReply:client-B2F93226DCBB->056ae293-26b5-4d67-bc5d-e905a6760a80@group-50E32BB97A46, cid=2245, SUCCESS, logIndex=3319, commits[056ae293-26b5-4d67-bc5d-e905a6760a80:c3321, a428730f-9893-43cb-a585-e65a7e8859c8:c3317, 994b73f6-7725-4304-b3a4-4941318c1d6c:c3317]
2019-07-08 19:53:24,463 INFO  client.GrpcClientProtocolClient (GrpcClientProtocolClient.java:onNext(255)) - client-B2F93226DCBB->056ae293-26b5-4d67-bc5d-e905a6760a80: receive RaftClientReply:client-B2F93226DCBB->056ae293-26b5-4d67-bc5d-e905a6760a80@group-50E32BB97A46, cid=2246, SUCCESS, logIndex=3320, commits[056ae293-26b5-4d67-bc5d-e905a6760a80:c3321, a428730f-9893-43cb-a585-e65a7e8859c8:c3317, 994b73f6-7725-4304-b3a4-4941318c1d6c:c3317]
2019-07-08 19:53:24,464 INFO  client.GrpcClientProtocolClient (GrpcClientProtocolClient.java:onNext(255)) - client-B2F93226DCBB->056ae293-26b5-4d67-bc5d-e905a6760a80: receive RaftClientReply:client-B2F93226DCBB->056ae293-26b5-4d67-bc5d-e905a6760a80@group-50E32BB97A46, cid=2247, SUCCESS, logIndex=3321, commits[056ae293-26b5-4d67-bc5d-e905a6760a80:c3321, a428730f-9893-43cb-a585-e65a7e8859c8:c3317, 994b73f6-7725-4304-b3a4-4941318c1d6c:c3317]
2019-07-08 19:53:24,465 INFO  client.GrpcClientProtocolClient (GrpcClientProtocolClient.java:onNext(255)) - client-B2F93226DCBB->056ae293-26b5-4d67-bc5d-e905a6760a80: receive RaftClientReply:client-B2F93226DCBB->056ae293-26b5-4d67-bc5d-e905a6760a80@group-50E32BB97A46, cid=2248, SUCCESS, logIndex=0, commits[056ae293-26b5-4d67-bc5d-e905a6760a80:c3322, a428730f-9893-43cb-a585-e65a7e8859c8:c3319, 994b73f6-7725-4304-b3a4-4941318c1d6c:c3319]
2019-07-08 19:53:24,476 INFO  client.GrpcClientProtocolClient (GrpcClientProtocolClient.java:onNext(255)) - client-B2F93226DCBB->056ae293-26b5-4d67-bc5d-e905a6760a80: receive RaftClientReply:client-B2F93226DCBB->056ae293-26b5-4d67-bc5d-e905a6760a80@group-50E32BB97A46, cid=2249, SUCCESS, logIndex=3325, commits[056ae293-26b5-4d67-bc5d-e905a6760a80:c3326, a428730f-9893-43cb-a585-e65a7e8859c8:c3321, 994b73f6-7725-4304-b3a4-4941318c1d6c:c3324]
2019-07-08 19:53:24,476 INFO  client.GrpcClientProtocolClient (GrpcClientProtocolClient.java:onNext(255)) - client-B2F93226DCBB->056ae293-26b5-4d67-bc5d-e905a6760a80: receive RaftClientReply:client-B2F93226DCBB->056ae293-26b5-4d67-bc5d-e905a6760a80@group-50E32BB97A46, cid=2250, SUCCESS, logIndex=3326, commits[056ae293-26b5-4d67-bc5d-e905a6760a80:c3326, a428730f-9893-43cb-a585-e65a7e8859c8:c3324, 994b73f6-7725-4304-b3a4-4941318c1d6c:c3324]
2019-07-08 19:53:24,487 INFO  client.GrpcClientProtocolClient (GrpcClientProtocolClient.java:onNext(255)) - client-B2F93226DCBB->056ae293-26b5-4d67-bc5d-e905a6760a80: receive RaftClientReply:client-B2F93226DCBB->056ae293-26b5-4d67-bc5d-e905a6760a80@group-50E32BB97A46, cid=2251, SUCCESS, logIndex=3329, commits[056ae293-26b5-4d67-bc5d-e905a6760a80:c3330, a428730f-9893-43cb-a585-e65a7e8859c8:c3327, 994b73f6-7725-4304-b3a4-4941318c1d6c:c3328]
2019-07-08 19:53:24,487 INFO  client.GrpcClientProtocolClient (GrpcClientProtocolClient.java:onNext(255)) - client-B2F93226DCBB->056ae293-26b5-4d67-bc5d-e905a6760a80: receive RaftClientReply:client-B2F93226DCBB->056ae293-26b5-4d67-bc5d-e905a6760a80@group-50E32BB97A46, cid=2252, SUCCESS, logIndex=3330, commits[056ae293-26b5-4d67-bc5d-e905a6760a80:c3330, a428730f-9893-43cb-a585-e65a7e8859c8:c3328, 994b73f6-7725-4304-b3a4-4941318c1d6c:c3328]
2019-07-08 19:53:24,489 INFO  client.GrpcClientProtocolClient (GrpcClientProtocolClient.java:onNext(255)) - client-B2F93226DCBB->056ae293-26b5-4d67-bc5d-e905a6760a80: receive RaftClientReply:client-B2F93226DCBB->056ae293-26b5-4d67-bc5d-e905a6760a80@group-50E32BB97A46, cid=2253, SUCCESS, logIndex=0, commits[056ae293-26b5-4d67-bc5d-e905a6760a80:c3331, a428730f-9893-43cb-a585-e65a7e8859c8:c3330, 994b73f6-7725-4304-b3a4-4941318c1d6c:c3330]
2019-07-08 19:53:24,605 INFO  client.GrpcClientProtocolClient (GrpcClientProtocolClient.java:onNext(255)) - client-B2F93226DCBB->056ae293-26b5-4d67-bc5d-e905a6760a80: receive RaftClientReply:client-B2F93226DCBB->056ae293-26b5-4d67-bc5d-e905a6760a80@group-50E32BB97A46, cid=2254, SUCCESS, logIndex=3332, commits[056ae293-26b5-4d67-bc5d-e905a6760a80:c3332, a428730f-9893-43cb-a585-e65a7e8859c8:c3331, 994b73f6-7725-4304-b3a4-4941318c1d6c:c3331]
2019-07-08 19:53:24,606 INFO  client.GrpcClientProtocolClient (GrpcClientProtocolClient.java:onNext(255)) - client-B2F93226DCBB->056ae293-26b5-4d67-bc5d-e905a6760a80: receive RaftClientReply:client-B2F93226DCBB->056ae293-26b5-4d67-bc5d-e905a6760a80@group-50E32BB97A46, cid=2255, SUCCESS, logIndex=3333, commits[056ae293-26b5-4d67-bc5d-e905a6760a80:c3334, a428730f-9893-43cb-a585-e65a7e8859c8:c3331, 994b73f6-7725-4304-b3a4-4941318c1d6c:c3331]
2019-07-08 19:53:24,607 INFO  client.GrpcClientProtocolClient (GrpcClientProtocolClient.java:onNext(255)) - client-B2F93226DCBB->056ae293-26b5-4d67-bc5d-e905a6760a80: receive RaftClientReply:client-B2F93226DCBB->056ae293-26b5-4d67-bc5d-e905a6760a80@group-50E32BB97A46, cid=2256, SUCCESS, logIndex=3334, commits[056ae293-26b5-4d67-bc5d-e905a6760a80:c3335, a428730f-9893-43cb-a585-e65a7e8859c8:c3331, 994b73f6-7725-4304-b3a4-4941318c1d6c:c3331]
2019-07-08 19:53:24,608 INFO  client.GrpcClientProtocolClient (GrpcClientProtocolClient.java:onNext(255)) - client-B2F93226DCBB->056ae293-26b5-4d67-bc5d-e905a6760a80: receive RaftClientReply:client-B2F93226DCBB->056ae293-26b5-4d67-bc5d-e905a6760a80@group-50E32BB97A46, cid=2257, SUCCESS, logIndex=3335, commits[056ae293-26b5-4d67-bc5d-e905a6760a80:c3335, a428730f-9893-43cb-a585-e65a7e8859c8:c3331, 994b73f6-7725-4304-b3a4-4941318c1d6c:c3331]
2019-07-08 19:53:24,609 INFO  client.GrpcClientProtocolClient (GrpcClientProtocolClient.java:onNext(255)) - client-B2F93226DCBB->056ae293-26b5-4d67-bc5d-e905a6760a80: receive RaftClientReply:client-B2F93226DCBB->056ae293-26b5-4d67-bc5d-e905a6760a80@group-50E32BB97A46, cid=2258, SUCCESS, logIndex=0, commits[056ae293-26b5-4d67-bc5d-e905a6760a80:c3338, a428730f-9893-43cb-a585-e65a7e8859c8:c3333, 994b73f6-7725-4304-b3a4-4941318c1d6c:c3334]
2019-07-08 19:53:24,630 INFO  client.GrpcClientProtocolClient (GrpcClientProtocolClient.java:onNext(255)) - client-B2F93226DCBB->056ae293-26b5-4d67-bc5d-e905a6760a80: receive RaftClientReply:client-B2F93226DCBB->056ae293-26b5-4d67-bc5d-e905a6760a80@group-50E32BB97A46, cid=2259, SUCCESS, logIndex=3340, commits[056ae293-26b5-4d67-bc5d-e905a6760a80:c3341, a428730f-9893-43cb-a585-e65a7e8859c8:c3339, 994b73f6-7725-4304-b3a4-4941318c1d6c:c3339]
2019-07-08 19:53:24,631 INFO  client.GrpcClientProtocolClient (GrpcClientProtocolClient.java:onNext(255)) - client-B2F93226DCBB->056ae293-26b5-4d67-bc5d-e905a6760a80: receive RaftClientReply:client-B2F93226DCBB->056ae293-26b5-4d67-bc5d-e905a6760a80@group-50E32BB97A46, cid=2260, SUCCESS, logIndex=3341, commits[056ae293-26b5-4d67-bc5d-e905a6760a80:c3341, a428730f-9893-43cb-a585-e65a7e8859c8:c3339, 994b73f6-7725-4304-b3a4-4941318c1d6c:c3339]
2019-07-08 19:53:24,645 INFO  client.GrpcClientProtocolClient (GrpcClientProtocolClient.java:onNext(255)) - client-B2F93226DCBB->056ae293-26b5-4d67-bc5d-e905a6760a80: receive RaftClientReply:client-B2F93226DCBB->056ae293-26b5-4d67-bc5d-e905a6760a80@group-50E32BB97A46, cid=2261, SUCCESS, logIndex=3344, commits[056ae293-26b5-4d67-bc5d-e905a6760a80:c3345, a428730f-9893-43cb-a585-e65a7e8859c8:c3341, 994b73f6-7725-4304-b3a4-4941318c1d6c:c3341]
2019-07-08 19:53:24,646 INFO  client.GrpcClientProtocolClient (GrpcClientProtocolClient.java:onNext(255)) - client-B2F93226DCBB->056ae293-26b5-4d67-bc5d-e905a6760a80: receive RaftClientReply:client-B2F93226DCBB->056ae293-26b5-4d67-bc5d-e905a6760a80@group-50E32BB97A46, cid=2262, SUCCESS, logIndex=3345, commits[056ae293-26b5-4d67-bc5d-e905a6760a80:c3345, a428730f-9893-43cb-a585-e65a7e8859c8:c3341, 994b73f6-7725-4304-b3a4-4941318c1d6c:c3341]
2019-07-08 19:53:24,660 INFO  client.GrpcClientProtocolClient (GrpcClientProtocolClient.java:onNext(255)) - client-B2F93226DCBB->056ae293-26b5-4d67-bc5d-e905a6760a80: receive RaftClientReply:client-B2F93226DCBB->056ae293-26b5-4d67-bc5d-e905a6760a80@group-50E32BB97A46, cid=2263, SUCCESS, logIndex=0, commits[056ae293-26b5-4d67-bc5d-e905a6760a80:c3347, a428730f-9893-43cb-a585-e65a7e8859c8:c3345, 994b73f6-7725-4304-b3a4-4941318c1d6c:c3345]
2019-07-08 19:53:24,690 INFO  client.GrpcClientProtocolClient (GrpcClientProtocolClient.java:onNext(255)) - client-B2F93226DCBB->056ae293-26b5-4d67-bc5d-e905a6760a80: receive RaftClientReply:client-B2F93226DCBB->056ae293-26b5-4d67-bc5d-e905a6760a80@group-50E32BB97A46, cid=2264, SUCCESS, logIndex=3348, commits[056ae293-26b5-4d67-bc5d-e905a6760a80:c3349, a428730f-9893-43cb-a585-e65a7e8859c8:c3347, 994b73f6-7725-4304-b3a4-4941318c1d6c:c3347]
2019-07-08 19:53:24,691 INFO  client.GrpcClientProtocolClient (GrpcClientProtocolClient.java:onNext(255)) - client-B2F93226DCBB->056ae293-26b5-4d67-bc5d-e905a6760a80: receive RaftClientReply:client-B2F93226DCBB->056ae293-26b5-4d67-bc5d-e905a6760a80@group-50E32BB97A46, cid=2265, SUCCESS, logIndex=3349, commits[056ae293-26b5-4d67-bc5d-e905a6760a80:c3350, a428730f-9893-43cb-a585-e65a7e8859c8:c3347, 994b73f6-7725-4304-b3a4-4941318c1d6c:c3347]
2019-07-08 19:53:24,691 INFO  client.GrpcClientProtocolClient (GrpcClientProtocolClient.java:onNext(255)) - client-B2F93226DCBB->056ae293-26b5-4d67-bc5d-e905a6760a80: receive RaftClientReply:client-B2F93226DCBB->056ae293-26b5-4d67-bc5d-e905a6760a80@group-50E32BB97A46, cid=2266, SUCCESS, logIndex=3350, commits[056ae293-26b5-4d67-bc5d-e905a6760a80:c3351, a428730f-9893-43cb-a585-e65a7e8859c8:c3347, 994b73f6-7725-4304-b3a4-4941318c1d6c:c3347]
2019-07-08 19:53:24,692 INFO  client.GrpcClientProtocolClient (GrpcClientProtocolClient.java:onNext(255)) - client-B2F93226DCBB->056ae293-26b5-4d67-bc5d-e905a6760a80: receive RaftClientReply:client-B2F93226DCBB->056ae293-26b5-4d67-bc5d-e905a6760a80@group-50E32BB97A46, cid=2267, SUCCESS, logIndex=3351, commits[056ae293-26b5-4d67-bc5d-e905a6760a80:c3351, a428730f-9893-43cb-a585-e65a7e8859c8:c3347, 994b73f6-7725-4304-b3a4-4941318c1d6c:c3347]
2019-07-08 19:53:24,705 INFO  client.GrpcClientProtocolClient (GrpcClientProtocolClient.java:onNext(255)) - client-B2F93226DCBB->056ae293-26b5-4d67-bc5d-e905a6760a80: receive RaftClientReply:client-B2F93226DCBB->056ae293-26b5-4d67-bc5d-e905a6760a80@group-50E32BB97A46, cid=2268, SUCCESS, logIndex=0, commits[056ae293-26b5-4d67-bc5d-e905a6760a80:c3353, a428730f-9893-43cb-a585-e65a7e8859c8:c3349, 994b73f6-7725-4304-b3a4-4941318c1d6c:c3349]
2019-07-08 19:53:24,727 INFO  client.GrpcClientProtocolClient (GrpcClientProtocolClient.java:onNext(255)) - client-B2F93226DCBB->056ae293-26b5-4d67-bc5d-e905a6760a80: receive RaftClientReply:client-B2F93226DCBB->056ae293-26b5-4d67-bc5d-e905a6760a80@group-50E32BB97A46, cid=2269, SUCCESS, logIndex=3356, commits[056ae293-26b5-4d67-bc5d-e905a6760a80:c3357, a428730f-9893-43cb-a585-e65a7e8859c8:c3355, 994b73f6-7725-4304-b3a4-4941318c1d6c:c3355]
2019-07-08 19:53:24,727 INFO  client.GrpcClientProtocolClient (GrpcClientProtocolClient.java:onNext(255)) - client-B2F93226DCBB->056ae293-26b5-4d67-bc5d-e905a6760a80: receive RaftClientReply:client-B2F93226DCBB->056ae293-26b5-4d67-bc5d-e905a6760a80@group-50E32BB97A46, cid=2270, SUCCESS, logIndex=3357, commits[056ae293-26b5-4d67-bc5d-e905a6760a80:c3357, a428730f-9893-43cb-a585-e65a7e8859c8:c3355, 994b73f6-7725-4304-b3a4-4941318c1d6c:c3355]
2019-07-08 19:53:24,752 INFO  client.GrpcClientProtocolClient (GrpcClientProtocolClient.java:onNext(255)) - client-B2F93226DCBB->056ae293-26b5-4d67-bc5d-e905a6760a80: receive RaftClientReply:client-B2F93226DCBB->056ae293-26b5-4d67-bc5d-e905a6760a80@group-50E32BB97A46, cid=2271, SUCCESS, logIndex=3360, commits[056ae293-26b5-4d67-bc5d-e905a6760a80:c3361, a428730f-9893-43cb-a585-e65a7e8859c8:c3357, 994b73f6-7725-4304-b3a4-4941318c1d6c:c3357]
2019-07-08 19:53:24,752 INFO  client.GrpcClientProtocolClient (GrpcClientProtocolClient.java:onNext(255)) - client-B2F93226DCBB->056ae293-26b5-4d67-bc5d-e905a6760a80: receive RaftClientReply:client-B2F93226DCBB->056ae293-26b5-4d67-bc5d-e905a6760a80@group-50E32BB97A46, cid=2272, SUCCESS, logIndex=3361, commits[056ae293-26b5-4d67-bc5d-e905a6760a80:c3361, a428730f-9893-43cb-a585-e65a7e8859c8:c3357, 994b73f6-7725-4304-b3a4-4941318c1d6c:c3357]
2019-07-08 19:53:24,757 INFO  client.GrpcClientProtocolClient (GrpcClientProtocolClient.java:onNext(255)) - client-B2F93226DCBB->056ae293-26b5-4d67-bc5d-e905a6760a80: receive RaftClientReply:client-B2F93226DCBB->056ae293-26b5-4d67-bc5d-e905a6760a80@group-50E32BB97A46, cid=2273, SUCCESS, logIndex=0, commits[056ae293-26b5-4d67-bc5d-e905a6760a80:c3363, a428730f-9893-43cb-a585-e65a7e8859c8:c3361, 994b73f6-7725-4304-b3a4-4941318c1d6c:c3361]
2019-07-08 19:53:24,782 INFO  client.GrpcClientProtocolClient (GrpcClientProtocolClient.java:onNext(255)) - client-B2F93226DCBB->056ae293-26b5-4d67-bc5d-e905a6760a80: receive RaftClientReply:client-B2F93226DCBB->056ae293-26b5-4d67-bc5d-e905a6760a80@group-50E32BB97A46, cid=2274, SUCCESS, logIndex=3364, commits[056ae293-26b5-4d67-bc5d-e905a6760a80:c3367, a428730f-9893-43cb-a585-e65a7e8859c8:c3363, 994b73f6-7725-4304-b3a4-4941318c1d6c:c3361]
2019-07-08 19:53:24,783 INFO  client.GrpcClientProtocolClient (GrpcClientProtocolClient.java:onNext(255)) - client-B2F93226DCBB->056ae293-26b5-4d67-bc5d-e905a6760a80: receive RaftClientReply:client-B2F93226DCBB->056ae293-26b5-4d67-bc5d-e905a6760a80@group-50E32BB97A46, cid=2275, SUCCESS, logIndex=3365, commits[056ae293-26b5-4d67-bc5d-e905a6760a80:c3367, a428730f-9893-43cb-a585-e65a7e8859c8:c3363, 994b73f6-7725-4304-b3a4-4941318c1d6c:c3363]
2019-07-08 19:53:24,783 INFO  client.GrpcClientProtocolClient (GrpcClientProtocolClient.java:onNext(255)) - client-B2F93226DCBB->056ae293-26b5-4d67-bc5d-e905a6760a80: receive RaftClientReply:client-B2F93226DCBB->056ae293-26b5-4d67-bc5d-e905a6760a80@group-50E32BB97A46, cid=2276, SUCCESS, logIndex=3366, commits[056ae293-26b5-4d67-bc5d-e905a6760a80:c3367, a428730f-9893-43cb-a585-e65a7e8859c8:c3363, 994b73f6-7725-4304-b3a4-4941318c1d6c:c3363]
2019-07-08 19:53:24,783 INFO  client.GrpcClientProtocolClient (GrpcClientProtocolClient.java:onNext(255)) - client-B2F93226DCBB->056ae293-26b5-4d67-bc5d-e905a6760a80: receive RaftClientReply:client-B2F93226DCBB->056ae293-26b5-4d67-bc5d-e905a6760a80@group-50E32BB97A46, cid=2277, SUCCESS, logIndex=3367, commits[056ae293-26b5-4d67-bc5d-e905a6760a80:c3367, a428730f-9893-43cb-a585-e65a7e8859c8:c3363, 994b73f6-7725-4304-b3a4-4941318c1d6c:c3363]
2019-07-08 19:53:24,785 INFO  client.GrpcClientProtocolClient (GrpcClientProtocolClient.java:onNext(255)) - client-B2F93226DCBB->056ae293-26b5-4d67-bc5d-e905a6760a80: receive RaftClientReply:client-B2F93226DCBB->056ae293-26b5-4d67-bc5d-e905a6760a80@group-50E32BB97A46, cid=2278, SUCCESS, logIndex=0, commits[056ae293-26b5-4d67-bc5d-e905a6760a80:c3368, a428730f-9893-43cb-a585-e65a7e8859c8:c3365, 994b73f6-7725-4304-b3a4-4941318c1d6c:c3365]
2019-07-08 19:53:24,797 INFO  client.GrpcClientProtocolClient (GrpcClientProtocolClient.java:onNext(255)) - client-B2F93226DCBB->056ae293-26b5-4d67-bc5d-e905a6760a80: receive RaftClientReply:client-B2F93226DCBB->056ae293-26b5-4d67-bc5d-e905a6760a80@group-50E32BB97A46, cid=2279, SUCCESS, logIndex=3372, commits[056ae293-26b5-4d67-bc5d-e905a6760a80:c3373, a428730f-9893-43cb-a585-e65a7e8859c8:c3371, 994b73f6-7725-4304-b3a4-4941318c1d6c:c3371]
2019-07-08 19:53:24,797 INFO  client.GrpcClientProtocolClient (GrpcClientProtocolClient.java:onNext(255)) - client-B2F93226DCBB->056ae293-26b5-4d67-bc5d-e905a6760a80: receive RaftClientReply:client-B2F93226DCBB->056ae293-26b5-4d67-bc5d-e905a6760a80@group-50E32BB97A46, cid=2280, SUCCESS, logIndex=3373, commits[056ae293-26b5-4d67-bc5d-e905a6760a80:c3373, a428730f-9893-43cb-a585-e65a7e8859c8:c3371, 994b73f6-7725-4304-b3a4-4941318c1d6c:c3371]
2019-07-08 19:53:24,843 INFO  client.GrpcClientProtocolClient (GrpcClientProtocolClient.java:onNext(255)) - client-B2F93226DCBB->056ae293-26b5-4d67-bc5d-e905a6760a80: receive RaftClientReply:client-B2F93226DCBB->056ae293-26b5-4d67-bc5d-e905a6760a80@group-50E32BB97A46, cid=2281, SUCCESS, logIndex=3376, commits[056ae293-26b5-4d67-bc5d-e905a6760a80:c3377, a428730f-9893-43cb-a585-e65a7e8859c8:c3375, 994b73f6-7725-4304-b3a4-4941318c1d6c:c3375]
2019-07-08 19:53:24,843 INFO  client.GrpcClientProtocolClient (GrpcClientProtocolClient.java:onNext(255)) - client-B2F93226DCBB->056ae293-26b5-4d67-bc5d-e905a6760a80: receive RaftClientReply:client-B2F93226DCBB->056ae293-26b5-4d67-bc5d-e905a6760a80@group-50E32BB97A46, cid=2282, SUCCESS, logIndex=3377, commits[056ae293-26b5-4d67-bc5d-e905a6760a80:c3377, a428730f-9893-43cb-a585-e65a7e8859c8:c3375, 994b73f6-7725-4304-b3a4-4941318c1d6c:c3375]
2019-07-08 19:53:24,858 INFO  client.GrpcClientProtocolClient (GrpcClientProtocolClient.java:onNext(255)) - client-B2F93226DCBB->056ae293-26b5-4d67-bc5d-e905a6760a80: receive RaftClientReply:client-B2F93226DCBB->056ae293-26b5-4d67-bc5d-e905a6760a80@group-50E32BB97A46, cid=2283, SUCCESS, logIndex=0, commits[056ae293-26b5-4d67-bc5d-e905a6760a80:c3378, a428730f-9893-43cb-a585-e65a7e8859c8:c3377, 994b73f6-7725-4304-b3a4-4941318c1d6c:c3377]
2019-07-08 19:53:24,890 INFO  client.GrpcClientProtocolClient (GrpcClientProtocolClient.java:onNext(255)) - client-B2F93226DCBB->056ae293-26b5-4d67-bc5d-e905a6760a80: receive RaftClientReply:client-B2F93226DCBB->056ae293-26b5-4d67-bc5d-e905a6760a80@group-50E32BB97A46, cid=2284, SUCCESS, logIndex=3380, commits[056ae293-26b5-4d67-bc5d-e905a6760a80:c3381, a428730f-9893-43cb-a585-e65a7e8859c8:c3379, 994b73f6-7725-4304-b3a4-4941318c1d6c:c3379]
2019-07-08 19:53:24,891 INFO  client.GrpcClientProtocolClient (GrpcClientProtocolClient.java:onNext(255)) - client-B2F93226DCBB->056ae293-26b5-4d67-bc5d-e905a6760a80: receive RaftClientReply:client-B2F93226DCBB->056ae293-26b5-4d67-bc5d-e905a6760a80@group-50E32BB97A46, cid=2285, SUCCESS, logIndex=3381, commits[056ae293-26b5-4d67-bc5d-e905a6760a80:c3383, a428730f-9893-43cb-a585-e65a7e8859c8:c3379, 994b73f6-7725-4304-b3a4-4941318c1d6c:c3379]
2019-07-08 19:53:24,891 INFO  client.GrpcClientProtocolClient (GrpcClientProtocolClient.java:onNext(255)) - client-B2F93226DCBB->056ae293-26b5-4d67-bc5d-e905a6760a80: receive RaftClientReply:client-B2F93226DCBB->056ae293-26b5-4d67-bc5d-e905a6760a80@group-50E32BB97A46, cid=2286, SUCCESS, logIndex=3382, commits[056ae293-26b5-4d67-bc5d-e905a6760a80:c3383, a428730f-9893-43cb-a585-e65a7e8859c8:c3379, 994b73f6-7725-4304-b3a4-4941318c1d6c:c3379]
2019-07-08 19:53:24,892 INFO  client.GrpcClientProtocolClient (GrpcClientProtocolClient.java:onNext(255)) - client-B2F93226DCBB->056ae293-26b5-4d67-bc5d-e905a6760a80: receive RaftClientReply:client-B2F93226DCBB->056ae293-26b5-4d67-bc5d-e905a6760a80@group-50E32BB97A46, cid=2287, SUCCESS, logIndex=3383, commits[056ae293-26b5-4d67-bc5d-e905a6760a80:c3383, a428730f-9893-43cb-a585-e65a7e8859c8:c3379, 994b73f6-7725-4304-b3a4-4941318c1d6c:c3379]
2019-07-08 19:53:24,893 INFO  client.GrpcClientProtocolClient (GrpcClientProtocolClient.java:onNext(255)) - client-B2F93226DCBB->056ae293-26b5-4d67-bc5d-e905a6760a80: receive RaftClientReply:client-B2F93226DCBB->056ae293-26b5-4d67-bc5d-e905a6760a80@group-50E32BB97A46, cid=2288, SUCCESS, logIndex=0, commits[056ae293-26b5-4d67-bc5d-e905a6760a80:c3387, a428730f-9893-43cb-a585-e65a7e8859c8:c3381, 994b73f6-7725-4304-b3a4-4941318c1d6c:c3383]
2019-07-08 19:53:24,914 INFO  client.GrpcClientProtocolClient (GrpcClientProtocolClient.java:onNext(255)) - client-B2F93226DCBB->056ae293-26b5-4d67-bc5d-e905a6760a80: receive RaftClientReply:client-B2F93226DCBB->056ae293-26b5-4d67-bc5d-e905a6760a80@group-50E32BB97A46, cid=2289, SUCCESS, logIndex=3388, commits[056ae293-26b5-4d67-bc5d-e905a6760a80:c3389, a428730f-9893-43cb-a585-e65a7e8859c8:c3387, 994b73f6-7725-4304-b3a4-4941318c1d6c:c3387]
2019-07-08 19:53:24,915 INFO  client.GrpcClientProtocolClient (GrpcClientProtocolClient.java:onNext(255)) - client-B2F93226DCBB->056ae293-26b5-4d67-bc5d-e905a6760a80: receive RaftClientReply:client-B2F93226DCBB->056ae293-26b5-4d67-bc5d-e905a6760a80@group-50E32BB97A46, cid=2290, SUCCESS, logIndex=3389, commits[056ae293-26b5-4d67-bc5d-e905a6760a80:c3389, a428730f-9893-43cb-a585-e65a7e8859c8:c3387, 994b73f6-7725-4304-b3a4-4941318c1d6c:c3387]
2019-07-08 19:53:24,928 INFO  client.GrpcClientProtocolClient (GrpcClientProtocolClient.java:onNext(255)) - client-B2F93226DCBB->056ae293-26b5-4d67-bc5d-e905a6760a80: receive RaftClientReply:client-B2F93226DCBB->056ae293-26b5-4d67-bc5d-e905a6760a80@group-50E32BB97A46, cid=2291, SUCCESS, logIndex=3392, commits[056ae293-26b5-4d67-bc5d-e905a6760a80:c3393, a428730f-9893-43cb-a585-e65a7e8859c8:c3388, 994b73f6-7725-4304-b3a4-4941318c1d6c:c3389]
2019-07-08 19:53:24,928 INFO  client.GrpcClientProtocolClient (GrpcClientProtocolClient.java:onNext(255)) - client-B2F93226DCBB->056ae293-26b5-4d67-bc5d-e905a6760a80: receive RaftClientReply:client-B2F93226DCBB->056ae293-26b5-4d67-bc5d-e905a6760a80@group-50E32BB97A46, cid=2292, SUCCESS, logIndex=3393, commits[056ae293-26b5-4d67-bc5d-e905a6760a80:c3393, a428730f-9893-43cb-a585-e65a7e8859c8:c3389, 994b73f6-7725-4304-b3a4-4941318c1d6c:c3389]
2019-07-08 19:53:24,930 INFO  client.GrpcClientProtocolClient (GrpcClientProtocolClient.java:onNext(255)) - client-B2F93226DCBB->056ae293-26b5-4d67-bc5d-e905a6760a80: receive RaftClientReply:client-B2F93226DCBB->056ae293-26b5-4d67-bc5d-e905a6760a80@group-50E32BB97A46, cid=2293, SUCCESS, logIndex=0, commits[056ae293-26b5-4d67-bc5d-e905a6760a80:c3395, a428730f-9893-43cb-a585-e65a7e8859c8:c3393, 994b73f6-7725-4304-b3a4-4941318c1d6c:c3393]
2019-07-08 19:53:24,959 INFO  client.GrpcClientProtocolClient (GrpcClientProtocolClient.java:onNext(255)) - client-B2F93226DCBB->056ae293-26b5-4d67-bc5d-e905a6760a80: receive RaftClientReply:client-B2F93226DCBB->056ae293-26b5-4d67-bc5d-e905a6760a80@group-50E32BB97A46, cid=2294, SUCCESS, logIndex=3396, commits[056ae293-26b5-4d67-bc5d-e905a6760a80:c3397, a428730f-9893-43cb-a585-e65a7e8859c8:c3395, 994b73f6-7725-4304-b3a4-4941318c1d6c:c3395]
2019-07-08 19:53:24,959 INFO  client.GrpcClientProtocolClient (GrpcClientProtocolClient.java:onNext(255)) - client-B2F93226DCBB->056ae293-26b5-4d67-bc5d-e905a6760a80: receive RaftClientReply:client-B2F93226DCBB->056ae293-26b5-4d67-bc5d-e905a6760a80@group-50E32BB97A46, cid=2295, SUCCESS, logIndex=3397, commits[056ae293-26b5-4d67-bc5d-e905a6760a80:c3398, a428730f-9893-43cb-a585-e65a7e8859c8:c3395, 994b73f6-7725-4304-b3a4-4941318c1d6c:c3395]
2019-07-08 19:53:24,960 INFO  client.GrpcClientProtocolClient (GrpcClientProtocolClient.java:onNext(255)) - client-B2F93226DCBB->056ae293-26b5-4d67-bc5d-e905a6760a80: receive RaftClientReply:client-B2F93226DCBB->056ae293-26b5-4d67-bc5d-e905a6760a80@group-50E32BB97A46, cid=2296, SUCCESS, logIndex=3398, commits[056ae293-26b5-4d67-bc5d-e905a6760a80:c3399, a428730f-9893-43cb-a585-e65a7e8859c8:c3395, 994b73f6-7725-4304-b3a4-4941318c1d6c:c3395]
2019-07-08 19:53:24,960 INFO  client.GrpcClientProtocolClient (GrpcClientProtocolClient.java:onNext(255)) - client-B2F93226DCBB->056ae293-26b5-4d67-bc5d-e905a6760a80: receive RaftClientReply:client-B2F93226DCBB->056ae293-26b5-4d67-bc5d-e905a6760a80@group-50E32BB97A46, cid=2297, SUCCESS, logIndex=3399, commits[056ae293-26b5-4d67-bc5d-e905a6760a80:c3399, a428730f-9893-43cb-a585-e65a7e8859c8:c3395, 994b73f6-7725-4304-b3a4-4941318c1d6c:c3395]
2019-07-08 19:53:24,961 INFO  client.GrpcClientProtocolClient (GrpcClientProtocolClient.java:onNext(255)) - client-B2F93226DCBB->056ae293-26b5-4d67-bc5d-e905a6760a80: receive RaftClientReply:client-B2F93226DCBB->056ae293-26b5-4d67-bc5d-e905a6760a80@group-50E32BB97A46, cid=2298, SUCCESS, logIndex=0, commits[056ae293-26b5-4d67-bc5d-e905a6760a80:c3402, a428730f-9893-43cb-a585-e65a7e8859c8:c3397, 994b73f6-7725-4304-b3a4-4941318c1d6c:c3398]
2019-07-08 19:53:24,982 INFO  client.GrpcClientProtocolClient (GrpcClientProtocolClient.java:onNext(255)) - client-B2F93226DCBB->056ae293-26b5-4d67-bc5d-e905a6760a80: receive RaftClientReply:client-B2F93226DCBB->056ae293-26b5-4d67-bc5d-e905a6760a80@group-50E32BB97A46, cid=2299, SUCCESS, logIndex=3404, commits[056ae293-26b5-4d67-bc5d-e905a6760a80:c3405, a428730f-9893-43cb-a585-e65a7e8859c8:c3403, 994b73f6-7725-4304-b3a4-4941318c1d6c:c3403]
2019-07-08 19:53:24,982 INFO  client.GrpcClientProtocolClient (GrpcClientProtocolClient.java:onNext(255)) - client-B2F93226DCBB->056ae293-26b5-4d67-bc5d-e905a6760a80: receive RaftClientReply:client-B2F93226DCBB->056ae293-26b5-4d67-bc5d-e905a6760a80@group-50E32BB97A46, cid=2300, SUCCESS, logIndex=3405, commits[056ae293-26b5-4d67-bc5d-e905a6760a80:c3405, a428730f-9893-43cb-a585-e65a7e8859c8:c3403, 994b73f6-7725-4304-b3a4-4941318c1d6c:c3403]
2019-07-08 19:53:24,997 INFO  client.GrpcClientProtocolClient (GrpcClientProtocolClient.java:onNext(255)) - client-B2F93226DCBB->056ae293-26b5-4d67-bc5d-e905a6760a80: receive RaftClientReply:client-B2F93226DCBB->056ae293-26b5-4d67-bc5d-e905a6760a80@group-50E32BB97A46, cid=2301, SUCCESS, logIndex=3408, commits[056ae293-26b5-4d67-bc5d-e905a6760a80:c3409, a428730f-9893-43cb-a585-e65a7e8859c8:c3405, 994b73f6-7725-4304-b3a4-4941318c1d6c:c3405]
2019-07-08 19:53:24,997 INFO  client.GrpcClientProtocolClient (GrpcClientProtocolClient.java:onNext(255)) - client-B2F93226DCBB->056ae293-26b5-4d67-bc5d-e905a6760a80: receive RaftClientReply:client-B2F93226DCBB->056ae293-26b5-4d67-bc5d-e905a6760a80@group-50E32BB97A46, cid=2302, SUCCESS, logIndex=3409, commits[056ae293-26b5-4d67-bc5d-e905a6760a80:c3409, a428730f-9893-43cb-a585-e65a7e8859c8:c3405, 994b73f6-7725-4304-b3a4-4941318c1d6c:c3405]
2019-07-08 19:53:25,012 INFO  client.GrpcClientProtocolClient (GrpcClientProtocolClient.java:onNext(255)) - client-B2F93226DCBB->056ae293-26b5-4d67-bc5d-e905a6760a80: receive RaftClientReply:client-B2F93226DCBB->056ae293-26b5-4d67-bc5d-e905a6760a80@group-50E32BB97A46, cid=2303, SUCCESS, logIndex=0, commits[056ae293-26b5-4d67-bc5d-e905a6760a80:c3411, a428730f-9893-43cb-a585-e65a7e8859c8:c3409, 994b73f6-7725-4304-b3a4-4941318c1d6c:c3409]
2019-07-08 19:53:25,040 INFO  client.GrpcClientProtocolClient (GrpcClientProtocolClient.java:onNext(255)) - client-B2F93226DCBB->056ae293-26b5-4d67-bc5d-e905a6760a80: receive RaftClientReply:client-B2F93226DCBB->056ae293-26b5-4d67-bc5d-e905a6760a80@group-50E32BB97A46, cid=2304, SUCCESS, logIndex=3412, commits[056ae293-26b5-4d67-bc5d-e905a6760a80:c3413, a428730f-9893-43cb-a585-e65a7e8859c8:c3411, 994b73f6-7725-4304-b3a4-4941318c1d6c:c3411]
2019-07-08 19:53:25,041 INFO  client.GrpcClientProtocolClient (GrpcClientProtocolClient.java:onNext(255)) - client-B2F93226DCBB->056ae293-26b5-4d67-bc5d-e905a6760a80: receive RaftClientReply:client-B2F93226DCBB->056ae293-26b5-4d67-bc5d-e905a6760a80@group-50E32BB97A46, cid=2305, SUCCESS, logIndex=3413, commits[056ae293-26b5-4d67-bc5d-e905a6760a80:c3414, a428730f-9893-43cb-a585-e65a7e8859c8:c3411, 994b73f6-7725-4304-b3a4-4941318c1d6c:c3411]
2019-07-08 19:53:25,041 INFO  client.GrpcClientProtocolClient (GrpcClientProtocolClient.java:onNext(255)) - client-B2F93226DCBB->056ae293-26b5-4d67-bc5d-e905a6760a80: receive RaftClientReply:client-B2F93226DCBB->056ae293-26b5-4d67-bc5d-e905a6760a80@group-50E32BB97A46, cid=2306, SUCCESS, logIndex=3414, commits[056ae293-26b5-4d67-bc5d-e905a6760a80:c3415, a428730f-9893-43cb-a585-e65a7e8859c8:c3411, 994b73f6-7725-4304-b3a4-4941318c1d6c:c3411]
2019-07-08 19:53:25,042 INFO  client.GrpcClientProtocolClient (GrpcClientProtocolClient.java:onNext(255)) - client-B2F93226DCBB->056ae293-26b5-4d67-bc5d-e905a6760a80: receive RaftClientReply:client-B2F93226DCBB->056ae293-26b5-4d67-bc5d-e905a6760a80@group-50E32BB97A46, cid=2307, SUCCESS, logIndex=3415, commits[056ae293-26b5-4d67-bc5d-e905a6760a80:c3415, a428730f-9893-43cb-a585-e65a7e8859c8:c3411, 994b73f6-7725-4304-b3a4-4941318c1d6c:c3411]
2019-07-08 19:53:25,055 INFO  client.GrpcClientProtocolClient (GrpcClientProtocolClient.java:onNext(255)) - client-B2F93226DCBB->056ae293-26b5-4d67-bc5d-e905a6760a80: receive RaftClientReply:client-B2F93226DCBB->056ae293-26b5-4d67-bc5d-e905a6760a80@group-50E32BB97A46, cid=2308, SUCCESS, logIndex=0, commits[056ae293-26b5-4d67-bc5d-e905a6760a80:c3417, a428730f-9893-43cb-a585-e65a7e8859c8:c3413, 994b73f6-7725-4304-b3a4-4941318c1d6c:c3413]
2019-07-08 19:53:25,077 INFO  client.GrpcClientProtocolClient (GrpcClientProtocolClient.java:onNext(255)) - client-B2F93226DCBB->056ae293-26b5-4d67-bc5d-e905a6760a80: receive RaftClientReply:client-B2F93226DCBB->056ae293-26b5-4d67-bc5d-e905a6760a80@group-50E32BB97A46, cid=2309, SUCCESS, logIndex=3420, commits[056ae293-26b5-4d67-bc5d-e905a6760a80:c3421, a428730f-9893-43cb-a585-e65a7e8859c8:c3419, 994b73f6-7725-4304-b3a4-4941318c1d6c:c3419]
2019-07-08 19:53:25,077 INFO  client.GrpcClientProtocolClient (GrpcClientProtocolClient.java:onNext(255)) - client-B2F93226DCBB->056ae293-26b5-4d67-bc5d-e905a6760a80: receive RaftClientReply:client-B2F93226DCBB->056ae293-26b5-4d67-bc5d-e905a6760a80@group-50E32BB97A46, cid=2310, SUCCESS, logIndex=3421, commits[056ae293-26b5-4d67-bc5d-e905a6760a80:c3421, a428730f-9893-43cb-a585-e65a7e8859c8:c3419, 994b73f6-7725-4304-b3a4-4941318c1d6c:c3419]
2019-07-08 19:53:25,091 INFO  client.GrpcClientProtocolClient (GrpcClientProtocolClient.java:onNext(255)) - client-B2F93226DCBB->056ae293-26b5-4d67-bc5d-e905a6760a80: receive RaftClientReply:client-B2F93226DCBB->056ae293-26b5-4d67-bc5d-e905a6760a80@group-50E32BB97A46, cid=2311, SUCCESS, logIndex=3424, commits[056ae293-26b5-4d67-bc5d-e905a6760a80:c3425, a428730f-9893-43cb-a585-e65a7e8859c8:c3421, 994b73f6-7725-4304-b3a4-4941318c1d6c:c3421]
2019-07-08 19:53:25,091 INFO  client.GrpcClientProtocolClient (GrpcClientProtocolClient.java:onNext(255)) - client-B2F93226DCBB->056ae293-26b5-4d67-bc5d-e905a6760a80: receive RaftClientReply:client-B2F93226DCBB->056ae293-26b5-4d67-bc5d-e905a6760a80@group-50E32BB97A46, cid=2312, SUCCESS, logIndex=3425, commits[056ae293-26b5-4d67-bc5d-e905a6760a80:c3425, a428730f-9893-43cb-a585-e65a7e8859c8:c3421, 994b73f6-7725-4304-b3a4-4941318c1d6c:c3421]
2019-07-08 19:53:25,103 INFO  client.GrpcClientProtocolClient (GrpcClientProtocolClient.java:onNext(255)) - client-B2F93226DCBB->056ae293-26b5-4d67-bc5d-e905a6760a80: receive RaftClientReply:client-B2F93226DCBB->056ae293-26b5-4d67-bc5d-e905a6760a80@group-50E32BB97A46, cid=2313, SUCCESS, logIndex=0, commits[056ae293-26b5-4d67-bc5d-e905a6760a80:c3427, a428730f-9893-43cb-a585-e65a7e8859c8:c3425, 994b73f6-7725-4304-b3a4-4941318c1d6c:c3425]
2019-07-08 19:53:25,132 INFO  client.GrpcClientProtocolClient (GrpcClientProtocolClient.java:onNext(255)) - client-B2F93226DCBB->056ae293-26b5-4d67-bc5d-e905a6760a80: receive RaftClientReply:client-B2F93226DCBB->056ae293-26b5-4d67-bc5d-e905a6760a80@group-50E32BB97A46, cid=2314, SUCCESS, logIndex=3428, commits[056ae293-26b5-4d67-bc5d-e905a6760a80:c3429, a428730f-9893-43cb-a585-e65a7e8859c8:c3427, 994b73f6-7725-4304-b3a4-4941318c1d6c:c3427]
2019-07-08 19:53:25,132 INFO  client.GrpcClientProtocolClient (GrpcClientProtocolClient.java:onNext(255)) - client-B2F93226DCBB->056ae293-26b5-4d67-bc5d-e905a6760a80: receive RaftClientReply:client-B2F93226DCBB->056ae293-26b5-4d67-bc5d-e905a6760a80@group-50E32BB97A46, cid=2315, SUCCESS, logIndex=3429, commits[056ae293-26b5-4d67-bc5d-e905a6760a80:c3429, a428730f-9893-43cb-a585-e65a7e8859c8:c3427, 994b73f6-7725-4304-b3a4-4941318c1d6c:c3427]
2019-07-08 19:53:25,133 INFO  client.GrpcClientProtocolClient (GrpcClientProtocolClient.java:onNext(255)) - client-B2F93226DCBB->056ae293-26b5-4d67-bc5d-e905a6760a80: receive RaftClientReply:client-B2F93226DCBB->056ae293-26b5-4d67-bc5d-e905a6760a80@group-50E32BB97A46, cid=2316, SUCCESS, logIndex=3430, commits[056ae293-26b5-4d67-bc5d-e905a6760a80:c3431, a428730f-9893-43cb-a585-e65a7e8859c8:c3427, 994b73f6-7725-4304-b3a4-4941318c1d6c:c3427]
2019-07-08 19:53:25,133 INFO  client.GrpcClientProtocolClient (GrpcClientProtocolClient.java:onNext(255)) - client-B2F93226DCBB->056ae293-26b5-4d67-bc5d-e905a6760a80: receive RaftClientReply:client-B2F93226DCBB->056ae293-26b5-4d67-bc5d-e905a6760a80@group-50E32BB97A46, cid=2317, SUCCESS, logIndex=3431, commits[056ae293-26b5-4d67-bc5d-e905a6760a80:c3431, a428730f-9893-43cb-a585-e65a7e8859c8:c3427, 994b73f6-7725-4304-b3a4-4941318c1d6c:c3427]
2019-07-08 19:53:25,135 INFO  client.GrpcClientProtocolClient (GrpcClientProtocolClient.java:onNext(255)) - client-B2F93226DCBB->056ae293-26b5-4d67-bc5d-e905a6760a80: receive RaftClientReply:client-B2F93226DCBB->056ae293-26b5-4d67-bc5d-e905a6760a80@group-50E32BB97A46, cid=2318, SUCCESS, logIndex=0, commits[056ae293-26b5-4d67-bc5d-e905a6760a80:c3433, a428730f-9893-43cb-a585-e65a7e8859c8:c3430, 994b73f6-7725-4304-b3a4-4941318c1d6c:c3429]
2019-07-08 19:53:25,153 INFO  client.GrpcClientProtocolClient (GrpcClientProtocolClient.java:onNext(255)) - client-B2F93226DCBB->056ae293-26b5-4d67-bc5d-e905a6760a80: receive RaftClientReply:client-B2F93226DCBB->056ae293-26b5-4d67-bc5d-e905a6760a80@group-50E32BB97A46, cid=2319, SUCCESS, logIndex=3436, commits[056ae293-26b5-4d67-bc5d-e905a6760a80:c3437, a428730f-9893-43cb-a585-e65a7e8859c8:c3435, 994b73f6-7725-4304-b3a4-4941318c1d6c:c3435]
2019-07-08 19:53:25,154 INFO  client.GrpcClientProtocolClient (GrpcClientProtocolClient.java:onNext(255)) - client-B2F93226DCBB->056ae293-26b5-4d67-bc5d-e905a6760a80: receive RaftClientReply:client-B2F93226DCBB->056ae293-26b5-4d67-bc5d-e905a6760a80@group-50E32BB97A46, cid=2320, SUCCESS, logIndex=3437, commits[056ae293-26b5-4d67-bc5d-e905a6760a80:c3437, a428730f-9893-43cb-a585-e65a7e8859c8:c3435, 994b73f6-7725-4304-b3a4-4941318c1d6c:c3435]
2019-07-08 19:53:25,167 INFO  client.GrpcClientProtocolClient (GrpcClientProtocolClient.java:onNext(255)) - client-B2F93226DCBB->056ae293-26b5-4d67-bc5d-e905a6760a80: receive RaftClientReply:client-B2F93226DCBB->056ae293-26b5-4d67-bc5d-e905a6760a80@group-50E32BB97A46, cid=2321, SUCCESS, logIndex=3440, commits[056ae293-26b5-4d67-bc5d-e905a6760a80:c3441, a428730f-9893-43cb-a585-e65a7e8859c8:c3437, 994b73f6-7725-4304-b3a4-4941318c1d6c:c3437]
2019-07-08 19:53:25,167 INFO  client.GrpcClientProtocolClient (GrpcClientProtocolClient.java:onNext(255)) - client-B2F93226DCBB->056ae293-26b5-4d67-bc5d-e905a6760a80: receive RaftClientReply:client-B2F93226DCBB->056ae293-26b5-4d67-bc5d-e905a6760a80@group-50E32BB97A46, cid=2322, SUCCESS, logIndex=3441, commits[056ae293-26b5-4d67-bc5d-e905a6760a80:c3441, a428730f-9893-43cb-a585-e65a7e8859c8:c3437, 994b73f6-7725-4304-b3a4-4941318c1d6c:c3437]
2019-07-08 19:53:25,181 INFO  client.GrpcClientProtocolClient (GrpcClientProtocolClient.java:onNext(255)) - client-B2F93226DCBB->056ae293-26b5-4d67-bc5d-e905a6760a80: receive RaftClientReply:client-B2F93226DCBB->056ae293-26b5-4d67-bc5d-e905a6760a80@group-50E32BB97A46, cid=2323, SUCCESS, logIndex=0, commits[056ae293-26b5-4d67-bc5d-e905a6760a80:c3443, a428730f-9893-43cb-a585-e65a7e8859c8:c3441, 994b73f6-7725-4304-b3a4-4941318c1d6c:c3441]
2019-07-08 19:53:25,210 INFO  client.GrpcClientProtocolClient (GrpcClientProtocolClient.java:onNext(255)) - client-B2F93226DCBB->056ae293-26b5-4d67-bc5d-e905a6760a80: receive RaftClientReply:client-B2F93226DCBB->056ae293-26b5-4d67-bc5d-e905a6760a80@group-50E32BB97A46, cid=2324, SUCCESS, logIndex=3444, commits[056ae293-26b5-4d67-bc5d-e905a6760a80:c3445, a428730f-9893-43cb-a585-e65a7e8859c8:c3443, 994b73f6-7725-4304-b3a4-4941318c1d6c:c3443]
2019-07-08 19:53:25,210 INFO  client.GrpcClientProtocolClient (GrpcClientProtocolClient.java:onNext(255)) - client-B2F93226DCBB->056ae293-26b5-4d67-bc5d-e905a6760a80: receive RaftClientReply:client-B2F93226DCBB->056ae293-26b5-4d67-bc5d-e905a6760a80@group-50E32BB97A46, cid=2325, SUCCESS, logIndex=3445, commits[056ae293-26b5-4d67-bc5d-e905a6760a80:c3445, a428730f-9893-43cb-a585-e65a7e8859c8:c3443, 994b73f6-7725-4304-b3a4-4941318c1d6c:c3443]
2019-07-08 19:53:25,221 INFO  client.GrpcClientProtocolClient (GrpcClientProtocolClient.java:onNext(255)) - client-B2F93226DCBB->056ae293-26b5-4d67-bc5d-e905a6760a80: receive RaftClientReply:client-B2F93226DCBB->056ae293-26b5-4d67-bc5d-e905a6760a80@group-50E32BB97A46, cid=2326, SUCCESS, logIndex=3446, commits[056ae293-26b5-4d67-bc5d-e905a6760a80:c3447, a428730f-9893-43cb-a585-e65a7e8859c8:c3443, 994b73f6-7725-4304-b3a4-4941318c1d6c:c3443]
2019-07-08 19:53:25,221 INFO  client.GrpcClientProtocolClient (GrpcClientProtocolClient.java:onNext(255)) - client-B2F93226DCBB->056ae293-26b5-4d67-bc5d-e905a6760a80: receive RaftClientReply:client-B2F93226DCBB->056ae293-26b5-4d67-bc5d-e905a6760a80@group-50E32BB97A46, cid=2327, SUCCESS, logIndex=3447, commits[056ae293-26b5-4d67-bc5d-e905a6760a80:c3447, a428730f-9893-43cb-a585-e65a7e8859c8:c3443, 994b73f6-7725-4304-b3a4-4941318c1d6c:c3443]
2019-07-08 19:53:25,224 INFO  client.GrpcClientProtocolClient (GrpcClientProtocolClient.java:onNext(255)) - client-B2F93226DCBB->056ae293-26b5-4d67-bc5d-e905a6760a80: receive RaftClientReply:client-B2F93226DCBB->056ae293-26b5-4d67-bc5d-e905a6760a80@group-50E32BB97A46, cid=2328, SUCCESS, logIndex=0, commits[056ae293-26b5-4d67-bc5d-e905a6760a80:c3449, a428730f-9893-43cb-a585-e65a7e8859c8:c3445, 994b73f6-7725-4304-b3a4-4941318c1d6c:c3445]
2019-07-08 19:53:25,239 INFO  client.GrpcClientProtocolClient (GrpcClientProtocolClient.java:onNext(255)) - client-B2F93226DCBB->056ae293-26b5-4d67-bc5d-e905a6760a80: receive RaftClientReply:client-B2F93226DCBB->056ae293-26b5-4d67-bc5d-e905a6760a80@group-50E32BB97A46, cid=2329, SUCCESS, logIndex=3452, commits[056ae293-26b5-4d67-bc5d-e905a6760a80:c3453, a428730f-9893-43cb-a585-e65a7e8859c8:c3449, 994b73f6-7725-4304-b3a4-4941318c1d6c:c3447]
2019-07-08 19:53:25,239 INFO  client.GrpcClientProtocolClient (GrpcClientProtocolClient.java:onNext(255)) - client-B2F93226DCBB->056ae293-26b5-4d67-bc5d-e905a6760a80: receive RaftClientReply:client-B2F93226DCBB->056ae293-26b5-4d67-bc5d-e905a6760a80@group-50E32BB97A46, cid=2330, SUCCESS, logIndex=3453, commits[056ae293-26b5-4d67-bc5d-e905a6760a80:c3453, a428730f-9893-43cb-a585-e65a7e8859c8:c3449, 994b73f6-7725-4304-b3a4-4941318c1d6c:c3447]
2019-07-08 19:53:25,334 INFO  client.GrpcClientProtocolClient (GrpcClientProtocolClient.java:onNext(255)) - client-B2F93226DCBB->056ae293-26b5-4d67-bc5d-e905a6760a80: receive RaftClientReply:client-B2F93226DCBB->056ae293-26b5-4d67-bc5d-e905a6760a80@group-50E32BB97A46, cid=2331, SUCCESS, logIndex=3455, commits[056ae293-26b5-4d67-bc5d-e905a6760a80:c3455, a428730f-9893-43cb-a585-e65a7e8859c8:c3453, 994b73f6-7725-4304-b3a4-4941318c1d6c:c3453]
2019-07-08 19:53:25,334 INFO  client.GrpcClientProtocolClient (GrpcClientProtocolClient.java:onNext(255)) - client-B2F93226DCBB->056ae293-26b5-4d67-bc5d-e905a6760a80: receive RaftClientReply:client-B2F93226DCBB->056ae293-26b5-4d67-bc5d-e905a6760a80@group-50E32BB97A46, cid=2332, SUCCESS, logIndex=3456, commits[056ae293-26b5-4d67-bc5d-e905a6760a80:c3457, a428730f-9893-43cb-a585-e65a7e8859c8:c3453, 994b73f6-7725-4304-b3a4-4941318c1d6c:c3455]
2019-07-08 19:53:25,345 INFO  client.GrpcClientProtocolClient (GrpcClientProtocolClient.java:onNext(255)) - client-B2F93226DCBB->056ae293-26b5-4d67-bc5d-e905a6760a80: receive RaftClientReply:client-B2F93226DCBB->056ae293-26b5-4d67-bc5d-e905a6760a80@group-50E32BB97A46, cid=2333, SUCCESS, logIndex=0, commits[056ae293-26b5-4d67-bc5d-e905a6760a80:c3458, a428730f-9893-43cb-a585-e65a7e8859c8:c3457, 994b73f6-7725-4304-b3a4-4941318c1d6c:c3457]
2019-07-08 19:53:25,385 INFO  client.GrpcClientProtocolClient (GrpcClientProtocolClient.java:onNext(255)) - client-B2F93226DCBB->056ae293-26b5-4d67-bc5d-e905a6760a80: receive RaftClientReply:client-B2F93226DCBB->056ae293-26b5-4d67-bc5d-e905a6760a80@group-50E32BB97A46, cid=2334, SUCCESS, logIndex=3459, commits[056ae293-26b5-4d67-bc5d-e905a6760a80:c3460, a428730f-9893-43cb-a585-e65a7e8859c8:c3457, 994b73f6-7725-4304-b3a4-4941318c1d6c:c3458]
2019-07-08 19:53:25,386 INFO  client.GrpcClientProtocolClient (GrpcClientProtocolClient.java:onNext(255)) - client-B2F93226DCBB->056ae293-26b5-4d67-bc5d-e905a6760a80: receive RaftClientReply:client-B2F93226DCBB->056ae293-26b5-4d67-bc5d-e905a6760a80@group-50E32BB97A46, cid=2335, SUCCESS, logIndex=3460, commits[056ae293-26b5-4d67-bc5d-e905a6760a80:c3460, a428730f-9893-43cb-a585-e65a7e8859c8:c3457, 994b73f6-7725-4304-b3a4-4941318c1d6c:c3458]
2019-07-08 19:53:25,387 INFO  client.GrpcClientProtocolClient (GrpcClientProtocolClient.java:onNext(255)) - client-B2F93226DCBB->056ae293-26b5-4d67-bc5d-e905a6760a80: receive RaftClientReply:client-B2F93226DCBB->056ae293-26b5-4d67-bc5d-e905a6760a80@group-50E32BB97A46, cid=2336, SUCCESS, logIndex=3461, commits[056ae293-26b5-4d67-bc5d-e905a6760a80:c3461, a428730f-9893-43cb-a585-e65a7e8859c8:c3458, 994b73f6-7725-4304-b3a4-4941318c1d6c:c3458]
2019-07-08 19:53:25,387 INFO  client.GrpcClientProtocolClient (GrpcClientProtocolClient.java:onNext(255)) - client-B2F93226DCBB->056ae293-26b5-4d67-bc5d-e905a6760a80: receive RaftClientReply:client-B2F93226DCBB->056ae293-26b5-4d67-bc5d-e905a6760a80@group-50E32BB97A46, cid=2337, SUCCESS, logIndex=3462, commits[056ae293-26b5-4d67-bc5d-e905a6760a80:c3462, a428730f-9893-43cb-a585-e65a7e8859c8:c3458, 994b73f6-7725-4304-b3a4-4941318c1d6c:c3458]
2019-07-08 19:53:25,388 INFO  client.GrpcClientProtocolClient (GrpcClientProtocolClient.java:onNext(255)) - client-B2F93226DCBB->056ae293-26b5-4d67-bc5d-e905a6760a80: receive RaftClientReply:client-B2F93226DCBB->056ae293-26b5-4d67-bc5d-e905a6760a80@group-50E32BB97A46, cid=2338, SUCCESS, logIndex=0, commits[056ae293-26b5-4d67-bc5d-e905a6760a80:c3464, a428730f-9893-43cb-a585-e65a7e8859c8:c3460, 994b73f6-7725-4304-b3a4-4941318c1d6c:c3460]
2019-07-08 19:53:25,410 INFO  client.GrpcClientProtocolClient (GrpcClientProtocolClient.java:onNext(255)) - client-B2F93226DCBB->056ae293-26b5-4d67-bc5d-e905a6760a80: receive RaftClientReply:client-B2F93226DCBB->056ae293-26b5-4d67-bc5d-e905a6760a80@group-50E32BB97A46, cid=2339, SUCCESS, logIndex=3467, commits[056ae293-26b5-4d67-bc5d-e905a6760a80:c3468, a428730f-9893-43cb-a585-e65a7e8859c8:c3466, 994b73f6-7725-4304-b3a4-4941318c1d6c:c3466]
2019-07-08 19:53:25,410 INFO  client.GrpcClientProtocolClient (GrpcClientProtocolClient.java:onNext(255)) - client-B2F93226DCBB->056ae293-26b5-4d67-bc5d-e905a6760a80: receive RaftClientReply:client-B2F93226DCBB->056ae293-26b5-4d67-bc5d-e905a6760a80@group-50E32BB97A46, cid=2340, SUCCESS, logIndex=3468, commits[056ae293-26b5-4d67-bc5d-e905a6760a80:c3468, a428730f-9893-43cb-a585-e65a7e8859c8:c3466, 994b73f6-7725-4304-b3a4-4941318c1d6c:c3466]
2019-07-08 19:53:25,423 INFO  client.GrpcClientProtocolClient (GrpcClientProtocolClient.java:onNext(255)) - client-B2F93226DCBB->056ae293-26b5-4d67-bc5d-e905a6760a80: receive RaftClientReply:client-B2F93226DCBB->056ae293-26b5-4d67-bc5d-e905a6760a80@group-50E32BB97A46, cid=2341, SUCCESS, logIndex=3471, commits[056ae293-26b5-4d67-bc5d-e905a6760a80:c3472, a428730f-9893-43cb-a585-e65a7e8859c8:c3468, 994b73f6-7725-4304-b3a4-4941318c1d6c:c3468]
2019-07-08 19:53:25,424 INFO  client.GrpcClientProtocolClient (GrpcClientProtocolClient.java:onNext(255)) - client-B2F93226DCBB->056ae293-26b5-4d67-bc5d-e905a6760a80: receive RaftClientReply:client-B2F93226DCBB->056ae293-26b5-4d67-bc5d-e905a6760a80@group-50E32BB97A46, cid=2342, SUCCESS, logIndex=3472, commits[056ae293-26b5-4d67-bc5d-e905a6760a80:c3472, a428730f-9893-43cb-a585-e65a7e8859c8:c3468, 994b73f6-7725-4304-b3a4-4941318c1d6c:c3468]
 0.00% |█                                                                                                    |  0/1 Time: 0:00:212019-07-08 19:53:25,440 INFO  client.GrpcClientProtocolClient (GrpcClientProtocolClient.java:onNext(255)) - client-B2F93226DCBB->056ae293-26b5-4d67-bc5d-e905a6760a80: receive RaftClientReply:client-B2F93226DCBB->056ae293-26b5-4d67-bc5d-e905a6760a80@group-50E32BB97A46, cid=2343, SUCCESS, logIndex=0, commits[056ae293-26b5-4d67-bc5d-e905a6760a80:c3474, a428730f-9893-43cb-a585-e65a7e8859c8:c3472, 994b73f6-7725-4304-b3a4-4941318c1d6c:c3472]
2019-07-08 19:53:25,470 INFO  client.GrpcClientProtocolClient (GrpcClientProtocolClient.java:onNext(255)) - client-B2F93226DCBB->056ae293-26b5-4d67-bc5d-e905a6760a80: receive RaftClientReply:client-B2F93226DCBB->056ae293-26b5-4d67-bc5d-e905a6760a80@group-50E32BB97A46, cid=2344, SUCCESS, logIndex=3475, commits[056ae293-26b5-4d67-bc5d-e905a6760a80:c3476, a428730f-9893-43cb-a585-e65a7e8859c8:c3474, 994b73f6-7725-4304-b3a4-4941318c1d6c:c3474]
2019-07-08 19:53:25,470 INFO  client.GrpcClientProtocolClient (GrpcClientProtocolClient.java:onNext(255)) - client-B2F93226DCBB->056ae293-26b5-4d67-bc5d-e905a6760a80: receive RaftClientReply:client-B2F93226DCBB->056ae293-26b5-4d67-bc5d-e905a6760a80@group-50E32BB97A46, cid=2345, SUCCESS, logIndex=3476, commits[056ae293-26b5-4d67-bc5d-e905a6760a80:c3478, a428730f-9893-43cb-a585-e65a7e8859c8:c3474, 994b73f6-7725-4304-b3a4-4941318c1d6c:c3474]
2019-07-08 19:53:25,471 INFO  client.GrpcClientProtocolClient (GrpcClientProtocolClient.java:onNext(255)) - client-B2F93226DCBB->056ae293-26b5-4d67-bc5d-e905a6760a80: receive RaftClientReply:client-B2F93226DCBB->056ae293-26b5-4d67-bc5d-e905a6760a80@group-50E32BB97A46, cid=2346, SUCCESS, logIndex=3477, commits[056ae293-26b5-4d67-bc5d-e905a6760a80:c3478, a428730f-9893-43cb-a585-e65a7e8859c8:c3474, 994b73f6-7725-4304-b3a4-4941318c1d6c:c3474]
2019-07-08 19:53:25,471 INFO  client.GrpcClientProtocolClient (GrpcClientProtocolClient.java:onNext(255)) - client-B2F93226DCBB->056ae293-26b5-4d67-bc5d-e905a6760a80: receive RaftClientReply:client-B2F93226DCBB->056ae293-26b5-4d67-bc5d-e905a6760a80@group-50E32BB97A46, cid=2347, SUCCESS, logIndex=3478, commits[056ae293-26b5-4d67-bc5d-e905a6760a80:c3478, a428730f-9893-43cb-a585-e65a7e8859c8:c3474, 994b73f6-7725-4304-b3a4-4941318c1d6c:c3474]
2019-07-08 19:53:25,484 INFO  client.GrpcClientProtocolClient (GrpcClientProtocolClient.java:onNext(255)) - client-B2F93226DCBB->056ae293-26b5-4d67-bc5d-e905a6760a80: receive RaftClientReply:client-B2F93226DCBB->056ae293-26b5-4d67-bc5d-e905a6760a80@group-50E32BB97A46, cid=2348, SUCCESS, logIndex=0, commits[056ae293-26b5-4d67-bc5d-e905a6760a80:c3480, a428730f-9893-43cb-a585-e65a7e8859c8:c3476, 994b73f6-7725-4304-b3a4-4941318c1d6c:c3476]
2019-07-08 19:53:25,504 INFO  client.GrpcClientProtocolClient (GrpcClientProtocolClient.java:onNext(255)) - client-B2F93226DCBB->056ae293-26b5-4d67-bc5d-e905a6760a80: receive RaftClientReply:client-B2F93226DCBB->056ae293-26b5-4d67-bc5d-e905a6760a80@group-50E32BB97A46, cid=2349, SUCCESS, logIndex=3482, commits[056ae293-26b5-4d67-bc5d-e905a6760a80:c3483, a428730f-9893-43cb-a585-e65a7e8859c8:c3481, 994b73f6-7725-4304-b3a4-4941318c1d6c:c3481]
2019-07-08 19:53:25,504 INFO  client.GrpcClientProtocolClient (GrpcClientProtocolClient.java:onNext(255)) - client-B2F93226DCBB->056ae293-26b5-4d67-bc5d-e905a6760a80: receive RaftClientReply:client-B2F93226DCBB->056ae293-26b5-4d67-bc5d-e905a6760a80@group-50E32BB97A46, cid=2350, SUCCESS, logIndex=3483, commits[056ae293-26b5-4d67-bc5d-e905a6760a80:c3483, a428730f-9893-43cb-a585-e65a7e8859c8:c3481, 994b73f6-7725-4304-b3a4-4941318c1d6c:c3481]
2019-07-08 19:53:25,519 INFO  client.GrpcClientProtocolClient (GrpcClientProtocolClient.java:onNext(255)) - client-B2F93226DCBB->056ae293-26b5-4d67-bc5d-e905a6760a80: receive RaftClientReply:client-B2F93226DCBB->056ae293-26b5-4d67-bc5d-e905a6760a80@group-50E32BB97A46, cid=2351, SUCCESS, logIndex=3486, commits[056ae293-26b5-4d67-bc5d-e905a6760a80:c3487, a428730f-9893-43cb-a585-e65a7e8859c8:c3482, 994b73f6-7725-4304-b3a4-4941318c1d6c:c3483]
2019-07-08 19:53:25,519 INFO  client.GrpcClientProtocolClient (GrpcClientProtocolClient.java:onNext(255)) - client-B2F93226DCBB->056ae293-26b5-4d67-bc5d-e905a6760a80: receive RaftClientReply:client-B2F93226DCBB->056ae293-26b5-4d67-bc5d-e905a6760a80@group-50E32BB97A46, cid=2352, SUCCESS, logIndex=3487, commits[056ae293-26b5-4d67-bc5d-e905a6760a80:c3487, a428730f-9893-43cb-a585-e65a7e8859c8:c3483, 994b73f6-7725-4304-b3a4-4941318c1d6c:c3483]
2019-07-08 19:53:25,533 INFO  client.GrpcClientProtocolClient (GrpcClientProtocolClient.java:onNext(255)) - client-B2F93226DCBB->056ae293-26b5-4d67-bc5d-e905a6760a80: receive RaftClientReply:client-B2F93226DCBB->056ae293-26b5-4d67-bc5d-e905a6760a80@group-50E32BB97A46, cid=2353, SUCCESS, logIndex=0, commits[056ae293-26b5-4d67-bc5d-e905a6760a80:c3489, a428730f-9893-43cb-a585-e65a7e8859c8:c3487, 994b73f6-7725-4304-b3a4-4941318c1d6c:c3487]
2019-07-08 19:53:25,556 INFO  client.GrpcClientProtocolClient (GrpcClientProtocolClient.java:onNext(255)) - client-B2F93226DCBB->056ae293-26b5-4d67-bc5d-e905a6760a80: receive RaftClientReply:client-B2F93226DCBB->056ae293-26b5-4d67-bc5d-e905a6760a80@group-50E32BB97A46, cid=2354, SUCCESS, logIndex=3490, commits[056ae293-26b5-4d67-bc5d-e905a6760a80:c3491, a428730f-9893-43cb-a585-e65a7e8859c8:c3489, 994b73f6-7725-4304-b3a4-4941318c1d6c:c3487]
2019-07-08 19:53:25,557 INFO  client.GrpcClientProtocolClient (GrpcClientProtocolClient.java:onNext(255)) - client-B2F93226DCBB->056ae293-26b5-4d67-bc5d-e905a6760a80: receive RaftClientReply:client-B2F93226DCBB->056ae293-26b5-4d67-bc5d-e905a6760a80@group-50E32BB97A46, cid=2355, SUCCESS, logIndex=3491, commits[056ae293-26b5-4d67-bc5d-e905a6760a80:c3493, a428730f-9893-43cb-a585-e65a7e8859c8:c3489, 994b73f6-7725-4304-b3a4-4941318c1d6c:c3489]
2019-07-08 19:53:25,557 INFO  client.GrpcClientProtocolClient (GrpcClientProtocolClient.java:onNext(255)) - client-B2F93226DCBB->056ae293-26b5-4d67-bc5d-e905a6760a80: receive RaftClientReply:client-B2F93226DCBB->056ae293-26b5-4d67-bc5d-e905a6760a80@group-50E32BB97A46, cid=2356, SUCCESS, logIndex=3492, commits[056ae293-26b5-4d67-bc5d-e905a6760a80:c3493, a428730f-9893-43cb-a585-e65a7e8859c8:c3489, 994b73f6-7725-4304-b3a4-4941318c1d6c:c3489]
2019-07-08 19:53:25,557 INFO  client.GrpcClientProtocolClient (GrpcClientProtocolClient.java:onNext(255)) - client-B2F93226DCBB->056ae293-26b5-4d67-bc5d-e905a6760a80: receive RaftClientReply:client-B2F93226DCBB->056ae293-26b5-4d67-bc5d-e905a6760a80@group-50E32BB97A46, cid=2357, SUCCESS, logIndex=3493, commits[056ae293-26b5-4d67-bc5d-e905a6760a80:c3493, a428730f-9893-43cb-a585-e65a7e8859c8:c3489, 994b73f6-7725-4304-b3a4-4941318c1d6c:c3489]
2019-07-08 19:53:25,558 INFO  client.GrpcClientProtocolClient (GrpcClientProtocolClient.java:onNext(255)) - client-B2F93226DCBB->056ae293-26b5-4d67-bc5d-e905a6760a80: receive RaftClientReply:client-B2F93226DCBB->056ae293-26b5-4d67-bc5d-e905a6760a80@group-50E32BB97A46, cid=2358, SUCCESS, logIndex=0, commits[056ae293-26b5-4d67-bc5d-e905a6760a80:c3494, a428730f-9893-43cb-a585-e65a7e8859c8:c3491, 994b73f6-7725-4304-b3a4-4941318c1d6c:c3491]
2019-07-08 19:53:25,572 INFO  client.GrpcClientProtocolClient (GrpcClientProtocolClient.java:onNext(255)) - client-B2F93226DCBB->056ae293-26b5-4d67-bc5d-e905a6760a80: receive RaftClientReply:client-B2F93226DCBB->056ae293-26b5-4d67-bc5d-e905a6760a80@group-50E32BB97A46, cid=2359, SUCCESS, logIndex=3496, commits[056ae293-26b5-4d67-bc5d-e905a6760a80:c3497, a428730f-9893-43cb-a585-e65a7e8859c8:c3493, 994b73f6-7725-4304-b3a4-4941318c1d6c:c3495]
2019-07-08 19:53:25,572 INFO  client.GrpcClientProtocolClient (GrpcClientProtocolClient.java:onNext(255)) - client-B2F93226DCBB->056ae293-26b5-4d67-bc5d-e905a6760a80: receive RaftClientReply:client-B2F93226DCBB->056ae293-26b5-4d67-bc5d-e905a6760a80@group-50E32BB97A46, cid=2360, SUCCESS, logIndex=3497, commits[056ae293-26b5-4d67-bc5d-e905a6760a80:c3497, a428730f-9893-43cb-a585-e65a7e8859c8:c3493, 994b73f6-7725-4304-b3a4-4941318c1d6c:c3495]
2019-07-08 19:53:25,584 INFO  client.GrpcClientProtocolClient (GrpcClientProtocolClient.java:onNext(255)) - client-B2F93226DCBB->056ae293-26b5-4d67-bc5d-e905a6760a80: receive RaftClientReply:client-B2F93226DCBB->056ae293-26b5-4d67-bc5d-e905a6760a80@group-50E32BB97A46, cid=2361, SUCCESS, logIndex=3500, commits[056ae293-26b5-4d67-bc5d-e905a6760a80:c3501, a428730f-9893-43cb-a585-e65a7e8859c8:c3497, 994b73f6-7725-4304-b3a4-4941318c1d6c:c3499]
2019-07-08 19:53:25,584 INFO  client.GrpcClientProtocolClient (GrpcClientProtocolClient.java:onNext(255)) - client-B2F93226DCBB->056ae293-26b5-4d67-bc5d-e905a6760a80: receive RaftClientReply:client-B2F93226DCBB->056ae293-26b5-4d67-bc5d-e905a6760a80@group-50E32BB97A46, cid=2362, SUCCESS, logIndex=3501, commits[056ae293-26b5-4d67-bc5d-e905a6760a80:c3501, a428730f-9893-43cb-a585-e65a7e8859c8:c3499, 994b73f6-7725-4304-b3a4-4941318c1d6c:c3499]
2019-07-08 19:53:25,587 INFO  client.GrpcClientProtocolClient (GrpcClientProtocolClient.java:onNext(255)) - client-B2F93226DCBB->056ae293-26b5-4d67-bc5d-e905a6760a80: receive RaftClientReply:client-B2F93226DCBB->056ae293-26b5-4d67-bc5d-e905a6760a80@group-50E32BB97A46, cid=2363, SUCCESS, logIndex=0, commits[056ae293-26b5-4d67-bc5d-e905a6760a80:c3502, a428730f-9893-43cb-a585-e65a7e8859c8:c3501, 994b73f6-7725-4304-b3a4-4941318c1d6c:c3501]
2019-07-08 19:53:25,610 INFO  client.GrpcClientProtocolClient (GrpcClientProtocolClient.java:onNext(255)) - client-B2F93226DCBB->056ae293-26b5-4d67-bc5d-e905a6760a80: receive RaftClientReply:client-B2F93226DCBB->056ae293-26b5-4d67-bc5d-e905a6760a80@group-50E32BB97A46, cid=2364, SUCCESS, logIndex=3504, commits[056ae293-26b5-4d67-bc5d-e905a6760a80:c3505, a428730f-9893-43cb-a585-e65a7e8859c8:c3503, 994b73f6-7725-4304-b3a4-4941318c1d6c:c3503]
2019-07-08 19:53:25,611 INFO  client.GrpcClientProtocolClient (GrpcClientProtocolClient.java:onNext(255)) - client-B2F93226DCBB->056ae293-26b5-4d67-bc5d-e905a6760a80: receive RaftClientReply:client-B2F93226DCBB->056ae293-26b5-4d67-bc5d-e905a6760a80@group-50E32BB97A46, cid=2365, SUCCESS, logIndex=3505, commits[056ae293-26b5-4d67-bc5d-e905a6760a80:c3505, a428730f-9893-43cb-a585-e65a7e8859c8:c3503, 994b73f6-7725-4304-b3a4-4941318c1d6c:c3503]
2019-07-08 19:53:25,612 INFO  client.GrpcClientProtocolClient (GrpcClientProtocolClient.java:onNext(255)) - client-B2F93226DCBB->056ae293-26b5-4d67-bc5d-e905a6760a80: receive RaftClientReply:client-B2F93226DCBB->056ae293-26b5-4d67-bc5d-e905a6760a80@group-50E32BB97A46, cid=2366, SUCCESS, logIndex=3506, commits[056ae293-26b5-4d67-bc5d-e905a6760a80:c3507, a428730f-9893-43cb-a585-e65a7e8859c8:c3503, 994b73f6-7725-4304-b3a4-4941318c1d6c:c3503]
2019-07-08 19:53:25,612 INFO  client.GrpcClientProtocolClient (GrpcClientProtocolClient.java:onNext(255)) - client-B2F93226DCBB->056ae293-26b5-4d67-bc5d-e905a6760a80: receive RaftClientReply:client-B2F93226DCBB->056ae293-26b5-4d67-bc5d-e905a6760a80@group-50E32BB97A46, cid=2367, SUCCESS, logIndex=3507, commits[056ae293-26b5-4d67-bc5d-e905a6760a80:c3507, a428730f-9893-43cb-a585-e65a7e8859c8:c3503, 994b73f6-7725-4304-b3a4-4941318c1d6c:c3503]
2019-07-08 19:53:25,614 INFO  client.GrpcClientProtocolClient (GrpcClientProtocolClient.java:onNext(255)) - client-B2F93226DCBB->056ae293-26b5-4d67-bc5d-e905a6760a80: receive RaftClientReply:client-B2F93226DCBB->056ae293-26b5-4d67-bc5d-e905a6760a80@group-50E32BB97A46, cid=2368, SUCCESS, logIndex=0, commits[056ae293-26b5-4d67-bc5d-e905a6760a80:c3509, a428730f-9893-43cb-a585-e65a7e8859c8:c3505, 994b73f6-7725-4304-b3a4-4941318c1d6c:c3505]
2019-07-08 19:53:25,630 INFO  client.GrpcClientProtocolClient (GrpcClientProtocolClient.java:onNext(255)) - client-B2F93226DCBB->056ae293-26b5-4d67-bc5d-e905a6760a80: receive RaftClientReply:client-B2F93226DCBB->056ae293-26b5-4d67-bc5d-e905a6760a80@group-50E32BB97A46, cid=2369, SUCCESS, logIndex=3512, commits[056ae293-26b5-4d67-bc5d-e905a6760a80:c3513, a428730f-9893-43cb-a585-e65a7e8859c8:c3511, 994b73f6-7725-4304-b3a4-4941318c1d6c:c3511]
2019-07-08 19:53:25,631 INFO  client.GrpcClientProtocolClient (GrpcClientProtocolClient.java:onNext(255)) - client-B2F93226DCBB->056ae293-26b5-4d67-bc5d-e905a6760a80: receive RaftClientReply:client-B2F93226DCBB->056ae293-26b5-4d67-bc5d-e905a6760a80@group-50E32BB97A46, cid=2370, SUCCESS, logIndex=3513, commits[056ae293-26b5-4d67-bc5d-e905a6760a80:c3513, a428730f-9893-43cb-a585-e65a7e8859c8:c3511, 994b73f6-7725-4304-b3a4-4941318c1d6c:c3511]
2019-07-08 19:53:25,644 INFO  client.GrpcClientProtocolClient (GrpcClientProtocolClient.java:onNext(255)) - client-B2F93226DCBB->056ae293-26b5-4d67-bc5d-e905a6760a80: receive RaftClientReply:client-B2F93226DCBB->056ae293-26b5-4d67-bc5d-e905a6760a80@group-50E32BB97A46, cid=2371, SUCCESS, logIndex=3516, commits[056ae293-26b5-4d67-bc5d-e905a6760a80:c3517, a428730f-9893-43cb-a585-e65a7e8859c8:c3512, 994b73f6-7725-4304-b3a4-4941318c1d6c:c3513]
2019-07-08 19:53:25,645 INFO  client.GrpcClientProtocolClient (GrpcClientProtocolClient.java:onNext(255)) - client-B2F93226DCBB->056ae293-26b5-4d67-bc5d-e905a6760a80: receive RaftClientReply:client-B2F93226DCBB->056ae293-26b5-4d67-bc5d-e905a6760a80@group-50E32BB97A46, cid=2372, SUCCESS, logIndex=3517, commits[056ae293-26b5-4d67-bc5d-e905a6760a80:c3517, a428730f-9893-43cb-a585-e65a7e8859c8:c3513, 994b73f6-7725-4304-b3a4-4941318c1d6c:c3513]
2019-07-08 19:53:25,649 INFO  client.GrpcClientProtocolClient (GrpcClientProtocolClient.java:onNext(255)) - client-B2F93226DCBB->056ae293-26b5-4d67-bc5d-e905a6760a80: receive RaftClientReply:client-B2F93226DCBB->056ae293-26b5-4d67-bc5d-e905a6760a80@group-50E32BB97A46, cid=2373, SUCCESS, logIndex=0, commits[056ae293-26b5-4d67-bc5d-e905a6760a80:c3519, a428730f-9893-43cb-a585-e65a7e8859c8:c3517, 994b73f6-7725-4304-b3a4-4941318c1d6c:c3517]
2019-07-08 19:53:25,676 INFO  client.GrpcClientProtocolClient (GrpcClientProtocolClient.java:onNext(255)) - client-B2F93226DCBB->056ae293-26b5-4d67-bc5d-e905a6760a80: receive RaftClientReply:client-B2F93226DCBB->056ae293-26b5-4d67-bc5d-e905a6760a80@group-50E32BB97A46, cid=2374, SUCCESS, logIndex=3520, commits[056ae293-26b5-4d67-bc5d-e905a6760a80:c3520, a428730f-9893-43cb-a585-e65a7e8859c8:c3519, 994b73f6-7725-4304-b3a4-4941318c1d6c:c3519]
2019-07-08 19:53:25,677 INFO  client.GrpcClientProtocolClient (GrpcClientProtocolClient.java:onNext(255)) - client-B2F93226DCBB->056ae293-26b5-4d67-bc5d-e905a6760a80: receive RaftClientReply:client-B2F93226DCBB->056ae293-26b5-4d67-bc5d-e905a6760a80@group-50E32BB97A46, cid=2375, SUCCESS, logIndex=3521, commits[056ae293-26b5-4d67-bc5d-e905a6760a80:c3521, a428730f-9893-43cb-a585-e65a7e8859c8:c3519, 994b73f6-7725-4304-b3a4-4941318c1d6c:c3519]
2019-07-08 19:53:25,677 INFO  client.GrpcClientProtocolClient (GrpcClientProtocolClient.java:onNext(255)) - client-B2F93226DCBB->056ae293-26b5-4d67-bc5d-e905a6760a80: receive RaftClientReply:client-B2F93226DCBB->056ae293-26b5-4d67-bc5d-e905a6760a80@group-50E32BB97A46, cid=2376, SUCCESS, logIndex=3522, commits[056ae293-26b5-4d67-bc5d-e905a6760a80:c3523, a428730f-9893-43cb-a585-e65a7e8859c8:c3519, 994b73f6-7725-4304-b3a4-4941318c1d6c:c3519]
2019-07-08 19:53:25,677 INFO  client.GrpcClientProtocolClient (GrpcClientProtocolClient.java:onNext(255)) - client-B2F93226DCBB->056ae293-26b5-4d67-bc5d-e905a6760a80: receive RaftClientReply:client-B2F93226DCBB->056ae293-26b5-4d67-bc5d-e905a6760a80@group-50E32BB97A46, cid=2377, SUCCESS, logIndex=3523, commits[056ae293-26b5-4d67-bc5d-e905a6760a80:c3523, a428730f-9893-43cb-a585-e65a7e8859c8:c3519, 994b73f6-7725-4304-b3a4-4941318c1d6c:c3519]
2019-07-08 19:53:25,679 INFO  client.GrpcClientProtocolClient (GrpcClientProtocolClient.java:onNext(255)) - client-B2F93226DCBB->056ae293-26b5-4d67-bc5d-e905a6760a80: receive RaftClientReply:client-B2F93226DCBB->056ae293-26b5-4d67-bc5d-e905a6760a80@group-50E32BB97A46, cid=2378, SUCCESS, logIndex=0, commits[056ae293-26b5-4d67-bc5d-e905a6760a80:c3525, a428730f-9893-43cb-a585-e65a7e8859c8:c3521, 994b73f6-7725-4304-b3a4-4941318c1d6c:c3521]
2019-07-08 19:53:25,700 INFO  client.GrpcClientProtocolClient (GrpcClientProtocolClient.java:onNext(255)) - client-B2F93226DCBB->056ae293-26b5-4d67-bc5d-e905a6760a80: receive RaftClientReply:client-B2F93226DCBB->056ae293-26b5-4d67-bc5d-e905a6760a80@group-50E32BB97A46, cid=2379, SUCCESS, logIndex=3528, commits[056ae293-26b5-4d67-bc5d-e905a6760a80:c3528, a428730f-9893-43cb-a585-e65a7e8859c8:c3527, 994b73f6-7725-4304-b3a4-4941318c1d6c:c3527]
2019-07-08 19:53:25,700 INFO  client.GrpcClientProtocolClient (GrpcClientProtocolClient.java:onNext(255)) - client-B2F93226DCBB->056ae293-26b5-4d67-bc5d-e905a6760a80: receive RaftClientReply:client-B2F93226DCBB->056ae293-26b5-4d67-bc5d-e905a6760a80@group-50E32BB97A46, cid=2380, SUCCESS, logIndex=3529, commits[056ae293-26b5-4d67-bc5d-e905a6760a80:c3529, a428730f-9893-43cb-a585-e65a7e8859c8:c3527, 994b73f6-7725-4304-b3a4-4941318c1d6c:c3527]
2019-07-08 19:53:25,714 INFO  client.GrpcClientProtocolClient (GrpcClientProtocolClient.java:onNext(255)) - client-B2F93226DCBB->056ae293-26b5-4d67-bc5d-e905a6760a80: receive RaftClientReply:client-B2F93226DCBB->056ae293-26b5-4d67-bc5d-e905a6760a80@group-50E32BB97A46, cid=2381, SUCCESS, logIndex=3532, commits[056ae293-26b5-4d67-bc5d-e905a6760a80:c3533, a428730f-9893-43cb-a585-e65a7e8859c8:c3529, 994b73f6-7725-4304-b3a4-4941318c1d6c:c3529]
2019-07-08 19:53:25,714 INFO  client.GrpcClientProtocolClient (GrpcClientProtocolClient.java:onNext(255)) - client-B2F93226DCBB->056ae293-26b5-4d67-bc5d-e905a6760a80: receive RaftClientReply:client-B2F93226DCBB->056ae293-26b5-4d67-bc5d-e905a6760a80@group-50E32BB97A46, cid=2382, SUCCESS, logIndex=3533, commits[056ae293-26b5-4d67-bc5d-e905a6760a80:c3533, a428730f-9893-43cb-a585-e65a7e8859c8:c3529, 994b73f6-7725-4304-b3a4-4941318c1d6c:c3529]
2019-07-08 19:53:25,726 INFO  client.GrpcClientProtocolClient (GrpcClientProtocolClient.java:onNext(255)) - client-B2F93226DCBB->056ae293-26b5-4d67-bc5d-e905a6760a80: receive RaftClientReply:client-B2F93226DCBB->056ae293-26b5-4d67-bc5d-e905a6760a80@group-50E32BB97A46, cid=2383, SUCCESS, logIndex=0, commits[056ae293-26b5-4d67-bc5d-e905a6760a80:c3534, a428730f-9893-43cb-a585-e65a7e8859c8:c3533, 994b73f6-7725-4304-b3a4-4941318c1d6c:c3533]
2019-07-08 19:53:25,756 INFO  client.GrpcClientProtocolClient (GrpcClientProtocolClient.java:onNext(255)) - client-B2F93226DCBB->056ae293-26b5-4d67-bc5d-e905a6760a80: receive RaftClientReply:client-B2F93226DCBB->056ae293-26b5-4d67-bc5d-e905a6760a80@group-50E32BB97A46, cid=2384, SUCCESS, logIndex=3536, commits[056ae293-26b5-4d67-bc5d-e905a6760a80:c3537, a428730f-9893-43cb-a585-e65a7e8859c8:c3535, 994b73f6-7725-4304-b3a4-4941318c1d6c:c3535]
2019-07-08 19:53:25,757 INFO  client.GrpcClientProtocolClient (GrpcClientProtocolClient.java:onNext(255)) - client-B2F93226DCBB->056ae293-26b5-4d67-bc5d-e905a6760a80: receive RaftClientReply:client-B2F93226DCBB->056ae293-26b5-4d67-bc5d-e905a6760a80@group-50E32BB97A46, cid=2385, SUCCESS, logIndex=3537, commits[056ae293-26b5-4d67-bc5d-e905a6760a80:c3537, a428730f-9893-43cb-a585-e65a7e8859c8:c3535, 994b73f6-7725-4304-b3a4-4941318c1d6c:c3535]
2019-07-08 19:53:25,757 INFO  client.GrpcClientProtocolClient (GrpcClientProtocolClient.java:onNext(255)) - client-B2F93226DCBB->056ae293-26b5-4d67-bc5d-e905a6760a80: receive RaftClientReply:client-B2F93226DCBB->056ae293-26b5-4d67-bc5d-e905a6760a80@group-50E32BB97A46, cid=2386, SUCCESS, logIndex=3538, commits[056ae293-26b5-4d67-bc5d-e905a6760a80:c3539, a428730f-9893-43cb-a585-e65a7e8859c8:c3535, 994b73f6-7725-4304-b3a4-4941318c1d6c:c3535]
2019-07-08 19:53:25,758 INFO  client.GrpcClientProtocolClient (GrpcClientProtocolClient.java:onNext(255)) - client-B2F93226DCBB->056ae293-26b5-4d67-bc5d-e905a6760a80: receive RaftClientReply:client-B2F93226DCBB->056ae293-26b5-4d67-bc5d-e905a6760a80@group-50E32BB97A46, cid=2387, SUCCESS, logIndex=3539, commits[056ae293-26b5-4d67-bc5d-e905a6760a80:c3539, a428730f-9893-43cb-a585-e65a7e8859c8:c3535, 994b73f6-7725-4304-b3a4-4941318c1d6c:c3535]
2019-07-08 19:53:25,760 INFO  client.GrpcClientProtocolClient (GrpcClientProtocolClient.java:onNext(255)) - client-B2F93226DCBB->056ae293-26b5-4d67-bc5d-e905a6760a80: receive RaftClientReply:client-B2F93226DCBB->056ae293-26b5-4d67-bc5d-e905a6760a80@group-50E32BB97A46, cid=2388, SUCCESS, logIndex=0, commits[056ae293-26b5-4d67-bc5d-e905a6760a80:c3541, a428730f-9893-43cb-a585-e65a7e8859c8:c3537, 994b73f6-7725-4304-b3a4-4941318c1d6c:c3537]
2019-07-08 19:53:25,786 INFO  client.GrpcClientProtocolClient (GrpcClientProtocolClient.java:onNext(255)) - client-B2F93226DCBB->056ae293-26b5-4d67-bc5d-e905a6760a80: receive RaftClientReply:client-B2F93226DCBB->056ae293-26b5-4d67-bc5d-e905a6760a80@group-50E32BB97A46, cid=2389, SUCCESS, logIndex=3544, commits[056ae293-26b5-4d67-bc5d-e905a6760a80:c3545, a428730f-9893-43cb-a585-e65a7e8859c8:c3541, 994b73f6-7725-4304-b3a4-4941318c1d6c:c3539]
2019-07-08 19:53:25,786 INFO  client.GrpcClientProtocolClient (GrpcClientProtocolClient.java:onNext(255)) - client-B2F93226DCBB->056ae293-26b5-4d67-bc5d-e905a6760a80: receive RaftClientReply:client-B2F93226DCBB->056ae293-26b5-4d67-bc5d-e905a6760a80@group-50E32BB97A46, cid=2390, SUCCESS, logIndex=3545, commits[056ae293-26b5-4d67-bc5d-e905a6760a80:c3545, a428730f-9893-43cb-a585-e65a7e8859c8:c3541, 994b73f6-7725-4304-b3a4-4941318c1d6c:c3541]
2019-07-08 19:53:25,801 INFO  client.GrpcClientProtocolClient (GrpcClientProtocolClient.java:onNext(255)) - client-B2F93226DCBB->056ae293-26b5-4d67-bc5d-e905a6760a80: receive RaftClientReply:client-B2F93226DCBB->056ae293-26b5-4d67-bc5d-e905a6760a80@group-50E32BB97A46, cid=2391, SUCCESS, logIndex=3547, commits[056ae293-26b5-4d67-bc5d-e905a6760a80:c3548, a428730f-9893-43cb-a585-e65a7e8859c8:c3545, 994b73f6-7725-4304-b3a4-4941318c1d6c:c3545]
2019-07-08 19:53:25,801 INFO  client.GrpcClientProtocolClient (GrpcClientProtocolClient.java:onNext(255)) - client-B2F93226DCBB->056ae293-26b5-4d67-bc5d-e905a6760a80: receive RaftClientReply:client-B2F93226DCBB->056ae293-26b5-4d67-bc5d-e905a6760a80@group-50E32BB97A46, cid=2392, SUCCESS, logIndex=3548, commits[056ae293-26b5-4d67-bc5d-e905a6760a80:c3548, a428730f-9893-43cb-a585-e65a7e8859c8:c3545, 994b73f6-7725-4304-b3a4-4941318c1d6c:c3545]
2019-07-08 19:53:25,805 INFO  client.GrpcClientProtocolClient (GrpcClientProtocolClient.java:onNext(255)) - client-B2F93226DCBB->056ae293-26b5-4d67-bc5d-e905a6760a80: receive RaftClientReply:client-B2F93226DCBB->056ae293-26b5-4d67-bc5d-e905a6760a80@group-50E32BB97A46, cid=2393, SUCCESS, logIndex=0, commits[056ae293-26b5-4d67-bc5d-e905a6760a80:c3549, a428730f-9893-43cb-a585-e65a7e8859c8:c3548, 994b73f6-7725-4304-b3a4-4941318c1d6c:c3548]
2019-07-08 19:53:25,826 INFO  client.GrpcClientProtocolClient (GrpcClientProtocolClient.java:onNext(255)) - client-B2F93226DCBB->056ae293-26b5-4d67-bc5d-e905a6760a80: receive RaftClientReply:client-B2F93226DCBB->056ae293-26b5-4d67-bc5d-e905a6760a80@group-50E32BB97A46, cid=2394, SUCCESS, logIndex=3551, commits[056ae293-26b5-4d67-bc5d-e905a6760a80:c3552, a428730f-9893-43cb-a585-e65a7e8859c8:c3548, 994b73f6-7725-4304-b3a4-4941318c1d6c:c3550]
2019-07-08 19:53:25,826 INFO  client.GrpcClientProtocolClient (GrpcClientProtocolClient.java:onNext(255)) - client-B2F93226DCBB->056ae293-26b5-4d67-bc5d-e905a6760a80: receive RaftClientReply:client-B2F93226DCBB->056ae293-26b5-4d67-bc5d-e905a6760a80@group-50E32BB97A46, cid=2395, SUCCESS, logIndex=3552, commits[056ae293-26b5-4d67-bc5d-e905a6760a80:c3552, a428730f-9893-43cb-a585-e65a7e8859c8:c3550, 994b73f6-7725-4304-b3a4-4941318c1d6c:c3550]
2019-07-08 19:53:25,829 INFO  client.GrpcClientProtocolClient (GrpcClientProtocolClient.java:onNext(255)) - client-B2F93226DCBB->056ae293-26b5-4d67-bc5d-e905a6760a80: receive RaftClientReply:client-B2F93226DCBB->056ae293-26b5-4d67-bc5d-e905a6760a80@group-50E32BB97A46, cid=2396, SUCCESS, logIndex=3553, commits[056ae293-26b5-4d67-bc5d-e905a6760a80:c3556, a428730f-9893-43cb-a585-e65a7e8859c8:c3550, 994b73f6-7725-4304-b3a4-4941318c1d6c:c3552]
2019-07-08 19:53:25,829 INFO  client.GrpcClientProtocolClient (GrpcClientProtocolClient.java:onNext(255)) - client-B2F93226DCBB->056ae293-26b5-4d67-bc5d-e905a6760a80: receive RaftClientReply:client-B2F93226DCBB->056ae293-26b5-4d67-bc5d-e905a6760a80@group-50E32BB97A46, cid=2397, SUCCESS, logIndex=3554, commits[056ae293-26b5-4d67-bc5d-e905a6760a80:c3556, a428730f-9893-43cb-a585-e65a7e8859c8:c3550, 994b73f6-7725-4304-b3a4-4941318c1d6c:c3552]
2019-07-08 19:53:25,830 INFO  client.GrpcClientProtocolClient (GrpcClientProtocolClient.java:onNext(255)) - client-B2F93226DCBB->056ae293-26b5-4d67-bc5d-e905a6760a80: receive RaftClientReply:client-B2F93226DCBB->056ae293-26b5-4d67-bc5d-e905a6760a80@group-50E32BB97A46, cid=2398, SUCCESS, logIndex=0, commits[056ae293-26b5-4d67-bc5d-e905a6760a80:c3557, a428730f-9893-43cb-a585-e65a7e8859c8:c3552, 994b73f6-7725-4304-b3a4-4941318c1d6c:c3554]
2019-07-08 19:53:25,867 INFO  client.GrpcClientProtocolClient (GrpcClientProtocolClient.java:onNext(255)) - client-B2F93226DCBB->056ae293-26b5-4d67-bc5d-e905a6760a80: receive RaftClientReply:client-B2F93226DCBB->056ae293-26b5-4d67-bc5d-e905a6760a80@group-50E32BB97A46, cid=2399, SUCCESS, logIndex=3559, commits[056ae293-26b5-4d67-bc5d-e905a6760a80:c3560, a428730f-9893-43cb-a585-e65a7e8859c8:c3558, 994b73f6-7725-4304-b3a4-4941318c1d6c:c3558]
2019-07-08 19:53:25,867 INFO  client.GrpcClientProtocolClient (GrpcClientProtocolClient.java:onNext(255)) - client-B2F93226DCBB->056ae293-26b5-4d67-bc5d-e905a6760a80: receive RaftClientReply:client-B2F93226DCBB->056ae293-26b5-4d67-bc5d-e905a6760a80@group-50E32BB97A46, cid=2400, SUCCESS, logIndex=3560, commits[056ae293-26b5-4d67-bc5d-e905a6760a80:c3560, a428730f-9893-43cb-a585-e65a7e8859c8:c3558, 994b73f6-7725-4304-b3a4-4941318c1d6c:c3558]
2019-07-08 19:53:25,882 INFO  client.GrpcClientProtocolClient (GrpcClientProtocolClient.java:onNext(255)) - client-B2F93226DCBB->056ae293-26b5-4d67-bc5d-e905a6760a80: receive RaftClientReply:client-B2F93226DCBB->056ae293-26b5-4d67-bc5d-e905a6760a80@group-50E32BB97A46, cid=2401, SUCCESS, logIndex=3563, commits[056ae293-26b5-4d67-bc5d-e905a6760a80:c3564, a428730f-9893-43cb-a585-e65a7e8859c8:c3560, 994b73f6-7725-4304-b3a4-4941318c1d6c:c3560]
2019-07-08 19:53:25,883 INFO  client.GrpcClientProtocolClient (GrpcClientProtocolClient.java:onNext(255)) - client-B2F93226DCBB->056ae293-26b5-4d67-bc5d-e905a6760a80: receive RaftClientReply:client-B2F93226DCBB->056ae293-26b5-4d67-bc5d-e905a6760a80@group-50E32BB97A46, cid=2402, SUCCESS, logIndex=3564, commits[056ae293-26b5-4d67-bc5d-e905a6760a80:c3564, a428730f-9893-43cb-a585-e65a7e8859c8:c3560, 994b73f6-7725-4304-b3a4-4941318c1d6c:c3560]
2019-07-08 19:53:25,897 INFO  client.GrpcClientProtocolClient (GrpcClientProtocolClient.java:onNext(255)) - client-B2F93226DCBB->056ae293-26b5-4d67-bc5d-e905a6760a80: receive RaftClientReply:client-B2F93226DCBB->056ae293-26b5-4d67-bc5d-e905a6760a80@group-50E32BB97A46, cid=2403, SUCCESS, logIndex=0, commits[056ae293-26b5-4d67-bc5d-e905a6760a80:c3566, a428730f-9893-43cb-a585-e65a7e8859c8:c3564, 994b73f6-7725-4304-b3a4-4941318c1d6c:c3564]
2019-07-08 19:53:25,928 INFO  client.GrpcClientProtocolClient (GrpcClientProtocolClient.java:onNext(255)) - client-B2F93226DCBB->056ae293-26b5-4d67-bc5d-e905a6760a80: receive RaftClientReply:client-B2F93226DCBB->056ae293-26b5-4d67-bc5d-e905a6760a80@group-50E32BB97A46, cid=2404, SUCCESS, logIndex=3567, commits[056ae293-26b5-4d67-bc5d-e905a6760a80:c3568, a428730f-9893-43cb-a585-e65a7e8859c8:c3566, 994b73f6-7725-4304-b3a4-4941318c1d6c:c3566]
2019-07-08 19:53:25,928 INFO  client.GrpcClientProtocolClient (GrpcClientProtocolClient.java:onNext(255)) - client-B2F93226DCBB->056ae293-26b5-4d67-bc5d-e905a6760a80: receive RaftClientReply:client-B2F93226DCBB->056ae293-26b5-4d67-bc5d-e905a6760a80@group-50E32BB97A46, cid=2405, SUCCESS, logIndex=3568, commits[056ae293-26b5-4d67-bc5d-e905a6760a80:c3570, a428730f-9893-43cb-a585-e65a7e8859c8:c3566, 994b73f6-7725-4304-b3a4-4941318c1d6c:c3566]
2019-07-08 19:53:25,929 INFO  client.GrpcClientProtocolClient (GrpcClientProtocolClient.java:onNext(255)) - client-B2F93226DCBB->056ae293-26b5-4d67-bc5d-e905a6760a80: receive RaftClientReply:client-B2F93226DCBB->056ae293-26b5-4d67-bc5d-e905a6760a80@group-50E32BB97A46, cid=2406, SUCCESS, logIndex=3569, commits[056ae293-26b5-4d67-bc5d-e905a6760a80:c3570, a428730f-9893-43cb-a585-e65a7e8859c8:c3566, 994b73f6-7725-4304-b3a4-4941318c1d6c:c3566]
2019-07-08 19:53:25,929 INFO  client.GrpcClientProtocolClient (GrpcClientProtocolClient.java:onNext(255)) - client-B2F93226DCBB->056ae293-26b5-4d67-bc5d-e905a6760a80: receive RaftClientReply:client-B2F93226DCBB->056ae293-26b5-4d67-bc5d-e905a6760a80@group-50E32BB97A46, cid=2407, SUCCESS, logIndex=3570, commits[056ae293-26b5-4d67-bc5d-e905a6760a80:c3570, a428730f-9893-43cb-a585-e65a7e8859c8:c3566, 994b73f6-7725-4304-b3a4-4941318c1d6c:c3566]
2019-07-08 19:53:25,941 INFO  client.GrpcClientProtocolClient (GrpcClientProtocolClient.java:onNext(255)) - client-B2F93226DCBB->056ae293-26b5-4d67-bc5d-e905a6760a80: receive RaftClientReply:client-B2F93226DCBB->056ae293-26b5-4d67-bc5d-e905a6760a80@group-50E32BB97A46, cid=2408, SUCCESS, logIndex=0, commits[056ae293-26b5-4d67-bc5d-e905a6760a80:c3572, a428730f-9893-43cb-a585-e65a7e8859c8:c3568, 994b73f6-7725-4304-b3a4-4941318c1d6c:c3568]
2019-07-08 19:53:25,965 INFO  client.GrpcClientProtocolClient (GrpcClientProtocolClient.java:onNext(255)) - client-B2F93226DCBB->056ae293-26b5-4d67-bc5d-e905a6760a80: receive RaftClientReply:client-B2F93226DCBB->056ae293-26b5-4d67-bc5d-e905a6760a80@group-50E32BB97A46, cid=2409, SUCCESS, logIndex=3575, commits[056ae293-26b5-4d67-bc5d-e905a6760a80:c3576, a428730f-9893-43cb-a585-e65a7e8859c8:c3574, 994b73f6-7725-4304-b3a4-4941318c1d6c:c3574]
2019-07-08 19:53:25,966 INFO  client.GrpcClientProtocolClient (GrpcClientProtocolClient.java:onNext(255)) - client-B2F93226DCBB->056ae293-26b5-4d67-bc5d-e905a6760a80: receive RaftClientReply:client-B2F93226DCBB->056ae293-26b5-4d67-bc5d-e905a6760a80@group-50E32BB97A46, cid=2410, SUCCESS, logIndex=3576, commits[056ae293-26b5-4d67-bc5d-e905a6760a80:c3576, a428730f-9893-43cb-a585-e65a7e8859c8:c3574, 994b73f6-7725-4304-b3a4-4941318c1d6c:c3574]
2019-07-08 19:53:25,990 INFO  client.GrpcClientProtocolClient (GrpcClientProtocolClient.java:onNext(255)) - client-B2F93226DCBB->056ae293-26b5-4d67-bc5d-e905a6760a80: receive RaftClientReply:client-B2F93226DCBB->056ae293-26b5-4d67-bc5d-e905a6760a80@group-50E32BB97A46, cid=2411, SUCCESS, logIndex=3579, commits[056ae293-26b5-4d67-bc5d-e905a6760a80:c3580, a428730f-9893-43cb-a585-e65a7e8859c8:c3576, 994b73f6-7725-4304-b3a4-4941318c1d6c:c3576]
2019-07-08 19:53:25,990 INFO  client.GrpcClientProtocolClient (GrpcClientProtocolClient.java:onNext(255)) - client-B2F93226DCBB->056ae293-26b5-4d67-bc5d-e905a6760a80: receive RaftClientReply:client-B2F93226DCBB->056ae293-26b5-4d67-bc5d-e905a6760a80@group-50E32BB97A46, cid=2412, SUCCESS, logIndex=3580, commits[056ae293-26b5-4d67-bc5d-e905a6760a80:c3580, a428730f-9893-43cb-a585-e65a7e8859c8:c3576, 994b73f6-7725-4304-b3a4-4941318c1d6c:c3576]
2019-07-08 19:53:26,005 INFO  client.GrpcClientProtocolClient (GrpcClientProtocolClient.java:onNext(255)) - client-B2F93226DCBB->056ae293-26b5-4d67-bc5d-e905a6760a80: receive RaftClientReply:client-B2F93226DCBB->056ae293-26b5-4d67-bc5d-e905a6760a80@group-50E32BB97A46, cid=2413, SUCCESS, logIndex=0, commits[056ae293-26b5-4d67-bc5d-e905a6760a80:c3582, a428730f-9893-43cb-a585-e65a7e8859c8:c3580, 994b73f6-7725-4304-b3a4-4941318c1d6c:c3580]
2019-07-08 19:53:26,031 INFO  client.GrpcClientProtocolClient (GrpcClientProtocolClient.java:onNext(255)) - client-B2F93226DCBB->056ae293-26b5-4d67-bc5d-e905a6760a80: receive RaftClientReply:client-B2F93226DCBB->056ae293-26b5-4d67-bc5d-e905a6760a80@group-50E32BB97A46, cid=2414, SUCCESS, logIndex=3583, commits[056ae293-26b5-4d67-bc5d-e905a6760a80:c3584, a428730f-9893-43cb-a585-e65a7e8859c8:c3582, 994b73f6-7725-4304-b3a4-4941318c1d6c:c3580]
2019-07-08 19:53:26,032 INFO  client.GrpcClientProtocolClient (GrpcClientProtocolClient.java:onNext(255)) - client-B2F93226DCBB->056ae293-26b5-4d67-bc5d-e905a6760a80: receive RaftClientReply:client-B2F93226DCBB->056ae293-26b5-4d67-bc5d-e905a6760a80@group-50E32BB97A46, cid=2415, SUCCESS, logIndex=3584, commits[056ae293-26b5-4d67-bc5d-e905a6760a80:c3584, a428730f-9893-43cb-a585-e65a7e8859c8:c3582, 994b73f6-7725-4304-b3a4-4941318c1d6c:c3580]
2019-07-08 19:53:26,033 INFO  client.GrpcClientProtocolClient (GrpcClientProtocolClient.java:onNext(255)) - client-B2F93226DCBB->056ae293-26b5-4d67-bc5d-e905a6760a80: receive RaftClientReply:client-B2F93226DCBB->056ae293-26b5-4d67-bc5d-e905a6760a80@group-50E32BB97A46, cid=2416, SUCCESS, logIndex=3585, commits[056ae293-26b5-4d67-bc5d-e905a6760a80:c3586, a428730f-9893-43cb-a585-e65a7e8859c8:c3582, 994b73f6-7725-4304-b3a4-4941318c1d6c:c3580]
2019-07-08 19:53:26,033 INFO  client.GrpcClientProtocolClient (GrpcClientProtocolClient.java:onNext(255)) - client-B2F93226DCBB->056ae293-26b5-4d67-bc5d-e905a6760a80: receive RaftClientReply:client-B2F93226DCBB->056ae293-26b5-4d67-bc5d-e905a6760a80@group-50E32BB97A46, cid=2417, SUCCESS, logIndex=3586, commits[056ae293-26b5-4d67-bc5d-e905a6760a80:c3586, a428730f-9893-43cb-a585-e65a7e8859c8:c3582, 994b73f6-7725-4304-b3a4-4941318c1d6c:c3580]
2019-07-08 19:53:26,037 INFO  client.GrpcClientProtocolClient (GrpcClientProtocolClient.java:onNext(255)) - client-B2F93226DCBB->056ae293-26b5-4d67-bc5d-e905a6760a80: receive RaftClientReply:client-B2F93226DCBB->056ae293-26b5-4d67-bc5d-e905a6760a80@group-50E32BB97A46, cid=2418, SUCCESS, logIndex=0, commits[056ae293-26b5-4d67-bc5d-e905a6760a80:c3588, a428730f-9893-43cb-a585-e65a7e8859c8:c3584, 994b73f6-7725-4304-b3a4-4941318c1d6c:c3584]
2019-07-08 19:53:26,158 INFO  client.GrpcClientProtocolClient (GrpcClientProtocolClient.java:onNext(255)) - client-B2F93226DCBB->056ae293-26b5-4d67-bc5d-e905a6760a80: receive RaftClientReply:client-B2F93226DCBB->056ae293-26b5-4d67-bc5d-e905a6760a80@group-50E32BB97A46, cid=2419, SUCCESS, logIndex=3591, commits[056ae293-26b5-4d67-bc5d-e905a6760a80:c3592, a428730f-9893-43cb-a585-e65a7e8859c8:c3590, 994b73f6-7725-4304-b3a4-4941318c1d6c:c3590]
2019-07-08 19:53:26,158 INFO  client.GrpcClientProtocolClient (GrpcClientProtocolClient.java:onNext(255)) - client-B2F93226DCBB->056ae293-26b5-4d67-bc5d-e905a6760a80: receive RaftClientReply:client-B2F93226DCBB->056ae293-26b5-4d67-bc5d-e905a6760a80@group-50E32BB97A46, cid=2420, SUCCESS, logIndex=3592, commits[056ae293-26b5-4d67-bc5d-e905a6760a80:c3592, a428730f-9893-43cb-a585-e65a7e8859c8:c3590, 994b73f6-7725-4304-b3a4-4941318c1d6c:c3590]
2019-07-08 19:53:26,183 INFO  client.GrpcClientProtocolClient (GrpcClientProtocolClient.java:onNext(255)) - client-B2F93226DCBB->056ae293-26b5-4d67-bc5d-e905a6760a80: receive RaftClientReply:client-B2F93226DCBB->056ae293-26b5-4d67-bc5d-e905a6760a80@group-50E32BB97A46, cid=2421, SUCCESS, logIndex=3595, commits[056ae293-26b5-4d67-bc5d-e905a6760a80:c3595, a428730f-9893-43cb-a585-e65a7e8859c8:c3592, 994b73f6-7725-4304-b3a4-4941318c1d6c:c3592]
2019-07-08 19:53:26,183 INFO  client.GrpcClientProtocolClient (GrpcClientProtocolClient.java:onNext(255)) - client-B2F93226DCBB->056ae293-26b5-4d67-bc5d-e905a6760a80: receive RaftClientReply:client-B2F93226DCBB->056ae293-26b5-4d67-bc5d-e905a6760a80@group-50E32BB97A46, cid=2422, SUCCESS, logIndex=3596, commits[056ae293-26b5-4d67-bc5d-e905a6760a80:c3596, a428730f-9893-43cb-a585-e65a7e8859c8:c3592, 994b73f6-7725-4304-b3a4-4941318c1d6c:c3592]
2019-07-08 19:53:26,197 INFO  client.GrpcClientProtocolClient (GrpcClientProtocolClient.java:onNext(255)) - client-B2F93226DCBB->056ae293-26b5-4d67-bc5d-e905a6760a80: receive RaftClientReply:client-B2F93226DCBB->056ae293-26b5-4d67-bc5d-e905a6760a80@group-50E32BB97A46, cid=2423, SUCCESS, logIndex=0, commits[056ae293-26b5-4d67-bc5d-e905a6760a80:c3598, a428730f-9893-43cb-a585-e65a7e8859c8:c3596, 994b73f6-7725-4304-b3a4-4941318c1d6c:c3596]
2019-07-08 19:53:26,229 INFO  client.GrpcClientProtocolClient (GrpcClientProtocolClient.java:onNext(255)) - client-B2F93226DCBB->056ae293-26b5-4d67-bc5d-e905a6760a80: receive RaftClientReply:client-B2F93226DCBB->056ae293-26b5-4d67-bc5d-e905a6760a80@group-50E32BB97A46, cid=2424, SUCCESS, logIndex=3599, commits[056ae293-26b5-4d67-bc5d-e905a6760a80:c3600, a428730f-9893-43cb-a585-e65a7e8859c8:c3598, 994b73f6-7725-4304-b3a4-4941318c1d6c:c3598]
2019-07-08 19:53:26,229 INFO  client.GrpcClientProtocolClient (GrpcClientProtocolClient.java:onNext(255)) - client-B2F93226DCBB->056ae293-26b5-4d67-bc5d-e905a6760a80: receive RaftClientReply:client-B2F93226DCBB->056ae293-26b5-4d67-bc5d-e905a6760a80@group-50E32BB97A46, cid=2425, SUCCESS, logIndex=3600, commits[056ae293-26b5-4d67-bc5d-e905a6760a80:c3600, a428730f-9893-43cb-a585-e65a7e8859c8:c3598, 994b73f6-7725-4304-b3a4-4941318c1d6c:c3598]
2019-07-08 19:53:26,230 INFO  client.GrpcClientProtocolClient (GrpcClientProtocolClient.java:onNext(255)) - client-B2F93226DCBB->056ae293-26b5-4d67-bc5d-e905a6760a80: receive RaftClientReply:client-B2F93226DCBB->056ae293-26b5-4d67-bc5d-e905a6760a80@group-50E32BB97A46, cid=2426, SUCCESS, logIndex=3601, commits[056ae293-26b5-4d67-bc5d-e905a6760a80:c3602, a428730f-9893-43cb-a585-e65a7e8859c8:c3598, 994b73f6-7725-4304-b3a4-4941318c1d6c:c3598]
2019-07-08 19:53:26,230 INFO  client.GrpcClientProtocolClient (GrpcClientProtocolClient.java:onNext(255)) - client-B2F93226DCBB->056ae293-26b5-4d67-bc5d-e905a6760a80: receive RaftClientReply:client-B2F93226DCBB->056ae293-26b5-4d67-bc5d-e905a6760a80@group-50E32BB97A46, cid=2427, SUCCESS, logIndex=3602, commits[056ae293-26b5-4d67-bc5d-e905a6760a80:c3602, a428730f-9893-43cb-a585-e65a7e8859c8:c3598, 994b73f6-7725-4304-b3a4-4941318c1d6c:c3598]
2019-07-08 19:53:26,243 INFO  client.GrpcClientProtocolClient (GrpcClientProtocolClient.java:onNext(255)) - client-B2F93226DCBB->056ae293-26b5-4d67-bc5d-e905a6760a80: receive RaftClientReply:client-B2F93226DCBB->056ae293-26b5-4d67-bc5d-e905a6760a80@group-50E32BB97A46, cid=2428, SUCCESS, logIndex=0, commits[056ae293-26b5-4d67-bc5d-e905a6760a80:c3604, a428730f-9893-43cb-a585-e65a7e8859c8:c3600, 994b73f6-7725-4304-b3a4-4941318c1d6c:c3600]
2019-07-08 19:53:26,266 INFO  client.GrpcClientProtocolClient (GrpcClientProtocolClient.java:onNext(255)) - client-B2F93226DCBB->056ae293-26b5-4d67-bc5d-e905a6760a80: receive RaftClientReply:client-B2F93226DCBB->056ae293-26b5-4d67-bc5d-e905a6760a80@group-50E32BB97A46, cid=2429, SUCCESS, logIndex=3607, commits[056ae293-26b5-4d67-bc5d-e905a6760a80:c3608, a428730f-9893-43cb-a585-e65a7e8859c8:c3606, 994b73f6-7725-4304-b3a4-4941318c1d6c:c3606]
2019-07-08 19:53:26,267 INFO  client.GrpcClientProtocolClient (GrpcClientProtocolClient.java:onNext(255)) - client-B2F93226DCBB->056ae293-26b5-4d67-bc5d-e905a6760a80: receive RaftClientReply:client-B2F93226DCBB->056ae293-26b5-4d67-bc5d-e905a6760a80@group-50E32BB97A46, cid=2430, SUCCESS, logIndex=3608, commits[056ae293-26b5-4d67-bc5d-e905a6760a80:c3608, a428730f-9893-43cb-a585-e65a7e8859c8:c3606, 994b73f6-7725-4304-b3a4-4941318c1d6c:c3606]
2019-07-08 19:53:26,292 INFO  client.GrpcClientProtocolClient (GrpcClientProtocolClient.java:onNext(255)) - client-B2F93226DCBB->056ae293-26b5-4d67-bc5d-e905a6760a80: receive RaftClientReply:client-B2F93226DCBB->056ae293-26b5-4d67-bc5d-e905a6760a80@group-50E32BB97A46, cid=2431, SUCCESS, logIndex=3611, commits[056ae293-26b5-4d67-bc5d-e905a6760a80:c3612, a428730f-9893-43cb-a585-e65a7e8859c8:c3608, 994b73f6-7725-4304-b3a4-4941318c1d6c:c3608]
2019-07-08 19:53:26,292 INFO  client.GrpcClientProtocolClient (GrpcClientProtocolClient.java:onNext(255)) - client-B2F93226DCBB->056ae293-26b5-4d67-bc5d-e905a6760a80: receive RaftClientReply:client-B2F93226DCBB->056ae293-26b5-4d67-bc5d-e905a6760a80@group-50E32BB97A46, cid=2432, SUCCESS, logIndex=3612, commits[056ae293-26b5-4d67-bc5d-e905a6760a80:c3612, a428730f-9893-43cb-a585-e65a7e8859c8:c3608, 994b73f6-7725-4304-b3a4-4941318c1d6c:c3608]
2019-07-08 19:53:26,294 INFO  client.GrpcClientProtocolClient (GrpcClientProtocolClient.java:onNext(255)) - client-B2F93226DCBB->056ae293-26b5-4d67-bc5d-e905a6760a80: receive RaftClientReply:client-B2F93226DCBB->056ae293-26b5-4d67-bc5d-e905a6760a80@group-50E32BB97A46, cid=2433, SUCCESS, logIndex=0, commits[056ae293-26b5-4d67-bc5d-e905a6760a80:c3613, a428730f-9893-43cb-a585-e65a7e8859c8:c3612, 994b73f6-7725-4304-b3a4-4941318c1d6c:c3612]
2019-07-08 19:53:26,326 INFO  client.GrpcClientProtocolClient (GrpcClientProtocolClient.java:onNext(255)) - client-B2F93226DCBB->056ae293-26b5-4d67-bc5d-e905a6760a80: receive RaftClientReply:client-B2F93226DCBB->056ae293-26b5-4d67-bc5d-e905a6760a80@group-50E32BB97A46, cid=2434, SUCCESS, logIndex=3615, commits[056ae293-26b5-4d67-bc5d-e905a6760a80:c3616, a428730f-9893-43cb-a585-e65a7e8859c8:c3614, 994b73f6-7725-4304-b3a4-4941318c1d6c:c3614]
2019-07-08 19:53:26,326 INFO  client.GrpcClientProtocolClient (GrpcClientProtocolClient.java:onNext(255)) - client-B2F93226DCBB->056ae293-26b5-4d67-bc5d-e905a6760a80: receive RaftClientReply:client-B2F93226DCBB->056ae293-26b5-4d67-bc5d-e905a6760a80@group-50E32BB97A46, cid=2435, SUCCESS, logIndex=3616, commits[056ae293-26b5-4d67-bc5d-e905a6760a80:c3616, a428730f-9893-43cb-a585-e65a7e8859c8:c3614, 994b73f6-7725-4304-b3a4-4941318c1d6c:c3614]
2019-07-08 19:53:26,337 INFO  client.GrpcClientProtocolClient (GrpcClientProtocolClient.java:onNext(255)) - client-B2F93226DCBB->056ae293-26b5-4d67-bc5d-e905a6760a80: receive RaftClientReply:client-B2F93226DCBB->056ae293-26b5-4d67-bc5d-e905a6760a80@group-50E32BB97A46, cid=2436, SUCCESS, logIndex=3617, commits[056ae293-26b5-4d67-bc5d-e905a6760a80:c3618, a428730f-9893-43cb-a585-e65a7e8859c8:c3614, 994b73f6-7725-4304-b3a4-4941318c1d6c:c3614]
2019-07-08 19:53:26,337 INFO  client.GrpcClientProtocolClient (GrpcClientProtocolClient.java:onNext(255)) - client-B2F93226DCBB->056ae293-26b5-4d67-bc5d-e905a6760a80: receive RaftClientReply:client-B2F93226DCBB->056ae293-26b5-4d67-bc5d-e905a6760a80@group-50E32BB97A46, cid=2437, SUCCESS, logIndex=3618, commits[056ae293-26b5-4d67-bc5d-e905a6760a80:c3618, a428730f-9893-43cb-a585-e65a7e8859c8:c3614, 994b73f6-7725-4304-b3a4-4941318c1d6c:c3614]
2019-07-08 19:53:26,340 INFO  client.GrpcClientProtocolClient (GrpcClientProtocolClient.java:onNext(255)) - client-B2F93226DCBB->056ae293-26b5-4d67-bc5d-e905a6760a80: receive RaftClientReply:client-B2F93226DCBB->056ae293-26b5-4d67-bc5d-e905a6760a80@group-50E32BB97A46, cid=2438, SUCCESS, logIndex=0, commits[056ae293-26b5-4d67-bc5d-e905a6760a80:c3620, a428730f-9893-43cb-a585-e65a7e8859c8:c3616, 994b73f6-7725-4304-b3a4-4941318c1d6c:c3616]
2019-07-08 19:53:26,367 INFO  client.GrpcClientProtocolClient (GrpcClientProtocolClient.java:onNext(255)) - client-B2F93226DCBB->056ae293-26b5-4d67-bc5d-e905a6760a80: receive RaftClientReply:client-B2F93226DCBB->056ae293-26b5-4d67-bc5d-e905a6760a80@group-50E32BB97A46, cid=2439, SUCCESS, logIndex=3623, commits[056ae293-26b5-4d67-bc5d-e905a6760a80:c3623, a428730f-9893-43cb-a585-e65a7e8859c8:c3620, 994b73f6-7725-4304-b3a4-4941318c1d6c:c3620]
2019-07-08 19:53:26,367 INFO  client.GrpcClientProtocolClient (GrpcClientProtocolClient.java:onNext(255)) - client-B2F93226DCBB->056ae293-26b5-4d67-bc5d-e905a6760a80: receive RaftClientReply:client-B2F93226DCBB->056ae293-26b5-4d67-bc5d-e905a6760a80@group-50E32BB97A46, cid=2440, SUCCESS, logIndex=3624, commits[056ae293-26b5-4d67-bc5d-e905a6760a80:c3624, a428730f-9893-43cb-a585-e65a7e8859c8:c3620, 994b73f6-7725-4304-b3a4-4941318c1d6c:c3620]
2019-07-08 19:53:26,392 INFO  client.GrpcClientProtocolClient (GrpcClientProtocolClient.java:onNext(255)) - client-B2F93226DCBB->056ae293-26b5-4d67-bc5d-e905a6760a80: receive RaftClientReply:client-B2F93226DCBB->056ae293-26b5-4d67-bc5d-e905a6760a80@group-50E32BB97A46, cid=2441, SUCCESS, logIndex=3627, commits[056ae293-26b5-4d67-bc5d-e905a6760a80:c3628, a428730f-9893-43cb-a585-e65a7e8859c8:c3624, 994b73f6-7725-4304-b3a4-4941318c1d6c:c3624]
2019-07-08 19:53:26,392 INFO  client.GrpcClientProtocolClient (GrpcClientProtocolClient.java:onNext(255)) - client-B2F93226DCBB->056ae293-26b5-4d67-bc5d-e905a6760a80: receive RaftClientReply:client-B2F93226DCBB->056ae293-26b5-4d67-bc5d-e905a6760a80@group-50E32BB97A46, cid=2442, SUCCESS, logIndex=3628, commits[056ae293-26b5-4d67-bc5d-e905a6760a80:c3628, a428730f-9893-43cb-a585-e65a7e8859c8:c3624, 994b73f6-7725-4304-b3a4-4941318c1d6c:c3624]
2019-07-08 19:53:26,395 INFO  client.GrpcClientProtocolClient (GrpcClientProtocolClient.java:onNext(255)) - client-B2F93226DCBB->056ae293-26b5-4d67-bc5d-e905a6760a80: receive RaftClientReply:client-B2F93226DCBB->056ae293-26b5-4d67-bc5d-e905a6760a80@group-50E32BB97A46, cid=2443, SUCCESS, logIndex=0, commits[056ae293-26b5-4d67-bc5d-e905a6760a80:c3629, a428730f-9893-43cb-a585-e65a7e8859c8:c3628, 994b73f6-7725-4304-b3a4-4941318c1d6c:c3628]
2019-07-08 19:53:26,424 INFO  client.GrpcClientProtocolClient (GrpcClientProtocolClient.java:onNext(255)) - client-B2F93226DCBB->056ae293-26b5-4d67-bc5d-e905a6760a80: receive RaftClientReply:client-B2F93226DCBB->056ae293-26b5-4d67-bc5d-e905a6760a80@group-50E32BB97A46, cid=2444, SUCCESS, logIndex=3631, commits[056ae293-26b5-4d67-bc5d-e905a6760a80:c3633, a428730f-9893-43cb-a585-e65a7e8859c8:c3630, 994b73f6-7725-4304-b3a4-4941318c1d6c:c3630]
2019-07-08 19:53:26,425 INFO  client.GrpcClientProtocolClient (GrpcClientProtocolClient.java:onNext(255)) - client-B2F93226DCBB->056ae293-26b5-4d67-bc5d-e905a6760a80: receive RaftClientReply:client-B2F93226DCBB->056ae293-26b5-4d67-bc5d-e905a6760a80@group-50E32BB97A46, cid=2445, SUCCESS, logIndex=3632, commits[056ae293-26b5-4d67-bc5d-e905a6760a80:c3634, a428730f-9893-43cb-a585-e65a7e8859c8:c3630, 994b73f6-7725-4304-b3a4-4941318c1d6c:c3630]
2019-07-08 19:53:26,425 INFO  client.GrpcClientProtocolClient (GrpcClientProtocolClient.java:onNext(255)) - client-B2F93226DCBB->056ae293-26b5-4d67-bc5d-e905a6760a80: receive RaftClientReply:client-B2F93226DCBB->056ae293-26b5-4d67-bc5d-e905a6760a80@group-50E32BB97A46, cid=2446, SUCCESS, logIndex=3633, commits[056ae293-26b5-4d67-bc5d-e905a6760a80:c3634, a428730f-9893-43cb-a585-e65a7e8859c8:c3630, 994b73f6-7725-4304-b3a4-4941318c1d6c:c3630]
2019-07-08 19:53:26,425 INFO  client.GrpcClientProtocolClient (GrpcClientProtocolClient.java:onNext(255)) - client-B2F93226DCBB->056ae293-26b5-4d67-bc5d-e905a6760a80: receive RaftClientReply:client-B2F93226DCBB->056ae293-26b5-4d67-bc5d-e905a6760a80@group-50E32BB97A46, cid=2447, SUCCESS, logIndex=3634, commits[056ae293-26b5-4d67-bc5d-e905a6760a80:c3635, a428730f-9893-43cb-a585-e65a7e8859c8:c3632, 994b73f6-7725-4304-b3a4-4941318c1d6c:c3630]
2019-07-08 19:53:26,427 INFO  client.GrpcClientProtocolClient (GrpcClientProtocolClient.java:onNext(255)) - client-B2F93226DCBB->056ae293-26b5-4d67-bc5d-e905a6760a80: receive RaftClientReply:client-B2F93226DCBB->056ae293-26b5-4d67-bc5d-e905a6760a80@group-50E32BB97A46, cid=2448, SUCCESS, logIndex=0, commits[056ae293-26b5-4d67-bc5d-e905a6760a80:c3635, a428730f-9893-43cb-a585-e65a7e8859c8:c3632, 994b73f6-7725-4304-b3a4-4941318c1d6c:c3632]
 0.00% |█                                                                                                    |  0/1 Time: 0:00:222019-07-08 19:53:26,451 INFO  client.GrpcClientProtocolClient (GrpcClientProtocolClient.java:onNext(255)) - client-B2F93226DCBB->056ae293-26b5-4d67-bc5d-e905a6760a80: receive RaftClientReply:client-B2F93226DCBB->056ae293-26b5-4d67-bc5d-e905a6760a80@group-50E32BB97A46, cid=2449, SUCCESS, logIndex=3639, commits[056ae293-26b5-4d67-bc5d-e905a6760a80:c3640, a428730f-9893-43cb-a585-e65a7e8859c8:c3636, 994b73f6-7725-4304-b3a4-4941318c1d6c:c3636]
2019-07-08 19:53:26,452 INFO  client.GrpcClientProtocolClient (GrpcClientProtocolClient.java:onNext(255)) - client-B2F93226DCBB->056ae293-26b5-4d67-bc5d-e905a6760a80: receive RaftClientReply:client-B2F93226DCBB->056ae293-26b5-4d67-bc5d-e905a6760a80@group-50E32BB97A46, cid=2450, SUCCESS, logIndex=3640, commits[056ae293-26b5-4d67-bc5d-e905a6760a80:c3640, a428730f-9893-43cb-a585-e65a7e8859c8:c3636, 994b73f6-7725-4304-b3a4-4941318c1d6c:c3636]
2019-07-08 19:53:26,469 INFO  client.GrpcClientProtocolClient (GrpcClientProtocolClient.java:onNext(255)) - client-B2F93226DCBB->056ae293-26b5-4d67-bc5d-e905a6760a80: receive RaftClientReply:client-B2F93226DCBB->056ae293-26b5-4d67-bc5d-e905a6760a80@group-50E32BB97A46, cid=2451, SUCCESS, logIndex=3643, commits[056ae293-26b5-4d67-bc5d-e905a6760a80:c3644, a428730f-9893-43cb-a585-e65a7e8859c8:c3641, 994b73f6-7725-4304-b3a4-4941318c1d6c:c3641]
2019-07-08 19:53:26,470 INFO  client.GrpcClientProtocolClient (GrpcClientProtocolClient.java:onNext(255)) - client-B2F93226DCBB->056ae293-26b5-4d67-bc5d-e905a6760a80: receive RaftClientReply:client-B2F93226DCBB->056ae293-26b5-4d67-bc5d-e905a6760a80@group-50E32BB97A46, cid=2452, SUCCESS, logIndex=3644, commits[056ae293-26b5-4d67-bc5d-e905a6760a80:c3644, a428730f-9893-43cb-a585-e65a7e8859c8:c3641, 994b73f6-7725-4304-b3a4-4941318c1d6c:c3641]
2019-07-08 19:53:26,484 INFO  client.GrpcClientProtocolClient (GrpcClientProtocolClient.java:onNext(255)) - client-B2F93226DCBB->056ae293-26b5-4d67-bc5d-e905a6760a80: receive RaftClientReply:client-B2F93226DCBB->056ae293-26b5-4d67-bc5d-e905a6760a80@group-50E32BB97A46, cid=2453, SUCCESS, logIndex=0, commits[056ae293-26b5-4d67-bc5d-e905a6760a80:c3646, a428730f-9893-43cb-a585-e65a7e8859c8:c3644, 994b73f6-7725-4304-b3a4-4941318c1d6c:c3644]
2019-07-08 19:53:26,512 INFO  client.GrpcClientProtocolClient (GrpcClientProtocolClient.java:onNext(255)) - client-B2F93226DCBB->056ae293-26b5-4d67-bc5d-e905a6760a80: receive RaftClientReply:client-B2F93226DCBB->056ae293-26b5-4d67-bc5d-e905a6760a80@group-50E32BB97A46, cid=2454, SUCCESS, logIndex=3647, commits[056ae293-26b5-4d67-bc5d-e905a6760a80:c3648, a428730f-9893-43cb-a585-e65a7e8859c8:c3646, 994b73f6-7725-4304-b3a4-4941318c1d6c:c3646]
2019-07-08 19:53:26,513 INFO  client.GrpcClientProtocolClient (GrpcClientProtocolClient.java:onNext(255)) - client-B2F93226DCBB->056ae293-26b5-4d67-bc5d-e905a6760a80: receive RaftClientReply:client-B2F93226DCBB->056ae293-26b5-4d67-bc5d-e905a6760a80@group-50E32BB97A46, cid=2455, SUCCESS, logIndex=3648, commits[056ae293-26b5-4d67-bc5d-e905a6760a80:c3648, a428730f-9893-43cb-a585-e65a7e8859c8:c3646, 994b73f6-7725-4304-b3a4-4941318c1d6c:c3646]
2019-07-08 19:53:26,515 INFO  client.GrpcClientProtocolClient (GrpcClientProtocolClient.java:onNext(255)) - client-B2F93226DCBB->056ae293-26b5-4d67-bc5d-e905a6760a80: receive RaftClientReply:client-B2F93226DCBB->056ae293-26b5-4d67-bc5d-e905a6760a80@group-50E32BB97A46, cid=2456, SUCCESS, logIndex=3649, commits[056ae293-26b5-4d67-bc5d-e905a6760a80:c3650, a428730f-9893-43cb-a585-e65a7e8859c8:c3646, 994b73f6-7725-4304-b3a4-4941318c1d6c:c3646]
2019-07-08 19:53:26,516 INFO  client.GrpcClientProtocolClient (GrpcClientProtocolClient.java:onNext(255)) - client-B2F93226DCBB->056ae293-26b5-4d67-bc5d-e905a6760a80: receive RaftClientReply:client-B2F93226DCBB->056ae293-26b5-4d67-bc5d-e905a6760a80@group-50E32BB97A46, cid=2457, SUCCESS, logIndex=3650, commits[056ae293-26b5-4d67-bc5d-e905a6760a80:c3650, a428730f-9893-43cb-a585-e65a7e8859c8:c3646, 994b73f6-7725-4304-b3a4-4941318c1d6c:c3646]
2019-07-08 19:53:26,528 INFO  client.GrpcClientProtocolClient (GrpcClientProtocolClient.java:onNext(255)) - client-B2F93226DCBB->056ae293-26b5-4d67-bc5d-e905a6760a80: receive RaftClientReply:client-B2F93226DCBB->056ae293-26b5-4d67-bc5d-e905a6760a80@group-50E32BB97A46, cid=2458, SUCCESS, logIndex=0, commits[056ae293-26b5-4d67-bc5d-e905a6760a80:c3652, a428730f-9893-43cb-a585-e65a7e8859c8:c3648, 994b73f6-7725-4304-b3a4-4941318c1d6c:c3648]
2019-07-08 19:53:26,553 INFO  client.GrpcClientProtocolClient (GrpcClientProtocolClient.java:onNext(255)) - client-B2F93226DCBB->056ae293-26b5-4d67-bc5d-e905a6760a80: receive RaftClientReply:client-B2F93226DCBB->056ae293-26b5-4d67-bc5d-e905a6760a80@group-50E32BB97A46, cid=2459, SUCCESS, logIndex=3655, commits[056ae293-26b5-4d67-bc5d-e905a6760a80:c3656, a428730f-9893-43cb-a585-e65a7e8859c8:c3650, 994b73f6-7725-4304-b3a4-4941318c1d6c:c3652]
2019-07-08 19:53:26,554 INFO  client.GrpcClientProtocolClient (GrpcClientProtocolClient.java:onNext(255)) - client-B2F93226DCBB->056ae293-26b5-4d67-bc5d-e905a6760a80: receive RaftClientReply:client-B2F93226DCBB->056ae293-26b5-4d67-bc5d-e905a6760a80@group-50E32BB97A46, cid=2460, SUCCESS, logIndex=3656, commits[056ae293-26b5-4d67-bc5d-e905a6760a80:c3656, a428730f-9893-43cb-a585-e65a7e8859c8:c3652, 994b73f6-7725-4304-b3a4-4941318c1d6c:c3652]
2019-07-08 19:53:26,566 INFO  client.GrpcClientProtocolClient (GrpcClientProtocolClient.java:onNext(255)) - client-B2F93226DCBB->056ae293-26b5-4d67-bc5d-e905a6760a80: receive RaftClientReply:client-B2F93226DCBB->056ae293-26b5-4d67-bc5d-e905a6760a80@group-50E32BB97A46, cid=2461, SUCCESS, logIndex=3659, commits[056ae293-26b5-4d67-bc5d-e905a6760a80:c3660, a428730f-9893-43cb-a585-e65a7e8859c8:c3658, 994b73f6-7725-4304-b3a4-4941318c1d6c:c3658]
2019-07-08 19:53:26,567 INFO  client.GrpcClientProtocolClient (GrpcClientProtocolClient.java:onNext(255)) - client-B2F93226DCBB->056ae293-26b5-4d67-bc5d-e905a6760a80: receive RaftClientReply:client-B2F93226DCBB->056ae293-26b5-4d67-bc5d-e905a6760a80@group-50E32BB97A46, cid=2462, SUCCESS, logIndex=3660, commits[056ae293-26b5-4d67-bc5d-e905a6760a80:c3660, a428730f-9893-43cb-a585-e65a7e8859c8:c3658, 994b73f6-7725-4304-b3a4-4941318c1d6c:c3658]
2019-07-08 19:53:26,572 INFO  client.GrpcClientProtocolClient (GrpcClientProtocolClient.java:onNext(255)) - client-B2F93226DCBB->056ae293-26b5-4d67-bc5d-e905a6760a80: receive RaftClientReply:client-B2F93226DCBB->056ae293-26b5-4d67-bc5d-e905a6760a80@group-50E32BB97A46, cid=2463, SUCCESS, logIndex=0, commits[056ae293-26b5-4d67-bc5d-e905a6760a80:c3661, a428730f-9893-43cb-a585-e65a7e8859c8:c3660, 994b73f6-7725-4304-b3a4-4941318c1d6c:c3660]
2019-07-08 19:53:26,590 INFO  client.GrpcClientProtocolClient (GrpcClientProtocolClient.java:onNext(255)) - client-B2F93226DCBB->056ae293-26b5-4d67-bc5d-e905a6760a80: receive RaftClientReply:client-B2F93226DCBB->056ae293-26b5-4d67-bc5d-e905a6760a80@group-50E32BB97A46, cid=2464, SUCCESS, logIndex=3663, commits[056ae293-26b5-4d67-bc5d-e905a6760a80:c3664, a428730f-9893-43cb-a585-e65a7e8859c8:c3660, 994b73f6-7725-4304-b3a4-4941318c1d6c:c3662]
2019-07-08 19:53:26,591 INFO  client.GrpcClientProtocolClient (GrpcClientProtocolClient.java:onNext(255)) - client-B2F93226DCBB->056ae293-26b5-4d67-bc5d-e905a6760a80: receive RaftClientReply:client-B2F93226DCBB->056ae293-26b5-4d67-bc5d-e905a6760a80@group-50E32BB97A46, cid=2465, SUCCESS, logIndex=3664, commits[056ae293-26b5-4d67-bc5d-e905a6760a80:c3664, a428730f-9893-43cb-a585-e65a7e8859c8:c3660, 994b73f6-7725-4304-b3a4-4941318c1d6c:c3662]
2019-07-08 19:53:26,594 INFO  client.GrpcClientProtocolClient (GrpcClientProtocolClient.java:onNext(255)) - client-B2F93226DCBB->056ae293-26b5-4d67-bc5d-e905a6760a80: receive RaftClientReply:client-B2F93226DCBB->056ae293-26b5-4d67-bc5d-e905a6760a80@group-50E32BB97A46, cid=2466, SUCCESS, logIndex=3665, commits[056ae293-26b5-4d67-bc5d-e905a6760a80:c3665, a428730f-9893-43cb-a585-e65a7e8859c8:c3662, 994b73f6-7725-4304-b3a4-4941318c1d6c:c3662]
2019-07-08 19:53:26,595 INFO  client.GrpcClientProtocolClient (GrpcClientProtocolClient.java:onNext(255)) - client-B2F93226DCBB->056ae293-26b5-4d67-bc5d-e905a6760a80: receive RaftClientReply:client-B2F93226DCBB->056ae293-26b5-4d67-bc5d-e905a6760a80@group-50E32BB97A46, cid=2467, SUCCESS, logIndex=3666, commits[056ae293-26b5-4d67-bc5d-e905a6760a80:c3666, a428730f-9893-43cb-a585-e65a7e8859c8:c3662, 994b73f6-7725-4304-b3a4-4941318c1d6c:c3664]
2019-07-08 19:53:26,596 INFO  client.GrpcClientProtocolClient (GrpcClientProtocolClient.java:onNext(255)) - client-B2F93226DCBB->056ae293-26b5-4d67-bc5d-e905a6760a80: receive RaftClientReply:client-B2F93226DCBB->056ae293-26b5-4d67-bc5d-e905a6760a80@group-50E32BB97A46, cid=2468, SUCCESS, logIndex=0, commits[056ae293-26b5-4d67-bc5d-e905a6760a80:c3668, a428730f-9893-43cb-a585-e65a7e8859c8:c3664, 994b73f6-7725-4304-b3a4-4941318c1d6c:c3664]
2019-07-08 19:53:26,607 INFO  client.GrpcClientProtocolClient (GrpcClientProtocolClient.java:onNext(255)) - client-B2F93226DCBB->056ae293-26b5-4d67-bc5d-e905a6760a80: receive RaftClientReply:client-B2F93226DCBB->056ae293-26b5-4d67-bc5d-e905a6760a80@group-50E32BB97A46, cid=2469, SUCCESS, logIndex=3671, commits[056ae293-26b5-4d67-bc5d-e905a6760a80:c3672, a428730f-9893-43cb-a585-e65a7e8859c8:c3666, 994b73f6-7725-4304-b3a4-4941318c1d6c:c3670]
2019-07-08 19:53:26,608 INFO  client.GrpcClientProtocolClient (GrpcClientProtocolClient.java:onNext(255)) - client-B2F93226DCBB->056ae293-26b5-4d67-bc5d-e905a6760a80: receive RaftClientReply:client-B2F93226DCBB->056ae293-26b5-4d67-bc5d-e905a6760a80@group-50E32BB97A46, cid=2470, SUCCESS, logIndex=3672, commits[056ae293-26b5-4d67-bc5d-e905a6760a80:c3672, a428730f-9893-43cb-a585-e65a7e8859c8:c3666, 994b73f6-7725-4304-b3a4-4941318c1d6c:c3670]
2019-07-08 19:53:26,641 INFO  client.GrpcClientProtocolClient (GrpcClientProtocolClient.java:onNext(255)) - client-B2F93226DCBB->056ae293-26b5-4d67-bc5d-e905a6760a80: receive RaftClientReply:client-B2F93226DCBB->056ae293-26b5-4d67-bc5d-e905a6760a80@group-50E32BB97A46, cid=2471, SUCCESS, logIndex=3675, commits[056ae293-26b5-4d67-bc5d-e905a6760a80:c3676, a428730f-9893-43cb-a585-e65a7e8859c8:c3674, 994b73f6-7725-4304-b3a4-4941318c1d6c:c3674]
2019-07-08 19:53:26,641 INFO  client.GrpcClientProtocolClient (GrpcClientProtocolClient.java:onNext(255)) - client-B2F93226DCBB->056ae293-26b5-4d67-bc5d-e905a6760a80: receive RaftClientReply:client-B2F93226DCBB->056ae293-26b5-4d67-bc5d-e905a6760a80@group-50E32BB97A46, cid=2472, SUCCESS, logIndex=3676, commits[056ae293-26b5-4d67-bc5d-e905a6760a80:c3676, a428730f-9893-43cb-a585-e65a7e8859c8:c3674, 994b73f6-7725-4304-b3a4-4941318c1d6c:c3674]
2019-07-08 19:53:26,656 INFO  client.GrpcClientProtocolClient (GrpcClientProtocolClient.java:onNext(255)) - client-B2F93226DCBB->056ae293-26b5-4d67-bc5d-e905a6760a80: receive RaftClientReply:client-B2F93226DCBB->056ae293-26b5-4d67-bc5d-e905a6760a80@group-50E32BB97A46, cid=2473, SUCCESS, logIndex=0, commits[056ae293-26b5-4d67-bc5d-e905a6760a80:c3678, a428730f-9893-43cb-a585-e65a7e8859c8:c3676, 994b73f6-7725-4304-b3a4-4941318c1d6c:c3676]
2019-07-08 19:53:26,683 INFO  client.GrpcClientProtocolClient (GrpcClientProtocolClient.java:onNext(255)) - client-B2F93226DCBB->056ae293-26b5-4d67-bc5d-e905a6760a80: receive RaftClientReply:client-B2F93226DCBB->056ae293-26b5-4d67-bc5d-e905a6760a80@group-50E32BB97A46, cid=2474, SUCCESS, logIndex=3679, commits[056ae293-26b5-4d67-bc5d-e905a6760a80:c3680, a428730f-9893-43cb-a585-e65a7e8859c8:c3678, 994b73f6-7725-4304-b3a4-4941318c1d6c:c3678]
2019-07-08 19:53:26,684 INFO  client.GrpcClientProtocolClient (GrpcClientProtocolClient.java:onNext(255)) - client-B2F93226DCBB->056ae293-26b5-4d67-bc5d-e905a6760a80: receive RaftClientReply:client-B2F93226DCBB->056ae293-26b5-4d67-bc5d-e905a6760a80@group-50E32BB97A46, cid=2475, SUCCESS, logIndex=3680, commits[056ae293-26b5-4d67-bc5d-e905a6760a80:c3682, a428730f-9893-43cb-a585-e65a7e8859c8:c3678, 994b73f6-7725-4304-b3a4-4941318c1d6c:c3678]
2019-07-08 19:53:26,684 INFO  client.GrpcClientProtocolClient (GrpcClientProtocolClient.java:onNext(255)) - client-B2F93226DCBB->056ae293-26b5-4d67-bc5d-e905a6760a80: receive RaftClientReply:client-B2F93226DCBB->056ae293-26b5-4d67-bc5d-e905a6760a80@group-50E32BB97A46, cid=2476, SUCCESS, logIndex=3681, commits[056ae293-26b5-4d67-bc5d-e905a6760a80:c3682, a428730f-9893-43cb-a585-e65a7e8859c8:c3678, 994b73f6-7725-4304-b3a4-4941318c1d6c:c3678]
2019-07-08 19:53:26,684 INFO  client.GrpcClientProtocolClient (GrpcClientProtocolClient.java:onNext(255)) - client-B2F93226DCBB->056ae293-26b5-4d67-bc5d-e905a6760a80: receive RaftClientReply:client-B2F93226DCBB->056ae293-26b5-4d67-bc5d-e905a6760a80@group-50E32BB97A46, cid=2477, SUCCESS, logIndex=3682, commits[056ae293-26b5-4d67-bc5d-e905a6760a80:c3682, a428730f-9893-43cb-a585-e65a7e8859c8:c3678, 994b73f6-7725-4304-b3a4-4941318c1d6c:c3678]
2019-07-08 19:53:26,709 INFO  client.GrpcClientProtocolClient (GrpcClientProtocolClient.java:onNext(255)) - client-B2F93226DCBB->056ae293-26b5-4d67-bc5d-e905a6760a80: receive RaftClientReply:client-B2F93226DCBB->056ae293-26b5-4d67-bc5d-e905a6760a80@group-50E32BB97A46, cid=2478, SUCCESS, logIndex=0, commits[056ae293-26b5-4d67-bc5d-e905a6760a80:c3686, a428730f-9893-43cb-a585-e65a7e8859c8:c3680, 994b73f6-7725-4304-b3a4-4941318c1d6c:c3682]
2019-07-08 19:53:26,731 INFO  client.GrpcClientProtocolClient (GrpcClientProtocolClient.java:onNext(255)) - client-B2F93226DCBB->056ae293-26b5-4d67-bc5d-e905a6760a80: receive RaftClientReply:client-B2F93226DCBB->056ae293-26b5-4d67-bc5d-e905a6760a80@group-50E32BB97A46, cid=2479, SUCCESS, logIndex=3687, commits[056ae293-26b5-4d67-bc5d-e905a6760a80:c3688, a428730f-9893-43cb-a585-e65a7e8859c8:c3686, 994b73f6-7725-4304-b3a4-4941318c1d6c:c3686]
2019-07-08 19:53:26,731 INFO  client.GrpcClientProtocolClient (GrpcClientProtocolClient.java:onNext(255)) - client-B2F93226DCBB->056ae293-26b5-4d67-bc5d-e905a6760a80: receive RaftClientReply:client-B2F93226DCBB->056ae293-26b5-4d67-bc5d-e905a6760a80@group-50E32BB97A46, cid=2480, SUCCESS, logIndex=3688, commits[056ae293-26b5-4d67-bc5d-e905a6760a80:c3688, a428730f-9893-43cb-a585-e65a7e8859c8:c3686, 994b73f6-7725-4304-b3a4-4941318c1d6c:c3686]
2019-07-08 19:53:26,756 INFO  client.GrpcClientProtocolClient (GrpcClientProtocolClient.java:onNext(255)) - client-B2F93226DCBB->056ae293-26b5-4d67-bc5d-e905a6760a80: receive RaftClientReply:client-B2F93226DCBB->056ae293-26b5-4d67-bc5d-e905a6760a80@group-50E32BB97A46, cid=2481, SUCCESS, logIndex=3691, commits[056ae293-26b5-4d67-bc5d-e905a6760a80:c3692, a428730f-9893-43cb-a585-e65a7e8859c8:c3688, 994b73f6-7725-4304-b3a4-4941318c1d6c:c3688]
2019-07-08 19:53:26,756 INFO  client.GrpcClientProtocolClient (GrpcClientProtocolClient.java:onNext(255)) - client-B2F93226DCBB->056ae293-26b5-4d67-bc5d-e905a6760a80: receive RaftClientReply:client-B2F93226DCBB->056ae293-26b5-4d67-bc5d-e905a6760a80@group-50E32BB97A46, cid=2482, SUCCESS, logIndex=3692, commits[056ae293-26b5-4d67-bc5d-e905a6760a80:c3692, a428730f-9893-43cb-a585-e65a7e8859c8:c3688, 994b73f6-7725-4304-b3a4-4941318c1d6c:c3688]
2019-07-08 19:53:26,759 INFO  client.GrpcClientProtocolClient (GrpcClientProtocolClient.java:onNext(255)) - client-B2F93226DCBB->056ae293-26b5-4d67-bc5d-e905a6760a80: receive RaftClientReply:client-B2F93226DCBB->056ae293-26b5-4d67-bc5d-e905a6760a80@group-50E32BB97A46, cid=2483, SUCCESS, logIndex=0, commits[056ae293-26b5-4d67-bc5d-e905a6760a80:c3693, a428730f-9893-43cb-a585-e65a7e8859c8:c3692, 994b73f6-7725-4304-b3a4-4941318c1d6c:c3692]
2019-07-08 19:53:26,788 INFO  client.GrpcClientProtocolClient (GrpcClientProtocolClient.java:onNext(255)) - client-B2F93226DCBB->056ae293-26b5-4d67-bc5d-e905a6760a80: receive RaftClientReply:client-B2F93226DCBB->056ae293-26b5-4d67-bc5d-e905a6760a80@group-50E32BB97A46, cid=2484, SUCCESS, logIndex=3695, commits[056ae293-26b5-4d67-bc5d-e905a6760a80:c3696, a428730f-9893-43cb-a585-e65a7e8859c8:c3694, 994b73f6-7725-4304-b3a4-4941318c1d6c:c3694]
2019-07-08 19:53:26,789 INFO  client.GrpcClientProtocolClient (GrpcClientProtocolClient.java:onNext(255)) - client-B2F93226DCBB->056ae293-26b5-4d67-bc5d-e905a6760a80: receive RaftClientReply:client-B2F93226DCBB->056ae293-26b5-4d67-bc5d-e905a6760a80@group-50E32BB97A46, cid=2485, SUCCESS, logIndex=3696, commits[056ae293-26b5-4d67-bc5d-e905a6760a80:c3696, a428730f-9893-43cb-a585-e65a7e8859c8:c3694, 994b73f6-7725-4304-b3a4-4941318c1d6c:c3694]
2019-07-08 19:53:26,798 INFO  client.GrpcClientProtocolClient (GrpcClientProtocolClient.java:onNext(255)) - client-B2F93226DCBB->056ae293-26b5-4d67-bc5d-e905a6760a80: receive RaftClientReply:client-B2F93226DCBB->056ae293-26b5-4d67-bc5d-e905a6760a80@group-50E32BB97A46, cid=2486, SUCCESS, logIndex=3697, commits[056ae293-26b5-4d67-bc5d-e905a6760a80:c3698, a428730f-9893-43cb-a585-e65a7e8859c8:c3694, 994b73f6-7725-4304-b3a4-4941318c1d6c:c3694]
2019-07-08 19:53:26,799 INFO  client.GrpcClientProtocolClient (GrpcClientProtocolClient.java:onNext(255)) - client-B2F93226DCBB->056ae293-26b5-4d67-bc5d-e905a6760a80: receive RaftClientReply:client-B2F93226DCBB->056ae293-26b5-4d67-bc5d-e905a6760a80@group-50E32BB97A46, cid=2487, SUCCESS, logIndex=3698, commits[056ae293-26b5-4d67-bc5d-e905a6760a80:c3698, a428730f-9893-43cb-a585-e65a7e8859c8:c3694, 994b73f6-7725-4304-b3a4-4941318c1d6c:c3694]
2019-07-08 19:53:26,894 INFO  client.GrpcClientProtocolClient (GrpcClientProtocolClient.java:onNext(255)) - client-B2F93226DCBB->056ae293-26b5-4d67-bc5d-e905a6760a80: receive RaftClientReply:client-B2F93226DCBB->056ae293-26b5-4d67-bc5d-e905a6760a80@group-50E32BB97A46, cid=2488, SUCCESS, logIndex=0, commits[056ae293-26b5-4d67-bc5d-e905a6760a80:c3701, a428730f-9893-43cb-a585-e65a7e8859c8:c3698, 994b73f6-7725-4304-b3a4-4941318c1d6c:c3696]
2019-07-08 19:53:26,911 INFO  client.GrpcClientProtocolClient (GrpcClientProtocolClient.java:onNext(255)) - client-B2F93226DCBB->056ae293-26b5-4d67-bc5d-e905a6760a80: receive RaftClientReply:client-B2F93226DCBB->056ae293-26b5-4d67-bc5d-e905a6760a80@group-50E32BB97A46, cid=2489, SUCCESS, logIndex=3702, commits[056ae293-26b5-4d67-bc5d-e905a6760a80:c3703, a428730f-9893-43cb-a585-e65a7e8859c8:c3701, 994b73f6-7725-4304-b3a4-4941318c1d6c:c3701]
2019-07-08 19:53:26,911 INFO  client.GrpcClientProtocolClient (GrpcClientProtocolClient.java:onNext(255)) - client-B2F93226DCBB->056ae293-26b5-4d67-bc5d-e905a6760a80: receive RaftClientReply:client-B2F93226DCBB->056ae293-26b5-4d67-bc5d-e905a6760a80@group-50E32BB97A46, cid=2490, SUCCESS, logIndex=3703, commits[056ae293-26b5-4d67-bc5d-e905a6760a80:c3703, a428730f-9893-43cb-a585-e65a7e8859c8:c3701, 994b73f6-7725-4304-b3a4-4941318c1d6c:c3701]
2019-07-08 19:53:26,940 INFO  client.GrpcClientProtocolClient (GrpcClientProtocolClient.java:onNext(255)) - client-B2F93226DCBB->056ae293-26b5-4d67-bc5d-e905a6760a80: receive RaftClientReply:client-B2F93226DCBB->056ae293-26b5-4d67-bc5d-e905a6760a80@group-50E32BB97A46, cid=2491, SUCCESS, logIndex=3706, commits[056ae293-26b5-4d67-bc5d-e905a6760a80:c3706, a428730f-9893-43cb-a585-e65a7e8859c8:c3703, 994b73f6-7725-4304-b3a4-4941318c1d6c:c3703]
2019-07-08 19:53:26,941 INFO  client.GrpcClientProtocolClient (GrpcClientProtocolClient.java:onNext(255)) - client-B2F93226DCBB->056ae293-26b5-4d67-bc5d-e905a6760a80: receive RaftClientReply:client-B2F93226DCBB->056ae293-26b5-4d67-bc5d-e905a6760a80@group-50E32BB97A46, cid=2492, SUCCESS, logIndex=3707, commits[056ae293-26b5-4d67-bc5d-e905a6760a80:c3707, a428730f-9893-43cb-a585-e65a7e8859c8:c3703, 994b73f6-7725-4304-b3a4-4941318c1d6c:c3703]
2019-07-08 19:53:26,955 INFO  client.GrpcClientProtocolClient (GrpcClientProtocolClient.java:onNext(255)) - client-B2F93226DCBB->056ae293-26b5-4d67-bc5d-e905a6760a80: receive RaftClientReply:client-B2F93226DCBB->056ae293-26b5-4d67-bc5d-e905a6760a80@group-50E32BB97A46, cid=2493, SUCCESS, logIndex=0, commits[056ae293-26b5-4d67-bc5d-e905a6760a80:c3709, a428730f-9893-43cb-a585-e65a7e8859c8:c3707, 994b73f6-7725-4304-b3a4-4941318c1d6c:c3707]
2019-07-08 19:53:27,041 INFO  client.GrpcClientProtocolClient (GrpcClientProtocolClient.java:onNext(255)) - client-B2F93226DCBB->056ae293-26b5-4d67-bc5d-e905a6760a80: receive RaftClientReply:client-B2F93226DCBB->056ae293-26b5-4d67-bc5d-e905a6760a80@group-50E32BB97A46, cid=2494, SUCCESS, logIndex=3710, commits[056ae293-26b5-4d67-bc5d-e905a6760a80:c3711, a428730f-9893-43cb-a585-e65a7e8859c8:c3709, 994b73f6-7725-4304-b3a4-4941318c1d6c:c3709]
2019-07-08 19:53:27,042 INFO  client.GrpcClientProtocolClient (GrpcClientProtocolClient.java:onNext(255)) - client-B2F93226DCBB->056ae293-26b5-4d67-bc5d-e905a6760a80: receive RaftClientReply:client-B2F93226DCBB->056ae293-26b5-4d67-bc5d-e905a6760a80@group-50E32BB97A46, cid=2495, SUCCESS, logIndex=3711, commits[056ae293-26b5-4d67-bc5d-e905a6760a80:c3711, a428730f-9893-43cb-a585-e65a7e8859c8:c3709, 994b73f6-7725-4304-b3a4-4941318c1d6c:c3709]
2019-07-08 19:53:27,042 INFO  client.GrpcClientProtocolClient (GrpcClientProtocolClient.java:onNext(255)) - client-B2F93226DCBB->056ae293-26b5-4d67-bc5d-e905a6760a80: receive RaftClientReply:client-B2F93226DCBB->056ae293-26b5-4d67-bc5d-e905a6760a80@group-50E32BB97A46, cid=2496, SUCCESS, logIndex=3712, commits[056ae293-26b5-4d67-bc5d-e905a6760a80:c3713, a428730f-9893-43cb-a585-e65a7e8859c8:c3709, 994b73f6-7725-4304-b3a4-4941318c1d6c:c3709]
2019-07-08 19:53:27,043 INFO  client.GrpcClientProtocolClient (GrpcClientProtocolClient.java:onNext(255)) - client-B2F93226DCBB->056ae293-26b5-4d67-bc5d-e905a6760a80: receive RaftClientReply:client-B2F93226DCBB->056ae293-26b5-4d67-bc5d-e905a6760a80@group-50E32BB97A46, cid=2497, SUCCESS, logIndex=3713, commits[056ae293-26b5-4d67-bc5d-e905a6760a80:c3713, a428730f-9893-43cb-a585-e65a7e8859c8:c3709, 994b73f6-7725-4304-b3a4-4941318c1d6c:c3709]
2019-07-08 19:53:27,044 INFO  client.GrpcClientProtocolClient (GrpcClientProtocolClient.java:onNext(255)) - client-B2F93226DCBB->056ae293-26b5-4d67-bc5d-e905a6760a80: receive RaftClientReply:client-B2F93226DCBB->056ae293-26b5-4d67-bc5d-e905a6760a80@group-50E32BB97A46, cid=2498, SUCCESS, logIndex=0, commits[056ae293-26b5-4d67-bc5d-e905a6760a80:c3716, a428730f-9893-43cb-a585-e65a7e8859c8:c3711, 994b73f6-7725-4304-b3a4-4941318c1d6c:c3712]
2019-07-08 19:53:27,067 INFO  client.GrpcClientProtocolClient (GrpcClientProtocolClient.java:onNext(255)) - client-B2F93226DCBB->056ae293-26b5-4d67-bc5d-e905a6760a80: receive RaftClientReply:client-B2F93226DCBB->056ae293-26b5-4d67-bc5d-e905a6760a80@group-50E32BB97A46, cid=2499, SUCCESS, logIndex=3718, commits[056ae293-26b5-4d67-bc5d-e905a6760a80:c3719, a428730f-9893-43cb-a585-e65a7e8859c8:c3717, 994b73f6-7725-4304-b3a4-4941318c1d6c:c3717]
2019-07-08 19:53:27,067 INFO  client.GrpcClientProtocolClient (GrpcClientProtocolClient.java:onNext(255)) - client-B2F93226DCBB->056ae293-26b5-4d67-bc5d-e905a6760a80: receive RaftClientReply:client-B2F93226DCBB->056ae293-26b5-4d67-bc5d-e905a6760a80@group-50E32BB97A46, cid=2500, SUCCESS, logIndex=3719, commits[056ae293-26b5-4d67-bc5d-e905a6760a80:c3719, a428730f-9893-43cb-a585-e65a7e8859c8:c3717, 994b73f6-7725-4304-b3a4-4941318c1d6c:c3717]
2019-07-08 19:53:27,091 INFO  client.GrpcClientProtocolClient (GrpcClientProtocolClient.java:onNext(255)) - client-B2F93226DCBB->056ae293-26b5-4d67-bc5d-e905a6760a80: receive RaftClientReply:client-B2F93226DCBB->056ae293-26b5-4d67-bc5d-e905a6760a80@group-50E32BB97A46, cid=2501, SUCCESS, logIndex=3722, commits[056ae293-26b5-4d67-bc5d-e905a6760a80:c3723, a428730f-9893-43cb-a585-e65a7e8859c8:c3719, 994b73f6-7725-4304-b3a4-4941318c1d6c:c3719]
2019-07-08 19:53:27,092 INFO  client.GrpcClientProtocolClient (GrpcClientProtocolClient.java:onNext(255)) - client-B2F93226DCBB->056ae293-26b5-4d67-bc5d-e905a6760a80: receive RaftClientReply:client-B2F93226DCBB->056ae293-26b5-4d67-bc5d-e905a6760a80@group-50E32BB97A46, cid=2502, SUCCESS, logIndex=3723, commits[056ae293-26b5-4d67-bc5d-e905a6760a80:c3723, a428730f-9893-43cb-a585-e65a7e8859c8:c3719, 994b73f6-7725-4304-b3a4-4941318c1d6c:c3719]
2019-07-08 19:53:27,104 INFO  client.GrpcClientProtocolClient (GrpcClientProtocolClient.java:onNext(255)) - client-B2F93226DCBB->056ae293-26b5-4d67-bc5d-e905a6760a80: receive RaftClientReply:client-B2F93226DCBB->056ae293-26b5-4d67-bc5d-e905a6760a80@group-50E32BB97A46, cid=2503, SUCCESS, logIndex=0, commits[056ae293-26b5-4d67-bc5d-e905a6760a80:c3724, a428730f-9893-43cb-a585-e65a7e8859c8:c3723, 994b73f6-7725-4304-b3a4-4941318c1d6c:c3723]
2019-07-08 19:53:27,249 INFO  client.GrpcClientProtocolClient (GrpcClientProtocolClient.java:onNext(255)) - client-B2F93226DCBB->056ae293-26b5-4d67-bc5d-e905a6760a80: receive RaftClientReply:client-B2F93226DCBB->056ae293-26b5-4d67-bc5d-e905a6760a80@group-50E32BB97A46, cid=2504, SUCCESS, logIndex=3726, commits[056ae293-26b5-4d67-bc5d-e905a6760a80:c3729, a428730f-9893-43cb-a585-e65a7e8859c8:c3725, 994b73f6-7725-4304-b3a4-4941318c1d6c:c3725]
2019-07-08 19:53:27,250 INFO  client.GrpcClientProtocolClient (GrpcClientProtocolClient.java:onNext(255)) - client-B2F93226DCBB->056ae293-26b5-4d67-bc5d-e905a6760a80: receive RaftClientReply:client-B2F93226DCBB->056ae293-26b5-4d67-bc5d-e905a6760a80@group-50E32BB97A46, cid=2505, SUCCESS, logIndex=3727, commits[056ae293-26b5-4d67-bc5d-e905a6760a80:c3729, a428730f-9893-43cb-a585-e65a7e8859c8:c3725, 994b73f6-7725-4304-b3a4-4941318c1d6c:c3725]
2019-07-08 19:53:27,250 INFO  client.GrpcClientProtocolClient (GrpcClientProtocolClient.java:onNext(255)) - client-B2F93226DCBB->056ae293-26b5-4d67-bc5d-e905a6760a80: receive RaftClientReply:client-B2F93226DCBB->056ae293-26b5-4d67-bc5d-e905a6760a80@group-50E32BB97A46, cid=2506, SUCCESS, logIndex=3728, commits[056ae293-26b5-4d67-bc5d-e905a6760a80:c3729, a428730f-9893-43cb-a585-e65a7e8859c8:c3725, 994b73f6-7725-4304-b3a4-4941318c1d6c:c3725]
2019-07-08 19:53:27,251 INFO  client.GrpcClientProtocolClient (GrpcClientProtocolClient.java:onNext(255)) - client-B2F93226DCBB->056ae293-26b5-4d67-bc5d-e905a6760a80: receive RaftClientReply:client-B2F93226DCBB->056ae293-26b5-4d67-bc5d-e905a6760a80@group-50E32BB97A46, cid=2507, SUCCESS, logIndex=3729, commits[056ae293-26b5-4d67-bc5d-e905a6760a80:c3729, a428730f-9893-43cb-a585-e65a7e8859c8:c3725, 994b73f6-7725-4304-b3a4-4941318c1d6c:c3725]
2019-07-08 19:53:27,261 INFO  client.GrpcClientProtocolClient (GrpcClientProtocolClient.java:onNext(255)) - client-B2F93226DCBB->056ae293-26b5-4d67-bc5d-e905a6760a80: receive RaftClientReply:client-B2F93226DCBB->056ae293-26b5-4d67-bc5d-e905a6760a80@group-50E32BB97A46, cid=2508, SUCCESS, logIndex=0, commits[056ae293-26b5-4d67-bc5d-e905a6760a80:c3731, a428730f-9893-43cb-a585-e65a7e8859c8:c3727, 994b73f6-7725-4304-b3a4-4941318c1d6c:c3727]
2019-07-08 19:53:27,284 INFO  client.GrpcClientProtocolClient (GrpcClientProtocolClient.java:onNext(255)) - client-B2F93226DCBB->056ae293-26b5-4d67-bc5d-e905a6760a80: receive RaftClientReply:client-B2F93226DCBB->056ae293-26b5-4d67-bc5d-e905a6760a80@group-50E32BB97A46, cid=2509, SUCCESS, logIndex=3734, commits[056ae293-26b5-4d67-bc5d-e905a6760a80:c3735, a428730f-9893-43cb-a585-e65a7e8859c8:c3733, 994b73f6-7725-4304-b3a4-4941318c1d6c:c3733]
2019-07-08 19:53:27,284 INFO  client.GrpcClientProtocolClient (GrpcClientProtocolClient.java:onNext(255)) - client-B2F93226DCBB->056ae293-26b5-4d67-bc5d-e905a6760a80: receive RaftClientReply:client-B2F93226DCBB->056ae293-26b5-4d67-bc5d-e905a6760a80@group-50E32BB97A46, cid=2510, SUCCESS, logIndex=3735, commits[056ae293-26b5-4d67-bc5d-e905a6760a80:c3735, a428730f-9893-43cb-a585-e65a7e8859c8:c3733, 994b73f6-7725-4304-b3a4-4941318c1d6c:c3733]
2019-07-08 19:53:27,308 INFO  client.GrpcClientProtocolClient (GrpcClientProtocolClient.java:onNext(255)) - client-B2F93226DCBB->056ae293-26b5-4d67-bc5d-e905a6760a80: receive RaftClientReply:client-B2F93226DCBB->056ae293-26b5-4d67-bc5d-e905a6760a80@group-50E32BB97A46, cid=2511, SUCCESS, logIndex=3738, commits[056ae293-26b5-4d67-bc5d-e905a6760a80:c3739, a428730f-9893-43cb-a585-e65a7e8859c8:c3735, 994b73f6-7725-4304-b3a4-4941318c1d6c:c3735]
2019-07-08 19:53:27,308 INFO  client.GrpcClientProtocolClient (GrpcClientProtocolClient.java:onNext(255)) - client-B2F93226DCBB->056ae293-26b5-4d67-bc5d-e905a6760a80: receive RaftClientReply:client-B2F93226DCBB->056ae293-26b5-4d67-bc5d-e905a6760a80@group-50E32BB97A46, cid=2512, SUCCESS, logIndex=3739, commits[056ae293-26b5-4d67-bc5d-e905a6760a80:c3739, a428730f-9893-43cb-a585-e65a7e8859c8:c3735, 994b73f6-7725-4304-b3a4-4941318c1d6c:c3735]
2019-07-08 19:53:27,320 INFO  client.GrpcClientProtocolClient (GrpcClientProtocolClient.java:onNext(255)) - client-B2F93226DCBB->056ae293-26b5-4d67-bc5d-e905a6760a80: receive RaftClientReply:client-B2F93226DCBB->056ae293-26b5-4d67-bc5d-e905a6760a80@group-50E32BB97A46, cid=2513, SUCCESS, logIndex=0, commits[056ae293-26b5-4d67-bc5d-e905a6760a80:c3741, a428730f-9893-43cb-a585-e65a7e8859c8:c3739, 994b73f6-7725-4304-b3a4-4941318c1d6c:c3739]
2019-07-08 19:53:27,356 INFO  client.GrpcClientProtocolClient (GrpcClientProtocolClient.java:onNext(255)) - client-B2F93226DCBB->056ae293-26b5-4d67-bc5d-e905a6760a80: receive RaftClientReply:client-B2F93226DCBB->056ae293-26b5-4d67-bc5d-e905a6760a80@group-50E32BB97A46, cid=2514, SUCCESS, logIndex=3742, commits[056ae293-26b5-4d67-bc5d-e905a6760a80:c3743, a428730f-9893-43cb-a585-e65a7e8859c8:c3741, 994b73f6-7725-4304-b3a4-4941318c1d6c:c3741]
2019-07-08 19:53:27,357 INFO  client.GrpcClientProtocolClient (GrpcClientProtocolClient.java:onNext(255)) - client-B2F93226DCBB->056ae293-26b5-4d67-bc5d-e905a6760a80: receive RaftClientReply:client-B2F93226DCBB->056ae293-26b5-4d67-bc5d-e905a6760a80@group-50E32BB97A46, cid=2515, SUCCESS, logIndex=3743, commits[056ae293-26b5-4d67-bc5d-e905a6760a80:c3745, a428730f-9893-43cb-a585-e65a7e8859c8:c3741, 994b73f6-7725-4304-b3a4-4941318c1d6c:c3741]
2019-07-08 19:53:27,357 INFO  client.GrpcClientProtocolClient (GrpcClientProtocolClient.java:onNext(255)) - client-B2F93226DCBB->056ae293-26b5-4d67-bc5d-e905a6760a80: receive RaftClientReply:client-B2F93226DCBB->056ae293-26b5-4d67-bc5d-e905a6760a80@group-50E32BB97A46, cid=2516, SUCCESS, logIndex=3744, commits[056ae293-26b5-4d67-bc5d-e905a6760a80:c3745, a428730f-9893-43cb-a585-e65a7e8859c8:c3741, 994b73f6-7725-4304-b3a4-4941318c1d6c:c3741]
2019-07-08 19:53:27,358 INFO  client.GrpcClientProtocolClient (GrpcClientProtocolClient.java:onNext(255)) - client-B2F93226DCBB->056ae293-26b5-4d67-bc5d-e905a6760a80: receive RaftClientReply:client-B2F93226DCBB->056ae293-26b5-4d67-bc5d-e905a6760a80@group-50E32BB97A46, cid=2517, SUCCESS, logIndex=3745, commits[056ae293-26b5-4d67-bc5d-e905a6760a80:c3745, a428730f-9893-43cb-a585-e65a7e8859c8:c3741, 994b73f6-7725-4304-b3a4-4941318c1d6c:c3741]
2019-07-08 19:53:27,360 INFO  client.GrpcClientProtocolClient (GrpcClientProtocolClient.java:onNext(255)) - client-B2F93226DCBB->056ae293-26b5-4d67-bc5d-e905a6760a80: receive RaftClientReply:client-B2F93226DCBB->056ae293-26b5-4d67-bc5d-e905a6760a80@group-50E32BB97A46, cid=2518, SUCCESS, logIndex=0, commits[056ae293-26b5-4d67-bc5d-e905a6760a80:c3747, a428730f-9893-43cb-a585-e65a7e8859c8:c3743, 994b73f6-7725-4304-b3a4-4941318c1d6c:c3743]
2019-07-08 19:53:27,384 INFO  client.GrpcClientProtocolClient (GrpcClientProtocolClient.java:onNext(255)) - client-B2F93226DCBB->056ae293-26b5-4d67-bc5d-e905a6760a80: receive RaftClientReply:client-B2F93226DCBB->056ae293-26b5-4d67-bc5d-e905a6760a80@group-50E32BB97A46, cid=2519, SUCCESS, logIndex=3750, commits[056ae293-26b5-4d67-bc5d-e905a6760a80:c3751, a428730f-9893-43cb-a585-e65a7e8859c8:c3747, 994b73f6-7725-4304-b3a4-4941318c1d6c:c3747]
2019-07-08 19:53:27,385 INFO  client.GrpcClientProtocolClient (GrpcClientProtocolClient.java:onNext(255)) - client-B2F93226DCBB->056ae293-26b5-4d67-bc5d-e905a6760a80: receive RaftClientReply:client-B2F93226DCBB->056ae293-26b5-4d67-bc5d-e905a6760a80@group-50E32BB97A46, cid=2520, SUCCESS, logIndex=3751, commits[056ae293-26b5-4d67-bc5d-e905a6760a80:c3751, a428730f-9893-43cb-a585-e65a7e8859c8:c3747, 994b73f6-7725-4304-b3a4-4941318c1d6c:c3747]
2019-07-08 19:53:27,403 INFO  client.GrpcClientProtocolClient (GrpcClientProtocolClient.java:onNext(255)) - client-B2F93226DCBB->056ae293-26b5-4d67-bc5d-e905a6760a80: receive RaftClientReply:client-B2F93226DCBB->056ae293-26b5-4d67-bc5d-e905a6760a80@group-50E32BB97A46, cid=2521, SUCCESS, logIndex=3754, commits[056ae293-26b5-4d67-bc5d-e905a6760a80:c3755, a428730f-9893-43cb-a585-e65a7e8859c8:c3752, 994b73f6-7725-4304-b3a4-4941318c1d6c:c3752]
2019-07-08 19:53:27,404 INFO  client.GrpcClientProtocolClient (GrpcClientProtocolClient.java:onNext(255)) - client-B2F93226DCBB->056ae293-26b5-4d67-bc5d-e905a6760a80: receive RaftClientReply:client-B2F93226DCBB->056ae293-26b5-4d67-bc5d-e905a6760a80@group-50E32BB97A46, cid=2522, SUCCESS, logIndex=3755, commits[056ae293-26b5-4d67-bc5d-e905a6760a80:c3755, a428730f-9893-43cb-a585-e65a7e8859c8:c3752, 994b73f6-7725-4304-b3a4-4941318c1d6c:c3752]
2019-07-08 19:53:27,407 INFO  client.GrpcClientProtocolClient (GrpcClientProtocolClient.java:onNext(255)) - client-B2F93226DCBB->056ae293-26b5-4d67-bc5d-e905a6760a80: receive RaftClientReply:client-B2F93226DCBB->056ae293-26b5-4d67-bc5d-e905a6760a80@group-50E32BB97A46, cid=2523, SUCCESS, logIndex=0, commits[056ae293-26b5-4d67-bc5d-e905a6760a80:c3756, a428730f-9893-43cb-a585-e65a7e8859c8:c3755, 994b73f6-7725-4304-b3a4-4941318c1d6c:c3755]
 0.00% |█                                                                                                    |  0/1 Time: 0:00:232019-07-08 19:53:27,436 INFO  client.GrpcClientProtocolClient (GrpcClientProtocolClient.java:onNext(255)) - client-B2F93226DCBB->056ae293-26b5-4d67-bc5d-e905a6760a80: receive RaftClientReply:client-B2F93226DCBB->056ae293-26b5-4d67-bc5d-e905a6760a80@group-50E32BB97A46, cid=2524, SUCCESS, logIndex=3758, commits[056ae293-26b5-4d67-bc5d-e905a6760a80:c3760, a428730f-9893-43cb-a585-e65a7e8859c8:c3757, 994b73f6-7725-4304-b3a4-4941318c1d6c:c3757]
2019-07-08 19:53:27,437 INFO  client.GrpcClientProtocolClient (GrpcClientProtocolClient.java:onNext(255)) - client-B2F93226DCBB->056ae293-26b5-4d67-bc5d-e905a6760a80: receive RaftClientReply:client-B2F93226DCBB->056ae293-26b5-4d67-bc5d-e905a6760a80@group-50E32BB97A46, cid=2525, SUCCESS, logIndex=3759, commits[056ae293-26b5-4d67-bc5d-e905a6760a80:c3761, a428730f-9893-43cb-a585-e65a7e8859c8:c3757, 994b73f6-7725-4304-b3a4-4941318c1d6c:c3757]
2019-07-08 19:53:27,437 INFO  client.GrpcClientProtocolClient (GrpcClientProtocolClient.java:onNext(255)) - client-B2F93226DCBB->056ae293-26b5-4d67-bc5d-e905a6760a80: receive RaftClientReply:client-B2F93226DCBB->056ae293-26b5-4d67-bc5d-e905a6760a80@group-50E32BB97A46, cid=2526, SUCCESS, logIndex=3760, commits[056ae293-26b5-4d67-bc5d-e905a6760a80:c3761, a428730f-9893-43cb-a585-e65a7e8859c8:c3757, 994b73f6-7725-4304-b3a4-4941318c1d6c:c3757]
2019-07-08 19:53:27,437 INFO  client.GrpcClientProtocolClient (GrpcClientProtocolClient.java:onNext(255)) - client-B2F93226DCBB->056ae293-26b5-4d67-bc5d-e905a6760a80: receive RaftClientReply:client-B2F93226DCBB->056ae293-26b5-4d67-bc5d-e905a6760a80@group-50E32BB97A46, cid=2527, SUCCESS, logIndex=3761, commits[056ae293-26b5-4d67-bc5d-e905a6760a80:c3761, a428730f-9893-43cb-a585-e65a7e8859c8:c3757, 994b73f6-7725-4304-b3a4-4941318c1d6c:c3757]
2019-07-08 19:53:27,450 INFO  client.GrpcClientProtocolClient (GrpcClientProtocolClient.java:onNext(255)) - client-B2F93226DCBB->056ae293-26b5-4d67-bc5d-e905a6760a80: receive RaftClientReply:client-B2F93226DCBB->056ae293-26b5-4d67-bc5d-e905a6760a80@group-50E32BB97A46, cid=2528, SUCCESS, logIndex=0, commits[056ae293-26b5-4d67-bc5d-e905a6760a80:c3763, a428730f-9893-43cb-a585-e65a7e8859c8:c3759, 994b73f6-7725-4304-b3a4-4941318c1d6c:c3759]
2019-07-08 19:53:27,469 INFO  client.GrpcClientProtocolClient (GrpcClientProtocolClient.java:onNext(255)) - client-B2F93226DCBB->056ae293-26b5-4d67-bc5d-e905a6760a80: receive RaftClientReply:client-B2F93226DCBB->056ae293-26b5-4d67-bc5d-e905a6760a80@group-50E32BB97A46, cid=2529, SUCCESS, logIndex=3766, commits[056ae293-26b5-4d67-bc5d-e905a6760a80:c3767, a428730f-9893-43cb-a585-e65a7e8859c8:c3765, 994b73f6-7725-4304-b3a4-4941318c1d6c:c3765]
2019-07-08 19:53:27,469 INFO  client.GrpcClientProtocolClient (GrpcClientProtocolClient.java:onNext(255)) - client-B2F93226DCBB->056ae293-26b5-4d67-bc5d-e905a6760a80: receive RaftClientReply:client-B2F93226DCBB->056ae293-26b5-4d67-bc5d-e905a6760a80@group-50E32BB97A46, cid=2530, SUCCESS, logIndex=3767, commits[056ae293-26b5-4d67-bc5d-e905a6760a80:c3767, a428730f-9893-43cb-a585-e65a7e8859c8:c3765, 994b73f6-7725-4304-b3a4-4941318c1d6c:c3765]
2019-07-08 19:53:27,484 INFO  client.GrpcClientProtocolClient (GrpcClientProtocolClient.java:onNext(255)) - client-B2F93226DCBB->056ae293-26b5-4d67-bc5d-e905a6760a80: receive RaftClientReply:client-B2F93226DCBB->056ae293-26b5-4d67-bc5d-e905a6760a80@group-50E32BB97A46, cid=2531, SUCCESS, logIndex=3770, commits[056ae293-26b5-4d67-bc5d-e905a6760a80:c3770, a428730f-9893-43cb-a585-e65a7e8859c8:c3767, 994b73f6-7725-4304-b3a4-4941318c1d6c:c3767]
2019-07-08 19:53:27,484 INFO  client.GrpcClientProtocolClient (GrpcClientProtocolClient.java:onNext(255)) - client-B2F93226DCBB->056ae293-26b5-4d67-bc5d-e905a6760a80: receive RaftClientReply:client-B2F93226DCBB->056ae293-26b5-4d67-bc5d-e905a6760a80@group-50E32BB97A46, cid=2532, SUCCESS, logIndex=3771, commits[056ae293-26b5-4d67-bc5d-e905a6760a80:c3771, a428730f-9893-43cb-a585-e65a7e8859c8:c3767, 994b73f6-7725-4304-b3a4-4941318c1d6c:c3767]
2019-07-08 19:53:27,498 INFO  client.GrpcClientProtocolClient (GrpcClientProtocolClient.java:onNext(255)) - client-B2F93226DCBB->056ae293-26b5-4d67-bc5d-e905a6760a80: receive RaftClientReply:client-B2F93226DCBB->056ae293-26b5-4d67-bc5d-e905a6760a80@group-50E32BB97A46, cid=2533, SUCCESS, logIndex=0, commits[056ae293-26b5-4d67-bc5d-e905a6760a80:c3772, a428730f-9893-43cb-a585-e65a7e8859c8:c3771, 994b73f6-7725-4304-b3a4-4941318c1d6c:c3771]
2019-07-08 19:53:27,527 INFO  client.GrpcClientProtocolClient (GrpcClientProtocolClient.java:onNext(255)) - client-B2F93226DCBB->056ae293-26b5-4d67-bc5d-e905a6760a80: receive RaftClientReply:client-B2F93226DCBB->056ae293-26b5-4d67-bc5d-e905a6760a80@group-50E32BB97A46, cid=2534, SUCCESS, logIndex=3774, commits[056ae293-26b5-4d67-bc5d-e905a6760a80:c3775, a428730f-9893-43cb-a585-e65a7e8859c8:c3773, 994b73f6-7725-4304-b3a4-4941318c1d6c:c3773]
2019-07-08 19:53:27,528 INFO  client.GrpcClientProtocolClient (GrpcClientProtocolClient.java:onNext(255)) - client-B2F93226DCBB->056ae293-26b5-4d67-bc5d-e905a6760a80: receive RaftClientReply:client-B2F93226DCBB->056ae293-26b5-4d67-bc5d-e905a6760a80@group-50E32BB97A46, cid=2535, SUCCESS, logIndex=3775, commits[056ae293-26b5-4d67-bc5d-e905a6760a80:c3777, a428730f-9893-43cb-a585-e65a7e8859c8:c3773, 994b73f6-7725-4304-b3a4-4941318c1d6c:c3773]
2019-07-08 19:53:27,528 INFO  client.GrpcClientProtocolClient (GrpcClientProtocolClient.java:onNext(255)) - client-B2F93226DCBB->056ae293-26b5-4d67-bc5d-e905a6760a80: receive RaftClientReply:client-B2F93226DCBB->056ae293-26b5-4d67-bc5d-e905a6760a80@group-50E32BB97A46, cid=2536, SUCCESS, logIndex=3776, commits[056ae293-26b5-4d67-bc5d-e905a6760a80:c3777, a428730f-9893-43cb-a585-e65a7e8859c8:c3773, 994b73f6-7725-4304-b3a4-4941318c1d6c:c3773]
2019-07-08 19:53:27,528 INFO  client.GrpcClientProtocolClient (GrpcClientProtocolClient.java:onNext(255)) - client-B2F93226DCBB->056ae293-26b5-4d67-bc5d-e905a6760a80: receive RaftClientReply:client-B2F93226DCBB->056ae293-26b5-4d67-bc5d-e905a6760a80@group-50E32BB97A46, cid=2537, SUCCESS, logIndex=3777, commits[056ae293-26b5-4d67-bc5d-e905a6760a80:c3777, a428730f-9893-43cb-a585-e65a7e8859c8:c3773, 994b73f6-7725-4304-b3a4-4941318c1d6c:c3773]
2019-07-08 19:53:27,542 INFO  client.GrpcClientProtocolClient (GrpcClientProtocolClient.java:onNext(255)) - client-B2F93226DCBB->056ae293-26b5-4d67-bc5d-e905a6760a80: receive RaftClientReply:client-B2F93226DCBB->056ae293-26b5-4d67-bc5d-e905a6760a80@group-50E32BB97A46, cid=2538, SUCCESS, logIndex=0, commits[056ae293-26b5-4d67-bc5d-e905a6760a80:c3779, a428730f-9893-43cb-a585-e65a7e8859c8:c3775, 994b73f6-7725-4304-b3a4-4941318c1d6c:c3775]
2019-07-08 19:53:27,565 INFO  client.GrpcClientProtocolClient (GrpcClientProtocolClient.java:onNext(255)) - client-B2F93226DCBB->056ae293-26b5-4d67-bc5d-e905a6760a80: receive RaftClientReply:client-B2F93226DCBB->056ae293-26b5-4d67-bc5d-e905a6760a80@group-50E32BB97A46, cid=2539, SUCCESS, logIndex=3782, commits[056ae293-26b5-4d67-bc5d-e905a6760a80:c3783, a428730f-9893-43cb-a585-e65a7e8859c8:c3777, 994b73f6-7725-4304-b3a4-4941318c1d6c:c3781]
2019-07-08 19:53:27,566 INFO  client.GrpcClientProtocolClient (GrpcClientProtocolClient.java:onNext(255)) - client-B2F93226DCBB->056ae293-26b5-4d67-bc5d-e905a6760a80: receive RaftClientReply:client-B2F93226DCBB->056ae293-26b5-4d67-bc5d-e905a6760a80@group-50E32BB97A46, cid=2540, SUCCESS, logIndex=3783, commits[056ae293-26b5-4d67-bc5d-e905a6760a80:c3783, a428730f-9893-43cb-a585-e65a7e8859c8:c3781, 994b73f6-7725-4304-b3a4-4941318c1d6c:c3781]
2019-07-08 19:53:27,583 INFO  client.GrpcClientProtocolClient (GrpcClientProtocolClient.java:onNext(255)) - client-B2F93226DCBB->056ae293-26b5-4d67-bc5d-e905a6760a80: receive RaftClientReply:client-B2F93226DCBB->056ae293-26b5-4d67-bc5d-e905a6760a80@group-50E32BB97A46, cid=2541, SUCCESS, logIndex=3786, commits[056ae293-26b5-4d67-bc5d-e905a6760a80:c3786, a428730f-9893-43cb-a585-e65a7e8859c8:c3783, 994b73f6-7725-4304-b3a4-4941318c1d6c:c3783]
2019-07-08 19:53:27,583 INFO  client.GrpcClientProtocolClient (GrpcClientProtocolClient.java:onNext(255)) - client-B2F93226DCBB->056ae293-26b5-4d67-bc5d-e905a6760a80: receive RaftClientReply:client-B2F93226DCBB->056ae293-26b5-4d67-bc5d-e905a6760a80@group-50E32BB97A46, cid=2542, SUCCESS, logIndex=3787, commits[056ae293-26b5-4d67-bc5d-e905a6760a80:c3787, a428730f-9893-43cb-a585-e65a7e8859c8:c3783, 994b73f6-7725-4304-b3a4-4941318c1d6c:c3783]
2019-07-08 19:53:27,607 INFO  client.GrpcClientProtocolClient (GrpcClientProtocolClient.java:onNext(255)) - client-B2F93226DCBB->056ae293-26b5-4d67-bc5d-e905a6760a80: receive RaftClientReply:client-B2F93226DCBB->056ae293-26b5-4d67-bc5d-e905a6760a80@group-50E32BB97A46, cid=2543, SUCCESS, logIndex=0, commits[056ae293-26b5-4d67-bc5d-e905a6760a80:c3789, a428730f-9893-43cb-a585-e65a7e8859c8:c3787, 994b73f6-7725-4304-b3a4-4941318c1d6c:c3787]
2019-07-08 19:53:27,634 INFO  client.GrpcClientProtocolClient (GrpcClientProtocolClient.java:onNext(255)) - client-B2F93226DCBB->056ae293-26b5-4d67-bc5d-e905a6760a80: receive RaftClientReply:client-B2F93226DCBB->056ae293-26b5-4d67-bc5d-e905a6760a80@group-50E32BB97A46, cid=2544, SUCCESS, logIndex=3790, commits[056ae293-26b5-4d67-bc5d-e905a6760a80:c3792, a428730f-9893-43cb-a585-e65a7e8859c8:c3789, 994b73f6-7725-4304-b3a4-4941318c1d6c:c3787]
2019-07-08 19:53:27,635 INFO  client.GrpcClientProtocolClient (GrpcClientProtocolClient.java:onNext(255)) - client-B2F93226DCBB->056ae293-26b5-4d67-bc5d-e905a6760a80: receive RaftClientReply:client-B2F93226DCBB->056ae293-26b5-4d67-bc5d-e905a6760a80@group-50E32BB97A46, cid=2545, SUCCESS, logIndex=3791, commits[056ae293-26b5-4d67-bc5d-e905a6760a80:c3793, a428730f-9893-43cb-a585-e65a7e8859c8:c3789, 994b73f6-7725-4304-b3a4-4941318c1d6c:c3789]
2019-07-08 19:53:27,635 INFO  client.GrpcClientProtocolClient (GrpcClientProtocolClient.java:onNext(255)) - client-B2F93226DCBB->056ae293-26b5-4d67-bc5d-e905a6760a80: receive RaftClientReply:client-B2F93226DCBB->056ae293-26b5-4d67-bc5d-e905a6760a80@group-50E32BB97A46, cid=2546, SUCCESS, logIndex=3792, commits[056ae293-26b5-4d67-bc5d-e905a6760a80:c3793, a428730f-9893-43cb-a585-e65a7e8859c8:c3789, 994b73f6-7725-4304-b3a4-4941318c1d6c:c3789]
2019-07-08 19:53:27,636 INFO  client.GrpcClientProtocolClient (GrpcClientProtocolClient.java:onNext(255)) - client-B2F93226DCBB->056ae293-26b5-4d67-bc5d-e905a6760a80: receive RaftClientReply:client-B2F93226DCBB->056ae293-26b5-4d67-bc5d-e905a6760a80@group-50E32BB97A46, cid=2547, SUCCESS, logIndex=3793, commits[056ae293-26b5-4d67-bc5d-e905a6760a80:c3793, a428730f-9893-43cb-a585-e65a7e8859c8:c3789, 994b73f6-7725-4304-b3a4-4941318c1d6c:c3789]
2019-07-08 19:53:27,637 INFO  client.GrpcClientProtocolClient (GrpcClientProtocolClient.java:onNext(255)) - client-B2F93226DCBB->056ae293-26b5-4d67-bc5d-e905a6760a80: receive RaftClientReply:client-B2F93226DCBB->056ae293-26b5-4d67-bc5d-e905a6760a80@group-50E32BB97A46, cid=2548, SUCCESS, logIndex=0, commits[056ae293-26b5-4d67-bc5d-e905a6760a80:c3795, a428730f-9893-43cb-a585-e65a7e8859c8:c3791, 994b73f6-7725-4304-b3a4-4941318c1d6c:c3791]
2019-07-08 19:53:27,649 INFO  client.GrpcClientProtocolClient (GrpcClientProtocolClient.java:onNext(255)) - client-B2F93226DCBB->056ae293-26b5-4d67-bc5d-e905a6760a80: receive RaftClientReply:client-B2F93226DCBB->056ae293-26b5-4d67-bc5d-e905a6760a80@group-50E32BB97A46, cid=2549, SUCCESS, logIndex=3798, commits[056ae293-26b5-4d67-bc5d-e905a6760a80:c3799, a428730f-9893-43cb-a585-e65a7e8859c8:c3797, 994b73f6-7725-4304-b3a4-4941318c1d6c:c3793]
2019-07-08 19:53:27,650 INFO  client.GrpcClientProtocolClient (GrpcClientProtocolClient.java:onNext(255)) - client-B2F93226DCBB->056ae293-26b5-4d67-bc5d-e905a6760a80: receive RaftClientReply:client-B2F93226DCBB->056ae293-26b5-4d67-bc5d-e905a6760a80@group-50E32BB97A46, cid=2550, SUCCESS, logIndex=3799, commits[056ae293-26b5-4d67-bc5d-e905a6760a80:c3799, a428730f-9893-43cb-a585-e65a7e8859c8:c3797, 994b73f6-7725-4304-b3a4-4941318c1d6c:c3793]
2019-07-08 19:53:27,677 INFO  client.GrpcClientProtocolClient (GrpcClientProtocolClient.java:onNext(255)) - client-B2F93226DCBB->056ae293-26b5-4d67-bc5d-e905a6760a80: receive RaftClientReply:client-B2F93226DCBB->056ae293-26b5-4d67-bc5d-e905a6760a80@group-50E32BB97A46, cid=2551, SUCCESS, logIndex=3802, commits[056ae293-26b5-4d67-bc5d-e905a6760a80:c3803, a428730f-9893-43cb-a585-e65a7e8859c8:c3801, 994b73f6-7725-4304-b3a4-4941318c1d6c:c3801]
2019-07-08 19:53:27,678 INFO  client.GrpcClientProtocolClient (GrpcClientProtocolClient.java:onNext(255)) - client-B2F93226DCBB->056ae293-26b5-4d67-bc5d-e905a6760a80: receive RaftClientReply:client-B2F93226DCBB->056ae293-26b5-4d67-bc5d-e905a6760a80@group-50E32BB97A46, cid=2552, SUCCESS, logIndex=3803, commits[056ae293-26b5-4d67-bc5d-e905a6760a80:c3803, a428730f-9893-43cb-a585-e65a7e8859c8:c3801, 994b73f6-7725-4304-b3a4-4941318c1d6c:c3801]
2019-07-08 19:53:27,690 INFO  client.GrpcClientProtocolClient (GrpcClientProtocolClient.java:onNext(255)) - client-B2F93226DCBB->056ae293-26b5-4d67-bc5d-e905a6760a80: receive RaftClientReply:client-B2F93226DCBB->056ae293-26b5-4d67-bc5d-e905a6760a80@group-50E32BB97A46, cid=2553, SUCCESS, logIndex=0, commits[056ae293-26b5-4d67-bc5d-e905a6760a80:c3805, a428730f-9893-43cb-a585-e65a7e8859c8:c3803, 994b73f6-7725-4304-b3a4-4941318c1d6c:c3803]
2019-07-08 19:53:27,721 INFO  client.GrpcClientProtocolClient (GrpcClientProtocolClient.java:onNext(255)) - client-B2F93226DCBB->056ae293-26b5-4d67-bc5d-e905a6760a80: receive RaftClientReply:client-B2F93226DCBB->056ae293-26b5-4d67-bc5d-e905a6760a80@group-50E32BB97A46, cid=2554, SUCCESS, logIndex=3806, commits[056ae293-26b5-4d67-bc5d-e905a6760a80:c3808, a428730f-9893-43cb-a585-e65a7e8859c8:c3805, 994b73f6-7725-4304-b3a4-4941318c1d6c:c3805]
2019-07-08 19:53:27,722 INFO  client.GrpcClientProtocolClient (GrpcClientProtocolClient.java:onNext(255)) - client-B2F93226DCBB->056ae293-26b5-4d67-bc5d-e905a6760a80: receive RaftClientReply:client-B2F93226DCBB->056ae293-26b5-4d67-bc5d-e905a6760a80@group-50E32BB97A46, cid=2555, SUCCESS, logIndex=3807, commits[056ae293-26b5-4d67-bc5d-e905a6760a80:c3809, a428730f-9893-43cb-a585-e65a7e8859c8:c3805, 994b73f6-7725-4304-b3a4-4941318c1d6c:c3805]
2019-07-08 19:53:27,722 INFO  client.GrpcClientProtocolClient (GrpcClientProtocolClient.java:onNext(255)) - client-B2F93226DCBB->056ae293-26b5-4d67-bc5d-e905a6760a80: receive RaftClientReply:client-B2F93226DCBB->056ae293-26b5-4d67-bc5d-e905a6760a80@group-50E32BB97A46, cid=2556, SUCCESS, logIndex=3808, commits[056ae293-26b5-4d67-bc5d-e905a6760a80:c3809, a428730f-9893-43cb-a585-e65a7e8859c8:c3805, 994b73f6-7725-4304-b3a4-4941318c1d6c:c3805]
2019-07-08 19:53:27,723 INFO  client.GrpcClientProtocolClient (GrpcClientProtocolClient.java:onNext(255)) - client-B2F93226DCBB->056ae293-26b5-4d67-bc5d-e905a6760a80: receive RaftClientReply:client-B2F93226DCBB->056ae293-26b5-4d67-bc5d-e905a6760a80@group-50E32BB97A46, cid=2557, SUCCESS, logIndex=3809, commits[056ae293-26b5-4d67-bc5d-e905a6760a80:c3809, a428730f-9893-43cb-a585-e65a7e8859c8:c3805, 994b73f6-7725-4304-b3a4-4941318c1d6c:c3805]
2019-07-08 19:53:27,725 INFO  client.GrpcClientProtocolClient (GrpcClientProtocolClient.java:onNext(255)) - client-B2F93226DCBB->056ae293-26b5-4d67-bc5d-e905a6760a80: receive RaftClientReply:client-B2F93226DCBB->056ae293-26b5-4d67-bc5d-e905a6760a80@group-50E32BB97A46, cid=2558, SUCCESS, logIndex=0, commits[056ae293-26b5-4d67-bc5d-e905a6760a80:c3813, a428730f-9893-43cb-a585-e65a7e8859c8:c3807, 994b73f6-7725-4304-b3a4-4941318c1d6c:c3809]
2019-07-08 19:53:27,746 INFO  client.GrpcClientProtocolClient (GrpcClientProtocolClient.java:onNext(255)) - client-B2F93226DCBB->056ae293-26b5-4d67-bc5d-e905a6760a80: receive RaftClientReply:client-B2F93226DCBB->056ae293-26b5-4d67-bc5d-e905a6760a80@group-50E32BB97A46, cid=2559, SUCCESS, logIndex=3814, commits[056ae293-26b5-4d67-bc5d-e905a6760a80:c3815, a428730f-9893-43cb-a585-e65a7e8859c8:c3813, 994b73f6-7725-4304-b3a4-4941318c1d6c:c3813]
2019-07-08 19:53:27,746 INFO  client.GrpcClientProtocolClient (GrpcClientProtocolClient.java:onNext(255)) - client-B2F93226DCBB->056ae293-26b5-4d67-bc5d-e905a6760a80: receive RaftClientReply:client-B2F93226DCBB->056ae293-26b5-4d67-bc5d-e905a6760a80@group-50E32BB97A46, cid=2560, SUCCESS, logIndex=3815, commits[056ae293-26b5-4d67-bc5d-e905a6760a80:c3815, a428730f-9893-43cb-a585-e65a7e8859c8:c3813, 994b73f6-7725-4304-b3a4-4941318c1d6c:c3813]
2019-07-08 19:53:27,759 INFO  client.GrpcClientProtocolClient (GrpcClientProtocolClient.java:onNext(255)) - client-B2F93226DCBB->056ae293-26b5-4d67-bc5d-e905a6760a80: receive RaftClientReply:client-B2F93226DCBB->056ae293-26b5-4d67-bc5d-e905a6760a80@group-50E32BB97A46, cid=2561, SUCCESS, logIndex=3818, commits[056ae293-26b5-4d67-bc5d-e905a6760a80:c3819, a428730f-9893-43cb-a585-e65a7e8859c8:c3815, 994b73f6-7725-4304-b3a4-4941318c1d6c:c3815]
2019-07-08 19:53:27,759 INFO  client.GrpcClientProtocolClient (GrpcClientProtocolClient.java:onNext(255)) - client-B2F93226DCBB->056ae293-26b5-4d67-bc5d-e905a6760a80: receive RaftClientReply:client-B2F93226DCBB->056ae293-26b5-4d67-bc5d-e905a6760a80@group-50E32BB97A46, cid=2562, SUCCESS, logIndex=3819, commits[056ae293-26b5-4d67-bc5d-e905a6760a80:c3819, a428730f-9893-43cb-a585-e65a7e8859c8:c3815, 994b73f6-7725-4304-b3a4-4941318c1d6c:c3815]
2019-07-08 19:53:27,771 INFO  client.GrpcClientProtocolClient (GrpcClientProtocolClient.java:onNext(255)) - client-B2F93226DCBB->056ae293-26b5-4d67-bc5d-e905a6760a80: receive RaftClientReply:client-B2F93226DCBB->056ae293-26b5-4d67-bc5d-e905a6760a80@group-50E32BB97A46, cid=2563, SUCCESS, logIndex=0, commits[056ae293-26b5-4d67-bc5d-e905a6760a80:c3820, a428730f-9893-43cb-a585-e65a7e8859c8:c3819, 994b73f6-7725-4304-b3a4-4941318c1d6c:c3819]
2019-07-08 19:53:27,802 INFO  client.GrpcClientProtocolClient (GrpcClientProtocolClient.java:onNext(255)) - client-B2F93226DCBB->056ae293-26b5-4d67-bc5d-e905a6760a80: receive RaftClientReply:client-B2F93226DCBB->056ae293-26b5-4d67-bc5d-e905a6760a80@group-50E32BB97A46, cid=2564, SUCCESS, logIndex=3822, commits[056ae293-26b5-4d67-bc5d-e905a6760a80:c3824, a428730f-9893-43cb-a585-e65a7e8859c8:c3821, 994b73f6-7725-4304-b3a4-4941318c1d6c:c3821]
2019-07-08 19:53:27,802 INFO  client.GrpcClientProtocolClient (GrpcClientProtocolClient.java:onNext(255)) - client-B2F93226DCBB->056ae293-26b5-4d67-bc5d-e905a6760a80: receive RaftClientReply:client-B2F93226DCBB->056ae293-26b5-4d67-bc5d-e905a6760a80@group-50E32BB97A46, cid=2565, SUCCESS, logIndex=3823, commits[056ae293-26b5-4d67-bc5d-e905a6760a80:c3825, a428730f-9893-43cb-a585-e65a7e8859c8:c3821, 994b73f6-7725-4304-b3a4-4941318c1d6c:c3821]
2019-07-08 19:53:27,803 INFO  client.GrpcClientProtocolClient (GrpcClientProtocolClient.java:onNext(255)) - client-B2F93226DCBB->056ae293-26b5-4d67-bc5d-e905a6760a80: receive RaftClientReply:client-B2F93226DCBB->056ae293-26b5-4d67-bc5d-e905a6760a80@group-50E32BB97A46, cid=2566, SUCCESS, logIndex=3824, commits[056ae293-26b5-4d67-bc5d-e905a6760a80:c3825, a428730f-9893-43cb-a585-e65a7e8859c8:c3821, 994b73f6-7725-4304-b3a4-4941318c1d6c:c3821]
2019-07-08 19:53:27,803 INFO  client.GrpcClientProtocolClient (GrpcClientProtocolClient.java:onNext(255)) - client-B2F93226DCBB->056ae293-26b5-4d67-bc5d-e905a6760a80: receive RaftClientReply:client-B2F93226DCBB->056ae293-26b5-4d67-bc5d-e905a6760a80@group-50E32BB97A46, cid=2567, SUCCESS, logIndex=3825, commits[056ae293-26b5-4d67-bc5d-e905a6760a80:c3825, a428730f-9893-43cb-a585-e65a7e8859c8:c3821, 994b73f6-7725-4304-b3a4-4941318c1d6c:c3821]
2019-07-08 19:53:27,807 INFO  client.GrpcClientProtocolClient (GrpcClientProtocolClient.java:onNext(255)) - client-B2F93226DCBB->056ae293-26b5-4d67-bc5d-e905a6760a80: receive RaftClientReply:client-B2F93226DCBB->056ae293-26b5-4d67-bc5d-e905a6760a80@group-50E32BB97A46, cid=2568, SUCCESS, logIndex=0, commits[056ae293-26b5-4d67-bc5d-e905a6760a80:c3827, a428730f-9893-43cb-a585-e65a7e8859c8:c3823, 994b73f6-7725-4304-b3a4-4941318c1d6c:c3823]
2019-07-08 19:53:27,827 INFO  client.GrpcClientProtocolClient (GrpcClientProtocolClient.java:onNext(255)) - client-B2F93226DCBB->056ae293-26b5-4d67-bc5d-e905a6760a80: receive RaftClientReply:client-B2F93226DCBB->056ae293-26b5-4d67-bc5d-e905a6760a80@group-50E32BB97A46, cid=2569, SUCCESS, logIndex=3830, commits[056ae293-26b5-4d67-bc5d-e905a6760a80:c3831, a428730f-9893-43cb-a585-e65a7e8859c8:c3829, 994b73f6-7725-4304-b3a4-4941318c1d6c:c3829]
2019-07-08 19:53:27,827 INFO  client.GrpcClientProtocolClient (GrpcClientProtocolClient.java:onNext(255)) - client-B2F93226DCBB->056ae293-26b5-4d67-bc5d-e905a6760a80: receive RaftClientReply:client-B2F93226DCBB->056ae293-26b5-4d67-bc5d-e905a6760a80@group-50E32BB97A46, cid=2570, SUCCESS, logIndex=3831, commits[056ae293-26b5-4d67-bc5d-e905a6760a80:c3831, a428730f-9893-43cb-a585-e65a7e8859c8:c3829, 994b73f6-7725-4304-b3a4-4941318c1d6c:c3829]
2019-07-08 19:53:27,854 INFO  client.GrpcClientProtocolClient (GrpcClientProtocolClient.java:onNext(255)) - client-B2F93226DCBB->056ae293-26b5-4d67-bc5d-e905a6760a80: receive RaftClientReply:client-B2F93226DCBB->056ae293-26b5-4d67-bc5d-e905a6760a80@group-50E32BB97A46, cid=2571, SUCCESS, logIndex=3834, commits[056ae293-26b5-4d67-bc5d-e905a6760a80:c3835, a428730f-9893-43cb-a585-e65a7e8859c8:c3831, 994b73f6-7725-4304-b3a4-4941318c1d6c:c3831]
2019-07-08 19:53:27,854 INFO  client.GrpcClientProtocolClient (GrpcClientProtocolClient.java:onNext(255)) - client-B2F93226DCBB->056ae293-26b5-4d67-bc5d-e905a6760a80: receive RaftClientReply:client-B2F93226DCBB->056ae293-26b5-4d67-bc5d-e905a6760a80@group-50E32BB97A46, cid=2572, SUCCESS, logIndex=3835, commits[056ae293-26b5-4d67-bc5d-e905a6760a80:c3835, a428730f-9893-43cb-a585-e65a7e8859c8:c3831, 994b73f6-7725-4304-b3a4-4941318c1d6c:c3831]
2019-07-08 19:53:27,869 INFO  client.GrpcClientProtocolClient (GrpcClientProtocolClient.java:onNext(255)) - client-B2F93226DCBB->056ae293-26b5-4d67-bc5d-e905a6760a80: receive RaftClientReply:client-B2F93226DCBB->056ae293-26b5-4d67-bc5d-e905a6760a80@group-50E32BB97A46, cid=2573, SUCCESS, logIndex=0, commits[056ae293-26b5-4d67-bc5d-e905a6760a80:c3837, a428730f-9893-43cb-a585-e65a7e8859c8:c3835, 994b73f6-7725-4304-b3a4-4941318c1d6c:c3835]
2019-07-08 19:53:27,896 INFO  client.GrpcClientProtocolClient (GrpcClientProtocolClient.java:onNext(255)) - client-B2F93226DCBB->056ae293-26b5-4d67-bc5d-e905a6760a80: receive RaftClientReply:client-B2F93226DCBB->056ae293-26b5-4d67-bc5d-e905a6760a80@group-50E32BB97A46, cid=2574, SUCCESS, logIndex=3838, commits[056ae293-26b5-4d67-bc5d-e905a6760a80:c3839, a428730f-9893-43cb-a585-e65a7e8859c8:c3837, 994b73f6-7725-4304-b3a4-4941318c1d6c:c3835]
2019-07-08 19:53:27,897 INFO  client.GrpcClientProtocolClient (GrpcClientProtocolClient.java:onNext(255)) - client-B2F93226DCBB->056ae293-26b5-4d67-bc5d-e905a6760a80: receive RaftClientReply:client-B2F93226DCBB->056ae293-26b5-4d67-bc5d-e905a6760a80@group-50E32BB97A46, cid=2575, SUCCESS, logIndex=3839, commits[056ae293-26b5-4d67-bc5d-e905a6760a80:c3839, a428730f-9893-43cb-a585-e65a7e8859c8:c3837, 994b73f6-7725-4304-b3a4-4941318c1d6c:c3835]
2019-07-08 19:53:27,898 INFO  client.GrpcClientProtocolClient (GrpcClientProtocolClient.java:onNext(255)) - client-B2F93226DCBB->056ae293-26b5-4d67-bc5d-e905a6760a80: receive RaftClientReply:client-B2F93226DCBB->056ae293-26b5-4d67-bc5d-e905a6760a80@group-50E32BB97A46, cid=2576, SUCCESS, logIndex=3840, commits[056ae293-26b5-4d67-bc5d-e905a6760a80:c3840, a428730f-9893-43cb-a585-e65a7e8859c8:c3837, 994b73f6-7725-4304-b3a4-4941318c1d6c:c3837]
2019-07-08 19:53:27,898 INFO  client.GrpcClientProtocolClient (GrpcClientProtocolClient.java:onNext(255)) - client-B2F93226DCBB->056ae293-26b5-4d67-bc5d-e905a6760a80: receive RaftClientReply:client-B2F93226DCBB->056ae293-26b5-4d67-bc5d-e905a6760a80@group-50E32BB97A46, cid=2577, SUCCESS, logIndex=3841, commits[056ae293-26b5-4d67-bc5d-e905a6760a80:c3841, a428730f-9893-43cb-a585-e65a7e8859c8:c3837, 994b73f6-7725-4304-b3a4-4941318c1d6c:c3837]
2019-07-08 19:53:27,899 INFO  client.GrpcClientProtocolClient (GrpcClientProtocolClient.java:onNext(255)) - client-B2F93226DCBB->056ae293-26b5-4d67-bc5d-e905a6760a80: receive RaftClientReply:client-B2F93226DCBB->056ae293-26b5-4d67-bc5d-e905a6760a80@group-50E32BB97A46, cid=2578, SUCCESS, logIndex=0, commits[056ae293-26b5-4d67-bc5d-e905a6760a80:c3843, a428730f-9893-43cb-a585-e65a7e8859c8:c3841, 994b73f6-7725-4304-b3a4-4941318c1d6c:c3839]
2019-07-08 19:53:27,910 INFO  client.GrpcClientProtocolClient (GrpcClientProtocolClient.java:onNext(255)) - client-B2F93226DCBB->056ae293-26b5-4d67-bc5d-e905a6760a80: receive RaftClientReply:client-B2F93226DCBB->056ae293-26b5-4d67-bc5d-e905a6760a80@group-50E32BB97A46, cid=2579, SUCCESS, logIndex=3846, commits[056ae293-26b5-4d67-bc5d-e905a6760a80:c3847, a428730f-9893-43cb-a585-e65a7e8859c8:c3841, 994b73f6-7725-4304-b3a4-4941318c1d6c:c3845]
2019-07-08 19:53:27,910 INFO  client.GrpcClientProtocolClient (GrpcClientProtocolClient.java:onNext(255)) - client-B2F93226DCBB->056ae293-26b5-4d67-bc5d-e905a6760a80: receive RaftClientReply:client-B2F93226DCBB->056ae293-26b5-4d67-bc5d-e905a6760a80@group-50E32BB97A46, cid=2580, SUCCESS, logIndex=3847, commits[056ae293-26b5-4d67-bc5d-e905a6760a80:c3847, a428730f-9893-43cb-a585-e65a7e8859c8:c3845, 994b73f6-7725-4304-b3a4-4941318c1d6c:c3845]
2019-07-08 19:53:27,937 INFO  client.GrpcClientProtocolClient (GrpcClientProtocolClient.java:onNext(255)) - client-B2F93226DCBB->056ae293-26b5-4d67-bc5d-e905a6760a80: receive RaftClientReply:client-B2F93226DCBB->056ae293-26b5-4d67-bc5d-e905a6760a80@group-50E32BB97A46, cid=2581, SUCCESS, logIndex=3850, commits[056ae293-26b5-4d67-bc5d-e905a6760a80:c3851, a428730f-9893-43cb-a585-e65a7e8859c8:c3848, 994b73f6-7725-4304-b3a4-4941318c1d6c:c3848]
2019-07-08 19:53:27,938 INFO  client.GrpcClientProtocolClient (GrpcClientProtocolClient.java:onNext(255)) - client-B2F93226DCBB->056ae293-26b5-4d67-bc5d-e905a6760a80: receive RaftClientReply:client-B2F93226DCBB->056ae293-26b5-4d67-bc5d-e905a6760a80@group-50E32BB97A46, cid=2582, SUCCESS, logIndex=3851, commits[056ae293-26b5-4d67-bc5d-e905a6760a80:c3851, a428730f-9893-43cb-a585-e65a7e8859c8:c3848, 994b73f6-7725-4304-b3a4-4941318c1d6c:c3848]
2019-07-08 19:53:27,950 INFO  client.GrpcClientProtocolClient (GrpcClientProtocolClient.java:onNext(255)) - client-B2F93226DCBB->056ae293-26b5-4d67-bc5d-e905a6760a80: receive RaftClientReply:client-B2F93226DCBB->056ae293-26b5-4d67-bc5d-e905a6760a80@group-50E32BB97A46, cid=2583, SUCCESS, logIndex=0, commits[056ae293-26b5-4d67-bc5d-e905a6760a80:c3852, a428730f-9893-43cb-a585-e65a7e8859c8:c3851, 994b73f6-7725-4304-b3a4-4941318c1d6c:c3851]
2019-07-08 19:53:27,981 INFO  client.GrpcClientProtocolClient (GrpcClientProtocolClient.java:onNext(255)) - client-B2F93226DCBB->056ae293-26b5-4d67-bc5d-e905a6760a80: receive RaftClientReply:client-B2F93226DCBB->056ae293-26b5-4d67-bc5d-e905a6760a80@group-50E32BB97A46, cid=2584, SUCCESS, logIndex=3854, commits[056ae293-26b5-4d67-bc5d-e905a6760a80:c3855, a428730f-9893-43cb-a585-e65a7e8859c8:c3853, 994b73f6-7725-4304-b3a4-4941318c1d6c:c3853]
2019-07-08 19:53:27,982 INFO  client.GrpcClientProtocolClient (GrpcClientProtocolClient.java:onNext(255)) - client-B2F93226DCBB->056ae293-26b5-4d67-bc5d-e905a6760a80: receive RaftClientReply:client-B2F93226DCBB->056ae293-26b5-4d67-bc5d-e905a6760a80@group-50E32BB97A46, cid=2585, SUCCESS, logIndex=3855, commits[056ae293-26b5-4d67-bc5d-e905a6760a80:c3857, a428730f-9893-43cb-a585-e65a7e8859c8:c3853, 994b73f6-7725-4304-b3a4-4941318c1d6c:c3853]
2019-07-08 19:53:27,982 INFO  client.GrpcClientProtocolClient (GrpcClientProtocolClient.java:onNext(255)) - client-B2F93226DCBB->056ae293-26b5-4d67-bc5d-e905a6760a80: receive RaftClientReply:client-B2F93226DCBB->056ae293-26b5-4d67-bc5d-e905a6760a80@group-50E32BB97A46, cid=2586, SUCCESS, logIndex=3856, commits[056ae293-26b5-4d67-bc5d-e905a6760a80:c3857, a428730f-9893-43cb-a585-e65a7e8859c8:c3853, 994b73f6-7725-4304-b3a4-4941318c1d6c:c3853]
2019-07-08 19:53:27,982 INFO  client.GrpcClientProtocolClient (GrpcClientProtocolClient.java:onNext(255)) - client-B2F93226DCBB->056ae293-26b5-4d67-bc5d-e905a6760a80: receive RaftClientReply:client-B2F93226DCBB->056ae293-26b5-4d67-bc5d-e905a6760a80@group-50E32BB97A46, cid=2587, SUCCESS, logIndex=3857, commits[056ae293-26b5-4d67-bc5d-e905a6760a80:c3857, a428730f-9893-43cb-a585-e65a7e8859c8:c3853, 994b73f6-7725-4304-b3a4-4941318c1d6c:c3853]
2019-07-08 19:53:27,994 INFO  client.GrpcClientProtocolClient (GrpcClientProtocolClient.java:onNext(255)) - client-B2F93226DCBB->056ae293-26b5-4d67-bc5d-e905a6760a80: receive RaftClientReply:client-B2F93226DCBB->056ae293-26b5-4d67-bc5d-e905a6760a80@group-50E32BB97A46, cid=2588, SUCCESS, logIndex=0, commits[056ae293-26b5-4d67-bc5d-e905a6760a80:c3859, a428730f-9893-43cb-a585-e65a7e8859c8:c3855, 994b73f6-7725-4304-b3a4-4941318c1d6c:c3855]
2019-07-08 19:53:28,018 INFO  client.GrpcClientProtocolClient (GrpcClientProtocolClient.java:onNext(255)) - client-B2F93226DCBB->056ae293-26b5-4d67-bc5d-e905a6760a80: receive RaftClientReply:client-B2F93226DCBB->056ae293-26b5-4d67-bc5d-e905a6760a80@group-50E32BB97A46, cid=2589, SUCCESS, logIndex=3861, commits[056ae293-26b5-4d67-bc5d-e905a6760a80:c3862, a428730f-9893-43cb-a585-e65a7e8859c8:c3860, 994b73f6-7725-4304-b3a4-4941318c1d6c:c3860]
2019-07-08 19:53:28,019 INFO  client.GrpcClientProtocolClient (GrpcClientProtocolClient.java:onNext(255)) - client-B2F93226DCBB->056ae293-26b5-4d67-bc5d-e905a6760a80: receive RaftClientReply:client-B2F93226DCBB->056ae293-26b5-4d67-bc5d-e905a6760a80@group-50E32BB97A46, cid=2590, SUCCESS, logIndex=3862, commits[056ae293-26b5-4d67-bc5d-e905a6760a80:c3862, a428730f-9893-43cb-a585-e65a7e8859c8:c3860, 994b73f6-7725-4304-b3a4-4941318c1d6c:c3860]
2019-07-08 19:53:28,043 INFO  client.GrpcClientProtocolClient (GrpcClientProtocolClient.java:onNext(255)) - client-B2F93226DCBB->056ae293-26b5-4d67-bc5d-e905a6760a80: receive RaftClientReply:client-B2F93226DCBB->056ae293-26b5-4d67-bc5d-e905a6760a80@group-50E32BB97A46, cid=2591, SUCCESS, logIndex=3865, commits[056ae293-26b5-4d67-bc5d-e905a6760a80:c3866, a428730f-9893-43cb-a585-e65a7e8859c8:c3862, 994b73f6-7725-4304-b3a4-4941318c1d6c:c3862]
2019-07-08 19:53:28,044 INFO  client.GrpcClientProtocolClient (GrpcClientProtocolClient.java:onNext(255)) - client-B2F93226DCBB->056ae293-26b5-4d67-bc5d-e905a6760a80: receive RaftClientReply:client-B2F93226DCBB->056ae293-26b5-4d67-bc5d-e905a6760a80@group-50E32BB97A46, cid=2592, SUCCESS, logIndex=3866, commits[056ae293-26b5-4d67-bc5d-e905a6760a80:c3866, a428730f-9893-43cb-a585-e65a7e8859c8:c3862, 994b73f6-7725-4304-b3a4-4941318c1d6c:c3862]
2019-07-08 19:53:28,045 INFO  client.GrpcClientProtocolClient (GrpcClientProtocolClient.java:onNext(255)) - client-B2F93226DCBB->056ae293-26b5-4d67-bc5d-e905a6760a80: receive RaftClientReply:client-B2F93226DCBB->056ae293-26b5-4d67-bc5d-e905a6760a80@group-50E32BB97A46, cid=2593, SUCCESS, logIndex=0, commits[056ae293-26b5-4d67-bc5d-e905a6760a80:c3867, a428730f-9893-43cb-a585-e65a7e8859c8:c3866, 994b73f6-7725-4304-b3a4-4941318c1d6c:c3866]
2019-07-08 19:53:28,189 INFO  client.GrpcClientProtocolClient (GrpcClientProtocolClient.java:onNext(255)) - client-B2F93226DCBB->056ae293-26b5-4d67-bc5d-e905a6760a80: receive RaftClientReply:client-B2F93226DCBB->056ae293-26b5-4d67-bc5d-e905a6760a80@group-50E32BB97A46, cid=2594, SUCCESS, logIndex=3868, commits[056ae293-26b5-4d67-bc5d-e905a6760a80:c3869, a428730f-9893-43cb-a585-e65a7e8859c8:c3867, 994b73f6-7725-4304-b3a4-4941318c1d6c:c3867]
2019-07-08 19:53:28,190 INFO  client.GrpcClientProtocolClient (GrpcClientProtocolClient.java:onNext(255)) - client-B2F93226DCBB->056ae293-26b5-4d67-bc5d-e905a6760a80: receive RaftClientReply:client-B2F93226DCBB->056ae293-26b5-4d67-bc5d-e905a6760a80@group-50E32BB97A46, cid=2595, SUCCESS, logIndex=3869, commits[056ae293-26b5-4d67-bc5d-e905a6760a80:c3871, a428730f-9893-43cb-a585-e65a7e8859c8:c3867, 994b73f6-7725-4304-b3a4-4941318c1d6c:c3867]
2019-07-08 19:53:28,190 INFO  client.GrpcClientProtocolClient (GrpcClientProtocolClient.java:onNext(255)) - client-B2F93226DCBB->056ae293-26b5-4d67-bc5d-e905a6760a80: receive RaftClientReply:client-B2F93226DCBB->056ae293-26b5-4d67-bc5d-e905a6760a80@group-50E32BB97A46, cid=2596, SUCCESS, logIndex=3870, commits[056ae293-26b5-4d67-bc5d-e905a6760a80:c3871, a428730f-9893-43cb-a585-e65a7e8859c8:c3867, 994b73f6-7725-4304-b3a4-4941318c1d6c:c3867]
2019-07-08 19:53:28,190 INFO  client.GrpcClientProtocolClient (GrpcClientProtocolClient.java:onNext(255)) - client-B2F93226DCBB->056ae293-26b5-4d67-bc5d-e905a6760a80: receive RaftClientReply:client-B2F93226DCBB->056ae293-26b5-4d67-bc5d-e905a6760a80@group-50E32BB97A46, cid=2597, SUCCESS, logIndex=3871, commits[056ae293-26b5-4d67-bc5d-e905a6760a80:c3871, a428730f-9893-43cb-a585-e65a7e8859c8:c3867, 994b73f6-7725-4304-b3a4-4941318c1d6c:c3867]
2019-07-08 19:53:28,205 INFO  client.GrpcClientProtocolClient (GrpcClientProtocolClient.java:onNext(255)) - client-B2F93226DCBB->056ae293-26b5-4d67-bc5d-e905a6760a80: receive RaftClientReply:client-B2F93226DCBB->056ae293-26b5-4d67-bc5d-e905a6760a80@group-50E32BB97A46, cid=2598, SUCCESS, logIndex=0, commits[056ae293-26b5-4d67-bc5d-e905a6760a80:c3873, a428730f-9893-43cb-a585-e65a7e8859c8:c3869, 994b73f6-7725-4304-b3a4-4941318c1d6c:c3869]
2019-07-08 19:53:28,227 INFO  client.GrpcClientProtocolClient (GrpcClientProtocolClient.java:onNext(255)) - client-B2F93226DCBB->056ae293-26b5-4d67-bc5d-e905a6760a80: receive RaftClientReply:client-B2F93226DCBB->056ae293-26b5-4d67-bc5d-e905a6760a80@group-50E32BB97A46, cid=2599, SUCCESS, logIndex=3876, commits[056ae293-26b5-4d67-bc5d-e905a6760a80:c3877, a428730f-9893-43cb-a585-e65a7e8859c8:c3875, 994b73f6-7725-4304-b3a4-4941318c1d6c:c3875]
2019-07-08 19:53:28,227 INFO  client.GrpcClientProtocolClient (GrpcClientProtocolClient.java:onNext(255)) - client-B2F93226DCBB->056ae293-26b5-4d67-bc5d-e905a6760a80: receive RaftClientReply:client-B2F93226DCBB->056ae293-26b5-4d67-bc5d-e905a6760a80@group-50E32BB97A46, cid=2600, SUCCESS, logIndex=3877, commits[056ae293-26b5-4d67-bc5d-e905a6760a80:c3877, a428730f-9893-43cb-a585-e65a7e8859c8:c3875, 994b73f6-7725-4304-b3a4-4941318c1d6c:c3875]
2019-07-08 19:53:28,240 INFO  client.GrpcClientProtocolClient (GrpcClientProtocolClient.java:onNext(255)) - client-B2F93226DCBB->056ae293-26b5-4d67-bc5d-e905a6760a80: receive RaftClientReply:client-B2F93226DCBB->056ae293-26b5-4d67-bc5d-e905a6760a80@group-50E32BB97A46, cid=2601, SUCCESS, logIndex=3880, commits[056ae293-26b5-4d67-bc5d-e905a6760a80:c3881, a428730f-9893-43cb-a585-e65a7e8859c8:c3877, 994b73f6-7725-4304-b3a4-4941318c1d6c:c3877]
2019-07-08 19:53:28,241 INFO  client.GrpcClientProtocolClient (GrpcClientProtocolClient.java:onNext(255)) - client-B2F93226DCBB->056ae293-26b5-4d67-bc5d-e905a6760a80: receive RaftClientReply:client-B2F93226DCBB->056ae293-26b5-4d67-bc5d-e905a6760a80@group-50E32BB97A46, cid=2602, SUCCESS, logIndex=3881, commits[056ae293-26b5-4d67-bc5d-e905a6760a80:c3881, a428730f-9893-43cb-a585-e65a7e8859c8:c3877, 994b73f6-7725-4304-b3a4-4941318c1d6c:c3877]
2019-07-08 19:53:28,256 INFO  client.GrpcClientProtocolClient (GrpcClientProtocolClient.java:onNext(255)) - client-B2F93226DCBB->056ae293-26b5-4d67-bc5d-e905a6760a80: receive RaftClientReply:client-B2F93226DCBB->056ae293-26b5-4d67-bc5d-e905a6760a80@group-50E32BB97A46, cid=2603, SUCCESS, logIndex=0, commits[056ae293-26b5-4d67-bc5d-e905a6760a80:c3883, a428730f-9893-43cb-a585-e65a7e8859c8:c3881, 994b73f6-7725-4304-b3a4-4941318c1d6c:c3881]
2019-07-08 19:53:28,287 INFO  client.GrpcClientProtocolClient (GrpcClientProtocolClient.java:onNext(255)) - client-B2F93226DCBB->056ae293-26b5-4d67-bc5d-e905a6760a80: receive RaftClientReply:client-B2F93226DCBB->056ae293-26b5-4d67-bc5d-e905a6760a80@group-50E32BB97A46, cid=2604, SUCCESS, logIndex=3884, commits[056ae293-26b5-4d67-bc5d-e905a6760a80:c3885, a428730f-9893-43cb-a585-e65a7e8859c8:c3883, 994b73f6-7725-4304-b3a4-4941318c1d6c:c3883]
2019-07-08 19:53:28,288 INFO  client.GrpcClientProtocolClient (GrpcClientProtocolClient.java:onNext(255)) - client-B2F93226DCBB->056ae293-26b5-4d67-bc5d-e905a6760a80: receive RaftClientReply:client-B2F93226DCBB->056ae293-26b5-4d67-bc5d-e905a6760a80@group-50E32BB97A46, cid=2605, SUCCESS, logIndex=3885, commits[056ae293-26b5-4d67-bc5d-e905a6760a80:c3886, a428730f-9893-43cb-a585-e65a7e8859c8:c3883, 994b73f6-7725-4304-b3a4-4941318c1d6c:c3883]
2019-07-08 19:53:28,288 INFO  client.GrpcClientProtocolClient (GrpcClientProtocolClient.java:onNext(255)) - client-B2F93226DCBB->056ae293-26b5-4d67-bc5d-e905a6760a80: receive RaftClientReply:client-B2F93226DCBB->056ae293-26b5-4d67-bc5d-e905a6760a80@group-50E32BB97A46, cid=2606, SUCCESS, logIndex=3886, commits[056ae293-26b5-4d67-bc5d-e905a6760a80:c3887, a428730f-9893-43cb-a585-e65a7e8859c8:c3883, 994b73f6-7725-4304-b3a4-4941318c1d6c:c3883]
2019-07-08 19:53:28,289 INFO  client.GrpcClientProtocolClient (GrpcClientProtocolClient.java:onNext(255)) - client-B2F93226DCBB->056ae293-26b5-4d67-bc5d-e905a6760a80: receive RaftClientReply:client-B2F93226DCBB->056ae293-26b5-4d67-bc5d-e905a6760a80@group-50E32BB97A46, cid=2607, SUCCESS, logIndex=3887, commits[056ae293-26b5-4d67-bc5d-e905a6760a80:c3887, a428730f-9893-43cb-a585-e65a7e8859c8:c3883, 994b73f6-7725-4304-b3a4-4941318c1d6c:c3883]
2019-07-08 19:53:28,301 INFO  client.GrpcClientProtocolClient (GrpcClientProtocolClient.java:onNext(255)) - client-B2F93226DCBB->056ae293-26b5-4d67-bc5d-e905a6760a80: receive RaftClientReply:client-B2F93226DCBB->056ae293-26b5-4d67-bc5d-e905a6760a80@group-50E32BB97A46, cid=2608, SUCCESS, logIndex=0, commits[056ae293-26b5-4d67-bc5d-e905a6760a80:c3889, a428730f-9893-43cb-a585-e65a7e8859c8:c3885, 994b73f6-7725-4304-b3a4-4941318c1d6c:c3885]
2019-07-08 19:53:28,323 INFO  client.GrpcClientProtocolClient (GrpcClientProtocolClient.java:onNext(255)) - client-B2F93226DCBB->056ae293-26b5-4d67-bc5d-e905a6760a80: receive RaftClientReply:client-B2F93226DCBB->056ae293-26b5-4d67-bc5d-e905a6760a80@group-50E32BB97A46, cid=2609, SUCCESS, logIndex=3892, commits[056ae293-26b5-4d67-bc5d-e905a6760a80:c3893, a428730f-9893-43cb-a585-e65a7e8859c8:c3891, 994b73f6-7725-4304-b3a4-4941318c1d6c:c3891]
2019-07-08 19:53:28,324 INFO  client.GrpcClientProtocolClient (GrpcClientProtocolClient.java:onNext(255)) - client-B2F93226DCBB->056ae293-26b5-4d67-bc5d-e905a6760a80: receive RaftClientReply:client-B2F93226DCBB->056ae293-26b5-4d67-bc5d-e905a6760a80@group-50E32BB97A46, cid=2610, SUCCESS, logIndex=3893, commits[056ae293-26b5-4d67-bc5d-e905a6760a80:c3893, a428730f-9893-43cb-a585-e65a7e8859c8:c3891, 994b73f6-7725-4304-b3a4-4941318c1d6c:c3891]
2019-07-08 19:53:28,338 INFO  client.GrpcClientProtocolClient (GrpcClientProtocolClient.java:onNext(255)) - client-B2F93226DCBB->056ae293-26b5-4d67-bc5d-e905a6760a80: receive RaftClientReply:client-B2F93226DCBB->056ae293-26b5-4d67-bc5d-e905a6760a80@group-50E32BB97A46, cid=2611, SUCCESS, logIndex=3896, commits[056ae293-26b5-4d67-bc5d-e905a6760a80:c3897, a428730f-9893-43cb-a585-e65a7e8859c8:c3892, 994b73f6-7725-4304-b3a4-4941318c1d6c:c3893]
2019-07-08 19:53:28,338 INFO  client.GrpcClientProtocolClient (GrpcClientProtocolClient.java:onNext(255)) - client-B2F93226DCBB->056ae293-26b5-4d67-bc5d-e905a6760a80: receive RaftClientReply:client-B2F93226DCBB->056ae293-26b5-4d67-bc5d-e905a6760a80@group-50E32BB97A46, cid=2612, SUCCESS, logIndex=3897, commits[056ae293-26b5-4d67-bc5d-e905a6760a80:c3897, a428730f-9893-43cb-a585-e65a7e8859c8:c3892, 994b73f6-7725-4304-b3a4-4941318c1d6c:c3893]
2019-07-08 19:53:28,348 INFO  client.GrpcClientProtocolClient (GrpcClientProtocolClient.java:onNext(255)) - client-B2F93226DCBB->056ae293-26b5-4d67-bc5d-e905a6760a80: receive RaftClientReply:client-B2F93226DCBB->056ae293-26b5-4d67-bc5d-e905a6760a80@group-50E32BB97A46, cid=2613, SUCCESS, logIndex=0, commits[056ae293-26b5-4d67-bc5d-e905a6760a80:c3897, a428730f-9893-43cb-a585-e65a7e8859c8:c3893, 994b73f6-7725-4304-b3a4-4941318c1d6c:c3893]
2019-07-08 19:53:28,363 INFO  client.GrpcClientProtocolClient (GrpcClientProtocolClient.java:onNext(255)) - client-B2F93226DCBB->056ae293-26b5-4d67-bc5d-e905a6760a80: receive RaftClientReply:client-B2F93226DCBB->056ae293-26b5-4d67-bc5d-e905a6760a80@group-50E32BB97A46, cid=2614, SUCCESS, logIndex=0, commits[056ae293-26b5-4d67-bc5d-e905a6760a80:c3899, a428730f-9893-43cb-a585-e65a7e8859c8:c3897, 994b73f6-7725-4304-b3a4-4941318c1d6c:c3897]
2019-07-08 19:53:28,394 INFO  client.GrpcClientProtocolClient (GrpcClientProtocolClient.java:onNext(255)) - client-B2F93226DCBB->056ae293-26b5-4d67-bc5d-e905a6760a80: receive RaftClientReply:client-B2F93226DCBB->056ae293-26b5-4d67-bc5d-e905a6760a80@group-50E32BB97A46, cid=2615, SUCCESS, logIndex=3900, commits[056ae293-26b5-4d67-bc5d-e905a6760a80:c3901, a428730f-9893-43cb-a585-e65a7e8859c8:c3899, 994b73f6-7725-4304-b3a4-4941318c1d6c:c3899]
2019-07-08 19:53:28,394 INFO  client.GrpcClientProtocolClient (GrpcClientProtocolClient.java:onNext(255)) - client-B2F93226DCBB->056ae293-26b5-4d67-bc5d-e905a6760a80: receive RaftClientReply:client-B2F93226DCBB->056ae293-26b5-4d67-bc5d-e905a6760a80@group-50E32BB97A46, cid=2616, SUCCESS, logIndex=3901, commits[056ae293-26b5-4d67-bc5d-e905a6760a80:c3902, a428730f-9893-43cb-a585-e65a7e8859c8:c3899, 994b73f6-7725-4304-b3a4-4941318c1d6c:c3899]
2019-07-08 19:53:28,395 INFO  client.GrpcClientProtocolClient (GrpcClientProtocolClient.java:onNext(255)) - client-B2F93226DCBB->056ae293-26b5-4d67-bc5d-e905a6760a80: receive RaftClientReply:client-B2F93226DCBB->056ae293-26b5-4d67-bc5d-e905a6760a80@group-50E32BB97A46, cid=2617, SUCCESS, logIndex=3902, commits[056ae293-26b5-4d67-bc5d-e905a6760a80:c3903, a428730f-9893-43cb-a585-e65a7e8859c8:c3899, 994b73f6-7725-4304-b3a4-4941318c1d6c:c3899]
2019-07-08 19:53:28,395 INFO  client.GrpcClientProtocolClient (GrpcClientProtocolClient.java:onNext(255)) - client-B2F93226DCBB->056ae293-26b5-4d67-bc5d-e905a6760a80: receive RaftClientReply:client-B2F93226DCBB->056ae293-26b5-4d67-bc5d-e905a6760a80@group-50E32BB97A46, cid=2618, SUCCESS, logIndex=3903, commits[056ae293-26b5-4d67-bc5d-e905a6760a80:c3903, a428730f-9893-43cb-a585-e65a7e8859c8:c3899, 994b73f6-7725-4304-b3a4-4941318c1d6c:c3899]
2019-07-08 19:53:28,402 INFO  client.GrpcClientProtocolClient (GrpcClientProtocolClient.java:onNext(255)) - client-B2F93226DCBB->056ae293-26b5-4d67-bc5d-e905a6760a80: receive RaftClientReply:client-B2F93226DCBB->056ae293-26b5-4d67-bc5d-e905a6760a80@group-50E32BB97A46, cid=2619, SUCCESS, logIndex=0, commits[056ae293-26b5-4d67-bc5d-e905a6760a80:c3907, a428730f-9893-43cb-a585-e65a7e8859c8:c3901, 994b73f6-7725-4304-b3a4-4941318c1d6c:c3903]
2019-07-08 19:53:28,433 INFO  client.GrpcClientProtocolClient (GrpcClientProtocolClient.java:onNext(255)) - client-B2F93226DCBB->056ae293-26b5-4d67-bc5d-e905a6760a80: receive RaftClientReply:client-B2F93226DCBB->056ae293-26b5-4d67-bc5d-e905a6760a80@group-50E32BB97A46, cid=2620, SUCCESS, logIndex=3908, commits[056ae293-26b5-4d67-bc5d-e905a6760a80:c3909, a428730f-9893-43cb-a585-e65a7e8859c8:c3907, 994b73f6-7725-4304-b3a4-4941318c1d6c:c3903]
2019-07-08 19:53:28,434 INFO  client.GrpcClientProtocolClient (GrpcClientProtocolClient.java:onNext(255)) - client-B2F93226DCBB->056ae293-26b5-4d67-bc5d-e905a6760a80: receive RaftClientReply:client-B2F93226DCBB->056ae293-26b5-4d67-bc5d-e905a6760a80@group-50E32BB97A46, cid=2621, SUCCESS, logIndex=3909, commits[056ae293-26b5-4d67-bc5d-e905a6760a80:c3909, a428730f-9893-43cb-a585-e65a7e8859c8:c3907, 994b73f6-7725-4304-b3a4-4941318c1d6c:c3907]
 0.00% |█                                                                                                    |  0/1 Time: 0:00:242019-07-08 19:53:28,449 INFO  client.GrpcClientProtocolClient (GrpcClientProtocolClient.java:onNext(255)) - client-B2F93226DCBB->056ae293-26b5-4d67-bc5d-e905a6760a80: receive RaftClientReply:client-B2F93226DCBB->056ae293-26b5-4d67-bc5d-e905a6760a80@group-50E32BB97A46, cid=2622, SUCCESS, logIndex=3912, commits[056ae293-26b5-4d67-bc5d-e905a6760a80:c3913, a428730f-9893-43cb-a585-e65a7e8859c8:c3910, 994b73f6-7725-4304-b3a4-4941318c1d6c:c3909]
2019-07-08 19:53:28,449 INFO  client.GrpcClientProtocolClient (GrpcClientProtocolClient.java:onNext(255)) - client-B2F93226DCBB->056ae293-26b5-4d67-bc5d-e905a6760a80: receive RaftClientReply:client-B2F93226DCBB->056ae293-26b5-4d67-bc5d-e905a6760a80@group-50E32BB97A46, cid=2623, SUCCESS, logIndex=3913, commits[056ae293-26b5-4d67-bc5d-e905a6760a80:c3913, a428730f-9893-43cb-a585-e65a7e8859c8:c3910, 994b73f6-7725-4304-b3a4-4941318c1d6c:c3910]
2019-07-08 19:53:28,451 INFO  client.GrpcClientProtocolClient (GrpcClientProtocolClient.java:onNext(255)) - client-B2F93226DCBB->056ae293-26b5-4d67-bc5d-e905a6760a80: receive RaftClientReply:client-B2F93226DCBB->056ae293-26b5-4d67-bc5d-e905a6760a80@group-50E32BB97A46, cid=2624, SUCCESS, logIndex=0, commits[056ae293-26b5-4d67-bc5d-e905a6760a80:c3914, a428730f-9893-43cb-a585-e65a7e8859c8:c3913, 994b73f6-7725-4304-b3a4-4941318c1d6c:c3913]
2019-07-08 19:53:28,481 INFO  client.GrpcClientProtocolClient (GrpcClientProtocolClient.java:onNext(255)) - client-B2F93226DCBB->056ae293-26b5-4d67-bc5d-e905a6760a80: receive RaftClientReply:client-B2F93226DCBB->056ae293-26b5-4d67-bc5d-e905a6760a80@group-50E32BB97A46, cid=2625, SUCCESS, logIndex=3916, commits[056ae293-26b5-4d67-bc5d-e905a6760a80:c3917, a428730f-9893-43cb-a585-e65a7e8859c8:c3915, 994b73f6-7725-4304-b3a4-4941318c1d6c:c3915]
2019-07-08 19:53:28,482 INFO  client.GrpcClientProtocolClient (GrpcClientProtocolClient.java:onNext(255)) - client-B2F93226DCBB->056ae293-26b5-4d67-bc5d-e905a6760a80: receive RaftClientReply:client-B2F93226DCBB->056ae293-26b5-4d67-bc5d-e905a6760a80@group-50E32BB97A46, cid=2626, SUCCESS, logIndex=3917, commits[056ae293-26b5-4d67-bc5d-e905a6760a80:c3919, a428730f-9893-43cb-a585-e65a7e8859c8:c3915, 994b73f6-7725-4304-b3a4-4941318c1d6c:c3915]
2019-07-08 19:53:28,482 INFO  client.GrpcClientProtocolClient (GrpcClientProtocolClient.java:onNext(255)) - client-B2F93226DCBB->056ae293-26b5-4d67-bc5d-e905a6760a80: receive RaftClientReply:client-B2F93226DCBB->056ae293-26b5-4d67-bc5d-e905a6760a80@group-50E32BB97A46, cid=2627, SUCCESS, logIndex=3918, commits[056ae293-26b5-4d67-bc5d-e905a6760a80:c3919, a428730f-9893-43cb-a585-e65a7e8859c8:c3916, 994b73f6-7725-4304-b3a4-4941318c1d6c:c3915]
2019-07-08 19:53:28,483 INFO  client.GrpcClientProtocolClient (GrpcClientProtocolClient.java:onNext(255)) - client-B2F93226DCBB->056ae293-26b5-4d67-bc5d-e905a6760a80: receive RaftClientReply:client-B2F93226DCBB->056ae293-26b5-4d67-bc5d-e905a6760a80@group-50E32BB97A46, cid=2628, SUCCESS, logIndex=3919, commits[056ae293-26b5-4d67-bc5d-e905a6760a80:c3920, a428730f-9893-43cb-a585-e65a7e8859c8:c3916, 994b73f6-7725-4304-b3a4-4941318c1d6c:c3915]
2019-07-08 19:53:28,496 INFO  client.GrpcClientProtocolClient (GrpcClientProtocolClient.java:onNext(255)) - client-B2F93226DCBB->056ae293-26b5-4d67-bc5d-e905a6760a80: receive RaftClientReply:client-B2F93226DCBB->056ae293-26b5-4d67-bc5d-e905a6760a80@group-50E32BB97A46, cid=2629, SUCCESS, logIndex=0, commits[056ae293-26b5-4d67-bc5d-e905a6760a80:c3922, a428730f-9893-43cb-a585-e65a7e8859c8:c3919, 994b73f6-7725-4304-b3a4-4941318c1d6c:c3917]
2019-07-08 19:53:28,520 INFO  client.GrpcClientProtocolClient (GrpcClientProtocolClient.java:onNext(255)) - client-B2F93226DCBB->056ae293-26b5-4d67-bc5d-e905a6760a80: receive RaftClientReply:client-B2F93226DCBB->056ae293-26b5-4d67-bc5d-e905a6760a80@group-50E32BB97A46, cid=2630, SUCCESS, logIndex=3923, commits[056ae293-26b5-4d67-bc5d-e905a6760a80:c3924, a428730f-9893-43cb-a585-e65a7e8859c8:c3922, 994b73f6-7725-4304-b3a4-4941318c1d6c:c3922]
2019-07-08 19:53:28,520 INFO  client.GrpcClientProtocolClient (GrpcClientProtocolClient.java:onNext(255)) - client-B2F93226DCBB->056ae293-26b5-4d67-bc5d-e905a6760a80: receive RaftClientReply:client-B2F93226DCBB->056ae293-26b5-4d67-bc5d-e905a6760a80@group-50E32BB97A46, cid=2631, SUCCESS, logIndex=3924, commits[056ae293-26b5-4d67-bc5d-e905a6760a80:c3924, a428730f-9893-43cb-a585-e65a7e8859c8:c3922, 994b73f6-7725-4304-b3a4-4941318c1d6c:c3922]
2019-07-08 19:53:28,545 INFO  client.GrpcClientProtocolClient (GrpcClientProtocolClient.java:onNext(255)) - client-B2F93226DCBB->056ae293-26b5-4d67-bc5d-e905a6760a80: receive RaftClientReply:client-B2F93226DCBB->056ae293-26b5-4d67-bc5d-e905a6760a80@group-50E32BB97A46, cid=2632, SUCCESS, logIndex=3927, commits[056ae293-26b5-4d67-bc5d-e905a6760a80:c3928, a428730f-9893-43cb-a585-e65a7e8859c8:c3923, 994b73f6-7725-4304-b3a4-4941318c1d6c:c3924]
2019-07-08 19:53:28,545 INFO  client.GrpcClientProtocolClient (GrpcClientProtocolClient.java:onNext(255)) - client-B2F93226DCBB->056ae293-26b5-4d67-bc5d-e905a6760a80: receive RaftClientReply:client-B2F93226DCBB->056ae293-26b5-4d67-bc5d-e905a6760a80@group-50E32BB97A46, cid=2633, SUCCESS, logIndex=3928, commits[056ae293-26b5-4d67-bc5d-e905a6760a80:c3928, a428730f-9893-43cb-a585-e65a7e8859c8:c3924, 994b73f6-7725-4304-b3a4-4941318c1d6c:c3924]
2019-07-08 19:53:28,546 INFO  client.GrpcClientProtocolClient (GrpcClientProtocolClient.java:onNext(255)) - client-B2F93226DCBB->056ae293-26b5-4d67-bc5d-e905a6760a80: receive RaftClientReply:client-B2F93226DCBB->056ae293-26b5-4d67-bc5d-e905a6760a80@group-50E32BB97A46, cid=2634, SUCCESS, logIndex=0, commits[056ae293-26b5-4d67-bc5d-e905a6760a80:c3929, a428730f-9893-43cb-a585-e65a7e8859c8:c3928, 994b73f6-7725-4304-b3a4-4941318c1d6c:c3928]
2019-07-08 19:53:28,576 INFO  client.GrpcClientProtocolClient (GrpcClientProtocolClient.java:onNext(255)) - client-B2F93226DCBB->056ae293-26b5-4d67-bc5d-e905a6760a80: receive RaftClientReply:client-B2F93226DCBB->056ae293-26b5-4d67-bc5d-e905a6760a80@group-50E32BB97A46, cid=2635, SUCCESS, logIndex=3931, commits[056ae293-26b5-4d67-bc5d-e905a6760a80:c3934, a428730f-9893-43cb-a585-e65a7e8859c8:c3930, 994b73f6-7725-4304-b3a4-4941318c1d6c:c3930]
2019-07-08 19:53:28,577 INFO  client.GrpcClientProtocolClient (GrpcClientProtocolClient.java:onNext(255)) - client-B2F93226DCBB->056ae293-26b5-4d67-bc5d-e905a6760a80: receive RaftClientReply:client-B2F93226DCBB->056ae293-26b5-4d67-bc5d-e905a6760a80@group-50E32BB97A46, cid=2636, SUCCESS, logIndex=3932, commits[056ae293-26b5-4d67-bc5d-e905a6760a80:c3934, a428730f-9893-43cb-a585-e65a7e8859c8:c3930, 994b73f6-7725-4304-b3a4-4941318c1d6c:c3930]
2019-07-08 19:53:28,577 INFO  client.GrpcClientProtocolClient (GrpcClientProtocolClient.java:onNext(255)) - client-B2F93226DCBB->056ae293-26b5-4d67-bc5d-e905a6760a80: receive RaftClientReply:client-B2F93226DCBB->056ae293-26b5-4d67-bc5d-e905a6760a80@group-50E32BB97A46, cid=2637, SUCCESS, logIndex=3933, commits[056ae293-26b5-4d67-bc5d-e905a6760a80:c3934, a428730f-9893-43cb-a585-e65a7e8859c8:c3930, 994b73f6-7725-4304-b3a4-4941318c1d6c:c3930]
2019-07-08 19:53:28,577 INFO  client.GrpcClientProtocolClient (GrpcClientProtocolClient.java:onNext(255)) - client-B2F93226DCBB->056ae293-26b5-4d67-bc5d-e905a6760a80: receive RaftClientReply:client-B2F93226DCBB->056ae293-26b5-4d67-bc5d-e905a6760a80@group-50E32BB97A46, cid=2638, SUCCESS, logIndex=3934, commits[056ae293-26b5-4d67-bc5d-e905a6760a80:c3934, a428730f-9893-43cb-a585-e65a7e8859c8:c3930, 994b73f6-7725-4304-b3a4-4941318c1d6c:c3930]
2019-07-08 19:53:28,601 INFO  client.GrpcClientProtocolClient (GrpcClientProtocolClient.java:onNext(255)) - client-B2F93226DCBB->056ae293-26b5-4d67-bc5d-e905a6760a80: receive RaftClientReply:client-B2F93226DCBB->056ae293-26b5-4d67-bc5d-e905a6760a80@group-50E32BB97A46, cid=2639, SUCCESS, logIndex=0, commits[056ae293-26b5-4d67-bc5d-e905a6760a80:c3936, a428730f-9893-43cb-a585-e65a7e8859c8:c3933, 994b73f6-7725-4304-b3a4-4941318c1d6c:c3932]
2019-07-08 19:53:28,625 INFO  client.GrpcClientProtocolClient (GrpcClientProtocolClient.java:onNext(255)) - client-B2F93226DCBB->056ae293-26b5-4d67-bc5d-e905a6760a80: receive RaftClientReply:client-B2F93226DCBB->056ae293-26b5-4d67-bc5d-e905a6760a80@group-50E32BB97A46, cid=2640, SUCCESS, logIndex=3939, commits[056ae293-26b5-4d67-bc5d-e905a6760a80:c3940, a428730f-9893-43cb-a585-e65a7e8859c8:c3938, 994b73f6-7725-4304-b3a4-4941318c1d6c:c3938]
2019-07-08 19:53:28,626 INFO  client.GrpcClientProtocolClient (GrpcClientProtocolClient.java:onNext(255)) - client-B2F93226DCBB->056ae293-26b5-4d67-bc5d-e905a6760a80: receive RaftClientReply:client-B2F93226DCBB->056ae293-26b5-4d67-bc5d-e905a6760a80@group-50E32BB97A46, cid=2641, SUCCESS, logIndex=3940, commits[056ae293-26b5-4d67-bc5d-e905a6760a80:c3940, a428730f-9893-43cb-a585-e65a7e8859c8:c3938, 994b73f6-7725-4304-b3a4-4941318c1d6c:c3938]
2019-07-08 19:53:28,641 INFO  client.GrpcClientProtocolClient (GrpcClientProtocolClient.java:onNext(255)) - client-B2F93226DCBB->056ae293-26b5-4d67-bc5d-e905a6760a80: receive RaftClientReply:client-B2F93226DCBB->056ae293-26b5-4d67-bc5d-e905a6760a80@group-50E32BB97A46, cid=2642, SUCCESS, logIndex=3943, commits[056ae293-26b5-4d67-bc5d-e905a6760a80:c3944, a428730f-9893-43cb-a585-e65a7e8859c8:c3942, 994b73f6-7725-4304-b3a4-4941318c1d6c:c3942]
2019-07-08 19:53:28,642 INFO  client.GrpcClientProtocolClient (GrpcClientProtocolClient.java:onNext(255)) - client-B2F93226DCBB->056ae293-26b5-4d67-bc5d-e905a6760a80: receive RaftClientReply:client-B2F93226DCBB->056ae293-26b5-4d67-bc5d-e905a6760a80@group-50E32BB97A46, cid=2643, SUCCESS, logIndex=3944, commits[056ae293-26b5-4d67-bc5d-e905a6760a80:c3944, a428730f-9893-43cb-a585-e65a7e8859c8:c3942, 994b73f6-7725-4304-b3a4-4941318c1d6c:c3942]
2019-07-08 19:53:28,644 INFO  client.GrpcClientProtocolClient (GrpcClientProtocolClient.java:onNext(255)) - client-B2F93226DCBB->056ae293-26b5-4d67-bc5d-e905a6760a80: receive RaftClientReply:client-B2F93226DCBB->056ae293-26b5-4d67-bc5d-e905a6760a80@group-50E32BB97A46, cid=2644, SUCCESS, logIndex=0, commits[056ae293-26b5-4d67-bc5d-e905a6760a80:c3945, a428730f-9893-43cb-a585-e65a7e8859c8:c3944, 994b73f6-7725-4304-b3a4-4941318c1d6c:c3944]
2019-07-08 19:53:28,690 INFO  client.GrpcClientProtocolClient (GrpcClientProtocolClient.java:onNext(255)) - client-B2F93226DCBB->056ae293-26b5-4d67-bc5d-e905a6760a80: receive RaftClientReply:client-B2F93226DCBB->056ae293-26b5-4d67-bc5d-e905a6760a80@group-50E32BB97A46, cid=2645, SUCCESS, logIndex=3947, commits[056ae293-26b5-4d67-bc5d-e905a6760a80:c3948, a428730f-9893-43cb-a585-e65a7e8859c8:c3946, 994b73f6-7725-4304-b3a4-4941318c1d6c:c3946]
2019-07-08 19:53:28,690 INFO  client.GrpcClientProtocolClient (GrpcClientProtocolClient.java:onNext(255)) - client-B2F93226DCBB->056ae293-26b5-4d67-bc5d-e905a6760a80: receive RaftClientReply:client-B2F93226DCBB->056ae293-26b5-4d67-bc5d-e905a6760a80@group-50E32BB97A46, cid=2646, SUCCESS, logIndex=3948, commits[056ae293-26b5-4d67-bc5d-e905a6760a80:c3948, a428730f-9893-43cb-a585-e65a7e8859c8:c3946, 994b73f6-7725-4304-b3a4-4941318c1d6c:c3946]
2019-07-08 19:53:28,693 INFO  client.GrpcClientProtocolClient (GrpcClientProtocolClient.java:onNext(255)) - client-B2F93226DCBB->056ae293-26b5-4d67-bc5d-e905a6760a80: receive RaftClientReply:client-B2F93226DCBB->056ae293-26b5-4d67-bc5d-e905a6760a80@group-50E32BB97A46, cid=2647, SUCCESS, logIndex=3949, commits[056ae293-26b5-4d67-bc5d-e905a6760a80:c3950, a428730f-9893-43cb-a585-e65a7e8859c8:c3946, 994b73f6-7725-4304-b3a4-4941318c1d6c:c3946]
2019-07-08 19:53:28,693 INFO  client.GrpcClientProtocolClient (GrpcClientProtocolClient.java:onNext(255)) - client-B2F93226DCBB->056ae293-26b5-4d67-bc5d-e905a6760a80: receive RaftClientReply:client-B2F93226DCBB->056ae293-26b5-4d67-bc5d-e905a6760a80@group-50E32BB97A46, cid=2648, SUCCESS, logIndex=3950, commits[056ae293-26b5-4d67-bc5d-e905a6760a80:c3950, a428730f-9893-43cb-a585-e65a7e8859c8:c3946, 994b73f6-7725-4304-b3a4-4941318c1d6c:c3946]
2019-07-08 19:53:28,695 INFO  client.GrpcClientProtocolClient (GrpcClientProtocolClient.java:onNext(255)) - client-B2F93226DCBB->056ae293-26b5-4d67-bc5d-e905a6760a80: receive RaftClientReply:client-B2F93226DCBB->056ae293-26b5-4d67-bc5d-e905a6760a80@group-50E32BB97A46, cid=2649, SUCCESS, logIndex=0, commits[056ae293-26b5-4d67-bc5d-e905a6760a80:c3952, a428730f-9893-43cb-a585-e65a7e8859c8:c3948, 994b73f6-7725-4304-b3a4-4941318c1d6c:c3948]
2019-07-08 19:53:28,717 INFO  client.GrpcClientProtocolClient (GrpcClientProtocolClient.java:onNext(255)) - client-B2F93226DCBB->056ae293-26b5-4d67-bc5d-e905a6760a80: receive RaftClientReply:client-B2F93226DCBB->056ae293-26b5-4d67-bc5d-e905a6760a80@group-50E32BB97A46, cid=2650, SUCCESS, logIndex=3955, commits[056ae293-26b5-4d67-bc5d-e905a6760a80:c3956, a428730f-9893-43cb-a585-e65a7e8859c8:c3954, 994b73f6-7725-4304-b3a4-4941318c1d6c:c3954]
2019-07-08 19:53:28,717 INFO  client.GrpcClientProtocolClient (GrpcClientProtocolClient.java:onNext(255)) - client-B2F93226DCBB->056ae293-26b5-4d67-bc5d-e905a6760a80: receive RaftClientReply:client-B2F93226DCBB->056ae293-26b5-4d67-bc5d-e905a6760a80@group-50E32BB97A46, cid=2651, SUCCESS, logIndex=3956, commits[056ae293-26b5-4d67-bc5d-e905a6760a80:c3956, a428730f-9893-43cb-a585-e65a7e8859c8:c3954, 994b73f6-7725-4304-b3a4-4941318c1d6c:c3954]
2019-07-08 19:53:28,730 INFO  client.GrpcClientProtocolClient (GrpcClientProtocolClient.java:onNext(255)) - client-B2F93226DCBB->056ae293-26b5-4d67-bc5d-e905a6760a80: receive RaftClientReply:client-B2F93226DCBB->056ae293-26b5-4d67-bc5d-e905a6760a80@group-50E32BB97A46, cid=2652, SUCCESS, logIndex=3959, commits[056ae293-26b5-4d67-bc5d-e905a6760a80:c3960, a428730f-9893-43cb-a585-e65a7e8859c8:c3955, 994b73f6-7725-4304-b3a4-4941318c1d6c:c3956]
2019-07-08 19:53:28,731 INFO  client.GrpcClientProtocolClient (GrpcClientProtocolClient.java:onNext(255)) - client-B2F93226DCBB->056ae293-26b5-4d67-bc5d-e905a6760a80: receive RaftClientReply:client-B2F93226DCBB->056ae293-26b5-4d67-bc5d-e905a6760a80@group-50E32BB97A46, cid=2653, SUCCESS, logIndex=3960, commits[056ae293-26b5-4d67-bc5d-e905a6760a80:c3960, a428730f-9893-43cb-a585-e65a7e8859c8:c3956, 994b73f6-7725-4304-b3a4-4941318c1d6c:c3956]
2019-07-08 19:53:28,732 INFO  client.GrpcClientProtocolClient (GrpcClientProtocolClient.java:onNext(255)) - client-B2F93226DCBB->056ae293-26b5-4d67-bc5d-e905a6760a80: receive RaftClientReply:client-B2F93226DCBB->056ae293-26b5-4d67-bc5d-e905a6760a80@group-50E32BB97A46, cid=2654, SUCCESS, logIndex=0, commits[056ae293-26b5-4d67-bc5d-e905a6760a80:c3961, a428730f-9893-43cb-a585-e65a7e8859c8:c3960, 994b73f6-7725-4304-b3a4-4941318c1d6c:c3960]
2019-07-08 19:53:28,762 INFO  client.GrpcClientProtocolClient (GrpcClientProtocolClient.java:onNext(255)) - client-B2F93226DCBB->056ae293-26b5-4d67-bc5d-e905a6760a80: receive RaftClientReply:client-B2F93226DCBB->056ae293-26b5-4d67-bc5d-e905a6760a80@group-50E32BB97A46, cid=2655, SUCCESS, logIndex=3963, commits[056ae293-26b5-4d67-bc5d-e905a6760a80:c3964, a428730f-9893-43cb-a585-e65a7e8859c8:c3962, 994b73f6-7725-4304-b3a4-4941318c1d6c:c3962]
2019-07-08 19:53:28,762 INFO  client.GrpcClientProtocolClient (GrpcClientProtocolClient.java:onNext(255)) - client-B2F93226DCBB->056ae293-26b5-4d67-bc5d-e905a6760a80: receive RaftClientReply:client-B2F93226DCBB->056ae293-26b5-4d67-bc5d-e905a6760a80@group-50E32BB97A46, cid=2656, SUCCESS, logIndex=3964, commits[056ae293-26b5-4d67-bc5d-e905a6760a80:c3966, a428730f-9893-43cb-a585-e65a7e8859c8:c3962, 994b73f6-7725-4304-b3a4-4941318c1d6c:c3962]
2019-07-08 19:53:28,762 INFO  client.GrpcClientProtocolClient (GrpcClientProtocolClient.java:onNext(255)) - client-B2F93226DCBB->056ae293-26b5-4d67-bc5d-e905a6760a80: receive RaftClientReply:client-B2F93226DCBB->056ae293-26b5-4d67-bc5d-e905a6760a80@group-50E32BB97A46, cid=2657, SUCCESS, logIndex=3965, commits[056ae293-26b5-4d67-bc5d-e905a6760a80:c3966, a428730f-9893-43cb-a585-e65a7e8859c8:c3962, 994b73f6-7725-4304-b3a4-4941318c1d6c:c3962]
2019-07-08 19:53:28,763 INFO  client.GrpcClientProtocolClient (GrpcClientProtocolClient.java:onNext(255)) - client-B2F93226DCBB->056ae293-26b5-4d67-bc5d-e905a6760a80: receive RaftClientReply:client-B2F93226DCBB->056ae293-26b5-4d67-bc5d-e905a6760a80@group-50E32BB97A46, cid=2658, SUCCESS, logIndex=3966, commits[056ae293-26b5-4d67-bc5d-e905a6760a80:c3966, a428730f-9893-43cb-a585-e65a7e8859c8:c3962, 994b73f6-7725-4304-b3a4-4941318c1d6c:c3962]
2019-07-08 19:53:28,765 INFO  client.GrpcClientProtocolClient (GrpcClientProtocolClient.java:onNext(255)) - client-B2F93226DCBB->056ae293-26b5-4d67-bc5d-e905a6760a80: receive RaftClientReply:client-B2F93226DCBB->056ae293-26b5-4d67-bc5d-e905a6760a80@group-50E32BB97A46, cid=2659, SUCCESS, logIndex=0, commits[056ae293-26b5-4d67-bc5d-e905a6760a80:c3967, a428730f-9893-43cb-a585-e65a7e8859c8:c3964, 994b73f6-7725-4304-b3a4-4941318c1d6c:c3964]
2019-07-08 19:53:28,778 INFO  client.GrpcClientProtocolClient (GrpcClientProtocolClient.java:onNext(255)) - client-B2F93226DCBB->056ae293-26b5-4d67-bc5d-e905a6760a80: receive RaftClientReply:client-B2F93226DCBB->056ae293-26b5-4d67-bc5d-e905a6760a80@group-50E32BB97A46, cid=2660, SUCCESS, logIndex=3970, commits[056ae293-26b5-4d67-bc5d-e905a6760a80:c3971, a428730f-9893-43cb-a585-e65a7e8859c8:c3966, 994b73f6-7725-4304-b3a4-4941318c1d6c:c3967]
2019-07-08 19:53:28,778 INFO  client.GrpcClientProtocolClient (GrpcClientProtocolClient.java:onNext(255)) - client-B2F93226DCBB->056ae293-26b5-4d67-bc5d-e905a6760a80: receive RaftClientReply:client-B2F93226DCBB->056ae293-26b5-4d67-bc5d-e905a6760a80@group-50E32BB97A46, cid=2661, SUCCESS, logIndex=3971, commits[056ae293-26b5-4d67-bc5d-e905a6760a80:c3971, a428730f-9893-43cb-a585-e65a7e8859c8:c3967, 994b73f6-7725-4304-b3a4-4941318c1d6c:c3967]
2019-07-08 19:53:28,795 INFO  client.GrpcClientProtocolClient (GrpcClientProtocolClient.java:onNext(255)) - client-B2F93226DCBB->056ae293-26b5-4d67-bc5d-e905a6760a80: receive RaftClientReply:client-B2F93226DCBB->056ae293-26b5-4d67-bc5d-e905a6760a80@group-50E32BB97A46, cid=2662, SUCCESS, logIndex=3974, commits[056ae293-26b5-4d67-bc5d-e905a6760a80:c3975, a428730f-9893-43cb-a585-e65a7e8859c8:c3972, 994b73f6-7725-4304-b3a4-4941318c1d6c:c3972]
2019-07-08 19:53:28,795 INFO  client.GrpcClientProtocolClient (GrpcClientProtocolClient.java:onNext(255)) - client-B2F93226DCBB->056ae293-26b5-4d67-bc5d-e905a6760a80: receive RaftClientReply:client-B2F93226DCBB->056ae293-26b5-4d67-bc5d-e905a6760a80@group-50E32BB97A46, cid=2663, SUCCESS, logIndex=3975, commits[056ae293-26b5-4d67-bc5d-e905a6760a80:c3975, a428730f-9893-43cb-a585-e65a7e8859c8:c3972, 994b73f6-7725-4304-b3a4-4941318c1d6c:c3972]
2019-07-08 19:53:28,810 INFO  client.GrpcClientProtocolClient (GrpcClientProtocolClient.java:onNext(255)) - client-B2F93226DCBB->056ae293-26b5-4d67-bc5d-e905a6760a80: receive RaftClientReply:client-B2F93226DCBB->056ae293-26b5-4d67-bc5d-e905a6760a80@group-50E32BB97A46, cid=2664, SUCCESS, logIndex=0, commits[056ae293-26b5-4d67-bc5d-e905a6760a80:c3977, a428730f-9893-43cb-a585-e65a7e8859c8:c3975, 994b73f6-7725-4304-b3a4-4941318c1d6c:c3975]
2019-07-08 19:53:28,838 INFO  client.GrpcClientProtocolClient (GrpcClientProtocolClient.java:onNext(255)) - client-B2F93226DCBB->056ae293-26b5-4d67-bc5d-e905a6760a80: receive RaftClientReply:client-B2F93226DCBB->056ae293-26b5-4d67-bc5d-e905a6760a80@group-50E32BB97A46, cid=2665, SUCCESS, logIndex=3978, commits[056ae293-26b5-4d67-bc5d-e905a6760a80:c3979, a428730f-9893-43cb-a585-e65a7e8859c8:c3977, 994b73f6-7725-4304-b3a4-4941318c1d6c:c3977]
2019-07-08 19:53:28,838 INFO  client.GrpcClientProtocolClient (GrpcClientProtocolClient.java:onNext(255)) - client-B2F93226DCBB->056ae293-26b5-4d67-bc5d-e905a6760a80: receive RaftClientReply:client-B2F93226DCBB->056ae293-26b5-4d67-bc5d-e905a6760a80@group-50E32BB97A46, cid=2666, SUCCESS, logIndex=3979, commits[056ae293-26b5-4d67-bc5d-e905a6760a80:c3979, a428730f-9893-43cb-a585-e65a7e8859c8:c3977, 994b73f6-7725-4304-b3a4-4941318c1d6c:c3977]
2019-07-08 19:53:28,850 INFO  client.GrpcClientProtocolClient (GrpcClientProtocolClient.java:onNext(255)) - client-B2F93226DCBB->056ae293-26b5-4d67-bc5d-e905a6760a80: receive RaftClientReply:client-B2F93226DCBB->056ae293-26b5-4d67-bc5d-e905a6760a80@group-50E32BB97A46, cid=2667, SUCCESS, logIndex=3980, commits[056ae293-26b5-4d67-bc5d-e905a6760a80:c3981, a428730f-9893-43cb-a585-e65a7e8859c8:c3977, 994b73f6-7725-4304-b3a4-4941318c1d6c:c3977]
2019-07-08 19:53:28,851 INFO  client.GrpcClientProtocolClient (GrpcClientProtocolClient.java:onNext(255)) - client-B2F93226DCBB->056ae293-26b5-4d67-bc5d-e905a6760a80: receive RaftClientReply:client-B2F93226DCBB->056ae293-26b5-4d67-bc5d-e905a6760a80@group-50E32BB97A46, cid=2668, SUCCESS, logIndex=3981, commits[056ae293-26b5-4d67-bc5d-e905a6760a80:c3981, a428730f-9893-43cb-a585-e65a7e8859c8:c3977, 994b73f6-7725-4304-b3a4-4941318c1d6c:c3977]
2019-07-08 19:53:28,864 INFO  client.GrpcClientProtocolClient (GrpcClientProtocolClient.java:onNext(255)) - client-B2F93226DCBB->056ae293-26b5-4d67-bc5d-e905a6760a80: receive RaftClientReply:client-B2F93226DCBB->056ae293-26b5-4d67-bc5d-e905a6760a80@group-50E32BB97A46, cid=2669, SUCCESS, logIndex=0, commits[056ae293-26b5-4d67-bc5d-e905a6760a80:c3983, a428730f-9893-43cb-a585-e65a7e8859c8:c3979, 994b73f6-7725-4304-b3a4-4941318c1d6c:c3979]
2019-07-08 19:53:28,875 INFO  client.GrpcClientProtocolClient (GrpcClientProtocolClient.java:onNext(255)) - client-B2F93226DCBB->056ae293-26b5-4d67-bc5d-e905a6760a80: receive RaftClientReply:client-B2F93226DCBB->056ae293-26b5-4d67-bc5d-e905a6760a80@group-50E32BB97A46, cid=2670, SUCCESS, logIndex=3986, commits[056ae293-26b5-4d67-bc5d-e905a6760a80:c3987, a428730f-9893-43cb-a585-e65a7e8859c8:c3981, 994b73f6-7725-4304-b3a4-4941318c1d6c:c3985]
2019-07-08 19:53:28,875 INFO  client.GrpcClientProtocolClient (GrpcClientProtocolClient.java:onNext(255)) - client-B2F93226DCBB->056ae293-26b5-4d67-bc5d-e905a6760a80: receive RaftClientReply:client-B2F93226DCBB->056ae293-26b5-4d67-bc5d-e905a6760a80@group-50E32BB97A46, cid=2671, SUCCESS, logIndex=3987, commits[056ae293-26b5-4d67-bc5d-e905a6760a80:c3987, a428730f-9893-43cb-a585-e65a7e8859c8:c3985, 994b73f6-7725-4304-b3a4-4941318c1d6c:c3985]
2019-07-08 19:53:28,885 INFO  client.GrpcClientProtocolClient (GrpcClientProtocolClient.java:onNext(255)) - client-B2F93226DCBB->056ae293-26b5-4d67-bc5d-e905a6760a80: receive RaftClientReply:client-B2F93226DCBB->056ae293-26b5-4d67-bc5d-e905a6760a80@group-50E32BB97A46, cid=2672, SUCCESS, logIndex=3990, commits[056ae293-26b5-4d67-bc5d-e905a6760a80:c3991, a428730f-9893-43cb-a585-e65a7e8859c8:c3987, 994b73f6-7725-4304-b3a4-4941318c1d6c:c3989]
2019-07-08 19:53:28,886 INFO  client.GrpcClientProtocolClient (GrpcClientProtocolClient.java:onNext(255)) - client-B2F93226DCBB->056ae293-26b5-4d67-bc5d-e905a6760a80: receive RaftClientReply:client-B2F93226DCBB->056ae293-26b5-4d67-bc5d-e905a6760a80@group-50E32BB97A46, cid=2673, SUCCESS, logIndex=3991, commits[056ae293-26b5-4d67-bc5d-e905a6760a80:c3991, a428730f-9893-43cb-a585-e65a7e8859c8:c3989, 994b73f6-7725-4304-b3a4-4941318c1d6c:c3989]
2019-07-08 19:53:28,888 INFO  client.GrpcClientProtocolClient (GrpcClientProtocolClient.java:onNext(255)) - client-B2F93226DCBB->056ae293-26b5-4d67-bc5d-e905a6760a80: receive RaftClientReply:client-B2F93226DCBB->056ae293-26b5-4d67-bc5d-e905a6760a80@group-50E32BB97A46, cid=2674, SUCCESS, logIndex=0, commits[056ae293-26b5-4d67-bc5d-e905a6760a80:c3992, a428730f-9893-43cb-a585-e65a7e8859c8:c3991, 994b73f6-7725-4304-b3a4-4941318c1d6c:c3991]
2019-07-08 19:53:28,909 INFO  client.GrpcClientProtocolClient (GrpcClientProtocolClient.java:onNext(255)) - client-B2F93226DCBB->056ae293-26b5-4d67-bc5d-e905a6760a80: receive RaftClientReply:client-B2F93226DCBB->056ae293-26b5-4d67-bc5d-e905a6760a80@group-50E32BB97A46, cid=2675, SUCCESS, logIndex=3994, commits[056ae293-26b5-4d67-bc5d-e905a6760a80:c3995, a428730f-9893-43cb-a585-e65a7e8859c8:c3991, 994b73f6-7725-4304-b3a4-4941318c1d6c:c3993]
2019-07-08 19:53:28,909 INFO  client.GrpcClientProtocolClient (GrpcClientProtocolClient.java:onNext(255)) - client-B2F93226DCBB->056ae293-26b5-4d67-bc5d-e905a6760a80: receive RaftClientReply:client-B2F93226DCBB->056ae293-26b5-4d67-bc5d-e905a6760a80@group-50E32BB97A46, cid=2676, SUCCESS, logIndex=3995, commits[056ae293-26b5-4d67-bc5d-e905a6760a80:c3995, a428730f-9893-43cb-a585-e65a7e8859c8:c3991, 994b73f6-7725-4304-b3a4-4941318c1d6c:c3993]
2019-07-08 19:53:28,913 INFO  client.GrpcClientProtocolClient (GrpcClientProtocolClient.java:onNext(255)) - client-B2F93226DCBB->056ae293-26b5-4d67-bc5d-e905a6760a80: receive RaftClientReply:client-B2F93226DCBB->056ae293-26b5-4d67-bc5d-e905a6760a80@group-50E32BB97A46, cid=2677, SUCCESS, logIndex=3996, commits[056ae293-26b5-4d67-bc5d-e905a6760a80:c3997, a428730f-9893-43cb-a585-e65a7e8859c8:c3993, 994b73f6-7725-4304-b3a4-4941318c1d6c:c3993]
2019-07-08 19:53:28,914 INFO  client.GrpcClientProtocolClient (GrpcClientProtocolClient.java:onNext(255)) - client-B2F93226DCBB->056ae293-26b5-4d67-bc5d-e905a6760a80: receive RaftClientReply:client-B2F93226DCBB->056ae293-26b5-4d67-bc5d-e905a6760a80@group-50E32BB97A46, cid=2678, SUCCESS, logIndex=3997, commits[056ae293-26b5-4d67-bc5d-e905a6760a80:c3999, a428730f-9893-43cb-a585-e65a7e8859c8:c3995, 994b73f6-7725-4304-b3a4-4941318c1d6c:c3995]
2019-07-08 19:53:28,946 INFO  client.GrpcClientProtocolClient (GrpcClientProtocolClient.java:onNext(255)) - client-B2F93226DCBB->056ae293-26b5-4d67-bc5d-e905a6760a80: receive RaftClientReply:client-B2F93226DCBB->056ae293-26b5-4d67-bc5d-e905a6760a80@group-50E32BB97A46, cid=2679, SUCCESS, logIndex=4002, commits[056ae293-26b5-4d67-bc5d-e905a6760a80:c4003, a428730f-9893-43cb-a585-e65a7e8859c8:c4001, 994b73f6-7725-4304-b3a4-4941318c1d6c:c4001]
2019-07-08 19:53:28,946 INFO  client.GrpcClientProtocolClient (GrpcClientProtocolClient.java:onNext(255)) - client-B2F93226DCBB->056ae293-26b5-4d67-bc5d-e905a6760a80: receive RaftClientReply:client-B2F93226DCBB->056ae293-26b5-4d67-bc5d-e905a6760a80@group-50E32BB97A46, cid=2680, SUCCESS, logIndex=4003, commits[056ae293-26b5-4d67-bc5d-e905a6760a80:c4003, a428730f-9893-43cb-a585-e65a7e8859c8:c4001, 994b73f6-7725-4304-b3a4-4941318c1d6c:c4001]
2019-07-08 19:53:28,961 INFO  client.GrpcClientProtocolClient (GrpcClientProtocolClient.java:onNext(255)) - client-B2F93226DCBB->056ae293-26b5-4d67-bc5d-e905a6760a80: receive RaftClientReply:client-B2F93226DCBB->056ae293-26b5-4d67-bc5d-e905a6760a80@group-50E32BB97A46, cid=2681, SUCCESS, logIndex=4006, commits[056ae293-26b5-4d67-bc5d-e905a6760a80:c4007, a428730f-9893-43cb-a585-e65a7e8859c8:c4003, 994b73f6-7725-4304-b3a4-4941318c1d6c:c4003]
2019-07-08 19:53:28,961 INFO  client.GrpcClientProtocolClient (GrpcClientProtocolClient.java:onNext(255)) - client-B2F93226DCBB->056ae293-26b5-4d67-bc5d-e905a6760a80: receive RaftClientReply:client-B2F93226DCBB->056ae293-26b5-4d67-bc5d-e905a6760a80@group-50E32BB97A46, cid=2682, SUCCESS, logIndex=4007, commits[056ae293-26b5-4d67-bc5d-e905a6760a80:c4007, a428730f-9893-43cb-a585-e65a7e8859c8:c4003, 994b73f6-7725-4304-b3a4-4941318c1d6c:c4003]
2019-07-08 19:53:28,978 INFO  client.GrpcClientProtocolClient (GrpcClientProtocolClient.java:onNext(255)) - client-B2F93226DCBB->056ae293-26b5-4d67-bc5d-e905a6760a80: receive RaftClientReply:client-B2F93226DCBB->056ae293-26b5-4d67-bc5d-e905a6760a80@group-50E32BB97A46, cid=2683, SUCCESS, logIndex=0, commits[056ae293-26b5-4d67-bc5d-e905a6760a80:c4009, a428730f-9893-43cb-a585-e65a7e8859c8:c4007, 994b73f6-7725-4304-b3a4-4941318c1d6c:c4007]
2019-07-08 19:53:29,112 INFO  client.GrpcClientProtocolClient (GrpcClientProtocolClient.java:onNext(255)) - client-B2F93226DCBB->056ae293-26b5-4d67-bc5d-e905a6760a80: receive RaftClientReply:client-B2F93226DCBB->056ae293-26b5-4d67-bc5d-e905a6760a80@group-50E32BB97A46, cid=2684, SUCCESS, logIndex=4010, commits[056ae293-26b5-4d67-bc5d-e905a6760a80:c4012, a428730f-9893-43cb-a585-e65a7e8859c8:c4009, 994b73f6-7725-4304-b3a4-4941318c1d6c:c4009]
2019-07-08 19:53:29,113 INFO  client.GrpcClientProtocolClient (GrpcClientProtocolClient.java:onNext(255)) - client-B2F93226DCBB->056ae293-26b5-4d67-bc5d-e905a6760a80: receive RaftClientReply:client-B2F93226DCBB->056ae293-26b5-4d67-bc5d-e905a6760a80@group-50E32BB97A46, cid=2685, SUCCESS, logIndex=4011, commits[056ae293-26b5-4d67-bc5d-e905a6760a80:c4013, a428730f-9893-43cb-a585-e65a7e8859c8:c4009, 994b73f6-7725-4304-b3a4-4941318c1d6c:c4009]
2019-07-08 19:53:29,113 INFO  client.GrpcClientProtocolClient (GrpcClientProtocolClient.java:onNext(255)) - client-B2F93226DCBB->056ae293-26b5-4d67-bc5d-e905a6760a80: receive RaftClientReply:client-B2F93226DCBB->056ae293-26b5-4d67-bc5d-e905a6760a80@group-50E32BB97A46, cid=2686, SUCCESS, logIndex=4012, commits[056ae293-26b5-4d67-bc5d-e905a6760a80:c4013, a428730f-9893-43cb-a585-e65a7e8859c8:c4009, 994b73f6-7725-4304-b3a4-4941318c1d6c:c4010]
2019-07-08 19:53:29,114 INFO  client.GrpcClientProtocolClient (GrpcClientProtocolClient.java:onNext(255)) - client-B2F93226DCBB->056ae293-26b5-4d67-bc5d-e905a6760a80: receive RaftClientReply:client-B2F93226DCBB->056ae293-26b5-4d67-bc5d-e905a6760a80@group-50E32BB97A46, cid=2687, SUCCESS, logIndex=4013, commits[056ae293-26b5-4d67-bc5d-e905a6760a80:c4015, a428730f-9893-43cb-a585-e65a7e8859c8:c4009, 994b73f6-7725-4304-b3a4-4941318c1d6c:c4011]
2019-07-08 19:53:29,115 INFO  client.GrpcClientProtocolClient (GrpcClientProtocolClient.java:onNext(255)) - client-B2F93226DCBB->056ae293-26b5-4d67-bc5d-e905a6760a80: receive RaftClientReply:client-B2F93226DCBB->056ae293-26b5-4d67-bc5d-e905a6760a80@group-50E32BB97A46, cid=2688, SUCCESS, logIndex=0, commits[056ae293-26b5-4d67-bc5d-e905a6760a80:c4017, a428730f-9893-43cb-a585-e65a7e8859c8:c4012, 994b73f6-7725-4304-b3a4-4941318c1d6c:c4013]
2019-07-08 19:53:29,135 INFO  client.GrpcClientProtocolClient (GrpcClientProtocolClient.java:onNext(255)) - client-B2F93226DCBB->056ae293-26b5-4d67-bc5d-e905a6760a80: receive RaftClientReply:client-B2F93226DCBB->056ae293-26b5-4d67-bc5d-e905a6760a80@group-50E32BB97A46, cid=2689, SUCCESS, logIndex=4018, commits[056ae293-26b5-4d67-bc5d-e905a6760a80:c4019, a428730f-9893-43cb-a585-e65a7e8859c8:c4017, 994b73f6-7725-4304-b3a4-4941318c1d6c:c4017]
2019-07-08 19:53:29,135 INFO  client.GrpcClientProtocolClient (GrpcClientProtocolClient.java:onNext(255)) - client-B2F93226DCBB->056ae293-26b5-4d67-bc5d-e905a6760a80: receive RaftClientReply:client-B2F93226DCBB->056ae293-26b5-4d67-bc5d-e905a6760a80@group-50E32BB97A46, cid=2690, SUCCESS, logIndex=4019, commits[056ae293-26b5-4d67-bc5d-e905a6760a80:c4019, a428730f-9893-43cb-a585-e65a7e8859c8:c4017, 994b73f6-7725-4304-b3a4-4941318c1d6c:c4017]
2019-07-08 19:53:29,150 INFO  client.GrpcClientProtocolClient (GrpcClientProtocolClient.java:onNext(255)) - client-B2F93226DCBB->056ae293-26b5-4d67-bc5d-e905a6760a80: receive RaftClientReply:client-B2F93226DCBB->056ae293-26b5-4d67-bc5d-e905a6760a80@group-50E32BB97A46, cid=2691, SUCCESS, logIndex=4022, commits[056ae293-26b5-4d67-bc5d-e905a6760a80:c4023, a428730f-9893-43cb-a585-e65a7e8859c8:c4019, 994b73f6-7725-4304-b3a4-4941318c1d6c:c4019]
2019-07-08 19:53:29,150 INFO  client.GrpcClientProtocolClient (GrpcClientProtocolClient.java:onNext(255)) - client-B2F93226DCBB->056ae293-26b5-4d67-bc5d-e905a6760a80: receive RaftClientReply:client-B2F93226DCBB->056ae293-26b5-4d67-bc5d-e905a6760a80@group-50E32BB97A46, cid=2692, SUCCESS, logIndex=4023, commits[056ae293-26b5-4d67-bc5d-e905a6760a80:c4023, a428730f-9893-43cb-a585-e65a7e8859c8:c4019, 994b73f6-7725-4304-b3a4-4941318c1d6c:c4019]
2019-07-08 19:53:29,164 INFO  client.GrpcClientProtocolClient (GrpcClientProtocolClient.java:onNext(255)) - client-B2F93226DCBB->056ae293-26b5-4d67-bc5d-e905a6760a80: receive RaftClientReply:client-B2F93226DCBB->056ae293-26b5-4d67-bc5d-e905a6760a80@group-50E32BB97A46, cid=2693, SUCCESS, logIndex=0, commits[056ae293-26b5-4d67-bc5d-e905a6760a80:c4025, a428730f-9893-43cb-a585-e65a7e8859c8:c4023, 994b73f6-7725-4304-b3a4-4941318c1d6c:c4023]
2019-07-08 19:53:29,196 INFO  client.GrpcClientProtocolClient (GrpcClientProtocolClient.java:onNext(255)) - client-B2F93226DCBB->056ae293-26b5-4d67-bc5d-e905a6760a80: receive RaftClientReply:client-B2F93226DCBB->056ae293-26b5-4d67-bc5d-e905a6760a80@group-50E32BB97A46, cid=2694, SUCCESS, logIndex=4026, commits[056ae293-26b5-4d67-bc5d-e905a6760a80:c4027, a428730f-9893-43cb-a585-e65a7e8859c8:c4025, 994b73f6-7725-4304-b3a4-4941318c1d6c:c4025]
2019-07-08 19:53:29,196 INFO  client.GrpcClientProtocolClient (GrpcClientProtocolClient.java:onNext(255)) - client-B2F93226DCBB->056ae293-26b5-4d67-bc5d-e905a6760a80: receive RaftClientReply:client-B2F93226DCBB->056ae293-26b5-4d67-bc5d-e905a6760a80@group-50E32BB97A46, cid=2695, SUCCESS, logIndex=4027, commits[056ae293-26b5-4d67-bc5d-e905a6760a80:c4029, a428730f-9893-43cb-a585-e65a7e8859c8:c4025, 994b73f6-7725-4304-b3a4-4941318c1d6c:c4025]
2019-07-08 19:53:29,197 INFO  client.GrpcClientProtocolClient (GrpcClientProtocolClient.java:onNext(255)) - client-B2F93226DCBB->056ae293-26b5-4d67-bc5d-e905a6760a80: receive RaftClientReply:client-B2F93226DCBB->056ae293-26b5-4d67-bc5d-e905a6760a80@group-50E32BB97A46, cid=2696, SUCCESS, logIndex=4028, commits[056ae293-26b5-4d67-bc5d-e905a6760a80:c4029, a428730f-9893-43cb-a585-e65a7e8859c8:c4025, 994b73f6-7725-4304-b3a4-4941318c1d6c:c4025]
2019-07-08 19:53:29,197 INFO  client.GrpcClientProtocolClient (GrpcClientProtocolClient.java:onNext(255)) - client-B2F93226DCBB->056ae293-26b5-4d67-bc5d-e905a6760a80: receive RaftClientReply:client-B2F93226DCBB->056ae293-26b5-4d67-bc5d-e905a6760a80@group-50E32BB97A46, cid=2697, SUCCESS, logIndex=4029, commits[056ae293-26b5-4d67-bc5d-e905a6760a80:c4029, a428730f-9893-43cb-a585-e65a7e8859c8:c4025, 994b73f6-7725-4304-b3a4-4941318c1d6c:c4025]
2019-07-08 19:53:29,209 INFO  client.GrpcClientProtocolClient (GrpcClientProtocolClient.java:onNext(255)) - client-B2F93226DCBB->056ae293-26b5-4d67-bc5d-e905a6760a80: receive RaftClientReply:client-B2F93226DCBB->056ae293-26b5-4d67-bc5d-e905a6760a80@group-50E32BB97A46, cid=2698, SUCCESS, logIndex=0, commits[056ae293-26b5-4d67-bc5d-e905a6760a80:c4031, a428730f-9893-43cb-a585-e65a7e8859c8:c4027, 994b73f6-7725-4304-b3a4-4941318c1d6c:c4027]
2019-07-08 19:53:29,252 INFO  client.GrpcClientProtocolClient (GrpcClientProtocolClient.java:onNext(255)) - client-B2F93226DCBB->056ae293-26b5-4d67-bc5d-e905a6760a80: receive RaftClientReply:client-B2F93226DCBB->056ae293-26b5-4d67-bc5d-e905a6760a80@group-50E32BB97A46, cid=2699, SUCCESS, logIndex=4033, commits[056ae293-26b5-4d67-bc5d-e905a6760a80:c4033, a428730f-9893-43cb-a585-e65a7e8859c8:c4032, 994b73f6-7725-4304-b3a4-4941318c1d6c:c4032]
2019-07-08 19:53:29,253 INFO  client.GrpcClientProtocolClient (GrpcClientProtocolClient.java:onNext(255)) - client-B2F93226DCBB->056ae293-26b5-4d67-bc5d-e905a6760a80: receive RaftClientReply:client-B2F93226DCBB->056ae293-26b5-4d67-bc5d-e905a6760a80@group-50E32BB97A46, cid=2700, SUCCESS, logIndex=4034, commits[056ae293-26b5-4d67-bc5d-e905a6760a80:c4034, a428730f-9893-43cb-a585-e65a7e8859c8:c4032, 994b73f6-7725-4304-b3a4-4941318c1d6c:c4032]
2019-07-08 19:53:29,268 INFO  client.GrpcClientProtocolClient (GrpcClientProtocolClient.java:onNext(255)) - client-B2F93226DCBB->056ae293-26b5-4d67-bc5d-e905a6760a80: receive RaftClientReply:client-B2F93226DCBB->056ae293-26b5-4d67-bc5d-e905a6760a80@group-50E32BB97A46, cid=2701, SUCCESS, logIndex=4037, commits[056ae293-26b5-4d67-bc5d-e905a6760a80:c4038, a428730f-9893-43cb-a585-e65a7e8859c8:c4034, 994b73f6-7725-4304-b3a4-4941318c1d6c:c4034]
2019-07-08 19:53:29,268 INFO  client.GrpcClientProtocolClient (GrpcClientProtocolClient.java:onNext(255)) - client-B2F93226DCBB->056ae293-26b5-4d67-bc5d-e905a6760a80: receive RaftClientReply:client-B2F93226DCBB->056ae293-26b5-4d67-bc5d-e905a6760a80@group-50E32BB97A46, cid=2702, SUCCESS, logIndex=4038, commits[056ae293-26b5-4d67-bc5d-e905a6760a80:c4038, a428730f-9893-43cb-a585-e65a7e8859c8:c4034, 994b73f6-7725-4304-b3a4-4941318c1d6c:c4034]
2019-07-08 19:53:29,282 INFO  client.GrpcClientProtocolClient (GrpcClientProtocolClient.java:onNext(255)) - client-B2F93226DCBB->056ae293-26b5-4d67-bc5d-e905a6760a80: receive RaftClientReply:client-B2F93226DCBB->056ae293-26b5-4d67-bc5d-e905a6760a80@group-50E32BB97A46, cid=2703, SUCCESS, logIndex=0, commits[056ae293-26b5-4d67-bc5d-e905a6760a80:c4040, a428730f-9893-43cb-a585-e65a7e8859c8:c4038, 994b73f6-7725-4304-b3a4-4941318c1d6c:c4038]
2019-07-08 19:53:29,315 INFO  client.GrpcClientProtocolClient (GrpcClientProtocolClient.java:onNext(255)) - client-B2F93226DCBB->056ae293-26b5-4d67-bc5d-e905a6760a80: receive RaftClientReply:client-B2F93226DCBB->056ae293-26b5-4d67-bc5d-e905a6760a80@group-50E32BB97A46, cid=2704, SUCCESS, logIndex=4041, commits[056ae293-26b5-4d67-bc5d-e905a6760a80:c4042, a428730f-9893-43cb-a585-e65a7e8859c8:c4040, 994b73f6-7725-4304-b3a4-4941318c1d6c:c4040]
2019-07-08 19:53:29,316 INFO  client.GrpcClientProtocolClient (GrpcClientProtocolClient.java:onNext(255)) - client-B2F93226DCBB->056ae293-26b5-4d67-bc5d-e905a6760a80: receive RaftClientReply:client-B2F93226DCBB->056ae293-26b5-4d67-bc5d-e905a6760a80@group-50E32BB97A46, cid=2705, SUCCESS, logIndex=4042, commits[056ae293-26b5-4d67-bc5d-e905a6760a80:c4042, a428730f-9893-43cb-a585-e65a7e8859c8:c4040, 994b73f6-7725-4304-b3a4-4941318c1d6c:c4040]
2019-07-08 19:53:29,325 INFO  client.GrpcClientProtocolClient (GrpcClientProtocolClient.java:onNext(255)) - client-B2F93226DCBB->056ae293-26b5-4d67-bc5d-e905a6760a80: receive RaftClientReply:client-B2F93226DCBB->056ae293-26b5-4d67-bc5d-e905a6760a80@group-50E32BB97A46, cid=2706, SUCCESS, logIndex=4043, commits[056ae293-26b5-4d67-bc5d-e905a6760a80:c4044, a428730f-9893-43cb-a585-e65a7e8859c8:c4040, 994b73f6-7725-4304-b3a4-4941318c1d6c:c4040]
2019-07-08 19:53:29,325 INFO  client.GrpcClientProtocolClient (GrpcClientProtocolClient.java:onNext(255)) - client-B2F93226DCBB->056ae293-26b5-4d67-bc5d-e905a6760a80: receive RaftClientReply:client-B2F93226DCBB->056ae293-26b5-4d67-bc5d-e905a6760a80@group-50E32BB97A46, cid=2707, SUCCESS, logIndex=4044, commits[056ae293-26b5-4d67-bc5d-e905a6760a80:c4044, a428730f-9893-43cb-a585-e65a7e8859c8:c4040, 994b73f6-7725-4304-b3a4-4941318c1d6c:c4040]
2019-07-08 19:53:29,341 INFO  client.GrpcClientProtocolClient (GrpcClientProtocolClient.java:onNext(255)) - client-B2F93226DCBB->056ae293-26b5-4d67-bc5d-e905a6760a80: receive RaftClientReply:client-B2F93226DCBB->056ae293-26b5-4d67-bc5d-e905a6760a80@group-50E32BB97A46, cid=2708, SUCCESS, logIndex=0, commits[056ae293-26b5-4d67-bc5d-e905a6760a80:c4046, a428730f-9893-43cb-a585-e65a7e8859c8:c4042, 994b73f6-7725-4304-b3a4-4941318c1d6c:c4042]
2019-07-08 19:53:29,362 INFO  client.GrpcClientProtocolClient (GrpcClientProtocolClient.java:onNext(255)) - client-B2F93226DCBB->056ae293-26b5-4d67-bc5d-e905a6760a80: receive RaftClientReply:client-B2F93226DCBB->056ae293-26b5-4d67-bc5d-e905a6760a80@group-50E32BB97A46, cid=2709, SUCCESS, logIndex=4049, commits[056ae293-26b5-4d67-bc5d-e905a6760a80:c4050, a428730f-9893-43cb-a585-e65a7e8859c8:c4042, 994b73f6-7725-4304-b3a4-4941318c1d6c:c4048]
2019-07-08 19:53:29,362 INFO  client.GrpcClientProtocolClient (GrpcClientProtocolClient.java:onNext(255)) - client-B2F93226DCBB->056ae293-26b5-4d67-bc5d-e905a6760a80: receive RaftClientReply:client-B2F93226DCBB->056ae293-26b5-4d67-bc5d-e905a6760a80@group-50E32BB97A46, cid=2710, SUCCESS, logIndex=4050, commits[056ae293-26b5-4d67-bc5d-e905a6760a80:c4050, a428730f-9893-43cb-a585-e65a7e8859c8:c4048, 994b73f6-7725-4304-b3a4-4941318c1d6c:c4048]
2019-07-08 19:53:29,387 INFO  client.GrpcClientProtocolClient (GrpcClientProtocolClient.java:onNext(255)) - client-B2F93226DCBB->056ae293-26b5-4d67-bc5d-e905a6760a80: receive RaftClientReply:client-B2F93226DCBB->056ae293-26b5-4d67-bc5d-e905a6760a80@group-50E32BB97A46, cid=2711, SUCCESS, logIndex=4053, commits[056ae293-26b5-4d67-bc5d-e905a6760a80:c4053, a428730f-9893-43cb-a585-e65a7e8859c8:c4050, 994b73f6-7725-4304-b3a4-4941318c1d6c:c4050]
2019-07-08 19:53:29,388 INFO  client.GrpcClientProtocolClient (GrpcClientProtocolClient.java:onNext(255)) - client-B2F93226DCBB->056ae293-26b5-4d67-bc5d-e905a6760a80: receive RaftClientReply:client-B2F93226DCBB->056ae293-26b5-4d67-bc5d-e905a6760a80@group-50E32BB97A46, cid=2712, SUCCESS, logIndex=4054, commits[056ae293-26b5-4d67-bc5d-e905a6760a80:c4054, a428730f-9893-43cb-a585-e65a7e8859c8:c4050, 994b73f6-7725-4304-b3a4-4941318c1d6c:c4050]
2019-07-08 19:53:29,395 INFO  client.GrpcClientProtocolClient (GrpcClientProtocolClient.java:onNext(255)) - client-B2F93226DCBB->056ae293-26b5-4d67-bc5d-e905a6760a80: receive RaftClientReply:client-B2F93226DCBB->056ae293-26b5-4d67-bc5d-e905a6760a80@group-50E32BB97A46, cid=2713, SUCCESS, logIndex=0, commits[056ae293-26b5-4d67-bc5d-e905a6760a80:c4056, a428730f-9893-43cb-a585-e65a7e8859c8:c4054, 994b73f6-7725-4304-b3a4-4941318c1d6c:c4054]
2019-07-08 19:53:29,419 INFO  client.GrpcClientProtocolClient (GrpcClientProtocolClient.java:onNext(255)) - client-B2F93226DCBB->056ae293-26b5-4d67-bc5d-e905a6760a80: receive RaftClientReply:client-B2F93226DCBB->056ae293-26b5-4d67-bc5d-e905a6760a80@group-50E32BB97A46, cid=2714, SUCCESS, logIndex=4057, commits[056ae293-26b5-4d67-bc5d-e905a6760a80:c4057, a428730f-9893-43cb-a585-e65a7e8859c8:c4054, 994b73f6-7725-4304-b3a4-4941318c1d6c:c4056]
2019-07-08 19:53:29,420 INFO  client.GrpcClientProtocolClient (GrpcClientProtocolClient.java:onNext(255)) - client-B2F93226DCBB->056ae293-26b5-4d67-bc5d-e905a6760a80: receive RaftClientReply:client-B2F93226DCBB->056ae293-26b5-4d67-bc5d-e905a6760a80@group-50E32BB97A46, cid=2715, SUCCESS, logIndex=4058, commits[056ae293-26b5-4d67-bc5d-e905a6760a80:c4058, a428730f-9893-43cb-a585-e65a7e8859c8:c4054, 994b73f6-7725-4304-b3a4-4941318c1d6c:c4056]
2019-07-08 19:53:29,425 INFO  client.GrpcClientProtocolClient (GrpcClientProtocolClient.java:onNext(255)) - client-B2F93226DCBB->056ae293-26b5-4d67-bc5d-e905a6760a80: receive RaftClientReply:client-B2F93226DCBB->056ae293-26b5-4d67-bc5d-e905a6760a80@group-50E32BB97A46, cid=2716, SUCCESS, logIndex=4059, commits[056ae293-26b5-4d67-bc5d-e905a6760a80:c4060, a428730f-9893-43cb-a585-e65a7e8859c8:c4057, 994b73f6-7725-4304-b3a4-4941318c1d6c:c4056]
2019-07-08 19:53:29,425 INFO  client.GrpcClientProtocolClient (GrpcClientProtocolClient.java:onNext(255)) - client-B2F93226DCBB->056ae293-26b5-4d67-bc5d-e905a6760a80: receive RaftClientReply:client-B2F93226DCBB->056ae293-26b5-4d67-bc5d-e905a6760a80@group-50E32BB97A46, cid=2717, SUCCESS, logIndex=4060, commits[056ae293-26b5-4d67-bc5d-e905a6760a80:c4062, a428730f-9893-43cb-a585-e65a7e8859c8:c4058, 994b73f6-7725-4304-b3a4-4941318c1d6c:c4056]
2019-07-08 19:53:29,426 INFO  client.GrpcClientProtocolClient (GrpcClientProtocolClient.java:onNext(255)) - client-B2F93226DCBB->056ae293-26b5-4d67-bc5d-e905a6760a80: receive RaftClientReply:client-B2F93226DCBB->056ae293-26b5-4d67-bc5d-e905a6760a80@group-50E32BB97A46, cid=2718, SUCCESS, logIndex=0, commits[056ae293-26b5-4d67-bc5d-e905a6760a80:c4062, a428730f-9893-43cb-a585-e65a7e8859c8:c4060, 994b73f6-7725-4304-b3a4-4941318c1d6c:c4058]
 0.00% |█                                                                                                    |  0/1 Time: 0:00:252019-07-08 19:53:29,459 INFO  client.GrpcClientProtocolClient (GrpcClientProtocolClient.java:onNext(255)) - client-B2F93226DCBB->056ae293-26b5-4d67-bc5d-e905a6760a80: receive RaftClientReply:client-B2F93226DCBB->056ae293-26b5-4d67-bc5d-e905a6760a80@group-50E32BB97A46, cid=2719, SUCCESS, logIndex=4065, commits[056ae293-26b5-4d67-bc5d-e905a6760a80:c4066, a428730f-9893-43cb-a585-e65a7e8859c8:c4064, 994b73f6-7725-4304-b3a4-4941318c1d6c:c4064]
2019-07-08 19:53:29,459 INFO  client.GrpcClientProtocolClient (GrpcClientProtocolClient.java:onNext(255)) - client-B2F93226DCBB->056ae293-26b5-4d67-bc5d-e905a6760a80: receive RaftClientReply:client-B2F93226DCBB->056ae293-26b5-4d67-bc5d-e905a6760a80@group-50E32BB97A46, cid=2720, SUCCESS, logIndex=4066, commits[056ae293-26b5-4d67-bc5d-e905a6760a80:c4066, a428730f-9893-43cb-a585-e65a7e8859c8:c4064, 994b73f6-7725-4304-b3a4-4941318c1d6c:c4064]
2019-07-08 19:53:29,484 INFO  client.GrpcClientProtocolClient (GrpcClientProtocolClient.java:onNext(255)) - client-B2F93226DCBB->056ae293-26b5-4d67-bc5d-e905a6760a80: receive RaftClientReply:client-B2F93226DCBB->056ae293-26b5-4d67-bc5d-e905a6760a80@group-50E32BB97A46, cid=2721, SUCCESS, logIndex=4069, commits[056ae293-26b5-4d67-bc5d-e905a6760a80:c4070, a428730f-9893-43cb-a585-e65a7e8859c8:c4066, 994b73f6-7725-4304-b3a4-4941318c1d6c:c4066]
2019-07-08 19:53:29,484 INFO  client.GrpcClientProtocolClient (GrpcClientProtocolClient.java:onNext(255)) - client-B2F93226DCBB->056ae293-26b5-4d67-bc5d-e905a6760a80: receive RaftClientReply:client-B2F93226DCBB->056ae293-26b5-4d67-bc5d-e905a6760a80@group-50E32BB97A46, cid=2722, SUCCESS, logIndex=4070, commits[056ae293-26b5-4d67-bc5d-e905a6760a80:c4070, a428730f-9893-43cb-a585-e65a7e8859c8:c4066, 994b73f6-7725-4304-b3a4-4941318c1d6c:c4066]
2019-07-08 19:53:29,498 INFO  client.GrpcClientProtocolClient (GrpcClientProtocolClient.java:onNext(255)) - client-B2F93226DCBB->056ae293-26b5-4d67-bc5d-e905a6760a80: receive RaftClientReply:client-B2F93226DCBB->056ae293-26b5-4d67-bc5d-e905a6760a80@group-50E32BB97A46, cid=2723, SUCCESS, logIndex=0, commits[056ae293-26b5-4d67-bc5d-e905a6760a80:c4071, a428730f-9893-43cb-a585-e65a7e8859c8:c4070, 994b73f6-7725-4304-b3a4-4941318c1d6c:c4070]
2019-07-08 19:53:29,524 INFO  client.GrpcClientProtocolClient (GrpcClientProtocolClient.java:onNext(255)) - client-B2F93226DCBB->056ae293-26b5-4d67-bc5d-e905a6760a80: receive RaftClientReply:client-B2F93226DCBB->056ae293-26b5-4d67-bc5d-e905a6760a80@group-50E32BB97A46, cid=2724, SUCCESS, logIndex=4073, commits[056ae293-26b5-4d67-bc5d-e905a6760a80:c4074, a428730f-9893-43cb-a585-e65a7e8859c8:c4072, 994b73f6-7725-4304-b3a4-4941318c1d6c:c4072]
2019-07-08 19:53:29,525 INFO  client.GrpcClientProtocolClient (GrpcClientProtocolClient.java:onNext(255)) - client-B2F93226DCBB->056ae293-26b5-4d67-bc5d-e905a6760a80: receive RaftClientReply:client-B2F93226DCBB->056ae293-26b5-4d67-bc5d-e905a6760a80@group-50E32BB97A46, cid=2725, SUCCESS, logIndex=4074, commits[056ae293-26b5-4d67-bc5d-e905a6760a80:c4074, a428730f-9893-43cb-a585-e65a7e8859c8:c4072, 994b73f6-7725-4304-b3a4-4941318c1d6c:c4072]
2019-07-08 19:53:29,526 INFO  client.GrpcClientProtocolClient (GrpcClientProtocolClient.java:onNext(255)) - client-B2F93226DCBB->056ae293-26b5-4d67-bc5d-e905a6760a80: receive RaftClientReply:client-B2F93226DCBB->056ae293-26b5-4d67-bc5d-e905a6760a80@group-50E32BB97A46, cid=2726, SUCCESS, logIndex=4075, commits[056ae293-26b5-4d67-bc5d-e905a6760a80:c4075, a428730f-9893-43cb-a585-e65a7e8859c8:c4072, 994b73f6-7725-4304-b3a4-4941318c1d6c:c4072]
2019-07-08 19:53:29,526 INFO  client.GrpcClientProtocolClient (GrpcClientProtocolClient.java:onNext(255)) - client-B2F93226DCBB->056ae293-26b5-4d67-bc5d-e905a6760a80: receive RaftClientReply:client-B2F93226DCBB->056ae293-26b5-4d67-bc5d-e905a6760a80@group-50E32BB97A46, cid=2727, SUCCESS, logIndex=4076, commits[056ae293-26b5-4d67-bc5d-e905a6760a80:c4076, a428730f-9893-43cb-a585-e65a7e8859c8:c4072, 994b73f6-7725-4304-b3a4-4941318c1d6c:c4072]
2019-07-08 19:53:29,538 INFO  client.GrpcClientProtocolClient (GrpcClientProtocolClient.java:onNext(255)) - client-B2F93226DCBB->056ae293-26b5-4d67-bc5d-e905a6760a80: receive RaftClientReply:client-B2F93226DCBB->056ae293-26b5-4d67-bc5d-e905a6760a80@group-50E32BB97A46, cid=2728, SUCCESS, logIndex=0, commits[056ae293-26b5-4d67-bc5d-e905a6760a80:c4077, a428730f-9893-43cb-a585-e65a7e8859c8:c4074, 994b73f6-7725-4304-b3a4-4941318c1d6c:c4074]
2019-07-08 19:53:29,558 INFO  client.GrpcClientProtocolClient (GrpcClientProtocolClient.java:onNext(255)) - client-B2F93226DCBB->056ae293-26b5-4d67-bc5d-e905a6760a80: receive RaftClientReply:client-B2F93226DCBB->056ae293-26b5-4d67-bc5d-e905a6760a80@group-50E32BB97A46, cid=2729, SUCCESS, logIndex=4081, commits[056ae293-26b5-4d67-bc5d-e905a6760a80:c4082, a428730f-9893-43cb-a585-e65a7e8859c8:c4080, 994b73f6-7725-4304-b3a4-4941318c1d6c:c4080]
2019-07-08 19:53:29,558 INFO  client.GrpcClientProtocolClient (GrpcClientProtocolClient.java:onNext(255)) - client-B2F93226DCBB->056ae293-26b5-4d67-bc5d-e905a6760a80: receive RaftClientReply:client-B2F93226DCBB->056ae293-26b5-4d67-bc5d-e905a6760a80@group-50E32BB97A46, cid=2730, SUCCESS, logIndex=4082, commits[056ae293-26b5-4d67-bc5d-e905a6760a80:c4082, a428730f-9893-43cb-a585-e65a7e8859c8:c4080, 994b73f6-7725-4304-b3a4-4941318c1d6c:c4080]
2019-07-08 19:53:29,585 INFO  client.GrpcClientProtocolClient (GrpcClientProtocolClient.java:onNext(255)) - client-B2F93226DCBB->056ae293-26b5-4d67-bc5d-e905a6760a80: receive RaftClientReply:client-B2F93226DCBB->056ae293-26b5-4d67-bc5d-e905a6760a80@group-50E32BB97A46, cid=2731, SUCCESS, logIndex=4085, commits[056ae293-26b5-4d67-bc5d-e905a6760a80:c4086, a428730f-9893-43cb-a585-e65a7e8859c8:c4082, 994b73f6-7725-4304-b3a4-4941318c1d6c:c4082]
2019-07-08 19:53:29,585 INFO  client.GrpcClientProtocolClient (GrpcClientProtocolClient.java:onNext(255)) - client-B2F93226DCBB->056ae293-26b5-4d67-bc5d-e905a6760a80: receive RaftClientReply:client-B2F93226DCBB->056ae293-26b5-4d67-bc5d-e905a6760a80@group-50E32BB97A46, cid=2732, SUCCESS, logIndex=4086, commits[056ae293-26b5-4d67-bc5d-e905a6760a80:c4086, a428730f-9893-43cb-a585-e65a7e8859c8:c4082, 994b73f6-7725-4304-b3a4-4941318c1d6c:c4082]
2019-07-08 19:53:29,612 INFO  client.GrpcClientProtocolClient (GrpcClientProtocolClient.java:onNext(255)) - client-B2F93226DCBB->056ae293-26b5-4d67-bc5d-e905a6760a80: receive RaftClientReply:client-B2F93226DCBB->056ae293-26b5-4d67-bc5d-e905a6760a80@group-50E32BB97A46, cid=2733, SUCCESS, logIndex=0, commits[056ae293-26b5-4d67-bc5d-e905a6760a80:c4088, a428730f-9893-43cb-a585-e65a7e8859c8:c4086, 994b73f6-7725-4304-b3a4-4941318c1d6c:c4086]
2019-07-08 19:53:29,643 INFO  client.GrpcClientProtocolClient (GrpcClientProtocolClient.java:onNext(255)) - client-B2F93226DCBB->056ae293-26b5-4d67-bc5d-e905a6760a80: receive RaftClientReply:client-B2F93226DCBB->056ae293-26b5-4d67-bc5d-e905a6760a80@group-50E32BB97A46, cid=2734, SUCCESS, logIndex=4089, commits[056ae293-26b5-4d67-bc5d-e905a6760a80:c4090, a428730f-9893-43cb-a585-e65a7e8859c8:c4088, 994b73f6-7725-4304-b3a4-4941318c1d6c:c4088]
2019-07-08 19:53:29,644 INFO  client.GrpcClientProtocolClient (GrpcClientProtocolClient.java:onNext(255)) - client-B2F93226DCBB->056ae293-26b5-4d67-bc5d-e905a6760a80: receive RaftClientReply:client-B2F93226DCBB->056ae293-26b5-4d67-bc5d-e905a6760a80@group-50E32BB97A46, cid=2735, SUCCESS, logIndex=4090, commits[056ae293-26b5-4d67-bc5d-e905a6760a80:c4090, a428730f-9893-43cb-a585-e65a7e8859c8:c4088, 994b73f6-7725-4304-b3a4-4941318c1d6c:c4088]
2019-07-08 19:53:29,653 INFO  client.GrpcClientProtocolClient (GrpcClientProtocolClient.java:onNext(255)) - client-B2F93226DCBB->056ae293-26b5-4d67-bc5d-e905a6760a80: receive RaftClientReply:client-B2F93226DCBB->056ae293-26b5-4d67-bc5d-e905a6760a80@group-50E32BB97A46, cid=2736, SUCCESS, logIndex=4091, commits[056ae293-26b5-4d67-bc5d-e905a6760a80:c4092, a428730f-9893-43cb-a585-e65a7e8859c8:c4088, 994b73f6-7725-4304-b3a4-4941318c1d6c:c4088]
2019-07-08 19:53:29,654 INFO  client.GrpcClientProtocolClient (GrpcClientProtocolClient.java:onNext(255)) - client-B2F93226DCBB->056ae293-26b5-4d67-bc5d-e905a6760a80: receive RaftClientReply:client-B2F93226DCBB->056ae293-26b5-4d67-bc5d-e905a6760a80@group-50E32BB97A46, cid=2737, SUCCESS, logIndex=4092, commits[056ae293-26b5-4d67-bc5d-e905a6760a80:c4092, a428730f-9893-43cb-a585-e65a7e8859c8:c4088, 994b73f6-7725-4304-b3a4-4941318c1d6c:c4088]
2019-07-08 19:53:29,656 INFO  client.GrpcClientProtocolClient (GrpcClientProtocolClient.java:onNext(255)) - client-B2F93226DCBB->056ae293-26b5-4d67-bc5d-e905a6760a80: receive RaftClientReply:client-B2F93226DCBB->056ae293-26b5-4d67-bc5d-e905a6760a80@group-50E32BB97A46, cid=2738, SUCCESS, logIndex=0, commits[056ae293-26b5-4d67-bc5d-e905a6760a80:c4095, a428730f-9893-43cb-a585-e65a7e8859c8:c4090, 994b73f6-7725-4304-b3a4-4941318c1d6c:c4092]
2019-07-08 19:53:29,678 INFO  client.GrpcClientProtocolClient (GrpcClientProtocolClient.java:onNext(255)) - client-B2F93226DCBB->056ae293-26b5-4d67-bc5d-e905a6760a80: receive RaftClientReply:client-B2F93226DCBB->056ae293-26b5-4d67-bc5d-e905a6760a80@group-50E32BB97A46, cid=2739, SUCCESS, logIndex=4096, commits[056ae293-26b5-4d67-bc5d-e905a6760a80:c4097, a428730f-9893-43cb-a585-e65a7e8859c8:c4095, 994b73f6-7725-4304-b3a4-4941318c1d6c:c4095]
2019-07-08 19:53:29,679 INFO  client.GrpcClientProtocolClient (GrpcClientProtocolClient.java:onNext(255)) - client-B2F93226DCBB->056ae293-26b5-4d67-bc5d-e905a6760a80: receive RaftClientReply:client-B2F93226DCBB->056ae293-26b5-4d67-bc5d-e905a6760a80@group-50E32BB97A46, cid=2740, SUCCESS, logIndex=4097, commits[056ae293-26b5-4d67-bc5d-e905a6760a80:c4097, a428730f-9893-43cb-a585-e65a7e8859c8:c4095, 994b73f6-7725-4304-b3a4-4941318c1d6c:c4095]
2019-07-08 19:53:29,713 INFO  client.GrpcClientProtocolClient (GrpcClientProtocolClient.java:onNext(255)) - client-B2F93226DCBB->056ae293-26b5-4d67-bc5d-e905a6760a80: receive RaftClientReply:client-B2F93226DCBB->056ae293-26b5-4d67-bc5d-e905a6760a80@group-50E32BB97A46, cid=2741, SUCCESS, logIndex=4100, commits[056ae293-26b5-4d67-bc5d-e905a6760a80:c4101, a428730f-9893-43cb-a585-e65a7e8859c8:c4099, 994b73f6-7725-4304-b3a4-4941318c1d6c:c4099]
2019-07-08 19:53:29,714 INFO  client.GrpcClientProtocolClient (GrpcClientProtocolClient.java:onNext(255)) - client-B2F93226DCBB->056ae293-26b5-4d67-bc5d-e905a6760a80: receive RaftClientReply:client-B2F93226DCBB->056ae293-26b5-4d67-bc5d-e905a6760a80@group-50E32BB97A46, cid=2742, SUCCESS, logIndex=4101, commits[056ae293-26b5-4d67-bc5d-e905a6760a80:c4101, a428730f-9893-43cb-a585-e65a7e8859c8:c4099, 994b73f6-7725-4304-b3a4-4941318c1d6c:c4099]
2019-07-08 19:53:29,731 INFO  client.GrpcClientProtocolClient (GrpcClientProtocolClient.java:onNext(255)) - client-B2F93226DCBB->056ae293-26b5-4d67-bc5d-e905a6760a80: receive RaftClientReply:client-B2F93226DCBB->056ae293-26b5-4d67-bc5d-e905a6760a80@group-50E32BB97A46, cid=2743, SUCCESS, logIndex=0, commits[056ae293-26b5-4d67-bc5d-e905a6760a80:c4103, a428730f-9893-43cb-a585-e65a7e8859c8:c4101, 994b73f6-7725-4304-b3a4-4941318c1d6c:c4101]
2019-07-08 19:53:29,761 INFO  client.GrpcClientProtocolClient (GrpcClientProtocolClient.java:onNext(255)) - client-B2F93226DCBB->056ae293-26b5-4d67-bc5d-e905a6760a80: receive RaftClientReply:client-B2F93226DCBB->056ae293-26b5-4d67-bc5d-e905a6760a80@group-50E32BB97A46, cid=2744, SUCCESS, logIndex=4104, commits[056ae293-26b5-4d67-bc5d-e905a6760a80:c4105, a428730f-9893-43cb-a585-e65a7e8859c8:c4103, 994b73f6-7725-4304-b3a4-4941318c1d6c:c4103]
2019-07-08 19:53:29,762 INFO  client.GrpcClientProtocolClient (GrpcClientProtocolClient.java:onNext(255)) - client-B2F93226DCBB->056ae293-26b5-4d67-bc5d-e905a6760a80: receive RaftClientReply:client-B2F93226DCBB->056ae293-26b5-4d67-bc5d-e905a6760a80@group-50E32BB97A46, cid=2745, SUCCESS, logIndex=4105, commits[056ae293-26b5-4d67-bc5d-e905a6760a80:c4105, a428730f-9893-43cb-a585-e65a7e8859c8:c4103, 994b73f6-7725-4304-b3a4-4941318c1d6c:c4103]
2019-07-08 19:53:29,764 INFO  client.GrpcClientProtocolClient (GrpcClientProtocolClient.java:onNext(255)) - client-B2F93226DCBB->056ae293-26b5-4d67-bc5d-e905a6760a80: receive RaftClientReply:client-B2F93226DCBB->056ae293-26b5-4d67-bc5d-e905a6760a80@group-50E32BB97A46, cid=2746, SUCCESS, logIndex=4106, commits[056ae293-26b5-4d67-bc5d-e905a6760a80:c4107, a428730f-9893-43cb-a585-e65a7e8859c8:c4103, 994b73f6-7725-4304-b3a4-4941318c1d6c:c4103]
2019-07-08 19:53:29,765 INFO  client.GrpcClientProtocolClient (GrpcClientProtocolClient.java:onNext(255)) - client-B2F93226DCBB->056ae293-26b5-4d67-bc5d-e905a6760a80: receive RaftClientReply:client-B2F93226DCBB->056ae293-26b5-4d67-bc5d-e905a6760a80@group-50E32BB97A46, cid=2747, SUCCESS, logIndex=4107, commits[056ae293-26b5-4d67-bc5d-e905a6760a80:c4107, a428730f-9893-43cb-a585-e65a7e8859c8:c4103, 994b73f6-7725-4304-b3a4-4941318c1d6c:c4103]
2019-07-08 19:53:29,775 INFO  client.GrpcClientProtocolClient (GrpcClientProtocolClient.java:onNext(255)) - client-B2F93226DCBB->056ae293-26b5-4d67-bc5d-e905a6760a80: receive RaftClientReply:client-B2F93226DCBB->056ae293-26b5-4d67-bc5d-e905a6760a80@group-50E32BB97A46, cid=2748, SUCCESS, logIndex=0, commits[056ae293-26b5-4d67-bc5d-e905a6760a80:c4109, a428730f-9893-43cb-a585-e65a7e8859c8:c4105, 994b73f6-7725-4304-b3a4-4941318c1d6c:c4105]
2019-07-08 19:53:29,797 INFO  client.GrpcClientProtocolClient (GrpcClientProtocolClient.java:onNext(255)) - client-B2F93226DCBB->056ae293-26b5-4d67-bc5d-e905a6760a80: receive RaftClientReply:client-B2F93226DCBB->056ae293-26b5-4d67-bc5d-e905a6760a80@group-50E32BB97A46, cid=2749, SUCCESS, logIndex=4112, commits[056ae293-26b5-4d67-bc5d-e905a6760a80:c4113, a428730f-9893-43cb-a585-e65a7e8859c8:c4111, 994b73f6-7725-4304-b3a4-4941318c1d6c:c4111]
2019-07-08 19:53:29,797 INFO  client.GrpcClientProtocolClient (GrpcClientProtocolClient.java:onNext(255)) - client-B2F93226DCBB->056ae293-26b5-4d67-bc5d-e905a6760a80: receive RaftClientReply:client-B2F93226DCBB->056ae293-26b5-4d67-bc5d-e905a6760a80@group-50E32BB97A46, cid=2750, SUCCESS, logIndex=4113, commits[056ae293-26b5-4d67-bc5d-e905a6760a80:c4113, a428730f-9893-43cb-a585-e65a7e8859c8:c4111, 994b73f6-7725-4304-b3a4-4941318c1d6c:c4111]
2019-07-08 19:53:29,826 INFO  client.GrpcClientProtocolClient (GrpcClientProtocolClient.java:onNext(255)) - client-B2F93226DCBB->056ae293-26b5-4d67-bc5d-e905a6760a80: receive RaftClientReply:client-B2F93226DCBB->056ae293-26b5-4d67-bc5d-e905a6760a80@group-50E32BB97A46, cid=2751, SUCCESS, logIndex=4116, commits[056ae293-26b5-4d67-bc5d-e905a6760a80:c4117, a428730f-9893-43cb-a585-e65a7e8859c8:c4113, 994b73f6-7725-4304-b3a4-4941318c1d6c:c4113]
2019-07-08 19:53:29,827 INFO  client.GrpcClientProtocolClient (GrpcClientProtocolClient.java:onNext(255)) - client-B2F93226DCBB->056ae293-26b5-4d67-bc5d-e905a6760a80: receive RaftClientReply:client-B2F93226DCBB->056ae293-26b5-4d67-bc5d-e905a6760a80@group-50E32BB97A46, cid=2752, SUCCESS, logIndex=4117, commits[056ae293-26b5-4d67-bc5d-e905a6760a80:c4117, a428730f-9893-43cb-a585-e65a7e8859c8:c4113, 994b73f6-7725-4304-b3a4-4941318c1d6c:c4113]
2019-07-08 19:53:29,852 INFO  client.GrpcClientProtocolClient (GrpcClientProtocolClient.java:onNext(255)) - client-B2F93226DCBB->056ae293-26b5-4d67-bc5d-e905a6760a80: receive RaftClientReply:client-B2F93226DCBB->056ae293-26b5-4d67-bc5d-e905a6760a80@group-50E32BB97A46, cid=2753, SUCCESS, logIndex=0, commits[056ae293-26b5-4d67-bc5d-e905a6760a80:c4119, a428730f-9893-43cb-a585-e65a7e8859c8:c4117, 994b73f6-7725-4304-b3a4-4941318c1d6c:c4117]
2019-07-08 19:53:29,881 INFO  client.GrpcClientProtocolClient (GrpcClientProtocolClient.java:onNext(255)) - client-B2F93226DCBB->056ae293-26b5-4d67-bc5d-e905a6760a80: receive RaftClientReply:client-B2F93226DCBB->056ae293-26b5-4d67-bc5d-e905a6760a80@group-50E32BB97A46, cid=2754, SUCCESS, logIndex=4120, commits[056ae293-26b5-4d67-bc5d-e905a6760a80:c4121, a428730f-9893-43cb-a585-e65a7e8859c8:c4119, 994b73f6-7725-4304-b3a4-4941318c1d6c:c4119]
2019-07-08 19:53:29,882 INFO  client.GrpcClientProtocolClient (GrpcClientProtocolClient.java:onNext(255)) - client-B2F93226DCBB->056ae293-26b5-4d67-bc5d-e905a6760a80: receive RaftClientReply:client-B2F93226DCBB->056ae293-26b5-4d67-bc5d-e905a6760a80@group-50E32BB97A46, cid=2755, SUCCESS, logIndex=4121, commits[056ae293-26b5-4d67-bc5d-e905a6760a80:c4121, a428730f-9893-43cb-a585-e65a7e8859c8:c4119, 994b73f6-7725-4304-b3a4-4941318c1d6c:c4119]
2019-07-08 19:53:29,894 INFO  client.GrpcClientProtocolClient (GrpcClientProtocolClient.java:onNext(255)) - client-B2F93226DCBB->056ae293-26b5-4d67-bc5d-e905a6760a80: receive RaftClientReply:client-B2F93226DCBB->056ae293-26b5-4d67-bc5d-e905a6760a80@group-50E32BB97A46, cid=2756, SUCCESS, logIndex=4122, commits[056ae293-26b5-4d67-bc5d-e905a6760a80:c4123, a428730f-9893-43cb-a585-e65a7e8859c8:c4119, 994b73f6-7725-4304-b3a4-4941318c1d6c:c4119]
2019-07-08 19:53:29,895 INFO  client.GrpcClientProtocolClient (GrpcClientProtocolClient.java:onNext(255)) - client-B2F93226DCBB->056ae293-26b5-4d67-bc5d-e905a6760a80: receive RaftClientReply:client-B2F93226DCBB->056ae293-26b5-4d67-bc5d-e905a6760a80@group-50E32BB97A46, cid=2757, SUCCESS, logIndex=4123, commits[056ae293-26b5-4d67-bc5d-e905a6760a80:c4123, a428730f-9893-43cb-a585-e65a7e8859c8:c4119, 994b73f6-7725-4304-b3a4-4941318c1d6c:c4119]
2019-07-08 19:53:29,898 INFO  client.GrpcClientProtocolClient (GrpcClientProtocolClient.java:onNext(255)) - client-B2F93226DCBB->056ae293-26b5-4d67-bc5d-e905a6760a80: receive RaftClientReply:client-B2F93226DCBB->056ae293-26b5-4d67-bc5d-e905a6760a80@group-50E32BB97A46, cid=2758, SUCCESS, logIndex=0, commits[056ae293-26b5-4d67-bc5d-e905a6760a80:c4125, a428730f-9893-43cb-a585-e65a7e8859c8:c4121, 994b73f6-7725-4304-b3a4-4941318c1d6c:c4121]
2019-07-08 19:53:29,943 INFO  client.GrpcClientProtocolClient (GrpcClientProtocolClient.java:onNext(255)) - client-B2F93226DCBB->056ae293-26b5-4d67-bc5d-e905a6760a80: receive RaftClientReply:client-B2F93226DCBB->056ae293-26b5-4d67-bc5d-e905a6760a80@group-50E32BB97A46, cid=2759, SUCCESS, logIndex=4128, commits[056ae293-26b5-4d67-bc5d-e905a6760a80:c4129, a428730f-9893-43cb-a585-e65a7e8859c8:c4125, 994b73f6-7725-4304-b3a4-4941318c1d6c:c4123]
2019-07-08 19:53:29,944 INFO  client.GrpcClientProtocolClient (GrpcClientProtocolClient.java:onNext(255)) - client-B2F93226DCBB->056ae293-26b5-4d67-bc5d-e905a6760a80: receive RaftClientReply:client-B2F93226DCBB->056ae293-26b5-4d67-bc5d-e905a6760a80@group-50E32BB97A46, cid=2760, SUCCESS, logIndex=4129, commits[056ae293-26b5-4d67-bc5d-e905a6760a80:c4129, a428730f-9893-43cb-a585-e65a7e8859c8:c4125, 994b73f6-7725-4304-b3a4-4941318c1d6c:c4123]
2019-07-08 19:53:29,969 INFO  client.GrpcClientProtocolClient (GrpcClientProtocolClient.java:onNext(255)) - client-B2F93226DCBB->056ae293-26b5-4d67-bc5d-e905a6760a80: receive RaftClientReply:client-B2F93226DCBB->056ae293-26b5-4d67-bc5d-e905a6760a80@group-50E32BB97A46, cid=2761, SUCCESS, logIndex=4132, commits[056ae293-26b5-4d67-bc5d-e905a6760a80:c4133, a428730f-9893-43cb-a585-e65a7e8859c8:c4131, 994b73f6-7725-4304-b3a4-4941318c1d6c:c4131]
2019-07-08 19:53:29,969 INFO  client.GrpcClientProtocolClient (GrpcClientProtocolClient.java:onNext(255)) - client-B2F93226DCBB->056ae293-26b5-4d67-bc5d-e905a6760a80: receive RaftClientReply:client-B2F93226DCBB->056ae293-26b5-4d67-bc5d-e905a6760a80@group-50E32BB97A46, cid=2762, SUCCESS, logIndex=4133, commits[056ae293-26b5-4d67-bc5d-e905a6760a80:c4133, a428730f-9893-43cb-a585-e65a7e8859c8:c4131, 994b73f6-7725-4304-b3a4-4941318c1d6c:c4131]
2019-07-08 19:53:29,983 INFO  client.GrpcClientProtocolClient (GrpcClientProtocolClient.java:onNext(255)) - client-B2F93226DCBB->056ae293-26b5-4d67-bc5d-e905a6760a80: receive RaftClientReply:client-B2F93226DCBB->056ae293-26b5-4d67-bc5d-e905a6760a80@group-50E32BB97A46, cid=2763, SUCCESS, logIndex=0, commits[056ae293-26b5-4d67-bc5d-e905a6760a80:c4135, a428730f-9893-43cb-a585-e65a7e8859c8:c4133, 994b73f6-7725-4304-b3a4-4941318c1d6c:c4133]
2019-07-08 19:53:30,003 INFO  client.GrpcClientProtocolClient (GrpcClientProtocolClient.java:onNext(255)) - client-B2F93226DCBB->056ae293-26b5-4d67-bc5d-e905a6760a80: receive RaftClientReply:client-B2F93226DCBB->056ae293-26b5-4d67-bc5d-e905a6760a80@group-50E32BB97A46, cid=2764, SUCCESS, logIndex=4136, commits[056ae293-26b5-4d67-bc5d-e905a6760a80:c4137, a428730f-9893-43cb-a585-e65a7e8859c8:c4133, 994b73f6-7725-4304-b3a4-4941318c1d6c:c4135]
2019-07-08 19:53:30,004 INFO  client.GrpcClientProtocolClient (GrpcClientProtocolClient.java:onNext(255)) - client-B2F93226DCBB->056ae293-26b5-4d67-bc5d-e905a6760a80: receive RaftClientReply:client-B2F93226DCBB->056ae293-26b5-4d67-bc5d-e905a6760a80@group-50E32BB97A46, cid=2765, SUCCESS, logIndex=4137, commits[056ae293-26b5-4d67-bc5d-e905a6760a80:c4137, a428730f-9893-43cb-a585-e65a7e8859c8:c4133, 994b73f6-7725-4304-b3a4-4941318c1d6c:c4135]
2019-07-08 19:53:30,005 INFO  client.GrpcClientProtocolClient (GrpcClientProtocolClient.java:onNext(255)) - client-B2F93226DCBB->056ae293-26b5-4d67-bc5d-e905a6760a80: receive RaftClientReply:client-B2F93226DCBB->056ae293-26b5-4d67-bc5d-e905a6760a80@group-50E32BB97A46, cid=2766, SUCCESS, logIndex=4138, commits[056ae293-26b5-4d67-bc5d-e905a6760a80:c4138, a428730f-9893-43cb-a585-e65a7e8859c8:c4135, 994b73f6-7725-4304-b3a4-4941318c1d6c:c4135]
2019-07-08 19:53:30,005 INFO  client.GrpcClientProtocolClient (GrpcClientProtocolClient.java:onNext(255)) - client-B2F93226DCBB->056ae293-26b5-4d67-bc5d-e905a6760a80: receive RaftClientReply:client-B2F93226DCBB->056ae293-26b5-4d67-bc5d-e905a6760a80@group-50E32BB97A46, cid=2767, SUCCESS, logIndex=4139, commits[056ae293-26b5-4d67-bc5d-e905a6760a80:c4139, a428730f-9893-43cb-a585-e65a7e8859c8:c4135, 994b73f6-7725-4304-b3a4-4941318c1d6c:c4135]
2019-07-08 19:53:30,017 INFO  client.GrpcClientProtocolClient (GrpcClientProtocolClient.java:onNext(255)) - client-B2F93226DCBB->056ae293-26b5-4d67-bc5d-e905a6760a80: receive RaftClientReply:client-B2F93226DCBB->056ae293-26b5-4d67-bc5d-e905a6760a80@group-50E32BB97A46, cid=2768, SUCCESS, logIndex=0, commits[056ae293-26b5-4d67-bc5d-e905a6760a80:c4140, a428730f-9893-43cb-a585-e65a7e8859c8:c4137, 994b73f6-7725-4304-b3a4-4941318c1d6c:c4137]
2019-07-08 19:53:30,035 INFO  client.GrpcClientProtocolClient (GrpcClientProtocolClient.java:onNext(255)) - client-B2F93226DCBB->056ae293-26b5-4d67-bc5d-e905a6760a80: receive RaftClientReply:client-B2F93226DCBB->056ae293-26b5-4d67-bc5d-e905a6760a80@group-50E32BB97A46, cid=2769, SUCCESS, logIndex=4144, commits[056ae293-26b5-4d67-bc5d-e905a6760a80:c4145, a428730f-9893-43cb-a585-e65a7e8859c8:c4143, 994b73f6-7725-4304-b3a4-4941318c1d6c:c4143]
2019-07-08 19:53:30,036 INFO  client.GrpcClientProtocolClient (GrpcClientProtocolClient.java:onNext(255)) - client-B2F93226DCBB->056ae293-26b5-4d67-bc5d-e905a6760a80: receive RaftClientReply:client-B2F93226DCBB->056ae293-26b5-4d67-bc5d-e905a6760a80@group-50E32BB97A46, cid=2770, SUCCESS, logIndex=4145, commits[056ae293-26b5-4d67-bc5d-e905a6760a80:c4145, a428730f-9893-43cb-a585-e65a7e8859c8:c4143, 994b73f6-7725-4304-b3a4-4941318c1d6c:c4143]
2019-07-08 19:53:30,062 INFO  client.GrpcClientProtocolClient (GrpcClientProtocolClient.java:onNext(255)) - client-B2F93226DCBB->056ae293-26b5-4d67-bc5d-e905a6760a80: receive RaftClientReply:client-B2F93226DCBB->056ae293-26b5-4d67-bc5d-e905a6760a80@group-50E32BB97A46, cid=2771, SUCCESS, logIndex=4148, commits[056ae293-26b5-4d67-bc5d-e905a6760a80:c4148, a428730f-9893-43cb-a585-e65a7e8859c8:c4145, 994b73f6-7725-4304-b3a4-4941318c1d6c:c4145]
2019-07-08 19:53:30,063 INFO  client.GrpcClientProtocolClient (GrpcClientProtocolClient.java:onNext(255)) - client-B2F93226DCBB->056ae293-26b5-4d67-bc5d-e905a6760a80: receive RaftClientReply:client-B2F93226DCBB->056ae293-26b5-4d67-bc5d-e905a6760a80@group-50E32BB97A46, cid=2772, SUCCESS, logIndex=4149, commits[056ae293-26b5-4d67-bc5d-e905a6760a80:c4149, a428730f-9893-43cb-a585-e65a7e8859c8:c4145, 994b73f6-7725-4304-b3a4-4941318c1d6c:c4145]
2019-07-08 19:53:30,185 INFO  client.GrpcClientProtocolClient (GrpcClientProtocolClient.java:onNext(255)) - client-B2F93226DCBB->056ae293-26b5-4d67-bc5d-e905a6760a80: receive RaftClientReply:client-B2F93226DCBB->056ae293-26b5-4d67-bc5d-e905a6760a80@group-50E32BB97A46, cid=2773, SUCCESS, logIndex=0, commits[056ae293-26b5-4d67-bc5d-e905a6760a80:c4151, a428730f-9893-43cb-a585-e65a7e8859c8:c4149, 994b73f6-7725-4304-b3a4-4941318c1d6c:c4149]
2019-07-08 19:53:30,230 INFO  client.GrpcClientProtocolClient (GrpcClientProtocolClient.java:onNext(255)) - client-B2F93226DCBB->056ae293-26b5-4d67-bc5d-e905a6760a80: receive RaftClientReply:client-B2F93226DCBB->056ae293-26b5-4d67-bc5d-e905a6760a80@group-50E32BB97A46, cid=2774, SUCCESS, logIndex=4152, commits[056ae293-26b5-4d67-bc5d-e905a6760a80:c4152, a428730f-9893-43cb-a585-e65a7e8859c8:c4151, 994b73f6-7725-4304-b3a4-4941318c1d6c:c4151]
2019-07-08 19:53:30,230 INFO  client.GrpcClientProtocolClient (GrpcClientProtocolClient.java:onNext(255)) - client-B2F93226DCBB->056ae293-26b5-4d67-bc5d-e905a6760a80: receive RaftClientReply:client-B2F93226DCBB->056ae293-26b5-4d67-bc5d-e905a6760a80@group-50E32BB97A46, cid=2775, SUCCESS, logIndex=4153, commits[056ae293-26b5-4d67-bc5d-e905a6760a80:c4154, a428730f-9893-43cb-a585-e65a7e8859c8:c4151, 994b73f6-7725-4304-b3a4-4941318c1d6c:c4151]
2019-07-08 19:53:30,231 INFO  client.GrpcClientProtocolClient (GrpcClientProtocolClient.java:onNext(255)) - client-B2F93226DCBB->056ae293-26b5-4d67-bc5d-e905a6760a80: receive RaftClientReply:client-B2F93226DCBB->056ae293-26b5-4d67-bc5d-e905a6760a80@group-50E32BB97A46, cid=2776, SUCCESS, logIndex=4154, commits[056ae293-26b5-4d67-bc5d-e905a6760a80:c4155, a428730f-9893-43cb-a585-e65a7e8859c8:c4151, 994b73f6-7725-4304-b3a4-4941318c1d6c:c4151]
2019-07-08 19:53:30,231 INFO  client.GrpcClientProtocolClient (GrpcClientProtocolClient.java:onNext(255)) - client-B2F93226DCBB->056ae293-26b5-4d67-bc5d-e905a6760a80: receive RaftClientReply:client-B2F93226DCBB->056ae293-26b5-4d67-bc5d-e905a6760a80@group-50E32BB97A46, cid=2777, SUCCESS, logIndex=4155, commits[056ae293-26b5-4d67-bc5d-e905a6760a80:c4155, a428730f-9893-43cb-a585-e65a7e8859c8:c4151, 994b73f6-7725-4304-b3a4-4941318c1d6c:c4151]
2019-07-08 19:53:30,243 INFO  client.GrpcClientProtocolClient (GrpcClientProtocolClient.java:onNext(255)) - client-B2F93226DCBB->056ae293-26b5-4d67-bc5d-e905a6760a80: receive RaftClientReply:client-B2F93226DCBB->056ae293-26b5-4d67-bc5d-e905a6760a80@group-50E32BB97A46, cid=2778, SUCCESS, logIndex=0, commits[056ae293-26b5-4d67-bc5d-e905a6760a80:c4157, a428730f-9893-43cb-a585-e65a7e8859c8:c4154, 994b73f6-7725-4304-b3a4-4941318c1d6c:c4154]
2019-07-08 19:53:30,264 INFO  client.GrpcClientProtocolClient (GrpcClientProtocolClient.java:onNext(255)) - client-B2F93226DCBB->056ae293-26b5-4d67-bc5d-e905a6760a80: receive RaftClientReply:client-B2F93226DCBB->056ae293-26b5-4d67-bc5d-e905a6760a80@group-50E32BB97A46, cid=2779, SUCCESS, logIndex=4159, commits[056ae293-26b5-4d67-bc5d-e905a6760a80:c4160, a428730f-9893-43cb-a585-e65a7e8859c8:c4158, 994b73f6-7725-4304-b3a4-4941318c1d6c:c4158]
2019-07-08 19:53:30,264 INFO  client.GrpcClientProtocolClient (GrpcClientProtocolClient.java:onNext(255)) - client-B2F93226DCBB->056ae293-26b5-4d67-bc5d-e905a6760a80: receive RaftClientReply:client-B2F93226DCBB->056ae293-26b5-4d67-bc5d-e905a6760a80@group-50E32BB97A46, cid=2780, SUCCESS, logIndex=4160, commits[056ae293-26b5-4d67-bc5d-e905a6760a80:c4160, a428730f-9893-43cb-a585-e65a7e8859c8:c4158, 994b73f6-7725-4304-b3a4-4941318c1d6c:c4158]
2019-07-08 19:53:30,291 INFO  client.GrpcClientProtocolClient (GrpcClientProtocolClient.java:onNext(255)) - client-B2F93226DCBB->056ae293-26b5-4d67-bc5d-e905a6760a80: receive RaftClientReply:client-B2F93226DCBB->056ae293-26b5-4d67-bc5d-e905a6760a80@group-50E32BB97A46, cid=2781, SUCCESS, logIndex=4163, commits[056ae293-26b5-4d67-bc5d-e905a6760a80:c4164, a428730f-9893-43cb-a585-e65a7e8859c8:c4160, 994b73f6-7725-4304-b3a4-4941318c1d6c:c4160]
2019-07-08 19:53:30,292 INFO  client.GrpcClientProtocolClient (GrpcClientProtocolClient.java:onNext(255)) - client-B2F93226DCBB->056ae293-26b5-4d67-bc5d-e905a6760a80: receive RaftClientReply:client-B2F93226DCBB->056ae293-26b5-4d67-bc5d-e905a6760a80@group-50E32BB97A46, cid=2782, SUCCESS, logIndex=4164, commits[056ae293-26b5-4d67-bc5d-e905a6760a80:c4164, a428730f-9893-43cb-a585-e65a7e8859c8:c4160, 994b73f6-7725-4304-b3a4-4941318c1d6c:c4160]
2019-07-08 19:53:30,316 INFO  client.GrpcClientProtocolClient (GrpcClientProtocolClient.java:onNext(255)) - client-B2F93226DCBB->056ae293-26b5-4d67-bc5d-e905a6760a80: receive RaftClientReply:client-B2F93226DCBB->056ae293-26b5-4d67-bc5d-e905a6760a80@group-50E32BB97A46, cid=2783, SUCCESS, logIndex=0, commits[056ae293-26b5-4d67-bc5d-e905a6760a80:c4166, a428730f-9893-43cb-a585-e65a7e8859c8:c4164, 994b73f6-7725-4304-b3a4-4941318c1d6c:c4164]
2019-07-08 19:53:30,347 INFO  client.GrpcClientProtocolClient (GrpcClientProtocolClient.java:onNext(255)) - client-B2F93226DCBB->056ae293-26b5-4d67-bc5d-e905a6760a80: receive RaftClientReply:client-B2F93226DCBB->056ae293-26b5-4d67-bc5d-e905a6760a80@group-50E32BB97A46, cid=2784, SUCCESS, logIndex=4167, commits[056ae293-26b5-4d67-bc5d-e905a6760a80:c4168, a428730f-9893-43cb-a585-e65a7e8859c8:c4166, 994b73f6-7725-4304-b3a4-4941318c1d6c:c4166]
2019-07-08 19:53:30,348 INFO  client.GrpcClientProtocolClient (GrpcClientProtocolClient.java:onNext(255)) - client-B2F93226DCBB->056ae293-26b5-4d67-bc5d-e905a6760a80: receive RaftClientReply:client-B2F93226DCBB->056ae293-26b5-4d67-bc5d-e905a6760a80@group-50E32BB97A46, cid=2785, SUCCESS, logIndex=4168, commits[056ae293-26b5-4d67-bc5d-e905a6760a80:c4168, a428730f-9893-43cb-a585-e65a7e8859c8:c4166, 994b73f6-7725-4304-b3a4-4941318c1d6c:c4166]
2019-07-08 19:53:30,360 INFO  client.GrpcClientProtocolClient (GrpcClientProtocolClient.java:onNext(255)) - client-B2F93226DCBB->056ae293-26b5-4d67-bc5d-e905a6760a80: receive RaftClientReply:client-B2F93226DCBB->056ae293-26b5-4d67-bc5d-e905a6760a80@group-50E32BB97A46, cid=2786, SUCCESS, logIndex=4169, commits[056ae293-26b5-4d67-bc5d-e905a6760a80:c4169, a428730f-9893-43cb-a585-e65a7e8859c8:c4166, 994b73f6-7725-4304-b3a4-4941318c1d6c:c4166]
2019-07-08 19:53:30,360 INFO  client.GrpcClientProtocolClient (GrpcClientProtocolClient.java:onNext(255)) - client-B2F93226DCBB->056ae293-26b5-4d67-bc5d-e905a6760a80: receive RaftClientReply:client-B2F93226DCBB->056ae293-26b5-4d67-bc5d-e905a6760a80@group-50E32BB97A46, cid=2787, SUCCESS, logIndex=4170, commits[056ae293-26b5-4d67-bc5d-e905a6760a80:c4170, a428730f-9893-43cb-a585-e65a7e8859c8:c4166, 994b73f6-7725-4304-b3a4-4941318c1d6c:c4166]
2019-07-08 19:53:30,371 INFO  client.GrpcClientProtocolClient (GrpcClientProtocolClient.java:onNext(255)) - client-B2F93226DCBB->056ae293-26b5-4d67-bc5d-e905a6760a80: receive RaftClientReply:client-B2F93226DCBB->056ae293-26b5-4d67-bc5d-e905a6760a80@group-50E32BB97A46, cid=2788, SUCCESS, logIndex=0, commits[056ae293-26b5-4d67-bc5d-e905a6760a80:c4172, a428730f-9893-43cb-a585-e65a7e8859c8:c4168, 994b73f6-7725-4304-b3a4-4941318c1d6c:c4168]
2019-07-08 19:53:30,385 INFO  client.GrpcClientProtocolClient (GrpcClientProtocolClient.java:onNext(255)) - client-B2F93226DCBB->056ae293-26b5-4d67-bc5d-e905a6760a80: receive RaftClientReply:client-B2F93226DCBB->056ae293-26b5-4d67-bc5d-e905a6760a80@group-50E32BB97A46, cid=2789, SUCCESS, logIndex=4175, commits[056ae293-26b5-4d67-bc5d-e905a6760a80:c4176, a428730f-9893-43cb-a585-e65a7e8859c8:c4170, 994b73f6-7725-4304-b3a4-4941318c1d6c:c4174]
2019-07-08 19:53:30,386 INFO  client.GrpcClientProtocolClient (GrpcClientProtocolClient.java:onNext(255)) - client-B2F93226DCBB->056ae293-26b5-4d67-bc5d-e905a6760a80: receive RaftClientReply:client-B2F93226DCBB->056ae293-26b5-4d67-bc5d-e905a6760a80@group-50E32BB97A46, cid=2790, SUCCESS, logIndex=4176, commits[056ae293-26b5-4d67-bc5d-e905a6760a80:c4176, a428730f-9893-43cb-a585-e65a7e8859c8:c4174, 994b73f6-7725-4304-b3a4-4941318c1d6c:c4174]
2019-07-08 19:53:30,400 INFO  client.GrpcClientProtocolClient (GrpcClientProtocolClient.java:onNext(255)) - client-B2F93226DCBB->056ae293-26b5-4d67-bc5d-e905a6760a80: receive RaftClientReply:client-B2F93226DCBB->056ae293-26b5-4d67-bc5d-e905a6760a80@group-50E32BB97A46, cid=2791, SUCCESS, logIndex=4179, commits[056ae293-26b5-4d67-bc5d-e905a6760a80:c4180, a428730f-9893-43cb-a585-e65a7e8859c8:c4176, 994b73f6-7725-4304-b3a4-4941318c1d6c:c4178]
2019-07-08 19:53:30,400 INFO  client.GrpcClientProtocolClient (GrpcClientProtocolClient.java:onNext(255)) - client-B2F93226DCBB->056ae293-26b5-4d67-bc5d-e905a6760a80: receive RaftClientReply:client-B2F93226DCBB->056ae293-26b5-4d67-bc5d-e905a6760a80@group-50E32BB97A46, cid=2792, SUCCESS, logIndex=4180, commits[056ae293-26b5-4d67-bc5d-e905a6760a80:c4180, a428730f-9893-43cb-a585-e65a7e8859c8:c4176, 994b73f6-7725-4304-b3a4-4941318c1d6c:c4178]
2019-07-08 19:53:30,405 INFO  client.GrpcClientProtocolClient (GrpcClientProtocolClient.java:onNext(255)) - client-B2F93226DCBB->056ae293-26b5-4d67-bc5d-e905a6760a80: receive RaftClientReply:client-B2F93226DCBB->056ae293-26b5-4d67-bc5d-e905a6760a80@group-50E32BB97A46, cid=2793, SUCCESS, logIndex=0, commits[056ae293-26b5-4d67-bc5d-e905a6760a80:c4182, a428730f-9893-43cb-a585-e65a7e8859c8:c4180, 994b73f6-7725-4304-b3a4-4941318c1d6c:c4180]
2019-07-08 19:53:30,428 INFO  client.GrpcClientProtocolClient (GrpcClientProtocolClient.java:onNext(255)) - client-B2F93226DCBB->056ae293-26b5-4d67-bc5d-e905a6760a80: receive RaftClientReply:client-B2F93226DCBB->056ae293-26b5-4d67-bc5d-e905a6760a80@group-50E32BB97A46, cid=2794, SUCCESS, logIndex=4183, commits[056ae293-26b5-4d67-bc5d-e905a6760a80:c4185, a428730f-9893-43cb-a585-e65a7e8859c8:c4180, 994b73f6-7725-4304-b3a4-4941318c1d6c:c4182]
2019-07-08 19:53:30,429 INFO  client.GrpcClientProtocolClient (GrpcClientProtocolClient.java:onNext(255)) - client-B2F93226DCBB->056ae293-26b5-4d67-bc5d-e905a6760a80: receive RaftClientReply:client-B2F93226DCBB->056ae293-26b5-4d67-bc5d-e905a6760a80@group-50E32BB97A46, cid=2795, SUCCESS, logIndex=4184, commits[056ae293-26b5-4d67-bc5d-e905a6760a80:c4186, a428730f-9893-43cb-a585-e65a7e8859c8:c4182, 994b73f6-7725-4304-b3a4-4941318c1d6c:c4182]
2019-07-08 19:53:30,429 INFO  client.GrpcClientProtocolClient (GrpcClientProtocolClient.java:onNext(255)) - client-B2F93226DCBB->056ae293-26b5-4d67-bc5d-e905a6760a80: receive RaftClientReply:client-B2F93226DCBB->056ae293-26b5-4d67-bc5d-e905a6760a80@group-50E32BB97A46, cid=2796, SUCCESS, logIndex=4185, commits[056ae293-26b5-4d67-bc5d-e905a6760a80:c4186, a428730f-9893-43cb-a585-e65a7e8859c8:c4182, 994b73f6-7725-4304-b3a4-4941318c1d6c:c4182]
2019-07-08 19:53:30,430 INFO  client.GrpcClientProtocolClient (GrpcClientProtocolClient.java:onNext(255)) - client-B2F93226DCBB->056ae293-26b5-4d67-bc5d-e905a6760a80: receive RaftClientReply:client-B2F93226DCBB->056ae293-26b5-4d67-bc5d-e905a6760a80@group-50E32BB97A46, cid=2797, SUCCESS, logIndex=4186, commits[056ae293-26b5-4d67-bc5d-e905a6760a80:c4186, a428730f-9893-43cb-a585-e65a7e8859c8:c4182, 994b73f6-7725-4304-b3a4-4941318c1d6c:c4182]
2019-07-08 19:53:30,431 INFO  client.GrpcClientProtocolClient (GrpcClientProtocolClient.java:onNext(255)) - client-B2F93226DCBB->056ae293-26b5-4d67-bc5d-e905a6760a80: receive RaftClientReply:client-B2F93226DCBB->056ae293-26b5-4d67-bc5d-e905a6760a80@group-50E32BB97A46, cid=2798, SUCCESS, logIndex=0, commits[056ae293-26b5-4d67-bc5d-e905a6760a80:c4190, a428730f-9893-43cb-a585-e65a7e8859c8:c4186, 994b73f6-7725-4304-b3a4-4941318c1d6c:c4184]
 0.00% |█                                                                                                    |  0/1 Time: 0:00:262019-07-08 19:53:30,443 INFO  client.GrpcClientProtocolClient (GrpcClientProtocolClient.java:onNext(255)) - client-B2F93226DCBB->056ae293-26b5-4d67-bc5d-e905a6760a80: receive RaftClientReply:client-B2F93226DCBB->056ae293-26b5-4d67-bc5d-e905a6760a80@group-50E32BB97A46, cid=2799, SUCCESS, logIndex=4191, commits[056ae293-26b5-4d67-bc5d-e905a6760a80:c4192, a428730f-9893-43cb-a585-e65a7e8859c8:c4190, 994b73f6-7725-4304-b3a4-4941318c1d6c:c4186]
2019-07-08 19:53:30,444 INFO  client.GrpcClientProtocolClient (GrpcClientProtocolClient.java:onNext(255)) - client-B2F93226DCBB->056ae293-26b5-4d67-bc5d-e905a6760a80: receive RaftClientReply:client-B2F93226DCBB->056ae293-26b5-4d67-bc5d-e905a6760a80@group-50E32BB97A46, cid=2800, SUCCESS, logIndex=4192, commits[056ae293-26b5-4d67-bc5d-e905a6760a80:c4192, a428730f-9893-43cb-a585-e65a7e8859c8:c4190, 994b73f6-7725-4304-b3a4-4941318c1d6c:c4190]
2019-07-08 19:53:30,470 INFO  client.GrpcClientProtocolClient (GrpcClientProtocolClient.java:onNext(255)) - client-B2F93226DCBB->056ae293-26b5-4d67-bc5d-e905a6760a80: receive RaftClientReply:client-B2F93226DCBB->056ae293-26b5-4d67-bc5d-e905a6760a80@group-50E32BB97A46, cid=2801, SUCCESS, logIndex=4195, commits[056ae293-26b5-4d67-bc5d-e905a6760a80:c4196, a428730f-9893-43cb-a585-e65a7e8859c8:c4194, 994b73f6-7725-4304-b3a4-4941318c1d6c:c4194]
2019-07-08 19:53:30,471 INFO  client.GrpcClientProtocolClient (GrpcClientProtocolClient.java:onNext(255)) - client-B2F93226DCBB->056ae293-26b5-4d67-bc5d-e905a6760a80: receive RaftClientReply:client-B2F93226DCBB->056ae293-26b5-4d67-bc5d-e905a6760a80@group-50E32BB97A46, cid=2802, SUCCESS, logIndex=4196, commits[056ae293-26b5-4d67-bc5d-e905a6760a80:c4196, a428730f-9893-43cb-a585-e65a7e8859c8:c4194, 994b73f6-7725-4304-b3a4-4941318c1d6c:c4194]
2019-07-08 19:53:30,494 INFO  client.GrpcClientProtocolClient (GrpcClientProtocolClient.java:onNext(255)) - client-B2F93226DCBB->056ae293-26b5-4d67-bc5d-e905a6760a80: receive RaftClientReply:client-B2F93226DCBB->056ae293-26b5-4d67-bc5d-e905a6760a80@group-50E32BB97A46, cid=2803, SUCCESS, logIndex=0, commits[056ae293-26b5-4d67-bc5d-e905a6760a80:c4198, a428730f-9893-43cb-a585-e65a7e8859c8:c4196, 994b73f6-7725-4304-b3a4-4941318c1d6c:c4196]
2019-07-08 19:53:30,525 INFO  client.GrpcClientProtocolClient (GrpcClientProtocolClient.java:onNext(255)) - client-B2F93226DCBB->056ae293-26b5-4d67-bc5d-e905a6760a80: receive RaftClientReply:client-B2F93226DCBB->056ae293-26b5-4d67-bc5d-e905a6760a80@group-50E32BB97A46, cid=2804, SUCCESS, logIndex=4199, commits[056ae293-26b5-4d67-bc5d-e905a6760a80:c4200, a428730f-9893-43cb-a585-e65a7e8859c8:c4198, 994b73f6-7725-4304-b3a4-4941318c1d6c:c4198]
2019-07-08 19:53:30,526 INFO  client.GrpcClientProtocolClient (GrpcClientProtocolClient.java:onNext(255)) - client-B2F93226DCBB->056ae293-26b5-4d67-bc5d-e905a6760a80: receive RaftClientReply:client-B2F93226DCBB->056ae293-26b5-4d67-bc5d-e905a6760a80@group-50E32BB97A46, cid=2805, SUCCESS, logIndex=4200, commits[056ae293-26b5-4d67-bc5d-e905a6760a80:c4202, a428730f-9893-43cb-a585-e65a7e8859c8:c4198, 994b73f6-7725-4304-b3a4-4941318c1d6c:c4198]
2019-07-08 19:53:30,527 INFO  client.GrpcClientProtocolClient (GrpcClientProtocolClient.java:onNext(255)) - client-B2F93226DCBB->056ae293-26b5-4d67-bc5d-e905a6760a80: receive RaftClientReply:client-B2F93226DCBB->056ae293-26b5-4d67-bc5d-e905a6760a80@group-50E32BB97A46, cid=2806, SUCCESS, logIndex=4201, commits[056ae293-26b5-4d67-bc5d-e905a6760a80:c4202, a428730f-9893-43cb-a585-e65a7e8859c8:c4198, 994b73f6-7725-4304-b3a4-4941318c1d6c:c4198]
2019-07-08 19:53:30,527 INFO  client.GrpcClientProtocolClient (GrpcClientProtocolClient.java:onNext(255)) - client-B2F93226DCBB->056ae293-26b5-4d67-bc5d-e905a6760a80: receive RaftClientReply:client-B2F93226DCBB->056ae293-26b5-4d67-bc5d-e905a6760a80@group-50E32BB97A46, cid=2807, SUCCESS, logIndex=4202, commits[056ae293-26b5-4d67-bc5d-e905a6760a80:c4202, a428730f-9893-43cb-a585-e65a7e8859c8:c4198, 994b73f6-7725-4304-b3a4-4941318c1d6c:c4198]
2019-07-08 19:53:30,542 INFO  client.GrpcClientProtocolClient (GrpcClientProtocolClient.java:onNext(255)) - client-B2F93226DCBB->056ae293-26b5-4d67-bc5d-e905a6760a80: receive RaftClientReply:client-B2F93226DCBB->056ae293-26b5-4d67-bc5d-e905a6760a80@group-50E32BB97A46, cid=2808, SUCCESS, logIndex=0, commits[056ae293-26b5-4d67-bc5d-e905a6760a80:c4204, a428730f-9893-43cb-a585-e65a7e8859c8:c4200, 994b73f6-7725-4304-b3a4-4941318c1d6c:c4200]
2019-07-08 19:53:30,566 INFO  client.GrpcClientProtocolClient (GrpcClientProtocolClient.java:onNext(255)) - client-B2F93226DCBB->056ae293-26b5-4d67-bc5d-e905a6760a80: receive RaftClientReply:client-B2F93226DCBB->056ae293-26b5-4d67-bc5d-e905a6760a80@group-50E32BB97A46, cid=2809, SUCCESS, logIndex=4207, commits[056ae293-26b5-4d67-bc5d-e905a6760a80:c4208, a428730f-9893-43cb-a585-e65a7e8859c8:c4204, 994b73f6-7725-4304-b3a4-4941318c1d6c:c4204]
2019-07-08 19:53:30,566 INFO  client.GrpcClientProtocolClient (GrpcClientProtocolClient.java:onNext(255)) - client-B2F93226DCBB->056ae293-26b5-4d67-bc5d-e905a6760a80: receive RaftClientReply:client-B2F93226DCBB->056ae293-26b5-4d67-bc5d-e905a6760a80@group-50E32BB97A46, cid=2810, SUCCESS, logIndex=4208, commits[056ae293-26b5-4d67-bc5d-e905a6760a80:c4208, a428730f-9893-43cb-a585-e65a7e8859c8:c4204, 994b73f6-7725-4304-b3a4-4941318c1d6c:c4204]
2019-07-08 19:53:30,595 INFO  client.GrpcClientProtocolClient (GrpcClientProtocolClient.java:onNext(255)) - client-B2F93226DCBB->056ae293-26b5-4d67-bc5d-e905a6760a80: receive RaftClientReply:client-B2F93226DCBB->056ae293-26b5-4d67-bc5d-e905a6760a80@group-50E32BB97A46, cid=2811, SUCCESS, logIndex=4211, commits[056ae293-26b5-4d67-bc5d-e905a6760a80:c4212, a428730f-9893-43cb-a585-e65a7e8859c8:c4209, 994b73f6-7725-4304-b3a4-4941318c1d6c:c4209]
2019-07-08 19:53:30,596 INFO  client.GrpcClientProtocolClient (GrpcClientProtocolClient.java:onNext(255)) - client-B2F93226DCBB->056ae293-26b5-4d67-bc5d-e905a6760a80: receive RaftClientReply:client-B2F93226DCBB->056ae293-26b5-4d67-bc5d-e905a6760a80@group-50E32BB97A46, cid=2812, SUCCESS, logIndex=4212, commits[056ae293-26b5-4d67-bc5d-e905a6760a80:c4212, a428730f-9893-43cb-a585-e65a7e8859c8:c4209, 994b73f6-7725-4304-b3a4-4941318c1d6c:c4209]
2019-07-08 19:53:30,609 INFO  client.GrpcClientProtocolClient (GrpcClientProtocolClient.java:onNext(255)) - client-B2F93226DCBB->056ae293-26b5-4d67-bc5d-e905a6760a80: receive RaftClientReply:client-B2F93226DCBB->056ae293-26b5-4d67-bc5d-e905a6760a80@group-50E32BB97A46, cid=2813, SUCCESS, logIndex=0, commits[056ae293-26b5-4d67-bc5d-e905a6760a80:c4213, a428730f-9893-43cb-a585-e65a7e8859c8:c4212, 994b73f6-7725-4304-b3a4-4941318c1d6c:c4212]
2019-07-08 19:53:30,642 INFO  client.GrpcClientProtocolClient (GrpcClientProtocolClient.java:onNext(255)) - client-B2F93226DCBB->056ae293-26b5-4d67-bc5d-e905a6760a80: receive RaftClientReply:client-B2F93226DCBB->056ae293-26b5-4d67-bc5d-e905a6760a80@group-50E32BB97A46, cid=2814, SUCCESS, logIndex=4215, commits[056ae293-26b5-4d67-bc5d-e905a6760a80:c4216, a428730f-9893-43cb-a585-e65a7e8859c8:c4214, 994b73f6-7725-4304-b3a4-4941318c1d6c:c4214]
2019-07-08 19:53:30,643 INFO  client.GrpcClientProtocolClient (GrpcClientProtocolClient.java:onNext(255)) - client-B2F93226DCBB->056ae293-26b5-4d67-bc5d-e905a6760a80: receive RaftClientReply:client-B2F93226DCBB->056ae293-26b5-4d67-bc5d-e905a6760a80@group-50E32BB97A46, cid=2815, SUCCESS, logIndex=4216, commits[056ae293-26b5-4d67-bc5d-e905a6760a80:c4218, a428730f-9893-43cb-a585-e65a7e8859c8:c4214, 994b73f6-7725-4304-b3a4-4941318c1d6c:c4214]
2019-07-08 19:53:30,643 INFO  client.GrpcClientProtocolClient (GrpcClientProtocolClient.java:onNext(255)) - client-B2F93226DCBB->056ae293-26b5-4d67-bc5d-e905a6760a80: receive RaftClientReply:client-B2F93226DCBB->056ae293-26b5-4d67-bc5d-e905a6760a80@group-50E32BB97A46, cid=2816, SUCCESS, logIndex=4217, commits[056ae293-26b5-4d67-bc5d-e905a6760a80:c4218, a428730f-9893-43cb-a585-e65a7e8859c8:c4214, 994b73f6-7725-4304-b3a4-4941318c1d6c:c4214]
2019-07-08 19:53:30,644 INFO  client.GrpcClientProtocolClient (GrpcClientProtocolClient.java:onNext(255)) - client-B2F93226DCBB->056ae293-26b5-4d67-bc5d-e905a6760a80: receive RaftClientReply:client-B2F93226DCBB->056ae293-26b5-4d67-bc5d-e905a6760a80@group-50E32BB97A46, cid=2817, SUCCESS, logIndex=4218, commits[056ae293-26b5-4d67-bc5d-e905a6760a80:c4218, a428730f-9893-43cb-a585-e65a7e8859c8:c4214, 994b73f6-7725-4304-b3a4-4941318c1d6c:c4214]
2019-07-08 19:53:30,646 INFO  client.GrpcClientProtocolClient (GrpcClientProtocolClient.java:onNext(255)) - client-B2F93226DCBB->056ae293-26b5-4d67-bc5d-e905a6760a80: receive RaftClientReply:client-B2F93226DCBB->056ae293-26b5-4d67-bc5d-e905a6760a80@group-50E32BB97A46, cid=2818, SUCCESS, logIndex=0, commits[056ae293-26b5-4d67-bc5d-e905a6760a80:c4219, a428730f-9893-43cb-a585-e65a7e8859c8:c4216, 994b73f6-7725-4304-b3a4-4941318c1d6c:c4216]
2019-07-08 19:53:30,659 INFO  client.GrpcClientProtocolClient (GrpcClientProtocolClient.java:onNext(255)) - client-B2F93226DCBB->056ae293-26b5-4d67-bc5d-e905a6760a80: receive RaftClientReply:client-B2F93226DCBB->056ae293-26b5-4d67-bc5d-e905a6760a80@group-50E32BB97A46, cid=2819, SUCCESS, logIndex=4223, commits[056ae293-26b5-4d67-bc5d-e905a6760a80:c4224, a428730f-9893-43cb-a585-e65a7e8859c8:c4222, 994b73f6-7725-4304-b3a4-4941318c1d6c:c4222]
2019-07-08 19:53:30,659 INFO  client.GrpcClientProtocolClient (GrpcClientProtocolClient.java:onNext(255)) - client-B2F93226DCBB->056ae293-26b5-4d67-bc5d-e905a6760a80: receive RaftClientReply:client-B2F93226DCBB->056ae293-26b5-4d67-bc5d-e905a6760a80@group-50E32BB97A46, cid=2820, SUCCESS, logIndex=4224, commits[056ae293-26b5-4d67-bc5d-e905a6760a80:c4224, a428730f-9893-43cb-a585-e65a7e8859c8:c4222, 994b73f6-7725-4304-b3a4-4941318c1d6c:c4222]
2019-07-08 19:53:30,672 INFO  client.GrpcClientProtocolClient (GrpcClientProtocolClient.java:onNext(255)) - client-B2F93226DCBB->056ae293-26b5-4d67-bc5d-e905a6760a80: receive RaftClientReply:client-B2F93226DCBB->056ae293-26b5-4d67-bc5d-e905a6760a80@group-50E32BB97A46, cid=2821, SUCCESS, logIndex=4227, commits[056ae293-26b5-4d67-bc5d-e905a6760a80:c4228, a428730f-9893-43cb-a585-e65a7e8859c8:c4224, 994b73f6-7725-4304-b3a4-4941318c1d6c:c4226]
2019-07-08 19:53:30,672 INFO  client.GrpcClientProtocolClient (GrpcClientProtocolClient.java:onNext(255)) - client-B2F93226DCBB->056ae293-26b5-4d67-bc5d-e905a6760a80: receive RaftClientReply:client-B2F93226DCBB->056ae293-26b5-4d67-bc5d-e905a6760a80@group-50E32BB97A46, cid=2822, SUCCESS, logIndex=4228, commits[056ae293-26b5-4d67-bc5d-e905a6760a80:c4228, a428730f-9893-43cb-a585-e65a7e8859c8:c4226, 994b73f6-7725-4304-b3a4-4941318c1d6c:c4226]
2019-07-08 19:53:30,673 INFO  client.GrpcClientProtocolClient (GrpcClientProtocolClient.java:onNext(255)) - client-B2F93226DCBB->056ae293-26b5-4d67-bc5d-e905a6760a80: receive RaftClientReply:client-B2F93226DCBB->056ae293-26b5-4d67-bc5d-e905a6760a80@group-50E32BB97A46, cid=2823, SUCCESS, logIndex=0, commits[056ae293-26b5-4d67-bc5d-e905a6760a80:c4229, a428730f-9893-43cb-a585-e65a7e8859c8:c4228, 994b73f6-7725-4304-b3a4-4941318c1d6c:c4228]
2019-07-08 19:53:30,700 INFO  client.GrpcClientProtocolClient (GrpcClientProtocolClient.java:onNext(255)) - client-B2F93226DCBB->056ae293-26b5-4d67-bc5d-e905a6760a80: receive RaftClientReply:client-B2F93226DCBB->056ae293-26b5-4d67-bc5d-e905a6760a80@group-50E32BB97A46, cid=2824, SUCCESS, logIndex=4231, commits[056ae293-26b5-4d67-bc5d-e905a6760a80:c4234, a428730f-9893-43cb-a585-e65a7e8859c8:c4230, 994b73f6-7725-4304-b3a4-4941318c1d6c:c4228]
2019-07-08 19:53:30,700 INFO  client.GrpcClientProtocolClient (GrpcClientProtocolClient.java:onNext(255)) - client-B2F93226DCBB->056ae293-26b5-4d67-bc5d-e905a6760a80: receive RaftClientReply:client-B2F93226DCBB->056ae293-26b5-4d67-bc5d-e905a6760a80@group-50E32BB97A46, cid=2825, SUCCESS, logIndex=4232, commits[056ae293-26b5-4d67-bc5d-e905a6760a80:c4234, a428730f-9893-43cb-a585-e65a7e8859c8:c4230, 994b73f6-7725-4304-b3a4-4941318c1d6c:c4230]
2019-07-08 19:53:30,701 INFO  client.GrpcClientProtocolClient (GrpcClientProtocolClient.java:onNext(255)) - client-B2F93226DCBB->056ae293-26b5-4d67-bc5d-e905a6760a80: receive RaftClientReply:client-B2F93226DCBB->056ae293-26b5-4d67-bc5d-e905a6760a80@group-50E32BB97A46, cid=2826, SUCCESS, logIndex=4233, commits[056ae293-26b5-4d67-bc5d-e905a6760a80:c4234, a428730f-9893-43cb-a585-e65a7e8859c8:c4230, 994b73f6-7725-4304-b3a4-4941318c1d6c:c4230]
2019-07-08 19:53:30,701 INFO  client.GrpcClientProtocolClient (GrpcClientProtocolClient.java:onNext(255)) - client-B2F93226DCBB->056ae293-26b5-4d67-bc5d-e905a6760a80: receive RaftClientReply:client-B2F93226DCBB->056ae293-26b5-4d67-bc5d-e905a6760a80@group-50E32BB97A46, cid=2827, SUCCESS, logIndex=4234, commits[056ae293-26b5-4d67-bc5d-e905a6760a80:c4235, a428730f-9893-43cb-a585-e65a7e8859c8:c4231, 994b73f6-7725-4304-b3a4-4941318c1d6c:c4230]
2019-07-08 19:53:30,702 INFO  client.GrpcClientProtocolClient (GrpcClientProtocolClient.java:onNext(255)) - client-B2F93226DCBB->056ae293-26b5-4d67-bc5d-e905a6760a80: receive RaftClientReply:client-B2F93226DCBB->056ae293-26b5-4d67-bc5d-e905a6760a80@group-50E32BB97A46, cid=2828, SUCCESS, logIndex=0, commits[056ae293-26b5-4d67-bc5d-e905a6760a80:c4237, a428730f-9893-43cb-a585-e65a7e8859c8:c4233, 994b73f6-7725-4304-b3a4-4941318c1d6c:c4234]
2019-07-08 19:53:30,732 INFO  client.GrpcClientProtocolClient (GrpcClientProtocolClient.java:onNext(255)) - client-B2F93226DCBB->056ae293-26b5-4d67-bc5d-e905a6760a80: receive RaftClientReply:client-B2F93226DCBB->056ae293-26b5-4d67-bc5d-e905a6760a80@group-50E32BB97A46, cid=2829, SUCCESS, logIndex=4239, commits[056ae293-26b5-4d67-bc5d-e905a6760a80:c4239, a428730f-9893-43cb-a585-e65a7e8859c8:c4238, 994b73f6-7725-4304-b3a4-4941318c1d6c:c4238]
2019-07-08 19:53:30,733 INFO  client.GrpcClientProtocolClient (GrpcClientProtocolClient.java:onNext(255)) - client-B2F93226DCBB->056ae293-26b5-4d67-bc5d-e905a6760a80: receive RaftClientReply:client-B2F93226DCBB->056ae293-26b5-4d67-bc5d-e905a6760a80@group-50E32BB97A46, cid=2830, SUCCESS, logIndex=4240, commits[056ae293-26b5-4d67-bc5d-e905a6760a80:c4240, a428730f-9893-43cb-a585-e65a7e8859c8:c4238, 994b73f6-7725-4304-b3a4-4941318c1d6c:c4238]
2019-07-08 19:53:30,761 INFO  client.GrpcClientProtocolClient (GrpcClientProtocolClient.java:onNext(255)) - client-B2F93226DCBB->056ae293-26b5-4d67-bc5d-e905a6760a80: receive RaftClientReply:client-B2F93226DCBB->056ae293-26b5-4d67-bc5d-e905a6760a80@group-50E32BB97A46, cid=2831, SUCCESS, logIndex=4243, commits[056ae293-26b5-4d67-bc5d-e905a6760a80:c4243, a428730f-9893-43cb-a585-e65a7e8859c8:c4239, 994b73f6-7725-4304-b3a4-4941318c1d6c:c4240]
2019-07-08 19:53:30,761 INFO  client.GrpcClientProtocolClient (GrpcClientProtocolClient.java:onNext(255)) - client-B2F93226DCBB->056ae293-26b5-4d67-bc5d-e905a6760a80: receive RaftClientReply:client-B2F93226DCBB->056ae293-26b5-4d67-bc5d-e905a6760a80@group-50E32BB97A46, cid=2832, SUCCESS, logIndex=4244, commits[056ae293-26b5-4d67-bc5d-e905a6760a80:c4244, a428730f-9893-43cb-a585-e65a7e8859c8:c4240, 994b73f6-7725-4304-b3a4-4941318c1d6c:c4240]
2019-07-08 19:53:30,775 INFO  client.GrpcClientProtocolClient (GrpcClientProtocolClient.java:onNext(255)) - client-B2F93226DCBB->056ae293-26b5-4d67-bc5d-e905a6760a80: receive RaftClientReply:client-B2F93226DCBB->056ae293-26b5-4d67-bc5d-e905a6760a80@group-50E32BB97A46, cid=2833, SUCCESS, logIndex=0, commits[056ae293-26b5-4d67-bc5d-e905a6760a80:c4246, a428730f-9893-43cb-a585-e65a7e8859c8:c4244, 994b73f6-7725-4304-b3a4-4941318c1d6c:c4244]
2019-07-08 19:53:30,809 INFO  client.GrpcClientProtocolClient (GrpcClientProtocolClient.java:onNext(255)) - client-B2F93226DCBB->056ae293-26b5-4d67-bc5d-e905a6760a80: receive RaftClientReply:client-B2F93226DCBB->056ae293-26b5-4d67-bc5d-e905a6760a80@group-50E32BB97A46, cid=2834, SUCCESS, logIndex=4247, commits[056ae293-26b5-4d67-bc5d-e905a6760a80:c4248, a428730f-9893-43cb-a585-e65a7e8859c8:c4246, 994b73f6-7725-4304-b3a4-4941318c1d6c:c4246]
2019-07-08 19:53:30,810 INFO  client.GrpcClientProtocolClient (GrpcClientProtocolClient.java:onNext(255)) - client-B2F93226DCBB->056ae293-26b5-4d67-bc5d-e905a6760a80: receive RaftClientReply:client-B2F93226DCBB->056ae293-26b5-4d67-bc5d-e905a6760a80@group-50E32BB97A46, cid=2835, SUCCESS, logIndex=4248, commits[056ae293-26b5-4d67-bc5d-e905a6760a80:c4248, a428730f-9893-43cb-a585-e65a7e8859c8:c4246, 994b73f6-7725-4304-b3a4-4941318c1d6c:c4246]
2019-07-08 19:53:30,824 INFO  client.GrpcClientProtocolClient (GrpcClientProtocolClient.java:onNext(255)) - client-B2F93226DCBB->056ae293-26b5-4d67-bc5d-e905a6760a80: receive RaftClientReply:client-B2F93226DCBB->056ae293-26b5-4d67-bc5d-e905a6760a80@group-50E32BB97A46, cid=2836, SUCCESS, logIndex=4249, commits[056ae293-26b5-4d67-bc5d-e905a6760a80:c4249, a428730f-9893-43cb-a585-e65a7e8859c8:c4246, 994b73f6-7725-4304-b3a4-4941318c1d6c:c4246]
2019-07-08 19:53:30,824 INFO  client.GrpcClientProtocolClient (GrpcClientProtocolClient.java:onNext(255)) - client-B2F93226DCBB->056ae293-26b5-4d67-bc5d-e905a6760a80: receive RaftClientReply:client-B2F93226DCBB->056ae293-26b5-4d67-bc5d-e905a6760a80@group-50E32BB97A46, cid=2837, SUCCESS, logIndex=4250, commits[056ae293-26b5-4d67-bc5d-e905a6760a80:c4250, a428730f-9893-43cb-a585-e65a7e8859c8:c4246, 994b73f6-7725-4304-b3a4-4941318c1d6c:c4246]
2019-07-08 19:53:30,835 INFO  client.GrpcClientProtocolClient (GrpcClientProtocolClient.java:onNext(255)) - client-B2F93226DCBB->056ae293-26b5-4d67-bc5d-e905a6760a80: receive RaftClientReply:client-B2F93226DCBB->056ae293-26b5-4d67-bc5d-e905a6760a80@group-50E32BB97A46, cid=2838, SUCCESS, logIndex=0, commits[056ae293-26b5-4d67-bc5d-e905a6760a80:c4252, a428730f-9893-43cb-a585-e65a7e8859c8:c4248, 994b73f6-7725-4304-b3a4-4941318c1d6c:c4248]
2019-07-08 19:53:30,860 INFO  client.GrpcClientProtocolClient (GrpcClientProtocolClient.java:onNext(255)) - client-B2F93226DCBB->056ae293-26b5-4d67-bc5d-e905a6760a80: receive RaftClientReply:client-B2F93226DCBB->056ae293-26b5-4d67-bc5d-e905a6760a80@group-50E32BB97A46, cid=2839, SUCCESS, logIndex=4255, commits[056ae293-26b5-4d67-bc5d-e905a6760a80:c4256, a428730f-9893-43cb-a585-e65a7e8859c8:c4253, 994b73f6-7725-4304-b3a4-4941318c1d6c:c4250]
2019-07-08 19:53:30,861 INFO  client.GrpcClientProtocolClient (GrpcClientProtocolClient.java:onNext(255)) - client-B2F93226DCBB->056ae293-26b5-4d67-bc5d-e905a6760a80: receive RaftClientReply:client-B2F93226DCBB->056ae293-26b5-4d67-bc5d-e905a6760a80@group-50E32BB97A46, cid=2840, SUCCESS, logIndex=4256, commits[056ae293-26b5-4d67-bc5d-e905a6760a80:c4256, a428730f-9893-43cb-a585-e65a7e8859c8:c4253, 994b73f6-7725-4304-b3a4-4941318c1d6c:c4253]
2019-07-08 19:53:30,886 INFO  client.GrpcClientProtocolClient (GrpcClientProtocolClient.java:onNext(255)) - client-B2F93226DCBB->056ae293-26b5-4d67-bc5d-e905a6760a80: receive RaftClientReply:client-B2F93226DCBB->056ae293-26b5-4d67-bc5d-e905a6760a80@group-50E32BB97A46, cid=2841, SUCCESS, logIndex=4258, commits[056ae293-26b5-4d67-bc5d-e905a6760a80:c4259, a428730f-9893-43cb-a585-e65a7e8859c8:c4256, 994b73f6-7725-4304-b3a4-4941318c1d6c:c4256]
2019-07-08 19:53:30,886 INFO  client.GrpcClientProtocolClient (GrpcClientProtocolClient.java:onNext(255)) - client-B2F93226DCBB->056ae293-26b5-4d67-bc5d-e905a6760a80: receive RaftClientReply:client-B2F93226DCBB->056ae293-26b5-4d67-bc5d-e905a6760a80@group-50E32BB97A46, cid=2842, SUCCESS, logIndex=4259, commits[056ae293-26b5-4d67-bc5d-e905a6760a80:c4259, a428730f-9893-43cb-a585-e65a7e8859c8:c4256, 994b73f6-7725-4304-b3a4-4941318c1d6c:c4256]
2019-07-08 19:53:30,902 INFO  client.GrpcClientProtocolClient (GrpcClientProtocolClient.java:onNext(255)) - client-B2F93226DCBB->056ae293-26b5-4d67-bc5d-e905a6760a80: receive RaftClientReply:client-B2F93226DCBB->056ae293-26b5-4d67-bc5d-e905a6760a80@group-50E32BB97A46, cid=2843, SUCCESS, logIndex=0, commits[056ae293-26b5-4d67-bc5d-e905a6760a80:c4261, a428730f-9893-43cb-a585-e65a7e8859c8:c4259, 994b73f6-7725-4304-b3a4-4941318c1d6c:c4259]
2019-07-08 19:53:30,931 INFO  client.GrpcClientProtocolClient (GrpcClientProtocolClient.java:onNext(255)) - client-B2F93226DCBB->056ae293-26b5-4d67-bc5d-e905a6760a80: receive RaftClientReply:client-B2F93226DCBB->056ae293-26b5-4d67-bc5d-e905a6760a80@group-50E32BB97A46, cid=2844, SUCCESS, logIndex=4262, commits[056ae293-26b5-4d67-bc5d-e905a6760a80:c4263, a428730f-9893-43cb-a585-e65a7e8859c8:c4259, 994b73f6-7725-4304-b3a4-4941318c1d6c:c4261]
2019-07-08 19:53:30,932 INFO  client.GrpcClientProtocolClient (GrpcClientProtocolClient.java:onNext(255)) - client-B2F93226DCBB->056ae293-26b5-4d67-bc5d-e905a6760a80: receive RaftClientReply:client-B2F93226DCBB->056ae293-26b5-4d67-bc5d-e905a6760a80@group-50E32BB97A46, cid=2845, SUCCESS, logIndex=4263, commits[056ae293-26b5-4d67-bc5d-e905a6760a80:c4263, a428730f-9893-43cb-a585-e65a7e8859c8:c4259, 994b73f6-7725-4304-b3a4-4941318c1d6c:c4261]
2019-07-08 19:53:30,935 INFO  client.GrpcClientProtocolClient (GrpcClientProtocolClient.java:onNext(255)) - client-B2F93226DCBB->056ae293-26b5-4d67-bc5d-e905a6760a80: receive RaftClientReply:client-B2F93226DCBB->056ae293-26b5-4d67-bc5d-e905a6760a80@group-50E32BB97A46, cid=2846, SUCCESS, logIndex=4264, commits[056ae293-26b5-4d67-bc5d-e905a6760a80:c4266, a428730f-9893-43cb-a585-e65a7e8859c8:c4261, 994b73f6-7725-4304-b3a4-4941318c1d6c:c4263]
2019-07-08 19:53:30,935 INFO  client.GrpcClientProtocolClient (GrpcClientProtocolClient.java:onNext(255)) - client-B2F93226DCBB->056ae293-26b5-4d67-bc5d-e905a6760a80: receive RaftClientReply:client-B2F93226DCBB->056ae293-26b5-4d67-bc5d-e905a6760a80@group-50E32BB97A46, cid=2847, SUCCESS, logIndex=4265, commits[056ae293-26b5-4d67-bc5d-e905a6760a80:c4267, a428730f-9893-43cb-a585-e65a7e8859c8:c4263, 994b73f6-7725-4304-b3a4-4941318c1d6c:c4263]
2019-07-08 19:53:30,948 INFO  client.GrpcClientProtocolClient (GrpcClientProtocolClient.java:onNext(255)) - client-B2F93226DCBB->056ae293-26b5-4d67-bc5d-e905a6760a80: receive RaftClientReply:client-B2F93226DCBB->056ae293-26b5-4d67-bc5d-e905a6760a80@group-50E32BB97A46, cid=2848, SUCCESS, logIndex=4270, commits[056ae293-26b5-4d67-bc5d-e905a6760a80:c4271, a428730f-9893-43cb-a585-e65a7e8859c8:c4269, 994b73f6-7725-4304-b3a4-4941318c1d6c:c4269]
2019-07-08 19:53:30,949 INFO  client.GrpcClientProtocolClient (GrpcClientProtocolClient.java:onNext(255)) - client-B2F93226DCBB->056ae293-26b5-4d67-bc5d-e905a6760a80: receive RaftClientReply:client-B2F93226DCBB->056ae293-26b5-4d67-bc5d-e905a6760a80@group-50E32BB97A46, cid=2849, SUCCESS, logIndex=4271, commits[056ae293-26b5-4d67-bc5d-e905a6760a80:c4271, a428730f-9893-43cb-a585-e65a7e8859c8:c4269, 994b73f6-7725-4304-b3a4-4941318c1d6c:c4269]
2019-07-08 19:53:30,984 INFO  client.GrpcClientProtocolClient (GrpcClientProtocolClient.java:onNext(255)) - client-B2F93226DCBB->056ae293-26b5-4d67-bc5d-e905a6760a80: receive RaftClientReply:client-B2F93226DCBB->056ae293-26b5-4d67-bc5d-e905a6760a80@group-50E32BB97A46, cid=2850, SUCCESS, logIndex=4274, commits[056ae293-26b5-4d67-bc5d-e905a6760a80:c4275, a428730f-9893-43cb-a585-e65a7e8859c8:c4273, 994b73f6-7725-4304-b3a4-4941318c1d6c:c4273]
2019-07-08 19:53:30,985 INFO  client.GrpcClientProtocolClient (GrpcClientProtocolClient.java:onNext(255)) - client-B2F93226DCBB->056ae293-26b5-4d67-bc5d-e905a6760a80: receive RaftClientReply:client-B2F93226DCBB->056ae293-26b5-4d67-bc5d-e905a6760a80@group-50E32BB97A46, cid=2851, SUCCESS, logIndex=4275, commits[056ae293-26b5-4d67-bc5d-e905a6760a80:c4275, a428730f-9893-43cb-a585-e65a7e8859c8:c4273, 994b73f6-7725-4304-b3a4-4941318c1d6c:c4273]
2019-07-08 19:53:30,996 INFO  client.GrpcClientProtocolClient (GrpcClientProtocolClient.java:onNext(255)) - client-B2F93226DCBB->056ae293-26b5-4d67-bc5d-e905a6760a80: receive RaftClientReply:client-B2F93226DCBB->056ae293-26b5-4d67-bc5d-e905a6760a80@group-50E32BB97A46, cid=2852, SUCCESS, logIndex=0, commits[056ae293-26b5-4d67-bc5d-e905a6760a80:c4276, a428730f-9893-43cb-a585-e65a7e8859c8:c4275, 994b73f6-7725-4304-b3a4-4941318c1d6c:c4275]
2019-07-08 19:53:31,035 INFO  client.GrpcClientProtocolClient (GrpcClientProtocolClient.java:onNext(255)) - client-B2F93226DCBB->056ae293-26b5-4d67-bc5d-e905a6760a80: receive RaftClientReply:client-B2F93226DCBB->056ae293-26b5-4d67-bc5d-e905a6760a80@group-50E32BB97A46, cid=2853, SUCCESS, logIndex=4278, commits[056ae293-26b5-4d67-bc5d-e905a6760a80:c4279, a428730f-9893-43cb-a585-e65a7e8859c8:c4277, 994b73f6-7725-4304-b3a4-4941318c1d6c:c4277]
2019-07-08 19:53:31,035 INFO  client.GrpcClientProtocolClient (GrpcClientProtocolClient.java:onNext(255)) - client-B2F93226DCBB->056ae293-26b5-4d67-bc5d-e905a6760a80: receive RaftClientReply:client-B2F93226DCBB->056ae293-26b5-4d67-bc5d-e905a6760a80@group-50E32BB97A46, cid=2854, SUCCESS, logIndex=4279, commits[056ae293-26b5-4d67-bc5d-e905a6760a80:c4281, a428730f-9893-43cb-a585-e65a7e8859c8:c4277, 994b73f6-7725-4304-b3a4-4941318c1d6c:c4277]
2019-07-08 19:53:31,035 INFO  client.GrpcClientProtocolClient (GrpcClientProtocolClient.java:onNext(255)) - client-B2F93226DCBB->056ae293-26b5-4d67-bc5d-e905a6760a80: receive RaftClientReply:client-B2F93226DCBB->056ae293-26b5-4d67-bc5d-e905a6760a80@group-50E32BB97A46, cid=2855, SUCCESS, logIndex=4280, commits[056ae293-26b5-4d67-bc5d-e905a6760a80:c4281, a428730f-9893-43cb-a585-e65a7e8859c8:c4277, 994b73f6-7725-4304-b3a4-4941318c1d6c:c4277]
2019-07-08 19:53:31,036 INFO  client.GrpcClientProtocolClient (GrpcClientProtocolClient.java:onNext(255)) - client-B2F93226DCBB->056ae293-26b5-4d67-bc5d-e905a6760a80: receive RaftClientReply:client-B2F93226DCBB->056ae293-26b5-4d67-bc5d-e905a6760a80@group-50E32BB97A46, cid=2856, SUCCESS, logIndex=4281, commits[056ae293-26b5-4d67-bc5d-e905a6760a80:c4281, a428730f-9893-43cb-a585-e65a7e8859c8:c4277, 994b73f6-7725-4304-b3a4-4941318c1d6c:c4277]
2019-07-08 19:53:31,047 INFO  client.GrpcClientProtocolClient (GrpcClientProtocolClient.java:onNext(255)) - client-B2F93226DCBB->056ae293-26b5-4d67-bc5d-e905a6760a80: receive RaftClientReply:client-B2F93226DCBB->056ae293-26b5-4d67-bc5d-e905a6760a80@group-50E32BB97A46, cid=2857, SUCCESS, logIndex=0, commits[056ae293-26b5-4d67-bc5d-e905a6760a80:c4283, a428730f-9893-43cb-a585-e65a7e8859c8:c4279, 994b73f6-7725-4304-b3a4-4941318c1d6c:c4279]
2019-07-08 19:53:31,073 INFO  client.GrpcClientProtocolClient (GrpcClientProtocolClient.java:onNext(255)) - client-B2F93226DCBB->056ae293-26b5-4d67-bc5d-e905a6760a80: receive RaftClientReply:client-B2F93226DCBB->056ae293-26b5-4d67-bc5d-e905a6760a80@group-50E32BB97A46, cid=2858, SUCCESS, logIndex=4286, commits[056ae293-26b5-4d67-bc5d-e905a6760a80:c4287, a428730f-9893-43cb-a585-e65a7e8859c8:c4283, 994b73f6-7725-4304-b3a4-4941318c1d6c:c4283]
2019-07-08 19:53:31,074 INFO  client.GrpcClientProtocolClient (GrpcClientProtocolClient.java:onNext(255)) - client-B2F93226DCBB->056ae293-26b5-4d67-bc5d-e905a6760a80: receive RaftClientReply:client-B2F93226DCBB->056ae293-26b5-4d67-bc5d-e905a6760a80@group-50E32BB97A46, cid=2859, SUCCESS, logIndex=4287, commits[056ae293-26b5-4d67-bc5d-e905a6760a80:c4287, a428730f-9893-43cb-a585-e65a7e8859c8:c4283, 994b73f6-7725-4304-b3a4-4941318c1d6c:c4283]
2019-07-08 19:53:31,100 INFO  client.GrpcClientProtocolClient (GrpcClientProtocolClient.java:onNext(255)) - client-B2F93226DCBB->056ae293-26b5-4d67-bc5d-e905a6760a80: receive RaftClientReply:client-B2F93226DCBB->056ae293-26b5-4d67-bc5d-e905a6760a80@group-50E32BB97A46, cid=2860, SUCCESS, logIndex=4289, commits[056ae293-26b5-4d67-bc5d-e905a6760a80:c4289, a428730f-9893-43cb-a585-e65a7e8859c8:c4287, 994b73f6-7725-4304-b3a4-4941318c1d6c:c4287]
2019-07-08 19:53:31,100 INFO  client.GrpcClientProtocolClient (GrpcClientProtocolClient.java:onNext(255)) - client-B2F93226DCBB->056ae293-26b5-4d67-bc5d-e905a6760a80: receive RaftClientReply:client-B2F93226DCBB->056ae293-26b5-4d67-bc5d-e905a6760a80@group-50E32BB97A46, cid=2861, SUCCESS, logIndex=4290, commits[056ae293-26b5-4d67-bc5d-e905a6760a80:c4290, a428730f-9893-43cb-a585-e65a7e8859c8:c4287, 994b73f6-7725-4304-b3a4-4941318c1d6c:c4287]
2019-07-08 19:53:31,229 INFO  client.GrpcClientProtocolClient (GrpcClientProtocolClient.java:onNext(255)) - client-B2F93226DCBB->056ae293-26b5-4d67-bc5d-e905a6760a80: receive RaftClientReply:client-B2F93226DCBB->056ae293-26b5-4d67-bc5d-e905a6760a80@group-50E32BB97A46, cid=2862, SUCCESS, logIndex=0, commits[056ae293-26b5-4d67-bc5d-e905a6760a80:c4292, a428730f-9893-43cb-a585-e65a7e8859c8:c4290, 994b73f6-7725-4304-b3a4-4941318c1d6c:c4290]
2019-07-08 19:53:31,274 INFO  client.GrpcClientProtocolClient (GrpcClientProtocolClient.java:onNext(255)) - client-B2F93226DCBB->056ae293-26b5-4d67-bc5d-e905a6760a80: receive RaftClientReply:client-B2F93226DCBB->056ae293-26b5-4d67-bc5d-e905a6760a80@group-50E32BB97A46, cid=2863, SUCCESS, logIndex=4293, commits[056ae293-26b5-4d67-bc5d-e905a6760a80:c4294, a428730f-9893-43cb-a585-e65a7e8859c8:c4292, 994b73f6-7725-4304-b3a4-4941318c1d6c:c4292]
2019-07-08 19:53:31,275 INFO  client.GrpcClientProtocolClient (GrpcClientProtocolClient.java:onNext(255)) - client-B2F93226DCBB->056ae293-26b5-4d67-bc5d-e905a6760a80: receive RaftClientReply:client-B2F93226DCBB->056ae293-26b5-4d67-bc5d-e905a6760a80@group-50E32BB97A46, cid=2864, SUCCESS, logIndex=4294, commits[056ae293-26b5-4d67-bc5d-e905a6760a80:c4294, a428730f-9893-43cb-a585-e65a7e8859c8:c4292, 994b73f6-7725-4304-b3a4-4941318c1d6c:c4292]
2019-07-08 19:53:31,287 INFO  client.GrpcClientProtocolClient (GrpcClientProtocolClient.java:onNext(255)) - client-B2F93226DCBB->056ae293-26b5-4d67-bc5d-e905a6760a80: receive RaftClientReply:client-B2F93226DCBB->056ae293-26b5-4d67-bc5d-e905a6760a80@group-50E32BB97A46, cid=2865, SUCCESS, logIndex=4295, commits[056ae293-26b5-4d67-bc5d-e905a6760a80:c4296, a428730f-9893-43cb-a585-e65a7e8859c8:c4292, 994b73f6-7725-4304-b3a4-4941318c1d6c:c4292]
2019-07-08 19:53:31,287 INFO  client.GrpcClientProtocolClient (GrpcClientProtocolClient.java:onNext(255)) - client-B2F93226DCBB->056ae293-26b5-4d67-bc5d-e905a6760a80: receive RaftClientReply:client-B2F93226DCBB->056ae293-26b5-4d67-bc5d-e905a6760a80@group-50E32BB97A46, cid=2866, SUCCESS, logIndex=4296, commits[056ae293-26b5-4d67-bc5d-e905a6760a80:c4296, a428730f-9893-43cb-a585-e65a7e8859c8:c4292, 994b73f6-7725-4304-b3a4-4941318c1d6c:c4292]
2019-07-08 19:53:31,300 INFO  client.GrpcClientProtocolClient (GrpcClientProtocolClient.java:onNext(255)) - client-B2F93226DCBB->056ae293-26b5-4d67-bc5d-e905a6760a80: receive RaftClientReply:client-B2F93226DCBB->056ae293-26b5-4d67-bc5d-e905a6760a80@group-50E32BB97A46, cid=2867, SUCCESS, logIndex=0, commits[056ae293-26b5-4d67-bc5d-e905a6760a80:c4298, a428730f-9893-43cb-a585-e65a7e8859c8:c4294, 994b73f6-7725-4304-b3a4-4941318c1d6c:c4294]
2019-07-08 19:53:31,334 INFO  client.GrpcClientProtocolClient (GrpcClientProtocolClient.java:onNext(255)) - client-B2F93226DCBB->056ae293-26b5-4d67-bc5d-e905a6760a80: receive RaftClientReply:client-B2F93226DCBB->056ae293-26b5-4d67-bc5d-e905a6760a80@group-50E32BB97A46, cid=2868, SUCCESS, logIndex=4301, commits[056ae293-26b5-4d67-bc5d-e905a6760a80:c4302, a428730f-9893-43cb-a585-e65a7e8859c8:c4298, 994b73f6-7725-4304-b3a4-4941318c1d6c:c4298]
2019-07-08 19:53:31,334 INFO  client.GrpcClientProtocolClient (GrpcClientProtocolClient.java:onNext(255)) - client-B2F93226DCBB->056ae293-26b5-4d67-bc5d-e905a6760a80: receive RaftClientReply:client-B2F93226DCBB->056ae293-26b5-4d67-bc5d-e905a6760a80@group-50E32BB97A46, cid=2869, SUCCESS, logIndex=4302, commits[056ae293-26b5-4d67-bc5d-e905a6760a80:c4302, a428730f-9893-43cb-a585-e65a7e8859c8:c4298, 994b73f6-7725-4304-b3a4-4941318c1d6c:c4298]
2019-07-08 19:53:31,355 INFO  client.GrpcClientProtocolClient (GrpcClientProtocolClient.java:onNext(255)) - client-B2F93226DCBB->056ae293-26b5-4d67-bc5d-e905a6760a80: receive RaftClientReply:client-B2F93226DCBB->056ae293-26b5-4d67-bc5d-e905a6760a80@group-50E32BB97A46, cid=2870, SUCCESS, logIndex=4305, commits[056ae293-26b5-4d67-bc5d-e905a6760a80:c4306, a428730f-9893-43cb-a585-e65a7e8859c8:c4302, 994b73f6-7725-4304-b3a4-4941318c1d6c:c4302]
2019-07-08 19:53:31,356 INFO  client.GrpcClientProtocolClient (GrpcClientProtocolClient.java:onNext(255)) - client-B2F93226DCBB->056ae293-26b5-4d67-bc5d-e905a6760a80: receive RaftClientReply:client-B2F93226DCBB->056ae293-26b5-4d67-bc5d-e905a6760a80@group-50E32BB97A46, cid=2871, SUCCESS, logIndex=4306, commits[056ae293-26b5-4d67-bc5d-e905a6760a80:c4306, a428730f-9893-43cb-a585-e65a7e8859c8:c4302, 994b73f6-7725-4304-b3a4-4941318c1d6c:c4302]
2019-07-08 19:53:31,382 INFO  client.GrpcClientProtocolClient (GrpcClientProtocolClient.java:onNext(255)) - client-B2F93226DCBB->056ae293-26b5-4d67-bc5d-e905a6760a80: receive RaftClientReply:client-B2F93226DCBB->056ae293-26b5-4d67-bc5d-e905a6760a80@group-50E32BB97A46, cid=2872, SUCCESS, logIndex=0, commits[056ae293-26b5-4d67-bc5d-e905a6760a80:c4308, a428730f-9893-43cb-a585-e65a7e8859c8:c4306, 994b73f6-7725-4304-b3a4-4941318c1d6c:c4306]
2019-07-08 19:53:31,419 INFO  client.GrpcClientProtocolClient (GrpcClientProtocolClient.java:onNext(255)) - client-B2F93226DCBB->056ae293-26b5-4d67-bc5d-e905a6760a80: receive RaftClientReply:client-B2F93226DCBB->056ae293-26b5-4d67-bc5d-e905a6760a80@group-50E32BB97A46, cid=2873, SUCCESS, logIndex=4309, commits[056ae293-26b5-4d67-bc5d-e905a6760a80:c4310, a428730f-9893-43cb-a585-e65a7e8859c8:c4308, 994b73f6-7725-4304-b3a4-4941318c1d6c:c4308]
2019-07-08 19:53:31,420 INFO  client.GrpcClientProtocolClient (GrpcClientProtocolClient.java:onNext(255)) - client-B2F93226DCBB->056ae293-26b5-4d67-bc5d-e905a6760a80: receive RaftClientReply:client-B2F93226DCBB->056ae293-26b5-4d67-bc5d-e905a6760a80@group-50E32BB97A46, cid=2874, SUCCESS, logIndex=4310, commits[056ae293-26b5-4d67-bc5d-e905a6760a80:c4310, a428730f-9893-43cb-a585-e65a7e8859c8:c4308, 994b73f6-7725-4304-b3a4-4941318c1d6c:c4308]
2019-07-08 19:53:31,421 INFO  client.GrpcClientProtocolClient (GrpcClientProtocolClient.java:onNext(255)) - client-B2F93226DCBB->056ae293-26b5-4d67-bc5d-e905a6760a80: receive RaftClientReply:client-B2F93226DCBB->056ae293-26b5-4d67-bc5d-e905a6760a80@group-50E32BB97A46, cid=2875, SUCCESS, logIndex=4311, commits[056ae293-26b5-4d67-bc5d-e905a6760a80:c4312, a428730f-9893-43cb-a585-e65a7e8859c8:c4308, 994b73f6-7725-4304-b3a4-4941318c1d6c:c4308]
2019-07-08 19:53:31,422 INFO  client.GrpcClientProtocolClient (GrpcClientProtocolClient.java:onNext(255)) - client-B2F93226DCBB->056ae293-26b5-4d67-bc5d-e905a6760a80: receive RaftClientReply:client-B2F93226DCBB->056ae293-26b5-4d67-bc5d-e905a6760a80@group-50E32BB97A46, cid=2876, SUCCESS, logIndex=4312, commits[056ae293-26b5-4d67-bc5d-e905a6760a80:c4312, a428730f-9893-43cb-a585-e65a7e8859c8:c4308, 994b73f6-7725-4304-b3a4-4941318c1d6c:c4308]
2019-07-08 19:53:31,423 INFO  client.GrpcClientProtocolClient (GrpcClientProtocolClient.java:onNext(255)) - client-B2F93226DCBB->056ae293-26b5-4d67-bc5d-e905a6760a80: receive RaftClientReply:client-B2F93226DCBB->056ae293-26b5-4d67-bc5d-e905a6760a80@group-50E32BB97A46, cid=2877, SUCCESS, logIndex=0, commits[056ae293-26b5-4d67-bc5d-e905a6760a80:c4313, a428730f-9893-43cb-a585-e65a7e8859c8:c4310, 994b73f6-7725-4304-b3a4-4941318c1d6c:c4310]
2019-07-08 19:53:31,438 INFO  client.GrpcClientProtocolClient (GrpcClientProtocolClient.java:onNext(255)) - client-B2F93226DCBB->056ae293-26b5-4d67-bc5d-e905a6760a80: receive RaftClientReply:client-B2F93226DCBB->056ae293-26b5-4d67-bc5d-e905a6760a80@group-50E32BB97A46, cid=2878, SUCCESS, logIndex=4317, commits[056ae293-26b5-4d67-bc5d-e905a6760a80:c4318, a428730f-9893-43cb-a585-e65a7e8859c8:c4316, 994b73f6-7725-4304-b3a4-4941318c1d6c:c4316]
2019-07-08 19:53:31,438 INFO  client.GrpcClientProtocolClient (GrpcClientProtocolClient.java:onNext(255)) - client-B2F93226DCBB->056ae293-26b5-4d67-bc5d-e905a6760a80: receive RaftClientReply:client-B2F93226DCBB->056ae293-26b5-4d67-bc5d-e905a6760a80@group-50E32BB97A46, cid=2879, SUCCESS, logIndex=4318, commits[056ae293-26b5-4d67-bc5d-e905a6760a80:c4318, a428730f-9893-43cb-a585-e65a7e8859c8:c4316, 994b73f6-7725-4304-b3a4-4941318c1d6c:c4316]
 0.00% |█                                                                                                    |  0/1 Time: 0:00:272019-07-08 19:53:31,452 INFO  client.GrpcClientProtocolClient (GrpcClientProtocolClient.java:onNext(255)) - client-B2F93226DCBB->056ae293-26b5-4d67-bc5d-e905a6760a80: receive RaftClientReply:client-B2F93226DCBB->056ae293-26b5-4d67-bc5d-e905a6760a80@group-50E32BB97A46, cid=2880, SUCCESS, logIndex=4321, commits[056ae293-26b5-4d67-bc5d-e905a6760a80:c4322, a428730f-9893-43cb-a585-e65a7e8859c8:c4320, 994b73f6-7725-4304-b3a4-4941318c1d6c:c4320]
2019-07-08 19:53:31,453 INFO  client.GrpcClientProtocolClient (GrpcClientProtocolClient.java:onNext(255)) - client-B2F93226DCBB->056ae293-26b5-4d67-bc5d-e905a6760a80: receive RaftClientReply:client-B2F93226DCBB->056ae293-26b5-4d67-bc5d-e905a6760a80@group-50E32BB97A46, cid=2881, SUCCESS, logIndex=4322, commits[056ae293-26b5-4d67-bc5d-e905a6760a80:c4322, a428730f-9893-43cb-a585-e65a7e8859c8:c4320, 994b73f6-7725-4304-b3a4-4941318c1d6c:c4320]
2019-07-08 19:53:31,454 INFO  client.GrpcClientProtocolClient (GrpcClientProtocolClient.java:onNext(255)) - client-B2F93226DCBB->056ae293-26b5-4d67-bc5d-e905a6760a80: receive RaftClientReply:client-B2F93226DCBB->056ae293-26b5-4d67-bc5d-e905a6760a80@group-50E32BB97A46, cid=2882, SUCCESS, logIndex=0, commits[056ae293-26b5-4d67-bc5d-e905a6760a80:c4323, a428730f-9893-43cb-a585-e65a7e8859c8:c4322, 994b73f6-7725-4304-b3a4-4941318c1d6c:c4322]
2019-07-08 19:53:31,494 INFO  client.GrpcClientProtocolClient (GrpcClientProtocolClient.java:onNext(255)) - client-B2F93226DCBB->056ae293-26b5-4d67-bc5d-e905a6760a80: receive RaftClientReply:client-B2F93226DCBB->056ae293-26b5-4d67-bc5d-e905a6760a80@group-50E32BB97A46, cid=2883, SUCCESS, logIndex=4325, commits[056ae293-26b5-4d67-bc5d-e905a6760a80:c4327, a428730f-9893-43cb-a585-e65a7e8859c8:c4324, 994b73f6-7725-4304-b3a4-4941318c1d6c:c4324]
2019-07-08 19:53:31,495 INFO  client.GrpcClientProtocolClient (GrpcClientProtocolClient.java:onNext(255)) - client-B2F93226DCBB->056ae293-26b5-4d67-bc5d-e905a6760a80: receive RaftClientReply:client-B2F93226DCBB->056ae293-26b5-4d67-bc5d-e905a6760a80@group-50E32BB97A46, cid=2884, SUCCESS, logIndex=4326, commits[056ae293-26b5-4d67-bc5d-e905a6760a80:c4328, a428730f-9893-43cb-a585-e65a7e8859c8:c4324, 994b73f6-7725-4304-b3a4-4941318c1d6c:c4324]
2019-07-08 19:53:31,495 INFO  client.GrpcClientProtocolClient (GrpcClientProtocolClient.java:onNext(255)) - client-B2F93226DCBB->056ae293-26b5-4d67-bc5d-e905a6760a80: receive RaftClientReply:client-B2F93226DCBB->056ae293-26b5-4d67-bc5d-e905a6760a80@group-50E32BB97A46, cid=2885, SUCCESS, logIndex=4327, commits[056ae293-26b5-4d67-bc5d-e905a6760a80:c4328, a428730f-9893-43cb-a585-e65a7e8859c8:c4324, 994b73f6-7725-4304-b3a4-4941318c1d6c:c4324]
2019-07-08 19:53:31,496 INFO  client.GrpcClientProtocolClient (GrpcClientProtocolClient.java:onNext(255)) - client-B2F93226DCBB->056ae293-26b5-4d67-bc5d-e905a6760a80: receive RaftClientReply:client-B2F93226DCBB->056ae293-26b5-4d67-bc5d-e905a6760a80@group-50E32BB97A46, cid=2886, SUCCESS, logIndex=4328, commits[056ae293-26b5-4d67-bc5d-e905a6760a80:c4328, a428730f-9893-43cb-a585-e65a7e8859c8:c4324, 994b73f6-7725-4304-b3a4-4941318c1d6c:c4324]
2019-07-08 19:53:31,506 INFO  client.GrpcClientProtocolClient (GrpcClientProtocolClient.java:onNext(255)) - client-B2F93226DCBB->056ae293-26b5-4d67-bc5d-e905a6760a80: receive RaftClientReply:client-B2F93226DCBB->056ae293-26b5-4d67-bc5d-e905a6760a80@group-50E32BB97A46, cid=2887, SUCCESS, logIndex=0, commits[056ae293-26b5-4d67-bc5d-e905a6760a80:c4329, a428730f-9893-43cb-a585-e65a7e8859c8:c4326, 994b73f6-7725-4304-b3a4-4941318c1d6c:c4326]
2019-07-08 19:53:31,527 INFO  client.GrpcClientProtocolClient (GrpcClientProtocolClient.java:onNext(255)) - client-B2F93226DCBB->056ae293-26b5-4d67-bc5d-e905a6760a80: receive RaftClientReply:client-B2F93226DCBB->056ae293-26b5-4d67-bc5d-e905a6760a80@group-50E32BB97A46, cid=2888, SUCCESS, logIndex=4333, commits[056ae293-26b5-4d67-bc5d-e905a6760a80:c4334, a428730f-9893-43cb-a585-e65a7e8859c8:c4332, 994b73f6-7725-4304-b3a4-4941318c1d6c:c4332]
2019-07-08 19:53:31,528 INFO  client.GrpcClientProtocolClient (GrpcClientProtocolClient.java:onNext(255)) - client-B2F93226DCBB->056ae293-26b5-4d67-bc5d-e905a6760a80: receive RaftClientReply:client-B2F93226DCBB->056ae293-26b5-4d67-bc5d-e905a6760a80@group-50E32BB97A46, cid=2889, SUCCESS, logIndex=4334, commits[056ae293-26b5-4d67-bc5d-e905a6760a80:c4334, a428730f-9893-43cb-a585-e65a7e8859c8:c4332, 994b73f6-7725-4304-b3a4-4941318c1d6c:c4332]
2019-07-08 19:53:31,540 INFO  client.GrpcClientProtocolClient (GrpcClientProtocolClient.java:onNext(255)) - client-B2F93226DCBB->056ae293-26b5-4d67-bc5d-e905a6760a80: receive RaftClientReply:client-B2F93226DCBB->056ae293-26b5-4d67-bc5d-e905a6760a80@group-50E32BB97A46, cid=2890, SUCCESS, logIndex=4337, commits[056ae293-26b5-4d67-bc5d-e905a6760a80:c4338, a428730f-9893-43cb-a585-e65a7e8859c8:c4334, 994b73f6-7725-4304-b3a4-4941318c1d6c:c4334]
2019-07-08 19:53:31,541 INFO  client.GrpcClientProtocolClient (GrpcClientProtocolClient.java:onNext(255)) - client-B2F93226DCBB->056ae293-26b5-4d67-bc5d-e905a6760a80: receive RaftClientReply:client-B2F93226DCBB->056ae293-26b5-4d67-bc5d-e905a6760a80@group-50E32BB97A46, cid=2891, SUCCESS, logIndex=4338, commits[056ae293-26b5-4d67-bc5d-e905a6760a80:c4338, a428730f-9893-43cb-a585-e65a7e8859c8:c4334, 994b73f6-7725-4304-b3a4-4941318c1d6c:c4334]
2019-07-08 19:53:31,555 INFO  client.GrpcClientProtocolClient (GrpcClientProtocolClient.java:onNext(255)) - client-B2F93226DCBB->056ae293-26b5-4d67-bc5d-e905a6760a80: receive RaftClientReply:client-B2F93226DCBB->056ae293-26b5-4d67-bc5d-e905a6760a80@group-50E32BB97A46, cid=2892, SUCCESS, logIndex=0, commits[056ae293-26b5-4d67-bc5d-e905a6760a80:c4340, a428730f-9893-43cb-a585-e65a7e8859c8:c4338, 994b73f6-7725-4304-b3a4-4941318c1d6c:c4338]
2019-07-08 19:53:31,588 INFO  client.GrpcClientProtocolClient (GrpcClientProtocolClient.java:onNext(255)) - client-B2F93226DCBB->056ae293-26b5-4d67-bc5d-e905a6760a80: receive RaftClientReply:client-B2F93226DCBB->056ae293-26b5-4d67-bc5d-e905a6760a80@group-50E32BB97A46, cid=2893, SUCCESS, logIndex=4341, commits[056ae293-26b5-4d67-bc5d-e905a6760a80:c4342, a428730f-9893-43cb-a585-e65a7e8859c8:c4340, 994b73f6-7725-4304-b3a4-4941318c1d6c:c4340]
2019-07-08 19:53:31,589 INFO  client.GrpcClientProtocolClient (GrpcClientProtocolClient.java:onNext(255)) - client-B2F93226DCBB->056ae293-26b5-4d67-bc5d-e905a6760a80: receive RaftClientReply:client-B2F93226DCBB->056ae293-26b5-4d67-bc5d-e905a6760a80@group-50E32BB97A46, cid=2894, SUCCESS, logIndex=4342, commits[056ae293-26b5-4d67-bc5d-e905a6760a80:c4342, a428730f-9893-43cb-a585-e65a7e8859c8:c4340, 994b73f6-7725-4304-b3a4-4941318c1d6c:c4340]
2019-07-08 19:53:31,599 INFO  client.GrpcClientProtocolClient (GrpcClientProtocolClient.java:onNext(255)) - client-B2F93226DCBB->056ae293-26b5-4d67-bc5d-e905a6760a80: receive RaftClientReply:client-B2F93226DCBB->056ae293-26b5-4d67-bc5d-e905a6760a80@group-50E32BB97A46, cid=2895, SUCCESS, logIndex=4343, commits[056ae293-26b5-4d67-bc5d-e905a6760a80:c4344, a428730f-9893-43cb-a585-e65a7e8859c8:c4340, 994b73f6-7725-4304-b3a4-4941318c1d6c:c4340]
2019-07-08 19:53:31,600 INFO  client.GrpcClientProtocolClient (GrpcClientProtocolClient.java:onNext(255)) - client-B2F93226DCBB->056ae293-26b5-4d67-bc5d-e905a6760a80: receive RaftClientReply:client-B2F93226DCBB->056ae293-26b5-4d67-bc5d-e905a6760a80@group-50E32BB97A46, cid=2896, SUCCESS, logIndex=4344, commits[056ae293-26b5-4d67-bc5d-e905a6760a80:c4344, a428730f-9893-43cb-a585-e65a7e8859c8:c4340, 994b73f6-7725-4304-b3a4-4941318c1d6c:c4340]
2019-07-08 19:53:31,602 INFO  client.GrpcClientProtocolClient (GrpcClientProtocolClient.java:onNext(255)) - client-B2F93226DCBB->056ae293-26b5-4d67-bc5d-e905a6760a80: receive RaftClientReply:client-B2F93226DCBB->056ae293-26b5-4d67-bc5d-e905a6760a80@group-50E32BB97A46, cid=2897, SUCCESS, logIndex=0, commits[056ae293-26b5-4d67-bc5d-e905a6760a80:c4346, a428730f-9893-43cb-a585-e65a7e8859c8:c4342, 994b73f6-7725-4304-b3a4-4941318c1d6c:c4342]
2019-07-08 19:53:31,616 INFO  client.GrpcClientProtocolClient (GrpcClientProtocolClient.java:onNext(255)) - client-B2F93226DCBB->056ae293-26b5-4d67-bc5d-e905a6760a80: receive RaftClientReply:client-B2F93226DCBB->056ae293-26b5-4d67-bc5d-e905a6760a80@group-50E32BB97A46, cid=2898, SUCCESS, logIndex=4349, commits[056ae293-26b5-4d67-bc5d-e905a6760a80:c4350, a428730f-9893-43cb-a585-e65a7e8859c8:c4346, 994b73f6-7725-4304-b3a4-4941318c1d6c:c4344]
2019-07-08 19:53:31,617 INFO  client.GrpcClientProtocolClient (GrpcClientProtocolClient.java:onNext(255)) - client-B2F93226DCBB->056ae293-26b5-4d67-bc5d-e905a6760a80: receive RaftClientReply:client-B2F93226DCBB->056ae293-26b5-4d67-bc5d-e905a6760a80@group-50E32BB97A46, cid=2899, SUCCESS, logIndex=4350, commits[056ae293-26b5-4d67-bc5d-e905a6760a80:c4350, a428730f-9893-43cb-a585-e65a7e8859c8:c4346, 994b73f6-7725-4304-b3a4-4941318c1d6c:c4346]
2019-07-08 19:53:31,643 INFO  client.GrpcClientProtocolClient (GrpcClientProtocolClient.java:onNext(255)) - client-B2F93226DCBB->056ae293-26b5-4d67-bc5d-e905a6760a80: receive RaftClientReply:client-B2F93226DCBB->056ae293-26b5-4d67-bc5d-e905a6760a80@group-50E32BB97A46, cid=2900, SUCCESS, logIndex=4352, commits[056ae293-26b5-4d67-bc5d-e905a6760a80:c4353, a428730f-9893-43cb-a585-e65a7e8859c8:c4350, 994b73f6-7725-4304-b3a4-4941318c1d6c:c4350]
2019-07-08 19:53:31,643 INFO  client.GrpcClientProtocolClient (GrpcClientProtocolClient.java:onNext(255)) - client-B2F93226DCBB->056ae293-26b5-4d67-bc5d-e905a6760a80: receive RaftClientReply:client-B2F93226DCBB->056ae293-26b5-4d67-bc5d-e905a6760a80@group-50E32BB97A46, cid=2901, SUCCESS, logIndex=4353, commits[056ae293-26b5-4d67-bc5d-e905a6760a80:c4353, a428730f-9893-43cb-a585-e65a7e8859c8:c4350, 994b73f6-7725-4304-b3a4-4941318c1d6c:c4350]
2019-07-08 19:53:31,645 INFO  client.GrpcClientProtocolClient (GrpcClientProtocolClient.java:onNext(255)) - client-B2F93226DCBB->056ae293-26b5-4d67-bc5d-e905a6760a80: receive RaftClientReply:client-B2F93226DCBB->056ae293-26b5-4d67-bc5d-e905a6760a80@group-50E32BB97A46, cid=2902, SUCCESS, logIndex=0, commits[056ae293-26b5-4d67-bc5d-e905a6760a80:c4354, a428730f-9893-43cb-a585-e65a7e8859c8:c4353, 994b73f6-7725-4304-b3a4-4941318c1d6c:c4353]
2019-07-08 19:53:31,671 INFO  client.GrpcClientProtocolClient (GrpcClientProtocolClient.java:onNext(255)) - client-B2F93226DCBB->056ae293-26b5-4d67-bc5d-e905a6760a80: receive RaftClientReply:client-B2F93226DCBB->056ae293-26b5-4d67-bc5d-e905a6760a80@group-50E32BB97A46, cid=2903, SUCCESS, logIndex=4356, commits[056ae293-26b5-4d67-bc5d-e905a6760a80:c4357, a428730f-9893-43cb-a585-e65a7e8859c8:c4355, 994b73f6-7725-4304-b3a4-4941318c1d6c:c4355]
2019-07-08 19:53:31,671 INFO  client.GrpcClientProtocolClient (GrpcClientProtocolClient.java:onNext(255)) - client-B2F93226DCBB->056ae293-26b5-4d67-bc5d-e905a6760a80: receive RaftClientReply:client-B2F93226DCBB->056ae293-26b5-4d67-bc5d-e905a6760a80@group-50E32BB97A46, cid=2904, SUCCESS, logIndex=4357, commits[056ae293-26b5-4d67-bc5d-e905a6760a80:c4357, a428730f-9893-43cb-a585-e65a7e8859c8:c4355, 994b73f6-7725-4304-b3a4-4941318c1d6c:c4355]
2019-07-08 19:53:31,675 INFO  client.GrpcClientProtocolClient (GrpcClientProtocolClient.java:onNext(255)) - client-B2F93226DCBB->056ae293-26b5-4d67-bc5d-e905a6760a80: receive RaftClientReply:client-B2F93226DCBB->056ae293-26b5-4d67-bc5d-e905a6760a80@group-50E32BB97A46, cid=2905, SUCCESS, logIndex=4358, commits[056ae293-26b5-4d67-bc5d-e905a6760a80:c4359, a428730f-9893-43cb-a585-e65a7e8859c8:c4355, 994b73f6-7725-4304-b3a4-4941318c1d6c:c4355]
2019-07-08 19:53:31,675 INFO  client.GrpcClientProtocolClient (GrpcClientProtocolClient.java:onNext(255)) - client-B2F93226DCBB->056ae293-26b5-4d67-bc5d-e905a6760a80: receive RaftClientReply:client-B2F93226DCBB->056ae293-26b5-4d67-bc5d-e905a6760a80@group-50E32BB97A46, cid=2906, SUCCESS, logIndex=4359, commits[056ae293-26b5-4d67-bc5d-e905a6760a80:c4361, a428730f-9893-43cb-a585-e65a7e8859c8:c4356, 994b73f6-7725-4304-b3a4-4941318c1d6c:c4357]
2019-07-08 19:53:31,676 INFO  client.GrpcClientProtocolClient (GrpcClientProtocolClient.java:onNext(255)) - client-B2F93226DCBB->056ae293-26b5-4d67-bc5d-e905a6760a80: receive RaftClientReply:client-B2F93226DCBB->056ae293-26b5-4d67-bc5d-e905a6760a80@group-50E32BB97A46, cid=2907, SUCCESS, logIndex=0, commits[056ae293-26b5-4d67-bc5d-e905a6760a80:c4361, a428730f-9893-43cb-a585-e65a7e8859c8:c4357, 994b73f6-7725-4304-b3a4-4941318c1d6c:c4357]
2019-07-08 19:53:31,688 INFO  client.GrpcClientProtocolClient (GrpcClientProtocolClient.java:onNext(255)) - client-B2F93226DCBB->056ae293-26b5-4d67-bc5d-e905a6760a80: receive RaftClientReply:client-B2F93226DCBB->056ae293-26b5-4d67-bc5d-e905a6760a80@group-50E32BB97A46, cid=2908, SUCCESS, logIndex=4364, commits[056ae293-26b5-4d67-bc5d-e905a6760a80:c4365, a428730f-9893-43cb-a585-e65a7e8859c8:c4359, 994b73f6-7725-4304-b3a4-4941318c1d6c:c4363]
2019-07-08 19:53:31,689 INFO  client.GrpcClientProtocolClient (GrpcClientProtocolClient.java:onNext(255)) - client-B2F93226DCBB->056ae293-26b5-4d67-bc5d-e905a6760a80: receive RaftClientReply:client-B2F93226DCBB->056ae293-26b5-4d67-bc5d-e905a6760a80@group-50E32BB97A46, cid=2909, SUCCESS, logIndex=4365, commits[056ae293-26b5-4d67-bc5d-e905a6760a80:c4365, a428730f-9893-43cb-a585-e65a7e8859c8:c4363, 994b73f6-7725-4304-b3a4-4941318c1d6c:c4363]
2019-07-08 19:53:31,700 INFO  client.GrpcClientProtocolClient (GrpcClientProtocolClient.java:onNext(255)) - client-B2F93226DCBB->056ae293-26b5-4d67-bc5d-e905a6760a80: receive RaftClientReply:client-B2F93226DCBB->056ae293-26b5-4d67-bc5d-e905a6760a80@group-50E32BB97A46, cid=2910, SUCCESS, logIndex=4368, commits[056ae293-26b5-4d67-bc5d-e905a6760a80:c4369, a428730f-9893-43cb-a585-e65a7e8859c8:c4367, 994b73f6-7725-4304-b3a4-4941318c1d6c:c4367]
2019-07-08 19:53:31,700 INFO  client.GrpcClientProtocolClient (GrpcClientProtocolClient.java:onNext(255)) - client-B2F93226DCBB->056ae293-26b5-4d67-bc5d-e905a6760a80: receive RaftClientReply:client-B2F93226DCBB->056ae293-26b5-4d67-bc5d-e905a6760a80@group-50E32BB97A46, cid=2911, SUCCESS, logIndex=4369, commits[056ae293-26b5-4d67-bc5d-e905a6760a80:c4369, a428730f-9893-43cb-a585-e65a7e8859c8:c4367, 994b73f6-7725-4304-b3a4-4941318c1d6c:c4367]
2019-07-08 19:53:31,703 INFO  client.GrpcClientProtocolClient (GrpcClientProtocolClient.java:onNext(255)) - client-B2F93226DCBB->056ae293-26b5-4d67-bc5d-e905a6760a80: receive RaftClientReply:client-B2F93226DCBB->056ae293-26b5-4d67-bc5d-e905a6760a80@group-50E32BB97A46, cid=2912, SUCCESS, logIndex=0, commits[056ae293-26b5-4d67-bc5d-e905a6760a80:c4370, a428730f-9893-43cb-a585-e65a7e8859c8:c4369, 994b73f6-7725-4304-b3a4-4941318c1d6c:c4369]
2019-07-08 19:53:31,724 INFO  client.GrpcClientProtocolClient (GrpcClientProtocolClient.java:onNext(255)) - client-B2F93226DCBB->056ae293-26b5-4d67-bc5d-e905a6760a80: receive RaftClientReply:client-B2F93226DCBB->056ae293-26b5-4d67-bc5d-e905a6760a80@group-50E32BB97A46, cid=2913, SUCCESS, logIndex=4372, commits[056ae293-26b5-4d67-bc5d-e905a6760a80:c4373, a428730f-9893-43cb-a585-e65a7e8859c8:c4371, 994b73f6-7725-4304-b3a4-4941318c1d6c:c4371]
2019-07-08 19:53:31,724 INFO  client.GrpcClientProtocolClient (GrpcClientProtocolClient.java:onNext(255)) - client-B2F93226DCBB->056ae293-26b5-4d67-bc5d-e905a6760a80: receive RaftClientReply:client-B2F93226DCBB->056ae293-26b5-4d67-bc5d-e905a6760a80@group-50E32BB97A46, cid=2914, SUCCESS, logIndex=4373, commits[056ae293-26b5-4d67-bc5d-e905a6760a80:c4373, a428730f-9893-43cb-a585-e65a7e8859c8:c4371, 994b73f6-7725-4304-b3a4-4941318c1d6c:c4371]
2019-07-08 19:53:31,725 INFO  client.GrpcClientProtocolClient (GrpcClientProtocolClient.java:onNext(255)) - client-B2F93226DCBB->056ae293-26b5-4d67-bc5d-e905a6760a80: receive RaftClientReply:client-B2F93226DCBB->056ae293-26b5-4d67-bc5d-e905a6760a80@group-50E32BB97A46, cid=2915, SUCCESS, logIndex=4374, commits[056ae293-26b5-4d67-bc5d-e905a6760a80:c4375, a428730f-9893-43cb-a585-e65a7e8859c8:c4371, 994b73f6-7725-4304-b3a4-4941318c1d6c:c4371]
2019-07-08 19:53:31,725 INFO  client.GrpcClientProtocolClient (GrpcClientProtocolClient.java:onNext(255)) - client-B2F93226DCBB->056ae293-26b5-4d67-bc5d-e905a6760a80: receive RaftClientReply:client-B2F93226DCBB->056ae293-26b5-4d67-bc5d-e905a6760a80@group-50E32BB97A46, cid=2916, SUCCESS, logIndex=4375, commits[056ae293-26b5-4d67-bc5d-e905a6760a80:c4376, a428730f-9893-43cb-a585-e65a7e8859c8:c4371, 994b73f6-7725-4304-b3a4-4941318c1d6c:c4373]
2019-07-08 19:53:31,728 INFO  client.GrpcClientProtocolClient (GrpcClientProtocolClient.java:onNext(255)) - client-B2F93226DCBB->056ae293-26b5-4d67-bc5d-e905a6760a80: receive RaftClientReply:client-B2F93226DCBB->056ae293-26b5-4d67-bc5d-e905a6760a80@group-50E32BB97A46, cid=2917, SUCCESS, logIndex=0, commits[056ae293-26b5-4d67-bc5d-e905a6760a80:c4377, a428730f-9893-43cb-a585-e65a7e8859c8:c4373, 994b73f6-7725-4304-b3a4-4941318c1d6c:c4373]
2019-07-08 19:53:31,753 INFO  client.GrpcClientProtocolClient (GrpcClientProtocolClient.java:onNext(255)) - client-B2F93226DCBB->056ae293-26b5-4d67-bc5d-e905a6760a80: receive RaftClientReply:client-B2F93226DCBB->056ae293-26b5-4d67-bc5d-e905a6760a80@group-50E32BB97A46, cid=2918, SUCCESS, logIndex=4379, commits[056ae293-26b5-4d67-bc5d-e905a6760a80:c4379, a428730f-9893-43cb-a585-e65a7e8859c8:c4378, 994b73f6-7725-4304-b3a4-4941318c1d6c:c4378]
2019-07-08 19:53:31,754 INFO  client.GrpcClientProtocolClient (GrpcClientProtocolClient.java:onNext(255)) - client-B2F93226DCBB->056ae293-26b5-4d67-bc5d-e905a6760a80: receive RaftClientReply:client-B2F93226DCBB->056ae293-26b5-4d67-bc5d-e905a6760a80@group-50E32BB97A46, cid=2919, SUCCESS, logIndex=4380, commits[056ae293-26b5-4d67-bc5d-e905a6760a80:c4380, a428730f-9893-43cb-a585-e65a7e8859c8:c4378, 994b73f6-7725-4304-b3a4-4941318c1d6c:c4378]
2019-07-08 19:53:31,768 INFO  client.GrpcClientProtocolClient (GrpcClientProtocolClient.java:onNext(255)) - client-B2F93226DCBB->056ae293-26b5-4d67-bc5d-e905a6760a80: receive RaftClientReply:client-B2F93226DCBB->056ae293-26b5-4d67-bc5d-e905a6760a80@group-50E32BB97A46, cid=2920, SUCCESS, logIndex=4383, commits[056ae293-26b5-4d67-bc5d-e905a6760a80:c4384, a428730f-9893-43cb-a585-e65a7e8859c8:c4380, 994b73f6-7725-4304-b3a4-4941318c1d6c:c4380]
2019-07-08 19:53:31,768 INFO  client.GrpcClientProtocolClient (GrpcClientProtocolClient.java:onNext(255)) - client-B2F93226DCBB->056ae293-26b5-4d67-bc5d-e905a6760a80: receive RaftClientReply:client-B2F93226DCBB->056ae293-26b5-4d67-bc5d-e905a6760a80@group-50E32BB97A46, cid=2921, SUCCESS, logIndex=4384, commits[056ae293-26b5-4d67-bc5d-e905a6760a80:c4384, a428730f-9893-43cb-a585-e65a7e8859c8:c4380, 994b73f6-7725-4304-b3a4-4941318c1d6c:c4380]
2019-07-08 19:53:31,793 INFO  client.GrpcClientProtocolClient (GrpcClientProtocolClient.java:onNext(255)) - client-B2F93226DCBB->056ae293-26b5-4d67-bc5d-e905a6760a80: receive RaftClientReply:client-B2F93226DCBB->056ae293-26b5-4d67-bc5d-e905a6760a80@group-50E32BB97A46, cid=2922, SUCCESS, logIndex=0, commits[056ae293-26b5-4d67-bc5d-e905a6760a80:c4385, a428730f-9893-43cb-a585-e65a7e8859c8:c4384, 994b73f6-7725-4304-b3a4-4941318c1d6c:c4384]
2019-07-08 19:53:31,821 INFO  client.GrpcClientProtocolClient (GrpcClientProtocolClient.java:onNext(255)) - client-B2F93226DCBB->056ae293-26b5-4d67-bc5d-e905a6760a80: receive RaftClientReply:client-B2F93226DCBB->056ae293-26b5-4d67-bc5d-e905a6760a80@group-50E32BB97A46, cid=2923, SUCCESS, logIndex=4387, commits[056ae293-26b5-4d67-bc5d-e905a6760a80:c4388, a428730f-9893-43cb-a585-e65a7e8859c8:c4386, 994b73f6-7725-4304-b3a4-4941318c1d6c:c4386]
2019-07-08 19:53:31,822 INFO  client.GrpcClientProtocolClient (GrpcClientProtocolClient.java:onNext(255)) - client-B2F93226DCBB->056ae293-26b5-4d67-bc5d-e905a6760a80: receive RaftClientReply:client-B2F93226DCBB->056ae293-26b5-4d67-bc5d-e905a6760a80@group-50E32BB97A46, cid=2924, SUCCESS, logIndex=4388, commits[056ae293-26b5-4d67-bc5d-e905a6760a80:c4388, a428730f-9893-43cb-a585-e65a7e8859c8:c4386, 994b73f6-7725-4304-b3a4-4941318c1d6c:c4386]
2019-07-08 19:53:31,822 INFO  client.GrpcClientProtocolClient (GrpcClientProtocolClient.java:onNext(255)) - client-B2F93226DCBB->056ae293-26b5-4d67-bc5d-e905a6760a80: receive RaftClientReply:client-B2F93226DCBB->056ae293-26b5-4d67-bc5d-e905a6760a80@group-50E32BB97A46, cid=2925, SUCCESS, logIndex=4389, commits[056ae293-26b5-4d67-bc5d-e905a6760a80:c4390, a428730f-9893-43cb-a585-e65a7e8859c8:c4386, 994b73f6-7725-4304-b3a4-4941318c1d6c:c4386]
2019-07-08 19:53:31,822 INFO  client.GrpcClientProtocolClient (GrpcClientProtocolClient.java:onNext(255)) - client-B2F93226DCBB->056ae293-26b5-4d67-bc5d-e905a6760a80: receive RaftClientReply:client-B2F93226DCBB->056ae293-26b5-4d67-bc5d-e905a6760a80@group-50E32BB97A46, cid=2926, SUCCESS, logIndex=4390, commits[056ae293-26b5-4d67-bc5d-e905a6760a80:c4390, a428730f-9893-43cb-a585-e65a7e8859c8:c4386, 994b73f6-7725-4304-b3a4-4941318c1d6c:c4386]
2019-07-08 19:53:31,835 INFO  client.GrpcClientProtocolClient (GrpcClientProtocolClient.java:onNext(255)) - client-B2F93226DCBB->056ae293-26b5-4d67-bc5d-e905a6760a80: receive RaftClientReply:client-B2F93226DCBB->056ae293-26b5-4d67-bc5d-e905a6760a80@group-50E32BB97A46, cid=2927, SUCCESS, logIndex=0, commits[056ae293-26b5-4d67-bc5d-e905a6760a80:c4392, a428730f-9893-43cb-a585-e65a7e8859c8:c4388, 994b73f6-7725-4304-b3a4-4941318c1d6c:c4388]
2019-07-08 19:53:31,856 INFO  client.GrpcClientProtocolClient (GrpcClientProtocolClient.java:onNext(255)) - client-B2F93226DCBB->056ae293-26b5-4d67-bc5d-e905a6760a80: receive RaftClientReply:client-B2F93226DCBB->056ae293-26b5-4d67-bc5d-e905a6760a80@group-50E32BB97A46, cid=2928, SUCCESS, logIndex=4395, commits[056ae293-26b5-4d67-bc5d-e905a6760a80:c4396, a428730f-9893-43cb-a585-e65a7e8859c8:c4394, 994b73f6-7725-4304-b3a4-4941318c1d6c:c4394]
2019-07-08 19:53:31,856 INFO  client.GrpcClientProtocolClient (GrpcClientProtocolClient.java:onNext(255)) - client-B2F93226DCBB->056ae293-26b5-4d67-bc5d-e905a6760a80: receive RaftClientReply:client-B2F93226DCBB->056ae293-26b5-4d67-bc5d-e905a6760a80@group-50E32BB97A46, cid=2929, SUCCESS, logIndex=4396, commits[056ae293-26b5-4d67-bc5d-e905a6760a80:c4396, a428730f-9893-43cb-a585-e65a7e8859c8:c4394, 994b73f6-7725-4304-b3a4-4941318c1d6c:c4394]
2019-07-08 19:53:31,882 INFO  client.GrpcClientProtocolClient (GrpcClientProtocolClient.java:onNext(255)) - client-B2F93226DCBB->056ae293-26b5-4d67-bc5d-e905a6760a80: receive RaftClientReply:client-B2F93226DCBB->056ae293-26b5-4d67-bc5d-e905a6760a80@group-50E32BB97A46, cid=2930, SUCCESS, logIndex=4399, commits[056ae293-26b5-4d67-bc5d-e905a6760a80:c4400, a428730f-9893-43cb-a585-e65a7e8859c8:c4396, 994b73f6-7725-4304-b3a4-4941318c1d6c:c4396]
2019-07-08 19:53:31,882 INFO  client.GrpcClientProtocolClient (GrpcClientProtocolClient.java:onNext(255)) - client-B2F93226DCBB->056ae293-26b5-4d67-bc5d-e905a6760a80: receive RaftClientReply:client-B2F93226DCBB->056ae293-26b5-4d67-bc5d-e905a6760a80@group-50E32BB97A46, cid=2931, SUCCESS, logIndex=4400, commits[056ae293-26b5-4d67-bc5d-e905a6760a80:c4400, a428730f-9893-43cb-a585-e65a7e8859c8:c4396, 994b73f6-7725-4304-b3a4-4941318c1d6c:c4396]
2019-07-08 19:53:31,908 INFO  client.GrpcClientProtocolClient (GrpcClientProtocolClient.java:onNext(255)) - client-B2F93226DCBB->056ae293-26b5-4d67-bc5d-e905a6760a80: receive RaftClientReply:client-B2F93226DCBB->056ae293-26b5-4d67-bc5d-e905a6760a80@group-50E32BB97A46, cid=2932, SUCCESS, logIndex=0, commits[056ae293-26b5-4d67-bc5d-e905a6760a80:c4402, a428730f-9893-43cb-a585-e65a7e8859c8:c4400, 994b73f6-7725-4304-b3a4-4941318c1d6c:c4400]
2019-07-08 19:53:31,940 INFO  client.GrpcClientProtocolClient (GrpcClientProtocolClient.java:onNext(255)) - client-B2F93226DCBB->056ae293-26b5-4d67-bc5d-e905a6760a80: receive RaftClientReply:client-B2F93226DCBB->056ae293-26b5-4d67-bc5d-e905a6760a80@group-50E32BB97A46, cid=2933, SUCCESS, logIndex=4403, commits[056ae293-26b5-4d67-bc5d-e905a6760a80:c4404, a428730f-9893-43cb-a585-e65a7e8859c8:c4402, 994b73f6-7725-4304-b3a4-4941318c1d6c:c4402]
2019-07-08 19:53:31,941 INFO  client.GrpcClientProtocolClient (GrpcClientProtocolClient.java:onNext(255)) - client-B2F93226DCBB->056ae293-26b5-4d67-bc5d-e905a6760a80: receive RaftClientReply:client-B2F93226DCBB->056ae293-26b5-4d67-bc5d-e905a6760a80@group-50E32BB97A46, cid=2934, SUCCESS, logIndex=4404, commits[056ae293-26b5-4d67-bc5d-e905a6760a80:c4404, a428730f-9893-43cb-a585-e65a7e8859c8:c4402, 994b73f6-7725-4304-b3a4-4941318c1d6c:c4402]
2019-07-08 19:53:31,951 INFO  client.GrpcClientProtocolClient (GrpcClientProtocolClient.java:onNext(255)) - client-B2F93226DCBB->056ae293-26b5-4d67-bc5d-e905a6760a80: receive RaftClientReply:client-B2F93226DCBB->056ae293-26b5-4d67-bc5d-e905a6760a80@group-50E32BB97A46, cid=2935, SUCCESS, logIndex=4405, commits[056ae293-26b5-4d67-bc5d-e905a6760a80:c4406, a428730f-9893-43cb-a585-e65a7e8859c8:c4402, 994b73f6-7725-4304-b3a4-4941318c1d6c:c4402]
2019-07-08 19:53:31,951 INFO  client.GrpcClientProtocolClient (GrpcClientProtocolClient.java:onNext(255)) - client-B2F93226DCBB->056ae293-26b5-4d67-bc5d-e905a6760a80: receive RaftClientReply:client-B2F93226DCBB->056ae293-26b5-4d67-bc5d-e905a6760a80@group-50E32BB97A46, cid=2936, SUCCESS, logIndex=4406, commits[056ae293-26b5-4d67-bc5d-e905a6760a80:c4406, a428730f-9893-43cb-a585-e65a7e8859c8:c4402, 994b73f6-7725-4304-b3a4-4941318c1d6c:c4402]
2019-07-08 19:53:31,954 INFO  client.GrpcClientProtocolClient (GrpcClientProtocolClient.java:onNext(255)) - client-B2F93226DCBB->056ae293-26b5-4d67-bc5d-e905a6760a80: receive RaftClientReply:client-B2F93226DCBB->056ae293-26b5-4d67-bc5d-e905a6760a80@group-50E32BB97A46, cid=2937, SUCCESS, logIndex=0, commits[056ae293-26b5-4d67-bc5d-e905a6760a80:c4408, a428730f-9893-43cb-a585-e65a7e8859c8:c4404, 994b73f6-7725-4304-b3a4-4941318c1d6c:c4404]
2019-07-08 19:53:31,966 INFO  client.GrpcClientProtocolClient (GrpcClientProtocolClient.java:onNext(255)) - client-B2F93226DCBB->056ae293-26b5-4d67-bc5d-e905a6760a80: receive RaftClientReply:client-B2F93226DCBB->056ae293-26b5-4d67-bc5d-e905a6760a80@group-50E32BB97A46, cid=2938, SUCCESS, logIndex=4411, commits[056ae293-26b5-4d67-bc5d-e905a6760a80:c4412, a428730f-9893-43cb-a585-e65a7e8859c8:c4406, 994b73f6-7725-4304-b3a4-4941318c1d6c:c4410]
2019-07-08 19:53:31,966 INFO  client.GrpcClientProtocolClient (GrpcClientProtocolClient.java:onNext(255)) - client-B2F93226DCBB->056ae293-26b5-4d67-bc5d-e905a6760a80: receive RaftClientReply:client-B2F93226DCBB->056ae293-26b5-4d67-bc5d-e905a6760a80@group-50E32BB97A46, cid=2939, SUCCESS, logIndex=4412, commits[056ae293-26b5-4d67-bc5d-e905a6760a80:c4412, a428730f-9893-43cb-a585-e65a7e8859c8:c4410, 994b73f6-7725-4304-b3a4-4941318c1d6c:c4410]
2019-07-08 19:53:31,995 INFO  client.GrpcClientProtocolClient (GrpcClientProtocolClient.java:onNext(255)) - client-B2F93226DCBB->056ae293-26b5-4d67-bc5d-e905a6760a80: receive RaftClientReply:client-B2F93226DCBB->056ae293-26b5-4d67-bc5d-e905a6760a80@group-50E32BB97A46, cid=2940, SUCCESS, logIndex=4415, commits[056ae293-26b5-4d67-bc5d-e905a6760a80:c4416, a428730f-9893-43cb-a585-e65a7e8859c8:c4413, 994b73f6-7725-4304-b3a4-4941318c1d6c:c4413]
2019-07-08 19:53:31,996 INFO  client.GrpcClientProtocolClient (GrpcClientProtocolClient.java:onNext(255)) - client-B2F93226DCBB->056ae293-26b5-4d67-bc5d-e905a6760a80: receive RaftClientReply:client-B2F93226DCBB->056ae293-26b5-4d67-bc5d-e905a6760a80@group-50E32BB97A46, cid=2941, SUCCESS, logIndex=4416, commits[056ae293-26b5-4d67-bc5d-e905a6760a80:c4416, a428730f-9893-43cb-a585-e65a7e8859c8:c4413, 994b73f6-7725-4304-b3a4-4941318c1d6c:c4413]
2019-07-08 19:53:32,022 INFO  client.GrpcClientProtocolClient (GrpcClientProtocolClient.java:onNext(255)) - client-B2F93226DCBB->056ae293-26b5-4d67-bc5d-e905a6760a80: receive RaftClientReply:client-B2F93226DCBB->056ae293-26b5-4d67-bc5d-e905a6760a80@group-50E32BB97A46, cid=2942, SUCCESS, logIndex=0, commits[056ae293-26b5-4d67-bc5d-e905a6760a80:c4418, a428730f-9893-43cb-a585-e65a7e8859c8:c4416, 994b73f6-7725-4304-b3a4-4941318c1d6c:c4416]
2019-07-08 19:53:32,056 INFO  client.GrpcClientProtocolClient (GrpcClientProtocolClient.java:onNext(255)) - client-B2F93226DCBB->056ae293-26b5-4d67-bc5d-e905a6760a80: receive RaftClientReply:client-B2F93226DCBB->056ae293-26b5-4d67-bc5d-e905a6760a80@group-50E32BB97A46, cid=2943, SUCCESS, logIndex=4419, commits[056ae293-26b5-4d67-bc5d-e905a6760a80:c4420, a428730f-9893-43cb-a585-e65a7e8859c8:c4418, 994b73f6-7725-4304-b3a4-4941318c1d6c:c4418]
2019-07-08 19:53:32,056 INFO  client.GrpcClientProtocolClient (GrpcClientProtocolClient.java:onNext(255)) - client-B2F93226DCBB->056ae293-26b5-4d67-bc5d-e905a6760a80: receive RaftClientReply:client-B2F93226DCBB->056ae293-26b5-4d67-bc5d-e905a6760a80@group-50E32BB97A46, cid=2944, SUCCESS, logIndex=4420, commits[056ae293-26b5-4d67-bc5d-e905a6760a80:c4421, a428730f-9893-43cb-a585-e65a7e8859c8:c4418, 994b73f6-7725-4304-b3a4-4941318c1d6c:c4418]
2019-07-08 19:53:32,057 INFO  client.GrpcClientProtocolClient (GrpcClientProtocolClient.java:onNext(255)) - client-B2F93226DCBB->056ae293-26b5-4d67-bc5d-e905a6760a80: receive RaftClientReply:client-B2F93226DCBB->056ae293-26b5-4d67-bc5d-e905a6760a80@group-50E32BB97A46, cid=2945, SUCCESS, logIndex=4421, commits[056ae293-26b5-4d67-bc5d-e905a6760a80:c4422, a428730f-9893-43cb-a585-e65a7e8859c8:c4418, 994b73f6-7725-4304-b3a4-4941318c1d6c:c4418]
2019-07-08 19:53:32,057 INFO  client.GrpcClientProtocolClient (GrpcClientProtocolClient.java:onNext(255)) - client-B2F93226DCBB->056ae293-26b5-4d67-bc5d-e905a6760a80: receive RaftClientReply:client-B2F93226DCBB->056ae293-26b5-4d67-bc5d-e905a6760a80@group-50E32BB97A46, cid=2946, SUCCESS, logIndex=4422, commits[056ae293-26b5-4d67-bc5d-e905a6760a80:c4422, a428730f-9893-43cb-a585-e65a7e8859c8:c4418, 994b73f6-7725-4304-b3a4-4941318c1d6c:c4418]
2019-07-08 19:53:32,072 INFO  client.GrpcClientProtocolClient (GrpcClientProtocolClient.java:onNext(255)) - client-B2F93226DCBB->056ae293-26b5-4d67-bc5d-e905a6760a80: receive RaftClientReply:client-B2F93226DCBB->056ae293-26b5-4d67-bc5d-e905a6760a80@group-50E32BB97A46, cid=2947, SUCCESS, logIndex=0, commits[056ae293-26b5-4d67-bc5d-e905a6760a80:c4424, a428730f-9893-43cb-a585-e65a7e8859c8:c4420, 994b73f6-7725-4304-b3a4-4941318c1d6c:c4420]
2019-07-08 19:53:32,196 INFO  client.GrpcClientProtocolClient (GrpcClientProtocolClient.java:onNext(255)) - client-B2F93226DCBB->056ae293-26b5-4d67-bc5d-e905a6760a80: receive RaftClientReply:client-B2F93226DCBB->056ae293-26b5-4d67-bc5d-e905a6760a80@group-50E32BB97A46, cid=2948, SUCCESS, logIndex=4427, commits[056ae293-26b5-4d67-bc5d-e905a6760a80:c4428, a428730f-9893-43cb-a585-e65a7e8859c8:c4422, 994b73f6-7725-4304-b3a4-4941318c1d6c:c4426]
2019-07-08 19:53:32,197 INFO  client.GrpcClientProtocolClient (GrpcClientProtocolClient.java:onNext(255)) - client-B2F93226DCBB->056ae293-26b5-4d67-bc5d-e905a6760a80: receive RaftClientReply:client-B2F93226DCBB->056ae293-26b5-4d67-bc5d-e905a6760a80@group-50E32BB97A46, cid=2949, SUCCESS, logIndex=4428, commits[056ae293-26b5-4d67-bc5d-e905a6760a80:c4428, a428730f-9893-43cb-a585-e65a7e8859c8:c4426, 994b73f6-7725-4304-b3a4-4941318c1d6c:c4426]
2019-07-08 19:53:32,223 INFO  client.GrpcClientProtocolClient (GrpcClientProtocolClient.java:onNext(255)) - client-B2F93226DCBB->056ae293-26b5-4d67-bc5d-e905a6760a80: receive RaftClientReply:client-B2F93226DCBB->056ae293-26b5-4d67-bc5d-e905a6760a80@group-50E32BB97A46, cid=2950, SUCCESS, logIndex=4431, commits[056ae293-26b5-4d67-bc5d-e905a6760a80:c4432, a428730f-9893-43cb-a585-e65a7e8859c8:c4428, 994b73f6-7725-4304-b3a4-4941318c1d6c:c4428]
2019-07-08 19:53:32,223 INFO  client.GrpcClientProtocolClient (GrpcClientProtocolClient.java:onNext(255)) - client-B2F93226DCBB->056ae293-26b5-4d67-bc5d-e905a6760a80: receive RaftClientReply:client-B2F93226DCBB->056ae293-26b5-4d67-bc5d-e905a6760a80@group-50E32BB97A46, cid=2951, SUCCESS, logIndex=4432, commits[056ae293-26b5-4d67-bc5d-e905a6760a80:c4432, a428730f-9893-43cb-a585-e65a7e8859c8:c4428, 994b73f6-7725-4304-b3a4-4941318c1d6c:c4428]
2019-07-08 19:53:32,249 INFO  client.GrpcClientProtocolClient (GrpcClientProtocolClient.java:onNext(255)) - client-B2F93226DCBB->056ae293-26b5-4d67-bc5d-e905a6760a80: receive RaftClientReply:client-B2F93226DCBB->056ae293-26b5-4d67-bc5d-e905a6760a80@group-50E32BB97A46, cid=2952, SUCCESS, logIndex=0, commits[056ae293-26b5-4d67-bc5d-e905a6760a80:c4434, a428730f-9893-43cb-a585-e65a7e8859c8:c4432, 994b73f6-7725-4304-b3a4-4941318c1d6c:c4432]
2019-07-08 19:53:32,284 INFO  client.GrpcClientProtocolClient (GrpcClientProtocolClient.java:onNext(255)) - client-B2F93226DCBB->056ae293-26b5-4d67-bc5d-e905a6760a80: receive RaftClientReply:client-B2F93226DCBB->056ae293-26b5-4d67-bc5d-e905a6760a80@group-50E32BB97A46, cid=2953, SUCCESS, logIndex=4435, commits[056ae293-26b5-4d67-bc5d-e905a6760a80:c4436, a428730f-9893-43cb-a585-e65a7e8859c8:c4434, 994b73f6-7725-4304-b3a4-4941318c1d6c:c4434]
2019-07-08 19:53:32,285 INFO  client.GrpcClientProtocolClient (GrpcClientProtocolClient.java:onNext(255)) - client-B2F93226DCBB->056ae293-26b5-4d67-bc5d-e905a6760a80: receive RaftClientReply:client-B2F93226DCBB->056ae293-26b5-4d67-bc5d-e905a6760a80@group-50E32BB97A46, cid=2954, SUCCESS, logIndex=4436, commits[056ae293-26b5-4d67-bc5d-e905a6760a80:c4436, a428730f-9893-43cb-a585-e65a7e8859c8:c4434, 994b73f6-7725-4304-b3a4-4941318c1d6c:c4434]
2019-07-08 19:53:32,295 INFO  client.GrpcClientProtocolClient (GrpcClientProtocolClient.java:onNext(255)) - client-B2F93226DCBB->056ae293-26b5-4d67-bc5d-e905a6760a80: receive RaftClientReply:client-B2F93226DCBB->056ae293-26b5-4d67-bc5d-e905a6760a80@group-50E32BB97A46, cid=2955, SUCCESS, logIndex=4437, commits[056ae293-26b5-4d67-bc5d-e905a6760a80:c4438, a428730f-9893-43cb-a585-e65a7e8859c8:c4434, 994b73f6-7725-4304-b3a4-4941318c1d6c:c4434]
2019-07-08 19:53:32,296 INFO  client.GrpcClientProtocolClient (GrpcClientProtocolClient.java:onNext(255)) - client-B2F93226DCBB->056ae293-26b5-4d67-bc5d-e905a6760a80: receive RaftClientReply:client-B2F93226DCBB->056ae293-26b5-4d67-bc5d-e905a6760a80@group-50E32BB97A46, cid=2956, SUCCESS, logIndex=4438, commits[056ae293-26b5-4d67-bc5d-e905a6760a80:c4438, a428730f-9893-43cb-a585-e65a7e8859c8:c4434, 994b73f6-7725-4304-b3a4-4941318c1d6c:c4434]
2019-07-08 19:53:32,299 INFO  client.GrpcClientProtocolClient (GrpcClientProtocolClient.java:onNext(255)) - client-B2F93226DCBB->056ae293-26b5-4d67-bc5d-e905a6760a80: receive RaftClientReply:client-B2F93226DCBB->056ae293-26b5-4d67-bc5d-e905a6760a80@group-50E32BB97A46, cid=2957, SUCCESS, logIndex=0, commits[056ae293-26b5-4d67-bc5d-e905a6760a80:c4440, a428730f-9893-43cb-a585-e65a7e8859c8:c4436, 994b73f6-7725-4304-b3a4-4941318c1d6c:c4436]
2019-07-08 19:53:32,348 INFO  client.GrpcClientProtocolClient (GrpcClientProtocolClient.java:onNext(255)) - client-B2F93226DCBB->056ae293-26b5-4d67-bc5d-e905a6760a80: receive RaftClientReply:client-B2F93226DCBB->056ae293-26b5-4d67-bc5d-e905a6760a80@group-50E32BB97A46, cid=2958, SUCCESS, logIndex=4443, commits[056ae293-26b5-4d67-bc5d-e905a6760a80:c4444, a428730f-9893-43cb-a585-e65a7e8859c8:c4440, 994b73f6-7725-4304-b3a4-4941318c1d6c:c4440]
2019-07-08 19:53:32,348 INFO  client.GrpcClientProtocolClient (GrpcClientProtocolClient.java:onNext(255)) - client-B2F93226DCBB->056ae293-26b5-4d67-bc5d-e905a6760a80: receive RaftClientReply:client-B2F93226DCBB->056ae293-26b5-4d67-bc5d-e905a6760a80@group-50E32BB97A46, cid=2959, SUCCESS, logIndex=4444, commits[056ae293-26b5-4d67-bc5d-e905a6760a80:c4444, a428730f-9893-43cb-a585-e65a7e8859c8:c4440, 994b73f6-7725-4304-b3a4-4941318c1d6c:c4440]
2019-07-08 19:53:32,375 INFO  client.GrpcClientProtocolClient (GrpcClientProtocolClient.java:onNext(255)) - client-B2F93226DCBB->056ae293-26b5-4d67-bc5d-e905a6760a80: receive RaftClientReply:client-B2F93226DCBB->056ae293-26b5-4d67-bc5d-e905a6760a80@group-50E32BB97A46, cid=2960, SUCCESS, logIndex=4447, commits[056ae293-26b5-4d67-bc5d-e905a6760a80:c4448, a428730f-9893-43cb-a585-e65a7e8859c8:c4444, 994b73f6-7725-4304-b3a4-4941318c1d6c:c4444]
2019-07-08 19:53:32,375 INFO  client.GrpcClientProtocolClient (GrpcClientProtocolClient.java:onNext(255)) - client-B2F93226DCBB->056ae293-26b5-4d67-bc5d-e905a6760a80: receive RaftClientReply:client-B2F93226DCBB->056ae293-26b5-4d67-bc5d-e905a6760a80@group-50E32BB97A46, cid=2961, SUCCESS, logIndex=4448, commits[056ae293-26b5-4d67-bc5d-e905a6760a80:c4448, a428730f-9893-43cb-a585-e65a7e8859c8:c4444, 994b73f6-7725-4304-b3a4-4941318c1d6c:c4444]
2019-07-08 19:53:32,400 INFO  client.GrpcClientProtocolClient (GrpcClientProtocolClient.java:onNext(255)) - client-B2F93226DCBB->056ae293-26b5-4d67-bc5d-e905a6760a80: receive RaftClientReply:client-B2F93226DCBB->056ae293-26b5-4d67-bc5d-e905a6760a80@group-50E32BB97A46, cid=2962, SUCCESS, logIndex=0, commits[056ae293-26b5-4d67-bc5d-e905a6760a80:c4450, a428730f-9893-43cb-a585-e65a7e8859c8:c4448, 994b73f6-7725-4304-b3a4-4941318c1d6c:c4448]
2019-07-08 19:53:32,426 INFO  client.GrpcClientProtocolClient (GrpcClientProtocolClient.java:onNext(255)) - client-B2F93226DCBB->056ae293-26b5-4d67-bc5d-e905a6760a80: receive RaftClientReply:client-B2F93226DCBB->056ae293-26b5-4d67-bc5d-e905a6760a80@group-50E32BB97A46, cid=2963, SUCCESS, logIndex=4451, commits[056ae293-26b5-4d67-bc5d-e905a6760a80:c4452, a428730f-9893-43cb-a585-e65a7e8859c8:c4448, 994b73f6-7725-4304-b3a4-4941318c1d6c:c4450]
2019-07-08 19:53:32,426 INFO  client.GrpcClientProtocolClient (GrpcClientProtocolClient.java:onNext(255)) - client-B2F93226DCBB->056ae293-26b5-4d67-bc5d-e905a6760a80: receive RaftClientReply:client-B2F93226DCBB->056ae293-26b5-4d67-bc5d-e905a6760a80@group-50E32BB97A46, cid=2964, SUCCESS, logIndex=4452, commits[056ae293-26b5-4d67-bc5d-e905a6760a80:c4452, a428730f-9893-43cb-a585-e65a7e8859c8:c4448, 994b73f6-7725-4304-b3a4-4941318c1d6c:c4450]
2019-07-08 19:53:32,429 INFO  client.GrpcClientProtocolClient (GrpcClientProtocolClient.java:onNext(255)) - client-B2F93226DCBB->056ae293-26b5-4d67-bc5d-e905a6760a80: receive RaftClientReply:client-B2F93226DCBB->056ae293-26b5-4d67-bc5d-e905a6760a80@group-50E32BB97A46, cid=2965, SUCCESS, logIndex=4453, commits[056ae293-26b5-4d67-bc5d-e905a6760a80:c4454, a428730f-9893-43cb-a585-e65a7e8859c8:c4450, 994b73f6-7725-4304-b3a4-4941318c1d6c:c4450]
2019-07-08 19:53:32,429 INFO  client.GrpcClientProtocolClient (GrpcClientProtocolClient.java:onNext(255)) - client-B2F93226DCBB->056ae293-26b5-4d67-bc5d-e905a6760a80: receive RaftClientReply:client-B2F93226DCBB->056ae293-26b5-4d67-bc5d-e905a6760a80@group-50E32BB97A46, cid=2966, SUCCESS, logIndex=4454, commits[056ae293-26b5-4d67-bc5d-e905a6760a80:c4454, a428730f-9893-43cb-a585-e65a7e8859c8:c4450, 994b73f6-7725-4304-b3a4-4941318c1d6c:c4450]
2019-07-08 19:53:32,432 INFO  client.GrpcClientProtocolClient (GrpcClientProtocolClient.java:onNext(255)) - client-B2F93226DCBB->056ae293-26b5-4d67-bc5d-e905a6760a80: receive RaftClientReply:client-B2F93226DCBB->056ae293-26b5-4d67-bc5d-e905a6760a80@group-50E32BB97A46, cid=2967, SUCCESS, logIndex=0, commits[056ae293-26b5-4d67-bc5d-e905a6760a80:c4456, a428730f-9893-43cb-a585-e65a7e8859c8:c4452, 994b73f6-7725-4304-b3a4-4941318c1d6c:c4452]
 0.00% |█                                                                                                    |  0/1 Time: 0:00:282019-07-08 19:53:32,447 INFO  client.GrpcClientProtocolClient (GrpcClientProtocolClient.java:onNext(255)) - client-B2F93226DCBB->056ae293-26b5-4d67-bc5d-e905a6760a80: receive RaftClientReply:client-B2F93226DCBB->056ae293-26b5-4d67-bc5d-e905a6760a80@group-50E32BB97A46, cid=2968, SUCCESS, logIndex=4459, commits[056ae293-26b5-4d67-bc5d-e905a6760a80:c4460, a428730f-9893-43cb-a585-e65a7e8859c8:c4454, 994b73f6-7725-4304-b3a4-4941318c1d6c:c4458]
2019-07-08 19:53:32,448 INFO  client.GrpcClientProtocolClient (GrpcClientProtocolClient.java:onNext(255)) - client-B2F93226DCBB->056ae293-26b5-4d67-bc5d-e905a6760a80: receive RaftClientReply:client-B2F93226DCBB->056ae293-26b5-4d67-bc5d-e905a6760a80@group-50E32BB97A46, cid=2969, SUCCESS, logIndex=4460, commits[056ae293-26b5-4d67-bc5d-e905a6760a80:c4460, a428730f-9893-43cb-a585-e65a7e8859c8:c4458, 994b73f6-7725-4304-b3a4-4941318c1d6c:c4458]
2019-07-08 19:53:32,462 INFO  client.GrpcClientProtocolClient (GrpcClientProtocolClient.java:onNext(255)) - client-B2F93226DCBB->056ae293-26b5-4d67-bc5d-e905a6760a80: receive RaftClientReply:client-B2F93226DCBB->056ae293-26b5-4d67-bc5d-e905a6760a80@group-50E32BB97A46, cid=2970, SUCCESS, logIndex=4463, commits[056ae293-26b5-4d67-bc5d-e905a6760a80:c4464, a428730f-9893-43cb-a585-e65a7e8859c8:c4460, 994b73f6-7725-4304-b3a4-4941318c1d6c:c4462]
2019-07-08 19:53:32,462 INFO  client.GrpcClientProtocolClient (GrpcClientProtocolClient.java:onNext(255)) - client-B2F93226DCBB->056ae293-26b5-4d67-bc5d-e905a6760a80: receive RaftClientReply:client-B2F93226DCBB->056ae293-26b5-4d67-bc5d-e905a6760a80@group-50E32BB97A46, cid=2971, SUCCESS, logIndex=4464, commits[056ae293-26b5-4d67-bc5d-e905a6760a80:c4464, a428730f-9893-43cb-a585-e65a7e8859c8:c4462, 994b73f6-7725-4304-b3a4-4941318c1d6c:c4462]
2019-07-08 19:53:32,464 INFO  client.GrpcClientProtocolClient (GrpcClientProtocolClient.java:onNext(255)) - client-B2F93226DCBB->056ae293-26b5-4d67-bc5d-e905a6760a80: receive RaftClientReply:client-B2F93226DCBB->056ae293-26b5-4d67-bc5d-e905a6760a80@group-50E32BB97A46, cid=2972, SUCCESS, logIndex=0, commits[056ae293-26b5-4d67-bc5d-e905a6760a80:c4465, a428730f-9893-43cb-a585-e65a7e8859c8:c4464, 994b73f6-7725-4304-b3a4-4941318c1d6c:c4464]
2019-07-08 19:53:32,511 INFO  client.GrpcClientProtocolClient (GrpcClientProtocolClient.java:onNext(255)) - client-B2F93226DCBB->056ae293-26b5-4d67-bc5d-e905a6760a80: receive RaftClientReply:client-B2F93226DCBB->056ae293-26b5-4d67-bc5d-e905a6760a80@group-50E32BB97A46, cid=2973, SUCCESS, logIndex=4467, commits[056ae293-26b5-4d67-bc5d-e905a6760a80:c4469, a428730f-9893-43cb-a585-e65a7e8859c8:c4466, 994b73f6-7725-4304-b3a4-4941318c1d6c:c4466]
2019-07-08 19:53:32,512 INFO  client.GrpcClientProtocolClient (GrpcClientProtocolClient.java:onNext(255)) - client-B2F93226DCBB->056ae293-26b5-4d67-bc5d-e905a6760a80: receive RaftClientReply:client-B2F93226DCBB->056ae293-26b5-4d67-bc5d-e905a6760a80@group-50E32BB97A46, cid=2974, SUCCESS, logIndex=4468, commits[056ae293-26b5-4d67-bc5d-e905a6760a80:c4470, a428730f-9893-43cb-a585-e65a7e8859c8:c4466, 994b73f6-7725-4304-b3a4-4941318c1d6c:c4466]
2019-07-08 19:53:32,512 INFO  client.GrpcClientProtocolClient (GrpcClientProtocolClient.java:onNext(255)) - client-B2F93226DCBB->056ae293-26b5-4d67-bc5d-e905a6760a80: receive RaftClientReply:client-B2F93226DCBB->056ae293-26b5-4d67-bc5d-e905a6760a80@group-50E32BB97A46, cid=2975, SUCCESS, logIndex=4469, commits[056ae293-26b5-4d67-bc5d-e905a6760a80:c4470, a428730f-9893-43cb-a585-e65a7e8859c8:c4466, 994b73f6-7725-4304-b3a4-4941318c1d6c:c4466]
2019-07-08 19:53:32,513 INFO  client.GrpcClientProtocolClient (GrpcClientProtocolClient.java:onNext(255)) - client-B2F93226DCBB->056ae293-26b5-4d67-bc5d-e905a6760a80: receive RaftClientReply:client-B2F93226DCBB->056ae293-26b5-4d67-bc5d-e905a6760a80@group-50E32BB97A46, cid=2976, SUCCESS, logIndex=4470, commits[056ae293-26b5-4d67-bc5d-e905a6760a80:c4470, a428730f-9893-43cb-a585-e65a7e8859c8:c4466, 994b73f6-7725-4304-b3a4-4941318c1d6c:c4466]
2019-07-08 19:53:32,536 INFO  client.GrpcClientProtocolClient (GrpcClientProtocolClient.java:onNext(255)) - client-B2F93226DCBB->056ae293-26b5-4d67-bc5d-e905a6760a80: receive RaftClientReply:client-B2F93226DCBB->056ae293-26b5-4d67-bc5d-e905a6760a80@group-50E32BB97A46, cid=2977, SUCCESS, logIndex=0, commits[056ae293-26b5-4d67-bc5d-e905a6760a80:c4471, a428730f-9893-43cb-a585-e65a7e8859c8:c4468, 994b73f6-7725-4304-b3a4-4941318c1d6c:c4468]
2019-07-08 19:53:32,559 INFO  client.GrpcClientProtocolClient (GrpcClientProtocolClient.java:onNext(255)) - client-B2F93226DCBB->056ae293-26b5-4d67-bc5d-e905a6760a80: receive RaftClientReply:client-B2F93226DCBB->056ae293-26b5-4d67-bc5d-e905a6760a80@group-50E32BB97A46, cid=2978, SUCCESS, logIndex=4475, commits[056ae293-26b5-4d67-bc5d-e905a6760a80:c4476, a428730f-9893-43cb-a585-e65a7e8859c8:c4474, 994b73f6-7725-4304-b3a4-4941318c1d6c:c4474]
2019-07-08 19:53:32,560 INFO  client.GrpcClientProtocolClient (GrpcClientProtocolClient.java:onNext(255)) - client-B2F93226DCBB->056ae293-26b5-4d67-bc5d-e905a6760a80: receive RaftClientReply:client-B2F93226DCBB->056ae293-26b5-4d67-bc5d-e905a6760a80@group-50E32BB97A46, cid=2979, SUCCESS, logIndex=4476, commits[056ae293-26b5-4d67-bc5d-e905a6760a80:c4476, a428730f-9893-43cb-a585-e65a7e8859c8:c4474, 994b73f6-7725-4304-b3a4-4941318c1d6c:c4474]
2019-07-08 19:53:32,587 INFO  client.GrpcClientProtocolClient (GrpcClientProtocolClient.java:onNext(255)) - client-B2F93226DCBB->056ae293-26b5-4d67-bc5d-e905a6760a80: receive RaftClientReply:client-B2F93226DCBB->056ae293-26b5-4d67-bc5d-e905a6760a80@group-50E32BB97A46, cid=2980, SUCCESS, logIndex=4479, commits[056ae293-26b5-4d67-bc5d-e905a6760a80:c4480, a428730f-9893-43cb-a585-e65a7e8859c8:c4476, 994b73f6-7725-4304-b3a4-4941318c1d6c:c4476]
2019-07-08 19:53:32,587 INFO  client.GrpcClientProtocolClient (GrpcClientProtocolClient.java:onNext(255)) - client-B2F93226DCBB->056ae293-26b5-4d67-bc5d-e905a6760a80: receive RaftClientReply:client-B2F93226DCBB->056ae293-26b5-4d67-bc5d-e905a6760a80@group-50E32BB97A46, cid=2981, SUCCESS, logIndex=4480, commits[056ae293-26b5-4d67-bc5d-e905a6760a80:c4480, a428730f-9893-43cb-a585-e65a7e8859c8:c4476, 994b73f6-7725-4304-b3a4-4941318c1d6c:c4476]
2019-07-08 19:53:32,614 INFO  client.GrpcClientProtocolClient (GrpcClientProtocolClient.java:onNext(255)) - client-B2F93226DCBB->056ae293-26b5-4d67-bc5d-e905a6760a80: receive RaftClientReply:client-B2F93226DCBB->056ae293-26b5-4d67-bc5d-e905a6760a80@group-50E32BB97A46, cid=2982, SUCCESS, logIndex=0, commits[056ae293-26b5-4d67-bc5d-e905a6760a80:c4482, a428730f-9893-43cb-a585-e65a7e8859c8:c4480, 994b73f6-7725-4304-b3a4-4941318c1d6c:c4480]
2019-07-08 19:53:32,647 INFO  client.GrpcClientProtocolClient (GrpcClientProtocolClient.java:onNext(255)) - client-B2F93226DCBB->056ae293-26b5-4d67-bc5d-e905a6760a80: receive RaftClientReply:client-B2F93226DCBB->056ae293-26b5-4d67-bc5d-e905a6760a80@group-50E32BB97A46, cid=2983, SUCCESS, logIndex=4483, commits[056ae293-26b5-4d67-bc5d-e905a6760a80:c4484, a428730f-9893-43cb-a585-e65a7e8859c8:c4482, 994b73f6-7725-4304-b3a4-4941318c1d6c:c4482]
2019-07-08 19:53:32,648 INFO  client.GrpcClientProtocolClient (GrpcClientProtocolClient.java:onNext(255)) - client-B2F93226DCBB->056ae293-26b5-4d67-bc5d-e905a6760a80: receive RaftClientReply:client-B2F93226DCBB->056ae293-26b5-4d67-bc5d-e905a6760a80@group-50E32BB97A46, cid=2984, SUCCESS, logIndex=4484, commits[056ae293-26b5-4d67-bc5d-e905a6760a80:c4486, a428730f-9893-43cb-a585-e65a7e8859c8:c4482, 994b73f6-7725-4304-b3a4-4941318c1d6c:c4482]
2019-07-08 19:53:32,648 INFO  client.GrpcClientProtocolClient (GrpcClientProtocolClient.java:onNext(255)) - client-B2F93226DCBB->056ae293-26b5-4d67-bc5d-e905a6760a80: receive RaftClientReply:client-B2F93226DCBB->056ae293-26b5-4d67-bc5d-e905a6760a80@group-50E32BB97A46, cid=2985, SUCCESS, logIndex=4485, commits[056ae293-26b5-4d67-bc5d-e905a6760a80:c4486, a428730f-9893-43cb-a585-e65a7e8859c8:c4482, 994b73f6-7725-4304-b3a4-4941318c1d6c:c4482]
2019-07-08 19:53:32,648 INFO  client.GrpcClientProtocolClient (GrpcClientProtocolClient.java:onNext(255)) - client-B2F93226DCBB->056ae293-26b5-4d67-bc5d-e905a6760a80: receive RaftClientReply:client-B2F93226DCBB->056ae293-26b5-4d67-bc5d-e905a6760a80@group-50E32BB97A46, cid=2986, SUCCESS, logIndex=4486, commits[056ae293-26b5-4d67-bc5d-e905a6760a80:c4486, a428730f-9893-43cb-a585-e65a7e8859c8:c4482, 994b73f6-7725-4304-b3a4-4941318c1d6c:c4482]
2019-07-08 19:53:32,663 INFO  client.GrpcClientProtocolClient (GrpcClientProtocolClient.java:onNext(255)) - client-B2F93226DCBB->056ae293-26b5-4d67-bc5d-e905a6760a80: receive RaftClientReply:client-B2F93226DCBB->056ae293-26b5-4d67-bc5d-e905a6760a80@group-50E32BB97A46, cid=2987, SUCCESS, logIndex=0, commits[056ae293-26b5-4d67-bc5d-e905a6760a80:c4488, a428730f-9893-43cb-a585-e65a7e8859c8:c4484, 994b73f6-7725-4304-b3a4-4941318c1d6c:c4484]
2019-07-08 19:53:32,687 INFO  client.GrpcClientProtocolClient (GrpcClientProtocolClient.java:onNext(255)) - client-B2F93226DCBB->056ae293-26b5-4d67-bc5d-e905a6760a80: receive RaftClientReply:client-B2F93226DCBB->056ae293-26b5-4d67-bc5d-e905a6760a80@group-50E32BB97A46, cid=2988, SUCCESS, logIndex=4491, commits[056ae293-26b5-4d67-bc5d-e905a6760a80:c4492, a428730f-9893-43cb-a585-e65a7e8859c8:c4486, 994b73f6-7725-4304-b3a4-4941318c1d6c:c4490]
2019-07-08 19:53:32,687 INFO  client.GrpcClientProtocolClient (GrpcClientProtocolClient.java:onNext(255)) - client-B2F93226DCBB->056ae293-26b5-4d67-bc5d-e905a6760a80: receive RaftClientReply:client-B2F93226DCBB->056ae293-26b5-4d67-bc5d-e905a6760a80@group-50E32BB97A46, cid=2989, SUCCESS, logIndex=4492, commits[056ae293-26b5-4d67-bc5d-e905a6760a80:c4492, a428730f-9893-43cb-a585-e65a7e8859c8:c4490, 994b73f6-7725-4304-b3a4-4941318c1d6c:c4490]
2019-07-08 19:53:32,700 INFO  client.GrpcClientProtocolClient (GrpcClientProtocolClient.java:onNext(255)) - client-B2F93226DCBB->056ae293-26b5-4d67-bc5d-e905a6760a80: receive RaftClientReply:client-B2F93226DCBB->056ae293-26b5-4d67-bc5d-e905a6760a80@group-50E32BB97A46, cid=2990, SUCCESS, logIndex=4495, commits[056ae293-26b5-4d67-bc5d-e905a6760a80:c4496, a428730f-9893-43cb-a585-e65a7e8859c8:c4492, 994b73f6-7725-4304-b3a4-4941318c1d6c:c4494]
2019-07-08 19:53:32,700 INFO  client.GrpcClientProtocolClient (GrpcClientProtocolClient.java:onNext(255)) - client-B2F93226DCBB->056ae293-26b5-4d67-bc5d-e905a6760a80: receive RaftClientReply:client-B2F93226DCBB->056ae293-26b5-4d67-bc5d-e905a6760a80@group-50E32BB97A46, cid=2991, SUCCESS, logIndex=4496, commits[056ae293-26b5-4d67-bc5d-e905a6760a80:c4496, a428730f-9893-43cb-a585-e65a7e8859c8:c4494, 994b73f6-7725-4304-b3a4-4941318c1d6c:c4494]
2019-07-08 19:53:32,701 INFO  client.GrpcClientProtocolClient (GrpcClientProtocolClient.java:onNext(255)) - client-B2F93226DCBB->056ae293-26b5-4d67-bc5d-e905a6760a80: receive RaftClientReply:client-B2F93226DCBB->056ae293-26b5-4d67-bc5d-e905a6760a80@group-50E32BB97A46, cid=2992, SUCCESS, logIndex=0, commits[056ae293-26b5-4d67-bc5d-e905a6760a80:c4497, a428730f-9893-43cb-a585-e65a7e8859c8:c4496, 994b73f6-7725-4304-b3a4-4941318c1d6c:c4496]
2019-07-08 19:53:32,725 INFO  client.GrpcClientProtocolClient (GrpcClientProtocolClient.java:onNext(255)) - client-B2F93226DCBB->056ae293-26b5-4d67-bc5d-e905a6760a80: receive RaftClientReply:client-B2F93226DCBB->056ae293-26b5-4d67-bc5d-e905a6760a80@group-50E32BB97A46, cid=2993, SUCCESS, logIndex=4499, commits[056ae293-26b5-4d67-bc5d-e905a6760a80:c4500, a428730f-9893-43cb-a585-e65a7e8859c8:c4496, 994b73f6-7725-4304-b3a4-4941318c1d6c:c4498]
2019-07-08 19:53:32,726 INFO  client.GrpcClientProtocolClient (GrpcClientProtocolClient.java:onNext(255)) - client-B2F93226DCBB->056ae293-26b5-4d67-bc5d-e905a6760a80: receive RaftClientReply:client-B2F93226DCBB->056ae293-26b5-4d67-bc5d-e905a6760a80@group-50E32BB97A46, cid=2994, SUCCESS, logIndex=4500, commits[056ae293-26b5-4d67-bc5d-e905a6760a80:c4500, a428730f-9893-43cb-a585-e65a7e8859c8:c4496, 994b73f6-7725-4304-b3a4-4941318c1d6c:c4498]
2019-07-08 19:53:32,729 INFO  client.GrpcClientProtocolClient (GrpcClientProtocolClient.java:onNext(255)) - client-B2F93226DCBB->056ae293-26b5-4d67-bc5d-e905a6760a80: receive RaftClientReply:client-B2F93226DCBB->056ae293-26b5-4d67-bc5d-e905a6760a80@group-50E32BB97A46, cid=2995, SUCCESS, logIndex=4501, commits[056ae293-26b5-4d67-bc5d-e905a6760a80:c4502, a428730f-9893-43cb-a585-e65a7e8859c8:c4498, 994b73f6-7725-4304-b3a4-4941318c1d6c:c4498]
2019-07-08 19:53:32,730 INFO  client.GrpcClientProtocolClient (GrpcClientProtocolClient.java:onNext(255)) - client-B2F93226DCBB->056ae293-26b5-4d67-bc5d-e905a6760a80: receive RaftClientReply:client-B2F93226DCBB->056ae293-26b5-4d67-bc5d-e905a6760a80@group-50E32BB97A46, cid=2996, SUCCESS, logIndex=4502, commits[056ae293-26b5-4d67-bc5d-e905a6760a80:c4504, a428730f-9893-43cb-a585-e65a7e8859c8:c4500, 994b73f6-7725-4304-b3a4-4941318c1d6c:c4498]
2019-07-08 19:53:32,731 INFO  client.GrpcClientProtocolClient (GrpcClientProtocolClient.java:onNext(255)) - client-B2F93226DCBB->056ae293-26b5-4d67-bc5d-e905a6760a80: receive RaftClientReply:client-B2F93226DCBB->056ae293-26b5-4d67-bc5d-e905a6760a80@group-50E32BB97A46, cid=2997, SUCCESS, logIndex=0, commits[056ae293-26b5-4d67-bc5d-e905a6760a80:c4504, a428730f-9893-43cb-a585-e65a7e8859c8:c4500, 994b73f6-7725-4304-b3a4-4941318c1d6c:c4500]
2019-07-08 19:53:32,755 INFO  client.GrpcClientProtocolClient (GrpcClientProtocolClient.java:onNext(255)) - client-B2F93226DCBB->056ae293-26b5-4d67-bc5d-e905a6760a80: receive RaftClientReply:client-B2F93226DCBB->056ae293-26b5-4d67-bc5d-e905a6760a80@group-50E32BB97A46, cid=2998, SUCCESS, logIndex=4507, commits[056ae293-26b5-4d67-bc5d-e905a6760a80:c4508, a428730f-9893-43cb-a585-e65a7e8859c8:c4506, 994b73f6-7725-4304-b3a4-4941318c1d6c:c4506]
2019-07-08 19:53:32,755 INFO  client.GrpcClientProtocolClient (GrpcClientProtocolClient.java:onNext(255)) - client-B2F93226DCBB->056ae293-26b5-4d67-bc5d-e905a6760a80: receive RaftClientReply:client-B2F93226DCBB->056ae293-26b5-4d67-bc5d-e905a6760a80@group-50E32BB97A46, cid=2999, SUCCESS, logIndex=4508, commits[056ae293-26b5-4d67-bc5d-e905a6760a80:c4508, a428730f-9893-43cb-a585-e65a7e8859c8:c4506, 994b73f6-7725-4304-b3a4-4941318c1d6c:c4506]
2019-07-08 19:53:32,770 INFO  client.GrpcClientProtocolClient (GrpcClientProtocolClient.java:onNext(255)) - client-B2F93226DCBB->056ae293-26b5-4d67-bc5d-e905a6760a80: receive RaftClientReply:client-B2F93226DCBB->056ae293-26b5-4d67-bc5d-e905a6760a80@group-50E32BB97A46, cid=3000, SUCCESS, logIndex=4511, commits[056ae293-26b5-4d67-bc5d-e905a6760a80:c4512, a428730f-9893-43cb-a585-e65a7e8859c8:c4508, 994b73f6-7725-4304-b3a4-4941318c1d6c:c4508]
2019-07-08 19:53:32,770 INFO  client.GrpcClientProtocolClient (GrpcClientProtocolClient.java:onNext(255)) - client-B2F93226DCBB->056ae293-26b5-4d67-bc5d-e905a6760a80: receive RaftClientReply:client-B2F93226DCBB->056ae293-26b5-4d67-bc5d-e905a6760a80@group-50E32BB97A46, cid=3001, SUCCESS, logIndex=4512, commits[056ae293-26b5-4d67-bc5d-e905a6760a80:c4512, a428730f-9893-43cb-a585-e65a7e8859c8:c4508, 994b73f6-7725-4304-b3a4-4941318c1d6c:c4508]
2019-07-08 19:53:32,789 INFO  client.GrpcClientProtocolClient (GrpcClientProtocolClient.java:onNext(255)) - client-B2F93226DCBB->056ae293-26b5-4d67-bc5d-e905a6760a80: receive RaftClientReply:client-B2F93226DCBB->056ae293-26b5-4d67-bc5d-e905a6760a80@group-50E32BB97A46, cid=3002, SUCCESS, logIndex=0, commits[056ae293-26b5-4d67-bc5d-e905a6760a80:c4514, a428730f-9893-43cb-a585-e65a7e8859c8:c4512, 994b73f6-7725-4304-b3a4-4941318c1d6c:c4512]
2019-07-08 19:53:32,823 INFO  client.GrpcClientProtocolClient (GrpcClientProtocolClient.java:onNext(255)) - client-B2F93226DCBB->056ae293-26b5-4d67-bc5d-e905a6760a80: receive RaftClientReply:client-B2F93226DCBB->056ae293-26b5-4d67-bc5d-e905a6760a80@group-50E32BB97A46, cid=3003, SUCCESS, logIndex=4515, commits[056ae293-26b5-4d67-bc5d-e905a6760a80:c4516, a428730f-9893-43cb-a585-e65a7e8859c8:c4514, 994b73f6-7725-4304-b3a4-4941318c1d6c:c4514]
2019-07-08 19:53:32,824 INFO  client.GrpcClientProtocolClient (GrpcClientProtocolClient.java:onNext(255)) - client-B2F93226DCBB->056ae293-26b5-4d67-bc5d-e905a6760a80: receive RaftClientReply:client-B2F93226DCBB->056ae293-26b5-4d67-bc5d-e905a6760a80@group-50E32BB97A46, cid=3004, SUCCESS, logIndex=4516, commits[056ae293-26b5-4d67-bc5d-e905a6760a80:c4516, a428730f-9893-43cb-a585-e65a7e8859c8:c4514, 994b73f6-7725-4304-b3a4-4941318c1d6c:c4514]
2019-07-08 19:53:32,825 INFO  client.GrpcClientProtocolClient (GrpcClientProtocolClient.java:onNext(255)) - client-B2F93226DCBB->056ae293-26b5-4d67-bc5d-e905a6760a80: receive RaftClientReply:client-B2F93226DCBB->056ae293-26b5-4d67-bc5d-e905a6760a80@group-50E32BB97A46, cid=3005, SUCCESS, logIndex=4517, commits[056ae293-26b5-4d67-bc5d-e905a6760a80:c4518, a428730f-9893-43cb-a585-e65a7e8859c8:c4514, 994b73f6-7725-4304-b3a4-4941318c1d6c:c4514]
2019-07-08 19:53:32,825 INFO  client.GrpcClientProtocolClient (GrpcClientProtocolClient.java:onNext(255)) - client-B2F93226DCBB->056ae293-26b5-4d67-bc5d-e905a6760a80: receive RaftClientReply:client-B2F93226DCBB->056ae293-26b5-4d67-bc5d-e905a6760a80@group-50E32BB97A46, cid=3006, SUCCESS, logIndex=4518, commits[056ae293-26b5-4d67-bc5d-e905a6760a80:c4518, a428730f-9893-43cb-a585-e65a7e8859c8:c4514, 994b73f6-7725-4304-b3a4-4941318c1d6c:c4514]
2019-07-08 19:53:32,828 INFO  client.GrpcClientProtocolClient (GrpcClientProtocolClient.java:onNext(255)) - client-B2F93226DCBB->056ae293-26b5-4d67-bc5d-e905a6760a80: receive RaftClientReply:client-B2F93226DCBB->056ae293-26b5-4d67-bc5d-e905a6760a80@group-50E32BB97A46, cid=3007, SUCCESS, logIndex=0, commits[056ae293-26b5-4d67-bc5d-e905a6760a80:c4520, a428730f-9893-43cb-a585-e65a7e8859c8:c4516, 994b73f6-7725-4304-b3a4-4941318c1d6c:c4516]
2019-07-08 19:53:32,856 INFO  client.GrpcClientProtocolClient (GrpcClientProtocolClient.java:onNext(255)) - client-B2F93226DCBB->056ae293-26b5-4d67-bc5d-e905a6760a80: receive RaftClientReply:client-B2F93226DCBB->056ae293-26b5-4d67-bc5d-e905a6760a80@group-50E32BB97A46, cid=3008, SUCCESS, logIndex=4523, commits[056ae293-26b5-4d67-bc5d-e905a6760a80:c4524, a428730f-9893-43cb-a585-e65a7e8859c8:c4520, 994b73f6-7725-4304-b3a4-4941318c1d6c:c4520]
2019-07-08 19:53:32,857 INFO  client.GrpcClientProtocolClient (GrpcClientProtocolClient.java:onNext(255)) - client-B2F93226DCBB->056ae293-26b5-4d67-bc5d-e905a6760a80: receive RaftClientReply:client-B2F93226DCBB->056ae293-26b5-4d67-bc5d-e905a6760a80@group-50E32BB97A46, cid=3009, SUCCESS, logIndex=4524, commits[056ae293-26b5-4d67-bc5d-e905a6760a80:c4524, a428730f-9893-43cb-a585-e65a7e8859c8:c4520, 994b73f6-7725-4304-b3a4-4941318c1d6c:c4520]
2019-07-08 19:53:32,883 INFO  client.GrpcClientProtocolClient (GrpcClientProtocolClient.java:onNext(255)) - client-B2F93226DCBB->056ae293-26b5-4d67-bc5d-e905a6760a80: receive RaftClientReply:client-B2F93226DCBB->056ae293-26b5-4d67-bc5d-e905a6760a80@group-50E32BB97A46, cid=3010, SUCCESS, logIndex=4527, commits[056ae293-26b5-4d67-bc5d-e905a6760a80:c4528, a428730f-9893-43cb-a585-e65a7e8859c8:c4524, 994b73f6-7725-4304-b3a4-4941318c1d6c:c4524]
2019-07-08 19:53:32,884 INFO  client.GrpcClientProtocolClient (GrpcClientProtocolClient.java:onNext(255)) - client-B2F93226DCBB->056ae293-26b5-4d67-bc5d-e905a6760a80: receive RaftClientReply:client-B2F93226DCBB->056ae293-26b5-4d67-bc5d-e905a6760a80@group-50E32BB97A46, cid=3011, SUCCESS, logIndex=4528, commits[056ae293-26b5-4d67-bc5d-e905a6760a80:c4528, a428730f-9893-43cb-a585-e65a7e8859c8:c4524, 994b73f6-7725-4304-b3a4-4941318c1d6c:c4524]
2019-07-08 19:53:32,910 INFO  client.GrpcClientProtocolClient (GrpcClientProtocolClient.java:onNext(255)) - client-B2F93226DCBB->056ae293-26b5-4d67-bc5d-e905a6760a80: receive RaftClientReply:client-B2F93226DCBB->056ae293-26b5-4d67-bc5d-e905a6760a80@group-50E32BB97A46, cid=3012, SUCCESS, logIndex=0, commits[056ae293-26b5-4d67-bc5d-e905a6760a80:c4530, a428730f-9893-43cb-a585-e65a7e8859c8:c4528, 994b73f6-7725-4304-b3a4-4941318c1d6c:c4528]
2019-07-08 19:53:32,946 INFO  client.GrpcClientProtocolClient (GrpcClientProtocolClient.java:onNext(255)) - client-B2F93226DCBB->056ae293-26b5-4d67-bc5d-e905a6760a80: receive RaftClientReply:client-B2F93226DCBB->056ae293-26b5-4d67-bc5d-e905a6760a80@group-50E32BB97A46, cid=3013, SUCCESS, logIndex=4531, commits[056ae293-26b5-4d67-bc5d-e905a6760a80:c4532, a428730f-9893-43cb-a585-e65a7e8859c8:c4530, 994b73f6-7725-4304-b3a4-4941318c1d6c:c4530]
2019-07-08 19:53:32,947 INFO  client.GrpcClientProtocolClient (GrpcClientProtocolClient.java:onNext(255)) - client-B2F93226DCBB->056ae293-26b5-4d67-bc5d-e905a6760a80: receive RaftClientReply:client-B2F93226DCBB->056ae293-26b5-4d67-bc5d-e905a6760a80@group-50E32BB97A46, cid=3014, SUCCESS, logIndex=4532, commits[056ae293-26b5-4d67-bc5d-e905a6760a80:c4532, a428730f-9893-43cb-a585-e65a7e8859c8:c4530, 994b73f6-7725-4304-b3a4-4941318c1d6c:c4530]
2019-07-08 19:53:32,956 INFO  client.GrpcClientProtocolClient (GrpcClientProtocolClient.java:onNext(255)) - client-B2F93226DCBB->056ae293-26b5-4d67-bc5d-e905a6760a80: receive RaftClientReply:client-B2F93226DCBB->056ae293-26b5-4d67-bc5d-e905a6760a80@group-50E32BB97A46, cid=3015, SUCCESS, logIndex=4533, commits[056ae293-26b5-4d67-bc5d-e905a6760a80:c4534, a428730f-9893-43cb-a585-e65a7e8859c8:c4530, 994b73f6-7725-4304-b3a4-4941318c1d6c:c4530]
2019-07-08 19:53:32,956 INFO  client.GrpcClientProtocolClient (GrpcClientProtocolClient.java:onNext(255)) - client-B2F93226DCBB->056ae293-26b5-4d67-bc5d-e905a6760a80: receive RaftClientReply:client-B2F93226DCBB->056ae293-26b5-4d67-bc5d-e905a6760a80@group-50E32BB97A46, cid=3016, SUCCESS, logIndex=4534, commits[056ae293-26b5-4d67-bc5d-e905a6760a80:c4534, a428730f-9893-43cb-a585-e65a7e8859c8:c4530, 994b73f6-7725-4304-b3a4-4941318c1d6c:c4530]
2019-07-08 19:53:32,962 INFO  client.GrpcClientProtocolClient (GrpcClientProtocolClient.java:onNext(255)) - client-B2F93226DCBB->056ae293-26b5-4d67-bc5d-e905a6760a80: receive RaftClientReply:client-B2F93226DCBB->056ae293-26b5-4d67-bc5d-e905a6760a80@group-50E32BB97A46, cid=3017, SUCCESS, logIndex=0, commits[056ae293-26b5-4d67-bc5d-e905a6760a80:c4536, a428730f-9893-43cb-a585-e65a7e8859c8:c4532, 994b73f6-7725-4304-b3a4-4941318c1d6c:c4532]
2019-07-08 19:53:32,977 INFO  client.GrpcClientProtocolClient (GrpcClientProtocolClient.java:onNext(255)) - client-B2F93226DCBB->056ae293-26b5-4d67-bc5d-e905a6760a80: receive RaftClientReply:client-B2F93226DCBB->056ae293-26b5-4d67-bc5d-e905a6760a80@group-50E32BB97A46, cid=3018, SUCCESS, logIndex=4538, commits[056ae293-26b5-4d67-bc5d-e905a6760a80:c4539, a428730f-9893-43cb-a585-e65a7e8859c8:c4537, 994b73f6-7725-4304-b3a4-4941318c1d6c:c4537]
2019-07-08 19:53:32,978 INFO  client.GrpcClientProtocolClient (GrpcClientProtocolClient.java:onNext(255)) - client-B2F93226DCBB->056ae293-26b5-4d67-bc5d-e905a6760a80: receive RaftClientReply:client-B2F93226DCBB->056ae293-26b5-4d67-bc5d-e905a6760a80@group-50E32BB97A46, cid=3019, SUCCESS, logIndex=4539, commits[056ae293-26b5-4d67-bc5d-e905a6760a80:c4539, a428730f-9893-43cb-a585-e65a7e8859c8:c4537, 994b73f6-7725-4304-b3a4-4941318c1d6c:c4537]
2019-07-08 19:53:33,015 INFO  client.GrpcClientProtocolClient (GrpcClientProtocolClient.java:onNext(255)) - client-B2F93226DCBB->056ae293-26b5-4d67-bc5d-e905a6760a80: receive RaftClientReply:client-B2F93226DCBB->056ae293-26b5-4d67-bc5d-e905a6760a80@group-50E32BB97A46, cid=3020, SUCCESS, logIndex=4542, commits[056ae293-26b5-4d67-bc5d-e905a6760a80:c4543, a428730f-9893-43cb-a585-e65a7e8859c8:c4541, 994b73f6-7725-4304-b3a4-4941318c1d6c:c4541]
2019-07-08 19:53:33,015 INFO  client.GrpcClientProtocolClient (GrpcClientProtocolClient.java:onNext(255)) - client-B2F93226DCBB->056ae293-26b5-4d67-bc5d-e905a6760a80: receive RaftClientReply:client-B2F93226DCBB->056ae293-26b5-4d67-bc5d-e905a6760a80@group-50E32BB97A46, cid=3021, SUCCESS, logIndex=4543, commits[056ae293-26b5-4d67-bc5d-e905a6760a80:c4543, a428730f-9893-43cb-a585-e65a7e8859c8:c4541, 994b73f6-7725-4304-b3a4-4941318c1d6c:c4541]
2019-07-08 19:53:33,029 INFO  client.GrpcClientProtocolClient (GrpcClientProtocolClient.java:onNext(255)) - client-B2F93226DCBB->056ae293-26b5-4d67-bc5d-e905a6760a80: receive RaftClientReply:client-B2F93226DCBB->056ae293-26b5-4d67-bc5d-e905a6760a80@group-50E32BB97A46, cid=3022, SUCCESS, logIndex=0, commits[056ae293-26b5-4d67-bc5d-e905a6760a80:c4545, a428730f-9893-43cb-a585-e65a7e8859c8:c4543, 994b73f6-7725-4304-b3a4-4941318c1d6c:c4543]
2019-07-08 19:53:33,063 INFO  client.GrpcClientProtocolClient (GrpcClientProtocolClient.java:onNext(255)) - client-B2F93226DCBB->056ae293-26b5-4d67-bc5d-e905a6760a80: receive RaftClientReply:client-B2F93226DCBB->056ae293-26b5-4d67-bc5d-e905a6760a80@group-50E32BB97A46, cid=3023, SUCCESS, logIndex=4546, commits[056ae293-26b5-4d67-bc5d-e905a6760a80:c4547, a428730f-9893-43cb-a585-e65a7e8859c8:c4545, 994b73f6-7725-4304-b3a4-4941318c1d6c:c4545]
2019-07-08 19:53:33,063 INFO  client.GrpcClientProtocolClient (GrpcClientProtocolClient.java:onNext(255)) - client-B2F93226DCBB->056ae293-26b5-4d67-bc5d-e905a6760a80: receive RaftClientReply:client-B2F93226DCBB->056ae293-26b5-4d67-bc5d-e905a6760a80@group-50E32BB97A46, cid=3024, SUCCESS, logIndex=4547, commits[056ae293-26b5-4d67-bc5d-e905a6760a80:c4547, a428730f-9893-43cb-a585-e65a7e8859c8:c4545, 994b73f6-7725-4304-b3a4-4941318c1d6c:c4545]
2019-07-08 19:53:33,064 INFO  client.GrpcClientProtocolClient (GrpcClientProtocolClient.java:onNext(255)) - client-B2F93226DCBB->056ae293-26b5-4d67-bc5d-e905a6760a80: receive RaftClientReply:client-B2F93226DCBB->056ae293-26b5-4d67-bc5d-e905a6760a80@group-50E32BB97A46, cid=3025, SUCCESS, logIndex=4548, commits[056ae293-26b5-4d67-bc5d-e905a6760a80:c4549, a428730f-9893-43cb-a585-e65a7e8859c8:c4545, 994b73f6-7725-4304-b3a4-4941318c1d6c:c4545]
2019-07-08 19:53:33,064 INFO  client.GrpcClientProtocolClient (GrpcClientProtocolClient.java:onNext(255)) - client-B2F93226DCBB->056ae293-26b5-4d67-bc5d-e905a6760a80: receive RaftClientReply:client-B2F93226DCBB->056ae293-26b5-4d67-bc5d-e905a6760a80@group-50E32BB97A46, cid=3026, SUCCESS, logIndex=4549, commits[056ae293-26b5-4d67-bc5d-e905a6760a80:c4549, a428730f-9893-43cb-a585-e65a7e8859c8:c4545, 994b73f6-7725-4304-b3a4-4941318c1d6c:c4545]
2019-07-08 19:53:33,079 INFO  client.GrpcClientProtocolClient (GrpcClientProtocolClient.java:onNext(255)) - client-B2F93226DCBB->056ae293-26b5-4d67-bc5d-e905a6760a80: receive RaftClientReply:client-B2F93226DCBB->056ae293-26b5-4d67-bc5d-e905a6760a80@group-50E32BB97A46, cid=3027, SUCCESS, logIndex=0, commits[056ae293-26b5-4d67-bc5d-e905a6760a80:c4551, a428730f-9893-43cb-a585-e65a7e8859c8:c4547, 994b73f6-7725-4304-b3a4-4941318c1d6c:c4547]
2019-07-08 19:53:33,093 INFO  client.GrpcClientProtocolClient (GrpcClientProtocolClient.java:onNext(255)) - client-B2F93226DCBB->056ae293-26b5-4d67-bc5d-e905a6760a80: receive RaftClientReply:client-B2F93226DCBB->056ae293-26b5-4d67-bc5d-e905a6760a80@group-50E32BB97A46, cid=3028, SUCCESS, logIndex=4554, commits[056ae293-26b5-4d67-bc5d-e905a6760a80:c4555, a428730f-9893-43cb-a585-e65a7e8859c8:c4549, 994b73f6-7725-4304-b3a4-4941318c1d6c:c4553]
2019-07-08 19:53:33,093 INFO  client.GrpcClientProtocolClient (GrpcClientProtocolClient.java:onNext(255)) - client-B2F93226DCBB->056ae293-26b5-4d67-bc5d-e905a6760a80: receive RaftClientReply:client-B2F93226DCBB->056ae293-26b5-4d67-bc5d-e905a6760a80@group-50E32BB97A46, cid=3029, SUCCESS, logIndex=4555, commits[056ae293-26b5-4d67-bc5d-e905a6760a80:c4555, a428730f-9893-43cb-a585-e65a7e8859c8:c4549, 994b73f6-7725-4304-b3a4-4941318c1d6c:c4553]
2019-07-08 19:53:33,118 INFO  client.GrpcClientProtocolClient (GrpcClientProtocolClient.java:onNext(255)) - client-B2F93226DCBB->056ae293-26b5-4d67-bc5d-e905a6760a80: receive RaftClientReply:client-B2F93226DCBB->056ae293-26b5-4d67-bc5d-e905a6760a80@group-50E32BB97A46, cid=3030, SUCCESS, logIndex=4558, commits[056ae293-26b5-4d67-bc5d-e905a6760a80:c4559, a428730f-9893-43cb-a585-e65a7e8859c8:c4555, 994b73f6-7725-4304-b3a4-4941318c1d6c:c4555]
2019-07-08 19:53:33,118 INFO  client.GrpcClientProtocolClient (GrpcClientProtocolClient.java:onNext(255)) - client-B2F93226DCBB->056ae293-26b5-4d67-bc5d-e905a6760a80: receive RaftClientReply:client-B2F93226DCBB->056ae293-26b5-4d67-bc5d-e905a6760a80@group-50E32BB97A46, cid=3031, SUCCESS, logIndex=4559, commits[056ae293-26b5-4d67-bc5d-e905a6760a80:c4559, a428730f-9893-43cb-a585-e65a7e8859c8:c4555, 994b73f6-7725-4304-b3a4-4941318c1d6c:c4555]
2019-07-08 19:53:33,129 INFO  client.GrpcClientProtocolClient (GrpcClientProtocolClient.java:onNext(255)) - client-B2F93226DCBB->056ae293-26b5-4d67-bc5d-e905a6760a80: receive RaftClientReply:client-B2F93226DCBB->056ae293-26b5-4d67-bc5d-e905a6760a80@group-50E32BB97A46, cid=3032, SUCCESS, logIndex=0, commits[056ae293-26b5-4d67-bc5d-e905a6760a80:c4560, a428730f-9893-43cb-a585-e65a7e8859c8:c4559, 994b73f6-7725-4304-b3a4-4941318c1d6c:c4559]
2019-07-08 19:53:33,272 INFO  client.GrpcClientProtocolClient (GrpcClientProtocolClient.java:onNext(255)) - client-B2F93226DCBB->056ae293-26b5-4d67-bc5d-e905a6760a80: receive RaftClientReply:client-B2F93226DCBB->056ae293-26b5-4d67-bc5d-e905a6760a80@group-50E32BB97A46, cid=3033, SUCCESS, logIndex=4561, commits[056ae293-26b5-4d67-bc5d-e905a6760a80:c4562, a428730f-9893-43cb-a585-e65a7e8859c8:c4560, 994b73f6-7725-4304-b3a4-4941318c1d6c:c4560]
2019-07-08 19:53:33,272 INFO  client.GrpcClientProtocolClient (GrpcClientProtocolClient.java:onNext(255)) - client-B2F93226DCBB->056ae293-26b5-4d67-bc5d-e905a6760a80: receive RaftClientReply:client-B2F93226DCBB->056ae293-26b5-4d67-bc5d-e905a6760a80@group-50E32BB97A46, cid=3034, SUCCESS, logIndex=4562, commits[056ae293-26b5-4d67-bc5d-e905a6760a80:c4562, a428730f-9893-43cb-a585-e65a7e8859c8:c4560, 994b73f6-7725-4304-b3a4-4941318c1d6c:c4560]
2019-07-08 19:53:33,283 INFO  client.GrpcClientProtocolClient (GrpcClientProtocolClient.java:onNext(255)) - client-B2F93226DCBB->056ae293-26b5-4d67-bc5d-e905a6760a80: receive RaftClientReply:client-B2F93226DCBB->056ae293-26b5-4d67-bc5d-e905a6760a80@group-50E32BB97A46, cid=3035, SUCCESS, logIndex=4563, commits[056ae293-26b5-4d67-bc5d-e905a6760a80:c4564, a428730f-9893-43cb-a585-e65a7e8859c8:c4560, 994b73f6-7725-4304-b3a4-4941318c1d6c:c4560]
2019-07-08 19:53:33,283 INFO  client.GrpcClientProtocolClient (GrpcClientProtocolClient.java:onNext(255)) - client-B2F93226DCBB->056ae293-26b5-4d67-bc5d-e905a6760a80: receive RaftClientReply:client-B2F93226DCBB->056ae293-26b5-4d67-bc5d-e905a6760a80@group-50E32BB97A46, cid=3036, SUCCESS, logIndex=4564, commits[056ae293-26b5-4d67-bc5d-e905a6760a80:c4564, a428730f-9893-43cb-a585-e65a7e8859c8:c4560, 994b73f6-7725-4304-b3a4-4941318c1d6c:c4560]
2019-07-08 19:53:33,286 INFO  client.GrpcClientProtocolClient (GrpcClientProtocolClient.java:onNext(255)) - client-B2F93226DCBB->056ae293-26b5-4d67-bc5d-e905a6760a80: receive RaftClientReply:client-B2F93226DCBB->056ae293-26b5-4d67-bc5d-e905a6760a80@group-50E32BB97A46, cid=3037, SUCCESS, logIndex=0, commits[056ae293-26b5-4d67-bc5d-e905a6760a80:c4566, a428730f-9893-43cb-a585-e65a7e8859c8:c4562, 994b73f6-7725-4304-b3a4-4941318c1d6c:c4562]
2019-07-08 19:53:33,312 INFO  client.GrpcClientProtocolClient (GrpcClientProtocolClient.java:onNext(255)) - client-B2F93226DCBB->056ae293-26b5-4d67-bc5d-e905a6760a80: receive RaftClientReply:client-B2F93226DCBB->056ae293-26b5-4d67-bc5d-e905a6760a80@group-50E32BB97A46, cid=3038, SUCCESS, logIndex=4569, commits[056ae293-26b5-4d67-bc5d-e905a6760a80:c4570, a428730f-9893-43cb-a585-e65a7e8859c8:c4566, 994b73f6-7725-4304-b3a4-4941318c1d6c:c4564]
2019-07-08 19:53:33,313 INFO  client.GrpcClientProtocolClient (GrpcClientProtocolClient.java:onNext(255)) - client-B2F93226DCBB->056ae293-26b5-4d67-bc5d-e905a6760a80: receive RaftClientReply:client-B2F93226DCBB->056ae293-26b5-4d67-bc5d-e905a6760a80@group-50E32BB97A46, cid=3039, SUCCESS, logIndex=4570, commits[056ae293-26b5-4d67-bc5d-e905a6760a80:c4570, a428730f-9893-43cb-a585-e65a7e8859c8:c4566, 994b73f6-7725-4304-b3a4-4941318c1d6c:c4564]
2019-07-08 19:53:33,339 INFO  client.GrpcClientProtocolClient (GrpcClientProtocolClient.java:onNext(255)) - client-B2F93226DCBB->056ae293-26b5-4d67-bc5d-e905a6760a80: receive RaftClientReply:client-B2F93226DCBB->056ae293-26b5-4d67-bc5d-e905a6760a80@group-50E32BB97A46, cid=3040, SUCCESS, logIndex=4572, commits[056ae293-26b5-4d67-bc5d-e905a6760a80:c4573, a428730f-9893-43cb-a585-e65a7e8859c8:c4570, 994b73f6-7725-4304-b3a4-4941318c1d6c:c4570]
2019-07-08 19:53:33,340 INFO  client.GrpcClientProtocolClient (GrpcClientProtocolClient.java:onNext(255)) - client-B2F93226DCBB->056ae293-26b5-4d67-bc5d-e905a6760a80: receive RaftClientReply:client-B2F93226DCBB->056ae293-26b5-4d67-bc5d-e905a6760a80@group-50E32BB97A46, cid=3041, SUCCESS, logIndex=4573, commits[056ae293-26b5-4d67-bc5d-e905a6760a80:c4573, a428730f-9893-43cb-a585-e65a7e8859c8:c4570, 994b73f6-7725-4304-b3a4-4941318c1d6c:c4570]
2019-07-08 19:53:33,365 INFO  client.GrpcClientProtocolClient (GrpcClientProtocolClient.java:onNext(255)) - client-B2F93226DCBB->056ae293-26b5-4d67-bc5d-e905a6760a80: receive RaftClientReply:client-B2F93226DCBB->056ae293-26b5-4d67-bc5d-e905a6760a80@group-50E32BB97A46, cid=3042, SUCCESS, logIndex=0, commits[056ae293-26b5-4d67-bc5d-e905a6760a80:c4575, a428730f-9893-43cb-a585-e65a7e8859c8:c4573, 994b73f6-7725-4304-b3a4-4941318c1d6c:c4573]
2019-07-08 19:53:33,400 INFO  client.GrpcClientProtocolClient (GrpcClientProtocolClient.java:onNext(255)) - client-B2F93226DCBB->056ae293-26b5-4d67-bc5d-e905a6760a80: receive RaftClientReply:client-B2F93226DCBB->056ae293-26b5-4d67-bc5d-e905a6760a80@group-50E32BB97A46, cid=3043, SUCCESS, logIndex=4576, commits[056ae293-26b5-4d67-bc5d-e905a6760a80:c4577, a428730f-9893-43cb-a585-e65a7e8859c8:c4575, 994b73f6-7725-4304-b3a4-4941318c1d6c:c4575]
2019-07-08 19:53:33,400 INFO  client.GrpcClientProtocolClient (GrpcClientProtocolClient.java:onNext(255)) - client-B2F93226DCBB->056ae293-26b5-4d67-bc5d-e905a6760a80: receive RaftClientReply:client-B2F93226DCBB->056ae293-26b5-4d67-bc5d-e905a6760a80@group-50E32BB97A46, cid=3044, SUCCESS, logIndex=4577, commits[056ae293-26b5-4d67-bc5d-e905a6760a80:c4577, a428730f-9893-43cb-a585-e65a7e8859c8:c4575, 994b73f6-7725-4304-b3a4-4941318c1d6c:c4575]
2019-07-08 19:53:33,419 INFO  client.GrpcClientProtocolClient (GrpcClientProtocolClient.java:onNext(255)) - client-B2F93226DCBB->056ae293-26b5-4d67-bc5d-e905a6760a80: receive RaftClientReply:client-B2F93226DCBB->056ae293-26b5-4d67-bc5d-e905a6760a80@group-50E32BB97A46, cid=3045, SUCCESS, logIndex=4578, commits[056ae293-26b5-4d67-bc5d-e905a6760a80:c4579, a428730f-9893-43cb-a585-e65a7e8859c8:c4575, 994b73f6-7725-4304-b3a4-4941318c1d6c:c4575]
2019-07-08 19:53:33,419 INFO  client.GrpcClientProtocolClient (GrpcClientProtocolClient.java:onNext(255)) - client-B2F93226DCBB->056ae293-26b5-4d67-bc5d-e905a6760a80: receive RaftClientReply:client-B2F93226DCBB->056ae293-26b5-4d67-bc5d-e905a6760a80@group-50E32BB97A46, cid=3046, SUCCESS, logIndex=4579, commits[056ae293-26b5-4d67-bc5d-e905a6760a80:c4579, a428730f-9893-43cb-a585-e65a7e8859c8:c4575, 994b73f6-7725-4304-b3a4-4941318c1d6c:c4575]
2019-07-08 19:53:33,421 INFO  client.GrpcClientProtocolClient (GrpcClientProtocolClient.java:onNext(255)) - client-B2F93226DCBB->056ae293-26b5-4d67-bc5d-e905a6760a80: receive RaftClientReply:client-B2F93226DCBB->056ae293-26b5-4d67-bc5d-e905a6760a80@group-50E32BB97A46, cid=3047, SUCCESS, logIndex=0, commits[056ae293-26b5-4d67-bc5d-e905a6760a80:c4581, a428730f-9893-43cb-a585-e65a7e8859c8:c4577, 994b73f6-7725-4304-b3a4-4941318c1d6c:c4577]
2019-07-08 19:53:33,435 INFO  client.GrpcClientProtocolClient (GrpcClientProtocolClient.java:onNext(255)) - client-B2F93226DCBB->056ae293-26b5-4d67-bc5d-e905a6760a80: receive RaftClientReply:client-B2F93226DCBB->056ae293-26b5-4d67-bc5d-e905a6760a80@group-50E32BB97A46, cid=3048, SUCCESS, logIndex=4584, commits[056ae293-26b5-4d67-bc5d-e905a6760a80:c4585, a428730f-9893-43cb-a585-e65a7e8859c8:c4579, 994b73f6-7725-4304-b3a4-4941318c1d6c:c4583]
2019-07-08 19:53:33,435 INFO  client.GrpcClientProtocolClient (GrpcClientProtocolClient.java:onNext(255)) - client-B2F93226DCBB->056ae293-26b5-4d67-bc5d-e905a6760a80: receive RaftClientReply:client-B2F93226DCBB->056ae293-26b5-4d67-bc5d-e905a6760a80@group-50E32BB97A46, cid=3049, SUCCESS, logIndex=4585, commits[056ae293-26b5-4d67-bc5d-e905a6760a80:c4585, a428730f-9893-43cb-a585-e65a7e8859c8:c4583, 994b73f6-7725-4304-b3a4-4941318c1d6c:c4583]
 0.00% |█                                                                                                    |  0/1 Time: 0:00:292019-07-08 19:53:33,447 INFO  client.GrpcClientProtocolClient (GrpcClientProtocolClient.java:onNext(255)) - client-B2F93226DCBB->056ae293-26b5-4d67-bc5d-e905a6760a80: receive RaftClientReply:client-B2F93226DCBB->056ae293-26b5-4d67-bc5d-e905a6760a80@group-50E32BB97A46, cid=3050, SUCCESS, logIndex=4588, commits[056ae293-26b5-4d67-bc5d-e905a6760a80:c4589, a428730f-9893-43cb-a585-e65a7e8859c8:c4587, 994b73f6-7725-4304-b3a4-4941318c1d6c:c4587]
2019-07-08 19:53:33,448 INFO  client.GrpcClientProtocolClient (GrpcClientProtocolClient.java:onNext(255)) - client-B2F93226DCBB->056ae293-26b5-4d67-bc5d-e905a6760a80: receive RaftClientReply:client-B2F93226DCBB->056ae293-26b5-4d67-bc5d-e905a6760a80@group-50E32BB97A46, cid=3051, SUCCESS, logIndex=4589, commits[056ae293-26b5-4d67-bc5d-e905a6760a80:c4589, a428730f-9893-43cb-a585-e65a7e8859c8:c4587, 994b73f6-7725-4304-b3a4-4941318c1d6c:c4587]
2019-07-08 19:53:33,454 INFO  client.GrpcClientProtocolClient (GrpcClientProtocolClient.java:onNext(255)) - client-B2F93226DCBB->056ae293-26b5-4d67-bc5d-e905a6760a80: receive RaftClientReply:client-B2F93226DCBB->056ae293-26b5-4d67-bc5d-e905a6760a80@group-50E32BB97A46, cid=3052, SUCCESS, logIndex=0, commits[056ae293-26b5-4d67-bc5d-e905a6760a80:c4591, a428730f-9893-43cb-a585-e65a7e8859c8:c4589, 994b73f6-7725-4304-b3a4-4941318c1d6c:c4589]
2019-07-08 19:53:33,476 INFO  client.GrpcClientProtocolClient (GrpcClientProtocolClient.java:onNext(255)) - client-B2F93226DCBB->056ae293-26b5-4d67-bc5d-e905a6760a80: receive RaftClientReply:client-B2F93226DCBB->056ae293-26b5-4d67-bc5d-e905a6760a80@group-50E32BB97A46, cid=3053, SUCCESS, logIndex=4592, commits[056ae293-26b5-4d67-bc5d-e905a6760a80:c4593, a428730f-9893-43cb-a585-e65a7e8859c8:c4589, 994b73f6-7725-4304-b3a4-4941318c1d6c:c4591]
2019-07-08 19:53:33,477 INFO  client.GrpcClientProtocolClient (GrpcClientProtocolClient.java:onNext(255)) - client-B2F93226DCBB->056ae293-26b5-4d67-bc5d-e905a6760a80: receive RaftClientReply:client-B2F93226DCBB->056ae293-26b5-4d67-bc5d-e905a6760a80@group-50E32BB97A46, cid=3054, SUCCESS, logIndex=4593, commits[056ae293-26b5-4d67-bc5d-e905a6760a80:c4593, a428730f-9893-43cb-a585-e65a7e8859c8:c4589, 994b73f6-7725-4304-b3a4-4941318c1d6c:c4591]
2019-07-08 19:53:33,482 INFO  client.GrpcClientProtocolClient (GrpcClientProtocolClient.java:onNext(255)) - client-B2F93226DCBB->056ae293-26b5-4d67-bc5d-e905a6760a80: receive RaftClientReply:client-B2F93226DCBB->056ae293-26b5-4d67-bc5d-e905a6760a80@group-50E32BB97A46, cid=3055, SUCCESS, logIndex=4594, commits[056ae293-26b5-4d67-bc5d-e905a6760a80:c4594, a428730f-9893-43cb-a585-e65a7e8859c8:c4591, 994b73f6-7725-4304-b3a4-4941318c1d6c:c4591]
2019-07-08 19:53:33,482 INFO  client.GrpcClientProtocolClient (GrpcClientProtocolClient.java:onNext(255)) - client-B2F93226DCBB->056ae293-26b5-4d67-bc5d-e905a6760a80: receive RaftClientReply:client-B2F93226DCBB->056ae293-26b5-4d67-bc5d-e905a6760a80@group-50E32BB97A46, cid=3056, SUCCESS, logIndex=4595, commits[056ae293-26b5-4d67-bc5d-e905a6760a80:c4597, a428730f-9893-43cb-a585-e65a7e8859c8:c4593, 994b73f6-7725-4304-b3a4-4941318c1d6c:c4592]
2019-07-08 19:53:33,483 INFO  client.GrpcClientProtocolClient (GrpcClientProtocolClient.java:onNext(255)) - client-B2F93226DCBB->056ae293-26b5-4d67-bc5d-e905a6760a80: receive RaftClientReply:client-B2F93226DCBB->056ae293-26b5-4d67-bc5d-e905a6760a80@group-50E32BB97A46, cid=3057, SUCCESS, logIndex=0, commits[056ae293-26b5-4d67-bc5d-e905a6760a80:c4597, a428730f-9893-43cb-a585-e65a7e8859c8:c4593, 994b73f6-7725-4304-b3a4-4941318c1d6c:c4593]
2019-07-08 19:53:33,495 INFO  client.GrpcClientProtocolClient (GrpcClientProtocolClient.java:onNext(255)) - client-B2F93226DCBB->056ae293-26b5-4d67-bc5d-e905a6760a80: receive RaftClientReply:client-B2F93226DCBB->056ae293-26b5-4d67-bc5d-e905a6760a80@group-50E32BB97A46, cid=3058, SUCCESS, logIndex=4599, commits[056ae293-26b5-4d67-bc5d-e905a6760a80:c4600, a428730f-9893-43cb-a585-e65a7e8859c8:c4598, 994b73f6-7725-4304-b3a4-4941318c1d6c:c4598]
2019-07-08 19:53:33,496 INFO  client.GrpcClientProtocolClient (GrpcClientProtocolClient.java:onNext(255)) - client-B2F93226DCBB->056ae293-26b5-4d67-bc5d-e905a6760a80: receive RaftClientReply:client-B2F93226DCBB->056ae293-26b5-4d67-bc5d-e905a6760a80@group-50E32BB97A46, cid=3059, SUCCESS, logIndex=4600, commits[056ae293-26b5-4d67-bc5d-e905a6760a80:c4600, a428730f-9893-43cb-a585-e65a7e8859c8:c4598, 994b73f6-7725-4304-b3a4-4941318c1d6c:c4598]
2019-07-08 19:53:33,511 INFO  client.GrpcClientProtocolClient (GrpcClientProtocolClient.java:onNext(255)) - client-B2F93226DCBB->056ae293-26b5-4d67-bc5d-e905a6760a80: receive RaftClientReply:client-B2F93226DCBB->056ae293-26b5-4d67-bc5d-e905a6760a80@group-50E32BB97A46, cid=3060, SUCCESS, logIndex=4603, commits[056ae293-26b5-4d67-bc5d-e905a6760a80:c4604, a428730f-9893-43cb-a585-e65a7e8859c8:c4601, 994b73f6-7725-4304-b3a4-4941318c1d6c:c4601]
2019-07-08 19:53:33,511 INFO  client.GrpcClientProtocolClient (GrpcClientProtocolClient.java:onNext(255)) - client-B2F93226DCBB->056ae293-26b5-4d67-bc5d-e905a6760a80: receive RaftClientReply:client-B2F93226DCBB->056ae293-26b5-4d67-bc5d-e905a6760a80@group-50E32BB97A46, cid=3061, SUCCESS, logIndex=4604, commits[056ae293-26b5-4d67-bc5d-e905a6760a80:c4604, a428730f-9893-43cb-a585-e65a7e8859c8:c4601, 994b73f6-7725-4304-b3a4-4941318c1d6c:c4601]
2019-07-08 19:53:33,518 INFO  client.GrpcClientProtocolClient (GrpcClientProtocolClient.java:onNext(255)) - client-B2F93226DCBB->056ae293-26b5-4d67-bc5d-e905a6760a80: receive RaftClientReply:client-B2F93226DCBB->056ae293-26b5-4d67-bc5d-e905a6760a80@group-50E32BB97A46, cid=3062, SUCCESS, logIndex=0, commits[056ae293-26b5-4d67-bc5d-e905a6760a80:c4606, a428730f-9893-43cb-a585-e65a7e8859c8:c4604, 994b73f6-7725-4304-b3a4-4941318c1d6c:c4604]
2019-07-08 19:53:33,543 INFO  client.GrpcClientProtocolClient (GrpcClientProtocolClient.java:onNext(255)) - client-B2F93226DCBB->056ae293-26b5-4d67-bc5d-e905a6760a80: receive RaftClientReply:client-B2F93226DCBB->056ae293-26b5-4d67-bc5d-e905a6760a80@group-50E32BB97A46, cid=3063, SUCCESS, logIndex=4607, commits[056ae293-26b5-4d67-bc5d-e905a6760a80:c4608, a428730f-9893-43cb-a585-e65a7e8859c8:c4606, 994b73f6-7725-4304-b3a4-4941318c1d6c:c4606]
2019-07-08 19:53:33,544 INFO  client.GrpcClientProtocolClient (GrpcClientProtocolClient.java:onNext(255)) - client-B2F93226DCBB->056ae293-26b5-4d67-bc5d-e905a6760a80: receive RaftClientReply:client-B2F93226DCBB->056ae293-26b5-4d67-bc5d-e905a6760a80@group-50E32BB97A46, cid=3064, SUCCESS, logIndex=4608, commits[056ae293-26b5-4d67-bc5d-e905a6760a80:c4610, a428730f-9893-43cb-a585-e65a7e8859c8:c4606, 994b73f6-7725-4304-b3a4-4941318c1d6c:c4606]
2019-07-08 19:53:33,544 INFO  client.GrpcClientProtocolClient (GrpcClientProtocolClient.java:onNext(255)) - client-B2F93226DCBB->056ae293-26b5-4d67-bc5d-e905a6760a80: receive RaftClientReply:client-B2F93226DCBB->056ae293-26b5-4d67-bc5d-e905a6760a80@group-50E32BB97A46, cid=3065, SUCCESS, logIndex=4609, commits[056ae293-26b5-4d67-bc5d-e905a6760a80:c4610, a428730f-9893-43cb-a585-e65a7e8859c8:c4606, 994b73f6-7725-4304-b3a4-4941318c1d6c:c4606]
2019-07-08 19:53:33,544 INFO  client.GrpcClientProtocolClient (GrpcClientProtocolClient.java:onNext(255)) - client-B2F93226DCBB->056ae293-26b5-4d67-bc5d-e905a6760a80: receive RaftClientReply:client-B2F93226DCBB->056ae293-26b5-4d67-bc5d-e905a6760a80@group-50E32BB97A46, cid=3066, SUCCESS, logIndex=4610, commits[056ae293-26b5-4d67-bc5d-e905a6760a80:c4610, a428730f-9893-43cb-a585-e65a7e8859c8:c4606, 994b73f6-7725-4304-b3a4-4941318c1d6c:c4606]
2019-07-08 19:53:33,558 INFO  client.GrpcClientProtocolClient (GrpcClientProtocolClient.java:onNext(255)) - client-B2F93226DCBB->056ae293-26b5-4d67-bc5d-e905a6760a80: receive RaftClientReply:client-B2F93226DCBB->056ae293-26b5-4d67-bc5d-e905a6760a80@group-50E32BB97A46, cid=3067, SUCCESS, logIndex=0, commits[056ae293-26b5-4d67-bc5d-e905a6760a80:c4612, a428730f-9893-43cb-a585-e65a7e8859c8:c4608, 994b73f6-7725-4304-b3a4-4941318c1d6c:c4608]
2019-07-08 19:53:33,579 INFO  client.GrpcClientProtocolClient (GrpcClientProtocolClient.java:onNext(255)) - client-B2F93226DCBB->056ae293-26b5-4d67-bc5d-e905a6760a80: receive RaftClientReply:client-B2F93226DCBB->056ae293-26b5-4d67-bc5d-e905a6760a80@group-50E32BB97A46, cid=3068, SUCCESS, logIndex=4614, commits[056ae293-26b5-4d67-bc5d-e905a6760a80:c4615, a428730f-9893-43cb-a585-e65a7e8859c8:c4613, 994b73f6-7725-4304-b3a4-4941318c1d6c:c4613]
2019-07-08 19:53:33,580 INFO  client.GrpcClientProtocolClient (GrpcClientProtocolClient.java:onNext(255)) - client-B2F93226DCBB->056ae293-26b5-4d67-bc5d-e905a6760a80: receive RaftClientReply:client-B2F93226DCBB->056ae293-26b5-4d67-bc5d-e905a6760a80@group-50E32BB97A46, cid=3069, SUCCESS, logIndex=4615, commits[056ae293-26b5-4d67-bc5d-e905a6760a80:c4615, a428730f-9893-43cb-a585-e65a7e8859c8:c4613, 994b73f6-7725-4304-b3a4-4941318c1d6c:c4613]
2019-07-08 19:53:33,594 INFO  client.GrpcClientProtocolClient (GrpcClientProtocolClient.java:onNext(255)) - client-B2F93226DCBB->056ae293-26b5-4d67-bc5d-e905a6760a80: receive RaftClientReply:client-B2F93226DCBB->056ae293-26b5-4d67-bc5d-e905a6760a80@group-50E32BB97A46, cid=3070, SUCCESS, logIndex=4618, commits[056ae293-26b5-4d67-bc5d-e905a6760a80:c4619, a428730f-9893-43cb-a585-e65a7e8859c8:c4615, 994b73f6-7725-4304-b3a4-4941318c1d6c:c4615]
2019-07-08 19:53:33,595 INFO  client.GrpcClientProtocolClient (GrpcClientProtocolClient.java:onNext(255)) - client-B2F93226DCBB->056ae293-26b5-4d67-bc5d-e905a6760a80: receive RaftClientReply:client-B2F93226DCBB->056ae293-26b5-4d67-bc5d-e905a6760a80@group-50E32BB97A46, cid=3071, SUCCESS, logIndex=4619, commits[056ae293-26b5-4d67-bc5d-e905a6760a80:c4619, a428730f-9893-43cb-a585-e65a7e8859c8:c4615, 994b73f6-7725-4304-b3a4-4941318c1d6c:c4615]
2019-07-08 19:53:33,608 INFO  client.GrpcClientProtocolClient (GrpcClientProtocolClient.java:onNext(255)) - client-B2F93226DCBB->056ae293-26b5-4d67-bc5d-e905a6760a80: receive RaftClientReply:client-B2F93226DCBB->056ae293-26b5-4d67-bc5d-e905a6760a80@group-50E32BB97A46, cid=3072, SUCCESS, logIndex=0, commits[056ae293-26b5-4d67-bc5d-e905a6760a80:c4620, a428730f-9893-43cb-a585-e65a7e8859c8:c4619, 994b73f6-7725-4304-b3a4-4941318c1d6c:c4619]
2019-07-08 19:53:33,638 INFO  client.GrpcClientProtocolClient (GrpcClientProtocolClient.java:onNext(255)) - client-B2F93226DCBB->056ae293-26b5-4d67-bc5d-e905a6760a80: receive RaftClientReply:client-B2F93226DCBB->056ae293-26b5-4d67-bc5d-e905a6760a80@group-50E32BB97A46, cid=3073, SUCCESS, logIndex=4622, commits[056ae293-26b5-4d67-bc5d-e905a6760a80:c4623, a428730f-9893-43cb-a585-e65a7e8859c8:c4621, 994b73f6-7725-4304-b3a4-4941318c1d6c:c4621]
2019-07-08 19:53:33,639 INFO  client.GrpcClientProtocolClient (GrpcClientProtocolClient.java:onNext(255)) - client-B2F93226DCBB->056ae293-26b5-4d67-bc5d-e905a6760a80: receive RaftClientReply:client-B2F93226DCBB->056ae293-26b5-4d67-bc5d-e905a6760a80@group-50E32BB97A46, cid=3074, SUCCESS, logIndex=4623, commits[056ae293-26b5-4d67-bc5d-e905a6760a80:c4625, a428730f-9893-43cb-a585-e65a7e8859c8:c4621, 994b73f6-7725-4304-b3a4-4941318c1d6c:c4621]
2019-07-08 19:53:33,639 INFO  client.GrpcClientProtocolClient (GrpcClientProtocolClient.java:onNext(255)) - client-B2F93226DCBB->056ae293-26b5-4d67-bc5d-e905a6760a80: receive RaftClientReply:client-B2F93226DCBB->056ae293-26b5-4d67-bc5d-e905a6760a80@group-50E32BB97A46, cid=3075, SUCCESS, logIndex=4624, commits[056ae293-26b5-4d67-bc5d-e905a6760a80:c4625, a428730f-9893-43cb-a585-e65a7e8859c8:c4621, 994b73f6-7725-4304-b3a4-4941318c1d6c:c4621]
2019-07-08 19:53:33,639 INFO  client.GrpcClientProtocolClient (GrpcClientProtocolClient.java:onNext(255)) - client-B2F93226DCBB->056ae293-26b5-4d67-bc5d-e905a6760a80: receive RaftClientReply:client-B2F93226DCBB->056ae293-26b5-4d67-bc5d-e905a6760a80@group-50E32BB97A46, cid=3076, SUCCESS, logIndex=4625, commits[056ae293-26b5-4d67-bc5d-e905a6760a80:c4625, a428730f-9893-43cb-a585-e65a7e8859c8:c4621, 994b73f6-7725-4304-b3a4-4941318c1d6c:c4621]
2019-07-08 19:53:33,652 INFO  client.GrpcClientProtocolClient (GrpcClientProtocolClient.java:onNext(255)) - client-B2F93226DCBB->056ae293-26b5-4d67-bc5d-e905a6760a80: receive RaftClientReply:client-B2F93226DCBB->056ae293-26b5-4d67-bc5d-e905a6760a80@group-50E32BB97A46, cid=3077, SUCCESS, logIndex=0, commits[056ae293-26b5-4d67-bc5d-e905a6760a80:c4627, a428730f-9893-43cb-a585-e65a7e8859c8:c4623, 994b73f6-7725-4304-b3a4-4941318c1d6c:c4623]
2019-07-08 19:53:33,672 INFO  client.GrpcClientProtocolClient (GrpcClientProtocolClient.java:onNext(255)) - client-B2F93226DCBB->056ae293-26b5-4d67-bc5d-e905a6760a80: receive RaftClientReply:client-B2F93226DCBB->056ae293-26b5-4d67-bc5d-e905a6760a80@group-50E32BB97A46, cid=3078, SUCCESS, logIndex=4629, commits[056ae293-26b5-4d67-bc5d-e905a6760a80:c4630, a428730f-9893-43cb-a585-e65a7e8859c8:c4628, 994b73f6-7725-4304-b3a4-4941318c1d6c:c4625]
2019-07-08 19:53:33,673 INFO  client.GrpcClientProtocolClient (GrpcClientProtocolClient.java:onNext(255)) - client-B2F93226DCBB->056ae293-26b5-4d67-bc5d-e905a6760a80: receive RaftClientReply:client-B2F93226DCBB->056ae293-26b5-4d67-bc5d-e905a6760a80@group-50E32BB97A46, cid=3079, SUCCESS, logIndex=4630, commits[056ae293-26b5-4d67-bc5d-e905a6760a80:c4630, a428730f-9893-43cb-a585-e65a7e8859c8:c4628, 994b73f6-7725-4304-b3a4-4941318c1d6c:c4628]
2019-07-08 19:53:33,690 INFO  client.GrpcClientProtocolClient (GrpcClientProtocolClient.java:onNext(255)) - client-B2F93226DCBB->056ae293-26b5-4d67-bc5d-e905a6760a80: receive RaftClientReply:client-B2F93226DCBB->056ae293-26b5-4d67-bc5d-e905a6760a80@group-50E32BB97A46, cid=3080, SUCCESS, logIndex=4633, commits[056ae293-26b5-4d67-bc5d-e905a6760a80:c4633, a428730f-9893-43cb-a585-e65a7e8859c8:c4630, 994b73f6-7725-4304-b3a4-4941318c1d6c:c4630]
2019-07-08 19:53:33,690 INFO  client.GrpcClientProtocolClient (GrpcClientProtocolClient.java:onNext(255)) - client-B2F93226DCBB->056ae293-26b5-4d67-bc5d-e905a6760a80: receive RaftClientReply:client-B2F93226DCBB->056ae293-26b5-4d67-bc5d-e905a6760a80@group-50E32BB97A46, cid=3081, SUCCESS, logIndex=4634, commits[056ae293-26b5-4d67-bc5d-e905a6760a80:c4634, a428730f-9893-43cb-a585-e65a7e8859c8:c4630, 994b73f6-7725-4304-b3a4-4941318c1d6c:c4630]
2019-07-08 19:53:33,697 INFO  client.GrpcClientProtocolClient (GrpcClientProtocolClient.java:onNext(255)) - client-B2F93226DCBB->056ae293-26b5-4d67-bc5d-e905a6760a80: receive RaftClientReply:client-B2F93226DCBB->056ae293-26b5-4d67-bc5d-e905a6760a80@group-50E32BB97A46, cid=3082, SUCCESS, logIndex=0, commits[056ae293-26b5-4d67-bc5d-e905a6760a80:c4636, a428730f-9893-43cb-a585-e65a7e8859c8:c4634, 994b73f6-7725-4304-b3a4-4941318c1d6c:c4634]
2019-07-08 19:53:33,724 INFO  client.GrpcClientProtocolClient (GrpcClientProtocolClient.java:onNext(255)) - client-B2F93226DCBB->056ae293-26b5-4d67-bc5d-e905a6760a80: receive RaftClientReply:client-B2F93226DCBB->056ae293-26b5-4d67-bc5d-e905a6760a80@group-50E32BB97A46, cid=3083, SUCCESS, logIndex=4637, commits[056ae293-26b5-4d67-bc5d-e905a6760a80:c4639, a428730f-9893-43cb-a585-e65a7e8859c8:c4636, 994b73f6-7725-4304-b3a4-4941318c1d6c:c4636]
2019-07-08 19:53:33,725 INFO  client.GrpcClientProtocolClient (GrpcClientProtocolClient.java:onNext(255)) - client-B2F93226DCBB->056ae293-26b5-4d67-bc5d-e905a6760a80: receive RaftClientReply:client-B2F93226DCBB->056ae293-26b5-4d67-bc5d-e905a6760a80@group-50E32BB97A46, cid=3084, SUCCESS, logIndex=4638, commits[056ae293-26b5-4d67-bc5d-e905a6760a80:c4639, a428730f-9893-43cb-a585-e65a7e8859c8:c4636, 994b73f6-7725-4304-b3a4-4941318c1d6c:c4636]
2019-07-08 19:53:33,725 INFO  client.GrpcClientProtocolClient (GrpcClientProtocolClient.java:onNext(255)) - client-B2F93226DCBB->056ae293-26b5-4d67-bc5d-e905a6760a80: receive RaftClientReply:client-B2F93226DCBB->056ae293-26b5-4d67-bc5d-e905a6760a80@group-50E32BB97A46, cid=3085, SUCCESS, logIndex=4639, commits[056ae293-26b5-4d67-bc5d-e905a6760a80:c4640, a428730f-9893-43cb-a585-e65a7e8859c8:c4636, 994b73f6-7725-4304-b3a4-4941318c1d6c:c4636]
2019-07-08 19:53:33,725 INFO  client.GrpcClientProtocolClient (GrpcClientProtocolClient.java:onNext(255)) - client-B2F93226DCBB->056ae293-26b5-4d67-bc5d-e905a6760a80: receive RaftClientReply:client-B2F93226DCBB->056ae293-26b5-4d67-bc5d-e905a6760a80@group-50E32BB97A46, cid=3086, SUCCESS, logIndex=4640, commits[056ae293-26b5-4d67-bc5d-e905a6760a80:c4640, a428730f-9893-43cb-a585-e65a7e8859c8:c4636, 994b73f6-7725-4304-b3a4-4941318c1d6c:c4636]
2019-07-08 19:53:33,726 INFO  client.GrpcClientProtocolClient (GrpcClientProtocolClient.java:onNext(255)) - client-B2F93226DCBB->056ae293-26b5-4d67-bc5d-e905a6760a80: receive RaftClientReply:client-B2F93226DCBB->056ae293-26b5-4d67-bc5d-e905a6760a80@group-50E32BB97A46, cid=3087, SUCCESS, logIndex=0, commits[056ae293-26b5-4d67-bc5d-e905a6760a80:c4641, a428730f-9893-43cb-a585-e65a7e8859c8:c4638, 994b73f6-7725-4304-b3a4-4941318c1d6c:c4638]
2019-07-08 19:53:33,739 INFO  client.GrpcClientProtocolClient (GrpcClientProtocolClient.java:onNext(255)) - client-B2F93226DCBB->056ae293-26b5-4d67-bc5d-e905a6760a80: receive RaftClientReply:client-B2F93226DCBB->056ae293-26b5-4d67-bc5d-e905a6760a80@group-50E32BB97A46, cid=3088, SUCCESS, logIndex=4645, commits[056ae293-26b5-4d67-bc5d-e905a6760a80:c4646, a428730f-9893-43cb-a585-e65a7e8859c8:c4644, 994b73f6-7725-4304-b3a4-4941318c1d6c:c4644]
2019-07-08 19:53:33,739 INFO  client.GrpcClientProtocolClient (GrpcClientProtocolClient.java:onNext(255)) - client-B2F93226DCBB->056ae293-26b5-4d67-bc5d-e905a6760a80: receive RaftClientReply:client-B2F93226DCBB->056ae293-26b5-4d67-bc5d-e905a6760a80@group-50E32BB97A46, cid=3089, SUCCESS, logIndex=4646, commits[056ae293-26b5-4d67-bc5d-e905a6760a80:c4646, a428730f-9893-43cb-a585-e65a7e8859c8:c4644, 994b73f6-7725-4304-b3a4-4941318c1d6c:c4644]
2019-07-08 19:53:33,751 INFO  client.GrpcClientProtocolClient (GrpcClientProtocolClient.java:onNext(255)) - client-B2F93226DCBB->056ae293-26b5-4d67-bc5d-e905a6760a80: receive RaftClientReply:client-B2F93226DCBB->056ae293-26b5-4d67-bc5d-e905a6760a80@group-50E32BB97A46, cid=3090, SUCCESS, logIndex=4649, commits[056ae293-26b5-4d67-bc5d-e905a6760a80:c4650, a428730f-9893-43cb-a585-e65a7e8859c8:c4647, 994b73f6-7725-4304-b3a4-4941318c1d6c:c4647]
2019-07-08 19:53:33,751 INFO  client.GrpcClientProtocolClient (GrpcClientProtocolClient.java:onNext(255)) - client-B2F93226DCBB->056ae293-26b5-4d67-bc5d-e905a6760a80: receive RaftClientReply:client-B2F93226DCBB->056ae293-26b5-4d67-bc5d-e905a6760a80@group-50E32BB97A46, cid=3091, SUCCESS, logIndex=4650, commits[056ae293-26b5-4d67-bc5d-e905a6760a80:c4650, a428730f-9893-43cb-a585-e65a7e8859c8:c4647, 994b73f6-7725-4304-b3a4-4941318c1d6c:c4647]
2019-07-08 19:53:33,756 INFO  client.GrpcClientProtocolClient (GrpcClientProtocolClient.java:onNext(255)) - client-B2F93226DCBB->056ae293-26b5-4d67-bc5d-e905a6760a80: receive RaftClientReply:client-B2F93226DCBB->056ae293-26b5-4d67-bc5d-e905a6760a80@group-50E32BB97A46, cid=3092, SUCCESS, logIndex=0, commits[056ae293-26b5-4d67-bc5d-e905a6760a80:c4651, a428730f-9893-43cb-a585-e65a7e8859c8:c4650, 994b73f6-7725-4304-b3a4-4941318c1d6c:c4650]
2019-07-08 19:53:33,785 INFO  client.GrpcClientProtocolClient (GrpcClientProtocolClient.java:onNext(255)) - client-B2F93226DCBB->056ae293-26b5-4d67-bc5d-e905a6760a80: receive RaftClientReply:client-B2F93226DCBB->056ae293-26b5-4d67-bc5d-e905a6760a80@group-50E32BB97A46, cid=3093, SUCCESS, logIndex=4653, commits[056ae293-26b5-4d67-bc5d-e905a6760a80:c4654, a428730f-9893-43cb-a585-e65a7e8859c8:c4652, 994b73f6-7725-4304-b3a4-4941318c1d6c:c4652]
2019-07-08 19:53:33,786 INFO  client.GrpcClientProtocolClient (GrpcClientProtocolClient.java:onNext(255)) - client-B2F93226DCBB->056ae293-26b5-4d67-bc5d-e905a6760a80: receive RaftClientReply:client-B2F93226DCBB->056ae293-26b5-4d67-bc5d-e905a6760a80@group-50E32BB97A46, cid=3094, SUCCESS, logIndex=4654, commits[056ae293-26b5-4d67-bc5d-e905a6760a80:c4655, a428730f-9893-43cb-a585-e65a7e8859c8:c4652, 994b73f6-7725-4304-b3a4-4941318c1d6c:c4652]
2019-07-08 19:53:33,787 INFO  client.GrpcClientProtocolClient (GrpcClientProtocolClient.java:onNext(255)) - client-B2F93226DCBB->056ae293-26b5-4d67-bc5d-e905a6760a80: receive RaftClientReply:client-B2F93226DCBB->056ae293-26b5-4d67-bc5d-e905a6760a80@group-50E32BB97A46, cid=3095, SUCCESS, logIndex=4655, commits[056ae293-26b5-4d67-bc5d-e905a6760a80:c4657, a428730f-9893-43cb-a585-e65a7e8859c8:c4652, 994b73f6-7725-4304-b3a4-4941318c1d6c:c4653]
2019-07-08 19:53:33,787 INFO  client.GrpcClientProtocolClient (GrpcClientProtocolClient.java:onNext(255)) - client-B2F93226DCBB->056ae293-26b5-4d67-bc5d-e905a6760a80: receive RaftClientReply:client-B2F93226DCBB->056ae293-26b5-4d67-bc5d-e905a6760a80@group-50E32BB97A46, cid=3096, SUCCESS, logIndex=4656, commits[056ae293-26b5-4d67-bc5d-e905a6760a80:c4658, a428730f-9893-43cb-a585-e65a7e8859c8:c4654, 994b73f6-7725-4304-b3a4-4941318c1d6c:c4653]
2019-07-08 19:53:33,789 INFO  client.GrpcClientProtocolClient (GrpcClientProtocolClient.java:onNext(255)) - client-B2F93226DCBB->056ae293-26b5-4d67-bc5d-e905a6760a80: receive RaftClientReply:client-B2F93226DCBB->056ae293-26b5-4d67-bc5d-e905a6760a80@group-50E32BB97A46, cid=3097, SUCCESS, logIndex=0, commits[056ae293-26b5-4d67-bc5d-e905a6760a80:c4658, a428730f-9893-43cb-a585-e65a7e8859c8:c4654, 994b73f6-7725-4304-b3a4-4941318c1d6c:c4654]
2019-07-08 19:53:33,803 INFO  client.GrpcClientProtocolClient (GrpcClientProtocolClient.java:onNext(255)) - client-B2F93226DCBB->056ae293-26b5-4d67-bc5d-e905a6760a80: receive RaftClientReply:client-B2F93226DCBB->056ae293-26b5-4d67-bc5d-e905a6760a80@group-50E32BB97A46, cid=3098, SUCCESS, logIndex=4661, commits[056ae293-26b5-4d67-bc5d-e905a6760a80:c4662, a428730f-9893-43cb-a585-e65a7e8859c8:c4659, 994b73f6-7725-4304-b3a4-4941318c1d6c:c4656]
2019-07-08 19:53:33,804 INFO  client.GrpcClientProtocolClient (GrpcClientProtocolClient.java:onNext(255)) - client-B2F93226DCBB->056ae293-26b5-4d67-bc5d-e905a6760a80: receive RaftClientReply:client-B2F93226DCBB->056ae293-26b5-4d67-bc5d-e905a6760a80@group-50E32BB97A46, cid=3099, SUCCESS, logIndex=4662, commits[056ae293-26b5-4d67-bc5d-e905a6760a80:c4662, a428730f-9893-43cb-a585-e65a7e8859c8:c4659, 994b73f6-7725-4304-b3a4-4941318c1d6c:c4659]
2019-07-08 19:53:33,818 INFO  client.GrpcClientProtocolClient (GrpcClientProtocolClient.java:onNext(255)) - client-B2F93226DCBB->056ae293-26b5-4d67-bc5d-e905a6760a80: receive RaftClientReply:client-B2F93226DCBB->056ae293-26b5-4d67-bc5d-e905a6760a80@group-50E32BB97A46, cid=3100, SUCCESS, logIndex=4664, commits[056ae293-26b5-4d67-bc5d-e905a6760a80:c4665, a428730f-9893-43cb-a585-e65a7e8859c8:c4662, 994b73f6-7725-4304-b3a4-4941318c1d6c:c4662]
2019-07-08 19:53:33,819 INFO  client.GrpcClientProtocolClient (GrpcClientProtocolClient.java:onNext(255)) - client-B2F93226DCBB->056ae293-26b5-4d67-bc5d-e905a6760a80: receive RaftClientReply:client-B2F93226DCBB->056ae293-26b5-4d67-bc5d-e905a6760a80@group-50E32BB97A46, cid=3101, SUCCESS, logIndex=4665, commits[056ae293-26b5-4d67-bc5d-e905a6760a80:c4665, a428730f-9893-43cb-a585-e65a7e8859c8:c4662, 994b73f6-7725-4304-b3a4-4941318c1d6c:c4662]
2019-07-08 19:53:33,844 INFO  client.GrpcClientProtocolClient (GrpcClientProtocolClient.java:onNext(255)) - client-B2F93226DCBB->056ae293-26b5-4d67-bc5d-e905a6760a80: receive RaftClientReply:client-B2F93226DCBB->056ae293-26b5-4d67-bc5d-e905a6760a80@group-50E32BB97A46, cid=3102, SUCCESS, logIndex=0, commits[056ae293-26b5-4d67-bc5d-e905a6760a80:c4667, a428730f-9893-43cb-a585-e65a7e8859c8:c4665, 994b73f6-7725-4304-b3a4-4941318c1d6c:c4665]
2019-07-08 19:53:33,878 INFO  client.GrpcClientProtocolClient (GrpcClientProtocolClient.java:onNext(255)) - client-B2F93226DCBB->056ae293-26b5-4d67-bc5d-e905a6760a80: receive RaftClientReply:client-B2F93226DCBB->056ae293-26b5-4d67-bc5d-e905a6760a80@group-50E32BB97A46, cid=3103, SUCCESS, logIndex=4668, commits[056ae293-26b5-4d67-bc5d-e905a6760a80:c4668, a428730f-9893-43cb-a585-e65a7e8859c8:c4667, 994b73f6-7725-4304-b3a4-4941318c1d6c:c4667]
2019-07-08 19:53:33,879 INFO  client.GrpcClientProtocolClient (GrpcClientProtocolClient.java:onNext(255)) - client-B2F93226DCBB->056ae293-26b5-4d67-bc5d-e905a6760a80: receive RaftClientReply:client-B2F93226DCBB->056ae293-26b5-4d67-bc5d-e905a6760a80@group-50E32BB97A46, cid=3104, SUCCESS, logIndex=4669, commits[056ae293-26b5-4d67-bc5d-e905a6760a80:c4669, a428730f-9893-43cb-a585-e65a7e8859c8:c4667, 994b73f6-7725-4304-b3a4-4941318c1d6c:c4667]
2019-07-08 19:53:33,890 INFO  client.GrpcClientProtocolClient (GrpcClientProtocolClient.java:onNext(255)) - client-B2F93226DCBB->056ae293-26b5-4d67-bc5d-e905a6760a80: receive RaftClientReply:client-B2F93226DCBB->056ae293-26b5-4d67-bc5d-e905a6760a80@group-50E32BB97A46, cid=3105, SUCCESS, logIndex=4670, commits[056ae293-26b5-4d67-bc5d-e905a6760a80:c4671, a428730f-9893-43cb-a585-e65a7e8859c8:c4667, 994b73f6-7725-4304-b3a4-4941318c1d6c:c4667]
2019-07-08 19:53:33,890 INFO  client.GrpcClientProtocolClient (GrpcClientProtocolClient.java:onNext(255)) - client-B2F93226DCBB->056ae293-26b5-4d67-bc5d-e905a6760a80: receive RaftClientReply:client-B2F93226DCBB->056ae293-26b5-4d67-bc5d-e905a6760a80@group-50E32BB97A46, cid=3106, SUCCESS, logIndex=4671, commits[056ae293-26b5-4d67-bc5d-e905a6760a80:c4671, a428730f-9893-43cb-a585-e65a7e8859c8:c4667, 994b73f6-7725-4304-b3a4-4941318c1d6c:c4667]
2019-07-08 19:53:33,905 INFO  client.GrpcClientProtocolClient (GrpcClientProtocolClient.java:onNext(255)) - client-B2F93226DCBB->056ae293-26b5-4d67-bc5d-e905a6760a80: receive RaftClientReply:client-B2F93226DCBB->056ae293-26b5-4d67-bc5d-e905a6760a80@group-50E32BB97A46, cid=3107, SUCCESS, logIndex=0, commits[056ae293-26b5-4d67-bc5d-e905a6760a80:c4674, a428730f-9893-43cb-a585-e65a7e8859c8:c4671, 994b73f6-7725-4304-b3a4-4941318c1d6c:c4669]
2019-07-08 19:53:33,930 INFO  client.GrpcClientProtocolClient (GrpcClientProtocolClient.java:onNext(255)) - client-B2F93226DCBB->056ae293-26b5-4d67-bc5d-e905a6760a80: receive RaftClientReply:client-B2F93226DCBB->056ae293-26b5-4d67-bc5d-e905a6760a80@group-50E32BB97A46, cid=3108, SUCCESS, logIndex=4676, commits[056ae293-26b5-4d67-bc5d-e905a6760a80:c4677, a428730f-9893-43cb-a585-e65a7e8859c8:c4671, 994b73f6-7725-4304-b3a4-4941318c1d6c:c4674]
2019-07-08 19:53:33,930 INFO  client.GrpcClientProtocolClient (GrpcClientProtocolClient.java:onNext(255)) - client-B2F93226DCBB->056ae293-26b5-4d67-bc5d-e905a6760a80: receive RaftClientReply:client-B2F93226DCBB->056ae293-26b5-4d67-bc5d-e905a6760a80@group-50E32BB97A46, cid=3109, SUCCESS, logIndex=4677, commits[056ae293-26b5-4d67-bc5d-e905a6760a80:c4677, a428730f-9893-43cb-a585-e65a7e8859c8:c4674, 994b73f6-7725-4304-b3a4-4941318c1d6c:c4674]
2019-07-08 19:53:33,942 INFO  client.GrpcClientProtocolClient (GrpcClientProtocolClient.java:onNext(255)) - client-B2F93226DCBB->056ae293-26b5-4d67-bc5d-e905a6760a80: receive RaftClientReply:client-B2F93226DCBB->056ae293-26b5-4d67-bc5d-e905a6760a80@group-50E32BB97A46, cid=3110, SUCCESS, logIndex=4680, commits[056ae293-26b5-4d67-bc5d-e905a6760a80:c4681, a428730f-9893-43cb-a585-e65a7e8859c8:c4677, 994b73f6-7725-4304-b3a4-4941318c1d6c:c4679]
2019-07-08 19:53:33,942 INFO  client.GrpcClientProtocolClient (GrpcClientProtocolClient.java:onNext(255)) - client-B2F93226DCBB->056ae293-26b5-4d67-bc5d-e905a6760a80: receive RaftClientReply:client-B2F93226DCBB->056ae293-26b5-4d67-bc5d-e905a6760a80@group-50E32BB97A46, cid=3111, SUCCESS, logIndex=4681, commits[056ae293-26b5-4d67-bc5d-e905a6760a80:c4681, a428730f-9893-43cb-a585-e65a7e8859c8:c4679, 994b73f6-7725-4304-b3a4-4941318c1d6c:c4679]
2019-07-08 19:53:33,947 INFO  client.GrpcClientProtocolClient (GrpcClientProtocolClient.java:onNext(255)) - client-B2F93226DCBB->056ae293-26b5-4d67-bc5d-e905a6760a80: receive RaftClientReply:client-B2F93226DCBB->056ae293-26b5-4d67-bc5d-e905a6760a80@group-50E32BB97A46, cid=3112, SUCCESS, logIndex=0, commits[056ae293-26b5-4d67-bc5d-e905a6760a80:c4682, a428730f-9893-43cb-a585-e65a7e8859c8:c4681, 994b73f6-7725-4304-b3a4-4941318c1d6c:c4681]
2019-07-08 19:53:33,976 INFO  client.GrpcClientProtocolClient (GrpcClientProtocolClient.java:onNext(255)) - client-B2F93226DCBB->056ae293-26b5-4d67-bc5d-e905a6760a80: receive RaftClientReply:client-B2F93226DCBB->056ae293-26b5-4d67-bc5d-e905a6760a80@group-50E32BB97A46, cid=3113, SUCCESS, logIndex=4684, commits[056ae293-26b5-4d67-bc5d-e905a6760a80:c4685, a428730f-9893-43cb-a585-e65a7e8859c8:c4683, 994b73f6-7725-4304-b3a4-4941318c1d6c:c4683]
2019-07-08 19:53:33,977 INFO  client.GrpcClientProtocolClient (GrpcClientProtocolClient.java:onNext(255)) - client-B2F93226DCBB->056ae293-26b5-4d67-bc5d-e905a6760a80: receive RaftClientReply:client-B2F93226DCBB->056ae293-26b5-4d67-bc5d-e905a6760a80@group-50E32BB97A46, cid=3114, SUCCESS, logIndex=4685, commits[056ae293-26b5-4d67-bc5d-e905a6760a80:c4685, a428730f-9893-43cb-a585-e65a7e8859c8:c4683, 994b73f6-7725-4304-b3a4-4941318c1d6c:c4683]
2019-07-08 19:53:33,977 INFO  client.GrpcClientProtocolClient (GrpcClientProtocolClient.java:onNext(255)) - client-B2F93226DCBB->056ae293-26b5-4d67-bc5d-e905a6760a80: receive RaftClientReply:client-B2F93226DCBB->056ae293-26b5-4d67-bc5d-e905a6760a80@group-50E32BB97A46, cid=3115, SUCCESS, logIndex=4686, commits[056ae293-26b5-4d67-bc5d-e905a6760a80:c4687, a428730f-9893-43cb-a585-e65a7e8859c8:c4683, 994b73f6-7725-4304-b3a4-4941318c1d6c:c4683]
2019-07-08 19:53:33,977 INFO  client.GrpcClientProtocolClient (GrpcClientProtocolClient.java:onNext(255)) - client-B2F93226DCBB->056ae293-26b5-4d67-bc5d-e905a6760a80: receive RaftClientReply:client-B2F93226DCBB->056ae293-26b5-4d67-bc5d-e905a6760a80@group-50E32BB97A46, cid=3116, SUCCESS, logIndex=4687, commits[056ae293-26b5-4d67-bc5d-e905a6760a80:c4687, a428730f-9893-43cb-a585-e65a7e8859c8:c4683, 994b73f6-7725-4304-b3a4-4941318c1d6c:c4683]
2019-07-08 19:53:33,984 INFO  client.GrpcClientProtocolClient (GrpcClientProtocolClient.java:onNext(255)) - client-B2F93226DCBB->056ae293-26b5-4d67-bc5d-e905a6760a80: receive RaftClientReply:client-B2F93226DCBB->056ae293-26b5-4d67-bc5d-e905a6760a80@group-50E32BB97A46, cid=3117, SUCCESS, logIndex=0, commits[056ae293-26b5-4d67-bc5d-e905a6760a80:c4690, a428730f-9893-43cb-a585-e65a7e8859c8:c4687, 994b73f6-7725-4304-b3a4-4941318c1d6c:c4685]
2019-07-08 19:53:33,997 INFO  client.GrpcClientProtocolClient (GrpcClientProtocolClient.java:onNext(255)) - client-B2F93226DCBB->056ae293-26b5-4d67-bc5d-e905a6760a80: receive RaftClientReply:client-B2F93226DCBB->056ae293-26b5-4d67-bc5d-e905a6760a80@group-50E32BB97A46, cid=3118, SUCCESS, logIndex=4691, commits[056ae293-26b5-4d67-bc5d-e905a6760a80:c4692, a428730f-9893-43cb-a585-e65a7e8859c8:c4687, 994b73f6-7725-4304-b3a4-4941318c1d6c:c4690]
2019-07-08 19:53:33,997 INFO  client.GrpcClientProtocolClient (GrpcClientProtocolClient.java:onNext(255)) - client-B2F93226DCBB->056ae293-26b5-4d67-bc5d-e905a6760a80: receive RaftClientReply:client-B2F93226DCBB->056ae293-26b5-4d67-bc5d-e905a6760a80@group-50E32BB97A46, cid=3119, SUCCESS, logIndex=4692, commits[056ae293-26b5-4d67-bc5d-e905a6760a80:c4692, a428730f-9893-43cb-a585-e65a7e8859c8:c4690, 994b73f6-7725-4304-b3a4-4941318c1d6c:c4690]
2019-07-08 19:53:34,007 INFO  client.GrpcClientProtocolClient (GrpcClientProtocolClient.java:onNext(255)) - client-B2F93226DCBB->056ae293-26b5-4d67-bc5d-e905a6760a80: receive RaftClientReply:client-B2F93226DCBB->056ae293-26b5-4d67-bc5d-e905a6760a80@group-50E32BB97A46, cid=3120, SUCCESS, logIndex=4695, commits[056ae293-26b5-4d67-bc5d-e905a6760a80:c4696, a428730f-9893-43cb-a585-e65a7e8859c8:c4692, 994b73f6-7725-4304-b3a4-4941318c1d6c:c4693]
2019-07-08 19:53:34,008 INFO  client.GrpcClientProtocolClient (GrpcClientProtocolClient.java:onNext(255)) - client-B2F93226DCBB->056ae293-26b5-4d67-bc5d-e905a6760a80: receive RaftClientReply:client-B2F93226DCBB->056ae293-26b5-4d67-bc5d-e905a6760a80@group-50E32BB97A46, cid=3121, SUCCESS, logIndex=4696, commits[056ae293-26b5-4d67-bc5d-e905a6760a80:c4696, a428730f-9893-43cb-a585-e65a7e8859c8:c4693, 994b73f6-7725-4304-b3a4-4941318c1d6c:c4693]
2019-07-08 19:53:34,010 INFO  client.GrpcClientProtocolClient (GrpcClientProtocolClient.java:onNext(255)) - client-B2F93226DCBB->056ae293-26b5-4d67-bc5d-e905a6760a80: receive RaftClientReply:client-B2F93226DCBB->056ae293-26b5-4d67-bc5d-e905a6760a80@group-50E32BB97A46, cid=3122, SUCCESS, logIndex=0, commits[056ae293-26b5-4d67-bc5d-e905a6760a80:c4697, a428730f-9893-43cb-a585-e65a7e8859c8:c4696, 994b73f6-7725-4304-b3a4-4941318c1d6c:c4696]
2019-07-08 19:53:34,131 INFO  client.GrpcClientProtocolClient (GrpcClientProtocolClient.java:onNext(255)) - client-B2F93226DCBB->056ae293-26b5-4d67-bc5d-e905a6760a80: receive RaftClientReply:client-B2F93226DCBB->056ae293-26b5-4d67-bc5d-e905a6760a80@group-50E32BB97A46, cid=3123, SUCCESS, logIndex=4698, commits[056ae293-26b5-4d67-bc5d-e905a6760a80:c4699, a428730f-9893-43cb-a585-e65a7e8859c8:c4696, 994b73f6-7725-4304-b3a4-4941318c1d6c:c4697]
2019-07-08 19:53:34,131 INFO  client.GrpcClientProtocolClient (GrpcClientProtocolClient.java:onNext(255)) - client-B2F93226DCBB->056ae293-26b5-4d67-bc5d-e905a6760a80: receive RaftClientReply:client-B2F93226DCBB->056ae293-26b5-4d67-bc5d-e905a6760a80@group-50E32BB97A46, cid=3124, SUCCESS, logIndex=4699, commits[056ae293-26b5-4d67-bc5d-e905a6760a80:c4701, a428730f-9893-43cb-a585-e65a7e8859c8:c4697, 994b73f6-7725-4304-b3a4-4941318c1d6c:c4697]
2019-07-08 19:53:34,132 INFO  client.GrpcClientProtocolClient (GrpcClientProtocolClient.java:onNext(255)) - client-B2F93226DCBB->056ae293-26b5-4d67-bc5d-e905a6760a80: receive RaftClientReply:client-B2F93226DCBB->056ae293-26b5-4d67-bc5d-e905a6760a80@group-50E32BB97A46, cid=3125, SUCCESS, logIndex=4700, commits[056ae293-26b5-4d67-bc5d-e905a6760a80:c4701, a428730f-9893-43cb-a585-e65a7e8859c8:c4697, 994b73f6-7725-4304-b3a4-4941318c1d6c:c4697]
2019-07-08 19:53:34,132 INFO  client.GrpcClientProtocolClient (GrpcClientProtocolClient.java:onNext(255)) - client-B2F93226DCBB->056ae293-26b5-4d67-bc5d-e905a6760a80: receive RaftClientReply:client-B2F93226DCBB->056ae293-26b5-4d67-bc5d-e905a6760a80@group-50E32BB97A46, cid=3126, SUCCESS, logIndex=4701, commits[056ae293-26b5-4d67-bc5d-e905a6760a80:c4701, a428730f-9893-43cb-a585-e65a7e8859c8:c4697, 994b73f6-7725-4304-b3a4-4941318c1d6c:c4697]
2019-07-08 19:53:34,146 INFO  client.GrpcClientProtocolClient (GrpcClientProtocolClient.java:onNext(255)) - client-B2F93226DCBB->056ae293-26b5-4d67-bc5d-e905a6760a80: receive RaftClientReply:client-B2F93226DCBB->056ae293-26b5-4d67-bc5d-e905a6760a80@group-50E32BB97A46, cid=3127, SUCCESS, logIndex=0, commits[056ae293-26b5-4d67-bc5d-e905a6760a80:c4703, a428730f-9893-43cb-a585-e65a7e8859c8:c4699, 994b73f6-7725-4304-b3a4-4941318c1d6c:c4699]
2019-07-08 19:53:34,159 INFO  client.GrpcClientProtocolClient (GrpcClientProtocolClient.java:onNext(255)) - client-B2F93226DCBB->056ae293-26b5-4d67-bc5d-e905a6760a80: receive RaftClientReply:client-B2F93226DCBB->056ae293-26b5-4d67-bc5d-e905a6760a80@group-50E32BB97A46, cid=3128, SUCCESS, logIndex=4706, commits[056ae293-26b5-4d67-bc5d-e905a6760a80:c4707, a428730f-9893-43cb-a585-e65a7e8859c8:c4705, 994b73f6-7725-4304-b3a4-4941318c1d6c:c4705]
2019-07-08 19:53:34,159 INFO  client.GrpcClientProtocolClient (GrpcClientProtocolClient.java:onNext(255)) - client-B2F93226DCBB->056ae293-26b5-4d67-bc5d-e905a6760a80: receive RaftClientReply:client-B2F93226DCBB->056ae293-26b5-4d67-bc5d-e905a6760a80@group-50E32BB97A46, cid=3129, SUCCESS, logIndex=4707, commits[056ae293-26b5-4d67-bc5d-e905a6760a80:c4707, a428730f-9893-43cb-a585-e65a7e8859c8:c4705, 994b73f6-7725-4304-b3a4-4941318c1d6c:c4705]
2019-07-08 19:53:34,188 INFO  client.GrpcClientProtocolClient (GrpcClientProtocolClient.java:onNext(255)) - client-B2F93226DCBB->056ae293-26b5-4d67-bc5d-e905a6760a80: receive RaftClientReply:client-B2F93226DCBB->056ae293-26b5-4d67-bc5d-e905a6760a80@group-50E32BB97A46, cid=3130, SUCCESS, logIndex=4710, commits[056ae293-26b5-4d67-bc5d-e905a6760a80:c4711, a428730f-9893-43cb-a585-e65a7e8859c8:c4707, 994b73f6-7725-4304-b3a4-4941318c1d6c:c4707]
2019-07-08 19:53:34,188 INFO  client.GrpcClientProtocolClient (GrpcClientProtocolClient.java:onNext(255)) - client-B2F93226DCBB->056ae293-26b5-4d67-bc5d-e905a6760a80: receive RaftClientReply:client-B2F93226DCBB->056ae293-26b5-4d67-bc5d-e905a6760a80@group-50E32BB97A46, cid=3131, SUCCESS, logIndex=4711, commits[056ae293-26b5-4d67-bc5d-e905a6760a80:c4711, a428730f-9893-43cb-a585-e65a7e8859c8:c4707, 994b73f6-7725-4304-b3a4-4941318c1d6c:c4707]
2019-07-08 19:53:34,214 INFO  client.GrpcClientProtocolClient (GrpcClientProtocolClient.java:onNext(255)) - client-B2F93226DCBB->056ae293-26b5-4d67-bc5d-e905a6760a80: receive RaftClientReply:client-B2F93226DCBB->056ae293-26b5-4d67-bc5d-e905a6760a80@group-50E32BB97A46, cid=3132, SUCCESS, logIndex=0, commits[056ae293-26b5-4d67-bc5d-e905a6760a80:c4713, a428730f-9893-43cb-a585-e65a7e8859c8:c4711, 994b73f6-7725-4304-b3a4-4941318c1d6c:c4711]
2019-07-08 19:53:34,249 INFO  client.GrpcClientProtocolClient (GrpcClientProtocolClient.java:onNext(255)) - client-B2F93226DCBB->056ae293-26b5-4d67-bc5d-e905a6760a80: receive RaftClientReply:client-B2F93226DCBB->056ae293-26b5-4d67-bc5d-e905a6760a80@group-50E32BB97A46, cid=3133, SUCCESS, logIndex=4714, commits[056ae293-26b5-4d67-bc5d-e905a6760a80:c4715, a428730f-9893-43cb-a585-e65a7e8859c8:c4713, 994b73f6-7725-4304-b3a4-4941318c1d6c:c4713]
2019-07-08 19:53:34,250 INFO  client.GrpcClientProtocolClient (GrpcClientProtocolClient.java:onNext(255)) - client-B2F93226DCBB->056ae293-26b5-4d67-bc5d-e905a6760a80: receive RaftClientReply:client-B2F93226DCBB->056ae293-26b5-4d67-bc5d-e905a6760a80@group-50E32BB97A46, cid=3134, SUCCESS, logIndex=4715, commits[056ae293-26b5-4d67-bc5d-e905a6760a80:c4715, a428730f-9893-43cb-a585-e65a7e8859c8:c4713, 994b73f6-7725-4304-b3a4-4941318c1d6c:c4713]
2019-07-08 19:53:34,262 INFO  client.GrpcClientProtocolClient (GrpcClientProtocolClient.java:onNext(255)) - client-B2F93226DCBB->056ae293-26b5-4d67-bc5d-e905a6760a80: receive RaftClientReply:client-B2F93226DCBB->056ae293-26b5-4d67-bc5d-e905a6760a80@group-50E32BB97A46, cid=3135, SUCCESS, logIndex=4716, commits[056ae293-26b5-4d67-bc5d-e905a6760a80:c4716, a428730f-9893-43cb-a585-e65a7e8859c8:c4713, 994b73f6-7725-4304-b3a4-4941318c1d6c:c4713]
2019-07-08 19:53:34,262 INFO  client.GrpcClientProtocolClient (GrpcClientProtocolClient.java:onNext(255)) - client-B2F93226DCBB->056ae293-26b5-4d67-bc5d-e905a6760a80: receive RaftClientReply:client-B2F93226DCBB->056ae293-26b5-4d67-bc5d-e905a6760a80@group-50E32BB97A46, cid=3136, SUCCESS, logIndex=4717, commits[056ae293-26b5-4d67-bc5d-e905a6760a80:c4717, a428730f-9893-43cb-a585-e65a7e8859c8:c4713, 994b73f6-7725-4304-b3a4-4941318c1d6c:c4713]
2019-07-08 19:53:34,265 INFO  client.GrpcClientProtocolClient (GrpcClientProtocolClient.java:onNext(255)) - client-B2F93226DCBB->056ae293-26b5-4d67-bc5d-e905a6760a80: receive RaftClientReply:client-B2F93226DCBB->056ae293-26b5-4d67-bc5d-e905a6760a80@group-50E32BB97A46, cid=3137, SUCCESS, logIndex=0, commits[056ae293-26b5-4d67-bc5d-e905a6760a80:c4718, a428730f-9893-43cb-a585-e65a7e8859c8:c4715, 994b73f6-7725-4304-b3a4-4941318c1d6c:c4715]
2019-07-08 19:53:34,294 INFO  client.GrpcClientProtocolClient (GrpcClientProtocolClient.java:onNext(255)) - client-B2F93226DCBB->056ae293-26b5-4d67-bc5d-e905a6760a80: receive RaftClientReply:client-B2F93226DCBB->056ae293-26b5-4d67-bc5d-e905a6760a80@group-50E32BB97A46, cid=3138, SUCCESS, logIndex=4722, commits[056ae293-26b5-4d67-bc5d-e905a6760a80:c4723, a428730f-9893-43cb-a585-e65a7e8859c8:c4717, 994b73f6-7725-4304-b3a4-4941318c1d6c:c4719]
2019-07-08 19:53:34,295 INFO  client.GrpcClientProtocolClient (GrpcClientProtocolClient.java:onNext(255)) - client-B2F93226DCBB->056ae293-26b5-4d67-bc5d-e905a6760a80: receive RaftClientReply:client-B2F93226DCBB->056ae293-26b5-4d67-bc5d-e905a6760a80@group-50E32BB97A46, cid=3139, SUCCESS, logIndex=4723, commits[056ae293-26b5-4d67-bc5d-e905a6760a80:c4723, a428730f-9893-43cb-a585-e65a7e8859c8:c4719, 994b73f6-7725-4304-b3a4-4941318c1d6c:c4719]
2019-07-08 19:53:34,321 INFO  client.GrpcClientProtocolClient (GrpcClientProtocolClient.java:onNext(255)) - client-B2F93226DCBB->056ae293-26b5-4d67-bc5d-e905a6760a80: receive RaftClientReply:client-B2F93226DCBB->056ae293-26b5-4d67-bc5d-e905a6760a80@group-50E32BB97A46, cid=3140, SUCCESS, logIndex=4726, commits[056ae293-26b5-4d67-bc5d-e905a6760a80:c4727, a428730f-9893-43cb-a585-e65a7e8859c8:c4723, 994b73f6-7725-4304-b3a4-4941318c1d6c:c4723]
2019-07-08 19:53:34,322 INFO  client.GrpcClientProtocolClient (GrpcClientProtocolClient.java:onNext(255)) - client-B2F93226DCBB->056ae293-26b5-4d67-bc5d-e905a6760a80: receive RaftClientReply:client-B2F93226DCBB->056ae293-26b5-4d67-bc5d-e905a6760a80@group-50E32BB97A46, cid=3141, SUCCESS, logIndex=4727, commits[056ae293-26b5-4d67-bc5d-e905a6760a80:c4727, a428730f-9893-43cb-a585-e65a7e8859c8:c4723, 994b73f6-7725-4304-b3a4-4941318c1d6c:c4723]
2019-07-08 19:53:34,334 INFO  client.GrpcClientProtocolClient (GrpcClientProtocolClient.java:onNext(255)) - client-B2F93226DCBB->056ae293-26b5-4d67-bc5d-e905a6760a80: receive RaftClientReply:client-B2F93226DCBB->056ae293-26b5-4d67-bc5d-e905a6760a80@group-50E32BB97A46, cid=3142, SUCCESS, logIndex=0, commits[056ae293-26b5-4d67-bc5d-e905a6760a80:c4728, a428730f-9893-43cb-a585-e65a7e8859c8:c4727, 994b73f6-7725-4304-b3a4-4941318c1d6c:c4727]
2019-07-08 19:53:34,366 INFO  client.GrpcClientProtocolClient (GrpcClientProtocolClient.java:onNext(255)) - client-B2F93226DCBB->056ae293-26b5-4d67-bc5d-e905a6760a80: receive RaftClientReply:client-B2F93226DCBB->056ae293-26b5-4d67-bc5d-e905a6760a80@group-50E32BB97A46, cid=3143, SUCCESS, logIndex=4730, commits[056ae293-26b5-4d67-bc5d-e905a6760a80:c4731, a428730f-9893-43cb-a585-e65a7e8859c8:c4729, 994b73f6-7725-4304-b3a4-4941318c1d6c:c4729]
2019-07-08 19:53:34,367 INFO  client.GrpcClientProtocolClient (GrpcClientProtocolClient.java:onNext(255)) - client-B2F93226DCBB->056ae293-26b5-4d67-bc5d-e905a6760a80: receive RaftClientReply:client-B2F93226DCBB->056ae293-26b5-4d67-bc5d-e905a6760a80@group-50E32BB97A46, cid=3144, SUCCESS, logIndex=4731, commits[056ae293-26b5-4d67-bc5d-e905a6760a80:c4731, a428730f-9893-43cb-a585-e65a7e8859c8:c4729, 994b73f6-7725-4304-b3a4-4941318c1d6c:c4729]
2019-07-08 19:53:34,369 INFO  client.GrpcClientProtocolClient (GrpcClientProtocolClient.java:onNext(255)) - client-B2F93226DCBB->056ae293-26b5-4d67-bc5d-e905a6760a80: receive RaftClientReply:client-B2F93226DCBB->056ae293-26b5-4d67-bc5d-e905a6760a80@group-50E32BB97A46, cid=3145, SUCCESS, logIndex=4732, commits[056ae293-26b5-4d67-bc5d-e905a6760a80:c4733, a428730f-9893-43cb-a585-e65a7e8859c8:c4729, 994b73f6-7725-4304-b3a4-4941318c1d6c:c4729]
2019-07-08 19:53:34,369 INFO  client.GrpcClientProtocolClient (GrpcClientProtocolClient.java:onNext(255)) - client-B2F93226DCBB->056ae293-26b5-4d67-bc5d-e905a6760a80: receive RaftClientReply:client-B2F93226DCBB->056ae293-26b5-4d67-bc5d-e905a6760a80@group-50E32BB97A46, cid=3146, SUCCESS, logIndex=4733, commits[056ae293-26b5-4d67-bc5d-e905a6760a80:c4733, a428730f-9893-43cb-a585-e65a7e8859c8:c4729, 994b73f6-7725-4304-b3a4-4941318c1d6c:c4729]
2019-07-08 19:53:34,382 INFO  client.GrpcClientProtocolClient (GrpcClientProtocolClient.java:onNext(255)) - client-B2F93226DCBB->056ae293-26b5-4d67-bc5d-e905a6760a80: receive RaftClientReply:client-B2F93226DCBB->056ae293-26b5-4d67-bc5d-e905a6760a80@group-50E32BB97A46, cid=3147, SUCCESS, logIndex=0, commits[056ae293-26b5-4d67-bc5d-e905a6760a80:c4735, a428730f-9893-43cb-a585-e65a7e8859c8:c4731, 994b73f6-7725-4304-b3a4-4941318c1d6c:c4731]
2019-07-08 19:53:34,408 INFO  client.GrpcClientProtocolClient (GrpcClientProtocolClient.java:onNext(255)) - client-B2F93226DCBB->056ae293-26b5-4d67-bc5d-e905a6760a80: receive RaftClientReply:client-B2F93226DCBB->056ae293-26b5-4d67-bc5d-e905a6760a80@group-50E32BB97A46, cid=3148, SUCCESS, logIndex=4738, commits[056ae293-26b5-4d67-bc5d-e905a6760a80:c4739, a428730f-9893-43cb-a585-e65a7e8859c8:c4735, 994b73f6-7725-4304-b3a4-4941318c1d6c:c4735]
2019-07-08 19:53:34,409 INFO  client.GrpcClientProtocolClient (GrpcClientProtocolClient.java:onNext(255)) - client-B2F93226DCBB->056ae293-26b5-4d67-bc5d-e905a6760a80: receive RaftClientReply:client-B2F93226DCBB->056ae293-26b5-4d67-bc5d-e905a6760a80@group-50E32BB97A46, cid=3149, SUCCESS, logIndex=4739, commits[056ae293-26b5-4d67-bc5d-e905a6760a80:c4739, a428730f-9893-43cb-a585-e65a7e8859c8:c4735, 994b73f6-7725-4304-b3a4-4941318c1d6c:c4735]
2019-07-08 19:53:34,435 INFO  client.GrpcClientProtocolClient (GrpcClientProtocolClient.java:onNext(255)) - client-B2F93226DCBB->056ae293-26b5-4d67-bc5d-e905a6760a80: receive RaftClientReply:client-B2F93226DCBB->056ae293-26b5-4d67-bc5d-e905a6760a80@group-50E32BB97A46, cid=3150, SUCCESS, logIndex=4742, commits[056ae293-26b5-4d67-bc5d-e905a6760a80:c4743, a428730f-9893-43cb-a585-e65a7e8859c8:c4739, 994b73f6-7725-4304-b3a4-4941318c1d6c:c4739]
2019-07-08 19:53:34,435 INFO  client.GrpcClientProtocolClient (GrpcClientProtocolClient.java:onNext(255)) - client-B2F93226DCBB->056ae293-26b5-4d67-bc5d-e905a6760a80: receive RaftClientReply:client-B2F93226DCBB->056ae293-26b5-4d67-bc5d-e905a6760a80@group-50E32BB97A46, cid=3151, SUCCESS, logIndex=4743, commits[056ae293-26b5-4d67-bc5d-e905a6760a80:c4743, a428730f-9893-43cb-a585-e65a7e8859c8:c4739, 994b73f6-7725-4304-b3a4-4941318c1d6c:c4739]
 0.00% |█                                                                                                    |  0/1 Time: 0:00:302019-07-08 19:53:34,461 INFO  client.GrpcClientProtocolClient (GrpcClientProtocolClient.java:onNext(255)) - client-B2F93226DCBB->056ae293-26b5-4d67-bc5d-e905a6760a80: receive RaftClientReply:client-B2F93226DCBB->056ae293-26b5-4d67-bc5d-e905a6760a80@group-50E32BB97A46, cid=3152, SUCCESS, logIndex=0, commits[056ae293-26b5-4d67-bc5d-e905a6760a80:c4745, a428730f-9893-43cb-a585-e65a7e8859c8:c4743, 994b73f6-7725-4304-b3a4-4941318c1d6c:c4743]
2019-07-08 19:53:34,502 INFO  client.GrpcClientProtocolClient (GrpcClientProtocolClient.java:onNext(255)) - client-B2F93226DCBB->056ae293-26b5-4d67-bc5d-e905a6760a80: receive RaftClientReply:client-B2F93226DCBB->056ae293-26b5-4d67-bc5d-e905a6760a80@group-50E32BB97A46, cid=3153, SUCCESS, logIndex=4746, commits[056ae293-26b5-4d67-bc5d-e905a6760a80:c4748, a428730f-9893-43cb-a585-e65a7e8859c8:c4745, 994b73f6-7725-4304-b3a4-4941318c1d6c:c4743]
2019-07-08 19:53:34,503 INFO  client.GrpcClientProtocolClient (GrpcClientProtocolClient.java:onNext(255)) - client-B2F93226DCBB->056ae293-26b5-4d67-bc5d-e905a6760a80: receive RaftClientReply:client-B2F93226DCBB->056ae293-26b5-4d67-bc5d-e905a6760a80@group-50E32BB97A46, cid=3154, SUCCESS, logIndex=4747, commits[056ae293-26b5-4d67-bc5d-e905a6760a80:c4749, a428730f-9893-43cb-a585-e65a7e8859c8:c4745, 994b73f6-7725-4304-b3a4-4941318c1d6c:c4745]
2019-07-08 19:53:34,503 INFO  client.GrpcClientProtocolClient (GrpcClientProtocolClient.java:onNext(255)) - client-B2F93226DCBB->056ae293-26b5-4d67-bc5d-e905a6760a80: receive RaftClientReply:client-B2F93226DCBB->056ae293-26b5-4d67-bc5d-e905a6760a80@group-50E32BB97A46, cid=3155, SUCCESS, logIndex=4748, commits[056ae293-26b5-4d67-bc5d-e905a6760a80:c4749, a428730f-9893-43cb-a585-e65a7e8859c8:c4745, 994b73f6-7725-4304-b3a4-4941318c1d6c:c4745]
2019-07-08 19:53:34,503 INFO  client.GrpcClientProtocolClient (GrpcClientProtocolClient.java:onNext(255)) - client-B2F93226DCBB->056ae293-26b5-4d67-bc5d-e905a6760a80: receive RaftClientReply:client-B2F93226DCBB->056ae293-26b5-4d67-bc5d-e905a6760a80@group-50E32BB97A46, cid=3156, SUCCESS, logIndex=4749, commits[056ae293-26b5-4d67-bc5d-e905a6760a80:c4749, a428730f-9893-43cb-a585-e65a7e8859c8:c4745, 994b73f6-7725-4304-b3a4-4941318c1d6c:c4745]
2019-07-08 19:53:34,510 INFO  client.GrpcClientProtocolClient (GrpcClientProtocolClient.java:onNext(255)) - client-B2F93226DCBB->056ae293-26b5-4d67-bc5d-e905a6760a80: receive RaftClientReply:client-B2F93226DCBB->056ae293-26b5-4d67-bc5d-e905a6760a80@group-50E32BB97A46, cid=3157, SUCCESS, logIndex=0, commits[056ae293-26b5-4d67-bc5d-e905a6760a80:c4751, a428730f-9893-43cb-a585-e65a7e8859c8:c4747, 994b73f6-7725-4304-b3a4-4941318c1d6c:c4747]
2019-07-08 19:53:34,522 INFO  client.GrpcClientProtocolClient (GrpcClientProtocolClient.java:onNext(255)) - client-B2F93226DCBB->056ae293-26b5-4d67-bc5d-e905a6760a80: receive RaftClientReply:client-B2F93226DCBB->056ae293-26b5-4d67-bc5d-e905a6760a80@group-50E32BB97A46, cid=3158, SUCCESS, logIndex=4754, commits[056ae293-26b5-4d67-bc5d-e905a6760a80:c4755, a428730f-9893-43cb-a585-e65a7e8859c8:c4749, 994b73f6-7725-4304-b3a4-4941318c1d6c:c4753]
2019-07-08 19:53:34,522 INFO  client.GrpcClientProtocolClient (GrpcClientProtocolClient.java:onNext(255)) - client-B2F93226DCBB->056ae293-26b5-4d67-bc5d-e905a6760a80: receive RaftClientReply:client-B2F93226DCBB->056ae293-26b5-4d67-bc5d-e905a6760a80@group-50E32BB97A46, cid=3159, SUCCESS, logIndex=4755, commits[056ae293-26b5-4d67-bc5d-e905a6760a80:c4755, a428730f-9893-43cb-a585-e65a7e8859c8:c4753, 994b73f6-7725-4304-b3a4-4941318c1d6c:c4753]
2019-07-08 19:53:34,554 INFO  client.GrpcClientProtocolClient (GrpcClientProtocolClient.java:onNext(255)) - client-B2F93226DCBB->056ae293-26b5-4d67-bc5d-e905a6760a80: receive RaftClientReply:client-B2F93226DCBB->056ae293-26b5-4d67-bc5d-e905a6760a80@group-50E32BB97A46, cid=3160, SUCCESS, logIndex=4758, commits[056ae293-26b5-4d67-bc5d-e905a6760a80:c4759, a428730f-9893-43cb-a585-e65a7e8859c8:c4756, 994b73f6-7725-4304-b3a4-4941318c1d6c:c4756]
2019-07-08 19:53:34,554 INFO  client.GrpcClientProtocolClient (GrpcClientProtocolClient.java:onNext(255)) - client-B2F93226DCBB->056ae293-26b5-4d67-bc5d-e905a6760a80: receive RaftClientReply:client-B2F93226DCBB->056ae293-26b5-4d67-bc5d-e905a6760a80@group-50E32BB97A46, cid=3161, SUCCESS, logIndex=4759, commits[056ae293-26b5-4d67-bc5d-e905a6760a80:c4759, a428730f-9893-43cb-a585-e65a7e8859c8:c4756, 994b73f6-7725-4304-b3a4-4941318c1d6c:c4756]
2019-07-08 19:53:34,568 INFO  client.GrpcClientProtocolClient (GrpcClientProtocolClient.java:onNext(255)) - client-B2F93226DCBB->056ae293-26b5-4d67-bc5d-e905a6760a80: receive RaftClientReply:client-B2F93226DCBB->056ae293-26b5-4d67-bc5d-e905a6760a80@group-50E32BB97A46, cid=3162, SUCCESS, logIndex=0, commits[056ae293-26b5-4d67-bc5d-e905a6760a80:c4760, a428730f-9893-43cb-a585-e65a7e8859c8:c4759, 994b73f6-7725-4304-b3a4-4941318c1d6c:c4759]
2019-07-08 19:53:34,609 INFO  client.GrpcClientProtocolClient (GrpcClientProtocolClient.java:onNext(255)) - client-B2F93226DCBB->056ae293-26b5-4d67-bc5d-e905a6760a80: receive RaftClientReply:client-B2F93226DCBB->056ae293-26b5-4d67-bc5d-e905a6760a80@group-50E32BB97A46, cid=3163, SUCCESS, logIndex=4762, commits[056ae293-26b5-4d67-bc5d-e905a6760a80:c4764, a428730f-9893-43cb-a585-e65a7e8859c8:c4761, 994b73f6-7725-4304-b3a4-4941318c1d6c:c4761]
2019-07-08 19:53:34,610 INFO  client.GrpcClientProtocolClient (GrpcClientProtocolClient.java:onNext(255)) - client-B2F93226DCBB->056ae293-26b5-4d67-bc5d-e905a6760a80: receive RaftClientReply:client-B2F93226DCBB->056ae293-26b5-4d67-bc5d-e905a6760a80@group-50E32BB97A46, cid=3164, SUCCESS, logIndex=4763, commits[056ae293-26b5-4d67-bc5d-e905a6760a80:c4765, a428730f-9893-43cb-a585-e65a7e8859c8:c4761, 994b73f6-7725-4304-b3a4-4941318c1d6c:c4761]
2019-07-08 19:53:34,610 INFO  client.GrpcClientProtocolClient (GrpcClientProtocolClient.java:onNext(255)) - client-B2F93226DCBB->056ae293-26b5-4d67-bc5d-e905a6760a80: receive RaftClientReply:client-B2F93226DCBB->056ae293-26b5-4d67-bc5d-e905a6760a80@group-50E32BB97A46, cid=3165, SUCCESS, logIndex=4764, commits[056ae293-26b5-4d67-bc5d-e905a6760a80:c4765, a428730f-9893-43cb-a585-e65a7e8859c8:c4761, 994b73f6-7725-4304-b3a4-4941318c1d6c:c4761]
2019-07-08 19:53:34,610 INFO  client.GrpcClientProtocolClient (GrpcClientProtocolClient.java:onNext(255)) - client-B2F93226DCBB->056ae293-26b5-4d67-bc5d-e905a6760a80: receive RaftClientReply:client-B2F93226DCBB->056ae293-26b5-4d67-bc5d-e905a6760a80@group-50E32BB97A46, cid=3166, SUCCESS, logIndex=4765, commits[056ae293-26b5-4d67-bc5d-e905a6760a80:c4765, a428730f-9893-43cb-a585-e65a7e8859c8:c4761, 994b73f6-7725-4304-b3a4-4941318c1d6c:c4761]
2019-07-08 19:53:34,623 INFO  client.GrpcClientProtocolClient (GrpcClientProtocolClient.java:onNext(255)) - client-B2F93226DCBB->056ae293-26b5-4d67-bc5d-e905a6760a80: receive RaftClientReply:client-B2F93226DCBB->056ae293-26b5-4d67-bc5d-e905a6760a80@group-50E32BB97A46, cid=3167, SUCCESS, logIndex=0, commits[056ae293-26b5-4d67-bc5d-e905a6760a80:c4768, a428730f-9893-43cb-a585-e65a7e8859c8:c4764, 994b73f6-7725-4304-b3a4-4941318c1d6c:c4763]
2019-07-08 19:53:34,646 INFO  client.GrpcClientProtocolClient (GrpcClientProtocolClient.java:onNext(255)) - client-B2F93226DCBB->056ae293-26b5-4d67-bc5d-e905a6760a80: receive RaftClientReply:client-B2F93226DCBB->056ae293-26b5-4d67-bc5d-e905a6760a80@group-50E32BB97A46, cid=3168, SUCCESS, logIndex=4770, commits[056ae293-26b5-4d67-bc5d-e905a6760a80:c4771, a428730f-9893-43cb-a585-e65a7e8859c8:c4769, 994b73f6-7725-4304-b3a4-4941318c1d6c:c4769]
2019-07-08 19:53:34,647 INFO  client.GrpcClientProtocolClient (GrpcClientProtocolClient.java:onNext(255)) - client-B2F93226DCBB->056ae293-26b5-4d67-bc5d-e905a6760a80: receive RaftClientReply:client-B2F93226DCBB->056ae293-26b5-4d67-bc5d-e905a6760a80@group-50E32BB97A46, cid=3169, SUCCESS, logIndex=4771, commits[056ae293-26b5-4d67-bc5d-e905a6760a80:c4771, a428730f-9893-43cb-a585-e65a7e8859c8:c4769, 994b73f6-7725-4304-b3a4-4941318c1d6c:c4769]
2019-07-08 19:53:34,662 INFO  client.GrpcClientProtocolClient (GrpcClientProtocolClient.java:onNext(255)) - client-B2F93226DCBB->056ae293-26b5-4d67-bc5d-e905a6760a80: receive RaftClientReply:client-B2F93226DCBB->056ae293-26b5-4d67-bc5d-e905a6760a80@group-50E32BB97A46, cid=3170, SUCCESS, logIndex=4774, commits[056ae293-26b5-4d67-bc5d-e905a6760a80:c4775, a428730f-9893-43cb-a585-e65a7e8859c8:c4771, 994b73f6-7725-4304-b3a4-4941318c1d6c:c4772]
2019-07-08 19:53:34,663 INFO  client.GrpcClientProtocolClient (GrpcClientProtocolClient.java:onNext(255)) - client-B2F93226DCBB->056ae293-26b5-4d67-bc5d-e905a6760a80: receive RaftClientReply:client-B2F93226DCBB->056ae293-26b5-4d67-bc5d-e905a6760a80@group-50E32BB97A46, cid=3171, SUCCESS, logIndex=4775, commits[056ae293-26b5-4d67-bc5d-e905a6760a80:c4775, a428730f-9893-43cb-a585-e65a7e8859c8:c4772, 994b73f6-7725-4304-b3a4-4941318c1d6c:c4772]
2019-07-08 19:53:34,677 INFO  client.GrpcClientProtocolClient (GrpcClientProtocolClient.java:onNext(255)) - client-B2F93226DCBB->056ae293-26b5-4d67-bc5d-e905a6760a80: receive RaftClientReply:client-B2F93226DCBB->056ae293-26b5-4d67-bc5d-e905a6760a80@group-50E32BB97A46, cid=3172, SUCCESS, logIndex=0, commits[056ae293-26b5-4d67-bc5d-e905a6760a80:c4777, a428730f-9893-43cb-a585-e65a7e8859c8:c4775, 994b73f6-7725-4304-b3a4-4941318c1d6c:c4775]
2019-07-08 19:53:34,712 INFO  client.GrpcClientProtocolClient (GrpcClientProtocolClient.java:onNext(255)) - client-B2F93226DCBB->056ae293-26b5-4d67-bc5d-e905a6760a80: receive RaftClientReply:client-B2F93226DCBB->056ae293-26b5-4d67-bc5d-e905a6760a80@group-50E32BB97A46, cid=3173, SUCCESS, logIndex=4778, commits[056ae293-26b5-4d67-bc5d-e905a6760a80:c4779, a428730f-9893-43cb-a585-e65a7e8859c8:c4777, 994b73f6-7725-4304-b3a4-4941318c1d6c:c4777]
2019-07-08 19:53:34,713 INFO  client.GrpcClientProtocolClient (GrpcClientProtocolClient.java:onNext(255)) - client-B2F93226DCBB->056ae293-26b5-4d67-bc5d-e905a6760a80: receive RaftClientReply:client-B2F93226DCBB->056ae293-26b5-4d67-bc5d-e905a6760a80@group-50E32BB97A46, cid=3174, SUCCESS, logIndex=4779, commits[056ae293-26b5-4d67-bc5d-e905a6760a80:c4779, a428730f-9893-43cb-a585-e65a7e8859c8:c4777, 994b73f6-7725-4304-b3a4-4941318c1d6c:c4777]
2019-07-08 19:53:34,722 INFO  client.GrpcClientProtocolClient (GrpcClientProtocolClient.java:onNext(255)) - client-B2F93226DCBB->056ae293-26b5-4d67-bc5d-e905a6760a80: receive RaftClientReply:client-B2F93226DCBB->056ae293-26b5-4d67-bc5d-e905a6760a80@group-50E32BB97A46, cid=3175, SUCCESS, logIndex=4780, commits[056ae293-26b5-4d67-bc5d-e905a6760a80:c4781, a428730f-9893-43cb-a585-e65a7e8859c8:c4777, 994b73f6-7725-4304-b3a4-4941318c1d6c:c4777]
2019-07-08 19:53:34,723 INFO  client.GrpcClientProtocolClient (GrpcClientProtocolClient.java:onNext(255)) - client-B2F93226DCBB->056ae293-26b5-4d67-bc5d-e905a6760a80: receive RaftClientReply:client-B2F93226DCBB->056ae293-26b5-4d67-bc5d-e905a6760a80@group-50E32BB97A46, cid=3176, SUCCESS, logIndex=4781, commits[056ae293-26b5-4d67-bc5d-e905a6760a80:c4781, a428730f-9893-43cb-a585-e65a7e8859c8:c4777, 994b73f6-7725-4304-b3a4-4941318c1d6c:c4777]
2019-07-08 19:53:34,727 INFO  client.GrpcClientProtocolClient (GrpcClientProtocolClient.java:onNext(255)) - client-B2F93226DCBB->056ae293-26b5-4d67-bc5d-e905a6760a80: receive RaftClientReply:client-B2F93226DCBB->056ae293-26b5-4d67-bc5d-e905a6760a80@group-50E32BB97A46, cid=3177, SUCCESS, logIndex=0, commits[056ae293-26b5-4d67-bc5d-e905a6760a80:c4783, a428730f-9893-43cb-a585-e65a7e8859c8:c4779, 994b73f6-7725-4304-b3a4-4941318c1d6c:c4779]
2019-07-08 19:53:34,740 INFO  client.GrpcClientProtocolClient (GrpcClientProtocolClient.java:onNext(255)) - client-B2F93226DCBB->056ae293-26b5-4d67-bc5d-e905a6760a80: receive RaftClientReply:client-B2F93226DCBB->056ae293-26b5-4d67-bc5d-e905a6760a80@group-50E32BB97A46, cid=3178, SUCCESS, logIndex=4785, commits[056ae293-26b5-4d67-bc5d-e905a6760a80:c4786, a428730f-9893-43cb-a585-e65a7e8859c8:c4781, 994b73f6-7725-4304-b3a4-4941318c1d6c:c4784]
2019-07-08 19:53:34,740 INFO  client.GrpcClientProtocolClient (GrpcClientProtocolClient.java:onNext(255)) - client-B2F93226DCBB->056ae293-26b5-4d67-bc5d-e905a6760a80: receive RaftClientReply:client-B2F93226DCBB->056ae293-26b5-4d67-bc5d-e905a6760a80@group-50E32BB97A46, cid=3179, SUCCESS, logIndex=4786, commits[056ae293-26b5-4d67-bc5d-e905a6760a80:c4786, a428730f-9893-43cb-a585-e65a7e8859c8:c4784, 994b73f6-7725-4304-b3a4-4941318c1d6c:c4784]
2019-07-08 19:53:34,753 INFO  client.GrpcClientProtocolClient (GrpcClientProtocolClient.java:onNext(255)) - client-B2F93226DCBB->056ae293-26b5-4d67-bc5d-e905a6760a80: receive RaftClientReply:client-B2F93226DCBB->056ae293-26b5-4d67-bc5d-e905a6760a80@group-50E32BB97A46, cid=3180, SUCCESS, logIndex=4789, commits[056ae293-26b5-4d67-bc5d-e905a6760a80:c4790, a428730f-9893-43cb-a585-e65a7e8859c8:c4786, 994b73f6-7725-4304-b3a4-4941318c1d6c:c4788]
2019-07-08 19:53:34,753 INFO  client.GrpcClientProtocolClient (GrpcClientProtocolClient.java:onNext(255)) - client-B2F93226DCBB->056ae293-26b5-4d67-bc5d-e905a6760a80: receive RaftClientReply:client-B2F93226DCBB->056ae293-26b5-4d67-bc5d-e905a6760a80@group-50E32BB97A46, cid=3181, SUCCESS, logIndex=4790, commits[056ae293-26b5-4d67-bc5d-e905a6760a80:c4790, a428730f-9893-43cb-a585-e65a7e8859c8:c4786, 994b73f6-7725-4304-b3a4-4941318c1d6c:c4788]
2019-07-08 19:53:34,757 INFO  client.GrpcClientProtocolClient (GrpcClientProtocolClient.java:onNext(255)) - client-B2F93226DCBB->056ae293-26b5-4d67-bc5d-e905a6760a80: receive RaftClientReply:client-B2F93226DCBB->056ae293-26b5-4d67-bc5d-e905a6760a80@group-50E32BB97A46, cid=3182, SUCCESS, logIndex=0, commits[056ae293-26b5-4d67-bc5d-e905a6760a80:c4791, a428730f-9893-43cb-a585-e65a7e8859c8:c4790, 994b73f6-7725-4304-b3a4-4941318c1d6c:c4790]
2019-07-08 19:53:34,802 INFO  client.GrpcClientProtocolClient (GrpcClientProtocolClient.java:onNext(255)) - client-B2F93226DCBB->056ae293-26b5-4d67-bc5d-e905a6760a80: receive RaftClientReply:client-B2F93226DCBB->056ae293-26b5-4d67-bc5d-e905a6760a80@group-50E32BB97A46, cid=3183, SUCCESS, logIndex=4793, commits[056ae293-26b5-4d67-bc5d-e905a6760a80:c4794, a428730f-9893-43cb-a585-e65a7e8859c8:c4792, 994b73f6-7725-4304-b3a4-4941318c1d6c:c4792]
2019-07-08 19:53:34,802 INFO  client.GrpcClientProtocolClient (GrpcClientProtocolClient.java:onNext(255)) - client-B2F93226DCBB->056ae293-26b5-4d67-bc5d-e905a6760a80: receive RaftClientReply:client-B2F93226DCBB->056ae293-26b5-4d67-bc5d-e905a6760a80@group-50E32BB97A46, cid=3184, SUCCESS, logIndex=4794, commits[056ae293-26b5-4d67-bc5d-e905a6760a80:c4795, a428730f-9893-43cb-a585-e65a7e8859c8:c4792, 994b73f6-7725-4304-b3a4-4941318c1d6c:c4792]
2019-07-08 19:53:34,803 INFO  client.GrpcClientProtocolClient (GrpcClientProtocolClient.java:onNext(255)) - client-B2F93226DCBB->056ae293-26b5-4d67-bc5d-e905a6760a80: receive RaftClientReply:client-B2F93226DCBB->056ae293-26b5-4d67-bc5d-e905a6760a80@group-50E32BB97A46, cid=3185, SUCCESS, logIndex=4795, commits[056ae293-26b5-4d67-bc5d-e905a6760a80:c4796, a428730f-9893-43cb-a585-e65a7e8859c8:c4792, 994b73f6-7725-4304-b3a4-4941318c1d6c:c4792]
2019-07-08 19:53:34,803 INFO  client.GrpcClientProtocolClient (GrpcClientProtocolClient.java:onNext(255)) - client-B2F93226DCBB->056ae293-26b5-4d67-bc5d-e905a6760a80: receive RaftClientReply:client-B2F93226DCBB->056ae293-26b5-4d67-bc5d-e905a6760a80@group-50E32BB97A46, cid=3186, SUCCESS, logIndex=4796, commits[056ae293-26b5-4d67-bc5d-e905a6760a80:c4796, a428730f-9893-43cb-a585-e65a7e8859c8:c4792, 994b73f6-7725-4304-b3a4-4941318c1d6c:c4792]
2019-07-08 19:53:34,816 INFO  client.GrpcClientProtocolClient (GrpcClientProtocolClient.java:onNext(255)) - client-B2F93226DCBB->056ae293-26b5-4d67-bc5d-e905a6760a80: receive RaftClientReply:client-B2F93226DCBB->056ae293-26b5-4d67-bc5d-e905a6760a80@group-50E32BB97A46, cid=3187, SUCCESS, logIndex=0, commits[056ae293-26b5-4d67-bc5d-e905a6760a80:c4798, a428730f-9893-43cb-a585-e65a7e8859c8:c4794, 994b73f6-7725-4304-b3a4-4941318c1d6c:c4794]
2019-07-08 19:53:34,829 INFO  client.GrpcClientProtocolClient (GrpcClientProtocolClient.java:onNext(255)) - client-B2F93226DCBB->056ae293-26b5-4d67-bc5d-e905a6760a80: receive RaftClientReply:client-B2F93226DCBB->056ae293-26b5-4d67-bc5d-e905a6760a80@group-50E32BB97A46, cid=3188, SUCCESS, logIndex=4801, commits[056ae293-26b5-4d67-bc5d-e905a6760a80:c4802, a428730f-9893-43cb-a585-e65a7e8859c8:c4800, 994b73f6-7725-4304-b3a4-4941318c1d6c:c4800]
2019-07-08 19:53:34,829 INFO  client.GrpcClientProtocolClient (GrpcClientProtocolClient.java:onNext(255)) - client-B2F93226DCBB->056ae293-26b5-4d67-bc5d-e905a6760a80: receive RaftClientReply:client-B2F93226DCBB->056ae293-26b5-4d67-bc5d-e905a6760a80@group-50E32BB97A46, cid=3189, SUCCESS, logIndex=4802, commits[056ae293-26b5-4d67-bc5d-e905a6760a80:c4802, a428730f-9893-43cb-a585-e65a7e8859c8:c4800, 994b73f6-7725-4304-b3a4-4941318c1d6c:c4800]
2019-07-08 19:53:34,844 INFO  client.GrpcClientProtocolClient (GrpcClientProtocolClient.java:onNext(255)) - client-B2F93226DCBB->056ae293-26b5-4d67-bc5d-e905a6760a80: receive RaftClientReply:client-B2F93226DCBB->056ae293-26b5-4d67-bc5d-e905a6760a80@group-50E32BB97A46, cid=3190, SUCCESS, logIndex=4805, commits[056ae293-26b5-4d67-bc5d-e905a6760a80:c4806, a428730f-9893-43cb-a585-e65a7e8859c8:c4802, 994b73f6-7725-4304-b3a4-4941318c1d6c:c4802]
2019-07-08 19:53:34,845 INFO  client.GrpcClientProtocolClient (GrpcClientProtocolClient.java:onNext(255)) - client-B2F93226DCBB->056ae293-26b5-4d67-bc5d-e905a6760a80: receive RaftClientReply:client-B2F93226DCBB->056ae293-26b5-4d67-bc5d-e905a6760a80@group-50E32BB97A46, cid=3191, SUCCESS, logIndex=4806, commits[056ae293-26b5-4d67-bc5d-e905a6760a80:c4806, a428730f-9893-43cb-a585-e65a7e8859c8:c4802, 994b73f6-7725-4304-b3a4-4941318c1d6c:c4802]
2019-07-08 19:53:34,858 INFO  client.GrpcClientProtocolClient (GrpcClientProtocolClient.java:onNext(255)) - client-B2F93226DCBB->056ae293-26b5-4d67-bc5d-e905a6760a80: receive RaftClientReply:client-B2F93226DCBB->056ae293-26b5-4d67-bc5d-e905a6760a80@group-50E32BB97A46, cid=3192, SUCCESS, logIndex=0, commits[056ae293-26b5-4d67-bc5d-e905a6760a80:c4807, a428730f-9893-43cb-a585-e65a7e8859c8:c4806, 994b73f6-7725-4304-b3a4-4941318c1d6c:c4806]
2019-07-08 19:53:34,890 INFO  client.GrpcClientProtocolClient (GrpcClientProtocolClient.java:onNext(255)) - client-B2F93226DCBB->056ae293-26b5-4d67-bc5d-e905a6760a80: receive RaftClientReply:client-B2F93226DCBB->056ae293-26b5-4d67-bc5d-e905a6760a80@group-50E32BB97A46, cid=3193, SUCCESS, logIndex=4809, commits[056ae293-26b5-4d67-bc5d-e905a6760a80:c4810, a428730f-9893-43cb-a585-e65a7e8859c8:c4808, 994b73f6-7725-4304-b3a4-4941318c1d6c:c4808]
2019-07-08 19:53:34,891 INFO  client.GrpcClientProtocolClient (GrpcClientProtocolClient.java:onNext(255)) - client-B2F93226DCBB->056ae293-26b5-4d67-bc5d-e905a6760a80: receive RaftClientReply:client-B2F93226DCBB->056ae293-26b5-4d67-bc5d-e905a6760a80@group-50E32BB97A46, cid=3194, SUCCESS, logIndex=4810, commits[056ae293-26b5-4d67-bc5d-e905a6760a80:c4810, a428730f-9893-43cb-a585-e65a7e8859c8:c4808, 994b73f6-7725-4304-b3a4-4941318c1d6c:c4808]
2019-07-08 19:53:34,891 INFO  client.GrpcClientProtocolClient (GrpcClientProtocolClient.java:onNext(255)) - client-B2F93226DCBB->056ae293-26b5-4d67-bc5d-e905a6760a80: receive RaftClientReply:client-B2F93226DCBB->056ae293-26b5-4d67-bc5d-e905a6760a80@group-50E32BB97A46, cid=3195, SUCCESS, logIndex=4811, commits[056ae293-26b5-4d67-bc5d-e905a6760a80:c4812, a428730f-9893-43cb-a585-e65a7e8859c8:c4808, 994b73f6-7725-4304-b3a4-4941318c1d6c:c4808]
2019-07-08 19:53:34,891 INFO  client.GrpcClientProtocolClient (GrpcClientProtocolClient.java:onNext(255)) - client-B2F93226DCBB->056ae293-26b5-4d67-bc5d-e905a6760a80: receive RaftClientReply:client-B2F93226DCBB->056ae293-26b5-4d67-bc5d-e905a6760a80@group-50E32BB97A46, cid=3196, SUCCESS, logIndex=4812, commits[056ae293-26b5-4d67-bc5d-e905a6760a80:c4812, a428730f-9893-43cb-a585-e65a7e8859c8:c4808, 994b73f6-7725-4304-b3a4-4941318c1d6c:c4808]
2019-07-08 19:53:34,905 INFO  client.GrpcClientProtocolClient (GrpcClientProtocolClient.java:onNext(255)) - client-B2F93226DCBB->056ae293-26b5-4d67-bc5d-e905a6760a80: receive RaftClientReply:client-B2F93226DCBB->056ae293-26b5-4d67-bc5d-e905a6760a80@group-50E32BB97A46, cid=3197, SUCCESS, logIndex=0, commits[056ae293-26b5-4d67-bc5d-e905a6760a80:c4814, a428730f-9893-43cb-a585-e65a7e8859c8:c4810, 994b73f6-7725-4304-b3a4-4941318c1d6c:c4810]
2019-07-08 19:53:34,927 INFO  client.GrpcClientProtocolClient (GrpcClientProtocolClient.java:onNext(255)) - client-B2F93226DCBB->056ae293-26b5-4d67-bc5d-e905a6760a80: receive RaftClientReply:client-B2F93226DCBB->056ae293-26b5-4d67-bc5d-e905a6760a80@group-50E32BB97A46, cid=3198, SUCCESS, logIndex=4817, commits[056ae293-26b5-4d67-bc5d-e905a6760a80:c4818, a428730f-9893-43cb-a585-e65a7e8859c8:c4816, 994b73f6-7725-4304-b3a4-4941318c1d6c:c4816]
2019-07-08 19:53:34,927 INFO  client.GrpcClientProtocolClient (GrpcClientProtocolClient.java:onNext(255)) - client-B2F93226DCBB->056ae293-26b5-4d67-bc5d-e905a6760a80: receive RaftClientReply:client-B2F93226DCBB->056ae293-26b5-4d67-bc5d-e905a6760a80@group-50E32BB97A46, cid=3199, SUCCESS, logIndex=4818, commits[056ae293-26b5-4d67-bc5d-e905a6760a80:c4818, a428730f-9893-43cb-a585-e65a7e8859c8:c4816, 994b73f6-7725-4304-b3a4-4941318c1d6c:c4816]
2019-07-08 19:53:34,954 INFO  client.GrpcClientProtocolClient (GrpcClientProtocolClient.java:onNext(255)) - client-B2F93226DCBB->056ae293-26b5-4d67-bc5d-e905a6760a80: receive RaftClientReply:client-B2F93226DCBB->056ae293-26b5-4d67-bc5d-e905a6760a80@group-50E32BB97A46, cid=3200, SUCCESS, logIndex=4821, commits[056ae293-26b5-4d67-bc5d-e905a6760a80:c4822, a428730f-9893-43cb-a585-e65a7e8859c8:c4818, 994b73f6-7725-4304-b3a4-4941318c1d6c:c4818]
2019-07-08 19:53:34,955 INFO  client.GrpcClientProtocolClient (GrpcClientProtocolClient.java:onNext(255)) - client-B2F93226DCBB->056ae293-26b5-4d67-bc5d-e905a6760a80: receive RaftClientReply:client-B2F93226DCBB->056ae293-26b5-4d67-bc5d-e905a6760a80@group-50E32BB97A46, cid=3201, SUCCESS, logIndex=4822, commits[056ae293-26b5-4d67-bc5d-e905a6760a80:c4822, a428730f-9893-43cb-a585-e65a7e8859c8:c4818, 994b73f6-7725-4304-b3a4-4941318c1d6c:c4818]
2019-07-08 19:53:34,968 INFO  client.GrpcClientProtocolClient (GrpcClientProtocolClient.java:onNext(255)) - client-B2F93226DCBB->056ae293-26b5-4d67-bc5d-e905a6760a80: receive RaftClientReply:client-B2F93226DCBB->056ae293-26b5-4d67-bc5d-e905a6760a80@group-50E32BB97A46, cid=3202, SUCCESS, logIndex=0, commits[056ae293-26b5-4d67-bc5d-e905a6760a80:c4824, a428730f-9893-43cb-a585-e65a7e8859c8:c4822, 994b73f6-7725-4304-b3a4-4941318c1d6c:c4822]
2019-07-08 19:53:34,992 INFO  client.GrpcClientProtocolClient (GrpcClientProtocolClient.java:onNext(255)) - client-B2F93226DCBB->056ae293-26b5-4d67-bc5d-e905a6760a80: receive RaftClientReply:client-B2F93226DCBB->056ae293-26b5-4d67-bc5d-e905a6760a80@group-50E32BB97A46, cid=3203, SUCCESS, logIndex=4825, commits[056ae293-26b5-4d67-bc5d-e905a6760a80:c4826, a428730f-9893-43cb-a585-e65a7e8859c8:c4824, 994b73f6-7725-4304-b3a4-4941318c1d6c:c4824]
2019-07-08 19:53:34,993 INFO  client.GrpcClientProtocolClient (GrpcClientProtocolClient.java:onNext(255)) - client-B2F93226DCBB->056ae293-26b5-4d67-bc5d-e905a6760a80: receive RaftClientReply:client-B2F93226DCBB->056ae293-26b5-4d67-bc5d-e905a6760a80@group-50E32BB97A46, cid=3204, SUCCESS, logIndex=4826, commits[056ae293-26b5-4d67-bc5d-e905a6760a80:c4826, a428730f-9893-43cb-a585-e65a7e8859c8:c4824, 994b73f6-7725-4304-b3a4-4941318c1d6c:c4824]
2019-07-08 19:53:34,996 INFO  client.GrpcClientProtocolClient (GrpcClientProtocolClient.java:onNext(255)) - client-B2F93226DCBB->056ae293-26b5-4d67-bc5d-e905a6760a80: receive RaftClientReply:client-B2F93226DCBB->056ae293-26b5-4d67-bc5d-e905a6760a80@group-50E32BB97A46, cid=3205, SUCCESS, logIndex=4827, commits[056ae293-26b5-4d67-bc5d-e905a6760a80:c4830, a428730f-9893-43cb-a585-e65a7e8859c8:c4824, 994b73f6-7725-4304-b3a4-4941318c1d6c:c4826]
2019-07-08 19:53:34,997 INFO  client.GrpcClientProtocolClient (GrpcClientProtocolClient.java:onNext(255)) - client-B2F93226DCBB->056ae293-26b5-4d67-bc5d-e905a6760a80: receive RaftClientReply:client-B2F93226DCBB->056ae293-26b5-4d67-bc5d-e905a6760a80@group-50E32BB97A46, cid=3206, SUCCESS, logIndex=4828, commits[056ae293-26b5-4d67-bc5d-e905a6760a80:c4830, a428730f-9893-43cb-a585-e65a7e8859c8:c4826, 994b73f6-7725-4304-b3a4-4941318c1d6c:c4826]
2019-07-08 19:53:35,007 INFO  client.GrpcClientProtocolClient (GrpcClientProtocolClient.java:onNext(255)) - client-B2F93226DCBB->056ae293-26b5-4d67-bc5d-e905a6760a80: receive RaftClientReply:client-B2F93226DCBB->056ae293-26b5-4d67-bc5d-e905a6760a80@group-50E32BB97A46, cid=3207, SUCCESS, logIndex=4833, commits[056ae293-26b5-4d67-bc5d-e905a6760a80:c4834, a428730f-9893-43cb-a585-e65a7e8859c8:c4832, 994b73f6-7725-4304-b3a4-4941318c1d6c:c4832]
2019-07-08 19:53:35,008 INFO  client.GrpcClientProtocolClient (GrpcClientProtocolClient.java:onNext(255)) - client-B2F93226DCBB->056ae293-26b5-4d67-bc5d-e905a6760a80: receive RaftClientReply:client-B2F93226DCBB->056ae293-26b5-4d67-bc5d-e905a6760a80@group-50E32BB97A46, cid=3208, SUCCESS, logIndex=4834, commits[056ae293-26b5-4d67-bc5d-e905a6760a80:c4834, a428730f-9893-43cb-a585-e65a7e8859c8:c4832, 994b73f6-7725-4304-b3a4-4941318c1d6c:c4832]
2019-07-08 19:53:35,019 INFO  client.GrpcClientProtocolClient (GrpcClientProtocolClient.java:onNext(255)) - client-B2F93226DCBB->056ae293-26b5-4d67-bc5d-e905a6760a80: receive RaftClientReply:client-B2F93226DCBB->056ae293-26b5-4d67-bc5d-e905a6760a80@group-50E32BB97A46, cid=3209, SUCCESS, logIndex=4837, commits[056ae293-26b5-4d67-bc5d-e905a6760a80:c4838, a428730f-9893-43cb-a585-e65a7e8859c8:c4834, 994b73f6-7725-4304-b3a4-4941318c1d6c:c4836]
2019-07-08 19:53:35,020 INFO  client.GrpcClientProtocolClient (GrpcClientProtocolClient.java:onNext(255)) - client-B2F93226DCBB->056ae293-26b5-4d67-bc5d-e905a6760a80: receive RaftClientReply:client-B2F93226DCBB->056ae293-26b5-4d67-bc5d-e905a6760a80@group-50E32BB97A46, cid=3210, SUCCESS, logIndex=4838, commits[056ae293-26b5-4d67-bc5d-e905a6760a80:c4838, a428730f-9893-43cb-a585-e65a7e8859c8:c4836, 994b73f6-7725-4304-b3a4-4941318c1d6c:c4836]
2019-07-08 19:53:35,024 INFO  client.GrpcClientProtocolClient (GrpcClientProtocolClient.java:onNext(255)) - client-B2F93226DCBB->056ae293-26b5-4d67-bc5d-e905a6760a80: receive RaftClientReply:client-B2F93226DCBB->056ae293-26b5-4d67-bc5d-e905a6760a80@group-50E32BB97A46, cid=3211, SUCCESS, logIndex=0, commits[056ae293-26b5-4d67-bc5d-e905a6760a80:c4839, a428730f-9893-43cb-a585-e65a7e8859c8:c4838, 994b73f6-7725-4304-b3a4-4941318c1d6c:c4838]
2019-07-08 19:53:35,166 INFO  client.GrpcClientProtocolClient (GrpcClientProtocolClient.java:onNext(255)) - client-B2F93226DCBB->056ae293-26b5-4d67-bc5d-e905a6760a80: receive RaftClientReply:client-B2F93226DCBB->056ae293-26b5-4d67-bc5d-e905a6760a80@group-50E32BB97A46, cid=3212, SUCCESS, logIndex=4841, commits[056ae293-26b5-4d67-bc5d-e905a6760a80:c4842, a428730f-9893-43cb-a585-e65a7e8859c8:c4840, 994b73f6-7725-4304-b3a4-4941318c1d6c:c4840]
2019-07-08 19:53:35,167 INFO  client.GrpcClientProtocolClient (GrpcClientProtocolClient.java:onNext(255)) - client-B2F93226DCBB->056ae293-26b5-4d67-bc5d-e905a6760a80: receive RaftClientReply:client-B2F93226DCBB->056ae293-26b5-4d67-bc5d-e905a6760a80@group-50E32BB97A46, cid=3213, SUCCESS, logIndex=4842, commits[056ae293-26b5-4d67-bc5d-e905a6760a80:c4843, a428730f-9893-43cb-a585-e65a7e8859c8:c4840, 994b73f6-7725-4304-b3a4-4941318c1d6c:c4840]
2019-07-08 19:53:35,167 INFO  client.GrpcClientProtocolClient (GrpcClientProtocolClient.java:onNext(255)) - client-B2F93226DCBB->056ae293-26b5-4d67-bc5d-e905a6760a80: receive RaftClientReply:client-B2F93226DCBB->056ae293-26b5-4d67-bc5d-e905a6760a80@group-50E32BB97A46, cid=3214, SUCCESS, logIndex=4843, commits[056ae293-26b5-4d67-bc5d-e905a6760a80:c4844, a428730f-9893-43cb-a585-e65a7e8859c8:c4840, 994b73f6-7725-4304-b3a4-4941318c1d6c:c4840]
2019-07-08 19:53:35,167 INFO  client.GrpcClientProtocolClient (GrpcClientProtocolClient.java:onNext(255)) - client-B2F93226DCBB->056ae293-26b5-4d67-bc5d-e905a6760a80: receive RaftClientReply:client-B2F93226DCBB->056ae293-26b5-4d67-bc5d-e905a6760a80@group-50E32BB97A46, cid=3215, SUCCESS, logIndex=4844, commits[056ae293-26b5-4d67-bc5d-e905a6760a80:c4844, a428730f-9893-43cb-a585-e65a7e8859c8:c4840, 994b73f6-7725-4304-b3a4-4941318c1d6c:c4840]
2019-07-08 19:53:35,183 INFO  client.GrpcClientProtocolClient (GrpcClientProtocolClient.java:onNext(255)) - client-B2F93226DCBB->056ae293-26b5-4d67-bc5d-e905a6760a80: receive RaftClientReply:client-B2F93226DCBB->056ae293-26b5-4d67-bc5d-e905a6760a80@group-50E32BB97A46, cid=3216, SUCCESS, logIndex=0, commits[056ae293-26b5-4d67-bc5d-e905a6760a80:c4846, a428730f-9893-43cb-a585-e65a7e8859c8:c4842, 994b73f6-7725-4304-b3a4-4941318c1d6c:c4842]
2019-07-08 19:53:35,211 INFO  client.GrpcClientProtocolClient (GrpcClientProtocolClient.java:onNext(255)) - client-B2F93226DCBB->056ae293-26b5-4d67-bc5d-e905a6760a80: receive RaftClientReply:client-B2F93226DCBB->056ae293-26b5-4d67-bc5d-e905a6760a80@group-50E32BB97A46, cid=3217, SUCCESS, logIndex=4849, commits[056ae293-26b5-4d67-bc5d-e905a6760a80:c4850, a428730f-9893-43cb-a585-e65a7e8859c8:c4848, 994b73f6-7725-4304-b3a4-4941318c1d6c:c4848]
2019-07-08 19:53:35,211 INFO  client.GrpcClientProtocolClient (GrpcClientProtocolClient.java:onNext(255)) - client-B2F93226DCBB->056ae293-26b5-4d67-bc5d-e905a6760a80: receive RaftClientReply:client-B2F93226DCBB->056ae293-26b5-4d67-bc5d-e905a6760a80@group-50E32BB97A46, cid=3218, SUCCESS, logIndex=4850, commits[056ae293-26b5-4d67-bc5d-e905a6760a80:c4850, a428730f-9893-43cb-a585-e65a7e8859c8:c4848, 994b73f6-7725-4304-b3a4-4941318c1d6c:c4848]
2019-07-08 19:53:35,238 INFO  client.GrpcClientProtocolClient (GrpcClientProtocolClient.java:onNext(255)) - client-B2F93226DCBB->056ae293-26b5-4d67-bc5d-e905a6760a80: receive RaftClientReply:client-B2F93226DCBB->056ae293-26b5-4d67-bc5d-e905a6760a80@group-50E32BB97A46, cid=3219, SUCCESS, logIndex=4853, commits[056ae293-26b5-4d67-bc5d-e905a6760a80:c4854, a428730f-9893-43cb-a585-e65a7e8859c8:c4850, 994b73f6-7725-4304-b3a4-4941318c1d6c:c4850]
2019-07-08 19:53:35,238 INFO  client.GrpcClientProtocolClient (GrpcClientProtocolClient.java:onNext(255)) - client-B2F93226DCBB->056ae293-26b5-4d67-bc5d-e905a6760a80: receive RaftClientReply:client-B2F93226DCBB->056ae293-26b5-4d67-bc5d-e905a6760a80@group-50E32BB97A46, cid=3220, SUCCESS, logIndex=4854, commits[056ae293-26b5-4d67-bc5d-e905a6760a80:c4854, a428730f-9893-43cb-a585-e65a7e8859c8:c4850, 994b73f6-7725-4304-b3a4-4941318c1d6c:c4850]
2019-07-08 19:53:35,251 INFO  client.GrpcClientProtocolClient (GrpcClientProtocolClient.java:onNext(255)) - client-B2F93226DCBB->056ae293-26b5-4d67-bc5d-e905a6760a80: receive RaftClientReply:client-B2F93226DCBB->056ae293-26b5-4d67-bc5d-e905a6760a80@group-50E32BB97A46, cid=3221, SUCCESS, logIndex=0, commits[056ae293-26b5-4d67-bc5d-e905a6760a80:c4855, a428730f-9893-43cb-a585-e65a7e8859c8:c4854, 994b73f6-7725-4304-b3a4-4941318c1d6c:c4854]
2019-07-08 19:53:35,284 INFO  client.GrpcClientProtocolClient (GrpcClientProtocolClient.java:onNext(255)) - client-B2F93226DCBB->056ae293-26b5-4d67-bc5d-e905a6760a80: receive RaftClientReply:client-B2F93226DCBB->056ae293-26b5-4d67-bc5d-e905a6760a80@group-50E32BB97A46, cid=3222, SUCCESS, logIndex=4857, commits[056ae293-26b5-4d67-bc5d-e905a6760a80:c4858, a428730f-9893-43cb-a585-e65a7e8859c8:c4856, 994b73f6-7725-4304-b3a4-4941318c1d6c:c4856]
2019-07-08 19:53:35,285 INFO  client.GrpcClientProtocolClient (GrpcClientProtocolClient.java:onNext(255)) - client-B2F93226DCBB->056ae293-26b5-4d67-bc5d-e905a6760a80: receive RaftClientReply:client-B2F93226DCBB->056ae293-26b5-4d67-bc5d-e905a6760a80@group-50E32BB97A46, cid=3223, SUCCESS, logIndex=4858, commits[056ae293-26b5-4d67-bc5d-e905a6760a80:c4858, a428730f-9893-43cb-a585-e65a7e8859c8:c4856, 994b73f6-7725-4304-b3a4-4941318c1d6c:c4856]
2019-07-08 19:53:35,287 INFO  client.GrpcClientProtocolClient (GrpcClientProtocolClient.java:onNext(255)) - client-B2F93226DCBB->056ae293-26b5-4d67-bc5d-e905a6760a80: receive RaftClientReply:client-B2F93226DCBB->056ae293-26b5-4d67-bc5d-e905a6760a80@group-50E32BB97A46, cid=3224, SUCCESS, logIndex=4859, commits[056ae293-26b5-4d67-bc5d-e905a6760a80:c4860, a428730f-9893-43cb-a585-e65a7e8859c8:c4856, 994b73f6-7725-4304-b3a4-4941318c1d6c:c4856]
2019-07-08 19:53:35,288 INFO  client.GrpcClientProtocolClient (GrpcClientProtocolClient.java:onNext(255)) - client-B2F93226DCBB->056ae293-26b5-4d67-bc5d-e905a6760a80: receive RaftClientReply:client-B2F93226DCBB->056ae293-26b5-4d67-bc5d-e905a6760a80@group-50E32BB97A46, cid=3225, SUCCESS, logIndex=4860, commits[056ae293-26b5-4d67-bc5d-e905a6760a80:c4860, a428730f-9893-43cb-a585-e65a7e8859c8:c4856, 994b73f6-7725-4304-b3a4-4941318c1d6c:c4856]
2019-07-08 19:53:35,291 INFO  client.GrpcClientProtocolClient (GrpcClientProtocolClient.java:onNext(255)) - client-B2F93226DCBB->056ae293-26b5-4d67-bc5d-e905a6760a80: receive RaftClientReply:client-B2F93226DCBB->056ae293-26b5-4d67-bc5d-e905a6760a80@group-50E32BB97A46, cid=3226, SUCCESS, logIndex=0, commits[056ae293-26b5-4d67-bc5d-e905a6760a80:c4862, a428730f-9893-43cb-a585-e65a7e8859c8:c4858, 994b73f6-7725-4304-b3a4-4941318c1d6c:c4858]
2019-07-08 19:53:35,330 INFO  client.GrpcClientProtocolClient (GrpcClientProtocolClient.java:onNext(255)) - client-B2F93226DCBB->056ae293-26b5-4d67-bc5d-e905a6760a80: receive RaftClientReply:client-B2F93226DCBB->056ae293-26b5-4d67-bc5d-e905a6760a80@group-50E32BB97A46, cid=3227, SUCCESS, logIndex=4865, commits[056ae293-26b5-4d67-bc5d-e905a6760a80:c4866, a428730f-9893-43cb-a585-e65a7e8859c8:c4864, 994b73f6-7725-4304-b3a4-4941318c1d6c:c4864]
2019-07-08 19:53:35,331 INFO  client.GrpcClientProtocolClient (GrpcClientProtocolClient.java:onNext(255)) - client-B2F93226DCBB->056ae293-26b5-4d67-bc5d-e905a6760a80: receive RaftClientReply:client-B2F93226DCBB->056ae293-26b5-4d67-bc5d-e905a6760a80@group-50E32BB97A46, cid=3228, SUCCESS, logIndex=4866, commits[056ae293-26b5-4d67-bc5d-e905a6760a80:c4866, a428730f-9893-43cb-a585-e65a7e8859c8:c4864, 994b73f6-7725-4304-b3a4-4941318c1d6c:c4864]
2019-07-08 19:53:35,348 INFO  client.GrpcClientProtocolClient (GrpcClientProtocolClient.java:onNext(255)) - client-B2F93226DCBB->056ae293-26b5-4d67-bc5d-e905a6760a80: receive RaftClientReply:client-B2F93226DCBB->056ae293-26b5-4d67-bc5d-e905a6760a80@group-50E32BB97A46, cid=3229, SUCCESS, logIndex=4869, commits[056ae293-26b5-4d67-bc5d-e905a6760a80:c4870, a428730f-9893-43cb-a585-e65a7e8859c8:c4867, 994b73f6-7725-4304-b3a4-4941318c1d6c:c4867]
2019-07-08 19:53:35,349 INFO  client.GrpcClientProtocolClient (GrpcClientProtocolClient.java:onNext(255)) - client-B2F93226DCBB->056ae293-26b5-4d67-bc5d-e905a6760a80: receive RaftClientReply:client-B2F93226DCBB->056ae293-26b5-4d67-bc5d-e905a6760a80@group-50E32BB97A46, cid=3230, SUCCESS, logIndex=4870, commits[056ae293-26b5-4d67-bc5d-e905a6760a80:c4870, a428730f-9893-43cb-a585-e65a7e8859c8:c4867, 994b73f6-7725-4304-b3a4-4941318c1d6c:c4867]
2019-07-08 19:53:35,364 INFO  client.GrpcClientProtocolClient (GrpcClientProtocolClient.java:onNext(255)) - client-B2F93226DCBB->056ae293-26b5-4d67-bc5d-e905a6760a80: receive RaftClientReply:client-B2F93226DCBB->056ae293-26b5-4d67-bc5d-e905a6760a80@group-50E32BB97A46, cid=3231, SUCCESS, logIndex=0, commits[056ae293-26b5-4d67-bc5d-e905a6760a80:c4872, a428730f-9893-43cb-a585-e65a7e8859c8:c4870, 994b73f6-7725-4304-b3a4-4941318c1d6c:c4870]
2019-07-08 19:53:35,401 INFO  client.GrpcClientProtocolClient (GrpcClientProtocolClient.java:onNext(255)) - client-B2F93226DCBB->056ae293-26b5-4d67-bc5d-e905a6760a80: receive RaftClientReply:client-B2F93226DCBB->056ae293-26b5-4d67-bc5d-e905a6760a80@group-50E32BB97A46, cid=3232, SUCCESS, logIndex=4873, commits[056ae293-26b5-4d67-bc5d-e905a6760a80:c4874, a428730f-9893-43cb-a585-e65a7e8859c8:c4872, 994b73f6-7725-4304-b3a4-4941318c1d6c:c4872]
2019-07-08 19:53:35,402 INFO  client.GrpcClientProtocolClient (GrpcClientProtocolClient.java:onNext(255)) - client-B2F93226DCBB->056ae293-26b5-4d67-bc5d-e905a6760a80: receive RaftClientReply:client-B2F93226DCBB->056ae293-26b5-4d67-bc5d-e905a6760a80@group-50E32BB97A46, cid=3233, SUCCESS, logIndex=4874, commits[056ae293-26b5-4d67-bc5d-e905a6760a80:c4874, a428730f-9893-43cb-a585-e65a7e8859c8:c4872, 994b73f6-7725-4304-b3a4-4941318c1d6c:c4872]
2019-07-08 19:53:35,402 INFO  client.GrpcClientProtocolClient (GrpcClientProtocolClient.java:onNext(255)) - client-B2F93226DCBB->056ae293-26b5-4d67-bc5d-e905a6760a80: receive RaftClientReply:client-B2F93226DCBB->056ae293-26b5-4d67-bc5d-e905a6760a80@group-50E32BB97A46, cid=3234, SUCCESS, logIndex=4875, commits[056ae293-26b5-4d67-bc5d-e905a6760a80:c4876, a428730f-9893-43cb-a585-e65a7e8859c8:c4872, 994b73f6-7725-4304-b3a4-4941318c1d6c:c4872]
2019-07-08 19:53:35,402 INFO  client.GrpcClientProtocolClient (GrpcClientProtocolClient.java:onNext(255)) - client-B2F93226DCBB->056ae293-26b5-4d67-bc5d-e905a6760a80: receive RaftClientReply:client-B2F93226DCBB->056ae293-26b5-4d67-bc5d-e905a6760a80@group-50E32BB97A46, cid=3235, SUCCESS, logIndex=4876, commits[056ae293-26b5-4d67-bc5d-e905a6760a80:c4876, a428730f-9893-43cb-a585-e65a7e8859c8:c4872, 994b73f6-7725-4304-b3a4-4941318c1d6c:c4872]
2019-07-08 19:53:35,404 INFO  client.GrpcClientProtocolClient (GrpcClientProtocolClient.java:onNext(255)) - client-B2F93226DCBB->056ae293-26b5-4d67-bc5d-e905a6760a80: receive RaftClientReply:client-B2F93226DCBB->056ae293-26b5-4d67-bc5d-e905a6760a80@group-50E32BB97A46, cid=3236, SUCCESS, logIndex=0, commits[056ae293-26b5-4d67-bc5d-e905a6760a80:c4878, a428730f-9893-43cb-a585-e65a7e8859c8:c4874, 994b73f6-7725-4304-b3a4-4941318c1d6c:c4874]
2019-07-08 19:53:35,430 INFO  client.GrpcClientProtocolClient (GrpcClientProtocolClient.java:onNext(255)) - client-B2F93226DCBB->056ae293-26b5-4d67-bc5d-e905a6760a80: receive RaftClientReply:client-B2F93226DCBB->056ae293-26b5-4d67-bc5d-e905a6760a80@group-50E32BB97A46, cid=3237, SUCCESS, logIndex=4881, commits[056ae293-26b5-4d67-bc5d-e905a6760a80:c4882, a428730f-9893-43cb-a585-e65a7e8859c8:c4878, 994b73f6-7725-4304-b3a4-4941318c1d6c:c4876]
2019-07-08 19:53:35,430 INFO  client.GrpcClientProtocolClient (GrpcClientProtocolClient.java:onNext(255)) - client-B2F93226DCBB->056ae293-26b5-4d67-bc5d-e905a6760a80: receive RaftClientReply:client-B2F93226DCBB->056ae293-26b5-4d67-bc5d-e905a6760a80@group-50E32BB97A46, cid=3238, SUCCESS, logIndex=4882, commits[056ae293-26b5-4d67-bc5d-e905a6760a80:c4882, a428730f-9893-43cb-a585-e65a7e8859c8:c4878, 994b73f6-7725-4304-b3a4-4941318c1d6c:c4878]
 0.00% |█                                                                                                    |  0/1 Time: 0:00:312019-07-08 19:53:35,457 INFO  client.GrpcClientProtocolClient (GrpcClientProtocolClient.java:onNext(255)) - client-B2F93226DCBB->056ae293-26b5-4d67-bc5d-e905a6760a80: receive RaftClientReply:client-B2F93226DCBB->056ae293-26b5-4d67-bc5d-e905a6760a80@group-50E32BB97A46, cid=3239, SUCCESS, logIndex=4884, commits[056ae293-26b5-4d67-bc5d-e905a6760a80:c4885, a428730f-9893-43cb-a585-e65a7e8859c8:c4882, 994b73f6-7725-4304-b3a4-4941318c1d6c:c4882]
2019-07-08 19:53:35,457 INFO  client.GrpcClientProtocolClient (GrpcClientProtocolClient.java:onNext(255)) - client-B2F93226DCBB->056ae293-26b5-4d67-bc5d-e905a6760a80: receive RaftClientReply:client-B2F93226DCBB->056ae293-26b5-4d67-bc5d-e905a6760a80@group-50E32BB97A46, cid=3240, SUCCESS, logIndex=4885, commits[056ae293-26b5-4d67-bc5d-e905a6760a80:c4885, a428730f-9893-43cb-a585-e65a7e8859c8:c4882, 994b73f6-7725-4304-b3a4-4941318c1d6c:c4882]
2019-07-08 19:53:35,483 INFO  client.GrpcClientProtocolClient (GrpcClientProtocolClient.java:onNext(255)) - client-B2F93226DCBB->056ae293-26b5-4d67-bc5d-e905a6760a80: receive RaftClientReply:client-B2F93226DCBB->056ae293-26b5-4d67-bc5d-e905a6760a80@group-50E32BB97A46, cid=3241, SUCCESS, logIndex=0, commits[056ae293-26b5-4d67-bc5d-e905a6760a80:c4887, a428730f-9893-43cb-a585-e65a7e8859c8:c4885, 994b73f6-7725-4304-b3a4-4941318c1d6c:c4885]
2019-07-08 19:53:35,517 INFO  client.GrpcClientProtocolClient (GrpcClientProtocolClient.java:onNext(255)) - client-B2F93226DCBB->056ae293-26b5-4d67-bc5d-e905a6760a80: receive RaftClientReply:client-B2F93226DCBB->056ae293-26b5-4d67-bc5d-e905a6760a80@group-50E32BB97A46, cid=3242, SUCCESS, logIndex=4888, commits[056ae293-26b5-4d67-bc5d-e905a6760a80:c4889, a428730f-9893-43cb-a585-e65a7e8859c8:c4887, 994b73f6-7725-4304-b3a4-4941318c1d6c:c4887]
2019-07-08 19:53:35,518 INFO  client.GrpcClientProtocolClient (GrpcClientProtocolClient.java:onNext(255)) - client-B2F93226DCBB->056ae293-26b5-4d67-bc5d-e905a6760a80: receive RaftClientReply:client-B2F93226DCBB->056ae293-26b5-4d67-bc5d-e905a6760a80@group-50E32BB97A46, cid=3243, SUCCESS, logIndex=4889, commits[056ae293-26b5-4d67-bc5d-e905a6760a80:c4889, a428730f-9893-43cb-a585-e65a7e8859c8:c4887, 994b73f6-7725-4304-b3a4-4941318c1d6c:c4887]
2019-07-08 19:53:35,527 INFO  client.GrpcClientProtocolClient (GrpcClientProtocolClient.java:onNext(255)) - client-B2F93226DCBB->056ae293-26b5-4d67-bc5d-e905a6760a80: receive RaftClientReply:client-B2F93226DCBB->056ae293-26b5-4d67-bc5d-e905a6760a80@group-50E32BB97A46, cid=3244, SUCCESS, logIndex=4890, commits[056ae293-26b5-4d67-bc5d-e905a6760a80:c4891, a428730f-9893-43cb-a585-e65a7e8859c8:c4887, 994b73f6-7725-4304-b3a4-4941318c1d6c:c4887]
2019-07-08 19:53:35,527 INFO  client.GrpcClientProtocolClient (GrpcClientProtocolClient.java:onNext(255)) - client-B2F93226DCBB->056ae293-26b5-4d67-bc5d-e905a6760a80: receive RaftClientReply:client-B2F93226DCBB->056ae293-26b5-4d67-bc5d-e905a6760a80@group-50E32BB97A46, cid=3245, SUCCESS, logIndex=4891, commits[056ae293-26b5-4d67-bc5d-e905a6760a80:c4891, a428730f-9893-43cb-a585-e65a7e8859c8:c4887, 994b73f6-7725-4304-b3a4-4941318c1d6c:c4887]
2019-07-08 19:53:35,538 INFO  client.GrpcClientProtocolClient (GrpcClientProtocolClient.java:onNext(255)) - client-B2F93226DCBB->056ae293-26b5-4d67-bc5d-e905a6760a80: receive RaftClientReply:client-B2F93226DCBB->056ae293-26b5-4d67-bc5d-e905a6760a80@group-50E32BB97A46, cid=3246, SUCCESS, logIndex=0, commits[056ae293-26b5-4d67-bc5d-e905a6760a80:c4893, a428730f-9893-43cb-a585-e65a7e8859c8:c4889, 994b73f6-7725-4304-b3a4-4941318c1d6c:c4889]
2019-07-08 19:53:35,550 INFO  client.GrpcClientProtocolClient (GrpcClientProtocolClient.java:onNext(255)) - client-B2F93226DCBB->056ae293-26b5-4d67-bc5d-e905a6760a80: receive RaftClientReply:client-B2F93226DCBB->056ae293-26b5-4d67-bc5d-e905a6760a80@group-50E32BB97A46, cid=3247, SUCCESS, logIndex=4896, commits[056ae293-26b5-4d67-bc5d-e905a6760a80:c4897, a428730f-9893-43cb-a585-e65a7e8859c8:c4895, 994b73f6-7725-4304-b3a4-4941318c1d6c:c4889]
2019-07-08 19:53:35,550 INFO  client.GrpcClientProtocolClient (GrpcClientProtocolClient.java:onNext(255)) - client-B2F93226DCBB->056ae293-26b5-4d67-bc5d-e905a6760a80: receive RaftClientReply:client-B2F93226DCBB->056ae293-26b5-4d67-bc5d-e905a6760a80@group-50E32BB97A46, cid=3248, SUCCESS, logIndex=4897, commits[056ae293-26b5-4d67-bc5d-e905a6760a80:c4897, a428730f-9893-43cb-a585-e65a7e8859c8:c4895, 994b73f6-7725-4304-b3a4-4941318c1d6c:c4895]
2019-07-08 19:53:35,579 INFO  client.GrpcClientProtocolClient (GrpcClientProtocolClient.java:onNext(255)) - client-B2F93226DCBB->056ae293-26b5-4d67-bc5d-e905a6760a80: receive RaftClientReply:client-B2F93226DCBB->056ae293-26b5-4d67-bc5d-e905a6760a80@group-50E32BB97A46, cid=3249, SUCCESS, logIndex=4900, commits[056ae293-26b5-4d67-bc5d-e905a6760a80:c4901, a428730f-9893-43cb-a585-e65a7e8859c8:c4898, 994b73f6-7725-4304-b3a4-4941318c1d6c:c4898]
2019-07-08 19:53:35,580 INFO  client.GrpcClientProtocolClient (GrpcClientProtocolClient.java:onNext(255)) - client-B2F93226DCBB->056ae293-26b5-4d67-bc5d-e905a6760a80: receive RaftClientReply:client-B2F93226DCBB->056ae293-26b5-4d67-bc5d-e905a6760a80@group-50E32BB97A46, cid=3250, SUCCESS, logIndex=4901, commits[056ae293-26b5-4d67-bc5d-e905a6760a80:c4901, a428730f-9893-43cb-a585-e65a7e8859c8:c4898, 994b73f6-7725-4304-b3a4-4941318c1d6c:c4898]
2019-07-08 19:53:35,582 INFO  client.GrpcClientProtocolClient (GrpcClientProtocolClient.java:onNext(255)) - client-B2F93226DCBB->056ae293-26b5-4d67-bc5d-e905a6760a80: receive RaftClientReply:client-B2F93226DCBB->056ae293-26b5-4d67-bc5d-e905a6760a80@group-50E32BB97A46, cid=3251, SUCCESS, logIndex=0, commits[056ae293-26b5-4d67-bc5d-e905a6760a80:c4902, a428730f-9893-43cb-a585-e65a7e8859c8:c4901, 994b73f6-7725-4304-b3a4-4941318c1d6c:c4901]
2019-07-08 19:53:35,611 INFO  client.GrpcClientProtocolClient (GrpcClientProtocolClient.java:onNext(255)) - client-B2F93226DCBB->056ae293-26b5-4d67-bc5d-e905a6760a80: receive RaftClientReply:client-B2F93226DCBB->056ae293-26b5-4d67-bc5d-e905a6760a80@group-50E32BB97A46, cid=3252, SUCCESS, logIndex=4904, commits[056ae293-26b5-4d67-bc5d-e905a6760a80:c4905, a428730f-9893-43cb-a585-e65a7e8859c8:c4903, 994b73f6-7725-4304-b3a4-4941318c1d6c:c4903]
2019-07-08 19:53:35,612 INFO  client.GrpcClientProtocolClient (GrpcClientProtocolClient.java:onNext(255)) - client-B2F93226DCBB->056ae293-26b5-4d67-bc5d-e905a6760a80: receive RaftClientReply:client-B2F93226DCBB->056ae293-26b5-4d67-bc5d-e905a6760a80@group-50E32BB97A46, cid=3253, SUCCESS, logIndex=4905, commits[056ae293-26b5-4d67-bc5d-e905a6760a80:c4905, a428730f-9893-43cb-a585-e65a7e8859c8:c4903, 994b73f6-7725-4304-b3a4-4941318c1d6c:c4903]
2019-07-08 19:53:35,621 INFO  client.GrpcClientProtocolClient (GrpcClientProtocolClient.java:onNext(255)) - client-B2F93226DCBB->056ae293-26b5-4d67-bc5d-e905a6760a80: receive RaftClientReply:client-B2F93226DCBB->056ae293-26b5-4d67-bc5d-e905a6760a80@group-50E32BB97A46, cid=3254, SUCCESS, logIndex=4906, commits[056ae293-26b5-4d67-bc5d-e905a6760a80:c4907, a428730f-9893-43cb-a585-e65a7e8859c8:c4903, 994b73f6-7725-4304-b3a4-4941318c1d6c:c4903]
2019-07-08 19:53:35,622 INFO  client.GrpcClientProtocolClient (GrpcClientProtocolClient.java:onNext(255)) - client-B2F93226DCBB->056ae293-26b5-4d67-bc5d-e905a6760a80: receive RaftClientReply:client-B2F93226DCBB->056ae293-26b5-4d67-bc5d-e905a6760a80@group-50E32BB97A46, cid=3255, SUCCESS, logIndex=4907, commits[056ae293-26b5-4d67-bc5d-e905a6760a80:c4907, a428730f-9893-43cb-a585-e65a7e8859c8:c4903, 994b73f6-7725-4304-b3a4-4941318c1d6c:c4903]
2019-07-08 19:53:35,644 INFO  client.GrpcClientProtocolClient (GrpcClientProtocolClient.java:onNext(255)) - client-B2F93226DCBB->056ae293-26b5-4d67-bc5d-e905a6760a80: receive RaftClientReply:client-B2F93226DCBB->056ae293-26b5-4d67-bc5d-e905a6760a80@group-50E32BB97A46, cid=3256, SUCCESS, logIndex=0, commits[056ae293-26b5-4d67-bc5d-e905a6760a80:c4909, a428730f-9893-43cb-a585-e65a7e8859c8:c4905, 994b73f6-7725-4304-b3a4-4941318c1d6c:c4905]
2019-07-08 19:53:35,665 INFO  client.GrpcClientProtocolClient (GrpcClientProtocolClient.java:onNext(255)) - client-B2F93226DCBB->056ae293-26b5-4d67-bc5d-e905a6760a80: receive RaftClientReply:client-B2F93226DCBB->056ae293-26b5-4d67-bc5d-e905a6760a80@group-50E32BB97A46, cid=3257, SUCCESS, logIndex=4912, commits[056ae293-26b5-4d67-bc5d-e905a6760a80:c4913, a428730f-9893-43cb-a585-e65a7e8859c8:c4911, 994b73f6-7725-4304-b3a4-4941318c1d6c:c4911]
2019-07-08 19:53:35,665 INFO  client.GrpcClientProtocolClient (GrpcClientProtocolClient.java:onNext(255)) - client-B2F93226DCBB->056ae293-26b5-4d67-bc5d-e905a6760a80: receive RaftClientReply:client-B2F93226DCBB->056ae293-26b5-4d67-bc5d-e905a6760a80@group-50E32BB97A46, cid=3258, SUCCESS, logIndex=4913, commits[056ae293-26b5-4d67-bc5d-e905a6760a80:c4913, a428730f-9893-43cb-a585-e65a7e8859c8:c4911, 994b73f6-7725-4304-b3a4-4941318c1d6c:c4911]
2019-07-08 19:53:35,680 INFO  client.GrpcClientProtocolClient (GrpcClientProtocolClient.java:onNext(255)) - client-B2F93226DCBB->056ae293-26b5-4d67-bc5d-e905a6760a80: receive RaftClientReply:client-B2F93226DCBB->056ae293-26b5-4d67-bc5d-e905a6760a80@group-50E32BB97A46, cid=3259, SUCCESS, logIndex=4916, commits[056ae293-26b5-4d67-bc5d-e905a6760a80:c4917, a428730f-9893-43cb-a585-e65a7e8859c8:c4913, 994b73f6-7725-4304-b3a4-4941318c1d6c:c4913]
2019-07-08 19:53:35,680 INFO  client.GrpcClientProtocolClient (GrpcClientProtocolClient.java:onNext(255)) - client-B2F93226DCBB->056ae293-26b5-4d67-bc5d-e905a6760a80: receive RaftClientReply:client-B2F93226DCBB->056ae293-26b5-4d67-bc5d-e905a6760a80@group-50E32BB97A46, cid=3260, SUCCESS, logIndex=4917, commits[056ae293-26b5-4d67-bc5d-e905a6760a80:c4917, a428730f-9893-43cb-a585-e65a7e8859c8:c4913, 994b73f6-7725-4304-b3a4-4941318c1d6c:c4913]
2019-07-08 19:53:35,693 INFO  client.GrpcClientProtocolClient (GrpcClientProtocolClient.java:onNext(255)) - client-B2F93226DCBB->056ae293-26b5-4d67-bc5d-e905a6760a80: receive RaftClientReply:client-B2F93226DCBB->056ae293-26b5-4d67-bc5d-e905a6760a80@group-50E32BB97A46, cid=3261, SUCCESS, logIndex=0, commits[056ae293-26b5-4d67-bc5d-e905a6760a80:c4918, a428730f-9893-43cb-a585-e65a7e8859c8:c4917, 994b73f6-7725-4304-b3a4-4941318c1d6c:c4917]
2019-07-08 19:53:35,724 INFO  client.GrpcClientProtocolClient (GrpcClientProtocolClient.java:onNext(255)) - client-B2F93226DCBB->056ae293-26b5-4d67-bc5d-e905a6760a80: receive RaftClientReply:client-B2F93226DCBB->056ae293-26b5-4d67-bc5d-e905a6760a80@group-50E32BB97A46, cid=3262, SUCCESS, logIndex=4920, commits[056ae293-26b5-4d67-bc5d-e905a6760a80:c4921, a428730f-9893-43cb-a585-e65a7e8859c8:c4919, 994b73f6-7725-4304-b3a4-4941318c1d6c:c4919]
2019-07-08 19:53:35,724 INFO  client.GrpcClientProtocolClient (GrpcClientProtocolClient.java:onNext(255)) - client-B2F93226DCBB->056ae293-26b5-4d67-bc5d-e905a6760a80: receive RaftClientReply:client-B2F93226DCBB->056ae293-26b5-4d67-bc5d-e905a6760a80@group-50E32BB97A46, cid=3263, SUCCESS, logIndex=4921, commits[056ae293-26b5-4d67-bc5d-e905a6760a80:c4922, a428730f-9893-43cb-a585-e65a7e8859c8:c4919, 994b73f6-7725-4304-b3a4-4941318c1d6c:c4919]
2019-07-08 19:53:35,725 INFO  client.GrpcClientProtocolClient (GrpcClientProtocolClient.java:onNext(255)) - client-B2F93226DCBB->056ae293-26b5-4d67-bc5d-e905a6760a80: receive RaftClientReply:client-B2F93226DCBB->056ae293-26b5-4d67-bc5d-e905a6760a80@group-50E32BB97A46, cid=3264, SUCCESS, logIndex=4922, commits[056ae293-26b5-4d67-bc5d-e905a6760a80:c4923, a428730f-9893-43cb-a585-e65a7e8859c8:c4919, 994b73f6-7725-4304-b3a4-4941318c1d6c:c4919]
2019-07-08 19:53:35,725 INFO  client.GrpcClientProtocolClient (GrpcClientProtocolClient.java:onNext(255)) - client-B2F93226DCBB->056ae293-26b5-4d67-bc5d-e905a6760a80: receive RaftClientReply:client-B2F93226DCBB->056ae293-26b5-4d67-bc5d-e905a6760a80@group-50E32BB97A46, cid=3265, SUCCESS, logIndex=4923, commits[056ae293-26b5-4d67-bc5d-e905a6760a80:c4924, a428730f-9893-43cb-a585-e65a7e8859c8:c4919, 994b73f6-7725-4304-b3a4-4941318c1d6c:c4920]
2019-07-08 19:53:35,727 INFO  client.GrpcClientProtocolClient (GrpcClientProtocolClient.java:onNext(255)) - client-B2F93226DCBB->056ae293-26b5-4d67-bc5d-e905a6760a80: receive RaftClientReply:client-B2F93226DCBB->056ae293-26b5-4d67-bc5d-e905a6760a80@group-50E32BB97A46, cid=3266, SUCCESS, logIndex=0, commits[056ae293-26b5-4d67-bc5d-e905a6760a80:c4925, a428730f-9893-43cb-a585-e65a7e8859c8:c4921, 994b73f6-7725-4304-b3a4-4941318c1d6c:c4921]
2019-07-08 19:53:35,744 INFO  client.GrpcClientProtocolClient (GrpcClientProtocolClient.java:onNext(255)) - client-B2F93226DCBB->056ae293-26b5-4d67-bc5d-e905a6760a80: receive RaftClientReply:client-B2F93226DCBB->056ae293-26b5-4d67-bc5d-e905a6760a80@group-50E32BB97A46, cid=3267, SUCCESS, logIndex=4928, commits[056ae293-26b5-4d67-bc5d-e905a6760a80:c4929, a428730f-9893-43cb-a585-e65a7e8859c8:c4927, 994b73f6-7725-4304-b3a4-4941318c1d6c:c4927]
2019-07-08 19:53:35,745 INFO  client.GrpcClientProtocolClient (GrpcClientProtocolClient.java:onNext(255)) - client-B2F93226DCBB->056ae293-26b5-4d67-bc5d-e905a6760a80: receive RaftClientReply:client-B2F93226DCBB->056ae293-26b5-4d67-bc5d-e905a6760a80@group-50E32BB97A46, cid=3268, SUCCESS, logIndex=4929, commits[056ae293-26b5-4d67-bc5d-e905a6760a80:c4929, a428730f-9893-43cb-a585-e65a7e8859c8:c4927, 994b73f6-7725-4304-b3a4-4941318c1d6c:c4927]
2019-07-08 19:53:35,755 INFO  client.GrpcClientProtocolClient (GrpcClientProtocolClient.java:onNext(255)) - client-B2F93226DCBB->056ae293-26b5-4d67-bc5d-e905a6760a80: receive RaftClientReply:client-B2F93226DCBB->056ae293-26b5-4d67-bc5d-e905a6760a80@group-50E32BB97A46, cid=3269, SUCCESS, logIndex=4932, commits[056ae293-26b5-4d67-bc5d-e905a6760a80:c4933, a428730f-9893-43cb-a585-e65a7e8859c8:c4929, 994b73f6-7725-4304-b3a4-4941318c1d6c:c4931]
2019-07-08 19:53:35,756 INFO  client.GrpcClientProtocolClient (GrpcClientProtocolClient.java:onNext(255)) - client-B2F93226DCBB->056ae293-26b5-4d67-bc5d-e905a6760a80: receive RaftClientReply:client-B2F93226DCBB->056ae293-26b5-4d67-bc5d-e905a6760a80@group-50E32BB97A46, cid=3270, SUCCESS, logIndex=4933, commits[056ae293-26b5-4d67-bc5d-e905a6760a80:c4933, a428730f-9893-43cb-a585-e65a7e8859c8:c4931, 994b73f6-7725-4304-b3a4-4941318c1d6c:c4931]
2019-07-08 19:53:35,757 INFO  client.GrpcClientProtocolClient (GrpcClientProtocolClient.java:onNext(255)) - client-B2F93226DCBB->056ae293-26b5-4d67-bc5d-e905a6760a80: receive RaftClientReply:client-B2F93226DCBB->056ae293-26b5-4d67-bc5d-e905a6760a80@group-50E32BB97A46, cid=3271, SUCCESS, logIndex=0, commits[056ae293-26b5-4d67-bc5d-e905a6760a80:c4934, a428730f-9893-43cb-a585-e65a7e8859c8:c4933, 994b73f6-7725-4304-b3a4-4941318c1d6c:c4933]
2019-07-08 19:53:35,778 INFO  client.GrpcClientProtocolClient (GrpcClientProtocolClient.java:onNext(255)) - client-B2F93226DCBB->056ae293-26b5-4d67-bc5d-e905a6760a80: receive RaftClientReply:client-B2F93226DCBB->056ae293-26b5-4d67-bc5d-e905a6760a80@group-50E32BB97A46, cid=3272, SUCCESS, logIndex=4936, commits[056ae293-26b5-4d67-bc5d-e905a6760a80:c4937, a428730f-9893-43cb-a585-e65a7e8859c8:c4933, 994b73f6-7725-4304-b3a4-4941318c1d6c:c4935]
2019-07-08 19:53:35,778 INFO  client.GrpcClientProtocolClient (GrpcClientProtocolClient.java:onNext(255)) - client-B2F93226DCBB->056ae293-26b5-4d67-bc5d-e905a6760a80: receive RaftClientReply:client-B2F93226DCBB->056ae293-26b5-4d67-bc5d-e905a6760a80@group-50E32BB97A46, cid=3273, SUCCESS, logIndex=4937, commits[056ae293-26b5-4d67-bc5d-e905a6760a80:c4937, a428730f-9893-43cb-a585-e65a7e8859c8:c4933, 994b73f6-7725-4304-b3a4-4941318c1d6c:c4935]
2019-07-08 19:53:35,780 INFO  client.GrpcClientProtocolClient (GrpcClientProtocolClient.java:onNext(255)) - client-B2F93226DCBB->056ae293-26b5-4d67-bc5d-e905a6760a80: receive RaftClientReply:client-B2F93226DCBB->056ae293-26b5-4d67-bc5d-e905a6760a80@group-50E32BB97A46, cid=3274, SUCCESS, logIndex=4938, commits[056ae293-26b5-4d67-bc5d-e905a6760a80:c4939, a428730f-9893-43cb-a585-e65a7e8859c8:c4935, 994b73f6-7725-4304-b3a4-4941318c1d6c:c4935]
2019-07-08 19:53:35,780 INFO  client.GrpcClientProtocolClient (GrpcClientProtocolClient.java:onNext(255)) - client-B2F93226DCBB->056ae293-26b5-4d67-bc5d-e905a6760a80: receive RaftClientReply:client-B2F93226DCBB->056ae293-26b5-4d67-bc5d-e905a6760a80@group-50E32BB97A46, cid=3275, SUCCESS, logIndex=4939, commits[056ae293-26b5-4d67-bc5d-e905a6760a80:c4939, a428730f-9893-43cb-a585-e65a7e8859c8:c4935, 994b73f6-7725-4304-b3a4-4941318c1d6c:c4935]
2019-07-08 19:53:35,784 INFO  client.GrpcClientProtocolClient (GrpcClientProtocolClient.java:onNext(255)) - client-B2F93226DCBB->056ae293-26b5-4d67-bc5d-e905a6760a80: receive RaftClientReply:client-B2F93226DCBB->056ae293-26b5-4d67-bc5d-e905a6760a80@group-50E32BB97A46, cid=3276, SUCCESS, logIndex=0, commits[056ae293-26b5-4d67-bc5d-e905a6760a80:c4941, a428730f-9893-43cb-a585-e65a7e8859c8:c4937, 994b73f6-7725-4304-b3a4-4941318c1d6c:c4937]
2019-07-08 19:53:35,796 INFO  client.GrpcClientProtocolClient (GrpcClientProtocolClient.java:onNext(255)) - client-B2F93226DCBB->056ae293-26b5-4d67-bc5d-e905a6760a80: receive RaftClientReply:client-B2F93226DCBB->056ae293-26b5-4d67-bc5d-e905a6760a80@group-50E32BB97A46, cid=3277, SUCCESS, logIndex=4944, commits[056ae293-26b5-4d67-bc5d-e905a6760a80:c4945, a428730f-9893-43cb-a585-e65a7e8859c8:c4943, 994b73f6-7725-4304-b3a4-4941318c1d6c:c4943]
2019-07-08 19:53:35,797 INFO  client.GrpcClientProtocolClient (GrpcClientProtocolClient.java:onNext(255)) - client-B2F93226DCBB->056ae293-26b5-4d67-bc5d-e905a6760a80: receive RaftClientReply:client-B2F93226DCBB->056ae293-26b5-4d67-bc5d-e905a6760a80@group-50E32BB97A46, cid=3278, SUCCESS, logIndex=4945, commits[056ae293-26b5-4d67-bc5d-e905a6760a80:c4945, a428730f-9893-43cb-a585-e65a7e8859c8:c4943, 994b73f6-7725-4304-b3a4-4941318c1d6c:c4943]
2019-07-08 19:53:35,807 INFO  client.GrpcClientProtocolClient (GrpcClientProtocolClient.java:onNext(255)) - client-B2F93226DCBB->056ae293-26b5-4d67-bc5d-e905a6760a80: receive RaftClientReply:client-B2F93226DCBB->056ae293-26b5-4d67-bc5d-e905a6760a80@group-50E32BB97A46, cid=3279, SUCCESS, logIndex=4948, commits[056ae293-26b5-4d67-bc5d-e905a6760a80:c4949, a428730f-9893-43cb-a585-e65a7e8859c8:c4947, 994b73f6-7725-4304-b3a4-4941318c1d6c:c4945]
2019-07-08 19:53:35,807 INFO  client.GrpcClientProtocolClient (GrpcClientProtocolClient.java:onNext(255)) - client-B2F93226DCBB->056ae293-26b5-4d67-bc5d-e905a6760a80: receive RaftClientReply:client-B2F93226DCBB->056ae293-26b5-4d67-bc5d-e905a6760a80@group-50E32BB97A46, cid=3280, SUCCESS, logIndex=4949, commits[056ae293-26b5-4d67-bc5d-e905a6760a80:c4949, a428730f-9893-43cb-a585-e65a7e8859c8:c4947, 994b73f6-7725-4304-b3a4-4941318c1d6c:c4947]
2019-07-08 19:53:35,809 INFO  client.GrpcClientProtocolClient (GrpcClientProtocolClient.java:onNext(255)) - client-B2F93226DCBB->056ae293-26b5-4d67-bc5d-e905a6760a80: receive RaftClientReply:client-B2F93226DCBB->056ae293-26b5-4d67-bc5d-e905a6760a80@group-50E32BB97A46, cid=3281, SUCCESS, logIndex=0, commits[056ae293-26b5-4d67-bc5d-e905a6760a80:c4950, a428730f-9893-43cb-a585-e65a7e8859c8:c4949, 994b73f6-7725-4304-b3a4-4941318c1d6c:c4949]
2019-07-08 19:53:35,835 INFO  client.GrpcClientProtocolClient (GrpcClientProtocolClient.java:onNext(255)) - client-B2F93226DCBB->056ae293-26b5-4d67-bc5d-e905a6760a80: receive RaftClientReply:client-B2F93226DCBB->056ae293-26b5-4d67-bc5d-e905a6760a80@group-50E32BB97A46, cid=3282, SUCCESS, logIndex=4952, commits[056ae293-26b5-4d67-bc5d-e905a6760a80:c4954, a428730f-9893-43cb-a585-e65a7e8859c8:c4951, 994b73f6-7725-4304-b3a4-4941318c1d6c:c4951]
2019-07-08 19:53:35,836 INFO  client.GrpcClientProtocolClient (GrpcClientProtocolClient.java:onNext(255)) - client-B2F93226DCBB->056ae293-26b5-4d67-bc5d-e905a6760a80: receive RaftClientReply:client-B2F93226DCBB->056ae293-26b5-4d67-bc5d-e905a6760a80@group-50E32BB97A46, cid=3283, SUCCESS, logIndex=4953, commits[056ae293-26b5-4d67-bc5d-e905a6760a80:c4955, a428730f-9893-43cb-a585-e65a7e8859c8:c4951, 994b73f6-7725-4304-b3a4-4941318c1d6c:c4951]
2019-07-08 19:53:35,836 INFO  client.GrpcClientProtocolClient (GrpcClientProtocolClient.java:onNext(255)) - client-B2F93226DCBB->056ae293-26b5-4d67-bc5d-e905a6760a80: receive RaftClientReply:client-B2F93226DCBB->056ae293-26b5-4d67-bc5d-e905a6760a80@group-50E32BB97A46, cid=3284, SUCCESS, logIndex=4954, commits[056ae293-26b5-4d67-bc5d-e905a6760a80:c4955, a428730f-9893-43cb-a585-e65a7e8859c8:c4951, 994b73f6-7725-4304-b3a4-4941318c1d6c:c4951]
2019-07-08 19:53:35,836 INFO  client.GrpcClientProtocolClient (GrpcClientProtocolClient.java:onNext(255)) - client-B2F93226DCBB->056ae293-26b5-4d67-bc5d-e905a6760a80: receive RaftClientReply:client-B2F93226DCBB->056ae293-26b5-4d67-bc5d-e905a6760a80@group-50E32BB97A46, cid=3285, SUCCESS, logIndex=4955, commits[056ae293-26b5-4d67-bc5d-e905a6760a80:c4955, a428730f-9893-43cb-a585-e65a7e8859c8:c4951, 994b73f6-7725-4304-b3a4-4941318c1d6c:c4951]
2019-07-08 19:53:35,850 INFO  client.GrpcClientProtocolClient (GrpcClientProtocolClient.java:onNext(255)) - client-B2F93226DCBB->056ae293-26b5-4d67-bc5d-e905a6760a80: receive RaftClientReply:client-B2F93226DCBB->056ae293-26b5-4d67-bc5d-e905a6760a80@group-50E32BB97A46, cid=3286, SUCCESS, logIndex=0, commits[056ae293-26b5-4d67-bc5d-e905a6760a80:c4959, a428730f-9893-43cb-a585-e65a7e8859c8:c4953, 994b73f6-7725-4304-b3a4-4941318c1d6c:c4955]
2019-07-08 19:53:35,862 INFO  client.GrpcClientProtocolClient (GrpcClientProtocolClient.java:onNext(255)) - client-B2F93226DCBB->056ae293-26b5-4d67-bc5d-e905a6760a80: receive RaftClientReply:client-B2F93226DCBB->056ae293-26b5-4d67-bc5d-e905a6760a80@group-50E32BB97A46, cid=3287, SUCCESS, logIndex=4960, commits[056ae293-26b5-4d67-bc5d-e905a6760a80:c4961, a428730f-9893-43cb-a585-e65a7e8859c8:c4959, 994b73f6-7725-4304-b3a4-4941318c1d6c:c4959]
2019-07-08 19:53:35,863 INFO  client.GrpcClientProtocolClient (GrpcClientProtocolClient.java:onNext(255)) - client-B2F93226DCBB->056ae293-26b5-4d67-bc5d-e905a6760a80: receive RaftClientReply:client-B2F93226DCBB->056ae293-26b5-4d67-bc5d-e905a6760a80@group-50E32BB97A46, cid=3288, SUCCESS, logIndex=4961, commits[056ae293-26b5-4d67-bc5d-e905a6760a80:c4961, a428730f-9893-43cb-a585-e65a7e8859c8:c4959, 994b73f6-7725-4304-b3a4-4941318c1d6c:c4959]
2019-07-08 19:53:35,877 INFO  client.GrpcClientProtocolClient (GrpcClientProtocolClient.java:onNext(255)) - client-B2F93226DCBB->056ae293-26b5-4d67-bc5d-e905a6760a80: receive RaftClientReply:client-B2F93226DCBB->056ae293-26b5-4d67-bc5d-e905a6760a80@group-50E32BB97A46, cid=3289, SUCCESS, logIndex=4964, commits[056ae293-26b5-4d67-bc5d-e905a6760a80:c4965, a428730f-9893-43cb-a585-e65a7e8859c8:c4961, 994b73f6-7725-4304-b3a4-4941318c1d6c:c4961]
2019-07-08 19:53:35,878 INFO  client.GrpcClientProtocolClient (GrpcClientProtocolClient.java:onNext(255)) - client-B2F93226DCBB->056ae293-26b5-4d67-bc5d-e905a6760a80: receive RaftClientReply:client-B2F93226DCBB->056ae293-26b5-4d67-bc5d-e905a6760a80@group-50E32BB97A46, cid=3290, SUCCESS, logIndex=4965, commits[056ae293-26b5-4d67-bc5d-e905a6760a80:c4965, a428730f-9893-43cb-a585-e65a7e8859c8:c4961, 994b73f6-7725-4304-b3a4-4941318c1d6c:c4961]
2019-07-08 19:53:35,892 INFO  client.GrpcClientProtocolClient (GrpcClientProtocolClient.java:onNext(255)) - client-B2F93226DCBB->056ae293-26b5-4d67-bc5d-e905a6760a80: receive RaftClientReply:client-B2F93226DCBB->056ae293-26b5-4d67-bc5d-e905a6760a80@group-50E32BB97A46, cid=3291, SUCCESS, logIndex=0, commits[056ae293-26b5-4d67-bc5d-e905a6760a80:c4966, a428730f-9893-43cb-a585-e65a7e8859c8:c4965, 994b73f6-7725-4304-b3a4-4941318c1d6c:c4965]
2019-07-08 19:53:35,924 INFO  client.GrpcClientProtocolClient (GrpcClientProtocolClient.java:onNext(255)) - client-B2F93226DCBB->056ae293-26b5-4d67-bc5d-e905a6760a80: receive RaftClientReply:client-B2F93226DCBB->056ae293-26b5-4d67-bc5d-e905a6760a80@group-50E32BB97A46, cid=3292, SUCCESS, logIndex=4968, commits[056ae293-26b5-4d67-bc5d-e905a6760a80:c4969, a428730f-9893-43cb-a585-e65a7e8859c8:c4967, 994b73f6-7725-4304-b3a4-4941318c1d6c:c4967]
2019-07-08 19:53:35,924 INFO  client.GrpcClientProtocolClient (GrpcClientProtocolClient.java:onNext(255)) - client-B2F93226DCBB->056ae293-26b5-4d67-bc5d-e905a6760a80: receive RaftClientReply:client-B2F93226DCBB->056ae293-26b5-4d67-bc5d-e905a6760a80@group-50E32BB97A46, cid=3293, SUCCESS, logIndex=4969, commits[056ae293-26b5-4d67-bc5d-e905a6760a80:c4971, a428730f-9893-43cb-a585-e65a7e8859c8:c4967, 994b73f6-7725-4304-b3a4-4941318c1d6c:c4967]
2019-07-08 19:53:35,925 INFO  client.GrpcClientProtocolClient (GrpcClientProtocolClient.java:onNext(255)) - client-B2F93226DCBB->056ae293-26b5-4d67-bc5d-e905a6760a80: receive RaftClientReply:client-B2F93226DCBB->056ae293-26b5-4d67-bc5d-e905a6760a80@group-50E32BB97A46, cid=3294, SUCCESS, logIndex=4970, commits[056ae293-26b5-4d67-bc5d-e905a6760a80:c4971, a428730f-9893-43cb-a585-e65a7e8859c8:c4967, 994b73f6-7725-4304-b3a4-4941318c1d6c:c4967]
2019-07-08 19:53:35,925 INFO  client.GrpcClientProtocolClient (GrpcClientProtocolClient.java:onNext(255)) - client-B2F93226DCBB->056ae293-26b5-4d67-bc5d-e905a6760a80: receive RaftClientReply:client-B2F93226DCBB->056ae293-26b5-4d67-bc5d-e905a6760a80@group-50E32BB97A46, cid=3295, SUCCESS, logIndex=4971, commits[056ae293-26b5-4d67-bc5d-e905a6760a80:c4971, a428730f-9893-43cb-a585-e65a7e8859c8:c4967, 994b73f6-7725-4304-b3a4-4941318c1d6c:c4967]
2019-07-08 19:53:35,926 INFO  client.GrpcClientProtocolClient (GrpcClientProtocolClient.java:onNext(255)) - client-B2F93226DCBB->056ae293-26b5-4d67-bc5d-e905a6760a80: receive RaftClientReply:client-B2F93226DCBB->056ae293-26b5-4d67-bc5d-e905a6760a80@group-50E32BB97A46, cid=3296, SUCCESS, logIndex=0, commits[056ae293-26b5-4d67-bc5d-e905a6760a80:c4972, a428730f-9893-43cb-a585-e65a7e8859c8:c4969, 994b73f6-7725-4304-b3a4-4941318c1d6c:c4969]
2019-07-08 19:53:35,945 INFO  client.GrpcClientProtocolClient (GrpcClientProtocolClient.java:onNext(255)) - client-B2F93226DCBB->056ae293-26b5-4d67-bc5d-e905a6760a80: receive RaftClientReply:client-B2F93226DCBB->056ae293-26b5-4d67-bc5d-e905a6760a80@group-50E32BB97A46, cid=3297, SUCCESS, logIndex=4976, commits[056ae293-26b5-4d67-bc5d-e905a6760a80:c4977, a428730f-9893-43cb-a585-e65a7e8859c8:c4975, 994b73f6-7725-4304-b3a4-4941318c1d6c:c4975]
2019-07-08 19:53:35,945 INFO  client.GrpcClientProtocolClient (GrpcClientProtocolClient.java:onNext(255)) - client-B2F93226DCBB->056ae293-26b5-4d67-bc5d-e905a6760a80: receive RaftClientReply:client-B2F93226DCBB->056ae293-26b5-4d67-bc5d-e905a6760a80@group-50E32BB97A46, cid=3298, SUCCESS, logIndex=4977, commits[056ae293-26b5-4d67-bc5d-e905a6760a80:c4977, a428730f-9893-43cb-a585-e65a7e8859c8:c4975, 994b73f6-7725-4304-b3a4-4941318c1d6c:c4975]
2019-07-08 19:53:35,957 INFO  client.GrpcClientProtocolClient (GrpcClientProtocolClient.java:onNext(255)) - client-B2F93226DCBB->056ae293-26b5-4d67-bc5d-e905a6760a80: receive RaftClientReply:client-B2F93226DCBB->056ae293-26b5-4d67-bc5d-e905a6760a80@group-50E32BB97A46, cid=3299, SUCCESS, logIndex=4980, commits[056ae293-26b5-4d67-bc5d-e905a6760a80:c4981, a428730f-9893-43cb-a585-e65a7e8859c8:c4977, 994b73f6-7725-4304-b3a4-4941318c1d6c:c4977]
2019-07-08 19:53:35,958 INFO  client.GrpcClientProtocolClient (GrpcClientProtocolClient.java:onNext(255)) - client-B2F93226DCBB->056ae293-26b5-4d67-bc5d-e905a6760a80: receive RaftClientReply:client-B2F93226DCBB->056ae293-26b5-4d67-bc5d-e905a6760a80@group-50E32BB97A46, cid=3300, SUCCESS, logIndex=4981, commits[056ae293-26b5-4d67-bc5d-e905a6760a80:c4981, a428730f-9893-43cb-a585-e65a7e8859c8:c4977, 994b73f6-7725-4304-b3a4-4941318c1d6c:c4977]
2019-07-08 19:53:35,983 INFO  client.GrpcClientProtocolClient (GrpcClientProtocolClient.java:onNext(255)) - client-B2F93226DCBB->056ae293-26b5-4d67-bc5d-e905a6760a80: receive RaftClientReply:client-B2F93226DCBB->056ae293-26b5-4d67-bc5d-e905a6760a80@group-50E32BB97A46, cid=3301, SUCCESS, logIndex=0, commits[056ae293-26b5-4d67-bc5d-e905a6760a80:c4983, a428730f-9893-43cb-a585-e65a7e8859c8:c4981, 994b73f6-7725-4304-b3a4-4941318c1d6c:c4981]
 0.00% |█                                                                                                    |  0/1 Time: 0:00:322019-07-08 19:53:36,491 WARN  util.JavaUtils (JavaUtils.java:sleep(250)) - Unexpected long sleep: sleep(1133ms) actually took 1563ms which is over the threshold 300ms
2019-07-08 19:53:36,518 INFO  client.GrpcClientProtocolClient (GrpcClientProtocolClient.java:onNext(255)) - client-B2F93226DCBB->056ae293-26b5-4d67-bc5d-e905a6760a80: receive RaftClientReply:client-B2F93226DCBB->056ae293-26b5-4d67-bc5d-e905a6760a80@group-50E32BB97A46, cid=3302, SUCCESS, logIndex=4984, commits[056ae293-26b5-4d67-bc5d-e905a6760a80:c4986, a428730f-9893-43cb-a585-e65a7e8859c8:c4983, 994b73f6-7725-4304-b3a4-4941318c1d6c:c4983]
2019-07-08 19:53:36,519 INFO  client.GrpcClientProtocolClient (GrpcClientProtocolClient.java:onNext(255)) - client-B2F93226DCBB->056ae293-26b5-4d67-bc5d-e905a6760a80: receive RaftClientReply:client-B2F93226DCBB->056ae293-26b5-4d67-bc5d-e905a6760a80@group-50E32BB97A46, cid=3303, SUCCESS, logIndex=4985, commits[056ae293-26b5-4d67-bc5d-e905a6760a80:c4987, a428730f-9893-43cb-a585-e65a7e8859c8:c4983, 994b73f6-7725-4304-b3a4-4941318c1d6c:c4983]
2019-07-08 19:53:36,519 INFO  client.GrpcClientProtocolClient (GrpcClientProtocolClient.java:onNext(255)) - client-B2F93226DCBB->056ae293-26b5-4d67-bc5d-e905a6760a80: receive RaftClientReply:client-B2F93226DCBB->056ae293-26b5-4d67-bc5d-e905a6760a80@group-50E32BB97A46, cid=3304, SUCCESS, logIndex=4986, commits[056ae293-26b5-4d67-bc5d-e905a6760a80:c4987, a428730f-9893-43cb-a585-e65a7e8859c8:c4983, 994b73f6-7725-4304-b3a4-4941318c1d6c:c4983]
2019-07-08 19:53:36,520 INFO  client.GrpcClientProtocolClient (GrpcClientProtocolClient.java:onNext(255)) - client-B2F93226DCBB->056ae293-26b5-4d67-bc5d-e905a6760a80: receive RaftClientReply:client-B2F93226DCBB->056ae293-26b5-4d67-bc5d-e905a6760a80@group-50E32BB97A46, cid=3305, SUCCESS, logIndex=4987, commits[056ae293-26b5-4d67-bc5d-e905a6760a80:c4987, a428730f-9893-43cb-a585-e65a7e8859c8:c4983, 994b73f6-7725-4304-b3a4-4941318c1d6c:c4983]
2019-07-08 19:53:36,545 INFO  client.GrpcClientProtocolClient (GrpcClientProtocolClient.java:onNext(255)) - client-B2F93226DCBB->056ae293-26b5-4d67-bc5d-e905a6760a80: receive RaftClientReply:client-B2F93226DCBB->056ae293-26b5-4d67-bc5d-e905a6760a80@group-50E32BB97A46, cid=3306, SUCCESS, logIndex=0, commits[056ae293-26b5-4d67-bc5d-e905a6760a80:c4990, a428730f-9893-43cb-a585-e65a7e8859c8:c4986, 994b73f6-7725-4304-b3a4-4941318c1d6c:c4985]
2019-07-08 19:53:36,565 INFO  client.GrpcClientProtocolClient (GrpcClientProtocolClient.java:onNext(255)) - client-B2F93226DCBB->056ae293-26b5-4d67-bc5d-e905a6760a80: receive RaftClientReply:client-B2F93226DCBB->056ae293-26b5-4d67-bc5d-e905a6760a80@group-50E32BB97A46, cid=3307, SUCCESS, logIndex=4992, commits[056ae293-26b5-4d67-bc5d-e905a6760a80:c4993, a428730f-9893-43cb-a585-e65a7e8859c8:c4991, 994b73f6-7725-4304-b3a4-4941318c1d6c:c4991]
2019-07-08 19:53:36,565 INFO  client.GrpcClientProtocolClient (GrpcClientProtocolClient.java:onNext(255)) - client-B2F93226DCBB->056ae293-26b5-4d67-bc5d-e905a6760a80: receive RaftClientReply:client-B2F93226DCBB->056ae293-26b5-4d67-bc5d-e905a6760a80@group-50E32BB97A46, cid=3308, SUCCESS, logIndex=4993, commits[056ae293-26b5-4d67-bc5d-e905a6760a80:c4993, a428730f-9893-43cb-a585-e65a7e8859c8:c4991, 994b73f6-7725-4304-b3a4-4941318c1d6c:c4991]
2019-07-08 19:53:36,589 INFO  client.GrpcClientProtocolClient (GrpcClientProtocolClient.java:onNext(255)) - client-B2F93226DCBB->056ae293-26b5-4d67-bc5d-e905a6760a80: receive RaftClientReply:client-B2F93226DCBB->056ae293-26b5-4d67-bc5d-e905a6760a80@group-50E32BB97A46, cid=3309, SUCCESS, logIndex=4996, commits[056ae293-26b5-4d67-bc5d-e905a6760a80:c4997, a428730f-9893-43cb-a585-e65a7e8859c8:c4993, 994b73f6-7725-4304-b3a4-4941318c1d6c:c4993]
2019-07-08 19:53:36,589 INFO  client.GrpcClientProtocolClient (GrpcClientProtocolClient.java:onNext(255)) - client-B2F93226DCBB->056ae293-26b5-4d67-bc5d-e905a6760a80: receive RaftClientReply:client-B2F93226DCBB->056ae293-26b5-4d67-bc5d-e905a6760a80@group-50E32BB97A46, cid=3310, SUCCESS, logIndex=4997, commits[056ae293-26b5-4d67-bc5d-e905a6760a80:c4997, a428730f-9893-43cb-a585-e65a7e8859c8:c4993, 994b73f6-7725-4304-b3a4-4941318c1d6c:c4993]
2019-07-08 19:53:36,980 INFO  client.GrpcClientProtocolClient (GrpcClientProtocolClient.java:onNext(255)) - client-B2F93226DCBB->056ae293-26b5-4d67-bc5d-e905a6760a80: receive RaftClientReply:client-B2F93226DCBB->056ae293-26b5-4d67-bc5d-e905a6760a80@group-50E32BB97A46, cid=3311, SUCCESS, logIndex=0, commits[056ae293-26b5-4d67-bc5d-e905a6760a80:c4998, a428730f-9893-43cb-a585-e65a7e8859c8:c4997, 994b73f6-7725-4304-b3a4-4941318c1d6c:c4997]
 0.00% |█                                                                                                    |  0/1 Time: 0:00:33 0.00% |█                                                                                                    |  0/1 Time: 0:00:342019-07-08 19:53:39,360 INFO  client.GrpcClientProtocolClient (GrpcClientProtocolClient.java:onNext(255)) - client-B2F93226DCBB->056ae293-26b5-4d67-bc5d-e905a6760a80: receive RaftClientReply:client-B2F93226DCBB->056ae293-26b5-4d67-bc5d-e905a6760a80@group-50E32BB97A46, cid=3312, SUCCESS, logIndex=5000, commits[056ae293-26b5-4d67-bc5d-e905a6760a80:c5002, a428730f-9893-43cb-a585-e65a7e8859c8:c4998, 994b73f6-7725-4304-b3a4-4941318c1d6c:c4999]
2019-07-08 19:53:39,361 INFO  client.GrpcClientProtocolClient (GrpcClientProtocolClient.java:onNext(255)) - client-B2F93226DCBB->056ae293-26b5-4d67-bc5d-e905a6760a80: receive RaftClientReply:client-B2F93226DCBB->056ae293-26b5-4d67-bc5d-e905a6760a80@group-50E32BB97A46, cid=3313, SUCCESS, logIndex=5001, commits[056ae293-26b5-4d67-bc5d-e905a6760a80:c5003, a428730f-9893-43cb-a585-e65a7e8859c8:c4998, 994b73f6-7725-4304-b3a4-4941318c1d6c:c4999]
2019-07-08 19:53:39,362 INFO  client.GrpcClientProtocolClient (GrpcClientProtocolClient.java:onNext(255)) - client-B2F93226DCBB->056ae293-26b5-4d67-bc5d-e905a6760a80: receive RaftClientReply:client-B2F93226DCBB->056ae293-26b5-4d67-bc5d-e905a6760a80@group-50E32BB97A46, cid=3314, SUCCESS, logIndex=5002, commits[056ae293-26b5-4d67-bc5d-e905a6760a80:c5003, a428730f-9893-43cb-a585-e65a7e8859c8:c4998, 994b73f6-7725-4304-b3a4-4941318c1d6c:c4999]
2019-07-08 19:53:39,362 INFO  client.GrpcClientProtocolClient (GrpcClientProtocolClient.java:onNext(255)) - client-B2F93226DCBB->056ae293-26b5-4d67-bc5d-e905a6760a80: receive RaftClientReply:client-B2F93226DCBB->056ae293-26b5-4d67-bc5d-e905a6760a80@group-50E32BB97A46, cid=3315, SUCCESS, logIndex=5003, commits[056ae293-26b5-4d67-bc5d-e905a6760a80:c5003, a428730f-9893-43cb-a585-e65a7e8859c8:c4998, 994b73f6-7725-4304-b3a4-4941318c1d6c:c4999]
 0.00% |█                                                                                                    |  0/1 Time: 0:00:352019-07-08 19:53:40,119 INFO  client.GrpcClientProtocolClient (GrpcClientProtocolClient.java:onNext(255)) - client-B2F93226DCBB->056ae293-26b5-4d67-bc5d-e905a6760a80: receive RaftClientReply:client-B2F93226DCBB->056ae293-26b5-4d67-bc5d-e905a6760a80@group-50E32BB97A46, cid=3316, SUCCESS, logIndex=0, commits[056ae293-26b5-4d67-bc5d-e905a6760a80:c5004, a428730f-9893-43cb-a585-e65a7e8859c8:c5001, 994b73f6-7725-4304-b3a4-4941318c1d6c:c5001]
2019-07-08 19:53:40,139 INFO  client.GrpcClientProtocolClient (GrpcClientProtocolClient.java:onNext(255)) - client-B2F93226DCBB->056ae293-26b5-4d67-bc5d-e905a6760a80: receive RaftClientReply:client-B2F93226DCBB->056ae293-26b5-4d67-bc5d-e905a6760a80@group-50E32BB97A46, cid=3317, SUCCESS, logIndex=5008, commits[056ae293-26b5-4d67-bc5d-e905a6760a80:c5009, a428730f-9893-43cb-a585-e65a7e8859c8:c5007, 994b73f6-7725-4304-b3a4-4941318c1d6c:c5007]
2019-07-08 19:53:40,140 INFO  client.GrpcClientProtocolClient (GrpcClientProtocolClient.java:onNext(255)) - client-B2F93226DCBB->056ae293-26b5-4d67-bc5d-e905a6760a80: receive RaftClientReply:client-B2F93226DCBB->056ae293-26b5-4d67-bc5d-e905a6760a80@group-50E32BB97A46, cid=3318, SUCCESS, logIndex=5009, commits[056ae293-26b5-4d67-bc5d-e905a6760a80:c5009, a428730f-9893-43cb-a585-e65a7e8859c8:c5007, 994b73f6-7725-4304-b3a4-4941318c1d6c:c5007]
2019-07-08 19:53:40,197 INFO  client.GrpcClientProtocolClient (GrpcClientProtocolClient.java:onNext(255)) - client-B2F93226DCBB->056ae293-26b5-4d67-bc5d-e905a6760a80: receive RaftClientReply:client-B2F93226DCBB->056ae293-26b5-4d67-bc5d-e905a6760a80@group-50E32BB97A46, cid=3319, SUCCESS, logIndex=5012, commits[056ae293-26b5-4d67-bc5d-e905a6760a80:c5013, a428730f-9893-43cb-a585-e65a7e8859c8:c5010, 994b73f6-7725-4304-b3a4-4941318c1d6c:c5010]
2019-07-08 19:53:40,197 INFO  client.GrpcClientProtocolClient (GrpcClientProtocolClient.java:onNext(255)) - client-B2F93226DCBB->056ae293-26b5-4d67-bc5d-e905a6760a80: receive RaftClientReply:client-B2F93226DCBB->056ae293-26b5-4d67-bc5d-e905a6760a80@group-50E32BB97A46, cid=3320, SUCCESS, logIndex=5013, commits[056ae293-26b5-4d67-bc5d-e905a6760a80:c5013, a428730f-9893-43cb-a585-e65a7e8859c8:c5010, 994b73f6-7725-4304-b3a4-4941318c1d6c:c5010]
2019-07-08 19:53:40,211 INFO  client.GrpcClientProtocolClient (GrpcClientProtocolClient.java:onNext(255)) - client-B2F93226DCBB->056ae293-26b5-4d67-bc5d-e905a6760a80: receive RaftClientReply:client-B2F93226DCBB->056ae293-26b5-4d67-bc5d-e905a6760a80@group-50E32BB97A46, cid=3321, SUCCESS, logIndex=0, commits[056ae293-26b5-4d67-bc5d-e905a6760a80:c5015, a428730f-9893-43cb-a585-e65a7e8859c8:c5013, 994b73f6-7725-4304-b3a4-4941318c1d6c:c5013]
2019-07-08 19:53:40,247 INFO  client.GrpcClientProtocolClient (GrpcClientProtocolClient.java:onNext(255)) - client-B2F93226DCBB->056ae293-26b5-4d67-bc5d-e905a6760a80: receive RaftClientReply:client-B2F93226DCBB->056ae293-26b5-4d67-bc5d-e905a6760a80@group-50E32BB97A46, cid=3322, SUCCESS, logIndex=5016, commits[056ae293-26b5-4d67-bc5d-e905a6760a80:c5017, a428730f-9893-43cb-a585-e65a7e8859c8:c5015, 994b73f6-7725-4304-b3a4-4941318c1d6c:c5015]
2019-07-08 19:53:40,248 INFO  client.GrpcClientProtocolClient (GrpcClientProtocolClient.java:onNext(255)) - client-B2F93226DCBB->056ae293-26b5-4d67-bc5d-e905a6760a80: receive RaftClientReply:client-B2F93226DCBB->056ae293-26b5-4d67-bc5d-e905a6760a80@group-50E32BB97A46, cid=3323, SUCCESS, logIndex=5017, commits[056ae293-26b5-4d67-bc5d-e905a6760a80:c5019, a428730f-9893-43cb-a585-e65a7e8859c8:c5015, 994b73f6-7725-4304-b3a4-4941318c1d6c:c5015]
2019-07-08 19:53:40,249 INFO  client.GrpcClientProtocolClient (GrpcClientProtocolClient.java:onNext(255)) - client-B2F93226DCBB->056ae293-26b5-4d67-bc5d-e905a6760a80: receive RaftClientReply:client-B2F93226DCBB->056ae293-26b5-4d67-bc5d-e905a6760a80@group-50E32BB97A46, cid=3324, SUCCESS, logIndex=5018, commits[056ae293-26b5-4d67-bc5d-e905a6760a80:c5019, a428730f-9893-43cb-a585-e65a7e8859c8:c5015, 994b73f6-7725-4304-b3a4-4941318c1d6c:c5015]
2019-07-08 19:53:40,249 INFO  client.GrpcClientProtocolClient (GrpcClientProtocolClient.java:onNext(255)) - client-B2F93226DCBB->056ae293-26b5-4d67-bc5d-e905a6760a80: receive RaftClientReply:client-B2F93226DCBB->056ae293-26b5-4d67-bc5d-e905a6760a80@group-50E32BB97A46, cid=3325, SUCCESS, logIndex=5019, commits[056ae293-26b5-4d67-bc5d-e905a6760a80:c5019, a428730f-9893-43cb-a585-e65a7e8859c8:c5015, 994b73f6-7725-4304-b3a4-4941318c1d6c:c5015]
2019-07-08 19:53:40,260 INFO  client.GrpcClientProtocolClient (GrpcClientProtocolClient.java:onNext(255)) - client-B2F93226DCBB->056ae293-26b5-4d67-bc5d-e905a6760a80: receive RaftClientReply:client-B2F93226DCBB->056ae293-26b5-4d67-bc5d-e905a6760a80@group-50E32BB97A46, cid=3326, SUCCESS, logIndex=0, commits[056ae293-26b5-4d67-bc5d-e905a6760a80:c5021, a428730f-9893-43cb-a585-e65a7e8859c8:c5017, 994b73f6-7725-4304-b3a4-4941318c1d6c:c5017]
2019-07-08 19:53:40,286 INFO  client.GrpcClientProtocolClient (GrpcClientProtocolClient.java:onNext(255)) - client-B2F93226DCBB->056ae293-26b5-4d67-bc5d-e905a6760a80: receive RaftClientReply:client-B2F93226DCBB->056ae293-26b5-4d67-bc5d-e905a6760a80@group-50E32BB97A46, cid=3327, SUCCESS, logIndex=5024, commits[056ae293-26b5-4d67-bc5d-e905a6760a80:c5025, a428730f-9893-43cb-a585-e65a7e8859c8:c5023, 994b73f6-7725-4304-b3a4-4941318c1d6c:c5023]
2019-07-08 19:53:40,286 INFO  client.GrpcClientProtocolClient (GrpcClientProtocolClient.java:onNext(255)) - client-B2F93226DCBB->056ae293-26b5-4d67-bc5d-e905a6760a80: receive RaftClientReply:client-B2F93226DCBB->056ae293-26b5-4d67-bc5d-e905a6760a80@group-50E32BB97A46, cid=3328, SUCCESS, logIndex=5025, commits[056ae293-26b5-4d67-bc5d-e905a6760a80:c5025, a428730f-9893-43cb-a585-e65a7e8859c8:c5023, 994b73f6-7725-4304-b3a4-4941318c1d6c:c5023]
2019-07-08 19:53:40,302 INFO  client.GrpcClientProtocolClient (GrpcClientProtocolClient.java:onNext(255)) - client-B2F93226DCBB->056ae293-26b5-4d67-bc5d-e905a6760a80: receive RaftClientReply:client-B2F93226DCBB->056ae293-26b5-4d67-bc5d-e905a6760a80@group-50E32BB97A46, cid=3329, SUCCESS, logIndex=5028, commits[056ae293-26b5-4d67-bc5d-e905a6760a80:c5029, a428730f-9893-43cb-a585-e65a7e8859c8:c5025, 994b73f6-7725-4304-b3a4-4941318c1d6c:c5025]
2019-07-08 19:53:40,303 INFO  client.GrpcClientProtocolClient (GrpcClientProtocolClient.java:onNext(255)) - client-B2F93226DCBB->056ae293-26b5-4d67-bc5d-e905a6760a80: receive RaftClientReply:client-B2F93226DCBB->056ae293-26b5-4d67-bc5d-e905a6760a80@group-50E32BB97A46, cid=3330, SUCCESS, logIndex=5029, commits[056ae293-26b5-4d67-bc5d-e905a6760a80:c5029, a428730f-9893-43cb-a585-e65a7e8859c8:c5025, 994b73f6-7725-4304-b3a4-4941318c1d6c:c5025]
2019-07-08 19:53:40,310 INFO  client.GrpcClientProtocolClient (GrpcClientProtocolClient.java:onNext(255)) - client-B2F93226DCBB->056ae293-26b5-4d67-bc5d-e905a6760a80: receive RaftClientReply:client-B2F93226DCBB->056ae293-26b5-4d67-bc5d-e905a6760a80@group-50E32BB97A46, cid=3331, SUCCESS, logIndex=0, commits[056ae293-26b5-4d67-bc5d-e905a6760a80:c5031, a428730f-9893-43cb-a585-e65a7e8859c8:c5029, 994b73f6-7725-4304-b3a4-4941318c1d6c:c5029]
2019-07-08 19:53:40,348 INFO  client.GrpcClientProtocolClient (GrpcClientProtocolClient.java:onNext(255)) - client-B2F93226DCBB->056ae293-26b5-4d67-bc5d-e905a6760a80: receive RaftClientReply:client-B2F93226DCBB->056ae293-26b5-4d67-bc5d-e905a6760a80@group-50E32BB97A46, cid=3332, SUCCESS, logIndex=5032, commits[056ae293-26b5-4d67-bc5d-e905a6760a80:c5033, a428730f-9893-43cb-a585-e65a7e8859c8:c5031, 994b73f6-7725-4304-b3a4-4941318c1d6c:c5031]
2019-07-08 19:53:40,349 INFO  client.GrpcClientProtocolClient (GrpcClientProtocolClient.java:onNext(255)) - client-B2F93226DCBB->056ae293-26b5-4d67-bc5d-e905a6760a80: receive RaftClientReply:client-B2F93226DCBB->056ae293-26b5-4d67-bc5d-e905a6760a80@group-50E32BB97A46, cid=3333, SUCCESS, logIndex=5033, commits[056ae293-26b5-4d67-bc5d-e905a6760a80:c5033, a428730f-9893-43cb-a585-e65a7e8859c8:c5031, 994b73f6-7725-4304-b3a4-4941318c1d6c:c5031]
2019-07-08 19:53:40,349 INFO  client.GrpcClientProtocolClient (GrpcClientProtocolClient.java:onNext(255)) - client-B2F93226DCBB->056ae293-26b5-4d67-bc5d-e905a6760a80: receive RaftClientReply:client-B2F93226DCBB->056ae293-26b5-4d67-bc5d-e905a6760a80@group-50E32BB97A46, cid=3334, SUCCESS, logIndex=5034, commits[056ae293-26b5-4d67-bc5d-e905a6760a80:c5035, a428730f-9893-43cb-a585-e65a7e8859c8:c5031, 994b73f6-7725-4304-b3a4-4941318c1d6c:c5031]
2019-07-08 19:53:40,350 INFO  client.GrpcClientProtocolClient (GrpcClientProtocolClient.java:onNext(255)) - client-B2F93226DCBB->056ae293-26b5-4d67-bc5d-e905a6760a80: receive RaftClientReply:client-B2F93226DCBB->056ae293-26b5-4d67-bc5d-e905a6760a80@group-50E32BB97A46, cid=3335, SUCCESS, logIndex=5035, commits[056ae293-26b5-4d67-bc5d-e905a6760a80:c5035, a428730f-9893-43cb-a585-e65a7e8859c8:c5031, 994b73f6-7725-4304-b3a4-4941318c1d6c:c5031]
2019-07-08 19:53:40,351 INFO  client.GrpcClientProtocolClient (GrpcClientProtocolClient.java:onNext(255)) - client-B2F93226DCBB->056ae293-26b5-4d67-bc5d-e905a6760a80: receive RaftClientReply:client-B2F93226DCBB->056ae293-26b5-4d67-bc5d-e905a6760a80@group-50E32BB97A46, cid=3336, SUCCESS, logIndex=0, commits[056ae293-26b5-4d67-bc5d-e905a6760a80:c5037, a428730f-9893-43cb-a585-e65a7e8859c8:c5033, 994b73f6-7725-4304-b3a4-4941318c1d6c:c5033]
2019-07-08 19:53:40,366 INFO  client.GrpcClientProtocolClient (GrpcClientProtocolClient.java:onNext(255)) - client-B2F93226DCBB->056ae293-26b5-4d67-bc5d-e905a6760a80: receive RaftClientReply:client-B2F93226DCBB->056ae293-26b5-4d67-bc5d-e905a6760a80@group-50E32BB97A46, cid=3337, SUCCESS, logIndex=5040, commits[056ae293-26b5-4d67-bc5d-e905a6760a80:c5041, a428730f-9893-43cb-a585-e65a7e8859c8:c5039, 994b73f6-7725-4304-b3a4-4941318c1d6c:c5039]
2019-07-08 19:53:40,366 INFO  client.GrpcClientProtocolClient (GrpcClientProtocolClient.java:onNext(255)) - client-B2F93226DCBB->056ae293-26b5-4d67-bc5d-e905a6760a80: receive RaftClientReply:client-B2F93226DCBB->056ae293-26b5-4d67-bc5d-e905a6760a80@group-50E32BB97A46, cid=3338, SUCCESS, logIndex=5041, commits[056ae293-26b5-4d67-bc5d-e905a6760a80:c5041, a428730f-9893-43cb-a585-e65a7e8859c8:c5039, 994b73f6-7725-4304-b3a4-4941318c1d6c:c5039]
2019-07-08 19:53:40,379 INFO  client.GrpcClientProtocolClient (GrpcClientProtocolClient.java:onNext(255)) - client-B2F93226DCBB->056ae293-26b5-4d67-bc5d-e905a6760a80: receive RaftClientReply:client-B2F93226DCBB->056ae293-26b5-4d67-bc5d-e905a6760a80@group-50E32BB97A46, cid=3339, SUCCESS, logIndex=5044, commits[056ae293-26b5-4d67-bc5d-e905a6760a80:c5045, a428730f-9893-43cb-a585-e65a7e8859c8:c5041, 994b73f6-7725-4304-b3a4-4941318c1d6c:c5040]
2019-07-08 19:53:40,380 INFO  client.GrpcClientProtocolClient (GrpcClientProtocolClient.java:onNext(255)) - client-B2F93226DCBB->056ae293-26b5-4d67-bc5d-e905a6760a80: receive RaftClientReply:client-B2F93226DCBB->056ae293-26b5-4d67-bc5d-e905a6760a80@group-50E32BB97A46, cid=3340, SUCCESS, logIndex=5045, commits[056ae293-26b5-4d67-bc5d-e905a6760a80:c5045, a428730f-9893-43cb-a585-e65a7e8859c8:c5041, 994b73f6-7725-4304-b3a4-4941318c1d6c:c5041]
2019-07-08 19:53:40,384 INFO  client.GrpcClientProtocolClient (GrpcClientProtocolClient.java:onNext(255)) - client-B2F93226DCBB->056ae293-26b5-4d67-bc5d-e905a6760a80: receive RaftClientReply:client-B2F93226DCBB->056ae293-26b5-4d67-bc5d-e905a6760a80@group-50E32BB97A46, cid=3341, SUCCESS, logIndex=0, commits[056ae293-26b5-4d67-bc5d-e905a6760a80:c5046, a428730f-9893-43cb-a585-e65a7e8859c8:c5045, 994b73f6-7725-4304-b3a4-4941318c1d6c:c5045]
2019-07-08 19:53:40,412 INFO  client.GrpcClientProtocolClient (GrpcClientProtocolClient.java:onNext(255)) - client-B2F93226DCBB->056ae293-26b5-4d67-bc5d-e905a6760a80: receive RaftClientReply:client-B2F93226DCBB->056ae293-26b5-4d67-bc5d-e905a6760a80@group-50E32BB97A46, cid=3342, SUCCESS, logIndex=5048, commits[056ae293-26b5-4d67-bc5d-e905a6760a80:c5049, a428730f-9893-43cb-a585-e65a7e8859c8:c5047, 994b73f6-7725-4304-b3a4-4941318c1d6c:c5047]
2019-07-08 19:53:40,413 INFO  client.GrpcClientProtocolClient (GrpcClientProtocolClient.java:onNext(255)) - client-B2F93226DCBB->056ae293-26b5-4d67-bc5d-e905a6760a80: receive RaftClientReply:client-B2F93226DCBB->056ae293-26b5-4d67-bc5d-e905a6760a80@group-50E32BB97A46, cid=3343, SUCCESS, logIndex=5049, commits[056ae293-26b5-4d67-bc5d-e905a6760a80:c5051, a428730f-9893-43cb-a585-e65a7e8859c8:c5047, 994b73f6-7725-4304-b3a4-4941318c1d6c:c5047]
2019-07-08 19:53:40,413 INFO  client.GrpcClientProtocolClient (GrpcClientProtocolClient.java:onNext(255)) - client-B2F93226DCBB->056ae293-26b5-4d67-bc5d-e905a6760a80: receive RaftClientReply:client-B2F93226DCBB->056ae293-26b5-4d67-bc5d-e905a6760a80@group-50E32BB97A46, cid=3344, SUCCESS, logIndex=5050, commits[056ae293-26b5-4d67-bc5d-e905a6760a80:c5051, a428730f-9893-43cb-a585-e65a7e8859c8:c5047, 994b73f6-7725-4304-b3a4-4941318c1d6c:c5047]
2019-07-08 19:53:40,413 INFO  client.GrpcClientProtocolClient (GrpcClientProtocolClient.java:onNext(255)) - client-B2F93226DCBB->056ae293-26b5-4d67-bc5d-e905a6760a80: receive RaftClientReply:client-B2F93226DCBB->056ae293-26b5-4d67-bc5d-e905a6760a80@group-50E32BB97A46, cid=3345, SUCCESS, logIndex=5051, commits[056ae293-26b5-4d67-bc5d-e905a6760a80:c5051, a428730f-9893-43cb-a585-e65a7e8859c8:c5047, 994b73f6-7725-4304-b3a4-4941318c1d6c:c5047]
2019-07-08 19:53:40,418 INFO  client.GrpcClientProtocolClient (GrpcClientProtocolClient.java:onNext(255)) - client-B2F93226DCBB->056ae293-26b5-4d67-bc5d-e905a6760a80: receive RaftClientReply:client-B2F93226DCBB->056ae293-26b5-4d67-bc5d-e905a6760a80@group-50E32BB97A46, cid=3346, SUCCESS, logIndex=0, commits[056ae293-26b5-4d67-bc5d-e905a6760a80:c5053, a428730f-9893-43cb-a585-e65a7e8859c8:c5049, 994b73f6-7725-4304-b3a4-4941318c1d6c:c5049]
2019-07-08 19:53:40,432 INFO  client.GrpcClientProtocolClient (GrpcClientProtocolClient.java:onNext(255)) - client-B2F93226DCBB->056ae293-26b5-4d67-bc5d-e905a6760a80: receive RaftClientReply:client-B2F93226DCBB->056ae293-26b5-4d67-bc5d-e905a6760a80@group-50E32BB97A46, cid=3347, SUCCESS, logIndex=5055, commits[056ae293-26b5-4d67-bc5d-e905a6760a80:c5056, a428730f-9893-43cb-a585-e65a7e8859c8:c5054, 994b73f6-7725-4304-b3a4-4941318c1d6c:c5054]
2019-07-08 19:53:40,432 INFO  client.GrpcClientProtocolClient (GrpcClientProtocolClient.java:onNext(255)) - client-B2F93226DCBB->056ae293-26b5-4d67-bc5d-e905a6760a80: receive RaftClientReply:client-B2F93226DCBB->056ae293-26b5-4d67-bc5d-e905a6760a80@group-50E32BB97A46, cid=3348, SUCCESS, logIndex=5056, commits[056ae293-26b5-4d67-bc5d-e905a6760a80:c5056, a428730f-9893-43cb-a585-e65a7e8859c8:c5054, 994b73f6-7725-4304-b3a4-4941318c1d6c:c5054]
2019-07-08 19:53:40,445 INFO  client.GrpcClientProtocolClient (GrpcClientProtocolClient.java:onNext(255)) - client-B2F93226DCBB->056ae293-26b5-4d67-bc5d-e905a6760a80: receive RaftClientReply:client-B2F93226DCBB->056ae293-26b5-4d67-bc5d-e905a6760a80@group-50E32BB97A46, cid=3349, SUCCESS, logIndex=5059, commits[056ae293-26b5-4d67-bc5d-e905a6760a80:c5060, a428730f-9893-43cb-a585-e65a7e8859c8:c5056, 994b73f6-7725-4304-b3a4-4941318c1d6c:c5056]
2019-07-08 19:53:40,445 INFO  client.GrpcClientProtocolClient (GrpcClientProtocolClient.java:onNext(255)) - client-B2F93226DCBB->056ae293-26b5-4d67-bc5d-e905a6760a80: receive RaftClientReply:client-B2F93226DCBB->056ae293-26b5-4d67-bc5d-e905a6760a80@group-50E32BB97A46, cid=3350, SUCCESS, logIndex=5060, commits[056ae293-26b5-4d67-bc5d-e905a6760a80:c5060, a428730f-9893-43cb-a585-e65a7e8859c8:c5056, 994b73f6-7725-4304-b3a4-4941318c1d6c:c5056]
2019-07-08 19:53:40,469 INFO  client.GrpcClientProtocolClient (GrpcClientProtocolClient.java:onNext(255)) - client-B2F93226DCBB->056ae293-26b5-4d67-bc5d-e905a6760a80: receive RaftClientReply:client-B2F93226DCBB->056ae293-26b5-4d67-bc5d-e905a6760a80@group-50E32BB97A46, cid=3351, SUCCESS, logIndex=0, commits[056ae293-26b5-4d67-bc5d-e905a6760a80:c5061, a428730f-9893-43cb-a585-e65a7e8859c8:c5060, 994b73f6-7725-4304-b3a4-4941318c1d6c:c5060]
 0.00% |█                                                                                                    |  0/1 Time: 0:00:362019-07-08 19:53:40,500 INFO  client.GrpcClientProtocolClient (GrpcClientProtocolClient.java:onNext(255)) - client-B2F93226DCBB->056ae293-26b5-4d67-bc5d-e905a6760a80: receive RaftClientReply:client-B2F93226DCBB->056ae293-26b5-4d67-bc5d-e905a6760a80@group-50E32BB97A46, cid=3352, SUCCESS, logIndex=5063, commits[056ae293-26b5-4d67-bc5d-e905a6760a80:c5064, a428730f-9893-43cb-a585-e65a7e8859c8:c5062, 994b73f6-7725-4304-b3a4-4941318c1d6c:c5062]
2019-07-08 19:53:40,501 INFO  client.GrpcClientProtocolClient (GrpcClientProtocolClient.java:onNext(255)) - client-B2F93226DCBB->056ae293-26b5-4d67-bc5d-e905a6760a80: receive RaftClientReply:client-B2F93226DCBB->056ae293-26b5-4d67-bc5d-e905a6760a80@group-50E32BB97A46, cid=3353, SUCCESS, logIndex=5064, commits[056ae293-26b5-4d67-bc5d-e905a6760a80:c5066, a428730f-9893-43cb-a585-e65a7e8859c8:c5062, 994b73f6-7725-4304-b3a4-4941318c1d6c:c5062]
2019-07-08 19:53:40,501 INFO  client.GrpcClientProtocolClient (GrpcClientProtocolClient.java:onNext(255)) - client-B2F93226DCBB->056ae293-26b5-4d67-bc5d-e905a6760a80: receive RaftClientReply:client-B2F93226DCBB->056ae293-26b5-4d67-bc5d-e905a6760a80@group-50E32BB97A46, cid=3354, SUCCESS, logIndex=5065, commits[056ae293-26b5-4d67-bc5d-e905a6760a80:c5066, a428730f-9893-43cb-a585-e65a7e8859c8:c5062, 994b73f6-7725-4304-b3a4-4941318c1d6c:c5062]
2019-07-08 19:53:40,501 INFO  client.GrpcClientProtocolClient (GrpcClientProtocolClient.java:onNext(255)) - client-B2F93226DCBB->056ae293-26b5-4d67-bc5d-e905a6760a80: receive RaftClientReply:client-B2F93226DCBB->056ae293-26b5-4d67-bc5d-e905a6760a80@group-50E32BB97A46, cid=3355, SUCCESS, logIndex=5066, commits[056ae293-26b5-4d67-bc5d-e905a6760a80:c5066, a428730f-9893-43cb-a585-e65a7e8859c8:c5062, 994b73f6-7725-4304-b3a4-4941318c1d6c:c5062]
2019-07-08 19:53:40,502 INFO  client.GrpcClientProtocolClient (GrpcClientProtocolClient.java:onNext(255)) - client-B2F93226DCBB->056ae293-26b5-4d67-bc5d-e905a6760a80: receive RaftClientReply:client-B2F93226DCBB->056ae293-26b5-4d67-bc5d-e905a6760a80@group-50E32BB97A46, cid=3356, SUCCESS, logIndex=0, commits[056ae293-26b5-4d67-bc5d-e905a6760a80:c5070, a428730f-9893-43cb-a585-e65a7e8859c8:c5065, 994b73f6-7725-4304-b3a4-4941318c1d6c:c5066]
2019-07-08 19:53:40,528 INFO  client.GrpcClientProtocolClient (GrpcClientProtocolClient.java:onNext(255)) - client-B2F93226DCBB->056ae293-26b5-4d67-bc5d-e905a6760a80: receive RaftClientReply:client-B2F93226DCBB->056ae293-26b5-4d67-bc5d-e905a6760a80@group-50E32BB97A46, cid=3357, SUCCESS, logIndex=5071, commits[056ae293-26b5-4d67-bc5d-e905a6760a80:c5072, a428730f-9893-43cb-a585-e65a7e8859c8:c5070, 994b73f6-7725-4304-b3a4-4941318c1d6c:c5070]
2019-07-08 19:53:40,528 INFO  client.GrpcClientProtocolClient (GrpcClientProtocolClient.java:onNext(255)) - client-B2F93226DCBB->056ae293-26b5-4d67-bc5d-e905a6760a80: receive RaftClientReply:client-B2F93226DCBB->056ae293-26b5-4d67-bc5d-e905a6760a80@group-50E32BB97A46, cid=3358, SUCCESS, logIndex=5072, commits[056ae293-26b5-4d67-bc5d-e905a6760a80:c5072, a428730f-9893-43cb-a585-e65a7e8859c8:c5070, 994b73f6-7725-4304-b3a4-4941318c1d6c:c5070]
2019-07-08 19:53:40,541 INFO  client.GrpcClientProtocolClient (GrpcClientProtocolClient.java:onNext(255)) - client-B2F93226DCBB->056ae293-26b5-4d67-bc5d-e905a6760a80: receive RaftClientReply:client-B2F93226DCBB->056ae293-26b5-4d67-bc5d-e905a6760a80@group-50E32BB97A46, cid=3359, SUCCESS, logIndex=5075, commits[056ae293-26b5-4d67-bc5d-e905a6760a80:c5076, a428730f-9893-43cb-a585-e65a7e8859c8:c5072, 994b73f6-7725-4304-b3a4-4941318c1d6c:c5072]
2019-07-08 19:53:40,542 INFO  client.GrpcClientProtocolClient (GrpcClientProtocolClient.java:onNext(255)) - client-B2F93226DCBB->056ae293-26b5-4d67-bc5d-e905a6760a80: receive RaftClientReply:client-B2F93226DCBB->056ae293-26b5-4d67-bc5d-e905a6760a80@group-50E32BB97A46, cid=3360, SUCCESS, logIndex=5076, commits[056ae293-26b5-4d67-bc5d-e905a6760a80:c5076, a428730f-9893-43cb-a585-e65a7e8859c8:c5072, 994b73f6-7725-4304-b3a4-4941318c1d6c:c5072]
2019-07-08 19:53:40,557 INFO  client.GrpcClientProtocolClient (GrpcClientProtocolClient.java:onNext(255)) - client-B2F93226DCBB->056ae293-26b5-4d67-bc5d-e905a6760a80: receive RaftClientReply:client-B2F93226DCBB->056ae293-26b5-4d67-bc5d-e905a6760a80@group-50E32BB97A46, cid=3361, SUCCESS, logIndex=0, commits[056ae293-26b5-4d67-bc5d-e905a6760a80:c5078, a428730f-9893-43cb-a585-e65a7e8859c8:c5076, 994b73f6-7725-4304-b3a4-4941318c1d6c:c5076]
2019-07-08 19:53:40,581 INFO  client.GrpcClientProtocolClient (GrpcClientProtocolClient.java:onNext(255)) - client-B2F93226DCBB->056ae293-26b5-4d67-bc5d-e905a6760a80: receive RaftClientReply:client-B2F93226DCBB->056ae293-26b5-4d67-bc5d-e905a6760a80@group-50E32BB97A46, cid=3362, SUCCESS, logIndex=5079, commits[056ae293-26b5-4d67-bc5d-e905a6760a80:c5080, a428730f-9893-43cb-a585-e65a7e8859c8:c5078, 994b73f6-7725-4304-b3a4-4941318c1d6c:c5078]
2019-07-08 19:53:40,582 INFO  client.GrpcClientProtocolClient (GrpcClientProtocolClient.java:onNext(255)) - client-B2F93226DCBB->056ae293-26b5-4d67-bc5d-e905a6760a80: receive RaftClientReply:client-B2F93226DCBB->056ae293-26b5-4d67-bc5d-e905a6760a80@group-50E32BB97A46, cid=3363, SUCCESS, logIndex=5080, commits[056ae293-26b5-4d67-bc5d-e905a6760a80:c5082, a428730f-9893-43cb-a585-e65a7e8859c8:c5078, 994b73f6-7725-4304-b3a4-4941318c1d6c:c5078]
2019-07-08 19:53:40,582 INFO  client.GrpcClientProtocolClient (GrpcClientProtocolClient.java:onNext(255)) - client-B2F93226DCBB->056ae293-26b5-4d67-bc5d-e905a6760a80: receive RaftClientReply:client-B2F93226DCBB->056ae293-26b5-4d67-bc5d-e905a6760a80@group-50E32BB97A46, cid=3364, SUCCESS, logIndex=5081, commits[056ae293-26b5-4d67-bc5d-e905a6760a80:c5082, a428730f-9893-43cb-a585-e65a7e8859c8:c5078, 994b73f6-7725-4304-b3a4-4941318c1d6c:c5078]
2019-07-08 19:53:40,582 INFO  client.GrpcClientProtocolClient (GrpcClientProtocolClient.java:onNext(255)) - client-B2F93226DCBB->056ae293-26b5-4d67-bc5d-e905a6760a80: receive RaftClientReply:client-B2F93226DCBB->056ae293-26b5-4d67-bc5d-e905a6760a80@group-50E32BB97A46, cid=3365, SUCCESS, logIndex=5082, commits[056ae293-26b5-4d67-bc5d-e905a6760a80:c5082, a428730f-9893-43cb-a585-e65a7e8859c8:c5078, 994b73f6-7725-4304-b3a4-4941318c1d6c:c5078]
2019-07-08 19:53:40,597 INFO  client.GrpcClientProtocolClient (GrpcClientProtocolClient.java:onNext(255)) - client-B2F93226DCBB->056ae293-26b5-4d67-bc5d-e905a6760a80: receive RaftClientReply:client-B2F93226DCBB->056ae293-26b5-4d67-bc5d-e905a6760a80@group-50E32BB97A46, cid=3366, SUCCESS, logIndex=0, commits[056ae293-26b5-4d67-bc5d-e905a6760a80:c5083, a428730f-9893-43cb-a585-e65a7e8859c8:c5080, 994b73f6-7725-4304-b3a4-4941318c1d6c:c5080]
2019-07-08 19:53:40,620 INFO  client.GrpcClientProtocolClient (GrpcClientProtocolClient.java:onNext(255)) - client-B2F93226DCBB->056ae293-26b5-4d67-bc5d-e905a6760a80: receive RaftClientReply:client-B2F93226DCBB->056ae293-26b5-4d67-bc5d-e905a6760a80@group-50E32BB97A46, cid=3367, SUCCESS, logIndex=5087, commits[056ae293-26b5-4d67-bc5d-e905a6760a80:c5088, a428730f-9893-43cb-a585-e65a7e8859c8:c5086, 994b73f6-7725-4304-b3a4-4941318c1d6c:c5086]
2019-07-08 19:53:40,621 INFO  client.GrpcClientProtocolClient (GrpcClientProtocolClient.java:onNext(255)) - client-B2F93226DCBB->056ae293-26b5-4d67-bc5d-e905a6760a80: receive RaftClientReply:client-B2F93226DCBB->056ae293-26b5-4d67-bc5d-e905a6760a80@group-50E32BB97A46, cid=3368, SUCCESS, logIndex=5088, commits[056ae293-26b5-4d67-bc5d-e905a6760a80:c5088, a428730f-9893-43cb-a585-e65a7e8859c8:c5086, 994b73f6-7725-4304-b3a4-4941318c1d6c:c5086]
2019-07-08 19:53:40,634 INFO  client.GrpcClientProtocolClient (GrpcClientProtocolClient.java:onNext(255)) - client-B2F93226DCBB->056ae293-26b5-4d67-bc5d-e905a6760a80: receive RaftClientReply:client-B2F93226DCBB->056ae293-26b5-4d67-bc5d-e905a6760a80@group-50E32BB97A46, cid=3369, SUCCESS, logIndex=5091, commits[056ae293-26b5-4d67-bc5d-e905a6760a80:c5092, a428730f-9893-43cb-a585-e65a7e8859c8:c5088, 994b73f6-7725-4304-b3a4-4941318c1d6c:c5088]
2019-07-08 19:53:40,634 INFO  client.GrpcClientProtocolClient (GrpcClientProtocolClient.java:onNext(255)) - client-B2F93226DCBB->056ae293-26b5-4d67-bc5d-e905a6760a80: receive RaftClientReply:client-B2F93226DCBB->056ae293-26b5-4d67-bc5d-e905a6760a80@group-50E32BB97A46, cid=3370, SUCCESS, logIndex=5092, commits[056ae293-26b5-4d67-bc5d-e905a6760a80:c5092, a428730f-9893-43cb-a585-e65a7e8859c8:c5088, 994b73f6-7725-4304-b3a4-4941318c1d6c:c5088]
2019-07-08 19:53:40,667 INFO  client.GrpcClientProtocolClient (GrpcClientProtocolClient.java:onNext(255)) - client-B2F93226DCBB->056ae293-26b5-4d67-bc5d-e905a6760a80: receive RaftClientReply:client-B2F93226DCBB->056ae293-26b5-4d67-bc5d-e905a6760a80@group-50E32BB97A46, cid=3371, SUCCESS, logIndex=0, commits[056ae293-26b5-4d67-bc5d-e905a6760a80:c5094, a428730f-9893-43cb-a585-e65a7e8859c8:c5092, 994b73f6-7725-4304-b3a4-4941318c1d6c:c5092]
2019-07-08 19:53:40,707 INFO  client.GrpcClientProtocolClient (GrpcClientProtocolClient.java:onNext(255)) - client-B2F93226DCBB->056ae293-26b5-4d67-bc5d-e905a6760a80: receive RaftClientReply:client-B2F93226DCBB->056ae293-26b5-4d67-bc5d-e905a6760a80@group-50E32BB97A46, cid=3372, SUCCESS, logIndex=5095, commits[056ae293-26b5-4d67-bc5d-e905a6760a80:c5096, a428730f-9893-43cb-a585-e65a7e8859c8:c5094, 994b73f6-7725-4304-b3a4-4941318c1d6c:c5094]
2019-07-08 19:53:40,708 INFO  client.GrpcClientProtocolClient (GrpcClientProtocolClient.java:onNext(255)) - client-B2F93226DCBB->056ae293-26b5-4d67-bc5d-e905a6760a80: receive RaftClientReply:client-B2F93226DCBB->056ae293-26b5-4d67-bc5d-e905a6760a80@group-50E32BB97A46, cid=3373, SUCCESS, logIndex=5096, commits[056ae293-26b5-4d67-bc5d-e905a6760a80:c5096, a428730f-9893-43cb-a585-e65a7e8859c8:c5094, 994b73f6-7725-4304-b3a4-4941318c1d6c:c5094]
2019-07-08 19:53:40,708 INFO  client.GrpcClientProtocolClient (GrpcClientProtocolClient.java:onNext(255)) - client-B2F93226DCBB->056ae293-26b5-4d67-bc5d-e905a6760a80: receive RaftClientReply:client-B2F93226DCBB->056ae293-26b5-4d67-bc5d-e905a6760a80@group-50E32BB97A46, cid=3374, SUCCESS, logIndex=5097, commits[056ae293-26b5-4d67-bc5d-e905a6760a80:c5098, a428730f-9893-43cb-a585-e65a7e8859c8:c5094, 994b73f6-7725-4304-b3a4-4941318c1d6c:c5094]
2019-07-08 19:53:40,708 INFO  client.GrpcClientProtocolClient (GrpcClientProtocolClient.java:onNext(255)) - client-B2F93226DCBB->056ae293-26b5-4d67-bc5d-e905a6760a80: receive RaftClientReply:client-B2F93226DCBB->056ae293-26b5-4d67-bc5d-e905a6760a80@group-50E32BB97A46, cid=3375, SUCCESS, logIndex=5098, commits[056ae293-26b5-4d67-bc5d-e905a6760a80:c5098, a428730f-9893-43cb-a585-e65a7e8859c8:c5094, 994b73f6-7725-4304-b3a4-4941318c1d6c:c5094]
2019-07-08 19:53:40,709 INFO  client.GrpcClientProtocolClient (GrpcClientProtocolClient.java:onNext(255)) - client-B2F93226DCBB->056ae293-26b5-4d67-bc5d-e905a6760a80: receive RaftClientReply:client-B2F93226DCBB->056ae293-26b5-4d67-bc5d-e905a6760a80@group-50E32BB97A46, cid=3376, SUCCESS, logIndex=0, commits[056ae293-26b5-4d67-bc5d-e905a6760a80:c5100, a428730f-9893-43cb-a585-e65a7e8859c8:c5096, 994b73f6-7725-4304-b3a4-4941318c1d6c:c5096]
2019-07-08 19:53:40,722 INFO  client.GrpcClientProtocolClient (GrpcClientProtocolClient.java:onNext(255)) - client-B2F93226DCBB->056ae293-26b5-4d67-bc5d-e905a6760a80: receive RaftClientReply:client-B2F93226DCBB->056ae293-26b5-4d67-bc5d-e905a6760a80@group-50E32BB97A46, cid=3377, SUCCESS, logIndex=5103, commits[056ae293-26b5-4d67-bc5d-e905a6760a80:c5104, a428730f-9893-43cb-a585-e65a7e8859c8:c5102, 994b73f6-7725-4304-b3a4-4941318c1d6c:c5102]
2019-07-08 19:53:40,723 INFO  client.GrpcClientProtocolClient (GrpcClientProtocolClient.java:onNext(255)) - client-B2F93226DCBB->056ae293-26b5-4d67-bc5d-e905a6760a80: receive RaftClientReply:client-B2F93226DCBB->056ae293-26b5-4d67-bc5d-e905a6760a80@group-50E32BB97A46, cid=3378, SUCCESS, logIndex=5104, commits[056ae293-26b5-4d67-bc5d-e905a6760a80:c5104, a428730f-9893-43cb-a585-e65a7e8859c8:c5102, 994b73f6-7725-4304-b3a4-4941318c1d6c:c5102]
2019-07-08 19:53:40,749 INFO  client.GrpcClientProtocolClient (GrpcClientProtocolClient.java:onNext(255)) - client-B2F93226DCBB->056ae293-26b5-4d67-bc5d-e905a6760a80: receive RaftClientReply:client-B2F93226DCBB->056ae293-26b5-4d67-bc5d-e905a6760a80@group-50E32BB97A46, cid=3379, SUCCESS, logIndex=5107, commits[056ae293-26b5-4d67-bc5d-e905a6760a80:c5108, a428730f-9893-43cb-a585-e65a7e8859c8:c5104, 994b73f6-7725-4304-b3a4-4941318c1d6c:c5104]
2019-07-08 19:53:40,749 INFO  client.GrpcClientProtocolClient (GrpcClientProtocolClient.java:onNext(255)) - client-B2F93226DCBB->056ae293-26b5-4d67-bc5d-e905a6760a80: receive RaftClientReply:client-B2F93226DCBB->056ae293-26b5-4d67-bc5d-e905a6760a80@group-50E32BB97A46, cid=3380, SUCCESS, logIndex=5108, commits[056ae293-26b5-4d67-bc5d-e905a6760a80:c5108, a428730f-9893-43cb-a585-e65a7e8859c8:c5104, 994b73f6-7725-4304-b3a4-4941318c1d6c:c5104]
2019-07-08 19:53:40,757 INFO  client.GrpcClientProtocolClient (GrpcClientProtocolClient.java:onNext(255)) - client-B2F93226DCBB->056ae293-26b5-4d67-bc5d-e905a6760a80: receive RaftClientReply:client-B2F93226DCBB->056ae293-26b5-4d67-bc5d-e905a6760a80@group-50E32BB97A46, cid=3381, SUCCESS, logIndex=0, commits[056ae293-26b5-4d67-bc5d-e905a6760a80:c5110, a428730f-9893-43cb-a585-e65a7e8859c8:c5108, 994b73f6-7725-4304-b3a4-4941318c1d6c:c5108]
2019-07-08 19:53:40,783 INFO  client.GrpcClientProtocolClient (GrpcClientProtocolClient.java:onNext(255)) - client-B2F93226DCBB->056ae293-26b5-4d67-bc5d-e905a6760a80: receive RaftClientReply:client-B2F93226DCBB->056ae293-26b5-4d67-bc5d-e905a6760a80@group-50E32BB97A46, cid=3382, SUCCESS, logIndex=5111, commits[056ae293-26b5-4d67-bc5d-e905a6760a80:c5114, a428730f-9893-43cb-a585-e65a7e8859c8:c5110, 994b73f6-7725-4304-b3a4-4941318c1d6c:c5110]
2019-07-08 19:53:40,783 INFO  client.GrpcClientProtocolClient (GrpcClientProtocolClient.java:onNext(255)) - client-B2F93226DCBB->056ae293-26b5-4d67-bc5d-e905a6760a80: receive RaftClientReply:client-B2F93226DCBB->056ae293-26b5-4d67-bc5d-e905a6760a80@group-50E32BB97A46, cid=3383, SUCCESS, logIndex=5112, commits[056ae293-26b5-4d67-bc5d-e905a6760a80:c5114, a428730f-9893-43cb-a585-e65a7e8859c8:c5110, 994b73f6-7725-4304-b3a4-4941318c1d6c:c5110]
2019-07-08 19:53:40,784 INFO  client.GrpcClientProtocolClient (GrpcClientProtocolClient.java:onNext(255)) - client-B2F93226DCBB->056ae293-26b5-4d67-bc5d-e905a6760a80: receive RaftClientReply:client-B2F93226DCBB->056ae293-26b5-4d67-bc5d-e905a6760a80@group-50E32BB97A46, cid=3384, SUCCESS, logIndex=5113, commits[056ae293-26b5-4d67-bc5d-e905a6760a80:c5114, a428730f-9893-43cb-a585-e65a7e8859c8:c5110, 994b73f6-7725-4304-b3a4-4941318c1d6c:c5110]
2019-07-08 19:53:40,784 INFO  client.GrpcClientProtocolClient (GrpcClientProtocolClient.java:onNext(255)) - client-B2F93226DCBB->056ae293-26b5-4d67-bc5d-e905a6760a80: receive RaftClientReply:client-B2F93226DCBB->056ae293-26b5-4d67-bc5d-e905a6760a80@group-50E32BB97A46, cid=3385, SUCCESS, logIndex=5114, commits[056ae293-26b5-4d67-bc5d-e905a6760a80:c5115, a428730f-9893-43cb-a585-e65a7e8859c8:c5110, 994b73f6-7725-4304-b3a4-4941318c1d6c:c5111]
2019-07-08 19:53:40,785 INFO  client.GrpcClientProtocolClient (GrpcClientProtocolClient.java:onNext(255)) - client-B2F93226DCBB->056ae293-26b5-4d67-bc5d-e905a6760a80: receive RaftClientReply:client-B2F93226DCBB->056ae293-26b5-4d67-bc5d-e905a6760a80@group-50E32BB97A46, cid=3386, SUCCESS, logIndex=0, commits[056ae293-26b5-4d67-bc5d-e905a6760a80:c5116, a428730f-9893-43cb-a585-e65a7e8859c8:c5112, 994b73f6-7725-4304-b3a4-4941318c1d6c:c5112]
2019-07-08 19:53:40,911 INFO  client.GrpcClientProtocolClient (GrpcClientProtocolClient.java:onNext(255)) - client-B2F93226DCBB->056ae293-26b5-4d67-bc5d-e905a6760a80: receive RaftClientReply:client-B2F93226DCBB->056ae293-26b5-4d67-bc5d-e905a6760a80@group-50E32BB97A46, cid=3387, SUCCESS, logIndex=5119, commits[056ae293-26b5-4d67-bc5d-e905a6760a80:c5120, a428730f-9893-43cb-a585-e65a7e8859c8:c5118, 994b73f6-7725-4304-b3a4-4941318c1d6c:c5118]
2019-07-08 19:53:40,912 INFO  client.GrpcClientProtocolClient (GrpcClientProtocolClient.java:onNext(255)) - client-B2F93226DCBB->056ae293-26b5-4d67-bc5d-e905a6760a80: receive RaftClientReply:client-B2F93226DCBB->056ae293-26b5-4d67-bc5d-e905a6760a80@group-50E32BB97A46, cid=3388, SUCCESS, logIndex=5120, commits[056ae293-26b5-4d67-bc5d-e905a6760a80:c5120, a428730f-9893-43cb-a585-e65a7e8859c8:c5118, 994b73f6-7725-4304-b3a4-4941318c1d6c:c5118]
2019-07-08 19:53:40,934 INFO  client.GrpcClientProtocolClient (GrpcClientProtocolClient.java:onNext(255)) - client-B2F93226DCBB->056ae293-26b5-4d67-bc5d-e905a6760a80: receive RaftClientReply:client-B2F93226DCBB->056ae293-26b5-4d67-bc5d-e905a6760a80@group-50E32BB97A46, cid=3389, SUCCESS, logIndex=5123, commits[056ae293-26b5-4d67-bc5d-e905a6760a80:c5124, a428730f-9893-43cb-a585-e65a7e8859c8:c5120, 994b73f6-7725-4304-b3a4-4941318c1d6c:c5120]
2019-07-08 19:53:40,936 INFO  client.GrpcClientProtocolClient (GrpcClientProtocolClient.java:onNext(255)) - client-B2F93226DCBB->056ae293-26b5-4d67-bc5d-e905a6760a80: receive RaftClientReply:client-B2F93226DCBB->056ae293-26b5-4d67-bc5d-e905a6760a80@group-50E32BB97A46, cid=3390, SUCCESS, logIndex=5124, commits[056ae293-26b5-4d67-bc5d-e905a6760a80:c5124, a428730f-9893-43cb-a585-e65a7e8859c8:c5120, 994b73f6-7725-4304-b3a4-4941318c1d6c:c5120]
2019-07-08 19:53:40,945 INFO  client.GrpcClientProtocolClient (GrpcClientProtocolClient.java:onNext(255)) - client-B2F93226DCBB->056ae293-26b5-4d67-bc5d-e905a6760a80: receive RaftClientReply:client-B2F93226DCBB->056ae293-26b5-4d67-bc5d-e905a6760a80@group-50E32BB97A46, cid=3391, SUCCESS, logIndex=0, commits[056ae293-26b5-4d67-bc5d-e905a6760a80:c5125, a428730f-9893-43cb-a585-e65a7e8859c8:c5124, 994b73f6-7725-4304-b3a4-4941318c1d6c:c5124]
2019-07-08 19:53:40,987 INFO  client.GrpcClientProtocolClient (GrpcClientProtocolClient.java:onNext(255)) - client-B2F93226DCBB->056ae293-26b5-4d67-bc5d-e905a6760a80: receive RaftClientReply:client-B2F93226DCBB->056ae293-26b5-4d67-bc5d-e905a6760a80@group-50E32BB97A46, cid=3392, SUCCESS, logIndex=5126, commits[056ae293-26b5-4d67-bc5d-e905a6760a80:c5127, a428730f-9893-43cb-a585-e65a7e8859c8:c5125, 994b73f6-7725-4304-b3a4-4941318c1d6c:c5125]
2019-07-08 19:53:40,988 INFO  client.GrpcClientProtocolClient (GrpcClientProtocolClient.java:onNext(255)) - client-B2F93226DCBB->056ae293-26b5-4d67-bc5d-e905a6760a80: receive RaftClientReply:client-B2F93226DCBB->056ae293-26b5-4d67-bc5d-e905a6760a80@group-50E32BB97A46, cid=3393, SUCCESS, logIndex=5127, commits[056ae293-26b5-4d67-bc5d-e905a6760a80:c5129, a428730f-9893-43cb-a585-e65a7e8859c8:c5125, 994b73f6-7725-4304-b3a4-4941318c1d6c:c5125]
2019-07-08 19:53:40,988 INFO  client.GrpcClientProtocolClient (GrpcClientProtocolClient.java:onNext(255)) - client-B2F93226DCBB->056ae293-26b5-4d67-bc5d-e905a6760a80: receive RaftClientReply:client-B2F93226DCBB->056ae293-26b5-4d67-bc5d-e905a6760a80@group-50E32BB97A46, cid=3394, SUCCESS, logIndex=5128, commits[056ae293-26b5-4d67-bc5d-e905a6760a80:c5129, a428730f-9893-43cb-a585-e65a7e8859c8:c5125, 994b73f6-7725-4304-b3a4-4941318c1d6c:c5125]
2019-07-08 19:53:40,988 INFO  client.GrpcClientProtocolClient (GrpcClientProtocolClient.java:onNext(255)) - client-B2F93226DCBB->056ae293-26b5-4d67-bc5d-e905a6760a80: receive RaftClientReply:client-B2F93226DCBB->056ae293-26b5-4d67-bc5d-e905a6760a80@group-50E32BB97A46, cid=3395, SUCCESS, logIndex=5129, commits[056ae293-26b5-4d67-bc5d-e905a6760a80:c5129, a428730f-9893-43cb-a585-e65a7e8859c8:c5125, 994b73f6-7725-4304-b3a4-4941318c1d6c:c5125]
2019-07-08 19:53:41,013 INFO  client.GrpcClientProtocolClient (GrpcClientProtocolClient.java:onNext(255)) - client-B2F93226DCBB->056ae293-26b5-4d67-bc5d-e905a6760a80: receive RaftClientReply:client-B2F93226DCBB->056ae293-26b5-4d67-bc5d-e905a6760a80@group-50E32BB97A46, cid=3396, SUCCESS, logIndex=0, commits[056ae293-26b5-4d67-bc5d-e905a6760a80:c5132, a428730f-9893-43cb-a585-e65a7e8859c8:c5127, 994b73f6-7725-4304-b3a4-4941318c1d6c:c5129]
2019-07-08 19:53:41,033 INFO  client.GrpcClientProtocolClient (GrpcClientProtocolClient.java:onNext(255)) - client-B2F93226DCBB->056ae293-26b5-4d67-bc5d-e905a6760a80: receive RaftClientReply:client-B2F93226DCBB->056ae293-26b5-4d67-bc5d-e905a6760a80@group-50E32BB97A46, cid=3397, SUCCESS, logIndex=5133, commits[056ae293-26b5-4d67-bc5d-e905a6760a80:c5134, a428730f-9893-43cb-a585-e65a7e8859c8:c5132, 994b73f6-7725-4304-b3a4-4941318c1d6c:c5132]
2019-07-08 19:53:41,033 INFO  client.GrpcClientProtocolClient (GrpcClientProtocolClient.java:onNext(255)) - client-B2F93226DCBB->056ae293-26b5-4d67-bc5d-e905a6760a80: receive RaftClientReply:client-B2F93226DCBB->056ae293-26b5-4d67-bc5d-e905a6760a80@group-50E32BB97A46, cid=3398, SUCCESS, logIndex=5134, commits[056ae293-26b5-4d67-bc5d-e905a6760a80:c5134, a428730f-9893-43cb-a585-e65a7e8859c8:c5132, 994b73f6-7725-4304-b3a4-4941318c1d6c:c5132]
2019-07-08 19:53:41,060 INFO  client.GrpcClientProtocolClient (GrpcClientProtocolClient.java:onNext(255)) - client-B2F93226DCBB->056ae293-26b5-4d67-bc5d-e905a6760a80: receive RaftClientReply:client-B2F93226DCBB->056ae293-26b5-4d67-bc5d-e905a6760a80@group-50E32BB97A46, cid=3399, SUCCESS, logIndex=5137, commits[056ae293-26b5-4d67-bc5d-e905a6760a80:c5138, a428730f-9893-43cb-a585-e65a7e8859c8:c5134, 994b73f6-7725-4304-b3a4-4941318c1d6c:c5134]
2019-07-08 19:53:41,060 INFO  client.GrpcClientProtocolClient (GrpcClientProtocolClient.java:onNext(255)) - client-B2F93226DCBB->056ae293-26b5-4d67-bc5d-e905a6760a80: receive RaftClientReply:client-B2F93226DCBB->056ae293-26b5-4d67-bc5d-e905a6760a80@group-50E32BB97A46, cid=3400, SUCCESS, logIndex=5138, commits[056ae293-26b5-4d67-bc5d-e905a6760a80:c5138, a428730f-9893-43cb-a585-e65a7e8859c8:c5134, 994b73f6-7725-4304-b3a4-4941318c1d6c:c5134]
2019-07-08 19:53:41,072 INFO  client.GrpcClientProtocolClient (GrpcClientProtocolClient.java:onNext(255)) - client-B2F93226DCBB->056ae293-26b5-4d67-bc5d-e905a6760a80: receive RaftClientReply:client-B2F93226DCBB->056ae293-26b5-4d67-bc5d-e905a6760a80@group-50E32BB97A46, cid=3401, SUCCESS, logIndex=0, commits[056ae293-26b5-4d67-bc5d-e905a6760a80:c5139, a428730f-9893-43cb-a585-e65a7e8859c8:c5138, 994b73f6-7725-4304-b3a4-4941318c1d6c:c5138]
2019-07-08 19:53:41,107 INFO  client.GrpcClientProtocolClient (GrpcClientProtocolClient.java:onNext(255)) - client-B2F93226DCBB->056ae293-26b5-4d67-bc5d-e905a6760a80: receive RaftClientReply:client-B2F93226DCBB->056ae293-26b5-4d67-bc5d-e905a6760a80@group-50E32BB97A46, cid=3402, SUCCESS, logIndex=5141, commits[056ae293-26b5-4d67-bc5d-e905a6760a80:c5142, a428730f-9893-43cb-a585-e65a7e8859c8:c5140, 994b73f6-7725-4304-b3a4-4941318c1d6c:c5140]
2019-07-08 19:53:41,107 INFO  client.GrpcClientProtocolClient (GrpcClientProtocolClient.java:onNext(255)) - client-B2F93226DCBB->056ae293-26b5-4d67-bc5d-e905a6760a80: receive RaftClientReply:client-B2F93226DCBB->056ae293-26b5-4d67-bc5d-e905a6760a80@group-50E32BB97A46, cid=3403, SUCCESS, logIndex=5142, commits[056ae293-26b5-4d67-bc5d-e905a6760a80:c5142, a428730f-9893-43cb-a585-e65a7e8859c8:c5140, 994b73f6-7725-4304-b3a4-4941318c1d6c:c5140]
2019-07-08 19:53:41,110 INFO  client.GrpcClientProtocolClient (GrpcClientProtocolClient.java:onNext(255)) - client-B2F93226DCBB->056ae293-26b5-4d67-bc5d-e905a6760a80: receive RaftClientReply:client-B2F93226DCBB->056ae293-26b5-4d67-bc5d-e905a6760a80@group-50E32BB97A46, cid=3404, SUCCESS, logIndex=5143, commits[056ae293-26b5-4d67-bc5d-e905a6760a80:c5144, a428730f-9893-43cb-a585-e65a7e8859c8:c5140, 994b73f6-7725-4304-b3a4-4941318c1d6c:c5140]
2019-07-08 19:53:41,110 INFO  client.GrpcClientProtocolClient (GrpcClientProtocolClient.java:onNext(255)) - client-B2F93226DCBB->056ae293-26b5-4d67-bc5d-e905a6760a80: receive RaftClientReply:client-B2F93226DCBB->056ae293-26b5-4d67-bc5d-e905a6760a80@group-50E32BB97A46, cid=3405, SUCCESS, logIndex=5144, commits[056ae293-26b5-4d67-bc5d-e905a6760a80:c5144, a428730f-9893-43cb-a585-e65a7e8859c8:c5140, 994b73f6-7725-4304-b3a4-4941318c1d6c:c5140]
2019-07-08 19:53:41,113 INFO  client.GrpcClientProtocolClient (GrpcClientProtocolClient.java:onNext(255)) - client-B2F93226DCBB->056ae293-26b5-4d67-bc5d-e905a6760a80: receive RaftClientReply:client-B2F93226DCBB->056ae293-26b5-4d67-bc5d-e905a6760a80@group-50E32BB97A46, cid=3406, SUCCESS, logIndex=0, commits[056ae293-26b5-4d67-bc5d-e905a6760a80:c5146, a428730f-9893-43cb-a585-e65a7e8859c8:c5142, 994b73f6-7725-4304-b3a4-4941318c1d6c:c5142]
2019-07-08 19:53:41,126 INFO  client.GrpcClientProtocolClient (GrpcClientProtocolClient.java:onNext(255)) - client-B2F93226DCBB->056ae293-26b5-4d67-bc5d-e905a6760a80: receive RaftClientReply:client-B2F93226DCBB->056ae293-26b5-4d67-bc5d-e905a6760a80@group-50E32BB97A46, cid=3407, SUCCESS, logIndex=5149, commits[056ae293-26b5-4d67-bc5d-e905a6760a80:c5150, a428730f-9893-43cb-a585-e65a7e8859c8:c5146, 994b73f6-7725-4304-b3a4-4941318c1d6c:c5144]
2019-07-08 19:53:41,126 INFO  client.GrpcClientProtocolClient (GrpcClientProtocolClient.java:onNext(255)) - client-B2F93226DCBB->056ae293-26b5-4d67-bc5d-e905a6760a80: receive RaftClientReply:client-B2F93226DCBB->056ae293-26b5-4d67-bc5d-e905a6760a80@group-50E32BB97A46, cid=3408, SUCCESS, logIndex=5150, commits[056ae293-26b5-4d67-bc5d-e905a6760a80:c5150, a428730f-9893-43cb-a585-e65a7e8859c8:c5146, 994b73f6-7725-4304-b3a4-4941318c1d6c:c5146]
2019-07-08 19:53:41,159 INFO  client.GrpcClientProtocolClient (GrpcClientProtocolClient.java:onNext(255)) - client-B2F93226DCBB->056ae293-26b5-4d67-bc5d-e905a6760a80: receive RaftClientReply:client-B2F93226DCBB->056ae293-26b5-4d67-bc5d-e905a6760a80@group-50E32BB97A46, cid=3409, SUCCESS, logIndex=5153, commits[056ae293-26b5-4d67-bc5d-e905a6760a80:c5154, a428730f-9893-43cb-a585-e65a7e8859c8:c5152, 994b73f6-7725-4304-b3a4-4941318c1d6c:c5152]
2019-07-08 19:53:41,159 INFO  client.GrpcClientProtocolClient (GrpcClientProtocolClient.java:onNext(255)) - client-B2F93226DCBB->056ae293-26b5-4d67-bc5d-e905a6760a80: receive RaftClientReply:client-B2F93226DCBB->056ae293-26b5-4d67-bc5d-e905a6760a80@group-50E32BB97A46, cid=3410, SUCCESS, logIndex=5154, commits[056ae293-26b5-4d67-bc5d-e905a6760a80:c5154, a428730f-9893-43cb-a585-e65a7e8859c8:c5152, 994b73f6-7725-4304-b3a4-4941318c1d6c:c5152]
2019-07-08 19:53:41,173 INFO  client.GrpcClientProtocolClient (GrpcClientProtocolClient.java:onNext(255)) - client-B2F93226DCBB->056ae293-26b5-4d67-bc5d-e905a6760a80: receive RaftClientReply:client-B2F93226DCBB->056ae293-26b5-4d67-bc5d-e905a6760a80@group-50E32BB97A46, cid=3411, SUCCESS, logIndex=0, commits[056ae293-26b5-4d67-bc5d-e905a6760a80:c5155, a428730f-9893-43cb-a585-e65a7e8859c8:c5154, 994b73f6-7725-4304-b3a4-4941318c1d6c:c5154]
2019-07-08 19:53:41,198 INFO  client.GrpcClientProtocolClient (GrpcClientProtocolClient.java:onNext(255)) - client-B2F93226DCBB->056ae293-26b5-4d67-bc5d-e905a6760a80: receive RaftClientReply:client-B2F93226DCBB->056ae293-26b5-4d67-bc5d-e905a6760a80@group-50E32BB97A46, cid=3412, SUCCESS, logIndex=5157, commits[056ae293-26b5-4d67-bc5d-e905a6760a80:c5158, a428730f-9893-43cb-a585-e65a7e8859c8:c5156, 994b73f6-7725-4304-b3a4-4941318c1d6c:c5156]
2019-07-08 19:53:41,199 INFO  client.GrpcClientProtocolClient (GrpcClientProtocolClient.java:onNext(255)) - client-B2F93226DCBB->056ae293-26b5-4d67-bc5d-e905a6760a80: receive RaftClientReply:client-B2F93226DCBB->056ae293-26b5-4d67-bc5d-e905a6760a80@group-50E32BB97A46, cid=3413, SUCCESS, logIndex=5158, commits[056ae293-26b5-4d67-bc5d-e905a6760a80:c5160, a428730f-9893-43cb-a585-e65a7e8859c8:c5156, 994b73f6-7725-4304-b3a4-4941318c1d6c:c5156]
2019-07-08 19:53:41,199 INFO  client.GrpcClientProtocolClient (GrpcClientProtocolClient.java:onNext(255)) - client-B2F93226DCBB->056ae293-26b5-4d67-bc5d-e905a6760a80: receive RaftClientReply:client-B2F93226DCBB->056ae293-26b5-4d67-bc5d-e905a6760a80@group-50E32BB97A46, cid=3414, SUCCESS, logIndex=5159, commits[056ae293-26b5-4d67-bc5d-e905a6760a80:c5160, a428730f-9893-43cb-a585-e65a7e8859c8:c5156, 994b73f6-7725-4304-b3a4-4941318c1d6c:c5156]
2019-07-08 19:53:41,199 INFO  client.GrpcClientProtocolClient (GrpcClientProtocolClient.java:onNext(255)) - client-B2F93226DCBB->056ae293-26b5-4d67-bc5d-e905a6760a80: receive RaftClientReply:client-B2F93226DCBB->056ae293-26b5-4d67-bc5d-e905a6760a80@group-50E32BB97A46, cid=3415, SUCCESS, logIndex=5160, commits[056ae293-26b5-4d67-bc5d-e905a6760a80:c5161, a428730f-9893-43cb-a585-e65a7e8859c8:c5156, 994b73f6-7725-4304-b3a4-4941318c1d6c:c5157]
2019-07-08 19:53:41,200 INFO  client.GrpcClientProtocolClient (GrpcClientProtocolClient.java:onNext(255)) - client-B2F93226DCBB->056ae293-26b5-4d67-bc5d-e905a6760a80: receive RaftClientReply:client-B2F93226DCBB->056ae293-26b5-4d67-bc5d-e905a6760a80@group-50E32BB97A46, cid=3416, SUCCESS, logIndex=0, commits[056ae293-26b5-4d67-bc5d-e905a6760a80:c5162, a428730f-9893-43cb-a585-e65a7e8859c8:c5158, 994b73f6-7725-4304-b3a4-4941318c1d6c:c5158]
2019-07-08 19:53:41,219 INFO  client.GrpcClientProtocolClient (GrpcClientProtocolClient.java:onNext(255)) - client-B2F93226DCBB->056ae293-26b5-4d67-bc5d-e905a6760a80: receive RaftClientReply:client-B2F93226DCBB->056ae293-26b5-4d67-bc5d-e905a6760a80@group-50E32BB97A46, cid=3417, SUCCESS, logIndex=5165, commits[056ae293-26b5-4d67-bc5d-e905a6760a80:c5166, a428730f-9893-43cb-a585-e65a7e8859c8:c5164, 994b73f6-7725-4304-b3a4-4941318c1d6c:c5164]
2019-07-08 19:53:41,219 INFO  client.GrpcClientProtocolClient (GrpcClientProtocolClient.java:onNext(255)) - client-B2F93226DCBB->056ae293-26b5-4d67-bc5d-e905a6760a80: receive RaftClientReply:client-B2F93226DCBB->056ae293-26b5-4d67-bc5d-e905a6760a80@group-50E32BB97A46, cid=3418, SUCCESS, logIndex=5166, commits[056ae293-26b5-4d67-bc5d-e905a6760a80:c5166, a428730f-9893-43cb-a585-e65a7e8859c8:c5164, 994b73f6-7725-4304-b3a4-4941318c1d6c:c5164]
2019-07-08 19:53:41,232 INFO  client.GrpcClientProtocolClient (GrpcClientProtocolClient.java:onNext(255)) - client-B2F93226DCBB->056ae293-26b5-4d67-bc5d-e905a6760a80: receive RaftClientReply:client-B2F93226DCBB->056ae293-26b5-4d67-bc5d-e905a6760a80@group-50E32BB97A46, cid=3419, SUCCESS, logIndex=5169, commits[056ae293-26b5-4d67-bc5d-e905a6760a80:c5169, a428730f-9893-43cb-a585-e65a7e8859c8:c5166, 994b73f6-7725-4304-b3a4-4941318c1d6c:c5166]
2019-07-08 19:53:41,233 INFO  client.GrpcClientProtocolClient (GrpcClientProtocolClient.java:onNext(255)) - client-B2F93226DCBB->056ae293-26b5-4d67-bc5d-e905a6760a80: receive RaftClientReply:client-B2F93226DCBB->056ae293-26b5-4d67-bc5d-e905a6760a80@group-50E32BB97A46, cid=3420, SUCCESS, logIndex=5170, commits[056ae293-26b5-4d67-bc5d-e905a6760a80:c5170, a428730f-9893-43cb-a585-e65a7e8859c8:c5166, 994b73f6-7725-4304-b3a4-4941318c1d6c:c5166]
2019-07-08 19:53:41,248 INFO  client.GrpcClientProtocolClient (GrpcClientProtocolClient.java:onNext(255)) - client-B2F93226DCBB->056ae293-26b5-4d67-bc5d-e905a6760a80: receive RaftClientReply:client-B2F93226DCBB->056ae293-26b5-4d67-bc5d-e905a6760a80@group-50E32BB97A46, cid=3421, SUCCESS, logIndex=0, commits[056ae293-26b5-4d67-bc5d-e905a6760a80:c5172, a428730f-9893-43cb-a585-e65a7e8859c8:c5170, 994b73f6-7725-4304-b3a4-4941318c1d6c:c5170]
2019-07-08 19:53:41,294 INFO  client.GrpcClientProtocolClient (GrpcClientProtocolClient.java:onNext(255)) - client-B2F93226DCBB->056ae293-26b5-4d67-bc5d-e905a6760a80: receive RaftClientReply:client-B2F93226DCBB->056ae293-26b5-4d67-bc5d-e905a6760a80@group-50E32BB97A46, cid=3422, SUCCESS, logIndex=5173, commits[056ae293-26b5-4d67-bc5d-e905a6760a80:c5174, a428730f-9893-43cb-a585-e65a7e8859c8:c5172, 994b73f6-7725-4304-b3a4-4941318c1d6c:c5172]
2019-07-08 19:53:41,295 INFO  client.GrpcClientProtocolClient (GrpcClientProtocolClient.java:onNext(255)) - client-B2F93226DCBB->056ae293-26b5-4d67-bc5d-e905a6760a80: receive RaftClientReply:client-B2F93226DCBB->056ae293-26b5-4d67-bc5d-e905a6760a80@group-50E32BB97A46, cid=3423, SUCCESS, logIndex=5174, commits[056ae293-26b5-4d67-bc5d-e905a6760a80:c5175, a428730f-9893-43cb-a585-e65a7e8859c8:c5172, 994b73f6-7725-4304-b3a4-4941318c1d6c:c5172]
2019-07-08 19:53:41,295 INFO  client.GrpcClientProtocolClient (GrpcClientProtocolClient.java:onNext(255)) - client-B2F93226DCBB->056ae293-26b5-4d67-bc5d-e905a6760a80: receive RaftClientReply:client-B2F93226DCBB->056ae293-26b5-4d67-bc5d-e905a6760a80@group-50E32BB97A46, cid=3424, SUCCESS, logIndex=5175, commits[056ae293-26b5-4d67-bc5d-e905a6760a80:c5176, a428730f-9893-43cb-a585-e65a7e8859c8:c5172, 994b73f6-7725-4304-b3a4-4941318c1d6c:c5172]
2019-07-08 19:53:41,295 INFO  client.GrpcClientProtocolClient (GrpcClientProtocolClient.java:onNext(255)) - client-B2F93226DCBB->056ae293-26b5-4d67-bc5d-e905a6760a80: receive RaftClientReply:client-B2F93226DCBB->056ae293-26b5-4d67-bc5d-e905a6760a80@group-50E32BB97A46, cid=3425, SUCCESS, logIndex=5176, commits[056ae293-26b5-4d67-bc5d-e905a6760a80:c5176, a428730f-9893-43cb-a585-e65a7e8859c8:c5172, 994b73f6-7725-4304-b3a4-4941318c1d6c:c5172]
2019-07-08 19:53:41,308 INFO  client.GrpcClientProtocolClient (GrpcClientProtocolClient.java:onNext(255)) - client-B2F93226DCBB->056ae293-26b5-4d67-bc5d-e905a6760a80: receive RaftClientReply:client-B2F93226DCBB->056ae293-26b5-4d67-bc5d-e905a6760a80@group-50E32BB97A46, cid=3426, SUCCESS, logIndex=0, commits[056ae293-26b5-4d67-bc5d-e905a6760a80:c5177, a428730f-9893-43cb-a585-e65a7e8859c8:c5174, 994b73f6-7725-4304-b3a4-4941318c1d6c:c5174]
2019-07-08 19:53:41,350 INFO  client.GrpcClientProtocolClient (GrpcClientProtocolClient.java:onNext(255)) - client-B2F93226DCBB->056ae293-26b5-4d67-bc5d-e905a6760a80: receive RaftClientReply:client-B2F93226DCBB->056ae293-26b5-4d67-bc5d-e905a6760a80@group-50E32BB97A46, cid=3427, SUCCESS, logIndex=5181, commits[056ae293-26b5-4d67-bc5d-e905a6760a80:c5181, a428730f-9893-43cb-a585-e65a7e8859c8:c5177, 994b73f6-7725-4304-b3a4-4941318c1d6c:c5177]
2019-07-08 19:53:41,350 INFO  client.GrpcClientProtocolClient (GrpcClientProtocolClient.java:onNext(255)) - client-B2F93226DCBB->056ae293-26b5-4d67-bc5d-e905a6760a80: receive RaftClientReply:client-B2F93226DCBB->056ae293-26b5-4d67-bc5d-e905a6760a80@group-50E32BB97A46, cid=3428, SUCCESS, logIndex=5182, commits[056ae293-26b5-4d67-bc5d-e905a6760a80:c5182, a428730f-9893-43cb-a585-e65a7e8859c8:c5177, 994b73f6-7725-4304-b3a4-4941318c1d6c:c5177]
2019-07-08 19:53:41,365 INFO  client.GrpcClientProtocolClient (GrpcClientProtocolClient.java:onNext(255)) - client-B2F93226DCBB->056ae293-26b5-4d67-bc5d-e905a6760a80: receive RaftClientReply:client-B2F93226DCBB->056ae293-26b5-4d67-bc5d-e905a6760a80@group-50E32BB97A46, cid=3429, SUCCESS, logIndex=5185, commits[056ae293-26b5-4d67-bc5d-e905a6760a80:c5185, a428730f-9893-43cb-a585-e65a7e8859c8:c5182, 994b73f6-7725-4304-b3a4-4941318c1d6c:c5182]
2019-07-08 19:53:41,365 INFO  client.GrpcClientProtocolClient (GrpcClientProtocolClient.java:onNext(255)) - client-B2F93226DCBB->056ae293-26b5-4d67-bc5d-e905a6760a80: receive RaftClientReply:client-B2F93226DCBB->056ae293-26b5-4d67-bc5d-e905a6760a80@group-50E32BB97A46, cid=3430, SUCCESS, logIndex=5186, commits[056ae293-26b5-4d67-bc5d-e905a6760a80:c5186, a428730f-9893-43cb-a585-e65a7e8859c8:c5182, 994b73f6-7725-4304-b3a4-4941318c1d6c:c5182]
2019-07-08 19:53:41,379 INFO  client.GrpcClientProtocolClient (GrpcClientProtocolClient.java:onNext(255)) - client-B2F93226DCBB->056ae293-26b5-4d67-bc5d-e905a6760a80: receive RaftClientReply:client-B2F93226DCBB->056ae293-26b5-4d67-bc5d-e905a6760a80@group-50E32BB97A46, cid=3431, SUCCESS, logIndex=0, commits[056ae293-26b5-4d67-bc5d-e905a6760a80:c5188, a428730f-9893-43cb-a585-e65a7e8859c8:c5186, 994b73f6-7725-4304-b3a4-4941318c1d6c:c5186]
2019-07-08 19:53:41,427 INFO  client.GrpcClientProtocolClient (GrpcClientProtocolClient.java:onNext(255)) - client-B2F93226DCBB->056ae293-26b5-4d67-bc5d-e905a6760a80: receive RaftClientReply:client-B2F93226DCBB->056ae293-26b5-4d67-bc5d-e905a6760a80@group-50E32BB97A46, cid=3432, SUCCESS, logIndex=5189, commits[056ae293-26b5-4d67-bc5d-e905a6760a80:c5190, a428730f-9893-43cb-a585-e65a7e8859c8:c5188, 994b73f6-7725-4304-b3a4-4941318c1d6c:c5188]
2019-07-08 19:53:41,427 INFO  client.GrpcClientProtocolClient (GrpcClientProtocolClient.java:onNext(255)) - client-B2F93226DCBB->056ae293-26b5-4d67-bc5d-e905a6760a80: receive RaftClientReply:client-B2F93226DCBB->056ae293-26b5-4d67-bc5d-e905a6760a80@group-50E32BB97A46, cid=3433, SUCCESS, logIndex=5190, commits[056ae293-26b5-4d67-bc5d-e905a6760a80:c5192, a428730f-9893-43cb-a585-e65a7e8859c8:c5188, 994b73f6-7725-4304-b3a4-4941318c1d6c:c5188]
2019-07-08 19:53:41,428 INFO  client.GrpcClientProtocolClient (GrpcClientProtocolClient.java:onNext(255)) - client-B2F93226DCBB->056ae293-26b5-4d67-bc5d-e905a6760a80: receive RaftClientReply:client-B2F93226DCBB->056ae293-26b5-4d67-bc5d-e905a6760a80@group-50E32BB97A46, cid=3434, SUCCESS, logIndex=5191, commits[056ae293-26b5-4d67-bc5d-e905a6760a80:c5192, a428730f-9893-43cb-a585-e65a7e8859c8:c5188, 994b73f6-7725-4304-b3a4-4941318c1d6c:c5188]
2019-07-08 19:53:41,428 INFO  client.GrpcClientProtocolClient (GrpcClientProtocolClient.java:onNext(255)) - client-B2F93226DCBB->056ae293-26b5-4d67-bc5d-e905a6760a80: receive RaftClientReply:client-B2F93226DCBB->056ae293-26b5-4d67-bc5d-e905a6760a80@group-50E32BB97A46, cid=3435, SUCCESS, logIndex=5192, commits[056ae293-26b5-4d67-bc5d-e905a6760a80:c5192, a428730f-9893-43cb-a585-e65a7e8859c8:c5188, 994b73f6-7725-4304-b3a4-4941318c1d6c:c5188]
2019-07-08 19:53:41,440 INFO  client.GrpcClientProtocolClient (GrpcClientProtocolClient.java:onNext(255)) - client-B2F93226DCBB->056ae293-26b5-4d67-bc5d-e905a6760a80: receive RaftClientReply:client-B2F93226DCBB->056ae293-26b5-4d67-bc5d-e905a6760a80@group-50E32BB97A46, cid=3436, SUCCESS, logIndex=0, commits[056ae293-26b5-4d67-bc5d-e905a6760a80:c5195, a428730f-9893-43cb-a585-e65a7e8859c8:c5191, 994b73f6-7725-4304-b3a4-4941318c1d6c:c5190]
2019-07-08 19:53:41,452 INFO  client.GrpcClientProtocolClient (GrpcClientProtocolClient.java:onNext(255)) - client-B2F93226DCBB->056ae293-26b5-4d67-bc5d-e905a6760a80: receive RaftClientReply:client-B2F93226DCBB->056ae293-26b5-4d67-bc5d-e905a6760a80@group-50E32BB97A46, cid=3437, SUCCESS, logIndex=5197, commits[056ae293-26b5-4d67-bc5d-e905a6760a80:c5198, a428730f-9893-43cb-a585-e65a7e8859c8:c5192, 994b73f6-7725-4304-b3a4-4941318c1d6c:c5196]
2019-07-08 19:53:41,453 INFO  client.GrpcClientProtocolClient (GrpcClientProtocolClient.java:onNext(255)) - client-B2F93226DCBB->056ae293-26b5-4d67-bc5d-e905a6760a80: receive RaftClientReply:client-B2F93226DCBB->056ae293-26b5-4d67-bc5d-e905a6760a80@group-50E32BB97A46, cid=3438, SUCCESS, logIndex=5198, commits[056ae293-26b5-4d67-bc5d-e905a6760a80:c5198, a428730f-9893-43cb-a585-e65a7e8859c8:c5196, 994b73f6-7725-4304-b3a4-4941318c1d6c:c5196]
2019-07-08 19:53:41,468 INFO  client.GrpcClientProtocolClient (GrpcClientProtocolClient.java:onNext(255)) - client-B2F93226DCBB->056ae293-26b5-4d67-bc5d-e905a6760a80: receive RaftClientReply:client-B2F93226DCBB->056ae293-26b5-4d67-bc5d-e905a6760a80@group-50E32BB97A46, cid=3439, SUCCESS, logIndex=5201, commits[056ae293-26b5-4d67-bc5d-e905a6760a80:c5202, a428730f-9893-43cb-a585-e65a7e8859c8:c5198, 994b73f6-7725-4304-b3a4-4941318c1d6c:c5199]
2019-07-08 19:53:41,469 INFO  client.GrpcClientProtocolClient (GrpcClientProtocolClient.java:onNext(255)) - client-B2F93226DCBB->056ae293-26b5-4d67-bc5d-e905a6760a80: receive RaftClientReply:client-B2F93226DCBB->056ae293-26b5-4d67-bc5d-e905a6760a80@group-50E32BB97A46, cid=3440, SUCCESS, logIndex=5202, commits[056ae293-26b5-4d67-bc5d-e905a6760a80:c5202, a428730f-9893-43cb-a585-e65a7e8859c8:c5199, 994b73f6-7725-4304-b3a4-4941318c1d6c:c5199]
2019-07-08 19:53:41,471 INFO  client.GrpcClientProtocolClient (GrpcClientProtocolClient.java:onNext(255)) - client-B2F93226DCBB->056ae293-26b5-4d67-bc5d-e905a6760a80: receive RaftClientReply:client-B2F93226DCBB->056ae293-26b5-4d67-bc5d-e905a6760a80@group-50E32BB97A46, cid=3441, SUCCESS, logIndex=0, commits[056ae293-26b5-4d67-bc5d-e905a6760a80:c5203, a428730f-9893-43cb-a585-e65a7e8859c8:c5202, 994b73f6-7725-4304-b3a4-4941318c1d6c:c5202]
 0.00% |█                                                                                                    |  0/1 Time: 0:00:372019-07-08 19:53:41,502 INFO  client.GrpcClientProtocolClient (GrpcClientProtocolClient.java:onNext(255)) - client-B2F93226DCBB->056ae293-26b5-4d67-bc5d-e905a6760a80: receive RaftClientReply:client-B2F93226DCBB->056ae293-26b5-4d67-bc5d-e905a6760a80@group-50E32BB97A46, cid=3442, SUCCESS, logIndex=5205, commits[056ae293-26b5-4d67-bc5d-e905a6760a80:c5206, a428730f-9893-43cb-a585-e65a7e8859c8:c5204, 994b73f6-7725-4304-b3a4-4941318c1d6c:c5204]
2019-07-08 19:53:41,502 INFO  client.GrpcClientProtocolClient (GrpcClientProtocolClient.java:onNext(255)) - client-B2F93226DCBB->056ae293-26b5-4d67-bc5d-e905a6760a80: receive RaftClientReply:client-B2F93226DCBB->056ae293-26b5-4d67-bc5d-e905a6760a80@group-50E32BB97A46, cid=3443, SUCCESS, logIndex=5206, commits[056ae293-26b5-4d67-bc5d-e905a6760a80:c5208, a428730f-9893-43cb-a585-e65a7e8859c8:c5204, 994b73f6-7725-4304-b3a4-4941318c1d6c:c5204]
2019-07-08 19:53:41,503 INFO  client.GrpcClientProtocolClient (GrpcClientProtocolClient.java:onNext(255)) - client-B2F93226DCBB->056ae293-26b5-4d67-bc5d-e905a6760a80: receive RaftClientReply:client-B2F93226DCBB->056ae293-26b5-4d67-bc5d-e905a6760a80@group-50E32BB97A46, cid=3444, SUCCESS, logIndex=5207, commits[056ae293-26b5-4d67-bc5d-e905a6760a80:c5208, a428730f-9893-43cb-a585-e65a7e8859c8:c5204, 994b73f6-7725-4304-b3a4-4941318c1d6c:c5204]
2019-07-08 19:53:41,503 INFO  client.GrpcClientProtocolClient (GrpcClientProtocolClient.java:onNext(255)) - client-B2F93226DCBB->056ae293-26b5-4d67-bc5d-e905a6760a80: receive RaftClientReply:client-B2F93226DCBB->056ae293-26b5-4d67-bc5d-e905a6760a80@group-50E32BB97A46, cid=3445, SUCCESS, logIndex=5208, commits[056ae293-26b5-4d67-bc5d-e905a6760a80:c5208, a428730f-9893-43cb-a585-e65a7e8859c8:c5204, 994b73f6-7725-4304-b3a4-4941318c1d6c:c5204]
2019-07-08 19:53:41,516 INFO  client.GrpcClientProtocolClient (GrpcClientProtocolClient.java:onNext(255)) - client-B2F93226DCBB->056ae293-26b5-4d67-bc5d-e905a6760a80: receive RaftClientReply:client-B2F93226DCBB->056ae293-26b5-4d67-bc5d-e905a6760a80@group-50E32BB97A46, cid=3446, SUCCESS, logIndex=0, commits[056ae293-26b5-4d67-bc5d-e905a6760a80:c5210, a428730f-9893-43cb-a585-e65a7e8859c8:c5206, 994b73f6-7725-4304-b3a4-4941318c1d6c:c5208]
2019-07-08 19:53:41,538 INFO  client.GrpcClientProtocolClient (GrpcClientProtocolClient.java:onNext(255)) - client-B2F93226DCBB->056ae293-26b5-4d67-bc5d-e905a6760a80: receive RaftClientReply:client-B2F93226DCBB->056ae293-26b5-4d67-bc5d-e905a6760a80@group-50E32BB97A46, cid=3447, SUCCESS, logIndex=5212, commits[056ae293-26b5-4d67-bc5d-e905a6760a80:c5213, a428730f-9893-43cb-a585-e65a7e8859c8:c5211, 994b73f6-7725-4304-b3a4-4941318c1d6c:c5211]
2019-07-08 19:53:41,538 INFO  client.GrpcClientProtocolClient (GrpcClientProtocolClient.java:onNext(255)) - client-B2F93226DCBB->056ae293-26b5-4d67-bc5d-e905a6760a80: receive RaftClientReply:client-B2F93226DCBB->056ae293-26b5-4d67-bc5d-e905a6760a80@group-50E32BB97A46, cid=3448, SUCCESS, logIndex=5213, commits[056ae293-26b5-4d67-bc5d-e905a6760a80:c5213, a428730f-9893-43cb-a585-e65a7e8859c8:c5211, 994b73f6-7725-4304-b3a4-4941318c1d6c:c5211]
2019-07-08 19:53:41,565 INFO  client.GrpcClientProtocolClient (GrpcClientProtocolClient.java:onNext(255)) - client-B2F93226DCBB->056ae293-26b5-4d67-bc5d-e905a6760a80: receive RaftClientReply:client-B2F93226DCBB->056ae293-26b5-4d67-bc5d-e905a6760a80@group-50E32BB97A46, cid=3449, SUCCESS, logIndex=5216, commits[056ae293-26b5-4d67-bc5d-e905a6760a80:c5217, a428730f-9893-43cb-a585-e65a7e8859c8:c5213, 994b73f6-7725-4304-b3a4-4941318c1d6c:c5213]
2019-07-08 19:53:41,565 INFO  client.GrpcClientProtocolClient (GrpcClientProtocolClient.java:onNext(255)) - client-B2F93226DCBB->056ae293-26b5-4d67-bc5d-e905a6760a80: receive RaftClientReply:client-B2F93226DCBB->056ae293-26b5-4d67-bc5d-e905a6760a80@group-50E32BB97A46, cid=3450, SUCCESS, logIndex=5217, commits[056ae293-26b5-4d67-bc5d-e905a6760a80:c5217, a428730f-9893-43cb-a585-e65a7e8859c8:c5213, 994b73f6-7725-4304-b3a4-4941318c1d6c:c5213]
2019-07-08 19:53:41,581 INFO  client.GrpcClientProtocolClient (GrpcClientProtocolClient.java:onNext(255)) - client-B2F93226DCBB->056ae293-26b5-4d67-bc5d-e905a6760a80: receive RaftClientReply:client-B2F93226DCBB->056ae293-26b5-4d67-bc5d-e905a6760a80@group-50E32BB97A46, cid=3451, SUCCESS, logIndex=0, commits[056ae293-26b5-4d67-bc5d-e905a6760a80:c5219, a428730f-9893-43cb-a585-e65a7e8859c8:c5217, 994b73f6-7725-4304-b3a4-4941318c1d6c:c5217]
2019-07-08 19:53:41,603 INFO  client.GrpcClientProtocolClient (GrpcClientProtocolClient.java:onNext(255)) - client-B2F93226DCBB->056ae293-26b5-4d67-bc5d-e905a6760a80: receive RaftClientReply:client-B2F93226DCBB->056ae293-26b5-4d67-bc5d-e905a6760a80@group-50E32BB97A46, cid=3452, SUCCESS, logIndex=5220, commits[056ae293-26b5-4d67-bc5d-e905a6760a80:c5221, a428730f-9893-43cb-a585-e65a7e8859c8:c5217, 994b73f6-7725-4304-b3a4-4941318c1d6c:c5219]
2019-07-08 19:53:41,604 INFO  client.GrpcClientProtocolClient (GrpcClientProtocolClient.java:onNext(255)) - client-B2F93226DCBB->056ae293-26b5-4d67-bc5d-e905a6760a80: receive RaftClientReply:client-B2F93226DCBB->056ae293-26b5-4d67-bc5d-e905a6760a80@group-50E32BB97A46, cid=3453, SUCCESS, logIndex=5221, commits[056ae293-26b5-4d67-bc5d-e905a6760a80:c5223, a428730f-9893-43cb-a585-e65a7e8859c8:c5219, 994b73f6-7725-4304-b3a4-4941318c1d6c:c5219]
2019-07-08 19:53:41,604 INFO  client.GrpcClientProtocolClient (GrpcClientProtocolClient.java:onNext(255)) - client-B2F93226DCBB->056ae293-26b5-4d67-bc5d-e905a6760a80: receive RaftClientReply:client-B2F93226DCBB->056ae293-26b5-4d67-bc5d-e905a6760a80@group-50E32BB97A46, cid=3454, SUCCESS, logIndex=5222, commits[056ae293-26b5-4d67-bc5d-e905a6760a80:c5223, a428730f-9893-43cb-a585-e65a7e8859c8:c5219, 994b73f6-7725-4304-b3a4-4941318c1d6c:c5219]
2019-07-08 19:53:41,604 INFO  client.GrpcClientProtocolClient (GrpcClientProtocolClient.java:onNext(255)) - client-B2F93226DCBB->056ae293-26b5-4d67-bc5d-e905a6760a80: receive RaftClientReply:client-B2F93226DCBB->056ae293-26b5-4d67-bc5d-e905a6760a80@group-50E32BB97A46, cid=3455, SUCCESS, logIndex=5223, commits[056ae293-26b5-4d67-bc5d-e905a6760a80:c5224, a428730f-9893-43cb-a585-e65a7e8859c8:c5219, 994b73f6-7725-4304-b3a4-4941318c1d6c:c5220]
2019-07-08 19:53:41,605 INFO  client.GrpcClientProtocolClient (GrpcClientProtocolClient.java:onNext(255)) - client-B2F93226DCBB->056ae293-26b5-4d67-bc5d-e905a6760a80: receive RaftClientReply:client-B2F93226DCBB->056ae293-26b5-4d67-bc5d-e905a6760a80@group-50E32BB97A46, cid=3456, SUCCESS, logIndex=0, commits[056ae293-26b5-4d67-bc5d-e905a6760a80:c5227, a428730f-9893-43cb-a585-e65a7e8859c8:c5223, 994b73f6-7725-4304-b3a4-4941318c1d6c:c5221]
2019-07-08 19:53:41,617 INFO  client.GrpcClientProtocolClient (GrpcClientProtocolClient.java:onNext(255)) - client-B2F93226DCBB->056ae293-26b5-4d67-bc5d-e905a6760a80: receive RaftClientReply:client-B2F93226DCBB->056ae293-26b5-4d67-bc5d-e905a6760a80@group-50E32BB97A46, cid=3457, SUCCESS, logIndex=5228, commits[056ae293-26b5-4d67-bc5d-e905a6760a80:c5229, a428730f-9893-43cb-a585-e65a7e8859c8:c5223, 994b73f6-7725-4304-b3a4-4941318c1d6c:c5227]
2019-07-08 19:53:41,617 INFO  client.GrpcClientProtocolClient (GrpcClientProtocolClient.java:onNext(255)) - client-B2F93226DCBB->056ae293-26b5-4d67-bc5d-e905a6760a80: receive RaftClientReply:client-B2F93226DCBB->056ae293-26b5-4d67-bc5d-e905a6760a80@group-50E32BB97A46, cid=3458, SUCCESS, logIndex=5229, commits[056ae293-26b5-4d67-bc5d-e905a6760a80:c5229, a428730f-9893-43cb-a585-e65a7e8859c8:c5227, 994b73f6-7725-4304-b3a4-4941318c1d6c:c5227]
2019-07-08 19:53:41,627 INFO  client.GrpcClientProtocolClient (GrpcClientProtocolClient.java:onNext(255)) - client-B2F93226DCBB->056ae293-26b5-4d67-bc5d-e905a6760a80: receive RaftClientReply:client-B2F93226DCBB->056ae293-26b5-4d67-bc5d-e905a6760a80@group-50E32BB97A46, cid=3459, SUCCESS, logIndex=5232, commits[056ae293-26b5-4d67-bc5d-e905a6760a80:c5233, a428730f-9893-43cb-a585-e65a7e8859c8:c5229, 994b73f6-7725-4304-b3a4-4941318c1d6c:c5231]
2019-07-08 19:53:41,627 INFO  client.GrpcClientProtocolClient (GrpcClientProtocolClient.java:onNext(255)) - client-B2F93226DCBB->056ae293-26b5-4d67-bc5d-e905a6760a80: receive RaftClientReply:client-B2F93226DCBB->056ae293-26b5-4d67-bc5d-e905a6760a80@group-50E32BB97A46, cid=3460, SUCCESS, logIndex=5233, commits[056ae293-26b5-4d67-bc5d-e905a6760a80:c5233, a428730f-9893-43cb-a585-e65a7e8859c8:c5229, 994b73f6-7725-4304-b3a4-4941318c1d6c:c5231]
2019-07-08 19:53:41,632 INFO  client.GrpcClientProtocolClient (GrpcClientProtocolClient.java:onNext(255)) - client-B2F93226DCBB->056ae293-26b5-4d67-bc5d-e905a6760a80: receive RaftClientReply:client-B2F93226DCBB->056ae293-26b5-4d67-bc5d-e905a6760a80@group-50E32BB97A46, cid=3461, SUCCESS, logIndex=0, commits[056ae293-26b5-4d67-bc5d-e905a6760a80:c5234, a428730f-9893-43cb-a585-e65a7e8859c8:c5233, 994b73f6-7725-4304-b3a4-4941318c1d6c:c5233]
2019-07-08 19:53:41,665 INFO  client.GrpcClientProtocolClient (GrpcClientProtocolClient.java:onNext(255)) - client-B2F93226DCBB->056ae293-26b5-4d67-bc5d-e905a6760a80: receive RaftClientReply:client-B2F93226DCBB->056ae293-26b5-4d67-bc5d-e905a6760a80@group-50E32BB97A46, cid=3462, SUCCESS, logIndex=5236, commits[056ae293-26b5-4d67-bc5d-e905a6760a80:c5239, a428730f-9893-43cb-a585-e65a7e8859c8:c5235, 994b73f6-7725-4304-b3a4-4941318c1d6c:c5233]
2019-07-08 19:53:41,666 INFO  client.GrpcClientProtocolClient (GrpcClientProtocolClient.java:onNext(255)) - client-B2F93226DCBB->056ae293-26b5-4d67-bc5d-e905a6760a80: receive RaftClientReply:client-B2F93226DCBB->056ae293-26b5-4d67-bc5d-e905a6760a80@group-50E32BB97A46, cid=3463, SUCCESS, logIndex=5237, commits[056ae293-26b5-4d67-bc5d-e905a6760a80:c5239, a428730f-9893-43cb-a585-e65a7e8859c8:c5235, 994b73f6-7725-4304-b3a4-4941318c1d6c:c5235]
2019-07-08 19:53:41,666 INFO  client.GrpcClientProtocolClient (GrpcClientProtocolClient.java:onNext(255)) - client-B2F93226DCBB->056ae293-26b5-4d67-bc5d-e905a6760a80: receive RaftClientReply:client-B2F93226DCBB->056ae293-26b5-4d67-bc5d-e905a6760a80@group-50E32BB97A46, cid=3464, SUCCESS, logIndex=5238, commits[056ae293-26b5-4d67-bc5d-e905a6760a80:c5239, a428730f-9893-43cb-a585-e65a7e8859c8:c5235, 994b73f6-7725-4304-b3a4-4941318c1d6c:c5235]
2019-07-08 19:53:41,666 INFO  client.GrpcClientProtocolClient (GrpcClientProtocolClient.java:onNext(255)) - client-B2F93226DCBB->056ae293-26b5-4d67-bc5d-e905a6760a80: receive RaftClientReply:client-B2F93226DCBB->056ae293-26b5-4d67-bc5d-e905a6760a80@group-50E32BB97A46, cid=3465, SUCCESS, logIndex=5239, commits[056ae293-26b5-4d67-bc5d-e905a6760a80:c5239, a428730f-9893-43cb-a585-e65a7e8859c8:c5235, 994b73f6-7725-4304-b3a4-4941318c1d6c:c5235]
2019-07-08 19:53:41,680 INFO  client.GrpcClientProtocolClient (GrpcClientProtocolClient.java:onNext(255)) - client-B2F93226DCBB->056ae293-26b5-4d67-bc5d-e905a6760a80: receive RaftClientReply:client-B2F93226DCBB->056ae293-26b5-4d67-bc5d-e905a6760a80@group-50E32BB97A46, cid=3466, SUCCESS, logIndex=0, commits[056ae293-26b5-4d67-bc5d-e905a6760a80:c5243, a428730f-9893-43cb-a585-e65a7e8859c8:c5237, 994b73f6-7725-4304-b3a4-4941318c1d6c:c5239]
2019-07-08 19:53:41,707 INFO  client.GrpcClientProtocolClient (GrpcClientProtocolClient.java:onNext(255)) - client-B2F93226DCBB->056ae293-26b5-4d67-bc5d-e905a6760a80: receive RaftClientReply:client-B2F93226DCBB->056ae293-26b5-4d67-bc5d-e905a6760a80@group-50E32BB97A46, cid=3467, SUCCESS, logIndex=5244, commits[056ae293-26b5-4d67-bc5d-e905a6760a80:c5245, a428730f-9893-43cb-a585-e65a7e8859c8:c5243, 994b73f6-7725-4304-b3a4-4941318c1d6c:c5243]
2019-07-08 19:53:41,707 INFO  client.GrpcClientProtocolClient (GrpcClientProtocolClient.java:onNext(255)) - client-B2F93226DCBB->056ae293-26b5-4d67-bc5d-e905a6760a80: receive RaftClientReply:client-B2F93226DCBB->056ae293-26b5-4d67-bc5d-e905a6760a80@group-50E32BB97A46, cid=3468, SUCCESS, logIndex=5245, commits[056ae293-26b5-4d67-bc5d-e905a6760a80:c5245, a428730f-9893-43cb-a585-e65a7e8859c8:c5243, 994b73f6-7725-4304-b3a4-4941318c1d6c:c5243]
2019-07-08 19:53:41,722 INFO  client.GrpcClientProtocolClient (GrpcClientProtocolClient.java:onNext(255)) - client-B2F93226DCBB->056ae293-26b5-4d67-bc5d-e905a6760a80: receive RaftClientReply:client-B2F93226DCBB->056ae293-26b5-4d67-bc5d-e905a6760a80@group-50E32BB97A46, cid=3469, SUCCESS, logIndex=5248, commits[056ae293-26b5-4d67-bc5d-e905a6760a80:c5248, a428730f-9893-43cb-a585-e65a7e8859c8:c5245, 994b73f6-7725-4304-b3a4-4941318c1d6c:c5245]
2019-07-08 19:53:41,722 INFO  client.GrpcClientProtocolClient (GrpcClientProtocolClient.java:onNext(255)) - client-B2F93226DCBB->056ae293-26b5-4d67-bc5d-e905a6760a80: receive RaftClientReply:client-B2F93226DCBB->056ae293-26b5-4d67-bc5d-e905a6760a80@group-50E32BB97A46, cid=3470, SUCCESS, logIndex=5249, commits[056ae293-26b5-4d67-bc5d-e905a6760a80:c5249, a428730f-9893-43cb-a585-e65a7e8859c8:c5245, 994b73f6-7725-4304-b3a4-4941318c1d6c:c5245]
2019-07-08 19:53:41,735 INFO  client.GrpcClientProtocolClient (GrpcClientProtocolClient.java:onNext(255)) - client-B2F93226DCBB->056ae293-26b5-4d67-bc5d-e905a6760a80: receive RaftClientReply:client-B2F93226DCBB->056ae293-26b5-4d67-bc5d-e905a6760a80@group-50E32BB97A46, cid=3471, SUCCESS, logIndex=0, commits[056ae293-26b5-4d67-bc5d-e905a6760a80:c5251, a428730f-9893-43cb-a585-e65a7e8859c8:c5249, 994b73f6-7725-4304-b3a4-4941318c1d6c:c5249]
2019-07-08 19:53:41,763 INFO  client.GrpcClientProtocolClient (GrpcClientProtocolClient.java:onNext(255)) - client-B2F93226DCBB->056ae293-26b5-4d67-bc5d-e905a6760a80: receive RaftClientReply:client-B2F93226DCBB->056ae293-26b5-4d67-bc5d-e905a6760a80@group-50E32BB97A46, cid=3472, SUCCESS, logIndex=5252, commits[056ae293-26b5-4d67-bc5d-e905a6760a80:c5253, a428730f-9893-43cb-a585-e65a7e8859c8:c5251, 994b73f6-7725-4304-b3a4-4941318c1d6c:c5251]
2019-07-08 19:53:41,763 INFO  client.GrpcClientProtocolClient (GrpcClientProtocolClient.java:onNext(255)) - client-B2F93226DCBB->056ae293-26b5-4d67-bc5d-e905a6760a80: receive RaftClientReply:client-B2F93226DCBB->056ae293-26b5-4d67-bc5d-e905a6760a80@group-50E32BB97A46, cid=3473, SUCCESS, logIndex=5253, commits[056ae293-26b5-4d67-bc5d-e905a6760a80:c5253, a428730f-9893-43cb-a585-e65a7e8859c8:c5251, 994b73f6-7725-4304-b3a4-4941318c1d6c:c5251]
2019-07-08 19:53:41,773 INFO  client.GrpcClientProtocolClient (GrpcClientProtocolClient.java:onNext(255)) - client-B2F93226DCBB->056ae293-26b5-4d67-bc5d-e905a6760a80: receive RaftClientReply:client-B2F93226DCBB->056ae293-26b5-4d67-bc5d-e905a6760a80@group-50E32BB97A46, cid=3474, SUCCESS, logIndex=5254, commits[056ae293-26b5-4d67-bc5d-e905a6760a80:c5255, a428730f-9893-43cb-a585-e65a7e8859c8:c5251, 994b73f6-7725-4304-b3a4-4941318c1d6c:c5251]
2019-07-08 19:53:41,774 INFO  client.GrpcClientProtocolClient (GrpcClientProtocolClient.java:onNext(255)) - client-B2F93226DCBB->056ae293-26b5-4d67-bc5d-e905a6760a80: receive RaftClientReply:client-B2F93226DCBB->056ae293-26b5-4d67-bc5d-e905a6760a80@group-50E32BB97A46, cid=3475, SUCCESS, logIndex=5255, commits[056ae293-26b5-4d67-bc5d-e905a6760a80:c5255, a428730f-9893-43cb-a585-e65a7e8859c8:c5251, 994b73f6-7725-4304-b3a4-4941318c1d6c:c5251]
2019-07-08 19:53:41,775 INFO  client.GrpcClientProtocolClient (GrpcClientProtocolClient.java:onNext(255)) - client-B2F93226DCBB->056ae293-26b5-4d67-bc5d-e905a6760a80: receive RaftClientReply:client-B2F93226DCBB->056ae293-26b5-4d67-bc5d-e905a6760a80@group-50E32BB97A46, cid=3476, SUCCESS, logIndex=0, commits[056ae293-26b5-4d67-bc5d-e905a6760a80:c5257, a428730f-9893-43cb-a585-e65a7e8859c8:c5253, 994b73f6-7725-4304-b3a4-4941318c1d6c:c5253]
2019-07-08 19:53:41,918 INFO  client.GrpcClientProtocolClient (GrpcClientProtocolClient.java:onNext(255)) - client-B2F93226DCBB->056ae293-26b5-4d67-bc5d-e905a6760a80: receive RaftClientReply:client-B2F93226DCBB->056ae293-26b5-4d67-bc5d-e905a6760a80@group-50E32BB97A46, cid=3477, SUCCESS, logIndex=5260, commits[056ae293-26b5-4d67-bc5d-e905a6760a80:c5261, a428730f-9893-43cb-a585-e65a7e8859c8:c5259, 994b73f6-7725-4304-b3a4-4941318c1d6c:c5259]
2019-07-08 19:53:41,919 INFO  client.GrpcClientProtocolClient (GrpcClientProtocolClient.java:onNext(255)) - client-B2F93226DCBB->056ae293-26b5-4d67-bc5d-e905a6760a80: receive RaftClientReply:client-B2F93226DCBB->056ae293-26b5-4d67-bc5d-e905a6760a80@group-50E32BB97A46, cid=3478, SUCCESS, logIndex=5261, commits[056ae293-26b5-4d67-bc5d-e905a6760a80:c5261, a428730f-9893-43cb-a585-e65a7e8859c8:c5259, 994b73f6-7725-4304-b3a4-4941318c1d6c:c5259]
2019-07-08 19:53:41,955 INFO  client.GrpcClientProtocolClient (GrpcClientProtocolClient.java:onNext(255)) - client-B2F93226DCBB->056ae293-26b5-4d67-bc5d-e905a6760a80: receive RaftClientReply:client-B2F93226DCBB->056ae293-26b5-4d67-bc5d-e905a6760a80@group-50E32BB97A46, cid=3479, SUCCESS, logIndex=5264, commits[056ae293-26b5-4d67-bc5d-e905a6760a80:c5265, a428730f-9893-43cb-a585-e65a7e8859c8:c5261, 994b73f6-7725-4304-b3a4-4941318c1d6c:c5261]
2019-07-08 19:53:41,955 INFO  client.GrpcClientProtocolClient (GrpcClientProtocolClient.java:onNext(255)) - client-B2F93226DCBB->056ae293-26b5-4d67-bc5d-e905a6760a80: receive RaftClientReply:client-B2F93226DCBB->056ae293-26b5-4d67-bc5d-e905a6760a80@group-50E32BB97A46, cid=3480, SUCCESS, logIndex=5265, commits[056ae293-26b5-4d67-bc5d-e905a6760a80:c5265, a428730f-9893-43cb-a585-e65a7e8859c8:c5261, 994b73f6-7725-4304-b3a4-4941318c1d6c:c5261]
2019-07-08 19:53:41,981 INFO  client.GrpcClientProtocolClient (GrpcClientProtocolClient.java:onNext(255)) - client-B2F93226DCBB->056ae293-26b5-4d67-bc5d-e905a6760a80: receive RaftClientReply:client-B2F93226DCBB->056ae293-26b5-4d67-bc5d-e905a6760a80@group-50E32BB97A46, cid=3481, SUCCESS, logIndex=0, commits[056ae293-26b5-4d67-bc5d-e905a6760a80:c5266, a428730f-9893-43cb-a585-e65a7e8859c8:c5265, 994b73f6-7725-4304-b3a4-4941318c1d6c:c5265]
2019-07-08 19:53:42,014 INFO  client.GrpcClientProtocolClient (GrpcClientProtocolClient.java:onNext(255)) - client-B2F93226DCBB->056ae293-26b5-4d67-bc5d-e905a6760a80: receive RaftClientReply:client-B2F93226DCBB->056ae293-26b5-4d67-bc5d-e905a6760a80@group-50E32BB97A46, cid=3482, SUCCESS, logIndex=5268, commits[056ae293-26b5-4d67-bc5d-e905a6760a80:c5268, a428730f-9893-43cb-a585-e65a7e8859c8:c5267, 994b73f6-7725-4304-b3a4-4941318c1d6c:c5267]
2019-07-08 19:53:42,014 INFO  client.GrpcClientProtocolClient (GrpcClientProtocolClient.java:onNext(255)) - client-B2F93226DCBB->056ae293-26b5-4d67-bc5d-e905a6760a80: receive RaftClientReply:client-B2F93226DCBB->056ae293-26b5-4d67-bc5d-e905a6760a80@group-50E32BB97A46, cid=3483, SUCCESS, logIndex=5269, commits[056ae293-26b5-4d67-bc5d-e905a6760a80:c5271, a428730f-9893-43cb-a585-e65a7e8859c8:c5267, 994b73f6-7725-4304-b3a4-4941318c1d6c:c5267]
2019-07-08 19:53:42,015 INFO  client.GrpcClientProtocolClient (GrpcClientProtocolClient.java:onNext(255)) - client-B2F93226DCBB->056ae293-26b5-4d67-bc5d-e905a6760a80: receive RaftClientReply:client-B2F93226DCBB->056ae293-26b5-4d67-bc5d-e905a6760a80@group-50E32BB97A46, cid=3484, SUCCESS, logIndex=5270, commits[056ae293-26b5-4d67-bc5d-e905a6760a80:c5271, a428730f-9893-43cb-a585-e65a7e8859c8:c5267, 994b73f6-7725-4304-b3a4-4941318c1d6c:c5267]
2019-07-08 19:53:42,015 INFO  client.GrpcClientProtocolClient (GrpcClientProtocolClient.java:onNext(255)) - client-B2F93226DCBB->056ae293-26b5-4d67-bc5d-e905a6760a80: receive RaftClientReply:client-B2F93226DCBB->056ae293-26b5-4d67-bc5d-e905a6760a80@group-50E32BB97A46, cid=3485, SUCCESS, logIndex=5271, commits[056ae293-26b5-4d67-bc5d-e905a6760a80:c5271, a428730f-9893-43cb-a585-e65a7e8859c8:c5267, 994b73f6-7725-4304-b3a4-4941318c1d6c:c5267]
2019-07-08 19:53:42,036 INFO  client.GrpcClientProtocolClient (GrpcClientProtocolClient.java:onNext(255)) - client-B2F93226DCBB->056ae293-26b5-4d67-bc5d-e905a6760a80: receive RaftClientReply:client-B2F93226DCBB->056ae293-26b5-4d67-bc5d-e905a6760a80@group-50E32BB97A46, cid=3486, SUCCESS, logIndex=0, commits[056ae293-26b5-4d67-bc5d-e905a6760a80:c5273, a428730f-9893-43cb-a585-e65a7e8859c8:c5271, 994b73f6-7725-4304-b3a4-4941318c1d6c:c5271]
2019-07-08 19:53:42,059 INFO  client.GrpcClientProtocolClient (GrpcClientProtocolClient.java:onNext(255)) - client-B2F93226DCBB->056ae293-26b5-4d67-bc5d-e905a6760a80: receive RaftClientReply:client-B2F93226DCBB->056ae293-26b5-4d67-bc5d-e905a6760a80@group-50E32BB97A46, cid=3487, SUCCESS, logIndex=5274, commits[056ae293-26b5-4d67-bc5d-e905a6760a80:c5275, a428730f-9893-43cb-a585-e65a7e8859c8:c5273, 994b73f6-7725-4304-b3a4-4941318c1d6c:c5273]
2019-07-08 19:53:42,060 INFO  client.GrpcClientProtocolClient (GrpcClientProtocolClient.java:onNext(255)) - client-B2F93226DCBB->056ae293-26b5-4d67-bc5d-e905a6760a80: receive RaftClientReply:client-B2F93226DCBB->056ae293-26b5-4d67-bc5d-e905a6760a80@group-50E32BB97A46, cid=3488, SUCCESS, logIndex=5275, commits[056ae293-26b5-4d67-bc5d-e905a6760a80:c5275, a428730f-9893-43cb-a585-e65a7e8859c8:c5273, 994b73f6-7725-4304-b3a4-4941318c1d6c:c5273]
2019-07-08 19:53:42,084 INFO  client.GrpcClientProtocolClient (GrpcClientProtocolClient.java:onNext(255)) - client-B2F93226DCBB->056ae293-26b5-4d67-bc5d-e905a6760a80: receive RaftClientReply:client-B2F93226DCBB->056ae293-26b5-4d67-bc5d-e905a6760a80@group-50E32BB97A46, cid=3489, SUCCESS, logIndex=5278, commits[056ae293-26b5-4d67-bc5d-e905a6760a80:c5279, a428730f-9893-43cb-a585-e65a7e8859c8:c5275, 994b73f6-7725-4304-b3a4-4941318c1d6c:c5275]
2019-07-08 19:53:42,085 INFO  client.GrpcClientProtocolClient (GrpcClientProtocolClient.java:onNext(255)) - client-B2F93226DCBB->056ae293-26b5-4d67-bc5d-e905a6760a80: receive RaftClientReply:client-B2F93226DCBB->056ae293-26b5-4d67-bc5d-e905a6760a80@group-50E32BB97A46, cid=3490, SUCCESS, logIndex=5279, commits[056ae293-26b5-4d67-bc5d-e905a6760a80:c5279, a428730f-9893-43cb-a585-e65a7e8859c8:c5275, 994b73f6-7725-4304-b3a4-4941318c1d6c:c5275]
2019-07-08 19:53:42,110 INFO  client.GrpcClientProtocolClient (GrpcClientProtocolClient.java:onNext(255)) - client-B2F93226DCBB->056ae293-26b5-4d67-bc5d-e905a6760a80: receive RaftClientReply:client-B2F93226DCBB->056ae293-26b5-4d67-bc5d-e905a6760a80@group-50E32BB97A46, cid=3491, SUCCESS, logIndex=0, commits[056ae293-26b5-4d67-bc5d-e905a6760a80:c5281, a428730f-9893-43cb-a585-e65a7e8859c8:c5279, 994b73f6-7725-4304-b3a4-4941318c1d6c:c5279]
2019-07-08 19:53:42,146 INFO  client.GrpcClientProtocolClient (GrpcClientProtocolClient.java:onNext(255)) - client-B2F93226DCBB->056ae293-26b5-4d67-bc5d-e905a6760a80: receive RaftClientReply:client-B2F93226DCBB->056ae293-26b5-4d67-bc5d-e905a6760a80@group-50E32BB97A46, cid=3492, SUCCESS, logIndex=5282, commits[056ae293-26b5-4d67-bc5d-e905a6760a80:c5283, a428730f-9893-43cb-a585-e65a7e8859c8:c5281, 994b73f6-7725-4304-b3a4-4941318c1d6c:c5281]
2019-07-08 19:53:42,147 INFO  client.GrpcClientProtocolClient (GrpcClientProtocolClient.java:onNext(255)) - client-B2F93226DCBB->056ae293-26b5-4d67-bc5d-e905a6760a80: receive RaftClientReply:client-B2F93226DCBB->056ae293-26b5-4d67-bc5d-e905a6760a80@group-50E32BB97A46, cid=3493, SUCCESS, logIndex=5283, commits[056ae293-26b5-4d67-bc5d-e905a6760a80:c5283, a428730f-9893-43cb-a585-e65a7e8859c8:c5281, 994b73f6-7725-4304-b3a4-4941318c1d6c:c5281]
2019-07-08 19:53:42,159 INFO  client.GrpcClientProtocolClient (GrpcClientProtocolClient.java:onNext(255)) - client-B2F93226DCBB->056ae293-26b5-4d67-bc5d-e905a6760a80: receive RaftClientReply:client-B2F93226DCBB->056ae293-26b5-4d67-bc5d-e905a6760a80@group-50E32BB97A46, cid=3494, SUCCESS, logIndex=5284, commits[056ae293-26b5-4d67-bc5d-e905a6760a80:c5285, a428730f-9893-43cb-a585-e65a7e8859c8:c5281, 994b73f6-7725-4304-b3a4-4941318c1d6c:c5281]
2019-07-08 19:53:42,159 INFO  client.GrpcClientProtocolClient (GrpcClientProtocolClient.java:onNext(255)) - client-B2F93226DCBB->056ae293-26b5-4d67-bc5d-e905a6760a80: receive RaftClientReply:client-B2F93226DCBB->056ae293-26b5-4d67-bc5d-e905a6760a80@group-50E32BB97A46, cid=3495, SUCCESS, logIndex=5285, commits[056ae293-26b5-4d67-bc5d-e905a6760a80:c5285, a428730f-9893-43cb-a585-e65a7e8859c8:c5281, 994b73f6-7725-4304-b3a4-4941318c1d6c:c5281]
2019-07-08 19:53:42,162 INFO  client.GrpcClientProtocolClient (GrpcClientProtocolClient.java:onNext(255)) - client-B2F93226DCBB->056ae293-26b5-4d67-bc5d-e905a6760a80: receive RaftClientReply:client-B2F93226DCBB->056ae293-26b5-4d67-bc5d-e905a6760a80@group-50E32BB97A46, cid=3496, SUCCESS, logIndex=0, commits[056ae293-26b5-4d67-bc5d-e905a6760a80:c5287, a428730f-9893-43cb-a585-e65a7e8859c8:c5283, 994b73f6-7725-4304-b3a4-4941318c1d6c:c5283]
2019-07-08 19:53:42,186 INFO  client.GrpcClientProtocolClient (GrpcClientProtocolClient.java:onNext(255)) - client-B2F93226DCBB->056ae293-26b5-4d67-bc5d-e905a6760a80: receive RaftClientReply:client-B2F93226DCBB->056ae293-26b5-4d67-bc5d-e905a6760a80@group-50E32BB97A46, cid=3497, SUCCESS, logIndex=5290, commits[056ae293-26b5-4d67-bc5d-e905a6760a80:c5291, a428730f-9893-43cb-a585-e65a7e8859c8:c5289, 994b73f6-7725-4304-b3a4-4941318c1d6c:c5289]
2019-07-08 19:53:42,187 INFO  client.GrpcClientProtocolClient (GrpcClientProtocolClient.java:onNext(255)) - client-B2F93226DCBB->056ae293-26b5-4d67-bc5d-e905a6760a80: receive RaftClientReply:client-B2F93226DCBB->056ae293-26b5-4d67-bc5d-e905a6760a80@group-50E32BB97A46, cid=3498, SUCCESS, logIndex=5291, commits[056ae293-26b5-4d67-bc5d-e905a6760a80:c5291, a428730f-9893-43cb-a585-e65a7e8859c8:c5289, 994b73f6-7725-4304-b3a4-4941318c1d6c:c5289]
2019-07-08 19:53:42,201 INFO  client.GrpcClientProtocolClient (GrpcClientProtocolClient.java:onNext(255)) - client-B2F93226DCBB->056ae293-26b5-4d67-bc5d-e905a6760a80: receive RaftClientReply:client-B2F93226DCBB->056ae293-26b5-4d67-bc5d-e905a6760a80@group-50E32BB97A46, cid=3499, SUCCESS, logIndex=5294, commits[056ae293-26b5-4d67-bc5d-e905a6760a80:c5294, a428730f-9893-43cb-a585-e65a7e8859c8:c5291, 994b73f6-7725-4304-b3a4-4941318c1d6c:c5291]
2019-07-08 19:53:42,201 INFO  client.GrpcClientProtocolClient (GrpcClientProtocolClient.java:onNext(255)) - client-B2F93226DCBB->056ae293-26b5-4d67-bc5d-e905a6760a80: receive RaftClientReply:client-B2F93226DCBB->056ae293-26b5-4d67-bc5d-e905a6760a80@group-50E32BB97A46, cid=3500, SUCCESS, logIndex=5295, commits[056ae293-26b5-4d67-bc5d-e905a6760a80:c5295, a428730f-9893-43cb-a585-e65a7e8859c8:c5291, 994b73f6-7725-4304-b3a4-4941318c1d6c:c5291]
2019-07-08 19:53:42,226 INFO  client.GrpcClientProtocolClient (GrpcClientProtocolClient.java:onNext(255)) - client-B2F93226DCBB->056ae293-26b5-4d67-bc5d-e905a6760a80: receive RaftClientReply:client-B2F93226DCBB->056ae293-26b5-4d67-bc5d-e905a6760a80@group-50E32BB97A46, cid=3501, SUCCESS, logIndex=0, commits[056ae293-26b5-4d67-bc5d-e905a6760a80:c5297, a428730f-9893-43cb-a585-e65a7e8859c8:c5295, 994b73f6-7725-4304-b3a4-4941318c1d6c:c5295]
2019-07-08 19:53:42,255 INFO  client.GrpcClientProtocolClient (GrpcClientProtocolClient.java:onNext(255)) - client-B2F93226DCBB->056ae293-26b5-4d67-bc5d-e905a6760a80: receive RaftClientReply:client-B2F93226DCBB->056ae293-26b5-4d67-bc5d-e905a6760a80@group-50E32BB97A46, cid=3502, SUCCESS, logIndex=5298, commits[056ae293-26b5-4d67-bc5d-e905a6760a80:c5299, a428730f-9893-43cb-a585-e65a7e8859c8:c5297, 994b73f6-7725-4304-b3a4-4941318c1d6c:c5297]
2019-07-08 19:53:42,256 INFO  client.GrpcClientProtocolClient (GrpcClientProtocolClient.java:onNext(255)) - client-B2F93226DCBB->056ae293-26b5-4d67-bc5d-e905a6760a80: receive RaftClientReply:client-B2F93226DCBB->056ae293-26b5-4d67-bc5d-e905a6760a80@group-50E32BB97A46, cid=3503, SUCCESS, logIndex=5299, commits[056ae293-26b5-4d67-bc5d-e905a6760a80:c5301, a428730f-9893-43cb-a585-e65a7e8859c8:c5297, 994b73f6-7725-4304-b3a4-4941318c1d6c:c5297]
2019-07-08 19:53:42,256 INFO  client.GrpcClientProtocolClient (GrpcClientProtocolClient.java:onNext(255)) - client-B2F93226DCBB->056ae293-26b5-4d67-bc5d-e905a6760a80: receive RaftClientReply:client-B2F93226DCBB->056ae293-26b5-4d67-bc5d-e905a6760a80@group-50E32BB97A46, cid=3504, SUCCESS, logIndex=5300, commits[056ae293-26b5-4d67-bc5d-e905a6760a80:c5301, a428730f-9893-43cb-a585-e65a7e8859c8:c5297, 994b73f6-7725-4304-b3a4-4941318c1d6c:c5297]
2019-07-08 19:53:42,256 INFO  client.GrpcClientProtocolClient (GrpcClientProtocolClient.java:onNext(255)) - client-B2F93226DCBB->056ae293-26b5-4d67-bc5d-e905a6760a80: receive RaftClientReply:client-B2F93226DCBB->056ae293-26b5-4d67-bc5d-e905a6760a80@group-50E32BB97A46, cid=3505, SUCCESS, logIndex=5301, commits[056ae293-26b5-4d67-bc5d-e905a6760a80:c5301, a428730f-9893-43cb-a585-e65a7e8859c8:c5297, 994b73f6-7725-4304-b3a4-4941318c1d6c:c5297]
2019-07-08 19:53:42,268 INFO  client.GrpcClientProtocolClient (GrpcClientProtocolClient.java:onNext(255)) - client-B2F93226DCBB->056ae293-26b5-4d67-bc5d-e905a6760a80: receive RaftClientReply:client-B2F93226DCBB->056ae293-26b5-4d67-bc5d-e905a6760a80@group-50E32BB97A46, cid=3506, SUCCESS, logIndex=0, commits[056ae293-26b5-4d67-bc5d-e905a6760a80:c5303, a428730f-9893-43cb-a585-e65a7e8859c8:c5299, 994b73f6-7725-4304-b3a4-4941318c1d6c:c5299]
2019-07-08 19:53:42,288 INFO  client.GrpcClientProtocolClient (GrpcClientProtocolClient.java:onNext(255)) - client-B2F93226DCBB->056ae293-26b5-4d67-bc5d-e905a6760a80: receive RaftClientReply:client-B2F93226DCBB->056ae293-26b5-4d67-bc5d-e905a6760a80@group-50E32BB97A46, cid=3507, SUCCESS, logIndex=5306, commits[056ae293-26b5-4d67-bc5d-e905a6760a80:c5307, a428730f-9893-43cb-a585-e65a7e8859c8:c5305, 994b73f6-7725-4304-b3a4-4941318c1d6c:c5305]
2019-07-08 19:53:42,289 INFO  client.GrpcClientProtocolClient (GrpcClientProtocolClient.java:onNext(255)) - client-B2F93226DCBB->056ae293-26b5-4d67-bc5d-e905a6760a80: receive RaftClientReply:client-B2F93226DCBB->056ae293-26b5-4d67-bc5d-e905a6760a80@group-50E32BB97A46, cid=3508, SUCCESS, logIndex=5307, commits[056ae293-26b5-4d67-bc5d-e905a6760a80:c5307, a428730f-9893-43cb-a585-e65a7e8859c8:c5305, 994b73f6-7725-4304-b3a4-4941318c1d6c:c5305]
2019-07-08 19:53:42,314 INFO  client.GrpcClientProtocolClient (GrpcClientProtocolClient.java:onNext(255)) - client-B2F93226DCBB->056ae293-26b5-4d67-bc5d-e905a6760a80: receive RaftClientReply:client-B2F93226DCBB->056ae293-26b5-4d67-bc5d-e905a6760a80@group-50E32BB97A46, cid=3509, SUCCESS, logIndex=5310, commits[056ae293-26b5-4d67-bc5d-e905a6760a80:c5310, a428730f-9893-43cb-a585-e65a7e8859c8:c5307, 994b73f6-7725-4304-b3a4-4941318c1d6c:c5307]
2019-07-08 19:53:42,315 INFO  client.GrpcClientProtocolClient (GrpcClientProtocolClient.java:onNext(255)) - client-B2F93226DCBB->056ae293-26b5-4d67-bc5d-e905a6760a80: receive RaftClientReply:client-B2F93226DCBB->056ae293-26b5-4d67-bc5d-e905a6760a80@group-50E32BB97A46, cid=3510, SUCCESS, logIndex=5311, commits[056ae293-26b5-4d67-bc5d-e905a6760a80:c5311, a428730f-9893-43cb-a585-e65a7e8859c8:c5307, 994b73f6-7725-4304-b3a4-4941318c1d6c:c5307]
2019-07-08 19:53:42,340 INFO  client.GrpcClientProtocolClient (GrpcClientProtocolClient.java:onNext(255)) - client-B2F93226DCBB->056ae293-26b5-4d67-bc5d-e905a6760a80: receive RaftClientReply:client-B2F93226DCBB->056ae293-26b5-4d67-bc5d-e905a6760a80@group-50E32BB97A46, cid=3511, SUCCESS, logIndex=0, commits[056ae293-26b5-4d67-bc5d-e905a6760a80:c5313, a428730f-9893-43cb-a585-e65a7e8859c8:c5311, 994b73f6-7725-4304-b3a4-4941318c1d6c:c5311]
2019-07-08 19:53:42,372 INFO  client.GrpcClientProtocolClient (GrpcClientProtocolClient.java:onNext(255)) - client-B2F93226DCBB->056ae293-26b5-4d67-bc5d-e905a6760a80: receive RaftClientReply:client-B2F93226DCBB->056ae293-26b5-4d67-bc5d-e905a6760a80@group-50E32BB97A46, cid=3512, SUCCESS, logIndex=5314, commits[056ae293-26b5-4d67-bc5d-e905a6760a80:c5315, a428730f-9893-43cb-a585-e65a7e8859c8:c5313, 994b73f6-7725-4304-b3a4-4941318c1d6c:c5313]
2019-07-08 19:53:42,373 INFO  client.GrpcClientProtocolClient (GrpcClientProtocolClient.java:onNext(255)) - client-B2F93226DCBB->056ae293-26b5-4d67-bc5d-e905a6760a80: receive RaftClientReply:client-B2F93226DCBB->056ae293-26b5-4d67-bc5d-e905a6760a80@group-50E32BB97A46, cid=3513, SUCCESS, logIndex=5315, commits[056ae293-26b5-4d67-bc5d-e905a6760a80:c5315, a428730f-9893-43cb-a585-e65a7e8859c8:c5313, 994b73f6-7725-4304-b3a4-4941318c1d6c:c5313]
2019-07-08 19:53:42,384 INFO  client.GrpcClientProtocolClient (GrpcClientProtocolClient.java:onNext(255)) - client-B2F93226DCBB->056ae293-26b5-4d67-bc5d-e905a6760a80: receive RaftClientReply:client-B2F93226DCBB->056ae293-26b5-4d67-bc5d-e905a6760a80@group-50E32BB97A46, cid=3514, SUCCESS, logIndex=5316, commits[056ae293-26b5-4d67-bc5d-e905a6760a80:c5317, a428730f-9893-43cb-a585-e65a7e8859c8:c5313, 994b73f6-7725-4304-b3a4-4941318c1d6c:c5313]
2019-07-08 19:53:42,384 INFO  client.GrpcClientProtocolClient (GrpcClientProtocolClient.java:onNext(255)) - client-B2F93226DCBB->056ae293-26b5-4d67-bc5d-e905a6760a80: receive RaftClientReply:client-B2F93226DCBB->056ae293-26b5-4d67-bc5d-e905a6760a80@group-50E32BB97A46, cid=3515, SUCCESS, logIndex=5317, commits[056ae293-26b5-4d67-bc5d-e905a6760a80:c5317, a428730f-9893-43cb-a585-e65a7e8859c8:c5313, 994b73f6-7725-4304-b3a4-4941318c1d6c:c5313]
2019-07-08 19:53:42,386 INFO  client.GrpcClientProtocolClient (GrpcClientProtocolClient.java:onNext(255)) - client-B2F93226DCBB->056ae293-26b5-4d67-bc5d-e905a6760a80: receive RaftClientReply:client-B2F93226DCBB->056ae293-26b5-4d67-bc5d-e905a6760a80@group-50E32BB97A46, cid=3516, SUCCESS, logIndex=0, commits[056ae293-26b5-4d67-bc5d-e905a6760a80:c5319, a428730f-9893-43cb-a585-e65a7e8859c8:c5315, 994b73f6-7725-4304-b3a4-4941318c1d6c:c5315]
2019-07-08 19:53:42,403 INFO  client.GrpcClientProtocolClient (GrpcClientProtocolClient.java:onNext(255)) - client-B2F93226DCBB->056ae293-26b5-4d67-bc5d-e905a6760a80: receive RaftClientReply:client-B2F93226DCBB->056ae293-26b5-4d67-bc5d-e905a6760a80@group-50E32BB97A46, cid=3517, SUCCESS, logIndex=5322, commits[056ae293-26b5-4d67-bc5d-e905a6760a80:c5323, a428730f-9893-43cb-a585-e65a7e8859c8:c5319, 994b73f6-7725-4304-b3a4-4941318c1d6c:c5317]
2019-07-08 19:53:42,403 INFO  client.GrpcClientProtocolClient (GrpcClientProtocolClient.java:onNext(255)) - client-B2F93226DCBB->056ae293-26b5-4d67-bc5d-e905a6760a80: receive RaftClientReply:client-B2F93226DCBB->056ae293-26b5-4d67-bc5d-e905a6760a80@group-50E32BB97A46, cid=3518, SUCCESS, logIndex=5323, commits[056ae293-26b5-4d67-bc5d-e905a6760a80:c5323, a428730f-9893-43cb-a585-e65a7e8859c8:c5319, 994b73f6-7725-4304-b3a4-4941318c1d6c:c5319]
2019-07-08 19:53:42,436 INFO  client.GrpcClientProtocolClient (GrpcClientProtocolClient.java:onNext(255)) - client-B2F93226DCBB->056ae293-26b5-4d67-bc5d-e905a6760a80: receive RaftClientReply:client-B2F93226DCBB->056ae293-26b5-4d67-bc5d-e905a6760a80@group-50E32BB97A46, cid=3519, SUCCESS, logIndex=5325, commits[056ae293-26b5-4d67-bc5d-e905a6760a80:c5326, a428730f-9893-43cb-a585-e65a7e8859c8:c5324, 994b73f6-7725-4304-b3a4-4941318c1d6c:c5324]
2019-07-08 19:53:42,437 INFO  client.GrpcClientProtocolClient (GrpcClientProtocolClient.java:onNext(255)) - client-B2F93226DCBB->056ae293-26b5-4d67-bc5d-e905a6760a80: receive RaftClientReply:client-B2F93226DCBB->056ae293-26b5-4d67-bc5d-e905a6760a80@group-50E32BB97A46, cid=3520, SUCCESS, logIndex=5326, commits[056ae293-26b5-4d67-bc5d-e905a6760a80:c5326, a428730f-9893-43cb-a585-e65a7e8859c8:c5324, 994b73f6-7725-4304-b3a4-4941318c1d6c:c5324]
2019-07-08 19:53:42,449 INFO  client.GrpcClientProtocolClient (GrpcClientProtocolClient.java:onNext(255)) - client-B2F93226DCBB->056ae293-26b5-4d67-bc5d-e905a6760a80: receive RaftClientReply:client-B2F93226DCBB->056ae293-26b5-4d67-bc5d-e905a6760a80@group-50E32BB97A46, cid=3521, SUCCESS, logIndex=0, commits[056ae293-26b5-4d67-bc5d-e905a6760a80:c5327, a428730f-9893-43cb-a585-e65a7e8859c8:c5326, 994b73f6-7725-4304-b3a4-4941318c1d6c:c5326]
2019-07-08 19:53:42,484 INFO  client.GrpcClientProtocolClient (GrpcClientProtocolClient.java:onNext(255)) - client-B2F93226DCBB->056ae293-26b5-4d67-bc5d-e905a6760a80: receive RaftClientReply:client-B2F93226DCBB->056ae293-26b5-4d67-bc5d-e905a6760a80@group-50E32BB97A46, cid=3522, SUCCESS, logIndex=5329, commits[056ae293-26b5-4d67-bc5d-e905a6760a80:c5330, a428730f-9893-43cb-a585-e65a7e8859c8:c5328, 994b73f6-7725-4304-b3a4-4941318c1d6c:c5328]
2019-07-08 19:53:42,485 INFO  client.GrpcClientProtocolClient (GrpcClientProtocolClient.java:onNext(255)) - client-B2F93226DCBB->056ae293-26b5-4d67-bc5d-e905a6760a80: receive RaftClientReply:client-B2F93226DCBB->056ae293-26b5-4d67-bc5d-e905a6760a80@group-50E32BB97A46, cid=3523, SUCCESS, logIndex=5330, commits[056ae293-26b5-4d67-bc5d-e905a6760a80:c5332, a428730f-9893-43cb-a585-e65a7e8859c8:c5328, 994b73f6-7725-4304-b3a4-4941318c1d6c:c5328]
2019-07-08 19:53:42,485 INFO  client.GrpcClientProtocolClient (GrpcClientProtocolClient.java:onNext(255)) - client-B2F93226DCBB->056ae293-26b5-4d67-bc5d-e905a6760a80: receive RaftClientReply:client-B2F93226DCBB->056ae293-26b5-4d67-bc5d-e905a6760a80@group-50E32BB97A46, cid=3524, SUCCESS, logIndex=5331, commits[056ae293-26b5-4d67-bc5d-e905a6760a80:c5332, a428730f-9893-43cb-a585-e65a7e8859c8:c5328, 994b73f6-7725-4304-b3a4-4941318c1d6c:c5328]
 0.00% |█                                                                                                    |  0/1 Time: 0:00:382019-07-08 19:53:42,485 INFO  client.GrpcClientProtocolClient (GrpcClientProtocolClient.java:onNext(255)) - client-B2F93226DCBB->056ae293-26b5-4d67-bc5d-e905a6760a80: receive RaftClientReply:client-B2F93226DCBB->056ae293-26b5-4d67-bc5d-e905a6760a80@group-50E32BB97A46, cid=3525, SUCCESS, logIndex=5332, commits[056ae293-26b5-4d67-bc5d-e905a6760a80:c5332, a428730f-9893-43cb-a585-e65a7e8859c8:c5328, 994b73f6-7725-4304-b3a4-4941318c1d6c:c5328]
2019-07-08 19:53:42,500 INFO  client.GrpcClientProtocolClient (GrpcClientProtocolClient.java:onNext(255)) - client-B2F93226DCBB->056ae293-26b5-4d67-bc5d-e905a6760a80: receive RaftClientReply:client-B2F93226DCBB->056ae293-26b5-4d67-bc5d-e905a6760a80@group-50E32BB97A46, cid=3526, SUCCESS, logIndex=0, commits[056ae293-26b5-4d67-bc5d-e905a6760a80:c5333, a428730f-9893-43cb-a585-e65a7e8859c8:c5330, 994b73f6-7725-4304-b3a4-4941318c1d6c:c5330]
2019-07-08 19:53:42,509 INFO  segmented.SegmentedRaftLogWorker (SegmentedRaftLogWorker.java:rollLogSegment(385)) - 056ae293-26b5-4d67-bc5d-e905a6760a80-SegmentedRaftLogWorker:Storage Directory /tmp/workdir/hadoop-ozone/tools/target/test-dir/MiniOzoneClusterImpl-c29f5db6-3421-4c59-904f-6e48c5946789/datanode-0/data/ratis/0baa84d1-2e36-479e-b34a-50e32bb97a46: Rolling segment log-0_5337 to index:5337
2019-07-08 19:53:42,513 INFO  segmented.SegmentedRaftLogWorker (SegmentedRaftLogWorker.java:rollLogSegment(385)) - a428730f-9893-43cb-a585-e65a7e8859c8-SegmentedRaftLogWorker:Storage Directory /tmp/workdir/hadoop-ozone/tools/target/test-dir/MiniOzoneClusterImpl-c29f5db6-3421-4c59-904f-6e48c5946789/datanode-4/data/ratis/0baa84d1-2e36-479e-b34a-50e32bb97a46: Rolling segment log-0_5337 to index:5337
2019-07-08 19:53:42,513 INFO  segmented.SegmentedRaftLogWorker (SegmentedRaftLogWorker.java:rollLogSegment(385)) - 994b73f6-7725-4304-b3a4-4941318c1d6c-SegmentedRaftLogWorker:Storage Directory /tmp/workdir/hadoop-ozone/tools/target/test-dir/MiniOzoneClusterImpl-c29f5db6-3421-4c59-904f-6e48c5946789/datanode-3/data/ratis/0baa84d1-2e36-479e-b34a-50e32bb97a46: Rolling segment log-0_5337 to index:5337
2019-07-08 19:53:42,513 INFO  segmented.SegmentedRaftLogWorker (SegmentedRaftLogWorker.java:execute(526)) - 056ae293-26b5-4d67-bc5d-e905a6760a80-SegmentedRaftLogWorker:Storage Directory /tmp/workdir/hadoop-ozone/tools/target/test-dir/MiniOzoneClusterImpl-c29f5db6-3421-4c59-904f-6e48c5946789/datanode-0/data/ratis/0baa84d1-2e36-479e-b34a-50e32bb97a46: Rolled log segment from /tmp/workdir/hadoop-ozone/tools/target/test-dir/MiniOzoneClusterImpl-c29f5db6-3421-4c59-904f-6e48c5946789/datanode-0/data/ratis/0baa84d1-2e36-479e-b34a-50e32bb97a46/current/log_inprogress_0 to /tmp/workdir/hadoop-ozone/tools/target/test-dir/MiniOzoneClusterImpl-c29f5db6-3421-4c59-904f-6e48c5946789/datanode-0/data/ratis/0baa84d1-2e36-479e-b34a-50e32bb97a46/current/log_0-5337
2019-07-08 19:53:42,523 INFO  segmented.SegmentedRaftLogWorker (SegmentedRaftLogWorker.java:execute(526)) - 994b73f6-7725-4304-b3a4-4941318c1d6c-SegmentedRaftLogWorker:Storage Directory /tmp/workdir/hadoop-ozone/tools/target/test-dir/MiniOzoneClusterImpl-c29f5db6-3421-4c59-904f-6e48c5946789/datanode-3/data/ratis/0baa84d1-2e36-479e-b34a-50e32bb97a46: Rolled log segment from /tmp/workdir/hadoop-ozone/tools/target/test-dir/MiniOzoneClusterImpl-c29f5db6-3421-4c59-904f-6e48c5946789/datanode-3/data/ratis/0baa84d1-2e36-479e-b34a-50e32bb97a46/current/log_inprogress_0 to /tmp/workdir/hadoop-ozone/tools/target/test-dir/MiniOzoneClusterImpl-c29f5db6-3421-4c59-904f-6e48c5946789/datanode-3/data/ratis/0baa84d1-2e36-479e-b34a-50e32bb97a46/current/log_0-5337
2019-07-08 19:53:42,524 INFO  segmented.SegmentedRaftLogWorker (SegmentedRaftLogWorker.java:execute(526)) - a428730f-9893-43cb-a585-e65a7e8859c8-SegmentedRaftLogWorker:Storage Directory /tmp/workdir/hadoop-ozone/tools/target/test-dir/MiniOzoneClusterImpl-c29f5db6-3421-4c59-904f-6e48c5946789/datanode-4/data/ratis/0baa84d1-2e36-479e-b34a-50e32bb97a46: Rolled log segment from /tmp/workdir/hadoop-ozone/tools/target/test-dir/MiniOzoneClusterImpl-c29f5db6-3421-4c59-904f-6e48c5946789/datanode-4/data/ratis/0baa84d1-2e36-479e-b34a-50e32bb97a46/current/log_inprogress_0 to /tmp/workdir/hadoop-ozone/tools/target/test-dir/MiniOzoneClusterImpl-c29f5db6-3421-4c59-904f-6e48c5946789/datanode-4/data/ratis/0baa84d1-2e36-479e-b34a-50e32bb97a46/current/log_0-5337
2019-07-08 19:53:42,547 INFO  client.GrpcClientProtocolClient (GrpcClientProtocolClient.java:onNext(255)) - client-B2F93226DCBB->056ae293-26b5-4d67-bc5d-e905a6760a80: receive RaftClientReply:client-B2F93226DCBB->056ae293-26b5-4d67-bc5d-e905a6760a80@group-50E32BB97A46, cid=3527, SUCCESS, logIndex=5337, commits[056ae293-26b5-4d67-bc5d-e905a6760a80:c5337, a428730f-9893-43cb-a585-e65a7e8859c8:c5334, 994b73f6-7725-4304-b3a4-4941318c1d6c:c5334]
2019-07-08 19:53:42,570 INFO  segmented.SegmentedRaftLogWorker (SegmentedRaftLogWorker.java:execute(569)) - 994b73f6-7725-4304-b3a4-4941318c1d6c-SegmentedRaftLogWorker:Storage Directory /tmp/workdir/hadoop-ozone/tools/target/test-dir/MiniOzoneClusterImpl-c29f5db6-3421-4c59-904f-6e48c5946789/datanode-3/data/ratis/0baa84d1-2e36-479e-b34a-50e32bb97a46: created new log segment /tmp/workdir/hadoop-ozone/tools/target/test-dir/MiniOzoneClusterImpl-c29f5db6-3421-4c59-904f-6e48c5946789/datanode-3/data/ratis/0baa84d1-2e36-479e-b34a-50e32bb97a46/current/log_inprogress_5338
2019-07-08 19:53:42,572 INFO  segmented.SegmentedRaftLogWorker (SegmentedRaftLogWorker.java:execute(569)) - a428730f-9893-43cb-a585-e65a7e8859c8-SegmentedRaftLogWorker:Storage Directory /tmp/workdir/hadoop-ozone/tools/target/test-dir/MiniOzoneClusterImpl-c29f5db6-3421-4c59-904f-6e48c5946789/datanode-4/data/ratis/0baa84d1-2e36-479e-b34a-50e32bb97a46: created new log segment /tmp/workdir/hadoop-ozone/tools/target/test-dir/MiniOzoneClusterImpl-c29f5db6-3421-4c59-904f-6e48c5946789/datanode-4/data/ratis/0baa84d1-2e36-479e-b34a-50e32bb97a46/current/log_inprogress_5338
2019-07-08 19:53:42,570 INFO  segmented.SegmentedRaftLogWorker (SegmentedRaftLogWorker.java:execute(569)) - 056ae293-26b5-4d67-bc5d-e905a6760a80-SegmentedRaftLogWorker:Storage Directory /tmp/workdir/hadoop-ozone/tools/target/test-dir/MiniOzoneClusterImpl-c29f5db6-3421-4c59-904f-6e48c5946789/datanode-0/data/ratis/0baa84d1-2e36-479e-b34a-50e32bb97a46: created new log segment /tmp/workdir/hadoop-ozone/tools/target/test-dir/MiniOzoneClusterImpl-c29f5db6-3421-4c59-904f-6e48c5946789/datanode-0/data/ratis/0baa84d1-2e36-479e-b34a-50e32bb97a46/current/log_inprogress_5338
2019-07-08 19:53:42,587 INFO  client.GrpcClientProtocolClient (GrpcClientProtocolClient.java:onNext(255)) - client-B2F93226DCBB->056ae293-26b5-4d67-bc5d-e905a6760a80: receive RaftClientReply:client-B2F93226DCBB->056ae293-26b5-4d67-bc5d-e905a6760a80@group-50E32BB97A46, cid=3528, SUCCESS, logIndex=5338, commits[056ae293-26b5-4d67-bc5d-e905a6760a80:c5339, a428730f-9893-43cb-a585-e65a7e8859c8:c5334, 994b73f6-7725-4304-b3a4-4941318c1d6c:c5337]
2019-07-08 19:53:42,613 INFO  client.GrpcClientProtocolClient (GrpcClientProtocolClient.java:onNext(255)) - client-B2F93226DCBB->056ae293-26b5-4d67-bc5d-e905a6760a80: receive RaftClientReply:client-B2F93226DCBB->056ae293-26b5-4d67-bc5d-e905a6760a80@group-50E32BB97A46, cid=3529, SUCCESS, logIndex=5340, commits[056ae293-26b5-4d67-bc5d-e905a6760a80:c5341, a428730f-9893-43cb-a585-e65a7e8859c8:c5339, 994b73f6-7725-4304-b3a4-4941318c1d6c:c5339]
2019-07-08 19:53:42,615 INFO  client.GrpcClientProtocolClient (GrpcClientProtocolClient.java:onNext(255)) - client-B2F93226DCBB->056ae293-26b5-4d67-bc5d-e905a6760a80: receive RaftClientReply:client-B2F93226DCBB->056ae293-26b5-4d67-bc5d-e905a6760a80@group-50E32BB97A46, cid=3530, SUCCESS, logIndex=5341, commits[056ae293-26b5-4d67-bc5d-e905a6760a80:c5341, a428730f-9893-43cb-a585-e65a7e8859c8:c5339, 994b73f6-7725-4304-b3a4-4941318c1d6c:c5339]
2019-07-08 19:53:42,626 INFO  client.GrpcClientProtocolClient (GrpcClientProtocolClient.java:onNext(255)) - client-B2F93226DCBB->056ae293-26b5-4d67-bc5d-e905a6760a80: receive RaftClientReply:client-B2F93226DCBB->056ae293-26b5-4d67-bc5d-e905a6760a80@group-50E32BB97A46, cid=3531, SUCCESS, logIndex=0, commits[056ae293-26b5-4d67-bc5d-e905a6760a80:c5342, a428730f-9893-43cb-a585-e65a7e8859c8:c5341, 994b73f6-7725-4304-b3a4-4941318c1d6c:c5341]
2019-07-08 19:53:42,676 INFO  client.GrpcClientProtocolClient (GrpcClientProtocolClient.java:onNext(255)) - client-B2F93226DCBB->056ae293-26b5-4d67-bc5d-e905a6760a80: receive RaftClientReply:client-B2F93226DCBB->056ae293-26b5-4d67-bc5d-e905a6760a80@group-50E32BB97A46, cid=3532, SUCCESS, logIndex=5344, commits[056ae293-26b5-4d67-bc5d-e905a6760a80:c5345, a428730f-9893-43cb-a585-e65a7e8859c8:c5343, 994b73f6-7725-4304-b3a4-4941318c1d6c:c5343]
2019-07-08 19:53:42,677 INFO  client.GrpcClientProtocolClient (GrpcClientProtocolClient.java:onNext(255)) - client-B2F93226DCBB->056ae293-26b5-4d67-bc5d-e905a6760a80: receive RaftClientReply:client-B2F93226DCBB->056ae293-26b5-4d67-bc5d-e905a6760a80@group-50E32BB97A46, cid=3533, SUCCESS, logIndex=5345, commits[056ae293-26b5-4d67-bc5d-e905a6760a80:c5345, a428730f-9893-43cb-a585-e65a7e8859c8:c5343, 994b73f6-7725-4304-b3a4-4941318c1d6c:c5343]
2019-07-08 19:53:42,677 INFO  client.GrpcClientProtocolClient (GrpcClientProtocolClient.java:onNext(255)) - client-B2F93226DCBB->056ae293-26b5-4d67-bc5d-e905a6760a80: receive RaftClientReply:client-B2F93226DCBB->056ae293-26b5-4d67-bc5d-e905a6760a80@group-50E32BB97A46, cid=3534, SUCCESS, logIndex=5346, commits[056ae293-26b5-4d67-bc5d-e905a6760a80:c5347, a428730f-9893-43cb-a585-e65a7e8859c8:c5343, 994b73f6-7725-4304-b3a4-4941318c1d6c:c5343]
2019-07-08 19:53:42,678 INFO  client.GrpcClientProtocolClient (GrpcClientProtocolClient.java:onNext(255)) - client-B2F93226DCBB->056ae293-26b5-4d67-bc5d-e905a6760a80: receive RaftClientReply:client-B2F93226DCBB->056ae293-26b5-4d67-bc5d-e905a6760a80@group-50E32BB97A46, cid=3535, SUCCESS, logIndex=5347, commits[056ae293-26b5-4d67-bc5d-e905a6760a80:c5347, a428730f-9893-43cb-a585-e65a7e8859c8:c5343, 994b73f6-7725-4304-b3a4-4941318c1d6c:c5343]
2019-07-08 19:53:42,691 INFO  client.GrpcClientProtocolClient (GrpcClientProtocolClient.java:onNext(255)) - client-B2F93226DCBB->056ae293-26b5-4d67-bc5d-e905a6760a80: receive RaftClientReply:client-B2F93226DCBB->056ae293-26b5-4d67-bc5d-e905a6760a80@group-50E32BB97A46, cid=3536, SUCCESS, logIndex=0, commits[056ae293-26b5-4d67-bc5d-e905a6760a80:c5349, a428730f-9893-43cb-a585-e65a7e8859c8:c5345, 994b73f6-7725-4304-b3a4-4941318c1d6c:c5345]
2019-07-08 19:53:42,713 INFO  client.GrpcClientProtocolClient (GrpcClientProtocolClient.java:onNext(255)) - client-B2F93226DCBB->056ae293-26b5-4d67-bc5d-e905a6760a80: receive RaftClientReply:client-B2F93226DCBB->056ae293-26b5-4d67-bc5d-e905a6760a80@group-50E32BB97A46, cid=3537, SUCCESS, logIndex=5352, commits[056ae293-26b5-4d67-bc5d-e905a6760a80:c5353, a428730f-9893-43cb-a585-e65a7e8859c8:c5351, 994b73f6-7725-4304-b3a4-4941318c1d6c:c5351]
2019-07-08 19:53:42,713 INFO  client.GrpcClientProtocolClient (GrpcClientProtocolClient.java:onNext(255)) - client-B2F93226DCBB->056ae293-26b5-4d67-bc5d-e905a6760a80: receive RaftClientReply:client-B2F93226DCBB->056ae293-26b5-4d67-bc5d-e905a6760a80@group-50E32BB97A46, cid=3538, SUCCESS, logIndex=5353, commits[056ae293-26b5-4d67-bc5d-e905a6760a80:c5353, a428730f-9893-43cb-a585-e65a7e8859c8:c5351, 994b73f6-7725-4304-b3a4-4941318c1d6c:c5351]
2019-07-08 19:53:42,738 INFO  client.GrpcClientProtocolClient (GrpcClientProtocolClient.java:onNext(255)) - client-B2F93226DCBB->056ae293-26b5-4d67-bc5d-e905a6760a80: receive RaftClientReply:client-B2F93226DCBB->056ae293-26b5-4d67-bc5d-e905a6760a80@group-50E32BB97A46, cid=3539, SUCCESS, logIndex=5356, commits[056ae293-26b5-4d67-bc5d-e905a6760a80:c5357, a428730f-9893-43cb-a585-e65a7e8859c8:c5353, 994b73f6-7725-4304-b3a4-4941318c1d6c:c5353]
2019-07-08 19:53:42,739 INFO  client.GrpcClientProtocolClient (GrpcClientProtocolClient.java:onNext(255)) - client-B2F93226DCBB->056ae293-26b5-4d67-bc5d-e905a6760a80: receive RaftClientReply:client-B2F93226DCBB->056ae293-26b5-4d67-bc5d-e905a6760a80@group-50E32BB97A46, cid=3540, SUCCESS, logIndex=5357, commits[056ae293-26b5-4d67-bc5d-e905a6760a80:c5357, a428730f-9893-43cb-a585-e65a7e8859c8:c5353, 994b73f6-7725-4304-b3a4-4941318c1d6c:c5353]
2019-07-08 19:53:42,752 INFO  client.GrpcClientProtocolClient (GrpcClientProtocolClient.java:onNext(255)) - client-B2F93226DCBB->056ae293-26b5-4d67-bc5d-e905a6760a80: receive RaftClientReply:client-B2F93226DCBB->056ae293-26b5-4d67-bc5d-e905a6760a80@group-50E32BB97A46, cid=3541, SUCCESS, logIndex=0, commits[056ae293-26b5-4d67-bc5d-e905a6760a80:c5359, a428730f-9893-43cb-a585-e65a7e8859c8:c5357, 994b73f6-7725-4304-b3a4-4941318c1d6c:c5357]
2019-07-08 19:53:42,791 INFO  client.GrpcClientProtocolClient (GrpcClientProtocolClient.java:onNext(255)) - client-B2F93226DCBB->056ae293-26b5-4d67-bc5d-e905a6760a80: receive RaftClientReply:client-B2F93226DCBB->056ae293-26b5-4d67-bc5d-e905a6760a80@group-50E32BB97A46, cid=3542, SUCCESS, logIndex=5360, commits[056ae293-26b5-4d67-bc5d-e905a6760a80:c5360, a428730f-9893-43cb-a585-e65a7e8859c8:c5359, 994b73f6-7725-4304-b3a4-4941318c1d6c:c5359]
2019-07-08 19:53:42,792 INFO  client.GrpcClientProtocolClient (GrpcClientProtocolClient.java:onNext(255)) - client-B2F93226DCBB->056ae293-26b5-4d67-bc5d-e905a6760a80: receive RaftClientReply:client-B2F93226DCBB->056ae293-26b5-4d67-bc5d-e905a6760a80@group-50E32BB97A46, cid=3543, SUCCESS, logIndex=5361, commits[056ae293-26b5-4d67-bc5d-e905a6760a80:c5363, a428730f-9893-43cb-a585-e65a7e8859c8:c5359, 994b73f6-7725-4304-b3a4-4941318c1d6c:c5359]
2019-07-08 19:53:42,792 INFO  client.GrpcClientProtocolClient (GrpcClientProtocolClient.java:onNext(255)) - client-B2F93226DCBB->056ae293-26b5-4d67-bc5d-e905a6760a80: receive RaftClientReply:client-B2F93226DCBB->056ae293-26b5-4d67-bc5d-e905a6760a80@group-50E32BB97A46, cid=3544, SUCCESS, logIndex=5362, commits[056ae293-26b5-4d67-bc5d-e905a6760a80:c5363, a428730f-9893-43cb-a585-e65a7e8859c8:c5359, 994b73f6-7725-4304-b3a4-4941318c1d6c:c5359]
2019-07-08 19:53:42,793 INFO  client.GrpcClientProtocolClient (GrpcClientProtocolClient.java:onNext(255)) - client-B2F93226DCBB->056ae293-26b5-4d67-bc5d-e905a6760a80: receive RaftClientReply:client-B2F93226DCBB->056ae293-26b5-4d67-bc5d-e905a6760a80@group-50E32BB97A46, cid=3545, SUCCESS, logIndex=5363, commits[056ae293-26b5-4d67-bc5d-e905a6760a80:c5363, a428730f-9893-43cb-a585-e65a7e8859c8:c5359, 994b73f6-7725-4304-b3a4-4941318c1d6c:c5359]
2019-07-08 19:53:42,818 INFO  client.GrpcClientProtocolClient (GrpcClientProtocolClient.java:onNext(255)) - client-B2F93226DCBB->056ae293-26b5-4d67-bc5d-e905a6760a80: receive RaftClientReply:client-B2F93226DCBB->056ae293-26b5-4d67-bc5d-e905a6760a80@group-50E32BB97A46, cid=3546, SUCCESS, logIndex=0, commits[056ae293-26b5-4d67-bc5d-e905a6760a80:c5365, a428730f-9893-43cb-a585-e65a7e8859c8:c5362, 994b73f6-7725-4304-b3a4-4941318c1d6c:c5362]
2019-07-08 19:53:42,841 INFO  client.GrpcClientProtocolClient (GrpcClientProtocolClient.java:onNext(255)) - client-B2F93226DCBB->056ae293-26b5-4d67-bc5d-e905a6760a80: receive RaftClientReply:client-B2F93226DCBB->056ae293-26b5-4d67-bc5d-e905a6760a80@group-50E32BB97A46, cid=3547, SUCCESS, logIndex=5367, commits[056ae293-26b5-4d67-bc5d-e905a6760a80:c5368, a428730f-9893-43cb-a585-e65a7e8859c8:c5366, 994b73f6-7725-4304-b3a4-4941318c1d6c:c5366]
2019-07-08 19:53:42,841 INFO  client.GrpcClientProtocolClient (GrpcClientProtocolClient.java:onNext(255)) - client-B2F93226DCBB->056ae293-26b5-4d67-bc5d-e905a6760a80: receive RaftClientReply:client-B2F93226DCBB->056ae293-26b5-4d67-bc5d-e905a6760a80@group-50E32BB97A46, cid=3548, SUCCESS, logIndex=5368, commits[056ae293-26b5-4d67-bc5d-e905a6760a80:c5368, a428730f-9893-43cb-a585-e65a7e8859c8:c5366, 994b73f6-7725-4304-b3a4-4941318c1d6c:c5366]
2019-07-08 19:53:42,858 INFO  client.GrpcClientProtocolClient (GrpcClientProtocolClient.java:onNext(255)) - client-B2F93226DCBB->056ae293-26b5-4d67-bc5d-e905a6760a80: receive RaftClientReply:client-B2F93226DCBB->056ae293-26b5-4d67-bc5d-e905a6760a80@group-50E32BB97A46, cid=3549, SUCCESS, logIndex=5371, commits[056ae293-26b5-4d67-bc5d-e905a6760a80:c5372, a428730f-9893-43cb-a585-e65a7e8859c8:c5368, 994b73f6-7725-4304-b3a4-4941318c1d6c:c5368]
2019-07-08 19:53:42,859 INFO  client.GrpcClientProtocolClient (GrpcClientProtocolClient.java:onNext(255)) - client-B2F93226DCBB->056ae293-26b5-4d67-bc5d-e905a6760a80: receive RaftClientReply:client-B2F93226DCBB->056ae293-26b5-4d67-bc5d-e905a6760a80@group-50E32BB97A46, cid=3550, SUCCESS, logIndex=5372, commits[056ae293-26b5-4d67-bc5d-e905a6760a80:c5372, a428730f-9893-43cb-a585-e65a7e8859c8:c5368, 994b73f6-7725-4304-b3a4-4941318c1d6c:c5368]
2019-07-08 19:53:42,862 INFO  client.GrpcClientProtocolClient (GrpcClientProtocolClient.java:onNext(255)) - client-B2F93226DCBB->056ae293-26b5-4d67-bc5d-e905a6760a80: receive RaftClientReply:client-B2F93226DCBB->056ae293-26b5-4d67-bc5d-e905a6760a80@group-50E32BB97A46, cid=3551, SUCCESS, logIndex=0, commits[056ae293-26b5-4d67-bc5d-e905a6760a80:c5374, a428730f-9893-43cb-a585-e65a7e8859c8:c5372, 994b73f6-7725-4304-b3a4-4941318c1d6c:c5372]
2019-07-08 19:53:42,891 INFO  client.GrpcClientProtocolClient (GrpcClientProtocolClient.java:onNext(255)) - client-B2F93226DCBB->056ae293-26b5-4d67-bc5d-e905a6760a80: receive RaftClientReply:client-B2F93226DCBB->056ae293-26b5-4d67-bc5d-e905a6760a80@group-50E32BB97A46, cid=3552, SUCCESS, logIndex=5375, commits[056ae293-26b5-4d67-bc5d-e905a6760a80:c5376, a428730f-9893-43cb-a585-e65a7e8859c8:c5374, 994b73f6-7725-4304-b3a4-4941318c1d6c:c5374]
2019-07-08 19:53:42,892 INFO  client.GrpcClientProtocolClient (GrpcClientProtocolClient.java:onNext(255)) - client-B2F93226DCBB->056ae293-26b5-4d67-bc5d-e905a6760a80: receive RaftClientReply:client-B2F93226DCBB->056ae293-26b5-4d67-bc5d-e905a6760a80@group-50E32BB97A46, cid=3553, SUCCESS, logIndex=5376, commits[056ae293-26b5-4d67-bc5d-e905a6760a80:c5378, a428730f-9893-43cb-a585-e65a7e8859c8:c5374, 994b73f6-7725-4304-b3a4-4941318c1d6c:c5374]
2019-07-08 19:53:42,892 INFO  client.GrpcClientProtocolClient (GrpcClientProtocolClient.java:onNext(255)) - client-B2F93226DCBB->056ae293-26b5-4d67-bc5d-e905a6760a80: receive RaftClientReply:client-B2F93226DCBB->056ae293-26b5-4d67-bc5d-e905a6760a80@group-50E32BB97A46, cid=3554, SUCCESS, logIndex=5377, commits[056ae293-26b5-4d67-bc5d-e905a6760a80:c5378, a428730f-9893-43cb-a585-e65a7e8859c8:c5374, 994b73f6-7725-4304-b3a4-4941318c1d6c:c5374]
2019-07-08 19:53:42,892 INFO  client.GrpcClientProtocolClient (GrpcClientProtocolClient.java:onNext(255)) - client-B2F93226DCBB->056ae293-26b5-4d67-bc5d-e905a6760a80: receive RaftClientReply:client-B2F93226DCBB->056ae293-26b5-4d67-bc5d-e905a6760a80@group-50E32BB97A46, cid=3555, SUCCESS, logIndex=5378, commits[056ae293-26b5-4d67-bc5d-e905a6760a80:c5378, a428730f-9893-43cb-a585-e65a7e8859c8:c5374, 994b73f6-7725-4304-b3a4-4941318c1d6c:c5374]
2019-07-08 19:53:42,894 INFO  client.GrpcClientProtocolClient (GrpcClientProtocolClient.java:onNext(255)) - client-B2F93226DCBB->056ae293-26b5-4d67-bc5d-e905a6760a80: receive RaftClientReply:client-B2F93226DCBB->056ae293-26b5-4d67-bc5d-e905a6760a80@group-50E32BB97A46, cid=3556, SUCCESS, logIndex=0, commits[056ae293-26b5-4d67-bc5d-e905a6760a80:c5379, a428730f-9893-43cb-a585-e65a7e8859c8:c5376, 994b73f6-7725-4304-b3a4-4941318c1d6c:c5376]
2019-07-08 19:53:42,931 INFO  client.GrpcClientProtocolClient (GrpcClientProtocolClient.java:onNext(255)) - client-B2F93226DCBB->056ae293-26b5-4d67-bc5d-e905a6760a80: receive RaftClientReply:client-B2F93226DCBB->056ae293-26b5-4d67-bc5d-e905a6760a80@group-50E32BB97A46, cid=3557, SUCCESS, logIndex=5383, commits[056ae293-26b5-4d67-bc5d-e905a6760a80:c5384, a428730f-9893-43cb-a585-e65a7e8859c8:c5382, 994b73f6-7725-4304-b3a4-4941318c1d6c:c5382]
2019-07-08 19:53:42,931 INFO  client.GrpcClientProtocolClient (GrpcClientProtocolClient.java:onNext(255)) - client-B2F93226DCBB->056ae293-26b5-4d67-bc5d-e905a6760a80: receive RaftClientReply:client-B2F93226DCBB->056ae293-26b5-4d67-bc5d-e905a6760a80@group-50E32BB97A46, cid=3558, SUCCESS, logIndex=5384, commits[056ae293-26b5-4d67-bc5d-e905a6760a80:c5384, a428730f-9893-43cb-a585-e65a7e8859c8:c5382, 994b73f6-7725-4304-b3a4-4941318c1d6c:c5382]
2019-07-08 19:53:42,960 INFO  client.GrpcClientProtocolClient (GrpcClientProtocolClient.java:onNext(255)) - client-B2F93226DCBB->056ae293-26b5-4d67-bc5d-e905a6760a80: receive RaftClientReply:client-B2F93226DCBB->056ae293-26b5-4d67-bc5d-e905a6760a80@group-50E32BB97A46, cid=3559, SUCCESS, logIndex=5387, commits[056ae293-26b5-4d67-bc5d-e905a6760a80:c5388, a428730f-9893-43cb-a585-e65a7e8859c8:c5385, 994b73f6-7725-4304-b3a4-4941318c1d6c:c5384]
2019-07-08 19:53:42,960 INFO  client.GrpcClientProtocolClient (GrpcClientProtocolClient.java:onNext(255)) - client-B2F93226DCBB->056ae293-26b5-4d67-bc5d-e905a6760a80: receive RaftClientReply:client-B2F93226DCBB->056ae293-26b5-4d67-bc5d-e905a6760a80@group-50E32BB97A46, cid=3560, SUCCESS, logIndex=5388, commits[056ae293-26b5-4d67-bc5d-e905a6760a80:c5388, a428730f-9893-43cb-a585-e65a7e8859c8:c5385, 994b73f6-7725-4304-b3a4-4941318c1d6c:c5385]
2019-07-08 19:53:42,973 INFO  client.GrpcClientProtocolClient (GrpcClientProtocolClient.java:onNext(255)) - client-B2F93226DCBB->056ae293-26b5-4d67-bc5d-e905a6760a80: receive RaftClientReply:client-B2F93226DCBB->056ae293-26b5-4d67-bc5d-e905a6760a80@group-50E32BB97A46, cid=3561, SUCCESS, logIndex=0, commits[056ae293-26b5-4d67-bc5d-e905a6760a80:c5388, a428730f-9893-43cb-a585-e65a7e8859c8:c5388, 994b73f6-7725-4304-b3a4-4941318c1d6c:c5388]
2019-07-08 19:53:43,011 INFO  client.GrpcClientProtocolClient (GrpcClientProtocolClient.java:onNext(255)) - client-B2F93226DCBB->056ae293-26b5-4d67-bc5d-e905a6760a80: receive RaftClientReply:client-B2F93226DCBB->056ae293-26b5-4d67-bc5d-e905a6760a80@group-50E32BB97A46, cid=3562, SUCCESS, logIndex=5390, commits[056ae293-26b5-4d67-bc5d-e905a6760a80:c5392, a428730f-9893-43cb-a585-e65a7e8859c8:c5389, 994b73f6-7725-4304-b3a4-4941318c1d6c:c5389]
2019-07-08 19:53:43,012 INFO  client.GrpcClientProtocolClient (GrpcClientProtocolClient.java:onNext(255)) - client-B2F93226DCBB->056ae293-26b5-4d67-bc5d-e905a6760a80: receive RaftClientReply:client-B2F93226DCBB->056ae293-26b5-4d67-bc5d-e905a6760a80@group-50E32BB97A46, cid=3563, SUCCESS, logIndex=5391, commits[056ae293-26b5-4d67-bc5d-e905a6760a80:c5393, a428730f-9893-43cb-a585-e65a7e8859c8:c5389, 994b73f6-7725-4304-b3a4-4941318c1d6c:c5389]
2019-07-08 19:53:43,012 INFO  client.GrpcClientProtocolClient (GrpcClientProtocolClient.java:onNext(255)) - client-B2F93226DCBB->056ae293-26b5-4d67-bc5d-e905a6760a80: receive RaftClientReply:client-B2F93226DCBB->056ae293-26b5-4d67-bc5d-e905a6760a80@group-50E32BB97A46, cid=3564, SUCCESS, logIndex=5392, commits[056ae293-26b5-4d67-bc5d-e905a6760a80:c5393, a428730f-9893-43cb-a585-e65a7e8859c8:c5389, 994b73f6-7725-4304-b3a4-4941318c1d6c:c5389]
2019-07-08 19:53:43,012 INFO  client.GrpcClientProtocolClient (GrpcClientProtocolClient.java:onNext(255)) - client-B2F93226DCBB->056ae293-26b5-4d67-bc5d-e905a6760a80: receive RaftClientReply:client-B2F93226DCBB->056ae293-26b5-4d67-bc5d-e905a6760a80@group-50E32BB97A46, cid=3565, SUCCESS, logIndex=5393, commits[056ae293-26b5-4d67-bc5d-e905a6760a80:c5394, a428730f-9893-43cb-a585-e65a7e8859c8:c5390, 994b73f6-7725-4304-b3a4-4941318c1d6c:c5389]
2019-07-08 19:53:43,140 INFO  client.GrpcClientProtocolClient (GrpcClientProtocolClient.java:onNext(255)) - client-B2F93226DCBB->056ae293-26b5-4d67-bc5d-e905a6760a80: receive RaftClientReply:client-B2F93226DCBB->056ae293-26b5-4d67-bc5d-e905a6760a80@group-50E32BB97A46, cid=3566, SUCCESS, logIndex=0, commits[056ae293-26b5-4d67-bc5d-e905a6760a80:c5396, a428730f-9893-43cb-a585-e65a7e8859c8:c5392, 994b73f6-7725-4304-b3a4-4941318c1d6c:c5392]
2019-07-08 19:53:43,162 INFO  client.GrpcClientProtocolClient (GrpcClientProtocolClient.java:onNext(255)) - client-B2F93226DCBB->056ae293-26b5-4d67-bc5d-e905a6760a80: receive RaftClientReply:client-B2F93226DCBB->056ae293-26b5-4d67-bc5d-e905a6760a80@group-50E32BB97A46, cid=3567, SUCCESS, logIndex=5398, commits[056ae293-26b5-4d67-bc5d-e905a6760a80:c5399, a428730f-9893-43cb-a585-e65a7e8859c8:c5397, 994b73f6-7725-4304-b3a4-4941318c1d6c:c5397]
2019-07-08 19:53:43,162 INFO  client.GrpcClientProtocolClient (GrpcClientProtocolClient.java:onNext(255)) - client-B2F93226DCBB->056ae293-26b5-4d67-bc5d-e905a6760a80: receive RaftClientReply:client-B2F93226DCBB->056ae293-26b5-4d67-bc5d-e905a6760a80@group-50E32BB97A46, cid=3568, SUCCESS, logIndex=5399, commits[056ae293-26b5-4d67-bc5d-e905a6760a80:c5399, a428730f-9893-43cb-a585-e65a7e8859c8:c5397, 994b73f6-7725-4304-b3a4-4941318c1d6c:c5397]
2019-07-08 19:53:43,194 INFO  client.GrpcClientProtocolClient (GrpcClientProtocolClient.java:onNext(255)) - client-B2F93226DCBB->056ae293-26b5-4d67-bc5d-e905a6760a80: receive RaftClientReply:client-B2F93226DCBB->056ae293-26b5-4d67-bc5d-e905a6760a80@group-50E32BB97A46, cid=3569, SUCCESS, logIndex=5402, commits[056ae293-26b5-4d67-bc5d-e905a6760a80:c5403, a428730f-9893-43cb-a585-e65a7e8859c8:c5399, 994b73f6-7725-4304-b3a4-4941318c1d6c:c5399]
2019-07-08 19:53:43,194 INFO  client.GrpcClientProtocolClient (GrpcClientProtocolClient.java:onNext(255)) - client-B2F93226DCBB->056ae293-26b5-4d67-bc5d-e905a6760a80: receive RaftClientReply:client-B2F93226DCBB->056ae293-26b5-4d67-bc5d-e905a6760a80@group-50E32BB97A46, cid=3570, SUCCESS, logIndex=5403, commits[056ae293-26b5-4d67-bc5d-e905a6760a80:c5403, a428730f-9893-43cb-a585-e65a7e8859c8:c5399, 994b73f6-7725-4304-b3a4-4941318c1d6c:c5399]
2019-07-08 19:53:43,204 INFO  client.GrpcClientProtocolClient (GrpcClientProtocolClient.java:onNext(255)) - client-B2F93226DCBB->056ae293-26b5-4d67-bc5d-e905a6760a80: receive RaftClientReply:client-B2F93226DCBB->056ae293-26b5-4d67-bc5d-e905a6760a80@group-50E32BB97A46, cid=3571, SUCCESS, logIndex=0, commits[056ae293-26b5-4d67-bc5d-e905a6760a80:c5404, a428730f-9893-43cb-a585-e65a7e8859c8:c5403, 994b73f6-7725-4304-b3a4-4941318c1d6c:c5403]
2019-07-08 19:53:43,239 INFO  client.GrpcClientProtocolClient (GrpcClientProtocolClient.java:onNext(255)) - client-B2F93226DCBB->056ae293-26b5-4d67-bc5d-e905a6760a80: receive RaftClientReply:client-B2F93226DCBB->056ae293-26b5-4d67-bc5d-e905a6760a80@group-50E32BB97A46, cid=3572, SUCCESS, logIndex=5406, commits[056ae293-26b5-4d67-bc5d-e905a6760a80:c5407, a428730f-9893-43cb-a585-e65a7e8859c8:c5405, 994b73f6-7725-4304-b3a4-4941318c1d6c:c5405]
2019-07-08 19:53:43,240 INFO  client.GrpcClientProtocolClient (GrpcClientProtocolClient.java:onNext(255)) - client-B2F93226DCBB->056ae293-26b5-4d67-bc5d-e905a6760a80: receive RaftClientReply:client-B2F93226DCBB->056ae293-26b5-4d67-bc5d-e905a6760a80@group-50E32BB97A46, cid=3573, SUCCESS, logIndex=5407, commits[056ae293-26b5-4d67-bc5d-e905a6760a80:c5408, a428730f-9893-43cb-a585-e65a7e8859c8:c5405, 994b73f6-7725-4304-b3a4-4941318c1d6c:c5405]
2019-07-08 19:53:43,240 INFO  client.GrpcClientProtocolClient (GrpcClientProtocolClient.java:onNext(255)) - client-B2F93226DCBB->056ae293-26b5-4d67-bc5d-e905a6760a80: receive RaftClientReply:client-B2F93226DCBB->056ae293-26b5-4d67-bc5d-e905a6760a80@group-50E32BB97A46, cid=3574, SUCCESS, logIndex=5408, commits[056ae293-26b5-4d67-bc5d-e905a6760a80:c5409, a428730f-9893-43cb-a585-e65a7e8859c8:c5405, 994b73f6-7725-4304-b3a4-4941318c1d6c:c5405]
2019-07-08 19:53:43,240 INFO  client.GrpcClientProtocolClient (GrpcClientProtocolClient.java:onNext(255)) - client-B2F93226DCBB->056ae293-26b5-4d67-bc5d-e905a6760a80: receive RaftClientReply:client-B2F93226DCBB->056ae293-26b5-4d67-bc5d-e905a6760a80@group-50E32BB97A46, cid=3575, SUCCESS, logIndex=5409, commits[056ae293-26b5-4d67-bc5d-e905a6760a80:c5409, a428730f-9893-43cb-a585-e65a7e8859c8:c5405, 994b73f6-7725-4304-b3a4-4941318c1d6c:c5405]
2019-07-08 19:53:43,252 INFO  client.GrpcClientProtocolClient (GrpcClientProtocolClient.java:onNext(255)) - client-B2F93226DCBB->056ae293-26b5-4d67-bc5d-e905a6760a80: receive RaftClientReply:client-B2F93226DCBB->056ae293-26b5-4d67-bc5d-e905a6760a80@group-50E32BB97A46, cid=3576, SUCCESS, logIndex=0, commits[056ae293-26b5-4d67-bc5d-e905a6760a80:c5411, a428730f-9893-43cb-a585-e65a7e8859c8:c5407, 994b73f6-7725-4304-b3a4-4941318c1d6c:c5407]
2019-07-08 19:53:43,274 INFO  client.GrpcClientProtocolClient (GrpcClientProtocolClient.java:onNext(255)) - client-B2F93226DCBB->056ae293-26b5-4d67-bc5d-e905a6760a80: receive RaftClientReply:client-B2F93226DCBB->056ae293-26b5-4d67-bc5d-e905a6760a80@group-50E32BB97A46, cid=3577, SUCCESS, logIndex=5414, commits[056ae293-26b5-4d67-bc5d-e905a6760a80:c5415, a428730f-9893-43cb-a585-e65a7e8859c8:c5409, 994b73f6-7725-4304-b3a4-4941318c1d6c:c5413]
2019-07-08 19:53:43,274 INFO  client.GrpcClientProtocolClient (GrpcClientProtocolClient.java:onNext(255)) - client-B2F93226DCBB->056ae293-26b5-4d67-bc5d-e905a6760a80: receive RaftClientReply:client-B2F93226DCBB->056ae293-26b5-4d67-bc5d-e905a6760a80@group-50E32BB97A46, cid=3578, SUCCESS, logIndex=5415, commits[056ae293-26b5-4d67-bc5d-e905a6760a80:c5415, a428730f-9893-43cb-a585-e65a7e8859c8:c5413, 994b73f6-7725-4304-b3a4-4941318c1d6c:c5413]
2019-07-08 19:53:43,303 INFO  client.GrpcClientProtocolClient (GrpcClientProtocolClient.java:onNext(255)) - client-B2F93226DCBB->056ae293-26b5-4d67-bc5d-e905a6760a80: receive RaftClientReply:client-B2F93226DCBB->056ae293-26b5-4d67-bc5d-e905a6760a80@group-50E32BB97A46, cid=3579, SUCCESS, logIndex=5418, commits[056ae293-26b5-4d67-bc5d-e905a6760a80:c5419, a428730f-9893-43cb-a585-e65a7e8859c8:c5415, 994b73f6-7725-4304-b3a4-4941318c1d6c:c5415]
2019-07-08 19:53:43,303 INFO  client.GrpcClientProtocolClient (GrpcClientProtocolClient.java:onNext(255)) - client-B2F93226DCBB->056ae293-26b5-4d67-bc5d-e905a6760a80: receive RaftClientReply:client-B2F93226DCBB->056ae293-26b5-4d67-bc5d-e905a6760a80@group-50E32BB97A46, cid=3580, SUCCESS, logIndex=5419, commits[056ae293-26b5-4d67-bc5d-e905a6760a80:c5419, a428730f-9893-43cb-a585-e65a7e8859c8:c5415, 994b73f6-7725-4304-b3a4-4941318c1d6c:c5415]
2019-07-08 19:53:43,330 INFO  client.GrpcClientProtocolClient (GrpcClientProtocolClient.java:onNext(255)) - client-B2F93226DCBB->056ae293-26b5-4d67-bc5d-e905a6760a80: receive RaftClientReply:client-B2F93226DCBB->056ae293-26b5-4d67-bc5d-e905a6760a80@group-50E32BB97A46, cid=3581, SUCCESS, logIndex=0, commits[056ae293-26b5-4d67-bc5d-e905a6760a80:c5421, a428730f-9893-43cb-a585-e65a7e8859c8:c5419, 994b73f6-7725-4304-b3a4-4941318c1d6c:c5419]
2019-07-08 19:53:43,365 INFO  client.GrpcClientProtocolClient (GrpcClientProtocolClient.java:onNext(255)) - client-B2F93226DCBB->056ae293-26b5-4d67-bc5d-e905a6760a80: receive RaftClientReply:client-B2F93226DCBB->056ae293-26b5-4d67-bc5d-e905a6760a80@group-50E32BB97A46, cid=3582, SUCCESS, logIndex=5422, commits[056ae293-26b5-4d67-bc5d-e905a6760a80:c5423, a428730f-9893-43cb-a585-e65a7e8859c8:c5421, 994b73f6-7725-4304-b3a4-4941318c1d6c:c5421]
2019-07-08 19:53:43,366 INFO  client.GrpcClientProtocolClient (GrpcClientProtocolClient.java:onNext(255)) - client-B2F93226DCBB->056ae293-26b5-4d67-bc5d-e905a6760a80: receive RaftClientReply:client-B2F93226DCBB->056ae293-26b5-4d67-bc5d-e905a6760a80@group-50E32BB97A46, cid=3583, SUCCESS, logIndex=5423, commits[056ae293-26b5-4d67-bc5d-e905a6760a80:c5423, a428730f-9893-43cb-a585-e65a7e8859c8:c5421, 994b73f6-7725-4304-b3a4-4941318c1d6c:c5421]
2019-07-08 19:53:43,378 INFO  client.GrpcClientProtocolClient (GrpcClientProtocolClient.java:onNext(255)) - client-B2F93226DCBB->056ae293-26b5-4d67-bc5d-e905a6760a80: receive RaftClientReply:client-B2F93226DCBB->056ae293-26b5-4d67-bc5d-e905a6760a80@group-50E32BB97A46, cid=3584, SUCCESS, logIndex=5424, commits[056ae293-26b5-4d67-bc5d-e905a6760a80:c5425, a428730f-9893-43cb-a585-e65a7e8859c8:c5421, 994b73f6-7725-4304-b3a4-4941318c1d6c:c5421]
2019-07-08 19:53:43,378 INFO  client.GrpcClientProtocolClient (GrpcClientProtocolClient.java:onNext(255)) - client-B2F93226DCBB->056ae293-26b5-4d67-bc5d-e905a6760a80: receive RaftClientReply:client-B2F93226DCBB->056ae293-26b5-4d67-bc5d-e905a6760a80@group-50E32BB97A46, cid=3585, SUCCESS, logIndex=5425, commits[056ae293-26b5-4d67-bc5d-e905a6760a80:c5425, a428730f-9893-43cb-a585-e65a7e8859c8:c5421, 994b73f6-7725-4304-b3a4-4941318c1d6c:c5421]
2019-07-08 19:53:43,390 INFO  client.GrpcClientProtocolClient (GrpcClientProtocolClient.java:onNext(255)) - client-B2F93226DCBB->056ae293-26b5-4d67-bc5d-e905a6760a80: receive RaftClientReply:client-B2F93226DCBB->056ae293-26b5-4d67-bc5d-e905a6760a80@group-50E32BB97A46, cid=3586, SUCCESS, logIndex=0, commits[056ae293-26b5-4d67-bc5d-e905a6760a80:c5427, a428730f-9893-43cb-a585-e65a7e8859c8:c5423, 994b73f6-7725-4304-b3a4-4941318c1d6c:c5423]
2019-07-08 19:53:43,404 INFO  client.GrpcClientProtocolClient (GrpcClientProtocolClient.java:onNext(255)) - client-B2F93226DCBB->056ae293-26b5-4d67-bc5d-e905a6760a80: receive RaftClientReply:client-B2F93226DCBB->056ae293-26b5-4d67-bc5d-e905a6760a80@group-50E32BB97A46, cid=3587, SUCCESS, logIndex=5430, commits[056ae293-26b5-4d67-bc5d-e905a6760a80:c5431, a428730f-9893-43cb-a585-e65a7e8859c8:c5425, 994b73f6-7725-4304-b3a4-4941318c1d6c:c5429]
2019-07-08 19:53:43,405 INFO  client.GrpcClientProtocolClient (GrpcClientProtocolClient.java:onNext(255)) - client-B2F93226DCBB->056ae293-26b5-4d67-bc5d-e905a6760a80: receive RaftClientReply:client-B2F93226DCBB->056ae293-26b5-4d67-bc5d-e905a6760a80@group-50E32BB97A46, cid=3588, SUCCESS, logIndex=5431, commits[056ae293-26b5-4d67-bc5d-e905a6760a80:c5431, a428730f-9893-43cb-a585-e65a7e8859c8:c5429, 994b73f6-7725-4304-b3a4-4941318c1d6c:c5429]
2019-07-08 19:53:43,435 INFO  client.GrpcClientProtocolClient (GrpcClientProtocolClient.java:onNext(255)) - client-B2F93226DCBB->056ae293-26b5-4d67-bc5d-e905a6760a80: receive RaftClientReply:client-B2F93226DCBB->056ae293-26b5-4d67-bc5d-e905a6760a80@group-50E32BB97A46, cid=3589, SUCCESS, logIndex=5434, commits[056ae293-26b5-4d67-bc5d-e905a6760a80:c5435, a428730f-9893-43cb-a585-e65a7e8859c8:c5433, 994b73f6-7725-4304-b3a4-4941318c1d6c:c5433]
2019-07-08 19:53:43,435 INFO  client.GrpcClientProtocolClient (GrpcClientProtocolClient.java:onNext(255)) - client-B2F93226DCBB->056ae293-26b5-4d67-bc5d-e905a6760a80: receive RaftClientReply:client-B2F93226DCBB->056ae293-26b5-4d67-bc5d-e905a6760a80@group-50E32BB97A46, cid=3590, SUCCESS, logIndex=5435, commits[056ae293-26b5-4d67-bc5d-e905a6760a80:c5435, a428730f-9893-43cb-a585-e65a7e8859c8:c5433, 994b73f6-7725-4304-b3a4-4941318c1d6c:c5433]
2019-07-08 19:53:43,449 INFO  client.GrpcClientProtocolClient (GrpcClientProtocolClient.java:onNext(255)) - client-B2F93226DCBB->056ae293-26b5-4d67-bc5d-e905a6760a80: receive RaftClientReply:client-B2F93226DCBB->056ae293-26b5-4d67-bc5d-e905a6760a80@group-50E32BB97A46, cid=3591, SUCCESS, logIndex=0, commits[056ae293-26b5-4d67-bc5d-e905a6760a80:c5436, a428730f-9893-43cb-a585-e65a7e8859c8:c5435, 994b73f6-7725-4304-b3a4-4941318c1d6c:c5435]
2019-07-08 19:53:43,484 INFO  client.GrpcClientProtocolClient (GrpcClientProtocolClient.java:onNext(255)) - client-B2F93226DCBB->056ae293-26b5-4d67-bc5d-e905a6760a80: receive RaftClientReply:client-B2F93226DCBB->056ae293-26b5-4d67-bc5d-e905a6760a80@group-50E32BB97A46, cid=3592, SUCCESS, logIndex=5438, commits[056ae293-26b5-4d67-bc5d-e905a6760a80:c5439, a428730f-9893-43cb-a585-e65a7e8859c8:c5437, 994b73f6-7725-4304-b3a4-4941318c1d6c:c5437]
2019-07-08 19:53:43,484 INFO  client.GrpcClientProtocolClient (GrpcClientProtocolClient.java:onNext(255)) - client-B2F93226DCBB->056ae293-26b5-4d67-bc5d-e905a6760a80: receive RaftClientReply:client-B2F93226DCBB->056ae293-26b5-4d67-bc5d-e905a6760a80@group-50E32BB97A46, cid=3593, SUCCESS, logIndex=5439, commits[056ae293-26b5-4d67-bc5d-e905a6760a80:c5439, a428730f-9893-43cb-a585-e65a7e8859c8:c5437, 994b73f6-7725-4304-b3a4-4941318c1d6c:c5437]
2019-07-08 19:53:43,485 INFO  client.GrpcClientProtocolClient (GrpcClientProtocolClient.java:onNext(255)) - client-B2F93226DCBB->056ae293-26b5-4d67-bc5d-e905a6760a80: receive RaftClientReply:client-B2F93226DCBB->056ae293-26b5-4d67-bc5d-e905a6760a80@group-50E32BB97A46, cid=3594, SUCCESS, logIndex=5440, commits[056ae293-26b5-4d67-bc5d-e905a6760a80:c5441, a428730f-9893-43cb-a585-e65a7e8859c8:c5437, 994b73f6-7725-4304-b3a4-4941318c1d6c:c5437]
2019-07-08 19:53:43,485 INFO  client.GrpcClientProtocolClient (GrpcClientProtocolClient.java:onNext(255)) - client-B2F93226DCBB->056ae293-26b5-4d67-bc5d-e905a6760a80: receive RaftClientReply:client-B2F93226DCBB->056ae293-26b5-4d67-bc5d-e905a6760a80@group-50E32BB97A46, cid=3595, SUCCESS, logIndex=5441, commits[056ae293-26b5-4d67-bc5d-e905a6760a80:c5441, a428730f-9893-43cb-a585-e65a7e8859c8:c5437, 994b73f6-7725-4304-b3a4-4941318c1d6c:c5437]
 0.00% |█                                                                                                    |  0/1 Time: 0:00:392019-07-08 19:53:43,488 INFO  client.GrpcClientProtocolClient (GrpcClientProtocolClient.java:onNext(255)) - client-B2F93226DCBB->056ae293-26b5-4d67-bc5d-e905a6760a80: receive RaftClientReply:client-B2F93226DCBB->056ae293-26b5-4d67-bc5d-e905a6760a80@group-50E32BB97A46, cid=3596, SUCCESS, logIndex=0, commits[056ae293-26b5-4d67-bc5d-e905a6760a80:c5443, a428730f-9893-43cb-a585-e65a7e8859c8:c5439, 994b73f6-7725-4304-b3a4-4941318c1d6c:c5439]
2019-07-08 19:53:43,500 INFO  client.GrpcClientProtocolClient (GrpcClientProtocolClient.java:onNext(255)) - client-B2F93226DCBB->056ae293-26b5-4d67-bc5d-e905a6760a80: receive RaftClientReply:client-B2F93226DCBB->056ae293-26b5-4d67-bc5d-e905a6760a80@group-50E32BB97A46, cid=3597, SUCCESS, logIndex=5446, commits[056ae293-26b5-4d67-bc5d-e905a6760a80:c5447, a428730f-9893-43cb-a585-e65a7e8859c8:c5441, 994b73f6-7725-4304-b3a4-4941318c1d6c:c5443]
2019-07-08 19:53:43,501 INFO  client.GrpcClientProtocolClient (GrpcClientProtocolClient.java:onNext(255)) - client-B2F93226DCBB->056ae293-26b5-4d67-bc5d-e905a6760a80: receive RaftClientReply:client-B2F93226DCBB->056ae293-26b5-4d67-bc5d-e905a6760a80@group-50E32BB97A46, cid=3598, SUCCESS, logIndex=5447, commits[056ae293-26b5-4d67-bc5d-e905a6760a80:c5447, a428730f-9893-43cb-a585-e65a7e8859c8:c5443, 994b73f6-7725-4304-b3a4-4941318c1d6c:c5443]
2019-07-08 19:53:43,517 INFO  client.GrpcClientProtocolClient (GrpcClientProtocolClient.java:onNext(255)) - client-B2F93226DCBB->056ae293-26b5-4d67-bc5d-e905a6760a80: receive RaftClientReply:client-B2F93226DCBB->056ae293-26b5-4d67-bc5d-e905a6760a80@group-50E32BB97A46, cid=3599, SUCCESS, logIndex=5450, commits[056ae293-26b5-4d67-bc5d-e905a6760a80:c5451, a428730f-9893-43cb-a585-e65a7e8859c8:c5447, 994b73f6-7725-4304-b3a4-4941318c1d6c:c5448]
2019-07-08 19:53:43,517 INFO  client.GrpcClientProtocolClient (GrpcClientProtocolClient.java:onNext(255)) - client-B2F93226DCBB->056ae293-26b5-4d67-bc5d-e905a6760a80: receive RaftClientReply:client-B2F93226DCBB->056ae293-26b5-4d67-bc5d-e905a6760a80@group-50E32BB97A46, cid=3600, SUCCESS, logIndex=5451, commits[056ae293-26b5-4d67-bc5d-e905a6760a80:c5451, a428730f-9893-43cb-a585-e65a7e8859c8:c5448, 994b73f6-7725-4304-b3a4-4941318c1d6c:c5448]
2019-07-08 19:53:43,520 INFO  client.GrpcClientProtocolClient (GrpcClientProtocolClient.java:onNext(255)) - client-B2F93226DCBB->056ae293-26b5-4d67-bc5d-e905a6760a80: receive RaftClientReply:client-B2F93226DCBB->056ae293-26b5-4d67-bc5d-e905a6760a80@group-50E32BB97A46, cid=3601, SUCCESS, logIndex=0, commits[056ae293-26b5-4d67-bc5d-e905a6760a80:c5452, a428730f-9893-43cb-a585-e65a7e8859c8:c5451, 994b73f6-7725-4304-b3a4-4941318c1d6c:c5451]
2019-07-08 19:53:43,552 INFO  client.GrpcClientProtocolClient (GrpcClientProtocolClient.java:onNext(255)) - client-B2F93226DCBB->056ae293-26b5-4d67-bc5d-e905a6760a80: receive RaftClientReply:client-B2F93226DCBB->056ae293-26b5-4d67-bc5d-e905a6760a80@group-50E32BB97A46, cid=3602, SUCCESS, logIndex=5454, commits[056ae293-26b5-4d67-bc5d-e905a6760a80:c5455, a428730f-9893-43cb-a585-e65a7e8859c8:c5453, 994b73f6-7725-4304-b3a4-4941318c1d6c:c5453]
2019-07-08 19:53:43,553 INFO  client.GrpcClientProtocolClient (GrpcClientProtocolClient.java:onNext(255)) - client-B2F93226DCBB->056ae293-26b5-4d67-bc5d-e905a6760a80: receive RaftClientReply:client-B2F93226DCBB->056ae293-26b5-4d67-bc5d-e905a6760a80@group-50E32BB97A46, cid=3603, SUCCESS, logIndex=5455, commits[056ae293-26b5-4d67-bc5d-e905a6760a80:c5455, a428730f-9893-43cb-a585-e65a7e8859c8:c5453, 994b73f6-7725-4304-b3a4-4941318c1d6c:c5453]
2019-07-08 19:53:43,562 INFO  client.GrpcClientProtocolClient (GrpcClientProtocolClient.java:onNext(255)) - client-B2F93226DCBB->056ae293-26b5-4d67-bc5d-e905a6760a80: receive RaftClientReply:client-B2F93226DCBB->056ae293-26b5-4d67-bc5d-e905a6760a80@group-50E32BB97A46, cid=3604, SUCCESS, logIndex=5456, commits[056ae293-26b5-4d67-bc5d-e905a6760a80:c5457, a428730f-9893-43cb-a585-e65a7e8859c8:c5453, 994b73f6-7725-4304-b3a4-4941318c1d6c:c5453]
2019-07-08 19:53:43,562 INFO  client.GrpcClientProtocolClient (GrpcClientProtocolClient.java:onNext(255)) - client-B2F93226DCBB->056ae293-26b5-4d67-bc5d-e905a6760a80: receive RaftClientReply:client-B2F93226DCBB->056ae293-26b5-4d67-bc5d-e905a6760a80@group-50E32BB97A46, cid=3605, SUCCESS, logIndex=5457, commits[056ae293-26b5-4d67-bc5d-e905a6760a80:c5457, a428730f-9893-43cb-a585-e65a7e8859c8:c5453, 994b73f6-7725-4304-b3a4-4941318c1d6c:c5453]
2019-07-08 19:53:43,565 INFO  client.GrpcClientProtocolClient (GrpcClientProtocolClient.java:onNext(255)) - client-B2F93226DCBB->056ae293-26b5-4d67-bc5d-e905a6760a80: receive RaftClientReply:client-B2F93226DCBB->056ae293-26b5-4d67-bc5d-e905a6760a80@group-50E32BB97A46, cid=3606, SUCCESS, logIndex=0, commits[056ae293-26b5-4d67-bc5d-e905a6760a80:c5459, a428730f-9893-43cb-a585-e65a7e8859c8:c5455, 994b73f6-7725-4304-b3a4-4941318c1d6c:c5455]
2019-07-08 19:53:43,578 INFO  client.GrpcClientProtocolClient (GrpcClientProtocolClient.java:onNext(255)) - client-B2F93226DCBB->056ae293-26b5-4d67-bc5d-e905a6760a80: receive RaftClientReply:client-B2F93226DCBB->056ae293-26b5-4d67-bc5d-e905a6760a80@group-50E32BB97A46, cid=3607, SUCCESS, logIndex=5462, commits[056ae293-26b5-4d67-bc5d-e905a6760a80:c5463, a428730f-9893-43cb-a585-e65a7e8859c8:c5461, 994b73f6-7725-4304-b3a4-4941318c1d6c:c5455]
2019-07-08 19:53:43,579 INFO  client.GrpcClientProtocolClient (GrpcClientProtocolClient.java:onNext(255)) - client-B2F93226DCBB->056ae293-26b5-4d67-bc5d-e905a6760a80: receive RaftClientReply:client-B2F93226DCBB->056ae293-26b5-4d67-bc5d-e905a6760a80@group-50E32BB97A46, cid=3608, SUCCESS, logIndex=5463, commits[056ae293-26b5-4d67-bc5d-e905a6760a80:c5463, a428730f-9893-43cb-a585-e65a7e8859c8:c5461, 994b73f6-7725-4304-b3a4-4941318c1d6c:c5455]
2019-07-08 19:53:43,589 INFO  client.GrpcClientProtocolClient (GrpcClientProtocolClient.java:onNext(255)) - client-B2F93226DCBB->056ae293-26b5-4d67-bc5d-e905a6760a80: receive RaftClientReply:client-B2F93226DCBB->056ae293-26b5-4d67-bc5d-e905a6760a80@group-50E32BB97A46, cid=3609, SUCCESS, logIndex=0, commits[056ae293-26b5-4d67-bc5d-e905a6760a80:c5463, a428730f-9893-43cb-a585-e65a7e8859c8:c5461, 994b73f6-7725-4304-b3a4-4941318c1d6c:c5461]
2019-07-08 19:53:43,616 INFO  client.GrpcClientProtocolClient (GrpcClientProtocolClient.java:onNext(255)) - client-B2F93226DCBB->056ae293-26b5-4d67-bc5d-e905a6760a80: receive RaftClientReply:client-B2F93226DCBB->056ae293-26b5-4d67-bc5d-e905a6760a80@group-50E32BB97A46, cid=3610, SUCCESS, logIndex=5466, commits[056ae293-26b5-4d67-bc5d-e905a6760a80:c5467, a428730f-9893-43cb-a585-e65a7e8859c8:c5463, 994b73f6-7725-4304-b3a4-4941318c1d6c:c5464]
2019-07-08 19:53:43,617 INFO  client.GrpcClientProtocolClient (GrpcClientProtocolClient.java:onNext(255)) - client-B2F93226DCBB->056ae293-26b5-4d67-bc5d-e905a6760a80: receive RaftClientReply:client-B2F93226DCBB->056ae293-26b5-4d67-bc5d-e905a6760a80@group-50E32BB97A46, cid=3611, SUCCESS, logIndex=5467, commits[056ae293-26b5-4d67-bc5d-e905a6760a80:c5467, a428730f-9893-43cb-a585-e65a7e8859c8:c5463, 994b73f6-7725-4304-b3a4-4941318c1d6c:c5464]
2019-07-08 19:53:43,630 INFO  client.GrpcClientProtocolClient (GrpcClientProtocolClient.java:onNext(255)) - client-B2F93226DCBB->056ae293-26b5-4d67-bc5d-e905a6760a80: receive RaftClientReply:client-B2F93226DCBB->056ae293-26b5-4d67-bc5d-e905a6760a80@group-50E32BB97A46, cid=3612, SUCCESS, logIndex=0, commits[056ae293-26b5-4d67-bc5d-e905a6760a80:c5468, a428730f-9893-43cb-a585-e65a7e8859c8:c5467, 994b73f6-7725-4304-b3a4-4941318c1d6c:c5467]
2019-07-08 19:53:43,656 INFO  client.GrpcClientProtocolClient (GrpcClientProtocolClient.java:onNext(255)) - client-B2F93226DCBB->056ae293-26b5-4d67-bc5d-e905a6760a80: receive RaftClientReply:client-B2F93226DCBB->056ae293-26b5-4d67-bc5d-e905a6760a80@group-50E32BB97A46, cid=3613, SUCCESS, logIndex=5469, commits[056ae293-26b5-4d67-bc5d-e905a6760a80:c5472, a428730f-9893-43cb-a585-e65a7e8859c8:c5468, 994b73f6-7725-4304-b3a4-4941318c1d6c:c5467]
2019-07-08 19:53:43,657 INFO  client.GrpcClientProtocolClient (GrpcClientProtocolClient.java:onNext(255)) - client-B2F93226DCBB->056ae293-26b5-4d67-bc5d-e905a6760a80: receive RaftClientReply:client-B2F93226DCBB->056ae293-26b5-4d67-bc5d-e905a6760a80@group-50E32BB97A46, cid=3614, SUCCESS, logIndex=5470, commits[056ae293-26b5-4d67-bc5d-e905a6760a80:c5472, a428730f-9893-43cb-a585-e65a7e8859c8:c5468, 994b73f6-7725-4304-b3a4-4941318c1d6c:c5467]
2019-07-08 19:53:43,657 INFO  client.GrpcClientProtocolClient (GrpcClientProtocolClient.java:onNext(255)) - client-B2F93226DCBB->056ae293-26b5-4d67-bc5d-e905a6760a80: receive RaftClientReply:client-B2F93226DCBB->056ae293-26b5-4d67-bc5d-e905a6760a80@group-50E32BB97A46, cid=3615, SUCCESS, logIndex=5471, commits[056ae293-26b5-4d67-bc5d-e905a6760a80:c5472, a428730f-9893-43cb-a585-e65a7e8859c8:c5468, 994b73f6-7725-4304-b3a4-4941318c1d6c:c5467]
2019-07-08 19:53:43,658 INFO  client.GrpcClientProtocolClient (GrpcClientProtocolClient.java:onNext(255)) - client-B2F93226DCBB->056ae293-26b5-4d67-bc5d-e905a6760a80: receive RaftClientReply:client-B2F93226DCBB->056ae293-26b5-4d67-bc5d-e905a6760a80@group-50E32BB97A46, cid=3616, SUCCESS, logIndex=5472, commits[056ae293-26b5-4d67-bc5d-e905a6760a80:c5472, a428730f-9893-43cb-a585-e65a7e8859c8:c5468, 994b73f6-7725-4304-b3a4-4941318c1d6c:c5468]
2019-07-08 19:53:43,659 INFO  client.GrpcClientProtocolClient (GrpcClientProtocolClient.java:onNext(255)) - client-B2F93226DCBB->056ae293-26b5-4d67-bc5d-e905a6760a80: receive RaftClientReply:client-B2F93226DCBB->056ae293-26b5-4d67-bc5d-e905a6760a80@group-50E32BB97A46, cid=3617, SUCCESS, logIndex=0, commits[056ae293-26b5-4d67-bc5d-e905a6760a80:c5473, a428730f-9893-43cb-a585-e65a7e8859c8:c5470, 994b73f6-7725-4304-b3a4-4941318c1d6c:c5470]
2019-07-08 19:53:43,688 INFO  client.GrpcClientProtocolClient (GrpcClientProtocolClient.java:onNext(255)) - client-B2F93226DCBB->056ae293-26b5-4d67-bc5d-e905a6760a80: receive RaftClientReply:client-B2F93226DCBB->056ae293-26b5-4d67-bc5d-e905a6760a80@group-50E32BB97A46, cid=3618, SUCCESS, logIndex=5477, commits[056ae293-26b5-4d67-bc5d-e905a6760a80:c5478, a428730f-9893-43cb-a585-e65a7e8859c8:c5472, 994b73f6-7725-4304-b3a4-4941318c1d6c:c5476]
2019-07-08 19:53:43,689 INFO  client.GrpcClientProtocolClient (GrpcClientProtocolClient.java:onNext(255)) - client-B2F93226DCBB->056ae293-26b5-4d67-bc5d-e905a6760a80: receive RaftClientReply:client-B2F93226DCBB->056ae293-26b5-4d67-bc5d-e905a6760a80@group-50E32BB97A46, cid=3619, SUCCESS, logIndex=5478, commits[056ae293-26b5-4d67-bc5d-e905a6760a80:c5478, a428730f-9893-43cb-a585-e65a7e8859c8:c5476, 994b73f6-7725-4304-b3a4-4941318c1d6c:c5476]
2019-07-08 19:53:43,703 INFO  client.GrpcClientProtocolClient (GrpcClientProtocolClient.java:onNext(255)) - client-B2F93226DCBB->056ae293-26b5-4d67-bc5d-e905a6760a80: receive RaftClientReply:client-B2F93226DCBB->056ae293-26b5-4d67-bc5d-e905a6760a80@group-50E32BB97A46, cid=3620, SUCCESS, logIndex=5481, commits[056ae293-26b5-4d67-bc5d-e905a6760a80:c5482, a428730f-9893-43cb-a585-e65a7e8859c8:c5480, 994b73f6-7725-4304-b3a4-4941318c1d6c:c5480]
2019-07-08 19:53:43,703 INFO  client.GrpcClientProtocolClient (GrpcClientProtocolClient.java:onNext(255)) - client-B2F93226DCBB->056ae293-26b5-4d67-bc5d-e905a6760a80: receive RaftClientReply:client-B2F93226DCBB->056ae293-26b5-4d67-bc5d-e905a6760a80@group-50E32BB97A46, cid=3621, SUCCESS, logIndex=5482, commits[056ae293-26b5-4d67-bc5d-e905a6760a80:c5482, a428730f-9893-43cb-a585-e65a7e8859c8:c5480, 994b73f6-7725-4304-b3a4-4941318c1d6c:c5480]
2019-07-08 19:53:43,717 INFO  client.GrpcClientProtocolClient (GrpcClientProtocolClient.java:onNext(255)) - client-B2F93226DCBB->056ae293-26b5-4d67-bc5d-e905a6760a80: receive RaftClientReply:client-B2F93226DCBB->056ae293-26b5-4d67-bc5d-e905a6760a80@group-50E32BB97A46, cid=3622, SUCCESS, logIndex=0, commits[056ae293-26b5-4d67-bc5d-e905a6760a80:c5484, a428730f-9893-43cb-a585-e65a7e8859c8:c5482, 994b73f6-7725-4304-b3a4-4941318c1d6c:c5482]
2019-07-08 19:53:43,753 INFO  client.GrpcClientProtocolClient (GrpcClientProtocolClient.java:onNext(255)) - client-B2F93226DCBB->056ae293-26b5-4d67-bc5d-e905a6760a80: receive RaftClientReply:client-B2F93226DCBB->056ae293-26b5-4d67-bc5d-e905a6760a80@group-50E32BB97A46, cid=3623, SUCCESS, logIndex=5485, commits[056ae293-26b5-4d67-bc5d-e905a6760a80:c5486, a428730f-9893-43cb-a585-e65a7e8859c8:c5484, 994b73f6-7725-4304-b3a4-4941318c1d6c:c5484]
2019-07-08 19:53:43,753 INFO  client.GrpcClientProtocolClient (GrpcClientProtocolClient.java:onNext(255)) - client-B2F93226DCBB->056ae293-26b5-4d67-bc5d-e905a6760a80: receive RaftClientReply:client-B2F93226DCBB->056ae293-26b5-4d67-bc5d-e905a6760a80@group-50E32BB97A46, cid=3624, SUCCESS, logIndex=5486, commits[056ae293-26b5-4d67-bc5d-e905a6760a80:c5486, a428730f-9893-43cb-a585-e65a7e8859c8:c5484, 994b73f6-7725-4304-b3a4-4941318c1d6c:c5484]
2019-07-08 19:53:43,763 INFO  client.GrpcClientProtocolClient (GrpcClientProtocolClient.java:onNext(255)) - client-B2F93226DCBB->056ae293-26b5-4d67-bc5d-e905a6760a80: receive RaftClientReply:client-B2F93226DCBB->056ae293-26b5-4d67-bc5d-e905a6760a80@group-50E32BB97A46, cid=3625, SUCCESS, logIndex=5487, commits[056ae293-26b5-4d67-bc5d-e905a6760a80:c5488, a428730f-9893-43cb-a585-e65a7e8859c8:c5484, 994b73f6-7725-4304-b3a4-4941318c1d6c:c5484]
2019-07-08 19:53:43,763 INFO  client.GrpcClientProtocolClient (GrpcClientProtocolClient.java:onNext(255)) - client-B2F93226DCBB->056ae293-26b5-4d67-bc5d-e905a6760a80: receive RaftClientReply:client-B2F93226DCBB->056ae293-26b5-4d67-bc5d-e905a6760a80@group-50E32BB97A46, cid=3626, SUCCESS, logIndex=5488, commits[056ae293-26b5-4d67-bc5d-e905a6760a80:c5488, a428730f-9893-43cb-a585-e65a7e8859c8:c5484, 994b73f6-7725-4304-b3a4-4941318c1d6c:c5484]
2019-07-08 19:53:43,778 INFO  client.GrpcClientProtocolClient (GrpcClientProtocolClient.java:onNext(255)) - client-B2F93226DCBB->056ae293-26b5-4d67-bc5d-e905a6760a80: receive RaftClientReply:client-B2F93226DCBB->056ae293-26b5-4d67-bc5d-e905a6760a80@group-50E32BB97A46, cid=3627, SUCCESS, logIndex=0, commits[056ae293-26b5-4d67-bc5d-e905a6760a80:c5490, a428730f-9893-43cb-a585-e65a7e8859c8:c5486, 994b73f6-7725-4304-b3a4-4941318c1d6c:c5486]
2019-07-08 19:53:43,790 INFO  client.GrpcClientProtocolClient (GrpcClientProtocolClient.java:onNext(255)) - client-B2F93226DCBB->056ae293-26b5-4d67-bc5d-e905a6760a80: receive RaftClientReply:client-B2F93226DCBB->056ae293-26b5-4d67-bc5d-e905a6760a80@group-50E32BB97A46, cid=3628, SUCCESS, logIndex=5492, commits[056ae293-26b5-4d67-bc5d-e905a6760a80:c5493, a428730f-9893-43cb-a585-e65a7e8859c8:c5488, 994b73f6-7725-4304-b3a4-4941318c1d6c:c5490]
2019-07-08 19:53:43,790 INFO  client.GrpcClientProtocolClient (GrpcClientProtocolClient.java:onNext(255)) - client-B2F93226DCBB->056ae293-26b5-4d67-bc5d-e905a6760a80: receive RaftClientReply:client-B2F93226DCBB->056ae293-26b5-4d67-bc5d-e905a6760a80@group-50E32BB97A46, cid=3629, SUCCESS, logIndex=5493, commits[056ae293-26b5-4d67-bc5d-e905a6760a80:c5493, a428730f-9893-43cb-a585-e65a7e8859c8:c5488, 994b73f6-7725-4304-b3a4-4941318c1d6c:c5490]
2019-07-08 19:53:43,831 INFO  client.GrpcClientProtocolClient (GrpcClientProtocolClient.java:onNext(255)) - client-B2F93226DCBB->056ae293-26b5-4d67-bc5d-e905a6760a80: receive RaftClientReply:client-B2F93226DCBB->056ae293-26b5-4d67-bc5d-e905a6760a80@group-50E32BB97A46, cid=3630, SUCCESS, logIndex=5496, commits[056ae293-26b5-4d67-bc5d-e905a6760a80:c5497, a428730f-9893-43cb-a585-e65a7e8859c8:c5493, 994b73f6-7725-4304-b3a4-4941318c1d6c:c5493]
2019-07-08 19:53:43,832 INFO  client.GrpcClientProtocolClient (GrpcClientProtocolClient.java:onNext(255)) - client-B2F93226DCBB->056ae293-26b5-4d67-bc5d-e905a6760a80: receive RaftClientReply:client-B2F93226DCBB->056ae293-26b5-4d67-bc5d-e905a6760a80@group-50E32BB97A46, cid=3631, SUCCESS, logIndex=5497, commits[056ae293-26b5-4d67-bc5d-e905a6760a80:c5497, a428730f-9893-43cb-a585-e65a7e8859c8:c5493, 994b73f6-7725-4304-b3a4-4941318c1d6c:c5493]
2019-07-08 19:53:43,848 INFO  client.GrpcClientProtocolClient (GrpcClientProtocolClient.java:onNext(255)) - client-B2F93226DCBB->056ae293-26b5-4d67-bc5d-e905a6760a80: receive RaftClientReply:client-B2F93226DCBB->056ae293-26b5-4d67-bc5d-e905a6760a80@group-50E32BB97A46, cid=3632, SUCCESS, logIndex=0, commits[056ae293-26b5-4d67-bc5d-e905a6760a80:c5499, a428730f-9893-43cb-a585-e65a7e8859c8:c5497, 994b73f6-7725-4304-b3a4-4941318c1d6c:c5497]
2019-07-08 19:53:43,877 INFO  client.GrpcClientProtocolClient (GrpcClientProtocolClient.java:onNext(255)) - client-B2F93226DCBB->056ae293-26b5-4d67-bc5d-e905a6760a80: receive RaftClientReply:client-B2F93226DCBB->056ae293-26b5-4d67-bc5d-e905a6760a80@group-50E32BB97A46, cid=3633, SUCCESS, logIndex=5500, commits[056ae293-26b5-4d67-bc5d-e905a6760a80:c5501, a428730f-9893-43cb-a585-e65a7e8859c8:c5497, 994b73f6-7725-4304-b3a4-4941318c1d6c:c5499]
2019-07-08 19:53:43,877 INFO  client.GrpcClientProtocolClient (GrpcClientProtocolClient.java:onNext(255)) - client-B2F93226DCBB->056ae293-26b5-4d67-bc5d-e905a6760a80: receive RaftClientReply:client-B2F93226DCBB->056ae293-26b5-4d67-bc5d-e905a6760a80@group-50E32BB97A46, cid=3634, SUCCESS, logIndex=5501, commits[056ae293-26b5-4d67-bc5d-e905a6760a80:c5501, a428730f-9893-43cb-a585-e65a7e8859c8:c5497, 994b73f6-7725-4304-b3a4-4941318c1d6c:c5499]
2019-07-08 19:53:43,881 INFO  client.GrpcClientProtocolClient (GrpcClientProtocolClient.java:onNext(255)) - client-B2F93226DCBB->056ae293-26b5-4d67-bc5d-e905a6760a80: receive RaftClientReply:client-B2F93226DCBB->056ae293-26b5-4d67-bc5d-e905a6760a80@group-50E32BB97A46, cid=3635, SUCCESS, logIndex=5502, commits[056ae293-26b5-4d67-bc5d-e905a6760a80:c5504, a428730f-9893-43cb-a585-e65a7e8859c8:c5501, 994b73f6-7725-4304-b3a4-4941318c1d6c:c5499]
2019-07-08 19:53:43,882 INFO  client.GrpcClientProtocolClient (GrpcClientProtocolClient.java:onNext(255)) - client-B2F93226DCBB->056ae293-26b5-4d67-bc5d-e905a6760a80: receive RaftClientReply:client-B2F93226DCBB->056ae293-26b5-4d67-bc5d-e905a6760a80@group-50E32BB97A46, cid=3636, SUCCESS, logIndex=5503, commits[056ae293-26b5-4d67-bc5d-e905a6760a80:c5505, a428730f-9893-43cb-a585-e65a7e8859c8:c5501, 994b73f6-7725-4304-b3a4-4941318c1d6c:c5499]
2019-07-08 19:53:43,883 INFO  client.GrpcClientProtocolClient (GrpcClientProtocolClient.java:onNext(255)) - client-B2F93226DCBB->056ae293-26b5-4d67-bc5d-e905a6760a80: receive RaftClientReply:client-B2F93226DCBB->056ae293-26b5-4d67-bc5d-e905a6760a80@group-50E32BB97A46, cid=3637, SUCCESS, logIndex=0, commits[056ae293-26b5-4d67-bc5d-e905a6760a80:c5505, a428730f-9893-43cb-a585-e65a7e8859c8:c5501, 994b73f6-7725-4304-b3a4-4941318c1d6c:c5501]
2019-07-08 19:53:43,896 INFO  client.GrpcClientProtocolClient (GrpcClientProtocolClient.java:onNext(255)) - client-B2F93226DCBB->056ae293-26b5-4d67-bc5d-e905a6760a80: receive RaftClientReply:client-B2F93226DCBB->056ae293-26b5-4d67-bc5d-e905a6760a80@group-50E32BB97A46, cid=3638, SUCCESS, logIndex=5508, commits[056ae293-26b5-4d67-bc5d-e905a6760a80:c5509, a428730f-9893-43cb-a585-e65a7e8859c8:c5503, 994b73f6-7725-4304-b3a4-4941318c1d6c:c5507]
2019-07-08 19:53:43,897 INFO  client.GrpcClientProtocolClient (GrpcClientProtocolClient.java:onNext(255)) - client-B2F93226DCBB->056ae293-26b5-4d67-bc5d-e905a6760a80: receive RaftClientReply:client-B2F93226DCBB->056ae293-26b5-4d67-bc5d-e905a6760a80@group-50E32BB97A46, cid=3639, SUCCESS, logIndex=5509, commits[056ae293-26b5-4d67-bc5d-e905a6760a80:c5509, a428730f-9893-43cb-a585-e65a7e8859c8:c5507, 994b73f6-7725-4304-b3a4-4941318c1d6c:c5507]
2019-07-08 19:53:43,909 INFO  client.GrpcClientProtocolClient (GrpcClientProtocolClient.java:onNext(255)) - client-B2F93226DCBB->056ae293-26b5-4d67-bc5d-e905a6760a80: receive RaftClientReply:client-B2F93226DCBB->056ae293-26b5-4d67-bc5d-e905a6760a80@group-50E32BB97A46, cid=3640, SUCCESS, logIndex=5512, commits[056ae293-26b5-4d67-bc5d-e905a6760a80:c5513, a428730f-9893-43cb-a585-e65a7e8859c8:c5509, 994b73f6-7725-4304-b3a4-4941318c1d6c:c5511]
2019-07-08 19:53:43,910 INFO  client.GrpcClientProtocolClient (GrpcClientProtocolClient.java:onNext(255)) - client-B2F93226DCBB->056ae293-26b5-4d67-bc5d-e905a6760a80: receive RaftClientReply:client-B2F93226DCBB->056ae293-26b5-4d67-bc5d-e905a6760a80@group-50E32BB97A46, cid=3641, SUCCESS, logIndex=5513, commits[056ae293-26b5-4d67-bc5d-e905a6760a80:c5513, a428730f-9893-43cb-a585-e65a7e8859c8:c5509, 994b73f6-7725-4304-b3a4-4941318c1d6c:c5511]
2019-07-08 19:53:43,914 INFO  client.GrpcClientProtocolClient (GrpcClientProtocolClient.java:onNext(255)) - client-B2F93226DCBB->056ae293-26b5-4d67-bc5d-e905a6760a80: receive RaftClientReply:client-B2F93226DCBB->056ae293-26b5-4d67-bc5d-e905a6760a80@group-50E32BB97A46, cid=3642, SUCCESS, logIndex=0, commits[056ae293-26b5-4d67-bc5d-e905a6760a80:c5514, a428730f-9893-43cb-a585-e65a7e8859c8:c5513, 994b73f6-7725-4304-b3a4-4941318c1d6c:c5513]
2019-07-08 19:53:43,956 INFO  client.GrpcClientProtocolClient (GrpcClientProtocolClient.java:onNext(255)) - client-B2F93226DCBB->056ae293-26b5-4d67-bc5d-e905a6760a80: receive RaftClientReply:client-B2F93226DCBB->056ae293-26b5-4d67-bc5d-e905a6760a80@group-50E32BB97A46, cid=3643, SUCCESS, logIndex=5516, commits[056ae293-26b5-4d67-bc5d-e905a6760a80:c5517, a428730f-9893-43cb-a585-e65a7e8859c8:c5515, 994b73f6-7725-4304-b3a4-4941318c1d6c:c5515]
2019-07-08 19:53:43,957 INFO  client.GrpcClientProtocolClient (GrpcClientProtocolClient.java:onNext(255)) - client-B2F93226DCBB->056ae293-26b5-4d67-bc5d-e905a6760a80: receive RaftClientReply:client-B2F93226DCBB->056ae293-26b5-4d67-bc5d-e905a6760a80@group-50E32BB97A46, cid=3644, SUCCESS, logIndex=5517, commits[056ae293-26b5-4d67-bc5d-e905a6760a80:c5518, a428730f-9893-43cb-a585-e65a7e8859c8:c5515, 994b73f6-7725-4304-b3a4-4941318c1d6c:c5515]
2019-07-08 19:53:43,957 INFO  client.GrpcClientProtocolClient (GrpcClientProtocolClient.java:onNext(255)) - client-B2F93226DCBB->056ae293-26b5-4d67-bc5d-e905a6760a80: receive RaftClientReply:client-B2F93226DCBB->056ae293-26b5-4d67-bc5d-e905a6760a80@group-50E32BB97A46, cid=3645, SUCCESS, logIndex=5518, commits[056ae293-26b5-4d67-bc5d-e905a6760a80:c5519, a428730f-9893-43cb-a585-e65a7e8859c8:c5515, 994b73f6-7725-4304-b3a4-4941318c1d6c:c5515]
2019-07-08 19:53:43,957 INFO  client.GrpcClientProtocolClient (GrpcClientProtocolClient.java:onNext(255)) - client-B2F93226DCBB->056ae293-26b5-4d67-bc5d-e905a6760a80: receive RaftClientReply:client-B2F93226DCBB->056ae293-26b5-4d67-bc5d-e905a6760a80@group-50E32BB97A46, cid=3646, SUCCESS, logIndex=5519, commits[056ae293-26b5-4d67-bc5d-e905a6760a80:c5519, a428730f-9893-43cb-a585-e65a7e8859c8:c5515, 994b73f6-7725-4304-b3a4-4941318c1d6c:c5515]
2019-07-08 19:53:43,971 INFO  client.GrpcClientProtocolClient (GrpcClientProtocolClient.java:onNext(255)) - client-B2F93226DCBB->056ae293-26b5-4d67-bc5d-e905a6760a80: receive RaftClientReply:client-B2F93226DCBB->056ae293-26b5-4d67-bc5d-e905a6760a80@group-50E32BB97A46, cid=3647, SUCCESS, logIndex=0, commits[056ae293-26b5-4d67-bc5d-e905a6760a80:c5522, a428730f-9893-43cb-a585-e65a7e8859c8:c5517, 994b73f6-7725-4304-b3a4-4941318c1d6c:c5518]
2019-07-08 19:53:43,984 INFO  client.GrpcClientProtocolClient (GrpcClientProtocolClient.java:onNext(255)) - client-B2F93226DCBB->056ae293-26b5-4d67-bc5d-e905a6760a80: receive RaftClientReply:client-B2F93226DCBB->056ae293-26b5-4d67-bc5d-e905a6760a80@group-50E32BB97A46, cid=3648, SUCCESS, logIndex=5524, commits[056ae293-26b5-4d67-bc5d-e905a6760a80:c5525, a428730f-9893-43cb-a585-e65a7e8859c8:c5523, 994b73f6-7725-4304-b3a4-4941318c1d6c:c5523]
2019-07-08 19:53:43,984 INFO  client.GrpcClientProtocolClient (GrpcClientProtocolClient.java:onNext(255)) - client-B2F93226DCBB->056ae293-26b5-4d67-bc5d-e905a6760a80: receive RaftClientReply:client-B2F93226DCBB->056ae293-26b5-4d67-bc5d-e905a6760a80@group-50E32BB97A46, cid=3649, SUCCESS, logIndex=5525, commits[056ae293-26b5-4d67-bc5d-e905a6760a80:c5525, a428730f-9893-43cb-a585-e65a7e8859c8:c5523, 994b73f6-7725-4304-b3a4-4941318c1d6c:c5523]
2019-07-08 19:53:43,998 INFO  client.GrpcClientProtocolClient (GrpcClientProtocolClient.java:onNext(255)) - client-B2F93226DCBB->056ae293-26b5-4d67-bc5d-e905a6760a80: receive RaftClientReply:client-B2F93226DCBB->056ae293-26b5-4d67-bc5d-e905a6760a80@group-50E32BB97A46, cid=3650, SUCCESS, logIndex=5528, commits[056ae293-26b5-4d67-bc5d-e905a6760a80:c5529, a428730f-9893-43cb-a585-e65a7e8859c8:c5525, 994b73f6-7725-4304-b3a4-4941318c1d6c:c5525]
2019-07-08 19:53:43,999 INFO  client.GrpcClientProtocolClient (GrpcClientProtocolClient.java:onNext(255)) - client-B2F93226DCBB->056ae293-26b5-4d67-bc5d-e905a6760a80: receive RaftClientReply:client-B2F93226DCBB->056ae293-26b5-4d67-bc5d-e905a6760a80@group-50E32BB97A46, cid=3651, SUCCESS, logIndex=5529, commits[056ae293-26b5-4d67-bc5d-e905a6760a80:c5529, a428730f-9893-43cb-a585-e65a7e8859c8:c5525, 994b73f6-7725-4304-b3a4-4941318c1d6c:c5525]
2019-07-08 19:53:44,013 INFO  client.GrpcClientProtocolClient (GrpcClientProtocolClient.java:onNext(255)) - client-B2F93226DCBB->056ae293-26b5-4d67-bc5d-e905a6760a80: receive RaftClientReply:client-B2F93226DCBB->056ae293-26b5-4d67-bc5d-e905a6760a80@group-50E32BB97A46, cid=3652, SUCCESS, logIndex=0, commits[056ae293-26b5-4d67-bc5d-e905a6760a80:c5531, a428730f-9893-43cb-a585-e65a7e8859c8:c5529, 994b73f6-7725-4304-b3a4-4941318c1d6c:c5529]
2019-07-08 19:53:44,044 INFO  client.GrpcClientProtocolClient (GrpcClientProtocolClient.java:onNext(255)) - client-B2F93226DCBB->056ae293-26b5-4d67-bc5d-e905a6760a80: receive RaftClientReply:client-B2F93226DCBB->056ae293-26b5-4d67-bc5d-e905a6760a80@group-50E32BB97A46, cid=3653, SUCCESS, logIndex=5532, commits[056ae293-26b5-4d67-bc5d-e905a6760a80:c5534, a428730f-9893-43cb-a585-e65a7e8859c8:c5531, 994b73f6-7725-4304-b3a4-4941318c1d6c:c5531]
2019-07-08 19:53:44,044 INFO  client.GrpcClientProtocolClient (GrpcClientProtocolClient.java:onNext(255)) - client-B2F93226DCBB->056ae293-26b5-4d67-bc5d-e905a6760a80: receive RaftClientReply:client-B2F93226DCBB->056ae293-26b5-4d67-bc5d-e905a6760a80@group-50E32BB97A46, cid=3654, SUCCESS, logIndex=5533, commits[056ae293-26b5-4d67-bc5d-e905a6760a80:c5535, a428730f-9893-43cb-a585-e65a7e8859c8:c5531, 994b73f6-7725-4304-b3a4-4941318c1d6c:c5531]
2019-07-08 19:53:44,045 INFO  client.GrpcClientProtocolClient (GrpcClientProtocolClient.java:onNext(255)) - client-B2F93226DCBB->056ae293-26b5-4d67-bc5d-e905a6760a80: receive RaftClientReply:client-B2F93226DCBB->056ae293-26b5-4d67-bc5d-e905a6760a80@group-50E32BB97A46, cid=3655, SUCCESS, logIndex=5534, commits[056ae293-26b5-4d67-bc5d-e905a6760a80:c5535, a428730f-9893-43cb-a585-e65a7e8859c8:c5531, 994b73f6-7725-4304-b3a4-4941318c1d6c:c5531]
2019-07-08 19:53:44,045 INFO  client.GrpcClientProtocolClient (GrpcClientProtocolClient.java:onNext(255)) - client-B2F93226DCBB->056ae293-26b5-4d67-bc5d-e905a6760a80: receive RaftClientReply:client-B2F93226DCBB->056ae293-26b5-4d67-bc5d-e905a6760a80@group-50E32BB97A46, cid=3656, SUCCESS, logIndex=5535, commits[056ae293-26b5-4d67-bc5d-e905a6760a80:c5535, a428730f-9893-43cb-a585-e65a7e8859c8:c5531, 994b73f6-7725-4304-b3a4-4941318c1d6c:c5531]
2019-07-08 19:53:44,059 INFO  client.GrpcClientProtocolClient (GrpcClientProtocolClient.java:onNext(255)) - client-B2F93226DCBB->056ae293-26b5-4d67-bc5d-e905a6760a80: receive RaftClientReply:client-B2F93226DCBB->056ae293-26b5-4d67-bc5d-e905a6760a80@group-50E32BB97A46, cid=3657, SUCCESS, logIndex=0, commits[056ae293-26b5-4d67-bc5d-e905a6760a80:c5538, a428730f-9893-43cb-a585-e65a7e8859c8:c5534, 994b73f6-7725-4304-b3a4-4941318c1d6c:c5534]
2019-07-08 19:53:44,198 INFO  client.GrpcClientProtocolClient (GrpcClientProtocolClient.java:onNext(255)) - client-B2F93226DCBB->056ae293-26b5-4d67-bc5d-e905a6760a80: receive RaftClientReply:client-B2F93226DCBB->056ae293-26b5-4d67-bc5d-e905a6760a80@group-50E32BB97A46, cid=3658, SUCCESS, logIndex=5540, commits[056ae293-26b5-4d67-bc5d-e905a6760a80:c5541, a428730f-9893-43cb-a585-e65a7e8859c8:c5539, 994b73f6-7725-4304-b3a4-4941318c1d6c:c5539]
2019-07-08 19:53:44,199 INFO  client.GrpcClientProtocolClient (GrpcClientProtocolClient.java:onNext(255)) - client-B2F93226DCBB->056ae293-26b5-4d67-bc5d-e905a6760a80: receive RaftClientReply:client-B2F93226DCBB->056ae293-26b5-4d67-bc5d-e905a6760a80@group-50E32BB97A46, cid=3659, SUCCESS, logIndex=5541, commits[056ae293-26b5-4d67-bc5d-e905a6760a80:c5541, a428730f-9893-43cb-a585-e65a7e8859c8:c5539, 994b73f6-7725-4304-b3a4-4941318c1d6c:c5539]
2019-07-08 19:53:44,220 INFO  client.GrpcClientProtocolClient (GrpcClientProtocolClient.java:onNext(255)) - client-B2F93226DCBB->056ae293-26b5-4d67-bc5d-e905a6760a80: receive RaftClientReply:client-B2F93226DCBB->056ae293-26b5-4d67-bc5d-e905a6760a80@group-50E32BB97A46, cid=3660, SUCCESS, logIndex=5544, commits[056ae293-26b5-4d67-bc5d-e905a6760a80:c5545, a428730f-9893-43cb-a585-e65a7e8859c8:c5541, 994b73f6-7725-4304-b3a4-4941318c1d6c:c5541]
2019-07-08 19:53:44,220 INFO  client.GrpcClientProtocolClient (GrpcClientProtocolClient.java:onNext(255)) - client-B2F93226DCBB->056ae293-26b5-4d67-bc5d-e905a6760a80: receive RaftClientReply:client-B2F93226DCBB->056ae293-26b5-4d67-bc5d-e905a6760a80@group-50E32BB97A46, cid=3661, SUCCESS, logIndex=5545, commits[056ae293-26b5-4d67-bc5d-e905a6760a80:c5545, a428730f-9893-43cb-a585-e65a7e8859c8:c5541, 994b73f6-7725-4304-b3a4-4941318c1d6c:c5541]
2019-07-08 19:53:44,229 INFO  client.GrpcClientProtocolClient (GrpcClientProtocolClient.java:onNext(255)) - client-B2F93226DCBB->056ae293-26b5-4d67-bc5d-e905a6760a80: receive RaftClientReply:client-B2F93226DCBB->056ae293-26b5-4d67-bc5d-e905a6760a80@group-50E32BB97A46, cid=3662, SUCCESS, logIndex=0, commits[056ae293-26b5-4d67-bc5d-e905a6760a80:c5546, a428730f-9893-43cb-a585-e65a7e8859c8:c5545, 994b73f6-7725-4304-b3a4-4941318c1d6c:c5545]
2019-07-08 19:53:44,266 INFO  client.GrpcClientProtocolClient (GrpcClientProtocolClient.java:onNext(255)) - client-B2F93226DCBB->056ae293-26b5-4d67-bc5d-e905a6760a80: receive RaftClientReply:client-B2F93226DCBB->056ae293-26b5-4d67-bc5d-e905a6760a80@group-50E32BB97A46, cid=3663, SUCCESS, logIndex=5548, commits[056ae293-26b5-4d67-bc5d-e905a6760a80:c5549, a428730f-9893-43cb-a585-e65a7e8859c8:c5547, 994b73f6-7725-4304-b3a4-4941318c1d6c:c5547]
2019-07-08 19:53:44,267 INFO  client.GrpcClientProtocolClient (GrpcClientProtocolClient.java:onNext(255)) - client-B2F93226DCBB->056ae293-26b5-4d67-bc5d-e905a6760a80: receive RaftClientReply:client-B2F93226DCBB->056ae293-26b5-4d67-bc5d-e905a6760a80@group-50E32BB97A46, cid=3664, SUCCESS, logIndex=5549, commits[056ae293-26b5-4d67-bc5d-e905a6760a80:c5549, a428730f-9893-43cb-a585-e65a7e8859c8:c5547, 994b73f6-7725-4304-b3a4-4941318c1d6c:c5547]
2019-07-08 19:53:44,275 INFO  client.GrpcClientProtocolClient (GrpcClientProtocolClient.java:onNext(255)) - client-B2F93226DCBB->056ae293-26b5-4d67-bc5d-e905a6760a80: receive RaftClientReply:client-B2F93226DCBB->056ae293-26b5-4d67-bc5d-e905a6760a80@group-50E32BB97A46, cid=3665, SUCCESS, logIndex=5550, commits[056ae293-26b5-4d67-bc5d-e905a6760a80:c5551, a428730f-9893-43cb-a585-e65a7e8859c8:c5547, 994b73f6-7725-4304-b3a4-4941318c1d6c:c5547]
2019-07-08 19:53:44,276 INFO  client.GrpcClientProtocolClient (GrpcClientProtocolClient.java:onNext(255)) - client-B2F93226DCBB->056ae293-26b5-4d67-bc5d-e905a6760a80: receive RaftClientReply:client-B2F93226DCBB->056ae293-26b5-4d67-bc5d-e905a6760a80@group-50E32BB97A46, cid=3666, SUCCESS, logIndex=5551, commits[056ae293-26b5-4d67-bc5d-e905a6760a80:c5551, a428730f-9893-43cb-a585-e65a7e8859c8:c5547, 994b73f6-7725-4304-b3a4-4941318c1d6c:c5547]
2019-07-08 19:53:44,290 INFO  client.GrpcClientProtocolClient (GrpcClientProtocolClient.java:onNext(255)) - client-B2F93226DCBB->056ae293-26b5-4d67-bc5d-e905a6760a80: receive RaftClientReply:client-B2F93226DCBB->056ae293-26b5-4d67-bc5d-e905a6760a80@group-50E32BB97A46, cid=3667, SUCCESS, logIndex=0, commits[056ae293-26b5-4d67-bc5d-e905a6760a80:c5554, a428730f-9893-43cb-a585-e65a7e8859c8:c5549, 994b73f6-7725-4304-b3a4-4941318c1d6c:c5549]
2019-07-08 19:53:44,314 INFO  client.GrpcClientProtocolClient (GrpcClientProtocolClient.java:onNext(255)) - client-B2F93226DCBB->056ae293-26b5-4d67-bc5d-e905a6760a80: receive RaftClientReply:client-B2F93226DCBB->056ae293-26b5-4d67-bc5d-e905a6760a80@group-50E32BB97A46, cid=3668, SUCCESS, logIndex=5556, commits[056ae293-26b5-4d67-bc5d-e905a6760a80:c5557, a428730f-9893-43cb-a585-e65a7e8859c8:c5555, 994b73f6-7725-4304-b3a4-4941318c1d6c:c5555]
2019-07-08 19:53:44,314 INFO  client.GrpcClientProtocolClient (GrpcClientProtocolClient.java:onNext(255)) - client-B2F93226DCBB->056ae293-26b5-4d67-bc5d-e905a6760a80: receive RaftClientReply:client-B2F93226DCBB->056ae293-26b5-4d67-bc5d-e905a6760a80@group-50E32BB97A46, cid=3669, SUCCESS, logIndex=5557, commits[056ae293-26b5-4d67-bc5d-e905a6760a80:c5557, a428730f-9893-43cb-a585-e65a7e8859c8:c5555, 994b73f6-7725-4304-b3a4-4941318c1d6c:c5555]
2019-07-08 19:53:44,340 INFO  client.GrpcClientProtocolClient (GrpcClientProtocolClient.java:onNext(255)) - client-B2F93226DCBB->056ae293-26b5-4d67-bc5d-e905a6760a80: receive RaftClientReply:client-B2F93226DCBB->056ae293-26b5-4d67-bc5d-e905a6760a80@group-50E32BB97A46, cid=3670, SUCCESS, logIndex=5560, commits[056ae293-26b5-4d67-bc5d-e905a6760a80:c5561, a428730f-9893-43cb-a585-e65a7e8859c8:c5557, 994b73f6-7725-4304-b3a4-4941318c1d6c:c5557]
2019-07-08 19:53:44,340 INFO  client.GrpcClientProtocolClient (GrpcClientProtocolClient.java:onNext(255)) - client-B2F93226DCBB->056ae293-26b5-4d67-bc5d-e905a6760a80: receive RaftClientReply:client-B2F93226DCBB->056ae293-26b5-4d67-bc5d-e905a6760a80@group-50E32BB97A46, cid=3671, SUCCESS, logIndex=5561, commits[056ae293-26b5-4d67-bc5d-e905a6760a80:c5561, a428730f-9893-43cb-a585-e65a7e8859c8:c5557, 994b73f6-7725-4304-b3a4-4941318c1d6c:c5557]
2019-07-08 19:53:44,360 INFO  client.GrpcClientProtocolClient (GrpcClientProtocolClient.java:onNext(255)) - client-B2F93226DCBB->056ae293-26b5-4d67-bc5d-e905a6760a80: receive RaftClientReply:client-B2F93226DCBB->056ae293-26b5-4d67-bc5d-e905a6760a80@group-50E32BB97A46, cid=3672, SUCCESS, logIndex=0, commits[056ae293-26b5-4d67-bc5d-e905a6760a80:c5562, a428730f-9893-43cb-a585-e65a7e8859c8:c5561, 994b73f6-7725-4304-b3a4-4941318c1d6c:c5561]
2019-07-08 19:53:44,396 INFO  client.GrpcClientProtocolClient (GrpcClientProtocolClient.java:onNext(255)) - client-B2F93226DCBB->056ae293-26b5-4d67-bc5d-e905a6760a80: receive RaftClientReply:client-B2F93226DCBB->056ae293-26b5-4d67-bc5d-e905a6760a80@group-50E32BB97A46, cid=3673, SUCCESS, logIndex=5564, commits[056ae293-26b5-4d67-bc5d-e905a6760a80:c5565, a428730f-9893-43cb-a585-e65a7e8859c8:c5563, 994b73f6-7725-4304-b3a4-4941318c1d6c:c5563]
2019-07-08 19:53:44,396 INFO  client.GrpcClientProtocolClient (GrpcClientProtocolClient.java:onNext(255)) - client-B2F93226DCBB->056ae293-26b5-4d67-bc5d-e905a6760a80: receive RaftClientReply:client-B2F93226DCBB->056ae293-26b5-4d67-bc5d-e905a6760a80@group-50E32BB97A46, cid=3674, SUCCESS, logIndex=5565, commits[056ae293-26b5-4d67-bc5d-e905a6760a80:c5567, a428730f-9893-43cb-a585-e65a7e8859c8:c5563, 994b73f6-7725-4304-b3a4-4941318c1d6c:c5563]
2019-07-08 19:53:44,397 INFO  client.GrpcClientProtocolClient (GrpcClientProtocolClient.java:onNext(255)) - client-B2F93226DCBB->056ae293-26b5-4d67-bc5d-e905a6760a80: receive RaftClientReply:client-B2F93226DCBB->056ae293-26b5-4d67-bc5d-e905a6760a80@group-50E32BB97A46, cid=3675, SUCCESS, logIndex=5566, commits[056ae293-26b5-4d67-bc5d-e905a6760a80:c5567, a428730f-9893-43cb-a585-e65a7e8859c8:c5563, 994b73f6-7725-4304-b3a4-4941318c1d6c:c5563]
2019-07-08 19:53:44,397 INFO  client.GrpcClientProtocolClient (GrpcClientProtocolClient.java:onNext(255)) - client-B2F93226DCBB->056ae293-26b5-4d67-bc5d-e905a6760a80: receive RaftClientReply:client-B2F93226DCBB->056ae293-26b5-4d67-bc5d-e905a6760a80@group-50E32BB97A46, cid=3676, SUCCESS, logIndex=5567, commits[056ae293-26b5-4d67-bc5d-e905a6760a80:c5567, a428730f-9893-43cb-a585-e65a7e8859c8:c5563, 994b73f6-7725-4304-b3a4-4941318c1d6c:c5563]
2019-07-08 19:53:44,402 INFO  client.GrpcClientProtocolClient (GrpcClientProtocolClient.java:onNext(255)) - client-B2F93226DCBB->056ae293-26b5-4d67-bc5d-e905a6760a80: receive RaftClientReply:client-B2F93226DCBB->056ae293-26b5-4d67-bc5d-e905a6760a80@group-50E32BB97A46, cid=3677, SUCCESS, logIndex=0, commits[056ae293-26b5-4d67-bc5d-e905a6760a80:c5569, a428730f-9893-43cb-a585-e65a7e8859c8:c5565, 994b73f6-7725-4304-b3a4-4941318c1d6c:c5565]
2019-07-08 19:53:44,419 INFO  client.GrpcClientProtocolClient (GrpcClientProtocolClient.java:onNext(255)) - client-B2F93226DCBB->056ae293-26b5-4d67-bc5d-e905a6760a80: receive RaftClientReply:client-B2F93226DCBB->056ae293-26b5-4d67-bc5d-e905a6760a80@group-50E32BB97A46, cid=3678, SUCCESS, logIndex=5572, commits[056ae293-26b5-4d67-bc5d-e905a6760a80:c5573, a428730f-9893-43cb-a585-e65a7e8859c8:c5571, 994b73f6-7725-4304-b3a4-4941318c1d6c:c5571]
2019-07-08 19:53:44,419 INFO  client.GrpcClientProtocolClient (GrpcClientProtocolClient.java:onNext(255)) - client-B2F93226DCBB->056ae293-26b5-4d67-bc5d-e905a6760a80: receive RaftClientReply:client-B2F93226DCBB->056ae293-26b5-4d67-bc5d-e905a6760a80@group-50E32BB97A46, cid=3679, SUCCESS, logIndex=5573, commits[056ae293-26b5-4d67-bc5d-e905a6760a80:c5573, a428730f-9893-43cb-a585-e65a7e8859c8:c5571, 994b73f6-7725-4304-b3a4-4941318c1d6c:c5571]
2019-07-08 19:53:44,432 INFO  client.GrpcClientProtocolClient (GrpcClientProtocolClient.java:onNext(255)) - client-B2F93226DCBB->056ae293-26b5-4d67-bc5d-e905a6760a80: receive RaftClientReply:client-B2F93226DCBB->056ae293-26b5-4d67-bc5d-e905a6760a80@group-50E32BB97A46, cid=3680, SUCCESS, logIndex=5576, commits[056ae293-26b5-4d67-bc5d-e905a6760a80:c5577, a428730f-9893-43cb-a585-e65a7e8859c8:c5573, 994b73f6-7725-4304-b3a4-4941318c1d6c:c5575]
2019-07-08 19:53:44,433 INFO  client.GrpcClientProtocolClient (GrpcClientProtocolClient.java:onNext(255)) - client-B2F93226DCBB->056ae293-26b5-4d67-bc5d-e905a6760a80: receive RaftClientReply:client-B2F93226DCBB->056ae293-26b5-4d67-bc5d-e905a6760a80@group-50E32BB97A46, cid=3681, SUCCESS, logIndex=5577, commits[056ae293-26b5-4d67-bc5d-e905a6760a80:c5577, a428730f-9893-43cb-a585-e65a7e8859c8:c5575, 994b73f6-7725-4304-b3a4-4941318c1d6c:c5575]
2019-07-08 19:53:44,439 INFO  client.GrpcClientProtocolClient (GrpcClientProtocolClient.java:onNext(255)) - client-B2F93226DCBB->056ae293-26b5-4d67-bc5d-e905a6760a80: receive RaftClientReply:client-B2F93226DCBB->056ae293-26b5-4d67-bc5d-e905a6760a80@group-50E32BB97A46, cid=3682, SUCCESS, logIndex=0, commits[056ae293-26b5-4d67-bc5d-e905a6760a80:c5578, a428730f-9893-43cb-a585-e65a7e8859c8:c5577, 994b73f6-7725-4304-b3a4-4941318c1d6c:c5577]
 0.00% |█                                                                                                    |  0/1 Time: 0:00:402019-07-08 19:53:44,491 INFO  client.GrpcClientProtocolClient (GrpcClientProtocolClient.java:onNext(255)) - client-B2F93226DCBB->056ae293-26b5-4d67-bc5d-e905a6760a80: receive RaftClientReply:client-B2F93226DCBB->056ae293-26b5-4d67-bc5d-e905a6760a80@group-50E32BB97A46, cid=3683, SUCCESS, logIndex=5580, commits[056ae293-26b5-4d67-bc5d-e905a6760a80:c5581, a428730f-9893-43cb-a585-e65a7e8859c8:c5577, 994b73f6-7725-4304-b3a4-4941318c1d6c:c5579]
2019-07-08 19:53:44,492 INFO  client.GrpcClientProtocolClient (GrpcClientProtocolClient.java:onNext(255)) - client-B2F93226DCBB->056ae293-26b5-4d67-bc5d-e905a6760a80: receive RaftClientReply:client-B2F93226DCBB->056ae293-26b5-4d67-bc5d-e905a6760a80@group-50E32BB97A46, cid=3684, SUCCESS, logIndex=5581, commits[056ae293-26b5-4d67-bc5d-e905a6760a80:c5581, a428730f-9893-43cb-a585-e65a7e8859c8:c5579, 994b73f6-7725-4304-b3a4-4941318c1d6c:c5579]
2019-07-08 19:53:44,502 INFO  client.GrpcClientProtocolClient (GrpcClientProtocolClient.java:onNext(255)) - client-B2F93226DCBB->056ae293-26b5-4d67-bc5d-e905a6760a80: receive RaftClientReply:client-B2F93226DCBB->056ae293-26b5-4d67-bc5d-e905a6760a80@group-50E32BB97A46, cid=3685, SUCCESS, logIndex=5582, commits[056ae293-26b5-4d67-bc5d-e905a6760a80:c5583, a428730f-9893-43cb-a585-e65a7e8859c8:c5579, 994b73f6-7725-4304-b3a4-4941318c1d6c:c5579]
2019-07-08 19:53:44,503 INFO  client.GrpcClientProtocolClient (GrpcClientProtocolClient.java:onNext(255)) - client-B2F93226DCBB->056ae293-26b5-4d67-bc5d-e905a6760a80: receive RaftClientReply:client-B2F93226DCBB->056ae293-26b5-4d67-bc5d-e905a6760a80@group-50E32BB97A46, cid=3686, SUCCESS, logIndex=5583, commits[056ae293-26b5-4d67-bc5d-e905a6760a80:c5583, a428730f-9893-43cb-a585-e65a7e8859c8:c5579, 994b73f6-7725-4304-b3a4-4941318c1d6c:c5579]
2019-07-08 19:53:44,505 INFO  client.GrpcClientProtocolClient (GrpcClientProtocolClient.java:onNext(255)) - client-B2F93226DCBB->056ae293-26b5-4d67-bc5d-e905a6760a80: receive RaftClientReply:client-B2F93226DCBB->056ae293-26b5-4d67-bc5d-e905a6760a80@group-50E32BB97A46, cid=3687, SUCCESS, logIndex=0, commits[056ae293-26b5-4d67-bc5d-e905a6760a80:c5585, a428730f-9893-43cb-a585-e65a7e8859c8:c5581, 994b73f6-7725-4304-b3a4-4941318c1d6c:c5581]
2019-07-08 19:53:44,518 INFO  client.GrpcClientProtocolClient (GrpcClientProtocolClient.java:onNext(255)) - client-B2F93226DCBB->056ae293-26b5-4d67-bc5d-e905a6760a80: receive RaftClientReply:client-B2F93226DCBB->056ae293-26b5-4d67-bc5d-e905a6760a80@group-50E32BB97A46, cid=3688, SUCCESS, logIndex=5588, commits[056ae293-26b5-4d67-bc5d-e905a6760a80:c5589, a428730f-9893-43cb-a585-e65a7e8859c8:c5583, 994b73f6-7725-4304-b3a4-4941318c1d6c:c5585]
2019-07-08 19:53:44,518 INFO  client.GrpcClientProtocolClient (GrpcClientProtocolClient.java:onNext(255)) - client-B2F93226DCBB->056ae293-26b5-4d67-bc5d-e905a6760a80: receive RaftClientReply:client-B2F93226DCBB->056ae293-26b5-4d67-bc5d-e905a6760a80@group-50E32BB97A46, cid=3689, SUCCESS, logIndex=5589, commits[056ae293-26b5-4d67-bc5d-e905a6760a80:c5589, a428730f-9893-43cb-a585-e65a7e8859c8:c5585, 994b73f6-7725-4304-b3a4-4941318c1d6c:c5585]
2019-07-08 19:53:44,545 INFO  client.GrpcClientProtocolClient (GrpcClientProtocolClient.java:onNext(255)) - client-B2F93226DCBB->056ae293-26b5-4d67-bc5d-e905a6760a80: receive RaftClientReply:client-B2F93226DCBB->056ae293-26b5-4d67-bc5d-e905a6760a80@group-50E32BB97A46, cid=3690, SUCCESS, logIndex=5592, commits[056ae293-26b5-4d67-bc5d-e905a6760a80:c5593, a428730f-9893-43cb-a585-e65a7e8859c8:c5590, 994b73f6-7725-4304-b3a4-4941318c1d6c:c5589]
2019-07-08 19:53:44,546 INFO  client.GrpcClientProtocolClient (GrpcClientProtocolClient.java:onNext(255)) - client-B2F93226DCBB->056ae293-26b5-4d67-bc5d-e905a6760a80: receive RaftClientReply:client-B2F93226DCBB->056ae293-26b5-4d67-bc5d-e905a6760a80@group-50E32BB97A46, cid=3691, SUCCESS, logIndex=5593, commits[056ae293-26b5-4d67-bc5d-e905a6760a80:c5593, a428730f-9893-43cb-a585-e65a7e8859c8:c5590, 994b73f6-7725-4304-b3a4-4941318c1d6c:c5590]
2019-07-08 19:53:44,559 INFO  client.GrpcClientProtocolClient (GrpcClientProtocolClient.java:onNext(255)) - client-B2F93226DCBB->056ae293-26b5-4d67-bc5d-e905a6760a80: receive RaftClientReply:client-B2F93226DCBB->056ae293-26b5-4d67-bc5d-e905a6760a80@group-50E32BB97A46, cid=3692, SUCCESS, logIndex=0, commits[056ae293-26b5-4d67-bc5d-e905a6760a80:c5594, a428730f-9893-43cb-a585-e65a7e8859c8:c5593, 994b73f6-7725-4304-b3a4-4941318c1d6c:c5593]
2019-07-08 19:53:44,592 INFO  client.GrpcClientProtocolClient (GrpcClientProtocolClient.java:onNext(255)) - client-B2F93226DCBB->056ae293-26b5-4d67-bc5d-e905a6760a80: receive RaftClientReply:client-B2F93226DCBB->056ae293-26b5-4d67-bc5d-e905a6760a80@group-50E32BB97A46, cid=3693, SUCCESS, logIndex=5596, commits[056ae293-26b5-4d67-bc5d-e905a6760a80:c5598, a428730f-9893-43cb-a585-e65a7e8859c8:c5595, 994b73f6-7725-4304-b3a4-4941318c1d6c:c5595]
2019-07-08 19:53:44,592 INFO  client.GrpcClientProtocolClient (GrpcClientProtocolClient.java:onNext(255)) - client-B2F93226DCBB->056ae293-26b5-4d67-bc5d-e905a6760a80: receive RaftClientReply:client-B2F93226DCBB->056ae293-26b5-4d67-bc5d-e905a6760a80@group-50E32BB97A46, cid=3694, SUCCESS, logIndex=5597, commits[056ae293-26b5-4d67-bc5d-e905a6760a80:c5599, a428730f-9893-43cb-a585-e65a7e8859c8:c5595, 994b73f6-7725-4304-b3a4-4941318c1d6c:c5595]
2019-07-08 19:53:44,593 INFO  client.GrpcClientProtocolClient (GrpcClientProtocolClient.java:onNext(255)) - client-B2F93226DCBB->056ae293-26b5-4d67-bc5d-e905a6760a80: receive RaftClientReply:client-B2F93226DCBB->056ae293-26b5-4d67-bc5d-e905a6760a80@group-50E32BB97A46, cid=3695, SUCCESS, logIndex=5598, commits[056ae293-26b5-4d67-bc5d-e905a6760a80:c5599, a428730f-9893-43cb-a585-e65a7e8859c8:c5595, 994b73f6-7725-4304-b3a4-4941318c1d6c:c5595]
2019-07-08 19:53:44,593 INFO  client.GrpcClientProtocolClient (GrpcClientProtocolClient.java:onNext(255)) - client-B2F93226DCBB->056ae293-26b5-4d67-bc5d-e905a6760a80: receive RaftClientReply:client-B2F93226DCBB->056ae293-26b5-4d67-bc5d-e905a6760a80@group-50E32BB97A46, cid=3696, SUCCESS, logIndex=5599, commits[056ae293-26b5-4d67-bc5d-e905a6760a80:c5599, a428730f-9893-43cb-a585-e65a7e8859c8:c5595, 994b73f6-7725-4304-b3a4-4941318c1d6c:c5595]
2019-07-08 19:53:44,606 INFO  client.GrpcClientProtocolClient (GrpcClientProtocolClient.java:onNext(255)) - client-B2F93226DCBB->056ae293-26b5-4d67-bc5d-e905a6760a80: receive RaftClientReply:client-B2F93226DCBB->056ae293-26b5-4d67-bc5d-e905a6760a80@group-50E32BB97A46, cid=3697, SUCCESS, logIndex=0, commits[056ae293-26b5-4d67-bc5d-e905a6760a80:c5600, a428730f-9893-43cb-a585-e65a7e8859c8:c5597, 994b73f6-7725-4304-b3a4-4941318c1d6c:c5597]
2019-07-08 19:53:44,626 INFO  client.GrpcClientProtocolClient (GrpcClientProtocolClient.java:onNext(255)) - client-B2F93226DCBB->056ae293-26b5-4d67-bc5d-e905a6760a80: receive RaftClientReply:client-B2F93226DCBB->056ae293-26b5-4d67-bc5d-e905a6760a80@group-50E32BB97A46, cid=3698, SUCCESS, logIndex=5604, commits[056ae293-26b5-4d67-bc5d-e905a6760a80:c5605, a428730f-9893-43cb-a585-e65a7e8859c8:c5603, 994b73f6-7725-4304-b3a4-4941318c1d6c:c5599]
2019-07-08 19:53:44,626 INFO  client.GrpcClientProtocolClient (GrpcClientProtocolClient.java:onNext(255)) - client-B2F93226DCBB->056ae293-26b5-4d67-bc5d-e905a6760a80: receive RaftClientReply:client-B2F93226DCBB->056ae293-26b5-4d67-bc5d-e905a6760a80@group-50E32BB97A46, cid=3699, SUCCESS, logIndex=5605, commits[056ae293-26b5-4d67-bc5d-e905a6760a80:c5605, a428730f-9893-43cb-a585-e65a7e8859c8:c5603, 994b73f6-7725-4304-b3a4-4941318c1d6c:c5603]
2019-07-08 19:53:44,644 INFO  client.GrpcClientProtocolClient (GrpcClientProtocolClient.java:onNext(255)) - client-B2F93226DCBB->056ae293-26b5-4d67-bc5d-e905a6760a80: receive RaftClientReply:client-B2F93226DCBB->056ae293-26b5-4d67-bc5d-e905a6760a80@group-50E32BB97A46, cid=3700, SUCCESS, logIndex=5608, commits[056ae293-26b5-4d67-bc5d-e905a6760a80:c5609, a428730f-9893-43cb-a585-e65a7e8859c8:c5605, 994b73f6-7725-4304-b3a4-4941318c1d6c:c5605]
2019-07-08 19:53:44,644 INFO  client.GrpcClientProtocolClient (GrpcClientProtocolClient.java:onNext(255)) - client-B2F93226DCBB->056ae293-26b5-4d67-bc5d-e905a6760a80: receive RaftClientReply:client-B2F93226DCBB->056ae293-26b5-4d67-bc5d-e905a6760a80@group-50E32BB97A46, cid=3701, SUCCESS, logIndex=5609, commits[056ae293-26b5-4d67-bc5d-e905a6760a80:c5609, a428730f-9893-43cb-a585-e65a7e8859c8:c5605, 994b73f6-7725-4304-b3a4-4941318c1d6c:c5605]
2019-07-08 19:53:44,649 INFO  client.GrpcClientProtocolClient (GrpcClientProtocolClient.java:onNext(255)) - client-B2F93226DCBB->056ae293-26b5-4d67-bc5d-e905a6760a80: receive RaftClientReply:client-B2F93226DCBB->056ae293-26b5-4d67-bc5d-e905a6760a80@group-50E32BB97A46, cid=3702, SUCCESS, logIndex=0, commits[056ae293-26b5-4d67-bc5d-e905a6760a80:c5611, a428730f-9893-43cb-a585-e65a7e8859c8:c5609, 994b73f6-7725-4304-b3a4-4941318c1d6c:c5609]
2019-07-08 19:53:44,676 INFO  client.GrpcClientProtocolClient (GrpcClientProtocolClient.java:onNext(255)) - client-B2F93226DCBB->056ae293-26b5-4d67-bc5d-e905a6760a80: receive RaftClientReply:client-B2F93226DCBB->056ae293-26b5-4d67-bc5d-e905a6760a80@group-50E32BB97A46, cid=3703, SUCCESS, logIndex=5612, commits[056ae293-26b5-4d67-bc5d-e905a6760a80:c5613, a428730f-9893-43cb-a585-e65a7e8859c8:c5609, 994b73f6-7725-4304-b3a4-4941318c1d6c:c5611]
2019-07-08 19:53:44,676 INFO  client.GrpcClientProtocolClient (GrpcClientProtocolClient.java:onNext(255)) - client-B2F93226DCBB->056ae293-26b5-4d67-bc5d-e905a6760a80: receive RaftClientReply:client-B2F93226DCBB->056ae293-26b5-4d67-bc5d-e905a6760a80@group-50E32BB97A46, cid=3704, SUCCESS, logIndex=5613, commits[056ae293-26b5-4d67-bc5d-e905a6760a80:c5613, a428730f-9893-43cb-a585-e65a7e8859c8:c5611, 994b73f6-7725-4304-b3a4-4941318c1d6c:c5611]
2019-07-08 19:53:44,676 INFO  client.GrpcClientProtocolClient (GrpcClientProtocolClient.java:onNext(255)) - client-B2F93226DCBB->056ae293-26b5-4d67-bc5d-e905a6760a80: receive RaftClientReply:client-B2F93226DCBB->056ae293-26b5-4d67-bc5d-e905a6760a80@group-50E32BB97A46, cid=3705, SUCCESS, logIndex=5614, commits[056ae293-26b5-4d67-bc5d-e905a6760a80:c5614, a428730f-9893-43cb-a585-e65a7e8859c8:c5611, 994b73f6-7725-4304-b3a4-4941318c1d6c:c5611]
2019-07-08 19:53:44,677 INFO  client.GrpcClientProtocolClient (GrpcClientProtocolClient.java:onNext(255)) - client-B2F93226DCBB->056ae293-26b5-4d67-bc5d-e905a6760a80: receive RaftClientReply:client-B2F93226DCBB->056ae293-26b5-4d67-bc5d-e905a6760a80@group-50E32BB97A46, cid=3706, SUCCESS, logIndex=5615, commits[056ae293-26b5-4d67-bc5d-e905a6760a80:c5615, a428730f-9893-43cb-a585-e65a7e8859c8:c5611, 994b73f6-7725-4304-b3a4-4941318c1d6c:c5611]
2019-07-08 19:53:44,681 INFO  client.GrpcClientProtocolClient (GrpcClientProtocolClient.java:onNext(255)) - client-B2F93226DCBB->056ae293-26b5-4d67-bc5d-e905a6760a80: receive RaftClientReply:client-B2F93226DCBB->056ae293-26b5-4d67-bc5d-e905a6760a80@group-50E32BB97A46, cid=3707, SUCCESS, logIndex=0, commits[056ae293-26b5-4d67-bc5d-e905a6760a80:c5616, a428730f-9893-43cb-a585-e65a7e8859c8:c5613, 994b73f6-7725-4304-b3a4-4941318c1d6c:c5613]
2019-07-08 19:53:44,691 INFO  client.GrpcClientProtocolClient (GrpcClientProtocolClient.java:onNext(255)) - client-B2F93226DCBB->056ae293-26b5-4d67-bc5d-e905a6760a80: receive RaftClientReply:client-B2F93226DCBB->056ae293-26b5-4d67-bc5d-e905a6760a80@group-50E32BB97A46, cid=3708, SUCCESS, logIndex=5620, commits[056ae293-26b5-4d67-bc5d-e905a6760a80:c5621, a428730f-9893-43cb-a585-e65a7e8859c8:c5615, 994b73f6-7725-4304-b3a4-4941318c1d6c:c5619]
2019-07-08 19:53:44,691 INFO  client.GrpcClientProtocolClient (GrpcClientProtocolClient.java:onNext(255)) - client-B2F93226DCBB->056ae293-26b5-4d67-bc5d-e905a6760a80: receive RaftClientReply:client-B2F93226DCBB->056ae293-26b5-4d67-bc5d-e905a6760a80@group-50E32BB97A46, cid=3709, SUCCESS, logIndex=5621, commits[056ae293-26b5-4d67-bc5d-e905a6760a80:c5621, a428730f-9893-43cb-a585-e65a7e8859c8:c5615, 994b73f6-7725-4304-b3a4-4941318c1d6c:c5619]
2019-07-08 19:53:44,714 INFO  client.GrpcClientProtocolClient (GrpcClientProtocolClient.java:onNext(255)) - client-B2F93226DCBB->056ae293-26b5-4d67-bc5d-e905a6760a80: receive RaftClientReply:client-B2F93226DCBB->056ae293-26b5-4d67-bc5d-e905a6760a80@group-50E32BB97A46, cid=3710, SUCCESS, logIndex=5624, commits[056ae293-26b5-4d67-bc5d-e905a6760a80:c5625, a428730f-9893-43cb-a585-e65a7e8859c8:c5623, 994b73f6-7725-4304-b3a4-4941318c1d6c:c5623]
2019-07-08 19:53:44,715 INFO  client.GrpcClientProtocolClient (GrpcClientProtocolClient.java:onNext(255)) - client-B2F93226DCBB->056ae293-26b5-4d67-bc5d-e905a6760a80: receive RaftClientReply:client-B2F93226DCBB->056ae293-26b5-4d67-bc5d-e905a6760a80@group-50E32BB97A46, cid=3711, SUCCESS, logIndex=5625, commits[056ae293-26b5-4d67-bc5d-e905a6760a80:c5625, a428730f-9893-43cb-a585-e65a7e8859c8:c5623, 994b73f6-7725-4304-b3a4-4941318c1d6c:c5623]
 0.00% |█                                                                                                    |  0/1 Time: 0:00:41 0.00% |█                                                                                                    |  0/1 Time: 0:00:422019-07-08 19:53:46,669 INFO  client.GrpcClientProtocolClient (GrpcClientProtocolClient.java:onNext(255)) - client-B2F93226DCBB->056ae293-26b5-4d67-bc5d-e905a6760a80: receive RaftClientReply:client-B2F93226DCBB->056ae293-26b5-4d67-bc5d-e905a6760a80@group-50E32BB97A46, cid=3712, SUCCESS, logIndex=0, commits[056ae293-26b5-4d67-bc5d-e905a6760a80:c5627, a428730f-9893-43cb-a585-e65a7e8859c8:c5626, 994b73f6-7725-4304-b3a4-4941318c1d6c:c5627]
 0.00% |█                                                                                                    |  0/1 Time: 0:00:432019-07-08 19:53:47,744 INFO  client.GrpcClientProtocolClient (GrpcClientProtocolClient.java:onNext(255)) - client-B2F93226DCBB->056ae293-26b5-4d67-bc5d-e905a6760a80: receive RaftClientReply:client-B2F93226DCBB->056ae293-26b5-4d67-bc5d-e905a6760a80@group-50E32BB97A46, cid=3713, SUCCESS, logIndex=5628, commits[056ae293-26b5-4d67-bc5d-e905a6760a80:c5629, a428730f-9893-43cb-a585-e65a7e8859c8:c5627, 994b73f6-7725-4304-b3a4-4941318c1d6c:c5627]
2019-07-08 19:53:47,745 INFO  client.GrpcClientProtocolClient (GrpcClientProtocolClient.java:onNext(255)) - client-B2F93226DCBB->056ae293-26b5-4d67-bc5d-e905a6760a80: receive RaftClientReply:client-B2F93226DCBB->056ae293-26b5-4d67-bc5d-e905a6760a80@group-50E32BB97A46, cid=3714, SUCCESS, logIndex=5629, commits[056ae293-26b5-4d67-bc5d-e905a6760a80:c5629, a428730f-9893-43cb-a585-e65a7e8859c8:c5627, 994b73f6-7725-4304-b3a4-4941318c1d6c:c5627]
2019-07-08 19:53:47,977 INFO  client.GrpcClientProtocolClient (GrpcClientProtocolClient.java:onNext(255)) - client-B2F93226DCBB->056ae293-26b5-4d67-bc5d-e905a6760a80: receive RaftClientReply:client-B2F93226DCBB->056ae293-26b5-4d67-bc5d-e905a6760a80@group-50E32BB97A46, cid=3715, SUCCESS, logIndex=5630, commits[056ae293-26b5-4d67-bc5d-e905a6760a80:c5631, a428730f-9893-43cb-a585-e65a7e8859c8:c5627, 994b73f6-7725-4304-b3a4-4941318c1d6c:c5627]
2019-07-08 19:53:47,977 INFO  client.GrpcClientProtocolClient (GrpcClientProtocolClient.java:onNext(255)) - client-B2F93226DCBB->056ae293-26b5-4d67-bc5d-e905a6760a80: receive RaftClientReply:client-B2F93226DCBB->056ae293-26b5-4d67-bc5d-e905a6760a80@group-50E32BB97A46, cid=3716, SUCCESS, logIndex=5631, commits[056ae293-26b5-4d67-bc5d-e905a6760a80:c5631, a428730f-9893-43cb-a585-e65a7e8859c8:c5627, 994b73f6-7725-4304-b3a4-4941318c1d6c:c5627]
 0.00% |█                                                                                                    |  0/1 Time: 0:00:442019-07-08 19:53:48,542 INFO  client.GrpcClientProtocolClient (GrpcClientProtocolClient.java:onNext(255)) - client-B2F93226DCBB->056ae293-26b5-4d67-bc5d-e905a6760a80: receive RaftClientReply:client-B2F93226DCBB->056ae293-26b5-4d67-bc5d-e905a6760a80@group-50E32BB97A46, cid=3717, SUCCESS, logIndex=0, commits[056ae293-26b5-4d67-bc5d-e905a6760a80:c5633, a428730f-9893-43cb-a585-e65a7e8859c8:c5631, 994b73f6-7725-4304-b3a4-4941318c1d6c:c5631]
 0.00% |█                                                                                                    |  0/1 Time: 0:00:452019-07-08 19:53:50,191 INFO  client.GrpcClientProtocolClient (GrpcClientProtocolClient.java:onNext(255)) - client-B2F93226DCBB->056ae293-26b5-4d67-bc5d-e905a6760a80: receive RaftClientReply:client-B2F93226DCBB->056ae293-26b5-4d67-bc5d-e905a6760a80@group-50E32BB97A46, cid=3718, SUCCESS, logIndex=5636, commits[056ae293-26b5-4d67-bc5d-e905a6760a80:c5637, a428730f-9893-43cb-a585-e65a7e8859c8:c5633, 994b73f6-7725-4304-b3a4-4941318c1d6c:c5633]
2019-07-08 19:53:50,191 INFO  client.GrpcClientProtocolClient (GrpcClientProtocolClient.java:onNext(255)) - client-B2F93226DCBB->056ae293-26b5-4d67-bc5d-e905a6760a80: receive RaftClientReply:client-B2F93226DCBB->056ae293-26b5-4d67-bc5d-e905a6760a80@group-50E32BB97A46, cid=3719, SUCCESS, logIndex=5637, commits[056ae293-26b5-4d67-bc5d-e905a6760a80:c5637, a428730f-9893-43cb-a585-e65a7e8859c8:c5633, 994b73f6-7725-4304-b3a4-4941318c1d6c:c5633]
2019-07-08 19:53:50,215 INFO  client.GrpcClientProtocolClient (GrpcClientProtocolClient.java:onNext(255)) - client-B2F93226DCBB->056ae293-26b5-4d67-bc5d-e905a6760a80: receive RaftClientReply:client-B2F93226DCBB->056ae293-26b5-4d67-bc5d-e905a6760a80@group-50E32BB97A46, cid=3720, SUCCESS, logIndex=5640, commits[056ae293-26b5-4d67-bc5d-e905a6760a80:c5641, a428730f-9893-43cb-a585-e65a7e8859c8:c5638, 994b73f6-7725-4304-b3a4-4941318c1d6c:c5638]
2019-07-08 19:53:50,215 INFO  client.GrpcClientProtocolClient (GrpcClientProtocolClient.java:onNext(255)) - client-B2F93226DCBB->056ae293-26b5-4d67-bc5d-e905a6760a80: receive RaftClientReply:client-B2F93226DCBB->056ae293-26b5-4d67-bc5d-e905a6760a80@group-50E32BB97A46, cid=3721, SUCCESS, logIndex=5641, commits[056ae293-26b5-4d67-bc5d-e905a6760a80:c5641, a428730f-9893-43cb-a585-e65a7e8859c8:c5638, 994b73f6-7725-4304-b3a4-4941318c1d6c:c5638]
2019-07-08 19:53:50,244 INFO  client.GrpcClientProtocolClient (GrpcClientProtocolClient.java:onNext(255)) - client-B2F93226DCBB->056ae293-26b5-4d67-bc5d-e905a6760a80: receive RaftClientReply:client-B2F93226DCBB->056ae293-26b5-4d67-bc5d-e905a6760a80@group-50E32BB97A46, cid=3722, SUCCESS, logIndex=0, commits[056ae293-26b5-4d67-bc5d-e905a6760a80:c5643, a428730f-9893-43cb-a585-e65a7e8859c8:c5641, 994b73f6-7725-4304-b3a4-4941318c1d6c:c5641]
2019-07-08 19:53:50,278 INFO  client.GrpcClientProtocolClient (GrpcClientProtocolClient.java:onNext(255)) - client-B2F93226DCBB->056ae293-26b5-4d67-bc5d-e905a6760a80: receive RaftClientReply:client-B2F93226DCBB->056ae293-26b5-4d67-bc5d-e905a6760a80@group-50E32BB97A46, cid=3723, SUCCESS, logIndex=5644, commits[056ae293-26b5-4d67-bc5d-e905a6760a80:c5646, a428730f-9893-43cb-a585-e65a7e8859c8:c5643, 994b73f6-7725-4304-b3a4-4941318c1d6c:c5643]
2019-07-08 19:53:50,279 INFO  client.GrpcClientProtocolClient (GrpcClientProtocolClient.java:onNext(255)) - client-B2F93226DCBB->056ae293-26b5-4d67-bc5d-e905a6760a80: receive RaftClientReply:client-B2F93226DCBB->056ae293-26b5-4d67-bc5d-e905a6760a80@group-50E32BB97A46, cid=3724, SUCCESS, logIndex=5645, commits[056ae293-26b5-4d67-bc5d-e905a6760a80:c5647, a428730f-9893-43cb-a585-e65a7e8859c8:c5643, 994b73f6-7725-4304-b3a4-4941318c1d6c:c5643]
2019-07-08 19:53:50,279 INFO  client.GrpcClientProtocolClient (GrpcClientProtocolClient.java:onNext(255)) - client-B2F93226DCBB->056ae293-26b5-4d67-bc5d-e905a6760a80: receive RaftClientReply:client-B2F93226DCBB->056ae293-26b5-4d67-bc5d-e905a6760a80@group-50E32BB97A46, cid=3725, SUCCESS, logIndex=5646, commits[056ae293-26b5-4d67-bc5d-e905a6760a80:c5647, a428730f-9893-43cb-a585-e65a7e8859c8:c5643, 994b73f6-7725-4304-b3a4-4941318c1d6c:c5643]
2019-07-08 19:53:50,280 INFO  client.GrpcClientProtocolClient (GrpcClientProtocolClient.java:onNext(255)) - client-B2F93226DCBB->056ae293-26b5-4d67-bc5d-e905a6760a80: receive RaftClientReply:client-B2F93226DCBB->056ae293-26b5-4d67-bc5d-e905a6760a80@group-50E32BB97A46, cid=3726, SUCCESS, logIndex=5647, commits[056ae293-26b5-4d67-bc5d-e905a6760a80:c5648, a428730f-9893-43cb-a585-e65a7e8859c8:c5644, 994b73f6-7725-4304-b3a4-4941318c1d6c:c5643]
2019-07-08 19:53:50,293 INFO  client.GrpcClientProtocolClient (GrpcClientProtocolClient.java:onNext(255)) - client-B2F93226DCBB->056ae293-26b5-4d67-bc5d-e905a6760a80: receive RaftClientReply:client-B2F93226DCBB->056ae293-26b5-4d67-bc5d-e905a6760a80@group-50E32BB97A46, cid=3727, SUCCESS, logIndex=0, commits[056ae293-26b5-4d67-bc5d-e905a6760a80:c5650, a428730f-9893-43cb-a585-e65a7e8859c8:c5645, 994b73f6-7725-4304-b3a4-4941318c1d6c:c5646]
2019-07-08 19:53:50,323 INFO  client.GrpcClientProtocolClient (GrpcClientProtocolClient.java:onNext(255)) - client-B2F93226DCBB->056ae293-26b5-4d67-bc5d-e905a6760a80: receive RaftClientReply:client-B2F93226DCBB->056ae293-26b5-4d67-bc5d-e905a6760a80@group-50E32BB97A46, cid=3728, SUCCESS, logIndex=5652, commits[056ae293-26b5-4d67-bc5d-e905a6760a80:c5653, a428730f-9893-43cb-a585-e65a7e8859c8:c5651, 994b73f6-7725-4304-b3a4-4941318c1d6c:c5651]
2019-07-08 19:53:50,323 INFO  client.GrpcClientProtocolClient (GrpcClientProtocolClient.java:onNext(255)) - client-B2F93226DCBB->056ae293-26b5-4d67-bc5d-e905a6760a80: receive RaftClientReply:client-B2F93226DCBB->056ae293-26b5-4d67-bc5d-e905a6760a80@group-50E32BB97A46, cid=3729, SUCCESS, logIndex=5653, commits[056ae293-26b5-4d67-bc5d-e905a6760a80:c5653, a428730f-9893-43cb-a585-e65a7e8859c8:c5651, 994b73f6-7725-4304-b3a4-4941318c1d6c:c5651]
2019-07-08 19:53:50,349 INFO  client.GrpcClientProtocolClient (GrpcClientProtocolClient.java:onNext(255)) - client-B2F93226DCBB->056ae293-26b5-4d67-bc5d-e905a6760a80: receive RaftClientReply:client-B2F93226DCBB->056ae293-26b5-4d67-bc5d-e905a6760a80@group-50E32BB97A46, cid=3730, SUCCESS, logIndex=5656, commits[056ae293-26b5-4d67-bc5d-e905a6760a80:c5657, a428730f-9893-43cb-a585-e65a7e8859c8:c5653, 994b73f6-7725-4304-b3a4-4941318c1d6c:c5653]
2019-07-08 19:53:50,349 INFO  client.GrpcClientProtocolClient (GrpcClientProtocolClient.java:onNext(255)) - client-B2F93226DCBB->056ae293-26b5-4d67-bc5d-e905a6760a80: receive RaftClientReply:client-B2F93226DCBB->056ae293-26b5-4d67-bc5d-e905a6760a80@group-50E32BB97A46, cid=3731, SUCCESS, logIndex=5657, commits[056ae293-26b5-4d67-bc5d-e905a6760a80:c5657, a428730f-9893-43cb-a585-e65a7e8859c8:c5653, 994b73f6-7725-4304-b3a4-4941318c1d6c:c5653]
2019-07-08 19:53:50,352 INFO  client.GrpcClientProtocolClient (GrpcClientProtocolClient.java:onNext(255)) - client-B2F93226DCBB->056ae293-26b5-4d67-bc5d-e905a6760a80: receive RaftClientReply:client-B2F93226DCBB->056ae293-26b5-4d67-bc5d-e905a6760a80@group-50E32BB97A46, cid=3732, SUCCESS, logIndex=0, commits[056ae293-26b5-4d67-bc5d-e905a6760a80:c5658, a428730f-9893-43cb-a585-e65a7e8859c8:c5657, 994b73f6-7725-4304-b3a4-4941318c1d6c:c5657]
2019-07-08 19:53:50,376 INFO  client.GrpcClientProtocolClient (GrpcClientProtocolClient.java:onNext(255)) - client-B2F93226DCBB->056ae293-26b5-4d67-bc5d-e905a6760a80: receive RaftClientReply:client-B2F93226DCBB->056ae293-26b5-4d67-bc5d-e905a6760a80@group-50E32BB97A46, cid=3733, SUCCESS, logIndex=5660, commits[056ae293-26b5-4d67-bc5d-e905a6760a80:c5661, a428730f-9893-43cb-a585-e65a7e8859c8:c5659, 994b73f6-7725-4304-b3a4-4941318c1d6c:c5657]
2019-07-08 19:53:50,376 INFO  client.GrpcClientProtocolClient (GrpcClientProtocolClient.java:onNext(255)) - client-B2F93226DCBB->056ae293-26b5-4d67-bc5d-e905a6760a80: receive RaftClientReply:client-B2F93226DCBB->056ae293-26b5-4d67-bc5d-e905a6760a80@group-50E32BB97A46, cid=3734, SUCCESS, logIndex=5661, commits[056ae293-26b5-4d67-bc5d-e905a6760a80:c5661, a428730f-9893-43cb-a585-e65a7e8859c8:c5659, 994b73f6-7725-4304-b3a4-4941318c1d6c:c5657]
2019-07-08 19:53:50,394 INFO  client.GrpcClientProtocolClient (GrpcClientProtocolClient.java:onNext(255)) - client-B2F93226DCBB->056ae293-26b5-4d67-bc5d-e905a6760a80: receive RaftClientReply:client-B2F93226DCBB->056ae293-26b5-4d67-bc5d-e905a6760a80@group-50E32BB97A46, cid=3735, SUCCESS, logIndex=5662, commits[056ae293-26b5-4d67-bc5d-e905a6760a80:c5663, a428730f-9893-43cb-a585-e65a7e8859c8:c5659, 994b73f6-7725-4304-b3a4-4941318c1d6c:c5659]
2019-07-08 19:53:50,394 INFO  client.GrpcClientProtocolClient (GrpcClientProtocolClient.java:onNext(255)) - client-B2F93226DCBB->056ae293-26b5-4d67-bc5d-e905a6760a80: receive RaftClientReply:client-B2F93226DCBB->056ae293-26b5-4d67-bc5d-e905a6760a80@group-50E32BB97A46, cid=3736, SUCCESS, logIndex=5663, commits[056ae293-26b5-4d67-bc5d-e905a6760a80:c5663, a428730f-9893-43cb-a585-e65a7e8859c8:c5659, 994b73f6-7725-4304-b3a4-4941318c1d6c:c5659]
2019-07-08 19:53:50,397 INFO  client.GrpcClientProtocolClient (GrpcClientProtocolClient.java:onNext(255)) - client-B2F93226DCBB->056ae293-26b5-4d67-bc5d-e905a6760a80: receive RaftClientReply:client-B2F93226DCBB->056ae293-26b5-4d67-bc5d-e905a6760a80@group-50E32BB97A46, cid=3737, SUCCESS, logIndex=0, commits[056ae293-26b5-4d67-bc5d-e905a6760a80:c5665, a428730f-9893-43cb-a585-e65a7e8859c8:c5661, 994b73f6-7725-4304-b3a4-4941318c1d6c:c5661]
2019-07-08 19:53:50,411 INFO  client.GrpcClientProtocolClient (GrpcClientProtocolClient.java:onNext(255)) - client-B2F93226DCBB->056ae293-26b5-4d67-bc5d-e905a6760a80: receive RaftClientReply:client-B2F93226DCBB->056ae293-26b5-4d67-bc5d-e905a6760a80@group-50E32BB97A46, cid=3738, SUCCESS, logIndex=5668, commits[056ae293-26b5-4d67-bc5d-e905a6760a80:c5669, a428730f-9893-43cb-a585-e65a7e8859c8:c5665, 994b73f6-7725-4304-b3a4-4941318c1d6c:c5663]
2019-07-08 19:53:50,412 INFO  client.GrpcClientProtocolClient (GrpcClientProtocolClient.java:onNext(255)) - client-B2F93226DCBB->056ae293-26b5-4d67-bc5d-e905a6760a80: receive RaftClientReply:client-B2F93226DCBB->056ae293-26b5-4d67-bc5d-e905a6760a80@group-50E32BB97A46, cid=3739, SUCCESS, logIndex=5669, commits[056ae293-26b5-4d67-bc5d-e905a6760a80:c5669, a428730f-9893-43cb-a585-e65a7e8859c8:c5665, 994b73f6-7725-4304-b3a4-4941318c1d6c:c5665]
2019-07-08 19:53:50,426 INFO  client.GrpcClientProtocolClient (GrpcClientProtocolClient.java:onNext(255)) - client-B2F93226DCBB->056ae293-26b5-4d67-bc5d-e905a6760a80: receive RaftClientReply:client-B2F93226DCBB->056ae293-26b5-4d67-bc5d-e905a6760a80@group-50E32BB97A46, cid=3740, SUCCESS, logIndex=5671, commits[056ae293-26b5-4d67-bc5d-e905a6760a80:c5672, a428730f-9893-43cb-a585-e65a7e8859c8:c5669, 994b73f6-7725-4304-b3a4-4941318c1d6c:c5669]
2019-07-08 19:53:50,426 INFO  client.GrpcClientProtocolClient (GrpcClientProtocolClient.java:onNext(255)) - client-B2F93226DCBB->056ae293-26b5-4d67-bc5d-e905a6760a80: receive RaftClientReply:client-B2F93226DCBB->056ae293-26b5-4d67-bc5d-e905a6760a80@group-50E32BB97A46, cid=3741, SUCCESS, logIndex=5672, commits[056ae293-26b5-4d67-bc5d-e905a6760a80:c5672, a428730f-9893-43cb-a585-e65a7e8859c8:c5669, 994b73f6-7725-4304-b3a4-4941318c1d6c:c5669]
2019-07-08 19:53:50,451 INFO  client.GrpcClientProtocolClient (GrpcClientProtocolClient.java:onNext(255)) - client-B2F93226DCBB->056ae293-26b5-4d67-bc5d-e905a6760a80: receive RaftClientReply:client-B2F93226DCBB->056ae293-26b5-4d67-bc5d-e905a6760a80@group-50E32BB97A46, cid=3742, SUCCESS, logIndex=0, commits[056ae293-26b5-4d67-bc5d-e905a6760a80:c5674, a428730f-9893-43cb-a585-e65a7e8859c8:c5672, 994b73f6-7725-4304-b3a4-4941318c1d6c:c5672]
 0.00% |█                                                                                                    |  0/1 Time: 0:00:462019-07-08 19:53:50,567 INFO  client.GrpcClientProtocolClient (GrpcClientProtocolClient.java:onNext(255)) - client-B2F93226DCBB->056ae293-26b5-4d67-bc5d-e905a6760a80: receive RaftClientReply:client-B2F93226DCBB->056ae293-26b5-4d67-bc5d-e905a6760a80@group-50E32BB97A46, cid=3743, SUCCESS, logIndex=5675, commits[056ae293-26b5-4d67-bc5d-e905a6760a80:c5676, a428730f-9893-43cb-a585-e65a7e8859c8:c5674, 994b73f6-7725-4304-b3a4-4941318c1d6c:c5674]
2019-07-08 19:53:50,568 INFO  client.GrpcClientProtocolClient (GrpcClientProtocolClient.java:onNext(255)) - client-B2F93226DCBB->056ae293-26b5-4d67-bc5d-e905a6760a80: receive RaftClientReply:client-B2F93226DCBB->056ae293-26b5-4d67-bc5d-e905a6760a80@group-50E32BB97A46, cid=3744, SUCCESS, logIndex=5676, commits[056ae293-26b5-4d67-bc5d-e905a6760a80:c5678, a428730f-9893-43cb-a585-e65a7e8859c8:c5674, 994b73f6-7725-4304-b3a4-4941318c1d6c:c5674]
2019-07-08 19:53:50,568 INFO  client.GrpcClientProtocolClient (GrpcClientProtocolClient.java:onNext(255)) - client-B2F93226DCBB->056ae293-26b5-4d67-bc5d-e905a6760a80: receive RaftClientReply:client-B2F93226DCBB->056ae293-26b5-4d67-bc5d-e905a6760a80@group-50E32BB97A46, cid=3745, SUCCESS, logIndex=5677, commits[056ae293-26b5-4d67-bc5d-e905a6760a80:c5678, a428730f-9893-43cb-a585-e65a7e8859c8:c5674, 994b73f6-7725-4304-b3a4-4941318c1d6c:c5674]
2019-07-08 19:53:50,569 INFO  client.GrpcClientProtocolClient (GrpcClientProtocolClient.java:onNext(255)) - client-B2F93226DCBB->056ae293-26b5-4d67-bc5d-e905a6760a80: receive RaftClientReply:client-B2F93226DCBB->056ae293-26b5-4d67-bc5d-e905a6760a80@group-50E32BB97A46, cid=3746, SUCCESS, logIndex=5678, commits[056ae293-26b5-4d67-bc5d-e905a6760a80:c5680, a428730f-9893-43cb-a585-e65a7e8859c8:c5676, 994b73f6-7725-4304-b3a4-4941318c1d6c:c5676]
2019-07-08 19:53:50,591 INFO  client.GrpcClientProtocolClient (GrpcClientProtocolClient.java:onNext(255)) - client-B2F93226DCBB->056ae293-26b5-4d67-bc5d-e905a6760a80: receive RaftClientReply:client-B2F93226DCBB->056ae293-26b5-4d67-bc5d-e905a6760a80@group-50E32BB97A46, cid=3747, SUCCESS, logIndex=5682, commits[056ae293-26b5-4d67-bc5d-e905a6760a80:c5683, a428730f-9893-43cb-a585-e65a7e8859c8:c5681, 994b73f6-7725-4304-b3a4-4941318c1d6c:c5681]
2019-07-08 19:53:50,592 INFO  client.GrpcClientProtocolClient (GrpcClientProtocolClient.java:onNext(255)) - client-B2F93226DCBB->056ae293-26b5-4d67-bc5d-e905a6760a80: receive RaftClientReply:client-B2F93226DCBB->056ae293-26b5-4d67-bc5d-e905a6760a80@group-50E32BB97A46, cid=3748, SUCCESS, logIndex=5683, commits[056ae293-26b5-4d67-bc5d-e905a6760a80:c5683, a428730f-9893-43cb-a585-e65a7e8859c8:c5681, 994b73f6-7725-4304-b3a4-4941318c1d6c:c5681]
2019-07-08 19:53:50,606 INFO  client.GrpcClientProtocolClient (GrpcClientProtocolClient.java:onNext(255)) - client-B2F93226DCBB->056ae293-26b5-4d67-bc5d-e905a6760a80: receive RaftClientReply:client-B2F93226DCBB->056ae293-26b5-4d67-bc5d-e905a6760a80@group-50E32BB97A46, cid=3749, SUCCESS, logIndex=5686, commits[056ae293-26b5-4d67-bc5d-e905a6760a80:c5687, a428730f-9893-43cb-a585-e65a7e8859c8:c5683, 994b73f6-7725-4304-b3a4-4941318c1d6c:c5683]
2019-07-08 19:53:50,606 INFO  client.GrpcClientProtocolClient (GrpcClientProtocolClient.java:onNext(255)) - client-B2F93226DCBB->056ae293-26b5-4d67-bc5d-e905a6760a80: receive RaftClientReply:client-B2F93226DCBB->056ae293-26b5-4d67-bc5d-e905a6760a80@group-50E32BB97A46, cid=3750, SUCCESS, logIndex=5687, commits[056ae293-26b5-4d67-bc5d-e905a6760a80:c5687, a428730f-9893-43cb-a585-e65a7e8859c8:c5683, 994b73f6-7725-4304-b3a4-4941318c1d6c:c5683]
2019-07-08 19:53:50,622 INFO  client.GrpcClientProtocolClient (GrpcClientProtocolClient.java:onNext(255)) - client-B2F93226DCBB->056ae293-26b5-4d67-bc5d-e905a6760a80: receive RaftClientReply:client-B2F93226DCBB->056ae293-26b5-4d67-bc5d-e905a6760a80@group-50E32BB97A46, cid=3751, SUCCESS, logIndex=0, commits[056ae293-26b5-4d67-bc5d-e905a6760a80:c5688, a428730f-9893-43cb-a585-e65a7e8859c8:c5687, 994b73f6-7725-4304-b3a4-4941318c1d6c:c5687]
2019-07-08 19:53:50,661 INFO  client.GrpcClientProtocolClient (GrpcClientProtocolClient.java:onNext(255)) - client-B2F93226DCBB->056ae293-26b5-4d67-bc5d-e905a6760a80: receive RaftClientReply:client-B2F93226DCBB->056ae293-26b5-4d67-bc5d-e905a6760a80@group-50E32BB97A46, cid=3752, SUCCESS, logIndex=5690, commits[056ae293-26b5-4d67-bc5d-e905a6760a80:c5690, a428730f-9893-43cb-a585-e65a7e8859c8:c5689, 994b73f6-7725-4304-b3a4-4941318c1d6c:c5689]
2019-07-08 19:53:50,662 INFO  client.GrpcClientProtocolClient (GrpcClientProtocolClient.java:onNext(255)) - client-B2F93226DCBB->056ae293-26b5-4d67-bc5d-e905a6760a80: receive RaftClientReply:client-B2F93226DCBB->056ae293-26b5-4d67-bc5d-e905a6760a80@group-50E32BB97A46, cid=3753, SUCCESS, logIndex=5691, commits[056ae293-26b5-4d67-bc5d-e905a6760a80:c5691, a428730f-9893-43cb-a585-e65a7e8859c8:c5689, 994b73f6-7725-4304-b3a4-4941318c1d6c:c5689]
2019-07-08 19:53:50,662 INFO  client.GrpcClientProtocolClient (GrpcClientProtocolClient.java:onNext(255)) - client-B2F93226DCBB->056ae293-26b5-4d67-bc5d-e905a6760a80: receive RaftClientReply:client-B2F93226DCBB->056ae293-26b5-4d67-bc5d-e905a6760a80@group-50E32BB97A46, cid=3754, SUCCESS, logIndex=5692, commits[056ae293-26b5-4d67-bc5d-e905a6760a80:c5692, a428730f-9893-43cb-a585-e65a7e8859c8:c5689, 994b73f6-7725-4304-b3a4-4941318c1d6c:c5689]
2019-07-08 19:53:50,663 INFO  client.GrpcClientProtocolClient (GrpcClientProtocolClient.java:onNext(255)) - client-B2F93226DCBB->056ae293-26b5-4d67-bc5d-e905a6760a80: receive RaftClientReply:client-B2F93226DCBB->056ae293-26b5-4d67-bc5d-e905a6760a80@group-50E32BB97A46, cid=3755, SUCCESS, logIndex=5693, commits[056ae293-26b5-4d67-bc5d-e905a6760a80:c5693, a428730f-9893-43cb-a585-e65a7e8859c8:c5689, 994b73f6-7725-4304-b3a4-4941318c1d6c:c5689]
2019-07-08 19:53:50,675 INFO  client.GrpcClientProtocolClient (GrpcClientProtocolClient.java:onNext(255)) - client-B2F93226DCBB->056ae293-26b5-4d67-bc5d-e905a6760a80: receive RaftClientReply:client-B2F93226DCBB->056ae293-26b5-4d67-bc5d-e905a6760a80@group-50E32BB97A46, cid=3756, SUCCESS, logIndex=0, commits[056ae293-26b5-4d67-bc5d-e905a6760a80:c5695, a428730f-9893-43cb-a585-e65a7e8859c8:c5691, 994b73f6-7725-4304-b3a4-4941318c1d6c:c5691]
2019-07-08 19:53:50,700 INFO  client.GrpcClientProtocolClient (GrpcClientProtocolClient.java:onNext(255)) - client-B2F93226DCBB->056ae293-26b5-4d67-bc5d-e905a6760a80: receive RaftClientReply:client-B2F93226DCBB->056ae293-26b5-4d67-bc5d-e905a6760a80@group-50E32BB97A46, cid=3757, SUCCESS, logIndex=5698, commits[056ae293-26b5-4d67-bc5d-e905a6760a80:c5699, a428730f-9893-43cb-a585-e65a7e8859c8:c5697, 994b73f6-7725-4304-b3a4-4941318c1d6c:c5697]
2019-07-08 19:53:50,701 INFO  client.GrpcClientProtocolClient (GrpcClientProtocolClient.java:onNext(255)) - client-B2F93226DCBB->056ae293-26b5-4d67-bc5d-e905a6760a80: receive RaftClientReply:client-B2F93226DCBB->056ae293-26b5-4d67-bc5d-e905a6760a80@group-50E32BB97A46, cid=3758, SUCCESS, logIndex=5699, commits[056ae293-26b5-4d67-bc5d-e905a6760a80:c5699, a428730f-9893-43cb-a585-e65a7e8859c8:c5697, 994b73f6-7725-4304-b3a4-4941318c1d6c:c5697]
2019-07-08 19:53:50,724 INFO  client.GrpcClientProtocolClient (GrpcClientProtocolClient.java:onNext(255)) - client-B2F93226DCBB->056ae293-26b5-4d67-bc5d-e905a6760a80: receive RaftClientReply:client-B2F93226DCBB->056ae293-26b5-4d67-bc5d-e905a6760a80@group-50E32BB97A46, cid=3759, SUCCESS, logIndex=5702, commits[056ae293-26b5-4d67-bc5d-e905a6760a80:c5703, a428730f-9893-43cb-a585-e65a7e8859c8:c5699, 994b73f6-7725-4304-b3a4-4941318c1d6c:c5699]
2019-07-08 19:53:50,725 INFO  client.GrpcClientProtocolClient (GrpcClientProtocolClient.java:onNext(255)) - client-B2F93226DCBB->056ae293-26b5-4d67-bc5d-e905a6760a80: receive RaftClientReply:client-B2F93226DCBB->056ae293-26b5-4d67-bc5d-e905a6760a80@group-50E32BB97A46, cid=3760, SUCCESS, logIndex=5703, commits[056ae293-26b5-4d67-bc5d-e905a6760a80:c5703, a428730f-9893-43cb-a585-e65a7e8859c8:c5699, 994b73f6-7725-4304-b3a4-4941318c1d6c:c5699]
2019-07-08 19:53:50,726 INFO  client.GrpcClientProtocolClient (GrpcClientProtocolClient.java:onNext(255)) - client-B2F93226DCBB->056ae293-26b5-4d67-bc5d-e905a6760a80: receive RaftClientReply:client-B2F93226DCBB->056ae293-26b5-4d67-bc5d-e905a6760a80@group-50E32BB97A46, cid=3761, SUCCESS, logIndex=0, commits[056ae293-26b5-4d67-bc5d-e905a6760a80:c5704, a428730f-9893-43cb-a585-e65a7e8859c8:c5703, 994b73f6-7725-4304-b3a4-4941318c1d6c:c5703]
2019-07-08 19:53:50,762 INFO  client.GrpcClientProtocolClient (GrpcClientProtocolClient.java:onNext(255)) - client-B2F93226DCBB->056ae293-26b5-4d67-bc5d-e905a6760a80: receive RaftClientReply:client-B2F93226DCBB->056ae293-26b5-4d67-bc5d-e905a6760a80@group-50E32BB97A46, cid=3762, SUCCESS, logIndex=5706, commits[056ae293-26b5-4d67-bc5d-e905a6760a80:c5707, a428730f-9893-43cb-a585-e65a7e8859c8:c5705, 994b73f6-7725-4304-b3a4-4941318c1d6c:c5705]
2019-07-08 19:53:50,763 INFO  client.GrpcClientProtocolClient (GrpcClientProtocolClient.java:onNext(255)) - client-B2F93226DCBB->056ae293-26b5-4d67-bc5d-e905a6760a80: receive RaftClientReply:client-B2F93226DCBB->056ae293-26b5-4d67-bc5d-e905a6760a80@group-50E32BB97A46, cid=3763, SUCCESS, logIndex=5707, commits[056ae293-26b5-4d67-bc5d-e905a6760a80:c5707, a428730f-9893-43cb-a585-e65a7e8859c8:c5705, 994b73f6-7725-4304-b3a4-4941318c1d6c:c5705]
2019-07-08 19:53:50,763 INFO  client.GrpcClientProtocolClient (GrpcClientProtocolClient.java:onNext(255)) - client-B2F93226DCBB->056ae293-26b5-4d67-bc5d-e905a6760a80: receive RaftClientReply:client-B2F93226DCBB->056ae293-26b5-4d67-bc5d-e905a6760a80@group-50E32BB97A46, cid=3764, SUCCESS, logIndex=5708, commits[056ae293-26b5-4d67-bc5d-e905a6760a80:c5709, a428730f-9893-43cb-a585-e65a7e8859c8:c5705, 994b73f6-7725-4304-b3a4-4941318c1d6c:c5705]
2019-07-08 19:53:50,764 INFO  client.GrpcClientProtocolClient (GrpcClientProtocolClient.java:onNext(255)) - client-B2F93226DCBB->056ae293-26b5-4d67-bc5d-e905a6760a80: receive RaftClientReply:client-B2F93226DCBB->056ae293-26b5-4d67-bc5d-e905a6760a80@group-50E32BB97A46, cid=3765, SUCCESS, logIndex=5709, commits[056ae293-26b5-4d67-bc5d-e905a6760a80:c5709, a428730f-9893-43cb-a585-e65a7e8859c8:c5705, 994b73f6-7725-4304-b3a4-4941318c1d6c:c5705]
2019-07-08 19:53:50,777 INFO  client.GrpcClientProtocolClient (GrpcClientProtocolClient.java:onNext(255)) - client-B2F93226DCBB->056ae293-26b5-4d67-bc5d-e905a6760a80: receive RaftClientReply:client-B2F93226DCBB->056ae293-26b5-4d67-bc5d-e905a6760a80@group-50E32BB97A46, cid=3766, SUCCESS, logIndex=0, commits[056ae293-26b5-4d67-bc5d-e905a6760a80:c5711, a428730f-9893-43cb-a585-e65a7e8859c8:c5707, 994b73f6-7725-4304-b3a4-4941318c1d6c:c5707]
2019-07-08 19:53:50,801 INFO  client.GrpcClientProtocolClient (GrpcClientProtocolClient.java:onNext(255)) - client-B2F93226DCBB->056ae293-26b5-4d67-bc5d-e905a6760a80: receive RaftClientReply:client-B2F93226DCBB->056ae293-26b5-4d67-bc5d-e905a6760a80@group-50E32BB97A46, cid=3767, SUCCESS, logIndex=5714, commits[056ae293-26b5-4d67-bc5d-e905a6760a80:c5715, a428730f-9893-43cb-a585-e65a7e8859c8:c5713, 994b73f6-7725-4304-b3a4-4941318c1d6c:c5713]
2019-07-08 19:53:50,802 INFO  client.GrpcClientProtocolClient (GrpcClientProtocolClient.java:onNext(255)) - client-B2F93226DCBB->056ae293-26b5-4d67-bc5d-e905a6760a80: receive RaftClientReply:client-B2F93226DCBB->056ae293-26b5-4d67-bc5d-e905a6760a80@group-50E32BB97A46, cid=3768, SUCCESS, logIndex=5715, commits[056ae293-26b5-4d67-bc5d-e905a6760a80:c5715, a428730f-9893-43cb-a585-e65a7e8859c8:c5713, 994b73f6-7725-4304-b3a4-4941318c1d6c:c5713]
2019-07-08 19:53:50,817 INFO  client.GrpcClientProtocolClient (GrpcClientProtocolClient.java:onNext(255)) - client-B2F93226DCBB->056ae293-26b5-4d67-bc5d-e905a6760a80: receive RaftClientReply:client-B2F93226DCBB->056ae293-26b5-4d67-bc5d-e905a6760a80@group-50E32BB97A46, cid=3769, SUCCESS, logIndex=5718, commits[056ae293-26b5-4d67-bc5d-e905a6760a80:c5718, a428730f-9893-43cb-a585-e65a7e8859c8:c5715, 994b73f6-7725-4304-b3a4-4941318c1d6c:c5715]
2019-07-08 19:53:50,817 INFO  client.GrpcClientProtocolClient (GrpcClientProtocolClient.java:onNext(255)) - client-B2F93226DCBB->056ae293-26b5-4d67-bc5d-e905a6760a80: receive RaftClientReply:client-B2F93226DCBB->056ae293-26b5-4d67-bc5d-e905a6760a80@group-50E32BB97A46, cid=3770, SUCCESS, logIndex=5719, commits[056ae293-26b5-4d67-bc5d-e905a6760a80:c5719, a428730f-9893-43cb-a585-e65a7e8859c8:c5715, 994b73f6-7725-4304-b3a4-4941318c1d6c:c5715]
2019-07-08 19:53:50,840 INFO  client.GrpcClientProtocolClient (GrpcClientProtocolClient.java:onNext(255)) - client-B2F93226DCBB->056ae293-26b5-4d67-bc5d-e905a6760a80: receive RaftClientReply:client-B2F93226DCBB->056ae293-26b5-4d67-bc5d-e905a6760a80@group-50E32BB97A46, cid=3771, SUCCESS, logIndex=0, commits[056ae293-26b5-4d67-bc5d-e905a6760a80:c5721, a428730f-9893-43cb-a585-e65a7e8859c8:c5719, 994b73f6-7725-4304-b3a4-4941318c1d6c:c5719]
2019-07-08 19:53:50,880 INFO  client.GrpcClientProtocolClient (GrpcClientProtocolClient.java:onNext(255)) - client-B2F93226DCBB->056ae293-26b5-4d67-bc5d-e905a6760a80: receive RaftClientReply:client-B2F93226DCBB->056ae293-26b5-4d67-bc5d-e905a6760a80@group-50E32BB97A46, cid=3772, SUCCESS, logIndex=5722, commits[056ae293-26b5-4d67-bc5d-e905a6760a80:c5723, a428730f-9893-43cb-a585-e65a7e8859c8:c5721, 994b73f6-7725-4304-b3a4-4941318c1d6c:c5721]
2019-07-08 19:53:50,881 INFO  client.GrpcClientProtocolClient (GrpcClientProtocolClient.java:onNext(255)) - client-B2F93226DCBB->056ae293-26b5-4d67-bc5d-e905a6760a80: receive RaftClientReply:client-B2F93226DCBB->056ae293-26b5-4d67-bc5d-e905a6760a80@group-50E32BB97A46, cid=3773, SUCCESS, logIndex=5723, commits[056ae293-26b5-4d67-bc5d-e905a6760a80:c5725, a428730f-9893-43cb-a585-e65a7e8859c8:c5721, 994b73f6-7725-4304-b3a4-4941318c1d6c:c5721]
2019-07-08 19:53:50,881 INFO  client.GrpcClientProtocolClient (GrpcClientProtocolClient.java:onNext(255)) - client-B2F93226DCBB->056ae293-26b5-4d67-bc5d-e905a6760a80: receive RaftClientReply:client-B2F93226DCBB->056ae293-26b5-4d67-bc5d-e905a6760a80@group-50E32BB97A46, cid=3774, SUCCESS, logIndex=5724, commits[056ae293-26b5-4d67-bc5d-e905a6760a80:c5725, a428730f-9893-43cb-a585-e65a7e8859c8:c5721, 994b73f6-7725-4304-b3a4-4941318c1d6c:c5721]
2019-07-08 19:53:50,882 INFO  client.GrpcClientProtocolClient (GrpcClientProtocolClient.java:onNext(255)) - client-B2F93226DCBB->056ae293-26b5-4d67-bc5d-e905a6760a80: receive RaftClientReply:client-B2F93226DCBB->056ae293-26b5-4d67-bc5d-e905a6760a80@group-50E32BB97A46, cid=3775, SUCCESS, logIndex=5725, commits[056ae293-26b5-4d67-bc5d-e905a6760a80:c5725, a428730f-9893-43cb-a585-e65a7e8859c8:c5721, 994b73f6-7725-4304-b3a4-4941318c1d6c:c5721]
2019-07-08 19:53:50,895 INFO  client.GrpcClientProtocolClient (GrpcClientProtocolClient.java:onNext(255)) - client-B2F93226DCBB->056ae293-26b5-4d67-bc5d-e905a6760a80: receive RaftClientReply:client-B2F93226DCBB->056ae293-26b5-4d67-bc5d-e905a6760a80@group-50E32BB97A46, cid=3776, SUCCESS, logIndex=0, commits[056ae293-26b5-4d67-bc5d-e905a6760a80:c5728, a428730f-9893-43cb-a585-e65a7e8859c8:c5723, 994b73f6-7725-4304-b3a4-4941318c1d6c:c5725]
2019-07-08 19:53:50,919 INFO  client.GrpcClientProtocolClient (GrpcClientProtocolClient.java:onNext(255)) - client-B2F93226DCBB->056ae293-26b5-4d67-bc5d-e905a6760a80: receive RaftClientReply:client-B2F93226DCBB->056ae293-26b5-4d67-bc5d-e905a6760a80@group-50E32BB97A46, cid=3777, SUCCESS, logIndex=5729, commits[056ae293-26b5-4d67-bc5d-e905a6760a80:c5730, a428730f-9893-43cb-a585-e65a7e8859c8:c5728, 994b73f6-7725-4304-b3a4-4941318c1d6c:c5728]
2019-07-08 19:53:50,919 INFO  client.GrpcClientProtocolClient (GrpcClientProtocolClient.java:onNext(255)) - client-B2F93226DCBB->056ae293-26b5-4d67-bc5d-e905a6760a80: receive RaftClientReply:client-B2F93226DCBB->056ae293-26b5-4d67-bc5d-e905a6760a80@group-50E32BB97A46, cid=3778, SUCCESS, logIndex=5730, commits[056ae293-26b5-4d67-bc5d-e905a6760a80:c5730, a428730f-9893-43cb-a585-e65a7e8859c8:c5728, 994b73f6-7725-4304-b3a4-4941318c1d6c:c5728]
2019-07-08 19:53:50,941 INFO  client.GrpcClientProtocolClient (GrpcClientProtocolClient.java:onNext(255)) - client-B2F93226DCBB->056ae293-26b5-4d67-bc5d-e905a6760a80: receive RaftClientReply:client-B2F93226DCBB->056ae293-26b5-4d67-bc5d-e905a6760a80@group-50E32BB97A46, cid=3779, SUCCESS, logIndex=5733, commits[056ae293-26b5-4d67-bc5d-e905a6760a80:c5734, a428730f-9893-43cb-a585-e65a7e8859c8:c5730, 994b73f6-7725-4304-b3a4-4941318c1d6c:c5730]
2019-07-08 19:53:50,942 INFO  client.GrpcClientProtocolClient (GrpcClientProtocolClient.java:onNext(255)) - client-B2F93226DCBB->056ae293-26b5-4d67-bc5d-e905a6760a80: receive RaftClientReply:client-B2F93226DCBB->056ae293-26b5-4d67-bc5d-e905a6760a80@group-50E32BB97A46, cid=3780, SUCCESS, logIndex=5734, commits[056ae293-26b5-4d67-bc5d-e905a6760a80:c5734, a428730f-9893-43cb-a585-e65a7e8859c8:c5730, 994b73f6-7725-4304-b3a4-4941318c1d6c:c5730]
2019-07-08 19:53:50,964 INFO  client.GrpcClientProtocolClient (GrpcClientProtocolClient.java:onNext(255)) - client-B2F93226DCBB->056ae293-26b5-4d67-bc5d-e905a6760a80: receive RaftClientReply:client-B2F93226DCBB->056ae293-26b5-4d67-bc5d-e905a6760a80@group-50E32BB97A46, cid=3781, SUCCESS, logIndex=0, commits[056ae293-26b5-4d67-bc5d-e905a6760a80:c5735, a428730f-9893-43cb-a585-e65a7e8859c8:c5734, 994b73f6-7725-4304-b3a4-4941318c1d6c:c5734]
2019-07-08 19:53:50,996 INFO  client.GrpcClientProtocolClient (GrpcClientProtocolClient.java:onNext(255)) - client-B2F93226DCBB->056ae293-26b5-4d67-bc5d-e905a6760a80: receive RaftClientReply:client-B2F93226DCBB->056ae293-26b5-4d67-bc5d-e905a6760a80@group-50E32BB97A46, cid=3782, SUCCESS, logIndex=5737, commits[056ae293-26b5-4d67-bc5d-e905a6760a80:c5738, a428730f-9893-43cb-a585-e65a7e8859c8:c5734, 994b73f6-7725-4304-b3a4-4941318c1d6c:c5736]
2019-07-08 19:53:50,997 INFO  client.GrpcClientProtocolClient (GrpcClientProtocolClient.java:onNext(255)) - client-B2F93226DCBB->056ae293-26b5-4d67-bc5d-e905a6760a80: receive RaftClientReply:client-B2F93226DCBB->056ae293-26b5-4d67-bc5d-e905a6760a80@group-50E32BB97A46, cid=3783, SUCCESS, logIndex=5738, commits[056ae293-26b5-4d67-bc5d-e905a6760a80:c5738, a428730f-9893-43cb-a585-e65a7e8859c8:c5734, 994b73f6-7725-4304-b3a4-4941318c1d6c:c5736]
2019-07-08 19:53:50,998 INFO  client.GrpcClientProtocolClient (GrpcClientProtocolClient.java:onNext(255)) - client-B2F93226DCBB->056ae293-26b5-4d67-bc5d-e905a6760a80: receive RaftClientReply:client-B2F93226DCBB->056ae293-26b5-4d67-bc5d-e905a6760a80@group-50E32BB97A46, cid=3784, SUCCESS, logIndex=5739, commits[056ae293-26b5-4d67-bc5d-e905a6760a80:c5740, a428730f-9893-43cb-a585-e65a7e8859c8:c5736, 994b73f6-7725-4304-b3a4-4941318c1d6c:c5736]
2019-07-08 19:53:50,998 INFO  client.GrpcClientProtocolClient (GrpcClientProtocolClient.java:onNext(255)) - client-B2F93226DCBB->056ae293-26b5-4d67-bc5d-e905a6760a80: receive RaftClientReply:client-B2F93226DCBB->056ae293-26b5-4d67-bc5d-e905a6760a80@group-50E32BB97A46, cid=3785, SUCCESS, logIndex=5740, commits[056ae293-26b5-4d67-bc5d-e905a6760a80:c5740, a428730f-9893-43cb-a585-e65a7e8859c8:c5736, 994b73f6-7725-4304-b3a4-4941318c1d6c:c5736]
2019-07-08 19:53:50,999 INFO  client.GrpcClientProtocolClient (GrpcClientProtocolClient.java:onNext(255)) - client-B2F93226DCBB->056ae293-26b5-4d67-bc5d-e905a6760a80: receive RaftClientReply:client-B2F93226DCBB->056ae293-26b5-4d67-bc5d-e905a6760a80@group-50E32BB97A46, cid=3786, SUCCESS, logIndex=0, commits[056ae293-26b5-4d67-bc5d-e905a6760a80:c5743, a428730f-9893-43cb-a585-e65a7e8859c8:c5738, 994b73f6-7725-4304-b3a4-4941318c1d6c:c5739]
2019-07-08 19:53:51,030 INFO  client.GrpcClientProtocolClient (GrpcClientProtocolClient.java:onNext(255)) - client-B2F93226DCBB->056ae293-26b5-4d67-bc5d-e905a6760a80: receive RaftClientReply:client-B2F93226DCBB->056ae293-26b5-4d67-bc5d-e905a6760a80@group-50E32BB97A46, cid=3787, SUCCESS, logIndex=5745, commits[056ae293-26b5-4d67-bc5d-e905a6760a80:c5746, a428730f-9893-43cb-a585-e65a7e8859c8:c5744, 994b73f6-7725-4304-b3a4-4941318c1d6c:c5744]
2019-07-08 19:53:51,030 INFO  client.GrpcClientProtocolClient (GrpcClientProtocolClient.java:onNext(255)) - client-B2F93226DCBB->056ae293-26b5-4d67-bc5d-e905a6760a80: receive RaftClientReply:client-B2F93226DCBB->056ae293-26b5-4d67-bc5d-e905a6760a80@group-50E32BB97A46, cid=3788, SUCCESS, logIndex=5746, commits[056ae293-26b5-4d67-bc5d-e905a6760a80:c5746, a428730f-9893-43cb-a585-e65a7e8859c8:c5744, 994b73f6-7725-4304-b3a4-4941318c1d6c:c5744]
2019-07-08 19:53:51,057 INFO  client.GrpcClientProtocolClient (GrpcClientProtocolClient.java:onNext(255)) - client-B2F93226DCBB->056ae293-26b5-4d67-bc5d-e905a6760a80: receive RaftClientReply:client-B2F93226DCBB->056ae293-26b5-4d67-bc5d-e905a6760a80@group-50E32BB97A46, cid=3789, SUCCESS, logIndex=5749, commits[056ae293-26b5-4d67-bc5d-e905a6760a80:c5750, a428730f-9893-43cb-a585-e65a7e8859c8:c5746, 994b73f6-7725-4304-b3a4-4941318c1d6c:c5746]
2019-07-08 19:53:51,057 INFO  client.GrpcClientProtocolClient (GrpcClientProtocolClient.java:onNext(255)) - client-B2F93226DCBB->056ae293-26b5-4d67-bc5d-e905a6760a80: receive RaftClientReply:client-B2F93226DCBB->056ae293-26b5-4d67-bc5d-e905a6760a80@group-50E32BB97A46, cid=3790, SUCCESS, logIndex=5750, commits[056ae293-26b5-4d67-bc5d-e905a6760a80:c5750, a428730f-9893-43cb-a585-e65a7e8859c8:c5746, 994b73f6-7725-4304-b3a4-4941318c1d6c:c5746]
2019-07-08 19:53:51,072 INFO  client.GrpcClientProtocolClient (GrpcClientProtocolClient.java:onNext(255)) - client-B2F93226DCBB->056ae293-26b5-4d67-bc5d-e905a6760a80: receive RaftClientReply:client-B2F93226DCBB->056ae293-26b5-4d67-bc5d-e905a6760a80@group-50E32BB97A46, cid=3791, SUCCESS, logIndex=0, commits[056ae293-26b5-4d67-bc5d-e905a6760a80:c5751, a428730f-9893-43cb-a585-e65a7e8859c8:c5750, 994b73f6-7725-4304-b3a4-4941318c1d6c:c5750]
2019-07-08 19:53:51,114 INFO  client.GrpcClientProtocolClient (GrpcClientProtocolClient.java:onNext(255)) - client-B2F93226DCBB->056ae293-26b5-4d67-bc5d-e905a6760a80: receive RaftClientReply:client-B2F93226DCBB->056ae293-26b5-4d67-bc5d-e905a6760a80@group-50E32BB97A46, cid=3792, SUCCESS, logIndex=5753, commits[056ae293-26b5-4d67-bc5d-e905a6760a80:c5754, a428730f-9893-43cb-a585-e65a7e8859c8:c5752, 994b73f6-7725-4304-b3a4-4941318c1d6c:c5752]
2019-07-08 19:53:51,114 INFO  client.GrpcClientProtocolClient (GrpcClientProtocolClient.java:onNext(255)) - client-B2F93226DCBB->056ae293-26b5-4d67-bc5d-e905a6760a80: receive RaftClientReply:client-B2F93226DCBB->056ae293-26b5-4d67-bc5d-e905a6760a80@group-50E32BB97A46, cid=3793, SUCCESS, logIndex=5754, commits[056ae293-26b5-4d67-bc5d-e905a6760a80:c5754, a428730f-9893-43cb-a585-e65a7e8859c8:c5752, 994b73f6-7725-4304-b3a4-4941318c1d6c:c5752]
2019-07-08 19:53:51,115 INFO  client.GrpcClientProtocolClient (GrpcClientProtocolClient.java:onNext(255)) - client-B2F93226DCBB->056ae293-26b5-4d67-bc5d-e905a6760a80: receive RaftClientReply:client-B2F93226DCBB->056ae293-26b5-4d67-bc5d-e905a6760a80@group-50E32BB97A46, cid=3794, SUCCESS, logIndex=5755, commits[056ae293-26b5-4d67-bc5d-e905a6760a80:c5756, a428730f-9893-43cb-a585-e65a7e8859c8:c5752, 994b73f6-7725-4304-b3a4-4941318c1d6c:c5752]
2019-07-08 19:53:51,115 INFO  client.GrpcClientProtocolClient (GrpcClientProtocolClient.java:onNext(255)) - client-B2F93226DCBB->056ae293-26b5-4d67-bc5d-e905a6760a80: receive RaftClientReply:client-B2F93226DCBB->056ae293-26b5-4d67-bc5d-e905a6760a80@group-50E32BB97A46, cid=3795, SUCCESS, logIndex=5756, commits[056ae293-26b5-4d67-bc5d-e905a6760a80:c5756, a428730f-9893-43cb-a585-e65a7e8859c8:c5752, 994b73f6-7725-4304-b3a4-4941318c1d6c:c5752]
2019-07-08 19:53:51,118 INFO  client.GrpcClientProtocolClient (GrpcClientProtocolClient.java:onNext(255)) - client-B2F93226DCBB->056ae293-26b5-4d67-bc5d-e905a6760a80: receive RaftClientReply:client-B2F93226DCBB->056ae293-26b5-4d67-bc5d-e905a6760a80@group-50E32BB97A46, cid=3796, SUCCESS, logIndex=0, commits[056ae293-26b5-4d67-bc5d-e905a6760a80:c5758, a428730f-9893-43cb-a585-e65a7e8859c8:c5754, 994b73f6-7725-4304-b3a4-4941318c1d6c:c5756]
2019-07-08 19:53:51,130 INFO  client.GrpcClientProtocolClient (GrpcClientProtocolClient.java:onNext(255)) - client-B2F93226DCBB->056ae293-26b5-4d67-bc5d-e905a6760a80: receive RaftClientReply:client-B2F93226DCBB->056ae293-26b5-4d67-bc5d-e905a6760a80@group-50E32BB97A46, cid=3797, SUCCESS, logIndex=5761, commits[056ae293-26b5-4d67-bc5d-e905a6760a80:c5762, a428730f-9893-43cb-a585-e65a7e8859c8:c5756, 994b73f6-7725-4304-b3a4-4941318c1d6c:c5758]
2019-07-08 19:53:51,131 INFO  client.GrpcClientProtocolClient (GrpcClientProtocolClient.java:onNext(255)) - client-B2F93226DCBB->056ae293-26b5-4d67-bc5d-e905a6760a80: receive RaftClientReply:client-B2F93226DCBB->056ae293-26b5-4d67-bc5d-e905a6760a80@group-50E32BB97A46, cid=3798, SUCCESS, logIndex=5762, commits[056ae293-26b5-4d67-bc5d-e905a6760a80:c5762, a428730f-9893-43cb-a585-e65a7e8859c8:c5756, 994b73f6-7725-4304-b3a4-4941318c1d6c:c5758]
2019-07-08 19:53:51,145 INFO  client.GrpcClientProtocolClient (GrpcClientProtocolClient.java:onNext(255)) - client-B2F93226DCBB->056ae293-26b5-4d67-bc5d-e905a6760a80: receive RaftClientReply:client-B2F93226DCBB->056ae293-26b5-4d67-bc5d-e905a6760a80@group-50E32BB97A46, cid=3799, SUCCESS, logIndex=5765, commits[056ae293-26b5-4d67-bc5d-e905a6760a80:c5766, a428730f-9893-43cb-a585-e65a7e8859c8:c5763, 994b73f6-7725-4304-b3a4-4941318c1d6c:c5762]
2019-07-08 19:53:51,145 INFO  client.GrpcClientProtocolClient (GrpcClientProtocolClient.java:onNext(255)) - client-B2F93226DCBB->056ae293-26b5-4d67-bc5d-e905a6760a80: receive RaftClientReply:client-B2F93226DCBB->056ae293-26b5-4d67-bc5d-e905a6760a80@group-50E32BB97A46, cid=3800, SUCCESS, logIndex=5766, commits[056ae293-26b5-4d67-bc5d-e905a6760a80:c5766, a428730f-9893-43cb-a585-e65a7e8859c8:c5763, 994b73f6-7725-4304-b3a4-4941318c1d6c:c5763]
2019-07-08 19:53:51,148 INFO  client.GrpcClientProtocolClient (GrpcClientProtocolClient.java:onNext(255)) - client-B2F93226DCBB->056ae293-26b5-4d67-bc5d-e905a6760a80: receive RaftClientReply:client-B2F93226DCBB->056ae293-26b5-4d67-bc5d-e905a6760a80@group-50E32BB97A46, cid=3801, SUCCESS, logIndex=0, commits[056ae293-26b5-4d67-bc5d-e905a6760a80:c5767, a428730f-9893-43cb-a585-e65a7e8859c8:c5766, 994b73f6-7725-4304-b3a4-4941318c1d6c:c5766]
2019-07-08 19:53:51,191 INFO  client.GrpcClientProtocolClient (GrpcClientProtocolClient.java:onNext(255)) - client-B2F93226DCBB->056ae293-26b5-4d67-bc5d-e905a6760a80: receive RaftClientReply:client-B2F93226DCBB->056ae293-26b5-4d67-bc5d-e905a6760a80@group-50E32BB97A46, cid=3802, SUCCESS, logIndex=5769, commits[056ae293-26b5-4d67-bc5d-e905a6760a80:c5770, a428730f-9893-43cb-a585-e65a7e8859c8:c5768, 994b73f6-7725-4304-b3a4-4941318c1d6c:c5768]
2019-07-08 19:53:51,191 INFO  client.GrpcClientProtocolClient (GrpcClientProtocolClient.java:onNext(255)) - client-B2F93226DCBB->056ae293-26b5-4d67-bc5d-e905a6760a80: receive RaftClientReply:client-B2F93226DCBB->056ae293-26b5-4d67-bc5d-e905a6760a80@group-50E32BB97A46, cid=3803, SUCCESS, logIndex=5770, commits[056ae293-26b5-4d67-bc5d-e905a6760a80:c5772, a428730f-9893-43cb-a585-e65a7e8859c8:c5768, 994b73f6-7725-4304-b3a4-4941318c1d6c:c5768]
2019-07-08 19:53:51,192 INFO  client.GrpcClientProtocolClient (GrpcClientProtocolClient.java:onNext(255)) - client-B2F93226DCBB->056ae293-26b5-4d67-bc5d-e905a6760a80: receive RaftClientReply:client-B2F93226DCBB->056ae293-26b5-4d67-bc5d-e905a6760a80@group-50E32BB97A46, cid=3804, SUCCESS, logIndex=5771, commits[056ae293-26b5-4d67-bc5d-e905a6760a80:c5772, a428730f-9893-43cb-a585-e65a7e8859c8:c5768, 994b73f6-7725-4304-b3a4-4941318c1d6c:c5768]
2019-07-08 19:53:51,192 INFO  client.GrpcClientProtocolClient (GrpcClientProtocolClient.java:onNext(255)) - client-B2F93226DCBB->056ae293-26b5-4d67-bc5d-e905a6760a80: receive RaftClientReply:client-B2F93226DCBB->056ae293-26b5-4d67-bc5d-e905a6760a80@group-50E32BB97A46, cid=3805, SUCCESS, logIndex=5772, commits[056ae293-26b5-4d67-bc5d-e905a6760a80:c5772, a428730f-9893-43cb-a585-e65a7e8859c8:c5768, 994b73f6-7725-4304-b3a4-4941318c1d6c:c5768]
2019-07-08 19:53:51,206 INFO  client.GrpcClientProtocolClient (GrpcClientProtocolClient.java:onNext(255)) - client-B2F93226DCBB->056ae293-26b5-4d67-bc5d-e905a6760a80: receive RaftClientReply:client-B2F93226DCBB->056ae293-26b5-4d67-bc5d-e905a6760a80@group-50E32BB97A46, cid=3806, SUCCESS, logIndex=0, commits[056ae293-26b5-4d67-bc5d-e905a6760a80:c5775, a428730f-9893-43cb-a585-e65a7e8859c8:c5770, 994b73f6-7725-4304-b3a4-4941318c1d6c:c5772]
2019-07-08 19:53:51,224 INFO  client.GrpcClientProtocolClient (GrpcClientProtocolClient.java:onNext(255)) - client-B2F93226DCBB->056ae293-26b5-4d67-bc5d-e905a6760a80: receive RaftClientReply:client-B2F93226DCBB->056ae293-26b5-4d67-bc5d-e905a6760a80@group-50E32BB97A46, cid=3807, SUCCESS, logIndex=5777, commits[056ae293-26b5-4d67-bc5d-e905a6760a80:c5778, a428730f-9893-43cb-a585-e65a7e8859c8:c5776, 994b73f6-7725-4304-b3a4-4941318c1d6c:c5776]
2019-07-08 19:53:51,224 INFO  client.GrpcClientProtocolClient (GrpcClientProtocolClient.java:onNext(255)) - client-B2F93226DCBB->056ae293-26b5-4d67-bc5d-e905a6760a80: receive RaftClientReply:client-B2F93226DCBB->056ae293-26b5-4d67-bc5d-e905a6760a80@group-50E32BB97A46, cid=3808, SUCCESS, logIndex=5778, commits[056ae293-26b5-4d67-bc5d-e905a6760a80:c5778, a428730f-9893-43cb-a585-e65a7e8859c8:c5776, 994b73f6-7725-4304-b3a4-4941318c1d6c:c5776]
2019-07-08 19:53:51,239 INFO  client.GrpcClientProtocolClient (GrpcClientProtocolClient.java:onNext(255)) - client-B2F93226DCBB->056ae293-26b5-4d67-bc5d-e905a6760a80: receive RaftClientReply:client-B2F93226DCBB->056ae293-26b5-4d67-bc5d-e905a6760a80@group-50E32BB97A46, cid=3809, SUCCESS, logIndex=5781, commits[056ae293-26b5-4d67-bc5d-e905a6760a80:c5782, a428730f-9893-43cb-a585-e65a7e8859c8:c5778, 994b73f6-7725-4304-b3a4-4941318c1d6c:c5778]
2019-07-08 19:53:51,239 INFO  client.GrpcClientProtocolClient (GrpcClientProtocolClient.java:onNext(255)) - client-B2F93226DCBB->056ae293-26b5-4d67-bc5d-e905a6760a80: receive RaftClientReply:client-B2F93226DCBB->056ae293-26b5-4d67-bc5d-e905a6760a80@group-50E32BB97A46, cid=3810, SUCCESS, logIndex=5782, commits[056ae293-26b5-4d67-bc5d-e905a6760a80:c5782, a428730f-9893-43cb-a585-e65a7e8859c8:c5778, 994b73f6-7725-4304-b3a4-4941318c1d6c:c5778]
2019-07-08 19:53:51,251 INFO  client.GrpcClientProtocolClient (GrpcClientProtocolClient.java:onNext(255)) - client-B2F93226DCBB->056ae293-26b5-4d67-bc5d-e905a6760a80: receive RaftClientReply:client-B2F93226DCBB->056ae293-26b5-4d67-bc5d-e905a6760a80@group-50E32BB97A46, cid=3811, SUCCESS, logIndex=0, commits[056ae293-26b5-4d67-bc5d-e905a6760a80:c5784, a428730f-9893-43cb-a585-e65a7e8859c8:c5782, 994b73f6-7725-4304-b3a4-4941318c1d6c:c5782]
2019-07-08 19:53:51,290 INFO  client.GrpcClientProtocolClient (GrpcClientProtocolClient.java:onNext(255)) - client-B2F93226DCBB->056ae293-26b5-4d67-bc5d-e905a6760a80: receive RaftClientReply:client-B2F93226DCBB->056ae293-26b5-4d67-bc5d-e905a6760a80@group-50E32BB97A46, cid=3812, SUCCESS, logIndex=5785, commits[056ae293-26b5-4d67-bc5d-e905a6760a80:c5787, a428730f-9893-43cb-a585-e65a7e8859c8:c5784, 994b73f6-7725-4304-b3a4-4941318c1d6c:c5784]
2019-07-08 19:53:51,291 INFO  client.GrpcClientProtocolClient (GrpcClientProtocolClient.java:onNext(255)) - client-B2F93226DCBB->056ae293-26b5-4d67-bc5d-e905a6760a80: receive RaftClientReply:client-B2F93226DCBB->056ae293-26b5-4d67-bc5d-e905a6760a80@group-50E32BB97A46, cid=3813, SUCCESS, logIndex=5786, commits[056ae293-26b5-4d67-bc5d-e905a6760a80:c5788, a428730f-9893-43cb-a585-e65a7e8859c8:c5784, 994b73f6-7725-4304-b3a4-4941318c1d6c:c5784]
2019-07-08 19:53:51,291 INFO  client.GrpcClientProtocolClient (GrpcClientProtocolClient.java:onNext(255)) - client-B2F93226DCBB->056ae293-26b5-4d67-bc5d-e905a6760a80: receive RaftClientReply:client-B2F93226DCBB->056ae293-26b5-4d67-bc5d-e905a6760a80@group-50E32BB97A46, cid=3814, SUCCESS, logIndex=5787, commits[056ae293-26b5-4d67-bc5d-e905a6760a80:c5788, a428730f-9893-43cb-a585-e65a7e8859c8:c5784, 994b73f6-7725-4304-b3a4-4941318c1d6c:c5784]
2019-07-08 19:53:51,291 INFO  client.GrpcClientProtocolClient (GrpcClientProtocolClient.java:onNext(255)) - client-B2F93226DCBB->056ae293-26b5-4d67-bc5d-e905a6760a80: receive RaftClientReply:client-B2F93226DCBB->056ae293-26b5-4d67-bc5d-e905a6760a80@group-50E32BB97A46, cid=3815, SUCCESS, logIndex=5788, commits[056ae293-26b5-4d67-bc5d-e905a6760a80:c5789, a428730f-9893-43cb-a585-e65a7e8859c8:c5784, 994b73f6-7725-4304-b3a4-4941318c1d6c:c5785]
2019-07-08 19:53:51,305 INFO  client.GrpcClientProtocolClient (GrpcClientProtocolClient.java:onNext(255)) - client-B2F93226DCBB->056ae293-26b5-4d67-bc5d-e905a6760a80: receive RaftClientReply:client-B2F93226DCBB->056ae293-26b5-4d67-bc5d-e905a6760a80@group-50E32BB97A46, cid=3816, SUCCESS, logIndex=0, commits[056ae293-26b5-4d67-bc5d-e905a6760a80:c5791, a428730f-9893-43cb-a585-e65a7e8859c8:c5787, 994b73f6-7725-4304-b3a4-4941318c1d6c:c5786]
2019-07-08 19:53:51,320 INFO  client.GrpcClientProtocolClient (GrpcClientProtocolClient.java:onNext(255)) - client-B2F93226DCBB->056ae293-26b5-4d67-bc5d-e905a6760a80: receive RaftClientReply:client-B2F93226DCBB->056ae293-26b5-4d67-bc5d-e905a6760a80@group-50E32BB97A46, cid=3817, SUCCESS, logIndex=5793, commits[056ae293-26b5-4d67-bc5d-e905a6760a80:c5794, a428730f-9893-43cb-a585-e65a7e8859c8:c5792, 994b73f6-7725-4304-b3a4-4941318c1d6c:c5792]
2019-07-08 19:53:51,320 INFO  client.GrpcClientProtocolClient (GrpcClientProtocolClient.java:onNext(255)) - client-B2F93226DCBB->056ae293-26b5-4d67-bc5d-e905a6760a80: receive RaftClientReply:client-B2F93226DCBB->056ae293-26b5-4d67-bc5d-e905a6760a80@group-50E32BB97A46, cid=3818, SUCCESS, logIndex=5794, commits[056ae293-26b5-4d67-bc5d-e905a6760a80:c5794, a428730f-9893-43cb-a585-e65a7e8859c8:c5792, 994b73f6-7725-4304-b3a4-4941318c1d6c:c5792]
2019-07-08 19:53:51,335 INFO  client.GrpcClientProtocolClient (GrpcClientProtocolClient.java:onNext(255)) - client-B2F93226DCBB->056ae293-26b5-4d67-bc5d-e905a6760a80: receive RaftClientReply:client-B2F93226DCBB->056ae293-26b5-4d67-bc5d-e905a6760a80@group-50E32BB97A46, cid=3819, SUCCESS, logIndex=5797, commits[056ae293-26b5-4d67-bc5d-e905a6760a80:c5798, a428730f-9893-43cb-a585-e65a7e8859c8:c5794, 994b73f6-7725-4304-b3a4-4941318c1d6c:c5794]
2019-07-08 19:53:51,335 INFO  client.GrpcClientProtocolClient (GrpcClientProtocolClient.java:onNext(255)) - client-B2F93226DCBB->056ae293-26b5-4d67-bc5d-e905a6760a80: receive RaftClientReply:client-B2F93226DCBB->056ae293-26b5-4d67-bc5d-e905a6760a80@group-50E32BB97A46, cid=3820, SUCCESS, logIndex=5798, commits[056ae293-26b5-4d67-bc5d-e905a6760a80:c5798, a428730f-9893-43cb-a585-e65a7e8859c8:c5794, 994b73f6-7725-4304-b3a4-4941318c1d6c:c5794]
2019-07-08 19:53:51,347 INFO  client.GrpcClientProtocolClient (GrpcClientProtocolClient.java:onNext(255)) - client-B2F93226DCBB->056ae293-26b5-4d67-bc5d-e905a6760a80: receive RaftClientReply:client-B2F93226DCBB->056ae293-26b5-4d67-bc5d-e905a6760a80@group-50E32BB97A46, cid=3821, SUCCESS, logIndex=0, commits[056ae293-26b5-4d67-bc5d-e905a6760a80:c5799, a428730f-9893-43cb-a585-e65a7e8859c8:c5798, 994b73f6-7725-4304-b3a4-4941318c1d6c:c5798]
2019-07-08 19:53:51,378 INFO  client.GrpcClientProtocolClient (GrpcClientProtocolClient.java:onNext(255)) - client-B2F93226DCBB->056ae293-26b5-4d67-bc5d-e905a6760a80: receive RaftClientReply:client-B2F93226DCBB->056ae293-26b5-4d67-bc5d-e905a6760a80@group-50E32BB97A46, cid=3822, SUCCESS, logIndex=5801, commits[056ae293-26b5-4d67-bc5d-e905a6760a80:c5802, a428730f-9893-43cb-a585-e65a7e8859c8:c5800, 994b73f6-7725-4304-b3a4-4941318c1d6c:c5800]
2019-07-08 19:53:51,379 INFO  client.GrpcClientProtocolClient (GrpcClientProtocolClient.java:onNext(255)) - client-B2F93226DCBB->056ae293-26b5-4d67-bc5d-e905a6760a80: receive RaftClientReply:client-B2F93226DCBB->056ae293-26b5-4d67-bc5d-e905a6760a80@group-50E32BB97A46, cid=3823, SUCCESS, logIndex=5802, commits[056ae293-26b5-4d67-bc5d-e905a6760a80:c5802, a428730f-9893-43cb-a585-e65a7e8859c8:c5800, 994b73f6-7725-4304-b3a4-4941318c1d6c:c5800]
2019-07-08 19:53:51,389 INFO  client.GrpcClientProtocolClient (GrpcClientProtocolClient.java:onNext(255)) - client-B2F93226DCBB->056ae293-26b5-4d67-bc5d-e905a6760a80: receive RaftClientReply:client-B2F93226DCBB->056ae293-26b5-4d67-bc5d-e905a6760a80@group-50E32BB97A46, cid=3824, SUCCESS, logIndex=5803, commits[056ae293-26b5-4d67-bc5d-e905a6760a80:c5804, a428730f-9893-43cb-a585-e65a7e8859c8:c5800, 994b73f6-7725-4304-b3a4-4941318c1d6c:c5800]
2019-07-08 19:53:51,390 INFO  client.GrpcClientProtocolClient (GrpcClientProtocolClient.java:onNext(255)) - client-B2F93226DCBB->056ae293-26b5-4d67-bc5d-e905a6760a80: receive RaftClientReply:client-B2F93226DCBB->056ae293-26b5-4d67-bc5d-e905a6760a80@group-50E32BB97A46, cid=3825, SUCCESS, logIndex=5804, commits[056ae293-26b5-4d67-bc5d-e905a6760a80:c5804, a428730f-9893-43cb-a585-e65a7e8859c8:c5800, 994b73f6-7725-4304-b3a4-4941318c1d6c:c5800]
2019-07-08 19:53:51,392 INFO  client.GrpcClientProtocolClient (GrpcClientProtocolClient.java:onNext(255)) - client-B2F93226DCBB->056ae293-26b5-4d67-bc5d-e905a6760a80: receive RaftClientReply:client-B2F93226DCBB->056ae293-26b5-4d67-bc5d-e905a6760a80@group-50E32BB97A46, cid=3826, SUCCESS, logIndex=0, commits[056ae293-26b5-4d67-bc5d-e905a6760a80:c5806, a428730f-9893-43cb-a585-e65a7e8859c8:c5802, 994b73f6-7725-4304-b3a4-4941318c1d6c:c5802]
2019-07-08 19:53:51,409 INFO  client.GrpcClientProtocolClient (GrpcClientProtocolClient.java:onNext(255)) - client-B2F93226DCBB->056ae293-26b5-4d67-bc5d-e905a6760a80: receive RaftClientReply:client-B2F93226DCBB->056ae293-26b5-4d67-bc5d-e905a6760a80@group-50E32BB97A46, cid=3827, SUCCESS, logIndex=5809, commits[056ae293-26b5-4d67-bc5d-e905a6760a80:c5810, a428730f-9893-43cb-a585-e65a7e8859c8:c5804, 994b73f6-7725-4304-b3a4-4941318c1d6c:c5806]
2019-07-08 19:53:51,410 INFO  client.GrpcClientProtocolClient (GrpcClientProtocolClient.java:onNext(255)) - client-B2F93226DCBB->056ae293-26b5-4d67-bc5d-e905a6760a80: receive RaftClientReply:client-B2F93226DCBB->056ae293-26b5-4d67-bc5d-e905a6760a80@group-50E32BB97A46, cid=3828, SUCCESS, logIndex=5810, commits[056ae293-26b5-4d67-bc5d-e905a6760a80:c5810, a428730f-9893-43cb-a585-e65a7e8859c8:c5806, 994b73f6-7725-4304-b3a4-4941318c1d6c:c5806]
2019-07-08 19:53:51,422 INFO  client.GrpcClientProtocolClient (GrpcClientProtocolClient.java:onNext(255)) - client-B2F93226DCBB->056ae293-26b5-4d67-bc5d-e905a6760a80: receive RaftClientReply:client-B2F93226DCBB->056ae293-26b5-4d67-bc5d-e905a6760a80@group-50E32BB97A46, cid=3829, SUCCESS, logIndex=5812, commits[056ae293-26b5-4d67-bc5d-e905a6760a80:c5813, a428730f-9893-43cb-a585-e65a7e8859c8:c5811, 994b73f6-7725-4304-b3a4-4941318c1d6c:c5811]
2019-07-08 19:53:51,423 INFO  client.GrpcClientProtocolClient (GrpcClientProtocolClient.java:onNext(255)) - client-B2F93226DCBB->056ae293-26b5-4d67-bc5d-e905a6760a80: receive RaftClientReply:client-B2F93226DCBB->056ae293-26b5-4d67-bc5d-e905a6760a80@group-50E32BB97A46, cid=3830, SUCCESS, logIndex=5813, commits[056ae293-26b5-4d67-bc5d-e905a6760a80:c5813, a428730f-9893-43cb-a585-e65a7e8859c8:c5811, 994b73f6-7725-4304-b3a4-4941318c1d6c:c5811]
2019-07-08 19:53:51,425 INFO  client.GrpcClientProtocolClient (GrpcClientProtocolClient.java:onNext(255)) - client-B2F93226DCBB->056ae293-26b5-4d67-bc5d-e905a6760a80: receive RaftClientReply:client-B2F93226DCBB->056ae293-26b5-4d67-bc5d-e905a6760a80@group-50E32BB97A46, cid=3831, SUCCESS, logIndex=0, commits[056ae293-26b5-4d67-bc5d-e905a6760a80:c5814, a428730f-9893-43cb-a585-e65a7e8859c8:c5813, 994b73f6-7725-4304-b3a4-4941318c1d6c:c5813]
2019-07-08 19:53:51,450 INFO  client.GrpcClientProtocolClient (GrpcClientProtocolClient.java:onNext(255)) - client-B2F93226DCBB->056ae293-26b5-4d67-bc5d-e905a6760a80: receive RaftClientReply:client-B2F93226DCBB->056ae293-26b5-4d67-bc5d-e905a6760a80@group-50E32BB97A46, cid=3832, SUCCESS, logIndex=5816, commits[056ae293-26b5-4d67-bc5d-e905a6760a80:c5817, a428730f-9893-43cb-a585-e65a7e8859c8:c5815, 994b73f6-7725-4304-b3a4-4941318c1d6c:c5815]
2019-07-08 19:53:51,450 INFO  client.GrpcClientProtocolClient (GrpcClientProtocolClient.java:onNext(255)) - client-B2F93226DCBB->056ae293-26b5-4d67-bc5d-e905a6760a80: receive RaftClientReply:client-B2F93226DCBB->056ae293-26b5-4d67-bc5d-e905a6760a80@group-50E32BB97A46, cid=3833, SUCCESS, logIndex=5817, commits[056ae293-26b5-4d67-bc5d-e905a6760a80:c5817, a428730f-9893-43cb-a585-e65a7e8859c8:c5815, 994b73f6-7725-4304-b3a4-4941318c1d6c:c5815]
2019-07-08 19:53:51,557 INFO  client.GrpcClientProtocolClient (GrpcClientProtocolClient.java:onNext(255)) - client-B2F93226DCBB->056ae293-26b5-4d67-bc5d-e905a6760a80: receive RaftClientReply:client-B2F93226DCBB->056ae293-26b5-4d67-bc5d-e905a6760a80@group-50E32BB97A46, cid=3834, SUCCESS, logIndex=5818, commits[056ae293-26b5-4d67-bc5d-e905a6760a80:c5818, a428730f-9893-43cb-a585-e65a7e8859c8:c5816, 994b73f6-7725-4304-b3a4-4941318c1d6c:c5815]
2019-07-08 19:53:51,557 INFO  client.GrpcClientProtocolClient (GrpcClientProtocolClient.java:onNext(255)) - client-B2F93226DCBB->056ae293-26b5-4d67-bc5d-e905a6760a80: receive RaftClientReply:client-B2F93226DCBB->056ae293-26b5-4d67-bc5d-e905a6760a80@group-50E32BB97A46, cid=3835, SUCCESS, logIndex=5819, commits[056ae293-26b5-4d67-bc5d-e905a6760a80:c5820, a428730f-9893-43cb-a585-e65a7e8859c8:c5817, 994b73f6-7725-4304-b3a4-4941318c1d6c:c5816]
2019-07-08 19:53:51,558 INFO  client.GrpcClientProtocolClient (GrpcClientProtocolClient.java:onNext(255)) - client-B2F93226DCBB->056ae293-26b5-4d67-bc5d-e905a6760a80: receive RaftClientReply:client-B2F93226DCBB->056ae293-26b5-4d67-bc5d-e905a6760a80@group-50E32BB97A46, cid=3836, SUCCESS, logIndex=0, commits[056ae293-26b5-4d67-bc5d-e905a6760a80:c5821, a428730f-9893-43cb-a585-e65a7e8859c8:c5818, 994b73f6-7725-4304-b3a4-4941318c1d6c:c5818]
 0.00% |█                                                                                                    |  0/1 Time: 0:00:472019-07-08 19:53:51,582 INFO  client.GrpcClientProtocolClient (GrpcClientProtocolClient.java:onNext(255)) - client-B2F93226DCBB->056ae293-26b5-4d67-bc5d-e905a6760a80: receive RaftClientReply:client-B2F93226DCBB->056ae293-26b5-4d67-bc5d-e905a6760a80@group-50E32BB97A46, cid=3837, SUCCESS, logIndex=5824, commits[056ae293-26b5-4d67-bc5d-e905a6760a80:c5825, a428730f-9893-43cb-a585-e65a7e8859c8:c5819, 994b73f6-7725-4304-b3a4-4941318c1d6c:c5821]
2019-07-08 19:53:51,583 INFO  client.GrpcClientProtocolClient (GrpcClientProtocolClient.java:onNext(255)) - client-B2F93226DCBB->056ae293-26b5-4d67-bc5d-e905a6760a80: receive RaftClientReply:client-B2F93226DCBB->056ae293-26b5-4d67-bc5d-e905a6760a80@group-50E32BB97A46, cid=3838, SUCCESS, logIndex=5825, commits[056ae293-26b5-4d67-bc5d-e905a6760a80:c5825, a428730f-9893-43cb-a585-e65a7e8859c8:c5821, 994b73f6-7725-4304-b3a4-4941318c1d6c:c5821]
2019-07-08 19:53:51,611 INFO  client.GrpcClientProtocolClient (GrpcClientProtocolClient.java:onNext(255)) - client-B2F93226DCBB->056ae293-26b5-4d67-bc5d-e905a6760a80: receive RaftClientReply:client-B2F93226DCBB->056ae293-26b5-4d67-bc5d-e905a6760a80@group-50E32BB97A46, cid=3839, SUCCESS, logIndex=5828, commits[056ae293-26b5-4d67-bc5d-e905a6760a80:c5829, a428730f-9893-43cb-a585-e65a7e8859c8:c5825, 994b73f6-7725-4304-b3a4-4941318c1d6c:c5825]
2019-07-08 19:53:51,611 INFO  client.GrpcClientProtocolClient (GrpcClientProtocolClient.java:onNext(255)) - client-B2F93226DCBB->056ae293-26b5-4d67-bc5d-e905a6760a80: receive RaftClientReply:client-B2F93226DCBB->056ae293-26b5-4d67-bc5d-e905a6760a80@group-50E32BB97A46, cid=3840, SUCCESS, logIndex=5829, commits[056ae293-26b5-4d67-bc5d-e905a6760a80:c5829, a428730f-9893-43cb-a585-e65a7e8859c8:c5825, 994b73f6-7725-4304-b3a4-4941318c1d6c:c5825]
2019-07-08 19:53:51,622 INFO  client.GrpcClientProtocolClient (GrpcClientProtocolClient.java:onNext(255)) - client-B2F93226DCBB->056ae293-26b5-4d67-bc5d-e905a6760a80: receive RaftClientReply:client-B2F93226DCBB->056ae293-26b5-4d67-bc5d-e905a6760a80@group-50E32BB97A46, cid=3841, SUCCESS, logIndex=0, commits[056ae293-26b5-4d67-bc5d-e905a6760a80:c5830, a428730f-9893-43cb-a585-e65a7e8859c8:c5829, 994b73f6-7725-4304-b3a4-4941318c1d6c:c5829]
2019-07-08 19:53:51,657 INFO  client.GrpcClientProtocolClient (GrpcClientProtocolClient.java:onNext(255)) - client-B2F93226DCBB->056ae293-26b5-4d67-bc5d-e905a6760a80: receive RaftClientReply:client-B2F93226DCBB->056ae293-26b5-4d67-bc5d-e905a6760a80@group-50E32BB97A46, cid=3842, SUCCESS, logIndex=5832, commits[056ae293-26b5-4d67-bc5d-e905a6760a80:c5833, a428730f-9893-43cb-a585-e65a7e8859c8:c5831, 994b73f6-7725-4304-b3a4-4941318c1d6c:c5831]
2019-07-08 19:53:51,658 INFO  client.GrpcClientProtocolClient (GrpcClientProtocolClient.java:onNext(255)) - client-B2F93226DCBB->056ae293-26b5-4d67-bc5d-e905a6760a80: receive RaftClientReply:client-B2F93226DCBB->056ae293-26b5-4d67-bc5d-e905a6760a80@group-50E32BB97A46, cid=3843, SUCCESS, logIndex=5833, commits[056ae293-26b5-4d67-bc5d-e905a6760a80:c5835, a428730f-9893-43cb-a585-e65a7e8859c8:c5831, 994b73f6-7725-4304-b3a4-4941318c1d6c:c5831]
2019-07-08 19:53:51,659 INFO  client.GrpcClientProtocolClient (GrpcClientProtocolClient.java:onNext(255)) - client-B2F93226DCBB->056ae293-26b5-4d67-bc5d-e905a6760a80: receive RaftClientReply:client-B2F93226DCBB->056ae293-26b5-4d67-bc5d-e905a6760a80@group-50E32BB97A46, cid=3844, SUCCESS, logIndex=5834, commits[056ae293-26b5-4d67-bc5d-e905a6760a80:c5835, a428730f-9893-43cb-a585-e65a7e8859c8:c5831, 994b73f6-7725-4304-b3a4-4941318c1d6c:c5831]
2019-07-08 19:53:51,659 INFO  client.GrpcClientProtocolClient (GrpcClientProtocolClient.java:onNext(255)) - client-B2F93226DCBB->056ae293-26b5-4d67-bc5d-e905a6760a80: receive RaftClientReply:client-B2F93226DCBB->056ae293-26b5-4d67-bc5d-e905a6760a80@group-50E32BB97A46, cid=3845, SUCCESS, logIndex=5835, commits[056ae293-26b5-4d67-bc5d-e905a6760a80:c5835, a428730f-9893-43cb-a585-e65a7e8859c8:c5831, 994b73f6-7725-4304-b3a4-4941318c1d6c:c5831]
2019-07-08 19:53:51,673 INFO  client.GrpcClientProtocolClient (GrpcClientProtocolClient.java:onNext(255)) - client-B2F93226DCBB->056ae293-26b5-4d67-bc5d-e905a6760a80: receive RaftClientReply:client-B2F93226DCBB->056ae293-26b5-4d67-bc5d-e905a6760a80@group-50E32BB97A46, cid=3846, SUCCESS, logIndex=0, commits[056ae293-26b5-4d67-bc5d-e905a6760a80:c5837, a428730f-9893-43cb-a585-e65a7e8859c8:c5833, 994b73f6-7725-4304-b3a4-4941318c1d6c:c5833]
2019-07-08 19:53:51,687 INFO  client.GrpcClientProtocolClient (GrpcClientProtocolClient.java:onNext(255)) - client-B2F93226DCBB->056ae293-26b5-4d67-bc5d-e905a6760a80: receive RaftClientReply:client-B2F93226DCBB->056ae293-26b5-4d67-bc5d-e905a6760a80@group-50E32BB97A46, cid=3847, SUCCESS, logIndex=5840, commits[056ae293-26b5-4d67-bc5d-e905a6760a80:c5841, a428730f-9893-43cb-a585-e65a7e8859c8:c5839, 994b73f6-7725-4304-b3a4-4941318c1d6c:c5839]
2019-07-08 19:53:51,688 INFO  client.GrpcClientProtocolClient (GrpcClientProtocolClient.java:onNext(255)) - client-B2F93226DCBB->056ae293-26b5-4d67-bc5d-e905a6760a80: receive RaftClientReply:client-B2F93226DCBB->056ae293-26b5-4d67-bc5d-e905a6760a80@group-50E32BB97A46, cid=3848, SUCCESS, logIndex=5841, commits[056ae293-26b5-4d67-bc5d-e905a6760a80:c5841, a428730f-9893-43cb-a585-e65a7e8859c8:c5839, 994b73f6-7725-4304-b3a4-4941318c1d6c:c5839]
2019-07-08 19:53:51,702 INFO  client.GrpcClientProtocolClient (GrpcClientProtocolClient.java:onNext(255)) - client-B2F93226DCBB->056ae293-26b5-4d67-bc5d-e905a6760a80: receive RaftClientReply:client-B2F93226DCBB->056ae293-26b5-4d67-bc5d-e905a6760a80@group-50E32BB97A46, cid=3849, SUCCESS, logIndex=5844, commits[056ae293-26b5-4d67-bc5d-e905a6760a80:c5844, a428730f-9893-43cb-a585-e65a7e8859c8:c5841, 994b73f6-7725-4304-b3a4-4941318c1d6c:c5841]
2019-07-08 19:53:51,702 INFO  client.GrpcClientProtocolClient (GrpcClientProtocolClient.java:onNext(255)) - client-B2F93226DCBB->056ae293-26b5-4d67-bc5d-e905a6760a80: receive RaftClientReply:client-B2F93226DCBB->056ae293-26b5-4d67-bc5d-e905a6760a80@group-50E32BB97A46, cid=3850, SUCCESS, logIndex=5845, commits[056ae293-26b5-4d67-bc5d-e905a6760a80:c5845, a428730f-9893-43cb-a585-e65a7e8859c8:c5841, 994b73f6-7725-4304-b3a4-4941318c1d6c:c5841]
2019-07-08 19:53:51,707 INFO  client.GrpcClientProtocolClient (GrpcClientProtocolClient.java:onNext(255)) - client-B2F93226DCBB->056ae293-26b5-4d67-bc5d-e905a6760a80: receive RaftClientReply:client-B2F93226DCBB->056ae293-26b5-4d67-bc5d-e905a6760a80@group-50E32BB97A46, cid=3851, SUCCESS, logIndex=0, commits[056ae293-26b5-4d67-bc5d-e905a6760a80:c5847, a428730f-9893-43cb-a585-e65a7e8859c8:c5845, 994b73f6-7725-4304-b3a4-4941318c1d6c:c5845]
2019-07-08 19:53:51,734 INFO  client.GrpcClientProtocolClient (GrpcClientProtocolClient.java:onNext(255)) - client-B2F93226DCBB->056ae293-26b5-4d67-bc5d-e905a6760a80: receive RaftClientReply:client-B2F93226DCBB->056ae293-26b5-4d67-bc5d-e905a6760a80@group-50E32BB97A46, cid=3852, SUCCESS, logIndex=5848, commits[056ae293-26b5-4d67-bc5d-e905a6760a80:c5849, a428730f-9893-43cb-a585-e65a7e8859c8:c5847, 994b73f6-7725-4304-b3a4-4941318c1d6c:c5847]
2019-07-08 19:53:51,735 INFO  client.GrpcClientProtocolClient (GrpcClientProtocolClient.java:onNext(255)) - client-B2F93226DCBB->056ae293-26b5-4d67-bc5d-e905a6760a80: receive RaftClientReply:client-B2F93226DCBB->056ae293-26b5-4d67-bc5d-e905a6760a80@group-50E32BB97A46, cid=3853, SUCCESS, logIndex=5849, commits[056ae293-26b5-4d67-bc5d-e905a6760a80:c5850, a428730f-9893-43cb-a585-e65a7e8859c8:c5847, 994b73f6-7725-4304-b3a4-4941318c1d6c:c5847]
2019-07-08 19:53:51,735 INFO  client.GrpcClientProtocolClient (GrpcClientProtocolClient.java:onNext(255)) - client-B2F93226DCBB->056ae293-26b5-4d67-bc5d-e905a6760a80: receive RaftClientReply:client-B2F93226DCBB->056ae293-26b5-4d67-bc5d-e905a6760a80@group-50E32BB97A46, cid=3854, SUCCESS, logIndex=5850, commits[056ae293-26b5-4d67-bc5d-e905a6760a80:c5851, a428730f-9893-43cb-a585-e65a7e8859c8:c5847, 994b73f6-7725-4304-b3a4-4941318c1d6c:c5847]
2019-07-08 19:53:51,735 INFO  client.GrpcClientProtocolClient (GrpcClientProtocolClient.java:onNext(255)) - client-B2F93226DCBB->056ae293-26b5-4d67-bc5d-e905a6760a80: receive RaftClientReply:client-B2F93226DCBB->056ae293-26b5-4d67-bc5d-e905a6760a80@group-50E32BB97A46, cid=3855, SUCCESS, logIndex=5851, commits[056ae293-26b5-4d67-bc5d-e905a6760a80:c5851, a428730f-9893-43cb-a585-e65a7e8859c8:c5847, 994b73f6-7725-4304-b3a4-4941318c1d6c:c5847]
2019-07-08 19:53:51,737 INFO  client.GrpcClientProtocolClient (GrpcClientProtocolClient.java:onNext(255)) - client-B2F93226DCBB->056ae293-26b5-4d67-bc5d-e905a6760a80: receive RaftClientReply:client-B2F93226DCBB->056ae293-26b5-4d67-bc5d-e905a6760a80@group-50E32BB97A46, cid=3856, SUCCESS, logIndex=0, commits[056ae293-26b5-4d67-bc5d-e905a6760a80:c5853, a428730f-9893-43cb-a585-e65a7e8859c8:c5849, 994b73f6-7725-4304-b3a4-4941318c1d6c:c5849]
2019-07-08 19:53:51,749 INFO  client.GrpcClientProtocolClient (GrpcClientProtocolClient.java:onNext(255)) - client-B2F93226DCBB->056ae293-26b5-4d67-bc5d-e905a6760a80: receive RaftClientReply:client-B2F93226DCBB->056ae293-26b5-4d67-bc5d-e905a6760a80@group-50E32BB97A46, cid=3857, SUCCESS, logIndex=5856, commits[056ae293-26b5-4d67-bc5d-e905a6760a80:c5857, a428730f-9893-43cb-a585-e65a7e8859c8:c5851, 994b73f6-7725-4304-b3a4-4941318c1d6c:c5855]
2019-07-08 19:53:51,750 INFO  client.GrpcClientProtocolClient (GrpcClientProtocolClient.java:onNext(255)) - client-B2F93226DCBB->056ae293-26b5-4d67-bc5d-e905a6760a80: receive RaftClientReply:client-B2F93226DCBB->056ae293-26b5-4d67-bc5d-e905a6760a80@group-50E32BB97A46, cid=3858, SUCCESS, logIndex=5857, commits[056ae293-26b5-4d67-bc5d-e905a6760a80:c5857, a428730f-9893-43cb-a585-e65a7e8859c8:c5855, 994b73f6-7725-4304-b3a4-4941318c1d6c:c5855]
2019-07-08 19:53:51,790 INFO  client.GrpcClientProtocolClient (GrpcClientProtocolClient.java:onNext(255)) - client-B2F93226DCBB->056ae293-26b5-4d67-bc5d-e905a6760a80: receive RaftClientReply:client-B2F93226DCBB->056ae293-26b5-4d67-bc5d-e905a6760a80@group-50E32BB97A46, cid=3859, SUCCESS, logIndex=5860, commits[056ae293-26b5-4d67-bc5d-e905a6760a80:c5861, a428730f-9893-43cb-a585-e65a7e8859c8:c5858, 994b73f6-7725-4304-b3a4-4941318c1d6c:c5858]
2019-07-08 19:53:51,790 INFO  client.GrpcClientProtocolClient (GrpcClientProtocolClient.java:onNext(255)) - client-B2F93226DCBB->056ae293-26b5-4d67-bc5d-e905a6760a80: receive RaftClientReply:client-B2F93226DCBB->056ae293-26b5-4d67-bc5d-e905a6760a80@group-50E32BB97A46, cid=3860, SUCCESS, logIndex=5861, commits[056ae293-26b5-4d67-bc5d-e905a6760a80:c5861, a428730f-9893-43cb-a585-e65a7e8859c8:c5858, 994b73f6-7725-4304-b3a4-4941318c1d6c:c5858]
2019-07-08 19:53:51,804 INFO  client.GrpcClientProtocolClient (GrpcClientProtocolClient.java:onNext(255)) - client-B2F93226DCBB->056ae293-26b5-4d67-bc5d-e905a6760a80: receive RaftClientReply:client-B2F93226DCBB->056ae293-26b5-4d67-bc5d-e905a6760a80@group-50E32BB97A46, cid=3861, SUCCESS, logIndex=0, commits[056ae293-26b5-4d67-bc5d-e905a6760a80:c5863, a428730f-9893-43cb-a585-e65a7e8859c8:c5861, 994b73f6-7725-4304-b3a4-4941318c1d6c:c5861]
2019-07-08 19:53:51,839 INFO  client.GrpcClientProtocolClient (GrpcClientProtocolClient.java:onNext(255)) - client-B2F93226DCBB->056ae293-26b5-4d67-bc5d-e905a6760a80: receive RaftClientReply:client-B2F93226DCBB->056ae293-26b5-4d67-bc5d-e905a6760a80@group-50E32BB97A46, cid=3862, SUCCESS, logIndex=5864, commits[056ae293-26b5-4d67-bc5d-e905a6760a80:c5865, a428730f-9893-43cb-a585-e65a7e8859c8:c5863, 994b73f6-7725-4304-b3a4-4941318c1d6c:c5863]
2019-07-08 19:53:51,840 INFO  client.GrpcClientProtocolClient (GrpcClientProtocolClient.java:onNext(255)) - client-B2F93226DCBB->056ae293-26b5-4d67-bc5d-e905a6760a80: receive RaftClientReply:client-B2F93226DCBB->056ae293-26b5-4d67-bc5d-e905a6760a80@group-50E32BB97A46, cid=3863, SUCCESS, logIndex=5865, commits[056ae293-26b5-4d67-bc5d-e905a6760a80:c5865, a428730f-9893-43cb-a585-e65a7e8859c8:c5863, 994b73f6-7725-4304-b3a4-4941318c1d6c:c5863]
2019-07-08 19:53:51,841 INFO  client.GrpcClientProtocolClient (GrpcClientProtocolClient.java:onNext(255)) - client-B2F93226DCBB->056ae293-26b5-4d67-bc5d-e905a6760a80: receive RaftClientReply:client-B2F93226DCBB->056ae293-26b5-4d67-bc5d-e905a6760a80@group-50E32BB97A46, cid=3864, SUCCESS, logIndex=5866, commits[056ae293-26b5-4d67-bc5d-e905a6760a80:c5866, a428730f-9893-43cb-a585-e65a7e8859c8:c5863, 994b73f6-7725-4304-b3a4-4941318c1d6c:c5863]
2019-07-08 19:53:51,841 INFO  client.GrpcClientProtocolClient (GrpcClientProtocolClient.java:onNext(255)) - client-B2F93226DCBB->056ae293-26b5-4d67-bc5d-e905a6760a80: receive RaftClientReply:client-B2F93226DCBB->056ae293-26b5-4d67-bc5d-e905a6760a80@group-50E32BB97A46, cid=3865, SUCCESS, logIndex=5867, commits[056ae293-26b5-4d67-bc5d-e905a6760a80:c5867, a428730f-9893-43cb-a585-e65a7e8859c8:c5863, 994b73f6-7725-4304-b3a4-4941318c1d6c:c5863]
2019-07-08 19:53:51,842 INFO  client.GrpcClientProtocolClient (GrpcClientProtocolClient.java:onNext(255)) - client-B2F93226DCBB->056ae293-26b5-4d67-bc5d-e905a6760a80: receive RaftClientReply:client-B2F93226DCBB->056ae293-26b5-4d67-bc5d-e905a6760a80@group-50E32BB97A46, cid=3866, SUCCESS, logIndex=0, commits[056ae293-26b5-4d67-bc5d-e905a6760a80:c5869, a428730f-9893-43cb-a585-e65a7e8859c8:c5865, 994b73f6-7725-4304-b3a4-4941318c1d6c:c5865]
2019-07-08 19:53:51,856 INFO  client.GrpcClientProtocolClient (GrpcClientProtocolClient.java:onNext(255)) - client-B2F93226DCBB->056ae293-26b5-4d67-bc5d-e905a6760a80: receive RaftClientReply:client-B2F93226DCBB->056ae293-26b5-4d67-bc5d-e905a6760a80@group-50E32BB97A46, cid=3867, SUCCESS, logIndex=5872, commits[056ae293-26b5-4d67-bc5d-e905a6760a80:c5873, a428730f-9893-43cb-a585-e65a7e8859c8:c5867, 994b73f6-7725-4304-b3a4-4941318c1d6c:c5871]
2019-07-08 19:53:51,856 INFO  client.GrpcClientProtocolClient (GrpcClientProtocolClient.java:onNext(255)) - client-B2F93226DCBB->056ae293-26b5-4d67-bc5d-e905a6760a80: receive RaftClientReply:client-B2F93226DCBB->056ae293-26b5-4d67-bc5d-e905a6760a80@group-50E32BB97A46, cid=3868, SUCCESS, logIndex=5873, commits[056ae293-26b5-4d67-bc5d-e905a6760a80:c5873, a428730f-9893-43cb-a585-e65a7e8859c8:c5871, 994b73f6-7725-4304-b3a4-4941318c1d6c:c5871]
2019-07-08 19:53:51,873 INFO  client.GrpcClientProtocolClient (GrpcClientProtocolClient.java:onNext(255)) - client-B2F93226DCBB->056ae293-26b5-4d67-bc5d-e905a6760a80: receive RaftClientReply:client-B2F93226DCBB->056ae293-26b5-4d67-bc5d-e905a6760a80@group-50E32BB97A46, cid=3869, SUCCESS, logIndex=5876, commits[056ae293-26b5-4d67-bc5d-e905a6760a80:c5877, a428730f-9893-43cb-a585-e65a7e8859c8:c5874, 994b73f6-7725-4304-b3a4-4941318c1d6c:c5874]
2019-07-08 19:53:51,873 INFO  client.GrpcClientProtocolClient (GrpcClientProtocolClient.java:onNext(255)) - client-B2F93226DCBB->056ae293-26b5-4d67-bc5d-e905a6760a80: receive RaftClientReply:client-B2F93226DCBB->056ae293-26b5-4d67-bc5d-e905a6760a80@group-50E32BB97A46, cid=3870, SUCCESS, logIndex=5877, commits[056ae293-26b5-4d67-bc5d-e905a6760a80:c5877, a428730f-9893-43cb-a585-e65a7e8859c8:c5874, 994b73f6-7725-4304-b3a4-4941318c1d6c:c5874]
2019-07-08 19:53:51,888 INFO  client.GrpcClientProtocolClient (GrpcClientProtocolClient.java:onNext(255)) - client-B2F93226DCBB->056ae293-26b5-4d67-bc5d-e905a6760a80: receive RaftClientReply:client-B2F93226DCBB->056ae293-26b5-4d67-bc5d-e905a6760a80@group-50E32BB97A46, cid=3871, SUCCESS, logIndex=0, commits[056ae293-26b5-4d67-bc5d-e905a6760a80:c5879, a428730f-9893-43cb-a585-e65a7e8859c8:c5877, 994b73f6-7725-4304-b3a4-4941318c1d6c:c5877]
2019-07-08 19:53:51,921 INFO  client.GrpcClientProtocolClient (GrpcClientProtocolClient.java:onNext(255)) - client-B2F93226DCBB->056ae293-26b5-4d67-bc5d-e905a6760a80: receive RaftClientReply:client-B2F93226DCBB->056ae293-26b5-4d67-bc5d-e905a6760a80@group-50E32BB97A46, cid=3872, SUCCESS, logIndex=5880, commits[056ae293-26b5-4d67-bc5d-e905a6760a80:c5881, a428730f-9893-43cb-a585-e65a7e8859c8:c5879, 994b73f6-7725-4304-b3a4-4941318c1d6c:c5879]
2019-07-08 19:53:51,921 INFO  client.GrpcClientProtocolClient (GrpcClientProtocolClient.java:onNext(255)) - client-B2F93226DCBB->056ae293-26b5-4d67-bc5d-e905a6760a80: receive RaftClientReply:client-B2F93226DCBB->056ae293-26b5-4d67-bc5d-e905a6760a80@group-50E32BB97A46, cid=3873, SUCCESS, logIndex=5881, commits[056ae293-26b5-4d67-bc5d-e905a6760a80:c5881, a428730f-9893-43cb-a585-e65a7e8859c8:c5879, 994b73f6-7725-4304-b3a4-4941318c1d6c:c5879]
2019-07-08 19:53:51,922 INFO  client.GrpcClientProtocolClient (GrpcClientProtocolClient.java:onNext(255)) - client-B2F93226DCBB->056ae293-26b5-4d67-bc5d-e905a6760a80: receive RaftClientReply:client-B2F93226DCBB->056ae293-26b5-4d67-bc5d-e905a6760a80@group-50E32BB97A46, cid=3874, SUCCESS, logIndex=5882, commits[056ae293-26b5-4d67-bc5d-e905a6760a80:c5883, a428730f-9893-43cb-a585-e65a7e8859c8:c5879, 994b73f6-7725-4304-b3a4-4941318c1d6c:c5879]
2019-07-08 19:53:51,922 INFO  client.GrpcClientProtocolClient (GrpcClientProtocolClient.java:onNext(255)) - client-B2F93226DCBB->056ae293-26b5-4d67-bc5d-e905a6760a80: receive RaftClientReply:client-B2F93226DCBB->056ae293-26b5-4d67-bc5d-e905a6760a80@group-50E32BB97A46, cid=3875, SUCCESS, logIndex=5883, commits[056ae293-26b5-4d67-bc5d-e905a6760a80:c5883, a428730f-9893-43cb-a585-e65a7e8859c8:c5879, 994b73f6-7725-4304-b3a4-4941318c1d6c:c5879]
2019-07-08 19:53:51,935 INFO  client.GrpcClientProtocolClient (GrpcClientProtocolClient.java:onNext(255)) - client-B2F93226DCBB->056ae293-26b5-4d67-bc5d-e905a6760a80: receive RaftClientReply:client-B2F93226DCBB->056ae293-26b5-4d67-bc5d-e905a6760a80@group-50E32BB97A46, cid=3876, SUCCESS, logIndex=0, commits[056ae293-26b5-4d67-bc5d-e905a6760a80:c5885, a428730f-9893-43cb-a585-e65a7e8859c8:c5881, 994b73f6-7725-4304-b3a4-4941318c1d6c:c5881]
2019-07-08 19:53:51,954 INFO  client.GrpcClientProtocolClient (GrpcClientProtocolClient.java:onNext(255)) - client-B2F93226DCBB->056ae293-26b5-4d67-bc5d-e905a6760a80: receive RaftClientReply:client-B2F93226DCBB->056ae293-26b5-4d67-bc5d-e905a6760a80@group-50E32BB97A46, cid=3877, SUCCESS, logIndex=5888, commits[056ae293-26b5-4d67-bc5d-e905a6760a80:c5889, a428730f-9893-43cb-a585-e65a7e8859c8:c5887, 994b73f6-7725-4304-b3a4-4941318c1d6c:c5887]
2019-07-08 19:53:51,954 INFO  client.GrpcClientProtocolClient (GrpcClientProtocolClient.java:onNext(255)) - client-B2F93226DCBB->056ae293-26b5-4d67-bc5d-e905a6760a80: receive RaftClientReply:client-B2F93226DCBB->056ae293-26b5-4d67-bc5d-e905a6760a80@group-50E32BB97A46, cid=3878, SUCCESS, logIndex=5889, commits[056ae293-26b5-4d67-bc5d-e905a6760a80:c5889, a428730f-9893-43cb-a585-e65a7e8859c8:c5887, 994b73f6-7725-4304-b3a4-4941318c1d6c:c5887]
2019-07-08 19:53:51,969 INFO  client.GrpcClientProtocolClient (GrpcClientProtocolClient.java:onNext(255)) - client-B2F93226DCBB->056ae293-26b5-4d67-bc5d-e905a6760a80: receive RaftClientReply:client-B2F93226DCBB->056ae293-26b5-4d67-bc5d-e905a6760a80@group-50E32BB97A46, cid=3879, SUCCESS, logIndex=5892, commits[056ae293-26b5-4d67-bc5d-e905a6760a80:c5893, a428730f-9893-43cb-a585-e65a7e8859c8:c5889, 994b73f6-7725-4304-b3a4-4941318c1d6c:c5889]
2019-07-08 19:53:51,970 INFO  client.GrpcClientProtocolClient (GrpcClientProtocolClient.java:onNext(255)) - client-B2F93226DCBB->056ae293-26b5-4d67-bc5d-e905a6760a80: receive RaftClientReply:client-B2F93226DCBB->056ae293-26b5-4d67-bc5d-e905a6760a80@group-50E32BB97A46, cid=3880, SUCCESS, logIndex=5893, commits[056ae293-26b5-4d67-bc5d-e905a6760a80:c5893, a428730f-9893-43cb-a585-e65a7e8859c8:c5889, 994b73f6-7725-4304-b3a4-4941318c1d6c:c5889]
2019-07-08 19:53:51,984 INFO  client.GrpcClientProtocolClient (GrpcClientProtocolClient.java:onNext(255)) - client-B2F93226DCBB->056ae293-26b5-4d67-bc5d-e905a6760a80: receive RaftClientReply:client-B2F93226DCBB->056ae293-26b5-4d67-bc5d-e905a6760a80@group-50E32BB97A46, cid=3881, SUCCESS, logIndex=0, commits[056ae293-26b5-4d67-bc5d-e905a6760a80:c5894, a428730f-9893-43cb-a585-e65a7e8859c8:c5893, 994b73f6-7725-4304-b3a4-4941318c1d6c:c5893]
2019-07-08 19:53:52,007 INFO  client.GrpcClientProtocolClient (GrpcClientProtocolClient.java:onNext(255)) - client-B2F93226DCBB->056ae293-26b5-4d67-bc5d-e905a6760a80: receive RaftClientReply:client-B2F93226DCBB->056ae293-26b5-4d67-bc5d-e905a6760a80@group-50E32BB97A46, cid=3882, SUCCESS, logIndex=5896, commits[056ae293-26b5-4d67-bc5d-e905a6760a80:c5897, a428730f-9893-43cb-a585-e65a7e8859c8:c5895, 994b73f6-7725-4304-b3a4-4941318c1d6c:c5895]
2019-07-08 19:53:52,008 INFO  client.GrpcClientProtocolClient (GrpcClientProtocolClient.java:onNext(255)) - client-B2F93226DCBB->056ae293-26b5-4d67-bc5d-e905a6760a80: receive RaftClientReply:client-B2F93226DCBB->056ae293-26b5-4d67-bc5d-e905a6760a80@group-50E32BB97A46, cid=3883, SUCCESS, logIndex=5897, commits[056ae293-26b5-4d67-bc5d-e905a6760a80:c5897, a428730f-9893-43cb-a585-e65a7e8859c8:c5895, 994b73f6-7725-4304-b3a4-4941318c1d6c:c5895]
2019-07-08 19:53:52,011 INFO  client.GrpcClientProtocolClient (GrpcClientProtocolClient.java:onNext(255)) - client-B2F93226DCBB->056ae293-26b5-4d67-bc5d-e905a6760a80: receive RaftClientReply:client-B2F93226DCBB->056ae293-26b5-4d67-bc5d-e905a6760a80@group-50E32BB97A46, cid=3884, SUCCESS, logIndex=5898, commits[056ae293-26b5-4d67-bc5d-e905a6760a80:c5900, a428730f-9893-43cb-a585-e65a7e8859c8:c5896, 994b73f6-7725-4304-b3a4-4941318c1d6c:c5895]
2019-07-08 19:53:52,011 INFO  client.GrpcClientProtocolClient (GrpcClientProtocolClient.java:onNext(255)) - client-B2F93226DCBB->056ae293-26b5-4d67-bc5d-e905a6760a80: receive RaftClientReply:client-B2F93226DCBB->056ae293-26b5-4d67-bc5d-e905a6760a80@group-50E32BB97A46, cid=3885, SUCCESS, logIndex=5899, commits[056ae293-26b5-4d67-bc5d-e905a6760a80:c5901, a428730f-9893-43cb-a585-e65a7e8859c8:c5897, 994b73f6-7725-4304-b3a4-4941318c1d6c:c5896]
2019-07-08 19:53:52,012 INFO  client.GrpcClientProtocolClient (GrpcClientProtocolClient.java:onNext(255)) - client-B2F93226DCBB->056ae293-26b5-4d67-bc5d-e905a6760a80: receive RaftClientReply:client-B2F93226DCBB->056ae293-26b5-4d67-bc5d-e905a6760a80@group-50E32BB97A46, cid=3886, SUCCESS, logIndex=0, commits[056ae293-26b5-4d67-bc5d-e905a6760a80:c5902, a428730f-9893-43cb-a585-e65a7e8859c8:c5898, 994b73f6-7725-4304-b3a4-4941318c1d6c:c5897]
2019-07-08 19:53:52,043 INFO  client.GrpcClientProtocolClient (GrpcClientProtocolClient.java:onNext(255)) - client-B2F93226DCBB->056ae293-26b5-4d67-bc5d-e905a6760a80: receive RaftClientReply:client-B2F93226DCBB->056ae293-26b5-4d67-bc5d-e905a6760a80@group-50E32BB97A46, cid=3887, SUCCESS, logIndex=5904, commits[056ae293-26b5-4d67-bc5d-e905a6760a80:c5905, a428730f-9893-43cb-a585-e65a7e8859c8:c5903, 994b73f6-7725-4304-b3a4-4941318c1d6c:c5903]
2019-07-08 19:53:52,043 INFO  client.GrpcClientProtocolClient (GrpcClientProtocolClient.java:onNext(255)) - client-B2F93226DCBB->056ae293-26b5-4d67-bc5d-e905a6760a80: receive RaftClientReply:client-B2F93226DCBB->056ae293-26b5-4d67-bc5d-e905a6760a80@group-50E32BB97A46, cid=3888, SUCCESS, logIndex=5905, commits[056ae293-26b5-4d67-bc5d-e905a6760a80:c5905, a428730f-9893-43cb-a585-e65a7e8859c8:c5903, 994b73f6-7725-4304-b3a4-4941318c1d6c:c5903]
2019-07-08 19:53:52,080 INFO  client.GrpcClientProtocolClient (GrpcClientProtocolClient.java:onNext(255)) - client-B2F93226DCBB->056ae293-26b5-4d67-bc5d-e905a6760a80: receive RaftClientReply:client-B2F93226DCBB->056ae293-26b5-4d67-bc5d-e905a6760a80@group-50E32BB97A46, cid=3889, SUCCESS, logIndex=5908, commits[056ae293-26b5-4d67-bc5d-e905a6760a80:c5909, a428730f-9893-43cb-a585-e65a7e8859c8:c5907, 994b73f6-7725-4304-b3a4-4941318c1d6c:c5907]
2019-07-08 19:53:52,081 INFO  client.GrpcClientProtocolClient (GrpcClientProtocolClient.java:onNext(255)) - client-B2F93226DCBB->056ae293-26b5-4d67-bc5d-e905a6760a80: receive RaftClientReply:client-B2F93226DCBB->056ae293-26b5-4d67-bc5d-e905a6760a80@group-50E32BB97A46, cid=3890, SUCCESS, logIndex=5909, commits[056ae293-26b5-4d67-bc5d-e905a6760a80:c5909, a428730f-9893-43cb-a585-e65a7e8859c8:c5907, 994b73f6-7725-4304-b3a4-4941318c1d6c:c5907]
2019-07-08 19:53:52,094 INFO  client.GrpcClientProtocolClient (GrpcClientProtocolClient.java:onNext(255)) - client-B2F93226DCBB->056ae293-26b5-4d67-bc5d-e905a6760a80: receive RaftClientReply:client-B2F93226DCBB->056ae293-26b5-4d67-bc5d-e905a6760a80@group-50E32BB97A46, cid=3891, SUCCESS, logIndex=0, commits[056ae293-26b5-4d67-bc5d-e905a6760a80:c5911, a428730f-9893-43cb-a585-e65a7e8859c8:c5909, 994b73f6-7725-4304-b3a4-4941318c1d6c:c5909]
2019-07-08 19:53:52,129 INFO  client.GrpcClientProtocolClient (GrpcClientProtocolClient.java:onNext(255)) - client-B2F93226DCBB->056ae293-26b5-4d67-bc5d-e905a6760a80: receive RaftClientReply:client-B2F93226DCBB->056ae293-26b5-4d67-bc5d-e905a6760a80@group-50E32BB97A46, cid=3892, SUCCESS, logIndex=5912, commits[056ae293-26b5-4d67-bc5d-e905a6760a80:c5913, a428730f-9893-43cb-a585-e65a7e8859c8:c5911, 994b73f6-7725-4304-b3a4-4941318c1d6c:c5911]
2019-07-08 19:53:52,130 INFO  client.GrpcClientProtocolClient (GrpcClientProtocolClient.java:onNext(255)) - client-B2F93226DCBB->056ae293-26b5-4d67-bc5d-e905a6760a80: receive RaftClientReply:client-B2F93226DCBB->056ae293-26b5-4d67-bc5d-e905a6760a80@group-50E32BB97A46, cid=3893, SUCCESS, logIndex=5913, commits[056ae293-26b5-4d67-bc5d-e905a6760a80:c5914, a428730f-9893-43cb-a585-e65a7e8859c8:c5911, 994b73f6-7725-4304-b3a4-4941318c1d6c:c5911]
2019-07-08 19:53:52,131 INFO  client.GrpcClientProtocolClient (GrpcClientProtocolClient.java:onNext(255)) - client-B2F93226DCBB->056ae293-26b5-4d67-bc5d-e905a6760a80: receive RaftClientReply:client-B2F93226DCBB->056ae293-26b5-4d67-bc5d-e905a6760a80@group-50E32BB97A46, cid=3894, SUCCESS, logIndex=5914, commits[056ae293-26b5-4d67-bc5d-e905a6760a80:c5915, a428730f-9893-43cb-a585-e65a7e8859c8:c5911, 994b73f6-7725-4304-b3a4-4941318c1d6c:c5911]
2019-07-08 19:53:52,131 INFO  client.GrpcClientProtocolClient (GrpcClientProtocolClient.java:onNext(255)) - client-B2F93226DCBB->056ae293-26b5-4d67-bc5d-e905a6760a80: receive RaftClientReply:client-B2F93226DCBB->056ae293-26b5-4d67-bc5d-e905a6760a80@group-50E32BB97A46, cid=3895, SUCCESS, logIndex=5915, commits[056ae293-26b5-4d67-bc5d-e905a6760a80:c5915, a428730f-9893-43cb-a585-e65a7e8859c8:c5911, 994b73f6-7725-4304-b3a4-4941318c1d6c:c5911]
2019-07-08 19:53:52,132 INFO  client.GrpcClientProtocolClient (GrpcClientProtocolClient.java:onNext(255)) - client-B2F93226DCBB->056ae293-26b5-4d67-bc5d-e905a6760a80: receive RaftClientReply:client-B2F93226DCBB->056ae293-26b5-4d67-bc5d-e905a6760a80@group-50E32BB97A46, cid=3896, SUCCESS, logIndex=0, commits[056ae293-26b5-4d67-bc5d-e905a6760a80:c5918, a428730f-9893-43cb-a585-e65a7e8859c8:c5913, 994b73f6-7725-4304-b3a4-4941318c1d6c:c5914]
2019-07-08 19:53:52,153 INFO  client.GrpcClientProtocolClient (GrpcClientProtocolClient.java:onNext(255)) - client-B2F93226DCBB->056ae293-26b5-4d67-bc5d-e905a6760a80: receive RaftClientReply:client-B2F93226DCBB->056ae293-26b5-4d67-bc5d-e905a6760a80@group-50E32BB97A46, cid=3897, SUCCESS, logIndex=5920, commits[056ae293-26b5-4d67-bc5d-e905a6760a80:c5921, a428730f-9893-43cb-a585-e65a7e8859c8:c5919, 994b73f6-7725-4304-b3a4-4941318c1d6c:c5919]
2019-07-08 19:53:52,153 INFO  client.GrpcClientProtocolClient (GrpcClientProtocolClient.java:onNext(255)) - client-B2F93226DCBB->056ae293-26b5-4d67-bc5d-e905a6760a80: receive RaftClientReply:client-B2F93226DCBB->056ae293-26b5-4d67-bc5d-e905a6760a80@group-50E32BB97A46, cid=3898, SUCCESS, logIndex=5921, commits[056ae293-26b5-4d67-bc5d-e905a6760a80:c5921, a428730f-9893-43cb-a585-e65a7e8859c8:c5919, 994b73f6-7725-4304-b3a4-4941318c1d6c:c5919]
2019-07-08 19:53:52,166 INFO  client.GrpcClientProtocolClient (GrpcClientProtocolClient.java:onNext(255)) - client-B2F93226DCBB->056ae293-26b5-4d67-bc5d-e905a6760a80: receive RaftClientReply:client-B2F93226DCBB->056ae293-26b5-4d67-bc5d-e905a6760a80@group-50E32BB97A46, cid=3899, SUCCESS, logIndex=5924, commits[056ae293-26b5-4d67-bc5d-e905a6760a80:c5925, a428730f-9893-43cb-a585-e65a7e8859c8:c5920, 994b73f6-7725-4304-b3a4-4941318c1d6c:c5921]
2019-07-08 19:53:52,167 INFO  client.GrpcClientProtocolClient (GrpcClientProtocolClient.java:onNext(255)) - client-B2F93226DCBB->056ae293-26b5-4d67-bc5d-e905a6760a80: receive RaftClientReply:client-B2F93226DCBB->056ae293-26b5-4d67-bc5d-e905a6760a80@group-50E32BB97A46, cid=3900, SUCCESS, logIndex=5925, commits[056ae293-26b5-4d67-bc5d-e905a6760a80:c5925, a428730f-9893-43cb-a585-e65a7e8859c8:c5921, 994b73f6-7725-4304-b3a4-4941318c1d6c:c5921]
2019-07-08 19:53:52,169 INFO  client.GrpcClientProtocolClient (GrpcClientProtocolClient.java:onNext(255)) - client-B2F93226DCBB->056ae293-26b5-4d67-bc5d-e905a6760a80: receive RaftClientReply:client-B2F93226DCBB->056ae293-26b5-4d67-bc5d-e905a6760a80@group-50E32BB97A46, cid=3901, SUCCESS, logIndex=0, commits[056ae293-26b5-4d67-bc5d-e905a6760a80:c5927, a428730f-9893-43cb-a585-e65a7e8859c8:c5925, 994b73f6-7725-4304-b3a4-4941318c1d6c:c5925]
2019-07-08 19:53:52,205 INFO  client.GrpcClientProtocolClient (GrpcClientProtocolClient.java:onNext(255)) - client-B2F93226DCBB->056ae293-26b5-4d67-bc5d-e905a6760a80: receive RaftClientReply:client-B2F93226DCBB->056ae293-26b5-4d67-bc5d-e905a6760a80@group-50E32BB97A46, cid=3902, SUCCESS, logIndex=5928, commits[056ae293-26b5-4d67-bc5d-e905a6760a80:c5929, a428730f-9893-43cb-a585-e65a7e8859c8:c5927, 994b73f6-7725-4304-b3a4-4941318c1d6c:c5927]
2019-07-08 19:53:52,206 INFO  client.GrpcClientProtocolClient (GrpcClientProtocolClient.java:onNext(255)) - client-B2F93226DCBB->056ae293-26b5-4d67-bc5d-e905a6760a80: receive RaftClientReply:client-B2F93226DCBB->056ae293-26b5-4d67-bc5d-e905a6760a80@group-50E32BB97A46, cid=3903, SUCCESS, logIndex=5929, commits[056ae293-26b5-4d67-bc5d-e905a6760a80:c5931, a428730f-9893-43cb-a585-e65a7e8859c8:c5927, 994b73f6-7725-4304-b3a4-4941318c1d6c:c5927]
2019-07-08 19:53:52,206 INFO  client.GrpcClientProtocolClient (GrpcClientProtocolClient.java:onNext(255)) - client-B2F93226DCBB->056ae293-26b5-4d67-bc5d-e905a6760a80: receive RaftClientReply:client-B2F93226DCBB->056ae293-26b5-4d67-bc5d-e905a6760a80@group-50E32BB97A46, cid=3904, SUCCESS, logIndex=5930, commits[056ae293-26b5-4d67-bc5d-e905a6760a80:c5931, a428730f-9893-43cb-a585-e65a7e8859c8:c5927, 994b73f6-7725-4304-b3a4-4941318c1d6c:c5927]
2019-07-08 19:53:52,207 INFO  client.GrpcClientProtocolClient (GrpcClientProtocolClient.java:onNext(255)) - client-B2F93226DCBB->056ae293-26b5-4d67-bc5d-e905a6760a80: receive RaftClientReply:client-B2F93226DCBB->056ae293-26b5-4d67-bc5d-e905a6760a80@group-50E32BB97A46, cid=3905, SUCCESS, logIndex=5931, commits[056ae293-26b5-4d67-bc5d-e905a6760a80:c5932, a428730f-9893-43cb-a585-e65a7e8859c8:c5929, 994b73f6-7725-4304-b3a4-4941318c1d6c:c5927]
2019-07-08 19:53:52,208 INFO  client.GrpcClientProtocolClient (GrpcClientProtocolClient.java:onNext(255)) - client-B2F93226DCBB->056ae293-26b5-4d67-bc5d-e905a6760a80: receive RaftClientReply:client-B2F93226DCBB->056ae293-26b5-4d67-bc5d-e905a6760a80@group-50E32BB97A46, cid=3906, SUCCESS, logIndex=0, commits[056ae293-26b5-4d67-bc5d-e905a6760a80:c5934, a428730f-9893-43cb-a585-e65a7e8859c8:c5931, 994b73f6-7725-4304-b3a4-4941318c1d6c:c5929]
2019-07-08 19:53:52,228 INFO  client.GrpcClientProtocolClient (GrpcClientProtocolClient.java:onNext(255)) - client-B2F93226DCBB->056ae293-26b5-4d67-bc5d-e905a6760a80: receive RaftClientReply:client-B2F93226DCBB->056ae293-26b5-4d67-bc5d-e905a6760a80@group-50E32BB97A46, cid=3907, SUCCESS, logIndex=5935, commits[056ae293-26b5-4d67-bc5d-e905a6760a80:c5936, a428730f-9893-43cb-a585-e65a7e8859c8:c5934, 994b73f6-7725-4304-b3a4-4941318c1d6c:c5934]
2019-07-08 19:53:52,229 INFO  client.GrpcClientProtocolClient (GrpcClientProtocolClient.java:onNext(255)) - client-B2F93226DCBB->056ae293-26b5-4d67-bc5d-e905a6760a80: receive RaftClientReply:client-B2F93226DCBB->056ae293-26b5-4d67-bc5d-e905a6760a80@group-50E32BB97A46, cid=3908, SUCCESS, logIndex=5936, commits[056ae293-26b5-4d67-bc5d-e905a6760a80:c5936, a428730f-9893-43cb-a585-e65a7e8859c8:c5934, 994b73f6-7725-4304-b3a4-4941318c1d6c:c5934]
2019-07-08 19:53:52,243 INFO  client.GrpcClientProtocolClient (GrpcClientProtocolClient.java:onNext(255)) - client-B2F93226DCBB->056ae293-26b5-4d67-bc5d-e905a6760a80: receive RaftClientReply:client-B2F93226DCBB->056ae293-26b5-4d67-bc5d-e905a6760a80@group-50E32BB97A46, cid=3909, SUCCESS, logIndex=5939, commits[056ae293-26b5-4d67-bc5d-e905a6760a80:c5940, a428730f-9893-43cb-a585-e65a7e8859c8:c5935, 994b73f6-7725-4304-b3a4-4941318c1d6c:c5936]
2019-07-08 19:53:52,243 INFO  client.GrpcClientProtocolClient (GrpcClientProtocolClient.java:onNext(255)) - client-B2F93226DCBB->056ae293-26b5-4d67-bc5d-e905a6760a80: receive RaftClientReply:client-B2F93226DCBB->056ae293-26b5-4d67-bc5d-e905a6760a80@group-50E32BB97A46, cid=3910, SUCCESS, logIndex=5940, commits[056ae293-26b5-4d67-bc5d-e905a6760a80:c5940, a428730f-9893-43cb-a585-e65a7e8859c8:c5936, 994b73f6-7725-4304-b3a4-4941318c1d6c:c5936]
2019-07-08 19:53:52,247 INFO  client.GrpcClientProtocolClient (GrpcClientProtocolClient.java:onNext(255)) - client-B2F93226DCBB->056ae293-26b5-4d67-bc5d-e905a6760a80: receive RaftClientReply:client-B2F93226DCBB->056ae293-26b5-4d67-bc5d-e905a6760a80@group-50E32BB97A46, cid=3911, SUCCESS, logIndex=0, commits[056ae293-26b5-4d67-bc5d-e905a6760a80:c5942, a428730f-9893-43cb-a585-e65a7e8859c8:c5940, 994b73f6-7725-4304-b3a4-4941318c1d6c:c5940]
2019-07-08 19:53:52,302 INFO  client.GrpcClientProtocolClient (GrpcClientProtocolClient.java:onNext(255)) - client-B2F93226DCBB->056ae293-26b5-4d67-bc5d-e905a6760a80: receive RaftClientReply:client-B2F93226DCBB->056ae293-26b5-4d67-bc5d-e905a6760a80@group-50E32BB97A46, cid=3912, SUCCESS, logIndex=5943, commits[056ae293-26b5-4d67-bc5d-e905a6760a80:c5944, a428730f-9893-43cb-a585-e65a7e8859c8:c5942, 994b73f6-7725-4304-b3a4-4941318c1d6c:c5942]
2019-07-08 19:53:52,303 INFO  client.GrpcClientProtocolClient (GrpcClientProtocolClient.java:onNext(255)) - client-B2F93226DCBB->056ae293-26b5-4d67-bc5d-e905a6760a80: receive RaftClientReply:client-B2F93226DCBB->056ae293-26b5-4d67-bc5d-e905a6760a80@group-50E32BB97A46, cid=3913, SUCCESS, logIndex=5944, commits[056ae293-26b5-4d67-bc5d-e905a6760a80:c5946, a428730f-9893-43cb-a585-e65a7e8859c8:c5942, 994b73f6-7725-4304-b3a4-4941318c1d6c:c5942]
2019-07-08 19:53:52,304 INFO  client.GrpcClientProtocolClient (GrpcClientProtocolClient.java:onNext(255)) - client-B2F93226DCBB->056ae293-26b5-4d67-bc5d-e905a6760a80: receive RaftClientReply:client-B2F93226DCBB->056ae293-26b5-4d67-bc5d-e905a6760a80@group-50E32BB97A46, cid=3914, SUCCESS, logIndex=5945, commits[056ae293-26b5-4d67-bc5d-e905a6760a80:c5946, a428730f-9893-43cb-a585-e65a7e8859c8:c5942, 994b73f6-7725-4304-b3a4-4941318c1d6c:c5942]
2019-07-08 19:53:52,304 INFO  client.GrpcClientProtocolClient (GrpcClientProtocolClient.java:onNext(255)) - client-B2F93226DCBB->056ae293-26b5-4d67-bc5d-e905a6760a80: receive RaftClientReply:client-B2F93226DCBB->056ae293-26b5-4d67-bc5d-e905a6760a80@group-50E32BB97A46, cid=3915, SUCCESS, logIndex=5946, commits[056ae293-26b5-4d67-bc5d-e905a6760a80:c5946, a428730f-9893-43cb-a585-e65a7e8859c8:c5942, 994b73f6-7725-4304-b3a4-4941318c1d6c:c5942]
2019-07-08 19:53:52,306 INFO  client.GrpcClientProtocolClient (GrpcClientProtocolClient.java:onNext(255)) - client-B2F93226DCBB->056ae293-26b5-4d67-bc5d-e905a6760a80: receive RaftClientReply:client-B2F93226DCBB->056ae293-26b5-4d67-bc5d-e905a6760a80@group-50E32BB97A46, cid=3916, SUCCESS, logIndex=0, commits[056ae293-26b5-4d67-bc5d-e905a6760a80:c5949, a428730f-9893-43cb-a585-e65a7e8859c8:c5946, 994b73f6-7725-4304-b3a4-4941318c1d6c:c5946]
2019-07-08 19:53:52,323 INFO  client.GrpcClientProtocolClient (GrpcClientProtocolClient.java:onNext(255)) - client-B2F93226DCBB->056ae293-26b5-4d67-bc5d-e905a6760a80: receive RaftClientReply:client-B2F93226DCBB->056ae293-26b5-4d67-bc5d-e905a6760a80@group-50E32BB97A46, cid=3917, SUCCESS, logIndex=5950, commits[056ae293-26b5-4d67-bc5d-e905a6760a80:c5951, a428730f-9893-43cb-a585-e65a7e8859c8:c5949, 994b73f6-7725-4304-b3a4-4941318c1d6c:c5949]
2019-07-08 19:53:52,324 INFO  client.GrpcClientProtocolClient (GrpcClientProtocolClient.java:onNext(255)) - client-B2F93226DCBB->056ae293-26b5-4d67-bc5d-e905a6760a80: receive RaftClientReply:client-B2F93226DCBB->056ae293-26b5-4d67-bc5d-e905a6760a80@group-50E32BB97A46, cid=3918, SUCCESS, logIndex=5951, commits[056ae293-26b5-4d67-bc5d-e905a6760a80:c5951, a428730f-9893-43cb-a585-e65a7e8859c8:c5949, 994b73f6-7725-4304-b3a4-4941318c1d6c:c5949]
2019-07-08 19:53:52,337 INFO  client.GrpcClientProtocolClient (GrpcClientProtocolClient.java:onNext(255)) - client-B2F93226DCBB->056ae293-26b5-4d67-bc5d-e905a6760a80: receive RaftClientReply:client-B2F93226DCBB->056ae293-26b5-4d67-bc5d-e905a6760a80@group-50E32BB97A46, cid=3919, SUCCESS, logIndex=5954, commits[056ae293-26b5-4d67-bc5d-e905a6760a80:c5955, a428730f-9893-43cb-a585-e65a7e8859c8:c5951, 994b73f6-7725-4304-b3a4-4941318c1d6c:c5951]
2019-07-08 19:53:52,338 INFO  client.GrpcClientProtocolClient (GrpcClientProtocolClient.java:onNext(255)) - client-B2F93226DCBB->056ae293-26b5-4d67-bc5d-e905a6760a80: receive RaftClientReply:client-B2F93226DCBB->056ae293-26b5-4d67-bc5d-e905a6760a80@group-50E32BB97A46, cid=3920, SUCCESS, logIndex=5955, commits[056ae293-26b5-4d67-bc5d-e905a6760a80:c5955, a428730f-9893-43cb-a585-e65a7e8859c8:c5951, 994b73f6-7725-4304-b3a4-4941318c1d6c:c5951]
2019-07-08 19:53:52,348 INFO  client.GrpcClientProtocolClient (GrpcClientProtocolClient.java:onNext(255)) - client-B2F93226DCBB->056ae293-26b5-4d67-bc5d-e905a6760a80: receive RaftClientReply:client-B2F93226DCBB->056ae293-26b5-4d67-bc5d-e905a6760a80@group-50E32BB97A46, cid=3921, SUCCESS, logIndex=0, commits[056ae293-26b5-4d67-bc5d-e905a6760a80:c5955, a428730f-9893-43cb-a585-e65a7e8859c8:c5955, 994b73f6-7725-4304-b3a4-4941318c1d6c:c5955]
2019-07-08 19:53:52,377 INFO  client.GrpcClientProtocolClient (GrpcClientProtocolClient.java:onNext(255)) - client-B2F93226DCBB->056ae293-26b5-4d67-bc5d-e905a6760a80: receive RaftClientReply:client-B2F93226DCBB->056ae293-26b5-4d67-bc5d-e905a6760a80@group-50E32BB97A46, cid=3922, SUCCESS, logIndex=5958, commits[056ae293-26b5-4d67-bc5d-e905a6760a80:c5959, a428730f-9893-43cb-a585-e65a7e8859c8:c5957, 994b73f6-7725-4304-b3a4-4941318c1d6c:c5957]
2019-07-08 19:53:52,377 INFO  client.GrpcClientProtocolClient (GrpcClientProtocolClient.java:onNext(255)) - client-B2F93226DCBB->056ae293-26b5-4d67-bc5d-e905a6760a80: receive RaftClientReply:client-B2F93226DCBB->056ae293-26b5-4d67-bc5d-e905a6760a80@group-50E32BB97A46, cid=3923, SUCCESS, logIndex=5959, commits[056ae293-26b5-4d67-bc5d-e905a6760a80:c5959, a428730f-9893-43cb-a585-e65a7e8859c8:c5957, 994b73f6-7725-4304-b3a4-4941318c1d6c:c5957]
2019-07-08 19:53:52,378 INFO  client.GrpcClientProtocolClient (GrpcClientProtocolClient.java:onNext(255)) - client-B2F93226DCBB->056ae293-26b5-4d67-bc5d-e905a6760a80: receive RaftClientReply:client-B2F93226DCBB->056ae293-26b5-4d67-bc5d-e905a6760a80@group-50E32BB97A46, cid=3924, SUCCESS, logIndex=5960, commits[056ae293-26b5-4d67-bc5d-e905a6760a80:c5960, a428730f-9893-43cb-a585-e65a7e8859c8:c5957, 994b73f6-7725-4304-b3a4-4941318c1d6c:c5957]
2019-07-08 19:53:52,378 INFO  client.GrpcClientProtocolClient (GrpcClientProtocolClient.java:onNext(255)) - client-B2F93226DCBB->056ae293-26b5-4d67-bc5d-e905a6760a80: receive RaftClientReply:client-B2F93226DCBB->056ae293-26b5-4d67-bc5d-e905a6760a80@group-50E32BB97A46, cid=3925, SUCCESS, logIndex=5961, commits[056ae293-26b5-4d67-bc5d-e905a6760a80:c5961, a428730f-9893-43cb-a585-e65a7e8859c8:c5957, 994b73f6-7725-4304-b3a4-4941318c1d6c:c5957]
2019-07-08 19:53:52,490 INFO  client.GrpcClientProtocolClient (GrpcClientProtocolClient.java:onNext(255)) - client-B2F93226DCBB->056ae293-26b5-4d67-bc5d-e905a6760a80: receive RaftClientReply:client-B2F93226DCBB->056ae293-26b5-4d67-bc5d-e905a6760a80@group-50E32BB97A46, cid=3926, SUCCESS, logIndex=0, commits[056ae293-26b5-4d67-bc5d-e905a6760a80:c5965, a428730f-9893-43cb-a585-e65a7e8859c8:c5959, 994b73f6-7725-4304-b3a4-4941318c1d6c:c5961]
2019-07-08 19:53:52,513 INFO  client.GrpcClientProtocolClient (GrpcClientProtocolClient.java:onNext(255)) - client-B2F93226DCBB->056ae293-26b5-4d67-bc5d-e905a6760a80: receive RaftClientReply:client-B2F93226DCBB->056ae293-26b5-4d67-bc5d-e905a6760a80@group-50E32BB97A46, cid=3927, SUCCESS, logIndex=5966, commits[056ae293-26b5-4d67-bc5d-e905a6760a80:c5967, a428730f-9893-43cb-a585-e65a7e8859c8:c5965, 994b73f6-7725-4304-b3a4-4941318c1d6c:c5965]
2019-07-08 19:53:52,513 INFO  client.GrpcClientProtocolClient (GrpcClientProtocolClient.java:onNext(255)) - client-B2F93226DCBB->056ae293-26b5-4d67-bc5d-e905a6760a80: receive RaftClientReply:client-B2F93226DCBB->056ae293-26b5-4d67-bc5d-e905a6760a80@group-50E32BB97A46, cid=3928, SUCCESS, logIndex=5967, commits[056ae293-26b5-4d67-bc5d-e905a6760a80:c5967, a428730f-9893-43cb-a585-e65a7e8859c8:c5965, 994b73f6-7725-4304-b3a4-4941318c1d6c:c5965]
2019-07-08 19:53:52,526 INFO  client.GrpcClientProtocolClient (GrpcClientProtocolClient.java:onNext(255)) - client-B2F93226DCBB->056ae293-26b5-4d67-bc5d-e905a6760a80: receive RaftClientReply:client-B2F93226DCBB->056ae293-26b5-4d67-bc5d-e905a6760a80@group-50E32BB97A46, cid=3929, SUCCESS, logIndex=5970, commits[056ae293-26b5-4d67-bc5d-e905a6760a80:c5971, a428730f-9893-43cb-a585-e65a7e8859c8:c5966, 994b73f6-7725-4304-b3a4-4941318c1d6c:c5967]
2019-07-08 19:53:52,527 INFO  client.GrpcClientProtocolClient (GrpcClientProtocolClient.java:onNext(255)) - client-B2F93226DCBB->056ae293-26b5-4d67-bc5d-e905a6760a80: receive RaftClientReply:client-B2F93226DCBB->056ae293-26b5-4d67-bc5d-e905a6760a80@group-50E32BB97A46, cid=3930, SUCCESS, logIndex=5971, commits[056ae293-26b5-4d67-bc5d-e905a6760a80:c5971, a428730f-9893-43cb-a585-e65a7e8859c8:c5967, 994b73f6-7725-4304-b3a4-4941318c1d6c:c5967]
2019-07-08 19:53:52,529 INFO  client.GrpcClientProtocolClient (GrpcClientProtocolClient.java:onNext(255)) - client-B2F93226DCBB->056ae293-26b5-4d67-bc5d-e905a6760a80: receive RaftClientReply:client-B2F93226DCBB->056ae293-26b5-4d67-bc5d-e905a6760a80@group-50E32BB97A46, cid=3931, SUCCESS, logIndex=0, commits[056ae293-26b5-4d67-bc5d-e905a6760a80:c5972, a428730f-9893-43cb-a585-e65a7e8859c8:c5971, 994b73f6-7725-4304-b3a4-4941318c1d6c:c5971]
2019-07-08 19:53:52,565 INFO  client.GrpcClientProtocolClient (GrpcClientProtocolClient.java:onNext(255)) - client-B2F93226DCBB->056ae293-26b5-4d67-bc5d-e905a6760a80: receive RaftClientReply:client-B2F93226DCBB->056ae293-26b5-4d67-bc5d-e905a6760a80@group-50E32BB97A46, cid=3932, SUCCESS, logIndex=5974, commits[056ae293-26b5-4d67-bc5d-e905a6760a80:c5975, a428730f-9893-43cb-a585-e65a7e8859c8:c5973, 994b73f6-7725-4304-b3a4-4941318c1d6c:c5973]
 0.00% |█                                                                                                    |  0/1 Time: 0:00:482019-07-08 19:53:52,566 INFO  client.GrpcClientProtocolClient (GrpcClientProtocolClient.java:onNext(255)) - client-B2F93226DCBB->056ae293-26b5-4d67-bc5d-e905a6760a80: receive RaftClientReply:client-B2F93226DCBB->056ae293-26b5-4d67-bc5d-e905a6760a80@group-50E32BB97A46, cid=3933, SUCCESS, logIndex=5975, commits[056ae293-26b5-4d67-bc5d-e905a6760a80:c5977, a428730f-9893-43cb-a585-e65a7e8859c8:c5973, 994b73f6-7725-4304-b3a4-4941318c1d6c:c5973]
2019-07-08 19:53:52,566 INFO  client.GrpcClientProtocolClient (GrpcClientProtocolClient.java:onNext(255)) - client-B2F93226DCBB->056ae293-26b5-4d67-bc5d-e905a6760a80: receive RaftClientReply:client-B2F93226DCBB->056ae293-26b5-4d67-bc5d-e905a6760a80@group-50E32BB97A46, cid=3934, SUCCESS, logIndex=5976, commits[056ae293-26b5-4d67-bc5d-e905a6760a80:c5977, a428730f-9893-43cb-a585-e65a7e8859c8:c5973, 994b73f6-7725-4304-b3a4-4941318c1d6c:c5973]
2019-07-08 19:53:52,566 INFO  client.GrpcClientProtocolClient (GrpcClientProtocolClient.java:onNext(255)) - client-B2F93226DCBB->056ae293-26b5-4d67-bc5d-e905a6760a80: receive RaftClientReply:client-B2F93226DCBB->056ae293-26b5-4d67-bc5d-e905a6760a80@group-50E32BB97A46, cid=3935, SUCCESS, logIndex=5977, commits[056ae293-26b5-4d67-bc5d-e905a6760a80:c5978, a428730f-9893-43cb-a585-e65a7e8859c8:c5974, 994b73f6-7725-4304-b3a4-4941318c1d6c:c5973]
2019-07-08 19:53:52,568 INFO  client.GrpcClientProtocolClient (GrpcClientProtocolClient.java:onNext(255)) - client-B2F93226DCBB->056ae293-26b5-4d67-bc5d-e905a6760a80: receive RaftClientReply:client-B2F93226DCBB->056ae293-26b5-4d67-bc5d-e905a6760a80@group-50E32BB97A46, cid=3936, SUCCESS, logIndex=0, commits[056ae293-26b5-4d67-bc5d-e905a6760a80:c5981, a428730f-9893-43cb-a585-e65a7e8859c8:c5977, 994b73f6-7725-4304-b3a4-4941318c1d6c:c5975]
2019-07-08 19:53:52,589 INFO  client.GrpcClientProtocolClient (GrpcClientProtocolClient.java:onNext(255)) - client-B2F93226DCBB->056ae293-26b5-4d67-bc5d-e905a6760a80: receive RaftClientReply:client-B2F93226DCBB->056ae293-26b5-4d67-bc5d-e905a6760a80@group-50E32BB97A46, cid=3937, SUCCESS, logIndex=5982, commits[056ae293-26b5-4d67-bc5d-e905a6760a80:c5983, a428730f-9893-43cb-a585-e65a7e8859c8:c5981, 994b73f6-7725-4304-b3a4-4941318c1d6c:c5981]
2019-07-08 19:53:52,589 INFO  client.GrpcClientProtocolClient (GrpcClientProtocolClient.java:onNext(255)) - client-B2F93226DCBB->056ae293-26b5-4d67-bc5d-e905a6760a80: receive RaftClientReply:client-B2F93226DCBB->056ae293-26b5-4d67-bc5d-e905a6760a80@group-50E32BB97A46, cid=3938, SUCCESS, logIndex=5983, commits[056ae293-26b5-4d67-bc5d-e905a6760a80:c5983, a428730f-9893-43cb-a585-e65a7e8859c8:c5981, 994b73f6-7725-4304-b3a4-4941318c1d6c:c5981]
2019-07-08 19:53:52,602 INFO  client.GrpcClientProtocolClient (GrpcClientProtocolClient.java:onNext(255)) - client-B2F93226DCBB->056ae293-26b5-4d67-bc5d-e905a6760a80: receive RaftClientReply:client-B2F93226DCBB->056ae293-26b5-4d67-bc5d-e905a6760a80@group-50E32BB97A46, cid=3939, SUCCESS, logIndex=5986, commits[056ae293-26b5-4d67-bc5d-e905a6760a80:c5987, a428730f-9893-43cb-a585-e65a7e8859c8:c5983, 994b73f6-7725-4304-b3a4-4941318c1d6c:c5983]
2019-07-08 19:53:52,602 INFO  client.GrpcClientProtocolClient (GrpcClientProtocolClient.java:onNext(255)) - client-B2F93226DCBB->056ae293-26b5-4d67-bc5d-e905a6760a80: receive RaftClientReply:client-B2F93226DCBB->056ae293-26b5-4d67-bc5d-e905a6760a80@group-50E32BB97A46, cid=3940, SUCCESS, logIndex=5987, commits[056ae293-26b5-4d67-bc5d-e905a6760a80:c5987, a428730f-9893-43cb-a585-e65a7e8859c8:c5983, 994b73f6-7725-4304-b3a4-4941318c1d6c:c5983]
2019-07-08 19:53:52,614 INFO  client.GrpcClientProtocolClient (GrpcClientProtocolClient.java:onNext(255)) - client-B2F93226DCBB->056ae293-26b5-4d67-bc5d-e905a6760a80: receive RaftClientReply:client-B2F93226DCBB->056ae293-26b5-4d67-bc5d-e905a6760a80@group-50E32BB97A46, cid=3941, SUCCESS, logIndex=0, commits[056ae293-26b5-4d67-bc5d-e905a6760a80:c5988, a428730f-9893-43cb-a585-e65a7e8859c8:c5987, 994b73f6-7725-4304-b3a4-4941318c1d6c:c5987]
2019-07-08 19:53:52,662 INFO  client.GrpcClientProtocolClient (GrpcClientProtocolClient.java:onNext(255)) - client-B2F93226DCBB->056ae293-26b5-4d67-bc5d-e905a6760a80: receive RaftClientReply:client-B2F93226DCBB->056ae293-26b5-4d67-bc5d-e905a6760a80@group-50E32BB97A46, cid=3942, SUCCESS, logIndex=5990, commits[056ae293-26b5-4d67-bc5d-e905a6760a80:c5991, a428730f-9893-43cb-a585-e65a7e8859c8:c5989, 994b73f6-7725-4304-b3a4-4941318c1d6c:c5989]
2019-07-08 19:53:52,662 INFO  client.GrpcClientProtocolClient (GrpcClientProtocolClient.java:onNext(255)) - client-B2F93226DCBB->056ae293-26b5-4d67-bc5d-e905a6760a80: receive RaftClientReply:client-B2F93226DCBB->056ae293-26b5-4d67-bc5d-e905a6760a80@group-50E32BB97A46, cid=3943, SUCCESS, logIndex=5991, commits[056ae293-26b5-4d67-bc5d-e905a6760a80:c5993, a428730f-9893-43cb-a585-e65a7e8859c8:c5989, 994b73f6-7725-4304-b3a4-4941318c1d6c:c5989]
2019-07-08 19:53:52,663 INFO  client.GrpcClientProtocolClient (GrpcClientProtocolClient.java:onNext(255)) - client-B2F93226DCBB->056ae293-26b5-4d67-bc5d-e905a6760a80: receive RaftClientReply:client-B2F93226DCBB->056ae293-26b5-4d67-bc5d-e905a6760a80@group-50E32BB97A46, cid=3944, SUCCESS, logIndex=5992, commits[056ae293-26b5-4d67-bc5d-e905a6760a80:c5993, a428730f-9893-43cb-a585-e65a7e8859c8:c5989, 994b73f6-7725-4304-b3a4-4941318c1d6c:c5989]
2019-07-08 19:53:52,663 INFO  client.GrpcClientProtocolClient (GrpcClientProtocolClient.java:onNext(255)) - client-B2F93226DCBB->056ae293-26b5-4d67-bc5d-e905a6760a80: receive RaftClientReply:client-B2F93226DCBB->056ae293-26b5-4d67-bc5d-e905a6760a80@group-50E32BB97A46, cid=3945, SUCCESS, logIndex=5993, commits[056ae293-26b5-4d67-bc5d-e905a6760a80:c5993, a428730f-9893-43cb-a585-e65a7e8859c8:c5989, 994b73f6-7725-4304-b3a4-4941318c1d6c:c5989]
2019-07-08 19:53:52,664 INFO  client.GrpcClientProtocolClient (GrpcClientProtocolClient.java:onNext(255)) - client-B2F93226DCBB->056ae293-26b5-4d67-bc5d-e905a6760a80: receive RaftClientReply:client-B2F93226DCBB->056ae293-26b5-4d67-bc5d-e905a6760a80@group-50E32BB97A46, cid=3946, SUCCESS, logIndex=0, commits[056ae293-26b5-4d67-bc5d-e905a6760a80:c5995, a428730f-9893-43cb-a585-e65a7e8859c8:c5991, 994b73f6-7725-4304-b3a4-4941318c1d6c:c5991]
2019-07-08 19:53:52,684 INFO  client.GrpcClientProtocolClient (GrpcClientProtocolClient.java:onNext(255)) - client-B2F93226DCBB->056ae293-26b5-4d67-bc5d-e905a6760a80: receive RaftClientReply:client-B2F93226DCBB->056ae293-26b5-4d67-bc5d-e905a6760a80@group-50E32BB97A46, cid=3947, SUCCESS, logIndex=5997, commits[056ae293-26b5-4d67-bc5d-e905a6760a80:c5998, a428730f-9893-43cb-a585-e65a7e8859c8:c5996, 994b73f6-7725-4304-b3a4-4941318c1d6c:c5996]
2019-07-08 19:53:52,685 INFO  client.GrpcClientProtocolClient (GrpcClientProtocolClient.java:onNext(255)) - client-B2F93226DCBB->056ae293-26b5-4d67-bc5d-e905a6760a80: receive RaftClientReply:client-B2F93226DCBB->056ae293-26b5-4d67-bc5d-e905a6760a80@group-50E32BB97A46, cid=3948, SUCCESS, logIndex=5998, commits[056ae293-26b5-4d67-bc5d-e905a6760a80:c5998, a428730f-9893-43cb-a585-e65a7e8859c8:c5996, 994b73f6-7725-4304-b3a4-4941318c1d6c:c5996]
2019-07-08 19:53:52,698 INFO  client.GrpcClientProtocolClient (GrpcClientProtocolClient.java:onNext(255)) - client-B2F93226DCBB->056ae293-26b5-4d67-bc5d-e905a6760a80: receive RaftClientReply:client-B2F93226DCBB->056ae293-26b5-4d67-bc5d-e905a6760a80@group-50E32BB97A46, cid=3949, SUCCESS, logIndex=6001, commits[056ae293-26b5-4d67-bc5d-e905a6760a80:c6002, a428730f-9893-43cb-a585-e65a7e8859c8:c5998, 994b73f6-7725-4304-b3a4-4941318c1d6c:c5998]
2019-07-08 19:53:52,698 INFO  client.GrpcClientProtocolClient (GrpcClientProtocolClient.java:onNext(255)) - client-B2F93226DCBB->056ae293-26b5-4d67-bc5d-e905a6760a80: receive RaftClientReply:client-B2F93226DCBB->056ae293-26b5-4d67-bc5d-e905a6760a80@group-50E32BB97A46, cid=3950, SUCCESS, logIndex=6002, commits[056ae293-26b5-4d67-bc5d-e905a6760a80:c6002, a428730f-9893-43cb-a585-e65a7e8859c8:c5998, 994b73f6-7725-4304-b3a4-4941318c1d6c:c5998]
2019-07-08 19:53:52,710 INFO  client.GrpcClientProtocolClient (GrpcClientProtocolClient.java:onNext(255)) - client-B2F93226DCBB->056ae293-26b5-4d67-bc5d-e905a6760a80: receive RaftClientReply:client-B2F93226DCBB->056ae293-26b5-4d67-bc5d-e905a6760a80@group-50E32BB97A46, cid=3951, SUCCESS, logIndex=0, commits[056ae293-26b5-4d67-bc5d-e905a6760a80:c6003, a428730f-9893-43cb-a585-e65a7e8859c8:c6002, 994b73f6-7725-4304-b3a4-4941318c1d6c:c6002]
2019-07-08 19:53:52,734 INFO  client.GrpcClientProtocolClient (GrpcClientProtocolClient.java:onNext(255)) - client-B2F93226DCBB->056ae293-26b5-4d67-bc5d-e905a6760a80: receive RaftClientReply:client-B2F93226DCBB->056ae293-26b5-4d67-bc5d-e905a6760a80@group-50E32BB97A46, cid=3952, SUCCESS, logIndex=6005, commits[056ae293-26b5-4d67-bc5d-e905a6760a80:c6006, a428730f-9893-43cb-a585-e65a7e8859c8:c6004, 994b73f6-7725-4304-b3a4-4941318c1d6c:c6004]
2019-07-08 19:53:52,734 INFO  client.GrpcClientProtocolClient (GrpcClientProtocolClient.java:onNext(255)) - client-B2F93226DCBB->056ae293-26b5-4d67-bc5d-e905a6760a80: receive RaftClientReply:client-B2F93226DCBB->056ae293-26b5-4d67-bc5d-e905a6760a80@group-50E32BB97A46, cid=3953, SUCCESS, logIndex=6006, commits[056ae293-26b5-4d67-bc5d-e905a6760a80:c6006, a428730f-9893-43cb-a585-e65a7e8859c8:c6004, 994b73f6-7725-4304-b3a4-4941318c1d6c:c6004]
2019-07-08 19:53:52,735 INFO  client.GrpcClientProtocolClient (GrpcClientProtocolClient.java:onNext(255)) - client-B2F93226DCBB->056ae293-26b5-4d67-bc5d-e905a6760a80: receive RaftClientReply:client-B2F93226DCBB->056ae293-26b5-4d67-bc5d-e905a6760a80@group-50E32BB97A46, cid=3954, SUCCESS, logIndex=6007, commits[056ae293-26b5-4d67-bc5d-e905a6760a80:c6009, a428730f-9893-43cb-a585-e65a7e8859c8:c6004, 994b73f6-7725-4304-b3a4-4941318c1d6c:c6005]
2019-07-08 19:53:52,736 INFO  client.GrpcClientProtocolClient (GrpcClientProtocolClient.java:onNext(255)) - client-B2F93226DCBB->056ae293-26b5-4d67-bc5d-e905a6760a80: receive RaftClientReply:client-B2F93226DCBB->056ae293-26b5-4d67-bc5d-e905a6760a80@group-50E32BB97A46, cid=3955, SUCCESS, logIndex=6008, commits[056ae293-26b5-4d67-bc5d-e905a6760a80:c6010, a428730f-9893-43cb-a585-e65a7e8859c8:c6004, 994b73f6-7725-4304-b3a4-4941318c1d6c:c6006]
2019-07-08 19:53:52,737 INFO  client.GrpcClientProtocolClient (GrpcClientProtocolClient.java:onNext(255)) - client-B2F93226DCBB->056ae293-26b5-4d67-bc5d-e905a6760a80: receive RaftClientReply:client-B2F93226DCBB->056ae293-26b5-4d67-bc5d-e905a6760a80@group-50E32BB97A46, cid=3956, SUCCESS, logIndex=0, commits[056ae293-26b5-4d67-bc5d-e905a6760a80:c6011, a428730f-9893-43cb-a585-e65a7e8859c8:c6006, 994b73f6-7725-4304-b3a4-4941318c1d6c:c6007]
2019-07-08 19:53:52,749 INFO  client.GrpcClientProtocolClient (GrpcClientProtocolClient.java:onNext(255)) - client-B2F93226DCBB->056ae293-26b5-4d67-bc5d-e905a6760a80: receive RaftClientReply:client-B2F93226DCBB->056ae293-26b5-4d67-bc5d-e905a6760a80@group-50E32BB97A46, cid=3957, SUCCESS, logIndex=6013, commits[056ae293-26b5-4d67-bc5d-e905a6760a80:c6014, a428730f-9893-43cb-a585-e65a7e8859c8:c6008, 994b73f6-7725-4304-b3a4-4941318c1d6c:c6012]
2019-07-08 19:53:52,750 INFO  client.GrpcClientProtocolClient (GrpcClientProtocolClient.java:onNext(255)) - client-B2F93226DCBB->056ae293-26b5-4d67-bc5d-e905a6760a80: receive RaftClientReply:client-B2F93226DCBB->056ae293-26b5-4d67-bc5d-e905a6760a80@group-50E32BB97A46, cid=3958, SUCCESS, logIndex=6014, commits[056ae293-26b5-4d67-bc5d-e905a6760a80:c6014, a428730f-9893-43cb-a585-e65a7e8859c8:c6012, 994b73f6-7725-4304-b3a4-4941318c1d6c:c6012]
2019-07-08 19:53:52,760 INFO  client.GrpcClientProtocolClient (GrpcClientProtocolClient.java:onNext(255)) - client-B2F93226DCBB->056ae293-26b5-4d67-bc5d-e905a6760a80: receive RaftClientReply:client-B2F93226DCBB->056ae293-26b5-4d67-bc5d-e905a6760a80@group-50E32BB97A46, cid=3959, SUCCESS, logIndex=6017, commits[056ae293-26b5-4d67-bc5d-e905a6760a80:c6018, a428730f-9893-43cb-a585-e65a7e8859c8:c6014, 994b73f6-7725-4304-b3a4-4941318c1d6c:c6016]
2019-07-08 19:53:52,760 INFO  client.GrpcClientProtocolClient (GrpcClientProtocolClient.java:onNext(255)) - client-B2F93226DCBB->056ae293-26b5-4d67-bc5d-e905a6760a80: receive RaftClientReply:client-B2F93226DCBB->056ae293-26b5-4d67-bc5d-e905a6760a80@group-50E32BB97A46, cid=3960, SUCCESS, logIndex=6018, commits[056ae293-26b5-4d67-bc5d-e905a6760a80:c6018, a428730f-9893-43cb-a585-e65a7e8859c8:c6016, 994b73f6-7725-4304-b3a4-4941318c1d6c:c6016]
2019-07-08 19:53:52,761 INFO  client.GrpcClientProtocolClient (GrpcClientProtocolClient.java:onNext(255)) - client-B2F93226DCBB->056ae293-26b5-4d67-bc5d-e905a6760a80: receive RaftClientReply:client-B2F93226DCBB->056ae293-26b5-4d67-bc5d-e905a6760a80@group-50E32BB97A46, cid=3961, SUCCESS, logIndex=0, commits[056ae293-26b5-4d67-bc5d-e905a6760a80:c6019, a428730f-9893-43cb-a585-e65a7e8859c8:c6018, 994b73f6-7725-4304-b3a4-4941318c1d6c:c6018]
2019-07-08 19:53:52,785 INFO  client.GrpcClientProtocolClient (GrpcClientProtocolClient.java:onNext(255)) - client-B2F93226DCBB->056ae293-26b5-4d67-bc5d-e905a6760a80: receive RaftClientReply:client-B2F93226DCBB->056ae293-26b5-4d67-bc5d-e905a6760a80@group-50E32BB97A46, cid=3962, SUCCESS, logIndex=6021, commits[056ae293-26b5-4d67-bc5d-e905a6760a80:c6022, a428730f-9893-43cb-a585-e65a7e8859c8:c6020, 994b73f6-7725-4304-b3a4-4941318c1d6c:c6020]
2019-07-08 19:53:52,785 INFO  client.GrpcClientProtocolClient (GrpcClientProtocolClient.java:onNext(255)) - client-B2F93226DCBB->056ae293-26b5-4d67-bc5d-e905a6760a80: receive RaftClientReply:client-B2F93226DCBB->056ae293-26b5-4d67-bc5d-e905a6760a80@group-50E32BB97A46, cid=3963, SUCCESS, logIndex=6022, commits[056ae293-26b5-4d67-bc5d-e905a6760a80:c6022, a428730f-9893-43cb-a585-e65a7e8859c8:c6020, 994b73f6-7725-4304-b3a4-4941318c1d6c:c6020]
2019-07-08 19:53:52,787 INFO  client.GrpcClientProtocolClient (GrpcClientProtocolClient.java:onNext(255)) - client-B2F93226DCBB->056ae293-26b5-4d67-bc5d-e905a6760a80: receive RaftClientReply:client-B2F93226DCBB->056ae293-26b5-4d67-bc5d-e905a6760a80@group-50E32BB97A46, cid=3964, SUCCESS, logIndex=6023, commits[056ae293-26b5-4d67-bc5d-e905a6760a80:c6024, a428730f-9893-43cb-a585-e65a7e8859c8:c6020, 994b73f6-7725-4304-b3a4-4941318c1d6c:c6020]
2019-07-08 19:53:52,787 INFO  client.GrpcClientProtocolClient (GrpcClientProtocolClient.java:onNext(255)) - client-B2F93226DCBB->056ae293-26b5-4d67-bc5d-e905a6760a80: receive RaftClientReply:client-B2F93226DCBB->056ae293-26b5-4d67-bc5d-e905a6760a80@group-50E32BB97A46, cid=3965, SUCCESS, logIndex=6024, commits[056ae293-26b5-4d67-bc5d-e905a6760a80:c6026, a428730f-9893-43cb-a585-e65a7e8859c8:c6020, 994b73f6-7725-4304-b3a4-4941318c1d6c:c6022]
2019-07-08 19:53:52,789 INFO  client.GrpcClientProtocolClient (GrpcClientProtocolClient.java:onNext(255)) - client-B2F93226DCBB->056ae293-26b5-4d67-bc5d-e905a6760a80: receive RaftClientReply:client-B2F93226DCBB->056ae293-26b5-4d67-bc5d-e905a6760a80@group-50E32BB97A46, cid=3966, SUCCESS, logIndex=0, commits[056ae293-26b5-4d67-bc5d-e905a6760a80:c6027, a428730f-9893-43cb-a585-e65a7e8859c8:c6022, 994b73f6-7725-4304-b3a4-4941318c1d6c:c6023]
2019-07-08 19:53:52,802 INFO  client.GrpcClientProtocolClient (GrpcClientProtocolClient.java:onNext(255)) - client-B2F93226DCBB->056ae293-26b5-4d67-bc5d-e905a6760a80: receive RaftClientReply:client-B2F93226DCBB->056ae293-26b5-4d67-bc5d-e905a6760a80@group-50E32BB97A46, cid=3967, SUCCESS, logIndex=6029, commits[056ae293-26b5-4d67-bc5d-e905a6760a80:c6030, a428730f-9893-43cb-a585-e65a7e8859c8:c6024, 994b73f6-7725-4304-b3a4-4941318c1d6c:c6028]
2019-07-08 19:53:52,802 INFO  client.GrpcClientProtocolClient (GrpcClientProtocolClient.java:onNext(255)) - client-B2F93226DCBB->056ae293-26b5-4d67-bc5d-e905a6760a80: receive RaftClientReply:client-B2F93226DCBB->056ae293-26b5-4d67-bc5d-e905a6760a80@group-50E32BB97A46, cid=3968, SUCCESS, logIndex=6030, commits[056ae293-26b5-4d67-bc5d-e905a6760a80:c6030, a428730f-9893-43cb-a585-e65a7e8859c8:c6028, 994b73f6-7725-4304-b3a4-4941318c1d6c:c6028]
2019-07-08 19:53:52,814 INFO  client.GrpcClientProtocolClient (GrpcClientProtocolClient.java:onNext(255)) - client-B2F93226DCBB->056ae293-26b5-4d67-bc5d-e905a6760a80: receive RaftClientReply:client-B2F93226DCBB->056ae293-26b5-4d67-bc5d-e905a6760a80@group-50E32BB97A46, cid=3969, SUCCESS, logIndex=6032, commits[056ae293-26b5-4d67-bc5d-e905a6760a80:c6033, a428730f-9893-43cb-a585-e65a7e8859c8:c6030, 994b73f6-7725-4304-b3a4-4941318c1d6c:c6031]
2019-07-08 19:53:52,814 INFO  client.GrpcClientProtocolClient (GrpcClientProtocolClient.java:onNext(255)) - client-B2F93226DCBB->056ae293-26b5-4d67-bc5d-e905a6760a80: receive RaftClientReply:client-B2F93226DCBB->056ae293-26b5-4d67-bc5d-e905a6760a80@group-50E32BB97A46, cid=3970, SUCCESS, logIndex=6033, commits[056ae293-26b5-4d67-bc5d-e905a6760a80:c6033, a428730f-9893-43cb-a585-e65a7e8859c8:c6031, 994b73f6-7725-4304-b3a4-4941318c1d6c:c6031]
2019-07-08 19:53:52,817 INFO  client.GrpcClientProtocolClient (GrpcClientProtocolClient.java:onNext(255)) - client-B2F93226DCBB->056ae293-26b5-4d67-bc5d-e905a6760a80: receive RaftClientReply:client-B2F93226DCBB->056ae293-26b5-4d67-bc5d-e905a6760a80@group-50E32BB97A46, cid=3971, SUCCESS, logIndex=0, commits[056ae293-26b5-4d67-bc5d-e905a6760a80:c6034, a428730f-9893-43cb-a585-e65a7e8859c8:c6033, 994b73f6-7725-4304-b3a4-4941318c1d6c:c6033]
2019-07-08 19:53:52,839 INFO  client.GrpcClientProtocolClient (GrpcClientProtocolClient.java:onNext(255)) - client-B2F93226DCBB->056ae293-26b5-4d67-bc5d-e905a6760a80: receive RaftClientReply:client-B2F93226DCBB->056ae293-26b5-4d67-bc5d-e905a6760a80@group-50E32BB97A46, cid=3972, SUCCESS, logIndex=6036, commits[056ae293-26b5-4d67-bc5d-e905a6760a80:c6037, a428730f-9893-43cb-a585-e65a7e8859c8:c6033, 994b73f6-7725-4304-b3a4-4941318c1d6c:c6035]
2019-07-08 19:53:52,840 INFO  client.GrpcClientProtocolClient (GrpcClientProtocolClient.java:onNext(255)) - client-B2F93226DCBB->056ae293-26b5-4d67-bc5d-e905a6760a80: receive RaftClientReply:client-B2F93226DCBB->056ae293-26b5-4d67-bc5d-e905a6760a80@group-50E32BB97A46, cid=3973, SUCCESS, logIndex=6037, commits[056ae293-26b5-4d67-bc5d-e905a6760a80:c6037, a428730f-9893-43cb-a585-e65a7e8859c8:c6035, 994b73f6-7725-4304-b3a4-4941318c1d6c:c6035]
2019-07-08 19:53:52,860 INFO  client.GrpcClientProtocolClient (GrpcClientProtocolClient.java:onNext(255)) - client-B2F93226DCBB->056ae293-26b5-4d67-bc5d-e905a6760a80: receive RaftClientReply:client-B2F93226DCBB->056ae293-26b5-4d67-bc5d-e905a6760a80@group-50E32BB97A46, cid=3974, SUCCESS, logIndex=6038, commits[056ae293-26b5-4d67-bc5d-e905a6760a80:c6039, a428730f-9893-43cb-a585-e65a7e8859c8:c6035, 994b73f6-7725-4304-b3a4-4941318c1d6c:c6037]
2019-07-08 19:53:52,860 INFO  client.GrpcClientProtocolClient (GrpcClientProtocolClient.java:onNext(255)) - client-B2F93226DCBB->056ae293-26b5-4d67-bc5d-e905a6760a80: receive RaftClientReply:client-B2F93226DCBB->056ae293-26b5-4d67-bc5d-e905a6760a80@group-50E32BB97A46, cid=3975, SUCCESS, logIndex=6039, commits[056ae293-26b5-4d67-bc5d-e905a6760a80:c6041, a428730f-9893-43cb-a585-e65a7e8859c8:c6035, 994b73f6-7725-4304-b3a4-4941318c1d6c:c6037]
2019-07-08 19:53:52,862 INFO  client.GrpcClientProtocolClient (GrpcClientProtocolClient.java:onNext(255)) - client-B2F93226DCBB->056ae293-26b5-4d67-bc5d-e905a6760a80: receive RaftClientReply:client-B2F93226DCBB->056ae293-26b5-4d67-bc5d-e905a6760a80@group-50E32BB97A46, cid=3976, SUCCESS, logIndex=0, commits[056ae293-26b5-4d67-bc5d-e905a6760a80:c6042, a428730f-9893-43cb-a585-e65a7e8859c8:c6037, 994b73f6-7725-4304-b3a4-4941318c1d6c:c6039]
2019-07-08 19:53:52,877 INFO  client.GrpcClientProtocolClient (GrpcClientProtocolClient.java:onNext(255)) - client-B2F93226DCBB->056ae293-26b5-4d67-bc5d-e905a6760a80: receive RaftClientReply:client-B2F93226DCBB->056ae293-26b5-4d67-bc5d-e905a6760a80@group-50E32BB97A46, cid=3977, SUCCESS, logIndex=6044, commits[056ae293-26b5-4d67-bc5d-e905a6760a80:c6045, a428730f-9893-43cb-a585-e65a7e8859c8:c6043, 994b73f6-7725-4304-b3a4-4941318c1d6c:c6043]
2019-07-08 19:53:52,877 INFO  client.GrpcClientProtocolClient (GrpcClientProtocolClient.java:onNext(255)) - client-B2F93226DCBB->056ae293-26b5-4d67-bc5d-e905a6760a80: receive RaftClientReply:client-B2F93226DCBB->056ae293-26b5-4d67-bc5d-e905a6760a80@group-50E32BB97A46, cid=3978, SUCCESS, logIndex=6045, commits[056ae293-26b5-4d67-bc5d-e905a6760a80:c6045, a428730f-9893-43cb-a585-e65a7e8859c8:c6043, 994b73f6-7725-4304-b3a4-4941318c1d6c:c6043]
2019-07-08 19:53:52,890 INFO  client.GrpcClientProtocolClient (GrpcClientProtocolClient.java:onNext(255)) - client-B2F93226DCBB->056ae293-26b5-4d67-bc5d-e905a6760a80: receive RaftClientReply:client-B2F93226DCBB->056ae293-26b5-4d67-bc5d-e905a6760a80@group-50E32BB97A46, cid=3979, SUCCESS, logIndex=6048, commits[056ae293-26b5-4d67-bc5d-e905a6760a80:c6049, a428730f-9893-43cb-a585-e65a7e8859c8:c6045, 994b73f6-7725-4304-b3a4-4941318c1d6c:c6045]
2019-07-08 19:53:52,891 INFO  client.GrpcClientProtocolClient (GrpcClientProtocolClient.java:onNext(255)) - client-B2F93226DCBB->056ae293-26b5-4d67-bc5d-e905a6760a80: receive RaftClientReply:client-B2F93226DCBB->056ae293-26b5-4d67-bc5d-e905a6760a80@group-50E32BB97A46, cid=3980, SUCCESS, logIndex=6049, commits[056ae293-26b5-4d67-bc5d-e905a6760a80:c6049, a428730f-9893-43cb-a585-e65a7e8859c8:c6045, 994b73f6-7725-4304-b3a4-4941318c1d6c:c6045]
2019-07-08 19:53:52,904 INFO  client.GrpcClientProtocolClient (GrpcClientProtocolClient.java:onNext(255)) - client-B2F93226DCBB->056ae293-26b5-4d67-bc5d-e905a6760a80: receive RaftClientReply:client-B2F93226DCBB->056ae293-26b5-4d67-bc5d-e905a6760a80@group-50E32BB97A46, cid=3981, SUCCESS, logIndex=0, commits[056ae293-26b5-4d67-bc5d-e905a6760a80:c6051, a428730f-9893-43cb-a585-e65a7e8859c8:c6049, 994b73f6-7725-4304-b3a4-4941318c1d6c:c6049]
2019-07-08 19:53:52,937 INFO  client.GrpcClientProtocolClient (GrpcClientProtocolClient.java:onNext(255)) - client-B2F93226DCBB->056ae293-26b5-4d67-bc5d-e905a6760a80: receive RaftClientReply:client-B2F93226DCBB->056ae293-26b5-4d67-bc5d-e905a6760a80@group-50E32BB97A46, cid=3982, SUCCESS, logIndex=6052, commits[056ae293-26b5-4d67-bc5d-e905a6760a80:c6054, a428730f-9893-43cb-a585-e65a7e8859c8:c6051, 994b73f6-7725-4304-b3a4-4941318c1d6c:c6051]
2019-07-08 19:53:52,938 INFO  client.GrpcClientProtocolClient (GrpcClientProtocolClient.java:onNext(255)) - client-B2F93226DCBB->056ae293-26b5-4d67-bc5d-e905a6760a80: receive RaftClientReply:client-B2F93226DCBB->056ae293-26b5-4d67-bc5d-e905a6760a80@group-50E32BB97A46, cid=3983, SUCCESS, logIndex=6053, commits[056ae293-26b5-4d67-bc5d-e905a6760a80:c6055, a428730f-9893-43cb-a585-e65a7e8859c8:c6051, 994b73f6-7725-4304-b3a4-4941318c1d6c:c6051]
2019-07-08 19:53:52,938 INFO  client.GrpcClientProtocolClient (GrpcClientProtocolClient.java:onNext(255)) - client-B2F93226DCBB->056ae293-26b5-4d67-bc5d-e905a6760a80: receive RaftClientReply:client-B2F93226DCBB->056ae293-26b5-4d67-bc5d-e905a6760a80@group-50E32BB97A46, cid=3984, SUCCESS, logIndex=6054, commits[056ae293-26b5-4d67-bc5d-e905a6760a80:c6055, a428730f-9893-43cb-a585-e65a7e8859c8:c6051, 994b73f6-7725-4304-b3a4-4941318c1d6c:c6051]
2019-07-08 19:53:52,938 INFO  client.GrpcClientProtocolClient (GrpcClientProtocolClient.java:onNext(255)) - client-B2F93226DCBB->056ae293-26b5-4d67-bc5d-e905a6760a80: receive RaftClientReply:client-B2F93226DCBB->056ae293-26b5-4d67-bc5d-e905a6760a80@group-50E32BB97A46, cid=3985, SUCCESS, logIndex=6055, commits[056ae293-26b5-4d67-bc5d-e905a6760a80:c6055, a428730f-9893-43cb-a585-e65a7e8859c8:c6051, 994b73f6-7725-4304-b3a4-4941318c1d6c:c6051]
2019-07-08 19:53:52,940 INFO  client.GrpcClientProtocolClient (GrpcClientProtocolClient.java:onNext(255)) - client-B2F93226DCBB->056ae293-26b5-4d67-bc5d-e905a6760a80: receive RaftClientReply:client-B2F93226DCBB->056ae293-26b5-4d67-bc5d-e905a6760a80@group-50E32BB97A46, cid=3986, SUCCESS, logIndex=0, commits[056ae293-26b5-4d67-bc5d-e905a6760a80:c6056, a428730f-9893-43cb-a585-e65a7e8859c8:c6053, 994b73f6-7725-4304-b3a4-4941318c1d6c:c6053]
2019-07-08 19:53:52,960 INFO  client.GrpcClientProtocolClient (GrpcClientProtocolClient.java:onNext(255)) - client-B2F93226DCBB->056ae293-26b5-4d67-bc5d-e905a6760a80: receive RaftClientReply:client-B2F93226DCBB->056ae293-26b5-4d67-bc5d-e905a6760a80@group-50E32BB97A46, cid=3987, SUCCESS, logIndex=6060, commits[056ae293-26b5-4d67-bc5d-e905a6760a80:c6061, a428730f-9893-43cb-a585-e65a7e8859c8:c6059, 994b73f6-7725-4304-b3a4-4941318c1d6c:c6059]
2019-07-08 19:53:52,961 INFO  client.GrpcClientProtocolClient (GrpcClientProtocolClient.java:onNext(255)) - client-B2F93226DCBB->056ae293-26b5-4d67-bc5d-e905a6760a80: receive RaftClientReply:client-B2F93226DCBB->056ae293-26b5-4d67-bc5d-e905a6760a80@group-50E32BB97A46, cid=3988, SUCCESS, logIndex=6061, commits[056ae293-26b5-4d67-bc5d-e905a6760a80:c6061, a428730f-9893-43cb-a585-e65a7e8859c8:c6059, 994b73f6-7725-4304-b3a4-4941318c1d6c:c6059]
2019-07-08 19:53:52,973 INFO  client.GrpcClientProtocolClient (GrpcClientProtocolClient.java:onNext(255)) - client-B2F93226DCBB->056ae293-26b5-4d67-bc5d-e905a6760a80: receive RaftClientReply:client-B2F93226DCBB->056ae293-26b5-4d67-bc5d-e905a6760a80@group-50E32BB97A46, cid=3989, SUCCESS, logIndex=6063, commits[056ae293-26b5-4d67-bc5d-e905a6760a80:c6064, a428730f-9893-43cb-a585-e65a7e8859c8:c6061, 994b73f6-7725-4304-b3a4-4941318c1d6c:c6061]
2019-07-08 19:53:52,974 INFO  client.GrpcClientProtocolClient (GrpcClientProtocolClient.java:onNext(255)) - client-B2F93226DCBB->056ae293-26b5-4d67-bc5d-e905a6760a80: receive RaftClientReply:client-B2F93226DCBB->056ae293-26b5-4d67-bc5d-e905a6760a80@group-50E32BB97A46, cid=3990, SUCCESS, logIndex=6064, commits[056ae293-26b5-4d67-bc5d-e905a6760a80:c6064, a428730f-9893-43cb-a585-e65a7e8859c8:c6061, 994b73f6-7725-4304-b3a4-4941318c1d6c:c6061]
2019-07-08 19:53:52,986 INFO  client.GrpcClientProtocolClient (GrpcClientProtocolClient.java:onNext(255)) - client-B2F93226DCBB->056ae293-26b5-4d67-bc5d-e905a6760a80: receive RaftClientReply:client-B2F93226DCBB->056ae293-26b5-4d67-bc5d-e905a6760a80@group-50E32BB97A46, cid=3991, SUCCESS, logIndex=0, commits[056ae293-26b5-4d67-bc5d-e905a6760a80:c6066, a428730f-9893-43cb-a585-e65a7e8859c8:c6064, 994b73f6-7725-4304-b3a4-4941318c1d6c:c6064]
2019-07-08 19:53:53,032 INFO  client.GrpcClientProtocolClient (GrpcClientProtocolClient.java:onNext(255)) - client-B2F93226DCBB->056ae293-26b5-4d67-bc5d-e905a6760a80: receive RaftClientReply:client-B2F93226DCBB->056ae293-26b5-4d67-bc5d-e905a6760a80@group-50E32BB97A46, cid=3992, SUCCESS, logIndex=6067, commits[056ae293-26b5-4d67-bc5d-e905a6760a80:c6068, a428730f-9893-43cb-a585-e65a7e8859c8:c6066, 994b73f6-7725-4304-b3a4-4941318c1d6c:c6066]
2019-07-08 19:53:53,033 INFO  client.GrpcClientProtocolClient (GrpcClientProtocolClient.java:onNext(255)) - client-B2F93226DCBB->056ae293-26b5-4d67-bc5d-e905a6760a80: receive RaftClientReply:client-B2F93226DCBB->056ae293-26b5-4d67-bc5d-e905a6760a80@group-50E32BB97A46, cid=3993, SUCCESS, logIndex=6068, commits[056ae293-26b5-4d67-bc5d-e905a6760a80:c6070, a428730f-9893-43cb-a585-e65a7e8859c8:c6066, 994b73f6-7725-4304-b3a4-4941318c1d6c:c6066]
2019-07-08 19:53:53,033 INFO  client.GrpcClientProtocolClient (GrpcClientProtocolClient.java:onNext(255)) - client-B2F93226DCBB->056ae293-26b5-4d67-bc5d-e905a6760a80: receive RaftClientReply:client-B2F93226DCBB->056ae293-26b5-4d67-bc5d-e905a6760a80@group-50E32BB97A46, cid=3994, SUCCESS, logIndex=6069, commits[056ae293-26b5-4d67-bc5d-e905a6760a80:c6070, a428730f-9893-43cb-a585-e65a7e8859c8:c6066, 994b73f6-7725-4304-b3a4-4941318c1d6c:c6066]
2019-07-08 19:53:53,034 INFO  client.GrpcClientProtocolClient (GrpcClientProtocolClient.java:onNext(255)) - client-B2F93226DCBB->056ae293-26b5-4d67-bc5d-e905a6760a80: receive RaftClientReply:client-B2F93226DCBB->056ae293-26b5-4d67-bc5d-e905a6760a80@group-50E32BB97A46, cid=3995, SUCCESS, logIndex=6070, commits[056ae293-26b5-4d67-bc5d-e905a6760a80:c6070, a428730f-9893-43cb-a585-e65a7e8859c8:c6066, 994b73f6-7725-4304-b3a4-4941318c1d6c:c6066]
2019-07-08 19:53:53,044 INFO  client.GrpcClientProtocolClient (GrpcClientProtocolClient.java:onNext(255)) - client-B2F93226DCBB->056ae293-26b5-4d67-bc5d-e905a6760a80: receive RaftClientReply:client-B2F93226DCBB->056ae293-26b5-4d67-bc5d-e905a6760a80@group-50E32BB97A46, cid=3996, SUCCESS, logIndex=0, commits[056ae293-26b5-4d67-bc5d-e905a6760a80:c6072, a428730f-9893-43cb-a585-e65a7e8859c8:c6068, 994b73f6-7725-4304-b3a4-4941318c1d6c:c6068]
2019-07-08 19:53:53,057 INFO  client.GrpcClientProtocolClient (GrpcClientProtocolClient.java:onNext(255)) - client-B2F93226DCBB->056ae293-26b5-4d67-bc5d-e905a6760a80: receive RaftClientReply:client-B2F93226DCBB->056ae293-26b5-4d67-bc5d-e905a6760a80@group-50E32BB97A46, cid=3997, SUCCESS, logIndex=6075, commits[056ae293-26b5-4d67-bc5d-e905a6760a80:c6076, a428730f-9893-43cb-a585-e65a7e8859c8:c6070, 994b73f6-7725-4304-b3a4-4941318c1d6c:c6074]
2019-07-08 19:53:53,058 INFO  client.GrpcClientProtocolClient (GrpcClientProtocolClient.java:onNext(255)) - client-B2F93226DCBB->056ae293-26b5-4d67-bc5d-e905a6760a80: receive RaftClientReply:client-B2F93226DCBB->056ae293-26b5-4d67-bc5d-e905a6760a80@group-50E32BB97A46, cid=3998, SUCCESS, logIndex=6076, commits[056ae293-26b5-4d67-bc5d-e905a6760a80:c6076, a428730f-9893-43cb-a585-e65a7e8859c8:c6074, 994b73f6-7725-4304-b3a4-4941318c1d6c:c6074]
2019-07-08 19:53:53,071 INFO  client.GrpcClientProtocolClient (GrpcClientProtocolClient.java:onNext(255)) - client-B2F93226DCBB->056ae293-26b5-4d67-bc5d-e905a6760a80: receive RaftClientReply:client-B2F93226DCBB->056ae293-26b5-4d67-bc5d-e905a6760a80@group-50E32BB97A46, cid=3999, SUCCESS, logIndex=6079, commits[056ae293-26b5-4d67-bc5d-e905a6760a80:c6080, a428730f-9893-43cb-a585-e65a7e8859c8:c6076, 994b73f6-7725-4304-b3a4-4941318c1d6c:c6078]
2019-07-08 19:53:53,071 INFO  client.GrpcClientProtocolClient (GrpcClientProtocolClient.java:onNext(255)) - client-B2F93226DCBB->056ae293-26b5-4d67-bc5d-e905a6760a80: receive RaftClientReply:client-B2F93226DCBB->056ae293-26b5-4d67-bc5d-e905a6760a80@group-50E32BB97A46, cid=4000, SUCCESS, logIndex=6080, commits[056ae293-26b5-4d67-bc5d-e905a6760a80:c6080, a428730f-9893-43cb-a585-e65a7e8859c8:c6078, 994b73f6-7725-4304-b3a4-4941318c1d6c:c6078]
2019-07-08 19:53:53,074 INFO  client.GrpcClientProtocolClient (GrpcClientProtocolClient.java:onNext(255)) - client-B2F93226DCBB->056ae293-26b5-4d67-bc5d-e905a6760a80: receive RaftClientReply:client-B2F93226DCBB->056ae293-26b5-4d67-bc5d-e905a6760a80@group-50E32BB97A46, cid=4001, SUCCESS, logIndex=0, commits[056ae293-26b5-4d67-bc5d-e905a6760a80:c6082, a428730f-9893-43cb-a585-e65a7e8859c8:c6080, 994b73f6-7725-4304-b3a4-4941318c1d6c:c6080]
2019-07-08 19:53:53,101 INFO  client.GrpcClientProtocolClient (GrpcClientProtocolClient.java:onNext(255)) - client-B2F93226DCBB->056ae293-26b5-4d67-bc5d-e905a6760a80: receive RaftClientReply:client-B2F93226DCBB->056ae293-26b5-4d67-bc5d-e905a6760a80@group-50E32BB97A46, cid=4002, SUCCESS, logIndex=6083, commits[056ae293-26b5-4d67-bc5d-e905a6760a80:c6084, a428730f-9893-43cb-a585-e65a7e8859c8:c6080, 994b73f6-7725-4304-b3a4-4941318c1d6c:c6082]
2019-07-08 19:53:53,101 INFO  client.GrpcClientProtocolClient (GrpcClientProtocolClient.java:onNext(255)) - client-B2F93226DCBB->056ae293-26b5-4d67-bc5d-e905a6760a80: receive RaftClientReply:client-B2F93226DCBB->056ae293-26b5-4d67-bc5d-e905a6760a80@group-50E32BB97A46, cid=4003, SUCCESS, logIndex=6084, commits[056ae293-26b5-4d67-bc5d-e905a6760a80:c6084, a428730f-9893-43cb-a585-e65a7e8859c8:c6080, 994b73f6-7725-4304-b3a4-4941318c1d6c:c6082]
2019-07-08 19:53:53,104 INFO  client.GrpcClientProtocolClient (GrpcClientProtocolClient.java:onNext(255)) - client-B2F93226DCBB->056ae293-26b5-4d67-bc5d-e905a6760a80: receive RaftClientReply:client-B2F93226DCBB->056ae293-26b5-4d67-bc5d-e905a6760a80@group-50E32BB97A46, cid=4004, SUCCESS, logIndex=6085, commits[056ae293-26b5-4d67-bc5d-e905a6760a80:c6088, a428730f-9893-43cb-a585-e65a7e8859c8:c6082, 994b73f6-7725-4304-b3a4-4941318c1d6c:c6084]
2019-07-08 19:53:53,105 INFO  client.GrpcClientProtocolClient (GrpcClientProtocolClient.java:onNext(255)) - client-B2F93226DCBB->056ae293-26b5-4d67-bc5d-e905a6760a80: receive RaftClientReply:client-B2F93226DCBB->056ae293-26b5-4d67-bc5d-e905a6760a80@group-50E32BB97A46, cid=4005, SUCCESS, logIndex=6086, commits[056ae293-26b5-4d67-bc5d-e905a6760a80:c6088, a428730f-9893-43cb-a585-e65a7e8859c8:c6082, 994b73f6-7725-4304-b3a4-4941318c1d6c:c6084]
2019-07-08 19:53:53,106 INFO  client.GrpcClientProtocolClient (GrpcClientProtocolClient.java:onNext(255)) - client-B2F93226DCBB->056ae293-26b5-4d67-bc5d-e905a6760a80: receive RaftClientReply:client-B2F93226DCBB->056ae293-26b5-4d67-bc5d-e905a6760a80@group-50E32BB97A46, cid=4006, SUCCESS, logIndex=0, commits[056ae293-26b5-4d67-bc5d-e905a6760a80:c6089, a428730f-9893-43cb-a585-e65a7e8859c8:c6084, 994b73f6-7725-4304-b3a4-4941318c1d6c:c6086]
2019-07-08 19:53:53,129 INFO  client.GrpcClientProtocolClient (GrpcClientProtocolClient.java:onNext(255)) - client-B2F93226DCBB->056ae293-26b5-4d67-bc5d-e905a6760a80: receive RaftClientReply:client-B2F93226DCBB->056ae293-26b5-4d67-bc5d-e905a6760a80@group-50E32BB97A46, cid=4007, SUCCESS, logIndex=6091, commits[056ae293-26b5-4d67-bc5d-e905a6760a80:c6092, a428730f-9893-43cb-a585-e65a7e8859c8:c6090, 994b73f6-7725-4304-b3a4-4941318c1d6c:c6090]
2019-07-08 19:53:53,130 INFO  client.GrpcClientProtocolClient (GrpcClientProtocolClient.java:onNext(255)) - client-B2F93226DCBB->056ae293-26b5-4d67-bc5d-e905a6760a80: receive RaftClientReply:client-B2F93226DCBB->056ae293-26b5-4d67-bc5d-e905a6760a80@group-50E32BB97A46, cid=4008, SUCCESS, logIndex=6092, commits[056ae293-26b5-4d67-bc5d-e905a6760a80:c6092, a428730f-9893-43cb-a585-e65a7e8859c8:c6090, 994b73f6-7725-4304-b3a4-4941318c1d6c:c6090]
2019-07-08 19:53:53,143 INFO  client.GrpcClientProtocolClient (GrpcClientProtocolClient.java:onNext(255)) - client-B2F93226DCBB->056ae293-26b5-4d67-bc5d-e905a6760a80: receive RaftClientReply:client-B2F93226DCBB->056ae293-26b5-4d67-bc5d-e905a6760a80@group-50E32BB97A46, cid=4009, SUCCESS, logIndex=6095, commits[056ae293-26b5-4d67-bc5d-e905a6760a80:c6096, a428730f-9893-43cb-a585-e65a7e8859c8:c6092, 994b73f6-7725-4304-b3a4-4941318c1d6c:c6092]
2019-07-08 19:53:53,144 INFO  client.GrpcClientProtocolClient (GrpcClientProtocolClient.java:onNext(255)) - client-B2F93226DCBB->056ae293-26b5-4d67-bc5d-e905a6760a80: receive RaftClientReply:client-B2F93226DCBB->056ae293-26b5-4d67-bc5d-e905a6760a80@group-50E32BB97A46, cid=4010, SUCCESS, logIndex=6096, commits[056ae293-26b5-4d67-bc5d-e905a6760a80:c6096, a428730f-9893-43cb-a585-e65a7e8859c8:c6092, 994b73f6-7725-4304-b3a4-4941318c1d6c:c6092]
2019-07-08 19:53:53,167 INFO  client.GrpcClientProtocolClient (GrpcClientProtocolClient.java:onNext(255)) - client-B2F93226DCBB->056ae293-26b5-4d67-bc5d-e905a6760a80: receive RaftClientReply:client-B2F93226DCBB->056ae293-26b5-4d67-bc5d-e905a6760a80@group-50E32BB97A46, cid=4011, SUCCESS, logIndex=0, commits[056ae293-26b5-4d67-bc5d-e905a6760a80:c6098, a428730f-9893-43cb-a585-e65a7e8859c8:c6096, 994b73f6-7725-4304-b3a4-4941318c1d6c:c6096]
2019-07-08 19:53:53,205 INFO  client.GrpcClientProtocolClient (GrpcClientProtocolClient.java:onNext(255)) - client-B2F93226DCBB->056ae293-26b5-4d67-bc5d-e905a6760a80: receive RaftClientReply:client-B2F93226DCBB->056ae293-26b5-4d67-bc5d-e905a6760a80@group-50E32BB97A46, cid=4012, SUCCESS, logIndex=6099, commits[056ae293-26b5-4d67-bc5d-e905a6760a80:c6101, a428730f-9893-43cb-a585-e65a7e8859c8:c6098, 994b73f6-7725-4304-b3a4-4941318c1d6c:c6098]
2019-07-08 19:53:53,206 INFO  client.GrpcClientProtocolClient (GrpcClientProtocolClient.java:onNext(255)) - client-B2F93226DCBB->056ae293-26b5-4d67-bc5d-e905a6760a80: receive RaftClientReply:client-B2F93226DCBB->056ae293-26b5-4d67-bc5d-e905a6760a80@group-50E32BB97A46, cid=4013, SUCCESS, logIndex=6100, commits[056ae293-26b5-4d67-bc5d-e905a6760a80:c6102, a428730f-9893-43cb-a585-e65a7e8859c8:c6098, 994b73f6-7725-4304-b3a4-4941318c1d6c:c6098]
2019-07-08 19:53:53,206 INFO  client.GrpcClientProtocolClient (GrpcClientProtocolClient.java:onNext(255)) - client-B2F93226DCBB->056ae293-26b5-4d67-bc5d-e905a6760a80: receive RaftClientReply:client-B2F93226DCBB->056ae293-26b5-4d67-bc5d-e905a6760a80@group-50E32BB97A46, cid=4014, SUCCESS, logIndex=6101, commits[056ae293-26b5-4d67-bc5d-e905a6760a80:c6102, a428730f-9893-43cb-a585-e65a7e8859c8:c6098, 994b73f6-7725-4304-b3a4-4941318c1d6c:c6098]
2019-07-08 19:53:53,206 INFO  client.GrpcClientProtocolClient (GrpcClientProtocolClient.java:onNext(255)) - client-B2F93226DCBB->056ae293-26b5-4d67-bc5d-e905a6760a80: receive RaftClientReply:client-B2F93226DCBB->056ae293-26b5-4d67-bc5d-e905a6760a80@group-50E32BB97A46, cid=4015, SUCCESS, logIndex=6102, commits[056ae293-26b5-4d67-bc5d-e905a6760a80:c6102, a428730f-9893-43cb-a585-e65a7e8859c8:c6098, 994b73f6-7725-4304-b3a4-4941318c1d6c:c6098]
2019-07-08 19:53:53,216 INFO  client.GrpcClientProtocolClient (GrpcClientProtocolClient.java:onNext(255)) - client-B2F93226DCBB->056ae293-26b5-4d67-bc5d-e905a6760a80: receive RaftClientReply:client-B2F93226DCBB->056ae293-26b5-4d67-bc5d-e905a6760a80@group-50E32BB97A46, cid=4016, SUCCESS, logIndex=0, commits[056ae293-26b5-4d67-bc5d-e905a6760a80:c6103, a428730f-9893-43cb-a585-e65a7e8859c8:c6100, 994b73f6-7725-4304-b3a4-4941318c1d6c:c6100]
2019-07-08 19:53:53,379 INFO  client.GrpcClientProtocolClient (GrpcClientProtocolClient.java:onNext(255)) - client-B2F93226DCBB->056ae293-26b5-4d67-bc5d-e905a6760a80: receive RaftClientReply:client-B2F93226DCBB->056ae293-26b5-4d67-bc5d-e905a6760a80@group-50E32BB97A46, cid=4017, SUCCESS, logIndex=6107, commits[056ae293-26b5-4d67-bc5d-e905a6760a80:c6108, a428730f-9893-43cb-a585-e65a7e8859c8:c6106, 994b73f6-7725-4304-b3a4-4941318c1d6c:c6106]
2019-07-08 19:53:53,380 INFO  client.GrpcClientProtocolClient (GrpcClientProtocolClient.java:onNext(255)) - client-B2F93226DCBB->056ae293-26b5-4d67-bc5d-e905a6760a80: receive RaftClientReply:client-B2F93226DCBB->056ae293-26b5-4d67-bc5d-e905a6760a80@group-50E32BB97A46, cid=4018, SUCCESS, logIndex=6108, commits[056ae293-26b5-4d67-bc5d-e905a6760a80:c6108, a428730f-9893-43cb-a585-e65a7e8859c8:c6106, 994b73f6-7725-4304-b3a4-4941318c1d6c:c6106]
2019-07-08 19:53:53,405 INFO  client.GrpcClientProtocolClient (GrpcClientProtocolClient.java:onNext(255)) - client-B2F93226DCBB->056ae293-26b5-4d67-bc5d-e905a6760a80: receive RaftClientReply:client-B2F93226DCBB->056ae293-26b5-4d67-bc5d-e905a6760a80@group-50E32BB97A46, cid=4019, SUCCESS, logIndex=6111, commits[056ae293-26b5-4d67-bc5d-e905a6760a80:c6112, a428730f-9893-43cb-a585-e65a7e8859c8:c6107, 994b73f6-7725-4304-b3a4-4941318c1d6c:c6108]
2019-07-08 19:53:53,405 INFO  client.GrpcClientProtocolClient (GrpcClientProtocolClient.java:onNext(255)) - client-B2F93226DCBB->056ae293-26b5-4d67-bc5d-e905a6760a80: receive RaftClientReply:client-B2F93226DCBB->056ae293-26b5-4d67-bc5d-e905a6760a80@group-50E32BB97A46, cid=4020, SUCCESS, logIndex=6112, commits[056ae293-26b5-4d67-bc5d-e905a6760a80:c6112, a428730f-9893-43cb-a585-e65a7e8859c8:c6108, 994b73f6-7725-4304-b3a4-4941318c1d6c:c6108]
2019-07-08 19:53:53,417 INFO  client.GrpcClientProtocolClient (GrpcClientProtocolClient.java:onNext(255)) - client-B2F93226DCBB->056ae293-26b5-4d67-bc5d-e905a6760a80: receive RaftClientReply:client-B2F93226DCBB->056ae293-26b5-4d67-bc5d-e905a6760a80@group-50E32BB97A46, cid=4021, SUCCESS, logIndex=0, commits[056ae293-26b5-4d67-bc5d-e905a6760a80:c6114, a428730f-9893-43cb-a585-e65a7e8859c8:c6112, 994b73f6-7725-4304-b3a4-4941318c1d6c:c6112]
2019-07-08 19:53:53,453 INFO  client.GrpcClientProtocolClient (GrpcClientProtocolClient.java:onNext(255)) - client-B2F93226DCBB->056ae293-26b5-4d67-bc5d-e905a6760a80: receive RaftClientReply:client-B2F93226DCBB->056ae293-26b5-4d67-bc5d-e905a6760a80@group-50E32BB97A46, cid=4022, SUCCESS, logIndex=6115, commits[056ae293-26b5-4d67-bc5d-e905a6760a80:c6116, a428730f-9893-43cb-a585-e65a7e8859c8:c6114, 994b73f6-7725-4304-b3a4-4941318c1d6c:c6114]
2019-07-08 19:53:53,454 INFO  client.GrpcClientProtocolClient (GrpcClientProtocolClient.java:onNext(255)) - client-B2F93226DCBB->056ae293-26b5-4d67-bc5d-e905a6760a80: receive RaftClientReply:client-B2F93226DCBB->056ae293-26b5-4d67-bc5d-e905a6760a80@group-50E32BB97A46, cid=4023, SUCCESS, logIndex=6116, commits[056ae293-26b5-4d67-bc5d-e905a6760a80:c6116, a428730f-9893-43cb-a585-e65a7e8859c8:c6114, 994b73f6-7725-4304-b3a4-4941318c1d6c:c6114]
2019-07-08 19:53:53,454 INFO  client.GrpcClientProtocolClient (GrpcClientProtocolClient.java:onNext(255)) - client-B2F93226DCBB->056ae293-26b5-4d67-bc5d-e905a6760a80: receive RaftClientReply:client-B2F93226DCBB->056ae293-26b5-4d67-bc5d-e905a6760a80@group-50E32BB97A46, cid=4024, SUCCESS, logIndex=6117, commits[056ae293-26b5-4d67-bc5d-e905a6760a80:c6118, a428730f-9893-43cb-a585-e65a7e8859c8:c6114, 994b73f6-7725-4304-b3a4-4941318c1d6c:c6114]
2019-07-08 19:53:53,455 INFO  client.GrpcClientProtocolClient (GrpcClientProtocolClient.java:onNext(255)) - client-B2F93226DCBB->056ae293-26b5-4d67-bc5d-e905a6760a80: receive RaftClientReply:client-B2F93226DCBB->056ae293-26b5-4d67-bc5d-e905a6760a80@group-50E32BB97A46, cid=4025, SUCCESS, logIndex=6118, commits[056ae293-26b5-4d67-bc5d-e905a6760a80:c6118, a428730f-9893-43cb-a585-e65a7e8859c8:c6114, 994b73f6-7725-4304-b3a4-4941318c1d6c:c6114]
2019-07-08 19:53:53,457 INFO  client.GrpcClientProtocolClient (GrpcClientProtocolClient.java:onNext(255)) - client-B2F93226DCBB->056ae293-26b5-4d67-bc5d-e905a6760a80: receive RaftClientReply:client-B2F93226DCBB->056ae293-26b5-4d67-bc5d-e905a6760a80@group-50E32BB97A46, cid=4026, SUCCESS, logIndex=0, commits[056ae293-26b5-4d67-bc5d-e905a6760a80:c6122, a428730f-9893-43cb-a585-e65a7e8859c8:c6118, 994b73f6-7725-4304-b3a4-4941318c1d6c:c6116]
2019-07-08 19:53:53,477 INFO  client.GrpcClientProtocolClient (GrpcClientProtocolClient.java:onNext(255)) - client-B2F93226DCBB->056ae293-26b5-4d67-bc5d-e905a6760a80: receive RaftClientReply:client-B2F93226DCBB->056ae293-26b5-4d67-bc5d-e905a6760a80@group-50E32BB97A46, cid=4027, SUCCESS, logIndex=6123, commits[056ae293-26b5-4d67-bc5d-e905a6760a80:c6124, a428730f-9893-43cb-a585-e65a7e8859c8:c6122, 994b73f6-7725-4304-b3a4-4941318c1d6c:c6122]
2019-07-08 19:53:53,477 INFO  client.GrpcClientProtocolClient (GrpcClientProtocolClient.java:onNext(255)) - client-B2F93226DCBB->056ae293-26b5-4d67-bc5d-e905a6760a80: receive RaftClientReply:client-B2F93226DCBB->056ae293-26b5-4d67-bc5d-e905a6760a80@group-50E32BB97A46, cid=4028, SUCCESS, logIndex=6124, commits[056ae293-26b5-4d67-bc5d-e905a6760a80:c6124, a428730f-9893-43cb-a585-e65a7e8859c8:c6122, 994b73f6-7725-4304-b3a4-4941318c1d6c:c6122]
2019-07-08 19:53:53,490 INFO  client.GrpcClientProtocolClient (GrpcClientProtocolClient.java:onNext(255)) - client-B2F93226DCBB->056ae293-26b5-4d67-bc5d-e905a6760a80: receive RaftClientReply:client-B2F93226DCBB->056ae293-26b5-4d67-bc5d-e905a6760a80@group-50E32BB97A46, cid=4029, SUCCESS, logIndex=6127, commits[056ae293-26b5-4d67-bc5d-e905a6760a80:c6128, a428730f-9893-43cb-a585-e65a7e8859c8:c6124, 994b73f6-7725-4304-b3a4-4941318c1d6c:c6124]
2019-07-08 19:53:53,491 INFO  client.GrpcClientProtocolClient (GrpcClientProtocolClient.java:onNext(255)) - client-B2F93226DCBB->056ae293-26b5-4d67-bc5d-e905a6760a80: receive RaftClientReply:client-B2F93226DCBB->056ae293-26b5-4d67-bc5d-e905a6760a80@group-50E32BB97A46, cid=4030, SUCCESS, logIndex=6128, commits[056ae293-26b5-4d67-bc5d-e905a6760a80:c6128, a428730f-9893-43cb-a585-e65a7e8859c8:c6124, 994b73f6-7725-4304-b3a4-4941318c1d6c:c6124]
2019-07-08 19:53:53,504 INFO  client.GrpcClientProtocolClient (GrpcClientProtocolClient.java:onNext(255)) - client-B2F93226DCBB->056ae293-26b5-4d67-bc5d-e905a6760a80: receive RaftClientReply:client-B2F93226DCBB->056ae293-26b5-4d67-bc5d-e905a6760a80@group-50E32BB97A46, cid=4031, SUCCESS, logIndex=0, commits[056ae293-26b5-4d67-bc5d-e905a6760a80:c6130, a428730f-9893-43cb-a585-e65a7e8859c8:c6128, 994b73f6-7725-4304-b3a4-4941318c1d6c:c6128]
2019-07-08 19:53:53,537 INFO  client.GrpcClientProtocolClient (GrpcClientProtocolClient.java:onNext(255)) - client-B2F93226DCBB->056ae293-26b5-4d67-bc5d-e905a6760a80: receive RaftClientReply:client-B2F93226DCBB->056ae293-26b5-4d67-bc5d-e905a6760a80@group-50E32BB97A46, cid=4032, SUCCESS, logIndex=6131, commits[056ae293-26b5-4d67-bc5d-e905a6760a80:c6132, a428730f-9893-43cb-a585-e65a7e8859c8:c6130, 994b73f6-7725-4304-b3a4-4941318c1d6c:c6130]
2019-07-08 19:53:53,537 INFO  client.GrpcClientProtocolClient (GrpcClientProtocolClient.java:onNext(255)) - client-B2F93226DCBB->056ae293-26b5-4d67-bc5d-e905a6760a80: receive RaftClientReply:client-B2F93226DCBB->056ae293-26b5-4d67-bc5d-e905a6760a80@group-50E32BB97A46, cid=4033, SUCCESS, logIndex=6132, commits[056ae293-26b5-4d67-bc5d-e905a6760a80:c6132, a428730f-9893-43cb-a585-e65a7e8859c8:c6130, 994b73f6-7725-4304-b3a4-4941318c1d6c:c6130]
2019-07-08 19:53:53,538 INFO  client.GrpcClientProtocolClient (GrpcClientProtocolClient.java:onNext(255)) - client-B2F93226DCBB->056ae293-26b5-4d67-bc5d-e905a6760a80: receive RaftClientReply:client-B2F93226DCBB->056ae293-26b5-4d67-bc5d-e905a6760a80@group-50E32BB97A46, cid=4034, SUCCESS, logIndex=6133, commits[056ae293-26b5-4d67-bc5d-e905a6760a80:c6134, a428730f-9893-43cb-a585-e65a7e8859c8:c6130, 994b73f6-7725-4304-b3a4-4941318c1d6c:c6130]
2019-07-08 19:53:53,538 INFO  client.GrpcClientProtocolClient (GrpcClientProtocolClient.java:onNext(255)) - client-B2F93226DCBB->056ae293-26b5-4d67-bc5d-e905a6760a80: receive RaftClientReply:client-B2F93226DCBB->056ae293-26b5-4d67-bc5d-e905a6760a80@group-50E32BB97A46, cid=4035, SUCCESS, logIndex=6134, commits[056ae293-26b5-4d67-bc5d-e905a6760a80:c6134, a428730f-9893-43cb-a585-e65a7e8859c8:c6130, 994b73f6-7725-4304-b3a4-4941318c1d6c:c6130]
2019-07-08 19:53:53,539 INFO  client.GrpcClientProtocolClient (GrpcClientProtocolClient.java:onNext(255)) - client-B2F93226DCBB->056ae293-26b5-4d67-bc5d-e905a6760a80: receive RaftClientReply:client-B2F93226DCBB->056ae293-26b5-4d67-bc5d-e905a6760a80@group-50E32BB97A46, cid=4036, SUCCESS, logIndex=0, commits[056ae293-26b5-4d67-bc5d-e905a6760a80:c6136, a428730f-9893-43cb-a585-e65a7e8859c8:c6132, 994b73f6-7725-4304-b3a4-4941318c1d6c:c6132]
2019-07-08 19:53:53,551 INFO  client.GrpcClientProtocolClient (GrpcClientProtocolClient.java:onNext(255)) - client-B2F93226DCBB->056ae293-26b5-4d67-bc5d-e905a6760a80: receive RaftClientReply:client-B2F93226DCBB->056ae293-26b5-4d67-bc5d-e905a6760a80@group-50E32BB97A46, cid=4037, SUCCESS, logIndex=6139, commits[056ae293-26b5-4d67-bc5d-e905a6760a80:c6140, a428730f-9893-43cb-a585-e65a7e8859c8:c6138, 994b73f6-7725-4304-b3a4-4941318c1d6c:c6134]
2019-07-08 19:53:53,551 INFO  client.GrpcClientProtocolClient (GrpcClientProtocolClient.java:onNext(255)) - client-B2F93226DCBB->056ae293-26b5-4d67-bc5d-e905a6760a80: receive RaftClientReply:client-B2F93226DCBB->056ae293-26b5-4d67-bc5d-e905a6760a80@group-50E32BB97A46, cid=4038, SUCCESS, logIndex=6140, commits[056ae293-26b5-4d67-bc5d-e905a6760a80:c6140, a428730f-9893-43cb-a585-e65a7e8859c8:c6138, 994b73f6-7725-4304-b3a4-4941318c1d6c:c6138]
2019-07-08 19:53:53,562 INFO  client.GrpcClientProtocolClient (GrpcClientProtocolClient.java:onNext(255)) - client-B2F93226DCBB->056ae293-26b5-4d67-bc5d-e905a6760a80: receive RaftClientReply:client-B2F93226DCBB->056ae293-26b5-4d67-bc5d-e905a6760a80@group-50E32BB97A46, cid=4039, SUCCESS, logIndex=6143, commits[056ae293-26b5-4d67-bc5d-e905a6760a80:c6144, a428730f-9893-43cb-a585-e65a7e8859c8:c6140, 994b73f6-7725-4304-b3a4-4941318c1d6c:c6142]
2019-07-08 19:53:53,563 INFO  client.GrpcClientProtocolClient (GrpcClientProtocolClient.java:onNext(255)) - client-B2F93226DCBB->056ae293-26b5-4d67-bc5d-e905a6760a80: receive RaftClientReply:client-B2F93226DCBB->056ae293-26b5-4d67-bc5d-e905a6760a80@group-50E32BB97A46, cid=4040, SUCCESS, logIndex=6144, commits[056ae293-26b5-4d67-bc5d-e905a6760a80:c6144, a428730f-9893-43cb-a585-e65a7e8859c8:c6142, 994b73f6-7725-4304-b3a4-4941318c1d6c:c6142]
2019-07-08 19:53:53,564 INFO  client.GrpcClientProtocolClient (GrpcClientProtocolClient.java:onNext(255)) - client-B2F93226DCBB->056ae293-26b5-4d67-bc5d-e905a6760a80: receive RaftClientReply:client-B2F93226DCBB->056ae293-26b5-4d67-bc5d-e905a6760a80@group-50E32BB97A46, cid=4041, SUCCESS, logIndex=0, commits[056ae293-26b5-4d67-bc5d-e905a6760a80:c6145, a428730f-9893-43cb-a585-e65a7e8859c8:c6144, 994b73f6-7725-4304-b3a4-4941318c1d6c:c6144]
 0.00% |█                                                                                                    |  0/1 Time: 0:00:492019-07-08 19:53:53,590 INFO  client.GrpcClientProtocolClient (GrpcClientProtocolClient.java:onNext(255)) - client-B2F93226DCBB->056ae293-26b5-4d67-bc5d-e905a6760a80: receive RaftClientReply:client-B2F93226DCBB->056ae293-26b5-4d67-bc5d-e905a6760a80@group-50E32BB97A46, cid=4042, SUCCESS, logIndex=6147, commits[056ae293-26b5-4d67-bc5d-e905a6760a80:c6148, a428730f-9893-43cb-a585-e65a7e8859c8:c6146, 994b73f6-7725-4304-b3a4-4941318c1d6c:c6144]
2019-07-08 19:53:53,590 INFO  client.GrpcClientProtocolClient (GrpcClientProtocolClient.java:onNext(255)) - client-B2F93226DCBB->056ae293-26b5-4d67-bc5d-e905a6760a80: receive RaftClientReply:client-B2F93226DCBB->056ae293-26b5-4d67-bc5d-e905a6760a80@group-50E32BB97A46, cid=4043, SUCCESS, logIndex=6148, commits[056ae293-26b5-4d67-bc5d-e905a6760a80:c6148, a428730f-9893-43cb-a585-e65a7e8859c8:c6146, 994b73f6-7725-4304-b3a4-4941318c1d6c:c6146]
2019-07-08 19:53:53,591 INFO  client.GrpcClientProtocolClient (GrpcClientProtocolClient.java:onNext(255)) - client-B2F93226DCBB->056ae293-26b5-4d67-bc5d-e905a6760a80: receive RaftClientReply:client-B2F93226DCBB->056ae293-26b5-4d67-bc5d-e905a6760a80@group-50E32BB97A46, cid=4044, SUCCESS, logIndex=6149, commits[056ae293-26b5-4d67-bc5d-e905a6760a80:c6150, a428730f-9893-43cb-a585-e65a7e8859c8:c6146, 994b73f6-7725-4304-b3a4-4941318c1d6c:c6146]
2019-07-08 19:53:53,591 INFO  client.GrpcClientProtocolClient (GrpcClientProtocolClient.java:onNext(255)) - client-B2F93226DCBB->056ae293-26b5-4d67-bc5d-e905a6760a80: receive RaftClientReply:client-B2F93226DCBB->056ae293-26b5-4d67-bc5d-e905a6760a80@group-50E32BB97A46, cid=4045, SUCCESS, logIndex=6150, commits[056ae293-26b5-4d67-bc5d-e905a6760a80:c6150, a428730f-9893-43cb-a585-e65a7e8859c8:c6146, 994b73f6-7725-4304-b3a4-4941318c1d6c:c6146]
2019-07-08 19:53:53,593 INFO  client.GrpcClientProtocolClient (GrpcClientProtocolClient.java:onNext(255)) - client-B2F93226DCBB->056ae293-26b5-4d67-bc5d-e905a6760a80: receive RaftClientReply:client-B2F93226DCBB->056ae293-26b5-4d67-bc5d-e905a6760a80@group-50E32BB97A46, cid=4046, SUCCESS, logIndex=0, commits[056ae293-26b5-4d67-bc5d-e905a6760a80:c6152, a428730f-9893-43cb-a585-e65a7e8859c8:c6148, 994b73f6-7725-4304-b3a4-4941318c1d6c:c6148]
2019-07-08 19:53:53,612 INFO  client.GrpcClientProtocolClient (GrpcClientProtocolClient.java:onNext(255)) - client-B2F93226DCBB->056ae293-26b5-4d67-bc5d-e905a6760a80: receive RaftClientReply:client-B2F93226DCBB->056ae293-26b5-4d67-bc5d-e905a6760a80@group-50E32BB97A46, cid=4047, SUCCESS, logIndex=6155, commits[056ae293-26b5-4d67-bc5d-e905a6760a80:c6156, a428730f-9893-43cb-a585-e65a7e8859c8:c6154, 994b73f6-7725-4304-b3a4-4941318c1d6c:c6150]
2019-07-08 19:53:53,613 INFO  client.GrpcClientProtocolClient (GrpcClientProtocolClient.java:onNext(255)) - client-B2F93226DCBB->056ae293-26b5-4d67-bc5d-e905a6760a80: receive RaftClientReply:client-B2F93226DCBB->056ae293-26b5-4d67-bc5d-e905a6760a80@group-50E32BB97A46, cid=4048, SUCCESS, logIndex=6156, commits[056ae293-26b5-4d67-bc5d-e905a6760a80:c6156, a428730f-9893-43cb-a585-e65a7e8859c8:c6154, 994b73f6-7725-4304-b3a4-4941318c1d6c:c6150]
2019-07-08 19:53:53,624 INFO  client.GrpcClientProtocolClient (GrpcClientProtocolClient.java:onNext(255)) - client-B2F93226DCBB->056ae293-26b5-4d67-bc5d-e905a6760a80: receive RaftClientReply:client-B2F93226DCBB->056ae293-26b5-4d67-bc5d-e905a6760a80@group-50E32BB97A46, cid=4049, SUCCESS, logIndex=6159, commits[056ae293-26b5-4d67-bc5d-e905a6760a80:c6160, a428730f-9893-43cb-a585-e65a7e8859c8:c6158, 994b73f6-7725-4304-b3a4-4941318c1d6c:c6156]
2019-07-08 19:53:53,624 INFO  client.GrpcClientProtocolClient (GrpcClientProtocolClient.java:onNext(255)) - client-B2F93226DCBB->056ae293-26b5-4d67-bc5d-e905a6760a80: receive RaftClientReply:client-B2F93226DCBB->056ae293-26b5-4d67-bc5d-e905a6760a80@group-50E32BB97A46, cid=4050, SUCCESS, logIndex=6160, commits[056ae293-26b5-4d67-bc5d-e905a6760a80:c6160, a428730f-9893-43cb-a585-e65a7e8859c8:c6158, 994b73f6-7725-4304-b3a4-4941318c1d6c:c6158]
2019-07-08 19:53:53,625 INFO  client.GrpcClientProtocolClient (GrpcClientProtocolClient.java:onNext(255)) - client-B2F93226DCBB->056ae293-26b5-4d67-bc5d-e905a6760a80: receive RaftClientReply:client-B2F93226DCBB->056ae293-26b5-4d67-bc5d-e905a6760a80@group-50E32BB97A46, cid=4051, SUCCESS, logIndex=0, commits[056ae293-26b5-4d67-bc5d-e905a6760a80:c6161, a428730f-9893-43cb-a585-e65a7e8859c8:c6160, 994b73f6-7725-4304-b3a4-4941318c1d6c:c6160]
2019-07-08 19:53:53,667 INFO  client.GrpcClientProtocolClient (GrpcClientProtocolClient.java:onNext(255)) - client-B2F93226DCBB->056ae293-26b5-4d67-bc5d-e905a6760a80: receive RaftClientReply:client-B2F93226DCBB->056ae293-26b5-4d67-bc5d-e905a6760a80@group-50E32BB97A46, cid=4052, SUCCESS, logIndex=6163, commits[056ae293-26b5-4d67-bc5d-e905a6760a80:c6165, a428730f-9893-43cb-a585-e65a7e8859c8:c6160, 994b73f6-7725-4304-b3a4-4941318c1d6c:c6162]
2019-07-08 19:53:53,667 INFO  client.GrpcClientProtocolClient (GrpcClientProtocolClient.java:onNext(255)) - client-B2F93226DCBB->056ae293-26b5-4d67-bc5d-e905a6760a80: receive RaftClientReply:client-B2F93226DCBB->056ae293-26b5-4d67-bc5d-e905a6760a80@group-50E32BB97A46, cid=4053, SUCCESS, logIndex=6164, commits[056ae293-26b5-4d67-bc5d-e905a6760a80:c6166, a428730f-9893-43cb-a585-e65a7e8859c8:c6162, 994b73f6-7725-4304-b3a4-4941318c1d6c:c6162]
2019-07-08 19:53:53,668 INFO  client.GrpcClientProtocolClient (GrpcClientProtocolClient.java:onNext(255)) - client-B2F93226DCBB->056ae293-26b5-4d67-bc5d-e905a6760a80: receive RaftClientReply:client-B2F93226DCBB->056ae293-26b5-4d67-bc5d-e905a6760a80@group-50E32BB97A46, cid=4054, SUCCESS, logIndex=6165, commits[056ae293-26b5-4d67-bc5d-e905a6760a80:c6166, a428730f-9893-43cb-a585-e65a7e8859c8:c6162, 994b73f6-7725-4304-b3a4-4941318c1d6c:c6162]
2019-07-08 19:53:53,668 INFO  client.GrpcClientProtocolClient (GrpcClientProtocolClient.java:onNext(255)) - client-B2F93226DCBB->056ae293-26b5-4d67-bc5d-e905a6760a80: receive RaftClientReply:client-B2F93226DCBB->056ae293-26b5-4d67-bc5d-e905a6760a80@group-50E32BB97A46, cid=4055, SUCCESS, logIndex=6166, commits[056ae293-26b5-4d67-bc5d-e905a6760a80:c6166, a428730f-9893-43cb-a585-e65a7e8859c8:c6162, 994b73f6-7725-4304-b3a4-4941318c1d6c:c6162]
2019-07-08 19:53:53,669 INFO  client.GrpcClientProtocolClient (GrpcClientProtocolClient.java:onNext(255)) - client-B2F93226DCBB->056ae293-26b5-4d67-bc5d-e905a6760a80: receive RaftClientReply:client-B2F93226DCBB->056ae293-26b5-4d67-bc5d-e905a6760a80@group-50E32BB97A46, cid=4056, SUCCESS, logIndex=0, commits[056ae293-26b5-4d67-bc5d-e905a6760a80:c6170, a428730f-9893-43cb-a585-e65a7e8859c8:c6166, 994b73f6-7725-4304-b3a4-4941318c1d6c:c6165]
2019-07-08 19:53:53,685 INFO  client.GrpcClientProtocolClient (GrpcClientProtocolClient.java:onNext(255)) - client-B2F93226DCBB->056ae293-26b5-4d67-bc5d-e905a6760a80: receive RaftClientReply:client-B2F93226DCBB->056ae293-26b5-4d67-bc5d-e905a6760a80@group-50E32BB97A46, cid=4057, SUCCESS, logIndex=6171, commits[056ae293-26b5-4d67-bc5d-e905a6760a80:c6172, a428730f-9893-43cb-a585-e65a7e8859c8:c6170, 994b73f6-7725-4304-b3a4-4941318c1d6c:c6170]
2019-07-08 19:53:53,686 INFO  client.GrpcClientProtocolClient (GrpcClientProtocolClient.java:onNext(255)) - client-B2F93226DCBB->056ae293-26b5-4d67-bc5d-e905a6760a80: receive RaftClientReply:client-B2F93226DCBB->056ae293-26b5-4d67-bc5d-e905a6760a80@group-50E32BB97A46, cid=4058, SUCCESS, logIndex=6172, commits[056ae293-26b5-4d67-bc5d-e905a6760a80:c6172, a428730f-9893-43cb-a585-e65a7e8859c8:c6170, 994b73f6-7725-4304-b3a4-4941318c1d6c:c6170]
2019-07-08 19:53:53,699 INFO  client.GrpcClientProtocolClient (GrpcClientProtocolClient.java:onNext(255)) - client-B2F93226DCBB->056ae293-26b5-4d67-bc5d-e905a6760a80: receive RaftClientReply:client-B2F93226DCBB->056ae293-26b5-4d67-bc5d-e905a6760a80@group-50E32BB97A46, cid=4059, SUCCESS, logIndex=6175, commits[056ae293-26b5-4d67-bc5d-e905a6760a80:c6176, a428730f-9893-43cb-a585-e65a7e8859c8:c6172, 994b73f6-7725-4304-b3a4-4941318c1d6c:c6172]
2019-07-08 19:53:53,699 INFO  client.GrpcClientProtocolClient (GrpcClientProtocolClient.java:onNext(255)) - client-B2F93226DCBB->056ae293-26b5-4d67-bc5d-e905a6760a80: receive RaftClientReply:client-B2F93226DCBB->056ae293-26b5-4d67-bc5d-e905a6760a80@group-50E32BB97A46, cid=4060, SUCCESS, logIndex=6176, commits[056ae293-26b5-4d67-bc5d-e905a6760a80:c6176, a428730f-9893-43cb-a585-e65a7e8859c8:c6172, 994b73f6-7725-4304-b3a4-4941318c1d6c:c6172]
2019-07-08 19:53:53,712 INFO  client.GrpcClientProtocolClient (GrpcClientProtocolClient.java:onNext(255)) - client-B2F93226DCBB->056ae293-26b5-4d67-bc5d-e905a6760a80: receive RaftClientReply:client-B2F93226DCBB->056ae293-26b5-4d67-bc5d-e905a6760a80@group-50E32BB97A46, cid=4061, SUCCESS, logIndex=0, commits[056ae293-26b5-4d67-bc5d-e905a6760a80:c6178, a428730f-9893-43cb-a585-e65a7e8859c8:c6176, 994b73f6-7725-4304-b3a4-4941318c1d6c:c6176]
2019-07-08 19:53:53,750 INFO  client.GrpcClientProtocolClient (GrpcClientProtocolClient.java:onNext(255)) - client-B2F93226DCBB->056ae293-26b5-4d67-bc5d-e905a6760a80: receive RaftClientReply:client-B2F93226DCBB->056ae293-26b5-4d67-bc5d-e905a6760a80@group-50E32BB97A46, cid=4062, SUCCESS, logIndex=6179, commits[056ae293-26b5-4d67-bc5d-e905a6760a80:c6180, a428730f-9893-43cb-a585-e65a7e8859c8:c6178, 994b73f6-7725-4304-b3a4-4941318c1d6c:c6178]
2019-07-08 19:53:53,751 INFO  client.GrpcClientProtocolClient (GrpcClientProtocolClient.java:onNext(255)) - client-B2F93226DCBB->056ae293-26b5-4d67-bc5d-e905a6760a80: receive RaftClientReply:client-B2F93226DCBB->056ae293-26b5-4d67-bc5d-e905a6760a80@group-50E32BB97A46, cid=4063, SUCCESS, logIndex=6180, commits[056ae293-26b5-4d67-bc5d-e905a6760a80:c6182, a428730f-9893-43cb-a585-e65a7e8859c8:c6178, 994b73f6-7725-4304-b3a4-4941318c1d6c:c6178]
2019-07-08 19:53:53,751 INFO  client.GrpcClientProtocolClient (GrpcClientProtocolClient.java:onNext(255)) - client-B2F93226DCBB->056ae293-26b5-4d67-bc5d-e905a6760a80: receive RaftClientReply:client-B2F93226DCBB->056ae293-26b5-4d67-bc5d-e905a6760a80@group-50E32BB97A46, cid=4064, SUCCESS, logIndex=6181, commits[056ae293-26b5-4d67-bc5d-e905a6760a80:c6182, a428730f-9893-43cb-a585-e65a7e8859c8:c6178, 994b73f6-7725-4304-b3a4-4941318c1d6c:c6178]
2019-07-08 19:53:53,751 INFO  client.GrpcClientProtocolClient (GrpcClientProtocolClient.java:onNext(255)) - client-B2F93226DCBB->056ae293-26b5-4d67-bc5d-e905a6760a80: receive RaftClientReply:client-B2F93226DCBB->056ae293-26b5-4d67-bc5d-e905a6760a80@group-50E32BB97A46, cid=4065, SUCCESS, logIndex=6182, commits[056ae293-26b5-4d67-bc5d-e905a6760a80:c6182, a428730f-9893-43cb-a585-e65a7e8859c8:c6178, 994b73f6-7725-4304-b3a4-4941318c1d6c:c6178]
2019-07-08 19:53:53,753 INFO  client.GrpcClientProtocolClient (GrpcClientProtocolClient.java:onNext(255)) - client-B2F93226DCBB->056ae293-26b5-4d67-bc5d-e905a6760a80: receive RaftClientReply:client-B2F93226DCBB->056ae293-26b5-4d67-bc5d-e905a6760a80@group-50E32BB97A46, cid=4066, SUCCESS, logIndex=0, commits[056ae293-26b5-4d67-bc5d-e905a6760a80:c6186, a428730f-9893-43cb-a585-e65a7e8859c8:c6180, 994b73f6-7725-4304-b3a4-4941318c1d6c:c6182]
2019-07-08 19:53:53,774 INFO  client.GrpcClientProtocolClient (GrpcClientProtocolClient.java:onNext(255)) - client-B2F93226DCBB->056ae293-26b5-4d67-bc5d-e905a6760a80: receive RaftClientReply:client-B2F93226DCBB->056ae293-26b5-4d67-bc5d-e905a6760a80@group-50E32BB97A46, cid=4067, SUCCESS, logIndex=6187, commits[056ae293-26b5-4d67-bc5d-e905a6760a80:c6187, a428730f-9893-43cb-a585-e65a7e8859c8:c6186, 994b73f6-7725-4304-b3a4-4941318c1d6c:c6186]
2019-07-08 19:53:53,774 INFO  client.GrpcClientProtocolClient (GrpcClientProtocolClient.java:onNext(255)) - client-B2F93226DCBB->056ae293-26b5-4d67-bc5d-e905a6760a80: receive RaftClientReply:client-B2F93226DCBB->056ae293-26b5-4d67-bc5d-e905a6760a80@group-50E32BB97A46, cid=4068, SUCCESS, logIndex=6188, commits[056ae293-26b5-4d67-bc5d-e905a6760a80:c6188, a428730f-9893-43cb-a585-e65a7e8859c8:c6186, 994b73f6-7725-4304-b3a4-4941318c1d6c:c6186]
2019-07-08 19:53:53,798 INFO  client.GrpcClientProtocolClient (GrpcClientProtocolClient.java:onNext(255)) - client-B2F93226DCBB->056ae293-26b5-4d67-bc5d-e905a6760a80: receive RaftClientReply:client-B2F93226DCBB->056ae293-26b5-4d67-bc5d-e905a6760a80@group-50E32BB97A46, cid=4069, SUCCESS, logIndex=6191, commits[056ae293-26b5-4d67-bc5d-e905a6760a80:c6192, a428730f-9893-43cb-a585-e65a7e8859c8:c6187, 994b73f6-7725-4304-b3a4-4941318c1d6c:c6188]
2019-07-08 19:53:53,798 INFO  client.GrpcClientProtocolClient (GrpcClientProtocolClient.java:onNext(255)) - client-B2F93226DCBB->056ae293-26b5-4d67-bc5d-e905a6760a80: receive RaftClientReply:client-B2F93226DCBB->056ae293-26b5-4d67-bc5d-e905a6760a80@group-50E32BB97A46, cid=4070, SUCCESS, logIndex=6192, commits[056ae293-26b5-4d67-bc5d-e905a6760a80:c6192, a428730f-9893-43cb-a585-e65a7e8859c8:c6188, 994b73f6-7725-4304-b3a4-4941318c1d6c:c6188]
2019-07-08 19:53:53,800 INFO  client.GrpcClientProtocolClient (GrpcClientProtocolClient.java:onNext(255)) - client-B2F93226DCBB->056ae293-26b5-4d67-bc5d-e905a6760a80: receive RaftClientReply:client-B2F93226DCBB->056ae293-26b5-4d67-bc5d-e905a6760a80@group-50E32BB97A46, cid=4071, SUCCESS, logIndex=0, commits[056ae293-26b5-4d67-bc5d-e905a6760a80:c6194, a428730f-9893-43cb-a585-e65a7e8859c8:c6192, 994b73f6-7725-4304-b3a4-4941318c1d6c:c6192]
2019-07-08 19:53:53,837 INFO  client.GrpcClientProtocolClient (GrpcClientProtocolClient.java:onNext(255)) - client-B2F93226DCBB->056ae293-26b5-4d67-bc5d-e905a6760a80: receive RaftClientReply:client-B2F93226DCBB->056ae293-26b5-4d67-bc5d-e905a6760a80@group-50E32BB97A46, cid=4072, SUCCESS, logIndex=6195, commits[056ae293-26b5-4d67-bc5d-e905a6760a80:c6196, a428730f-9893-43cb-a585-e65a7e8859c8:c6194, 994b73f6-7725-4304-b3a4-4941318c1d6c:c6194]
2019-07-08 19:53:53,838 INFO  client.GrpcClientProtocolClient (GrpcClientProtocolClient.java:onNext(255)) - client-B2F93226DCBB->056ae293-26b5-4d67-bc5d-e905a6760a80: receive RaftClientReply:client-B2F93226DCBB->056ae293-26b5-4d67-bc5d-e905a6760a80@group-50E32BB97A46, cid=4073, SUCCESS, logIndex=6196, commits[056ae293-26b5-4d67-bc5d-e905a6760a80:c6198, a428730f-9893-43cb-a585-e65a7e8859c8:c6194, 994b73f6-7725-4304-b3a4-4941318c1d6c:c6194]
2019-07-08 19:53:53,838 INFO  client.GrpcClientProtocolClient (GrpcClientProtocolClient.java:onNext(255)) - client-B2F93226DCBB->056ae293-26b5-4d67-bc5d-e905a6760a80: receive RaftClientReply:client-B2F93226DCBB->056ae293-26b5-4d67-bc5d-e905a6760a80@group-50E32BB97A46, cid=4074, SUCCESS, logIndex=6197, commits[056ae293-26b5-4d67-bc5d-e905a6760a80:c6198, a428730f-9893-43cb-a585-e65a7e8859c8:c6194, 994b73f6-7725-4304-b3a4-4941318c1d6c:c6194]
2019-07-08 19:53:53,839 INFO  client.GrpcClientProtocolClient (GrpcClientProtocolClient.java:onNext(255)) - client-B2F93226DCBB->056ae293-26b5-4d67-bc5d-e905a6760a80: receive RaftClientReply:client-B2F93226DCBB->056ae293-26b5-4d67-bc5d-e905a6760a80@group-50E32BB97A46, cid=4075, SUCCESS, logIndex=6198, commits[056ae293-26b5-4d67-bc5d-e905a6760a80:c6198, a428730f-9893-43cb-a585-e65a7e8859c8:c6194, 994b73f6-7725-4304-b3a4-4941318c1d6c:c6194]
2019-07-08 19:53:53,840 INFO  client.GrpcClientProtocolClient (GrpcClientProtocolClient.java:onNext(255)) - client-B2F93226DCBB->056ae293-26b5-4d67-bc5d-e905a6760a80: receive RaftClientReply:client-B2F93226DCBB->056ae293-26b5-4d67-bc5d-e905a6760a80@group-50E32BB97A46, cid=4076, SUCCESS, logIndex=0, commits[056ae293-26b5-4d67-bc5d-e905a6760a80:c6201, a428730f-9893-43cb-a585-e65a7e8859c8:c6196, 994b73f6-7725-4304-b3a4-4941318c1d6c:c6197]
2019-07-08 19:53:53,859 INFO  client.GrpcClientProtocolClient (GrpcClientProtocolClient.java:onNext(255)) - client-B2F93226DCBB->056ae293-26b5-4d67-bc5d-e905a6760a80: receive RaftClientReply:client-B2F93226DCBB->056ae293-26b5-4d67-bc5d-e905a6760a80@group-50E32BB97A46, cid=4077, SUCCESS, logIndex=6203, commits[056ae293-26b5-4d67-bc5d-e905a6760a80:c6204, a428730f-9893-43cb-a585-e65a7e8859c8:c6202, 994b73f6-7725-4304-b3a4-4941318c1d6c:c6202]
2019-07-08 19:53:53,860 INFO  client.GrpcClientProtocolClient (GrpcClientProtocolClient.java:onNext(255)) - client-B2F93226DCBB->056ae293-26b5-4d67-bc5d-e905a6760a80: receive RaftClientReply:client-B2F93226DCBB->056ae293-26b5-4d67-bc5d-e905a6760a80@group-50E32BB97A46, cid=4078, SUCCESS, logIndex=6204, commits[056ae293-26b5-4d67-bc5d-e905a6760a80:c6204, a428730f-9893-43cb-a585-e65a7e8859c8:c6202, 994b73f6-7725-4304-b3a4-4941318c1d6c:c6202]
2019-07-08 19:53:53,873 INFO  client.GrpcClientProtocolClient (GrpcClientProtocolClient.java:onNext(255)) - client-B2F93226DCBB->056ae293-26b5-4d67-bc5d-e905a6760a80: receive RaftClientReply:client-B2F93226DCBB->056ae293-26b5-4d67-bc5d-e905a6760a80@group-50E32BB97A46, cid=4079, SUCCESS, logIndex=6207, commits[056ae293-26b5-4d67-bc5d-e905a6760a80:c6208, a428730f-9893-43cb-a585-e65a7e8859c8:c6204, 994b73f6-7725-4304-b3a4-4941318c1d6c:c6204]
2019-07-08 19:53:53,874 INFO  client.GrpcClientProtocolClient (GrpcClientProtocolClient.java:onNext(255)) - client-B2F93226DCBB->056ae293-26b5-4d67-bc5d-e905a6760a80: receive RaftClientReply:client-B2F93226DCBB->056ae293-26b5-4d67-bc5d-e905a6760a80@group-50E32BB97A46, cid=4080, SUCCESS, logIndex=6208, commits[056ae293-26b5-4d67-bc5d-e905a6760a80:c6208, a428730f-9893-43cb-a585-e65a7e8859c8:c6204, 994b73f6-7725-4304-b3a4-4941318c1d6c:c6204]
2019-07-08 19:53:53,875 INFO  client.GrpcClientProtocolClient (GrpcClientProtocolClient.java:onNext(255)) - client-B2F93226DCBB->056ae293-26b5-4d67-bc5d-e905a6760a80: receive RaftClientReply:client-B2F93226DCBB->056ae293-26b5-4d67-bc5d-e905a6760a80@group-50E32BB97A46, cid=4081, SUCCESS, logIndex=0, commits[056ae293-26b5-4d67-bc5d-e905a6760a80:c6209, a428730f-9893-43cb-a585-e65a7e8859c8:c6208, 994b73f6-7725-4304-b3a4-4941318c1d6c:c6208]
2019-07-08 19:53:53,931 INFO  client.GrpcClientProtocolClient (GrpcClientProtocolClient.java:onNext(255)) - client-B2F93226DCBB->056ae293-26b5-4d67-bc5d-e905a6760a80: receive RaftClientReply:client-B2F93226DCBB->056ae293-26b5-4d67-bc5d-e905a6760a80@group-50E32BB97A46, cid=4082, SUCCESS, logIndex=6211, commits[056ae293-26b5-4d67-bc5d-e905a6760a80:c6214, a428730f-9893-43cb-a585-e65a7e8859c8:c6210, 994b73f6-7725-4304-b3a4-4941318c1d6c:c6210]
2019-07-08 19:53:53,931 INFO  client.GrpcClientProtocolClient (GrpcClientProtocolClient.java:onNext(255)) - client-B2F93226DCBB->056ae293-26b5-4d67-bc5d-e905a6760a80: receive RaftClientReply:client-B2F93226DCBB->056ae293-26b5-4d67-bc5d-e905a6760a80@group-50E32BB97A46, cid=4083, SUCCESS, logIndex=6212, commits[056ae293-26b5-4d67-bc5d-e905a6760a80:c6214, a428730f-9893-43cb-a585-e65a7e8859c8:c6210, 994b73f6-7725-4304-b3a4-4941318c1d6c:c6210]
2019-07-08 19:53:53,932 INFO  client.GrpcClientProtocolClient (GrpcClientProtocolClient.java:onNext(255)) - client-B2F93226DCBB->056ae293-26b5-4d67-bc5d-e905a6760a80: receive RaftClientReply:client-B2F93226DCBB->056ae293-26b5-4d67-bc5d-e905a6760a80@group-50E32BB97A46, cid=4084, SUCCESS, logIndex=6213, commits[056ae293-26b5-4d67-bc5d-e905a6760a80:c6214, a428730f-9893-43cb-a585-e65a7e8859c8:c6210, 994b73f6-7725-4304-b3a4-4941318c1d6c:c6210]
2019-07-08 19:53:53,932 INFO  client.GrpcClientProtocolClient (GrpcClientProtocolClient.java:onNext(255)) - client-B2F93226DCBB->056ae293-26b5-4d67-bc5d-e905a6760a80: receive RaftClientReply:client-B2F93226DCBB->056ae293-26b5-4d67-bc5d-e905a6760a80@group-50E32BB97A46, cid=4085, SUCCESS, logIndex=6214, commits[056ae293-26b5-4d67-bc5d-e905a6760a80:c6214, a428730f-9893-43cb-a585-e65a7e8859c8:c6210, 994b73f6-7725-4304-b3a4-4941318c1d6c:c6210]
2019-07-08 19:53:53,948 INFO  client.GrpcClientProtocolClient (GrpcClientProtocolClient.java:onNext(255)) - client-B2F93226DCBB->056ae293-26b5-4d67-bc5d-e905a6760a80: receive RaftClientReply:client-B2F93226DCBB->056ae293-26b5-4d67-bc5d-e905a6760a80@group-50E32BB97A46, cid=4086, SUCCESS, logIndex=0, commits[056ae293-26b5-4d67-bc5d-e905a6760a80:c6218, a428730f-9893-43cb-a585-e65a7e8859c8:c6212, 994b73f6-7725-4304-b3a4-4941318c1d6c:c6214]
2019-07-08 19:53:53,969 INFO  client.GrpcClientProtocolClient (GrpcClientProtocolClient.java:onNext(255)) - client-B2F93226DCBB->056ae293-26b5-4d67-bc5d-e905a6760a80: receive RaftClientReply:client-B2F93226DCBB->056ae293-26b5-4d67-bc5d-e905a6760a80@group-50E32BB97A46, cid=4087, SUCCESS, logIndex=6219, commits[056ae293-26b5-4d67-bc5d-e905a6760a80:c6220, a428730f-9893-43cb-a585-e65a7e8859c8:c6218, 994b73f6-7725-4304-b3a4-4941318c1d6c:c6218]
2019-07-08 19:53:53,970 INFO  client.GrpcClientProtocolClient (GrpcClientProtocolClient.java:onNext(255)) - client-B2F93226DCBB->056ae293-26b5-4d67-bc5d-e905a6760a80: receive RaftClientReply:client-B2F93226DCBB->056ae293-26b5-4d67-bc5d-e905a6760a80@group-50E32BB97A46, cid=4088, SUCCESS, logIndex=6220, commits[056ae293-26b5-4d67-bc5d-e905a6760a80:c6220, a428730f-9893-43cb-a585-e65a7e8859c8:c6218, 994b73f6-7725-4304-b3a4-4941318c1d6c:c6218]
2019-07-08 19:53:53,983 INFO  client.GrpcClientProtocolClient (GrpcClientProtocolClient.java:onNext(255)) - client-B2F93226DCBB->056ae293-26b5-4d67-bc5d-e905a6760a80: receive RaftClientReply:client-B2F93226DCBB->056ae293-26b5-4d67-bc5d-e905a6760a80@group-50E32BB97A46, cid=4089, SUCCESS, logIndex=6223, commits[056ae293-26b5-4d67-bc5d-e905a6760a80:c6224, a428730f-9893-43cb-a585-e65a7e8859c8:c6220, 994b73f6-7725-4304-b3a4-4941318c1d6c:c6220]
2019-07-08 19:53:53,983 INFO  client.GrpcClientProtocolClient (GrpcClientProtocolClient.java:onNext(255)) - client-B2F93226DCBB->056ae293-26b5-4d67-bc5d-e905a6760a80: receive RaftClientReply:client-B2F93226DCBB->056ae293-26b5-4d67-bc5d-e905a6760a80@group-50E32BB97A46, cid=4090, SUCCESS, logIndex=6224, commits[056ae293-26b5-4d67-bc5d-e905a6760a80:c6224, a428730f-9893-43cb-a585-e65a7e8859c8:c6220, 994b73f6-7725-4304-b3a4-4941318c1d6c:c6220]
2019-07-08 19:53:53,995 INFO  client.GrpcClientProtocolClient (GrpcClientProtocolClient.java:onNext(255)) - client-B2F93226DCBB->056ae293-26b5-4d67-bc5d-e905a6760a80: receive RaftClientReply:client-B2F93226DCBB->056ae293-26b5-4d67-bc5d-e905a6760a80@group-50E32BB97A46, cid=4091, SUCCESS, logIndex=0, commits[056ae293-26b5-4d67-bc5d-e905a6760a80:c6226, a428730f-9893-43cb-a585-e65a7e8859c8:c6224, 994b73f6-7725-4304-b3a4-4941318c1d6c:c6224]
2019-07-08 19:53:54,031 INFO  client.GrpcClientProtocolClient (GrpcClientProtocolClient.java:onNext(255)) - client-B2F93226DCBB->056ae293-26b5-4d67-bc5d-e905a6760a80: receive RaftClientReply:client-B2F93226DCBB->056ae293-26b5-4d67-bc5d-e905a6760a80@group-50E32BB97A46, cid=4092, SUCCESS, logIndex=6227, commits[056ae293-26b5-4d67-bc5d-e905a6760a80:c6228, a428730f-9893-43cb-a585-e65a7e8859c8:c6226, 994b73f6-7725-4304-b3a4-4941318c1d6c:c6226]
2019-07-08 19:53:54,032 INFO  client.GrpcClientProtocolClient (GrpcClientProtocolClient.java:onNext(255)) - client-B2F93226DCBB->056ae293-26b5-4d67-bc5d-e905a6760a80: receive RaftClientReply:client-B2F93226DCBB->056ae293-26b5-4d67-bc5d-e905a6760a80@group-50E32BB97A46, cid=4093, SUCCESS, logIndex=6228, commits[056ae293-26b5-4d67-bc5d-e905a6760a80:c6228, a428730f-9893-43cb-a585-e65a7e8859c8:c6226, 994b73f6-7725-4304-b3a4-4941318c1d6c:c6226]
2019-07-08 19:53:54,033 INFO  client.GrpcClientProtocolClient (GrpcClientProtocolClient.java:onNext(255)) - client-B2F93226DCBB->056ae293-26b5-4d67-bc5d-e905a6760a80: receive RaftClientReply:client-B2F93226DCBB->056ae293-26b5-4d67-bc5d-e905a6760a80@group-50E32BB97A46, cid=4094, SUCCESS, logIndex=6229, commits[056ae293-26b5-4d67-bc5d-e905a6760a80:c6229, a428730f-9893-43cb-a585-e65a7e8859c8:c6226, 994b73f6-7725-4304-b3a4-4941318c1d6c:c6226]
2019-07-08 19:53:54,034 INFO  client.GrpcClientProtocolClient (GrpcClientProtocolClient.java:onNext(255)) - client-B2F93226DCBB->056ae293-26b5-4d67-bc5d-e905a6760a80: receive RaftClientReply:client-B2F93226DCBB->056ae293-26b5-4d67-bc5d-e905a6760a80@group-50E32BB97A46, cid=4095, SUCCESS, logIndex=6230, commits[056ae293-26b5-4d67-bc5d-e905a6760a80:c6230, a428730f-9893-43cb-a585-e65a7e8859c8:c6226, 994b73f6-7725-4304-b3a4-4941318c1d6c:c6226]
2019-07-08 19:53:54,035 INFO  client.GrpcClientProtocolClient (GrpcClientProtocolClient.java:onNext(255)) - client-B2F93226DCBB->056ae293-26b5-4d67-bc5d-e905a6760a80: receive RaftClientReply:client-B2F93226DCBB->056ae293-26b5-4d67-bc5d-e905a6760a80@group-50E32BB97A46, cid=4096, SUCCESS, logIndex=0, commits[056ae293-26b5-4d67-bc5d-e905a6760a80:c6232, a428730f-9893-43cb-a585-e65a7e8859c8:c6228, 994b73f6-7725-4304-b3a4-4941318c1d6c:c6228]
2019-07-08 19:53:54,062 INFO  client.GrpcClientProtocolClient (GrpcClientProtocolClient.java:onNext(255)) - client-B2F93226DCBB->056ae293-26b5-4d67-bc5d-e905a6760a80: receive RaftClientReply:client-B2F93226DCBB->056ae293-26b5-4d67-bc5d-e905a6760a80@group-50E32BB97A46, cid=4097, SUCCESS, logIndex=6235, commits[056ae293-26b5-4d67-bc5d-e905a6760a80:c6236, a428730f-9893-43cb-a585-e65a7e8859c8:c6234, 994b73f6-7725-4304-b3a4-4941318c1d6c:c6234]
2019-07-08 19:53:54,063 INFO  client.GrpcClientProtocolClient (GrpcClientProtocolClient.java:onNext(255)) - client-B2F93226DCBB->056ae293-26b5-4d67-bc5d-e905a6760a80: receive RaftClientReply:client-B2F93226DCBB->056ae293-26b5-4d67-bc5d-e905a6760a80@group-50E32BB97A46, cid=4098, SUCCESS, logIndex=6236, commits[056ae293-26b5-4d67-bc5d-e905a6760a80:c6236, a428730f-9893-43cb-a585-e65a7e8859c8:c6234, 994b73f6-7725-4304-b3a4-4941318c1d6c:c6234]
2019-07-08 19:53:54,077 INFO  client.GrpcClientProtocolClient (GrpcClientProtocolClient.java:onNext(255)) - client-B2F93226DCBB->056ae293-26b5-4d67-bc5d-e905a6760a80: receive RaftClientReply:client-B2F93226DCBB->056ae293-26b5-4d67-bc5d-e905a6760a80@group-50E32BB97A46, cid=4099, SUCCESS, logIndex=6239, commits[056ae293-26b5-4d67-bc5d-e905a6760a80:c6240, a428730f-9893-43cb-a585-e65a7e8859c8:c6236, 994b73f6-7725-4304-b3a4-4941318c1d6c:c6236]
2019-07-08 19:53:54,078 INFO  client.GrpcClientProtocolClient (GrpcClientProtocolClient.java:onNext(255)) - client-B2F93226DCBB->056ae293-26b5-4d67-bc5d-e905a6760a80: receive RaftClientReply:client-B2F93226DCBB->056ae293-26b5-4d67-bc5d-e905a6760a80@group-50E32BB97A46, cid=4100, SUCCESS, logIndex=6240, commits[056ae293-26b5-4d67-bc5d-e905a6760a80:c6240, a428730f-9893-43cb-a585-e65a7e8859c8:c6236, 994b73f6-7725-4304-b3a4-4941318c1d6c:c6236]
2019-07-08 19:53:54,090 INFO  client.GrpcClientProtocolClient (GrpcClientProtocolClient.java:onNext(255)) - client-B2F93226DCBB->056ae293-26b5-4d67-bc5d-e905a6760a80: receive RaftClientReply:client-B2F93226DCBB->056ae293-26b5-4d67-bc5d-e905a6760a80@group-50E32BB97A46, cid=4101, SUCCESS, logIndex=0, commits[056ae293-26b5-4d67-bc5d-e905a6760a80:c6241, a428730f-9893-43cb-a585-e65a7e8859c8:c6240, 994b73f6-7725-4304-b3a4-4941318c1d6c:c6240]
2019-07-08 19:53:54,121 INFO  client.GrpcClientProtocolClient (GrpcClientProtocolClient.java:onNext(255)) - client-B2F93226DCBB->056ae293-26b5-4d67-bc5d-e905a6760a80: receive RaftClientReply:client-B2F93226DCBB->056ae293-26b5-4d67-bc5d-e905a6760a80@group-50E32BB97A46, cid=4102, SUCCESS, logIndex=6243, commits[056ae293-26b5-4d67-bc5d-e905a6760a80:c6244, a428730f-9893-43cb-a585-e65a7e8859c8:c6242, 994b73f6-7725-4304-b3a4-4941318c1d6c:c6242]
2019-07-08 19:53:54,239 INFO  client.GrpcClientProtocolClient (GrpcClientProtocolClient.java:onNext(255)) - client-B2F93226DCBB->056ae293-26b5-4d67-bc5d-e905a6760a80: receive RaftClientReply:client-B2F93226DCBB->056ae293-26b5-4d67-bc5d-e905a6760a80@group-50E32BB97A46, cid=4103, SUCCESS, logIndex=6244, commits[056ae293-26b5-4d67-bc5d-e905a6760a80:c6245, a428730f-9893-43cb-a585-e65a7e8859c8:c6242, 994b73f6-7725-4304-b3a4-4941318c1d6c:c6242]
2019-07-08 19:53:54,245 INFO  client.GrpcClientProtocolClient (GrpcClientProtocolClient.java:onNext(255)) - client-B2F93226DCBB->056ae293-26b5-4d67-bc5d-e905a6760a80: receive RaftClientReply:client-B2F93226DCBB->056ae293-26b5-4d67-bc5d-e905a6760a80@group-50E32BB97A46, cid=4104, SUCCESS, logIndex=6245, commits[056ae293-26b5-4d67-bc5d-e905a6760a80:c6246, a428730f-9893-43cb-a585-e65a7e8859c8:c6242, 994b73f6-7725-4304-b3a4-4941318c1d6c:c6242]
2019-07-08 19:53:54,245 INFO  client.GrpcClientProtocolClient (GrpcClientProtocolClient.java:onNext(255)) - client-B2F93226DCBB->056ae293-26b5-4d67-bc5d-e905a6760a80: receive RaftClientReply:client-B2F93226DCBB->056ae293-26b5-4d67-bc5d-e905a6760a80@group-50E32BB97A46, cid=4105, SUCCESS, logIndex=6246, commits[056ae293-26b5-4d67-bc5d-e905a6760a80:c6246, a428730f-9893-43cb-a585-e65a7e8859c8:c6242, 994b73f6-7725-4304-b3a4-4941318c1d6c:c6242]
2019-07-08 19:53:54,247 INFO  client.GrpcClientProtocolClient (GrpcClientProtocolClient.java:onNext(255)) - client-B2F93226DCBB->056ae293-26b5-4d67-bc5d-e905a6760a80: receive RaftClientReply:client-B2F93226DCBB->056ae293-26b5-4d67-bc5d-e905a6760a80@group-50E32BB97A46, cid=4106, SUCCESS, logIndex=0, commits[056ae293-26b5-4d67-bc5d-e905a6760a80:c6249, a428730f-9893-43cb-a585-e65a7e8859c8:c6245, 994b73f6-7725-4304-b3a4-4941318c1d6c:c6244]
2019-07-08 19:53:54,269 INFO  client.GrpcClientProtocolClient (GrpcClientProtocolClient.java:onNext(255)) - client-B2F93226DCBB->056ae293-26b5-4d67-bc5d-e905a6760a80: receive RaftClientReply:client-B2F93226DCBB->056ae293-26b5-4d67-bc5d-e905a6760a80@group-50E32BB97A46, cid=4107, SUCCESS, logIndex=6251, commits[056ae293-26b5-4d67-bc5d-e905a6760a80:c6252, a428730f-9893-43cb-a585-e65a7e8859c8:c6250, 994b73f6-7725-4304-b3a4-4941318c1d6c:c6250]
2019-07-08 19:53:54,270 INFO  client.GrpcClientProtocolClient (GrpcClientProtocolClient.java:onNext(255)) - client-B2F93226DCBB->056ae293-26b5-4d67-bc5d-e905a6760a80: receive RaftClientReply:client-B2F93226DCBB->056ae293-26b5-4d67-bc5d-e905a6760a80@group-50E32BB97A46, cid=4108, SUCCESS, logIndex=6252, commits[056ae293-26b5-4d67-bc5d-e905a6760a80:c6252, a428730f-9893-43cb-a585-e65a7e8859c8:c6250, 994b73f6-7725-4304-b3a4-4941318c1d6c:c6250]
2019-07-08 19:53:54,293 INFO  client.GrpcClientProtocolClient (GrpcClientProtocolClient.java:onNext(255)) - client-B2F93226DCBB->056ae293-26b5-4d67-bc5d-e905a6760a80: receive RaftClientReply:client-B2F93226DCBB->056ae293-26b5-4d67-bc5d-e905a6760a80@group-50E32BB97A46, cid=4109, SUCCESS, logIndex=6255, commits[056ae293-26b5-4d67-bc5d-e905a6760a80:c6256, a428730f-9893-43cb-a585-e65a7e8859c8:c6251, 994b73f6-7725-4304-b3a4-4941318c1d6c:c6252]
2019-07-08 19:53:54,294 INFO  client.GrpcClientProtocolClient (GrpcClientProtocolClient.java:onNext(255)) - client-B2F93226DCBB->056ae293-26b5-4d67-bc5d-e905a6760a80: receive RaftClientReply:client-B2F93226DCBB->056ae293-26b5-4d67-bc5d-e905a6760a80@group-50E32BB97A46, cid=4110, SUCCESS, logIndex=6256, commits[056ae293-26b5-4d67-bc5d-e905a6760a80:c6256, a428730f-9893-43cb-a585-e65a7e8859c8:c6252, 994b73f6-7725-4304-b3a4-4941318c1d6c:c6252]
2019-07-08 19:53:54,306 INFO  client.GrpcClientProtocolClient (GrpcClientProtocolClient.java:onNext(255)) - client-B2F93226DCBB->056ae293-26b5-4d67-bc5d-e905a6760a80: receive RaftClientReply:client-B2F93226DCBB->056ae293-26b5-4d67-bc5d-e905a6760a80@group-50E32BB97A46, cid=4111, SUCCESS, logIndex=0, commits[056ae293-26b5-4d67-bc5d-e905a6760a80:c6258, a428730f-9893-43cb-a585-e65a7e8859c8:c6256, 994b73f6-7725-4304-b3a4-4941318c1d6c:c6256]
2019-07-08 19:53:54,341 INFO  client.GrpcClientProtocolClient (GrpcClientProtocolClient.java:onNext(255)) - client-B2F93226DCBB->056ae293-26b5-4d67-bc5d-e905a6760a80: receive RaftClientReply:client-B2F93226DCBB->056ae293-26b5-4d67-bc5d-e905a6760a80@group-50E32BB97A46, cid=4112, SUCCESS, logIndex=6259, commits[056ae293-26b5-4d67-bc5d-e905a6760a80:c6260, a428730f-9893-43cb-a585-e65a7e8859c8:c6258, 994b73f6-7725-4304-b3a4-4941318c1d6c:c6256]
2019-07-08 19:53:54,342 INFO  client.GrpcClientProtocolClient (GrpcClientProtocolClient.java:onNext(255)) - client-B2F93226DCBB->056ae293-26b5-4d67-bc5d-e905a6760a80: receive RaftClientReply:client-B2F93226DCBB->056ae293-26b5-4d67-bc5d-e905a6760a80@group-50E32BB97A46, cid=4113, SUCCESS, logIndex=6260, commits[056ae293-26b5-4d67-bc5d-e905a6760a80:c6262, a428730f-9893-43cb-a585-e65a7e8859c8:c6258, 994b73f6-7725-4304-b3a4-4941318c1d6c:c6258]
2019-07-08 19:53:54,343 INFO  client.GrpcClientProtocolClient (GrpcClientProtocolClient.java:onNext(255)) - client-B2F93226DCBB->056ae293-26b5-4d67-bc5d-e905a6760a80: receive RaftClientReply:client-B2F93226DCBB->056ae293-26b5-4d67-bc5d-e905a6760a80@group-50E32BB97A46, cid=4114, SUCCESS, logIndex=6261, commits[056ae293-26b5-4d67-bc5d-e905a6760a80:c6262, a428730f-9893-43cb-a585-e65a7e8859c8:c6258, 994b73f6-7725-4304-b3a4-4941318c1d6c:c6258]
2019-07-08 19:53:54,343 INFO  client.GrpcClientProtocolClient (GrpcClientProtocolClient.java:onNext(255)) - client-B2F93226DCBB->056ae293-26b5-4d67-bc5d-e905a6760a80: receive RaftClientReply:client-B2F93226DCBB->056ae293-26b5-4d67-bc5d-e905a6760a80@group-50E32BB97A46, cid=4115, SUCCESS, logIndex=6262, commits[056ae293-26b5-4d67-bc5d-e905a6760a80:c6262, a428730f-9893-43cb-a585-e65a7e8859c8:c6259, 994b73f6-7725-4304-b3a4-4941318c1d6c:c6258]
2019-07-08 19:53:54,344 INFO  client.GrpcClientProtocolClient (GrpcClientProtocolClient.java:onNext(255)) - client-B2F93226DCBB->056ae293-26b5-4d67-bc5d-e905a6760a80: receive RaftClientReply:client-B2F93226DCBB->056ae293-26b5-4d67-bc5d-e905a6760a80@group-50E32BB97A46, cid=4116, SUCCESS, logIndex=0, commits[056ae293-26b5-4d67-bc5d-e905a6760a80:c6266, a428730f-9893-43cb-a585-e65a7e8859c8:c6261, 994b73f6-7725-4304-b3a4-4941318c1d6c:c6262]
2019-07-08 19:53:54,365 INFO  client.GrpcClientProtocolClient (GrpcClientProtocolClient.java:onNext(255)) - client-B2F93226DCBB->056ae293-26b5-4d67-bc5d-e905a6760a80: receive RaftClientReply:client-B2F93226DCBB->056ae293-26b5-4d67-bc5d-e905a6760a80@group-50E32BB97A46, cid=4117, SUCCESS, logIndex=6267, commits[056ae293-26b5-4d67-bc5d-e905a6760a80:c6268, a428730f-9893-43cb-a585-e65a7e8859c8:c6266, 994b73f6-7725-4304-b3a4-4941318c1d6c:c6266]
2019-07-08 19:53:54,365 INFO  client.GrpcClientProtocolClient (GrpcClientProtocolClient.java:onNext(255)) - client-B2F93226DCBB->056ae293-26b5-4d67-bc5d-e905a6760a80: receive RaftClientReply:client-B2F93226DCBB->056ae293-26b5-4d67-bc5d-e905a6760a80@group-50E32BB97A46, cid=4118, SUCCESS, logIndex=6268, commits[056ae293-26b5-4d67-bc5d-e905a6760a80:c6268, a428730f-9893-43cb-a585-e65a7e8859c8:c6266, 994b73f6-7725-4304-b3a4-4941318c1d6c:c6266]
2019-07-08 19:53:54,378 INFO  client.GrpcClientProtocolClient (GrpcClientProtocolClient.java:onNext(255)) - client-B2F93226DCBB->056ae293-26b5-4d67-bc5d-e905a6760a80: receive RaftClientReply:client-B2F93226DCBB->056ae293-26b5-4d67-bc5d-e905a6760a80@group-50E32BB97A46, cid=4119, SUCCESS, logIndex=6271, commits[056ae293-26b5-4d67-bc5d-e905a6760a80:c6272, a428730f-9893-43cb-a585-e65a7e8859c8:c6268, 994b73f6-7725-4304-b3a4-4941318c1d6c:c6268]
2019-07-08 19:53:54,379 INFO  client.GrpcClientProtocolClient (GrpcClientProtocolClient.java:onNext(255)) - client-B2F93226DCBB->056ae293-26b5-4d67-bc5d-e905a6760a80: receive RaftClientReply:client-B2F93226DCBB->056ae293-26b5-4d67-bc5d-e905a6760a80@group-50E32BB97A46, cid=4120, SUCCESS, logIndex=6272, commits[056ae293-26b5-4d67-bc5d-e905a6760a80:c6272, a428730f-9893-43cb-a585-e65a7e8859c8:c6268, 994b73f6-7725-4304-b3a4-4941318c1d6c:c6268]
2019-07-08 19:53:54,391 INFO  client.GrpcClientProtocolClient (GrpcClientProtocolClient.java:onNext(255)) - client-B2F93226DCBB->056ae293-26b5-4d67-bc5d-e905a6760a80: receive RaftClientReply:client-B2F93226DCBB->056ae293-26b5-4d67-bc5d-e905a6760a80@group-50E32BB97A46, cid=4121, SUCCESS, logIndex=0, commits[056ae293-26b5-4d67-bc5d-e905a6760a80:c6274, a428730f-9893-43cb-a585-e65a7e8859c8:c6272, 994b73f6-7725-4304-b3a4-4941318c1d6c:c6272]
2019-07-08 19:53:54,420 INFO  client.GrpcClientProtocolClient (GrpcClientProtocolClient.java:onNext(255)) - client-B2F93226DCBB->056ae293-26b5-4d67-bc5d-e905a6760a80: receive RaftClientReply:client-B2F93226DCBB->056ae293-26b5-4d67-bc5d-e905a6760a80@group-50E32BB97A46, cid=4122, SUCCESS, logIndex=6275, commits[056ae293-26b5-4d67-bc5d-e905a6760a80:c6276, a428730f-9893-43cb-a585-e65a7e8859c8:c6274, 994b73f6-7725-4304-b3a4-4941318c1d6c:c6274]
2019-07-08 19:53:54,420 INFO  client.GrpcClientProtocolClient (GrpcClientProtocolClient.java:onNext(255)) - client-B2F93226DCBB->056ae293-26b5-4d67-bc5d-e905a6760a80: receive RaftClientReply:client-B2F93226DCBB->056ae293-26b5-4d67-bc5d-e905a6760a80@group-50E32BB97A46, cid=4123, SUCCESS, logIndex=6276, commits[056ae293-26b5-4d67-bc5d-e905a6760a80:c6276, a428730f-9893-43cb-a585-e65a7e8859c8:c6274, 994b73f6-7725-4304-b3a4-4941318c1d6c:c6274]
2019-07-08 19:53:54,422 INFO  client.GrpcClientProtocolClient (GrpcClientProtocolClient.java:onNext(255)) - client-B2F93226DCBB->056ae293-26b5-4d67-bc5d-e905a6760a80: receive RaftClientReply:client-B2F93226DCBB->056ae293-26b5-4d67-bc5d-e905a6760a80@group-50E32BB97A46, cid=4124, SUCCESS, logIndex=6277, commits[056ae293-26b5-4d67-bc5d-e905a6760a80:c6279, a428730f-9893-43cb-a585-e65a7e8859c8:c6276, 994b73f6-7725-4304-b3a4-4941318c1d6c:c6274]
2019-07-08 19:53:54,423 INFO  client.GrpcClientProtocolClient (GrpcClientProtocolClient.java:onNext(255)) - client-B2F93226DCBB->056ae293-26b5-4d67-bc5d-e905a6760a80: receive RaftClientReply:client-B2F93226DCBB->056ae293-26b5-4d67-bc5d-e905a6760a80@group-50E32BB97A46, cid=4125, SUCCESS, logIndex=6278, commits[056ae293-26b5-4d67-bc5d-e905a6760a80:c6280, a428730f-9893-43cb-a585-e65a7e8859c8:c6276, 994b73f6-7725-4304-b3a4-4941318c1d6c:c6276]
2019-07-08 19:53:54,437 INFO  client.GrpcClientProtocolClient (GrpcClientProtocolClient.java:onNext(255)) - client-B2F93226DCBB->056ae293-26b5-4d67-bc5d-e905a6760a80: receive RaftClientReply:client-B2F93226DCBB->056ae293-26b5-4d67-bc5d-e905a6760a80@group-50E32BB97A46, cid=4126, SUCCESS, logIndex=6283, commits[056ae293-26b5-4d67-bc5d-e905a6760a80:c6284, a428730f-9893-43cb-a585-e65a7e8859c8:c6282, 994b73f6-7725-4304-b3a4-4941318c1d6c:c6279]
2019-07-08 19:53:54,437 INFO  client.GrpcClientProtocolClient (GrpcClientProtocolClient.java:onNext(255)) - client-B2F93226DCBB->056ae293-26b5-4d67-bc5d-e905a6760a80: receive RaftClientReply:client-B2F93226DCBB->056ae293-26b5-4d67-bc5d-e905a6760a80@group-50E32BB97A46, cid=4127, SUCCESS, logIndex=6284, commits[056ae293-26b5-4d67-bc5d-e905a6760a80:c6284, a428730f-9893-43cb-a585-e65a7e8859c8:c6282, 994b73f6-7725-4304-b3a4-4941318c1d6c:c6282]
2019-07-08 19:53:54,449 INFO  client.GrpcClientProtocolClient (GrpcClientProtocolClient.java:onNext(255)) - client-B2F93226DCBB->056ae293-26b5-4d67-bc5d-e905a6760a80: receive RaftClientReply:client-B2F93226DCBB->056ae293-26b5-4d67-bc5d-e905a6760a80@group-50E32BB97A46, cid=4128, SUCCESS, logIndex=6287, commits[056ae293-26b5-4d67-bc5d-e905a6760a80:c6288, a428730f-9893-43cb-a585-e65a7e8859c8:c6286, 994b73f6-7725-4304-b3a4-4941318c1d6c:c6284]
2019-07-08 19:53:54,450 INFO  client.GrpcClientProtocolClient (GrpcClientProtocolClient.java:onNext(255)) - client-B2F93226DCBB->056ae293-26b5-4d67-bc5d-e905a6760a80: receive RaftClientReply:client-B2F93226DCBB->056ae293-26b5-4d67-bc5d-e905a6760a80@group-50E32BB97A46, cid=4129, SUCCESS, logIndex=6288, commits[056ae293-26b5-4d67-bc5d-e905a6760a80:c6288, a428730f-9893-43cb-a585-e65a7e8859c8:c6286, 994b73f6-7725-4304-b3a4-4941318c1d6c:c6286]
2019-07-08 19:53:54,453 INFO  client.GrpcClientProtocolClient (GrpcClientProtocolClient.java:onNext(255)) - client-B2F93226DCBB->056ae293-26b5-4d67-bc5d-e905a6760a80: receive RaftClientReply:client-B2F93226DCBB->056ae293-26b5-4d67-bc5d-e905a6760a80@group-50E32BB97A46, cid=4130, SUCCESS, logIndex=0, commits[056ae293-26b5-4d67-bc5d-e905a6760a80:c6289, a428730f-9893-43cb-a585-e65a7e8859c8:c6288, 994b73f6-7725-4304-b3a4-4941318c1d6c:c6288]
2019-07-08 19:53:54,488 INFO  client.GrpcClientProtocolClient (GrpcClientProtocolClient.java:onNext(255)) - client-B2F93226DCBB->056ae293-26b5-4d67-bc5d-e905a6760a80: receive RaftClientReply:client-B2F93226DCBB->056ae293-26b5-4d67-bc5d-e905a6760a80@group-50E32BB97A46, cid=4131, SUCCESS, logIndex=6291, commits[056ae293-26b5-4d67-bc5d-e905a6760a80:c6292, a428730f-9893-43cb-a585-e65a7e8859c8:c6290, 994b73f6-7725-4304-b3a4-4941318c1d6c:c6290]
2019-07-08 19:53:54,489 INFO  client.GrpcClientProtocolClient (GrpcClientProtocolClient.java:onNext(255)) - client-B2F93226DCBB->056ae293-26b5-4d67-bc5d-e905a6760a80: receive RaftClientReply:client-B2F93226DCBB->056ae293-26b5-4d67-bc5d-e905a6760a80@group-50E32BB97A46, cid=4132, SUCCESS, logIndex=6292, commits[056ae293-26b5-4d67-bc5d-e905a6760a80:c6292, a428730f-9893-43cb-a585-e65a7e8859c8:c6290, 994b73f6-7725-4304-b3a4-4941318c1d6c:c6290]
2019-07-08 19:53:54,489 INFO  client.GrpcClientProtocolClient (GrpcClientProtocolClient.java:onNext(255)) - client-B2F93226DCBB->056ae293-26b5-4d67-bc5d-e905a6760a80: receive RaftClientReply:client-B2F93226DCBB->056ae293-26b5-4d67-bc5d-e905a6760a80@group-50E32BB97A46, cid=4133, SUCCESS, logIndex=6293, commits[056ae293-26b5-4d67-bc5d-e905a6760a80:c6294, a428730f-9893-43cb-a585-e65a7e8859c8:c6290, 994b73f6-7725-4304-b3a4-4941318c1d6c:c6290]
2019-07-08 19:53:54,490 INFO  client.GrpcClientProtocolClient (GrpcClientProtocolClient.java:onNext(255)) - client-B2F93226DCBB->056ae293-26b5-4d67-bc5d-e905a6760a80: receive RaftClientReply:client-B2F93226DCBB->056ae293-26b5-4d67-bc5d-e905a6760a80@group-50E32BB97A46, cid=4134, SUCCESS, logIndex=6294, commits[056ae293-26b5-4d67-bc5d-e905a6760a80:c6294, a428730f-9893-43cb-a585-e65a7e8859c8:c6290, 994b73f6-7725-4304-b3a4-4941318c1d6c:c6290]
2019-07-08 19:53:54,491 INFO  client.GrpcClientProtocolClient (GrpcClientProtocolClient.java:onNext(255)) - client-B2F93226DCBB->056ae293-26b5-4d67-bc5d-e905a6760a80: receive RaftClientReply:client-B2F93226DCBB->056ae293-26b5-4d67-bc5d-e905a6760a80@group-50E32BB97A46, cid=4135, SUCCESS, logIndex=0, commits[056ae293-26b5-4d67-bc5d-e905a6760a80:c6296, a428730f-9893-43cb-a585-e65a7e8859c8:c6292, 994b73f6-7725-4304-b3a4-4941318c1d6c:c6294]
2019-07-08 19:53:54,514 INFO  client.GrpcClientProtocolClient (GrpcClientProtocolClient.java:onNext(255)) - client-B2F93226DCBB->056ae293-26b5-4d67-bc5d-e905a6760a80: receive RaftClientReply:client-B2F93226DCBB->056ae293-26b5-4d67-bc5d-e905a6760a80@group-50E32BB97A46, cid=4136, SUCCESS, logIndex=6299, commits[056ae293-26b5-4d67-bc5d-e905a6760a80:c6300, a428730f-9893-43cb-a585-e65a7e8859c8:c6298, 994b73f6-7725-4304-b3a4-4941318c1d6c:c6298]
2019-07-08 19:53:54,514 INFO  client.GrpcClientProtocolClient (GrpcClientProtocolClient.java:onNext(255)) - client-B2F93226DCBB->056ae293-26b5-4d67-bc5d-e905a6760a80: receive RaftClientReply:client-B2F93226DCBB->056ae293-26b5-4d67-bc5d-e905a6760a80@group-50E32BB97A46, cid=4137, SUCCESS, logIndex=6300, commits[056ae293-26b5-4d67-bc5d-e905a6760a80:c6300, a428730f-9893-43cb-a585-e65a7e8859c8:c6298, 994b73f6-7725-4304-b3a4-4941318c1d6c:c6298]
2019-07-08 19:53:54,530 INFO  client.GrpcClientProtocolClient (GrpcClientProtocolClient.java:onNext(255)) - client-B2F93226DCBB->056ae293-26b5-4d67-bc5d-e905a6760a80: receive RaftClientReply:client-B2F93226DCBB->056ae293-26b5-4d67-bc5d-e905a6760a80@group-50E32BB97A46, cid=4138, SUCCESS, logIndex=6303, commits[056ae293-26b5-4d67-bc5d-e905a6760a80:c6304, a428730f-9893-43cb-a585-e65a7e8859c8:c6300, 994b73f6-7725-4304-b3a4-4941318c1d6c:c6300]
2019-07-08 19:53:54,530 INFO  client.GrpcClientProtocolClient (GrpcClientProtocolClient.java:onNext(255)) - client-B2F93226DCBB->056ae293-26b5-4d67-bc5d-e905a6760a80: receive RaftClientReply:client-B2F93226DCBB->056ae293-26b5-4d67-bc5d-e905a6760a80@group-50E32BB97A46, cid=4139, SUCCESS, logIndex=6304, commits[056ae293-26b5-4d67-bc5d-e905a6760a80:c6304, a428730f-9893-43cb-a585-e65a7e8859c8:c6300, 994b73f6-7725-4304-b3a4-4941318c1d6c:c6300]
2019-07-08 19:53:54,541 INFO  client.GrpcClientProtocolClient (GrpcClientProtocolClient.java:onNext(255)) - client-B2F93226DCBB->056ae293-26b5-4d67-bc5d-e905a6760a80: receive RaftClientReply:client-B2F93226DCBB->056ae293-26b5-4d67-bc5d-e905a6760a80@group-50E32BB97A46, cid=4140, SUCCESS, logIndex=0, commits[056ae293-26b5-4d67-bc5d-e905a6760a80:c6305, a428730f-9893-43cb-a585-e65a7e8859c8:c6304, 994b73f6-7725-4304-b3a4-4941318c1d6c:c6304]
 0.00% |█                                                                                                    |  0/1 Time: 0:00:502019-07-08 19:53:54,576 INFO  client.GrpcClientProtocolClient (GrpcClientProtocolClient.java:onNext(255)) - client-B2F93226DCBB->056ae293-26b5-4d67-bc5d-e905a6760a80: receive RaftClientReply:client-B2F93226DCBB->056ae293-26b5-4d67-bc5d-e905a6760a80@group-50E32BB97A46, cid=4141, SUCCESS, logIndex=6306, commits[056ae293-26b5-4d67-bc5d-e905a6760a80:c6307, a428730f-9893-43cb-a585-e65a7e8859c8:c6305, 994b73f6-7725-4304-b3a4-4941318c1d6c:c6305]
2019-07-08 19:53:54,577 INFO  client.GrpcClientProtocolClient (GrpcClientProtocolClient.java:onNext(255)) - client-B2F93226DCBB->056ae293-26b5-4d67-bc5d-e905a6760a80: receive RaftClientReply:client-B2F93226DCBB->056ae293-26b5-4d67-bc5d-e905a6760a80@group-50E32BB97A46, cid=4142, SUCCESS, logIndex=6307, commits[056ae293-26b5-4d67-bc5d-e905a6760a80:c6307, a428730f-9893-43cb-a585-e65a7e8859c8:c6305, 994b73f6-7725-4304-b3a4-4941318c1d6c:c6305]
2019-07-08 19:53:54,577 INFO  client.GrpcClientProtocolClient (GrpcClientProtocolClient.java:onNext(255)) - client-B2F93226DCBB->056ae293-26b5-4d67-bc5d-e905a6760a80: receive RaftClientReply:client-B2F93226DCBB->056ae293-26b5-4d67-bc5d-e905a6760a80@group-50E32BB97A46, cid=4143, SUCCESS, logIndex=6308, commits[056ae293-26b5-4d67-bc5d-e905a6760a80:c6309, a428730f-9893-43cb-a585-e65a7e8859c8:c6305, 994b73f6-7725-4304-b3a4-4941318c1d6c:c6305]
2019-07-08 19:53:54,578 INFO  client.GrpcClientProtocolClient (GrpcClientProtocolClient.java:onNext(255)) - client-B2F93226DCBB->056ae293-26b5-4d67-bc5d-e905a6760a80: receive RaftClientReply:client-B2F93226DCBB->056ae293-26b5-4d67-bc5d-e905a6760a80@group-50E32BB97A46, cid=4144, SUCCESS, logIndex=6309, commits[056ae293-26b5-4d67-bc5d-e905a6760a80:c6309, a428730f-9893-43cb-a585-e65a7e8859c8:c6305, 994b73f6-7725-4304-b3a4-4941318c1d6c:c6306]
2019-07-08 19:53:54,579 INFO  client.GrpcClientProtocolClient (GrpcClientProtocolClient.java:onNext(255)) - client-B2F93226DCBB->056ae293-26b5-4d67-bc5d-e905a6760a80: receive RaftClientReply:client-B2F93226DCBB->056ae293-26b5-4d67-bc5d-e905a6760a80@group-50E32BB97A46, cid=4145, SUCCESS, logIndex=0, commits[056ae293-26b5-4d67-bc5d-e905a6760a80:c6311, a428730f-9893-43cb-a585-e65a7e8859c8:c6307, 994b73f6-7725-4304-b3a4-4941318c1d6c:c6307]
2019-07-08 19:53:54,591 INFO  client.GrpcClientProtocolClient (GrpcClientProtocolClient.java:onNext(255)) - client-B2F93226DCBB->056ae293-26b5-4d67-bc5d-e905a6760a80: receive RaftClientReply:client-B2F93226DCBB->056ae293-26b5-4d67-bc5d-e905a6760a80@group-50E32BB97A46, cid=4146, SUCCESS, logIndex=6314, commits[056ae293-26b5-4d67-bc5d-e905a6760a80:c6315, a428730f-9893-43cb-a585-e65a7e8859c8:c6309, 994b73f6-7725-4304-b3a4-4941318c1d6c:c6311]
2019-07-08 19:53:54,592 INFO  client.GrpcClientProtocolClient (GrpcClientProtocolClient.java:onNext(255)) - client-B2F93226DCBB->056ae293-26b5-4d67-bc5d-e905a6760a80: receive RaftClientReply:client-B2F93226DCBB->056ae293-26b5-4d67-bc5d-e905a6760a80@group-50E32BB97A46, cid=4147, SUCCESS, logIndex=6315, commits[056ae293-26b5-4d67-bc5d-e905a6760a80:c6315, a428730f-9893-43cb-a585-e65a7e8859c8:c6311, 994b73f6-7725-4304-b3a4-4941318c1d6c:c6311]
2019-07-08 19:53:54,627 INFO  client.GrpcClientProtocolClient (GrpcClientProtocolClient.java:onNext(255)) - client-B2F93226DCBB->056ae293-26b5-4d67-bc5d-e905a6760a80: receive RaftClientReply:client-B2F93226DCBB->056ae293-26b5-4d67-bc5d-e905a6760a80@group-50E32BB97A46, cid=4148, SUCCESS, logIndex=6318, commits[056ae293-26b5-4d67-bc5d-e905a6760a80:c6319, a428730f-9893-43cb-a585-e65a7e8859c8:c6317, 994b73f6-7725-4304-b3a4-4941318c1d6c:c6317]
2019-07-08 19:53:54,627 INFO  client.GrpcClientProtocolClient (GrpcClientProtocolClient.java:onNext(255)) - client-B2F93226DCBB->056ae293-26b5-4d67-bc5d-e905a6760a80: receive RaftClientReply:client-B2F93226DCBB->056ae293-26b5-4d67-bc5d-e905a6760a80@group-50E32BB97A46, cid=4149, SUCCESS, logIndex=6319, commits[056ae293-26b5-4d67-bc5d-e905a6760a80:c6319, a428730f-9893-43cb-a585-e65a7e8859c8:c6317, 994b73f6-7725-4304-b3a4-4941318c1d6c:c6317]
2019-07-08 19:53:54,641 INFO  client.GrpcClientProtocolClient (GrpcClientProtocolClient.java:onNext(255)) - client-B2F93226DCBB->056ae293-26b5-4d67-bc5d-e905a6760a80: receive RaftClientReply:client-B2F93226DCBB->056ae293-26b5-4d67-bc5d-e905a6760a80@group-50E32BB97A46, cid=4150, SUCCESS, logIndex=0, commits[056ae293-26b5-4d67-bc5d-e905a6760a80:c6321, a428730f-9893-43cb-a585-e65a7e8859c8:c6319, 994b73f6-7725-4304-b3a4-4941318c1d6c:c6319]
2019-07-08 19:53:54,671 INFO  client.GrpcClientProtocolClient (GrpcClientProtocolClient.java:onNext(255)) - client-B2F93226DCBB->056ae293-26b5-4d67-bc5d-e905a6760a80: receive RaftClientReply:client-B2F93226DCBB->056ae293-26b5-4d67-bc5d-e905a6760a80@group-50E32BB97A46, cid=4151, SUCCESS, logIndex=6322, commits[056ae293-26b5-4d67-bc5d-e905a6760a80:c6324, a428730f-9893-43cb-a585-e65a7e8859c8:c6321, 994b73f6-7725-4304-b3a4-4941318c1d6c:c6321]
2019-07-08 19:53:54,672 INFO  client.GrpcClientProtocolClient (GrpcClientProtocolClient.java:onNext(255)) - client-B2F93226DCBB->056ae293-26b5-4d67-bc5d-e905a6760a80: receive RaftClientReply:client-B2F93226DCBB->056ae293-26b5-4d67-bc5d-e905a6760a80@group-50E32BB97A46, cid=4152, SUCCESS, logIndex=6323, commits[056ae293-26b5-4d67-bc5d-e905a6760a80:c6325, a428730f-9893-43cb-a585-e65a7e8859c8:c6321, 994b73f6-7725-4304-b3a4-4941318c1d6c:c6321]
2019-07-08 19:53:54,672 INFO  client.GrpcClientProtocolClient (GrpcClientProtocolClient.java:onNext(255)) - client-B2F93226DCBB->056ae293-26b5-4d67-bc5d-e905a6760a80: receive RaftClientReply:client-B2F93226DCBB->056ae293-26b5-4d67-bc5d-e905a6760a80@group-50E32BB97A46, cid=4153, SUCCESS, logIndex=6324, commits[056ae293-26b5-4d67-bc5d-e905a6760a80:c6325, a428730f-9893-43cb-a585-e65a7e8859c8:c6321, 994b73f6-7725-4304-b3a4-4941318c1d6c:c6321]
2019-07-08 19:53:54,672 INFO  client.GrpcClientProtocolClient (GrpcClientProtocolClient.java:onNext(255)) - client-B2F93226DCBB->056ae293-26b5-4d67-bc5d-e905a6760a80: receive RaftClientReply:client-B2F93226DCBB->056ae293-26b5-4d67-bc5d-e905a6760a80@group-50E32BB97A46, cid=4154, SUCCESS, logIndex=6325, commits[056ae293-26b5-4d67-bc5d-e905a6760a80:c6325, a428730f-9893-43cb-a585-e65a7e8859c8:c6321, 994b73f6-7725-4304-b3a4-4941318c1d6c:c6321]
2019-07-08 19:53:54,676 INFO  client.GrpcClientProtocolClient (GrpcClientProtocolClient.java:onNext(255)) - client-B2F93226DCBB->056ae293-26b5-4d67-bc5d-e905a6760a80: receive RaftClientReply:client-B2F93226DCBB->056ae293-26b5-4d67-bc5d-e905a6760a80@group-50E32BB97A46, cid=4155, SUCCESS, logIndex=0, commits[056ae293-26b5-4d67-bc5d-e905a6760a80:c6329, a428730f-9893-43cb-a585-e65a7e8859c8:c6323, 994b73f6-7725-4304-b3a4-4941318c1d6c:c6325]
2019-07-08 19:53:54,688 INFO  client.GrpcClientProtocolClient (GrpcClientProtocolClient.java:onNext(255)) - client-B2F93226DCBB->056ae293-26b5-4d67-bc5d-e905a6760a80: receive RaftClientReply:client-B2F93226DCBB->056ae293-26b5-4d67-bc5d-e905a6760a80@group-50E32BB97A46, cid=4156, SUCCESS, logIndex=6330, commits[056ae293-26b5-4d67-bc5d-e905a6760a80:c6331, a428730f-9893-43cb-a585-e65a7e8859c8:c6329, 994b73f6-7725-4304-b3a4-4941318c1d6c:c6329]
2019-07-08 19:53:54,688 INFO  client.GrpcClientProtocolClient (GrpcClientProtocolClient.java:onNext(255)) - client-B2F93226DCBB->056ae293-26b5-4d67-bc5d-e905a6760a80: receive RaftClientReply:client-B2F93226DCBB->056ae293-26b5-4d67-bc5d-e905a6760a80@group-50E32BB97A46, cid=4157, SUCCESS, logIndex=6331, commits[056ae293-26b5-4d67-bc5d-e905a6760a80:c6331, a428730f-9893-43cb-a585-e65a7e8859c8:c6329, 994b73f6-7725-4304-b3a4-4941318c1d6c:c6329]
2019-07-08 19:53:54,699 INFO  client.GrpcClientProtocolClient (GrpcClientProtocolClient.java:onNext(255)) - client-B2F93226DCBB->056ae293-26b5-4d67-bc5d-e905a6760a80: receive RaftClientReply:client-B2F93226DCBB->056ae293-26b5-4d67-bc5d-e905a6760a80@group-50E32BB97A46, cid=4158, SUCCESS, logIndex=6334, commits[056ae293-26b5-4d67-bc5d-e905a6760a80:c6335, a428730f-9893-43cb-a585-e65a7e8859c8:c6333, 994b73f6-7725-4304-b3a4-4941318c1d6c:c6331]
2019-07-08 19:53:54,699 INFO  client.GrpcClientProtocolClient (GrpcClientProtocolClient.java:onNext(255)) - client-B2F93226DCBB->056ae293-26b5-4d67-bc5d-e905a6760a80: receive RaftClientReply:client-B2F93226DCBB->056ae293-26b5-4d67-bc5d-e905a6760a80@group-50E32BB97A46, cid=4159, SUCCESS, logIndex=6335, commits[056ae293-26b5-4d67-bc5d-e905a6760a80:c6335, a428730f-9893-43cb-a585-e65a7e8859c8:c6333, 994b73f6-7725-4304-b3a4-4941318c1d6c:c6333]
2019-07-08 19:53:54,700 INFO  client.GrpcClientProtocolClient (GrpcClientProtocolClient.java:onNext(255)) - client-B2F93226DCBB->056ae293-26b5-4d67-bc5d-e905a6760a80: receive RaftClientReply:client-B2F93226DCBB->056ae293-26b5-4d67-bc5d-e905a6760a80@group-50E32BB97A46, cid=4160, SUCCESS, logIndex=0, commits[056ae293-26b5-4d67-bc5d-e905a6760a80:c6336, a428730f-9893-43cb-a585-e65a7e8859c8:c6335, 994b73f6-7725-4304-b3a4-4941318c1d6c:c6335]
2019-07-08 19:53:54,747 INFO  client.GrpcClientProtocolClient (GrpcClientProtocolClient.java:onNext(255)) - client-B2F93226DCBB->056ae293-26b5-4d67-bc5d-e905a6760a80: receive RaftClientReply:client-B2F93226DCBB->056ae293-26b5-4d67-bc5d-e905a6760a80@group-50E32BB97A46, cid=4161, SUCCESS, logIndex=6338, commits[056ae293-26b5-4d67-bc5d-e905a6760a80:c6339, a428730f-9893-43cb-a585-e65a7e8859c8:c6337, 994b73f6-7725-4304-b3a4-4941318c1d6c:c6337]
2019-07-08 19:53:54,747 INFO  client.GrpcClientProtocolClient (GrpcClientProtocolClient.java:onNext(255)) - client-B2F93226DCBB->056ae293-26b5-4d67-bc5d-e905a6760a80: receive RaftClientReply:client-B2F93226DCBB->056ae293-26b5-4d67-bc5d-e905a6760a80@group-50E32BB97A46, cid=4162, SUCCESS, logIndex=6339, commits[056ae293-26b5-4d67-bc5d-e905a6760a80:c6341, a428730f-9893-43cb-a585-e65a7e8859c8:c6337, 994b73f6-7725-4304-b3a4-4941318c1d6c:c6337]
2019-07-08 19:53:54,748 INFO  client.GrpcClientProtocolClient (GrpcClientProtocolClient.java:onNext(255)) - client-B2F93226DCBB->056ae293-26b5-4d67-bc5d-e905a6760a80: receive RaftClientReply:client-B2F93226DCBB->056ae293-26b5-4d67-bc5d-e905a6760a80@group-50E32BB97A46, cid=4163, SUCCESS, logIndex=6340, commits[056ae293-26b5-4d67-bc5d-e905a6760a80:c6341, a428730f-9893-43cb-a585-e65a7e8859c8:c6337, 994b73f6-7725-4304-b3a4-4941318c1d6c:c6337]
2019-07-08 19:53:54,749 INFO  client.GrpcClientProtocolClient (GrpcClientProtocolClient.java:onNext(255)) - client-B2F93226DCBB->056ae293-26b5-4d67-bc5d-e905a6760a80: receive RaftClientReply:client-B2F93226DCBB->056ae293-26b5-4d67-bc5d-e905a6760a80@group-50E32BB97A46, cid=4164, SUCCESS, logIndex=6341, commits[056ae293-26b5-4d67-bc5d-e905a6760a80:c6342, a428730f-9893-43cb-a585-e65a7e8859c8:c6338, 994b73f6-7725-4304-b3a4-4941318c1d6c:c6337]
2019-07-08 19:53:54,750 INFO  client.GrpcClientProtocolClient (GrpcClientProtocolClient.java:onNext(255)) - client-B2F93226DCBB->056ae293-26b5-4d67-bc5d-e905a6760a80: receive RaftClientReply:client-B2F93226DCBB->056ae293-26b5-4d67-bc5d-e905a6760a80@group-50E32BB97A46, cid=4165, SUCCESS, logIndex=0, commits[056ae293-26b5-4d67-bc5d-e905a6760a80:c6344, a428730f-9893-43cb-a585-e65a7e8859c8:c6341, 994b73f6-7725-4304-b3a4-4941318c1d6c:c6339]
2019-07-08 19:53:54,770 INFO  client.GrpcClientProtocolClient (GrpcClientProtocolClient.java:onNext(255)) - client-B2F93226DCBB->056ae293-26b5-4d67-bc5d-e905a6760a80: receive RaftClientReply:client-B2F93226DCBB->056ae293-26b5-4d67-bc5d-e905a6760a80@group-50E32BB97A46, cid=4166, SUCCESS, logIndex=6345, commits[056ae293-26b5-4d67-bc5d-e905a6760a80:c6346, a428730f-9893-43cb-a585-e65a7e8859c8:c6344, 994b73f6-7725-4304-b3a4-4941318c1d6c:c6344]
2019-07-08 19:53:54,770 INFO  client.GrpcClientProtocolClient (GrpcClientProtocolClient.java:onNext(255)) - client-B2F93226DCBB->056ae293-26b5-4d67-bc5d-e905a6760a80: receive RaftClientReply:client-B2F93226DCBB->056ae293-26b5-4d67-bc5d-e905a6760a80@group-50E32BB97A46, cid=4167, SUCCESS, logIndex=6346, commits[056ae293-26b5-4d67-bc5d-e905a6760a80:c6346, a428730f-9893-43cb-a585-e65a7e8859c8:c6344, 994b73f6-7725-4304-b3a4-4941318c1d6c:c6344]
2019-07-08 19:53:54,783 INFO  client.GrpcClientProtocolClient (GrpcClientProtocolClient.java:onNext(255)) - client-B2F93226DCBB->056ae293-26b5-4d67-bc5d-e905a6760a80: receive RaftClientReply:client-B2F93226DCBB->056ae293-26b5-4d67-bc5d-e905a6760a80@group-50E32BB97A46, cid=4168, SUCCESS, logIndex=6349, commits[056ae293-26b5-4d67-bc5d-e905a6760a80:c6350, a428730f-9893-43cb-a585-e65a7e8859c8:c6346, 994b73f6-7725-4304-b3a4-4941318c1d6c:c6346]
2019-07-08 19:53:54,784 INFO  client.GrpcClientProtocolClient (GrpcClientProtocolClient.java:onNext(255)) - client-B2F93226DCBB->056ae293-26b5-4d67-bc5d-e905a6760a80: receive RaftClientReply:client-B2F93226DCBB->056ae293-26b5-4d67-bc5d-e905a6760a80@group-50E32BB97A46, cid=4169, SUCCESS, logIndex=6350, commits[056ae293-26b5-4d67-bc5d-e905a6760a80:c6350, a428730f-9893-43cb-a585-e65a7e8859c8:c6346, 994b73f6-7725-4304-b3a4-4941318c1d6c:c6346]
2019-07-08 19:53:54,796 INFO  client.GrpcClientProtocolClient (GrpcClientProtocolClient.java:onNext(255)) - client-B2F93226DCBB->056ae293-26b5-4d67-bc5d-e905a6760a80: receive RaftClientReply:client-B2F93226DCBB->056ae293-26b5-4d67-bc5d-e905a6760a80@group-50E32BB97A46, cid=4170, SUCCESS, logIndex=0, commits[056ae293-26b5-4d67-bc5d-e905a6760a80:c6352, a428730f-9893-43cb-a585-e65a7e8859c8:c6350, 994b73f6-7725-4304-b3a4-4941318c1d6c:c6350]
2019-07-08 19:53:54,833 INFO  client.GrpcClientProtocolClient (GrpcClientProtocolClient.java:onNext(255)) - client-B2F93226DCBB->056ae293-26b5-4d67-bc5d-e905a6760a80: receive RaftClientReply:client-B2F93226DCBB->056ae293-26b5-4d67-bc5d-e905a6760a80@group-50E32BB97A46, cid=4171, SUCCESS, logIndex=6353, commits[056ae293-26b5-4d67-bc5d-e905a6760a80:c6354, a428730f-9893-43cb-a585-e65a7e8859c8:c6352, 994b73f6-7725-4304-b3a4-4941318c1d6c:c6352]
2019-07-08 19:53:54,834 INFO  client.GrpcClientProtocolClient (GrpcClientProtocolClient.java:onNext(255)) - client-B2F93226DCBB->056ae293-26b5-4d67-bc5d-e905a6760a80: receive RaftClientReply:client-B2F93226DCBB->056ae293-26b5-4d67-bc5d-e905a6760a80@group-50E32BB97A46, cid=4172, SUCCESS, logIndex=6354, commits[056ae293-26b5-4d67-bc5d-e905a6760a80:c6356, a428730f-9893-43cb-a585-e65a7e8859c8:c6352, 994b73f6-7725-4304-b3a4-4941318c1d6c:c6352]
2019-07-08 19:53:54,834 INFO  client.GrpcClientProtocolClient (GrpcClientProtocolClient.java:onNext(255)) - client-B2F93226DCBB->056ae293-26b5-4d67-bc5d-e905a6760a80: receive RaftClientReply:client-B2F93226DCBB->056ae293-26b5-4d67-bc5d-e905a6760a80@group-50E32BB97A46, cid=4173, SUCCESS, logIndex=6355, commits[056ae293-26b5-4d67-bc5d-e905a6760a80:c6356, a428730f-9893-43cb-a585-e65a7e8859c8:c6352, 994b73f6-7725-4304-b3a4-4941318c1d6c:c6352]
2019-07-08 19:53:54,834 INFO  client.GrpcClientProtocolClient (GrpcClientProtocolClient.java:onNext(255)) - client-B2F93226DCBB->056ae293-26b5-4d67-bc5d-e905a6760a80: receive RaftClientReply:client-B2F93226DCBB->056ae293-26b5-4d67-bc5d-e905a6760a80@group-50E32BB97A46, cid=4174, SUCCESS, logIndex=6356, commits[056ae293-26b5-4d67-bc5d-e905a6760a80:c6356, a428730f-9893-43cb-a585-e65a7e8859c8:c6352, 994b73f6-7725-4304-b3a4-4941318c1d6c:c6352]
2019-07-08 19:53:54,844 INFO  client.GrpcClientProtocolClient (GrpcClientProtocolClient.java:onNext(255)) - client-B2F93226DCBB->056ae293-26b5-4d67-bc5d-e905a6760a80: receive RaftClientReply:client-B2F93226DCBB->056ae293-26b5-4d67-bc5d-e905a6760a80@group-50E32BB97A46, cid=4175, SUCCESS, logIndex=0, commits[056ae293-26b5-4d67-bc5d-e905a6760a80:c6358, a428730f-9893-43cb-a585-e65a7e8859c8:c6354, 994b73f6-7725-4304-b3a4-4941318c1d6c:c6354]
2019-07-08 19:53:54,864 INFO  client.GrpcClientProtocolClient (GrpcClientProtocolClient.java:onNext(255)) - client-B2F93226DCBB->056ae293-26b5-4d67-bc5d-e905a6760a80: receive RaftClientReply:client-B2F93226DCBB->056ae293-26b5-4d67-bc5d-e905a6760a80@group-50E32BB97A46, cid=4176, SUCCESS, logIndex=6361, commits[056ae293-26b5-4d67-bc5d-e905a6760a80:c6362, a428730f-9893-43cb-a585-e65a7e8859c8:c6360, 994b73f6-7725-4304-b3a4-4941318c1d6c:c6360]
2019-07-08 19:53:54,865 INFO  client.GrpcClientProtocolClient (GrpcClientProtocolClient.java:onNext(255)) - client-B2F93226DCBB->056ae293-26b5-4d67-bc5d-e905a6760a80: receive RaftClientReply:client-B2F93226DCBB->056ae293-26b5-4d67-bc5d-e905a6760a80@group-50E32BB97A46, cid=4177, SUCCESS, logIndex=6362, commits[056ae293-26b5-4d67-bc5d-e905a6760a80:c6362, a428730f-9893-43cb-a585-e65a7e8859c8:c6360, 994b73f6-7725-4304-b3a4-4941318c1d6c:c6360]
2019-07-08 19:53:54,878 INFO  client.GrpcClientProtocolClient (GrpcClientProtocolClient.java:onNext(255)) - client-B2F93226DCBB->056ae293-26b5-4d67-bc5d-e905a6760a80: receive RaftClientReply:client-B2F93226DCBB->056ae293-26b5-4d67-bc5d-e905a6760a80@group-50E32BB97A46, cid=4178, SUCCESS, logIndex=6365, commits[056ae293-26b5-4d67-bc5d-e905a6760a80:c6366, a428730f-9893-43cb-a585-e65a7e8859c8:c6361, 994b73f6-7725-4304-b3a4-4941318c1d6c:c6362]
2019-07-08 19:53:54,878 INFO  client.GrpcClientProtocolClient (GrpcClientProtocolClient.java:onNext(255)) - client-B2F93226DCBB->056ae293-26b5-4d67-bc5d-e905a6760a80: receive RaftClientReply:client-B2F93226DCBB->056ae293-26b5-4d67-bc5d-e905a6760a80@group-50E32BB97A46, cid=4179, SUCCESS, logIndex=6366, commits[056ae293-26b5-4d67-bc5d-e905a6760a80:c6366, a428730f-9893-43cb-a585-e65a7e8859c8:c6362, 994b73f6-7725-4304-b3a4-4941318c1d6c:c6362]
2019-07-08 19:53:54,880 INFO  client.GrpcClientProtocolClient (GrpcClientProtocolClient.java:onNext(255)) - client-B2F93226DCBB->056ae293-26b5-4d67-bc5d-e905a6760a80: receive RaftClientReply:client-B2F93226DCBB->056ae293-26b5-4d67-bc5d-e905a6760a80@group-50E32BB97A46, cid=4180, SUCCESS, logIndex=0, commits[056ae293-26b5-4d67-bc5d-e905a6760a80:c6368, a428730f-9893-43cb-a585-e65a7e8859c8:c6366, 994b73f6-7725-4304-b3a4-4941318c1d6c:c6366]
2019-07-08 19:53:54,916 INFO  client.GrpcClientProtocolClient (GrpcClientProtocolClient.java:onNext(255)) - client-B2F93226DCBB->056ae293-26b5-4d67-bc5d-e905a6760a80: receive RaftClientReply:client-B2F93226DCBB->056ae293-26b5-4d67-bc5d-e905a6760a80@group-50E32BB97A46, cid=4181, SUCCESS, logIndex=6369, commits[056ae293-26b5-4d67-bc5d-e905a6760a80:c6370, a428730f-9893-43cb-a585-e65a7e8859c8:c6368, 994b73f6-7725-4304-b3a4-4941318c1d6c:c6368]
2019-07-08 19:53:54,917 INFO  client.GrpcClientProtocolClient (GrpcClientProtocolClient.java:onNext(255)) - client-B2F93226DCBB->056ae293-26b5-4d67-bc5d-e905a6760a80: receive RaftClientReply:client-B2F93226DCBB->056ae293-26b5-4d67-bc5d-e905a6760a80@group-50E32BB97A46, cid=4182, SUCCESS, logIndex=6370, commits[056ae293-26b5-4d67-bc5d-e905a6760a80:c6372, a428730f-9893-43cb-a585-e65a7e8859c8:c6368, 994b73f6-7725-4304-b3a4-4941318c1d6c:c6368]
2019-07-08 19:53:54,917 INFO  client.GrpcClientProtocolClient (GrpcClientProtocolClient.java:onNext(255)) - client-B2F93226DCBB->056ae293-26b5-4d67-bc5d-e905a6760a80: receive RaftClientReply:client-B2F93226DCBB->056ae293-26b5-4d67-bc5d-e905a6760a80@group-50E32BB97A46, cid=4183, SUCCESS, logIndex=6371, commits[056ae293-26b5-4d67-bc5d-e905a6760a80:c6372, a428730f-9893-43cb-a585-e65a7e8859c8:c6368, 994b73f6-7725-4304-b3a4-4941318c1d6c:c6368]
2019-07-08 19:53:54,917 INFO  client.GrpcClientProtocolClient (GrpcClientProtocolClient.java:onNext(255)) - client-B2F93226DCBB->056ae293-26b5-4d67-bc5d-e905a6760a80: receive RaftClientReply:client-B2F93226DCBB->056ae293-26b5-4d67-bc5d-e905a6760a80@group-50E32BB97A46, cid=4184, SUCCESS, logIndex=6372, commits[056ae293-26b5-4d67-bc5d-e905a6760a80:c6372, a428730f-9893-43cb-a585-e65a7e8859c8:c6368, 994b73f6-7725-4304-b3a4-4941318c1d6c:c6368]
2019-07-08 19:53:54,919 INFO  client.GrpcClientProtocolClient (GrpcClientProtocolClient.java:onNext(255)) - client-B2F93226DCBB->056ae293-26b5-4d67-bc5d-e905a6760a80: receive RaftClientReply:client-B2F93226DCBB->056ae293-26b5-4d67-bc5d-e905a6760a80@group-50E32BB97A46, cid=4185, SUCCESS, logIndex=0, commits[056ae293-26b5-4d67-bc5d-e905a6760a80:c6374, a428730f-9893-43cb-a585-e65a7e8859c8:c6370, 994b73f6-7725-4304-b3a4-4941318c1d6c:c6370]
2019-07-08 19:53:54,931 INFO  client.GrpcClientProtocolClient (GrpcClientProtocolClient.java:onNext(255)) - client-B2F93226DCBB->056ae293-26b5-4d67-bc5d-e905a6760a80: receive RaftClientReply:client-B2F93226DCBB->056ae293-26b5-4d67-bc5d-e905a6760a80@group-50E32BB97A46, cid=4186, SUCCESS, logIndex=6376, commits[056ae293-26b5-4d67-bc5d-e905a6760a80:c6377, a428730f-9893-43cb-a585-e65a7e8859c8:c6372, 994b73f6-7725-4304-b3a4-4941318c1d6c:c6375]
2019-07-08 19:53:54,932 INFO  client.GrpcClientProtocolClient (GrpcClientProtocolClient.java:onNext(255)) - client-B2F93226DCBB->056ae293-26b5-4d67-bc5d-e905a6760a80: receive RaftClientReply:client-B2F93226DCBB->056ae293-26b5-4d67-bc5d-e905a6760a80@group-50E32BB97A46, cid=4187, SUCCESS, logIndex=6377, commits[056ae293-26b5-4d67-bc5d-e905a6760a80:c6377, a428730f-9893-43cb-a585-e65a7e8859c8:c6375, 994b73f6-7725-4304-b3a4-4941318c1d6c:c6375]
2019-07-08 19:53:54,944 INFO  client.GrpcClientProtocolClient (GrpcClientProtocolClient.java:onNext(255)) - client-B2F93226DCBB->056ae293-26b5-4d67-bc5d-e905a6760a80: receive RaftClientReply:client-B2F93226DCBB->056ae293-26b5-4d67-bc5d-e905a6760a80@group-50E32BB97A46, cid=4188, SUCCESS, logIndex=6380, commits[056ae293-26b5-4d67-bc5d-e905a6760a80:c6381, a428730f-9893-43cb-a585-e65a7e8859c8:c6377, 994b73f6-7725-4304-b3a4-4941318c1d6c:c6379]
2019-07-08 19:53:54,945 INFO  client.GrpcClientProtocolClient (GrpcClientProtocolClient.java:onNext(255)) - client-B2F93226DCBB->056ae293-26b5-4d67-bc5d-e905a6760a80: receive RaftClientReply:client-B2F93226DCBB->056ae293-26b5-4d67-bc5d-e905a6760a80@group-50E32BB97A46, cid=4189, SUCCESS, logIndex=6381, commits[056ae293-26b5-4d67-bc5d-e905a6760a80:c6381, a428730f-9893-43cb-a585-e65a7e8859c8:c6379, 994b73f6-7725-4304-b3a4-4941318c1d6c:c6379]
2019-07-08 19:53:54,947 INFO  client.GrpcClientProtocolClient (GrpcClientProtocolClient.java:onNext(255)) - client-B2F93226DCBB->056ae293-26b5-4d67-bc5d-e905a6760a80: receive RaftClientReply:client-B2F93226DCBB->056ae293-26b5-4d67-bc5d-e905a6760a80@group-50E32BB97A46, cid=4190, SUCCESS, logIndex=0, commits[056ae293-26b5-4d67-bc5d-e905a6760a80:c6383, a428730f-9893-43cb-a585-e65a7e8859c8:c6381, 994b73f6-7725-4304-b3a4-4941318c1d6c:c6381]
2019-07-08 19:53:54,974 INFO  client.GrpcClientProtocolClient (GrpcClientProtocolClient.java:onNext(255)) - client-B2F93226DCBB->056ae293-26b5-4d67-bc5d-e905a6760a80: receive RaftClientReply:client-B2F93226DCBB->056ae293-26b5-4d67-bc5d-e905a6760a80@group-50E32BB97A46, cid=4191, SUCCESS, logIndex=6384, commits[056ae293-26b5-4d67-bc5d-e905a6760a80:c6385, a428730f-9893-43cb-a585-e65a7e8859c8:c6381, 994b73f6-7725-4304-b3a4-4941318c1d6c:c6383]
2019-07-08 19:53:55,099 INFO  client.GrpcClientProtocolClient (GrpcClientProtocolClient.java:onNext(255)) - client-B2F93226DCBB->056ae293-26b5-4d67-bc5d-e905a6760a80: receive RaftClientReply:client-B2F93226DCBB->056ae293-26b5-4d67-bc5d-e905a6760a80@group-50E32BB97A46, cid=4192, SUCCESS, logIndex=6385, commits[056ae293-26b5-4d67-bc5d-e905a6760a80:c6385, a428730f-9893-43cb-a585-e65a7e8859c8:c6381, 994b73f6-7725-4304-b3a4-4941318c1d6c:c6383]
2019-07-08 19:53:55,112 INFO  client.GrpcClientProtocolClient (GrpcClientProtocolClient.java:onNext(255)) - client-B2F93226DCBB->056ae293-26b5-4d67-bc5d-e905a6760a80: receive RaftClientReply:client-B2F93226DCBB->056ae293-26b5-4d67-bc5d-e905a6760a80@group-50E32BB97A46, cid=4193, SUCCESS, logIndex=6386, commits[056ae293-26b5-4d67-bc5d-e905a6760a80:c6389, a428730f-9893-43cb-a585-e65a7e8859c8:c6383, 994b73f6-7725-4304-b3a4-4941318c1d6c:c6385]
2019-07-08 19:53:55,112 INFO  client.GrpcClientProtocolClient (GrpcClientProtocolClient.java:onNext(255)) - client-B2F93226DCBB->056ae293-26b5-4d67-bc5d-e905a6760a80: receive RaftClientReply:client-B2F93226DCBB->056ae293-26b5-4d67-bc5d-e905a6760a80@group-50E32BB97A46, cid=4194, SUCCESS, logIndex=6387, commits[056ae293-26b5-4d67-bc5d-e905a6760a80:c6389, a428730f-9893-43cb-a585-e65a7e8859c8:c6383, 994b73f6-7725-4304-b3a4-4941318c1d6c:c6385]
2019-07-08 19:53:55,113 INFO  client.GrpcClientProtocolClient (GrpcClientProtocolClient.java:onNext(255)) - client-B2F93226DCBB->056ae293-26b5-4d67-bc5d-e905a6760a80: receive RaftClientReply:client-B2F93226DCBB->056ae293-26b5-4d67-bc5d-e905a6760a80@group-50E32BB97A46, cid=4195, SUCCESS, logIndex=0, commits[056ae293-26b5-4d67-bc5d-e905a6760a80:c6390, a428730f-9893-43cb-a585-e65a7e8859c8:c6385, 994b73f6-7725-4304-b3a4-4941318c1d6c:c6387]
2019-07-08 19:53:55,134 INFO  client.GrpcClientProtocolClient (GrpcClientProtocolClient.java:onNext(255)) - client-B2F93226DCBB->056ae293-26b5-4d67-bc5d-e905a6760a80: receive RaftClientReply:client-B2F93226DCBB->056ae293-26b5-4d67-bc5d-e905a6760a80@group-50E32BB97A46, cid=4196, SUCCESS, logIndex=6392, commits[056ae293-26b5-4d67-bc5d-e905a6760a80:c6393, a428730f-9893-43cb-a585-e65a7e8859c8:c6391, 994b73f6-7725-4304-b3a4-4941318c1d6c:c6391]
2019-07-08 19:53:55,135 INFO  client.GrpcClientProtocolClient (GrpcClientProtocolClient.java:onNext(255)) - client-B2F93226DCBB->056ae293-26b5-4d67-bc5d-e905a6760a80: receive RaftClientReply:client-B2F93226DCBB->056ae293-26b5-4d67-bc5d-e905a6760a80@group-50E32BB97A46, cid=4197, SUCCESS, logIndex=6393, commits[056ae293-26b5-4d67-bc5d-e905a6760a80:c6393, a428730f-9893-43cb-a585-e65a7e8859c8:c6391, 994b73f6-7725-4304-b3a4-4941318c1d6c:c6391]
2019-07-08 19:53:55,149 INFO  client.GrpcClientProtocolClient (GrpcClientProtocolClient.java:onNext(255)) - client-B2F93226DCBB->056ae293-26b5-4d67-bc5d-e905a6760a80: receive RaftClientReply:client-B2F93226DCBB->056ae293-26b5-4d67-bc5d-e905a6760a80@group-50E32BB97A46, cid=4198, SUCCESS, logIndex=6396, commits[056ae293-26b5-4d67-bc5d-e905a6760a80:c6397, a428730f-9893-43cb-a585-e65a7e8859c8:c6393, 994b73f6-7725-4304-b3a4-4941318c1d6c:c6393]
2019-07-08 19:53:55,149 INFO  client.GrpcClientProtocolClient (GrpcClientProtocolClient.java:onNext(255)) - client-B2F93226DCBB->056ae293-26b5-4d67-bc5d-e905a6760a80: receive RaftClientReply:client-B2F93226DCBB->056ae293-26b5-4d67-bc5d-e905a6760a80@group-50E32BB97A46, cid=4199, SUCCESS, logIndex=6397, commits[056ae293-26b5-4d67-bc5d-e905a6760a80:c6397, a428730f-9893-43cb-a585-e65a7e8859c8:c6393, 994b73f6-7725-4304-b3a4-4941318c1d6c:c6393]
 0.00% |█                                                                                                    |  0/1 Time: 0:00:512019-07-08 19:53:55,935 INFO  client.GrpcClientProtocolClient (GrpcClientProtocolClient.java:onNext(255)) - client-B2F93226DCBB->056ae293-26b5-4d67-bc5d-e905a6760a80: receive RaftClientReply:client-B2F93226DCBB->056ae293-26b5-4d67-bc5d-e905a6760a80@group-50E32BB97A46, cid=4200, SUCCESS, logIndex=0, commits[056ae293-26b5-4d67-bc5d-e905a6760a80:c6398, a428730f-9893-43cb-a585-e65a7e8859c8:c6397, 994b73f6-7725-4304-b3a4-4941318c1d6c:c6397]
 0.00% |█                                                                                                    |  0/1 Time: 0:00:52 0.00% |█                                                                                                    |  0/1 Time: 0:00:53 0.00% |█                                                                                                    |  0/1 Time: 0:00:542019-07-08 19:53:58,961 WARN  server.GrpcLogAppender (GrpcLogAppender.java:timeoutAppendRequest(200)) - GrpcLogAppender(056ae293-26b5-4d67-bc5d-e905a6760a80->a428730f-9893-43cb-a585-e65a7e8859c8): appendEntries Timeout, request=056ae293-26b5-4d67-bc5d-e905a6760a80->a428730f-9893-43cb-a585-e65a7e8859c8#6451-t2, previous=(t:2, i:6399), leaderCommit=6398, initializing? false, entries: size=1, first=(t:2, i:6400), STATEMACHINELOGENTRY, client-B2F93226DCBB, cid=4201
2019-07-08 19:53:58,961 WARN  server.GrpcLogAppender (GrpcLogAppender.java:timeoutAppendRequest(200)) - GrpcLogAppender(056ae293-26b5-4d67-bc5d-e905a6760a80->994b73f6-7725-4304-b3a4-4941318c1d6c): appendEntries Timeout, request=056ae293-26b5-4d67-bc5d-e905a6760a80->994b73f6-7725-4304-b3a4-4941318c1d6c#6451-t2, previous=(t:2, i:6399), leaderCommit=6398, initializing? false, entries: size=1, first=(t:2, i:6400), STATEMACHINELOGENTRY, client-B2F93226DCBB, cid=4201
2019-07-08 19:53:58,963 WARN  server.GrpcLogAppender (GrpcLogAppender.java:timeoutAppendRequest(200)) - GrpcLogAppender(056ae293-26b5-4d67-bc5d-e905a6760a80->a428730f-9893-43cb-a585-e65a7e8859c8): appendEntries Timeout, request=056ae293-26b5-4d67-bc5d-e905a6760a80->a428730f-9893-43cb-a585-e65a7e8859c8#6452-t2, previous=(t:2, i:6400), leaderCommit=6398, initializing? false, entries: size=1, first=(t:2, i:6401), STATEMACHINELOGENTRY, client-B2F93226DCBB, cid=4202
2019-07-08 19:53:58,963 WARN  server.GrpcLogAppender (GrpcLogAppender.java:timeoutAppendRequest(200)) - GrpcLogAppender(056ae293-26b5-4d67-bc5d-e905a6760a80->994b73f6-7725-4304-b3a4-4941318c1d6c): appendEntries Timeout, request=056ae293-26b5-4d67-bc5d-e905a6760a80->994b73f6-7725-4304-b3a4-4941318c1d6c#6452-t2, previous=(t:2, i:6400), leaderCommit=6398, initializing? false, entries: size=1, first=(t:2, i:6401), STATEMACHINELOGENTRY, client-B2F93226DCBB, cid=4202
2019-07-08 19:53:58,964 WARN  server.GrpcLogAppender (GrpcLogAppender.java:timeoutAppendRequest(200)) - GrpcLogAppender(056ae293-26b5-4d67-bc5d-e905a6760a80->a428730f-9893-43cb-a585-e65a7e8859c8): appendEntries Timeout, request=056ae293-26b5-4d67-bc5d-e905a6760a80->a428730f-9893-43cb-a585-e65a7e8859c8#6453-t2, previous=(t:2, i:6401), leaderCommit=6398, initializing? false, entries: size=1, first=(t:2, i:6402), STATEMACHINELOGENTRY, client-B2F93226DCBB, cid=4203
2019-07-08 19:53:58,964 WARN  server.GrpcLogAppender (GrpcLogAppender.java:timeoutAppendRequest(200)) - GrpcLogAppender(056ae293-26b5-4d67-bc5d-e905a6760a80->994b73f6-7725-4304-b3a4-4941318c1d6c): appendEntries Timeout, request=056ae293-26b5-4d67-bc5d-e905a6760a80->994b73f6-7725-4304-b3a4-4941318c1d6c#6453-t2, previous=(t:2, i:6401), leaderCommit=6398, initializing? false, entries: size=1, first=(t:2, i:6402), STATEMACHINELOGENTRY, client-B2F93226DCBB, cid=4203
2019-07-08 19:53:58,964 WARN  server.GrpcLogAppender (GrpcLogAppender.java:timeoutAppendRequest(200)) - GrpcLogAppender(056ae293-26b5-4d67-bc5d-e905a6760a80->a428730f-9893-43cb-a585-e65a7e8859c8): appendEntries Timeout, request=056ae293-26b5-4d67-bc5d-e905a6760a80->a428730f-9893-43cb-a585-e65a7e8859c8#6454-t2, previous=(t:2, i:6402), leaderCommit=6398, initializing? false, entries: size=1, first=(t:2, i:6403), STATEMACHINELOGENTRY, client-B2F93226DCBB, cid=4204
2019-07-08 19:53:58,964 WARN  server.GrpcLogAppender (GrpcLogAppender.java:timeoutAppendRequest(200)) - GrpcLogAppender(056ae293-26b5-4d67-bc5d-e905a6760a80->994b73f6-7725-4304-b3a4-4941318c1d6c): appendEntries Timeout, request=056ae293-26b5-4d67-bc5d-e905a6760a80->994b73f6-7725-4304-b3a4-4941318c1d6c#6454-t2, previous=(t:2, i:6402), leaderCommit=6398, initializing? false, entries: size=1, first=(t:2, i:6403), STATEMACHINELOGENTRY, client-B2F93226DCBB, cid=4204
2019-07-08 19:53:59,464 WARN  server.GrpcLogAppender (GrpcLogAppender.java:timeoutAppendRequest(200)) - GrpcLogAppender(056ae293-26b5-4d67-bc5d-e905a6760a80->a428730f-9893-43cb-a585-e65a7e8859c8): appendEntries Timeout, request=056ae293-26b5-4d67-bc5d-e905a6760a80->a428730f-9893-43cb-a585-e65a7e8859c8#6455-t2, previous=(t:2, i:6403), leaderCommit=6398, initializing? false, entries: <empty>
2019-07-08 19:53:59,464 WARN  server.GrpcLogAppender (GrpcLogAppender.java:timeoutAppendRequest(200)) - GrpcLogAppender(056ae293-26b5-4d67-bc5d-e905a6760a80->994b73f6-7725-4304-b3a4-4941318c1d6c): appendEntries Timeout, request=056ae293-26b5-4d67-bc5d-e905a6760a80->994b73f6-7725-4304-b3a4-4941318c1d6c#6455-t2, previous=(t:2, i:6403), leaderCommit=6398, initializing? false, entries: <empty>
 0.00% |█                                                                                                    |  0/1 Time: 0:00:552019-07-08 19:53:59,764 WARN  server.GrpcLogAppender (GrpcLogAppender.java:onNextImpl(250)) - org.apache.ratis.grpc.server.GrpcLogAppender$AppendLogResponseHandler@2310ba51: Request not found, ignoring reply: 056ae293-26b5-4d67-bc5d-e905a6760a80<-994b73f6-7725-4304-b3a4-4941318c1d6c#6451:OK,SUCCESS,nextIndex:6401,term:2,followerCommit:6399
2019-07-08 19:53:59,764 WARN  server.GrpcLogAppender (GrpcLogAppender.java:onNextImpl(250)) - org.apache.ratis.grpc.server.GrpcLogAppender$AppendLogResponseHandler@2310ba51: Request not found, ignoring reply: 056ae293-26b5-4d67-bc5d-e905a6760a80<-994b73f6-7725-4304-b3a4-4941318c1d6c#6452:OK,SUCCESS,nextIndex:6402,term:2,followerCommit:6399
2019-07-08 19:53:59,764 WARN  server.GrpcLogAppender (GrpcLogAppender.java:onNextImpl(250)) - org.apache.ratis.grpc.server.GrpcLogAppender$AppendLogResponseHandler@7a8ad8fe: Request not found, ignoring reply: 056ae293-26b5-4d67-bc5d-e905a6760a80<-a428730f-9893-43cb-a585-e65a7e8859c8#6451:OK,SUCCESS,nextIndex:6401,term:2,followerCommit:6399
2019-07-08 19:53:59,764 WARN  server.GrpcLogAppender (GrpcLogAppender.java:onNextImpl(250)) - org.apache.ratis.grpc.server.GrpcLogAppender$AppendLogResponseHandler@2310ba51: Request not found, ignoring reply: 056ae293-26b5-4d67-bc5d-e905a6760a80<-994b73f6-7725-4304-b3a4-4941318c1d6c#6453:OK,SUCCESS,nextIndex:6403,term:2,followerCommit:6399
2019-07-08 19:53:59,765 WARN  server.GrpcLogAppender (GrpcLogAppender.java:onNextImpl(250)) - org.apache.ratis.grpc.server.GrpcLogAppender$AppendLogResponseHandler@7a8ad8fe: Request not found, ignoring reply: 056ae293-26b5-4d67-bc5d-e905a6760a80<-a428730f-9893-43cb-a585-e65a7e8859c8#6452:OK,SUCCESS,nextIndex:6402,term:2,followerCommit:6399
2019-07-08 19:53:59,765 WARN  server.GrpcLogAppender (GrpcLogAppender.java:onNextImpl(250)) - org.apache.ratis.grpc.server.GrpcLogAppender$AppendLogResponseHandler@2310ba51: Request not found, ignoring reply: 056ae293-26b5-4d67-bc5d-e905a6760a80<-994b73f6-7725-4304-b3a4-4941318c1d6c#6454:OK,SUCCESS,nextIndex:6404,term:2,followerCommit:6399
2019-07-08 19:53:59,765 WARN  server.GrpcLogAppender (GrpcLogAppender.java:onNextImpl(250)) - org.apache.ratis.grpc.server.GrpcLogAppender$AppendLogResponseHandler@7a8ad8fe: Request not found, ignoring reply: 056ae293-26b5-4d67-bc5d-e905a6760a80<-a428730f-9893-43cb-a585-e65a7e8859c8#6453:OK,SUCCESS,nextIndex:6403,term:2,followerCommit:6399
2019-07-08 19:53:59,765 WARN  server.GrpcLogAppender (GrpcLogAppender.java:onNextImpl(250)) - org.apache.ratis.grpc.server.GrpcLogAppender$AppendLogResponseHandler@2310ba51: Request not found, ignoring reply: 056ae293-26b5-4d67-bc5d-e905a6760a80<-994b73f6-7725-4304-b3a4-4941318c1d6c#6455:OK,SUCCESS,nextIndex:6404,term:2,followerCommit:6398
2019-07-08 19:53:59,766 WARN  server.GrpcLogAppender (GrpcLogAppender.java:onNextImpl(250)) - org.apache.ratis.grpc.server.GrpcLogAppender$AppendLogResponseHandler@7a8ad8fe: Request not found, ignoring reply: 056ae293-26b5-4d67-bc5d-e905a6760a80<-a428730f-9893-43cb-a585-e65a7e8859c8#6454:OK,SUCCESS,nextIndex:6404,term:2,followerCommit:6399
2019-07-08 19:53:59,766 WARN  server.GrpcLogAppender (GrpcLogAppender.java:onNextImpl(250)) - org.apache.ratis.grpc.server.GrpcLogAppender$AppendLogResponseHandler@7a8ad8fe: Request not found, ignoring reply: 056ae293-26b5-4d67-bc5d-e905a6760a80<-a428730f-9893-43cb-a585-e65a7e8859c8#6455:OK,SUCCESS,nextIndex:6404,term:2,followerCommit:6398
 0.00% |█                                                                                                    |  0/1 Time: 0:00:562019-07-08 19:54:01,048 INFO  client.GrpcClientProtocolClient (GrpcClientProtocolClient.java:onNext(255)) - client-B2F93226DCBB->994b73f6-7725-4304-b3a4-4941318c1d6c: receive RaftClientReply:client-B2F93226DCBB->994b73f6-7725-4304-b3a4-4941318c1d6c@group-50E32BB97A46, cid=4201, FAILED org.apache.ratis.protocol.NotLeaderException: Server 994b73f6-7725-4304-b3a4-4941318c1d6c is not the leader (056ae293-26b5-4d67-bc5d-e905a6760a80:192.168.157.252:35061). Request must be sent to leader., logIndex=0, commits[994b73f6-7725-4304-b3a4-4941318c1d6c:c6399, a428730f-9893-43cb-a585-e65a7e8859c8:c6399, 056ae293-26b5-4d67-bc5d-e905a6760a80:c6399]
 0.00% |█                                                                                                    |  0/1 Time: 0:00:57 0.00% |█                                                                                                    |  0/1 Time: 0:00:582019-07-08 19:54:03,337 INFO  client.GrpcClientProtocolClient (GrpcClientProtocolClient.java:onNext(255)) - client-B2F93226DCBB->056ae293-26b5-4d67-bc5d-e905a6760a80: receive RaftClientReply:client-B2F93226DCBB->056ae293-26b5-4d67-bc5d-e905a6760a80@group-50E32BB97A46, cid=4201, SUCCESS, logIndex=6400, commits[056ae293-26b5-4d67-bc5d-e905a6760a80:c6403, a428730f-9893-43cb-a585-e65a7e8859c8:c6399, 994b73f6-7725-4304-b3a4-4941318c1d6c:c6399]
2019-07-08 19:54:03,347 INFO  client.GrpcClientProtocolClient (GrpcClientProtocolClient.java:onNext(255)) - client-B2F93226DCBB->056ae293-26b5-4d67-bc5d-e905a6760a80: receive RaftClientReply:client-B2F93226DCBB->056ae293-26b5-4d67-bc5d-e905a6760a80@group-50E32BB97A46, cid=4202, SUCCESS, logIndex=6401, commits[056ae293-26b5-4d67-bc5d-e905a6760a80:c6403, a428730f-9893-43cb-a585-e65a7e8859c8:c6399, 994b73f6-7725-4304-b3a4-4941318c1d6c:c6399]
2019-07-08 19:54:03,349 INFO  client.GrpcClientProtocolClient (GrpcClientProtocolClient.java:onNext(255)) - client-B2F93226DCBB->056ae293-26b5-4d67-bc5d-e905a6760a80: receive RaftClientReply:client-B2F93226DCBB->056ae293-26b5-4d67-bc5d-e905a6760a80@group-50E32BB97A46, cid=4203, SUCCESS, logIndex=6402, commits[056ae293-26b5-4d67-bc5d-e905a6760a80:c6403, a428730f-9893-43cb-a585-e65a7e8859c8:c6399, 994b73f6-7725-4304-b3a4-4941318c1d6c:c6399]
2019-07-08 19:54:03,351 INFO  client.GrpcClientProtocolClient (GrpcClientProtocolClient.java:onNext(255)) - client-B2F93226DCBB->056ae293-26b5-4d67-bc5d-e905a6760a80: receive RaftClientReply:client-B2F93226DCBB->056ae293-26b5-4d67-bc5d-e905a6760a80@group-50E32BB97A46, cid=4204, SUCCESS, logIndex=6403, commits[056ae293-26b5-4d67-bc5d-e905a6760a80:c6403, a428730f-9893-43cb-a585-e65a7e8859c8:c6399, 994b73f6-7725-4304-b3a4-4941318c1d6c:c6399]
 0.00% |█                                                                                                    |  0/1 Time: 0:00:592019-07-08 19:54:03,793 INFO  client.GrpcClientProtocolClient (GrpcClientProtocolClient.java:onNext(255)) - client-B2F93226DCBB->056ae293-26b5-4d67-bc5d-e905a6760a80: receive RaftClientReply:client-B2F93226DCBB->056ae293-26b5-4d67-bc5d-e905a6760a80@group-50E32BB97A46, cid=4205, SUCCESS, logIndex=0, commits[056ae293-26b5-4d67-bc5d-e905a6760a80:c6403, a428730f-9893-43cb-a585-e65a7e8859c8:c6403, 994b73f6-7725-4304-b3a4-4941318c1d6c:c6403]
 0.00% |█                                                                                                    |  0/1 Time: 0:01:00 0.00% |█                                                                                                    |  0/1 Time: 0:01:012019-07-08 19:54:06,126 INFO  client.GrpcClientProtocolClient (GrpcClientProtocolClient.java:onNext(255)) - client-B2F93226DCBB->056ae293-26b5-4d67-bc5d-e905a6760a80: receive RaftClientReply:client-B2F93226DCBB->056ae293-26b5-4d67-bc5d-e905a6760a80@group-50E32BB97A46, cid=4206, SUCCESS, logIndex=6405, commits[056ae293-26b5-4d67-bc5d-e905a6760a80:c6406, a428730f-9893-43cb-a585-e65a7e8859c8:c6404, 994b73f6-7725-4304-b3a4-4941318c1d6c:c6404]
2019-07-08 19:54:06,127 INFO  client.GrpcClientProtocolClient (GrpcClientProtocolClient.java:onNext(255)) - client-B2F93226DCBB->056ae293-26b5-4d67-bc5d-e905a6760a80: receive RaftClientReply:client-B2F93226DCBB->056ae293-26b5-4d67-bc5d-e905a6760a80@group-50E32BB97A46, cid=4207, SUCCESS, logIndex=6406, commits[056ae293-26b5-4d67-bc5d-e905a6760a80:c6406, a428730f-9893-43cb-a585-e65a7e8859c8:c6404, 994b73f6-7725-4304-b3a4-4941318c1d6c:c6404]
 0.00% |█                                                                                                    |  0/1 Time: 0:01:02 0.00% |█                                                                                                    |  0/1 Time: 0:01:03 0.00% |█                                                                                                    |  0/1 Time: 0:01:04 0.00% |█                                                                                                    |  0/1 Time: 0:01:05 0.00% |█                                                                                                    |  0/1 Time: 0:01:062019-07-08 19:54:11,169 INFO  client.GrpcClientProtocolClient (GrpcClientProtocolClient.java:onNext(255)) - client-B2F93226DCBB->994b73f6-7725-4304-b3a4-4941318c1d6c: receive RaftClientReply:client-B2F93226DCBB->994b73f6-7725-4304-b3a4-4941318c1d6c@group-50E32BB97A46, cid=4208, FAILED org.apache.ratis.protocol.NotLeaderException: Server 994b73f6-7725-4304-b3a4-4941318c1d6c is not the leader (056ae293-26b5-4d67-bc5d-e905a6760a80:192.168.157.252:35061). Request must be sent to leader., logIndex=0, commits[994b73f6-7725-4304-b3a4-4941318c1d6c:c6408, a428730f-9893-43cb-a585-e65a7e8859c8:c6406, 056ae293-26b5-4d67-bc5d-e905a6760a80:c6408]
2019-07-08 19:54:11,191 INFO  client.GrpcClientProtocolClient (GrpcClientProtocolClient.java:onNext(255)) - client-B2F93226DCBB->056ae293-26b5-4d67-bc5d-e905a6760a80: receive RaftClientReply:client-B2F93226DCBB->056ae293-26b5-4d67-bc5d-e905a6760a80@group-50E32BB97A46, cid=4208, SUCCESS, logIndex=6409, commits[056ae293-26b5-4d67-bc5d-e905a6760a80:c6411, a428730f-9893-43cb-a585-e65a7e8859c8:c6408, 994b73f6-7725-4304-b3a4-4941318c1d6c:c6408]
2019-07-08 19:54:11,217 INFO  client.GrpcClientProtocolClient (GrpcClientProtocolClient.java:onNext(255)) - client-B2F93226DCBB->056ae293-26b5-4d67-bc5d-e905a6760a80: receive RaftClientReply:client-B2F93226DCBB->056ae293-26b5-4d67-bc5d-e905a6760a80@group-50E32BB97A46, cid=4209, SUCCESS, logIndex=6410, commits[056ae293-26b5-4d67-bc5d-e905a6760a80:c6412, a428730f-9893-43cb-a585-e65a7e8859c8:c6408, 994b73f6-7725-4304-b3a4-4941318c1d6c:c6408]
2019-07-08 19:54:11,226 INFO  client.GrpcClientProtocolClient (GrpcClientProtocolClient.java:onNext(255)) - client-B2F93226DCBB->056ae293-26b5-4d67-bc5d-e905a6760a80: receive RaftClientReply:client-B2F93226DCBB->056ae293-26b5-4d67-bc5d-e905a6760a80@group-50E32BB97A46, cid=4210, SUCCESS, logIndex=0, commits[056ae293-26b5-4d67-bc5d-e905a6760a80:c6412, a428730f-9893-43cb-a585-e65a7e8859c8:c6412, 994b73f6-7725-4304-b3a4-4941318c1d6c:c6412]
2019-07-08 19:54:11,293 INFO  client.GrpcClientProtocolClient (GrpcClientProtocolClient.java:onNext(255)) - client-A829F34C51A1->a428730f-9893-43cb-a585-e65a7e8859c8: receive RaftClientReply:client-A829F34C51A1->a428730f-9893-43cb-a585-e65a7e8859c8@group-50E32BB97A46, cid=4211, FAILED org.apache.ratis.protocol.NotLeaderException: Server a428730f-9893-43cb-a585-e65a7e8859c8 is not the leader (056ae293-26b5-4d67-bc5d-e905a6760a80:192.168.157.252:35061). Request must be sent to leader., logIndex=0, commits[a428730f-9893-43cb-a585-e65a7e8859c8:c6412, 056ae293-26b5-4d67-bc5d-e905a6760a80:c6412, 994b73f6-7725-4304-b3a4-4941318c1d6c:c6408]
 0.00% |█                                                                                                    |  0/1 Time: 0:01:07 0.00% |█                                                                                                    |  0/1 Time: 0:01:08 0.00% |█                                                                                                    |  0/1 Time: 0:01:092019-07-08 19:54:14,318 WARN  server.GrpcLogAppender (GrpcLogAppender.java:timeoutAppendRequest(200)) - GrpcLogAppender(056ae293-26b5-4d67-bc5d-e905a6760a80->994b73f6-7725-4304-b3a4-4941318c1d6c): appendEntries Timeout, request=056ae293-26b5-4d67-bc5d-e905a6760a80->994b73f6-7725-4304-b3a4-4941318c1d6c#6490-t2, previous=(t:2, i:6412), leaderCommit=6412, initializing? false, entries: size=1, first=(t:2, i:6413), STATEMACHINELOGENTRY, client-A829F34C51A1, cid=4211
2019-07-08 19:54:14,318 WARN  server.GrpcLogAppender (GrpcLogAppender.java:timeoutAppendRequest(200)) - GrpcLogAppender(056ae293-26b5-4d67-bc5d-e905a6760a80->a428730f-9893-43cb-a585-e65a7e8859c8): appendEntries Timeout, request=056ae293-26b5-4d67-bc5d-e905a6760a80->a428730f-9893-43cb-a585-e65a7e8859c8#6491-t2, previous=(t:2, i:6412), leaderCommit=6412, initializing? false, entries: size=1, first=(t:2, i:6413), STATEMACHINELOGENTRY, client-A829F34C51A1, cid=4211
 0.00% |█                                                                                                    |  0/1 Time: 0:01:102019-07-08 19:54:14,818 WARN  server.GrpcLogAppender (GrpcLogAppender.java:timeoutAppendRequest(200)) - GrpcLogAppender(056ae293-26b5-4d67-bc5d-e905a6760a80->994b73f6-7725-4304-b3a4-4941318c1d6c): appendEntries Timeout, request=056ae293-26b5-4d67-bc5d-e905a6760a80->994b73f6-7725-4304-b3a4-4941318c1d6c#6491-t2, previous=(t:2, i:6413), leaderCommit=6412, initializing? false, entries: <empty>
2019-07-08 19:54:14,818 WARN  server.GrpcLogAppender (GrpcLogAppender.java:timeoutAppendRequest(200)) - GrpcLogAppender(056ae293-26b5-4d67-bc5d-e905a6760a80->a428730f-9893-43cb-a585-e65a7e8859c8): appendEntries Timeout, request=056ae293-26b5-4d67-bc5d-e905a6760a80->a428730f-9893-43cb-a585-e65a7e8859c8#6492-t2, previous=(t:2, i:6413), leaderCommit=6412, initializing? false, entries: <empty>
2019-07-08 19:54:15,272 WARN  server.GrpcLogAppender (GrpcLogAppender.java:onNextImpl(250)) - org.apache.ratis.grpc.server.GrpcLogAppender$AppendLogResponseHandler@2310ba51: Request not found, ignoring reply: 056ae293-26b5-4d67-bc5d-e905a6760a80<-994b73f6-7725-4304-b3a4-4941318c1d6c#6490:OK,SUCCESS,nextIndex:6414,term:2,followerCommit:6412
2019-07-08 19:54:15,272 WARN  server.GrpcLogAppender (GrpcLogAppender.java:onNextImpl(250)) - org.apache.ratis.grpc.server.GrpcLogAppender$AppendLogResponseHandler@7a8ad8fe: Request not found, ignoring reply: 056ae293-26b5-4d67-bc5d-e905a6760a80<-a428730f-9893-43cb-a585-e65a7e8859c8#6491:OK,SUCCESS,nextIndex:6414,term:2,followerCommit:6412
2019-07-08 19:54:15,272 WARN  server.GrpcLogAppender (GrpcLogAppender.java:onNextImpl(250)) - org.apache.ratis.grpc.server.GrpcLogAppender$AppendLogResponseHandler@2310ba51: Request not found, ignoring reply: 056ae293-26b5-4d67-bc5d-e905a6760a80<-994b73f6-7725-4304-b3a4-4941318c1d6c#6491:OK,SUCCESS,nextIndex:6414,term:2,followerCommit:6412
2019-07-08 19:54:15,272 WARN  server.GrpcLogAppender (GrpcLogAppender.java:onNextImpl(250)) - org.apache.ratis.grpc.server.GrpcLogAppender$AppendLogResponseHandler@7a8ad8fe: Request not found, ignoring reply: 056ae293-26b5-4d67-bc5d-e905a6760a80<-a428730f-9893-43cb-a585-e65a7e8859c8#6492:OK,SUCCESS,nextIndex:6414,term:2,followerCommit:6412
 0.00% |█                                                                                                    |  0/1 Time: 0:01:112019-07-08 19:54:16,355 INFO  client.GrpcClientProtocolClient (GrpcClientProtocolClient.java:onNext(255)) - client-A829F34C51A1->a428730f-9893-43cb-a585-e65a7e8859c8: receive RaftClientReply:client-A829F34C51A1->a428730f-9893-43cb-a585-e65a7e8859c8@group-50E32BB97A46, cid=4211, FAILED org.apache.ratis.protocol.NotLeaderException: Server a428730f-9893-43cb-a585-e65a7e8859c8 is not the leader (056ae293-26b5-4d67-bc5d-e905a6760a80:192.168.157.252:35061). Request must be sent to leader., logIndex=0, commits[a428730f-9893-43cb-a585-e65a7e8859c8:c6414, 056ae293-26b5-4d67-bc5d-e905a6760a80:c6414, 994b73f6-7725-4304-b3a4-4941318c1d6c:c6413]
2019-07-08 19:54:16,375 INFO  client.GrpcClientProtocolClient (GrpcClientProtocolClient.java:onNext(255)) - client-A829F34C51A1->056ae293-26b5-4d67-bc5d-e905a6760a80: receive RaftClientReply:client-A829F34C51A1->056ae293-26b5-4d67-bc5d-e905a6760a80@group-50E32BB97A46, cid=4211, SUCCESS, logIndex=6413, commits[056ae293-26b5-4d67-bc5d-e905a6760a80:c6413, a428730f-9893-43cb-a585-e65a7e8859c8:c6412, 994b73f6-7725-4304-b3a4-4941318c1d6c:c6412]
 0.00% |█                                                                                                    |  0/1 Time: 0:01:12 0.00% |█                                                                                                    |  0/1 Time: 0:01:13 0.00% |█                                                                                                    |  0/1 Time: 0:01:142019-07-08 19:54:19,381 WARN  server.GrpcLogAppender (GrpcLogAppender.java:timeoutAppendRequest(200)) - GrpcLogAppender(056ae293-26b5-4d67-bc5d-e905a6760a80->a428730f-9893-43cb-a585-e65a7e8859c8): appendEntries Timeout, request=056ae293-26b5-4d67-bc5d-e905a6760a80->a428730f-9893-43cb-a585-e65a7e8859c8#6502-t2, previous=(t:2, i:6414), leaderCommit=6414, initializing? false, entries: size=1, first=(t:2, i:6415), STATEMACHINELOGENTRY, client-A829F34C51A1, cid=4212
2019-07-08 19:54:19,381 WARN  server.GrpcLogAppender (GrpcLogAppender.java:timeoutAppendRequest(200)) - GrpcLogAppender(056ae293-26b5-4d67-bc5d-e905a6760a80->994b73f6-7725-4304-b3a4-4941318c1d6c): appendEntries Timeout, request=056ae293-26b5-4d67-bc5d-e905a6760a80->994b73f6-7725-4304-b3a4-4941318c1d6c#6501-t2, previous=(t:2, i:6414), leaderCommit=6414, initializing? false, entries: size=1, first=(t:2, i:6415), STATEMACHINELOGENTRY, client-A829F34C51A1, cid=4212
2019-07-08 19:54:19,384 WARN  server.GrpcLogAppender (GrpcLogAppender.java:timeoutAppendRequest(200)) - GrpcLogAppender(056ae293-26b5-4d67-bc5d-e905a6760a80->994b73f6-7725-4304-b3a4-4941318c1d6c): appendEntries Timeout, request=056ae293-26b5-4d67-bc5d-e905a6760a80->994b73f6-7725-4304-b3a4-4941318c1d6c#6502-t2, previous=(t:2, i:6415), leaderCommit=6414, initializing? false, entries: size=1, first=(t:2, i:6416), STATEMACHINELOGENTRY, client-A829F34C51A1, cid=4213
2019-07-08 19:54:19,384 WARN  server.GrpcLogAppender (GrpcLogAppender.java:timeoutAppendRequest(200)) - GrpcLogAppender(056ae293-26b5-4d67-bc5d-e905a6760a80->a428730f-9893-43cb-a585-e65a7e8859c8): appendEntries Timeout, request=056ae293-26b5-4d67-bc5d-e905a6760a80->a428730f-9893-43cb-a585-e65a7e8859c8#6503-t2, previous=(t:2, i:6415), leaderCommit=6414, initializing? false, entries: size=1, first=(t:2, i:6416), STATEMACHINELOGENTRY, client-A829F34C51A1, cid=4213
2019-07-08 19:54:19,384 WARN  server.GrpcLogAppender (GrpcLogAppender.java:timeoutAppendRequest(200)) - GrpcLogAppender(056ae293-26b5-4d67-bc5d-e905a6760a80->994b73f6-7725-4304-b3a4-4941318c1d6c): appendEntries Timeout, request=056ae293-26b5-4d67-bc5d-e905a6760a80->994b73f6-7725-4304-b3a4-4941318c1d6c#6503-t2, previous=(t:2, i:6416), leaderCommit=6414, initializing? false, entries: size=1, first=(t:2, i:6417), STATEMACHINELOGENTRY, client-A829F34C51A1, cid=4214
2019-07-08 19:54:19,384 WARN  server.GrpcLogAppender (GrpcLogAppender.java:timeoutAppendRequest(200)) - GrpcLogAppender(056ae293-26b5-4d67-bc5d-e905a6760a80->a428730f-9893-43cb-a585-e65a7e8859c8): appendEntries Timeout, request=056ae293-26b5-4d67-bc5d-e905a6760a80->a428730f-9893-43cb-a585-e65a7e8859c8#6504-t2, previous=(t:2, i:6416), leaderCommit=6414, initializing? false, entries: size=1, first=(t:2, i:6417), STATEMACHINELOGENTRY, client-A829F34C51A1, cid=4214
 0.00% |█                                                                                                    |  0/1 Time: 0:01:152019-07-08 19:54:19,834 WARN  server.GrpcLogAppender (GrpcLogAppender.java:onNextImpl(250)) - org.apache.ratis.grpc.server.GrpcLogAppender$AppendLogResponseHandler@7a8ad8fe: Request not found, ignoring reply: 056ae293-26b5-4d67-bc5d-e905a6760a80<-a428730f-9893-43cb-a585-e65a7e8859c8#6502:OK,SUCCESS,nextIndex:6416,term:2,followerCommit:6414
2019-07-08 19:54:19,834 WARN  server.GrpcLogAppender (GrpcLogAppender.java:onNextImpl(250)) - org.apache.ratis.grpc.server.GrpcLogAppender$AppendLogResponseHandler@2310ba51: Request not found, ignoring reply: 056ae293-26b5-4d67-bc5d-e905a6760a80<-994b73f6-7725-4304-b3a4-4941318c1d6c#6501:OK,SUCCESS,nextIndex:6416,term:2,followerCommit:6414
2019-07-08 19:54:19,884 WARN  server.GrpcLogAppender (GrpcLogAppender.java:timeoutAppendRequest(200)) - GrpcLogAppender(056ae293-26b5-4d67-bc5d-e905a6760a80->994b73f6-7725-4304-b3a4-4941318c1d6c): appendEntries Timeout, request=056ae293-26b5-4d67-bc5d-e905a6760a80->994b73f6-7725-4304-b3a4-4941318c1d6c#6504-t2, previous=(t:2, i:6417), leaderCommit=6414, initializing? false, entries: <empty>
2019-07-08 19:54:19,884 WARN  server.GrpcLogAppender (GrpcLogAppender.java:timeoutAppendRequest(200)) - GrpcLogAppender(056ae293-26b5-4d67-bc5d-e905a6760a80->a428730f-9893-43cb-a585-e65a7e8859c8): appendEntries Timeout, request=056ae293-26b5-4d67-bc5d-e905a6760a80->a428730f-9893-43cb-a585-e65a7e8859c8#6505-t2, previous=(t:2, i:6417), leaderCommit=6414, initializing? false, entries: <empty>
2019-07-08 19:54:20,386 WARN  server.GrpcLogAppender (GrpcLogAppender.java:timeoutAppendRequest(200)) - GrpcLogAppender(056ae293-26b5-4d67-bc5d-e905a6760a80->a428730f-9893-43cb-a585-e65a7e8859c8): appendEntries Timeout, request=056ae293-26b5-4d67-bc5d-e905a6760a80->a428730f-9893-43cb-a585-e65a7e8859c8#6506-t2, previous=(t:2, i:6417), leaderCommit=6414, initializing? false, entries: <empty>
2019-07-08 19:54:20,386 WARN  server.GrpcLogAppender (GrpcLogAppender.java:timeoutAppendRequest(200)) - GrpcLogAppender(056ae293-26b5-4d67-bc5d-e905a6760a80->994b73f6-7725-4304-b3a4-4941318c1d6c): appendEntries Timeout, request=056ae293-26b5-4d67-bc5d-e905a6760a80->994b73f6-7725-4304-b3a4-4941318c1d6c#6505-t2, previous=(t:2, i:6417), leaderCommit=6414, initializing? false, entries: <empty>
2019-07-08 19:54:20,462 WARN  server.GrpcLogAppender (GrpcLogAppender.java:onNextImpl(250)) - org.apache.ratis.grpc.server.GrpcLogAppender$AppendLogResponseHandler@2310ba51: Request not found, ignoring reply: 056ae293-26b5-4d67-bc5d-e905a6760a80<-994b73f6-7725-4304-b3a4-4941318c1d6c#6502:OK,SUCCESS,nextIndex:6417,term:2,followerCommit:6414
2019-07-08 19:54:20,462 WARN  server.GrpcLogAppender (GrpcLogAppender.java:onNextImpl(250)) - org.apache.ratis.grpc.server.GrpcLogAppender$AppendLogResponseHandler@2310ba51: Request not found, ignoring reply: 056ae293-26b5-4d67-bc5d-e905a6760a80<-994b73f6-7725-4304-b3a4-4941318c1d6c#6503:OK,SUCCESS,nextIndex:6418,term:2,followerCommit:6414
2019-07-08 19:54:20,462 WARN  server.GrpcLogAppender (GrpcLogAppender.java:onNextImpl(250)) - org.apache.ratis.grpc.server.GrpcLogAppender$AppendLogResponseHandler@7a8ad8fe: Request not found, ignoring reply: 056ae293-26b5-4d67-bc5d-e905a6760a80<-a428730f-9893-43cb-a585-e65a7e8859c8#6503:OK,SUCCESS,nextIndex:6417,term:2,followerCommit:6414
2019-07-08 19:54:20,463 WARN  server.GrpcLogAppender (GrpcLogAppender.java:onNextImpl(250)) - org.apache.ratis.grpc.server.GrpcLogAppender$AppendLogResponseHandler@2310ba51: Request not found, ignoring reply: 056ae293-26b5-4d67-bc5d-e905a6760a80<-994b73f6-7725-4304-b3a4-4941318c1d6c#6504:OK,SUCCESS,nextIndex:6418,term:2,followerCommit:6414
2019-07-08 19:54:20,463 WARN  server.GrpcLogAppender (GrpcLogAppender.java:onNextImpl(250)) - org.apache.ratis.grpc.server.GrpcLogAppender$AppendLogResponseHandler@7a8ad8fe: Request not found, ignoring reply: 056ae293-26b5-4d67-bc5d-e905a6760a80<-a428730f-9893-43cb-a585-e65a7e8859c8#6504:OK,SUCCESS,nextIndex:6418,term:2,followerCommit:6414
2019-07-08 19:54:20,463 WARN  server.GrpcLogAppender (GrpcLogAppender.java:onNextImpl(250)) - org.apache.ratis.grpc.server.GrpcLogAppender$AppendLogResponseHandler@2310ba51: Request not found, ignoring reply: 056ae293-26b5-4d67-bc5d-e905a6760a80<-994b73f6-7725-4304-b3a4-4941318c1d6c#6505:OK,SUCCESS,nextIndex:6418,term:2,followerCommit:6414
2019-07-08 19:54:20,463 WARN  server.GrpcLogAppender (GrpcLogAppender.java:onNextImpl(250)) - org.apache.ratis.grpc.server.GrpcLogAppender$AppendLogResponseHandler@7a8ad8fe: Request not found, ignoring reply: 056ae293-26b5-4d67-bc5d-e905a6760a80<-a428730f-9893-43cb-a585-e65a7e8859c8#6505:OK,SUCCESS,nextIndex:6418,term:2,followerCommit:6414
2019-07-08 19:54:20,463 WARN  server.GrpcLogAppender (GrpcLogAppender.java:onNextImpl(250)) - org.apache.ratis.grpc.server.GrpcLogAppender$AppendLogResponseHandler@7a8ad8fe: Request not found, ignoring reply: 056ae293-26b5-4d67-bc5d-e905a6760a80<-a428730f-9893-43cb-a585-e65a7e8859c8#6506:OK,SUCCESS,nextIndex:6418,term:2,followerCommit:6414
 0.00% |█                                                                                                    |  0/1 Time: 0:01:162019-07-08 19:54:21,422 INFO  client.GrpcClientProtocolClient (GrpcClientProtocolClient.java:onNext(255)) - client-A829F34C51A1->a428730f-9893-43cb-a585-e65a7e8859c8: receive RaftClientReply:client-A829F34C51A1->a428730f-9893-43cb-a585-e65a7e8859c8@group-50E32BB97A46, cid=4212, FAILED org.apache.ratis.protocol.NotLeaderException: Server a428730f-9893-43cb-a585-e65a7e8859c8 is not the leader (056ae293-26b5-4d67-bc5d-e905a6760a80:192.168.157.252:35061). Request must be sent to leader., logIndex=0, commits[a428730f-9893-43cb-a585-e65a7e8859c8:c6418, 056ae293-26b5-4d67-bc5d-e905a6760a80:c6418, 994b73f6-7725-4304-b3a4-4941318c1d6c:c6417]
2019-07-08 19:54:21,453 INFO  client.GrpcClientProtocolClient (GrpcClientProtocolClient.java:onNext(255)) - client-A829F34C51A1->056ae293-26b5-4d67-bc5d-e905a6760a80: receive RaftClientReply:client-A829F34C51A1->056ae293-26b5-4d67-bc5d-e905a6760a80@group-50E32BB97A46, cid=4212, SUCCESS, logIndex=6415, commits[056ae293-26b5-4d67-bc5d-e905a6760a80:c6417, a428730f-9893-43cb-a585-e65a7e8859c8:c6414, 994b73f6-7725-4304-b3a4-4941318c1d6c:c6414]
2019-07-08 19:54:21,466 INFO  client.GrpcClientProtocolClient (GrpcClientProtocolClient.java:onNext(255)) - client-A829F34C51A1->056ae293-26b5-4d67-bc5d-e905a6760a80: receive RaftClientReply:client-A829F34C51A1->056ae293-26b5-4d67-bc5d-e905a6760a80@group-50E32BB97A46, cid=4213, SUCCESS, logIndex=6416, commits[056ae293-26b5-4d67-bc5d-e905a6760a80:c6417, a428730f-9893-43cb-a585-e65a7e8859c8:c6414, 994b73f6-7725-4304-b3a4-4941318c1d6c:c6414]
2019-07-08 19:54:21,466 INFO  client.GrpcClientProtocolClient (GrpcClientProtocolClient.java:onNext(255)) - client-A829F34C51A1->056ae293-26b5-4d67-bc5d-e905a6760a80: receive RaftClientReply:client-A829F34C51A1->056ae293-26b5-4d67-bc5d-e905a6760a80@group-50E32BB97A46, cid=4214, SUCCESS, logIndex=6417, commits[056ae293-26b5-4d67-bc5d-e905a6760a80:c6417, a428730f-9893-43cb-a585-e65a7e8859c8:c6414, 994b73f6-7725-4304-b3a4-4941318c1d6c:c6414]
2019-07-08 19:54:21,472 INFO  client.GrpcClientProtocolClient (GrpcClientProtocolClient.java:onNext(255)) - client-A829F34C51A1->056ae293-26b5-4d67-bc5d-e905a6760a80: receive RaftClientReply:client-A829F34C51A1->056ae293-26b5-4d67-bc5d-e905a6760a80@group-50E32BB97A46, cid=4215, SUCCESS, logIndex=0, commits[056ae293-26b5-4d67-bc5d-e905a6760a80:c6418, a428730f-9893-43cb-a585-e65a7e8859c8:c6418, 994b73f6-7725-4304-b3a4-4941318c1d6c:c6418]
2019-07-08 19:54:21,500 INFO  client.GrpcClientProtocolClient (GrpcClientProtocolClient.java:onNext(255)) - client-A829F34C51A1->056ae293-26b5-4d67-bc5d-e905a6760a80: receive RaftClientReply:client-A829F34C51A1->056ae293-26b5-4d67-bc5d-e905a6760a80@group-50E32BB97A46, cid=4216, SUCCESS, logIndex=6419, commits[056ae293-26b5-4d67-bc5d-e905a6760a80:c6420, a428730f-9893-43cb-a585-e65a7e8859c8:c6418, 994b73f6-7725-4304-b3a4-4941318c1d6c:c6418]
2019-07-08 19:54:21,500 INFO  client.GrpcClientProtocolClient (GrpcClientProtocolClient.java:onNext(255)) - client-A829F34C51A1->056ae293-26b5-4d67-bc5d-e905a6760a80: receive RaftClientReply:client-A829F34C51A1->056ae293-26b5-4d67-bc5d-e905a6760a80@group-50E32BB97A46, cid=4217, SUCCESS, logIndex=6420, commits[056ae293-26b5-4d67-bc5d-e905a6760a80:c6420, a428730f-9893-43cb-a585-e65a7e8859c8:c6418, 994b73f6-7725-4304-b3a4-4941318c1d6c:c6418]
2019-07-08 19:54:21,527 INFO  client.GrpcClientProtocolClient (GrpcClientProtocolClient.java:onNext(255)) - client-A829F34C51A1->056ae293-26b5-4d67-bc5d-e905a6760a80: receive RaftClientReply:client-A829F34C51A1->056ae293-26b5-4d67-bc5d-e905a6760a80@group-50E32BB97A46, cid=4218, SUCCESS, logIndex=6423, commits[056ae293-26b5-4d67-bc5d-e905a6760a80:c6424, a428730f-9893-43cb-a585-e65a7e8859c8:c6420, 994b73f6-7725-4304-b3a4-4941318c1d6c:c6420]
2019-07-08 19:54:21,527 INFO  client.GrpcClientProtocolClient (GrpcClientProtocolClient.java:onNext(255)) - client-A829F34C51A1->056ae293-26b5-4d67-bc5d-e905a6760a80: receive RaftClientReply:client-A829F34C51A1->056ae293-26b5-4d67-bc5d-e905a6760a80@group-50E32BB97A46, cid=4219, SUCCESS, logIndex=6424, commits[056ae293-26b5-4d67-bc5d-e905a6760a80:c6424, a428730f-9893-43cb-a585-e65a7e8859c8:c6420, 994b73f6-7725-4304-b3a4-4941318c1d6c:c6420]
2019-07-08 19:54:21,539 INFO  client.GrpcClientProtocolClient (GrpcClientProtocolClient.java:onNext(255)) - client-A829F34C51A1->056ae293-26b5-4d67-bc5d-e905a6760a80: receive RaftClientReply:client-A829F34C51A1->056ae293-26b5-4d67-bc5d-e905a6760a80@group-50E32BB97A46, cid=4220, SUCCESS, logIndex=0, commits[056ae293-26b5-4d67-bc5d-e905a6760a80:c6426, a428730f-9893-43cb-a585-e65a7e8859c8:c6424, 994b73f6-7725-4304-b3a4-4941318c1d6c:c6424]
 0.00% |█                                                                                                    |  0/1 Time: 0:01:172019-07-08 19:54:21,604 INFO  client.GrpcClientProtocolClient (GrpcClientProtocolClient.java:onNext(255)) - client-4C8F4A6855D6->a428730f-9893-43cb-a585-e65a7e8859c8: receive RaftClientReply:client-4C8F4A6855D6->a428730f-9893-43cb-a585-e65a7e8859c8@group-50E32BB97A46, cid=4221, FAILED org.apache.ratis.protocol.NotLeaderException: Server a428730f-9893-43cb-a585-e65a7e8859c8 is not the leader (056ae293-26b5-4d67-bc5d-e905a6760a80:192.168.157.252:35061). Request must be sent to leader., logIndex=0, commits[a428730f-9893-43cb-a585-e65a7e8859c8:c6424, 056ae293-26b5-4d67-bc5d-e905a6760a80:c6424, 994b73f6-7725-4304-b3a4-4941318c1d6c:c6420]
2019-07-08 19:54:21,650 INFO  client.GrpcClientProtocolClient (GrpcClientProtocolClient.java:onNext(255)) - client-4C8F4A6855D6->056ae293-26b5-4d67-bc5d-e905a6760a80: receive RaftClientReply:client-4C8F4A6855D6->056ae293-26b5-4d67-bc5d-e905a6760a80@group-50E32BB97A46, cid=4221, SUCCESS, logIndex=6427, commits[056ae293-26b5-4d67-bc5d-e905a6760a80:c6427, a428730f-9893-43cb-a585-e65a7e8859c8:c6426, 994b73f6-7725-4304-b3a4-4941318c1d6c:c6426]
2019-07-08 19:54:21,662 INFO  client.GrpcClientProtocolClient (GrpcClientProtocolClient.java:onNext(255)) - client-4C8F4A6855D6->056ae293-26b5-4d67-bc5d-e905a6760a80: receive RaftClientReply:client-4C8F4A6855D6->056ae293-26b5-4d67-bc5d-e905a6760a80@group-50E32BB97A46, cid=4222, SUCCESS, logIndex=6429, commits[056ae293-26b5-4d67-bc5d-e905a6760a80:c6429, a428730f-9893-43cb-a585-e65a7e8859c8:c6427, 994b73f6-7725-4304-b3a4-4941318c1d6c:c6427]
2019-07-08 19:54:21,675 INFO  client.GrpcClientProtocolClient (GrpcClientProtocolClient.java:onNext(255)) - client-4C8F4A6855D6->056ae293-26b5-4d67-bc5d-e905a6760a80: receive RaftClientReply:client-4C8F4A6855D6->056ae293-26b5-4d67-bc5d-e905a6760a80@group-50E32BB97A46, cid=4223, SUCCESS, logIndex=6430, commits[056ae293-26b5-4d67-bc5d-e905a6760a80:c6431, a428730f-9893-43cb-a585-e65a7e8859c8:c6428, 994b73f6-7725-4304-b3a4-4941318c1d6c:c6428]
2019-07-08 19:54:21,677 INFO  client.GrpcClientProtocolClient (GrpcClientProtocolClient.java:onNext(255)) - client-4C8F4A6855D6->056ae293-26b5-4d67-bc5d-e905a6760a80: receive RaftClientReply:client-4C8F4A6855D6->056ae293-26b5-4d67-bc5d-e905a6760a80@group-50E32BB97A46, cid=4224, SUCCESS, logIndex=6431, commits[056ae293-26b5-4d67-bc5d-e905a6760a80:c6432, a428730f-9893-43cb-a585-e65a7e8859c8:c6429, 994b73f6-7725-4304-b3a4-4941318c1d6c:c6429]
2019-07-08 19:54:21,701 INFO  client.GrpcClientProtocolClient (GrpcClientProtocolClient.java:onNext(255)) - client-4C8F4A6855D6->056ae293-26b5-4d67-bc5d-e905a6760a80: receive RaftClientReply:client-4C8F4A6855D6->056ae293-26b5-4d67-bc5d-e905a6760a80@group-50E32BB97A46, cid=4225, SUCCESS, logIndex=6435, commits[056ae293-26b5-4d67-bc5d-e905a6760a80:c6435, a428730f-9893-43cb-a585-e65a7e8859c8:c6431, 994b73f6-7725-4304-b3a4-4941318c1d6c:c6432]
2019-07-08 19:54:21,701 INFO  client.GrpcClientProtocolClient (GrpcClientProtocolClient.java:onNext(255)) - client-4C8F4A6855D6->056ae293-26b5-4d67-bc5d-e905a6760a80: receive RaftClientReply:client-4C8F4A6855D6->056ae293-26b5-4d67-bc5d-e905a6760a80@group-50E32BB97A46, cid=4226, SUCCESS, logIndex=6436, commits[056ae293-26b5-4d67-bc5d-e905a6760a80:c6436, a428730f-9893-43cb-a585-e65a7e8859c8:c6432, 994b73f6-7725-4304-b3a4-4941318c1d6c:c6432]
2019-07-08 19:54:21,734 INFO  client.GrpcClientProtocolClient (GrpcClientProtocolClient.java:onNext(255)) - client-4C8F4A6855D6->056ae293-26b5-4d67-bc5d-e905a6760a80: receive RaftClientReply:client-4C8F4A6855D6->056ae293-26b5-4d67-bc5d-e905a6760a80@group-50E32BB97A46, cid=4227, SUCCESS, logIndex=6439, commits[056ae293-26b5-4d67-bc5d-e905a6760a80:c6440, a428730f-9893-43cb-a585-e65a7e8859c8:c6438, 994b73f6-7725-4304-b3a4-4941318c1d6c:c6438]
2019-07-08 19:54:21,734 INFO  client.GrpcClientProtocolClient (GrpcClientProtocolClient.java:onNext(255)) - client-4C8F4A6855D6->056ae293-26b5-4d67-bc5d-e905a6760a80: receive RaftClientReply:client-4C8F4A6855D6->056ae293-26b5-4d67-bc5d-e905a6760a80@group-50E32BB97A46, cid=4228, SUCCESS, logIndex=6440, commits[056ae293-26b5-4d67-bc5d-e905a6760a80:c6440, a428730f-9893-43cb-a585-e65a7e8859c8:c6438, 994b73f6-7725-4304-b3a4-4941318c1d6c:c6438]
2019-07-08 19:54:21,745 INFO  client.GrpcClientProtocolClient (GrpcClientProtocolClient.java:onNext(255)) - client-4C8F4A6855D6->056ae293-26b5-4d67-bc5d-e905a6760a80: receive RaftClientReply:client-4C8F4A6855D6->056ae293-26b5-4d67-bc5d-e905a6760a80@group-50E32BB97A46, cid=4229, SUCCESS, logIndex=0, commits[056ae293-26b5-4d67-bc5d-e905a6760a80:c6441, a428730f-9893-43cb-a585-e65a7e8859c8:c6440, 994b73f6-7725-4304-b3a4-4941318c1d6c:c6440]
2019-07-08 19:54:21,788 INFO  client.GrpcClientProtocolClient (GrpcClientProtocolClient.java:onNext(255)) - client-4C8F4A6855D6->056ae293-26b5-4d67-bc5d-e905a6760a80: receive RaftClientReply:client-4C8F4A6855D6->056ae293-26b5-4d67-bc5d-e905a6760a80@group-50E32BB97A46, cid=4230, SUCCESS, logIndex=6443, commits[056ae293-26b5-4d67-bc5d-e905a6760a80:c6444, a428730f-9893-43cb-a585-e65a7e8859c8:c6442, 994b73f6-7725-4304-b3a4-4941318c1d6c:c6442]
2019-07-08 19:54:21,789 INFO  client.GrpcClientProtocolClient (GrpcClientProtocolClient.java:onNext(255)) - client-4C8F4A6855D6->056ae293-26b5-4d67-bc5d-e905a6760a80: receive RaftClientReply:client-4C8F4A6855D6->056ae293-26b5-4d67-bc5d-e905a6760a80@group-50E32BB97A46, cid=4231, SUCCESS, logIndex=6444, commits[056ae293-26b5-4d67-bc5d-e905a6760a80:c6446, a428730f-9893-43cb-a585-e65a7e8859c8:c6442, 994b73f6-7725-4304-b3a4-4941318c1d6c:c6442]
2019-07-08 19:54:21,789 INFO  client.GrpcClientProtocolClient (GrpcClientProtocolClient.java:onNext(255)) - client-4C8F4A6855D6->056ae293-26b5-4d67-bc5d-e905a6760a80: receive RaftClientReply:client-4C8F4A6855D6->056ae293-26b5-4d67-bc5d-e905a6760a80@group-50E32BB97A46, cid=4232, SUCCESS, logIndex=6445, commits[056ae293-26b5-4d67-bc5d-e905a6760a80:c6446, a428730f-9893-43cb-a585-e65a7e8859c8:c6442, 994b73f6-7725-4304-b3a4-4941318c1d6c:c6442]
2019-07-08 19:54:21,789 INFO  client.GrpcClientProtocolClient (GrpcClientProtocolClient.java:onNext(255)) - client-4C8F4A6855D6->056ae293-26b5-4d67-bc5d-e905a6760a80: receive RaftClientReply:client-4C8F4A6855D6->056ae293-26b5-4d67-bc5d-e905a6760a80@group-50E32BB97A46, cid=4233, SUCCESS, logIndex=6446, commits[056ae293-26b5-4d67-bc5d-e905a6760a80:c6446, a428730f-9893-43cb-a585-e65a7e8859c8:c6442, 994b73f6-7725-4304-b3a4-4941318c1d6c:c6442]
2019-07-08 19:54:21,790 INFO  client.GrpcClientProtocolClient (GrpcClientProtocolClient.java:onNext(255)) - client-4C8F4A6855D6->056ae293-26b5-4d67-bc5d-e905a6760a80: receive RaftClientReply:client-4C8F4A6855D6->056ae293-26b5-4d67-bc5d-e905a6760a80@group-50E32BB97A46, cid=4234, SUCCESS, logIndex=0, commits[056ae293-26b5-4d67-bc5d-e905a6760a80:c6448, a428730f-9893-43cb-a585-e65a7e8859c8:c6444, 994b73f6-7725-4304-b3a4-4941318c1d6c:c6444]
2019-07-08 19:54:21,812 INFO  client.GrpcClientProtocolClient (GrpcClientProtocolClient.java:onNext(255)) - client-4C8F4A6855D6->056ae293-26b5-4d67-bc5d-e905a6760a80: receive RaftClientReply:client-4C8F4A6855D6->056ae293-26b5-4d67-bc5d-e905a6760a80@group-50E32BB97A46, cid=4235, SUCCESS, logIndex=6450, commits[056ae293-26b5-4d67-bc5d-e905a6760a80:c6451, a428730f-9893-43cb-a585-e65a7e8859c8:c6449, 994b73f6-7725-4304-b3a4-4941318c1d6c:c6449]
2019-07-08 19:54:21,813 INFO  client.GrpcClientProtocolClient (GrpcClientProtocolClient.java:onNext(255)) - client-4C8F4A6855D6->056ae293-26b5-4d67-bc5d-e905a6760a80: receive RaftClientReply:client-4C8F4A6855D6->056ae293-26b5-4d67-bc5d-e905a6760a80@group-50E32BB97A46, cid=4236, SUCCESS, logIndex=6451, commits[056ae293-26b5-4d67-bc5d-e905a6760a80:c6451, a428730f-9893-43cb-a585-e65a7e8859c8:c6449, 994b73f6-7725-4304-b3a4-4941318c1d6c:c6449]
2019-07-08 19:54:21,837 INFO  client.GrpcClientProtocolClient (GrpcClientProtocolClient.java:onNext(255)) - client-4C8F4A6855D6->056ae293-26b5-4d67-bc5d-e905a6760a80: receive RaftClientReply:client-4C8F4A6855D6->056ae293-26b5-4d67-bc5d-e905a6760a80@group-50E32BB97A46, cid=4237, SUCCESS, logIndex=6454, commits[056ae293-26b5-4d67-bc5d-e905a6760a80:c6454, a428730f-9893-43cb-a585-e65a7e8859c8:c6450, 994b73f6-7725-4304-b3a4-4941318c1d6c:c6451]
2019-07-08 19:54:21,837 INFO  client.GrpcClientProtocolClient (GrpcClientProtocolClient.java:onNext(255)) - client-4C8F4A6855D6->056ae293-26b5-4d67-bc5d-e905a6760a80: receive RaftClientReply:client-4C8F4A6855D6->056ae293-26b5-4d67-bc5d-e905a6760a80@group-50E32BB97A46, cid=4238, SUCCESS, logIndex=6455, commits[056ae293-26b5-4d67-bc5d-e905a6760a80:c6455, a428730f-9893-43cb-a585-e65a7e8859c8:c6451, 994b73f6-7725-4304-b3a4-4941318c1d6c:c6451]
2019-07-08 19:54:21,850 INFO  client.GrpcClientProtocolClient (GrpcClientProtocolClient.java:onNext(255)) - client-4C8F4A6855D6->056ae293-26b5-4d67-bc5d-e905a6760a80: receive RaftClientReply:client-4C8F4A6855D6->056ae293-26b5-4d67-bc5d-e905a6760a80@group-50E32BB97A46, cid=4239, SUCCESS, logIndex=0, commits[056ae293-26b5-4d67-bc5d-e905a6760a80:c6457, a428730f-9893-43cb-a585-e65a7e8859c8:c6455, 994b73f6-7725-4304-b3a4-4941318c1d6c:c6455]
2019-07-08 19:54:21,889 INFO  client.GrpcClientProtocolClient (GrpcClientProtocolClient.java:onNext(255)) - client-4C8F4A6855D6->056ae293-26b5-4d67-bc5d-e905a6760a80: receive RaftClientReply:client-4C8F4A6855D6->056ae293-26b5-4d67-bc5d-e905a6760a80@group-50E32BB97A46, cid=4240, SUCCESS, logIndex=6458, commits[056ae293-26b5-4d67-bc5d-e905a6760a80:c6459, a428730f-9893-43cb-a585-e65a7e8859c8:c6457, 994b73f6-7725-4304-b3a4-4941318c1d6c:c6457]
2019-07-08 19:54:21,890 INFO  client.GrpcClientProtocolClient (GrpcClientProtocolClient.java:onNext(255)) - client-4C8F4A6855D6->056ae293-26b5-4d67-bc5d-e905a6760a80: receive RaftClientReply:client-4C8F4A6855D6->056ae293-26b5-4d67-bc5d-e905a6760a80@group-50E32BB97A46, cid=4241, SUCCESS, logIndex=6459, commits[056ae293-26b5-4d67-bc5d-e905a6760a80:c6461, a428730f-9893-43cb-a585-e65a7e8859c8:c6457, 994b73f6-7725-4304-b3a4-4941318c1d6c:c6457]
2019-07-08 19:54:21,890 INFO  client.GrpcClientProtocolClient (GrpcClientProtocolClient.java:onNext(255)) - client-4C8F4A6855D6->056ae293-26b5-4d67-bc5d-e905a6760a80: receive RaftClientReply:client-4C8F4A6855D6->056ae293-26b5-4d67-bc5d-e905a6760a80@group-50E32BB97A46, cid=4242, SUCCESS, logIndex=6460, commits[056ae293-26b5-4d67-bc5d-e905a6760a80:c6461, a428730f-9893-43cb-a585-e65a7e8859c8:c6457, 994b73f6-7725-4304-b3a4-4941318c1d6c:c6457]
2019-07-08 19:54:21,891 INFO  client.GrpcClientProtocolClient (GrpcClientProtocolClient.java:onNext(255)) - client-4C8F4A6855D6->056ae293-26b5-4d67-bc5d-e905a6760a80: receive RaftClientReply:client-4C8F4A6855D6->056ae293-26b5-4d67-bc5d-e905a6760a80@group-50E32BB97A46, cid=4243, SUCCESS, logIndex=6461, commits[056ae293-26b5-4d67-bc5d-e905a6760a80:c6461, a428730f-9893-43cb-a585-e65a7e8859c8:c6457, 994b73f6-7725-4304-b3a4-4941318c1d6c:c6457]
2019-07-08 19:54:21,892 INFO  client.GrpcClientProtocolClient (GrpcClientProtocolClient.java:onNext(255)) - client-4C8F4A6855D6->056ae293-26b5-4d67-bc5d-e905a6760a80: receive RaftClientReply:client-4C8F4A6855D6->056ae293-26b5-4d67-bc5d-e905a6760a80@group-50E32BB97A46, cid=4244, SUCCESS, logIndex=0, commits[056ae293-26b5-4d67-bc5d-e905a6760a80:c6465, a428730f-9893-43cb-a585-e65a7e8859c8:c6461, 994b73f6-7725-4304-b3a4-4941318c1d6c:c6459]
2019-07-08 19:54:21,913 INFO  client.GrpcClientProtocolClient (GrpcClientProtocolClient.java:onNext(255)) - client-4C8F4A6855D6->056ae293-26b5-4d67-bc5d-e905a6760a80: receive RaftClientReply:client-4C8F4A6855D6->056ae293-26b5-4d67-bc5d-e905a6760a80@group-50E32BB97A46, cid=4245, SUCCESS, logIndex=6466, commits[056ae293-26b5-4d67-bc5d-e905a6760a80:c6467, a428730f-9893-43cb-a585-e65a7e8859c8:c6465, 994b73f6-7725-4304-b3a4-4941318c1d6c:c6465]
2019-07-08 19:54:21,913 INFO  client.GrpcClientProtocolClient (GrpcClientProtocolClient.java:onNext(255)) - client-4C8F4A6855D6->056ae293-26b5-4d67-bc5d-e905a6760a80: receive RaftClientReply:client-4C8F4A6855D6->056ae293-26b5-4d67-bc5d-e905a6760a80@group-50E32BB97A46, cid=4246, SUCCESS, logIndex=6467, commits[056ae293-26b5-4d67-bc5d-e905a6760a80:c6467, a428730f-9893-43cb-a585-e65a7e8859c8:c6465, 994b73f6-7725-4304-b3a4-4941318c1d6c:c6465]
2019-07-08 19:54:21,926 INFO  client.GrpcClientProtocolClient (GrpcClientProtocolClient.java:onNext(255)) - client-4C8F4A6855D6->056ae293-26b5-4d67-bc5d-e905a6760a80: receive RaftClientReply:client-4C8F4A6855D6->056ae293-26b5-4d67-bc5d-e905a6760a80@group-50E32BB97A46, cid=4247, SUCCESS, logIndex=6470, commits[056ae293-26b5-4d67-bc5d-e905a6760a80:c6471, a428730f-9893-43cb-a585-e65a7e8859c8:c6467, 994b73f6-7725-4304-b3a4-4941318c1d6c:c6467]
2019-07-08 19:54:21,927 INFO  client.GrpcClientProtocolClient (GrpcClientProtocolClient.java:onNext(255)) - client-4C8F4A6855D6->056ae293-26b5-4d67-bc5d-e905a6760a80: receive RaftClientReply:client-4C8F4A6855D6->056ae293-26b5-4d67-bc5d-e905a6760a80@group-50E32BB97A46, cid=4248, SUCCESS, logIndex=6471, commits[056ae293-26b5-4d67-bc5d-e905a6760a80:c6471, a428730f-9893-43cb-a585-e65a7e8859c8:c6467, 994b73f6-7725-4304-b3a4-4941318c1d6c:c6467]
2019-07-08 19:54:21,939 INFO  client.GrpcClientProtocolClient (GrpcClientProtocolClient.java:onNext(255)) - client-4C8F4A6855D6->056ae293-26b5-4d67-bc5d-e905a6760a80: receive RaftClientReply:client-4C8F4A6855D6->056ae293-26b5-4d67-bc5d-e905a6760a80@group-50E32BB97A46, cid=4249, SUCCESS, logIndex=0, commits[056ae293-26b5-4d67-bc5d-e905a6760a80:c6473, a428730f-9893-43cb-a585-e65a7e8859c8:c6471, 994b73f6-7725-4304-b3a4-4941318c1d6c:c6471]
2019-07-08 19:54:21,966 INFO  client.GrpcClientProtocolClient (GrpcClientProtocolClient.java:onNext(255)) - client-4C8F4A6855D6->056ae293-26b5-4d67-bc5d-e905a6760a80: receive RaftClientReply:client-4C8F4A6855D6->056ae293-26b5-4d67-bc5d-e905a6760a80@group-50E32BB97A46, cid=4250, SUCCESS, logIndex=6474, commits[056ae293-26b5-4d67-bc5d-e905a6760a80:c6475, a428730f-9893-43cb-a585-e65a7e8859c8:c6473, 994b73f6-7725-4304-b3a4-4941318c1d6c:c6471]
2019-07-08 19:54:21,967 INFO  client.GrpcClientProtocolClient (GrpcClientProtocolClient.java:onNext(255)) - client-4C8F4A6855D6->056ae293-26b5-4d67-bc5d-e905a6760a80: receive RaftClientReply:client-4C8F4A6855D6->056ae293-26b5-4d67-bc5d-e905a6760a80@group-50E32BB97A46, cid=4251, SUCCESS, logIndex=6475, commits[056ae293-26b5-4d67-bc5d-e905a6760a80:c6475, a428730f-9893-43cb-a585-e65a7e8859c8:c6473, 994b73f6-7725-4304-b3a4-4941318c1d6c:c6473]
2019-07-08 19:54:21,994 INFO  client.GrpcClientProtocolClient (GrpcClientProtocolClient.java:onNext(255)) - client-4C8F4A6855D6->056ae293-26b5-4d67-bc5d-e905a6760a80: receive RaftClientReply:client-4C8F4A6855D6->056ae293-26b5-4d67-bc5d-e905a6760a80@group-50E32BB97A46, cid=4252, SUCCESS, logIndex=6476, commits[056ae293-26b5-4d67-bc5d-e905a6760a80:c6477, a428730f-9893-43cb-a585-e65a7e8859c8:c6473, 994b73f6-7725-4304-b3a4-4941318c1d6c:c6473]
2019-07-08 19:54:21,995 INFO  client.GrpcClientProtocolClient (GrpcClientProtocolClient.java:onNext(255)) - client-4C8F4A6855D6->056ae293-26b5-4d67-bc5d-e905a6760a80: receive RaftClientReply:client-4C8F4A6855D6->056ae293-26b5-4d67-bc5d-e905a6760a80@group-50E32BB97A46, cid=4253, SUCCESS, logIndex=6477, commits[056ae293-26b5-4d67-bc5d-e905a6760a80:c6479, a428730f-9893-43cb-a585-e65a7e8859c8:c6475, 994b73f6-7725-4304-b3a4-4941318c1d6c:c6475]
2019-07-08 19:54:22,017 INFO  client.GrpcClientProtocolClient (GrpcClientProtocolClient.java:onNext(255)) - client-4C8F4A6855D6->056ae293-26b5-4d67-bc5d-e905a6760a80: receive RaftClientReply:client-4C8F4A6855D6->056ae293-26b5-4d67-bc5d-e905a6760a80@group-50E32BB97A46, cid=4254, SUCCESS, logIndex=6482, commits[056ae293-26b5-4d67-bc5d-e905a6760a80:c6483, a428730f-9893-43cb-a585-e65a7e8859c8:c6479, 994b73f6-7725-4304-b3a4-4941318c1d6c:c6477]
2019-07-08 19:54:22,018 INFO  client.GrpcClientProtocolClient (GrpcClientProtocolClient.java:onNext(255)) - client-4C8F4A6855D6->056ae293-26b5-4d67-bc5d-e905a6760a80: receive RaftClientReply:client-4C8F4A6855D6->056ae293-26b5-4d67-bc5d-e905a6760a80@group-50E32BB97A46, cid=4255, SUCCESS, logIndex=6483, commits[056ae293-26b5-4d67-bc5d-e905a6760a80:c6483, a428730f-9893-43cb-a585-e65a7e8859c8:c6479, 994b73f6-7725-4304-b3a4-4941318c1d6c:c6479]
2019-07-08 19:54:22,039 INFO  client.GrpcClientProtocolClient (GrpcClientProtocolClient.java:onNext(255)) - client-4C8F4A6855D6->056ae293-26b5-4d67-bc5d-e905a6760a80: receive RaftClientReply:client-4C8F4A6855D6->056ae293-26b5-4d67-bc5d-e905a6760a80@group-50E32BB97A46, cid=4256, SUCCESS, logIndex=6486, commits[056ae293-26b5-4d67-bc5d-e905a6760a80:c6487, a428730f-9893-43cb-a585-e65a7e8859c8:c6485, 994b73f6-7725-4304-b3a4-4941318c1d6c:c6485]
2019-07-08 19:54:22,039 INFO  client.GrpcClientProtocolClient (GrpcClientProtocolClient.java:onNext(255)) - client-4C8F4A6855D6->056ae293-26b5-4d67-bc5d-e905a6760a80: receive RaftClientReply:client-4C8F4A6855D6->056ae293-26b5-4d67-bc5d-e905a6760a80@group-50E32BB97A46, cid=4257, SUCCESS, logIndex=6487, commits[056ae293-26b5-4d67-bc5d-e905a6760a80:c6487, a428730f-9893-43cb-a585-e65a7e8859c8:c6485, 994b73f6-7725-4304-b3a4-4941318c1d6c:c6485]
2019-07-08 19:54:22,051 INFO  client.GrpcClientProtocolClient (GrpcClientProtocolClient.java:onNext(255)) - client-4C8F4A6855D6->056ae293-26b5-4d67-bc5d-e905a6760a80: receive RaftClientReply:client-4C8F4A6855D6->056ae293-26b5-4d67-bc5d-e905a6760a80@group-50E32BB97A46, cid=4258, SUCCESS, logIndex=0, commits[056ae293-26b5-4d67-bc5d-e905a6760a80:c6489, a428730f-9893-43cb-a585-e65a7e8859c8:c6487, 994b73f6-7725-4304-b3a4-4941318c1d6c:c6487]
2019-07-08 19:54:22,088 INFO  client.GrpcClientProtocolClient (GrpcClientProtocolClient.java:onNext(255)) - client-4C8F4A6855D6->056ae293-26b5-4d67-bc5d-e905a6760a80: receive RaftClientReply:client-4C8F4A6855D6->056ae293-26b5-4d67-bc5d-e905a6760a80@group-50E32BB97A46, cid=4259, SUCCESS, logIndex=6490, commits[056ae293-26b5-4d67-bc5d-e905a6760a80:c6492, a428730f-9893-43cb-a585-e65a7e8859c8:c6489, 994b73f6-7725-4304-b3a4-4941318c1d6c:c6489]
2019-07-08 19:54:22,089 INFO  client.GrpcClientProtocolClient (GrpcClientProtocolClient.java:onNext(255)) - client-4C8F4A6855D6->056ae293-26b5-4d67-bc5d-e905a6760a80: receive RaftClientReply:client-4C8F4A6855D6->056ae293-26b5-4d67-bc5d-e905a6760a80@group-50E32BB97A46, cid=4260, SUCCESS, logIndex=6491, commits[056ae293-26b5-4d67-bc5d-e905a6760a80:c6493, a428730f-9893-43cb-a585-e65a7e8859c8:c6489, 994b73f6-7725-4304-b3a4-4941318c1d6c:c6489]
2019-07-08 19:54:22,089 INFO  client.GrpcClientProtocolClient (GrpcClientProtocolClient.java:onNext(255)) - client-4C8F4A6855D6->056ae293-26b5-4d67-bc5d-e905a6760a80: receive RaftClientReply:client-4C8F4A6855D6->056ae293-26b5-4d67-bc5d-e905a6760a80@group-50E32BB97A46, cid=4261, SUCCESS, logIndex=6492, commits[056ae293-26b5-4d67-bc5d-e905a6760a80:c6493, a428730f-9893-43cb-a585-e65a7e8859c8:c6489, 994b73f6-7725-4304-b3a4-4941318c1d6c:c6489]
2019-07-08 19:54:22,089 INFO  client.GrpcClientProtocolClient (GrpcClientProtocolClient.java:onNext(255)) - client-4C8F4A6855D6->056ae293-26b5-4d67-bc5d-e905a6760a80: receive RaftClientReply:client-4C8F4A6855D6->056ae293-26b5-4d67-bc5d-e905a6760a80@group-50E32BB97A46, cid=4262, SUCCESS, logIndex=6493, commits[056ae293-26b5-4d67-bc5d-e905a6760a80:c6493, a428730f-9893-43cb-a585-e65a7e8859c8:c6489, 994b73f6-7725-4304-b3a4-4941318c1d6c:c6489]
2019-07-08 19:54:22,091 INFO  client.GrpcClientProtocolClient (GrpcClientProtocolClient.java:onNext(255)) - client-4C8F4A6855D6->056ae293-26b5-4d67-bc5d-e905a6760a80: receive RaftClientReply:client-4C8F4A6855D6->056ae293-26b5-4d67-bc5d-e905a6760a80@group-50E32BB97A46, cid=4263, SUCCESS, logIndex=0, commits[056ae293-26b5-4d67-bc5d-e905a6760a80:c6497, a428730f-9893-43cb-a585-e65a7e8859c8:c6491, 994b73f6-7725-4304-b3a4-4941318c1d6c:c6493]
2019-07-08 19:54:22,111 INFO  client.GrpcClientProtocolClient (GrpcClientProtocolClient.java:onNext(255)) - client-4C8F4A6855D6->056ae293-26b5-4d67-bc5d-e905a6760a80: receive RaftClientReply:client-4C8F4A6855D6->056ae293-26b5-4d67-bc5d-e905a6760a80@group-50E32BB97A46, cid=4264, SUCCESS, logIndex=6498, commits[056ae293-26b5-4d67-bc5d-e905a6760a80:c6499, a428730f-9893-43cb-a585-e65a7e8859c8:c6497, 994b73f6-7725-4304-b3a4-4941318c1d6c:c6497]
2019-07-08 19:54:22,111 INFO  client.GrpcClientProtocolClient (GrpcClientProtocolClient.java:onNext(255)) - client-4C8F4A6855D6->056ae293-26b5-4d67-bc5d-e905a6760a80: receive RaftClientReply:client-4C8F4A6855D6->056ae293-26b5-4d67-bc5d-e905a6760a80@group-50E32BB97A46, cid=4265, SUCCESS, logIndex=6499, commits[056ae293-26b5-4d67-bc5d-e905a6760a80:c6499, a428730f-9893-43cb-a585-e65a7e8859c8:c6497, 994b73f6-7725-4304-b3a4-4941318c1d6c:c6497]
2019-07-08 19:54:22,124 INFO  client.GrpcClientProtocolClient (GrpcClientProtocolClient.java:onNext(255)) - client-4C8F4A6855D6->056ae293-26b5-4d67-bc5d-e905a6760a80: receive RaftClientReply:client-4C8F4A6855D6->056ae293-26b5-4d67-bc5d-e905a6760a80@group-50E32BB97A46, cid=4266, SUCCESS, logIndex=6502, commits[056ae293-26b5-4d67-bc5d-e905a6760a80:c6503, a428730f-9893-43cb-a585-e65a7e8859c8:c6499, 994b73f6-7725-4304-b3a4-4941318c1d6c:c6499]
2019-07-08 19:54:22,124 INFO  client.GrpcClientProtocolClient (GrpcClientProtocolClient.java:onNext(255)) - client-4C8F4A6855D6->056ae293-26b5-4d67-bc5d-e905a6760a80: receive RaftClientReply:client-4C8F4A6855D6->056ae293-26b5-4d67-bc5d-e905a6760a80@group-50E32BB97A46, cid=4267, SUCCESS, logIndex=6503, commits[056ae293-26b5-4d67-bc5d-e905a6760a80:c6503, a428730f-9893-43cb-a585-e65a7e8859c8:c6499, 994b73f6-7725-4304-b3a4-4941318c1d6c:c6499]
2019-07-08 19:54:22,137 INFO  client.GrpcClientProtocolClient (GrpcClientProtocolClient.java:onNext(255)) - client-4C8F4A6855D6->056ae293-26b5-4d67-bc5d-e905a6760a80: receive RaftClientReply:client-4C8F4A6855D6->056ae293-26b5-4d67-bc5d-e905a6760a80@group-50E32BB97A46, cid=4268, SUCCESS, logIndex=0, commits[056ae293-26b5-4d67-bc5d-e905a6760a80:c6505, a428730f-9893-43cb-a585-e65a7e8859c8:c6503, 994b73f6-7725-4304-b3a4-4941318c1d6c:c6503]
2019-07-08 19:54:22,173 INFO  client.GrpcClientProtocolClient (GrpcClientProtocolClient.java:onNext(255)) - client-4C8F4A6855D6->056ae293-26b5-4d67-bc5d-e905a6760a80: receive RaftClientReply:client-4C8F4A6855D6->056ae293-26b5-4d67-bc5d-e905a6760a80@group-50E32BB97A46, cid=4269, SUCCESS, logIndex=6506, commits[056ae293-26b5-4d67-bc5d-e905a6760a80:c6508, a428730f-9893-43cb-a585-e65a7e8859c8:c6505, 994b73f6-7725-4304-b3a4-4941318c1d6c:c6505]
2019-07-08 19:54:22,289 INFO  client.GrpcClientProtocolClient (GrpcClientProtocolClient.java:onNext(255)) - client-4C8F4A6855D6->056ae293-26b5-4d67-bc5d-e905a6760a80: receive RaftClientReply:client-4C8F4A6855D6->056ae293-26b5-4d67-bc5d-e905a6760a80@group-50E32BB97A46, cid=4270, SUCCESS, logIndex=6507, commits[056ae293-26b5-4d67-bc5d-e905a6760a80:c6509, a428730f-9893-43cb-a585-e65a7e8859c8:c6505, 994b73f6-7725-4304-b3a4-4941318c1d6c:c6505]
2019-07-08 19:54:22,290 INFO  client.GrpcClientProtocolClient (GrpcClientProtocolClient.java:onNext(255)) - client-4C8F4A6855D6->056ae293-26b5-4d67-bc5d-e905a6760a80: receive RaftClientReply:client-4C8F4A6855D6->056ae293-26b5-4d67-bc5d-e905a6760a80@group-50E32BB97A46, cid=4271, SUCCESS, logIndex=6508, commits[056ae293-26b5-4d67-bc5d-e905a6760a80:c6509, a428730f-9893-43cb-a585-e65a7e8859c8:c6505, 994b73f6-7725-4304-b3a4-4941318c1d6c:c6505]
2019-07-08 19:54:22,290 INFO  client.GrpcClientProtocolClient (GrpcClientProtocolClient.java:onNext(255)) - client-4C8F4A6855D6->056ae293-26b5-4d67-bc5d-e905a6760a80: receive RaftClientReply:client-4C8F4A6855D6->056ae293-26b5-4d67-bc5d-e905a6760a80@group-50E32BB97A46, cid=4272, SUCCESS, logIndex=6509, commits[056ae293-26b5-4d67-bc5d-e905a6760a80:c6509, a428730f-9893-43cb-a585-e65a7e8859c8:c6505, 994b73f6-7725-4304-b3a4-4941318c1d6c:c6505]
2019-07-08 19:54:22,299 INFO  client.GrpcClientProtocolClient (GrpcClientProtocolClient.java:onNext(255)) - client-4C8F4A6855D6->056ae293-26b5-4d67-bc5d-e905a6760a80: receive RaftClientReply:client-4C8F4A6855D6->056ae293-26b5-4d67-bc5d-e905a6760a80@group-50E32BB97A46, cid=4273, SUCCESS, logIndex=0, commits[056ae293-26b5-4d67-bc5d-e905a6760a80:c6512, a428730f-9893-43cb-a585-e65a7e8859c8:c6507, 994b73f6-7725-4304-b3a4-4941318c1d6c:c6508]
2019-07-08 19:54:22,320 INFO  client.GrpcClientProtocolClient (GrpcClientProtocolClient.java:onNext(255)) - client-4C8F4A6855D6->056ae293-26b5-4d67-bc5d-e905a6760a80: receive RaftClientReply:client-4C8F4A6855D6->056ae293-26b5-4d67-bc5d-e905a6760a80@group-50E32BB97A46, cid=4274, SUCCESS, logIndex=6514, commits[056ae293-26b5-4d67-bc5d-e905a6760a80:c6515, a428730f-9893-43cb-a585-e65a7e8859c8:c6513, 994b73f6-7725-4304-b3a4-4941318c1d6c:c6513]
2019-07-08 19:54:22,321 INFO  client.GrpcClientProtocolClient (GrpcClientProtocolClient.java:onNext(255)) - client-4C8F4A6855D6->056ae293-26b5-4d67-bc5d-e905a6760a80: receive RaftClientReply:client-4C8F4A6855D6->056ae293-26b5-4d67-bc5d-e905a6760a80@group-50E32BB97A46, cid=4275, SUCCESS, logIndex=6515, commits[056ae293-26b5-4d67-bc5d-e905a6760a80:c6515, a428730f-9893-43cb-a585-e65a7e8859c8:c6513, 994b73f6-7725-4304-b3a4-4941318c1d6c:c6513]
2019-07-08 19:54:22,333 INFO  client.GrpcClientProtocolClient (GrpcClientProtocolClient.java:onNext(255)) - client-4C8F4A6855D6->056ae293-26b5-4d67-bc5d-e905a6760a80: receive RaftClientReply:client-4C8F4A6855D6->056ae293-26b5-4d67-bc5d-e905a6760a80@group-50E32BB97A46, cid=4276, SUCCESS, logIndex=6518, commits[056ae293-26b5-4d67-bc5d-e905a6760a80:c6519, a428730f-9893-43cb-a585-e65a7e8859c8:c6515, 994b73f6-7725-4304-b3a4-4941318c1d6c:c6515]
2019-07-08 19:54:22,334 INFO  client.GrpcClientProtocolClient (GrpcClientProtocolClient.java:onNext(255)) - client-4C8F4A6855D6->056ae293-26b5-4d67-bc5d-e905a6760a80: receive RaftClientReply:client-4C8F4A6855D6->056ae293-26b5-4d67-bc5d-e905a6760a80@group-50E32BB97A46, cid=4277, SUCCESS, logIndex=6519, commits[056ae293-26b5-4d67-bc5d-e905a6760a80:c6519, a428730f-9893-43cb-a585-e65a7e8859c8:c6515, 994b73f6-7725-4304-b3a4-4941318c1d6c:c6515]
2019-07-08 19:54:22,346 INFO  client.GrpcClientProtocolClient (GrpcClientProtocolClient.java:onNext(255)) - client-4C8F4A6855D6->056ae293-26b5-4d67-bc5d-e905a6760a80: receive RaftClientReply:client-4C8F4A6855D6->056ae293-26b5-4d67-bc5d-e905a6760a80@group-50E32BB97A46, cid=4278, SUCCESS, logIndex=0, commits[056ae293-26b5-4d67-bc5d-e905a6760a80:c6520, a428730f-9893-43cb-a585-e65a7e8859c8:c6519, 994b73f6-7725-4304-b3a4-4941318c1d6c:c6519]
2019-07-08 19:54:22,382 INFO  client.GrpcClientProtocolClient (GrpcClientProtocolClient.java:onNext(255)) - client-4C8F4A6855D6->056ae293-26b5-4d67-bc5d-e905a6760a80: receive RaftClientReply:client-4C8F4A6855D6->056ae293-26b5-4d67-bc5d-e905a6760a80@group-50E32BB97A46, cid=4279, SUCCESS, logIndex=6522, commits[056ae293-26b5-4d67-bc5d-e905a6760a80:c6523, a428730f-9893-43cb-a585-e65a7e8859c8:c6521, 994b73f6-7725-4304-b3a4-4941318c1d6c:c6521]
2019-07-08 19:54:22,383 INFO  client.GrpcClientProtocolClient (GrpcClientProtocolClient.java:onNext(255)) - client-4C8F4A6855D6->056ae293-26b5-4d67-bc5d-e905a6760a80: receive RaftClientReply:client-4C8F4A6855D6->056ae293-26b5-4d67-bc5d-e905a6760a80@group-50E32BB97A46, cid=4280, SUCCESS, logIndex=6523, commits[056ae293-26b5-4d67-bc5d-e905a6760a80:c6524, a428730f-9893-43cb-a585-e65a7e8859c8:c6521, 994b73f6-7725-4304-b3a4-4941318c1d6c:c6521]
2019-07-08 19:54:22,383 INFO  client.GrpcClientProtocolClient (GrpcClientProtocolClient.java:onNext(255)) - client-4C8F4A6855D6->056ae293-26b5-4d67-bc5d-e905a6760a80: receive RaftClientReply:client-4C8F4A6855D6->056ae293-26b5-4d67-bc5d-e905a6760a80@group-50E32BB97A46, cid=4281, SUCCESS, logIndex=6524, commits[056ae293-26b5-4d67-bc5d-e905a6760a80:c6524, a428730f-9893-43cb-a585-e65a7e8859c8:c6521, 994b73f6-7725-4304-b3a4-4941318c1d6c:c6521]
2019-07-08 19:54:22,384 INFO  client.GrpcClientProtocolClient (GrpcClientProtocolClient.java:onNext(255)) - client-4C8F4A6855D6->056ae293-26b5-4d67-bc5d-e905a6760a80: receive RaftClientReply:client-4C8F4A6855D6->056ae293-26b5-4d67-bc5d-e905a6760a80@group-50E32BB97A46, cid=4282, SUCCESS, logIndex=6525, commits[056ae293-26b5-4d67-bc5d-e905a6760a80:c6525, a428730f-9893-43cb-a585-e65a7e8859c8:c6521, 994b73f6-7725-4304-b3a4-4941318c1d6c:c6521]
2019-07-08 19:54:22,385 INFO  client.GrpcClientProtocolClient (GrpcClientProtocolClient.java:onNext(255)) - client-4C8F4A6855D6->056ae293-26b5-4d67-bc5d-e905a6760a80: receive RaftClientReply:client-4C8F4A6855D6->056ae293-26b5-4d67-bc5d-e905a6760a80@group-50E32BB97A46, cid=4283, SUCCESS, logIndex=0, commits[056ae293-26b5-4d67-bc5d-e905a6760a80:c6529, a428730f-9893-43cb-a585-e65a7e8859c8:c6524, 994b73f6-7725-4304-b3a4-4941318c1d6c:c6525]
2019-07-08 19:54:22,406 INFO  client.GrpcClientProtocolClient (GrpcClientProtocolClient.java:onNext(255)) - client-4C8F4A6855D6->056ae293-26b5-4d67-bc5d-e905a6760a80: receive RaftClientReply:client-4C8F4A6855D6->056ae293-26b5-4d67-bc5d-e905a6760a80@group-50E32BB97A46, cid=4284, SUCCESS, logIndex=6530, commits[056ae293-26b5-4d67-bc5d-e905a6760a80:c6531, a428730f-9893-43cb-a585-e65a7e8859c8:c6529, 994b73f6-7725-4304-b3a4-4941318c1d6c:c6529]
2019-07-08 19:54:22,406 INFO  client.GrpcClientProtocolClient (GrpcClientProtocolClient.java:onNext(255)) - client-4C8F4A6855D6->056ae293-26b5-4d67-bc5d-e905a6760a80: receive RaftClientReply:client-4C8F4A6855D6->056ae293-26b5-4d67-bc5d-e905a6760a80@group-50E32BB97A46, cid=4285, SUCCESS, logIndex=6531, commits[056ae293-26b5-4d67-bc5d-e905a6760a80:c6531, a428730f-9893-43cb-a585-e65a7e8859c8:c6529, 994b73f6-7725-4304-b3a4-4941318c1d6c:c6529]
2019-07-08 19:54:22,419 INFO  client.GrpcClientProtocolClient (GrpcClientProtocolClient.java:onNext(255)) - client-4C8F4A6855D6->056ae293-26b5-4d67-bc5d-e905a6760a80: receive RaftClientReply:client-4C8F4A6855D6->056ae293-26b5-4d67-bc5d-e905a6760a80@group-50E32BB97A46, cid=4286, SUCCESS, logIndex=6534, commits[056ae293-26b5-4d67-bc5d-e905a6760a80:c6535, a428730f-9893-43cb-a585-e65a7e8859c8:c6531, 994b73f6-7725-4304-b3a4-4941318c1d6c:c6531]
2019-07-08 19:54:22,420 INFO  client.GrpcClientProtocolClient (GrpcClientProtocolClient.java:onNext(255)) - client-4C8F4A6855D6->056ae293-26b5-4d67-bc5d-e905a6760a80: receive RaftClientReply:client-4C8F4A6855D6->056ae293-26b5-4d67-bc5d-e905a6760a80@group-50E32BB97A46, cid=4287, SUCCESS, logIndex=6535, commits[056ae293-26b5-4d67-bc5d-e905a6760a80:c6535, a428730f-9893-43cb-a585-e65a7e8859c8:c6531, 994b73f6-7725-4304-b3a4-4941318c1d6c:c6531]
2019-07-08 19:54:22,432 INFO  client.GrpcClientProtocolClient (GrpcClientProtocolClient.java:onNext(255)) - client-4C8F4A6855D6->056ae293-26b5-4d67-bc5d-e905a6760a80: receive RaftClientReply:client-4C8F4A6855D6->056ae293-26b5-4d67-bc5d-e905a6760a80@group-50E32BB97A46, cid=4288, SUCCESS, logIndex=0, commits[056ae293-26b5-4d67-bc5d-e905a6760a80:c6536, a428730f-9893-43cb-a585-e65a7e8859c8:c6535, 994b73f6-7725-4304-b3a4-4941318c1d6c:c6535]
2019-07-08 19:54:22,463 INFO  client.GrpcClientProtocolClient (GrpcClientProtocolClient.java:onNext(255)) - client-4C8F4A6855D6->056ae293-26b5-4d67-bc5d-e905a6760a80: receive RaftClientReply:client-4C8F4A6855D6->056ae293-26b5-4d67-bc5d-e905a6760a80@group-50E32BB97A46, cid=4289, SUCCESS, logIndex=6538, commits[056ae293-26b5-4d67-bc5d-e905a6760a80:c6540, a428730f-9893-43cb-a585-e65a7e8859c8:c6537, 994b73f6-7725-4304-b3a4-4941318c1d6c:c6537]
2019-07-08 19:54:22,464 INFO  client.GrpcClientProtocolClient (GrpcClientProtocolClient.java:onNext(255)) - client-4C8F4A6855D6->056ae293-26b5-4d67-bc5d-e905a6760a80: receive RaftClientReply:client-4C8F4A6855D6->056ae293-26b5-4d67-bc5d-e905a6760a80@group-50E32BB97A46, cid=4290, SUCCESS, logIndex=6539, commits[056ae293-26b5-4d67-bc5d-e905a6760a80:c6541, a428730f-9893-43cb-a585-e65a7e8859c8:c6537, 994b73f6-7725-4304-b3a4-4941318c1d6c:c6537]
2019-07-08 19:54:22,464 INFO  client.GrpcClientProtocolClient (GrpcClientProtocolClient.java:onNext(255)) - client-4C8F4A6855D6->056ae293-26b5-4d67-bc5d-e905a6760a80: receive RaftClientReply:client-4C8F4A6855D6->056ae293-26b5-4d67-bc5d-e905a6760a80@group-50E32BB97A46, cid=4291, SUCCESS, logIndex=6540, commits[056ae293-26b5-4d67-bc5d-e905a6760a80:c6541, a428730f-9893-43cb-a585-e65a7e8859c8:c6537, 994b73f6-7725-4304-b3a4-4941318c1d6c:c6537]
2019-07-08 19:54:22,465 INFO  client.GrpcClientProtocolClient (GrpcClientProtocolClient.java:onNext(255)) - client-4C8F4A6855D6->056ae293-26b5-4d67-bc5d-e905a6760a80: receive RaftClientReply:client-4C8F4A6855D6->056ae293-26b5-4d67-bc5d-e905a6760a80@group-50E32BB97A46, cid=4292, SUCCESS, logIndex=6541, commits[056ae293-26b5-4d67-bc5d-e905a6760a80:c6541, a428730f-9893-43cb-a585-e65a7e8859c8:c6537, 994b73f6-7725-4304-b3a4-4941318c1d6c:c6537]
2019-07-08 19:54:22,466 INFO  client.GrpcClientProtocolClient (GrpcClientProtocolClient.java:onNext(255)) - client-4C8F4A6855D6->056ae293-26b5-4d67-bc5d-e905a6760a80: receive RaftClientReply:client-4C8F4A6855D6->056ae293-26b5-4d67-bc5d-e905a6760a80@group-50E32BB97A46, cid=4293, SUCCESS, logIndex=0, commits[056ae293-26b5-4d67-bc5d-e905a6760a80:c6545, a428730f-9893-43cb-a585-e65a7e8859c8:c6541, 994b73f6-7725-4304-b3a4-4941318c1d6c:c6539]
2019-07-08 19:54:22,480 INFO  client.GrpcClientProtocolClient (GrpcClientProtocolClient.java:onNext(255)) - client-4C8F4A6855D6->056ae293-26b5-4d67-bc5d-e905a6760a80: receive RaftClientReply:client-4C8F4A6855D6->056ae293-26b5-4d67-bc5d-e905a6760a80@group-50E32BB97A46, cid=4294, SUCCESS, logIndex=6546, commits[056ae293-26b5-4d67-bc5d-e905a6760a80:c6547, a428730f-9893-43cb-a585-e65a7e8859c8:c6541, 994b73f6-7725-4304-b3a4-4941318c1d6c:c6545]
2019-07-08 19:54:22,480 INFO  client.GrpcClientProtocolClient (GrpcClientProtocolClient.java:onNext(255)) - client-4C8F4A6855D6->056ae293-26b5-4d67-bc5d-e905a6760a80: receive RaftClientReply:client-4C8F4A6855D6->056ae293-26b5-4d67-bc5d-e905a6760a80@group-50E32BB97A46, cid=4295, SUCCESS, logIndex=6547, commits[056ae293-26b5-4d67-bc5d-e905a6760a80:c6547, a428730f-9893-43cb-a585-e65a7e8859c8:c6545, 994b73f6-7725-4304-b3a4-4941318c1d6c:c6545]
2019-07-08 19:54:22,492 INFO  client.GrpcClientProtocolClient (GrpcClientProtocolClient.java:onNext(255)) - client-4C8F4A6855D6->056ae293-26b5-4d67-bc5d-e905a6760a80: receive RaftClientReply:client-4C8F4A6855D6->056ae293-26b5-4d67-bc5d-e905a6760a80@group-50E32BB97A46, cid=4296, SUCCESS, logIndex=6550, commits[056ae293-26b5-4d67-bc5d-e905a6760a80:c6551, a428730f-9893-43cb-a585-e65a7e8859c8:c6549, 994b73f6-7725-4304-b3a4-4941318c1d6c:c6547]
2019-07-08 19:54:22,492 INFO  client.GrpcClientProtocolClient (GrpcClientProtocolClient.java:onNext(255)) - client-4C8F4A6855D6->056ae293-26b5-4d67-bc5d-e905a6760a80: receive RaftClientReply:client-4C8F4A6855D6->056ae293-26b5-4d67-bc5d-e905a6760a80@group-50E32BB97A46, cid=4297, SUCCESS, logIndex=6551, commits[056ae293-26b5-4d67-bc5d-e905a6760a80:c6551, a428730f-9893-43cb-a585-e65a7e8859c8:c6549, 994b73f6-7725-4304-b3a4-4941318c1d6c:c6549]
2019-07-08 19:54:22,494 INFO  client.GrpcClientProtocolClient (GrpcClientProtocolClient.java:onNext(255)) - client-4C8F4A6855D6->056ae293-26b5-4d67-bc5d-e905a6760a80: receive RaftClientReply:client-4C8F4A6855D6->056ae293-26b5-4d67-bc5d-e905a6760a80@group-50E32BB97A46, cid=4298, SUCCESS, logIndex=0, commits[056ae293-26b5-4d67-bc5d-e905a6760a80:c6552, a428730f-9893-43cb-a585-e65a7e8859c8:c6551, 994b73f6-7725-4304-b3a4-4941318c1d6c:c6551]
2019-07-08 19:54:22,568 INFO  client.GrpcClientProtocolClient (GrpcClientProtocolClient.java:onNext(255)) - client-4C8F4A6855D6->056ae293-26b5-4d67-bc5d-e905a6760a80: receive RaftClientReply:client-4C8F4A6855D6->056ae293-26b5-4d67-bc5d-e905a6760a80@group-50E32BB97A46, cid=4299, SUCCESS, logIndex=6553, commits[056ae293-26b5-4d67-bc5d-e905a6760a80:c6554, a428730f-9893-43cb-a585-e65a7e8859c8:c6552, 994b73f6-7725-4304-b3a4-4941318c1d6c:c6552]
2019-07-08 19:54:22,568 INFO  client.GrpcClientProtocolClient (GrpcClientProtocolClient.java:onNext(255)) - client-4C8F4A6855D6->056ae293-26b5-4d67-bc5d-e905a6760a80: receive RaftClientReply:client-4C8F4A6855D6->056ae293-26b5-4d67-bc5d-e905a6760a80@group-50E32BB97A46, cid=4300, SUCCESS, logIndex=6554, commits[056ae293-26b5-4d67-bc5d-e905a6760a80:c6556, a428730f-9893-43cb-a585-e65a7e8859c8:c6552, 994b73f6-7725-4304-b3a4-4941318c1d6c:c6552]
2019-07-08 19:54:22,569 INFO  client.GrpcClientProtocolClient (GrpcClientProtocolClient.java:onNext(255)) - client-4C8F4A6855D6->056ae293-26b5-4d67-bc5d-e905a6760a80: receive RaftClientReply:client-4C8F4A6855D6->056ae293-26b5-4d67-bc5d-e905a6760a80@group-50E32BB97A46, cid=4301, SUCCESS, logIndex=6555, commits[056ae293-26b5-4d67-bc5d-e905a6760a80:c6556, a428730f-9893-43cb-a585-e65a7e8859c8:c6552, 994b73f6-7725-4304-b3a4-4941318c1d6c:c6552]
2019-07-08 19:54:22,569 INFO  client.GrpcClientProtocolClient (GrpcClientProtocolClient.java:onNext(255)) - client-4C8F4A6855D6->056ae293-26b5-4d67-bc5d-e905a6760a80: receive RaftClientReply:client-4C8F4A6855D6->056ae293-26b5-4d67-bc5d-e905a6760a80@group-50E32BB97A46, cid=4302, SUCCESS, logIndex=6556, commits[056ae293-26b5-4d67-bc5d-e905a6760a80:c6557, a428730f-9893-43cb-a585-e65a7e8859c8:c6553, 994b73f6-7725-4304-b3a4-4941318c1d6c:c6552]
2019-07-08 19:54:22,570 INFO  client.GrpcClientProtocolClient (GrpcClientProtocolClient.java:onNext(255)) - client-4C8F4A6855D6->056ae293-26b5-4d67-bc5d-e905a6760a80: receive RaftClientReply:client-4C8F4A6855D6->056ae293-26b5-4d67-bc5d-e905a6760a80@group-50E32BB97A46, cid=4303, SUCCESS, logIndex=0, commits[056ae293-26b5-4d67-bc5d-e905a6760a80:c6559, a428730f-9893-43cb-a585-e65a7e8859c8:c6556, 994b73f6-7725-4304-b3a4-4941318c1d6c:c6554]
 0.00% |█                                                                                                    |  0/1 Time: 0:01:182019-07-08 19:54:22,615 INFO  client.GrpcClientProtocolClient (GrpcClientProtocolClient.java:onNext(255)) - client-4C8F4A6855D6->056ae293-26b5-4d67-bc5d-e905a6760a80: receive RaftClientReply:client-4C8F4A6855D6->056ae293-26b5-4d67-bc5d-e905a6760a80@group-50E32BB97A46, cid=4304, SUCCESS, logIndex=6560, commits[056ae293-26b5-4d67-bc5d-e905a6760a80:c6561, a428730f-9893-43cb-a585-e65a7e8859c8:c6559, 994b73f6-7725-4304-b3a4-4941318c1d6c:c6559]
2019-07-08 19:54:22,616 INFO  client.GrpcClientProtocolClient (GrpcClientProtocolClient.java:onNext(255)) - client-4C8F4A6855D6->056ae293-26b5-4d67-bc5d-e905a6760a80: receive RaftClientReply:client-4C8F4A6855D6->056ae293-26b5-4d67-bc5d-e905a6760a80@group-50E32BB97A46, cid=4305, SUCCESS, logIndex=6561, commits[056ae293-26b5-4d67-bc5d-e905a6760a80:c6561, a428730f-9893-43cb-a585-e65a7e8859c8:c6559, 994b73f6-7725-4304-b3a4-4941318c1d6c:c6559]
2019-07-08 19:54:22,642 INFO  client.GrpcClientProtocolClient (GrpcClientProtocolClient.java:onNext(255)) - client-4C8F4A6855D6->056ae293-26b5-4d67-bc5d-e905a6760a80: receive RaftClientReply:client-4C8F4A6855D6->056ae293-26b5-4d67-bc5d-e905a6760a80@group-50E32BB97A46, cid=4306, SUCCESS, logIndex=6564, commits[056ae293-26b5-4d67-bc5d-e905a6760a80:c6565, a428730f-9893-43cb-a585-e65a7e8859c8:c6560, 994b73f6-7725-4304-b3a4-4941318c1d6c:c6561]
2019-07-08 19:54:22,642 INFO  client.GrpcClientProtocolClient (GrpcClientProtocolClient.java:onNext(255)) - client-4C8F4A6855D6->056ae293-26b5-4d67-bc5d-e905a6760a80: receive RaftClientReply:client-4C8F4A6855D6->056ae293-26b5-4d67-bc5d-e905a6760a80@group-50E32BB97A46, cid=4307, SUCCESS, logIndex=6565, commits[056ae293-26b5-4d67-bc5d-e905a6760a80:c6565, a428730f-9893-43cb-a585-e65a7e8859c8:c6561, 994b73f6-7725-4304-b3a4-4941318c1d6c:c6561]
2019-07-08 19:54:22,654 INFO  client.GrpcClientProtocolClient (GrpcClientProtocolClient.java:onNext(255)) - client-4C8F4A6855D6->056ae293-26b5-4d67-bc5d-e905a6760a80: receive RaftClientReply:client-4C8F4A6855D6->056ae293-26b5-4d67-bc5d-e905a6760a80@group-50E32BB97A46, cid=4308, SUCCESS, logIndex=0, commits[056ae293-26b5-4d67-bc5d-e905a6760a80:c6567, a428730f-9893-43cb-a585-e65a7e8859c8:c6565, 994b73f6-7725-4304-b3a4-4941318c1d6c:c6565]
2019-07-08 19:54:22,694 INFO  client.GrpcClientProtocolClient (GrpcClientProtocolClient.java:onNext(255)) - client-4C8F4A6855D6->056ae293-26b5-4d67-bc5d-e905a6760a80: receive RaftClientReply:client-4C8F4A6855D6->056ae293-26b5-4d67-bc5d-e905a6760a80@group-50E32BB97A46, cid=4309, SUCCESS, logIndex=6568, commits[056ae293-26b5-4d67-bc5d-e905a6760a80:c6569, a428730f-9893-43cb-a585-e65a7e8859c8:c6567, 994b73f6-7725-4304-b3a4-4941318c1d6c:c6567]
2019-07-08 19:54:22,695 INFO  client.GrpcClientProtocolClient (GrpcClientProtocolClient.java:onNext(255)) - client-4C8F4A6855D6->056ae293-26b5-4d67-bc5d-e905a6760a80: receive RaftClientReply:client-4C8F4A6855D6->056ae293-26b5-4d67-bc5d-e905a6760a80@group-50E32BB97A46, cid=4310, SUCCESS, logIndex=6569, commits[056ae293-26b5-4d67-bc5d-e905a6760a80:c6571, a428730f-9893-43cb-a585-e65a7e8859c8:c6567, 994b73f6-7725-4304-b3a4-4941318c1d6c:c6567]
2019-07-08 19:54:22,695 INFO  client.GrpcClientProtocolClient (GrpcClientProtocolClient.java:onNext(255)) - client-4C8F4A6855D6->056ae293-26b5-4d67-bc5d-e905a6760a80: receive RaftClientReply:client-4C8F4A6855D6->056ae293-26b5-4d67-bc5d-e905a6760a80@group-50E32BB97A46, cid=4311, SUCCESS, logIndex=6570, commits[056ae293-26b5-4d67-bc5d-e905a6760a80:c6571, a428730f-9893-43cb-a585-e65a7e8859c8:c6567, 994b73f6-7725-4304-b3a4-4941318c1d6c:c6567]
2019-07-08 19:54:22,696 INFO  client.GrpcClientProtocolClient (GrpcClientProtocolClient.java:onNext(255)) - client-4C8F4A6855D6->056ae293-26b5-4d67-bc5d-e905a6760a80: receive RaftClientReply:client-4C8F4A6855D6->056ae293-26b5-4d67-bc5d-e905a6760a80@group-50E32BB97A46, cid=4312, SUCCESS, logIndex=6571, commits[056ae293-26b5-4d67-bc5d-e905a6760a80:c6572, a428730f-9893-43cb-a585-e65a7e8859c8:c6568, 994b73f6-7725-4304-b3a4-4941318c1d6c:c6569]
2019-07-08 19:54:22,697 INFO  client.GrpcClientProtocolClient (GrpcClientProtocolClient.java:onNext(255)) - client-4C8F4A6855D6->056ae293-26b5-4d67-bc5d-e905a6760a80: receive RaftClientReply:client-4C8F4A6855D6->056ae293-26b5-4d67-bc5d-e905a6760a80@group-50E32BB97A46, cid=4313, SUCCESS, logIndex=0, commits[056ae293-26b5-4d67-bc5d-e905a6760a80:c6574, a428730f-9893-43cb-a585-e65a7e8859c8:c6569, 994b73f6-7725-4304-b3a4-4941318c1d6c:c6571]
2019-07-08 19:54:22,718 INFO  client.GrpcClientProtocolClient (GrpcClientProtocolClient.java:onNext(255)) - client-4C8F4A6855D6->056ae293-26b5-4d67-bc5d-e905a6760a80: receive RaftClientReply:client-4C8F4A6855D6->056ae293-26b5-4d67-bc5d-e905a6760a80@group-50E32BB97A46, cid=4314, SUCCESS, logIndex=6576, commits[056ae293-26b5-4d67-bc5d-e905a6760a80:c6577, a428730f-9893-43cb-a585-e65a7e8859c8:c6575, 994b73f6-7725-4304-b3a4-4941318c1d6c:c6571]
2019-07-08 19:54:22,719 INFO  client.GrpcClientProtocolClient (GrpcClientProtocolClient.java:onNext(255)) - client-4C8F4A6855D6->056ae293-26b5-4d67-bc5d-e905a6760a80: receive RaftClientReply:client-4C8F4A6855D6->056ae293-26b5-4d67-bc5d-e905a6760a80@group-50E32BB97A46, cid=4315, SUCCESS, logIndex=6577, commits[056ae293-26b5-4d67-bc5d-e905a6760a80:c6577, a428730f-9893-43cb-a585-e65a7e8859c8:c6575, 994b73f6-7725-4304-b3a4-4941318c1d6c:c6575]
2019-07-08 19:54:22,742 INFO  client.GrpcClientProtocolClient (GrpcClientProtocolClient.java:onNext(255)) - client-4C8F4A6855D6->056ae293-26b5-4d67-bc5d-e905a6760a80: receive RaftClientReply:client-4C8F4A6855D6->056ae293-26b5-4d67-bc5d-e905a6760a80@group-50E32BB97A46, cid=4316, SUCCESS, logIndex=6580, commits[056ae293-26b5-4d67-bc5d-e905a6760a80:c6581, a428730f-9893-43cb-a585-e65a7e8859c8:c6577, 994b73f6-7725-4304-b3a4-4941318c1d6c:c6577]
2019-07-08 19:54:22,743 INFO  client.GrpcClientProtocolClient (GrpcClientProtocolClient.java:onNext(255)) - client-4C8F4A6855D6->056ae293-26b5-4d67-bc5d-e905a6760a80: receive RaftClientReply:client-4C8F4A6855D6->056ae293-26b5-4d67-bc5d-e905a6760a80@group-50E32BB97A46, cid=4317, SUCCESS, logIndex=6581, commits[056ae293-26b5-4d67-bc5d-e905a6760a80:c6581, a428730f-9893-43cb-a585-e65a7e8859c8:c6577, 994b73f6-7725-4304-b3a4-4941318c1d6c:c6577]
2019-07-08 19:54:22,745 INFO  client.GrpcClientProtocolClient (GrpcClientProtocolClient.java:onNext(255)) - client-4C8F4A6855D6->056ae293-26b5-4d67-bc5d-e905a6760a80: receive RaftClientReply:client-4C8F4A6855D6->056ae293-26b5-4d67-bc5d-e905a6760a80@group-50E32BB97A46, cid=4318, SUCCESS, logIndex=0, commits[056ae293-26b5-4d67-bc5d-e905a6760a80:c6583, a428730f-9893-43cb-a585-e65a7e8859c8:c6581, 994b73f6-7725-4304-b3a4-4941318c1d6c:c6581]
2019-07-08 19:54:22,790 INFO  client.GrpcClientProtocolClient (GrpcClientProtocolClient.java:onNext(255)) - client-4C8F4A6855D6->056ae293-26b5-4d67-bc5d-e905a6760a80: receive RaftClientReply:client-4C8F4A6855D6->056ae293-26b5-4d67-bc5d-e905a6760a80@group-50E32BB97A46, cid=4319, SUCCESS, logIndex=6584, commits[056ae293-26b5-4d67-bc5d-e905a6760a80:c6585, a428730f-9893-43cb-a585-e65a7e8859c8:c6583, 994b73f6-7725-4304-b3a4-4941318c1d6c:c6583]
2019-07-08 19:54:22,791 INFO  client.GrpcClientProtocolClient (GrpcClientProtocolClient.java:onNext(255)) - client-4C8F4A6855D6->056ae293-26b5-4d67-bc5d-e905a6760a80: receive RaftClientReply:client-4C8F4A6855D6->056ae293-26b5-4d67-bc5d-e905a6760a80@group-50E32BB97A46, cid=4320, SUCCESS, logIndex=6585, commits[056ae293-26b5-4d67-bc5d-e905a6760a80:c6587, a428730f-9893-43cb-a585-e65a7e8859c8:c6583, 994b73f6-7725-4304-b3a4-4941318c1d6c:c6583]
2019-07-08 19:54:22,791 INFO  client.GrpcClientProtocolClient (GrpcClientProtocolClient.java:onNext(255)) - client-4C8F4A6855D6->056ae293-26b5-4d67-bc5d-e905a6760a80: receive RaftClientReply:client-4C8F4A6855D6->056ae293-26b5-4d67-bc5d-e905a6760a80@group-50E32BB97A46, cid=4321, SUCCESS, logIndex=6586, commits[056ae293-26b5-4d67-bc5d-e905a6760a80:c6587, a428730f-9893-43cb-a585-e65a7e8859c8:c6583, 994b73f6-7725-4304-b3a4-4941318c1d6c:c6583]
2019-07-08 19:54:22,792 INFO  client.GrpcClientProtocolClient (GrpcClientProtocolClient.java:onNext(255)) - client-4C8F4A6855D6->056ae293-26b5-4d67-bc5d-e905a6760a80: receive RaftClientReply:client-4C8F4A6855D6->056ae293-26b5-4d67-bc5d-e905a6760a80@group-50E32BB97A46, cid=4322, SUCCESS, logIndex=6587, commits[056ae293-26b5-4d67-bc5d-e905a6760a80:c6588, a428730f-9893-43cb-a585-e65a7e8859c8:c6585, 994b73f6-7725-4304-b3a4-4941318c1d6c:c6583]
2019-07-08 19:54:22,793 INFO  client.GrpcClientProtocolClient (GrpcClientProtocolClient.java:onNext(255)) - client-4C8F4A6855D6->056ae293-26b5-4d67-bc5d-e905a6760a80: receive RaftClientReply:client-4C8F4A6855D6->056ae293-26b5-4d67-bc5d-e905a6760a80@group-50E32BB97A46, cid=4323, SUCCESS, logIndex=0, commits[056ae293-26b5-4d67-bc5d-e905a6760a80:c6590, a428730f-9893-43cb-a585-e65a7e8859c8:c6586, 994b73f6-7725-4304-b3a4-4941318c1d6c:c6586]
2019-07-08 19:54:22,817 INFO  client.GrpcClientProtocolClient (GrpcClientProtocolClient.java:onNext(255)) - client-4C8F4A6855D6->056ae293-26b5-4d67-bc5d-e905a6760a80: receive RaftClientReply:client-4C8F4A6855D6->056ae293-26b5-4d67-bc5d-e905a6760a80@group-50E32BB97A46, cid=4324, SUCCESS, logIndex=6592, commits[056ae293-26b5-4d67-bc5d-e905a6760a80:c6593, a428730f-9893-43cb-a585-e65a7e8859c8:c6591, 994b73f6-7725-4304-b3a4-4941318c1d6c:c6591]
2019-07-08 19:54:22,817 INFO  client.GrpcClientProtocolClient (GrpcClientProtocolClient.java:onNext(255)) - client-4C8F4A6855D6->056ae293-26b5-4d67-bc5d-e905a6760a80: receive RaftClientReply:client-4C8F4A6855D6->056ae293-26b5-4d67-bc5d-e905a6760a80@group-50E32BB97A46, cid=4325, SUCCESS, logIndex=6593, commits[056ae293-26b5-4d67-bc5d-e905a6760a80:c6593, a428730f-9893-43cb-a585-e65a7e8859c8:c6591, 994b73f6-7725-4304-b3a4-4941318c1d6c:c6591]
2019-07-08 19:54:22,845 INFO  client.GrpcClientProtocolClient (GrpcClientProtocolClient.java:onNext(255)) - client-4C8F4A6855D6->056ae293-26b5-4d67-bc5d-e905a6760a80: receive RaftClientReply:client-4C8F4A6855D6->056ae293-26b5-4d67-bc5d-e905a6760a80@group-50E32BB97A46, cid=4326, SUCCESS, logIndex=6596, commits[056ae293-26b5-4d67-bc5d-e905a6760a80:c6597, a428730f-9893-43cb-a585-e65a7e8859c8:c6593, 994b73f6-7725-4304-b3a4-4941318c1d6c:c6593]
2019-07-08 19:54:22,846 INFO  client.GrpcClientProtocolClient (GrpcClientProtocolClient.java:onNext(255)) - client-4C8F4A6855D6->056ae293-26b5-4d67-bc5d-e905a6760a80: receive RaftClientReply:client-4C8F4A6855D6->056ae293-26b5-4d67-bc5d-e905a6760a80@group-50E32BB97A46, cid=4327, SUCCESS, logIndex=6597, commits[056ae293-26b5-4d67-bc5d-e905a6760a80:c6597, a428730f-9893-43cb-a585-e65a7e8859c8:c6593, 994b73f6-7725-4304-b3a4-4941318c1d6c:c6593]
2019-07-08 19:54:22,857 INFO  client.GrpcClientProtocolClient (GrpcClientProtocolClient.java:onNext(255)) - client-4C8F4A6855D6->056ae293-26b5-4d67-bc5d-e905a6760a80: receive RaftClientReply:client-4C8F4A6855D6->056ae293-26b5-4d67-bc5d-e905a6760a80@group-50E32BB97A46, cid=4328, SUCCESS, logIndex=0, commits[056ae293-26b5-4d67-bc5d-e905a6760a80:c6598, a428730f-9893-43cb-a585-e65a7e8859c8:c6597, 994b73f6-7725-4304-b3a4-4941318c1d6c:c6597]
2019-07-08 19:54:22,895 INFO  client.GrpcClientProtocolClient (GrpcClientProtocolClient.java:onNext(255)) - client-4C8F4A6855D6->056ae293-26b5-4d67-bc5d-e905a6760a80: receive RaftClientReply:client-4C8F4A6855D6->056ae293-26b5-4d67-bc5d-e905a6760a80@group-50E32BB97A46, cid=4329, SUCCESS, logIndex=6600, commits[056ae293-26b5-4d67-bc5d-e905a6760a80:c6602, a428730f-9893-43cb-a585-e65a7e8859c8:c6599, 994b73f6-7725-4304-b3a4-4941318c1d6c:c6599]
2019-07-08 19:54:22,895 INFO  client.GrpcClientProtocolClient (GrpcClientProtocolClient.java:onNext(255)) - client-4C8F4A6855D6->056ae293-26b5-4d67-bc5d-e905a6760a80: receive RaftClientReply:client-4C8F4A6855D6->056ae293-26b5-4d67-bc5d-e905a6760a80@group-50E32BB97A46, cid=4330, SUCCESS, logIndex=6601, commits[056ae293-26b5-4d67-bc5d-e905a6760a80:c6603, a428730f-9893-43cb-a585-e65a7e8859c8:c6599, 994b73f6-7725-4304-b3a4-4941318c1d6c:c6599]
2019-07-08 19:54:22,895 INFO  client.GrpcClientProtocolClient (GrpcClientProtocolClient.java:onNext(255)) - client-4C8F4A6855D6->056ae293-26b5-4d67-bc5d-e905a6760a80: receive RaftClientReply:client-4C8F4A6855D6->056ae293-26b5-4d67-bc5d-e905a6760a80@group-50E32BB97A46, cid=4331, SUCCESS, logIndex=6602, commits[056ae293-26b5-4d67-bc5d-e905a6760a80:c6603, a428730f-9893-43cb-a585-e65a7e8859c8:c6599, 994b73f6-7725-4304-b3a4-4941318c1d6c:c6599]
2019-07-08 19:54:22,896 INFO  client.GrpcClientProtocolClient (GrpcClientProtocolClient.java:onNext(255)) - client-4C8F4A6855D6->056ae293-26b5-4d67-bc5d-e905a6760a80: receive RaftClientReply:client-4C8F4A6855D6->056ae293-26b5-4d67-bc5d-e905a6760a80@group-50E32BB97A46, cid=4332, SUCCESS, logIndex=6603, commits[056ae293-26b5-4d67-bc5d-e905a6760a80:c6603, a428730f-9893-43cb-a585-e65a7e8859c8:c6599, 994b73f6-7725-4304-b3a4-4941318c1d6c:c6599]
2019-07-08 19:54:22,897 INFO  client.GrpcClientProtocolClient (GrpcClientProtocolClient.java:onNext(255)) - client-4C8F4A6855D6->056ae293-26b5-4d67-bc5d-e905a6760a80: receive RaftClientReply:client-4C8F4A6855D6->056ae293-26b5-4d67-bc5d-e905a6760a80@group-50E32BB97A46, cid=4333, SUCCESS, logIndex=0, commits[056ae293-26b5-4d67-bc5d-e905a6760a80:c6607, a428730f-9893-43cb-a585-e65a7e8859c8:c6603, 994b73f6-7725-4304-b3a4-4941318c1d6c:c6601]
2019-07-08 19:54:22,918 INFO  client.GrpcClientProtocolClient (GrpcClientProtocolClient.java:onNext(255)) - client-4C8F4A6855D6->056ae293-26b5-4d67-bc5d-e905a6760a80: receive RaftClientReply:client-4C8F4A6855D6->056ae293-26b5-4d67-bc5d-e905a6760a80@group-50E32BB97A46, cid=4334, SUCCESS, logIndex=6608, commits[056ae293-26b5-4d67-bc5d-e905a6760a80:c6609, a428730f-9893-43cb-a585-e65a7e8859c8:c6607, 994b73f6-7725-4304-b3a4-4941318c1d6c:c6607]
2019-07-08 19:54:22,918 INFO  client.GrpcClientProtocolClient (GrpcClientProtocolClient.java:onNext(255)) - client-4C8F4A6855D6->056ae293-26b5-4d67-bc5d-e905a6760a80: receive RaftClientReply:client-4C8F4A6855D6->056ae293-26b5-4d67-bc5d-e905a6760a80@group-50E32BB97A46, cid=4335, SUCCESS, logIndex=6609, commits[056ae293-26b5-4d67-bc5d-e905a6760a80:c6609, a428730f-9893-43cb-a585-e65a7e8859c8:c6607, 994b73f6-7725-4304-b3a4-4941318c1d6c:c6607]
2019-07-08 19:54:22,931 INFO  client.GrpcClientProtocolClient (GrpcClientProtocolClient.java:onNext(255)) - client-4C8F4A6855D6->056ae293-26b5-4d67-bc5d-e905a6760a80: receive RaftClientReply:client-4C8F4A6855D6->056ae293-26b5-4d67-bc5d-e905a6760a80@group-50E32BB97A46, cid=4336, SUCCESS, logIndex=6612, commits[056ae293-26b5-4d67-bc5d-e905a6760a80:c6613, a428730f-9893-43cb-a585-e65a7e8859c8:c6609, 994b73f6-7725-4304-b3a4-4941318c1d6c:c6609]
2019-07-08 19:54:22,931 INFO  client.GrpcClientProtocolClient (GrpcClientProtocolClient.java:onNext(255)) - client-4C8F4A6855D6->056ae293-26b5-4d67-bc5d-e905a6760a80: receive RaftClientReply:client-4C8F4A6855D6->056ae293-26b5-4d67-bc5d-e905a6760a80@group-50E32BB97A46, cid=4337, SUCCESS, logIndex=6613, commits[056ae293-26b5-4d67-bc5d-e905a6760a80:c6613, a428730f-9893-43cb-a585-e65a7e8859c8:c6609, 994b73f6-7725-4304-b3a4-4941318c1d6c:c6609]
2019-07-08 19:54:22,944 INFO  client.GrpcClientProtocolClient (GrpcClientProtocolClient.java:onNext(255)) - client-4C8F4A6855D6->056ae293-26b5-4d67-bc5d-e905a6760a80: receive RaftClientReply:client-4C8F4A6855D6->056ae293-26b5-4d67-bc5d-e905a6760a80@group-50E32BB97A46, cid=4338, SUCCESS, logIndex=0, commits[056ae293-26b5-4d67-bc5d-e905a6760a80:c6615, a428730f-9893-43cb-a585-e65a7e8859c8:c6613, 994b73f6-7725-4304-b3a4-4941318c1d6c:c6613]
2019-07-08 19:54:22,982 INFO  client.GrpcClientProtocolClient (GrpcClientProtocolClient.java:onNext(255)) - client-4C8F4A6855D6->056ae293-26b5-4d67-bc5d-e905a6760a80: receive RaftClientReply:client-4C8F4A6855D6->056ae293-26b5-4d67-bc5d-e905a6760a80@group-50E32BB97A46, cid=4339, SUCCESS, logIndex=6616, commits[056ae293-26b5-4d67-bc5d-e905a6760a80:c6617, a428730f-9893-43cb-a585-e65a7e8859c8:c6615, 994b73f6-7725-4304-b3a4-4941318c1d6c:c6615]
2019-07-08 19:54:22,983 INFO  client.GrpcClientProtocolClient (GrpcClientProtocolClient.java:onNext(255)) - client-4C8F4A6855D6->056ae293-26b5-4d67-bc5d-e905a6760a80: receive RaftClientReply:client-4C8F4A6855D6->056ae293-26b5-4d67-bc5d-e905a6760a80@group-50E32BB97A46, cid=4340, SUCCESS, logIndex=6617, commits[056ae293-26b5-4d67-bc5d-e905a6760a80:c6619, a428730f-9893-43cb-a585-e65a7e8859c8:c6615, 994b73f6-7725-4304-b3a4-4941318c1d6c:c6615]
2019-07-08 19:54:22,983 INFO  client.GrpcClientProtocolClient (GrpcClientProtocolClient.java:onNext(255)) - client-4C8F4A6855D6->056ae293-26b5-4d67-bc5d-e905a6760a80: receive RaftClientReply:client-4C8F4A6855D6->056ae293-26b5-4d67-bc5d-e905a6760a80@group-50E32BB97A46, cid=4341, SUCCESS, logIndex=6618, commits[056ae293-26b5-4d67-bc5d-e905a6760a80:c6619, a428730f-9893-43cb-a585-e65a7e8859c8:c6615, 994b73f6-7725-4304-b3a4-4941318c1d6c:c6615]
2019-07-08 19:54:22,983 INFO  client.GrpcClientProtocolClient (GrpcClientProtocolClient.java:onNext(255)) - client-4C8F4A6855D6->056ae293-26b5-4d67-bc5d-e905a6760a80: receive RaftClientReply:client-4C8F4A6855D6->056ae293-26b5-4d67-bc5d-e905a6760a80@group-50E32BB97A46, cid=4342, SUCCESS, logIndex=6619, commits[056ae293-26b5-4d67-bc5d-e905a6760a80:c6620, a428730f-9893-43cb-a585-e65a7e8859c8:c6616, 994b73f6-7725-4304-b3a4-4941318c1d6c:c6616]
2019-07-08 19:54:22,984 INFO  client.GrpcClientProtocolClient (GrpcClientProtocolClient.java:onNext(255)) - client-4C8F4A6855D6->056ae293-26b5-4d67-bc5d-e905a6760a80: receive RaftClientReply:client-4C8F4A6855D6->056ae293-26b5-4d67-bc5d-e905a6760a80@group-50E32BB97A46, cid=4343, SUCCESS, logIndex=0, commits[056ae293-26b5-4d67-bc5d-e905a6760a80:c6622, a428730f-9893-43cb-a585-e65a7e8859c8:c6618, 994b73f6-7725-4304-b3a4-4941318c1d6c:c6617]
2019-07-08 19:54:23,006 INFO  client.GrpcClientProtocolClient (GrpcClientProtocolClient.java:onNext(255)) - client-4C8F4A6855D6->056ae293-26b5-4d67-bc5d-e905a6760a80: receive RaftClientReply:client-4C8F4A6855D6->056ae293-26b5-4d67-bc5d-e905a6760a80@group-50E32BB97A46, cid=4344, SUCCESS, logIndex=6624, commits[056ae293-26b5-4d67-bc5d-e905a6760a80:c6625, a428730f-9893-43cb-a585-e65a7e8859c8:c6623, 994b73f6-7725-4304-b3a4-4941318c1d6c:c6623]
2019-07-08 19:54:23,006 INFO  client.GrpcClientProtocolClient (GrpcClientProtocolClient.java:onNext(255)) - client-4C8F4A6855D6->056ae293-26b5-4d67-bc5d-e905a6760a80: receive RaftClientReply:client-4C8F4A6855D6->056ae293-26b5-4d67-bc5d-e905a6760a80@group-50E32BB97A46, cid=4345, SUCCESS, logIndex=6625, commits[056ae293-26b5-4d67-bc5d-e905a6760a80:c6625, a428730f-9893-43cb-a585-e65a7e8859c8:c6623, 994b73f6-7725-4304-b3a4-4941318c1d6c:c6623]
2019-07-08 19:54:23,019 INFO  client.GrpcClientProtocolClient (GrpcClientProtocolClient.java:onNext(255)) - client-4C8F4A6855D6->056ae293-26b5-4d67-bc5d-e905a6760a80: receive RaftClientReply:client-4C8F4A6855D6->056ae293-26b5-4d67-bc5d-e905a6760a80@group-50E32BB97A46, cid=4346, SUCCESS, logIndex=6628, commits[056ae293-26b5-4d67-bc5d-e905a6760a80:c6628, a428730f-9893-43cb-a585-e65a7e8859c8:c6625, 994b73f6-7725-4304-b3a4-4941318c1d6c:c6625]
2019-07-08 19:54:23,020 INFO  client.GrpcClientProtocolClient (GrpcClientProtocolClient.java:onNext(255)) - client-4C8F4A6855D6->056ae293-26b5-4d67-bc5d-e905a6760a80: receive RaftClientReply:client-4C8F4A6855D6->056ae293-26b5-4d67-bc5d-e905a6760a80@group-50E32BB97A46, cid=4347, SUCCESS, logIndex=6629, commits[056ae293-26b5-4d67-bc5d-e905a6760a80:c6629, a428730f-9893-43cb-a585-e65a7e8859c8:c6625, 994b73f6-7725-4304-b3a4-4941318c1d6c:c6625]
2019-07-08 19:54:23,032 INFO  client.GrpcClientProtocolClient (GrpcClientProtocolClient.java:onNext(255)) - client-4C8F4A6855D6->056ae293-26b5-4d67-bc5d-e905a6760a80: receive RaftClientReply:client-4C8F4A6855D6->056ae293-26b5-4d67-bc5d-e905a6760a80@group-50E32BB97A46, cid=4348, SUCCESS, logIndex=0, commits[056ae293-26b5-4d67-bc5d-e905a6760a80:c6631, a428730f-9893-43cb-a585-e65a7e8859c8:c6629, 994b73f6-7725-4304-b3a4-4941318c1d6c:c6629]
2019-07-08 19:54:23,072 INFO  client.GrpcClientProtocolClient (GrpcClientProtocolClient.java:onNext(255)) - client-4C8F4A6855D6->056ae293-26b5-4d67-bc5d-e905a6760a80: receive RaftClientReply:client-4C8F4A6855D6->056ae293-26b5-4d67-bc5d-e905a6760a80@group-50E32BB97A46, cid=4349, SUCCESS, logIndex=6632, commits[056ae293-26b5-4d67-bc5d-e905a6760a80:c6633, a428730f-9893-43cb-a585-e65a7e8859c8:c6631, 994b73f6-7725-4304-b3a4-4941318c1d6c:c6631]
2019-07-08 19:54:23,073 INFO  client.GrpcClientProtocolClient (GrpcClientProtocolClient.java:onNext(255)) - client-4C8F4A6855D6->056ae293-26b5-4d67-bc5d-e905a6760a80: receive RaftClientReply:client-4C8F4A6855D6->056ae293-26b5-4d67-bc5d-e905a6760a80@group-50E32BB97A46, cid=4350, SUCCESS, logIndex=6633, commits[056ae293-26b5-4d67-bc5d-e905a6760a80:c6634, a428730f-9893-43cb-a585-e65a7e8859c8:c6631, 994b73f6-7725-4304-b3a4-4941318c1d6c:c6631]
2019-07-08 19:54:23,073 INFO  client.GrpcClientProtocolClient (GrpcClientProtocolClient.java:onNext(255)) - client-4C8F4A6855D6->056ae293-26b5-4d67-bc5d-e905a6760a80: receive RaftClientReply:client-4C8F4A6855D6->056ae293-26b5-4d67-bc5d-e905a6760a80@group-50E32BB97A46, cid=4351, SUCCESS, logIndex=6634, commits[056ae293-26b5-4d67-bc5d-e905a6760a80:c6635, a428730f-9893-43cb-a585-e65a7e8859c8:c6631, 994b73f6-7725-4304-b3a4-4941318c1d6c:c6631]
2019-07-08 19:54:23,074 INFO  client.GrpcClientProtocolClient (GrpcClientProtocolClient.java:onNext(255)) - client-4C8F4A6855D6->056ae293-26b5-4d67-bc5d-e905a6760a80: receive RaftClientReply:client-4C8F4A6855D6->056ae293-26b5-4d67-bc5d-e905a6760a80@group-50E32BB97A46, cid=4352, SUCCESS, logIndex=6635, commits[056ae293-26b5-4d67-bc5d-e905a6760a80:c6635, a428730f-9893-43cb-a585-e65a7e8859c8:c6631, 994b73f6-7725-4304-b3a4-4941318c1d6c:c6631]
2019-07-08 19:54:23,075 INFO  client.GrpcClientProtocolClient (GrpcClientProtocolClient.java:onNext(255)) - client-4C8F4A6855D6->056ae293-26b5-4d67-bc5d-e905a6760a80: receive RaftClientReply:client-4C8F4A6855D6->056ae293-26b5-4d67-bc5d-e905a6760a80@group-50E32BB97A46, cid=4353, SUCCESS, logIndex=0, commits[056ae293-26b5-4d67-bc5d-e905a6760a80:c6638, a428730f-9893-43cb-a585-e65a7e8859c8:c6633, 994b73f6-7725-4304-b3a4-4941318c1d6c:c6634]
2019-07-08 19:54:23,111 INFO  client.GrpcClientProtocolClient (GrpcClientProtocolClient.java:onNext(255)) - client-4C8F4A6855D6->056ae293-26b5-4d67-bc5d-e905a6760a80: receive RaftClientReply:client-4C8F4A6855D6->056ae293-26b5-4d67-bc5d-e905a6760a80@group-50E32BB97A46, cid=4354, SUCCESS, logIndex=6640, commits[056ae293-26b5-4d67-bc5d-e905a6760a80:c6641, a428730f-9893-43cb-a585-e65a7e8859c8:c6639, 994b73f6-7725-4304-b3a4-4941318c1d6c:c6639]
2019-07-08 19:54:23,112 INFO  client.GrpcClientProtocolClient (GrpcClientProtocolClient.java:onNext(255)) - client-4C8F4A6855D6->056ae293-26b5-4d67-bc5d-e905a6760a80: receive RaftClientReply:client-4C8F4A6855D6->056ae293-26b5-4d67-bc5d-e905a6760a80@group-50E32BB97A46, cid=4355, SUCCESS, logIndex=6641, commits[056ae293-26b5-4d67-bc5d-e905a6760a80:c6641, a428730f-9893-43cb-a585-e65a7e8859c8:c6639, 994b73f6-7725-4304-b3a4-4941318c1d6c:c6639]
2019-07-08 19:54:23,136 INFO  client.GrpcClientProtocolClient (GrpcClientProtocolClient.java:onNext(255)) - client-4C8F4A6855D6->056ae293-26b5-4d67-bc5d-e905a6760a80: receive RaftClientReply:client-4C8F4A6855D6->056ae293-26b5-4d67-bc5d-e905a6760a80@group-50E32BB97A46, cid=4356, SUCCESS, logIndex=6644, commits[056ae293-26b5-4d67-bc5d-e905a6760a80:c6645, a428730f-9893-43cb-a585-e65a7e8859c8:c6641, 994b73f6-7725-4304-b3a4-4941318c1d6c:c6640]
2019-07-08 19:54:23,136 INFO  client.GrpcClientProtocolClient (GrpcClientProtocolClient.java:onNext(255)) - client-4C8F4A6855D6->056ae293-26b5-4d67-bc5d-e905a6760a80: receive RaftClientReply:client-4C8F4A6855D6->056ae293-26b5-4d67-bc5d-e905a6760a80@group-50E32BB97A46, cid=4357, SUCCESS, logIndex=6645, commits[056ae293-26b5-4d67-bc5d-e905a6760a80:c6645, a428730f-9893-43cb-a585-e65a7e8859c8:c6641, 994b73f6-7725-4304-b3a4-4941318c1d6c:c6641]
2019-07-08 19:54:23,137 INFO  client.GrpcClientProtocolClient (GrpcClientProtocolClient.java:onNext(255)) - client-4C8F4A6855D6->056ae293-26b5-4d67-bc5d-e905a6760a80: receive RaftClientReply:client-4C8F4A6855D6->056ae293-26b5-4d67-bc5d-e905a6760a80@group-50E32BB97A46, cid=4358, SUCCESS, logIndex=0, commits[056ae293-26b5-4d67-bc5d-e905a6760a80:c6646, a428730f-9893-43cb-a585-e65a7e8859c8:c6645, 994b73f6-7725-4304-b3a4-4941318c1d6c:c6645]
2019-07-08 19:54:23,279 INFO  client.GrpcClientProtocolClient (GrpcClientProtocolClient.java:onNext(255)) - client-4C8F4A6855D6->056ae293-26b5-4d67-bc5d-e905a6760a80: receive RaftClientReply:client-4C8F4A6855D6->056ae293-26b5-4d67-bc5d-e905a6760a80@group-50E32BB97A46, cid=4359, SUCCESS, logIndex=6648, commits[056ae293-26b5-4d67-bc5d-e905a6760a80:c6651, a428730f-9893-43cb-a585-e65a7e8859c8:c6647, 994b73f6-7725-4304-b3a4-4941318c1d6c:c6647]
2019-07-08 19:54:23,280 INFO  client.GrpcClientProtocolClient (GrpcClientProtocolClient.java:onNext(255)) - client-4C8F4A6855D6->056ae293-26b5-4d67-bc5d-e905a6760a80: receive RaftClientReply:client-4C8F4A6855D6->056ae293-26b5-4d67-bc5d-e905a6760a80@group-50E32BB97A46, cid=4360, SUCCESS, logIndex=6649, commits[056ae293-26b5-4d67-bc5d-e905a6760a80:c6651, a428730f-9893-43cb-a585-e65a7e8859c8:c6647, 994b73f6-7725-4304-b3a4-4941318c1d6c:c6647]
2019-07-08 19:54:23,281 INFO  client.GrpcClientProtocolClient (GrpcClientProtocolClient.java:onNext(255)) - client-4C8F4A6855D6->056ae293-26b5-4d67-bc5d-e905a6760a80: receive RaftClientReply:client-4C8F4A6855D6->056ae293-26b5-4d67-bc5d-e905a6760a80@group-50E32BB97A46, cid=4361, SUCCESS, logIndex=6650, commits[056ae293-26b5-4d67-bc5d-e905a6760a80:c6651, a428730f-9893-43cb-a585-e65a7e8859c8:c6647, 994b73f6-7725-4304-b3a4-4941318c1d6c:c6647]
2019-07-08 19:54:23,281 INFO  client.GrpcClientProtocolClient (GrpcClientProtocolClient.java:onNext(255)) - client-4C8F4A6855D6->056ae293-26b5-4d67-bc5d-e905a6760a80: receive RaftClientReply:client-4C8F4A6855D6->056ae293-26b5-4d67-bc5d-e905a6760a80@group-50E32BB97A46, cid=4362, SUCCESS, logIndex=6651, commits[056ae293-26b5-4d67-bc5d-e905a6760a80:c6651, a428730f-9893-43cb-a585-e65a7e8859c8:c6647, 994b73f6-7725-4304-b3a4-4941318c1d6c:c6647]
2019-07-08 19:54:23,291 INFO  client.GrpcClientProtocolClient (GrpcClientProtocolClient.java:onNext(255)) - client-4C8F4A6855D6->056ae293-26b5-4d67-bc5d-e905a6760a80: receive RaftClientReply:client-4C8F4A6855D6->056ae293-26b5-4d67-bc5d-e905a6760a80@group-50E32BB97A46, cid=4363, SUCCESS, logIndex=0, commits[056ae293-26b5-4d67-bc5d-e905a6760a80:c6655, a428730f-9893-43cb-a585-e65a7e8859c8:c6649, 994b73f6-7725-4304-b3a4-4941318c1d6c:c6651]
2019-07-08 19:54:23,313 INFO  client.GrpcClientProtocolClient (GrpcClientProtocolClient.java:onNext(255)) - client-4C8F4A6855D6->056ae293-26b5-4d67-bc5d-e905a6760a80: receive RaftClientReply:client-4C8F4A6855D6->056ae293-26b5-4d67-bc5d-e905a6760a80@group-50E32BB97A46, cid=4364, SUCCESS, logIndex=6656, commits[056ae293-26b5-4d67-bc5d-e905a6760a80:c6657, a428730f-9893-43cb-a585-e65a7e8859c8:c6655, 994b73f6-7725-4304-b3a4-4941318c1d6c:c6655]
2019-07-08 19:54:23,313 INFO  client.GrpcClientProtocolClient (GrpcClientProtocolClient.java:onNext(255)) - client-4C8F4A6855D6->056ae293-26b5-4d67-bc5d-e905a6760a80: receive RaftClientReply:client-4C8F4A6855D6->056ae293-26b5-4d67-bc5d-e905a6760a80@group-50E32BB97A46, cid=4365, SUCCESS, logIndex=6657, commits[056ae293-26b5-4d67-bc5d-e905a6760a80:c6657, a428730f-9893-43cb-a585-e65a7e8859c8:c6655, 994b73f6-7725-4304-b3a4-4941318c1d6c:c6655]
2019-07-08 19:54:23,327 INFO  client.GrpcClientProtocolClient (GrpcClientProtocolClient.java:onNext(255)) - client-4C8F4A6855D6->056ae293-26b5-4d67-bc5d-e905a6760a80: receive RaftClientReply:client-4C8F4A6855D6->056ae293-26b5-4d67-bc5d-e905a6760a80@group-50E32BB97A46, cid=4366, SUCCESS, logIndex=6660, commits[056ae293-26b5-4d67-bc5d-e905a6760a80:c6661, a428730f-9893-43cb-a585-e65a7e8859c8:c6656, 994b73f6-7725-4304-b3a4-4941318c1d6c:c6657]
2019-07-08 19:54:23,327 INFO  client.GrpcClientProtocolClient (GrpcClientProtocolClient.java:onNext(255)) - client-4C8F4A6855D6->056ae293-26b5-4d67-bc5d-e905a6760a80: receive RaftClientReply:client-4C8F4A6855D6->056ae293-26b5-4d67-bc5d-e905a6760a80@group-50E32BB97A46, cid=4367, SUCCESS, logIndex=6661, commits[056ae293-26b5-4d67-bc5d-e905a6760a80:c6661, a428730f-9893-43cb-a585-e65a7e8859c8:c6657, 994b73f6-7725-4304-b3a4-4941318c1d6c:c6657]
2019-07-08 19:54:23,329 INFO  client.GrpcClientProtocolClient (GrpcClientProtocolClient.java:onNext(255)) - client-4C8F4A6855D6->056ae293-26b5-4d67-bc5d-e905a6760a80: receive RaftClientReply:client-4C8F4A6855D6->056ae293-26b5-4d67-bc5d-e905a6760a80@group-50E32BB97A46, cid=4368, SUCCESS, logIndex=0, commits[056ae293-26b5-4d67-bc5d-e905a6760a80:c6662, a428730f-9893-43cb-a585-e65a7e8859c8:c6661, 994b73f6-7725-4304-b3a4-4941318c1d6c:c6661]
2019-07-08 19:54:23,367 INFO  client.GrpcClientProtocolClient (GrpcClientProtocolClient.java:onNext(255)) - client-4C8F4A6855D6->056ae293-26b5-4d67-bc5d-e905a6760a80: receive RaftClientReply:client-4C8F4A6855D6->056ae293-26b5-4d67-bc5d-e905a6760a80@group-50E32BB97A46, cid=4369, SUCCESS, logIndex=6664, commits[056ae293-26b5-4d67-bc5d-e905a6760a80:c6665, a428730f-9893-43cb-a585-e65a7e8859c8:c6663, 994b73f6-7725-4304-b3a4-4941318c1d6c:c6663]
2019-07-08 19:54:23,368 INFO  client.GrpcClientProtocolClient (GrpcClientProtocolClient.java:onNext(255)) - client-4C8F4A6855D6->056ae293-26b5-4d67-bc5d-e905a6760a80: receive RaftClientReply:client-4C8F4A6855D6->056ae293-26b5-4d67-bc5d-e905a6760a80@group-50E32BB97A46, cid=4370, SUCCESS, logIndex=6665, commits[056ae293-26b5-4d67-bc5d-e905a6760a80:c6667, a428730f-9893-43cb-a585-e65a7e8859c8:c6663, 994b73f6-7725-4304-b3a4-4941318c1d6c:c6663]
2019-07-08 19:54:23,369 INFO  client.GrpcClientProtocolClient (GrpcClientProtocolClient.java:onNext(255)) - client-4C8F4A6855D6->056ae293-26b5-4d67-bc5d-e905a6760a80: receive RaftClientReply:client-4C8F4A6855D6->056ae293-26b5-4d67-bc5d-e905a6760a80@group-50E32BB97A46, cid=4371, SUCCESS, logIndex=6666, commits[056ae293-26b5-4d67-bc5d-e905a6760a80:c6667, a428730f-9893-43cb-a585-e65a7e8859c8:c6663, 994b73f6-7725-4304-b3a4-4941318c1d6c:c6663]
2019-07-08 19:54:23,369 INFO  client.GrpcClientProtocolClient (GrpcClientProtocolClient.java:onNext(255)) - client-4C8F4A6855D6->056ae293-26b5-4d67-bc5d-e905a6760a80: receive RaftClientReply:client-4C8F4A6855D6->056ae293-26b5-4d67-bc5d-e905a6760a80@group-50E32BB97A46, cid=4372, SUCCESS, logIndex=6667, commits[056ae293-26b5-4d67-bc5d-e905a6760a80:c6667, a428730f-9893-43cb-a585-e65a7e8859c8:c6663, 994b73f6-7725-4304-b3a4-4941318c1d6c:c6663]
2019-07-08 19:54:23,370 INFO  client.GrpcClientProtocolClient (GrpcClientProtocolClient.java:onNext(255)) - client-4C8F4A6855D6->056ae293-26b5-4d67-bc5d-e905a6760a80: receive RaftClientReply:client-4C8F4A6855D6->056ae293-26b5-4d67-bc5d-e905a6760a80@group-50E32BB97A46, cid=4373, SUCCESS, logIndex=0, commits[056ae293-26b5-4d67-bc5d-e905a6760a80:c6671, a428730f-9893-43cb-a585-e65a7e8859c8:c6667, 994b73f6-7725-4304-b3a4-4941318c1d6c:c6667]
2019-07-08 19:54:23,390 INFO  client.GrpcClientProtocolClient (GrpcClientProtocolClient.java:onNext(255)) - client-4C8F4A6855D6->056ae293-26b5-4d67-bc5d-e905a6760a80: receive RaftClientReply:client-4C8F4A6855D6->056ae293-26b5-4d67-bc5d-e905a6760a80@group-50E32BB97A46, cid=4374, SUCCESS, logIndex=6672, commits[056ae293-26b5-4d67-bc5d-e905a6760a80:c6672, a428730f-9893-43cb-a585-e65a7e8859c8:c6671, 994b73f6-7725-4304-b3a4-4941318c1d6c:c6671]
2019-07-08 19:54:23,390 INFO  client.GrpcClientProtocolClient (GrpcClientProtocolClient.java:onNext(255)) - client-4C8F4A6855D6->056ae293-26b5-4d67-bc5d-e905a6760a80: receive RaftClientReply:client-4C8F4A6855D6->056ae293-26b5-4d67-bc5d-e905a6760a80@group-50E32BB97A46, cid=4375, SUCCESS, logIndex=6673, commits[056ae293-26b5-4d67-bc5d-e905a6760a80:c6673, a428730f-9893-43cb-a585-e65a7e8859c8:c6671, 994b73f6-7725-4304-b3a4-4941318c1d6c:c6671]
2019-07-08 19:54:23,403 INFO  client.GrpcClientProtocolClient (GrpcClientProtocolClient.java:onNext(255)) - client-4C8F4A6855D6->056ae293-26b5-4d67-bc5d-e905a6760a80: receive RaftClientReply:client-4C8F4A6855D6->056ae293-26b5-4d67-bc5d-e905a6760a80@group-50E32BB97A46, cid=4376, SUCCESS, logIndex=6676, commits[056ae293-26b5-4d67-bc5d-e905a6760a80:c6677, a428730f-9893-43cb-a585-e65a7e8859c8:c6672, 994b73f6-7725-4304-b3a4-4941318c1d6c:c6673]
2019-07-08 19:54:23,403 INFO  client.GrpcClientProtocolClient (GrpcClientProtocolClient.java:onNext(255)) - client-4C8F4A6855D6->056ae293-26b5-4d67-bc5d-e905a6760a80: receive RaftClientReply:client-4C8F4A6855D6->056ae293-26b5-4d67-bc5d-e905a6760a80@group-50E32BB97A46, cid=4377, SUCCESS, logIndex=6677, commits[056ae293-26b5-4d67-bc5d-e905a6760a80:c6677, a428730f-9893-43cb-a585-e65a7e8859c8:c6673, 994b73f6-7725-4304-b3a4-4941318c1d6c:c6673]
2019-07-08 19:54:23,405 INFO  client.GrpcClientProtocolClient (GrpcClientProtocolClient.java:onNext(255)) - client-4C8F4A6855D6->056ae293-26b5-4d67-bc5d-e905a6760a80: receive RaftClientReply:client-4C8F4A6855D6->056ae293-26b5-4d67-bc5d-e905a6760a80@group-50E32BB97A46, cid=4378, SUCCESS, logIndex=0, commits[056ae293-26b5-4d67-bc5d-e905a6760a80:c6679, a428730f-9893-43cb-a585-e65a7e8859c8:c6677, 994b73f6-7725-4304-b3a4-4941318c1d6c:c6677]
2019-07-08 19:54:23,441 INFO  client.GrpcClientProtocolClient (GrpcClientProtocolClient.java:onNext(255)) - client-4C8F4A6855D6->056ae293-26b5-4d67-bc5d-e905a6760a80: receive RaftClientReply:client-4C8F4A6855D6->056ae293-26b5-4d67-bc5d-e905a6760a80@group-50E32BB97A46, cid=4379, SUCCESS, logIndex=6680, commits[056ae293-26b5-4d67-bc5d-e905a6760a80:c6681, a428730f-9893-43cb-a585-e65a7e8859c8:c6679, 994b73f6-7725-4304-b3a4-4941318c1d6c:c6679]
2019-07-08 19:54:23,442 INFO  client.GrpcClientProtocolClient (GrpcClientProtocolClient.java:onNext(255)) - client-4C8F4A6855D6->056ae293-26b5-4d67-bc5d-e905a6760a80: receive RaftClientReply:client-4C8F4A6855D6->056ae293-26b5-4d67-bc5d-e905a6760a80@group-50E32BB97A46, cid=4380, SUCCESS, logIndex=6681, commits[056ae293-26b5-4d67-bc5d-e905a6760a80:c6683, a428730f-9893-43cb-a585-e65a7e8859c8:c6679, 994b73f6-7725-4304-b3a4-4941318c1d6c:c6679]
2019-07-08 19:54:23,443 INFO  client.GrpcClientProtocolClient (GrpcClientProtocolClient.java:onNext(255)) - client-4C8F4A6855D6->056ae293-26b5-4d67-bc5d-e905a6760a80: receive RaftClientReply:client-4C8F4A6855D6->056ae293-26b5-4d67-bc5d-e905a6760a80@group-50E32BB97A46, cid=4381, SUCCESS, logIndex=6682, commits[056ae293-26b5-4d67-bc5d-e905a6760a80:c6683, a428730f-9893-43cb-a585-e65a7e8859c8:c6679, 994b73f6-7725-4304-b3a4-4941318c1d6c:c6679]
2019-07-08 19:54:23,443 INFO  client.GrpcClientProtocolClient (GrpcClientProtocolClient.java:onNext(255)) - client-4C8F4A6855D6->056ae293-26b5-4d67-bc5d-e905a6760a80: receive RaftClientReply:client-4C8F4A6855D6->056ae293-26b5-4d67-bc5d-e905a6760a80@group-50E32BB97A46, cid=4382, SUCCESS, logIndex=6683, commits[056ae293-26b5-4d67-bc5d-e905a6760a80:c6683, a428730f-9893-43cb-a585-e65a7e8859c8:c6679, 994b73f6-7725-4304-b3a4-4941318c1d6c:c6679]
2019-07-08 19:54:23,444 INFO  client.GrpcClientProtocolClient (GrpcClientProtocolClient.java:onNext(255)) - client-4C8F4A6855D6->056ae293-26b5-4d67-bc5d-e905a6760a80: receive RaftClientReply:client-4C8F4A6855D6->056ae293-26b5-4d67-bc5d-e905a6760a80@group-50E32BB97A46, cid=4383, SUCCESS, logIndex=0, commits[056ae293-26b5-4d67-bc5d-e905a6760a80:c6685, a428730f-9893-43cb-a585-e65a7e8859c8:c6681, 994b73f6-7725-4304-b3a4-4941318c1d6c:c6681]
2019-07-08 19:54:23,466 INFO  client.GrpcClientProtocolClient (GrpcClientProtocolClient.java:onNext(255)) - client-4C8F4A6855D6->056ae293-26b5-4d67-bc5d-e905a6760a80: receive RaftClientReply:client-4C8F4A6855D6->056ae293-26b5-4d67-bc5d-e905a6760a80@group-50E32BB97A46, cid=4384, SUCCESS, logIndex=6688, commits[056ae293-26b5-4d67-bc5d-e905a6760a80:c6689, a428730f-9893-43cb-a585-e65a7e8859c8:c6687, 994b73f6-7725-4304-b3a4-4941318c1d6c:c6687]
2019-07-08 19:54:23,466 INFO  client.GrpcClientProtocolClient (GrpcClientProtocolClient.java:onNext(255)) - client-4C8F4A6855D6->056ae293-26b5-4d67-bc5d-e905a6760a80: receive RaftClientReply:client-4C8F4A6855D6->056ae293-26b5-4d67-bc5d-e905a6760a80@group-50E32BB97A46, cid=4385, SUCCESS, logIndex=6689, commits[056ae293-26b5-4d67-bc5d-e905a6760a80:c6689, a428730f-9893-43cb-a585-e65a7e8859c8:c6687, 994b73f6-7725-4304-b3a4-4941318c1d6c:c6687]
2019-07-08 19:54:23,490 INFO  client.GrpcClientProtocolClient (GrpcClientProtocolClient.java:onNext(255)) - client-4C8F4A6855D6->056ae293-26b5-4d67-bc5d-e905a6760a80: receive RaftClientReply:client-4C8F4A6855D6->056ae293-26b5-4d67-bc5d-e905a6760a80@group-50E32BB97A46, cid=4386, SUCCESS, logIndex=6692, commits[056ae293-26b5-4d67-bc5d-e905a6760a80:c6693, a428730f-9893-43cb-a585-e65a7e8859c8:c6689, 994b73f6-7725-4304-b3a4-4941318c1d6c:c6688]
2019-07-08 19:54:23,491 INFO  client.GrpcClientProtocolClient (GrpcClientProtocolClient.java:onNext(255)) - client-4C8F4A6855D6->056ae293-26b5-4d67-bc5d-e905a6760a80: receive RaftClientReply:client-4C8F4A6855D6->056ae293-26b5-4d67-bc5d-e905a6760a80@group-50E32BB97A46, cid=4387, SUCCESS, logIndex=6693, commits[056ae293-26b5-4d67-bc5d-e905a6760a80:c6693, a428730f-9893-43cb-a585-e65a7e8859c8:c6689, 994b73f6-7725-4304-b3a4-4941318c1d6c:c6689]
2019-07-08 19:54:23,492 INFO  client.GrpcClientProtocolClient (GrpcClientProtocolClient.java:onNext(255)) - client-4C8F4A6855D6->056ae293-26b5-4d67-bc5d-e905a6760a80: receive RaftClientReply:client-4C8F4A6855D6->056ae293-26b5-4d67-bc5d-e905a6760a80@group-50E32BB97A46, cid=4388, SUCCESS, logIndex=0, commits[056ae293-26b5-4d67-bc5d-e905a6760a80:c6695, a428730f-9893-43cb-a585-e65a7e8859c8:c6693, 994b73f6-7725-4304-b3a4-4941318c1d6c:c6693]
2019-07-08 19:54:23,532 INFO  client.GrpcClientProtocolClient (GrpcClientProtocolClient.java:onNext(255)) - client-4C8F4A6855D6->056ae293-26b5-4d67-bc5d-e905a6760a80: receive RaftClientReply:client-4C8F4A6855D6->056ae293-26b5-4d67-bc5d-e905a6760a80@group-50E32BB97A46, cid=4389, SUCCESS, logIndex=6696, commits[056ae293-26b5-4d67-bc5d-e905a6760a80:c6697, a428730f-9893-43cb-a585-e65a7e8859c8:c6695, 994b73f6-7725-4304-b3a4-4941318c1d6c:c6695]
2019-07-08 19:54:23,533 INFO  client.GrpcClientProtocolClient (GrpcClientProtocolClient.java:onNext(255)) - client-4C8F4A6855D6->056ae293-26b5-4d67-bc5d-e905a6760a80: receive RaftClientReply:client-4C8F4A6855D6->056ae293-26b5-4d67-bc5d-e905a6760a80@group-50E32BB97A46, cid=4390, SUCCESS, logIndex=6697, commits[056ae293-26b5-4d67-bc5d-e905a6760a80:c6699, a428730f-9893-43cb-a585-e65a7e8859c8:c6695, 994b73f6-7725-4304-b3a4-4941318c1d6c:c6695]
2019-07-08 19:54:23,533 INFO  client.GrpcClientProtocolClient (GrpcClientProtocolClient.java:onNext(255)) - client-4C8F4A6855D6->056ae293-26b5-4d67-bc5d-e905a6760a80: receive RaftClientReply:client-4C8F4A6855D6->056ae293-26b5-4d67-bc5d-e905a6760a80@group-50E32BB97A46, cid=4391, SUCCESS, logIndex=6698, commits[056ae293-26b5-4d67-bc5d-e905a6760a80:c6699, a428730f-9893-43cb-a585-e65a7e8859c8:c6695, 994b73f6-7725-4304-b3a4-4941318c1d6c:c6695]
2019-07-08 19:54:23,533 INFO  client.GrpcClientProtocolClient (GrpcClientProtocolClient.java:onNext(255)) - client-4C8F4A6855D6->056ae293-26b5-4d67-bc5d-e905a6760a80: receive RaftClientReply:client-4C8F4A6855D6->056ae293-26b5-4d67-bc5d-e905a6760a80@group-50E32BB97A46, cid=4392, SUCCESS, logIndex=6699, commits[056ae293-26b5-4d67-bc5d-e905a6760a80:c6699, a428730f-9893-43cb-a585-e65a7e8859c8:c6695, 994b73f6-7725-4304-b3a4-4941318c1d6c:c6695]
2019-07-08 19:54:23,535 INFO  client.GrpcClientProtocolClient (GrpcClientProtocolClient.java:onNext(255)) - client-4C8F4A6855D6->056ae293-26b5-4d67-bc5d-e905a6760a80: receive RaftClientReply:client-4C8F4A6855D6->056ae293-26b5-4d67-bc5d-e905a6760a80@group-50E32BB97A46, cid=4393, SUCCESS, logIndex=0, commits[056ae293-26b5-4d67-bc5d-e905a6760a80:c6701, a428730f-9893-43cb-a585-e65a7e8859c8:c6697, 994b73f6-7725-4304-b3a4-4941318c1d6c:c6697]
2019-07-08 19:54:23,557 INFO  client.GrpcClientProtocolClient (GrpcClientProtocolClient.java:onNext(255)) - client-4C8F4A6855D6->056ae293-26b5-4d67-bc5d-e905a6760a80: receive RaftClientReply:client-4C8F4A6855D6->056ae293-26b5-4d67-bc5d-e905a6760a80@group-50E32BB97A46, cid=4394, SUCCESS, logIndex=6704, commits[056ae293-26b5-4d67-bc5d-e905a6760a80:c6705, a428730f-9893-43cb-a585-e65a7e8859c8:c6703, 994b73f6-7725-4304-b3a4-4941318c1d6c:c6703]
2019-07-08 19:54:23,557 INFO  client.GrpcClientProtocolClient (GrpcClientProtocolClient.java:onNext(255)) - client-4C8F4A6855D6->056ae293-26b5-4d67-bc5d-e905a6760a80: receive RaftClientReply:client-4C8F4A6855D6->056ae293-26b5-4d67-bc5d-e905a6760a80@group-50E32BB97A46, cid=4395, SUCCESS, logIndex=6705, commits[056ae293-26b5-4d67-bc5d-e905a6760a80:c6705, a428730f-9893-43cb-a585-e65a7e8859c8:c6703, 994b73f6-7725-4304-b3a4-4941318c1d6c:c6703]
2019-07-08 19:54:23,570 INFO  client.GrpcClientProtocolClient (GrpcClientProtocolClient.java:onNext(255)) - client-4C8F4A6855D6->056ae293-26b5-4d67-bc5d-e905a6760a80: receive RaftClientReply:client-4C8F4A6855D6->056ae293-26b5-4d67-bc5d-e905a6760a80@group-50E32BB97A46, cid=4396, SUCCESS, logIndex=6708, commits[056ae293-26b5-4d67-bc5d-e905a6760a80:c6709, a428730f-9893-43cb-a585-e65a7e8859c8:c6707, 994b73f6-7725-4304-b3a4-4941318c1d6c:c6705]
2019-07-08 19:54:23,571 INFO  client.GrpcClientProtocolClient (GrpcClientProtocolClient.java:onNext(255)) - client-4C8F4A6855D6->056ae293-26b5-4d67-bc5d-e905a6760a80: receive RaftClientReply:client-4C8F4A6855D6->056ae293-26b5-4d67-bc5d-e905a6760a80@group-50E32BB97A46, cid=4397, SUCCESS, logIndex=6709, commits[056ae293-26b5-4d67-bc5d-e905a6760a80:c6709, a428730f-9893-43cb-a585-e65a7e8859c8:c6707, 994b73f6-7725-4304-b3a4-4941318c1d6c:c6707]
2019-07-08 19:54:23,574 INFO  client.GrpcClientProtocolClient (GrpcClientProtocolClient.java:onNext(255)) - client-4C8F4A6855D6->056ae293-26b5-4d67-bc5d-e905a6760a80: receive RaftClientReply:client-4C8F4A6855D6->056ae293-26b5-4d67-bc5d-e905a6760a80@group-50E32BB97A46, cid=4398, SUCCESS, logIndex=0, commits[056ae293-26b5-4d67-bc5d-e905a6760a80:c6711, a428730f-9893-43cb-a585-e65a7e8859c8:c6709, 994b73f6-7725-4304-b3a4-4941318c1d6c:c6709]
 0.00% |█                                                                                                    |  0/1 Time: 0:01:192019-07-08 19:54:23,621 INFO  client.GrpcClientProtocolClient (GrpcClientProtocolClient.java:onNext(255)) - client-4C8F4A6855D6->056ae293-26b5-4d67-bc5d-e905a6760a80: receive RaftClientReply:client-4C8F4A6855D6->056ae293-26b5-4d67-bc5d-e905a6760a80@group-50E32BB97A46, cid=4399, SUCCESS, logIndex=6712, commits[056ae293-26b5-4d67-bc5d-e905a6760a80:c6713, a428730f-9893-43cb-a585-e65a7e8859c8:c6711, 994b73f6-7725-4304-b3a4-4941318c1d6c:c6711]
2019-07-08 19:54:23,624 INFO  client.GrpcClientProtocolClient (GrpcClientProtocolClient.java:onNext(255)) - client-4C8F4A6855D6->056ae293-26b5-4d67-bc5d-e905a6760a80: receive RaftClientReply:client-4C8F4A6855D6->056ae293-26b5-4d67-bc5d-e905a6760a80@group-50E32BB97A46, cid=4400, SUCCESS, logIndex=6713, commits[056ae293-26b5-4d67-bc5d-e905a6760a80:c6715, a428730f-9893-43cb-a585-e65a7e8859c8:c6711, 994b73f6-7725-4304-b3a4-4941318c1d6c:c6711]
2019-07-08 19:54:23,625 INFO  client.GrpcClientProtocolClient (GrpcClientProtocolClient.java:onNext(255)) - client-4C8F4A6855D6->056ae293-26b5-4d67-bc5d-e905a6760a80: receive RaftClientReply:client-4C8F4A6855D6->056ae293-26b5-4d67-bc5d-e905a6760a80@group-50E32BB97A46, cid=4401, SUCCESS, logIndex=6714, commits[056ae293-26b5-4d67-bc5d-e905a6760a80:c6715, a428730f-9893-43cb-a585-e65a7e8859c8:c6711, 994b73f6-7725-4304-b3a4-4941318c1d6c:c6711]
2019-07-08 19:54:23,625 INFO  client.GrpcClientProtocolClient (GrpcClientProtocolClient.java:onNext(255)) - client-4C8F4A6855D6->056ae293-26b5-4d67-bc5d-e905a6760a80: receive RaftClientReply:client-4C8F4A6855D6->056ae293-26b5-4d67-bc5d-e905a6760a80@group-50E32BB97A46, cid=4402, SUCCESS, logIndex=6715, commits[056ae293-26b5-4d67-bc5d-e905a6760a80:c6717, a428730f-9893-43cb-a585-e65a7e8859c8:c6713, 994b73f6-7725-4304-b3a4-4941318c1d6c:c6711]
2019-07-08 19:54:23,626 INFO  client.GrpcClientProtocolClient (GrpcClientProtocolClient.java:onNext(255)) - client-4C8F4A6855D6->056ae293-26b5-4d67-bc5d-e905a6760a80: receive RaftClientReply:client-4C8F4A6855D6->056ae293-26b5-4d67-bc5d-e905a6760a80@group-50E32BB97A46, cid=4403, SUCCESS, logIndex=0, commits[056ae293-26b5-4d67-bc5d-e905a6760a80:c6718, a428730f-9893-43cb-a585-e65a7e8859c8:c6713, 994b73f6-7725-4304-b3a4-4941318c1d6c:c6714]
2019-07-08 19:54:23,652 INFO  client.GrpcClientProtocolClient (GrpcClientProtocolClient.java:onNext(255)) - client-4C8F4A6855D6->056ae293-26b5-4d67-bc5d-e905a6760a80: receive RaftClientReply:client-4C8F4A6855D6->056ae293-26b5-4d67-bc5d-e905a6760a80@group-50E32BB97A46, cid=4404, SUCCESS, logIndex=6720, commits[056ae293-26b5-4d67-bc5d-e905a6760a80:c6721, a428730f-9893-43cb-a585-e65a7e8859c8:c6718, 994b73f6-7725-4304-b3a4-4941318c1d6c:c6718]
2019-07-08 19:54:23,652 INFO  client.GrpcClientProtocolClient (GrpcClientProtocolClient.java:onNext(255)) - client-4C8F4A6855D6->056ae293-26b5-4d67-bc5d-e905a6760a80: receive RaftClientReply:client-4C8F4A6855D6->056ae293-26b5-4d67-bc5d-e905a6760a80@group-50E32BB97A46, cid=4405, SUCCESS, logIndex=6721, commits[056ae293-26b5-4d67-bc5d-e905a6760a80:c6721, a428730f-9893-43cb-a585-e65a7e8859c8:c6718, 994b73f6-7725-4304-b3a4-4941318c1d6c:c6718]
2019-07-08 19:54:23,692 INFO  client.GrpcClientProtocolClient (GrpcClientProtocolClient.java:onNext(255)) - client-4C8F4A6855D6->056ae293-26b5-4d67-bc5d-e905a6760a80: receive RaftClientReply:client-4C8F4A6855D6->056ae293-26b5-4d67-bc5d-e905a6760a80@group-50E32BB97A46, cid=4406, SUCCESS, logIndex=6724, commits[056ae293-26b5-4d67-bc5d-e905a6760a80:c6725, a428730f-9893-43cb-a585-e65a7e8859c8:c6721, 994b73f6-7725-4304-b3a4-4941318c1d6c:c6721]
2019-07-08 19:54:23,692 INFO  client.GrpcClientProtocolClient (GrpcClientProtocolClient.java:onNext(255)) - client-4C8F4A6855D6->056ae293-26b5-4d67-bc5d-e905a6760a80: receive RaftClientReply:client-4C8F4A6855D6->056ae293-26b5-4d67-bc5d-e905a6760a80@group-50E32BB97A46, cid=4407, SUCCESS, logIndex=6725, commits[056ae293-26b5-4d67-bc5d-e905a6760a80:c6725, a428730f-9893-43cb-a585-e65a7e8859c8:c6721, 994b73f6-7725-4304-b3a4-4941318c1d6c:c6721]
2019-07-08 19:54:23,705 INFO  client.GrpcClientProtocolClient (GrpcClientProtocolClient.java:onNext(255)) - client-4C8F4A6855D6->056ae293-26b5-4d67-bc5d-e905a6760a80: receive RaftClientReply:client-4C8F4A6855D6->056ae293-26b5-4d67-bc5d-e905a6760a80@group-50E32BB97A46, cid=4408, SUCCESS, logIndex=0, commits[056ae293-26b5-4d67-bc5d-e905a6760a80:c6727, a428730f-9893-43cb-a585-e65a7e8859c8:c6725, 994b73f6-7725-4304-b3a4-4941318c1d6c:c6725]
2019-07-08 19:54:23,744 INFO  client.GrpcClientProtocolClient (GrpcClientProtocolClient.java:onNext(255)) - client-4C8F4A6855D6->056ae293-26b5-4d67-bc5d-e905a6760a80: receive RaftClientReply:client-4C8F4A6855D6->056ae293-26b5-4d67-bc5d-e905a6760a80@group-50E32BB97A46, cid=4409, SUCCESS, logIndex=6728, commits[056ae293-26b5-4d67-bc5d-e905a6760a80:c6728, a428730f-9893-43cb-a585-e65a7e8859c8:c6727, 994b73f6-7725-4304-b3a4-4941318c1d6c:c6727]
2019-07-08 19:54:23,745 INFO  client.GrpcClientProtocolClient (GrpcClientProtocolClient.java:onNext(255)) - client-4C8F4A6855D6->056ae293-26b5-4d67-bc5d-e905a6760a80: receive RaftClientReply:client-4C8F4A6855D6->056ae293-26b5-4d67-bc5d-e905a6760a80@group-50E32BB97A46, cid=4410, SUCCESS, logIndex=6729, commits[056ae293-26b5-4d67-bc5d-e905a6760a80:c6731, a428730f-9893-43cb-a585-e65a7e8859c8:c6727, 994b73f6-7725-4304-b3a4-4941318c1d6c:c6727]
2019-07-08 19:54:23,745 INFO  client.GrpcClientProtocolClient (GrpcClientProtocolClient.java:onNext(255)) - client-4C8F4A6855D6->056ae293-26b5-4d67-bc5d-e905a6760a80: receive RaftClientReply:client-4C8F4A6855D6->056ae293-26b5-4d67-bc5d-e905a6760a80@group-50E32BB97A46, cid=4411, SUCCESS, logIndex=6730, commits[056ae293-26b5-4d67-bc5d-e905a6760a80:c6731, a428730f-9893-43cb-a585-e65a7e8859c8:c6727, 994b73f6-7725-4304-b3a4-4941318c1d6c:c6727]
2019-07-08 19:54:23,745 INFO  client.GrpcClientProtocolClient (GrpcClientProtocolClient.java:onNext(255)) - client-4C8F4A6855D6->056ae293-26b5-4d67-bc5d-e905a6760a80: receive RaftClientReply:client-4C8F4A6855D6->056ae293-26b5-4d67-bc5d-e905a6760a80@group-50E32BB97A46, cid=4412, SUCCESS, logIndex=6731, commits[056ae293-26b5-4d67-bc5d-e905a6760a80:c6731, a428730f-9893-43cb-a585-e65a7e8859c8:c6727, 994b73f6-7725-4304-b3a4-4941318c1d6c:c6727]
2019-07-08 19:54:23,747 INFO  client.GrpcClientProtocolClient (GrpcClientProtocolClient.java:onNext(255)) - client-4C8F4A6855D6->056ae293-26b5-4d67-bc5d-e905a6760a80: receive RaftClientReply:client-4C8F4A6855D6->056ae293-26b5-4d67-bc5d-e905a6760a80@group-50E32BB97A46, cid=4413, SUCCESS, logIndex=0, commits[056ae293-26b5-4d67-bc5d-e905a6760a80:c6733, a428730f-9893-43cb-a585-e65a7e8859c8:c6730, 994b73f6-7725-4304-b3a4-4941318c1d6c:c6730]
2019-07-08 19:54:23,767 INFO  client.GrpcClientProtocolClient (GrpcClientProtocolClient.java:onNext(255)) - client-4C8F4A6855D6->056ae293-26b5-4d67-bc5d-e905a6760a80: receive RaftClientReply:client-4C8F4A6855D6->056ae293-26b5-4d67-bc5d-e905a6760a80@group-50E32BB97A46, cid=4414, SUCCESS, logIndex=6735, commits[056ae293-26b5-4d67-bc5d-e905a6760a80:c6735, a428730f-9893-43cb-a585-e65a7e8859c8:c6734, 994b73f6-7725-4304-b3a4-4941318c1d6c:c6734]
2019-07-08 19:54:23,768 INFO  client.GrpcClientProtocolClient (GrpcClientProtocolClient.java:onNext(255)) - client-4C8F4A6855D6->056ae293-26b5-4d67-bc5d-e905a6760a80: receive RaftClientReply:client-4C8F4A6855D6->056ae293-26b5-4d67-bc5d-e905a6760a80@group-50E32BB97A46, cid=4415, SUCCESS, logIndex=6736, commits[056ae293-26b5-4d67-bc5d-e905a6760a80:c6736, a428730f-9893-43cb-a585-e65a7e8859c8:c6734, 994b73f6-7725-4304-b3a4-4941318c1d6c:c6734]
2019-07-08 19:54:23,781 INFO  client.GrpcClientProtocolClient (GrpcClientProtocolClient.java:onNext(255)) - client-4C8F4A6855D6->056ae293-26b5-4d67-bc5d-e905a6760a80: receive RaftClientReply:client-4C8F4A6855D6->056ae293-26b5-4d67-bc5d-e905a6760a80@group-50E32BB97A46, cid=4416, SUCCESS, logIndex=6739, commits[056ae293-26b5-4d67-bc5d-e905a6760a80:c6740, a428730f-9893-43cb-a585-e65a7e8859c8:c6735, 994b73f6-7725-4304-b3a4-4941318c1d6c:c6736]
2019-07-08 19:54:23,781 INFO  client.GrpcClientProtocolClient (GrpcClientProtocolClient.java:onNext(255)) - client-4C8F4A6855D6->056ae293-26b5-4d67-bc5d-e905a6760a80: receive RaftClientReply:client-4C8F4A6855D6->056ae293-26b5-4d67-bc5d-e905a6760a80@group-50E32BB97A46, cid=4417, SUCCESS, logIndex=6740, commits[056ae293-26b5-4d67-bc5d-e905a6760a80:c6740, a428730f-9893-43cb-a585-e65a7e8859c8:c6735, 994b73f6-7725-4304-b3a4-4941318c1d6c:c6736]
2019-07-08 19:54:23,783 INFO  client.GrpcClientProtocolClient (GrpcClientProtocolClient.java:onNext(255)) - client-4C8F4A6855D6->056ae293-26b5-4d67-bc5d-e905a6760a80: receive RaftClientReply:client-4C8F4A6855D6->056ae293-26b5-4d67-bc5d-e905a6760a80@group-50E32BB97A46, cid=4418, SUCCESS, logIndex=0, commits[056ae293-26b5-4d67-bc5d-e905a6760a80:c6740, a428730f-9893-43cb-a585-e65a7e8859c8:c6736, 994b73f6-7725-4304-b3a4-4941318c1d6c:c6736]
2019-07-08 19:54:23,784 INFO  client.GrpcClientProtocolClient (GrpcClientProtocolClient.java:onNext(255)) - client-4C8F4A6855D6->056ae293-26b5-4d67-bc5d-e905a6760a80: receive RaftClientReply:client-4C8F4A6855D6->056ae293-26b5-4d67-bc5d-e905a6760a80@group-50E32BB97A46, cid=4419, SUCCESS, logIndex=0, commits[056ae293-26b5-4d67-bc5d-e905a6760a80:c6742, a428730f-9893-43cb-a585-e65a7e8859c8:c6740, 994b73f6-7725-4304-b3a4-4941318c1d6c:c6740]
2019-07-08 19:54:23,810 INFO  client.GrpcClientProtocolClient (GrpcClientProtocolClient.java:onNext(255)) - client-4C8F4A6855D6->056ae293-26b5-4d67-bc5d-e905a6760a80: receive RaftClientReply:client-4C8F4A6855D6->056ae293-26b5-4d67-bc5d-e905a6760a80@group-50E32BB97A46, cid=4420, SUCCESS, logIndex=6743, commits[056ae293-26b5-4d67-bc5d-e905a6760a80:c6744, a428730f-9893-43cb-a585-e65a7e8859c8:c6740, 994b73f6-7725-4304-b3a4-4941318c1d6c:c6742]
2019-07-08 19:54:23,810 INFO  client.GrpcClientProtocolClient (GrpcClientProtocolClient.java:onNext(255)) - client-4C8F4A6855D6->056ae293-26b5-4d67-bc5d-e905a6760a80: receive RaftClientReply:client-4C8F4A6855D6->056ae293-26b5-4d67-bc5d-e905a6760a80@group-50E32BB97A46, cid=4421, SUCCESS, logIndex=6744, commits[056ae293-26b5-4d67-bc5d-e905a6760a80:c6744, a428730f-9893-43cb-a585-e65a7e8859c8:c6740, 994b73f6-7725-4304-b3a4-4941318c1d6c:c6742]
2019-07-08 19:54:23,813 INFO  client.GrpcClientProtocolClient (GrpcClientProtocolClient.java:onNext(255)) - client-4C8F4A6855D6->056ae293-26b5-4d67-bc5d-e905a6760a80: receive RaftClientReply:client-4C8F4A6855D6->056ae293-26b5-4d67-bc5d-e905a6760a80@group-50E32BB97A46, cid=4422, SUCCESS, logIndex=6745, commits[056ae293-26b5-4d67-bc5d-e905a6760a80:c6747, a428730f-9893-43cb-a585-e65a7e8859c8:c6742, 994b73f6-7725-4304-b3a4-4941318c1d6c:c6743]
2019-07-08 19:54:23,813 INFO  client.GrpcClientProtocolClient (GrpcClientProtocolClient.java:onNext(255)) - client-4C8F4A6855D6->056ae293-26b5-4d67-bc5d-e905a6760a80: receive RaftClientReply:client-4C8F4A6855D6->056ae293-26b5-4d67-bc5d-e905a6760a80@group-50E32BB97A46, cid=4423, SUCCESS, logIndex=6746, commits[056ae293-26b5-4d67-bc5d-e905a6760a80:c6748, a428730f-9893-43cb-a585-e65a7e8859c8:c6744, 994b73f6-7725-4304-b3a4-4941318c1d6c:c6744]
2019-07-08 19:54:23,826 INFO  client.GrpcClientProtocolClient (GrpcClientProtocolClient.java:onNext(255)) - client-4C8F4A6855D6->056ae293-26b5-4d67-bc5d-e905a6760a80: receive RaftClientReply:client-4C8F4A6855D6->056ae293-26b5-4d67-bc5d-e905a6760a80@group-50E32BB97A46, cid=4424, SUCCESS, logIndex=6751, commits[056ae293-26b5-4d67-bc5d-e905a6760a80:c6752, a428730f-9893-43cb-a585-e65a7e8859c8:c6746, 994b73f6-7725-4304-b3a4-4941318c1d6c:c6750]
2019-07-08 19:54:23,826 INFO  client.GrpcClientProtocolClient (GrpcClientProtocolClient.java:onNext(255)) - client-4C8F4A6855D6->056ae293-26b5-4d67-bc5d-e905a6760a80: receive RaftClientReply:client-4C8F4A6855D6->056ae293-26b5-4d67-bc5d-e905a6760a80@group-50E32BB97A46, cid=4425, SUCCESS, logIndex=6752, commits[056ae293-26b5-4d67-bc5d-e905a6760a80:c6752, a428730f-9893-43cb-a585-e65a7e8859c8:c6750, 994b73f6-7725-4304-b3a4-4941318c1d6c:c6750]
2019-07-08 19:54:23,841 INFO  client.GrpcClientProtocolClient (GrpcClientProtocolClient.java:onNext(255)) - client-4C8F4A6855D6->056ae293-26b5-4d67-bc5d-e905a6760a80: receive RaftClientReply:client-4C8F4A6855D6->056ae293-26b5-4d67-bc5d-e905a6760a80@group-50E32BB97A46, cid=4426, SUCCESS, logIndex=6755, commits[056ae293-26b5-4d67-bc5d-e905a6760a80:c6756, a428730f-9893-43cb-a585-e65a7e8859c8:c6754, 994b73f6-7725-4304-b3a4-4941318c1d6c:c6754]
2019-07-08 19:54:23,841 INFO  client.GrpcClientProtocolClient (GrpcClientProtocolClient.java:onNext(255)) - client-4C8F4A6855D6->056ae293-26b5-4d67-bc5d-e905a6760a80: receive RaftClientReply:client-4C8F4A6855D6->056ae293-26b5-4d67-bc5d-e905a6760a80@group-50E32BB97A46, cid=4427, SUCCESS, logIndex=6756, commits[056ae293-26b5-4d67-bc5d-e905a6760a80:c6756, a428730f-9893-43cb-a585-e65a7e8859c8:c6754, 994b73f6-7725-4304-b3a4-4941318c1d6c:c6754]
2019-07-08 19:54:23,844 INFO  client.GrpcClientProtocolClient (GrpcClientProtocolClient.java:onNext(255)) - client-4C8F4A6855D6->056ae293-26b5-4d67-bc5d-e905a6760a80: receive RaftClientReply:client-4C8F4A6855D6->056ae293-26b5-4d67-bc5d-e905a6760a80@group-50E32BB97A46, cid=4428, SUCCESS, logIndex=0, commits[056ae293-26b5-4d67-bc5d-e905a6760a80:c6758, a428730f-9893-43cb-a585-e65a7e8859c8:c6756, 994b73f6-7725-4304-b3a4-4941318c1d6c:c6756]
2019-07-08 19:54:23,888 INFO  client.GrpcClientProtocolClient (GrpcClientProtocolClient.java:onNext(255)) - client-4C8F4A6855D6->056ae293-26b5-4d67-bc5d-e905a6760a80: receive RaftClientReply:client-4C8F4A6855D6->056ae293-26b5-4d67-bc5d-e905a6760a80@group-50E32BB97A46, cid=4429, SUCCESS, logIndex=6759, commits[056ae293-26b5-4d67-bc5d-e905a6760a80:c6760, a428730f-9893-43cb-a585-e65a7e8859c8:c6756, 994b73f6-7725-4304-b3a4-4941318c1d6c:c6758]
2019-07-08 19:54:23,889 INFO  client.GrpcClientProtocolClient (GrpcClientProtocolClient.java:onNext(255)) - client-4C8F4A6855D6->056ae293-26b5-4d67-bc5d-e905a6760a80: receive RaftClientReply:client-4C8F4A6855D6->056ae293-26b5-4d67-bc5d-e905a6760a80@group-50E32BB97A46, cid=4430, SUCCESS, logIndex=6760, commits[056ae293-26b5-4d67-bc5d-e905a6760a80:c6760, a428730f-9893-43cb-a585-e65a7e8859c8:c6758, 994b73f6-7725-4304-b3a4-4941318c1d6c:c6758]
2019-07-08 19:54:23,889 INFO  client.GrpcClientProtocolClient (GrpcClientProtocolClient.java:onNext(255)) - client-4C8F4A6855D6->056ae293-26b5-4d67-bc5d-e905a6760a80: receive RaftClientReply:client-4C8F4A6855D6->056ae293-26b5-4d67-bc5d-e905a6760a80@group-50E32BB97A46, cid=4431, SUCCESS, logIndex=6761, commits[056ae293-26b5-4d67-bc5d-e905a6760a80:c6762, a428730f-9893-43cb-a585-e65a7e8859c8:c6758, 994b73f6-7725-4304-b3a4-4941318c1d6c:c6758]
2019-07-08 19:54:23,889 INFO  client.GrpcClientProtocolClient (GrpcClientProtocolClient.java:onNext(255)) - client-4C8F4A6855D6->056ae293-26b5-4d67-bc5d-e905a6760a80: receive RaftClientReply:client-4C8F4A6855D6->056ae293-26b5-4d67-bc5d-e905a6760a80@group-50E32BB97A46, cid=4432, SUCCESS, logIndex=6762, commits[056ae293-26b5-4d67-bc5d-e905a6760a80:c6762, a428730f-9893-43cb-a585-e65a7e8859c8:c6758, 994b73f6-7725-4304-b3a4-4941318c1d6c:c6758]
2019-07-08 19:54:23,891 INFO  client.GrpcClientProtocolClient (GrpcClientProtocolClient.java:onNext(255)) - client-4C8F4A6855D6->056ae293-26b5-4d67-bc5d-e905a6760a80: receive RaftClientReply:client-4C8F4A6855D6->056ae293-26b5-4d67-bc5d-e905a6760a80@group-50E32BB97A46, cid=4433, SUCCESS, logIndex=0, commits[056ae293-26b5-4d67-bc5d-e905a6760a80:c6764, a428730f-9893-43cb-a585-e65a7e8859c8:c6760, 994b73f6-7725-4304-b3a4-4941318c1d6c:c6760]
2019-07-08 19:54:23,913 INFO  client.GrpcClientProtocolClient (GrpcClientProtocolClient.java:onNext(255)) - client-4C8F4A6855D6->056ae293-26b5-4d67-bc5d-e905a6760a80: receive RaftClientReply:client-4C8F4A6855D6->056ae293-26b5-4d67-bc5d-e905a6760a80@group-50E32BB97A46, cid=4434, SUCCESS, logIndex=6766, commits[056ae293-26b5-4d67-bc5d-e905a6760a80:c6766, a428730f-9893-43cb-a585-e65a7e8859c8:c6765, 994b73f6-7725-4304-b3a4-4941318c1d6c:c6765]
2019-07-08 19:54:23,913 INFO  client.GrpcClientProtocolClient (GrpcClientProtocolClient.java:onNext(255)) - client-4C8F4A6855D6->056ae293-26b5-4d67-bc5d-e905a6760a80: receive RaftClientReply:client-4C8F4A6855D6->056ae293-26b5-4d67-bc5d-e905a6760a80@group-50E32BB97A46, cid=4435, SUCCESS, logIndex=6767, commits[056ae293-26b5-4d67-bc5d-e905a6760a80:c6767, a428730f-9893-43cb-a585-e65a7e8859c8:c6765, 994b73f6-7725-4304-b3a4-4941318c1d6c:c6765]
2019-07-08 19:54:23,927 INFO  client.GrpcClientProtocolClient (GrpcClientProtocolClient.java:onNext(255)) - client-4C8F4A6855D6->056ae293-26b5-4d67-bc5d-e905a6760a80: receive RaftClientReply:client-4C8F4A6855D6->056ae293-26b5-4d67-bc5d-e905a6760a80@group-50E32BB97A46, cid=4436, SUCCESS, logIndex=6770, commits[056ae293-26b5-4d67-bc5d-e905a6760a80:c6771, a428730f-9893-43cb-a585-e65a7e8859c8:c6767, 994b73f6-7725-4304-b3a4-4941318c1d6c:c6767]
2019-07-08 19:54:23,927 INFO  client.GrpcClientProtocolClient (GrpcClientProtocolClient.java:onNext(255)) - client-4C8F4A6855D6->056ae293-26b5-4d67-bc5d-e905a6760a80: receive RaftClientReply:client-4C8F4A6855D6->056ae293-26b5-4d67-bc5d-e905a6760a80@group-50E32BB97A46, cid=4437, SUCCESS, logIndex=6771, commits[056ae293-26b5-4d67-bc5d-e905a6760a80:c6771, a428730f-9893-43cb-a585-e65a7e8859c8:c6767, 994b73f6-7725-4304-b3a4-4941318c1d6c:c6767]
2019-07-08 19:54:23,939 INFO  client.GrpcClientProtocolClient (GrpcClientProtocolClient.java:onNext(255)) - client-4C8F4A6855D6->056ae293-26b5-4d67-bc5d-e905a6760a80: receive RaftClientReply:client-4C8F4A6855D6->056ae293-26b5-4d67-bc5d-e905a6760a80@group-50E32BB97A46, cid=4438, SUCCESS, logIndex=0, commits[056ae293-26b5-4d67-bc5d-e905a6760a80:c6772, a428730f-9893-43cb-a585-e65a7e8859c8:c6771, 994b73f6-7725-4304-b3a4-4941318c1d6c:c6771]
2019-07-08 19:54:23,975 INFO  client.GrpcClientProtocolClient (GrpcClientProtocolClient.java:onNext(255)) - client-4C8F4A6855D6->056ae293-26b5-4d67-bc5d-e905a6760a80: receive RaftClientReply:client-4C8F4A6855D6->056ae293-26b5-4d67-bc5d-e905a6760a80@group-50E32BB97A46, cid=4439, SUCCESS, logIndex=6774, commits[056ae293-26b5-4d67-bc5d-e905a6760a80:c6775, a428730f-9893-43cb-a585-e65a7e8859c8:c6773, 994b73f6-7725-4304-b3a4-4941318c1d6c:c6773]
2019-07-08 19:54:23,976 INFO  client.GrpcClientProtocolClient (GrpcClientProtocolClient.java:onNext(255)) - client-4C8F4A6855D6->056ae293-26b5-4d67-bc5d-e905a6760a80: receive RaftClientReply:client-4C8F4A6855D6->056ae293-26b5-4d67-bc5d-e905a6760a80@group-50E32BB97A46, cid=4440, SUCCESS, logIndex=6775, commits[056ae293-26b5-4d67-bc5d-e905a6760a80:c6775, a428730f-9893-43cb-a585-e65a7e8859c8:c6773, 994b73f6-7725-4304-b3a4-4941318c1d6c:c6773]
2019-07-08 19:54:23,977 INFO  client.GrpcClientProtocolClient (GrpcClientProtocolClient.java:onNext(255)) - client-4C8F4A6855D6->056ae293-26b5-4d67-bc5d-e905a6760a80: receive RaftClientReply:client-4C8F4A6855D6->056ae293-26b5-4d67-bc5d-e905a6760a80@group-50E32BB97A46, cid=4441, SUCCESS, logIndex=6776, commits[056ae293-26b5-4d67-bc5d-e905a6760a80:c6777, a428730f-9893-43cb-a585-e65a7e8859c8:c6773, 994b73f6-7725-4304-b3a4-4941318c1d6c:c6773]
2019-07-08 19:54:23,977 INFO  client.GrpcClientProtocolClient (GrpcClientProtocolClient.java:onNext(255)) - client-4C8F4A6855D6->056ae293-26b5-4d67-bc5d-e905a6760a80: receive RaftClientReply:client-4C8F4A6855D6->056ae293-26b5-4d67-bc5d-e905a6760a80@group-50E32BB97A46, cid=4442, SUCCESS, logIndex=6777, commits[056ae293-26b5-4d67-bc5d-e905a6760a80:c6777, a428730f-9893-43cb-a585-e65a7e8859c8:c6773, 994b73f6-7725-4304-b3a4-4941318c1d6c:c6773]
2019-07-08 19:54:23,978 INFO  client.GrpcClientProtocolClient (GrpcClientProtocolClient.java:onNext(255)) - client-4C8F4A6855D6->056ae293-26b5-4d67-bc5d-e905a6760a80: receive RaftClientReply:client-4C8F4A6855D6->056ae293-26b5-4d67-bc5d-e905a6760a80@group-50E32BB97A46, cid=4443, SUCCESS, logIndex=0, commits[056ae293-26b5-4d67-bc5d-e905a6760a80:c6779, a428730f-9893-43cb-a585-e65a7e8859c8:c6775, 994b73f6-7725-4304-b3a4-4941318c1d6c:c6775]
2019-07-08 19:54:23,999 INFO  client.GrpcClientProtocolClient (GrpcClientProtocolClient.java:onNext(255)) - client-4C8F4A6855D6->056ae293-26b5-4d67-bc5d-e905a6760a80: receive RaftClientReply:client-4C8F4A6855D6->056ae293-26b5-4d67-bc5d-e905a6760a80@group-50E32BB97A46, cid=4444, SUCCESS, logIndex=6782, commits[056ae293-26b5-4d67-bc5d-e905a6760a80:c6783, a428730f-9893-43cb-a585-e65a7e8859c8:c6781, 994b73f6-7725-4304-b3a4-4941318c1d6c:c6781]
2019-07-08 19:54:23,999 INFO  client.GrpcClientProtocolClient (GrpcClientProtocolClient.java:onNext(255)) - client-4C8F4A6855D6->056ae293-26b5-4d67-bc5d-e905a6760a80: receive RaftClientReply:client-4C8F4A6855D6->056ae293-26b5-4d67-bc5d-e905a6760a80@group-50E32BB97A46, cid=4445, SUCCESS, logIndex=6783, commits[056ae293-26b5-4d67-bc5d-e905a6760a80:c6783, a428730f-9893-43cb-a585-e65a7e8859c8:c6781, 994b73f6-7725-4304-b3a4-4941318c1d6c:c6781]
2019-07-08 19:54:24,025 INFO  client.GrpcClientProtocolClient (GrpcClientProtocolClient.java:onNext(255)) - client-4C8F4A6855D6->056ae293-26b5-4d67-bc5d-e905a6760a80: receive RaftClientReply:client-4C8F4A6855D6->056ae293-26b5-4d67-bc5d-e905a6760a80@group-50E32BB97A46, cid=4446, SUCCESS, logIndex=6786, commits[056ae293-26b5-4d67-bc5d-e905a6760a80:c6787, a428730f-9893-43cb-a585-e65a7e8859c8:c6783, 994b73f6-7725-4304-b3a4-4941318c1d6c:c6783]
2019-07-08 19:54:24,026 INFO  client.GrpcClientProtocolClient (GrpcClientProtocolClient.java:onNext(255)) - client-4C8F4A6855D6->056ae293-26b5-4d67-bc5d-e905a6760a80: receive RaftClientReply:client-4C8F4A6855D6->056ae293-26b5-4d67-bc5d-e905a6760a80@group-50E32BB97A46, cid=4447, SUCCESS, logIndex=6787, commits[056ae293-26b5-4d67-bc5d-e905a6760a80:c6787, a428730f-9893-43cb-a585-e65a7e8859c8:c6783, 994b73f6-7725-4304-b3a4-4941318c1d6c:c6783]
2019-07-08 19:54:24,028 INFO  client.GrpcClientProtocolClient (GrpcClientProtocolClient.java:onNext(255)) - client-4C8F4A6855D6->056ae293-26b5-4d67-bc5d-e905a6760a80: receive RaftClientReply:client-4C8F4A6855D6->056ae293-26b5-4d67-bc5d-e905a6760a80@group-50E32BB97A46, cid=4448, SUCCESS, logIndex=0, commits[056ae293-26b5-4d67-bc5d-e905a6760a80:c6789, a428730f-9893-43cb-a585-e65a7e8859c8:c6787, 994b73f6-7725-4304-b3a4-4941318c1d6c:c6787]
2019-07-08 19:54:24,207 INFO  client.GrpcClientProtocolClient (GrpcClientProtocolClient.java:onNext(255)) - client-4C8F4A6855D6->056ae293-26b5-4d67-bc5d-e905a6760a80: receive RaftClientReply:client-4C8F4A6855D6->056ae293-26b5-4d67-bc5d-e905a6760a80@group-50E32BB97A46, cid=4449, SUCCESS, logIndex=6790, commits[056ae293-26b5-4d67-bc5d-e905a6760a80:c6793, a428730f-9893-43cb-a585-e65a7e8859c8:c6789, 994b73f6-7725-4304-b3a4-4941318c1d6c:c6789]
2019-07-08 19:54:24,208 INFO  client.GrpcClientProtocolClient (GrpcClientProtocolClient.java:onNext(255)) - client-4C8F4A6855D6->056ae293-26b5-4d67-bc5d-e905a6760a80: receive RaftClientReply:client-4C8F4A6855D6->056ae293-26b5-4d67-bc5d-e905a6760a80@group-50E32BB97A46, cid=4450, SUCCESS, logIndex=6791, commits[056ae293-26b5-4d67-bc5d-e905a6760a80:c6793, a428730f-9893-43cb-a585-e65a7e8859c8:c6789, 994b73f6-7725-4304-b3a4-4941318c1d6c:c6789]
2019-07-08 19:54:24,208 INFO  client.GrpcClientProtocolClient (GrpcClientProtocolClient.java:onNext(255)) - client-4C8F4A6855D6->056ae293-26b5-4d67-bc5d-e905a6760a80: receive RaftClientReply:client-4C8F4A6855D6->056ae293-26b5-4d67-bc5d-e905a6760a80@group-50E32BB97A46, cid=4451, SUCCESS, logIndex=6792, commits[056ae293-26b5-4d67-bc5d-e905a6760a80:c6793, a428730f-9893-43cb-a585-e65a7e8859c8:c6789, 994b73f6-7725-4304-b3a4-4941318c1d6c:c6789]
2019-07-08 19:54:24,208 INFO  client.GrpcClientProtocolClient (GrpcClientProtocolClient.java:onNext(255)) - client-4C8F4A6855D6->056ae293-26b5-4d67-bc5d-e905a6760a80: receive RaftClientReply:client-4C8F4A6855D6->056ae293-26b5-4d67-bc5d-e905a6760a80@group-50E32BB97A46, cid=4452, SUCCESS, logIndex=6793, commits[056ae293-26b5-4d67-bc5d-e905a6760a80:c6793, a428730f-9893-43cb-a585-e65a7e8859c8:c6789, 994b73f6-7725-4304-b3a4-4941318c1d6c:c6789]
2019-07-08 19:54:24,219 INFO  client.GrpcClientProtocolClient (GrpcClientProtocolClient.java:onNext(255)) - client-4C8F4A6855D6->056ae293-26b5-4d67-bc5d-e905a6760a80: receive RaftClientReply:client-4C8F4A6855D6->056ae293-26b5-4d67-bc5d-e905a6760a80@group-50E32BB97A46, cid=4453, SUCCESS, logIndex=0, commits[056ae293-26b5-4d67-bc5d-e905a6760a80:c6794, a428730f-9893-43cb-a585-e65a7e8859c8:c6793, 994b73f6-7725-4304-b3a4-4941318c1d6c:c6793]
2019-07-08 19:54:24,240 INFO  client.GrpcClientProtocolClient (GrpcClientProtocolClient.java:onNext(255)) - client-4C8F4A6855D6->056ae293-26b5-4d67-bc5d-e905a6760a80: receive RaftClientReply:client-4C8F4A6855D6->056ae293-26b5-4d67-bc5d-e905a6760a80@group-50E32BB97A46, cid=4454, SUCCESS, logIndex=6796, commits[056ae293-26b5-4d67-bc5d-e905a6760a80:c6797, a428730f-9893-43cb-a585-e65a7e8859c8:c6795, 994b73f6-7725-4304-b3a4-4941318c1d6c:c6795]
2019-07-08 19:54:24,241 INFO  client.GrpcClientProtocolClient (GrpcClientProtocolClient.java:onNext(255)) - client-4C8F4A6855D6->056ae293-26b5-4d67-bc5d-e905a6760a80: receive RaftClientReply:client-4C8F4A6855D6->056ae293-26b5-4d67-bc5d-e905a6760a80@group-50E32BB97A46, cid=4455, SUCCESS, logIndex=6797, commits[056ae293-26b5-4d67-bc5d-e905a6760a80:c6797, a428730f-9893-43cb-a585-e65a7e8859c8:c6795, 994b73f6-7725-4304-b3a4-4941318c1d6c:c6795]
2019-07-08 19:54:24,264 INFO  client.GrpcClientProtocolClient (GrpcClientProtocolClient.java:onNext(255)) - client-4C8F4A6855D6->056ae293-26b5-4d67-bc5d-e905a6760a80: receive RaftClientReply:client-4C8F4A6855D6->056ae293-26b5-4d67-bc5d-e905a6760a80@group-50E32BB97A46, cid=4456, SUCCESS, logIndex=6800, commits[056ae293-26b5-4d67-bc5d-e905a6760a80:c6801, a428730f-9893-43cb-a585-e65a7e8859c8:c6796, 994b73f6-7725-4304-b3a4-4941318c1d6c:c6797]
2019-07-08 19:54:24,265 INFO  client.GrpcClientProtocolClient (GrpcClientProtocolClient.java:onNext(255)) - client-4C8F4A6855D6->056ae293-26b5-4d67-bc5d-e905a6760a80: receive RaftClientReply:client-4C8F4A6855D6->056ae293-26b5-4d67-bc5d-e905a6760a80@group-50E32BB97A46, cid=4457, SUCCESS, logIndex=6801, commits[056ae293-26b5-4d67-bc5d-e905a6760a80:c6801, a428730f-9893-43cb-a585-e65a7e8859c8:c6797, 994b73f6-7725-4304-b3a4-4941318c1d6c:c6797]
2019-07-08 19:54:24,267 INFO  client.GrpcClientProtocolClient (GrpcClientProtocolClient.java:onNext(255)) - client-4C8F4A6855D6->056ae293-26b5-4d67-bc5d-e905a6760a80: receive RaftClientReply:client-4C8F4A6855D6->056ae293-26b5-4d67-bc5d-e905a6760a80@group-50E32BB97A46, cid=4458, SUCCESS, logIndex=0, commits[056ae293-26b5-4d67-bc5d-e905a6760a80:c6803, a428730f-9893-43cb-a585-e65a7e8859c8:c6801, 994b73f6-7725-4304-b3a4-4941318c1d6c:c6801]
2019-07-08 19:54:24,324 INFO  client.GrpcClientProtocolClient (GrpcClientProtocolClient.java:onNext(255)) - client-4C8F4A6855D6->056ae293-26b5-4d67-bc5d-e905a6760a80: receive RaftClientReply:client-4C8F4A6855D6->056ae293-26b5-4d67-bc5d-e905a6760a80@group-50E32BB97A46, cid=4459, SUCCESS, logIndex=6804, commits[056ae293-26b5-4d67-bc5d-e905a6760a80:c6805, a428730f-9893-43cb-a585-e65a7e8859c8:c6803, 994b73f6-7725-4304-b3a4-4941318c1d6c:c6803]
2019-07-08 19:54:24,324 INFO  client.GrpcClientProtocolClient (GrpcClientProtocolClient.java:onNext(255)) - client-4C8F4A6855D6->056ae293-26b5-4d67-bc5d-e905a6760a80: receive RaftClientReply:client-4C8F4A6855D6->056ae293-26b5-4d67-bc5d-e905a6760a80@group-50E32BB97A46, cid=4460, SUCCESS, logIndex=6805, commits[056ae293-26b5-4d67-bc5d-e905a6760a80:c6807, a428730f-9893-43cb-a585-e65a7e8859c8:c6803, 994b73f6-7725-4304-b3a4-4941318c1d6c:c6803]
2019-07-08 19:54:24,325 INFO  client.GrpcClientProtocolClient (GrpcClientProtocolClient.java:onNext(255)) - client-4C8F4A6855D6->056ae293-26b5-4d67-bc5d-e905a6760a80: receive RaftClientReply:client-4C8F4A6855D6->056ae293-26b5-4d67-bc5d-e905a6760a80@group-50E32BB97A46, cid=4461, SUCCESS, logIndex=6806, commits[056ae293-26b5-4d67-bc5d-e905a6760a80:c6807, a428730f-9893-43cb-a585-e65a7e8859c8:c6803, 994b73f6-7725-4304-b3a4-4941318c1d6c:c6803]
2019-07-08 19:54:24,325 INFO  client.GrpcClientProtocolClient (GrpcClientProtocolClient.java:onNext(255)) - client-4C8F4A6855D6->056ae293-26b5-4d67-bc5d-e905a6760a80: receive RaftClientReply:client-4C8F4A6855D6->056ae293-26b5-4d67-bc5d-e905a6760a80@group-50E32BB97A46, cid=4462, SUCCESS, logIndex=6807, commits[056ae293-26b5-4d67-bc5d-e905a6760a80:c6807, a428730f-9893-43cb-a585-e65a7e8859c8:c6803, 994b73f6-7725-4304-b3a4-4941318c1d6c:c6803]
2019-07-08 19:54:24,329 INFO  client.GrpcClientProtocolClient (GrpcClientProtocolClient.java:onNext(255)) - client-4C8F4A6855D6->056ae293-26b5-4d67-bc5d-e905a6760a80: receive RaftClientReply:client-4C8F4A6855D6->056ae293-26b5-4d67-bc5d-e905a6760a80@group-50E32BB97A46, cid=4463, SUCCESS, logIndex=0, commits[056ae293-26b5-4d67-bc5d-e905a6760a80:c6811, a428730f-9893-43cb-a585-e65a7e8859c8:c6807, 994b73f6-7725-4304-b3a4-4941318c1d6c:c6806]
2019-07-08 19:54:24,352 INFO  client.GrpcClientProtocolClient (GrpcClientProtocolClient.java:onNext(255)) - client-4C8F4A6855D6->056ae293-26b5-4d67-bc5d-e905a6760a80: receive RaftClientReply:client-4C8F4A6855D6->056ae293-26b5-4d67-bc5d-e905a6760a80@group-50E32BB97A46, cid=4464, SUCCESS, logIndex=6812, commits[056ae293-26b5-4d67-bc5d-e905a6760a80:c6813, a428730f-9893-43cb-a585-e65a7e8859c8:c6811, 994b73f6-7725-4304-b3a4-4941318c1d6c:c6811]
2019-07-08 19:54:24,352 INFO  client.GrpcClientProtocolClient (GrpcClientProtocolClient.java:onNext(255)) - client-4C8F4A6855D6->056ae293-26b5-4d67-bc5d-e905a6760a80: receive RaftClientReply:client-4C8F4A6855D6->056ae293-26b5-4d67-bc5d-e905a6760a80@group-50E32BB97A46, cid=4465, SUCCESS, logIndex=6813, commits[056ae293-26b5-4d67-bc5d-e905a6760a80:c6813, a428730f-9893-43cb-a585-e65a7e8859c8:c6811, 994b73f6-7725-4304-b3a4-4941318c1d6c:c6811]
2019-07-08 19:54:24,369 INFO  client.GrpcClientProtocolClient (GrpcClientProtocolClient.java:onNext(255)) - client-4C8F4A6855D6->056ae293-26b5-4d67-bc5d-e905a6760a80: receive RaftClientReply:client-4C8F4A6855D6->056ae293-26b5-4d67-bc5d-e905a6760a80@group-50E32BB97A46, cid=4466, SUCCESS, logIndex=6816, commits[056ae293-26b5-4d67-bc5d-e905a6760a80:c6816, a428730f-9893-43cb-a585-e65a7e8859c8:c6813, 994b73f6-7725-4304-b3a4-4941318c1d6c:c6812]
2019-07-08 19:54:24,369 INFO  client.GrpcClientProtocolClient (GrpcClientProtocolClient.java:onNext(255)) - client-4C8F4A6855D6->056ae293-26b5-4d67-bc5d-e905a6760a80: receive RaftClientReply:client-4C8F4A6855D6->056ae293-26b5-4d67-bc5d-e905a6760a80@group-50E32BB97A46, cid=4467, SUCCESS, logIndex=6817, commits[056ae293-26b5-4d67-bc5d-e905a6760a80:c6817, a428730f-9893-43cb-a585-e65a7e8859c8:c6813, 994b73f6-7725-4304-b3a4-4941318c1d6c:c6813]
2019-07-08 19:54:24,372 INFO  client.GrpcClientProtocolClient (GrpcClientProtocolClient.java:onNext(255)) - client-4C8F4A6855D6->056ae293-26b5-4d67-bc5d-e905a6760a80: receive RaftClientReply:client-4C8F4A6855D6->056ae293-26b5-4d67-bc5d-e905a6760a80@group-50E32BB97A46, cid=4468, SUCCESS, logIndex=0, commits[056ae293-26b5-4d67-bc5d-e905a6760a80:c6819, a428730f-9893-43cb-a585-e65a7e8859c8:c6817, 994b73f6-7725-4304-b3a4-4941318c1d6c:c6817]
2019-07-08 19:54:24,422 INFO  client.GrpcClientProtocolClient (GrpcClientProtocolClient.java:onNext(255)) - client-4C8F4A6855D6->056ae293-26b5-4d67-bc5d-e905a6760a80: receive RaftClientReply:client-4C8F4A6855D6->056ae293-26b5-4d67-bc5d-e905a6760a80@group-50E32BB97A46, cid=4469, SUCCESS, logIndex=6820, commits[056ae293-26b5-4d67-bc5d-e905a6760a80:c6821, a428730f-9893-43cb-a585-e65a7e8859c8:c6819, 994b73f6-7725-4304-b3a4-4941318c1d6c:c6819]
2019-07-08 19:54:24,423 INFO  client.GrpcClientProtocolClient (GrpcClientProtocolClient.java:onNext(255)) - client-4C8F4A6855D6->056ae293-26b5-4d67-bc5d-e905a6760a80: receive RaftClientReply:client-4C8F4A6855D6->056ae293-26b5-4d67-bc5d-e905a6760a80@group-50E32BB97A46, cid=4470, SUCCESS, logIndex=6821, commits[056ae293-26b5-4d67-bc5d-e905a6760a80:c6823, a428730f-9893-43cb-a585-e65a7e8859c8:c6819, 994b73f6-7725-4304-b3a4-4941318c1d6c:c6819]
2019-07-08 19:54:24,423 INFO  client.GrpcClientProtocolClient (GrpcClientProtocolClient.java:onNext(255)) - client-4C8F4A6855D6->056ae293-26b5-4d67-bc5d-e905a6760a80: receive RaftClientReply:client-4C8F4A6855D6->056ae293-26b5-4d67-bc5d-e905a6760a80@group-50E32BB97A46, cid=4471, SUCCESS, logIndex=6822, commits[056ae293-26b5-4d67-bc5d-e905a6760a80:c6823, a428730f-9893-43cb-a585-e65a7e8859c8:c6819, 994b73f6-7725-4304-b3a4-4941318c1d6c:c6819]
2019-07-08 19:54:24,424 INFO  client.GrpcClientProtocolClient (GrpcClientProtocolClient.java:onNext(255)) - client-4C8F4A6855D6->056ae293-26b5-4d67-bc5d-e905a6760a80: receive RaftClientReply:client-4C8F4A6855D6->056ae293-26b5-4d67-bc5d-e905a6760a80@group-50E32BB97A46, cid=4472, SUCCESS, logIndex=6823, commits[056ae293-26b5-4d67-bc5d-e905a6760a80:c6824, a428730f-9893-43cb-a585-e65a7e8859c8:c6821, 994b73f6-7725-4304-b3a4-4941318c1d6c:c6821]
2019-07-08 19:54:24,440 INFO  client.GrpcClientProtocolClient (GrpcClientProtocolClient.java:onNext(255)) - client-4C8F4A6855D6->056ae293-26b5-4d67-bc5d-e905a6760a80: receive RaftClientReply:client-4C8F4A6855D6->056ae293-26b5-4d67-bc5d-e905a6760a80@group-50E32BB97A46, cid=4473, SUCCESS, logIndex=6828, commits[056ae293-26b5-4d67-bc5d-e905a6760a80:c6829, a428730f-9893-43cb-a585-e65a7e8859c8:c6827, 994b73f6-7725-4304-b3a4-4941318c1d6c:c6827]
2019-07-08 19:54:24,441 INFO  client.GrpcClientProtocolClient (GrpcClientProtocolClient.java:onNext(255)) - client-4C8F4A6855D6->056ae293-26b5-4d67-bc5d-e905a6760a80: receive RaftClientReply:client-4C8F4A6855D6->056ae293-26b5-4d67-bc5d-e905a6760a80@group-50E32BB97A46, cid=4474, SUCCESS, logIndex=6829, commits[056ae293-26b5-4d67-bc5d-e905a6760a80:c6829, a428730f-9893-43cb-a585-e65a7e8859c8:c6827, 994b73f6-7725-4304-b3a4-4941318c1d6c:c6827]
2019-07-08 19:54:24,455 INFO  client.GrpcClientProtocolClient (GrpcClientProtocolClient.java:onNext(255)) - client-4C8F4A6855D6->056ae293-26b5-4d67-bc5d-e905a6760a80: receive RaftClientReply:client-4C8F4A6855D6->056ae293-26b5-4d67-bc5d-e905a6760a80@group-50E32BB97A46, cid=4475, SUCCESS, logIndex=6832, commits[056ae293-26b5-4d67-bc5d-e905a6760a80:c6832, a428730f-9893-43cb-a585-e65a7e8859c8:c6828, 994b73f6-7725-4304-b3a4-4941318c1d6c:c6829]
2019-07-08 19:54:24,455 INFO  client.GrpcClientProtocolClient (GrpcClientProtocolClient.java:onNext(255)) - client-4C8F4A6855D6->056ae293-26b5-4d67-bc5d-e905a6760a80: receive RaftClientReply:client-4C8F4A6855D6->056ae293-26b5-4d67-bc5d-e905a6760a80@group-50E32BB97A46, cid=4476, SUCCESS, logIndex=6833, commits[056ae293-26b5-4d67-bc5d-e905a6760a80:c6833, a428730f-9893-43cb-a585-e65a7e8859c8:c6829, 994b73f6-7725-4304-b3a4-4941318c1d6c:c6829]
2019-07-08 19:54:24,458 INFO  client.GrpcClientProtocolClient (GrpcClientProtocolClient.java:onNext(255)) - client-4C8F4A6855D6->056ae293-26b5-4d67-bc5d-e905a6760a80: receive RaftClientReply:client-4C8F4A6855D6->056ae293-26b5-4d67-bc5d-e905a6760a80@group-50E32BB97A46, cid=4477, SUCCESS, logIndex=0, commits[056ae293-26b5-4d67-bc5d-e905a6760a80:c6835, a428730f-9893-43cb-a585-e65a7e8859c8:c6833, 994b73f6-7725-4304-b3a4-4941318c1d6c:c6833]
2019-07-08 19:54:24,497 INFO  client.GrpcClientProtocolClient (GrpcClientProtocolClient.java:onNext(255)) - client-4C8F4A6855D6->056ae293-26b5-4d67-bc5d-e905a6760a80: receive RaftClientReply:client-4C8F4A6855D6->056ae293-26b5-4d67-bc5d-e905a6760a80@group-50E32BB97A46, cid=4478, SUCCESS, logIndex=6836, commits[056ae293-26b5-4d67-bc5d-e905a6760a80:c6838, a428730f-9893-43cb-a585-e65a7e8859c8:c6835, 994b73f6-7725-4304-b3a4-4941318c1d6c:c6835]
2019-07-08 19:54:24,498 INFO  client.GrpcClientProtocolClient (GrpcClientProtocolClient.java:onNext(255)) - client-4C8F4A6855D6->056ae293-26b5-4d67-bc5d-e905a6760a80: receive RaftClientReply:client-4C8F4A6855D6->056ae293-26b5-4d67-bc5d-e905a6760a80@group-50E32BB97A46, cid=4479, SUCCESS, logIndex=6837, commits[056ae293-26b5-4d67-bc5d-e905a6760a80:c6839, a428730f-9893-43cb-a585-e65a7e8859c8:c6835, 994b73f6-7725-4304-b3a4-4941318c1d6c:c6835]
2019-07-08 19:54:24,498 INFO  client.GrpcClientProtocolClient (GrpcClientProtocolClient.java:onNext(255)) - client-4C8F4A6855D6->056ae293-26b5-4d67-bc5d-e905a6760a80: receive RaftClientReply:client-4C8F4A6855D6->056ae293-26b5-4d67-bc5d-e905a6760a80@group-50E32BB97A46, cid=4480, SUCCESS, logIndex=6838, commits[056ae293-26b5-4d67-bc5d-e905a6760a80:c6840, a428730f-9893-43cb-a585-e65a7e8859c8:c6836, 994b73f6-7725-4304-b3a4-4941318c1d6c:c6835]
2019-07-08 19:54:24,499 INFO  client.GrpcClientProtocolClient (GrpcClientProtocolClient.java:onNext(255)) - client-4C8F4A6855D6->056ae293-26b5-4d67-bc5d-e905a6760a80: receive RaftClientReply:client-4C8F4A6855D6->056ae293-26b5-4d67-bc5d-e905a6760a80@group-50E32BB97A46, cid=4481, SUCCESS, logIndex=6839, commits[056ae293-26b5-4d67-bc5d-e905a6760a80:c6840, a428730f-9893-43cb-a585-e65a7e8859c8:c6836, 994b73f6-7725-4304-b3a4-4941318c1d6c:c6836]
2019-07-08 19:54:24,500 INFO  client.GrpcClientProtocolClient (GrpcClientProtocolClient.java:onNext(255)) - client-4C8F4A6855D6->056ae293-26b5-4d67-bc5d-e905a6760a80: receive RaftClientReply:client-4C8F4A6855D6->056ae293-26b5-4d67-bc5d-e905a6760a80@group-50E32BB97A46, cid=4482, SUCCESS, logIndex=0, commits[056ae293-26b5-4d67-bc5d-e905a6760a80:c6843, a428730f-9893-43cb-a585-e65a7e8859c8:c6839, 994b73f6-7725-4304-b3a4-4941318c1d6c:c6838]
2019-07-08 19:54:24,522 INFO  client.GrpcClientProtocolClient (GrpcClientProtocolClient.java:onNext(255)) - client-4C8F4A6855D6->056ae293-26b5-4d67-bc5d-e905a6760a80: receive RaftClientReply:client-4C8F4A6855D6->056ae293-26b5-4d67-bc5d-e905a6760a80@group-50E32BB97A46, cid=4483, SUCCESS, logIndex=6844, commits[056ae293-26b5-4d67-bc5d-e905a6760a80:c6844, a428730f-9893-43cb-a585-e65a7e8859c8:c6843, 994b73f6-7725-4304-b3a4-4941318c1d6c:c6843]
2019-07-08 19:54:24,522 INFO  client.GrpcClientProtocolClient (GrpcClientProtocolClient.java:onNext(255)) - client-4C8F4A6855D6->056ae293-26b5-4d67-bc5d-e905a6760a80: receive RaftClientReply:client-4C8F4A6855D6->056ae293-26b5-4d67-bc5d-e905a6760a80@group-50E32BB97A46, cid=4484, SUCCESS, logIndex=6845, commits[056ae293-26b5-4d67-bc5d-e905a6760a80:c6845, a428730f-9893-43cb-a585-e65a7e8859c8:c6843, 994b73f6-7725-4304-b3a4-4941318c1d6c:c6843]
2019-07-08 19:54:24,546 INFO  client.GrpcClientProtocolClient (GrpcClientProtocolClient.java:onNext(255)) - client-4C8F4A6855D6->056ae293-26b5-4d67-bc5d-e905a6760a80: receive RaftClientReply:client-4C8F4A6855D6->056ae293-26b5-4d67-bc5d-e905a6760a80@group-50E32BB97A46, cid=4485, SUCCESS, logIndex=6848, commits[056ae293-26b5-4d67-bc5d-e905a6760a80:c6849, a428730f-9893-43cb-a585-e65a7e8859c8:c6845, 994b73f6-7725-4304-b3a4-4941318c1d6c:c6845]
2019-07-08 19:54:24,546 INFO  client.GrpcClientProtocolClient (GrpcClientProtocolClient.java:onNext(255)) - client-4C8F4A6855D6->056ae293-26b5-4d67-bc5d-e905a6760a80: receive RaftClientReply:client-4C8F4A6855D6->056ae293-26b5-4d67-bc5d-e905a6760a80@group-50E32BB97A46, cid=4486, SUCCESS, logIndex=6849, commits[056ae293-26b5-4d67-bc5d-e905a6760a80:c6849, a428730f-9893-43cb-a585-e65a7e8859c8:c6845, 994b73f6-7725-4304-b3a4-4941318c1d6c:c6845]
2019-07-08 19:54:24,559 INFO  client.GrpcClientProtocolClient (GrpcClientProtocolClient.java:onNext(255)) - client-4C8F4A6855D6->056ae293-26b5-4d67-bc5d-e905a6760a80: receive RaftClientReply:client-4C8F4A6855D6->056ae293-26b5-4d67-bc5d-e905a6760a80@group-50E32BB97A46, cid=4487, SUCCESS, logIndex=0, commits[056ae293-26b5-4d67-bc5d-e905a6760a80:c6851, a428730f-9893-43cb-a585-e65a7e8859c8:c6849, 994b73f6-7725-4304-b3a4-4941318c1d6c:c6849]
 0.00% |█                                                                                                    |  0/1 Time: 0:01:202019-07-08 19:54:24,599 INFO  client.GrpcClientProtocolClient (GrpcClientProtocolClient.java:onNext(255)) - client-4C8F4A6855D6->056ae293-26b5-4d67-bc5d-e905a6760a80: receive RaftClientReply:client-4C8F4A6855D6->056ae293-26b5-4d67-bc5d-e905a6760a80@group-50E32BB97A46, cid=4488, SUCCESS, logIndex=6852, commits[056ae293-26b5-4d67-bc5d-e905a6760a80:c6853, a428730f-9893-43cb-a585-e65a7e8859c8:c6851, 994b73f6-7725-4304-b3a4-4941318c1d6c:c6851]
2019-07-08 19:54:24,600 INFO  client.GrpcClientProtocolClient (GrpcClientProtocolClient.java:onNext(255)) - client-4C8F4A6855D6->056ae293-26b5-4d67-bc5d-e905a6760a80: receive RaftClientReply:client-4C8F4A6855D6->056ae293-26b5-4d67-bc5d-e905a6760a80@group-50E32BB97A46, cid=4489, SUCCESS, logIndex=6853, commits[056ae293-26b5-4d67-bc5d-e905a6760a80:c6853, a428730f-9893-43cb-a585-e65a7e8859c8:c6851, 994b73f6-7725-4304-b3a4-4941318c1d6c:c6851]
2019-07-08 19:54:24,609 INFO  client.GrpcClientProtocolClient (GrpcClientProtocolClient.java:onNext(255)) - client-4C8F4A6855D6->056ae293-26b5-4d67-bc5d-e905a6760a80: receive RaftClientReply:client-4C8F4A6855D6->056ae293-26b5-4d67-bc5d-e905a6760a80@group-50E32BB97A46, cid=4490, SUCCESS, logIndex=6854, commits[056ae293-26b5-4d67-bc5d-e905a6760a80:c6855, a428730f-9893-43cb-a585-e65a7e8859c8:c6851, 994b73f6-7725-4304-b3a4-4941318c1d6c:c6851]
2019-07-08 19:54:24,610 INFO  client.GrpcClientProtocolClient (GrpcClientProtocolClient.java:onNext(255)) - client-4C8F4A6855D6->056ae293-26b5-4d67-bc5d-e905a6760a80: receive RaftClientReply:client-4C8F4A6855D6->056ae293-26b5-4d67-bc5d-e905a6760a80@group-50E32BB97A46, cid=4491, SUCCESS, logIndex=6855, commits[056ae293-26b5-4d67-bc5d-e905a6760a80:c6855, a428730f-9893-43cb-a585-e65a7e8859c8:c6851, 994b73f6-7725-4304-b3a4-4941318c1d6c:c6851]
2019-07-08 19:54:24,612 INFO  client.GrpcClientProtocolClient (GrpcClientProtocolClient.java:onNext(255)) - client-4C8F4A6855D6->056ae293-26b5-4d67-bc5d-e905a6760a80: receive RaftClientReply:client-4C8F4A6855D6->056ae293-26b5-4d67-bc5d-e905a6760a80@group-50E32BB97A46, cid=4492, SUCCESS, logIndex=0, commits[056ae293-26b5-4d67-bc5d-e905a6760a80:c6858, a428730f-9893-43cb-a585-e65a7e8859c8:c6853, 994b73f6-7725-4304-b3a4-4941318c1d6c:c6855]
2019-07-08 19:54:24,633 INFO  client.GrpcClientProtocolClient (GrpcClientProtocolClient.java:onNext(255)) - client-4C8F4A6855D6->056ae293-26b5-4d67-bc5d-e905a6760a80: receive RaftClientReply:client-4C8F4A6855D6->056ae293-26b5-4d67-bc5d-e905a6760a80@group-50E32BB97A46, cid=4493, SUCCESS, logIndex=6859, commits[056ae293-26b5-4d67-bc5d-e905a6760a80:c6860, a428730f-9893-43cb-a585-e65a7e8859c8:c6858, 994b73f6-7725-4304-b3a4-4941318c1d6c:c6858]
2019-07-08 19:54:24,634 INFO  client.GrpcClientProtocolClient (GrpcClientProtocolClient.java:onNext(255)) - client-4C8F4A6855D6->056ae293-26b5-4d67-bc5d-e905a6760a80: receive RaftClientReply:client-4C8F4A6855D6->056ae293-26b5-4d67-bc5d-e905a6760a80@group-50E32BB97A46, cid=4494, SUCCESS, logIndex=6860, commits[056ae293-26b5-4d67-bc5d-e905a6760a80:c6860, a428730f-9893-43cb-a585-e65a7e8859c8:c6858, 994b73f6-7725-4304-b3a4-4941318c1d6c:c6858]
2019-07-08 19:54:24,648 INFO  client.GrpcClientProtocolClient (GrpcClientProtocolClient.java:onNext(255)) - client-4C8F4A6855D6->056ae293-26b5-4d67-bc5d-e905a6760a80: receive RaftClientReply:client-4C8F4A6855D6->056ae293-26b5-4d67-bc5d-e905a6760a80@group-50E32BB97A46, cid=4495, SUCCESS, logIndex=6863, commits[056ae293-26b5-4d67-bc5d-e905a6760a80:c6864, a428730f-9893-43cb-a585-e65a7e8859c8:c6862, 994b73f6-7725-4304-b3a4-4941318c1d6c:c6860]
2019-07-08 19:54:24,648 INFO  client.GrpcClientProtocolClient (GrpcClientProtocolClient.java:onNext(255)) - client-4C8F4A6855D6->056ae293-26b5-4d67-bc5d-e905a6760a80: receive RaftClientReply:client-4C8F4A6855D6->056ae293-26b5-4d67-bc5d-e905a6760a80@group-50E32BB97A46, cid=4496, SUCCESS, logIndex=6864, commits[056ae293-26b5-4d67-bc5d-e905a6760a80:c6864, a428730f-9893-43cb-a585-e65a7e8859c8:c6862, 994b73f6-7725-4304-b3a4-4941318c1d6c:c6860]
2019-07-08 19:54:24,651 INFO  client.GrpcClientProtocolClient (GrpcClientProtocolClient.java:onNext(255)) - client-4C8F4A6855D6->056ae293-26b5-4d67-bc5d-e905a6760a80: receive RaftClientReply:client-4C8F4A6855D6->056ae293-26b5-4d67-bc5d-e905a6760a80@group-50E32BB97A46, cid=4497, SUCCESS, logIndex=0, commits[056ae293-26b5-4d67-bc5d-e905a6760a80:c6866, a428730f-9893-43cb-a585-e65a7e8859c8:c6864, 994b73f6-7725-4304-b3a4-4941318c1d6c:c6864]
2019-07-08 19:54:24,687 INFO  client.GrpcClientProtocolClient (GrpcClientProtocolClient.java:onNext(255)) - client-4C8F4A6855D6->056ae293-26b5-4d67-bc5d-e905a6760a80: receive RaftClientReply:client-4C8F4A6855D6->056ae293-26b5-4d67-bc5d-e905a6760a80@group-50E32BB97A46, cid=4498, SUCCESS, logIndex=6867, commits[056ae293-26b5-4d67-bc5d-e905a6760a80:c6869, a428730f-9893-43cb-a585-e65a7e8859c8:c6866, 994b73f6-7725-4304-b3a4-4941318c1d6c:c6866]
2019-07-08 19:54:24,688 INFO  client.GrpcClientProtocolClient (GrpcClientProtocolClient.java:onNext(255)) - client-4C8F4A6855D6->056ae293-26b5-4d67-bc5d-e905a6760a80: receive RaftClientReply:client-4C8F4A6855D6->056ae293-26b5-4d67-bc5d-e905a6760a80@group-50E32BB97A46, cid=4499, SUCCESS, logIndex=6868, commits[056ae293-26b5-4d67-bc5d-e905a6760a80:c6870, a428730f-9893-43cb-a585-e65a7e8859c8:c6866, 994b73f6-7725-4304-b3a4-4941318c1d6c:c6866]
2019-07-08 19:54:24,688 INFO  client.GrpcClientProtocolClient (GrpcClientProtocolClient.java:onNext(255)) - client-4C8F4A6855D6->056ae293-26b5-4d67-bc5d-e905a6760a80: receive RaftClientReply:client-4C8F4A6855D6->056ae293-26b5-4d67-bc5d-e905a6760a80@group-50E32BB97A46, cid=4500, SUCCESS, logIndex=6869, commits[056ae293-26b5-4d67-bc5d-e905a6760a80:c6870, a428730f-9893-43cb-a585-e65a7e8859c8:c6866, 994b73f6-7725-4304-b3a4-4941318c1d6c:c6866]
2019-07-08 19:54:24,689 INFO  client.GrpcClientProtocolClient (GrpcClientProtocolClient.java:onNext(255)) - client-4C8F4A6855D6->056ae293-26b5-4d67-bc5d-e905a6760a80: receive RaftClientReply:client-4C8F4A6855D6->056ae293-26b5-4d67-bc5d-e905a6760a80@group-50E32BB97A46, cid=4501, SUCCESS, logIndex=6870, commits[056ae293-26b5-4d67-bc5d-e905a6760a80:c6871, a428730f-9893-43cb-a585-e65a7e8859c8:c6866, 994b73f6-7725-4304-b3a4-4941318c1d6c:c6867]
2019-07-08 19:54:24,690 INFO  client.GrpcClientProtocolClient (GrpcClientProtocolClient.java:onNext(255)) - client-4C8F4A6855D6->056ae293-26b5-4d67-bc5d-e905a6760a80: receive RaftClientReply:client-4C8F4A6855D6->056ae293-26b5-4d67-bc5d-e905a6760a80@group-50E32BB97A46, cid=4502, SUCCESS, logIndex=0, commits[056ae293-26b5-4d67-bc5d-e905a6760a80:c6874, a428730f-9893-43cb-a585-e65a7e8859c8:c6868, 994b73f6-7725-4304-b3a4-4941318c1d6c:c6870]
2019-07-08 19:54:24,711 INFO  client.GrpcClientProtocolClient (GrpcClientProtocolClient.java:onNext(255)) - client-4C8F4A6855D6->056ae293-26b5-4d67-bc5d-e905a6760a80: receive RaftClientReply:client-4C8F4A6855D6->056ae293-26b5-4d67-bc5d-e905a6760a80@group-50E32BB97A46, cid=4503, SUCCESS, logIndex=6875, commits[056ae293-26b5-4d67-bc5d-e905a6760a80:c6876, a428730f-9893-43cb-a585-e65a7e8859c8:c6874, 994b73f6-7725-4304-b3a4-4941318c1d6c:c6874]
2019-07-08 19:54:24,711 INFO  client.GrpcClientProtocolClient (GrpcClientProtocolClient.java:onNext(255)) - client-4C8F4A6855D6->056ae293-26b5-4d67-bc5d-e905a6760a80: receive RaftClientReply:client-4C8F4A6855D6->056ae293-26b5-4d67-bc5d-e905a6760a80@group-50E32BB97A46, cid=4504, SUCCESS, logIndex=6876, commits[056ae293-26b5-4d67-bc5d-e905a6760a80:c6876, a428730f-9893-43cb-a585-e65a7e8859c8:c6874, 994b73f6-7725-4304-b3a4-4941318c1d6c:c6874]
2019-07-08 19:54:24,725 INFO  client.GrpcClientProtocolClient (GrpcClientProtocolClient.java:onNext(255)) - client-4C8F4A6855D6->056ae293-26b5-4d67-bc5d-e905a6760a80: receive RaftClientReply:client-4C8F4A6855D6->056ae293-26b5-4d67-bc5d-e905a6760a80@group-50E32BB97A46, cid=4505, SUCCESS, logIndex=6879, commits[056ae293-26b5-4d67-bc5d-e905a6760a80:c6880, a428730f-9893-43cb-a585-e65a7e8859c8:c6875, 994b73f6-7725-4304-b3a4-4941318c1d6c:c6876]
2019-07-08 19:54:24,725 INFO  client.GrpcClientProtocolClient (GrpcClientProtocolClient.java:onNext(255)) - client-4C8F4A6855D6->056ae293-26b5-4d67-bc5d-e905a6760a80: receive RaftClientReply:client-4C8F4A6855D6->056ae293-26b5-4d67-bc5d-e905a6760a80@group-50E32BB97A46, cid=4506, SUCCESS, logIndex=6880, commits[056ae293-26b5-4d67-bc5d-e905a6760a80:c6880, a428730f-9893-43cb-a585-e65a7e8859c8:c6875, 994b73f6-7725-4304-b3a4-4941318c1d6c:c6876]
2019-07-08 19:54:24,735 INFO  client.GrpcClientProtocolClient (GrpcClientProtocolClient.java:onNext(255)) - client-4C8F4A6855D6->056ae293-26b5-4d67-bc5d-e905a6760a80: receive RaftClientReply:client-4C8F4A6855D6->056ae293-26b5-4d67-bc5d-e905a6760a80@group-50E32BB97A46, cid=4507, SUCCESS, logIndex=0, commits[056ae293-26b5-4d67-bc5d-e905a6760a80:c6880, a428730f-9893-43cb-a585-e65a7e8859c8:c6876, 994b73f6-7725-4304-b3a4-4941318c1d6c:c6876]
2019-07-08 19:54:25,274 INFO  client.GrpcClientProtocolClient (GrpcClientProtocolClient.java:onNext(255)) - client-4C8F4A6855D6->056ae293-26b5-4d67-bc5d-e905a6760a80: receive RaftClientReply:client-4C8F4A6855D6->056ae293-26b5-4d67-bc5d-e905a6760a80@group-50E32BB97A46, cid=4508, SUCCESS, logIndex=0, commits[056ae293-26b5-4d67-bc5d-e905a6760a80:c6881, a428730f-9893-43cb-a585-e65a7e8859c8:c6880, 994b73f6-7725-4304-b3a4-4941318c1d6c:c6881]
 0.00% |█                                                                                                    |  0/1 Time: 0:01:212019-07-08 19:54:26,092 INFO  client.GrpcClientProtocolClient (GrpcClientProtocolClient.java:onNext(255)) - client-4C8F4A6855D6->056ae293-26b5-4d67-bc5d-e905a6760a80: receive RaftClientReply:client-4C8F4A6855D6->056ae293-26b5-4d67-bc5d-e905a6760a80@group-50E32BB97A46, cid=4509, SUCCESS, logIndex=6883, commits[056ae293-26b5-4d67-bc5d-e905a6760a80:c6886, a428730f-9893-43cb-a585-e65a7e8859c8:c6882, 994b73f6-7725-4304-b3a4-4941318c1d6c:c6881]
2019-07-08 19:54:26,093 INFO  client.GrpcClientProtocolClient (GrpcClientProtocolClient.java:onNext(255)) - client-4C8F4A6855D6->056ae293-26b5-4d67-bc5d-e905a6760a80: receive RaftClientReply:client-4C8F4A6855D6->056ae293-26b5-4d67-bc5d-e905a6760a80@group-50E32BB97A46, cid=4510, SUCCESS, logIndex=6884, commits[056ae293-26b5-4d67-bc5d-e905a6760a80:c6886, a428730f-9893-43cb-a585-e65a7e8859c8:c6882, 994b73f6-7725-4304-b3a4-4941318c1d6c:c6881]
2019-07-08 19:54:26,093 INFO  client.GrpcClientProtocolClient (GrpcClientProtocolClient.java:onNext(255)) - client-4C8F4A6855D6->056ae293-26b5-4d67-bc5d-e905a6760a80: receive RaftClientReply:client-4C8F4A6855D6->056ae293-26b5-4d67-bc5d-e905a6760a80@group-50E32BB97A46, cid=4511, SUCCESS, logIndex=6885, commits[056ae293-26b5-4d67-bc5d-e905a6760a80:c6886, a428730f-9893-43cb-a585-e65a7e8859c8:c6882, 994b73f6-7725-4304-b3a4-4941318c1d6c:c6881]
2019-07-08 19:54:26,094 INFO  client.GrpcClientProtocolClient (GrpcClientProtocolClient.java:onNext(255)) - client-4C8F4A6855D6->056ae293-26b5-4d67-bc5d-e905a6760a80: receive RaftClientReply:client-4C8F4A6855D6->056ae293-26b5-4d67-bc5d-e905a6760a80@group-50E32BB97A46, cid=4512, SUCCESS, logIndex=6886, commits[056ae293-26b5-4d67-bc5d-e905a6760a80:c6886, a428730f-9893-43cb-a585-e65a7e8859c8:c6882, 994b73f6-7725-4304-b3a4-4941318c1d6c:c6881]
 0.00% |█                                                                                                    |  0/1 Time: 0:01:22 0.00% |█                                                                                                    |  0/1 Time: 0:01:232019-07-08 19:54:28,304 WARN  server.GrpcLogAppender (GrpcLogAppender.java:timeoutAppendRequest(200)) - GrpcLogAppender(056ae293-26b5-4d67-bc5d-e905a6760a80->994b73f6-7725-4304-b3a4-4941318c1d6c): appendEntries Timeout, request=056ae293-26b5-4d67-bc5d-e905a6760a80->994b73f6-7725-4304-b3a4-4941318c1d6c#6981-t2, previous=(t:2, i:6884), leaderCommit=6881, initializing? false, entries: size=1, first=(t:2, i:6885), STATEMACHINELOGENTRY, client-4C8F4A6855D6, cid=4511
2019-07-08 19:54:28,304 WARN  server.GrpcLogAppender (GrpcLogAppender.java:timeoutAppendRequest(200)) - GrpcLogAppender(056ae293-26b5-4d67-bc5d-e905a6760a80->994b73f6-7725-4304-b3a4-4941318c1d6c): appendEntries Timeout, request=056ae293-26b5-4d67-bc5d-e905a6760a80->994b73f6-7725-4304-b3a4-4941318c1d6c#6982-t2, previous=(t:2, i:6885), leaderCommit=6881, initializing? false, entries: size=1, first=(t:2, i:6886), STATEMACHINELOGENTRY, client-4C8F4A6855D6, cid=4512
 0.00% |█                                                                                                    |  0/1 Time: 0:01:242019-07-08 19:54:29,045 WARN  server.GrpcLogAppender (GrpcLogAppender.java:timeoutAppendRequest(200)) - GrpcLogAppender(056ae293-26b5-4d67-bc5d-e905a6760a80->994b73f6-7725-4304-b3a4-4941318c1d6c): appendEntries Timeout, request=056ae293-26b5-4d67-bc5d-e905a6760a80->994b73f6-7725-4304-b3a4-4941318c1d6c#6983-t2, previous=(t:2, i:6886), leaderCommit=6884, initializing? false, entries: size=1, first=(t:2, i:6887), METADATAENTRY(c6884)
2019-07-08 19:54:29,046 WARN  server.GrpcLogAppender (GrpcLogAppender.java:timeoutAppendRequest(200)) - GrpcLogAppender(056ae293-26b5-4d67-bc5d-e905a6760a80->994b73f6-7725-4304-b3a4-4941318c1d6c): appendEntries Timeout, request=056ae293-26b5-4d67-bc5d-e905a6760a80->994b73f6-7725-4304-b3a4-4941318c1d6c#6984-t2, previous=(t:2, i:6887), leaderCommit=6885, initializing? false, entries: size=1, first=(t:2, i:6888), METADATAENTRY(c6885)
2019-07-08 19:54:29,046 WARN  server.GrpcLogAppender (GrpcLogAppender.java:timeoutAppendRequest(200)) - GrpcLogAppender(056ae293-26b5-4d67-bc5d-e905a6760a80->994b73f6-7725-4304-b3a4-4941318c1d6c): appendEntries Timeout, request=056ae293-26b5-4d67-bc5d-e905a6760a80->994b73f6-7725-4304-b3a4-4941318c1d6c#6985-t2, previous=(t:2, i:6888), leaderCommit=6886, initializing? false, entries: size=1, first=(t:2, i:6889), METADATAENTRY(c6886)
2019-07-08 19:54:29,547 WARN  server.GrpcLogAppender (GrpcLogAppender.java:timeoutAppendRequest(200)) - GrpcLogAppender(056ae293-26b5-4d67-bc5d-e905a6760a80->994b73f6-7725-4304-b3a4-4941318c1d6c): appendEntries Timeout, request=056ae293-26b5-4d67-bc5d-e905a6760a80->994b73f6-7725-4304-b3a4-4941318c1d6c#6986-t2, previous=(t:2, i:6889), leaderCommit=6889, initializing? false, entries: <empty>
 0.00% |█                                                                                                    |  0/1 Time: 0:01:252019-07-08 19:54:29,923 WARN  server.GrpcLogAppender (GrpcLogAppender.java:onNextImpl(250)) - org.apache.ratis.grpc.server.GrpcLogAppender$AppendLogResponseHandler@2310ba51: Request not found, ignoring reply: 056ae293-26b5-4d67-bc5d-e905a6760a80<-994b73f6-7725-4304-b3a4-4941318c1d6c#6981:OK,SUCCESS,nextIndex:6886,term:2,followerCommit:6884
2019-07-08 19:54:29,923 WARN  server.GrpcLogAppender (GrpcLogAppender.java:onNextImpl(250)) - org.apache.ratis.grpc.server.GrpcLogAppender$AppendLogResponseHandler@2310ba51: Request not found, ignoring reply: 056ae293-26b5-4d67-bc5d-e905a6760a80<-994b73f6-7725-4304-b3a4-4941318c1d6c#6982:OK,SUCCESS,nextIndex:6887,term:2,followerCommit:6884
2019-07-08 19:54:30,047 WARN  server.GrpcLogAppender (GrpcLogAppender.java:timeoutAppendRequest(200)) - GrpcLogAppender(056ae293-26b5-4d67-bc5d-e905a6760a80->994b73f6-7725-4304-b3a4-4941318c1d6c): appendEntries Timeout, request=056ae293-26b5-4d67-bc5d-e905a6760a80->994b73f6-7725-4304-b3a4-4941318c1d6c#6987-t2, previous=(t:2, i:6889), leaderCommit=6889, initializing? false, entries: <empty>
2019-07-08 19:54:30,548 WARN  server.GrpcLogAppender (GrpcLogAppender.java:timeoutAppendRequest(200)) - GrpcLogAppender(056ae293-26b5-4d67-bc5d-e905a6760a80->994b73f6-7725-4304-b3a4-4941318c1d6c): appendEntries Timeout, request=056ae293-26b5-4d67-bc5d-e905a6760a80->994b73f6-7725-4304-b3a4-4941318c1d6c#6988-t2, previous=(t:2, i:6889), leaderCommit=6889, initializing? false, entries: <empty>
 0.00% |█                                                                                                    |  0/1 Time: 0:01:262019-07-08 19:54:31,048 WARN  server.GrpcLogAppender (GrpcLogAppender.java:timeoutAppendRequest(200)) - GrpcLogAppender(056ae293-26b5-4d67-bc5d-e905a6760a80->994b73f6-7725-4304-b3a4-4941318c1d6c): appendEntries Timeout, request=056ae293-26b5-4d67-bc5d-e905a6760a80->994b73f6-7725-4304-b3a4-4941318c1d6c#6989-t2, previous=(t:2, i:6889), leaderCommit=6889, initializing? false, entries: <empty>
2019-07-08 19:54:31,097 WARN  scm.XceiverClientRatis (XceiverClientRatis.java:watchForCommit(262)) - 3 way commit failed 
java.util.concurrent.TimeoutException
	at java.util.concurrent.CompletableFuture.timedGet(CompletableFuture.java:1771)
	at java.util.concurrent.CompletableFuture.get(CompletableFuture.java:1915)
	at org.apache.hadoop.hdds.scm.XceiverClientRatis.watchForCommit(XceiverClientRatis.java:259)
	at org.apache.hadoop.hdds.scm.storage.CommitWatcher.watchForCommit(CommitWatcher.java:194)
	at org.apache.hadoop.hdds.scm.storage.CommitWatcher.watchOnFirstIndex(CommitWatcher.java:135)
	at org.apache.hadoop.hdds.scm.storage.BlockOutputStream.watchForCommit(BlockOutputStream.java:355)
	at org.apache.hadoop.hdds.scm.storage.BlockOutputStream.handleFullBuffer(BlockOutputStream.java:332)
	at org.apache.hadoop.hdds.scm.storage.BlockOutputStream.write(BlockOutputStream.java:259)
	at org.apache.hadoop.ozone.client.io.BlockOutputStreamEntry.write(BlockOutputStreamEntry.java:129)
	at org.apache.hadoop.ozone.client.io.KeyOutputStream.handleWrite(KeyOutputStream.java:211)
	at org.apache.hadoop.ozone.client.io.KeyOutputStream.write(KeyOutputStream.java:193)
	at org.apache.hadoop.ozone.client.io.OzoneOutputStream.write(OzoneOutputStream.java:49)
	at org.apache.hadoop.ozone.freon.RandomKeyGenerator$KeyProcessor.run(RandomKeyGenerator.java:693)
	at java.util.concurrent.Executors$RunnableAdapter.call(Executors.java:511)
	at java.util.concurrent.FutureTask.run(FutureTask.java:266)
	at java.util.concurrent.ThreadPoolExecutor.runWorker(ThreadPoolExecutor.java:1149)
	at java.util.concurrent.ThreadPoolExecutor$Worker.run(ThreadPoolExecutor.java:624)
	at java.lang.Thread.run(Thread.java:748)
2019-07-08 19:54:31,102 INFO  client.GrpcClientProtocolClient (GrpcClientProtocolClient.java:onNext(255)) - client-4C8F4A6855D6->056ae293-26b5-4d67-bc5d-e905a6760a80: receive RaftClientReply:client-4C8F4A6855D6->056ae293-26b5-4d67-bc5d-e905a6760a80@group-50E32BB97A46, cid=4514, SUCCESS, logIndex=0, commits[056ae293-26b5-4d67-bc5d-e905a6760a80:c6889, a428730f-9893-43cb-a585-e65a7e8859c8:c6889, 994b73f6-7725-4304-b3a4-4941318c1d6c:c6881]
2019-07-08 19:54:31,109 INFO  scm.XceiverClientRatis (XceiverClientRatis.java:lambda$watchForCommit$7(280)) - Could not commit 6884 to all the nodes. Server 994b73f6-7725-4304-b3a4-4941318c1d6c has failed. Committed by majority.
2019-07-08 19:54:31,548 WARN  server.GrpcLogAppender (GrpcLogAppender.java:timeoutAppendRequest(200)) - GrpcLogAppender(056ae293-26b5-4d67-bc5d-e905a6760a80->994b73f6-7725-4304-b3a4-4941318c1d6c): appendEntries Timeout, request=056ae293-26b5-4d67-bc5d-e905a6760a80->994b73f6-7725-4304-b3a4-4941318c1d6c#6990-t2, previous=(t:2, i:6889), leaderCommit=6889, initializing? false, entries: <empty>
 0.00% |█                                                                                                    |  0/1 Time: 0:01:272019-07-08 19:54:32,048 WARN  server.GrpcLogAppender (GrpcLogAppender.java:timeoutAppendRequest(200)) - GrpcLogAppender(056ae293-26b5-4d67-bc5d-e905a6760a80->994b73f6-7725-4304-b3a4-4941318c1d6c): appendEntries Timeout, request=056ae293-26b5-4d67-bc5d-e905a6760a80->994b73f6-7725-4304-b3a4-4941318c1d6c#6991-t2, previous=(t:2, i:6889), leaderCommit=6889, initializing? false, entries: <empty>
2019-07-08 19:54:32,548 WARN  server.GrpcLogAppender (GrpcLogAppender.java:timeoutAppendRequest(200)) - GrpcLogAppender(056ae293-26b5-4d67-bc5d-e905a6760a80->994b73f6-7725-4304-b3a4-4941318c1d6c): appendEntries Timeout, request=056ae293-26b5-4d67-bc5d-e905a6760a80->994b73f6-7725-4304-b3a4-4941318c1d6c#6992-t2, previous=(t:2, i:6889), leaderCommit=6889, initializing? false, entries: <empty>
 0.00% |█                                                                                                    |  0/1 Time: 0:01:282019-07-08 19:54:33,424 WARN  server.GrpcLogAppender (GrpcLogAppender.java:timeoutAppendRequest(200)) - GrpcLogAppender(056ae293-26b5-4d67-bc5d-e905a6760a80->994b73f6-7725-4304-b3a4-4941318c1d6c): appendEntries Timeout, request=056ae293-26b5-4d67-bc5d-e905a6760a80->994b73f6-7725-4304-b3a4-4941318c1d6c#6993-t2, previous=(t:2, i:6889), leaderCommit=6889, initializing? false, entries: <empty>
 0.00% |█                                                                                                    |  0/1 Time: 0:01:292019-07-08 19:54:33,924 WARN  server.GrpcLogAppender (GrpcLogAppender.java:timeoutAppendRequest(200)) - GrpcLogAppender(056ae293-26b5-4d67-bc5d-e905a6760a80->994b73f6-7725-4304-b3a4-4941318c1d6c): appendEntries Timeout, request=056ae293-26b5-4d67-bc5d-e905a6760a80->994b73f6-7725-4304-b3a4-4941318c1d6c#6994-t2, previous=(t:2, i:6889), leaderCommit=6889, initializing? false, entries: <empty>
2019-07-08 19:54:34,118 WARN  server.GrpcLogAppender (GrpcLogAppender.java:timeoutAppendRequest(200)) - GrpcLogAppender(056ae293-26b5-4d67-bc5d-e905a6760a80->a428730f-9893-43cb-a585-e65a7e8859c8): appendEntries Timeout, request=056ae293-26b5-4d67-bc5d-e905a6760a80->a428730f-9893-43cb-a585-e65a7e8859c8#6997-t2, previous=(t:2, i:6889), leaderCommit=6889, initializing? false, entries: size=1, first=(t:2, i:6890), STATEMACHINELOGENTRY, client-4C8F4A6855D6, cid=4515
2019-07-08 19:54:34,118 WARN  server.GrpcLogAppender (GrpcLogAppender.java:timeoutAppendRequest(200)) - GrpcLogAppender(056ae293-26b5-4d67-bc5d-e905a6760a80->994b73f6-7725-4304-b3a4-4941318c1d6c): appendEntries Timeout, request=056ae293-26b5-4d67-bc5d-e905a6760a80->994b73f6-7725-4304-b3a4-4941318c1d6c#6995-t2, previous=(t:2, i:6889), leaderCommit=6889, initializing? false, entries: size=1, first=(t:2, i:6890), STATEMACHINELOGENTRY, client-4C8F4A6855D6, cid=4515
2019-07-08 19:54:34,118 WARN  server.GrpcLogAppender (GrpcLogAppender.java:timeoutAppendRequest(200)) - GrpcLogAppender(056ae293-26b5-4d67-bc5d-e905a6760a80->a428730f-9893-43cb-a585-e65a7e8859c8): appendEntries Timeout, request=056ae293-26b5-4d67-bc5d-e905a6760a80->a428730f-9893-43cb-a585-e65a7e8859c8#6998-t2, previous=(t:2, i:6890), leaderCommit=6889, initializing? false, entries: size=1, first=(t:2, i:6891), STATEMACHINELOGENTRY, client-4C8F4A6855D6, cid=4516
2019-07-08 19:54:34,118 WARN  server.GrpcLogAppender (GrpcLogAppender.java:timeoutAppendRequest(200)) - GrpcLogAppender(056ae293-26b5-4d67-bc5d-e905a6760a80->994b73f6-7725-4304-b3a4-4941318c1d6c): appendEntries Timeout, request=056ae293-26b5-4d67-bc5d-e905a6760a80->994b73f6-7725-4304-b3a4-4941318c1d6c#6996-t2, previous=(t:2, i:6890), leaderCommit=6889, initializing? false, entries: size=1, first=(t:2, i:6891), STATEMACHINELOGENTRY, client-4C8F4A6855D6, cid=4516
2019-07-08 19:54:34,281 WARN  server.GrpcLogAppender (GrpcLogAppender.java:onNextImpl(250)) - org.apache.ratis.grpc.server.GrpcLogAppender$AppendLogResponseHandler@7a8ad8fe: Request not found, ignoring reply: 056ae293-26b5-4d67-bc5d-e905a6760a80<-a428730f-9893-43cb-a585-e65a7e8859c8#6997:OK,SUCCESS,nextIndex:6891,term:2,followerCommit:6889
2019-07-08 19:54:34,281 WARN  server.GrpcLogAppender (GrpcLogAppender.java:onNextImpl(250)) - org.apache.ratis.grpc.server.GrpcLogAppender$AppendLogResponseHandler@2310ba51: Request not found, ignoring reply: 056ae293-26b5-4d67-bc5d-e905a6760a80<-994b73f6-7725-4304-b3a4-4941318c1d6c#6983:OK,SUCCESS,nextIndex:6888,term:2,followerCommit:6886
2019-07-08 19:54:34,282 WARN  server.GrpcLogAppender (GrpcLogAppender.java:onNextImpl(250)) - org.apache.ratis.grpc.server.GrpcLogAppender$AppendLogResponseHandler@7a8ad8fe: Request not found, ignoring reply: 056ae293-26b5-4d67-bc5d-e905a6760a80<-a428730f-9893-43cb-a585-e65a7e8859c8#6998:OK,SUCCESS,nextIndex:6892,term:2,followerCommit:6889
2019-07-08 19:54:34,282 WARN  server.GrpcLogAppender (GrpcLogAppender.java:onNextImpl(250)) - org.apache.ratis.grpc.server.GrpcLogAppender$AppendLogResponseHandler@2310ba51: Request not found, ignoring reply: 056ae293-26b5-4d67-bc5d-e905a6760a80<-994b73f6-7725-4304-b3a4-4941318c1d6c#6984:OK,SUCCESS,nextIndex:6889,term:2,followerCommit:6886
2019-07-08 19:54:34,283 WARN  server.GrpcLogAppender (GrpcLogAppender.java:onNextImpl(250)) - org.apache.ratis.grpc.server.GrpcLogAppender$AppendLogResponseHandler@2310ba51: Request not found, ignoring reply: 056ae293-26b5-4d67-bc5d-e905a6760a80<-994b73f6-7725-4304-b3a4-4941318c1d6c#6985:OK,SUCCESS,nextIndex:6890,term:2,followerCommit:6886
2019-07-08 19:54:34,283 WARN  server.GrpcLogAppender (GrpcLogAppender.java:onNextImpl(250)) - org.apache.ratis.grpc.server.GrpcLogAppender$AppendLogResponseHandler@2310ba51: Request not found, ignoring reply: 056ae293-26b5-4d67-bc5d-e905a6760a80<-994b73f6-7725-4304-b3a4-4941318c1d6c#6986:OK,SUCCESS,nextIndex:6890,term:2,followerCommit:6884
2019-07-08 19:54:34,283 WARN  server.GrpcLogAppender (GrpcLogAppender.java:onNextImpl(250)) - org.apache.ratis.grpc.server.GrpcLogAppender$AppendLogResponseHandler@2310ba51: Request not found, ignoring reply: 056ae293-26b5-4d67-bc5d-e905a6760a80<-994b73f6-7725-4304-b3a4-4941318c1d6c#6987:OK,SUCCESS,nextIndex:6890,term:2,followerCommit:6884
2019-07-08 19:54:34,283 WARN  server.GrpcLogAppender (GrpcLogAppender.java:onNextImpl(250)) - org.apache.ratis.grpc.server.GrpcLogAppender$AppendLogResponseHandler@2310ba51: Request not found, ignoring reply: 056ae293-26b5-4d67-bc5d-e905a6760a80<-994b73f6-7725-4304-b3a4-4941318c1d6c#6988:OK,SUCCESS,nextIndex:6890,term:2,followerCommit:6884
2019-07-08 19:54:34,283 WARN  server.GrpcLogAppender (GrpcLogAppender.java:onNextImpl(250)) - org.apache.ratis.grpc.server.GrpcLogAppender$AppendLogResponseHandler@2310ba51: Request not found, ignoring reply: 056ae293-26b5-4d67-bc5d-e905a6760a80<-994b73f6-7725-4304-b3a4-4941318c1d6c#6989:OK,SUCCESS,nextIndex:6890,term:2,followerCommit:6884
2019-07-08 19:54:34,284 WARN  server.GrpcLogAppender (GrpcLogAppender.java:onNextImpl(250)) - org.apache.ratis.grpc.server.GrpcLogAppender$AppendLogResponseHandler@2310ba51: Request not found, ignoring reply: 056ae293-26b5-4d67-bc5d-e905a6760a80<-994b73f6-7725-4304-b3a4-4941318c1d6c#6990:OK,SUCCESS,nextIndex:6890,term:2,followerCommit:6884
2019-07-08 19:54:34,284 WARN  server.GrpcLogAppender (GrpcLogAppender.java:onNextImpl(250)) - org.apache.ratis.grpc.server.GrpcLogAppender$AppendLogResponseHandler@2310ba51: Request not found, ignoring reply: 056ae293-26b5-4d67-bc5d-e905a6760a80<-994b73f6-7725-4304-b3a4-4941318c1d6c#6991:OK,SUCCESS,nextIndex:6890,term:2,followerCommit:6884
2019-07-08 19:54:34,284 WARN  server.GrpcLogAppender (GrpcLogAppender.java:onNextImpl(250)) - org.apache.ratis.grpc.server.GrpcLogAppender$AppendLogResponseHandler@2310ba51: Request not found, ignoring reply: 056ae293-26b5-4d67-bc5d-e905a6760a80<-994b73f6-7725-4304-b3a4-4941318c1d6c#6992:OK,SUCCESS,nextIndex:6890,term:2,followerCommit:6884
2019-07-08 19:54:34,284 INFO  client.GrpcClientProtocolClient (GrpcClientProtocolClient.java:onNext(255)) - client-4C8F4A6855D6->056ae293-26b5-4d67-bc5d-e905a6760a80: receive RaftClientReply:client-4C8F4A6855D6->056ae293-26b5-4d67-bc5d-e905a6760a80@group-50E32BB97A46, cid=4515, SUCCESS, logIndex=6890, commits[056ae293-26b5-4d67-bc5d-e905a6760a80:c6891, a428730f-9893-43cb-a585-e65a7e8859c8:c6889, 994b73f6-7725-4304-b3a4-4941318c1d6c:c6881]
2019-07-08 19:54:34,284 WARN  server.GrpcLogAppender (GrpcLogAppender.java:onNextImpl(250)) - org.apache.ratis.grpc.server.GrpcLogAppender$AppendLogResponseHandler@2310ba51: Request not found, ignoring reply: 056ae293-26b5-4d67-bc5d-e905a6760a80<-994b73f6-7725-4304-b3a4-4941318c1d6c#6993:OK,SUCCESS,nextIndex:6890,term:2,followerCommit:6886
2019-07-08 19:54:34,285 WARN  server.GrpcLogAppender (GrpcLogAppender.java:onNextImpl(250)) - org.apache.ratis.grpc.server.GrpcLogAppender$AppendLogResponseHandler@2310ba51: Request not found, ignoring reply: 056ae293-26b5-4d67-bc5d-e905a6760a80<-994b73f6-7725-4304-b3a4-4941318c1d6c#6994:OK,SUCCESS,nextIndex:6890,term:2,followerCommit:6886
2019-07-08 19:54:34,285 INFO  client.GrpcClientProtocolClient (GrpcClientProtocolClient.java:onNext(255)) - client-4C8F4A6855D6->056ae293-26b5-4d67-bc5d-e905a6760a80: receive RaftClientReply:client-4C8F4A6855D6->056ae293-26b5-4d67-bc5d-e905a6760a80@group-50E32BB97A46, cid=4516, SUCCESS, logIndex=6891, commits[056ae293-26b5-4d67-bc5d-e905a6760a80:c6891, a428730f-9893-43cb-a585-e65a7e8859c8:c6889, 994b73f6-7725-4304-b3a4-4941318c1d6c:c6881]
 0.00% |█                                                                                                    |  0/1 Time: 0:01:302019-07-08 19:54:34,618 WARN  server.GrpcLogAppender (GrpcLogAppender.java:timeoutAppendRequest(200)) - GrpcLogAppender(056ae293-26b5-4d67-bc5d-e905a6760a80->994b73f6-7725-4304-b3a4-4941318c1d6c): appendEntries Timeout, request=056ae293-26b5-4d67-bc5d-e905a6760a80->994b73f6-7725-4304-b3a4-4941318c1d6c#6997-t2, previous=(t:2, i:6891), leaderCommit=6889, initializing? false, entries: <empty>
2019-07-08 19:54:35,118 WARN  server.GrpcLogAppender (GrpcLogAppender.java:timeoutAppendRequest(200)) - GrpcLogAppender(056ae293-26b5-4d67-bc5d-e905a6760a80->994b73f6-7725-4304-b3a4-4941318c1d6c): appendEntries Timeout, request=056ae293-26b5-4d67-bc5d-e905a6760a80->994b73f6-7725-4304-b3a4-4941318c1d6c#6998-t2, previous=(t:2, i:6891), leaderCommit=6889, initializing? false, entries: <empty>
 0.00% |█                                                                                                    |  0/1 Time: 0:01:312019-07-08 19:54:35,618 WARN  server.GrpcLogAppender (GrpcLogAppender.java:timeoutAppendRequest(200)) - GrpcLogAppender(056ae293-26b5-4d67-bc5d-e905a6760a80->994b73f6-7725-4304-b3a4-4941318c1d6c): appendEntries Timeout, request=056ae293-26b5-4d67-bc5d-e905a6760a80->994b73f6-7725-4304-b3a4-4941318c1d6c#6999-t2, previous=(t:2, i:6891), leaderCommit=6889, initializing? false, entries: <empty>
2019-07-08 19:54:36,119 WARN  server.GrpcLogAppender (GrpcLogAppender.java:timeoutAppendRequest(200)) - GrpcLogAppender(056ae293-26b5-4d67-bc5d-e905a6760a80->994b73f6-7725-4304-b3a4-4941318c1d6c): appendEntries Timeout, request=056ae293-26b5-4d67-bc5d-e905a6760a80->994b73f6-7725-4304-b3a4-4941318c1d6c#7000-t2, previous=(t:2, i:6891), leaderCommit=6889, initializing? false, entries: <empty>
2019-07-08 19:54:36,585 INFO  client.GrpcClientProtocolService (GrpcClientProtocolService.java:lambda$processClientRequest$0(278)) - Failed RaftClientRequest:client-4C8F4A6855D6->056ae293-26b5-4d67-bc5d-e905a6760a80@group-50E32BB97A46, cid=4513, seq=0, Watch-ALL_COMMITTED(6884), Message:<EMPTY>, reply=RaftClientReply:client-4C8F4A6855D6->056ae293-26b5-4d67-bc5d-e905a6760a80@group-50E32BB97A46, cid=4513, FAILED org.apache.ratis.protocol.NotReplicatedException: Request with call Id 4513 and log index 6884 is not yet replicated to ALL_COMMITTED, logIndex=6884, commits[056ae293-26b5-4d67-bc5d-e905a6760a80:c6891, a428730f-9893-43cb-a585-e65a7e8859c8:c6889, 994b73f6-7725-4304-b3a4-4941318c1d6c:c6881]
 0.00% |█                                                                                                    |  0/1 Time: 0:01:322019-07-08 19:54:36,592 INFO  client.GrpcClientProtocolClient (GrpcClientProtocolClient.java:onNext(255)) - client-4C8F4A6855D6->056ae293-26b5-4d67-bc5d-e905a6760a80: receive RaftClientReply:client-4C8F4A6855D6->056ae293-26b5-4d67-bc5d-e905a6760a80@group-50E32BB97A46, cid=4513, FAILED org.apache.ratis.protocol.NotReplicatedException: Request with call Id 4513 and log index 6884 is not yet replicated to ALL_COMMITTED, logIndex=6884, commits[056ae293-26b5-4d67-bc5d-e905a6760a80:c6891, a428730f-9893-43cb-a585-e65a7e8859c8:c6889, 994b73f6-7725-4304-b3a4-4941318c1d6c:c6881]
2019-07-08 19:54:36,619 WARN  server.GrpcLogAppender (GrpcLogAppender.java:timeoutAppendRequest(200)) - GrpcLogAppender(056ae293-26b5-4d67-bc5d-e905a6760a80->994b73f6-7725-4304-b3a4-4941318c1d6c): appendEntries Timeout, request=056ae293-26b5-4d67-bc5d-e905a6760a80->994b73f6-7725-4304-b3a4-4941318c1d6c#7001-t2, previous=(t:2, i:6891), leaderCommit=6889, initializing? false, entries: <empty>
2019-07-08 19:54:37,119 WARN  server.GrpcLogAppender (GrpcLogAppender.java:timeoutAppendRequest(200)) - GrpcLogAppender(056ae293-26b5-4d67-bc5d-e905a6760a80->994b73f6-7725-4304-b3a4-4941318c1d6c): appendEntries Timeout, request=056ae293-26b5-4d67-bc5d-e905a6760a80->994b73f6-7725-4304-b3a4-4941318c1d6c#7002-t2, previous=(t:2, i:6891), leaderCommit=6889, initializing? false, entries: <empty>
2019-07-08 19:54:37,283 WARN  server.GrpcLogAppender (GrpcLogAppender.java:timeoutAppendRequest(200)) - GrpcLogAppender(056ae293-26b5-4d67-bc5d-e905a6760a80->a428730f-9893-43cb-a585-e65a7e8859c8): appendEntries Timeout, request=056ae293-26b5-4d67-bc5d-e905a6760a80->a428730f-9893-43cb-a585-e65a7e8859c8#7005-t2, previous=(t:2, i:6891), leaderCommit=6891, initializing? false, entries: size=1, first=(t:2, i:6892), METADATAENTRY(c6891)
2019-07-08 19:54:37,283 WARN  server.GrpcLogAppender (GrpcLogAppender.java:timeoutAppendRequest(200)) - GrpcLogAppender(056ae293-26b5-4d67-bc5d-e905a6760a80->994b73f6-7725-4304-b3a4-4941318c1d6c): appendEntries Timeout, request=056ae293-26b5-4d67-bc5d-e905a6760a80->994b73f6-7725-4304-b3a4-4941318c1d6c#7003-t2, previous=(t:2, i:6891), leaderCommit=6891, initializing? false, entries: size=1, first=(t:2, i:6892), METADATAENTRY(c6891)
 0.00% |█                                                                                                    |  0/1 Time: 0:01:332019-07-08 19:54:37,783 WARN  server.GrpcLogAppender (GrpcLogAppender.java:timeoutAppendRequest(200)) - GrpcLogAppender(056ae293-26b5-4d67-bc5d-e905a6760a80->a428730f-9893-43cb-a585-e65a7e8859c8): appendEntries Timeout, request=056ae293-26b5-4d67-bc5d-e905a6760a80->a428730f-9893-43cb-a585-e65a7e8859c8#7006-t2, previous=(t:2, i:6892), leaderCommit=6891, initializing? false, entries: <empty>
2019-07-08 19:54:37,785 WARN  server.GrpcLogAppender (GrpcLogAppender.java:timeoutAppendRequest(200)) - GrpcLogAppender(056ae293-26b5-4d67-bc5d-e905a6760a80->994b73f6-7725-4304-b3a4-4941318c1d6c): appendEntries Timeout, request=056ae293-26b5-4d67-bc5d-e905a6760a80->994b73f6-7725-4304-b3a4-4941318c1d6c#7004-t2, previous=(t:2, i:6892), leaderCommit=6891, initializing? false, entries: <empty>
2019-07-08 19:54:38,284 WARN  server.GrpcLogAppender (GrpcLogAppender.java:timeoutAppendRequest(200)) - GrpcLogAppender(056ae293-26b5-4d67-bc5d-e905a6760a80->a428730f-9893-43cb-a585-e65a7e8859c8): appendEntries Timeout, request=056ae293-26b5-4d67-bc5d-e905a6760a80->a428730f-9893-43cb-a585-e65a7e8859c8#7007-t2, previous=(t:2, i:6892), leaderCommit=6891, initializing? false, entries: <empty>
2019-07-08 19:54:38,285 WARN  server.GrpcLogAppender (GrpcLogAppender.java:timeoutAppendRequest(200)) - GrpcLogAppender(056ae293-26b5-4d67-bc5d-e905a6760a80->994b73f6-7725-4304-b3a4-4941318c1d6c): appendEntries Timeout, request=056ae293-26b5-4d67-bc5d-e905a6760a80->994b73f6-7725-4304-b3a4-4941318c1d6c#7005-t2, previous=(t:2, i:6892), leaderCommit=6891, initializing? false, entries: <empty>
 0.00% |█                                                                                                    |  0/1 Time: 0:01:342019-07-08 19:54:38,784 WARN  server.GrpcLogAppender (GrpcLogAppender.java:timeoutAppendRequest(200)) - GrpcLogAppender(056ae293-26b5-4d67-bc5d-e905a6760a80->a428730f-9893-43cb-a585-e65a7e8859c8): appendEntries Timeout, request=056ae293-26b5-4d67-bc5d-e905a6760a80->a428730f-9893-43cb-a585-e65a7e8859c8#7008-t2, previous=(t:2, i:6892), leaderCommit=6891, initializing? false, entries: <empty>
2019-07-08 19:54:38,786 WARN  server.GrpcLogAppender (GrpcLogAppender.java:timeoutAppendRequest(200)) - GrpcLogAppender(056ae293-26b5-4d67-bc5d-e905a6760a80->994b73f6-7725-4304-b3a4-4941318c1d6c): appendEntries Timeout, request=056ae293-26b5-4d67-bc5d-e905a6760a80->994b73f6-7725-4304-b3a4-4941318c1d6c#7006-t2, previous=(t:2, i:6892), leaderCommit=6891, initializing? false, entries: <empty>
2019-07-08 19:54:38,844 WARN  server.GrpcLogAppender (GrpcLogAppender.java:onNextImpl(250)) - org.apache.ratis.grpc.server.GrpcLogAppender$AppendLogResponseHandler@7a8ad8fe: Request not found, ignoring reply: 056ae293-26b5-4d67-bc5d-e905a6760a80<-a428730f-9893-43cb-a585-e65a7e8859c8#7005:OK,SUCCESS,nextIndex:6893,term:2,followerCommit:6891
2019-07-08 19:54:38,844 WARN  server.GrpcLogAppender (GrpcLogAppender.java:onNextImpl(250)) - org.apache.ratis.grpc.server.GrpcLogAppender$AppendLogResponseHandler@2310ba51: Request not found, ignoring reply: 056ae293-26b5-4d67-bc5d-e905a6760a80<-994b73f6-7725-4304-b3a4-4941318c1d6c#6995:OK,SUCCESS,nextIndex:6891,term:2,followerCommit:6889
2019-07-08 19:54:38,844 WARN  server.GrpcLogAppender (GrpcLogAppender.java:onNextImpl(250)) - org.apache.ratis.grpc.server.GrpcLogAppender$AppendLogResponseHandler@7a8ad8fe: Request not found, ignoring reply: 056ae293-26b5-4d67-bc5d-e905a6760a80<-a428730f-9893-43cb-a585-e65a7e8859c8#7006:OK,SUCCESS,nextIndex:6893,term:2,followerCommit:6891
2019-07-08 19:54:38,845 WARN  server.GrpcLogAppender (GrpcLogAppender.java:onNextImpl(250)) - org.apache.ratis.grpc.server.GrpcLogAppender$AppendLogResponseHandler@2310ba51: Request not found, ignoring reply: 056ae293-26b5-4d67-bc5d-e905a6760a80<-994b73f6-7725-4304-b3a4-4941318c1d6c#6996:OK,SUCCESS,nextIndex:6892,term:2,followerCommit:6889
2019-07-08 19:54:38,845 WARN  server.GrpcLogAppender (GrpcLogAppender.java:onNextImpl(250)) - org.apache.ratis.grpc.server.GrpcLogAppender$AppendLogResponseHandler@7a8ad8fe: Request not found, ignoring reply: 056ae293-26b5-4d67-bc5d-e905a6760a80<-a428730f-9893-43cb-a585-e65a7e8859c8#7007:OK,SUCCESS,nextIndex:6893,term:2,followerCommit:6891
2019-07-08 19:54:38,845 WARN  server.GrpcLogAppender (GrpcLogAppender.java:onNextImpl(250)) - org.apache.ratis.grpc.server.GrpcLogAppender$AppendLogResponseHandler@2310ba51: Request not found, ignoring reply: 056ae293-26b5-4d67-bc5d-e905a6760a80<-994b73f6-7725-4304-b3a4-4941318c1d6c#6997:OK,SUCCESS,nextIndex:6892,term:2,followerCommit:6886
2019-07-08 19:54:38,845 WARN  server.GrpcLogAppender (GrpcLogAppender.java:onNextImpl(250)) - org.apache.ratis.grpc.server.GrpcLogAppender$AppendLogResponseHandler@7a8ad8fe: Request not found, ignoring reply: 056ae293-26b5-4d67-bc5d-e905a6760a80<-a428730f-9893-43cb-a585-e65a7e8859c8#7008:OK,SUCCESS,nextIndex:6893,term:2,followerCommit:6891
2019-07-08 19:54:38,846 WARN  server.GrpcLogAppender (GrpcLogAppender.java:onNextImpl(250)) - org.apache.ratis.grpc.server.GrpcLogAppender$AppendLogResponseHandler@2310ba51: Request not found, ignoring reply: 056ae293-26b5-4d67-bc5d-e905a6760a80<-994b73f6-7725-4304-b3a4-4941318c1d6c#6998:OK,SUCCESS,nextIndex:6892,term:2,followerCommit:6886
2019-07-08 19:54:38,846 WARN  server.GrpcLogAppender (GrpcLogAppender.java:onNextImpl(250)) - org.apache.ratis.grpc.server.GrpcLogAppender$AppendLogResponseHandler@2310ba51: Request not found, ignoring reply: 056ae293-26b5-4d67-bc5d-e905a6760a80<-994b73f6-7725-4304-b3a4-4941318c1d6c#6999:OK,SUCCESS,nextIndex:6892,term:2,followerCommit:6886
2019-07-08 19:54:38,846 WARN  server.GrpcLogAppender (GrpcLogAppender.java:onNextImpl(250)) - org.apache.ratis.grpc.server.GrpcLogAppender$AppendLogResponseHandler@2310ba51: Request not found, ignoring reply: 056ae293-26b5-4d67-bc5d-e905a6760a80<-994b73f6-7725-4304-b3a4-4941318c1d6c#7000:OK,SUCCESS,nextIndex:6892,term:2,followerCommit:6886
2019-07-08 19:54:38,846 WARN  server.GrpcLogAppender (GrpcLogAppender.java:onNextImpl(250)) - org.apache.ratis.grpc.server.GrpcLogAppender$AppendLogResponseHandler@2310ba51: Request not found, ignoring reply: 056ae293-26b5-4d67-bc5d-e905a6760a80<-994b73f6-7725-4304-b3a4-4941318c1d6c#7001:OK,SUCCESS,nextIndex:6892,term:2,followerCommit:6886
2019-07-08 19:54:38,847 WARN  server.GrpcLogAppender (GrpcLogAppender.java:onNextImpl(250)) - org.apache.ratis.grpc.server.GrpcLogAppender$AppendLogResponseHandler@2310ba51: Request not found, ignoring reply: 056ae293-26b5-4d67-bc5d-e905a6760a80<-994b73f6-7725-4304-b3a4-4941318c1d6c#7002:OK,SUCCESS,nextIndex:6892,term:2,followerCommit:6886
2019-07-08 19:54:38,860 WARN  server.GrpcLogAppender (GrpcLogAppender.java:onNextImpl(250)) - org.apache.ratis.grpc.server.GrpcLogAppender$AppendLogResponseHandler@2310ba51: Request not found, ignoring reply: 056ae293-26b5-4d67-bc5d-e905a6760a80<-994b73f6-7725-4304-b3a4-4941318c1d6c#7003:OK,SUCCESS,nextIndex:6893,term:2,followerCommit:6891
2019-07-08 19:54:38,860 WARN  server.GrpcLogAppender (GrpcLogAppender.java:onNextImpl(250)) - org.apache.ratis.grpc.server.GrpcLogAppender$AppendLogResponseHandler@2310ba51: Request not found, ignoring reply: 056ae293-26b5-4d67-bc5d-e905a6760a80<-994b73f6-7725-4304-b3a4-4941318c1d6c#7004:OK,SUCCESS,nextIndex:6893,term:2,followerCommit:6889
2019-07-08 19:54:38,860 WARN  server.GrpcLogAppender (GrpcLogAppender.java:onNextImpl(250)) - org.apache.ratis.grpc.server.GrpcLogAppender$AppendLogResponseHandler@2310ba51: Request not found, ignoring reply: 056ae293-26b5-4d67-bc5d-e905a6760a80<-994b73f6-7725-4304-b3a4-4941318c1d6c#7005:OK,SUCCESS,nextIndex:6893,term:2,followerCommit:6889
2019-07-08 19:54:38,861 WARN  server.GrpcLogAppender (GrpcLogAppender.java:onNextImpl(250)) - org.apache.ratis.grpc.server.GrpcLogAppender$AppendLogResponseHandler@2310ba51: Request not found, ignoring reply: 056ae293-26b5-4d67-bc5d-e905a6760a80<-994b73f6-7725-4304-b3a4-4941318c1d6c#7006:OK,SUCCESS,nextIndex:6893,term:2,followerCommit:6889
2019-07-08 19:54:38,862 INFO  client.GrpcClientProtocolClient (GrpcClientProtocolClient.java:onNext(255)) - client-4C8F4A6855D6->056ae293-26b5-4d67-bc5d-e905a6760a80: receive RaftClientReply:client-4C8F4A6855D6->056ae293-26b5-4d67-bc5d-e905a6760a80@group-50E32BB97A46, cid=4513, SUCCESS, logIndex=0, commits[056ae293-26b5-4d67-bc5d-e905a6760a80:c6892, a428730f-9893-43cb-a585-e65a7e8859c8:c6891, 994b73f6-7725-4304-b3a4-4941318c1d6c:c6889]
2019-07-08 19:54:38,862 INFO  client.GrpcClientProtocolClient (GrpcClientProtocolClient.java:onNext(255)) - client-4C8F4A6855D6->056ae293-26b5-4d67-bc5d-e905a6760a80: receive RaftClientReply:client-4C8F4A6855D6->056ae293-26b5-4d67-bc5d-e905a6760a80@group-50E32BB97A46, cid=4513, SUCCESS, logIndex=0, commits[056ae293-26b5-4d67-bc5d-e905a6760a80:c6892, a428730f-9893-43cb-a585-e65a7e8859c8:c6891, 994b73f6-7725-4304-b3a4-4941318c1d6c:c6889]
 0.00% |█                                                                                                    |  0/1 Time: 0:01:352019-07-08 19:54:40,151 INFO  client.GrpcClientProtocolClient (GrpcClientProtocolClient.java:onNext(255)) - client-4C8F4A6855D6->a428730f-9893-43cb-a585-e65a7e8859c8: receive RaftClientReply:client-4C8F4A6855D6->a428730f-9893-43cb-a585-e65a7e8859c8@group-50E32BB97A46, cid=4515, FAILED org.apache.ratis.protocol.NotLeaderException: Server a428730f-9893-43cb-a585-e65a7e8859c8 is not the leader (056ae293-26b5-4d67-bc5d-e905a6760a80:192.168.157.252:35061). Request must be sent to leader., logIndex=0, commits[a428730f-9893-43cb-a585-e65a7e8859c8:c6892, 056ae293-26b5-4d67-bc5d-e905a6760a80:c6892, 994b73f6-7725-4304-b3a4-4941318c1d6c:c6892]
2019-07-08 19:54:40,172 INFO  client.GrpcClientProtocolClient (GrpcClientProtocolClient.java:onNext(255)) - client-4C8F4A6855D6->056ae293-26b5-4d67-bc5d-e905a6760a80: receive RaftClientReply:client-4C8F4A6855D6->056ae293-26b5-4d67-bc5d-e905a6760a80@group-50E32BB97A46, cid=4515, SUCCESS, logIndex=6890, commits[056ae293-26b5-4d67-bc5d-e905a6760a80:c6891, a428730f-9893-43cb-a585-e65a7e8859c8:c6889, 994b73f6-7725-4304-b3a4-4941318c1d6c:c6881]
2019-07-08 19:54:40,178 INFO  client.GrpcClientProtocolClient (GrpcClientProtocolClient.java:onNext(255)) - client-4C8F4A6855D6->056ae293-26b5-4d67-bc5d-e905a6760a80: receive RaftClientReply:client-4C8F4A6855D6->056ae293-26b5-4d67-bc5d-e905a6760a80@group-50E32BB97A46, cid=4516, SUCCESS, logIndex=6891, commits[056ae293-26b5-4d67-bc5d-e905a6760a80:c6891, a428730f-9893-43cb-a585-e65a7e8859c8:c6889, 994b73f6-7725-4304-b3a4-4941318c1d6c:c6881]
2019-07-08 19:54:40,207 INFO  client.GrpcClientProtocolClient (GrpcClientProtocolClient.java:onNext(255)) - client-4C8F4A6855D6->056ae293-26b5-4d67-bc5d-e905a6760a80: receive RaftClientReply:client-4C8F4A6855D6->056ae293-26b5-4d67-bc5d-e905a6760a80@group-50E32BB97A46, cid=4517, SUCCESS, logIndex=6893, commits[056ae293-26b5-4d67-bc5d-e905a6760a80:c6894, a428730f-9893-43cb-a585-e65a7e8859c8:c6892, 994b73f6-7725-4304-b3a4-4941318c1d6c:c6892]
2019-07-08 19:54:40,207 INFO  client.GrpcClientProtocolClient (GrpcClientProtocolClient.java:onNext(255)) - client-4C8F4A6855D6->056ae293-26b5-4d67-bc5d-e905a6760a80: receive RaftClientReply:client-4C8F4A6855D6->056ae293-26b5-4d67-bc5d-e905a6760a80@group-50E32BB97A46, cid=4518, SUCCESS, logIndex=6894, commits[056ae293-26b5-4d67-bc5d-e905a6760a80:c6894, a428730f-9893-43cb-a585-e65a7e8859c8:c6892, 994b73f6-7725-4304-b3a4-4941318c1d6c:c6892]
2019-07-08 19:54:40,223 INFO  client.GrpcClientProtocolClient (GrpcClientProtocolClient.java:onNext(255)) - client-4C8F4A6855D6->056ae293-26b5-4d67-bc5d-e905a6760a80: receive RaftClientReply:client-4C8F4A6855D6->056ae293-26b5-4d67-bc5d-e905a6760a80@group-50E32BB97A46, cid=4519, SUCCESS, logIndex=0, commits[056ae293-26b5-4d67-bc5d-e905a6760a80:c6896, a428730f-9893-43cb-a585-e65a7e8859c8:c6894, 994b73f6-7725-4304-b3a4-4941318c1d6c:c6894]
2019-07-08 19:54:40,258 WARN  block.BlockManagerImpl (BlockManagerImpl.java:allocateBlock(192)) - Pipeline creation failed for type:RATIS factor:THREE. Retrying get pipelines call once.
org.apache.hadoop.hdds.scm.pipeline.InsufficientDatanodesException: Cannot create pipeline of factor 3 using 2 nodes.
	at org.apache.hadoop.hdds.scm.pipeline.RatisPipelineProvider.create(RatisPipelineProvider.java:151)
	at org.apache.hadoop.hdds.scm.pipeline.PipelineFactory.create(PipelineFactory.java:57)
	at org.apache.hadoop.hdds.scm.pipeline.SCMPipelineManager.createPipeline(SCMPipelineManager.java:149)
	at org.apache.hadoop.hdds.scm.block.BlockManagerImpl.allocateBlock(BlockManagerImpl.java:190)
	at org.apache.hadoop.hdds.scm.server.SCMBlockProtocolServer.allocateBlock(SCMBlockProtocolServer.java:172)
	at org.apache.hadoop.ozone.protocolPB.ScmBlockLocationProtocolServerSideTranslatorPB.allocateScmBlock(ScmBlockLocationProtocolServerSideTranslatorPB.java:144)
	at org.apache.hadoop.ozone.protocolPB.ScmBlockLocationProtocolServerSideTranslatorPB.send(ScmBlockLocationProtocolServerSideTranslatorPB.java:107)
	at org.apache.hadoop.hdds.protocol.proto.ScmBlockLocationProtocolProtos$ScmBlockLocationProtocolService$2.callBlockingMethod(ScmBlockLocationProtocolProtos.java:11281)
	at org.apache.hadoop.ipc.ProtobufRpcEngine$Server$ProtoBufRpcInvoker.call(ProtobufRpcEngine.java:524)
	at org.apache.hadoop.ipc.RPC$Server.call(RPC.java:1025)
	at org.apache.hadoop.ipc.Server$RpcCall.run(Server.java:876)
	at org.apache.hadoop.ipc.Server$RpcCall.run(Server.java:822)
	at java.security.AccessController.doPrivileged(Native Method)
	at javax.security.auth.Subject.doAs(Subject.java:422)
	at org.apache.hadoop.security.UserGroupInformation.doAs(UserGroupInformation.java:1730)
	at org.apache.hadoop.ipc.Server$Handler.run(Server.java:2682)
2019-07-08 19:54:40,259 INFO  block.BlockManagerImpl (BlockManagerImpl.java:allocateBlock(198)) - Could not find available pipeline of type:RATIS and factor:THREE even after retrying
2019-07-08 19:54:40,260 ERROR block.BlockManagerImpl (BlockManagerImpl.java:allocateBlock(222)) - Unable to allocate a block for the size: 4194304, type: RATIS, factor: THREE
19:54:40.266 [IPC Server handler 1 on 35682] ERROR OMAudit - user=jenkins1000 | ip=127.0.0.1 | op=ALLOCATE_BLOCK {volume=vol-0-22037, bucket=bucket-0-08050, key=key-0-71411, dataSize=0, replicationType=null, replicationFactor=null, keyLocationInfo=null, clientID=102407574912631186} | ret=FAILURE
org.apache.hadoop.hdds.scm.exceptions.SCMException: Allocated 0 blocks. Requested 1 blocks
	at org.apache.hadoop.hdds.scm.protocolPB.ScmBlockLocationProtocolClientSideTranslatorPB.handleError(ScmBlockLocationProtocolClientSideTranslatorPB.java:113) ~[classes/:?]
	at org.apache.hadoop.hdds.scm.protocolPB.ScmBlockLocationProtocolClientSideTranslatorPB.allocateBlock(ScmBlockLocationProtocolClientSideTranslatorPB.java:151) ~[classes/:?]
	at sun.reflect.GeneratedMethodAccessor50.invoke(Unknown Source) ~[?:?]
	at sun.reflect.DelegatingMethodAccessorImpl.invoke(DelegatingMethodAccessorImpl.java:43) ~[?:1.8.0_212]
	at java.lang.reflect.Method.invoke(Method.java:498) ~[?:1.8.0_212]
	at org.apache.hadoop.hdds.tracing.TraceAllMethod.invoke(TraceAllMethod.java:66) ~[classes/:?]
	at com.sun.proxy.$Proxy27.allocateBlock(Unknown Source) ~[?:?]
	at org.apache.hadoop.ozone.om.KeyManagerImpl.allocateBlock(KeyManagerImpl.java:348) ~[classes/:?]
	at org.apache.hadoop.ozone.om.KeyManagerImpl.allocateBlock(KeyManagerImpl.java:316) ~[classes/:?]
	at org.apache.hadoop.ozone.om.OzoneManager.allocateBlock(OzoneManager.java:2291) [classes/:?]
	at org.apache.hadoop.ozone.protocolPB.OzoneManagerRequestHandler.allocateBlock(OzoneManagerRequestHandler.java:756) [classes/:?]
	at org.apache.hadoop.ozone.protocolPB.OzoneManagerRequestHandler.handle(OzoneManagerRequestHandler.java:249) [classes/:?]
	at org.apache.hadoop.ozone.protocolPB.OzoneManagerProtocolServerSideTranslatorPB.submitRequestDirectlyToOM(OzoneManagerProtocolServerSideTranslatorPB.java:192) [classes/:?]
	at org.apache.hadoop.ozone.protocolPB.OzoneManagerProtocolServerSideTranslatorPB.submitRequest(OzoneManagerProtocolServerSideTranslatorPB.java:110) [classes/:?]
	at org.apache.hadoop.ozone.protocol.proto.OzoneManagerProtocolProtos$OzoneManagerService$2.callBlockingMethod(OzoneManagerProtocolProtos.java) [classes/:?]
	at org.apache.hadoop.ipc.ProtobufRpcEngine$Server$ProtoBufRpcInvoker.call(ProtobufRpcEngine.java:524) [hadoop-common-3.2.0.jar:?]
	at org.apache.hadoop.ipc.RPC$Server.call(RPC.java:1025) [hadoop-common-3.2.0.jar:?]
	at org.apache.hadoop.ipc.Server$RpcCall.run(Server.java:876) [hadoop-common-3.2.0.jar:?]
	at org.apache.hadoop.ipc.Server$RpcCall.run(Server.java:822) [hadoop-common-3.2.0.jar:?]
	at java.security.AccessController.doPrivileged(Native Method) [?:1.8.0_212]
	at javax.security.auth.Subject.doAs(Subject.java:422) [?:1.8.0_212]
	at org.apache.hadoop.security.UserGroupInformation.doAs(UserGroupInformation.java:1730) [hadoop-common-3.2.0.jar:?]
	at org.apache.hadoop.ipc.Server$Handler.run(Server.java:2682) [hadoop-common-3.2.0.jar:?]
2019-07-08 19:54:40,289 ERROR io.BlockOutputStreamEntryPool (BlockOutputStreamEntryPool.java:allocateBlockIfNeeded(299)) - Try to allocate more blocks for write failed, already allocated 0 blocks for this write.
INTERNAL_ERROR org.apache.hadoop.ozone.om.exceptions.OMException: Allocated 0 blocks. Requested 1 blocks
	at org.apache.hadoop.ozone.om.protocolPB.OzoneManagerProtocolClientSideTranslatorPB.handleError(OzoneManagerProtocolClientSideTranslatorPB.java:720)
	at org.apache.hadoop.ozone.om.protocolPB.OzoneManagerProtocolClientSideTranslatorPB.allocateBlock(OzoneManagerProtocolClientSideTranslatorPB.java:752)
	at org.apache.hadoop.ozone.client.io.BlockOutputStreamEntryPool.allocateNewBlock(BlockOutputStreamEntryPool.java:248)
	at org.apache.hadoop.ozone.client.io.BlockOutputStreamEntryPool.allocateBlockIfNeeded(BlockOutputStreamEntryPool.java:296)
	at org.apache.hadoop.ozone.client.io.KeyOutputStream.handleWrite(KeyOutputStream.java:201)
	at org.apache.hadoop.ozone.client.io.KeyOutputStream.write(KeyOutputStream.java:193)
	at org.apache.hadoop.ozone.client.io.OzoneOutputStream.write(OzoneOutputStream.java:49)
	at org.apache.hadoop.ozone.freon.RandomKeyGenerator$KeyProcessor.run(RandomKeyGenerator.java:693)
	at java.util.concurrent.Executors$RunnableAdapter.call(Executors.java:511)
	at java.util.concurrent.FutureTask.run(FutureTask.java:266)
	at java.util.concurrent.ThreadPoolExecutor.runWorker(ThreadPoolExecutor.java:1149)
	at java.util.concurrent.ThreadPoolExecutor$Worker.run(ThreadPoolExecutor.java:624)
	at java.lang.Thread.run(Thread.java:748)
2019-07-08 19:54:40,290 ERROR freon.RandomKeyGenerator (RandomKeyGenerator.java:run(718)) - Exception while adding key: key-0-71411 in bucket: bucket-0-08050 of volume: vol-0-22037.
INTERNAL_ERROR org.apache.hadoop.ozone.om.exceptions.OMException: Allocated 0 blocks. Requested 1 blocks
	at org.apache.hadoop.ozone.om.protocolPB.OzoneManagerProtocolClientSideTranslatorPB.handleError(OzoneManagerProtocolClientSideTranslatorPB.java:720)
	at org.apache.hadoop.ozone.om.protocolPB.OzoneManagerProtocolClientSideTranslatorPB.allocateBlock(OzoneManagerProtocolClientSideTranslatorPB.java:752)
	at org.apache.hadoop.ozone.client.io.BlockOutputStreamEntryPool.allocateNewBlock(BlockOutputStreamEntryPool.java:248)
	at org.apache.hadoop.ozone.client.io.BlockOutputStreamEntryPool.allocateBlockIfNeeded(BlockOutputStreamEntryPool.java:296)
	at org.apache.hadoop.ozone.client.io.KeyOutputStream.handleWrite(KeyOutputStream.java:201)
	at org.apache.hadoop.ozone.client.io.KeyOutputStream.write(KeyOutputStream.java:193)
	at org.apache.hadoop.ozone.client.io.OzoneOutputStream.write(OzoneOutputStream.java:49)
	at org.apache.hadoop.ozone.freon.RandomKeyGenerator$KeyProcessor.run(RandomKeyGenerator.java:693)
	at java.util.concurrent.Executors$RunnableAdapter.call(Executors.java:511)
	at java.util.concurrent.FutureTask.run(FutureTask.java:266)
	at java.util.concurrent.ThreadPoolExecutor.runWorker(ThreadPoolExecutor.java:1149)
	at java.util.concurrent.ThreadPoolExecutor$Worker.run(ThreadPoolExecutor.java:624)
	at java.lang.Thread.run(Thread.java:748)
 0.00% |█                                                                                                    |  0/1 Time: 0:01:36 0.00% |█                                                                                                    |  0/1 Time: 0:01:37 0.00% |█                                                                                                    |  0/1 Time: 0:01:38 0.00% |█                                                                                                    |  0/1 Time: 0:01:39 100.00% |█████████████████████████████████████████████████████████████████████████████████████████████████████|  1/1 Time: 0:01:40
]]></system-out>
  </testcase>
  <testcase name="multiThread" classname="org.apache.hadoop.ozone.freon.TestRandomKeyGenerator" time="5.036"/>
</testsuite>