<?xml version="1.0" encoding="UTF-8"?>
<testsuite xmlns:xsi="http://www.w3.org/2001/XMLSchema-instance" xsi:noNamespaceSchemaLocation="https://maven.apache.org/surefire/maven-surefire-plugin/xsd/surefire-test-report.xsd" name="org.apache.hadoop.ozone.client.rpc.TestCommitWatcher" time="49.473" tests="2" errors="0" skipped="0" failures="1">
  <properties>
    <property name="awt.toolkit" value="sun.awt.X11.XToolkit"/>
    <property name="file.encoding.pkg" value="sun.io"/>
    <property name="java.specification.version" value="1.8"/>
    <property name="sun.cpu.isalist" value=""/>
    <property name="sun.jnu.encoding" value="UTF-8"/>
    <property name="java.class.path" value="/workdir/hadoop-ozone/integration-test/target/test-classes:/workdir/hadoop-ozone/integration-test/target/classes:/home/user/.m2/repository/org/apache/hadoop/hadoop-ozone-common/0.5.0-SNAPSHOT/hadoop-ozone-common-0.5.0-SNAPSHOT.jar:/home/user/.m2/repository/org/apache/commons/commons-compress/1.4.1/commons-compress-1.4.1.jar:/home/user/.m2/repository/org/tukaani/xz/1.0/xz-1.0.jar:/home/user/.m2/repository/org/apache/hadoop/hadoop-common/3.2.0/hadoop-common-3.2.0.jar:/home/user/.m2/repository/org/apache/hadoop/hadoop-hdfs/3.2.0/hadoop-hdfs-3.2.0.jar:/home/user/.m2/repository/org/apache/hadoop/hadoop-hdfs-client/3.2.0/hadoop-hdfs-client-3.2.0.jar:/home/user/.m2/repository/com/fasterxml/jackson/core/jackson-annotations/2.9.5/jackson-annotations-2.9.5.jar:/home/user/.m2/repository/org/apache/hadoop/hadoop-hdds-common/0.5.0-SNAPSHOT/hadoop-hdds-common-0.5.0-SNAPSHOT.jar:/home/user/.m2/repository/javax/annotation/javax.annotation-api/1.2/javax.annotation-api-1.2.jar:/home/user/.m2/repository/org/apache/ratis/ratis-server/0.4.0-2337318-SNAPSHOT/ratis-server-0.4.0-2337318-SNAPSHOT.jar:/home/user/.m2/repository/org/apache/ratis/ratis-thirdparty-misc/0.2.0/ratis-thirdparty-misc-0.2.0.jar:/home/user/.m2/repository/org/apache/ratis/ratis-proto/0.4.0-2337318-SNAPSHOT/ratis-proto-0.4.0-2337318-SNAPSHOT.jar:/home/user/.m2/repository/org/apache/ratis/ratis-common/0.4.0-2337318-SNAPSHOT/ratis-common-0.4.0-2337318-SNAPSHOT.jar:/home/user/.m2/repository/org/apache/ratis/ratis-client/0.4.0-2337318-SNAPSHOT/ratis-client-0.4.0-2337318-SNAPSHOT.jar:/home/user/.m2/repository/org/apache/ratis/ratis-metrics/0.4.0-2337318-SNAPSHOT/ratis-metrics-0.4.0-2337318-SNAPSHOT.jar:/home/user/.m2/repository/org/apache/ratis/ratis-netty/0.4.0-2337318-SNAPSHOT/ratis-netty-0.4.0-2337318-SNAPSHOT.jar:/home/user/.m2/repository/org/apache/ratis/ratis-grpc/0.4.0-2337318-SNAPSHOT/ratis-grpc-0.4.0-2337318-SNAPSHOT.jar:/home/user/.m2/repository/org/rocksdb/rocksdbjni/6.0.1/rocksdbjni-6.0.1.jar:/home/user/.m2/repository/org/apache/logging/log4j/log4j-api/2.11.0/log4j-api-2.11.0.jar:/home/user/.m2/repository/org/apache/logging/log4j/log4j-core/2.11.0/log4j-core-2.11.0.jar:/home/user/.m2/repository/com/lmax/disruptor/3.4.2/disruptor-3.4.2.jar:/home/user/.m2/repository/org/apache/commons/commons-pool2/2.6.0/commons-pool2-2.6.0.jar:/home/user/.m2/repository/org/bouncycastle/bcpkix-jdk15on/1.60/bcpkix-jdk15on-1.60.jar:/home/user/.m2/repository/commons-validator/commons-validator/1.6/commons-validator-1.6.jar:/home/user/.m2/repository/commons-digester/commons-digester/1.8.1/commons-digester-1.8.1.jar:/home/user/.m2/repository/io/jaegertracing/jaeger-client/0.33.1/jaeger-client-0.33.1.jar:/home/user/.m2/repository/io/jaegertracing/jaeger-thrift/0.33.1/jaeger-thrift-0.33.1.jar:/home/user/.m2/repository/org/apache/thrift/libthrift/0.11.0/libthrift-0.11.0.jar:/home/user/.m2/repository/com/squareup/okhttp3/okhttp/3.9.0/okhttp-3.9.0.jar:/home/user/.m2/repository/com/squareup/okio/okio/1.13.0/okio-1.13.0.jar:/home/user/.m2/repository/io/jaegertracing/jaeger-core/0.33.1/jaeger-core-0.33.1.jar:/home/user/.m2/repository/io/jaegertracing/jaeger-tracerresolver/0.33.1/jaeger-tracerresolver-0.33.1.jar:/home/user/.m2/repository/io/opentracing/contrib/opentracing-tracerresolver/0.1.5/opentracing-tracerresolver-0.1.5.jar:/home/user/.m2/repository/io/opentracing/opentracing-util/0.31.0/opentracing-util-0.31.0.jar:/home/user/.m2/repository/io/opentracing/opentracing-api/0.31.0/opentracing-api-0.31.0.jar:/home/user/.m2/repository/io/opentracing/opentracing-noop/0.31.0/opentracing-noop-0.31.0.jar:/home/user/.m2/repository/org/apache/hadoop/hadoop-hdds-server-framework/0.5.0-SNAPSHOT/hadoop-hdds-server-framework-0.5.0-SNAPSHOT.jar:/home/user/.m2/repository/org/apache/hadoop/hadoop-hdds-container-service/0.5.0-SNAPSHOT/hadoop-hdds-container-service-0.5.0-SNAPSHOT.jar:/home/user/.m2/repository/org/apache/hadoop/hadoop-hdds-client/0.5.0-SNAPSHOT/hadoop-hdds-client-0.5.0-SNAPSHOT.jar:/home/user/.m2/repository/org/apache/hadoop/hadoop-hdds-tools/0.5.0-SNAPSHOT/hadoop-hdds-tools-0.5.0-SNAPSHOT.jar:/home/user/.m2/repository/org/apache/hadoop/hadoop-hdds-server-scm/0.5.0-SNAPSHOT/hadoop-hdds-server-scm-0.5.0-SNAPSHOT.jar:/home/user/.m2/repository/org/apache/hadoop/hadoop-hdds-docs/0.5.0-SNAPSHOT/hadoop-hdds-docs-0.5.0-SNAPSHOT.jar:/home/user/.m2/repository/io/dropwizard/metrics/metrics-core/3.2.4/metrics-core-3.2.4.jar:/home/user/.m2/repository/org/hamcrest/hamcrest-all/1.3/hamcrest-all-1.3.jar:/home/user/.m2/repository/org/bouncycastle/bcprov-jdk15on/1.60/bcprov-jdk15on-1.60.jar:/home/user/.m2/repository/info/picocli/picocli/3.9.6/picocli-3.9.6.jar:/home/user/.m2/repository/com/google/protobuf/protobuf-java/2.5.0/protobuf-java-2.5.0.jar:/home/user/.m2/repository/com/google/guava/guava/11.0.2/guava-11.0.2.jar:/home/user/.m2/repository/org/apache/hadoop/hadoop-ozone-ozone-manager/0.5.0-SNAPSHOT/hadoop-ozone-ozone-manager-0.5.0-SNAPSHOT.jar:/home/user/.m2/repository/org/apache/hadoop/hadoop-minikdc/3.2.0/hadoop-minikdc-3.2.0.jar:/home/user/.m2/repository/commons-io/commons-io/2.5/commons-io-2.5.jar:/home/user/.m2/repository/org/apache/kerby/kerb-simplekdc/1.0.1/kerb-simplekdc-1.0.1.jar:/home/user/.m2/repository/org/apache/kerby/kerb-client/1.0.1/kerb-client-1.0.1.jar:/home/user/.m2/repository/org/apache/kerby/kerby-config/1.0.1/kerby-config-1.0.1.jar:/home/user/.m2/repository/org/apache/kerby/kerb-core/1.0.1/kerb-core-1.0.1.jar:/home/user/.m2/repository/org/apache/kerby/kerby-pkix/1.0.1/kerby-pkix-1.0.1.jar:/home/user/.m2/repository/org/apache/kerby/kerby-asn1/1.0.1/kerby-asn1-1.0.1.jar:/home/user/.m2/repository/org/apache/kerby/kerby-util/1.0.1/kerby-util-1.0.1.jar:/home/user/.m2/repository/org/apache/kerby/kerb-common/1.0.1/kerb-common-1.0.1.jar:/home/user/.m2/repository/org/apache/kerby/kerb-crypto/1.0.1/kerb-crypto-1.0.1.jar:/home/user/.m2/repository/org/apache/kerby/kerb-util/1.0.1/kerb-util-1.0.1.jar:/home/user/.m2/repository/org/apache/kerby/token-provider/1.0.1/token-provider-1.0.1.jar:/home/user/.m2/repository/org/apache/kerby/kerb-admin/1.0.1/kerb-admin-1.0.1.jar:/home/user/.m2/repository/org/apache/kerby/kerb-server/1.0.1/kerb-server-1.0.1.jar:/home/user/.m2/repository/org/apache/kerby/kerb-identity/1.0.1/kerb-identity-1.0.1.jar:/home/user/.m2/repository/org/apache/kerby/kerby-xdr/1.0.1/kerby-xdr-1.0.1.jar:/home/user/.m2/repository/org/slf4j/slf4j-log4j12/1.7.25/slf4j-log4j12-1.7.25.jar:/home/user/.m2/repository/org/apache/hadoop/hadoop-ozone-objectstore-service/0.5.0-SNAPSHOT/hadoop-ozone-objectstore-service-0.5.0-SNAPSHOT.jar:/home/user/.m2/repository/org/apache/hadoop/hadoop-ozone-s3gateway/0.5.0-SNAPSHOT/hadoop-ozone-s3gateway-0.5.0-SNAPSHOT.jar:/home/user/.m2/repository/org/jboss/weld/servlet/weld-servlet/2.4.7.Final/weld-servlet-2.4.7.Final.jar:/home/user/.m2/repository/org/glassfish/jersey/containers/jersey-container-servlet-core/2.27/jersey-container-servlet-core-2.27.jar:/home/user/.m2/repository/org/glassfish/hk2/external/javax.inject/2.5.0-b42/javax.inject-2.5.0-b42.jar:/home/user/.m2/repository/org/glassfish/jersey/core/jersey-common/2.27/jersey-common-2.27.jar:/home/user/.m2/repository/org/glassfish/hk2/osgi-resource-locator/1.0.1/osgi-resource-locator-1.0.1.jar:/home/user/.m2/repository/javax/ws/rs/javax.ws.rs-api/2.1/javax.ws.rs-api-2.1.jar:/home/user/.m2/repository/org/glassfish/jersey/ext/cdi/jersey-cdi1x/2.27/jersey-cdi1x-2.27.jar:/home/user/.m2/repository/org/glassfish/jersey/inject/jersey-hk2/2.27/jersey-hk2-2.27.jar:/home/user/.m2/repository/org/glassfish/hk2/hk2-locator/2.5.0-b42/hk2-locator-2.5.0-b42.jar:/home/user/.m2/repository/org/javassist/javassist/3.22.0-CR2/javassist-3.22.0-CR2.jar:/home/user/.m2/repository/org/glassfish/hk2/hk2-api/2.5.0/hk2-api-2.5.0.jar:/home/user/.m2/repository/org/glassfish/hk2/external/jakarta.inject/2.5.0/jakarta.inject-2.5.0.jar:/home/user/.m2/repository/org/glassfish/hk2/hk2-utils/2.5.0/hk2-utils-2.5.0.jar:/home/user/.m2/repository/jakarta/annotation/jakarta.annotation-api/1.3.4/jakarta.annotation-api-1.3.4.jar:/home/user/.m2/repository/org/glassfish/hk2/external/aopalliance-repackaged/2.5.0/aopalliance-repackaged-2.5.0.jar:/home/user/.m2/repository/com/fasterxml/jackson/dataformat/jackson-dataformat-xml/2.9.0/jackson-dataformat-xml-2.9.0.jar:/home/user/.m2/repository/com/fasterxml/jackson/core/jackson-core/2.9.5/jackson-core-2.9.5.jar:/home/user/.m2/repository/com/fasterxml/jackson/module/jackson-module-jaxb-annotations/2.9.5/jackson-module-jaxb-annotations-2.9.5.jar:/home/user/.m2/repository/javax/enterprise/cdi-api/1.2/cdi-api-1.2.jar:/home/user/.m2/repository/javax/el/javax.el-api/3.0.0/javax.el-api-3.0.0.jar:/home/user/.m2/repository/javax/interceptor/javax.interceptor-api/1.2/javax.interceptor-api-1.2.jar:/home/user/.m2/repository/javax/inject/javax.inject/1/javax.inject-1.jar:/home/user/.m2/repository/com/sun/xml/bind/jaxb-impl/2.3.0.1/jaxb-impl-2.3.0.1.jar:/home/user/.m2/repository/com/sun/xml/bind/jaxb-core/2.3.0.1/jaxb-core-2.3.0.1.jar:/home/user/.m2/repository/javax/xml/bind/jaxb-api/2.3.0/jaxb-api-2.3.0.jar:/home/user/.m2/repository/javax/activation/activation/1.1.1/activation-1.1.1.jar:/home/user/.m2/repository/org/apache/hadoop/hadoop-ozone-csi/0.5.0-SNAPSHOT/hadoop-ozone-csi-0.5.0-SNAPSHOT.jar:/home/user/.m2/repository/com/google/protobuf/protobuf-java-util/3.5.1/protobuf-java-util-3.5.1.jar:/home/user/.m2/repository/org/apache/hadoop/hadoop-hdds-config/0.5.0-SNAPSHOT/hadoop-hdds-config-0.5.0-SNAPSHOT.jar:/home/user/.m2/repository/io/grpc/grpc-netty/1.17.1/grpc-netty-1.17.1.jar:/home/user/.m2/repository/io/grpc/grpc-core/1.17.1/grpc-core-1.17.1.jar:/home/user/.m2/repository/io/grpc/grpc-context/1.17.1/grpc-context-1.17.1.jar:/home/user/.m2/repository/com/google/errorprone/error_prone_annotations/2.2.0/error_prone_annotations-2.2.0.jar:/home/user/.m2/repository/org/codehaus/mojo/animal-sniffer-annotations/1.17/animal-sniffer-annotations-1.17.jar:/home/user/.m2/repository/io/opencensus/opencensus-api/0.17.0/opencensus-api-0.17.0.jar:/home/user/.m2/repository/io/opencensus/opencensus-contrib-grpc-metrics/0.17.0/opencensus-contrib-grpc-metrics-0.17.0.jar:/home/user/.m2/repository/io/netty/netty-codec-http2/4.1.30.Final/netty-codec-http2-4.1.30.Final.jar:/home/user/.m2/repository/io/netty/netty-codec-http/4.1.30.Final/netty-codec-http-4.1.30.Final.jar:/home/user/.m2/repository/io/netty/netty-codec/4.1.30.Final/netty-codec-4.1.30.Final.jar:/home/user/.m2/repository/io/netty/netty-handler/4.1.30.Final/netty-handler-4.1.30.Final.jar:/home/user/.m2/repository/io/netty/netty-handler-proxy/4.1.30.Final/netty-handler-proxy-4.1.30.Final.jar:/home/user/.m2/repository/io/netty/netty-codec-socks/4.1.30.Final/netty-codec-socks-4.1.30.Final.jar:/home/user/.m2/repository/io/netty/netty-transport-native-epoll/4.1.30.Final/netty-transport-native-epoll-4.1.30.Final.jar:/home/user/.m2/repository/io/netty/netty-common/4.1.30.Final/netty-common-4.1.30.Final.jar:/home/user/.m2/repository/io/netty/netty-buffer/4.1.30.Final/netty-buffer-4.1.30.Final.jar:/home/user/.m2/repository/io/netty/netty-transport/4.1.30.Final/netty-transport-4.1.30.Final.jar:/home/user/.m2/repository/io/netty/netty-resolver/4.1.30.Final/netty-resolver-4.1.30.Final.jar:/home/user/.m2/repository/io/netty/netty-transport-native-unix-common/4.1.30.Final/netty-transport-native-unix-common-4.1.30.Final.jar:/home/user/.m2/repository/io/grpc/grpc-protobuf/1.17.1/grpc-protobuf-1.17.1.jar:/home/user/.m2/repository/com/google/api/grpc/proto-google-common-protos/1.0.0/proto-google-common-protos-1.0.0.jar:/home/user/.m2/repository/io/grpc/grpc-protobuf-lite/1.17.1/grpc-protobuf-lite-1.17.1.jar:/home/user/.m2/repository/io/grpc/grpc-stub/1.17.1/grpc-stub-1.17.1.jar:/home/user/.m2/repository/org/apache/hadoop/hadoop-ozone-recon/0.5.0-SNAPSHOT/hadoop-ozone-recon-0.5.0-SNAPSHOT.jar:/home/user/.m2/repository/org/apache/hadoop/hadoop-ozone-reconcodegen/0.5.0-SNAPSHOT/hadoop-ozone-reconcodegen-0.5.0-SNAPSHOT.jar:/home/user/.m2/repository/com/google/inject/extensions/guice-multibindings/4.0/guice-multibindings-4.0.jar:/home/user/.m2/repository/com/google/inject/guice/4.0/guice-4.0.jar:/home/user/.m2/repository/aopalliance/aopalliance/1.0/aopalliance-1.0.jar:/home/user/.m2/repository/com/google/inject/extensions/guice-servlet/4.0/guice-servlet-4.0.jar:/home/user/.m2/repository/org/glassfish/jersey/containers/jersey-container-servlet/2.27/jersey-container-servlet-2.27.jar:/home/user/.m2/repository/org/glassfish/hk2/guice-bridge/2.5.0/guice-bridge-2.5.0.jar:/home/user/.m2/repository/org/glassfish/jersey/core/jersey-server/2.27/jersey-server-2.27.jar:/home/user/.m2/repository/org/glassfish/jersey/core/jersey-client/2.27/jersey-client-2.27.jar:/home/user/.m2/repository/org/glassfish/jersey/media/jersey-media-jaxb/2.27/jersey-media-jaxb-2.27.jar:/home/user/.m2/repository/javax/validation/validation-api/1.1.0.Final/validation-api-1.1.0.Final.jar:/home/user/.m2/repository/org/glassfish/jersey/media/jersey-media-json-jackson/2.27/jersey-media-json-jackson-2.27.jar:/home/user/.m2/repository/org/glassfish/jersey/ext/jersey-entity-filtering/2.27/jersey-entity-filtering-2.27.jar:/home/user/.m2/repository/com/google/inject/extensions/guice-assistedinject/4.0/guice-assistedinject-4.0.jar:/home/user/.m2/repository/org/jooq/jooq/3.11.10/jooq-3.11.10.jar:/home/user/.m2/repository/org/jooq/jooq-meta/3.11.10/jooq-meta-3.11.10.jar:/home/user/.m2/repository/org/jooq/jooq-codegen/3.11.10/jooq-codegen-3.11.10.jar:/home/user/.m2/repository/com/jolbox/bonecp/0.8.0.RELEASE/bonecp-0.8.0.RELEASE.jar:/home/user/.m2/repository/org/xerial/sqlite-jdbc/3.25.2/sqlite-jdbc-3.25.2.jar:/home/user/.m2/repository/org/springframework/spring-jdbc/5.1.3.RELEASE/spring-jdbc-5.1.3.RELEASE.jar:/home/user/.m2/repository/org/springframework/spring-beans/5.1.3.RELEASE/spring-beans-5.1.3.RELEASE.jar:/home/user/.m2/repository/org/springframework/spring-core/5.1.3.RELEASE/spring-core-5.1.3.RELEASE.jar:/home/user/.m2/repository/org/springframework/spring-jcl/5.1.3.RELEASE/spring-jcl-5.1.3.RELEASE.jar:/home/user/.m2/repository/org/springframework/spring-tx/5.1.3.RELEASE/spring-tx-5.1.3.RELEASE.jar:/home/user/.m2/repository/org/apache/hadoop/hadoop-ozone-client/0.5.0-SNAPSHOT/hadoop-ozone-client-0.5.0-SNAPSHOT.jar:/home/user/.m2/repository/commons-lang/commons-lang/2.6/commons-lang-2.6.jar:/home/user/.m2/repository/org/apache/hadoop/hadoop-ozone-ozone-manager/0.5.0-SNAPSHOT/hadoop-ozone-ozone-manager-0.5.0-SNAPSHOT-tests.jar:/home/user/.m2/repository/junit/junit/4.11/junit-4.11.jar:/home/user/.m2/repository/org/hamcrest/hamcrest-core/1.3/hamcrest-core-1.3.jar:/home/user/.m2/repository/org/openjdk/jmh/jmh-core/1.19/jmh-core-1.19.jar:/home/user/.m2/repository/net/sf/jopt-simple/jopt-simple/4.6/jopt-simple-4.6.jar:/home/user/.m2/repository/org/apache/commons/commons-math3/3.1.1/commons-math3-3.1.1.jar:/home/user/.m2/repository/org/openjdk/jmh/jmh-generator-annprocess/1.19/jmh-generator-annprocess-1.19.jar:/home/user/.m2/repository/org/mockito/mockito-all/1.8.5/mockito-all-1.8.5.jar:/home/user/.m2/repository/org/apache/hadoop/hadoop-kms/3.2.0/hadoop-kms-3.2.0.jar:/home/user/.m2/repository/org/apache/hadoop/hadoop-auth/3.2.0/hadoop-auth-3.2.0.jar:/home/user/.m2/repository/com/nimbusds/nimbus-jose-jwt/4.41.1/nimbus-jose-jwt-4.41.1.jar:/home/user/.m2/repository/com/github/stephenc/jcip/jcip-annotations/1.0-1/jcip-annotations-1.0-1.jar:/home/user/.m2/repository/net/minidev/json-smart/2.3/json-smart-2.3.jar:/home/user/.m2/repository/net/minidev/accessors-smart/1.2/accessors-smart-1.2.jar:/home/user/.m2/repository/org/ow2/asm/asm/5.0.4/asm-5.0.4.jar:/home/user/.m2/repository/org/apache/curator/curator-framework/2.12.0/curator-framework-2.12.0.jar:/home/user/.m2/repository/com/sun/jersey/jersey-core/1.19/jersey-core-1.19.jar:/home/user/.m2/repository/javax/ws/rs/jsr311-api/1.1.1/jsr311-api-1.1.1.jar:/home/user/.m2/repository/com/sun/jersey/jersey-server/1.19/jersey-server-1.19.jar:/home/user/.m2/repository/javax/servlet/javax.servlet-api/3.1.0/javax.servlet-api-3.1.0.jar:/home/user/.m2/repository/org/eclipse/jetty/jetty-server/9.3.24.v20180605/jetty-server-9.3.24.v20180605.jar:/home/user/.m2/repository/org/eclipse/jetty/jetty-http/9.3.24.v20180605/jetty-http-9.3.24.v20180605.jar:/home/user/.m2/repository/org/eclipse/jetty/jetty-io/9.3.24.v20180605/jetty-io-9.3.24.v20180605.jar:/home/user/.m2/repository/org/eclipse/jetty/jetty-webapp/9.3.24.v20180605/jetty-webapp-9.3.24.v20180605.jar:/home/user/.m2/repository/org/eclipse/jetty/jetty-xml/9.3.24.v20180605/jetty-xml-9.3.24.v20180605.jar:/home/user/.m2/repository/log4j/log4j/1.2.17/log4j-1.2.17.jar:/home/user/.m2/repository/org/slf4j/slf4j-api/1.7.25/slf4j-api-1.7.25.jar:/home/user/.m2/repository/org/slf4j/jul-to-slf4j/1.7.25/jul-to-slf4j-1.7.25.jar:/home/user/.m2/repository/org/eclipse/jetty/jetty-util/9.3.24.v20180605/jetty-util-9.3.24.v20180605.jar:/home/user/.m2/repository/com/fasterxml/jackson/core/jackson-databind/2.9.5/jackson-databind-2.9.5.jar:/home/user/.m2/repository/org/apache/hadoop/hadoop-kms/3.2.0/hadoop-kms-3.2.0-tests.jar:/home/user/.m2/repository/org/apache/hadoop/hadoop-hdds-server-scm/0.5.0-SNAPSHOT/hadoop-hdds-server-scm-0.5.0-SNAPSHOT-tests.jar:/home/user/.m2/repository/org/apache/hadoop/hadoop-hdds-container-service/0.5.0-SNAPSHOT/hadoop-hdds-container-service-0.5.0-SNAPSHOT-tests.jar:/home/user/.m2/repository/org/yaml/snakeyaml/1.16/snakeyaml-1.16.jar:/home/user/.m2/repository/org/apache/hadoop/hadoop-common/3.2.0/hadoop-common-3.2.0-tests.jar:/home/user/.m2/repository/org/apache/hadoop/hadoop-annotations/3.2.0/hadoop-annotations-3.2.0.jar:/usr/lib/jvm/java-1.8-openjdk/jre/../lib/tools.jar:/home/user/.m2/repository/commons-cli/commons-cli/1.2/commons-cli-1.2.jar:/home/user/.m2/repository/org/apache/httpcomponents/httpclient/4.5.2/httpclient-4.5.2.jar:/home/user/.m2/repository/org/apache/httpcomponents/httpcore/4.4.4/httpcore-4.4.4.jar:/home/user/.m2/repository/commons-codec/commons-codec/1.11/commons-codec-1.11.jar:/home/user/.m2/repository/commons-net/commons-net/3.6/commons-net-3.6.jar:/home/user/.m2/repository/commons-collections/commons-collections/3.2.2/commons-collections-3.2.2.jar:/home/user/.m2/repository/org/eclipse/jetty/jetty-servlet/9.3.24.v20180605/jetty-servlet-9.3.24.v20180605.jar:/home/user/.m2/repository/org/eclipse/jetty/jetty-security/9.3.24.v20180605/jetty-security-9.3.24.v20180605.jar:/home/user/.m2/repository/javax/servlet/jsp/jsp-api/2.1/jsp-api-2.1.jar:/home/user/.m2/repository/com/sun/jersey/jersey-servlet/1.19/jersey-servlet-1.19.jar:/home/user/.m2/repository/com/sun/jersey/jersey-json/1.19/jersey-json-1.19.jar:/home/user/.m2/repository/org/codehaus/jettison/jettison/1.1/jettison-1.1.jar:/home/user/.m2/repository/org/codehaus/jackson/jackson-core-asl/1.9.13/jackson-core-asl-1.9.13.jar:/home/user/.m2/repository/org/codehaus/jackson/jackson-mapper-asl/1.9.13/jackson-mapper-asl-1.9.13.jar:/home/user/.m2/repository/org/codehaus/jackson/jackson-jaxrs/1.9.13/jackson-jaxrs-1.9.13.jar:/home/user/.m2/repository/org/codehaus/jackson/jackson-xc/1.9.13/jackson-xc-1.9.13.jar:/home/user/.m2/repository/commons-logging/commons-logging/1.1.3/commons-logging-1.1.3.jar:/home/user/.m2/repository/commons-beanutils/commons-beanutils/1.9.3/commons-beanutils-1.9.3.jar:/home/user/.m2/repository/org/apache/commons/commons-configuration2/2.1.1/commons-configuration2-2.1.1.jar:/home/user/.m2/repository/org/apache/commons/commons-lang3/3.7/commons-lang3-3.7.jar:/home/user/.m2/repository/org/apache/commons/commons-text/1.4/commons-text-1.4.jar:/home/user/.m2/repository/org/apache/avro/avro/1.7.7/avro-1.7.7.jar:/home/user/.m2/repository/com/thoughtworks/paranamer/paranamer/2.3/paranamer-2.3.jar:/home/user/.m2/repository/org/xerial/snappy/snappy-java/1.0.5/snappy-java-1.0.5.jar:/home/user/.m2/repository/com/google/re2j/re2j/1.1/re2j-1.1.jar:/home/user/.m2/repository/com/google/code/gson/gson/2.2.4/gson-2.2.4.jar:/home/user/.m2/repository/com/jcraft/jsch/0.1.54/jsch-0.1.54.jar:/home/user/.m2/repository/org/apache/curator/curator-client/2.12.0/curator-client-2.12.0.jar:/home/user/.m2/repository/org/apache/curator/curator-recipes/2.12.0/curator-recipes-2.12.0.jar:/home/user/.m2/repository/com/google/code/findbugs/jsr305/3.0.0/jsr305-3.0.0.jar:/home/user/.m2/repository/org/apache/htrace/htrace-core4/4.1.0-incubating/htrace-core4-4.1.0-incubating.jar:/home/user/.m2/repository/org/apache/zookeeper/zookeeper/3.4.13/zookeeper-3.4.13.jar:/home/user/.m2/repository/org/apache/yetus/audience-annotations/0.5.0/audience-annotations-0.5.0.jar:/home/user/.m2/repository/org/codehaus/woodstox/stax2-api/3.1.4/stax2-api-3.1.4.jar:/home/user/.m2/repository/com/fasterxml/woodstox/woodstox-core/5.0.3/woodstox-core-5.0.3.jar:/home/user/.m2/repository/dnsjava/dnsjava/2.1.7/dnsjava-2.1.7.jar:/home/user/.m2/repository/org/apache/hadoop/hadoop-hdfs/3.2.0/hadoop-hdfs-3.2.0-tests.jar:/home/user/.m2/repository/org/eclipse/jetty/jetty-util-ajax/9.3.24.v20180605/jetty-util-ajax-9.3.24.v20180605.jar:/home/user/.m2/repository/commons-daemon/commons-daemon/1.0.13/commons-daemon-1.0.13.jar:/home/user/.m2/repository/io/netty/netty/3.10.5.Final/netty-3.10.5.Final.jar:/home/user/.m2/repository/io/netty/netty-all/4.0.52.Final/netty-all-4.0.52.Final.jar:/home/user/.m2/repository/org/fusesource/leveldbjni/leveldbjni-all/1.8/leveldbjni-all-1.8.jar:"/>
    <property name="java.vm.vendor" value="IcedTea"/>
    <property name="sun.arch.data.model" value="64"/>
    <property name="test.build.dir" value="/workdir/hadoop-ozone/integration-test/target/test-dir"/>
    <property name="test.cache.data" value=""/>
    <property name="java.vendor.url" value="https://icedtea.classpath.org"/>
    <property name="user.timezone" value=""/>
    <property name="java.vm.specification.version" value="1.8"/>
    <property name="os.name" value="Linux"/>
    <property name="test.build.data" value="/workdir/hadoop-ozone/integration-test/target/test-dir"/>
    <property name="user.country" value="US"/>
    <property name="sun.java.launcher" value="SUN_STANDARD"/>
    <property name="sun.boot.library.path" value="/usr/lib/jvm/java-1.8-openjdk/jre/lib/amd64"/>
    <property name="sun.java.command" value="/workdir/hadoop-ozone/integration-test/target/surefire/surefirebooter9146541237786679534.jar /workdir/hadoop-ozone/integration-test/target/surefire 2019-08-24T06-09-11_237-jvmRun1 surefire5313257477742934786tmp surefire_578890075717166174174tmp"/>
    <property name="test" value="!TestMiniChaosOzoneCluster"/>
    <property name="surefire.test.class.path" value="/workdir/hadoop-ozone/integration-test/target/test-classes:/workdir/hadoop-ozone/integration-test/target/classes:/home/user/.m2/repository/org/apache/hadoop/hadoop-ozone-common/0.5.0-SNAPSHOT/hadoop-ozone-common-0.5.0-SNAPSHOT.jar:/home/user/.m2/repository/org/apache/commons/commons-compress/1.4.1/commons-compress-1.4.1.jar:/home/user/.m2/repository/org/tukaani/xz/1.0/xz-1.0.jar:/home/user/.m2/repository/org/apache/hadoop/hadoop-common/3.2.0/hadoop-common-3.2.0.jar:/home/user/.m2/repository/org/apache/hadoop/hadoop-hdfs/3.2.0/hadoop-hdfs-3.2.0.jar:/home/user/.m2/repository/org/apache/hadoop/hadoop-hdfs-client/3.2.0/hadoop-hdfs-client-3.2.0.jar:/home/user/.m2/repository/com/fasterxml/jackson/core/jackson-annotations/2.9.5/jackson-annotations-2.9.5.jar:/home/user/.m2/repository/org/apache/hadoop/hadoop-hdds-common/0.5.0-SNAPSHOT/hadoop-hdds-common-0.5.0-SNAPSHOT.jar:/home/user/.m2/repository/javax/annotation/javax.annotation-api/1.2/javax.annotation-api-1.2.jar:/home/user/.m2/repository/org/apache/ratis/ratis-server/0.4.0-2337318-SNAPSHOT/ratis-server-0.4.0-2337318-SNAPSHOT.jar:/home/user/.m2/repository/org/apache/ratis/ratis-thirdparty-misc/0.2.0/ratis-thirdparty-misc-0.2.0.jar:/home/user/.m2/repository/org/apache/ratis/ratis-proto/0.4.0-2337318-SNAPSHOT/ratis-proto-0.4.0-2337318-SNAPSHOT.jar:/home/user/.m2/repository/org/apache/ratis/ratis-common/0.4.0-2337318-SNAPSHOT/ratis-common-0.4.0-2337318-SNAPSHOT.jar:/home/user/.m2/repository/org/apache/ratis/ratis-client/0.4.0-2337318-SNAPSHOT/ratis-client-0.4.0-2337318-SNAPSHOT.jar:/home/user/.m2/repository/org/apache/ratis/ratis-metrics/0.4.0-2337318-SNAPSHOT/ratis-metrics-0.4.0-2337318-SNAPSHOT.jar:/home/user/.m2/repository/org/apache/ratis/ratis-netty/0.4.0-2337318-SNAPSHOT/ratis-netty-0.4.0-2337318-SNAPSHOT.jar:/home/user/.m2/repository/org/apache/ratis/ratis-grpc/0.4.0-2337318-SNAPSHOT/ratis-grpc-0.4.0-2337318-SNAPSHOT.jar:/home/user/.m2/repository/org/rocksdb/rocksdbjni/6.0.1/rocksdbjni-6.0.1.jar:/home/user/.m2/repository/org/apache/logging/log4j/log4j-api/2.11.0/log4j-api-2.11.0.jar:/home/user/.m2/repository/org/apache/logging/log4j/log4j-core/2.11.0/log4j-core-2.11.0.jar:/home/user/.m2/repository/com/lmax/disruptor/3.4.2/disruptor-3.4.2.jar:/home/user/.m2/repository/org/apache/commons/commons-pool2/2.6.0/commons-pool2-2.6.0.jar:/home/user/.m2/repository/org/bouncycastle/bcpkix-jdk15on/1.60/bcpkix-jdk15on-1.60.jar:/home/user/.m2/repository/commons-validator/commons-validator/1.6/commons-validator-1.6.jar:/home/user/.m2/repository/commons-digester/commons-digester/1.8.1/commons-digester-1.8.1.jar:/home/user/.m2/repository/io/jaegertracing/jaeger-client/0.33.1/jaeger-client-0.33.1.jar:/home/user/.m2/repository/io/jaegertracing/jaeger-thrift/0.33.1/jaeger-thrift-0.33.1.jar:/home/user/.m2/repository/org/apache/thrift/libthrift/0.11.0/libthrift-0.11.0.jar:/home/user/.m2/repository/com/squareup/okhttp3/okhttp/3.9.0/okhttp-3.9.0.jar:/home/user/.m2/repository/com/squareup/okio/okio/1.13.0/okio-1.13.0.jar:/home/user/.m2/repository/io/jaegertracing/jaeger-core/0.33.1/jaeger-core-0.33.1.jar:/home/user/.m2/repository/io/jaegertracing/jaeger-tracerresolver/0.33.1/jaeger-tracerresolver-0.33.1.jar:/home/user/.m2/repository/io/opentracing/contrib/opentracing-tracerresolver/0.1.5/opentracing-tracerresolver-0.1.5.jar:/home/user/.m2/repository/io/opentracing/opentracing-util/0.31.0/opentracing-util-0.31.0.jar:/home/user/.m2/repository/io/opentracing/opentracing-api/0.31.0/opentracing-api-0.31.0.jar:/home/user/.m2/repository/io/opentracing/opentracing-noop/0.31.0/opentracing-noop-0.31.0.jar:/home/user/.m2/repository/org/apache/hadoop/hadoop-hdds-server-framework/0.5.0-SNAPSHOT/hadoop-hdds-server-framework-0.5.0-SNAPSHOT.jar:/home/user/.m2/repository/org/apache/hadoop/hadoop-hdds-container-service/0.5.0-SNAPSHOT/hadoop-hdds-container-service-0.5.0-SNAPSHOT.jar:/home/user/.m2/repository/org/apache/hadoop/hadoop-hdds-client/0.5.0-SNAPSHOT/hadoop-hdds-client-0.5.0-SNAPSHOT.jar:/home/user/.m2/repository/org/apache/hadoop/hadoop-hdds-tools/0.5.0-SNAPSHOT/hadoop-hdds-tools-0.5.0-SNAPSHOT.jar:/home/user/.m2/repository/org/apache/hadoop/hadoop-hdds-server-scm/0.5.0-SNAPSHOT/hadoop-hdds-server-scm-0.5.0-SNAPSHOT.jar:/home/user/.m2/repository/org/apache/hadoop/hadoop-hdds-docs/0.5.0-SNAPSHOT/hadoop-hdds-docs-0.5.0-SNAPSHOT.jar:/home/user/.m2/repository/io/dropwizard/metrics/metrics-core/3.2.4/metrics-core-3.2.4.jar:/home/user/.m2/repository/org/hamcrest/hamcrest-all/1.3/hamcrest-all-1.3.jar:/home/user/.m2/repository/org/bouncycastle/bcprov-jdk15on/1.60/bcprov-jdk15on-1.60.jar:/home/user/.m2/repository/info/picocli/picocli/3.9.6/picocli-3.9.6.jar:/home/user/.m2/repository/com/google/protobuf/protobuf-java/2.5.0/protobuf-java-2.5.0.jar:/home/user/.m2/repository/com/google/guava/guava/11.0.2/guava-11.0.2.jar:/home/user/.m2/repository/org/apache/hadoop/hadoop-ozone-ozone-manager/0.5.0-SNAPSHOT/hadoop-ozone-ozone-manager-0.5.0-SNAPSHOT.jar:/home/user/.m2/repository/org/apache/hadoop/hadoop-minikdc/3.2.0/hadoop-minikdc-3.2.0.jar:/home/user/.m2/repository/commons-io/commons-io/2.5/commons-io-2.5.jar:/home/user/.m2/repository/org/apache/kerby/kerb-simplekdc/1.0.1/kerb-simplekdc-1.0.1.jar:/home/user/.m2/repository/org/apache/kerby/kerb-client/1.0.1/kerb-client-1.0.1.jar:/home/user/.m2/repository/org/apache/kerby/kerby-config/1.0.1/kerby-config-1.0.1.jar:/home/user/.m2/repository/org/apache/kerby/kerb-core/1.0.1/kerb-core-1.0.1.jar:/home/user/.m2/repository/org/apache/kerby/kerby-pkix/1.0.1/kerby-pkix-1.0.1.jar:/home/user/.m2/repository/org/apache/kerby/kerby-asn1/1.0.1/kerby-asn1-1.0.1.jar:/home/user/.m2/repository/org/apache/kerby/kerby-util/1.0.1/kerby-util-1.0.1.jar:/home/user/.m2/repository/org/apache/kerby/kerb-common/1.0.1/kerb-common-1.0.1.jar:/home/user/.m2/repository/org/apache/kerby/kerb-crypto/1.0.1/kerb-crypto-1.0.1.jar:/home/user/.m2/repository/org/apache/kerby/kerb-util/1.0.1/kerb-util-1.0.1.jar:/home/user/.m2/repository/org/apache/kerby/token-provider/1.0.1/token-provider-1.0.1.jar:/home/user/.m2/repository/org/apache/kerby/kerb-admin/1.0.1/kerb-admin-1.0.1.jar:/home/user/.m2/repository/org/apache/kerby/kerb-server/1.0.1/kerb-server-1.0.1.jar:/home/user/.m2/repository/org/apache/kerby/kerb-identity/1.0.1/kerb-identity-1.0.1.jar:/home/user/.m2/repository/org/apache/kerby/kerby-xdr/1.0.1/kerby-xdr-1.0.1.jar:/home/user/.m2/repository/org/slf4j/slf4j-log4j12/1.7.25/slf4j-log4j12-1.7.25.jar:/home/user/.m2/repository/org/apache/hadoop/hadoop-ozone-objectstore-service/0.5.0-SNAPSHOT/hadoop-ozone-objectstore-service-0.5.0-SNAPSHOT.jar:/home/user/.m2/repository/org/apache/hadoop/hadoop-ozone-s3gateway/0.5.0-SNAPSHOT/hadoop-ozone-s3gateway-0.5.0-SNAPSHOT.jar:/home/user/.m2/repository/org/jboss/weld/servlet/weld-servlet/2.4.7.Final/weld-servlet-2.4.7.Final.jar:/home/user/.m2/repository/org/glassfish/jersey/containers/jersey-container-servlet-core/2.27/jersey-container-servlet-core-2.27.jar:/home/user/.m2/repository/org/glassfish/hk2/external/javax.inject/2.5.0-b42/javax.inject-2.5.0-b42.jar:/home/user/.m2/repository/org/glassfish/jersey/core/jersey-common/2.27/jersey-common-2.27.jar:/home/user/.m2/repository/org/glassfish/hk2/osgi-resource-locator/1.0.1/osgi-resource-locator-1.0.1.jar:/home/user/.m2/repository/javax/ws/rs/javax.ws.rs-api/2.1/javax.ws.rs-api-2.1.jar:/home/user/.m2/repository/org/glassfish/jersey/ext/cdi/jersey-cdi1x/2.27/jersey-cdi1x-2.27.jar:/home/user/.m2/repository/org/glassfish/jersey/inject/jersey-hk2/2.27/jersey-hk2-2.27.jar:/home/user/.m2/repository/org/glassfish/hk2/hk2-locator/2.5.0-b42/hk2-locator-2.5.0-b42.jar:/home/user/.m2/repository/org/javassist/javassist/3.22.0-CR2/javassist-3.22.0-CR2.jar:/home/user/.m2/repository/org/glassfish/hk2/hk2-api/2.5.0/hk2-api-2.5.0.jar:/home/user/.m2/repository/org/glassfish/hk2/external/jakarta.inject/2.5.0/jakarta.inject-2.5.0.jar:/home/user/.m2/repository/org/glassfish/hk2/hk2-utils/2.5.0/hk2-utils-2.5.0.jar:/home/user/.m2/repository/jakarta/annotation/jakarta.annotation-api/1.3.4/jakarta.annotation-api-1.3.4.jar:/home/user/.m2/repository/org/glassfish/hk2/external/aopalliance-repackaged/2.5.0/aopalliance-repackaged-2.5.0.jar:/home/user/.m2/repository/com/fasterxml/jackson/dataformat/jackson-dataformat-xml/2.9.0/jackson-dataformat-xml-2.9.0.jar:/home/user/.m2/repository/com/fasterxml/jackson/core/jackson-core/2.9.5/jackson-core-2.9.5.jar:/home/user/.m2/repository/com/fasterxml/jackson/module/jackson-module-jaxb-annotations/2.9.5/jackson-module-jaxb-annotations-2.9.5.jar:/home/user/.m2/repository/javax/enterprise/cdi-api/1.2/cdi-api-1.2.jar:/home/user/.m2/repository/javax/el/javax.el-api/3.0.0/javax.el-api-3.0.0.jar:/home/user/.m2/repository/javax/interceptor/javax.interceptor-api/1.2/javax.interceptor-api-1.2.jar:/home/user/.m2/repository/javax/inject/javax.inject/1/javax.inject-1.jar:/home/user/.m2/repository/com/sun/xml/bind/jaxb-impl/2.3.0.1/jaxb-impl-2.3.0.1.jar:/home/user/.m2/repository/com/sun/xml/bind/jaxb-core/2.3.0.1/jaxb-core-2.3.0.1.jar:/home/user/.m2/repository/javax/xml/bind/jaxb-api/2.3.0/jaxb-api-2.3.0.jar:/home/user/.m2/repository/javax/activation/activation/1.1.1/activation-1.1.1.jar:/home/user/.m2/repository/org/apache/hadoop/hadoop-ozone-csi/0.5.0-SNAPSHOT/hadoop-ozone-csi-0.5.0-SNAPSHOT.jar:/home/user/.m2/repository/com/google/protobuf/protobuf-java-util/3.5.1/protobuf-java-util-3.5.1.jar:/home/user/.m2/repository/org/apache/hadoop/hadoop-hdds-config/0.5.0-SNAPSHOT/hadoop-hdds-config-0.5.0-SNAPSHOT.jar:/home/user/.m2/repository/io/grpc/grpc-netty/1.17.1/grpc-netty-1.17.1.jar:/home/user/.m2/repository/io/grpc/grpc-core/1.17.1/grpc-core-1.17.1.jar:/home/user/.m2/repository/io/grpc/grpc-context/1.17.1/grpc-context-1.17.1.jar:/home/user/.m2/repository/com/google/errorprone/error_prone_annotations/2.2.0/error_prone_annotations-2.2.0.jar:/home/user/.m2/repository/org/codehaus/mojo/animal-sniffer-annotations/1.17/animal-sniffer-annotations-1.17.jar:/home/user/.m2/repository/io/opencensus/opencensus-api/0.17.0/opencensus-api-0.17.0.jar:/home/user/.m2/repository/io/opencensus/opencensus-contrib-grpc-metrics/0.17.0/opencensus-contrib-grpc-metrics-0.17.0.jar:/home/user/.m2/repository/io/netty/netty-codec-http2/4.1.30.Final/netty-codec-http2-4.1.30.Final.jar:/home/user/.m2/repository/io/netty/netty-codec-http/4.1.30.Final/netty-codec-http-4.1.30.Final.jar:/home/user/.m2/repository/io/netty/netty-codec/4.1.30.Final/netty-codec-4.1.30.Final.jar:/home/user/.m2/repository/io/netty/netty-handler/4.1.30.Final/netty-handler-4.1.30.Final.jar:/home/user/.m2/repository/io/netty/netty-handler-proxy/4.1.30.Final/netty-handler-proxy-4.1.30.Final.jar:/home/user/.m2/repository/io/netty/netty-codec-socks/4.1.30.Final/netty-codec-socks-4.1.30.Final.jar:/home/user/.m2/repository/io/netty/netty-transport-native-epoll/4.1.30.Final/netty-transport-native-epoll-4.1.30.Final.jar:/home/user/.m2/repository/io/netty/netty-common/4.1.30.Final/netty-common-4.1.30.Final.jar:/home/user/.m2/repository/io/netty/netty-buffer/4.1.30.Final/netty-buffer-4.1.30.Final.jar:/home/user/.m2/repository/io/netty/netty-transport/4.1.30.Final/netty-transport-4.1.30.Final.jar:/home/user/.m2/repository/io/netty/netty-resolver/4.1.30.Final/netty-resolver-4.1.30.Final.jar:/home/user/.m2/repository/io/netty/netty-transport-native-unix-common/4.1.30.Final/netty-transport-native-unix-common-4.1.30.Final.jar:/home/user/.m2/repository/io/grpc/grpc-protobuf/1.17.1/grpc-protobuf-1.17.1.jar:/home/user/.m2/repository/com/google/api/grpc/proto-google-common-protos/1.0.0/proto-google-common-protos-1.0.0.jar:/home/user/.m2/repository/io/grpc/grpc-protobuf-lite/1.17.1/grpc-protobuf-lite-1.17.1.jar:/home/user/.m2/repository/io/grpc/grpc-stub/1.17.1/grpc-stub-1.17.1.jar:/home/user/.m2/repository/org/apache/hadoop/hadoop-ozone-recon/0.5.0-SNAPSHOT/hadoop-ozone-recon-0.5.0-SNAPSHOT.jar:/home/user/.m2/repository/org/apache/hadoop/hadoop-ozone-reconcodegen/0.5.0-SNAPSHOT/hadoop-ozone-reconcodegen-0.5.0-SNAPSHOT.jar:/home/user/.m2/repository/com/google/inject/extensions/guice-multibindings/4.0/guice-multibindings-4.0.jar:/home/user/.m2/repository/com/google/inject/guice/4.0/guice-4.0.jar:/home/user/.m2/repository/aopalliance/aopalliance/1.0/aopalliance-1.0.jar:/home/user/.m2/repository/com/google/inject/extensions/guice-servlet/4.0/guice-servlet-4.0.jar:/home/user/.m2/repository/org/glassfish/jersey/containers/jersey-container-servlet/2.27/jersey-container-servlet-2.27.jar:/home/user/.m2/repository/org/glassfish/hk2/guice-bridge/2.5.0/guice-bridge-2.5.0.jar:/home/user/.m2/repository/org/glassfish/jersey/core/jersey-server/2.27/jersey-server-2.27.jar:/home/user/.m2/repository/org/glassfish/jersey/core/jersey-client/2.27/jersey-client-2.27.jar:/home/user/.m2/repository/org/glassfish/jersey/media/jersey-media-jaxb/2.27/jersey-media-jaxb-2.27.jar:/home/user/.m2/repository/javax/validation/validation-api/1.1.0.Final/validation-api-1.1.0.Final.jar:/home/user/.m2/repository/org/glassfish/jersey/media/jersey-media-json-jackson/2.27/jersey-media-json-jackson-2.27.jar:/home/user/.m2/repository/org/glassfish/jersey/ext/jersey-entity-filtering/2.27/jersey-entity-filtering-2.27.jar:/home/user/.m2/repository/com/google/inject/extensions/guice-assistedinject/4.0/guice-assistedinject-4.0.jar:/home/user/.m2/repository/org/jooq/jooq/3.11.10/jooq-3.11.10.jar:/home/user/.m2/repository/org/jooq/jooq-meta/3.11.10/jooq-meta-3.11.10.jar:/home/user/.m2/repository/org/jooq/jooq-codegen/3.11.10/jooq-codegen-3.11.10.jar:/home/user/.m2/repository/com/jolbox/bonecp/0.8.0.RELEASE/bonecp-0.8.0.RELEASE.jar:/home/user/.m2/repository/org/xerial/sqlite-jdbc/3.25.2/sqlite-jdbc-3.25.2.jar:/home/user/.m2/repository/org/springframework/spring-jdbc/5.1.3.RELEASE/spring-jdbc-5.1.3.RELEASE.jar:/home/user/.m2/repository/org/springframework/spring-beans/5.1.3.RELEASE/spring-beans-5.1.3.RELEASE.jar:/home/user/.m2/repository/org/springframework/spring-core/5.1.3.RELEASE/spring-core-5.1.3.RELEASE.jar:/home/user/.m2/repository/org/springframework/spring-jcl/5.1.3.RELEASE/spring-jcl-5.1.3.RELEASE.jar:/home/user/.m2/repository/org/springframework/spring-tx/5.1.3.RELEASE/spring-tx-5.1.3.RELEASE.jar:/home/user/.m2/repository/org/apache/hadoop/hadoop-ozone-client/0.5.0-SNAPSHOT/hadoop-ozone-client-0.5.0-SNAPSHOT.jar:/home/user/.m2/repository/commons-lang/commons-lang/2.6/commons-lang-2.6.jar:/home/user/.m2/repository/org/apache/hadoop/hadoop-ozone-ozone-manager/0.5.0-SNAPSHOT/hadoop-ozone-ozone-manager-0.5.0-SNAPSHOT-tests.jar:/home/user/.m2/repository/junit/junit/4.11/junit-4.11.jar:/home/user/.m2/repository/org/hamcrest/hamcrest-core/1.3/hamcrest-core-1.3.jar:/home/user/.m2/repository/org/openjdk/jmh/jmh-core/1.19/jmh-core-1.19.jar:/home/user/.m2/repository/net/sf/jopt-simple/jopt-simple/4.6/jopt-simple-4.6.jar:/home/user/.m2/repository/org/apache/commons/commons-math3/3.1.1/commons-math3-3.1.1.jar:/home/user/.m2/repository/org/openjdk/jmh/jmh-generator-annprocess/1.19/jmh-generator-annprocess-1.19.jar:/home/user/.m2/repository/org/mockito/mockito-all/1.8.5/mockito-all-1.8.5.jar:/home/user/.m2/repository/org/apache/hadoop/hadoop-kms/3.2.0/hadoop-kms-3.2.0.jar:/home/user/.m2/repository/org/apache/hadoop/hadoop-auth/3.2.0/hadoop-auth-3.2.0.jar:/home/user/.m2/repository/com/nimbusds/nimbus-jose-jwt/4.41.1/nimbus-jose-jwt-4.41.1.jar:/home/user/.m2/repository/com/github/stephenc/jcip/jcip-annotations/1.0-1/jcip-annotations-1.0-1.jar:/home/user/.m2/repository/net/minidev/json-smart/2.3/json-smart-2.3.jar:/home/user/.m2/repository/net/minidev/accessors-smart/1.2/accessors-smart-1.2.jar:/home/user/.m2/repository/org/ow2/asm/asm/5.0.4/asm-5.0.4.jar:/home/user/.m2/repository/org/apache/curator/curator-framework/2.12.0/curator-framework-2.12.0.jar:/home/user/.m2/repository/com/sun/jersey/jersey-core/1.19/jersey-core-1.19.jar:/home/user/.m2/repository/javax/ws/rs/jsr311-api/1.1.1/jsr311-api-1.1.1.jar:/home/user/.m2/repository/com/sun/jersey/jersey-server/1.19/jersey-server-1.19.jar:/home/user/.m2/repository/javax/servlet/javax.servlet-api/3.1.0/javax.servlet-api-3.1.0.jar:/home/user/.m2/repository/org/eclipse/jetty/jetty-server/9.3.24.v20180605/jetty-server-9.3.24.v20180605.jar:/home/user/.m2/repository/org/eclipse/jetty/jetty-http/9.3.24.v20180605/jetty-http-9.3.24.v20180605.jar:/home/user/.m2/repository/org/eclipse/jetty/jetty-io/9.3.24.v20180605/jetty-io-9.3.24.v20180605.jar:/home/user/.m2/repository/org/eclipse/jetty/jetty-webapp/9.3.24.v20180605/jetty-webapp-9.3.24.v20180605.jar:/home/user/.m2/repository/org/eclipse/jetty/jetty-xml/9.3.24.v20180605/jetty-xml-9.3.24.v20180605.jar:/home/user/.m2/repository/log4j/log4j/1.2.17/log4j-1.2.17.jar:/home/user/.m2/repository/org/slf4j/slf4j-api/1.7.25/slf4j-api-1.7.25.jar:/home/user/.m2/repository/org/slf4j/jul-to-slf4j/1.7.25/jul-to-slf4j-1.7.25.jar:/home/user/.m2/repository/org/eclipse/jetty/jetty-util/9.3.24.v20180605/jetty-util-9.3.24.v20180605.jar:/home/user/.m2/repository/com/fasterxml/jackson/core/jackson-databind/2.9.5/jackson-databind-2.9.5.jar:/home/user/.m2/repository/org/apache/hadoop/hadoop-kms/3.2.0/hadoop-kms-3.2.0-tests.jar:/home/user/.m2/repository/org/apache/hadoop/hadoop-hdds-server-scm/0.5.0-SNAPSHOT/hadoop-hdds-server-scm-0.5.0-SNAPSHOT-tests.jar:/home/user/.m2/repository/org/apache/hadoop/hadoop-hdds-container-service/0.5.0-SNAPSHOT/hadoop-hdds-container-service-0.5.0-SNAPSHOT-tests.jar:/home/user/.m2/repository/org/yaml/snakeyaml/1.16/snakeyaml-1.16.jar:/home/user/.m2/repository/org/apache/hadoop/hadoop-common/3.2.0/hadoop-common-3.2.0-tests.jar:/home/user/.m2/repository/org/apache/hadoop/hadoop-annotations/3.2.0/hadoop-annotations-3.2.0.jar:/usr/lib/jvm/java-1.8-openjdk/jre/../lib/tools.jar:/home/user/.m2/repository/commons-cli/commons-cli/1.2/commons-cli-1.2.jar:/home/user/.m2/repository/org/apache/httpcomponents/httpclient/4.5.2/httpclient-4.5.2.jar:/home/user/.m2/repository/org/apache/httpcomponents/httpcore/4.4.4/httpcore-4.4.4.jar:/home/user/.m2/repository/commons-codec/commons-codec/1.11/commons-codec-1.11.jar:/home/user/.m2/repository/commons-net/commons-net/3.6/commons-net-3.6.jar:/home/user/.m2/repository/commons-collections/commons-collections/3.2.2/commons-collections-3.2.2.jar:/home/user/.m2/repository/org/eclipse/jetty/jetty-servlet/9.3.24.v20180605/jetty-servlet-9.3.24.v20180605.jar:/home/user/.m2/repository/org/eclipse/jetty/jetty-security/9.3.24.v20180605/jetty-security-9.3.24.v20180605.jar:/home/user/.m2/repository/javax/servlet/jsp/jsp-api/2.1/jsp-api-2.1.jar:/home/user/.m2/repository/com/sun/jersey/jersey-servlet/1.19/jersey-servlet-1.19.jar:/home/user/.m2/repository/com/sun/jersey/jersey-json/1.19/jersey-json-1.19.jar:/home/user/.m2/repository/org/codehaus/jettison/jettison/1.1/jettison-1.1.jar:/home/user/.m2/repository/org/codehaus/jackson/jackson-core-asl/1.9.13/jackson-core-asl-1.9.13.jar:/home/user/.m2/repository/org/codehaus/jackson/jackson-mapper-asl/1.9.13/jackson-mapper-asl-1.9.13.jar:/home/user/.m2/repository/org/codehaus/jackson/jackson-jaxrs/1.9.13/jackson-jaxrs-1.9.13.jar:/home/user/.m2/repository/org/codehaus/jackson/jackson-xc/1.9.13/jackson-xc-1.9.13.jar:/home/user/.m2/repository/commons-logging/commons-logging/1.1.3/commons-logging-1.1.3.jar:/home/user/.m2/repository/commons-beanutils/commons-beanutils/1.9.3/commons-beanutils-1.9.3.jar:/home/user/.m2/repository/org/apache/commons/commons-configuration2/2.1.1/commons-configuration2-2.1.1.jar:/home/user/.m2/repository/org/apache/commons/commons-lang3/3.7/commons-lang3-3.7.jar:/home/user/.m2/repository/org/apache/commons/commons-text/1.4/commons-text-1.4.jar:/home/user/.m2/repository/org/apache/avro/avro/1.7.7/avro-1.7.7.jar:/home/user/.m2/repository/com/thoughtworks/paranamer/paranamer/2.3/paranamer-2.3.jar:/home/user/.m2/repository/org/xerial/snappy/snappy-java/1.0.5/snappy-java-1.0.5.jar:/home/user/.m2/repository/com/google/re2j/re2j/1.1/re2j-1.1.jar:/home/user/.m2/repository/com/google/code/gson/gson/2.2.4/gson-2.2.4.jar:/home/user/.m2/repository/com/jcraft/jsch/0.1.54/jsch-0.1.54.jar:/home/user/.m2/repository/org/apache/curator/curator-client/2.12.0/curator-client-2.12.0.jar:/home/user/.m2/repository/org/apache/curator/curator-recipes/2.12.0/curator-recipes-2.12.0.jar:/home/user/.m2/repository/com/google/code/findbugs/jsr305/3.0.0/jsr305-3.0.0.jar:/home/user/.m2/repository/org/apache/htrace/htrace-core4/4.1.0-incubating/htrace-core4-4.1.0-incubating.jar:/home/user/.m2/repository/org/apache/zookeeper/zookeeper/3.4.13/zookeeper-3.4.13.jar:/home/user/.m2/repository/org/apache/yetus/audience-annotations/0.5.0/audience-annotations-0.5.0.jar:/home/user/.m2/repository/org/codehaus/woodstox/stax2-api/3.1.4/stax2-api-3.1.4.jar:/home/user/.m2/repository/com/fasterxml/woodstox/woodstox-core/5.0.3/woodstox-core-5.0.3.jar:/home/user/.m2/repository/dnsjava/dnsjava/2.1.7/dnsjava-2.1.7.jar:/home/user/.m2/repository/org/apache/hadoop/hadoop-hdfs/3.2.0/hadoop-hdfs-3.2.0-tests.jar:/home/user/.m2/repository/org/eclipse/jetty/jetty-util-ajax/9.3.24.v20180605/jetty-util-ajax-9.3.24.v20180605.jar:/home/user/.m2/repository/commons-daemon/commons-daemon/1.0.13/commons-daemon-1.0.13.jar:/home/user/.m2/repository/io/netty/netty/3.10.5.Final/netty-3.10.5.Final.jar:/home/user/.m2/repository/io/netty/netty-all/4.0.52.Final/netty-all-4.0.52.Final.jar:/home/user/.m2/repository/org/fusesource/leveldbjni/leveldbjni-all/1.8/leveldbjni-all-1.8.jar:"/>
    <property name="sun.cpu.endian" value="little"/>
    <property name="user.home" value="/home/user"/>
    <property name="user.language" value="en"/>
    <property name="java.specification.vendor" value="Oracle Corporation"/>
    <property name="java.home" value="/usr/lib/jvm/java-1.8-openjdk/jre"/>
    <property name="java.security.krb5.conf" value="/workdir/hadoop-ozone/integration-test/target/test-classes/krb5.conf"/>
    <property name="basedir" value="/workdir/hadoop-ozone/integration-test"/>
    <property name="file.separator" value="/"/>
    <property name="line.separator" value="&#10;"/>
    <property name="java.vm.specification.vendor" value="Oracle Corporation"/>
    <property name="java.specification.name" value="Java Platform API Specification"/>
    <property name="java.awt.graphicsenv" value="sun.awt.X11GraphicsEnvironment"/>
    <property name="surefire.real.class.path" value="/workdir/hadoop-ozone/integration-test/target/surefire/surefirebooter9146541237786679534.jar"/>
    <property name="hadoop.log.dir" value="/workdir/hadoop-ozone/integration-test/target/log"/>
    <property name="sun.boot.class.path" value="/usr/lib/jvm/java-1.8-openjdk/jre/lib/resources.jar:/usr/lib/jvm/java-1.8-openjdk/jre/lib/rt.jar:/usr/lib/jvm/java-1.8-openjdk/jre/lib/sunrsasign.jar:/usr/lib/jvm/java-1.8-openjdk/jre/lib/jsse.jar:/usr/lib/jvm/java-1.8-openjdk/jre/lib/jce.jar:/usr/lib/jvm/java-1.8-openjdk/jre/lib/charsets.jar:/usr/lib/jvm/java-1.8-openjdk/jre/lib/jfr.jar:/usr/lib/jvm/java-1.8-openjdk/jre/classes"/>
    <property name="sun.management.compiler" value="HotSpot 64-Bit Tiered Compilers"/>
    <property name="java.runtime.version" value="1.8.0_212-b04"/>
    <property name="java.net.preferIPv4Stack" value="true"/>
    <property name="user.name" value="jenkins1000"/>
    <property name="path.separator" value=":"/>
    <property name="java.security.egd" value="file:///dev/urandom"/>
    <property name="os.version" value="3.10.0-957.12.2.el7.x86_64"/>
    <property name="java.endorsed.dirs" value="/usr/lib/jvm/java-1.8-openjdk/jre/lib/endorsed"/>
    <property name="java.runtime.name" value="OpenJDK Runtime Environment"/>
    <property name="file.encoding" value="UTF-8"/>
    <property name="java.vm.name" value="OpenJDK 64-Bit Server VM"/>
    <property name="test.build.webapps" value=""/>
    <property name="localRepository" value="/home/user/.m2/repository"/>
    <property name="java.vendor.url.bug" value="https://icedtea.classpath.org/bugzilla"/>
    <property name="java.io.tmpdir" value="/tmp"/>
    <property name="require.test.libhadoop" value=""/>
    <property name="java.version" value="1.8.0_212"/>
    <property name="user.dir" value="/workdir/hadoop-ozone/integration-test"/>
    <property name="os.arch" value="amd64"/>
    <property name="java.vm.specification.name" value="Java Virtual Machine Specification"/>
    <property name="test.build.classes" value="/workdir/hadoop-ozone/integration-test/target/test-classes"/>
    <property name="java.awt.printerjob" value="sun.print.PSPrinterJob"/>
    <property name="sun.os.patch.level" value="unknown"/>
    <property name="hadoop.tmp.dir" value="/workdir/hadoop-ozone/integration-test/target/tmp"/>
    <property name="java.library.path" value="/usr/lib/jvm/java-1.8-openjdk/jre/lib/amd64/server:/usr/lib/jvm/java-1.8-openjdk/jre/lib/amd64:/usr/lib/jvm/java-1.8-openjdk/jre/../lib/amd64:/workdir/hadoop-ozone/integration-test/target/native/target/usr/local/lib:/workdir/hadoop-ozone/integration-test/../../hadoop-common-project/hadoop-common/target/native/target/usr/local/lib:/usr/java/packages/lib/amd64:/usr/lib64:/lib64:/lib:/usr/lib"/>
    <property name="java.vm.info" value="mixed mode"/>
    <property name="java.vendor" value="IcedTea"/>
    <property name="java.vm.version" value="25.212-b04"/>
    <property name="java.ext.dirs" value="/usr/lib/jvm/java-1.8-openjdk/jre/lib/ext:/usr/java/packages/lib/ext"/>
    <property name="sun.io.unicode.encoding" value="UnicodeLittle"/>
    <property name="java.class.version" value="52.0"/>
  </properties>
  <testcase name="testReleaseBuffers" classname="org.apache.hadoop.ozone.client.rpc.TestCommitWatcher" time="6.038"/>
  <testcase name="testReleaseBuffersOnException" classname="org.apache.hadoop.ozone.client.rpc.TestCommitWatcher" time="14.824">
    <failure type="java.lang.AssertionError">java.lang.AssertionError
	at org.junit.Assert.fail(Assert.java:86)
	at org.junit.Assert.assertTrue(Assert.java:41)
	at org.junit.Assert.assertTrue(Assert.java:52)
	at org.apache.hadoop.ozone.client.rpc.TestCommitWatcher.testReleaseBuffersOnException(TestCommitWatcher.java:284)
	at sun.reflect.NativeMethodAccessorImpl.invoke0(Native Method)
	at sun.reflect.NativeMethodAccessorImpl.invoke(NativeMethodAccessorImpl.java:62)
	at sun.reflect.DelegatingMethodAccessorImpl.invoke(DelegatingMethodAccessorImpl.java:43)
	at java.lang.reflect.Method.invoke(Method.java:498)
	at org.junit.runners.model.FrameworkMethod$1.runReflectiveCall(FrameworkMethod.java:47)
	at org.junit.internal.runners.model.ReflectiveCallable.run(ReflectiveCallable.java:12)
	at org.junit.runners.model.FrameworkMethod.invokeExplosively(FrameworkMethod.java:44)
	at org.junit.internal.runners.statements.InvokeMethod.evaluate(InvokeMethod.java:17)
	at org.junit.runners.ParentRunner.runLeaf(ParentRunner.java:271)
	at org.junit.runners.BlockJUnit4ClassRunner.runChild(BlockJUnit4ClassRunner.java:70)
	at org.junit.runners.BlockJUnit4ClassRunner.runChild(BlockJUnit4ClassRunner.java:50)
	at org.junit.runners.ParentRunner$3.run(ParentRunner.java:238)
	at org.junit.runners.ParentRunner$1.schedule(ParentRunner.java:63)
	at org.junit.runners.ParentRunner.runChildren(ParentRunner.java:236)
	at org.junit.runners.ParentRunner.access$000(ParentRunner.java:53)
	at org.junit.runners.ParentRunner$2.evaluate(ParentRunner.java:229)
	at org.junit.internal.runners.statements.RunBefores.evaluate(RunBefores.java:26)
	at org.junit.internal.runners.statements.RunAfters.evaluate(RunAfters.java:27)
	at org.junit.runners.ParentRunner.run(ParentRunner.java:309)
	at org.apache.maven.surefire.junit4.JUnit4Provider.execute(JUnit4Provider.java:365)
	at org.apache.maven.surefire.junit4.JUnit4Provider.executeWithRerun(JUnit4Provider.java:273)
	at org.apache.maven.surefire.junit4.JUnit4Provider.executeTestSet(JUnit4Provider.java:238)
	at org.apache.maven.surefire.junit4.JUnit4Provider.invoke(JUnit4Provider.java:159)
	at org.apache.maven.surefire.booter.ForkedBooter.invokeProviderInSameClassLoader(ForkedBooter.java:384)
	at org.apache.maven.surefire.booter.ForkedBooter.runSuitesInProcess(ForkedBooter.java:345)
	at org.apache.maven.surefire.booter.ForkedBooter.execute(ForkedBooter.java:126)
	at org.apache.maven.surefire.booter.ForkedBooter.main(ForkedBooter.java:418)
</failure>
    <system-out><![CDATA[2019-08-24 06:56:17,922 [grpc-default-executor-4] INFO  client.GrpcClientProtocolClient (GrpcClientProtocolClient.java:onNext(255)) - client-B194257E65B7->e2c20feb-e1b2-4156-aa3e-afbe0c55d7c0: receive RaftClientReply:client-B194257E65B7->e2c20feb-e1b2-4156-aa3e-afbe0c55d7c0@group-685A32519EE7, cid=17, FAILED org.apache.ratis.protocol.NotLeaderException: Server e2c20feb-e1b2-4156-aa3e-afbe0c55d7c0 is not the leader (null). Request must be sent to leader., logIndex=0, commits[e2c20feb-e1b2-4156-aa3e-afbe0c55d7c0:c-1]
2019-08-24 06:56:18,267 | INFO  | SCMAudit | user=jenkins1000 | ip=192.168.34.51 | op=SEND_HEARTBEAT {datanodeUUID=573423ee-449e-4e1a-a329-7f980fc55b32, command=[]} | ret=SUCCESS |  
2019-08-24 06:56:18,347 | INFO  | SCMAudit | user=jenkins1000 | ip=192.168.34.51 | op=SEND_HEARTBEAT {datanodeUUID=e2c20feb-e1b2-4156-aa3e-afbe0c55d7c0, command=[]} | ret=SUCCESS |  
2019-08-24 06:56:18,525 | INFO  | SCMAudit | user=jenkins1000 | ip=192.168.34.51 | op=SEND_HEARTBEAT {datanodeUUID=b8995845-1314-46a5-aa18-7f19b45835c4, command=[]} | ret=SUCCESS |  
2019-08-24 06:56:18,617 | INFO  | SCMAudit | user=jenkins1000 | ip=192.168.34.51 | op=SEND_HEARTBEAT {datanodeUUID=2170e764-564b-4e9a-918b-c38cbe758c16, command=[]} | ret=SUCCESS |  
2019-08-24 06:56:18,618 | INFO  | SCMAudit | user=jenkins1000 | ip=192.168.34.51 | op=SEND_HEARTBEAT {datanodeUUID=80e41b0c-b399-4b53-b1c3-22f07fab8dcc, command=[]} | ret=SUCCESS |  
2019-08-24 06:56:18,640 | INFO  | SCMAudit | user=jenkins1000 | ip=192.168.34.51 | op=SEND_HEARTBEAT {datanodeUUID=65835d08-f47e-4ea7-8653-09813d51c68d, command=[]} | ret=SUCCESS |  
2019-08-24 06:56:18,749 | INFO  | SCMAudit | user=jenkins1000 | ip=192.168.34.51 | op=SEND_HEARTBEAT {datanodeUUID=742cddb8-37bb-4102-bd85-405a5585e0c8, command=[]} | ret=SUCCESS |  
2019-08-24 06:56:18,974 [grpc-default-executor-4] INFO  client.GrpcClientProtocolClient (GrpcClientProtocolClient.java:onNext(255)) - client-B194257E65B7->573423ee-449e-4e1a-a329-7f980fc55b32: receive RaftClientReply:client-B194257E65B7->573423ee-449e-4e1a-a329-7f980fc55b32@group-685A32519EE7, cid=17, FAILED org.apache.ratis.protocol.NotLeaderException: Server 573423ee-449e-4e1a-a329-7f980fc55b32 is not the leader (null). Request must be sent to leader., logIndex=0, commits[573423ee-449e-4e1a-a329-7f980fc55b32:c-1]
2019-08-24 06:56:19,268 | INFO  | SCMAudit | user=jenkins1000 | ip=192.168.34.51 | op=SEND_HEARTBEAT {datanodeUUID=573423ee-449e-4e1a-a329-7f980fc55b32, command=[]} | ret=SUCCESS |  
2019-08-24 06:56:19,348 | INFO  | SCMAudit | user=jenkins1000 | ip=192.168.34.51 | op=SEND_HEARTBEAT {datanodeUUID=e2c20feb-e1b2-4156-aa3e-afbe0c55d7c0, command=[]} | ret=SUCCESS |  
2019-08-24 06:56:19,525 | INFO  | SCMAudit | user=jenkins1000 | ip=192.168.34.51 | op=SEND_HEARTBEAT {datanodeUUID=b8995845-1314-46a5-aa18-7f19b45835c4, command=[]} | ret=SUCCESS |  
2019-08-24 06:56:19,618 | INFO  | SCMAudit | user=jenkins1000 | ip=192.168.34.51 | op=SEND_HEARTBEAT {datanodeUUID=2170e764-564b-4e9a-918b-c38cbe758c16, command=[]} | ret=SUCCESS |  
2019-08-24 06:56:19,619 | INFO  | SCMAudit | user=jenkins1000 | ip=192.168.34.51 | op=SEND_HEARTBEAT {datanodeUUID=80e41b0c-b399-4b53-b1c3-22f07fab8dcc, command=[]} | ret=SUCCESS |  
2019-08-24 06:56:19,640 | INFO  | SCMAudit | user=jenkins1000 | ip=192.168.34.51 | op=SEND_HEARTBEAT {datanodeUUID=65835d08-f47e-4ea7-8653-09813d51c68d, command=[]} | ret=SUCCESS |  
2019-08-24 06:56:19,749 | INFO  | SCMAudit | user=jenkins1000 | ip=192.168.34.51 | op=SEND_HEARTBEAT {datanodeUUID=742cddb8-37bb-4102-bd85-405a5585e0c8, command=[]} | ret=SUCCESS |  
2019-08-24 06:56:20,005 [grpc-default-executor-4] INFO  client.GrpcClientProtocolClient (GrpcClientProtocolClient.java:onNext(255)) - client-B194257E65B7->e2c20feb-e1b2-4156-aa3e-afbe0c55d7c0: receive RaftClientReply:client-B194257E65B7->e2c20feb-e1b2-4156-aa3e-afbe0c55d7c0@group-685A32519EE7, cid=17, FAILED org.apache.ratis.protocol.NotLeaderException: Server e2c20feb-e1b2-4156-aa3e-afbe0c55d7c0 is not the leader (null). Request must be sent to leader., logIndex=0, commits[e2c20feb-e1b2-4156-aa3e-afbe0c55d7c0:c-1]
2019-08-24 06:56:20,268 | INFO  | SCMAudit | user=jenkins1000 | ip=192.168.34.51 | op=SEND_HEARTBEAT {datanodeUUID=573423ee-449e-4e1a-a329-7f980fc55b32, command=[]} | ret=SUCCESS |  
2019-08-24 06:56:20,348 | INFO  | SCMAudit | user=jenkins1000 | ip=192.168.34.51 | op=SEND_HEARTBEAT {datanodeUUID=e2c20feb-e1b2-4156-aa3e-afbe0c55d7c0, command=[]} | ret=SUCCESS |  
2019-08-24 06:56:20,525 | INFO  | SCMAudit | user=jenkins1000 | ip=192.168.34.51 | op=SEND_HEARTBEAT {datanodeUUID=b8995845-1314-46a5-aa18-7f19b45835c4, command=[]} | ret=SUCCESS |  
2019-08-24 06:56:20,618 | INFO  | SCMAudit | user=jenkins1000 | ip=192.168.34.51 | op=SEND_HEARTBEAT {datanodeUUID=2170e764-564b-4e9a-918b-c38cbe758c16, command=[]} | ret=SUCCESS |  
2019-08-24 06:56:20,619 | INFO  | SCMAudit | user=jenkins1000 | ip=192.168.34.51 | op=SEND_HEARTBEAT {datanodeUUID=80e41b0c-b399-4b53-b1c3-22f07fab8dcc, command=[]} | ret=SUCCESS |  
2019-08-24 06:56:20,640 | INFO  | SCMAudit | user=jenkins1000 | ip=192.168.34.51 | op=SEND_HEARTBEAT {datanodeUUID=65835d08-f47e-4ea7-8653-09813d51c68d, command=[]} | ret=SUCCESS |  
2019-08-24 06:56:20,749 | INFO  | SCMAudit | user=jenkins1000 | ip=192.168.34.51 | op=SEND_HEARTBEAT {datanodeUUID=742cddb8-37bb-4102-bd85-405a5585e0c8, command=[]} | ret=SUCCESS |  
2019-08-24 06:56:21,042 [grpc-default-executor-0] INFO  client.GrpcClientProtocolClient (GrpcClientProtocolClient.java:onNext(255)) - client-B194257E65B7->65835d08-f47e-4ea7-8653-09813d51c68d: receive RaftClientReply:client-B194257E65B7->65835d08-f47e-4ea7-8653-09813d51c68d@group-685A32519EE7, cid=17, FAILED org.apache.ratis.protocol.NotLeaderException: Server 65835d08-f47e-4ea7-8653-09813d51c68d is not the leader (null). Request must be sent to leader., logIndex=0, commits[65835d08-f47e-4ea7-8653-09813d51c68d:c-1]
2019-08-24 06:56:21,268 | INFO  | SCMAudit | user=jenkins1000 | ip=192.168.34.51 | op=SEND_HEARTBEAT {datanodeUUID=573423ee-449e-4e1a-a329-7f980fc55b32, command=[]} | ret=SUCCESS |  
2019-08-24 06:56:21,348 | INFO  | SCMAudit | user=jenkins1000 | ip=192.168.34.51 | op=SEND_HEARTBEAT {datanodeUUID=e2c20feb-e1b2-4156-aa3e-afbe0c55d7c0, command=[]} | ret=SUCCESS |  
2019-08-24 06:56:21,525 | INFO  | SCMAudit | user=jenkins1000 | ip=192.168.34.51 | op=SEND_HEARTBEAT {datanodeUUID=b8995845-1314-46a5-aa18-7f19b45835c4, command=[]} | ret=SUCCESS |  
2019-08-24 06:56:21,618 | INFO  | SCMAudit | user=jenkins1000 | ip=192.168.34.51 | op=SEND_HEARTBEAT {datanodeUUID=2170e764-564b-4e9a-918b-c38cbe758c16, command=[]} | ret=SUCCESS |  
2019-08-24 06:56:21,620 | INFO  | SCMAudit | user=jenkins1000 | ip=192.168.34.51 | op=SEND_HEARTBEAT {datanodeUUID=80e41b0c-b399-4b53-b1c3-22f07fab8dcc, command=[]} | ret=SUCCESS |  
2019-08-24 06:56:21,640 | INFO  | SCMAudit | user=jenkins1000 | ip=192.168.34.51 | op=SEND_HEARTBEAT {datanodeUUID=65835d08-f47e-4ea7-8653-09813d51c68d, command=[]} | ret=SUCCESS |  
2019-08-24 06:56:21,749 | INFO  | SCMAudit | user=jenkins1000 | ip=192.168.34.51 | op=SEND_HEARTBEAT {datanodeUUID=742cddb8-37bb-4102-bd85-405a5585e0c8, command=[]} | ret=SUCCESS |  
2019-08-24 06:56:21,867 [Thread-334] INFO  impl.FollowerState (FollowerState.java:run(106)) - 573423ee-449e-4e1a-a329-7f980fc55b32:group-685A32519EE7 changes to CANDIDATE, lastRpcTime:5015, electionTimeout:5011ms
2019-08-24 06:56:21,871 [Thread-334] INFO  impl.RoleInfo (RoleInfo.java:shutdownFollowerState(121)) - 573423ee-449e-4e1a-a329-7f980fc55b32: shutdown FollowerState
2019-08-24 06:56:21,871 [Thread-334] INFO  impl.RaftServerImpl (RaftServerImpl.java:setRole(171)) - 573423ee-449e-4e1a-a329-7f980fc55b32:group-685A32519EE7 changes role from FOLLOWER to CANDIDATE at term 1 for changeToCandidate
2019-08-24 06:56:21,871 [Thread-334] INFO  impl.RoleInfo (RoleInfo.java:updateAndGet(143)) - 573423ee-449e-4e1a-a329-7f980fc55b32: start LeaderElection
2019-08-24 06:56:21,896 [573423ee-449e-4e1a-a329-7f980fc55b32:group-685A32519EE7:LeaderElection13] INFO  impl.LeaderElection (LeaderElection.java:askForVotes(181)) - 573423ee-449e-4e1a-a329-7f980fc55b32:group-685A32519EE7:LeaderElection13: begin an election at term 2 for -1: [e2c20feb-e1b2-4156-aa3e-afbe0c55d7c0:192.168.34.51:38905, 573423ee-449e-4e1a-a329-7f980fc55b32:192.168.34.51:43890, 65835d08-f47e-4ea7-8653-09813d51c68d:192.168.34.51:33032], old=null
2019-08-24 06:56:21,906 [grpc-default-executor-4] INFO  impl.RaftServerImpl (RaftServerImpl.java:setRole(171)) - e2c20feb-e1b2-4156-aa3e-afbe0c55d7c0:group-685A32519EE7 changes role from FOLLOWER to FOLLOWER at term 2 for recognizeCandidate:573423ee-449e-4e1a-a329-7f980fc55b32
2019-08-24 06:56:21,906 [grpc-default-executor-0] INFO  impl.RaftServerImpl (RaftServerImpl.java:setRole(171)) - 65835d08-f47e-4ea7-8653-09813d51c68d:group-685A32519EE7 changes role from FOLLOWER to FOLLOWER at term 2 for recognizeCandidate:573423ee-449e-4e1a-a329-7f980fc55b32
2019-08-24 06:56:21,906 [grpc-default-executor-4] INFO  impl.RoleInfo (RoleInfo.java:shutdownFollowerState(121)) - e2c20feb-e1b2-4156-aa3e-afbe0c55d7c0: shutdown FollowerState
2019-08-24 06:56:21,906 [grpc-default-executor-0] INFO  impl.RoleInfo (RoleInfo.java:shutdownFollowerState(121)) - 65835d08-f47e-4ea7-8653-09813d51c68d: shutdown FollowerState
2019-08-24 06:56:21,907 [grpc-default-executor-4] INFO  impl.RoleInfo (RoleInfo.java:updateAndGet(143)) - e2c20feb-e1b2-4156-aa3e-afbe0c55d7c0: start FollowerState
2019-08-24 06:56:21,907 [Thread-335] INFO  impl.FollowerState (FollowerState.java:run(114)) - 65835d08-f47e-4ea7-8653-09813d51c68d: FollowerState was interrupted: java.lang.InterruptedException: sleep interrupted
2019-08-24 06:56:21,907 [grpc-default-executor-0] INFO  impl.RoleInfo (RoleInfo.java:updateAndGet(143)) - 65835d08-f47e-4ea7-8653-09813d51c68d: start FollowerState
2019-08-24 06:56:21,907 [Thread-336] INFO  impl.FollowerState (FollowerState.java:run(114)) - e2c20feb-e1b2-4156-aa3e-afbe0c55d7c0: FollowerState was interrupted: java.lang.InterruptedException: sleep interrupted
2019-08-24 06:56:21,926 [573423ee-449e-4e1a-a329-7f980fc55b32:group-685A32519EE7:LeaderElection13] INFO  impl.LeaderElection (LeaderElection.java:logAndReturn(56)) - 573423ee-449e-4e1a-a329-7f980fc55b32:group-685A32519EE7:LeaderElection13: Election PASSED; received 1 response(s) [573423ee-449e-4e1a-a329-7f980fc55b32<-65835d08-f47e-4ea7-8653-09813d51c68d#0:OK-t2] and 0 exception(s); 573423ee-449e-4e1a-a329-7f980fc55b32:t2, leader=null, voted=573423ee-449e-4e1a-a329-7f980fc55b32, raftlog=573423ee-449e-4e1a-a329-7f980fc55b32-SegmentedRaftLog:OPENED:c-1,f-1,i0, conf=-1: [e2c20feb-e1b2-4156-aa3e-afbe0c55d7c0:192.168.34.51:38905, 573423ee-449e-4e1a-a329-7f980fc55b32:192.168.34.51:43890, 65835d08-f47e-4ea7-8653-09813d51c68d:192.168.34.51:33032], old=null
2019-08-24 06:56:21,926 [573423ee-449e-4e1a-a329-7f980fc55b32:group-685A32519EE7:LeaderElection13] INFO  impl.RoleInfo (RoleInfo.java:shutdownLeaderElection(134)) - 573423ee-449e-4e1a-a329-7f980fc55b32: shutdown LeaderElection
2019-08-24 06:56:21,928 [573423ee-449e-4e1a-a329-7f980fc55b32:group-685A32519EE7:LeaderElection13] INFO  impl.RaftServerImpl (RaftServerImpl.java:setRole(171)) - 573423ee-449e-4e1a-a329-7f980fc55b32:group-685A32519EE7 changes role from CANDIDATE to LEADER at term 2 for changeToLeader
2019-08-24 06:56:21,928 [573423ee-449e-4e1a-a329-7f980fc55b32:group-685A32519EE7:LeaderElection13] INFO  impl.RaftServerImpl (ServerState.java:setLeader(263)) - 573423ee-449e-4e1a-a329-7f980fc55b32:group-685A32519EE7 change Leader from null to 573423ee-449e-4e1a-a329-7f980fc55b32 at term 2 for becomeLeader, leader elected after 10277ms
2019-08-24 06:56:21,928 [573423ee-449e-4e1a-a329-7f980fc55b32:group-685A32519EE7:LeaderElection13] INFO  server.RaftServerConfigKeys (ConfUtils.java:logGet(43)) - raft.server.staging.catchup.gap = 1000 (default)
2019-08-24 06:56:21,928 [573423ee-449e-4e1a-a329-7f980fc55b32:group-685A32519EE7:LeaderElection13] INFO  server.RaftServerConfigKeys (ConfUtils.java:logGet(43)) - raft.server.rpc.sleep.time = 25ms (default)
2019-08-24 06:56:21,929 [573423ee-449e-4e1a-a329-7f980fc55b32:group-685A32519EE7:LeaderElection13] INFO  server.RaftServerConfigKeys (ConfUtils.java:logGet(43)) - raft.server.write.element-limit = 4096 (default)
2019-08-24 06:56:21,929 [573423ee-449e-4e1a-a329-7f980fc55b32:group-685A32519EE7:LeaderElection13] INFO  server.RaftServerConfigKeys (ConfUtils.java:logGet(43)) - raft.server.watch.timeout = 10s (default)
2019-08-24 06:56:21,929 [573423ee-449e-4e1a-a329-7f980fc55b32:group-685A32519EE7:LeaderElection13] INFO  server.RaftServerConfigKeys (ConfUtils.java:logGet(43)) - raft.server.watch.timeout.denomination = 1s (default)
2019-08-24 06:56:21,929 [573423ee-449e-4e1a-a329-7f980fc55b32:group-685A32519EE7:LeaderElection13] INFO  server.RaftServerConfigKeys (ConfUtils.java:logGet(43)) - raft.server.watch.element-limit = 65536 (default)
2019-08-24 06:56:21,929 [573423ee-449e-4e1a-a329-7f980fc55b32:group-685A32519EE7:LeaderElection13] INFO  server.RaftServerConfigKeys (ConfUtils.java:logGet(43)) - raft.server.log.appender.snapshot.chunk.size.max = 16MB (=16777216) (default)
2019-08-24 06:56:21,930 [573423ee-449e-4e1a-a329-7f980fc55b32:group-685A32519EE7:LeaderElection13] INFO  server.RaftServerConfigKeys (ConfUtils.java:logGet(43)) - raft.server.log.appender.buffer.byte-limit = 33554432 (custom)
2019-08-24 06:56:21,930 [573423ee-449e-4e1a-a329-7f980fc55b32:group-685A32519EE7:LeaderElection13] INFO  server.RaftServerConfigKeys (ConfUtils.java:logGet(43)) - raft.server.log.appender.buffer.element-limit = 1 (custom)
2019-08-24 06:56:21,930 [573423ee-449e-4e1a-a329-7f980fc55b32:group-685A32519EE7:LeaderElection13] INFO  grpc.GrpcConfigKeys$Server (ConfUtils.java:logGet(43)) - raft.grpc.server.leader.outstanding.appends.max = 128 (default)
2019-08-24 06:56:21,931 [573423ee-449e-4e1a-a329-7f980fc55b32:group-685A32519EE7:LeaderElection13] INFO  server.RaftServerConfigKeys (ConfUtils.java:logGet(43)) - raft.server.rpc.request.timeout = 3000ms (default)
2019-08-24 06:56:21,931 [573423ee-449e-4e1a-a329-7f980fc55b32:group-685A32519EE7:LeaderElection13] INFO  server.RaftServerConfigKeys (ConfUtils.java:logGet(43)) - raft.server.log.appender.install.snapshot.enabled = false (custom)
2019-08-24 06:56:21,931 [573423ee-449e-4e1a-a329-7f980fc55b32:group-685A32519EE7:LeaderElection13] INFO  server.RaftServerConfigKeys (ConfUtils.java:logGet(43)) - raft.server.log.appender.snapshot.chunk.size.max = 16MB (=16777216) (default)
2019-08-24 06:56:21,931 [573423ee-449e-4e1a-a329-7f980fc55b32:group-685A32519EE7:LeaderElection13] INFO  server.RaftServerConfigKeys (ConfUtils.java:logGet(43)) - raft.server.log.appender.buffer.byte-limit = 33554432 (custom)
2019-08-24 06:56:21,931 [573423ee-449e-4e1a-a329-7f980fc55b32:group-685A32519EE7:LeaderElection13] INFO  server.RaftServerConfigKeys (ConfUtils.java:logGet(43)) - raft.server.log.appender.buffer.element-limit = 1 (custom)
2019-08-24 06:56:21,932 [573423ee-449e-4e1a-a329-7f980fc55b32:group-685A32519EE7:LeaderElection13] INFO  grpc.GrpcConfigKeys$Server (ConfUtils.java:logGet(43)) - raft.grpc.server.leader.outstanding.appends.max = 128 (default)
2019-08-24 06:56:21,932 [573423ee-449e-4e1a-a329-7f980fc55b32:group-685A32519EE7:LeaderElection13] INFO  server.RaftServerConfigKeys (ConfUtils.java:logGet(43)) - raft.server.rpc.request.timeout = 3000ms (default)
2019-08-24 06:56:21,932 [573423ee-449e-4e1a-a329-7f980fc55b32:group-685A32519EE7:LeaderElection13] INFO  server.RaftServerConfigKeys (ConfUtils.java:logGet(43)) - raft.server.log.appender.install.snapshot.enabled = false (custom)
2019-08-24 06:56:21,932 [573423ee-449e-4e1a-a329-7f980fc55b32:group-685A32519EE7:LeaderElection13] INFO  impl.RoleInfo (RoleInfo.java:updateAndGet(143)) - 573423ee-449e-4e1a-a329-7f980fc55b32: start LeaderState
2019-08-24 06:56:21,933 [573423ee-449e-4e1a-a329-7f980fc55b32:group-685A32519EE7:LeaderElection13] INFO  segmented.SegmentedRaftLogWorker (SegmentedRaftLogWorker.java:startLogSegment(380)) - 573423ee-449e-4e1a-a329-7f980fc55b32-SegmentedRaftLogWorker:Storage Directory /workdir/hadoop-ozone/integration-test/target/test-dir/MiniOzoneClusterImpl-1fc89111-2367-4952-ba06-31d6bfad6f00/datanode-2/data/ratis/ac5466e5-4969-4894-b9ee-685a32519ee7: Starting segment from index:0
2019-08-24 06:56:21,934 [573423ee-449e-4e1a-a329-7f980fc55b32:group-685A32519EE7:LeaderElection13] INFO  impl.RaftServerImpl (ServerState.java:setRaftConf(361)) - 573423ee-449e-4e1a-a329-7f980fc55b32:group-685A32519EE7 set configuration 0: [e2c20feb-e1b2-4156-aa3e-afbe0c55d7c0:192.168.34.51:38905, 573423ee-449e-4e1a-a329-7f980fc55b32:192.168.34.51:43890, 65835d08-f47e-4ea7-8653-09813d51c68d:192.168.34.51:33032], old=null at 0
2019-08-24 06:56:21,973 [grpc-default-executor-4] INFO  impl.RaftServerImpl (ServerState.java:setLeader(263)) - 65835d08-f47e-4ea7-8653-09813d51c68d:group-685A32519EE7 change Leader from null to 573423ee-449e-4e1a-a329-7f980fc55b32 at term 2 for appendEntries, leader elected after 10323ms
2019-08-24 06:56:21,973 [grpc-default-executor-0] INFO  impl.RaftServerImpl (ServerState.java:setLeader(263)) - e2c20feb-e1b2-4156-aa3e-afbe0c55d7c0:group-685A32519EE7 change Leader from null to 573423ee-449e-4e1a-a329-7f980fc55b32 at term 2 for appendEntries, leader elected after 10323ms
2019-08-24 06:56:21,980 [573423ee-449e-4e1a-a329-7f980fc55b32-SegmentedRaftLogWorker:Storage Directory /workdir/hadoop-ozone/integration-test/target/test-dir/MiniOzoneClusterImpl-1fc89111-2367-4952-ba06-31d6bfad6f00/datanode-2/data/ratis/ac5466e5-4969-4894-b9ee-685a32519ee7] INFO  segmented.SegmentedRaftLogWorker (SegmentedRaftLogWorker.java:execute(569)) - 573423ee-449e-4e1a-a329-7f980fc55b32-SegmentedRaftLogWorker:Storage Directory /workdir/hadoop-ozone/integration-test/target/test-dir/MiniOzoneClusterImpl-1fc89111-2367-4952-ba06-31d6bfad6f00/datanode-2/data/ratis/ac5466e5-4969-4894-b9ee-685a32519ee7: created new log segment /workdir/hadoop-ozone/integration-test/target/test-dir/MiniOzoneClusterImpl-1fc89111-2367-4952-ba06-31d6bfad6f00/datanode-2/data/ratis/ac5466e5-4969-4894-b9ee-685a32519ee7/current/log_inprogress_0
2019-08-24 06:56:21,980 [grpc-default-executor-0] INFO  impl.RaftServerImpl (ServerState.java:setRaftConf(361)) - 65835d08-f47e-4ea7-8653-09813d51c68d:group-685A32519EE7 set configuration 0: [e2c20feb-e1b2-4156-aa3e-afbe0c55d7c0:192.168.34.51:38905, 573423ee-449e-4e1a-a329-7f980fc55b32:192.168.34.51:43890, 65835d08-f47e-4ea7-8653-09813d51c68d:192.168.34.51:33032], old=null at 0
2019-08-24 06:56:21,980 [grpc-default-executor-4] INFO  impl.RaftServerImpl (ServerState.java:setRaftConf(361)) - e2c20feb-e1b2-4156-aa3e-afbe0c55d7c0:group-685A32519EE7 set configuration 0: [e2c20feb-e1b2-4156-aa3e-afbe0c55d7c0:192.168.34.51:38905, 573423ee-449e-4e1a-a329-7f980fc55b32:192.168.34.51:43890, 65835d08-f47e-4ea7-8653-09813d51c68d:192.168.34.51:33032], old=null at 0
2019-08-24 06:56:21,980 [grpc-default-executor-0] INFO  segmented.SegmentedRaftLogWorker (SegmentedRaftLogWorker.java:startLogSegment(380)) - 65835d08-f47e-4ea7-8653-09813d51c68d-SegmentedRaftLogWorker:Storage Directory /workdir/hadoop-ozone/integration-test/target/test-dir/MiniOzoneClusterImpl-1fc89111-2367-4952-ba06-31d6bfad6f00/datanode-1/data/ratis/ac5466e5-4969-4894-b9ee-685a32519ee7: Starting segment from index:0
2019-08-24 06:56:21,997 [grpc-default-executor-4] INFO  segmented.SegmentedRaftLogWorker (SegmentedRaftLogWorker.java:startLogSegment(380)) - e2c20feb-e1b2-4156-aa3e-afbe0c55d7c0-SegmentedRaftLogWorker:Storage Directory /workdir/hadoop-ozone/integration-test/target/test-dir/MiniOzoneClusterImpl-1fc89111-2367-4952-ba06-31d6bfad6f00/datanode-0/data/ratis/ac5466e5-4969-4894-b9ee-685a32519ee7: Starting segment from index:0
2019-08-24 06:56:22,049 [65835d08-f47e-4ea7-8653-09813d51c68d-SegmentedRaftLogWorker:Storage Directory /workdir/hadoop-ozone/integration-test/target/test-dir/MiniOzoneClusterImpl-1fc89111-2367-4952-ba06-31d6bfad6f00/datanode-1/data/ratis/ac5466e5-4969-4894-b9ee-685a32519ee7] INFO  segmented.SegmentedRaftLogWorker (SegmentedRaftLogWorker.java:execute(569)) - 65835d08-f47e-4ea7-8653-09813d51c68d-SegmentedRaftLogWorker:Storage Directory /workdir/hadoop-ozone/integration-test/target/test-dir/MiniOzoneClusterImpl-1fc89111-2367-4952-ba06-31d6bfad6f00/datanode-1/data/ratis/ac5466e5-4969-4894-b9ee-685a32519ee7: created new log segment /workdir/hadoop-ozone/integration-test/target/test-dir/MiniOzoneClusterImpl-1fc89111-2367-4952-ba06-31d6bfad6f00/datanode-1/data/ratis/ac5466e5-4969-4894-b9ee-685a32519ee7/current/log_inprogress_0
2019-08-24 06:56:22,049 [e2c20feb-e1b2-4156-aa3e-afbe0c55d7c0-SegmentedRaftLogWorker:Storage Directory /workdir/hadoop-ozone/integration-test/target/test-dir/MiniOzoneClusterImpl-1fc89111-2367-4952-ba06-31d6bfad6f00/datanode-0/data/ratis/ac5466e5-4969-4894-b9ee-685a32519ee7] INFO  segmented.SegmentedRaftLogWorker (SegmentedRaftLogWorker.java:execute(569)) - e2c20feb-e1b2-4156-aa3e-afbe0c55d7c0-SegmentedRaftLogWorker:Storage Directory /workdir/hadoop-ozone/integration-test/target/test-dir/MiniOzoneClusterImpl-1fc89111-2367-4952-ba06-31d6bfad6f00/datanode-0/data/ratis/ac5466e5-4969-4894-b9ee-685a32519ee7: created new log segment /workdir/hadoop-ozone/integration-test/target/test-dir/MiniOzoneClusterImpl-1fc89111-2367-4952-ba06-31d6bfad6f00/datanode-0/data/ratis/ac5466e5-4969-4894-b9ee-685a32519ee7/current/log_inprogress_0
2019-08-24 06:56:22,185 | INFO  | SCMAudit | user=jenkins1000 | ip=192.168.34.51 | op=SEND_HEARTBEAT {datanodeUUID=65835d08-f47e-4ea7-8653-09813d51c68d, command=[]} | ret=SUCCESS |  
2019-08-24 06:56:22,185 | INFO  | SCMAudit | user=jenkins1000 | ip=192.168.34.51 | op=SEND_HEARTBEAT {datanodeUUID=573423ee-449e-4e1a-a329-7f980fc55b32, command=[]} | ret=SUCCESS |  
2019-08-24 06:56:22,185 | INFO  | SCMAudit | user=jenkins1000 | ip=192.168.34.51 | op=SEND_HEARTBEAT {datanodeUUID=e2c20feb-e1b2-4156-aa3e-afbe0c55d7c0, command=[]} | ret=SUCCESS |  
2019-08-24 06:56:22,189 | INFO  | DNAudit | user=null | ip=null | op=WRITE_CHUNK {blockData=conID: 2 locID: 1566629777882 bcsId: 0} | ret=SUCCESS |  
2019-08-24 06:56:22,191 | INFO  | DNAudit | user=null | ip=null | op=WRITE_CHUNK {blockData=conID: 2 locID: 1566629777882 bcsId: 0} | ret=SUCCESS |  
2019-08-24 06:56:22,193 | INFO  | DNAudit | user=null | ip=null | op=WRITE_CHUNK {blockData=conID: 2 locID: 1566629777882 bcsId: 0} | ret=SUCCESS |  
2019-08-24 06:56:22,210 | INFO  | DNAudit | user=null | ip=null | op=WRITE_CHUNK {blockData=conID: 2 locID: 1566629777882 bcsId: 0} | ret=SUCCESS |  
2019-08-24 06:56:22,219 [grpc-default-executor-0] INFO  client.GrpcClientProtocolClient (GrpcClientProtocolClient.java:onNext(255)) - client-B194257E65B7->573423ee-449e-4e1a-a329-7f980fc55b32: receive RaftClientReply:client-B194257E65B7->573423ee-449e-4e1a-a329-7f980fc55b32@group-685A32519EE7, cid=17, SUCCESS, logIndex=1, commits[573423ee-449e-4e1a-a329-7f980fc55b32:c1, e2c20feb-e1b2-4156-aa3e-afbe0c55d7c0:c0, 65835d08-f47e-4ea7-8653-09813d51c68d:c0]
2019-08-24 06:56:22,228 | INFO  | DNAudit | user=null | ip=null | op=WRITE_CHUNK {blockData=conID: 2 locID: 1566629777882 bcsId: 0} | ret=SUCCESS |  
2019-08-24 06:56:22,229 | INFO  | DNAudit | user=null | ip=null | op=WRITE_CHUNK {blockData=conID: 2 locID: 1566629777882 bcsId: 0} | ret=SUCCESS |  
2019-08-24 06:56:22,239 [pool-48-thread-4] WARN  impl.ChunkManagerImpl (ChunkUtils.java:validateChunkForOverwrite(218)) - Duplicate write chunk request. Chunk overwrite without explicit request. ChunkInfo{chunkName='1566629777882.data.0, offset=0, len=1048576}
2019-08-24 06:56:22,239 [pool-48-thread-4] WARN  impl.ChunkManagerImpl (ChunkManagerImpl.java:writeChunk(111)) - ChunkFile already exists/workdir/hadoop-ozone/integration-test/target/test-dir/MiniOzoneClusterImpl-1fc89111-2367-4952-ba06-31d6bfad6f00/datanode-2/data/containers/hdds/40f6df7b-aec8-4b0e-bc4f-a9c5908e5abb/current/containerDir0/2/chunks/1566629777882.data.0.Deleting it.
2019-08-24 06:56:22,243 | INFO  | DNAudit | user=null | ip=null | op=WRITE_CHUNK {blockData=conID: 2 locID: 1566629777882 bcsId: 0} | ret=SUCCESS |  
2019-08-24 06:56:22,261 [pool-37-thread-2] WARN  impl.ChunkManagerImpl (ChunkUtils.java:validateChunkForOverwrite(218)) - Duplicate write chunk request. Chunk overwrite without explicit request. ChunkInfo{chunkName='1566629777882.data.0, offset=0, len=1048576}
2019-08-24 06:56:22,261 [pool-26-thread-2] WARN  impl.ChunkManagerImpl (ChunkUtils.java:validateChunkForOverwrite(218)) - Duplicate write chunk request. Chunk overwrite without explicit request. ChunkInfo{chunkName='1566629777882.data.0, offset=0, len=1048576}
2019-08-24 06:56:22,261 [pool-37-thread-2] WARN  impl.ChunkManagerImpl (ChunkManagerImpl.java:writeChunk(111)) - ChunkFile already exists/workdir/hadoop-ozone/integration-test/target/test-dir/MiniOzoneClusterImpl-1fc89111-2367-4952-ba06-31d6bfad6f00/datanode-1/data/containers/hdds/40f6df7b-aec8-4b0e-bc4f-a9c5908e5abb/current/containerDir0/2/chunks/1566629777882.data.0.Deleting it.
2019-08-24 06:56:22,262 [pool-26-thread-2] WARN  impl.ChunkManagerImpl (ChunkManagerImpl.java:writeChunk(111)) - ChunkFile already exists/workdir/hadoop-ozone/integration-test/target/test-dir/MiniOzoneClusterImpl-1fc89111-2367-4952-ba06-31d6bfad6f00/datanode-0/data/containers/hdds/40f6df7b-aec8-4b0e-bc4f-a9c5908e5abb/current/containerDir0/2/chunks/1566629777882.data.0.Deleting it.
2019-08-24 06:56:22,266 | INFO  | DNAudit | user=null | ip=null | op=WRITE_CHUNK {blockData=conID: 2 locID: 1566629777882 bcsId: 0} | ret=SUCCESS |  
2019-08-24 06:56:22,266 | INFO  | DNAudit | user=null | ip=null | op=WRITE_CHUNK {blockData=conID: 2 locID: 1566629777882 bcsId: 0} | ret=SUCCESS |  
2019-08-24 06:56:22,343 | INFO  | DNAudit | user=null | ip=null | op=PUT_BLOCK {blockData=[blockId=conID: 2 locID: 1566629777882 bcsId: 0,size=1048576]} | ret=SUCCESS |  
2019-08-24 06:56:22,356 | INFO  | DNAudit | user=null | ip=null | op=WRITE_CHUNK {blockData=conID: 2 locID: 1566629777882 bcsId: 0} | ret=SUCCESS |  
2019-08-24 06:56:22,358 [grpc-default-executor-4] INFO  client.GrpcClientProtocolClient (GrpcClientProtocolClient.java:onNext(255)) - client-B194257E65B7->573423ee-449e-4e1a-a329-7f980fc55b32: receive RaftClientReply:client-B194257E65B7->573423ee-449e-4e1a-a329-7f980fc55b32@group-685A32519EE7, cid=18, SUCCESS, logIndex=3, commits[573423ee-449e-4e1a-a329-7f980fc55b32:c8, e2c20feb-e1b2-4156-aa3e-afbe0c55d7c0:c6, 65835d08-f47e-4ea7-8653-09813d51c68d:c6]
2019-08-24 06:56:22,359 [grpc-default-executor-4] INFO  client.GrpcClientProtocolClient (GrpcClientProtocolClient.java:onNext(255)) - client-B194257E65B7->573423ee-449e-4e1a-a329-7f980fc55b32: receive RaftClientReply:client-B194257E65B7->573423ee-449e-4e1a-a329-7f980fc55b32@group-685A32519EE7, cid=19, SUCCESS, logIndex=4, commits[573423ee-449e-4e1a-a329-7f980fc55b32:c8, e2c20feb-e1b2-4156-aa3e-afbe0c55d7c0:c6, 65835d08-f47e-4ea7-8653-09813d51c68d:c6]
2019-08-24 06:56:22,389 | INFO  | DNAudit | user=null | ip=null | op=PUT_BLOCK {blockData=[blockId=conID: 2 locID: 1566629777882 bcsId: 0,size=1048576]} | ret=SUCCESS |  
2019-08-24 06:56:22,390 | INFO  | DNAudit | user=null | ip=null | op=WRITE_CHUNK {blockData=conID: 2 locID: 1566629777882 bcsId: 0} | ret=SUCCESS |  
2019-08-24 06:56:22,454 | INFO  | DNAudit | user=null | ip=null | op=PUT_BLOCK {blockData=[blockId=conID: 2 locID: 1566629777882 bcsId: 0,size=1048576]} | ret=SUCCESS |  
2019-08-24 06:56:22,454 | INFO  | DNAudit | user=null | ip=null | op=PUT_BLOCK {blockData=[blockId=conID: 2 locID: 1566629777882 bcsId: 0,size=1048576]} | ret=SUCCESS |  
2019-08-24 06:56:22,454 | INFO  | DNAudit | user=null | ip=null | op=PUT_BLOCK {blockData=[blockId=conID: 2 locID: 1566629777882 bcsId: 0,size=1048576]} | ret=SUCCESS |  
2019-08-24 06:56:22,455 | INFO  | DNAudit | user=null | ip=null | op=WRITE_CHUNK {blockData=conID: 2 locID: 1566629777882 bcsId: 0} | ret=SUCCESS |  
2019-08-24 06:56:22,456 | INFO  | DNAudit | user=null | ip=null | op=PUT_BLOCK {blockData=[blockId=conID: 2 locID: 1566629777882 bcsId: 0,size=1048576]} | ret=SUCCESS |  
2019-08-24 06:56:22,458 [grpc-default-executor-4] INFO  client.GrpcClientProtocolClient (GrpcClientProtocolClient.java:onNext(255)) - client-B194257E65B7->573423ee-449e-4e1a-a329-7f980fc55b32: receive RaftClientReply:client-B194257E65B7->573423ee-449e-4e1a-a329-7f980fc55b32@group-685A32519EE7, cid=20, SUCCESS, logIndex=5, commits[573423ee-449e-4e1a-a329-7f980fc55b32:c8, e2c20feb-e1b2-4156-aa3e-afbe0c55d7c0:c6, 65835d08-f47e-4ea7-8653-09813d51c68d:c6]
2019-08-24 06:56:22,460 [main] INFO  datanode.ObjectStoreHandler (ObjectStoreHandler.java:close(155)) - Closing ObjectStoreHandler.
2019-08-24 06:56:22,462 [main] INFO  ozone.HddsDatanodeService (HddsDatanodeService.java:stop(451)) - Stopped plug-in org.apache.hadoop.ozone.web.OzoneHddsDatanodeService@6e8fdd19
2019-08-24 06:56:22,526 | INFO  | SCMAudit | user=jenkins1000 | ip=192.168.34.51 | op=SEND_HEARTBEAT {datanodeUUID=b8995845-1314-46a5-aa18-7f19b45835c4, command=[]} | ret=SUCCESS |  
2019-08-24 06:56:22,618 | INFO  | SCMAudit | user=jenkins1000 | ip=192.168.34.51 | op=SEND_HEARTBEAT {datanodeUUID=2170e764-564b-4e9a-918b-c38cbe758c16, command=[]} | ret=SUCCESS |  
2019-08-24 06:56:22,620 | INFO  | SCMAudit | user=jenkins1000 | ip=192.168.34.51 | op=SEND_HEARTBEAT {datanodeUUID=80e41b0c-b399-4b53-b1c3-22f07fab8dcc, command=[]} | ret=SUCCESS |  
2019-08-24 06:56:22,750 | INFO  | SCMAudit | user=jenkins1000 | ip=192.168.34.51 | op=SEND_HEARTBEAT {datanodeUUID=742cddb8-37bb-4102-bd85-405a5585e0c8, command=[]} | ret=SUCCESS |  
2019-08-24 06:56:23,184 [Datanode State Machine Thread - 0] INFO  statemachine.DatanodeStateMachine (DatanodeStateMachine.java:lambda$startDaemon$0(350)) - Ozone container server started.
2019-08-24 06:56:23,185 | INFO  | SCMAudit | user=jenkins1000 | ip=192.168.34.51 | op=SEND_HEARTBEAT {datanodeUUID=65835d08-f47e-4ea7-8653-09813d51c68d, command=[]} | ret=SUCCESS |  
2019-08-24 06:56:23,185 | INFO  | SCMAudit | user=jenkins1000 | ip=192.168.34.51 | op=SEND_HEARTBEAT {datanodeUUID=573423ee-449e-4e1a-a329-7f980fc55b32, command=[]} | ret=SUCCESS |  
2019-08-24 06:56:23,526 | INFO  | SCMAudit | user=jenkins1000 | ip=192.168.34.51 | op=SEND_HEARTBEAT {datanodeUUID=b8995845-1314-46a5-aa18-7f19b45835c4, command=[]} | ret=SUCCESS |  
2019-08-24 06:56:23,618 | INFO  | SCMAudit | user=jenkins1000 | ip=192.168.34.51 | op=SEND_HEARTBEAT {datanodeUUID=2170e764-564b-4e9a-918b-c38cbe758c16, command=[]} | ret=SUCCESS |  
2019-08-24 06:56:23,620 | INFO  | SCMAudit | user=jenkins1000 | ip=192.168.34.51 | op=SEND_HEARTBEAT {datanodeUUID=80e41b0c-b399-4b53-b1c3-22f07fab8dcc, command=[]} | ret=SUCCESS |  
2019-08-24 06:56:23,749 | INFO  | SCMAudit | user=jenkins1000 | ip=192.168.34.51 | op=SEND_HEARTBEAT {datanodeUUID=742cddb8-37bb-4102-bd85-405a5585e0c8, command=[]} | ret=SUCCESS |  
2019-08-24 06:56:24,186 | INFO  | SCMAudit | user=jenkins1000 | ip=192.168.34.51 | op=SEND_HEARTBEAT {datanodeUUID=65835d08-f47e-4ea7-8653-09813d51c68d, command=[]} | ret=SUCCESS |  
2019-08-24 06:56:24,186 | INFO  | SCMAudit | user=jenkins1000 | ip=192.168.34.51 | op=SEND_HEARTBEAT {datanodeUUID=573423ee-449e-4e1a-a329-7f980fc55b32, command=[]} | ret=SUCCESS |  
2019-08-24 06:56:24,527 | INFO  | SCMAudit | user=jenkins1000 | ip=192.168.34.51 | op=SEND_HEARTBEAT {datanodeUUID=b8995845-1314-46a5-aa18-7f19b45835c4, command=[]} | ret=SUCCESS |  
2019-08-24 06:56:24,618 | INFO  | SCMAudit | user=jenkins1000 | ip=192.168.34.51 | op=SEND_HEARTBEAT {datanodeUUID=2170e764-564b-4e9a-918b-c38cbe758c16, command=[]} | ret=SUCCESS |  
2019-08-24 06:56:24,620 | INFO  | SCMAudit | user=jenkins1000 | ip=192.168.34.51 | op=SEND_HEARTBEAT {datanodeUUID=80e41b0c-b399-4b53-b1c3-22f07fab8dcc, command=[]} | ret=SUCCESS |  
2019-08-24 06:56:24,749 | INFO  | SCMAudit | user=jenkins1000 | ip=192.168.34.51 | op=SEND_HEARTBEAT {datanodeUUID=742cddb8-37bb-4102-bd85-405a5585e0c8, command=[]} | ret=SUCCESS |  
2019-08-24 06:56:25,186 | INFO  | SCMAudit | user=jenkins1000 | ip=192.168.34.51 | op=SEND_HEARTBEAT {datanodeUUID=65835d08-f47e-4ea7-8653-09813d51c68d, command=[]} | ret=SUCCESS |  
2019-08-24 06:56:25,186 | INFO  | SCMAudit | user=jenkins1000 | ip=192.168.34.51 | op=SEND_HEARTBEAT {datanodeUUID=573423ee-449e-4e1a-a329-7f980fc55b32, command=[]} | ret=SUCCESS |  
2019-08-24 06:56:25,207 [EventQueue-StaleNodeForStaleNodeHandler] INFO  node.StaleNodeHandler (StaleNodeHandler.java:onMessage(58)) - Datanode e2c20feb-e1b2-4156-aa3e-afbe0c55d7c0{ip: 192.168.34.51, host: pr-hdds-1753-tn75t-532954605, networkLocation: /default-rack, certSerialId: null} moved to stale state. Finalizing its pipelines [PipelineID=b0a4c0af-531a-4cda-bb8b-2170cb16c267, PipelineID=ac5466e5-4969-4894-b9ee-685a32519ee7]
2019-08-24 06:56:25,207 [EventQueue-StaleNodeForStaleNodeHandler] INFO  pipeline.SCMPipelineManager (SCMPipelineManager.java:finalizeAndDestroyPipeline(309)) - destroying pipeline:Pipeline[ Id: b0a4c0af-531a-4cda-bb8b-2170cb16c267, Nodes: e2c20feb-e1b2-4156-aa3e-afbe0c55d7c0{ip: 192.168.34.51, host: pr-hdds-1753-tn75t-532954605, networkLocation: /default-rack, certSerialId: null}, Type:RATIS, Factor:ONE, State:OPEN]
2019-08-24 06:56:25,209 [EventQueue-StaleNodeForStaleNodeHandler] INFO  pipeline.PipelineStateManager (PipelineStateManager.java:finalizePipeline(123)) - Pipeline Pipeline[ Id: b0a4c0af-531a-4cda-bb8b-2170cb16c267, Nodes: e2c20feb-e1b2-4156-aa3e-afbe0c55d7c0{ip: 192.168.34.51, host: pr-hdds-1753-tn75t-532954605, networkLocation: /default-rack, certSerialId: null}, Type:RATIS, Factor:ONE, State:CLOSED] moved to CLOSED state
2019-08-24 06:56:25,211 [EventQueue-StaleNodeForStaleNodeHandler] INFO  pipeline.SCMPipelineManager (SCMPipelineManager.java:finalizeAndDestroyPipeline(309)) - destroying pipeline:Pipeline[ Id: ac5466e5-4969-4894-b9ee-685a32519ee7, Nodes: e2c20feb-e1b2-4156-aa3e-afbe0c55d7c0{ip: 192.168.34.51, host: pr-hdds-1753-tn75t-532954605, networkLocation: /default-rack, certSerialId: null}573423ee-449e-4e1a-a329-7f980fc55b32{ip: 192.168.34.51, host: pr-hdds-1753-tn75t-532954605, networkLocation: /default-rack, certSerialId: null}65835d08-f47e-4ea7-8653-09813d51c68d{ip: 192.168.34.51, host: pr-hdds-1753-tn75t-532954605, networkLocation: /default-rack, certSerialId: null}, Type:RATIS, Factor:THREE, State:OPEN]
2019-08-24 06:56:25,211 [EventQueue-StaleNodeForStaleNodeHandler] INFO  pipeline.PipelineStateManager (PipelineStateManager.java:finalizePipeline(123)) - Pipeline Pipeline[ Id: ac5466e5-4969-4894-b9ee-685a32519ee7, Nodes: e2c20feb-e1b2-4156-aa3e-afbe0c55d7c0{ip: 192.168.34.51, host: pr-hdds-1753-tn75t-532954605, networkLocation: /default-rack, certSerialId: null}573423ee-449e-4e1a-a329-7f980fc55b32{ip: 192.168.34.51, host: pr-hdds-1753-tn75t-532954605, networkLocation: /default-rack, certSerialId: null}65835d08-f47e-4ea7-8653-09813d51c68d{ip: 192.168.34.51, host: pr-hdds-1753-tn75t-532954605, networkLocation: /default-rack, certSerialId: null}, Type:RATIS, Factor:THREE, State:CLOSED] moved to CLOSED state
2019-08-24 06:56:25,212 [EventQueue-CloseContainerForCloseContainerEventHandler] INFO  container.CloseContainerEventHandler (CloseContainerEventHandler.java:onMessage(61)) - Close container Event triggered for container : #2
2019-08-24 06:56:25,527 | INFO  | SCMAudit | user=jenkins1000 | ip=192.168.34.51 | op=SEND_HEARTBEAT {datanodeUUID=b8995845-1314-46a5-aa18-7f19b45835c4, command=[]} | ret=SUCCESS |  
2019-08-24 06:56:25,618 | INFO  | SCMAudit | user=jenkins1000 | ip=192.168.34.51 | op=SEND_HEARTBEAT {datanodeUUID=2170e764-564b-4e9a-918b-c38cbe758c16, command=[]} | ret=SUCCESS |  
2019-08-24 06:56:25,620 | INFO  | SCMAudit | user=jenkins1000 | ip=192.168.34.51 | op=SEND_HEARTBEAT {datanodeUUID=80e41b0c-b399-4b53-b1c3-22f07fab8dcc, command=[]} | ret=SUCCESS |  
2019-08-24 06:56:25,749 | INFO  | SCMAudit | user=jenkins1000 | ip=192.168.34.51 | op=SEND_HEARTBEAT {datanodeUUID=742cddb8-37bb-4102-bd85-405a5585e0c8, command=[]} | ret=SUCCESS |  
2019-08-24 06:56:26,238 | INFO  | SCMAudit | user=jenkins1000 | ip=192.168.34.51 | op=SEND_HEARTBEAT {datanodeUUID=573423ee-449e-4e1a-a329-7f980fc55b32, command=[commandType: closeContainerCommand closeContainerCommandProto { containerID: 2 pipelineID { id: "ac5466e5-4969-4894-b9ee-685a32519ee7" } cmdId: 2 force: false } ]} | ret=SUCCESS |  
2019-08-24 06:56:26,238 | INFO  | SCMAudit | user=jenkins1000 | ip=192.168.34.51 | op=SEND_HEARTBEAT {datanodeUUID=65835d08-f47e-4ea7-8653-09813d51c68d, command=[commandType: closeContainerCommand closeContainerCommandProto { containerID: 2 pipelineID { id: "ac5466e5-4969-4894-b9ee-685a32519ee7" } cmdId: 2 force: false } ]} | ret=SUCCESS |  
2019-08-24 06:56:26,528 | INFO  | SCMAudit | user=jenkins1000 | ip=192.168.34.51 | op=SEND_HEARTBEAT {datanodeUUID=b8995845-1314-46a5-aa18-7f19b45835c4, command=[]} | ret=SUCCESS |  
2019-08-24 06:56:26,618 | INFO  | SCMAudit | user=jenkins1000 | ip=192.168.34.51 | op=SEND_HEARTBEAT {datanodeUUID=2170e764-564b-4e9a-918b-c38cbe758c16, command=[]} | ret=SUCCESS |  
2019-08-24 06:56:26,621 | INFO  | SCMAudit | user=jenkins1000 | ip=192.168.34.51 | op=SEND_HEARTBEAT {datanodeUUID=80e41b0c-b399-4b53-b1c3-22f07fab8dcc, command=[]} | ret=SUCCESS |  
2019-08-24 06:56:26,749 | INFO  | SCMAudit | user=jenkins1000 | ip=192.168.34.51 | op=SEND_HEARTBEAT {datanodeUUID=742cddb8-37bb-4102-bd85-405a5585e0c8, command=[]} | ret=SUCCESS |  
2019-08-24 06:56:27,186 | INFO  | SCMAudit | user=jenkins1000 | ip=192.168.34.51 | op=SEND_HEARTBEAT {datanodeUUID=573423ee-449e-4e1a-a329-7f980fc55b32, command=[]} | ret=SUCCESS |  
2019-08-24 06:56:27,186 | INFO  | SCMAudit | user=jenkins1000 | ip=192.168.34.51 | op=SEND_HEARTBEAT {datanodeUUID=65835d08-f47e-4ea7-8653-09813d51c68d, command=[]} | ret=SUCCESS |  
2019-08-24 06:56:27,204 | INFO  | SCMAudit | user=jenkins1000 | ip=192.168.34.51 | op=SEND_HEARTBEAT {datanodeUUID=65835d08-f47e-4ea7-8653-09813d51c68d, command=[]} | ret=SUCCESS |  
2019-08-24 06:56:27,465 [main] INFO  ozoneimpl.OzoneContainer (OzoneContainer.java:stop(215)) - Attempting to stop container services.
2019-08-24 06:56:27,466 [main] INFO  impl.RaftServerProxy (RaftServerProxy.java:lambda$close$4(314)) - e2c20feb-e1b2-4156-aa3e-afbe0c55d7c0: close
2019-08-24 06:56:27,468 [main] INFO  impl.RaftServerImpl (RaftServerImpl.java:lambda$shutdown$3(245)) - e2c20feb-e1b2-4156-aa3e-afbe0c55d7c0: shutdown group-2170CB16C267
2019-08-24 06:56:27,469 [ForkJoinPool.commonPool-worker-0] INFO  impl.RaftServerImpl (RaftServerImpl.java:lambda$shutdown$3(245)) - e2c20feb-e1b2-4156-aa3e-afbe0c55d7c0: shutdown group-685A32519EE7
2019-08-24 06:56:27,469 [main] INFO  util.JmxRegister (JmxRegister.java:unregister(73)) - Successfully un-registered JMX Bean with object name Ratis:service=RaftServer,group=group-2170CB16C267,id=e2c20feb-e1b2-4156-aa3e-afbe0c55d7c0
2019-08-24 06:56:27,469 [ForkJoinPool.commonPool-worker-0] INFO  util.JmxRegister (JmxRegister.java:unregister(73)) - Successfully un-registered JMX Bean with object name Ratis:service=RaftServer,group=group-685A32519EE7,id=e2c20feb-e1b2-4156-aa3e-afbe0c55d7c0
2019-08-24 06:56:27,470 [main] INFO  impl.RoleInfo (RoleInfo.java:shutdownLeaderState(104)) - e2c20feb-e1b2-4156-aa3e-afbe0c55d7c0: shutdown LeaderState
2019-08-24 06:56:27,470 [ForkJoinPool.commonPool-worker-0] INFO  impl.RoleInfo (RoleInfo.java:shutdownFollowerState(121)) - e2c20feb-e1b2-4156-aa3e-afbe0c55d7c0: shutdown FollowerState
2019-08-24 06:56:27,470 [ForkJoinPool.commonPool-worker-0] INFO  impl.StateMachineUpdater (StateMachineUpdater.java:stopAndJoin(115)) - StateMachineUpdater:e2c20feb-e1b2-4156-aa3e-afbe0c55d7c0:group-685A32519EE7: set stopIndex = 8
2019-08-24 06:56:27,471 [Thread-389] INFO  impl.FollowerState (FollowerState.java:run(114)) - e2c20feb-e1b2-4156-aa3e-afbe0c55d7c0: FollowerState was interrupted: java.lang.InterruptedException: sleep interrupted
2019-08-24 06:56:27,471 [StateMachineUpdater:e2c20feb-e1b2-4156-aa3e-afbe0c55d7c0:group-685A32519EE7] INFO  ratis.ContainerStateMachine (ContainerStateMachine.java:takeSnapshot(284)) - group-685A32519EE7: Taking a snapshot at:(t:2, i:6) file /workdir/hadoop-ozone/integration-test/target/test-dir/MiniOzoneClusterImpl-1fc89111-2367-4952-ba06-31d6bfad6f00/datanode-0/data/ratis/ac5466e5-4969-4894-b9ee-685a32519ee7/sm/snapshot.2_6
2019-08-24 06:56:27,477 [main] INFO  impl.PendingRequests (PendingRequests.java:sendNotLeaderResponses(202)) - e2c20feb-e1b2-4156-aa3e-afbe0c55d7c0-PendingRequests: sendNotLeaderResponses
2019-08-24 06:56:27,480 [main] INFO  impl.StateMachineUpdater (StateMachineUpdater.java:stopAndJoin(115)) - StateMachineUpdater:e2c20feb-e1b2-4156-aa3e-afbe0c55d7c0:group-2170CB16C267: set stopIndex = 0
2019-08-24 06:56:27,491 [main] INFO  impl.RaftServerImpl (ServerState.java:close(394)) - e2c20feb-e1b2-4156-aa3e-afbe0c55d7c0:group-2170CB16C267 closes. The last applied log index is 0
2019-08-24 06:56:27,494 [e2c20feb-e1b2-4156-aa3e-afbe0c55d7c0-SegmentedRaftLogWorker:Storage Directory /workdir/hadoop-ozone/integration-test/target/test-dir/MiniOzoneClusterImpl-1fc89111-2367-4952-ba06-31d6bfad6f00/datanode-0/data/ratis/b0a4c0af-531a-4cda-bb8b-2170cb16c267] INFO  segmented.SegmentedRaftLogWorker (SegmentedRaftLogWorker.java:run(313)) - e2c20feb-e1b2-4156-aa3e-afbe0c55d7c0-SegmentedRaftLogWorker:Storage Directory /workdir/hadoop-ozone/integration-test/target/test-dir/MiniOzoneClusterImpl-1fc89111-2367-4952-ba06-31d6bfad6f00/datanode-0/data/ratis/b0a4c0af-531a-4cda-bb8b-2170cb16c267 was interrupted, exiting. There are 0 tasks remaining in the queue.
2019-08-24 06:56:27,497 [main] INFO  segmented.SegmentedRaftLogWorker (SegmentedRaftLogWorker.java:close(228)) - e2c20feb-e1b2-4156-aa3e-afbe0c55d7c0-SegmentedRaftLogWorker:Storage Directory /workdir/hadoop-ozone/integration-test/target/test-dir/MiniOzoneClusterImpl-1fc89111-2367-4952-ba06-31d6bfad6f00/datanode-0/data/ratis/b0a4c0af-531a-4cda-bb8b-2170cb16c267 close()
2019-08-24 06:56:27,521 [StateMachineUpdater:e2c20feb-e1b2-4156-aa3e-afbe0c55d7c0:group-685A32519EE7] INFO  ratis.ContainerStateMachine (ContainerStateMachine.java:takeSnapshot(295)) - group-685A32519EE7: Finished taking a snapshot at:(t:2, i:6) file:/workdir/hadoop-ozone/integration-test/target/test-dir/MiniOzoneClusterImpl-1fc89111-2367-4952-ba06-31d6bfad6f00/datanode-0/data/ratis/ac5466e5-4969-4894-b9ee-685a32519ee7/sm/snapshot.2_6 time:51
2019-08-24 06:56:27,521 [StateMachineUpdater:e2c20feb-e1b2-4156-aa3e-afbe0c55d7c0:group-685A32519EE7] INFO  impl.StateMachineUpdater (StateMachineUpdater.java:takeSnapshot(242)) - StateMachineUpdater:e2c20feb-e1b2-4156-aa3e-afbe0c55d7c0:group-685A32519EE7: Took a snapshot at index 6
2019-08-24 06:56:27,524 [StateMachineUpdater:e2c20feb-e1b2-4156-aa3e-afbe0c55d7c0:group-685A32519EE7] INFO  impl.StateMachineUpdater (StateMachineUpdater.java:lambda$new$0(80)) - StateMachineUpdater:e2c20feb-e1b2-4156-aa3e-afbe0c55d7c0:group-685A32519EE7: snapshotIndex: updateIncreasingly -1 -> 6
2019-08-24 06:56:27,529 | INFO  | SCMAudit | user=jenkins1000 | ip=192.168.34.51 | op=SEND_HEARTBEAT {datanodeUUID=b8995845-1314-46a5-aa18-7f19b45835c4, command=[]} | ret=SUCCESS |  
2019-08-24 06:56:27,530 [ForkJoinPool.commonPool-worker-0] INFO  impl.RaftServerImpl (ServerState.java:close(394)) - e2c20feb-e1b2-4156-aa3e-afbe0c55d7c0:group-685A32519EE7 closes. The last applied log index is 8
2019-08-24 06:56:27,530 [e2c20feb-e1b2-4156-aa3e-afbe0c55d7c0-SegmentedRaftLogWorker:Storage Directory /workdir/hadoop-ozone/integration-test/target/test-dir/MiniOzoneClusterImpl-1fc89111-2367-4952-ba06-31d6bfad6f00/datanode-0/data/ratis/ac5466e5-4969-4894-b9ee-685a32519ee7] INFO  segmented.SegmentedRaftLogWorker (SegmentedRaftLogWorker.java:run(313)) - e2c20feb-e1b2-4156-aa3e-afbe0c55d7c0-SegmentedRaftLogWorker:Storage Directory /workdir/hadoop-ozone/integration-test/target/test-dir/MiniOzoneClusterImpl-1fc89111-2367-4952-ba06-31d6bfad6f00/datanode-0/data/ratis/ac5466e5-4969-4894-b9ee-685a32519ee7 was interrupted, exiting. There are 0 tasks remaining in the queue.
2019-08-24 06:56:27,533 [ForkJoinPool.commonPool-worker-0] INFO  segmented.SegmentedRaftLogWorker (SegmentedRaftLogWorker.java:close(228)) - e2c20feb-e1b2-4156-aa3e-afbe0c55d7c0-SegmentedRaftLogWorker:Storage Directory /workdir/hadoop-ozone/integration-test/target/test-dir/MiniOzoneClusterImpl-1fc89111-2367-4952-ba06-31d6bfad6f00/datanode-0/data/ratis/ac5466e5-4969-4894-b9ee-685a32519ee7 close()
2019-08-24 06:56:27,534 [main] INFO  server.GrpcService (GrpcService.java:closeImpl(155)) - e2c20feb-e1b2-4156-aa3e-afbe0c55d7c0: shutdown server with port 38905 now
2019-08-24 06:56:27,546 [main] INFO  server.GrpcService (GrpcService.java:closeImpl(163)) - e2c20feb-e1b2-4156-aa3e-afbe0c55d7c0: shutdown server with port 38905 successfully
2019-08-24 06:56:27,546 [grpc-default-executor-4] WARN  server.GrpcServerProtocolService (LogUtils.java:warn(134)) - e2c20feb-e1b2-4156-aa3e-afbe0c55d7c0: appendEntries onError: org.apache.ratis.thirdparty.io.grpc.StatusRuntimeException: CANCELLED: cancelled before receiving half close
2019-08-24 06:56:27,549 [grpc-default-executor-4] WARN  server.GrpcLogAppender (LogUtils.java:warn(134)) - 573423ee-449e-4e1a-a329-7f980fc55b32->e2c20feb-e1b2-4156-aa3e-afbe0c55d7c0: Failed appendEntries: org.apache.ratis.thirdparty.io.grpc.StatusRuntimeException: CANCELLED: HTTP/2 error code: CANCEL
Received Rst Stream
2019-08-24 06:56:27,552 [refreshUsed-/workdir/hadoop-ozone/integration-test/target/test-dir/MiniOzoneClusterImpl-1fc89111-2367-4952-ba06-31d6bfad6f00/datanode-0/data/containers] WARN  fs.CachingGetSpaceUsed (CachingGetSpaceUsed.java:run(183)) - Thread Interrupted waiting to refresh disk information: sleep interrupted
2019-08-24 06:56:27,553 [grpc-default-executor-4] INFO  impl.FollowerInfo (FollowerInfo.java:lambda$new$0(50)) - 573423ee-449e-4e1a-a329-7f980fc55b32->e2c20feb-e1b2-4156-aa3e-afbe0c55d7c0: nextIndex: updateUnconditionally 9 -> 8
2019-08-24 06:56:27,574 [main] INFO  utils.BackgroundService (BackgroundService.java:shutdown(148)) - Shutting down service BlockDeletingService
2019-08-24 06:56:27,584 [main] INFO  statemachine.DatanodeStateMachine (DatanodeStateMachine.java:stopDaemon(395)) - Ozone container server stopped.
2019-08-24 06:56:27,589 [main] INFO  handler.ContextHandler (ContextHandler.java:doStop(910)) - Stopped o.e.j.w.WebAppContext@4dba773d{/,null,UNAVAILABLE}{/hddsDatanode}
2019-08-24 06:56:27,596 [main] INFO  server.AbstractConnector (AbstractConnector.java:doStop(318)) - Stopped ServerConnector@1d9bd4da{HTTP/1.1,[http/1.1]}{0.0.0.0:0}
2019-08-24 06:56:27,596 [main] INFO  handler.ContextHandler (ContextHandler.java:doStop(910)) - Stopped o.e.j.s.ServletContextHandler@6a1d3225{/static,jar:file:/home/user/.m2/repository/org/apache/hadoop/hadoop-hdds-container-service/0.5.0-SNAPSHOT/hadoop-hdds-container-service-0.5.0-SNAPSHOT.jar!/webapps/static,UNAVAILABLE}
2019-08-24 06:56:27,597 [main] INFO  handler.ContextHandler (ContextHandler.java:doStop(910)) - Stopped o.e.j.s.ServletContextHandler@1cc680e{/logs,file:///workdir/hadoop-ozone/integration-test/target/log,UNAVAILABLE}
2019-08-24 06:56:27,599 [main] INFO  datanode.ObjectStoreHandler (ObjectStoreHandler.java:close(155)) - Closing ObjectStoreHandler.
2019-08-24 06:56:27,599 [main] INFO  ozone.HddsDatanodeService (HddsDatanodeService.java:stop(451)) - Stopped plug-in org.apache.hadoop.ozone.web.OzoneHddsDatanodeService@2801827a
2019-08-24 06:56:27,618 | INFO  | SCMAudit | user=jenkins1000 | ip=192.168.34.51 | op=SEND_HEARTBEAT {datanodeUUID=2170e764-564b-4e9a-918b-c38cbe758c16, command=[]} | ret=SUCCESS |  
2019-08-24 06:56:27,620 | INFO  | SCMAudit | user=jenkins1000 | ip=192.168.34.51 | op=SEND_HEARTBEAT {datanodeUUID=80e41b0c-b399-4b53-b1c3-22f07fab8dcc, command=[]} | ret=SUCCESS |  
2019-08-24 06:56:27,749 | INFO  | SCMAudit | user=jenkins1000 | ip=192.168.34.51 | op=SEND_HEARTBEAT {datanodeUUID=742cddb8-37bb-4102-bd85-405a5585e0c8, command=[]} | ret=SUCCESS |  
2019-08-24 06:56:28,184 [Datanode State Machine Thread - 0] INFO  statemachine.DatanodeStateMachine (DatanodeStateMachine.java:lambda$startDaemon$0(350)) - Ozone container server started.
2019-08-24 06:56:28,204 | INFO  | SCMAudit | user=jenkins1000 | ip=192.168.34.51 | op=SEND_HEARTBEAT {datanodeUUID=65835d08-f47e-4ea7-8653-09813d51c68d, command=[]} | ret=SUCCESS |  
2019-08-24 06:56:28,528 | INFO  | SCMAudit | user=jenkins1000 | ip=192.168.34.51 | op=SEND_HEARTBEAT {datanodeUUID=b8995845-1314-46a5-aa18-7f19b45835c4, command=[]} | ret=SUCCESS |  
2019-08-24 06:56:28,618 | INFO  | SCMAudit | user=jenkins1000 | ip=192.168.34.51 | op=SEND_HEARTBEAT {datanodeUUID=2170e764-564b-4e9a-918b-c38cbe758c16, command=[]} | ret=SUCCESS |  
2019-08-24 06:56:28,620 | INFO  | SCMAudit | user=jenkins1000 | ip=192.168.34.51 | op=SEND_HEARTBEAT {datanodeUUID=80e41b0c-b399-4b53-b1c3-22f07fab8dcc, command=[]} | ret=SUCCESS |  
2019-08-24 06:56:28,750 | INFO  | SCMAudit | user=jenkins1000 | ip=192.168.34.51 | op=SEND_HEARTBEAT {datanodeUUID=742cddb8-37bb-4102-bd85-405a5585e0c8, command=[]} | ret=SUCCESS |  
2019-08-24 06:56:29,205 | INFO  | SCMAudit | user=jenkins1000 | ip=192.168.34.51 | op=SEND_HEARTBEAT {datanodeUUID=65835d08-f47e-4ea7-8653-09813d51c68d, command=[]} | ret=SUCCESS |  
2019-08-24 06:56:29,528 | INFO  | SCMAudit | user=jenkins1000 | ip=192.168.34.51 | op=SEND_HEARTBEAT {datanodeUUID=b8995845-1314-46a5-aa18-7f19b45835c4, command=[]} | ret=SUCCESS |  
2019-08-24 06:56:29,618 | INFO  | SCMAudit | user=jenkins1000 | ip=192.168.34.51 | op=SEND_HEARTBEAT {datanodeUUID=2170e764-564b-4e9a-918b-c38cbe758c16, command=[]} | ret=SUCCESS |  
2019-08-24 06:56:29,619 | INFO  | SCMAudit | user=jenkins1000 | ip=192.168.34.51 | op=SEND_HEARTBEAT {datanodeUUID=80e41b0c-b399-4b53-b1c3-22f07fab8dcc, command=[]} | ret=SUCCESS |  
2019-08-24 06:56:29,750 | INFO  | SCMAudit | user=jenkins1000 | ip=192.168.34.51 | op=SEND_HEARTBEAT {datanodeUUID=742cddb8-37bb-4102-bd85-405a5585e0c8, command=[]} | ret=SUCCESS |  
2019-08-24 06:56:29,825 [grpc-default-executor-4] WARN  server.GrpcLogAppender (LogUtils.java:warn(134)) - 573423ee-449e-4e1a-a329-7f980fc55b32->e2c20feb-e1b2-4156-aa3e-afbe0c55d7c0: Failed appendEntries: org.apache.ratis.thirdparty.io.grpc.StatusRuntimeException: UNAVAILABLE: io exception
2019-08-24 06:56:29,828 [grpc-default-executor-4] INFO  impl.FollowerInfo (FollowerInfo.java:lambda$new$0(50)) - 573423ee-449e-4e1a-a329-7f980fc55b32->e2c20feb-e1b2-4156-aa3e-afbe0c55d7c0: nextIndex: updateUnconditionally 8 -> 7
2019-08-24 06:56:30,206 | INFO  | SCMAudit | user=jenkins1000 | ip=192.168.34.51 | op=SEND_HEARTBEAT {datanodeUUID=65835d08-f47e-4ea7-8653-09813d51c68d, command=[]} | ret=SUCCESS |  
2019-08-24 06:56:30,216 [EventQueue-StaleNodeForStaleNodeHandler] INFO  node.StaleNodeHandler (StaleNodeHandler.java:onMessage(58)) - Datanode 573423ee-449e-4e1a-a329-7f980fc55b32{ip: 192.168.34.51, host: pr-hdds-1753-tn75t-532954605, networkLocation: /default-rack, certSerialId: null} moved to stale state. Finalizing its pipelines [PipelineID=a8270bb4-7d0f-4683-99c2-f149c36bbeb8, PipelineID=ac5466e5-4969-4894-b9ee-685a32519ee7]
2019-08-24 06:56:30,216 [EventQueue-StaleNodeForStaleNodeHandler] INFO  pipeline.SCMPipelineManager (SCMPipelineManager.java:finalizeAndDestroyPipeline(309)) - destroying pipeline:Pipeline[ Id: a8270bb4-7d0f-4683-99c2-f149c36bbeb8, Nodes: 573423ee-449e-4e1a-a329-7f980fc55b32{ip: 192.168.34.51, host: pr-hdds-1753-tn75t-532954605, networkLocation: /default-rack, certSerialId: null}, Type:RATIS, Factor:ONE, State:OPEN]
2019-08-24 06:56:30,217 [EventQueue-StaleNodeForStaleNodeHandler] INFO  pipeline.PipelineStateManager (PipelineStateManager.java:finalizePipeline(123)) - Pipeline Pipeline[ Id: a8270bb4-7d0f-4683-99c2-f149c36bbeb8, Nodes: 573423ee-449e-4e1a-a329-7f980fc55b32{ip: 192.168.34.51, host: pr-hdds-1753-tn75t-532954605, networkLocation: /default-rack, certSerialId: null}, Type:RATIS, Factor:ONE, State:CLOSED] moved to CLOSED state
2019-08-24 06:56:30,217 [EventQueue-StaleNodeForStaleNodeHandler] INFO  pipeline.SCMPipelineManager (SCMPipelineManager.java:finalizeAndDestroyPipeline(309)) - destroying pipeline:Pipeline[ Id: ac5466e5-4969-4894-b9ee-685a32519ee7, Nodes: e2c20feb-e1b2-4156-aa3e-afbe0c55d7c0{ip: 192.168.34.51, host: pr-hdds-1753-tn75t-532954605, networkLocation: /default-rack, certSerialId: null}573423ee-449e-4e1a-a329-7f980fc55b32{ip: 192.168.34.51, host: pr-hdds-1753-tn75t-532954605, networkLocation: /default-rack, certSerialId: null}65835d08-f47e-4ea7-8653-09813d51c68d{ip: 192.168.34.51, host: pr-hdds-1753-tn75t-532954605, networkLocation: /default-rack, certSerialId: null}, Type:RATIS, Factor:THREE, State:CLOSED]
2019-08-24 06:56:30,529 | INFO  | SCMAudit | user=jenkins1000 | ip=192.168.34.51 | op=SEND_HEARTBEAT {datanodeUUID=b8995845-1314-46a5-aa18-7f19b45835c4, command=[]} | ret=SUCCESS |  
2019-08-24 06:56:30,619 | INFO  | SCMAudit | user=jenkins1000 | ip=192.168.34.51 | op=SEND_HEARTBEAT {datanodeUUID=2170e764-564b-4e9a-918b-c38cbe758c16, command=[]} | ret=SUCCESS |  
2019-08-24 06:56:30,619 | INFO  | SCMAudit | user=jenkins1000 | ip=192.168.34.51 | op=SEND_HEARTBEAT {datanodeUUID=80e41b0c-b399-4b53-b1c3-22f07fab8dcc, command=[]} | ret=SUCCESS |  
2019-08-24 06:56:30,750 | INFO  | SCMAudit | user=jenkins1000 | ip=192.168.34.51 | op=SEND_HEARTBEAT {datanodeUUID=742cddb8-37bb-4102-bd85-405a5585e0c8, command=[]} | ret=SUCCESS |  
2019-08-24 06:56:31,206 | INFO  | SCMAudit | user=jenkins1000 | ip=192.168.34.51 | op=SEND_HEARTBEAT {datanodeUUID=65835d08-f47e-4ea7-8653-09813d51c68d, command=[]} | ret=SUCCESS |  
2019-08-24 06:56:31,530 | INFO  | SCMAudit | user=jenkins1000 | ip=192.168.34.51 | op=SEND_HEARTBEAT {datanodeUUID=b8995845-1314-46a5-aa18-7f19b45835c4, command=[]} | ret=SUCCESS |  
2019-08-24 06:56:31,619 | INFO  | SCMAudit | user=jenkins1000 | ip=192.168.34.51 | op=SEND_HEARTBEAT {datanodeUUID=2170e764-564b-4e9a-918b-c38cbe758c16, command=[]} | ret=SUCCESS |  
2019-08-24 06:56:31,620 | INFO  | SCMAudit | user=jenkins1000 | ip=192.168.34.51 | op=SEND_HEARTBEAT {datanodeUUID=80e41b0c-b399-4b53-b1c3-22f07fab8dcc, command=[]} | ret=SUCCESS |  
2019-08-24 06:56:31,750 | INFO  | SCMAudit | user=jenkins1000 | ip=192.168.34.51 | op=SEND_HEARTBEAT {datanodeUUID=742cddb8-37bb-4102-bd85-405a5585e0c8, command=[]} | ret=SUCCESS |  
2019-08-24 06:56:32,206 | INFO  | SCMAudit | user=jenkins1000 | ip=192.168.34.51 | op=SEND_HEARTBEAT {datanodeUUID=65835d08-f47e-4ea7-8653-09813d51c68d, command=[]} | ret=SUCCESS |  
2019-08-24 06:56:32,322 [grpc-default-executor-0] WARN  server.GrpcLogAppender (LogUtils.java:warn(134)) - 573423ee-449e-4e1a-a329-7f980fc55b32->e2c20feb-e1b2-4156-aa3e-afbe0c55d7c0: Failed appendEntries: org.apache.ratis.thirdparty.io.grpc.StatusRuntimeException: UNAVAILABLE: io exception
2019-08-24 06:56:32,327 [grpc-default-executor-0] INFO  impl.FollowerInfo (FollowerInfo.java:lambda$new$0(50)) - 573423ee-449e-4e1a-a329-7f980fc55b32->e2c20feb-e1b2-4156-aa3e-afbe0c55d7c0: nextIndex: updateUnconditionally 7 -> 6
2019-08-24 06:56:32,529 | INFO  | SCMAudit | user=jenkins1000 | ip=192.168.34.51 | op=SEND_HEARTBEAT {datanodeUUID=b8995845-1314-46a5-aa18-7f19b45835c4, command=[]} | ret=SUCCESS |  
2019-08-24 06:56:32,600 [main] INFO  ozoneimpl.OzoneContainer (OzoneContainer.java:stop(215)) - Attempting to stop container services.
2019-08-24 06:56:32,601 [main] INFO  impl.RaftServerProxy (RaftServerProxy.java:lambda$close$4(314)) - 573423ee-449e-4e1a-a329-7f980fc55b32: close
2019-08-24 06:56:32,602 [main] INFO  impl.RaftServerImpl (RaftServerImpl.java:lambda$shutdown$3(245)) - 573423ee-449e-4e1a-a329-7f980fc55b32: shutdown group-F149C36BBEB8
2019-08-24 06:56:32,602 [ForkJoinPool.commonPool-worker-1] INFO  impl.RaftServerImpl (RaftServerImpl.java:lambda$shutdown$3(245)) - 573423ee-449e-4e1a-a329-7f980fc55b32: shutdown group-685A32519EE7
2019-08-24 06:56:32,602 [main] INFO  util.JmxRegister (JmxRegister.java:unregister(73)) - Successfully un-registered JMX Bean with object name Ratis:service=RaftServer,group=group-F149C36BBEB8,id=573423ee-449e-4e1a-a329-7f980fc55b32
2019-08-24 06:56:32,603 [ForkJoinPool.commonPool-worker-1] INFO  util.JmxRegister (JmxRegister.java:unregister(73)) - Successfully un-registered JMX Bean with object name Ratis:service=RaftServer,group=group-685A32519EE7,id=573423ee-449e-4e1a-a329-7f980fc55b32
2019-08-24 06:56:32,603 [main] INFO  impl.RoleInfo (RoleInfo.java:shutdownLeaderState(104)) - 573423ee-449e-4e1a-a329-7f980fc55b32: shutdown LeaderState
2019-08-24 06:56:32,603 [ForkJoinPool.commonPool-worker-1] INFO  impl.RoleInfo (RoleInfo.java:shutdownLeaderState(104)) - 573423ee-449e-4e1a-a329-7f980fc55b32: shutdown LeaderState
2019-08-24 06:56:32,604 [main] INFO  impl.PendingRequests (PendingRequests.java:sendNotLeaderResponses(202)) - 573423ee-449e-4e1a-a329-7f980fc55b32-PendingRequests: sendNotLeaderResponses
2019-08-24 06:56:32,610 [org.apache.ratis.server.impl.LogAppender$AppenderDaemon$$Lambda$471/792643752@31ebfe6e] WARN  server.GrpcLogAppender (GrpcLogAppender.java:mayWait(143)) - GrpcLogAppender(573423ee-449e-4e1a-a329-7f980fc55b32->65835d08-f47e-4ea7-8653-09813d51c68d): Wait interrupted by java.lang.InterruptedException
2019-08-24 06:56:32,610 [org.apache.ratis.server.impl.LogAppender$AppenderDaemon$$Lambda$471/792643752@74e96e97] WARN  server.GrpcLogAppender (GrpcLogAppender.java:mayWait(143)) - GrpcLogAppender(573423ee-449e-4e1a-a329-7f980fc55b32->e2c20feb-e1b2-4156-aa3e-afbe0c55d7c0): Wait interrupted by java.lang.InterruptedException
2019-08-24 06:56:32,608 [ForkJoinPool.commonPool-worker-1] INFO  impl.PendingRequests (PendingRequests.java:sendNotLeaderResponses(202)) - 573423ee-449e-4e1a-a329-7f980fc55b32-PendingRequests: sendNotLeaderResponses
2019-08-24 06:56:32,610 [main] INFO  impl.StateMachineUpdater (StateMachineUpdater.java:stopAndJoin(115)) - StateMachineUpdater:573423ee-449e-4e1a-a329-7f980fc55b32:group-F149C36BBEB8: set stopIndex = 0
2019-08-24 06:56:32,613 [main] INFO  impl.RaftServerImpl (ServerState.java:close(394)) - 573423ee-449e-4e1a-a329-7f980fc55b32:group-F149C36BBEB8 closes. The last applied log index is 0
2019-08-24 06:56:32,614 [573423ee-449e-4e1a-a329-7f980fc55b32-SegmentedRaftLogWorker:Storage Directory /workdir/hadoop-ozone/integration-test/target/test-dir/MiniOzoneClusterImpl-1fc89111-2367-4952-ba06-31d6bfad6f00/datanode-2/data/ratis/a8270bb4-7d0f-4683-99c2-f149c36bbeb8] INFO  segmented.SegmentedRaftLogWorker (SegmentedRaftLogWorker.java:run(313)) - 573423ee-449e-4e1a-a329-7f980fc55b32-SegmentedRaftLogWorker:Storage Directory /workdir/hadoop-ozone/integration-test/target/test-dir/MiniOzoneClusterImpl-1fc89111-2367-4952-ba06-31d6bfad6f00/datanode-2/data/ratis/a8270bb4-7d0f-4683-99c2-f149c36bbeb8 was interrupted, exiting. There are 0 tasks remaining in the queue.
2019-08-24 06:56:32,614 [grpc-default-executor-0] INFO  server.GrpcServerProtocolService (GrpcServerProtocolService.java:onCompleted(104)) - 65835d08-f47e-4ea7-8653-09813d51c68d: appendEntries completed
2019-08-24 06:56:32,618 [main] INFO  segmented.SegmentedRaftLogWorker (SegmentedRaftLogWorker.java:close(228)) - 573423ee-449e-4e1a-a329-7f980fc55b32-SegmentedRaftLogWorker:Storage Directory /workdir/hadoop-ozone/integration-test/target/test-dir/MiniOzoneClusterImpl-1fc89111-2367-4952-ba06-31d6bfad6f00/datanode-2/data/ratis/a8270bb4-7d0f-4683-99c2-f149c36bbeb8 close()
2019-08-24 06:56:32,625 | INFO  | SCMAudit | user=jenkins1000 | ip=192.168.34.51 | op=SEND_HEARTBEAT {datanodeUUID=2170e764-564b-4e9a-918b-c38cbe758c16, command=[]} | ret=SUCCESS |  
2019-08-24 06:56:32,625 [grpc-default-executor-0] INFO  server.GrpcLogAppender (GrpcLogAppender.java:onCompleted(292)) - 573423ee-449e-4e1a-a329-7f980fc55b32->65835d08-f47e-4ea7-8653-09813d51c68d: follower responses appendEntries COMPLETED
2019-08-24 06:56:32,627 [grpc-default-executor-0] INFO  impl.FollowerInfo (FollowerInfo.java:lambda$new$0(50)) - 573423ee-449e-4e1a-a329-7f980fc55b32->65835d08-f47e-4ea7-8653-09813d51c68d: nextIndex: updateUnconditionally 9 -> 8
2019-08-24 06:56:32,628 | INFO  | SCMAudit | user=jenkins1000 | ip=192.168.34.51 | op=SEND_HEARTBEAT {datanodeUUID=80e41b0c-b399-4b53-b1c3-22f07fab8dcc, command=[]} | ret=SUCCESS |  
2019-08-24 06:56:32,632 [ForkJoinPool.commonPool-worker-1] INFO  impl.StateMachineUpdater (StateMachineUpdater.java:stopAndJoin(115)) - StateMachineUpdater:573423ee-449e-4e1a-a329-7f980fc55b32:group-685A32519EE7: set stopIndex = 8
2019-08-24 06:56:32,632 [StateMachineUpdater:573423ee-449e-4e1a-a329-7f980fc55b32:group-685A32519EE7] INFO  ratis.ContainerStateMachine (ContainerStateMachine.java:takeSnapshot(284)) - group-685A32519EE7: Taking a snapshot at:(t:2, i:8) file /workdir/hadoop-ozone/integration-test/target/test-dir/MiniOzoneClusterImpl-1fc89111-2367-4952-ba06-31d6bfad6f00/datanode-2/data/ratis/ac5466e5-4969-4894-b9ee-685a32519ee7/sm/snapshot.2_8
2019-08-24 06:56:32,645 [StateMachineUpdater:573423ee-449e-4e1a-a329-7f980fc55b32:group-685A32519EE7] INFO  ratis.ContainerStateMachine (ContainerStateMachine.java:takeSnapshot(295)) - group-685A32519EE7: Finished taking a snapshot at:(t:2, i:8) file:/workdir/hadoop-ozone/integration-test/target/test-dir/MiniOzoneClusterImpl-1fc89111-2367-4952-ba06-31d6bfad6f00/datanode-2/data/ratis/ac5466e5-4969-4894-b9ee-685a32519ee7/sm/snapshot.2_8 time:14
2019-08-24 06:56:32,646 [StateMachineUpdater:573423ee-449e-4e1a-a329-7f980fc55b32:group-685A32519EE7] INFO  impl.StateMachineUpdater (StateMachineUpdater.java:takeSnapshot(242)) - StateMachineUpdater:573423ee-449e-4e1a-a329-7f980fc55b32:group-685A32519EE7: Took a snapshot at index 8
2019-08-24 06:56:32,646 [StateMachineUpdater:573423ee-449e-4e1a-a329-7f980fc55b32:group-685A32519EE7] INFO  impl.StateMachineUpdater (StateMachineUpdater.java:lambda$new$0(80)) - StateMachineUpdater:573423ee-449e-4e1a-a329-7f980fc55b32:group-685A32519EE7: snapshotIndex: updateIncreasingly -1 -> 8
2019-08-24 06:56:32,646 [ForkJoinPool.commonPool-worker-1] INFO  impl.RaftServerImpl (ServerState.java:close(394)) - 573423ee-449e-4e1a-a329-7f980fc55b32:group-685A32519EE7 closes. The last applied log index is 8
2019-08-24 06:56:32,647 [573423ee-449e-4e1a-a329-7f980fc55b32-SegmentedRaftLogWorker:Storage Directory /workdir/hadoop-ozone/integration-test/target/test-dir/MiniOzoneClusterImpl-1fc89111-2367-4952-ba06-31d6bfad6f00/datanode-2/data/ratis/ac5466e5-4969-4894-b9ee-685a32519ee7] INFO  segmented.SegmentedRaftLogWorker (SegmentedRaftLogWorker.java:run(313)) - 573423ee-449e-4e1a-a329-7f980fc55b32-SegmentedRaftLogWorker:Storage Directory /workdir/hadoop-ozone/integration-test/target/test-dir/MiniOzoneClusterImpl-1fc89111-2367-4952-ba06-31d6bfad6f00/datanode-2/data/ratis/ac5466e5-4969-4894-b9ee-685a32519ee7 was interrupted, exiting. There are 0 tasks remaining in the queue.
2019-08-24 06:56:32,649 [ForkJoinPool.commonPool-worker-1] INFO  segmented.SegmentedRaftLogWorker (SegmentedRaftLogWorker.java:close(228)) - 573423ee-449e-4e1a-a329-7f980fc55b32-SegmentedRaftLogWorker:Storage Directory /workdir/hadoop-ozone/integration-test/target/test-dir/MiniOzoneClusterImpl-1fc89111-2367-4952-ba06-31d6bfad6f00/datanode-2/data/ratis/ac5466e5-4969-4894-b9ee-685a32519ee7 close()
2019-08-24 06:56:32,653 [main] INFO  server.GrpcService (GrpcService.java:closeImpl(155)) - 573423ee-449e-4e1a-a329-7f980fc55b32: shutdown server with port 43890 now
2019-08-24 06:56:32,654 [main] INFO  server.GrpcService (GrpcService.java:closeImpl(163)) - 573423ee-449e-4e1a-a329-7f980fc55b32: shutdown server with port 43890 successfully
2019-08-24 06:56:32,657 [refreshUsed-/workdir/hadoop-ozone/integration-test/target/test-dir/MiniOzoneClusterImpl-1fc89111-2367-4952-ba06-31d6bfad6f00/datanode-2/data/containers] WARN  fs.CachingGetSpaceUsed (CachingGetSpaceUsed.java:run(183)) - Thread Interrupted waiting to refresh disk information: sleep interrupted
2019-08-24 06:56:32,677 [main] INFO  utils.BackgroundService (BackgroundService.java:shutdown(148)) - Shutting down service BlockDeletingService
2019-08-24 06:56:32,682 [main] INFO  statemachine.DatanodeStateMachine (DatanodeStateMachine.java:stopDaemon(395)) - Ozone container server stopped.
2019-08-24 06:56:32,683 [main] INFO  handler.ContextHandler (ContextHandler.java:doStop(910)) - Stopped o.e.j.w.WebAppContext@40df6090{/,null,UNAVAILABLE}{/hddsDatanode}
2019-08-24 06:56:32,684 [main] INFO  server.AbstractConnector (AbstractConnector.java:doStop(318)) - Stopped ServerConnector@8c0a23f{HTTP/1.1,[http/1.1]}{0.0.0.0:0}
2019-08-24 06:56:32,684 [main] INFO  handler.ContextHandler (ContextHandler.java:doStop(910)) - Stopped o.e.j.s.ServletContextHandler@38e83838{/static,jar:file:/home/user/.m2/repository/org/apache/hadoop/hadoop-hdds-container-service/0.5.0-SNAPSHOT/hadoop-hdds-container-service-0.5.0-SNAPSHOT.jar!/webapps/static,UNAVAILABLE}
2019-08-24 06:56:32,685 [main] INFO  handler.ContextHandler (ContextHandler.java:doStop(910)) - Stopped o.e.j.s.ServletContextHandler@5e85c21b{/logs,file:///workdir/hadoop-ozone/integration-test/target/log,UNAVAILABLE}
]]></system-out>
  </testcase>
</testsuite>