<?xml version="1.0" encoding="UTF-8"?>
<testsuite xmlns:xsi="http://www.w3.org/2001/XMLSchema-instance" xsi:noNamespaceSchemaLocation="https://maven.apache.org/surefire/maven-surefire-plugin/xsd/surefire-test-report.xsd" name="org.apache.hadoop.ozone.client.rpc.TestBlockOutputStreamWithFailures" time="750.451" tests="8" errors="0" skipped="0" failures="1">
  <properties>
    <property name="awt.toolkit" value="sun.awt.X11.XToolkit"/>
    <property name="file.encoding.pkg" value="sun.io"/>
    <property name="java.specification.version" value="1.8"/>
    <property name="sun.cpu.isalist" value=""/>
    <property name="sun.jnu.encoding" value="UTF-8"/>
    <property name="java.class.path" value="/workdir/hadoop-ozone/integration-test/target/test-classes:/workdir/hadoop-ozone/integration-test/target/classes:/home/user/.m2/repository/org/apache/hadoop/hadoop-ozone-common/0.5.0-SNAPSHOT/hadoop-ozone-common-0.5.0-SNAPSHOT.jar:/home/user/.m2/repository/org/apache/commons/commons-compress/1.4.1/commons-compress-1.4.1.jar:/home/user/.m2/repository/org/tukaani/xz/1.0/xz-1.0.jar:/home/user/.m2/repository/org/apache/hadoop/hadoop-common/3.2.0/hadoop-common-3.2.0.jar:/home/user/.m2/repository/org/apache/hadoop/hadoop-hdfs/3.2.0/hadoop-hdfs-3.2.0.jar:/home/user/.m2/repository/org/apache/hadoop/hadoop-hdfs-client/3.2.0/hadoop-hdfs-client-3.2.0.jar:/home/user/.m2/repository/com/fasterxml/jackson/core/jackson-annotations/2.9.5/jackson-annotations-2.9.5.jar:/home/user/.m2/repository/org/apache/hadoop/hadoop-hdds-common/0.5.0-SNAPSHOT/hadoop-hdds-common-0.5.0-SNAPSHOT.jar:/home/user/.m2/repository/javax/annotation/javax.annotation-api/1.2/javax.annotation-api-1.2.jar:/home/user/.m2/repository/org/apache/ratis/ratis-server/0.4.0-2337318-SNAPSHOT/ratis-server-0.4.0-2337318-SNAPSHOT.jar:/home/user/.m2/repository/org/apache/ratis/ratis-thirdparty-misc/0.2.0/ratis-thirdparty-misc-0.2.0.jar:/home/user/.m2/repository/org/apache/ratis/ratis-proto/0.4.0-2337318-SNAPSHOT/ratis-proto-0.4.0-2337318-SNAPSHOT.jar:/home/user/.m2/repository/org/apache/ratis/ratis-common/0.4.0-2337318-SNAPSHOT/ratis-common-0.4.0-2337318-SNAPSHOT.jar:/home/user/.m2/repository/org/apache/ratis/ratis-client/0.4.0-2337318-SNAPSHOT/ratis-client-0.4.0-2337318-SNAPSHOT.jar:/home/user/.m2/repository/org/apache/ratis/ratis-metrics/0.4.0-2337318-SNAPSHOT/ratis-metrics-0.4.0-2337318-SNAPSHOT.jar:/home/user/.m2/repository/org/apache/ratis/ratis-netty/0.4.0-2337318-SNAPSHOT/ratis-netty-0.4.0-2337318-SNAPSHOT.jar:/home/user/.m2/repository/org/apache/ratis/ratis-grpc/0.4.0-2337318-SNAPSHOT/ratis-grpc-0.4.0-2337318-SNAPSHOT.jar:/home/user/.m2/repository/org/rocksdb/rocksdbjni/6.0.1/rocksdbjni-6.0.1.jar:/home/user/.m2/repository/org/apache/logging/log4j/log4j-api/2.11.0/log4j-api-2.11.0.jar:/home/user/.m2/repository/org/apache/logging/log4j/log4j-core/2.11.0/log4j-core-2.11.0.jar:/home/user/.m2/repository/com/lmax/disruptor/3.4.2/disruptor-3.4.2.jar:/home/user/.m2/repository/org/apache/commons/commons-pool2/2.6.0/commons-pool2-2.6.0.jar:/home/user/.m2/repository/org/bouncycastle/bcpkix-jdk15on/1.60/bcpkix-jdk15on-1.60.jar:/home/user/.m2/repository/commons-validator/commons-validator/1.6/commons-validator-1.6.jar:/home/user/.m2/repository/commons-digester/commons-digester/1.8.1/commons-digester-1.8.1.jar:/home/user/.m2/repository/io/jaegertracing/jaeger-client/0.33.1/jaeger-client-0.33.1.jar:/home/user/.m2/repository/io/jaegertracing/jaeger-thrift/0.33.1/jaeger-thrift-0.33.1.jar:/home/user/.m2/repository/org/apache/thrift/libthrift/0.11.0/libthrift-0.11.0.jar:/home/user/.m2/repository/com/squareup/okhttp3/okhttp/3.9.0/okhttp-3.9.0.jar:/home/user/.m2/repository/com/squareup/okio/okio/1.13.0/okio-1.13.0.jar:/home/user/.m2/repository/io/jaegertracing/jaeger-core/0.33.1/jaeger-core-0.33.1.jar:/home/user/.m2/repository/io/jaegertracing/jaeger-tracerresolver/0.33.1/jaeger-tracerresolver-0.33.1.jar:/home/user/.m2/repository/io/opentracing/contrib/opentracing-tracerresolver/0.1.5/opentracing-tracerresolver-0.1.5.jar:/home/user/.m2/repository/io/opentracing/opentracing-util/0.31.0/opentracing-util-0.31.0.jar:/home/user/.m2/repository/io/opentracing/opentracing-api/0.31.0/opentracing-api-0.31.0.jar:/home/user/.m2/repository/io/opentracing/opentracing-noop/0.31.0/opentracing-noop-0.31.0.jar:/home/user/.m2/repository/org/apache/hadoop/hadoop-hdds-server-framework/0.5.0-SNAPSHOT/hadoop-hdds-server-framework-0.5.0-SNAPSHOT.jar:/home/user/.m2/repository/org/apache/hadoop/hadoop-hdds-container-service/0.5.0-SNAPSHOT/hadoop-hdds-container-service-0.5.0-SNAPSHOT.jar:/home/user/.m2/repository/org/apache/hadoop/hadoop-hdds-client/0.5.0-SNAPSHOT/hadoop-hdds-client-0.5.0-SNAPSHOT.jar:/home/user/.m2/repository/org/apache/hadoop/hadoop-hdds-tools/0.5.0-SNAPSHOT/hadoop-hdds-tools-0.5.0-SNAPSHOT.jar:/home/user/.m2/repository/org/apache/hadoop/hadoop-hdds-server-scm/0.5.0-SNAPSHOT/hadoop-hdds-server-scm-0.5.0-SNAPSHOT.jar:/home/user/.m2/repository/org/apache/hadoop/hadoop-hdds-docs/0.5.0-SNAPSHOT/hadoop-hdds-docs-0.5.0-SNAPSHOT.jar:/home/user/.m2/repository/io/dropwizard/metrics/metrics-core/3.2.4/metrics-core-3.2.4.jar:/home/user/.m2/repository/org/hamcrest/hamcrest-all/1.3/hamcrest-all-1.3.jar:/home/user/.m2/repository/org/bouncycastle/bcprov-jdk15on/1.60/bcprov-jdk15on-1.60.jar:/home/user/.m2/repository/info/picocli/picocli/3.9.6/picocli-3.9.6.jar:/home/user/.m2/repository/com/google/protobuf/protobuf-java/2.5.0/protobuf-java-2.5.0.jar:/home/user/.m2/repository/com/google/guava/guava/11.0.2/guava-11.0.2.jar:/home/user/.m2/repository/org/apache/hadoop/hadoop-ozone-ozone-manager/0.5.0-SNAPSHOT/hadoop-ozone-ozone-manager-0.5.0-SNAPSHOT.jar:/home/user/.m2/repository/org/apache/hadoop/hadoop-minikdc/3.2.0/hadoop-minikdc-3.2.0.jar:/home/user/.m2/repository/commons-io/commons-io/2.5/commons-io-2.5.jar:/home/user/.m2/repository/org/apache/kerby/kerb-simplekdc/1.0.1/kerb-simplekdc-1.0.1.jar:/home/user/.m2/repository/org/apache/kerby/kerb-client/1.0.1/kerb-client-1.0.1.jar:/home/user/.m2/repository/org/apache/kerby/kerby-config/1.0.1/kerby-config-1.0.1.jar:/home/user/.m2/repository/org/apache/kerby/kerb-core/1.0.1/kerb-core-1.0.1.jar:/home/user/.m2/repository/org/apache/kerby/kerby-pkix/1.0.1/kerby-pkix-1.0.1.jar:/home/user/.m2/repository/org/apache/kerby/kerby-asn1/1.0.1/kerby-asn1-1.0.1.jar:/home/user/.m2/repository/org/apache/kerby/kerby-util/1.0.1/kerby-util-1.0.1.jar:/home/user/.m2/repository/org/apache/kerby/kerb-common/1.0.1/kerb-common-1.0.1.jar:/home/user/.m2/repository/org/apache/kerby/kerb-crypto/1.0.1/kerb-crypto-1.0.1.jar:/home/user/.m2/repository/org/apache/kerby/kerb-util/1.0.1/kerb-util-1.0.1.jar:/home/user/.m2/repository/org/apache/kerby/token-provider/1.0.1/token-provider-1.0.1.jar:/home/user/.m2/repository/org/apache/kerby/kerb-admin/1.0.1/kerb-admin-1.0.1.jar:/home/user/.m2/repository/org/apache/kerby/kerb-server/1.0.1/kerb-server-1.0.1.jar:/home/user/.m2/repository/org/apache/kerby/kerb-identity/1.0.1/kerb-identity-1.0.1.jar:/home/user/.m2/repository/org/apache/kerby/kerby-xdr/1.0.1/kerby-xdr-1.0.1.jar:/home/user/.m2/repository/org/slf4j/slf4j-log4j12/1.7.25/slf4j-log4j12-1.7.25.jar:/home/user/.m2/repository/org/apache/hadoop/hadoop-ozone-objectstore-service/0.5.0-SNAPSHOT/hadoop-ozone-objectstore-service-0.5.0-SNAPSHOT.jar:/home/user/.m2/repository/org/apache/hadoop/hadoop-ozone-s3gateway/0.5.0-SNAPSHOT/hadoop-ozone-s3gateway-0.5.0-SNAPSHOT.jar:/home/user/.m2/repository/org/jboss/weld/servlet/weld-servlet/2.4.7.Final/weld-servlet-2.4.7.Final.jar:/home/user/.m2/repository/org/glassfish/jersey/containers/jersey-container-servlet-core/2.27/jersey-container-servlet-core-2.27.jar:/home/user/.m2/repository/org/glassfish/hk2/external/javax.inject/2.5.0-b42/javax.inject-2.5.0-b42.jar:/home/user/.m2/repository/org/glassfish/jersey/core/jersey-common/2.27/jersey-common-2.27.jar:/home/user/.m2/repository/org/glassfish/hk2/osgi-resource-locator/1.0.1/osgi-resource-locator-1.0.1.jar:/home/user/.m2/repository/javax/ws/rs/javax.ws.rs-api/2.1/javax.ws.rs-api-2.1.jar:/home/user/.m2/repository/org/glassfish/jersey/ext/cdi/jersey-cdi1x/2.27/jersey-cdi1x-2.27.jar:/home/user/.m2/repository/org/glassfish/jersey/inject/jersey-hk2/2.27/jersey-hk2-2.27.jar:/home/user/.m2/repository/org/glassfish/hk2/hk2-locator/2.5.0-b42/hk2-locator-2.5.0-b42.jar:/home/user/.m2/repository/org/javassist/javassist/3.22.0-CR2/javassist-3.22.0-CR2.jar:/home/user/.m2/repository/org/glassfish/hk2/hk2-api/2.5.0/hk2-api-2.5.0.jar:/home/user/.m2/repository/org/glassfish/hk2/external/jakarta.inject/2.5.0/jakarta.inject-2.5.0.jar:/home/user/.m2/repository/org/glassfish/hk2/hk2-utils/2.5.0/hk2-utils-2.5.0.jar:/home/user/.m2/repository/jakarta/annotation/jakarta.annotation-api/1.3.4/jakarta.annotation-api-1.3.4.jar:/home/user/.m2/repository/org/glassfish/hk2/external/aopalliance-repackaged/2.5.0/aopalliance-repackaged-2.5.0.jar:/home/user/.m2/repository/com/fasterxml/jackson/dataformat/jackson-dataformat-xml/2.9.0/jackson-dataformat-xml-2.9.0.jar:/home/user/.m2/repository/com/fasterxml/jackson/core/jackson-core/2.9.5/jackson-core-2.9.5.jar:/home/user/.m2/repository/com/fasterxml/jackson/module/jackson-module-jaxb-annotations/2.9.5/jackson-module-jaxb-annotations-2.9.5.jar:/home/user/.m2/repository/javax/enterprise/cdi-api/1.2/cdi-api-1.2.jar:/home/user/.m2/repository/javax/el/javax.el-api/3.0.0/javax.el-api-3.0.0.jar:/home/user/.m2/repository/javax/interceptor/javax.interceptor-api/1.2/javax.interceptor-api-1.2.jar:/home/user/.m2/repository/javax/inject/javax.inject/1/javax.inject-1.jar:/home/user/.m2/repository/com/sun/xml/bind/jaxb-impl/2.3.0.1/jaxb-impl-2.3.0.1.jar:/home/user/.m2/repository/com/sun/xml/bind/jaxb-core/2.3.0.1/jaxb-core-2.3.0.1.jar:/home/user/.m2/repository/javax/xml/bind/jaxb-api/2.3.0/jaxb-api-2.3.0.jar:/home/user/.m2/repository/javax/activation/activation/1.1.1/activation-1.1.1.jar:/home/user/.m2/repository/org/apache/hadoop/hadoop-ozone-csi/0.5.0-SNAPSHOT/hadoop-ozone-csi-0.5.0-SNAPSHOT.jar:/home/user/.m2/repository/com/google/protobuf/protobuf-java-util/3.5.1/protobuf-java-util-3.5.1.jar:/home/user/.m2/repository/org/apache/hadoop/hadoop-hdds-config/0.5.0-SNAPSHOT/hadoop-hdds-config-0.5.0-SNAPSHOT.jar:/home/user/.m2/repository/io/grpc/grpc-netty/1.17.1/grpc-netty-1.17.1.jar:/home/user/.m2/repository/io/grpc/grpc-core/1.17.1/grpc-core-1.17.1.jar:/home/user/.m2/repository/io/grpc/grpc-context/1.17.1/grpc-context-1.17.1.jar:/home/user/.m2/repository/com/google/errorprone/error_prone_annotations/2.2.0/error_prone_annotations-2.2.0.jar:/home/user/.m2/repository/org/codehaus/mojo/animal-sniffer-annotations/1.17/animal-sniffer-annotations-1.17.jar:/home/user/.m2/repository/io/opencensus/opencensus-api/0.17.0/opencensus-api-0.17.0.jar:/home/user/.m2/repository/io/opencensus/opencensus-contrib-grpc-metrics/0.17.0/opencensus-contrib-grpc-metrics-0.17.0.jar:/home/user/.m2/repository/io/netty/netty-codec-http2/4.1.30.Final/netty-codec-http2-4.1.30.Final.jar:/home/user/.m2/repository/io/netty/netty-codec-http/4.1.30.Final/netty-codec-http-4.1.30.Final.jar:/home/user/.m2/repository/io/netty/netty-codec/4.1.30.Final/netty-codec-4.1.30.Final.jar:/home/user/.m2/repository/io/netty/netty-handler/4.1.30.Final/netty-handler-4.1.30.Final.jar:/home/user/.m2/repository/io/netty/netty-handler-proxy/4.1.30.Final/netty-handler-proxy-4.1.30.Final.jar:/home/user/.m2/repository/io/netty/netty-codec-socks/4.1.30.Final/netty-codec-socks-4.1.30.Final.jar:/home/user/.m2/repository/io/netty/netty-transport-native-epoll/4.1.30.Final/netty-transport-native-epoll-4.1.30.Final.jar:/home/user/.m2/repository/io/netty/netty-common/4.1.30.Final/netty-common-4.1.30.Final.jar:/home/user/.m2/repository/io/netty/netty-buffer/4.1.30.Final/netty-buffer-4.1.30.Final.jar:/home/user/.m2/repository/io/netty/netty-transport/4.1.30.Final/netty-transport-4.1.30.Final.jar:/home/user/.m2/repository/io/netty/netty-resolver/4.1.30.Final/netty-resolver-4.1.30.Final.jar:/home/user/.m2/repository/io/netty/netty-transport-native-unix-common/4.1.30.Final/netty-transport-native-unix-common-4.1.30.Final.jar:/home/user/.m2/repository/io/grpc/grpc-protobuf/1.17.1/grpc-protobuf-1.17.1.jar:/home/user/.m2/repository/com/google/api/grpc/proto-google-common-protos/1.0.0/proto-google-common-protos-1.0.0.jar:/home/user/.m2/repository/io/grpc/grpc-protobuf-lite/1.17.1/grpc-protobuf-lite-1.17.1.jar:/home/user/.m2/repository/io/grpc/grpc-stub/1.17.1/grpc-stub-1.17.1.jar:/home/user/.m2/repository/org/apache/hadoop/hadoop-ozone-recon/0.5.0-SNAPSHOT/hadoop-ozone-recon-0.5.0-SNAPSHOT.jar:/home/user/.m2/repository/org/apache/hadoop/hadoop-ozone-reconcodegen/0.5.0-SNAPSHOT/hadoop-ozone-reconcodegen-0.5.0-SNAPSHOT.jar:/home/user/.m2/repository/com/google/inject/extensions/guice-multibindings/4.0/guice-multibindings-4.0.jar:/home/user/.m2/repository/com/google/inject/guice/4.0/guice-4.0.jar:/home/user/.m2/repository/aopalliance/aopalliance/1.0/aopalliance-1.0.jar:/home/user/.m2/repository/com/google/inject/extensions/guice-servlet/4.0/guice-servlet-4.0.jar:/home/user/.m2/repository/org/glassfish/jersey/containers/jersey-container-servlet/2.27/jersey-container-servlet-2.27.jar:/home/user/.m2/repository/org/glassfish/hk2/guice-bridge/2.5.0/guice-bridge-2.5.0.jar:/home/user/.m2/repository/org/glassfish/jersey/core/jersey-server/2.27/jersey-server-2.27.jar:/home/user/.m2/repository/org/glassfish/jersey/core/jersey-client/2.27/jersey-client-2.27.jar:/home/user/.m2/repository/org/glassfish/jersey/media/jersey-media-jaxb/2.27/jersey-media-jaxb-2.27.jar:/home/user/.m2/repository/javax/validation/validation-api/1.1.0.Final/validation-api-1.1.0.Final.jar:/home/user/.m2/repository/org/glassfish/jersey/media/jersey-media-json-jackson/2.27/jersey-media-json-jackson-2.27.jar:/home/user/.m2/repository/org/glassfish/jersey/ext/jersey-entity-filtering/2.27/jersey-entity-filtering-2.27.jar:/home/user/.m2/repository/com/google/inject/extensions/guice-assistedinject/4.0/guice-assistedinject-4.0.jar:/home/user/.m2/repository/org/jooq/jooq/3.11.10/jooq-3.11.10.jar:/home/user/.m2/repository/org/jooq/jooq-meta/3.11.10/jooq-meta-3.11.10.jar:/home/user/.m2/repository/org/jooq/jooq-codegen/3.11.10/jooq-codegen-3.11.10.jar:/home/user/.m2/repository/com/jolbox/bonecp/0.8.0.RELEASE/bonecp-0.8.0.RELEASE.jar:/home/user/.m2/repository/org/xerial/sqlite-jdbc/3.25.2/sqlite-jdbc-3.25.2.jar:/home/user/.m2/repository/org/springframework/spring-jdbc/5.1.3.RELEASE/spring-jdbc-5.1.3.RELEASE.jar:/home/user/.m2/repository/org/springframework/spring-beans/5.1.3.RELEASE/spring-beans-5.1.3.RELEASE.jar:/home/user/.m2/repository/org/springframework/spring-core/5.1.3.RELEASE/spring-core-5.1.3.RELEASE.jar:/home/user/.m2/repository/org/springframework/spring-jcl/5.1.3.RELEASE/spring-jcl-5.1.3.RELEASE.jar:/home/user/.m2/repository/org/springframework/spring-tx/5.1.3.RELEASE/spring-tx-5.1.3.RELEASE.jar:/home/user/.m2/repository/org/apache/hadoop/hadoop-ozone-client/0.5.0-SNAPSHOT/hadoop-ozone-client-0.5.0-SNAPSHOT.jar:/home/user/.m2/repository/commons-lang/commons-lang/2.6/commons-lang-2.6.jar:/home/user/.m2/repository/org/apache/hadoop/hadoop-ozone-ozone-manager/0.5.0-SNAPSHOT/hadoop-ozone-ozone-manager-0.5.0-SNAPSHOT-tests.jar:/home/user/.m2/repository/junit/junit/4.11/junit-4.11.jar:/home/user/.m2/repository/org/hamcrest/hamcrest-core/1.3/hamcrest-core-1.3.jar:/home/user/.m2/repository/org/openjdk/jmh/jmh-core/1.19/jmh-core-1.19.jar:/home/user/.m2/repository/net/sf/jopt-simple/jopt-simple/4.6/jopt-simple-4.6.jar:/home/user/.m2/repository/org/apache/commons/commons-math3/3.1.1/commons-math3-3.1.1.jar:/home/user/.m2/repository/org/openjdk/jmh/jmh-generator-annprocess/1.19/jmh-generator-annprocess-1.19.jar:/home/user/.m2/repository/org/mockito/mockito-all/1.8.5/mockito-all-1.8.5.jar:/home/user/.m2/repository/org/apache/hadoop/hadoop-kms/3.2.0/hadoop-kms-3.2.0.jar:/home/user/.m2/repository/org/apache/hadoop/hadoop-auth/3.2.0/hadoop-auth-3.2.0.jar:/home/user/.m2/repository/com/nimbusds/nimbus-jose-jwt/4.41.1/nimbus-jose-jwt-4.41.1.jar:/home/user/.m2/repository/com/github/stephenc/jcip/jcip-annotations/1.0-1/jcip-annotations-1.0-1.jar:/home/user/.m2/repository/net/minidev/json-smart/2.3/json-smart-2.3.jar:/home/user/.m2/repository/net/minidev/accessors-smart/1.2/accessors-smart-1.2.jar:/home/user/.m2/repository/org/ow2/asm/asm/5.0.4/asm-5.0.4.jar:/home/user/.m2/repository/org/apache/curator/curator-framework/2.12.0/curator-framework-2.12.0.jar:/home/user/.m2/repository/com/sun/jersey/jersey-core/1.19/jersey-core-1.19.jar:/home/user/.m2/repository/javax/ws/rs/jsr311-api/1.1.1/jsr311-api-1.1.1.jar:/home/user/.m2/repository/com/sun/jersey/jersey-server/1.19/jersey-server-1.19.jar:/home/user/.m2/repository/javax/servlet/javax.servlet-api/3.1.0/javax.servlet-api-3.1.0.jar:/home/user/.m2/repository/org/eclipse/jetty/jetty-server/9.3.24.v20180605/jetty-server-9.3.24.v20180605.jar:/home/user/.m2/repository/org/eclipse/jetty/jetty-http/9.3.24.v20180605/jetty-http-9.3.24.v20180605.jar:/home/user/.m2/repository/org/eclipse/jetty/jetty-io/9.3.24.v20180605/jetty-io-9.3.24.v20180605.jar:/home/user/.m2/repository/org/eclipse/jetty/jetty-webapp/9.3.24.v20180605/jetty-webapp-9.3.24.v20180605.jar:/home/user/.m2/repository/org/eclipse/jetty/jetty-xml/9.3.24.v20180605/jetty-xml-9.3.24.v20180605.jar:/home/user/.m2/repository/log4j/log4j/1.2.17/log4j-1.2.17.jar:/home/user/.m2/repository/org/slf4j/slf4j-api/1.7.25/slf4j-api-1.7.25.jar:/home/user/.m2/repository/org/slf4j/jul-to-slf4j/1.7.25/jul-to-slf4j-1.7.25.jar:/home/user/.m2/repository/org/eclipse/jetty/jetty-util/9.3.24.v20180605/jetty-util-9.3.24.v20180605.jar:/home/user/.m2/repository/com/fasterxml/jackson/core/jackson-databind/2.9.5/jackson-databind-2.9.5.jar:/home/user/.m2/repository/org/apache/hadoop/hadoop-kms/3.2.0/hadoop-kms-3.2.0-tests.jar:/home/user/.m2/repository/org/apache/hadoop/hadoop-hdds-server-scm/0.5.0-SNAPSHOT/hadoop-hdds-server-scm-0.5.0-SNAPSHOT-tests.jar:/home/user/.m2/repository/org/apache/hadoop/hadoop-hdds-container-service/0.5.0-SNAPSHOT/hadoop-hdds-container-service-0.5.0-SNAPSHOT-tests.jar:/home/user/.m2/repository/org/yaml/snakeyaml/1.16/snakeyaml-1.16.jar:/home/user/.m2/repository/org/apache/hadoop/hadoop-common/3.2.0/hadoop-common-3.2.0-tests.jar:/home/user/.m2/repository/org/apache/hadoop/hadoop-annotations/3.2.0/hadoop-annotations-3.2.0.jar:/usr/lib/jvm/java-1.8-openjdk/jre/../lib/tools.jar:/home/user/.m2/repository/commons-cli/commons-cli/1.2/commons-cli-1.2.jar:/home/user/.m2/repository/org/apache/httpcomponents/httpclient/4.5.2/httpclient-4.5.2.jar:/home/user/.m2/repository/org/apache/httpcomponents/httpcore/4.4.4/httpcore-4.4.4.jar:/home/user/.m2/repository/commons-codec/commons-codec/1.11/commons-codec-1.11.jar:/home/user/.m2/repository/commons-net/commons-net/3.6/commons-net-3.6.jar:/home/user/.m2/repository/commons-collections/commons-collections/3.2.2/commons-collections-3.2.2.jar:/home/user/.m2/repository/org/eclipse/jetty/jetty-servlet/9.3.24.v20180605/jetty-servlet-9.3.24.v20180605.jar:/home/user/.m2/repository/org/eclipse/jetty/jetty-security/9.3.24.v20180605/jetty-security-9.3.24.v20180605.jar:/home/user/.m2/repository/javax/servlet/jsp/jsp-api/2.1/jsp-api-2.1.jar:/home/user/.m2/repository/com/sun/jersey/jersey-servlet/1.19/jersey-servlet-1.19.jar:/home/user/.m2/repository/com/sun/jersey/jersey-json/1.19/jersey-json-1.19.jar:/home/user/.m2/repository/org/codehaus/jettison/jettison/1.1/jettison-1.1.jar:/home/user/.m2/repository/org/codehaus/jackson/jackson-core-asl/1.9.13/jackson-core-asl-1.9.13.jar:/home/user/.m2/repository/org/codehaus/jackson/jackson-mapper-asl/1.9.13/jackson-mapper-asl-1.9.13.jar:/home/user/.m2/repository/org/codehaus/jackson/jackson-jaxrs/1.9.13/jackson-jaxrs-1.9.13.jar:/home/user/.m2/repository/org/codehaus/jackson/jackson-xc/1.9.13/jackson-xc-1.9.13.jar:/home/user/.m2/repository/commons-logging/commons-logging/1.1.3/commons-logging-1.1.3.jar:/home/user/.m2/repository/commons-beanutils/commons-beanutils/1.9.3/commons-beanutils-1.9.3.jar:/home/user/.m2/repository/org/apache/commons/commons-configuration2/2.1.1/commons-configuration2-2.1.1.jar:/home/user/.m2/repository/org/apache/commons/commons-lang3/3.7/commons-lang3-3.7.jar:/home/user/.m2/repository/org/apache/commons/commons-text/1.4/commons-text-1.4.jar:/home/user/.m2/repository/org/apache/avro/avro/1.7.7/avro-1.7.7.jar:/home/user/.m2/repository/com/thoughtworks/paranamer/paranamer/2.3/paranamer-2.3.jar:/home/user/.m2/repository/org/xerial/snappy/snappy-java/1.0.5/snappy-java-1.0.5.jar:/home/user/.m2/repository/com/google/re2j/re2j/1.1/re2j-1.1.jar:/home/user/.m2/repository/com/google/code/gson/gson/2.2.4/gson-2.2.4.jar:/home/user/.m2/repository/com/jcraft/jsch/0.1.54/jsch-0.1.54.jar:/home/user/.m2/repository/org/apache/curator/curator-client/2.12.0/curator-client-2.12.0.jar:/home/user/.m2/repository/org/apache/curator/curator-recipes/2.12.0/curator-recipes-2.12.0.jar:/home/user/.m2/repository/com/google/code/findbugs/jsr305/3.0.0/jsr305-3.0.0.jar:/home/user/.m2/repository/org/apache/htrace/htrace-core4/4.1.0-incubating/htrace-core4-4.1.0-incubating.jar:/home/user/.m2/repository/org/apache/zookeeper/zookeeper/3.4.13/zookeeper-3.4.13.jar:/home/user/.m2/repository/org/apache/yetus/audience-annotations/0.5.0/audience-annotations-0.5.0.jar:/home/user/.m2/repository/org/codehaus/woodstox/stax2-api/3.1.4/stax2-api-3.1.4.jar:/home/user/.m2/repository/com/fasterxml/woodstox/woodstox-core/5.0.3/woodstox-core-5.0.3.jar:/home/user/.m2/repository/dnsjava/dnsjava/2.1.7/dnsjava-2.1.7.jar:/home/user/.m2/repository/org/apache/hadoop/hadoop-hdfs/3.2.0/hadoop-hdfs-3.2.0-tests.jar:/home/user/.m2/repository/org/eclipse/jetty/jetty-util-ajax/9.3.24.v20180605/jetty-util-ajax-9.3.24.v20180605.jar:/home/user/.m2/repository/commons-daemon/commons-daemon/1.0.13/commons-daemon-1.0.13.jar:/home/user/.m2/repository/io/netty/netty/3.10.5.Final/netty-3.10.5.Final.jar:/home/user/.m2/repository/io/netty/netty-all/4.0.52.Final/netty-all-4.0.52.Final.jar:/home/user/.m2/repository/org/fusesource/leveldbjni/leveldbjni-all/1.8/leveldbjni-all-1.8.jar:"/>
    <property name="java.vm.vendor" value="IcedTea"/>
    <property name="sun.arch.data.model" value="64"/>
    <property name="test.build.dir" value="/workdir/hadoop-ozone/integration-test/target/test-dir"/>
    <property name="test.cache.data" value=""/>
    <property name="java.vendor.url" value="https://icedtea.classpath.org"/>
    <property name="user.timezone" value=""/>
    <property name="java.vm.specification.version" value="1.8"/>
    <property name="os.name" value="Linux"/>
    <property name="test.build.data" value="/workdir/hadoop-ozone/integration-test/target/test-dir"/>
    <property name="user.country" value="US"/>
    <property name="sun.java.launcher" value="SUN_STANDARD"/>
    <property name="sun.boot.library.path" value="/usr/lib/jvm/java-1.8-openjdk/jre/lib/amd64"/>
    <property name="sun.java.command" value="/workdir/hadoop-ozone/integration-test/target/surefire/surefirebooter931689881959807959.jar /workdir/hadoop-ozone/integration-test/target/surefire 2019-08-24T06-09-11_237-jvmRun1 surefire7119742660425679028tmp surefire_485024292795167347834tmp"/>
    <property name="test" value="!TestMiniChaosOzoneCluster"/>
    <property name="surefire.test.class.path" value="/workdir/hadoop-ozone/integration-test/target/test-classes:/workdir/hadoop-ozone/integration-test/target/classes:/home/user/.m2/repository/org/apache/hadoop/hadoop-ozone-common/0.5.0-SNAPSHOT/hadoop-ozone-common-0.5.0-SNAPSHOT.jar:/home/user/.m2/repository/org/apache/commons/commons-compress/1.4.1/commons-compress-1.4.1.jar:/home/user/.m2/repository/org/tukaani/xz/1.0/xz-1.0.jar:/home/user/.m2/repository/org/apache/hadoop/hadoop-common/3.2.0/hadoop-common-3.2.0.jar:/home/user/.m2/repository/org/apache/hadoop/hadoop-hdfs/3.2.0/hadoop-hdfs-3.2.0.jar:/home/user/.m2/repository/org/apache/hadoop/hadoop-hdfs-client/3.2.0/hadoop-hdfs-client-3.2.0.jar:/home/user/.m2/repository/com/fasterxml/jackson/core/jackson-annotations/2.9.5/jackson-annotations-2.9.5.jar:/home/user/.m2/repository/org/apache/hadoop/hadoop-hdds-common/0.5.0-SNAPSHOT/hadoop-hdds-common-0.5.0-SNAPSHOT.jar:/home/user/.m2/repository/javax/annotation/javax.annotation-api/1.2/javax.annotation-api-1.2.jar:/home/user/.m2/repository/org/apache/ratis/ratis-server/0.4.0-2337318-SNAPSHOT/ratis-server-0.4.0-2337318-SNAPSHOT.jar:/home/user/.m2/repository/org/apache/ratis/ratis-thirdparty-misc/0.2.0/ratis-thirdparty-misc-0.2.0.jar:/home/user/.m2/repository/org/apache/ratis/ratis-proto/0.4.0-2337318-SNAPSHOT/ratis-proto-0.4.0-2337318-SNAPSHOT.jar:/home/user/.m2/repository/org/apache/ratis/ratis-common/0.4.0-2337318-SNAPSHOT/ratis-common-0.4.0-2337318-SNAPSHOT.jar:/home/user/.m2/repository/org/apache/ratis/ratis-client/0.4.0-2337318-SNAPSHOT/ratis-client-0.4.0-2337318-SNAPSHOT.jar:/home/user/.m2/repository/org/apache/ratis/ratis-metrics/0.4.0-2337318-SNAPSHOT/ratis-metrics-0.4.0-2337318-SNAPSHOT.jar:/home/user/.m2/repository/org/apache/ratis/ratis-netty/0.4.0-2337318-SNAPSHOT/ratis-netty-0.4.0-2337318-SNAPSHOT.jar:/home/user/.m2/repository/org/apache/ratis/ratis-grpc/0.4.0-2337318-SNAPSHOT/ratis-grpc-0.4.0-2337318-SNAPSHOT.jar:/home/user/.m2/repository/org/rocksdb/rocksdbjni/6.0.1/rocksdbjni-6.0.1.jar:/home/user/.m2/repository/org/apache/logging/log4j/log4j-api/2.11.0/log4j-api-2.11.0.jar:/home/user/.m2/repository/org/apache/logging/log4j/log4j-core/2.11.0/log4j-core-2.11.0.jar:/home/user/.m2/repository/com/lmax/disruptor/3.4.2/disruptor-3.4.2.jar:/home/user/.m2/repository/org/apache/commons/commons-pool2/2.6.0/commons-pool2-2.6.0.jar:/home/user/.m2/repository/org/bouncycastle/bcpkix-jdk15on/1.60/bcpkix-jdk15on-1.60.jar:/home/user/.m2/repository/commons-validator/commons-validator/1.6/commons-validator-1.6.jar:/home/user/.m2/repository/commons-digester/commons-digester/1.8.1/commons-digester-1.8.1.jar:/home/user/.m2/repository/io/jaegertracing/jaeger-client/0.33.1/jaeger-client-0.33.1.jar:/home/user/.m2/repository/io/jaegertracing/jaeger-thrift/0.33.1/jaeger-thrift-0.33.1.jar:/home/user/.m2/repository/org/apache/thrift/libthrift/0.11.0/libthrift-0.11.0.jar:/home/user/.m2/repository/com/squareup/okhttp3/okhttp/3.9.0/okhttp-3.9.0.jar:/home/user/.m2/repository/com/squareup/okio/okio/1.13.0/okio-1.13.0.jar:/home/user/.m2/repository/io/jaegertracing/jaeger-core/0.33.1/jaeger-core-0.33.1.jar:/home/user/.m2/repository/io/jaegertracing/jaeger-tracerresolver/0.33.1/jaeger-tracerresolver-0.33.1.jar:/home/user/.m2/repository/io/opentracing/contrib/opentracing-tracerresolver/0.1.5/opentracing-tracerresolver-0.1.5.jar:/home/user/.m2/repository/io/opentracing/opentracing-util/0.31.0/opentracing-util-0.31.0.jar:/home/user/.m2/repository/io/opentracing/opentracing-api/0.31.0/opentracing-api-0.31.0.jar:/home/user/.m2/repository/io/opentracing/opentracing-noop/0.31.0/opentracing-noop-0.31.0.jar:/home/user/.m2/repository/org/apache/hadoop/hadoop-hdds-server-framework/0.5.0-SNAPSHOT/hadoop-hdds-server-framework-0.5.0-SNAPSHOT.jar:/home/user/.m2/repository/org/apache/hadoop/hadoop-hdds-container-service/0.5.0-SNAPSHOT/hadoop-hdds-container-service-0.5.0-SNAPSHOT.jar:/home/user/.m2/repository/org/apache/hadoop/hadoop-hdds-client/0.5.0-SNAPSHOT/hadoop-hdds-client-0.5.0-SNAPSHOT.jar:/home/user/.m2/repository/org/apache/hadoop/hadoop-hdds-tools/0.5.0-SNAPSHOT/hadoop-hdds-tools-0.5.0-SNAPSHOT.jar:/home/user/.m2/repository/org/apache/hadoop/hadoop-hdds-server-scm/0.5.0-SNAPSHOT/hadoop-hdds-server-scm-0.5.0-SNAPSHOT.jar:/home/user/.m2/repository/org/apache/hadoop/hadoop-hdds-docs/0.5.0-SNAPSHOT/hadoop-hdds-docs-0.5.0-SNAPSHOT.jar:/home/user/.m2/repository/io/dropwizard/metrics/metrics-core/3.2.4/metrics-core-3.2.4.jar:/home/user/.m2/repository/org/hamcrest/hamcrest-all/1.3/hamcrest-all-1.3.jar:/home/user/.m2/repository/org/bouncycastle/bcprov-jdk15on/1.60/bcprov-jdk15on-1.60.jar:/home/user/.m2/repository/info/picocli/picocli/3.9.6/picocli-3.9.6.jar:/home/user/.m2/repository/com/google/protobuf/protobuf-java/2.5.0/protobuf-java-2.5.0.jar:/home/user/.m2/repository/com/google/guava/guava/11.0.2/guava-11.0.2.jar:/home/user/.m2/repository/org/apache/hadoop/hadoop-ozone-ozone-manager/0.5.0-SNAPSHOT/hadoop-ozone-ozone-manager-0.5.0-SNAPSHOT.jar:/home/user/.m2/repository/org/apache/hadoop/hadoop-minikdc/3.2.0/hadoop-minikdc-3.2.0.jar:/home/user/.m2/repository/commons-io/commons-io/2.5/commons-io-2.5.jar:/home/user/.m2/repository/org/apache/kerby/kerb-simplekdc/1.0.1/kerb-simplekdc-1.0.1.jar:/home/user/.m2/repository/org/apache/kerby/kerb-client/1.0.1/kerb-client-1.0.1.jar:/home/user/.m2/repository/org/apache/kerby/kerby-config/1.0.1/kerby-config-1.0.1.jar:/home/user/.m2/repository/org/apache/kerby/kerb-core/1.0.1/kerb-core-1.0.1.jar:/home/user/.m2/repository/org/apache/kerby/kerby-pkix/1.0.1/kerby-pkix-1.0.1.jar:/home/user/.m2/repository/org/apache/kerby/kerby-asn1/1.0.1/kerby-asn1-1.0.1.jar:/home/user/.m2/repository/org/apache/kerby/kerby-util/1.0.1/kerby-util-1.0.1.jar:/home/user/.m2/repository/org/apache/kerby/kerb-common/1.0.1/kerb-common-1.0.1.jar:/home/user/.m2/repository/org/apache/kerby/kerb-crypto/1.0.1/kerb-crypto-1.0.1.jar:/home/user/.m2/repository/org/apache/kerby/kerb-util/1.0.1/kerb-util-1.0.1.jar:/home/user/.m2/repository/org/apache/kerby/token-provider/1.0.1/token-provider-1.0.1.jar:/home/user/.m2/repository/org/apache/kerby/kerb-admin/1.0.1/kerb-admin-1.0.1.jar:/home/user/.m2/repository/org/apache/kerby/kerb-server/1.0.1/kerb-server-1.0.1.jar:/home/user/.m2/repository/org/apache/kerby/kerb-identity/1.0.1/kerb-identity-1.0.1.jar:/home/user/.m2/repository/org/apache/kerby/kerby-xdr/1.0.1/kerby-xdr-1.0.1.jar:/home/user/.m2/repository/org/slf4j/slf4j-log4j12/1.7.25/slf4j-log4j12-1.7.25.jar:/home/user/.m2/repository/org/apache/hadoop/hadoop-ozone-objectstore-service/0.5.0-SNAPSHOT/hadoop-ozone-objectstore-service-0.5.0-SNAPSHOT.jar:/home/user/.m2/repository/org/apache/hadoop/hadoop-ozone-s3gateway/0.5.0-SNAPSHOT/hadoop-ozone-s3gateway-0.5.0-SNAPSHOT.jar:/home/user/.m2/repository/org/jboss/weld/servlet/weld-servlet/2.4.7.Final/weld-servlet-2.4.7.Final.jar:/home/user/.m2/repository/org/glassfish/jersey/containers/jersey-container-servlet-core/2.27/jersey-container-servlet-core-2.27.jar:/home/user/.m2/repository/org/glassfish/hk2/external/javax.inject/2.5.0-b42/javax.inject-2.5.0-b42.jar:/home/user/.m2/repository/org/glassfish/jersey/core/jersey-common/2.27/jersey-common-2.27.jar:/home/user/.m2/repository/org/glassfish/hk2/osgi-resource-locator/1.0.1/osgi-resource-locator-1.0.1.jar:/home/user/.m2/repository/javax/ws/rs/javax.ws.rs-api/2.1/javax.ws.rs-api-2.1.jar:/home/user/.m2/repository/org/glassfish/jersey/ext/cdi/jersey-cdi1x/2.27/jersey-cdi1x-2.27.jar:/home/user/.m2/repository/org/glassfish/jersey/inject/jersey-hk2/2.27/jersey-hk2-2.27.jar:/home/user/.m2/repository/org/glassfish/hk2/hk2-locator/2.5.0-b42/hk2-locator-2.5.0-b42.jar:/home/user/.m2/repository/org/javassist/javassist/3.22.0-CR2/javassist-3.22.0-CR2.jar:/home/user/.m2/repository/org/glassfish/hk2/hk2-api/2.5.0/hk2-api-2.5.0.jar:/home/user/.m2/repository/org/glassfish/hk2/external/jakarta.inject/2.5.0/jakarta.inject-2.5.0.jar:/home/user/.m2/repository/org/glassfish/hk2/hk2-utils/2.5.0/hk2-utils-2.5.0.jar:/home/user/.m2/repository/jakarta/annotation/jakarta.annotation-api/1.3.4/jakarta.annotation-api-1.3.4.jar:/home/user/.m2/repository/org/glassfish/hk2/external/aopalliance-repackaged/2.5.0/aopalliance-repackaged-2.5.0.jar:/home/user/.m2/repository/com/fasterxml/jackson/dataformat/jackson-dataformat-xml/2.9.0/jackson-dataformat-xml-2.9.0.jar:/home/user/.m2/repository/com/fasterxml/jackson/core/jackson-core/2.9.5/jackson-core-2.9.5.jar:/home/user/.m2/repository/com/fasterxml/jackson/module/jackson-module-jaxb-annotations/2.9.5/jackson-module-jaxb-annotations-2.9.5.jar:/home/user/.m2/repository/javax/enterprise/cdi-api/1.2/cdi-api-1.2.jar:/home/user/.m2/repository/javax/el/javax.el-api/3.0.0/javax.el-api-3.0.0.jar:/home/user/.m2/repository/javax/interceptor/javax.interceptor-api/1.2/javax.interceptor-api-1.2.jar:/home/user/.m2/repository/javax/inject/javax.inject/1/javax.inject-1.jar:/home/user/.m2/repository/com/sun/xml/bind/jaxb-impl/2.3.0.1/jaxb-impl-2.3.0.1.jar:/home/user/.m2/repository/com/sun/xml/bind/jaxb-core/2.3.0.1/jaxb-core-2.3.0.1.jar:/home/user/.m2/repository/javax/xml/bind/jaxb-api/2.3.0/jaxb-api-2.3.0.jar:/home/user/.m2/repository/javax/activation/activation/1.1.1/activation-1.1.1.jar:/home/user/.m2/repository/org/apache/hadoop/hadoop-ozone-csi/0.5.0-SNAPSHOT/hadoop-ozone-csi-0.5.0-SNAPSHOT.jar:/home/user/.m2/repository/com/google/protobuf/protobuf-java-util/3.5.1/protobuf-java-util-3.5.1.jar:/home/user/.m2/repository/org/apache/hadoop/hadoop-hdds-config/0.5.0-SNAPSHOT/hadoop-hdds-config-0.5.0-SNAPSHOT.jar:/home/user/.m2/repository/io/grpc/grpc-netty/1.17.1/grpc-netty-1.17.1.jar:/home/user/.m2/repository/io/grpc/grpc-core/1.17.1/grpc-core-1.17.1.jar:/home/user/.m2/repository/io/grpc/grpc-context/1.17.1/grpc-context-1.17.1.jar:/home/user/.m2/repository/com/google/errorprone/error_prone_annotations/2.2.0/error_prone_annotations-2.2.0.jar:/home/user/.m2/repository/org/codehaus/mojo/animal-sniffer-annotations/1.17/animal-sniffer-annotations-1.17.jar:/home/user/.m2/repository/io/opencensus/opencensus-api/0.17.0/opencensus-api-0.17.0.jar:/home/user/.m2/repository/io/opencensus/opencensus-contrib-grpc-metrics/0.17.0/opencensus-contrib-grpc-metrics-0.17.0.jar:/home/user/.m2/repository/io/netty/netty-codec-http2/4.1.30.Final/netty-codec-http2-4.1.30.Final.jar:/home/user/.m2/repository/io/netty/netty-codec-http/4.1.30.Final/netty-codec-http-4.1.30.Final.jar:/home/user/.m2/repository/io/netty/netty-codec/4.1.30.Final/netty-codec-4.1.30.Final.jar:/home/user/.m2/repository/io/netty/netty-handler/4.1.30.Final/netty-handler-4.1.30.Final.jar:/home/user/.m2/repository/io/netty/netty-handler-proxy/4.1.30.Final/netty-handler-proxy-4.1.30.Final.jar:/home/user/.m2/repository/io/netty/netty-codec-socks/4.1.30.Final/netty-codec-socks-4.1.30.Final.jar:/home/user/.m2/repository/io/netty/netty-transport-native-epoll/4.1.30.Final/netty-transport-native-epoll-4.1.30.Final.jar:/home/user/.m2/repository/io/netty/netty-common/4.1.30.Final/netty-common-4.1.30.Final.jar:/home/user/.m2/repository/io/netty/netty-buffer/4.1.30.Final/netty-buffer-4.1.30.Final.jar:/home/user/.m2/repository/io/netty/netty-transport/4.1.30.Final/netty-transport-4.1.30.Final.jar:/home/user/.m2/repository/io/netty/netty-resolver/4.1.30.Final/netty-resolver-4.1.30.Final.jar:/home/user/.m2/repository/io/netty/netty-transport-native-unix-common/4.1.30.Final/netty-transport-native-unix-common-4.1.30.Final.jar:/home/user/.m2/repository/io/grpc/grpc-protobuf/1.17.1/grpc-protobuf-1.17.1.jar:/home/user/.m2/repository/com/google/api/grpc/proto-google-common-protos/1.0.0/proto-google-common-protos-1.0.0.jar:/home/user/.m2/repository/io/grpc/grpc-protobuf-lite/1.17.1/grpc-protobuf-lite-1.17.1.jar:/home/user/.m2/repository/io/grpc/grpc-stub/1.17.1/grpc-stub-1.17.1.jar:/home/user/.m2/repository/org/apache/hadoop/hadoop-ozone-recon/0.5.0-SNAPSHOT/hadoop-ozone-recon-0.5.0-SNAPSHOT.jar:/home/user/.m2/repository/org/apache/hadoop/hadoop-ozone-reconcodegen/0.5.0-SNAPSHOT/hadoop-ozone-reconcodegen-0.5.0-SNAPSHOT.jar:/home/user/.m2/repository/com/google/inject/extensions/guice-multibindings/4.0/guice-multibindings-4.0.jar:/home/user/.m2/repository/com/google/inject/guice/4.0/guice-4.0.jar:/home/user/.m2/repository/aopalliance/aopalliance/1.0/aopalliance-1.0.jar:/home/user/.m2/repository/com/google/inject/extensions/guice-servlet/4.0/guice-servlet-4.0.jar:/home/user/.m2/repository/org/glassfish/jersey/containers/jersey-container-servlet/2.27/jersey-container-servlet-2.27.jar:/home/user/.m2/repository/org/glassfish/hk2/guice-bridge/2.5.0/guice-bridge-2.5.0.jar:/home/user/.m2/repository/org/glassfish/jersey/core/jersey-server/2.27/jersey-server-2.27.jar:/home/user/.m2/repository/org/glassfish/jersey/core/jersey-client/2.27/jersey-client-2.27.jar:/home/user/.m2/repository/org/glassfish/jersey/media/jersey-media-jaxb/2.27/jersey-media-jaxb-2.27.jar:/home/user/.m2/repository/javax/validation/validation-api/1.1.0.Final/validation-api-1.1.0.Final.jar:/home/user/.m2/repository/org/glassfish/jersey/media/jersey-media-json-jackson/2.27/jersey-media-json-jackson-2.27.jar:/home/user/.m2/repository/org/glassfish/jersey/ext/jersey-entity-filtering/2.27/jersey-entity-filtering-2.27.jar:/home/user/.m2/repository/com/google/inject/extensions/guice-assistedinject/4.0/guice-assistedinject-4.0.jar:/home/user/.m2/repository/org/jooq/jooq/3.11.10/jooq-3.11.10.jar:/home/user/.m2/repository/org/jooq/jooq-meta/3.11.10/jooq-meta-3.11.10.jar:/home/user/.m2/repository/org/jooq/jooq-codegen/3.11.10/jooq-codegen-3.11.10.jar:/home/user/.m2/repository/com/jolbox/bonecp/0.8.0.RELEASE/bonecp-0.8.0.RELEASE.jar:/home/user/.m2/repository/org/xerial/sqlite-jdbc/3.25.2/sqlite-jdbc-3.25.2.jar:/home/user/.m2/repository/org/springframework/spring-jdbc/5.1.3.RELEASE/spring-jdbc-5.1.3.RELEASE.jar:/home/user/.m2/repository/org/springframework/spring-beans/5.1.3.RELEASE/spring-beans-5.1.3.RELEASE.jar:/home/user/.m2/repository/org/springframework/spring-core/5.1.3.RELEASE/spring-core-5.1.3.RELEASE.jar:/home/user/.m2/repository/org/springframework/spring-jcl/5.1.3.RELEASE/spring-jcl-5.1.3.RELEASE.jar:/home/user/.m2/repository/org/springframework/spring-tx/5.1.3.RELEASE/spring-tx-5.1.3.RELEASE.jar:/home/user/.m2/repository/org/apache/hadoop/hadoop-ozone-client/0.5.0-SNAPSHOT/hadoop-ozone-client-0.5.0-SNAPSHOT.jar:/home/user/.m2/repository/commons-lang/commons-lang/2.6/commons-lang-2.6.jar:/home/user/.m2/repository/org/apache/hadoop/hadoop-ozone-ozone-manager/0.5.0-SNAPSHOT/hadoop-ozone-ozone-manager-0.5.0-SNAPSHOT-tests.jar:/home/user/.m2/repository/junit/junit/4.11/junit-4.11.jar:/home/user/.m2/repository/org/hamcrest/hamcrest-core/1.3/hamcrest-core-1.3.jar:/home/user/.m2/repository/org/openjdk/jmh/jmh-core/1.19/jmh-core-1.19.jar:/home/user/.m2/repository/net/sf/jopt-simple/jopt-simple/4.6/jopt-simple-4.6.jar:/home/user/.m2/repository/org/apache/commons/commons-math3/3.1.1/commons-math3-3.1.1.jar:/home/user/.m2/repository/org/openjdk/jmh/jmh-generator-annprocess/1.19/jmh-generator-annprocess-1.19.jar:/home/user/.m2/repository/org/mockito/mockito-all/1.8.5/mockito-all-1.8.5.jar:/home/user/.m2/repository/org/apache/hadoop/hadoop-kms/3.2.0/hadoop-kms-3.2.0.jar:/home/user/.m2/repository/org/apache/hadoop/hadoop-auth/3.2.0/hadoop-auth-3.2.0.jar:/home/user/.m2/repository/com/nimbusds/nimbus-jose-jwt/4.41.1/nimbus-jose-jwt-4.41.1.jar:/home/user/.m2/repository/com/github/stephenc/jcip/jcip-annotations/1.0-1/jcip-annotations-1.0-1.jar:/home/user/.m2/repository/net/minidev/json-smart/2.3/json-smart-2.3.jar:/home/user/.m2/repository/net/minidev/accessors-smart/1.2/accessors-smart-1.2.jar:/home/user/.m2/repository/org/ow2/asm/asm/5.0.4/asm-5.0.4.jar:/home/user/.m2/repository/org/apache/curator/curator-framework/2.12.0/curator-framework-2.12.0.jar:/home/user/.m2/repository/com/sun/jersey/jersey-core/1.19/jersey-core-1.19.jar:/home/user/.m2/repository/javax/ws/rs/jsr311-api/1.1.1/jsr311-api-1.1.1.jar:/home/user/.m2/repository/com/sun/jersey/jersey-server/1.19/jersey-server-1.19.jar:/home/user/.m2/repository/javax/servlet/javax.servlet-api/3.1.0/javax.servlet-api-3.1.0.jar:/home/user/.m2/repository/org/eclipse/jetty/jetty-server/9.3.24.v20180605/jetty-server-9.3.24.v20180605.jar:/home/user/.m2/repository/org/eclipse/jetty/jetty-http/9.3.24.v20180605/jetty-http-9.3.24.v20180605.jar:/home/user/.m2/repository/org/eclipse/jetty/jetty-io/9.3.24.v20180605/jetty-io-9.3.24.v20180605.jar:/home/user/.m2/repository/org/eclipse/jetty/jetty-webapp/9.3.24.v20180605/jetty-webapp-9.3.24.v20180605.jar:/home/user/.m2/repository/org/eclipse/jetty/jetty-xml/9.3.24.v20180605/jetty-xml-9.3.24.v20180605.jar:/home/user/.m2/repository/log4j/log4j/1.2.17/log4j-1.2.17.jar:/home/user/.m2/repository/org/slf4j/slf4j-api/1.7.25/slf4j-api-1.7.25.jar:/home/user/.m2/repository/org/slf4j/jul-to-slf4j/1.7.25/jul-to-slf4j-1.7.25.jar:/home/user/.m2/repository/org/eclipse/jetty/jetty-util/9.3.24.v20180605/jetty-util-9.3.24.v20180605.jar:/home/user/.m2/repository/com/fasterxml/jackson/core/jackson-databind/2.9.5/jackson-databind-2.9.5.jar:/home/user/.m2/repository/org/apache/hadoop/hadoop-kms/3.2.0/hadoop-kms-3.2.0-tests.jar:/home/user/.m2/repository/org/apache/hadoop/hadoop-hdds-server-scm/0.5.0-SNAPSHOT/hadoop-hdds-server-scm-0.5.0-SNAPSHOT-tests.jar:/home/user/.m2/repository/org/apache/hadoop/hadoop-hdds-container-service/0.5.0-SNAPSHOT/hadoop-hdds-container-service-0.5.0-SNAPSHOT-tests.jar:/home/user/.m2/repository/org/yaml/snakeyaml/1.16/snakeyaml-1.16.jar:/home/user/.m2/repository/org/apache/hadoop/hadoop-common/3.2.0/hadoop-common-3.2.0-tests.jar:/home/user/.m2/repository/org/apache/hadoop/hadoop-annotations/3.2.0/hadoop-annotations-3.2.0.jar:/usr/lib/jvm/java-1.8-openjdk/jre/../lib/tools.jar:/home/user/.m2/repository/commons-cli/commons-cli/1.2/commons-cli-1.2.jar:/home/user/.m2/repository/org/apache/httpcomponents/httpclient/4.5.2/httpclient-4.5.2.jar:/home/user/.m2/repository/org/apache/httpcomponents/httpcore/4.4.4/httpcore-4.4.4.jar:/home/user/.m2/repository/commons-codec/commons-codec/1.11/commons-codec-1.11.jar:/home/user/.m2/repository/commons-net/commons-net/3.6/commons-net-3.6.jar:/home/user/.m2/repository/commons-collections/commons-collections/3.2.2/commons-collections-3.2.2.jar:/home/user/.m2/repository/org/eclipse/jetty/jetty-servlet/9.3.24.v20180605/jetty-servlet-9.3.24.v20180605.jar:/home/user/.m2/repository/org/eclipse/jetty/jetty-security/9.3.24.v20180605/jetty-security-9.3.24.v20180605.jar:/home/user/.m2/repository/javax/servlet/jsp/jsp-api/2.1/jsp-api-2.1.jar:/home/user/.m2/repository/com/sun/jersey/jersey-servlet/1.19/jersey-servlet-1.19.jar:/home/user/.m2/repository/com/sun/jersey/jersey-json/1.19/jersey-json-1.19.jar:/home/user/.m2/repository/org/codehaus/jettison/jettison/1.1/jettison-1.1.jar:/home/user/.m2/repository/org/codehaus/jackson/jackson-core-asl/1.9.13/jackson-core-asl-1.9.13.jar:/home/user/.m2/repository/org/codehaus/jackson/jackson-mapper-asl/1.9.13/jackson-mapper-asl-1.9.13.jar:/home/user/.m2/repository/org/codehaus/jackson/jackson-jaxrs/1.9.13/jackson-jaxrs-1.9.13.jar:/home/user/.m2/repository/org/codehaus/jackson/jackson-xc/1.9.13/jackson-xc-1.9.13.jar:/home/user/.m2/repository/commons-logging/commons-logging/1.1.3/commons-logging-1.1.3.jar:/home/user/.m2/repository/commons-beanutils/commons-beanutils/1.9.3/commons-beanutils-1.9.3.jar:/home/user/.m2/repository/org/apache/commons/commons-configuration2/2.1.1/commons-configuration2-2.1.1.jar:/home/user/.m2/repository/org/apache/commons/commons-lang3/3.7/commons-lang3-3.7.jar:/home/user/.m2/repository/org/apache/commons/commons-text/1.4/commons-text-1.4.jar:/home/user/.m2/repository/org/apache/avro/avro/1.7.7/avro-1.7.7.jar:/home/user/.m2/repository/com/thoughtworks/paranamer/paranamer/2.3/paranamer-2.3.jar:/home/user/.m2/repository/org/xerial/snappy/snappy-java/1.0.5/snappy-java-1.0.5.jar:/home/user/.m2/repository/com/google/re2j/re2j/1.1/re2j-1.1.jar:/home/user/.m2/repository/com/google/code/gson/gson/2.2.4/gson-2.2.4.jar:/home/user/.m2/repository/com/jcraft/jsch/0.1.54/jsch-0.1.54.jar:/home/user/.m2/repository/org/apache/curator/curator-client/2.12.0/curator-client-2.12.0.jar:/home/user/.m2/repository/org/apache/curator/curator-recipes/2.12.0/curator-recipes-2.12.0.jar:/home/user/.m2/repository/com/google/code/findbugs/jsr305/3.0.0/jsr305-3.0.0.jar:/home/user/.m2/repository/org/apache/htrace/htrace-core4/4.1.0-incubating/htrace-core4-4.1.0-incubating.jar:/home/user/.m2/repository/org/apache/zookeeper/zookeeper/3.4.13/zookeeper-3.4.13.jar:/home/user/.m2/repository/org/apache/yetus/audience-annotations/0.5.0/audience-annotations-0.5.0.jar:/home/user/.m2/repository/org/codehaus/woodstox/stax2-api/3.1.4/stax2-api-3.1.4.jar:/home/user/.m2/repository/com/fasterxml/woodstox/woodstox-core/5.0.3/woodstox-core-5.0.3.jar:/home/user/.m2/repository/dnsjava/dnsjava/2.1.7/dnsjava-2.1.7.jar:/home/user/.m2/repository/org/apache/hadoop/hadoop-hdfs/3.2.0/hadoop-hdfs-3.2.0-tests.jar:/home/user/.m2/repository/org/eclipse/jetty/jetty-util-ajax/9.3.24.v20180605/jetty-util-ajax-9.3.24.v20180605.jar:/home/user/.m2/repository/commons-daemon/commons-daemon/1.0.13/commons-daemon-1.0.13.jar:/home/user/.m2/repository/io/netty/netty/3.10.5.Final/netty-3.10.5.Final.jar:/home/user/.m2/repository/io/netty/netty-all/4.0.52.Final/netty-all-4.0.52.Final.jar:/home/user/.m2/repository/org/fusesource/leveldbjni/leveldbjni-all/1.8/leveldbjni-all-1.8.jar:"/>
    <property name="sun.cpu.endian" value="little"/>
    <property name="user.home" value="/home/user"/>
    <property name="user.language" value="en"/>
    <property name="java.specification.vendor" value="Oracle Corporation"/>
    <property name="java.home" value="/usr/lib/jvm/java-1.8-openjdk/jre"/>
    <property name="java.security.krb5.conf" value="/workdir/hadoop-ozone/integration-test/target/test-classes/krb5.conf"/>
    <property name="basedir" value="/workdir/hadoop-ozone/integration-test"/>
    <property name="file.separator" value="/"/>
    <property name="line.separator" value="&#10;"/>
    <property name="java.vm.specification.vendor" value="Oracle Corporation"/>
    <property name="java.specification.name" value="Java Platform API Specification"/>
    <property name="java.awt.graphicsenv" value="sun.awt.X11GraphicsEnvironment"/>
    <property name="surefire.real.class.path" value="/workdir/hadoop-ozone/integration-test/target/surefire/surefirebooter931689881959807959.jar"/>
    <property name="hadoop.log.dir" value="/workdir/hadoop-ozone/integration-test/target/log"/>
    <property name="sun.boot.class.path" value="/usr/lib/jvm/java-1.8-openjdk/jre/lib/resources.jar:/usr/lib/jvm/java-1.8-openjdk/jre/lib/rt.jar:/usr/lib/jvm/java-1.8-openjdk/jre/lib/sunrsasign.jar:/usr/lib/jvm/java-1.8-openjdk/jre/lib/jsse.jar:/usr/lib/jvm/java-1.8-openjdk/jre/lib/jce.jar:/usr/lib/jvm/java-1.8-openjdk/jre/lib/charsets.jar:/usr/lib/jvm/java-1.8-openjdk/jre/lib/jfr.jar:/usr/lib/jvm/java-1.8-openjdk/jre/classes"/>
    <property name="sun.management.compiler" value="HotSpot 64-Bit Tiered Compilers"/>
    <property name="java.runtime.version" value="1.8.0_212-b04"/>
    <property name="java.net.preferIPv4Stack" value="true"/>
    <property name="user.name" value="jenkins1000"/>
    <property name="path.separator" value=":"/>
    <property name="java.security.egd" value="file:///dev/urandom"/>
    <property name="os.version" value="3.10.0-957.12.2.el7.x86_64"/>
    <property name="java.endorsed.dirs" value="/usr/lib/jvm/java-1.8-openjdk/jre/lib/endorsed"/>
    <property name="java.runtime.name" value="OpenJDK Runtime Environment"/>
    <property name="file.encoding" value="UTF-8"/>
    <property name="java.vm.name" value="OpenJDK 64-Bit Server VM"/>
    <property name="test.build.webapps" value=""/>
    <property name="localRepository" value="/home/user/.m2/repository"/>
    <property name="java.vendor.url.bug" value="https://icedtea.classpath.org/bugzilla"/>
    <property name="java.io.tmpdir" value="/tmp"/>
    <property name="require.test.libhadoop" value=""/>
    <property name="java.version" value="1.8.0_212"/>
    <property name="user.dir" value="/workdir/hadoop-ozone/integration-test"/>
    <property name="os.arch" value="amd64"/>
    <property name="java.vm.specification.name" value="Java Virtual Machine Specification"/>
    <property name="test.build.classes" value="/workdir/hadoop-ozone/integration-test/target/test-classes"/>
    <property name="java.awt.printerjob" value="sun.print.PSPrinterJob"/>
    <property name="sun.os.patch.level" value="unknown"/>
    <property name="hadoop.tmp.dir" value="/workdir/hadoop-ozone/integration-test/target/tmp"/>
    <property name="java.library.path" value="/usr/lib/jvm/java-1.8-openjdk/jre/lib/amd64/server:/usr/lib/jvm/java-1.8-openjdk/jre/lib/amd64:/usr/lib/jvm/java-1.8-openjdk/jre/../lib/amd64:/workdir/hadoop-ozone/integration-test/target/native/target/usr/local/lib:/workdir/hadoop-ozone/integration-test/../../hadoop-common-project/hadoop-common/target/native/target/usr/local/lib:/usr/java/packages/lib/amd64:/usr/lib64:/lib64:/lib:/usr/lib"/>
    <property name="java.vm.info" value="mixed mode"/>
    <property name="java.vendor" value="IcedTea"/>
    <property name="java.vm.version" value="25.212-b04"/>
    <property name="java.ext.dirs" value="/usr/lib/jvm/java-1.8-openjdk/jre/lib/ext:/usr/java/packages/lib/ext"/>
    <property name="sun.io.unicode.encoding" value="UnicodeLittle"/>
    <property name="java.class.version" value="52.0"/>
  </properties>
  <testcase name="test2DatanodesFailure" classname="org.apache.hadoop.ozone.client.rpc.TestBlockOutputStreamWithFailures" time="106.853"/>
  <testcase name="testDatanodeFailureWithPreAllocation" classname="org.apache.hadoop.ozone.client.rpc.TestBlockOutputStreamWithFailures" time="225.682"/>
  <testcase name="testDatanodeFailureWithSingleNodeRatis" classname="org.apache.hadoop.ozone.client.rpc.TestBlockOutputStreamWithFailures" time="226.41"/>
  <testcase name="testWatchForCommitWithSingleNodeRatis" classname="org.apache.hadoop.ozone.client.rpc.TestBlockOutputStreamWithFailures" time="34.429"/>
  <testcase name="testWatchForCommitDatanodeFailure" classname="org.apache.hadoop.ozone.client.rpc.TestBlockOutputStreamWithFailures" time="43.64">
    <failure message="expected:&lt;2&gt; but was:&lt;3&gt;" type="java.lang.AssertionError"><![CDATA[java.lang.AssertionError: expected:<2> but was:<3>
	at org.junit.Assert.fail(Assert.java:88)
	at org.junit.Assert.failNotEquals(Assert.java:743)
	at org.junit.Assert.assertEquals(Assert.java:118)
	at org.junit.Assert.assertEquals(Assert.java:555)
	at org.junit.Assert.assertEquals(Assert.java:542)
	at org.apache.hadoop.ozone.client.rpc.TestBlockOutputStreamWithFailures.testWatchForCommitDatanodeFailure(TestBlockOutputStreamWithFailures.java:366)
	at sun.reflect.NativeMethodAccessorImpl.invoke0(Native Method)
	at sun.reflect.NativeMethodAccessorImpl.invoke(NativeMethodAccessorImpl.java:62)
	at sun.reflect.DelegatingMethodAccessorImpl.invoke(DelegatingMethodAccessorImpl.java:43)
	at java.lang.reflect.Method.invoke(Method.java:498)
	at org.junit.runners.model.FrameworkMethod$1.runReflectiveCall(FrameworkMethod.java:47)
	at org.junit.internal.runners.model.ReflectiveCallable.run(ReflectiveCallable.java:12)
	at org.junit.runners.model.FrameworkMethod.invokeExplosively(FrameworkMethod.java:44)
	at org.junit.internal.runners.statements.InvokeMethod.evaluate(InvokeMethod.java:17)
	at org.junit.internal.runners.statements.RunBefores.evaluate(RunBefores.java:26)
	at org.junit.internal.runners.statements.RunAfters.evaluate(RunAfters.java:27)
	at org.junit.runners.ParentRunner.runLeaf(ParentRunner.java:271)
	at org.junit.runners.BlockJUnit4ClassRunner.runChild(BlockJUnit4ClassRunner.java:70)
	at org.junit.runners.BlockJUnit4ClassRunner.runChild(BlockJUnit4ClassRunner.java:50)
	at org.junit.runners.ParentRunner$3.run(ParentRunner.java:238)
	at org.junit.runners.ParentRunner$1.schedule(ParentRunner.java:63)
	at org.junit.runners.ParentRunner.runChildren(ParentRunner.java:236)
	at org.junit.runners.ParentRunner.access$000(ParentRunner.java:53)
	at org.junit.runners.ParentRunner$2.evaluate(ParentRunner.java:229)
	at org.junit.runners.ParentRunner.run(ParentRunner.java:309)
	at org.apache.maven.surefire.junit4.JUnit4Provider.execute(JUnit4Provider.java:365)
	at org.apache.maven.surefire.junit4.JUnit4Provider.executeWithRerun(JUnit4Provider.java:273)
	at org.apache.maven.surefire.junit4.JUnit4Provider.executeTestSet(JUnit4Provider.java:238)
	at org.apache.maven.surefire.junit4.JUnit4Provider.invoke(JUnit4Provider.java:159)
	at org.apache.maven.surefire.booter.ForkedBooter.invokeProviderInSameClassLoader(ForkedBooter.java:384)
	at org.apache.maven.surefire.booter.ForkedBooter.runSuitesInProcess(ForkedBooter.java:345)
	at org.apache.maven.surefire.booter.ForkedBooter.execute(ForkedBooter.java:126)
	at org.apache.maven.surefire.booter.ForkedBooter.main(ForkedBooter.java:418)
]]></failure>
    <system-out><![CDATA[2019-08-24 06:44:09,948 [main] WARN  server.ServerUtils (ServerUtils.java:getScmDbDir(145)) - ozone.scm.db.dirs is not configured. We recommend adding this setting. Falling back to ozone.metadata.dirs instead.
2019-08-24 06:44:09,973 [main] WARN  server.ServerUtils (ServerUtils.java:getScmDbDir(145)) - ozone.scm.db.dirs is not configured. We recommend adding this setting. Falling back to ozone.metadata.dirs instead.
2019-08-24 06:44:09,974 [main] WARN  server.ServerUtils (ServerUtils.java:getScmDbDir(145)) - ozone.scm.db.dirs is not configured. We recommend adding this setting. Falling back to ozone.metadata.dirs instead.
2019-08-24 06:44:09,975 [main] INFO  db.DBStoreBuilder (DBStoreBuilder.java:addTable(110)) - using custom profile for table: deletedBlocks
2019-08-24 06:44:09,975 [main] INFO  db.DBStoreBuilder (DBStoreBuilder.java:processTables(161)) - Using default column profile:DBProfile.DISK for Table:deletedBlocks
2019-08-24 06:44:09,975 [main] INFO  db.DBStoreBuilder (DBStoreBuilder.java:addTable(110)) - using custom profile for table: validCerts
2019-08-24 06:44:09,976 [main] INFO  db.DBStoreBuilder (DBStoreBuilder.java:processTables(161)) - Using default column profile:DBProfile.DISK for Table:validCerts
2019-08-24 06:44:09,976 [main] INFO  db.DBStoreBuilder (DBStoreBuilder.java:addTable(110)) - using custom profile for table: revokedCerts
2019-08-24 06:44:09,976 [main] INFO  db.DBStoreBuilder (DBStoreBuilder.java:processTables(161)) - Using default column profile:DBProfile.DISK for Table:revokedCerts
2019-08-24 06:44:09,976 [main] INFO  db.DBStoreBuilder (DBStoreBuilder.java:addTable(110)) - using custom profile for table: default
2019-08-24 06:44:09,977 [main] INFO  db.DBStoreBuilder (DBStoreBuilder.java:processTables(167)) - Using default column profile:DBProfile.DISK for Table:default
2019-08-24 06:44:09,977 [main] INFO  db.DBStoreBuilder (DBStoreBuilder.java:getDbProfile(198)) - Using default options. DBProfile.DISK
2019-08-24 06:44:10,142 [main] INFO  net.NodeSchemaLoader (NodeSchemaLoader.java:loadSchemaFromFile(125)) - Loading file from sun.misc.CompoundEnumeration@3956df0a
2019-08-24 06:44:10,142 [main] INFO  net.NodeSchemaLoader (NodeSchemaLoader.java:loadSchema(171)) - Loading network topology layer schema file
2019-08-24 06:44:10,148 [main] INFO  node.SCMNodeManager (SCMNodeManager.java:<init>(121)) - Entering startup safe mode.
2019-08-24 06:44:10,149 [main] INFO  algorithms.ContainerPlacementPolicyFactory (ContainerPlacementPolicyFactory.java:getPolicy(55)) - Create container placement policy of type org.apache.hadoop.hdds.scm.container.placement.algorithms.SCMContainerPlacementRandom
2019-08-24 06:44:10,149 [main] WARN  server.ServerUtils (ServerUtils.java:getScmDbDir(145)) - ozone.scm.db.dirs is not configured. We recommend adding this setting. Falling back to ozone.metadata.dirs instead.
2019-08-24 06:44:10,195 [main] INFO  pipeline.SCMPipelineManager (SCMPipelineManager.java:initializePipelineState(126)) - No pipeline exists in current db
2019-08-24 06:44:10,196 [main] WARN  server.ServerUtils (ServerUtils.java:getScmDbDir(145)) - ozone.scm.db.dirs is not configured. We recommend adding this setting. Falling back to ozone.metadata.dirs instead.
2019-08-24 06:44:10,253 [main] WARN  events.EventQueue (EventQueue.java:fireEvent(175)) - No event handler registered for event TypedEvent{payloadType=SafeModeStatus, name='SafeModeStatus'}
2019-08-24 06:44:10,254 [main] INFO  ipc.CallQueueManager (CallQueueManager.java:<init>(84)) - Using callQueue: class java.util.concurrent.LinkedBlockingQueue, queueCapacity: 2000, scheduler: class org.apache.hadoop.ipc.DefaultRpcScheduler, ipcBackoff: false.
2019-08-24 06:44:10,255 [Socket Reader #1 for port 45027] INFO  ipc.Server (Server.java:run(1074)) - Starting Socket Reader #1 for port 45027
2019-08-24 06:44:10,257 [main] INFO  ipc.CallQueueManager (CallQueueManager.java:<init>(84)) - Using callQueue: class java.util.concurrent.LinkedBlockingQueue, queueCapacity: 2000, scheduler: class org.apache.hadoop.ipc.DefaultRpcScheduler, ipcBackoff: false.
2019-08-24 06:44:10,258 [Socket Reader #1 for port 41826] INFO  ipc.Server (Server.java:run(1074)) - Starting Socket Reader #1 for port 41826
2019-08-24 06:44:10,260 [main] INFO  ipc.CallQueueManager (CallQueueManager.java:<init>(84)) - Using callQueue: class java.util.concurrent.LinkedBlockingQueue, queueCapacity: 2000, scheduler: class org.apache.hadoop.ipc.DefaultRpcScheduler, ipcBackoff: false.
2019-08-24 06:44:10,260 [Socket Reader #1 for port 39582] INFO  ipc.Server (Server.java:run(1074)) - Starting Socket Reader #1 for port 39582
2019-08-24 06:44:10,263 [main] INFO  hdfs.DFSUtil (DFSUtil.java:httpServerTemplateForNNAndJN(1641)) - Starting Web-server for scm at: http://0.0.0.0:0
2019-08-24 06:44:10,266 [main] INFO  server.AuthenticationFilter (AuthenticationFilter.java:constructSecretProvider(240)) - Unable to initialize FileSignerSecretProvider, falling back to use random secrets.
2019-08-24 06:44:10,267 [main] WARN  http.HttpRequestLog (HttpRequestLog.java:getRequestLog(97)) - Jetty request log can only be enabled using Log4j
2019-08-24 06:44:10,269 [main] INFO  http.HttpServer2 (HttpServer2.java:addGlobalFilter(975)) - Added global filter 'safety' (class=org.apache.hadoop.http.HttpServer2$QuotingInputFilter)
2019-08-24 06:44:10,270 [main] INFO  http.HttpServer2 (HttpServer2.java:addFilter(948)) - Added filter static_user_filter (class=org.apache.hadoop.http.lib.StaticUserWebFilter$StaticUserFilter) to context scm
2019-08-24 06:44:10,270 [main] INFO  http.HttpServer2 (HttpServer2.java:addFilter(958)) - Added filter static_user_filter (class=org.apache.hadoop.http.lib.StaticUserWebFilter$StaticUserFilter) to context logs
2019-08-24 06:44:10,270 [main] INFO  http.HttpServer2 (HttpServer2.java:addFilter(958)) - Added filter static_user_filter (class=org.apache.hadoop.http.lib.StaticUserWebFilter$StaticUserFilter) to context static
2019-08-24 06:44:10,272 [main] INFO  server.StorageContainerManager (StorageContainerManager.java:start(759)) - StorageContainerLocationProtocol RPC server is listening at /0.0.0.0:39582
2019-08-24 06:44:10,275 [main] WARN  impl.MetricsConfig (MetricsConfig.java:loadFirst(134)) - Cannot locate configuration: tried hadoop-metrics2-storagecontainermanager.properties,hadoop-metrics2.properties
2019-08-24 06:44:10,277 [main] INFO  impl.MetricsSystemImpl (MetricsSystemImpl.java:startTimer(374)) - Scheduled Metric snapshot period at 10 second(s).
2019-08-24 06:44:10,277 [main] INFO  impl.MetricsSystemImpl (MetricsSystemImpl.java:start(191)) - StorageContainerManager metrics system started
2019-08-24 06:44:10,358 [main] INFO  server.SCMClientProtocolServer (SCMClientProtocolServer.java:start(151)) - RPC server for Client  is listening at /0.0.0.0:39582
2019-08-24 06:44:10,358 [IPC Server Responder] INFO  ipc.Server (Server.java:run(1314)) - IPC Server Responder: starting
2019-08-24 06:44:10,358 [IPC Server listener on 39582] INFO  ipc.Server (Server.java:run(1153)) - IPC Server listener on 39582: starting
2019-08-24 06:44:10,363 [main] INFO  server.StorageContainerManager (StorageContainerManager.java:start(769)) - ScmBlockLocationProtocol RPC server is listening at /0.0.0.0:41826
2019-08-24 06:44:10,363 [main] INFO  server.SCMBlockProtocolServer (SCMBlockProtocolServer.java:start(140)) - RPC server for Block Protocol is listening at /0.0.0.0:41826
2019-08-24 06:44:10,363 [IPC Server Responder] INFO  ipc.Server (Server.java:run(1314)) - IPC Server Responder: starting
2019-08-24 06:44:10,363 [IPC Server listener on 41826] INFO  ipc.Server (Server.java:run(1153)) - IPC Server listener on 41826: starting
2019-08-24 06:44:10,367 [main] INFO  server.StorageContainerManager (StorageContainerManager.java:start(773)) - ScmDatanodeProtocl RPC server is listening at /0.0.0.0:45027
2019-08-24 06:44:10,367 [main] INFO  server.SCMDatanodeProtocolServer (SCMDatanodeProtocolServer.java:start(191)) - RPC server for DataNodes is listening at /0.0.0.0:45027
2019-08-24 06:44:10,368 [IPC Server Responder] INFO  ipc.Server (Server.java:run(1314)) - IPC Server Responder: starting
2019-08-24 06:44:10,368 [IPC Server listener on 45027] INFO  ipc.Server (Server.java:run(1153)) - IPC Server listener on 45027: starting
2019-08-24 06:44:10,372 [main] INFO  http.HttpServer2 (HttpServer2.java:bindListener(1191)) - Jetty bound to port 40609
2019-08-24 06:44:10,372 [main] INFO  server.Server (Server.java:doStart(351)) - jetty-9.3.24.v20180605, build timestamp: 2018-06-05T17:11:56Z, git hash: 84205aa28f11a4f31f2a3b86d1bba2cc8ab69827
2019-08-24 06:44:10,374 [main] INFO  handler.ContextHandler (ContextHandler.java:doStart(781)) - Started o.e.j.s.ServletContextHandler@38320819{/logs,file:///workdir/hadoop-ozone/integration-test/target/log,AVAILABLE}
2019-08-24 06:44:10,374 [main] INFO  handler.ContextHandler (ContextHandler.java:doStart(781)) - Started o.e.j.s.ServletContextHandler@cec1ce2{/static,file:///workdir/hadoop-ozone/integration-test/target/test-classes/webapps/static,AVAILABLE}
2019-08-24 06:44:10,379 [main] INFO  handler.ContextHandler (ContextHandler.java:doStart(781)) - Started o.e.j.w.WebAppContext@15f3f9cf{/,file:///workdir/hadoop-ozone/integration-test/target/test-classes/webapps/scm/,AVAILABLE}{/scm}
2019-08-24 06:44:10,379 [main] INFO  server.AbstractConnector (AbstractConnector.java:doStart(278)) - Started ServerConnector@7b8d1537{HTTP/1.1,[http/1.1]}{0.0.0.0:40609}
2019-08-24 06:44:10,380 [main] INFO  server.Server (Server.java:doStart(419)) - Started @594412ms
2019-08-24 06:44:10,381 [main] INFO  server.BaseHttpServer (BaseHttpServer.java:updateConnectorAddress(213)) - HTTP server of SCM is listening at http://0.0.0.0:40609
2019-08-24 06:44:10,381 [main] WARN  server.ServerUtils (ServerUtils.java:getDBPath(222)) - ozone.om.db.dirs is not configured. We recommend adding this setting. Falling back to ozone.metadata.dirs instead.
2019-08-24 06:44:10,382 [org.apache.hadoop.util.JvmPauseMonitor$Monitor@530aa75c] INFO  util.JvmPauseMonitor (JvmPauseMonitor.java:run(188)) - Starting JVM pause monitor
2019-08-24 06:44:10,395 [main] WARN  server.ServerUtils (ServerUtils.java:getDBPath(222)) - ozone.om.db.dirs is not configured. We recommend adding this setting. Falling back to ozone.metadata.dirs instead.
2019-08-24 06:44:10,395 [main] WARN  server.ServerUtils (ServerUtils.java:getDBPath(222)) - ozone.om.db.dirs is not configured. We recommend adding this setting. Falling back to ozone.metadata.dirs instead.
2019-08-24 06:44:10,395 [main] INFO  om.OzoneManager (OzoneManager.java:setOMNodeDetails(648)) - OM Service ID is not set. Setting it to the default ID: omServiceIdDefault
2019-08-24 06:44:10,395 [main] INFO  om.OzoneManager (OzoneManager.java:setOMNodeDetails(654)) - OM Node ID is not set. Setting it to the OmStorage's OmID: c8feab99-d46d-4d7b-a75e-e25194bfb8f9
2019-08-24 06:44:10,396 [main] INFO  om.OzoneManager (OzoneManager.java:loadOMHAConfigs(605)) - Found matching OM address with OMServiceId: null, OMNodeId: null, RPC Address: localhost:0 and Ratis port: 9872
2019-08-24 06:44:10,400 | INFO  | SCMAudit | user=jenkins1000 | ip=192.168.34.51 | op=GET_SCM_INFO null | ret=SUCCESS |  
2019-08-24 06:44:10,402 [main] WARN  server.ServerUtils (ServerUtils.java:getDBPath(222)) - ozone.om.db.dirs is not configured. We recommend adding this setting. Falling back to ozone.metadata.dirs instead.
2019-08-24 06:44:10,403 [main] INFO  db.DBStoreBuilder (DBStoreBuilder.java:addTable(110)) - using custom profile for table: userTable
2019-08-24 06:44:10,403 [main] INFO  db.DBStoreBuilder (DBStoreBuilder.java:processTables(161)) - Using default column profile:DBProfile.DISK for Table:userTable
2019-08-24 06:44:10,403 [main] INFO  db.DBStoreBuilder (DBStoreBuilder.java:addTable(110)) - using custom profile for table: volumeTable
2019-08-24 06:44:10,403 [main] INFO  db.DBStoreBuilder (DBStoreBuilder.java:processTables(161)) - Using default column profile:DBProfile.DISK for Table:volumeTable
2019-08-24 06:44:10,403 [main] INFO  db.DBStoreBuilder (DBStoreBuilder.java:addTable(110)) - using custom profile for table: bucketTable
2019-08-24 06:44:10,403 [main] INFO  db.DBStoreBuilder (DBStoreBuilder.java:processTables(161)) - Using default column profile:DBProfile.DISK for Table:bucketTable
2019-08-24 06:44:10,404 [main] INFO  db.DBStoreBuilder (DBStoreBuilder.java:addTable(110)) - using custom profile for table: keyTable
2019-08-24 06:44:10,404 [main] INFO  db.DBStoreBuilder (DBStoreBuilder.java:processTables(161)) - Using default column profile:DBProfile.DISK for Table:keyTable
2019-08-24 06:44:10,404 [main] INFO  db.DBStoreBuilder (DBStoreBuilder.java:addTable(110)) - using custom profile for table: deletedTable
2019-08-24 06:44:10,404 [main] INFO  db.DBStoreBuilder (DBStoreBuilder.java:processTables(161)) - Using default column profile:DBProfile.DISK for Table:deletedTable
2019-08-24 06:44:10,404 [main] INFO  db.DBStoreBuilder (DBStoreBuilder.java:addTable(110)) - using custom profile for table: openKeyTable
2019-08-24 06:44:10,404 [main] INFO  db.DBStoreBuilder (DBStoreBuilder.java:processTables(161)) - Using default column profile:DBProfile.DISK for Table:openKeyTable
2019-08-24 06:44:10,405 [main] INFO  db.DBStoreBuilder (DBStoreBuilder.java:addTable(110)) - using custom profile for table: s3Table
2019-08-24 06:44:10,405 [main] INFO  db.DBStoreBuilder (DBStoreBuilder.java:processTables(161)) - Using default column profile:DBProfile.DISK for Table:s3Table
2019-08-24 06:44:10,405 [main] INFO  db.DBStoreBuilder (DBStoreBuilder.java:addTable(110)) - using custom profile for table: multipartInfoTable
2019-08-24 06:44:10,405 [main] INFO  db.DBStoreBuilder (DBStoreBuilder.java:processTables(161)) - Using default column profile:DBProfile.DISK for Table:multipartInfoTable
2019-08-24 06:44:10,405 [main] INFO  db.DBStoreBuilder (DBStoreBuilder.java:addTable(110)) - using custom profile for table: dTokenTable
2019-08-24 06:44:10,405 [main] INFO  db.DBStoreBuilder (DBStoreBuilder.java:processTables(161)) - Using default column profile:DBProfile.DISK for Table:dTokenTable
2019-08-24 06:44:10,406 [main] INFO  db.DBStoreBuilder (DBStoreBuilder.java:addTable(110)) - using custom profile for table: s3SecretTable
2019-08-24 06:44:10,406 [main] INFO  db.DBStoreBuilder (DBStoreBuilder.java:processTables(161)) - Using default column profile:DBProfile.DISK for Table:s3SecretTable
2019-08-24 06:44:10,406 [main] INFO  db.DBStoreBuilder (DBStoreBuilder.java:addTable(110)) - using custom profile for table: prefixTable
2019-08-24 06:44:10,406 [main] INFO  db.DBStoreBuilder (DBStoreBuilder.java:processTables(161)) - Using default column profile:DBProfile.DISK for Table:prefixTable
2019-08-24 06:44:10,406 [main] INFO  db.DBStoreBuilder (DBStoreBuilder.java:addTable(110)) - using custom profile for table: default
2019-08-24 06:44:10,406 [main] INFO  db.DBStoreBuilder (DBStoreBuilder.java:processTables(167)) - Using default column profile:DBProfile.DISK for Table:default
2019-08-24 06:44:10,407 [main] INFO  db.DBStoreBuilder (DBStoreBuilder.java:getDbProfile(198)) - Using default options. DBProfile.DISK
2019-08-24 06:44:10,951 [main] INFO  ipc.CallQueueManager (CallQueueManager.java:<init>(84)) - Using callQueue: class java.util.concurrent.LinkedBlockingQueue, queueCapacity: 2000, scheduler: class org.apache.hadoop.ipc.DefaultRpcScheduler, ipcBackoff: false.
2019-08-24 06:44:10,953 [Socket Reader #1 for port 44564] INFO  ipc.Server (Server.java:run(1074)) - Starting Socket Reader #1 for port 44564
2019-08-24 06:44:10,971 [main] INFO  om.OzoneManager (OzoneManager.java:start(1259)) - OzoneManager RPC server is listening at localhost/127.0.0.1:44564
2019-08-24 06:44:10,971 [main] INFO  impl.MetricsSystemImpl (MetricsSystemImpl.java:init(158)) - OzoneManager metrics system started (again)
2019-08-24 06:44:10,973 [IPC Server Responder] INFO  ipc.Server (Server.java:run(1314)) - IPC Server Responder: starting
2019-08-24 06:44:10,973 [IPC Server listener on 44564] INFO  ipc.Server (Server.java:run(1153)) - IPC Server listener on 44564: starting
2019-08-24 06:44:10,979 [main] INFO  hdfs.DFSUtil (DFSUtil.java:httpServerTemplateForNNAndJN(1641)) - Starting Web-server for ozoneManager at: http://0.0.0.0:0
2019-08-24 06:44:10,981 [main] INFO  server.AuthenticationFilter (AuthenticationFilter.java:constructSecretProvider(240)) - Unable to initialize FileSignerSecretProvider, falling back to use random secrets.
2019-08-24 06:44:10,982 [main] WARN  http.HttpRequestLog (HttpRequestLog.java:getRequestLog(97)) - Jetty request log can only be enabled using Log4j
2019-08-24 06:44:10,984 [main] INFO  http.HttpServer2 (HttpServer2.java:addGlobalFilter(975)) - Added global filter 'safety' (class=org.apache.hadoop.http.HttpServer2$QuotingInputFilter)
2019-08-24 06:44:10,985 [main] INFO  http.HttpServer2 (HttpServer2.java:addFilter(948)) - Added filter static_user_filter (class=org.apache.hadoop.http.lib.StaticUserWebFilter$StaticUserFilter) to context ozoneManager
2019-08-24 06:44:10,985 [main] INFO  http.HttpServer2 (HttpServer2.java:addFilter(958)) - Added filter static_user_filter (class=org.apache.hadoop.http.lib.StaticUserWebFilter$StaticUserFilter) to context static
2019-08-24 06:44:10,985 [main] INFO  http.HttpServer2 (HttpServer2.java:addFilter(958)) - Added filter static_user_filter (class=org.apache.hadoop.http.lib.StaticUserWebFilter$StaticUserFilter) to context logs
2019-08-24 06:44:10,986 [main] INFO  http.HttpServer2 (HttpServer2.java:bindListener(1191)) - Jetty bound to port 36251
2019-08-24 06:44:10,987 [main] INFO  server.Server (Server.java:doStart(351)) - jetty-9.3.24.v20180605, build timestamp: 2018-06-05T17:11:56Z, git hash: 84205aa28f11a4f31f2a3b86d1bba2cc8ab69827
2019-08-24 06:44:10,989 [main] INFO  handler.ContextHandler (ContextHandler.java:doStart(781)) - Started o.e.j.s.ServletContextHandler@52b2713a{/logs,file:///workdir/hadoop-ozone/integration-test/target/log,AVAILABLE}
2019-08-24 06:44:10,990 [main] INFO  handler.ContextHandler (ContextHandler.java:doStart(781)) - Started o.e.j.s.ServletContextHandler@2bdf6c7c{/static,file:///workdir/hadoop-ozone/integration-test/target/test-classes/webapps/static,AVAILABLE}
2019-08-24 06:44:10,995 [main] INFO  handler.ContextHandler (ContextHandler.java:doStart(781)) - Started o.e.j.w.WebAppContext@6812708d{/,file:///workdir/hadoop-ozone/integration-test/target/test-classes/webapps/ozoneManager/,AVAILABLE}{/ozoneManager}
2019-08-24 06:44:10,996 [main] INFO  server.AbstractConnector (AbstractConnector.java:doStart(278)) - Started ServerConnector@7a4c1a6c{HTTP/1.1,[http/1.1]}{0.0.0.0:36251}
2019-08-24 06:44:10,997 [main] INFO  server.Server (Server.java:doStart(419)) - Started @595029ms
2019-08-24 06:44:10,998 [main] INFO  server.BaseHttpServer (BaseHttpServer.java:updateConnectorAddress(213)) - HTTP server of OZONEMANAGER is listening at http://0.0.0.0:36251
2019-08-24 06:44:11,017 [main] INFO  impl.MetricsSystemImpl (MetricsSystemImpl.java:init(158)) - HddsDatanode metrics system started (again)
2019-08-24 06:44:11,020 [main] INFO  ozone.HddsDatanodeService (HddsDatanodeService.java:start(184)) - HddsDatanodeService host:pr-hdds-1753-tn75t-532954605 ip:192.168.34.51
2019-08-24 06:44:11,032 [main] INFO  volume.HddsVolume (HddsVolume.java:<init>(176)) - Creating Volume: /workdir/hadoop-ozone/integration-test/target/test-dir/MiniOzoneClusterImpl-a8998418-e7b8-46c6-9f95-b9b709c41866/datanode-0/data/containers/hdds of  storage type : DISK and capacity : 1482555576320
2019-08-24 06:44:11,032 [main] INFO  volume.VolumeSet (VolumeSet.java:initializeVolumeSet(170)) - Added Volume : /workdir/hadoop-ozone/integration-test/target/test-dir/MiniOzoneClusterImpl-a8998418-e7b8-46c6-9f95-b9b709c41866/datanode-0/data/containers/hdds to VolumeSet
2019-08-24 06:44:11,033 [main] INFO  volume.ThrottledAsyncChecker (ThrottledAsyncChecker.java:schedule(140)) - Scheduling a check for org.apache.hadoop.ozone.container.common.volume.HddsVolume@11eb8842
2019-08-24 06:44:11,034 [main] INFO  volume.HddsVolumeChecker (HddsVolumeChecker.java:checkAllVolumes(203)) - Scheduled health check for volume org.apache.hadoop.ozone.container.common.volume.HddsVolume@11eb8842
2019-08-24 06:44:11,054 [main] INFO  impl.RaftServerProxy (ConfUtils.java:logGet(43)) - raft.rpc.type = GRPC (default)
2019-08-24 06:44:11,054 [main] INFO  grpc.GrpcFactory (GrpcFactory.java:checkPooledByteBufAllocatorUseCacheForAllThreads(45)) - PERFORMANCE WARNING: useCacheForAllThreads is true that may cause Netty to create a lot garbage objects and, as a result, trigger GC.
	It is recommended to disable useCacheForAllThreads by setting -Dorg.apache.ratis.thirdparty.io.netty.allocator.useCacheForAllThreads=false in command line.
2019-08-24 06:44:11,055 [main] INFO  grpc.GrpcConfigKeys$Server (ConfUtils.java:logGet(43)) - raft.grpc.server.port = 0 (default)
2019-08-24 06:44:11,055 [main] INFO  server.GrpcService (ConfUtils.java:logGet(43)) - raft.grpc.message.size.max = 33570816 (custom)
2019-08-24 06:44:11,055 [main] INFO  server.RaftServerConfigKeys (ConfUtils.java:logGet(43)) - raft.server.log.appender.buffer.byte-limit = 33554432 (custom)
2019-08-24 06:44:11,055 [main] INFO  server.GrpcService (ConfUtils.java:logGet(43)) - raft.grpc.flow.control.window = 1MB (=1048576) (default)
2019-08-24 06:44:11,056 [main] INFO  server.RaftServerConfigKeys (ConfUtils.java:logGet(43)) - raft.server.rpc.request.timeout = 3000ms (default)
2019-08-24 06:44:11,056 [main] INFO  server.RaftServerConfigKeys (ConfUtils.java:logGet(43)) - raft.server.storage.dir = [/workdir/hadoop-ozone/integration-test/target/test-dir/MiniOzoneClusterImpl-a8998418-e7b8-46c6-9f95-b9b709c41866/datanode-0/data/ratis] (custom)
2019-08-24 06:44:11,057 [main] INFO  replication.SimpleContainerDownloader (SimpleContainerDownloader.java:<init>(72)) - Starting container downloader service to copy containers to replicate.
2019-08-24 06:44:11,059 [main] INFO  hdfs.DFSUtil (DFSUtil.java:httpServerTemplateForNNAndJN(1641)) - Starting Web-server for hddsDatanode at: http://0.0.0.0:0
2019-08-24 06:44:11,061 [main] INFO  server.AuthenticationFilter (AuthenticationFilter.java:constructSecretProvider(240)) - Unable to initialize FileSignerSecretProvider, falling back to use random secrets.
2019-08-24 06:44:11,061 [main] WARN  http.HttpRequestLog (HttpRequestLog.java:getRequestLog(97)) - Jetty request log can only be enabled using Log4j
2019-08-24 06:44:11,064 [main] INFO  http.HttpServer2 (HttpServer2.java:addGlobalFilter(975)) - Added global filter 'safety' (class=org.apache.hadoop.http.HttpServer2$QuotingInputFilter)
2019-08-24 06:44:11,064 [main] INFO  http.HttpServer2 (HttpServer2.java:addFilter(948)) - Added filter static_user_filter (class=org.apache.hadoop.http.lib.StaticUserWebFilter$StaticUserFilter) to context hddsDatanode
2019-08-24 06:44:11,065 [main] INFO  http.HttpServer2 (HttpServer2.java:addFilter(958)) - Added filter static_user_filter (class=org.apache.hadoop.http.lib.StaticUserWebFilter$StaticUserFilter) to context static
2019-08-24 06:44:11,065 [main] INFO  http.HttpServer2 (HttpServer2.java:addFilter(958)) - Added filter static_user_filter (class=org.apache.hadoop.http.lib.StaticUserWebFilter$StaticUserFilter) to context logs
2019-08-24 06:44:11,066 [main] INFO  http.HttpServer2 (HttpServer2.java:bindListener(1191)) - Jetty bound to port 41858
2019-08-24 06:44:11,066 [main] INFO  server.Server (Server.java:doStart(351)) - jetty-9.3.24.v20180605, build timestamp: 2018-06-05T17:11:56Z, git hash: 84205aa28f11a4f31f2a3b86d1bba2cc8ab69827
2019-08-24 06:44:11,069 [main] INFO  handler.ContextHandler (ContextHandler.java:doStart(781)) - Started o.e.j.s.ServletContextHandler@57fe6f2d{/logs,file:///workdir/hadoop-ozone/integration-test/target/log,AVAILABLE}
2019-08-24 06:44:11,069 [main] INFO  handler.ContextHandler (ContextHandler.java:doStart(781)) - Started o.e.j.s.ServletContextHandler@6567de86{/static,jar:file:/home/user/.m2/repository/org/apache/hadoop/hadoop-hdds-container-service/0.5.0-SNAPSHOT/hadoop-hdds-container-service-0.5.0-SNAPSHOT.jar!/webapps/static,AVAILABLE}
2019-08-24 06:44:11,112 [main] INFO  handler.ContextHandler (ContextHandler.java:doStart(781)) - Started o.e.j.w.WebAppContext@4ac2b4c6{/,file:///tmp/jetty-0.0.0.0-41858-hddsDatanode-_-any-2974098123331167568.dir/webapp/,AVAILABLE}{/hddsDatanode}
2019-08-24 06:44:11,113 [main] INFO  server.AbstractConnector (AbstractConnector.java:doStart(278)) - Started ServerConnector@326489c4{HTTP/1.1,[http/1.1]}{0.0.0.0:41858}
2019-08-24 06:44:11,114 [main] INFO  server.Server (Server.java:doStart(419)) - Started @595145ms
2019-08-24 06:44:11,115 [main] INFO  server.BaseHttpServer (BaseHttpServer.java:updateConnectorAddress(213)) - HTTP server of HDDSDATANODE is listening at http://0.0.0.0:41858
2019-08-24 06:44:11,255 | INFO  | ObjectStoreRestHttpServer | Listening HDDS REST traffic on /0.0.0.0:35181 |  
2019-08-24 06:44:11,255 [main] INFO  ozone.HddsDatanodeService (HddsDatanodeService.java:startPlugins(395)) - Started plug-in org.apache.hadoop.ozone.web.OzoneHddsDatanodeService@36a59d8
2019-08-24 06:44:11,255 [main] INFO  impl.MetricsSystemImpl (MetricsSystemImpl.java:init(158)) - HddsDatanode metrics system started (again)
2019-08-24 06:44:11,258 [main] INFO  ozone.HddsDatanodeService (HddsDatanodeService.java:start(184)) - HddsDatanodeService host:pr-hdds-1753-tn75t-532954605 ip:192.168.34.51
2019-08-24 06:44:11,258 [org.apache.hadoop.util.JvmPauseMonitor$Monitor@3207ab86] INFO  util.JvmPauseMonitor (JvmPauseMonitor.java:run(188)) - Starting JVM pause monitor
2019-08-24 06:44:11,260 [Datanode State Machine Thread - 0] INFO  datanode.InitDatanodeState (InitDatanodeState.java:persistContainerDatanodeDetails(140)) - DatanodeDetails is persisted to /workdir/hadoop-ozone/integration-test/target/test-dir/MiniOzoneClusterImpl-a8998418-e7b8-46c6-9f95-b9b709c41866/datanode-0/meta/datanode.id
2019-08-24 06:44:11,269 [main] INFO  volume.HddsVolume (HddsVolume.java:<init>(176)) - Creating Volume: /workdir/hadoop-ozone/integration-test/target/test-dir/MiniOzoneClusterImpl-a8998418-e7b8-46c6-9f95-b9b709c41866/datanode-1/data/containers/hdds of  storage type : DISK and capacity : 1482555576320
2019-08-24 06:44:11,269 [main] INFO  volume.VolumeSet (VolumeSet.java:initializeVolumeSet(170)) - Added Volume : /workdir/hadoop-ozone/integration-test/target/test-dir/MiniOzoneClusterImpl-a8998418-e7b8-46c6-9f95-b9b709c41866/datanode-1/data/containers/hdds to VolumeSet
2019-08-24 06:44:11,269 [main] INFO  volume.ThrottledAsyncChecker (ThrottledAsyncChecker.java:schedule(140)) - Scheduling a check for org.apache.hadoop.ozone.container.common.volume.HddsVolume@59c2bf78
2019-08-24 06:44:11,270 [main] INFO  volume.HddsVolumeChecker (HddsVolumeChecker.java:checkAllVolumes(203)) - Scheduled health check for volume org.apache.hadoop.ozone.container.common.volume.HddsVolume@59c2bf78
2019-08-24 06:44:11,283 [main] INFO  impl.RaftServerProxy (ConfUtils.java:logGet(43)) - raft.rpc.type = GRPC (default)
2019-08-24 06:44:11,283 [main] INFO  grpc.GrpcFactory (GrpcFactory.java:checkPooledByteBufAllocatorUseCacheForAllThreads(45)) - PERFORMANCE WARNING: useCacheForAllThreads is true that may cause Netty to create a lot garbage objects and, as a result, trigger GC.
	It is recommended to disable useCacheForAllThreads by setting -Dorg.apache.ratis.thirdparty.io.netty.allocator.useCacheForAllThreads=false in command line.
2019-08-24 06:44:11,283 [main] INFO  grpc.GrpcConfigKeys$Server (ConfUtils.java:logGet(43)) - raft.grpc.server.port = 0 (default)
2019-08-24 06:44:11,283 [main] INFO  server.GrpcService (ConfUtils.java:logGet(43)) - raft.grpc.message.size.max = 33570816 (custom)
2019-08-24 06:44:11,284 [main] INFO  server.RaftServerConfigKeys (ConfUtils.java:logGet(43)) - raft.server.log.appender.buffer.byte-limit = 33554432 (custom)
2019-08-24 06:44:11,284 [main] INFO  server.GrpcService (ConfUtils.java:logGet(43)) - raft.grpc.flow.control.window = 1MB (=1048576) (default)
2019-08-24 06:44:11,284 [main] INFO  server.RaftServerConfigKeys (ConfUtils.java:logGet(43)) - raft.server.rpc.request.timeout = 3000ms (default)
2019-08-24 06:44:11,284 [main] INFO  server.RaftServerConfigKeys (ConfUtils.java:logGet(43)) - raft.server.storage.dir = [/workdir/hadoop-ozone/integration-test/target/test-dir/MiniOzoneClusterImpl-a8998418-e7b8-46c6-9f95-b9b709c41866/datanode-1/data/ratis] (custom)
2019-08-24 06:44:11,285 [main] INFO  replication.SimpleContainerDownloader (SimpleContainerDownloader.java:<init>(72)) - Starting container downloader service to copy containers to replicate.
2019-08-24 06:44:11,286 [main] INFO  hdfs.DFSUtil (DFSUtil.java:httpServerTemplateForNNAndJN(1641)) - Starting Web-server for hddsDatanode at: http://0.0.0.0:0
2019-08-24 06:44:11,287 [main] INFO  server.AuthenticationFilter (AuthenticationFilter.java:constructSecretProvider(240)) - Unable to initialize FileSignerSecretProvider, falling back to use random secrets.
2019-08-24 06:44:11,287 [main] WARN  http.HttpRequestLog (HttpRequestLog.java:getRequestLog(97)) - Jetty request log can only be enabled using Log4j
2019-08-24 06:44:11,288 [main] INFO  http.HttpServer2 (HttpServer2.java:addGlobalFilter(975)) - Added global filter 'safety' (class=org.apache.hadoop.http.HttpServer2$QuotingInputFilter)
2019-08-24 06:44:11,289 [main] INFO  http.HttpServer2 (HttpServer2.java:addFilter(948)) - Added filter static_user_filter (class=org.apache.hadoop.http.lib.StaticUserWebFilter$StaticUserFilter) to context hddsDatanode
2019-08-24 06:44:11,289 [main] INFO  http.HttpServer2 (HttpServer2.java:addFilter(958)) - Added filter static_user_filter (class=org.apache.hadoop.http.lib.StaticUserWebFilter$StaticUserFilter) to context logs
2019-08-24 06:44:11,289 [main] INFO  http.HttpServer2 (HttpServer2.java:addFilter(958)) - Added filter static_user_filter (class=org.apache.hadoop.http.lib.StaticUserWebFilter$StaticUserFilter) to context static
2019-08-24 06:44:11,290 [main] INFO  http.HttpServer2 (HttpServer2.java:bindListener(1191)) - Jetty bound to port 40977
2019-08-24 06:44:11,290 [main] INFO  server.Server (Server.java:doStart(351)) - jetty-9.3.24.v20180605, build timestamp: 2018-06-05T17:11:56Z, git hash: 84205aa28f11a4f31f2a3b86d1bba2cc8ab69827
2019-08-24 06:44:11,291 [main] INFO  handler.ContextHandler (ContextHandler.java:doStart(781)) - Started o.e.j.s.ServletContextHandler@58c48a23{/logs,file:///workdir/hadoop-ozone/integration-test/target/log,AVAILABLE}
2019-08-24 06:44:11,292 [main] INFO  handler.ContextHandler (ContextHandler.java:doStart(781)) - Started o.e.j.s.ServletContextHandler@179e8859{/static,jar:file:/home/user/.m2/repository/org/apache/hadoop/hadoop-hdds-container-service/0.5.0-SNAPSHOT/hadoop-hdds-container-service-0.5.0-SNAPSHOT.jar!/webapps/static,AVAILABLE}
2019-08-24 06:44:11,319 [main] INFO  handler.ContextHandler (ContextHandler.java:doStart(781)) - Started o.e.j.w.WebAppContext@3c5d183{/,file:///tmp/jetty-0.0.0.0-40977-hddsDatanode-_-any-1940462923875995013.dir/webapp/,AVAILABLE}{/hddsDatanode}
2019-08-24 06:44:11,319 [main] INFO  server.AbstractConnector (AbstractConnector.java:doStart(278)) - Started ServerConnector@471b7c9c{HTTP/1.1,[http/1.1]}{0.0.0.0:40977}
2019-08-24 06:44:11,319 [main] INFO  server.Server (Server.java:doStart(419)) - Started @595351ms
2019-08-24 06:44:11,321 [main] INFO  server.BaseHttpServer (BaseHttpServer.java:updateConnectorAddress(213)) - HTTP server of HDDSDATANODE is listening at http://0.0.0.0:40977
2019-08-24 06:44:11,833 | INFO  | ObjectStoreRestHttpServer | Listening HDDS REST traffic on /0.0.0.0:34003 |  
2019-08-24 06:44:11,833 [main] INFO  ozone.HddsDatanodeService (HddsDatanodeService.java:startPlugins(395)) - Started plug-in org.apache.hadoop.ozone.web.OzoneHddsDatanodeService@293988dc
2019-08-24 06:44:11,834 [main] INFO  impl.MetricsSystemImpl (MetricsSystemImpl.java:init(158)) - HddsDatanode metrics system started (again)
2019-08-24 06:44:11,837 [org.apache.hadoop.util.JvmPauseMonitor$Monitor@7dc57328] INFO  util.JvmPauseMonitor (JvmPauseMonitor.java:run(188)) - Starting JVM pause monitor
2019-08-24 06:44:11,837 [main] INFO  ozone.HddsDatanodeService (HddsDatanodeService.java:start(184)) - HddsDatanodeService host:pr-hdds-1753-tn75t-532954605 ip:192.168.34.51
2019-08-24 06:44:11,838 [Datanode State Machine Thread - 0] INFO  datanode.InitDatanodeState (InitDatanodeState.java:persistContainerDatanodeDetails(140)) - DatanodeDetails is persisted to /workdir/hadoop-ozone/integration-test/target/test-dir/MiniOzoneClusterImpl-a8998418-e7b8-46c6-9f95-b9b709c41866/datanode-1/meta/datanode.id
2019-08-24 06:44:11,848 [main] INFO  volume.HddsVolume (HddsVolume.java:<init>(176)) - Creating Volume: /workdir/hadoop-ozone/integration-test/target/test-dir/MiniOzoneClusterImpl-a8998418-e7b8-46c6-9f95-b9b709c41866/datanode-2/data/containers/hdds of  storage type : DISK and capacity : 1482555576320
2019-08-24 06:44:11,848 [main] INFO  volume.VolumeSet (VolumeSet.java:initializeVolumeSet(170)) - Added Volume : /workdir/hadoop-ozone/integration-test/target/test-dir/MiniOzoneClusterImpl-a8998418-e7b8-46c6-9f95-b9b709c41866/datanode-2/data/containers/hdds to VolumeSet
2019-08-24 06:44:11,849 [main] INFO  volume.ThrottledAsyncChecker (ThrottledAsyncChecker.java:schedule(140)) - Scheduling a check for org.apache.hadoop.ozone.container.common.volume.HddsVolume@35fddea2
2019-08-24 06:44:11,849 [main] INFO  volume.HddsVolumeChecker (HddsVolumeChecker.java:checkAllVolumes(203)) - Scheduled health check for volume org.apache.hadoop.ozone.container.common.volume.HddsVolume@35fddea2
2019-08-24 06:44:11,870 [main] INFO  impl.RaftServerProxy (ConfUtils.java:logGet(43)) - raft.rpc.type = GRPC (default)
2019-08-24 06:44:11,871 [main] INFO  grpc.GrpcFactory (GrpcFactory.java:checkPooledByteBufAllocatorUseCacheForAllThreads(45)) - PERFORMANCE WARNING: useCacheForAllThreads is true that may cause Netty to create a lot garbage objects and, as a result, trigger GC.
	It is recommended to disable useCacheForAllThreads by setting -Dorg.apache.ratis.thirdparty.io.netty.allocator.useCacheForAllThreads=false in command line.
2019-08-24 06:44:11,871 [main] INFO  grpc.GrpcConfigKeys$Server (ConfUtils.java:logGet(43)) - raft.grpc.server.port = 0 (default)
2019-08-24 06:44:11,871 [main] INFO  server.GrpcService (ConfUtils.java:logGet(43)) - raft.grpc.message.size.max = 33570816 (custom)
2019-08-24 06:44:11,872 [main] INFO  server.RaftServerConfigKeys (ConfUtils.java:logGet(43)) - raft.server.log.appender.buffer.byte-limit = 33554432 (custom)
2019-08-24 06:44:11,872 [main] INFO  server.GrpcService (ConfUtils.java:logGet(43)) - raft.grpc.flow.control.window = 1MB (=1048576) (default)
2019-08-24 06:44:11,872 [main] INFO  server.RaftServerConfigKeys (ConfUtils.java:logGet(43)) - raft.server.rpc.request.timeout = 3000ms (default)
2019-08-24 06:44:11,873 [main] INFO  server.RaftServerConfigKeys (ConfUtils.java:logGet(43)) - raft.server.storage.dir = [/workdir/hadoop-ozone/integration-test/target/test-dir/MiniOzoneClusterImpl-a8998418-e7b8-46c6-9f95-b9b709c41866/datanode-2/data/ratis] (custom)
2019-08-24 06:44:11,873 [main] INFO  replication.SimpleContainerDownloader (SimpleContainerDownloader.java:<init>(72)) - Starting container downloader service to copy containers to replicate.
2019-08-24 06:44:11,875 [main] INFO  hdfs.DFSUtil (DFSUtil.java:httpServerTemplateForNNAndJN(1641)) - Starting Web-server for hddsDatanode at: http://0.0.0.0:0
2019-08-24 06:44:11,876 [main] INFO  server.AuthenticationFilter (AuthenticationFilter.java:constructSecretProvider(240)) - Unable to initialize FileSignerSecretProvider, falling back to use random secrets.
2019-08-24 06:44:11,877 [main] WARN  http.HttpRequestLog (HttpRequestLog.java:getRequestLog(97)) - Jetty request log can only be enabled using Log4j
2019-08-24 06:44:11,879 [main] INFO  http.HttpServer2 (HttpServer2.java:addGlobalFilter(975)) - Added global filter 'safety' (class=org.apache.hadoop.http.HttpServer2$QuotingInputFilter)
2019-08-24 06:44:11,879 [main] INFO  http.HttpServer2 (HttpServer2.java:addFilter(948)) - Added filter static_user_filter (class=org.apache.hadoop.http.lib.StaticUserWebFilter$StaticUserFilter) to context hddsDatanode
2019-08-24 06:44:11,880 [main] INFO  http.HttpServer2 (HttpServer2.java:addFilter(958)) - Added filter static_user_filter (class=org.apache.hadoop.http.lib.StaticUserWebFilter$StaticUserFilter) to context logs
2019-08-24 06:44:11,880 [main] INFO  http.HttpServer2 (HttpServer2.java:addFilter(958)) - Added filter static_user_filter (class=org.apache.hadoop.http.lib.StaticUserWebFilter$StaticUserFilter) to context static
2019-08-24 06:44:11,881 [main] INFO  http.HttpServer2 (HttpServer2.java:bindListener(1191)) - Jetty bound to port 38153
2019-08-24 06:44:11,881 [main] INFO  server.Server (Server.java:doStart(351)) - jetty-9.3.24.v20180605, build timestamp: 2018-06-05T17:11:56Z, git hash: 84205aa28f11a4f31f2a3b86d1bba2cc8ab69827
2019-08-24 06:44:11,883 [main] INFO  handler.ContextHandler (ContextHandler.java:doStart(781)) - Started o.e.j.s.ServletContextHandler@2eb27091{/logs,file:///workdir/hadoop-ozone/integration-test/target/log,AVAILABLE}
2019-08-24 06:44:11,883 [main] INFO  handler.ContextHandler (ContextHandler.java:doStart(781)) - Started o.e.j.s.ServletContextHandler@313c3cb{/static,jar:file:/home/user/.m2/repository/org/apache/hadoop/hadoop-hdds-container-service/0.5.0-SNAPSHOT/hadoop-hdds-container-service-0.5.0-SNAPSHOT.jar!/webapps/static,AVAILABLE}
2019-08-24 06:44:11,922 [main] INFO  handler.ContextHandler (ContextHandler.java:doStart(781)) - Started o.e.j.w.WebAppContext@6f526f91{/,file:///tmp/jetty-0.0.0.0-38153-hddsDatanode-_-any-3842378279389651806.dir/webapp/,AVAILABLE}{/hddsDatanode}
2019-08-24 06:44:11,922 [main] INFO  server.AbstractConnector (AbstractConnector.java:doStart(278)) - Started ServerConnector@26c349fc{HTTP/1.1,[http/1.1]}{0.0.0.0:38153}
2019-08-24 06:44:11,923 [main] INFO  server.Server (Server.java:doStart(419)) - Started @595955ms
2019-08-24 06:44:11,925 [main] INFO  server.BaseHttpServer (BaseHttpServer.java:updateConnectorAddress(213)) - HTTP server of HDDSDATANODE is listening at http://0.0.0.0:38153
2019-08-24 06:44:12,048 | INFO  | ObjectStoreRestHttpServer | Listening HDDS REST traffic on /0.0.0.0:41581 |  
2019-08-24 06:44:12,048 [main] INFO  ozone.HddsDatanodeService (HddsDatanodeService.java:startPlugins(395)) - Started plug-in org.apache.hadoop.ozone.web.OzoneHddsDatanodeService@7e7ee3b7
2019-08-24 06:44:12,048 [main] INFO  impl.MetricsSystemImpl (MetricsSystemImpl.java:init(158)) - HddsDatanode metrics system started (again)
2019-08-24 06:44:12,051 [org.apache.hadoop.util.JvmPauseMonitor$Monitor@7a09f09] INFO  util.JvmPauseMonitor (JvmPauseMonitor.java:run(188)) - Starting JVM pause monitor
2019-08-24 06:44:12,051 [main] INFO  ozone.HddsDatanodeService (HddsDatanodeService.java:start(184)) - HddsDatanodeService host:pr-hdds-1753-tn75t-532954605 ip:192.168.34.51
2019-08-24 06:44:12,052 [Datanode State Machine Thread - 0] INFO  datanode.InitDatanodeState (InitDatanodeState.java:persistContainerDatanodeDetails(140)) - DatanodeDetails is persisted to /workdir/hadoop-ozone/integration-test/target/test-dir/MiniOzoneClusterImpl-a8998418-e7b8-46c6-9f95-b9b709c41866/datanode-2/meta/datanode.id
2019-08-24 06:44:12,062 [main] INFO  volume.HddsVolume (HddsVolume.java:<init>(176)) - Creating Volume: /workdir/hadoop-ozone/integration-test/target/test-dir/MiniOzoneClusterImpl-a8998418-e7b8-46c6-9f95-b9b709c41866/datanode-3/data/containers/hdds of  storage type : DISK and capacity : 1482555576320
2019-08-24 06:44:12,062 [main] INFO  volume.VolumeSet (VolumeSet.java:initializeVolumeSet(170)) - Added Volume : /workdir/hadoop-ozone/integration-test/target/test-dir/MiniOzoneClusterImpl-a8998418-e7b8-46c6-9f95-b9b709c41866/datanode-3/data/containers/hdds to VolumeSet
2019-08-24 06:44:12,062 [main] INFO  volume.ThrottledAsyncChecker (ThrottledAsyncChecker.java:schedule(140)) - Scheduling a check for org.apache.hadoop.ozone.container.common.volume.HddsVolume@4b7704ec
2019-08-24 06:44:12,063 [main] INFO  volume.HddsVolumeChecker (HddsVolumeChecker.java:checkAllVolumes(203)) - Scheduled health check for volume org.apache.hadoop.ozone.container.common.volume.HddsVolume@4b7704ec
2019-08-24 06:44:12,078 [main] INFO  impl.RaftServerProxy (ConfUtils.java:logGet(43)) - raft.rpc.type = GRPC (default)
2019-08-24 06:44:12,078 [main] INFO  grpc.GrpcFactory (GrpcFactory.java:checkPooledByteBufAllocatorUseCacheForAllThreads(45)) - PERFORMANCE WARNING: useCacheForAllThreads is true that may cause Netty to create a lot garbage objects and, as a result, trigger GC.
	It is recommended to disable useCacheForAllThreads by setting -Dorg.apache.ratis.thirdparty.io.netty.allocator.useCacheForAllThreads=false in command line.
2019-08-24 06:44:12,078 [main] INFO  grpc.GrpcConfigKeys$Server (ConfUtils.java:logGet(43)) - raft.grpc.server.port = 0 (default)
2019-08-24 06:44:12,078 [main] INFO  server.GrpcService (ConfUtils.java:logGet(43)) - raft.grpc.message.size.max = 33570816 (custom)
2019-08-24 06:44:12,078 [main] INFO  server.RaftServerConfigKeys (ConfUtils.java:logGet(43)) - raft.server.log.appender.buffer.byte-limit = 33554432 (custom)
2019-08-24 06:44:12,079 [main] INFO  server.GrpcService (ConfUtils.java:logGet(43)) - raft.grpc.flow.control.window = 1MB (=1048576) (default)
2019-08-24 06:44:12,079 [main] INFO  server.RaftServerConfigKeys (ConfUtils.java:logGet(43)) - raft.server.rpc.request.timeout = 3000ms (default)
2019-08-24 06:44:12,079 [main] INFO  server.RaftServerConfigKeys (ConfUtils.java:logGet(43)) - raft.server.storage.dir = [/workdir/hadoop-ozone/integration-test/target/test-dir/MiniOzoneClusterImpl-a8998418-e7b8-46c6-9f95-b9b709c41866/datanode-3/data/ratis] (custom)
2019-08-24 06:44:12,080 [main] INFO  replication.SimpleContainerDownloader (SimpleContainerDownloader.java:<init>(72)) - Starting container downloader service to copy containers to replicate.
2019-08-24 06:44:12,081 [main] INFO  hdfs.DFSUtil (DFSUtil.java:httpServerTemplateForNNAndJN(1641)) - Starting Web-server for hddsDatanode at: http://0.0.0.0:0
2019-08-24 06:44:12,082 [main] INFO  server.AuthenticationFilter (AuthenticationFilter.java:constructSecretProvider(240)) - Unable to initialize FileSignerSecretProvider, falling back to use random secrets.
2019-08-24 06:44:12,082 [main] WARN  http.HttpRequestLog (HttpRequestLog.java:getRequestLog(97)) - Jetty request log can only be enabled using Log4j
2019-08-24 06:44:12,084 [main] INFO  http.HttpServer2 (HttpServer2.java:addGlobalFilter(975)) - Added global filter 'safety' (class=org.apache.hadoop.http.HttpServer2$QuotingInputFilter)
2019-08-24 06:44:12,084 [main] INFO  http.HttpServer2 (HttpServer2.java:addFilter(948)) - Added filter static_user_filter (class=org.apache.hadoop.http.lib.StaticUserWebFilter$StaticUserFilter) to context hddsDatanode
2019-08-24 06:44:12,084 [main] INFO  http.HttpServer2 (HttpServer2.java:addFilter(958)) - Added filter static_user_filter (class=org.apache.hadoop.http.lib.StaticUserWebFilter$StaticUserFilter) to context logs
2019-08-24 06:44:12,084 [main] INFO  http.HttpServer2 (HttpServer2.java:addFilter(958)) - Added filter static_user_filter (class=org.apache.hadoop.http.lib.StaticUserWebFilter$StaticUserFilter) to context static
2019-08-24 06:44:12,085 [main] INFO  http.HttpServer2 (HttpServer2.java:bindListener(1191)) - Jetty bound to port 37810
2019-08-24 06:44:12,085 [main] INFO  server.Server (Server.java:doStart(351)) - jetty-9.3.24.v20180605, build timestamp: 2018-06-05T17:11:56Z, git hash: 84205aa28f11a4f31f2a3b86d1bba2cc8ab69827
2019-08-24 06:44:12,086 [main] INFO  handler.ContextHandler (ContextHandler.java:doStart(781)) - Started o.e.j.s.ServletContextHandler@7d29fc6{/logs,file:///workdir/hadoop-ozone/integration-test/target/log,AVAILABLE}
2019-08-24 06:44:12,087 [main] INFO  handler.ContextHandler (ContextHandler.java:doStart(781)) - Started o.e.j.s.ServletContextHandler@1da53092{/static,jar:file:/home/user/.m2/repository/org/apache/hadoop/hadoop-hdds-container-service/0.5.0-SNAPSHOT/hadoop-hdds-container-service-0.5.0-SNAPSHOT.jar!/webapps/static,AVAILABLE}
2019-08-24 06:44:12,115 [main] INFO  handler.ContextHandler (ContextHandler.java:doStart(781)) - Started o.e.j.w.WebAppContext@58f05266{/,file:///tmp/jetty-0.0.0.0-37810-hddsDatanode-_-any-290091365866266009.dir/webapp/,AVAILABLE}{/hddsDatanode}
2019-08-24 06:44:12,115 [main] INFO  server.AbstractConnector (AbstractConnector.java:doStart(278)) - Started ServerConnector@2b3ac26d{HTTP/1.1,[http/1.1]}{0.0.0.0:37810}
2019-08-24 06:44:12,116 [main] INFO  server.Server (Server.java:doStart(419)) - Started @596148ms
2019-08-24 06:44:12,118 [main] INFO  server.BaseHttpServer (BaseHttpServer.java:updateConnectorAddress(213)) - HTTP server of HDDSDATANODE is listening at http://0.0.0.0:37810
2019-08-24 06:44:12,236 | INFO  | ObjectStoreRestHttpServer | Listening HDDS REST traffic on /0.0.0.0:38463 |  
2019-08-24 06:44:12,236 [main] INFO  ozone.HddsDatanodeService (HddsDatanodeService.java:startPlugins(395)) - Started plug-in org.apache.hadoop.ozone.web.OzoneHddsDatanodeService@d35d84a
2019-08-24 06:44:12,237 [main] INFO  impl.MetricsSystemImpl (MetricsSystemImpl.java:init(158)) - HddsDatanode metrics system started (again)
2019-08-24 06:44:12,240 [main] INFO  ozone.HddsDatanodeService (HddsDatanodeService.java:start(184)) - HddsDatanodeService host:pr-hdds-1753-tn75t-532954605 ip:192.168.34.51
2019-08-24 06:44:12,240 [org.apache.hadoop.util.JvmPauseMonitor$Monitor@1ad26d1e] INFO  util.JvmPauseMonitor (JvmPauseMonitor.java:run(188)) - Starting JVM pause monitor
2019-08-24 06:44:12,241 [Datanode State Machine Thread - 0] INFO  datanode.InitDatanodeState (InitDatanodeState.java:persistContainerDatanodeDetails(140)) - DatanodeDetails is persisted to /workdir/hadoop-ozone/integration-test/target/test-dir/MiniOzoneClusterImpl-a8998418-e7b8-46c6-9f95-b9b709c41866/datanode-3/meta/datanode.id
2019-08-24 06:44:12,251 [main] INFO  volume.HddsVolume (HddsVolume.java:<init>(176)) - Creating Volume: /workdir/hadoop-ozone/integration-test/target/test-dir/MiniOzoneClusterImpl-a8998418-e7b8-46c6-9f95-b9b709c41866/datanode-4/data/containers/hdds of  storage type : DISK and capacity : 1482555576320
2019-08-24 06:44:12,251 [main] INFO  volume.VolumeSet (VolumeSet.java:initializeVolumeSet(170)) - Added Volume : /workdir/hadoop-ozone/integration-test/target/test-dir/MiniOzoneClusterImpl-a8998418-e7b8-46c6-9f95-b9b709c41866/datanode-4/data/containers/hdds to VolumeSet
2019-08-24 06:44:12,251 [main] INFO  volume.ThrottledAsyncChecker (ThrottledAsyncChecker.java:schedule(140)) - Scheduling a check for org.apache.hadoop.ozone.container.common.volume.HddsVolume@29ff84fa
2019-08-24 06:44:12,252 [main] INFO  volume.HddsVolumeChecker (HddsVolumeChecker.java:checkAllVolumes(203)) - Scheduled health check for volume org.apache.hadoop.ozone.container.common.volume.HddsVolume@29ff84fa
2019-08-24 06:44:12,265 [main] INFO  impl.RaftServerProxy (ConfUtils.java:logGet(43)) - raft.rpc.type = GRPC (default)
2019-08-24 06:44:12,265 [main] INFO  grpc.GrpcFactory (GrpcFactory.java:checkPooledByteBufAllocatorUseCacheForAllThreads(45)) - PERFORMANCE WARNING: useCacheForAllThreads is true that may cause Netty to create a lot garbage objects and, as a result, trigger GC.
	It is recommended to disable useCacheForAllThreads by setting -Dorg.apache.ratis.thirdparty.io.netty.allocator.useCacheForAllThreads=false in command line.
2019-08-24 06:44:12,265 [main] INFO  grpc.GrpcConfigKeys$Server (ConfUtils.java:logGet(43)) - raft.grpc.server.port = 0 (default)
2019-08-24 06:44:12,265 [main] INFO  server.GrpcService (ConfUtils.java:logGet(43)) - raft.grpc.message.size.max = 33570816 (custom)
2019-08-24 06:44:12,266 [main] INFO  server.RaftServerConfigKeys (ConfUtils.java:logGet(43)) - raft.server.log.appender.buffer.byte-limit = 33554432 (custom)
2019-08-24 06:44:12,266 [main] INFO  server.GrpcService (ConfUtils.java:logGet(43)) - raft.grpc.flow.control.window = 1MB (=1048576) (default)
2019-08-24 06:44:12,266 [main] INFO  server.RaftServerConfigKeys (ConfUtils.java:logGet(43)) - raft.server.rpc.request.timeout = 3000ms (default)
2019-08-24 06:44:12,266 [main] INFO  server.RaftServerConfigKeys (ConfUtils.java:logGet(43)) - raft.server.storage.dir = [/workdir/hadoop-ozone/integration-test/target/test-dir/MiniOzoneClusterImpl-a8998418-e7b8-46c6-9f95-b9b709c41866/datanode-4/data/ratis] (custom)
2019-08-24 06:44:12,267 [main] INFO  replication.SimpleContainerDownloader (SimpleContainerDownloader.java:<init>(72)) - Starting container downloader service to copy containers to replicate.
2019-08-24 06:44:12,268 [main] INFO  hdfs.DFSUtil (DFSUtil.java:httpServerTemplateForNNAndJN(1641)) - Starting Web-server for hddsDatanode at: http://0.0.0.0:0
2019-08-24 06:44:12,269 [main] INFO  server.AuthenticationFilter (AuthenticationFilter.java:constructSecretProvider(240)) - Unable to initialize FileSignerSecretProvider, falling back to use random secrets.
2019-08-24 06:44:12,269 [main] WARN  http.HttpRequestLog (HttpRequestLog.java:getRequestLog(97)) - Jetty request log can only be enabled using Log4j
2019-08-24 06:44:12,270 [main] INFO  http.HttpServer2 (HttpServer2.java:addGlobalFilter(975)) - Added global filter 'safety' (class=org.apache.hadoop.http.HttpServer2$QuotingInputFilter)
2019-08-24 06:44:12,271 [main] INFO  http.HttpServer2 (HttpServer2.java:addFilter(948)) - Added filter static_user_filter (class=org.apache.hadoop.http.lib.StaticUserWebFilter$StaticUserFilter) to context hddsDatanode
2019-08-24 06:44:12,271 [main] INFO  http.HttpServer2 (HttpServer2.java:addFilter(958)) - Added filter static_user_filter (class=org.apache.hadoop.http.lib.StaticUserWebFilter$StaticUserFilter) to context static
2019-08-24 06:44:12,271 [main] INFO  http.HttpServer2 (HttpServer2.java:addFilter(958)) - Added filter static_user_filter (class=org.apache.hadoop.http.lib.StaticUserWebFilter$StaticUserFilter) to context logs
2019-08-24 06:44:12,272 [main] INFO  http.HttpServer2 (HttpServer2.java:bindListener(1191)) - Jetty bound to port 46835
2019-08-24 06:44:12,272 [main] INFO  server.Server (Server.java:doStart(351)) - jetty-9.3.24.v20180605, build timestamp: 2018-06-05T17:11:56Z, git hash: 84205aa28f11a4f31f2a3b86d1bba2cc8ab69827
2019-08-24 06:44:12,273 [main] INFO  handler.ContextHandler (ContextHandler.java:doStart(781)) - Started o.e.j.s.ServletContextHandler@59881424{/logs,file:///workdir/hadoop-ozone/integration-test/target/log,AVAILABLE}
2019-08-24 06:44:12,274 [main] INFO  handler.ContextHandler (ContextHandler.java:doStart(781)) - Started o.e.j.s.ServletContextHandler@361a618e{/static,jar:file:/home/user/.m2/repository/org/apache/hadoop/hadoop-hdds-container-service/0.5.0-SNAPSHOT/hadoop-hdds-container-service-0.5.0-SNAPSHOT.jar!/webapps/static,AVAILABLE}
2019-08-24 06:44:12,300 [main] INFO  handler.ContextHandler (ContextHandler.java:doStart(781)) - Started o.e.j.w.WebAppContext@57d6f569{/,file:///tmp/jetty-0.0.0.0-46835-hddsDatanode-_-any-8013512593531036730.dir/webapp/,AVAILABLE}{/hddsDatanode}
2019-08-24 06:44:12,301 [main] INFO  server.AbstractConnector (AbstractConnector.java:doStart(278)) - Started ServerConnector@5854e526{HTTP/1.1,[http/1.1]}{0.0.0.0:46835}
2019-08-24 06:44:12,301 [main] INFO  server.Server (Server.java:doStart(419)) - Started @596333ms
2019-08-24 06:44:12,303 [main] INFO  server.BaseHttpServer (BaseHttpServer.java:updateConnectorAddress(213)) - HTTP server of HDDSDATANODE is listening at http://0.0.0.0:46835
2019-08-24 06:44:12,419 | INFO  | ObjectStoreRestHttpServer | Listening HDDS REST traffic on /0.0.0.0:45876 |  
2019-08-24 06:44:12,419 [main] INFO  ozone.HddsDatanodeService (HddsDatanodeService.java:startPlugins(395)) - Started plug-in org.apache.hadoop.ozone.web.OzoneHddsDatanodeService@4474c514
2019-08-24 06:44:12,420 [main] INFO  impl.MetricsSystemImpl (MetricsSystemImpl.java:init(158)) - HddsDatanode metrics system started (again)
2019-08-24 06:44:12,423 [org.apache.hadoop.util.JvmPauseMonitor$Monitor@2cf98f88] INFO  util.JvmPauseMonitor (JvmPauseMonitor.java:run(188)) - Starting JVM pause monitor
2019-08-24 06:44:12,423 [main] INFO  ozone.HddsDatanodeService (HddsDatanodeService.java:start(184)) - HddsDatanodeService host:pr-hdds-1753-tn75t-532954605 ip:192.168.34.51
2019-08-24 06:44:12,425 [Datanode State Machine Thread - 0] INFO  datanode.InitDatanodeState (InitDatanodeState.java:persistContainerDatanodeDetails(140)) - DatanodeDetails is persisted to /workdir/hadoop-ozone/integration-test/target/test-dir/MiniOzoneClusterImpl-a8998418-e7b8-46c6-9f95-b9b709c41866/datanode-4/meta/datanode.id
2019-08-24 06:44:12,434 [main] INFO  volume.HddsVolume (HddsVolume.java:<init>(176)) - Creating Volume: /workdir/hadoop-ozone/integration-test/target/test-dir/MiniOzoneClusterImpl-a8998418-e7b8-46c6-9f95-b9b709c41866/datanode-5/data/containers/hdds of  storage type : DISK and capacity : 1482555576320
2019-08-24 06:44:12,434 [main] INFO  volume.VolumeSet (VolumeSet.java:initializeVolumeSet(170)) - Added Volume : /workdir/hadoop-ozone/integration-test/target/test-dir/MiniOzoneClusterImpl-a8998418-e7b8-46c6-9f95-b9b709c41866/datanode-5/data/containers/hdds to VolumeSet
2019-08-24 06:44:12,435 [main] INFO  volume.ThrottledAsyncChecker (ThrottledAsyncChecker.java:schedule(140)) - Scheduling a check for org.apache.hadoop.ozone.container.common.volume.HddsVolume@51f91d19
2019-08-24 06:44:12,435 [main] INFO  volume.HddsVolumeChecker (HddsVolumeChecker.java:checkAllVolumes(203)) - Scheduled health check for volume org.apache.hadoop.ozone.container.common.volume.HddsVolume@51f91d19
2019-08-24 06:44:12,449 [main] INFO  impl.RaftServerProxy (ConfUtils.java:logGet(43)) - raft.rpc.type = GRPC (default)
2019-08-24 06:44:12,449 [main] INFO  grpc.GrpcFactory (GrpcFactory.java:checkPooledByteBufAllocatorUseCacheForAllThreads(45)) - PERFORMANCE WARNING: useCacheForAllThreads is true that may cause Netty to create a lot garbage objects and, as a result, trigger GC.
	It is recommended to disable useCacheForAllThreads by setting -Dorg.apache.ratis.thirdparty.io.netty.allocator.useCacheForAllThreads=false in command line.
2019-08-24 06:44:12,449 [main] INFO  grpc.GrpcConfigKeys$Server (ConfUtils.java:logGet(43)) - raft.grpc.server.port = 0 (default)
2019-08-24 06:44:12,449 [main] INFO  server.GrpcService (ConfUtils.java:logGet(43)) - raft.grpc.message.size.max = 33570816 (custom)
2019-08-24 06:44:12,450 [main] INFO  server.RaftServerConfigKeys (ConfUtils.java:logGet(43)) - raft.server.log.appender.buffer.byte-limit = 33554432 (custom)
2019-08-24 06:44:12,450 [main] INFO  server.GrpcService (ConfUtils.java:logGet(43)) - raft.grpc.flow.control.window = 1MB (=1048576) (default)
2019-08-24 06:44:12,450 [main] INFO  server.RaftServerConfigKeys (ConfUtils.java:logGet(43)) - raft.server.rpc.request.timeout = 3000ms (default)
2019-08-24 06:44:12,450 [main] INFO  server.RaftServerConfigKeys (ConfUtils.java:logGet(43)) - raft.server.storage.dir = [/workdir/hadoop-ozone/integration-test/target/test-dir/MiniOzoneClusterImpl-a8998418-e7b8-46c6-9f95-b9b709c41866/datanode-5/data/ratis] (custom)
2019-08-24 06:44:12,451 [main] INFO  replication.SimpleContainerDownloader (SimpleContainerDownloader.java:<init>(72)) - Starting container downloader service to copy containers to replicate.
2019-08-24 06:44:12,452 [main] INFO  hdfs.DFSUtil (DFSUtil.java:httpServerTemplateForNNAndJN(1641)) - Starting Web-server for hddsDatanode at: http://0.0.0.0:0
2019-08-24 06:44:12,453 [main] INFO  server.AuthenticationFilter (AuthenticationFilter.java:constructSecretProvider(240)) - Unable to initialize FileSignerSecretProvider, falling back to use random secrets.
2019-08-24 06:44:12,453 [main] WARN  http.HttpRequestLog (HttpRequestLog.java:getRequestLog(97)) - Jetty request log can only be enabled using Log4j
2019-08-24 06:44:12,454 [main] INFO  http.HttpServer2 (HttpServer2.java:addGlobalFilter(975)) - Added global filter 'safety' (class=org.apache.hadoop.http.HttpServer2$QuotingInputFilter)
2019-08-24 06:44:12,455 [main] INFO  http.HttpServer2 (HttpServer2.java:addFilter(948)) - Added filter static_user_filter (class=org.apache.hadoop.http.lib.StaticUserWebFilter$StaticUserFilter) to context hddsDatanode
2019-08-24 06:44:12,455 [main] INFO  http.HttpServer2 (HttpServer2.java:addFilter(958)) - Added filter static_user_filter (class=org.apache.hadoop.http.lib.StaticUserWebFilter$StaticUserFilter) to context logs
2019-08-24 06:44:12,455 [main] INFO  http.HttpServer2 (HttpServer2.java:addFilter(958)) - Added filter static_user_filter (class=org.apache.hadoop.http.lib.StaticUserWebFilter$StaticUserFilter) to context static
2019-08-24 06:44:12,455 [main] INFO  http.HttpServer2 (HttpServer2.java:bindListener(1191)) - Jetty bound to port 35740
2019-08-24 06:44:12,456 [main] INFO  server.Server (Server.java:doStart(351)) - jetty-9.3.24.v20180605, build timestamp: 2018-06-05T17:11:56Z, git hash: 84205aa28f11a4f31f2a3b86d1bba2cc8ab69827
2019-08-24 06:44:12,457 [main] INFO  handler.ContextHandler (ContextHandler.java:doStart(781)) - Started o.e.j.s.ServletContextHandler@2eebb07{/logs,file:///workdir/hadoop-ozone/integration-test/target/log,AVAILABLE}
2019-08-24 06:44:12,457 [main] INFO  handler.ContextHandler (ContextHandler.java:doStart(781)) - Started o.e.j.s.ServletContextHandler@6f0ab520{/static,jar:file:/home/user/.m2/repository/org/apache/hadoop/hadoop-hdds-container-service/0.5.0-SNAPSHOT/hadoop-hdds-container-service-0.5.0-SNAPSHOT.jar!/webapps/static,AVAILABLE}
2019-08-24 06:44:12,487 [main] INFO  handler.ContextHandler (ContextHandler.java:doStart(781)) - Started o.e.j.w.WebAppContext@34c21c34{/,file:///tmp/jetty-0.0.0.0-35740-hddsDatanode-_-any-8362996519371403077.dir/webapp/,AVAILABLE}{/hddsDatanode}
2019-08-24 06:44:12,488 [main] INFO  server.AbstractConnector (AbstractConnector.java:doStart(278)) - Started ServerConnector@353ac1ef{HTTP/1.1,[http/1.1]}{0.0.0.0:35740}
2019-08-24 06:44:12,488 [main] INFO  server.Server (Server.java:doStart(419)) - Started @596520ms
2019-08-24 06:44:12,490 [main] INFO  server.BaseHttpServer (BaseHttpServer.java:updateConnectorAddress(213)) - HTTP server of HDDSDATANODE is listening at http://0.0.0.0:35740
2019-08-24 06:44:12,612 | INFO  | ObjectStoreRestHttpServer | Listening HDDS REST traffic on /0.0.0.0:33802 |  
2019-08-24 06:44:12,612 [main] INFO  ozone.HddsDatanodeService (HddsDatanodeService.java:startPlugins(395)) - Started plug-in org.apache.hadoop.ozone.web.OzoneHddsDatanodeService@336b6e93
2019-08-24 06:44:12,612 [main] INFO  impl.MetricsSystemImpl (MetricsSystemImpl.java:init(158)) - HddsDatanode metrics system started (again)
2019-08-24 06:44:12,617 [org.apache.hadoop.util.JvmPauseMonitor$Monitor@3295663f] INFO  util.JvmPauseMonitor (JvmPauseMonitor.java:run(188)) - Starting JVM pause monitor
2019-08-24 06:44:12,617 [main] INFO  ozone.HddsDatanodeService (HddsDatanodeService.java:start(184)) - HddsDatanodeService host:pr-hdds-1753-tn75t-532954605 ip:192.168.34.51
2019-08-24 06:44:12,618 [Datanode State Machine Thread - 0] INFO  datanode.InitDatanodeState (InitDatanodeState.java:persistContainerDatanodeDetails(140)) - DatanodeDetails is persisted to /workdir/hadoop-ozone/integration-test/target/test-dir/MiniOzoneClusterImpl-a8998418-e7b8-46c6-9f95-b9b709c41866/datanode-5/meta/datanode.id
2019-08-24 06:44:12,629 [main] INFO  volume.HddsVolume (HddsVolume.java:<init>(176)) - Creating Volume: /workdir/hadoop-ozone/integration-test/target/test-dir/MiniOzoneClusterImpl-a8998418-e7b8-46c6-9f95-b9b709c41866/datanode-6/data/containers/hdds of  storage type : DISK and capacity : 1482555576320
2019-08-24 06:44:12,629 [main] INFO  volume.VolumeSet (VolumeSet.java:initializeVolumeSet(170)) - Added Volume : /workdir/hadoop-ozone/integration-test/target/test-dir/MiniOzoneClusterImpl-a8998418-e7b8-46c6-9f95-b9b709c41866/datanode-6/data/containers/hdds to VolumeSet
2019-08-24 06:44:12,629 [main] INFO  volume.ThrottledAsyncChecker (ThrottledAsyncChecker.java:schedule(140)) - Scheduling a check for org.apache.hadoop.ozone.container.common.volume.HddsVolume@5cdd5ff9
2019-08-24 06:44:12,630 [main] INFO  volume.HddsVolumeChecker (HddsVolumeChecker.java:checkAllVolumes(203)) - Scheduled health check for volume org.apache.hadoop.ozone.container.common.volume.HddsVolume@5cdd5ff9
2019-08-24 06:44:12,644 [main] INFO  impl.RaftServerProxy (ConfUtils.java:logGet(43)) - raft.rpc.type = GRPC (default)
2019-08-24 06:44:12,644 [main] INFO  grpc.GrpcFactory (GrpcFactory.java:checkPooledByteBufAllocatorUseCacheForAllThreads(45)) - PERFORMANCE WARNING: useCacheForAllThreads is true that may cause Netty to create a lot garbage objects and, as a result, trigger GC.
	It is recommended to disable useCacheForAllThreads by setting -Dorg.apache.ratis.thirdparty.io.netty.allocator.useCacheForAllThreads=false in command line.
2019-08-24 06:44:12,644 [main] INFO  grpc.GrpcConfigKeys$Server (ConfUtils.java:logGet(43)) - raft.grpc.server.port = 0 (default)
2019-08-24 06:44:12,644 [main] INFO  server.GrpcService (ConfUtils.java:logGet(43)) - raft.grpc.message.size.max = 33570816 (custom)
2019-08-24 06:44:12,645 [main] INFO  server.RaftServerConfigKeys (ConfUtils.java:logGet(43)) - raft.server.log.appender.buffer.byte-limit = 33554432 (custom)
2019-08-24 06:44:12,645 [main] INFO  server.GrpcService (ConfUtils.java:logGet(43)) - raft.grpc.flow.control.window = 1MB (=1048576) (default)
2019-08-24 06:44:12,645 [main] INFO  server.RaftServerConfigKeys (ConfUtils.java:logGet(43)) - raft.server.rpc.request.timeout = 3000ms (default)
2019-08-24 06:44:12,645 [main] INFO  server.RaftServerConfigKeys (ConfUtils.java:logGet(43)) - raft.server.storage.dir = [/workdir/hadoop-ozone/integration-test/target/test-dir/MiniOzoneClusterImpl-a8998418-e7b8-46c6-9f95-b9b709c41866/datanode-6/data/ratis] (custom)
2019-08-24 06:44:12,646 [main] INFO  replication.SimpleContainerDownloader (SimpleContainerDownloader.java:<init>(72)) - Starting container downloader service to copy containers to replicate.
2019-08-24 06:44:12,647 [main] INFO  hdfs.DFSUtil (DFSUtil.java:httpServerTemplateForNNAndJN(1641)) - Starting Web-server for hddsDatanode at: http://0.0.0.0:0
2019-08-24 06:44:12,648 [main] INFO  server.AuthenticationFilter (AuthenticationFilter.java:constructSecretProvider(240)) - Unable to initialize FileSignerSecretProvider, falling back to use random secrets.
2019-08-24 06:44:12,649 [main] WARN  http.HttpRequestLog (HttpRequestLog.java:getRequestLog(97)) - Jetty request log can only be enabled using Log4j
2019-08-24 06:44:12,650 [main] INFO  http.HttpServer2 (HttpServer2.java:addGlobalFilter(975)) - Added global filter 'safety' (class=org.apache.hadoop.http.HttpServer2$QuotingInputFilter)
2019-08-24 06:44:12,651 [main] INFO  http.HttpServer2 (HttpServer2.java:addFilter(948)) - Added filter static_user_filter (class=org.apache.hadoop.http.lib.StaticUserWebFilter$StaticUserFilter) to context hddsDatanode
2019-08-24 06:44:12,651 [main] INFO  http.HttpServer2 (HttpServer2.java:addFilter(958)) - Added filter static_user_filter (class=org.apache.hadoop.http.lib.StaticUserWebFilter$StaticUserFilter) to context logs
2019-08-24 06:44:12,651 [main] INFO  http.HttpServer2 (HttpServer2.java:addFilter(958)) - Added filter static_user_filter (class=org.apache.hadoop.http.lib.StaticUserWebFilter$StaticUserFilter) to context static
2019-08-24 06:44:12,652 [main] INFO  http.HttpServer2 (HttpServer2.java:bindListener(1191)) - Jetty bound to port 45300
2019-08-24 06:44:12,652 [main] INFO  server.Server (Server.java:doStart(351)) - jetty-9.3.24.v20180605, build timestamp: 2018-06-05T17:11:56Z, git hash: 84205aa28f11a4f31f2a3b86d1bba2cc8ab69827
2019-08-24 06:44:12,653 [main] INFO  handler.ContextHandler (ContextHandler.java:doStart(781)) - Started o.e.j.s.ServletContextHandler@6b174aa3{/logs,file:///workdir/hadoop-ozone/integration-test/target/log,AVAILABLE}
2019-08-24 06:44:12,654 [main] INFO  handler.ContextHandler (ContextHandler.java:doStart(781)) - Started o.e.j.s.ServletContextHandler@48306567{/static,jar:file:/home/user/.m2/repository/org/apache/hadoop/hadoop-hdds-container-service/0.5.0-SNAPSHOT/hadoop-hdds-container-service-0.5.0-SNAPSHOT.jar!/webapps/static,AVAILABLE}
2019-08-24 06:44:12,681 [main] INFO  handler.ContextHandler (ContextHandler.java:doStart(781)) - Started o.e.j.w.WebAppContext@7f0b32c0{/,file:///tmp/jetty-0.0.0.0-45300-hddsDatanode-_-any-6856027981153906623.dir/webapp/,AVAILABLE}{/hddsDatanode}
2019-08-24 06:44:12,681 [main] INFO  server.AbstractConnector (AbstractConnector.java:doStart(278)) - Started ServerConnector@6c152246{HTTP/1.1,[http/1.1]}{0.0.0.0:45300}
2019-08-24 06:44:12,686 [main] INFO  server.Server (Server.java:doStart(419)) - Started @596718ms
2019-08-24 06:44:12,687 [main] INFO  server.BaseHttpServer (BaseHttpServer.java:updateConnectorAddress(213)) - HTTP server of HDDSDATANODE is listening at http://0.0.0.0:45300
2019-08-24 06:44:12,819 | INFO  | ObjectStoreRestHttpServer | Listening HDDS REST traffic on /0.0.0.0:43735 |  
2019-08-24 06:44:12,819 [main] INFO  ozone.HddsDatanodeService (HddsDatanodeService.java:startPlugins(395)) - Started plug-in org.apache.hadoop.ozone.web.OzoneHddsDatanodeService@2984edab
2019-08-24 06:44:12,820 [main] INFO  ozone.MiniOzoneClusterImpl (MiniOzoneClusterImpl.java:lambda$waitForClusterToBeReady$0(142)) - Waiting for cluster to be ready. Got 0 of 7 DN Heartbeats.
2019-08-24 06:44:12,822 [org.apache.hadoop.util.JvmPauseMonitor$Monitor@244813fc] INFO  util.JvmPauseMonitor (JvmPauseMonitor.java:run(188)) - Starting JVM pause monitor
2019-08-24 06:44:12,824 [Datanode State Machine Thread - 0] INFO  datanode.InitDatanodeState (InitDatanodeState.java:persistContainerDatanodeDetails(140)) - DatanodeDetails is persisted to /workdir/hadoop-ozone/integration-test/target/test-dir/MiniOzoneClusterImpl-a8998418-e7b8-46c6-9f95-b9b709c41866/datanode-6/meta/datanode.id
2019-08-24 06:44:13,264 | INFO  | SCMAudit | user=jenkins1000 | ip=192.168.34.51 | op=GET_VERSION null | ret=SUCCESS |  
2019-08-24 06:44:13,288 [Datanode State Machine Thread - 0] INFO  ozoneimpl.OzoneContainer (OzoneContainer.java:start(201)) - Attempting to start container services.
2019-08-24 06:44:13,288 [Datanode State Machine Thread - 0] INFO  ozoneimpl.OzoneContainer (OzoneContainer.java:startContainerScrub(175)) - Background container scrubber has been disabled by hdds.containerscrub.enabled
2019-08-24 06:44:13,288 [Datanode State Machine Thread - 0] INFO  ratis.XceiverServerRatis (XceiverServerRatis.java:start(393)) - Starting XceiverServerRatis fd008af0-4f48-4b99-a0e7-19298396ae47 at port 0
2019-08-24 06:44:13,298 [Datanode State Machine Thread - 0] INFO  impl.RaftServerProxy (RaftServerProxy.java:lambda$start$3(299)) - fd008af0-4f48-4b99-a0e7-19298396ae47: start RPC server
2019-08-24 06:44:13,300 [Datanode State Machine Thread - 0] INFO  server.GrpcService (GrpcService.java:startImpl(149)) - fd008af0-4f48-4b99-a0e7-19298396ae47: GrpcService started, listening on 0.0.0.0/0.0.0.0:44609
2019-08-24 06:44:13,300 [Datanode State Machine Thread - 0] INFO  ratis.XceiverServerRatis (XceiverServerRatis.java:start(403)) - XceiverServerRatis fd008af0-4f48-4b99-a0e7-19298396ae47 is started using port 44609
2019-08-24 06:44:13,301 [Datanode State Machine Thread - 0] INFO  server.XceiverServerGrpc (XceiverServerGrpc.java:start(161)) - XceiverServerGrpc fd008af0-4f48-4b99-a0e7-19298396ae47 is started using port 39897
2019-08-24 06:44:13,820 [main] INFO  ozone.MiniOzoneClusterImpl (MiniOzoneClusterImpl.java:lambda$waitForClusterToBeReady$0(142)) - Waiting for cluster to be ready. Got 0 of 7 DN Heartbeats.
2019-08-24 06:44:13,838 | INFO  | SCMAudit | user=jenkins1000 | ip=192.168.34.51 | op=GET_VERSION null | ret=SUCCESS |  
2019-08-24 06:44:13,860 [Datanode State Machine Thread - 0] INFO  ozoneimpl.OzoneContainer (OzoneContainer.java:start(201)) - Attempting to start container services.
2019-08-24 06:44:13,861 [Datanode State Machine Thread - 0] INFO  ozoneimpl.OzoneContainer (OzoneContainer.java:startContainerScrub(175)) - Background container scrubber has been disabled by hdds.containerscrub.enabled
2019-08-24 06:44:13,861 [Datanode State Machine Thread - 0] INFO  ratis.XceiverServerRatis (XceiverServerRatis.java:start(393)) - Starting XceiverServerRatis cfa00991-4858-43cd-92ab-b86e3cf154fa at port 0
2019-08-24 06:44:13,871 [Datanode State Machine Thread - 0] INFO  impl.RaftServerProxy (RaftServerProxy.java:lambda$start$3(299)) - cfa00991-4858-43cd-92ab-b86e3cf154fa: start RPC server
2019-08-24 06:44:13,872 [Datanode State Machine Thread - 0] INFO  server.GrpcService (GrpcService.java:startImpl(149)) - cfa00991-4858-43cd-92ab-b86e3cf154fa: GrpcService started, listening on 0.0.0.0/0.0.0.0:36853
2019-08-24 06:44:13,872 [Datanode State Machine Thread - 0] INFO  ratis.XceiverServerRatis (XceiverServerRatis.java:start(403)) - XceiverServerRatis cfa00991-4858-43cd-92ab-b86e3cf154fa is started using port 36853
2019-08-24 06:44:13,875 [Datanode State Machine Thread - 0] INFO  server.XceiverServerGrpc (XceiverServerGrpc.java:start(161)) - XceiverServerGrpc cfa00991-4858-43cd-92ab-b86e3cf154fa is started using port 36153
2019-08-24 06:44:14,052 | INFO  | SCMAudit | user=jenkins1000 | ip=192.168.34.51 | op=GET_VERSION null | ret=SUCCESS |  
2019-08-24 06:44:14,068 [Datanode State Machine Thread - 0] INFO  ozoneimpl.OzoneContainer (OzoneContainer.java:start(201)) - Attempting to start container services.
2019-08-24 06:44:14,068 [Datanode State Machine Thread - 0] INFO  ozoneimpl.OzoneContainer (OzoneContainer.java:startContainerScrub(175)) - Background container scrubber has been disabled by hdds.containerscrub.enabled
2019-08-24 06:44:14,068 [Datanode State Machine Thread - 0] INFO  ratis.XceiverServerRatis (XceiverServerRatis.java:start(393)) - Starting XceiverServerRatis 4ae5f13b-0709-4697-8c2d-45e48ce4c21a at port 0
2019-08-24 06:44:14,075 [Datanode State Machine Thread - 0] INFO  impl.RaftServerProxy (RaftServerProxy.java:lambda$start$3(299)) - 4ae5f13b-0709-4697-8c2d-45e48ce4c21a: start RPC server
2019-08-24 06:44:14,076 [Datanode State Machine Thread - 0] INFO  server.GrpcService (GrpcService.java:startImpl(149)) - 4ae5f13b-0709-4697-8c2d-45e48ce4c21a: GrpcService started, listening on 0.0.0.0/0.0.0.0:42809
2019-08-24 06:44:14,076 [Datanode State Machine Thread - 0] INFO  ratis.XceiverServerRatis (XceiverServerRatis.java:start(403)) - XceiverServerRatis 4ae5f13b-0709-4697-8c2d-45e48ce4c21a is started using port 42809
2019-08-24 06:44:14,077 [Datanode State Machine Thread - 0] INFO  server.XceiverServerGrpc (XceiverServerGrpc.java:start(161)) - XceiverServerGrpc 4ae5f13b-0709-4697-8c2d-45e48ce4c21a is started using port 39965
2019-08-24 06:44:14,241 | INFO  | SCMAudit | user=jenkins1000 | ip=192.168.34.51 | op=GET_VERSION null | ret=SUCCESS |  
2019-08-24 06:44:14,254 [Datanode State Machine Thread - 0] INFO  ozoneimpl.OzoneContainer (OzoneContainer.java:start(201)) - Attempting to start container services.
2019-08-24 06:44:14,254 [Datanode State Machine Thread - 0] INFO  ozoneimpl.OzoneContainer (OzoneContainer.java:startContainerScrub(175)) - Background container scrubber has been disabled by hdds.containerscrub.enabled
2019-08-24 06:44:14,254 [Datanode State Machine Thread - 0] INFO  ratis.XceiverServerRatis (XceiverServerRatis.java:start(393)) - Starting XceiverServerRatis 346f50d4-4cfb-4a4d-b68d-ac9cdc7f84a1 at port 0
2019-08-24 06:44:14,265 [Datanode State Machine Thread - 0] INFO  impl.RaftServerProxy (RaftServerProxy.java:lambda$start$3(299)) - 346f50d4-4cfb-4a4d-b68d-ac9cdc7f84a1: start RPC server
2019-08-24 06:44:14,266 [Datanode State Machine Thread - 0] INFO  server.GrpcService (GrpcService.java:startImpl(149)) - 346f50d4-4cfb-4a4d-b68d-ac9cdc7f84a1: GrpcService started, listening on 0.0.0.0/0.0.0.0:34448
2019-08-24 06:44:14,266 [Datanode State Machine Thread - 0] INFO  ratis.XceiverServerRatis (XceiverServerRatis.java:start(403)) - XceiverServerRatis 346f50d4-4cfb-4a4d-b68d-ac9cdc7f84a1 is started using port 34448
2019-08-24 06:44:14,266 [Datanode State Machine Thread - 0] INFO  server.XceiverServerGrpc (XceiverServerGrpc.java:start(161)) - XceiverServerGrpc 346f50d4-4cfb-4a4d-b68d-ac9cdc7f84a1 is started using port 46033
2019-08-24 06:44:14,424 | INFO  | SCMAudit | user=jenkins1000 | ip=192.168.34.51 | op=GET_VERSION null | ret=SUCCESS |  
2019-08-24 06:44:14,438 [Datanode State Machine Thread - 0] INFO  ozoneimpl.OzoneContainer (OzoneContainer.java:start(201)) - Attempting to start container services.
2019-08-24 06:44:14,438 [Datanode State Machine Thread - 0] INFO  ozoneimpl.OzoneContainer (OzoneContainer.java:startContainerScrub(175)) - Background container scrubber has been disabled by hdds.containerscrub.enabled
2019-08-24 06:44:14,438 [Datanode State Machine Thread - 0] INFO  ratis.XceiverServerRatis (XceiverServerRatis.java:start(393)) - Starting XceiverServerRatis 25c68470-958e-4591-9cf0-a41ec1fd78b1 at port 0
2019-08-24 06:44:14,447 [Datanode State Machine Thread - 0] INFO  impl.RaftServerProxy (RaftServerProxy.java:lambda$start$3(299)) - 25c68470-958e-4591-9cf0-a41ec1fd78b1: start RPC server
2019-08-24 06:44:14,451 [Datanode State Machine Thread - 0] INFO  server.GrpcService (GrpcService.java:startImpl(149)) - 25c68470-958e-4591-9cf0-a41ec1fd78b1: GrpcService started, listening on 0.0.0.0/0.0.0.0:43156
2019-08-24 06:44:14,451 [Datanode State Machine Thread - 0] INFO  ratis.XceiverServerRatis (XceiverServerRatis.java:start(403)) - XceiverServerRatis 25c68470-958e-4591-9cf0-a41ec1fd78b1 is started using port 43156
2019-08-24 06:44:14,457 [Datanode State Machine Thread - 0] INFO  server.XceiverServerGrpc (XceiverServerGrpc.java:start(161)) - XceiverServerGrpc 25c68470-958e-4591-9cf0-a41ec1fd78b1 is started using port 44921
2019-08-24 06:44:14,618 | INFO  | SCMAudit | user=jenkins1000 | ip=192.168.34.51 | op=GET_VERSION null | ret=SUCCESS |  
2019-08-24 06:44:14,631 [Datanode State Machine Thread - 0] INFO  ozoneimpl.OzoneContainer (OzoneContainer.java:start(201)) - Attempting to start container services.
2019-08-24 06:44:14,631 [Datanode State Machine Thread - 0] INFO  ozoneimpl.OzoneContainer (OzoneContainer.java:startContainerScrub(175)) - Background container scrubber has been disabled by hdds.containerscrub.enabled
2019-08-24 06:44:14,631 [Datanode State Machine Thread - 0] INFO  ratis.XceiverServerRatis (XceiverServerRatis.java:start(393)) - Starting XceiverServerRatis bd993a40-bff9-4658-863b-6abb9ef357ab at port 0
2019-08-24 06:44:14,639 [Datanode State Machine Thread - 0] INFO  impl.RaftServerProxy (RaftServerProxy.java:lambda$start$3(299)) - bd993a40-bff9-4658-863b-6abb9ef357ab: start RPC server
2019-08-24 06:44:14,640 [Datanode State Machine Thread - 0] INFO  server.GrpcService (GrpcService.java:startImpl(149)) - bd993a40-bff9-4658-863b-6abb9ef357ab: GrpcService started, listening on 0.0.0.0/0.0.0.0:42667
2019-08-24 06:44:14,641 [Datanode State Machine Thread - 0] INFO  ratis.XceiverServerRatis (XceiverServerRatis.java:start(403)) - XceiverServerRatis bd993a40-bff9-4658-863b-6abb9ef357ab is started using port 42667
2019-08-24 06:44:14,644 [Datanode State Machine Thread - 0] INFO  server.XceiverServerGrpc (XceiverServerGrpc.java:start(161)) - XceiverServerGrpc bd993a40-bff9-4658-863b-6abb9ef357ab is started using port 44070
2019-08-24 06:44:14,820 [main] INFO  ozone.MiniOzoneClusterImpl (MiniOzoneClusterImpl.java:lambda$waitForClusterToBeReady$0(142)) - Waiting for cluster to be ready. Got 0 of 7 DN Heartbeats.
2019-08-24 06:44:14,823 | INFO  | SCMAudit | user=jenkins1000 | ip=192.168.34.51 | op=GET_VERSION null | ret=SUCCESS |  
2019-08-24 06:44:14,851 [Datanode State Machine Thread - 0] INFO  ozoneimpl.OzoneContainer (OzoneContainer.java:start(201)) - Attempting to start container services.
2019-08-24 06:44:14,852 [Datanode State Machine Thread - 0] INFO  ozoneimpl.OzoneContainer (OzoneContainer.java:startContainerScrub(175)) - Background container scrubber has been disabled by hdds.containerscrub.enabled
2019-08-24 06:44:14,852 [Datanode State Machine Thread - 0] INFO  ratis.XceiverServerRatis (XceiverServerRatis.java:start(393)) - Starting XceiverServerRatis 5e7adc50-b544-477d-9a22-450e06c720cc at port 0
2019-08-24 06:44:14,861 [Datanode State Machine Thread - 0] INFO  impl.RaftServerProxy (RaftServerProxy.java:lambda$start$3(299)) - 5e7adc50-b544-477d-9a22-450e06c720cc: start RPC server
2019-08-24 06:44:14,864 [Datanode State Machine Thread - 0] INFO  server.GrpcService (GrpcService.java:startImpl(149)) - 5e7adc50-b544-477d-9a22-450e06c720cc: GrpcService started, listening on 0.0.0.0/0.0.0.0:39195
2019-08-24 06:44:14,865 [Datanode State Machine Thread - 0] INFO  ratis.XceiverServerRatis (XceiverServerRatis.java:start(403)) - XceiverServerRatis 5e7adc50-b544-477d-9a22-450e06c720cc is started using port 39195
2019-08-24 06:44:14,865 [Datanode State Machine Thread - 0] INFO  server.XceiverServerGrpc (XceiverServerGrpc.java:start(161)) - XceiverServerGrpc 5e7adc50-b544-477d-9a22-450e06c720cc is started using port 33017
2019-08-24 06:44:15,264 [IPC Server handler 2 on 45027] INFO  net.NetworkTopology (NetworkTopologyImpl.java:add(110)) - Added a new node: /default-rack/fd008af0-4f48-4b99-a0e7-19298396ae47
2019-08-24 06:44:15,267 [IPC Server handler 2 on 45027] INFO  node.SCMNodeManager (SCMNodeManager.java:register(273)) - Registered Data node : fd008af0-4f48-4b99-a0e7-19298396ae47{ip: 192.168.34.51, host: pr-hdds-1753-tn75t-532954605, networkLocation: /default-rack, certSerialId: null}
2019-08-24 06:44:15,269 [EventQueue-NodeRegistrationContainerReportForDataNodeSafeModeRule] INFO  safemode.SCMSafeModeManager (DataNodeSafeModeRule.java:process(71)) - SCM in safe mode. 1 DataNodes registered, 1 required.
2019-08-24 06:44:15,269 | INFO  | SCMAudit | user=jenkins1000 | ip=192.168.34.51 | op=REGISTER {datanodeDetails=fd008af0-4f48-4b99-a0e7-19298396ae47{ip: 192.168.34.51, host: pr-hdds-1753-tn75t-532954605, networkLocation: /default-rack, certSerialId: null}} | ret=SUCCESS |  
2019-08-24 06:44:15,271 [EventQueue-NodeRegistrationContainerReportForDataNodeSafeModeRule] INFO  safemode.SCMSafeModeManager (SCMSafeModeManager.java:validateSafeModeExitRules(177)) - ScmSafeModeManager, all rules are successfully validated
2019-08-24 06:44:15,272 [EventQueue-NodeRegistrationContainerReportForDataNodeSafeModeRule] INFO  safemode.SCMSafeModeManager (SCMSafeModeManager.java:exitSafeMode(193)) - SCM exiting safe mode.
2019-08-24 06:44:15,317 [grpc-default-executor-11] INFO  impl.RaftServerProxy (RaftServerProxy.java:addNew(89)) - fd008af0-4f48-4b99-a0e7-19298396ae47: addNew group-DF6656FB3AB3:[fd008af0-4f48-4b99-a0e7-19298396ae47:192.168.34.51:44609] returns group-DF6656FB3AB3:java.util.concurrent.CompletableFuture@35b4b560[Not completed]
2019-08-24 06:44:15,320 [pool-439-thread-1] INFO  impl.RaftServerImpl (RaftServerImpl.java:<init>(93)) - fd008af0-4f48-4b99-a0e7-19298396ae47: new RaftServerImpl for group-DF6656FB3AB3:[fd008af0-4f48-4b99-a0e7-19298396ae47:192.168.34.51:44609] with ContainerStateMachine:uninitialized
2019-08-24 06:44:15,321 [pool-439-thread-1] INFO  server.RaftServerConfigKeys (ConfUtils.java:logGet(43)) - raft.server.rpc.timeout.min = 5s (custom)
2019-08-24 06:44:15,321 [pool-439-thread-1] INFO  server.RaftServerConfigKeys (ConfUtils.java:logGet(43)) - raft.server.rpc.timeout.max = 5200ms (custom)
2019-08-24 06:44:15,321 [pool-439-thread-1] INFO  server.RaftServerConfigKeys (ConfUtils.java:logGet(43)) - raft.server.rpcslowness.timeout = 120s (custom)
2019-08-24 06:44:15,321 [pool-439-thread-1] INFO  server.RaftServerConfigKeys (ConfUtils.java:logGet(43)) - raft.server.sleep.deviation.threshold = 300 (default)
2019-08-24 06:44:15,321 [pool-439-thread-1] INFO  server.RaftServerConfigKeys (ConfUtils.java:logGet(43)) - raft.server.log.appender.install.snapshot.enabled = false (custom)
2019-08-24 06:44:15,322 [pool-439-thread-1] INFO  impl.RaftServerImpl (ServerState.java:<init>(105)) - fd008af0-4f48-4b99-a0e7-19298396ae47:group-DF6656FB3AB3 ConfigurationManager, init=-1: [fd008af0-4f48-4b99-a0e7-19298396ae47:192.168.34.51:44609], old=null, confs=<EMPTY_MAP>
2019-08-24 06:44:15,322 [pool-439-thread-1] INFO  server.RaftServerConfigKeys (ConfUtils.java:logGet(43)) - raft.server.storage.dir = [/workdir/hadoop-ozone/integration-test/target/test-dir/MiniOzoneClusterImpl-a8998418-e7b8-46c6-9f95-b9b709c41866/datanode-0/data/ratis] (custom)
2019-08-24 06:44:15,323 [pool-439-thread-1] INFO  storage.RaftStorageDirectory (RaftStorageDirectory.java:analyzeStorage(246)) - The storage directory /workdir/hadoop-ozone/integration-test/target/test-dir/MiniOzoneClusterImpl-a8998418-e7b8-46c6-9f95-b9b709c41866/datanode-0/data/ratis/6732f970-c3d0-481d-9e28-df6656fb3ab3 does not exist. Creating ...
2019-08-24 06:44:15,345 [pool-439-thread-1] INFO  storage.RaftStorageDirectory (RaftStorageDirectory.java:tryLock(328)) - Lock on /workdir/hadoop-ozone/integration-test/target/test-dir/MiniOzoneClusterImpl-a8998418-e7b8-46c6-9f95-b9b709c41866/datanode-0/data/ratis/6732f970-c3d0-481d-9e28-df6656fb3ab3/in_use.lock acquired by nodename 11820@pr-hdds-1753-tn75t-532954605
2019-08-24 06:44:15,358 [pool-439-thread-1] INFO  storage.RaftStorage (RaftStorage.java:format(72)) - Storage directory /workdir/hadoop-ozone/integration-test/target/test-dir/MiniOzoneClusterImpl-a8998418-e7b8-46c6-9f95-b9b709c41866/datanode-0/data/ratis/6732f970-c3d0-481d-9e28-df6656fb3ab3 has been successfully formatted.
2019-08-24 06:44:15,358 [pool-439-thread-1] INFO  ratis.ContainerStateMachine (ContainerStateMachine.java:loadSnapshot(227)) - group-DF6656FB3AB3: The snapshot info is null. Setting the last applied indexto:(t:0, i:~)
2019-08-24 06:44:15,358 [pool-439-thread-1] INFO  server.RaftServerConfigKeys (ConfUtils.java:logGet(43)) - raft.server.leader.election.timeout = 120s (custom)
2019-08-24 06:44:15,359 [pool-439-thread-1] INFO  server.RaftServerConfigKeys (ConfUtils.java:logGet(43)) - raft.server.log.use.memory = false (default)
2019-08-24 06:44:15,359 [pool-439-thread-1] INFO  server.RaftServerConfigKeys (ConfUtils.java:logGet(43)) - raft.server.log.purge.gap = 1000000 (custom)
2019-08-24 06:44:15,359 [pool-439-thread-1] INFO  server.RaftServerConfigKeys (ConfUtils.java:logGet(43)) - raft.server.log.appender.buffer.byte-limit = 33554432 (custom)
2019-08-24 06:44:15,359 [pool-439-thread-1] INFO  server.RaftServerConfigKeys (ConfUtils.java:logGet(43)) - raft.server.log.segment.size.max = 1048576 (custom)
2019-08-24 06:44:15,359 [pool-439-thread-1] INFO  server.RaftServerConfigKeys (ConfUtils.java:logGet(43)) - raft.server.log.segment.cache.num.max = 2 (custom)
2019-08-24 06:44:15,360 [pool-439-thread-1] INFO  segmented.SegmentedRaftLogWorker (SegmentedRaftLogWorker.java:<init>(172)) - new fd008af0-4f48-4b99-a0e7-19298396ae47-SegmentedRaftLogWorker:Storage Directory /workdir/hadoop-ozone/integration-test/target/test-dir/MiniOzoneClusterImpl-a8998418-e7b8-46c6-9f95-b9b709c41866/datanode-0/data/ratis/6732f970-c3d0-481d-9e28-df6656fb3ab3 for RaftStorage:Storage Directory /workdir/hadoop-ozone/integration-test/target/test-dir/MiniOzoneClusterImpl-a8998418-e7b8-46c6-9f95-b9b709c41866/datanode-0/data/ratis/6732f970-c3d0-481d-9e28-df6656fb3ab3
2019-08-24 06:44:15,360 [pool-439-thread-1] INFO  server.RaftServerConfigKeys (ConfUtils.java:logGet(43)) - raft.server.log.queue.byte-limit = 2147483647 (custom)
2019-08-24 06:44:15,360 [pool-439-thread-1] INFO  server.RaftServerConfigKeys (ConfUtils.java:logGet(43)) - raft.server.log.queue.element-limit = 1024 (custom)
2019-08-24 06:44:15,361 [pool-439-thread-1] INFO  server.RaftServerConfigKeys (ConfUtils.java:logGet(43)) - raft.server.log.segment.size.max = 1048576 (custom)
2019-08-24 06:44:15,361 [pool-439-thread-1] INFO  server.RaftServerConfigKeys (ConfUtils.java:logGet(43)) - raft.server.log.preallocated.size = 16384 (custom)
2019-08-24 06:44:15,361 [pool-439-thread-1] INFO  server.RaftServerConfigKeys (ConfUtils.java:logGet(43)) - raft.server.log.write.buffer.size = 33554432 (custom)
2019-08-24 06:44:15,361 [pool-439-thread-1] INFO  server.RaftServerConfigKeys (ConfUtils.java:logGet(43)) - raft.server.log.force.sync.num = 128 (default)
2019-08-24 06:44:15,361 [pool-439-thread-1] INFO  server.RaftServerConfigKeys (ConfUtils.java:logGet(43)) - raft.server.log.statemachine.data.sync = true (default)
2019-08-24 06:44:15,361 [pool-439-thread-1] INFO  server.RaftServerConfigKeys (ConfUtils.java:logGet(43)) - raft.server.log.statemachine.data.sync.timeout = 10s (default)
2019-08-24 06:44:15,362 [pool-439-thread-1] INFO  server.RaftServerConfigKeys (ConfUtils.java:logGet(43)) - raft.server.log.statemachine.data.sync.timeout.retry = -1 (default)
2019-08-24 06:44:15,362 [pool-439-thread-1] INFO  server.RaftServerConfigKeys (ConfUtils.java:logGet(43)) - raft.server.log.statemachine.data.caching.enabled = true (custom)
2019-08-24 06:44:15,362 [pool-439-thread-1] INFO  segmented.SegmentedRaftLogWorker (SegmentedRaftLogWorker.java:lambda$new$0(132)) - fd008af0-4f48-4b99-a0e7-19298396ae47-SegmentedRaftLogWorker:Storage Directory /workdir/hadoop-ozone/integration-test/target/test-dir/MiniOzoneClusterImpl-a8998418-e7b8-46c6-9f95-b9b709c41866/datanode-0/data/ratis/6732f970-c3d0-481d-9e28-df6656fb3ab3: flushIndex: setUnconditionally 0 -> -1
2019-08-24 06:44:15,363 [pool-439-thread-1] INFO  server.RaftServerConfigKeys (ConfUtils.java:logGet(43)) - raft.server.snapshot.auto.trigger.enabled = true (custom)
2019-08-24 06:44:15,363 [pool-439-thread-1] INFO  server.RaftServerConfigKeys (ConfUtils.java:logGet(43)) - raft.server.snapshot.auto.trigger.threshold = 10000 (custom)
2019-08-24 06:44:15,363 [pool-439-thread-1] INFO  server.RaftServerConfigKeys (ConfUtils.java:logGet(43)) - raft.server.retrycache.expirytime = 600000ms (custom)
2019-08-24 06:44:15,364 [pool-439-thread-1] INFO  impl.RaftServerImpl (RaftServerImpl.java:start(180)) - fd008af0-4f48-4b99-a0e7-19298396ae47: start group-DF6656FB3AB3
2019-08-24 06:44:15,364 [pool-439-thread-1] INFO  impl.RaftServerImpl (RaftServerImpl.java:setRole(171)) - fd008af0-4f48-4b99-a0e7-19298396ae47:group-DF6656FB3AB3 changes role from null to FOLLOWER at term 0 for startAsFollower
2019-08-24 06:44:15,364 [pool-439-thread-1] INFO  impl.RoleInfo (RoleInfo.java:updateAndGet(143)) - fd008af0-4f48-4b99-a0e7-19298396ae47: start FollowerState
2019-08-24 06:44:15,366 [pool-439-thread-1] INFO  util.JmxRegister (JmxRegister.java:tryRegister(44)) - Successfully registered JMX Bean with object name Ratis:service=RaftServer,group=group-DF6656FB3AB3,id=fd008af0-4f48-4b99-a0e7-19298396ae47
2019-08-24 06:44:15,370 [RatisPipelineUtilsThread] INFO  pipeline.PipelineStateManager (PipelineStateManager.java:addPipeline(56)) - Created pipeline Pipeline[ Id: 6732f970-c3d0-481d-9e28-df6656fb3ab3, Nodes: fd008af0-4f48-4b99-a0e7-19298396ae47{ip: 192.168.34.51, host: pr-hdds-1753-tn75t-532954605, networkLocation: /default-rack, certSerialId: null}, Type:RATIS, Factor:ONE, State:OPEN]
2019-08-24 06:44:15,821 [main] INFO  ozone.MiniOzoneClusterImpl (MiniOzoneClusterImpl.java:lambda$waitForClusterToBeReady$0(142)) - Waiting for cluster to be ready. Got 1 of 7 DN Heartbeats.
2019-08-24 06:44:15,840 [IPC Server handler 2 on 45027] INFO  net.NetworkTopology (NetworkTopologyImpl.java:add(110)) - Added a new node: /default-rack/cfa00991-4858-43cd-92ab-b86e3cf154fa
2019-08-24 06:44:15,840 [IPC Server handler 2 on 45027] INFO  node.SCMNodeManager (SCMNodeManager.java:register(273)) - Registered Data node : cfa00991-4858-43cd-92ab-b86e3cf154fa{ip: 192.168.34.51, host: pr-hdds-1753-tn75t-532954605, networkLocation: /default-rack, certSerialId: null}
2019-08-24 06:44:15,840 | INFO  | SCMAudit | user=jenkins1000 | ip=192.168.34.51 | op=REGISTER {datanodeDetails=cfa00991-4858-43cd-92ab-b86e3cf154fa{ip: 192.168.34.51, host: pr-hdds-1753-tn75t-532954605, networkLocation: /default-rack, certSerialId: null}} | ret=SUCCESS |  
2019-08-24 06:44:15,849 [grpc-default-executor-11] INFO  impl.RaftServerProxy (RaftServerProxy.java:addNew(89)) - cfa00991-4858-43cd-92ab-b86e3cf154fa: addNew group-7B2E181575EC:[cfa00991-4858-43cd-92ab-b86e3cf154fa:192.168.34.51:36853] returns group-7B2E181575EC:java.util.concurrent.CompletableFuture@3c3a4d8b[Not completed]
2019-08-24 06:44:15,851 [pool-450-thread-1] INFO  impl.RaftServerImpl (RaftServerImpl.java:<init>(93)) - cfa00991-4858-43cd-92ab-b86e3cf154fa: new RaftServerImpl for group-7B2E181575EC:[cfa00991-4858-43cd-92ab-b86e3cf154fa:192.168.34.51:36853] with ContainerStateMachine:uninitialized
2019-08-24 06:44:15,851 [pool-450-thread-1] INFO  server.RaftServerConfigKeys (ConfUtils.java:logGet(43)) - raft.server.rpc.timeout.min = 5s (custom)
2019-08-24 06:44:15,851 [pool-450-thread-1] INFO  server.RaftServerConfigKeys (ConfUtils.java:logGet(43)) - raft.server.rpc.timeout.max = 5200ms (custom)
2019-08-24 06:44:15,851 [pool-450-thread-1] INFO  server.RaftServerConfigKeys (ConfUtils.java:logGet(43)) - raft.server.rpcslowness.timeout = 120s (custom)
2019-08-24 06:44:15,851 [pool-450-thread-1] INFO  server.RaftServerConfigKeys (ConfUtils.java:logGet(43)) - raft.server.sleep.deviation.threshold = 300 (default)
2019-08-24 06:44:15,852 [pool-450-thread-1] INFO  server.RaftServerConfigKeys (ConfUtils.java:logGet(43)) - raft.server.log.appender.install.snapshot.enabled = false (custom)
2019-08-24 06:44:15,852 [pool-450-thread-1] INFO  impl.RaftServerImpl (ServerState.java:<init>(105)) - cfa00991-4858-43cd-92ab-b86e3cf154fa:group-7B2E181575EC ConfigurationManager, init=-1: [cfa00991-4858-43cd-92ab-b86e3cf154fa:192.168.34.51:36853], old=null, confs=<EMPTY_MAP>
2019-08-24 06:44:15,852 [pool-450-thread-1] INFO  server.RaftServerConfigKeys (ConfUtils.java:logGet(43)) - raft.server.storage.dir = [/workdir/hadoop-ozone/integration-test/target/test-dir/MiniOzoneClusterImpl-a8998418-e7b8-46c6-9f95-b9b709c41866/datanode-1/data/ratis] (custom)
2019-08-24 06:44:15,852 [pool-450-thread-1] INFO  storage.RaftStorageDirectory (RaftStorageDirectory.java:analyzeStorage(246)) - The storage directory /workdir/hadoop-ozone/integration-test/target/test-dir/MiniOzoneClusterImpl-a8998418-e7b8-46c6-9f95-b9b709c41866/datanode-1/data/ratis/30a36730-41c3-4631-b5ac-7b2e181575ec does not exist. Creating ...
2019-08-24 06:44:15,865 [pool-450-thread-1] INFO  storage.RaftStorageDirectory (RaftStorageDirectory.java:tryLock(328)) - Lock on /workdir/hadoop-ozone/integration-test/target/test-dir/MiniOzoneClusterImpl-a8998418-e7b8-46c6-9f95-b9b709c41866/datanode-1/data/ratis/30a36730-41c3-4631-b5ac-7b2e181575ec/in_use.lock acquired by nodename 11820@pr-hdds-1753-tn75t-532954605
2019-08-24 06:44:15,887 [pool-450-thread-1] INFO  storage.RaftStorage (RaftStorage.java:format(72)) - Storage directory /workdir/hadoop-ozone/integration-test/target/test-dir/MiniOzoneClusterImpl-a8998418-e7b8-46c6-9f95-b9b709c41866/datanode-1/data/ratis/30a36730-41c3-4631-b5ac-7b2e181575ec has been successfully formatted.
2019-08-24 06:44:15,887 [pool-450-thread-1] INFO  ratis.ContainerStateMachine (ContainerStateMachine.java:loadSnapshot(227)) - group-7B2E181575EC: The snapshot info is null. Setting the last applied indexto:(t:0, i:~)
2019-08-24 06:44:15,887 [pool-450-thread-1] INFO  server.RaftServerConfigKeys (ConfUtils.java:logGet(43)) - raft.server.leader.election.timeout = 120s (custom)
2019-08-24 06:44:15,887 [pool-450-thread-1] INFO  server.RaftServerConfigKeys (ConfUtils.java:logGet(43)) - raft.server.log.use.memory = false (default)
2019-08-24 06:44:15,888 [pool-450-thread-1] INFO  server.RaftServerConfigKeys (ConfUtils.java:logGet(43)) - raft.server.log.purge.gap = 1000000 (custom)
2019-08-24 06:44:15,888 [pool-450-thread-1] INFO  server.RaftServerConfigKeys (ConfUtils.java:logGet(43)) - raft.server.log.appender.buffer.byte-limit = 33554432 (custom)
2019-08-24 06:44:15,888 [pool-450-thread-1] INFO  server.RaftServerConfigKeys (ConfUtils.java:logGet(43)) - raft.server.log.segment.size.max = 1048576 (custom)
2019-08-24 06:44:15,888 [pool-450-thread-1] INFO  server.RaftServerConfigKeys (ConfUtils.java:logGet(43)) - raft.server.log.segment.cache.num.max = 2 (custom)
2019-08-24 06:44:15,888 [pool-450-thread-1] INFO  segmented.SegmentedRaftLogWorker (SegmentedRaftLogWorker.java:<init>(172)) - new cfa00991-4858-43cd-92ab-b86e3cf154fa-SegmentedRaftLogWorker:Storage Directory /workdir/hadoop-ozone/integration-test/target/test-dir/MiniOzoneClusterImpl-a8998418-e7b8-46c6-9f95-b9b709c41866/datanode-1/data/ratis/30a36730-41c3-4631-b5ac-7b2e181575ec for RaftStorage:Storage Directory /workdir/hadoop-ozone/integration-test/target/test-dir/MiniOzoneClusterImpl-a8998418-e7b8-46c6-9f95-b9b709c41866/datanode-1/data/ratis/30a36730-41c3-4631-b5ac-7b2e181575ec
2019-08-24 06:44:15,889 [pool-450-thread-1] INFO  server.RaftServerConfigKeys (ConfUtils.java:logGet(43)) - raft.server.log.queue.byte-limit = 2147483647 (custom)
2019-08-24 06:44:15,889 [pool-450-thread-1] INFO  server.RaftServerConfigKeys (ConfUtils.java:logGet(43)) - raft.server.log.queue.element-limit = 1024 (custom)
2019-08-24 06:44:15,889 [pool-450-thread-1] INFO  server.RaftServerConfigKeys (ConfUtils.java:logGet(43)) - raft.server.log.segment.size.max = 1048576 (custom)
2019-08-24 06:44:15,889 [pool-450-thread-1] INFO  server.RaftServerConfigKeys (ConfUtils.java:logGet(43)) - raft.server.log.preallocated.size = 16384 (custom)
2019-08-24 06:44:15,889 [pool-450-thread-1] INFO  server.RaftServerConfigKeys (ConfUtils.java:logGet(43)) - raft.server.log.write.buffer.size = 33554432 (custom)
2019-08-24 06:44:15,889 [pool-450-thread-1] INFO  server.RaftServerConfigKeys (ConfUtils.java:logGet(43)) - raft.server.log.force.sync.num = 128 (default)
2019-08-24 06:44:15,890 [pool-450-thread-1] INFO  server.RaftServerConfigKeys (ConfUtils.java:logGet(43)) - raft.server.log.statemachine.data.sync = true (default)
2019-08-24 06:44:15,890 [pool-450-thread-1] INFO  server.RaftServerConfigKeys (ConfUtils.java:logGet(43)) - raft.server.log.statemachine.data.sync.timeout = 10s (default)
2019-08-24 06:44:15,890 [pool-450-thread-1] INFO  server.RaftServerConfigKeys (ConfUtils.java:logGet(43)) - raft.server.log.statemachine.data.sync.timeout.retry = -1 (default)
2019-08-24 06:44:15,890 [pool-450-thread-1] INFO  server.RaftServerConfigKeys (ConfUtils.java:logGet(43)) - raft.server.log.statemachine.data.caching.enabled = true (custom)
2019-08-24 06:44:15,891 [pool-450-thread-1] INFO  segmented.SegmentedRaftLogWorker (SegmentedRaftLogWorker.java:lambda$new$0(132)) - cfa00991-4858-43cd-92ab-b86e3cf154fa-SegmentedRaftLogWorker:Storage Directory /workdir/hadoop-ozone/integration-test/target/test-dir/MiniOzoneClusterImpl-a8998418-e7b8-46c6-9f95-b9b709c41866/datanode-1/data/ratis/30a36730-41c3-4631-b5ac-7b2e181575ec: flushIndex: setUnconditionally 0 -> -1
2019-08-24 06:44:15,892 [pool-450-thread-1] INFO  server.RaftServerConfigKeys (ConfUtils.java:logGet(43)) - raft.server.snapshot.auto.trigger.enabled = true (custom)
2019-08-24 06:44:15,892 [pool-450-thread-1] INFO  server.RaftServerConfigKeys (ConfUtils.java:logGet(43)) - raft.server.snapshot.auto.trigger.threshold = 10000 (custom)
2019-08-24 06:44:15,892 [pool-450-thread-1] INFO  server.RaftServerConfigKeys (ConfUtils.java:logGet(43)) - raft.server.retrycache.expirytime = 600000ms (custom)
2019-08-24 06:44:15,892 [pool-450-thread-1] INFO  impl.RaftServerImpl (RaftServerImpl.java:start(180)) - cfa00991-4858-43cd-92ab-b86e3cf154fa: start group-7B2E181575EC
2019-08-24 06:44:15,892 [pool-450-thread-1] INFO  impl.RaftServerImpl (RaftServerImpl.java:setRole(171)) - cfa00991-4858-43cd-92ab-b86e3cf154fa:group-7B2E181575EC changes role from null to FOLLOWER at term 0 for startAsFollower
2019-08-24 06:44:15,893 [pool-450-thread-1] INFO  impl.RoleInfo (RoleInfo.java:updateAndGet(143)) - cfa00991-4858-43cd-92ab-b86e3cf154fa: start FollowerState
2019-08-24 06:44:15,893 [pool-450-thread-1] INFO  util.JmxRegister (JmxRegister.java:tryRegister(44)) - Successfully registered JMX Bean with object name Ratis:service=RaftServer,group=group-7B2E181575EC,id=cfa00991-4858-43cd-92ab-b86e3cf154fa
2019-08-24 06:44:15,895 [RatisPipelineUtilsThread] INFO  pipeline.PipelineStateManager (PipelineStateManager.java:addPipeline(56)) - Created pipeline Pipeline[ Id: 30a36730-41c3-4631-b5ac-7b2e181575ec, Nodes: cfa00991-4858-43cd-92ab-b86e3cf154fa{ip: 192.168.34.51, host: pr-hdds-1753-tn75t-532954605, networkLocation: /default-rack, certSerialId: null}, Type:RATIS, Factor:ONE, State:OPEN]
2019-08-24 06:44:16,052 [IPC Server handler 4 on 45027] INFO  net.NetworkTopology (NetworkTopologyImpl.java:add(110)) - Added a new node: /default-rack/4ae5f13b-0709-4697-8c2d-45e48ce4c21a
2019-08-24 06:44:16,052 [IPC Server handler 4 on 45027] INFO  node.SCMNodeManager (SCMNodeManager.java:register(273)) - Registered Data node : 4ae5f13b-0709-4697-8c2d-45e48ce4c21a{ip: 192.168.34.51, host: pr-hdds-1753-tn75t-532954605, networkLocation: /default-rack, certSerialId: null}
2019-08-24 06:44:16,053 | INFO  | SCMAudit | user=jenkins1000 | ip=192.168.34.51 | op=REGISTER {datanodeDetails=4ae5f13b-0709-4697-8c2d-45e48ce4c21a{ip: 192.168.34.51, host: pr-hdds-1753-tn75t-532954605, networkLocation: /default-rack, certSerialId: null}} | ret=SUCCESS |  
2019-08-24 06:44:16,062 [grpc-default-executor-11] INFO  impl.RaftServerProxy (RaftServerProxy.java:addNew(89)) - 4ae5f13b-0709-4697-8c2d-45e48ce4c21a: addNew group-B144B852F64B:[4ae5f13b-0709-4697-8c2d-45e48ce4c21a:192.168.34.51:42809] returns group-B144B852F64B:java.util.concurrent.CompletableFuture@56cc5c57[Not completed]
2019-08-24 06:44:16,063 [pool-461-thread-1] INFO  impl.RaftServerImpl (RaftServerImpl.java:<init>(93)) - 4ae5f13b-0709-4697-8c2d-45e48ce4c21a: new RaftServerImpl for group-B144B852F64B:[4ae5f13b-0709-4697-8c2d-45e48ce4c21a:192.168.34.51:42809] with ContainerStateMachine:uninitialized
2019-08-24 06:44:16,064 [pool-461-thread-1] INFO  server.RaftServerConfigKeys (ConfUtils.java:logGet(43)) - raft.server.rpc.timeout.min = 5s (custom)
2019-08-24 06:44:16,064 [pool-461-thread-1] INFO  server.RaftServerConfigKeys (ConfUtils.java:logGet(43)) - raft.server.rpc.timeout.max = 5200ms (custom)
2019-08-24 06:44:16,064 [pool-461-thread-1] INFO  server.RaftServerConfigKeys (ConfUtils.java:logGet(43)) - raft.server.rpcslowness.timeout = 120s (custom)
2019-08-24 06:44:16,064 [pool-461-thread-1] INFO  server.RaftServerConfigKeys (ConfUtils.java:logGet(43)) - raft.server.sleep.deviation.threshold = 300 (default)
2019-08-24 06:44:16,064 [pool-461-thread-1] INFO  server.RaftServerConfigKeys (ConfUtils.java:logGet(43)) - raft.server.log.appender.install.snapshot.enabled = false (custom)
2019-08-24 06:44:16,064 [pool-461-thread-1] INFO  impl.RaftServerImpl (ServerState.java:<init>(105)) - 4ae5f13b-0709-4697-8c2d-45e48ce4c21a:group-B144B852F64B ConfigurationManager, init=-1: [4ae5f13b-0709-4697-8c2d-45e48ce4c21a:192.168.34.51:42809], old=null, confs=<EMPTY_MAP>
2019-08-24 06:44:16,065 [pool-461-thread-1] INFO  server.RaftServerConfigKeys (ConfUtils.java:logGet(43)) - raft.server.storage.dir = [/workdir/hadoop-ozone/integration-test/target/test-dir/MiniOzoneClusterImpl-a8998418-e7b8-46c6-9f95-b9b709c41866/datanode-2/data/ratis] (custom)
2019-08-24 06:44:16,065 [pool-461-thread-1] INFO  storage.RaftStorageDirectory (RaftStorageDirectory.java:analyzeStorage(246)) - The storage directory /workdir/hadoop-ozone/integration-test/target/test-dir/MiniOzoneClusterImpl-a8998418-e7b8-46c6-9f95-b9b709c41866/datanode-2/data/ratis/3878e8bb-34d6-4075-863d-b144b852f64b does not exist. Creating ...
2019-08-24 06:44:16,078 [pool-461-thread-1] INFO  storage.RaftStorageDirectory (RaftStorageDirectory.java:tryLock(328)) - Lock on /workdir/hadoop-ozone/integration-test/target/test-dir/MiniOzoneClusterImpl-a8998418-e7b8-46c6-9f95-b9b709c41866/datanode-2/data/ratis/3878e8bb-34d6-4075-863d-b144b852f64b/in_use.lock acquired by nodename 11820@pr-hdds-1753-tn75t-532954605
2019-08-24 06:44:16,091 [pool-461-thread-1] INFO  storage.RaftStorage (RaftStorage.java:format(72)) - Storage directory /workdir/hadoop-ozone/integration-test/target/test-dir/MiniOzoneClusterImpl-a8998418-e7b8-46c6-9f95-b9b709c41866/datanode-2/data/ratis/3878e8bb-34d6-4075-863d-b144b852f64b has been successfully formatted.
2019-08-24 06:44:16,092 [pool-461-thread-1] INFO  ratis.ContainerStateMachine (ContainerStateMachine.java:loadSnapshot(227)) - group-B144B852F64B: The snapshot info is null. Setting the last applied indexto:(t:0, i:~)
2019-08-24 06:44:16,092 [pool-461-thread-1] INFO  server.RaftServerConfigKeys (ConfUtils.java:logGet(43)) - raft.server.leader.election.timeout = 120s (custom)
2019-08-24 06:44:16,092 [pool-461-thread-1] INFO  server.RaftServerConfigKeys (ConfUtils.java:logGet(43)) - raft.server.log.use.memory = false (default)
2019-08-24 06:44:16,092 [pool-461-thread-1] INFO  server.RaftServerConfigKeys (ConfUtils.java:logGet(43)) - raft.server.log.purge.gap = 1000000 (custom)
2019-08-24 06:44:16,092 [pool-461-thread-1] INFO  server.RaftServerConfigKeys (ConfUtils.java:logGet(43)) - raft.server.log.appender.buffer.byte-limit = 33554432 (custom)
2019-08-24 06:44:16,093 [pool-461-thread-1] INFO  server.RaftServerConfigKeys (ConfUtils.java:logGet(43)) - raft.server.log.segment.size.max = 1048576 (custom)
2019-08-24 06:44:16,093 [pool-461-thread-1] INFO  server.RaftServerConfigKeys (ConfUtils.java:logGet(43)) - raft.server.log.segment.cache.num.max = 2 (custom)
2019-08-24 06:44:16,093 [pool-461-thread-1] INFO  segmented.SegmentedRaftLogWorker (SegmentedRaftLogWorker.java:<init>(172)) - new 4ae5f13b-0709-4697-8c2d-45e48ce4c21a-SegmentedRaftLogWorker:Storage Directory /workdir/hadoop-ozone/integration-test/target/test-dir/MiniOzoneClusterImpl-a8998418-e7b8-46c6-9f95-b9b709c41866/datanode-2/data/ratis/3878e8bb-34d6-4075-863d-b144b852f64b for RaftStorage:Storage Directory /workdir/hadoop-ozone/integration-test/target/test-dir/MiniOzoneClusterImpl-a8998418-e7b8-46c6-9f95-b9b709c41866/datanode-2/data/ratis/3878e8bb-34d6-4075-863d-b144b852f64b
2019-08-24 06:44:16,093 [pool-461-thread-1] INFO  server.RaftServerConfigKeys (ConfUtils.java:logGet(43)) - raft.server.log.queue.byte-limit = 2147483647 (custom)
2019-08-24 06:44:16,093 [pool-461-thread-1] INFO  server.RaftServerConfigKeys (ConfUtils.java:logGet(43)) - raft.server.log.queue.element-limit = 1024 (custom)
2019-08-24 06:44:16,094 [pool-461-thread-1] INFO  server.RaftServerConfigKeys (ConfUtils.java:logGet(43)) - raft.server.log.segment.size.max = 1048576 (custom)
2019-08-24 06:44:16,094 [pool-461-thread-1] INFO  server.RaftServerConfigKeys (ConfUtils.java:logGet(43)) - raft.server.log.preallocated.size = 16384 (custom)
2019-08-24 06:44:16,094 [pool-461-thread-1] INFO  server.RaftServerConfigKeys (ConfUtils.java:logGet(43)) - raft.server.log.write.buffer.size = 33554432 (custom)
2019-08-24 06:44:16,094 [pool-461-thread-1] INFO  server.RaftServerConfigKeys (ConfUtils.java:logGet(43)) - raft.server.log.force.sync.num = 128 (default)
2019-08-24 06:44:16,094 [pool-461-thread-1] INFO  server.RaftServerConfigKeys (ConfUtils.java:logGet(43)) - raft.server.log.statemachine.data.sync = true (default)
2019-08-24 06:44:16,095 [pool-461-thread-1] INFO  server.RaftServerConfigKeys (ConfUtils.java:logGet(43)) - raft.server.log.statemachine.data.sync.timeout = 10s (default)
2019-08-24 06:44:16,095 [pool-461-thread-1] INFO  server.RaftServerConfigKeys (ConfUtils.java:logGet(43)) - raft.server.log.statemachine.data.sync.timeout.retry = -1 (default)
2019-08-24 06:44:16,095 [pool-461-thread-1] INFO  server.RaftServerConfigKeys (ConfUtils.java:logGet(43)) - raft.server.log.statemachine.data.caching.enabled = true (custom)
2019-08-24 06:44:16,096 [pool-461-thread-1] INFO  segmented.SegmentedRaftLogWorker (SegmentedRaftLogWorker.java:lambda$new$0(132)) - 4ae5f13b-0709-4697-8c2d-45e48ce4c21a-SegmentedRaftLogWorker:Storage Directory /workdir/hadoop-ozone/integration-test/target/test-dir/MiniOzoneClusterImpl-a8998418-e7b8-46c6-9f95-b9b709c41866/datanode-2/data/ratis/3878e8bb-34d6-4075-863d-b144b852f64b: flushIndex: setUnconditionally 0 -> -1
2019-08-24 06:44:16,096 [pool-461-thread-1] INFO  server.RaftServerConfigKeys (ConfUtils.java:logGet(43)) - raft.server.snapshot.auto.trigger.enabled = true (custom)
2019-08-24 06:44:16,096 [pool-461-thread-1] INFO  server.RaftServerConfigKeys (ConfUtils.java:logGet(43)) - raft.server.snapshot.auto.trigger.threshold = 10000 (custom)
2019-08-24 06:44:16,096 [pool-461-thread-1] INFO  server.RaftServerConfigKeys (ConfUtils.java:logGet(43)) - raft.server.retrycache.expirytime = 600000ms (custom)
2019-08-24 06:44:16,097 [pool-461-thread-1] INFO  impl.RaftServerImpl (RaftServerImpl.java:start(180)) - 4ae5f13b-0709-4697-8c2d-45e48ce4c21a: start group-B144B852F64B
2019-08-24 06:44:16,097 [pool-461-thread-1] INFO  impl.RaftServerImpl (RaftServerImpl.java:setRole(171)) - 4ae5f13b-0709-4697-8c2d-45e48ce4c21a:group-B144B852F64B changes role from null to FOLLOWER at term 0 for startAsFollower
2019-08-24 06:44:16,097 [pool-461-thread-1] INFO  impl.RoleInfo (RoleInfo.java:updateAndGet(143)) - 4ae5f13b-0709-4697-8c2d-45e48ce4c21a: start FollowerState
2019-08-24 06:44:16,098 [pool-461-thread-1] INFO  util.JmxRegister (JmxRegister.java:tryRegister(44)) - Successfully registered JMX Bean with object name Ratis:service=RaftServer,group=group-B144B852F64B,id=4ae5f13b-0709-4697-8c2d-45e48ce4c21a
2019-08-24 06:44:16,101 [RatisPipelineUtilsThread] INFO  pipeline.PipelineStateManager (PipelineStateManager.java:addPipeline(56)) - Created pipeline Pipeline[ Id: 3878e8bb-34d6-4075-863d-b144b852f64b, Nodes: 4ae5f13b-0709-4697-8c2d-45e48ce4c21a{ip: 192.168.34.51, host: pr-hdds-1753-tn75t-532954605, networkLocation: /default-rack, certSerialId: null}, Type:RATIS, Factor:ONE, State:OPEN]
2019-08-24 06:44:16,112 [grpc-default-executor-10] INFO  impl.RaftServerProxy (RaftServerProxy.java:addNew(89)) - fd008af0-4f48-4b99-a0e7-19298396ae47: addNew group-C76E2D9A48E9:[cfa00991-4858-43cd-92ab-b86e3cf154fa:192.168.34.51:36853, 4ae5f13b-0709-4697-8c2d-45e48ce4c21a:192.168.34.51:42809, fd008af0-4f48-4b99-a0e7-19298396ae47:192.168.34.51:44609] returns group-C76E2D9A48E9:java.util.concurrent.CompletableFuture@2f418de5[Not completed]
2019-08-24 06:44:16,113 [grpc-default-executor-11] INFO  impl.RaftServerProxy (RaftServerProxy.java:addNew(89)) - 4ae5f13b-0709-4697-8c2d-45e48ce4c21a: addNew group-C76E2D9A48E9:[cfa00991-4858-43cd-92ab-b86e3cf154fa:192.168.34.51:36853, 4ae5f13b-0709-4697-8c2d-45e48ce4c21a:192.168.34.51:42809, fd008af0-4f48-4b99-a0e7-19298396ae47:192.168.34.51:44609] returns group-C76E2D9A48E9:java.util.concurrent.CompletableFuture@3bc419ef[Not completed]
2019-08-24 06:44:16,112 [grpc-default-executor-8] INFO  impl.RaftServerProxy (RaftServerProxy.java:addNew(89)) - cfa00991-4858-43cd-92ab-b86e3cf154fa: addNew group-C76E2D9A48E9:[cfa00991-4858-43cd-92ab-b86e3cf154fa:192.168.34.51:36853, 4ae5f13b-0709-4697-8c2d-45e48ce4c21a:192.168.34.51:42809, fd008af0-4f48-4b99-a0e7-19298396ae47:192.168.34.51:44609] returns group-C76E2D9A48E9:java.util.concurrent.CompletableFuture@1830f237[Not completed]
2019-08-24 06:44:16,114 [pool-439-thread-1] INFO  impl.RaftServerImpl (RaftServerImpl.java:<init>(93)) - fd008af0-4f48-4b99-a0e7-19298396ae47: new RaftServerImpl for group-C76E2D9A48E9:[cfa00991-4858-43cd-92ab-b86e3cf154fa:192.168.34.51:36853, 4ae5f13b-0709-4697-8c2d-45e48ce4c21a:192.168.34.51:42809, fd008af0-4f48-4b99-a0e7-19298396ae47:192.168.34.51:44609] with ContainerStateMachine:uninitialized
2019-08-24 06:44:16,114 [pool-439-thread-1] INFO  server.RaftServerConfigKeys (ConfUtils.java:logGet(43)) - raft.server.rpc.timeout.min = 5s (custom)
2019-08-24 06:44:16,114 [pool-439-thread-1] INFO  server.RaftServerConfigKeys (ConfUtils.java:logGet(43)) - raft.server.rpc.timeout.max = 5200ms (custom)
2019-08-24 06:44:16,114 [pool-439-thread-1] INFO  server.RaftServerConfigKeys (ConfUtils.java:logGet(43)) - raft.server.rpcslowness.timeout = 120s (custom)
2019-08-24 06:44:16,115 [pool-439-thread-1] INFO  server.RaftServerConfigKeys (ConfUtils.java:logGet(43)) - raft.server.sleep.deviation.threshold = 300 (default)
2019-08-24 06:44:16,115 [pool-439-thread-1] INFO  server.RaftServerConfigKeys (ConfUtils.java:logGet(43)) - raft.server.log.appender.install.snapshot.enabled = false (custom)
2019-08-24 06:44:16,115 [pool-439-thread-1] INFO  impl.RaftServerImpl (ServerState.java:<init>(105)) - fd008af0-4f48-4b99-a0e7-19298396ae47:group-C76E2D9A48E9 ConfigurationManager, init=-1: [cfa00991-4858-43cd-92ab-b86e3cf154fa:192.168.34.51:36853, 4ae5f13b-0709-4697-8c2d-45e48ce4c21a:192.168.34.51:42809, fd008af0-4f48-4b99-a0e7-19298396ae47:192.168.34.51:44609], old=null, confs=<EMPTY_MAP>
2019-08-24 06:44:16,115 [pool-461-thread-1] INFO  impl.RaftServerImpl (RaftServerImpl.java:<init>(93)) - 4ae5f13b-0709-4697-8c2d-45e48ce4c21a: new RaftServerImpl for group-C76E2D9A48E9:[cfa00991-4858-43cd-92ab-b86e3cf154fa:192.168.34.51:36853, 4ae5f13b-0709-4697-8c2d-45e48ce4c21a:192.168.34.51:42809, fd008af0-4f48-4b99-a0e7-19298396ae47:192.168.34.51:44609] with ContainerStateMachine:uninitialized
2019-08-24 06:44:16,115 [pool-439-thread-1] INFO  server.RaftServerConfigKeys (ConfUtils.java:logGet(43)) - raft.server.storage.dir = [/workdir/hadoop-ozone/integration-test/target/test-dir/MiniOzoneClusterImpl-a8998418-e7b8-46c6-9f95-b9b709c41866/datanode-0/data/ratis] (custom)
2019-08-24 06:44:16,115 [pool-461-thread-1] INFO  server.RaftServerConfigKeys (ConfUtils.java:logGet(43)) - raft.server.rpc.timeout.min = 5s (custom)
2019-08-24 06:44:16,115 [pool-461-thread-1] INFO  server.RaftServerConfigKeys (ConfUtils.java:logGet(43)) - raft.server.rpc.timeout.max = 5200ms (custom)
2019-08-24 06:44:16,116 [pool-439-thread-1] INFO  storage.RaftStorageDirectory (RaftStorageDirectory.java:analyzeStorage(246)) - The storage directory /workdir/hadoop-ozone/integration-test/target/test-dir/MiniOzoneClusterImpl-a8998418-e7b8-46c6-9f95-b9b709c41866/datanode-0/data/ratis/b3ba31ba-bf55-4a6e-9d46-c76e2d9a48e9 does not exist. Creating ...
2019-08-24 06:44:16,116 [pool-450-thread-1] INFO  impl.RaftServerImpl (RaftServerImpl.java:<init>(93)) - cfa00991-4858-43cd-92ab-b86e3cf154fa: new RaftServerImpl for group-C76E2D9A48E9:[cfa00991-4858-43cd-92ab-b86e3cf154fa:192.168.34.51:36853, 4ae5f13b-0709-4697-8c2d-45e48ce4c21a:192.168.34.51:42809, fd008af0-4f48-4b99-a0e7-19298396ae47:192.168.34.51:44609] with ContainerStateMachine:uninitialized
2019-08-24 06:44:16,116 [pool-461-thread-1] INFO  server.RaftServerConfigKeys (ConfUtils.java:logGet(43)) - raft.server.rpcslowness.timeout = 120s (custom)
2019-08-24 06:44:16,116 [pool-450-thread-1] INFO  server.RaftServerConfigKeys (ConfUtils.java:logGet(43)) - raft.server.rpc.timeout.min = 5s (custom)
2019-08-24 06:44:16,116 [pool-461-thread-1] INFO  server.RaftServerConfigKeys (ConfUtils.java:logGet(43)) - raft.server.sleep.deviation.threshold = 300 (default)
2019-08-24 06:44:16,116 [pool-450-thread-1] INFO  server.RaftServerConfigKeys (ConfUtils.java:logGet(43)) - raft.server.rpc.timeout.max = 5200ms (custom)
2019-08-24 06:44:16,116 [pool-461-thread-1] INFO  server.RaftServerConfigKeys (ConfUtils.java:logGet(43)) - raft.server.log.appender.install.snapshot.enabled = false (custom)
2019-08-24 06:44:16,117 [pool-450-thread-1] INFO  server.RaftServerConfigKeys (ConfUtils.java:logGet(43)) - raft.server.rpcslowness.timeout = 120s (custom)
2019-08-24 06:44:16,117 [pool-461-thread-1] INFO  impl.RaftServerImpl (ServerState.java:<init>(105)) - 4ae5f13b-0709-4697-8c2d-45e48ce4c21a:group-C76E2D9A48E9 ConfigurationManager, init=-1: [cfa00991-4858-43cd-92ab-b86e3cf154fa:192.168.34.51:36853, 4ae5f13b-0709-4697-8c2d-45e48ce4c21a:192.168.34.51:42809, fd008af0-4f48-4b99-a0e7-19298396ae47:192.168.34.51:44609], old=null, confs=<EMPTY_MAP>
2019-08-24 06:44:16,117 [pool-450-thread-1] INFO  server.RaftServerConfigKeys (ConfUtils.java:logGet(43)) - raft.server.sleep.deviation.threshold = 300 (default)
2019-08-24 06:44:16,117 [pool-461-thread-1] INFO  server.RaftServerConfigKeys (ConfUtils.java:logGet(43)) - raft.server.storage.dir = [/workdir/hadoop-ozone/integration-test/target/test-dir/MiniOzoneClusterImpl-a8998418-e7b8-46c6-9f95-b9b709c41866/datanode-2/data/ratis] (custom)
2019-08-24 06:44:16,117 [pool-450-thread-1] INFO  server.RaftServerConfigKeys (ConfUtils.java:logGet(43)) - raft.server.log.appender.install.snapshot.enabled = false (custom)
2019-08-24 06:44:16,117 [pool-450-thread-1] INFO  impl.RaftServerImpl (ServerState.java:<init>(105)) - cfa00991-4858-43cd-92ab-b86e3cf154fa:group-C76E2D9A48E9 ConfigurationManager, init=-1: [cfa00991-4858-43cd-92ab-b86e3cf154fa:192.168.34.51:36853, 4ae5f13b-0709-4697-8c2d-45e48ce4c21a:192.168.34.51:42809, fd008af0-4f48-4b99-a0e7-19298396ae47:192.168.34.51:44609], old=null, confs=<EMPTY_MAP>
2019-08-24 06:44:16,117 [pool-461-thread-1] INFO  storage.RaftStorageDirectory (RaftStorageDirectory.java:analyzeStorage(246)) - The storage directory /workdir/hadoop-ozone/integration-test/target/test-dir/MiniOzoneClusterImpl-a8998418-e7b8-46c6-9f95-b9b709c41866/datanode-2/data/ratis/b3ba31ba-bf55-4a6e-9d46-c76e2d9a48e9 does not exist. Creating ...
2019-08-24 06:44:16,118 [pool-450-thread-1] INFO  server.RaftServerConfigKeys (ConfUtils.java:logGet(43)) - raft.server.storage.dir = [/workdir/hadoop-ozone/integration-test/target/test-dir/MiniOzoneClusterImpl-a8998418-e7b8-46c6-9f95-b9b709c41866/datanode-1/data/ratis] (custom)
2019-08-24 06:44:16,118 [pool-450-thread-1] INFO  storage.RaftStorageDirectory (RaftStorageDirectory.java:analyzeStorage(246)) - The storage directory /workdir/hadoop-ozone/integration-test/target/test-dir/MiniOzoneClusterImpl-a8998418-e7b8-46c6-9f95-b9b709c41866/datanode-1/data/ratis/b3ba31ba-bf55-4a6e-9d46-c76e2d9a48e9 does not exist. Creating ...
2019-08-24 06:44:16,129 [pool-450-thread-1] INFO  storage.RaftStorageDirectory (RaftStorageDirectory.java:tryLock(328)) - Lock on /workdir/hadoop-ozone/integration-test/target/test-dir/MiniOzoneClusterImpl-a8998418-e7b8-46c6-9f95-b9b709c41866/datanode-1/data/ratis/b3ba31ba-bf55-4a6e-9d46-c76e2d9a48e9/in_use.lock acquired by nodename 11820@pr-hdds-1753-tn75t-532954605
2019-08-24 06:44:16,129 [pool-461-thread-1] INFO  storage.RaftStorageDirectory (RaftStorageDirectory.java:tryLock(328)) - Lock on /workdir/hadoop-ozone/integration-test/target/test-dir/MiniOzoneClusterImpl-a8998418-e7b8-46c6-9f95-b9b709c41866/datanode-2/data/ratis/b3ba31ba-bf55-4a6e-9d46-c76e2d9a48e9/in_use.lock acquired by nodename 11820@pr-hdds-1753-tn75t-532954605
2019-08-24 06:44:16,129 [pool-439-thread-1] INFO  storage.RaftStorageDirectory (RaftStorageDirectory.java:tryLock(328)) - Lock on /workdir/hadoop-ozone/integration-test/target/test-dir/MiniOzoneClusterImpl-a8998418-e7b8-46c6-9f95-b9b709c41866/datanode-0/data/ratis/b3ba31ba-bf55-4a6e-9d46-c76e2d9a48e9/in_use.lock acquired by nodename 11820@pr-hdds-1753-tn75t-532954605
2019-08-24 06:44:16,150 [pool-461-thread-1] INFO  storage.RaftStorage (RaftStorage.java:format(72)) - Storage directory /workdir/hadoop-ozone/integration-test/target/test-dir/MiniOzoneClusterImpl-a8998418-e7b8-46c6-9f95-b9b709c41866/datanode-2/data/ratis/b3ba31ba-bf55-4a6e-9d46-c76e2d9a48e9 has been successfully formatted.
2019-08-24 06:44:16,150 [pool-450-thread-1] INFO  storage.RaftStorage (RaftStorage.java:format(72)) - Storage directory /workdir/hadoop-ozone/integration-test/target/test-dir/MiniOzoneClusterImpl-a8998418-e7b8-46c6-9f95-b9b709c41866/datanode-1/data/ratis/b3ba31ba-bf55-4a6e-9d46-c76e2d9a48e9 has been successfully formatted.
2019-08-24 06:44:16,150 [pool-439-thread-1] INFO  storage.RaftStorage (RaftStorage.java:format(72)) - Storage directory /workdir/hadoop-ozone/integration-test/target/test-dir/MiniOzoneClusterImpl-a8998418-e7b8-46c6-9f95-b9b709c41866/datanode-0/data/ratis/b3ba31ba-bf55-4a6e-9d46-c76e2d9a48e9 has been successfully formatted.
2019-08-24 06:44:16,151 [pool-461-thread-1] INFO  ratis.ContainerStateMachine (ContainerStateMachine.java:loadSnapshot(227)) - group-C76E2D9A48E9: The snapshot info is null. Setting the last applied indexto:(t:0, i:~)
2019-08-24 06:44:16,151 [pool-439-thread-1] INFO  ratis.ContainerStateMachine (ContainerStateMachine.java:loadSnapshot(227)) - group-C76E2D9A48E9: The snapshot info is null. Setting the last applied indexto:(t:0, i:~)
2019-08-24 06:44:16,151 [pool-461-thread-1] INFO  server.RaftServerConfigKeys (ConfUtils.java:logGet(43)) - raft.server.leader.election.timeout = 120s (custom)
2019-08-24 06:44:16,151 [pool-450-thread-1] INFO  ratis.ContainerStateMachine (ContainerStateMachine.java:loadSnapshot(227)) - group-C76E2D9A48E9: The snapshot info is null. Setting the last applied indexto:(t:0, i:~)
2019-08-24 06:44:16,152 [pool-461-thread-1] INFO  server.RaftServerConfigKeys (ConfUtils.java:logGet(43)) - raft.server.log.use.memory = false (default)
2019-08-24 06:44:16,151 [pool-439-thread-1] INFO  server.RaftServerConfigKeys (ConfUtils.java:logGet(43)) - raft.server.leader.election.timeout = 120s (custom)
2019-08-24 06:44:16,152 [pool-461-thread-1] INFO  server.RaftServerConfigKeys (ConfUtils.java:logGet(43)) - raft.server.log.purge.gap = 1000000 (custom)
2019-08-24 06:44:16,152 [pool-450-thread-1] INFO  server.RaftServerConfigKeys (ConfUtils.java:logGet(43)) - raft.server.leader.election.timeout = 120s (custom)
2019-08-24 06:44:16,152 [pool-461-thread-1] INFO  server.RaftServerConfigKeys (ConfUtils.java:logGet(43)) - raft.server.log.appender.buffer.byte-limit = 33554432 (custom)
2019-08-24 06:44:16,152 [pool-439-thread-1] INFO  server.RaftServerConfigKeys (ConfUtils.java:logGet(43)) - raft.server.log.use.memory = false (default)
2019-08-24 06:44:16,153 [pool-461-thread-1] INFO  server.RaftServerConfigKeys (ConfUtils.java:logGet(43)) - raft.server.log.segment.size.max = 1048576 (custom)
2019-08-24 06:44:16,153 [pool-450-thread-1] INFO  server.RaftServerConfigKeys (ConfUtils.java:logGet(43)) - raft.server.log.use.memory = false (default)
2019-08-24 06:44:16,153 [pool-461-thread-1] INFO  server.RaftServerConfigKeys (ConfUtils.java:logGet(43)) - raft.server.log.segment.cache.num.max = 2 (custom)
2019-08-24 06:44:16,153 [pool-439-thread-1] INFO  server.RaftServerConfigKeys (ConfUtils.java:logGet(43)) - raft.server.log.purge.gap = 1000000 (custom)
2019-08-24 06:44:16,153 [pool-461-thread-1] INFO  segmented.SegmentedRaftLogWorker (SegmentedRaftLogWorker.java:<init>(172)) - new 4ae5f13b-0709-4697-8c2d-45e48ce4c21a-SegmentedRaftLogWorker:Storage Directory /workdir/hadoop-ozone/integration-test/target/test-dir/MiniOzoneClusterImpl-a8998418-e7b8-46c6-9f95-b9b709c41866/datanode-2/data/ratis/b3ba31ba-bf55-4a6e-9d46-c76e2d9a48e9 for RaftStorage:Storage Directory /workdir/hadoop-ozone/integration-test/target/test-dir/MiniOzoneClusterImpl-a8998418-e7b8-46c6-9f95-b9b709c41866/datanode-2/data/ratis/b3ba31ba-bf55-4a6e-9d46-c76e2d9a48e9
2019-08-24 06:44:16,153 [pool-450-thread-1] INFO  server.RaftServerConfigKeys (ConfUtils.java:logGet(43)) - raft.server.log.purge.gap = 1000000 (custom)
2019-08-24 06:44:16,154 [pool-461-thread-1] INFO  server.RaftServerConfigKeys (ConfUtils.java:logGet(43)) - raft.server.log.queue.byte-limit = 2147483647 (custom)
2019-08-24 06:44:16,154 [pool-439-thread-1] INFO  server.RaftServerConfigKeys (ConfUtils.java:logGet(43)) - raft.server.log.appender.buffer.byte-limit = 33554432 (custom)
2019-08-24 06:44:16,154 [pool-461-thread-1] INFO  server.RaftServerConfigKeys (ConfUtils.java:logGet(43)) - raft.server.log.queue.element-limit = 1024 (custom)
2019-08-24 06:44:16,154 [pool-450-thread-1] INFO  server.RaftServerConfigKeys (ConfUtils.java:logGet(43)) - raft.server.log.appender.buffer.byte-limit = 33554432 (custom)
2019-08-24 06:44:16,155 [pool-461-thread-1] INFO  server.RaftServerConfigKeys (ConfUtils.java:logGet(43)) - raft.server.log.segment.size.max = 1048576 (custom)
2019-08-24 06:44:16,154 [pool-439-thread-1] INFO  server.RaftServerConfigKeys (ConfUtils.java:logGet(43)) - raft.server.log.segment.size.max = 1048576 (custom)
2019-08-24 06:44:16,155 [pool-461-thread-1] INFO  server.RaftServerConfigKeys (ConfUtils.java:logGet(43)) - raft.server.log.preallocated.size = 16384 (custom)
2019-08-24 06:44:16,155 [pool-450-thread-1] INFO  server.RaftServerConfigKeys (ConfUtils.java:logGet(43)) - raft.server.log.segment.size.max = 1048576 (custom)
2019-08-24 06:44:16,155 [pool-461-thread-1] INFO  server.RaftServerConfigKeys (ConfUtils.java:logGet(43)) - raft.server.log.write.buffer.size = 33554432 (custom)
2019-08-24 06:44:16,155 [pool-439-thread-1] INFO  server.RaftServerConfigKeys (ConfUtils.java:logGet(43)) - raft.server.log.segment.cache.num.max = 2 (custom)
2019-08-24 06:44:16,156 [pool-461-thread-1] INFO  server.RaftServerConfigKeys (ConfUtils.java:logGet(43)) - raft.server.log.force.sync.num = 128 (default)
2019-08-24 06:44:16,156 [pool-461-thread-1] INFO  server.RaftServerConfigKeys (ConfUtils.java:logGet(43)) - raft.server.log.statemachine.data.sync = true (default)
2019-08-24 06:44:16,156 [pool-450-thread-1] INFO  server.RaftServerConfigKeys (ConfUtils.java:logGet(43)) - raft.server.log.segment.cache.num.max = 2 (custom)
2019-08-24 06:44:16,156 [pool-461-thread-1] INFO  server.RaftServerConfigKeys (ConfUtils.java:logGet(43)) - raft.server.log.statemachine.data.sync.timeout = 10s (default)
2019-08-24 06:44:16,156 [pool-461-thread-1] INFO  server.RaftServerConfigKeys (ConfUtils.java:logGet(43)) - raft.server.log.statemachine.data.sync.timeout.retry = -1 (default)
2019-08-24 06:44:16,156 [pool-439-thread-1] INFO  segmented.SegmentedRaftLogWorker (SegmentedRaftLogWorker.java:<init>(172)) - new fd008af0-4f48-4b99-a0e7-19298396ae47-SegmentedRaftLogWorker:Storage Directory /workdir/hadoop-ozone/integration-test/target/test-dir/MiniOzoneClusterImpl-a8998418-e7b8-46c6-9f95-b9b709c41866/datanode-0/data/ratis/b3ba31ba-bf55-4a6e-9d46-c76e2d9a48e9 for RaftStorage:Storage Directory /workdir/hadoop-ozone/integration-test/target/test-dir/MiniOzoneClusterImpl-a8998418-e7b8-46c6-9f95-b9b709c41866/datanode-0/data/ratis/b3ba31ba-bf55-4a6e-9d46-c76e2d9a48e9
2019-08-24 06:44:16,156 [pool-450-thread-1] INFO  segmented.SegmentedRaftLogWorker (SegmentedRaftLogWorker.java:<init>(172)) - new cfa00991-4858-43cd-92ab-b86e3cf154fa-SegmentedRaftLogWorker:Storage Directory /workdir/hadoop-ozone/integration-test/target/test-dir/MiniOzoneClusterImpl-a8998418-e7b8-46c6-9f95-b9b709c41866/datanode-1/data/ratis/b3ba31ba-bf55-4a6e-9d46-c76e2d9a48e9 for RaftStorage:Storage Directory /workdir/hadoop-ozone/integration-test/target/test-dir/MiniOzoneClusterImpl-a8998418-e7b8-46c6-9f95-b9b709c41866/datanode-1/data/ratis/b3ba31ba-bf55-4a6e-9d46-c76e2d9a48e9
2019-08-24 06:44:16,157 [pool-439-thread-1] INFO  server.RaftServerConfigKeys (ConfUtils.java:logGet(43)) - raft.server.log.queue.byte-limit = 2147483647 (custom)
2019-08-24 06:44:16,157 [pool-461-thread-1] INFO  server.RaftServerConfigKeys (ConfUtils.java:logGet(43)) - raft.server.log.statemachine.data.caching.enabled = true (custom)
2019-08-24 06:44:16,157 [pool-439-thread-1] INFO  server.RaftServerConfigKeys (ConfUtils.java:logGet(43)) - raft.server.log.queue.element-limit = 1024 (custom)
2019-08-24 06:44:16,157 [pool-450-thread-1] INFO  server.RaftServerConfigKeys (ConfUtils.java:logGet(43)) - raft.server.log.queue.byte-limit = 2147483647 (custom)
2019-08-24 06:44:16,157 [pool-439-thread-1] INFO  server.RaftServerConfigKeys (ConfUtils.java:logGet(43)) - raft.server.log.segment.size.max = 1048576 (custom)
2019-08-24 06:44:16,158 [pool-461-thread-1] INFO  segmented.SegmentedRaftLogWorker (SegmentedRaftLogWorker.java:lambda$new$0(132)) - 4ae5f13b-0709-4697-8c2d-45e48ce4c21a-SegmentedRaftLogWorker:Storage Directory /workdir/hadoop-ozone/integration-test/target/test-dir/MiniOzoneClusterImpl-a8998418-e7b8-46c6-9f95-b9b709c41866/datanode-2/data/ratis/b3ba31ba-bf55-4a6e-9d46-c76e2d9a48e9: flushIndex: setUnconditionally 0 -> -1
2019-08-24 06:44:16,158 [pool-450-thread-1] INFO  server.RaftServerConfigKeys (ConfUtils.java:logGet(43)) - raft.server.log.queue.element-limit = 1024 (custom)
2019-08-24 06:44:16,158 [pool-439-thread-1] INFO  server.RaftServerConfigKeys (ConfUtils.java:logGet(43)) - raft.server.log.preallocated.size = 16384 (custom)
2019-08-24 06:44:16,158 [pool-461-thread-1] INFO  server.RaftServerConfigKeys (ConfUtils.java:logGet(43)) - raft.server.snapshot.auto.trigger.enabled = true (custom)
2019-08-24 06:44:16,158 [pool-450-thread-1] INFO  server.RaftServerConfigKeys (ConfUtils.java:logGet(43)) - raft.server.log.segment.size.max = 1048576 (custom)
2019-08-24 06:44:16,159 [pool-461-thread-1] INFO  server.RaftServerConfigKeys (ConfUtils.java:logGet(43)) - raft.server.snapshot.auto.trigger.threshold = 10000 (custom)
2019-08-24 06:44:16,158 [pool-439-thread-1] INFO  server.RaftServerConfigKeys (ConfUtils.java:logGet(43)) - raft.server.log.write.buffer.size = 33554432 (custom)
2019-08-24 06:44:16,159 [pool-461-thread-1] INFO  server.RaftServerConfigKeys (ConfUtils.java:logGet(43)) - raft.server.retrycache.expirytime = 600000ms (custom)
2019-08-24 06:44:16,159 [pool-450-thread-1] INFO  server.RaftServerConfigKeys (ConfUtils.java:logGet(43)) - raft.server.log.preallocated.size = 16384 (custom)
2019-08-24 06:44:16,159 [pool-439-thread-1] INFO  server.RaftServerConfigKeys (ConfUtils.java:logGet(43)) - raft.server.log.force.sync.num = 128 (default)
2019-08-24 06:44:16,160 [pool-461-thread-1] INFO  impl.RaftServerImpl (RaftServerImpl.java:start(180)) - 4ae5f13b-0709-4697-8c2d-45e48ce4c21a: start group-C76E2D9A48E9
2019-08-24 06:44:16,159 [pool-450-thread-1] INFO  server.RaftServerConfigKeys (ConfUtils.java:logGet(43)) - raft.server.log.write.buffer.size = 33554432 (custom)
2019-08-24 06:44:16,160 [pool-461-thread-1] INFO  impl.RaftServerImpl (RaftServerImpl.java:setRole(171)) - 4ae5f13b-0709-4697-8c2d-45e48ce4c21a:group-C76E2D9A48E9 changes role from null to FOLLOWER at term 0 for startAsFollower
2019-08-24 06:44:16,160 [pool-439-thread-1] INFO  server.RaftServerConfigKeys (ConfUtils.java:logGet(43)) - raft.server.log.statemachine.data.sync = true (default)
2019-08-24 06:44:16,160 [pool-461-thread-1] INFO  impl.RoleInfo (RoleInfo.java:updateAndGet(143)) - 4ae5f13b-0709-4697-8c2d-45e48ce4c21a: start FollowerState
2019-08-24 06:44:16,160 [pool-450-thread-1] INFO  server.RaftServerConfigKeys (ConfUtils.java:logGet(43)) - raft.server.log.force.sync.num = 128 (default)
2019-08-24 06:44:16,160 [pool-439-thread-1] INFO  server.RaftServerConfigKeys (ConfUtils.java:logGet(43)) - raft.server.log.statemachine.data.sync.timeout = 10s (default)
2019-08-24 06:44:16,161 [pool-450-thread-1] INFO  server.RaftServerConfigKeys (ConfUtils.java:logGet(43)) - raft.server.log.statemachine.data.sync = true (default)
2019-08-24 06:44:16,161 [pool-439-thread-1] INFO  server.RaftServerConfigKeys (ConfUtils.java:logGet(43)) - raft.server.log.statemachine.data.sync.timeout.retry = -1 (default)
2019-08-24 06:44:16,161 [pool-450-thread-1] INFO  server.RaftServerConfigKeys (ConfUtils.java:logGet(43)) - raft.server.log.statemachine.data.sync.timeout = 10s (default)
2019-08-24 06:44:16,173 [pool-439-thread-1] INFO  server.RaftServerConfigKeys (ConfUtils.java:logGet(43)) - raft.server.log.statemachine.data.caching.enabled = true (custom)
2019-08-24 06:44:16,173 [pool-461-thread-1] INFO  util.JmxRegister (JmxRegister.java:tryRegister(44)) - Successfully registered JMX Bean with object name Ratis:service=RaftServer,group=group-C76E2D9A48E9,id=4ae5f13b-0709-4697-8c2d-45e48ce4c21a
2019-08-24 06:44:16,173 [pool-439-thread-1] INFO  segmented.SegmentedRaftLogWorker (SegmentedRaftLogWorker.java:lambda$new$0(132)) - fd008af0-4f48-4b99-a0e7-19298396ae47-SegmentedRaftLogWorker:Storage Directory /workdir/hadoop-ozone/integration-test/target/test-dir/MiniOzoneClusterImpl-a8998418-e7b8-46c6-9f95-b9b709c41866/datanode-0/data/ratis/b3ba31ba-bf55-4a6e-9d46-c76e2d9a48e9: flushIndex: setUnconditionally 0 -> -1
2019-08-24 06:44:16,173 [pool-450-thread-1] INFO  server.RaftServerConfigKeys (ConfUtils.java:logGet(43)) - raft.server.log.statemachine.data.sync.timeout.retry = -1 (default)
2019-08-24 06:44:16,174 [pool-439-thread-1] INFO  server.RaftServerConfigKeys (ConfUtils.java:logGet(43)) - raft.server.snapshot.auto.trigger.enabled = true (custom)
2019-08-24 06:44:16,174 [pool-450-thread-1] INFO  server.RaftServerConfigKeys (ConfUtils.java:logGet(43)) - raft.server.log.statemachine.data.caching.enabled = true (custom)
2019-08-24 06:44:16,182 [pool-439-thread-1] INFO  server.RaftServerConfigKeys (ConfUtils.java:logGet(43)) - raft.server.snapshot.auto.trigger.threshold = 10000 (custom)
2019-08-24 06:44:16,182 [pool-450-thread-1] INFO  segmented.SegmentedRaftLogWorker (SegmentedRaftLogWorker.java:lambda$new$0(132)) - cfa00991-4858-43cd-92ab-b86e3cf154fa-SegmentedRaftLogWorker:Storage Directory /workdir/hadoop-ozone/integration-test/target/test-dir/MiniOzoneClusterImpl-a8998418-e7b8-46c6-9f95-b9b709c41866/datanode-1/data/ratis/b3ba31ba-bf55-4a6e-9d46-c76e2d9a48e9: flushIndex: setUnconditionally 0 -> -1
2019-08-24 06:44:16,182 [pool-439-thread-1] INFO  server.RaftServerConfigKeys (ConfUtils.java:logGet(43)) - raft.server.retrycache.expirytime = 600000ms (custom)
2019-08-24 06:44:16,182 [pool-450-thread-1] INFO  server.RaftServerConfigKeys (ConfUtils.java:logGet(43)) - raft.server.snapshot.auto.trigger.enabled = true (custom)
2019-08-24 06:44:16,182 [pool-439-thread-1] INFO  impl.RaftServerImpl (RaftServerImpl.java:start(180)) - fd008af0-4f48-4b99-a0e7-19298396ae47: start group-C76E2D9A48E9
2019-08-24 06:44:16,183 [pool-450-thread-1] INFO  server.RaftServerConfigKeys (ConfUtils.java:logGet(43)) - raft.server.snapshot.auto.trigger.threshold = 10000 (custom)
2019-08-24 06:44:16,183 [pool-439-thread-1] INFO  impl.RaftServerImpl (RaftServerImpl.java:setRole(171)) - fd008af0-4f48-4b99-a0e7-19298396ae47:group-C76E2D9A48E9 changes role from null to FOLLOWER at term 0 for startAsFollower
2019-08-24 06:44:16,183 [pool-450-thread-1] INFO  server.RaftServerConfigKeys (ConfUtils.java:logGet(43)) - raft.server.retrycache.expirytime = 600000ms (custom)
2019-08-24 06:44:16,183 [pool-439-thread-1] INFO  impl.RoleInfo (RoleInfo.java:updateAndGet(143)) - fd008af0-4f48-4b99-a0e7-19298396ae47: start FollowerState
2019-08-24 06:44:16,183 [pool-450-thread-1] INFO  impl.RaftServerImpl (RaftServerImpl.java:start(180)) - cfa00991-4858-43cd-92ab-b86e3cf154fa: start group-C76E2D9A48E9
2019-08-24 06:44:16,184 [pool-450-thread-1] INFO  impl.RaftServerImpl (RaftServerImpl.java:setRole(171)) - cfa00991-4858-43cd-92ab-b86e3cf154fa:group-C76E2D9A48E9 changes role from null to FOLLOWER at term 0 for startAsFollower
2019-08-24 06:44:16,184 [pool-450-thread-1] INFO  impl.RoleInfo (RoleInfo.java:updateAndGet(143)) - cfa00991-4858-43cd-92ab-b86e3cf154fa: start FollowerState
2019-08-24 06:44:16,184 [pool-439-thread-1] INFO  util.JmxRegister (JmxRegister.java:tryRegister(44)) - Successfully registered JMX Bean with object name Ratis:service=RaftServer,group=group-C76E2D9A48E9,id=fd008af0-4f48-4b99-a0e7-19298396ae47
2019-08-24 06:44:16,184 [pool-450-thread-1] INFO  util.JmxRegister (JmxRegister.java:tryRegister(44)) - Successfully registered JMX Bean with object name Ratis:service=RaftServer,group=group-C76E2D9A48E9,id=cfa00991-4858-43cd-92ab-b86e3cf154fa
2019-08-24 06:44:16,188 [RatisPipelineUtilsThread] INFO  pipeline.PipelineStateManager (PipelineStateManager.java:addPipeline(56)) - Created pipeline Pipeline[ Id: b3ba31ba-bf55-4a6e-9d46-c76e2d9a48e9, Nodes: 4ae5f13b-0709-4697-8c2d-45e48ce4c21a{ip: 192.168.34.51, host: pr-hdds-1753-tn75t-532954605, networkLocation: /default-rack, certSerialId: null}cfa00991-4858-43cd-92ab-b86e3cf154fa{ip: 192.168.34.51, host: pr-hdds-1753-tn75t-532954605, networkLocation: /default-rack, certSerialId: null}fd008af0-4f48-4b99-a0e7-19298396ae47{ip: 192.168.34.51, host: pr-hdds-1753-tn75t-532954605, networkLocation: /default-rack, certSerialId: null}, Type:RATIS, Factor:THREE, State:OPEN]
2019-08-24 06:44:16,242 [IPC Server handler 6 on 45027] INFO  net.NetworkTopology (NetworkTopologyImpl.java:add(110)) - Added a new node: /default-rack/346f50d4-4cfb-4a4d-b68d-ac9cdc7f84a1
2019-08-24 06:44:16,242 [IPC Server handler 6 on 45027] INFO  node.SCMNodeManager (SCMNodeManager.java:register(273)) - Registered Data node : 346f50d4-4cfb-4a4d-b68d-ac9cdc7f84a1{ip: 192.168.34.51, host: pr-hdds-1753-tn75t-532954605, networkLocation: /default-rack, certSerialId: null}
2019-08-24 06:44:16,243 | INFO  | SCMAudit | user=jenkins1000 | ip=192.168.34.51 | op=REGISTER {datanodeDetails=346f50d4-4cfb-4a4d-b68d-ac9cdc7f84a1{ip: 192.168.34.51, host: pr-hdds-1753-tn75t-532954605, networkLocation: /default-rack, certSerialId: null}} | ret=SUCCESS |  
2019-08-24 06:44:16,252 [grpc-default-executor-8] INFO  impl.RaftServerProxy (RaftServerProxy.java:addNew(89)) - 346f50d4-4cfb-4a4d-b68d-ac9cdc7f84a1: addNew group-C4CDF03BC801:[346f50d4-4cfb-4a4d-b68d-ac9cdc7f84a1:192.168.34.51:34448] returns group-C4CDF03BC801:java.util.concurrent.CompletableFuture@3228d62c[Not completed]
2019-08-24 06:44:16,254 [pool-472-thread-1] INFO  impl.RaftServerImpl (RaftServerImpl.java:<init>(93)) - 346f50d4-4cfb-4a4d-b68d-ac9cdc7f84a1: new RaftServerImpl for group-C4CDF03BC801:[346f50d4-4cfb-4a4d-b68d-ac9cdc7f84a1:192.168.34.51:34448] with ContainerStateMachine:uninitialized
2019-08-24 06:44:16,254 [pool-472-thread-1] INFO  server.RaftServerConfigKeys (ConfUtils.java:logGet(43)) - raft.server.rpc.timeout.min = 5s (custom)
2019-08-24 06:44:16,254 [pool-472-thread-1] INFO  server.RaftServerConfigKeys (ConfUtils.java:logGet(43)) - raft.server.rpc.timeout.max = 5200ms (custom)
2019-08-24 06:44:16,254 [pool-472-thread-1] INFO  server.RaftServerConfigKeys (ConfUtils.java:logGet(43)) - raft.server.rpcslowness.timeout = 120s (custom)
2019-08-24 06:44:16,255 [pool-472-thread-1] INFO  server.RaftServerConfigKeys (ConfUtils.java:logGet(43)) - raft.server.sleep.deviation.threshold = 300 (default)
2019-08-24 06:44:16,255 [pool-472-thread-1] INFO  server.RaftServerConfigKeys (ConfUtils.java:logGet(43)) - raft.server.log.appender.install.snapshot.enabled = false (custom)
2019-08-24 06:44:16,255 [pool-472-thread-1] INFO  impl.RaftServerImpl (ServerState.java:<init>(105)) - 346f50d4-4cfb-4a4d-b68d-ac9cdc7f84a1:group-C4CDF03BC801 ConfigurationManager, init=-1: [346f50d4-4cfb-4a4d-b68d-ac9cdc7f84a1:192.168.34.51:34448], old=null, confs=<EMPTY_MAP>
2019-08-24 06:44:16,255 [pool-472-thread-1] INFO  server.RaftServerConfigKeys (ConfUtils.java:logGet(43)) - raft.server.storage.dir = [/workdir/hadoop-ozone/integration-test/target/test-dir/MiniOzoneClusterImpl-a8998418-e7b8-46c6-9f95-b9b709c41866/datanode-3/data/ratis] (custom)
2019-08-24 06:44:16,256 [pool-472-thread-1] INFO  storage.RaftStorageDirectory (RaftStorageDirectory.java:analyzeStorage(246)) - The storage directory /workdir/hadoop-ozone/integration-test/target/test-dir/MiniOzoneClusterImpl-a8998418-e7b8-46c6-9f95-b9b709c41866/datanode-3/data/ratis/f9f35b37-03c4-45f9-99bf-c4cdf03bc801 does not exist. Creating ...
2019-08-24 06:44:16,277 [pool-472-thread-1] INFO  storage.RaftStorageDirectory (RaftStorageDirectory.java:tryLock(328)) - Lock on /workdir/hadoop-ozone/integration-test/target/test-dir/MiniOzoneClusterImpl-a8998418-e7b8-46c6-9f95-b9b709c41866/datanode-3/data/ratis/f9f35b37-03c4-45f9-99bf-c4cdf03bc801/in_use.lock acquired by nodename 11820@pr-hdds-1753-tn75t-532954605
2019-08-24 06:44:16,290 [pool-472-thread-1] INFO  storage.RaftStorage (RaftStorage.java:format(72)) - Storage directory /workdir/hadoop-ozone/integration-test/target/test-dir/MiniOzoneClusterImpl-a8998418-e7b8-46c6-9f95-b9b709c41866/datanode-3/data/ratis/f9f35b37-03c4-45f9-99bf-c4cdf03bc801 has been successfully formatted.
2019-08-24 06:44:16,291 [pool-472-thread-1] INFO  ratis.ContainerStateMachine (ContainerStateMachine.java:loadSnapshot(227)) - group-C4CDF03BC801: The snapshot info is null. Setting the last applied indexto:(t:0, i:~)
2019-08-24 06:44:16,291 [pool-472-thread-1] INFO  server.RaftServerConfigKeys (ConfUtils.java:logGet(43)) - raft.server.leader.election.timeout = 120s (custom)
2019-08-24 06:44:16,291 [pool-472-thread-1] INFO  server.RaftServerConfigKeys (ConfUtils.java:logGet(43)) - raft.server.log.use.memory = false (default)
2019-08-24 06:44:16,291 [pool-472-thread-1] INFO  server.RaftServerConfigKeys (ConfUtils.java:logGet(43)) - raft.server.log.purge.gap = 1000000 (custom)
2019-08-24 06:44:16,291 [pool-472-thread-1] INFO  server.RaftServerConfigKeys (ConfUtils.java:logGet(43)) - raft.server.log.appender.buffer.byte-limit = 33554432 (custom)
2019-08-24 06:44:16,291 [pool-472-thread-1] INFO  server.RaftServerConfigKeys (ConfUtils.java:logGet(43)) - raft.server.log.segment.size.max = 1048576 (custom)
2019-08-24 06:44:16,292 [pool-472-thread-1] INFO  server.RaftServerConfigKeys (ConfUtils.java:logGet(43)) - raft.server.log.segment.cache.num.max = 2 (custom)
2019-08-24 06:44:16,292 [pool-472-thread-1] INFO  segmented.SegmentedRaftLogWorker (SegmentedRaftLogWorker.java:<init>(172)) - new 346f50d4-4cfb-4a4d-b68d-ac9cdc7f84a1-SegmentedRaftLogWorker:Storage Directory /workdir/hadoop-ozone/integration-test/target/test-dir/MiniOzoneClusterImpl-a8998418-e7b8-46c6-9f95-b9b709c41866/datanode-3/data/ratis/f9f35b37-03c4-45f9-99bf-c4cdf03bc801 for RaftStorage:Storage Directory /workdir/hadoop-ozone/integration-test/target/test-dir/MiniOzoneClusterImpl-a8998418-e7b8-46c6-9f95-b9b709c41866/datanode-3/data/ratis/f9f35b37-03c4-45f9-99bf-c4cdf03bc801
2019-08-24 06:44:16,292 [pool-472-thread-1] INFO  server.RaftServerConfigKeys (ConfUtils.java:logGet(43)) - raft.server.log.queue.byte-limit = 2147483647 (custom)
2019-08-24 06:44:16,292 [pool-472-thread-1] INFO  server.RaftServerConfigKeys (ConfUtils.java:logGet(43)) - raft.server.log.queue.element-limit = 1024 (custom)
2019-08-24 06:44:16,293 [pool-472-thread-1] INFO  server.RaftServerConfigKeys (ConfUtils.java:logGet(43)) - raft.server.log.segment.size.max = 1048576 (custom)
2019-08-24 06:44:16,293 [pool-472-thread-1] INFO  server.RaftServerConfigKeys (ConfUtils.java:logGet(43)) - raft.server.log.preallocated.size = 16384 (custom)
2019-08-24 06:44:16,293 [pool-472-thread-1] INFO  server.RaftServerConfigKeys (ConfUtils.java:logGet(43)) - raft.server.log.write.buffer.size = 33554432 (custom)
2019-08-24 06:44:16,293 [pool-472-thread-1] INFO  server.RaftServerConfigKeys (ConfUtils.java:logGet(43)) - raft.server.log.force.sync.num = 128 (default)
2019-08-24 06:44:16,293 [pool-472-thread-1] INFO  server.RaftServerConfigKeys (ConfUtils.java:logGet(43)) - raft.server.log.statemachine.data.sync = true (default)
2019-08-24 06:44:16,294 [pool-472-thread-1] INFO  server.RaftServerConfigKeys (ConfUtils.java:logGet(43)) - raft.server.log.statemachine.data.sync.timeout = 10s (default)
2019-08-24 06:44:16,294 [pool-472-thread-1] INFO  server.RaftServerConfigKeys (ConfUtils.java:logGet(43)) - raft.server.log.statemachine.data.sync.timeout.retry = -1 (default)
2019-08-24 06:44:16,294 [pool-472-thread-1] INFO  server.RaftServerConfigKeys (ConfUtils.java:logGet(43)) - raft.server.log.statemachine.data.caching.enabled = true (custom)
2019-08-24 06:44:16,295 [pool-472-thread-1] INFO  segmented.SegmentedRaftLogWorker (SegmentedRaftLogWorker.java:lambda$new$0(132)) - 346f50d4-4cfb-4a4d-b68d-ac9cdc7f84a1-SegmentedRaftLogWorker:Storage Directory /workdir/hadoop-ozone/integration-test/target/test-dir/MiniOzoneClusterImpl-a8998418-e7b8-46c6-9f95-b9b709c41866/datanode-3/data/ratis/f9f35b37-03c4-45f9-99bf-c4cdf03bc801: flushIndex: setUnconditionally 0 -> -1
2019-08-24 06:44:16,295 [pool-472-thread-1] INFO  server.RaftServerConfigKeys (ConfUtils.java:logGet(43)) - raft.server.snapshot.auto.trigger.enabled = true (custom)
2019-08-24 06:44:16,295 [pool-472-thread-1] INFO  server.RaftServerConfigKeys (ConfUtils.java:logGet(43)) - raft.server.snapshot.auto.trigger.threshold = 10000 (custom)
2019-08-24 06:44:16,295 [pool-472-thread-1] INFO  server.RaftServerConfigKeys (ConfUtils.java:logGet(43)) - raft.server.retrycache.expirytime = 600000ms (custom)
2019-08-24 06:44:16,296 [pool-472-thread-1] INFO  impl.RaftServerImpl (RaftServerImpl.java:start(180)) - 346f50d4-4cfb-4a4d-b68d-ac9cdc7f84a1: start group-C4CDF03BC801
2019-08-24 06:44:16,296 [pool-472-thread-1] INFO  impl.RaftServerImpl (RaftServerImpl.java:setRole(171)) - 346f50d4-4cfb-4a4d-b68d-ac9cdc7f84a1:group-C4CDF03BC801 changes role from null to FOLLOWER at term 0 for startAsFollower
2019-08-24 06:44:16,296 [pool-472-thread-1] INFO  impl.RoleInfo (RoleInfo.java:updateAndGet(143)) - 346f50d4-4cfb-4a4d-b68d-ac9cdc7f84a1: start FollowerState
2019-08-24 06:44:16,296 [pool-472-thread-1] INFO  util.JmxRegister (JmxRegister.java:tryRegister(44)) - Successfully registered JMX Bean with object name Ratis:service=RaftServer,group=group-C4CDF03BC801,id=346f50d4-4cfb-4a4d-b68d-ac9cdc7f84a1
2019-08-24 06:44:16,299 [RatisPipelineUtilsThread] INFO  pipeline.PipelineStateManager (PipelineStateManager.java:addPipeline(56)) - Created pipeline Pipeline[ Id: f9f35b37-03c4-45f9-99bf-c4cdf03bc801, Nodes: 346f50d4-4cfb-4a4d-b68d-ac9cdc7f84a1{ip: 192.168.34.51, host: pr-hdds-1753-tn75t-532954605, networkLocation: /default-rack, certSerialId: null}, Type:RATIS, Factor:ONE, State:OPEN]
2019-08-24 06:44:16,425 [IPC Server handler 0 on 45027] INFO  net.NetworkTopology (NetworkTopologyImpl.java:add(110)) - Added a new node: /default-rack/25c68470-958e-4591-9cf0-a41ec1fd78b1
2019-08-24 06:44:16,425 [IPC Server handler 0 on 45027] INFO  node.SCMNodeManager (SCMNodeManager.java:register(273)) - Registered Data node : 25c68470-958e-4591-9cf0-a41ec1fd78b1{ip: 192.168.34.51, host: pr-hdds-1753-tn75t-532954605, networkLocation: /default-rack, certSerialId: null}
2019-08-24 06:44:16,425 | INFO  | SCMAudit | user=jenkins1000 | ip=192.168.34.51 | op=REGISTER {datanodeDetails=25c68470-958e-4591-9cf0-a41ec1fd78b1{ip: 192.168.34.51, host: pr-hdds-1753-tn75t-532954605, networkLocation: /default-rack, certSerialId: null}} | ret=SUCCESS |  
2019-08-24 06:44:16,432 [grpc-default-executor-8] INFO  impl.RaftServerProxy (RaftServerProxy.java:addNew(89)) - 25c68470-958e-4591-9cf0-a41ec1fd78b1: addNew group-F4C37FE81E65:[25c68470-958e-4591-9cf0-a41ec1fd78b1:192.168.34.51:43156] returns group-F4C37FE81E65:java.util.concurrent.CompletableFuture@48329a1[Not completed]
2019-08-24 06:44:16,434 [pool-483-thread-1] INFO  impl.RaftServerImpl (RaftServerImpl.java:<init>(93)) - 25c68470-958e-4591-9cf0-a41ec1fd78b1: new RaftServerImpl for group-F4C37FE81E65:[25c68470-958e-4591-9cf0-a41ec1fd78b1:192.168.34.51:43156] with ContainerStateMachine:uninitialized
2019-08-24 06:44:16,434 [pool-483-thread-1] INFO  server.RaftServerConfigKeys (ConfUtils.java:logGet(43)) - raft.server.rpc.timeout.min = 5s (custom)
2019-08-24 06:44:16,434 [pool-483-thread-1] INFO  server.RaftServerConfigKeys (ConfUtils.java:logGet(43)) - raft.server.rpc.timeout.max = 5200ms (custom)
2019-08-24 06:44:16,434 [pool-483-thread-1] INFO  server.RaftServerConfigKeys (ConfUtils.java:logGet(43)) - raft.server.rpcslowness.timeout = 120s (custom)
2019-08-24 06:44:16,434 [pool-483-thread-1] INFO  server.RaftServerConfigKeys (ConfUtils.java:logGet(43)) - raft.server.sleep.deviation.threshold = 300 (default)
2019-08-24 06:44:16,434 [pool-483-thread-1] INFO  server.RaftServerConfigKeys (ConfUtils.java:logGet(43)) - raft.server.log.appender.install.snapshot.enabled = false (custom)
2019-08-24 06:44:16,435 [pool-483-thread-1] INFO  impl.RaftServerImpl (ServerState.java:<init>(105)) - 25c68470-958e-4591-9cf0-a41ec1fd78b1:group-F4C37FE81E65 ConfigurationManager, init=-1: [25c68470-958e-4591-9cf0-a41ec1fd78b1:192.168.34.51:43156], old=null, confs=<EMPTY_MAP>
2019-08-24 06:44:16,435 [pool-483-thread-1] INFO  server.RaftServerConfigKeys (ConfUtils.java:logGet(43)) - raft.server.storage.dir = [/workdir/hadoop-ozone/integration-test/target/test-dir/MiniOzoneClusterImpl-a8998418-e7b8-46c6-9f95-b9b709c41866/datanode-4/data/ratis] (custom)
2019-08-24 06:44:16,436 [pool-483-thread-1] INFO  storage.RaftStorageDirectory (RaftStorageDirectory.java:analyzeStorage(246)) - The storage directory /workdir/hadoop-ozone/integration-test/target/test-dir/MiniOzoneClusterImpl-a8998418-e7b8-46c6-9f95-b9b709c41866/datanode-4/data/ratis/c464214d-8196-42f4-9c70-f4c37fe81e65 does not exist. Creating ...
2019-08-24 06:44:16,449 [pool-483-thread-1] INFO  storage.RaftStorageDirectory (RaftStorageDirectory.java:tryLock(328)) - Lock on /workdir/hadoop-ozone/integration-test/target/test-dir/MiniOzoneClusterImpl-a8998418-e7b8-46c6-9f95-b9b709c41866/datanode-4/data/ratis/c464214d-8196-42f4-9c70-f4c37fe81e65/in_use.lock acquired by nodename 11820@pr-hdds-1753-tn75t-532954605
2019-08-24 06:44:16,462 [pool-483-thread-1] INFO  storage.RaftStorage (RaftStorage.java:format(72)) - Storage directory /workdir/hadoop-ozone/integration-test/target/test-dir/MiniOzoneClusterImpl-a8998418-e7b8-46c6-9f95-b9b709c41866/datanode-4/data/ratis/c464214d-8196-42f4-9c70-f4c37fe81e65 has been successfully formatted.
2019-08-24 06:44:16,462 [pool-483-thread-1] INFO  ratis.ContainerStateMachine (ContainerStateMachine.java:loadSnapshot(227)) - group-F4C37FE81E65: The snapshot info is null. Setting the last applied indexto:(t:0, i:~)
2019-08-24 06:44:16,462 [pool-483-thread-1] INFO  server.RaftServerConfigKeys (ConfUtils.java:logGet(43)) - raft.server.leader.election.timeout = 120s (custom)
2019-08-24 06:44:16,463 [pool-483-thread-1] INFO  server.RaftServerConfigKeys (ConfUtils.java:logGet(43)) - raft.server.log.use.memory = false (default)
2019-08-24 06:44:16,463 [pool-483-thread-1] INFO  server.RaftServerConfigKeys (ConfUtils.java:logGet(43)) - raft.server.log.purge.gap = 1000000 (custom)
2019-08-24 06:44:16,463 [pool-483-thread-1] INFO  server.RaftServerConfigKeys (ConfUtils.java:logGet(43)) - raft.server.log.appender.buffer.byte-limit = 33554432 (custom)
2019-08-24 06:44:16,463 [pool-483-thread-1] INFO  server.RaftServerConfigKeys (ConfUtils.java:logGet(43)) - raft.server.log.segment.size.max = 1048576 (custom)
2019-08-24 06:44:16,463 [pool-483-thread-1] INFO  server.RaftServerConfigKeys (ConfUtils.java:logGet(43)) - raft.server.log.segment.cache.num.max = 2 (custom)
2019-08-24 06:44:16,463 [pool-483-thread-1] INFO  segmented.SegmentedRaftLogWorker (SegmentedRaftLogWorker.java:<init>(172)) - new 25c68470-958e-4591-9cf0-a41ec1fd78b1-SegmentedRaftLogWorker:Storage Directory /workdir/hadoop-ozone/integration-test/target/test-dir/MiniOzoneClusterImpl-a8998418-e7b8-46c6-9f95-b9b709c41866/datanode-4/data/ratis/c464214d-8196-42f4-9c70-f4c37fe81e65 for RaftStorage:Storage Directory /workdir/hadoop-ozone/integration-test/target/test-dir/MiniOzoneClusterImpl-a8998418-e7b8-46c6-9f95-b9b709c41866/datanode-4/data/ratis/c464214d-8196-42f4-9c70-f4c37fe81e65
2019-08-24 06:44:16,464 [pool-483-thread-1] INFO  server.RaftServerConfigKeys (ConfUtils.java:logGet(43)) - raft.server.log.queue.byte-limit = 2147483647 (custom)
2019-08-24 06:44:16,464 [pool-483-thread-1] INFO  server.RaftServerConfigKeys (ConfUtils.java:logGet(43)) - raft.server.log.queue.element-limit = 1024 (custom)
2019-08-24 06:44:16,464 [pool-483-thread-1] INFO  server.RaftServerConfigKeys (ConfUtils.java:logGet(43)) - raft.server.log.segment.size.max = 1048576 (custom)
2019-08-24 06:44:16,464 [pool-483-thread-1] INFO  server.RaftServerConfigKeys (ConfUtils.java:logGet(43)) - raft.server.log.preallocated.size = 16384 (custom)
2019-08-24 06:44:16,464 [pool-483-thread-1] INFO  server.RaftServerConfigKeys (ConfUtils.java:logGet(43)) - raft.server.log.write.buffer.size = 33554432 (custom)
2019-08-24 06:44:16,464 [pool-483-thread-1] INFO  server.RaftServerConfigKeys (ConfUtils.java:logGet(43)) - raft.server.log.force.sync.num = 128 (default)
2019-08-24 06:44:16,465 [pool-483-thread-1] INFO  server.RaftServerConfigKeys (ConfUtils.java:logGet(43)) - raft.server.log.statemachine.data.sync = true (default)
2019-08-24 06:44:16,465 [pool-483-thread-1] INFO  server.RaftServerConfigKeys (ConfUtils.java:logGet(43)) - raft.server.log.statemachine.data.sync.timeout = 10s (default)
2019-08-24 06:44:16,465 [pool-483-thread-1] INFO  server.RaftServerConfigKeys (ConfUtils.java:logGet(43)) - raft.server.log.statemachine.data.sync.timeout.retry = -1 (default)
2019-08-24 06:44:16,465 [pool-483-thread-1] INFO  server.RaftServerConfigKeys (ConfUtils.java:logGet(43)) - raft.server.log.statemachine.data.caching.enabled = true (custom)
2019-08-24 06:44:16,466 [pool-483-thread-1] INFO  segmented.SegmentedRaftLogWorker (SegmentedRaftLogWorker.java:lambda$new$0(132)) - 25c68470-958e-4591-9cf0-a41ec1fd78b1-SegmentedRaftLogWorker:Storage Directory /workdir/hadoop-ozone/integration-test/target/test-dir/MiniOzoneClusterImpl-a8998418-e7b8-46c6-9f95-b9b709c41866/datanode-4/data/ratis/c464214d-8196-42f4-9c70-f4c37fe81e65: flushIndex: setUnconditionally 0 -> -1
2019-08-24 06:44:16,466 [pool-483-thread-1] INFO  server.RaftServerConfigKeys (ConfUtils.java:logGet(43)) - raft.server.snapshot.auto.trigger.enabled = true (custom)
2019-08-24 06:44:16,466 [pool-483-thread-1] INFO  server.RaftServerConfigKeys (ConfUtils.java:logGet(43)) - raft.server.snapshot.auto.trigger.threshold = 10000 (custom)
2019-08-24 06:44:16,466 [pool-483-thread-1] INFO  server.RaftServerConfigKeys (ConfUtils.java:logGet(43)) - raft.server.retrycache.expirytime = 600000ms (custom)
2019-08-24 06:44:16,467 [pool-483-thread-1] INFO  impl.RaftServerImpl (RaftServerImpl.java:start(180)) - 25c68470-958e-4591-9cf0-a41ec1fd78b1: start group-F4C37FE81E65
2019-08-24 06:44:16,467 [pool-483-thread-1] INFO  impl.RaftServerImpl (RaftServerImpl.java:setRole(171)) - 25c68470-958e-4591-9cf0-a41ec1fd78b1:group-F4C37FE81E65 changes role from null to FOLLOWER at term 0 for startAsFollower
2019-08-24 06:44:16,467 [pool-483-thread-1] INFO  impl.RoleInfo (RoleInfo.java:updateAndGet(143)) - 25c68470-958e-4591-9cf0-a41ec1fd78b1: start FollowerState
2019-08-24 06:44:16,467 [pool-483-thread-1] INFO  util.JmxRegister (JmxRegister.java:tryRegister(44)) - Successfully registered JMX Bean with object name Ratis:service=RaftServer,group=group-F4C37FE81E65,id=25c68470-958e-4591-9cf0-a41ec1fd78b1
2019-08-24 06:44:16,470 [RatisPipelineUtilsThread] INFO  pipeline.PipelineStateManager (PipelineStateManager.java:addPipeline(56)) - Created pipeline Pipeline[ Id: c464214d-8196-42f4-9c70-f4c37fe81e65, Nodes: 25c68470-958e-4591-9cf0-a41ec1fd78b1{ip: 192.168.34.51, host: pr-hdds-1753-tn75t-532954605, networkLocation: /default-rack, certSerialId: null}, Type:RATIS, Factor:ONE, State:OPEN]
2019-08-24 06:44:16,618 [IPC Server handler 1 on 45027] INFO  net.NetworkTopology (NetworkTopologyImpl.java:add(110)) - Added a new node: /default-rack/bd993a40-bff9-4658-863b-6abb9ef357ab
2019-08-24 06:44:16,621 [IPC Server handler 1 on 45027] INFO  node.SCMNodeManager (SCMNodeManager.java:register(273)) - Registered Data node : bd993a40-bff9-4658-863b-6abb9ef357ab{ip: 192.168.34.51, host: pr-hdds-1753-tn75t-532954605, networkLocation: /default-rack, certSerialId: null}
2019-08-24 06:44:16,622 | INFO  | SCMAudit | user=jenkins1000 | ip=192.168.34.51 | op=REGISTER {datanodeDetails=bd993a40-bff9-4658-863b-6abb9ef357ab{ip: 192.168.34.51, host: pr-hdds-1753-tn75t-532954605, networkLocation: /default-rack, certSerialId: null}} | ret=SUCCESS |  
2019-08-24 06:44:16,628 [grpc-default-executor-8] INFO  impl.RaftServerProxy (RaftServerProxy.java:addNew(89)) - bd993a40-bff9-4658-863b-6abb9ef357ab: addNew group-9724E3316C3A:[bd993a40-bff9-4658-863b-6abb9ef357ab:192.168.34.51:42667] returns group-9724E3316C3A:java.util.concurrent.CompletableFuture@21ef1d2c[Not completed]
2019-08-24 06:44:16,629 [pool-494-thread-1] INFO  impl.RaftServerImpl (RaftServerImpl.java:<init>(93)) - bd993a40-bff9-4658-863b-6abb9ef357ab: new RaftServerImpl for group-9724E3316C3A:[bd993a40-bff9-4658-863b-6abb9ef357ab:192.168.34.51:42667] with ContainerStateMachine:uninitialized
2019-08-24 06:44:16,630 [pool-494-thread-1] INFO  server.RaftServerConfigKeys (ConfUtils.java:logGet(43)) - raft.server.rpc.timeout.min = 5s (custom)
2019-08-24 06:44:16,630 [pool-494-thread-1] INFO  server.RaftServerConfigKeys (ConfUtils.java:logGet(43)) - raft.server.rpc.timeout.max = 5200ms (custom)
2019-08-24 06:44:16,630 [pool-494-thread-1] INFO  server.RaftServerConfigKeys (ConfUtils.java:logGet(43)) - raft.server.rpcslowness.timeout = 120s (custom)
2019-08-24 06:44:16,630 [pool-494-thread-1] INFO  server.RaftServerConfigKeys (ConfUtils.java:logGet(43)) - raft.server.sleep.deviation.threshold = 300 (default)
2019-08-24 06:44:16,630 [pool-494-thread-1] INFO  server.RaftServerConfigKeys (ConfUtils.java:logGet(43)) - raft.server.log.appender.install.snapshot.enabled = false (custom)
2019-08-24 06:44:16,630 [pool-494-thread-1] INFO  impl.RaftServerImpl (ServerState.java:<init>(105)) - bd993a40-bff9-4658-863b-6abb9ef357ab:group-9724E3316C3A ConfigurationManager, init=-1: [bd993a40-bff9-4658-863b-6abb9ef357ab:192.168.34.51:42667], old=null, confs=<EMPTY_MAP>
2019-08-24 06:44:16,631 [pool-494-thread-1] INFO  server.RaftServerConfigKeys (ConfUtils.java:logGet(43)) - raft.server.storage.dir = [/workdir/hadoop-ozone/integration-test/target/test-dir/MiniOzoneClusterImpl-a8998418-e7b8-46c6-9f95-b9b709c41866/datanode-5/data/ratis] (custom)
2019-08-24 06:44:16,631 [pool-494-thread-1] INFO  storage.RaftStorageDirectory (RaftStorageDirectory.java:analyzeStorage(246)) - The storage directory /workdir/hadoop-ozone/integration-test/target/test-dir/MiniOzoneClusterImpl-a8998418-e7b8-46c6-9f95-b9b709c41866/datanode-5/data/ratis/bc6a66e8-85d4-4923-8f87-9724e3316c3a does not exist. Creating ...
2019-08-24 06:44:16,644 [pool-494-thread-1] INFO  storage.RaftStorageDirectory (RaftStorageDirectory.java:tryLock(328)) - Lock on /workdir/hadoop-ozone/integration-test/target/test-dir/MiniOzoneClusterImpl-a8998418-e7b8-46c6-9f95-b9b709c41866/datanode-5/data/ratis/bc6a66e8-85d4-4923-8f87-9724e3316c3a/in_use.lock acquired by nodename 11820@pr-hdds-1753-tn75t-532954605
2019-08-24 06:44:16,657 [pool-494-thread-1] INFO  storage.RaftStorage (RaftStorage.java:format(72)) - Storage directory /workdir/hadoop-ozone/integration-test/target/test-dir/MiniOzoneClusterImpl-a8998418-e7b8-46c6-9f95-b9b709c41866/datanode-5/data/ratis/bc6a66e8-85d4-4923-8f87-9724e3316c3a has been successfully formatted.
2019-08-24 06:44:16,657 [pool-494-thread-1] INFO  ratis.ContainerStateMachine (ContainerStateMachine.java:loadSnapshot(227)) - group-9724E3316C3A: The snapshot info is null. Setting the last applied indexto:(t:0, i:~)
2019-08-24 06:44:16,657 [pool-494-thread-1] INFO  server.RaftServerConfigKeys (ConfUtils.java:logGet(43)) - raft.server.leader.election.timeout = 120s (custom)
2019-08-24 06:44:16,657 [pool-494-thread-1] INFO  server.RaftServerConfigKeys (ConfUtils.java:logGet(43)) - raft.server.log.use.memory = false (default)
2019-08-24 06:44:16,658 [pool-494-thread-1] INFO  server.RaftServerConfigKeys (ConfUtils.java:logGet(43)) - raft.server.log.purge.gap = 1000000 (custom)
2019-08-24 06:44:16,658 [pool-494-thread-1] INFO  server.RaftServerConfigKeys (ConfUtils.java:logGet(43)) - raft.server.log.appender.buffer.byte-limit = 33554432 (custom)
2019-08-24 06:44:16,658 [pool-494-thread-1] INFO  server.RaftServerConfigKeys (ConfUtils.java:logGet(43)) - raft.server.log.segment.size.max = 1048576 (custom)
2019-08-24 06:44:16,658 [pool-494-thread-1] INFO  server.RaftServerConfigKeys (ConfUtils.java:logGet(43)) - raft.server.log.segment.cache.num.max = 2 (custom)
2019-08-24 06:44:16,658 [pool-494-thread-1] INFO  segmented.SegmentedRaftLogWorker (SegmentedRaftLogWorker.java:<init>(172)) - new bd993a40-bff9-4658-863b-6abb9ef357ab-SegmentedRaftLogWorker:Storage Directory /workdir/hadoop-ozone/integration-test/target/test-dir/MiniOzoneClusterImpl-a8998418-e7b8-46c6-9f95-b9b709c41866/datanode-5/data/ratis/bc6a66e8-85d4-4923-8f87-9724e3316c3a for RaftStorage:Storage Directory /workdir/hadoop-ozone/integration-test/target/test-dir/MiniOzoneClusterImpl-a8998418-e7b8-46c6-9f95-b9b709c41866/datanode-5/data/ratis/bc6a66e8-85d4-4923-8f87-9724e3316c3a
2019-08-24 06:44:16,658 [pool-494-thread-1] INFO  server.RaftServerConfigKeys (ConfUtils.java:logGet(43)) - raft.server.log.queue.byte-limit = 2147483647 (custom)
2019-08-24 06:44:16,659 [pool-494-thread-1] INFO  server.RaftServerConfigKeys (ConfUtils.java:logGet(43)) - raft.server.log.queue.element-limit = 1024 (custom)
2019-08-24 06:44:16,659 [pool-494-thread-1] INFO  server.RaftServerConfigKeys (ConfUtils.java:logGet(43)) - raft.server.log.segment.size.max = 1048576 (custom)
2019-08-24 06:44:16,659 [pool-494-thread-1] INFO  server.RaftServerConfigKeys (ConfUtils.java:logGet(43)) - raft.server.log.preallocated.size = 16384 (custom)
2019-08-24 06:44:16,659 [pool-494-thread-1] INFO  server.RaftServerConfigKeys (ConfUtils.java:logGet(43)) - raft.server.log.write.buffer.size = 33554432 (custom)
2019-08-24 06:44:16,659 [pool-494-thread-1] INFO  server.RaftServerConfigKeys (ConfUtils.java:logGet(43)) - raft.server.log.force.sync.num = 128 (default)
2019-08-24 06:44:16,659 [pool-494-thread-1] INFO  server.RaftServerConfigKeys (ConfUtils.java:logGet(43)) - raft.server.log.statemachine.data.sync = true (default)
2019-08-24 06:44:16,660 [pool-494-thread-1] INFO  server.RaftServerConfigKeys (ConfUtils.java:logGet(43)) - raft.server.log.statemachine.data.sync.timeout = 10s (default)
2019-08-24 06:44:16,660 [pool-494-thread-1] INFO  server.RaftServerConfigKeys (ConfUtils.java:logGet(43)) - raft.server.log.statemachine.data.sync.timeout.retry = -1 (default)
2019-08-24 06:44:16,660 [pool-494-thread-1] INFO  server.RaftServerConfigKeys (ConfUtils.java:logGet(43)) - raft.server.log.statemachine.data.caching.enabled = true (custom)
2019-08-24 06:44:16,660 [pool-494-thread-1] INFO  segmented.SegmentedRaftLogWorker (SegmentedRaftLogWorker.java:lambda$new$0(132)) - bd993a40-bff9-4658-863b-6abb9ef357ab-SegmentedRaftLogWorker:Storage Directory /workdir/hadoop-ozone/integration-test/target/test-dir/MiniOzoneClusterImpl-a8998418-e7b8-46c6-9f95-b9b709c41866/datanode-5/data/ratis/bc6a66e8-85d4-4923-8f87-9724e3316c3a: flushIndex: setUnconditionally 0 -> -1
2019-08-24 06:44:16,661 [pool-494-thread-1] INFO  server.RaftServerConfigKeys (ConfUtils.java:logGet(43)) - raft.server.snapshot.auto.trigger.enabled = true (custom)
2019-08-24 06:44:16,661 [pool-494-thread-1] INFO  server.RaftServerConfigKeys (ConfUtils.java:logGet(43)) - raft.server.snapshot.auto.trigger.threshold = 10000 (custom)
2019-08-24 06:44:16,661 [pool-494-thread-1] INFO  server.RaftServerConfigKeys (ConfUtils.java:logGet(43)) - raft.server.retrycache.expirytime = 600000ms (custom)
2019-08-24 06:44:16,661 [pool-494-thread-1] INFO  impl.RaftServerImpl (RaftServerImpl.java:start(180)) - bd993a40-bff9-4658-863b-6abb9ef357ab: start group-9724E3316C3A
2019-08-24 06:44:16,661 [pool-494-thread-1] INFO  impl.RaftServerImpl (RaftServerImpl.java:setRole(171)) - bd993a40-bff9-4658-863b-6abb9ef357ab:group-9724E3316C3A changes role from null to FOLLOWER at term 0 for startAsFollower
2019-08-24 06:44:16,662 [pool-494-thread-1] INFO  impl.RoleInfo (RoleInfo.java:updateAndGet(143)) - bd993a40-bff9-4658-863b-6abb9ef357ab: start FollowerState
2019-08-24 06:44:16,662 [pool-494-thread-1] INFO  util.JmxRegister (JmxRegister.java:tryRegister(44)) - Successfully registered JMX Bean with object name Ratis:service=RaftServer,group=group-9724E3316C3A,id=bd993a40-bff9-4658-863b-6abb9ef357ab
2019-08-24 06:44:16,665 [RatisPipelineUtilsThread] INFO  pipeline.PipelineStateManager (PipelineStateManager.java:addPipeline(56)) - Created pipeline Pipeline[ Id: bc6a66e8-85d4-4923-8f87-9724e3316c3a, Nodes: bd993a40-bff9-4658-863b-6abb9ef357ab{ip: 192.168.34.51, host: pr-hdds-1753-tn75t-532954605, networkLocation: /default-rack, certSerialId: null}, Type:RATIS, Factor:ONE, State:OPEN]
2019-08-24 06:44:16,677 [grpc-default-executor-10] INFO  impl.RaftServerProxy (RaftServerProxy.java:addNew(89)) - 346f50d4-4cfb-4a4d-b68d-ac9cdc7f84a1: addNew group-9921F2B055CA:[bd993a40-bff9-4658-863b-6abb9ef357ab:192.168.34.51:42667, 346f50d4-4cfb-4a4d-b68d-ac9cdc7f84a1:192.168.34.51:34448, 25c68470-958e-4591-9cf0-a41ec1fd78b1:192.168.34.51:43156] returns group-9921F2B055CA:java.util.concurrent.CompletableFuture@4b3aea69[Not completed]
2019-08-24 06:44:16,677 [grpc-default-executor-8] INFO  impl.RaftServerProxy (RaftServerProxy.java:addNew(89)) - 25c68470-958e-4591-9cf0-a41ec1fd78b1: addNew group-9921F2B055CA:[bd993a40-bff9-4658-863b-6abb9ef357ab:192.168.34.51:42667, 346f50d4-4cfb-4a4d-b68d-ac9cdc7f84a1:192.168.34.51:34448, 25c68470-958e-4591-9cf0-a41ec1fd78b1:192.168.34.51:43156] returns group-9921F2B055CA:java.util.concurrent.CompletableFuture@3c67f4e3[Not completed]
2019-08-24 06:44:16,677 [grpc-default-executor-11] INFO  impl.RaftServerProxy (RaftServerProxy.java:addNew(89)) - bd993a40-bff9-4658-863b-6abb9ef357ab: addNew group-9921F2B055CA:[bd993a40-bff9-4658-863b-6abb9ef357ab:192.168.34.51:42667, 346f50d4-4cfb-4a4d-b68d-ac9cdc7f84a1:192.168.34.51:34448, 25c68470-958e-4591-9cf0-a41ec1fd78b1:192.168.34.51:43156] returns group-9921F2B055CA:java.util.concurrent.CompletableFuture@542ea281[Not completed]
2019-08-24 06:44:16,679 [pool-483-thread-1] INFO  impl.RaftServerImpl (RaftServerImpl.java:<init>(93)) - 25c68470-958e-4591-9cf0-a41ec1fd78b1: new RaftServerImpl for group-9921F2B055CA:[bd993a40-bff9-4658-863b-6abb9ef357ab:192.168.34.51:42667, 346f50d4-4cfb-4a4d-b68d-ac9cdc7f84a1:192.168.34.51:34448, 25c68470-958e-4591-9cf0-a41ec1fd78b1:192.168.34.51:43156] with ContainerStateMachine:uninitialized
2019-08-24 06:44:16,679 [pool-483-thread-1] INFO  server.RaftServerConfigKeys (ConfUtils.java:logGet(43)) - raft.server.rpc.timeout.min = 5s (custom)
2019-08-24 06:44:16,679 [pool-483-thread-1] INFO  server.RaftServerConfigKeys (ConfUtils.java:logGet(43)) - raft.server.rpc.timeout.max = 5200ms (custom)
2019-08-24 06:44:16,679 [pool-483-thread-1] INFO  server.RaftServerConfigKeys (ConfUtils.java:logGet(43)) - raft.server.rpcslowness.timeout = 120s (custom)
2019-08-24 06:44:16,679 [pool-494-thread-1] INFO  impl.RaftServerImpl (RaftServerImpl.java:<init>(93)) - bd993a40-bff9-4658-863b-6abb9ef357ab: new RaftServerImpl for group-9921F2B055CA:[bd993a40-bff9-4658-863b-6abb9ef357ab:192.168.34.51:42667, 346f50d4-4cfb-4a4d-b68d-ac9cdc7f84a1:192.168.34.51:34448, 25c68470-958e-4591-9cf0-a41ec1fd78b1:192.168.34.51:43156] with ContainerStateMachine:uninitialized
2019-08-24 06:44:16,679 [pool-483-thread-1] INFO  server.RaftServerConfigKeys (ConfUtils.java:logGet(43)) - raft.server.sleep.deviation.threshold = 300 (default)
2019-08-24 06:44:16,680 [pool-494-thread-1] INFO  server.RaftServerConfigKeys (ConfUtils.java:logGet(43)) - raft.server.rpc.timeout.min = 5s (custom)
2019-08-24 06:44:16,680 [pool-483-thread-1] INFO  server.RaftServerConfigKeys (ConfUtils.java:logGet(43)) - raft.server.log.appender.install.snapshot.enabled = false (custom)
2019-08-24 06:44:16,680 [pool-494-thread-1] INFO  server.RaftServerConfigKeys (ConfUtils.java:logGet(43)) - raft.server.rpc.timeout.max = 5200ms (custom)
2019-08-24 06:44:16,680 [pool-472-thread-1] INFO  impl.RaftServerImpl (RaftServerImpl.java:<init>(93)) - 346f50d4-4cfb-4a4d-b68d-ac9cdc7f84a1: new RaftServerImpl for group-9921F2B055CA:[bd993a40-bff9-4658-863b-6abb9ef357ab:192.168.34.51:42667, 346f50d4-4cfb-4a4d-b68d-ac9cdc7f84a1:192.168.34.51:34448, 25c68470-958e-4591-9cf0-a41ec1fd78b1:192.168.34.51:43156] with ContainerStateMachine:uninitialized
2019-08-24 06:44:16,680 [pool-494-thread-1] INFO  server.RaftServerConfigKeys (ConfUtils.java:logGet(43)) - raft.server.rpcslowness.timeout = 120s (custom)
2019-08-24 06:44:16,680 [pool-483-thread-1] INFO  impl.RaftServerImpl (ServerState.java:<init>(105)) - 25c68470-958e-4591-9cf0-a41ec1fd78b1:group-9921F2B055CA ConfigurationManager, init=-1: [bd993a40-bff9-4658-863b-6abb9ef357ab:192.168.34.51:42667, 346f50d4-4cfb-4a4d-b68d-ac9cdc7f84a1:192.168.34.51:34448, 25c68470-958e-4591-9cf0-a41ec1fd78b1:192.168.34.51:43156], old=null, confs=<EMPTY_MAP>
2019-08-24 06:44:16,680 [pool-494-thread-1] INFO  server.RaftServerConfigKeys (ConfUtils.java:logGet(43)) - raft.server.sleep.deviation.threshold = 300 (default)
2019-08-24 06:44:16,681 [pool-494-thread-1] INFO  server.RaftServerConfigKeys (ConfUtils.java:logGet(43)) - raft.server.log.appender.install.snapshot.enabled = false (custom)
2019-08-24 06:44:16,680 [pool-472-thread-1] INFO  server.RaftServerConfigKeys (ConfUtils.java:logGet(43)) - raft.server.rpc.timeout.min = 5s (custom)
2019-08-24 06:44:16,681 [pool-494-thread-1] INFO  impl.RaftServerImpl (ServerState.java:<init>(105)) - bd993a40-bff9-4658-863b-6abb9ef357ab:group-9921F2B055CA ConfigurationManager, init=-1: [bd993a40-bff9-4658-863b-6abb9ef357ab:192.168.34.51:42667, 346f50d4-4cfb-4a4d-b68d-ac9cdc7f84a1:192.168.34.51:34448, 25c68470-958e-4591-9cf0-a41ec1fd78b1:192.168.34.51:43156], old=null, confs=<EMPTY_MAP>
2019-08-24 06:44:16,681 [pool-483-thread-1] INFO  server.RaftServerConfigKeys (ConfUtils.java:logGet(43)) - raft.server.storage.dir = [/workdir/hadoop-ozone/integration-test/target/test-dir/MiniOzoneClusterImpl-a8998418-e7b8-46c6-9f95-b9b709c41866/datanode-4/data/ratis] (custom)
2019-08-24 06:44:16,681 [pool-494-thread-1] INFO  server.RaftServerConfigKeys (ConfUtils.java:logGet(43)) - raft.server.storage.dir = [/workdir/hadoop-ozone/integration-test/target/test-dir/MiniOzoneClusterImpl-a8998418-e7b8-46c6-9f95-b9b709c41866/datanode-5/data/ratis] (custom)
2019-08-24 06:44:16,681 [pool-472-thread-1] INFO  server.RaftServerConfigKeys (ConfUtils.java:logGet(43)) - raft.server.rpc.timeout.max = 5200ms (custom)
2019-08-24 06:44:16,682 [pool-483-thread-1] INFO  storage.RaftStorageDirectory (RaftStorageDirectory.java:analyzeStorage(246)) - The storage directory /workdir/hadoop-ozone/integration-test/target/test-dir/MiniOzoneClusterImpl-a8998418-e7b8-46c6-9f95-b9b709c41866/datanode-4/data/ratis/716b5242-7111-4fec-baf3-9921f2b055ca does not exist. Creating ...
2019-08-24 06:44:16,682 [pool-472-thread-1] INFO  server.RaftServerConfigKeys (ConfUtils.java:logGet(43)) - raft.server.rpcslowness.timeout = 120s (custom)
2019-08-24 06:44:16,682 [pool-494-thread-1] INFO  storage.RaftStorageDirectory (RaftStorageDirectory.java:analyzeStorage(246)) - The storage directory /workdir/hadoop-ozone/integration-test/target/test-dir/MiniOzoneClusterImpl-a8998418-e7b8-46c6-9f95-b9b709c41866/datanode-5/data/ratis/716b5242-7111-4fec-baf3-9921f2b055ca does not exist. Creating ...
2019-08-24 06:44:16,682 [pool-472-thread-1] INFO  server.RaftServerConfigKeys (ConfUtils.java:logGet(43)) - raft.server.sleep.deviation.threshold = 300 (default)
2019-08-24 06:44:16,682 [pool-472-thread-1] INFO  server.RaftServerConfigKeys (ConfUtils.java:logGet(43)) - raft.server.log.appender.install.snapshot.enabled = false (custom)
2019-08-24 06:44:16,682 [pool-472-thread-1] INFO  impl.RaftServerImpl (ServerState.java:<init>(105)) - 346f50d4-4cfb-4a4d-b68d-ac9cdc7f84a1:group-9921F2B055CA ConfigurationManager, init=-1: [bd993a40-bff9-4658-863b-6abb9ef357ab:192.168.34.51:42667, 346f50d4-4cfb-4a4d-b68d-ac9cdc7f84a1:192.168.34.51:34448, 25c68470-958e-4591-9cf0-a41ec1fd78b1:192.168.34.51:43156], old=null, confs=<EMPTY_MAP>
2019-08-24 06:44:16,683 [pool-472-thread-1] INFO  server.RaftServerConfigKeys (ConfUtils.java:logGet(43)) - raft.server.storage.dir = [/workdir/hadoop-ozone/integration-test/target/test-dir/MiniOzoneClusterImpl-a8998418-e7b8-46c6-9f95-b9b709c41866/datanode-3/data/ratis] (custom)
2019-08-24 06:44:16,683 [pool-472-thread-1] INFO  storage.RaftStorageDirectory (RaftStorageDirectory.java:analyzeStorage(246)) - The storage directory /workdir/hadoop-ozone/integration-test/target/test-dir/MiniOzoneClusterImpl-a8998418-e7b8-46c6-9f95-b9b709c41866/datanode-3/data/ratis/716b5242-7111-4fec-baf3-9921f2b055ca does not exist. Creating ...
2019-08-24 06:44:16,695 [pool-494-thread-1] INFO  storage.RaftStorageDirectory (RaftStorageDirectory.java:tryLock(328)) - Lock on /workdir/hadoop-ozone/integration-test/target/test-dir/MiniOzoneClusterImpl-a8998418-e7b8-46c6-9f95-b9b709c41866/datanode-5/data/ratis/716b5242-7111-4fec-baf3-9921f2b055ca/in_use.lock acquired by nodename 11820@pr-hdds-1753-tn75t-532954605
2019-08-24 06:44:16,695 [pool-483-thread-1] INFO  storage.RaftStorageDirectory (RaftStorageDirectory.java:tryLock(328)) - Lock on /workdir/hadoop-ozone/integration-test/target/test-dir/MiniOzoneClusterImpl-a8998418-e7b8-46c6-9f95-b9b709c41866/datanode-4/data/ratis/716b5242-7111-4fec-baf3-9921f2b055ca/in_use.lock acquired by nodename 11820@pr-hdds-1753-tn75t-532954605
2019-08-24 06:44:16,695 [pool-472-thread-1] INFO  storage.RaftStorageDirectory (RaftStorageDirectory.java:tryLock(328)) - Lock on /workdir/hadoop-ozone/integration-test/target/test-dir/MiniOzoneClusterImpl-a8998418-e7b8-46c6-9f95-b9b709c41866/datanode-3/data/ratis/716b5242-7111-4fec-baf3-9921f2b055ca/in_use.lock acquired by nodename 11820@pr-hdds-1753-tn75t-532954605
2019-08-24 06:44:16,712 [pool-483-thread-1] INFO  storage.RaftStorage (RaftStorage.java:format(72)) - Storage directory /workdir/hadoop-ozone/integration-test/target/test-dir/MiniOzoneClusterImpl-a8998418-e7b8-46c6-9f95-b9b709c41866/datanode-4/data/ratis/716b5242-7111-4fec-baf3-9921f2b055ca has been successfully formatted.
2019-08-24 06:44:16,712 [pool-494-thread-1] INFO  storage.RaftStorage (RaftStorage.java:format(72)) - Storage directory /workdir/hadoop-ozone/integration-test/target/test-dir/MiniOzoneClusterImpl-a8998418-e7b8-46c6-9f95-b9b709c41866/datanode-5/data/ratis/716b5242-7111-4fec-baf3-9921f2b055ca has been successfully formatted.
2019-08-24 06:44:16,712 [pool-472-thread-1] INFO  storage.RaftStorage (RaftStorage.java:format(72)) - Storage directory /workdir/hadoop-ozone/integration-test/target/test-dir/MiniOzoneClusterImpl-a8998418-e7b8-46c6-9f95-b9b709c41866/datanode-3/data/ratis/716b5242-7111-4fec-baf3-9921f2b055ca has been successfully formatted.
2019-08-24 06:44:16,712 [pool-494-thread-1] INFO  ratis.ContainerStateMachine (ContainerStateMachine.java:loadSnapshot(227)) - group-9921F2B055CA: The snapshot info is null. Setting the last applied indexto:(t:0, i:~)
2019-08-24 06:44:16,712 [pool-472-thread-1] INFO  ratis.ContainerStateMachine (ContainerStateMachine.java:loadSnapshot(227)) - group-9921F2B055CA: The snapshot info is null. Setting the last applied indexto:(t:0, i:~)
2019-08-24 06:44:16,712 [pool-483-thread-1] INFO  ratis.ContainerStateMachine (ContainerStateMachine.java:loadSnapshot(227)) - group-9921F2B055CA: The snapshot info is null. Setting the last applied indexto:(t:0, i:~)
2019-08-24 06:44:16,713 [pool-472-thread-1] INFO  server.RaftServerConfigKeys (ConfUtils.java:logGet(43)) - raft.server.leader.election.timeout = 120s (custom)
2019-08-24 06:44:16,713 [pool-494-thread-1] INFO  server.RaftServerConfigKeys (ConfUtils.java:logGet(43)) - raft.server.leader.election.timeout = 120s (custom)
2019-08-24 06:44:16,713 [pool-472-thread-1] INFO  server.RaftServerConfigKeys (ConfUtils.java:logGet(43)) - raft.server.log.use.memory = false (default)
2019-08-24 06:44:16,713 [pool-483-thread-1] INFO  server.RaftServerConfigKeys (ConfUtils.java:logGet(43)) - raft.server.leader.election.timeout = 120s (custom)
2019-08-24 06:44:16,713 [pool-472-thread-1] INFO  server.RaftServerConfigKeys (ConfUtils.java:logGet(43)) - raft.server.log.purge.gap = 1000000 (custom)
2019-08-24 06:44:16,713 [pool-494-thread-1] INFO  server.RaftServerConfigKeys (ConfUtils.java:logGet(43)) - raft.server.log.use.memory = false (default)
2019-08-24 06:44:16,714 [pool-472-thread-1] INFO  server.RaftServerConfigKeys (ConfUtils.java:logGet(43)) - raft.server.log.appender.buffer.byte-limit = 33554432 (custom)
2019-08-24 06:44:16,713 [pool-483-thread-1] INFO  server.RaftServerConfigKeys (ConfUtils.java:logGet(43)) - raft.server.log.use.memory = false (default)
2019-08-24 06:44:16,714 [pool-472-thread-1] INFO  server.RaftServerConfigKeys (ConfUtils.java:logGet(43)) - raft.server.log.segment.size.max = 1048576 (custom)
2019-08-24 06:44:16,714 [pool-494-thread-1] INFO  server.RaftServerConfigKeys (ConfUtils.java:logGet(43)) - raft.server.log.purge.gap = 1000000 (custom)
2019-08-24 06:44:16,714 [pool-472-thread-1] INFO  server.RaftServerConfigKeys (ConfUtils.java:logGet(43)) - raft.server.log.segment.cache.num.max = 2 (custom)
2019-08-24 06:44:16,714 [pool-483-thread-1] INFO  server.RaftServerConfigKeys (ConfUtils.java:logGet(43)) - raft.server.log.purge.gap = 1000000 (custom)
2019-08-24 06:44:16,715 [pool-472-thread-1] INFO  segmented.SegmentedRaftLogWorker (SegmentedRaftLogWorker.java:<init>(172)) - new 346f50d4-4cfb-4a4d-b68d-ac9cdc7f84a1-SegmentedRaftLogWorker:Storage Directory /workdir/hadoop-ozone/integration-test/target/test-dir/MiniOzoneClusterImpl-a8998418-e7b8-46c6-9f95-b9b709c41866/datanode-3/data/ratis/716b5242-7111-4fec-baf3-9921f2b055ca for RaftStorage:Storage Directory /workdir/hadoop-ozone/integration-test/target/test-dir/MiniOzoneClusterImpl-a8998418-e7b8-46c6-9f95-b9b709c41866/datanode-3/data/ratis/716b5242-7111-4fec-baf3-9921f2b055ca
2019-08-24 06:44:16,714 [pool-494-thread-1] INFO  server.RaftServerConfigKeys (ConfUtils.java:logGet(43)) - raft.server.log.appender.buffer.byte-limit = 33554432 (custom)
2019-08-24 06:44:16,715 [pool-472-thread-1] INFO  server.RaftServerConfigKeys (ConfUtils.java:logGet(43)) - raft.server.log.queue.byte-limit = 2147483647 (custom)
2019-08-24 06:44:16,715 [pool-483-thread-1] INFO  server.RaftServerConfigKeys (ConfUtils.java:logGet(43)) - raft.server.log.appender.buffer.byte-limit = 33554432 (custom)
2019-08-24 06:44:16,715 [pool-472-thread-1] INFO  server.RaftServerConfigKeys (ConfUtils.java:logGet(43)) - raft.server.log.queue.element-limit = 1024 (custom)
2019-08-24 06:44:16,715 [pool-494-thread-1] INFO  server.RaftServerConfigKeys (ConfUtils.java:logGet(43)) - raft.server.log.segment.size.max = 1048576 (custom)
2019-08-24 06:44:16,716 [pool-472-thread-1] INFO  server.RaftServerConfigKeys (ConfUtils.java:logGet(43)) - raft.server.log.segment.size.max = 1048576 (custom)
2019-08-24 06:44:16,716 [pool-472-thread-1] INFO  server.RaftServerConfigKeys (ConfUtils.java:logGet(43)) - raft.server.log.preallocated.size = 16384 (custom)
2019-08-24 06:44:16,715 [pool-483-thread-1] INFO  server.RaftServerConfigKeys (ConfUtils.java:logGet(43)) - raft.server.log.segment.size.max = 1048576 (custom)
2019-08-24 06:44:16,716 [pool-472-thread-1] INFO  server.RaftServerConfigKeys (ConfUtils.java:logGet(43)) - raft.server.log.write.buffer.size = 33554432 (custom)
2019-08-24 06:44:16,716 [pool-472-thread-1] INFO  server.RaftServerConfigKeys (ConfUtils.java:logGet(43)) - raft.server.log.force.sync.num = 128 (default)
2019-08-24 06:44:16,716 [pool-494-thread-1] INFO  server.RaftServerConfigKeys (ConfUtils.java:logGet(43)) - raft.server.log.segment.cache.num.max = 2 (custom)
2019-08-24 06:44:16,717 [pool-472-thread-1] INFO  server.RaftServerConfigKeys (ConfUtils.java:logGet(43)) - raft.server.log.statemachine.data.sync = true (default)
2019-08-24 06:44:16,716 [pool-483-thread-1] INFO  server.RaftServerConfigKeys (ConfUtils.java:logGet(43)) - raft.server.log.segment.cache.num.max = 2 (custom)
2019-08-24 06:44:16,717 [pool-472-thread-1] INFO  server.RaftServerConfigKeys (ConfUtils.java:logGet(43)) - raft.server.log.statemachine.data.sync.timeout = 10s (default)
2019-08-24 06:44:16,717 [pool-494-thread-1] INFO  segmented.SegmentedRaftLogWorker (SegmentedRaftLogWorker.java:<init>(172)) - new bd993a40-bff9-4658-863b-6abb9ef357ab-SegmentedRaftLogWorker:Storage Directory /workdir/hadoop-ozone/integration-test/target/test-dir/MiniOzoneClusterImpl-a8998418-e7b8-46c6-9f95-b9b709c41866/datanode-5/data/ratis/716b5242-7111-4fec-baf3-9921f2b055ca for RaftStorage:Storage Directory /workdir/hadoop-ozone/integration-test/target/test-dir/MiniOzoneClusterImpl-a8998418-e7b8-46c6-9f95-b9b709c41866/datanode-5/data/ratis/716b5242-7111-4fec-baf3-9921f2b055ca
2019-08-24 06:44:16,717 [pool-472-thread-1] INFO  server.RaftServerConfigKeys (ConfUtils.java:logGet(43)) - raft.server.log.statemachine.data.sync.timeout.retry = -1 (default)
2019-08-24 06:44:16,717 [pool-483-thread-1] INFO  segmented.SegmentedRaftLogWorker (SegmentedRaftLogWorker.java:<init>(172)) - new 25c68470-958e-4591-9cf0-a41ec1fd78b1-SegmentedRaftLogWorker:Storage Directory /workdir/hadoop-ozone/integration-test/target/test-dir/MiniOzoneClusterImpl-a8998418-e7b8-46c6-9f95-b9b709c41866/datanode-4/data/ratis/716b5242-7111-4fec-baf3-9921f2b055ca for RaftStorage:Storage Directory /workdir/hadoop-ozone/integration-test/target/test-dir/MiniOzoneClusterImpl-a8998418-e7b8-46c6-9f95-b9b709c41866/datanode-4/data/ratis/716b5242-7111-4fec-baf3-9921f2b055ca
2019-08-24 06:44:16,718 [pool-472-thread-1] INFO  server.RaftServerConfigKeys (ConfUtils.java:logGet(43)) - raft.server.log.statemachine.data.caching.enabled = true (custom)
2019-08-24 06:44:16,718 [pool-494-thread-1] INFO  server.RaftServerConfigKeys (ConfUtils.java:logGet(43)) - raft.server.log.queue.byte-limit = 2147483647 (custom)
2019-08-24 06:44:16,718 [pool-472-thread-1] INFO  segmented.SegmentedRaftLogWorker (SegmentedRaftLogWorker.java:lambda$new$0(132)) - 346f50d4-4cfb-4a4d-b68d-ac9cdc7f84a1-SegmentedRaftLogWorker:Storage Directory /workdir/hadoop-ozone/integration-test/target/test-dir/MiniOzoneClusterImpl-a8998418-e7b8-46c6-9f95-b9b709c41866/datanode-3/data/ratis/716b5242-7111-4fec-baf3-9921f2b055ca: flushIndex: setUnconditionally 0 -> -1
2019-08-24 06:44:16,718 [pool-483-thread-1] INFO  server.RaftServerConfigKeys (ConfUtils.java:logGet(43)) - raft.server.log.queue.byte-limit = 2147483647 (custom)
2019-08-24 06:44:16,718 [pool-494-thread-1] INFO  server.RaftServerConfigKeys (ConfUtils.java:logGet(43)) - raft.server.log.queue.element-limit = 1024 (custom)
2019-08-24 06:44:16,719 [pool-472-thread-1] INFO  server.RaftServerConfigKeys (ConfUtils.java:logGet(43)) - raft.server.snapshot.auto.trigger.enabled = true (custom)
2019-08-24 06:44:16,719 [pool-483-thread-1] INFO  server.RaftServerConfigKeys (ConfUtils.java:logGet(43)) - raft.server.log.queue.element-limit = 1024 (custom)
2019-08-24 06:44:16,719 [pool-472-thread-1] INFO  server.RaftServerConfigKeys (ConfUtils.java:logGet(43)) - raft.server.snapshot.auto.trigger.threshold = 10000 (custom)
2019-08-24 06:44:16,719 [pool-494-thread-1] INFO  server.RaftServerConfigKeys (ConfUtils.java:logGet(43)) - raft.server.log.segment.size.max = 1048576 (custom)
2019-08-24 06:44:16,719 [pool-472-thread-1] INFO  server.RaftServerConfigKeys (ConfUtils.java:logGet(43)) - raft.server.retrycache.expirytime = 600000ms (custom)
2019-08-24 06:44:16,719 [pool-483-thread-1] INFO  server.RaftServerConfigKeys (ConfUtils.java:logGet(43)) - raft.server.log.segment.size.max = 1048576 (custom)
2019-08-24 06:44:16,720 [pool-472-thread-1] INFO  impl.RaftServerImpl (RaftServerImpl.java:start(180)) - 346f50d4-4cfb-4a4d-b68d-ac9cdc7f84a1: start group-9921F2B055CA
2019-08-24 06:44:16,719 [pool-494-thread-1] INFO  server.RaftServerConfigKeys (ConfUtils.java:logGet(43)) - raft.server.log.preallocated.size = 16384 (custom)
2019-08-24 06:44:16,720 [pool-472-thread-1] INFO  impl.RaftServerImpl (RaftServerImpl.java:setRole(171)) - 346f50d4-4cfb-4a4d-b68d-ac9cdc7f84a1:group-9921F2B055CA changes role from null to FOLLOWER at term 0 for startAsFollower
2019-08-24 06:44:16,720 [pool-483-thread-1] INFO  server.RaftServerConfigKeys (ConfUtils.java:logGet(43)) - raft.server.log.preallocated.size = 16384 (custom)
2019-08-24 06:44:16,720 [pool-472-thread-1] INFO  impl.RoleInfo (RoleInfo.java:updateAndGet(143)) - 346f50d4-4cfb-4a4d-b68d-ac9cdc7f84a1: start FollowerState
2019-08-24 06:44:16,720 [pool-494-thread-1] INFO  server.RaftServerConfigKeys (ConfUtils.java:logGet(43)) - raft.server.log.write.buffer.size = 33554432 (custom)
2019-08-24 06:44:16,721 [pool-494-thread-1] INFO  server.RaftServerConfigKeys (ConfUtils.java:logGet(43)) - raft.server.log.force.sync.num = 128 (default)
2019-08-24 06:44:16,720 [pool-483-thread-1] INFO  server.RaftServerConfigKeys (ConfUtils.java:logGet(43)) - raft.server.log.write.buffer.size = 33554432 (custom)
2019-08-24 06:44:16,721 [pool-494-thread-1] INFO  server.RaftServerConfigKeys (ConfUtils.java:logGet(43)) - raft.server.log.statemachine.data.sync = true (default)
2019-08-24 06:44:16,721 [pool-472-thread-1] INFO  util.JmxRegister (JmxRegister.java:tryRegister(44)) - Successfully registered JMX Bean with object name Ratis:service=RaftServer,group=group-9921F2B055CA,id=346f50d4-4cfb-4a4d-b68d-ac9cdc7f84a1
2019-08-24 06:44:16,721 [pool-494-thread-1] INFO  server.RaftServerConfigKeys (ConfUtils.java:logGet(43)) - raft.server.log.statemachine.data.sync.timeout = 10s (default)
2019-08-24 06:44:16,721 [pool-483-thread-1] INFO  server.RaftServerConfigKeys (ConfUtils.java:logGet(43)) - raft.server.log.force.sync.num = 128 (default)
2019-08-24 06:44:16,722 [pool-494-thread-1] INFO  server.RaftServerConfigKeys (ConfUtils.java:logGet(43)) - raft.server.log.statemachine.data.sync.timeout.retry = -1 (default)
2019-08-24 06:44:16,722 [pool-483-thread-1] INFO  server.RaftServerConfigKeys (ConfUtils.java:logGet(43)) - raft.server.log.statemachine.data.sync = true (default)
2019-08-24 06:44:16,722 [pool-494-thread-1] INFO  server.RaftServerConfigKeys (ConfUtils.java:logGet(43)) - raft.server.log.statemachine.data.caching.enabled = true (custom)
2019-08-24 06:44:16,722 [pool-483-thread-1] INFO  server.RaftServerConfigKeys (ConfUtils.java:logGet(43)) - raft.server.log.statemachine.data.sync.timeout = 10s (default)
2019-08-24 06:44:16,722 [pool-483-thread-1] INFO  server.RaftServerConfigKeys (ConfUtils.java:logGet(43)) - raft.server.log.statemachine.data.sync.timeout.retry = -1 (default)
2019-08-24 06:44:16,722 [pool-494-thread-1] INFO  segmented.SegmentedRaftLogWorker (SegmentedRaftLogWorker.java:lambda$new$0(132)) - bd993a40-bff9-4658-863b-6abb9ef357ab-SegmentedRaftLogWorker:Storage Directory /workdir/hadoop-ozone/integration-test/target/test-dir/MiniOzoneClusterImpl-a8998418-e7b8-46c6-9f95-b9b709c41866/datanode-5/data/ratis/716b5242-7111-4fec-baf3-9921f2b055ca: flushIndex: setUnconditionally 0 -> -1
2019-08-24 06:44:16,723 [pool-483-thread-1] INFO  server.RaftServerConfigKeys (ConfUtils.java:logGet(43)) - raft.server.log.statemachine.data.caching.enabled = true (custom)
2019-08-24 06:44:16,723 [pool-494-thread-1] INFO  server.RaftServerConfigKeys (ConfUtils.java:logGet(43)) - raft.server.snapshot.auto.trigger.enabled = true (custom)
2019-08-24 06:44:16,723 [pool-483-thread-1] INFO  segmented.SegmentedRaftLogWorker (SegmentedRaftLogWorker.java:lambda$new$0(132)) - 25c68470-958e-4591-9cf0-a41ec1fd78b1-SegmentedRaftLogWorker:Storage Directory /workdir/hadoop-ozone/integration-test/target/test-dir/MiniOzoneClusterImpl-a8998418-e7b8-46c6-9f95-b9b709c41866/datanode-4/data/ratis/716b5242-7111-4fec-baf3-9921f2b055ca: flushIndex: setUnconditionally 0 -> -1
2019-08-24 06:44:16,723 [pool-494-thread-1] INFO  server.RaftServerConfigKeys (ConfUtils.java:logGet(43)) - raft.server.snapshot.auto.trigger.threshold = 10000 (custom)
2019-08-24 06:44:16,724 [pool-494-thread-1] INFO  server.RaftServerConfigKeys (ConfUtils.java:logGet(43)) - raft.server.retrycache.expirytime = 600000ms (custom)
2019-08-24 06:44:16,724 [pool-483-thread-1] INFO  server.RaftServerConfigKeys (ConfUtils.java:logGet(43)) - raft.server.snapshot.auto.trigger.enabled = true (custom)
2019-08-24 06:44:16,724 [pool-494-thread-1] INFO  impl.RaftServerImpl (RaftServerImpl.java:start(180)) - bd993a40-bff9-4658-863b-6abb9ef357ab: start group-9921F2B055CA
2019-08-24 06:44:16,724 [pool-483-thread-1] INFO  server.RaftServerConfigKeys (ConfUtils.java:logGet(43)) - raft.server.snapshot.auto.trigger.threshold = 10000 (custom)
2019-08-24 06:44:16,724 [pool-494-thread-1] INFO  impl.RaftServerImpl (RaftServerImpl.java:setRole(171)) - bd993a40-bff9-4658-863b-6abb9ef357ab:group-9921F2B055CA changes role from null to FOLLOWER at term 0 for startAsFollower
2019-08-24 06:44:16,724 [pool-483-thread-1] INFO  server.RaftServerConfigKeys (ConfUtils.java:logGet(43)) - raft.server.retrycache.expirytime = 600000ms (custom)
2019-08-24 06:44:16,724 [pool-494-thread-1] INFO  impl.RoleInfo (RoleInfo.java:updateAndGet(143)) - bd993a40-bff9-4658-863b-6abb9ef357ab: start FollowerState
2019-08-24 06:44:16,724 [pool-483-thread-1] INFO  impl.RaftServerImpl (RaftServerImpl.java:start(180)) - 25c68470-958e-4591-9cf0-a41ec1fd78b1: start group-9921F2B055CA
2019-08-24 06:44:16,725 [pool-483-thread-1] INFO  impl.RaftServerImpl (RaftServerImpl.java:setRole(171)) - 25c68470-958e-4591-9cf0-a41ec1fd78b1:group-9921F2B055CA changes role from null to FOLLOWER at term 0 for startAsFollower
2019-08-24 06:44:16,725 [pool-483-thread-1] INFO  impl.RoleInfo (RoleInfo.java:updateAndGet(143)) - 25c68470-958e-4591-9cf0-a41ec1fd78b1: start FollowerState
2019-08-24 06:44:16,725 [pool-494-thread-1] INFO  util.JmxRegister (JmxRegister.java:tryRegister(44)) - Successfully registered JMX Bean with object name Ratis:service=RaftServer,group=group-9921F2B055CA,id=bd993a40-bff9-4658-863b-6abb9ef357ab
2019-08-24 06:44:16,725 [pool-483-thread-1] INFO  util.JmxRegister (JmxRegister.java:tryRegister(44)) - Successfully registered JMX Bean with object name Ratis:service=RaftServer,group=group-9921F2B055CA,id=25c68470-958e-4591-9cf0-a41ec1fd78b1
2019-08-24 06:44:16,728 [RatisPipelineUtilsThread] INFO  pipeline.PipelineStateManager (PipelineStateManager.java:addPipeline(56)) - Created pipeline Pipeline[ Id: 716b5242-7111-4fec-baf3-9921f2b055ca, Nodes: bd993a40-bff9-4658-863b-6abb9ef357ab{ip: 192.168.34.51, host: pr-hdds-1753-tn75t-532954605, networkLocation: /default-rack, certSerialId: null}346f50d4-4cfb-4a4d-b68d-ac9cdc7f84a1{ip: 192.168.34.51, host: pr-hdds-1753-tn75t-532954605, networkLocation: /default-rack, certSerialId: null}25c68470-958e-4591-9cf0-a41ec1fd78b1{ip: 192.168.34.51, host: pr-hdds-1753-tn75t-532954605, networkLocation: /default-rack, certSerialId: null}, Type:RATIS, Factor:THREE, State:OPEN]
2019-08-24 06:44:16,822 [main] INFO  ozone.MiniOzoneClusterImpl (MiniOzoneClusterImpl.java:lambda$waitForClusterToBeReady$0(142)) - Waiting for cluster to be ready. Got 6 of 7 DN Heartbeats.
2019-08-24 06:44:16,824 [IPC Server handler 2 on 45027] INFO  net.NetworkTopology (NetworkTopologyImpl.java:add(110)) - Added a new node: /default-rack/5e7adc50-b544-477d-9a22-450e06c720cc
2019-08-24 06:44:16,824 [IPC Server handler 2 on 45027] INFO  node.SCMNodeManager (SCMNodeManager.java:register(273)) - Registered Data node : 5e7adc50-b544-477d-9a22-450e06c720cc{ip: 192.168.34.51, host: pr-hdds-1753-tn75t-532954605, networkLocation: /default-rack, certSerialId: null}
2019-08-24 06:44:16,824 | INFO  | SCMAudit | user=jenkins1000 | ip=192.168.34.51 | op=REGISTER {datanodeDetails=5e7adc50-b544-477d-9a22-450e06c720cc{ip: 192.168.34.51, host: pr-hdds-1753-tn75t-532954605, networkLocation: /default-rack, certSerialId: null}} | ret=SUCCESS |  
2019-08-24 06:44:16,831 [grpc-default-executor-11] INFO  impl.RaftServerProxy (RaftServerProxy.java:addNew(89)) - 5e7adc50-b544-477d-9a22-450e06c720cc: addNew group-03F09D22881C:[5e7adc50-b544-477d-9a22-450e06c720cc:192.168.34.51:39195] returns group-03F09D22881C:java.util.concurrent.CompletableFuture@142c599d[Not completed]
2019-08-24 06:44:16,832 [pool-505-thread-1] INFO  impl.RaftServerImpl (RaftServerImpl.java:<init>(93)) - 5e7adc50-b544-477d-9a22-450e06c720cc: new RaftServerImpl for group-03F09D22881C:[5e7adc50-b544-477d-9a22-450e06c720cc:192.168.34.51:39195] with ContainerStateMachine:uninitialized
2019-08-24 06:44:16,833 [pool-505-thread-1] INFO  server.RaftServerConfigKeys (ConfUtils.java:logGet(43)) - raft.server.rpc.timeout.min = 5s (custom)
2019-08-24 06:44:16,833 [pool-505-thread-1] INFO  server.RaftServerConfigKeys (ConfUtils.java:logGet(43)) - raft.server.rpc.timeout.max = 5200ms (custom)
2019-08-24 06:44:16,833 [pool-505-thread-1] INFO  server.RaftServerConfigKeys (ConfUtils.java:logGet(43)) - raft.server.rpcslowness.timeout = 120s (custom)
2019-08-24 06:44:16,833 [pool-505-thread-1] INFO  server.RaftServerConfigKeys (ConfUtils.java:logGet(43)) - raft.server.sleep.deviation.threshold = 300 (default)
2019-08-24 06:44:16,833 [pool-505-thread-1] INFO  server.RaftServerConfigKeys (ConfUtils.java:logGet(43)) - raft.server.log.appender.install.snapshot.enabled = false (custom)
2019-08-24 06:44:16,833 [pool-505-thread-1] INFO  impl.RaftServerImpl (ServerState.java:<init>(105)) - 5e7adc50-b544-477d-9a22-450e06c720cc:group-03F09D22881C ConfigurationManager, init=-1: [5e7adc50-b544-477d-9a22-450e06c720cc:192.168.34.51:39195], old=null, confs=<EMPTY_MAP>
2019-08-24 06:44:16,834 [pool-505-thread-1] INFO  server.RaftServerConfigKeys (ConfUtils.java:logGet(43)) - raft.server.storage.dir = [/workdir/hadoop-ozone/integration-test/target/test-dir/MiniOzoneClusterImpl-a8998418-e7b8-46c6-9f95-b9b709c41866/datanode-6/data/ratis] (custom)
2019-08-24 06:44:16,834 [pool-505-thread-1] INFO  storage.RaftStorageDirectory (RaftStorageDirectory.java:analyzeStorage(246)) - The storage directory /workdir/hadoop-ozone/integration-test/target/test-dir/MiniOzoneClusterImpl-a8998418-e7b8-46c6-9f95-b9b709c41866/datanode-6/data/ratis/4ae1e9e0-5577-441c-8fd2-03f09d22881c does not exist. Creating ...
2019-08-24 06:44:16,847 [pool-505-thread-1] INFO  storage.RaftStorageDirectory (RaftStorageDirectory.java:tryLock(328)) - Lock on /workdir/hadoop-ozone/integration-test/target/test-dir/MiniOzoneClusterImpl-a8998418-e7b8-46c6-9f95-b9b709c41866/datanode-6/data/ratis/4ae1e9e0-5577-441c-8fd2-03f09d22881c/in_use.lock acquired by nodename 11820@pr-hdds-1753-tn75t-532954605
2019-08-24 06:44:16,860 [pool-505-thread-1] INFO  storage.RaftStorage (RaftStorage.java:format(72)) - Storage directory /workdir/hadoop-ozone/integration-test/target/test-dir/MiniOzoneClusterImpl-a8998418-e7b8-46c6-9f95-b9b709c41866/datanode-6/data/ratis/4ae1e9e0-5577-441c-8fd2-03f09d22881c has been successfully formatted.
2019-08-24 06:44:16,860 [pool-505-thread-1] INFO  ratis.ContainerStateMachine (ContainerStateMachine.java:loadSnapshot(227)) - group-03F09D22881C: The snapshot info is null. Setting the last applied indexto:(t:0, i:~)
2019-08-24 06:44:16,860 [pool-505-thread-1] INFO  server.RaftServerConfigKeys (ConfUtils.java:logGet(43)) - raft.server.leader.election.timeout = 120s (custom)
2019-08-24 06:44:16,861 [pool-505-thread-1] INFO  server.RaftServerConfigKeys (ConfUtils.java:logGet(43)) - raft.server.log.use.memory = false (default)
2019-08-24 06:44:16,861 [pool-505-thread-1] INFO  server.RaftServerConfigKeys (ConfUtils.java:logGet(43)) - raft.server.log.purge.gap = 1000000 (custom)
2019-08-24 06:44:16,861 [pool-505-thread-1] INFO  server.RaftServerConfigKeys (ConfUtils.java:logGet(43)) - raft.server.log.appender.buffer.byte-limit = 33554432 (custom)
2019-08-24 06:44:16,861 [pool-505-thread-1] INFO  server.RaftServerConfigKeys (ConfUtils.java:logGet(43)) - raft.server.log.segment.size.max = 1048576 (custom)
2019-08-24 06:44:16,861 [pool-505-thread-1] INFO  server.RaftServerConfigKeys (ConfUtils.java:logGet(43)) - raft.server.log.segment.cache.num.max = 2 (custom)
2019-08-24 06:44:16,861 [pool-505-thread-1] INFO  segmented.SegmentedRaftLogWorker (SegmentedRaftLogWorker.java:<init>(172)) - new 5e7adc50-b544-477d-9a22-450e06c720cc-SegmentedRaftLogWorker:Storage Directory /workdir/hadoop-ozone/integration-test/target/test-dir/MiniOzoneClusterImpl-a8998418-e7b8-46c6-9f95-b9b709c41866/datanode-6/data/ratis/4ae1e9e0-5577-441c-8fd2-03f09d22881c for RaftStorage:Storage Directory /workdir/hadoop-ozone/integration-test/target/test-dir/MiniOzoneClusterImpl-a8998418-e7b8-46c6-9f95-b9b709c41866/datanode-6/data/ratis/4ae1e9e0-5577-441c-8fd2-03f09d22881c
2019-08-24 06:44:16,862 [pool-505-thread-1] INFO  server.RaftServerConfigKeys (ConfUtils.java:logGet(43)) - raft.server.log.queue.byte-limit = 2147483647 (custom)
2019-08-24 06:44:16,862 [pool-505-thread-1] INFO  server.RaftServerConfigKeys (ConfUtils.java:logGet(43)) - raft.server.log.queue.element-limit = 1024 (custom)
2019-08-24 06:44:16,862 [pool-505-thread-1] INFO  server.RaftServerConfigKeys (ConfUtils.java:logGet(43)) - raft.server.log.segment.size.max = 1048576 (custom)
2019-08-24 06:44:16,862 [pool-505-thread-1] INFO  server.RaftServerConfigKeys (ConfUtils.java:logGet(43)) - raft.server.log.preallocated.size = 16384 (custom)
2019-08-24 06:44:16,862 [pool-505-thread-1] INFO  server.RaftServerConfigKeys (ConfUtils.java:logGet(43)) - raft.server.log.write.buffer.size = 33554432 (custom)
2019-08-24 06:44:16,862 [pool-505-thread-1] INFO  server.RaftServerConfigKeys (ConfUtils.java:logGet(43)) - raft.server.log.force.sync.num = 128 (default)
2019-08-24 06:44:16,863 [pool-505-thread-1] INFO  server.RaftServerConfigKeys (ConfUtils.java:logGet(43)) - raft.server.log.statemachine.data.sync = true (default)
2019-08-24 06:44:16,863 [pool-505-thread-1] INFO  server.RaftServerConfigKeys (ConfUtils.java:logGet(43)) - raft.server.log.statemachine.data.sync.timeout = 10s (default)
2019-08-24 06:44:16,863 [pool-505-thread-1] INFO  server.RaftServerConfigKeys (ConfUtils.java:logGet(43)) - raft.server.log.statemachine.data.sync.timeout.retry = -1 (default)
2019-08-24 06:44:16,863 [pool-505-thread-1] INFO  server.RaftServerConfigKeys (ConfUtils.java:logGet(43)) - raft.server.log.statemachine.data.caching.enabled = true (custom)
2019-08-24 06:44:16,864 [pool-505-thread-1] INFO  segmented.SegmentedRaftLogWorker (SegmentedRaftLogWorker.java:lambda$new$0(132)) - 5e7adc50-b544-477d-9a22-450e06c720cc-SegmentedRaftLogWorker:Storage Directory /workdir/hadoop-ozone/integration-test/target/test-dir/MiniOzoneClusterImpl-a8998418-e7b8-46c6-9f95-b9b709c41866/datanode-6/data/ratis/4ae1e9e0-5577-441c-8fd2-03f09d22881c: flushIndex: setUnconditionally 0 -> -1
2019-08-24 06:44:16,864 [pool-505-thread-1] INFO  server.RaftServerConfigKeys (ConfUtils.java:logGet(43)) - raft.server.snapshot.auto.trigger.enabled = true (custom)
2019-08-24 06:44:16,864 [pool-505-thread-1] INFO  server.RaftServerConfigKeys (ConfUtils.java:logGet(43)) - raft.server.snapshot.auto.trigger.threshold = 10000 (custom)
2019-08-24 06:44:16,864 [pool-505-thread-1] INFO  server.RaftServerConfigKeys (ConfUtils.java:logGet(43)) - raft.server.retrycache.expirytime = 600000ms (custom)
2019-08-24 06:44:16,865 [pool-505-thread-1] INFO  impl.RaftServerImpl (RaftServerImpl.java:start(180)) - 5e7adc50-b544-477d-9a22-450e06c720cc: start group-03F09D22881C
2019-08-24 06:44:16,865 [pool-505-thread-1] INFO  impl.RaftServerImpl (RaftServerImpl.java:setRole(171)) - 5e7adc50-b544-477d-9a22-450e06c720cc:group-03F09D22881C changes role from null to FOLLOWER at term 0 for startAsFollower
2019-08-24 06:44:16,865 [pool-505-thread-1] INFO  impl.RoleInfo (RoleInfo.java:updateAndGet(143)) - 5e7adc50-b544-477d-9a22-450e06c720cc: start FollowerState
2019-08-24 06:44:16,865 [pool-505-thread-1] INFO  util.JmxRegister (JmxRegister.java:tryRegister(44)) - Successfully registered JMX Bean with object name Ratis:service=RaftServer,group=group-03F09D22881C,id=5e7adc50-b544-477d-9a22-450e06c720cc
2019-08-24 06:44:16,868 [RatisPipelineUtilsThread] INFO  pipeline.PipelineStateManager (PipelineStateManager.java:addPipeline(56)) - Created pipeline Pipeline[ Id: 4ae1e9e0-5577-441c-8fd2-03f09d22881c, Nodes: 5e7adc50-b544-477d-9a22-450e06c720cc{ip: 192.168.34.51, host: pr-hdds-1753-tn75t-532954605, networkLocation: /default-rack, certSerialId: null}, Type:RATIS, Factor:ONE, State:OPEN]
2019-08-24 06:44:17,259 | INFO  | SCMAudit | user=jenkins1000 | ip=192.168.34.51 | op=SEND_HEARTBEAT {datanodeUUID=fd008af0-4f48-4b99-a0e7-19298396ae47, command=[]} | ret=SUCCESS |  
2019-08-24 06:44:17,822 [main] INFO  ozone.MiniOzoneClusterImpl (MiniOzoneClusterImpl.java:lambda$waitForClusterToBeReady$0(142)) - Cluster is ready. Got 7 of 7 DN Heartbeats.
2019-08-24 06:44:17,838 | INFO  | SCMAudit | user=jenkins1000 | ip=192.168.34.51 | op=SEND_HEARTBEAT {datanodeUUID=cfa00991-4858-43cd-92ab-b86e3cf154fa, command=[]} | ret=SUCCESS |  
2019-08-24 06:44:17,861 [main] INFO  rpc.RpcClient (RpcClient.java:createVolume(293)) - Creating Volume: testblockoutputstream, with jenkins1000 as owner.
2019-08-24 06:44:17,864 | INFO  | OMAudit | user=jenkins1000 | ip=127.0.0.1 | op=CREATE_VOLUME {admin=jenkins1000, owner=jenkins1000, volume=testblockoutputstream, creationTime=1566629057863, quotaInBytes=1152921504606846976} | ret=SUCCESS |  
2019-08-24 06:44:17,876 | INFO  | OMAudit | user=jenkins1000 | ip=127.0.0.1 | op=READ_VOLUME {volume=testblockoutputstream} | ret=SUCCESS |  
2019-08-24 06:44:17,877 [main] INFO  rpc.RpcClient (RpcClient.java:createBucket(432)) - Creating Bucket: testblockoutputstream/testblockoutputstream, with Versioning false and Storage Type set to DISK and Encryption set to false 
2019-08-24 06:44:17,881 | INFO  | OMAudit | user=jenkins1000 | ip=127.0.0.1 | op=CREATE_BUCKET {volume=testblockoutputstream, bucket=testblockoutputstream, acls=[user:jenkins1000:a[ACCESS], group:default:a[ACCESS]], isVersionEnabled=false, storageType=DISK, creationTime=0} | ret=SUCCESS |  
2019-08-24 06:44:17,883 | INFO  | OMAudit | user=jenkins1000 | ip=127.0.0.1 | op=READ_VOLUME {volume=testblockoutputstream} | ret=SUCCESS |  
2019-08-24 06:44:17,885 | INFO  | OMAudit | user=jenkins1000 | ip=127.0.0.1 | op=READ_BUCKET {volume=testblockoutputstream, bucket=testblockoutputstream} | ret=SUCCESS |  
2019-08-24 06:44:17,891 | INFO  | SCMAudit | user=jenkins1000 | ip=192.168.34.51 | op=ALLOCATE_BLOCK {owner=c8feab99-d46d-4d7b-a75e-e25194bfb8f9, size=800, type=RATIS, factor=THREE} | ret=SUCCESS |  
2019-08-24 06:44:17,895 | INFO  | OMAudit | user=jenkins1000 | ip=127.0.0.1 | op=ALLOCATE_KEY {volume=testblockoutputstream, bucket=testblockoutputstream, key=b23cbab3-3d53-4a6b-9331-981276432faa, dataSize=0, replicationType=RATIS, replicationFactor=THREE, keyLocationInfo=null} | ret=SUCCESS |  
2019-08-24 06:44:17,921 [grpc-default-executor-11] INFO  client.GrpcClientProtocolClient (GrpcClientProtocolClient.java:onNext(255)) - client-758269D276C7->bd993a40-bff9-4658-863b-6abb9ef357ab: receive RaftClientReply:client-758269D276C7->bd993a40-bff9-4658-863b-6abb9ef357ab@group-9921F2B055CA, cid=184, FAILED org.apache.ratis.protocol.NotLeaderException: Server bd993a40-bff9-4658-863b-6abb9ef357ab is not the leader (null). Request must be sent to leader., logIndex=0, commits[bd993a40-bff9-4658-863b-6abb9ef357ab:c-1]
2019-08-24 06:44:18,051 | INFO  | SCMAudit | user=jenkins1000 | ip=192.168.34.51 | op=SEND_HEARTBEAT {datanodeUUID=4ae5f13b-0709-4697-8c2d-45e48ce4c21a, command=[]} | ret=SUCCESS |  
2019-08-24 06:44:18,240 | INFO  | SCMAudit | user=jenkins1000 | ip=192.168.34.51 | op=SEND_HEARTBEAT {datanodeUUID=346f50d4-4cfb-4a4d-b68d-ac9cdc7f84a1, command=[]} | ret=SUCCESS |  
2019-08-24 06:44:18,260 | INFO  | SCMAudit | user=jenkins1000 | ip=192.168.34.51 | op=SEND_HEARTBEAT {datanodeUUID=fd008af0-4f48-4b99-a0e7-19298396ae47, command=[]} | ret=SUCCESS |  
2019-08-24 06:44:18,273 [Thread-3550] INFO  container.ReplicationManager (ReplicationManager.java:start(152)) - Starting Replication Monitor Thread.
2019-08-24 06:44:18,277 [ReplicationMonitor] INFO  container.ReplicationManager (ReplicationManager.java:run(215)) - Replication Monitor Thread took 1 milliseconds for processing 1 containers.
2019-08-24 06:44:18,425 | INFO  | SCMAudit | user=jenkins1000 | ip=192.168.34.51 | op=SEND_HEARTBEAT {datanodeUUID=25c68470-958e-4591-9cf0-a41ec1fd78b1, command=[]} | ret=SUCCESS |  
2019-08-24 06:44:18,617 | INFO  | SCMAudit | user=jenkins1000 | ip=192.168.34.51 | op=SEND_HEARTBEAT {datanodeUUID=bd993a40-bff9-4658-863b-6abb9ef357ab, command=[]} | ret=SUCCESS |  
2019-08-24 06:44:18,824 | INFO  | SCMAudit | user=jenkins1000 | ip=192.168.34.51 | op=SEND_HEARTBEAT {datanodeUUID=5e7adc50-b544-477d-9a22-450e06c720cc, command=[]} | ret=SUCCESS |  
2019-08-24 06:44:18,837 | INFO  | SCMAudit | user=jenkins1000 | ip=192.168.34.51 | op=SEND_HEARTBEAT {datanodeUUID=cfa00991-4858-43cd-92ab-b86e3cf154fa, command=[]} | ret=SUCCESS |  
2019-08-24 06:44:18,933 [grpc-default-executor-11] INFO  client.GrpcClientProtocolClient (GrpcClientProtocolClient.java:onNext(255)) - client-758269D276C7->346f50d4-4cfb-4a4d-b68d-ac9cdc7f84a1: receive RaftClientReply:client-758269D276C7->346f50d4-4cfb-4a4d-b68d-ac9cdc7f84a1@group-9921F2B055CA, cid=184, FAILED org.apache.ratis.protocol.NotLeaderException: Server 346f50d4-4cfb-4a4d-b68d-ac9cdc7f84a1 is not the leader (null). Request must be sent to leader., logIndex=0, commits[346f50d4-4cfb-4a4d-b68d-ac9cdc7f84a1:c-1]
2019-08-24 06:44:19,052 | INFO  | SCMAudit | user=jenkins1000 | ip=192.168.34.51 | op=SEND_HEARTBEAT {datanodeUUID=4ae5f13b-0709-4697-8c2d-45e48ce4c21a, command=[]} | ret=SUCCESS |  
2019-08-24 06:44:19,241 | INFO  | SCMAudit | user=jenkins1000 | ip=192.168.34.51 | op=SEND_HEARTBEAT {datanodeUUID=346f50d4-4cfb-4a4d-b68d-ac9cdc7f84a1, command=[]} | ret=SUCCESS |  
2019-08-24 06:44:19,259 | INFO  | SCMAudit | user=jenkins1000 | ip=192.168.34.51 | op=SEND_HEARTBEAT {datanodeUUID=fd008af0-4f48-4b99-a0e7-19298396ae47, command=[]} | ret=SUCCESS |  
2019-08-24 06:44:19,425 | INFO  | SCMAudit | user=jenkins1000 | ip=192.168.34.51 | op=SEND_HEARTBEAT {datanodeUUID=25c68470-958e-4591-9cf0-a41ec1fd78b1, command=[]} | ret=SUCCESS |  
2019-08-24 06:44:19,617 | INFO  | SCMAudit | user=jenkins1000 | ip=192.168.34.51 | op=SEND_HEARTBEAT {datanodeUUID=bd993a40-bff9-4658-863b-6abb9ef357ab, command=[]} | ret=SUCCESS |  
2019-08-24 06:44:19,823 | INFO  | SCMAudit | user=jenkins1000 | ip=192.168.34.51 | op=SEND_HEARTBEAT {datanodeUUID=5e7adc50-b544-477d-9a22-450e06c720cc, command=[]} | ret=SUCCESS |  
2019-08-24 06:44:19,837 | INFO  | SCMAudit | user=jenkins1000 | ip=192.168.34.51 | op=SEND_HEARTBEAT {datanodeUUID=cfa00991-4858-43cd-92ab-b86e3cf154fa, command=[]} | ret=SUCCESS |  
2019-08-24 06:44:19,945 [grpc-default-executor-8] INFO  client.GrpcClientProtocolClient (GrpcClientProtocolClient.java:onNext(255)) - client-758269D276C7->25c68470-958e-4591-9cf0-a41ec1fd78b1: receive RaftClientReply:client-758269D276C7->25c68470-958e-4591-9cf0-a41ec1fd78b1@group-9921F2B055CA, cid=184, FAILED org.apache.ratis.protocol.NotLeaderException: Server 25c68470-958e-4591-9cf0-a41ec1fd78b1 is not the leader (null). Request must be sent to leader., logIndex=0, commits[25c68470-958e-4591-9cf0-a41ec1fd78b1:c-1]
2019-08-24 06:44:20,051 | INFO  | SCMAudit | user=jenkins1000 | ip=192.168.34.51 | op=SEND_HEARTBEAT {datanodeUUID=4ae5f13b-0709-4697-8c2d-45e48ce4c21a, command=[]} | ret=SUCCESS |  
2019-08-24 06:44:20,241 | INFO  | SCMAudit | user=jenkins1000 | ip=192.168.34.51 | op=SEND_HEARTBEAT {datanodeUUID=346f50d4-4cfb-4a4d-b68d-ac9cdc7f84a1, command=[]} | ret=SUCCESS |  
2019-08-24 06:44:20,260 | INFO  | SCMAudit | user=jenkins1000 | ip=192.168.34.51 | op=SEND_HEARTBEAT {datanodeUUID=fd008af0-4f48-4b99-a0e7-19298396ae47, command=[]} | ret=SUCCESS |  
2019-08-24 06:44:20,425 | INFO  | SCMAudit | user=jenkins1000 | ip=192.168.34.51 | op=SEND_HEARTBEAT {datanodeUUID=25c68470-958e-4591-9cf0-a41ec1fd78b1, command=[]} | ret=SUCCESS |  
2019-08-24 06:44:20,480 [Thread-3552] INFO  impl.FollowerState (FollowerState.java:run(106)) - fd008af0-4f48-4b99-a0e7-19298396ae47:group-DF6656FB3AB3 changes to CANDIDATE, lastRpcTime:5115, electionTimeout:5115ms
2019-08-24 06:44:20,480 [Thread-3552] INFO  impl.RoleInfo (RoleInfo.java:shutdownFollowerState(121)) - fd008af0-4f48-4b99-a0e7-19298396ae47: shutdown FollowerState
2019-08-24 06:44:20,480 [Thread-3552] INFO  impl.RaftServerImpl (RaftServerImpl.java:setRole(171)) - fd008af0-4f48-4b99-a0e7-19298396ae47:group-DF6656FB3AB3 changes role from FOLLOWER to CANDIDATE at term 0 for changeToCandidate
2019-08-24 06:44:20,480 [Thread-3552] INFO  impl.RoleInfo (RoleInfo.java:updateAndGet(143)) - fd008af0-4f48-4b99-a0e7-19298396ae47: start LeaderElection
2019-08-24 06:44:20,500 [fd008af0-4f48-4b99-a0e7-19298396ae47:group-DF6656FB3AB3:LeaderElection68] INFO  impl.LeaderElection (LeaderElection.java:askForVotes(181)) - fd008af0-4f48-4b99-a0e7-19298396ae47:group-DF6656FB3AB3:LeaderElection68: begin an election at term 1 for -1: [fd008af0-4f48-4b99-a0e7-19298396ae47:192.168.34.51:44609], old=null
2019-08-24 06:44:20,500 [fd008af0-4f48-4b99-a0e7-19298396ae47:group-DF6656FB3AB3:LeaderElection68] INFO  impl.RoleInfo (RoleInfo.java:shutdownLeaderElection(134)) - fd008af0-4f48-4b99-a0e7-19298396ae47: shutdown LeaderElection
2019-08-24 06:44:20,500 [fd008af0-4f48-4b99-a0e7-19298396ae47:group-DF6656FB3AB3:LeaderElection68] INFO  impl.RaftServerImpl (RaftServerImpl.java:setRole(171)) - fd008af0-4f48-4b99-a0e7-19298396ae47:group-DF6656FB3AB3 changes role from CANDIDATE to LEADER at term 1 for changeToLeader
2019-08-24 06:44:20,500 [fd008af0-4f48-4b99-a0e7-19298396ae47:group-DF6656FB3AB3:LeaderElection68] INFO  impl.RaftServerImpl (ServerState.java:setLeader(263)) - fd008af0-4f48-4b99-a0e7-19298396ae47:group-DF6656FB3AB3 change Leader from null to fd008af0-4f48-4b99-a0e7-19298396ae47 at term 1 for becomeLeader, leader elected after 5141ms
2019-08-24 06:44:20,500 [fd008af0-4f48-4b99-a0e7-19298396ae47:group-DF6656FB3AB3:LeaderElection68] INFO  server.RaftServerConfigKeys (ConfUtils.java:logGet(43)) - raft.server.staging.catchup.gap = 1000 (default)
2019-08-24 06:44:20,501 [fd008af0-4f48-4b99-a0e7-19298396ae47:group-DF6656FB3AB3:LeaderElection68] INFO  server.RaftServerConfigKeys (ConfUtils.java:logGet(43)) - raft.server.rpc.sleep.time = 25ms (default)
2019-08-24 06:44:20,501 [fd008af0-4f48-4b99-a0e7-19298396ae47:group-DF6656FB3AB3:LeaderElection68] INFO  server.RaftServerConfigKeys (ConfUtils.java:logGet(43)) - raft.server.write.element-limit = 4096 (default)
2019-08-24 06:44:20,501 [fd008af0-4f48-4b99-a0e7-19298396ae47:group-DF6656FB3AB3:LeaderElection68] INFO  server.RaftServerConfigKeys (ConfUtils.java:logGet(43)) - raft.server.watch.timeout = 10s (default)
2019-08-24 06:44:20,501 [fd008af0-4f48-4b99-a0e7-19298396ae47:group-DF6656FB3AB3:LeaderElection68] INFO  server.RaftServerConfigKeys (ConfUtils.java:logGet(43)) - raft.server.watch.timeout.denomination = 1s (default)
2019-08-24 06:44:20,501 [fd008af0-4f48-4b99-a0e7-19298396ae47:group-DF6656FB3AB3:LeaderElection68] INFO  server.RaftServerConfigKeys (ConfUtils.java:logGet(43)) - raft.server.watch.element-limit = 65536 (default)
2019-08-24 06:44:20,502 [fd008af0-4f48-4b99-a0e7-19298396ae47:group-DF6656FB3AB3:LeaderElection68] INFO  impl.RoleInfo (RoleInfo.java:updateAndGet(143)) - fd008af0-4f48-4b99-a0e7-19298396ae47: start LeaderState
2019-08-24 06:44:20,502 [fd008af0-4f48-4b99-a0e7-19298396ae47:group-DF6656FB3AB3:LeaderElection68] INFO  segmented.SegmentedRaftLogWorker (SegmentedRaftLogWorker.java:startLogSegment(380)) - fd008af0-4f48-4b99-a0e7-19298396ae47-SegmentedRaftLogWorker:Storage Directory /workdir/hadoop-ozone/integration-test/target/test-dir/MiniOzoneClusterImpl-a8998418-e7b8-46c6-9f95-b9b709c41866/datanode-0/data/ratis/6732f970-c3d0-481d-9e28-df6656fb3ab3: Starting segment from index:0
2019-08-24 06:44:20,503 [fd008af0-4f48-4b99-a0e7-19298396ae47:group-DF6656FB3AB3:LeaderElection68] INFO  impl.RaftServerImpl (ServerState.java:setRaftConf(361)) - fd008af0-4f48-4b99-a0e7-19298396ae47:group-DF6656FB3AB3 set configuration 0: [fd008af0-4f48-4b99-a0e7-19298396ae47:192.168.34.51:44609], old=null at 0
2019-08-24 06:44:20,552 [fd008af0-4f48-4b99-a0e7-19298396ae47-SegmentedRaftLogWorker:Storage Directory /workdir/hadoop-ozone/integration-test/target/test-dir/MiniOzoneClusterImpl-a8998418-e7b8-46c6-9f95-b9b709c41866/datanode-0/data/ratis/6732f970-c3d0-481d-9e28-df6656fb3ab3] INFO  segmented.SegmentedRaftLogWorker (SegmentedRaftLogWorker.java:execute(569)) - fd008af0-4f48-4b99-a0e7-19298396ae47-SegmentedRaftLogWorker:Storage Directory /workdir/hadoop-ozone/integration-test/target/test-dir/MiniOzoneClusterImpl-a8998418-e7b8-46c6-9f95-b9b709c41866/datanode-0/data/ratis/6732f970-c3d0-481d-9e28-df6656fb3ab3: created new log segment /workdir/hadoop-ozone/integration-test/target/test-dir/MiniOzoneClusterImpl-a8998418-e7b8-46c6-9f95-b9b709c41866/datanode-0/data/ratis/6732f970-c3d0-481d-9e28-df6656fb3ab3/current/log_inprogress_0
2019-08-24 06:44:20,617 | INFO  | SCMAudit | user=jenkins1000 | ip=192.168.34.51 | op=SEND_HEARTBEAT {datanodeUUID=bd993a40-bff9-4658-863b-6abb9ef357ab, command=[]} | ret=SUCCESS |  
2019-08-24 06:44:20,824 | INFO  | SCMAudit | user=jenkins1000 | ip=192.168.34.51 | op=SEND_HEARTBEAT {datanodeUUID=5e7adc50-b544-477d-9a22-450e06c720cc, command=[]} | ret=SUCCESS |  
2019-08-24 06:44:20,837 | INFO  | SCMAudit | user=jenkins1000 | ip=192.168.34.51 | op=SEND_HEARTBEAT {datanodeUUID=cfa00991-4858-43cd-92ab-b86e3cf154fa, command=[]} | ret=SUCCESS |  
2019-08-24 06:44:20,957 [grpc-default-executor-11] INFO  client.GrpcClientProtocolClient (GrpcClientProtocolClient.java:onNext(255)) - client-758269D276C7->346f50d4-4cfb-4a4d-b68d-ac9cdc7f84a1: receive RaftClientReply:client-758269D276C7->346f50d4-4cfb-4a4d-b68d-ac9cdc7f84a1@group-9921F2B055CA, cid=184, FAILED org.apache.ratis.protocol.NotLeaderException: Server 346f50d4-4cfb-4a4d-b68d-ac9cdc7f84a1 is not the leader (null). Request must be sent to leader., logIndex=0, commits[346f50d4-4cfb-4a4d-b68d-ac9cdc7f84a1:c-1]
2019-08-24 06:44:21,052 | INFO  | SCMAudit | user=jenkins1000 | ip=192.168.34.51 | op=SEND_HEARTBEAT {datanodeUUID=4ae5f13b-0709-4697-8c2d-45e48ce4c21a, command=[]} | ret=SUCCESS |  
2019-08-24 06:44:21,085 [Thread-3555] INFO  impl.FollowerState (FollowerState.java:run(106)) - cfa00991-4858-43cd-92ab-b86e3cf154fa:group-7B2E181575EC changes to CANDIDATE, lastRpcTime:5192, electionTimeout:5192ms
2019-08-24 06:44:21,085 [Thread-3555] INFO  impl.RoleInfo (RoleInfo.java:shutdownFollowerState(121)) - cfa00991-4858-43cd-92ab-b86e3cf154fa: shutdown FollowerState
2019-08-24 06:44:21,086 [Thread-3555] INFO  impl.RaftServerImpl (RaftServerImpl.java:setRole(171)) - cfa00991-4858-43cd-92ab-b86e3cf154fa:group-7B2E181575EC changes role from FOLLOWER to CANDIDATE at term 0 for changeToCandidate
2019-08-24 06:44:21,086 [Thread-3555] INFO  impl.RoleInfo (RoleInfo.java:updateAndGet(143)) - cfa00991-4858-43cd-92ab-b86e3cf154fa: start LeaderElection
2019-08-24 06:44:21,105 [cfa00991-4858-43cd-92ab-b86e3cf154fa:group-7B2E181575EC:LeaderElection69] INFO  impl.LeaderElection (LeaderElection.java:askForVotes(181)) - cfa00991-4858-43cd-92ab-b86e3cf154fa:group-7B2E181575EC:LeaderElection69: begin an election at term 1 for -1: [cfa00991-4858-43cd-92ab-b86e3cf154fa:192.168.34.51:36853], old=null
2019-08-24 06:44:21,105 [cfa00991-4858-43cd-92ab-b86e3cf154fa:group-7B2E181575EC:LeaderElection69] INFO  impl.RoleInfo (RoleInfo.java:shutdownLeaderElection(134)) - cfa00991-4858-43cd-92ab-b86e3cf154fa: shutdown LeaderElection
2019-08-24 06:44:21,105 [cfa00991-4858-43cd-92ab-b86e3cf154fa:group-7B2E181575EC:LeaderElection69] INFO  impl.RaftServerImpl (RaftServerImpl.java:setRole(171)) - cfa00991-4858-43cd-92ab-b86e3cf154fa:group-7B2E181575EC changes role from CANDIDATE to LEADER at term 1 for changeToLeader
2019-08-24 06:44:21,105 [cfa00991-4858-43cd-92ab-b86e3cf154fa:group-7B2E181575EC:LeaderElection69] INFO  impl.RaftServerImpl (ServerState.java:setLeader(263)) - cfa00991-4858-43cd-92ab-b86e3cf154fa:group-7B2E181575EC change Leader from null to cfa00991-4858-43cd-92ab-b86e3cf154fa at term 1 for becomeLeader, leader elected after 5218ms
2019-08-24 06:44:21,106 [cfa00991-4858-43cd-92ab-b86e3cf154fa:group-7B2E181575EC:LeaderElection69] INFO  server.RaftServerConfigKeys (ConfUtils.java:logGet(43)) - raft.server.staging.catchup.gap = 1000 (default)
2019-08-24 06:44:21,106 [cfa00991-4858-43cd-92ab-b86e3cf154fa:group-7B2E181575EC:LeaderElection69] INFO  server.RaftServerConfigKeys (ConfUtils.java:logGet(43)) - raft.server.rpc.sleep.time = 25ms (default)
2019-08-24 06:44:21,106 [cfa00991-4858-43cd-92ab-b86e3cf154fa:group-7B2E181575EC:LeaderElection69] INFO  server.RaftServerConfigKeys (ConfUtils.java:logGet(43)) - raft.server.write.element-limit = 4096 (default)
2019-08-24 06:44:21,106 [cfa00991-4858-43cd-92ab-b86e3cf154fa:group-7B2E181575EC:LeaderElection69] INFO  server.RaftServerConfigKeys (ConfUtils.java:logGet(43)) - raft.server.watch.timeout = 10s (default)
2019-08-24 06:44:21,106 [cfa00991-4858-43cd-92ab-b86e3cf154fa:group-7B2E181575EC:LeaderElection69] INFO  server.RaftServerConfigKeys (ConfUtils.java:logGet(43)) - raft.server.watch.timeout.denomination = 1s (default)
2019-08-24 06:44:21,106 [cfa00991-4858-43cd-92ab-b86e3cf154fa:group-7B2E181575EC:LeaderElection69] INFO  server.RaftServerConfigKeys (ConfUtils.java:logGet(43)) - raft.server.watch.element-limit = 65536 (default)
2019-08-24 06:44:21,107 [cfa00991-4858-43cd-92ab-b86e3cf154fa:group-7B2E181575EC:LeaderElection69] INFO  impl.RoleInfo (RoleInfo.java:updateAndGet(143)) - cfa00991-4858-43cd-92ab-b86e3cf154fa: start LeaderState
2019-08-24 06:44:21,107 [cfa00991-4858-43cd-92ab-b86e3cf154fa:group-7B2E181575EC:LeaderElection69] INFO  segmented.SegmentedRaftLogWorker (SegmentedRaftLogWorker.java:startLogSegment(380)) - cfa00991-4858-43cd-92ab-b86e3cf154fa-SegmentedRaftLogWorker:Storage Directory /workdir/hadoop-ozone/integration-test/target/test-dir/MiniOzoneClusterImpl-a8998418-e7b8-46c6-9f95-b9b709c41866/datanode-1/data/ratis/30a36730-41c3-4631-b5ac-7b2e181575ec: Starting segment from index:0
2019-08-24 06:44:21,108 [cfa00991-4858-43cd-92ab-b86e3cf154fa:group-7B2E181575EC:LeaderElection69] INFO  impl.RaftServerImpl (ServerState.java:setRaftConf(361)) - cfa00991-4858-43cd-92ab-b86e3cf154fa:group-7B2E181575EC set configuration 0: [cfa00991-4858-43cd-92ab-b86e3cf154fa:192.168.34.51:36853], old=null at 0
2019-08-24 06:44:21,160 [cfa00991-4858-43cd-92ab-b86e3cf154fa-SegmentedRaftLogWorker:Storage Directory /workdir/hadoop-ozone/integration-test/target/test-dir/MiniOzoneClusterImpl-a8998418-e7b8-46c6-9f95-b9b709c41866/datanode-1/data/ratis/30a36730-41c3-4631-b5ac-7b2e181575ec] INFO  segmented.SegmentedRaftLogWorker (SegmentedRaftLogWorker.java:execute(569)) - cfa00991-4858-43cd-92ab-b86e3cf154fa-SegmentedRaftLogWorker:Storage Directory /workdir/hadoop-ozone/integration-test/target/test-dir/MiniOzoneClusterImpl-a8998418-e7b8-46c6-9f95-b9b709c41866/datanode-1/data/ratis/30a36730-41c3-4631-b5ac-7b2e181575ec: created new log segment /workdir/hadoop-ozone/integration-test/target/test-dir/MiniOzoneClusterImpl-a8998418-e7b8-46c6-9f95-b9b709c41866/datanode-1/data/ratis/30a36730-41c3-4631-b5ac-7b2e181575ec/current/log_inprogress_0
2019-08-24 06:44:21,202 [Thread-3561] INFO  impl.FollowerState (FollowerState.java:run(106)) - 4ae5f13b-0709-4697-8c2d-45e48ce4c21a:group-C76E2D9A48E9 changes to CANDIDATE, lastRpcTime:5041, electionTimeout:5041ms
2019-08-24 06:44:21,202 [Thread-3561] INFO  impl.RoleInfo (RoleInfo.java:shutdownFollowerState(121)) - 4ae5f13b-0709-4697-8c2d-45e48ce4c21a: shutdown FollowerState
2019-08-24 06:44:21,202 [Thread-3561] INFO  impl.RaftServerImpl (RaftServerImpl.java:setRole(171)) - 4ae5f13b-0709-4697-8c2d-45e48ce4c21a:group-C76E2D9A48E9 changes role from FOLLOWER to CANDIDATE at term 0 for changeToCandidate
2019-08-24 06:44:21,202 [Thread-3561] INFO  impl.RoleInfo (RoleInfo.java:updateAndGet(143)) - 4ae5f13b-0709-4697-8c2d-45e48ce4c21a: start LeaderElection
2019-08-24 06:44:21,221 [4ae5f13b-0709-4697-8c2d-45e48ce4c21a:group-C76E2D9A48E9:LeaderElection70] INFO  impl.LeaderElection (LeaderElection.java:askForVotes(181)) - 4ae5f13b-0709-4697-8c2d-45e48ce4c21a:group-C76E2D9A48E9:LeaderElection70: begin an election at term 1 for -1: [cfa00991-4858-43cd-92ab-b86e3cf154fa:192.168.34.51:36853, 4ae5f13b-0709-4697-8c2d-45e48ce4c21a:192.168.34.51:42809, fd008af0-4f48-4b99-a0e7-19298396ae47:192.168.34.51:44609], old=null
2019-08-24 06:44:21,226 [grpc-default-executor-11] INFO  impl.RaftServerImpl (RaftServerImpl.java:setRole(171)) - fd008af0-4f48-4b99-a0e7-19298396ae47:group-C76E2D9A48E9 changes role from FOLLOWER to FOLLOWER at term 1 for recognizeCandidate:4ae5f13b-0709-4697-8c2d-45e48ce4c21a
2019-08-24 06:44:21,226 [grpc-default-executor-8] INFO  impl.RaftServerImpl (RaftServerImpl.java:setRole(171)) - cfa00991-4858-43cd-92ab-b86e3cf154fa:group-C76E2D9A48E9 changes role from FOLLOWER to FOLLOWER at term 1 for recognizeCandidate:4ae5f13b-0709-4697-8c2d-45e48ce4c21a
2019-08-24 06:44:21,226 [grpc-default-executor-11] INFO  impl.RoleInfo (RoleInfo.java:shutdownFollowerState(121)) - fd008af0-4f48-4b99-a0e7-19298396ae47: shutdown FollowerState
2019-08-24 06:44:21,226 [grpc-default-executor-8] INFO  impl.RoleInfo (RoleInfo.java:shutdownFollowerState(121)) - cfa00991-4858-43cd-92ab-b86e3cf154fa: shutdown FollowerState
2019-08-24 06:44:21,227 [grpc-default-executor-11] INFO  impl.RoleInfo (RoleInfo.java:updateAndGet(143)) - fd008af0-4f48-4b99-a0e7-19298396ae47: start FollowerState
2019-08-24 06:44:21,227 [Thread-3566] INFO  impl.FollowerState (FollowerState.java:run(114)) - cfa00991-4858-43cd-92ab-b86e3cf154fa: FollowerState was interrupted: java.lang.InterruptedException: sleep interrupted
2019-08-24 06:44:21,227 [Thread-3565] INFO  impl.FollowerState (FollowerState.java:run(114)) - fd008af0-4f48-4b99-a0e7-19298396ae47: FollowerState was interrupted: java.lang.InterruptedException: sleep interrupted
2019-08-24 06:44:21,227 [grpc-default-executor-8] INFO  impl.RoleInfo (RoleInfo.java:updateAndGet(143)) - cfa00991-4858-43cd-92ab-b86e3cf154fa: start FollowerState
2019-08-24 06:44:21,241 | INFO  | SCMAudit | user=jenkins1000 | ip=192.168.34.51 | op=SEND_HEARTBEAT {datanodeUUID=346f50d4-4cfb-4a4d-b68d-ac9cdc7f84a1, command=[]} | ret=SUCCESS |  
2019-08-24 06:44:21,245 [4ae5f13b-0709-4697-8c2d-45e48ce4c21a:group-C76E2D9A48E9:LeaderElection70] INFO  impl.LeaderElection (LeaderElection.java:logAndReturn(56)) - 4ae5f13b-0709-4697-8c2d-45e48ce4c21a:group-C76E2D9A48E9:LeaderElection70: Election PASSED; received 1 response(s) [4ae5f13b-0709-4697-8c2d-45e48ce4c21a<-fd008af0-4f48-4b99-a0e7-19298396ae47#0:OK-t1] and 0 exception(s); 4ae5f13b-0709-4697-8c2d-45e48ce4c21a:t1, leader=null, voted=4ae5f13b-0709-4697-8c2d-45e48ce4c21a, raftlog=4ae5f13b-0709-4697-8c2d-45e48ce4c21a-SegmentedRaftLog:OPENED:c-1,f-1,i0, conf=-1: [cfa00991-4858-43cd-92ab-b86e3cf154fa:192.168.34.51:36853, 4ae5f13b-0709-4697-8c2d-45e48ce4c21a:192.168.34.51:42809, fd008af0-4f48-4b99-a0e7-19298396ae47:192.168.34.51:44609], old=null
2019-08-24 06:44:21,246 [4ae5f13b-0709-4697-8c2d-45e48ce4c21a:group-C76E2D9A48E9:LeaderElection70] INFO  impl.RoleInfo (RoleInfo.java:shutdownLeaderElection(134)) - 4ae5f13b-0709-4697-8c2d-45e48ce4c21a: shutdown LeaderElection
2019-08-24 06:44:21,246 [4ae5f13b-0709-4697-8c2d-45e48ce4c21a:group-C76E2D9A48E9:LeaderElection70] INFO  impl.RaftServerImpl (RaftServerImpl.java:setRole(171)) - 4ae5f13b-0709-4697-8c2d-45e48ce4c21a:group-C76E2D9A48E9 changes role from CANDIDATE to LEADER at term 1 for changeToLeader
2019-08-24 06:44:21,246 [4ae5f13b-0709-4697-8c2d-45e48ce4c21a:group-C76E2D9A48E9:LeaderElection70] INFO  impl.RaftServerImpl (ServerState.java:setLeader(263)) - 4ae5f13b-0709-4697-8c2d-45e48ce4c21a:group-C76E2D9A48E9 change Leader from null to 4ae5f13b-0709-4697-8c2d-45e48ce4c21a at term 1 for becomeLeader, leader elected after 5094ms
2019-08-24 06:44:21,246 [4ae5f13b-0709-4697-8c2d-45e48ce4c21a:group-C76E2D9A48E9:LeaderElection70] INFO  server.RaftServerConfigKeys (ConfUtils.java:logGet(43)) - raft.server.staging.catchup.gap = 1000 (default)
2019-08-24 06:44:21,246 [4ae5f13b-0709-4697-8c2d-45e48ce4c21a:group-C76E2D9A48E9:LeaderElection70] INFO  server.RaftServerConfigKeys (ConfUtils.java:logGet(43)) - raft.server.rpc.sleep.time = 25ms (default)
2019-08-24 06:44:21,246 [4ae5f13b-0709-4697-8c2d-45e48ce4c21a:group-C76E2D9A48E9:LeaderElection70] INFO  server.RaftServerConfigKeys (ConfUtils.java:logGet(43)) - raft.server.write.element-limit = 4096 (default)
2019-08-24 06:44:21,247 [4ae5f13b-0709-4697-8c2d-45e48ce4c21a:group-C76E2D9A48E9:LeaderElection70] INFO  server.RaftServerConfigKeys (ConfUtils.java:logGet(43)) - raft.server.watch.timeout = 10s (default)
2019-08-24 06:44:21,247 [4ae5f13b-0709-4697-8c2d-45e48ce4c21a:group-C76E2D9A48E9:LeaderElection70] INFO  server.RaftServerConfigKeys (ConfUtils.java:logGet(43)) - raft.server.watch.timeout.denomination = 1s (default)
2019-08-24 06:44:21,247 [4ae5f13b-0709-4697-8c2d-45e48ce4c21a:group-C76E2D9A48E9:LeaderElection70] INFO  server.RaftServerConfigKeys (ConfUtils.java:logGet(43)) - raft.server.watch.element-limit = 65536 (default)
2019-08-24 06:44:21,247 [4ae5f13b-0709-4697-8c2d-45e48ce4c21a:group-C76E2D9A48E9:LeaderElection70] INFO  server.RaftServerConfigKeys (ConfUtils.java:logGet(43)) - raft.server.log.appender.snapshot.chunk.size.max = 16MB (=16777216) (default)
2019-08-24 06:44:21,247 [4ae5f13b-0709-4697-8c2d-45e48ce4c21a:group-C76E2D9A48E9:LeaderElection70] INFO  server.RaftServerConfigKeys (ConfUtils.java:logGet(43)) - raft.server.log.appender.buffer.byte-limit = 33554432 (custom)
2019-08-24 06:44:21,248 [4ae5f13b-0709-4697-8c2d-45e48ce4c21a:group-C76E2D9A48E9:LeaderElection70] INFO  server.RaftServerConfigKeys (ConfUtils.java:logGet(43)) - raft.server.log.appender.buffer.element-limit = 1 (custom)
2019-08-24 06:44:21,248 [4ae5f13b-0709-4697-8c2d-45e48ce4c21a:group-C76E2D9A48E9:LeaderElection70] INFO  grpc.GrpcConfigKeys$Server (ConfUtils.java:logGet(43)) - raft.grpc.server.leader.outstanding.appends.max = 128 (default)
2019-08-24 06:44:21,248 [4ae5f13b-0709-4697-8c2d-45e48ce4c21a:group-C76E2D9A48E9:LeaderElection70] INFO  server.RaftServerConfigKeys (ConfUtils.java:logGet(43)) - raft.server.rpc.request.timeout = 3000ms (default)
2019-08-24 06:44:21,248 [4ae5f13b-0709-4697-8c2d-45e48ce4c21a:group-C76E2D9A48E9:LeaderElection70] INFO  server.RaftServerConfigKeys (ConfUtils.java:logGet(43)) - raft.server.log.appender.install.snapshot.enabled = false (custom)
2019-08-24 06:44:21,249 [4ae5f13b-0709-4697-8c2d-45e48ce4c21a:group-C76E2D9A48E9:LeaderElection70] INFO  server.RaftServerConfigKeys (ConfUtils.java:logGet(43)) - raft.server.log.appender.snapshot.chunk.size.max = 16MB (=16777216) (default)
2019-08-24 06:44:21,249 [4ae5f13b-0709-4697-8c2d-45e48ce4c21a:group-C76E2D9A48E9:LeaderElection70] INFO  server.RaftServerConfigKeys (ConfUtils.java:logGet(43)) - raft.server.log.appender.buffer.byte-limit = 33554432 (custom)
2019-08-24 06:44:21,249 [4ae5f13b-0709-4697-8c2d-45e48ce4c21a:group-C76E2D9A48E9:LeaderElection70] INFO  server.RaftServerConfigKeys (ConfUtils.java:logGet(43)) - raft.server.log.appender.buffer.element-limit = 1 (custom)
2019-08-24 06:44:21,249 [4ae5f13b-0709-4697-8c2d-45e48ce4c21a:group-C76E2D9A48E9:LeaderElection70] INFO  grpc.GrpcConfigKeys$Server (ConfUtils.java:logGet(43)) - raft.grpc.server.leader.outstanding.appends.max = 128 (default)
2019-08-24 06:44:21,249 [4ae5f13b-0709-4697-8c2d-45e48ce4c21a:group-C76E2D9A48E9:LeaderElection70] INFO  server.RaftServerConfigKeys (ConfUtils.java:logGet(43)) - raft.server.rpc.request.timeout = 3000ms (default)
2019-08-24 06:44:21,250 [4ae5f13b-0709-4697-8c2d-45e48ce4c21a:group-C76E2D9A48E9:LeaderElection70] INFO  server.RaftServerConfigKeys (ConfUtils.java:logGet(43)) - raft.server.log.appender.install.snapshot.enabled = false (custom)
2019-08-24 06:44:21,250 [4ae5f13b-0709-4697-8c2d-45e48ce4c21a:group-C76E2D9A48E9:LeaderElection70] INFO  impl.RoleInfo (RoleInfo.java:updateAndGet(143)) - 4ae5f13b-0709-4697-8c2d-45e48ce4c21a: start LeaderState
2019-08-24 06:44:21,250 [4ae5f13b-0709-4697-8c2d-45e48ce4c21a:group-C76E2D9A48E9:LeaderElection70] INFO  segmented.SegmentedRaftLogWorker (SegmentedRaftLogWorker.java:startLogSegment(380)) - 4ae5f13b-0709-4697-8c2d-45e48ce4c21a-SegmentedRaftLogWorker:Storage Directory /workdir/hadoop-ozone/integration-test/target/test-dir/MiniOzoneClusterImpl-a8998418-e7b8-46c6-9f95-b9b709c41866/datanode-2/data/ratis/b3ba31ba-bf55-4a6e-9d46-c76e2d9a48e9: Starting segment from index:0
2019-08-24 06:44:21,251 [4ae5f13b-0709-4697-8c2d-45e48ce4c21a:group-C76E2D9A48E9:LeaderElection70] INFO  impl.RaftServerImpl (ServerState.java:setRaftConf(361)) - 4ae5f13b-0709-4697-8c2d-45e48ce4c21a:group-C76E2D9A48E9 set configuration 0: [cfa00991-4858-43cd-92ab-b86e3cf154fa:192.168.34.51:36853, 4ae5f13b-0709-4697-8c2d-45e48ce4c21a:192.168.34.51:42809, fd008af0-4f48-4b99-a0e7-19298396ae47:192.168.34.51:44609], old=null at 0
2019-08-24 06:44:21,290 [Thread-3558] INFO  impl.FollowerState (FollowerState.java:run(106)) - 4ae5f13b-0709-4697-8c2d-45e48ce4c21a:group-B144B852F64B changes to CANDIDATE, lastRpcTime:5192, electionTimeout:5175ms
2019-08-24 06:44:21,290 [Thread-3558] INFO  impl.RoleInfo (RoleInfo.java:shutdownFollowerState(121)) - 4ae5f13b-0709-4697-8c2d-45e48ce4c21a: shutdown FollowerState
2019-08-24 06:44:21,290 [Thread-3558] INFO  impl.RaftServerImpl (RaftServerImpl.java:setRole(171)) - 4ae5f13b-0709-4697-8c2d-45e48ce4c21a:group-B144B852F64B changes role from FOLLOWER to CANDIDATE at term 0 for changeToCandidate
2019-08-24 06:44:21,291 [Thread-3558] INFO  impl.RoleInfo (RoleInfo.java:updateAndGet(143)) - 4ae5f13b-0709-4697-8c2d-45e48ce4c21a: start LeaderElection
2019-08-24 06:44:21,291 | INFO  | SCMAudit | user=jenkins1000 | ip=192.168.34.51 | op=SEND_HEARTBEAT {datanodeUUID=fd008af0-4f48-4b99-a0e7-19298396ae47, command=[]} | ret=SUCCESS |  
2019-08-24 06:44:21,299 [grpc-default-executor-8] INFO  impl.RaftServerImpl (ServerState.java:setLeader(263)) - fd008af0-4f48-4b99-a0e7-19298396ae47:group-C76E2D9A48E9 change Leader from null to 4ae5f13b-0709-4697-8c2d-45e48ce4c21a at term 1 for appendEntries, leader elected after 5147ms
2019-08-24 06:44:21,309 [grpc-default-executor-11] INFO  impl.RaftServerImpl (ServerState.java:setLeader(263)) - cfa00991-4858-43cd-92ab-b86e3cf154fa:group-C76E2D9A48E9 change Leader from null to 4ae5f13b-0709-4697-8c2d-45e48ce4c21a at term 1 for appendEntries, leader elected after 5157ms
2019-08-24 06:44:21,309 [4ae5f13b-0709-4697-8c2d-45e48ce4c21a:group-B144B852F64B:LeaderElection71] INFO  impl.LeaderElection (LeaderElection.java:askForVotes(181)) - 4ae5f13b-0709-4697-8c2d-45e48ce4c21a:group-B144B852F64B:LeaderElection71: begin an election at term 1 for -1: [4ae5f13b-0709-4697-8c2d-45e48ce4c21a:192.168.34.51:42809], old=null
2019-08-24 06:44:21,309 [4ae5f13b-0709-4697-8c2d-45e48ce4c21a-SegmentedRaftLogWorker:Storage Directory /workdir/hadoop-ozone/integration-test/target/test-dir/MiniOzoneClusterImpl-a8998418-e7b8-46c6-9f95-b9b709c41866/datanode-2/data/ratis/b3ba31ba-bf55-4a6e-9d46-c76e2d9a48e9] INFO  segmented.SegmentedRaftLogWorker (SegmentedRaftLogWorker.java:execute(569)) - 4ae5f13b-0709-4697-8c2d-45e48ce4c21a-SegmentedRaftLogWorker:Storage Directory /workdir/hadoop-ozone/integration-test/target/test-dir/MiniOzoneClusterImpl-a8998418-e7b8-46c6-9f95-b9b709c41866/datanode-2/data/ratis/b3ba31ba-bf55-4a6e-9d46-c76e2d9a48e9: created new log segment /workdir/hadoop-ozone/integration-test/target/test-dir/MiniOzoneClusterImpl-a8998418-e7b8-46c6-9f95-b9b709c41866/datanode-2/data/ratis/b3ba31ba-bf55-4a6e-9d46-c76e2d9a48e9/current/log_inprogress_0
2019-08-24 06:44:21,310 [4ae5f13b-0709-4697-8c2d-45e48ce4c21a:group-B144B852F64B:LeaderElection71] INFO  impl.RoleInfo (RoleInfo.java:shutdownLeaderElection(134)) - 4ae5f13b-0709-4697-8c2d-45e48ce4c21a: shutdown LeaderElection
2019-08-24 06:44:21,312 [4ae5f13b-0709-4697-8c2d-45e48ce4c21a:group-B144B852F64B:LeaderElection71] INFO  impl.RaftServerImpl (RaftServerImpl.java:setRole(171)) - 4ae5f13b-0709-4697-8c2d-45e48ce4c21a:group-B144B852F64B changes role from CANDIDATE to LEADER at term 1 for changeToLeader
2019-08-24 06:44:21,312 [4ae5f13b-0709-4697-8c2d-45e48ce4c21a:group-B144B852F64B:LeaderElection71] INFO  impl.RaftServerImpl (ServerState.java:setLeader(263)) - 4ae5f13b-0709-4697-8c2d-45e48ce4c21a:group-B144B852F64B change Leader from null to 4ae5f13b-0709-4697-8c2d-45e48ce4c21a at term 1 for becomeLeader, leader elected after 5220ms
2019-08-24 06:44:21,313 [4ae5f13b-0709-4697-8c2d-45e48ce4c21a:group-B144B852F64B:LeaderElection71] INFO  server.RaftServerConfigKeys (ConfUtils.java:logGet(43)) - raft.server.staging.catchup.gap = 1000 (default)
2019-08-24 06:44:21,313 [4ae5f13b-0709-4697-8c2d-45e48ce4c21a:group-B144B852F64B:LeaderElection71] INFO  server.RaftServerConfigKeys (ConfUtils.java:logGet(43)) - raft.server.rpc.sleep.time = 25ms (default)
2019-08-24 06:44:21,313 [4ae5f13b-0709-4697-8c2d-45e48ce4c21a:group-B144B852F64B:LeaderElection71] INFO  server.RaftServerConfigKeys (ConfUtils.java:logGet(43)) - raft.server.write.element-limit = 4096 (default)
2019-08-24 06:44:21,313 [4ae5f13b-0709-4697-8c2d-45e48ce4c21a:group-B144B852F64B:LeaderElection71] INFO  server.RaftServerConfigKeys (ConfUtils.java:logGet(43)) - raft.server.watch.timeout = 10s (default)
2019-08-24 06:44:21,313 [4ae5f13b-0709-4697-8c2d-45e48ce4c21a:group-B144B852F64B:LeaderElection71] INFO  server.RaftServerConfigKeys (ConfUtils.java:logGet(43)) - raft.server.watch.timeout.denomination = 1s (default)
2019-08-24 06:44:21,314 [4ae5f13b-0709-4697-8c2d-45e48ce4c21a:group-B144B852F64B:LeaderElection71] INFO  server.RaftServerConfigKeys (ConfUtils.java:logGet(43)) - raft.server.watch.element-limit = 65536 (default)
2019-08-24 06:44:21,314 [grpc-default-executor-11] INFO  impl.RaftServerImpl (ServerState.java:setRaftConf(361)) - fd008af0-4f48-4b99-a0e7-19298396ae47:group-C76E2D9A48E9 set configuration 0: [cfa00991-4858-43cd-92ab-b86e3cf154fa:192.168.34.51:36853, 4ae5f13b-0709-4697-8c2d-45e48ce4c21a:192.168.34.51:42809, fd008af0-4f48-4b99-a0e7-19298396ae47:192.168.34.51:44609], old=null at 0
2019-08-24 06:44:21,314 [4ae5f13b-0709-4697-8c2d-45e48ce4c21a:group-B144B852F64B:LeaderElection71] INFO  impl.RoleInfo (RoleInfo.java:updateAndGet(143)) - 4ae5f13b-0709-4697-8c2d-45e48ce4c21a: start LeaderState
2019-08-24 06:44:21,314 [grpc-default-executor-8] INFO  impl.RaftServerImpl (ServerState.java:setRaftConf(361)) - cfa00991-4858-43cd-92ab-b86e3cf154fa:group-C76E2D9A48E9 set configuration 0: [cfa00991-4858-43cd-92ab-b86e3cf154fa:192.168.34.51:36853, 4ae5f13b-0709-4697-8c2d-45e48ce4c21a:192.168.34.51:42809, fd008af0-4f48-4b99-a0e7-19298396ae47:192.168.34.51:44609], old=null at 0
2019-08-24 06:44:21,314 [grpc-default-executor-11] INFO  segmented.SegmentedRaftLogWorker (SegmentedRaftLogWorker.java:startLogSegment(380)) - fd008af0-4f48-4b99-a0e7-19298396ae47-SegmentedRaftLogWorker:Storage Directory /workdir/hadoop-ozone/integration-test/target/test-dir/MiniOzoneClusterImpl-a8998418-e7b8-46c6-9f95-b9b709c41866/datanode-0/data/ratis/b3ba31ba-bf55-4a6e-9d46-c76e2d9a48e9: Starting segment from index:0
2019-08-24 06:44:21,315 [grpc-default-executor-8] INFO  segmented.SegmentedRaftLogWorker (SegmentedRaftLogWorker.java:startLogSegment(380)) - cfa00991-4858-43cd-92ab-b86e3cf154fa-SegmentedRaftLogWorker:Storage Directory /workdir/hadoop-ozone/integration-test/target/test-dir/MiniOzoneClusterImpl-a8998418-e7b8-46c6-9f95-b9b709c41866/datanode-1/data/ratis/b3ba31ba-bf55-4a6e-9d46-c76e2d9a48e9: Starting segment from index:0
2019-08-24 06:44:21,314 [4ae5f13b-0709-4697-8c2d-45e48ce4c21a:group-B144B852F64B:LeaderElection71] INFO  segmented.SegmentedRaftLogWorker (SegmentedRaftLogWorker.java:startLogSegment(380)) - 4ae5f13b-0709-4697-8c2d-45e48ce4c21a-SegmentedRaftLogWorker:Storage Directory /workdir/hadoop-ozone/integration-test/target/test-dir/MiniOzoneClusterImpl-a8998418-e7b8-46c6-9f95-b9b709c41866/datanode-2/data/ratis/3878e8bb-34d6-4075-863d-b144b852f64b: Starting segment from index:0
2019-08-24 06:44:21,316 [4ae5f13b-0709-4697-8c2d-45e48ce4c21a:group-B144B852F64B:LeaderElection71] INFO  impl.RaftServerImpl (ServerState.java:setRaftConf(361)) - 4ae5f13b-0709-4697-8c2d-45e48ce4c21a:group-B144B852F64B set configuration 0: [4ae5f13b-0709-4697-8c2d-45e48ce4c21a:192.168.34.51:42809], old=null at 0
2019-08-24 06:44:21,369 [Thread-3570] INFO  impl.FollowerState (FollowerState.java:run(106)) - 346f50d4-4cfb-4a4d-b68d-ac9cdc7f84a1:group-C4CDF03BC801 changes to CANDIDATE, lastRpcTime:5072, electionTimeout:5072ms
2019-08-24 06:44:21,369 [Thread-3570] INFO  impl.RoleInfo (RoleInfo.java:shutdownFollowerState(121)) - 346f50d4-4cfb-4a4d-b68d-ac9cdc7f84a1: shutdown FollowerState
2019-08-24 06:44:21,369 [Thread-3570] INFO  impl.RaftServerImpl (RaftServerImpl.java:setRole(171)) - 346f50d4-4cfb-4a4d-b68d-ac9cdc7f84a1:group-C4CDF03BC801 changes role from FOLLOWER to CANDIDATE at term 0 for changeToCandidate
2019-08-24 06:44:21,369 [Thread-3570] INFO  impl.RoleInfo (RoleInfo.java:updateAndGet(143)) - 346f50d4-4cfb-4a4d-b68d-ac9cdc7f84a1: start LeaderElection
2019-08-24 06:44:21,371 [fd008af0-4f48-4b99-a0e7-19298396ae47-SegmentedRaftLogWorker:Storage Directory /workdir/hadoop-ozone/integration-test/target/test-dir/MiniOzoneClusterImpl-a8998418-e7b8-46c6-9f95-b9b709c41866/datanode-0/data/ratis/b3ba31ba-bf55-4a6e-9d46-c76e2d9a48e9] INFO  segmented.SegmentedRaftLogWorker (SegmentedRaftLogWorker.java:execute(569)) - fd008af0-4f48-4b99-a0e7-19298396ae47-SegmentedRaftLogWorker:Storage Directory /workdir/hadoop-ozone/integration-test/target/test-dir/MiniOzoneClusterImpl-a8998418-e7b8-46c6-9f95-b9b709c41866/datanode-0/data/ratis/b3ba31ba-bf55-4a6e-9d46-c76e2d9a48e9: created new log segment /workdir/hadoop-ozone/integration-test/target/test-dir/MiniOzoneClusterImpl-a8998418-e7b8-46c6-9f95-b9b709c41866/datanode-0/data/ratis/b3ba31ba-bf55-4a6e-9d46-c76e2d9a48e9/current/log_inprogress_0
2019-08-24 06:44:21,371 [4ae5f13b-0709-4697-8c2d-45e48ce4c21a-SegmentedRaftLogWorker:Storage Directory /workdir/hadoop-ozone/integration-test/target/test-dir/MiniOzoneClusterImpl-a8998418-e7b8-46c6-9f95-b9b709c41866/datanode-2/data/ratis/3878e8bb-34d6-4075-863d-b144b852f64b] INFO  segmented.SegmentedRaftLogWorker (SegmentedRaftLogWorker.java:execute(569)) - 4ae5f13b-0709-4697-8c2d-45e48ce4c21a-SegmentedRaftLogWorker:Storage Directory /workdir/hadoop-ozone/integration-test/target/test-dir/MiniOzoneClusterImpl-a8998418-e7b8-46c6-9f95-b9b709c41866/datanode-2/data/ratis/3878e8bb-34d6-4075-863d-b144b852f64b: created new log segment /workdir/hadoop-ozone/integration-test/target/test-dir/MiniOzoneClusterImpl-a8998418-e7b8-46c6-9f95-b9b709c41866/datanode-2/data/ratis/3878e8bb-34d6-4075-863d-b144b852f64b/current/log_inprogress_0
2019-08-24 06:44:21,371 [cfa00991-4858-43cd-92ab-b86e3cf154fa-SegmentedRaftLogWorker:Storage Directory /workdir/hadoop-ozone/integration-test/target/test-dir/MiniOzoneClusterImpl-a8998418-e7b8-46c6-9f95-b9b709c41866/datanode-1/data/ratis/b3ba31ba-bf55-4a6e-9d46-c76e2d9a48e9] INFO  segmented.SegmentedRaftLogWorker (SegmentedRaftLogWorker.java:execute(569)) - cfa00991-4858-43cd-92ab-b86e3cf154fa-SegmentedRaftLogWorker:Storage Directory /workdir/hadoop-ozone/integration-test/target/test-dir/MiniOzoneClusterImpl-a8998418-e7b8-46c6-9f95-b9b709c41866/datanode-1/data/ratis/b3ba31ba-bf55-4a6e-9d46-c76e2d9a48e9: created new log segment /workdir/hadoop-ozone/integration-test/target/test-dir/MiniOzoneClusterImpl-a8998418-e7b8-46c6-9f95-b9b709c41866/datanode-1/data/ratis/b3ba31ba-bf55-4a6e-9d46-c76e2d9a48e9/current/log_inprogress_0
2019-08-24 06:44:21,393 [346f50d4-4cfb-4a4d-b68d-ac9cdc7f84a1:group-C4CDF03BC801:LeaderElection72] INFO  impl.LeaderElection (LeaderElection.java:askForVotes(181)) - 346f50d4-4cfb-4a4d-b68d-ac9cdc7f84a1:group-C4CDF03BC801:LeaderElection72: begin an election at term 1 for -1: [346f50d4-4cfb-4a4d-b68d-ac9cdc7f84a1:192.168.34.51:34448], old=null
2019-08-24 06:44:21,393 [346f50d4-4cfb-4a4d-b68d-ac9cdc7f84a1:group-C4CDF03BC801:LeaderElection72] INFO  impl.RoleInfo (RoleInfo.java:shutdownLeaderElection(134)) - 346f50d4-4cfb-4a4d-b68d-ac9cdc7f84a1: shutdown LeaderElection
2019-08-24 06:44:21,393 [346f50d4-4cfb-4a4d-b68d-ac9cdc7f84a1:group-C4CDF03BC801:LeaderElection72] INFO  impl.RaftServerImpl (RaftServerImpl.java:setRole(171)) - 346f50d4-4cfb-4a4d-b68d-ac9cdc7f84a1:group-C4CDF03BC801 changes role from CANDIDATE to LEADER at term 1 for changeToLeader
2019-08-24 06:44:21,393 [346f50d4-4cfb-4a4d-b68d-ac9cdc7f84a1:group-C4CDF03BC801:LeaderElection72] INFO  impl.RaftServerImpl (ServerState.java:setLeader(263)) - 346f50d4-4cfb-4a4d-b68d-ac9cdc7f84a1:group-C4CDF03BC801 change Leader from null to 346f50d4-4cfb-4a4d-b68d-ac9cdc7f84a1 at term 1 for becomeLeader, leader elected after 5102ms
2019-08-24 06:44:21,394 [346f50d4-4cfb-4a4d-b68d-ac9cdc7f84a1:group-C4CDF03BC801:LeaderElection72] INFO  server.RaftServerConfigKeys (ConfUtils.java:logGet(43)) - raft.server.staging.catchup.gap = 1000 (default)
2019-08-24 06:44:21,394 [346f50d4-4cfb-4a4d-b68d-ac9cdc7f84a1:group-C4CDF03BC801:LeaderElection72] INFO  server.RaftServerConfigKeys (ConfUtils.java:logGet(43)) - raft.server.rpc.sleep.time = 25ms (default)
2019-08-24 06:44:21,394 [346f50d4-4cfb-4a4d-b68d-ac9cdc7f84a1:group-C4CDF03BC801:LeaderElection72] INFO  server.RaftServerConfigKeys (ConfUtils.java:logGet(43)) - raft.server.write.element-limit = 4096 (default)
2019-08-24 06:44:21,394 [346f50d4-4cfb-4a4d-b68d-ac9cdc7f84a1:group-C4CDF03BC801:LeaderElection72] INFO  server.RaftServerConfigKeys (ConfUtils.java:logGet(43)) - raft.server.watch.timeout = 10s (default)
2019-08-24 06:44:21,394 [346f50d4-4cfb-4a4d-b68d-ac9cdc7f84a1:group-C4CDF03BC801:LeaderElection72] INFO  server.RaftServerConfigKeys (ConfUtils.java:logGet(43)) - raft.server.watch.timeout.denomination = 1s (default)
2019-08-24 06:44:21,394 [346f50d4-4cfb-4a4d-b68d-ac9cdc7f84a1:group-C4CDF03BC801:LeaderElection72] INFO  server.RaftServerConfigKeys (ConfUtils.java:logGet(43)) - raft.server.watch.element-limit = 65536 (default)
2019-08-24 06:44:21,395 [346f50d4-4cfb-4a4d-b68d-ac9cdc7f84a1:group-C4CDF03BC801:LeaderElection72] INFO  impl.RoleInfo (RoleInfo.java:updateAndGet(143)) - 346f50d4-4cfb-4a4d-b68d-ac9cdc7f84a1: start LeaderState
2019-08-24 06:44:21,395 [346f50d4-4cfb-4a4d-b68d-ac9cdc7f84a1:group-C4CDF03BC801:LeaderElection72] INFO  segmented.SegmentedRaftLogWorker (SegmentedRaftLogWorker.java:startLogSegment(380)) - 346f50d4-4cfb-4a4d-b68d-ac9cdc7f84a1-SegmentedRaftLogWorker:Storage Directory /workdir/hadoop-ozone/integration-test/target/test-dir/MiniOzoneClusterImpl-a8998418-e7b8-46c6-9f95-b9b709c41866/datanode-3/data/ratis/f9f35b37-03c4-45f9-99bf-c4cdf03bc801: Starting segment from index:0
2019-08-24 06:44:21,395 [346f50d4-4cfb-4a4d-b68d-ac9cdc7f84a1:group-C4CDF03BC801:LeaderElection72] INFO  impl.RaftServerImpl (ServerState.java:setRaftConf(361)) - 346f50d4-4cfb-4a4d-b68d-ac9cdc7f84a1:group-C4CDF03BC801 set configuration 0: [346f50d4-4cfb-4a4d-b68d-ac9cdc7f84a1:192.168.34.51:34448], old=null at 0
2019-08-24 06:44:21,426 | INFO  | SCMAudit | user=jenkins1000 | ip=192.168.34.51 | op=SEND_HEARTBEAT {datanodeUUID=25c68470-958e-4591-9cf0-a41ec1fd78b1, command=[]} | ret=SUCCESS |  
2019-08-24 06:44:21,437 [346f50d4-4cfb-4a4d-b68d-ac9cdc7f84a1-SegmentedRaftLogWorker:Storage Directory /workdir/hadoop-ozone/integration-test/target/test-dir/MiniOzoneClusterImpl-a8998418-e7b8-46c6-9f95-b9b709c41866/datanode-3/data/ratis/f9f35b37-03c4-45f9-99bf-c4cdf03bc801] INFO  segmented.SegmentedRaftLogWorker (SegmentedRaftLogWorker.java:execute(569)) - 346f50d4-4cfb-4a4d-b68d-ac9cdc7f84a1-SegmentedRaftLogWorker:Storage Directory /workdir/hadoop-ozone/integration-test/target/test-dir/MiniOzoneClusterImpl-a8998418-e7b8-46c6-9f95-b9b709c41866/datanode-3/data/ratis/f9f35b37-03c4-45f9-99bf-c4cdf03bc801: created new log segment /workdir/hadoop-ozone/integration-test/target/test-dir/MiniOzoneClusterImpl-a8998418-e7b8-46c6-9f95-b9b709c41866/datanode-3/data/ratis/f9f35b37-03c4-45f9-99bf-c4cdf03bc801/current/log_inprogress_0
2019-08-24 06:44:21,618 | INFO  | SCMAudit | user=jenkins1000 | ip=192.168.34.51 | op=SEND_HEARTBEAT {datanodeUUID=bd993a40-bff9-4658-863b-6abb9ef357ab, command=[]} | ret=SUCCESS |  
2019-08-24 06:44:21,656 [Thread-3573] INFO  impl.FollowerState (FollowerState.java:run(106)) - 25c68470-958e-4591-9cf0-a41ec1fd78b1:group-F4C37FE81E65 changes to CANDIDATE, lastRpcTime:5189, electionTimeout:5189ms
2019-08-24 06:44:21,657 [Thread-3573] INFO  impl.RoleInfo (RoleInfo.java:shutdownFollowerState(121)) - 25c68470-958e-4591-9cf0-a41ec1fd78b1: shutdown FollowerState
2019-08-24 06:44:21,657 [Thread-3573] INFO  impl.RaftServerImpl (RaftServerImpl.java:setRole(171)) - 25c68470-958e-4591-9cf0-a41ec1fd78b1:group-F4C37FE81E65 changes role from FOLLOWER to CANDIDATE at term 0 for changeToCandidate
2019-08-24 06:44:21,657 [Thread-3573] INFO  impl.RoleInfo (RoleInfo.java:updateAndGet(143)) - 25c68470-958e-4591-9cf0-a41ec1fd78b1: start LeaderElection
2019-08-24 06:44:21,677 [25c68470-958e-4591-9cf0-a41ec1fd78b1:group-F4C37FE81E65:LeaderElection73] INFO  impl.LeaderElection (LeaderElection.java:askForVotes(181)) - 25c68470-958e-4591-9cf0-a41ec1fd78b1:group-F4C37FE81E65:LeaderElection73: begin an election at term 1 for -1: [25c68470-958e-4591-9cf0-a41ec1fd78b1:192.168.34.51:43156], old=null
2019-08-24 06:44:21,677 [25c68470-958e-4591-9cf0-a41ec1fd78b1:group-F4C37FE81E65:LeaderElection73] INFO  impl.RoleInfo (RoleInfo.java:shutdownLeaderElection(134)) - 25c68470-958e-4591-9cf0-a41ec1fd78b1: shutdown LeaderElection
2019-08-24 06:44:21,677 [25c68470-958e-4591-9cf0-a41ec1fd78b1:group-F4C37FE81E65:LeaderElection73] INFO  impl.RaftServerImpl (RaftServerImpl.java:setRole(171)) - 25c68470-958e-4591-9cf0-a41ec1fd78b1:group-F4C37FE81E65 changes role from CANDIDATE to LEADER at term 1 for changeToLeader
2019-08-24 06:44:21,677 [25c68470-958e-4591-9cf0-a41ec1fd78b1:group-F4C37FE81E65:LeaderElection73] INFO  impl.RaftServerImpl (ServerState.java:setLeader(263)) - 25c68470-958e-4591-9cf0-a41ec1fd78b1:group-F4C37FE81E65 change Leader from null to 25c68470-958e-4591-9cf0-a41ec1fd78b1 at term 1 for becomeLeader, leader elected after 5214ms
2019-08-24 06:44:21,677 [25c68470-958e-4591-9cf0-a41ec1fd78b1:group-F4C37FE81E65:LeaderElection73] INFO  server.RaftServerConfigKeys (ConfUtils.java:logGet(43)) - raft.server.staging.catchup.gap = 1000 (default)
2019-08-24 06:44:21,677 [25c68470-958e-4591-9cf0-a41ec1fd78b1:group-F4C37FE81E65:LeaderElection73] INFO  server.RaftServerConfigKeys (ConfUtils.java:logGet(43)) - raft.server.rpc.sleep.time = 25ms (default)
2019-08-24 06:44:21,677 [25c68470-958e-4591-9cf0-a41ec1fd78b1:group-F4C37FE81E65:LeaderElection73] INFO  server.RaftServerConfigKeys (ConfUtils.java:logGet(43)) - raft.server.write.element-limit = 4096 (default)
2019-08-24 06:44:21,678 [25c68470-958e-4591-9cf0-a41ec1fd78b1:group-F4C37FE81E65:LeaderElection73] INFO  server.RaftServerConfigKeys (ConfUtils.java:logGet(43)) - raft.server.watch.timeout = 10s (default)
2019-08-24 06:44:21,678 [25c68470-958e-4591-9cf0-a41ec1fd78b1:group-F4C37FE81E65:LeaderElection73] INFO  server.RaftServerConfigKeys (ConfUtils.java:logGet(43)) - raft.server.watch.timeout.denomination = 1s (default)
2019-08-24 06:44:21,678 [25c68470-958e-4591-9cf0-a41ec1fd78b1:group-F4C37FE81E65:LeaderElection73] INFO  server.RaftServerConfigKeys (ConfUtils.java:logGet(43)) - raft.server.watch.element-limit = 65536 (default)
2019-08-24 06:44:21,678 [25c68470-958e-4591-9cf0-a41ec1fd78b1:group-F4C37FE81E65:LeaderElection73] INFO  impl.RoleInfo (RoleInfo.java:updateAndGet(143)) - 25c68470-958e-4591-9cf0-a41ec1fd78b1: start LeaderState
2019-08-24 06:44:21,679 [25c68470-958e-4591-9cf0-a41ec1fd78b1:group-F4C37FE81E65:LeaderElection73] INFO  segmented.SegmentedRaftLogWorker (SegmentedRaftLogWorker.java:startLogSegment(380)) - 25c68470-958e-4591-9cf0-a41ec1fd78b1-SegmentedRaftLogWorker:Storage Directory /workdir/hadoop-ozone/integration-test/target/test-dir/MiniOzoneClusterImpl-a8998418-e7b8-46c6-9f95-b9b709c41866/datanode-4/data/ratis/c464214d-8196-42f4-9c70-f4c37fe81e65: Starting segment from index:0
2019-08-24 06:44:21,679 [25c68470-958e-4591-9cf0-a41ec1fd78b1:group-F4C37FE81E65:LeaderElection73] INFO  impl.RaftServerImpl (ServerState.java:setRaftConf(361)) - 25c68470-958e-4591-9cf0-a41ec1fd78b1:group-F4C37FE81E65 set configuration 0: [25c68470-958e-4591-9cf0-a41ec1fd78b1:192.168.34.51:43156], old=null at 0
2019-08-24 06:44:21,734 [25c68470-958e-4591-9cf0-a41ec1fd78b1-SegmentedRaftLogWorker:Storage Directory /workdir/hadoop-ozone/integration-test/target/test-dir/MiniOzoneClusterImpl-a8998418-e7b8-46c6-9f95-b9b709c41866/datanode-4/data/ratis/c464214d-8196-42f4-9c70-f4c37fe81e65] INFO  segmented.SegmentedRaftLogWorker (SegmentedRaftLogWorker.java:execute(569)) - 25c68470-958e-4591-9cf0-a41ec1fd78b1-SegmentedRaftLogWorker:Storage Directory /workdir/hadoop-ozone/integration-test/target/test-dir/MiniOzoneClusterImpl-a8998418-e7b8-46c6-9f95-b9b709c41866/datanode-4/data/ratis/c464214d-8196-42f4-9c70-f4c37fe81e65: created new log segment /workdir/hadoop-ozone/integration-test/target/test-dir/MiniOzoneClusterImpl-a8998418-e7b8-46c6-9f95-b9b709c41866/datanode-4/data/ratis/c464214d-8196-42f4-9c70-f4c37fe81e65/current/log_inprogress_0
2019-08-24 06:44:21,751 [Thread-3583] INFO  impl.FollowerState (FollowerState.java:run(106)) - bd993a40-bff9-4658-863b-6abb9ef357ab:group-9921F2B055CA changes to CANDIDATE, lastRpcTime:5026, electionTimeout:5026ms
2019-08-24 06:44:21,751 [Thread-3583] INFO  impl.RoleInfo (RoleInfo.java:shutdownFollowerState(121)) - bd993a40-bff9-4658-863b-6abb9ef357ab: shutdown FollowerState
2019-08-24 06:44:21,751 [Thread-3583] INFO  impl.RaftServerImpl (RaftServerImpl.java:setRole(171)) - bd993a40-bff9-4658-863b-6abb9ef357ab:group-9921F2B055CA changes role from FOLLOWER to CANDIDATE at term 0 for changeToCandidate
2019-08-24 06:44:21,751 [Thread-3583] INFO  impl.RoleInfo (RoleInfo.java:updateAndGet(143)) - bd993a40-bff9-4658-863b-6abb9ef357ab: start LeaderElection
2019-08-24 06:44:21,772 [bd993a40-bff9-4658-863b-6abb9ef357ab:group-9921F2B055CA:LeaderElection74] INFO  impl.LeaderElection (LeaderElection.java:askForVotes(181)) - bd993a40-bff9-4658-863b-6abb9ef357ab:group-9921F2B055CA:LeaderElection74: begin an election at term 1 for -1: [bd993a40-bff9-4658-863b-6abb9ef357ab:192.168.34.51:42667, 346f50d4-4cfb-4a4d-b68d-ac9cdc7f84a1:192.168.34.51:34448, 25c68470-958e-4591-9cf0-a41ec1fd78b1:192.168.34.51:43156], old=null
2019-08-24 06:44:21,776 [Thread-3579] INFO  impl.FollowerState (FollowerState.java:run(106)) - 346f50d4-4cfb-4a4d-b68d-ac9cdc7f84a1:group-9921F2B055CA changes to CANDIDATE, lastRpcTime:5055, electionTimeout:5055ms
2019-08-24 06:44:21,776 [Thread-3579] INFO  impl.RoleInfo (RoleInfo.java:shutdownFollowerState(121)) - 346f50d4-4cfb-4a4d-b68d-ac9cdc7f84a1: shutdown FollowerState
2019-08-24 06:44:21,776 [Thread-3579] INFO  impl.RaftServerImpl (RaftServerImpl.java:setRole(171)) - 346f50d4-4cfb-4a4d-b68d-ac9cdc7f84a1:group-9921F2B055CA changes role from FOLLOWER to CANDIDATE at term 0 for changeToCandidate
2019-08-24 06:44:21,776 [Thread-3579] INFO  impl.RoleInfo (RoleInfo.java:updateAndGet(143)) - 346f50d4-4cfb-4a4d-b68d-ac9cdc7f84a1: start LeaderElection
2019-08-24 06:44:21,784 [grpc-default-executor-8] INFO  impl.RaftServerImpl (RaftServerImpl.java:setRole(171)) - 25c68470-958e-4591-9cf0-a41ec1fd78b1:group-9921F2B055CA changes role from FOLLOWER to FOLLOWER at term 1 for recognizeCandidate:bd993a40-bff9-4658-863b-6abb9ef357ab
2019-08-24 06:44:21,784 [Thread-3576] INFO  impl.FollowerState (FollowerState.java:run(106)) - bd993a40-bff9-4658-863b-6abb9ef357ab:group-9724E3316C3A changes to CANDIDATE, lastRpcTime:5122, electionTimeout:5120ms
2019-08-24 06:44:21,785 [grpc-default-executor-8] INFO  impl.RoleInfo (RoleInfo.java:shutdownFollowerState(121)) - 25c68470-958e-4591-9cf0-a41ec1fd78b1: shutdown FollowerState
2019-08-24 06:44:21,785 [Thread-3576] INFO  impl.RoleInfo (RoleInfo.java:shutdownFollowerState(121)) - bd993a40-bff9-4658-863b-6abb9ef357ab: shutdown FollowerState
2019-08-24 06:44:21,785 [grpc-default-executor-8] INFO  impl.RoleInfo (RoleInfo.java:updateAndGet(143)) - 25c68470-958e-4591-9cf0-a41ec1fd78b1: start FollowerState
2019-08-24 06:44:21,785 [Thread-3584] INFO  impl.FollowerState (FollowerState.java:run(114)) - 25c68470-958e-4591-9cf0-a41ec1fd78b1: FollowerState was interrupted: java.lang.InterruptedException: sleep interrupted
2019-08-24 06:44:21,785 [Thread-3576] INFO  impl.RaftServerImpl (RaftServerImpl.java:setRole(171)) - bd993a40-bff9-4658-863b-6abb9ef357ab:group-9724E3316C3A changes role from FOLLOWER to CANDIDATE at term 0 for changeToCandidate
2019-08-24 06:44:21,788 [Thread-3576] INFO  impl.RoleInfo (RoleInfo.java:updateAndGet(143)) - bd993a40-bff9-4658-863b-6abb9ef357ab: start LeaderElection
2019-08-24 06:44:21,798 [bd993a40-bff9-4658-863b-6abb9ef357ab:group-9724E3316C3A:LeaderElection76] INFO  impl.LeaderElection (LeaderElection.java:askForVotes(181)) - bd993a40-bff9-4658-863b-6abb9ef357ab:group-9724E3316C3A:LeaderElection76: begin an election at term 1 for -1: [bd993a40-bff9-4658-863b-6abb9ef357ab:192.168.34.51:42667], old=null
2019-08-24 06:44:21,798 [346f50d4-4cfb-4a4d-b68d-ac9cdc7f84a1:group-9921F2B055CA:LeaderElection75] INFO  impl.LeaderElection (LeaderElection.java:askForVotes(181)) - 346f50d4-4cfb-4a4d-b68d-ac9cdc7f84a1:group-9921F2B055CA:LeaderElection75: begin an election at term 1 for -1: [bd993a40-bff9-4658-863b-6abb9ef357ab:192.168.34.51:42667, 346f50d4-4cfb-4a4d-b68d-ac9cdc7f84a1:192.168.34.51:34448, 25c68470-958e-4591-9cf0-a41ec1fd78b1:192.168.34.51:43156], old=null
2019-08-24 06:44:21,798 [bd993a40-bff9-4658-863b-6abb9ef357ab:group-9724E3316C3A:LeaderElection76] INFO  impl.RoleInfo (RoleInfo.java:shutdownLeaderElection(134)) - bd993a40-bff9-4658-863b-6abb9ef357ab: shutdown LeaderElection
2019-08-24 06:44:21,799 [bd993a40-bff9-4658-863b-6abb9ef357ab:group-9724E3316C3A:LeaderElection76] INFO  impl.RaftServerImpl (RaftServerImpl.java:setRole(171)) - bd993a40-bff9-4658-863b-6abb9ef357ab:group-9724E3316C3A changes role from CANDIDATE to LEADER at term 1 for changeToLeader
2019-08-24 06:44:21,799 [bd993a40-bff9-4658-863b-6abb9ef357ab:group-9724E3316C3A:LeaderElection76] INFO  impl.RaftServerImpl (ServerState.java:setLeader(263)) - bd993a40-bff9-4658-863b-6abb9ef357ab:group-9724E3316C3A change Leader from null to bd993a40-bff9-4658-863b-6abb9ef357ab at term 1 for becomeLeader, leader elected after 5141ms
2019-08-24 06:44:21,799 [bd993a40-bff9-4658-863b-6abb9ef357ab:group-9724E3316C3A:LeaderElection76] INFO  server.RaftServerConfigKeys (ConfUtils.java:logGet(43)) - raft.server.staging.catchup.gap = 1000 (default)
2019-08-24 06:44:21,799 [bd993a40-bff9-4658-863b-6abb9ef357ab:group-9724E3316C3A:LeaderElection76] INFO  server.RaftServerConfigKeys (ConfUtils.java:logGet(43)) - raft.server.rpc.sleep.time = 25ms (default)
2019-08-24 06:44:21,799 [bd993a40-bff9-4658-863b-6abb9ef357ab:group-9921F2B055CA:LeaderElection74] INFO  impl.LeaderElection (LeaderElection.java:logAndReturn(56)) - bd993a40-bff9-4658-863b-6abb9ef357ab:group-9921F2B055CA:LeaderElection74: Election PASSED; received 1 response(s) [bd993a40-bff9-4658-863b-6abb9ef357ab<-25c68470-958e-4591-9cf0-a41ec1fd78b1#0:OK-t1] and 0 exception(s); bd993a40-bff9-4658-863b-6abb9ef357ab:t1, leader=null, voted=bd993a40-bff9-4658-863b-6abb9ef357ab, raftlog=bd993a40-bff9-4658-863b-6abb9ef357ab-SegmentedRaftLog:OPENED:c-1,f-1,i0, conf=-1: [bd993a40-bff9-4658-863b-6abb9ef357ab:192.168.34.51:42667, 346f50d4-4cfb-4a4d-b68d-ac9cdc7f84a1:192.168.34.51:34448, 25c68470-958e-4591-9cf0-a41ec1fd78b1:192.168.34.51:43156], old=null
2019-08-24 06:44:21,799 [bd993a40-bff9-4658-863b-6abb9ef357ab:group-9724E3316C3A:LeaderElection76] INFO  server.RaftServerConfigKeys (ConfUtils.java:logGet(43)) - raft.server.write.element-limit = 4096 (default)
2019-08-24 06:44:21,800 [bd993a40-bff9-4658-863b-6abb9ef357ab:group-9921F2B055CA:LeaderElection74] INFO  impl.RoleInfo (RoleInfo.java:shutdownLeaderElection(134)) - bd993a40-bff9-4658-863b-6abb9ef357ab: shutdown LeaderElection
2019-08-24 06:44:21,800 [bd993a40-bff9-4658-863b-6abb9ef357ab:group-9724E3316C3A:LeaderElection76] INFO  server.RaftServerConfigKeys (ConfUtils.java:logGet(43)) - raft.server.watch.timeout = 10s (default)
2019-08-24 06:44:21,800 [bd993a40-bff9-4658-863b-6abb9ef357ab:group-9921F2B055CA:LeaderElection74] INFO  impl.RaftServerImpl (RaftServerImpl.java:setRole(171)) - bd993a40-bff9-4658-863b-6abb9ef357ab:group-9921F2B055CA changes role from CANDIDATE to LEADER at term 1 for changeToLeader
2019-08-24 06:44:21,800 [bd993a40-bff9-4658-863b-6abb9ef357ab:group-9724E3316C3A:LeaderElection76] INFO  server.RaftServerConfigKeys (ConfUtils.java:logGet(43)) - raft.server.watch.timeout.denomination = 1s (default)
2019-08-24 06:44:21,800 [bd993a40-bff9-4658-863b-6abb9ef357ab:group-9921F2B055CA:LeaderElection74] INFO  impl.RaftServerImpl (ServerState.java:setLeader(263)) - bd993a40-bff9-4658-863b-6abb9ef357ab:group-9921F2B055CA change Leader from null to bd993a40-bff9-4658-863b-6abb9ef357ab at term 1 for becomeLeader, leader elected after 5087ms
2019-08-24 06:44:21,800 [bd993a40-bff9-4658-863b-6abb9ef357ab:group-9724E3316C3A:LeaderElection76] INFO  server.RaftServerConfigKeys (ConfUtils.java:logGet(43)) - raft.server.watch.element-limit = 65536 (default)
2019-08-24 06:44:21,800 [bd993a40-bff9-4658-863b-6abb9ef357ab:group-9921F2B055CA:LeaderElection74] INFO  server.RaftServerConfigKeys (ConfUtils.java:logGet(43)) - raft.server.staging.catchup.gap = 1000 (default)
2019-08-24 06:44:21,801 [bd993a40-bff9-4658-863b-6abb9ef357ab:group-9724E3316C3A:LeaderElection76] INFO  impl.RoleInfo (RoleInfo.java:updateAndGet(143)) - bd993a40-bff9-4658-863b-6abb9ef357ab: start LeaderState
2019-08-24 06:44:21,801 [bd993a40-bff9-4658-863b-6abb9ef357ab:group-9921F2B055CA:LeaderElection74] INFO  server.RaftServerConfigKeys (ConfUtils.java:logGet(43)) - raft.server.rpc.sleep.time = 25ms (default)
2019-08-24 06:44:21,801 [bd993a40-bff9-4658-863b-6abb9ef357ab:group-9724E3316C3A:LeaderElection76] INFO  segmented.SegmentedRaftLogWorker (SegmentedRaftLogWorker.java:startLogSegment(380)) - bd993a40-bff9-4658-863b-6abb9ef357ab-SegmentedRaftLogWorker:Storage Directory /workdir/hadoop-ozone/integration-test/target/test-dir/MiniOzoneClusterImpl-a8998418-e7b8-46c6-9f95-b9b709c41866/datanode-5/data/ratis/bc6a66e8-85d4-4923-8f87-9724e3316c3a: Starting segment from index:0
2019-08-24 06:44:21,801 [bd993a40-bff9-4658-863b-6abb9ef357ab:group-9921F2B055CA:LeaderElection74] INFO  server.RaftServerConfigKeys (ConfUtils.java:logGet(43)) - raft.server.write.element-limit = 4096 (default)
2019-08-24 06:44:21,801 [bd993a40-bff9-4658-863b-6abb9ef357ab:group-9921F2B055CA:LeaderElection74] INFO  server.RaftServerConfigKeys (ConfUtils.java:logGet(43)) - raft.server.watch.timeout = 10s (default)
2019-08-24 06:44:21,802 [bd993a40-bff9-4658-863b-6abb9ef357ab:group-9921F2B055CA:LeaderElection74] INFO  server.RaftServerConfigKeys (ConfUtils.java:logGet(43)) - raft.server.watch.timeout.denomination = 1s (default)
2019-08-24 06:44:21,802 [bd993a40-bff9-4658-863b-6abb9ef357ab:group-9724E3316C3A:LeaderElection76] INFO  impl.RaftServerImpl (ServerState.java:setRaftConf(361)) - bd993a40-bff9-4658-863b-6abb9ef357ab:group-9724E3316C3A set configuration 0: [bd993a40-bff9-4658-863b-6abb9ef357ab:192.168.34.51:42667], old=null at 0
2019-08-24 06:44:21,802 [bd993a40-bff9-4658-863b-6abb9ef357ab:group-9921F2B055CA:LeaderElection74] INFO  server.RaftServerConfigKeys (ConfUtils.java:logGet(43)) - raft.server.watch.element-limit = 65536 (default)
2019-08-24 06:44:21,842 | INFO  | SCMAudit | user=jenkins1000 | ip=192.168.34.51 | op=SEND_HEARTBEAT {datanodeUUID=5e7adc50-b544-477d-9a22-450e06c720cc, command=[]} | ret=SUCCESS |  
2019-08-24 06:44:21,842 | INFO  | SCMAudit | user=jenkins1000 | ip=192.168.34.51 | op=SEND_HEARTBEAT {datanodeUUID=cfa00991-4858-43cd-92ab-b86e3cf154fa, command=[]} | ret=SUCCESS |  
2019-08-24 06:44:21,842 [bd993a40-bff9-4658-863b-6abb9ef357ab:group-9921F2B055CA:LeaderElection74] INFO  server.RaftServerConfigKeys (ConfUtils.java:logGet(43)) - raft.server.log.appender.snapshot.chunk.size.max = 16MB (=16777216) (default)
2019-08-24 06:44:21,842 [bd993a40-bff9-4658-863b-6abb9ef357ab:group-9921F2B055CA:LeaderElection74] INFO  server.RaftServerConfigKeys (ConfUtils.java:logGet(43)) - raft.server.log.appender.buffer.byte-limit = 33554432 (custom)
2019-08-24 06:44:21,847 [bd993a40-bff9-4658-863b-6abb9ef357ab:group-9921F2B055CA:LeaderElection74] INFO  server.RaftServerConfigKeys (ConfUtils.java:logGet(43)) - raft.server.log.appender.buffer.element-limit = 1 (custom)
2019-08-24 06:44:21,848 [bd993a40-bff9-4658-863b-6abb9ef357ab:group-9921F2B055CA:LeaderElection74] INFO  grpc.GrpcConfigKeys$Server (ConfUtils.java:logGet(43)) - raft.grpc.server.leader.outstanding.appends.max = 128 (default)
2019-08-24 06:44:21,848 [bd993a40-bff9-4658-863b-6abb9ef357ab:group-9921F2B055CA:LeaderElection74] INFO  server.RaftServerConfigKeys (ConfUtils.java:logGet(43)) - raft.server.rpc.request.timeout = 3000ms (default)
2019-08-24 06:44:21,848 [bd993a40-bff9-4658-863b-6abb9ef357ab:group-9921F2B055CA:LeaderElection74] INFO  server.RaftServerConfigKeys (ConfUtils.java:logGet(43)) - raft.server.log.appender.install.snapshot.enabled = false (custom)
2019-08-24 06:44:21,848 [bd993a40-bff9-4658-863b-6abb9ef357ab:group-9921F2B055CA:LeaderElection74] INFO  server.RaftServerConfigKeys (ConfUtils.java:logGet(43)) - raft.server.log.appender.snapshot.chunk.size.max = 16MB (=16777216) (default)
2019-08-24 06:44:21,849 [bd993a40-bff9-4658-863b-6abb9ef357ab:group-9921F2B055CA:LeaderElection74] INFO  server.RaftServerConfigKeys (ConfUtils.java:logGet(43)) - raft.server.log.appender.buffer.byte-limit = 33554432 (custom)
2019-08-24 06:44:21,849 [bd993a40-bff9-4658-863b-6abb9ef357ab:group-9921F2B055CA:LeaderElection74] INFO  server.RaftServerConfigKeys (ConfUtils.java:logGet(43)) - raft.server.log.appender.buffer.element-limit = 1 (custom)
2019-08-24 06:44:21,849 [bd993a40-bff9-4658-863b-6abb9ef357ab:group-9921F2B055CA:LeaderElection74] INFO  grpc.GrpcConfigKeys$Server (ConfUtils.java:logGet(43)) - raft.grpc.server.leader.outstanding.appends.max = 128 (default)
2019-08-24 06:44:21,849 [bd993a40-bff9-4658-863b-6abb9ef357ab:group-9921F2B055CA:LeaderElection74] INFO  server.RaftServerConfigKeys (ConfUtils.java:logGet(43)) - raft.server.rpc.request.timeout = 3000ms (default)
2019-08-24 06:44:21,849 [bd993a40-bff9-4658-863b-6abb9ef357ab:group-9921F2B055CA:LeaderElection74] INFO  server.RaftServerConfigKeys (ConfUtils.java:logGet(43)) - raft.server.log.appender.install.snapshot.enabled = false (custom)
2019-08-24 06:44:21,850 [bd993a40-bff9-4658-863b-6abb9ef357ab:group-9921F2B055CA:LeaderElection74] INFO  impl.RoleInfo (RoleInfo.java:updateAndGet(143)) - bd993a40-bff9-4658-863b-6abb9ef357ab: start LeaderState
2019-08-24 06:44:21,850 [bd993a40-bff9-4658-863b-6abb9ef357ab:group-9921F2B055CA:LeaderElection74] INFO  segmented.SegmentedRaftLogWorker (SegmentedRaftLogWorker.java:startLogSegment(380)) - bd993a40-bff9-4658-863b-6abb9ef357ab-SegmentedRaftLogWorker:Storage Directory /workdir/hadoop-ozone/integration-test/target/test-dir/MiniOzoneClusterImpl-a8998418-e7b8-46c6-9f95-b9b709c41866/datanode-5/data/ratis/716b5242-7111-4fec-baf3-9921f2b055ca: Starting segment from index:0
2019-08-24 06:44:21,851 [bd993a40-bff9-4658-863b-6abb9ef357ab:group-9921F2B055CA:LeaderElection74] INFO  impl.RaftServerImpl (ServerState.java:setRaftConf(361)) - bd993a40-bff9-4658-863b-6abb9ef357ab:group-9921F2B055CA set configuration 0: [bd993a40-bff9-4658-863b-6abb9ef357ab:192.168.34.51:42667, 346f50d4-4cfb-4a4d-b68d-ac9cdc7f84a1:192.168.34.51:34448, 25c68470-958e-4591-9cf0-a41ec1fd78b1:192.168.34.51:43156], old=null at 0
2019-08-24 06:44:21,851 [grpc-default-executor-8] INFO  impl.RaftServerImpl (RaftServerImpl.java:requestVote(754)) - bd993a40-bff9-4658-863b-6abb9ef357ab-LEADER: Withhold vote from candidate 346f50d4-4cfb-4a4d-b68d-ac9cdc7f84a1 with term 1. State: leader=bd993a40-bff9-4658-863b-6abb9ef357ab, term=1, lastRpcElapsed=null
2019-08-24 06:44:21,852 [grpc-default-executor-11] INFO  impl.RaftServerImpl (RaftServerImpl.java:setRole(171)) - 346f50d4-4cfb-4a4d-b68d-ac9cdc7f84a1:group-9921F2B055CA changes role from CANDIDATE to FOLLOWER at term 1 for appendEntries
2019-08-24 06:44:21,852 [grpc-default-executor-11] INFO  impl.RoleInfo (RoleInfo.java:shutdownLeaderElection(134)) - 346f50d4-4cfb-4a4d-b68d-ac9cdc7f84a1: shutdown LeaderElection
2019-08-24 06:44:21,853 [346f50d4-4cfb-4a4d-b68d-ac9cdc7f84a1:group-9921F2B055CA:LeaderElection75] INFO  impl.LeaderElection (LeaderElection.java:logAndReturn(56)) - 346f50d4-4cfb-4a4d-b68d-ac9cdc7f84a1:group-9921F2B055CA:LeaderElection75: Election REJECTED; received 2 response(s) [346f50d4-4cfb-4a4d-b68d-ac9cdc7f84a1<-bd993a40-bff9-4658-863b-6abb9ef357ab#0:FAIL-t1, 346f50d4-4cfb-4a4d-b68d-ac9cdc7f84a1<-25c68470-958e-4591-9cf0-a41ec1fd78b1#0:FAIL-t1] and 0 exception(s); 346f50d4-4cfb-4a4d-b68d-ac9cdc7f84a1:t1, leader=null, voted=346f50d4-4cfb-4a4d-b68d-ac9cdc7f84a1, raftlog=346f50d4-4cfb-4a4d-b68d-ac9cdc7f84a1-SegmentedRaftLog:OPENED:c-1,f-1,i0, conf=-1: [bd993a40-bff9-4658-863b-6abb9ef357ab:192.168.34.51:42667, 346f50d4-4cfb-4a4d-b68d-ac9cdc7f84a1:192.168.34.51:34448, 25c68470-958e-4591-9cf0-a41ec1fd78b1:192.168.34.51:43156], old=null
2019-08-24 06:44:21,853 [grpc-default-executor-11] INFO  impl.RoleInfo (RoleInfo.java:updateAndGet(143)) - 346f50d4-4cfb-4a4d-b68d-ac9cdc7f84a1: start FollowerState
2019-08-24 06:44:21,853 [grpc-default-executor-8] INFO  impl.RaftServerImpl (ServerState.java:setLeader(263)) - 25c68470-958e-4591-9cf0-a41ec1fd78b1:group-9921F2B055CA change Leader from null to bd993a40-bff9-4658-863b-6abb9ef357ab at term 1 for appendEntries, leader elected after 5139ms
2019-08-24 06:44:21,853 [grpc-default-executor-11] INFO  impl.RaftServerImpl (ServerState.java:setLeader(263)) - 346f50d4-4cfb-4a4d-b68d-ac9cdc7f84a1:group-9921F2B055CA change Leader from null to bd993a40-bff9-4658-863b-6abb9ef357ab at term 1 for appendEntries, leader elected after 5140ms
2019-08-24 06:44:21,854 [bd993a40-bff9-4658-863b-6abb9ef357ab-SegmentedRaftLogWorker:Storage Directory /workdir/hadoop-ozone/integration-test/target/test-dir/MiniOzoneClusterImpl-a8998418-e7b8-46c6-9f95-b9b709c41866/datanode-5/data/ratis/bc6a66e8-85d4-4923-8f87-9724e3316c3a] INFO  segmented.SegmentedRaftLogWorker (SegmentedRaftLogWorker.java:execute(569)) - bd993a40-bff9-4658-863b-6abb9ef357ab-SegmentedRaftLogWorker:Storage Directory /workdir/hadoop-ozone/integration-test/target/test-dir/MiniOzoneClusterImpl-a8998418-e7b8-46c6-9f95-b9b709c41866/datanode-5/data/ratis/bc6a66e8-85d4-4923-8f87-9724e3316c3a: created new log segment /workdir/hadoop-ozone/integration-test/target/test-dir/MiniOzoneClusterImpl-a8998418-e7b8-46c6-9f95-b9b709c41866/datanode-5/data/ratis/bc6a66e8-85d4-4923-8f87-9724e3316c3a/current/log_inprogress_0
2019-08-24 06:44:21,856 [grpc-default-executor-8] INFO  impl.RaftServerImpl (ServerState.java:setRaftConf(361)) - 25c68470-958e-4591-9cf0-a41ec1fd78b1:group-9921F2B055CA set configuration 0: [bd993a40-bff9-4658-863b-6abb9ef357ab:192.168.34.51:42667, 346f50d4-4cfb-4a4d-b68d-ac9cdc7f84a1:192.168.34.51:34448, 25c68470-958e-4591-9cf0-a41ec1fd78b1:192.168.34.51:43156], old=null at 0
2019-08-24 06:44:21,856 [grpc-default-executor-8] INFO  segmented.SegmentedRaftLogWorker (SegmentedRaftLogWorker.java:startLogSegment(380)) - 25c68470-958e-4591-9cf0-a41ec1fd78b1-SegmentedRaftLogWorker:Storage Directory /workdir/hadoop-ozone/integration-test/target/test-dir/MiniOzoneClusterImpl-a8998418-e7b8-46c6-9f95-b9b709c41866/datanode-4/data/ratis/716b5242-7111-4fec-baf3-9921f2b055ca: Starting segment from index:0
2019-08-24 06:44:21,856 [grpc-default-executor-11] INFO  impl.RaftServerImpl (ServerState.java:setRaftConf(361)) - 346f50d4-4cfb-4a4d-b68d-ac9cdc7f84a1:group-9921F2B055CA set configuration 0: [bd993a40-bff9-4658-863b-6abb9ef357ab:192.168.34.51:42667, 346f50d4-4cfb-4a4d-b68d-ac9cdc7f84a1:192.168.34.51:34448, 25c68470-958e-4591-9cf0-a41ec1fd78b1:192.168.34.51:43156], old=null at 0
2019-08-24 06:44:21,856 [grpc-default-executor-11] INFO  segmented.SegmentedRaftLogWorker (SegmentedRaftLogWorker.java:startLogSegment(380)) - 346f50d4-4cfb-4a4d-b68d-ac9cdc7f84a1-SegmentedRaftLogWorker:Storage Directory /workdir/hadoop-ozone/integration-test/target/test-dir/MiniOzoneClusterImpl-a8998418-e7b8-46c6-9f95-b9b709c41866/datanode-3/data/ratis/716b5242-7111-4fec-baf3-9921f2b055ca: Starting segment from index:0
2019-08-24 06:44:21,903 [bd993a40-bff9-4658-863b-6abb9ef357ab-SegmentedRaftLogWorker:Storage Directory /workdir/hadoop-ozone/integration-test/target/test-dir/MiniOzoneClusterImpl-a8998418-e7b8-46c6-9f95-b9b709c41866/datanode-5/data/ratis/716b5242-7111-4fec-baf3-9921f2b055ca] INFO  segmented.SegmentedRaftLogWorker (SegmentedRaftLogWorker.java:execute(569)) - bd993a40-bff9-4658-863b-6abb9ef357ab-SegmentedRaftLogWorker:Storage Directory /workdir/hadoop-ozone/integration-test/target/test-dir/MiniOzoneClusterImpl-a8998418-e7b8-46c6-9f95-b9b709c41866/datanode-5/data/ratis/716b5242-7111-4fec-baf3-9921f2b055ca: created new log segment /workdir/hadoop-ozone/integration-test/target/test-dir/MiniOzoneClusterImpl-a8998418-e7b8-46c6-9f95-b9b709c41866/datanode-5/data/ratis/716b5242-7111-4fec-baf3-9921f2b055ca/current/log_inprogress_0
2019-08-24 06:44:21,903 [346f50d4-4cfb-4a4d-b68d-ac9cdc7f84a1-SegmentedRaftLogWorker:Storage Directory /workdir/hadoop-ozone/integration-test/target/test-dir/MiniOzoneClusterImpl-a8998418-e7b8-46c6-9f95-b9b709c41866/datanode-3/data/ratis/716b5242-7111-4fec-baf3-9921f2b055ca] INFO  segmented.SegmentedRaftLogWorker (SegmentedRaftLogWorker.java:execute(569)) - 346f50d4-4cfb-4a4d-b68d-ac9cdc7f84a1-SegmentedRaftLogWorker:Storage Directory /workdir/hadoop-ozone/integration-test/target/test-dir/MiniOzoneClusterImpl-a8998418-e7b8-46c6-9f95-b9b709c41866/datanode-3/data/ratis/716b5242-7111-4fec-baf3-9921f2b055ca: created new log segment /workdir/hadoop-ozone/integration-test/target/test-dir/MiniOzoneClusterImpl-a8998418-e7b8-46c6-9f95-b9b709c41866/datanode-3/data/ratis/716b5242-7111-4fec-baf3-9921f2b055ca/current/log_inprogress_0
2019-08-24 06:44:21,916 [25c68470-958e-4591-9cf0-a41ec1fd78b1-SegmentedRaftLogWorker:Storage Directory /workdir/hadoop-ozone/integration-test/target/test-dir/MiniOzoneClusterImpl-a8998418-e7b8-46c6-9f95-b9b709c41866/datanode-4/data/ratis/716b5242-7111-4fec-baf3-9921f2b055ca] INFO  segmented.SegmentedRaftLogWorker (SegmentedRaftLogWorker.java:execute(569)) - 25c68470-958e-4591-9cf0-a41ec1fd78b1-SegmentedRaftLogWorker:Storage Directory /workdir/hadoop-ozone/integration-test/target/test-dir/MiniOzoneClusterImpl-a8998418-e7b8-46c6-9f95-b9b709c41866/datanode-4/data/ratis/716b5242-7111-4fec-baf3-9921f2b055ca: created new log segment /workdir/hadoop-ozone/integration-test/target/test-dir/MiniOzoneClusterImpl-a8998418-e7b8-46c6-9f95-b9b709c41866/datanode-4/data/ratis/716b5242-7111-4fec-baf3-9921f2b055ca/current/log_inprogress_0
2019-08-24 06:44:21,968 [grpc-default-executor-11] INFO  client.GrpcClientProtocolClient (GrpcClientProtocolClient.java:onNext(255)) - client-758269D276C7->25c68470-958e-4591-9cf0-a41ec1fd78b1: receive RaftClientReply:client-758269D276C7->25c68470-958e-4591-9cf0-a41ec1fd78b1@group-9921F2B055CA, cid=184, FAILED org.apache.ratis.protocol.NotLeaderException: Server 25c68470-958e-4591-9cf0-a41ec1fd78b1 is not the leader (bd993a40-bff9-4658-863b-6abb9ef357ab:192.168.34.51:42667). Request must be sent to leader., logIndex=0, commits[25c68470-958e-4591-9cf0-a41ec1fd78b1:c-1, bd993a40-bff9-4658-863b-6abb9ef357ab:c-1, 346f50d4-4cfb-4a4d-b68d-ac9cdc7f84a1:c-1]
2019-08-24 06:44:22,052 | INFO  | SCMAudit | user=jenkins1000 | ip=192.168.34.51 | op=SEND_HEARTBEAT {datanodeUUID=4ae5f13b-0709-4697-8c2d-45e48ce4c21a, command=[]} | ret=SUCCESS |  
2019-08-24 06:44:22,059 [Thread-3588] INFO  impl.FollowerState (FollowerState.java:run(106)) - 5e7adc50-b544-477d-9a22-450e06c720cc:group-03F09D22881C changes to CANDIDATE, lastRpcTime:5194, electionTimeout:5194ms
2019-08-24 06:44:22,060 [Thread-3588] INFO  impl.RoleInfo (RoleInfo.java:shutdownFollowerState(121)) - 5e7adc50-b544-477d-9a22-450e06c720cc: shutdown FollowerState
2019-08-24 06:44:22,060 [Thread-3588] INFO  impl.RaftServerImpl (RaftServerImpl.java:setRole(171)) - 5e7adc50-b544-477d-9a22-450e06c720cc:group-03F09D22881C changes role from FOLLOWER to CANDIDATE at term 0 for changeToCandidate
2019-08-24 06:44:22,060 [Thread-3588] INFO  impl.RoleInfo (RoleInfo.java:updateAndGet(143)) - 5e7adc50-b544-477d-9a22-450e06c720cc: start LeaderElection
2019-08-24 06:44:22,072 [5e7adc50-b544-477d-9a22-450e06c720cc:group-03F09D22881C:LeaderElection77] INFO  impl.LeaderElection (LeaderElection.java:askForVotes(181)) - 5e7adc50-b544-477d-9a22-450e06c720cc:group-03F09D22881C:LeaderElection77: begin an election at term 1 for -1: [5e7adc50-b544-477d-9a22-450e06c720cc:192.168.34.51:39195], old=null
2019-08-24 06:44:22,072 [5e7adc50-b544-477d-9a22-450e06c720cc:group-03F09D22881C:LeaderElection77] INFO  impl.RoleInfo (RoleInfo.java:shutdownLeaderElection(134)) - 5e7adc50-b544-477d-9a22-450e06c720cc: shutdown LeaderElection
2019-08-24 06:44:22,072 [5e7adc50-b544-477d-9a22-450e06c720cc:group-03F09D22881C:LeaderElection77] INFO  impl.RaftServerImpl (RaftServerImpl.java:setRole(171)) - 5e7adc50-b544-477d-9a22-450e06c720cc:group-03F09D22881C changes role from CANDIDATE to LEADER at term 1 for changeToLeader
2019-08-24 06:44:22,073 [5e7adc50-b544-477d-9a22-450e06c720cc:group-03F09D22881C:LeaderElection77] INFO  impl.RaftServerImpl (ServerState.java:setLeader(263)) - 5e7adc50-b544-477d-9a22-450e06c720cc:group-03F09D22881C change Leader from null to 5e7adc50-b544-477d-9a22-450e06c720cc at term 1 for becomeLeader, leader elected after 5212ms
2019-08-24 06:44:22,073 [5e7adc50-b544-477d-9a22-450e06c720cc:group-03F09D22881C:LeaderElection77] INFO  server.RaftServerConfigKeys (ConfUtils.java:logGet(43)) - raft.server.staging.catchup.gap = 1000 (default)
2019-08-24 06:44:22,073 [5e7adc50-b544-477d-9a22-450e06c720cc:group-03F09D22881C:LeaderElection77] INFO  server.RaftServerConfigKeys (ConfUtils.java:logGet(43)) - raft.server.rpc.sleep.time = 25ms (default)
2019-08-24 06:44:22,073 [5e7adc50-b544-477d-9a22-450e06c720cc:group-03F09D22881C:LeaderElection77] INFO  server.RaftServerConfigKeys (ConfUtils.java:logGet(43)) - raft.server.write.element-limit = 4096 (default)
2019-08-24 06:44:22,073 [5e7adc50-b544-477d-9a22-450e06c720cc:group-03F09D22881C:LeaderElection77] INFO  server.RaftServerConfigKeys (ConfUtils.java:logGet(43)) - raft.server.watch.timeout = 10s (default)
2019-08-24 06:44:22,073 [5e7adc50-b544-477d-9a22-450e06c720cc:group-03F09D22881C:LeaderElection77] INFO  server.RaftServerConfigKeys (ConfUtils.java:logGet(43)) - raft.server.watch.timeout.denomination = 1s (default)
2019-08-24 06:44:22,074 [5e7adc50-b544-477d-9a22-450e06c720cc:group-03F09D22881C:LeaderElection77] INFO  server.RaftServerConfigKeys (ConfUtils.java:logGet(43)) - raft.server.watch.element-limit = 65536 (default)
2019-08-24 06:44:22,074 [5e7adc50-b544-477d-9a22-450e06c720cc:group-03F09D22881C:LeaderElection77] INFO  impl.RoleInfo (RoleInfo.java:updateAndGet(143)) - 5e7adc50-b544-477d-9a22-450e06c720cc: start LeaderState
2019-08-24 06:44:22,074 [5e7adc50-b544-477d-9a22-450e06c720cc:group-03F09D22881C:LeaderElection77] INFO  segmented.SegmentedRaftLogWorker (SegmentedRaftLogWorker.java:startLogSegment(380)) - 5e7adc50-b544-477d-9a22-450e06c720cc-SegmentedRaftLogWorker:Storage Directory /workdir/hadoop-ozone/integration-test/target/test-dir/MiniOzoneClusterImpl-a8998418-e7b8-46c6-9f95-b9b709c41866/datanode-6/data/ratis/4ae1e9e0-5577-441c-8fd2-03f09d22881c: Starting segment from index:0
2019-08-24 06:44:22,075 [5e7adc50-b544-477d-9a22-450e06c720cc:group-03F09D22881C:LeaderElection77] INFO  impl.RaftServerImpl (ServerState.java:setRaftConf(361)) - 5e7adc50-b544-477d-9a22-450e06c720cc:group-03F09D22881C set configuration 0: [5e7adc50-b544-477d-9a22-450e06c720cc:192.168.34.51:39195], old=null at 0
2019-08-24 06:44:22,129 [5e7adc50-b544-477d-9a22-450e06c720cc-SegmentedRaftLogWorker:Storage Directory /workdir/hadoop-ozone/integration-test/target/test-dir/MiniOzoneClusterImpl-a8998418-e7b8-46c6-9f95-b9b709c41866/datanode-6/data/ratis/4ae1e9e0-5577-441c-8fd2-03f09d22881c] INFO  segmented.SegmentedRaftLogWorker (SegmentedRaftLogWorker.java:execute(569)) - 5e7adc50-b544-477d-9a22-450e06c720cc-SegmentedRaftLogWorker:Storage Directory /workdir/hadoop-ozone/integration-test/target/test-dir/MiniOzoneClusterImpl-a8998418-e7b8-46c6-9f95-b9b709c41866/datanode-6/data/ratis/4ae1e9e0-5577-441c-8fd2-03f09d22881c: created new log segment /workdir/hadoop-ozone/integration-test/target/test-dir/MiniOzoneClusterImpl-a8998418-e7b8-46c6-9f95-b9b709c41866/datanode-6/data/ratis/4ae1e9e0-5577-441c-8fd2-03f09d22881c/current/log_inprogress_0
2019-08-24 06:44:22,132 | INFO  | DNAudit | user=null | ip=null | op=WRITE_CHUNK {blockData=conID: 1 locID: 102670601937944590 bcsId: 0} | ret=SUCCESS |  
2019-08-24 06:44:22,132 | INFO  | DNAudit | user=null | ip=null | op=WRITE_CHUNK {blockData=conID: 1 locID: 102670601937944590 bcsId: 0} | ret=SUCCESS |  
2019-08-24 06:44:22,133 | INFO  | DNAudit | user=null | ip=null | op=WRITE_CHUNK {blockData=conID: 1 locID: 102670601937944590 bcsId: 0} | ret=SUCCESS |  
2019-08-24 06:44:22,133 | INFO  | SCMAudit | user=jenkins1000 | ip=192.168.34.51 | op=SEND_HEARTBEAT {datanodeUUID=25c68470-958e-4591-9cf0-a41ec1fd78b1, command=[]} | ret=SUCCESS |  
2019-08-24 06:44:22,133 | INFO  | SCMAudit | user=jenkins1000 | ip=192.168.34.51 | op=SEND_HEARTBEAT {datanodeUUID=346f50d4-4cfb-4a4d-b68d-ac9cdc7f84a1, command=[]} | ret=SUCCESS |  
2019-08-24 06:44:22,133 | INFO  | SCMAudit | user=jenkins1000 | ip=192.168.34.51 | op=SEND_HEARTBEAT {datanodeUUID=bd993a40-bff9-4658-863b-6abb9ef357ab, command=[]} | ret=SUCCESS |  
2019-08-24 06:44:22,146 | INFO  | DNAudit | user=null | ip=null | op=WRITE_CHUNK {blockData=conID: 1 locID: 102670601937944590 bcsId: 0} | ret=SUCCESS |  
2019-08-24 06:44:22,150 [grpc-default-executor-11] INFO  client.GrpcClientProtocolClient (GrpcClientProtocolClient.java:onNext(255)) - client-758269D276C7->bd993a40-bff9-4658-863b-6abb9ef357ab: receive RaftClientReply:client-758269D276C7->bd993a40-bff9-4658-863b-6abb9ef357ab@group-9921F2B055CA, cid=184, SUCCESS, logIndex=1, commits[bd993a40-bff9-4658-863b-6abb9ef357ab:c1, 346f50d4-4cfb-4a4d-b68d-ac9cdc7f84a1:c0, 25c68470-958e-4591-9cf0-a41ec1fd78b1:c0]
2019-08-24 06:44:22,153 | INFO  | DNAudit | user=null | ip=null | op=WRITE_CHUNK {blockData=conID: 1 locID: 102670601937944590 bcsId: 0} | ret=SUCCESS |  
2019-08-24 06:44:22,154 | INFO  | DNAudit | user=null | ip=null | op=WRITE_CHUNK {blockData=conID: 1 locID: 102670601937944590 bcsId: 0} | ret=SUCCESS |  
2019-08-24 06:44:22,155 | INFO  | DNAudit | user=null | ip=null | op=WRITE_CHUNK {blockData=conID: 1 locID: 102670601937944590 bcsId: 0} | ret=SUCCESS |  
2019-08-24 06:44:22,155 | INFO  | DNAudit | user=null | ip=null | op=WRITE_CHUNK {blockData=conID: 1 locID: 102670601937944590 bcsId: 0} | ret=SUCCESS |  
2019-08-24 06:44:22,156 | INFO  | DNAudit | user=null | ip=null | op=WRITE_CHUNK {blockData=conID: 1 locID: 102670601937944590 bcsId: 0} | ret=SUCCESS |  
2019-08-24 06:44:22,156 | INFO  | DNAudit | user=null | ip=null | op=WRITE_CHUNK {blockData=conID: 1 locID: 102670601937944590 bcsId: 0} | ret=SUCCESS |  
2019-08-24 06:44:22,156 | INFO  | DNAudit | user=null | ip=null | op=WRITE_CHUNK {blockData=conID: 1 locID: 102670601937944590 bcsId: 0} | ret=SUCCESS |  
2019-08-24 06:44:22,157 | INFO  | DNAudit | user=null | ip=null | op=WRITE_CHUNK {blockData=conID: 1 locID: 102670601937944590 bcsId: 0} | ret=SUCCESS |  
2019-08-24 06:44:22,157 | INFO  | DNAudit | user=null | ip=null | op=WRITE_CHUNK {blockData=conID: 1 locID: 102670601937944590 bcsId: 0} | ret=SUCCESS |  
2019-08-24 06:44:22,168 | INFO  | DNAudit | user=null | ip=null | op=WRITE_CHUNK {blockData=conID: 1 locID: 102670601937944590 bcsId: 0} | ret=SUCCESS |  
2019-08-24 06:44:22,168 | INFO  | DNAudit | user=null | ip=null | op=WRITE_CHUNK {blockData=conID: 1 locID: 102670601937944590 bcsId: 0} | ret=SUCCESS |  
2019-08-24 06:44:22,170 | INFO  | DNAudit | user=null | ip=null | op=WRITE_CHUNK {blockData=conID: 1 locID: 102670601937944590 bcsId: 0} | ret=SUCCESS |  
2019-08-24 06:44:22,174 [grpc-default-executor-10] INFO  client.GrpcClientProtocolClient (GrpcClientProtocolClient.java:onNext(255)) - client-758269D276C7->bd993a40-bff9-4658-863b-6abb9ef357ab: receive RaftClientReply:client-758269D276C7->bd993a40-bff9-4658-863b-6abb9ef357ab@group-9921F2B055CA, cid=185, SUCCESS, logIndex=3, commits[bd993a40-bff9-4658-863b-6abb9ef357ab:c7, 346f50d4-4cfb-4a4d-b68d-ac9cdc7f84a1:c1, 25c68470-958e-4591-9cf0-a41ec1fd78b1:c1]
2019-08-24 06:44:22,175 | INFO  | DNAudit | user=null | ip=null | op=WRITE_CHUNK {blockData=conID: 1 locID: 102670601937944590 bcsId: 0} | ret=SUCCESS |  
2019-08-24 06:44:22,178 | INFO  | DNAudit | user=null | ip=null | op=WRITE_CHUNK {blockData=conID: 1 locID: 102670601937944590 bcsId: 0} | ret=SUCCESS |  
2019-08-24 06:44:22,232 | INFO  | DNAudit | user=null | ip=null | op=PUT_BLOCK {blockData=[blockId=conID: 1 locID: 102670601937944590 bcsId: 0,size=200]} | ret=SUCCESS |  
2019-08-24 06:44:22,232 | INFO  | DNAudit | user=null | ip=null | op=WRITE_CHUNK {blockData=conID: 1 locID: 102670601937944590 bcsId: 0} | ret=SUCCESS |  
2019-08-24 06:44:22,233 | INFO  | DNAudit | user=null | ip=null | op=WRITE_CHUNK {blockData=conID: 1 locID: 102670601937944590 bcsId: 0} | ret=SUCCESS |  
2019-08-24 06:44:22,233 [grpc-default-executor-10] INFO  client.GrpcClientProtocolClient (GrpcClientProtocolClient.java:onNext(255)) - client-758269D276C7->bd993a40-bff9-4658-863b-6abb9ef357ab: receive RaftClientReply:client-758269D276C7->bd993a40-bff9-4658-863b-6abb9ef357ab@group-9921F2B055CA, cid=186, SUCCESS, logIndex=4, commits[bd993a40-bff9-4658-863b-6abb9ef357ab:c10, 346f50d4-4cfb-4a4d-b68d-ac9cdc7f84a1:c7, 25c68470-958e-4591-9cf0-a41ec1fd78b1:c7]
2019-08-24 06:44:22,234 [grpc-default-executor-10] INFO  client.GrpcClientProtocolClient (GrpcClientProtocolClient.java:onNext(255)) - client-758269D276C7->bd993a40-bff9-4658-863b-6abb9ef357ab: receive RaftClientReply:client-758269D276C7->bd993a40-bff9-4658-863b-6abb9ef357ab@group-9921F2B055CA, cid=187, SUCCESS, logIndex=5, commits[bd993a40-bff9-4658-863b-6abb9ef357ab:c10, 346f50d4-4cfb-4a4d-b68d-ac9cdc7f84a1:c7, 25c68470-958e-4591-9cf0-a41ec1fd78b1:c7]
2019-08-24 06:44:22,235 [grpc-default-executor-10] INFO  client.GrpcClientProtocolClient (GrpcClientProtocolClient.java:onNext(255)) - client-758269D276C7->bd993a40-bff9-4658-863b-6abb9ef357ab: receive RaftClientReply:client-758269D276C7->bd993a40-bff9-4658-863b-6abb9ef357ab@group-9921F2B055CA, cid=188, SUCCESS, logIndex=6, commits[bd993a40-bff9-4658-863b-6abb9ef357ab:c10, 346f50d4-4cfb-4a4d-b68d-ac9cdc7f84a1:c7, 25c68470-958e-4591-9cf0-a41ec1fd78b1:c7]
2019-08-24 06:44:22,279 | INFO  | DNAudit | user=null | ip=null | op=PUT_BLOCK {blockData=[blockId=conID: 1 locID: 102670601937944590 bcsId: 0,size=200]} | ret=SUCCESS |  
2019-08-24 06:44:22,280 | INFO  | DNAudit | user=null | ip=null | op=WRITE_CHUNK {blockData=conID: 1 locID: 102670601937944590 bcsId: 0} | ret=SUCCESS |  
2019-08-24 06:44:22,280 | INFO  | DNAudit | user=null | ip=null | op=WRITE_CHUNK {blockData=conID: 1 locID: 102670601937944590 bcsId: 0} | ret=SUCCESS |  
2019-08-24 06:44:22,291 | INFO  | SCMAudit | user=jenkins1000 | ip=192.168.34.51 | op=SEND_HEARTBEAT {datanodeUUID=fd008af0-4f48-4b99-a0e7-19298396ae47, command=[]} | ret=SUCCESS |  
2019-08-24 06:44:22,328 | INFO  | DNAudit | user=null | ip=null | op=PUT_BLOCK {blockData=[blockId=conID: 1 locID: 102670601937944590 bcsId: 0,size=400]} | ret=SUCCESS |  
2019-08-24 06:44:22,328 | INFO  | DNAudit | user=null | ip=null | op=PUT_BLOCK {blockData=[blockId=conID: 1 locID: 102670601937944590 bcsId: 0,size=400]} | ret=SUCCESS |  
2019-08-24 06:44:22,328 | INFO  | DNAudit | user=null | ip=null | op=PUT_BLOCK {blockData=[blockId=conID: 1 locID: 102670601937944590 bcsId: 0,size=200]} | ret=SUCCESS |  
2019-08-24 06:44:22,329 | INFO  | DNAudit | user=null | ip=null | op=WRITE_CHUNK {blockData=conID: 1 locID: 102670601937944590 bcsId: 0} | ret=SUCCESS |  
2019-08-24 06:44:22,329 | INFO  | DNAudit | user=null | ip=null | op=WRITE_CHUNK {blockData=conID: 1 locID: 102670601937944590 bcsId: 0} | ret=SUCCESS |  
2019-08-24 06:44:22,329 [grpc-default-executor-10] INFO  client.GrpcClientProtocolClient (GrpcClientProtocolClient.java:onNext(255)) - client-758269D276C7->bd993a40-bff9-4658-863b-6abb9ef357ab: receive RaftClientReply:client-758269D276C7->bd993a40-bff9-4658-863b-6abb9ef357ab@group-9921F2B055CA, cid=189, SUCCESS, logIndex=7, commits[bd993a40-bff9-4658-863b-6abb9ef357ab:c10, 346f50d4-4cfb-4a4d-b68d-ac9cdc7f84a1:c7, 25c68470-958e-4591-9cf0-a41ec1fd78b1:c7]
2019-08-24 06:44:22,330 | INFO  | DNAudit | user=null | ip=null | op=PUT_BLOCK {blockData=[blockId=conID: 1 locID: 102670601937944590 bcsId: 0,size=400]} | ret=SUCCESS |  
2019-08-24 06:44:22,335 | INFO  | DNAudit | user=null | ip=null | op=WRITE_CHUNK {blockData=conID: 1 locID: 102670601937944590 bcsId: 7} | ret=SUCCESS |  
2019-08-24 06:44:22,337 | INFO  | DNAudit | user=null | ip=null | op=WRITE_CHUNK {blockData=conID: 1 locID: 102670601937944590 bcsId: 7} | ret=SUCCESS |  
2019-08-24 06:44:22,337 | INFO  | DNAudit | user=null | ip=null | op=WRITE_CHUNK {blockData=conID: 1 locID: 102670601937944590 bcsId: 7} | ret=SUCCESS |  
2019-08-24 06:44:22,348 | INFO  | DNAudit | user=null | ip=null | op=WRITE_CHUNK {blockData=conID: 1 locID: 102670601937944590 bcsId: 7} | ret=SUCCESS |  
2019-08-24 06:44:22,349 | INFO  | DNAudit | user=null | ip=null | op=PUT_BLOCK {blockData=[blockId=conID: 1 locID: 102670601937944590 bcsId: 0,size=450]} | ret=SUCCESS |  
2019-08-24 06:44:22,350 [grpc-default-executor-8] INFO  client.GrpcClientProtocolClient (GrpcClientProtocolClient.java:onNext(255)) - client-758269D276C7->bd993a40-bff9-4658-863b-6abb9ef357ab: receive RaftClientReply:client-758269D276C7->bd993a40-bff9-4658-863b-6abb9ef357ab@group-9921F2B055CA, cid=190, SUCCESS, logIndex=11, commits[bd993a40-bff9-4658-863b-6abb9ef357ab:c12, 346f50d4-4cfb-4a4d-b68d-ac9cdc7f84a1:c10, 25c68470-958e-4591-9cf0-a41ec1fd78b1:c10]
2019-08-24 06:44:22,351 [grpc-default-executor-8] INFO  client.GrpcClientProtocolClient (GrpcClientProtocolClient.java:onNext(255)) - client-758269D276C7->bd993a40-bff9-4658-863b-6abb9ef357ab: receive RaftClientReply:client-758269D276C7->bd993a40-bff9-4658-863b-6abb9ef357ab@group-9921F2B055CA, cid=191, SUCCESS, logIndex=12, commits[bd993a40-bff9-4658-863b-6abb9ef357ab:c12, 346f50d4-4cfb-4a4d-b68d-ac9cdc7f84a1:c10, 25c68470-958e-4591-9cf0-a41ec1fd78b1:c10]
2019-08-24 06:44:22,358 | INFO  | DNAudit | user=null | ip=null | op=WRITE_CHUNK {blockData=conID: 1 locID: 102670601937944590 bcsId: 7} | ret=SUCCESS |  
2019-08-24 06:44:22,358 | INFO  | DNAudit | user=null | ip=null | op=WRITE_CHUNK {blockData=conID: 1 locID: 102670601937944590 bcsId: 7} | ret=SUCCESS |  
2019-08-24 06:44:22,359 | INFO  | DNAudit | user=null | ip=null | op=PUT_BLOCK {blockData=[blockId=conID: 1 locID: 102670601937944590 bcsId: 0,size=450]} | ret=SUCCESS |  
2019-08-24 06:44:22,359 | INFO  | DNAudit | user=null | ip=null | op=PUT_BLOCK {blockData=[blockId=conID: 1 locID: 102670601937944590 bcsId: 0,size=450]} | ret=SUCCESS |  
2019-08-24 06:44:22,363 [grpc-default-executor-8] INFO  client.GrpcClientProtocolClient (GrpcClientProtocolClient.java:onNext(255)) - client-758269D276C7->bd993a40-bff9-4658-863b-6abb9ef357ab: receive RaftClientReply:client-758269D276C7->bd993a40-bff9-4658-863b-6abb9ef357ab@group-9921F2B055CA, cid=192, SUCCESS, logIndex=0, commits[bd993a40-bff9-4658-863b-6abb9ef357ab:c13, 346f50d4-4cfb-4a4d-b68d-ac9cdc7f84a1:c12, 25c68470-958e-4591-9cf0-a41ec1fd78b1:c12]
2019-08-24 06:44:22,364 [main] INFO  datanode.ObjectStoreHandler (ObjectStoreHandler.java:close(155)) - Closing ObjectStoreHandler.
2019-08-24 06:44:22,364 [main] INFO  ozone.HddsDatanodeService (HddsDatanodeService.java:stop(451)) - Stopped plug-in org.apache.hadoop.ozone.web.OzoneHddsDatanodeService@336b6e93
2019-08-24 06:44:22,841 | INFO  | SCMAudit | user=jenkins1000 | ip=192.168.34.51 | op=SEND_HEARTBEAT {datanodeUUID=cfa00991-4858-43cd-92ab-b86e3cf154fa, command=[]} | ret=SUCCESS |  
2019-08-24 06:44:22,842 | INFO  | SCMAudit | user=jenkins1000 | ip=192.168.34.51 | op=SEND_HEARTBEAT {datanodeUUID=5e7adc50-b544-477d-9a22-450e06c720cc, command=[]} | ret=SUCCESS |  
2019-08-24 06:44:23,051 | INFO  | SCMAudit | user=jenkins1000 | ip=192.168.34.51 | op=SEND_HEARTBEAT {datanodeUUID=4ae5f13b-0709-4697-8c2d-45e48ce4c21a, command=[]} | ret=SUCCESS |  
2019-08-24 06:44:23,132 [Datanode State Machine Thread - 0] INFO  statemachine.DatanodeStateMachine (DatanodeStateMachine.java:lambda$startDaemon$0(350)) - Ozone container server started.
2019-08-24 06:44:23,132 | INFO  | SCMAudit | user=jenkins1000 | ip=192.168.34.51 | op=SEND_HEARTBEAT {datanodeUUID=25c68470-958e-4591-9cf0-a41ec1fd78b1, command=[]} | ret=SUCCESS |  
2019-08-24 06:44:23,133 | INFO  | SCMAudit | user=jenkins1000 | ip=192.168.34.51 | op=SEND_HEARTBEAT {datanodeUUID=346f50d4-4cfb-4a4d-b68d-ac9cdc7f84a1, command=[]} | ret=SUCCESS |  
2019-08-24 06:44:23,292 | INFO  | SCMAudit | user=jenkins1000 | ip=192.168.34.51 | op=SEND_HEARTBEAT {datanodeUUID=fd008af0-4f48-4b99-a0e7-19298396ae47, command=[]} | ret=SUCCESS |  
2019-08-24 06:44:23,842 | INFO  | SCMAudit | user=jenkins1000 | ip=192.168.34.51 | op=SEND_HEARTBEAT {datanodeUUID=cfa00991-4858-43cd-92ab-b86e3cf154fa, command=[]} | ret=SUCCESS |  
2019-08-24 06:44:23,842 | INFO  | SCMAudit | user=jenkins1000 | ip=192.168.34.51 | op=SEND_HEARTBEAT {datanodeUUID=5e7adc50-b544-477d-9a22-450e06c720cc, command=[]} | ret=SUCCESS |  
2019-08-24 06:44:24,052 | INFO  | SCMAudit | user=jenkins1000 | ip=192.168.34.51 | op=SEND_HEARTBEAT {datanodeUUID=4ae5f13b-0709-4697-8c2d-45e48ce4c21a, command=[]} | ret=SUCCESS |  
2019-08-24 06:44:24,133 | INFO  | SCMAudit | user=jenkins1000 | ip=192.168.34.51 | op=SEND_HEARTBEAT {datanodeUUID=25c68470-958e-4591-9cf0-a41ec1fd78b1, command=[]} | ret=SUCCESS |  
2019-08-24 06:44:24,133 | INFO  | SCMAudit | user=jenkins1000 | ip=192.168.34.51 | op=SEND_HEARTBEAT {datanodeUUID=346f50d4-4cfb-4a4d-b68d-ac9cdc7f84a1, command=[]} | ret=SUCCESS |  
2019-08-24 06:44:24,292 | INFO  | SCMAudit | user=jenkins1000 | ip=192.168.34.51 | op=SEND_HEARTBEAT {datanodeUUID=fd008af0-4f48-4b99-a0e7-19298396ae47, command=[]} | ret=SUCCESS |  
2019-08-24 06:44:24,841 | INFO  | SCMAudit | user=jenkins1000 | ip=192.168.34.51 | op=SEND_HEARTBEAT {datanodeUUID=cfa00991-4858-43cd-92ab-b86e3cf154fa, command=[]} | ret=SUCCESS |  
2019-08-24 06:44:24,842 | INFO  | SCMAudit | user=jenkins1000 | ip=192.168.34.51 | op=SEND_HEARTBEAT {datanodeUUID=5e7adc50-b544-477d-9a22-450e06c720cc, command=[]} | ret=SUCCESS |  
2019-08-24 06:44:25,052 | INFO  | SCMAudit | user=jenkins1000 | ip=192.168.34.51 | op=SEND_HEARTBEAT {datanodeUUID=4ae5f13b-0709-4697-8c2d-45e48ce4c21a, command=[]} | ret=SUCCESS |  
2019-08-24 06:44:25,133 | INFO  | SCMAudit | user=jenkins1000 | ip=192.168.34.51 | op=SEND_HEARTBEAT {datanodeUUID=346f50d4-4cfb-4a4d-b68d-ac9cdc7f84a1, command=[]} | ret=SUCCESS |  
2019-08-24 06:44:25,133 | INFO  | SCMAudit | user=jenkins1000 | ip=192.168.34.51 | op=SEND_HEARTBEAT {datanodeUUID=25c68470-958e-4591-9cf0-a41ec1fd78b1, command=[]} | ret=SUCCESS |  
2019-08-24 06:44:25,293 | INFO  | SCMAudit | user=jenkins1000 | ip=192.168.34.51 | op=SEND_HEARTBEAT {datanodeUUID=fd008af0-4f48-4b99-a0e7-19298396ae47, command=[]} | ret=SUCCESS |  
2019-08-24 06:44:25,842 | INFO  | SCMAudit | user=jenkins1000 | ip=192.168.34.51 | op=SEND_HEARTBEAT {datanodeUUID=cfa00991-4858-43cd-92ab-b86e3cf154fa, command=[]} | ret=SUCCESS |  
2019-08-24 06:44:25,843 | INFO  | SCMAudit | user=jenkins1000 | ip=192.168.34.51 | op=SEND_HEARTBEAT {datanodeUUID=5e7adc50-b544-477d-9a22-450e06c720cc, command=[]} | ret=SUCCESS |  
2019-08-24 06:44:26,051 | INFO  | SCMAudit | user=jenkins1000 | ip=192.168.34.51 | op=SEND_HEARTBEAT {datanodeUUID=4ae5f13b-0709-4697-8c2d-45e48ce4c21a, command=[]} | ret=SUCCESS |  
2019-08-24 06:44:26,133 | INFO  | SCMAudit | user=jenkins1000 | ip=192.168.34.51 | op=SEND_HEARTBEAT {datanodeUUID=346f50d4-4cfb-4a4d-b68d-ac9cdc7f84a1, command=[]} | ret=SUCCESS |  
2019-08-24 06:44:26,133 | INFO  | SCMAudit | user=jenkins1000 | ip=192.168.34.51 | op=SEND_HEARTBEAT {datanodeUUID=25c68470-958e-4591-9cf0-a41ec1fd78b1, command=[]} | ret=SUCCESS |  
2019-08-24 06:44:26,293 | INFO  | SCMAudit | user=jenkins1000 | ip=192.168.34.51 | op=SEND_HEARTBEAT {datanodeUUID=fd008af0-4f48-4b99-a0e7-19298396ae47, command=[]} | ret=SUCCESS |  
2019-08-24 06:44:26,841 | INFO  | SCMAudit | user=jenkins1000 | ip=192.168.34.51 | op=SEND_HEARTBEAT {datanodeUUID=cfa00991-4858-43cd-92ab-b86e3cf154fa, command=[]} | ret=SUCCESS |  
2019-08-24 06:44:26,843 | INFO  | SCMAudit | user=jenkins1000 | ip=192.168.34.51 | op=SEND_HEARTBEAT {datanodeUUID=5e7adc50-b544-477d-9a22-450e06c720cc, command=[]} | ret=SUCCESS |  
2019-08-24 06:44:27,052 | INFO  | SCMAudit | user=jenkins1000 | ip=192.168.34.51 | op=SEND_HEARTBEAT {datanodeUUID=4ae5f13b-0709-4697-8c2d-45e48ce4c21a, command=[]} | ret=SUCCESS |  
2019-08-24 06:44:27,133 | INFO  | SCMAudit | user=jenkins1000 | ip=192.168.34.51 | op=SEND_HEARTBEAT {datanodeUUID=346f50d4-4cfb-4a4d-b68d-ac9cdc7f84a1, command=[]} | ret=SUCCESS |  
2019-08-24 06:44:27,133 | INFO  | SCMAudit | user=jenkins1000 | ip=192.168.34.51 | op=SEND_HEARTBEAT {datanodeUUID=25c68470-958e-4591-9cf0-a41ec1fd78b1, command=[]} | ret=SUCCESS |  
2019-08-24 06:44:27,149 [EventQueue-StaleNodeForStaleNodeHandler] INFO  node.StaleNodeHandler (StaleNodeHandler.java:onMessage(58)) - Datanode bd993a40-bff9-4658-863b-6abb9ef357ab{ip: 192.168.34.51, host: pr-hdds-1753-tn75t-532954605, networkLocation: /default-rack, certSerialId: null} moved to stale state. Finalizing its pipelines [PipelineID=716b5242-7111-4fec-baf3-9921f2b055ca, PipelineID=bc6a66e8-85d4-4923-8f87-9724e3316c3a]
2019-08-24 06:44:27,149 [EventQueue-StaleNodeForStaleNodeHandler] INFO  pipeline.SCMPipelineManager (SCMPipelineManager.java:finalizeAndDestroyPipeline(309)) - destroying pipeline:Pipeline[ Id: 716b5242-7111-4fec-baf3-9921f2b055ca, Nodes: bd993a40-bff9-4658-863b-6abb9ef357ab{ip: 192.168.34.51, host: pr-hdds-1753-tn75t-532954605, networkLocation: /default-rack, certSerialId: null}346f50d4-4cfb-4a4d-b68d-ac9cdc7f84a1{ip: 192.168.34.51, host: pr-hdds-1753-tn75t-532954605, networkLocation: /default-rack, certSerialId: null}25c68470-958e-4591-9cf0-a41ec1fd78b1{ip: 192.168.34.51, host: pr-hdds-1753-tn75t-532954605, networkLocation: /default-rack, certSerialId: null}, Type:RATIS, Factor:THREE, State:OPEN]
2019-08-24 06:44:27,149 [EventQueue-StaleNodeForStaleNodeHandler] INFO  pipeline.PipelineStateManager (PipelineStateManager.java:finalizePipeline(123)) - Pipeline Pipeline[ Id: 716b5242-7111-4fec-baf3-9921f2b055ca, Nodes: bd993a40-bff9-4658-863b-6abb9ef357ab{ip: 192.168.34.51, host: pr-hdds-1753-tn75t-532954605, networkLocation: /default-rack, certSerialId: null}346f50d4-4cfb-4a4d-b68d-ac9cdc7f84a1{ip: 192.168.34.51, host: pr-hdds-1753-tn75t-532954605, networkLocation: /default-rack, certSerialId: null}25c68470-958e-4591-9cf0-a41ec1fd78b1{ip: 192.168.34.51, host: pr-hdds-1753-tn75t-532954605, networkLocation: /default-rack, certSerialId: null}, Type:RATIS, Factor:THREE, State:CLOSED] moved to CLOSED state
2019-08-24 06:44:27,150 [EventQueue-StaleNodeForStaleNodeHandler] INFO  pipeline.SCMPipelineManager (SCMPipelineManager.java:finalizeAndDestroyPipeline(309)) - destroying pipeline:Pipeline[ Id: bc6a66e8-85d4-4923-8f87-9724e3316c3a, Nodes: bd993a40-bff9-4658-863b-6abb9ef357ab{ip: 192.168.34.51, host: pr-hdds-1753-tn75t-532954605, networkLocation: /default-rack, certSerialId: null}, Type:RATIS, Factor:ONE, State:OPEN]
2019-08-24 06:44:27,150 [EventQueue-CloseContainerForCloseContainerEventHandler] INFO  container.CloseContainerEventHandler (CloseContainerEventHandler.java:onMessage(61)) - Close container Event triggered for container : #1
2019-08-24 06:44:27,150 [EventQueue-StaleNodeForStaleNodeHandler] INFO  pipeline.PipelineStateManager (PipelineStateManager.java:finalizePipeline(123)) - Pipeline Pipeline[ Id: bc6a66e8-85d4-4923-8f87-9724e3316c3a, Nodes: bd993a40-bff9-4658-863b-6abb9ef357ab{ip: 192.168.34.51, host: pr-hdds-1753-tn75t-532954605, networkLocation: /default-rack, certSerialId: null}, Type:RATIS, Factor:ONE, State:CLOSED] moved to CLOSED state
2019-08-24 06:44:27,294 | INFO  | SCMAudit | user=jenkins1000 | ip=192.168.34.51 | op=SEND_HEARTBEAT {datanodeUUID=fd008af0-4f48-4b99-a0e7-19298396ae47, command=[]} | ret=SUCCESS |  
2019-08-24 06:44:27,365 [main] INFO  ozoneimpl.OzoneContainer (OzoneContainer.java:stop(215)) - Attempting to stop container services.
2019-08-24 06:44:27,366 [main] INFO  impl.RaftServerProxy (RaftServerProxy.java:lambda$close$4(314)) - bd993a40-bff9-4658-863b-6abb9ef357ab: close
2019-08-24 06:44:27,372 [main] INFO  impl.RaftServerImpl (RaftServerImpl.java:lambda$shutdown$3(245)) - bd993a40-bff9-4658-863b-6abb9ef357ab: shutdown group-9921F2B055CA
2019-08-24 06:44:27,372 [main] INFO  util.JmxRegister (JmxRegister.java:unregister(73)) - Successfully un-registered JMX Bean with object name Ratis:service=RaftServer,group=group-9921F2B055CA,id=bd993a40-bff9-4658-863b-6abb9ef357ab
2019-08-24 06:44:27,373 [main] INFO  impl.RoleInfo (RoleInfo.java:shutdownLeaderState(104)) - bd993a40-bff9-4658-863b-6abb9ef357ab: shutdown LeaderState
2019-08-24 06:44:27,378 [main] INFO  impl.PendingRequests (PendingRequests.java:sendNotLeaderResponses(202)) - bd993a40-bff9-4658-863b-6abb9ef357ab-PendingRequests: sendNotLeaderResponses
2019-08-24 06:44:27,378 [org.apache.ratis.server.impl.LogAppender$AppenderDaemon$$Lambda$462/934584112@81711d4] WARN  server.GrpcLogAppender (GrpcLogAppender.java:mayWait(143)) - GrpcLogAppender(bd993a40-bff9-4658-863b-6abb9ef357ab->346f50d4-4cfb-4a4d-b68d-ac9cdc7f84a1): Wait interrupted by java.lang.InterruptedException
2019-08-24 06:44:27,378 [org.apache.ratis.server.impl.LogAppender$AppenderDaemon$$Lambda$462/934584112@4d158eb2] WARN  server.GrpcLogAppender (GrpcLogAppender.java:mayWait(143)) - GrpcLogAppender(bd993a40-bff9-4658-863b-6abb9ef357ab->25c68470-958e-4591-9cf0-a41ec1fd78b1): Wait interrupted by java.lang.InterruptedException
2019-08-24 06:44:27,394 [StateMachineUpdater:bd993a40-bff9-4658-863b-6abb9ef357ab:group-9921F2B055CA] INFO  ratis.ContainerStateMachine (ContainerStateMachine.java:takeSnapshot(284)) - group-9921F2B055CA: Taking a snapshot at:(t:1, i:12) file /workdir/hadoop-ozone/integration-test/target/test-dir/MiniOzoneClusterImpl-a8998418-e7b8-46c6-9f95-b9b709c41866/datanode-5/data/ratis/716b5242-7111-4fec-baf3-9921f2b055ca/sm/snapshot.1_12
2019-08-24 06:44:27,394 [main] INFO  impl.StateMachineUpdater (StateMachineUpdater.java:stopAndJoin(115)) - StateMachineUpdater:bd993a40-bff9-4658-863b-6abb9ef357ab:group-9921F2B055CA: set stopIndex = 14
2019-08-24 06:44:27,395 [grpc-default-executor-10] INFO  server.GrpcServerProtocolService (GrpcServerProtocolService.java:onCompleted(104)) - 25c68470-958e-4591-9cf0-a41ec1fd78b1: appendEntries completed
2019-08-24 06:44:27,395 [grpc-default-executor-8] INFO  server.GrpcServerProtocolService (GrpcServerProtocolService.java:onCompleted(104)) - 346f50d4-4cfb-4a4d-b68d-ac9cdc7f84a1: appendEntries completed
2019-08-24 06:44:27,396 [grpc-default-executor-10] INFO  server.GrpcLogAppender (GrpcLogAppender.java:onCompleted(292)) - bd993a40-bff9-4658-863b-6abb9ef357ab->25c68470-958e-4591-9cf0-a41ec1fd78b1: follower responses appendEntries COMPLETED
2019-08-24 06:44:27,396 [grpc-default-executor-8] INFO  server.GrpcLogAppender (GrpcLogAppender.java:onCompleted(292)) - bd993a40-bff9-4658-863b-6abb9ef357ab->346f50d4-4cfb-4a4d-b68d-ac9cdc7f84a1: follower responses appendEntries COMPLETED
2019-08-24 06:44:27,396 [grpc-default-executor-10] INFO  impl.FollowerInfo (FollowerInfo.java:lambda$new$0(50)) - bd993a40-bff9-4658-863b-6abb9ef357ab->25c68470-958e-4591-9cf0-a41ec1fd78b1: nextIndex: updateUnconditionally 15 -> 14
2019-08-24 06:44:27,396 [grpc-default-executor-8] INFO  impl.FollowerInfo (FollowerInfo.java:lambda$new$0(50)) - bd993a40-bff9-4658-863b-6abb9ef357ab->346f50d4-4cfb-4a4d-b68d-ac9cdc7f84a1: nextIndex: updateUnconditionally 15 -> 14
2019-08-24 06:44:27,408 [StateMachineUpdater:bd993a40-bff9-4658-863b-6abb9ef357ab:group-9921F2B055CA] INFO  ratis.ContainerStateMachine (ContainerStateMachine.java:takeSnapshot(295)) - group-9921F2B055CA: Finished taking a snapshot at:(t:1, i:12) file:/workdir/hadoop-ozone/integration-test/target/test-dir/MiniOzoneClusterImpl-a8998418-e7b8-46c6-9f95-b9b709c41866/datanode-5/data/ratis/716b5242-7111-4fec-baf3-9921f2b055ca/sm/snapshot.1_12 time:14
2019-08-24 06:44:27,408 [StateMachineUpdater:bd993a40-bff9-4658-863b-6abb9ef357ab:group-9921F2B055CA] INFO  impl.StateMachineUpdater (StateMachineUpdater.java:takeSnapshot(242)) - StateMachineUpdater:bd993a40-bff9-4658-863b-6abb9ef357ab:group-9921F2B055CA: Took a snapshot at index 12
2019-08-24 06:44:27,408 [StateMachineUpdater:bd993a40-bff9-4658-863b-6abb9ef357ab:group-9921F2B055CA] INFO  impl.StateMachineUpdater (StateMachineUpdater.java:lambda$new$0(80)) - StateMachineUpdater:bd993a40-bff9-4658-863b-6abb9ef357ab:group-9921F2B055CA: snapshotIndex: updateIncreasingly -1 -> 12
2019-08-24 06:44:27,409 [main] INFO  impl.RaftServerImpl (ServerState.java:close(394)) - bd993a40-bff9-4658-863b-6abb9ef357ab:group-9921F2B055CA closes. The last applied log index is 14
2019-08-24 06:44:27,409 [bd993a40-bff9-4658-863b-6abb9ef357ab-SegmentedRaftLogWorker:Storage Directory /workdir/hadoop-ozone/integration-test/target/test-dir/MiniOzoneClusterImpl-a8998418-e7b8-46c6-9f95-b9b709c41866/datanode-5/data/ratis/716b5242-7111-4fec-baf3-9921f2b055ca] INFO  segmented.SegmentedRaftLogWorker (SegmentedRaftLogWorker.java:run(313)) - bd993a40-bff9-4658-863b-6abb9ef357ab-SegmentedRaftLogWorker:Storage Directory /workdir/hadoop-ozone/integration-test/target/test-dir/MiniOzoneClusterImpl-a8998418-e7b8-46c6-9f95-b9b709c41866/datanode-5/data/ratis/716b5242-7111-4fec-baf3-9921f2b055ca was interrupted, exiting. There are 0 tasks remaining in the queue.
2019-08-24 06:44:27,412 [main] INFO  segmented.SegmentedRaftLogWorker (SegmentedRaftLogWorker.java:close(228)) - bd993a40-bff9-4658-863b-6abb9ef357ab-SegmentedRaftLogWorker:Storage Directory /workdir/hadoop-ozone/integration-test/target/test-dir/MiniOzoneClusterImpl-a8998418-e7b8-46c6-9f95-b9b709c41866/datanode-5/data/ratis/716b5242-7111-4fec-baf3-9921f2b055ca close()
2019-08-24 06:44:27,417 [main] INFO  impl.RaftServerImpl (RaftServerImpl.java:lambda$shutdown$3(245)) - bd993a40-bff9-4658-863b-6abb9ef357ab: shutdown group-9724E3316C3A
2019-08-24 06:44:27,417 [main] INFO  util.JmxRegister (JmxRegister.java:unregister(73)) - Successfully un-registered JMX Bean with object name Ratis:service=RaftServer,group=group-9724E3316C3A,id=bd993a40-bff9-4658-863b-6abb9ef357ab
2019-08-24 06:44:27,418 [main] INFO  impl.RoleInfo (RoleInfo.java:shutdownLeaderState(104)) - bd993a40-bff9-4658-863b-6abb9ef357ab: shutdown LeaderState
2019-08-24 06:44:27,418 [main] INFO  impl.PendingRequests (PendingRequests.java:sendNotLeaderResponses(202)) - bd993a40-bff9-4658-863b-6abb9ef357ab-PendingRequests: sendNotLeaderResponses
2019-08-24 06:44:27,419 [main] INFO  impl.StateMachineUpdater (StateMachineUpdater.java:stopAndJoin(115)) - StateMachineUpdater:bd993a40-bff9-4658-863b-6abb9ef357ab:group-9724E3316C3A: set stopIndex = 0
2019-08-24 06:44:27,419 [main] INFO  impl.RaftServerImpl (ServerState.java:close(394)) - bd993a40-bff9-4658-863b-6abb9ef357ab:group-9724E3316C3A closes. The last applied log index is 0
2019-08-24 06:44:27,419 [bd993a40-bff9-4658-863b-6abb9ef357ab-SegmentedRaftLogWorker:Storage Directory /workdir/hadoop-ozone/integration-test/target/test-dir/MiniOzoneClusterImpl-a8998418-e7b8-46c6-9f95-b9b709c41866/datanode-5/data/ratis/bc6a66e8-85d4-4923-8f87-9724e3316c3a] INFO  segmented.SegmentedRaftLogWorker (SegmentedRaftLogWorker.java:run(313)) - bd993a40-bff9-4658-863b-6abb9ef357ab-SegmentedRaftLogWorker:Storage Directory /workdir/hadoop-ozone/integration-test/target/test-dir/MiniOzoneClusterImpl-a8998418-e7b8-46c6-9f95-b9b709c41866/datanode-5/data/ratis/bc6a66e8-85d4-4923-8f87-9724e3316c3a was interrupted, exiting. There are 0 tasks remaining in the queue.
2019-08-24 06:44:27,422 [main] INFO  segmented.SegmentedRaftLogWorker (SegmentedRaftLogWorker.java:close(228)) - bd993a40-bff9-4658-863b-6abb9ef357ab-SegmentedRaftLogWorker:Storage Directory /workdir/hadoop-ozone/integration-test/target/test-dir/MiniOzoneClusterImpl-a8998418-e7b8-46c6-9f95-b9b709c41866/datanode-5/data/ratis/bc6a66e8-85d4-4923-8f87-9724e3316c3a close()
2019-08-24 06:44:27,427 [main] INFO  server.GrpcService (GrpcService.java:closeImpl(155)) - bd993a40-bff9-4658-863b-6abb9ef357ab: shutdown server with port 42667 now
2019-08-24 06:44:27,428 [grpc-default-executor-10] WARN  client.GrpcClientProtocolService (LogUtils.java:warn(134)) - 2-UnorderedRequestStreamObserver2: onError: org.apache.ratis.thirdparty.io.grpc.StatusRuntimeException: CANCELLED: cancelled before receiving half close
2019-08-24 06:44:27,428 [main] INFO  server.GrpcService (GrpcService.java:closeImpl(163)) - bd993a40-bff9-4658-863b-6abb9ef357ab: shutdown server with port 42667 successfully
2019-08-24 06:44:27,430 [refreshUsed-/workdir/hadoop-ozone/integration-test/target/test-dir/MiniOzoneClusterImpl-a8998418-e7b8-46c6-9f95-b9b709c41866/datanode-5/data/containers] WARN  fs.CachingGetSpaceUsed (CachingGetSpaceUsed.java:run(183)) - Thread Interrupted waiting to refresh disk information: sleep interrupted
2019-08-24 06:44:27,450 [main] INFO  utils.BackgroundService (BackgroundService.java:shutdown(148)) - Shutting down service BlockDeletingService
2019-08-24 06:44:27,457 [main] INFO  statemachine.DatanodeStateMachine (DatanodeStateMachine.java:stopDaemon(395)) - Ozone container server stopped.
2019-08-24 06:44:27,459 [main] INFO  handler.ContextHandler (ContextHandler.java:doStop(910)) - Stopped o.e.j.w.WebAppContext@34c21c34{/,null,UNAVAILABLE}{/hddsDatanode}
2019-08-24 06:44:27,460 [main] INFO  server.AbstractConnector (AbstractConnector.java:doStop(318)) - Stopped ServerConnector@353ac1ef{HTTP/1.1,[http/1.1]}{0.0.0.0:0}
2019-08-24 06:44:27,461 [main] INFO  handler.ContextHandler (ContextHandler.java:doStop(910)) - Stopped o.e.j.s.ServletContextHandler@6f0ab520{/static,jar:file:/home/user/.m2/repository/org/apache/hadoop/hadoop-hdds-container-service/0.5.0-SNAPSHOT/hadoop-hdds-container-service-0.5.0-SNAPSHOT.jar!/webapps/static,UNAVAILABLE}
2019-08-24 06:44:27,461 [main] INFO  handler.ContextHandler (ContextHandler.java:doStop(910)) - Stopped o.e.j.s.ServletContextHandler@2eebb07{/logs,file:///workdir/hadoop-ozone/integration-test/target/log,UNAVAILABLE}
2019-08-24 06:44:27,841 | INFO  | SCMAudit | user=jenkins1000 | ip=192.168.34.51 | op=SEND_HEARTBEAT {datanodeUUID=cfa00991-4858-43cd-92ab-b86e3cf154fa, command=[]} | ret=SUCCESS |  
2019-08-24 06:44:27,843 | INFO  | SCMAudit | user=jenkins1000 | ip=192.168.34.51 | op=SEND_HEARTBEAT {datanodeUUID=5e7adc50-b544-477d-9a22-450e06c720cc, command=[]} | ret=SUCCESS |  
2019-08-24 06:44:28,051 | INFO  | SCMAudit | user=jenkins1000 | ip=192.168.34.51 | op=SEND_HEARTBEAT {datanodeUUID=4ae5f13b-0709-4697-8c2d-45e48ce4c21a, command=[]} | ret=SUCCESS |  
2019-08-24 06:44:28,135 | INFO  | SCMAudit | user=jenkins1000 | ip=192.168.34.51 | op=SEND_HEARTBEAT {datanodeUUID=346f50d4-4cfb-4a4d-b68d-ac9cdc7f84a1, command=[commandType: closeContainerCommand closeContainerCommandProto { containerID: 1 pipelineID { id: "716b5242-7111-4fec-baf3-9921f2b055ca" } cmdId: 1 force: false } ]} | ret=SUCCESS |  
2019-08-24 06:44:28,135 | INFO  | SCMAudit | user=jenkins1000 | ip=192.168.34.51 | op=SEND_HEARTBEAT {datanodeUUID=25c68470-958e-4591-9cf0-a41ec1fd78b1, command=[commandType: closeContainerCommand closeContainerCommandProto { containerID: 1 pipelineID { id: "716b5242-7111-4fec-baf3-9921f2b055ca" } cmdId: 1 force: false } ]} | ret=SUCCESS |  
2019-08-24 06:44:28,294 | INFO  | SCMAudit | user=jenkins1000 | ip=192.168.34.51 | op=SEND_HEARTBEAT {datanodeUUID=fd008af0-4f48-4b99-a0e7-19298396ae47, command=[]} | ret=SUCCESS |  
2019-08-24 06:44:28,842 | INFO  | SCMAudit | user=jenkins1000 | ip=192.168.34.51 | op=SEND_HEARTBEAT {datanodeUUID=cfa00991-4858-43cd-92ab-b86e3cf154fa, command=[]} | ret=SUCCESS |  
2019-08-24 06:44:28,843 | INFO  | SCMAudit | user=jenkins1000 | ip=192.168.34.51 | op=SEND_HEARTBEAT {datanodeUUID=5e7adc50-b544-477d-9a22-450e06c720cc, command=[]} | ret=SUCCESS |  
2019-08-24 06:44:29,052 | INFO  | SCMAudit | user=jenkins1000 | ip=192.168.34.51 | op=SEND_HEARTBEAT {datanodeUUID=4ae5f13b-0709-4697-8c2d-45e48ce4c21a, command=[]} | ret=SUCCESS |  
2019-08-24 06:44:29,133 | INFO  | SCMAudit | user=jenkins1000 | ip=192.168.34.51 | op=SEND_HEARTBEAT {datanodeUUID=25c68470-958e-4591-9cf0-a41ec1fd78b1, command=[]} | ret=SUCCESS |  
2019-08-24 06:44:29,134 | INFO  | SCMAudit | user=jenkins1000 | ip=192.168.34.51 | op=SEND_HEARTBEAT {datanodeUUID=346f50d4-4cfb-4a4d-b68d-ac9cdc7f84a1, command=[]} | ret=SUCCESS |  
2019-08-24 06:44:29,162 | INFO  | SCMAudit | user=jenkins1000 | ip=192.168.34.51 | op=SEND_HEARTBEAT {datanodeUUID=25c68470-958e-4591-9cf0-a41ec1fd78b1, command=[]} | ret=SUCCESS |  
2019-08-24 06:44:29,162 | INFO  | SCMAudit | user=jenkins1000 | ip=192.168.34.51 | op=SEND_HEARTBEAT {datanodeUUID=346f50d4-4cfb-4a4d-b68d-ac9cdc7f84a1, command=[]} | ret=SUCCESS |  
2019-08-24 06:44:29,295 | INFO  | SCMAudit | user=jenkins1000 | ip=192.168.34.51 | op=SEND_HEARTBEAT {datanodeUUID=fd008af0-4f48-4b99-a0e7-19298396ae47, command=[]} | ret=SUCCESS |  
2019-08-24 06:44:29,484 [grpc-default-executor-8] INFO  client.GrpcClientProtocolClient (GrpcClientProtocolClient.java:onNext(255)) - client-758269D276C7->25c68470-958e-4591-9cf0-a41ec1fd78b1: receive RaftClientReply:client-758269D276C7->25c68470-958e-4591-9cf0-a41ec1fd78b1@group-9921F2B055CA, cid=193, FAILED org.apache.ratis.protocol.NotLeaderException: Server 25c68470-958e-4591-9cf0-a41ec1fd78b1 is not the leader (bd993a40-bff9-4658-863b-6abb9ef357ab:192.168.34.51:42667). Request must be sent to leader., logIndex=0, commits[25c68470-958e-4591-9cf0-a41ec1fd78b1:c14, bd993a40-bff9-4658-863b-6abb9ef357ab:c14, 346f50d4-4cfb-4a4d-b68d-ac9cdc7f84a1:c14]
2019-08-24 06:44:29,842 | INFO  | SCMAudit | user=jenkins1000 | ip=192.168.34.51 | op=SEND_HEARTBEAT {datanodeUUID=cfa00991-4858-43cd-92ab-b86e3cf154fa, command=[]} | ret=SUCCESS |  
2019-08-24 06:44:29,844 | INFO  | SCMAudit | user=jenkins1000 | ip=192.168.34.51 | op=SEND_HEARTBEAT {datanodeUUID=5e7adc50-b544-477d-9a22-450e06c720cc, command=[]} | ret=SUCCESS |  
2019-08-24 06:44:30,051 | INFO  | SCMAudit | user=jenkins1000 | ip=192.168.34.51 | op=SEND_HEARTBEAT {datanodeUUID=4ae5f13b-0709-4697-8c2d-45e48ce4c21a, command=[]} | ret=SUCCESS |  
2019-08-24 06:44:30,161 | INFO  | SCMAudit | user=jenkins1000 | ip=192.168.34.51 | op=SEND_HEARTBEAT {datanodeUUID=25c68470-958e-4591-9cf0-a41ec1fd78b1, command=[]} | ret=SUCCESS |  
2019-08-24 06:44:30,161 | INFO  | SCMAudit | user=jenkins1000 | ip=192.168.34.51 | op=SEND_HEARTBEAT {datanodeUUID=346f50d4-4cfb-4a4d-b68d-ac9cdc7f84a1, command=[]} | ret=SUCCESS |  
2019-08-24 06:44:30,295 | INFO  | SCMAudit | user=jenkins1000 | ip=192.168.34.51 | op=SEND_HEARTBEAT {datanodeUUID=fd008af0-4f48-4b99-a0e7-19298396ae47, command=[]} | ret=SUCCESS |  
2019-08-24 06:44:30,507 [grpc-default-executor-8] INFO  client.GrpcClientProtocolClient (GrpcClientProtocolClient.java:onNext(255)) - client-758269D276C7->346f50d4-4cfb-4a4d-b68d-ac9cdc7f84a1: receive RaftClientReply:client-758269D276C7->346f50d4-4cfb-4a4d-b68d-ac9cdc7f84a1@group-9921F2B055CA, cid=193, FAILED org.apache.ratis.protocol.NotLeaderException: Server 346f50d4-4cfb-4a4d-b68d-ac9cdc7f84a1 is not the leader (bd993a40-bff9-4658-863b-6abb9ef357ab:192.168.34.51:42667). Request must be sent to leader., logIndex=0, commits[346f50d4-4cfb-4a4d-b68d-ac9cdc7f84a1:c14, bd993a40-bff9-4658-863b-6abb9ef357ab:c14, 25c68470-958e-4591-9cf0-a41ec1fd78b1:c14]
2019-08-24 06:44:30,841 | INFO  | SCMAudit | user=jenkins1000 | ip=192.168.34.51 | op=SEND_HEARTBEAT {datanodeUUID=cfa00991-4858-43cd-92ab-b86e3cf154fa, command=[]} | ret=SUCCESS |  
2019-08-24 06:44:30,844 | INFO  | SCMAudit | user=jenkins1000 | ip=192.168.34.51 | op=SEND_HEARTBEAT {datanodeUUID=5e7adc50-b544-477d-9a22-450e06c720cc, command=[]} | ret=SUCCESS |  
2019-08-24 06:44:31,052 | INFO  | SCMAudit | user=jenkins1000 | ip=192.168.34.51 | op=SEND_HEARTBEAT {datanodeUUID=4ae5f13b-0709-4697-8c2d-45e48ce4c21a, command=[]} | ret=SUCCESS |  
2019-08-24 06:44:31,162 | INFO  | SCMAudit | user=jenkins1000 | ip=192.168.34.51 | op=SEND_HEARTBEAT {datanodeUUID=346f50d4-4cfb-4a4d-b68d-ac9cdc7f84a1, command=[]} | ret=SUCCESS |  
2019-08-24 06:44:31,162 | INFO  | SCMAudit | user=jenkins1000 | ip=192.168.34.51 | op=SEND_HEARTBEAT {datanodeUUID=25c68470-958e-4591-9cf0-a41ec1fd78b1, command=[]} | ret=SUCCESS |  
2019-08-24 06:44:31,295 | INFO  | SCMAudit | user=jenkins1000 | ip=192.168.34.51 | op=SEND_HEARTBEAT {datanodeUUID=fd008af0-4f48-4b99-a0e7-19298396ae47, command=[]} | ret=SUCCESS |  
2019-08-24 06:44:31,521 [grpc-default-executor-11] INFO  client.GrpcClientProtocolClient (GrpcClientProtocolClient.java:onNext(255)) - client-758269D276C7->346f50d4-4cfb-4a4d-b68d-ac9cdc7f84a1: receive RaftClientReply:client-758269D276C7->346f50d4-4cfb-4a4d-b68d-ac9cdc7f84a1@group-9921F2B055CA, cid=193, FAILED org.apache.ratis.protocol.NotLeaderException: Server 346f50d4-4cfb-4a4d-b68d-ac9cdc7f84a1 is not the leader (bd993a40-bff9-4658-863b-6abb9ef357ab:192.168.34.51:42667). Request must be sent to leader., logIndex=0, commits[346f50d4-4cfb-4a4d-b68d-ac9cdc7f84a1:c14, bd993a40-bff9-4658-863b-6abb9ef357ab:c14, 25c68470-958e-4591-9cf0-a41ec1fd78b1:c14]
2019-08-24 06:44:31,842 | INFO  | SCMAudit | user=jenkins1000 | ip=192.168.34.51 | op=SEND_HEARTBEAT {datanodeUUID=cfa00991-4858-43cd-92ab-b86e3cf154fa, command=[]} | ret=SUCCESS |  
2019-08-24 06:44:31,843 | INFO  | SCMAudit | user=jenkins1000 | ip=192.168.34.51 | op=SEND_HEARTBEAT {datanodeUUID=5e7adc50-b544-477d-9a22-450e06c720cc, command=[]} | ret=SUCCESS |  
2019-08-24 06:44:32,052 | INFO  | SCMAudit | user=jenkins1000 | ip=192.168.34.51 | op=SEND_HEARTBEAT {datanodeUUID=4ae5f13b-0709-4697-8c2d-45e48ce4c21a, command=[]} | ret=SUCCESS |  
2019-08-24 06:44:32,162 | INFO  | SCMAudit | user=jenkins1000 | ip=192.168.34.51 | op=SEND_HEARTBEAT {datanodeUUID=346f50d4-4cfb-4a4d-b68d-ac9cdc7f84a1, command=[]} | ret=SUCCESS |  
2019-08-24 06:44:32,162 | INFO  | SCMAudit | user=jenkins1000 | ip=192.168.34.51 | op=SEND_HEARTBEAT {datanodeUUID=25c68470-958e-4591-9cf0-a41ec1fd78b1, command=[]} | ret=SUCCESS |  
2019-08-24 06:44:32,295 | INFO  | SCMAudit | user=jenkins1000 | ip=192.168.34.51 | op=SEND_HEARTBEAT {datanodeUUID=fd008af0-4f48-4b99-a0e7-19298396ae47, command=[]} | ret=SUCCESS |  
2019-08-24 06:44:32,537 [grpc-default-executor-10] INFO  client.GrpcClientProtocolClient (GrpcClientProtocolClient.java:onNext(255)) - client-758269D276C7->346f50d4-4cfb-4a4d-b68d-ac9cdc7f84a1: receive RaftClientReply:client-758269D276C7->346f50d4-4cfb-4a4d-b68d-ac9cdc7f84a1@group-9921F2B055CA, cid=193, FAILED org.apache.ratis.protocol.NotLeaderException: Server 346f50d4-4cfb-4a4d-b68d-ac9cdc7f84a1 is not the leader (bd993a40-bff9-4658-863b-6abb9ef357ab:192.168.34.51:42667). Request must be sent to leader., logIndex=0, commits[346f50d4-4cfb-4a4d-b68d-ac9cdc7f84a1:c14, bd993a40-bff9-4658-863b-6abb9ef357ab:c14, 25c68470-958e-4591-9cf0-a41ec1fd78b1:c14]
2019-08-24 06:44:32,842 | INFO  | SCMAudit | user=jenkins1000 | ip=192.168.34.51 | op=SEND_HEARTBEAT {datanodeUUID=cfa00991-4858-43cd-92ab-b86e3cf154fa, command=[]} | ret=SUCCESS |  
2019-08-24 06:44:32,843 | INFO  | SCMAudit | user=jenkins1000 | ip=192.168.34.51 | op=SEND_HEARTBEAT {datanodeUUID=5e7adc50-b544-477d-9a22-450e06c720cc, command=[]} | ret=SUCCESS |  
2019-08-24 06:44:33,051 | INFO  | SCMAudit | user=jenkins1000 | ip=192.168.34.51 | op=SEND_HEARTBEAT {datanodeUUID=4ae5f13b-0709-4697-8c2d-45e48ce4c21a, command=[]} | ret=SUCCESS |  
2019-08-24 06:44:33,161 | INFO  | SCMAudit | user=jenkins1000 | ip=192.168.34.51 | op=SEND_HEARTBEAT {datanodeUUID=346f50d4-4cfb-4a4d-b68d-ac9cdc7f84a1, command=[]} | ret=SUCCESS |  
2019-08-24 06:44:33,161 | INFO  | SCMAudit | user=jenkins1000 | ip=192.168.34.51 | op=SEND_HEARTBEAT {datanodeUUID=25c68470-958e-4591-9cf0-a41ec1fd78b1, command=[]} | ret=SUCCESS |  
2019-08-24 06:44:33,296 | INFO  | SCMAudit | user=jenkins1000 | ip=192.168.34.51 | op=SEND_HEARTBEAT {datanodeUUID=fd008af0-4f48-4b99-a0e7-19298396ae47, command=[]} | ret=SUCCESS |  
2019-08-24 06:44:33,552 [grpc-default-executor-8] INFO  client.GrpcClientProtocolClient (GrpcClientProtocolClient.java:onNext(255)) - client-758269D276C7->25c68470-958e-4591-9cf0-a41ec1fd78b1: receive RaftClientReply:client-758269D276C7->25c68470-958e-4591-9cf0-a41ec1fd78b1@group-9921F2B055CA, cid=193, FAILED org.apache.ratis.protocol.NotLeaderException: Server 25c68470-958e-4591-9cf0-a41ec1fd78b1 is not the leader (bd993a40-bff9-4658-863b-6abb9ef357ab:192.168.34.51:42667). Request must be sent to leader., logIndex=0, commits[25c68470-958e-4591-9cf0-a41ec1fd78b1:c14, bd993a40-bff9-4658-863b-6abb9ef357ab:c14, 346f50d4-4cfb-4a4d-b68d-ac9cdc7f84a1:c14]
2019-08-24 06:44:33,841 | INFO  | SCMAudit | user=jenkins1000 | ip=192.168.34.51 | op=SEND_HEARTBEAT {datanodeUUID=cfa00991-4858-43cd-92ab-b86e3cf154fa, command=[]} | ret=SUCCESS |  
2019-08-24 06:44:33,844 | INFO  | SCMAudit | user=jenkins1000 | ip=192.168.34.51 | op=SEND_HEARTBEAT {datanodeUUID=5e7adc50-b544-477d-9a22-450e06c720cc, command=[]} | ret=SUCCESS |  
2019-08-24 06:44:34,052 | INFO  | SCMAudit | user=jenkins1000 | ip=192.168.34.51 | op=SEND_HEARTBEAT {datanodeUUID=4ae5f13b-0709-4697-8c2d-45e48ce4c21a, command=[]} | ret=SUCCESS |  
2019-08-24 06:44:34,162 | INFO  | SCMAudit | user=jenkins1000 | ip=192.168.34.51 | op=SEND_HEARTBEAT {datanodeUUID=346f50d4-4cfb-4a4d-b68d-ac9cdc7f84a1, command=[]} | ret=SUCCESS |  
2019-08-24 06:44:34,162 | INFO  | SCMAudit | user=jenkins1000 | ip=192.168.34.51 | op=SEND_HEARTBEAT {datanodeUUID=25c68470-958e-4591-9cf0-a41ec1fd78b1, command=[]} | ret=SUCCESS |  
2019-08-24 06:44:34,296 | INFO  | SCMAudit | user=jenkins1000 | ip=192.168.34.51 | op=SEND_HEARTBEAT {datanodeUUID=fd008af0-4f48-4b99-a0e7-19298396ae47, command=[]} | ret=SUCCESS |  
2019-08-24 06:44:34,568 [grpc-default-executor-8] INFO  client.GrpcClientProtocolClient (GrpcClientProtocolClient.java:onNext(255)) - client-758269D276C7->346f50d4-4cfb-4a4d-b68d-ac9cdc7f84a1: receive RaftClientReply:client-758269D276C7->346f50d4-4cfb-4a4d-b68d-ac9cdc7f84a1@group-9921F2B055CA, cid=193, FAILED org.apache.ratis.protocol.NotLeaderException: Server 346f50d4-4cfb-4a4d-b68d-ac9cdc7f84a1 is not the leader (bd993a40-bff9-4658-863b-6abb9ef357ab:192.168.34.51:42667). Request must be sent to leader., logIndex=0, commits[346f50d4-4cfb-4a4d-b68d-ac9cdc7f84a1:c14, bd993a40-bff9-4658-863b-6abb9ef357ab:c14, 25c68470-958e-4591-9cf0-a41ec1fd78b1:c14]
2019-08-24 06:44:34,842 | INFO  | SCMAudit | user=jenkins1000 | ip=192.168.34.51 | op=SEND_HEARTBEAT {datanodeUUID=cfa00991-4858-43cd-92ab-b86e3cf154fa, command=[]} | ret=SUCCESS |  
2019-08-24 06:44:34,843 | INFO  | SCMAudit | user=jenkins1000 | ip=192.168.34.51 | op=SEND_HEARTBEAT {datanodeUUID=5e7adc50-b544-477d-9a22-450e06c720cc, command=[]} | ret=SUCCESS |  
2019-08-24 06:44:35,051 | INFO  | SCMAudit | user=jenkins1000 | ip=192.168.34.51 | op=SEND_HEARTBEAT {datanodeUUID=4ae5f13b-0709-4697-8c2d-45e48ce4c21a, command=[]} | ret=SUCCESS |  
2019-08-24 06:44:35,162 | INFO  | SCMAudit | user=jenkins1000 | ip=192.168.34.51 | op=SEND_HEARTBEAT {datanodeUUID=25c68470-958e-4591-9cf0-a41ec1fd78b1, command=[]} | ret=SUCCESS |  
2019-08-24 06:44:35,162 | INFO  | SCMAudit | user=jenkins1000 | ip=192.168.34.51 | op=SEND_HEARTBEAT {datanodeUUID=346f50d4-4cfb-4a4d-b68d-ac9cdc7f84a1, command=[]} | ret=SUCCESS |  
2019-08-24 06:44:35,295 | INFO  | SCMAudit | user=jenkins1000 | ip=192.168.34.51 | op=SEND_HEARTBEAT {datanodeUUID=fd008af0-4f48-4b99-a0e7-19298396ae47, command=[]} | ret=SUCCESS |  
2019-08-24 06:44:35,583 [grpc-default-executor-10] INFO  client.GrpcClientProtocolClient (GrpcClientProtocolClient.java:onNext(255)) - client-758269D276C7->346f50d4-4cfb-4a4d-b68d-ac9cdc7f84a1: receive RaftClientReply:client-758269D276C7->346f50d4-4cfb-4a4d-b68d-ac9cdc7f84a1@group-9921F2B055CA, cid=193, FAILED org.apache.ratis.protocol.NotLeaderException: Server 346f50d4-4cfb-4a4d-b68d-ac9cdc7f84a1 is not the leader (bd993a40-bff9-4658-863b-6abb9ef357ab:192.168.34.51:42667). Request must be sent to leader., logIndex=0, commits[346f50d4-4cfb-4a4d-b68d-ac9cdc7f84a1:c14, bd993a40-bff9-4658-863b-6abb9ef357ab:c14, 25c68470-958e-4591-9cf0-a41ec1fd78b1:c14]
2019-08-24 06:44:35,841 | INFO  | SCMAudit | user=jenkins1000 | ip=192.168.34.51 | op=SEND_HEARTBEAT {datanodeUUID=cfa00991-4858-43cd-92ab-b86e3cf154fa, command=[]} | ret=SUCCESS |  
2019-08-24 06:44:35,843 | INFO  | SCMAudit | user=jenkins1000 | ip=192.168.34.51 | op=SEND_HEARTBEAT {datanodeUUID=5e7adc50-b544-477d-9a22-450e06c720cc, command=[]} | ret=SUCCESS |  
2019-08-24 06:44:36,052 | INFO  | SCMAudit | user=jenkins1000 | ip=192.168.34.51 | op=SEND_HEARTBEAT {datanodeUUID=4ae5f13b-0709-4697-8c2d-45e48ce4c21a, command=[]} | ret=SUCCESS |  
2019-08-24 06:44:36,161 | INFO  | SCMAudit | user=jenkins1000 | ip=192.168.34.51 | op=SEND_HEARTBEAT {datanodeUUID=25c68470-958e-4591-9cf0-a41ec1fd78b1, command=[]} | ret=SUCCESS |  
2019-08-24 06:44:36,162 | INFO  | SCMAudit | user=jenkins1000 | ip=192.168.34.51 | op=SEND_HEARTBEAT {datanodeUUID=346f50d4-4cfb-4a4d-b68d-ac9cdc7f84a1, command=[]} | ret=SUCCESS |  
2019-08-24 06:44:36,295 | INFO  | SCMAudit | user=jenkins1000 | ip=192.168.34.51 | op=SEND_HEARTBEAT {datanodeUUID=fd008af0-4f48-4b99-a0e7-19298396ae47, command=[]} | ret=SUCCESS |  
2019-08-24 06:44:36,598 [grpc-default-executor-11] INFO  client.GrpcClientProtocolClient (GrpcClientProtocolClient.java:onNext(255)) - client-758269D276C7->346f50d4-4cfb-4a4d-b68d-ac9cdc7f84a1: receive RaftClientReply:client-758269D276C7->346f50d4-4cfb-4a4d-b68d-ac9cdc7f84a1@group-9921F2B055CA, cid=193, FAILED org.apache.ratis.protocol.NotLeaderException: Server 346f50d4-4cfb-4a4d-b68d-ac9cdc7f84a1 is not the leader (bd993a40-bff9-4658-863b-6abb9ef357ab:192.168.34.51:42667). Request must be sent to leader., logIndex=0, commits[346f50d4-4cfb-4a4d-b68d-ac9cdc7f84a1:c14, bd993a40-bff9-4658-863b-6abb9ef357ab:c14, 25c68470-958e-4591-9cf0-a41ec1fd78b1:c14]
2019-08-24 06:44:36,842 | INFO  | SCMAudit | user=jenkins1000 | ip=192.168.34.51 | op=SEND_HEARTBEAT {datanodeUUID=cfa00991-4858-43cd-92ab-b86e3cf154fa, command=[]} | ret=SUCCESS |  
2019-08-24 06:44:36,843 | INFO  | SCMAudit | user=jenkins1000 | ip=192.168.34.51 | op=SEND_HEARTBEAT {datanodeUUID=5e7adc50-b544-477d-9a22-450e06c720cc, command=[]} | ret=SUCCESS |  
2019-08-24 06:44:37,051 | INFO  | SCMAudit | user=jenkins1000 | ip=192.168.34.51 | op=SEND_HEARTBEAT {datanodeUUID=4ae5f13b-0709-4697-8c2d-45e48ce4c21a, command=[]} | ret=SUCCESS |  
2019-08-24 06:44:37,127 [Thread-3643] INFO  impl.FollowerState (FollowerState.java:run(106)) - 346f50d4-4cfb-4a4d-b68d-ac9cdc7f84a1:group-9921F2B055CA changes to CANDIDATE, lastRpcTime:9761, electionTimeout:5140ms
2019-08-24 06:44:37,127 [Thread-3643] INFO  impl.RoleInfo (RoleInfo.java:shutdownFollowerState(121)) - 346f50d4-4cfb-4a4d-b68d-ac9cdc7f84a1: shutdown FollowerState
2019-08-24 06:44:37,127 [Thread-3643] INFO  impl.RaftServerImpl (RaftServerImpl.java:setRole(171)) - 346f50d4-4cfb-4a4d-b68d-ac9cdc7f84a1:group-9921F2B055CA changes role from FOLLOWER to CANDIDATE at term 1 for changeToCandidate
2019-08-24 06:44:37,127 [Thread-3643] INFO  impl.RoleInfo (RoleInfo.java:updateAndGet(143)) - 346f50d4-4cfb-4a4d-b68d-ac9cdc7f84a1: start LeaderElection
2019-08-24 06:44:37,131 [346f50d4-4cfb-4a4d-b68d-ac9cdc7f84a1:group-9921F2B055CA:LeaderElection78] INFO  impl.RaftServerImpl (ServerState.java:setLeader(263)) - 346f50d4-4cfb-4a4d-b68d-ac9cdc7f84a1:group-9921F2B055CA change Leader from bd993a40-bff9-4658-863b-6abb9ef357ab to null at term 1 for initElection
2019-08-24 06:44:37,145 [346f50d4-4cfb-4a4d-b68d-ac9cdc7f84a1:group-9921F2B055CA:LeaderElection78] INFO  impl.LeaderElection (LeaderElection.java:askForVotes(181)) - 346f50d4-4cfb-4a4d-b68d-ac9cdc7f84a1:group-9921F2B055CA:LeaderElection78: begin an election at term 2 for 0: [bd993a40-bff9-4658-863b-6abb9ef357ab:192.168.34.51:42667, 346f50d4-4cfb-4a4d-b68d-ac9cdc7f84a1:192.168.34.51:34448, 25c68470-958e-4591-9cf0-a41ec1fd78b1:192.168.34.51:43156], old=null
2019-08-24 06:44:37,148 [346f50d4-4cfb-4a4d-b68d-ac9cdc7f84a1:group-9921F2B055CA:LeaderElection78] INFO  impl.LeaderElection (LogUtils.java:infoOrTrace(149)) - 346f50d4-4cfb-4a4d-b68d-ac9cdc7f84a1:group-9921F2B055CA:LeaderElection78 got exception when requesting votes: {}
java.util.concurrent.ExecutionException: org.apache.ratis.thirdparty.io.grpc.StatusRuntimeException: UNAVAILABLE: io exception
	at java.util.concurrent.FutureTask.report(FutureTask.java:122)
	at java.util.concurrent.FutureTask.get(FutureTask.java:192)
	at org.apache.ratis.server.impl.LeaderElection.waitForResults(LeaderElection.java:262)
	at org.apache.ratis.server.impl.LeaderElection.askForVotes(LeaderElection.java:200)
	at org.apache.ratis.server.impl.LeaderElection.run(LeaderElection.java:130)
	at java.lang.Thread.run(Thread.java:748)
Caused by: org.apache.ratis.thirdparty.io.grpc.StatusRuntimeException: UNAVAILABLE: io exception
	at org.apache.ratis.thirdparty.io.grpc.stub.ClientCalls.toStatusRuntimeException(ClientCalls.java:233)
	at org.apache.ratis.thirdparty.io.grpc.stub.ClientCalls.getUnchecked(ClientCalls.java:214)
	at org.apache.ratis.thirdparty.io.grpc.stub.ClientCalls.blockingUnaryCall(ClientCalls.java:139)
	at org.apache.ratis.proto.grpc.RaftServerProtocolServiceGrpc$RaftServerProtocolServiceBlockingStub.requestVote(RaftServerProtocolServiceGrpc.java:265)
	at org.apache.ratis.grpc.server.GrpcServerProtocolClient.requestVote(GrpcServerProtocolClient.java:83)
	at org.apache.ratis.grpc.server.GrpcService.requestVote(GrpcService.java:195)
	at org.apache.ratis.server.impl.LeaderElection.lambda$submitRequests$1(LeaderElection.java:237)
	at java.util.concurrent.FutureTask.run(FutureTask.java:266)
	at java.util.concurrent.Executors$RunnableAdapter.call(Executors.java:511)
	at java.util.concurrent.FutureTask.run(FutureTask.java:266)
	at java.util.concurrent.ThreadPoolExecutor.runWorker(ThreadPoolExecutor.java:1149)
	at java.util.concurrent.ThreadPoolExecutor$Worker.run(ThreadPoolExecutor.java:624)
	... 1 more
Caused by: org.apache.ratis.thirdparty.io.netty.channel.AbstractChannel$AnnotatedConnectException: Connection refused: /192.168.34.51:42667
	at sun.nio.ch.SocketChannelImpl.checkConnect(Native Method)
	at sun.nio.ch.SocketChannelImpl.finishConnect(SocketChannelImpl.java:717)
	at org.apache.ratis.thirdparty.io.netty.channel.socket.nio.NioSocketChannel.doFinishConnect(NioSocketChannel.java:327)
	at org.apache.ratis.thirdparty.io.netty.channel.nio.AbstractNioChannel$AbstractNioUnsafe.finishConnect(AbstractNioChannel.java:340)
	at org.apache.ratis.thirdparty.io.netty.channel.nio.NioEventLoop.processSelectedKey(NioEventLoop.java:632)
	at org.apache.ratis.thirdparty.io.netty.channel.nio.NioEventLoop.processSelectedKeysOptimized(NioEventLoop.java:579)
	at org.apache.ratis.thirdparty.io.netty.channel.nio.NioEventLoop.processSelectedKeys(NioEventLoop.java:496)
	at org.apache.ratis.thirdparty.io.netty.channel.nio.NioEventLoop.run(NioEventLoop.java:458)
	at org.apache.ratis.thirdparty.io.netty.util.concurrent.SingleThreadEventExecutor$5.run(SingleThreadEventExecutor.java:897)
	at org.apache.ratis.thirdparty.io.netty.util.concurrent.FastThreadLocalRunnable.run(FastThreadLocalRunnable.java:30)
	... 1 more
Caused by: java.net.ConnectException: Connection refused
	... 11 more
2019-08-24 06:44:37,150 [grpc-default-executor-10] INFO  impl.RaftServerImpl (ServerState.java:setLeader(263)) - 25c68470-958e-4591-9cf0-a41ec1fd78b1:group-9921F2B055CA change Leader from bd993a40-bff9-4658-863b-6abb9ef357ab to null at term 2 for updateCurrentTerm
2019-08-24 06:44:37,151 [grpc-default-executor-10] INFO  impl.RaftServerImpl (RaftServerImpl.java:setRole(171)) - 25c68470-958e-4591-9cf0-a41ec1fd78b1:group-9921F2B055CA changes role from FOLLOWER to FOLLOWER at term 2 for recognizeCandidate:346f50d4-4cfb-4a4d-b68d-ac9cdc7f84a1
2019-08-24 06:44:37,151 [grpc-default-executor-10] INFO  impl.RoleInfo (RoleInfo.java:shutdownFollowerState(121)) - 25c68470-958e-4591-9cf0-a41ec1fd78b1: shutdown FollowerState
2019-08-24 06:44:37,151 [grpc-default-executor-10] INFO  impl.RoleInfo (RoleInfo.java:updateAndGet(143)) - 25c68470-958e-4591-9cf0-a41ec1fd78b1: start FollowerState
2019-08-24 06:44:37,151 [Thread-3633] INFO  impl.FollowerState (FollowerState.java:run(114)) - 25c68470-958e-4591-9cf0-a41ec1fd78b1: FollowerState was interrupted: java.lang.InterruptedException: sleep interrupted
2019-08-24 06:44:37,162 | INFO  | SCMAudit | user=jenkins1000 | ip=192.168.34.51 | op=SEND_HEARTBEAT {datanodeUUID=25c68470-958e-4591-9cf0-a41ec1fd78b1, command=[]} | ret=SUCCESS |  
2019-08-24 06:44:37,162 | INFO  | SCMAudit | user=jenkins1000 | ip=192.168.34.51 | op=SEND_HEARTBEAT {datanodeUUID=346f50d4-4cfb-4a4d-b68d-ac9cdc7f84a1, command=[]} | ret=SUCCESS |  
2019-08-24 06:44:37,168 [346f50d4-4cfb-4a4d-b68d-ac9cdc7f84a1:group-9921F2B055CA:LeaderElection78] INFO  impl.LeaderElection (LeaderElection.java:logAndReturn(56)) - 346f50d4-4cfb-4a4d-b68d-ac9cdc7f84a1:group-9921F2B055CA:LeaderElection78: Election PASSED; received 1 response(s) [346f50d4-4cfb-4a4d-b68d-ac9cdc7f84a1<-25c68470-958e-4591-9cf0-a41ec1fd78b1#0:OK-t2] and 1 exception(s); 346f50d4-4cfb-4a4d-b68d-ac9cdc7f84a1:t2, leader=null, voted=346f50d4-4cfb-4a4d-b68d-ac9cdc7f84a1, raftlog=346f50d4-4cfb-4a4d-b68d-ac9cdc7f84a1-SegmentedRaftLog:OPENED:c14,f14,i14, conf=0: [bd993a40-bff9-4658-863b-6abb9ef357ab:192.168.34.51:42667, 346f50d4-4cfb-4a4d-b68d-ac9cdc7f84a1:192.168.34.51:34448, 25c68470-958e-4591-9cf0-a41ec1fd78b1:192.168.34.51:43156], old=null
2019-08-24 06:44:37,168 [346f50d4-4cfb-4a4d-b68d-ac9cdc7f84a1:group-9921F2B055CA:LeaderElection78] INFO  impl.LeaderElection (LogUtils.java:infoOrTrace(149)) -   Exception 0: {}
java.util.concurrent.ExecutionException: org.apache.ratis.thirdparty.io.grpc.StatusRuntimeException: UNAVAILABLE: io exception
	at java.util.concurrent.FutureTask.report(FutureTask.java:122)
	at java.util.concurrent.FutureTask.get(FutureTask.java:192)
	at org.apache.ratis.server.impl.LeaderElection.waitForResults(LeaderElection.java:262)
	at org.apache.ratis.server.impl.LeaderElection.askForVotes(LeaderElection.java:200)
	at org.apache.ratis.server.impl.LeaderElection.run(LeaderElection.java:130)
	at java.lang.Thread.run(Thread.java:748)
Caused by: org.apache.ratis.thirdparty.io.grpc.StatusRuntimeException: UNAVAILABLE: io exception
	at org.apache.ratis.thirdparty.io.grpc.stub.ClientCalls.toStatusRuntimeException(ClientCalls.java:233)
	at org.apache.ratis.thirdparty.io.grpc.stub.ClientCalls.getUnchecked(ClientCalls.java:214)
	at org.apache.ratis.thirdparty.io.grpc.stub.ClientCalls.blockingUnaryCall(ClientCalls.java:139)
	at org.apache.ratis.proto.grpc.RaftServerProtocolServiceGrpc$RaftServerProtocolServiceBlockingStub.requestVote(RaftServerProtocolServiceGrpc.java:265)
	at org.apache.ratis.grpc.server.GrpcServerProtocolClient.requestVote(GrpcServerProtocolClient.java:83)
	at org.apache.ratis.grpc.server.GrpcService.requestVote(GrpcService.java:195)
	at org.apache.ratis.server.impl.LeaderElection.lambda$submitRequests$1(LeaderElection.java:237)
	at java.util.concurrent.FutureTask.run(FutureTask.java:266)
	at java.util.concurrent.Executors$RunnableAdapter.call(Executors.java:511)
	at java.util.concurrent.FutureTask.run(FutureTask.java:266)
	at java.util.concurrent.ThreadPoolExecutor.runWorker(ThreadPoolExecutor.java:1149)
	at java.util.concurrent.ThreadPoolExecutor$Worker.run(ThreadPoolExecutor.java:624)
	... 1 more
Caused by: org.apache.ratis.thirdparty.io.netty.channel.AbstractChannel$AnnotatedConnectException: Connection refused: /192.168.34.51:42667
	at sun.nio.ch.SocketChannelImpl.checkConnect(Native Method)
	at sun.nio.ch.SocketChannelImpl.finishConnect(SocketChannelImpl.java:717)
	at org.apache.ratis.thirdparty.io.netty.channel.socket.nio.NioSocketChannel.doFinishConnect(NioSocketChannel.java:327)
	at org.apache.ratis.thirdparty.io.netty.channel.nio.AbstractNioChannel$AbstractNioUnsafe.finishConnect(AbstractNioChannel.java:340)
	at org.apache.ratis.thirdparty.io.netty.channel.nio.NioEventLoop.processSelectedKey(NioEventLoop.java:632)
	at org.apache.ratis.thirdparty.io.netty.channel.nio.NioEventLoop.processSelectedKeysOptimized(NioEventLoop.java:579)
	at org.apache.ratis.thirdparty.io.netty.channel.nio.NioEventLoop.processSelectedKeys(NioEventLoop.java:496)
	at org.apache.ratis.thirdparty.io.netty.channel.nio.NioEventLoop.run(NioEventLoop.java:458)
	at org.apache.ratis.thirdparty.io.netty.util.concurrent.SingleThreadEventExecutor$5.run(SingleThreadEventExecutor.java:897)
	at org.apache.ratis.thirdparty.io.netty.util.concurrent.FastThreadLocalRunnable.run(FastThreadLocalRunnable.java:30)
	... 1 more
Caused by: java.net.ConnectException: Connection refused
	... 11 more
2019-08-24 06:44:37,168 [346f50d4-4cfb-4a4d-b68d-ac9cdc7f84a1:group-9921F2B055CA:LeaderElection78] INFO  impl.RoleInfo (RoleInfo.java:shutdownLeaderElection(134)) - 346f50d4-4cfb-4a4d-b68d-ac9cdc7f84a1: shutdown LeaderElection
2019-08-24 06:44:37,168 [346f50d4-4cfb-4a4d-b68d-ac9cdc7f84a1:group-9921F2B055CA:LeaderElection78] INFO  impl.RaftServerImpl (RaftServerImpl.java:setRole(171)) - 346f50d4-4cfb-4a4d-b68d-ac9cdc7f84a1:group-9921F2B055CA changes role from CANDIDATE to LEADER at term 2 for changeToLeader
2019-08-24 06:44:37,169 [346f50d4-4cfb-4a4d-b68d-ac9cdc7f84a1:group-9921F2B055CA:LeaderElection78] INFO  impl.RaftServerImpl (ServerState.java:setLeader(263)) - 346f50d4-4cfb-4a4d-b68d-ac9cdc7f84a1:group-9921F2B055CA change Leader from null to 346f50d4-4cfb-4a4d-b68d-ac9cdc7f84a1 at term 2 for becomeLeader, leader elected after 37ms
2019-08-24 06:44:37,169 [346f50d4-4cfb-4a4d-b68d-ac9cdc7f84a1:group-9921F2B055CA:LeaderElection78] INFO  server.RaftServerConfigKeys (ConfUtils.java:logGet(43)) - raft.server.staging.catchup.gap = 1000 (default)
2019-08-24 06:44:37,169 [346f50d4-4cfb-4a4d-b68d-ac9cdc7f84a1:group-9921F2B055CA:LeaderElection78] INFO  server.RaftServerConfigKeys (ConfUtils.java:logGet(43)) - raft.server.rpc.sleep.time = 25ms (default)
2019-08-24 06:44:37,169 [346f50d4-4cfb-4a4d-b68d-ac9cdc7f84a1:group-9921F2B055CA:LeaderElection78] INFO  server.RaftServerConfigKeys (ConfUtils.java:logGet(43)) - raft.server.write.element-limit = 4096 (default)
2019-08-24 06:44:37,169 [346f50d4-4cfb-4a4d-b68d-ac9cdc7f84a1:group-9921F2B055CA:LeaderElection78] INFO  server.RaftServerConfigKeys (ConfUtils.java:logGet(43)) - raft.server.watch.timeout = 10s (default)
2019-08-24 06:44:37,169 [346f50d4-4cfb-4a4d-b68d-ac9cdc7f84a1:group-9921F2B055CA:LeaderElection78] INFO  server.RaftServerConfigKeys (ConfUtils.java:logGet(43)) - raft.server.watch.timeout.denomination = 1s (default)
2019-08-24 06:44:37,170 [346f50d4-4cfb-4a4d-b68d-ac9cdc7f84a1:group-9921F2B055CA:LeaderElection78] INFO  server.RaftServerConfigKeys (ConfUtils.java:logGet(43)) - raft.server.watch.element-limit = 65536 (default)
2019-08-24 06:44:37,170 [346f50d4-4cfb-4a4d-b68d-ac9cdc7f84a1:group-9921F2B055CA:LeaderElection78] INFO  server.RaftServerConfigKeys (ConfUtils.java:logGet(43)) - raft.server.log.appender.snapshot.chunk.size.max = 16MB (=16777216) (default)
2019-08-24 06:44:37,170 [346f50d4-4cfb-4a4d-b68d-ac9cdc7f84a1:group-9921F2B055CA:LeaderElection78] INFO  server.RaftServerConfigKeys (ConfUtils.java:logGet(43)) - raft.server.log.appender.buffer.byte-limit = 33554432 (custom)
2019-08-24 06:44:37,170 [346f50d4-4cfb-4a4d-b68d-ac9cdc7f84a1:group-9921F2B055CA:LeaderElection78] INFO  server.RaftServerConfigKeys (ConfUtils.java:logGet(43)) - raft.server.log.appender.buffer.element-limit = 1 (custom)
2019-08-24 06:44:37,171 [346f50d4-4cfb-4a4d-b68d-ac9cdc7f84a1:group-9921F2B055CA:LeaderElection78] INFO  grpc.GrpcConfigKeys$Server (ConfUtils.java:logGet(43)) - raft.grpc.server.leader.outstanding.appends.max = 128 (default)
2019-08-24 06:44:37,171 [346f50d4-4cfb-4a4d-b68d-ac9cdc7f84a1:group-9921F2B055CA:LeaderElection78] INFO  server.RaftServerConfigKeys (ConfUtils.java:logGet(43)) - raft.server.rpc.request.timeout = 3000ms (default)
2019-08-24 06:44:37,171 [346f50d4-4cfb-4a4d-b68d-ac9cdc7f84a1:group-9921F2B055CA:LeaderElection78] INFO  server.RaftServerConfigKeys (ConfUtils.java:logGet(43)) - raft.server.log.appender.install.snapshot.enabled = false (custom)
2019-08-24 06:44:37,171 [346f50d4-4cfb-4a4d-b68d-ac9cdc7f84a1:group-9921F2B055CA:LeaderElection78] INFO  server.RaftServerConfigKeys (ConfUtils.java:logGet(43)) - raft.server.log.appender.snapshot.chunk.size.max = 16MB (=16777216) (default)
2019-08-24 06:44:37,172 [346f50d4-4cfb-4a4d-b68d-ac9cdc7f84a1:group-9921F2B055CA:LeaderElection78] INFO  server.RaftServerConfigKeys (ConfUtils.java:logGet(43)) - raft.server.log.appender.buffer.byte-limit = 33554432 (custom)
2019-08-24 06:44:37,172 [346f50d4-4cfb-4a4d-b68d-ac9cdc7f84a1:group-9921F2B055CA:LeaderElection78] INFO  server.RaftServerConfigKeys (ConfUtils.java:logGet(43)) - raft.server.log.appender.buffer.element-limit = 1 (custom)
2019-08-24 06:44:37,172 [346f50d4-4cfb-4a4d-b68d-ac9cdc7f84a1:group-9921F2B055CA:LeaderElection78] INFO  grpc.GrpcConfigKeys$Server (ConfUtils.java:logGet(43)) - raft.grpc.server.leader.outstanding.appends.max = 128 (default)
2019-08-24 06:44:37,172 [346f50d4-4cfb-4a4d-b68d-ac9cdc7f84a1:group-9921F2B055CA:LeaderElection78] INFO  server.RaftServerConfigKeys (ConfUtils.java:logGet(43)) - raft.server.rpc.request.timeout = 3000ms (default)
2019-08-24 06:44:37,172 [346f50d4-4cfb-4a4d-b68d-ac9cdc7f84a1:group-9921F2B055CA:LeaderElection78] INFO  server.RaftServerConfigKeys (ConfUtils.java:logGet(43)) - raft.server.log.appender.install.snapshot.enabled = false (custom)
2019-08-24 06:44:37,173 [346f50d4-4cfb-4a4d-b68d-ac9cdc7f84a1:group-9921F2B055CA:LeaderElection78] INFO  impl.RoleInfo (RoleInfo.java:updateAndGet(143)) - 346f50d4-4cfb-4a4d-b68d-ac9cdc7f84a1: start LeaderState
2019-08-24 06:44:37,173 [346f50d4-4cfb-4a4d-b68d-ac9cdc7f84a1:group-9921F2B055CA:LeaderElection78] INFO  segmented.SegmentedRaftLogWorker (SegmentedRaftLogWorker.java:rollLogSegment(385)) - 346f50d4-4cfb-4a4d-b68d-ac9cdc7f84a1-SegmentedRaftLogWorker:Storage Directory /workdir/hadoop-ozone/integration-test/target/test-dir/MiniOzoneClusterImpl-a8998418-e7b8-46c6-9f95-b9b709c41866/datanode-3/data/ratis/716b5242-7111-4fec-baf3-9921f2b055ca: Rolling segment log-0_14 to index:14
2019-08-24 06:44:37,174 [346f50d4-4cfb-4a4d-b68d-ac9cdc7f84a1-SegmentedRaftLogWorker:Storage Directory /workdir/hadoop-ozone/integration-test/target/test-dir/MiniOzoneClusterImpl-a8998418-e7b8-46c6-9f95-b9b709c41866/datanode-3/data/ratis/716b5242-7111-4fec-baf3-9921f2b055ca] INFO  segmented.SegmentedRaftLogWorker (SegmentedRaftLogWorker.java:execute(526)) - 346f50d4-4cfb-4a4d-b68d-ac9cdc7f84a1-SegmentedRaftLogWorker:Storage Directory /workdir/hadoop-ozone/integration-test/target/test-dir/MiniOzoneClusterImpl-a8998418-e7b8-46c6-9f95-b9b709c41866/datanode-3/data/ratis/716b5242-7111-4fec-baf3-9921f2b055ca: Rolled log segment from /workdir/hadoop-ozone/integration-test/target/test-dir/MiniOzoneClusterImpl-a8998418-e7b8-46c6-9f95-b9b709c41866/datanode-3/data/ratis/716b5242-7111-4fec-baf3-9921f2b055ca/current/log_inprogress_0 to /workdir/hadoop-ozone/integration-test/target/test-dir/MiniOzoneClusterImpl-a8998418-e7b8-46c6-9f95-b9b709c41866/datanode-3/data/ratis/716b5242-7111-4fec-baf3-9921f2b055ca/current/log_0-14
2019-08-24 06:44:37,174 [346f50d4-4cfb-4a4d-b68d-ac9cdc7f84a1:group-9921F2B055CA:LeaderElection78] INFO  impl.RaftServerImpl (ServerState.java:setRaftConf(361)) - 346f50d4-4cfb-4a4d-b68d-ac9cdc7f84a1:group-9921F2B055CA set configuration 15: [bd993a40-bff9-4658-863b-6abb9ef357ab:192.168.34.51:42667, 346f50d4-4cfb-4a4d-b68d-ac9cdc7f84a1:192.168.34.51:34448, 25c68470-958e-4591-9cf0-a41ec1fd78b1:192.168.34.51:43156], old=null at 15
2019-08-24 06:44:37,175 [grpc-default-executor-10] WARN  server.GrpcLogAppender (LogUtils.java:warn(134)) - 346f50d4-4cfb-4a4d-b68d-ac9cdc7f84a1->bd993a40-bff9-4658-863b-6abb9ef357ab: Failed appendEntries: org.apache.ratis.thirdparty.io.grpc.StatusRuntimeException: UNAVAILABLE: io exception
2019-08-24 06:44:37,175 [grpc-default-executor-10] INFO  impl.FollowerInfo (FollowerInfo.java:lambda$new$0(50)) - 346f50d4-4cfb-4a4d-b68d-ac9cdc7f84a1->bd993a40-bff9-4658-863b-6abb9ef357ab: nextIndex: updateUnconditionally 15 -> 1
2019-08-24 06:44:37,176 [grpc-default-executor-10] INFO  impl.RaftServerImpl (ServerState.java:setLeader(263)) - 25c68470-958e-4591-9cf0-a41ec1fd78b1:group-9921F2B055CA change Leader from null to 346f50d4-4cfb-4a4d-b68d-ac9cdc7f84a1 at term 2 for appendEntries, leader elected after 25ms
2019-08-24 06:44:37,178 [grpc-default-executor-10] INFO  impl.RaftServerImpl (ServerState.java:setRaftConf(361)) - 25c68470-958e-4591-9cf0-a41ec1fd78b1:group-9921F2B055CA set configuration 15: [bd993a40-bff9-4658-863b-6abb9ef357ab:192.168.34.51:42667, 346f50d4-4cfb-4a4d-b68d-ac9cdc7f84a1:192.168.34.51:34448, 25c68470-958e-4591-9cf0-a41ec1fd78b1:192.168.34.51:43156], old=null at 15
2019-08-24 06:44:37,179 [grpc-default-executor-10] INFO  segmented.SegmentedRaftLogWorker (SegmentedRaftLogWorker.java:rollLogSegment(385)) - 25c68470-958e-4591-9cf0-a41ec1fd78b1-SegmentedRaftLogWorker:Storage Directory /workdir/hadoop-ozone/integration-test/target/test-dir/MiniOzoneClusterImpl-a8998418-e7b8-46c6-9f95-b9b709c41866/datanode-4/data/ratis/716b5242-7111-4fec-baf3-9921f2b055ca: Rolling segment log-0_14 to index:14
2019-08-24 06:44:37,179 [25c68470-958e-4591-9cf0-a41ec1fd78b1-SegmentedRaftLogWorker:Storage Directory /workdir/hadoop-ozone/integration-test/target/test-dir/MiniOzoneClusterImpl-a8998418-e7b8-46c6-9f95-b9b709c41866/datanode-4/data/ratis/716b5242-7111-4fec-baf3-9921f2b055ca] INFO  segmented.SegmentedRaftLogWorker (SegmentedRaftLogWorker.java:execute(526)) - 25c68470-958e-4591-9cf0-a41ec1fd78b1-SegmentedRaftLogWorker:Storage Directory /workdir/hadoop-ozone/integration-test/target/test-dir/MiniOzoneClusterImpl-a8998418-e7b8-46c6-9f95-b9b709c41866/datanode-4/data/ratis/716b5242-7111-4fec-baf3-9921f2b055ca: Rolled log segment from /workdir/hadoop-ozone/integration-test/target/test-dir/MiniOzoneClusterImpl-a8998418-e7b8-46c6-9f95-b9b709c41866/datanode-4/data/ratis/716b5242-7111-4fec-baf3-9921f2b055ca/current/log_inprogress_0 to /workdir/hadoop-ozone/integration-test/target/test-dir/MiniOzoneClusterImpl-a8998418-e7b8-46c6-9f95-b9b709c41866/datanode-4/data/ratis/716b5242-7111-4fec-baf3-9921f2b055ca/current/log_0-14
2019-08-24 06:44:37,228 [25c68470-958e-4591-9cf0-a41ec1fd78b1-SegmentedRaftLogWorker:Storage Directory /workdir/hadoop-ozone/integration-test/target/test-dir/MiniOzoneClusterImpl-a8998418-e7b8-46c6-9f95-b9b709c41866/datanode-4/data/ratis/716b5242-7111-4fec-baf3-9921f2b055ca] INFO  segmented.SegmentedRaftLogWorker (SegmentedRaftLogWorker.java:execute(569)) - 25c68470-958e-4591-9cf0-a41ec1fd78b1-SegmentedRaftLogWorker:Storage Directory /workdir/hadoop-ozone/integration-test/target/test-dir/MiniOzoneClusterImpl-a8998418-e7b8-46c6-9f95-b9b709c41866/datanode-4/data/ratis/716b5242-7111-4fec-baf3-9921f2b055ca: created new log segment /workdir/hadoop-ozone/integration-test/target/test-dir/MiniOzoneClusterImpl-a8998418-e7b8-46c6-9f95-b9b709c41866/datanode-4/data/ratis/716b5242-7111-4fec-baf3-9921f2b055ca/current/log_inprogress_15
2019-08-24 06:44:37,228 [346f50d4-4cfb-4a4d-b68d-ac9cdc7f84a1-SegmentedRaftLogWorker:Storage Directory /workdir/hadoop-ozone/integration-test/target/test-dir/MiniOzoneClusterImpl-a8998418-e7b8-46c6-9f95-b9b709c41866/datanode-3/data/ratis/716b5242-7111-4fec-baf3-9921f2b055ca] INFO  segmented.SegmentedRaftLogWorker (SegmentedRaftLogWorker.java:execute(569)) - 346f50d4-4cfb-4a4d-b68d-ac9cdc7f84a1-SegmentedRaftLogWorker:Storage Directory /workdir/hadoop-ozone/integration-test/target/test-dir/MiniOzoneClusterImpl-a8998418-e7b8-46c6-9f95-b9b709c41866/datanode-3/data/ratis/716b5242-7111-4fec-baf3-9921f2b055ca: created new log segment /workdir/hadoop-ozone/integration-test/target/test-dir/MiniOzoneClusterImpl-a8998418-e7b8-46c6-9f95-b9b709c41866/datanode-3/data/ratis/716b5242-7111-4fec-baf3-9921f2b055ca/current/log_inprogress_15
2019-08-24 06:44:37,253 | INFO  | DNAudit | user=null | ip=null | op=READ_CHUNK {blockData=conID: 1 locID: 102670601937944590 bcsId: 0} | ret=SUCCESS |  
2019-08-24 06:44:37,257 [grpc-default-executor-8] WARN  server.GrpcLogAppender (LogUtils.java:warn(134)) - 346f50d4-4cfb-4a4d-b68d-ac9cdc7f84a1->bd993a40-bff9-4658-863b-6abb9ef357ab: Failed appendEntries: org.apache.ratis.thirdparty.io.grpc.StatusRuntimeException: UNAVAILABLE: io exception
2019-08-24 06:44:37,259 [grpc-default-executor-8] INFO  impl.FollowerInfo (FollowerInfo.java:lambda$new$0(50)) - 346f50d4-4cfb-4a4d-b68d-ac9cdc7f84a1->bd993a40-bff9-4658-863b-6abb9ef357ab: nextIndex: updateUnconditionally 2 -> 1
2019-08-24 06:44:37,261 [grpc-default-executor-10] WARN  server.GrpcLogAppender (LogUtils.java:warn(134)) - 346f50d4-4cfb-4a4d-b68d-ac9cdc7f84a1->bd993a40-bff9-4658-863b-6abb9ef357ab: Failed appendEntries: org.apache.ratis.thirdparty.io.grpc.StatusRuntimeException: UNAVAILABLE: io exception
2019-08-24 06:44:37,262 [grpc-default-executor-10] INFO  impl.FollowerInfo (FollowerInfo.java:lambda$new$0(50)) - 346f50d4-4cfb-4a4d-b68d-ac9cdc7f84a1->bd993a40-bff9-4658-863b-6abb9ef357ab: nextIndex: updateUnconditionally 2 -> 1
2019-08-24 06:44:37,296 | INFO  | SCMAudit | user=jenkins1000 | ip=192.168.34.51 | op=SEND_HEARTBEAT {datanodeUUID=fd008af0-4f48-4b99-a0e7-19298396ae47, command=[]} | ret=SUCCESS |  
2019-08-24 06:44:37,607 | ERROR | DNAudit | user=null | ip=null | op=WRITE_CHUNK {blockData=conID: 1 locID: 102670601937944590 bcsId: 12} | ret=FAILURE | org.apache.hadoop.hdds.scm.container.common.helpers.ContainerNotOpenException: Container 1 in CLOSING state
	at org.apache.hadoop.ozone.container.common.impl.HddsDispatcher.validateContainerCommand(HddsDispatcher.java:408)
	at org.apache.hadoop.ozone.container.common.transport.server.ratis.ContainerStateMachine.startTransaction(ContainerStateMachine.java:310) 
2019-08-24 06:44:37,615 [grpc-default-executor-10] INFO  client.GrpcClientProtocolClient (GrpcClientProtocolClient.java:onNext(255)) - client-758269D276C7->346f50d4-4cfb-4a4d-b68d-ac9cdc7f84a1: receive RaftClientReply:client-758269D276C7->346f50d4-4cfb-4a4d-b68d-ac9cdc7f84a1@group-9921F2B055CA, cid=193, FAILED org.apache.ratis.protocol.StateMachineException: org.apache.hadoop.hdds.scm.container.common.helpers.ContainerNotOpenException from Server 346f50d4-4cfb-4a4d-b68d-ac9cdc7f84a1: Container 1 in CLOSING state, logIndex=0, commits[346f50d4-4cfb-4a4d-b68d-ac9cdc7f84a1:c16, bd993a40-bff9-4658-863b-6abb9ef357ab:c14, 25c68470-958e-4591-9cf0-a41ec1fd78b1:c15]
2019-08-24 06:44:37,616 | ERROR | DNAudit | user=null | ip=null | op=WRITE_CHUNK {blockData=conID: 1 locID: 102670601937944590 bcsId: 12} | ret=FAILURE | org.apache.hadoop.hdds.scm.container.common.helpers.ContainerNotOpenException: Container 1 in CLOSING state
	at org.apache.hadoop.ozone.container.common.impl.HddsDispatcher.validateContainerCommand(HddsDispatcher.java:408)
	at org.apache.hadoop.ozone.container.common.transport.server.ratis.ContainerStateMachine.startTransaction(ContainerStateMachine.java:310) 
2019-08-24 06:44:37,621 | ERROR | DNAudit | user=null | ip=null | op=PUT_BLOCK {blockData=[blockId=conID: 1 locID: 102670601937944590 bcsId: 0,size=650]} | ret=FAILURE | org.apache.hadoop.hdds.scm.container.common.helpers.ContainerNotOpenException: Container 1 in CLOSING state
	at org.apache.hadoop.ozone.container.common.impl.HddsDispatcher.validateContainerCommand(HddsDispatcher.java:408)
	at org.apache.hadoop.ozone.container.common.transport.server.ratis.ContainerStateMachine.startTransaction(ContainerStateMachine.java:310) 
2019-08-24 06:44:37,623 [grpc-default-executor-10] INFO  client.GrpcClientProtocolClient (GrpcClientProtocolClient.java:onNext(255)) - client-758269D276C7->346f50d4-4cfb-4a4d-b68d-ac9cdc7f84a1: receive RaftClientReply:client-758269D276C7->346f50d4-4cfb-4a4d-b68d-ac9cdc7f84a1@group-9921F2B055CA, cid=194, FAILED org.apache.ratis.protocol.StateMachineException: org.apache.hadoop.hdds.scm.container.common.helpers.ContainerNotOpenException from Server 346f50d4-4cfb-4a4d-b68d-ac9cdc7f84a1: Container 1 in CLOSING state, logIndex=0, commits[346f50d4-4cfb-4a4d-b68d-ac9cdc7f84a1:c16, bd993a40-bff9-4658-863b-6abb9ef357ab:c14, 25c68470-958e-4591-9cf0-a41ec1fd78b1:c15]
2019-08-24 06:44:37,624 | ERROR | DNAudit | user=null | ip=null | op=WRITE_CHUNK {blockData=conID: 1 locID: 102670601937944590 bcsId: 12} | ret=FAILURE | org.apache.hadoop.hdds.scm.container.common.helpers.ContainerNotOpenException: Container 1 in CLOSING state
	at org.apache.hadoop.ozone.container.common.impl.HddsDispatcher.validateContainerCommand(HddsDispatcher.java:408)
	at org.apache.hadoop.ozone.container.common.transport.server.ratis.ContainerStateMachine.startTransaction(ContainerStateMachine.java:310) 
2019-08-24 06:44:37,627 [grpc-default-executor-10] INFO  client.GrpcClientProtocolClient (GrpcClientProtocolClient.java:onNext(255)) - client-758269D276C7->346f50d4-4cfb-4a4d-b68d-ac9cdc7f84a1: receive RaftClientReply:client-758269D276C7->346f50d4-4cfb-4a4d-b68d-ac9cdc7f84a1@group-9921F2B055CA, cid=195, FAILED org.apache.ratis.protocol.StateMachineException: org.apache.hadoop.hdds.scm.container.common.helpers.ContainerNotOpenException from Server 346f50d4-4cfb-4a4d-b68d-ac9cdc7f84a1: Container 1 in CLOSING state, logIndex=0, commits[346f50d4-4cfb-4a4d-b68d-ac9cdc7f84a1:c16, bd993a40-bff9-4658-863b-6abb9ef357ab:c14, 25c68470-958e-4591-9cf0-a41ec1fd78b1:c15]
2019-08-24 06:44:37,627 | ERROR | DNAudit | user=null | ip=null | op=WRITE_CHUNK {blockData=conID: 1 locID: 102670601937944590 bcsId: 12} | ret=FAILURE | org.apache.hadoop.hdds.scm.container.common.helpers.ContainerNotOpenException: Container 1 in CLOSING state
	at org.apache.hadoop.ozone.container.common.impl.HddsDispatcher.validateContainerCommand(HddsDispatcher.java:408)
	at org.apache.hadoop.ozone.container.common.transport.server.ratis.ContainerStateMachine.startTransaction(ContainerStateMachine.java:310) 
2019-08-24 06:44:37,630 [grpc-default-executor-10] INFO  client.GrpcClientProtocolClient (GrpcClientProtocolClient.java:onNext(255)) - client-758269D276C7->346f50d4-4cfb-4a4d-b68d-ac9cdc7f84a1: receive RaftClientReply:client-758269D276C7->346f50d4-4cfb-4a4d-b68d-ac9cdc7f84a1@group-9921F2B055CA, cid=196, FAILED org.apache.ratis.protocol.StateMachineException: org.apache.hadoop.hdds.scm.container.common.helpers.ContainerNotOpenException from Server 346f50d4-4cfb-4a4d-b68d-ac9cdc7f84a1: Container 1 in CLOSING state, logIndex=0, commits[346f50d4-4cfb-4a4d-b68d-ac9cdc7f84a1:c16, bd993a40-bff9-4658-863b-6abb9ef357ab:c14, 25c68470-958e-4591-9cf0-a41ec1fd78b1:c15]
2019-08-24 06:44:37,631 | ERROR | DNAudit | user=null | ip=null | op=PUT_BLOCK {blockData=[blockId=conID: 1 locID: 102670601937944590 bcsId: 0,size=800]} | ret=FAILURE | org.apache.hadoop.hdds.scm.container.common.helpers.ContainerNotOpenException: Container 1 in CLOSING state
	at org.apache.hadoop.ozone.container.common.impl.HddsDispatcher.validateContainerCommand(HddsDispatcher.java:408)
	at org.apache.hadoop.ozone.container.common.transport.server.ratis.ContainerStateMachine.startTransaction(ContainerStateMachine.java:310) 
2019-08-24 06:44:37,631 [grpc-default-executor-10] INFO  client.GrpcClientProtocolClient (GrpcClientProtocolClient.java:onNext(255)) - client-758269D276C7->346f50d4-4cfb-4a4d-b68d-ac9cdc7f84a1: receive RaftClientReply:client-758269D276C7->346f50d4-4cfb-4a4d-b68d-ac9cdc7f84a1@group-9921F2B055CA, cid=197, FAILED org.apache.ratis.protocol.StateMachineException: org.apache.hadoop.hdds.scm.container.common.helpers.ContainerNotOpenException from Server 346f50d4-4cfb-4a4d-b68d-ac9cdc7f84a1: Container 1 in CLOSING state, logIndex=0, commits[346f50d4-4cfb-4a4d-b68d-ac9cdc7f84a1:c16, bd993a40-bff9-4658-863b-6abb9ef357ab:c14, 25c68470-958e-4591-9cf0-a41ec1fd78b1:c15]
2019-08-24 06:44:37,635 [grpc-default-executor-10] INFO  client.GrpcClientProtocolClient (GrpcClientProtocolClient.java:onNext(255)) - client-758269D276C7->346f50d4-4cfb-4a4d-b68d-ac9cdc7f84a1: receive RaftClientReply:client-758269D276C7->346f50d4-4cfb-4a4d-b68d-ac9cdc7f84a1@group-9921F2B055CA, cid=198, FAILED org.apache.ratis.protocol.StateMachineException: org.apache.hadoop.hdds.scm.container.common.helpers.ContainerNotOpenException from Server 346f50d4-4cfb-4a4d-b68d-ac9cdc7f84a1: Container 1 in CLOSING state, logIndex=0, commits[346f50d4-4cfb-4a4d-b68d-ac9cdc7f84a1:c16, bd993a40-bff9-4658-863b-6abb9ef357ab:c14, 25c68470-958e-4591-9cf0-a41ec1fd78b1:c15]
2019-08-24 06:44:37,663 | INFO  | SCMAudit | user=jenkins1000 | ip=192.168.34.51 | op=ALLOCATE_BLOCK {owner=c8feab99-d46d-4d7b-a75e-e25194bfb8f9, size=800, type=RATIS, factor=THREE} | ret=SUCCESS |  
2019-08-24 06:44:37,665 | INFO  | OMAudit | user=jenkins1000 | ip=127.0.0.1 | op=ALLOCATE_BLOCK {volume=testblockoutputstream, bucket=testblockoutputstream, key=b23cbab3-3d53-4a6b-9331-981276432faa, dataSize=0, replicationType=null, replicationFactor=null, keyLocationInfo=null, clientID=102670601937747981} | ret=SUCCESS |  
2019-08-24 06:44:37,817 | INFO  | DNAudit | user=null | ip=null | op=WRITE_CHUNK {blockData=conID: 2 locID: 102670603233722383 bcsId: 0} | ret=SUCCESS |  
2019-08-24 06:44:37,817 | INFO  | DNAudit | user=null | ip=null | op=WRITE_CHUNK {blockData=conID: 2 locID: 102670603233722383 bcsId: 0} | ret=SUCCESS |  
2019-08-24 06:44:37,817 | INFO  | DNAudit | user=null | ip=null | op=WRITE_CHUNK {blockData=conID: 2 locID: 102670603233722383 bcsId: 0} | ret=SUCCESS |  
2019-08-24 06:44:37,818 | INFO  | SCMAudit | user=jenkins1000 | ip=192.168.34.51 | op=SEND_HEARTBEAT {datanodeUUID=cfa00991-4858-43cd-92ab-b86e3cf154fa, command=[]} | ret=SUCCESS |  
2019-08-24 06:44:37,818 | INFO  | SCMAudit | user=jenkins1000 | ip=192.168.34.51 | op=SEND_HEARTBEAT {datanodeUUID=fd008af0-4f48-4b99-a0e7-19298396ae47, command=[]} | ret=SUCCESS |  
2019-08-24 06:44:37,818 | INFO  | SCMAudit | user=jenkins1000 | ip=192.168.34.51 | op=SEND_HEARTBEAT {datanodeUUID=4ae5f13b-0709-4697-8c2d-45e48ce4c21a, command=[]} | ret=SUCCESS |  
2019-08-24 06:44:37,831 | INFO  | DNAudit | user=null | ip=null | op=WRITE_CHUNK {blockData=conID: 2 locID: 102670603233722383 bcsId: 0} | ret=SUCCESS |  
2019-08-24 06:44:37,835 [grpc-default-executor-10] INFO  client.GrpcClientProtocolClient (GrpcClientProtocolClient.java:onNext(255)) - client-3E354835A3EB->4ae5f13b-0709-4697-8c2d-45e48ce4c21a: receive RaftClientReply:client-3E354835A3EB->4ae5f13b-0709-4697-8c2d-45e48ce4c21a@group-C76E2D9A48E9, cid=199, SUCCESS, logIndex=1, commits[4ae5f13b-0709-4697-8c2d-45e48ce4c21a:c1, cfa00991-4858-43cd-92ab-b86e3cf154fa:c0, fd008af0-4f48-4b99-a0e7-19298396ae47:c0]
2019-08-24 06:44:37,841 | INFO  | DNAudit | user=null | ip=null | op=WRITE_CHUNK {blockData=conID: 2 locID: 102670603233722383 bcsId: 0} | ret=SUCCESS |  
2019-08-24 06:44:37,842 | INFO  | DNAudit | user=null | ip=null | op=WRITE_CHUNK {blockData=conID: 2 locID: 102670603233722383 bcsId: 0} | ret=SUCCESS |  
2019-08-24 06:44:37,842 | INFO  | DNAudit | user=null | ip=null | op=WRITE_CHUNK {blockData=conID: 2 locID: 102670603233722383 bcsId: 0} | ret=SUCCESS |  
2019-08-24 06:44:37,842 | INFO  | DNAudit | user=null | ip=null | op=WRITE_CHUNK {blockData=conID: 2 locID: 102670603233722383 bcsId: 0} | ret=SUCCESS |  
2019-08-24 06:44:37,843 | INFO  | DNAudit | user=null | ip=null | op=WRITE_CHUNK {blockData=conID: 2 locID: 102670603233722383 bcsId: 0} | ret=SUCCESS |  
2019-08-24 06:44:37,843 | INFO  | DNAudit | user=null | ip=null | op=WRITE_CHUNK {blockData=conID: 2 locID: 102670603233722383 bcsId: 0} | ret=SUCCESS |  
2019-08-24 06:44:37,843 | INFO  | SCMAudit | user=jenkins1000 | ip=192.168.34.51 | op=SEND_HEARTBEAT {datanodeUUID=5e7adc50-b544-477d-9a22-450e06c720cc, command=[]} | ret=SUCCESS |  
2019-08-24 06:44:37,843 | INFO  | DNAudit | user=null | ip=null | op=WRITE_CHUNK {blockData=conID: 2 locID: 102670603233722383 bcsId: 0} | ret=SUCCESS |  
2019-08-24 06:44:37,843 | INFO  | DNAudit | user=null | ip=null | op=WRITE_CHUNK {blockData=conID: 2 locID: 102670603233722383 bcsId: 0} | ret=SUCCESS |  
2019-08-24 06:44:37,844 | INFO  | DNAudit | user=null | ip=null | op=WRITE_CHUNK {blockData=conID: 2 locID: 102670603233722383 bcsId: 0} | ret=SUCCESS |  
2019-08-24 06:44:37,845 | INFO  | DNAudit | user=null | ip=null | op=WRITE_CHUNK {blockData=conID: 2 locID: 102670603233722383 bcsId: 0} | ret=SUCCESS |  
2019-08-24 06:44:37,845 | INFO  | DNAudit | user=null | ip=null | op=WRITE_CHUNK {blockData=conID: 2 locID: 102670603233722383 bcsId: 0} | ret=SUCCESS |  
2019-08-24 06:44:37,856 | INFO  | DNAudit | user=null | ip=null | op=WRITE_CHUNK {blockData=conID: 2 locID: 102670603233722383 bcsId: 0} | ret=SUCCESS |  
2019-08-24 06:44:37,861 [grpc-default-executor-8] INFO  client.GrpcClientProtocolClient (GrpcClientProtocolClient.java:onNext(255)) - client-3E354835A3EB->4ae5f13b-0709-4697-8c2d-45e48ce4c21a: receive RaftClientReply:client-3E354835A3EB->4ae5f13b-0709-4697-8c2d-45e48ce4c21a@group-C76E2D9A48E9, cid=200, SUCCESS, logIndex=3, commits[4ae5f13b-0709-4697-8c2d-45e48ce4c21a:c4, cfa00991-4858-43cd-92ab-b86e3cf154fa:c1, fd008af0-4f48-4b99-a0e7-19298396ae47:c1]
2019-08-24 06:44:37,861 | INFO  | DNAudit | user=null | ip=null | op=WRITE_CHUNK {blockData=conID: 2 locID: 102670603233722383 bcsId: 0} | ret=SUCCESS |  
2019-08-24 06:44:37,873 | INFO  | DNAudit | user=null | ip=null | op=WRITE_CHUNK {blockData=conID: 2 locID: 102670603233722383 bcsId: 0} | ret=SUCCESS |  
2019-08-24 06:44:37,917 | INFO  | DNAudit | user=null | ip=null | op=PUT_BLOCK {blockData=[blockId=conID: 2 locID: 102670603233722383 bcsId: 0,size=200]} | ret=SUCCESS |  
2019-08-24 06:44:37,918 | INFO  | DNAudit | user=null | ip=null | op=WRITE_CHUNK {blockData=conID: 2 locID: 102670603233722383 bcsId: 0} | ret=SUCCESS |  
2019-08-24 06:44:37,918 [grpc-default-executor-8] INFO  client.GrpcClientProtocolClient (GrpcClientProtocolClient.java:onNext(255)) - client-3E354835A3EB->4ae5f13b-0709-4697-8c2d-45e48ce4c21a: receive RaftClientReply:client-3E354835A3EB->4ae5f13b-0709-4697-8c2d-45e48ce4c21a@group-C76E2D9A48E9, cid=201, SUCCESS, logIndex=4, commits[4ae5f13b-0709-4697-8c2d-45e48ce4c21a:c11, cfa00991-4858-43cd-92ab-b86e3cf154fa:c7, fd008af0-4f48-4b99-a0e7-19298396ae47:c7]
2019-08-24 06:44:37,919 | INFO  | DNAudit | user=null | ip=null | op=WRITE_CHUNK {blockData=conID: 2 locID: 102670603233722383 bcsId: 0} | ret=SUCCESS |  
2019-08-24 06:44:37,920 [grpc-default-executor-8] INFO  client.GrpcClientProtocolClient (GrpcClientProtocolClient.java:onNext(255)) - client-3E354835A3EB->4ae5f13b-0709-4697-8c2d-45e48ce4c21a: receive RaftClientReply:client-3E354835A3EB->4ae5f13b-0709-4697-8c2d-45e48ce4c21a@group-C76E2D9A48E9, cid=202, SUCCESS, logIndex=5, commits[4ae5f13b-0709-4697-8c2d-45e48ce4c21a:c11, cfa00991-4858-43cd-92ab-b86e3cf154fa:c7, fd008af0-4f48-4b99-a0e7-19298396ae47:c7]
2019-08-24 06:44:37,921 [grpc-default-executor-8] INFO  client.GrpcClientProtocolClient (GrpcClientProtocolClient.java:onNext(255)) - client-3E354835A3EB->4ae5f13b-0709-4697-8c2d-45e48ce4c21a: receive RaftClientReply:client-3E354835A3EB->4ae5f13b-0709-4697-8c2d-45e48ce4c21a@group-C76E2D9A48E9, cid=203, SUCCESS, logIndex=6, commits[4ae5f13b-0709-4697-8c2d-45e48ce4c21a:c11, cfa00991-4858-43cd-92ab-b86e3cf154fa:c7, fd008af0-4f48-4b99-a0e7-19298396ae47:c7]
2019-08-24 06:44:37,983 | INFO  | DNAudit | user=null | ip=null | op=PUT_BLOCK {blockData=[blockId=conID: 2 locID: 102670603233722383 bcsId: 0,size=200]} | ret=SUCCESS |  
2019-08-24 06:44:37,984 | INFO  | DNAudit | user=null | ip=null | op=WRITE_CHUNK {blockData=conID: 2 locID: 102670603233722383 bcsId: 0} | ret=SUCCESS |  
2019-08-24 06:44:37,984 | INFO  | DNAudit | user=null | ip=null | op=WRITE_CHUNK {blockData=conID: 2 locID: 102670603233722383 bcsId: 0} | ret=SUCCESS |  
2019-08-24 06:44:38,039 | INFO  | DNAudit | user=null | ip=null | op=PUT_BLOCK {blockData=[blockId=conID: 2 locID: 102670603233722383 bcsId: 0,size=400]} | ret=SUCCESS |  
2019-08-24 06:44:38,039 | INFO  | DNAudit | user=null | ip=null | op=PUT_BLOCK {blockData=[blockId=conID: 2 locID: 102670603233722383 bcsId: 0,size=400]} | ret=SUCCESS |  
2019-08-24 06:44:38,040 | INFO  | DNAudit | user=null | ip=null | op=PUT_BLOCK {blockData=[blockId=conID: 2 locID: 102670603233722383 bcsId: 0,size=200]} | ret=SUCCESS |  
2019-08-24 06:44:38,040 | INFO  | DNAudit | user=null | ip=null | op=WRITE_CHUNK {blockData=conID: 2 locID: 102670603233722383 bcsId: 0} | ret=SUCCESS |  
2019-08-24 06:44:38,041 | INFO  | DNAudit | user=null | ip=null | op=WRITE_CHUNK {blockData=conID: 2 locID: 102670603233722383 bcsId: 0} | ret=SUCCESS |  
2019-08-24 06:44:38,041 [grpc-default-executor-8] INFO  client.GrpcClientProtocolClient (GrpcClientProtocolClient.java:onNext(255)) - client-3E354835A3EB->4ae5f13b-0709-4697-8c2d-45e48ce4c21a: receive RaftClientReply:client-3E354835A3EB->4ae5f13b-0709-4697-8c2d-45e48ce4c21a@group-C76E2D9A48E9, cid=204, SUCCESS, logIndex=7, commits[4ae5f13b-0709-4697-8c2d-45e48ce4c21a:c11, cfa00991-4858-43cd-92ab-b86e3cf154fa:c7, fd008af0-4f48-4b99-a0e7-19298396ae47:c7]
2019-08-24 06:44:38,041 | INFO  | DNAudit | user=null | ip=null | op=PUT_BLOCK {blockData=[blockId=conID: 2 locID: 102670603233722383 bcsId: 0,size=400]} | ret=SUCCESS |  
2019-08-24 06:44:38,045 | INFO  | DNAudit | user=null | ip=null | op=WRITE_CHUNK {blockData=conID: 2 locID: 102670603233722383 bcsId: 7} | ret=SUCCESS |  
2019-08-24 06:44:38,047 | INFO  | DNAudit | user=null | ip=null | op=WRITE_CHUNK {blockData=conID: 2 locID: 102670603233722383 bcsId: 7} | ret=SUCCESS |  
2019-08-24 06:44:38,047 | INFO  | DNAudit | user=null | ip=null | op=WRITE_CHUNK {blockData=conID: 2 locID: 102670603233722383 bcsId: 7} | ret=SUCCESS |  
2019-08-24 06:44:38,059 | INFO  | DNAudit | user=null | ip=null | op=WRITE_CHUNK {blockData=conID: 2 locID: 102670603233722383 bcsId: 7} | ret=SUCCESS |  
2019-08-24 06:44:38,061 | INFO  | DNAudit | user=null | ip=null | op=PUT_BLOCK {blockData=[blockId=conID: 2 locID: 102670603233722383 bcsId: 0,size=450]} | ret=SUCCESS |  
2019-08-24 06:44:38,062 [grpc-default-executor-11] INFO  client.GrpcClientProtocolClient (GrpcClientProtocolClient.java:onNext(255)) - client-3E354835A3EB->4ae5f13b-0709-4697-8c2d-45e48ce4c21a: receive RaftClientReply:client-3E354835A3EB->4ae5f13b-0709-4697-8c2d-45e48ce4c21a@group-C76E2D9A48E9, cid=205, SUCCESS, logIndex=12, commits[4ae5f13b-0709-4697-8c2d-45e48ce4c21a:c13, cfa00991-4858-43cd-92ab-b86e3cf154fa:c11, fd008af0-4f48-4b99-a0e7-19298396ae47:c11]
2019-08-24 06:44:38,062 [grpc-default-executor-11] INFO  client.GrpcClientProtocolClient (GrpcClientProtocolClient.java:onNext(255)) - client-3E354835A3EB->4ae5f13b-0709-4697-8c2d-45e48ce4c21a: receive RaftClientReply:client-3E354835A3EB->4ae5f13b-0709-4697-8c2d-45e48ce4c21a@group-C76E2D9A48E9, cid=206, SUCCESS, logIndex=13, commits[4ae5f13b-0709-4697-8c2d-45e48ce4c21a:c13, cfa00991-4858-43cd-92ab-b86e3cf154fa:c11, fd008af0-4f48-4b99-a0e7-19298396ae47:c11]
2019-08-24 06:44:38,071 | INFO  | DNAudit | user=null | ip=null | op=WRITE_CHUNK {blockData=conID: 2 locID: 102670603233722383 bcsId: 7} | ret=SUCCESS |  
2019-08-24 06:44:38,072 | INFO  | DNAudit | user=null | ip=null | op=WRITE_CHUNK {blockData=conID: 2 locID: 102670603233722383 bcsId: 7} | ret=SUCCESS |  
2019-08-24 06:44:38,073 | INFO  | DNAudit | user=null | ip=null | op=PUT_BLOCK {blockData=[blockId=conID: 2 locID: 102670603233722383 bcsId: 0,size=450]} | ret=SUCCESS |  
2019-08-24 06:44:38,073 | INFO  | DNAudit | user=null | ip=null | op=PUT_BLOCK {blockData=[blockId=conID: 2 locID: 102670603233722383 bcsId: 0,size=450]} | ret=SUCCESS |  
2019-08-24 06:44:38,078 [grpc-default-executor-8] INFO  client.GrpcClientProtocolClient (GrpcClientProtocolClient.java:onNext(255)) - client-3E354835A3EB->4ae5f13b-0709-4697-8c2d-45e48ce4c21a: receive RaftClientReply:client-3E354835A3EB->4ae5f13b-0709-4697-8c2d-45e48ce4c21a@group-C76E2D9A48E9, cid=207, SUCCESS, logIndex=0, commits[4ae5f13b-0709-4697-8c2d-45e48ce4c21a:c14, cfa00991-4858-43cd-92ab-b86e3cf154fa:c13, fd008af0-4f48-4b99-a0e7-19298396ae47:c13]
2019-08-24 06:44:38,079 [main] INFO  ozone.MiniOzoneClusterImpl (MiniOzoneClusterImpl.java:shutdown(321)) - Shutting down the Mini Ozone Cluster
2019-08-24 06:44:38,080 | INFO  | SCMAudit | user=null | ip=null | op=GET_SCM_INFO null | ret=SUCCESS |  
2019-08-24 06:44:38,080 [main] INFO  ozone.MiniOzoneClusterImpl (MiniOzoneClusterImpl.java:stop(336)) - Stopping the Mini Ozone Cluster
2019-08-24 06:44:38,080 [main] INFO  ozone.MiniOzoneClusterImpl (MiniOzoneClusterImpl.java:stop(338)) - Stopping the OzoneManager
2019-08-24 06:44:38,080 [main] INFO  ipc.Server (Server.java:stop(3082)) - Stopping server on 44564
2019-08-24 06:44:38,098 [IPC Server listener on 44564] INFO  ipc.Server (Server.java:run(1185)) - Stopping IPC Server listener on 44564
2019-08-24 06:44:38,108 [IPC Server Responder] INFO  ipc.Server (Server.java:run(1319)) - Stopping IPC Server Responder
2019-08-24 06:44:38,100 [main] INFO  ratis.OzoneManagerDoubleBuffer (OzoneManagerDoubleBuffer.java:stop(248)) - Stopping OMDoubleBuffer flush thread
2019-08-24 06:44:38,111 [OMDoubleBufferFlushThread] INFO  ratis.OzoneManagerDoubleBuffer (OzoneManagerDoubleBuffer.java:flushTransactions(191)) - OMDoubleBuffer flush thread OMDoubleBufferFlushThread is interrupted and will exit. OMDoubleBufferFlushThread
2019-08-24 06:44:38,111 [main] INFO  utils.BackgroundService (BackgroundService.java:shutdown(148)) - Shutting down service KeyDeletingService
2019-08-24 06:44:38,113 [main] INFO  handler.ContextHandler (ContextHandler.java:doStop(910)) - Stopped o.e.j.w.WebAppContext@6812708d{/,null,UNAVAILABLE}{/ozoneManager}
2019-08-24 06:44:38,114 [main] INFO  server.AbstractConnector (AbstractConnector.java:doStop(318)) - Stopped ServerConnector@7a4c1a6c{HTTP/1.1,[http/1.1]}{0.0.0.0:0}
2019-08-24 06:44:38,114 [main] INFO  handler.ContextHandler (ContextHandler.java:doStop(910)) - Stopped o.e.j.s.ServletContextHandler@2bdf6c7c{/static,file:///workdir/hadoop-ozone/integration-test/target/test-classes/webapps/static,UNAVAILABLE}
2019-08-24 06:44:38,115 [main] INFO  handler.ContextHandler (ContextHandler.java:doStop(910)) - Stopped o.e.j.s.ServletContextHandler@52b2713a{/logs,file:///workdir/hadoop-ozone/integration-test/target/log,UNAVAILABLE}
2019-08-24 06:44:38,118 [main] INFO  ozone.MiniOzoneClusterImpl (MiniOzoneClusterImpl.java:stop(344)) - Shutting the HddsDatanodes
2019-08-24 06:44:38,118 [main] INFO  datanode.ObjectStoreHandler (ObjectStoreHandler.java:close(155)) - Closing ObjectStoreHandler.
2019-08-24 06:44:38,119 [ForkJoinPool.commonPool-worker-1] INFO  datanode.ObjectStoreHandler (ObjectStoreHandler.java:close(155)) - Closing ObjectStoreHandler.
2019-08-24 06:44:38,119 [main] INFO  ozone.HddsDatanodeService (HddsDatanodeService.java:stop(451)) - Stopped plug-in org.apache.hadoop.ozone.web.OzoneHddsDatanodeService@4474c514
2019-08-24 06:44:38,119 [ForkJoinPool.commonPool-worker-1] INFO  ozone.HddsDatanodeService (HddsDatanodeService.java:stop(451)) - Stopped plug-in org.apache.hadoop.ozone.web.OzoneHddsDatanodeService@293988dc
2019-08-24 06:44:38,161 [Datanode State Machine Thread - 0] INFO  statemachine.DatanodeStateMachine (DatanodeStateMachine.java:lambda$startDaemon$0(350)) - Ozone container server started.
2019-08-24 06:44:38,162 | INFO  | SCMAudit | user=jenkins1000 | ip=192.168.34.51 | op=SEND_HEARTBEAT {datanodeUUID=346f50d4-4cfb-4a4d-b68d-ac9cdc7f84a1, command=[]} | ret=SUCCESS |  
2019-08-24 06:44:38,817 [Datanode State Machine Thread - 0] INFO  statemachine.DatanodeStateMachine (DatanodeStateMachine.java:lambda$startDaemon$0(350)) - Ozone container server started.
2019-08-24 06:44:38,818 | INFO  | SCMAudit | user=jenkins1000 | ip=192.168.34.51 | op=SEND_HEARTBEAT {datanodeUUID=fd008af0-4f48-4b99-a0e7-19298396ae47, command=[]} | ret=SUCCESS |  
2019-08-24 06:44:38,818 | INFO  | SCMAudit | user=jenkins1000 | ip=192.168.34.51 | op=SEND_HEARTBEAT {datanodeUUID=4ae5f13b-0709-4697-8c2d-45e48ce4c21a, command=[]} | ret=SUCCESS |  
2019-08-24 06:44:38,843 | INFO  | SCMAudit | user=jenkins1000 | ip=192.168.34.51 | op=SEND_HEARTBEAT {datanodeUUID=5e7adc50-b544-477d-9a22-450e06c720cc, command=[]} | ret=SUCCESS |  
2019-08-24 06:44:39,163 | INFO  | SCMAudit | user=jenkins1000 | ip=192.168.34.51 | op=SEND_HEARTBEAT {datanodeUUID=346f50d4-4cfb-4a4d-b68d-ac9cdc7f84a1, command=[]} | ret=SUCCESS |  
2019-08-24 06:44:39,762 [grpc-default-executor-8] WARN  server.GrpcLogAppender (LogUtils.java:warn(134)) - 346f50d4-4cfb-4a4d-b68d-ac9cdc7f84a1->bd993a40-bff9-4658-863b-6abb9ef357ab: Failed appendEntries: org.apache.ratis.thirdparty.io.grpc.StatusRuntimeException: UNAVAILABLE: io exception
2019-08-24 06:44:39,763 [grpc-default-executor-8] INFO  impl.FollowerInfo (FollowerInfo.java:lambda$new$0(50)) - 346f50d4-4cfb-4a4d-b68d-ac9cdc7f84a1->bd993a40-bff9-4658-863b-6abb9ef357ab: nextIndex: updateUnconditionally 1 -> 0
2019-08-24 06:44:39,817 | INFO  | SCMAudit | user=jenkins1000 | ip=192.168.34.51 | op=SEND_HEARTBEAT {datanodeUUID=4ae5f13b-0709-4697-8c2d-45e48ce4c21a, command=[]} | ret=SUCCESS |  
2019-08-24 06:44:39,817 | INFO  | SCMAudit | user=jenkins1000 | ip=192.168.34.51 | op=SEND_HEARTBEAT {datanodeUUID=fd008af0-4f48-4b99-a0e7-19298396ae47, command=[]} | ret=SUCCESS |  
2019-08-24 06:44:39,844 | INFO  | SCMAudit | user=jenkins1000 | ip=192.168.34.51 | op=SEND_HEARTBEAT {datanodeUUID=5e7adc50-b544-477d-9a22-450e06c720cc, command=[]} | ret=SUCCESS |  
2019-08-24 06:44:40,163 | INFO  | SCMAudit | user=jenkins1000 | ip=192.168.34.51 | op=SEND_HEARTBEAT {datanodeUUID=346f50d4-4cfb-4a4d-b68d-ac9cdc7f84a1, command=[]} | ret=SUCCESS |  
2019-08-24 06:44:40,818 | INFO  | SCMAudit | user=jenkins1000 | ip=192.168.34.51 | op=SEND_HEARTBEAT {datanodeUUID=4ae5f13b-0709-4697-8c2d-45e48ce4c21a, command=[]} | ret=SUCCESS |  
2019-08-24 06:44:40,818 | INFO  | SCMAudit | user=jenkins1000 | ip=192.168.34.51 | op=SEND_HEARTBEAT {datanodeUUID=fd008af0-4f48-4b99-a0e7-19298396ae47, command=[]} | ret=SUCCESS |  
2019-08-24 06:44:40,844 | INFO  | SCMAudit | user=jenkins1000 | ip=192.168.34.51 | op=SEND_HEARTBEAT {datanodeUUID=5e7adc50-b544-477d-9a22-450e06c720cc, command=[]} | ret=SUCCESS |  
2019-08-24 06:44:41,163 | INFO  | SCMAudit | user=jenkins1000 | ip=192.168.34.51 | op=SEND_HEARTBEAT {datanodeUUID=346f50d4-4cfb-4a4d-b68d-ac9cdc7f84a1, command=[]} | ret=SUCCESS |  
2019-08-24 06:44:41,817 | INFO  | SCMAudit | user=jenkins1000 | ip=192.168.34.51 | op=SEND_HEARTBEAT {datanodeUUID=fd008af0-4f48-4b99-a0e7-19298396ae47, command=[]} | ret=SUCCESS |  
2019-08-24 06:44:41,817 | INFO  | SCMAudit | user=jenkins1000 | ip=192.168.34.51 | op=SEND_HEARTBEAT {datanodeUUID=4ae5f13b-0709-4697-8c2d-45e48ce4c21a, command=[]} | ret=SUCCESS |  
2019-08-24 06:44:41,844 | INFO  | SCMAudit | user=jenkins1000 | ip=192.168.34.51 | op=SEND_HEARTBEAT {datanodeUUID=5e7adc50-b544-477d-9a22-450e06c720cc, command=[]} | ret=SUCCESS |  
2019-08-24 06:44:42,164 | INFO  | SCMAudit | user=jenkins1000 | ip=192.168.34.51 | op=SEND_HEARTBEAT {datanodeUUID=346f50d4-4cfb-4a4d-b68d-ac9cdc7f84a1, command=[]} | ret=SUCCESS |  
2019-08-24 06:44:42,169 [EventQueue-StaleNodeForStaleNodeHandler] INFO  node.StaleNodeHandler (StaleNodeHandler.java:onMessage(58)) - Datanode 25c68470-958e-4591-9cf0-a41ec1fd78b1{ip: 192.168.34.51, host: pr-hdds-1753-tn75t-532954605, networkLocation: /default-rack, certSerialId: null} moved to stale state. Finalizing its pipelines [PipelineID=c464214d-8196-42f4-9c70-f4c37fe81e65, PipelineID=716b5242-7111-4fec-baf3-9921f2b055ca]
2019-08-24 06:44:42,170 [EventQueue-StaleNodeForStaleNodeHandler] INFO  pipeline.SCMPipelineManager (SCMPipelineManager.java:finalizeAndDestroyPipeline(309)) - destroying pipeline:Pipeline[ Id: c464214d-8196-42f4-9c70-f4c37fe81e65, Nodes: 25c68470-958e-4591-9cf0-a41ec1fd78b1{ip: 192.168.34.51, host: pr-hdds-1753-tn75t-532954605, networkLocation: /default-rack, certSerialId: null}, Type:RATIS, Factor:ONE, State:OPEN]
2019-08-24 06:44:42,170 [EventQueue-StaleNodeForStaleNodeHandler] INFO  pipeline.PipelineStateManager (PipelineStateManager.java:finalizePipeline(123)) - Pipeline Pipeline[ Id: c464214d-8196-42f4-9c70-f4c37fe81e65, Nodes: 25c68470-958e-4591-9cf0-a41ec1fd78b1{ip: 192.168.34.51, host: pr-hdds-1753-tn75t-532954605, networkLocation: /default-rack, certSerialId: null}, Type:RATIS, Factor:ONE, State:CLOSED] moved to CLOSED state
2019-08-24 06:44:42,171 [EventQueue-StaleNodeForStaleNodeHandler] INFO  pipeline.SCMPipelineManager (SCMPipelineManager.java:finalizeAndDestroyPipeline(309)) - destroying pipeline:Pipeline[ Id: 716b5242-7111-4fec-baf3-9921f2b055ca, Nodes: bd993a40-bff9-4658-863b-6abb9ef357ab{ip: 192.168.34.51, host: pr-hdds-1753-tn75t-532954605, networkLocation: /default-rack, certSerialId: null}346f50d4-4cfb-4a4d-b68d-ac9cdc7f84a1{ip: 192.168.34.51, host: pr-hdds-1753-tn75t-532954605, networkLocation: /default-rack, certSerialId: null}25c68470-958e-4591-9cf0-a41ec1fd78b1{ip: 192.168.34.51, host: pr-hdds-1753-tn75t-532954605, networkLocation: /default-rack, certSerialId: null}, Type:RATIS, Factor:THREE, State:CLOSED]
2019-08-24 06:44:42,264 [grpc-default-executor-9] WARN  server.GrpcLogAppender (LogUtils.java:warn(134)) - 346f50d4-4cfb-4a4d-b68d-ac9cdc7f84a1->bd993a40-bff9-4658-863b-6abb9ef357ab: Failed appendEntries: org.apache.ratis.thirdparty.io.grpc.StatusRuntimeException: UNAVAILABLE: io exception
2019-08-24 06:44:42,264 [grpc-default-executor-9] INFO  impl.FollowerInfo (FollowerInfo.java:lambda$new$0(50)) - 346f50d4-4cfb-4a4d-b68d-ac9cdc7f84a1->bd993a40-bff9-4658-863b-6abb9ef357ab: nextIndex: updateUnconditionally 0 -> 0
2019-08-24 06:44:42,817 | INFO  | SCMAudit | user=jenkins1000 | ip=192.168.34.51 | op=SEND_HEARTBEAT {datanodeUUID=4ae5f13b-0709-4697-8c2d-45e48ce4c21a, command=[]} | ret=SUCCESS |  
2019-08-24 06:44:42,817 | INFO  | SCMAudit | user=jenkins1000 | ip=192.168.34.51 | op=SEND_HEARTBEAT {datanodeUUID=fd008af0-4f48-4b99-a0e7-19298396ae47, command=[]} | ret=SUCCESS |  
2019-08-24 06:44:42,844 | INFO  | SCMAudit | user=jenkins1000 | ip=192.168.34.51 | op=SEND_HEARTBEAT {datanodeUUID=5e7adc50-b544-477d-9a22-450e06c720cc, command=[]} | ret=SUCCESS |  
2019-08-24 06:44:42,870 [EventQueue-StaleNodeForStaleNodeHandler] INFO  node.StaleNodeHandler (StaleNodeHandler.java:onMessage(58)) - Datanode cfa00991-4858-43cd-92ab-b86e3cf154fa{ip: 192.168.34.51, host: pr-hdds-1753-tn75t-532954605, networkLocation: /default-rack, certSerialId: null} moved to stale state. Finalizing its pipelines [PipelineID=b3ba31ba-bf55-4a6e-9d46-c76e2d9a48e9, PipelineID=30a36730-41c3-4631-b5ac-7b2e181575ec]
2019-08-24 06:44:42,871 [EventQueue-StaleNodeForStaleNodeHandler] INFO  pipeline.SCMPipelineManager (SCMPipelineManager.java:finalizeAndDestroyPipeline(309)) - destroying pipeline:Pipeline[ Id: b3ba31ba-bf55-4a6e-9d46-c76e2d9a48e9, Nodes: 4ae5f13b-0709-4697-8c2d-45e48ce4c21a{ip: 192.168.34.51, host: pr-hdds-1753-tn75t-532954605, networkLocation: /default-rack, certSerialId: null}cfa00991-4858-43cd-92ab-b86e3cf154fa{ip: 192.168.34.51, host: pr-hdds-1753-tn75t-532954605, networkLocation: /default-rack, certSerialId: null}fd008af0-4f48-4b99-a0e7-19298396ae47{ip: 192.168.34.51, host: pr-hdds-1753-tn75t-532954605, networkLocation: /default-rack, certSerialId: null}, Type:RATIS, Factor:THREE, State:OPEN]
2019-08-24 06:44:42,871 [EventQueue-StaleNodeForStaleNodeHandler] INFO  pipeline.PipelineStateManager (PipelineStateManager.java:finalizePipeline(123)) - Pipeline Pipeline[ Id: b3ba31ba-bf55-4a6e-9d46-c76e2d9a48e9, Nodes: 4ae5f13b-0709-4697-8c2d-45e48ce4c21a{ip: 192.168.34.51, host: pr-hdds-1753-tn75t-532954605, networkLocation: /default-rack, certSerialId: null}cfa00991-4858-43cd-92ab-b86e3cf154fa{ip: 192.168.34.51, host: pr-hdds-1753-tn75t-532954605, networkLocation: /default-rack, certSerialId: null}fd008af0-4f48-4b99-a0e7-19298396ae47{ip: 192.168.34.51, host: pr-hdds-1753-tn75t-532954605, networkLocation: /default-rack, certSerialId: null}, Type:RATIS, Factor:THREE, State:CLOSED] moved to CLOSED state
2019-08-24 06:44:42,871 [EventQueue-CloseContainerForCloseContainerEventHandler] INFO  container.CloseContainerEventHandler (CloseContainerEventHandler.java:onMessage(61)) - Close container Event triggered for container : #2
2019-08-24 06:44:42,871 [EventQueue-StaleNodeForStaleNodeHandler] INFO  pipeline.SCMPipelineManager (SCMPipelineManager.java:finalizeAndDestroyPipeline(309)) - destroying pipeline:Pipeline[ Id: 30a36730-41c3-4631-b5ac-7b2e181575ec, Nodes: cfa00991-4858-43cd-92ab-b86e3cf154fa{ip: 192.168.34.51, host: pr-hdds-1753-tn75t-532954605, networkLocation: /default-rack, certSerialId: null}, Type:RATIS, Factor:ONE, State:OPEN]
2019-08-24 06:44:42,872 [EventQueue-StaleNodeForStaleNodeHandler] INFO  pipeline.PipelineStateManager (PipelineStateManager.java:finalizePipeline(123)) - Pipeline Pipeline[ Id: 30a36730-41c3-4631-b5ac-7b2e181575ec, Nodes: cfa00991-4858-43cd-92ab-b86e3cf154fa{ip: 192.168.34.51, host: pr-hdds-1753-tn75t-532954605, networkLocation: /default-rack, certSerialId: null}, Type:RATIS, Factor:ONE, State:CLOSED] moved to CLOSED state
2019-08-24 06:44:43,123 [main] INFO  ozoneimpl.OzoneContainer (OzoneContainer.java:stop(215)) - Attempting to stop container services.
2019-08-24 06:44:43,123 [ForkJoinPool.commonPool-worker-1] INFO  ozoneimpl.OzoneContainer (OzoneContainer.java:stop(215)) - Attempting to stop container services.
2019-08-24 06:44:43,124 [main] INFO  impl.RaftServerProxy (RaftServerProxy.java:lambda$close$4(314)) - 25c68470-958e-4591-9cf0-a41ec1fd78b1: close
2019-08-24 06:44:43,125 [ForkJoinPool.commonPool-worker-1] INFO  impl.RaftServerProxy (RaftServerProxy.java:lambda$close$4(314)) - cfa00991-4858-43cd-92ab-b86e3cf154fa: close
2019-08-24 06:44:43,125 [main] INFO  impl.RaftServerImpl (RaftServerImpl.java:lambda$shutdown$3(245)) - 25c68470-958e-4591-9cf0-a41ec1fd78b1: shutdown group-F4C37FE81E65
2019-08-24 06:44:43,125 [ForkJoinPool.commonPool-worker-1] INFO  impl.RaftServerImpl (RaftServerImpl.java:lambda$shutdown$3(245)) - cfa00991-4858-43cd-92ab-b86e3cf154fa: shutdown group-C76E2D9A48E9
2019-08-24 06:44:43,126 [main] INFO  util.JmxRegister (JmxRegister.java:unregister(73)) - Successfully un-registered JMX Bean with object name Ratis:service=RaftServer,group=group-F4C37FE81E65,id=25c68470-958e-4591-9cf0-a41ec1fd78b1
2019-08-24 06:44:43,126 [ForkJoinPool.commonPool-worker-1] INFO  util.JmxRegister (JmxRegister.java:unregister(73)) - Successfully un-registered JMX Bean with object name Ratis:service=RaftServer,group=group-C76E2D9A48E9,id=cfa00991-4858-43cd-92ab-b86e3cf154fa
2019-08-24 06:44:43,126 [main] INFO  impl.RoleInfo (RoleInfo.java:shutdownLeaderState(104)) - 25c68470-958e-4591-9cf0-a41ec1fd78b1: shutdown LeaderState
2019-08-24 06:44:43,127 [ForkJoinPool.commonPool-worker-1] INFO  impl.RoleInfo (RoleInfo.java:shutdownFollowerState(121)) - cfa00991-4858-43cd-92ab-b86e3cf154fa: shutdown FollowerState
2019-08-24 06:44:43,127 [main] INFO  impl.PendingRequests (PendingRequests.java:sendNotLeaderResponses(202)) - 25c68470-958e-4591-9cf0-a41ec1fd78b1-PendingRequests: sendNotLeaderResponses
2019-08-24 06:44:43,128 [Thread-3613] INFO  impl.FollowerState (FollowerState.java:run(114)) - cfa00991-4858-43cd-92ab-b86e3cf154fa: FollowerState was interrupted: java.lang.InterruptedException: sleep interrupted
2019-08-24 06:44:43,128 [main] INFO  impl.StateMachineUpdater (StateMachineUpdater.java:stopAndJoin(115)) - StateMachineUpdater:25c68470-958e-4591-9cf0-a41ec1fd78b1:group-F4C37FE81E65: set stopIndex = 0
2019-08-24 06:44:43,131 [main] INFO  impl.RaftServerImpl (ServerState.java:close(394)) - 25c68470-958e-4591-9cf0-a41ec1fd78b1:group-F4C37FE81E65 closes. The last applied log index is 0
2019-08-24 06:44:43,128 [StateMachineUpdater:cfa00991-4858-43cd-92ab-b86e3cf154fa:group-C76E2D9A48E9] INFO  ratis.ContainerStateMachine (ContainerStateMachine.java:takeSnapshot(284)) - group-C76E2D9A48E9: Taking a snapshot at:(t:1, i:13) file /workdir/hadoop-ozone/integration-test/target/test-dir/MiniOzoneClusterImpl-a8998418-e7b8-46c6-9f95-b9b709c41866/datanode-1/data/ratis/b3ba31ba-bf55-4a6e-9d46-c76e2d9a48e9/sm/snapshot.1_13
2019-08-24 06:44:43,131 [25c68470-958e-4591-9cf0-a41ec1fd78b1-SegmentedRaftLogWorker:Storage Directory /workdir/hadoop-ozone/integration-test/target/test-dir/MiniOzoneClusterImpl-a8998418-e7b8-46c6-9f95-b9b709c41866/datanode-4/data/ratis/c464214d-8196-42f4-9c70-f4c37fe81e65] INFO  segmented.SegmentedRaftLogWorker (SegmentedRaftLogWorker.java:run(313)) - 25c68470-958e-4591-9cf0-a41ec1fd78b1-SegmentedRaftLogWorker:Storage Directory /workdir/hadoop-ozone/integration-test/target/test-dir/MiniOzoneClusterImpl-a8998418-e7b8-46c6-9f95-b9b709c41866/datanode-4/data/ratis/c464214d-8196-42f4-9c70-f4c37fe81e65 was interrupted, exiting. There are 0 tasks remaining in the queue.
2019-08-24 06:44:43,127 [ForkJoinPool.commonPool-worker-1] INFO  impl.StateMachineUpdater (StateMachineUpdater.java:stopAndJoin(115)) - StateMachineUpdater:cfa00991-4858-43cd-92ab-b86e3cf154fa:group-C76E2D9A48E9: set stopIndex = 15
2019-08-24 06:44:43,151 [main] INFO  segmented.SegmentedRaftLogWorker (SegmentedRaftLogWorker.java:close(228)) - 25c68470-958e-4591-9cf0-a41ec1fd78b1-SegmentedRaftLogWorker:Storage Directory /workdir/hadoop-ozone/integration-test/target/test-dir/MiniOzoneClusterImpl-a8998418-e7b8-46c6-9f95-b9b709c41866/datanode-4/data/ratis/c464214d-8196-42f4-9c70-f4c37fe81e65 close()
2019-08-24 06:44:43,156 [StateMachineUpdater:cfa00991-4858-43cd-92ab-b86e3cf154fa:group-C76E2D9A48E9] INFO  ratis.ContainerStateMachine (ContainerStateMachine.java:takeSnapshot(295)) - group-C76E2D9A48E9: Finished taking a snapshot at:(t:1, i:13) file:/workdir/hadoop-ozone/integration-test/target/test-dir/MiniOzoneClusterImpl-a8998418-e7b8-46c6-9f95-b9b709c41866/datanode-1/data/ratis/b3ba31ba-bf55-4a6e-9d46-c76e2d9a48e9/sm/snapshot.1_13 time:27
2019-08-24 06:44:43,156 [main] INFO  impl.RaftServerImpl (RaftServerImpl.java:lambda$shutdown$3(245)) - 25c68470-958e-4591-9cf0-a41ec1fd78b1: shutdown group-9921F2B055CA
2019-08-24 06:44:43,156 [StateMachineUpdater:cfa00991-4858-43cd-92ab-b86e3cf154fa:group-C76E2D9A48E9] INFO  impl.StateMachineUpdater (StateMachineUpdater.java:takeSnapshot(242)) - StateMachineUpdater:cfa00991-4858-43cd-92ab-b86e3cf154fa:group-C76E2D9A48E9: Took a snapshot at index 13
2019-08-24 06:44:43,157 [main] INFO  util.JmxRegister (JmxRegister.java:unregister(73)) - Successfully un-registered JMX Bean with object name Ratis:service=RaftServer,group=group-9921F2B055CA,id=25c68470-958e-4591-9cf0-a41ec1fd78b1
2019-08-24 06:44:43,157 [StateMachineUpdater:cfa00991-4858-43cd-92ab-b86e3cf154fa:group-C76E2D9A48E9] INFO  impl.StateMachineUpdater (StateMachineUpdater.java:lambda$new$0(80)) - StateMachineUpdater:cfa00991-4858-43cd-92ab-b86e3cf154fa:group-C76E2D9A48E9: snapshotIndex: updateIncreasingly -1 -> 13
2019-08-24 06:44:43,157 [main] INFO  impl.RoleInfo (RoleInfo.java:shutdownFollowerState(121)) - 25c68470-958e-4591-9cf0-a41ec1fd78b1: shutdown FollowerState
2019-08-24 06:44:43,157 [ForkJoinPool.commonPool-worker-1] INFO  impl.RaftServerImpl (ServerState.java:close(394)) - cfa00991-4858-43cd-92ab-b86e3cf154fa:group-C76E2D9A48E9 closes. The last applied log index is 15
2019-08-24 06:44:43,158 [StateMachineUpdater:25c68470-958e-4591-9cf0-a41ec1fd78b1:group-9921F2B055CA] INFO  ratis.ContainerStateMachine (ContainerStateMachine.java:takeSnapshot(284)) - group-9921F2B055CA: Taking a snapshot at:(t:1, i:12) file /workdir/hadoop-ozone/integration-test/target/test-dir/MiniOzoneClusterImpl-a8998418-e7b8-46c6-9f95-b9b709c41866/datanode-4/data/ratis/716b5242-7111-4fec-baf3-9921f2b055ca/sm/snapshot.1_12
2019-08-24 06:44:43,158 [Thread-3761] INFO  impl.FollowerState (FollowerState.java:run(114)) - 25c68470-958e-4591-9cf0-a41ec1fd78b1: FollowerState was interrupted: java.lang.InterruptedException: sleep interrupted
2019-08-24 06:44:43,158 [main] INFO  impl.StateMachineUpdater (StateMachineUpdater.java:stopAndJoin(115)) - StateMachineUpdater:25c68470-958e-4591-9cf0-a41ec1fd78b1:group-9921F2B055CA: set stopIndex = 16
2019-08-24 06:44:43,158 [cfa00991-4858-43cd-92ab-b86e3cf154fa-SegmentedRaftLogWorker:Storage Directory /workdir/hadoop-ozone/integration-test/target/test-dir/MiniOzoneClusterImpl-a8998418-e7b8-46c6-9f95-b9b709c41866/datanode-1/data/ratis/b3ba31ba-bf55-4a6e-9d46-c76e2d9a48e9] INFO  segmented.SegmentedRaftLogWorker (SegmentedRaftLogWorker.java:run(313)) - cfa00991-4858-43cd-92ab-b86e3cf154fa-SegmentedRaftLogWorker:Storage Directory /workdir/hadoop-ozone/integration-test/target/test-dir/MiniOzoneClusterImpl-a8998418-e7b8-46c6-9f95-b9b709c41866/datanode-1/data/ratis/b3ba31ba-bf55-4a6e-9d46-c76e2d9a48e9 was interrupted, exiting. There are 0 tasks remaining in the queue.
2019-08-24 06:44:43,163 [ForkJoinPool.commonPool-worker-1] INFO  segmented.SegmentedRaftLogWorker (SegmentedRaftLogWorker.java:close(228)) - cfa00991-4858-43cd-92ab-b86e3cf154fa-SegmentedRaftLogWorker:Storage Directory /workdir/hadoop-ozone/integration-test/target/test-dir/MiniOzoneClusterImpl-a8998418-e7b8-46c6-9f95-b9b709c41866/datanode-1/data/ratis/b3ba31ba-bf55-4a6e-9d46-c76e2d9a48e9 close()
2019-08-24 06:44:43,167 [ForkJoinPool.commonPool-worker-1] INFO  impl.RaftServerImpl (RaftServerImpl.java:lambda$shutdown$3(245)) - cfa00991-4858-43cd-92ab-b86e3cf154fa: shutdown group-7B2E181575EC
2019-08-24 06:44:43,167 [ForkJoinPool.commonPool-worker-1] INFO  util.JmxRegister (JmxRegister.java:unregister(73)) - Successfully un-registered JMX Bean with object name Ratis:service=RaftServer,group=group-7B2E181575EC,id=cfa00991-4858-43cd-92ab-b86e3cf154fa
2019-08-24 06:44:43,167 | INFO  | SCMAudit | user=jenkins1000 | ip=192.168.34.51 | op=SEND_HEARTBEAT {datanodeUUID=346f50d4-4cfb-4a4d-b68d-ac9cdc7f84a1, command=[]} | ret=SUCCESS |  
2019-08-24 06:44:43,167 [ForkJoinPool.commonPool-worker-1] INFO  impl.RoleInfo (RoleInfo.java:shutdownLeaderState(104)) - cfa00991-4858-43cd-92ab-b86e3cf154fa: shutdown LeaderState
2019-08-24 06:44:43,168 [ForkJoinPool.commonPool-worker-1] INFO  impl.PendingRequests (PendingRequests.java:sendNotLeaderResponses(202)) - cfa00991-4858-43cd-92ab-b86e3cf154fa-PendingRequests: sendNotLeaderResponses
2019-08-24 06:44:43,168 [ForkJoinPool.commonPool-worker-1] INFO  impl.StateMachineUpdater (StateMachineUpdater.java:stopAndJoin(115)) - StateMachineUpdater:cfa00991-4858-43cd-92ab-b86e3cf154fa:group-7B2E181575EC: set stopIndex = 0
2019-08-24 06:44:43,168 [ForkJoinPool.commonPool-worker-1] INFO  impl.RaftServerImpl (ServerState.java:close(394)) - cfa00991-4858-43cd-92ab-b86e3cf154fa:group-7B2E181575EC closes. The last applied log index is 0
2019-08-24 06:44:43,169 [cfa00991-4858-43cd-92ab-b86e3cf154fa-SegmentedRaftLogWorker:Storage Directory /workdir/hadoop-ozone/integration-test/target/test-dir/MiniOzoneClusterImpl-a8998418-e7b8-46c6-9f95-b9b709c41866/datanode-1/data/ratis/30a36730-41c3-4631-b5ac-7b2e181575ec] INFO  segmented.SegmentedRaftLogWorker (SegmentedRaftLogWorker.java:run(313)) - cfa00991-4858-43cd-92ab-b86e3cf154fa-SegmentedRaftLogWorker:Storage Directory /workdir/hadoop-ozone/integration-test/target/test-dir/MiniOzoneClusterImpl-a8998418-e7b8-46c6-9f95-b9b709c41866/datanode-1/data/ratis/30a36730-41c3-4631-b5ac-7b2e181575ec was interrupted, exiting. There are 0 tasks remaining in the queue.
2019-08-24 06:44:43,171 [StateMachineUpdater:25c68470-958e-4591-9cf0-a41ec1fd78b1:group-9921F2B055CA] INFO  ratis.ContainerStateMachine (ContainerStateMachine.java:takeSnapshot(295)) - group-9921F2B055CA: Finished taking a snapshot at:(t:1, i:12) file:/workdir/hadoop-ozone/integration-test/target/test-dir/MiniOzoneClusterImpl-a8998418-e7b8-46c6-9f95-b9b709c41866/datanode-4/data/ratis/716b5242-7111-4fec-baf3-9921f2b055ca/sm/snapshot.1_12 time:13
2019-08-24 06:44:43,171 [ForkJoinPool.commonPool-worker-1] INFO  segmented.SegmentedRaftLogWorker (SegmentedRaftLogWorker.java:close(228)) - cfa00991-4858-43cd-92ab-b86e3cf154fa-SegmentedRaftLogWorker:Storage Directory /workdir/hadoop-ozone/integration-test/target/test-dir/MiniOzoneClusterImpl-a8998418-e7b8-46c6-9f95-b9b709c41866/datanode-1/data/ratis/30a36730-41c3-4631-b5ac-7b2e181575ec close()
2019-08-24 06:44:43,171 [StateMachineUpdater:25c68470-958e-4591-9cf0-a41ec1fd78b1:group-9921F2B055CA] INFO  impl.StateMachineUpdater (StateMachineUpdater.java:takeSnapshot(242)) - StateMachineUpdater:25c68470-958e-4591-9cf0-a41ec1fd78b1:group-9921F2B055CA: Took a snapshot at index 12
2019-08-24 06:44:43,175 [StateMachineUpdater:25c68470-958e-4591-9cf0-a41ec1fd78b1:group-9921F2B055CA] INFO  impl.StateMachineUpdater (StateMachineUpdater.java:lambda$new$0(80)) - StateMachineUpdater:25c68470-958e-4591-9cf0-a41ec1fd78b1:group-9921F2B055CA: snapshotIndex: updateIncreasingly -1 -> 12
2019-08-24 06:44:43,175 [ForkJoinPool.commonPool-worker-1] INFO  server.GrpcService (GrpcService.java:closeImpl(155)) - cfa00991-4858-43cd-92ab-b86e3cf154fa: shutdown server with port 36853 now
2019-08-24 06:44:43,175 [main] INFO  impl.RaftServerImpl (ServerState.java:close(394)) - 25c68470-958e-4591-9cf0-a41ec1fd78b1:group-9921F2B055CA closes. The last applied log index is 16
2019-08-24 06:44:43,176 [25c68470-958e-4591-9cf0-a41ec1fd78b1-SegmentedRaftLogWorker:Storage Directory /workdir/hadoop-ozone/integration-test/target/test-dir/MiniOzoneClusterImpl-a8998418-e7b8-46c6-9f95-b9b709c41866/datanode-4/data/ratis/716b5242-7111-4fec-baf3-9921f2b055ca] INFO  segmented.SegmentedRaftLogWorker (SegmentedRaftLogWorker.java:run(313)) - 25c68470-958e-4591-9cf0-a41ec1fd78b1-SegmentedRaftLogWorker:Storage Directory /workdir/hadoop-ozone/integration-test/target/test-dir/MiniOzoneClusterImpl-a8998418-e7b8-46c6-9f95-b9b709c41866/datanode-4/data/ratis/716b5242-7111-4fec-baf3-9921f2b055ca was interrupted, exiting. There are 0 tasks remaining in the queue.
2019-08-24 06:44:43,176 [grpc-default-executor-9] WARN  server.GrpcServerProtocolService (LogUtils.java:warn(134)) - cfa00991-4858-43cd-92ab-b86e3cf154fa: appendEntries onError: org.apache.ratis.thirdparty.io.grpc.StatusRuntimeException: CANCELLED: cancelled before receiving half close
2019-08-24 06:44:43,178 [main] INFO  segmented.SegmentedRaftLogWorker (SegmentedRaftLogWorker.java:close(228)) - 25c68470-958e-4591-9cf0-a41ec1fd78b1-SegmentedRaftLogWorker:Storage Directory /workdir/hadoop-ozone/integration-test/target/test-dir/MiniOzoneClusterImpl-a8998418-e7b8-46c6-9f95-b9b709c41866/datanode-4/data/ratis/716b5242-7111-4fec-baf3-9921f2b055ca close()
2019-08-24 06:44:43,176 [ForkJoinPool.commonPool-worker-1] INFO  server.GrpcService (GrpcService.java:closeImpl(163)) - cfa00991-4858-43cd-92ab-b86e3cf154fa: shutdown server with port 36853 successfully
2019-08-24 06:44:43,182 [main] INFO  server.GrpcService (GrpcService.java:closeImpl(155)) - 25c68470-958e-4591-9cf0-a41ec1fd78b1: shutdown server with port 43156 now
2019-08-24 06:44:43,178 [grpc-default-executor-8] WARN  server.GrpcLogAppender (LogUtils.java:warn(134)) - 4ae5f13b-0709-4697-8c2d-45e48ce4c21a->cfa00991-4858-43cd-92ab-b86e3cf154fa: Failed appendEntries: org.apache.ratis.thirdparty.io.grpc.StatusRuntimeException: CANCELLED: HTTP/2 error code: CANCEL
Received Rst Stream
2019-08-24 06:44:43,183 [grpc-default-executor-8] INFO  impl.FollowerInfo (FollowerInfo.java:lambda$new$0(50)) - 4ae5f13b-0709-4697-8c2d-45e48ce4c21a->cfa00991-4858-43cd-92ab-b86e3cf154fa: nextIndex: updateUnconditionally 16 -> 15
2019-08-24 06:44:43,183 [grpc-default-executor-11] WARN  server.GrpcServerProtocolService (LogUtils.java:warn(134)) - 25c68470-958e-4591-9cf0-a41ec1fd78b1: appendEntries onError: org.apache.ratis.thirdparty.io.grpc.StatusRuntimeException: CANCELLED: cancelled before receiving half close
2019-08-24 06:44:43,183 [main] INFO  server.GrpcService (GrpcService.java:closeImpl(163)) - 25c68470-958e-4591-9cf0-a41ec1fd78b1: shutdown server with port 43156 successfully
2019-08-24 06:44:43,183 [grpc-default-executor-9] WARN  server.GrpcLogAppender (LogUtils.java:warn(134)) - 346f50d4-4cfb-4a4d-b68d-ac9cdc7f84a1->25c68470-958e-4591-9cf0-a41ec1fd78b1: Failed appendEntries: org.apache.ratis.thirdparty.io.grpc.StatusRuntimeException: CANCELLED: HTTP/2 error code: CANCEL
Received Rst Stream
2019-08-24 06:44:43,184 [grpc-default-executor-9] INFO  impl.FollowerInfo (FollowerInfo.java:lambda$new$0(50)) - 346f50d4-4cfb-4a4d-b68d-ac9cdc7f84a1->25c68470-958e-4591-9cf0-a41ec1fd78b1: nextIndex: updateUnconditionally 17 -> 16
2019-08-24 06:44:43,189 [refreshUsed-/workdir/hadoop-ozone/integration-test/target/test-dir/MiniOzoneClusterImpl-a8998418-e7b8-46c6-9f95-b9b709c41866/datanode-1/data/containers] WARN  fs.CachingGetSpaceUsed (CachingGetSpaceUsed.java:run(183)) - Thread Interrupted waiting to refresh disk information: sleep interrupted
2019-08-24 06:44:43,190 [refreshUsed-/workdir/hadoop-ozone/integration-test/target/test-dir/MiniOzoneClusterImpl-a8998418-e7b8-46c6-9f95-b9b709c41866/datanode-4/data/containers] WARN  fs.CachingGetSpaceUsed (CachingGetSpaceUsed.java:run(183)) - Thread Interrupted waiting to refresh disk information: sleep interrupted
2019-08-24 06:44:43,207 [main] INFO  utils.BackgroundService (BackgroundService.java:shutdown(148)) - Shutting down service BlockDeletingService
2019-08-24 06:44:43,207 [ForkJoinPool.commonPool-worker-1] INFO  utils.BackgroundService (BackgroundService.java:shutdown(148)) - Shutting down service BlockDeletingService
2019-08-24 06:44:43,215 [main] INFO  statemachine.DatanodeStateMachine (DatanodeStateMachine.java:stopDaemon(395)) - Ozone container server stopped.
2019-08-24 06:44:43,216 [ForkJoinPool.commonPool-worker-1] INFO  statemachine.DatanodeStateMachine (DatanodeStateMachine.java:stopDaemon(395)) - Ozone container server stopped.
2019-08-24 06:44:43,220 [main] INFO  handler.ContextHandler (ContextHandler.java:doStop(910)) - Stopped o.e.j.w.WebAppContext@57d6f569{/,null,UNAVAILABLE}{/hddsDatanode}
2019-08-24 06:44:43,221 [ForkJoinPool.commonPool-worker-1] INFO  handler.ContextHandler (ContextHandler.java:doStop(910)) - Stopped o.e.j.w.WebAppContext@3c5d183{/,null,UNAVAILABLE}{/hddsDatanode}
2019-08-24 06:44:43,221 [main] INFO  server.AbstractConnector (AbstractConnector.java:doStop(318)) - Stopped ServerConnector@5854e526{HTTP/1.1,[http/1.1]}{0.0.0.0:0}
2019-08-24 06:44:43,222 [ForkJoinPool.commonPool-worker-1] INFO  server.AbstractConnector (AbstractConnector.java:doStop(318)) - Stopped ServerConnector@471b7c9c{HTTP/1.1,[http/1.1]}{0.0.0.0:0}
2019-08-24 06:44:43,222 [main] INFO  handler.ContextHandler (ContextHandler.java:doStop(910)) - Stopped o.e.j.s.ServletContextHandler@361a618e{/static,jar:file:/home/user/.m2/repository/org/apache/hadoop/hadoop-hdds-container-service/0.5.0-SNAPSHOT/hadoop-hdds-container-service-0.5.0-SNAPSHOT.jar!/webapps/static,UNAVAILABLE}
2019-08-24 06:44:43,223 [ForkJoinPool.commonPool-worker-1] INFO  handler.ContextHandler (ContextHandler.java:doStop(910)) - Stopped o.e.j.s.ServletContextHandler@179e8859{/static,jar:file:/home/user/.m2/repository/org/apache/hadoop/hadoop-hdds-container-service/0.5.0-SNAPSHOT/hadoop-hdds-container-service-0.5.0-SNAPSHOT.jar!/webapps/static,UNAVAILABLE}
2019-08-24 06:44:43,223 [main] INFO  handler.ContextHandler (ContextHandler.java:doStop(910)) - Stopped o.e.j.s.ServletContextHandler@59881424{/logs,file:///workdir/hadoop-ozone/integration-test/target/log,UNAVAILABLE}
2019-08-24 06:44:43,225 [ForkJoinPool.commonPool-worker-1] INFO  handler.ContextHandler (ContextHandler.java:doStop(910)) - Stopped o.e.j.s.ServletContextHandler@58c48a23{/logs,file:///workdir/hadoop-ozone/integration-test/target/log,UNAVAILABLE}
2019-08-24 06:44:43,225 [main] INFO  datanode.ObjectStoreHandler (ObjectStoreHandler.java:close(155)) - Closing ObjectStoreHandler.
2019-08-24 06:44:43,226 [ForkJoinPool.commonPool-worker-1] INFO  datanode.ObjectStoreHandler (ObjectStoreHandler.java:close(155)) - Closing ObjectStoreHandler.
2019-08-24 06:44:43,226 [main] INFO  ozone.HddsDatanodeService (HddsDatanodeService.java:stop(451)) - Stopped plug-in org.apache.hadoop.ozone.web.OzoneHddsDatanodeService@d35d84a
2019-08-24 06:44:43,226 [ForkJoinPool.commonPool-worker-1] INFO  ozone.HddsDatanodeService (HddsDatanodeService.java:stop(451)) - Stopped plug-in org.apache.hadoop.ozone.web.OzoneHddsDatanodeService@7e7ee3b7
2019-08-24 06:44:43,817 [Datanode State Machine Thread - 0] INFO  statemachine.DatanodeStateMachine (DatanodeStateMachine.java:lambda$startDaemon$0(350)) - Ozone container server started.
2019-08-24 06:44:43,818 | INFO  | SCMAudit | user=jenkins1000 | ip=192.168.34.51 | op=SEND_HEARTBEAT {datanodeUUID=fd008af0-4f48-4b99-a0e7-19298396ae47, command=[commandType: closeContainerCommand closeContainerCommandProto { containerID: 2 pipelineID { id: "b3ba31ba-bf55-4a6e-9d46-c76e2d9a48e9" } cmdId: 2 force: false } ]} | ret=SUCCESS |  
2019-08-24 06:44:43,845 | INFO  | SCMAudit | user=jenkins1000 | ip=192.168.34.51 | op=SEND_HEARTBEAT {datanodeUUID=5e7adc50-b544-477d-9a22-450e06c720cc, command=[]} | ret=SUCCESS |  
2019-08-24 06:44:44,167 [Datanode State Machine Thread - 0] INFO  statemachine.DatanodeStateMachine (DatanodeStateMachine.java:lambda$startDaemon$0(350)) - Ozone container server started.
2019-08-24 06:44:44,764 [grpc-default-executor-8] WARN  server.GrpcLogAppender (LogUtils.java:warn(134)) - 346f50d4-4cfb-4a4d-b68d-ac9cdc7f84a1->bd993a40-bff9-4658-863b-6abb9ef357ab: Failed appendEntries: org.apache.ratis.thirdparty.io.grpc.StatusRuntimeException: UNAVAILABLE: io exception
2019-08-24 06:44:44,765 [grpc-default-executor-9] WARN  server.GrpcLogAppender (LogUtils.java:warn(134)) - 346f50d4-4cfb-4a4d-b68d-ac9cdc7f84a1->25c68470-958e-4591-9cf0-a41ec1fd78b1: Failed appendEntries: org.apache.ratis.thirdparty.io.grpc.StatusRuntimeException: UNAVAILABLE: io exception
2019-08-24 06:44:44,765 [grpc-default-executor-8] INFO  impl.FollowerInfo (FollowerInfo.java:lambda$new$0(50)) - 346f50d4-4cfb-4a4d-b68d-ac9cdc7f84a1->bd993a40-bff9-4658-863b-6abb9ef357ab: nextIndex: updateUnconditionally 0 -> 0
2019-08-24 06:44:44,765 [grpc-default-executor-9] INFO  impl.FollowerInfo (FollowerInfo.java:lambda$new$0(50)) - 346f50d4-4cfb-4a4d-b68d-ac9cdc7f84a1->25c68470-958e-4591-9cf0-a41ec1fd78b1: nextIndex: updateUnconditionally 16 -> 15
2019-08-24 06:44:44,818 | INFO  | SCMAudit | user=jenkins1000 | ip=192.168.34.51 | op=SEND_HEARTBEAT {datanodeUUID=fd008af0-4f48-4b99-a0e7-19298396ae47, command=[]} | ret=SUCCESS |  
2019-08-24 06:44:44,845 | INFO  | SCMAudit | user=jenkins1000 | ip=192.168.34.51 | op=SEND_HEARTBEAT {datanodeUUID=5e7adc50-b544-477d-9a22-450e06c720cc, command=[]} | ret=SUCCESS |  
2019-08-24 06:44:45,581 [grpc-default-executor-11] WARN  server.GrpcLogAppender (LogUtils.java:warn(134)) - 4ae5f13b-0709-4697-8c2d-45e48ce4c21a->cfa00991-4858-43cd-92ab-b86e3cf154fa: Failed appendEntries: org.apache.ratis.thirdparty.io.grpc.StatusRuntimeException: UNAVAILABLE: io exception
2019-08-24 06:44:45,582 [grpc-default-executor-11] INFO  impl.FollowerInfo (FollowerInfo.java:lambda$new$0(50)) - 4ae5f13b-0709-4697-8c2d-45e48ce4c21a->cfa00991-4858-43cd-92ab-b86e3cf154fa: nextIndex: updateUnconditionally 15 -> 14
2019-08-24 06:44:45,818 | INFO  | SCMAudit | user=jenkins1000 | ip=192.168.34.51 | op=SEND_HEARTBEAT {datanodeUUID=fd008af0-4f48-4b99-a0e7-19298396ae47, command=[]} | ret=SUCCESS |  
2019-08-24 06:44:45,845 | INFO  | SCMAudit | user=jenkins1000 | ip=192.168.34.51 | op=SEND_HEARTBEAT {datanodeUUID=5e7adc50-b544-477d-9a22-450e06c720cc, command=[]} | ret=SUCCESS |  
2019-08-24 06:44:45,846 | INFO  | SCMAudit | user=jenkins1000 | ip=192.168.34.51 | op=SEND_HEARTBEAT {datanodeUUID=fd008af0-4f48-4b99-a0e7-19298396ae47, command=[]} | ret=SUCCESS |  
2019-08-24 06:44:46,845 | INFO  | SCMAudit | user=jenkins1000 | ip=192.168.34.51 | op=SEND_HEARTBEAT {datanodeUUID=5e7adc50-b544-477d-9a22-450e06c720cc, command=[]} | ret=SUCCESS |  
2019-08-24 06:44:46,846 | INFO  | SCMAudit | user=jenkins1000 | ip=192.168.34.51 | op=SEND_HEARTBEAT {datanodeUUID=fd008af0-4f48-4b99-a0e7-19298396ae47, command=[]} | ret=SUCCESS |  
2019-08-24 06:44:47,265 [grpc-default-executor-9] WARN  server.GrpcLogAppender (LogUtils.java:warn(134)) - 346f50d4-4cfb-4a4d-b68d-ac9cdc7f84a1->bd993a40-bff9-4658-863b-6abb9ef357ab: Failed appendEntries: org.apache.ratis.thirdparty.io.grpc.StatusRuntimeException: UNAVAILABLE: io exception
2019-08-24 06:44:47,265 [grpc-default-executor-10] WARN  server.GrpcLogAppender (LogUtils.java:warn(134)) - 346f50d4-4cfb-4a4d-b68d-ac9cdc7f84a1->25c68470-958e-4591-9cf0-a41ec1fd78b1: Failed appendEntries: org.apache.ratis.thirdparty.io.grpc.StatusRuntimeException: UNAVAILABLE: io exception
2019-08-24 06:44:47,265 [grpc-default-executor-9] INFO  impl.FollowerInfo (FollowerInfo.java:lambda$new$0(50)) - 346f50d4-4cfb-4a4d-b68d-ac9cdc7f84a1->bd993a40-bff9-4658-863b-6abb9ef357ab: nextIndex: updateUnconditionally 0 -> 0
2019-08-24 06:44:47,266 [grpc-default-executor-10] INFO  impl.FollowerInfo (FollowerInfo.java:lambda$new$0(50)) - 346f50d4-4cfb-4a4d-b68d-ac9cdc7f84a1->25c68470-958e-4591-9cf0-a41ec1fd78b1: nextIndex: updateUnconditionally 15 -> 14
2019-08-24 06:44:47,845 | INFO  | SCMAudit | user=jenkins1000 | ip=192.168.34.51 | op=SEND_HEARTBEAT {datanodeUUID=5e7adc50-b544-477d-9a22-450e06c720cc, command=[]} | ret=SUCCESS |  
2019-08-24 06:44:47,846 | INFO  | SCMAudit | user=jenkins1000 | ip=192.168.34.51 | op=SEND_HEARTBEAT {datanodeUUID=fd008af0-4f48-4b99-a0e7-19298396ae47, command=[]} | ret=SUCCESS |  
2019-08-24 06:44:47,877 [EventQueue-StaleNodeForStaleNodeHandler] INFO  node.StaleNodeHandler (StaleNodeHandler.java:onMessage(58)) - Datanode 4ae5f13b-0709-4697-8c2d-45e48ce4c21a{ip: 192.168.34.51, host: pr-hdds-1753-tn75t-532954605, networkLocation: /default-rack, certSerialId: null} moved to stale state. Finalizing its pipelines [PipelineID=3878e8bb-34d6-4075-863d-b144b852f64b, PipelineID=b3ba31ba-bf55-4a6e-9d46-c76e2d9a48e9]
2019-08-24 06:44:47,877 [EventQueue-StaleNodeForStaleNodeHandler] INFO  pipeline.SCMPipelineManager (SCMPipelineManager.java:finalizeAndDestroyPipeline(309)) - destroying pipeline:Pipeline[ Id: 3878e8bb-34d6-4075-863d-b144b852f64b, Nodes: 4ae5f13b-0709-4697-8c2d-45e48ce4c21a{ip: 192.168.34.51, host: pr-hdds-1753-tn75t-532954605, networkLocation: /default-rack, certSerialId: null}, Type:RATIS, Factor:ONE, State:OPEN]
2019-08-24 06:44:47,878 [EventQueue-StaleNodeForStaleNodeHandler] INFO  pipeline.PipelineStateManager (PipelineStateManager.java:finalizePipeline(123)) - Pipeline Pipeline[ Id: 3878e8bb-34d6-4075-863d-b144b852f64b, Nodes: 4ae5f13b-0709-4697-8c2d-45e48ce4c21a{ip: 192.168.34.51, host: pr-hdds-1753-tn75t-532954605, networkLocation: /default-rack, certSerialId: null}, Type:RATIS, Factor:ONE, State:CLOSED] moved to CLOSED state
2019-08-24 06:44:47,878 [EventQueue-StaleNodeForStaleNodeHandler] INFO  pipeline.SCMPipelineManager (SCMPipelineManager.java:finalizeAndDestroyPipeline(309)) - destroying pipeline:Pipeline[ Id: b3ba31ba-bf55-4a6e-9d46-c76e2d9a48e9, Nodes: 4ae5f13b-0709-4697-8c2d-45e48ce4c21a{ip: 192.168.34.51, host: pr-hdds-1753-tn75t-532954605, networkLocation: /default-rack, certSerialId: null}cfa00991-4858-43cd-92ab-b86e3cf154fa{ip: 192.168.34.51, host: pr-hdds-1753-tn75t-532954605, networkLocation: /default-rack, certSerialId: null}fd008af0-4f48-4b99-a0e7-19298396ae47{ip: 192.168.34.51, host: pr-hdds-1753-tn75t-532954605, networkLocation: /default-rack, certSerialId: null}, Type:RATIS, Factor:THREE, State:CLOSED]
2019-08-24 06:44:48,082 [grpc-default-executor-11] WARN  server.GrpcLogAppender (LogUtils.java:warn(134)) - 4ae5f13b-0709-4697-8c2d-45e48ce4c21a->cfa00991-4858-43cd-92ab-b86e3cf154fa: Failed appendEntries: org.apache.ratis.thirdparty.io.grpc.StatusRuntimeException: UNAVAILABLE: io exception
2019-08-24 06:44:48,082 [grpc-default-executor-11] INFO  impl.FollowerInfo (FollowerInfo.java:lambda$new$0(50)) - 4ae5f13b-0709-4697-8c2d-45e48ce4c21a->cfa00991-4858-43cd-92ab-b86e3cf154fa: nextIndex: updateUnconditionally 14 -> 13
2019-08-24 06:44:48,177 [EventQueue-StaleNodeForStaleNodeHandler] INFO  node.StaleNodeHandler (StaleNodeHandler.java:onMessage(58)) - Datanode 346f50d4-4cfb-4a4d-b68d-ac9cdc7f84a1{ip: 192.168.34.51, host: pr-hdds-1753-tn75t-532954605, networkLocation: /default-rack, certSerialId: null} moved to stale state. Finalizing its pipelines [PipelineID=f9f35b37-03c4-45f9-99bf-c4cdf03bc801, PipelineID=716b5242-7111-4fec-baf3-9921f2b055ca]
2019-08-24 06:44:48,178 [EventQueue-StaleNodeForStaleNodeHandler] INFO  pipeline.SCMPipelineManager (SCMPipelineManager.java:finalizeAndDestroyPipeline(309)) - destroying pipeline:Pipeline[ Id: f9f35b37-03c4-45f9-99bf-c4cdf03bc801, Nodes: 346f50d4-4cfb-4a4d-b68d-ac9cdc7f84a1{ip: 192.168.34.51, host: pr-hdds-1753-tn75t-532954605, networkLocation: /default-rack, certSerialId: null}, Type:RATIS, Factor:ONE, State:OPEN]
2019-08-24 06:44:48,178 [EventQueue-StaleNodeForStaleNodeHandler] INFO  pipeline.PipelineStateManager (PipelineStateManager.java:finalizePipeline(123)) - Pipeline Pipeline[ Id: f9f35b37-03c4-45f9-99bf-c4cdf03bc801, Nodes: 346f50d4-4cfb-4a4d-b68d-ac9cdc7f84a1{ip: 192.168.34.51, host: pr-hdds-1753-tn75t-532954605, networkLocation: /default-rack, certSerialId: null}, Type:RATIS, Factor:ONE, State:CLOSED] moved to CLOSED state
2019-08-24 06:44:48,178 [EventQueue-StaleNodeForStaleNodeHandler] INFO  pipeline.SCMPipelineManager (SCMPipelineManager.java:finalizeAndDestroyPipeline(309)) - destroying pipeline:Pipeline[ Id: 716b5242-7111-4fec-baf3-9921f2b055ca, Nodes: bd993a40-bff9-4658-863b-6abb9ef357ab{ip: 192.168.34.51, host: pr-hdds-1753-tn75t-532954605, networkLocation: /default-rack, certSerialId: null}346f50d4-4cfb-4a4d-b68d-ac9cdc7f84a1{ip: 192.168.34.51, host: pr-hdds-1753-tn75t-532954605, networkLocation: /default-rack, certSerialId: null}25c68470-958e-4591-9cf0-a41ec1fd78b1{ip: 192.168.34.51, host: pr-hdds-1753-tn75t-532954605, networkLocation: /default-rack, certSerialId: null}, Type:RATIS, Factor:THREE, State:CLOSED]
2019-08-24 06:44:48,227 [main] INFO  ozoneimpl.OzoneContainer (OzoneContainer.java:stop(215)) - Attempting to stop container services.
2019-08-24 06:44:48,227 [ForkJoinPool.commonPool-worker-1] INFO  ozoneimpl.OzoneContainer (OzoneContainer.java:stop(215)) - Attempting to stop container services.
2019-08-24 06:44:48,228 [main] INFO  impl.RaftServerProxy (RaftServerProxy.java:lambda$close$4(314)) - 346f50d4-4cfb-4a4d-b68d-ac9cdc7f84a1: close
2019-08-24 06:44:48,228 [ForkJoinPool.commonPool-worker-1] INFO  impl.RaftServerProxy (RaftServerProxy.java:lambda$close$4(314)) - 4ae5f13b-0709-4697-8c2d-45e48ce4c21a: close
2019-08-24 06:44:48,228 [main] INFO  impl.RaftServerImpl (RaftServerImpl.java:lambda$shutdown$3(245)) - 346f50d4-4cfb-4a4d-b68d-ac9cdc7f84a1: shutdown group-C4CDF03BC801
2019-08-24 06:44:48,228 [ForkJoinPool.commonPool-worker-1] INFO  impl.RaftServerImpl (RaftServerImpl.java:lambda$shutdown$3(245)) - 4ae5f13b-0709-4697-8c2d-45e48ce4c21a: shutdown group-B144B852F64B
2019-08-24 06:44:48,229 [main] INFO  util.JmxRegister (JmxRegister.java:unregister(73)) - Successfully un-registered JMX Bean with object name Ratis:service=RaftServer,group=group-C4CDF03BC801,id=346f50d4-4cfb-4a4d-b68d-ac9cdc7f84a1
2019-08-24 06:44:48,229 [ForkJoinPool.commonPool-worker-1] INFO  util.JmxRegister (JmxRegister.java:unregister(73)) - Successfully un-registered JMX Bean with object name Ratis:service=RaftServer,group=group-B144B852F64B,id=4ae5f13b-0709-4697-8c2d-45e48ce4c21a
2019-08-24 06:44:48,230 [ForkJoinPool.commonPool-worker-1] INFO  impl.RoleInfo (RoleInfo.java:shutdownLeaderState(104)) - 4ae5f13b-0709-4697-8c2d-45e48ce4c21a: shutdown LeaderState
2019-08-24 06:44:48,230 [main] INFO  impl.RoleInfo (RoleInfo.java:shutdownLeaderState(104)) - 346f50d4-4cfb-4a4d-b68d-ac9cdc7f84a1: shutdown LeaderState
2019-08-24 06:44:48,230 [ForkJoinPool.commonPool-worker-1] INFO  impl.PendingRequests (PendingRequests.java:sendNotLeaderResponses(202)) - 4ae5f13b-0709-4697-8c2d-45e48ce4c21a-PendingRequests: sendNotLeaderResponses
2019-08-24 06:44:48,231 [main] INFO  impl.PendingRequests (PendingRequests.java:sendNotLeaderResponses(202)) - 346f50d4-4cfb-4a4d-b68d-ac9cdc7f84a1-PendingRequests: sendNotLeaderResponses
2019-08-24 06:44:48,231 [ForkJoinPool.commonPool-worker-1] INFO  impl.StateMachineUpdater (StateMachineUpdater.java:stopAndJoin(115)) - StateMachineUpdater:4ae5f13b-0709-4697-8c2d-45e48ce4c21a:group-B144B852F64B: set stopIndex = 0
2019-08-24 06:44:48,232 [main] INFO  impl.StateMachineUpdater (StateMachineUpdater.java:stopAndJoin(115)) - StateMachineUpdater:346f50d4-4cfb-4a4d-b68d-ac9cdc7f84a1:group-C4CDF03BC801: set stopIndex = 0
2019-08-24 06:44:48,232 [main] INFO  impl.RaftServerImpl (ServerState.java:close(394)) - 346f50d4-4cfb-4a4d-b68d-ac9cdc7f84a1:group-C4CDF03BC801 closes. The last applied log index is 0
2019-08-24 06:44:48,232 [ForkJoinPool.commonPool-worker-1] INFO  impl.RaftServerImpl (ServerState.java:close(394)) - 4ae5f13b-0709-4697-8c2d-45e48ce4c21a:group-B144B852F64B closes. The last applied log index is 0
2019-08-24 06:44:48,233 [346f50d4-4cfb-4a4d-b68d-ac9cdc7f84a1-SegmentedRaftLogWorker:Storage Directory /workdir/hadoop-ozone/integration-test/target/test-dir/MiniOzoneClusterImpl-a8998418-e7b8-46c6-9f95-b9b709c41866/datanode-3/data/ratis/f9f35b37-03c4-45f9-99bf-c4cdf03bc801] INFO  segmented.SegmentedRaftLogWorker (SegmentedRaftLogWorker.java:run(313)) - 346f50d4-4cfb-4a4d-b68d-ac9cdc7f84a1-SegmentedRaftLogWorker:Storage Directory /workdir/hadoop-ozone/integration-test/target/test-dir/MiniOzoneClusterImpl-a8998418-e7b8-46c6-9f95-b9b709c41866/datanode-3/data/ratis/f9f35b37-03c4-45f9-99bf-c4cdf03bc801 was interrupted, exiting. There are 0 tasks remaining in the queue.
2019-08-24 06:44:48,233 [4ae5f13b-0709-4697-8c2d-45e48ce4c21a-SegmentedRaftLogWorker:Storage Directory /workdir/hadoop-ozone/integration-test/target/test-dir/MiniOzoneClusterImpl-a8998418-e7b8-46c6-9f95-b9b709c41866/datanode-2/data/ratis/3878e8bb-34d6-4075-863d-b144b852f64b] INFO  segmented.SegmentedRaftLogWorker (SegmentedRaftLogWorker.java:run(313)) - 4ae5f13b-0709-4697-8c2d-45e48ce4c21a-SegmentedRaftLogWorker:Storage Directory /workdir/hadoop-ozone/integration-test/target/test-dir/MiniOzoneClusterImpl-a8998418-e7b8-46c6-9f95-b9b709c41866/datanode-2/data/ratis/3878e8bb-34d6-4075-863d-b144b852f64b was interrupted, exiting. There are 0 tasks remaining in the queue.
2019-08-24 06:44:48,236 [main] INFO  segmented.SegmentedRaftLogWorker (SegmentedRaftLogWorker.java:close(228)) - 346f50d4-4cfb-4a4d-b68d-ac9cdc7f84a1-SegmentedRaftLogWorker:Storage Directory /workdir/hadoop-ozone/integration-test/target/test-dir/MiniOzoneClusterImpl-a8998418-e7b8-46c6-9f95-b9b709c41866/datanode-3/data/ratis/f9f35b37-03c4-45f9-99bf-c4cdf03bc801 close()
2019-08-24 06:44:48,238 [ForkJoinPool.commonPool-worker-1] INFO  segmented.SegmentedRaftLogWorker (SegmentedRaftLogWorker.java:close(228)) - 4ae5f13b-0709-4697-8c2d-45e48ce4c21a-SegmentedRaftLogWorker:Storage Directory /workdir/hadoop-ozone/integration-test/target/test-dir/MiniOzoneClusterImpl-a8998418-e7b8-46c6-9f95-b9b709c41866/datanode-2/data/ratis/3878e8bb-34d6-4075-863d-b144b852f64b close()
2019-08-24 06:44:48,242 [main] INFO  impl.RaftServerImpl (RaftServerImpl.java:lambda$shutdown$3(245)) - 346f50d4-4cfb-4a4d-b68d-ac9cdc7f84a1: shutdown group-9921F2B055CA
2019-08-24 06:44:48,246 [ForkJoinPool.commonPool-worker-1] INFO  impl.RaftServerImpl (RaftServerImpl.java:lambda$shutdown$3(245)) - 4ae5f13b-0709-4697-8c2d-45e48ce4c21a: shutdown group-C76E2D9A48E9
2019-08-24 06:44:48,247 [main] INFO  util.JmxRegister (JmxRegister.java:unregister(73)) - Successfully un-registered JMX Bean with object name Ratis:service=RaftServer,group=group-9921F2B055CA,id=346f50d4-4cfb-4a4d-b68d-ac9cdc7f84a1
2019-08-24 06:44:48,247 [main] INFO  impl.RoleInfo (RoleInfo.java:shutdownLeaderState(104)) - 346f50d4-4cfb-4a4d-b68d-ac9cdc7f84a1: shutdown LeaderState
2019-08-24 06:44:48,247 [ForkJoinPool.commonPool-worker-1] INFO  util.JmxRegister (JmxRegister.java:unregister(73)) - Successfully un-registered JMX Bean with object name Ratis:service=RaftServer,group=group-C76E2D9A48E9,id=4ae5f13b-0709-4697-8c2d-45e48ce4c21a
2019-08-24 06:44:48,252 [org.apache.ratis.server.impl.LogAppender$AppenderDaemon$$Lambda$462/934584112@1fb68d8] WARN  server.GrpcLogAppender (GrpcLogAppender.java:mayWait(143)) - GrpcLogAppender(346f50d4-4cfb-4a4d-b68d-ac9cdc7f84a1->bd993a40-bff9-4658-863b-6abb9ef357ab): Wait interrupted by java.lang.InterruptedException
2019-08-24 06:44:48,252 [org.apache.ratis.server.impl.LogAppender$AppenderDaemon$$Lambda$462/934584112@151d1d74] WARN  server.GrpcLogAppender (GrpcLogAppender.java:mayWait(143)) - GrpcLogAppender(346f50d4-4cfb-4a4d-b68d-ac9cdc7f84a1->25c68470-958e-4591-9cf0-a41ec1fd78b1): Wait interrupted by java.lang.InterruptedException
2019-08-24 06:44:48,252 [main] INFO  impl.PendingRequests (PendingRequests.java:sendNotLeaderResponses(202)) - 346f50d4-4cfb-4a4d-b68d-ac9cdc7f84a1-PendingRequests: sendNotLeaderResponses
2019-08-24 06:44:48,252 [ForkJoinPool.commonPool-worker-1] INFO  impl.RoleInfo (RoleInfo.java:shutdownLeaderState(104)) - 4ae5f13b-0709-4697-8c2d-45e48ce4c21a: shutdown LeaderState
2019-08-24 06:44:48,253 [main] INFO  impl.StateMachineUpdater (StateMachineUpdater.java:stopAndJoin(115)) - StateMachineUpdater:346f50d4-4cfb-4a4d-b68d-ac9cdc7f84a1:group-9921F2B055CA: set stopIndex = 16
2019-08-24 06:44:48,257 [org.apache.ratis.server.impl.LogAppender$AppenderDaemon$$Lambda$462/934584112@706019f2] WARN  server.GrpcLogAppender (GrpcLogAppender.java:mayWait(143)) - GrpcLogAppender(4ae5f13b-0709-4697-8c2d-45e48ce4c21a->cfa00991-4858-43cd-92ab-b86e3cf154fa): Wait interrupted by java.lang.InterruptedException
2019-08-24 06:44:48,257 [org.apache.ratis.server.impl.LogAppender$AppenderDaemon$$Lambda$462/934584112@3562999a] WARN  server.GrpcLogAppender (GrpcLogAppender.java:mayWait(143)) - GrpcLogAppender(4ae5f13b-0709-4697-8c2d-45e48ce4c21a->fd008af0-4f48-4b99-a0e7-19298396ae47): Wait interrupted by java.lang.InterruptedException
2019-08-24 06:44:48,257 [ForkJoinPool.commonPool-worker-1] INFO  impl.PendingRequests (PendingRequests.java:sendNotLeaderResponses(202)) - 4ae5f13b-0709-4697-8c2d-45e48ce4c21a-PendingRequests: sendNotLeaderResponses
2019-08-24 06:44:48,258 [grpc-default-executor-11] INFO  server.GrpcServerProtocolService (GrpcServerProtocolService.java:onCompleted(104)) - fd008af0-4f48-4b99-a0e7-19298396ae47: appendEntries completed
2019-08-24 06:44:48,253 [StateMachineUpdater:346f50d4-4cfb-4a4d-b68d-ac9cdc7f84a1:group-9921F2B055CA] INFO  ratis.ContainerStateMachine (ContainerStateMachine.java:takeSnapshot(284)) - group-9921F2B055CA: Taking a snapshot at:(t:1, i:12) file /workdir/hadoop-ozone/integration-test/target/test-dir/MiniOzoneClusterImpl-a8998418-e7b8-46c6-9f95-b9b709c41866/datanode-3/data/ratis/716b5242-7111-4fec-baf3-9921f2b055ca/sm/snapshot.1_12
2019-08-24 06:44:48,261 [StateMachineUpdater:4ae5f13b-0709-4697-8c2d-45e48ce4c21a:group-C76E2D9A48E9] INFO  ratis.ContainerStateMachine (ContainerStateMachine.java:takeSnapshot(284)) - group-C76E2D9A48E9: Taking a snapshot at:(t:1, i:13) file /workdir/hadoop-ozone/integration-test/target/test-dir/MiniOzoneClusterImpl-a8998418-e7b8-46c6-9f95-b9b709c41866/datanode-2/data/ratis/b3ba31ba-bf55-4a6e-9d46-c76e2d9a48e9/sm/snapshot.1_13
2019-08-24 06:44:48,261 [ForkJoinPool.commonPool-worker-1] INFO  impl.StateMachineUpdater (StateMachineUpdater.java:stopAndJoin(115)) - StateMachineUpdater:4ae5f13b-0709-4697-8c2d-45e48ce4c21a:group-C76E2D9A48E9: set stopIndex = 15
2019-08-24 06:44:48,262 [grpc-default-executor-10] INFO  server.GrpcLogAppender (GrpcLogAppender.java:onCompleted(292)) - 4ae5f13b-0709-4697-8c2d-45e48ce4c21a->fd008af0-4f48-4b99-a0e7-19298396ae47: follower responses appendEntries COMPLETED
2019-08-24 06:44:48,262 [grpc-default-executor-10] INFO  impl.FollowerInfo (FollowerInfo.java:lambda$new$0(50)) - 4ae5f13b-0709-4697-8c2d-45e48ce4c21a->fd008af0-4f48-4b99-a0e7-19298396ae47: nextIndex: updateUnconditionally 16 -> 15
2019-08-24 06:44:48,288 [StateMachineUpdater:4ae5f13b-0709-4697-8c2d-45e48ce4c21a:group-C76E2D9A48E9] INFO  ratis.ContainerStateMachine (ContainerStateMachine.java:takeSnapshot(295)) - group-C76E2D9A48E9: Finished taking a snapshot at:(t:1, i:13) file:/workdir/hadoop-ozone/integration-test/target/test-dir/MiniOzoneClusterImpl-a8998418-e7b8-46c6-9f95-b9b709c41866/datanode-2/data/ratis/b3ba31ba-bf55-4a6e-9d46-c76e2d9a48e9/sm/snapshot.1_13 time:26
2019-08-24 06:44:48,288 [StateMachineUpdater:346f50d4-4cfb-4a4d-b68d-ac9cdc7f84a1:group-9921F2B055CA] INFO  ratis.ContainerStateMachine (ContainerStateMachine.java:takeSnapshot(295)) - group-9921F2B055CA: Finished taking a snapshot at:(t:1, i:12) file:/workdir/hadoop-ozone/integration-test/target/test-dir/MiniOzoneClusterImpl-a8998418-e7b8-46c6-9f95-b9b709c41866/datanode-3/data/ratis/716b5242-7111-4fec-baf3-9921f2b055ca/sm/snapshot.1_12 time:35
2019-08-24 06:44:48,288 [StateMachineUpdater:4ae5f13b-0709-4697-8c2d-45e48ce4c21a:group-C76E2D9A48E9] INFO  impl.StateMachineUpdater (StateMachineUpdater.java:takeSnapshot(242)) - StateMachineUpdater:4ae5f13b-0709-4697-8c2d-45e48ce4c21a:group-C76E2D9A48E9: Took a snapshot at index 13
2019-08-24 06:44:48,288 [StateMachineUpdater:346f50d4-4cfb-4a4d-b68d-ac9cdc7f84a1:group-9921F2B055CA] INFO  impl.StateMachineUpdater (StateMachineUpdater.java:takeSnapshot(242)) - StateMachineUpdater:346f50d4-4cfb-4a4d-b68d-ac9cdc7f84a1:group-9921F2B055CA: Took a snapshot at index 12
2019-08-24 06:44:48,288 [StateMachineUpdater:4ae5f13b-0709-4697-8c2d-45e48ce4c21a:group-C76E2D9A48E9] INFO  impl.StateMachineUpdater (StateMachineUpdater.java:lambda$new$0(80)) - StateMachineUpdater:4ae5f13b-0709-4697-8c2d-45e48ce4c21a:group-C76E2D9A48E9: snapshotIndex: updateIncreasingly -1 -> 13
2019-08-24 06:44:48,288 [StateMachineUpdater:346f50d4-4cfb-4a4d-b68d-ac9cdc7f84a1:group-9921F2B055CA] INFO  impl.StateMachineUpdater (StateMachineUpdater.java:lambda$new$0(80)) - StateMachineUpdater:346f50d4-4cfb-4a4d-b68d-ac9cdc7f84a1:group-9921F2B055CA: snapshotIndex: updateIncreasingly -1 -> 12
2019-08-24 06:44:48,289 [ForkJoinPool.commonPool-worker-1] INFO  impl.RaftServerImpl (ServerState.java:close(394)) - 4ae5f13b-0709-4697-8c2d-45e48ce4c21a:group-C76E2D9A48E9 closes. The last applied log index is 15
2019-08-24 06:44:48,289 [main] INFO  impl.RaftServerImpl (ServerState.java:close(394)) - 346f50d4-4cfb-4a4d-b68d-ac9cdc7f84a1:group-9921F2B055CA closes. The last applied log index is 16
2019-08-24 06:44:48,289 [4ae5f13b-0709-4697-8c2d-45e48ce4c21a-SegmentedRaftLogWorker:Storage Directory /workdir/hadoop-ozone/integration-test/target/test-dir/MiniOzoneClusterImpl-a8998418-e7b8-46c6-9f95-b9b709c41866/datanode-2/data/ratis/b3ba31ba-bf55-4a6e-9d46-c76e2d9a48e9] INFO  segmented.SegmentedRaftLogWorker (SegmentedRaftLogWorker.java:run(313)) - 4ae5f13b-0709-4697-8c2d-45e48ce4c21a-SegmentedRaftLogWorker:Storage Directory /workdir/hadoop-ozone/integration-test/target/test-dir/MiniOzoneClusterImpl-a8998418-e7b8-46c6-9f95-b9b709c41866/datanode-2/data/ratis/b3ba31ba-bf55-4a6e-9d46-c76e2d9a48e9 was interrupted, exiting. There are 0 tasks remaining in the queue.
2019-08-24 06:44:48,290 [346f50d4-4cfb-4a4d-b68d-ac9cdc7f84a1-SegmentedRaftLogWorker:Storage Directory /workdir/hadoop-ozone/integration-test/target/test-dir/MiniOzoneClusterImpl-a8998418-e7b8-46c6-9f95-b9b709c41866/datanode-3/data/ratis/716b5242-7111-4fec-baf3-9921f2b055ca] INFO  segmented.SegmentedRaftLogWorker (SegmentedRaftLogWorker.java:run(313)) - 346f50d4-4cfb-4a4d-b68d-ac9cdc7f84a1-SegmentedRaftLogWorker:Storage Directory /workdir/hadoop-ozone/integration-test/target/test-dir/MiniOzoneClusterImpl-a8998418-e7b8-46c6-9f95-b9b709c41866/datanode-3/data/ratis/716b5242-7111-4fec-baf3-9921f2b055ca was interrupted, exiting. There are 0 tasks remaining in the queue.
2019-08-24 06:44:48,292 [ForkJoinPool.commonPool-worker-1] INFO  segmented.SegmentedRaftLogWorker (SegmentedRaftLogWorker.java:close(228)) - 4ae5f13b-0709-4697-8c2d-45e48ce4c21a-SegmentedRaftLogWorker:Storage Directory /workdir/hadoop-ozone/integration-test/target/test-dir/MiniOzoneClusterImpl-a8998418-e7b8-46c6-9f95-b9b709c41866/datanode-2/data/ratis/b3ba31ba-bf55-4a6e-9d46-c76e2d9a48e9 close()
2019-08-24 06:44:48,294 [main] INFO  segmented.SegmentedRaftLogWorker (SegmentedRaftLogWorker.java:close(228)) - 346f50d4-4cfb-4a4d-b68d-ac9cdc7f84a1-SegmentedRaftLogWorker:Storage Directory /workdir/hadoop-ozone/integration-test/target/test-dir/MiniOzoneClusterImpl-a8998418-e7b8-46c6-9f95-b9b709c41866/datanode-3/data/ratis/716b5242-7111-4fec-baf3-9921f2b055ca close()
2019-08-24 06:44:48,306 [ForkJoinPool.commonPool-worker-1] INFO  server.GrpcService (GrpcService.java:closeImpl(155)) - 4ae5f13b-0709-4697-8c2d-45e48ce4c21a: shutdown server with port 42809 now
2019-08-24 06:44:48,308 [main] INFO  server.GrpcService (GrpcService.java:closeImpl(155)) - 346f50d4-4cfb-4a4d-b68d-ac9cdc7f84a1: shutdown server with port 34448 now
2019-08-24 06:44:48,310 [grpc-default-executor-11] WARN  client.GrpcClientProtocolService (LogUtils.java:warn(134)) - 1-UnorderedRequestStreamObserver1: onError: org.apache.ratis.thirdparty.io.grpc.StatusRuntimeException: CANCELLED: cancelled before receiving half close
2019-08-24 06:44:48,310 [main] INFO  server.GrpcService (GrpcService.java:closeImpl(163)) - 346f50d4-4cfb-4a4d-b68d-ac9cdc7f84a1: shutdown server with port 34448 successfully
2019-08-24 06:44:48,310 [ForkJoinPool.commonPool-worker-1] INFO  server.GrpcService (GrpcService.java:closeImpl(163)) - 4ae5f13b-0709-4697-8c2d-45e48ce4c21a: shutdown server with port 42809 successfully
2019-08-24 06:44:48,312 [refreshUsed-/workdir/hadoop-ozone/integration-test/target/test-dir/MiniOzoneClusterImpl-a8998418-e7b8-46c6-9f95-b9b709c41866/datanode-3/data/containers] WARN  fs.CachingGetSpaceUsed (CachingGetSpaceUsed.java:run(183)) - Thread Interrupted waiting to refresh disk information: sleep interrupted
2019-08-24 06:44:48,316 [refreshUsed-/workdir/hadoop-ozone/integration-test/target/test-dir/MiniOzoneClusterImpl-a8998418-e7b8-46c6-9f95-b9b709c41866/datanode-2/data/containers] WARN  fs.CachingGetSpaceUsed (CachingGetSpaceUsed.java:run(183)) - Thread Interrupted waiting to refresh disk information: sleep interrupted
2019-08-24 06:44:48,335 [main] INFO  utils.BackgroundService (BackgroundService.java:shutdown(148)) - Shutting down service BlockDeletingService
2019-08-24 06:44:48,339 [main] INFO  statemachine.DatanodeStateMachine (DatanodeStateMachine.java:stopDaemon(395)) - Ozone container server stopped.
2019-08-24 06:44:48,340 [main] INFO  handler.ContextHandler (ContextHandler.java:doStop(910)) - Stopped o.e.j.w.WebAppContext@58f05266{/,null,UNAVAILABLE}{/hddsDatanode}
2019-08-24 06:44:48,341 [main] INFO  server.AbstractConnector (AbstractConnector.java:doStop(318)) - Stopped ServerConnector@2b3ac26d{HTTP/1.1,[http/1.1]}{0.0.0.0:0}
2019-08-24 06:44:48,341 [ForkJoinPool.commonPool-worker-1] INFO  utils.BackgroundService (BackgroundService.java:shutdown(148)) - Shutting down service BlockDeletingService
2019-08-24 06:44:48,342 [main] INFO  handler.ContextHandler (ContextHandler.java:doStop(910)) - Stopped o.e.j.s.ServletContextHandler@1da53092{/static,jar:file:/home/user/.m2/repository/org/apache/hadoop/hadoop-hdds-container-service/0.5.0-SNAPSHOT/hadoop-hdds-container-service-0.5.0-SNAPSHOT.jar!/webapps/static,UNAVAILABLE}
2019-08-24 06:44:48,343 [main] INFO  handler.ContextHandler (ContextHandler.java:doStop(910)) - Stopped o.e.j.s.ServletContextHandler@7d29fc6{/logs,file:///workdir/hadoop-ozone/integration-test/target/log,UNAVAILABLE}
2019-08-24 06:44:48,346 [ForkJoinPool.commonPool-worker-1] INFO  statemachine.DatanodeStateMachine (DatanodeStateMachine.java:stopDaemon(395)) - Ozone container server stopped.
2019-08-24 06:44:48,349 [main] INFO  datanode.ObjectStoreHandler (ObjectStoreHandler.java:close(155)) - Closing ObjectStoreHandler.
2019-08-24 06:44:48,350 [main] INFO  ozone.HddsDatanodeService (HddsDatanodeService.java:stop(451)) - Stopped plug-in org.apache.hadoop.ozone.web.OzoneHddsDatanodeService@2984edab
2019-08-24 06:44:48,351 [ForkJoinPool.commonPool-worker-1] INFO  handler.ContextHandler (ContextHandler.java:doStop(910)) - Stopped o.e.j.w.WebAppContext@6f526f91{/,null,UNAVAILABLE}{/hddsDatanode}
2019-08-24 06:44:48,352 [ForkJoinPool.commonPool-worker-1] INFO  server.AbstractConnector (AbstractConnector.java:doStop(318)) - Stopped ServerConnector@26c349fc{HTTP/1.1,[http/1.1]}{0.0.0.0:0}
2019-08-24 06:44:48,353 [ForkJoinPool.commonPool-worker-1] INFO  handler.ContextHandler (ContextHandler.java:doStop(910)) - Stopped o.e.j.s.ServletContextHandler@313c3cb{/static,jar:file:/home/user/.m2/repository/org/apache/hadoop/hadoop-hdds-container-service/0.5.0-SNAPSHOT/hadoop-hdds-container-service-0.5.0-SNAPSHOT.jar!/webapps/static,UNAVAILABLE}
2019-08-24 06:44:48,355 [ForkJoinPool.commonPool-worker-1] INFO  handler.ContextHandler (ContextHandler.java:doStop(910)) - Stopped o.e.j.s.ServletContextHandler@2eb27091{/logs,file:///workdir/hadoop-ozone/integration-test/target/log,UNAVAILABLE}
2019-08-24 06:44:48,356 [ForkJoinPool.commonPool-worker-1] INFO  datanode.ObjectStoreHandler (ObjectStoreHandler.java:close(155)) - Closing ObjectStoreHandler.
2019-08-24 06:44:48,356 [ForkJoinPool.commonPool-worker-1] INFO  ozone.HddsDatanodeService (HddsDatanodeService.java:stop(451)) - Stopped plug-in org.apache.hadoop.ozone.web.OzoneHddsDatanodeService@36a59d8
2019-08-24 06:44:48,845 [Datanode State Machine Thread - 0] INFO  statemachine.DatanodeStateMachine (DatanodeStateMachine.java:lambda$startDaemon$0(350)) - Ozone container server started.
2019-08-24 06:44:48,846 [Datanode State Machine Thread - 0] INFO  statemachine.DatanodeStateMachine (DatanodeStateMachine.java:lambda$startDaemon$0(350)) - Ozone container server started.
2019-08-24 06:44:52,884 [EventQueue-StaleNodeForStaleNodeHandler] INFO  node.StaleNodeHandler (StaleNodeHandler.java:onMessage(58)) - Datanode 5e7adc50-b544-477d-9a22-450e06c720cc{ip: 192.168.34.51, host: pr-hdds-1753-tn75t-532954605, networkLocation: /default-rack, certSerialId: null} moved to stale state. Finalizing its pipelines [PipelineID=4ae1e9e0-5577-441c-8fd2-03f09d22881c]
2019-08-24 06:44:52,885 [EventQueue-StaleNodeForStaleNodeHandler] INFO  pipeline.SCMPipelineManager (SCMPipelineManager.java:finalizeAndDestroyPipeline(309)) - destroying pipeline:Pipeline[ Id: 4ae1e9e0-5577-441c-8fd2-03f09d22881c, Nodes: 5e7adc50-b544-477d-9a22-450e06c720cc{ip: 192.168.34.51, host: pr-hdds-1753-tn75t-532954605, networkLocation: /default-rack, certSerialId: null}, Type:RATIS, Factor:ONE, State:OPEN]
2019-08-24 06:44:52,885 [EventQueue-StaleNodeForStaleNodeHandler] INFO  pipeline.PipelineStateManager (PipelineStateManager.java:finalizePipeline(123)) - Pipeline Pipeline[ Id: 4ae1e9e0-5577-441c-8fd2-03f09d22881c, Nodes: 5e7adc50-b544-477d-9a22-450e06c720cc{ip: 192.168.34.51, host: pr-hdds-1753-tn75t-532954605, networkLocation: /default-rack, certSerialId: null}, Type:RATIS, Factor:ONE, State:CLOSED] moved to CLOSED state
2019-08-24 06:44:52,885 [EventQueue-StaleNodeForStaleNodeHandler] INFO  node.StaleNodeHandler (StaleNodeHandler.java:onMessage(58)) - Datanode fd008af0-4f48-4b99-a0e7-19298396ae47{ip: 192.168.34.51, host: pr-hdds-1753-tn75t-532954605, networkLocation: /default-rack, certSerialId: null} moved to stale state. Finalizing its pipelines [PipelineID=b3ba31ba-bf55-4a6e-9d46-c76e2d9a48e9, PipelineID=6732f970-c3d0-481d-9e28-df6656fb3ab3]
2019-08-24 06:44:52,885 [EventQueue-StaleNodeForStaleNodeHandler] INFO  pipeline.SCMPipelineManager (SCMPipelineManager.java:finalizeAndDestroyPipeline(309)) - destroying pipeline:Pipeline[ Id: b3ba31ba-bf55-4a6e-9d46-c76e2d9a48e9, Nodes: 4ae5f13b-0709-4697-8c2d-45e48ce4c21a{ip: 192.168.34.51, host: pr-hdds-1753-tn75t-532954605, networkLocation: /default-rack, certSerialId: null}cfa00991-4858-43cd-92ab-b86e3cf154fa{ip: 192.168.34.51, host: pr-hdds-1753-tn75t-532954605, networkLocation: /default-rack, certSerialId: null}fd008af0-4f48-4b99-a0e7-19298396ae47{ip: 192.168.34.51, host: pr-hdds-1753-tn75t-532954605, networkLocation: /default-rack, certSerialId: null}, Type:RATIS, Factor:THREE, State:CLOSED]
2019-08-24 06:44:52,886 [EventQueue-StaleNodeForStaleNodeHandler] INFO  pipeline.SCMPipelineManager (SCMPipelineManager.java:finalizeAndDestroyPipeline(309)) - destroying pipeline:Pipeline[ Id: 6732f970-c3d0-481d-9e28-df6656fb3ab3, Nodes: fd008af0-4f48-4b99-a0e7-19298396ae47{ip: 192.168.34.51, host: pr-hdds-1753-tn75t-532954605, networkLocation: /default-rack, certSerialId: null}, Type:RATIS, Factor:ONE, State:OPEN]
2019-08-24 06:44:52,886 [EventQueue-StaleNodeForStaleNodeHandler] INFO  pipeline.PipelineStateManager (PipelineStateManager.java:finalizePipeline(123)) - Pipeline Pipeline[ Id: 6732f970-c3d0-481d-9e28-df6656fb3ab3, Nodes: fd008af0-4f48-4b99-a0e7-19298396ae47{ip: 192.168.34.51, host: pr-hdds-1753-tn75t-532954605, networkLocation: /default-rack, certSerialId: null}, Type:RATIS, Factor:ONE, State:CLOSED] moved to CLOSED state
2019-08-24 06:44:53,352 [main] INFO  ozoneimpl.OzoneContainer (OzoneContainer.java:stop(215)) - Attempting to stop container services.
2019-08-24 06:44:53,353 [main] INFO  impl.RaftServerProxy (RaftServerProxy.java:lambda$close$4(314)) - 5e7adc50-b544-477d-9a22-450e06c720cc: close
2019-08-24 06:44:53,353 [main] INFO  impl.RaftServerImpl (RaftServerImpl.java:lambda$shutdown$3(245)) - 5e7adc50-b544-477d-9a22-450e06c720cc: shutdown group-03F09D22881C
2019-08-24 06:44:53,354 [main] INFO  util.JmxRegister (JmxRegister.java:unregister(73)) - Successfully un-registered JMX Bean with object name Ratis:service=RaftServer,group=group-03F09D22881C,id=5e7adc50-b544-477d-9a22-450e06c720cc
2019-08-24 06:44:53,354 [main] INFO  impl.RoleInfo (RoleInfo.java:shutdownLeaderState(104)) - 5e7adc50-b544-477d-9a22-450e06c720cc: shutdown LeaderState
2019-08-24 06:44:53,355 [main] INFO  impl.PendingRequests (PendingRequests.java:sendNotLeaderResponses(202)) - 5e7adc50-b544-477d-9a22-450e06c720cc-PendingRequests: sendNotLeaderResponses
2019-08-24 06:44:53,355 [main] INFO  impl.StateMachineUpdater (StateMachineUpdater.java:stopAndJoin(115)) - StateMachineUpdater:5e7adc50-b544-477d-9a22-450e06c720cc:group-03F09D22881C: set stopIndex = 0
2019-08-24 06:44:53,356 [main] INFO  impl.RaftServerImpl (ServerState.java:close(394)) - 5e7adc50-b544-477d-9a22-450e06c720cc:group-03F09D22881C closes. The last applied log index is 0
2019-08-24 06:44:53,356 [5e7adc50-b544-477d-9a22-450e06c720cc-SegmentedRaftLogWorker:Storage Directory /workdir/hadoop-ozone/integration-test/target/test-dir/MiniOzoneClusterImpl-a8998418-e7b8-46c6-9f95-b9b709c41866/datanode-6/data/ratis/4ae1e9e0-5577-441c-8fd2-03f09d22881c] INFO  segmented.SegmentedRaftLogWorker (SegmentedRaftLogWorker.java:run(313)) - 5e7adc50-b544-477d-9a22-450e06c720cc-SegmentedRaftLogWorker:Storage Directory /workdir/hadoop-ozone/integration-test/target/test-dir/MiniOzoneClusterImpl-a8998418-e7b8-46c6-9f95-b9b709c41866/datanode-6/data/ratis/4ae1e9e0-5577-441c-8fd2-03f09d22881c was interrupted, exiting. There are 0 tasks remaining in the queue.
2019-08-24 06:44:53,357 [main] INFO  segmented.SegmentedRaftLogWorker (SegmentedRaftLogWorker.java:close(228)) - 5e7adc50-b544-477d-9a22-450e06c720cc-SegmentedRaftLogWorker:Storage Directory /workdir/hadoop-ozone/integration-test/target/test-dir/MiniOzoneClusterImpl-a8998418-e7b8-46c6-9f95-b9b709c41866/datanode-6/data/ratis/4ae1e9e0-5577-441c-8fd2-03f09d22881c close()
2019-08-24 06:44:53,357 [ForkJoinPool.commonPool-worker-1] INFO  ozoneimpl.OzoneContainer (OzoneContainer.java:stop(215)) - Attempting to stop container services.
2019-08-24 06:44:53,359 [main] INFO  server.GrpcService (GrpcService.java:closeImpl(155)) - 5e7adc50-b544-477d-9a22-450e06c720cc: shutdown server with port 39195 now
2019-08-24 06:44:53,360 [ForkJoinPool.commonPool-worker-1] INFO  impl.RaftServerProxy (RaftServerProxy.java:lambda$close$4(314)) - fd008af0-4f48-4b99-a0e7-19298396ae47: close
2019-08-24 06:44:53,360 [main] INFO  server.GrpcService (GrpcService.java:closeImpl(163)) - 5e7adc50-b544-477d-9a22-450e06c720cc: shutdown server with port 39195 successfully
2019-08-24 06:44:53,360 [ForkJoinPool.commonPool-worker-1] INFO  impl.RaftServerImpl (RaftServerImpl.java:lambda$shutdown$3(245)) - fd008af0-4f48-4b99-a0e7-19298396ae47: shutdown group-C76E2D9A48E9
2019-08-24 06:44:53,361 [ForkJoinPool.commonPool-worker-1] INFO  util.JmxRegister (JmxRegister.java:unregister(73)) - Successfully un-registered JMX Bean with object name Ratis:service=RaftServer,group=group-C76E2D9A48E9,id=fd008af0-4f48-4b99-a0e7-19298396ae47
2019-08-24 06:44:53,361 [ForkJoinPool.commonPool-worker-1] INFO  impl.RoleInfo (RoleInfo.java:shutdownFollowerState(121)) - fd008af0-4f48-4b99-a0e7-19298396ae47: shutdown FollowerState
2019-08-24 06:44:53,362 [ForkJoinPool.commonPool-worker-1] INFO  impl.StateMachineUpdater (StateMachineUpdater.java:stopAndJoin(115)) - StateMachineUpdater:fd008af0-4f48-4b99-a0e7-19298396ae47:group-C76E2D9A48E9: set stopIndex = 15
2019-08-24 06:44:53,362 [StateMachineUpdater:fd008af0-4f48-4b99-a0e7-19298396ae47:group-C76E2D9A48E9] INFO  ratis.ContainerStateMachine (ContainerStateMachine.java:takeSnapshot(284)) - group-C76E2D9A48E9: Taking a snapshot at:(t:1, i:13) file /workdir/hadoop-ozone/integration-test/target/test-dir/MiniOzoneClusterImpl-a8998418-e7b8-46c6-9f95-b9b709c41866/datanode-0/data/ratis/b3ba31ba-bf55-4a6e-9d46-c76e2d9a48e9/sm/snapshot.1_13
2019-08-24 06:44:53,362 [Thread-3612] INFO  impl.FollowerState (FollowerState.java:run(114)) - fd008af0-4f48-4b99-a0e7-19298396ae47: FollowerState was interrupted: java.lang.InterruptedException: sleep interrupted
2019-08-24 06:44:53,369 [refreshUsed-/workdir/hadoop-ozone/integration-test/target/test-dir/MiniOzoneClusterImpl-a8998418-e7b8-46c6-9f95-b9b709c41866/datanode-6/data/containers] WARN  fs.CachingGetSpaceUsed (CachingGetSpaceUsed.java:run(183)) - Thread Interrupted waiting to refresh disk information: sleep interrupted
2019-08-24 06:44:53,372 [StateMachineUpdater:fd008af0-4f48-4b99-a0e7-19298396ae47:group-C76E2D9A48E9] INFO  ratis.ContainerStateMachine (ContainerStateMachine.java:takeSnapshot(295)) - group-C76E2D9A48E9: Finished taking a snapshot at:(t:1, i:13) file:/workdir/hadoop-ozone/integration-test/target/test-dir/MiniOzoneClusterImpl-a8998418-e7b8-46c6-9f95-b9b709c41866/datanode-0/data/ratis/b3ba31ba-bf55-4a6e-9d46-c76e2d9a48e9/sm/snapshot.1_13 time:10
2019-08-24 06:44:53,372 [StateMachineUpdater:fd008af0-4f48-4b99-a0e7-19298396ae47:group-C76E2D9A48E9] INFO  impl.StateMachineUpdater (StateMachineUpdater.java:takeSnapshot(242)) - StateMachineUpdater:fd008af0-4f48-4b99-a0e7-19298396ae47:group-C76E2D9A48E9: Took a snapshot at index 13
2019-08-24 06:44:53,372 [StateMachineUpdater:fd008af0-4f48-4b99-a0e7-19298396ae47:group-C76E2D9A48E9] INFO  impl.StateMachineUpdater (StateMachineUpdater.java:lambda$new$0(80)) - StateMachineUpdater:fd008af0-4f48-4b99-a0e7-19298396ae47:group-C76E2D9A48E9: snapshotIndex: updateIncreasingly -1 -> 13
2019-08-24 06:44:53,373 [ForkJoinPool.commonPool-worker-1] INFO  impl.RaftServerImpl (ServerState.java:close(394)) - fd008af0-4f48-4b99-a0e7-19298396ae47:group-C76E2D9A48E9 closes. The last applied log index is 15
2019-08-24 06:44:53,373 [fd008af0-4f48-4b99-a0e7-19298396ae47-SegmentedRaftLogWorker:Storage Directory /workdir/hadoop-ozone/integration-test/target/test-dir/MiniOzoneClusterImpl-a8998418-e7b8-46c6-9f95-b9b709c41866/datanode-0/data/ratis/b3ba31ba-bf55-4a6e-9d46-c76e2d9a48e9] INFO  segmented.SegmentedRaftLogWorker (SegmentedRaftLogWorker.java:run(313)) - fd008af0-4f48-4b99-a0e7-19298396ae47-SegmentedRaftLogWorker:Storage Directory /workdir/hadoop-ozone/integration-test/target/test-dir/MiniOzoneClusterImpl-a8998418-e7b8-46c6-9f95-b9b709c41866/datanode-0/data/ratis/b3ba31ba-bf55-4a6e-9d46-c76e2d9a48e9 was interrupted, exiting. There are 0 tasks remaining in the queue.
2019-08-24 06:44:53,374 [ForkJoinPool.commonPool-worker-1] INFO  segmented.SegmentedRaftLogWorker (SegmentedRaftLogWorker.java:close(228)) - fd008af0-4f48-4b99-a0e7-19298396ae47-SegmentedRaftLogWorker:Storage Directory /workdir/hadoop-ozone/integration-test/target/test-dir/MiniOzoneClusterImpl-a8998418-e7b8-46c6-9f95-b9b709c41866/datanode-0/data/ratis/b3ba31ba-bf55-4a6e-9d46-c76e2d9a48e9 close()
2019-08-24 06:44:53,375 [ForkJoinPool.commonPool-worker-1] INFO  impl.RaftServerImpl (RaftServerImpl.java:lambda$shutdown$3(245)) - fd008af0-4f48-4b99-a0e7-19298396ae47: shutdown group-DF6656FB3AB3
2019-08-24 06:44:53,376 [ForkJoinPool.commonPool-worker-1] INFO  util.JmxRegister (JmxRegister.java:unregister(73)) - Successfully un-registered JMX Bean with object name Ratis:service=RaftServer,group=group-DF6656FB3AB3,id=fd008af0-4f48-4b99-a0e7-19298396ae47
2019-08-24 06:44:53,376 [ForkJoinPool.commonPool-worker-1] INFO  impl.RoleInfo (RoleInfo.java:shutdownLeaderState(104)) - fd008af0-4f48-4b99-a0e7-19298396ae47: shutdown LeaderState
2019-08-24 06:44:53,376 [ForkJoinPool.commonPool-worker-1] INFO  impl.PendingRequests (PendingRequests.java:sendNotLeaderResponses(202)) - fd008af0-4f48-4b99-a0e7-19298396ae47-PendingRequests: sendNotLeaderResponses
2019-08-24 06:44:53,377 [ForkJoinPool.commonPool-worker-1] INFO  impl.StateMachineUpdater (StateMachineUpdater.java:stopAndJoin(115)) - StateMachineUpdater:fd008af0-4f48-4b99-a0e7-19298396ae47:group-DF6656FB3AB3: set stopIndex = 0
2019-08-24 06:44:53,377 [ForkJoinPool.commonPool-worker-1] INFO  impl.RaftServerImpl (ServerState.java:close(394)) - fd008af0-4f48-4b99-a0e7-19298396ae47:group-DF6656FB3AB3 closes. The last applied log index is 0
2019-08-24 06:44:53,377 [fd008af0-4f48-4b99-a0e7-19298396ae47-SegmentedRaftLogWorker:Storage Directory /workdir/hadoop-ozone/integration-test/target/test-dir/MiniOzoneClusterImpl-a8998418-e7b8-46c6-9f95-b9b709c41866/datanode-0/data/ratis/6732f970-c3d0-481d-9e28-df6656fb3ab3] INFO  segmented.SegmentedRaftLogWorker (SegmentedRaftLogWorker.java:run(313)) - fd008af0-4f48-4b99-a0e7-19298396ae47-SegmentedRaftLogWorker:Storage Directory /workdir/hadoop-ozone/integration-test/target/test-dir/MiniOzoneClusterImpl-a8998418-e7b8-46c6-9f95-b9b709c41866/datanode-0/data/ratis/6732f970-c3d0-481d-9e28-df6656fb3ab3 was interrupted, exiting. There are 0 tasks remaining in the queue.
2019-08-24 06:44:53,378 [ForkJoinPool.commonPool-worker-1] INFO  segmented.SegmentedRaftLogWorker (SegmentedRaftLogWorker.java:close(228)) - fd008af0-4f48-4b99-a0e7-19298396ae47-SegmentedRaftLogWorker:Storage Directory /workdir/hadoop-ozone/integration-test/target/test-dir/MiniOzoneClusterImpl-a8998418-e7b8-46c6-9f95-b9b709c41866/datanode-0/data/ratis/6732f970-c3d0-481d-9e28-df6656fb3ab3 close()
2019-08-24 06:44:53,379 [ForkJoinPool.commonPool-worker-1] INFO  server.GrpcService (GrpcService.java:closeImpl(155)) - fd008af0-4f48-4b99-a0e7-19298396ae47: shutdown server with port 44609 now
2019-08-24 06:44:53,380 [ForkJoinPool.commonPool-worker-1] INFO  server.GrpcService (GrpcService.java:closeImpl(163)) - fd008af0-4f48-4b99-a0e7-19298396ae47: shutdown server with port 44609 successfully
2019-08-24 06:44:53,384 [refreshUsed-/workdir/hadoop-ozone/integration-test/target/test-dir/MiniOzoneClusterImpl-a8998418-e7b8-46c6-9f95-b9b709c41866/datanode-0/data/containers] WARN  fs.CachingGetSpaceUsed (CachingGetSpaceUsed.java:run(183)) - Thread Interrupted waiting to refresh disk information: sleep interrupted
2019-08-24 06:44:53,394 [main] INFO  utils.BackgroundService (BackgroundService.java:shutdown(148)) - Shutting down service BlockDeletingService
2019-08-24 06:44:53,399 [main] INFO  statemachine.DatanodeStateMachine (DatanodeStateMachine.java:stopDaemon(395)) - Ozone container server stopped.
2019-08-24 06:44:53,400 [main] INFO  handler.ContextHandler (ContextHandler.java:doStop(910)) - Stopped o.e.j.w.WebAppContext@7f0b32c0{/,null,UNAVAILABLE}{/hddsDatanode}
2019-08-24 06:44:53,402 [main] INFO  server.AbstractConnector (AbstractConnector.java:doStop(318)) - Stopped ServerConnector@6c152246{HTTP/1.1,[http/1.1]}{0.0.0.0:0}
2019-08-24 06:44:53,403 [main] INFO  handler.ContextHandler (ContextHandler.java:doStop(910)) - Stopped o.e.j.s.ServletContextHandler@48306567{/static,jar:file:/home/user/.m2/repository/org/apache/hadoop/hadoop-hdds-container-service/0.5.0-SNAPSHOT/hadoop-hdds-container-service-0.5.0-SNAPSHOT.jar!/webapps/static,UNAVAILABLE}
2019-08-24 06:44:53,403 [main] INFO  handler.ContextHandler (ContextHandler.java:doStop(910)) - Stopped o.e.j.s.ServletContextHandler@6b174aa3{/logs,file:///workdir/hadoop-ozone/integration-test/target/log,UNAVAILABLE}
2019-08-24 06:44:53,407 [ForkJoinPool.commonPool-worker-1] INFO  utils.BackgroundService (BackgroundService.java:shutdown(148)) - Shutting down service BlockDeletingService
2019-08-24 06:44:53,410 [ForkJoinPool.commonPool-worker-1] INFO  statemachine.DatanodeStateMachine (DatanodeStateMachine.java:stopDaemon(395)) - Ozone container server stopped.
2019-08-24 06:44:53,414 [ForkJoinPool.commonPool-worker-1] INFO  handler.ContextHandler (ContextHandler.java:doStop(910)) - Stopped o.e.j.w.WebAppContext@4ac2b4c6{/,null,UNAVAILABLE}{/hddsDatanode}
2019-08-24 06:44:53,414 [ForkJoinPool.commonPool-worker-1] INFO  server.AbstractConnector (AbstractConnector.java:doStop(318)) - Stopped ServerConnector@326489c4{HTTP/1.1,[http/1.1]}{0.0.0.0:0}
2019-08-24 06:44:53,416 [ForkJoinPool.commonPool-worker-1] INFO  handler.ContextHandler (ContextHandler.java:doStop(910)) - Stopped o.e.j.s.ServletContextHandler@6567de86{/static,jar:file:/home/user/.m2/repository/org/apache/hadoop/hadoop-hdds-container-service/0.5.0-SNAPSHOT/hadoop-hdds-container-service-0.5.0-SNAPSHOT.jar!/webapps/static,UNAVAILABLE}
2019-08-24 06:44:53,417 [ForkJoinPool.commonPool-worker-1] INFO  handler.ContextHandler (ContextHandler.java:doStop(910)) - Stopped o.e.j.s.ServletContextHandler@57fe6f2d{/logs,file:///workdir/hadoop-ozone/integration-test/target/log,UNAVAILABLE}
2019-08-24 06:44:53,418 [main] INFO  ozone.MiniOzoneClusterImpl (MiniOzoneClusterImpl.java:stop(353)) - Stopping the StorageContainerManager
2019-08-24 06:44:53,418 [main] INFO  server.StorageContainerManager (StorageContainerManager.java:stop(797)) - Stopping Replication Manager Service.
2019-08-24 06:44:53,418 [main] INFO  container.ReplicationManager (ReplicationManager.java:stop(193)) - Stopping Replication Monitor Thread.
2019-08-24 06:44:53,418 [main] INFO  server.StorageContainerManager (StorageContainerManager.java:stop(804)) - Stopping Lease Manager of the command watchers
2019-08-24 06:44:53,419 [main] INFO  server.StorageContainerManager (StorageContainerManager.java:stop(811)) - Stopping datanode service RPC server
2019-08-24 06:44:53,419 [main] INFO  server.SCMDatanodeProtocolServer (SCMDatanodeProtocolServer.java:stop(367)) - Stopping the RPC server for DataNodes
2019-08-24 06:44:53,419 [main] INFO  ipc.Server (Server.java:stop(3082)) - Stopping server on 45027
2019-08-24 06:44:53,422 [IPC Server Responder] INFO  ipc.Server (Server.java:run(1319)) - Stopping IPC Server Responder
2019-08-24 06:44:53,422 [IPC Server listener on 45027] INFO  ipc.Server (Server.java:run(1185)) - Stopping IPC Server listener on 45027
2019-08-24 06:44:53,485 [SCM Heartbeat Processing Thread - 0] WARN  node.NodeStateManager (NodeStateManager.java:scheduleNextHealthCheck(646)) - Current Thread is interrupted, shutting down HB processing thread for Node Manager.
2019-08-24 06:44:53,485 [main] INFO  server.StorageContainerManager (StorageContainerManager.java:stop(819)) - Stopping block service RPC server
2019-08-24 06:44:53,485 [main] INFO  server.SCMBlockProtocolServer (SCMBlockProtocolServer.java:stop(148)) - Stopping the RPC server for Block Protocol
2019-08-24 06:44:53,486 [main] INFO  ipc.Server (Server.java:stop(3082)) - Stopping server on 41826
2019-08-24 06:44:53,487 [main] INFO  server.StorageContainerManager (StorageContainerManager.java:stop(826)) - Stopping the StorageContainerLocationProtocol RPC server
2019-08-24 06:44:53,487 [IPC Server listener on 41826] INFO  ipc.Server (Server.java:run(1185)) - Stopping IPC Server listener on 41826
2019-08-24 06:44:53,488 [IPC Server Responder] INFO  ipc.Server (Server.java:run(1319)) - Stopping IPC Server Responder
2019-08-24 06:44:53,488 [main] INFO  server.SCMClientProtocolServer (SCMClientProtocolServer.java:stop(159)) - Stopping the RPC server for Client Protocol
2019-08-24 06:44:53,490 [main] INFO  ipc.Server (Server.java:stop(3082)) - Stopping server on 39582
2019-08-24 06:44:53,492 [IPC Server listener on 39582] INFO  ipc.Server (Server.java:run(1185)) - Stopping IPC Server listener on 39582
2019-08-24 06:44:53,492 [main] INFO  server.StorageContainerManager (StorageContainerManager.java:stop(833)) - Stopping Storage Container Manager HTTP server.
2019-08-24 06:44:53,493 [IPC Server Responder] INFO  ipc.Server (Server.java:run(1319)) - Stopping IPC Server Responder
2019-08-24 06:44:53,494 [main] INFO  handler.ContextHandler (ContextHandler.java:doStop(910)) - Stopped o.e.j.w.WebAppContext@15f3f9cf{/,null,UNAVAILABLE}{/scm}
2019-08-24 06:44:53,495 [main] INFO  server.AbstractConnector (AbstractConnector.java:doStop(318)) - Stopped ServerConnector@7b8d1537{HTTP/1.1,[http/1.1]}{0.0.0.0:0}
2019-08-24 06:44:53,496 [main] INFO  handler.ContextHandler (ContextHandler.java:doStop(910)) - Stopped o.e.j.s.ServletContextHandler@cec1ce2{/static,file:///workdir/hadoop-ozone/integration-test/target/test-classes/webapps/static,UNAVAILABLE}
2019-08-24 06:44:53,496 [main] INFO  handler.ContextHandler (ContextHandler.java:doStop(910)) - Stopped o.e.j.s.ServletContextHandler@38320819{/logs,file:///workdir/hadoop-ozone/integration-test/target/log,UNAVAILABLE}
2019-08-24 06:44:53,497 [main] INFO  server.StorageContainerManager (StorageContainerManager.java:stop(844)) - Stopping Block Manager Service.
2019-08-24 06:44:53,497 [main] INFO  utils.BackgroundService (BackgroundService.java:shutdown(148)) - Shutting down service SCMBlockDeletingService
2019-08-24 06:44:53,498 [main] INFO  utils.BackgroundService (BackgroundService.java:shutdown(148)) - Shutting down service SCMBlockDeletingService
2019-08-24 06:44:53,498 [main] INFO  server.StorageContainerManager (StorageContainerManager.java:stop(866)) - Stopping SCM Event Queue.
2019-08-24 06:44:53,503 [main] INFO  impl.MetricsSystemImpl (MetricsSystemImpl.java:stop(210)) - Stopping HddsDatanode metrics system...
2019-08-24 06:44:53,515 [main] INFO  impl.MetricsSystemImpl (MetricsSystemImpl.java:stop(216)) - HddsDatanode metrics system stopped.
]]></system-out>
    <system-err><![CDATA[Aug 24, 2019 6:44:11 AM com.sun.jersey.server.impl.application.WebApplicationImpl _initiate
INFO: Initiating Jersey application, version 'Jersey: 1.19 02/11/2015 03:25 AM'
Aug 24, 2019 6:44:11 AM com.sun.jersey.server.impl.application.WebApplicationImpl _initiate
INFO: Initiating Jersey application, version 'Jersey: 1.19 02/11/2015 03:25 AM'
Aug 24, 2019 6:44:11 AM com.sun.jersey.server.impl.application.WebApplicationImpl _initiate
INFO: Initiating Jersey application, version 'Jersey: 1.19 02/11/2015 03:25 AM'
Aug 24, 2019 6:44:12 AM com.sun.jersey.server.impl.application.WebApplicationImpl _initiate
INFO: Initiating Jersey application, version 'Jersey: 1.19 02/11/2015 03:25 AM'
Aug 24, 2019 6:44:12 AM com.sun.jersey.server.impl.application.WebApplicationImpl _initiate
INFO: Initiating Jersey application, version 'Jersey: 1.19 02/11/2015 03:25 AM'
Aug 24, 2019 6:44:12 AM com.sun.jersey.server.impl.application.WebApplicationImpl _initiate
INFO: Initiating Jersey application, version 'Jersey: 1.19 02/11/2015 03:25 AM'
Aug 24, 2019 6:44:12 AM com.sun.jersey.server.impl.application.WebApplicationImpl _initiate
INFO: Initiating Jersey application, version 'Jersey: 1.19 02/11/2015 03:25 AM'
Aug 24, 2019 6:44:15 AM org.apache.ratis.thirdparty.io.grpc.internal.ManagedChannelOrphanWrapper$ManagedChannelReference cleanQueue
SEVERE: *~*~*~ Channel ManagedChannelImpl{logId=2681, target=192.168.34.51:40440} was not shutdown properly!!! ~*~*~*
    Make sure to call shutdown()/shutdownNow() and wait until awaitTermination() returns true.
java.lang.RuntimeException: ManagedChannel allocation site
	at org.apache.ratis.thirdparty.io.grpc.internal.ManagedChannelOrphanWrapper$ManagedChannelReference.<init>(ManagedChannelOrphanWrapper.java:103)
	at org.apache.ratis.thirdparty.io.grpc.internal.ManagedChannelOrphanWrapper.<init>(ManagedChannelOrphanWrapper.java:53)
	at org.apache.ratis.thirdparty.io.grpc.internal.ManagedChannelOrphanWrapper.<init>(ManagedChannelOrphanWrapper.java:44)
	at org.apache.ratis.thirdparty.io.grpc.internal.AbstractManagedChannelImplBuilder.build(AbstractManagedChannelImplBuilder.java:411)
	at org.apache.ratis.grpc.client.GrpcClientProtocolClient.<init>(GrpcClientProtocolClient.java:119)
	at org.apache.ratis.grpc.client.GrpcClientRpc.lambda$new$0(GrpcClientRpc.java:55)
	at org.apache.ratis.util.PeerProxyMap$PeerAndProxy.lambda$getProxy$0(PeerProxyMap.java:61)
	at org.apache.ratis.util.LifeCycle.startAndTransition(LifeCycle.java:202)
	at org.apache.ratis.util.PeerProxyMap$PeerAndProxy.getProxy(PeerProxyMap.java:60)
	at org.apache.ratis.util.PeerProxyMap.getProxy(PeerProxyMap.java:107)
	at org.apache.ratis.grpc.client.GrpcClientRpc.sendRequestAsync(GrpcClientRpc.java:66)
	at org.apache.ratis.client.impl.OrderedAsync.sendRequest(OrderedAsync.java:208)
	at org.apache.ratis.client.impl.OrderedAsync.sendRequestWithRetry(OrderedAsync.java:169)
	at org.apache.ratis.util.SlidingWindow$Client.sendOrDelayRequest(SlidingWindow.java:278)
	at org.apache.ratis.util.SlidingWindow$Client.submitNewRequest(SlidingWindow.java:257)
	at org.apache.ratis.client.impl.OrderedAsync.send(OrderedAsync.java:155)
	at org.apache.ratis.client.impl.RaftClientImpl.sendAsync(RaftClientImpl.java:145)
	at org.apache.ratis.client.impl.RaftClientImpl.sendAsync(RaftClientImpl.java:125)
	at org.apache.hadoop.hdds.scm.XceiverClientRatis.sendRequestAsync(XceiverClientRatis.java:224)
	at org.apache.hadoop.hdds.scm.XceiverClientRatis.sendCommandAsync(XceiverClientRatis.java:302)
	at org.apache.hadoop.hdds.scm.storage.ContainerProtocolCalls.writeChunkAsync(ContainerProtocolCalls.java:310)
	at org.apache.hadoop.hdds.scm.storage.BlockOutputStream.writeChunkToContainer(BlockOutputStream.java:601)
	at org.apache.hadoop.hdds.scm.storage.BlockOutputStream.writeChunk(BlockOutputStream.java:459)
	at org.apache.hadoop.hdds.scm.storage.BlockOutputStream.writeOnRetry(BlockOutputStream.java:285)
	at org.apache.hadoop.ozone.client.io.BlockOutputStreamEntry.writeOnRetry(BlockOutputStreamEntry.java:200)
	at org.apache.hadoop.ozone.client.io.KeyOutputStream.handleWrite(KeyOutputStream.java:209)
	at org.apache.hadoop.ozone.client.io.KeyOutputStream.handleRetry(KeyOutputStream.java:376)
	at org.apache.hadoop.ozone.client.io.KeyOutputStream.handleException(KeyOutputStream.java:325)
	at org.apache.hadoop.ozone.client.io.KeyOutputStream.handleFlushOrClose(KeyOutputStream.java:448)
	at org.apache.hadoop.ozone.client.io.KeyOutputStream.handleWrite(KeyOutputStream.java:235)
	at org.apache.hadoop.ozone.client.io.KeyOutputStream.write(KeyOutputStream.java:193)
	at org.apache.hadoop.ozone.client.io.OzoneOutputStream.write(OzoneOutputStream.java:49)
	at java.io.OutputStream.write(OutputStream.java:75)
	at org.apache.hadoop.ozone.client.rpc.TestBlockOutputStreamWithFailures.testDatanodeFailureWithSingleNodeRatis(TestBlockOutputStreamWithFailures.java:1021)
	at sun.reflect.NativeMethodAccessorImpl.invoke0(Native Method)
	at sun.reflect.NativeMethodAccessorImpl.invoke(NativeMethodAccessorImpl.java:62)
	at sun.reflect.DelegatingMethodAccessorImpl.invoke(DelegatingMethodAccessorImpl.java:43)
	at java.lang.reflect.Method.invoke(Method.java:498)
	at org.junit.runners.model.FrameworkMethod$1.runReflectiveCall(FrameworkMethod.java:47)
	at org.junit.internal.runners.model.ReflectiveCallable.run(ReflectiveCallable.java:12)
	at org.junit.runners.model.FrameworkMethod.invokeExplosively(FrameworkMethod.java:44)
	at org.junit.internal.runners.statements.InvokeMethod.evaluate(InvokeMethod.java:17)
	at org.junit.internal.runners.statements.RunBefores.evaluate(RunBefores.java:26)
	at org.junit.internal.runners.statements.RunAfters.evaluate(RunAfters.java:27)
	at org.junit.runners.ParentRunner.runLeaf(ParentRunner.java:271)
	at org.junit.runners.BlockJUnit4ClassRunner.runChild(BlockJUnit4ClassRunner.java:70)
	at org.junit.runners.BlockJUnit4ClassRunner.runChild(BlockJUnit4ClassRunner.java:50)
	at org.junit.runners.ParentRunner$3.run(ParentRunner.java:238)
	at org.junit.runners.ParentRunner$1.schedule(ParentRunner.java:63)
	at org.junit.runners.ParentRunner.runChildren(ParentRunner.java:236)
	at org.junit.runners.ParentRunner.access$000(ParentRunner.java:53)
	at org.junit.runners.ParentRunner$2.evaluate(ParentRunner.java:229)
	at org.junit.runners.ParentRunner.run(ParentRunner.java:309)
	at org.apache.maven.surefire.junit4.JUnit4Provider.execute(JUnit4Provider.java:365)
	at org.apache.maven.surefire.junit4.JUnit4Provider.executeWithRerun(JUnit4Provider.java:273)
	at org.apache.maven.surefire.junit4.JUnit4Provider.executeTestSet(JUnit4Provider.java:238)
	at org.apache.maven.surefire.junit4.JUnit4Provider.invoke(JUnit4Provider.java:159)
	at org.apache.maven.surefire.booter.ForkedBooter.invokeProviderInSameClassLoader(ForkedBooter.java:384)
	at org.apache.maven.surefire.booter.ForkedBooter.runSuitesInProcess(ForkedBooter.java:345)
	at org.apache.maven.surefire.booter.ForkedBooter.execute(ForkedBooter.java:126)
	at org.apache.maven.surefire.booter.ForkedBooter.main(ForkedBooter.java:418)

Aug 24, 2019 6:44:15 AM org.apache.ratis.thirdparty.io.grpc.internal.ManagedChannelOrphanWrapper$ManagedChannelReference cleanQueue
SEVERE: *~*~*~ Channel ManagedChannelImpl{logId=2716, target=192.168.34.51:34913} was not shutdown properly!!! ~*~*~*
    Make sure to call shutdown()/shutdownNow() and wait until awaitTermination() returns true.
java.lang.RuntimeException: ManagedChannel allocation site
	at org.apache.ratis.thirdparty.io.grpc.internal.ManagedChannelOrphanWrapper$ManagedChannelReference.<init>(ManagedChannelOrphanWrapper.java:103)
	at org.apache.ratis.thirdparty.io.grpc.internal.ManagedChannelOrphanWrapper.<init>(ManagedChannelOrphanWrapper.java:53)
	at org.apache.ratis.thirdparty.io.grpc.internal.ManagedChannelOrphanWrapper.<init>(ManagedChannelOrphanWrapper.java:44)
	at org.apache.ratis.thirdparty.io.grpc.internal.AbstractManagedChannelImplBuilder.build(AbstractManagedChannelImplBuilder.java:411)
	at org.apache.hadoop.hdds.scm.XceiverClientGrpc.connectToDatanode(XceiverClientGrpc.java:174)
	at org.apache.hadoop.hdds.scm.XceiverClientGrpc.reconnect(XceiverClientGrpc.java:422)
	at org.apache.hadoop.hdds.scm.XceiverClientGrpc.sendCommandAsync(XceiverClientGrpc.java:371)
	at org.apache.hadoop.hdds.scm.XceiverClientGrpc.sendCommandWithRetry(XceiverClientGrpc.java:284)
	at org.apache.hadoop.hdds.scm.XceiverClientGrpc.sendCommandWithTraceIDAndRetry(XceiverClientGrpc.java:250)
	at org.apache.hadoop.hdds.scm.XceiverClientGrpc.sendCommand(XceiverClientGrpc.java:233)
	at org.apache.hadoop.hdds.scm.storage.ContainerProtocolCalls.getBlock(ContainerProtocolCalls.java:118)
	at org.apache.hadoop.hdds.scm.storage.BlockInputStream.getChunkInfos(BlockInputStream.java:167)
	at org.apache.hadoop.hdds.scm.storage.BlockInputStream.initialize(BlockInputStream.java:118)
	at org.apache.hadoop.hdds.scm.storage.BlockInputStream.read(BlockInputStream.java:222)
	at org.apache.hadoop.ozone.client.io.KeyInputStream.read(KeyInputStream.java:171)
	at org.apache.hadoop.ozone.client.io.OzoneInputStream.read(OzoneInputStream.java:47)
	at java.io.InputStream.read(InputStream.java:101)
	at org.apache.hadoop.ozone.container.ContainerTestHelper.validateData(ContainerTestHelper.java:714)
	at org.apache.hadoop.ozone.client.rpc.TestBlockOutputStreamWithFailures.validateData(TestBlockOutputStreamWithFailures.java:1216)
	at org.apache.hadoop.ozone.client.rpc.TestBlockOutputStreamWithFailures.testDatanodeFailureWithSingleNodeRatis(TestBlockOutputStreamWithFailures.java:1058)
	at sun.reflect.NativeMethodAccessorImpl.invoke0(Native Method)
	at sun.reflect.NativeMethodAccessorImpl.invoke(NativeMethodAccessorImpl.java:62)
	at sun.reflect.DelegatingMethodAccessorImpl.invoke(DelegatingMethodAccessorImpl.java:43)
	at java.lang.reflect.Method.invoke(Method.java:498)
	at org.junit.runners.model.FrameworkMethod$1.runReflectiveCall(FrameworkMethod.java:47)
	at org.junit.internal.runners.model.ReflectiveCallable.run(ReflectiveCallable.java:12)
	at org.junit.runners.model.FrameworkMethod.invokeExplosively(FrameworkMethod.java:44)
	at org.junit.internal.runners.statements.InvokeMethod.evaluate(InvokeMethod.java:17)
	at org.junit.internal.runners.statements.RunBefores.evaluate(RunBefores.java:26)
	at org.junit.internal.runners.statements.RunAfters.evaluate(RunAfters.java:27)
	at org.junit.runners.ParentRunner.runLeaf(ParentRunner.java:271)
	at org.junit.runners.BlockJUnit4ClassRunner.runChild(BlockJUnit4ClassRunner.java:70)
	at org.junit.runners.BlockJUnit4ClassRunner.runChild(BlockJUnit4ClassRunner.java:50)
	at org.junit.runners.ParentRunner$3.run(ParentRunner.java:238)
	at org.junit.runners.ParentRunner$1.schedule(ParentRunner.java:63)
	at org.junit.runners.ParentRunner.runChildren(ParentRunner.java:236)
	at org.junit.runners.ParentRunner.access$000(ParentRunner.java:53)
	at org.junit.runners.ParentRunner$2.evaluate(ParentRunner.java:229)
	at org.junit.runners.ParentRunner.run(ParentRunner.java:309)
	at org.apache.maven.surefire.junit4.JUnit4Provider.execute(JUnit4Provider.java:365)
	at org.apache.maven.surefire.junit4.JUnit4Provider.executeWithRerun(JUnit4Provider.java:273)
	at org.apache.maven.surefire.junit4.JUnit4Provider.executeTestSet(JUnit4Provider.java:238)
	at org.apache.maven.surefire.junit4.JUnit4Provider.invoke(JUnit4Provider.java:159)
	at org.apache.maven.surefire.booter.ForkedBooter.invokeProviderInSameClassLoader(ForkedBooter.java:384)
	at org.apache.maven.surefire.booter.ForkedBooter.runSuitesInProcess(ForkedBooter.java:345)
	at org.apache.maven.surefire.booter.ForkedBooter.execute(ForkedBooter.java:126)
	at org.apache.maven.surefire.booter.ForkedBooter.main(ForkedBooter.java:418)

Aug 24, 2019 6:44:15 AM org.apache.ratis.thirdparty.io.grpc.internal.ManagedChannelOrphanWrapper$ManagedChannelReference cleanQueue
SEVERE: *~*~*~ Channel ManagedChannelImpl{logId=2920, target=192.168.34.51:42187} was not shutdown properly!!! ~*~*~*
    Make sure to call shutdown()/shutdownNow() and wait until awaitTermination() returns true.
java.lang.RuntimeException: ManagedChannel allocation site
	at org.apache.ratis.thirdparty.io.grpc.internal.ManagedChannelOrphanWrapper$ManagedChannelReference.<init>(ManagedChannelOrphanWrapper.java:103)
	at org.apache.ratis.thirdparty.io.grpc.internal.ManagedChannelOrphanWrapper.<init>(ManagedChannelOrphanWrapper.java:53)
	at org.apache.ratis.thirdparty.io.grpc.internal.ManagedChannelOrphanWrapper.<init>(ManagedChannelOrphanWrapper.java:44)
	at org.apache.ratis.thirdparty.io.grpc.internal.AbstractManagedChannelImplBuilder.build(AbstractManagedChannelImplBuilder.java:411)
	at org.apache.ratis.grpc.client.GrpcClientProtocolClient.<init>(GrpcClientProtocolClient.java:119)
	at org.apache.ratis.grpc.client.GrpcClientRpc.lambda$new$0(GrpcClientRpc.java:55)
	at org.apache.ratis.util.PeerProxyMap$PeerAndProxy.lambda$getProxy$0(PeerProxyMap.java:61)
	at org.apache.ratis.util.LifeCycle.startAndTransition(LifeCycle.java:202)
	at org.apache.ratis.util.PeerProxyMap$PeerAndProxy.getProxy(PeerProxyMap.java:60)
	at org.apache.ratis.util.PeerProxyMap.getProxy(PeerProxyMap.java:107)
	at org.apache.ratis.grpc.client.GrpcClientRpc.sendRequestAsync(GrpcClientRpc.java:66)
	at org.apache.ratis.client.impl.OrderedAsync.sendRequest(OrderedAsync.java:208)
	at org.apache.ratis.client.impl.OrderedAsync.sendRequestWithRetry(OrderedAsync.java:169)
	at org.apache.ratis.util.SlidingWindow$Client.sendOrDelayRequest(SlidingWindow.java:278)
	at org.apache.ratis.util.SlidingWindow$Client.submitNewRequest(SlidingWindow.java:257)
	at org.apache.ratis.client.impl.OrderedAsync.send(OrderedAsync.java:155)
	at org.apache.ratis.client.impl.RaftClientImpl.sendAsync(RaftClientImpl.java:145)
	at org.apache.ratis.client.impl.RaftClientImpl.sendAsync(RaftClientImpl.java:125)
	at org.apache.hadoop.hdds.scm.XceiverClientRatis.sendRequestAsync(XceiverClientRatis.java:224)
	at org.apache.hadoop.hdds.scm.XceiverClientRatis.sendCommandAsync(XceiverClientRatis.java:302)
	at org.apache.hadoop.hdds.scm.storage.ContainerProtocolCalls.writeChunkAsync(ContainerProtocolCalls.java:310)
	at org.apache.hadoop.hdds.scm.storage.BlockOutputStream.writeChunkToContainer(BlockOutputStream.java:601)
	at org.apache.hadoop.hdds.scm.storage.BlockOutputStream.writeChunk(BlockOutputStream.java:459)
	at org.apache.hadoop.hdds.scm.storage.BlockOutputStream.writeOnRetry(BlockOutputStream.java:285)
	at org.apache.hadoop.ozone.client.io.BlockOutputStreamEntry.writeOnRetry(BlockOutputStreamEntry.java:200)
	at org.apache.hadoop.ozone.client.io.KeyOutputStream.handleWrite(KeyOutputStream.java:209)
	at org.apache.hadoop.ozone.client.io.KeyOutputStream.handleRetry(KeyOutputStream.java:376)
	at org.apache.hadoop.ozone.client.io.KeyOutputStream.handleException(KeyOutputStream.java:325)
	at org.apache.hadoop.ozone.client.io.KeyOutputStream.handleFlushOrClose(KeyOutputStream.java:448)
	at org.apache.hadoop.ozone.client.io.KeyOutputStream.handleWrite(KeyOutputStream.java:235)
	at org.apache.hadoop.ozone.client.io.KeyOutputStream.write(KeyOutputStream.java:193)
	at org.apache.hadoop.ozone.client.io.OzoneOutputStream.write(OzoneOutputStream.java:49)
	at java.io.OutputStream.write(OutputStream.java:75)
	at org.apache.hadoop.ozone.client.rpc.TestBlockOutputStreamWithFailures.testWatchForCommitWithSingleNodeRatis(TestBlockOutputStreamWithFailures.java:885)
	at sun.reflect.NativeMethodAccessorImpl.invoke0(Native Method)
	at sun.reflect.NativeMethodAccessorImpl.invoke(NativeMethodAccessorImpl.java:62)
	at sun.reflect.DelegatingMethodAccessorImpl.invoke(DelegatingMethodAccessorImpl.java:43)
	at java.lang.reflect.Method.invoke(Method.java:498)
	at org.junit.runners.model.FrameworkMethod$1.runReflectiveCall(FrameworkMethod.java:47)
	at org.junit.internal.runners.model.ReflectiveCallable.run(ReflectiveCallable.java:12)
	at org.junit.runners.model.FrameworkMethod.invokeExplosively(FrameworkMethod.java:44)
	at org.junit.internal.runners.statements.InvokeMethod.evaluate(InvokeMethod.java:17)
	at org.junit.internal.runners.statements.RunBefores.evaluate(RunBefores.java:26)
	at org.junit.internal.runners.statements.RunAfters.evaluate(RunAfters.java:27)
	at org.junit.runners.ParentRunner.runLeaf(ParentRunner.java:271)
	at org.junit.runners.BlockJUnit4ClassRunner.runChild(BlockJUnit4ClassRunner.java:70)
	at org.junit.runners.BlockJUnit4ClassRunner.runChild(BlockJUnit4ClassRunner.java:50)
	at org.junit.runners.ParentRunner$3.run(ParentRunner.java:238)
	at org.junit.runners.ParentRunner$1.schedule(ParentRunner.java:63)
	at org.junit.runners.ParentRunner.runChildren(ParentRunner.java:236)
	at org.junit.runners.ParentRunner.access$000(ParentRunner.java:53)
	at org.junit.runners.ParentRunner$2.evaluate(ParentRunner.java:229)
	at org.junit.runners.ParentRunner.run(ParentRunner.java:309)
	at org.apache.maven.surefire.junit4.JUnit4Provider.execute(JUnit4Provider.java:365)
	at org.apache.maven.surefire.junit4.JUnit4Provider.executeWithRerun(JUnit4Provider.java:273)
	at org.apache.maven.surefire.junit4.JUnit4Provider.executeTestSet(JUnit4Provider.java:238)
	at org.apache.maven.surefire.junit4.JUnit4Provider.invoke(JUnit4Provider.java:159)
	at org.apache.maven.surefire.booter.ForkedBooter.invokeProviderInSameClassLoader(ForkedBooter.java:384)
	at org.apache.maven.surefire.booter.ForkedBooter.runSuitesInProcess(ForkedBooter.java:345)
	at org.apache.maven.surefire.booter.ForkedBooter.execute(ForkedBooter.java:126)
	at org.apache.maven.surefire.booter.ForkedBooter.main(ForkedBooter.java:418)

Aug 24, 2019 6:44:15 AM org.apache.ratis.thirdparty.io.grpc.internal.ManagedChannelOrphanWrapper$ManagedChannelReference cleanQueue
SEVERE: *~*~*~ Channel ManagedChannelImpl{logId=2925, target=192.168.34.51:32951} was not shutdown properly!!! ~*~*~*
    Make sure to call shutdown()/shutdownNow() and wait until awaitTermination() returns true.
java.lang.RuntimeException: ManagedChannel allocation site
	at org.apache.ratis.thirdparty.io.grpc.internal.ManagedChannelOrphanWrapper$ManagedChannelReference.<init>(ManagedChannelOrphanWrapper.java:103)
	at org.apache.ratis.thirdparty.io.grpc.internal.ManagedChannelOrphanWrapper.<init>(ManagedChannelOrphanWrapper.java:53)
	at org.apache.ratis.thirdparty.io.grpc.internal.ManagedChannelOrphanWrapper.<init>(ManagedChannelOrphanWrapper.java:44)
	at org.apache.ratis.thirdparty.io.grpc.internal.AbstractManagedChannelImplBuilder.build(AbstractManagedChannelImplBuilder.java:411)
	at org.apache.hadoop.hdds.scm.XceiverClientGrpc.connectToDatanode(XceiverClientGrpc.java:174)
	at org.apache.hadoop.hdds.scm.XceiverClientGrpc.reconnect(XceiverClientGrpc.java:422)
	at org.apache.hadoop.hdds.scm.XceiverClientGrpc.sendCommandAsync(XceiverClientGrpc.java:371)
	at org.apache.hadoop.hdds.scm.XceiverClientGrpc.sendCommandWithRetry(XceiverClientGrpc.java:284)
	at org.apache.hadoop.hdds.scm.XceiverClientGrpc.sendCommandWithTraceIDAndRetry(XceiverClientGrpc.java:250)
	at org.apache.hadoop.hdds.scm.XceiverClientGrpc.sendCommand(XceiverClientGrpc.java:233)
	at org.apache.hadoop.hdds.scm.storage.ContainerProtocolCalls.getBlock(ContainerProtocolCalls.java:118)
	at org.apache.hadoop.hdds.scm.storage.BlockInputStream.getChunkInfos(BlockInputStream.java:167)
	at org.apache.hadoop.hdds.scm.storage.BlockInputStream.initialize(BlockInputStream.java:118)
	at org.apache.hadoop.hdds.scm.storage.BlockInputStream.read(BlockInputStream.java:222)
	at org.apache.hadoop.ozone.client.io.KeyInputStream.read(KeyInputStream.java:171)
	at org.apache.hadoop.ozone.client.io.OzoneInputStream.read(OzoneInputStream.java:47)
	at java.io.InputStream.read(InputStream.java:101)
	at org.apache.hadoop.ozone.container.ContainerTestHelper.validateData(ContainerTestHelper.java:714)
	at org.apache.hadoop.ozone.client.rpc.TestBlockOutputStreamWithFailures.validateData(TestBlockOutputStreamWithFailures.java:1216)
	at org.apache.hadoop.ozone.client.rpc.TestBlockOutputStreamWithFailures.testWatchForCommitWithSingleNodeRatis(TestBlockOutputStreamWithFailures.java:918)
	at sun.reflect.NativeMethodAccessorImpl.invoke0(Native Method)
	at sun.reflect.NativeMethodAccessorImpl.invoke(NativeMethodAccessorImpl.java:62)
	at sun.reflect.DelegatingMethodAccessorImpl.invoke(DelegatingMethodAccessorImpl.java:43)
	at java.lang.reflect.Method.invoke(Method.java:498)
	at org.junit.runners.model.FrameworkMethod$1.runReflectiveCall(FrameworkMethod.java:47)
	at org.junit.internal.runners.model.ReflectiveCallable.run(ReflectiveCallable.java:12)
	at org.junit.runners.model.FrameworkMethod.invokeExplosively(FrameworkMethod.java:44)
	at org.junit.internal.runners.statements.InvokeMethod.evaluate(InvokeMethod.java:17)
	at org.junit.internal.runners.statements.RunBefores.evaluate(RunBefores.java:26)
	at org.junit.internal.runners.statements.RunAfters.evaluate(RunAfters.java:27)
	at org.junit.runners.ParentRunner.runLeaf(ParentRunner.java:271)
	at org.junit.runners.BlockJUnit4ClassRunner.runChild(BlockJUnit4ClassRunner.java:70)
	at org.junit.runners.BlockJUnit4ClassRunner.runChild(BlockJUnit4ClassRunner.java:50)
	at org.junit.runners.ParentRunner$3.run(ParentRunner.java:238)
	at org.junit.runners.ParentRunner$1.schedule(ParentRunner.java:63)
	at org.junit.runners.ParentRunner.runChildren(ParentRunner.java:236)
	at org.junit.runners.ParentRunner.access$000(ParentRunner.java:53)
	at org.junit.runners.ParentRunner$2.evaluate(ParentRunner.java:229)
	at org.junit.runners.ParentRunner.run(ParentRunner.java:309)
	at org.apache.maven.surefire.junit4.JUnit4Provider.execute(JUnit4Provider.java:365)
	at org.apache.maven.surefire.junit4.JUnit4Provider.executeWithRerun(JUnit4Provider.java:273)
	at org.apache.maven.surefire.junit4.JUnit4Provider.executeTestSet(JUnit4Provider.java:238)
	at org.apache.maven.surefire.junit4.JUnit4Provider.invoke(JUnit4Provider.java:159)
	at org.apache.maven.surefire.booter.ForkedBooter.invokeProviderInSameClassLoader(ForkedBooter.java:384)
	at org.apache.maven.surefire.booter.ForkedBooter.runSuitesInProcess(ForkedBooter.java:345)
	at org.apache.maven.surefire.booter.ForkedBooter.execute(ForkedBooter.java:126)
	at org.apache.maven.surefire.booter.ForkedBooter.main(ForkedBooter.java:418)

Aug 24, 2019 6:44:15 AM org.apache.ratis.thirdparty.io.grpc.internal.ManagedChannelOrphanWrapper$ManagedChannelReference cleanQueue
SEVERE: *~*~*~ Channel ManagedChannelImpl{logId=2915, target=192.168.34.51:42418} was not shutdown properly!!! ~*~*~*
    Make sure to call shutdown()/shutdownNow() and wait until awaitTermination() returns true.
java.lang.RuntimeException: ManagedChannel allocation site
	at org.apache.ratis.thirdparty.io.grpc.internal.ManagedChannelOrphanWrapper$ManagedChannelReference.<init>(ManagedChannelOrphanWrapper.java:103)
	at org.apache.ratis.thirdparty.io.grpc.internal.ManagedChannelOrphanWrapper.<init>(ManagedChannelOrphanWrapper.java:53)
	at org.apache.ratis.thirdparty.io.grpc.internal.ManagedChannelOrphanWrapper.<init>(ManagedChannelOrphanWrapper.java:44)
	at org.apache.ratis.thirdparty.io.grpc.internal.AbstractManagedChannelImplBuilder.build(AbstractManagedChannelImplBuilder.java:411)
	at org.apache.ratis.grpc.client.GrpcClientProtocolClient.<init>(GrpcClientProtocolClient.java:119)
	at org.apache.ratis.grpc.client.GrpcClientRpc.lambda$new$0(GrpcClientRpc.java:55)
	at org.apache.ratis.util.PeerProxyMap$PeerAndProxy.lambda$getProxy$0(PeerProxyMap.java:61)
	at org.apache.ratis.util.LifeCycle.startAndTransition(LifeCycle.java:202)
	at org.apache.ratis.util.PeerProxyMap$PeerAndProxy.getProxy(PeerProxyMap.java:60)
	at org.apache.ratis.util.PeerProxyMap.getProxy(PeerProxyMap.java:107)
	at org.apache.ratis.grpc.client.GrpcClientRpc.sendRequestAsync(GrpcClientRpc.java:66)
	at org.apache.ratis.client.impl.OrderedAsync.sendRequest(OrderedAsync.java:208)
	at org.apache.ratis.client.impl.OrderedAsync.sendRequestWithRetry(OrderedAsync.java:169)
	at org.apache.ratis.util.SlidingWindow$Client.sendOrDelayRequest(SlidingWindow.java:278)
	at org.apache.ratis.util.SlidingWindow$Client.retry(SlidingWindow.java:294)
	at org.apache.ratis.client.impl.OrderedAsync.lambda$scheduleWithTimeout$7(OrderedAsync.java:195)
	at org.apache.ratis.util.TimeoutScheduler.lambda$onTimeout$0(TimeoutScheduler.java:85)
	at org.apache.ratis.util.TimeoutScheduler.lambda$onTimeout$1(TimeoutScheduler.java:104)
	at org.apache.ratis.util.LogUtils.runAndLog(LogUtils.java:50)
	at org.apache.ratis.util.LogUtils$1.run(LogUtils.java:91)
	at java.util.concurrent.Executors$RunnableAdapter.call(Executors.java:511)
	at java.util.concurrent.FutureTask.run(FutureTask.java:266)
	at java.util.concurrent.ScheduledThreadPoolExecutor$ScheduledFutureTask.access$201(ScheduledThreadPoolExecutor.java:180)
	at java.util.concurrent.ScheduledThreadPoolExecutor$ScheduledFutureTask.run(ScheduledThreadPoolExecutor.java:293)
	at java.util.concurrent.ThreadPoolExecutor.runWorker(ThreadPoolExecutor.java:1149)
	at java.util.concurrent.ThreadPoolExecutor$Worker.run(ThreadPoolExecutor.java:624)
	at java.lang.Thread.run(Thread.java:748)

Aug 24, 2019 6:44:15 AM org.apache.ratis.thirdparty.io.grpc.internal.ManagedChannelOrphanWrapper$ManagedChannelReference cleanQueue
SEVERE: *~*~*~ Channel ManagedChannelImpl{logId=2711, target=192.168.34.51:37769} was not shutdown properly!!! ~*~*~*
    Make sure to call shutdown()/shutdownNow() and wait until awaitTermination() returns true.
java.lang.RuntimeException: ManagedChannel allocation site
	at org.apache.ratis.thirdparty.io.grpc.internal.ManagedChannelOrphanWrapper$ManagedChannelReference.<init>(ManagedChannelOrphanWrapper.java:103)
	at org.apache.ratis.thirdparty.io.grpc.internal.ManagedChannelOrphanWrapper.<init>(ManagedChannelOrphanWrapper.java:53)
	at org.apache.ratis.thirdparty.io.grpc.internal.ManagedChannelOrphanWrapper.<init>(ManagedChannelOrphanWrapper.java:44)
	at org.apache.ratis.thirdparty.io.grpc.internal.AbstractManagedChannelImplBuilder.build(AbstractManagedChannelImplBuilder.java:411)
	at org.apache.hadoop.hdds.scm.XceiverClientGrpc.connectToDatanode(XceiverClientGrpc.java:174)
	at org.apache.hadoop.hdds.scm.XceiverClientGrpc.reconnect(XceiverClientGrpc.java:422)
	at org.apache.hadoop.hdds.scm.XceiverClientGrpc.sendCommandAsync(XceiverClientGrpc.java:371)
	at org.apache.hadoop.hdds.scm.XceiverClientGrpc.sendCommandWithRetry(XceiverClientGrpc.java:284)
	at org.apache.hadoop.hdds.scm.XceiverClientGrpc.sendCommandWithTraceIDAndRetry(XceiverClientGrpc.java:250)
	at org.apache.hadoop.hdds.scm.XceiverClientGrpc.sendCommand(XceiverClientGrpc.java:233)
	at org.apache.hadoop.hdds.scm.storage.ContainerProtocolCalls.getBlock(ContainerProtocolCalls.java:118)
	at org.apache.hadoop.hdds.scm.storage.BlockInputStream.getChunkInfos(BlockInputStream.java:167)
	at org.apache.hadoop.hdds.scm.storage.BlockInputStream.initialize(BlockInputStream.java:118)
	at org.apache.hadoop.hdds.scm.storage.BlockInputStream.read(BlockInputStream.java:222)
	at org.apache.hadoop.ozone.client.io.KeyInputStream.read(KeyInputStream.java:171)
	at org.apache.hadoop.ozone.client.io.OzoneInputStream.read(OzoneInputStream.java:47)
	at java.io.InputStream.read(InputStream.java:101)
	at org.apache.hadoop.ozone.container.ContainerTestHelper.validateData(ContainerTestHelper.java:714)
	at org.apache.hadoop.ozone.client.rpc.TestBlockOutputStreamWithFailures.validateData(TestBlockOutputStreamWithFailures.java:1216)
	at org.apache.hadoop.ozone.client.rpc.TestBlockOutputStreamWithFailures.testDatanodeFailureWithSingleNodeRatis(TestBlockOutputStreamWithFailures.java:1058)
	at sun.reflect.NativeMethodAccessorImpl.invoke0(Native Method)
	at sun.reflect.NativeMethodAccessorImpl.invoke(NativeMethodAccessorImpl.java:62)
	at sun.reflect.DelegatingMethodAccessorImpl.invoke(DelegatingMethodAccessorImpl.java:43)
	at java.lang.reflect.Method.invoke(Method.java:498)
	at org.junit.runners.model.FrameworkMethod$1.runReflectiveCall(FrameworkMethod.java:47)
	at org.junit.internal.runners.model.ReflectiveCallable.run(ReflectiveCallable.java:12)
	at org.junit.runners.model.FrameworkMethod.invokeExplosively(FrameworkMethod.java:44)
	at org.junit.internal.runners.statements.InvokeMethod.evaluate(InvokeMethod.java:17)
	at org.junit.internal.runners.statements.RunBefores.evaluate(RunBefores.java:26)
	at org.junit.internal.runners.statements.RunAfters.evaluate(RunAfters.java:27)
	at org.junit.runners.ParentRunner.runLeaf(ParentRunner.java:271)
	at org.junit.runners.BlockJUnit4ClassRunner.runChild(BlockJUnit4ClassRunner.java:70)
	at org.junit.runners.BlockJUnit4ClassRunner.runChild(BlockJUnit4ClassRunner.java:50)
	at org.junit.runners.ParentRunner$3.run(ParentRunner.java:238)
	at org.junit.runners.ParentRunner$1.schedule(ParentRunner.java:63)
	at org.junit.runners.ParentRunner.runChildren(ParentRunner.java:236)
	at org.junit.runners.ParentRunner.access$000(ParentRunner.java:53)
	at org.junit.runners.ParentRunner$2.evaluate(ParentRunner.java:229)
	at org.junit.runners.ParentRunner.run(ParentRunner.java:309)
	at org.apache.maven.surefire.junit4.JUnit4Provider.execute(JUnit4Provider.java:365)
	at org.apache.maven.surefire.junit4.JUnit4Provider.executeWithRerun(JUnit4Provider.java:273)
	at org.apache.maven.surefire.junit4.JUnit4Provider.executeTestSet(JUnit4Provider.java:238)
	at org.apache.maven.surefire.junit4.JUnit4Provider.invoke(JUnit4Provider.java:159)
	at org.apache.maven.surefire.booter.ForkedBooter.invokeProviderInSameClassLoader(ForkedBooter.java:384)
	at org.apache.maven.surefire.booter.ForkedBooter.runSuitesInProcess(ForkedBooter.java:345)
	at org.apache.maven.surefire.booter.ForkedBooter.execute(ForkedBooter.java:126)
	at org.apache.maven.surefire.booter.ForkedBooter.main(ForkedBooter.java:418)

Aug 24, 2019 6:44:15 AM org.apache.ratis.thirdparty.io.grpc.internal.ManagedChannelOrphanWrapper$ManagedChannelReference cleanQueue
SEVERE: *~*~*~ Channel ManagedChannelImpl{logId=2677, target=192.168.34.51:34586} was not shutdown properly!!! ~*~*~*
    Make sure to call shutdown()/shutdownNow() and wait until awaitTermination() returns true.
java.lang.RuntimeException: ManagedChannel allocation site
	at org.apache.ratis.thirdparty.io.grpc.internal.ManagedChannelOrphanWrapper$ManagedChannelReference.<init>(ManagedChannelOrphanWrapper.java:103)
	at org.apache.ratis.thirdparty.io.grpc.internal.ManagedChannelOrphanWrapper.<init>(ManagedChannelOrphanWrapper.java:53)
	at org.apache.ratis.thirdparty.io.grpc.internal.ManagedChannelOrphanWrapper.<init>(ManagedChannelOrphanWrapper.java:44)
	at org.apache.ratis.thirdparty.io.grpc.internal.AbstractManagedChannelImplBuilder.build(AbstractManagedChannelImplBuilder.java:411)
	at org.apache.ratis.grpc.client.GrpcClientProtocolClient.<init>(GrpcClientProtocolClient.java:119)
	at org.apache.ratis.grpc.client.GrpcClientRpc.lambda$new$0(GrpcClientRpc.java:55)
	at org.apache.ratis.util.PeerProxyMap$PeerAndProxy.lambda$getProxy$0(PeerProxyMap.java:61)
	at org.apache.ratis.util.LifeCycle.startAndTransition(LifeCycle.java:202)
	at org.apache.ratis.util.PeerProxyMap$PeerAndProxy.getProxy(PeerProxyMap.java:60)
	at org.apache.ratis.util.PeerProxyMap.getProxy(PeerProxyMap.java:107)
	at org.apache.ratis.grpc.client.GrpcClientRpc.sendRequestAsync(GrpcClientRpc.java:66)
	at org.apache.ratis.client.impl.OrderedAsync.sendRequest(OrderedAsync.java:208)
	at org.apache.ratis.client.impl.OrderedAsync.sendRequestWithRetry(OrderedAsync.java:169)
	at org.apache.ratis.util.SlidingWindow$Client.sendOrDelayRequest(SlidingWindow.java:278)
	at org.apache.ratis.util.SlidingWindow$Client.retry(SlidingWindow.java:294)
	at org.apache.ratis.client.impl.OrderedAsync.lambda$scheduleWithTimeout$7(OrderedAsync.java:195)
	at org.apache.ratis.util.TimeoutScheduler.lambda$onTimeout$0(TimeoutScheduler.java:85)
	at org.apache.ratis.util.TimeoutScheduler.lambda$onTimeout$1(TimeoutScheduler.java:104)
	at org.apache.ratis.util.LogUtils.runAndLog(LogUtils.java:50)
	at org.apache.ratis.util.LogUtils$1.run(LogUtils.java:91)
	at java.util.concurrent.Executors$RunnableAdapter.call(Executors.java:511)
	at java.util.concurrent.FutureTask.run(FutureTask.java:266)
	at java.util.concurrent.ScheduledThreadPoolExecutor$ScheduledFutureTask.access$201(ScheduledThreadPoolExecutor.java:180)
	at java.util.concurrent.ScheduledThreadPoolExecutor$ScheduledFutureTask.run(ScheduledThreadPoolExecutor.java:293)
	at java.util.concurrent.ThreadPoolExecutor.runWorker(ThreadPoolExecutor.java:1149)
	at java.util.concurrent.ThreadPoolExecutor$Worker.run(ThreadPoolExecutor.java:624)
	at java.lang.Thread.run(Thread.java:748)

Aug 24, 2019 6:44:15 AM org.apache.ratis.thirdparty.io.grpc.internal.ManagedChannelOrphanWrapper$ManagedChannelReference cleanQueue
SEVERE: *~*~*~ Channel ManagedChannelImpl{logId=2930, target=192.168.34.51:36332} was not shutdown properly!!! ~*~*~*
    Make sure to call shutdown()/shutdownNow() and wait until awaitTermination() returns true.
java.lang.RuntimeException: ManagedChannel allocation site
	at org.apache.ratis.thirdparty.io.grpc.internal.ManagedChannelOrphanWrapper$ManagedChannelReference.<init>(ManagedChannelOrphanWrapper.java:103)
	at org.apache.ratis.thirdparty.io.grpc.internal.ManagedChannelOrphanWrapper.<init>(ManagedChannelOrphanWrapper.java:53)
	at org.apache.ratis.thirdparty.io.grpc.internal.ManagedChannelOrphanWrapper.<init>(ManagedChannelOrphanWrapper.java:44)
	at org.apache.ratis.thirdparty.io.grpc.internal.AbstractManagedChannelImplBuilder.build(AbstractManagedChannelImplBuilder.java:411)
	at org.apache.hadoop.hdds.scm.XceiverClientGrpc.connectToDatanode(XceiverClientGrpc.java:174)
	at org.apache.hadoop.hdds.scm.XceiverClientGrpc.reconnect(XceiverClientGrpc.java:422)
	at org.apache.hadoop.hdds.scm.XceiverClientGrpc.sendCommandAsync(XceiverClientGrpc.java:371)
	at org.apache.hadoop.hdds.scm.XceiverClientGrpc.sendCommandWithRetry(XceiverClientGrpc.java:284)
	at org.apache.hadoop.hdds.scm.XceiverClientGrpc.sendCommandWithTraceIDAndRetry(XceiverClientGrpc.java:250)
	at org.apache.hadoop.hdds.scm.XceiverClientGrpc.sendCommand(XceiverClientGrpc.java:233)
	at org.apache.hadoop.hdds.scm.storage.ContainerProtocolCalls.getBlock(ContainerProtocolCalls.java:118)
	at org.apache.hadoop.hdds.scm.storage.BlockInputStream.getChunkInfos(BlockInputStream.java:167)
	at org.apache.hadoop.hdds.scm.storage.BlockInputStream.initialize(BlockInputStream.java:118)
	at org.apache.hadoop.hdds.scm.storage.BlockInputStream.read(BlockInputStream.java:222)
	at org.apache.hadoop.ozone.client.io.KeyInputStream.read(KeyInputStream.java:171)
	at org.apache.hadoop.ozone.client.io.OzoneInputStream.read(OzoneInputStream.java:47)
	at java.io.InputStream.read(InputStream.java:101)
	at org.apache.hadoop.ozone.container.ContainerTestHelper.validateData(ContainerTestHelper.java:714)
	at org.apache.hadoop.ozone.client.rpc.TestBlockOutputStreamWithFailures.validateData(TestBlockOutputStreamWithFailures.java:1216)
	at org.apache.hadoop.ozone.client.rpc.TestBlockOutputStreamWithFailures.testWatchForCommitWithSingleNodeRatis(TestBlockOutputStreamWithFailures.java:918)
	at sun.reflect.NativeMethodAccessorImpl.invoke0(Native Method)
	at sun.reflect.NativeMethodAccessorImpl.invoke(NativeMethodAccessorImpl.java:62)
	at sun.reflect.DelegatingMethodAccessorImpl.invoke(DelegatingMethodAccessorImpl.java:43)
	at java.lang.reflect.Method.invoke(Method.java:498)
	at org.junit.runners.model.FrameworkMethod$1.runReflectiveCall(FrameworkMethod.java:47)
	at org.junit.internal.runners.model.ReflectiveCallable.run(ReflectiveCallable.java:12)
	at org.junit.runners.model.FrameworkMethod.invokeExplosively(FrameworkMethod.java:44)
	at org.junit.internal.runners.statements.InvokeMethod.evaluate(InvokeMethod.java:17)
	at org.junit.internal.runners.statements.RunBefores.evaluate(RunBefores.java:26)
	at org.junit.internal.runners.statements.RunAfters.evaluate(RunAfters.java:27)
	at org.junit.runners.ParentRunner.runLeaf(ParentRunner.java:271)
	at org.junit.runners.BlockJUnit4ClassRunner.runChild(BlockJUnit4ClassRunner.java:70)
	at org.junit.runners.BlockJUnit4ClassRunner.runChild(BlockJUnit4ClassRunner.java:50)
	at org.junit.runners.ParentRunner$3.run(ParentRunner.java:238)
	at org.junit.runners.ParentRunner$1.schedule(ParentRunner.java:63)
	at org.junit.runners.ParentRunner.runChildren(ParentRunner.java:236)
	at org.junit.runners.ParentRunner.access$000(ParentRunner.java:53)
	at org.junit.runners.ParentRunner$2.evaluate(ParentRunner.java:229)
	at org.junit.runners.ParentRunner.run(ParentRunner.java:309)
	at org.apache.maven.surefire.junit4.JUnit4Provider.execute(JUnit4Provider.java:365)
	at org.apache.maven.surefire.junit4.JUnit4Provider.executeWithRerun(JUnit4Provider.java:273)
	at org.apache.maven.surefire.junit4.JUnit4Provider.executeTestSet(JUnit4Provider.java:238)
	at org.apache.maven.surefire.junit4.JUnit4Provider.invoke(JUnit4Provider.java:159)
	at org.apache.maven.surefire.booter.ForkedBooter.invokeProviderInSameClassLoader(ForkedBooter.java:384)
	at org.apache.maven.surefire.booter.ForkedBooter.runSuitesInProcess(ForkedBooter.java:345)
	at org.apache.maven.surefire.booter.ForkedBooter.execute(ForkedBooter.java:126)
	at org.apache.maven.surefire.booter.ForkedBooter.main(ForkedBooter.java:418)

]]></system-err>
  </testcase>
  <testcase name="testFailureWithPrimeSizedData" classname="org.apache.hadoop.ozone.client.rpc.TestBlockOutputStreamWithFailures" time="34.711"/>
  <testcase name="testWatchForCommitWithCloseContainerException" classname="org.apache.hadoop.ozone.client.rpc.TestBlockOutputStreamWithFailures" time="34.38"/>
  <testcase name="testExceptionDuringClose" classname="org.apache.hadoop.ozone.client.rpc.TestBlockOutputStreamWithFailures" time="44.096"/>
</testsuite>