<?xml version="1.0" encoding="UTF-8"?>
<testsuite xmlns:xsi="http://www.w3.org/2001/XMLSchema-instance" xsi:noNamespaceSchemaLocation="https://maven.apache.org/surefire/maven-surefire-plugin/xsd/surefire-test-report.xsd" name="org.apache.hadoop.ozone.freon.TestFreonWithPipelineDestroy" time="33.329" tests="1" errors="1" skipped="0" failures="0">
  <properties>
    <property name="awt.toolkit" value="sun.awt.X11.XToolkit"/>
    <property name="file.encoding.pkg" value="sun.io"/>
    <property name="java.specification.version" value="1.8"/>
    <property name="sun.cpu.isalist" value=""/>
    <property name="sun.jnu.encoding" value="UTF-8"/>
    <property name="java.class.path" value="/workdir/hadoop-ozone/tools/target/test-classes:/workdir/hadoop-ozone/tools/target/classes:/home/user/.m2/repository/org/apache/hadoop/hadoop-ozone-ozone-manager/0.5.0-SNAPSHOT/hadoop-ozone-ozone-manager-0.5.0-SNAPSHOT.jar:/home/user/.m2/repository/org/apache/hadoop/hadoop-hdds-docs/0.5.0-SNAPSHOT/hadoop-hdds-docs-0.5.0-SNAPSHOT.jar:/home/user/.m2/repository/org/bouncycastle/bcprov-jdk15on/1.60/bcprov-jdk15on-1.60.jar:/home/user/.m2/repository/org/apache/hadoop/hadoop-ozone-common/0.5.0-SNAPSHOT/hadoop-ozone-common-0.5.0-SNAPSHOT.jar:/home/user/.m2/repository/org/apache/commons/commons-compress/1.4.1/commons-compress-1.4.1.jar:/home/user/.m2/repository/org/tukaani/xz/1.0/xz-1.0.jar:/home/user/.m2/repository/org/apache/hadoop/hadoop-hdfs-client/3.2.0/hadoop-hdfs-client-3.2.0.jar:/home/user/.m2/repository/com/fasterxml/jackson/core/jackson-annotations/2.9.5/jackson-annotations-2.9.5.jar:/home/user/.m2/repository/org/apache/hadoop/hadoop-hdds-common/0.5.0-SNAPSHOT/hadoop-hdds-common-0.5.0-SNAPSHOT.jar:/home/user/.m2/repository/org/apache/hadoop/hadoop-hdds-config/0.5.0-SNAPSHOT/hadoop-hdds-config-0.5.0-SNAPSHOT.jar:/home/user/.m2/repository/javax/annotation/javax.annotation-api/1.2/javax.annotation-api-1.2.jar:/home/user/.m2/repository/org/apache/ratis/ratis-server/0.4.0-2337318-SNAPSHOT/ratis-server-0.4.0-2337318-SNAPSHOT.jar:/home/user/.m2/repository/org/apache/ratis/ratis-thirdparty-misc/0.2.0/ratis-thirdparty-misc-0.2.0.jar:/home/user/.m2/repository/org/apache/ratis/ratis-proto/0.4.0-2337318-SNAPSHOT/ratis-proto-0.4.0-2337318-SNAPSHOT.jar:/home/user/.m2/repository/org/apache/ratis/ratis-common/0.4.0-2337318-SNAPSHOT/ratis-common-0.4.0-2337318-SNAPSHOT.jar:/home/user/.m2/repository/org/apache/ratis/ratis-client/0.4.0-2337318-SNAPSHOT/ratis-client-0.4.0-2337318-SNAPSHOT.jar:/home/user/.m2/repository/org/apache/ratis/ratis-metrics/0.4.0-2337318-SNAPSHOT/ratis-metrics-0.4.0-2337318-SNAPSHOT.jar:/home/user/.m2/repository/org/apache/ratis/ratis-netty/0.4.0-2337318-SNAPSHOT/ratis-netty-0.4.0-2337318-SNAPSHOT.jar:/home/user/.m2/repository/org/apache/ratis/ratis-grpc/0.4.0-2337318-SNAPSHOT/ratis-grpc-0.4.0-2337318-SNAPSHOT.jar:/home/user/.m2/repository/org/rocksdb/rocksdbjni/6.0.1/rocksdbjni-6.0.1.jar:/home/user/.m2/repository/org/apache/logging/log4j/log4j-api/2.11.0/log4j-api-2.11.0.jar:/home/user/.m2/repository/org/apache/logging/log4j/log4j-core/2.11.0/log4j-core-2.11.0.jar:/home/user/.m2/repository/com/lmax/disruptor/3.4.2/disruptor-3.4.2.jar:/home/user/.m2/repository/org/apache/commons/commons-pool2/2.6.0/commons-pool2-2.6.0.jar:/home/user/.m2/repository/org/bouncycastle/bcpkix-jdk15on/1.60/bcpkix-jdk15on-1.60.jar:/home/user/.m2/repository/commons-validator/commons-validator/1.6/commons-validator-1.6.jar:/home/user/.m2/repository/commons-digester/commons-digester/1.8.1/commons-digester-1.8.1.jar:/home/user/.m2/repository/io/jaegertracing/jaeger-client/0.33.1/jaeger-client-0.33.1.jar:/home/user/.m2/repository/io/jaegertracing/jaeger-thrift/0.33.1/jaeger-thrift-0.33.1.jar:/home/user/.m2/repository/org/apache/thrift/libthrift/0.11.0/libthrift-0.11.0.jar:/home/user/.m2/repository/com/squareup/okhttp3/okhttp/3.9.0/okhttp-3.9.0.jar:/home/user/.m2/repository/com/squareup/okio/okio/1.13.0/okio-1.13.0.jar:/home/user/.m2/repository/io/jaegertracing/jaeger-core/0.33.1/jaeger-core-0.33.1.jar:/home/user/.m2/repository/io/jaegertracing/jaeger-tracerresolver/0.33.1/jaeger-tracerresolver-0.33.1.jar:/home/user/.m2/repository/io/opentracing/contrib/opentracing-tracerresolver/0.1.5/opentracing-tracerresolver-0.1.5.jar:/home/user/.m2/repository/io/opentracing/opentracing-util/0.31.0/opentracing-util-0.31.0.jar:/home/user/.m2/repository/io/opentracing/opentracing-api/0.31.0/opentracing-api-0.31.0.jar:/home/user/.m2/repository/io/opentracing/opentracing-noop/0.31.0/opentracing-noop-0.31.0.jar:/home/user/.m2/repository/org/yaml/snakeyaml/1.16/snakeyaml-1.16.jar:/home/user/.m2/repository/org/apache/hadoop/hadoop-hdds-container-service/0.5.0-SNAPSHOT/hadoop-hdds-container-service-0.5.0-SNAPSHOT.jar:/home/user/.m2/repository/org/apache/hadoop/hadoop-hdds-client/0.5.0-SNAPSHOT/hadoop-hdds-client-0.5.0-SNAPSHOT.jar:/home/user/.m2/repository/org/apache/hadoop/hadoop-hdds-tools/0.5.0-SNAPSHOT/hadoop-hdds-tools-0.5.0-SNAPSHOT.jar:/home/user/.m2/repository/org/xerial/sqlite-jdbc/3.25.2/sqlite-jdbc-3.25.2.jar:/home/user/.m2/repository/org/apache/hadoop/hadoop-hdds-server-scm/0.5.0-SNAPSHOT/hadoop-hdds-server-scm-0.5.0-SNAPSHOT.jar:/home/user/.m2/repository/org/hamcrest/hamcrest-all/1.3/hamcrest-all-1.3.jar:/home/user/.m2/repository/info/picocli/picocli/3.9.6/picocli-3.9.6.jar:/home/user/.m2/repository/com/google/protobuf/protobuf-java/2.5.0/protobuf-java-2.5.0.jar:/home/user/.m2/repository/com/google/guava/guava/11.0.2/guava-11.0.2.jar:/home/user/.m2/repository/org/apache/hadoop/hadoop-ozone-client/0.5.0-SNAPSHOT/hadoop-ozone-client-0.5.0-SNAPSHOT.jar:/workdir/hadoop-ozone/ozonefs/target/classes:/home/user/.m2/repository/org/apache/hadoop/hadoop-hdds-server-framework/0.5.0-SNAPSHOT/hadoop-hdds-server-framework-0.5.0-SNAPSHOT.jar:/home/user/.m2/repository/org/apache/hadoop/hadoop-common/3.2.0/hadoop-common-3.2.0.jar:/home/user/.m2/repository/org/apache/hadoop/hadoop-annotations/3.2.0/hadoop-annotations-3.2.0.jar:/usr/lib/jvm/java-1.8-openjdk/jre/../lib/tools.jar:/home/user/.m2/repository/commons-cli/commons-cli/1.2/commons-cli-1.2.jar:/home/user/.m2/repository/org/apache/commons/commons-math3/3.1.1/commons-math3-3.1.1.jar:/home/user/.m2/repository/org/apache/httpcomponents/httpclient/4.5.2/httpclient-4.5.2.jar:/home/user/.m2/repository/org/apache/httpcomponents/httpcore/4.4.4/httpcore-4.4.4.jar:/home/user/.m2/repository/commons-codec/commons-codec/1.11/commons-codec-1.11.jar:/home/user/.m2/repository/commons-io/commons-io/2.5/commons-io-2.5.jar:/home/user/.m2/repository/commons-net/commons-net/3.6/commons-net-3.6.jar:/home/user/.m2/repository/commons-collections/commons-collections/3.2.2/commons-collections-3.2.2.jar:/home/user/.m2/repository/javax/servlet/javax.servlet-api/3.1.0/javax.servlet-api-3.1.0.jar:/home/user/.m2/repository/org/eclipse/jetty/jetty-server/9.3.24.v20180605/jetty-server-9.3.24.v20180605.jar:/home/user/.m2/repository/org/eclipse/jetty/jetty-http/9.3.24.v20180605/jetty-http-9.3.24.v20180605.jar:/home/user/.m2/repository/org/eclipse/jetty/jetty-io/9.3.24.v20180605/jetty-io-9.3.24.v20180605.jar:/home/user/.m2/repository/org/eclipse/jetty/jetty-util/9.3.24.v20180605/jetty-util-9.3.24.v20180605.jar:/home/user/.m2/repository/org/eclipse/jetty/jetty-servlet/9.3.24.v20180605/jetty-servlet-9.3.24.v20180605.jar:/home/user/.m2/repository/org/eclipse/jetty/jetty-security/9.3.24.v20180605/jetty-security-9.3.24.v20180605.jar:/home/user/.m2/repository/org/eclipse/jetty/jetty-webapp/9.3.24.v20180605/jetty-webapp-9.3.24.v20180605.jar:/home/user/.m2/repository/org/eclipse/jetty/jetty-xml/9.3.24.v20180605/jetty-xml-9.3.24.v20180605.jar:/home/user/.m2/repository/javax/servlet/jsp/jsp-api/2.1/jsp-api-2.1.jar:/home/user/.m2/repository/com/sun/jersey/jersey-core/1.19/jersey-core-1.19.jar:/home/user/.m2/repository/javax/ws/rs/jsr311-api/1.1.1/jsr311-api-1.1.1.jar:/home/user/.m2/repository/com/sun/jersey/jersey-servlet/1.19/jersey-servlet-1.19.jar:/home/user/.m2/repository/com/sun/jersey/jersey-json/1.19/jersey-json-1.19.jar:/home/user/.m2/repository/org/codehaus/jettison/jettison/1.1/jettison-1.1.jar:/home/user/.m2/repository/com/sun/xml/bind/jaxb-impl/2.3.0.1/jaxb-impl-2.3.0.1.jar:/home/user/.m2/repository/org/codehaus/jackson/jackson-core-asl/1.9.13/jackson-core-asl-1.9.13.jar:/home/user/.m2/repository/org/codehaus/jackson/jackson-mapper-asl/1.9.13/jackson-mapper-asl-1.9.13.jar:/home/user/.m2/repository/org/codehaus/jackson/jackson-jaxrs/1.9.13/jackson-jaxrs-1.9.13.jar:/home/user/.m2/repository/org/codehaus/jackson/jackson-xc/1.9.13/jackson-xc-1.9.13.jar:/home/user/.m2/repository/com/sun/jersey/jersey-server/1.19/jersey-server-1.19.jar:/home/user/.m2/repository/commons-logging/commons-logging/1.1.3/commons-logging-1.1.3.jar:/home/user/.m2/repository/log4j/log4j/1.2.17/log4j-1.2.17.jar:/home/user/.m2/repository/commons-beanutils/commons-beanutils/1.9.3/commons-beanutils-1.9.3.jar:/home/user/.m2/repository/org/apache/commons/commons-configuration2/2.1.1/commons-configuration2-2.1.1.jar:/home/user/.m2/repository/org/apache/commons/commons-lang3/3.7/commons-lang3-3.7.jar:/home/user/.m2/repository/org/apache/commons/commons-text/1.4/commons-text-1.4.jar:/home/user/.m2/repository/org/slf4j/slf4j-api/1.7.25/slf4j-api-1.7.25.jar:/home/user/.m2/repository/org/slf4j/slf4j-log4j12/1.7.25/slf4j-log4j12-1.7.25.jar:/home/user/.m2/repository/org/apache/avro/avro/1.7.7/avro-1.7.7.jar:/home/user/.m2/repository/com/thoughtworks/paranamer/paranamer/2.3/paranamer-2.3.jar:/home/user/.m2/repository/org/xerial/snappy/snappy-java/1.0.5/snappy-java-1.0.5.jar:/home/user/.m2/repository/com/google/re2j/re2j/1.1/re2j-1.1.jar:/home/user/.m2/repository/com/google/code/gson/gson/2.2.4/gson-2.2.4.jar:/home/user/.m2/repository/org/apache/hadoop/hadoop-auth/3.2.0/hadoop-auth-3.2.0.jar:/home/user/.m2/repository/com/nimbusds/nimbus-jose-jwt/4.41.1/nimbus-jose-jwt-4.41.1.jar:/home/user/.m2/repository/com/github/stephenc/jcip/jcip-annotations/1.0-1/jcip-annotations-1.0-1.jar:/home/user/.m2/repository/net/minidev/json-smart/2.3/json-smart-2.3.jar:/home/user/.m2/repository/net/minidev/accessors-smart/1.2/accessors-smart-1.2.jar:/home/user/.m2/repository/org/apache/curator/curator-framework/2.12.0/curator-framework-2.12.0.jar:/home/user/.m2/repository/com/jcraft/jsch/0.1.54/jsch-0.1.54.jar:/home/user/.m2/repository/org/apache/curator/curator-client/2.12.0/curator-client-2.12.0.jar:/home/user/.m2/repository/org/apache/curator/curator-recipes/2.12.0/curator-recipes-2.12.0.jar:/home/user/.m2/repository/com/google/code/findbugs/jsr305/3.0.0/jsr305-3.0.0.jar:/home/user/.m2/repository/org/apache/htrace/htrace-core4/4.1.0-incubating/htrace-core4-4.1.0-incubating.jar:/home/user/.m2/repository/org/apache/zookeeper/zookeeper/3.4.13/zookeeper-3.4.13.jar:/home/user/.m2/repository/org/apache/yetus/audience-annotations/0.5.0/audience-annotations-0.5.0.jar:/home/user/.m2/repository/org/apache/kerby/kerb-simplekdc/1.0.1/kerb-simplekdc-1.0.1.jar:/home/user/.m2/repository/org/apache/kerby/kerb-client/1.0.1/kerb-client-1.0.1.jar:/home/user/.m2/repository/org/apache/kerby/kerby-config/1.0.1/kerby-config-1.0.1.jar:/home/user/.m2/repository/org/apache/kerby/kerb-core/1.0.1/kerb-core-1.0.1.jar:/home/user/.m2/repository/org/apache/kerby/kerby-pkix/1.0.1/kerby-pkix-1.0.1.jar:/home/user/.m2/repository/org/apache/kerby/kerby-asn1/1.0.1/kerby-asn1-1.0.1.jar:/home/user/.m2/repository/org/apache/kerby/kerby-util/1.0.1/kerby-util-1.0.1.jar:/home/user/.m2/repository/org/apache/kerby/kerb-common/1.0.1/kerb-common-1.0.1.jar:/home/user/.m2/repository/org/apache/kerby/kerb-crypto/1.0.1/kerb-crypto-1.0.1.jar:/home/user/.m2/repository/org/apache/kerby/kerb-util/1.0.1/kerb-util-1.0.1.jar:/home/user/.m2/repository/org/apache/kerby/token-provider/1.0.1/token-provider-1.0.1.jar:/home/user/.m2/repository/org/apache/kerby/kerb-admin/1.0.1/kerb-admin-1.0.1.jar:/home/user/.m2/repository/org/apache/kerby/kerb-server/1.0.1/kerb-server-1.0.1.jar:/home/user/.m2/repository/org/apache/kerby/kerb-identity/1.0.1/kerb-identity-1.0.1.jar:/home/user/.m2/repository/org/apache/kerby/kerby-xdr/1.0.1/kerby-xdr-1.0.1.jar:/home/user/.m2/repository/com/fasterxml/jackson/core/jackson-databind/2.9.5/jackson-databind-2.9.5.jar:/home/user/.m2/repository/com/fasterxml/jackson/core/jackson-core/2.9.5/jackson-core-2.9.5.jar:/home/user/.m2/repository/org/codehaus/woodstox/stax2-api/3.1.4/stax2-api-3.1.4.jar:/home/user/.m2/repository/com/fasterxml/woodstox/woodstox-core/5.0.3/woodstox-core-5.0.3.jar:/home/user/.m2/repository/dnsjava/dnsjava/2.1.7/dnsjava-2.1.7.jar:/home/user/.m2/repository/org/apache/hadoop/hadoop-hdfs/3.2.0/hadoop-hdfs-3.2.0.jar:/home/user/.m2/repository/org/eclipse/jetty/jetty-util-ajax/9.3.24.v20180605/jetty-util-ajax-9.3.24.v20180605.jar:/home/user/.m2/repository/commons-daemon/commons-daemon/1.0.13/commons-daemon-1.0.13.jar:/home/user/.m2/repository/io/netty/netty/3.10.5.Final/netty-3.10.5.Final.jar:/home/user/.m2/repository/io/netty/netty-all/4.0.52.Final/netty-all-4.0.52.Final.jar:/home/user/.m2/repository/org/fusesource/leveldbjni/leveldbjni-all/1.8/leveldbjni-all-1.8.jar:/home/user/.m2/repository/com/sun/xml/bind/jaxb-core/2.3.0.1/jaxb-core-2.3.0.1.jar:/home/user/.m2/repository/javax/xml/bind/jaxb-api/2.3.0/jaxb-api-2.3.0.jar:/home/user/.m2/repository/javax/activation/activation/1.1.1/activation-1.1.1.jar:/home/user/.m2/repository/io/dropwizard/metrics/metrics-core/3.2.4/metrics-core-3.2.4.jar:/home/user/.m2/repository/org/openjdk/jmh/jmh-core/1.19/jmh-core-1.19.jar:/home/user/.m2/repository/net/sf/jopt-simple/jopt-simple/4.6/jopt-simple-4.6.jar:/home/user/.m2/repository/org/openjdk/jmh/jmh-generator-annprocess/1.19/jmh-generator-annprocess-1.19.jar:/home/user/.m2/repository/com/google/code/findbugs/findbugs/3.0.1/findbugs-3.0.1.jar:/home/user/.m2/repository/net/jcip/jcip-annotations/1.0/jcip-annotations-1.0.jar:/home/user/.m2/repository/com/google/code/findbugs/bcel-findbugs/6.0/bcel-findbugs-6.0.jar:/home/user/.m2/repository/com/google/code/findbugs/jFormatString/2.0.1/jFormatString-2.0.1.jar:/home/user/.m2/repository/dom4j/dom4j/1.6.1/dom4j-1.6.1.jar:/home/user/.m2/repository/xml-apis/xml-apis/1.0.b2/xml-apis-1.0.b2.jar:/home/user/.m2/repository/org/ow2/asm/asm-debug-all/5.0.2/asm-debug-all-5.0.2.jar:/home/user/.m2/repository/org/ow2/asm/asm-commons/5.0.2/asm-commons-5.0.2.jar:/home/user/.m2/repository/org/ow2/asm/asm-tree/5.0.2/asm-tree-5.0.2.jar:/home/user/.m2/repository/org/ow2/asm/asm/5.0.4/asm-5.0.4.jar:/home/user/.m2/repository/commons-lang/commons-lang/2.6/commons-lang-2.6.jar:/home/user/.m2/repository/com/apple/AppleJavaExtensions/1.4/AppleJavaExtensions-1.4.jar:/home/user/.m2/repository/jaxen/jaxen/1.1.6/jaxen-1.1.6.jar:/home/user/.m2/repository/junit/junit/4.11/junit-4.11.jar:/home/user/.m2/repository/org/hamcrest/hamcrest-core/1.3/hamcrest-core-1.3.jar:/home/user/.m2/repository/org/apache/hadoop/hadoop-common/3.2.0/hadoop-common-3.2.0-tests.jar:/workdir/hadoop-ozone/integration-test/target/test-classes:/home/user/.m2/repository/org/apache/hadoop/hadoop-ozone-objectstore-service/0.5.0-SNAPSHOT/hadoop-ozone-objectstore-service-0.5.0-SNAPSHOT.jar:/home/user/.m2/repository/org/apache/hadoop/hadoop-ozone-s3gateway/0.5.0-SNAPSHOT/hadoop-ozone-s3gateway-0.5.0-SNAPSHOT.jar:/home/user/.m2/repository/org/jboss/weld/servlet/weld-servlet/2.4.7.Final/weld-servlet-2.4.7.Final.jar:/home/user/.m2/repository/org/glassfish/jersey/containers/jersey-container-servlet-core/2.27/jersey-container-servlet-core-2.27.jar:/home/user/.m2/repository/org/glassfish/hk2/external/javax.inject/2.5.0-b42/javax.inject-2.5.0-b42.jar:/home/user/.m2/repository/org/glassfish/jersey/core/jersey-common/2.27/jersey-common-2.27.jar:/home/user/.m2/repository/org/glassfish/hk2/osgi-resource-locator/1.0.1/osgi-resource-locator-1.0.1.jar:/home/user/.m2/repository/javax/ws/rs/javax.ws.rs-api/2.1/javax.ws.rs-api-2.1.jar:/home/user/.m2/repository/org/glassfish/jersey/ext/cdi/jersey-cdi1x/2.27/jersey-cdi1x-2.27.jar:/home/user/.m2/repository/org/glassfish/jersey/inject/jersey-hk2/2.27/jersey-hk2-2.27.jar:/home/user/.m2/repository/org/glassfish/hk2/hk2-locator/2.5.0-b42/hk2-locator-2.5.0-b42.jar:/home/user/.m2/repository/org/javassist/javassist/3.22.0-CR2/javassist-3.22.0-CR2.jar:/home/user/.m2/repository/org/glassfish/hk2/hk2-api/2.5.0/hk2-api-2.5.0.jar:/home/user/.m2/repository/org/glassfish/hk2/external/jakarta.inject/2.5.0/jakarta.inject-2.5.0.jar:/home/user/.m2/repository/org/glassfish/hk2/hk2-utils/2.5.0/hk2-utils-2.5.0.jar:/home/user/.m2/repository/jakarta/annotation/jakarta.annotation-api/1.3.4/jakarta.annotation-api-1.3.4.jar:/home/user/.m2/repository/org/glassfish/hk2/external/aopalliance-repackaged/2.5.0/aopalliance-repackaged-2.5.0.jar:/home/user/.m2/repository/com/fasterxml/jackson/dataformat/jackson-dataformat-xml/2.9.0/jackson-dataformat-xml-2.9.0.jar:/home/user/.m2/repository/com/fasterxml/jackson/module/jackson-module-jaxb-annotations/2.9.5/jackson-module-jaxb-annotations-2.9.5.jar:/home/user/.m2/repository/javax/enterprise/cdi-api/1.2/cdi-api-1.2.jar:/home/user/.m2/repository/javax/el/javax.el-api/3.0.0/javax.el-api-3.0.0.jar:/home/user/.m2/repository/javax/interceptor/javax.interceptor-api/1.2/javax.interceptor-api-1.2.jar:/home/user/.m2/repository/javax/inject/javax.inject/1/javax.inject-1.jar:/home/user/.m2/repository/org/apache/hadoop/hadoop-ozone-csi/0.5.0-SNAPSHOT/hadoop-ozone-csi-0.5.0-SNAPSHOT.jar:/home/user/.m2/repository/com/google/protobuf/protobuf-java-util/3.5.1/protobuf-java-util-3.5.1.jar:/home/user/.m2/repository/io/grpc/grpc-netty/1.17.1/grpc-netty-1.17.1.jar:/home/user/.m2/repository/io/grpc/grpc-core/1.17.1/grpc-core-1.17.1.jar:/home/user/.m2/repository/io/grpc/grpc-context/1.17.1/grpc-context-1.17.1.jar:/home/user/.m2/repository/com/google/errorprone/error_prone_annotations/2.2.0/error_prone_annotations-2.2.0.jar:/home/user/.m2/repository/org/codehaus/mojo/animal-sniffer-annotations/1.17/animal-sniffer-annotations-1.17.jar:/home/user/.m2/repository/io/opencensus/opencensus-api/0.17.0/opencensus-api-0.17.0.jar:/home/user/.m2/repository/io/opencensus/opencensus-contrib-grpc-metrics/0.17.0/opencensus-contrib-grpc-metrics-0.17.0.jar:/home/user/.m2/repository/io/netty/netty-codec-http2/4.1.30.Final/netty-codec-http2-4.1.30.Final.jar:/home/user/.m2/repository/io/netty/netty-codec-http/4.1.30.Final/netty-codec-http-4.1.30.Final.jar:/home/user/.m2/repository/io/netty/netty-codec/4.1.30.Final/netty-codec-4.1.30.Final.jar:/home/user/.m2/repository/io/netty/netty-handler/4.1.30.Final/netty-handler-4.1.30.Final.jar:/home/user/.m2/repository/io/netty/netty-handler-proxy/4.1.30.Final/netty-handler-proxy-4.1.30.Final.jar:/home/user/.m2/repository/io/netty/netty-codec-socks/4.1.30.Final/netty-codec-socks-4.1.30.Final.jar:/home/user/.m2/repository/io/netty/netty-transport-native-epoll/4.1.30.Final/netty-transport-native-epoll-4.1.30.Final.jar:/home/user/.m2/repository/io/netty/netty-common/4.1.30.Final/netty-common-4.1.30.Final.jar:/home/user/.m2/repository/io/netty/netty-buffer/4.1.30.Final/netty-buffer-4.1.30.Final.jar:/home/user/.m2/repository/io/netty/netty-transport/4.1.30.Final/netty-transport-4.1.30.Final.jar:/home/user/.m2/repository/io/netty/netty-resolver/4.1.30.Final/netty-resolver-4.1.30.Final.jar:/home/user/.m2/repository/io/netty/netty-transport-native-unix-common/4.1.30.Final/netty-transport-native-unix-common-4.1.30.Final.jar:/home/user/.m2/repository/io/grpc/grpc-protobuf/1.17.1/grpc-protobuf-1.17.1.jar:/home/user/.m2/repository/com/google/api/grpc/proto-google-common-protos/1.0.0/proto-google-common-protos-1.0.0.jar:/home/user/.m2/repository/io/grpc/grpc-protobuf-lite/1.17.1/grpc-protobuf-lite-1.17.1.jar:/home/user/.m2/repository/io/grpc/grpc-stub/1.17.1/grpc-stub-1.17.1.jar:/home/user/.m2/repository/org/apache/hadoop/hadoop-ozone-recon/0.5.0-SNAPSHOT/hadoop-ozone-recon-0.5.0-SNAPSHOT.jar:/home/user/.m2/repository/org/apache/hadoop/hadoop-ozone-reconcodegen/0.5.0-SNAPSHOT/hadoop-ozone-reconcodegen-0.5.0-SNAPSHOT.jar:/home/user/.m2/repository/com/google/inject/extensions/guice-multibindings/4.0/guice-multibindings-4.0.jar:/home/user/.m2/repository/com/google/inject/guice/4.0/guice-4.0.jar:/home/user/.m2/repository/aopalliance/aopalliance/1.0/aopalliance-1.0.jar:/home/user/.m2/repository/com/google/inject/extensions/guice-servlet/4.0/guice-servlet-4.0.jar:/home/user/.m2/repository/org/glassfish/jersey/containers/jersey-container-servlet/2.27/jersey-container-servlet-2.27.jar:/home/user/.m2/repository/org/glassfish/hk2/guice-bridge/2.5.0/guice-bridge-2.5.0.jar:/home/user/.m2/repository/org/glassfish/jersey/core/jersey-server/2.27/jersey-server-2.27.jar:/home/user/.m2/repository/org/glassfish/jersey/core/jersey-client/2.27/jersey-client-2.27.jar:/home/user/.m2/repository/org/glassfish/jersey/media/jersey-media-jaxb/2.27/jersey-media-jaxb-2.27.jar:/home/user/.m2/repository/javax/validation/validation-api/1.1.0.Final/validation-api-1.1.0.Final.jar:/home/user/.m2/repository/org/glassfish/jersey/media/jersey-media-json-jackson/2.27/jersey-media-json-jackson-2.27.jar:/home/user/.m2/repository/org/glassfish/jersey/ext/jersey-entity-filtering/2.27/jersey-entity-filtering-2.27.jar:/home/user/.m2/repository/com/google/inject/extensions/guice-assistedinject/4.0/guice-assistedinject-4.0.jar:/home/user/.m2/repository/org/jooq/jooq/3.11.10/jooq-3.11.10.jar:/home/user/.m2/repository/org/jooq/jooq-meta/3.11.10/jooq-meta-3.11.10.jar:/home/user/.m2/repository/org/jooq/jooq-codegen/3.11.10/jooq-codegen-3.11.10.jar:/home/user/.m2/repository/com/jolbox/bonecp/0.8.0.RELEASE/bonecp-0.8.0.RELEASE.jar:/home/user/.m2/repository/org/springframework/spring-jdbc/5.1.3.RELEASE/spring-jdbc-5.1.3.RELEASE.jar:/home/user/.m2/repository/org/springframework/spring-beans/5.1.3.RELEASE/spring-beans-5.1.3.RELEASE.jar:/home/user/.m2/repository/org/springframework/spring-core/5.1.3.RELEASE/spring-core-5.1.3.RELEASE.jar:/home/user/.m2/repository/org/springframework/spring-jcl/5.1.3.RELEASE/spring-jcl-5.1.3.RELEASE.jar:/home/user/.m2/repository/org/springframework/spring-tx/5.1.3.RELEASE/spring-tx-5.1.3.RELEASE.jar:/home/user/.m2/repository/org/mockito/mockito-core/2.15.0/mockito-core-2.15.0.jar:/home/user/.m2/repository/net/bytebuddy/byte-buddy/1.7.9/byte-buddy-1.7.9.jar:/home/user/.m2/repository/net/bytebuddy/byte-buddy-agent/1.7.9/byte-buddy-agent-1.7.9.jar:/home/user/.m2/repository/org/objenesis/objenesis/1.0/objenesis-1.0.jar:"/>
    <property name="java.vm.vendor" value="IcedTea"/>
    <property name="sun.arch.data.model" value="64"/>
    <property name="test.build.dir" value="/workdir/hadoop-ozone/tools/target/test-dir"/>
    <property name="test.cache.data" value=""/>
    <property name="java.vendor.url" value="https://icedtea.classpath.org"/>
    <property name="user.timezone" value=""/>
    <property name="java.vm.specification.version" value="1.8"/>
    <property name="os.name" value="Linux"/>
    <property name="test.build.data" value="/workdir/hadoop-ozone/tools/target/test-dir"/>
    <property name="user.country" value="US"/>
    <property name="sun.java.launcher" value="SUN_STANDARD"/>
    <property name="sun.boot.library.path" value="/usr/lib/jvm/java-1.8-openjdk/jre/lib/amd64"/>
    <property name="sun.java.command" value="/workdir/hadoop-ozone/tools/target/surefire/surefirebooter4114812821757189973.jar /workdir/hadoop-ozone/tools/target/surefire 2019-09-20T09-23-56_214-jvmRun1 surefire5440510896790558007tmp surefire_12281287786010344425tmp"/>
    <property name="test" value="!TestMiniChaosOzoneCluster"/>
    <property name="surefire.test.class.path" value="/workdir/hadoop-ozone/tools/target/test-classes:/workdir/hadoop-ozone/tools/target/classes:/home/user/.m2/repository/org/apache/hadoop/hadoop-ozone-ozone-manager/0.5.0-SNAPSHOT/hadoop-ozone-ozone-manager-0.5.0-SNAPSHOT.jar:/home/user/.m2/repository/org/apache/hadoop/hadoop-hdds-docs/0.5.0-SNAPSHOT/hadoop-hdds-docs-0.5.0-SNAPSHOT.jar:/home/user/.m2/repository/org/bouncycastle/bcprov-jdk15on/1.60/bcprov-jdk15on-1.60.jar:/home/user/.m2/repository/org/apache/hadoop/hadoop-ozone-common/0.5.0-SNAPSHOT/hadoop-ozone-common-0.5.0-SNAPSHOT.jar:/home/user/.m2/repository/org/apache/commons/commons-compress/1.4.1/commons-compress-1.4.1.jar:/home/user/.m2/repository/org/tukaani/xz/1.0/xz-1.0.jar:/home/user/.m2/repository/org/apache/hadoop/hadoop-hdfs-client/3.2.0/hadoop-hdfs-client-3.2.0.jar:/home/user/.m2/repository/com/fasterxml/jackson/core/jackson-annotations/2.9.5/jackson-annotations-2.9.5.jar:/home/user/.m2/repository/org/apache/hadoop/hadoop-hdds-common/0.5.0-SNAPSHOT/hadoop-hdds-common-0.5.0-SNAPSHOT.jar:/home/user/.m2/repository/org/apache/hadoop/hadoop-hdds-config/0.5.0-SNAPSHOT/hadoop-hdds-config-0.5.0-SNAPSHOT.jar:/home/user/.m2/repository/javax/annotation/javax.annotation-api/1.2/javax.annotation-api-1.2.jar:/home/user/.m2/repository/org/apache/ratis/ratis-server/0.4.0-2337318-SNAPSHOT/ratis-server-0.4.0-2337318-SNAPSHOT.jar:/home/user/.m2/repository/org/apache/ratis/ratis-thirdparty-misc/0.2.0/ratis-thirdparty-misc-0.2.0.jar:/home/user/.m2/repository/org/apache/ratis/ratis-proto/0.4.0-2337318-SNAPSHOT/ratis-proto-0.4.0-2337318-SNAPSHOT.jar:/home/user/.m2/repository/org/apache/ratis/ratis-common/0.4.0-2337318-SNAPSHOT/ratis-common-0.4.0-2337318-SNAPSHOT.jar:/home/user/.m2/repository/org/apache/ratis/ratis-client/0.4.0-2337318-SNAPSHOT/ratis-client-0.4.0-2337318-SNAPSHOT.jar:/home/user/.m2/repository/org/apache/ratis/ratis-metrics/0.4.0-2337318-SNAPSHOT/ratis-metrics-0.4.0-2337318-SNAPSHOT.jar:/home/user/.m2/repository/org/apache/ratis/ratis-netty/0.4.0-2337318-SNAPSHOT/ratis-netty-0.4.0-2337318-SNAPSHOT.jar:/home/user/.m2/repository/org/apache/ratis/ratis-grpc/0.4.0-2337318-SNAPSHOT/ratis-grpc-0.4.0-2337318-SNAPSHOT.jar:/home/user/.m2/repository/org/rocksdb/rocksdbjni/6.0.1/rocksdbjni-6.0.1.jar:/home/user/.m2/repository/org/apache/logging/log4j/log4j-api/2.11.0/log4j-api-2.11.0.jar:/home/user/.m2/repository/org/apache/logging/log4j/log4j-core/2.11.0/log4j-core-2.11.0.jar:/home/user/.m2/repository/com/lmax/disruptor/3.4.2/disruptor-3.4.2.jar:/home/user/.m2/repository/org/apache/commons/commons-pool2/2.6.0/commons-pool2-2.6.0.jar:/home/user/.m2/repository/org/bouncycastle/bcpkix-jdk15on/1.60/bcpkix-jdk15on-1.60.jar:/home/user/.m2/repository/commons-validator/commons-validator/1.6/commons-validator-1.6.jar:/home/user/.m2/repository/commons-digester/commons-digester/1.8.1/commons-digester-1.8.1.jar:/home/user/.m2/repository/io/jaegertracing/jaeger-client/0.33.1/jaeger-client-0.33.1.jar:/home/user/.m2/repository/io/jaegertracing/jaeger-thrift/0.33.1/jaeger-thrift-0.33.1.jar:/home/user/.m2/repository/org/apache/thrift/libthrift/0.11.0/libthrift-0.11.0.jar:/home/user/.m2/repository/com/squareup/okhttp3/okhttp/3.9.0/okhttp-3.9.0.jar:/home/user/.m2/repository/com/squareup/okio/okio/1.13.0/okio-1.13.0.jar:/home/user/.m2/repository/io/jaegertracing/jaeger-core/0.33.1/jaeger-core-0.33.1.jar:/home/user/.m2/repository/io/jaegertracing/jaeger-tracerresolver/0.33.1/jaeger-tracerresolver-0.33.1.jar:/home/user/.m2/repository/io/opentracing/contrib/opentracing-tracerresolver/0.1.5/opentracing-tracerresolver-0.1.5.jar:/home/user/.m2/repository/io/opentracing/opentracing-util/0.31.0/opentracing-util-0.31.0.jar:/home/user/.m2/repository/io/opentracing/opentracing-api/0.31.0/opentracing-api-0.31.0.jar:/home/user/.m2/repository/io/opentracing/opentracing-noop/0.31.0/opentracing-noop-0.31.0.jar:/home/user/.m2/repository/org/yaml/snakeyaml/1.16/snakeyaml-1.16.jar:/home/user/.m2/repository/org/apache/hadoop/hadoop-hdds-container-service/0.5.0-SNAPSHOT/hadoop-hdds-container-service-0.5.0-SNAPSHOT.jar:/home/user/.m2/repository/org/apache/hadoop/hadoop-hdds-client/0.5.0-SNAPSHOT/hadoop-hdds-client-0.5.0-SNAPSHOT.jar:/home/user/.m2/repository/org/apache/hadoop/hadoop-hdds-tools/0.5.0-SNAPSHOT/hadoop-hdds-tools-0.5.0-SNAPSHOT.jar:/home/user/.m2/repository/org/xerial/sqlite-jdbc/3.25.2/sqlite-jdbc-3.25.2.jar:/home/user/.m2/repository/org/apache/hadoop/hadoop-hdds-server-scm/0.5.0-SNAPSHOT/hadoop-hdds-server-scm-0.5.0-SNAPSHOT.jar:/home/user/.m2/repository/org/hamcrest/hamcrest-all/1.3/hamcrest-all-1.3.jar:/home/user/.m2/repository/info/picocli/picocli/3.9.6/picocli-3.9.6.jar:/home/user/.m2/repository/com/google/protobuf/protobuf-java/2.5.0/protobuf-java-2.5.0.jar:/home/user/.m2/repository/com/google/guava/guava/11.0.2/guava-11.0.2.jar:/home/user/.m2/repository/org/apache/hadoop/hadoop-ozone-client/0.5.0-SNAPSHOT/hadoop-ozone-client-0.5.0-SNAPSHOT.jar:/workdir/hadoop-ozone/ozonefs/target/classes:/home/user/.m2/repository/org/apache/hadoop/hadoop-hdds-server-framework/0.5.0-SNAPSHOT/hadoop-hdds-server-framework-0.5.0-SNAPSHOT.jar:/home/user/.m2/repository/org/apache/hadoop/hadoop-common/3.2.0/hadoop-common-3.2.0.jar:/home/user/.m2/repository/org/apache/hadoop/hadoop-annotations/3.2.0/hadoop-annotations-3.2.0.jar:/usr/lib/jvm/java-1.8-openjdk/jre/../lib/tools.jar:/home/user/.m2/repository/commons-cli/commons-cli/1.2/commons-cli-1.2.jar:/home/user/.m2/repository/org/apache/commons/commons-math3/3.1.1/commons-math3-3.1.1.jar:/home/user/.m2/repository/org/apache/httpcomponents/httpclient/4.5.2/httpclient-4.5.2.jar:/home/user/.m2/repository/org/apache/httpcomponents/httpcore/4.4.4/httpcore-4.4.4.jar:/home/user/.m2/repository/commons-codec/commons-codec/1.11/commons-codec-1.11.jar:/home/user/.m2/repository/commons-io/commons-io/2.5/commons-io-2.5.jar:/home/user/.m2/repository/commons-net/commons-net/3.6/commons-net-3.6.jar:/home/user/.m2/repository/commons-collections/commons-collections/3.2.2/commons-collections-3.2.2.jar:/home/user/.m2/repository/javax/servlet/javax.servlet-api/3.1.0/javax.servlet-api-3.1.0.jar:/home/user/.m2/repository/org/eclipse/jetty/jetty-server/9.3.24.v20180605/jetty-server-9.3.24.v20180605.jar:/home/user/.m2/repository/org/eclipse/jetty/jetty-http/9.3.24.v20180605/jetty-http-9.3.24.v20180605.jar:/home/user/.m2/repository/org/eclipse/jetty/jetty-io/9.3.24.v20180605/jetty-io-9.3.24.v20180605.jar:/home/user/.m2/repository/org/eclipse/jetty/jetty-util/9.3.24.v20180605/jetty-util-9.3.24.v20180605.jar:/home/user/.m2/repository/org/eclipse/jetty/jetty-servlet/9.3.24.v20180605/jetty-servlet-9.3.24.v20180605.jar:/home/user/.m2/repository/org/eclipse/jetty/jetty-security/9.3.24.v20180605/jetty-security-9.3.24.v20180605.jar:/home/user/.m2/repository/org/eclipse/jetty/jetty-webapp/9.3.24.v20180605/jetty-webapp-9.3.24.v20180605.jar:/home/user/.m2/repository/org/eclipse/jetty/jetty-xml/9.3.24.v20180605/jetty-xml-9.3.24.v20180605.jar:/home/user/.m2/repository/javax/servlet/jsp/jsp-api/2.1/jsp-api-2.1.jar:/home/user/.m2/repository/com/sun/jersey/jersey-core/1.19/jersey-core-1.19.jar:/home/user/.m2/repository/javax/ws/rs/jsr311-api/1.1.1/jsr311-api-1.1.1.jar:/home/user/.m2/repository/com/sun/jersey/jersey-servlet/1.19/jersey-servlet-1.19.jar:/home/user/.m2/repository/com/sun/jersey/jersey-json/1.19/jersey-json-1.19.jar:/home/user/.m2/repository/org/codehaus/jettison/jettison/1.1/jettison-1.1.jar:/home/user/.m2/repository/com/sun/xml/bind/jaxb-impl/2.3.0.1/jaxb-impl-2.3.0.1.jar:/home/user/.m2/repository/org/codehaus/jackson/jackson-core-asl/1.9.13/jackson-core-asl-1.9.13.jar:/home/user/.m2/repository/org/codehaus/jackson/jackson-mapper-asl/1.9.13/jackson-mapper-asl-1.9.13.jar:/home/user/.m2/repository/org/codehaus/jackson/jackson-jaxrs/1.9.13/jackson-jaxrs-1.9.13.jar:/home/user/.m2/repository/org/codehaus/jackson/jackson-xc/1.9.13/jackson-xc-1.9.13.jar:/home/user/.m2/repository/com/sun/jersey/jersey-server/1.19/jersey-server-1.19.jar:/home/user/.m2/repository/commons-logging/commons-logging/1.1.3/commons-logging-1.1.3.jar:/home/user/.m2/repository/log4j/log4j/1.2.17/log4j-1.2.17.jar:/home/user/.m2/repository/commons-beanutils/commons-beanutils/1.9.3/commons-beanutils-1.9.3.jar:/home/user/.m2/repository/org/apache/commons/commons-configuration2/2.1.1/commons-configuration2-2.1.1.jar:/home/user/.m2/repository/org/apache/commons/commons-lang3/3.7/commons-lang3-3.7.jar:/home/user/.m2/repository/org/apache/commons/commons-text/1.4/commons-text-1.4.jar:/home/user/.m2/repository/org/slf4j/slf4j-api/1.7.25/slf4j-api-1.7.25.jar:/home/user/.m2/repository/org/slf4j/slf4j-log4j12/1.7.25/slf4j-log4j12-1.7.25.jar:/home/user/.m2/repository/org/apache/avro/avro/1.7.7/avro-1.7.7.jar:/home/user/.m2/repository/com/thoughtworks/paranamer/paranamer/2.3/paranamer-2.3.jar:/home/user/.m2/repository/org/xerial/snappy/snappy-java/1.0.5/snappy-java-1.0.5.jar:/home/user/.m2/repository/com/google/re2j/re2j/1.1/re2j-1.1.jar:/home/user/.m2/repository/com/google/code/gson/gson/2.2.4/gson-2.2.4.jar:/home/user/.m2/repository/org/apache/hadoop/hadoop-auth/3.2.0/hadoop-auth-3.2.0.jar:/home/user/.m2/repository/com/nimbusds/nimbus-jose-jwt/4.41.1/nimbus-jose-jwt-4.41.1.jar:/home/user/.m2/repository/com/github/stephenc/jcip/jcip-annotations/1.0-1/jcip-annotations-1.0-1.jar:/home/user/.m2/repository/net/minidev/json-smart/2.3/json-smart-2.3.jar:/home/user/.m2/repository/net/minidev/accessors-smart/1.2/accessors-smart-1.2.jar:/home/user/.m2/repository/org/apache/curator/curator-framework/2.12.0/curator-framework-2.12.0.jar:/home/user/.m2/repository/com/jcraft/jsch/0.1.54/jsch-0.1.54.jar:/home/user/.m2/repository/org/apache/curator/curator-client/2.12.0/curator-client-2.12.0.jar:/home/user/.m2/repository/org/apache/curator/curator-recipes/2.12.0/curator-recipes-2.12.0.jar:/home/user/.m2/repository/com/google/code/findbugs/jsr305/3.0.0/jsr305-3.0.0.jar:/home/user/.m2/repository/org/apache/htrace/htrace-core4/4.1.0-incubating/htrace-core4-4.1.0-incubating.jar:/home/user/.m2/repository/org/apache/zookeeper/zookeeper/3.4.13/zookeeper-3.4.13.jar:/home/user/.m2/repository/org/apache/yetus/audience-annotations/0.5.0/audience-annotations-0.5.0.jar:/home/user/.m2/repository/org/apache/kerby/kerb-simplekdc/1.0.1/kerb-simplekdc-1.0.1.jar:/home/user/.m2/repository/org/apache/kerby/kerb-client/1.0.1/kerb-client-1.0.1.jar:/home/user/.m2/repository/org/apache/kerby/kerby-config/1.0.1/kerby-config-1.0.1.jar:/home/user/.m2/repository/org/apache/kerby/kerb-core/1.0.1/kerb-core-1.0.1.jar:/home/user/.m2/repository/org/apache/kerby/kerby-pkix/1.0.1/kerby-pkix-1.0.1.jar:/home/user/.m2/repository/org/apache/kerby/kerby-asn1/1.0.1/kerby-asn1-1.0.1.jar:/home/user/.m2/repository/org/apache/kerby/kerby-util/1.0.1/kerby-util-1.0.1.jar:/home/user/.m2/repository/org/apache/kerby/kerb-common/1.0.1/kerb-common-1.0.1.jar:/home/user/.m2/repository/org/apache/kerby/kerb-crypto/1.0.1/kerb-crypto-1.0.1.jar:/home/user/.m2/repository/org/apache/kerby/kerb-util/1.0.1/kerb-util-1.0.1.jar:/home/user/.m2/repository/org/apache/kerby/token-provider/1.0.1/token-provider-1.0.1.jar:/home/user/.m2/repository/org/apache/kerby/kerb-admin/1.0.1/kerb-admin-1.0.1.jar:/home/user/.m2/repository/org/apache/kerby/kerb-server/1.0.1/kerb-server-1.0.1.jar:/home/user/.m2/repository/org/apache/kerby/kerb-identity/1.0.1/kerb-identity-1.0.1.jar:/home/user/.m2/repository/org/apache/kerby/kerby-xdr/1.0.1/kerby-xdr-1.0.1.jar:/home/user/.m2/repository/com/fasterxml/jackson/core/jackson-databind/2.9.5/jackson-databind-2.9.5.jar:/home/user/.m2/repository/com/fasterxml/jackson/core/jackson-core/2.9.5/jackson-core-2.9.5.jar:/home/user/.m2/repository/org/codehaus/woodstox/stax2-api/3.1.4/stax2-api-3.1.4.jar:/home/user/.m2/repository/com/fasterxml/woodstox/woodstox-core/5.0.3/woodstox-core-5.0.3.jar:/home/user/.m2/repository/dnsjava/dnsjava/2.1.7/dnsjava-2.1.7.jar:/home/user/.m2/repository/org/apache/hadoop/hadoop-hdfs/3.2.0/hadoop-hdfs-3.2.0.jar:/home/user/.m2/repository/org/eclipse/jetty/jetty-util-ajax/9.3.24.v20180605/jetty-util-ajax-9.3.24.v20180605.jar:/home/user/.m2/repository/commons-daemon/commons-daemon/1.0.13/commons-daemon-1.0.13.jar:/home/user/.m2/repository/io/netty/netty/3.10.5.Final/netty-3.10.5.Final.jar:/home/user/.m2/repository/io/netty/netty-all/4.0.52.Final/netty-all-4.0.52.Final.jar:/home/user/.m2/repository/org/fusesource/leveldbjni/leveldbjni-all/1.8/leveldbjni-all-1.8.jar:/home/user/.m2/repository/com/sun/xml/bind/jaxb-core/2.3.0.1/jaxb-core-2.3.0.1.jar:/home/user/.m2/repository/javax/xml/bind/jaxb-api/2.3.0/jaxb-api-2.3.0.jar:/home/user/.m2/repository/javax/activation/activation/1.1.1/activation-1.1.1.jar:/home/user/.m2/repository/io/dropwizard/metrics/metrics-core/3.2.4/metrics-core-3.2.4.jar:/home/user/.m2/repository/org/openjdk/jmh/jmh-core/1.19/jmh-core-1.19.jar:/home/user/.m2/repository/net/sf/jopt-simple/jopt-simple/4.6/jopt-simple-4.6.jar:/home/user/.m2/repository/org/openjdk/jmh/jmh-generator-annprocess/1.19/jmh-generator-annprocess-1.19.jar:/home/user/.m2/repository/com/google/code/findbugs/findbugs/3.0.1/findbugs-3.0.1.jar:/home/user/.m2/repository/net/jcip/jcip-annotations/1.0/jcip-annotations-1.0.jar:/home/user/.m2/repository/com/google/code/findbugs/bcel-findbugs/6.0/bcel-findbugs-6.0.jar:/home/user/.m2/repository/com/google/code/findbugs/jFormatString/2.0.1/jFormatString-2.0.1.jar:/home/user/.m2/repository/dom4j/dom4j/1.6.1/dom4j-1.6.1.jar:/home/user/.m2/repository/xml-apis/xml-apis/1.0.b2/xml-apis-1.0.b2.jar:/home/user/.m2/repository/org/ow2/asm/asm-debug-all/5.0.2/asm-debug-all-5.0.2.jar:/home/user/.m2/repository/org/ow2/asm/asm-commons/5.0.2/asm-commons-5.0.2.jar:/home/user/.m2/repository/org/ow2/asm/asm-tree/5.0.2/asm-tree-5.0.2.jar:/home/user/.m2/repository/org/ow2/asm/asm/5.0.4/asm-5.0.4.jar:/home/user/.m2/repository/commons-lang/commons-lang/2.6/commons-lang-2.6.jar:/home/user/.m2/repository/com/apple/AppleJavaExtensions/1.4/AppleJavaExtensions-1.4.jar:/home/user/.m2/repository/jaxen/jaxen/1.1.6/jaxen-1.1.6.jar:/home/user/.m2/repository/junit/junit/4.11/junit-4.11.jar:/home/user/.m2/repository/org/hamcrest/hamcrest-core/1.3/hamcrest-core-1.3.jar:/home/user/.m2/repository/org/apache/hadoop/hadoop-common/3.2.0/hadoop-common-3.2.0-tests.jar:/workdir/hadoop-ozone/integration-test/target/test-classes:/home/user/.m2/repository/org/apache/hadoop/hadoop-ozone-objectstore-service/0.5.0-SNAPSHOT/hadoop-ozone-objectstore-service-0.5.0-SNAPSHOT.jar:/home/user/.m2/repository/org/apache/hadoop/hadoop-ozone-s3gateway/0.5.0-SNAPSHOT/hadoop-ozone-s3gateway-0.5.0-SNAPSHOT.jar:/home/user/.m2/repository/org/jboss/weld/servlet/weld-servlet/2.4.7.Final/weld-servlet-2.4.7.Final.jar:/home/user/.m2/repository/org/glassfish/jersey/containers/jersey-container-servlet-core/2.27/jersey-container-servlet-core-2.27.jar:/home/user/.m2/repository/org/glassfish/hk2/external/javax.inject/2.5.0-b42/javax.inject-2.5.0-b42.jar:/home/user/.m2/repository/org/glassfish/jersey/core/jersey-common/2.27/jersey-common-2.27.jar:/home/user/.m2/repository/org/glassfish/hk2/osgi-resource-locator/1.0.1/osgi-resource-locator-1.0.1.jar:/home/user/.m2/repository/javax/ws/rs/javax.ws.rs-api/2.1/javax.ws.rs-api-2.1.jar:/home/user/.m2/repository/org/glassfish/jersey/ext/cdi/jersey-cdi1x/2.27/jersey-cdi1x-2.27.jar:/home/user/.m2/repository/org/glassfish/jersey/inject/jersey-hk2/2.27/jersey-hk2-2.27.jar:/home/user/.m2/repository/org/glassfish/hk2/hk2-locator/2.5.0-b42/hk2-locator-2.5.0-b42.jar:/home/user/.m2/repository/org/javassist/javassist/3.22.0-CR2/javassist-3.22.0-CR2.jar:/home/user/.m2/repository/org/glassfish/hk2/hk2-api/2.5.0/hk2-api-2.5.0.jar:/home/user/.m2/repository/org/glassfish/hk2/external/jakarta.inject/2.5.0/jakarta.inject-2.5.0.jar:/home/user/.m2/repository/org/glassfish/hk2/hk2-utils/2.5.0/hk2-utils-2.5.0.jar:/home/user/.m2/repository/jakarta/annotation/jakarta.annotation-api/1.3.4/jakarta.annotation-api-1.3.4.jar:/home/user/.m2/repository/org/glassfish/hk2/external/aopalliance-repackaged/2.5.0/aopalliance-repackaged-2.5.0.jar:/home/user/.m2/repository/com/fasterxml/jackson/dataformat/jackson-dataformat-xml/2.9.0/jackson-dataformat-xml-2.9.0.jar:/home/user/.m2/repository/com/fasterxml/jackson/module/jackson-module-jaxb-annotations/2.9.5/jackson-module-jaxb-annotations-2.9.5.jar:/home/user/.m2/repository/javax/enterprise/cdi-api/1.2/cdi-api-1.2.jar:/home/user/.m2/repository/javax/el/javax.el-api/3.0.0/javax.el-api-3.0.0.jar:/home/user/.m2/repository/javax/interceptor/javax.interceptor-api/1.2/javax.interceptor-api-1.2.jar:/home/user/.m2/repository/javax/inject/javax.inject/1/javax.inject-1.jar:/home/user/.m2/repository/org/apache/hadoop/hadoop-ozone-csi/0.5.0-SNAPSHOT/hadoop-ozone-csi-0.5.0-SNAPSHOT.jar:/home/user/.m2/repository/com/google/protobuf/protobuf-java-util/3.5.1/protobuf-java-util-3.5.1.jar:/home/user/.m2/repository/io/grpc/grpc-netty/1.17.1/grpc-netty-1.17.1.jar:/home/user/.m2/repository/io/grpc/grpc-core/1.17.1/grpc-core-1.17.1.jar:/home/user/.m2/repository/io/grpc/grpc-context/1.17.1/grpc-context-1.17.1.jar:/home/user/.m2/repository/com/google/errorprone/error_prone_annotations/2.2.0/error_prone_annotations-2.2.0.jar:/home/user/.m2/repository/org/codehaus/mojo/animal-sniffer-annotations/1.17/animal-sniffer-annotations-1.17.jar:/home/user/.m2/repository/io/opencensus/opencensus-api/0.17.0/opencensus-api-0.17.0.jar:/home/user/.m2/repository/io/opencensus/opencensus-contrib-grpc-metrics/0.17.0/opencensus-contrib-grpc-metrics-0.17.0.jar:/home/user/.m2/repository/io/netty/netty-codec-http2/4.1.30.Final/netty-codec-http2-4.1.30.Final.jar:/home/user/.m2/repository/io/netty/netty-codec-http/4.1.30.Final/netty-codec-http-4.1.30.Final.jar:/home/user/.m2/repository/io/netty/netty-codec/4.1.30.Final/netty-codec-4.1.30.Final.jar:/home/user/.m2/repository/io/netty/netty-handler/4.1.30.Final/netty-handler-4.1.30.Final.jar:/home/user/.m2/repository/io/netty/netty-handler-proxy/4.1.30.Final/netty-handler-proxy-4.1.30.Final.jar:/home/user/.m2/repository/io/netty/netty-codec-socks/4.1.30.Final/netty-codec-socks-4.1.30.Final.jar:/home/user/.m2/repository/io/netty/netty-transport-native-epoll/4.1.30.Final/netty-transport-native-epoll-4.1.30.Final.jar:/home/user/.m2/repository/io/netty/netty-common/4.1.30.Final/netty-common-4.1.30.Final.jar:/home/user/.m2/repository/io/netty/netty-buffer/4.1.30.Final/netty-buffer-4.1.30.Final.jar:/home/user/.m2/repository/io/netty/netty-transport/4.1.30.Final/netty-transport-4.1.30.Final.jar:/home/user/.m2/repository/io/netty/netty-resolver/4.1.30.Final/netty-resolver-4.1.30.Final.jar:/home/user/.m2/repository/io/netty/netty-transport-native-unix-common/4.1.30.Final/netty-transport-native-unix-common-4.1.30.Final.jar:/home/user/.m2/repository/io/grpc/grpc-protobuf/1.17.1/grpc-protobuf-1.17.1.jar:/home/user/.m2/repository/com/google/api/grpc/proto-google-common-protos/1.0.0/proto-google-common-protos-1.0.0.jar:/home/user/.m2/repository/io/grpc/grpc-protobuf-lite/1.17.1/grpc-protobuf-lite-1.17.1.jar:/home/user/.m2/repository/io/grpc/grpc-stub/1.17.1/grpc-stub-1.17.1.jar:/home/user/.m2/repository/org/apache/hadoop/hadoop-ozone-recon/0.5.0-SNAPSHOT/hadoop-ozone-recon-0.5.0-SNAPSHOT.jar:/home/user/.m2/repository/org/apache/hadoop/hadoop-ozone-reconcodegen/0.5.0-SNAPSHOT/hadoop-ozone-reconcodegen-0.5.0-SNAPSHOT.jar:/home/user/.m2/repository/com/google/inject/extensions/guice-multibindings/4.0/guice-multibindings-4.0.jar:/home/user/.m2/repository/com/google/inject/guice/4.0/guice-4.0.jar:/home/user/.m2/repository/aopalliance/aopalliance/1.0/aopalliance-1.0.jar:/home/user/.m2/repository/com/google/inject/extensions/guice-servlet/4.0/guice-servlet-4.0.jar:/home/user/.m2/repository/org/glassfish/jersey/containers/jersey-container-servlet/2.27/jersey-container-servlet-2.27.jar:/home/user/.m2/repository/org/glassfish/hk2/guice-bridge/2.5.0/guice-bridge-2.5.0.jar:/home/user/.m2/repository/org/glassfish/jersey/core/jersey-server/2.27/jersey-server-2.27.jar:/home/user/.m2/repository/org/glassfish/jersey/core/jersey-client/2.27/jersey-client-2.27.jar:/home/user/.m2/repository/org/glassfish/jersey/media/jersey-media-jaxb/2.27/jersey-media-jaxb-2.27.jar:/home/user/.m2/repository/javax/validation/validation-api/1.1.0.Final/validation-api-1.1.0.Final.jar:/home/user/.m2/repository/org/glassfish/jersey/media/jersey-media-json-jackson/2.27/jersey-media-json-jackson-2.27.jar:/home/user/.m2/repository/org/glassfish/jersey/ext/jersey-entity-filtering/2.27/jersey-entity-filtering-2.27.jar:/home/user/.m2/repository/com/google/inject/extensions/guice-assistedinject/4.0/guice-assistedinject-4.0.jar:/home/user/.m2/repository/org/jooq/jooq/3.11.10/jooq-3.11.10.jar:/home/user/.m2/repository/org/jooq/jooq-meta/3.11.10/jooq-meta-3.11.10.jar:/home/user/.m2/repository/org/jooq/jooq-codegen/3.11.10/jooq-codegen-3.11.10.jar:/home/user/.m2/repository/com/jolbox/bonecp/0.8.0.RELEASE/bonecp-0.8.0.RELEASE.jar:/home/user/.m2/repository/org/springframework/spring-jdbc/5.1.3.RELEASE/spring-jdbc-5.1.3.RELEASE.jar:/home/user/.m2/repository/org/springframework/spring-beans/5.1.3.RELEASE/spring-beans-5.1.3.RELEASE.jar:/home/user/.m2/repository/org/springframework/spring-core/5.1.3.RELEASE/spring-core-5.1.3.RELEASE.jar:/home/user/.m2/repository/org/springframework/spring-jcl/5.1.3.RELEASE/spring-jcl-5.1.3.RELEASE.jar:/home/user/.m2/repository/org/springframework/spring-tx/5.1.3.RELEASE/spring-tx-5.1.3.RELEASE.jar:/home/user/.m2/repository/org/mockito/mockito-core/2.15.0/mockito-core-2.15.0.jar:/home/user/.m2/repository/net/bytebuddy/byte-buddy/1.7.9/byte-buddy-1.7.9.jar:/home/user/.m2/repository/net/bytebuddy/byte-buddy-agent/1.7.9/byte-buddy-agent-1.7.9.jar:/home/user/.m2/repository/org/objenesis/objenesis/1.0/objenesis-1.0.jar:"/>
    <property name="sun.cpu.endian" value="little"/>
    <property name="user.home" value="/home/user"/>
    <property name="user.language" value="en"/>
    <property name="java.specification.vendor" value="Oracle Corporation"/>
    <property name="java.home" value="/usr/lib/jvm/java-1.8-openjdk/jre"/>
    <property name="java.security.krb5.conf" value="/workdir/hadoop-ozone/tools/target/test-classes/krb5.conf"/>
    <property name="basedir" value="/workdir/hadoop-ozone/tools"/>
    <property name="file.separator" value="/"/>
    <property name="line.separator" value="&#10;"/>
    <property name="java.vm.specification.vendor" value="Oracle Corporation"/>
    <property name="java.specification.name" value="Java Platform API Specification"/>
    <property name="java.awt.graphicsenv" value="sun.awt.X11GraphicsEnvironment"/>
    <property name="surefire.real.class.path" value="/workdir/hadoop-ozone/tools/target/surefire/surefirebooter4114812821757189973.jar"/>
    <property name="hadoop.log.dir" value="/workdir/hadoop-ozone/tools/target/log"/>
    <property name="sun.boot.class.path" value="/usr/lib/jvm/java-1.8-openjdk/jre/lib/resources.jar:/usr/lib/jvm/java-1.8-openjdk/jre/lib/rt.jar:/usr/lib/jvm/java-1.8-openjdk/jre/lib/sunrsasign.jar:/usr/lib/jvm/java-1.8-openjdk/jre/lib/jsse.jar:/usr/lib/jvm/java-1.8-openjdk/jre/lib/jce.jar:/usr/lib/jvm/java-1.8-openjdk/jre/lib/charsets.jar:/usr/lib/jvm/java-1.8-openjdk/jre/lib/jfr.jar:/usr/lib/jvm/java-1.8-openjdk/jre/classes"/>
    <property name="sun.management.compiler" value="HotSpot 64-Bit Tiered Compilers"/>
    <property name="java.runtime.version" value="1.8.0_212-b04"/>
    <property name="java.net.preferIPv4Stack" value="true"/>
    <property name="user.name" value="jenkins1000"/>
    <property name="path.separator" value=":"/>
    <property name="java.security.egd" value="file:///dev/urandom"/>
    <property name="os.version" value="3.10.0-957.12.2.el7.x86_64"/>
    <property name="java.endorsed.dirs" value="/usr/lib/jvm/java-1.8-openjdk/jre/lib/endorsed"/>
    <property name="java.runtime.name" value="OpenJDK Runtime Environment"/>
    <property name="file.encoding" value="UTF-8"/>
    <property name="java.vm.name" value="OpenJDK 64-Bit Server VM"/>
    <property name="test.build.webapps" value=""/>
    <property name="localRepository" value="/home/user/.m2/repository"/>
    <property name="java.vendor.url.bug" value="https://icedtea.classpath.org/bugzilla"/>
    <property name="java.io.tmpdir" value="/tmp"/>
    <property name="require.test.libhadoop" value=""/>
    <property name="java.version" value="1.8.0_212"/>
    <property name="user.dir" value="/workdir/hadoop-ozone/tools"/>
    <property name="os.arch" value="amd64"/>
    <property name="java.vm.specification.name" value="Java Virtual Machine Specification"/>
    <property name="test.build.classes" value="/workdir/hadoop-ozone/tools/target/test-classes"/>
    <property name="java.awt.printerjob" value="sun.print.PSPrinterJob"/>
    <property name="sun.os.patch.level" value="unknown"/>
    <property name="hadoop.tmp.dir" value="/workdir/hadoop-ozone/tools/target/tmp"/>
    <property name="java.library.path" value="/usr/lib/jvm/java-1.8-openjdk/jre/lib/amd64/server:/usr/lib/jvm/java-1.8-openjdk/jre/lib/amd64:/usr/lib/jvm/java-1.8-openjdk/jre/../lib/amd64:/workdir/hadoop-ozone/tools/target/native/target/usr/local/lib:/workdir/hadoop-ozone/tools/../../hadoop-common-project/hadoop-common/target/native/target/usr/local/lib:/usr/java/packages/lib/amd64:/usr/lib64:/lib64:/lib:/usr/lib"/>
    <property name="java.vm.info" value="mixed mode"/>
    <property name="java.vendor" value="IcedTea"/>
    <property name="java.vm.version" value="25.212-b04"/>
    <property name="java.ext.dirs" value="/usr/lib/jvm/java-1.8-openjdk/jre/lib/ext:/usr/java/packages/lib/ext"/>
    <property name="sun.io.unicode.encoding" value="UnicodeLittle"/>
    <property name="java.class.version" value="52.0"/>
  </properties>
  <testcase name="testRestart" classname="org.apache.hadoop.ozone.freon.TestFreonWithPipelineDestroy" time="10.527">
    <error message="Allocated 0 blocks. Requested 5 blocks" type="INTERNAL_ERROR org.apache.hadoop.ozone.om.exceptions.OMException">INTERNAL_ERROR org.apache.hadoop.ozone.om.exceptions.OMException: Allocated 0 blocks. Requested 5 blocks
	at org.apache.hadoop.ozone.om.protocolPB.OzoneManagerProtocolClientSideTranslatorPB.handleError(OzoneManagerProtocolClientSideTranslatorPB.java:725)
	at org.apache.hadoop.ozone.om.protocolPB.OzoneManagerProtocolClientSideTranslatorPB.openKey(OzoneManagerProtocolClientSideTranslatorPB.java:716)
	at org.apache.hadoop.ozone.client.rpc.RpcClient.createKey(RpcClient.java:615)
	at org.apache.hadoop.ozone.client.OzoneBucket.createKey(OzoneBucket.java:323)
	at org.apache.hadoop.ozone.freon.RandomKeyGenerator.createKey(RandomKeyGenerator.java:686)
	at org.apache.hadoop.ozone.freon.RandomKeyGenerator.access$1100(RandomKeyGenerator.java:87)
	at org.apache.hadoop.ozone.freon.RandomKeyGenerator$ObjectCreator.run(RandomKeyGenerator.java:606)
	at java.util.concurrent.Executors$RunnableAdapter.call(Executors.java:511)
	at java.util.concurrent.FutureTask.run(FutureTask.java:266)
	at java.util.concurrent.ThreadPoolExecutor.runWorker(ThreadPoolExecutor.java:1149)
	at java.util.concurrent.ThreadPoolExecutor$Worker.run(ThreadPoolExecutor.java:624)
	at java.lang.Thread.run(Thread.java:748)
</error>
    <system-out><![CDATA[2019-09-20 14:32:44,608 [main] WARN  server.ServerUtils (ServerUtils.java:getScmDbDir(145)) - ozone.scm.db.dirs is not configured. We recommend adding this setting. Falling back to ozone.metadata.dirs instead.
2019-09-20 14:32:44,724 [main] WARN  server.ServerUtils (ServerUtils.java:getScmDbDir(145)) - ozone.scm.db.dirs is not configured. We recommend adding this setting. Falling back to ozone.metadata.dirs instead.
2019-09-20 14:32:44,726 [main] WARN  server.ServerUtils (ServerUtils.java:getScmDbDir(145)) - ozone.scm.db.dirs is not configured. We recommend adding this setting. Falling back to ozone.metadata.dirs instead.
2019-09-20 14:32:44,741 [main] INFO  util.log (Log.java:initialized(192)) - Logging initialized @906ms
2019-09-20 14:32:44,820 [main] INFO  db.DBStoreBuilder (DBStoreBuilder.java:addTable(110)) - using custom profile for table: deletedBlocks
2019-09-20 14:32:44,821 [main] INFO  db.DBStoreBuilder (DBStoreBuilder.java:processTables(161)) - Using default column profile:DBProfile.DISK for Table:deletedBlocks
2019-09-20 14:32:44,821 [main] INFO  db.DBStoreBuilder (DBStoreBuilder.java:addTable(110)) - using custom profile for table: validCerts
2019-09-20 14:32:44,821 [main] INFO  db.DBStoreBuilder (DBStoreBuilder.java:processTables(161)) - Using default column profile:DBProfile.DISK for Table:validCerts
2019-09-20 14:32:44,822 [main] INFO  db.DBStoreBuilder (DBStoreBuilder.java:addTable(110)) - using custom profile for table: revokedCerts
2019-09-20 14:32:44,822 [main] INFO  db.DBStoreBuilder (DBStoreBuilder.java:processTables(161)) - Using default column profile:DBProfile.DISK for Table:revokedCerts
2019-09-20 14:32:44,833 [main] INFO  db.DBStoreBuilder (DBStoreBuilder.java:addTable(110)) - using custom profile for table: default
2019-09-20 14:32:44,834 [main] INFO  db.DBStoreBuilder (DBStoreBuilder.java:processTables(167)) - Using default column profile:DBProfile.DISK for Table:default
2019-09-20 14:32:44,835 [main] INFO  db.DBStoreBuilder (DBStoreBuilder.java:getDbProfile(198)) - Using default options. DBProfile.DISK
2019-09-20 14:32:45,130 [main] INFO  net.NodeSchemaLoader (NodeSchemaLoader.java:loadSchemaFromFile(125)) - Loading file from sun.misc.CompoundEnumeration@20deea7f
2019-09-20 14:32:45,133 [main] INFO  net.NodeSchemaLoader (NodeSchemaLoader.java:loadSchema(171)) - Loading network topology layer schema file
2019-09-20 14:32:45,217 [main] INFO  node.SCMNodeManager (SCMNodeManager.java:<init>(121)) - Entering startup safe mode.
2019-09-20 14:32:45,294 [main] INFO  algorithms.ContainerPlacementPolicyFactory (ContainerPlacementPolicyFactory.java:getPolicy(56)) - Create container placement policy of type org.apache.hadoop.hdds.scm.container.placement.algorithms.SCMContainerPlacementRandom
2019-09-20 14:32:45,315 [main] WARN  server.ServerUtils (ServerUtils.java:getScmDbDir(145)) - ozone.scm.db.dirs is not configured. We recommend adding this setting. Falling back to ozone.metadata.dirs instead.
2019-09-20 14:32:45,424 [main] INFO  pipeline.SCMPipelineManager (SCMPipelineManager.java:initializePipelineState(126)) - No pipeline exists in current db
2019-09-20 14:32:45,427 [main] WARN  server.ServerUtils (ServerUtils.java:getScmDbDir(145)) - ozone.scm.db.dirs is not configured. We recommend adding this setting. Falling back to ozone.metadata.dirs instead.
2019-09-20 14:32:45,576 [main] WARN  events.EventQueue (EventQueue.java:fireEvent(175)) - No event handler registered for event TypedEvent{payloadType=SafeModeStatus, name='SafeModeStatus'}
2019-09-20 14:32:46,068 [main] INFO  ipc.CallQueueManager (CallQueueManager.java:<init>(84)) - Using callQueue: class java.util.concurrent.LinkedBlockingQueue, queueCapacity: 2000, scheduler: class org.apache.hadoop.ipc.DefaultRpcScheduler, ipcBackoff: false.
2019-09-20 14:32:46,404 [Socket Reader #1 for port 38934] INFO  ipc.Server (Server.java:run(1074)) - Starting Socket Reader #1 for port 38934
2019-09-20 14:32:46,439 [main] INFO  ipc.CallQueueManager (CallQueueManager.java:<init>(84)) - Using callQueue: class java.util.concurrent.LinkedBlockingQueue, queueCapacity: 2000, scheduler: class org.apache.hadoop.ipc.DefaultRpcScheduler, ipcBackoff: false.
2019-09-20 14:32:46,440 [Socket Reader #1 for port 41936] INFO  ipc.Server (Server.java:run(1074)) - Starting Socket Reader #1 for port 41936
2019-09-20 14:32:46,449 [main] INFO  ipc.CallQueueManager (CallQueueManager.java:<init>(84)) - Using callQueue: class java.util.concurrent.LinkedBlockingQueue, queueCapacity: 2000, scheduler: class org.apache.hadoop.ipc.DefaultRpcScheduler, ipcBackoff: false.
2019-09-20 14:32:46,450 [Socket Reader #1 for port 45578] INFO  ipc.Server (Server.java:run(1074)) - Starting Socket Reader #1 for port 45578
2019-09-20 14:32:46,475 [main] INFO  hdfs.DFSUtil (DFSUtil.java:httpServerTemplateForNNAndJN(1641)) - Starting Web-server for scm at: http://0.0.0.0:0
2019-09-20 14:32:46,632 [main] INFO  server.AuthenticationFilter (AuthenticationFilter.java:constructSecretProvider(240)) - Unable to initialize FileSignerSecretProvider, falling back to use random secrets.
2019-09-20 14:32:46,648 [main] WARN  http.HttpRequestLog (HttpRequestLog.java:getRequestLog(97)) - Jetty request log can only be enabled using Log4j
2019-09-20 14:32:46,658 [main] INFO  http.HttpServer2 (HttpServer2.java:addGlobalFilter(975)) - Added global filter 'safety' (class=org.apache.hadoop.http.HttpServer2$QuotingInputFilter)
2019-09-20 14:32:46,661 [main] INFO  http.HttpServer2 (HttpServer2.java:addFilter(948)) - Added filter static_user_filter (class=org.apache.hadoop.http.lib.StaticUserWebFilter$StaticUserFilter) to context scm
2019-09-20 14:32:46,661 [main] INFO  http.HttpServer2 (HttpServer2.java:addFilter(958)) - Added filter static_user_filter (class=org.apache.hadoop.http.lib.StaticUserWebFilter$StaticUserFilter) to context logs
2019-09-20 14:32:46,661 [main] INFO  http.HttpServer2 (HttpServer2.java:addFilter(958)) - Added filter static_user_filter (class=org.apache.hadoop.http.lib.StaticUserWebFilter$StaticUserFilter) to context static
2019-09-20 14:32:46,688 [main] INFO  server.StorageContainerManager (StorageContainerManager.java:start(759)) - StorageContainerLocationProtocol RPC server is listening at /0.0.0.0:45578
2019-09-20 14:32:46,747 [main] WARN  impl.MetricsConfig (MetricsConfig.java:loadFirst(134)) - Cannot locate configuration: tried hadoop-metrics2-storagecontainermanager.properties,hadoop-metrics2.properties
2019-09-20 14:32:46,760 [main] INFO  impl.MetricsSystemImpl (MetricsSystemImpl.java:startTimer(374)) - Scheduled Metric snapshot period at 10 second(s).
2019-09-20 14:32:46,760 [main] INFO  impl.MetricsSystemImpl (MetricsSystemImpl.java:start(191)) - StorageContainerManager metrics system started
2019-09-20 14:32:46,974 [main] INFO  server.SCMClientProtocolServer (SCMClientProtocolServer.java:start(151)) - RPC server for Client  is listening at /0.0.0.0:45578
2019-09-20 14:32:46,975 [IPC Server Responder] INFO  ipc.Server (Server.java:run(1314)) - IPC Server Responder: starting
2019-09-20 14:32:46,975 [IPC Server listener on 45578] INFO  ipc.Server (Server.java:run(1153)) - IPC Server listener on 45578: starting
2019-09-20 14:32:46,978 [main] INFO  server.StorageContainerManager (StorageContainerManager.java:start(769)) - ScmBlockLocationProtocol RPC server is listening at /0.0.0.0:41936
2019-09-20 14:32:46,978 [main] INFO  server.SCMBlockProtocolServer (SCMBlockProtocolServer.java:start(140)) - RPC server for Block Protocol is listening at /0.0.0.0:41936
2019-09-20 14:32:46,979 [IPC Server Responder] INFO  ipc.Server (Server.java:run(1314)) - IPC Server Responder: starting
2019-09-20 14:32:46,979 [IPC Server listener on 41936] INFO  ipc.Server (Server.java:run(1153)) - IPC Server listener on 41936: starting
2019-09-20 14:32:46,981 [main] INFO  server.StorageContainerManager (StorageContainerManager.java:start(773)) - ScmDatanodeProtocl RPC server is listening at /0.0.0.0:38934
2019-09-20 14:32:46,981 [main] INFO  server.SCMDatanodeProtocolServer (SCMDatanodeProtocolServer.java:start(191)) - RPC server for DataNodes is listening at /0.0.0.0:38934
2019-09-20 14:32:46,982 [IPC Server Responder] INFO  ipc.Server (Server.java:run(1314)) - IPC Server Responder: starting
2019-09-20 14:32:46,982 [IPC Server listener on 38934] INFO  ipc.Server (Server.java:run(1153)) - IPC Server listener on 38934: starting
2019-09-20 14:32:46,986 [main] INFO  http.HttpServer2 (HttpServer2.java:bindListener(1191)) - Jetty bound to port 37406
2019-09-20 14:32:46,987 [main] INFO  server.Server (Server.java:doStart(351)) - jetty-9.3.24.v20180605, build timestamp: 2018-06-05T17:11:56Z, git hash: 84205aa28f11a4f31f2a3b86d1bba2cc8ab69827
2019-09-20 14:32:47,024 [main] INFO  handler.ContextHandler (ContextHandler.java:doStart(781)) - Started o.e.j.s.ServletContextHandler@4e70a728{/logs,file:///workdir/hadoop-ozone/tools/target/log,AVAILABLE}
2019-09-20 14:32:47,025 [main] INFO  handler.ContextHandler (ContextHandler.java:doStart(781)) - Started o.e.j.s.ServletContextHandler@1c3146bc{/static,jar:file:/home/user/.m2/repository/org/apache/hadoop/hadoop-hdds-server-scm/0.5.0-SNAPSHOT/hadoop-hdds-server-scm-0.5.0-SNAPSHOT.jar!/webapps/static,AVAILABLE}
2019-09-20 14:32:47,098 [main] INFO  handler.ContextHandler (ContextHandler.java:doStart(781)) - Started o.e.j.w.WebAppContext@72efb5c1{/,file:///tmp/jetty-0.0.0.0-37406-scm-_-any-1406942114916705492.dir/webapp/,AVAILABLE}{/scm}
2019-09-20 14:32:47,103 [main] INFO  server.AbstractConnector (AbstractConnector.java:doStart(278)) - Started ServerConnector@7a0e1b5e{HTTP/1.1,[http/1.1]}{0.0.0.0:37406}
2019-09-20 14:32:47,104 [main] INFO  server.Server (Server.java:doStart(419)) - Started @3269ms
2019-09-20 14:32:47,105 [main] INFO  server.BaseHttpServer (BaseHttpServer.java:updateConnectorAddress(213)) - HTTP server of SCM is listening at http://0.0.0.0:37406
2019-09-20 14:32:47,115 [org.apache.hadoop.util.JvmPauseMonitor$Monitor@15bcf458] INFO  util.JvmPauseMonitor (JvmPauseMonitor.java:run(188)) - Starting JVM pause monitor
2019-09-20 14:32:47,120 [main] WARN  server.ServerUtils (ServerUtils.java:getDBPath(222)) - ozone.om.db.dirs is not configured. We recommend adding this setting. Falling back to ozone.metadata.dirs instead.
2019-09-20 14:32:47,245 [main] WARN  server.ServerUtils (ServerUtils.java:getDBPath(222)) - ozone.om.db.dirs is not configured. We recommend adding this setting. Falling back to ozone.metadata.dirs instead.
2019-09-20 14:32:47,246 [main] WARN  server.ServerUtils (ServerUtils.java:getDBPath(222)) - ozone.om.db.dirs is not configured. We recommend adding this setting. Falling back to ozone.metadata.dirs instead.
2019-09-20 14:32:47,247 [main] INFO  om.OzoneManager (OzoneManager.java:setOMNodeDetails(645)) - OM Service ID is not set. Setting it to the default ID: omServiceIdDefault
2019-09-20 14:32:47,247 [main] INFO  om.OzoneManager (OzoneManager.java:setOMNodeDetails(651)) - OM Node ID is not set. Setting it to the OmStorage's OmID: 923e914d-a0fe-4213-a72c-f565c3fa8855
2019-09-20 14:32:47,248 [main] INFO  om.OzoneManager (OzoneManager.java:loadOMHAConfigs(602)) - Found matching OM address with OMServiceId: null, OMNodeId: null, RPC Address: localhost:0 and Ratis port: 9872
2019-09-20 14:32:47,495 | INFO  | SCMAudit | user=jenkins1000 | ip=192.168.36.99 | op=GET_SCM_INFO null | ret=SUCCESS |  
2019-09-20 14:32:47,939 [main] WARN  server.ServerUtils (ServerUtils.java:getDBPath(222)) - ozone.om.db.dirs is not configured. We recommend adding this setting. Falling back to ozone.metadata.dirs instead.
2019-09-20 14:32:47,947 [main] INFO  db.DBStoreBuilder (DBStoreBuilder.java:addTable(110)) - using custom profile for table: userTable
2019-09-20 14:32:47,947 [main] INFO  db.DBStoreBuilder (DBStoreBuilder.java:processTables(161)) - Using default column profile:DBProfile.DISK for Table:userTable
2019-09-20 14:32:47,947 [main] INFO  db.DBStoreBuilder (DBStoreBuilder.java:addTable(110)) - using custom profile for table: volumeTable
2019-09-20 14:32:47,947 [main] INFO  db.DBStoreBuilder (DBStoreBuilder.java:processTables(161)) - Using default column profile:DBProfile.DISK for Table:volumeTable
2019-09-20 14:32:47,948 [main] INFO  db.DBStoreBuilder (DBStoreBuilder.java:addTable(110)) - using custom profile for table: bucketTable
2019-09-20 14:32:47,948 [main] INFO  db.DBStoreBuilder (DBStoreBuilder.java:processTables(161)) - Using default column profile:DBProfile.DISK for Table:bucketTable
2019-09-20 14:32:47,948 [main] INFO  db.DBStoreBuilder (DBStoreBuilder.java:addTable(110)) - using custom profile for table: keyTable
2019-09-20 14:32:47,948 [main] INFO  db.DBStoreBuilder (DBStoreBuilder.java:processTables(161)) - Using default column profile:DBProfile.DISK for Table:keyTable
2019-09-20 14:32:47,949 [main] INFO  db.DBStoreBuilder (DBStoreBuilder.java:addTable(110)) - using custom profile for table: deletedTable
2019-09-20 14:32:47,949 [main] INFO  db.DBStoreBuilder (DBStoreBuilder.java:processTables(161)) - Using default column profile:DBProfile.DISK for Table:deletedTable
2019-09-20 14:32:47,949 [main] INFO  db.DBStoreBuilder (DBStoreBuilder.java:addTable(110)) - using custom profile for table: openKeyTable
2019-09-20 14:32:47,949 [main] INFO  db.DBStoreBuilder (DBStoreBuilder.java:processTables(161)) - Using default column profile:DBProfile.DISK for Table:openKeyTable
2019-09-20 14:32:47,949 [main] INFO  db.DBStoreBuilder (DBStoreBuilder.java:addTable(110)) - using custom profile for table: s3Table
2019-09-20 14:32:47,950 [main] INFO  db.DBStoreBuilder (DBStoreBuilder.java:processTables(161)) - Using default column profile:DBProfile.DISK for Table:s3Table
2019-09-20 14:32:47,950 [main] INFO  db.DBStoreBuilder (DBStoreBuilder.java:addTable(110)) - using custom profile for table: multipartInfoTable
2019-09-20 14:32:47,950 [main] INFO  db.DBStoreBuilder (DBStoreBuilder.java:processTables(161)) - Using default column profile:DBProfile.DISK for Table:multipartInfoTable
2019-09-20 14:32:47,950 [main] INFO  db.DBStoreBuilder (DBStoreBuilder.java:addTable(110)) - using custom profile for table: dTokenTable
2019-09-20 14:32:47,951 [main] INFO  db.DBStoreBuilder (DBStoreBuilder.java:processTables(161)) - Using default column profile:DBProfile.DISK for Table:dTokenTable
2019-09-20 14:32:47,951 [main] INFO  db.DBStoreBuilder (DBStoreBuilder.java:addTable(110)) - using custom profile for table: s3SecretTable
2019-09-20 14:32:47,951 [main] INFO  db.DBStoreBuilder (DBStoreBuilder.java:processTables(161)) - Using default column profile:DBProfile.DISK for Table:s3SecretTable
2019-09-20 14:32:47,951 [main] INFO  db.DBStoreBuilder (DBStoreBuilder.java:addTable(110)) - using custom profile for table: prefixTable
2019-09-20 14:32:47,952 [main] INFO  db.DBStoreBuilder (DBStoreBuilder.java:processTables(161)) - Using default column profile:DBProfile.DISK for Table:prefixTable
2019-09-20 14:32:47,952 [main] INFO  db.DBStoreBuilder (DBStoreBuilder.java:addTable(110)) - using custom profile for table: default
2019-09-20 14:32:47,952 [main] INFO  db.DBStoreBuilder (DBStoreBuilder.java:processTables(167)) - Using default column profile:DBProfile.DISK for Table:default
2019-09-20 14:32:47,952 [main] INFO  db.DBStoreBuilder (DBStoreBuilder.java:getDbProfile(198)) - Using default options. DBProfile.DISK
2019-09-20 14:32:48,607 [main] INFO  ipc.CallQueueManager (CallQueueManager.java:<init>(84)) - Using callQueue: class java.util.concurrent.LinkedBlockingQueue, queueCapacity: 2000, scheduler: class org.apache.hadoop.ipc.DefaultRpcScheduler, ipcBackoff: false.
2019-09-20 14:32:48,608 [Socket Reader #1 for port 33629] INFO  ipc.Server (Server.java:run(1074)) - Starting Socket Reader #1 for port 33629
2019-09-20 14:32:48,631 [main] INFO  om.OzoneManager (OzoneManager.java:start(1256)) - OzoneManager RPC server is listening at localhost/127.0.0.1:33629
2019-09-20 14:32:48,632 [main] INFO  impl.MetricsSystemImpl (MetricsSystemImpl.java:init(158)) - OzoneManager metrics system started (again)
2019-09-20 14:32:48,633 [IPC Server Responder] INFO  ipc.Server (Server.java:run(1314)) - IPC Server Responder: starting
2019-09-20 14:32:48,634 [IPC Server listener on 33629] INFO  ipc.Server (Server.java:run(1153)) - IPC Server listener on 33629: starting
2019-09-20 14:32:48,640 [main] INFO  hdfs.DFSUtil (DFSUtil.java:httpServerTemplateForNNAndJN(1641)) - Starting Web-server for ozoneManager at: http://0.0.0.0:0
2019-09-20 14:32:48,642 [main] INFO  server.AuthenticationFilter (AuthenticationFilter.java:constructSecretProvider(240)) - Unable to initialize FileSignerSecretProvider, falling back to use random secrets.
2019-09-20 14:32:48,643 [main] WARN  http.HttpRequestLog (HttpRequestLog.java:getRequestLog(97)) - Jetty request log can only be enabled using Log4j
2019-09-20 14:32:48,646 [main] INFO  http.HttpServer2 (HttpServer2.java:addGlobalFilter(975)) - Added global filter 'safety' (class=org.apache.hadoop.http.HttpServer2$QuotingInputFilter)
2019-09-20 14:32:48,647 [main] INFO  http.HttpServer2 (HttpServer2.java:addFilter(948)) - Added filter static_user_filter (class=org.apache.hadoop.http.lib.StaticUserWebFilter$StaticUserFilter) to context ozoneManager
2019-09-20 14:32:48,648 [main] INFO  http.HttpServer2 (HttpServer2.java:addFilter(958)) - Added filter static_user_filter (class=org.apache.hadoop.http.lib.StaticUserWebFilter$StaticUserFilter) to context logs
2019-09-20 14:32:48,648 [main] INFO  http.HttpServer2 (HttpServer2.java:addFilter(958)) - Added filter static_user_filter (class=org.apache.hadoop.http.lib.StaticUserWebFilter$StaticUserFilter) to context static
2019-09-20 14:32:48,650 [main] INFO  http.HttpServer2 (HttpServer2.java:bindListener(1191)) - Jetty bound to port 36220
2019-09-20 14:32:48,651 [main] INFO  server.Server (Server.java:doStart(351)) - jetty-9.3.24.v20180605, build timestamp: 2018-06-05T17:11:56Z, git hash: 84205aa28f11a4f31f2a3b86d1bba2cc8ab69827
2019-09-20 14:32:48,653 [main] INFO  handler.ContextHandler (ContextHandler.java:doStart(781)) - Started o.e.j.s.ServletContextHandler@782168b7{/logs,file:///workdir/hadoop-ozone/tools/target/log,AVAILABLE}
2019-09-20 14:32:48,654 [main] INFO  handler.ContextHandler (ContextHandler.java:doStart(781)) - Started o.e.j.s.ServletContextHandler@7435a578{/static,jar:file:/home/user/.m2/repository/org/apache/hadoop/hadoop-ozone-ozone-manager/0.5.0-SNAPSHOT/hadoop-ozone-ozone-manager-0.5.0-SNAPSHOT.jar!/webapps/static,AVAILABLE}
2019-09-20 14:32:48,709 [main] INFO  handler.ContextHandler (ContextHandler.java:doStart(781)) - Started o.e.j.w.WebAppContext@10876a6{/,file:///tmp/jetty-0.0.0.0-36220-ozoneManager-_-any-4061264634630265417.dir/webapp/,AVAILABLE}{/ozoneManager}
2019-09-20 14:32:48,710 [main] INFO  server.AbstractConnector (AbstractConnector.java:doStart(278)) - Started ServerConnector@71870da7{HTTP/1.1,[http/1.1]}{0.0.0.0:36220}
2019-09-20 14:32:48,711 [main] INFO  server.Server (Server.java:doStart(419)) - Started @4876ms
2019-09-20 14:32:48,712 [main] INFO  server.BaseHttpServer (BaseHttpServer.java:updateConnectorAddress(213)) - HTTP server of OZONEMANAGER is listening at http://0.0.0.0:36220
2019-09-20 14:32:49,080 [main] INFO  impl.MetricsSystemImpl (MetricsSystemImpl.java:init(158)) - HddsDatanode metrics system started (again)
2019-09-20 14:32:49,165 [main] INFO  ozone.HddsDatanodeService (HddsDatanodeService.java:start(184)) - HddsDatanodeService host:pr-hdds-1569-p5fx8-1226042367 ip:192.168.36.99
2019-09-20 14:32:49,196 [main] INFO  volume.HddsVolume (HddsVolume.java:<init>(176)) - Creating Volume: /workdir/hadoop-ozone/tools/target/test-dir/MiniOzoneClusterImpl-23b1c32f-a31a-4489-b40e-6d88b61ad76b/datanode-0/data/containers/hdds of  storage type : DISK and capacity : 1482555576320
2019-09-20 14:32:49,198 [main] INFO  volume.VolumeSet (VolumeSet.java:initializeVolumeSet(170)) - Added Volume : /workdir/hadoop-ozone/tools/target/test-dir/MiniOzoneClusterImpl-23b1c32f-a31a-4489-b40e-6d88b61ad76b/datanode-0/data/containers/hdds to VolumeSet
2019-09-20 14:32:49,201 [main] INFO  volume.ThrottledAsyncChecker (ThrottledAsyncChecker.java:schedule(140)) - Scheduling a check for org.apache.hadoop.ozone.container.common.volume.HddsVolume@4b869331
2019-09-20 14:32:49,218 [main] INFO  volume.HddsVolumeChecker (HddsVolumeChecker.java:checkAllVolumes(203)) - Scheduled health check for volume org.apache.hadoop.ozone.container.common.volume.HddsVolume@4b869331
2019-09-20 14:32:49,350 [main] INFO  impl.RaftServerProxy (ConfUtils.java:logGet(43)) - raft.rpc.type = GRPC (default)
2019-09-20 14:32:49,422 [main] INFO  grpc.GrpcFactory (GrpcFactory.java:checkPooledByteBufAllocatorUseCacheForAllThreads(45)) - PERFORMANCE WARNING: useCacheForAllThreads is true that may cause Netty to create a lot garbage objects and, as a result, trigger GC.
	It is recommended to disable useCacheForAllThreads by setting -Dorg.apache.ratis.thirdparty.io.netty.allocator.useCacheForAllThreads=false in command line.
2019-09-20 14:32:49,427 [main] INFO  grpc.GrpcConfigKeys$Server (ConfUtils.java:logGet(43)) - raft.grpc.server.port = 0 (default)
2019-09-20 14:32:49,428 [main] INFO  server.GrpcService (ConfUtils.java:logGet(43)) - raft.grpc.message.size.max = 33570816 (custom)
2019-09-20 14:32:49,429 [main] INFO  server.RaftServerConfigKeys (ConfUtils.java:logGet(43)) - raft.server.log.appender.buffer.byte-limit = 33554432 (custom)
2019-09-20 14:32:49,430 [main] INFO  server.GrpcService (ConfUtils.java:logGet(43)) - raft.grpc.flow.control.window = 1MB (=1048576) (default)
2019-09-20 14:32:49,431 [main] INFO  server.RaftServerConfigKeys (ConfUtils.java:logGet(43)) - raft.server.rpc.request.timeout = 3000ms (default)
2019-09-20 14:32:49,596 [main] INFO  server.RaftServerConfigKeys (ConfUtils.java:logGet(43)) - raft.server.storage.dir = [/workdir/hadoop-ozone/tools/target/test-dir/MiniOzoneClusterImpl-23b1c32f-a31a-4489-b40e-6d88b61ad76b/datanode-0/data/ratis] (custom)
2019-09-20 14:32:49,647 [main] INFO  replication.SimpleContainerDownloader (SimpleContainerDownloader.java:<init>(72)) - Starting container downloader service to copy containers to replicate.
2019-09-20 14:32:49,669 [main] INFO  hdfs.DFSUtil (DFSUtil.java:httpServerTemplateForNNAndJN(1641)) - Starting Web-server for hddsDatanode at: http://0.0.0.0:0
2019-09-20 14:32:49,672 [main] INFO  server.AuthenticationFilter (AuthenticationFilter.java:constructSecretProvider(240)) - Unable to initialize FileSignerSecretProvider, falling back to use random secrets.
2019-09-20 14:32:49,674 [main] WARN  http.HttpRequestLog (HttpRequestLog.java:getRequestLog(97)) - Jetty request log can only be enabled using Log4j
2019-09-20 14:32:49,677 [main] INFO  http.HttpServer2 (HttpServer2.java:addGlobalFilter(975)) - Added global filter 'safety' (class=org.apache.hadoop.http.HttpServer2$QuotingInputFilter)
2019-09-20 14:32:49,678 [main] INFO  http.HttpServer2 (HttpServer2.java:addFilter(948)) - Added filter static_user_filter (class=org.apache.hadoop.http.lib.StaticUserWebFilter$StaticUserFilter) to context hddsDatanode
2019-09-20 14:32:49,679 [main] INFO  http.HttpServer2 (HttpServer2.java:addFilter(958)) - Added filter static_user_filter (class=org.apache.hadoop.http.lib.StaticUserWebFilter$StaticUserFilter) to context logs
2019-09-20 14:32:49,679 [main] INFO  http.HttpServer2 (HttpServer2.java:addFilter(958)) - Added filter static_user_filter (class=org.apache.hadoop.http.lib.StaticUserWebFilter$StaticUserFilter) to context static
2019-09-20 14:32:49,681 [main] INFO  http.HttpServer2 (HttpServer2.java:bindListener(1191)) - Jetty bound to port 46862
2019-09-20 14:32:49,681 [main] INFO  server.Server (Server.java:doStart(351)) - jetty-9.3.24.v20180605, build timestamp: 2018-06-05T17:11:56Z, git hash: 84205aa28f11a4f31f2a3b86d1bba2cc8ab69827
2019-09-20 14:32:49,684 [main] INFO  handler.ContextHandler (ContextHandler.java:doStart(781)) - Started o.e.j.s.ServletContextHandler@3bd2af5b{/logs,file:///workdir/hadoop-ozone/tools/target/log,AVAILABLE}
2019-09-20 14:32:49,685 [main] INFO  handler.ContextHandler (ContextHandler.java:doStart(781)) - Started o.e.j.s.ServletContextHandler@75d982d3{/static,jar:file:/home/user/.m2/repository/org/apache/hadoop/hadoop-hdds-container-service/0.5.0-SNAPSHOT/hadoop-hdds-container-service-0.5.0-SNAPSHOT.jar!/webapps/static,AVAILABLE}
2019-09-20 14:32:49,728 [main] INFO  handler.ContextHandler (ContextHandler.java:doStart(781)) - Started o.e.j.w.WebAppContext@2b7962a2{/,file:///tmp/jetty-0.0.0.0-46862-hddsDatanode-_-any-5618130043801509598.dir/webapp/,AVAILABLE}{/hddsDatanode}
2019-09-20 14:32:49,730 [main] INFO  server.AbstractConnector (AbstractConnector.java:doStart(278)) - Started ServerConnector@6ad16c5d{HTTP/1.1,[http/1.1]}{0.0.0.0:46862}
2019-09-20 14:32:49,731 [main] INFO  server.Server (Server.java:doStart(419)) - Started @5896ms
2019-09-20 14:32:49,732 [main] INFO  server.BaseHttpServer (BaseHttpServer.java:updateConnectorAddress(213)) - HTTP server of HDDSDATANODE is listening at http://0.0.0.0:46862
2019-09-20 14:32:50,915 | INFO  | ObjectStoreRestHttpServer | Listening HDDS REST traffic on /0.0.0.0:44866 |  
2019-09-20 14:32:50,918 [main] INFO  ozone.HddsDatanodeService (HddsDatanodeService.java:startPlugins(395)) - Started plug-in org.apache.hadoop.ozone.web.OzoneHddsDatanodeService@2bb62414
2019-09-20 14:32:50,920 [main] INFO  impl.MetricsSystemImpl (MetricsSystemImpl.java:init(158)) - HddsDatanode metrics system started (again)
2019-09-20 14:32:50,924 [main] INFO  ozone.HddsDatanodeService (HddsDatanodeService.java:start(184)) - HddsDatanodeService host:pr-hdds-1569-p5fx8-1226042367 ip:192.168.36.99
2019-09-20 14:32:50,928 [org.apache.hadoop.util.JvmPauseMonitor$Monitor@6ba4515c] INFO  util.JvmPauseMonitor (JvmPauseMonitor.java:run(188)) - Starting JVM pause monitor
2019-09-20 14:32:50,934 [main] INFO  volume.HddsVolume (HddsVolume.java:<init>(176)) - Creating Volume: /workdir/hadoop-ozone/tools/target/test-dir/MiniOzoneClusterImpl-23b1c32f-a31a-4489-b40e-6d88b61ad76b/datanode-1/data/containers/hdds of  storage type : DISK and capacity : 1482555576320
2019-09-20 14:32:50,934 [main] INFO  volume.VolumeSet (VolumeSet.java:initializeVolumeSet(170)) - Added Volume : /workdir/hadoop-ozone/tools/target/test-dir/MiniOzoneClusterImpl-23b1c32f-a31a-4489-b40e-6d88b61ad76b/datanode-1/data/containers/hdds to VolumeSet
2019-09-20 14:32:50,935 [main] INFO  volume.ThrottledAsyncChecker (ThrottledAsyncChecker.java:schedule(140)) - Scheduling a check for org.apache.hadoop.ozone.container.common.volume.HddsVolume@3b7c58e7
2019-09-20 14:32:50,936 [main] INFO  volume.HddsVolumeChecker (HddsVolumeChecker.java:checkAllVolumes(203)) - Scheduled health check for volume org.apache.hadoop.ozone.container.common.volume.HddsVolume@3b7c58e7
2019-09-20 14:32:50,954 [main] INFO  impl.RaftServerProxy (ConfUtils.java:logGet(43)) - raft.rpc.type = GRPC (default)
2019-09-20 14:32:50,954 [main] INFO  grpc.GrpcFactory (GrpcFactory.java:checkPooledByteBufAllocatorUseCacheForAllThreads(45)) - PERFORMANCE WARNING: useCacheForAllThreads is true that may cause Netty to create a lot garbage objects and, as a result, trigger GC.
	It is recommended to disable useCacheForAllThreads by setting -Dorg.apache.ratis.thirdparty.io.netty.allocator.useCacheForAllThreads=false in command line.
2019-09-20 14:32:50,958 [main] INFO  grpc.GrpcConfigKeys$Server (ConfUtils.java:logGet(43)) - raft.grpc.server.port = 0 (default)
2019-09-20 14:32:50,958 [main] INFO  server.GrpcService (ConfUtils.java:logGet(43)) - raft.grpc.message.size.max = 33570816 (custom)
2019-09-20 14:32:50,958 [main] INFO  server.RaftServerConfigKeys (ConfUtils.java:logGet(43)) - raft.server.log.appender.buffer.byte-limit = 33554432 (custom)
2019-09-20 14:32:50,958 [main] INFO  server.GrpcService (ConfUtils.java:logGet(43)) - raft.grpc.flow.control.window = 1MB (=1048576) (default)
2019-09-20 14:32:50,959 [main] INFO  server.RaftServerConfigKeys (ConfUtils.java:logGet(43)) - raft.server.rpc.request.timeout = 3000ms (default)
2019-09-20 14:32:50,959 [main] INFO  server.RaftServerConfigKeys (ConfUtils.java:logGet(43)) - raft.server.storage.dir = [/workdir/hadoop-ozone/tools/target/test-dir/MiniOzoneClusterImpl-23b1c32f-a31a-4489-b40e-6d88b61ad76b/datanode-1/data/ratis] (custom)
2019-09-20 14:32:50,960 [main] INFO  replication.SimpleContainerDownloader (SimpleContainerDownloader.java:<init>(72)) - Starting container downloader service to copy containers to replicate.
2019-09-20 14:32:50,961 [main] INFO  hdfs.DFSUtil (DFSUtil.java:httpServerTemplateForNNAndJN(1641)) - Starting Web-server for hddsDatanode at: http://0.0.0.0:0
2019-09-20 14:32:50,964 [main] INFO  server.AuthenticationFilter (AuthenticationFilter.java:constructSecretProvider(240)) - Unable to initialize FileSignerSecretProvider, falling back to use random secrets.
2019-09-20 14:32:50,965 [main] WARN  http.HttpRequestLog (HttpRequestLog.java:getRequestLog(97)) - Jetty request log can only be enabled using Log4j
2019-09-20 14:32:50,968 [main] INFO  http.HttpServer2 (HttpServer2.java:addGlobalFilter(975)) - Added global filter 'safety' (class=org.apache.hadoop.http.HttpServer2$QuotingInputFilter)
2019-09-20 14:32:50,969 [main] INFO  http.HttpServer2 (HttpServer2.java:addFilter(948)) - Added filter static_user_filter (class=org.apache.hadoop.http.lib.StaticUserWebFilter$StaticUserFilter) to context hddsDatanode
2019-09-20 14:32:50,970 [main] INFO  http.HttpServer2 (HttpServer2.java:addFilter(958)) - Added filter static_user_filter (class=org.apache.hadoop.http.lib.StaticUserWebFilter$StaticUserFilter) to context static
2019-09-20 14:32:50,970 [main] INFO  http.HttpServer2 (HttpServer2.java:addFilter(958)) - Added filter static_user_filter (class=org.apache.hadoop.http.lib.StaticUserWebFilter$StaticUserFilter) to context logs
2019-09-20 14:32:50,971 [main] INFO  http.HttpServer2 (HttpServer2.java:bindListener(1191)) - Jetty bound to port 40739
2019-09-20 14:32:50,971 [main] INFO  server.Server (Server.java:doStart(351)) - jetty-9.3.24.v20180605, build timestamp: 2018-06-05T17:11:56Z, git hash: 84205aa28f11a4f31f2a3b86d1bba2cc8ab69827
2019-09-20 14:32:50,982 [main] INFO  handler.ContextHandler (ContextHandler.java:doStart(781)) - Started o.e.j.s.ServletContextHandler@7ab802f4{/logs,file:///workdir/hadoop-ozone/tools/target/log,AVAILABLE}
2019-09-20 14:32:50,983 [main] INFO  handler.ContextHandler (ContextHandler.java:doStart(781)) - Started o.e.j.s.ServletContextHandler@3b97907c{/static,jar:file:/home/user/.m2/repository/org/apache/hadoop/hadoop-hdds-container-service/0.5.0-SNAPSHOT/hadoop-hdds-container-service-0.5.0-SNAPSHOT.jar!/webapps/static,AVAILABLE}
2019-09-20 14:32:51,012 [main] INFO  handler.ContextHandler (ContextHandler.java:doStart(781)) - Started o.e.j.w.WebAppContext@4b88ca8e{/,file:///tmp/jetty-0.0.0.0-40739-hddsDatanode-_-any-7396374427385826468.dir/webapp/,AVAILABLE}{/hddsDatanode}
2019-09-20 14:32:51,014 [main] INFO  server.AbstractConnector (AbstractConnector.java:doStart(278)) - Started ServerConnector@6fa02932{HTTP/1.1,[http/1.1]}{0.0.0.0:40739}
2019-09-20 14:32:51,016 [main] INFO  server.Server (Server.java:doStart(419)) - Started @7181ms
2019-09-20 14:32:51,017 [main] INFO  server.BaseHttpServer (BaseHttpServer.java:updateConnectorAddress(213)) - HTTP server of HDDSDATANODE is listening at http://0.0.0.0:40739
2019-09-20 14:32:51,071 [Datanode State Machine Thread - 0] INFO  datanode.InitDatanodeState (InitDatanodeState.java:persistContainerDatanodeDetails(140)) - DatanodeDetails is persisted to /workdir/hadoop-ozone/tools/target/test-dir/MiniOzoneClusterImpl-23b1c32f-a31a-4489-b40e-6d88b61ad76b/datanode-0/meta/datanode.id
2019-09-20 14:32:51,165 | INFO  | ObjectStoreRestHttpServer | Listening HDDS REST traffic on /0.0.0.0:38264 |  
2019-09-20 14:32:51,165 [main] INFO  ozone.HddsDatanodeService (HddsDatanodeService.java:startPlugins(395)) - Started plug-in org.apache.hadoop.ozone.web.OzoneHddsDatanodeService@1a8e9ed9
2019-09-20 14:32:51,165 [main] INFO  impl.MetricsSystemImpl (MetricsSystemImpl.java:init(158)) - HddsDatanode metrics system started (again)
2019-09-20 14:32:51,169 [main] INFO  ozone.HddsDatanodeService (HddsDatanodeService.java:start(184)) - HddsDatanodeService host:pr-hdds-1569-p5fx8-1226042367 ip:192.168.36.99
2019-09-20 14:32:51,169 [org.apache.hadoop.util.JvmPauseMonitor$Monitor@4cabba46] INFO  util.JvmPauseMonitor (JvmPauseMonitor.java:run(188)) - Starting JVM pause monitor
2019-09-20 14:32:51,179 [main] INFO  volume.HddsVolume (HddsVolume.java:<init>(176)) - Creating Volume: /workdir/hadoop-ozone/tools/target/test-dir/MiniOzoneClusterImpl-23b1c32f-a31a-4489-b40e-6d88b61ad76b/datanode-2/data/containers/hdds of  storage type : DISK and capacity : 1482555576320
2019-09-20 14:32:51,180 [main] INFO  volume.VolumeSet (VolumeSet.java:initializeVolumeSet(170)) - Added Volume : /workdir/hadoop-ozone/tools/target/test-dir/MiniOzoneClusterImpl-23b1c32f-a31a-4489-b40e-6d88b61ad76b/datanode-2/data/containers/hdds to VolumeSet
2019-09-20 14:32:51,180 [main] INFO  volume.ThrottledAsyncChecker (ThrottledAsyncChecker.java:schedule(140)) - Scheduling a check for org.apache.hadoop.ozone.container.common.volume.HddsVolume@1f884bd6
2019-09-20 14:32:51,180 [Datanode State Machine Thread - 0] INFO  datanode.InitDatanodeState (InitDatanodeState.java:persistContainerDatanodeDetails(140)) - DatanodeDetails is persisted to /workdir/hadoop-ozone/tools/target/test-dir/MiniOzoneClusterImpl-23b1c32f-a31a-4489-b40e-6d88b61ad76b/datanode-1/meta/datanode.id
2019-09-20 14:32:51,181 [main] INFO  volume.HddsVolumeChecker (HddsVolumeChecker.java:checkAllVolumes(203)) - Scheduled health check for volume org.apache.hadoop.ozone.container.common.volume.HddsVolume@1f884bd6
2019-09-20 14:32:51,199 [main] INFO  impl.RaftServerProxy (ConfUtils.java:logGet(43)) - raft.rpc.type = GRPC (default)
2019-09-20 14:32:51,200 [main] INFO  grpc.GrpcFactory (GrpcFactory.java:checkPooledByteBufAllocatorUseCacheForAllThreads(45)) - PERFORMANCE WARNING: useCacheForAllThreads is true that may cause Netty to create a lot garbage objects and, as a result, trigger GC.
	It is recommended to disable useCacheForAllThreads by setting -Dorg.apache.ratis.thirdparty.io.netty.allocator.useCacheForAllThreads=false in command line.
2019-09-20 14:32:51,200 [main] INFO  grpc.GrpcConfigKeys$Server (ConfUtils.java:logGet(43)) - raft.grpc.server.port = 0 (default)
2019-09-20 14:32:51,200 [main] INFO  server.GrpcService (ConfUtils.java:logGet(43)) - raft.grpc.message.size.max = 33570816 (custom)
2019-09-20 14:32:51,200 [main] INFO  server.RaftServerConfigKeys (ConfUtils.java:logGet(43)) - raft.server.log.appender.buffer.byte-limit = 33554432 (custom)
2019-09-20 14:32:51,201 [main] INFO  server.GrpcService (ConfUtils.java:logGet(43)) - raft.grpc.flow.control.window = 1MB (=1048576) (default)
2019-09-20 14:32:51,201 [main] INFO  server.RaftServerConfigKeys (ConfUtils.java:logGet(43)) - raft.server.rpc.request.timeout = 3000ms (default)
2019-09-20 14:32:51,201 [main] INFO  server.RaftServerConfigKeys (ConfUtils.java:logGet(43)) - raft.server.storage.dir = [/workdir/hadoop-ozone/tools/target/test-dir/MiniOzoneClusterImpl-23b1c32f-a31a-4489-b40e-6d88b61ad76b/datanode-2/data/ratis] (custom)
2019-09-20 14:32:51,202 [main] INFO  replication.SimpleContainerDownloader (SimpleContainerDownloader.java:<init>(72)) - Starting container downloader service to copy containers to replicate.
2019-09-20 14:32:51,204 [main] INFO  hdfs.DFSUtil (DFSUtil.java:httpServerTemplateForNNAndJN(1641)) - Starting Web-server for hddsDatanode at: http://0.0.0.0:0
2019-09-20 14:32:51,206 [main] INFO  server.AuthenticationFilter (AuthenticationFilter.java:constructSecretProvider(240)) - Unable to initialize FileSignerSecretProvider, falling back to use random secrets.
2019-09-20 14:32:51,207 [main] WARN  http.HttpRequestLog (HttpRequestLog.java:getRequestLog(97)) - Jetty request log can only be enabled using Log4j
2019-09-20 14:32:51,209 [main] INFO  http.HttpServer2 (HttpServer2.java:addGlobalFilter(975)) - Added global filter 'safety' (class=org.apache.hadoop.http.HttpServer2$QuotingInputFilter)
2019-09-20 14:32:51,210 [main] INFO  http.HttpServer2 (HttpServer2.java:addFilter(948)) - Added filter static_user_filter (class=org.apache.hadoop.http.lib.StaticUserWebFilter$StaticUserFilter) to context hddsDatanode
2019-09-20 14:32:51,211 [main] INFO  http.HttpServer2 (HttpServer2.java:addFilter(958)) - Added filter static_user_filter (class=org.apache.hadoop.http.lib.StaticUserWebFilter$StaticUserFilter) to context static
2019-09-20 14:32:51,211 [main] INFO  http.HttpServer2 (HttpServer2.java:addFilter(958)) - Added filter static_user_filter (class=org.apache.hadoop.http.lib.StaticUserWebFilter$StaticUserFilter) to context logs
2019-09-20 14:32:51,212 [main] INFO  http.HttpServer2 (HttpServer2.java:bindListener(1191)) - Jetty bound to port 36995
2019-09-20 14:32:51,212 [main] INFO  server.Server (Server.java:doStart(351)) - jetty-9.3.24.v20180605, build timestamp: 2018-06-05T17:11:56Z, git hash: 84205aa28f11a4f31f2a3b86d1bba2cc8ab69827
2019-09-20 14:32:51,215 [main] INFO  handler.ContextHandler (ContextHandler.java:doStart(781)) - Started o.e.j.s.ServletContextHandler@7d2c345d{/logs,file:///workdir/hadoop-ozone/tools/target/log,AVAILABLE}
2019-09-20 14:32:51,216 [main] INFO  handler.ContextHandler (ContextHandler.java:doStart(781)) - Started o.e.j.s.ServletContextHandler@5db948c9{/static,jar:file:/home/user/.m2/repository/org/apache/hadoop/hadoop-hdds-container-service/0.5.0-SNAPSHOT/hadoop-hdds-container-service-0.5.0-SNAPSHOT.jar!/webapps/static,AVAILABLE}
2019-09-20 14:32:51,257 [main] INFO  handler.ContextHandler (ContextHandler.java:doStart(781)) - Started o.e.j.w.WebAppContext@58687fb7{/,file:///tmp/jetty-0.0.0.0-36995-hddsDatanode-_-any-9025790065896554108.dir/webapp/,AVAILABLE}{/hddsDatanode}
2019-09-20 14:32:51,259 [main] INFO  server.AbstractConnector (AbstractConnector.java:doStart(278)) - Started ServerConnector@3554bdc0{HTTP/1.1,[http/1.1]}{0.0.0.0:36995}
2019-09-20 14:32:51,259 [main] INFO  server.Server (Server.java:doStart(419)) - Started @7424ms
2019-09-20 14:32:51,260 [main] INFO  server.BaseHttpServer (BaseHttpServer.java:updateConnectorAddress(213)) - HTTP server of HDDSDATANODE is listening at http://0.0.0.0:36995
2019-09-20 14:32:51,467 | INFO  | ObjectStoreRestHttpServer | Listening HDDS REST traffic on /0.0.0.0:34962 |  
2019-09-20 14:32:51,468 [main] INFO  ozone.HddsDatanodeService (HddsDatanodeService.java:startPlugins(395)) - Started plug-in org.apache.hadoop.ozone.web.OzoneHddsDatanodeService@5d194314
2019-09-20 14:32:51,470 [main] INFO  ozone.MiniOzoneClusterImpl (MiniOzoneClusterImpl.java:lambda$waitForClusterToBeReady$0(142)) - Waiting for cluster to be ready. Got 0 of 3 DN Heartbeats.
2019-09-20 14:32:51,471 [org.apache.hadoop.util.JvmPauseMonitor$Monitor@43fa4958] INFO  util.JvmPauseMonitor (JvmPauseMonitor.java:run(188)) - Starting JVM pause monitor
2019-09-20 14:32:51,472 [Datanode State Machine Thread - 0] INFO  datanode.InitDatanodeState (InitDatanodeState.java:persistContainerDatanodeDetails(140)) - DatanodeDetails is persisted to /workdir/hadoop-ozone/tools/target/test-dir/MiniOzoneClusterImpl-23b1c32f-a31a-4489-b40e-6d88b61ad76b/datanode-2/meta/datanode.id
2019-09-20 14:32:52,470 [main] INFO  ozone.MiniOzoneClusterImpl (MiniOzoneClusterImpl.java:lambda$waitForClusterToBeReady$0(142)) - Waiting for cluster to be ready. Got 0 of 3 DN Heartbeats.
2019-09-20 14:32:52,965 | INFO  | SCMAudit | user=jenkins1000 | ip=192.168.36.99 | op=GET_VERSION null | ret=SUCCESS |  
2019-09-20 14:32:52,990 [Datanode State Machine Thread - 0] INFO  ozoneimpl.OzoneContainer (OzoneContainer.java:start(186)) - Attempting to start container services.
2019-09-20 14:32:52,992 [Datanode State Machine Thread - 0] INFO  ozoneimpl.OzoneContainer (OzoneContainer.java:startContainerScrub(160)) - Background container scrubber has been disabled by hdds.containerscrub.enabled
2019-09-20 14:32:52,993 [Datanode State Machine Thread - 0] INFO  ratis.XceiverServerRatis (XceiverServerRatis.java:start(404)) - Starting XceiverServerRatis 0394b375-5707-4111-b314-9512f0d16dd1 at port 0
2019-09-20 14:32:53,017 [Datanode State Machine Thread - 0] INFO  impl.RaftServerProxy (RaftServerProxy.java:lambda$start$3(299)) - 0394b375-5707-4111-b314-9512f0d16dd1: start RPC server
2019-09-20 14:32:53,148 [Datanode State Machine Thread - 0] INFO  server.GrpcService (GrpcService.java:startImpl(149)) - 0394b375-5707-4111-b314-9512f0d16dd1: GrpcService started, listening on 0.0.0.0/0.0.0.0:45775
2019-09-20 14:32:53,149 [Datanode State Machine Thread - 0] INFO  ratis.XceiverServerRatis (XceiverServerRatis.java:start(414)) - XceiverServerRatis 0394b375-5707-4111-b314-9512f0d16dd1 is started using port 45775
2019-09-20 14:32:53,151 [Datanode State Machine Thread - 0] INFO  server.XceiverServerGrpc (XceiverServerGrpc.java:start(163)) - XceiverServerGrpc 0394b375-5707-4111-b314-9512f0d16dd1 is started using port 40265
2019-09-20 14:32:53,171 | INFO  | SCMAudit | user=jenkins1000 | ip=192.168.36.99 | op=GET_VERSION null | ret=SUCCESS |  
2019-09-20 14:32:53,192 [Datanode State Machine Thread - 0] INFO  ozoneimpl.OzoneContainer (OzoneContainer.java:start(186)) - Attempting to start container services.
2019-09-20 14:32:53,194 [Datanode State Machine Thread - 0] INFO  ozoneimpl.OzoneContainer (OzoneContainer.java:startContainerScrub(160)) - Background container scrubber has been disabled by hdds.containerscrub.enabled
2019-09-20 14:32:53,194 [Datanode State Machine Thread - 0] INFO  ratis.XceiverServerRatis (XceiverServerRatis.java:start(404)) - Starting XceiverServerRatis 7cf0c8ed-5ec1-4ccf-8169-28a1425388dc at port 0
2019-09-20 14:32:53,203 [Datanode State Machine Thread - 0] INFO  impl.RaftServerProxy (RaftServerProxy.java:lambda$start$3(299)) - 7cf0c8ed-5ec1-4ccf-8169-28a1425388dc: start RPC server
2019-09-20 14:32:53,207 [Datanode State Machine Thread - 0] INFO  server.GrpcService (GrpcService.java:startImpl(149)) - 7cf0c8ed-5ec1-4ccf-8169-28a1425388dc: GrpcService started, listening on 0.0.0.0/0.0.0.0:36950
2019-09-20 14:32:53,207 [Datanode State Machine Thread - 0] INFO  ratis.XceiverServerRatis (XceiverServerRatis.java:start(414)) - XceiverServerRatis 7cf0c8ed-5ec1-4ccf-8169-28a1425388dc is started using port 36950
2019-09-20 14:32:53,209 [Datanode State Machine Thread - 0] INFO  server.XceiverServerGrpc (XceiverServerGrpc.java:start(163)) - XceiverServerGrpc 7cf0c8ed-5ec1-4ccf-8169-28a1425388dc is started using port 34587
2019-09-20 14:32:53,471 [main] INFO  ozone.MiniOzoneClusterImpl (MiniOzoneClusterImpl.java:lambda$waitForClusterToBeReady$0(142)) - Waiting for cluster to be ready. Got 0 of 3 DN Heartbeats.
2019-09-20 14:32:53,473 | INFO  | SCMAudit | user=jenkins1000 | ip=192.168.36.99 | op=GET_VERSION null | ret=SUCCESS |  
2019-09-20 14:32:53,496 [Datanode State Machine Thread - 0] INFO  ozoneimpl.OzoneContainer (OzoneContainer.java:start(186)) - Attempting to start container services.
2019-09-20 14:32:53,497 [Datanode State Machine Thread - 0] INFO  ozoneimpl.OzoneContainer (OzoneContainer.java:startContainerScrub(160)) - Background container scrubber has been disabled by hdds.containerscrub.enabled
2019-09-20 14:32:53,498 [Datanode State Machine Thread - 0] INFO  ratis.XceiverServerRatis (XceiverServerRatis.java:start(404)) - Starting XceiverServerRatis b36edb1e-3cc0-4b5f-b286-dd1e32c8dec6 at port 0
2019-09-20 14:32:53,508 [Datanode State Machine Thread - 0] INFO  impl.RaftServerProxy (RaftServerProxy.java:lambda$start$3(299)) - b36edb1e-3cc0-4b5f-b286-dd1e32c8dec6: start RPC server
2019-09-20 14:32:53,511 [Datanode State Machine Thread - 0] INFO  server.GrpcService (GrpcService.java:startImpl(149)) - b36edb1e-3cc0-4b5f-b286-dd1e32c8dec6: GrpcService started, listening on 0.0.0.0/0.0.0.0:44289
2019-09-20 14:32:53,512 [Datanode State Machine Thread - 0] INFO  ratis.XceiverServerRatis (XceiverServerRatis.java:start(414)) - XceiverServerRatis b36edb1e-3cc0-4b5f-b286-dd1e32c8dec6 is started using port 44289
2019-09-20 14:32:53,514 [Datanode State Machine Thread - 0] INFO  server.XceiverServerGrpc (XceiverServerGrpc.java:start(163)) - XceiverServerGrpc b36edb1e-3cc0-4b5f-b286-dd1e32c8dec6 is started using port 44798
2019-09-20 14:32:54,471 [main] INFO  ozone.MiniOzoneClusterImpl (MiniOzoneClusterImpl.java:lambda$waitForClusterToBeReady$0(142)) - Waiting for cluster to be ready. Got 0 of 3 DN Heartbeats.
2019-09-20 14:32:54,973 [IPC Server handler 2 on 38934] INFO  net.NetworkTopology (NetworkTopologyImpl.java:add(110)) - Added a new node: /default-rack/0394b375-5707-4111-b314-9512f0d16dd1
2019-09-20 14:32:54,973 [IPC Server handler 2 on 38934] INFO  node.SCMNodeManager (SCMNodeManager.java:register(273)) - Registered Data node : 0394b375-5707-4111-b314-9512f0d16dd1{ip: 192.168.36.99, host: pr-hdds-1569-p5fx8-1226042367, networkLocation: /default-rack, certSerialId: null}
2019-09-20 14:32:54,978 [EventQueue-NodeRegistrationContainerReportForDataNodeSafeModeRule] INFO  safemode.SCMSafeModeManager (DataNodeSafeModeRule.java:process(71)) - SCM in safe mode. 1 DataNodes registered, 1 required.
2019-09-20 14:32:54,979 [EventQueue-NodeRegistrationContainerReportForDataNodeSafeModeRule] INFO  safemode.SCMSafeModeManager (SCMSafeModeManager.java:validateSafeModeExitRules(177)) - ScmSafeModeManager, all rules are successfully validated
2019-09-20 14:32:54,979 [EventQueue-NodeRegistrationContainerReportForDataNodeSafeModeRule] INFO  safemode.SCMSafeModeManager (SCMSafeModeManager.java:exitSafeMode(193)) - SCM exiting safe mode.
2019-09-20 14:32:54,990 | INFO  | SCMAudit | user=jenkins1000 | ip=192.168.36.99 | op=REGISTER {datanodeDetails=0394b375-5707-4111-b314-9512f0d16dd1{ip: 192.168.36.99, host: pr-hdds-1569-p5fx8-1226042367, networkLocation: /default-rack, certSerialId: null}} | ret=SUCCESS |  
2019-09-20 14:32:55,173 [IPC Server handler 0 on 38934] INFO  net.NetworkTopology (NetworkTopologyImpl.java:add(110)) - Added a new node: /default-rack/7cf0c8ed-5ec1-4ccf-8169-28a1425388dc
2019-09-20 14:32:55,173 [IPC Server handler 0 on 38934] INFO  node.SCMNodeManager (SCMNodeManager.java:register(273)) - Registered Data node : 7cf0c8ed-5ec1-4ccf-8169-28a1425388dc{ip: 192.168.36.99, host: pr-hdds-1569-p5fx8-1226042367, networkLocation: /default-rack, certSerialId: null}
2019-09-20 14:32:55,174 | INFO  | SCMAudit | user=jenkins1000 | ip=192.168.36.99 | op=REGISTER {datanodeDetails=7cf0c8ed-5ec1-4ccf-8169-28a1425388dc{ip: 192.168.36.99, host: pr-hdds-1569-p5fx8-1226042367, networkLocation: /default-rack, certSerialId: null}} | ret=SUCCESS |  
2019-09-20 14:32:55,473 [main] INFO  ozone.MiniOzoneClusterImpl (MiniOzoneClusterImpl.java:lambda$waitForClusterToBeReady$0(142)) - Waiting for cluster to be ready. Got 2 of 3 DN Heartbeats.
2019-09-20 14:32:55,474 [IPC Server handler 5 on 38934] INFO  net.NetworkTopology (NetworkTopologyImpl.java:add(110)) - Added a new node: /default-rack/b36edb1e-3cc0-4b5f-b286-dd1e32c8dec6
2019-09-20 14:32:55,474 [IPC Server handler 5 on 38934] INFO  node.SCMNodeManager (SCMNodeManager.java:register(273)) - Registered Data node : b36edb1e-3cc0-4b5f-b286-dd1e32c8dec6{ip: 192.168.36.99, host: pr-hdds-1569-p5fx8-1226042367, networkLocation: /default-rack, certSerialId: null}
2019-09-20 14:32:55,476 | INFO  | SCMAudit | user=jenkins1000 | ip=192.168.36.99 | op=REGISTER {datanodeDetails=b36edb1e-3cc0-4b5f-b286-dd1e32c8dec6{ip: 192.168.36.99, host: pr-hdds-1569-p5fx8-1226042367, networkLocation: /default-rack, certSerialId: null}} | ret=SUCCESS |  
2019-09-20 14:32:55,968 [grpc-default-executor-0] INFO  impl.RaftServerProxy (RaftServerProxy.java:addNew(89)) - 0394b375-5707-4111-b314-9512f0d16dd1: addNew group-1C6096AB2349:[0394b375-5707-4111-b314-9512f0d16dd1:192.168.36.99:45775] returns group-1C6096AB2349:java.util.concurrent.CompletableFuture@1d2b06f7[Not completed]
2019-09-20 14:32:55,983 [pool-27-thread-1] INFO  impl.RaftServerImpl (RaftServerImpl.java:<init>(93)) - 0394b375-5707-4111-b314-9512f0d16dd1: new RaftServerImpl for group-1C6096AB2349:[0394b375-5707-4111-b314-9512f0d16dd1:192.168.36.99:45775] with ContainerStateMachine:uninitialized
2019-09-20 14:32:55,986 [pool-27-thread-1] INFO  server.RaftServerConfigKeys (ConfUtils.java:logGet(43)) - raft.server.rpc.timeout.min = 5s (custom)
2019-09-20 14:32:55,987 [pool-27-thread-1] INFO  server.RaftServerConfigKeys (ConfUtils.java:logGet(43)) - raft.server.rpc.timeout.max = 5200ms (custom)
2019-09-20 14:32:55,987 [pool-27-thread-1] INFO  server.RaftServerConfigKeys (ConfUtils.java:logGet(43)) - raft.server.rpcslowness.timeout = 120s (custom)
2019-09-20 14:32:55,988 [pool-27-thread-1] INFO  server.RaftServerConfigKeys (ConfUtils.java:logGet(43)) - raft.server.sleep.deviation.threshold = 300 (default)
2019-09-20 14:32:55,989 [pool-27-thread-1] INFO  server.RaftServerConfigKeys (ConfUtils.java:logGet(43)) - raft.server.log.appender.install.snapshot.enabled = false (custom)
2019-09-20 14:32:55,997 [pool-27-thread-1] INFO  impl.RaftServerImpl (ServerState.java:<init>(105)) - 0394b375-5707-4111-b314-9512f0d16dd1:group-1C6096AB2349 ConfigurationManager, init=-1: [0394b375-5707-4111-b314-9512f0d16dd1:192.168.36.99:45775], old=null, confs=<EMPTY_MAP>
2019-09-20 14:32:55,997 [pool-27-thread-1] INFO  server.RaftServerConfigKeys (ConfUtils.java:logGet(43)) - raft.server.storage.dir = [/workdir/hadoop-ozone/tools/target/test-dir/MiniOzoneClusterImpl-23b1c32f-a31a-4489-b40e-6d88b61ad76b/datanode-0/data/ratis] (custom)
2019-09-20 14:32:56,005 [pool-27-thread-1] INFO  storage.RaftStorageDirectory (RaftStorageDirectory.java:analyzeStorage(246)) - The storage directory /workdir/hadoop-ozone/tools/target/test-dir/MiniOzoneClusterImpl-23b1c32f-a31a-4489-b40e-6d88b61ad76b/datanode-0/data/ratis/9f95d48a-c6d5-4d42-a18a-1c6096ab2349 does not exist. Creating ...
2019-09-20 14:32:56,033 [pool-27-thread-1] INFO  storage.RaftStorageDirectory (RaftStorageDirectory.java:tryLock(328)) - Lock on /workdir/hadoop-ozone/tools/target/test-dir/MiniOzoneClusterImpl-23b1c32f-a31a-4489-b40e-6d88b61ad76b/datanode-0/data/ratis/9f95d48a-c6d5-4d42-a18a-1c6096ab2349/in_use.lock acquired by nodename 1294@pr-hdds-1569-p5fx8-1226042367
2019-09-20 14:32:56,051 [pool-27-thread-1] INFO  storage.RaftStorage (RaftStorage.java:format(72)) - Storage directory /workdir/hadoop-ozone/tools/target/test-dir/MiniOzoneClusterImpl-23b1c32f-a31a-4489-b40e-6d88b61ad76b/datanode-0/data/ratis/9f95d48a-c6d5-4d42-a18a-1c6096ab2349 has been successfully formatted.
2019-09-20 14:32:56,053 [pool-27-thread-1] INFO  ratis.ContainerStateMachine (ContainerStateMachine.java:loadSnapshot(226)) - group-1C6096AB2349: The snapshot info is null. Setting the last applied indexto:(t:0, i:~)
2019-09-20 14:32:56,053 [pool-27-thread-1] INFO  server.RaftServerConfigKeys (ConfUtils.java:logGet(43)) - raft.server.leader.election.timeout = 120s (custom)
2019-09-20 14:32:56,055 [pool-27-thread-1] INFO  server.RaftServerConfigKeys (ConfUtils.java:logGet(43)) - raft.server.log.use.memory = false (default)
2019-09-20 14:32:56,061 [pool-27-thread-1] INFO  server.RaftServerConfigKeys (ConfUtils.java:logGet(43)) - raft.server.log.purge.gap = 1000000 (custom)
2019-09-20 14:32:56,061 [pool-27-thread-1] INFO  server.RaftServerConfigKeys (ConfUtils.java:logGet(43)) - raft.server.log.appender.buffer.byte-limit = 33554432 (custom)
2019-09-20 14:32:56,063 [pool-27-thread-1] INFO  server.RaftServerConfigKeys (ConfUtils.java:logGet(43)) - raft.server.log.segment.size.max = 1048576 (custom)
2019-09-20 14:32:56,067 [pool-27-thread-1] INFO  server.RaftServerConfigKeys (ConfUtils.java:logGet(43)) - raft.server.log.segment.cache.num.max = 2 (custom)
2019-09-20 14:32:56,075 [pool-27-thread-1] INFO  segmented.SegmentedRaftLogWorker (SegmentedRaftLogWorker.java:<init>(172)) - new 0394b375-5707-4111-b314-9512f0d16dd1-SegmentedRaftLogWorker:Storage Directory /workdir/hadoop-ozone/tools/target/test-dir/MiniOzoneClusterImpl-23b1c32f-a31a-4489-b40e-6d88b61ad76b/datanode-0/data/ratis/9f95d48a-c6d5-4d42-a18a-1c6096ab2349 for RaftStorage:Storage Directory /workdir/hadoop-ozone/tools/target/test-dir/MiniOzoneClusterImpl-23b1c32f-a31a-4489-b40e-6d88b61ad76b/datanode-0/data/ratis/9f95d48a-c6d5-4d42-a18a-1c6096ab2349
2019-09-20 14:32:56,091 [pool-27-thread-1] INFO  server.RaftServerConfigKeys (ConfUtils.java:logGet(43)) - raft.server.log.queue.byte-limit = 2147483647 (custom)
2019-09-20 14:32:56,091 [pool-27-thread-1] INFO  server.RaftServerConfigKeys (ConfUtils.java:logGet(43)) - raft.server.log.queue.element-limit = 1024 (custom)
2019-09-20 14:32:56,098 [pool-27-thread-1] INFO  server.RaftServerConfigKeys (ConfUtils.java:logGet(43)) - raft.server.log.segment.size.max = 1048576 (custom)
2019-09-20 14:32:56,098 [pool-27-thread-1] INFO  server.RaftServerConfigKeys (ConfUtils.java:logGet(43)) - raft.server.log.preallocated.size = 16384 (custom)
2019-09-20 14:32:56,099 [pool-27-thread-1] INFO  server.RaftServerConfigKeys (ConfUtils.java:logGet(43)) - raft.server.log.write.buffer.size = 33554432 (custom)
2019-09-20 14:32:56,100 [pool-27-thread-1] INFO  server.RaftServerConfigKeys (ConfUtils.java:logGet(43)) - raft.server.log.force.sync.num = 128 (default)
2019-09-20 14:32:56,101 [pool-27-thread-1] INFO  server.RaftServerConfigKeys (ConfUtils.java:logGet(43)) - raft.server.log.statemachine.data.sync = true (default)
2019-09-20 14:32:56,101 [pool-27-thread-1] INFO  server.RaftServerConfigKeys (ConfUtils.java:logGet(43)) - raft.server.log.statemachine.data.sync.timeout = 10s (default)
2019-09-20 14:32:56,102 [pool-27-thread-1] INFO  server.RaftServerConfigKeys (ConfUtils.java:logGet(43)) - raft.server.log.statemachine.data.sync.timeout.retry = -1 (default)
2019-09-20 14:32:56,115 [pool-27-thread-1] INFO  server.RaftServerConfigKeys (ConfUtils.java:logGet(43)) - raft.server.log.statemachine.data.caching.enabled = true (custom)
2019-09-20 14:32:56,120 [pool-27-thread-1] INFO  segmented.SegmentedRaftLogWorker (SegmentedRaftLogWorker.java:lambda$new$0(132)) - 0394b375-5707-4111-b314-9512f0d16dd1-SegmentedRaftLogWorker:Storage Directory /workdir/hadoop-ozone/tools/target/test-dir/MiniOzoneClusterImpl-23b1c32f-a31a-4489-b40e-6d88b61ad76b/datanode-0/data/ratis/9f95d48a-c6d5-4d42-a18a-1c6096ab2349: flushIndex: setUnconditionally 0 -> -1
2019-09-20 14:32:56,126 [pool-27-thread-1] INFO  server.RaftServerConfigKeys (ConfUtils.java:logGet(43)) - raft.server.snapshot.auto.trigger.enabled = true (custom)
2019-09-20 14:32:56,127 [pool-27-thread-1] INFO  server.RaftServerConfigKeys (ConfUtils.java:logGet(43)) - raft.server.snapshot.auto.trigger.threshold = 10000 (custom)
2019-09-20 14:32:56,127 [pool-27-thread-1] INFO  server.RaftServerConfigKeys (ConfUtils.java:logGet(43)) - raft.server.retrycache.expirytime = 600000ms (custom)
2019-09-20 14:32:56,147 [pool-27-thread-1] INFO  impl.RaftServerImpl (RaftServerImpl.java:start(180)) - 0394b375-5707-4111-b314-9512f0d16dd1: start group-1C6096AB2349
2019-09-20 14:32:56,148 [pool-27-thread-1] INFO  impl.RaftServerImpl (RaftServerImpl.java:setRole(171)) - 0394b375-5707-4111-b314-9512f0d16dd1:group-1C6096AB2349 changes role from null to FOLLOWER at term 0 for startAsFollower
2019-09-20 14:32:56,149 [pool-27-thread-1] INFO  impl.RoleInfo (RoleInfo.java:updateAndGet(143)) - 0394b375-5707-4111-b314-9512f0d16dd1: start FollowerState
2019-09-20 14:32:56,150 [pool-27-thread-1] INFO  util.JmxRegister (JmxRegister.java:tryRegister(44)) - Successfully registered JMX Bean with object name Ratis:service=RaftServer,group=group-1C6096AB2349,id=0394b375-5707-4111-b314-9512f0d16dd1
2019-09-20 14:32:56,213 [RatisPipelineUtilsThread] INFO  pipeline.PipelineStateManager (PipelineStateManager.java:addPipeline(56)) - Created pipeline Pipeline[ Id: 9f95d48a-c6d5-4d42-a18a-1c6096ab2349, Nodes: 0394b375-5707-4111-b314-9512f0d16dd1{ip: 192.168.36.99, host: pr-hdds-1569-p5fx8-1226042367, networkLocation: /default-rack, certSerialId: null}, Type:RATIS, Factor:ONE, State:OPEN]
2019-09-20 14:32:56,234 [grpc-default-executor-0] INFO  impl.RaftServerProxy (RaftServerProxy.java:addNew(89)) - b36edb1e-3cc0-4b5f-b286-dd1e32c8dec6: addNew group-375E0F781BC3:[b36edb1e-3cc0-4b5f-b286-dd1e32c8dec6:192.168.36.99:44289] returns group-375E0F781BC3:java.util.concurrent.CompletableFuture@1f681dd5[Not completed]
2019-09-20 14:32:56,268 [pool-49-thread-1] INFO  impl.RaftServerImpl (RaftServerImpl.java:<init>(93)) - b36edb1e-3cc0-4b5f-b286-dd1e32c8dec6: new RaftServerImpl for group-375E0F781BC3:[b36edb1e-3cc0-4b5f-b286-dd1e32c8dec6:192.168.36.99:44289] with ContainerStateMachine:uninitialized
2019-09-20 14:32:56,269 [pool-49-thread-1] INFO  server.RaftServerConfigKeys (ConfUtils.java:logGet(43)) - raft.server.rpc.timeout.min = 5s (custom)
2019-09-20 14:32:56,270 [pool-49-thread-1] INFO  server.RaftServerConfigKeys (ConfUtils.java:logGet(43)) - raft.server.rpc.timeout.max = 5200ms (custom)
2019-09-20 14:32:56,270 [pool-49-thread-1] INFO  server.RaftServerConfigKeys (ConfUtils.java:logGet(43)) - raft.server.rpcslowness.timeout = 120s (custom)
2019-09-20 14:32:56,270 [pool-49-thread-1] INFO  server.RaftServerConfigKeys (ConfUtils.java:logGet(43)) - raft.server.sleep.deviation.threshold = 300 (default)
2019-09-20 14:32:56,270 [pool-49-thread-1] INFO  server.RaftServerConfigKeys (ConfUtils.java:logGet(43)) - raft.server.log.appender.install.snapshot.enabled = false (custom)
2019-09-20 14:32:56,271 [pool-49-thread-1] INFO  impl.RaftServerImpl (ServerState.java:<init>(105)) - b36edb1e-3cc0-4b5f-b286-dd1e32c8dec6:group-375E0F781BC3 ConfigurationManager, init=-1: [b36edb1e-3cc0-4b5f-b286-dd1e32c8dec6:192.168.36.99:44289], old=null, confs=<EMPTY_MAP>
2019-09-20 14:32:56,271 [pool-49-thread-1] INFO  server.RaftServerConfigKeys (ConfUtils.java:logGet(43)) - raft.server.storage.dir = [/workdir/hadoop-ozone/tools/target/test-dir/MiniOzoneClusterImpl-23b1c32f-a31a-4489-b40e-6d88b61ad76b/datanode-2/data/ratis] (custom)
2019-09-20 14:32:56,271 [pool-49-thread-1] INFO  storage.RaftStorageDirectory (RaftStorageDirectory.java:analyzeStorage(246)) - The storage directory /workdir/hadoop-ozone/tools/target/test-dir/MiniOzoneClusterImpl-23b1c32f-a31a-4489-b40e-6d88b61ad76b/datanode-2/data/ratis/02d50c74-79ad-4408-8aef-375e0f781bc3 does not exist. Creating ...
2019-09-20 14:32:56,291 [pool-49-thread-1] INFO  storage.RaftStorageDirectory (RaftStorageDirectory.java:tryLock(328)) - Lock on /workdir/hadoop-ozone/tools/target/test-dir/MiniOzoneClusterImpl-23b1c32f-a31a-4489-b40e-6d88b61ad76b/datanode-2/data/ratis/02d50c74-79ad-4408-8aef-375e0f781bc3/in_use.lock acquired by nodename 1294@pr-hdds-1569-p5fx8-1226042367
2019-09-20 14:32:56,330 [pool-49-thread-1] INFO  storage.RaftStorage (RaftStorage.java:format(72)) - Storage directory /workdir/hadoop-ozone/tools/target/test-dir/MiniOzoneClusterImpl-23b1c32f-a31a-4489-b40e-6d88b61ad76b/datanode-2/data/ratis/02d50c74-79ad-4408-8aef-375e0f781bc3 has been successfully formatted.
2019-09-20 14:32:56,332 [pool-49-thread-1] INFO  ratis.ContainerStateMachine (ContainerStateMachine.java:loadSnapshot(226)) - group-375E0F781BC3: The snapshot info is null. Setting the last applied indexto:(t:0, i:~)
2019-09-20 14:32:56,333 [pool-49-thread-1] INFO  server.RaftServerConfigKeys (ConfUtils.java:logGet(43)) - raft.server.leader.election.timeout = 120s (custom)
2019-09-20 14:32:56,333 [pool-49-thread-1] INFO  server.RaftServerConfigKeys (ConfUtils.java:logGet(43)) - raft.server.log.use.memory = false (default)
2019-09-20 14:32:56,333 [pool-49-thread-1] INFO  server.RaftServerConfigKeys (ConfUtils.java:logGet(43)) - raft.server.log.purge.gap = 1000000 (custom)
2019-09-20 14:32:56,334 [pool-49-thread-1] INFO  server.RaftServerConfigKeys (ConfUtils.java:logGet(43)) - raft.server.log.appender.buffer.byte-limit = 33554432 (custom)
2019-09-20 14:32:56,334 [pool-49-thread-1] INFO  server.RaftServerConfigKeys (ConfUtils.java:logGet(43)) - raft.server.log.segment.size.max = 1048576 (custom)
2019-09-20 14:32:56,334 [pool-49-thread-1] INFO  server.RaftServerConfigKeys (ConfUtils.java:logGet(43)) - raft.server.log.segment.cache.num.max = 2 (custom)
2019-09-20 14:32:56,334 [pool-49-thread-1] INFO  segmented.SegmentedRaftLogWorker (SegmentedRaftLogWorker.java:<init>(172)) - new b36edb1e-3cc0-4b5f-b286-dd1e32c8dec6-SegmentedRaftLogWorker:Storage Directory /workdir/hadoop-ozone/tools/target/test-dir/MiniOzoneClusterImpl-23b1c32f-a31a-4489-b40e-6d88b61ad76b/datanode-2/data/ratis/02d50c74-79ad-4408-8aef-375e0f781bc3 for RaftStorage:Storage Directory /workdir/hadoop-ozone/tools/target/test-dir/MiniOzoneClusterImpl-23b1c32f-a31a-4489-b40e-6d88b61ad76b/datanode-2/data/ratis/02d50c74-79ad-4408-8aef-375e0f781bc3
2019-09-20 14:32:56,336 [pool-49-thread-1] INFO  server.RaftServerConfigKeys (ConfUtils.java:logGet(43)) - raft.server.log.queue.byte-limit = 2147483647 (custom)
2019-09-20 14:32:56,336 [pool-49-thread-1] INFO  server.RaftServerConfigKeys (ConfUtils.java:logGet(43)) - raft.server.log.queue.element-limit = 1024 (custom)
2019-09-20 14:32:56,336 [pool-49-thread-1] INFO  server.RaftServerConfigKeys (ConfUtils.java:logGet(43)) - raft.server.log.segment.size.max = 1048576 (custom)
2019-09-20 14:32:56,337 [pool-49-thread-1] INFO  server.RaftServerConfigKeys (ConfUtils.java:logGet(43)) - raft.server.log.preallocated.size = 16384 (custom)
2019-09-20 14:32:56,337 [pool-49-thread-1] INFO  server.RaftServerConfigKeys (ConfUtils.java:logGet(43)) - raft.server.log.write.buffer.size = 33554432 (custom)
2019-09-20 14:32:56,337 [pool-49-thread-1] INFO  server.RaftServerConfigKeys (ConfUtils.java:logGet(43)) - raft.server.log.force.sync.num = 128 (default)
2019-09-20 14:32:56,337 [pool-49-thread-1] INFO  server.RaftServerConfigKeys (ConfUtils.java:logGet(43)) - raft.server.log.statemachine.data.sync = true (default)
2019-09-20 14:32:56,337 [pool-49-thread-1] INFO  server.RaftServerConfigKeys (ConfUtils.java:logGet(43)) - raft.server.log.statemachine.data.sync.timeout = 10s (default)
2019-09-20 14:32:56,338 [pool-49-thread-1] INFO  server.RaftServerConfigKeys (ConfUtils.java:logGet(43)) - raft.server.log.statemachine.data.sync.timeout.retry = -1 (default)
2019-09-20 14:32:56,338 [pool-49-thread-1] INFO  server.RaftServerConfigKeys (ConfUtils.java:logGet(43)) - raft.server.log.statemachine.data.caching.enabled = true (custom)
2019-09-20 14:32:56,339 [pool-49-thread-1] INFO  segmented.SegmentedRaftLogWorker (SegmentedRaftLogWorker.java:lambda$new$0(132)) - b36edb1e-3cc0-4b5f-b286-dd1e32c8dec6-SegmentedRaftLogWorker:Storage Directory /workdir/hadoop-ozone/tools/target/test-dir/MiniOzoneClusterImpl-23b1c32f-a31a-4489-b40e-6d88b61ad76b/datanode-2/data/ratis/02d50c74-79ad-4408-8aef-375e0f781bc3: flushIndex: setUnconditionally 0 -> -1
2019-09-20 14:32:56,339 [pool-49-thread-1] INFO  server.RaftServerConfigKeys (ConfUtils.java:logGet(43)) - raft.server.snapshot.auto.trigger.enabled = true (custom)
2019-09-20 14:32:56,339 [pool-49-thread-1] INFO  server.RaftServerConfigKeys (ConfUtils.java:logGet(43)) - raft.server.snapshot.auto.trigger.threshold = 10000 (custom)
2019-09-20 14:32:56,340 [pool-49-thread-1] INFO  server.RaftServerConfigKeys (ConfUtils.java:logGet(43)) - raft.server.retrycache.expirytime = 600000ms (custom)
2019-09-20 14:32:56,340 [pool-49-thread-1] INFO  impl.RaftServerImpl (RaftServerImpl.java:start(180)) - b36edb1e-3cc0-4b5f-b286-dd1e32c8dec6: start group-375E0F781BC3
2019-09-20 14:32:56,340 [pool-49-thread-1] INFO  impl.RaftServerImpl (RaftServerImpl.java:setRole(171)) - b36edb1e-3cc0-4b5f-b286-dd1e32c8dec6:group-375E0F781BC3 changes role from null to FOLLOWER at term 0 for startAsFollower
2019-09-20 14:32:56,340 [pool-49-thread-1] INFO  impl.RoleInfo (RoleInfo.java:updateAndGet(143)) - b36edb1e-3cc0-4b5f-b286-dd1e32c8dec6: start FollowerState
2019-09-20 14:32:56,342 [pool-49-thread-1] INFO  util.JmxRegister (JmxRegister.java:tryRegister(44)) - Successfully registered JMX Bean with object name Ratis:service=RaftServer,group=group-375E0F781BC3,id=b36edb1e-3cc0-4b5f-b286-dd1e32c8dec6
2019-09-20 14:32:56,355 [RatisPipelineUtilsThread] INFO  pipeline.PipelineStateManager (PipelineStateManager.java:addPipeline(56)) - Created pipeline Pipeline[ Id: 02d50c74-79ad-4408-8aef-375e0f781bc3, Nodes: b36edb1e-3cc0-4b5f-b286-dd1e32c8dec6{ip: 192.168.36.99, host: pr-hdds-1569-p5fx8-1226042367, networkLocation: /default-rack, certSerialId: null}, Type:RATIS, Factor:ONE, State:OPEN]
2019-09-20 14:32:56,374 [grpc-default-executor-0] INFO  impl.RaftServerProxy (RaftServerProxy.java:addNew(89)) - 0394b375-5707-4111-b314-9512f0d16dd1: addNew group-F190725B945A:[0394b375-5707-4111-b314-9512f0d16dd1:192.168.36.99:45775] returns group-F190725B945A:java.util.concurrent.CompletableFuture@548fd5a[Not completed]
2019-09-20 14:32:56,383 [pool-27-thread-1] INFO  impl.RaftServerImpl (RaftServerImpl.java:<init>(93)) - 0394b375-5707-4111-b314-9512f0d16dd1: new RaftServerImpl for group-F190725B945A:[0394b375-5707-4111-b314-9512f0d16dd1:192.168.36.99:45775] with ContainerStateMachine:uninitialized
2019-09-20 14:32:56,383 [pool-27-thread-1] INFO  server.RaftServerConfigKeys (ConfUtils.java:logGet(43)) - raft.server.rpc.timeout.min = 5s (custom)
2019-09-20 14:32:56,383 [pool-27-thread-1] INFO  server.RaftServerConfigKeys (ConfUtils.java:logGet(43)) - raft.server.rpc.timeout.max = 5200ms (custom)
2019-09-20 14:32:56,383 [pool-27-thread-1] INFO  server.RaftServerConfigKeys (ConfUtils.java:logGet(43)) - raft.server.rpcslowness.timeout = 120s (custom)
2019-09-20 14:32:56,383 [pool-27-thread-1] INFO  server.RaftServerConfigKeys (ConfUtils.java:logGet(43)) - raft.server.sleep.deviation.threshold = 300 (default)
2019-09-20 14:32:56,384 [pool-27-thread-1] INFO  server.RaftServerConfigKeys (ConfUtils.java:logGet(43)) - raft.server.log.appender.install.snapshot.enabled = false (custom)
2019-09-20 14:32:56,384 [pool-27-thread-1] INFO  impl.RaftServerImpl (ServerState.java:<init>(105)) - 0394b375-5707-4111-b314-9512f0d16dd1:group-F190725B945A ConfigurationManager, init=-1: [0394b375-5707-4111-b314-9512f0d16dd1:192.168.36.99:45775], old=null, confs=<EMPTY_MAP>
2019-09-20 14:32:56,384 [pool-27-thread-1] INFO  server.RaftServerConfigKeys (ConfUtils.java:logGet(43)) - raft.server.storage.dir = [/workdir/hadoop-ozone/tools/target/test-dir/MiniOzoneClusterImpl-23b1c32f-a31a-4489-b40e-6d88b61ad76b/datanode-0/data/ratis] (custom)
2019-09-20 14:32:56,385 [pool-27-thread-1] INFO  storage.RaftStorageDirectory (RaftStorageDirectory.java:analyzeStorage(246)) - The storage directory /workdir/hadoop-ozone/tools/target/test-dir/MiniOzoneClusterImpl-23b1c32f-a31a-4489-b40e-6d88b61ad76b/datanode-0/data/ratis/20f0c9a8-8909-4faf-a753-f190725b945a does not exist. Creating ...
2019-09-20 14:32:56,412 [pool-27-thread-1] INFO  storage.RaftStorageDirectory (RaftStorageDirectory.java:tryLock(328)) - Lock on /workdir/hadoop-ozone/tools/target/test-dir/MiniOzoneClusterImpl-23b1c32f-a31a-4489-b40e-6d88b61ad76b/datanode-0/data/ratis/20f0c9a8-8909-4faf-a753-f190725b945a/in_use.lock acquired by nodename 1294@pr-hdds-1569-p5fx8-1226042367
2019-09-20 14:32:56,430 [pool-27-thread-1] INFO  storage.RaftStorage (RaftStorage.java:format(72)) - Storage directory /workdir/hadoop-ozone/tools/target/test-dir/MiniOzoneClusterImpl-23b1c32f-a31a-4489-b40e-6d88b61ad76b/datanode-0/data/ratis/20f0c9a8-8909-4faf-a753-f190725b945a has been successfully formatted.
2019-09-20 14:32:56,431 [pool-27-thread-1] INFO  ratis.ContainerStateMachine (ContainerStateMachine.java:loadSnapshot(226)) - group-F190725B945A: The snapshot info is null. Setting the last applied indexto:(t:0, i:~)
2019-09-20 14:32:56,431 [pool-27-thread-1] INFO  server.RaftServerConfigKeys (ConfUtils.java:logGet(43)) - raft.server.leader.election.timeout = 120s (custom)
2019-09-20 14:32:56,431 [pool-27-thread-1] INFO  server.RaftServerConfigKeys (ConfUtils.java:logGet(43)) - raft.server.log.use.memory = false (default)
2019-09-20 14:32:56,431 [pool-27-thread-1] INFO  server.RaftServerConfigKeys (ConfUtils.java:logGet(43)) - raft.server.log.purge.gap = 1000000 (custom)
2019-09-20 14:32:56,432 [pool-27-thread-1] INFO  server.RaftServerConfigKeys (ConfUtils.java:logGet(43)) - raft.server.log.appender.buffer.byte-limit = 33554432 (custom)
2019-09-20 14:32:56,432 [pool-27-thread-1] INFO  server.RaftServerConfigKeys (ConfUtils.java:logGet(43)) - raft.server.log.segment.size.max = 1048576 (custom)
2019-09-20 14:32:56,432 [pool-27-thread-1] INFO  server.RaftServerConfigKeys (ConfUtils.java:logGet(43)) - raft.server.log.segment.cache.num.max = 2 (custom)
2019-09-20 14:32:56,432 [pool-27-thread-1] INFO  segmented.SegmentedRaftLogWorker (SegmentedRaftLogWorker.java:<init>(172)) - new 0394b375-5707-4111-b314-9512f0d16dd1-SegmentedRaftLogWorker:Storage Directory /workdir/hadoop-ozone/tools/target/test-dir/MiniOzoneClusterImpl-23b1c32f-a31a-4489-b40e-6d88b61ad76b/datanode-0/data/ratis/20f0c9a8-8909-4faf-a753-f190725b945a for RaftStorage:Storage Directory /workdir/hadoop-ozone/tools/target/test-dir/MiniOzoneClusterImpl-23b1c32f-a31a-4489-b40e-6d88b61ad76b/datanode-0/data/ratis/20f0c9a8-8909-4faf-a753-f190725b945a
2019-09-20 14:32:56,432 [pool-27-thread-1] INFO  server.RaftServerConfigKeys (ConfUtils.java:logGet(43)) - raft.server.log.queue.byte-limit = 2147483647 (custom)
2019-09-20 14:32:56,433 [pool-27-thread-1] INFO  server.RaftServerConfigKeys (ConfUtils.java:logGet(43)) - raft.server.log.queue.element-limit = 1024 (custom)
2019-09-20 14:32:56,433 [pool-27-thread-1] INFO  server.RaftServerConfigKeys (ConfUtils.java:logGet(43)) - raft.server.log.segment.size.max = 1048576 (custom)
2019-09-20 14:32:56,433 [pool-27-thread-1] INFO  server.RaftServerConfigKeys (ConfUtils.java:logGet(43)) - raft.server.log.preallocated.size = 16384 (custom)
2019-09-20 14:32:56,433 [pool-27-thread-1] INFO  server.RaftServerConfigKeys (ConfUtils.java:logGet(43)) - raft.server.log.write.buffer.size = 33554432 (custom)
2019-09-20 14:32:56,433 [pool-27-thread-1] INFO  server.RaftServerConfigKeys (ConfUtils.java:logGet(43)) - raft.server.log.force.sync.num = 128 (default)
2019-09-20 14:32:56,433 [pool-27-thread-1] INFO  server.RaftServerConfigKeys (ConfUtils.java:logGet(43)) - raft.server.log.statemachine.data.sync = true (default)
2019-09-20 14:32:56,434 [pool-27-thread-1] INFO  server.RaftServerConfigKeys (ConfUtils.java:logGet(43)) - raft.server.log.statemachine.data.sync.timeout = 10s (default)
2019-09-20 14:32:56,434 [pool-27-thread-1] INFO  server.RaftServerConfigKeys (ConfUtils.java:logGet(43)) - raft.server.log.statemachine.data.sync.timeout.retry = -1 (default)
2019-09-20 14:32:56,434 [pool-27-thread-1] INFO  server.RaftServerConfigKeys (ConfUtils.java:logGet(43)) - raft.server.log.statemachine.data.caching.enabled = true (custom)
2019-09-20 14:32:56,434 [pool-27-thread-1] INFO  segmented.SegmentedRaftLogWorker (SegmentedRaftLogWorker.java:lambda$new$0(132)) - 0394b375-5707-4111-b314-9512f0d16dd1-SegmentedRaftLogWorker:Storage Directory /workdir/hadoop-ozone/tools/target/test-dir/MiniOzoneClusterImpl-23b1c32f-a31a-4489-b40e-6d88b61ad76b/datanode-0/data/ratis/20f0c9a8-8909-4faf-a753-f190725b945a: flushIndex: setUnconditionally 0 -> -1
2019-09-20 14:32:56,435 [pool-27-thread-1] INFO  server.RaftServerConfigKeys (ConfUtils.java:logGet(43)) - raft.server.snapshot.auto.trigger.enabled = true (custom)
2019-09-20 14:32:56,435 [pool-27-thread-1] INFO  server.RaftServerConfigKeys (ConfUtils.java:logGet(43)) - raft.server.snapshot.auto.trigger.threshold = 10000 (custom)
2019-09-20 14:32:56,435 [pool-27-thread-1] INFO  server.RaftServerConfigKeys (ConfUtils.java:logGet(43)) - raft.server.retrycache.expirytime = 600000ms (custom)
2019-09-20 14:32:56,435 [pool-27-thread-1] INFO  impl.RaftServerImpl (RaftServerImpl.java:start(180)) - 0394b375-5707-4111-b314-9512f0d16dd1: start group-F190725B945A
2019-09-20 14:32:56,435 [pool-27-thread-1] INFO  impl.RaftServerImpl (RaftServerImpl.java:setRole(171)) - 0394b375-5707-4111-b314-9512f0d16dd1:group-F190725B945A changes role from null to FOLLOWER at term 0 for startAsFollower
2019-09-20 14:32:56,436 [pool-27-thread-1] INFO  impl.RoleInfo (RoleInfo.java:updateAndGet(143)) - 0394b375-5707-4111-b314-9512f0d16dd1: start FollowerState
2019-09-20 14:32:56,436 [pool-27-thread-1] INFO  util.JmxRegister (JmxRegister.java:tryRegister(44)) - Successfully registered JMX Bean with object name Ratis:service=RaftServer,group=group-F190725B945A,id=0394b375-5707-4111-b314-9512f0d16dd1
2019-09-20 14:32:56,448 [RatisPipelineUtilsThread] INFO  pipeline.PipelineStateManager (PipelineStateManager.java:addPipeline(56)) - Created pipeline Pipeline[ Id: 20f0c9a8-8909-4faf-a753-f190725b945a, Nodes: 0394b375-5707-4111-b314-9512f0d16dd1{ip: 192.168.36.99, host: pr-hdds-1569-p5fx8-1226042367, networkLocation: /default-rack, certSerialId: null}, Type:RATIS, Factor:ONE, State:OPEN]
2019-09-20 14:32:56,470 [grpc-default-executor-1] INFO  impl.RaftServerProxy (RaftServerProxy.java:addNew(89)) - 0394b375-5707-4111-b314-9512f0d16dd1: addNew group-AE4DC7E861A7:[0394b375-5707-4111-b314-9512f0d16dd1:192.168.36.99:45775] returns group-AE4DC7E861A7:java.util.concurrent.CompletableFuture@7e170cc1[Not completed]
2019-09-20 14:32:56,472 [pool-27-thread-1] INFO  impl.RaftServerImpl (RaftServerImpl.java:<init>(93)) - 0394b375-5707-4111-b314-9512f0d16dd1: new RaftServerImpl for group-AE4DC7E861A7:[0394b375-5707-4111-b314-9512f0d16dd1:192.168.36.99:45775] with ContainerStateMachine:uninitialized
2019-09-20 14:32:56,472 [pool-27-thread-1] INFO  server.RaftServerConfigKeys (ConfUtils.java:logGet(43)) - raft.server.rpc.timeout.min = 5s (custom)
2019-09-20 14:32:56,472 [pool-27-thread-1] INFO  server.RaftServerConfigKeys (ConfUtils.java:logGet(43)) - raft.server.rpc.timeout.max = 5200ms (custom)
2019-09-20 14:32:56,472 [pool-27-thread-1] INFO  server.RaftServerConfigKeys (ConfUtils.java:logGet(43)) - raft.server.rpcslowness.timeout = 120s (custom)
2019-09-20 14:32:56,472 [pool-27-thread-1] INFO  server.RaftServerConfigKeys (ConfUtils.java:logGet(43)) - raft.server.sleep.deviation.threshold = 300 (default)
2019-09-20 14:32:56,473 [pool-27-thread-1] INFO  server.RaftServerConfigKeys (ConfUtils.java:logGet(43)) - raft.server.log.appender.install.snapshot.enabled = false (custom)
2019-09-20 14:32:56,473 [pool-27-thread-1] INFO  impl.RaftServerImpl (ServerState.java:<init>(105)) - 0394b375-5707-4111-b314-9512f0d16dd1:group-AE4DC7E861A7 ConfigurationManager, init=-1: [0394b375-5707-4111-b314-9512f0d16dd1:192.168.36.99:45775], old=null, confs=<EMPTY_MAP>
2019-09-20 14:32:56,473 [pool-27-thread-1] INFO  server.RaftServerConfigKeys (ConfUtils.java:logGet(43)) - raft.server.storage.dir = [/workdir/hadoop-ozone/tools/target/test-dir/MiniOzoneClusterImpl-23b1c32f-a31a-4489-b40e-6d88b61ad76b/datanode-0/data/ratis] (custom)
2019-09-20 14:32:56,473 [main] INFO  ozone.MiniOzoneClusterImpl (MiniOzoneClusterImpl.java:lambda$waitForClusterToBeReady$0(142)) - Cluster is ready. Got 3 of 3 DN Heartbeats.
2019-09-20 14:32:56,474 [pool-27-thread-1] INFO  storage.RaftStorageDirectory (RaftStorageDirectory.java:analyzeStorage(246)) - The storage directory /workdir/hadoop-ozone/tools/target/test-dir/MiniOzoneClusterImpl-23b1c32f-a31a-4489-b40e-6d88b61ad76b/datanode-0/data/ratis/762b9b45-9e2d-48d4-9f1f-ae4dc7e861a7 does not exist. Creating ...
2019-09-20 14:32:56,497 [pool-27-thread-1] INFO  storage.RaftStorageDirectory (RaftStorageDirectory.java:tryLock(328)) - Lock on /workdir/hadoop-ozone/tools/target/test-dir/MiniOzoneClusterImpl-23b1c32f-a31a-4489-b40e-6d88b61ad76b/datanode-0/data/ratis/762b9b45-9e2d-48d4-9f1f-ae4dc7e861a7/in_use.lock acquired by nodename 1294@pr-hdds-1569-p5fx8-1226042367
2019-09-20 14:32:56,514 [pool-27-thread-1] INFO  storage.RaftStorage (RaftStorage.java:format(72)) - Storage directory /workdir/hadoop-ozone/tools/target/test-dir/MiniOzoneClusterImpl-23b1c32f-a31a-4489-b40e-6d88b61ad76b/datanode-0/data/ratis/762b9b45-9e2d-48d4-9f1f-ae4dc7e861a7 has been successfully formatted.
2019-09-20 14:32:56,515 [pool-27-thread-1] INFO  ratis.ContainerStateMachine (ContainerStateMachine.java:loadSnapshot(226)) - group-AE4DC7E861A7: The snapshot info is null. Setting the last applied indexto:(t:0, i:~)
2019-09-20 14:32:56,515 [pool-27-thread-1] INFO  server.RaftServerConfigKeys (ConfUtils.java:logGet(43)) - raft.server.leader.election.timeout = 120s (custom)
2019-09-20 14:32:56,515 [pool-27-thread-1] INFO  server.RaftServerConfigKeys (ConfUtils.java:logGet(43)) - raft.server.log.use.memory = false (default)
2019-09-20 14:32:56,516 [pool-27-thread-1] INFO  server.RaftServerConfigKeys (ConfUtils.java:logGet(43)) - raft.server.log.purge.gap = 1000000 (custom)
2019-09-20 14:32:56,516 [pool-27-thread-1] INFO  server.RaftServerConfigKeys (ConfUtils.java:logGet(43)) - raft.server.log.appender.buffer.byte-limit = 33554432 (custom)
2019-09-20 14:32:56,516 [pool-27-thread-1] INFO  server.RaftServerConfigKeys (ConfUtils.java:logGet(43)) - raft.server.log.segment.size.max = 1048576 (custom)
2019-09-20 14:32:56,516 [pool-27-thread-1] INFO  server.RaftServerConfigKeys (ConfUtils.java:logGet(43)) - raft.server.log.segment.cache.num.max = 2 (custom)
2019-09-20 14:32:56,516 [pool-27-thread-1] INFO  segmented.SegmentedRaftLogWorker (SegmentedRaftLogWorker.java:<init>(172)) - new 0394b375-5707-4111-b314-9512f0d16dd1-SegmentedRaftLogWorker:Storage Directory /workdir/hadoop-ozone/tools/target/test-dir/MiniOzoneClusterImpl-23b1c32f-a31a-4489-b40e-6d88b61ad76b/datanode-0/data/ratis/762b9b45-9e2d-48d4-9f1f-ae4dc7e861a7 for RaftStorage:Storage Directory /workdir/hadoop-ozone/tools/target/test-dir/MiniOzoneClusterImpl-23b1c32f-a31a-4489-b40e-6d88b61ad76b/datanode-0/data/ratis/762b9b45-9e2d-48d4-9f1f-ae4dc7e861a7
2019-09-20 14:32:56,517 [pool-27-thread-1] INFO  server.RaftServerConfigKeys (ConfUtils.java:logGet(43)) - raft.server.log.queue.byte-limit = 2147483647 (custom)
2019-09-20 14:32:56,517 [pool-27-thread-1] INFO  server.RaftServerConfigKeys (ConfUtils.java:logGet(43)) - raft.server.log.queue.element-limit = 1024 (custom)
2019-09-20 14:32:56,517 [pool-27-thread-1] INFO  server.RaftServerConfigKeys (ConfUtils.java:logGet(43)) - raft.server.log.segment.size.max = 1048576 (custom)
2019-09-20 14:32:56,517 [pool-27-thread-1] INFO  server.RaftServerConfigKeys (ConfUtils.java:logGet(43)) - raft.server.log.preallocated.size = 16384 (custom)
2019-09-20 14:32:56,517 [pool-27-thread-1] INFO  server.RaftServerConfigKeys (ConfUtils.java:logGet(43)) - raft.server.log.write.buffer.size = 33554432 (custom)
2019-09-20 14:32:56,518 [pool-27-thread-1] INFO  server.RaftServerConfigKeys (ConfUtils.java:logGet(43)) - raft.server.log.force.sync.num = 128 (default)
2019-09-20 14:32:56,518 [pool-27-thread-1] INFO  server.RaftServerConfigKeys (ConfUtils.java:logGet(43)) - raft.server.log.statemachine.data.sync = true (default)
2019-09-20 14:32:56,518 [pool-27-thread-1] INFO  server.RaftServerConfigKeys (ConfUtils.java:logGet(43)) - raft.server.log.statemachine.data.sync.timeout = 10s (default)
2019-09-20 14:32:56,518 [pool-27-thread-1] INFO  server.RaftServerConfigKeys (ConfUtils.java:logGet(43)) - raft.server.log.statemachine.data.sync.timeout.retry = -1 (default)
2019-09-20 14:32:56,519 [pool-27-thread-1] INFO  server.RaftServerConfigKeys (ConfUtils.java:logGet(43)) - raft.server.log.statemachine.data.caching.enabled = true (custom)
2019-09-20 14:32:56,519 [pool-27-thread-1] INFO  segmented.SegmentedRaftLogWorker (SegmentedRaftLogWorker.java:lambda$new$0(132)) - 0394b375-5707-4111-b314-9512f0d16dd1-SegmentedRaftLogWorker:Storage Directory /workdir/hadoop-ozone/tools/target/test-dir/MiniOzoneClusterImpl-23b1c32f-a31a-4489-b40e-6d88b61ad76b/datanode-0/data/ratis/762b9b45-9e2d-48d4-9f1f-ae4dc7e861a7: flushIndex: setUnconditionally 0 -> -1
2019-09-20 14:32:56,519 [pool-27-thread-1] INFO  server.RaftServerConfigKeys (ConfUtils.java:logGet(43)) - raft.server.snapshot.auto.trigger.enabled = true (custom)
2019-09-20 14:32:56,520 [pool-27-thread-1] INFO  server.RaftServerConfigKeys (ConfUtils.java:logGet(43)) - raft.server.snapshot.auto.trigger.threshold = 10000 (custom)
2019-09-20 14:32:56,520 [pool-27-thread-1] INFO  server.RaftServerConfigKeys (ConfUtils.java:logGet(43)) - raft.server.retrycache.expirytime = 600000ms (custom)
2019-09-20 14:32:56,520 [pool-27-thread-1] INFO  impl.RaftServerImpl (RaftServerImpl.java:start(180)) - 0394b375-5707-4111-b314-9512f0d16dd1: start group-AE4DC7E861A7
2019-09-20 14:32:56,520 [pool-27-thread-1] INFO  impl.RaftServerImpl (RaftServerImpl.java:setRole(171)) - 0394b375-5707-4111-b314-9512f0d16dd1:group-AE4DC7E861A7 changes role from null to FOLLOWER at term 0 for startAsFollower
2019-09-20 14:32:56,521 [pool-27-thread-1] INFO  impl.RoleInfo (RoleInfo.java:updateAndGet(143)) - 0394b375-5707-4111-b314-9512f0d16dd1: start FollowerState
2019-09-20 14:32:56,521 [pool-27-thread-1] INFO  util.JmxRegister (JmxRegister.java:tryRegister(44)) - Successfully registered JMX Bean with object name Ratis:service=RaftServer,group=group-AE4DC7E861A7,id=0394b375-5707-4111-b314-9512f0d16dd1
2019-09-20 14:32:56,537 [RatisPipelineUtilsThread] INFO  pipeline.PipelineStateManager (PipelineStateManager.java:addPipeline(56)) - Created pipeline Pipeline[ Id: 762b9b45-9e2d-48d4-9f1f-ae4dc7e861a7, Nodes: 0394b375-5707-4111-b314-9512f0d16dd1{ip: 192.168.36.99, host: pr-hdds-1569-p5fx8-1226042367, networkLocation: /default-rack, certSerialId: null}, Type:RATIS, Factor:ONE, State:OPEN]
2019-09-20 14:32:56,566 [grpc-default-executor-1] INFO  impl.RaftServerProxy (RaftServerProxy.java:addNew(89)) - 7cf0c8ed-5ec1-4ccf-8169-28a1425388dc: addNew group-8E2BD9963266:[7cf0c8ed-5ec1-4ccf-8169-28a1425388dc:192.168.36.99:36950] returns group-8E2BD9963266:java.util.concurrent.CompletableFuture@31ede748[Not completed]
2019-09-20 14:32:56,568 [pool-38-thread-1] INFO  impl.RaftServerImpl (RaftServerImpl.java:<init>(93)) - 7cf0c8ed-5ec1-4ccf-8169-28a1425388dc: new RaftServerImpl for group-8E2BD9963266:[7cf0c8ed-5ec1-4ccf-8169-28a1425388dc:192.168.36.99:36950] with ContainerStateMachine:uninitialized
2019-09-20 14:32:56,569 [pool-38-thread-1] INFO  server.RaftServerConfigKeys (ConfUtils.java:logGet(43)) - raft.server.rpc.timeout.min = 5s (custom)
2019-09-20 14:32:56,570 [pool-38-thread-1] INFO  server.RaftServerConfigKeys (ConfUtils.java:logGet(43)) - raft.server.rpc.timeout.max = 5200ms (custom)
2019-09-20 14:32:56,570 [pool-38-thread-1] INFO  server.RaftServerConfigKeys (ConfUtils.java:logGet(43)) - raft.server.rpcslowness.timeout = 120s (custom)
2019-09-20 14:32:56,570 [pool-38-thread-1] INFO  server.RaftServerConfigKeys (ConfUtils.java:logGet(43)) - raft.server.sleep.deviation.threshold = 300 (default)
2019-09-20 14:32:56,570 [pool-38-thread-1] INFO  server.RaftServerConfigKeys (ConfUtils.java:logGet(43)) - raft.server.log.appender.install.snapshot.enabled = false (custom)
2019-09-20 14:32:56,570 [pool-38-thread-1] INFO  impl.RaftServerImpl (ServerState.java:<init>(105)) - 7cf0c8ed-5ec1-4ccf-8169-28a1425388dc:group-8E2BD9963266 ConfigurationManager, init=-1: [7cf0c8ed-5ec1-4ccf-8169-28a1425388dc:192.168.36.99:36950], old=null, confs=<EMPTY_MAP>
2019-09-20 14:32:56,571 [pool-38-thread-1] INFO  server.RaftServerConfigKeys (ConfUtils.java:logGet(43)) - raft.server.storage.dir = [/workdir/hadoop-ozone/tools/target/test-dir/MiniOzoneClusterImpl-23b1c32f-a31a-4489-b40e-6d88b61ad76b/datanode-1/data/ratis] (custom)
2019-09-20 14:32:56,571 [pool-38-thread-1] INFO  storage.RaftStorageDirectory (RaftStorageDirectory.java:analyzeStorage(246)) - The storage directory /workdir/hadoop-ozone/tools/target/test-dir/MiniOzoneClusterImpl-23b1c32f-a31a-4489-b40e-6d88b61ad76b/datanode-1/data/ratis/b08b4428-4ef7-4ec5-83d9-8e2bd9963266 does not exist. Creating ...
2019-09-20 14:32:56,590 [pool-38-thread-1] INFO  storage.RaftStorageDirectory (RaftStorageDirectory.java:tryLock(328)) - Lock on /workdir/hadoop-ozone/tools/target/test-dir/MiniOzoneClusterImpl-23b1c32f-a31a-4489-b40e-6d88b61ad76b/datanode-1/data/ratis/b08b4428-4ef7-4ec5-83d9-8e2bd9963266/in_use.lock acquired by nodename 1294@pr-hdds-1569-p5fx8-1226042367
2019-09-20 14:32:56,632 [pool-38-thread-1] INFO  storage.RaftStorage (RaftStorage.java:format(72)) - Storage directory /workdir/hadoop-ozone/tools/target/test-dir/MiniOzoneClusterImpl-23b1c32f-a31a-4489-b40e-6d88b61ad76b/datanode-1/data/ratis/b08b4428-4ef7-4ec5-83d9-8e2bd9963266 has been successfully formatted.
2019-09-20 14:32:56,632 [pool-38-thread-1] INFO  ratis.ContainerStateMachine (ContainerStateMachine.java:loadSnapshot(226)) - group-8E2BD9963266: The snapshot info is null. Setting the last applied indexto:(t:0, i:~)
2019-09-20 14:32:56,633 [pool-38-thread-1] INFO  server.RaftServerConfigKeys (ConfUtils.java:logGet(43)) - raft.server.leader.election.timeout = 120s (custom)
2019-09-20 14:32:56,633 [pool-38-thread-1] INFO  server.RaftServerConfigKeys (ConfUtils.java:logGet(43)) - raft.server.log.use.memory = false (default)
2019-09-20 14:32:56,633 [pool-38-thread-1] INFO  server.RaftServerConfigKeys (ConfUtils.java:logGet(43)) - raft.server.log.purge.gap = 1000000 (custom)
2019-09-20 14:32:56,633 [pool-38-thread-1] INFO  server.RaftServerConfigKeys (ConfUtils.java:logGet(43)) - raft.server.log.appender.buffer.byte-limit = 33554432 (custom)
2019-09-20 14:32:56,633 [pool-38-thread-1] INFO  server.RaftServerConfigKeys (ConfUtils.java:logGet(43)) - raft.server.log.segment.size.max = 1048576 (custom)
2019-09-20 14:32:56,634 [pool-38-thread-1] INFO  server.RaftServerConfigKeys (ConfUtils.java:logGet(43)) - raft.server.log.segment.cache.num.max = 2 (custom)
2019-09-20 14:32:56,634 [pool-38-thread-1] INFO  segmented.SegmentedRaftLogWorker (SegmentedRaftLogWorker.java:<init>(172)) - new 7cf0c8ed-5ec1-4ccf-8169-28a1425388dc-SegmentedRaftLogWorker:Storage Directory /workdir/hadoop-ozone/tools/target/test-dir/MiniOzoneClusterImpl-23b1c32f-a31a-4489-b40e-6d88b61ad76b/datanode-1/data/ratis/b08b4428-4ef7-4ec5-83d9-8e2bd9963266 for RaftStorage:Storage Directory /workdir/hadoop-ozone/tools/target/test-dir/MiniOzoneClusterImpl-23b1c32f-a31a-4489-b40e-6d88b61ad76b/datanode-1/data/ratis/b08b4428-4ef7-4ec5-83d9-8e2bd9963266
2019-09-20 14:32:56,634 [pool-38-thread-1] INFO  server.RaftServerConfigKeys (ConfUtils.java:logGet(43)) - raft.server.log.queue.byte-limit = 2147483647 (custom)
2019-09-20 14:32:56,634 [pool-38-thread-1] INFO  server.RaftServerConfigKeys (ConfUtils.java:logGet(43)) - raft.server.log.queue.element-limit = 1024 (custom)
2019-09-20 14:32:56,635 [pool-38-thread-1] INFO  server.RaftServerConfigKeys (ConfUtils.java:logGet(43)) - raft.server.log.segment.size.max = 1048576 (custom)
2019-09-20 14:32:56,635 [pool-38-thread-1] INFO  server.RaftServerConfigKeys (ConfUtils.java:logGet(43)) - raft.server.log.preallocated.size = 16384 (custom)
2019-09-20 14:32:56,635 [pool-38-thread-1] INFO  server.RaftServerConfigKeys (ConfUtils.java:logGet(43)) - raft.server.log.write.buffer.size = 33554432 (custom)
2019-09-20 14:32:56,635 [pool-38-thread-1] INFO  server.RaftServerConfigKeys (ConfUtils.java:logGet(43)) - raft.server.log.force.sync.num = 128 (default)
2019-09-20 14:32:56,636 [pool-38-thread-1] INFO  server.RaftServerConfigKeys (ConfUtils.java:logGet(43)) - raft.server.log.statemachine.data.sync = true (default)
2019-09-20 14:32:56,636 [pool-38-thread-1] INFO  server.RaftServerConfigKeys (ConfUtils.java:logGet(43)) - raft.server.log.statemachine.data.sync.timeout = 10s (default)
2019-09-20 14:32:56,636 [pool-38-thread-1] INFO  server.RaftServerConfigKeys (ConfUtils.java:logGet(43)) - raft.server.log.statemachine.data.sync.timeout.retry = -1 (default)
2019-09-20 14:32:56,636 [pool-38-thread-1] INFO  server.RaftServerConfigKeys (ConfUtils.java:logGet(43)) - raft.server.log.statemachine.data.caching.enabled = true (custom)
2019-09-20 14:32:56,637 [pool-38-thread-1] INFO  segmented.SegmentedRaftLogWorker (SegmentedRaftLogWorker.java:lambda$new$0(132)) - 7cf0c8ed-5ec1-4ccf-8169-28a1425388dc-SegmentedRaftLogWorker:Storage Directory /workdir/hadoop-ozone/tools/target/test-dir/MiniOzoneClusterImpl-23b1c32f-a31a-4489-b40e-6d88b61ad76b/datanode-1/data/ratis/b08b4428-4ef7-4ec5-83d9-8e2bd9963266: flushIndex: setUnconditionally 0 -> -1
2019-09-20 14:32:56,637 [pool-38-thread-1] INFO  server.RaftServerConfigKeys (ConfUtils.java:logGet(43)) - raft.server.snapshot.auto.trigger.enabled = true (custom)
2019-09-20 14:32:56,637 [pool-38-thread-1] INFO  server.RaftServerConfigKeys (ConfUtils.java:logGet(43)) - raft.server.snapshot.auto.trigger.threshold = 10000 (custom)
2019-09-20 14:32:56,638 [pool-38-thread-1] INFO  server.RaftServerConfigKeys (ConfUtils.java:logGet(43)) - raft.server.retrycache.expirytime = 600000ms (custom)
2019-09-20 14:32:56,638 [pool-38-thread-1] INFO  impl.RaftServerImpl (RaftServerImpl.java:start(180)) - 7cf0c8ed-5ec1-4ccf-8169-28a1425388dc: start group-8E2BD9963266
2019-09-20 14:32:56,638 [pool-38-thread-1] INFO  impl.RaftServerImpl (RaftServerImpl.java:setRole(171)) - 7cf0c8ed-5ec1-4ccf-8169-28a1425388dc:group-8E2BD9963266 changes role from null to FOLLOWER at term 0 for startAsFollower
2019-09-20 14:32:56,638 [pool-38-thread-1] INFO  impl.RoleInfo (RoleInfo.java:updateAndGet(143)) - 7cf0c8ed-5ec1-4ccf-8169-28a1425388dc: start FollowerState
2019-09-20 14:32:56,639 [pool-38-thread-1] INFO  util.JmxRegister (JmxRegister.java:tryRegister(44)) - Successfully registered JMX Bean with object name Ratis:service=RaftServer,group=group-8E2BD9963266,id=7cf0c8ed-5ec1-4ccf-8169-28a1425388dc
2019-09-20 14:32:56,654 [RatisPipelineUtilsThread] INFO  pipeline.PipelineStateManager (PipelineStateManager.java:addPipeline(56)) - Created pipeline Pipeline[ Id: b08b4428-4ef7-4ec5-83d9-8e2bd9963266, Nodes: 7cf0c8ed-5ec1-4ccf-8169-28a1425388dc{ip: 192.168.36.99, host: pr-hdds-1569-p5fx8-1226042367, networkLocation: /default-rack, certSerialId: null}, Type:RATIS, Factor:ONE, State:OPEN]
2019-09-20 14:32:56,673 [grpc-default-executor-1] INFO  impl.RaftServerProxy (RaftServerProxy.java:addNew(89)) - 0394b375-5707-4111-b314-9512f0d16dd1: addNew group-F88F8F63C060:[0394b375-5707-4111-b314-9512f0d16dd1:192.168.36.99:45775] returns group-F88F8F63C060:java.util.concurrent.CompletableFuture@96544d[Not completed]
2019-09-20 14:32:56,675 [pool-27-thread-1] INFO  impl.RaftServerImpl (RaftServerImpl.java:<init>(93)) - 0394b375-5707-4111-b314-9512f0d16dd1: new RaftServerImpl for group-F88F8F63C060:[0394b375-5707-4111-b314-9512f0d16dd1:192.168.36.99:45775] with ContainerStateMachine:uninitialized
2019-09-20 14:32:56,675 [pool-27-thread-1] INFO  server.RaftServerConfigKeys (ConfUtils.java:logGet(43)) - raft.server.rpc.timeout.min = 5s (custom)
2019-09-20 14:32:56,675 [pool-27-thread-1] INFO  server.RaftServerConfigKeys (ConfUtils.java:logGet(43)) - raft.server.rpc.timeout.max = 5200ms (custom)
2019-09-20 14:32:56,675 [pool-27-thread-1] INFO  server.RaftServerConfigKeys (ConfUtils.java:logGet(43)) - raft.server.rpcslowness.timeout = 120s (custom)
2019-09-20 14:32:56,676 [pool-27-thread-1] INFO  server.RaftServerConfigKeys (ConfUtils.java:logGet(43)) - raft.server.sleep.deviation.threshold = 300 (default)
2019-09-20 14:32:56,676 [pool-27-thread-1] INFO  server.RaftServerConfigKeys (ConfUtils.java:logGet(43)) - raft.server.log.appender.install.snapshot.enabled = false (custom)
2019-09-20 14:32:56,676 [pool-27-thread-1] INFO  impl.RaftServerImpl (ServerState.java:<init>(105)) - 0394b375-5707-4111-b314-9512f0d16dd1:group-F88F8F63C060 ConfigurationManager, init=-1: [0394b375-5707-4111-b314-9512f0d16dd1:192.168.36.99:45775], old=null, confs=<EMPTY_MAP>
2019-09-20 14:32:56,676 [pool-27-thread-1] INFO  server.RaftServerConfigKeys (ConfUtils.java:logGet(43)) - raft.server.storage.dir = [/workdir/hadoop-ozone/tools/target/test-dir/MiniOzoneClusterImpl-23b1c32f-a31a-4489-b40e-6d88b61ad76b/datanode-0/data/ratis] (custom)
2019-09-20 14:32:56,677 [pool-27-thread-1] INFO  storage.RaftStorageDirectory (RaftStorageDirectory.java:analyzeStorage(246)) - The storage directory /workdir/hadoop-ozone/tools/target/test-dir/MiniOzoneClusterImpl-23b1c32f-a31a-4489-b40e-6d88b61ad76b/datanode-0/data/ratis/a1997402-1b77-412e-b6ff-f88f8f63c060 does not exist. Creating ...
2019-09-20 14:32:56,699 [pool-27-thread-1] INFO  storage.RaftStorageDirectory (RaftStorageDirectory.java:tryLock(328)) - Lock on /workdir/hadoop-ozone/tools/target/test-dir/MiniOzoneClusterImpl-23b1c32f-a31a-4489-b40e-6d88b61ad76b/datanode-0/data/ratis/a1997402-1b77-412e-b6ff-f88f8f63c060/in_use.lock acquired by nodename 1294@pr-hdds-1569-p5fx8-1226042367
2019-09-20 14:32:56,716 [pool-27-thread-1] INFO  storage.RaftStorage (RaftStorage.java:format(72)) - Storage directory /workdir/hadoop-ozone/tools/target/test-dir/MiniOzoneClusterImpl-23b1c32f-a31a-4489-b40e-6d88b61ad76b/datanode-0/data/ratis/a1997402-1b77-412e-b6ff-f88f8f63c060 has been successfully formatted.
2019-09-20 14:32:56,717 [pool-27-thread-1] INFO  ratis.ContainerStateMachine (ContainerStateMachine.java:loadSnapshot(226)) - group-F88F8F63C060: The snapshot info is null. Setting the last applied indexto:(t:0, i:~)
2019-09-20 14:32:56,717 [pool-27-thread-1] INFO  server.RaftServerConfigKeys (ConfUtils.java:logGet(43)) - raft.server.leader.election.timeout = 120s (custom)
2019-09-20 14:32:56,717 [pool-27-thread-1] INFO  server.RaftServerConfigKeys (ConfUtils.java:logGet(43)) - raft.server.log.use.memory = false (default)
2019-09-20 14:32:56,717 [pool-27-thread-1] INFO  server.RaftServerConfigKeys (ConfUtils.java:logGet(43)) - raft.server.log.purge.gap = 1000000 (custom)
2019-09-20 14:32:56,717 [pool-27-thread-1] INFO  server.RaftServerConfigKeys (ConfUtils.java:logGet(43)) - raft.server.log.appender.buffer.byte-limit = 33554432 (custom)
2019-09-20 14:32:56,717 [pool-27-thread-1] INFO  server.RaftServerConfigKeys (ConfUtils.java:logGet(43)) - raft.server.log.segment.size.max = 1048576 (custom)
2019-09-20 14:32:56,717 [pool-27-thread-1] INFO  server.RaftServerConfigKeys (ConfUtils.java:logGet(43)) - raft.server.log.segment.cache.num.max = 2 (custom)
2019-09-20 14:32:56,718 [pool-27-thread-1] INFO  segmented.SegmentedRaftLogWorker (SegmentedRaftLogWorker.java:<init>(172)) - new 0394b375-5707-4111-b314-9512f0d16dd1-SegmentedRaftLogWorker:Storage Directory /workdir/hadoop-ozone/tools/target/test-dir/MiniOzoneClusterImpl-23b1c32f-a31a-4489-b40e-6d88b61ad76b/datanode-0/data/ratis/a1997402-1b77-412e-b6ff-f88f8f63c060 for RaftStorage:Storage Directory /workdir/hadoop-ozone/tools/target/test-dir/MiniOzoneClusterImpl-23b1c32f-a31a-4489-b40e-6d88b61ad76b/datanode-0/data/ratis/a1997402-1b77-412e-b6ff-f88f8f63c060
2019-09-20 14:32:56,718 [pool-27-thread-1] INFO  server.RaftServerConfigKeys (ConfUtils.java:logGet(43)) - raft.server.log.queue.byte-limit = 2147483647 (custom)
2019-09-20 14:32:56,718 [pool-27-thread-1] INFO  server.RaftServerConfigKeys (ConfUtils.java:logGet(43)) - raft.server.log.queue.element-limit = 1024 (custom)
2019-09-20 14:32:56,718 [pool-27-thread-1] INFO  server.RaftServerConfigKeys (ConfUtils.java:logGet(43)) - raft.server.log.segment.size.max = 1048576 (custom)
2019-09-20 14:32:56,718 [pool-27-thread-1] INFO  server.RaftServerConfigKeys (ConfUtils.java:logGet(43)) - raft.server.log.preallocated.size = 16384 (custom)
2019-09-20 14:32:56,718 [pool-27-thread-1] INFO  server.RaftServerConfigKeys (ConfUtils.java:logGet(43)) - raft.server.log.write.buffer.size = 33554432 (custom)
2019-09-20 14:32:56,718 [pool-27-thread-1] INFO  server.RaftServerConfigKeys (ConfUtils.java:logGet(43)) - raft.server.log.force.sync.num = 128 (default)
2019-09-20 14:32:56,719 [pool-27-thread-1] INFO  server.RaftServerConfigKeys (ConfUtils.java:logGet(43)) - raft.server.log.statemachine.data.sync = true (default)
2019-09-20 14:32:56,719 [pool-27-thread-1] INFO  server.RaftServerConfigKeys (ConfUtils.java:logGet(43)) - raft.server.log.statemachine.data.sync.timeout = 10s (default)
2019-09-20 14:32:56,719 [pool-27-thread-1] INFO  server.RaftServerConfigKeys (ConfUtils.java:logGet(43)) - raft.server.log.statemachine.data.sync.timeout.retry = -1 (default)
2019-09-20 14:32:56,719 [pool-27-thread-1] INFO  server.RaftServerConfigKeys (ConfUtils.java:logGet(43)) - raft.server.log.statemachine.data.caching.enabled = true (custom)
2019-09-20 14:32:56,719 [pool-27-thread-1] INFO  segmented.SegmentedRaftLogWorker (SegmentedRaftLogWorker.java:lambda$new$0(132)) - 0394b375-5707-4111-b314-9512f0d16dd1-SegmentedRaftLogWorker:Storage Directory /workdir/hadoop-ozone/tools/target/test-dir/MiniOzoneClusterImpl-23b1c32f-a31a-4489-b40e-6d88b61ad76b/datanode-0/data/ratis/a1997402-1b77-412e-b6ff-f88f8f63c060: flushIndex: setUnconditionally 0 -> -1
2019-09-20 14:32:56,720 [pool-27-thread-1] INFO  server.RaftServerConfigKeys (ConfUtils.java:logGet(43)) - raft.server.snapshot.auto.trigger.enabled = true (custom)
2019-09-20 14:32:56,720 [pool-27-thread-1] INFO  server.RaftServerConfigKeys (ConfUtils.java:logGet(43)) - raft.server.snapshot.auto.trigger.threshold = 10000 (custom)
2019-09-20 14:32:56,720 [pool-27-thread-1] INFO  server.RaftServerConfigKeys (ConfUtils.java:logGet(43)) - raft.server.retrycache.expirytime = 600000ms (custom)
2019-09-20 14:32:56,720 [pool-27-thread-1] INFO  impl.RaftServerImpl (RaftServerImpl.java:start(180)) - 0394b375-5707-4111-b314-9512f0d16dd1: start group-F88F8F63C060
2019-09-20 14:32:56,721 [pool-27-thread-1] INFO  impl.RaftServerImpl (RaftServerImpl.java:setRole(171)) - 0394b375-5707-4111-b314-9512f0d16dd1:group-F88F8F63C060 changes role from null to FOLLOWER at term 0 for startAsFollower
2019-09-20 14:32:56,721 [pool-27-thread-1] INFO  impl.RoleInfo (RoleInfo.java:updateAndGet(143)) - 0394b375-5707-4111-b314-9512f0d16dd1: start FollowerState
2019-09-20 14:32:56,721 [pool-27-thread-1] INFO  util.JmxRegister (JmxRegister.java:tryRegister(44)) - Successfully registered JMX Bean with object name Ratis:service=RaftServer,group=group-F88F8F63C060,id=0394b375-5707-4111-b314-9512f0d16dd1
2019-09-20 14:32:56,731 [RatisPipelineUtilsThread] INFO  pipeline.PipelineStateManager (PipelineStateManager.java:addPipeline(56)) - Created pipeline Pipeline[ Id: a1997402-1b77-412e-b6ff-f88f8f63c060, Nodes: 0394b375-5707-4111-b314-9512f0d16dd1{ip: 192.168.36.99, host: pr-hdds-1569-p5fx8-1226042367, networkLocation: /default-rack, certSerialId: null}, Type:RATIS, Factor:ONE, State:OPEN]
2019-09-20 14:32:56,754 [grpc-default-executor-1] INFO  impl.RaftServerProxy (RaftServerProxy.java:addNew(89)) - b36edb1e-3cc0-4b5f-b286-dd1e32c8dec6: addNew group-F1ADC109B851:[b36edb1e-3cc0-4b5f-b286-dd1e32c8dec6:192.168.36.99:44289] returns group-F1ADC109B851:java.util.concurrent.CompletableFuture@51c21807[Not completed]
2019-09-20 14:32:56,756 [pool-49-thread-1] INFO  impl.RaftServerImpl (RaftServerImpl.java:<init>(93)) - b36edb1e-3cc0-4b5f-b286-dd1e32c8dec6: new RaftServerImpl for group-F1ADC109B851:[b36edb1e-3cc0-4b5f-b286-dd1e32c8dec6:192.168.36.99:44289] with ContainerStateMachine:uninitialized
2019-09-20 14:32:56,756 [pool-49-thread-1] INFO  server.RaftServerConfigKeys (ConfUtils.java:logGet(43)) - raft.server.rpc.timeout.min = 5s (custom)
2019-09-20 14:32:56,756 [pool-49-thread-1] INFO  server.RaftServerConfigKeys (ConfUtils.java:logGet(43)) - raft.server.rpc.timeout.max = 5200ms (custom)
2019-09-20 14:32:56,756 [pool-49-thread-1] INFO  server.RaftServerConfigKeys (ConfUtils.java:logGet(43)) - raft.server.rpcslowness.timeout = 120s (custom)
2019-09-20 14:32:56,756 [pool-49-thread-1] INFO  server.RaftServerConfigKeys (ConfUtils.java:logGet(43)) - raft.server.sleep.deviation.threshold = 300 (default)
2019-09-20 14:32:56,756 [pool-49-thread-1] INFO  server.RaftServerConfigKeys (ConfUtils.java:logGet(43)) - raft.server.log.appender.install.snapshot.enabled = false (custom)
2019-09-20 14:32:56,756 [pool-49-thread-1] INFO  impl.RaftServerImpl (ServerState.java:<init>(105)) - b36edb1e-3cc0-4b5f-b286-dd1e32c8dec6:group-F1ADC109B851 ConfigurationManager, init=-1: [b36edb1e-3cc0-4b5f-b286-dd1e32c8dec6:192.168.36.99:44289], old=null, confs=<EMPTY_MAP>
2019-09-20 14:32:56,756 [pool-49-thread-1] INFO  server.RaftServerConfigKeys (ConfUtils.java:logGet(43)) - raft.server.storage.dir = [/workdir/hadoop-ozone/tools/target/test-dir/MiniOzoneClusterImpl-23b1c32f-a31a-4489-b40e-6d88b61ad76b/datanode-2/data/ratis] (custom)
2019-09-20 14:32:56,757 [pool-49-thread-1] INFO  storage.RaftStorageDirectory (RaftStorageDirectory.java:analyzeStorage(246)) - The storage directory /workdir/hadoop-ozone/tools/target/test-dir/MiniOzoneClusterImpl-23b1c32f-a31a-4489-b40e-6d88b61ad76b/datanode-2/data/ratis/96624f78-5d05-48d3-a0ef-f1adc109b851 does not exist. Creating ...
2019-09-20 14:32:56,775 [pool-49-thread-1] INFO  storage.RaftStorageDirectory (RaftStorageDirectory.java:tryLock(328)) - Lock on /workdir/hadoop-ozone/tools/target/test-dir/MiniOzoneClusterImpl-23b1c32f-a31a-4489-b40e-6d88b61ad76b/datanode-2/data/ratis/96624f78-5d05-48d3-a0ef-f1adc109b851/in_use.lock acquired by nodename 1294@pr-hdds-1569-p5fx8-1226042367
2019-09-20 14:32:56,800 [pool-49-thread-1] INFO  storage.RaftStorage (RaftStorage.java:format(72)) - Storage directory /workdir/hadoop-ozone/tools/target/test-dir/MiniOzoneClusterImpl-23b1c32f-a31a-4489-b40e-6d88b61ad76b/datanode-2/data/ratis/96624f78-5d05-48d3-a0ef-f1adc109b851 has been successfully formatted.
2019-09-20 14:32:56,801 [pool-49-thread-1] INFO  ratis.ContainerStateMachine (ContainerStateMachine.java:loadSnapshot(226)) - group-F1ADC109B851: The snapshot info is null. Setting the last applied indexto:(t:0, i:~)
2019-09-20 14:32:56,801 [pool-49-thread-1] INFO  server.RaftServerConfigKeys (ConfUtils.java:logGet(43)) - raft.server.leader.election.timeout = 120s (custom)
2019-09-20 14:32:56,801 [pool-49-thread-1] INFO  server.RaftServerConfigKeys (ConfUtils.java:logGet(43)) - raft.server.log.use.memory = false (default)
2019-09-20 14:32:56,802 [pool-49-thread-1] INFO  server.RaftServerConfigKeys (ConfUtils.java:logGet(43)) - raft.server.log.purge.gap = 1000000 (custom)
2019-09-20 14:32:56,802 [pool-49-thread-1] INFO  server.RaftServerConfigKeys (ConfUtils.java:logGet(43)) - raft.server.log.appender.buffer.byte-limit = 33554432 (custom)
2019-09-20 14:32:56,802 [pool-49-thread-1] INFO  server.RaftServerConfigKeys (ConfUtils.java:logGet(43)) - raft.server.log.segment.size.max = 1048576 (custom)
2019-09-20 14:32:56,802 [pool-49-thread-1] INFO  server.RaftServerConfigKeys (ConfUtils.java:logGet(43)) - raft.server.log.segment.cache.num.max = 2 (custom)
2019-09-20 14:32:56,802 [pool-49-thread-1] INFO  segmented.SegmentedRaftLogWorker (SegmentedRaftLogWorker.java:<init>(172)) - new b36edb1e-3cc0-4b5f-b286-dd1e32c8dec6-SegmentedRaftLogWorker:Storage Directory /workdir/hadoop-ozone/tools/target/test-dir/MiniOzoneClusterImpl-23b1c32f-a31a-4489-b40e-6d88b61ad76b/datanode-2/data/ratis/96624f78-5d05-48d3-a0ef-f1adc109b851 for RaftStorage:Storage Directory /workdir/hadoop-ozone/tools/target/test-dir/MiniOzoneClusterImpl-23b1c32f-a31a-4489-b40e-6d88b61ad76b/datanode-2/data/ratis/96624f78-5d05-48d3-a0ef-f1adc109b851
2019-09-20 14:32:56,803 [pool-49-thread-1] INFO  server.RaftServerConfigKeys (ConfUtils.java:logGet(43)) - raft.server.log.queue.byte-limit = 2147483647 (custom)
2019-09-20 14:32:56,803 [pool-49-thread-1] INFO  server.RaftServerConfigKeys (ConfUtils.java:logGet(43)) - raft.server.log.queue.element-limit = 1024 (custom)
2019-09-20 14:32:56,803 [pool-49-thread-1] INFO  server.RaftServerConfigKeys (ConfUtils.java:logGet(43)) - raft.server.log.segment.size.max = 1048576 (custom)
2019-09-20 14:32:56,803 [pool-49-thread-1] INFO  server.RaftServerConfigKeys (ConfUtils.java:logGet(43)) - raft.server.log.preallocated.size = 16384 (custom)
2019-09-20 14:32:56,803 [pool-49-thread-1] INFO  server.RaftServerConfigKeys (ConfUtils.java:logGet(43)) - raft.server.log.write.buffer.size = 33554432 (custom)
2019-09-20 14:32:56,804 [pool-49-thread-1] INFO  server.RaftServerConfigKeys (ConfUtils.java:logGet(43)) - raft.server.log.force.sync.num = 128 (default)
2019-09-20 14:32:56,804 [pool-49-thread-1] INFO  server.RaftServerConfigKeys (ConfUtils.java:logGet(43)) - raft.server.log.statemachine.data.sync = true (default)
2019-09-20 14:32:56,804 [pool-49-thread-1] INFO  server.RaftServerConfigKeys (ConfUtils.java:logGet(43)) - raft.server.log.statemachine.data.sync.timeout = 10s (default)
2019-09-20 14:32:56,804 [pool-49-thread-1] INFO  server.RaftServerConfigKeys (ConfUtils.java:logGet(43)) - raft.server.log.statemachine.data.sync.timeout.retry = -1 (default)
2019-09-20 14:32:56,804 [pool-49-thread-1] INFO  server.RaftServerConfigKeys (ConfUtils.java:logGet(43)) - raft.server.log.statemachine.data.caching.enabled = true (custom)
2019-09-20 14:32:56,805 [pool-49-thread-1] INFO  segmented.SegmentedRaftLogWorker (SegmentedRaftLogWorker.java:lambda$new$0(132)) - b36edb1e-3cc0-4b5f-b286-dd1e32c8dec6-SegmentedRaftLogWorker:Storage Directory /workdir/hadoop-ozone/tools/target/test-dir/MiniOzoneClusterImpl-23b1c32f-a31a-4489-b40e-6d88b61ad76b/datanode-2/data/ratis/96624f78-5d05-48d3-a0ef-f1adc109b851: flushIndex: setUnconditionally 0 -> -1
2019-09-20 14:32:56,805 [pool-49-thread-1] INFO  server.RaftServerConfigKeys (ConfUtils.java:logGet(43)) - raft.server.snapshot.auto.trigger.enabled = true (custom)
2019-09-20 14:32:56,805 [pool-49-thread-1] INFO  server.RaftServerConfigKeys (ConfUtils.java:logGet(43)) - raft.server.snapshot.auto.trigger.threshold = 10000 (custom)
2019-09-20 14:32:56,806 [pool-49-thread-1] INFO  server.RaftServerConfigKeys (ConfUtils.java:logGet(43)) - raft.server.retrycache.expirytime = 600000ms (custom)
2019-09-20 14:32:56,806 [pool-49-thread-1] INFO  impl.RaftServerImpl (RaftServerImpl.java:start(180)) - b36edb1e-3cc0-4b5f-b286-dd1e32c8dec6: start group-F1ADC109B851
2019-09-20 14:32:56,806 [pool-49-thread-1] INFO  impl.RaftServerImpl (RaftServerImpl.java:setRole(171)) - b36edb1e-3cc0-4b5f-b286-dd1e32c8dec6:group-F1ADC109B851 changes role from null to FOLLOWER at term 0 for startAsFollower
2019-09-20 14:32:56,806 [pool-49-thread-1] INFO  impl.RoleInfo (RoleInfo.java:updateAndGet(143)) - b36edb1e-3cc0-4b5f-b286-dd1e32c8dec6: start FollowerState
2019-09-20 14:32:56,807 [pool-49-thread-1] INFO  util.JmxRegister (JmxRegister.java:tryRegister(44)) - Successfully registered JMX Bean with object name Ratis:service=RaftServer,group=group-F1ADC109B851,id=b36edb1e-3cc0-4b5f-b286-dd1e32c8dec6
2019-09-20 14:32:56,818 [RatisPipelineUtilsThread] INFO  pipeline.PipelineStateManager (PipelineStateManager.java:addPipeline(56)) - Created pipeline Pipeline[ Id: 96624f78-5d05-48d3-a0ef-f1adc109b851, Nodes: b36edb1e-3cc0-4b5f-b286-dd1e32c8dec6{ip: 192.168.36.99, host: pr-hdds-1569-p5fx8-1226042367, networkLocation: /default-rack, certSerialId: null}, Type:RATIS, Factor:ONE, State:OPEN]
2019-09-20 14:32:56,830 [grpc-default-executor-1] INFO  impl.RaftServerProxy (RaftServerProxy.java:addNew(89)) - 0394b375-5707-4111-b314-9512f0d16dd1: addNew group-E8FD7E1351BA:[0394b375-5707-4111-b314-9512f0d16dd1:192.168.36.99:45775] returns group-E8FD7E1351BA:java.util.concurrent.CompletableFuture@40186fa9[Not completed]
2019-09-20 14:32:56,833 [pool-27-thread-1] INFO  impl.RaftServerImpl (RaftServerImpl.java:<init>(93)) - 0394b375-5707-4111-b314-9512f0d16dd1: new RaftServerImpl for group-E8FD7E1351BA:[0394b375-5707-4111-b314-9512f0d16dd1:192.168.36.99:45775] with ContainerStateMachine:uninitialized
2019-09-20 14:32:56,833 [pool-27-thread-1] INFO  server.RaftServerConfigKeys (ConfUtils.java:logGet(43)) - raft.server.rpc.timeout.min = 5s (custom)
2019-09-20 14:32:56,834 [pool-27-thread-1] INFO  server.RaftServerConfigKeys (ConfUtils.java:logGet(43)) - raft.server.rpc.timeout.max = 5200ms (custom)
2019-09-20 14:32:56,834 [pool-27-thread-1] INFO  server.RaftServerConfigKeys (ConfUtils.java:logGet(43)) - raft.server.rpcslowness.timeout = 120s (custom)
2019-09-20 14:32:56,834 [pool-27-thread-1] INFO  server.RaftServerConfigKeys (ConfUtils.java:logGet(43)) - raft.server.sleep.deviation.threshold = 300 (default)
2019-09-20 14:32:56,834 [pool-27-thread-1] INFO  server.RaftServerConfigKeys (ConfUtils.java:logGet(43)) - raft.server.log.appender.install.snapshot.enabled = false (custom)
2019-09-20 14:32:56,835 [pool-27-thread-1] INFO  impl.RaftServerImpl (ServerState.java:<init>(105)) - 0394b375-5707-4111-b314-9512f0d16dd1:group-E8FD7E1351BA ConfigurationManager, init=-1: [0394b375-5707-4111-b314-9512f0d16dd1:192.168.36.99:45775], old=null, confs=<EMPTY_MAP>
2019-09-20 14:32:56,835 [pool-27-thread-1] INFO  server.RaftServerConfigKeys (ConfUtils.java:logGet(43)) - raft.server.storage.dir = [/workdir/hadoop-ozone/tools/target/test-dir/MiniOzoneClusterImpl-23b1c32f-a31a-4489-b40e-6d88b61ad76b/datanode-0/data/ratis] (custom)
2019-09-20 14:32:56,836 [pool-27-thread-1] INFO  storage.RaftStorageDirectory (RaftStorageDirectory.java:analyzeStorage(246)) - The storage directory /workdir/hadoop-ozone/tools/target/test-dir/MiniOzoneClusterImpl-23b1c32f-a31a-4489-b40e-6d88b61ad76b/datanode-0/data/ratis/353a31d8-5097-4f3c-a551-e8fd7e1351ba does not exist. Creating ...
2019-09-20 14:32:56,876 [pool-27-thread-1] INFO  storage.RaftStorageDirectory (RaftStorageDirectory.java:tryLock(328)) - Lock on /workdir/hadoop-ozone/tools/target/test-dir/MiniOzoneClusterImpl-23b1c32f-a31a-4489-b40e-6d88b61ad76b/datanode-0/data/ratis/353a31d8-5097-4f3c-a551-e8fd7e1351ba/in_use.lock acquired by nodename 1294@pr-hdds-1569-p5fx8-1226042367
2019-09-20 14:32:56,919 [pool-27-thread-1] INFO  storage.RaftStorage (RaftStorage.java:format(72)) - Storage directory /workdir/hadoop-ozone/tools/target/test-dir/MiniOzoneClusterImpl-23b1c32f-a31a-4489-b40e-6d88b61ad76b/datanode-0/data/ratis/353a31d8-5097-4f3c-a551-e8fd7e1351ba has been successfully formatted.
2019-09-20 14:32:56,919 [pool-27-thread-1] INFO  ratis.ContainerStateMachine (ContainerStateMachine.java:loadSnapshot(226)) - group-E8FD7E1351BA: The snapshot info is null. Setting the last applied indexto:(t:0, i:~)
2019-09-20 14:32:56,919 [pool-27-thread-1] INFO  server.RaftServerConfigKeys (ConfUtils.java:logGet(43)) - raft.server.leader.election.timeout = 120s (custom)
2019-09-20 14:32:56,919 [pool-27-thread-1] INFO  server.RaftServerConfigKeys (ConfUtils.java:logGet(43)) - raft.server.log.use.memory = false (default)
2019-09-20 14:32:56,919 [pool-27-thread-1] INFO  server.RaftServerConfigKeys (ConfUtils.java:logGet(43)) - raft.server.log.purge.gap = 1000000 (custom)
2019-09-20 14:32:56,919 [pool-27-thread-1] INFO  server.RaftServerConfigKeys (ConfUtils.java:logGet(43)) - raft.server.log.appender.buffer.byte-limit = 33554432 (custom)
2019-09-20 14:32:56,920 [pool-27-thread-1] INFO  server.RaftServerConfigKeys (ConfUtils.java:logGet(43)) - raft.server.log.segment.size.max = 1048576 (custom)
2019-09-20 14:32:56,920 [pool-27-thread-1] INFO  server.RaftServerConfigKeys (ConfUtils.java:logGet(43)) - raft.server.log.segment.cache.num.max = 2 (custom)
2019-09-20 14:32:56,920 [pool-27-thread-1] INFO  segmented.SegmentedRaftLogWorker (SegmentedRaftLogWorker.java:<init>(172)) - new 0394b375-5707-4111-b314-9512f0d16dd1-SegmentedRaftLogWorker:Storage Directory /workdir/hadoop-ozone/tools/target/test-dir/MiniOzoneClusterImpl-23b1c32f-a31a-4489-b40e-6d88b61ad76b/datanode-0/data/ratis/353a31d8-5097-4f3c-a551-e8fd7e1351ba for RaftStorage:Storage Directory /workdir/hadoop-ozone/tools/target/test-dir/MiniOzoneClusterImpl-23b1c32f-a31a-4489-b40e-6d88b61ad76b/datanode-0/data/ratis/353a31d8-5097-4f3c-a551-e8fd7e1351ba
2019-09-20 14:32:56,920 [pool-27-thread-1] INFO  server.RaftServerConfigKeys (ConfUtils.java:logGet(43)) - raft.server.log.queue.byte-limit = 2147483647 (custom)
2019-09-20 14:32:56,920 [pool-27-thread-1] INFO  server.RaftServerConfigKeys (ConfUtils.java:logGet(43)) - raft.server.log.queue.element-limit = 1024 (custom)
2019-09-20 14:32:56,920 [pool-27-thread-1] INFO  server.RaftServerConfigKeys (ConfUtils.java:logGet(43)) - raft.server.log.segment.size.max = 1048576 (custom)
2019-09-20 14:32:56,920 [pool-27-thread-1] INFO  server.RaftServerConfigKeys (ConfUtils.java:logGet(43)) - raft.server.log.preallocated.size = 16384 (custom)
2019-09-20 14:32:56,921 [pool-27-thread-1] INFO  server.RaftServerConfigKeys (ConfUtils.java:logGet(43)) - raft.server.log.write.buffer.size = 33554432 (custom)
2019-09-20 14:32:56,921 [pool-27-thread-1] INFO  server.RaftServerConfigKeys (ConfUtils.java:logGet(43)) - raft.server.log.force.sync.num = 128 (default)
2019-09-20 14:32:56,921 [pool-27-thread-1] INFO  server.RaftServerConfigKeys (ConfUtils.java:logGet(43)) - raft.server.log.statemachine.data.sync = true (default)
2019-09-20 14:32:56,921 [pool-27-thread-1] INFO  server.RaftServerConfigKeys (ConfUtils.java:logGet(43)) - raft.server.log.statemachine.data.sync.timeout = 10s (default)
2019-09-20 14:32:56,922 [pool-27-thread-1] INFO  server.RaftServerConfigKeys (ConfUtils.java:logGet(43)) - raft.server.log.statemachine.data.sync.timeout.retry = -1 (default)
2019-09-20 14:32:56,922 [pool-27-thread-1] INFO  server.RaftServerConfigKeys (ConfUtils.java:logGet(43)) - raft.server.log.statemachine.data.caching.enabled = true (custom)
2019-09-20 14:32:56,922 [pool-27-thread-1] INFO  segmented.SegmentedRaftLogWorker (SegmentedRaftLogWorker.java:lambda$new$0(132)) - 0394b375-5707-4111-b314-9512f0d16dd1-SegmentedRaftLogWorker:Storage Directory /workdir/hadoop-ozone/tools/target/test-dir/MiniOzoneClusterImpl-23b1c32f-a31a-4489-b40e-6d88b61ad76b/datanode-0/data/ratis/353a31d8-5097-4f3c-a551-e8fd7e1351ba: flushIndex: setUnconditionally 0 -> -1
2019-09-20 14:32:56,922 [pool-27-thread-1] INFO  server.RaftServerConfigKeys (ConfUtils.java:logGet(43)) - raft.server.snapshot.auto.trigger.enabled = true (custom)
2019-09-20 14:32:56,923 [pool-27-thread-1] INFO  server.RaftServerConfigKeys (ConfUtils.java:logGet(43)) - raft.server.snapshot.auto.trigger.threshold = 10000 (custom)
2019-09-20 14:32:56,923 [pool-27-thread-1] INFO  server.RaftServerConfigKeys (ConfUtils.java:logGet(43)) - raft.server.retrycache.expirytime = 600000ms (custom)
2019-09-20 14:32:56,923 [pool-27-thread-1] INFO  impl.RaftServerImpl (RaftServerImpl.java:start(180)) - 0394b375-5707-4111-b314-9512f0d16dd1: start group-E8FD7E1351BA
2019-09-20 14:32:56,923 [pool-27-thread-1] INFO  impl.RaftServerImpl (RaftServerImpl.java:setRole(171)) - 0394b375-5707-4111-b314-9512f0d16dd1:group-E8FD7E1351BA changes role from null to FOLLOWER at term 0 for startAsFollower
2019-09-20 14:32:56,923 [pool-27-thread-1] INFO  impl.RoleInfo (RoleInfo.java:updateAndGet(143)) - 0394b375-5707-4111-b314-9512f0d16dd1: start FollowerState
2019-09-20 14:32:56,924 [pool-27-thread-1] INFO  util.JmxRegister (JmxRegister.java:tryRegister(44)) - Successfully registered JMX Bean with object name Ratis:service=RaftServer,group=group-E8FD7E1351BA,id=0394b375-5707-4111-b314-9512f0d16dd1
2019-09-20 14:32:56,933 [RatisPipelineUtilsThread] INFO  pipeline.PipelineStateManager (PipelineStateManager.java:addPipeline(56)) - Created pipeline Pipeline[ Id: 353a31d8-5097-4f3c-a551-e8fd7e1351ba, Nodes: 0394b375-5707-4111-b314-9512f0d16dd1{ip: 192.168.36.99, host: pr-hdds-1569-p5fx8-1226042367, networkLocation: /default-rack, certSerialId: null}, Type:RATIS, Factor:ONE, State:OPEN]
2019-09-20 14:32:56,950 [grpc-default-executor-1] INFO  impl.RaftServerProxy (RaftServerProxy.java:addNew(89)) - 7cf0c8ed-5ec1-4ccf-8169-28a1425388dc: addNew group-080BD2E8A890:[7cf0c8ed-5ec1-4ccf-8169-28a1425388dc:192.168.36.99:36950] returns group-080BD2E8A890:java.util.concurrent.CompletableFuture@558ca574[Not completed]
2019-09-20 14:32:56,952 [pool-38-thread-1] INFO  impl.RaftServerImpl (RaftServerImpl.java:<init>(93)) - 7cf0c8ed-5ec1-4ccf-8169-28a1425388dc: new RaftServerImpl for group-080BD2E8A890:[7cf0c8ed-5ec1-4ccf-8169-28a1425388dc:192.168.36.99:36950] with ContainerStateMachine:uninitialized
2019-09-20 14:32:56,952 [pool-38-thread-1] INFO  server.RaftServerConfigKeys (ConfUtils.java:logGet(43)) - raft.server.rpc.timeout.min = 5s (custom)
2019-09-20 14:32:56,952 [pool-38-thread-1] INFO  server.RaftServerConfigKeys (ConfUtils.java:logGet(43)) - raft.server.rpc.timeout.max = 5200ms (custom)
2019-09-20 14:32:56,952 [pool-38-thread-1] INFO  server.RaftServerConfigKeys (ConfUtils.java:logGet(43)) - raft.server.rpcslowness.timeout = 120s (custom)
2019-09-20 14:32:56,953 [pool-38-thread-1] INFO  server.RaftServerConfigKeys (ConfUtils.java:logGet(43)) - raft.server.sleep.deviation.threshold = 300 (default)
2019-09-20 14:32:56,953 [pool-38-thread-1] INFO  server.RaftServerConfigKeys (ConfUtils.java:logGet(43)) - raft.server.log.appender.install.snapshot.enabled = false (custom)
2019-09-20 14:32:56,953 [pool-38-thread-1] INFO  impl.RaftServerImpl (ServerState.java:<init>(105)) - 7cf0c8ed-5ec1-4ccf-8169-28a1425388dc:group-080BD2E8A890 ConfigurationManager, init=-1: [7cf0c8ed-5ec1-4ccf-8169-28a1425388dc:192.168.36.99:36950], old=null, confs=<EMPTY_MAP>
2019-09-20 14:32:56,953 [pool-38-thread-1] INFO  server.RaftServerConfigKeys (ConfUtils.java:logGet(43)) - raft.server.storage.dir = [/workdir/hadoop-ozone/tools/target/test-dir/MiniOzoneClusterImpl-23b1c32f-a31a-4489-b40e-6d88b61ad76b/datanode-1/data/ratis] (custom)
2019-09-20 14:32:56,954 [pool-38-thread-1] INFO  storage.RaftStorageDirectory (RaftStorageDirectory.java:analyzeStorage(246)) - The storage directory /workdir/hadoop-ozone/tools/target/test-dir/MiniOzoneClusterImpl-23b1c32f-a31a-4489-b40e-6d88b61ad76b/datanode-1/data/ratis/72530c00-24e4-44af-b2a5-080bd2e8a890 does not exist. Creating ...
2019-09-20 14:32:56,958 | INFO  | SCMAudit | user=jenkins1000 | ip=192.168.36.99 | op=SEND_HEARTBEAT {datanodeUUID=0394b375-5707-4111-b314-9512f0d16dd1, command=[]} | ret=SUCCESS |  
2019-09-20 14:32:56,977 [pool-38-thread-1] INFO  storage.RaftStorageDirectory (RaftStorageDirectory.java:tryLock(328)) - Lock on /workdir/hadoop-ozone/tools/target/test-dir/MiniOzoneClusterImpl-23b1c32f-a31a-4489-b40e-6d88b61ad76b/datanode-1/data/ratis/72530c00-24e4-44af-b2a5-080bd2e8a890/in_use.lock acquired by nodename 1294@pr-hdds-1569-p5fx8-1226042367
2019-09-20 14:32:56,986 [main] INFO  freon.RandomKeyGenerator (RandomKeyGenerator.java:call(275)) - Number of Threads: 10
2019-09-20 14:32:56,987 [main] INFO  freon.RandomKeyGenerator (RandomKeyGenerator.java:call(280)) - Number of Volumes: 1.
2019-09-20 14:32:56,987 [main] INFO  freon.RandomKeyGenerator (RandomKeyGenerator.java:call(281)) - Number of Buckets per Volume: 1.
2019-09-20 14:32:56,987 [main] INFO  freon.RandomKeyGenerator (RandomKeyGenerator.java:call(282)) - Number of Keys per Bucket: 1.
2019-09-20 14:32:56,987 [main] INFO  freon.RandomKeyGenerator (RandomKeyGenerator.java:call(283)) - Key size: 20971520 bytes
2019-09-20 14:32:56,987 [main] INFO  freon.RandomKeyGenerator (RandomKeyGenerator.java:call(284)) - Buffer size: 4096 bytes
2019-09-20 14:32:56,991 [main] INFO  freon.RandomKeyGenerator (RandomKeyGenerator.java:call(298)) - Data validation is enabled.
2019-09-20 14:32:56,993 [main] INFO  freon.RandomKeyGenerator (RandomKeyGenerator.java:call(304)) - Starting progress bar Thread.

2019-09-20 14:32:56,995 [pool-38-thread-1] INFO  storage.RaftStorage (RaftStorage.java:format(72)) - Storage directory /workdir/hadoop-ozone/tools/target/test-dir/MiniOzoneClusterImpl-23b1c32f-a31a-4489-b40e-6d88b61ad76b/datanode-1/data/ratis/72530c00-24e4-44af-b2a5-080bd2e8a890 has been successfully formatted.
2019-09-20 14:32:56,995 [pool-38-thread-1] INFO  ratis.ContainerStateMachine (ContainerStateMachine.java:loadSnapshot(226)) - group-080BD2E8A890: The snapshot info is null. Setting the last applied indexto:(t:0, i:~)
2019-09-20 14:32:56,995 [pool-38-thread-1] INFO  server.RaftServerConfigKeys (ConfUtils.java:logGet(43)) - raft.server.leader.election.timeout = 120s (custom)
2019-09-20 14:32:56,995 [pool-38-thread-1] INFO  server.RaftServerConfigKeys (ConfUtils.java:logGet(43)) - raft.server.log.use.memory = false (default)
 0.00% |█                                                                                                    |  0/1 Time: 0:00:002019-09-20 14:32:56,996 [pool-38-thread-1] INFO  server.RaftServerConfigKeys (ConfUtils.java:logGet(43)) - raft.server.log.purge.gap = 1000000 (custom)
2019-09-20 14:32:56,996 [pool-38-thread-1] INFO  server.RaftServerConfigKeys (ConfUtils.java:logGet(43)) - raft.server.log.appender.buffer.byte-limit = 33554432 (custom)
2019-09-20 14:32:56,996 [pool-38-thread-1] INFO  server.RaftServerConfigKeys (ConfUtils.java:logGet(43)) - raft.server.log.segment.size.max = 1048576 (custom)
2019-09-20 14:32:56,996 [pool-38-thread-1] INFO  server.RaftServerConfigKeys (ConfUtils.java:logGet(43)) - raft.server.log.segment.cache.num.max = 2 (custom)
2019-09-20 14:32:56,996 [pool-38-thread-1] INFO  segmented.SegmentedRaftLogWorker (SegmentedRaftLogWorker.java:<init>(172)) - new 7cf0c8ed-5ec1-4ccf-8169-28a1425388dc-SegmentedRaftLogWorker:Storage Directory /workdir/hadoop-ozone/tools/target/test-dir/MiniOzoneClusterImpl-23b1c32f-a31a-4489-b40e-6d88b61ad76b/datanode-1/data/ratis/72530c00-24e4-44af-b2a5-080bd2e8a890 for RaftStorage:Storage Directory /workdir/hadoop-ozone/tools/target/test-dir/MiniOzoneClusterImpl-23b1c32f-a31a-4489-b40e-6d88b61ad76b/datanode-1/data/ratis/72530c00-24e4-44af-b2a5-080bd2e8a890
2019-09-20 14:32:56,997 [pool-38-thread-1] INFO  server.RaftServerConfigKeys (ConfUtils.java:logGet(43)) - raft.server.log.queue.byte-limit = 2147483647 (custom)
2019-09-20 14:32:56,997 [pool-38-thread-1] INFO  server.RaftServerConfigKeys (ConfUtils.java:logGet(43)) - raft.server.log.queue.element-limit = 1024 (custom)
2019-09-20 14:32:56,997 [pool-38-thread-1] INFO  server.RaftServerConfigKeys (ConfUtils.java:logGet(43)) - raft.server.log.segment.size.max = 1048576 (custom)
2019-09-20 14:32:56,997 [pool-38-thread-1] INFO  server.RaftServerConfigKeys (ConfUtils.java:logGet(43)) - raft.server.log.preallocated.size = 16384 (custom)
2019-09-20 14:32:56,997 [pool-38-thread-1] INFO  server.RaftServerConfigKeys (ConfUtils.java:logGet(43)) - raft.server.log.write.buffer.size = 33554432 (custom)
2019-09-20 14:32:56,998 [pool-38-thread-1] INFO  server.RaftServerConfigKeys (ConfUtils.java:logGet(43)) - raft.server.log.force.sync.num = 128 (default)
2019-09-20 14:32:56,998 [pool-38-thread-1] INFO  server.RaftServerConfigKeys (ConfUtils.java:logGet(43)) - raft.server.log.statemachine.data.sync = true (default)
2019-09-20 14:32:56,998 [pool-38-thread-1] INFO  server.RaftServerConfigKeys (ConfUtils.java:logGet(43)) - raft.server.log.statemachine.data.sync.timeout = 10s (default)
2019-09-20 14:32:56,998 [pool-38-thread-1] INFO  server.RaftServerConfigKeys (ConfUtils.java:logGet(43)) - raft.server.log.statemachine.data.sync.timeout.retry = -1 (default)
2019-09-20 14:32:56,999 [pool-38-thread-1] INFO  server.RaftServerConfigKeys (ConfUtils.java:logGet(43)) - raft.server.log.statemachine.data.caching.enabled = true (custom)
2019-09-20 14:32:56,999 [pool-38-thread-1] INFO  segmented.SegmentedRaftLogWorker (SegmentedRaftLogWorker.java:lambda$new$0(132)) - 7cf0c8ed-5ec1-4ccf-8169-28a1425388dc-SegmentedRaftLogWorker:Storage Directory /workdir/hadoop-ozone/tools/target/test-dir/MiniOzoneClusterImpl-23b1c32f-a31a-4489-b40e-6d88b61ad76b/datanode-1/data/ratis/72530c00-24e4-44af-b2a5-080bd2e8a890: flushIndex: setUnconditionally 0 -> -1
2019-09-20 14:32:56,999 [pool-38-thread-1] INFO  server.RaftServerConfigKeys (ConfUtils.java:logGet(43)) - raft.server.snapshot.auto.trigger.enabled = true (custom)
2019-09-20 14:32:57,000 [pool-38-thread-1] INFO  server.RaftServerConfigKeys (ConfUtils.java:logGet(43)) - raft.server.snapshot.auto.trigger.threshold = 10000 (custom)
2019-09-20 14:32:57,000 [pool-38-thread-1] INFO  server.RaftServerConfigKeys (ConfUtils.java:logGet(43)) - raft.server.retrycache.expirytime = 600000ms (custom)
2019-09-20 14:32:57,000 [pool-38-thread-1] INFO  impl.RaftServerImpl (RaftServerImpl.java:start(180)) - 7cf0c8ed-5ec1-4ccf-8169-28a1425388dc: start group-080BD2E8A890
2019-09-20 14:32:57,001 [pool-38-thread-1] INFO  impl.RaftServerImpl (RaftServerImpl.java:setRole(171)) - 7cf0c8ed-5ec1-4ccf-8169-28a1425388dc:group-080BD2E8A890 changes role from null to FOLLOWER at term 0 for startAsFollower
2019-09-20 14:32:57,001 [pool-38-thread-1] INFO  impl.RoleInfo (RoleInfo.java:updateAndGet(143)) - 7cf0c8ed-5ec1-4ccf-8169-28a1425388dc: start FollowerState
2019-09-20 14:32:57,001 [pool-38-thread-1] INFO  util.JmxRegister (JmxRegister.java:tryRegister(44)) - Successfully registered JMX Bean with object name Ratis:service=RaftServer,group=group-080BD2E8A890,id=7cf0c8ed-5ec1-4ccf-8169-28a1425388dc
2019-09-20 14:32:57,019 [RatisPipelineUtilsThread] INFO  pipeline.PipelineStateManager (PipelineStateManager.java:addPipeline(56)) - Created pipeline Pipeline[ Id: 72530c00-24e4-44af-b2a5-080bd2e8a890, Nodes: 7cf0c8ed-5ec1-4ccf-8169-28a1425388dc{ip: 192.168.36.99, host: pr-hdds-1569-p5fx8-1226042367, networkLocation: /default-rack, certSerialId: null}, Type:RATIS, Factor:ONE, State:OPEN]
2019-09-20 14:32:57,028 [pool-56-thread-1] INFO  rpc.RpcClient (RpcClient.java:createVolume(293)) - Creating Volume: vol-0-09535, with jenkins1000 as owner.
2019-09-20 14:32:57,030 [grpc-default-executor-1] INFO  impl.RaftServerProxy (RaftServerProxy.java:addNew(89)) - b36edb1e-3cc0-4b5f-b286-dd1e32c8dec6: addNew group-37AD085FCF07:[b36edb1e-3cc0-4b5f-b286-dd1e32c8dec6:192.168.36.99:44289] returns group-37AD085FCF07:java.util.concurrent.CompletableFuture@57b914ea[Not completed]
2019-09-20 14:32:57,032 [pool-49-thread-1] INFO  impl.RaftServerImpl (RaftServerImpl.java:<init>(93)) - b36edb1e-3cc0-4b5f-b286-dd1e32c8dec6: new RaftServerImpl for group-37AD085FCF07:[b36edb1e-3cc0-4b5f-b286-dd1e32c8dec6:192.168.36.99:44289] with ContainerStateMachine:uninitialized
2019-09-20 14:32:57,033 [pool-49-thread-1] INFO  server.RaftServerConfigKeys (ConfUtils.java:logGet(43)) - raft.server.rpc.timeout.min = 5s (custom)
2019-09-20 14:32:57,033 [pool-49-thread-1] INFO  server.RaftServerConfigKeys (ConfUtils.java:logGet(43)) - raft.server.rpc.timeout.max = 5200ms (custom)
2019-09-20 14:32:57,033 [pool-49-thread-1] INFO  server.RaftServerConfigKeys (ConfUtils.java:logGet(43)) - raft.server.rpcslowness.timeout = 120s (custom)
2019-09-20 14:32:57,033 [pool-49-thread-1] INFO  server.RaftServerConfigKeys (ConfUtils.java:logGet(43)) - raft.server.sleep.deviation.threshold = 300 (default)
2019-09-20 14:32:57,033 [pool-49-thread-1] INFO  server.RaftServerConfigKeys (ConfUtils.java:logGet(43)) - raft.server.log.appender.install.snapshot.enabled = false (custom)
2019-09-20 14:32:57,034 [pool-49-thread-1] INFO  impl.RaftServerImpl (ServerState.java:<init>(105)) - b36edb1e-3cc0-4b5f-b286-dd1e32c8dec6:group-37AD085FCF07 ConfigurationManager, init=-1: [b36edb1e-3cc0-4b5f-b286-dd1e32c8dec6:192.168.36.99:44289], old=null, confs=<EMPTY_MAP>
2019-09-20 14:32:57,034 [pool-49-thread-1] INFO  server.RaftServerConfigKeys (ConfUtils.java:logGet(43)) - raft.server.storage.dir = [/workdir/hadoop-ozone/tools/target/test-dir/MiniOzoneClusterImpl-23b1c32f-a31a-4489-b40e-6d88b61ad76b/datanode-2/data/ratis] (custom)
2019-09-20 14:32:57,034 [pool-49-thread-1] INFO  storage.RaftStorageDirectory (RaftStorageDirectory.java:analyzeStorage(246)) - The storage directory /workdir/hadoop-ozone/tools/target/test-dir/MiniOzoneClusterImpl-23b1c32f-a31a-4489-b40e-6d88b61ad76b/datanode-2/data/ratis/6bc7e9a8-3ee8-4e98-aa86-37ad085fcf07 does not exist. Creating ...
2019-09-20 14:32:57,053 [pool-49-thread-1] INFO  storage.RaftStorageDirectory (RaftStorageDirectory.java:tryLock(328)) - Lock on /workdir/hadoop-ozone/tools/target/test-dir/MiniOzoneClusterImpl-23b1c32f-a31a-4489-b40e-6d88b61ad76b/datanode-2/data/ratis/6bc7e9a8-3ee8-4e98-aa86-37ad085fcf07/in_use.lock acquired by nodename 1294@pr-hdds-1569-p5fx8-1226042367
2019-09-20 14:32:57,073 [pool-49-thread-1] INFO  storage.RaftStorage (RaftStorage.java:format(72)) - Storage directory /workdir/hadoop-ozone/tools/target/test-dir/MiniOzoneClusterImpl-23b1c32f-a31a-4489-b40e-6d88b61ad76b/datanode-2/data/ratis/6bc7e9a8-3ee8-4e98-aa86-37ad085fcf07 has been successfully formatted.
2019-09-20 14:32:57,074 [pool-49-thread-1] INFO  ratis.ContainerStateMachine (ContainerStateMachine.java:loadSnapshot(226)) - group-37AD085FCF07: The snapshot info is null. Setting the last applied indexto:(t:0, i:~)
2019-09-20 14:32:57,074 [pool-49-thread-1] INFO  server.RaftServerConfigKeys (ConfUtils.java:logGet(43)) - raft.server.leader.election.timeout = 120s (custom)
2019-09-20 14:32:57,074 [pool-49-thread-1] INFO  server.RaftServerConfigKeys (ConfUtils.java:logGet(43)) - raft.server.log.use.memory = false (default)
2019-09-20 14:32:57,074 [pool-49-thread-1] INFO  server.RaftServerConfigKeys (ConfUtils.java:logGet(43)) - raft.server.log.purge.gap = 1000000 (custom)
2019-09-20 14:32:57,075 [pool-49-thread-1] INFO  server.RaftServerConfigKeys (ConfUtils.java:logGet(43)) - raft.server.log.appender.buffer.byte-limit = 33554432 (custom)
2019-09-20 14:32:57,075 [pool-49-thread-1] INFO  server.RaftServerConfigKeys (ConfUtils.java:logGet(43)) - raft.server.log.segment.size.max = 1048576 (custom)
2019-09-20 14:32:57,075 [pool-49-thread-1] INFO  server.RaftServerConfigKeys (ConfUtils.java:logGet(43)) - raft.server.log.segment.cache.num.max = 2 (custom)
2019-09-20 14:32:57,075 [pool-49-thread-1] INFO  segmented.SegmentedRaftLogWorker (SegmentedRaftLogWorker.java:<init>(172)) - new b36edb1e-3cc0-4b5f-b286-dd1e32c8dec6-SegmentedRaftLogWorker:Storage Directory /workdir/hadoop-ozone/tools/target/test-dir/MiniOzoneClusterImpl-23b1c32f-a31a-4489-b40e-6d88b61ad76b/datanode-2/data/ratis/6bc7e9a8-3ee8-4e98-aa86-37ad085fcf07 for RaftStorage:Storage Directory /workdir/hadoop-ozone/tools/target/test-dir/MiniOzoneClusterImpl-23b1c32f-a31a-4489-b40e-6d88b61ad76b/datanode-2/data/ratis/6bc7e9a8-3ee8-4e98-aa86-37ad085fcf07
2019-09-20 14:32:57,075 [pool-49-thread-1] INFO  server.RaftServerConfigKeys (ConfUtils.java:logGet(43)) - raft.server.log.queue.byte-limit = 2147483647 (custom)
2019-09-20 14:32:57,076 [pool-49-thread-1] INFO  server.RaftServerConfigKeys (ConfUtils.java:logGet(43)) - raft.server.log.queue.element-limit = 1024 (custom)
2019-09-20 14:32:57,076 [pool-49-thread-1] INFO  server.RaftServerConfigKeys (ConfUtils.java:logGet(43)) - raft.server.log.segment.size.max = 1048576 (custom)
2019-09-20 14:32:57,076 [pool-49-thread-1] INFO  server.RaftServerConfigKeys (ConfUtils.java:logGet(43)) - raft.server.log.preallocated.size = 16384 (custom)
2019-09-20 14:32:57,076 [pool-49-thread-1] INFO  server.RaftServerConfigKeys (ConfUtils.java:logGet(43)) - raft.server.log.write.buffer.size = 33554432 (custom)
2019-09-20 14:32:57,076 [pool-49-thread-1] INFO  server.RaftServerConfigKeys (ConfUtils.java:logGet(43)) - raft.server.log.force.sync.num = 128 (default)
2019-09-20 14:32:57,077 [pool-49-thread-1] INFO  server.RaftServerConfigKeys (ConfUtils.java:logGet(43)) - raft.server.log.statemachine.data.sync = true (default)
2019-09-20 14:32:57,077 [pool-49-thread-1] INFO  server.RaftServerConfigKeys (ConfUtils.java:logGet(43)) - raft.server.log.statemachine.data.sync.timeout = 10s (default)
2019-09-20 14:32:57,077 [pool-49-thread-1] INFO  server.RaftServerConfigKeys (ConfUtils.java:logGet(43)) - raft.server.log.statemachine.data.sync.timeout.retry = -1 (default)
2019-09-20 14:32:57,077 [pool-49-thread-1] INFO  server.RaftServerConfigKeys (ConfUtils.java:logGet(43)) - raft.server.log.statemachine.data.caching.enabled = true (custom)
2019-09-20 14:32:57,078 [pool-49-thread-1] INFO  segmented.SegmentedRaftLogWorker (SegmentedRaftLogWorker.java:lambda$new$0(132)) - b36edb1e-3cc0-4b5f-b286-dd1e32c8dec6-SegmentedRaftLogWorker:Storage Directory /workdir/hadoop-ozone/tools/target/test-dir/MiniOzoneClusterImpl-23b1c32f-a31a-4489-b40e-6d88b61ad76b/datanode-2/data/ratis/6bc7e9a8-3ee8-4e98-aa86-37ad085fcf07: flushIndex: setUnconditionally 0 -> -1
2019-09-20 14:32:57,078 [pool-49-thread-1] INFO  server.RaftServerConfigKeys (ConfUtils.java:logGet(43)) - raft.server.snapshot.auto.trigger.enabled = true (custom)
2019-09-20 14:32:57,078 [pool-49-thread-1] INFO  server.RaftServerConfigKeys (ConfUtils.java:logGet(43)) - raft.server.snapshot.auto.trigger.threshold = 10000 (custom)
2019-09-20 14:32:57,076 | INFO  | OMAudit | user=jenkins1000 | ip=127.0.0.1 | op=CREATE_VOLUME {admin=jenkins1000, owner=jenkins1000, volume=vol-0-09535, creationTime=1568989977049, quotaInBytes=1152921504606846976} | ret=SUCCESS |  
2019-09-20 14:32:57,079 [pool-49-thread-1] INFO  server.RaftServerConfigKeys (ConfUtils.java:logGet(43)) - raft.server.retrycache.expirytime = 600000ms (custom)
2019-09-20 14:32:57,079 [pool-49-thread-1] INFO  impl.RaftServerImpl (RaftServerImpl.java:start(180)) - b36edb1e-3cc0-4b5f-b286-dd1e32c8dec6: start group-37AD085FCF07
2019-09-20 14:32:57,079 [pool-49-thread-1] INFO  impl.RaftServerImpl (RaftServerImpl.java:setRole(171)) - b36edb1e-3cc0-4b5f-b286-dd1e32c8dec6:group-37AD085FCF07 changes role from null to FOLLOWER at term 0 for startAsFollower
2019-09-20 14:32:57,079 [pool-49-thread-1] INFO  impl.RoleInfo (RoleInfo.java:updateAndGet(143)) - b36edb1e-3cc0-4b5f-b286-dd1e32c8dec6: start FollowerState
2019-09-20 14:32:57,080 [pool-49-thread-1] INFO  util.JmxRegister (JmxRegister.java:tryRegister(44)) - Successfully registered JMX Bean with object name Ratis:service=RaftServer,group=group-37AD085FCF07,id=b36edb1e-3cc0-4b5f-b286-dd1e32c8dec6
2019-09-20 14:32:57,088 [RatisPipelineUtilsThread] INFO  pipeline.PipelineStateManager (PipelineStateManager.java:addPipeline(56)) - Created pipeline Pipeline[ Id: 6bc7e9a8-3ee8-4e98-aa86-37ad085fcf07, Nodes: b36edb1e-3cc0-4b5f-b286-dd1e32c8dec6{ip: 192.168.36.99, host: pr-hdds-1569-p5fx8-1226042367, networkLocation: /default-rack, certSerialId: null}, Type:RATIS, Factor:ONE, State:OPEN]
2019-09-20 14:32:57,094 | INFO  | OMAudit | user=jenkins1000 | ip=127.0.0.1 | op=READ_VOLUME {volume=vol-0-09535} | ret=SUCCESS |  
2019-09-20 14:32:57,106 [grpc-default-executor-1] INFO  impl.RaftServerProxy (RaftServerProxy.java:addNew(89)) - 0394b375-5707-4111-b314-9512f0d16dd1: addNew group-ECB77087CE51:[0394b375-5707-4111-b314-9512f0d16dd1:192.168.36.99:45775] returns group-ECB77087CE51:java.util.concurrent.CompletableFuture@f270f05[Not completed]
2019-09-20 14:32:57,108 [pool-27-thread-1] INFO  impl.RaftServerImpl (RaftServerImpl.java:<init>(93)) - 0394b375-5707-4111-b314-9512f0d16dd1: new RaftServerImpl for group-ECB77087CE51:[0394b375-5707-4111-b314-9512f0d16dd1:192.168.36.99:45775] with ContainerStateMachine:uninitialized
2019-09-20 14:32:57,108 [pool-27-thread-1] INFO  server.RaftServerConfigKeys (ConfUtils.java:logGet(43)) - raft.server.rpc.timeout.min = 5s (custom)
2019-09-20 14:32:57,108 [pool-27-thread-1] INFO  server.RaftServerConfigKeys (ConfUtils.java:logGet(43)) - raft.server.rpc.timeout.max = 5200ms (custom)
2019-09-20 14:32:57,108 [pool-27-thread-1] INFO  server.RaftServerConfigKeys (ConfUtils.java:logGet(43)) - raft.server.rpcslowness.timeout = 120s (custom)
2019-09-20 14:32:57,109 [pool-27-thread-1] INFO  server.RaftServerConfigKeys (ConfUtils.java:logGet(43)) - raft.server.sleep.deviation.threshold = 300 (default)
2019-09-20 14:32:57,109 [pool-27-thread-1] INFO  server.RaftServerConfigKeys (ConfUtils.java:logGet(43)) - raft.server.log.appender.install.snapshot.enabled = false (custom)
2019-09-20 14:32:57,109 [pool-27-thread-1] INFO  impl.RaftServerImpl (ServerState.java:<init>(105)) - 0394b375-5707-4111-b314-9512f0d16dd1:group-ECB77087CE51 ConfigurationManager, init=-1: [0394b375-5707-4111-b314-9512f0d16dd1:192.168.36.99:45775], old=null, confs=<EMPTY_MAP>
2019-09-20 14:32:57,109 [pool-27-thread-1] INFO  server.RaftServerConfigKeys (ConfUtils.java:logGet(43)) - raft.server.storage.dir = [/workdir/hadoop-ozone/tools/target/test-dir/MiniOzoneClusterImpl-23b1c32f-a31a-4489-b40e-6d88b61ad76b/datanode-0/data/ratis] (custom)
2019-09-20 14:32:57,109 [pool-27-thread-1] INFO  storage.RaftStorageDirectory (RaftStorageDirectory.java:analyzeStorage(246)) - The storage directory /workdir/hadoop-ozone/tools/target/test-dir/MiniOzoneClusterImpl-23b1c32f-a31a-4489-b40e-6d88b61ad76b/datanode-0/data/ratis/d5c4e965-ea4a-4416-89fc-ecb77087ce51 does not exist. Creating ...
2019-09-20 14:32:57,113 [pool-56-thread-2] INFO  rpc.RpcClient (RpcClient.java:createBucket(432)) - Creating Bucket: vol-0-09535/bucket-0-33392, with Versioning false and Storage Type set to DISK and Encryption set to false 
2019-09-20 14:32:57,134 [pool-27-thread-1] INFO  storage.RaftStorageDirectory (RaftStorageDirectory.java:tryLock(328)) - Lock on /workdir/hadoop-ozone/tools/target/test-dir/MiniOzoneClusterImpl-23b1c32f-a31a-4489-b40e-6d88b61ad76b/datanode-0/data/ratis/d5c4e965-ea4a-4416-89fc-ecb77087ce51/in_use.lock acquired by nodename 1294@pr-hdds-1569-p5fx8-1226042367
2019-09-20 14:32:57,140 | INFO  | OMAudit | user=jenkins1000 | ip=127.0.0.1 | op=CREATE_BUCKET {volume=vol-0-09535, bucket=bucket-0-33392, acls=[user:jenkins1000:a[ACCESS], group:default:a[ACCESS]], isVersionEnabled=false, storageType=DISK, creationTime=0} | ret=SUCCESS |  
2019-09-20 14:32:57,146 | INFO  | OMAudit | user=jenkins1000 | ip=127.0.0.1 | op=READ_BUCKET {volume=vol-0-09535, bucket=bucket-0-33392} | ret=SUCCESS |  
2019-09-20 14:32:57,152 [pool-27-thread-1] INFO  storage.RaftStorage (RaftStorage.java:format(72)) - Storage directory /workdir/hadoop-ozone/tools/target/test-dir/MiniOzoneClusterImpl-23b1c32f-a31a-4489-b40e-6d88b61ad76b/datanode-0/data/ratis/d5c4e965-ea4a-4416-89fc-ecb77087ce51 has been successfully formatted.
2019-09-20 14:32:57,152 [pool-27-thread-1] INFO  ratis.ContainerStateMachine (ContainerStateMachine.java:loadSnapshot(226)) - group-ECB77087CE51: The snapshot info is null. Setting the last applied indexto:(t:0, i:~)
2019-09-20 14:32:57,152 [pool-27-thread-1] INFO  server.RaftServerConfigKeys (ConfUtils.java:logGet(43)) - raft.server.leader.election.timeout = 120s (custom)
2019-09-20 14:32:57,152 [pool-27-thread-1] INFO  server.RaftServerConfigKeys (ConfUtils.java:logGet(43)) - raft.server.log.use.memory = false (default)
2019-09-20 14:32:57,152 [pool-27-thread-1] INFO  server.RaftServerConfigKeys (ConfUtils.java:logGet(43)) - raft.server.log.purge.gap = 1000000 (custom)
2019-09-20 14:32:57,153 [pool-27-thread-1] INFO  server.RaftServerConfigKeys (ConfUtils.java:logGet(43)) - raft.server.log.appender.buffer.byte-limit = 33554432 (custom)
2019-09-20 14:32:57,153 [pool-27-thread-1] INFO  server.RaftServerConfigKeys (ConfUtils.java:logGet(43)) - raft.server.log.segment.size.max = 1048576 (custom)
2019-09-20 14:32:57,153 [pool-27-thread-1] INFO  server.RaftServerConfigKeys (ConfUtils.java:logGet(43)) - raft.server.log.segment.cache.num.max = 2 (custom)
2019-09-20 14:32:57,153 [pool-27-thread-1] INFO  segmented.SegmentedRaftLogWorker (SegmentedRaftLogWorker.java:<init>(172)) - new 0394b375-5707-4111-b314-9512f0d16dd1-SegmentedRaftLogWorker:Storage Directory /workdir/hadoop-ozone/tools/target/test-dir/MiniOzoneClusterImpl-23b1c32f-a31a-4489-b40e-6d88b61ad76b/datanode-0/data/ratis/d5c4e965-ea4a-4416-89fc-ecb77087ce51 for RaftStorage:Storage Directory /workdir/hadoop-ozone/tools/target/test-dir/MiniOzoneClusterImpl-23b1c32f-a31a-4489-b40e-6d88b61ad76b/datanode-0/data/ratis/d5c4e965-ea4a-4416-89fc-ecb77087ce51
2019-09-20 14:32:57,153 [pool-27-thread-1] INFO  server.RaftServerConfigKeys (ConfUtils.java:logGet(43)) - raft.server.log.queue.byte-limit = 2147483647 (custom)
2019-09-20 14:32:57,153 [pool-27-thread-1] INFO  server.RaftServerConfigKeys (ConfUtils.java:logGet(43)) - raft.server.log.queue.element-limit = 1024 (custom)
2019-09-20 14:32:57,153 [pool-27-thread-1] INFO  server.RaftServerConfigKeys (ConfUtils.java:logGet(43)) - raft.server.log.segment.size.max = 1048576 (custom)
2019-09-20 14:32:57,154 [pool-27-thread-1] INFO  server.RaftServerConfigKeys (ConfUtils.java:logGet(43)) - raft.server.log.preallocated.size = 16384 (custom)
2019-09-20 14:32:57,154 [pool-27-thread-1] INFO  server.RaftServerConfigKeys (ConfUtils.java:logGet(43)) - raft.server.log.write.buffer.size = 33554432 (custom)
2019-09-20 14:32:57,154 [pool-27-thread-1] INFO  server.RaftServerConfigKeys (ConfUtils.java:logGet(43)) - raft.server.log.force.sync.num = 128 (default)
2019-09-20 14:32:57,154 [pool-27-thread-1] INFO  server.RaftServerConfigKeys (ConfUtils.java:logGet(43)) - raft.server.log.statemachine.data.sync = true (default)
2019-09-20 14:32:57,154 [pool-27-thread-1] INFO  server.RaftServerConfigKeys (ConfUtils.java:logGet(43)) - raft.server.log.statemachine.data.sync.timeout = 10s (default)
2019-09-20 14:32:57,154 [pool-27-thread-1] INFO  server.RaftServerConfigKeys (ConfUtils.java:logGet(43)) - raft.server.log.statemachine.data.sync.timeout.retry = -1 (default)
2019-09-20 14:32:57,154 [pool-27-thread-1] INFO  server.RaftServerConfigKeys (ConfUtils.java:logGet(43)) - raft.server.log.statemachine.data.caching.enabled = true (custom)
2019-09-20 14:32:57,155 [pool-27-thread-1] INFO  segmented.SegmentedRaftLogWorker (SegmentedRaftLogWorker.java:lambda$new$0(132)) - 0394b375-5707-4111-b314-9512f0d16dd1-SegmentedRaftLogWorker:Storage Directory /workdir/hadoop-ozone/tools/target/test-dir/MiniOzoneClusterImpl-23b1c32f-a31a-4489-b40e-6d88b61ad76b/datanode-0/data/ratis/d5c4e965-ea4a-4416-89fc-ecb77087ce51: flushIndex: setUnconditionally 0 -> -1
2019-09-20 14:32:57,155 [pool-27-thread-1] INFO  server.RaftServerConfigKeys (ConfUtils.java:logGet(43)) - raft.server.snapshot.auto.trigger.enabled = true (custom)
2019-09-20 14:32:57,155 [pool-27-thread-1] INFO  server.RaftServerConfigKeys (ConfUtils.java:logGet(43)) - raft.server.snapshot.auto.trigger.threshold = 10000 (custom)
2019-09-20 14:32:57,155 [pool-27-thread-1] INFO  server.RaftServerConfigKeys (ConfUtils.java:logGet(43)) - raft.server.retrycache.expirytime = 600000ms (custom)
2019-09-20 14:32:57,156 [pool-27-thread-1] INFO  impl.RaftServerImpl (RaftServerImpl.java:start(180)) - 0394b375-5707-4111-b314-9512f0d16dd1: start group-ECB77087CE51
2019-09-20 14:32:57,156 [pool-27-thread-1] INFO  impl.RaftServerImpl (RaftServerImpl.java:setRole(171)) - 0394b375-5707-4111-b314-9512f0d16dd1:group-ECB77087CE51 changes role from null to FOLLOWER at term 0 for startAsFollower
2019-09-20 14:32:57,156 [pool-27-thread-1] INFO  impl.RoleInfo (RoleInfo.java:updateAndGet(143)) - 0394b375-5707-4111-b314-9512f0d16dd1: start FollowerState
2019-09-20 14:32:57,156 [pool-27-thread-1] INFO  util.JmxRegister (JmxRegister.java:tryRegister(44)) - Successfully registered JMX Bean with object name Ratis:service=RaftServer,group=group-ECB77087CE51,id=0394b375-5707-4111-b314-9512f0d16dd1
2019-09-20 14:32:57,164 [RatisPipelineUtilsThread] INFO  pipeline.PipelineStateManager (PipelineStateManager.java:addPipeline(56)) - Created pipeline Pipeline[ Id: d5c4e965-ea4a-4416-89fc-ecb77087ce51, Nodes: 0394b375-5707-4111-b314-9512f0d16dd1{ip: 192.168.36.99, host: pr-hdds-1569-p5fx8-1226042367, networkLocation: /default-rack, certSerialId: null}, Type:RATIS, Factor:ONE, State:OPEN]
2019-09-20 14:32:57,165 [RatisPipelineUtilsThread] INFO  pipeline.PipelinePlacementPolicy (PipelinePlacementPolicy.java:meetCriteria(91)) - Pipeline Placement: Doesn't meet the criteria to be viable node： 0394b375-5707-4111-b314-9512f0d16dd1 Heaviness: 6 limit: 5
2019-09-20 14:32:57,173 | INFO  | SCMAudit | user=jenkins1000 | ip=192.168.36.99 | op=SEND_HEARTBEAT {datanodeUUID=7cf0c8ed-5ec1-4ccf-8169-28a1425388dc, command=[]} | ret=SUCCESS |  
2019-09-20 14:32:57,177 [grpc-default-executor-1] INFO  impl.RaftServerProxy (RaftServerProxy.java:addNew(89)) - b36edb1e-3cc0-4b5f-b286-dd1e32c8dec6: addNew group-248E47544B24:[b36edb1e-3cc0-4b5f-b286-dd1e32c8dec6:192.168.36.99:44289] returns group-248E47544B24:java.util.concurrent.CompletableFuture@3eb05cb2[Not completed]
2019-09-20 14:32:57,179 [pool-49-thread-1] INFO  impl.RaftServerImpl (RaftServerImpl.java:<init>(93)) - b36edb1e-3cc0-4b5f-b286-dd1e32c8dec6: new RaftServerImpl for group-248E47544B24:[b36edb1e-3cc0-4b5f-b286-dd1e32c8dec6:192.168.36.99:44289] with ContainerStateMachine:uninitialized
2019-09-20 14:32:57,179 [pool-49-thread-1] INFO  server.RaftServerConfigKeys (ConfUtils.java:logGet(43)) - raft.server.rpc.timeout.min = 5s (custom)
2019-09-20 14:32:57,179 [pool-49-thread-1] INFO  server.RaftServerConfigKeys (ConfUtils.java:logGet(43)) - raft.server.rpc.timeout.max = 5200ms (custom)
2019-09-20 14:32:57,179 [pool-49-thread-1] INFO  server.RaftServerConfigKeys (ConfUtils.java:logGet(43)) - raft.server.rpcslowness.timeout = 120s (custom)
2019-09-20 14:32:57,179 [pool-49-thread-1] INFO  server.RaftServerConfigKeys (ConfUtils.java:logGet(43)) - raft.server.sleep.deviation.threshold = 300 (default)
2019-09-20 14:32:57,179 [pool-49-thread-1] INFO  server.RaftServerConfigKeys (ConfUtils.java:logGet(43)) - raft.server.log.appender.install.snapshot.enabled = false (custom)
2019-09-20 14:32:57,180 [pool-49-thread-1] INFO  impl.RaftServerImpl (ServerState.java:<init>(105)) - b36edb1e-3cc0-4b5f-b286-dd1e32c8dec6:group-248E47544B24 ConfigurationManager, init=-1: [b36edb1e-3cc0-4b5f-b286-dd1e32c8dec6:192.168.36.99:44289], old=null, confs=<EMPTY_MAP>
2019-09-20 14:32:57,180 [pool-49-thread-1] INFO  server.RaftServerConfigKeys (ConfUtils.java:logGet(43)) - raft.server.storage.dir = [/workdir/hadoop-ozone/tools/target/test-dir/MiniOzoneClusterImpl-23b1c32f-a31a-4489-b40e-6d88b61ad76b/datanode-2/data/ratis] (custom)
2019-09-20 14:32:57,180 [pool-49-thread-1] INFO  storage.RaftStorageDirectory (RaftStorageDirectory.java:analyzeStorage(246)) - The storage directory /workdir/hadoop-ozone/tools/target/test-dir/MiniOzoneClusterImpl-23b1c32f-a31a-4489-b40e-6d88b61ad76b/datanode-2/data/ratis/6308bdfd-661c-4c61-a1da-248e47544b24 does not exist. Creating ...
2019-09-20 14:32:57,199 [pool-49-thread-1] INFO  storage.RaftStorageDirectory (RaftStorageDirectory.java:tryLock(328)) - Lock on /workdir/hadoop-ozone/tools/target/test-dir/MiniOzoneClusterImpl-23b1c32f-a31a-4489-b40e-6d88b61ad76b/datanode-2/data/ratis/6308bdfd-661c-4c61-a1da-248e47544b24/in_use.lock acquired by nodename 1294@pr-hdds-1569-p5fx8-1226042367
2019-09-20 14:32:57,214 [pool-49-thread-1] INFO  storage.RaftStorage (RaftStorage.java:format(72)) - Storage directory /workdir/hadoop-ozone/tools/target/test-dir/MiniOzoneClusterImpl-23b1c32f-a31a-4489-b40e-6d88b61ad76b/datanode-2/data/ratis/6308bdfd-661c-4c61-a1da-248e47544b24 has been successfully formatted.
2019-09-20 14:32:57,214 [pool-49-thread-1] INFO  ratis.ContainerStateMachine (ContainerStateMachine.java:loadSnapshot(226)) - group-248E47544B24: The snapshot info is null. Setting the last applied indexto:(t:0, i:~)
2019-09-20 14:32:57,215 [pool-49-thread-1] INFO  server.RaftServerConfigKeys (ConfUtils.java:logGet(43)) - raft.server.leader.election.timeout = 120s (custom)
2019-09-20 14:32:57,215 [pool-49-thread-1] INFO  server.RaftServerConfigKeys (ConfUtils.java:logGet(43)) - raft.server.log.use.memory = false (default)
2019-09-20 14:32:57,215 [pool-49-thread-1] INFO  server.RaftServerConfigKeys (ConfUtils.java:logGet(43)) - raft.server.log.purge.gap = 1000000 (custom)
2019-09-20 14:32:57,215 [pool-49-thread-1] INFO  server.RaftServerConfigKeys (ConfUtils.java:logGet(43)) - raft.server.log.appender.buffer.byte-limit = 33554432 (custom)
2019-09-20 14:32:57,216 [pool-49-thread-1] INFO  server.RaftServerConfigKeys (ConfUtils.java:logGet(43)) - raft.server.log.segment.size.max = 1048576 (custom)
2019-09-20 14:32:57,216 [pool-49-thread-1] INFO  server.RaftServerConfigKeys (ConfUtils.java:logGet(43)) - raft.server.log.segment.cache.num.max = 2 (custom)
2019-09-20 14:32:57,216 [pool-49-thread-1] INFO  segmented.SegmentedRaftLogWorker (SegmentedRaftLogWorker.java:<init>(172)) - new b36edb1e-3cc0-4b5f-b286-dd1e32c8dec6-SegmentedRaftLogWorker:Storage Directory /workdir/hadoop-ozone/tools/target/test-dir/MiniOzoneClusterImpl-23b1c32f-a31a-4489-b40e-6d88b61ad76b/datanode-2/data/ratis/6308bdfd-661c-4c61-a1da-248e47544b24 for RaftStorage:Storage Directory /workdir/hadoop-ozone/tools/target/test-dir/MiniOzoneClusterImpl-23b1c32f-a31a-4489-b40e-6d88b61ad76b/datanode-2/data/ratis/6308bdfd-661c-4c61-a1da-248e47544b24
2019-09-20 14:32:57,216 [pool-49-thread-1] INFO  server.RaftServerConfigKeys (ConfUtils.java:logGet(43)) - raft.server.log.queue.byte-limit = 2147483647 (custom)
2019-09-20 14:32:57,216 [pool-49-thread-1] INFO  server.RaftServerConfigKeys (ConfUtils.java:logGet(43)) - raft.server.log.queue.element-limit = 1024 (custom)
2019-09-20 14:32:57,216 [pool-49-thread-1] INFO  server.RaftServerConfigKeys (ConfUtils.java:logGet(43)) - raft.server.log.segment.size.max = 1048576 (custom)
2019-09-20 14:32:57,217 [pool-49-thread-1] INFO  server.RaftServerConfigKeys (ConfUtils.java:logGet(43)) - raft.server.log.preallocated.size = 16384 (custom)
2019-09-20 14:32:57,217 [pool-49-thread-1] INFO  server.RaftServerConfigKeys (ConfUtils.java:logGet(43)) - raft.server.log.write.buffer.size = 33554432 (custom)
2019-09-20 14:32:57,217 [pool-49-thread-1] INFO  server.RaftServerConfigKeys (ConfUtils.java:logGet(43)) - raft.server.log.force.sync.num = 128 (default)
2019-09-20 14:32:57,217 [pool-49-thread-1] INFO  server.RaftServerConfigKeys (ConfUtils.java:logGet(43)) - raft.server.log.statemachine.data.sync = true (default)
2019-09-20 14:32:57,217 [pool-49-thread-1] INFO  server.RaftServerConfigKeys (ConfUtils.java:logGet(43)) - raft.server.log.statemachine.data.sync.timeout = 10s (default)
2019-09-20 14:32:57,218 [pool-49-thread-1] INFO  server.RaftServerConfigKeys (ConfUtils.java:logGet(43)) - raft.server.log.statemachine.data.sync.timeout.retry = -1 (default)
2019-09-20 14:32:57,218 [pool-49-thread-1] INFO  server.RaftServerConfigKeys (ConfUtils.java:logGet(43)) - raft.server.log.statemachine.data.caching.enabled = true (custom)
2019-09-20 14:32:57,218 [pool-49-thread-1] INFO  segmented.SegmentedRaftLogWorker (SegmentedRaftLogWorker.java:lambda$new$0(132)) - b36edb1e-3cc0-4b5f-b286-dd1e32c8dec6-SegmentedRaftLogWorker:Storage Directory /workdir/hadoop-ozone/tools/target/test-dir/MiniOzoneClusterImpl-23b1c32f-a31a-4489-b40e-6d88b61ad76b/datanode-2/data/ratis/6308bdfd-661c-4c61-a1da-248e47544b24: flushIndex: setUnconditionally 0 -> -1
2019-09-20 14:32:57,219 [pool-49-thread-1] INFO  server.RaftServerConfigKeys (ConfUtils.java:logGet(43)) - raft.server.snapshot.auto.trigger.enabled = true (custom)
2019-09-20 14:32:57,219 [pool-49-thread-1] INFO  server.RaftServerConfigKeys (ConfUtils.java:logGet(43)) - raft.server.snapshot.auto.trigger.threshold = 10000 (custom)
2019-09-20 14:32:57,219 [pool-49-thread-1] INFO  server.RaftServerConfigKeys (ConfUtils.java:logGet(43)) - raft.server.retrycache.expirytime = 600000ms (custom)
2019-09-20 14:32:57,219 [pool-49-thread-1] INFO  impl.RaftServerImpl (RaftServerImpl.java:start(180)) - b36edb1e-3cc0-4b5f-b286-dd1e32c8dec6: start group-248E47544B24
2019-09-20 14:32:57,220 [pool-49-thread-1] INFO  impl.RaftServerImpl (RaftServerImpl.java:setRole(171)) - b36edb1e-3cc0-4b5f-b286-dd1e32c8dec6:group-248E47544B24 changes role from null to FOLLOWER at term 0 for startAsFollower
2019-09-20 14:32:57,220 [pool-49-thread-1] INFO  impl.RoleInfo (RoleInfo.java:updateAndGet(143)) - b36edb1e-3cc0-4b5f-b286-dd1e32c8dec6: start FollowerState
2019-09-20 14:32:57,220 [pool-49-thread-1] INFO  util.JmxRegister (JmxRegister.java:tryRegister(44)) - Successfully registered JMX Bean with object name Ratis:service=RaftServer,group=group-248E47544B24,id=b36edb1e-3cc0-4b5f-b286-dd1e32c8dec6
2019-09-20 14:32:57,228 [RatisPipelineUtilsThread] INFO  pipeline.PipelineStateManager (PipelineStateManager.java:addPipeline(56)) - Created pipeline Pipeline[ Id: 6308bdfd-661c-4c61-a1da-248e47544b24, Nodes: b36edb1e-3cc0-4b5f-b286-dd1e32c8dec6{ip: 192.168.36.99, host: pr-hdds-1569-p5fx8-1226042367, networkLocation: /default-rack, certSerialId: null}, Type:RATIS, Factor:ONE, State:OPEN]
2019-09-20 14:32:57,229 [RatisPipelineUtilsThread] INFO  pipeline.PipelinePlacementPolicy (PipelinePlacementPolicy.java:meetCriteria(91)) - Pipeline Placement: Doesn't meet the criteria to be viable node： 0394b375-5707-4111-b314-9512f0d16dd1 Heaviness: 6 limit: 5
2019-09-20 14:32:57,240 [grpc-default-executor-1] INFO  impl.RaftServerProxy (RaftServerProxy.java:addNew(89)) - 7cf0c8ed-5ec1-4ccf-8169-28a1425388dc: addNew group-137766437477:[7cf0c8ed-5ec1-4ccf-8169-28a1425388dc:192.168.36.99:36950] returns group-137766437477:java.util.concurrent.CompletableFuture@3306edf3[Not completed]
2019-09-20 14:32:57,242 [pool-38-thread-1] INFO  impl.RaftServerImpl (RaftServerImpl.java:<init>(93)) - 7cf0c8ed-5ec1-4ccf-8169-28a1425388dc: new RaftServerImpl for group-137766437477:[7cf0c8ed-5ec1-4ccf-8169-28a1425388dc:192.168.36.99:36950] with ContainerStateMachine:uninitialized
2019-09-20 14:32:57,242 [pool-38-thread-1] INFO  server.RaftServerConfigKeys (ConfUtils.java:logGet(43)) - raft.server.rpc.timeout.min = 5s (custom)
2019-09-20 14:32:57,242 [pool-38-thread-1] INFO  server.RaftServerConfigKeys (ConfUtils.java:logGet(43)) - raft.server.rpc.timeout.max = 5200ms (custom)
2019-09-20 14:32:57,242 [pool-38-thread-1] INFO  server.RaftServerConfigKeys (ConfUtils.java:logGet(43)) - raft.server.rpcslowness.timeout = 120s (custom)
2019-09-20 14:32:57,243 [pool-38-thread-1] INFO  server.RaftServerConfigKeys (ConfUtils.java:logGet(43)) - raft.server.sleep.deviation.threshold = 300 (default)
2019-09-20 14:32:57,243 [pool-38-thread-1] INFO  server.RaftServerConfigKeys (ConfUtils.java:logGet(43)) - raft.server.log.appender.install.snapshot.enabled = false (custom)
2019-09-20 14:32:57,243 [pool-38-thread-1] INFO  impl.RaftServerImpl (ServerState.java:<init>(105)) - 7cf0c8ed-5ec1-4ccf-8169-28a1425388dc:group-137766437477 ConfigurationManager, init=-1: [7cf0c8ed-5ec1-4ccf-8169-28a1425388dc:192.168.36.99:36950], old=null, confs=<EMPTY_MAP>
2019-09-20 14:32:57,243 [pool-38-thread-1] INFO  server.RaftServerConfigKeys (ConfUtils.java:logGet(43)) - raft.server.storage.dir = [/workdir/hadoop-ozone/tools/target/test-dir/MiniOzoneClusterImpl-23b1c32f-a31a-4489-b40e-6d88b61ad76b/datanode-1/data/ratis] (custom)
2019-09-20 14:32:57,243 [pool-38-thread-1] INFO  storage.RaftStorageDirectory (RaftStorageDirectory.java:analyzeStorage(246)) - The storage directory /workdir/hadoop-ozone/tools/target/test-dir/MiniOzoneClusterImpl-23b1c32f-a31a-4489-b40e-6d88b61ad76b/datanode-1/data/ratis/2903197d-0e7a-430f-8842-137766437477 does not exist. Creating ...
2019-09-20 14:32:57,266 [pool-38-thread-1] INFO  storage.RaftStorageDirectory (RaftStorageDirectory.java:tryLock(328)) - Lock on /workdir/hadoop-ozone/tools/target/test-dir/MiniOzoneClusterImpl-23b1c32f-a31a-4489-b40e-6d88b61ad76b/datanode-1/data/ratis/2903197d-0e7a-430f-8842-137766437477/in_use.lock acquired by nodename 1294@pr-hdds-1569-p5fx8-1226042367
2019-09-20 14:32:57,287 [pool-38-thread-1] INFO  storage.RaftStorage (RaftStorage.java:format(72)) - Storage directory /workdir/hadoop-ozone/tools/target/test-dir/MiniOzoneClusterImpl-23b1c32f-a31a-4489-b40e-6d88b61ad76b/datanode-1/data/ratis/2903197d-0e7a-430f-8842-137766437477 has been successfully formatted.
2019-09-20 14:32:57,287 [pool-38-thread-1] INFO  ratis.ContainerStateMachine (ContainerStateMachine.java:loadSnapshot(226)) - group-137766437477: The snapshot info is null. Setting the last applied indexto:(t:0, i:~)
2019-09-20 14:32:57,287 [pool-38-thread-1] INFO  server.RaftServerConfigKeys (ConfUtils.java:logGet(43)) - raft.server.leader.election.timeout = 120s (custom)
2019-09-20 14:32:57,288 [pool-38-thread-1] INFO  server.RaftServerConfigKeys (ConfUtils.java:logGet(43)) - raft.server.log.use.memory = false (default)
2019-09-20 14:32:57,288 [pool-38-thread-1] INFO  server.RaftServerConfigKeys (ConfUtils.java:logGet(43)) - raft.server.log.purge.gap = 1000000 (custom)
2019-09-20 14:32:57,288 [pool-38-thread-1] INFO  server.RaftServerConfigKeys (ConfUtils.java:logGet(43)) - raft.server.log.appender.buffer.byte-limit = 33554432 (custom)
2019-09-20 14:32:57,288 [pool-38-thread-1] INFO  server.RaftServerConfigKeys (ConfUtils.java:logGet(43)) - raft.server.log.segment.size.max = 1048576 (custom)
2019-09-20 14:32:57,288 [pool-38-thread-1] INFO  server.RaftServerConfigKeys (ConfUtils.java:logGet(43)) - raft.server.log.segment.cache.num.max = 2 (custom)
2019-09-20 14:32:57,288 [pool-38-thread-1] INFO  segmented.SegmentedRaftLogWorker (SegmentedRaftLogWorker.java:<init>(172)) - new 7cf0c8ed-5ec1-4ccf-8169-28a1425388dc-SegmentedRaftLogWorker:Storage Directory /workdir/hadoop-ozone/tools/target/test-dir/MiniOzoneClusterImpl-23b1c32f-a31a-4489-b40e-6d88b61ad76b/datanode-1/data/ratis/2903197d-0e7a-430f-8842-137766437477 for RaftStorage:Storage Directory /workdir/hadoop-ozone/tools/target/test-dir/MiniOzoneClusterImpl-23b1c32f-a31a-4489-b40e-6d88b61ad76b/datanode-1/data/ratis/2903197d-0e7a-430f-8842-137766437477
2019-09-20 14:32:57,289 [pool-38-thread-1] INFO  server.RaftServerConfigKeys (ConfUtils.java:logGet(43)) - raft.server.log.queue.byte-limit = 2147483647 (custom)
2019-09-20 14:32:57,289 [pool-38-thread-1] INFO  server.RaftServerConfigKeys (ConfUtils.java:logGet(43)) - raft.server.log.queue.element-limit = 1024 (custom)
2019-09-20 14:32:57,289 [pool-38-thread-1] INFO  server.RaftServerConfigKeys (ConfUtils.java:logGet(43)) - raft.server.log.segment.size.max = 1048576 (custom)
2019-09-20 14:32:57,289 [pool-38-thread-1] INFO  server.RaftServerConfigKeys (ConfUtils.java:logGet(43)) - raft.server.log.preallocated.size = 16384 (custom)
2019-09-20 14:32:57,289 [pool-38-thread-1] INFO  server.RaftServerConfigKeys (ConfUtils.java:logGet(43)) - raft.server.log.write.buffer.size = 33554432 (custom)
2019-09-20 14:32:57,289 [pool-38-thread-1] INFO  server.RaftServerConfigKeys (ConfUtils.java:logGet(43)) - raft.server.log.force.sync.num = 128 (default)
2019-09-20 14:32:57,289 [pool-38-thread-1] INFO  server.RaftServerConfigKeys (ConfUtils.java:logGet(43)) - raft.server.log.statemachine.data.sync = true (default)
2019-09-20 14:32:57,290 [pool-38-thread-1] INFO  server.RaftServerConfigKeys (ConfUtils.java:logGet(43)) - raft.server.log.statemachine.data.sync.timeout = 10s (default)
2019-09-20 14:32:57,290 [pool-38-thread-1] INFO  server.RaftServerConfigKeys (ConfUtils.java:logGet(43)) - raft.server.log.statemachine.data.sync.timeout.retry = -1 (default)
2019-09-20 14:32:57,290 [pool-38-thread-1] INFO  server.RaftServerConfigKeys (ConfUtils.java:logGet(43)) - raft.server.log.statemachine.data.caching.enabled = true (custom)
2019-09-20 14:32:57,290 [pool-38-thread-1] INFO  segmented.SegmentedRaftLogWorker (SegmentedRaftLogWorker.java:lambda$new$0(132)) - 7cf0c8ed-5ec1-4ccf-8169-28a1425388dc-SegmentedRaftLogWorker:Storage Directory /workdir/hadoop-ozone/tools/target/test-dir/MiniOzoneClusterImpl-23b1c32f-a31a-4489-b40e-6d88b61ad76b/datanode-1/data/ratis/2903197d-0e7a-430f-8842-137766437477: flushIndex: setUnconditionally 0 -> -1
2019-09-20 14:32:57,291 [pool-38-thread-1] INFO  server.RaftServerConfigKeys (ConfUtils.java:logGet(43)) - raft.server.snapshot.auto.trigger.enabled = true (custom)
2019-09-20 14:32:57,291 [pool-38-thread-1] INFO  server.RaftServerConfigKeys (ConfUtils.java:logGet(43)) - raft.server.snapshot.auto.trigger.threshold = 10000 (custom)
2019-09-20 14:32:57,291 [pool-38-thread-1] INFO  server.RaftServerConfigKeys (ConfUtils.java:logGet(43)) - raft.server.retrycache.expirytime = 600000ms (custom)
2019-09-20 14:32:57,291 [pool-38-thread-1] INFO  impl.RaftServerImpl (RaftServerImpl.java:start(180)) - 7cf0c8ed-5ec1-4ccf-8169-28a1425388dc: start group-137766437477
2019-09-20 14:32:57,291 [pool-38-thread-1] INFO  impl.RaftServerImpl (RaftServerImpl.java:setRole(171)) - 7cf0c8ed-5ec1-4ccf-8169-28a1425388dc:group-137766437477 changes role from null to FOLLOWER at term 0 for startAsFollower
2019-09-20 14:32:57,292 [pool-38-thread-1] INFO  impl.RoleInfo (RoleInfo.java:updateAndGet(143)) - 7cf0c8ed-5ec1-4ccf-8169-28a1425388dc: start FollowerState
2019-09-20 14:32:57,292 [pool-38-thread-1] INFO  util.JmxRegister (JmxRegister.java:tryRegister(44)) - Successfully registered JMX Bean with object name Ratis:service=RaftServer,group=group-137766437477,id=7cf0c8ed-5ec1-4ccf-8169-28a1425388dc
2019-09-20 14:32:57,299 [RatisPipelineUtilsThread] INFO  pipeline.PipelineStateManager (PipelineStateManager.java:addPipeline(56)) - Created pipeline Pipeline[ Id: 2903197d-0e7a-430f-8842-137766437477, Nodes: 7cf0c8ed-5ec1-4ccf-8169-28a1425388dc{ip: 192.168.36.99, host: pr-hdds-1569-p5fx8-1226042367, networkLocation: /default-rack, certSerialId: null}, Type:RATIS, Factor:ONE, State:OPEN]
2019-09-20 14:32:57,300 [RatisPipelineUtilsThread] INFO  pipeline.PipelinePlacementPolicy (PipelinePlacementPolicy.java:meetCriteria(91)) - Pipeline Placement: Doesn't meet the criteria to be viable node： 0394b375-5707-4111-b314-9512f0d16dd1 Heaviness: 6 limit: 5
2019-09-20 14:32:57,310 [grpc-default-executor-1] INFO  impl.RaftServerProxy (RaftServerProxy.java:addNew(89)) - 7cf0c8ed-5ec1-4ccf-8169-28a1425388dc: addNew group-6E8A77502BB8:[7cf0c8ed-5ec1-4ccf-8169-28a1425388dc:192.168.36.99:36950] returns group-6E8A77502BB8:java.util.concurrent.CompletableFuture@26661344[Not completed]
2019-09-20 14:32:57,312 [pool-38-thread-1] INFO  impl.RaftServerImpl (RaftServerImpl.java:<init>(93)) - 7cf0c8ed-5ec1-4ccf-8169-28a1425388dc: new RaftServerImpl for group-6E8A77502BB8:[7cf0c8ed-5ec1-4ccf-8169-28a1425388dc:192.168.36.99:36950] with ContainerStateMachine:uninitialized
2019-09-20 14:32:57,312 [pool-38-thread-1] INFO  server.RaftServerConfigKeys (ConfUtils.java:logGet(43)) - raft.server.rpc.timeout.min = 5s (custom)
2019-09-20 14:32:57,312 [pool-38-thread-1] INFO  server.RaftServerConfigKeys (ConfUtils.java:logGet(43)) - raft.server.rpc.timeout.max = 5200ms (custom)
2019-09-20 14:32:57,312 [pool-38-thread-1] INFO  server.RaftServerConfigKeys (ConfUtils.java:logGet(43)) - raft.server.rpcslowness.timeout = 120s (custom)
2019-09-20 14:32:57,312 [pool-38-thread-1] INFO  server.RaftServerConfigKeys (ConfUtils.java:logGet(43)) - raft.server.sleep.deviation.threshold = 300 (default)
2019-09-20 14:32:57,312 [pool-38-thread-1] INFO  server.RaftServerConfigKeys (ConfUtils.java:logGet(43)) - raft.server.log.appender.install.snapshot.enabled = false (custom)
2019-09-20 14:32:57,312 [pool-38-thread-1] INFO  impl.RaftServerImpl (ServerState.java:<init>(105)) - 7cf0c8ed-5ec1-4ccf-8169-28a1425388dc:group-6E8A77502BB8 ConfigurationManager, init=-1: [7cf0c8ed-5ec1-4ccf-8169-28a1425388dc:192.168.36.99:36950], old=null, confs=<EMPTY_MAP>
2019-09-20 14:32:57,313 [pool-38-thread-1] INFO  server.RaftServerConfigKeys (ConfUtils.java:logGet(43)) - raft.server.storage.dir = [/workdir/hadoop-ozone/tools/target/test-dir/MiniOzoneClusterImpl-23b1c32f-a31a-4489-b40e-6d88b61ad76b/datanode-1/data/ratis] (custom)
2019-09-20 14:32:57,313 [pool-38-thread-1] INFO  storage.RaftStorageDirectory (RaftStorageDirectory.java:analyzeStorage(246)) - The storage directory /workdir/hadoop-ozone/tools/target/test-dir/MiniOzoneClusterImpl-23b1c32f-a31a-4489-b40e-6d88b61ad76b/datanode-1/data/ratis/a861c0bd-af32-4186-8a62-6e8a77502bb8 does not exist. Creating ...
2019-09-20 14:32:57,336 [pool-38-thread-1] INFO  storage.RaftStorageDirectory (RaftStorageDirectory.java:tryLock(328)) - Lock on /workdir/hadoop-ozone/tools/target/test-dir/MiniOzoneClusterImpl-23b1c32f-a31a-4489-b40e-6d88b61ad76b/datanode-1/data/ratis/a861c0bd-af32-4186-8a62-6e8a77502bb8/in_use.lock acquired by nodename 1294@pr-hdds-1569-p5fx8-1226042367
2019-09-20 14:32:57,377 [pool-38-thread-1] INFO  storage.RaftStorage (RaftStorage.java:format(72)) - Storage directory /workdir/hadoop-ozone/tools/target/test-dir/MiniOzoneClusterImpl-23b1c32f-a31a-4489-b40e-6d88b61ad76b/datanode-1/data/ratis/a861c0bd-af32-4186-8a62-6e8a77502bb8 has been successfully formatted.
2019-09-20 14:32:57,378 [pool-38-thread-1] INFO  ratis.ContainerStateMachine (ContainerStateMachine.java:loadSnapshot(226)) - group-6E8A77502BB8: The snapshot info is null. Setting the last applied indexto:(t:0, i:~)
2019-09-20 14:32:57,378 [pool-38-thread-1] INFO  server.RaftServerConfigKeys (ConfUtils.java:logGet(43)) - raft.server.leader.election.timeout = 120s (custom)
2019-09-20 14:32:57,378 [pool-38-thread-1] INFO  server.RaftServerConfigKeys (ConfUtils.java:logGet(43)) - raft.server.log.use.memory = false (default)
2019-09-20 14:32:57,378 [pool-38-thread-1] INFO  server.RaftServerConfigKeys (ConfUtils.java:logGet(43)) - raft.server.log.purge.gap = 1000000 (custom)
2019-09-20 14:32:57,378 [pool-38-thread-1] INFO  server.RaftServerConfigKeys (ConfUtils.java:logGet(43)) - raft.server.log.appender.buffer.byte-limit = 33554432 (custom)
2019-09-20 14:32:57,378 [pool-38-thread-1] INFO  server.RaftServerConfigKeys (ConfUtils.java:logGet(43)) - raft.server.log.segment.size.max = 1048576 (custom)
2019-09-20 14:32:57,379 [pool-38-thread-1] INFO  server.RaftServerConfigKeys (ConfUtils.java:logGet(43)) - raft.server.log.segment.cache.num.max = 2 (custom)
2019-09-20 14:32:57,379 [pool-38-thread-1] INFO  segmented.SegmentedRaftLogWorker (SegmentedRaftLogWorker.java:<init>(172)) - new 7cf0c8ed-5ec1-4ccf-8169-28a1425388dc-SegmentedRaftLogWorker:Storage Directory /workdir/hadoop-ozone/tools/target/test-dir/MiniOzoneClusterImpl-23b1c32f-a31a-4489-b40e-6d88b61ad76b/datanode-1/data/ratis/a861c0bd-af32-4186-8a62-6e8a77502bb8 for RaftStorage:Storage Directory /workdir/hadoop-ozone/tools/target/test-dir/MiniOzoneClusterImpl-23b1c32f-a31a-4489-b40e-6d88b61ad76b/datanode-1/data/ratis/a861c0bd-af32-4186-8a62-6e8a77502bb8
2019-09-20 14:32:57,379 [pool-38-thread-1] INFO  server.RaftServerConfigKeys (ConfUtils.java:logGet(43)) - raft.server.log.queue.byte-limit = 2147483647 (custom)
2019-09-20 14:32:57,379 [pool-38-thread-1] INFO  server.RaftServerConfigKeys (ConfUtils.java:logGet(43)) - raft.server.log.queue.element-limit = 1024 (custom)
2019-09-20 14:32:57,379 [pool-38-thread-1] INFO  server.RaftServerConfigKeys (ConfUtils.java:logGet(43)) - raft.server.log.segment.size.max = 1048576 (custom)
2019-09-20 14:32:57,379 [pool-38-thread-1] INFO  server.RaftServerConfigKeys (ConfUtils.java:logGet(43)) - raft.server.log.preallocated.size = 16384 (custom)
2019-09-20 14:32:57,379 [pool-38-thread-1] INFO  server.RaftServerConfigKeys (ConfUtils.java:logGet(43)) - raft.server.log.write.buffer.size = 33554432 (custom)
2019-09-20 14:32:57,380 [pool-38-thread-1] INFO  server.RaftServerConfigKeys (ConfUtils.java:logGet(43)) - raft.server.log.force.sync.num = 128 (default)
2019-09-20 14:32:57,380 [pool-38-thread-1] INFO  server.RaftServerConfigKeys (ConfUtils.java:logGet(43)) - raft.server.log.statemachine.data.sync = true (default)
2019-09-20 14:32:57,380 [pool-38-thread-1] INFO  server.RaftServerConfigKeys (ConfUtils.java:logGet(43)) - raft.server.log.statemachine.data.sync.timeout = 10s (default)
2019-09-20 14:32:57,380 [pool-38-thread-1] INFO  server.RaftServerConfigKeys (ConfUtils.java:logGet(43)) - raft.server.log.statemachine.data.sync.timeout.retry = -1 (default)
2019-09-20 14:32:57,380 [pool-38-thread-1] INFO  server.RaftServerConfigKeys (ConfUtils.java:logGet(43)) - raft.server.log.statemachine.data.caching.enabled = true (custom)
2019-09-20 14:32:57,380 [pool-38-thread-1] INFO  segmented.SegmentedRaftLogWorker (SegmentedRaftLogWorker.java:lambda$new$0(132)) - 7cf0c8ed-5ec1-4ccf-8169-28a1425388dc-SegmentedRaftLogWorker:Storage Directory /workdir/hadoop-ozone/tools/target/test-dir/MiniOzoneClusterImpl-23b1c32f-a31a-4489-b40e-6d88b61ad76b/datanode-1/data/ratis/a861c0bd-af32-4186-8a62-6e8a77502bb8: flushIndex: setUnconditionally 0 -> -1
2019-09-20 14:32:57,381 [pool-38-thread-1] INFO  server.RaftServerConfigKeys (ConfUtils.java:logGet(43)) - raft.server.snapshot.auto.trigger.enabled = true (custom)
2019-09-20 14:32:57,381 [pool-38-thread-1] INFO  server.RaftServerConfigKeys (ConfUtils.java:logGet(43)) - raft.server.snapshot.auto.trigger.threshold = 10000 (custom)
2019-09-20 14:32:57,381 [pool-38-thread-1] INFO  server.RaftServerConfigKeys (ConfUtils.java:logGet(43)) - raft.server.retrycache.expirytime = 600000ms (custom)
2019-09-20 14:32:57,381 [pool-38-thread-1] INFO  impl.RaftServerImpl (RaftServerImpl.java:start(180)) - 7cf0c8ed-5ec1-4ccf-8169-28a1425388dc: start group-6E8A77502BB8
2019-09-20 14:32:57,381 [pool-38-thread-1] INFO  impl.RaftServerImpl (RaftServerImpl.java:setRole(171)) - 7cf0c8ed-5ec1-4ccf-8169-28a1425388dc:group-6E8A77502BB8 changes role from null to FOLLOWER at term 0 for startAsFollower
2019-09-20 14:32:57,382 [pool-38-thread-1] INFO  impl.RoleInfo (RoleInfo.java:updateAndGet(143)) - 7cf0c8ed-5ec1-4ccf-8169-28a1425388dc: start FollowerState
2019-09-20 14:32:57,382 [pool-38-thread-1] INFO  util.JmxRegister (JmxRegister.java:tryRegister(44)) - Successfully registered JMX Bean with object name Ratis:service=RaftServer,group=group-6E8A77502BB8,id=7cf0c8ed-5ec1-4ccf-8169-28a1425388dc
2019-09-20 14:32:57,391 [RatisPipelineUtilsThread] INFO  pipeline.PipelineStateManager (PipelineStateManager.java:addPipeline(56)) - Created pipeline Pipeline[ Id: a861c0bd-af32-4186-8a62-6e8a77502bb8, Nodes: 7cf0c8ed-5ec1-4ccf-8169-28a1425388dc{ip: 192.168.36.99, host: pr-hdds-1569-p5fx8-1226042367, networkLocation: /default-rack, certSerialId: null}, Type:RATIS, Factor:ONE, State:OPEN]
2019-09-20 14:32:57,392 [RatisPipelineUtilsThread] INFO  pipeline.PipelinePlacementPolicy (PipelinePlacementPolicy.java:meetCriteria(91)) - Pipeline Placement: Doesn't meet the criteria to be viable node： 0394b375-5707-4111-b314-9512f0d16dd1 Heaviness: 6 limit: 5
2019-09-20 14:32:57,402 [grpc-default-executor-1] INFO  impl.RaftServerProxy (RaftServerProxy.java:addNew(89)) - b36edb1e-3cc0-4b5f-b286-dd1e32c8dec6: addNew group-90F76832D029:[b36edb1e-3cc0-4b5f-b286-dd1e32c8dec6:192.168.36.99:44289] returns group-90F76832D029:java.util.concurrent.CompletableFuture@52bfb07d[Not completed]
2019-09-20 14:32:57,404 [pool-49-thread-1] INFO  impl.RaftServerImpl (RaftServerImpl.java:<init>(93)) - b36edb1e-3cc0-4b5f-b286-dd1e32c8dec6: new RaftServerImpl for group-90F76832D029:[b36edb1e-3cc0-4b5f-b286-dd1e32c8dec6:192.168.36.99:44289] with ContainerStateMachine:uninitialized
2019-09-20 14:32:57,405 [pool-49-thread-1] INFO  server.RaftServerConfigKeys (ConfUtils.java:logGet(43)) - raft.server.rpc.timeout.min = 5s (custom)
2019-09-20 14:32:57,405 [pool-49-thread-1] INFO  server.RaftServerConfigKeys (ConfUtils.java:logGet(43)) - raft.server.rpc.timeout.max = 5200ms (custom)
2019-09-20 14:32:57,405 [pool-49-thread-1] INFO  server.RaftServerConfigKeys (ConfUtils.java:logGet(43)) - raft.server.rpcslowness.timeout = 120s (custom)
2019-09-20 14:32:57,405 [pool-49-thread-1] INFO  server.RaftServerConfigKeys (ConfUtils.java:logGet(43)) - raft.server.sleep.deviation.threshold = 300 (default)
2019-09-20 14:32:57,405 [pool-49-thread-1] INFO  server.RaftServerConfigKeys (ConfUtils.java:logGet(43)) - raft.server.log.appender.install.snapshot.enabled = false (custom)
2019-09-20 14:32:57,405 [pool-49-thread-1] INFO  impl.RaftServerImpl (ServerState.java:<init>(105)) - b36edb1e-3cc0-4b5f-b286-dd1e32c8dec6:group-90F76832D029 ConfigurationManager, init=-1: [b36edb1e-3cc0-4b5f-b286-dd1e32c8dec6:192.168.36.99:44289], old=null, confs=<EMPTY_MAP>
2019-09-20 14:32:57,406 [pool-49-thread-1] INFO  server.RaftServerConfigKeys (ConfUtils.java:logGet(43)) - raft.server.storage.dir = [/workdir/hadoop-ozone/tools/target/test-dir/MiniOzoneClusterImpl-23b1c32f-a31a-4489-b40e-6d88b61ad76b/datanode-2/data/ratis] (custom)
2019-09-20 14:32:57,406 [pool-49-thread-1] INFO  storage.RaftStorageDirectory (RaftStorageDirectory.java:analyzeStorage(246)) - The storage directory /workdir/hadoop-ozone/tools/target/test-dir/MiniOzoneClusterImpl-23b1c32f-a31a-4489-b40e-6d88b61ad76b/datanode-2/data/ratis/9903b9a6-a23b-4c4f-8405-90f76832d029 does not exist. Creating ...
2019-09-20 14:32:57,422 [pool-49-thread-1] INFO  storage.RaftStorageDirectory (RaftStorageDirectory.java:tryLock(328)) - Lock on /workdir/hadoop-ozone/tools/target/test-dir/MiniOzoneClusterImpl-23b1c32f-a31a-4489-b40e-6d88b61ad76b/datanode-2/data/ratis/9903b9a6-a23b-4c4f-8405-90f76832d029/in_use.lock acquired by nodename 1294@pr-hdds-1569-p5fx8-1226042367
2019-09-20 14:32:57,441 [pool-49-thread-1] INFO  storage.RaftStorage (RaftStorage.java:format(72)) - Storage directory /workdir/hadoop-ozone/tools/target/test-dir/MiniOzoneClusterImpl-23b1c32f-a31a-4489-b40e-6d88b61ad76b/datanode-2/data/ratis/9903b9a6-a23b-4c4f-8405-90f76832d029 has been successfully formatted.
2019-09-20 14:32:57,442 [pool-49-thread-1] INFO  ratis.ContainerStateMachine (ContainerStateMachine.java:loadSnapshot(226)) - group-90F76832D029: The snapshot info is null. Setting the last applied indexto:(t:0, i:~)
2019-09-20 14:32:57,442 [pool-49-thread-1] INFO  server.RaftServerConfigKeys (ConfUtils.java:logGet(43)) - raft.server.leader.election.timeout = 120s (custom)
2019-09-20 14:32:57,442 [pool-49-thread-1] INFO  server.RaftServerConfigKeys (ConfUtils.java:logGet(43)) - raft.server.log.use.memory = false (default)
2019-09-20 14:32:57,442 [pool-49-thread-1] INFO  server.RaftServerConfigKeys (ConfUtils.java:logGet(43)) - raft.server.log.purge.gap = 1000000 (custom)
2019-09-20 14:32:57,442 [pool-49-thread-1] INFO  server.RaftServerConfigKeys (ConfUtils.java:logGet(43)) - raft.server.log.appender.buffer.byte-limit = 33554432 (custom)
2019-09-20 14:32:57,442 [pool-49-thread-1] INFO  server.RaftServerConfigKeys (ConfUtils.java:logGet(43)) - raft.server.log.segment.size.max = 1048576 (custom)
2019-09-20 14:32:57,443 [pool-49-thread-1] INFO  server.RaftServerConfigKeys (ConfUtils.java:logGet(43)) - raft.server.log.segment.cache.num.max = 2 (custom)
2019-09-20 14:32:57,443 [pool-49-thread-1] INFO  segmented.SegmentedRaftLogWorker (SegmentedRaftLogWorker.java:<init>(172)) - new b36edb1e-3cc0-4b5f-b286-dd1e32c8dec6-SegmentedRaftLogWorker:Storage Directory /workdir/hadoop-ozone/tools/target/test-dir/MiniOzoneClusterImpl-23b1c32f-a31a-4489-b40e-6d88b61ad76b/datanode-2/data/ratis/9903b9a6-a23b-4c4f-8405-90f76832d029 for RaftStorage:Storage Directory /workdir/hadoop-ozone/tools/target/test-dir/MiniOzoneClusterImpl-23b1c32f-a31a-4489-b40e-6d88b61ad76b/datanode-2/data/ratis/9903b9a6-a23b-4c4f-8405-90f76832d029
2019-09-20 14:32:57,443 [pool-49-thread-1] INFO  server.RaftServerConfigKeys (ConfUtils.java:logGet(43)) - raft.server.log.queue.byte-limit = 2147483647 (custom)
2019-09-20 14:32:57,443 [pool-49-thread-1] INFO  server.RaftServerConfigKeys (ConfUtils.java:logGet(43)) - raft.server.log.queue.element-limit = 1024 (custom)
2019-09-20 14:32:57,443 [pool-49-thread-1] INFO  server.RaftServerConfigKeys (ConfUtils.java:logGet(43)) - raft.server.log.segment.size.max = 1048576 (custom)
2019-09-20 14:32:57,444 [pool-49-thread-1] INFO  server.RaftServerConfigKeys (ConfUtils.java:logGet(43)) - raft.server.log.preallocated.size = 16384 (custom)
2019-09-20 14:32:57,444 [pool-49-thread-1] INFO  server.RaftServerConfigKeys (ConfUtils.java:logGet(43)) - raft.server.log.write.buffer.size = 33554432 (custom)
2019-09-20 14:32:57,444 [pool-49-thread-1] INFO  server.RaftServerConfigKeys (ConfUtils.java:logGet(43)) - raft.server.log.force.sync.num = 128 (default)
2019-09-20 14:32:57,444 [pool-49-thread-1] INFO  server.RaftServerConfigKeys (ConfUtils.java:logGet(43)) - raft.server.log.statemachine.data.sync = true (default)
2019-09-20 14:32:57,444 [pool-49-thread-1] INFO  server.RaftServerConfigKeys (ConfUtils.java:logGet(43)) - raft.server.log.statemachine.data.sync.timeout = 10s (default)
2019-09-20 14:32:57,444 [pool-49-thread-1] INFO  server.RaftServerConfigKeys (ConfUtils.java:logGet(43)) - raft.server.log.statemachine.data.sync.timeout.retry = -1 (default)
2019-09-20 14:32:57,445 [pool-49-thread-1] INFO  server.RaftServerConfigKeys (ConfUtils.java:logGet(43)) - raft.server.log.statemachine.data.caching.enabled = true (custom)
2019-09-20 14:32:57,445 [pool-49-thread-1] INFO  segmented.SegmentedRaftLogWorker (SegmentedRaftLogWorker.java:lambda$new$0(132)) - b36edb1e-3cc0-4b5f-b286-dd1e32c8dec6-SegmentedRaftLogWorker:Storage Directory /workdir/hadoop-ozone/tools/target/test-dir/MiniOzoneClusterImpl-23b1c32f-a31a-4489-b40e-6d88b61ad76b/datanode-2/data/ratis/9903b9a6-a23b-4c4f-8405-90f76832d029: flushIndex: setUnconditionally 0 -> -1
2019-09-20 14:32:57,445 [pool-49-thread-1] INFO  server.RaftServerConfigKeys (ConfUtils.java:logGet(43)) - raft.server.snapshot.auto.trigger.enabled = true (custom)
2019-09-20 14:32:57,445 [pool-49-thread-1] INFO  server.RaftServerConfigKeys (ConfUtils.java:logGet(43)) - raft.server.snapshot.auto.trigger.threshold = 10000 (custom)
2019-09-20 14:32:57,446 [pool-49-thread-1] INFO  server.RaftServerConfigKeys (ConfUtils.java:logGet(43)) - raft.server.retrycache.expirytime = 600000ms (custom)
2019-09-20 14:32:57,446 [pool-49-thread-1] INFO  impl.RaftServerImpl (RaftServerImpl.java:start(180)) - b36edb1e-3cc0-4b5f-b286-dd1e32c8dec6: start group-90F76832D029
2019-09-20 14:32:57,446 [pool-49-thread-1] INFO  impl.RaftServerImpl (RaftServerImpl.java:setRole(171)) - b36edb1e-3cc0-4b5f-b286-dd1e32c8dec6:group-90F76832D029 changes role from null to FOLLOWER at term 0 for startAsFollower
2019-09-20 14:32:57,446 [pool-49-thread-1] INFO  impl.RoleInfo (RoleInfo.java:updateAndGet(143)) - b36edb1e-3cc0-4b5f-b286-dd1e32c8dec6: start FollowerState
2019-09-20 14:32:57,447 [pool-49-thread-1] INFO  util.JmxRegister (JmxRegister.java:tryRegister(44)) - Successfully registered JMX Bean with object name Ratis:service=RaftServer,group=group-90F76832D029,id=b36edb1e-3cc0-4b5f-b286-dd1e32c8dec6
2019-09-20 14:32:57,452 [RatisPipelineUtilsThread] INFO  pipeline.PipelineStateManager (PipelineStateManager.java:addPipeline(56)) - Created pipeline Pipeline[ Id: 9903b9a6-a23b-4c4f-8405-90f76832d029, Nodes: b36edb1e-3cc0-4b5f-b286-dd1e32c8dec6{ip: 192.168.36.99, host: pr-hdds-1569-p5fx8-1226042367, networkLocation: /default-rack, certSerialId: null}, Type:RATIS, Factor:ONE, State:OPEN]
2019-09-20 14:32:57,454 [RatisPipelineUtilsThread] INFO  pipeline.PipelinePlacementPolicy (PipelinePlacementPolicy.java:meetCriteria(91)) - Pipeline Placement: Doesn't meet the criteria to be viable node： 0394b375-5707-4111-b314-9512f0d16dd1 Heaviness: 6 limit: 5
2019-09-20 14:32:57,465 [grpc-default-executor-1] INFO  impl.RaftServerProxy (RaftServerProxy.java:addNew(89)) - 7cf0c8ed-5ec1-4ccf-8169-28a1425388dc: addNew group-2EAA8AA1249F:[7cf0c8ed-5ec1-4ccf-8169-28a1425388dc:192.168.36.99:36950] returns group-2EAA8AA1249F:java.util.concurrent.CompletableFuture@4e44d73a[Not completed]
2019-09-20 14:32:57,467 [pool-38-thread-1] INFO  impl.RaftServerImpl (RaftServerImpl.java:<init>(93)) - 7cf0c8ed-5ec1-4ccf-8169-28a1425388dc: new RaftServerImpl for group-2EAA8AA1249F:[7cf0c8ed-5ec1-4ccf-8169-28a1425388dc:192.168.36.99:36950] with ContainerStateMachine:uninitialized
2019-09-20 14:32:57,467 [pool-38-thread-1] INFO  server.RaftServerConfigKeys (ConfUtils.java:logGet(43)) - raft.server.rpc.timeout.min = 5s (custom)
2019-09-20 14:32:57,467 [pool-38-thread-1] INFO  server.RaftServerConfigKeys (ConfUtils.java:logGet(43)) - raft.server.rpc.timeout.max = 5200ms (custom)
2019-09-20 14:32:57,468 [pool-38-thread-1] INFO  server.RaftServerConfigKeys (ConfUtils.java:logGet(43)) - raft.server.rpcslowness.timeout = 120s (custom)
2019-09-20 14:32:57,468 [pool-38-thread-1] INFO  server.RaftServerConfigKeys (ConfUtils.java:logGet(43)) - raft.server.sleep.deviation.threshold = 300 (default)
2019-09-20 14:32:57,468 [pool-38-thread-1] INFO  server.RaftServerConfigKeys (ConfUtils.java:logGet(43)) - raft.server.log.appender.install.snapshot.enabled = false (custom)
2019-09-20 14:32:57,468 [pool-38-thread-1] INFO  impl.RaftServerImpl (ServerState.java:<init>(105)) - 7cf0c8ed-5ec1-4ccf-8169-28a1425388dc:group-2EAA8AA1249F ConfigurationManager, init=-1: [7cf0c8ed-5ec1-4ccf-8169-28a1425388dc:192.168.36.99:36950], old=null, confs=<EMPTY_MAP>
2019-09-20 14:32:57,468 [pool-38-thread-1] INFO  server.RaftServerConfigKeys (ConfUtils.java:logGet(43)) - raft.server.storage.dir = [/workdir/hadoop-ozone/tools/target/test-dir/MiniOzoneClusterImpl-23b1c32f-a31a-4489-b40e-6d88b61ad76b/datanode-1/data/ratis] (custom)
2019-09-20 14:32:57,469 [pool-38-thread-1] INFO  storage.RaftStorageDirectory (RaftStorageDirectory.java:analyzeStorage(246)) - The storage directory /workdir/hadoop-ozone/tools/target/test-dir/MiniOzoneClusterImpl-23b1c32f-a31a-4489-b40e-6d88b61ad76b/datanode-1/data/ratis/0ee46574-5e99-47f3-8473-2eaa8aa1249f does not exist. Creating ...
2019-09-20 14:32:57,473 | INFO  | SCMAudit | user=jenkins1000 | ip=192.168.36.99 | op=SEND_HEARTBEAT {datanodeUUID=b36edb1e-3cc0-4b5f-b286-dd1e32c8dec6, command=[]} | ret=SUCCESS |  
2019-09-20 14:32:57,492 [pool-38-thread-1] INFO  storage.RaftStorageDirectory (RaftStorageDirectory.java:tryLock(328)) - Lock on /workdir/hadoop-ozone/tools/target/test-dir/MiniOzoneClusterImpl-23b1c32f-a31a-4489-b40e-6d88b61ad76b/datanode-1/data/ratis/0ee46574-5e99-47f3-8473-2eaa8aa1249f/in_use.lock acquired by nodename 1294@pr-hdds-1569-p5fx8-1226042367
2019-09-20 14:32:57,511 [pool-38-thread-1] INFO  storage.RaftStorage (RaftStorage.java:format(72)) - Storage directory /workdir/hadoop-ozone/tools/target/test-dir/MiniOzoneClusterImpl-23b1c32f-a31a-4489-b40e-6d88b61ad76b/datanode-1/data/ratis/0ee46574-5e99-47f3-8473-2eaa8aa1249f has been successfully formatted.
2019-09-20 14:32:57,511 [pool-38-thread-1] INFO  ratis.ContainerStateMachine (ContainerStateMachine.java:loadSnapshot(226)) - group-2EAA8AA1249F: The snapshot info is null. Setting the last applied indexto:(t:0, i:~)
2019-09-20 14:32:57,512 [pool-38-thread-1] INFO  server.RaftServerConfigKeys (ConfUtils.java:logGet(43)) - raft.server.leader.election.timeout = 120s (custom)
2019-09-20 14:32:57,512 [pool-38-thread-1] INFO  server.RaftServerConfigKeys (ConfUtils.java:logGet(43)) - raft.server.log.use.memory = false (default)
2019-09-20 14:32:57,512 [pool-38-thread-1] INFO  server.RaftServerConfigKeys (ConfUtils.java:logGet(43)) - raft.server.log.purge.gap = 1000000 (custom)
2019-09-20 14:32:57,512 [pool-38-thread-1] INFO  server.RaftServerConfigKeys (ConfUtils.java:logGet(43)) - raft.server.log.appender.buffer.byte-limit = 33554432 (custom)
2019-09-20 14:32:57,512 [pool-38-thread-1] INFO  server.RaftServerConfigKeys (ConfUtils.java:logGet(43)) - raft.server.log.segment.size.max = 1048576 (custom)
2019-09-20 14:32:57,513 [pool-38-thread-1] INFO  server.RaftServerConfigKeys (ConfUtils.java:logGet(43)) - raft.server.log.segment.cache.num.max = 2 (custom)
2019-09-20 14:32:57,513 [pool-38-thread-1] INFO  segmented.SegmentedRaftLogWorker (SegmentedRaftLogWorker.java:<init>(172)) - new 7cf0c8ed-5ec1-4ccf-8169-28a1425388dc-SegmentedRaftLogWorker:Storage Directory /workdir/hadoop-ozone/tools/target/test-dir/MiniOzoneClusterImpl-23b1c32f-a31a-4489-b40e-6d88b61ad76b/datanode-1/data/ratis/0ee46574-5e99-47f3-8473-2eaa8aa1249f for RaftStorage:Storage Directory /workdir/hadoop-ozone/tools/target/test-dir/MiniOzoneClusterImpl-23b1c32f-a31a-4489-b40e-6d88b61ad76b/datanode-1/data/ratis/0ee46574-5e99-47f3-8473-2eaa8aa1249f
2019-09-20 14:32:57,513 [pool-38-thread-1] INFO  server.RaftServerConfigKeys (ConfUtils.java:logGet(43)) - raft.server.log.queue.byte-limit = 2147483647 (custom)
2019-09-20 14:32:57,513 [pool-38-thread-1] INFO  server.RaftServerConfigKeys (ConfUtils.java:logGet(43)) - raft.server.log.queue.element-limit = 1024 (custom)
2019-09-20 14:32:57,513 [pool-38-thread-1] INFO  server.RaftServerConfigKeys (ConfUtils.java:logGet(43)) - raft.server.log.segment.size.max = 1048576 (custom)
2019-09-20 14:32:57,513 [pool-38-thread-1] INFO  server.RaftServerConfigKeys (ConfUtils.java:logGet(43)) - raft.server.log.preallocated.size = 16384 (custom)
2019-09-20 14:32:57,514 [pool-38-thread-1] INFO  server.RaftServerConfigKeys (ConfUtils.java:logGet(43)) - raft.server.log.write.buffer.size = 33554432 (custom)
2019-09-20 14:32:57,514 [pool-38-thread-1] INFO  server.RaftServerConfigKeys (ConfUtils.java:logGet(43)) - raft.server.log.force.sync.num = 128 (default)
2019-09-20 14:32:57,514 [pool-38-thread-1] INFO  server.RaftServerConfigKeys (ConfUtils.java:logGet(43)) - raft.server.log.statemachine.data.sync = true (default)
2019-09-20 14:32:57,514 [pool-38-thread-1] INFO  server.RaftServerConfigKeys (ConfUtils.java:logGet(43)) - raft.server.log.statemachine.data.sync.timeout = 10s (default)
2019-09-20 14:32:57,514 [pool-38-thread-1] INFO  server.RaftServerConfigKeys (ConfUtils.java:logGet(43)) - raft.server.log.statemachine.data.sync.timeout.retry = -1 (default)
2019-09-20 14:32:57,514 [pool-38-thread-1] INFO  server.RaftServerConfigKeys (ConfUtils.java:logGet(43)) - raft.server.log.statemachine.data.caching.enabled = true (custom)
2019-09-20 14:32:57,515 [pool-38-thread-1] INFO  segmented.SegmentedRaftLogWorker (SegmentedRaftLogWorker.java:lambda$new$0(132)) - 7cf0c8ed-5ec1-4ccf-8169-28a1425388dc-SegmentedRaftLogWorker:Storage Directory /workdir/hadoop-ozone/tools/target/test-dir/MiniOzoneClusterImpl-23b1c32f-a31a-4489-b40e-6d88b61ad76b/datanode-1/data/ratis/0ee46574-5e99-47f3-8473-2eaa8aa1249f: flushIndex: setUnconditionally 0 -> -1
2019-09-20 14:32:57,515 [pool-38-thread-1] INFO  server.RaftServerConfigKeys (ConfUtils.java:logGet(43)) - raft.server.snapshot.auto.trigger.enabled = true (custom)
2019-09-20 14:32:57,515 [pool-38-thread-1] INFO  server.RaftServerConfigKeys (ConfUtils.java:logGet(43)) - raft.server.snapshot.auto.trigger.threshold = 10000 (custom)
2019-09-20 14:32:57,515 [pool-38-thread-1] INFO  server.RaftServerConfigKeys (ConfUtils.java:logGet(43)) - raft.server.retrycache.expirytime = 600000ms (custom)
2019-09-20 14:32:57,516 [pool-38-thread-1] INFO  impl.RaftServerImpl (RaftServerImpl.java:start(180)) - 7cf0c8ed-5ec1-4ccf-8169-28a1425388dc: start group-2EAA8AA1249F
2019-09-20 14:32:57,516 [pool-38-thread-1] INFO  impl.RaftServerImpl (RaftServerImpl.java:setRole(171)) - 7cf0c8ed-5ec1-4ccf-8169-28a1425388dc:group-2EAA8AA1249F changes role from null to FOLLOWER at term 0 for startAsFollower
2019-09-20 14:32:57,516 [pool-38-thread-1] INFO  impl.RoleInfo (RoleInfo.java:updateAndGet(143)) - 7cf0c8ed-5ec1-4ccf-8169-28a1425388dc: start FollowerState
2019-09-20 14:32:57,516 [pool-38-thread-1] INFO  util.JmxRegister (JmxRegister.java:tryRegister(44)) - Successfully registered JMX Bean with object name Ratis:service=RaftServer,group=group-2EAA8AA1249F,id=7cf0c8ed-5ec1-4ccf-8169-28a1425388dc
2019-09-20 14:32:57,521 [RatisPipelineUtilsThread] INFO  pipeline.PipelineStateManager (PipelineStateManager.java:addPipeline(56)) - Created pipeline Pipeline[ Id: 0ee46574-5e99-47f3-8473-2eaa8aa1249f, Nodes: 7cf0c8ed-5ec1-4ccf-8169-28a1425388dc{ip: 192.168.36.99, host: pr-hdds-1569-p5fx8-1226042367, networkLocation: /default-rack, certSerialId: null}, Type:RATIS, Factor:ONE, State:OPEN]
2019-09-20 14:32:57,522 [RatisPipelineUtilsThread] INFO  pipeline.PipelinePlacementPolicy (PipelinePlacementPolicy.java:meetCriteria(91)) - Pipeline Placement: Doesn't meet the criteria to be viable node： 0394b375-5707-4111-b314-9512f0d16dd1 Heaviness: 6 limit: 5
2019-09-20 14:32:57,537 [grpc-default-executor-1] INFO  impl.RaftServerProxy (RaftServerProxy.java:addNew(89)) - 7cf0c8ed-5ec1-4ccf-8169-28a1425388dc: addNew group-A8B9F1003409:[7cf0c8ed-5ec1-4ccf-8169-28a1425388dc:192.168.36.99:36950] returns group-A8B9F1003409:java.util.concurrent.CompletableFuture@ea10010[Not completed]
2019-09-20 14:32:57,538 [pool-38-thread-1] INFO  impl.RaftServerImpl (RaftServerImpl.java:<init>(93)) - 7cf0c8ed-5ec1-4ccf-8169-28a1425388dc: new RaftServerImpl for group-A8B9F1003409:[7cf0c8ed-5ec1-4ccf-8169-28a1425388dc:192.168.36.99:36950] with ContainerStateMachine:uninitialized
2019-09-20 14:32:57,538 [pool-38-thread-1] INFO  server.RaftServerConfigKeys (ConfUtils.java:logGet(43)) - raft.server.rpc.timeout.min = 5s (custom)
2019-09-20 14:32:57,538 [pool-38-thread-1] INFO  server.RaftServerConfigKeys (ConfUtils.java:logGet(43)) - raft.server.rpc.timeout.max = 5200ms (custom)
2019-09-20 14:32:57,538 [pool-38-thread-1] INFO  server.RaftServerConfigKeys (ConfUtils.java:logGet(43)) - raft.server.rpcslowness.timeout = 120s (custom)
2019-09-20 14:32:57,539 [pool-38-thread-1] INFO  server.RaftServerConfigKeys (ConfUtils.java:logGet(43)) - raft.server.sleep.deviation.threshold = 300 (default)
2019-09-20 14:32:57,539 [pool-38-thread-1] INFO  server.RaftServerConfigKeys (ConfUtils.java:logGet(43)) - raft.server.log.appender.install.snapshot.enabled = false (custom)
2019-09-20 14:32:57,539 [pool-38-thread-1] INFO  impl.RaftServerImpl (ServerState.java:<init>(105)) - 7cf0c8ed-5ec1-4ccf-8169-28a1425388dc:group-A8B9F1003409 ConfigurationManager, init=-1: [7cf0c8ed-5ec1-4ccf-8169-28a1425388dc:192.168.36.99:36950], old=null, confs=<EMPTY_MAP>
2019-09-20 14:32:57,539 [pool-38-thread-1] INFO  server.RaftServerConfigKeys (ConfUtils.java:logGet(43)) - raft.server.storage.dir = [/workdir/hadoop-ozone/tools/target/test-dir/MiniOzoneClusterImpl-23b1c32f-a31a-4489-b40e-6d88b61ad76b/datanode-1/data/ratis] (custom)
2019-09-20 14:32:57,539 [pool-38-thread-1] INFO  storage.RaftStorageDirectory (RaftStorageDirectory.java:analyzeStorage(246)) - The storage directory /workdir/hadoop-ozone/tools/target/test-dir/MiniOzoneClusterImpl-23b1c32f-a31a-4489-b40e-6d88b61ad76b/datanode-1/data/ratis/895486cd-ed47-4ec5-aeb3-a8b9f1003409 does not exist. Creating ...
2019-09-20 14:32:57,556 [pool-38-thread-1] INFO  storage.RaftStorageDirectory (RaftStorageDirectory.java:tryLock(328)) - Lock on /workdir/hadoop-ozone/tools/target/test-dir/MiniOzoneClusterImpl-23b1c32f-a31a-4489-b40e-6d88b61ad76b/datanode-1/data/ratis/895486cd-ed47-4ec5-aeb3-a8b9f1003409/in_use.lock acquired by nodename 1294@pr-hdds-1569-p5fx8-1226042367
2019-09-20 14:32:57,594 [pool-38-thread-1] INFO  storage.RaftStorage (RaftStorage.java:format(72)) - Storage directory /workdir/hadoop-ozone/tools/target/test-dir/MiniOzoneClusterImpl-23b1c32f-a31a-4489-b40e-6d88b61ad76b/datanode-1/data/ratis/895486cd-ed47-4ec5-aeb3-a8b9f1003409 has been successfully formatted.
2019-09-20 14:32:57,594 [pool-38-thread-1] INFO  ratis.ContainerStateMachine (ContainerStateMachine.java:loadSnapshot(226)) - group-A8B9F1003409: The snapshot info is null. Setting the last applied indexto:(t:0, i:~)
2019-09-20 14:32:57,594 [pool-38-thread-1] INFO  server.RaftServerConfigKeys (ConfUtils.java:logGet(43)) - raft.server.leader.election.timeout = 120s (custom)
2019-09-20 14:32:57,595 [pool-38-thread-1] INFO  server.RaftServerConfigKeys (ConfUtils.java:logGet(43)) - raft.server.log.use.memory = false (default)
2019-09-20 14:32:57,595 [pool-38-thread-1] INFO  server.RaftServerConfigKeys (ConfUtils.java:logGet(43)) - raft.server.log.purge.gap = 1000000 (custom)
2019-09-20 14:32:57,595 [pool-38-thread-1] INFO  server.RaftServerConfigKeys (ConfUtils.java:logGet(43)) - raft.server.log.appender.buffer.byte-limit = 33554432 (custom)
2019-09-20 14:32:57,595 [pool-38-thread-1] INFO  server.RaftServerConfigKeys (ConfUtils.java:logGet(43)) - raft.server.log.segment.size.max = 1048576 (custom)
2019-09-20 14:32:57,596 [pool-38-thread-1] INFO  server.RaftServerConfigKeys (ConfUtils.java:logGet(43)) - raft.server.log.segment.cache.num.max = 2 (custom)
2019-09-20 14:32:57,596 [pool-38-thread-1] INFO  segmented.SegmentedRaftLogWorker (SegmentedRaftLogWorker.java:<init>(172)) - new 7cf0c8ed-5ec1-4ccf-8169-28a1425388dc-SegmentedRaftLogWorker:Storage Directory /workdir/hadoop-ozone/tools/target/test-dir/MiniOzoneClusterImpl-23b1c32f-a31a-4489-b40e-6d88b61ad76b/datanode-1/data/ratis/895486cd-ed47-4ec5-aeb3-a8b9f1003409 for RaftStorage:Storage Directory /workdir/hadoop-ozone/tools/target/test-dir/MiniOzoneClusterImpl-23b1c32f-a31a-4489-b40e-6d88b61ad76b/datanode-1/data/ratis/895486cd-ed47-4ec5-aeb3-a8b9f1003409
2019-09-20 14:32:57,596 [pool-38-thread-1] INFO  server.RaftServerConfigKeys (ConfUtils.java:logGet(43)) - raft.server.log.queue.byte-limit = 2147483647 (custom)
2019-09-20 14:32:57,596 [pool-38-thread-1] INFO  server.RaftServerConfigKeys (ConfUtils.java:logGet(43)) - raft.server.log.queue.element-limit = 1024 (custom)
2019-09-20 14:32:57,596 [pool-38-thread-1] INFO  server.RaftServerConfigKeys (ConfUtils.java:logGet(43)) - raft.server.log.segment.size.max = 1048576 (custom)
2019-09-20 14:32:57,597 [pool-38-thread-1] INFO  server.RaftServerConfigKeys (ConfUtils.java:logGet(43)) - raft.server.log.preallocated.size = 16384 (custom)
2019-09-20 14:32:57,597 [pool-38-thread-1] INFO  server.RaftServerConfigKeys (ConfUtils.java:logGet(43)) - raft.server.log.write.buffer.size = 33554432 (custom)
2019-09-20 14:32:57,598 [pool-38-thread-1] INFO  server.RaftServerConfigKeys (ConfUtils.java:logGet(43)) - raft.server.log.force.sync.num = 128 (default)
2019-09-20 14:32:57,598 [pool-38-thread-1] INFO  server.RaftServerConfigKeys (ConfUtils.java:logGet(43)) - raft.server.log.statemachine.data.sync = true (default)
2019-09-20 14:32:57,598 [pool-38-thread-1] INFO  server.RaftServerConfigKeys (ConfUtils.java:logGet(43)) - raft.server.log.statemachine.data.sync.timeout = 10s (default)
2019-09-20 14:32:57,598 [pool-38-thread-1] INFO  server.RaftServerConfigKeys (ConfUtils.java:logGet(43)) - raft.server.log.statemachine.data.sync.timeout.retry = -1 (default)
2019-09-20 14:32:57,598 [pool-38-thread-1] INFO  server.RaftServerConfigKeys (ConfUtils.java:logGet(43)) - raft.server.log.statemachine.data.caching.enabled = true (custom)
2019-09-20 14:32:57,599 [pool-38-thread-1] INFO  segmented.SegmentedRaftLogWorker (SegmentedRaftLogWorker.java:lambda$new$0(132)) - 7cf0c8ed-5ec1-4ccf-8169-28a1425388dc-SegmentedRaftLogWorker:Storage Directory /workdir/hadoop-ozone/tools/target/test-dir/MiniOzoneClusterImpl-23b1c32f-a31a-4489-b40e-6d88b61ad76b/datanode-1/data/ratis/895486cd-ed47-4ec5-aeb3-a8b9f1003409: flushIndex: setUnconditionally 0 -> -1
2019-09-20 14:32:57,599 [pool-38-thread-1] INFO  server.RaftServerConfigKeys (ConfUtils.java:logGet(43)) - raft.server.snapshot.auto.trigger.enabled = true (custom)
2019-09-20 14:32:57,600 [pool-38-thread-1] INFO  server.RaftServerConfigKeys (ConfUtils.java:logGet(43)) - raft.server.snapshot.auto.trigger.threshold = 10000 (custom)
2019-09-20 14:32:57,600 [pool-38-thread-1] INFO  server.RaftServerConfigKeys (ConfUtils.java:logGet(43)) - raft.server.retrycache.expirytime = 600000ms (custom)
2019-09-20 14:32:57,600 [pool-38-thread-1] INFO  impl.RaftServerImpl (RaftServerImpl.java:start(180)) - 7cf0c8ed-5ec1-4ccf-8169-28a1425388dc: start group-A8B9F1003409
2019-09-20 14:32:57,600 [pool-38-thread-1] INFO  impl.RaftServerImpl (RaftServerImpl.java:setRole(171)) - 7cf0c8ed-5ec1-4ccf-8169-28a1425388dc:group-A8B9F1003409 changes role from null to FOLLOWER at term 0 for startAsFollower
2019-09-20 14:32:57,600 [pool-38-thread-1] INFO  impl.RoleInfo (RoleInfo.java:updateAndGet(143)) - 7cf0c8ed-5ec1-4ccf-8169-28a1425388dc: start FollowerState
2019-09-20 14:32:57,601 [pool-38-thread-1] INFO  util.JmxRegister (JmxRegister.java:tryRegister(44)) - Successfully registered JMX Bean with object name Ratis:service=RaftServer,group=group-A8B9F1003409,id=7cf0c8ed-5ec1-4ccf-8169-28a1425388dc
2019-09-20 14:32:57,607 [RatisPipelineUtilsThread] INFO  pipeline.PipelineStateManager (PipelineStateManager.java:addPipeline(56)) - Created pipeline Pipeline[ Id: 895486cd-ed47-4ec5-aeb3-a8b9f1003409, Nodes: 7cf0c8ed-5ec1-4ccf-8169-28a1425388dc{ip: 192.168.36.99, host: pr-hdds-1569-p5fx8-1226042367, networkLocation: /default-rack, certSerialId: null}, Type:RATIS, Factor:ONE, State:OPEN]
2019-09-20 14:32:57,608 [RatisPipelineUtilsThread] INFO  pipeline.PipelinePlacementPolicy (PipelinePlacementPolicy.java:meetCriteria(91)) - Pipeline Placement: Doesn't meet the criteria to be viable node： 0394b375-5707-4111-b314-9512f0d16dd1 Heaviness: 6 limit: 5
2019-09-20 14:32:57,608 [RatisPipelineUtilsThread] INFO  pipeline.PipelinePlacementPolicy (PipelinePlacementPolicy.java:meetCriteria(91)) - Pipeline Placement: Doesn't meet the criteria to be viable node： 7cf0c8ed-5ec1-4ccf-8169-28a1425388dc Heaviness: 6 limit: 5
2019-09-20 14:32:57,617 [grpc-default-executor-1] INFO  impl.RaftServerProxy (RaftServerProxy.java:addNew(89)) - b36edb1e-3cc0-4b5f-b286-dd1e32c8dec6: addNew group-A580DFFE2194:[b36edb1e-3cc0-4b5f-b286-dd1e32c8dec6:192.168.36.99:44289] returns group-A580DFFE2194:java.util.concurrent.CompletableFuture@3ac6d891[Not completed]
2019-09-20 14:32:57,619 [pool-49-thread-1] INFO  impl.RaftServerImpl (RaftServerImpl.java:<init>(93)) - b36edb1e-3cc0-4b5f-b286-dd1e32c8dec6: new RaftServerImpl for group-A580DFFE2194:[b36edb1e-3cc0-4b5f-b286-dd1e32c8dec6:192.168.36.99:44289] with ContainerStateMachine:uninitialized
2019-09-20 14:32:57,619 [pool-49-thread-1] INFO  server.RaftServerConfigKeys (ConfUtils.java:logGet(43)) - raft.server.rpc.timeout.min = 5s (custom)
2019-09-20 14:32:57,620 [pool-49-thread-1] INFO  server.RaftServerConfigKeys (ConfUtils.java:logGet(43)) - raft.server.rpc.timeout.max = 5200ms (custom)
2019-09-20 14:32:57,620 [pool-49-thread-1] INFO  server.RaftServerConfigKeys (ConfUtils.java:logGet(43)) - raft.server.rpcslowness.timeout = 120s (custom)
2019-09-20 14:32:57,620 [pool-49-thread-1] INFO  server.RaftServerConfigKeys (ConfUtils.java:logGet(43)) - raft.server.sleep.deviation.threshold = 300 (default)
2019-09-20 14:32:57,620 [pool-49-thread-1] INFO  server.RaftServerConfigKeys (ConfUtils.java:logGet(43)) - raft.server.log.appender.install.snapshot.enabled = false (custom)
2019-09-20 14:32:57,620 [pool-49-thread-1] INFO  impl.RaftServerImpl (ServerState.java:<init>(105)) - b36edb1e-3cc0-4b5f-b286-dd1e32c8dec6:group-A580DFFE2194 ConfigurationManager, init=-1: [b36edb1e-3cc0-4b5f-b286-dd1e32c8dec6:192.168.36.99:44289], old=null, confs=<EMPTY_MAP>
2019-09-20 14:32:57,620 [pool-49-thread-1] INFO  server.RaftServerConfigKeys (ConfUtils.java:logGet(43)) - raft.server.storage.dir = [/workdir/hadoop-ozone/tools/target/test-dir/MiniOzoneClusterImpl-23b1c32f-a31a-4489-b40e-6d88b61ad76b/datanode-2/data/ratis] (custom)
2019-09-20 14:32:57,621 [pool-49-thread-1] INFO  storage.RaftStorageDirectory (RaftStorageDirectory.java:analyzeStorage(246)) - The storage directory /workdir/hadoop-ozone/tools/target/test-dir/MiniOzoneClusterImpl-23b1c32f-a31a-4489-b40e-6d88b61ad76b/datanode-2/data/ratis/4334432d-dd67-462f-91b6-a580dffe2194 does not exist. Creating ...
2019-09-20 14:32:57,636 [pool-49-thread-1] INFO  storage.RaftStorageDirectory (RaftStorageDirectory.java:tryLock(328)) - Lock on /workdir/hadoop-ozone/tools/target/test-dir/MiniOzoneClusterImpl-23b1c32f-a31a-4489-b40e-6d88b61ad76b/datanode-2/data/ratis/4334432d-dd67-462f-91b6-a580dffe2194/in_use.lock acquired by nodename 1294@pr-hdds-1569-p5fx8-1226042367
2019-09-20 14:32:57,661 [pool-49-thread-1] INFO  storage.RaftStorage (RaftStorage.java:format(72)) - Storage directory /workdir/hadoop-ozone/tools/target/test-dir/MiniOzoneClusterImpl-23b1c32f-a31a-4489-b40e-6d88b61ad76b/datanode-2/data/ratis/4334432d-dd67-462f-91b6-a580dffe2194 has been successfully formatted.
2019-09-20 14:32:57,661 [pool-49-thread-1] INFO  ratis.ContainerStateMachine (ContainerStateMachine.java:loadSnapshot(226)) - group-A580DFFE2194: The snapshot info is null. Setting the last applied indexto:(t:0, i:~)
2019-09-20 14:32:57,662 [pool-49-thread-1] INFO  server.RaftServerConfigKeys (ConfUtils.java:logGet(43)) - raft.server.leader.election.timeout = 120s (custom)
2019-09-20 14:32:57,662 [pool-49-thread-1] INFO  server.RaftServerConfigKeys (ConfUtils.java:logGet(43)) - raft.server.log.use.memory = false (default)
2019-09-20 14:32:57,662 [pool-49-thread-1] INFO  server.RaftServerConfigKeys (ConfUtils.java:logGet(43)) - raft.server.log.purge.gap = 1000000 (custom)
2019-09-20 14:32:57,662 [pool-49-thread-1] INFO  server.RaftServerConfigKeys (ConfUtils.java:logGet(43)) - raft.server.log.appender.buffer.byte-limit = 33554432 (custom)
2019-09-20 14:32:57,662 [pool-49-thread-1] INFO  server.RaftServerConfigKeys (ConfUtils.java:logGet(43)) - raft.server.log.segment.size.max = 1048576 (custom)
2019-09-20 14:32:57,663 [pool-49-thread-1] INFO  server.RaftServerConfigKeys (ConfUtils.java:logGet(43)) - raft.server.log.segment.cache.num.max = 2 (custom)
2019-09-20 14:32:57,663 [pool-49-thread-1] INFO  segmented.SegmentedRaftLogWorker (SegmentedRaftLogWorker.java:<init>(172)) - new b36edb1e-3cc0-4b5f-b286-dd1e32c8dec6-SegmentedRaftLogWorker:Storage Directory /workdir/hadoop-ozone/tools/target/test-dir/MiniOzoneClusterImpl-23b1c32f-a31a-4489-b40e-6d88b61ad76b/datanode-2/data/ratis/4334432d-dd67-462f-91b6-a580dffe2194 for RaftStorage:Storage Directory /workdir/hadoop-ozone/tools/target/test-dir/MiniOzoneClusterImpl-23b1c32f-a31a-4489-b40e-6d88b61ad76b/datanode-2/data/ratis/4334432d-dd67-462f-91b6-a580dffe2194
2019-09-20 14:32:57,663 [pool-49-thread-1] INFO  server.RaftServerConfigKeys (ConfUtils.java:logGet(43)) - raft.server.log.queue.byte-limit = 2147483647 (custom)
2019-09-20 14:32:57,663 [pool-49-thread-1] INFO  server.RaftServerConfigKeys (ConfUtils.java:logGet(43)) - raft.server.log.queue.element-limit = 1024 (custom)
2019-09-20 14:32:57,663 [pool-49-thread-1] INFO  server.RaftServerConfigKeys (ConfUtils.java:logGet(43)) - raft.server.log.segment.size.max = 1048576 (custom)
2019-09-20 14:32:57,663 [pool-49-thread-1] INFO  server.RaftServerConfigKeys (ConfUtils.java:logGet(43)) - raft.server.log.preallocated.size = 16384 (custom)
2019-09-20 14:32:57,664 [pool-49-thread-1] INFO  server.RaftServerConfigKeys (ConfUtils.java:logGet(43)) - raft.server.log.write.buffer.size = 33554432 (custom)
2019-09-20 14:32:57,664 [pool-49-thread-1] INFO  server.RaftServerConfigKeys (ConfUtils.java:logGet(43)) - raft.server.log.force.sync.num = 128 (default)
2019-09-20 14:32:57,664 [pool-49-thread-1] INFO  server.RaftServerConfigKeys (ConfUtils.java:logGet(43)) - raft.server.log.statemachine.data.sync = true (default)
2019-09-20 14:32:57,664 [pool-49-thread-1] INFO  server.RaftServerConfigKeys (ConfUtils.java:logGet(43)) - raft.server.log.statemachine.data.sync.timeout = 10s (default)
2019-09-20 14:32:57,664 [pool-49-thread-1] INFO  server.RaftServerConfigKeys (ConfUtils.java:logGet(43)) - raft.server.log.statemachine.data.sync.timeout.retry = -1 (default)
2019-09-20 14:32:57,665 [pool-49-thread-1] INFO  server.RaftServerConfigKeys (ConfUtils.java:logGet(43)) - raft.server.log.statemachine.data.caching.enabled = true (custom)
2019-09-20 14:32:57,665 [pool-49-thread-1] INFO  segmented.SegmentedRaftLogWorker (SegmentedRaftLogWorker.java:lambda$new$0(132)) - b36edb1e-3cc0-4b5f-b286-dd1e32c8dec6-SegmentedRaftLogWorker:Storage Directory /workdir/hadoop-ozone/tools/target/test-dir/MiniOzoneClusterImpl-23b1c32f-a31a-4489-b40e-6d88b61ad76b/datanode-2/data/ratis/4334432d-dd67-462f-91b6-a580dffe2194: flushIndex: setUnconditionally 0 -> -1
2019-09-20 14:32:57,665 [pool-49-thread-1] INFO  server.RaftServerConfigKeys (ConfUtils.java:logGet(43)) - raft.server.snapshot.auto.trigger.enabled = true (custom)
2019-09-20 14:32:57,666 [pool-49-thread-1] INFO  server.RaftServerConfigKeys (ConfUtils.java:logGet(43)) - raft.server.snapshot.auto.trigger.threshold = 10000 (custom)
2019-09-20 14:32:57,666 [pool-49-thread-1] INFO  server.RaftServerConfigKeys (ConfUtils.java:logGet(43)) - raft.server.retrycache.expirytime = 600000ms (custom)
2019-09-20 14:32:57,666 [pool-49-thread-1] INFO  impl.RaftServerImpl (RaftServerImpl.java:start(180)) - b36edb1e-3cc0-4b5f-b286-dd1e32c8dec6: start group-A580DFFE2194
2019-09-20 14:32:57,666 [pool-49-thread-1] INFO  impl.RaftServerImpl (RaftServerImpl.java:setRole(171)) - b36edb1e-3cc0-4b5f-b286-dd1e32c8dec6:group-A580DFFE2194 changes role from null to FOLLOWER at term 0 for startAsFollower
2019-09-20 14:32:57,666 [pool-49-thread-1] INFO  impl.RoleInfo (RoleInfo.java:updateAndGet(143)) - b36edb1e-3cc0-4b5f-b286-dd1e32c8dec6: start FollowerState
2019-09-20 14:32:57,667 [pool-49-thread-1] INFO  util.JmxRegister (JmxRegister.java:tryRegister(44)) - Successfully registered JMX Bean with object name Ratis:service=RaftServer,group=group-A580DFFE2194,id=b36edb1e-3cc0-4b5f-b286-dd1e32c8dec6
2019-09-20 14:32:57,672 [RatisPipelineUtilsThread] INFO  pipeline.PipelineStateManager (PipelineStateManager.java:addPipeline(56)) - Created pipeline Pipeline[ Id: 4334432d-dd67-462f-91b6-a580dffe2194, Nodes: b36edb1e-3cc0-4b5f-b286-dd1e32c8dec6{ip: 192.168.36.99, host: pr-hdds-1569-p5fx8-1226042367, networkLocation: /default-rack, certSerialId: null}, Type:RATIS, Factor:ONE, State:OPEN]
2019-09-20 14:32:57,673 [RatisPipelineUtilsThread] INFO  pipeline.PipelinePlacementPolicy (PipelinePlacementPolicy.java:meetCriteria(91)) - Pipeline Placement: Doesn't meet the criteria to be viable node： 0394b375-5707-4111-b314-9512f0d16dd1 Heaviness: 6 limit: 5
2019-09-20 14:32:57,673 [RatisPipelineUtilsThread] INFO  pipeline.PipelinePlacementPolicy (PipelinePlacementPolicy.java:meetCriteria(91)) - Pipeline Placement: Doesn't meet the criteria to be viable node： 7cf0c8ed-5ec1-4ccf-8169-28a1425388dc Heaviness: 6 limit: 5
2019-09-20 14:32:57,673 [RatisPipelineUtilsThread] INFO  pipeline.PipelinePlacementPolicy (PipelinePlacementPolicy.java:meetCriteria(91)) - Pipeline Placement: Doesn't meet the criteria to be viable node： b36edb1e-3cc0-4b5f-b286-dd1e32c8dec6 Heaviness: 6 limit: 5
2019-09-20 14:32:57,673 [RatisPipelineUtilsThread] ERROR pipeline.PipelinePlacementPolicy (PipelinePlacementPolicy.java:filterViableNodes(148)) - Unable to find enough nodes that meet the criteria that cannot engage in more than 5 pipelines. Nodes required: 1 Found: 0, healthy nodes count inNodeManager: 3.
2019-09-20 14:32:57,674 [RatisPipelineUtilsThread] ERROR pipeline.SCMPipelineManager (SCMPipelineManager.java:createPipeline(161)) - Pipeline creation failed due to exception: Unable to find enough nodes that meet the criteria that cannot engage in more than 5 pipelines. Nodes required: 1 Found: 0, healthy nodes count inNodeManager: 3.
2019-09-20 14:32:57,674 [RatisPipelineUtilsThread] INFO  pipeline.PipelinePlacementPolicy (PipelinePlacementPolicy.java:meetCriteria(91)) - Pipeline Placement: Doesn't meet the criteria to be viable node： 0394b375-5707-4111-b314-9512f0d16dd1 Heaviness: 6 limit: 5
2019-09-20 14:32:57,675 [RatisPipelineUtilsThread] INFO  pipeline.PipelinePlacementPolicy (PipelinePlacementPolicy.java:meetCriteria(91)) - Pipeline Placement: Doesn't meet the criteria to be viable node： 7cf0c8ed-5ec1-4ccf-8169-28a1425388dc Heaviness: 6 limit: 5
2019-09-20 14:32:57,675 [RatisPipelineUtilsThread] INFO  pipeline.PipelinePlacementPolicy (PipelinePlacementPolicy.java:meetCriteria(91)) - Pipeline Placement: Doesn't meet the criteria to be viable node： b36edb1e-3cc0-4b5f-b286-dd1e32c8dec6 Heaviness: 6 limit: 5
2019-09-20 14:32:57,675 [RatisPipelineUtilsThread] ERROR pipeline.PipelinePlacementPolicy (PipelinePlacementPolicy.java:filterViableNodes(148)) - Unable to find enough nodes that meet the criteria that cannot engage in more than 5 pipelines. Nodes required: 3 Found: 0, healthy nodes count inNodeManager: 3.
2019-09-20 14:32:57,675 [RatisPipelineUtilsThread] ERROR pipeline.SCMPipelineManager (SCMPipelineManager.java:createPipeline(161)) - Pipeline creation failed due to exception: Unable to find enough nodes that meet the criteria that cannot engage in more than 5 pipelines. Nodes required: 3 Found: 0, healthy nodes count inNodeManager: 3.
2019-09-20 14:32:57,677 [RatisPipelineUtilsThread] INFO  pipeline.PipelinePlacementPolicy (PipelinePlacementPolicy.java:meetCriteria(91)) - Pipeline Placement: Doesn't meet the criteria to be viable node： 0394b375-5707-4111-b314-9512f0d16dd1 Heaviness: 6 limit: 5
2019-09-20 14:32:57,677 [RatisPipelineUtilsThread] INFO  pipeline.PipelinePlacementPolicy (PipelinePlacementPolicy.java:meetCriteria(91)) - Pipeline Placement: Doesn't meet the criteria to be viable node： 7cf0c8ed-5ec1-4ccf-8169-28a1425388dc Heaviness: 6 limit: 5
2019-09-20 14:32:57,677 [RatisPipelineUtilsThread] INFO  pipeline.PipelinePlacementPolicy (PipelinePlacementPolicy.java:meetCriteria(91)) - Pipeline Placement: Doesn't meet the criteria to be viable node： b36edb1e-3cc0-4b5f-b286-dd1e32c8dec6 Heaviness: 6 limit: 5
2019-09-20 14:32:57,677 [RatisPipelineUtilsThread] ERROR pipeline.PipelinePlacementPolicy (PipelinePlacementPolicy.java:filterViableNodes(148)) - Unable to find enough nodes that meet the criteria that cannot engage in more than 5 pipelines. Nodes required: 1 Found: 0, healthy nodes count inNodeManager: 3.
2019-09-20 14:32:57,677 [RatisPipelineUtilsThread] ERROR pipeline.SCMPipelineManager (SCMPipelineManager.java:createPipeline(161)) - Pipeline creation failed due to exception: Unable to find enough nodes that meet the criteria that cannot engage in more than 5 pipelines. Nodes required: 1 Found: 0, healthy nodes count inNodeManager: 3.
2019-09-20 14:32:57,677 [RatisPipelineUtilsThread] INFO  pipeline.PipelinePlacementPolicy (PipelinePlacementPolicy.java:meetCriteria(91)) - Pipeline Placement: Doesn't meet the criteria to be viable node： 0394b375-5707-4111-b314-9512f0d16dd1 Heaviness: 6 limit: 5
2019-09-20 14:32:57,677 [RatisPipelineUtilsThread] INFO  pipeline.PipelinePlacementPolicy (PipelinePlacementPolicy.java:meetCriteria(91)) - Pipeline Placement: Doesn't meet the criteria to be viable node： 7cf0c8ed-5ec1-4ccf-8169-28a1425388dc Heaviness: 6 limit: 5
2019-09-20 14:32:57,677 [RatisPipelineUtilsThread] INFO  pipeline.PipelinePlacementPolicy (PipelinePlacementPolicy.java:meetCriteria(91)) - Pipeline Placement: Doesn't meet the criteria to be viable node： b36edb1e-3cc0-4b5f-b286-dd1e32c8dec6 Heaviness: 6 limit: 5
2019-09-20 14:32:57,678 [RatisPipelineUtilsThread] ERROR pipeline.PipelinePlacementPolicy (PipelinePlacementPolicy.java:filterViableNodes(148)) - Unable to find enough nodes that meet the criteria that cannot engage in more than 5 pipelines. Nodes required: 3 Found: 0, healthy nodes count inNodeManager: 3.
2019-09-20 14:32:57,678 [RatisPipelineUtilsThread] ERROR pipeline.SCMPipelineManager (SCMPipelineManager.java:createPipeline(161)) - Pipeline creation failed due to exception: Unable to find enough nodes that meet the criteria that cannot engage in more than 5 pipelines. Nodes required: 3 Found: 0, healthy nodes count inNodeManager: 3.
2019-09-20 14:32:57,678 [IPC Server handler 0 on 41936] INFO  pipeline.PipelinePlacementPolicy (PipelinePlacementPolicy.java:meetCriteria(91)) - Pipeline Placement: Doesn't meet the criteria to be viable node： 0394b375-5707-4111-b314-9512f0d16dd1 Heaviness: 6 limit: 5
2019-09-20 14:32:57,678 [IPC Server handler 0 on 41936] INFO  pipeline.PipelinePlacementPolicy (PipelinePlacementPolicy.java:meetCriteria(91)) - Pipeline Placement: Doesn't meet the criteria to be viable node： 7cf0c8ed-5ec1-4ccf-8169-28a1425388dc Heaviness: 6 limit: 5
2019-09-20 14:32:57,678 [IPC Server handler 0 on 41936] INFO  pipeline.PipelinePlacementPolicy (PipelinePlacementPolicy.java:meetCriteria(91)) - Pipeline Placement: Doesn't meet the criteria to be viable node： b36edb1e-3cc0-4b5f-b286-dd1e32c8dec6 Heaviness: 6 limit: 5
2019-09-20 14:32:57,679 [IPC Server handler 0 on 41936] ERROR pipeline.PipelinePlacementPolicy (PipelinePlacementPolicy.java:filterViableNodes(148)) - Unable to find enough nodes that meet the criteria that cannot engage in more than 5 pipelines. Nodes required: 3 Found: 0, healthy nodes count inNodeManager: 3.
2019-09-20 14:32:57,679 [IPC Server handler 0 on 41936] ERROR pipeline.SCMPipelineManager (SCMPipelineManager.java:createPipeline(161)) - Pipeline creation failed due to exception: Unable to find enough nodes that meet the criteria that cannot engage in more than 5 pipelines. Nodes required: 3 Found: 0, healthy nodes count inNodeManager: 3.
2019-09-20 14:32:57,680 [IPC Server handler 0 on 41936] WARN  block.BlockManagerImpl (BlockManagerImpl.java:allocateBlock(192)) - Pipeline creation failed for type:RATIS factor:THREE. Retrying get pipelines call once.
org.apache.hadoop.hdds.scm.exceptions.SCMException: Unable to find enough nodes that meet the criteria that cannot engage in more than 5 pipelines. Nodes required: 3 Found: 0, healthy nodes count inNodeManager: 3.
	at org.apache.hadoop.hdds.scm.pipeline.PipelinePlacementPolicy.filterViableNodes(PipelinePlacementPolicy.java:149)
	at org.apache.hadoop.hdds.scm.pipeline.PipelinePlacementPolicy.chooseDatanodes(PipelinePlacementPolicy.java:172)
	at org.apache.hadoop.hdds.scm.pipeline.RatisPipelineProvider.create(RatisPipelineProvider.java:92)
	at org.apache.hadoop.hdds.scm.pipeline.PipelineFactory.create(PipelineFactory.java:57)
	at org.apache.hadoop.hdds.scm.pipeline.SCMPipelineManager.createPipeline(SCMPipelineManager.java:149)
	at org.apache.hadoop.hdds.scm.block.BlockManagerImpl.allocateBlock(BlockManagerImpl.java:190)
	at org.apache.hadoop.hdds.scm.server.SCMBlockProtocolServer.allocateBlock(SCMBlockProtocolServer.java:175)
	at org.apache.hadoop.ozone.protocolPB.ScmBlockLocationProtocolServerSideTranslatorPB.allocateScmBlock(ScmBlockLocationProtocolServerSideTranslatorPB.java:153)
	at org.apache.hadoop.ozone.protocolPB.ScmBlockLocationProtocolServerSideTranslatorPB.send(ScmBlockLocationProtocolServerSideTranslatorPB.java:112)
	at org.apache.hadoop.hdds.protocol.proto.ScmBlockLocationProtocolProtos$ScmBlockLocationProtocolService$2.callBlockingMethod(ScmBlockLocationProtocolProtos.java:13157)
	at org.apache.hadoop.ipc.ProtobufRpcEngine$Server$ProtoBufRpcInvoker.call(ProtobufRpcEngine.java:524)
	at org.apache.hadoop.ipc.RPC$Server.call(RPC.java:1025)
	at org.apache.hadoop.ipc.Server$RpcCall.run(Server.java:876)
	at org.apache.hadoop.ipc.Server$RpcCall.run(Server.java:822)
	at java.security.AccessController.doPrivileged(Native Method)
	at javax.security.auth.Subject.doAs(Subject.java:422)
	at org.apache.hadoop.security.UserGroupInformation.doAs(UserGroupInformation.java:1730)
	at org.apache.hadoop.ipc.Server$Handler.run(Server.java:2682)
2019-09-20 14:32:57,682 [IPC Server handler 0 on 41936] INFO  block.BlockManagerImpl (BlockManagerImpl.java:allocateBlock(198)) - Could not find available pipeline of type:RATIS and factor:THREE even after retrying
2019-09-20 14:32:57,682 [IPC Server handler 0 on 41936] ERROR block.BlockManagerImpl (BlockManagerImpl.java:allocateBlock(222)) - Unable to allocate a block for the size: 4194304, type: RATIS, factor: THREE
2019-09-20 14:32:57,682 [IPC Server handler 0 on 41936] INFO  pipeline.PipelinePlacementPolicy (PipelinePlacementPolicy.java:meetCriteria(91)) - Pipeline Placement: Doesn't meet the criteria to be viable node： 0394b375-5707-4111-b314-9512f0d16dd1 Heaviness: 6 limit: 5
2019-09-20 14:32:57,682 [IPC Server handler 0 on 41936] INFO  pipeline.PipelinePlacementPolicy (PipelinePlacementPolicy.java:meetCriteria(91)) - Pipeline Placement: Doesn't meet the criteria to be viable node： 7cf0c8ed-5ec1-4ccf-8169-28a1425388dc Heaviness: 6 limit: 5
2019-09-20 14:32:57,683 [IPC Server handler 0 on 41936] INFO  pipeline.PipelinePlacementPolicy (PipelinePlacementPolicy.java:meetCriteria(91)) - Pipeline Placement: Doesn't meet the criteria to be viable node： b36edb1e-3cc0-4b5f-b286-dd1e32c8dec6 Heaviness: 6 limit: 5
2019-09-20 14:32:57,683 [IPC Server handler 0 on 41936] ERROR pipeline.PipelinePlacementPolicy (PipelinePlacementPolicy.java:filterViableNodes(148)) - Unable to find enough nodes that meet the criteria that cannot engage in more than 5 pipelines. Nodes required: 3 Found: 0, healthy nodes count inNodeManager: 3.
2019-09-20 14:32:57,683 [IPC Server handler 0 on 41936] ERROR pipeline.SCMPipelineManager (SCMPipelineManager.java:createPipeline(161)) - Pipeline creation failed due to exception: Unable to find enough nodes that meet the criteria that cannot engage in more than 5 pipelines. Nodes required: 3 Found: 0, healthy nodes count inNodeManager: 3.
2019-09-20 14:32:57,683 [IPC Server handler 0 on 41936] WARN  block.BlockManagerImpl (BlockManagerImpl.java:allocateBlock(192)) - Pipeline creation failed for type:RATIS factor:THREE. Retrying get pipelines call once.
org.apache.hadoop.hdds.scm.exceptions.SCMException: Unable to find enough nodes that meet the criteria that cannot engage in more than 5 pipelines. Nodes required: 3 Found: 0, healthy nodes count inNodeManager: 3.
	at org.apache.hadoop.hdds.scm.pipeline.PipelinePlacementPolicy.filterViableNodes(PipelinePlacementPolicy.java:149)
	at org.apache.hadoop.hdds.scm.pipeline.PipelinePlacementPolicy.chooseDatanodes(PipelinePlacementPolicy.java:172)
	at org.apache.hadoop.hdds.scm.pipeline.RatisPipelineProvider.create(RatisPipelineProvider.java:92)
	at org.apache.hadoop.hdds.scm.pipeline.PipelineFactory.create(PipelineFactory.java:57)
	at org.apache.hadoop.hdds.scm.pipeline.SCMPipelineManager.createPipeline(SCMPipelineManager.java:149)
	at org.apache.hadoop.hdds.scm.block.BlockManagerImpl.allocateBlock(BlockManagerImpl.java:190)
	at org.apache.hadoop.hdds.scm.server.SCMBlockProtocolServer.allocateBlock(SCMBlockProtocolServer.java:175)
	at org.apache.hadoop.ozone.protocolPB.ScmBlockLocationProtocolServerSideTranslatorPB.allocateScmBlock(ScmBlockLocationProtocolServerSideTranslatorPB.java:153)
	at org.apache.hadoop.ozone.protocolPB.ScmBlockLocationProtocolServerSideTranslatorPB.send(ScmBlockLocationProtocolServerSideTranslatorPB.java:112)
	at org.apache.hadoop.hdds.protocol.proto.ScmBlockLocationProtocolProtos$ScmBlockLocationProtocolService$2.callBlockingMethod(ScmBlockLocationProtocolProtos.java:13157)
	at org.apache.hadoop.ipc.ProtobufRpcEngine$Server$ProtoBufRpcInvoker.call(ProtobufRpcEngine.java:524)
	at org.apache.hadoop.ipc.RPC$Server.call(RPC.java:1025)
	at org.apache.hadoop.ipc.Server$RpcCall.run(Server.java:876)
	at org.apache.hadoop.ipc.Server$RpcCall.run(Server.java:822)
	at java.security.AccessController.doPrivileged(Native Method)
	at javax.security.auth.Subject.doAs(Subject.java:422)
	at org.apache.hadoop.security.UserGroupInformation.doAs(UserGroupInformation.java:1730)
	at org.apache.hadoop.ipc.Server$Handler.run(Server.java:2682)
2019-09-20 14:32:57,684 [IPC Server handler 0 on 41936] INFO  block.BlockManagerImpl (BlockManagerImpl.java:allocateBlock(198)) - Could not find available pipeline of type:RATIS and factor:THREE even after retrying
2019-09-20 14:32:57,684 [IPC Server handler 0 on 41936] ERROR block.BlockManagerImpl (BlockManagerImpl.java:allocateBlock(222)) - Unable to allocate a block for the size: 4194304, type: RATIS, factor: THREE
2019-09-20 14:32:57,684 [IPC Server handler 0 on 41936] INFO  pipeline.PipelinePlacementPolicy (PipelinePlacementPolicy.java:meetCriteria(91)) - Pipeline Placement: Doesn't meet the criteria to be viable node： 0394b375-5707-4111-b314-9512f0d16dd1 Heaviness: 6 limit: 5
2019-09-20 14:32:57,684 [IPC Server handler 0 on 41936] INFO  pipeline.PipelinePlacementPolicy (PipelinePlacementPolicy.java:meetCriteria(91)) - Pipeline Placement: Doesn't meet the criteria to be viable node： 7cf0c8ed-5ec1-4ccf-8169-28a1425388dc Heaviness: 6 limit: 5
2019-09-20 14:32:57,684 [IPC Server handler 0 on 41936] INFO  pipeline.PipelinePlacementPolicy (PipelinePlacementPolicy.java:meetCriteria(91)) - Pipeline Placement: Doesn't meet the criteria to be viable node： b36edb1e-3cc0-4b5f-b286-dd1e32c8dec6 Heaviness: 6 limit: 5
2019-09-20 14:32:57,684 [IPC Server handler 0 on 41936] ERROR pipeline.PipelinePlacementPolicy (PipelinePlacementPolicy.java:filterViableNodes(148)) - Unable to find enough nodes that meet the criteria that cannot engage in more than 5 pipelines. Nodes required: 3 Found: 0, healthy nodes count inNodeManager: 3.
2019-09-20 14:32:57,685 [IPC Server handler 0 on 41936] ERROR pipeline.SCMPipelineManager (SCMPipelineManager.java:createPipeline(161)) - Pipeline creation failed due to exception: Unable to find enough nodes that meet the criteria that cannot engage in more than 5 pipelines. Nodes required: 3 Found: 0, healthy nodes count inNodeManager: 3.
2019-09-20 14:32:57,685 [IPC Server handler 0 on 41936] WARN  block.BlockManagerImpl (BlockManagerImpl.java:allocateBlock(192)) - Pipeline creation failed for type:RATIS factor:THREE. Retrying get pipelines call once.
org.apache.hadoop.hdds.scm.exceptions.SCMException: Unable to find enough nodes that meet the criteria that cannot engage in more than 5 pipelines. Nodes required: 3 Found: 0, healthy nodes count inNodeManager: 3.
	at org.apache.hadoop.hdds.scm.pipeline.PipelinePlacementPolicy.filterViableNodes(PipelinePlacementPolicy.java:149)
	at org.apache.hadoop.hdds.scm.pipeline.PipelinePlacementPolicy.chooseDatanodes(PipelinePlacementPolicy.java:172)
	at org.apache.hadoop.hdds.scm.pipeline.RatisPipelineProvider.create(RatisPipelineProvider.java:92)
	at org.apache.hadoop.hdds.scm.pipeline.PipelineFactory.create(PipelineFactory.java:57)
	at org.apache.hadoop.hdds.scm.pipeline.SCMPipelineManager.createPipeline(SCMPipelineManager.java:149)
	at org.apache.hadoop.hdds.scm.block.BlockManagerImpl.allocateBlock(BlockManagerImpl.java:190)
	at org.apache.hadoop.hdds.scm.server.SCMBlockProtocolServer.allocateBlock(SCMBlockProtocolServer.java:175)
	at org.apache.hadoop.ozone.protocolPB.ScmBlockLocationProtocolServerSideTranslatorPB.allocateScmBlock(ScmBlockLocationProtocolServerSideTranslatorPB.java:153)
	at org.apache.hadoop.ozone.protocolPB.ScmBlockLocationProtocolServerSideTranslatorPB.send(ScmBlockLocationProtocolServerSideTranslatorPB.java:112)
	at org.apache.hadoop.hdds.protocol.proto.ScmBlockLocationProtocolProtos$ScmBlockLocationProtocolService$2.callBlockingMethod(ScmBlockLocationProtocolProtos.java:13157)
	at org.apache.hadoop.ipc.ProtobufRpcEngine$Server$ProtoBufRpcInvoker.call(ProtobufRpcEngine.java:524)
	at org.apache.hadoop.ipc.RPC$Server.call(RPC.java:1025)
	at org.apache.hadoop.ipc.Server$RpcCall.run(Server.java:876)
	at org.apache.hadoop.ipc.Server$RpcCall.run(Server.java:822)
	at java.security.AccessController.doPrivileged(Native Method)
	at javax.security.auth.Subject.doAs(Subject.java:422)
	at org.apache.hadoop.security.UserGroupInformation.doAs(UserGroupInformation.java:1730)
	at org.apache.hadoop.ipc.Server$Handler.run(Server.java:2682)
2019-09-20 14:32:57,686 [IPC Server handler 0 on 41936] INFO  block.BlockManagerImpl (BlockManagerImpl.java:allocateBlock(198)) - Could not find available pipeline of type:RATIS and factor:THREE even after retrying
2019-09-20 14:32:57,686 [IPC Server handler 0 on 41936] ERROR block.BlockManagerImpl (BlockManagerImpl.java:allocateBlock(222)) - Unable to allocate a block for the size: 4194304, type: RATIS, factor: THREE
2019-09-20 14:32:57,687 [IPC Server handler 0 on 41936] INFO  pipeline.PipelinePlacementPolicy (PipelinePlacementPolicy.java:meetCriteria(91)) - Pipeline Placement: Doesn't meet the criteria to be viable node： 0394b375-5707-4111-b314-9512f0d16dd1 Heaviness: 6 limit: 5
2019-09-20 14:32:57,687 [IPC Server handler 0 on 41936] INFO  pipeline.PipelinePlacementPolicy (PipelinePlacementPolicy.java:meetCriteria(91)) - Pipeline Placement: Doesn't meet the criteria to be viable node： 7cf0c8ed-5ec1-4ccf-8169-28a1425388dc Heaviness: 6 limit: 5
2019-09-20 14:32:57,687 [IPC Server handler 0 on 41936] INFO  pipeline.PipelinePlacementPolicy (PipelinePlacementPolicy.java:meetCriteria(91)) - Pipeline Placement: Doesn't meet the criteria to be viable node： b36edb1e-3cc0-4b5f-b286-dd1e32c8dec6 Heaviness: 6 limit: 5
2019-09-20 14:32:57,687 [IPC Server handler 0 on 41936] ERROR pipeline.PipelinePlacementPolicy (PipelinePlacementPolicy.java:filterViableNodes(148)) - Unable to find enough nodes that meet the criteria that cannot engage in more than 5 pipelines. Nodes required: 3 Found: 0, healthy nodes count inNodeManager: 3.
2019-09-20 14:32:57,687 [IPC Server handler 0 on 41936] ERROR pipeline.SCMPipelineManager (SCMPipelineManager.java:createPipeline(161)) - Pipeline creation failed due to exception: Unable to find enough nodes that meet the criteria that cannot engage in more than 5 pipelines. Nodes required: 3 Found: 0, healthy nodes count inNodeManager: 3.
2019-09-20 14:32:57,688 [IPC Server handler 0 on 41936] WARN  block.BlockManagerImpl (BlockManagerImpl.java:allocateBlock(192)) - Pipeline creation failed for type:RATIS factor:THREE. Retrying get pipelines call once.
org.apache.hadoop.hdds.scm.exceptions.SCMException: Unable to find enough nodes that meet the criteria that cannot engage in more than 5 pipelines. Nodes required: 3 Found: 0, healthy nodes count inNodeManager: 3.
	at org.apache.hadoop.hdds.scm.pipeline.PipelinePlacementPolicy.filterViableNodes(PipelinePlacementPolicy.java:149)
	at org.apache.hadoop.hdds.scm.pipeline.PipelinePlacementPolicy.chooseDatanodes(PipelinePlacementPolicy.java:172)
	at org.apache.hadoop.hdds.scm.pipeline.RatisPipelineProvider.create(RatisPipelineProvider.java:92)
	at org.apache.hadoop.hdds.scm.pipeline.PipelineFactory.create(PipelineFactory.java:57)
	at org.apache.hadoop.hdds.scm.pipeline.SCMPipelineManager.createPipeline(SCMPipelineManager.java:149)
	at org.apache.hadoop.hdds.scm.block.BlockManagerImpl.allocateBlock(BlockManagerImpl.java:190)
	at org.apache.hadoop.hdds.scm.server.SCMBlockProtocolServer.allocateBlock(SCMBlockProtocolServer.java:175)
	at org.apache.hadoop.ozone.protocolPB.ScmBlockLocationProtocolServerSideTranslatorPB.allocateScmBlock(ScmBlockLocationProtocolServerSideTranslatorPB.java:153)
	at org.apache.hadoop.ozone.protocolPB.ScmBlockLocationProtocolServerSideTranslatorPB.send(ScmBlockLocationProtocolServerSideTranslatorPB.java:112)
	at org.apache.hadoop.hdds.protocol.proto.ScmBlockLocationProtocolProtos$ScmBlockLocationProtocolService$2.callBlockingMethod(ScmBlockLocationProtocolProtos.java:13157)
	at org.apache.hadoop.ipc.ProtobufRpcEngine$Server$ProtoBufRpcInvoker.call(ProtobufRpcEngine.java:524)
	at org.apache.hadoop.ipc.RPC$Server.call(RPC.java:1025)
	at org.apache.hadoop.ipc.Server$RpcCall.run(Server.java:876)
	at org.apache.hadoop.ipc.Server$RpcCall.run(Server.java:822)
	at java.security.AccessController.doPrivileged(Native Method)
	at javax.security.auth.Subject.doAs(Subject.java:422)
	at org.apache.hadoop.security.UserGroupInformation.doAs(UserGroupInformation.java:1730)
	at org.apache.hadoop.ipc.Server$Handler.run(Server.java:2682)
2019-09-20 14:32:57,688 [IPC Server handler 0 on 41936] INFO  block.BlockManagerImpl (BlockManagerImpl.java:allocateBlock(198)) - Could not find available pipeline of type:RATIS and factor:THREE even after retrying
2019-09-20 14:32:57,688 [IPC Server handler 0 on 41936] ERROR block.BlockManagerImpl (BlockManagerImpl.java:allocateBlock(222)) - Unable to allocate a block for the size: 4194304, type: RATIS, factor: THREE
2019-09-20 14:32:57,688 [IPC Server handler 0 on 41936] INFO  pipeline.PipelinePlacementPolicy (PipelinePlacementPolicy.java:meetCriteria(91)) - Pipeline Placement: Doesn't meet the criteria to be viable node： 0394b375-5707-4111-b314-9512f0d16dd1 Heaviness: 6 limit: 5
2019-09-20 14:32:57,689 [IPC Server handler 0 on 41936] INFO  pipeline.PipelinePlacementPolicy (PipelinePlacementPolicy.java:meetCriteria(91)) - Pipeline Placement: Doesn't meet the criteria to be viable node： 7cf0c8ed-5ec1-4ccf-8169-28a1425388dc Heaviness: 6 limit: 5
2019-09-20 14:32:57,689 [IPC Server handler 0 on 41936] INFO  pipeline.PipelinePlacementPolicy (PipelinePlacementPolicy.java:meetCriteria(91)) - Pipeline Placement: Doesn't meet the criteria to be viable node： b36edb1e-3cc0-4b5f-b286-dd1e32c8dec6 Heaviness: 6 limit: 5
2019-09-20 14:32:57,689 [IPC Server handler 0 on 41936] ERROR pipeline.PipelinePlacementPolicy (PipelinePlacementPolicy.java:filterViableNodes(148)) - Unable to find enough nodes that meet the criteria that cannot engage in more than 5 pipelines. Nodes required: 3 Found: 0, healthy nodes count inNodeManager: 3.
2019-09-20 14:32:57,689 [IPC Server handler 0 on 41936] ERROR pipeline.SCMPipelineManager (SCMPipelineManager.java:createPipeline(161)) - Pipeline creation failed due to exception: Unable to find enough nodes that meet the criteria that cannot engage in more than 5 pipelines. Nodes required: 3 Found: 0, healthy nodes count inNodeManager: 3.
2019-09-20 14:32:57,689 [IPC Server handler 0 on 41936] WARN  block.BlockManagerImpl (BlockManagerImpl.java:allocateBlock(192)) - Pipeline creation failed for type:RATIS factor:THREE. Retrying get pipelines call once.
org.apache.hadoop.hdds.scm.exceptions.SCMException: Unable to find enough nodes that meet the criteria that cannot engage in more than 5 pipelines. Nodes required: 3 Found: 0, healthy nodes count inNodeManager: 3.
	at org.apache.hadoop.hdds.scm.pipeline.PipelinePlacementPolicy.filterViableNodes(PipelinePlacementPolicy.java:149)
	at org.apache.hadoop.hdds.scm.pipeline.PipelinePlacementPolicy.chooseDatanodes(PipelinePlacementPolicy.java:172)
	at org.apache.hadoop.hdds.scm.pipeline.RatisPipelineProvider.create(RatisPipelineProvider.java:92)
	at org.apache.hadoop.hdds.scm.pipeline.PipelineFactory.create(PipelineFactory.java:57)
	at org.apache.hadoop.hdds.scm.pipeline.SCMPipelineManager.createPipeline(SCMPipelineManager.java:149)
	at org.apache.hadoop.hdds.scm.block.BlockManagerImpl.allocateBlock(BlockManagerImpl.java:190)
	at org.apache.hadoop.hdds.scm.server.SCMBlockProtocolServer.allocateBlock(SCMBlockProtocolServer.java:175)
	at org.apache.hadoop.ozone.protocolPB.ScmBlockLocationProtocolServerSideTranslatorPB.allocateScmBlock(ScmBlockLocationProtocolServerSideTranslatorPB.java:153)
	at org.apache.hadoop.ozone.protocolPB.ScmBlockLocationProtocolServerSideTranslatorPB.send(ScmBlockLocationProtocolServerSideTranslatorPB.java:112)
	at org.apache.hadoop.hdds.protocol.proto.ScmBlockLocationProtocolProtos$ScmBlockLocationProtocolService$2.callBlockingMethod(ScmBlockLocationProtocolProtos.java:13157)
	at org.apache.hadoop.ipc.ProtobufRpcEngine$Server$ProtoBufRpcInvoker.call(ProtobufRpcEngine.java:524)
	at org.apache.hadoop.ipc.RPC$Server.call(RPC.java:1025)
	at org.apache.hadoop.ipc.Server$RpcCall.run(Server.java:876)
	at org.apache.hadoop.ipc.Server$RpcCall.run(Server.java:822)
	at java.security.AccessController.doPrivileged(Native Method)
	at javax.security.auth.Subject.doAs(Subject.java:422)
	at org.apache.hadoop.security.UserGroupInformation.doAs(UserGroupInformation.java:1730)
	at org.apache.hadoop.ipc.Server$Handler.run(Server.java:2682)
2019-09-20 14:32:57,690 [IPC Server handler 0 on 41936] INFO  block.BlockManagerImpl (BlockManagerImpl.java:allocateBlock(198)) - Could not find available pipeline of type:RATIS and factor:THREE even after retrying
2019-09-20 14:32:57,690 [IPC Server handler 0 on 41936] ERROR block.BlockManagerImpl (BlockManagerImpl.java:allocateBlock(222)) - Unable to allocate a block for the size: 4194304, type: RATIS, factor: THREE
2019-09-20 14:32:57,690 | INFO  | SCMAudit | user=jenkins1000 | ip=192.168.36.99 | op=ALLOCATE_BLOCK {owner=923e914d-a0fe-4213-a72c-f565c3fa8855, size=4194304, type=RATIS, factor=THREE} | ret=SUCCESS |  
2019-09-20 14:32:57,695 | ERROR | OMAudit | user=jenkins1000 | ip=127.0.0.1 | op=ALLOCATE_KEY {volume=vol-0-09535, bucket=bucket-0-33392, key=key-0-40064, dataSize=20971520, replicationType=RATIS, replicationFactor=THREE, keyLocationInfo=null} | ret=FAILURE | org.apache.hadoop.hdds.scm.exceptions.SCMException: Allocated 0 blocks. Requested 5 blocks
	at org.apache.hadoop.hdds.scm.protocolPB.ScmBlockLocationProtocolClientSideTranslatorPB.handleError(ScmBlockLocationProtocolClientSideTranslatorPB.java:118)
	at org.apache.hadoop.hdds.scm.protocolPB.ScmBlockLocationProtocolClientSideTranslatorPB.allocateBlock(ScmBlockLocationProtocolClientSideTranslatorPB.java:156) 
2019-09-20 14:32:57,697 [pool-56-thread-3] ERROR freon.RandomKeyGenerator (RandomKeyGenerator.java:createKey(724)) - Exception while adding key: key-0-40064 in bucket: bucket-0-33392 of volume: vol-0-09535.
INTERNAL_ERROR org.apache.hadoop.ozone.om.exceptions.OMException: Allocated 0 blocks. Requested 5 blocks
	at org.apache.hadoop.ozone.om.protocolPB.OzoneManagerProtocolClientSideTranslatorPB.handleError(OzoneManagerProtocolClientSideTranslatorPB.java:725)
	at org.apache.hadoop.ozone.om.protocolPB.OzoneManagerProtocolClientSideTranslatorPB.openKey(OzoneManagerProtocolClientSideTranslatorPB.java:716)
	at org.apache.hadoop.ozone.client.rpc.RpcClient.createKey(RpcClient.java:615)
	at org.apache.hadoop.ozone.client.OzoneBucket.createKey(OzoneBucket.java:323)
	at org.apache.hadoop.ozone.freon.RandomKeyGenerator.createKey(RandomKeyGenerator.java:686)
	at org.apache.hadoop.ozone.freon.RandomKeyGenerator.access$1100(RandomKeyGenerator.java:87)
	at org.apache.hadoop.ozone.freon.RandomKeyGenerator$ObjectCreator.run(RandomKeyGenerator.java:606)
	at java.util.concurrent.Executors$RunnableAdapter.call(Executors.java:511)
	at java.util.concurrent.FutureTask.run(FutureTask.java:266)
	at java.util.concurrent.ThreadPoolExecutor.runWorker(ThreadPoolExecutor.java:1149)
	at java.util.concurrent.ThreadPoolExecutor$Worker.run(ThreadPoolExecutor.java:624)
	at java.lang.Thread.run(Thread.java:748)
2019-09-20 14:32:57,930 | INFO  | SCMAudit | user=jenkins1000 | ip=192.168.36.99 | op=SEND_HEARTBEAT {datanodeUUID=0394b375-5707-4111-b314-9512f0d16dd1, command=[]} | ret=SUCCESS |  
2019-09-20 14:32:57,981 [Thread-177] INFO  container.ReplicationManager (ReplicationManager.java:start(151)) - Starting Replication Monitor Thread.
2019-09-20 14:32:57,983 [ReplicationMonitor] INFO  container.ReplicationManager (ReplicationManager.java:run(214)) - Replication Monitor Thread took 0 milliseconds for processing 0 containers.
 0.00% |█                                                                                                    |  0/1 Time: 0:00:012019-09-20 14:32:58,172 | INFO  | SCMAudit | user=jenkins1000 | ip=192.168.36.99 | op=SEND_HEARTBEAT {datanodeUUID=7cf0c8ed-5ec1-4ccf-8169-28a1425388dc, command=[]} | ret=SUCCESS |  
2019-09-20 14:32:58,483 | INFO  | SCMAudit | user=jenkins1000 | ip=192.168.36.99 | op=SEND_HEARTBEAT {datanodeUUID=b36edb1e-3cc0-4b5f-b286-dd1e32c8dec6, command=[]} | ret=SUCCESS |  
2019-09-20 14:32:58,931 | INFO  | SCMAudit | user=jenkins1000 | ip=192.168.36.99 | op=SEND_HEARTBEAT {datanodeUUID=0394b375-5707-4111-b314-9512f0d16dd1, command=[]} | ret=SUCCESS |  
 0.00% |█                                                                                                    |  0/1 Time: 0:00:022019-09-20 14:32:59,174 | INFO  | SCMAudit | user=jenkins1000 | ip=192.168.36.99 | op=SEND_HEARTBEAT {datanodeUUID=7cf0c8ed-5ec1-4ccf-8169-28a1425388dc, command=[]} | ret=SUCCESS |  
2019-09-20 14:32:59,475 | INFO  | SCMAudit | user=jenkins1000 | ip=192.168.36.99 | op=SEND_HEARTBEAT {datanodeUUID=b36edb1e-3cc0-4b5f-b286-dd1e32c8dec6, command=[]} | ret=SUCCESS |  
2019-09-20 14:32:59,931 | INFO  | SCMAudit | user=jenkins1000 | ip=192.168.36.99 | op=SEND_HEARTBEAT {datanodeUUID=0394b375-5707-4111-b314-9512f0d16dd1, command=[]} | ret=SUCCESS |  
 0.00% |█                                                                                                    |  0/1 Time: 0:00:032019-09-20 14:33:00,172 | INFO  | SCMAudit | user=jenkins1000 | ip=192.168.36.99 | op=SEND_HEARTBEAT {datanodeUUID=7cf0c8ed-5ec1-4ccf-8169-28a1425388dc, command=[]} | ret=SUCCESS |  
2019-09-20 14:33:00,473 | INFO  | SCMAudit | user=jenkins1000 | ip=192.168.36.99 | op=SEND_HEARTBEAT {datanodeUUID=b36edb1e-3cc0-4b5f-b286-dd1e32c8dec6, command=[]} | ret=SUCCESS |  
2019-09-20 14:33:00,929 | INFO  | SCMAudit | user=jenkins1000 | ip=192.168.36.99 | op=SEND_HEARTBEAT {datanodeUUID=0394b375-5707-4111-b314-9512f0d16dd1, command=[]} | ret=SUCCESS |  
 0.00% |█                                                                                                    |  0/1 Time: 0:00:042019-09-20 14:33:01,151 [Thread-179] INFO  impl.FollowerState (FollowerState.java:run(106)) - 0394b375-5707-4111-b314-9512f0d16dd1:group-1C6096AB2349 changes to CANDIDATE, lastRpcTime:5002, electionTimeout:5001ms
2019-09-20 14:33:01,151 [Thread-179] INFO  impl.RoleInfo (RoleInfo.java:shutdownFollowerState(121)) - 0394b375-5707-4111-b314-9512f0d16dd1: shutdown FollowerState
2019-09-20 14:33:01,151 [Thread-179] INFO  impl.RaftServerImpl (RaftServerImpl.java:setRole(171)) - 0394b375-5707-4111-b314-9512f0d16dd1:group-1C6096AB2349 changes role from FOLLOWER to CANDIDATE at term 0 for changeToCandidate
2019-09-20 14:33:01,157 [Thread-179] INFO  impl.RoleInfo (RoleInfo.java:updateAndGet(143)) - 0394b375-5707-4111-b314-9512f0d16dd1: start LeaderElection
2019-09-20 14:33:01,172 | INFO  | SCMAudit | user=jenkins1000 | ip=192.168.36.99 | op=SEND_HEARTBEAT {datanodeUUID=7cf0c8ed-5ec1-4ccf-8169-28a1425388dc, command=[]} | ret=SUCCESS |  
2019-09-20 14:33:01,179 [0394b375-5707-4111-b314-9512f0d16dd1:group-1C6096AB2349:LeaderElection1] INFO  impl.LeaderElection (LeaderElection.java:askForVotes(181)) - 0394b375-5707-4111-b314-9512f0d16dd1:group-1C6096AB2349:LeaderElection1: begin an election at term 1 for -1: [0394b375-5707-4111-b314-9512f0d16dd1:192.168.36.99:45775], old=null
2019-09-20 14:33:01,181 [0394b375-5707-4111-b314-9512f0d16dd1:group-1C6096AB2349:LeaderElection1] INFO  impl.RoleInfo (RoleInfo.java:shutdownLeaderElection(134)) - 0394b375-5707-4111-b314-9512f0d16dd1: shutdown LeaderElection
2019-09-20 14:33:01,182 [0394b375-5707-4111-b314-9512f0d16dd1:group-1C6096AB2349:LeaderElection1] INFO  impl.RaftServerImpl (RaftServerImpl.java:setRole(171)) - 0394b375-5707-4111-b314-9512f0d16dd1:group-1C6096AB2349 changes role from CANDIDATE to LEADER at term 1 for changeToLeader
2019-09-20 14:33:01,182 [0394b375-5707-4111-b314-9512f0d16dd1:group-1C6096AB2349:LeaderElection1] INFO  impl.RaftServerImpl (ServerState.java:setLeader(263)) - 0394b375-5707-4111-b314-9512f0d16dd1:group-1C6096AB2349 change Leader from null to 0394b375-5707-4111-b314-9512f0d16dd1 at term 1 for becomeLeader, leader elected after 5128ms
2019-09-20 14:33:01,188 [0394b375-5707-4111-b314-9512f0d16dd1:group-1C6096AB2349:LeaderElection1] INFO  server.RaftServerConfigKeys (ConfUtils.java:logGet(43)) - raft.server.staging.catchup.gap = 1000 (default)
2019-09-20 14:33:01,188 [0394b375-5707-4111-b314-9512f0d16dd1:group-1C6096AB2349:LeaderElection1] INFO  server.RaftServerConfigKeys (ConfUtils.java:logGet(43)) - raft.server.rpc.sleep.time = 25ms (default)
2019-09-20 14:33:01,191 [0394b375-5707-4111-b314-9512f0d16dd1:group-1C6096AB2349:LeaderElection1] INFO  server.RaftServerConfigKeys (ConfUtils.java:logGet(43)) - raft.server.write.element-limit = 4096 (default)
2019-09-20 14:33:01,194 [0394b375-5707-4111-b314-9512f0d16dd1:group-1C6096AB2349:LeaderElection1] INFO  server.RaftServerConfigKeys (ConfUtils.java:logGet(43)) - raft.server.watch.timeout = 10s (default)
2019-09-20 14:33:01,194 [0394b375-5707-4111-b314-9512f0d16dd1:group-1C6096AB2349:LeaderElection1] INFO  server.RaftServerConfigKeys (ConfUtils.java:logGet(43)) - raft.server.watch.timeout.denomination = 1s (default)
2019-09-20 14:33:01,195 [0394b375-5707-4111-b314-9512f0d16dd1:group-1C6096AB2349:LeaderElection1] INFO  server.RaftServerConfigKeys (ConfUtils.java:logGet(43)) - raft.server.watch.element-limit = 65536 (default)
2019-09-20 14:33:01,204 [0394b375-5707-4111-b314-9512f0d16dd1:group-1C6096AB2349:LeaderElection1] INFO  impl.RoleInfo (RoleInfo.java:updateAndGet(143)) - 0394b375-5707-4111-b314-9512f0d16dd1: start LeaderState
2019-09-20 14:33:01,223 [0394b375-5707-4111-b314-9512f0d16dd1:group-1C6096AB2349:LeaderElection1] INFO  segmented.SegmentedRaftLogWorker (SegmentedRaftLogWorker.java:startLogSegment(380)) - 0394b375-5707-4111-b314-9512f0d16dd1-SegmentedRaftLogWorker:Storage Directory /workdir/hadoop-ozone/tools/target/test-dir/MiniOzoneClusterImpl-23b1c32f-a31a-4489-b40e-6d88b61ad76b/datanode-0/data/ratis/9f95d48a-c6d5-4d42-a18a-1c6096ab2349: Starting segment from index:0
2019-09-20 14:33:01,231 [0394b375-5707-4111-b314-9512f0d16dd1:group-1C6096AB2349:LeaderElection1] INFO  impl.RaftServerImpl (ServerState.java:setRaftConf(361)) - 0394b375-5707-4111-b314-9512f0d16dd1:group-1C6096AB2349 set configuration 0: [0394b375-5707-4111-b314-9512f0d16dd1:192.168.36.99:45775], old=null at 0
2019-09-20 14:33:01,427 [0394b375-5707-4111-b314-9512f0d16dd1-SegmentedRaftLogWorker:Storage Directory /workdir/hadoop-ozone/tools/target/test-dir/MiniOzoneClusterImpl-23b1c32f-a31a-4489-b40e-6d88b61ad76b/datanode-0/data/ratis/9f95d48a-c6d5-4d42-a18a-1c6096ab2349] INFO  segmented.SegmentedRaftLogWorker (SegmentedRaftLogWorker.java:execute(569)) - 0394b375-5707-4111-b314-9512f0d16dd1-SegmentedRaftLogWorker:Storage Directory /workdir/hadoop-ozone/tools/target/test-dir/MiniOzoneClusterImpl-23b1c32f-a31a-4489-b40e-6d88b61ad76b/datanode-0/data/ratis/9f95d48a-c6d5-4d42-a18a-1c6096ab2349: created new log segment /workdir/hadoop-ozone/tools/target/test-dir/MiniOzoneClusterImpl-23b1c32f-a31a-4489-b40e-6d88b61ad76b/datanode-0/data/ratis/9f95d48a-c6d5-4d42-a18a-1c6096ab2349/current/log_inprogress_0
2019-09-20 14:33:01,468 [Thread-182] INFO  impl.FollowerState (FollowerState.java:run(106)) - b36edb1e-3cc0-4b5f-b286-dd1e32c8dec6:group-375E0F781BC3 changes to CANDIDATE, lastRpcTime:5127, electionTimeout:5126ms
2019-09-20 14:33:01,469 [Thread-182] INFO  impl.RoleInfo (RoleInfo.java:shutdownFollowerState(121)) - b36edb1e-3cc0-4b5f-b286-dd1e32c8dec6: shutdown FollowerState
2019-09-20 14:33:01,470 [Thread-182] INFO  impl.RaftServerImpl (RaftServerImpl.java:setRole(171)) - b36edb1e-3cc0-4b5f-b286-dd1e32c8dec6:group-375E0F781BC3 changes role from FOLLOWER to CANDIDATE at term 0 for changeToCandidate
2019-09-20 14:33:01,470 [Thread-182] INFO  impl.RoleInfo (RoleInfo.java:updateAndGet(143)) - b36edb1e-3cc0-4b5f-b286-dd1e32c8dec6: start LeaderElection
2019-09-20 14:33:01,476 | INFO  | SCMAudit | user=jenkins1000 | ip=192.168.36.99 | op=SEND_HEARTBEAT {datanodeUUID=b36edb1e-3cc0-4b5f-b286-dd1e32c8dec6, command=[]} | ret=SUCCESS |  
2019-09-20 14:33:01,494 [b36edb1e-3cc0-4b5f-b286-dd1e32c8dec6:group-375E0F781BC3:LeaderElection2] INFO  impl.LeaderElection (LeaderElection.java:askForVotes(181)) - b36edb1e-3cc0-4b5f-b286-dd1e32c8dec6:group-375E0F781BC3:LeaderElection2: begin an election at term 1 for -1: [b36edb1e-3cc0-4b5f-b286-dd1e32c8dec6:192.168.36.99:44289], old=null
2019-09-20 14:33:01,496 [b36edb1e-3cc0-4b5f-b286-dd1e32c8dec6:group-375E0F781BC3:LeaderElection2] INFO  impl.RoleInfo (RoleInfo.java:shutdownLeaderElection(134)) - b36edb1e-3cc0-4b5f-b286-dd1e32c8dec6: shutdown LeaderElection
2019-09-20 14:33:01,496 [b36edb1e-3cc0-4b5f-b286-dd1e32c8dec6:group-375E0F781BC3:LeaderElection2] INFO  impl.RaftServerImpl (RaftServerImpl.java:setRole(171)) - b36edb1e-3cc0-4b5f-b286-dd1e32c8dec6:group-375E0F781BC3 changes role from CANDIDATE to LEADER at term 1 for changeToLeader
2019-09-20 14:33:01,496 [b36edb1e-3cc0-4b5f-b286-dd1e32c8dec6:group-375E0F781BC3:LeaderElection2] INFO  impl.RaftServerImpl (ServerState.java:setLeader(263)) - b36edb1e-3cc0-4b5f-b286-dd1e32c8dec6:group-375E0F781BC3 change Leader from null to b36edb1e-3cc0-4b5f-b286-dd1e32c8dec6 at term 1 for becomeLeader, leader elected after 5163ms
2019-09-20 14:33:01,497 [b36edb1e-3cc0-4b5f-b286-dd1e32c8dec6:group-375E0F781BC3:LeaderElection2] INFO  server.RaftServerConfigKeys (ConfUtils.java:logGet(43)) - raft.server.staging.catchup.gap = 1000 (default)
2019-09-20 14:33:01,497 [b36edb1e-3cc0-4b5f-b286-dd1e32c8dec6:group-375E0F781BC3:LeaderElection2] INFO  server.RaftServerConfigKeys (ConfUtils.java:logGet(43)) - raft.server.rpc.sleep.time = 25ms (default)
2019-09-20 14:33:01,497 [b36edb1e-3cc0-4b5f-b286-dd1e32c8dec6:group-375E0F781BC3:LeaderElection2] INFO  server.RaftServerConfigKeys (ConfUtils.java:logGet(43)) - raft.server.write.element-limit = 4096 (default)
2019-09-20 14:33:01,497 [b36edb1e-3cc0-4b5f-b286-dd1e32c8dec6:group-375E0F781BC3:LeaderElection2] INFO  server.RaftServerConfigKeys (ConfUtils.java:logGet(43)) - raft.server.watch.timeout = 10s (default)
2019-09-20 14:33:01,497 [b36edb1e-3cc0-4b5f-b286-dd1e32c8dec6:group-375E0F781BC3:LeaderElection2] INFO  server.RaftServerConfigKeys (ConfUtils.java:logGet(43)) - raft.server.watch.timeout.denomination = 1s (default)
2019-09-20 14:33:01,498 [b36edb1e-3cc0-4b5f-b286-dd1e32c8dec6:group-375E0F781BC3:LeaderElection2] INFO  server.RaftServerConfigKeys (ConfUtils.java:logGet(43)) - raft.server.watch.element-limit = 65536 (default)
2019-09-20 14:33:01,498 [b36edb1e-3cc0-4b5f-b286-dd1e32c8dec6:group-375E0F781BC3:LeaderElection2] INFO  impl.RoleInfo (RoleInfo.java:updateAndGet(143)) - b36edb1e-3cc0-4b5f-b286-dd1e32c8dec6: start LeaderState
2019-09-20 14:33:01,498 [b36edb1e-3cc0-4b5f-b286-dd1e32c8dec6:group-375E0F781BC3:LeaderElection2] INFO  segmented.SegmentedRaftLogWorker (SegmentedRaftLogWorker.java:startLogSegment(380)) - b36edb1e-3cc0-4b5f-b286-dd1e32c8dec6-SegmentedRaftLogWorker:Storage Directory /workdir/hadoop-ozone/tools/target/test-dir/MiniOzoneClusterImpl-23b1c32f-a31a-4489-b40e-6d88b61ad76b/datanode-2/data/ratis/02d50c74-79ad-4408-8aef-375e0f781bc3: Starting segment from index:0
2019-09-20 14:33:01,499 [b36edb1e-3cc0-4b5f-b286-dd1e32c8dec6:group-375E0F781BC3:LeaderElection2] INFO  impl.RaftServerImpl (ServerState.java:setRaftConf(361)) - b36edb1e-3cc0-4b5f-b286-dd1e32c8dec6:group-375E0F781BC3 set configuration 0: [b36edb1e-3cc0-4b5f-b286-dd1e32c8dec6:192.168.36.99:44289], old=null at 0
2019-09-20 14:33:01,554 [b36edb1e-3cc0-4b5f-b286-dd1e32c8dec6-SegmentedRaftLogWorker:Storage Directory /workdir/hadoop-ozone/tools/target/test-dir/MiniOzoneClusterImpl-23b1c32f-a31a-4489-b40e-6d88b61ad76b/datanode-2/data/ratis/02d50c74-79ad-4408-8aef-375e0f781bc3] INFO  segmented.SegmentedRaftLogWorker (SegmentedRaftLogWorker.java:execute(569)) - b36edb1e-3cc0-4b5f-b286-dd1e32c8dec6-SegmentedRaftLogWorker:Storage Directory /workdir/hadoop-ozone/tools/target/test-dir/MiniOzoneClusterImpl-23b1c32f-a31a-4489-b40e-6d88b61ad76b/datanode-2/data/ratis/02d50c74-79ad-4408-8aef-375e0f781bc3: created new log segment /workdir/hadoop-ozone/tools/target/test-dir/MiniOzoneClusterImpl-23b1c32f-a31a-4489-b40e-6d88b61ad76b/datanode-2/data/ratis/02d50c74-79ad-4408-8aef-375e0f781bc3/current/log_inprogress_0
2019-09-20 14:33:01,582 [Thread-185] INFO  impl.FollowerState (FollowerState.java:run(106)) - 0394b375-5707-4111-b314-9512f0d16dd1:group-F190725B945A changes to CANDIDATE, lastRpcTime:5146, electionTimeout:5146ms
2019-09-20 14:33:01,582 [Thread-185] INFO  impl.RoleInfo (RoleInfo.java:shutdownFollowerState(121)) - 0394b375-5707-4111-b314-9512f0d16dd1: shutdown FollowerState
2019-09-20 14:33:01,583 [Thread-185] INFO  impl.RaftServerImpl (RaftServerImpl.java:setRole(171)) - 0394b375-5707-4111-b314-9512f0d16dd1:group-F190725B945A changes role from FOLLOWER to CANDIDATE at term 0 for changeToCandidate
2019-09-20 14:33:01,583 [Thread-185] INFO  impl.RoleInfo (RoleInfo.java:updateAndGet(143)) - 0394b375-5707-4111-b314-9512f0d16dd1: start LeaderElection
2019-09-20 14:33:01,606 [0394b375-5707-4111-b314-9512f0d16dd1:group-F190725B945A:LeaderElection3] INFO  impl.LeaderElection (LeaderElection.java:askForVotes(181)) - 0394b375-5707-4111-b314-9512f0d16dd1:group-F190725B945A:LeaderElection3: begin an election at term 1 for -1: [0394b375-5707-4111-b314-9512f0d16dd1:192.168.36.99:45775], old=null
2019-09-20 14:33:01,611 [0394b375-5707-4111-b314-9512f0d16dd1:group-F190725B945A:LeaderElection3] INFO  impl.RoleInfo (RoleInfo.java:shutdownLeaderElection(134)) - 0394b375-5707-4111-b314-9512f0d16dd1: shutdown LeaderElection
2019-09-20 14:33:01,611 [0394b375-5707-4111-b314-9512f0d16dd1:group-F190725B945A:LeaderElection3] INFO  impl.RaftServerImpl (RaftServerImpl.java:setRole(171)) - 0394b375-5707-4111-b314-9512f0d16dd1:group-F190725B945A changes role from CANDIDATE to LEADER at term 1 for changeToLeader
2019-09-20 14:33:01,611 [0394b375-5707-4111-b314-9512f0d16dd1:group-F190725B945A:LeaderElection3] INFO  impl.RaftServerImpl (ServerState.java:setLeader(263)) - 0394b375-5707-4111-b314-9512f0d16dd1:group-F190725B945A change Leader from null to 0394b375-5707-4111-b314-9512f0d16dd1 at term 1 for becomeLeader, leader elected after 5180ms
2019-09-20 14:33:01,611 [0394b375-5707-4111-b314-9512f0d16dd1:group-F190725B945A:LeaderElection3] INFO  server.RaftServerConfigKeys (ConfUtils.java:logGet(43)) - raft.server.staging.catchup.gap = 1000 (default)
2019-09-20 14:33:01,611 [0394b375-5707-4111-b314-9512f0d16dd1:group-F190725B945A:LeaderElection3] INFO  server.RaftServerConfigKeys (ConfUtils.java:logGet(43)) - raft.server.rpc.sleep.time = 25ms (default)
2019-09-20 14:33:01,612 [0394b375-5707-4111-b314-9512f0d16dd1:group-F190725B945A:LeaderElection3] INFO  server.RaftServerConfigKeys (ConfUtils.java:logGet(43)) - raft.server.write.element-limit = 4096 (default)
2019-09-20 14:33:01,612 [0394b375-5707-4111-b314-9512f0d16dd1:group-F190725B945A:LeaderElection3] INFO  server.RaftServerConfigKeys (ConfUtils.java:logGet(43)) - raft.server.watch.timeout = 10s (default)
2019-09-20 14:33:01,612 [0394b375-5707-4111-b314-9512f0d16dd1:group-F190725B945A:LeaderElection3] INFO  server.RaftServerConfigKeys (ConfUtils.java:logGet(43)) - raft.server.watch.timeout.denomination = 1s (default)
2019-09-20 14:33:01,612 [0394b375-5707-4111-b314-9512f0d16dd1:group-F190725B945A:LeaderElection3] INFO  server.RaftServerConfigKeys (ConfUtils.java:logGet(43)) - raft.server.watch.element-limit = 65536 (default)
2019-09-20 14:33:01,613 [0394b375-5707-4111-b314-9512f0d16dd1:group-F190725B945A:LeaderElection3] INFO  impl.RoleInfo (RoleInfo.java:updateAndGet(143)) - 0394b375-5707-4111-b314-9512f0d16dd1: start LeaderState
2019-09-20 14:33:01,613 [0394b375-5707-4111-b314-9512f0d16dd1:group-F190725B945A:LeaderElection3] INFO  segmented.SegmentedRaftLogWorker (SegmentedRaftLogWorker.java:startLogSegment(380)) - 0394b375-5707-4111-b314-9512f0d16dd1-SegmentedRaftLogWorker:Storage Directory /workdir/hadoop-ozone/tools/target/test-dir/MiniOzoneClusterImpl-23b1c32f-a31a-4489-b40e-6d88b61ad76b/datanode-0/data/ratis/20f0c9a8-8909-4faf-a753-f190725b945a: Starting segment from index:0
2019-09-20 14:33:01,614 [0394b375-5707-4111-b314-9512f0d16dd1:group-F190725B945A:LeaderElection3] INFO  impl.RaftServerImpl (ServerState.java:setRaftConf(361)) - 0394b375-5707-4111-b314-9512f0d16dd1:group-F190725B945A set configuration 0: [0394b375-5707-4111-b314-9512f0d16dd1:192.168.36.99:45775], old=null at 0
2019-09-20 14:33:01,667 [0394b375-5707-4111-b314-9512f0d16dd1-SegmentedRaftLogWorker:Storage Directory /workdir/hadoop-ozone/tools/target/test-dir/MiniOzoneClusterImpl-23b1c32f-a31a-4489-b40e-6d88b61ad76b/datanode-0/data/ratis/20f0c9a8-8909-4faf-a753-f190725b945a] INFO  segmented.SegmentedRaftLogWorker (SegmentedRaftLogWorker.java:execute(569)) - 0394b375-5707-4111-b314-9512f0d16dd1-SegmentedRaftLogWorker:Storage Directory /workdir/hadoop-ozone/tools/target/test-dir/MiniOzoneClusterImpl-23b1c32f-a31a-4489-b40e-6d88b61ad76b/datanode-0/data/ratis/20f0c9a8-8909-4faf-a753-f190725b945a: created new log segment /workdir/hadoop-ozone/tools/target/test-dir/MiniOzoneClusterImpl-23b1c32f-a31a-4489-b40e-6d88b61ad76b/datanode-0/data/ratis/20f0c9a8-8909-4faf-a753-f190725b945a/current/log_inprogress_0
2019-09-20 14:33:01,718 [Thread-188] INFO  impl.FollowerState (FollowerState.java:run(106)) - 0394b375-5707-4111-b314-9512f0d16dd1:group-AE4DC7E861A7 changes to CANDIDATE, lastRpcTime:5197, electionTimeout:5197ms
2019-09-20 14:33:01,718 [Thread-188] INFO  impl.RoleInfo (RoleInfo.java:shutdownFollowerState(121)) - 0394b375-5707-4111-b314-9512f0d16dd1: shutdown FollowerState
2019-09-20 14:33:01,719 [Thread-188] INFO  impl.RaftServerImpl (RaftServerImpl.java:setRole(171)) - 0394b375-5707-4111-b314-9512f0d16dd1:group-AE4DC7E861A7 changes role from FOLLOWER to CANDIDATE at term 0 for changeToCandidate
2019-09-20 14:33:01,719 [Thread-188] INFO  impl.RoleInfo (RoleInfo.java:updateAndGet(143)) - 0394b375-5707-4111-b314-9512f0d16dd1: start LeaderElection
2019-09-20 14:33:01,764 [0394b375-5707-4111-b314-9512f0d16dd1:group-AE4DC7E861A7:LeaderElection4] INFO  impl.LeaderElection (LeaderElection.java:askForVotes(181)) - 0394b375-5707-4111-b314-9512f0d16dd1:group-AE4DC7E861A7:LeaderElection4: begin an election at term 1 for -1: [0394b375-5707-4111-b314-9512f0d16dd1:192.168.36.99:45775], old=null
2019-09-20 14:33:01,766 [0394b375-5707-4111-b314-9512f0d16dd1:group-AE4DC7E861A7:LeaderElection4] INFO  impl.RoleInfo (RoleInfo.java:shutdownLeaderElection(134)) - 0394b375-5707-4111-b314-9512f0d16dd1: shutdown LeaderElection
2019-09-20 14:33:01,766 [0394b375-5707-4111-b314-9512f0d16dd1:group-AE4DC7E861A7:LeaderElection4] INFO  impl.RaftServerImpl (RaftServerImpl.java:setRole(171)) - 0394b375-5707-4111-b314-9512f0d16dd1:group-AE4DC7E861A7 changes role from CANDIDATE to LEADER at term 1 for changeToLeader
2019-09-20 14:33:01,766 [0394b375-5707-4111-b314-9512f0d16dd1:group-AE4DC7E861A7:LeaderElection4] INFO  impl.RaftServerImpl (ServerState.java:setLeader(263)) - 0394b375-5707-4111-b314-9512f0d16dd1:group-AE4DC7E861A7 change Leader from null to 0394b375-5707-4111-b314-9512f0d16dd1 at term 1 for becomeLeader, leader elected after 5251ms
2019-09-20 14:33:01,767 [0394b375-5707-4111-b314-9512f0d16dd1:group-AE4DC7E861A7:LeaderElection4] INFO  server.RaftServerConfigKeys (ConfUtils.java:logGet(43)) - raft.server.staging.catchup.gap = 1000 (default)
2019-09-20 14:33:01,767 [0394b375-5707-4111-b314-9512f0d16dd1:group-AE4DC7E861A7:LeaderElection4] INFO  server.RaftServerConfigKeys (ConfUtils.java:logGet(43)) - raft.server.rpc.sleep.time = 25ms (default)
2019-09-20 14:33:01,767 [0394b375-5707-4111-b314-9512f0d16dd1:group-AE4DC7E861A7:LeaderElection4] INFO  server.RaftServerConfigKeys (ConfUtils.java:logGet(43)) - raft.server.write.element-limit = 4096 (default)
2019-09-20 14:33:01,767 [0394b375-5707-4111-b314-9512f0d16dd1:group-AE4DC7E861A7:LeaderElection4] INFO  server.RaftServerConfigKeys (ConfUtils.java:logGet(43)) - raft.server.watch.timeout = 10s (default)
2019-09-20 14:33:01,767 [0394b375-5707-4111-b314-9512f0d16dd1:group-AE4DC7E861A7:LeaderElection4] INFO  server.RaftServerConfigKeys (ConfUtils.java:logGet(43)) - raft.server.watch.timeout.denomination = 1s (default)
2019-09-20 14:33:01,768 [0394b375-5707-4111-b314-9512f0d16dd1:group-AE4DC7E861A7:LeaderElection4] INFO  server.RaftServerConfigKeys (ConfUtils.java:logGet(43)) - raft.server.watch.element-limit = 65536 (default)
2019-09-20 14:33:01,768 [0394b375-5707-4111-b314-9512f0d16dd1:group-AE4DC7E861A7:LeaderElection4] INFO  impl.RoleInfo (RoleInfo.java:updateAndGet(143)) - 0394b375-5707-4111-b314-9512f0d16dd1: start LeaderState
2019-09-20 14:33:01,768 [0394b375-5707-4111-b314-9512f0d16dd1:group-AE4DC7E861A7:LeaderElection4] INFO  segmented.SegmentedRaftLogWorker (SegmentedRaftLogWorker.java:startLogSegment(380)) - 0394b375-5707-4111-b314-9512f0d16dd1-SegmentedRaftLogWorker:Storage Directory /workdir/hadoop-ozone/tools/target/test-dir/MiniOzoneClusterImpl-23b1c32f-a31a-4489-b40e-6d88b61ad76b/datanode-0/data/ratis/762b9b45-9e2d-48d4-9f1f-ae4dc7e861a7: Starting segment from index:0
2019-09-20 14:33:01,769 [0394b375-5707-4111-b314-9512f0d16dd1:group-AE4DC7E861A7:LeaderElection4] INFO  impl.RaftServerImpl (ServerState.java:setRaftConf(361)) - 0394b375-5707-4111-b314-9512f0d16dd1:group-AE4DC7E861A7 set configuration 0: [0394b375-5707-4111-b314-9512f0d16dd1:192.168.36.99:45775], old=null at 0
2019-09-20 14:33:01,799 [Thread-192] INFO  impl.FollowerState (FollowerState.java:run(106)) - 7cf0c8ed-5ec1-4ccf-8169-28a1425388dc:group-8E2BD9963266 changes to CANDIDATE, lastRpcTime:5160, electionTimeout:5132ms
2019-09-20 14:33:01,799 [Thread-195] INFO  impl.FollowerState (FollowerState.java:run(106)) - 0394b375-5707-4111-b314-9512f0d16dd1:group-F88F8F63C060 changes to CANDIDATE, lastRpcTime:5078, electionTimeout:5077ms
2019-09-20 14:33:01,800 [Thread-192] INFO  impl.RoleInfo (RoleInfo.java:shutdownFollowerState(121)) - 7cf0c8ed-5ec1-4ccf-8169-28a1425388dc: shutdown FollowerState
2019-09-20 14:33:01,800 [Thread-195] INFO  impl.RoleInfo (RoleInfo.java:shutdownFollowerState(121)) - 0394b375-5707-4111-b314-9512f0d16dd1: shutdown FollowerState
2019-09-20 14:33:01,800 [Thread-192] INFO  impl.RaftServerImpl (RaftServerImpl.java:setRole(171)) - 7cf0c8ed-5ec1-4ccf-8169-28a1425388dc:group-8E2BD9963266 changes role from FOLLOWER to CANDIDATE at term 0 for changeToCandidate
2019-09-20 14:33:01,800 [Thread-195] INFO  impl.RaftServerImpl (RaftServerImpl.java:setRole(171)) - 0394b375-5707-4111-b314-9512f0d16dd1:group-F88F8F63C060 changes role from FOLLOWER to CANDIDATE at term 0 for changeToCandidate
2019-09-20 14:33:01,800 [Thread-192] INFO  impl.RoleInfo (RoleInfo.java:updateAndGet(143)) - 7cf0c8ed-5ec1-4ccf-8169-28a1425388dc: start LeaderElection
2019-09-20 14:33:01,800 [Thread-195] INFO  impl.RoleInfo (RoleInfo.java:updateAndGet(143)) - 0394b375-5707-4111-b314-9512f0d16dd1: start LeaderElection
2019-09-20 14:33:01,857 [0394b375-5707-4111-b314-9512f0d16dd1-SegmentedRaftLogWorker:Storage Directory /workdir/hadoop-ozone/tools/target/test-dir/MiniOzoneClusterImpl-23b1c32f-a31a-4489-b40e-6d88b61ad76b/datanode-0/data/ratis/762b9b45-9e2d-48d4-9f1f-ae4dc7e861a7] INFO  segmented.SegmentedRaftLogWorker (SegmentedRaftLogWorker.java:execute(569)) - 0394b375-5707-4111-b314-9512f0d16dd1-SegmentedRaftLogWorker:Storage Directory /workdir/hadoop-ozone/tools/target/test-dir/MiniOzoneClusterImpl-23b1c32f-a31a-4489-b40e-6d88b61ad76b/datanode-0/data/ratis/762b9b45-9e2d-48d4-9f1f-ae4dc7e861a7: created new log segment /workdir/hadoop-ozone/tools/target/test-dir/MiniOzoneClusterImpl-23b1c32f-a31a-4489-b40e-6d88b61ad76b/datanode-0/data/ratis/762b9b45-9e2d-48d4-9f1f-ae4dc7e861a7/current/log_inprogress_0
2019-09-20 14:33:01,857 [0394b375-5707-4111-b314-9512f0d16dd1:group-F88F8F63C060:LeaderElection6] INFO  impl.LeaderElection (LeaderElection.java:askForVotes(181)) - 0394b375-5707-4111-b314-9512f0d16dd1:group-F88F8F63C060:LeaderElection6: begin an election at term 1 for -1: [0394b375-5707-4111-b314-9512f0d16dd1:192.168.36.99:45775], old=null
2019-09-20 14:33:01,857 [7cf0c8ed-5ec1-4ccf-8169-28a1425388dc:group-8E2BD9963266:LeaderElection5] INFO  impl.LeaderElection (LeaderElection.java:askForVotes(181)) - 7cf0c8ed-5ec1-4ccf-8169-28a1425388dc:group-8E2BD9963266:LeaderElection5: begin an election at term 1 for -1: [7cf0c8ed-5ec1-4ccf-8169-28a1425388dc:192.168.36.99:36950], old=null
2019-09-20 14:33:01,859 [0394b375-5707-4111-b314-9512f0d16dd1:group-F88F8F63C060:LeaderElection6] INFO  impl.RoleInfo (RoleInfo.java:shutdownLeaderElection(134)) - 0394b375-5707-4111-b314-9512f0d16dd1: shutdown LeaderElection
2019-09-20 14:33:01,859 [7cf0c8ed-5ec1-4ccf-8169-28a1425388dc:group-8E2BD9963266:LeaderElection5] INFO  impl.RoleInfo (RoleInfo.java:shutdownLeaderElection(134)) - 7cf0c8ed-5ec1-4ccf-8169-28a1425388dc: shutdown LeaderElection
2019-09-20 14:33:01,859 [0394b375-5707-4111-b314-9512f0d16dd1:group-F88F8F63C060:LeaderElection6] INFO  impl.RaftServerImpl (RaftServerImpl.java:setRole(171)) - 0394b375-5707-4111-b314-9512f0d16dd1:group-F88F8F63C060 changes role from CANDIDATE to LEADER at term 1 for changeToLeader
2019-09-20 14:33:01,860 [7cf0c8ed-5ec1-4ccf-8169-28a1425388dc:group-8E2BD9963266:LeaderElection5] INFO  impl.RaftServerImpl (RaftServerImpl.java:setRole(171)) - 7cf0c8ed-5ec1-4ccf-8169-28a1425388dc:group-8E2BD9963266 changes role from CANDIDATE to LEADER at term 1 for changeToLeader
2019-09-20 14:33:01,860 [0394b375-5707-4111-b314-9512f0d16dd1:group-F88F8F63C060:LeaderElection6] INFO  impl.RaftServerImpl (ServerState.java:setLeader(263)) - 0394b375-5707-4111-b314-9512f0d16dd1:group-F88F8F63C060 change Leader from null to 0394b375-5707-4111-b314-9512f0d16dd1 at term 1 for becomeLeader, leader elected after 5143ms
2019-09-20 14:33:01,860 [7cf0c8ed-5ec1-4ccf-8169-28a1425388dc:group-8E2BD9963266:LeaderElection5] INFO  impl.RaftServerImpl (ServerState.java:setLeader(263)) - 7cf0c8ed-5ec1-4ccf-8169-28a1425388dc:group-8E2BD9963266 change Leader from null to 7cf0c8ed-5ec1-4ccf-8169-28a1425388dc at term 1 for becomeLeader, leader elected after 5227ms
2019-09-20 14:33:01,860 [0394b375-5707-4111-b314-9512f0d16dd1:group-F88F8F63C060:LeaderElection6] INFO  server.RaftServerConfigKeys (ConfUtils.java:logGet(43)) - raft.server.staging.catchup.gap = 1000 (default)
2019-09-20 14:33:01,860 [7cf0c8ed-5ec1-4ccf-8169-28a1425388dc:group-8E2BD9963266:LeaderElection5] INFO  server.RaftServerConfigKeys (ConfUtils.java:logGet(43)) - raft.server.staging.catchup.gap = 1000 (default)
2019-09-20 14:33:01,861 [0394b375-5707-4111-b314-9512f0d16dd1:group-F88F8F63C060:LeaderElection6] INFO  server.RaftServerConfigKeys (ConfUtils.java:logGet(43)) - raft.server.rpc.sleep.time = 25ms (default)
2019-09-20 14:33:01,861 [7cf0c8ed-5ec1-4ccf-8169-28a1425388dc:group-8E2BD9963266:LeaderElection5] INFO  server.RaftServerConfigKeys (ConfUtils.java:logGet(43)) - raft.server.rpc.sleep.time = 25ms (default)
2019-09-20 14:33:01,861 [0394b375-5707-4111-b314-9512f0d16dd1:group-F88F8F63C060:LeaderElection6] INFO  server.RaftServerConfigKeys (ConfUtils.java:logGet(43)) - raft.server.write.element-limit = 4096 (default)
2019-09-20 14:33:01,861 [7cf0c8ed-5ec1-4ccf-8169-28a1425388dc:group-8E2BD9963266:LeaderElection5] INFO  server.RaftServerConfigKeys (ConfUtils.java:logGet(43)) - raft.server.write.element-limit = 4096 (default)
2019-09-20 14:33:01,861 [0394b375-5707-4111-b314-9512f0d16dd1:group-F88F8F63C060:LeaderElection6] INFO  server.RaftServerConfigKeys (ConfUtils.java:logGet(43)) - raft.server.watch.timeout = 10s (default)
2019-09-20 14:33:01,861 [7cf0c8ed-5ec1-4ccf-8169-28a1425388dc:group-8E2BD9963266:LeaderElection5] INFO  server.RaftServerConfigKeys (ConfUtils.java:logGet(43)) - raft.server.watch.timeout = 10s (default)
2019-09-20 14:33:01,862 [0394b375-5707-4111-b314-9512f0d16dd1:group-F88F8F63C060:LeaderElection6] INFO  server.RaftServerConfigKeys (ConfUtils.java:logGet(43)) - raft.server.watch.timeout.denomination = 1s (default)
2019-09-20 14:33:01,862 [7cf0c8ed-5ec1-4ccf-8169-28a1425388dc:group-8E2BD9963266:LeaderElection5] INFO  server.RaftServerConfigKeys (ConfUtils.java:logGet(43)) - raft.server.watch.timeout.denomination = 1s (default)
2019-09-20 14:33:01,862 [0394b375-5707-4111-b314-9512f0d16dd1:group-F88F8F63C060:LeaderElection6] INFO  server.RaftServerConfigKeys (ConfUtils.java:logGet(43)) - raft.server.watch.element-limit = 65536 (default)
2019-09-20 14:33:01,862 [7cf0c8ed-5ec1-4ccf-8169-28a1425388dc:group-8E2BD9963266:LeaderElection5] INFO  server.RaftServerConfigKeys (ConfUtils.java:logGet(43)) - raft.server.watch.element-limit = 65536 (default)
2019-09-20 14:33:01,863 [0394b375-5707-4111-b314-9512f0d16dd1:group-F88F8F63C060:LeaderElection6] INFO  impl.RoleInfo (RoleInfo.java:updateAndGet(143)) - 0394b375-5707-4111-b314-9512f0d16dd1: start LeaderState
2019-09-20 14:33:01,863 [7cf0c8ed-5ec1-4ccf-8169-28a1425388dc:group-8E2BD9963266:LeaderElection5] INFO  impl.RoleInfo (RoleInfo.java:updateAndGet(143)) - 7cf0c8ed-5ec1-4ccf-8169-28a1425388dc: start LeaderState
2019-09-20 14:33:01,863 [0394b375-5707-4111-b314-9512f0d16dd1:group-F88F8F63C060:LeaderElection6] INFO  segmented.SegmentedRaftLogWorker (SegmentedRaftLogWorker.java:startLogSegment(380)) - 0394b375-5707-4111-b314-9512f0d16dd1-SegmentedRaftLogWorker:Storage Directory /workdir/hadoop-ozone/tools/target/test-dir/MiniOzoneClusterImpl-23b1c32f-a31a-4489-b40e-6d88b61ad76b/datanode-0/data/ratis/a1997402-1b77-412e-b6ff-f88f8f63c060: Starting segment from index:0
2019-09-20 14:33:01,863 [7cf0c8ed-5ec1-4ccf-8169-28a1425388dc:group-8E2BD9963266:LeaderElection5] INFO  segmented.SegmentedRaftLogWorker (SegmentedRaftLogWorker.java:startLogSegment(380)) - 7cf0c8ed-5ec1-4ccf-8169-28a1425388dc-SegmentedRaftLogWorker:Storage Directory /workdir/hadoop-ozone/tools/target/test-dir/MiniOzoneClusterImpl-23b1c32f-a31a-4489-b40e-6d88b61ad76b/datanode-1/data/ratis/b08b4428-4ef7-4ec5-83d9-8e2bd9963266: Starting segment from index:0
2019-09-20 14:33:01,864 [0394b375-5707-4111-b314-9512f0d16dd1:group-F88F8F63C060:LeaderElection6] INFO  impl.RaftServerImpl (ServerState.java:setRaftConf(361)) - 0394b375-5707-4111-b314-9512f0d16dd1:group-F88F8F63C060 set configuration 0: [0394b375-5707-4111-b314-9512f0d16dd1:192.168.36.99:45775], old=null at 0
2019-09-20 14:33:01,864 [7cf0c8ed-5ec1-4ccf-8169-28a1425388dc:group-8E2BD9963266:LeaderElection5] INFO  impl.RaftServerImpl (ServerState.java:setRaftConf(361)) - 7cf0c8ed-5ec1-4ccf-8169-28a1425388dc:group-8E2BD9963266 set configuration 0: [7cf0c8ed-5ec1-4ccf-8169-28a1425388dc:192.168.36.99:36950], old=null at 0
2019-09-20 14:33:01,925 [0394b375-5707-4111-b314-9512f0d16dd1-SegmentedRaftLogWorker:Storage Directory /workdir/hadoop-ozone/tools/target/test-dir/MiniOzoneClusterImpl-23b1c32f-a31a-4489-b40e-6d88b61ad76b/datanode-0/data/ratis/a1997402-1b77-412e-b6ff-f88f8f63c060] INFO  segmented.SegmentedRaftLogWorker (SegmentedRaftLogWorker.java:execute(569)) - 0394b375-5707-4111-b314-9512f0d16dd1-SegmentedRaftLogWorker:Storage Directory /workdir/hadoop-ozone/tools/target/test-dir/MiniOzoneClusterImpl-23b1c32f-a31a-4489-b40e-6d88b61ad76b/datanode-0/data/ratis/a1997402-1b77-412e-b6ff-f88f8f63c060: created new log segment /workdir/hadoop-ozone/tools/target/test-dir/MiniOzoneClusterImpl-23b1c32f-a31a-4489-b40e-6d88b61ad76b/datanode-0/data/ratis/a1997402-1b77-412e-b6ff-f88f8f63c060/current/log_inprogress_0
2019-09-20 14:33:01,925 [7cf0c8ed-5ec1-4ccf-8169-28a1425388dc-SegmentedRaftLogWorker:Storage Directory /workdir/hadoop-ozone/tools/target/test-dir/MiniOzoneClusterImpl-23b1c32f-a31a-4489-b40e-6d88b61ad76b/datanode-1/data/ratis/b08b4428-4ef7-4ec5-83d9-8e2bd9963266] INFO  segmented.SegmentedRaftLogWorker (SegmentedRaftLogWorker.java:execute(569)) - 7cf0c8ed-5ec1-4ccf-8169-28a1425388dc-SegmentedRaftLogWorker:Storage Directory /workdir/hadoop-ozone/tools/target/test-dir/MiniOzoneClusterImpl-23b1c32f-a31a-4489-b40e-6d88b61ad76b/datanode-1/data/ratis/b08b4428-4ef7-4ec5-83d9-8e2bd9963266: created new log segment /workdir/hadoop-ozone/tools/target/test-dir/MiniOzoneClusterImpl-23b1c32f-a31a-4489-b40e-6d88b61ad76b/datanode-1/data/ratis/b08b4428-4ef7-4ec5-83d9-8e2bd9963266/current/log_inprogress_0
2019-09-20 14:33:01,930 | INFO  | SCMAudit | user=jenkins1000 | ip=192.168.36.99 | op=SEND_HEARTBEAT {datanodeUUID=0394b375-5707-4111-b314-9512f0d16dd1, command=[]} | ret=SUCCESS |  
2019-09-20 14:33:01,977 [Thread-199] INFO  impl.FollowerState (FollowerState.java:run(106)) - b36edb1e-3cc0-4b5f-b286-dd1e32c8dec6:group-F1ADC109B851 changes to CANDIDATE, lastRpcTime:5170, electionTimeout:5170ms
2019-09-20 14:33:01,978 [Thread-199] INFO  impl.RoleInfo (RoleInfo.java:shutdownFollowerState(121)) - b36edb1e-3cc0-4b5f-b286-dd1e32c8dec6: shutdown FollowerState
2019-09-20 14:33:01,979 [Thread-199] INFO  impl.RaftServerImpl (RaftServerImpl.java:setRole(171)) - b36edb1e-3cc0-4b5f-b286-dd1e32c8dec6:group-F1ADC109B851 changes role from FOLLOWER to CANDIDATE at term 0 for changeToCandidate
2019-09-20 14:33:01,979 [Thread-199] INFO  impl.RoleInfo (RoleInfo.java:updateAndGet(143)) - b36edb1e-3cc0-4b5f-b286-dd1e32c8dec6: start LeaderElection
 100.00% |█████████████████████████████████████████████████████████████████████████████████████████████████████|  1/1 Time: 0:00:05
2019-09-20 14:33:02,000 [b36edb1e-3cc0-4b5f-b286-dd1e32c8dec6:group-F1ADC109B851:LeaderElection7] INFO  impl.LeaderElection (LeaderElection.java:askForVotes(181)) - b36edb1e-3cc0-4b5f-b286-dd1e32c8dec6:group-F1ADC109B851:LeaderElection7: begin an election at term 1 for -1: [b36edb1e-3cc0-4b5f-b286-dd1e32c8dec6:192.168.36.99:44289], old=null
2019-09-20 14:33:02,002 [b36edb1e-3cc0-4b5f-b286-dd1e32c8dec6:group-F1ADC109B851:LeaderElection7] INFO  impl.RoleInfo (RoleInfo.java:shutdownLeaderElection(134)) - b36edb1e-3cc0-4b5f-b286-dd1e32c8dec6: shutdown LeaderElection
2019-09-20 14:33:02,002 [b36edb1e-3cc0-4b5f-b286-dd1e32c8dec6:group-F1ADC109B851:LeaderElection7] INFO  impl.RaftServerImpl (RaftServerImpl.java:setRole(171)) - b36edb1e-3cc0-4b5f-b286-dd1e32c8dec6:group-F1ADC109B851 changes role from CANDIDATE to LEADER at term 1 for changeToLeader
2019-09-20 14:33:02,002 [b36edb1e-3cc0-4b5f-b286-dd1e32c8dec6:group-F1ADC109B851:LeaderElection7] INFO  impl.RaftServerImpl (ServerState.java:setLeader(263)) - b36edb1e-3cc0-4b5f-b286-dd1e32c8dec6:group-F1ADC109B851 change Leader from null to b36edb1e-3cc0-4b5f-b286-dd1e32c8dec6 at term 1 for becomeLeader, leader elected after 5200ms
2019-09-20 14:33:02,002 [b36edb1e-3cc0-4b5f-b286-dd1e32c8dec6:group-F1ADC109B851:LeaderElection7] INFO  server.RaftServerConfigKeys (ConfUtils.java:logGet(43)) - raft.server.staging.catchup.gap = 1000 (default)
2019-09-20 14:33:02,002 [b36edb1e-3cc0-4b5f-b286-dd1e32c8dec6:group-F1ADC109B851:LeaderElection7] INFO  server.RaftServerConfigKeys (ConfUtils.java:logGet(43)) - raft.server.rpc.sleep.time = 25ms (default)
2019-09-20 14:33:02,003 [b36edb1e-3cc0-4b5f-b286-dd1e32c8dec6:group-F1ADC109B851:LeaderElection7] INFO  server.RaftServerConfigKeys (ConfUtils.java:logGet(43)) - raft.server.write.element-limit = 4096 (default)
2019-09-20 14:33:02,003 [b36edb1e-3cc0-4b5f-b286-dd1e32c8dec6:group-F1ADC109B851:LeaderElection7] INFO  server.RaftServerConfigKeys (ConfUtils.java:logGet(43)) - raft.server.watch.timeout = 10s (default)
2019-09-20 14:33:02,003 [b36edb1e-3cc0-4b5f-b286-dd1e32c8dec6:group-F1ADC109B851:LeaderElection7] INFO  server.RaftServerConfigKeys (ConfUtils.java:logGet(43)) - raft.server.watch.timeout.denomination = 1s (default)
2019-09-20 14:33:02,003 [b36edb1e-3cc0-4b5f-b286-dd1e32c8dec6:group-F1ADC109B851:LeaderElection7] INFO  server.RaftServerConfigKeys (ConfUtils.java:logGet(43)) - raft.server.watch.element-limit = 65536 (default)
2019-09-20 14:33:02,004 [b36edb1e-3cc0-4b5f-b286-dd1e32c8dec6:group-F1ADC109B851:LeaderElection7] INFO  impl.RoleInfo (RoleInfo.java:updateAndGet(143)) - b36edb1e-3cc0-4b5f-b286-dd1e32c8dec6: start LeaderState
2019-09-20 14:33:02,004 [b36edb1e-3cc0-4b5f-b286-dd1e32c8dec6:group-F1ADC109B851:LeaderElection7] INFO  segmented.SegmentedRaftLogWorker (SegmentedRaftLogWorker.java:startLogSegment(380)) - b36edb1e-3cc0-4b5f-b286-dd1e32c8dec6-SegmentedRaftLogWorker:Storage Directory /workdir/hadoop-ozone/tools/target/test-dir/MiniOzoneClusterImpl-23b1c32f-a31a-4489-b40e-6d88b61ad76b/datanode-2/data/ratis/96624f78-5d05-48d3-a0ef-f1adc109b851: Starting segment from index:0
2019-09-20 14:33:02,005 [b36edb1e-3cc0-4b5f-b286-dd1e32c8dec6:group-F1ADC109B851:LeaderElection7] INFO  impl.RaftServerImpl (ServerState.java:setRaftConf(361)) - b36edb1e-3cc0-4b5f-b286-dd1e32c8dec6:group-F1ADC109B851 set configuration 0: [b36edb1e-3cc0-4b5f-b286-dd1e32c8dec6:192.168.36.99:44289], old=null at 0
2019-09-20 14:33:02,041 [Thread-209] INFO  impl.FollowerState (FollowerState.java:run(106)) - 7cf0c8ed-5ec1-4ccf-8169-28a1425388dc:group-080BD2E8A890 changes to CANDIDATE, lastRpcTime:5040, electionTimeout:5016ms
2019-09-20 14:33:02,042 [Thread-209] INFO  impl.RoleInfo (RoleInfo.java:shutdownFollowerState(121)) - 7cf0c8ed-5ec1-4ccf-8169-28a1425388dc: shutdown FollowerState
2019-09-20 14:33:02,042 [Thread-209] INFO  impl.RaftServerImpl (RaftServerImpl.java:setRole(171)) - 7cf0c8ed-5ec1-4ccf-8169-28a1425388dc:group-080BD2E8A890 changes role from FOLLOWER to CANDIDATE at term 0 for changeToCandidate
2019-09-20 14:33:02,042 [Thread-209] INFO  impl.RoleInfo (RoleInfo.java:updateAndGet(143)) - 7cf0c8ed-5ec1-4ccf-8169-28a1425388dc: start LeaderElection
2019-09-20 14:33:02,060 [Thread-202] INFO  impl.FollowerState (FollowerState.java:run(106)) - 0394b375-5707-4111-b314-9512f0d16dd1:group-E8FD7E1351BA changes to CANDIDATE, lastRpcTime:5136, electionTimeout:5136ms
2019-09-20 14:33:02,060 [Thread-202] INFO  impl.RoleInfo (RoleInfo.java:shutdownFollowerState(121)) - 0394b375-5707-4111-b314-9512f0d16dd1: shutdown FollowerState
2019-09-20 14:33:02,060 [Thread-202] INFO  impl.RaftServerImpl (RaftServerImpl.java:setRole(171)) - 0394b375-5707-4111-b314-9512f0d16dd1:group-E8FD7E1351BA changes role from FOLLOWER to CANDIDATE at term 0 for changeToCandidate
2019-09-20 14:33:02,060 [Thread-202] INFO  impl.RoleInfo (RoleInfo.java:updateAndGet(143)) - 0394b375-5707-4111-b314-9512f0d16dd1: start LeaderElection
2019-09-20 14:33:02,067 [b36edb1e-3cc0-4b5f-b286-dd1e32c8dec6-SegmentedRaftLogWorker:Storage Directory /workdir/hadoop-ozone/tools/target/test-dir/MiniOzoneClusterImpl-23b1c32f-a31a-4489-b40e-6d88b61ad76b/datanode-2/data/ratis/96624f78-5d05-48d3-a0ef-f1adc109b851] INFO  segmented.SegmentedRaftLogWorker (SegmentedRaftLogWorker.java:execute(569)) - b36edb1e-3cc0-4b5f-b286-dd1e32c8dec6-SegmentedRaftLogWorker:Storage Directory /workdir/hadoop-ozone/tools/target/test-dir/MiniOzoneClusterImpl-23b1c32f-a31a-4489-b40e-6d88b61ad76b/datanode-2/data/ratis/96624f78-5d05-48d3-a0ef-f1adc109b851: created new log segment /workdir/hadoop-ozone/tools/target/test-dir/MiniOzoneClusterImpl-23b1c32f-a31a-4489-b40e-6d88b61ad76b/datanode-2/data/ratis/96624f78-5d05-48d3-a0ef-f1adc109b851/current/log_inprogress_0
2019-09-20 14:33:02,067 [7cf0c8ed-5ec1-4ccf-8169-28a1425388dc:group-080BD2E8A890:LeaderElection8] INFO  impl.LeaderElection (LeaderElection.java:askForVotes(181)) - 7cf0c8ed-5ec1-4ccf-8169-28a1425388dc:group-080BD2E8A890:LeaderElection8: begin an election at term 1 for -1: [7cf0c8ed-5ec1-4ccf-8169-28a1425388dc:192.168.36.99:36950], old=null
2019-09-20 14:33:02,068 [7cf0c8ed-5ec1-4ccf-8169-28a1425388dc:group-080BD2E8A890:LeaderElection8] INFO  impl.RoleInfo (RoleInfo.java:shutdownLeaderElection(134)) - 7cf0c8ed-5ec1-4ccf-8169-28a1425388dc: shutdown LeaderElection
2019-09-20 14:33:02,068 [7cf0c8ed-5ec1-4ccf-8169-28a1425388dc:group-080BD2E8A890:LeaderElection8] INFO  impl.RaftServerImpl (RaftServerImpl.java:setRole(171)) - 7cf0c8ed-5ec1-4ccf-8169-28a1425388dc:group-080BD2E8A890 changes role from CANDIDATE to LEADER at term 1 for changeToLeader
2019-09-20 14:33:02,068 [7cf0c8ed-5ec1-4ccf-8169-28a1425388dc:group-080BD2E8A890:LeaderElection8] INFO  impl.RaftServerImpl (ServerState.java:setLeader(263)) - 7cf0c8ed-5ec1-4ccf-8169-28a1425388dc:group-080BD2E8A890 change Leader from null to 7cf0c8ed-5ec1-4ccf-8169-28a1425388dc at term 1 for becomeLeader, leader elected after 5072ms
2019-09-20 14:33:02,068 [7cf0c8ed-5ec1-4ccf-8169-28a1425388dc:group-080BD2E8A890:LeaderElection8] INFO  server.RaftServerConfigKeys (ConfUtils.java:logGet(43)) - raft.server.staging.catchup.gap = 1000 (default)
2019-09-20 14:33:02,068 [7cf0c8ed-5ec1-4ccf-8169-28a1425388dc:group-080BD2E8A890:LeaderElection8] INFO  server.RaftServerConfigKeys (ConfUtils.java:logGet(43)) - raft.server.rpc.sleep.time = 25ms (default)
2019-09-20 14:33:02,069 [7cf0c8ed-5ec1-4ccf-8169-28a1425388dc:group-080BD2E8A890:LeaderElection8] INFO  server.RaftServerConfigKeys (ConfUtils.java:logGet(43)) - raft.server.write.element-limit = 4096 (default)
2019-09-20 14:33:02,069 [7cf0c8ed-5ec1-4ccf-8169-28a1425388dc:group-080BD2E8A890:LeaderElection8] INFO  server.RaftServerConfigKeys (ConfUtils.java:logGet(43)) - raft.server.watch.timeout = 10s (default)
2019-09-20 14:33:02,069 [7cf0c8ed-5ec1-4ccf-8169-28a1425388dc:group-080BD2E8A890:LeaderElection8] INFO  server.RaftServerConfigKeys (ConfUtils.java:logGet(43)) - raft.server.watch.timeout.denomination = 1s (default)
2019-09-20 14:33:02,069 [7cf0c8ed-5ec1-4ccf-8169-28a1425388dc:group-080BD2E8A890:LeaderElection8] INFO  server.RaftServerConfigKeys (ConfUtils.java:logGet(43)) - raft.server.watch.element-limit = 65536 (default)
2019-09-20 14:33:02,069 [7cf0c8ed-5ec1-4ccf-8169-28a1425388dc:group-080BD2E8A890:LeaderElection8] INFO  impl.RoleInfo (RoleInfo.java:updateAndGet(143)) - 7cf0c8ed-5ec1-4ccf-8169-28a1425388dc: start LeaderState
2019-09-20 14:33:02,070 [7cf0c8ed-5ec1-4ccf-8169-28a1425388dc:group-080BD2E8A890:LeaderElection8] INFO  segmented.SegmentedRaftLogWorker (SegmentedRaftLogWorker.java:startLogSegment(380)) - 7cf0c8ed-5ec1-4ccf-8169-28a1425388dc-SegmentedRaftLogWorker:Storage Directory /workdir/hadoop-ozone/tools/target/test-dir/MiniOzoneClusterImpl-23b1c32f-a31a-4489-b40e-6d88b61ad76b/datanode-1/data/ratis/72530c00-24e4-44af-b2a5-080bd2e8a890: Starting segment from index:0
2019-09-20 14:33:02,070 [7cf0c8ed-5ec1-4ccf-8169-28a1425388dc:group-080BD2E8A890:LeaderElection8] INFO  impl.RaftServerImpl (ServerState.java:setRaftConf(361)) - 7cf0c8ed-5ec1-4ccf-8169-28a1425388dc:group-080BD2E8A890 set configuration 0: [7cf0c8ed-5ec1-4ccf-8169-28a1425388dc:192.168.36.99:36950], old=null at 0
2019-09-20 14:33:02,110 [0394b375-5707-4111-b314-9512f0d16dd1:group-E8FD7E1351BA:LeaderElection9] INFO  impl.LeaderElection (LeaderElection.java:askForVotes(181)) - 0394b375-5707-4111-b314-9512f0d16dd1:group-E8FD7E1351BA:LeaderElection9: begin an election at term 1 for -1: [0394b375-5707-4111-b314-9512f0d16dd1:192.168.36.99:45775], old=null
2019-09-20 14:33:02,111 [0394b375-5707-4111-b314-9512f0d16dd1:group-E8FD7E1351BA:LeaderElection9] INFO  impl.RoleInfo (RoleInfo.java:shutdownLeaderElection(134)) - 0394b375-5707-4111-b314-9512f0d16dd1: shutdown LeaderElection
2019-09-20 14:33:02,112 [0394b375-5707-4111-b314-9512f0d16dd1:group-E8FD7E1351BA:LeaderElection9] INFO  impl.RaftServerImpl (RaftServerImpl.java:setRole(171)) - 0394b375-5707-4111-b314-9512f0d16dd1:group-E8FD7E1351BA changes role from CANDIDATE to LEADER at term 1 for changeToLeader
2019-09-20 14:33:02,112 [0394b375-5707-4111-b314-9512f0d16dd1:group-E8FD7E1351BA:LeaderElection9] INFO  impl.RaftServerImpl (ServerState.java:setLeader(263)) - 0394b375-5707-4111-b314-9512f0d16dd1:group-E8FD7E1351BA change Leader from null to 0394b375-5707-4111-b314-9512f0d16dd1 at term 1 for becomeLeader, leader elected after 5192ms
2019-09-20 14:33:02,112 [0394b375-5707-4111-b314-9512f0d16dd1:group-E8FD7E1351BA:LeaderElection9] INFO  server.RaftServerConfigKeys (ConfUtils.java:logGet(43)) - raft.server.staging.catchup.gap = 1000 (default)
2019-09-20 14:33:02,112 [0394b375-5707-4111-b314-9512f0d16dd1:group-E8FD7E1351BA:LeaderElection9] INFO  server.RaftServerConfigKeys (ConfUtils.java:logGet(43)) - raft.server.rpc.sleep.time = 25ms (default)
2019-09-20 14:33:02,112 [0394b375-5707-4111-b314-9512f0d16dd1:group-E8FD7E1351BA:LeaderElection9] INFO  server.RaftServerConfigKeys (ConfUtils.java:logGet(43)) - raft.server.write.element-limit = 4096 (default)
2019-09-20 14:33:02,113 [0394b375-5707-4111-b314-9512f0d16dd1:group-E8FD7E1351BA:LeaderElection9] INFO  server.RaftServerConfigKeys (ConfUtils.java:logGet(43)) - raft.server.watch.timeout = 10s (default)
2019-09-20 14:33:02,113 [0394b375-5707-4111-b314-9512f0d16dd1:group-E8FD7E1351BA:LeaderElection9] INFO  server.RaftServerConfigKeys (ConfUtils.java:logGet(43)) - raft.server.watch.timeout.denomination = 1s (default)
2019-09-20 14:33:02,113 [0394b375-5707-4111-b314-9512f0d16dd1:group-E8FD7E1351BA:LeaderElection9] INFO  server.RaftServerConfigKeys (ConfUtils.java:logGet(43)) - raft.server.watch.element-limit = 65536 (default)
2019-09-20 14:33:02,113 [0394b375-5707-4111-b314-9512f0d16dd1:group-E8FD7E1351BA:LeaderElection9] INFO  impl.RoleInfo (RoleInfo.java:updateAndGet(143)) - 0394b375-5707-4111-b314-9512f0d16dd1: start LeaderState
2019-09-20 14:33:02,113 [0394b375-5707-4111-b314-9512f0d16dd1:group-E8FD7E1351BA:LeaderElection9] INFO  segmented.SegmentedRaftLogWorker (SegmentedRaftLogWorker.java:startLogSegment(380)) - 0394b375-5707-4111-b314-9512f0d16dd1-SegmentedRaftLogWorker:Storage Directory /workdir/hadoop-ozone/tools/target/test-dir/MiniOzoneClusterImpl-23b1c32f-a31a-4489-b40e-6d88b61ad76b/datanode-0/data/ratis/353a31d8-5097-4f3c-a551-e8fd7e1351ba: Starting segment from index:0
2019-09-20 14:33:02,114 [0394b375-5707-4111-b314-9512f0d16dd1:group-E8FD7E1351BA:LeaderElection9] INFO  impl.RaftServerImpl (ServerState.java:setRaftConf(361)) - 0394b375-5707-4111-b314-9512f0d16dd1:group-E8FD7E1351BA set configuration 0: [0394b375-5707-4111-b314-9512f0d16dd1:192.168.36.99:45775], old=null at 0
2019-09-20 14:33:02,126 [7cf0c8ed-5ec1-4ccf-8169-28a1425388dc-SegmentedRaftLogWorker:Storage Directory /workdir/hadoop-ozone/tools/target/test-dir/MiniOzoneClusterImpl-23b1c32f-a31a-4489-b40e-6d88b61ad76b/datanode-1/data/ratis/72530c00-24e4-44af-b2a5-080bd2e8a890] INFO  segmented.SegmentedRaftLogWorker (SegmentedRaftLogWorker.java:execute(569)) - 7cf0c8ed-5ec1-4ccf-8169-28a1425388dc-SegmentedRaftLogWorker:Storage Directory /workdir/hadoop-ozone/tools/target/test-dir/MiniOzoneClusterImpl-23b1c32f-a31a-4489-b40e-6d88b61ad76b/datanode-1/data/ratis/72530c00-24e4-44af-b2a5-080bd2e8a890: created new log segment /workdir/hadoop-ozone/tools/target/test-dir/MiniOzoneClusterImpl-23b1c32f-a31a-4489-b40e-6d88b61ad76b/datanode-1/data/ratis/72530c00-24e4-44af-b2a5-080bd2e8a890/current/log_inprogress_0
2019-09-20 14:33:02,172 [Thread-212] INFO  impl.FollowerState (FollowerState.java:run(106)) - b36edb1e-3cc0-4b5f-b286-dd1e32c8dec6:group-37AD085FCF07 changes to CANDIDATE, lastRpcTime:5092, electionTimeout:5092ms
2019-09-20 14:33:02,172 [Thread-212] INFO  impl.RoleInfo (RoleInfo.java:shutdownFollowerState(121)) - b36edb1e-3cc0-4b5f-b286-dd1e32c8dec6: shutdown FollowerState
2019-09-20 14:33:02,172 [Thread-212] INFO  impl.RaftServerImpl (RaftServerImpl.java:setRole(171)) - b36edb1e-3cc0-4b5f-b286-dd1e32c8dec6:group-37AD085FCF07 changes role from FOLLOWER to CANDIDATE at term 0 for changeToCandidate
2019-09-20 14:33:02,173 [Thread-212] INFO  impl.RoleInfo (RoleInfo.java:updateAndGet(143)) - b36edb1e-3cc0-4b5f-b286-dd1e32c8dec6: start LeaderElection
2019-09-20 14:33:02,173 | INFO  | SCMAudit | user=jenkins1000 | ip=192.168.36.99 | op=SEND_HEARTBEAT {datanodeUUID=7cf0c8ed-5ec1-4ccf-8169-28a1425388dc, command=[]} | ret=SUCCESS |  
2019-09-20 14:33:02,177 [0394b375-5707-4111-b314-9512f0d16dd1-SegmentedRaftLogWorker:Storage Directory /workdir/hadoop-ozone/tools/target/test-dir/MiniOzoneClusterImpl-23b1c32f-a31a-4489-b40e-6d88b61ad76b/datanode-0/data/ratis/353a31d8-5097-4f3c-a551-e8fd7e1351ba] INFO  segmented.SegmentedRaftLogWorker (SegmentedRaftLogWorker.java:execute(569)) - 0394b375-5707-4111-b314-9512f0d16dd1-SegmentedRaftLogWorker:Storage Directory /workdir/hadoop-ozone/tools/target/test-dir/MiniOzoneClusterImpl-23b1c32f-a31a-4489-b40e-6d88b61ad76b/datanode-0/data/ratis/353a31d8-5097-4f3c-a551-e8fd7e1351ba: created new log segment /workdir/hadoop-ozone/tools/target/test-dir/MiniOzoneClusterImpl-23b1c32f-a31a-4489-b40e-6d88b61ad76b/datanode-0/data/ratis/353a31d8-5097-4f3c-a551-e8fd7e1351ba/current/log_inprogress_0
2019-09-20 14:33:02,202 [b36edb1e-3cc0-4b5f-b286-dd1e32c8dec6:group-37AD085FCF07:LeaderElection10] INFO  impl.LeaderElection (LeaderElection.java:askForVotes(181)) - b36edb1e-3cc0-4b5f-b286-dd1e32c8dec6:group-37AD085FCF07:LeaderElection10: begin an election at term 1 for -1: [b36edb1e-3cc0-4b5f-b286-dd1e32c8dec6:192.168.36.99:44289], old=null
2019-09-20 14:33:02,202 [b36edb1e-3cc0-4b5f-b286-dd1e32c8dec6:group-37AD085FCF07:LeaderElection10] INFO  impl.RoleInfo (RoleInfo.java:shutdownLeaderElection(134)) - b36edb1e-3cc0-4b5f-b286-dd1e32c8dec6: shutdown LeaderElection
2019-09-20 14:33:02,203 [b36edb1e-3cc0-4b5f-b286-dd1e32c8dec6:group-37AD085FCF07:LeaderElection10] INFO  impl.RaftServerImpl (RaftServerImpl.java:setRole(171)) - b36edb1e-3cc0-4b5f-b286-dd1e32c8dec6:group-37AD085FCF07 changes role from CANDIDATE to LEADER at term 1 for changeToLeader
2019-09-20 14:33:02,203 [b36edb1e-3cc0-4b5f-b286-dd1e32c8dec6:group-37AD085FCF07:LeaderElection10] INFO  impl.RaftServerImpl (ServerState.java:setLeader(263)) - b36edb1e-3cc0-4b5f-b286-dd1e32c8dec6:group-37AD085FCF07 change Leader from null to b36edb1e-3cc0-4b5f-b286-dd1e32c8dec6 at term 1 for becomeLeader, leader elected after 5128ms
2019-09-20 14:33:02,203 [b36edb1e-3cc0-4b5f-b286-dd1e32c8dec6:group-37AD085FCF07:LeaderElection10] INFO  server.RaftServerConfigKeys (ConfUtils.java:logGet(43)) - raft.server.staging.catchup.gap = 1000 (default)
2019-09-20 14:33:02,203 [b36edb1e-3cc0-4b5f-b286-dd1e32c8dec6:group-37AD085FCF07:LeaderElection10] INFO  server.RaftServerConfigKeys (ConfUtils.java:logGet(43)) - raft.server.rpc.sleep.time = 25ms (default)
2019-09-20 14:33:02,203 [b36edb1e-3cc0-4b5f-b286-dd1e32c8dec6:group-37AD085FCF07:LeaderElection10] INFO  server.RaftServerConfigKeys (ConfUtils.java:logGet(43)) - raft.server.write.element-limit = 4096 (default)
2019-09-20 14:33:02,204 [b36edb1e-3cc0-4b5f-b286-dd1e32c8dec6:group-37AD085FCF07:LeaderElection10] INFO  server.RaftServerConfigKeys (ConfUtils.java:logGet(43)) - raft.server.watch.timeout = 10s (default)
2019-09-20 14:33:02,204 [b36edb1e-3cc0-4b5f-b286-dd1e32c8dec6:group-37AD085FCF07:LeaderElection10] INFO  server.RaftServerConfigKeys (ConfUtils.java:logGet(43)) - raft.server.watch.timeout.denomination = 1s (default)
2019-09-20 14:33:02,204 [b36edb1e-3cc0-4b5f-b286-dd1e32c8dec6:group-37AD085FCF07:LeaderElection10] INFO  server.RaftServerConfigKeys (ConfUtils.java:logGet(43)) - raft.server.watch.element-limit = 65536 (default)
2019-09-20 14:33:02,204 [b36edb1e-3cc0-4b5f-b286-dd1e32c8dec6:group-37AD085FCF07:LeaderElection10] INFO  impl.RoleInfo (RoleInfo.java:updateAndGet(143)) - b36edb1e-3cc0-4b5f-b286-dd1e32c8dec6: start LeaderState
2019-09-20 14:33:02,205 [b36edb1e-3cc0-4b5f-b286-dd1e32c8dec6:group-37AD085FCF07:LeaderElection10] INFO  segmented.SegmentedRaftLogWorker (SegmentedRaftLogWorker.java:startLogSegment(380)) - b36edb1e-3cc0-4b5f-b286-dd1e32c8dec6-SegmentedRaftLogWorker:Storage Directory /workdir/hadoop-ozone/tools/target/test-dir/MiniOzoneClusterImpl-23b1c32f-a31a-4489-b40e-6d88b61ad76b/datanode-2/data/ratis/6bc7e9a8-3ee8-4e98-aa86-37ad085fcf07: Starting segment from index:0
2019-09-20 14:33:02,206 [b36edb1e-3cc0-4b5f-b286-dd1e32c8dec6:group-37AD085FCF07:LeaderElection10] INFO  impl.RaftServerImpl (ServerState.java:setRaftConf(361)) - b36edb1e-3cc0-4b5f-b286-dd1e32c8dec6:group-37AD085FCF07 set configuration 0: [b36edb1e-3cc0-4b5f-b286-dd1e32c8dec6:192.168.36.99:44289], old=null at 0
2019-09-20 14:33:02,242 [Thread-215] INFO  impl.FollowerState (FollowerState.java:run(106)) - 0394b375-5707-4111-b314-9512f0d16dd1:group-ECB77087CE51 changes to CANDIDATE, lastRpcTime:5086, electionTimeout:5086ms
2019-09-20 14:33:02,244 [Thread-215] INFO  impl.RoleInfo (RoleInfo.java:shutdownFollowerState(121)) - 0394b375-5707-4111-b314-9512f0d16dd1: shutdown FollowerState
2019-09-20 14:33:02,244 [Thread-215] INFO  impl.RaftServerImpl (RaftServerImpl.java:setRole(171)) - 0394b375-5707-4111-b314-9512f0d16dd1:group-ECB77087CE51 changes role from FOLLOWER to CANDIDATE at term 0 for changeToCandidate
2019-09-20 14:33:02,244 [Thread-215] INFO  impl.RoleInfo (RoleInfo.java:updateAndGet(143)) - 0394b375-5707-4111-b314-9512f0d16dd1: start LeaderElection
2019-09-20 14:33:02,274 [Thread-218] INFO  impl.FollowerState (FollowerState.java:run(106)) - b36edb1e-3cc0-4b5f-b286-dd1e32c8dec6:group-248E47544B24 changes to CANDIDATE, lastRpcTime:5054, electionTimeout:5054ms
2019-09-20 14:33:02,275 [Thread-218] INFO  impl.RoleInfo (RoleInfo.java:shutdownFollowerState(121)) - b36edb1e-3cc0-4b5f-b286-dd1e32c8dec6: shutdown FollowerState
2019-09-20 14:33:02,275 [Thread-218] INFO  impl.RaftServerImpl (RaftServerImpl.java:setRole(171)) - b36edb1e-3cc0-4b5f-b286-dd1e32c8dec6:group-248E47544B24 changes role from FOLLOWER to CANDIDATE at term 0 for changeToCandidate
2019-09-20 14:33:02,275 [Thread-218] INFO  impl.RoleInfo (RoleInfo.java:updateAndGet(143)) - b36edb1e-3cc0-4b5f-b286-dd1e32c8dec6: start LeaderElection
2019-09-20 14:33:02,294 [b36edb1e-3cc0-4b5f-b286-dd1e32c8dec6-SegmentedRaftLogWorker:Storage Directory /workdir/hadoop-ozone/tools/target/test-dir/MiniOzoneClusterImpl-23b1c32f-a31a-4489-b40e-6d88b61ad76b/datanode-2/data/ratis/6bc7e9a8-3ee8-4e98-aa86-37ad085fcf07] INFO  segmented.SegmentedRaftLogWorker (SegmentedRaftLogWorker.java:execute(569)) - b36edb1e-3cc0-4b5f-b286-dd1e32c8dec6-SegmentedRaftLogWorker:Storage Directory /workdir/hadoop-ozone/tools/target/test-dir/MiniOzoneClusterImpl-23b1c32f-a31a-4489-b40e-6d88b61ad76b/datanode-2/data/ratis/6bc7e9a8-3ee8-4e98-aa86-37ad085fcf07: created new log segment /workdir/hadoop-ozone/tools/target/test-dir/MiniOzoneClusterImpl-23b1c32f-a31a-4489-b40e-6d88b61ad76b/datanode-2/data/ratis/6bc7e9a8-3ee8-4e98-aa86-37ad085fcf07/current/log_inprogress_0
2019-09-20 14:33:02,294 [0394b375-5707-4111-b314-9512f0d16dd1:group-ECB77087CE51:LeaderElection11] INFO  impl.LeaderElection (LeaderElection.java:askForVotes(181)) - 0394b375-5707-4111-b314-9512f0d16dd1:group-ECB77087CE51:LeaderElection11: begin an election at term 1 for -1: [0394b375-5707-4111-b314-9512f0d16dd1:192.168.36.99:45775], old=null
2019-09-20 14:33:02,295 [0394b375-5707-4111-b314-9512f0d16dd1:group-ECB77087CE51:LeaderElection11] INFO  impl.RoleInfo (RoleInfo.java:shutdownLeaderElection(134)) - 0394b375-5707-4111-b314-9512f0d16dd1: shutdown LeaderElection
2019-09-20 14:33:02,295 [0394b375-5707-4111-b314-9512f0d16dd1:group-ECB77087CE51:LeaderElection11] INFO  impl.RaftServerImpl (RaftServerImpl.java:setRole(171)) - 0394b375-5707-4111-b314-9512f0d16dd1:group-ECB77087CE51 changes role from CANDIDATE to LEADER at term 1 for changeToLeader
2019-09-20 14:33:02,295 [0394b375-5707-4111-b314-9512f0d16dd1:group-ECB77087CE51:LeaderElection11] INFO  impl.RaftServerImpl (ServerState.java:setLeader(263)) - 0394b375-5707-4111-b314-9512f0d16dd1:group-ECB77087CE51 change Leader from null to 0394b375-5707-4111-b314-9512f0d16dd1 at term 1 for becomeLeader, leader elected after 5142ms
2019-09-20 14:33:02,295 [0394b375-5707-4111-b314-9512f0d16dd1:group-ECB77087CE51:LeaderElection11] INFO  server.RaftServerConfigKeys (ConfUtils.java:logGet(43)) - raft.server.staging.catchup.gap = 1000 (default)
2019-09-20 14:33:02,295 [0394b375-5707-4111-b314-9512f0d16dd1:group-ECB77087CE51:LeaderElection11] INFO  server.RaftServerConfigKeys (ConfUtils.java:logGet(43)) - raft.server.rpc.sleep.time = 25ms (default)
2019-09-20 14:33:02,296 [0394b375-5707-4111-b314-9512f0d16dd1:group-ECB77087CE51:LeaderElection11] INFO  server.RaftServerConfigKeys (ConfUtils.java:logGet(43)) - raft.server.write.element-limit = 4096 (default)
2019-09-20 14:33:02,296 [0394b375-5707-4111-b314-9512f0d16dd1:group-ECB77087CE51:LeaderElection11] INFO  server.RaftServerConfigKeys (ConfUtils.java:logGet(43)) - raft.server.watch.timeout = 10s (default)
2019-09-20 14:33:02,296 [0394b375-5707-4111-b314-9512f0d16dd1:group-ECB77087CE51:LeaderElection11] INFO  server.RaftServerConfigKeys (ConfUtils.java:logGet(43)) - raft.server.watch.timeout.denomination = 1s (default)
2019-09-20 14:33:02,296 [0394b375-5707-4111-b314-9512f0d16dd1:group-ECB77087CE51:LeaderElection11] INFO  server.RaftServerConfigKeys (ConfUtils.java:logGet(43)) - raft.server.watch.element-limit = 65536 (default)
2019-09-20 14:33:02,297 [0394b375-5707-4111-b314-9512f0d16dd1:group-ECB77087CE51:LeaderElection11] INFO  impl.RoleInfo (RoleInfo.java:updateAndGet(143)) - 0394b375-5707-4111-b314-9512f0d16dd1: start LeaderState
2019-09-20 14:33:02,297 [0394b375-5707-4111-b314-9512f0d16dd1:group-ECB77087CE51:LeaderElection11] INFO  segmented.SegmentedRaftLogWorker (SegmentedRaftLogWorker.java:startLogSegment(380)) - 0394b375-5707-4111-b314-9512f0d16dd1-SegmentedRaftLogWorker:Storage Directory /workdir/hadoop-ozone/tools/target/test-dir/MiniOzoneClusterImpl-23b1c32f-a31a-4489-b40e-6d88b61ad76b/datanode-0/data/ratis/d5c4e965-ea4a-4416-89fc-ecb77087ce51: Starting segment from index:0
2019-09-20 14:33:02,297 [0394b375-5707-4111-b314-9512f0d16dd1:group-ECB77087CE51:LeaderElection11] INFO  impl.RaftServerImpl (ServerState.java:setRaftConf(361)) - 0394b375-5707-4111-b314-9512f0d16dd1:group-ECB77087CE51 set configuration 0: [0394b375-5707-4111-b314-9512f0d16dd1:192.168.36.99:45775], old=null at 0
2019-09-20 14:33:02,353 [b36edb1e-3cc0-4b5f-b286-dd1e32c8dec6:group-248E47544B24:LeaderElection12] INFO  impl.LeaderElection (LeaderElection.java:askForVotes(181)) - b36edb1e-3cc0-4b5f-b286-dd1e32c8dec6:group-248E47544B24:LeaderElection12: begin an election at term 1 for -1: [b36edb1e-3cc0-4b5f-b286-dd1e32c8dec6:192.168.36.99:44289], old=null
2019-09-20 14:33:02,355 [b36edb1e-3cc0-4b5f-b286-dd1e32c8dec6:group-248E47544B24:LeaderElection12] INFO  impl.RoleInfo (RoleInfo.java:shutdownLeaderElection(134)) - b36edb1e-3cc0-4b5f-b286-dd1e32c8dec6: shutdown LeaderElection
2019-09-20 14:33:02,355 [b36edb1e-3cc0-4b5f-b286-dd1e32c8dec6:group-248E47544B24:LeaderElection12] INFO  impl.RaftServerImpl (RaftServerImpl.java:setRole(171)) - b36edb1e-3cc0-4b5f-b286-dd1e32c8dec6:group-248E47544B24 changes role from CANDIDATE to LEADER at term 1 for changeToLeader
2019-09-20 14:33:02,355 [b36edb1e-3cc0-4b5f-b286-dd1e32c8dec6:group-248E47544B24:LeaderElection12] INFO  impl.RaftServerImpl (ServerState.java:setLeader(263)) - b36edb1e-3cc0-4b5f-b286-dd1e32c8dec6:group-248E47544B24 change Leader from null to b36edb1e-3cc0-4b5f-b286-dd1e32c8dec6 at term 1 for becomeLeader, leader elected after 5140ms
2019-09-20 14:33:02,355 [b36edb1e-3cc0-4b5f-b286-dd1e32c8dec6:group-248E47544B24:LeaderElection12] INFO  server.RaftServerConfigKeys (ConfUtils.java:logGet(43)) - raft.server.staging.catchup.gap = 1000 (default)
2019-09-20 14:33:02,355 [b36edb1e-3cc0-4b5f-b286-dd1e32c8dec6:group-248E47544B24:LeaderElection12] INFO  server.RaftServerConfigKeys (ConfUtils.java:logGet(43)) - raft.server.rpc.sleep.time = 25ms (default)
2019-09-20 14:33:02,356 [b36edb1e-3cc0-4b5f-b286-dd1e32c8dec6:group-248E47544B24:LeaderElection12] INFO  server.RaftServerConfigKeys (ConfUtils.java:logGet(43)) - raft.server.write.element-limit = 4096 (default)
2019-09-20 14:33:02,356 [b36edb1e-3cc0-4b5f-b286-dd1e32c8dec6:group-248E47544B24:LeaderElection12] INFO  server.RaftServerConfigKeys (ConfUtils.java:logGet(43)) - raft.server.watch.timeout = 10s (default)
2019-09-20 14:33:02,356 [b36edb1e-3cc0-4b5f-b286-dd1e32c8dec6:group-248E47544B24:LeaderElection12] INFO  server.RaftServerConfigKeys (ConfUtils.java:logGet(43)) - raft.server.watch.timeout.denomination = 1s (default)
2019-09-20 14:33:02,356 [b36edb1e-3cc0-4b5f-b286-dd1e32c8dec6:group-248E47544B24:LeaderElection12] INFO  server.RaftServerConfigKeys (ConfUtils.java:logGet(43)) - raft.server.watch.element-limit = 65536 (default)
2019-09-20 14:33:02,357 [b36edb1e-3cc0-4b5f-b286-dd1e32c8dec6:group-248E47544B24:LeaderElection12] INFO  impl.RoleInfo (RoleInfo.java:updateAndGet(143)) - b36edb1e-3cc0-4b5f-b286-dd1e32c8dec6: start LeaderState
2019-09-20 14:33:02,357 [b36edb1e-3cc0-4b5f-b286-dd1e32c8dec6:group-248E47544B24:LeaderElection12] INFO  segmented.SegmentedRaftLogWorker (SegmentedRaftLogWorker.java:startLogSegment(380)) - b36edb1e-3cc0-4b5f-b286-dd1e32c8dec6-SegmentedRaftLogWorker:Storage Directory /workdir/hadoop-ozone/tools/target/test-dir/MiniOzoneClusterImpl-23b1c32f-a31a-4489-b40e-6d88b61ad76b/datanode-2/data/ratis/6308bdfd-661c-4c61-a1da-248e47544b24: Starting segment from index:0
2019-09-20 14:33:02,358 [b36edb1e-3cc0-4b5f-b286-dd1e32c8dec6:group-248E47544B24:LeaderElection12] INFO  impl.RaftServerImpl (ServerState.java:setRaftConf(361)) - b36edb1e-3cc0-4b5f-b286-dd1e32c8dec6:group-248E47544B24 set configuration 0: [b36edb1e-3cc0-4b5f-b286-dd1e32c8dec6:192.168.36.99:44289], old=null at 0
2019-09-20 14:33:02,396 [Thread-221] INFO  impl.FollowerState (FollowerState.java:run(106)) - 7cf0c8ed-5ec1-4ccf-8169-28a1425388dc:group-137766437477 changes to CANDIDATE, lastRpcTime:5104, electionTimeout:5077ms
2019-09-20 14:33:02,396 [0394b375-5707-4111-b314-9512f0d16dd1-SegmentedRaftLogWorker:Storage Directory /workdir/hadoop-ozone/tools/target/test-dir/MiniOzoneClusterImpl-23b1c32f-a31a-4489-b40e-6d88b61ad76b/datanode-0/data/ratis/d5c4e965-ea4a-4416-89fc-ecb77087ce51] INFO  segmented.SegmentedRaftLogWorker (SegmentedRaftLogWorker.java:execute(569)) - 0394b375-5707-4111-b314-9512f0d16dd1-SegmentedRaftLogWorker:Storage Directory /workdir/hadoop-ozone/tools/target/test-dir/MiniOzoneClusterImpl-23b1c32f-a31a-4489-b40e-6d88b61ad76b/datanode-0/data/ratis/d5c4e965-ea4a-4416-89fc-ecb77087ce51: created new log segment /workdir/hadoop-ozone/tools/target/test-dir/MiniOzoneClusterImpl-23b1c32f-a31a-4489-b40e-6d88b61ad76b/datanode-0/data/ratis/d5c4e965-ea4a-4416-89fc-ecb77087ce51/current/log_inprogress_0
2019-09-20 14:33:02,396 [Thread-221] INFO  impl.RoleInfo (RoleInfo.java:shutdownFollowerState(121)) - 7cf0c8ed-5ec1-4ccf-8169-28a1425388dc: shutdown FollowerState
2019-09-20 14:33:02,396 [Thread-221] INFO  impl.RaftServerImpl (RaftServerImpl.java:setRole(171)) - 7cf0c8ed-5ec1-4ccf-8169-28a1425388dc:group-137766437477 changes role from FOLLOWER to CANDIDATE at term 0 for changeToCandidate
2019-09-20 14:33:02,397 [Thread-221] INFO  impl.RoleInfo (RoleInfo.java:updateAndGet(143)) - 7cf0c8ed-5ec1-4ccf-8169-28a1425388dc: start LeaderElection
2019-09-20 14:33:02,420 [b36edb1e-3cc0-4b5f-b286-dd1e32c8dec6-SegmentedRaftLogWorker:Storage Directory /workdir/hadoop-ozone/tools/target/test-dir/MiniOzoneClusterImpl-23b1c32f-a31a-4489-b40e-6d88b61ad76b/datanode-2/data/ratis/6308bdfd-661c-4c61-a1da-248e47544b24] INFO  segmented.SegmentedRaftLogWorker (SegmentedRaftLogWorker.java:execute(569)) - b36edb1e-3cc0-4b5f-b286-dd1e32c8dec6-SegmentedRaftLogWorker:Storage Directory /workdir/hadoop-ozone/tools/target/test-dir/MiniOzoneClusterImpl-23b1c32f-a31a-4489-b40e-6d88b61ad76b/datanode-2/data/ratis/6308bdfd-661c-4c61-a1da-248e47544b24: created new log segment /workdir/hadoop-ozone/tools/target/test-dir/MiniOzoneClusterImpl-23b1c32f-a31a-4489-b40e-6d88b61ad76b/datanode-2/data/ratis/6308bdfd-661c-4c61-a1da-248e47544b24/current/log_inprogress_0
2019-09-20 14:33:02,421 [7cf0c8ed-5ec1-4ccf-8169-28a1425388dc:group-137766437477:LeaderElection13] INFO  impl.LeaderElection (LeaderElection.java:askForVotes(181)) - 7cf0c8ed-5ec1-4ccf-8169-28a1425388dc:group-137766437477:LeaderElection13: begin an election at term 1 for -1: [7cf0c8ed-5ec1-4ccf-8169-28a1425388dc:192.168.36.99:36950], old=null
2019-09-20 14:33:02,422 [7cf0c8ed-5ec1-4ccf-8169-28a1425388dc:group-137766437477:LeaderElection13] INFO  impl.RoleInfo (RoleInfo.java:shutdownLeaderElection(134)) - 7cf0c8ed-5ec1-4ccf-8169-28a1425388dc: shutdown LeaderElection
2019-09-20 14:33:02,422 [7cf0c8ed-5ec1-4ccf-8169-28a1425388dc:group-137766437477:LeaderElection13] INFO  impl.RaftServerImpl (RaftServerImpl.java:setRole(171)) - 7cf0c8ed-5ec1-4ccf-8169-28a1425388dc:group-137766437477 changes role from CANDIDATE to LEADER at term 1 for changeToLeader
2019-09-20 14:33:02,422 [7cf0c8ed-5ec1-4ccf-8169-28a1425388dc:group-137766437477:LeaderElection13] INFO  impl.RaftServerImpl (ServerState.java:setLeader(263)) - 7cf0c8ed-5ec1-4ccf-8169-28a1425388dc:group-137766437477 change Leader from null to 7cf0c8ed-5ec1-4ccf-8169-28a1425388dc at term 1 for becomeLeader, leader elected after 5134ms
2019-09-20 14:33:02,422 [7cf0c8ed-5ec1-4ccf-8169-28a1425388dc:group-137766437477:LeaderElection13] INFO  server.RaftServerConfigKeys (ConfUtils.java:logGet(43)) - raft.server.staging.catchup.gap = 1000 (default)
2019-09-20 14:33:02,423 [7cf0c8ed-5ec1-4ccf-8169-28a1425388dc:group-137766437477:LeaderElection13] INFO  server.RaftServerConfigKeys (ConfUtils.java:logGet(43)) - raft.server.rpc.sleep.time = 25ms (default)
2019-09-20 14:33:02,423 [7cf0c8ed-5ec1-4ccf-8169-28a1425388dc:group-137766437477:LeaderElection13] INFO  server.RaftServerConfigKeys (ConfUtils.java:logGet(43)) - raft.server.write.element-limit = 4096 (default)
2019-09-20 14:33:02,423 [7cf0c8ed-5ec1-4ccf-8169-28a1425388dc:group-137766437477:LeaderElection13] INFO  server.RaftServerConfigKeys (ConfUtils.java:logGet(43)) - raft.server.watch.timeout = 10s (default)
2019-09-20 14:33:02,423 [7cf0c8ed-5ec1-4ccf-8169-28a1425388dc:group-137766437477:LeaderElection13] INFO  server.RaftServerConfigKeys (ConfUtils.java:logGet(43)) - raft.server.watch.timeout.denomination = 1s (default)
2019-09-20 14:33:02,424 [7cf0c8ed-5ec1-4ccf-8169-28a1425388dc:group-137766437477:LeaderElection13] INFO  server.RaftServerConfigKeys (ConfUtils.java:logGet(43)) - raft.server.watch.element-limit = 65536 (default)
2019-09-20 14:33:02,424 [7cf0c8ed-5ec1-4ccf-8169-28a1425388dc:group-137766437477:LeaderElection13] INFO  impl.RoleInfo (RoleInfo.java:updateAndGet(143)) - 7cf0c8ed-5ec1-4ccf-8169-28a1425388dc: start LeaderState
2019-09-20 14:33:02,424 [7cf0c8ed-5ec1-4ccf-8169-28a1425388dc:group-137766437477:LeaderElection13] INFO  segmented.SegmentedRaftLogWorker (SegmentedRaftLogWorker.java:startLogSegment(380)) - 7cf0c8ed-5ec1-4ccf-8169-28a1425388dc-SegmentedRaftLogWorker:Storage Directory /workdir/hadoop-ozone/tools/target/test-dir/MiniOzoneClusterImpl-23b1c32f-a31a-4489-b40e-6d88b61ad76b/datanode-1/data/ratis/2903197d-0e7a-430f-8842-137766437477: Starting segment from index:0
2019-09-20 14:33:02,425 [7cf0c8ed-5ec1-4ccf-8169-28a1425388dc:group-137766437477:LeaderElection13] INFO  impl.RaftServerImpl (ServerState.java:setRaftConf(361)) - 7cf0c8ed-5ec1-4ccf-8169-28a1425388dc:group-137766437477 set configuration 0: [7cf0c8ed-5ec1-4ccf-8169-28a1425388dc:192.168.36.99:36950], old=null at 0
2019-09-20 14:33:02,475 | INFO  | SCMAudit | user=jenkins1000 | ip=192.168.36.99 | op=SEND_HEARTBEAT {datanodeUUID=b36edb1e-3cc0-4b5f-b286-dd1e32c8dec6, command=[]} | ret=SUCCESS |  
2019-09-20 14:33:02,488 [7cf0c8ed-5ec1-4ccf-8169-28a1425388dc-SegmentedRaftLogWorker:Storage Directory /workdir/hadoop-ozone/tools/target/test-dir/MiniOzoneClusterImpl-23b1c32f-a31a-4489-b40e-6d88b61ad76b/datanode-1/data/ratis/2903197d-0e7a-430f-8842-137766437477] INFO  segmented.SegmentedRaftLogWorker (SegmentedRaftLogWorker.java:execute(569)) - 7cf0c8ed-5ec1-4ccf-8169-28a1425388dc-SegmentedRaftLogWorker:Storage Directory /workdir/hadoop-ozone/tools/target/test-dir/MiniOzoneClusterImpl-23b1c32f-a31a-4489-b40e-6d88b61ad76b/datanode-1/data/ratis/2903197d-0e7a-430f-8842-137766437477: created new log segment /workdir/hadoop-ozone/tools/target/test-dir/MiniOzoneClusterImpl-23b1c32f-a31a-4489-b40e-6d88b61ad76b/datanode-1/data/ratis/2903197d-0e7a-430f-8842-137766437477/current/log_inprogress_0
2019-09-20 14:33:02,492 [Thread-227] INFO  impl.FollowerState (FollowerState.java:run(106)) - b36edb1e-3cc0-4b5f-b286-dd1e32c8dec6:group-90F76832D029 changes to CANDIDATE, lastRpcTime:5045, electionTimeout:5045ms
2019-09-20 14:33:02,492 [Thread-227] INFO  impl.RoleInfo (RoleInfo.java:shutdownFollowerState(121)) - b36edb1e-3cc0-4b5f-b286-dd1e32c8dec6: shutdown FollowerState
2019-09-20 14:33:02,492 [Thread-227] INFO  impl.RaftServerImpl (RaftServerImpl.java:setRole(171)) - b36edb1e-3cc0-4b5f-b286-dd1e32c8dec6:group-90F76832D029 changes role from FOLLOWER to CANDIDATE at term 0 for changeToCandidate
2019-09-20 14:33:02,493 [Thread-227] INFO  impl.RoleInfo (RoleInfo.java:updateAndGet(143)) - b36edb1e-3cc0-4b5f-b286-dd1e32c8dec6: start LeaderElection
2019-09-20 14:33:02,513 [b36edb1e-3cc0-4b5f-b286-dd1e32c8dec6:group-90F76832D029:LeaderElection14] INFO  impl.LeaderElection (LeaderElection.java:askForVotes(181)) - b36edb1e-3cc0-4b5f-b286-dd1e32c8dec6:group-90F76832D029:LeaderElection14: begin an election at term 1 for -1: [b36edb1e-3cc0-4b5f-b286-dd1e32c8dec6:192.168.36.99:44289], old=null
2019-09-20 14:33:02,514 [b36edb1e-3cc0-4b5f-b286-dd1e32c8dec6:group-90F76832D029:LeaderElection14] INFO  impl.RoleInfo (RoleInfo.java:shutdownLeaderElection(134)) - b36edb1e-3cc0-4b5f-b286-dd1e32c8dec6: shutdown LeaderElection
2019-09-20 14:33:02,515 [b36edb1e-3cc0-4b5f-b286-dd1e32c8dec6:group-90F76832D029:LeaderElection14] INFO  impl.RaftServerImpl (RaftServerImpl.java:setRole(171)) - b36edb1e-3cc0-4b5f-b286-dd1e32c8dec6:group-90F76832D029 changes role from CANDIDATE to LEADER at term 1 for changeToLeader
2019-09-20 14:33:02,515 [b36edb1e-3cc0-4b5f-b286-dd1e32c8dec6:group-90F76832D029:LeaderElection14] INFO  impl.RaftServerImpl (ServerState.java:setLeader(263)) - b36edb1e-3cc0-4b5f-b286-dd1e32c8dec6:group-90F76832D029 change Leader from null to b36edb1e-3cc0-4b5f-b286-dd1e32c8dec6 at term 1 for becomeLeader, leader elected after 5072ms
2019-09-20 14:33:02,515 [b36edb1e-3cc0-4b5f-b286-dd1e32c8dec6:group-90F76832D029:LeaderElection14] INFO  server.RaftServerConfigKeys (ConfUtils.java:logGet(43)) - raft.server.staging.catchup.gap = 1000 (default)
2019-09-20 14:33:02,515 [b36edb1e-3cc0-4b5f-b286-dd1e32c8dec6:group-90F76832D029:LeaderElection14] INFO  server.RaftServerConfigKeys (ConfUtils.java:logGet(43)) - raft.server.rpc.sleep.time = 25ms (default)
2019-09-20 14:33:02,515 [b36edb1e-3cc0-4b5f-b286-dd1e32c8dec6:group-90F76832D029:LeaderElection14] INFO  server.RaftServerConfigKeys (ConfUtils.java:logGet(43)) - raft.server.write.element-limit = 4096 (default)
2019-09-20 14:33:02,516 [b36edb1e-3cc0-4b5f-b286-dd1e32c8dec6:group-90F76832D029:LeaderElection14] INFO  server.RaftServerConfigKeys (ConfUtils.java:logGet(43)) - raft.server.watch.timeout = 10s (default)
2019-09-20 14:33:02,516 [b36edb1e-3cc0-4b5f-b286-dd1e32c8dec6:group-90F76832D029:LeaderElection14] INFO  server.RaftServerConfigKeys (ConfUtils.java:logGet(43)) - raft.server.watch.timeout.denomination = 1s (default)
2019-09-20 14:33:02,516 [b36edb1e-3cc0-4b5f-b286-dd1e32c8dec6:group-90F76832D029:LeaderElection14] INFO  server.RaftServerConfigKeys (ConfUtils.java:logGet(43)) - raft.server.watch.element-limit = 65536 (default)
2019-09-20 14:33:02,516 [b36edb1e-3cc0-4b5f-b286-dd1e32c8dec6:group-90F76832D029:LeaderElection14] INFO  impl.RoleInfo (RoleInfo.java:updateAndGet(143)) - b36edb1e-3cc0-4b5f-b286-dd1e32c8dec6: start LeaderState
2019-09-20 14:33:02,517 [b36edb1e-3cc0-4b5f-b286-dd1e32c8dec6:group-90F76832D029:LeaderElection14] INFO  segmented.SegmentedRaftLogWorker (SegmentedRaftLogWorker.java:startLogSegment(380)) - b36edb1e-3cc0-4b5f-b286-dd1e32c8dec6-SegmentedRaftLogWorker:Storage Directory /workdir/hadoop-ozone/tools/target/test-dir/MiniOzoneClusterImpl-23b1c32f-a31a-4489-b40e-6d88b61ad76b/datanode-2/data/ratis/9903b9a6-a23b-4c4f-8405-90f76832d029: Starting segment from index:0
2019-09-20 14:33:02,518 [b36edb1e-3cc0-4b5f-b286-dd1e32c8dec6:group-90F76832D029:LeaderElection14] INFO  impl.RaftServerImpl (ServerState.java:setRaftConf(361)) - b36edb1e-3cc0-4b5f-b286-dd1e32c8dec6:group-90F76832D029 set configuration 0: [b36edb1e-3cc0-4b5f-b286-dd1e32c8dec6:192.168.36.99:44289], old=null at 0
2019-09-20 14:33:02,555 [Thread-224] INFO  impl.FollowerState (FollowerState.java:run(106)) - 7cf0c8ed-5ec1-4ccf-8169-28a1425388dc:group-6E8A77502BB8 changes to CANDIDATE, lastRpcTime:5173, electionTimeout:5165ms
2019-09-20 14:33:02,555 [Thread-224] INFO  impl.RoleInfo (RoleInfo.java:shutdownFollowerState(121)) - 7cf0c8ed-5ec1-4ccf-8169-28a1425388dc: shutdown FollowerState
2019-09-20 14:33:02,555 [Thread-224] INFO  impl.RaftServerImpl (RaftServerImpl.java:setRole(171)) - 7cf0c8ed-5ec1-4ccf-8169-28a1425388dc:group-6E8A77502BB8 changes role from FOLLOWER to CANDIDATE at term 0 for changeToCandidate
2019-09-20 14:33:02,556 [Thread-224] INFO  impl.RoleInfo (RoleInfo.java:updateAndGet(143)) - 7cf0c8ed-5ec1-4ccf-8169-28a1425388dc: start LeaderElection
2019-09-20 14:33:02,576 [Thread-230] INFO  impl.FollowerState (FollowerState.java:run(106)) - 7cf0c8ed-5ec1-4ccf-8169-28a1425388dc:group-2EAA8AA1249F changes to CANDIDATE, lastRpcTime:5059, electionTimeout:5059ms
2019-09-20 14:33:02,576 [Thread-230] INFO  impl.RoleInfo (RoleInfo.java:shutdownFollowerState(121)) - 7cf0c8ed-5ec1-4ccf-8169-28a1425388dc: shutdown FollowerState
2019-09-20 14:33:02,576 [Thread-230] INFO  impl.RaftServerImpl (RaftServerImpl.java:setRole(171)) - 7cf0c8ed-5ec1-4ccf-8169-28a1425388dc:group-2EAA8AA1249F changes role from FOLLOWER to CANDIDATE at term 0 for changeToCandidate
2019-09-20 14:33:02,576 [Thread-230] INFO  impl.RoleInfo (RoleInfo.java:updateAndGet(143)) - 7cf0c8ed-5ec1-4ccf-8169-28a1425388dc: start LeaderElection
2019-09-20 14:33:02,588 [b36edb1e-3cc0-4b5f-b286-dd1e32c8dec6-SegmentedRaftLogWorker:Storage Directory /workdir/hadoop-ozone/tools/target/test-dir/MiniOzoneClusterImpl-23b1c32f-a31a-4489-b40e-6d88b61ad76b/datanode-2/data/ratis/9903b9a6-a23b-4c4f-8405-90f76832d029] INFO  segmented.SegmentedRaftLogWorker (SegmentedRaftLogWorker.java:execute(569)) - b36edb1e-3cc0-4b5f-b286-dd1e32c8dec6-SegmentedRaftLogWorker:Storage Directory /workdir/hadoop-ozone/tools/target/test-dir/MiniOzoneClusterImpl-23b1c32f-a31a-4489-b40e-6d88b61ad76b/datanode-2/data/ratis/9903b9a6-a23b-4c4f-8405-90f76832d029: created new log segment /workdir/hadoop-ozone/tools/target/test-dir/MiniOzoneClusterImpl-23b1c32f-a31a-4489-b40e-6d88b61ad76b/datanode-2/data/ratis/9903b9a6-a23b-4c4f-8405-90f76832d029/current/log_inprogress_0
2019-09-20 14:33:02,589 [7cf0c8ed-5ec1-4ccf-8169-28a1425388dc:group-6E8A77502BB8:LeaderElection15] INFO  impl.LeaderElection (LeaderElection.java:askForVotes(181)) - 7cf0c8ed-5ec1-4ccf-8169-28a1425388dc:group-6E8A77502BB8:LeaderElection15: begin an election at term 1 for -1: [7cf0c8ed-5ec1-4ccf-8169-28a1425388dc:192.168.36.99:36950], old=null
2019-09-20 14:33:02,589 [7cf0c8ed-5ec1-4ccf-8169-28a1425388dc:group-6E8A77502BB8:LeaderElection15] INFO  impl.RoleInfo (RoleInfo.java:shutdownLeaderElection(134)) - 7cf0c8ed-5ec1-4ccf-8169-28a1425388dc: shutdown LeaderElection
2019-09-20 14:33:02,589 [7cf0c8ed-5ec1-4ccf-8169-28a1425388dc:group-6E8A77502BB8:LeaderElection15] INFO  impl.RaftServerImpl (RaftServerImpl.java:setRole(171)) - 7cf0c8ed-5ec1-4ccf-8169-28a1425388dc:group-6E8A77502BB8 changes role from CANDIDATE to LEADER at term 1 for changeToLeader
2019-09-20 14:33:02,589 [7cf0c8ed-5ec1-4ccf-8169-28a1425388dc:group-6E8A77502BB8:LeaderElection15] INFO  impl.RaftServerImpl (ServerState.java:setLeader(263)) - 7cf0c8ed-5ec1-4ccf-8169-28a1425388dc:group-6E8A77502BB8 change Leader from null to 7cf0c8ed-5ec1-4ccf-8169-28a1425388dc at term 1 for becomeLeader, leader elected after 5211ms
2019-09-20 14:33:02,589 [7cf0c8ed-5ec1-4ccf-8169-28a1425388dc:group-6E8A77502BB8:LeaderElection15] INFO  server.RaftServerConfigKeys (ConfUtils.java:logGet(43)) - raft.server.staging.catchup.gap = 1000 (default)
2019-09-20 14:33:02,590 [7cf0c8ed-5ec1-4ccf-8169-28a1425388dc:group-6E8A77502BB8:LeaderElection15] INFO  server.RaftServerConfigKeys (ConfUtils.java:logGet(43)) - raft.server.rpc.sleep.time = 25ms (default)
2019-09-20 14:33:02,590 [7cf0c8ed-5ec1-4ccf-8169-28a1425388dc:group-6E8A77502BB8:LeaderElection15] INFO  server.RaftServerConfigKeys (ConfUtils.java:logGet(43)) - raft.server.write.element-limit = 4096 (default)
2019-09-20 14:33:02,590 [7cf0c8ed-5ec1-4ccf-8169-28a1425388dc:group-6E8A77502BB8:LeaderElection15] INFO  server.RaftServerConfigKeys (ConfUtils.java:logGet(43)) - raft.server.watch.timeout = 10s (default)
2019-09-20 14:33:02,590 [7cf0c8ed-5ec1-4ccf-8169-28a1425388dc:group-6E8A77502BB8:LeaderElection15] INFO  server.RaftServerConfigKeys (ConfUtils.java:logGet(43)) - raft.server.watch.timeout.denomination = 1s (default)
2019-09-20 14:33:02,591 [7cf0c8ed-5ec1-4ccf-8169-28a1425388dc:group-6E8A77502BB8:LeaderElection15] INFO  server.RaftServerConfigKeys (ConfUtils.java:logGet(43)) - raft.server.watch.element-limit = 65536 (default)
2019-09-20 14:33:02,591 [7cf0c8ed-5ec1-4ccf-8169-28a1425388dc:group-6E8A77502BB8:LeaderElection15] INFO  impl.RoleInfo (RoleInfo.java:updateAndGet(143)) - 7cf0c8ed-5ec1-4ccf-8169-28a1425388dc: start LeaderState
2019-09-20 14:33:02,591 [7cf0c8ed-5ec1-4ccf-8169-28a1425388dc:group-6E8A77502BB8:LeaderElection15] INFO  segmented.SegmentedRaftLogWorker (SegmentedRaftLogWorker.java:startLogSegment(380)) - 7cf0c8ed-5ec1-4ccf-8169-28a1425388dc-SegmentedRaftLogWorker:Storage Directory /workdir/hadoop-ozone/tools/target/test-dir/MiniOzoneClusterImpl-23b1c32f-a31a-4489-b40e-6d88b61ad76b/datanode-1/data/ratis/a861c0bd-af32-4186-8a62-6e8a77502bb8: Starting segment from index:0
2019-09-20 14:33:02,592 [7cf0c8ed-5ec1-4ccf-8169-28a1425388dc:group-6E8A77502BB8:LeaderElection15] INFO  impl.RaftServerImpl (ServerState.java:setRaftConf(361)) - 7cf0c8ed-5ec1-4ccf-8169-28a1425388dc:group-6E8A77502BB8 set configuration 0: [7cf0c8ed-5ec1-4ccf-8169-28a1425388dc:192.168.36.99:36950], old=null at 0
2019-09-20 14:33:02,606 [7cf0c8ed-5ec1-4ccf-8169-28a1425388dc:group-2EAA8AA1249F:LeaderElection16] INFO  impl.LeaderElection (LeaderElection.java:askForVotes(181)) - 7cf0c8ed-5ec1-4ccf-8169-28a1425388dc:group-2EAA8AA1249F:LeaderElection16: begin an election at term 1 for -1: [7cf0c8ed-5ec1-4ccf-8169-28a1425388dc:192.168.36.99:36950], old=null
2019-09-20 14:33:02,636 [7cf0c8ed-5ec1-4ccf-8169-28a1425388dc:group-2EAA8AA1249F:LeaderElection16] INFO  impl.RoleInfo (RoleInfo.java:shutdownLeaderElection(134)) - 7cf0c8ed-5ec1-4ccf-8169-28a1425388dc: shutdown LeaderElection
2019-09-20 14:33:02,637 [7cf0c8ed-5ec1-4ccf-8169-28a1425388dc:group-2EAA8AA1249F:LeaderElection16] INFO  impl.RaftServerImpl (RaftServerImpl.java:setRole(171)) - 7cf0c8ed-5ec1-4ccf-8169-28a1425388dc:group-2EAA8AA1249F changes role from CANDIDATE to LEADER at term 1 for changeToLeader
2019-09-20 14:33:02,637 [7cf0c8ed-5ec1-4ccf-8169-28a1425388dc:group-2EAA8AA1249F:LeaderElection16] INFO  impl.RaftServerImpl (ServerState.java:setLeader(263)) - 7cf0c8ed-5ec1-4ccf-8169-28a1425388dc:group-2EAA8AA1249F change Leader from null to 7cf0c8ed-5ec1-4ccf-8169-28a1425388dc at term 1 for becomeLeader, leader elected after 5125ms
2019-09-20 14:33:02,637 [7cf0c8ed-5ec1-4ccf-8169-28a1425388dc:group-2EAA8AA1249F:LeaderElection16] INFO  server.RaftServerConfigKeys (ConfUtils.java:logGet(43)) - raft.server.staging.catchup.gap = 1000 (default)
2019-09-20 14:33:02,637 [7cf0c8ed-5ec1-4ccf-8169-28a1425388dc:group-2EAA8AA1249F:LeaderElection16] INFO  server.RaftServerConfigKeys (ConfUtils.java:logGet(43)) - raft.server.rpc.sleep.time = 25ms (default)
2019-09-20 14:33:02,638 [7cf0c8ed-5ec1-4ccf-8169-28a1425388dc:group-2EAA8AA1249F:LeaderElection16] INFO  server.RaftServerConfigKeys (ConfUtils.java:logGet(43)) - raft.server.write.element-limit = 4096 (default)
2019-09-20 14:33:02,638 [7cf0c8ed-5ec1-4ccf-8169-28a1425388dc:group-2EAA8AA1249F:LeaderElection16] INFO  server.RaftServerConfigKeys (ConfUtils.java:logGet(43)) - raft.server.watch.timeout = 10s (default)
2019-09-20 14:33:02,638 [7cf0c8ed-5ec1-4ccf-8169-28a1425388dc:group-2EAA8AA1249F:LeaderElection16] INFO  server.RaftServerConfigKeys (ConfUtils.java:logGet(43)) - raft.server.watch.timeout.denomination = 1s (default)
2019-09-20 14:33:02,638 [7cf0c8ed-5ec1-4ccf-8169-28a1425388dc:group-2EAA8AA1249F:LeaderElection16] INFO  server.RaftServerConfigKeys (ConfUtils.java:logGet(43)) - raft.server.watch.element-limit = 65536 (default)
2019-09-20 14:33:02,638 [7cf0c8ed-5ec1-4ccf-8169-28a1425388dc:group-2EAA8AA1249F:LeaderElection16] INFO  impl.RoleInfo (RoleInfo.java:updateAndGet(143)) - 7cf0c8ed-5ec1-4ccf-8169-28a1425388dc: start LeaderState
2019-09-20 14:33:02,639 [7cf0c8ed-5ec1-4ccf-8169-28a1425388dc:group-2EAA8AA1249F:LeaderElection16] INFO  segmented.SegmentedRaftLogWorker (SegmentedRaftLogWorker.java:startLogSegment(380)) - 7cf0c8ed-5ec1-4ccf-8169-28a1425388dc-SegmentedRaftLogWorker:Storage Directory /workdir/hadoop-ozone/tools/target/test-dir/MiniOzoneClusterImpl-23b1c32f-a31a-4489-b40e-6d88b61ad76b/datanode-1/data/ratis/0ee46574-5e99-47f3-8473-2eaa8aa1249f: Starting segment from index:0
2019-09-20 14:33:02,639 [7cf0c8ed-5ec1-4ccf-8169-28a1425388dc:group-2EAA8AA1249F:LeaderElection16] INFO  impl.RaftServerImpl (ServerState.java:setRaftConf(361)) - 7cf0c8ed-5ec1-4ccf-8169-28a1425388dc:group-2EAA8AA1249F set configuration 0: [7cf0c8ed-5ec1-4ccf-8169-28a1425388dc:192.168.36.99:36950], old=null at 0
2019-09-20 14:33:02,676 [7cf0c8ed-5ec1-4ccf-8169-28a1425388dc-SegmentedRaftLogWorker:Storage Directory /workdir/hadoop-ozone/tools/target/test-dir/MiniOzoneClusterImpl-23b1c32f-a31a-4489-b40e-6d88b61ad76b/datanode-1/data/ratis/a861c0bd-af32-4186-8a62-6e8a77502bb8] INFO  segmented.SegmentedRaftLogWorker (SegmentedRaftLogWorker.java:execute(569)) - 7cf0c8ed-5ec1-4ccf-8169-28a1425388dc-SegmentedRaftLogWorker:Storage Directory /workdir/hadoop-ozone/tools/target/test-dir/MiniOzoneClusterImpl-23b1c32f-a31a-4489-b40e-6d88b61ad76b/datanode-1/data/ratis/a861c0bd-af32-4186-8a62-6e8a77502bb8: created new log segment /workdir/hadoop-ozone/tools/target/test-dir/MiniOzoneClusterImpl-23b1c32f-a31a-4489-b40e-6d88b61ad76b/datanode-1/data/ratis/a861c0bd-af32-4186-8a62-6e8a77502bb8/current/log_inprogress_0
2019-09-20 14:33:02,689 [7cf0c8ed-5ec1-4ccf-8169-28a1425388dc-SegmentedRaftLogWorker:Storage Directory /workdir/hadoop-ozone/tools/target/test-dir/MiniOzoneClusterImpl-23b1c32f-a31a-4489-b40e-6d88b61ad76b/datanode-1/data/ratis/0ee46574-5e99-47f3-8473-2eaa8aa1249f] INFO  segmented.SegmentedRaftLogWorker (SegmentedRaftLogWorker.java:execute(569)) - 7cf0c8ed-5ec1-4ccf-8169-28a1425388dc-SegmentedRaftLogWorker:Storage Directory /workdir/hadoop-ozone/tools/target/test-dir/MiniOzoneClusterImpl-23b1c32f-a31a-4489-b40e-6d88b61ad76b/datanode-1/data/ratis/0ee46574-5e99-47f3-8473-2eaa8aa1249f: created new log segment /workdir/hadoop-ozone/tools/target/test-dir/MiniOzoneClusterImpl-23b1c32f-a31a-4489-b40e-6d88b61ad76b/datanode-1/data/ratis/0ee46574-5e99-47f3-8473-2eaa8aa1249f/current/log_inprogress_0
2019-09-20 14:33:02,724 [Thread-236] INFO  impl.FollowerState (FollowerState.java:run(106)) - b36edb1e-3cc0-4b5f-b286-dd1e32c8dec6:group-A580DFFE2194 changes to CANDIDATE, lastRpcTime:5057, electionTimeout:5057ms
2019-09-20 14:33:02,726 [Thread-236] INFO  impl.RoleInfo (RoleInfo.java:shutdownFollowerState(121)) - b36edb1e-3cc0-4b5f-b286-dd1e32c8dec6: shutdown FollowerState
2019-09-20 14:33:02,726 [Thread-236] INFO  impl.RaftServerImpl (RaftServerImpl.java:setRole(171)) - b36edb1e-3cc0-4b5f-b286-dd1e32c8dec6:group-A580DFFE2194 changes role from FOLLOWER to CANDIDATE at term 0 for changeToCandidate
2019-09-20 14:33:02,726 [Thread-236] INFO  impl.RoleInfo (RoleInfo.java:updateAndGet(143)) - b36edb1e-3cc0-4b5f-b286-dd1e32c8dec6: start LeaderElection
2019-09-20 14:33:02,739 [Thread-233] INFO  impl.FollowerState (FollowerState.java:run(106)) - 7cf0c8ed-5ec1-4ccf-8169-28a1425388dc:group-A8B9F1003409 changes to CANDIDATE, lastRpcTime:5138, electionTimeout:5138ms
2019-09-20 14:33:02,740 [Thread-233] INFO  impl.RoleInfo (RoleInfo.java:shutdownFollowerState(121)) - 7cf0c8ed-5ec1-4ccf-8169-28a1425388dc: shutdown FollowerState
2019-09-20 14:33:02,740 [Thread-233] INFO  impl.RaftServerImpl (RaftServerImpl.java:setRole(171)) - 7cf0c8ed-5ec1-4ccf-8169-28a1425388dc:group-A8B9F1003409 changes role from FOLLOWER to CANDIDATE at term 0 for changeToCandidate
2019-09-20 14:33:02,741 [Thread-233] INFO  impl.RoleInfo (RoleInfo.java:updateAndGet(143)) - 7cf0c8ed-5ec1-4ccf-8169-28a1425388dc: start LeaderElection
2019-09-20 14:33:02,748 [b36edb1e-3cc0-4b5f-b286-dd1e32c8dec6:group-A580DFFE2194:LeaderElection17] INFO  impl.LeaderElection (LeaderElection.java:askForVotes(181)) - b36edb1e-3cc0-4b5f-b286-dd1e32c8dec6:group-A580DFFE2194:LeaderElection17: begin an election at term 1 for -1: [b36edb1e-3cc0-4b5f-b286-dd1e32c8dec6:192.168.36.99:44289], old=null
2019-09-20 14:33:02,748 [b36edb1e-3cc0-4b5f-b286-dd1e32c8dec6:group-A580DFFE2194:LeaderElection17] INFO  impl.RoleInfo (RoleInfo.java:shutdownLeaderElection(134)) - b36edb1e-3cc0-4b5f-b286-dd1e32c8dec6: shutdown LeaderElection
2019-09-20 14:33:02,749 [b36edb1e-3cc0-4b5f-b286-dd1e32c8dec6:group-A580DFFE2194:LeaderElection17] INFO  impl.RaftServerImpl (RaftServerImpl.java:setRole(171)) - b36edb1e-3cc0-4b5f-b286-dd1e32c8dec6:group-A580DFFE2194 changes role from CANDIDATE to LEADER at term 1 for changeToLeader
2019-09-20 14:33:02,749 [b36edb1e-3cc0-4b5f-b286-dd1e32c8dec6:group-A580DFFE2194:LeaderElection17] INFO  impl.RaftServerImpl (ServerState.java:setLeader(263)) - b36edb1e-3cc0-4b5f-b286-dd1e32c8dec6:group-A580DFFE2194 change Leader from null to b36edb1e-3cc0-4b5f-b286-dd1e32c8dec6 at term 1 for becomeLeader, leader elected after 5087ms
2019-09-20 14:33:02,749 [b36edb1e-3cc0-4b5f-b286-dd1e32c8dec6:group-A580DFFE2194:LeaderElection17] INFO  server.RaftServerConfigKeys (ConfUtils.java:logGet(43)) - raft.server.staging.catchup.gap = 1000 (default)
2019-09-20 14:33:02,749 [b36edb1e-3cc0-4b5f-b286-dd1e32c8dec6:group-A580DFFE2194:LeaderElection17] INFO  server.RaftServerConfigKeys (ConfUtils.java:logGet(43)) - raft.server.rpc.sleep.time = 25ms (default)
2019-09-20 14:33:02,749 [b36edb1e-3cc0-4b5f-b286-dd1e32c8dec6:group-A580DFFE2194:LeaderElection17] INFO  server.RaftServerConfigKeys (ConfUtils.java:logGet(43)) - raft.server.write.element-limit = 4096 (default)
2019-09-20 14:33:02,750 [b36edb1e-3cc0-4b5f-b286-dd1e32c8dec6:group-A580DFFE2194:LeaderElection17] INFO  server.RaftServerConfigKeys (ConfUtils.java:logGet(43)) - raft.server.watch.timeout = 10s (default)
2019-09-20 14:33:02,750 [b36edb1e-3cc0-4b5f-b286-dd1e32c8dec6:group-A580DFFE2194:LeaderElection17] INFO  server.RaftServerConfigKeys (ConfUtils.java:logGet(43)) - raft.server.watch.timeout.denomination = 1s (default)
2019-09-20 14:33:02,750 [b36edb1e-3cc0-4b5f-b286-dd1e32c8dec6:group-A580DFFE2194:LeaderElection17] INFO  server.RaftServerConfigKeys (ConfUtils.java:logGet(43)) - raft.server.watch.element-limit = 65536 (default)
2019-09-20 14:33:02,750 [b36edb1e-3cc0-4b5f-b286-dd1e32c8dec6:group-A580DFFE2194:LeaderElection17] INFO  impl.RoleInfo (RoleInfo.java:updateAndGet(143)) - b36edb1e-3cc0-4b5f-b286-dd1e32c8dec6: start LeaderState
2019-09-20 14:33:02,751 [b36edb1e-3cc0-4b5f-b286-dd1e32c8dec6:group-A580DFFE2194:LeaderElection17] INFO  segmented.SegmentedRaftLogWorker (SegmentedRaftLogWorker.java:startLogSegment(380)) - b36edb1e-3cc0-4b5f-b286-dd1e32c8dec6-SegmentedRaftLogWorker:Storage Directory /workdir/hadoop-ozone/tools/target/test-dir/MiniOzoneClusterImpl-23b1c32f-a31a-4489-b40e-6d88b61ad76b/datanode-2/data/ratis/4334432d-dd67-462f-91b6-a580dffe2194: Starting segment from index:0
2019-09-20 14:33:02,751 [b36edb1e-3cc0-4b5f-b286-dd1e32c8dec6:group-A580DFFE2194:LeaderElection17] INFO  impl.RaftServerImpl (ServerState.java:setRaftConf(361)) - b36edb1e-3cc0-4b5f-b286-dd1e32c8dec6:group-A580DFFE2194 set configuration 0: [b36edb1e-3cc0-4b5f-b286-dd1e32c8dec6:192.168.36.99:44289], old=null at 0
2019-09-20 14:33:02,790 [7cf0c8ed-5ec1-4ccf-8169-28a1425388dc:group-A8B9F1003409:LeaderElection18] INFO  impl.LeaderElection (LeaderElection.java:askForVotes(181)) - 7cf0c8ed-5ec1-4ccf-8169-28a1425388dc:group-A8B9F1003409:LeaderElection18: begin an election at term 1 for -1: [7cf0c8ed-5ec1-4ccf-8169-28a1425388dc:192.168.36.99:36950], old=null
2019-09-20 14:33:02,791 [7cf0c8ed-5ec1-4ccf-8169-28a1425388dc:group-A8B9F1003409:LeaderElection18] INFO  impl.RoleInfo (RoleInfo.java:shutdownLeaderElection(134)) - 7cf0c8ed-5ec1-4ccf-8169-28a1425388dc: shutdown LeaderElection
2019-09-20 14:33:02,791 [7cf0c8ed-5ec1-4ccf-8169-28a1425388dc:group-A8B9F1003409:LeaderElection18] INFO  impl.RaftServerImpl (RaftServerImpl.java:setRole(171)) - 7cf0c8ed-5ec1-4ccf-8169-28a1425388dc:group-A8B9F1003409 changes role from CANDIDATE to LEADER at term 1 for changeToLeader
2019-09-20 14:33:02,791 [7cf0c8ed-5ec1-4ccf-8169-28a1425388dc:group-A8B9F1003409:LeaderElection18] INFO  impl.RaftServerImpl (ServerState.java:setLeader(263)) - 7cf0c8ed-5ec1-4ccf-8169-28a1425388dc:group-A8B9F1003409 change Leader from null to 7cf0c8ed-5ec1-4ccf-8169-28a1425388dc at term 1 for becomeLeader, leader elected after 5196ms
2019-09-20 14:33:02,791 [7cf0c8ed-5ec1-4ccf-8169-28a1425388dc:group-A8B9F1003409:LeaderElection18] INFO  server.RaftServerConfigKeys (ConfUtils.java:logGet(43)) - raft.server.staging.catchup.gap = 1000 (default)
2019-09-20 14:33:02,791 [7cf0c8ed-5ec1-4ccf-8169-28a1425388dc:group-A8B9F1003409:LeaderElection18] INFO  server.RaftServerConfigKeys (ConfUtils.java:logGet(43)) - raft.server.rpc.sleep.time = 25ms (default)
2019-09-20 14:33:02,791 [7cf0c8ed-5ec1-4ccf-8169-28a1425388dc:group-A8B9F1003409:LeaderElection18] INFO  server.RaftServerConfigKeys (ConfUtils.java:logGet(43)) - raft.server.write.element-limit = 4096 (default)
2019-09-20 14:33:02,792 [7cf0c8ed-5ec1-4ccf-8169-28a1425388dc:group-A8B9F1003409:LeaderElection18] INFO  server.RaftServerConfigKeys (ConfUtils.java:logGet(43)) - raft.server.watch.timeout = 10s (default)
2019-09-20 14:33:02,792 [7cf0c8ed-5ec1-4ccf-8169-28a1425388dc:group-A8B9F1003409:LeaderElection18] INFO  server.RaftServerConfigKeys (ConfUtils.java:logGet(43)) - raft.server.watch.timeout.denomination = 1s (default)
2019-09-20 14:33:02,792 [7cf0c8ed-5ec1-4ccf-8169-28a1425388dc:group-A8B9F1003409:LeaderElection18] INFO  server.RaftServerConfigKeys (ConfUtils.java:logGet(43)) - raft.server.watch.element-limit = 65536 (default)
2019-09-20 14:33:02,792 [7cf0c8ed-5ec1-4ccf-8169-28a1425388dc:group-A8B9F1003409:LeaderElection18] INFO  impl.RoleInfo (RoleInfo.java:updateAndGet(143)) - 7cf0c8ed-5ec1-4ccf-8169-28a1425388dc: start LeaderState
2019-09-20 14:33:02,792 [7cf0c8ed-5ec1-4ccf-8169-28a1425388dc:group-A8B9F1003409:LeaderElection18] INFO  segmented.SegmentedRaftLogWorker (SegmentedRaftLogWorker.java:startLogSegment(380)) - 7cf0c8ed-5ec1-4ccf-8169-28a1425388dc-SegmentedRaftLogWorker:Storage Directory /workdir/hadoop-ozone/tools/target/test-dir/MiniOzoneClusterImpl-23b1c32f-a31a-4489-b40e-6d88b61ad76b/datanode-1/data/ratis/895486cd-ed47-4ec5-aeb3-a8b9f1003409: Starting segment from index:0
2019-09-20 14:33:02,793 [7cf0c8ed-5ec1-4ccf-8169-28a1425388dc:group-A8B9F1003409:LeaderElection18] INFO  impl.RaftServerImpl (ServerState.java:setRaftConf(361)) - 7cf0c8ed-5ec1-4ccf-8169-28a1425388dc:group-A8B9F1003409 set configuration 0: [7cf0c8ed-5ec1-4ccf-8169-28a1425388dc:192.168.36.99:36950], old=null at 0
2019-09-20 14:33:02,825 [b36edb1e-3cc0-4b5f-b286-dd1e32c8dec6-SegmentedRaftLogWorker:Storage Directory /workdir/hadoop-ozone/tools/target/test-dir/MiniOzoneClusterImpl-23b1c32f-a31a-4489-b40e-6d88b61ad76b/datanode-2/data/ratis/4334432d-dd67-462f-91b6-a580dffe2194] INFO  segmented.SegmentedRaftLogWorker (SegmentedRaftLogWorker.java:execute(569)) - b36edb1e-3cc0-4b5f-b286-dd1e32c8dec6-SegmentedRaftLogWorker:Storage Directory /workdir/hadoop-ozone/tools/target/test-dir/MiniOzoneClusterImpl-23b1c32f-a31a-4489-b40e-6d88b61ad76b/datanode-2/data/ratis/4334432d-dd67-462f-91b6-a580dffe2194: created new log segment /workdir/hadoop-ozone/tools/target/test-dir/MiniOzoneClusterImpl-23b1c32f-a31a-4489-b40e-6d88b61ad76b/datanode-2/data/ratis/4334432d-dd67-462f-91b6-a580dffe2194/current/log_inprogress_0
2019-09-20 14:33:02,841 [7cf0c8ed-5ec1-4ccf-8169-28a1425388dc-SegmentedRaftLogWorker:Storage Directory /workdir/hadoop-ozone/tools/target/test-dir/MiniOzoneClusterImpl-23b1c32f-a31a-4489-b40e-6d88b61ad76b/datanode-1/data/ratis/895486cd-ed47-4ec5-aeb3-a8b9f1003409] INFO  segmented.SegmentedRaftLogWorker (SegmentedRaftLogWorker.java:execute(569)) - 7cf0c8ed-5ec1-4ccf-8169-28a1425388dc-SegmentedRaftLogWorker:Storage Directory /workdir/hadoop-ozone/tools/target/test-dir/MiniOzoneClusterImpl-23b1c32f-a31a-4489-b40e-6d88b61ad76b/datanode-1/data/ratis/895486cd-ed47-4ec5-aeb3-a8b9f1003409: created new log segment /workdir/hadoop-ozone/tools/target/test-dir/MiniOzoneClusterImpl-23b1c32f-a31a-4489-b40e-6d88b61ad76b/datanode-1/data/ratis/895486cd-ed47-4ec5-aeb3-a8b9f1003409/current/log_inprogress_0
2019-09-20 14:33:02,931 | INFO  | SCMAudit | user=jenkins1000 | ip=192.168.36.99 | op=SEND_HEARTBEAT {datanodeUUID=0394b375-5707-4111-b314-9512f0d16dd1, command=[]} | ret=SUCCESS |  
2019-09-20 14:33:03,173 | INFO  | SCMAudit | user=jenkins1000 | ip=192.168.36.99 | op=SEND_HEARTBEAT {datanodeUUID=7cf0c8ed-5ec1-4ccf-8169-28a1425388dc, command=[]} | ret=SUCCESS |  
2019-09-20 14:33:03,475 | INFO  | SCMAudit | user=jenkins1000 | ip=192.168.36.99 | op=SEND_HEARTBEAT {datanodeUUID=b36edb1e-3cc0-4b5f-b286-dd1e32c8dec6, command=[]} | ret=SUCCESS |  
2019-09-20 14:33:03,931 | INFO  | SCMAudit | user=jenkins1000 | ip=192.168.36.99 | op=SEND_HEARTBEAT {datanodeUUID=0394b375-5707-4111-b314-9512f0d16dd1, command=[]} | ret=SUCCESS |  
2019-09-20 14:33:04,172 | INFO  | SCMAudit | user=jenkins1000 | ip=192.168.36.99 | op=SEND_HEARTBEAT {datanodeUUID=7cf0c8ed-5ec1-4ccf-8169-28a1425388dc, command=[]} | ret=SUCCESS |  
2019-09-20 14:33:04,476 | INFO  | SCMAudit | user=jenkins1000 | ip=192.168.36.99 | op=SEND_HEARTBEAT {datanodeUUID=b36edb1e-3cc0-4b5f-b286-dd1e32c8dec6, command=[]} | ret=SUCCESS |  
2019-09-20 14:33:04,930 | INFO  | SCMAudit | user=jenkins1000 | ip=192.168.36.99 | op=SEND_HEARTBEAT {datanodeUUID=0394b375-5707-4111-b314-9512f0d16dd1, command=[]} | ret=SUCCESS |  
2019-09-20 14:33:05,182 | INFO  | SCMAudit | user=jenkins1000 | ip=192.168.36.99 | op=SEND_HEARTBEAT {datanodeUUID=7cf0c8ed-5ec1-4ccf-8169-28a1425388dc, command=[]} | ret=SUCCESS |  
2019-09-20 14:33:05,474 | INFO  | SCMAudit | user=jenkins1000 | ip=192.168.36.99 | op=SEND_HEARTBEAT {datanodeUUID=b36edb1e-3cc0-4b5f-b286-dd1e32c8dec6, command=[]} | ret=SUCCESS |  
2019-09-20 14:33:05,929 | INFO  | SCMAudit | user=jenkins1000 | ip=192.168.36.99 | op=SEND_HEARTBEAT {datanodeUUID=0394b375-5707-4111-b314-9512f0d16dd1, command=[]} | ret=SUCCESS |  
2019-09-20 14:33:06,171 | INFO  | SCMAudit | user=jenkins1000 | ip=192.168.36.99 | op=SEND_HEARTBEAT {datanodeUUID=7cf0c8ed-5ec1-4ccf-8169-28a1425388dc, command=[]} | ret=SUCCESS |  
2019-09-20 14:33:06,474 | INFO  | SCMAudit | user=jenkins1000 | ip=192.168.36.99 | op=SEND_HEARTBEAT {datanodeUUID=b36edb1e-3cc0-4b5f-b286-dd1e32c8dec6, command=[]} | ret=SUCCESS |  
2019-09-20 14:33:06,930 | INFO  | SCMAudit | user=jenkins1000 | ip=192.168.36.99 | op=SEND_HEARTBEAT {datanodeUUID=0394b375-5707-4111-b314-9512f0d16dd1, command=[]} | ret=SUCCESS |  
]]></system-out>
    <system-err><![CDATA[Sep 20, 2019 2:32:49 PM com.sun.jersey.server.impl.application.WebApplicationImpl _initiate
INFO: Initiating Jersey application, version 'Jersey: 1.19 02/11/2015 03:25 AM'
Sep 20, 2019 2:32:51 PM com.sun.jersey.server.impl.application.WebApplicationImpl _initiate
INFO: Initiating Jersey application, version 'Jersey: 1.19 02/11/2015 03:25 AM'
Sep 20, 2019 2:32:51 PM com.sun.jersey.server.impl.application.WebApplicationImpl _initiate
INFO: Initiating Jersey application, version 'Jersey: 1.19 02/11/2015 03:25 AM'
]]></system-err>
  </testcase>
</testsuite>